<?xml version="1.0" encoding="UTF-8"?>
<testsuite xmlns:xsi="http://www.w3.org/2001/XMLSchema-instance" xsi:noNamespaceSchemaLocation="https://maven.apache.org/surefire/maven-surefire-plugin/xsd/surefire-test-report.xsd" name="org.apache.hadoop.ozone.client.rpc.TestWatchForCommit" time="251.18" tests="5" errors="1" skipped="0" failures="0">
  <properties>
    <property name="awt.toolkit" value="sun.awt.X11.XToolkit"/>
    <property name="file.encoding.pkg" value="sun.io"/>
    <property name="java.specification.version" value="1.8"/>
    <property name="sun.cpu.isalist" value=""/>
    <property name="sun.jnu.encoding" value="UTF-8"/>
    <property name="java.class.path" value="/workdir/hadoop-ozone/integration-test/target/test-classes:/workdir/hadoop-ozone/integration-test/target/classes:/home/user/.m2/repository/org/apache/hadoop/hadoop-ozone-common/0.5.0-SNAPSHOT/hadoop-ozone-common-0.5.0-SNAPSHOT.jar:/home/user/.m2/repository/org/apache/commons/commons-compress/1.4.1/commons-compress-1.4.1.jar:/home/user/.m2/repository/org/tukaani/xz/1.0/xz-1.0.jar:/home/user/.m2/repository/org/apache/hadoop/hadoop-common/3.2.0/hadoop-common-3.2.0.jar:/home/user/.m2/repository/org/apache/hadoop/hadoop-hdfs/3.2.0/hadoop-hdfs-3.2.0.jar:/home/user/.m2/repository/org/apache/hadoop/hadoop-hdfs-client/3.2.0/hadoop-hdfs-client-3.2.0.jar:/home/user/.m2/repository/com/fasterxml/jackson/core/jackson-annotations/2.9.9/jackson-annotations-2.9.9.jar:/home/user/.m2/repository/org/apache/hadoop/hadoop-hdds-common/0.5.0-SNAPSHOT/hadoop-hdds-common-0.5.0-SNAPSHOT.jar:/home/user/.m2/repository/javax/annotation/javax.annotation-api/1.2/javax.annotation-api-1.2.jar:/home/user/.m2/repository/org/apache/ratis/ratis-server/0.5.0-201fc85-SNAPSHOT/ratis-server-0.5.0-201fc85-SNAPSHOT.jar:/home/user/.m2/repository/org/apache/ratis/ratis-thirdparty-misc/0.2.0/ratis-thirdparty-misc-0.2.0.jar:/home/user/.m2/repository/org/apache/ratis/ratis-proto/0.5.0-201fc85-SNAPSHOT/ratis-proto-0.5.0-201fc85-SNAPSHOT.jar:/home/user/.m2/repository/org/apache/ratis/ratis-common/0.5.0-201fc85-SNAPSHOT/ratis-common-0.5.0-201fc85-SNAPSHOT.jar:/home/user/.m2/repository/org/apache/ratis/ratis-client/0.5.0-201fc85-SNAPSHOT/ratis-client-0.5.0-201fc85-SNAPSHOT.jar:/home/user/.m2/repository/org/apache/ratis/ratis-metrics/0.5.0-201fc85-SNAPSHOT/ratis-metrics-0.5.0-201fc85-SNAPSHOT.jar:/home/user/.m2/repository/com/github/joshelser/dropwizard-metrics-hadoop-metrics2-reporter/0.1.2/dropwizard-metrics-hadoop-metrics2-reporter-0.1.2.jar:/home/user/.m2/repository/io/dropwizard/metrics/metrics-jvm/3.2.5/metrics-jvm-3.2.5.jar:/home/user/.m2/repository/io/dropwizard/metrics/metrics-ganglia/3.2.5/metrics-ganglia-3.2.5.jar:/home/user/.m2/repository/info/ganglia/gmetric4j/gmetric4j/1.0.7/gmetric4j-1.0.7.jar:/home/user/.m2/repository/org/apache/ratis/ratis-netty/0.5.0-201fc85-SNAPSHOT/ratis-netty-0.5.0-201fc85-SNAPSHOT.jar:/home/user/.m2/repository/org/apache/ratis/ratis-grpc/0.5.0-201fc85-SNAPSHOT/ratis-grpc-0.5.0-201fc85-SNAPSHOT.jar:/home/user/.m2/repository/org/rocksdb/rocksdbjni/6.0.1/rocksdbjni-6.0.1.jar:/home/user/.m2/repository/org/apache/logging/log4j/log4j-api/2.11.0/log4j-api-2.11.0.jar:/home/user/.m2/repository/org/apache/logging/log4j/log4j-core/2.11.0/log4j-core-2.11.0.jar:/home/user/.m2/repository/com/lmax/disruptor/3.4.2/disruptor-3.4.2.jar:/home/user/.m2/repository/org/apache/commons/commons-pool2/2.6.0/commons-pool2-2.6.0.jar:/home/user/.m2/repository/org/bouncycastle/bcpkix-jdk15on/1.60/bcpkix-jdk15on-1.60.jar:/home/user/.m2/repository/commons-validator/commons-validator/1.6/commons-validator-1.6.jar:/home/user/.m2/repository/commons-digester/commons-digester/1.8.1/commons-digester-1.8.1.jar:/home/user/.m2/repository/io/jaegertracing/jaeger-client/0.34.0/jaeger-client-0.34.0.jar:/home/user/.m2/repository/io/jaegertracing/jaeger-thrift/0.34.0/jaeger-thrift-0.34.0.jar:/home/user/.m2/repository/org/apache/thrift/libthrift/0.12.0/libthrift-0.12.0.jar:/home/user/.m2/repository/com/squareup/okhttp3/okhttp/3.9.0/okhttp-3.9.0.jar:/home/user/.m2/repository/com/squareup/okio/okio/1.13.0/okio-1.13.0.jar:/home/user/.m2/repository/io/jaegertracing/jaeger-core/0.34.0/jaeger-core-0.34.0.jar:/home/user/.m2/repository/io/jaegertracing/jaeger-tracerresolver/0.34.0/jaeger-tracerresolver-0.34.0.jar:/home/user/.m2/repository/io/opentracing/contrib/opentracing-tracerresolver/0.1.5/opentracing-tracerresolver-0.1.5.jar:/home/user/.m2/repository/io/opentracing/opentracing-util/0.31.0/opentracing-util-0.31.0.jar:/home/user/.m2/repository/io/opentracing/opentracing-api/0.31.0/opentracing-api-0.31.0.jar:/home/user/.m2/repository/io/opentracing/opentracing-noop/0.31.0/opentracing-noop-0.31.0.jar:/home/user/.m2/repository/org/apache/hadoop/hadoop-hdds-server-framework/0.5.0-SNAPSHOT/hadoop-hdds-server-framework-0.5.0-SNAPSHOT.jar:/home/user/.m2/repository/org/apache/hadoop/hadoop-hdds-container-service/0.5.0-SNAPSHOT/hadoop-hdds-container-service-0.5.0-SNAPSHOT.jar:/home/user/.m2/repository/org/apache/hadoop/hadoop-hdds-client/0.5.0-SNAPSHOT/hadoop-hdds-client-0.5.0-SNAPSHOT.jar:/home/user/.m2/repository/org/apache/hadoop/hadoop-hdds-tools/0.5.0-SNAPSHOT/hadoop-hdds-tools-0.5.0-SNAPSHOT.jar:/home/user/.m2/repository/org/apache/hadoop/hadoop-hdds-server-scm/0.5.0-SNAPSHOT/hadoop-hdds-server-scm-0.5.0-SNAPSHOT.jar:/home/user/.m2/repository/org/apache/hadoop/hadoop-hdds-docs/0.5.0-SNAPSHOT/hadoop-hdds-docs-0.5.0-SNAPSHOT.jar:/home/user/.m2/repository/io/dropwizard/metrics/metrics-core/3.2.4/metrics-core-3.2.4.jar:/home/user/.m2/repository/org/hamcrest/hamcrest-all/1.3/hamcrest-all-1.3.jar:/home/user/.m2/repository/org/bouncycastle/bcprov-jdk15on/1.60/bcprov-jdk15on-1.60.jar:/home/user/.m2/repository/info/picocli/picocli/3.9.6/picocli-3.9.6.jar:/home/user/.m2/repository/com/google/protobuf/protobuf-java/2.5.0/protobuf-java-2.5.0.jar:/home/user/.m2/repository/com/google/guava/guava/11.0.2/guava-11.0.2.jar:/home/user/.m2/repository/org/apache/hadoop/hadoop-ozone-ozone-manager/0.5.0-SNAPSHOT/hadoop-ozone-ozone-manager-0.5.0-SNAPSHOT.jar:/home/user/.m2/repository/org/apache/hadoop/hadoop-minikdc/3.2.0/hadoop-minikdc-3.2.0.jar:/home/user/.m2/repository/commons-io/commons-io/2.5/commons-io-2.5.jar:/home/user/.m2/repository/org/apache/kerby/kerb-simplekdc/1.0.1/kerb-simplekdc-1.0.1.jar:/home/user/.m2/repository/org/apache/kerby/kerb-client/1.0.1/kerb-client-1.0.1.jar:/home/user/.m2/repository/org/apache/kerby/kerby-config/1.0.1/kerby-config-1.0.1.jar:/home/user/.m2/repository/org/apache/kerby/kerb-core/1.0.1/kerb-core-1.0.1.jar:/home/user/.m2/repository/org/apache/kerby/kerby-pkix/1.0.1/kerby-pkix-1.0.1.jar:/home/user/.m2/repository/org/apache/kerby/kerby-asn1/1.0.1/kerby-asn1-1.0.1.jar:/home/user/.m2/repository/org/apache/kerby/kerby-util/1.0.1/kerby-util-1.0.1.jar:/home/user/.m2/repository/org/apache/kerby/kerb-common/1.0.1/kerb-common-1.0.1.jar:/home/user/.m2/repository/org/apache/kerby/kerb-crypto/1.0.1/kerb-crypto-1.0.1.jar:/home/user/.m2/repository/org/apache/kerby/kerb-util/1.0.1/kerb-util-1.0.1.jar:/home/user/.m2/repository/org/apache/kerby/token-provider/1.0.1/token-provider-1.0.1.jar:/home/user/.m2/repository/org/apache/kerby/kerb-admin/1.0.1/kerb-admin-1.0.1.jar:/home/user/.m2/repository/org/apache/kerby/kerb-server/1.0.1/kerb-server-1.0.1.jar:/home/user/.m2/repository/org/apache/kerby/kerb-identity/1.0.1/kerb-identity-1.0.1.jar:/home/user/.m2/repository/org/apache/kerby/kerby-xdr/1.0.1/kerby-xdr-1.0.1.jar:/home/user/.m2/repository/org/slf4j/slf4j-log4j12/1.7.25/slf4j-log4j12-1.7.25.jar:/home/user/.m2/repository/org/apache/hadoop/hadoop-ozone-s3gateway/0.5.0-SNAPSHOT/hadoop-ozone-s3gateway-0.5.0-SNAPSHOT.jar:/home/user/.m2/repository/org/jboss/weld/servlet/weld-servlet/2.4.7.Final/weld-servlet-2.4.7.Final.jar:/home/user/.m2/repository/org/glassfish/jersey/containers/jersey-container-servlet-core/2.27/jersey-container-servlet-core-2.27.jar:/home/user/.m2/repository/org/glassfish/hk2/external/javax.inject/2.5.0-b42/javax.inject-2.5.0-b42.jar:/home/user/.m2/repository/org/glassfish/jersey/core/jersey-common/2.27/jersey-common-2.27.jar:/home/user/.m2/repository/org/glassfish/hk2/osgi-resource-locator/1.0.1/osgi-resource-locator-1.0.1.jar:/home/user/.m2/repository/javax/ws/rs/javax.ws.rs-api/2.1/javax.ws.rs-api-2.1.jar:/home/user/.m2/repository/org/glassfish/jersey/ext/cdi/jersey-cdi1x/2.27/jersey-cdi1x-2.27.jar:/home/user/.m2/repository/org/glassfish/jersey/inject/jersey-hk2/2.27/jersey-hk2-2.27.jar:/home/user/.m2/repository/org/glassfish/hk2/hk2-locator/2.5.0-b42/hk2-locator-2.5.0-b42.jar:/home/user/.m2/repository/org/javassist/javassist/3.22.0-CR2/javassist-3.22.0-CR2.jar:/home/user/.m2/repository/org/glassfish/hk2/hk2-api/2.5.0/hk2-api-2.5.0.jar:/home/user/.m2/repository/org/glassfish/hk2/external/jakarta.inject/2.5.0/jakarta.inject-2.5.0.jar:/home/user/.m2/repository/org/glassfish/hk2/hk2-utils/2.5.0/hk2-utils-2.5.0.jar:/home/user/.m2/repository/jakarta/annotation/jakarta.annotation-api/1.3.4/jakarta.annotation-api-1.3.4.jar:/home/user/.m2/repository/org/glassfish/hk2/external/aopalliance-repackaged/2.5.0/aopalliance-repackaged-2.5.0.jar:/home/user/.m2/repository/com/fasterxml/jackson/dataformat/jackson-dataformat-xml/2.9.0/jackson-dataformat-xml-2.9.0.jar:/home/user/.m2/repository/com/fasterxml/jackson/core/jackson-core/2.9.9/jackson-core-2.9.9.jar:/home/user/.m2/repository/com/fasterxml/jackson/module/jackson-module-jaxb-annotations/2.9.9/jackson-module-jaxb-annotations-2.9.9.jar:/home/user/.m2/repository/javax/enterprise/cdi-api/1.2/cdi-api-1.2.jar:/home/user/.m2/repository/javax/el/javax.el-api/3.0.0/javax.el-api-3.0.0.jar:/home/user/.m2/repository/javax/interceptor/javax.interceptor-api/1.2/javax.interceptor-api-1.2.jar:/home/user/.m2/repository/javax/inject/javax.inject/1/javax.inject-1.jar:/home/user/.m2/repository/com/sun/xml/bind/jaxb-impl/2.3.0.1/jaxb-impl-2.3.0.1.jar:/home/user/.m2/repository/com/sun/xml/bind/jaxb-core/2.3.0.1/jaxb-core-2.3.0.1.jar:/home/user/.m2/repository/javax/xml/bind/jaxb-api/2.3.0/jaxb-api-2.3.0.jar:/home/user/.m2/repository/javax/activation/activation/1.1.1/activation-1.1.1.jar:/home/user/.m2/repository/org/apache/hadoop/hadoop-ozone-csi/0.5.0-SNAPSHOT/hadoop-ozone-csi-0.5.0-SNAPSHOT.jar:/home/user/.m2/repository/com/google/protobuf/protobuf-java-util/3.5.1/protobuf-java-util-3.5.1.jar:/home/user/.m2/repository/org/apache/hadoop/hadoop-hdds-config/0.5.0-SNAPSHOT/hadoop-hdds-config-0.5.0-SNAPSHOT.jar:/home/user/.m2/repository/io/grpc/grpc-netty/1.17.1/grpc-netty-1.17.1.jar:/home/user/.m2/repository/io/grpc/grpc-core/1.17.1/grpc-core-1.17.1.jar:/home/user/.m2/repository/io/grpc/grpc-context/1.17.1/grpc-context-1.17.1.jar:/home/user/.m2/repository/com/google/errorprone/error_prone_annotations/2.2.0/error_prone_annotations-2.2.0.jar:/home/user/.m2/repository/org/codehaus/mojo/animal-sniffer-annotations/1.17/animal-sniffer-annotations-1.17.jar:/home/user/.m2/repository/io/opencensus/opencensus-api/0.17.0/opencensus-api-0.17.0.jar:/home/user/.m2/repository/io/opencensus/opencensus-contrib-grpc-metrics/0.17.0/opencensus-contrib-grpc-metrics-0.17.0.jar:/home/user/.m2/repository/io/netty/netty-codec-http2/4.1.30.Final/netty-codec-http2-4.1.30.Final.jar:/home/user/.m2/repository/io/netty/netty-codec-http/4.1.30.Final/netty-codec-http-4.1.30.Final.jar:/home/user/.m2/repository/io/netty/netty-codec/4.1.30.Final/netty-codec-4.1.30.Final.jar:/home/user/.m2/repository/io/netty/netty-handler/4.1.30.Final/netty-handler-4.1.30.Final.jar:/home/user/.m2/repository/io/netty/netty-handler-proxy/4.1.30.Final/netty-handler-proxy-4.1.30.Final.jar:/home/user/.m2/repository/io/netty/netty-codec-socks/4.1.30.Final/netty-codec-socks-4.1.30.Final.jar:/home/user/.m2/repository/io/netty/netty-transport-native-epoll/4.1.30.Final/netty-transport-native-epoll-4.1.30.Final.jar:/home/user/.m2/repository/io/netty/netty-common/4.1.30.Final/netty-common-4.1.30.Final.jar:/home/user/.m2/repository/io/netty/netty-buffer/4.1.30.Final/netty-buffer-4.1.30.Final.jar:/home/user/.m2/repository/io/netty/netty-transport/4.1.30.Final/netty-transport-4.1.30.Final.jar:/home/user/.m2/repository/io/netty/netty-resolver/4.1.30.Final/netty-resolver-4.1.30.Final.jar:/home/user/.m2/repository/io/netty/netty-transport-native-unix-common/4.1.30.Final/netty-transport-native-unix-common-4.1.30.Final.jar:/home/user/.m2/repository/io/grpc/grpc-protobuf/1.17.1/grpc-protobuf-1.17.1.jar:/home/user/.m2/repository/com/google/api/grpc/proto-google-common-protos/1.0.0/proto-google-common-protos-1.0.0.jar:/home/user/.m2/repository/io/grpc/grpc-protobuf-lite/1.17.1/grpc-protobuf-lite-1.17.1.jar:/home/user/.m2/repository/io/grpc/grpc-stub/1.17.1/grpc-stub-1.17.1.jar:/home/user/.m2/repository/org/apache/hadoop/hadoop-ozone-recon/0.5.0-SNAPSHOT/hadoop-ozone-recon-0.5.0-SNAPSHOT.jar:/home/user/.m2/repository/org/apache/hadoop/hadoop-ozone-reconcodegen/0.5.0-SNAPSHOT/hadoop-ozone-reconcodegen-0.5.0-SNAPSHOT.jar:/home/user/.m2/repository/com/google/inject/extensions/guice-multibindings/4.0/guice-multibindings-4.0.jar:/home/user/.m2/repository/com/google/inject/guice/4.0/guice-4.0.jar:/home/user/.m2/repository/aopalliance/aopalliance/1.0/aopalliance-1.0.jar:/home/user/.m2/repository/com/google/inject/extensions/guice-servlet/4.0/guice-servlet-4.0.jar:/home/user/.m2/repository/org/glassfish/jersey/containers/jersey-container-servlet/2.27/jersey-container-servlet-2.27.jar:/home/user/.m2/repository/org/glassfish/hk2/guice-bridge/2.5.0/guice-bridge-2.5.0.jar:/home/user/.m2/repository/org/glassfish/jersey/core/jersey-server/2.27/jersey-server-2.27.jar:/home/user/.m2/repository/org/glassfish/jersey/core/jersey-client/2.27/jersey-client-2.27.jar:/home/user/.m2/repository/org/glassfish/jersey/media/jersey-media-jaxb/2.27/jersey-media-jaxb-2.27.jar:/home/user/.m2/repository/javax/validation/validation-api/1.1.0.Final/validation-api-1.1.0.Final.jar:/home/user/.m2/repository/org/glassfish/jersey/media/jersey-media-json-jackson/2.27/jersey-media-json-jackson-2.27.jar:/home/user/.m2/repository/org/glassfish/jersey/ext/jersey-entity-filtering/2.27/jersey-entity-filtering-2.27.jar:/home/user/.m2/repository/com/google/inject/extensions/guice-assistedinject/4.0/guice-assistedinject-4.0.jar:/home/user/.m2/repository/org/jooq/jooq/3.11.10/jooq-3.11.10.jar:/home/user/.m2/repository/org/jooq/jooq-meta/3.11.10/jooq-meta-3.11.10.jar:/home/user/.m2/repository/org/jooq/jooq-codegen/3.11.10/jooq-codegen-3.11.10.jar:/home/user/.m2/repository/com/jolbox/bonecp/0.8.0.RELEASE/bonecp-0.8.0.RELEASE.jar:/home/user/.m2/repository/org/xerial/sqlite-jdbc/3.25.2/sqlite-jdbc-3.25.2.jar:/home/user/.m2/repository/org/springframework/spring-jdbc/5.1.3.RELEASE/spring-jdbc-5.1.3.RELEASE.jar:/home/user/.m2/repository/org/springframework/spring-beans/5.1.3.RELEASE/spring-beans-5.1.3.RELEASE.jar:/home/user/.m2/repository/org/springframework/spring-core/5.1.3.RELEASE/spring-core-5.1.3.RELEASE.jar:/home/user/.m2/repository/org/springframework/spring-jcl/5.1.3.RELEASE/spring-jcl-5.1.3.RELEASE.jar:/home/user/.m2/repository/org/springframework/spring-tx/5.1.3.RELEASE/spring-tx-5.1.3.RELEASE.jar:/home/user/.m2/repository/org/apache/hadoop/hadoop-ozone-client/0.5.0-SNAPSHOT/hadoop-ozone-client-0.5.0-SNAPSHOT.jar:/home/user/.m2/repository/commons-lang/commons-lang/2.6/commons-lang-2.6.jar:/home/user/.m2/repository/org/apache/hadoop/hadoop-ozone-ozone-manager/0.5.0-SNAPSHOT/hadoop-ozone-ozone-manager-0.5.0-SNAPSHOT-tests.jar:/home/user/.m2/repository/junit/junit/4.11/junit-4.11.jar:/home/user/.m2/repository/org/hamcrest/hamcrest-core/1.3/hamcrest-core-1.3.jar:/home/user/.m2/repository/org/openjdk/jmh/jmh-core/1.19/jmh-core-1.19.jar:/home/user/.m2/repository/net/sf/jopt-simple/jopt-simple/4.6/jopt-simple-4.6.jar:/home/user/.m2/repository/org/apache/commons/commons-math3/3.1.1/commons-math3-3.1.1.jar:/home/user/.m2/repository/org/openjdk/jmh/jmh-generator-annprocess/1.19/jmh-generator-annprocess-1.19.jar:/home/user/.m2/repository/org/mockito/mockito-all/1.8.5/mockito-all-1.8.5.jar:/home/user/.m2/repository/org/apache/hadoop/hadoop-kms/3.2.0/hadoop-kms-3.2.0.jar:/home/user/.m2/repository/org/apache/hadoop/hadoop-auth/3.2.0/hadoop-auth-3.2.0.jar:/home/user/.m2/repository/com/nimbusds/nimbus-jose-jwt/4.41.1/nimbus-jose-jwt-4.41.1.jar:/home/user/.m2/repository/com/github/stephenc/jcip/jcip-annotations/1.0-1/jcip-annotations-1.0-1.jar:/home/user/.m2/repository/net/minidev/json-smart/2.3/json-smart-2.3.jar:/home/user/.m2/repository/net/minidev/accessors-smart/1.2/accessors-smart-1.2.jar:/home/user/.m2/repository/org/ow2/asm/asm/5.0.4/asm-5.0.4.jar:/home/user/.m2/repository/org/apache/curator/curator-framework/2.12.0/curator-framework-2.12.0.jar:/home/user/.m2/repository/com/sun/jersey/jersey-core/1.19/jersey-core-1.19.jar:/home/user/.m2/repository/javax/ws/rs/jsr311-api/1.1.1/jsr311-api-1.1.1.jar:/home/user/.m2/repository/com/sun/jersey/jersey-server/1.19/jersey-server-1.19.jar:/home/user/.m2/repository/javax/servlet/javax.servlet-api/3.1.0/javax.servlet-api-3.1.0.jar:/home/user/.m2/repository/org/eclipse/jetty/jetty-server/9.3.25.v20180904/jetty-server-9.3.25.v20180904.jar:/home/user/.m2/repository/org/eclipse/jetty/jetty-http/9.3.25.v20180904/jetty-http-9.3.25.v20180904.jar:/home/user/.m2/repository/org/eclipse/jetty/jetty-io/9.3.25.v20180904/jetty-io-9.3.25.v20180904.jar:/home/user/.m2/repository/org/eclipse/jetty/jetty-webapp/9.3.25.v20180904/jetty-webapp-9.3.25.v20180904.jar:/home/user/.m2/repository/org/eclipse/jetty/jetty-xml/9.3.25.v20180904/jetty-xml-9.3.25.v20180904.jar:/home/user/.m2/repository/log4j/log4j/1.2.17/log4j-1.2.17.jar:/home/user/.m2/repository/org/slf4j/slf4j-api/1.7.25/slf4j-api-1.7.25.jar:/home/user/.m2/repository/org/slf4j/jul-to-slf4j/1.7.25/jul-to-slf4j-1.7.25.jar:/home/user/.m2/repository/org/eclipse/jetty/jetty-util/9.3.25.v20180904/jetty-util-9.3.25.v20180904.jar:/home/user/.m2/repository/com/fasterxml/jackson/core/jackson-databind/2.9.9/jackson-databind-2.9.9.jar:/home/user/.m2/repository/org/apache/hadoop/hadoop-kms/3.2.0/hadoop-kms-3.2.0-tests.jar:/home/user/.m2/repository/org/apache/hadoop/hadoop-hdds-server-scm/0.5.0-SNAPSHOT/hadoop-hdds-server-scm-0.5.0-SNAPSHOT-tests.jar:/home/user/.m2/repository/org/apache/hadoop/hadoop-hdds-container-service/0.5.0-SNAPSHOT/hadoop-hdds-container-service-0.5.0-SNAPSHOT-tests.jar:/home/user/.m2/repository/org/yaml/snakeyaml/1.16/snakeyaml-1.16.jar:/home/user/.m2/repository/org/apache/hadoop/hadoop-common/3.2.0/hadoop-common-3.2.0-tests.jar:/home/user/.m2/repository/org/apache/hadoop/hadoop-annotations/3.2.0/hadoop-annotations-3.2.0.jar:/usr/lib/jvm/java-1.8-openjdk/jre/../lib/tools.jar:/home/user/.m2/repository/commons-cli/commons-cli/1.2/commons-cli-1.2.jar:/home/user/.m2/repository/org/apache/httpcomponents/httpclient/4.5.2/httpclient-4.5.2.jar:/home/user/.m2/repository/org/apache/httpcomponents/httpcore/4.4.4/httpcore-4.4.4.jar:/home/user/.m2/repository/commons-codec/commons-codec/1.11/commons-codec-1.11.jar:/home/user/.m2/repository/commons-net/commons-net/3.6/commons-net-3.6.jar:/home/user/.m2/repository/commons-collections/commons-collections/3.2.2/commons-collections-3.2.2.jar:/home/user/.m2/repository/org/eclipse/jetty/jetty-servlet/9.3.25.v20180904/jetty-servlet-9.3.25.v20180904.jar:/home/user/.m2/repository/org/eclipse/jetty/jetty-security/9.3.25.v20180904/jetty-security-9.3.25.v20180904.jar:/home/user/.m2/repository/javax/servlet/jsp/jsp-api/2.1/jsp-api-2.1.jar:/home/user/.m2/repository/com/sun/jersey/jersey-servlet/1.19/jersey-servlet-1.19.jar:/home/user/.m2/repository/com/sun/jersey/jersey-json/1.19/jersey-json-1.19.jar:/home/user/.m2/repository/org/codehaus/jettison/jettison/1.1/jettison-1.1.jar:/home/user/.m2/repository/org/codehaus/jackson/jackson-core-asl/1.9.13/jackson-core-asl-1.9.13.jar:/home/user/.m2/repository/org/codehaus/jackson/jackson-mapper-asl/1.9.13/jackson-mapper-asl-1.9.13.jar:/home/user/.m2/repository/org/codehaus/jackson/jackson-jaxrs/1.9.13/jackson-jaxrs-1.9.13.jar:/home/user/.m2/repository/org/codehaus/jackson/jackson-xc/1.9.13/jackson-xc-1.9.13.jar:/home/user/.m2/repository/commons-logging/commons-logging/1.1.3/commons-logging-1.1.3.jar:/home/user/.m2/repository/commons-beanutils/commons-beanutils/1.9.4/commons-beanutils-1.9.4.jar:/home/user/.m2/repository/org/apache/commons/commons-configuration2/2.1.1/commons-configuration2-2.1.1.jar:/home/user/.m2/repository/org/apache/commons/commons-lang3/3.7/commons-lang3-3.7.jar:/home/user/.m2/repository/org/apache/commons/commons-text/1.4/commons-text-1.4.jar:/home/user/.m2/repository/org/apache/avro/avro/1.7.7/avro-1.7.7.jar:/home/user/.m2/repository/com/thoughtworks/paranamer/paranamer/2.3/paranamer-2.3.jar:/home/user/.m2/repository/org/xerial/snappy/snappy-java/1.0.5/snappy-java-1.0.5.jar:/home/user/.m2/repository/com/google/re2j/re2j/1.1/re2j-1.1.jar:/home/user/.m2/repository/com/google/code/gson/gson/2.2.4/gson-2.2.4.jar:/home/user/.m2/repository/com/jcraft/jsch/0.1.54/jsch-0.1.54.jar:/home/user/.m2/repository/org/apache/curator/curator-client/2.12.0/curator-client-2.12.0.jar:/home/user/.m2/repository/org/apache/curator/curator-recipes/2.12.0/curator-recipes-2.12.0.jar:/home/user/.m2/repository/com/google/code/findbugs/jsr305/3.0.0/jsr305-3.0.0.jar:/home/user/.m2/repository/org/apache/htrace/htrace-core4/4.1.0-incubating/htrace-core4-4.1.0-incubating.jar:/home/user/.m2/repository/org/apache/zookeeper/zookeeper/3.4.13/zookeeper-3.4.13.jar:/home/user/.m2/repository/jline/jline/0.9.94/jline-0.9.94.jar:/home/user/.m2/repository/org/apache/yetus/audience-annotations/0.5.0/audience-annotations-0.5.0.jar:/home/user/.m2/repository/org/codehaus/woodstox/stax2-api/3.1.4/stax2-api-3.1.4.jar:/home/user/.m2/repository/com/fasterxml/woodstox/woodstox-core/5.0.3/woodstox-core-5.0.3.jar:/home/user/.m2/repository/dnsjava/dnsjava/2.1.7/dnsjava-2.1.7.jar:/home/user/.m2/repository/org/apache/hadoop/hadoop-hdfs/3.2.0/hadoop-hdfs-3.2.0-tests.jar:/home/user/.m2/repository/org/eclipse/jetty/jetty-util-ajax/9.3.25.v20180904/jetty-util-ajax-9.3.25.v20180904.jar:/home/user/.m2/repository/commons-daemon/commons-daemon/1.0.13/commons-daemon-1.0.13.jar:/home/user/.m2/repository/io/netty/netty/3.10.5.Final/netty-3.10.5.Final.jar:/home/user/.m2/repository/io/netty/netty-all/4.0.52.Final/netty-all-4.0.52.Final.jar:/home/user/.m2/repository/org/fusesource/leveldbjni/leveldbjni-all/1.8/leveldbjni-all-1.8.jar:"/>
    <property name="java.vm.vendor" value="IcedTea"/>
    <property name="sun.arch.data.model" value="64"/>
    <property name="test.build.dir" value="/workdir/hadoop-ozone/integration-test/target/test-dir"/>
    <property name="test.cache.data" value=""/>
    <property name="java.vendor.url" value="https://icedtea.classpath.org"/>
    <property name="user.timezone" value=""/>
    <property name="java.vm.specification.version" value="1.8"/>
    <property name="os.name" value="Linux"/>
    <property name="test.build.data" value="/workdir/hadoop-ozone/integration-test/target/test-dir"/>
    <property name="user.country" value="US"/>
    <property name="sun.java.launcher" value="SUN_STANDARD"/>
    <property name="sun.boot.library.path" value="/usr/lib/jvm/java-1.8-openjdk/jre/lib/amd64"/>
    <property name="sun.java.command" value="/workdir/hadoop-ozone/integration-test/target/surefire/surefirebooter3956788051467407547.jar /workdir/hadoop-ozone/integration-test/target/surefire 2019-10-04T10-17-19_972-jvmRun1 surefire5518509878884045143tmp surefire_76121689698699329525tmp"/>
    <property name="test" value="!TestMiniChaosOzoneCluster"/>
    <property name="surefire.test.class.path" value="/workdir/hadoop-ozone/integration-test/target/test-classes:/workdir/hadoop-ozone/integration-test/target/classes:/home/user/.m2/repository/org/apache/hadoop/hadoop-ozone-common/0.5.0-SNAPSHOT/hadoop-ozone-common-0.5.0-SNAPSHOT.jar:/home/user/.m2/repository/org/apache/commons/commons-compress/1.4.1/commons-compress-1.4.1.jar:/home/user/.m2/repository/org/tukaani/xz/1.0/xz-1.0.jar:/home/user/.m2/repository/org/apache/hadoop/hadoop-common/3.2.0/hadoop-common-3.2.0.jar:/home/user/.m2/repository/org/apache/hadoop/hadoop-hdfs/3.2.0/hadoop-hdfs-3.2.0.jar:/home/user/.m2/repository/org/apache/hadoop/hadoop-hdfs-client/3.2.0/hadoop-hdfs-client-3.2.0.jar:/home/user/.m2/repository/com/fasterxml/jackson/core/jackson-annotations/2.9.9/jackson-annotations-2.9.9.jar:/home/user/.m2/repository/org/apache/hadoop/hadoop-hdds-common/0.5.0-SNAPSHOT/hadoop-hdds-common-0.5.0-SNAPSHOT.jar:/home/user/.m2/repository/javax/annotation/javax.annotation-api/1.2/javax.annotation-api-1.2.jar:/home/user/.m2/repository/org/apache/ratis/ratis-server/0.5.0-201fc85-SNAPSHOT/ratis-server-0.5.0-201fc85-SNAPSHOT.jar:/home/user/.m2/repository/org/apache/ratis/ratis-thirdparty-misc/0.2.0/ratis-thirdparty-misc-0.2.0.jar:/home/user/.m2/repository/org/apache/ratis/ratis-proto/0.5.0-201fc85-SNAPSHOT/ratis-proto-0.5.0-201fc85-SNAPSHOT.jar:/home/user/.m2/repository/org/apache/ratis/ratis-common/0.5.0-201fc85-SNAPSHOT/ratis-common-0.5.0-201fc85-SNAPSHOT.jar:/home/user/.m2/repository/org/apache/ratis/ratis-client/0.5.0-201fc85-SNAPSHOT/ratis-client-0.5.0-201fc85-SNAPSHOT.jar:/home/user/.m2/repository/org/apache/ratis/ratis-metrics/0.5.0-201fc85-SNAPSHOT/ratis-metrics-0.5.0-201fc85-SNAPSHOT.jar:/home/user/.m2/repository/com/github/joshelser/dropwizard-metrics-hadoop-metrics2-reporter/0.1.2/dropwizard-metrics-hadoop-metrics2-reporter-0.1.2.jar:/home/user/.m2/repository/io/dropwizard/metrics/metrics-jvm/3.2.5/metrics-jvm-3.2.5.jar:/home/user/.m2/repository/io/dropwizard/metrics/metrics-ganglia/3.2.5/metrics-ganglia-3.2.5.jar:/home/user/.m2/repository/info/ganglia/gmetric4j/gmetric4j/1.0.7/gmetric4j-1.0.7.jar:/home/user/.m2/repository/org/apache/ratis/ratis-netty/0.5.0-201fc85-SNAPSHOT/ratis-netty-0.5.0-201fc85-SNAPSHOT.jar:/home/user/.m2/repository/org/apache/ratis/ratis-grpc/0.5.0-201fc85-SNAPSHOT/ratis-grpc-0.5.0-201fc85-SNAPSHOT.jar:/home/user/.m2/repository/org/rocksdb/rocksdbjni/6.0.1/rocksdbjni-6.0.1.jar:/home/user/.m2/repository/org/apache/logging/log4j/log4j-api/2.11.0/log4j-api-2.11.0.jar:/home/user/.m2/repository/org/apache/logging/log4j/log4j-core/2.11.0/log4j-core-2.11.0.jar:/home/user/.m2/repository/com/lmax/disruptor/3.4.2/disruptor-3.4.2.jar:/home/user/.m2/repository/org/apache/commons/commons-pool2/2.6.0/commons-pool2-2.6.0.jar:/home/user/.m2/repository/org/bouncycastle/bcpkix-jdk15on/1.60/bcpkix-jdk15on-1.60.jar:/home/user/.m2/repository/commons-validator/commons-validator/1.6/commons-validator-1.6.jar:/home/user/.m2/repository/commons-digester/commons-digester/1.8.1/commons-digester-1.8.1.jar:/home/user/.m2/repository/io/jaegertracing/jaeger-client/0.34.0/jaeger-client-0.34.0.jar:/home/user/.m2/repository/io/jaegertracing/jaeger-thrift/0.34.0/jaeger-thrift-0.34.0.jar:/home/user/.m2/repository/org/apache/thrift/libthrift/0.12.0/libthrift-0.12.0.jar:/home/user/.m2/repository/com/squareup/okhttp3/okhttp/3.9.0/okhttp-3.9.0.jar:/home/user/.m2/repository/com/squareup/okio/okio/1.13.0/okio-1.13.0.jar:/home/user/.m2/repository/io/jaegertracing/jaeger-core/0.34.0/jaeger-core-0.34.0.jar:/home/user/.m2/repository/io/jaegertracing/jaeger-tracerresolver/0.34.0/jaeger-tracerresolver-0.34.0.jar:/home/user/.m2/repository/io/opentracing/contrib/opentracing-tracerresolver/0.1.5/opentracing-tracerresolver-0.1.5.jar:/home/user/.m2/repository/io/opentracing/opentracing-util/0.31.0/opentracing-util-0.31.0.jar:/home/user/.m2/repository/io/opentracing/opentracing-api/0.31.0/opentracing-api-0.31.0.jar:/home/user/.m2/repository/io/opentracing/opentracing-noop/0.31.0/opentracing-noop-0.31.0.jar:/home/user/.m2/repository/org/apache/hadoop/hadoop-hdds-server-framework/0.5.0-SNAPSHOT/hadoop-hdds-server-framework-0.5.0-SNAPSHOT.jar:/home/user/.m2/repository/org/apache/hadoop/hadoop-hdds-container-service/0.5.0-SNAPSHOT/hadoop-hdds-container-service-0.5.0-SNAPSHOT.jar:/home/user/.m2/repository/org/apache/hadoop/hadoop-hdds-client/0.5.0-SNAPSHOT/hadoop-hdds-client-0.5.0-SNAPSHOT.jar:/home/user/.m2/repository/org/apache/hadoop/hadoop-hdds-tools/0.5.0-SNAPSHOT/hadoop-hdds-tools-0.5.0-SNAPSHOT.jar:/home/user/.m2/repository/org/apache/hadoop/hadoop-hdds-server-scm/0.5.0-SNAPSHOT/hadoop-hdds-server-scm-0.5.0-SNAPSHOT.jar:/home/user/.m2/repository/org/apache/hadoop/hadoop-hdds-docs/0.5.0-SNAPSHOT/hadoop-hdds-docs-0.5.0-SNAPSHOT.jar:/home/user/.m2/repository/io/dropwizard/metrics/metrics-core/3.2.4/metrics-core-3.2.4.jar:/home/user/.m2/repository/org/hamcrest/hamcrest-all/1.3/hamcrest-all-1.3.jar:/home/user/.m2/repository/org/bouncycastle/bcprov-jdk15on/1.60/bcprov-jdk15on-1.60.jar:/home/user/.m2/repository/info/picocli/picocli/3.9.6/picocli-3.9.6.jar:/home/user/.m2/repository/com/google/protobuf/protobuf-java/2.5.0/protobuf-java-2.5.0.jar:/home/user/.m2/repository/com/google/guava/guava/11.0.2/guava-11.0.2.jar:/home/user/.m2/repository/org/apache/hadoop/hadoop-ozone-ozone-manager/0.5.0-SNAPSHOT/hadoop-ozone-ozone-manager-0.5.0-SNAPSHOT.jar:/home/user/.m2/repository/org/apache/hadoop/hadoop-minikdc/3.2.0/hadoop-minikdc-3.2.0.jar:/home/user/.m2/repository/commons-io/commons-io/2.5/commons-io-2.5.jar:/home/user/.m2/repository/org/apache/kerby/kerb-simplekdc/1.0.1/kerb-simplekdc-1.0.1.jar:/home/user/.m2/repository/org/apache/kerby/kerb-client/1.0.1/kerb-client-1.0.1.jar:/home/user/.m2/repository/org/apache/kerby/kerby-config/1.0.1/kerby-config-1.0.1.jar:/home/user/.m2/repository/org/apache/kerby/kerb-core/1.0.1/kerb-core-1.0.1.jar:/home/user/.m2/repository/org/apache/kerby/kerby-pkix/1.0.1/kerby-pkix-1.0.1.jar:/home/user/.m2/repository/org/apache/kerby/kerby-asn1/1.0.1/kerby-asn1-1.0.1.jar:/home/user/.m2/repository/org/apache/kerby/kerby-util/1.0.1/kerby-util-1.0.1.jar:/home/user/.m2/repository/org/apache/kerby/kerb-common/1.0.1/kerb-common-1.0.1.jar:/home/user/.m2/repository/org/apache/kerby/kerb-crypto/1.0.1/kerb-crypto-1.0.1.jar:/home/user/.m2/repository/org/apache/kerby/kerb-util/1.0.1/kerb-util-1.0.1.jar:/home/user/.m2/repository/org/apache/kerby/token-provider/1.0.1/token-provider-1.0.1.jar:/home/user/.m2/repository/org/apache/kerby/kerb-admin/1.0.1/kerb-admin-1.0.1.jar:/home/user/.m2/repository/org/apache/kerby/kerb-server/1.0.1/kerb-server-1.0.1.jar:/home/user/.m2/repository/org/apache/kerby/kerb-identity/1.0.1/kerb-identity-1.0.1.jar:/home/user/.m2/repository/org/apache/kerby/kerby-xdr/1.0.1/kerby-xdr-1.0.1.jar:/home/user/.m2/repository/org/slf4j/slf4j-log4j12/1.7.25/slf4j-log4j12-1.7.25.jar:/home/user/.m2/repository/org/apache/hadoop/hadoop-ozone-s3gateway/0.5.0-SNAPSHOT/hadoop-ozone-s3gateway-0.5.0-SNAPSHOT.jar:/home/user/.m2/repository/org/jboss/weld/servlet/weld-servlet/2.4.7.Final/weld-servlet-2.4.7.Final.jar:/home/user/.m2/repository/org/glassfish/jersey/containers/jersey-container-servlet-core/2.27/jersey-container-servlet-core-2.27.jar:/home/user/.m2/repository/org/glassfish/hk2/external/javax.inject/2.5.0-b42/javax.inject-2.5.0-b42.jar:/home/user/.m2/repository/org/glassfish/jersey/core/jersey-common/2.27/jersey-common-2.27.jar:/home/user/.m2/repository/org/glassfish/hk2/osgi-resource-locator/1.0.1/osgi-resource-locator-1.0.1.jar:/home/user/.m2/repository/javax/ws/rs/javax.ws.rs-api/2.1/javax.ws.rs-api-2.1.jar:/home/user/.m2/repository/org/glassfish/jersey/ext/cdi/jersey-cdi1x/2.27/jersey-cdi1x-2.27.jar:/home/user/.m2/repository/org/glassfish/jersey/inject/jersey-hk2/2.27/jersey-hk2-2.27.jar:/home/user/.m2/repository/org/glassfish/hk2/hk2-locator/2.5.0-b42/hk2-locator-2.5.0-b42.jar:/home/user/.m2/repository/org/javassist/javassist/3.22.0-CR2/javassist-3.22.0-CR2.jar:/home/user/.m2/repository/org/glassfish/hk2/hk2-api/2.5.0/hk2-api-2.5.0.jar:/home/user/.m2/repository/org/glassfish/hk2/external/jakarta.inject/2.5.0/jakarta.inject-2.5.0.jar:/home/user/.m2/repository/org/glassfish/hk2/hk2-utils/2.5.0/hk2-utils-2.5.0.jar:/home/user/.m2/repository/jakarta/annotation/jakarta.annotation-api/1.3.4/jakarta.annotation-api-1.3.4.jar:/home/user/.m2/repository/org/glassfish/hk2/external/aopalliance-repackaged/2.5.0/aopalliance-repackaged-2.5.0.jar:/home/user/.m2/repository/com/fasterxml/jackson/dataformat/jackson-dataformat-xml/2.9.0/jackson-dataformat-xml-2.9.0.jar:/home/user/.m2/repository/com/fasterxml/jackson/core/jackson-core/2.9.9/jackson-core-2.9.9.jar:/home/user/.m2/repository/com/fasterxml/jackson/module/jackson-module-jaxb-annotations/2.9.9/jackson-module-jaxb-annotations-2.9.9.jar:/home/user/.m2/repository/javax/enterprise/cdi-api/1.2/cdi-api-1.2.jar:/home/user/.m2/repository/javax/el/javax.el-api/3.0.0/javax.el-api-3.0.0.jar:/home/user/.m2/repository/javax/interceptor/javax.interceptor-api/1.2/javax.interceptor-api-1.2.jar:/home/user/.m2/repository/javax/inject/javax.inject/1/javax.inject-1.jar:/home/user/.m2/repository/com/sun/xml/bind/jaxb-impl/2.3.0.1/jaxb-impl-2.3.0.1.jar:/home/user/.m2/repository/com/sun/xml/bind/jaxb-core/2.3.0.1/jaxb-core-2.3.0.1.jar:/home/user/.m2/repository/javax/xml/bind/jaxb-api/2.3.0/jaxb-api-2.3.0.jar:/home/user/.m2/repository/javax/activation/activation/1.1.1/activation-1.1.1.jar:/home/user/.m2/repository/org/apache/hadoop/hadoop-ozone-csi/0.5.0-SNAPSHOT/hadoop-ozone-csi-0.5.0-SNAPSHOT.jar:/home/user/.m2/repository/com/google/protobuf/protobuf-java-util/3.5.1/protobuf-java-util-3.5.1.jar:/home/user/.m2/repository/org/apache/hadoop/hadoop-hdds-config/0.5.0-SNAPSHOT/hadoop-hdds-config-0.5.0-SNAPSHOT.jar:/home/user/.m2/repository/io/grpc/grpc-netty/1.17.1/grpc-netty-1.17.1.jar:/home/user/.m2/repository/io/grpc/grpc-core/1.17.1/grpc-core-1.17.1.jar:/home/user/.m2/repository/io/grpc/grpc-context/1.17.1/grpc-context-1.17.1.jar:/home/user/.m2/repository/com/google/errorprone/error_prone_annotations/2.2.0/error_prone_annotations-2.2.0.jar:/home/user/.m2/repository/org/codehaus/mojo/animal-sniffer-annotations/1.17/animal-sniffer-annotations-1.17.jar:/home/user/.m2/repository/io/opencensus/opencensus-api/0.17.0/opencensus-api-0.17.0.jar:/home/user/.m2/repository/io/opencensus/opencensus-contrib-grpc-metrics/0.17.0/opencensus-contrib-grpc-metrics-0.17.0.jar:/home/user/.m2/repository/io/netty/netty-codec-http2/4.1.30.Final/netty-codec-http2-4.1.30.Final.jar:/home/user/.m2/repository/io/netty/netty-codec-http/4.1.30.Final/netty-codec-http-4.1.30.Final.jar:/home/user/.m2/repository/io/netty/netty-codec/4.1.30.Final/netty-codec-4.1.30.Final.jar:/home/user/.m2/repository/io/netty/netty-handler/4.1.30.Final/netty-handler-4.1.30.Final.jar:/home/user/.m2/repository/io/netty/netty-handler-proxy/4.1.30.Final/netty-handler-proxy-4.1.30.Final.jar:/home/user/.m2/repository/io/netty/netty-codec-socks/4.1.30.Final/netty-codec-socks-4.1.30.Final.jar:/home/user/.m2/repository/io/netty/netty-transport-native-epoll/4.1.30.Final/netty-transport-native-epoll-4.1.30.Final.jar:/home/user/.m2/repository/io/netty/netty-common/4.1.30.Final/netty-common-4.1.30.Final.jar:/home/user/.m2/repository/io/netty/netty-buffer/4.1.30.Final/netty-buffer-4.1.30.Final.jar:/home/user/.m2/repository/io/netty/netty-transport/4.1.30.Final/netty-transport-4.1.30.Final.jar:/home/user/.m2/repository/io/netty/netty-resolver/4.1.30.Final/netty-resolver-4.1.30.Final.jar:/home/user/.m2/repository/io/netty/netty-transport-native-unix-common/4.1.30.Final/netty-transport-native-unix-common-4.1.30.Final.jar:/home/user/.m2/repository/io/grpc/grpc-protobuf/1.17.1/grpc-protobuf-1.17.1.jar:/home/user/.m2/repository/com/google/api/grpc/proto-google-common-protos/1.0.0/proto-google-common-protos-1.0.0.jar:/home/user/.m2/repository/io/grpc/grpc-protobuf-lite/1.17.1/grpc-protobuf-lite-1.17.1.jar:/home/user/.m2/repository/io/grpc/grpc-stub/1.17.1/grpc-stub-1.17.1.jar:/home/user/.m2/repository/org/apache/hadoop/hadoop-ozone-recon/0.5.0-SNAPSHOT/hadoop-ozone-recon-0.5.0-SNAPSHOT.jar:/home/user/.m2/repository/org/apache/hadoop/hadoop-ozone-reconcodegen/0.5.0-SNAPSHOT/hadoop-ozone-reconcodegen-0.5.0-SNAPSHOT.jar:/home/user/.m2/repository/com/google/inject/extensions/guice-multibindings/4.0/guice-multibindings-4.0.jar:/home/user/.m2/repository/com/google/inject/guice/4.0/guice-4.0.jar:/home/user/.m2/repository/aopalliance/aopalliance/1.0/aopalliance-1.0.jar:/home/user/.m2/repository/com/google/inject/extensions/guice-servlet/4.0/guice-servlet-4.0.jar:/home/user/.m2/repository/org/glassfish/jersey/containers/jersey-container-servlet/2.27/jersey-container-servlet-2.27.jar:/home/user/.m2/repository/org/glassfish/hk2/guice-bridge/2.5.0/guice-bridge-2.5.0.jar:/home/user/.m2/repository/org/glassfish/jersey/core/jersey-server/2.27/jersey-server-2.27.jar:/home/user/.m2/repository/org/glassfish/jersey/core/jersey-client/2.27/jersey-client-2.27.jar:/home/user/.m2/repository/org/glassfish/jersey/media/jersey-media-jaxb/2.27/jersey-media-jaxb-2.27.jar:/home/user/.m2/repository/javax/validation/validation-api/1.1.0.Final/validation-api-1.1.0.Final.jar:/home/user/.m2/repository/org/glassfish/jersey/media/jersey-media-json-jackson/2.27/jersey-media-json-jackson-2.27.jar:/home/user/.m2/repository/org/glassfish/jersey/ext/jersey-entity-filtering/2.27/jersey-entity-filtering-2.27.jar:/home/user/.m2/repository/com/google/inject/extensions/guice-assistedinject/4.0/guice-assistedinject-4.0.jar:/home/user/.m2/repository/org/jooq/jooq/3.11.10/jooq-3.11.10.jar:/home/user/.m2/repository/org/jooq/jooq-meta/3.11.10/jooq-meta-3.11.10.jar:/home/user/.m2/repository/org/jooq/jooq-codegen/3.11.10/jooq-codegen-3.11.10.jar:/home/user/.m2/repository/com/jolbox/bonecp/0.8.0.RELEASE/bonecp-0.8.0.RELEASE.jar:/home/user/.m2/repository/org/xerial/sqlite-jdbc/3.25.2/sqlite-jdbc-3.25.2.jar:/home/user/.m2/repository/org/springframework/spring-jdbc/5.1.3.RELEASE/spring-jdbc-5.1.3.RELEASE.jar:/home/user/.m2/repository/org/springframework/spring-beans/5.1.3.RELEASE/spring-beans-5.1.3.RELEASE.jar:/home/user/.m2/repository/org/springframework/spring-core/5.1.3.RELEASE/spring-core-5.1.3.RELEASE.jar:/home/user/.m2/repository/org/springframework/spring-jcl/5.1.3.RELEASE/spring-jcl-5.1.3.RELEASE.jar:/home/user/.m2/repository/org/springframework/spring-tx/5.1.3.RELEASE/spring-tx-5.1.3.RELEASE.jar:/home/user/.m2/repository/org/apache/hadoop/hadoop-ozone-client/0.5.0-SNAPSHOT/hadoop-ozone-client-0.5.0-SNAPSHOT.jar:/home/user/.m2/repository/commons-lang/commons-lang/2.6/commons-lang-2.6.jar:/home/user/.m2/repository/org/apache/hadoop/hadoop-ozone-ozone-manager/0.5.0-SNAPSHOT/hadoop-ozone-ozone-manager-0.5.0-SNAPSHOT-tests.jar:/home/user/.m2/repository/junit/junit/4.11/junit-4.11.jar:/home/user/.m2/repository/org/hamcrest/hamcrest-core/1.3/hamcrest-core-1.3.jar:/home/user/.m2/repository/org/openjdk/jmh/jmh-core/1.19/jmh-core-1.19.jar:/home/user/.m2/repository/net/sf/jopt-simple/jopt-simple/4.6/jopt-simple-4.6.jar:/home/user/.m2/repository/org/apache/commons/commons-math3/3.1.1/commons-math3-3.1.1.jar:/home/user/.m2/repository/org/openjdk/jmh/jmh-generator-annprocess/1.19/jmh-generator-annprocess-1.19.jar:/home/user/.m2/repository/org/mockito/mockito-all/1.8.5/mockito-all-1.8.5.jar:/home/user/.m2/repository/org/apache/hadoop/hadoop-kms/3.2.0/hadoop-kms-3.2.0.jar:/home/user/.m2/repository/org/apache/hadoop/hadoop-auth/3.2.0/hadoop-auth-3.2.0.jar:/home/user/.m2/repository/com/nimbusds/nimbus-jose-jwt/4.41.1/nimbus-jose-jwt-4.41.1.jar:/home/user/.m2/repository/com/github/stephenc/jcip/jcip-annotations/1.0-1/jcip-annotations-1.0-1.jar:/home/user/.m2/repository/net/minidev/json-smart/2.3/json-smart-2.3.jar:/home/user/.m2/repository/net/minidev/accessors-smart/1.2/accessors-smart-1.2.jar:/home/user/.m2/repository/org/ow2/asm/asm/5.0.4/asm-5.0.4.jar:/home/user/.m2/repository/org/apache/curator/curator-framework/2.12.0/curator-framework-2.12.0.jar:/home/user/.m2/repository/com/sun/jersey/jersey-core/1.19/jersey-core-1.19.jar:/home/user/.m2/repository/javax/ws/rs/jsr311-api/1.1.1/jsr311-api-1.1.1.jar:/home/user/.m2/repository/com/sun/jersey/jersey-server/1.19/jersey-server-1.19.jar:/home/user/.m2/repository/javax/servlet/javax.servlet-api/3.1.0/javax.servlet-api-3.1.0.jar:/home/user/.m2/repository/org/eclipse/jetty/jetty-server/9.3.25.v20180904/jetty-server-9.3.25.v20180904.jar:/home/user/.m2/repository/org/eclipse/jetty/jetty-http/9.3.25.v20180904/jetty-http-9.3.25.v20180904.jar:/home/user/.m2/repository/org/eclipse/jetty/jetty-io/9.3.25.v20180904/jetty-io-9.3.25.v20180904.jar:/home/user/.m2/repository/org/eclipse/jetty/jetty-webapp/9.3.25.v20180904/jetty-webapp-9.3.25.v20180904.jar:/home/user/.m2/repository/org/eclipse/jetty/jetty-xml/9.3.25.v20180904/jetty-xml-9.3.25.v20180904.jar:/home/user/.m2/repository/log4j/log4j/1.2.17/log4j-1.2.17.jar:/home/user/.m2/repository/org/slf4j/slf4j-api/1.7.25/slf4j-api-1.7.25.jar:/home/user/.m2/repository/org/slf4j/jul-to-slf4j/1.7.25/jul-to-slf4j-1.7.25.jar:/home/user/.m2/repository/org/eclipse/jetty/jetty-util/9.3.25.v20180904/jetty-util-9.3.25.v20180904.jar:/home/user/.m2/repository/com/fasterxml/jackson/core/jackson-databind/2.9.9/jackson-databind-2.9.9.jar:/home/user/.m2/repository/org/apache/hadoop/hadoop-kms/3.2.0/hadoop-kms-3.2.0-tests.jar:/home/user/.m2/repository/org/apache/hadoop/hadoop-hdds-server-scm/0.5.0-SNAPSHOT/hadoop-hdds-server-scm-0.5.0-SNAPSHOT-tests.jar:/home/user/.m2/repository/org/apache/hadoop/hadoop-hdds-container-service/0.5.0-SNAPSHOT/hadoop-hdds-container-service-0.5.0-SNAPSHOT-tests.jar:/home/user/.m2/repository/org/yaml/snakeyaml/1.16/snakeyaml-1.16.jar:/home/user/.m2/repository/org/apache/hadoop/hadoop-common/3.2.0/hadoop-common-3.2.0-tests.jar:/home/user/.m2/repository/org/apache/hadoop/hadoop-annotations/3.2.0/hadoop-annotations-3.2.0.jar:/usr/lib/jvm/java-1.8-openjdk/jre/../lib/tools.jar:/home/user/.m2/repository/commons-cli/commons-cli/1.2/commons-cli-1.2.jar:/home/user/.m2/repository/org/apache/httpcomponents/httpclient/4.5.2/httpclient-4.5.2.jar:/home/user/.m2/repository/org/apache/httpcomponents/httpcore/4.4.4/httpcore-4.4.4.jar:/home/user/.m2/repository/commons-codec/commons-codec/1.11/commons-codec-1.11.jar:/home/user/.m2/repository/commons-net/commons-net/3.6/commons-net-3.6.jar:/home/user/.m2/repository/commons-collections/commons-collections/3.2.2/commons-collections-3.2.2.jar:/home/user/.m2/repository/org/eclipse/jetty/jetty-servlet/9.3.25.v20180904/jetty-servlet-9.3.25.v20180904.jar:/home/user/.m2/repository/org/eclipse/jetty/jetty-security/9.3.25.v20180904/jetty-security-9.3.25.v20180904.jar:/home/user/.m2/repository/javax/servlet/jsp/jsp-api/2.1/jsp-api-2.1.jar:/home/user/.m2/repository/com/sun/jersey/jersey-servlet/1.19/jersey-servlet-1.19.jar:/home/user/.m2/repository/com/sun/jersey/jersey-json/1.19/jersey-json-1.19.jar:/home/user/.m2/repository/org/codehaus/jettison/jettison/1.1/jettison-1.1.jar:/home/user/.m2/repository/org/codehaus/jackson/jackson-core-asl/1.9.13/jackson-core-asl-1.9.13.jar:/home/user/.m2/repository/org/codehaus/jackson/jackson-mapper-asl/1.9.13/jackson-mapper-asl-1.9.13.jar:/home/user/.m2/repository/org/codehaus/jackson/jackson-jaxrs/1.9.13/jackson-jaxrs-1.9.13.jar:/home/user/.m2/repository/org/codehaus/jackson/jackson-xc/1.9.13/jackson-xc-1.9.13.jar:/home/user/.m2/repository/commons-logging/commons-logging/1.1.3/commons-logging-1.1.3.jar:/home/user/.m2/repository/commons-beanutils/commons-beanutils/1.9.4/commons-beanutils-1.9.4.jar:/home/user/.m2/repository/org/apache/commons/commons-configuration2/2.1.1/commons-configuration2-2.1.1.jar:/home/user/.m2/repository/org/apache/commons/commons-lang3/3.7/commons-lang3-3.7.jar:/home/user/.m2/repository/org/apache/commons/commons-text/1.4/commons-text-1.4.jar:/home/user/.m2/repository/org/apache/avro/avro/1.7.7/avro-1.7.7.jar:/home/user/.m2/repository/com/thoughtworks/paranamer/paranamer/2.3/paranamer-2.3.jar:/home/user/.m2/repository/org/xerial/snappy/snappy-java/1.0.5/snappy-java-1.0.5.jar:/home/user/.m2/repository/com/google/re2j/re2j/1.1/re2j-1.1.jar:/home/user/.m2/repository/com/google/code/gson/gson/2.2.4/gson-2.2.4.jar:/home/user/.m2/repository/com/jcraft/jsch/0.1.54/jsch-0.1.54.jar:/home/user/.m2/repository/org/apache/curator/curator-client/2.12.0/curator-client-2.12.0.jar:/home/user/.m2/repository/org/apache/curator/curator-recipes/2.12.0/curator-recipes-2.12.0.jar:/home/user/.m2/repository/com/google/code/findbugs/jsr305/3.0.0/jsr305-3.0.0.jar:/home/user/.m2/repository/org/apache/htrace/htrace-core4/4.1.0-incubating/htrace-core4-4.1.0-incubating.jar:/home/user/.m2/repository/org/apache/zookeeper/zookeeper/3.4.13/zookeeper-3.4.13.jar:/home/user/.m2/repository/jline/jline/0.9.94/jline-0.9.94.jar:/home/user/.m2/repository/org/apache/yetus/audience-annotations/0.5.0/audience-annotations-0.5.0.jar:/home/user/.m2/repository/org/codehaus/woodstox/stax2-api/3.1.4/stax2-api-3.1.4.jar:/home/user/.m2/repository/com/fasterxml/woodstox/woodstox-core/5.0.3/woodstox-core-5.0.3.jar:/home/user/.m2/repository/dnsjava/dnsjava/2.1.7/dnsjava-2.1.7.jar:/home/user/.m2/repository/org/apache/hadoop/hadoop-hdfs/3.2.0/hadoop-hdfs-3.2.0-tests.jar:/home/user/.m2/repository/org/eclipse/jetty/jetty-util-ajax/9.3.25.v20180904/jetty-util-ajax-9.3.25.v20180904.jar:/home/user/.m2/repository/commons-daemon/commons-daemon/1.0.13/commons-daemon-1.0.13.jar:/home/user/.m2/repository/io/netty/netty/3.10.5.Final/netty-3.10.5.Final.jar:/home/user/.m2/repository/io/netty/netty-all/4.0.52.Final/netty-all-4.0.52.Final.jar:/home/user/.m2/repository/org/fusesource/leveldbjni/leveldbjni-all/1.8/leveldbjni-all-1.8.jar:"/>
    <property name="sun.cpu.endian" value="little"/>
    <property name="user.home" value="/home/user"/>
    <property name="user.language" value="en"/>
    <property name="java.specification.vendor" value="Oracle Corporation"/>
    <property name="java.home" value="/usr/lib/jvm/java-1.8-openjdk/jre"/>
    <property name="java.security.krb5.conf" value="/workdir/hadoop-ozone/integration-test/target/test-classes/krb5.conf"/>
    <property name="basedir" value="/workdir/hadoop-ozone/integration-test"/>
    <property name="file.separator" value="/"/>
    <property name="line.separator" value="&#10;"/>
    <property name="java.vm.specification.vendor" value="Oracle Corporation"/>
    <property name="java.specification.name" value="Java Platform API Specification"/>
    <property name="java.awt.graphicsenv" value="sun.awt.X11GraphicsEnvironment"/>
    <property name="surefire.real.class.path" value="/workdir/hadoop-ozone/integration-test/target/surefire/surefirebooter3956788051467407547.jar"/>
    <property name="hadoop.log.dir" value="/workdir/hadoop-ozone/integration-test/target/log"/>
    <property name="sun.boot.class.path" value="/usr/lib/jvm/java-1.8-openjdk/jre/lib/resources.jar:/usr/lib/jvm/java-1.8-openjdk/jre/lib/rt.jar:/usr/lib/jvm/java-1.8-openjdk/jre/lib/sunrsasign.jar:/usr/lib/jvm/java-1.8-openjdk/jre/lib/jsse.jar:/usr/lib/jvm/java-1.8-openjdk/jre/lib/jce.jar:/usr/lib/jvm/java-1.8-openjdk/jre/lib/charsets.jar:/usr/lib/jvm/java-1.8-openjdk/jre/lib/jfr.jar:/usr/lib/jvm/java-1.8-openjdk/jre/classes"/>
    <property name="sun.management.compiler" value="HotSpot 64-Bit Tiered Compilers"/>
    <property name="java.runtime.version" value="1.8.0_212-b04"/>
    <property name="java.net.preferIPv4Stack" value="true"/>
    <property name="user.name" value="jenkins1000"/>
    <property name="path.separator" value=":"/>
    <property name="java.security.egd" value="file:///dev/urandom"/>
    <property name="os.version" value="3.10.0-957.12.2.el7.x86_64"/>
    <property name="java.endorsed.dirs" value="/usr/lib/jvm/java-1.8-openjdk/jre/lib/endorsed"/>
    <property name="java.runtime.name" value="OpenJDK Runtime Environment"/>
    <property name="file.encoding" value="UTF-8"/>
    <property name="java.vm.name" value="OpenJDK 64-Bit Server VM"/>
    <property name="test.build.webapps" value=""/>
    <property name="localRepository" value="/home/user/.m2/repository"/>
    <property name="java.vendor.url.bug" value="https://icedtea.classpath.org/bugzilla"/>
    <property name="java.io.tmpdir" value="/tmp"/>
    <property name="require.test.libhadoop" value=""/>
    <property name="java.version" value="1.8.0_212"/>
    <property name="user.dir" value="/workdir/hadoop-ozone/integration-test"/>
    <property name="os.arch" value="amd64"/>
    <property name="java.vm.specification.name" value="Java Virtual Machine Specification"/>
    <property name="test.build.classes" value="/workdir/hadoop-ozone/integration-test/target/test-classes"/>
    <property name="java.awt.printerjob" value="sun.print.PSPrinterJob"/>
    <property name="sun.os.patch.level" value="unknown"/>
    <property name="hadoop.tmp.dir" value="/workdir/hadoop-ozone/integration-test/target/tmp"/>
    <property name="java.library.path" value="/usr/lib/jvm/java-1.8-openjdk/jre/lib/amd64/server:/usr/lib/jvm/java-1.8-openjdk/jre/lib/amd64:/usr/lib/jvm/java-1.8-openjdk/jre/../lib/amd64:/workdir/hadoop-ozone/integration-test/target/native/target/usr/local/lib:/workdir/hadoop-ozone/integration-test/../../hadoop-common-project/hadoop-common/target/native/target/usr/local/lib:/usr/java/packages/lib/amd64:/usr/lib64:/lib64:/lib:/usr/lib"/>
    <property name="java.vm.info" value="mixed mode"/>
    <property name="java.vendor" value="IcedTea"/>
    <property name="java.vm.version" value="25.212-b04"/>
    <property name="java.ext.dirs" value="/usr/lib/jvm/java-1.8-openjdk/jre/lib/ext:/usr/java/packages/lib/ext"/>
    <property name="sun.io.unicode.encoding" value="UnicodeLittle"/>
    <property name="java.class.version" value="52.0"/>
  </properties>
  <testcase name="testWatchForCommitWithKeyWrite" classname="org.apache.hadoop.ozone.client.rpc.TestWatchForCommit" time="83.147"/>
  <testcase name="testWatchForCommitWithSmallerTimeoutValue" classname="org.apache.hadoop.ozone.client.rpc.TestWatchForCommit" time="42.683"/>
  <testcase name="testWatchForCommitForRetryfailure" classname="org.apache.hadoop.ozone.client.rpc.TestWatchForCommit" time="71.231"/>
  <testcase name="testWatchForCommitForGroupMismatchException" classname="org.apache.hadoop.ozone.client.rpc.TestWatchForCommit" time="31.965"/>
  <testcase name="test2WayCommitForTimeoutException" classname="org.apache.hadoop.ozone.client.rpc.TestWatchForCommit" time="22.088">
    <error type="java.util.concurrent.TimeoutException">java.util.concurrent.TimeoutException
	at java.util.concurrent.CompletableFuture.timedGet(CompletableFuture.java:1771)
	at java.util.concurrent.CompletableFuture.get(CompletableFuture.java:1915)
	at org.apache.hadoop.hdds.scm.XceiverClientRatis.watchForCommit(XceiverClientRatis.java:298)
	at org.apache.hadoop.ozone.client.rpc.TestWatchForCommit.test2WayCommitForTimeoutException(TestWatchForCommit.java:391)
	at sun.reflect.NativeMethodAccessorImpl.invoke0(Native Method)
	at sun.reflect.NativeMethodAccessorImpl.invoke(NativeMethodAccessorImpl.java:62)
	at sun.reflect.DelegatingMethodAccessorImpl.invoke(DelegatingMethodAccessorImpl.java:43)
	at java.lang.reflect.Method.invoke(Method.java:498)
	at org.junit.runners.model.FrameworkMethod$1.runReflectiveCall(FrameworkMethod.java:47)
	at org.junit.internal.runners.model.ReflectiveCallable.run(ReflectiveCallable.java:12)
	at org.junit.runners.model.FrameworkMethod.invokeExplosively(FrameworkMethod.java:44)
	at org.junit.internal.runners.statements.InvokeMethod.evaluate(InvokeMethod.java:17)
	at org.junit.runners.ParentRunner.runLeaf(ParentRunner.java:271)
	at org.junit.runners.BlockJUnit4ClassRunner.runChild(BlockJUnit4ClassRunner.java:70)
	at org.junit.runners.BlockJUnit4ClassRunner.runChild(BlockJUnit4ClassRunner.java:50)
	at org.junit.runners.ParentRunner$3.run(ParentRunner.java:238)
	at org.junit.runners.ParentRunner$1.schedule(ParentRunner.java:63)
	at org.junit.runners.ParentRunner.runChildren(ParentRunner.java:236)
	at org.junit.runners.ParentRunner.access$000(ParentRunner.java:53)
	at org.junit.runners.ParentRunner$2.evaluate(ParentRunner.java:229)
	at org.junit.runners.ParentRunner.run(ParentRunner.java:309)
	at org.apache.maven.surefire.junit4.JUnit4Provider.execute(JUnit4Provider.java:365)
	at org.apache.maven.surefire.junit4.JUnit4Provider.executeWithRerun(JUnit4Provider.java:273)
	at org.apache.maven.surefire.junit4.JUnit4Provider.executeTestSet(JUnit4Provider.java:238)
	at org.apache.maven.surefire.junit4.JUnit4Provider.invoke(JUnit4Provider.java:159)
	at org.apache.maven.surefire.booter.ForkedBooter.invokeProviderInSameClassLoader(ForkedBooter.java:384)
	at org.apache.maven.surefire.booter.ForkedBooter.runSuitesInProcess(ForkedBooter.java:345)
	at org.apache.maven.surefire.booter.ForkedBooter.execute(ForkedBooter.java:126)
	at org.apache.maven.surefire.booter.ForkedBooter.main(ForkedBooter.java:418)
</error>
    <system-out><![CDATA[2019-10-04 11:32:07,566 [main] WARN  server.ServerUtils (ServerUtils.java:getScmDbDir(145)) - ozone.scm.db.dirs is not configured. We recommend adding this setting. Falling back to ozone.metadata.dirs instead.
2019-10-04 11:32:07,581 [main] WARN  server.ServerUtils (ServerUtils.java:getScmDbDir(145)) - ozone.scm.db.dirs is not configured. We recommend adding this setting. Falling back to ozone.metadata.dirs instead.
2019-10-04 11:32:07,582 [main] WARN  server.ServerUtils (ServerUtils.java:getScmDbDir(145)) - ozone.scm.db.dirs is not configured. We recommend adding this setting. Falling back to ozone.metadata.dirs instead.
2019-10-04 11:32:07,583 [main] INFO  db.DBStoreBuilder (DBStoreBuilder.java:addTable(117)) - using custom profile for table: deletedBlocks
2019-10-04 11:32:07,583 [main] INFO  db.DBStoreBuilder (DBStoreBuilder.java:processTables(168)) - Using default column profile:DBProfile.DISK for Table:deletedBlocks
2019-10-04 11:32:07,584 [main] INFO  db.DBStoreBuilder (DBStoreBuilder.java:addTable(117)) - using custom profile for table: validCerts
2019-10-04 11:32:07,584 [main] INFO  db.DBStoreBuilder (DBStoreBuilder.java:processTables(168)) - Using default column profile:DBProfile.DISK for Table:validCerts
2019-10-04 11:32:07,584 [main] INFO  db.DBStoreBuilder (DBStoreBuilder.java:addTable(117)) - using custom profile for table: revokedCerts
2019-10-04 11:32:07,584 [main] INFO  db.DBStoreBuilder (DBStoreBuilder.java:processTables(168)) - Using default column profile:DBProfile.DISK for Table:revokedCerts
2019-10-04 11:32:07,585 [main] INFO  db.DBStoreBuilder (DBStoreBuilder.java:addTable(117)) - using custom profile for table: default
2019-10-04 11:32:07,585 [main] INFO  db.DBStoreBuilder (DBStoreBuilder.java:processTables(174)) - Using default column profile:DBProfile.DISK for Table:default
2019-10-04 11:32:07,585 [main] INFO  db.DBStoreBuilder (DBStoreBuilder.java:getDbProfile(205)) - Using default options. DBProfile.DISK
2019-10-04 11:32:07,690 [main] INFO  net.NodeSchemaLoader (NodeSchemaLoader.java:loadSchemaFromFile(125)) - Loading file from sun.misc.CompoundEnumeration@7d3691e1
2019-10-04 11:32:07,690 [main] INFO  net.NodeSchemaLoader (NodeSchemaLoader.java:loadSchema(171)) - Loading network topology layer schema file
2019-10-04 11:32:07,697 [main] WARN  server.ServerUtils (ServerUtils.java:sanitizeUserArgs(70)) - ozone.scm.stale.node.interval value = 300000 is larger than max = 100000 based on the key value of ozone.scm.heartbeat.thread.interval, reset to the max value 100000.
2019-10-04 11:32:07,697 [main] WARN  server.ServerUtils (ServerUtils.java:sanitizeUserArgs(70)) - ozone.scm.stale.node.interval value = 300000 is larger than max = 100000 based on the key value of ozone.scm.heartbeat.thread.interval, reset to the max value 100000.
2019-10-04 11:32:07,698 [main] INFO  node.SCMNodeManager (SCMNodeManager.java:<init>(114)) - Entering startup safe mode.
2019-10-04 11:32:07,698 [main] INFO  algorithms.ContainerPlacementPolicyFactory (ContainerPlacementPolicyFactory.java:getPolicy(57)) - Create container placement policy of type org.apache.hadoop.hdds.scm.container.placement.algorithms.SCMContainerPlacementRandom
2019-10-04 11:32:07,699 [main] WARN  server.ServerUtils (ServerUtils.java:getScmDbDir(145)) - ozone.scm.db.dirs is not configured. We recommend adding this setting. Falling back to ozone.metadata.dirs instead.
2019-10-04 11:32:07,721 [main] INFO  pipeline.SCMPipelineManager (SCMPipelineManager.java:initializePipelineState(132)) - No pipeline exists in current db
2019-10-04 11:32:07,722 [main] WARN  server.ServerUtils (ServerUtils.java:getScmDbDir(145)) - ozone.scm.db.dirs is not configured. We recommend adding this setting. Falling back to ozone.metadata.dirs instead.
2019-10-04 11:32:07,746 [main] WARN  events.EventQueue (EventQueue.java:fireEvent(183)) - No event handler registered for event TypedEvent{payloadType=SafeModeStatus, name='SafeModeStatus'}
2019-10-04 11:32:07,747 [main] INFO  ipc.CallQueueManager (CallQueueManager.java:<init>(84)) - Using callQueue: class java.util.concurrent.LinkedBlockingQueue, queueCapacity: 2000, scheduler: class org.apache.hadoop.ipc.DefaultRpcScheduler, ipcBackoff: false.
2019-10-04 11:32:07,749 [Socket Reader #1 for port 34651] INFO  ipc.Server (Server.java:run(1074)) - Starting Socket Reader #1 for port 34651
2019-10-04 11:32:07,751 [main] INFO  ipc.CallQueueManager (CallQueueManager.java:<init>(84)) - Using callQueue: class java.util.concurrent.LinkedBlockingQueue, queueCapacity: 2000, scheduler: class org.apache.hadoop.ipc.DefaultRpcScheduler, ipcBackoff: false.
2019-10-04 11:32:07,752 [Socket Reader #1 for port 39259] INFO  ipc.Server (Server.java:run(1074)) - Starting Socket Reader #1 for port 39259
2019-10-04 11:32:07,754 [main] INFO  ipc.CallQueueManager (CallQueueManager.java:<init>(84)) - Using callQueue: class java.util.concurrent.LinkedBlockingQueue, queueCapacity: 2000, scheduler: class org.apache.hadoop.ipc.DefaultRpcScheduler, ipcBackoff: false.
2019-10-04 11:32:07,754 [Socket Reader #1 for port 42893] INFO  ipc.Server (Server.java:run(1074)) - Starting Socket Reader #1 for port 42893
2019-10-04 11:32:07,758 [main] INFO  hdfs.DFSUtil (DFSUtil.java:httpServerTemplateForNNAndJN(1641)) - Starting Web-server for scm at: http://0.0.0.0:0
2019-10-04 11:32:07,760 [main] INFO  server.AuthenticationFilter (AuthenticationFilter.java:constructSecretProvider(240)) - Unable to initialize FileSignerSecretProvider, falling back to use random secrets.
2019-10-04 11:32:07,761 [main] WARN  http.HttpRequestLog (HttpRequestLog.java:getRequestLog(97)) - Jetty request log can only be enabled using Log4j
2019-10-04 11:32:07,763 [main] INFO  http.HttpServer2 (HttpServer2.java:addGlobalFilter(975)) - Added global filter 'safety' (class=org.apache.hadoop.http.HttpServer2$QuotingInputFilter)
2019-10-04 11:32:07,764 [main] INFO  http.HttpServer2 (HttpServer2.java:addFilter(948)) - Added filter static_user_filter (class=org.apache.hadoop.http.lib.StaticUserWebFilter$StaticUserFilter) to context scm
2019-10-04 11:32:07,764 [main] INFO  http.HttpServer2 (HttpServer2.java:addFilter(958)) - Added filter static_user_filter (class=org.apache.hadoop.http.lib.StaticUserWebFilter$StaticUserFilter) to context logs
2019-10-04 11:32:07,764 [main] INFO  http.HttpServer2 (HttpServer2.java:addFilter(958)) - Added filter static_user_filter (class=org.apache.hadoop.http.lib.StaticUserWebFilter$StaticUserFilter) to context static
2019-10-04 11:32:07,767 [main] INFO  server.StorageContainerManager (StorageContainerManager.java:start(770)) - StorageContainerLocationProtocol RPC server is listening at /0.0.0.0:42893
2019-10-04 11:32:07,769 [main] WARN  impl.MetricsConfig (MetricsConfig.java:loadFirst(134)) - Cannot locate configuration: tried hadoop-metrics2-storagecontainermanager.properties,hadoop-metrics2.properties
2019-10-04 11:32:07,770 [main] INFO  impl.MetricsSystemImpl (MetricsSystemImpl.java:startTimer(374)) - Scheduled Metric snapshot period at 10 second(s).
2019-10-04 11:32:07,770 [main] INFO  impl.MetricsSystemImpl (MetricsSystemImpl.java:start(191)) - StorageContainerManager metrics system started
2019-10-04 11:32:07,853 [main] WARN  impl.MetricsSystemImpl (MetricsSystemImpl.java:register(276)) - Sink prometheus already exists!
2019-10-04 11:32:07,963 [main] INFO  server.SCMClientProtocolServer (SCMClientProtocolServer.java:start(159)) - RPC server for Client  is listening at /0.0.0.0:42893
2019-10-04 11:32:07,964 [IPC Server Responder] INFO  ipc.Server (Server.java:run(1314)) - IPC Server Responder: starting
2019-10-04 11:32:07,964 [IPC Server listener on 42893] INFO  ipc.Server (Server.java:run(1153)) - IPC Server listener on 42893: starting
2019-10-04 11:32:07,969 [main] INFO  server.StorageContainerManager (StorageContainerManager.java:start(780)) - ScmBlockLocationProtocol RPC server is listening at /0.0.0.0:39259
2019-10-04 11:32:07,969 [main] INFO  server.SCMBlockProtocolServer (SCMBlockProtocolServer.java:start(146)) - RPC server for Block Protocol is listening at /0.0.0.0:39259
2019-10-04 11:32:07,970 [IPC Server Responder] INFO  ipc.Server (Server.java:run(1314)) - IPC Server Responder: starting
2019-10-04 11:32:07,971 [IPC Server listener on 39259] INFO  ipc.Server (Server.java:run(1153)) - IPC Server listener on 39259: starting
2019-10-04 11:32:07,974 [main] INFO  server.StorageContainerManager (StorageContainerManager.java:start(784)) - ScmDatanodeProtocl RPC server is listening at /0.0.0.0:34651
2019-10-04 11:32:07,974 [main] INFO  server.SCMDatanodeProtocolServer (SCMDatanodeProtocolServer.java:start(169)) - RPC server for DataNodes is listening at /0.0.0.0:34651
2019-10-04 11:32:07,975 [IPC Server Responder] INFO  ipc.Server (Server.java:run(1314)) - IPC Server Responder: starting
2019-10-04 11:32:07,975 [IPC Server listener on 34651] INFO  ipc.Server (Server.java:run(1153)) - IPC Server listener on 34651: starting
2019-10-04 11:32:07,979 [main] INFO  http.HttpServer2 (HttpServer2.java:bindListener(1191)) - Jetty bound to port 44295
2019-10-04 11:32:07,980 [main] INFO  server.Server (Server.java:doStart(351)) - jetty-9.3.25.v20180904, build timestamp: 2018-09-04T21:11:46Z, git hash: 3ce520221d0240229c862b122d2b06c12a625732
2019-10-04 11:32:07,981 [main] INFO  handler.ContextHandler (ContextHandler.java:doStart(781)) - Started o.e.j.s.ServletContextHandler@395f52ed{/logs,file:///workdir/hadoop-ozone/integration-test/target/log,AVAILABLE}
2019-10-04 11:32:07,982 [main] INFO  handler.ContextHandler (ContextHandler.java:doStart(781)) - Started o.e.j.s.ServletContextHandler@102c18e{/static,file:///workdir/hadoop-ozone/integration-test/target/test-classes/webapps/static,AVAILABLE}
2019-10-04 11:32:07,986 [main] INFO  handler.ContextHandler (ContextHandler.java:doStart(781)) - Started o.e.j.w.WebAppContext@320be73{/,file:///workdir/hadoop-ozone/integration-test/target/test-classes/webapps/scm/,AVAILABLE}{/scm}
2019-10-04 11:32:07,987 [main] INFO  server.AbstractConnector (AbstractConnector.java:doStart(278)) - Started ServerConnector@435e416c{HTTP/1.1,[http/1.1]}{0.0.0.0:44295}
2019-10-04 11:32:07,992 [main] INFO  server.Server (Server.java:doStart(419)) - Started @229890ms
2019-10-04 11:32:07,992 [main] WARN  impl.MetricsSystemImpl (MetricsSystemImpl.java:register(276)) - Sink prometheus already exists!
2019-10-04 11:32:07,999 [main] INFO  server.BaseHttpServer (BaseHttpServer.java:updateConnectorAddress(215)) - HTTP server of SCM is listening at http://0.0.0.0:44295
2019-10-04 11:32:08,000 [main] WARN  server.ServerUtils (ServerUtils.java:getDBPath(222)) - ozone.om.db.dirs is not configured. We recommend adding this setting. Falling back to ozone.metadata.dirs instead.
2019-10-04 11:32:08,001 [org.apache.hadoop.util.JvmPauseMonitor$Monitor@4aed311e] INFO  util.JvmPauseMonitor (JvmPauseMonitor.java:run(188)) - Starting JVM pause monitor
2019-10-04 11:32:08,015 [main] INFO  ha.OMHANodeDetails (OMHANodeDetails.java:loadOMHAConfig(190)) - Configuration either no ozone.om.address set. Falling back to the default OM address /127.0.0.1:0
2019-10-04 11:32:08,015 [main] INFO  ha.OMHANodeDetails (OMHANodeDetails.java:getOMNodeDetails(220)) - OM Service ID is not set. Setting it to the default ID: omServiceIdDefault
2019-10-04 11:32:08,016 [main] WARN  server.ServerUtils (ServerUtils.java:getDBPath(222)) - ozone.om.db.dirs is not configured. We recommend adding this setting. Falling back to ozone.metadata.dirs instead.
2019-10-04 11:32:08,016 [main] WARN  server.ServerUtils (ServerUtils.java:getDBPath(222)) - ozone.om.db.dirs is not configured. We recommend adding this setting. Falling back to ozone.metadata.dirs instead.
2019-10-04 11:32:08,023 [main] WARN  server.ServerUtils (ServerUtils.java:getDBPath(222)) - ozone.om.db.dirs is not configured. We recommend adding this setting. Falling back to ozone.metadata.dirs instead.
2019-10-04 11:32:08,023 [main] INFO  db.DBStoreBuilder (DBStoreBuilder.java:addTable(117)) - using custom profile for table: userTable
2019-10-04 11:32:08,024 [main] INFO  db.DBStoreBuilder (DBStoreBuilder.java:processTables(168)) - Using default column profile:DBProfile.DISK for Table:userTable
2019-10-04 11:32:08,024 [main] INFO  db.DBStoreBuilder (DBStoreBuilder.java:addTable(117)) - using custom profile for table: volumeTable
2019-10-04 11:32:08,024 [main] INFO  db.DBStoreBuilder (DBStoreBuilder.java:processTables(168)) - Using default column profile:DBProfile.DISK for Table:volumeTable
2019-10-04 11:32:08,024 [main] INFO  db.DBStoreBuilder (DBStoreBuilder.java:addTable(117)) - using custom profile for table: bucketTable
2019-10-04 11:32:08,024 [main] INFO  db.DBStoreBuilder (DBStoreBuilder.java:processTables(168)) - Using default column profile:DBProfile.DISK for Table:bucketTable
2019-10-04 11:32:08,024 [main] INFO  db.DBStoreBuilder (DBStoreBuilder.java:addTable(117)) - using custom profile for table: keyTable
2019-10-04 11:32:08,025 [main] INFO  db.DBStoreBuilder (DBStoreBuilder.java:processTables(168)) - Using default column profile:DBProfile.DISK for Table:keyTable
2019-10-04 11:32:08,025 [main] INFO  db.DBStoreBuilder (DBStoreBuilder.java:addTable(117)) - using custom profile for table: deletedTable
2019-10-04 11:32:08,025 [main] INFO  db.DBStoreBuilder (DBStoreBuilder.java:processTables(168)) - Using default column profile:DBProfile.DISK for Table:deletedTable
2019-10-04 11:32:08,025 [main] INFO  db.DBStoreBuilder (DBStoreBuilder.java:addTable(117)) - using custom profile for table: openKeyTable
2019-10-04 11:32:08,025 [main] INFO  db.DBStoreBuilder (DBStoreBuilder.java:processTables(168)) - Using default column profile:DBProfile.DISK for Table:openKeyTable
2019-10-04 11:32:08,025 [main] INFO  db.DBStoreBuilder (DBStoreBuilder.java:addTable(117)) - using custom profile for table: s3Table
2019-10-04 11:32:08,026 [main] INFO  db.DBStoreBuilder (DBStoreBuilder.java:processTables(168)) - Using default column profile:DBProfile.DISK for Table:s3Table
2019-10-04 11:32:08,026 [main] INFO  db.DBStoreBuilder (DBStoreBuilder.java:addTable(117)) - using custom profile for table: multipartInfoTable
2019-10-04 11:32:08,026 [main] INFO  db.DBStoreBuilder (DBStoreBuilder.java:processTables(168)) - Using default column profile:DBProfile.DISK for Table:multipartInfoTable
2019-10-04 11:32:08,026 [main] INFO  db.DBStoreBuilder (DBStoreBuilder.java:addTable(117)) - using custom profile for table: dTokenTable
2019-10-04 11:32:08,026 [main] INFO  db.DBStoreBuilder (DBStoreBuilder.java:processTables(168)) - Using default column profile:DBProfile.DISK for Table:dTokenTable
2019-10-04 11:32:08,026 [main] INFO  db.DBStoreBuilder (DBStoreBuilder.java:addTable(117)) - using custom profile for table: s3SecretTable
2019-10-04 11:32:08,027 [main] INFO  db.DBStoreBuilder (DBStoreBuilder.java:processTables(168)) - Using default column profile:DBProfile.DISK for Table:s3SecretTable
2019-10-04 11:32:08,027 [main] INFO  db.DBStoreBuilder (DBStoreBuilder.java:addTable(117)) - using custom profile for table: prefixTable
2019-10-04 11:32:08,027 [main] INFO  db.DBStoreBuilder (DBStoreBuilder.java:processTables(168)) - Using default column profile:DBProfile.DISK for Table:prefixTable
2019-10-04 11:32:08,027 [main] INFO  db.DBStoreBuilder (DBStoreBuilder.java:addTable(117)) - using custom profile for table: default
2019-10-04 11:32:08,027 [main] INFO  db.DBStoreBuilder (DBStoreBuilder.java:processTables(174)) - Using default column profile:DBProfile.DISK for Table:default
2019-10-04 11:32:08,027 [main] INFO  db.DBStoreBuilder (DBStoreBuilder.java:getDbProfile(205)) - Using default options. DBProfile.DISK
2019-10-04 11:32:08,407 [main] INFO  ipc.CallQueueManager (CallQueueManager.java:<init>(84)) - Using callQueue: class java.util.concurrent.LinkedBlockingQueue, queueCapacity: 2000, scheduler: class org.apache.hadoop.ipc.DefaultRpcScheduler, ipcBackoff: false.
2019-10-04 11:32:08,408 [Socket Reader #1 for port 43091] INFO  ipc.Server (Server.java:run(1074)) - Starting Socket Reader #1 for port 43091
2019-10-04 11:32:08,428 [main] INFO  om.OzoneManager (OzoneManager.java:start(1069)) - OzoneManager RPC server is listening at localhost/127.0.0.1:43091
2019-10-04 11:32:08,429 [main] INFO  impl.MetricsSystemImpl (MetricsSystemImpl.java:init(158)) - OzoneManager metrics system started (again)
2019-10-04 11:32:08,430 [IPC Server listener on 43091] INFO  ipc.Server (Server.java:run(1153)) - IPC Server listener on 43091: starting
2019-10-04 11:32:08,430 [IPC Server Responder] INFO  ipc.Server (Server.java:run(1314)) - IPC Server Responder: starting
2019-10-04 11:32:08,436 [main] INFO  hdfs.DFSUtil (DFSUtil.java:httpServerTemplateForNNAndJN(1641)) - Starting Web-server for ozoneManager at: http://0.0.0.0:0
2019-10-04 11:32:08,438 [main] INFO  server.AuthenticationFilter (AuthenticationFilter.java:constructSecretProvider(240)) - Unable to initialize FileSignerSecretProvider, falling back to use random secrets.
2019-10-04 11:32:08,438 [main] WARN  http.HttpRequestLog (HttpRequestLog.java:getRequestLog(97)) - Jetty request log can only be enabled using Log4j
2019-10-04 11:32:08,441 [main] INFO  http.HttpServer2 (HttpServer2.java:addGlobalFilter(975)) - Added global filter 'safety' (class=org.apache.hadoop.http.HttpServer2$QuotingInputFilter)
2019-10-04 11:32:08,442 [main] INFO  http.HttpServer2 (HttpServer2.java:addFilter(948)) - Added filter static_user_filter (class=org.apache.hadoop.http.lib.StaticUserWebFilter$StaticUserFilter) to context ozoneManager
2019-10-04 11:32:08,442 [main] INFO  http.HttpServer2 (HttpServer2.java:addFilter(958)) - Added filter static_user_filter (class=org.apache.hadoop.http.lib.StaticUserWebFilter$StaticUserFilter) to context logs
2019-10-04 11:32:08,442 [main] INFO  http.HttpServer2 (HttpServer2.java:addFilter(958)) - Added filter static_user_filter (class=org.apache.hadoop.http.lib.StaticUserWebFilter$StaticUserFilter) to context static
2019-10-04 11:32:08,443 [main] INFO  http.HttpServer2 (HttpServer2.java:bindListener(1191)) - Jetty bound to port 43573
2019-10-04 11:32:08,443 [main] INFO  server.Server (Server.java:doStart(351)) - jetty-9.3.25.v20180904, build timestamp: 2018-09-04T21:11:46Z, git hash: 3ce520221d0240229c862b122d2b06c12a625732
2019-10-04 11:32:08,445 [main] INFO  handler.ContextHandler (ContextHandler.java:doStart(781)) - Started o.e.j.s.ServletContextHandler@2c6c302f{/logs,file:///workdir/hadoop-ozone/integration-test/target/log,AVAILABLE}
2019-10-04 11:32:08,446 [main] INFO  handler.ContextHandler (ContextHandler.java:doStart(781)) - Started o.e.j.s.ServletContextHandler@39023dbf{/static,file:///workdir/hadoop-ozone/integration-test/target/test-classes/webapps/static,AVAILABLE}
2019-10-04 11:32:08,450 [main] INFO  handler.ContextHandler (ContextHandler.java:doStart(781)) - Started o.e.j.w.WebAppContext@2871ac91{/,file:///workdir/hadoop-ozone/integration-test/target/test-classes/webapps/ozoneManager/,AVAILABLE}{/ozoneManager}
2019-10-04 11:32:08,451 [main] INFO  server.AbstractConnector (AbstractConnector.java:doStart(278)) - Started ServerConnector@3c54ddec{HTTP/1.1,[http/1.1]}{0.0.0.0:43573}
2019-10-04 11:32:08,452 [main] INFO  server.Server (Server.java:doStart(419)) - Started @230351ms
2019-10-04 11:32:08,453 [main] WARN  impl.MetricsSystemImpl (MetricsSystemImpl.java:register(276)) - Sink prometheus already exists!
2019-10-04 11:32:08,453 [main] INFO  server.BaseHttpServer (BaseHttpServer.java:updateConnectorAddress(215)) - HTTP server of OZONEMANAGER is listening at http://0.0.0.0:43573
2019-10-04 11:32:08,471 [main] INFO  impl.MetricsSystemImpl (MetricsSystemImpl.java:init(158)) - HddsDatanode metrics system started (again)
2019-10-04 11:32:08,475 [main] INFO  ozone.HddsDatanodeService (HddsDatanodeService.java:start(184)) - HddsDatanodeService host:pr-hdds-2204-72899-789710998 ip:192.168.151.72
2019-10-04 11:32:08,483 [main] INFO  volume.HddsVolume (HddsVolume.java:<init>(176)) - Creating Volume: /workdir/hadoop-ozone/integration-test/target/test-dir/MiniOzoneClusterImpl-9d12ad6e-bf5e-478e-b9e0-f850324b2238/datanode-0/data/containers/hdds of  storage type : DISK and capacity : 1482555576320
2019-10-04 11:32:08,483 [main] INFO  volume.VolumeSet (VolumeSet.java:initializeVolumeSet(170)) - Added Volume : /workdir/hadoop-ozone/integration-test/target/test-dir/MiniOzoneClusterImpl-9d12ad6e-bf5e-478e-b9e0-f850324b2238/datanode-0/data/containers/hdds to VolumeSet
2019-10-04 11:32:08,484 [main] INFO  volume.ThrottledAsyncChecker (ThrottledAsyncChecker.java:schedule(139)) - Scheduling a check for org.apache.hadoop.ozone.container.common.volume.HddsVolume@752b69e3
2019-10-04 11:32:08,486 [main] INFO  volume.HddsVolumeChecker (HddsVolumeChecker.java:checkAllVolumes(202)) - Scheduled health check for volume org.apache.hadoop.ozone.container.common.volume.HddsVolume@752b69e3
2019-10-04 11:32:08,507 [main] INFO  impl.RaftServerProxy (ConfUtils.java:logGet(43)) - raft.rpc.type = GRPC (default)
2019-10-04 11:32:08,507 [main] INFO  grpc.GrpcFactory (GrpcFactory.java:checkPooledByteBufAllocatorUseCacheForAllThreads(45)) - PERFORMANCE WARNING: useCacheForAllThreads is true that may cause Netty to create a lot garbage objects and, as a result, trigger GC.
	It is recommended to disable useCacheForAllThreads by setting -Dorg.apache.ratis.thirdparty.io.netty.allocator.useCacheForAllThreads=false in command line.
2019-10-04 11:32:08,507 [main] INFO  grpc.GrpcConfigKeys$Server (ConfUtils.java:logGet(43)) - raft.grpc.server.port = 0 (default)
2019-10-04 11:32:08,508 [main] INFO  server.GrpcService (ConfUtils.java:logGet(43)) - raft.grpc.message.size.max = 33570816 (custom)
2019-10-04 11:32:08,508 [main] INFO  server.RaftServerConfigKeys (ConfUtils.java:logGet(43)) - raft.server.log.appender.buffer.byte-limit = 33554432 (custom)
2019-10-04 11:32:08,508 [main] INFO  server.GrpcService (ConfUtils.java:logGet(43)) - raft.grpc.flow.control.window = 1MB (=1048576) (default)
2019-10-04 11:32:08,508 [main] INFO  server.RaftServerConfigKeys (ConfUtils.java:logGet(43)) - raft.server.rpc.request.timeout = 3000ms (default)
2019-10-04 11:32:08,509 [main] INFO  server.RaftServerConfigKeys (ConfUtils.java:logGet(43)) - raft.server.storage.dir = [/workdir/hadoop-ozone/integration-test/target/test-dir/MiniOzoneClusterImpl-9d12ad6e-bf5e-478e-b9e0-f850324b2238/datanode-0/data/ratis] (custom)
2019-10-04 11:32:08,511 [main] INFO  hdfs.DFSUtil (DFSUtil.java:httpServerTemplateForNNAndJN(1641)) - Starting Web-server for hddsDatanode at: http://0.0.0.0:0
2019-10-04 11:32:08,513 [main] INFO  server.AuthenticationFilter (AuthenticationFilter.java:constructSecretProvider(240)) - Unable to initialize FileSignerSecretProvider, falling back to use random secrets.
2019-10-04 11:32:08,513 [main] WARN  http.HttpRequestLog (HttpRequestLog.java:getRequestLog(97)) - Jetty request log can only be enabled using Log4j
2019-10-04 11:32:08,515 [main] INFO  http.HttpServer2 (HttpServer2.java:addGlobalFilter(975)) - Added global filter 'safety' (class=org.apache.hadoop.http.HttpServer2$QuotingInputFilter)
2019-10-04 11:32:08,516 [main] INFO  http.HttpServer2 (HttpServer2.java:addFilter(948)) - Added filter static_user_filter (class=org.apache.hadoop.http.lib.StaticUserWebFilter$StaticUserFilter) to context hddsDatanode
2019-10-04 11:32:08,516 [main] INFO  http.HttpServer2 (HttpServer2.java:addFilter(958)) - Added filter static_user_filter (class=org.apache.hadoop.http.lib.StaticUserWebFilter$StaticUserFilter) to context logs
2019-10-04 11:32:08,516 [main] INFO  http.HttpServer2 (HttpServer2.java:addFilter(958)) - Added filter static_user_filter (class=org.apache.hadoop.http.lib.StaticUserWebFilter$StaticUserFilter) to context static
2019-10-04 11:32:08,517 [main] INFO  http.HttpServer2 (HttpServer2.java:bindListener(1191)) - Jetty bound to port 45595
2019-10-04 11:32:08,517 [main] INFO  server.Server (Server.java:doStart(351)) - jetty-9.3.25.v20180904, build timestamp: 2018-09-04T21:11:46Z, git hash: 3ce520221d0240229c862b122d2b06c12a625732
2019-10-04 11:32:08,519 [main] INFO  handler.ContextHandler (ContextHandler.java:doStart(781)) - Started o.e.j.s.ServletContextHandler@637c840d{/logs,file:///workdir/hadoop-ozone/integration-test/target/log,AVAILABLE}
2019-10-04 11:32:08,520 [main] INFO  handler.ContextHandler (ContextHandler.java:doStart(781)) - Started o.e.j.s.ServletContextHandler@463afa6e{/static,jar:file:/home/user/.m2/repository/org/apache/hadoop/hadoop-hdds-container-service/0.5.0-SNAPSHOT/hadoop-hdds-container-service-0.5.0-SNAPSHOT.jar!/webapps/static,AVAILABLE}
2019-10-04 11:32:08,560 [main] INFO  handler.ContextHandler (ContextHandler.java:doStart(781)) - Started o.e.j.w.WebAppContext@6c951ada{/,file:///tmp/jetty-0.0.0.0-45595-hddsDatanode-_-any-3572943370862131092.dir/webapp/,AVAILABLE}{/hddsDatanode}
2019-10-04 11:32:08,560 [main] INFO  server.AbstractConnector (AbstractConnector.java:doStart(278)) - Started ServerConnector@67b61834{HTTP/1.1,[http/1.1]}{0.0.0.0:45595}
2019-10-04 11:32:08,561 [main] INFO  server.Server (Server.java:doStart(419)) - Started @230460ms
2019-10-04 11:32:08,562 [main] WARN  impl.MetricsSystemImpl (MetricsSystemImpl.java:register(276)) - Sink prometheus already exists!
2019-10-04 11:32:08,562 [main] INFO  server.BaseHttpServer (BaseHttpServer.java:updateConnectorAddress(215)) - HTTP server of HDDSDATANODE is listening at http://0.0.0.0:45595
2019-10-04 11:32:08,563 [main] INFO  impl.MetricsSystemImpl (MetricsSystemImpl.java:init(158)) - HddsDatanode metrics system started (again)
2019-10-04 11:32:08,567 [org.apache.hadoop.util.JvmPauseMonitor$Monitor@2fee68fc] INFO  util.JvmPauseMonitor (JvmPauseMonitor.java:run(188)) - Starting JVM pause monitor
2019-10-04 11:32:08,567 [main] INFO  ozone.HddsDatanodeService (HddsDatanodeService.java:start(184)) - HddsDatanodeService host:pr-hdds-2204-72899-789710998 ip:192.168.151.72
2019-10-04 11:32:08,568 [Datanode State Machine Thread - 0] INFO  datanode.InitDatanodeState (InitDatanodeState.java:persistContainerDatanodeDetails(140)) - DatanodeDetails is persisted to /workdir/hadoop-ozone/integration-test/target/test-dir/MiniOzoneClusterImpl-9d12ad6e-bf5e-478e-b9e0-f850324b2238/datanode-0/meta/datanode.id
2019-10-04 11:32:08,573 [main] INFO  volume.HddsVolume (HddsVolume.java:<init>(176)) - Creating Volume: /workdir/hadoop-ozone/integration-test/target/test-dir/MiniOzoneClusterImpl-9d12ad6e-bf5e-478e-b9e0-f850324b2238/datanode-1/data/containers/hdds of  storage type : DISK and capacity : 1482555576320
2019-10-04 11:32:08,574 [main] INFO  volume.VolumeSet (VolumeSet.java:initializeVolumeSet(170)) - Added Volume : /workdir/hadoop-ozone/integration-test/target/test-dir/MiniOzoneClusterImpl-9d12ad6e-bf5e-478e-b9e0-f850324b2238/datanode-1/data/containers/hdds to VolumeSet
2019-10-04 11:32:08,574 [main] INFO  volume.ThrottledAsyncChecker (ThrottledAsyncChecker.java:schedule(139)) - Scheduling a check for org.apache.hadoop.ozone.container.common.volume.HddsVolume@367d34c0
2019-10-04 11:32:08,574 [main] INFO  volume.HddsVolumeChecker (HddsVolumeChecker.java:checkAllVolumes(202)) - Scheduled health check for volume org.apache.hadoop.ozone.container.common.volume.HddsVolume@367d34c0
2019-10-04 11:32:08,587 [main] INFO  impl.RaftServerProxy (ConfUtils.java:logGet(43)) - raft.rpc.type = GRPC (default)
2019-10-04 11:32:08,587 [main] INFO  grpc.GrpcFactory (GrpcFactory.java:checkPooledByteBufAllocatorUseCacheForAllThreads(45)) - PERFORMANCE WARNING: useCacheForAllThreads is true that may cause Netty to create a lot garbage objects and, as a result, trigger GC.
	It is recommended to disable useCacheForAllThreads by setting -Dorg.apache.ratis.thirdparty.io.netty.allocator.useCacheForAllThreads=false in command line.
2019-10-04 11:32:08,587 [main] INFO  grpc.GrpcConfigKeys$Server (ConfUtils.java:logGet(43)) - raft.grpc.server.port = 0 (default)
2019-10-04 11:32:08,588 [main] INFO  server.GrpcService (ConfUtils.java:logGet(43)) - raft.grpc.message.size.max = 33570816 (custom)
2019-10-04 11:32:08,588 [main] INFO  server.RaftServerConfigKeys (ConfUtils.java:logGet(43)) - raft.server.log.appender.buffer.byte-limit = 33554432 (custom)
2019-10-04 11:32:08,588 [main] INFO  server.GrpcService (ConfUtils.java:logGet(43)) - raft.grpc.flow.control.window = 1MB (=1048576) (default)
2019-10-04 11:32:08,588 [main] INFO  server.RaftServerConfigKeys (ConfUtils.java:logGet(43)) - raft.server.rpc.request.timeout = 3000ms (default)
2019-10-04 11:32:08,588 [main] INFO  server.RaftServerConfigKeys (ConfUtils.java:logGet(43)) - raft.server.storage.dir = [/workdir/hadoop-ozone/integration-test/target/test-dir/MiniOzoneClusterImpl-9d12ad6e-bf5e-478e-b9e0-f850324b2238/datanode-1/data/ratis] (custom)
2019-10-04 11:32:08,590 [main] INFO  hdfs.DFSUtil (DFSUtil.java:httpServerTemplateForNNAndJN(1641)) - Starting Web-server for hddsDatanode at: http://0.0.0.0:0
2019-10-04 11:32:08,591 [main] INFO  server.AuthenticationFilter (AuthenticationFilter.java:constructSecretProvider(240)) - Unable to initialize FileSignerSecretProvider, falling back to use random secrets.
2019-10-04 11:32:08,591 [main] WARN  http.HttpRequestLog (HttpRequestLog.java:getRequestLog(97)) - Jetty request log can only be enabled using Log4j
2019-10-04 11:32:08,592 [main] INFO  http.HttpServer2 (HttpServer2.java:addGlobalFilter(975)) - Added global filter 'safety' (class=org.apache.hadoop.http.HttpServer2$QuotingInputFilter)
2019-10-04 11:32:08,593 [main] INFO  http.HttpServer2 (HttpServer2.java:addFilter(948)) - Added filter static_user_filter (class=org.apache.hadoop.http.lib.StaticUserWebFilter$StaticUserFilter) to context hddsDatanode
2019-10-04 11:32:08,593 [main] INFO  http.HttpServer2 (HttpServer2.java:addFilter(958)) - Added filter static_user_filter (class=org.apache.hadoop.http.lib.StaticUserWebFilter$StaticUserFilter) to context static
2019-10-04 11:32:08,593 [main] INFO  http.HttpServer2 (HttpServer2.java:addFilter(958)) - Added filter static_user_filter (class=org.apache.hadoop.http.lib.StaticUserWebFilter$StaticUserFilter) to context logs
2019-10-04 11:32:08,593 [main] INFO  http.HttpServer2 (HttpServer2.java:bindListener(1191)) - Jetty bound to port 33303
2019-10-04 11:32:08,594 [main] INFO  server.Server (Server.java:doStart(351)) - jetty-9.3.25.v20180904, build timestamp: 2018-09-04T21:11:46Z, git hash: 3ce520221d0240229c862b122d2b06c12a625732
2019-10-04 11:32:08,595 [main] INFO  handler.ContextHandler (ContextHandler.java:doStart(781)) - Started o.e.j.s.ServletContextHandler@3815146b{/logs,file:///workdir/hadoop-ozone/integration-test/target/log,AVAILABLE}
2019-10-04 11:32:08,596 [main] INFO  handler.ContextHandler (ContextHandler.java:doStart(781)) - Started o.e.j.s.ServletContextHandler@27a9f025{/static,jar:file:/home/user/.m2/repository/org/apache/hadoop/hadoop-hdds-container-service/0.5.0-SNAPSHOT/hadoop-hdds-container-service-0.5.0-SNAPSHOT.jar!/webapps/static,AVAILABLE}
2019-10-04 11:32:08,623 [main] INFO  handler.ContextHandler (ContextHandler.java:doStart(781)) - Started o.e.j.w.WebAppContext@252ec02e{/,file:///tmp/jetty-0.0.0.0-33303-hddsDatanode-_-any-7530423542259638007.dir/webapp/,AVAILABLE}{/hddsDatanode}
2019-10-04 11:32:08,624 [main] INFO  server.AbstractConnector (AbstractConnector.java:doStart(278)) - Started ServerConnector@11e9ac24{HTTP/1.1,[http/1.1]}{0.0.0.0:33303}
2019-10-04 11:32:08,625 [main] INFO  server.Server (Server.java:doStart(419)) - Started @230523ms
2019-10-04 11:32:08,625 [main] WARN  impl.MetricsSystemImpl (MetricsSystemImpl.java:register(276)) - Sink prometheus already exists!
2019-10-04 11:32:08,626 [main] INFO  server.BaseHttpServer (BaseHttpServer.java:updateConnectorAddress(215)) - HTTP server of HDDSDATANODE is listening at http://0.0.0.0:33303
2019-10-04 11:32:08,626 [main] INFO  impl.MetricsSystemImpl (MetricsSystemImpl.java:init(158)) - HddsDatanode metrics system started (again)
2019-10-04 11:32:08,630 [org.apache.hadoop.util.JvmPauseMonitor$Monitor@1c7db547] INFO  util.JvmPauseMonitor (JvmPauseMonitor.java:run(188)) - Starting JVM pause monitor
2019-10-04 11:32:08,630 [main] INFO  ozone.HddsDatanodeService (HddsDatanodeService.java:start(184)) - HddsDatanodeService host:pr-hdds-2204-72899-789710998 ip:192.168.151.72
2019-10-04 11:32:08,631 [Datanode State Machine Thread - 0] INFO  datanode.InitDatanodeState (InitDatanodeState.java:persistContainerDatanodeDetails(140)) - DatanodeDetails is persisted to /workdir/hadoop-ozone/integration-test/target/test-dir/MiniOzoneClusterImpl-9d12ad6e-bf5e-478e-b9e0-f850324b2238/datanode-1/meta/datanode.id
2019-10-04 11:32:08,636 [main] INFO  volume.HddsVolume (HddsVolume.java:<init>(176)) - Creating Volume: /workdir/hadoop-ozone/integration-test/target/test-dir/MiniOzoneClusterImpl-9d12ad6e-bf5e-478e-b9e0-f850324b2238/datanode-2/data/containers/hdds of  storage type : DISK and capacity : 1482555576320
2019-10-04 11:32:08,636 [main] INFO  volume.VolumeSet (VolumeSet.java:initializeVolumeSet(170)) - Added Volume : /workdir/hadoop-ozone/integration-test/target/test-dir/MiniOzoneClusterImpl-9d12ad6e-bf5e-478e-b9e0-f850324b2238/datanode-2/data/containers/hdds to VolumeSet
2019-10-04 11:32:08,636 [main] INFO  volume.ThrottledAsyncChecker (ThrottledAsyncChecker.java:schedule(139)) - Scheduling a check for org.apache.hadoop.ozone.container.common.volume.HddsVolume@2bd8f7db
2019-10-04 11:32:08,637 [main] INFO  volume.HddsVolumeChecker (HddsVolumeChecker.java:checkAllVolumes(202)) - Scheduled health check for volume org.apache.hadoop.ozone.container.common.volume.HddsVolume@2bd8f7db
2019-10-04 11:32:08,651 [main] INFO  impl.RaftServerProxy (ConfUtils.java:logGet(43)) - raft.rpc.type = GRPC (default)
2019-10-04 11:32:08,652 [main] INFO  grpc.GrpcFactory (GrpcFactory.java:checkPooledByteBufAllocatorUseCacheForAllThreads(45)) - PERFORMANCE WARNING: useCacheForAllThreads is true that may cause Netty to create a lot garbage objects and, as a result, trigger GC.
	It is recommended to disable useCacheForAllThreads by setting -Dorg.apache.ratis.thirdparty.io.netty.allocator.useCacheForAllThreads=false in command line.
2019-10-04 11:32:08,652 [main] INFO  grpc.GrpcConfigKeys$Server (ConfUtils.java:logGet(43)) - raft.grpc.server.port = 0 (default)
2019-10-04 11:32:08,652 [main] INFO  server.GrpcService (ConfUtils.java:logGet(43)) - raft.grpc.message.size.max = 33570816 (custom)
2019-10-04 11:32:08,653 [main] INFO  server.RaftServerConfigKeys (ConfUtils.java:logGet(43)) - raft.server.log.appender.buffer.byte-limit = 33554432 (custom)
2019-10-04 11:32:08,653 [main] INFO  server.GrpcService (ConfUtils.java:logGet(43)) - raft.grpc.flow.control.window = 1MB (=1048576) (default)
2019-10-04 11:32:08,653 [main] INFO  server.RaftServerConfigKeys (ConfUtils.java:logGet(43)) - raft.server.rpc.request.timeout = 3000ms (default)
2019-10-04 11:32:08,654 [main] INFO  server.RaftServerConfigKeys (ConfUtils.java:logGet(43)) - raft.server.storage.dir = [/workdir/hadoop-ozone/integration-test/target/test-dir/MiniOzoneClusterImpl-9d12ad6e-bf5e-478e-b9e0-f850324b2238/datanode-2/data/ratis] (custom)
2019-10-04 11:32:08,655 [main] INFO  hdfs.DFSUtil (DFSUtil.java:httpServerTemplateForNNAndJN(1641)) - Starting Web-server for hddsDatanode at: http://0.0.0.0:0
2019-10-04 11:32:08,656 [main] INFO  server.AuthenticationFilter (AuthenticationFilter.java:constructSecretProvider(240)) - Unable to initialize FileSignerSecretProvider, falling back to use random secrets.
2019-10-04 11:32:08,656 [main] WARN  http.HttpRequestLog (HttpRequestLog.java:getRequestLog(97)) - Jetty request log can only be enabled using Log4j
2019-10-04 11:32:08,658 [main] INFO  http.HttpServer2 (HttpServer2.java:addGlobalFilter(975)) - Added global filter 'safety' (class=org.apache.hadoop.http.HttpServer2$QuotingInputFilter)
2019-10-04 11:32:08,658 [main] INFO  http.HttpServer2 (HttpServer2.java:addFilter(948)) - Added filter static_user_filter (class=org.apache.hadoop.http.lib.StaticUserWebFilter$StaticUserFilter) to context hddsDatanode
2019-10-04 11:32:08,658 [main] INFO  http.HttpServer2 (HttpServer2.java:addFilter(958)) - Added filter static_user_filter (class=org.apache.hadoop.http.lib.StaticUserWebFilter$StaticUserFilter) to context logs
2019-10-04 11:32:08,659 [main] INFO  http.HttpServer2 (HttpServer2.java:addFilter(958)) - Added filter static_user_filter (class=org.apache.hadoop.http.lib.StaticUserWebFilter$StaticUserFilter) to context static
2019-10-04 11:32:08,659 [main] INFO  http.HttpServer2 (HttpServer2.java:bindListener(1191)) - Jetty bound to port 35790
2019-10-04 11:32:08,659 [main] INFO  server.Server (Server.java:doStart(351)) - jetty-9.3.25.v20180904, build timestamp: 2018-09-04T21:11:46Z, git hash: 3ce520221d0240229c862b122d2b06c12a625732
2019-10-04 11:32:08,661 [main] INFO  handler.ContextHandler (ContextHandler.java:doStart(781)) - Started o.e.j.s.ServletContextHandler@10b8b900{/logs,file:///workdir/hadoop-ozone/integration-test/target/log,AVAILABLE}
2019-10-04 11:32:08,661 [main] INFO  handler.ContextHandler (ContextHandler.java:doStart(781)) - Started o.e.j.s.ServletContextHandler@2801827a{/static,jar:file:/home/user/.m2/repository/org/apache/hadoop/hadoop-hdds-container-service/0.5.0-SNAPSHOT/hadoop-hdds-container-service-0.5.0-SNAPSHOT.jar!/webapps/static,AVAILABLE}
2019-10-04 11:32:08,689 [main] INFO  handler.ContextHandler (ContextHandler.java:doStart(781)) - Started o.e.j.w.WebAppContext@7ac48e10{/,file:///tmp/jetty-0.0.0.0-35790-hddsDatanode-_-any-8018716262477732140.dir/webapp/,AVAILABLE}{/hddsDatanode}
2019-10-04 11:32:08,690 [main] INFO  server.AbstractConnector (AbstractConnector.java:doStart(278)) - Started ServerConnector@52354202{HTTP/1.1,[http/1.1]}{0.0.0.0:35790}
2019-10-04 11:32:08,692 [main] INFO  server.Server (Server.java:doStart(419)) - Started @230590ms
2019-10-04 11:32:08,692 [main] WARN  impl.MetricsSystemImpl (MetricsSystemImpl.java:register(276)) - Sink prometheus already exists!
2019-10-04 11:32:08,693 [main] INFO  server.BaseHttpServer (BaseHttpServer.java:updateConnectorAddress(215)) - HTTP server of HDDSDATANODE is listening at http://0.0.0.0:35790
2019-10-04 11:32:08,693 [main] INFO  impl.MetricsSystemImpl (MetricsSystemImpl.java:init(158)) - HddsDatanode metrics system started (again)
2019-10-04 11:32:08,697 [org.apache.hadoop.util.JvmPauseMonitor$Monitor@bf1a838] INFO  util.JvmPauseMonitor (JvmPauseMonitor.java:run(188)) - Starting JVM pause monitor
2019-10-04 11:32:08,698 [main] INFO  ozone.HddsDatanodeService (HddsDatanodeService.java:start(184)) - HddsDatanodeService host:pr-hdds-2204-72899-789710998 ip:192.168.151.72
2019-10-04 11:32:08,698 [Datanode State Machine Thread - 0] INFO  datanode.InitDatanodeState (InitDatanodeState.java:persistContainerDatanodeDetails(140)) - DatanodeDetails is persisted to /workdir/hadoop-ozone/integration-test/target/test-dir/MiniOzoneClusterImpl-9d12ad6e-bf5e-478e-b9e0-f850324b2238/datanode-2/meta/datanode.id
2019-10-04 11:32:08,705 [main] INFO  volume.HddsVolume (HddsVolume.java:<init>(176)) - Creating Volume: /workdir/hadoop-ozone/integration-test/target/test-dir/MiniOzoneClusterImpl-9d12ad6e-bf5e-478e-b9e0-f850324b2238/datanode-3/data/containers/hdds of  storage type : DISK and capacity : 1482555576320
2019-10-04 11:32:08,705 [main] INFO  volume.VolumeSet (VolumeSet.java:initializeVolumeSet(170)) - Added Volume : /workdir/hadoop-ozone/integration-test/target/test-dir/MiniOzoneClusterImpl-9d12ad6e-bf5e-478e-b9e0-f850324b2238/datanode-3/data/containers/hdds to VolumeSet
2019-10-04 11:32:08,705 [main] INFO  volume.ThrottledAsyncChecker (ThrottledAsyncChecker.java:schedule(139)) - Scheduling a check for org.apache.hadoop.ozone.container.common.volume.HddsVolume@79df80a4
2019-10-04 11:32:08,705 [main] INFO  volume.HddsVolumeChecker (HddsVolumeChecker.java:checkAllVolumes(202)) - Scheduled health check for volume org.apache.hadoop.ozone.container.common.volume.HddsVolume@79df80a4
2019-10-04 11:32:08,718 [main] INFO  impl.RaftServerProxy (ConfUtils.java:logGet(43)) - raft.rpc.type = GRPC (default)
2019-10-04 11:32:08,718 [main] INFO  grpc.GrpcFactory (GrpcFactory.java:checkPooledByteBufAllocatorUseCacheForAllThreads(45)) - PERFORMANCE WARNING: useCacheForAllThreads is true that may cause Netty to create a lot garbage objects and, as a result, trigger GC.
	It is recommended to disable useCacheForAllThreads by setting -Dorg.apache.ratis.thirdparty.io.netty.allocator.useCacheForAllThreads=false in command line.
2019-10-04 11:32:08,718 [main] INFO  grpc.GrpcConfigKeys$Server (ConfUtils.java:logGet(43)) - raft.grpc.server.port = 0 (default)
2019-10-04 11:32:08,718 [main] INFO  server.GrpcService (ConfUtils.java:logGet(43)) - raft.grpc.message.size.max = 33570816 (custom)
2019-10-04 11:32:08,718 [main] INFO  server.RaftServerConfigKeys (ConfUtils.java:logGet(43)) - raft.server.log.appender.buffer.byte-limit = 33554432 (custom)
2019-10-04 11:32:08,719 [main] INFO  server.GrpcService (ConfUtils.java:logGet(43)) - raft.grpc.flow.control.window = 1MB (=1048576) (default)
2019-10-04 11:32:08,719 [main] INFO  server.RaftServerConfigKeys (ConfUtils.java:logGet(43)) - raft.server.rpc.request.timeout = 3000ms (default)
2019-10-04 11:32:08,719 [main] INFO  server.RaftServerConfigKeys (ConfUtils.java:logGet(43)) - raft.server.storage.dir = [/workdir/hadoop-ozone/integration-test/target/test-dir/MiniOzoneClusterImpl-9d12ad6e-bf5e-478e-b9e0-f850324b2238/datanode-3/data/ratis] (custom)
2019-10-04 11:32:08,720 [main] INFO  hdfs.DFSUtil (DFSUtil.java:httpServerTemplateForNNAndJN(1641)) - Starting Web-server for hddsDatanode at: http://0.0.0.0:0
2019-10-04 11:32:08,721 [main] INFO  server.AuthenticationFilter (AuthenticationFilter.java:constructSecretProvider(240)) - Unable to initialize FileSignerSecretProvider, falling back to use random secrets.
2019-10-04 11:32:08,722 [main] WARN  http.HttpRequestLog (HttpRequestLog.java:getRequestLog(97)) - Jetty request log can only be enabled using Log4j
2019-10-04 11:32:08,723 [main] INFO  http.HttpServer2 (HttpServer2.java:addGlobalFilter(975)) - Added global filter 'safety' (class=org.apache.hadoop.http.HttpServer2$QuotingInputFilter)
2019-10-04 11:32:08,723 [main] INFO  http.HttpServer2 (HttpServer2.java:addFilter(948)) - Added filter static_user_filter (class=org.apache.hadoop.http.lib.StaticUserWebFilter$StaticUserFilter) to context hddsDatanode
2019-10-04 11:32:08,724 [main] INFO  http.HttpServer2 (HttpServer2.java:addFilter(958)) - Added filter static_user_filter (class=org.apache.hadoop.http.lib.StaticUserWebFilter$StaticUserFilter) to context static
2019-10-04 11:32:08,724 [main] INFO  http.HttpServer2 (HttpServer2.java:addFilter(958)) - Added filter static_user_filter (class=org.apache.hadoop.http.lib.StaticUserWebFilter$StaticUserFilter) to context logs
2019-10-04 11:32:08,725 [main] INFO  http.HttpServer2 (HttpServer2.java:bindListener(1191)) - Jetty bound to port 33718
2019-10-04 11:32:08,725 [main] INFO  server.Server (Server.java:doStart(351)) - jetty-9.3.25.v20180904, build timestamp: 2018-09-04T21:11:46Z, git hash: 3ce520221d0240229c862b122d2b06c12a625732
2019-10-04 11:32:08,727 [main] INFO  handler.ContextHandler (ContextHandler.java:doStart(781)) - Started o.e.j.s.ServletContextHandler@3a4a5f3c{/logs,file:///workdir/hadoop-ozone/integration-test/target/log,AVAILABLE}
2019-10-04 11:32:08,728 [main] INFO  handler.ContextHandler (ContextHandler.java:doStart(781)) - Started o.e.j.s.ServletContextHandler@586cc15d{/static,jar:file:/home/user/.m2/repository/org/apache/hadoop/hadoop-hdds-container-service/0.5.0-SNAPSHOT/hadoop-hdds-container-service-0.5.0-SNAPSHOT.jar!/webapps/static,AVAILABLE}
2019-10-04 11:32:08,757 [main] INFO  handler.ContextHandler (ContextHandler.java:doStart(781)) - Started o.e.j.w.WebAppContext@6750e381{/,file:///tmp/jetty-0.0.0.0-33718-hddsDatanode-_-any-1540131196076632395.dir/webapp/,AVAILABLE}{/hddsDatanode}
2019-10-04 11:32:08,757 [main] INFO  server.AbstractConnector (AbstractConnector.java:doStart(278)) - Started ServerConnector@5d850a25{HTTP/1.1,[http/1.1]}{0.0.0.0:33718}
2019-10-04 11:32:08,759 [main] INFO  server.Server (Server.java:doStart(419)) - Started @230657ms
2019-10-04 11:32:08,759 [main] WARN  impl.MetricsSystemImpl (MetricsSystemImpl.java:register(276)) - Sink prometheus already exists!
2019-10-04 11:32:08,760 [main] INFO  server.BaseHttpServer (BaseHttpServer.java:updateConnectorAddress(215)) - HTTP server of HDDSDATANODE is listening at http://0.0.0.0:33718
2019-10-04 11:32:08,760 [main] INFO  impl.MetricsSystemImpl (MetricsSystemImpl.java:init(158)) - HddsDatanode metrics system started (again)
2019-10-04 11:32:08,765 [org.apache.hadoop.util.JvmPauseMonitor$Monitor@3b800ff] INFO  util.JvmPauseMonitor (JvmPauseMonitor.java:run(188)) - Starting JVM pause monitor
2019-10-04 11:32:08,765 [main] INFO  ozone.HddsDatanodeService (HddsDatanodeService.java:start(184)) - HddsDatanodeService host:pr-hdds-2204-72899-789710998 ip:192.168.151.72
2019-10-04 11:32:08,766 [Datanode State Machine Thread - 0] INFO  datanode.InitDatanodeState (InitDatanodeState.java:persistContainerDatanodeDetails(140)) - DatanodeDetails is persisted to /workdir/hadoop-ozone/integration-test/target/test-dir/MiniOzoneClusterImpl-9d12ad6e-bf5e-478e-b9e0-f850324b2238/datanode-3/meta/datanode.id
2019-10-04 11:32:08,772 [main] INFO  volume.HddsVolume (HddsVolume.java:<init>(176)) - Creating Volume: /workdir/hadoop-ozone/integration-test/target/test-dir/MiniOzoneClusterImpl-9d12ad6e-bf5e-478e-b9e0-f850324b2238/datanode-4/data/containers/hdds of  storage type : DISK and capacity : 1482555576320
2019-10-04 11:32:08,772 [main] INFO  volume.VolumeSet (VolumeSet.java:initializeVolumeSet(170)) - Added Volume : /workdir/hadoop-ozone/integration-test/target/test-dir/MiniOzoneClusterImpl-9d12ad6e-bf5e-478e-b9e0-f850324b2238/datanode-4/data/containers/hdds to VolumeSet
2019-10-04 11:32:08,772 [main] INFO  volume.ThrottledAsyncChecker (ThrottledAsyncChecker.java:schedule(139)) - Scheduling a check for org.apache.hadoop.ozone.container.common.volume.HddsVolume@46a8c2b4
2019-10-04 11:32:08,773 [main] INFO  volume.HddsVolumeChecker (HddsVolumeChecker.java:checkAllVolumes(202)) - Scheduled health check for volume org.apache.hadoop.ozone.container.common.volume.HddsVolume@46a8c2b4
2019-10-04 11:32:08,788 [main] INFO  impl.RaftServerProxy (ConfUtils.java:logGet(43)) - raft.rpc.type = GRPC (default)
2019-10-04 11:32:08,788 [main] INFO  grpc.GrpcFactory (GrpcFactory.java:checkPooledByteBufAllocatorUseCacheForAllThreads(45)) - PERFORMANCE WARNING: useCacheForAllThreads is true that may cause Netty to create a lot garbage objects and, as a result, trigger GC.
	It is recommended to disable useCacheForAllThreads by setting -Dorg.apache.ratis.thirdparty.io.netty.allocator.useCacheForAllThreads=false in command line.
2019-10-04 11:32:08,788 [main] INFO  grpc.GrpcConfigKeys$Server (ConfUtils.java:logGet(43)) - raft.grpc.server.port = 0 (default)
2019-10-04 11:32:08,789 [main] INFO  server.GrpcService (ConfUtils.java:logGet(43)) - raft.grpc.message.size.max = 33570816 (custom)
2019-10-04 11:32:08,789 [main] INFO  server.RaftServerConfigKeys (ConfUtils.java:logGet(43)) - raft.server.log.appender.buffer.byte-limit = 33554432 (custom)
2019-10-04 11:32:08,789 [main] INFO  server.GrpcService (ConfUtils.java:logGet(43)) - raft.grpc.flow.control.window = 1MB (=1048576) (default)
2019-10-04 11:32:08,789 [main] INFO  server.RaftServerConfigKeys (ConfUtils.java:logGet(43)) - raft.server.rpc.request.timeout = 3000ms (default)
2019-10-04 11:32:08,790 [main] INFO  server.RaftServerConfigKeys (ConfUtils.java:logGet(43)) - raft.server.storage.dir = [/workdir/hadoop-ozone/integration-test/target/test-dir/MiniOzoneClusterImpl-9d12ad6e-bf5e-478e-b9e0-f850324b2238/datanode-4/data/ratis] (custom)
2019-10-04 11:32:08,791 [main] INFO  hdfs.DFSUtil (DFSUtil.java:httpServerTemplateForNNAndJN(1641)) - Starting Web-server for hddsDatanode at: http://0.0.0.0:0
2019-10-04 11:32:08,793 [main] INFO  server.AuthenticationFilter (AuthenticationFilter.java:constructSecretProvider(240)) - Unable to initialize FileSignerSecretProvider, falling back to use random secrets.
2019-10-04 11:32:08,793 [main] WARN  http.HttpRequestLog (HttpRequestLog.java:getRequestLog(97)) - Jetty request log can only be enabled using Log4j
2019-10-04 11:32:08,795 [main] INFO  http.HttpServer2 (HttpServer2.java:addGlobalFilter(975)) - Added global filter 'safety' (class=org.apache.hadoop.http.HttpServer2$QuotingInputFilter)
2019-10-04 11:32:08,796 [main] INFO  http.HttpServer2 (HttpServer2.java:addFilter(948)) - Added filter static_user_filter (class=org.apache.hadoop.http.lib.StaticUserWebFilter$StaticUserFilter) to context hddsDatanode
2019-10-04 11:32:08,796 [main] INFO  http.HttpServer2 (HttpServer2.java:addFilter(958)) - Added filter static_user_filter (class=org.apache.hadoop.http.lib.StaticUserWebFilter$StaticUserFilter) to context static
2019-10-04 11:32:08,796 [main] INFO  http.HttpServer2 (HttpServer2.java:addFilter(958)) - Added filter static_user_filter (class=org.apache.hadoop.http.lib.StaticUserWebFilter$StaticUserFilter) to context logs
2019-10-04 11:32:08,797 [main] INFO  http.HttpServer2 (HttpServer2.java:bindListener(1191)) - Jetty bound to port 44234
2019-10-04 11:32:08,797 [main] INFO  server.Server (Server.java:doStart(351)) - jetty-9.3.25.v20180904, build timestamp: 2018-09-04T21:11:46Z, git hash: 3ce520221d0240229c862b122d2b06c12a625732
2019-10-04 11:32:08,799 [main] INFO  handler.ContextHandler (ContextHandler.java:doStart(781)) - Started o.e.j.s.ServletContextHandler@2726a511{/logs,file:///workdir/hadoop-ozone/integration-test/target/log,AVAILABLE}
2019-10-04 11:32:08,800 [main] INFO  handler.ContextHandler (ContextHandler.java:doStart(781)) - Started o.e.j.s.ServletContextHandler@686cf8ad{/static,jar:file:/home/user/.m2/repository/org/apache/hadoop/hadoop-hdds-container-service/0.5.0-SNAPSHOT/hadoop-hdds-container-service-0.5.0-SNAPSHOT.jar!/webapps/static,AVAILABLE}
2019-10-04 11:32:08,830 [main] INFO  handler.ContextHandler (ContextHandler.java:doStart(781)) - Started o.e.j.w.WebAppContext@756808cc{/,file:///tmp/jetty-0.0.0.0-44234-hddsDatanode-_-any-3923510963777487314.dir/webapp/,AVAILABLE}{/hddsDatanode}
2019-10-04 11:32:08,830 [main] INFO  server.AbstractConnector (AbstractConnector.java:doStart(278)) - Started ServerConnector@52f8a6f4{HTTP/1.1,[http/1.1]}{0.0.0.0:44234}
2019-10-04 11:32:08,832 [main] INFO  server.Server (Server.java:doStart(419)) - Started @230731ms
2019-10-04 11:32:08,833 [main] WARN  impl.MetricsSystemImpl (MetricsSystemImpl.java:register(276)) - Sink prometheus already exists!
2019-10-04 11:32:08,833 [main] INFO  server.BaseHttpServer (BaseHttpServer.java:updateConnectorAddress(215)) - HTTP server of HDDSDATANODE is listening at http://0.0.0.0:44234
2019-10-04 11:32:08,834 [main] INFO  impl.MetricsSystemImpl (MetricsSystemImpl.java:init(158)) - HddsDatanode metrics system started (again)
2019-10-04 11:32:08,839 [org.apache.hadoop.util.JvmPauseMonitor$Monitor@2a099663] INFO  util.JvmPauseMonitor (JvmPauseMonitor.java:run(188)) - Starting JVM pause monitor
2019-10-04 11:32:08,839 [main] INFO  ozone.HddsDatanodeService (HddsDatanodeService.java:start(184)) - HddsDatanodeService host:pr-hdds-2204-72899-789710998 ip:192.168.151.72
2019-10-04 11:32:08,840 [Datanode State Machine Thread - 0] INFO  datanode.InitDatanodeState (InitDatanodeState.java:persistContainerDatanodeDetails(140)) - DatanodeDetails is persisted to /workdir/hadoop-ozone/integration-test/target/test-dir/MiniOzoneClusterImpl-9d12ad6e-bf5e-478e-b9e0-f850324b2238/datanode-4/meta/datanode.id
2019-10-04 11:32:08,846 [main] INFO  volume.HddsVolume (HddsVolume.java:<init>(176)) - Creating Volume: /workdir/hadoop-ozone/integration-test/target/test-dir/MiniOzoneClusterImpl-9d12ad6e-bf5e-478e-b9e0-f850324b2238/datanode-5/data/containers/hdds of  storage type : DISK and capacity : 1482555576320
2019-10-04 11:32:08,847 [main] INFO  volume.VolumeSet (VolumeSet.java:initializeVolumeSet(170)) - Added Volume : /workdir/hadoop-ozone/integration-test/target/test-dir/MiniOzoneClusterImpl-9d12ad6e-bf5e-478e-b9e0-f850324b2238/datanode-5/data/containers/hdds to VolumeSet
2019-10-04 11:32:08,847 [main] INFO  volume.ThrottledAsyncChecker (ThrottledAsyncChecker.java:schedule(139)) - Scheduling a check for org.apache.hadoop.ozone.container.common.volume.HddsVolume@34edd065
2019-10-04 11:32:08,847 [main] INFO  volume.HddsVolumeChecker (HddsVolumeChecker.java:checkAllVolumes(202)) - Scheduled health check for volume org.apache.hadoop.ozone.container.common.volume.HddsVolume@34edd065
2019-10-04 11:32:08,861 [main] INFO  impl.RaftServerProxy (ConfUtils.java:logGet(43)) - raft.rpc.type = GRPC (default)
2019-10-04 11:32:08,862 [main] INFO  grpc.GrpcFactory (GrpcFactory.java:checkPooledByteBufAllocatorUseCacheForAllThreads(45)) - PERFORMANCE WARNING: useCacheForAllThreads is true that may cause Netty to create a lot garbage objects and, as a result, trigger GC.
	It is recommended to disable useCacheForAllThreads by setting -Dorg.apache.ratis.thirdparty.io.netty.allocator.useCacheForAllThreads=false in command line.
2019-10-04 11:32:08,862 [main] INFO  grpc.GrpcConfigKeys$Server (ConfUtils.java:logGet(43)) - raft.grpc.server.port = 0 (default)
2019-10-04 11:32:08,862 [main] INFO  server.GrpcService (ConfUtils.java:logGet(43)) - raft.grpc.message.size.max = 33570816 (custom)
2019-10-04 11:32:08,862 [main] INFO  server.RaftServerConfigKeys (ConfUtils.java:logGet(43)) - raft.server.log.appender.buffer.byte-limit = 33554432 (custom)
2019-10-04 11:32:08,862 [main] INFO  server.GrpcService (ConfUtils.java:logGet(43)) - raft.grpc.flow.control.window = 1MB (=1048576) (default)
2019-10-04 11:32:08,863 [main] INFO  server.RaftServerConfigKeys (ConfUtils.java:logGet(43)) - raft.server.rpc.request.timeout = 3000ms (default)
2019-10-04 11:32:08,863 [main] INFO  server.RaftServerConfigKeys (ConfUtils.java:logGet(43)) - raft.server.storage.dir = [/workdir/hadoop-ozone/integration-test/target/test-dir/MiniOzoneClusterImpl-9d12ad6e-bf5e-478e-b9e0-f850324b2238/datanode-5/data/ratis] (custom)
2019-10-04 11:32:08,864 [main] INFO  hdfs.DFSUtil (DFSUtil.java:httpServerTemplateForNNAndJN(1641)) - Starting Web-server for hddsDatanode at: http://0.0.0.0:0
2019-10-04 11:32:08,865 [main] INFO  server.AuthenticationFilter (AuthenticationFilter.java:constructSecretProvider(240)) - Unable to initialize FileSignerSecretProvider, falling back to use random secrets.
2019-10-04 11:32:08,866 [main] WARN  http.HttpRequestLog (HttpRequestLog.java:getRequestLog(97)) - Jetty request log can only be enabled using Log4j
2019-10-04 11:32:08,867 [main] INFO  http.HttpServer2 (HttpServer2.java:addGlobalFilter(975)) - Added global filter 'safety' (class=org.apache.hadoop.http.HttpServer2$QuotingInputFilter)
2019-10-04 11:32:08,867 [main] INFO  http.HttpServer2 (HttpServer2.java:addFilter(948)) - Added filter static_user_filter (class=org.apache.hadoop.http.lib.StaticUserWebFilter$StaticUserFilter) to context hddsDatanode
2019-10-04 11:32:08,867 [main] INFO  http.HttpServer2 (HttpServer2.java:addFilter(958)) - Added filter static_user_filter (class=org.apache.hadoop.http.lib.StaticUserWebFilter$StaticUserFilter) to context logs
2019-10-04 11:32:08,867 [main] INFO  http.HttpServer2 (HttpServer2.java:addFilter(958)) - Added filter static_user_filter (class=org.apache.hadoop.http.lib.StaticUserWebFilter$StaticUserFilter) to context static
2019-10-04 11:32:08,868 [main] INFO  http.HttpServer2 (HttpServer2.java:bindListener(1191)) - Jetty bound to port 37602
2019-10-04 11:32:08,868 [main] INFO  server.Server (Server.java:doStart(351)) - jetty-9.3.25.v20180904, build timestamp: 2018-09-04T21:11:46Z, git hash: 3ce520221d0240229c862b122d2b06c12a625732
2019-10-04 11:32:08,870 [main] INFO  handler.ContextHandler (ContextHandler.java:doStart(781)) - Started o.e.j.s.ServletContextHandler@29bbc63c{/logs,file:///workdir/hadoop-ozone/integration-test/target/log,AVAILABLE}
2019-10-04 11:32:08,871 [main] INFO  handler.ContextHandler (ContextHandler.java:doStart(781)) - Started o.e.j.s.ServletContextHandler@2cccf134{/static,jar:file:/home/user/.m2/repository/org/apache/hadoop/hadoop-hdds-container-service/0.5.0-SNAPSHOT/hadoop-hdds-container-service-0.5.0-SNAPSHOT.jar!/webapps/static,AVAILABLE}
2019-10-04 11:32:08,899 [main] INFO  handler.ContextHandler (ContextHandler.java:doStart(781)) - Started o.e.j.w.WebAppContext@231df705{/,file:///tmp/jetty-0.0.0.0-37602-hddsDatanode-_-any-8925726071093764785.dir/webapp/,AVAILABLE}{/hddsDatanode}
2019-10-04 11:32:08,900 [main] INFO  server.AbstractConnector (AbstractConnector.java:doStart(278)) - Started ServerConnector@2d130ac4{HTTP/1.1,[http/1.1]}{0.0.0.0:37602}
2019-10-04 11:32:08,902 [main] INFO  server.Server (Server.java:doStart(419)) - Started @230800ms
2019-10-04 11:32:08,902 [main] WARN  impl.MetricsSystemImpl (MetricsSystemImpl.java:register(276)) - Sink prometheus already exists!
2019-10-04 11:32:08,902 [main] INFO  server.BaseHttpServer (BaseHttpServer.java:updateConnectorAddress(215)) - HTTP server of HDDSDATANODE is listening at http://0.0.0.0:37602
2019-10-04 11:32:08,903 [main] INFO  impl.MetricsSystemImpl (MetricsSystemImpl.java:init(158)) - HddsDatanode metrics system started (again)
2019-10-04 11:32:08,908 [org.apache.hadoop.util.JvmPauseMonitor$Monitor@c50e2c2] INFO  util.JvmPauseMonitor (JvmPauseMonitor.java:run(188)) - Starting JVM pause monitor
2019-10-04 11:32:08,908 [main] INFO  ozone.HddsDatanodeService (HddsDatanodeService.java:start(184)) - HddsDatanodeService host:pr-hdds-2204-72899-789710998 ip:192.168.151.72
2019-10-04 11:32:08,910 [Datanode State Machine Thread - 0] INFO  datanode.InitDatanodeState (InitDatanodeState.java:persistContainerDatanodeDetails(140)) - DatanodeDetails is persisted to /workdir/hadoop-ozone/integration-test/target/test-dir/MiniOzoneClusterImpl-9d12ad6e-bf5e-478e-b9e0-f850324b2238/datanode-5/meta/datanode.id
2019-10-04 11:32:08,916 [main] INFO  volume.HddsVolume (HddsVolume.java:<init>(176)) - Creating Volume: /workdir/hadoop-ozone/integration-test/target/test-dir/MiniOzoneClusterImpl-9d12ad6e-bf5e-478e-b9e0-f850324b2238/datanode-6/data/containers/hdds of  storage type : DISK and capacity : 1482555576320
2019-10-04 11:32:08,916 [main] INFO  volume.VolumeSet (VolumeSet.java:initializeVolumeSet(170)) - Added Volume : /workdir/hadoop-ozone/integration-test/target/test-dir/MiniOzoneClusterImpl-9d12ad6e-bf5e-478e-b9e0-f850324b2238/datanode-6/data/containers/hdds to VolumeSet
2019-10-04 11:32:08,916 [main] INFO  volume.ThrottledAsyncChecker (ThrottledAsyncChecker.java:schedule(139)) - Scheduling a check for org.apache.hadoop.ozone.container.common.volume.HddsVolume@48e41b5d
2019-10-04 11:32:08,917 [main] INFO  volume.HddsVolumeChecker (HddsVolumeChecker.java:checkAllVolumes(202)) - Scheduled health check for volume org.apache.hadoop.ozone.container.common.volume.HddsVolume@48e41b5d
2019-10-04 11:32:08,930 [main] INFO  impl.RaftServerProxy (ConfUtils.java:logGet(43)) - raft.rpc.type = GRPC (default)
2019-10-04 11:32:08,930 [main] INFO  grpc.GrpcFactory (GrpcFactory.java:checkPooledByteBufAllocatorUseCacheForAllThreads(45)) - PERFORMANCE WARNING: useCacheForAllThreads is true that may cause Netty to create a lot garbage objects and, as a result, trigger GC.
	It is recommended to disable useCacheForAllThreads by setting -Dorg.apache.ratis.thirdparty.io.netty.allocator.useCacheForAllThreads=false in command line.
2019-10-04 11:32:08,930 [main] INFO  grpc.GrpcConfigKeys$Server (ConfUtils.java:logGet(43)) - raft.grpc.server.port = 0 (default)
2019-10-04 11:32:08,930 [main] INFO  server.GrpcService (ConfUtils.java:logGet(43)) - raft.grpc.message.size.max = 33570816 (custom)
2019-10-04 11:32:08,931 [main] INFO  server.RaftServerConfigKeys (ConfUtils.java:logGet(43)) - raft.server.log.appender.buffer.byte-limit = 33554432 (custom)
2019-10-04 11:32:08,931 [main] INFO  server.GrpcService (ConfUtils.java:logGet(43)) - raft.grpc.flow.control.window = 1MB (=1048576) (default)
2019-10-04 11:32:08,931 [main] INFO  server.RaftServerConfigKeys (ConfUtils.java:logGet(43)) - raft.server.rpc.request.timeout = 3000ms (default)
2019-10-04 11:32:08,931 [main] INFO  server.RaftServerConfigKeys (ConfUtils.java:logGet(43)) - raft.server.storage.dir = [/workdir/hadoop-ozone/integration-test/target/test-dir/MiniOzoneClusterImpl-9d12ad6e-bf5e-478e-b9e0-f850324b2238/datanode-6/data/ratis] (custom)
2019-10-04 11:32:08,933 [main] INFO  hdfs.DFSUtil (DFSUtil.java:httpServerTemplateForNNAndJN(1641)) - Starting Web-server for hddsDatanode at: http://0.0.0.0:0
2019-10-04 11:32:08,934 [main] INFO  server.AuthenticationFilter (AuthenticationFilter.java:constructSecretProvider(240)) - Unable to initialize FileSignerSecretProvider, falling back to use random secrets.
2019-10-04 11:32:08,934 [main] WARN  http.HttpRequestLog (HttpRequestLog.java:getRequestLog(97)) - Jetty request log can only be enabled using Log4j
2019-10-04 11:32:08,935 [main] INFO  http.HttpServer2 (HttpServer2.java:addGlobalFilter(975)) - Added global filter 'safety' (class=org.apache.hadoop.http.HttpServer2$QuotingInputFilter)
2019-10-04 11:32:08,936 [main] INFO  http.HttpServer2 (HttpServer2.java:addFilter(948)) - Added filter static_user_filter (class=org.apache.hadoop.http.lib.StaticUserWebFilter$StaticUserFilter) to context hddsDatanode
2019-10-04 11:32:08,936 [main] INFO  http.HttpServer2 (HttpServer2.java:addFilter(958)) - Added filter static_user_filter (class=org.apache.hadoop.http.lib.StaticUserWebFilter$StaticUserFilter) to context logs
2019-10-04 11:32:08,936 [main] INFO  http.HttpServer2 (HttpServer2.java:addFilter(958)) - Added filter static_user_filter (class=org.apache.hadoop.http.lib.StaticUserWebFilter$StaticUserFilter) to context static
2019-10-04 11:32:08,937 [main] INFO  http.HttpServer2 (HttpServer2.java:bindListener(1191)) - Jetty bound to port 36102
2019-10-04 11:32:08,937 [main] INFO  server.Server (Server.java:doStart(351)) - jetty-9.3.25.v20180904, build timestamp: 2018-09-04T21:11:46Z, git hash: 3ce520221d0240229c862b122d2b06c12a625732
2019-10-04 11:32:08,938 [main] INFO  handler.ContextHandler (ContextHandler.java:doStart(781)) - Started o.e.j.s.ServletContextHandler@129c4d19{/logs,file:///workdir/hadoop-ozone/integration-test/target/log,AVAILABLE}
2019-10-04 11:32:08,939 [main] INFO  handler.ContextHandler (ContextHandler.java:doStart(781)) - Started o.e.j.s.ServletContextHandler@13278a41{/static,jar:file:/home/user/.m2/repository/org/apache/hadoop/hadoop-hdds-container-service/0.5.0-SNAPSHOT/hadoop-hdds-container-service-0.5.0-SNAPSHOT.jar!/webapps/static,AVAILABLE}
2019-10-04 11:32:08,969 [main] INFO  handler.ContextHandler (ContextHandler.java:doStart(781)) - Started o.e.j.w.WebAppContext@325162e9{/,file:///tmp/jetty-0.0.0.0-36102-hddsDatanode-_-any-119236860907589809.dir/webapp/,AVAILABLE}{/hddsDatanode}
2019-10-04 11:32:08,969 [main] INFO  server.AbstractConnector (AbstractConnector.java:doStart(278)) - Started ServerConnector@1ee40b5c{HTTP/1.1,[http/1.1]}{0.0.0.0:36102}
2019-10-04 11:32:08,971 [main] INFO  server.Server (Server.java:doStart(419)) - Started @230869ms
2019-10-04 11:32:08,971 [main] WARN  impl.MetricsSystemImpl (MetricsSystemImpl.java:register(276)) - Sink prometheus already exists!
2019-10-04 11:32:08,972 [main] INFO  server.BaseHttpServer (BaseHttpServer.java:updateConnectorAddress(215)) - HTTP server of HDDSDATANODE is listening at http://0.0.0.0:36102
2019-10-04 11:32:08,972 [main] INFO  ozone.MiniOzoneClusterImpl (MiniOzoneClusterImpl.java:lambda$waitForClusterToBeReady$0(147)) - Waiting for cluster to be ready. Got 0 of 7 DN Heartbeats.
2019-10-04 11:32:08,974 [org.apache.hadoop.util.JvmPauseMonitor$Monitor@4fa9276d] INFO  util.JvmPauseMonitor (JvmPauseMonitor.java:run(188)) - Starting JVM pause monitor
2019-10-04 11:32:08,975 [Datanode State Machine Thread - 0] INFO  datanode.InitDatanodeState (InitDatanodeState.java:persistContainerDatanodeDetails(140)) - DatanodeDetails is persisted to /workdir/hadoop-ozone/integration-test/target/test-dir/MiniOzoneClusterImpl-9d12ad6e-bf5e-478e-b9e0-f850324b2238/datanode-6/meta/datanode.id
2019-10-04 11:32:09,973 [main] INFO  ozone.MiniOzoneClusterImpl (MiniOzoneClusterImpl.java:lambda$waitForClusterToBeReady$0(147)) - Waiting for cluster to be ready. Got 0 of 7 DN Heartbeats.
2019-10-04 11:32:10,608 [Datanode State Machine Thread - 0] INFO  ozoneimpl.OzoneContainer (OzoneContainer.java:start(217)) - Attempting to start container services.
2019-10-04 11:32:10,608 [Datanode State Machine Thread - 0] INFO  ozoneimpl.OzoneContainer (OzoneContainer.java:startContainerScrub(179)) - Background container scanner has been disabled.
2019-10-04 11:32:10,608 [Datanode State Machine Thread - 0] INFO  ratis.XceiverServerRatis (XceiverServerRatis.java:start(417)) - Starting XceiverServerRatis 401cb6e3-6690-4cb7-98a8-b789ac85db21 at port 0
2019-10-04 11:32:10,615 [Datanode State Machine Thread - 0] INFO  impl.RaftServerProxy (RaftServerProxy.java:lambda$start$3(299)) - 401cb6e3-6690-4cb7-98a8-b789ac85db21: start RPC server
2019-10-04 11:32:10,616 [Datanode State Machine Thread - 0] INFO  server.GrpcService (GrpcService.java:startImpl(158)) - 401cb6e3-6690-4cb7-98a8-b789ac85db21: GrpcService started, listening on 0.0.0.0/0.0.0.0:46071
2019-10-04 11:32:10,617 [Datanode State Machine Thread - 0] INFO  ratis.XceiverServerRatis (XceiverServerRatis.java:start(427)) - XceiverServerRatis 401cb6e3-6690-4cb7-98a8-b789ac85db21 is started using port 46071
2019-10-04 11:32:10,617 [Datanode State Machine Thread - 0] INFO  server.XceiverServerGrpc (XceiverServerGrpc.java:start(149)) - XceiverServerGrpc 401cb6e3-6690-4cb7-98a8-b789ac85db21 is started using port 34556
2019-10-04 11:32:10,645 [Datanode State Machine Thread - 0] INFO  ozoneimpl.OzoneContainer (OzoneContainer.java:start(217)) - Attempting to start container services.
2019-10-04 11:32:10,645 [Datanode State Machine Thread - 0] INFO  ozoneimpl.OzoneContainer (OzoneContainer.java:startContainerScrub(179)) - Background container scanner has been disabled.
2019-10-04 11:32:10,645 [Datanode State Machine Thread - 0] INFO  ratis.XceiverServerRatis (XceiverServerRatis.java:start(417)) - Starting XceiverServerRatis 44900e5a-4b64-4e71-aabc-568431e4f44d at port 0
2019-10-04 11:32:10,651 [Datanode State Machine Thread - 0] INFO  impl.RaftServerProxy (RaftServerProxy.java:lambda$start$3(299)) - 44900e5a-4b64-4e71-aabc-568431e4f44d: start RPC server
2019-10-04 11:32:10,651 [Datanode State Machine Thread - 0] INFO  server.GrpcService (GrpcService.java:startImpl(158)) - 44900e5a-4b64-4e71-aabc-568431e4f44d: GrpcService started, listening on 0.0.0.0/0.0.0.0:35330
2019-10-04 11:32:10,651 [Datanode State Machine Thread - 0] INFO  ratis.XceiverServerRatis (XceiverServerRatis.java:start(427)) - XceiverServerRatis 44900e5a-4b64-4e71-aabc-568431e4f44d is started using port 35330
2019-10-04 11:32:10,652 [Datanode State Machine Thread - 0] INFO  server.XceiverServerGrpc (XceiverServerGrpc.java:start(149)) - XceiverServerGrpc 44900e5a-4b64-4e71-aabc-568431e4f44d is started using port 45198
2019-10-04 11:32:10,711 [Datanode State Machine Thread - 0] INFO  ozoneimpl.OzoneContainer (OzoneContainer.java:start(217)) - Attempting to start container services.
2019-10-04 11:32:10,711 [Datanode State Machine Thread - 0] INFO  ozoneimpl.OzoneContainer (OzoneContainer.java:startContainerScrub(179)) - Background container scanner has been disabled.
2019-10-04 11:32:10,711 [Datanode State Machine Thread - 0] INFO  ratis.XceiverServerRatis (XceiverServerRatis.java:start(417)) - Starting XceiverServerRatis dd3a57bf-582b-444c-bc9b-ae19d3f4f84e at port 0
2019-10-04 11:32:10,717 [Datanode State Machine Thread - 0] INFO  impl.RaftServerProxy (RaftServerProxy.java:lambda$start$3(299)) - dd3a57bf-582b-444c-bc9b-ae19d3f4f84e: start RPC server
2019-10-04 11:32:10,717 [Datanode State Machine Thread - 0] INFO  server.GrpcService (GrpcService.java:startImpl(158)) - dd3a57bf-582b-444c-bc9b-ae19d3f4f84e: GrpcService started, listening on 0.0.0.0/0.0.0.0:42510
2019-10-04 11:32:10,717 [Datanode State Machine Thread - 0] INFO  ratis.XceiverServerRatis (XceiverServerRatis.java:start(427)) - XceiverServerRatis dd3a57bf-582b-444c-bc9b-ae19d3f4f84e is started using port 42510
2019-10-04 11:32:10,717 [Datanode State Machine Thread - 0] INFO  server.XceiverServerGrpc (XceiverServerGrpc.java:start(149)) - XceiverServerGrpc dd3a57bf-582b-444c-bc9b-ae19d3f4f84e is started using port 38543
2019-10-04 11:32:10,777 [Datanode State Machine Thread - 0] INFO  ozoneimpl.OzoneContainer (OzoneContainer.java:start(217)) - Attempting to start container services.
2019-10-04 11:32:10,777 [Datanode State Machine Thread - 0] INFO  ozoneimpl.OzoneContainer (OzoneContainer.java:startContainerScrub(179)) - Background container scanner has been disabled.
2019-10-04 11:32:10,778 [Datanode State Machine Thread - 0] INFO  ratis.XceiverServerRatis (XceiverServerRatis.java:start(417)) - Starting XceiverServerRatis 23c7073a-9bb3-472d-af00-4ba03518b2d3 at port 0
2019-10-04 11:32:10,783 [Datanode State Machine Thread - 0] INFO  impl.RaftServerProxy (RaftServerProxy.java:lambda$start$3(299)) - 23c7073a-9bb3-472d-af00-4ba03518b2d3: start RPC server
2019-10-04 11:32:10,783 [Datanode State Machine Thread - 0] INFO  server.GrpcService (GrpcService.java:startImpl(158)) - 23c7073a-9bb3-472d-af00-4ba03518b2d3: GrpcService started, listening on 0.0.0.0/0.0.0.0:34299
2019-10-04 11:32:10,783 [Datanode State Machine Thread - 0] INFO  ratis.XceiverServerRatis (XceiverServerRatis.java:start(427)) - XceiverServerRatis 23c7073a-9bb3-472d-af00-4ba03518b2d3 is started using port 34299
2019-10-04 11:32:10,784 [Datanode State Machine Thread - 0] INFO  server.XceiverServerGrpc (XceiverServerGrpc.java:start(149)) - XceiverServerGrpc 23c7073a-9bb3-472d-af00-4ba03518b2d3 is started using port 34920
2019-10-04 11:32:10,854 [Datanode State Machine Thread - 0] INFO  ozoneimpl.OzoneContainer (OzoneContainer.java:start(217)) - Attempting to start container services.
2019-10-04 11:32:10,854 [Datanode State Machine Thread - 0] INFO  ozoneimpl.OzoneContainer (OzoneContainer.java:startContainerScrub(179)) - Background container scanner has been disabled.
2019-10-04 11:32:10,854 [Datanode State Machine Thread - 0] INFO  ratis.XceiverServerRatis (XceiverServerRatis.java:start(417)) - Starting XceiverServerRatis f450d9fe-5139-49a3-9750-424d4ee3d991 at port 0
2019-10-04 11:32:10,860 [Datanode State Machine Thread - 0] INFO  impl.RaftServerProxy (RaftServerProxy.java:lambda$start$3(299)) - f450d9fe-5139-49a3-9750-424d4ee3d991: start RPC server
2019-10-04 11:32:10,860 [Datanode State Machine Thread - 0] INFO  server.GrpcService (GrpcService.java:startImpl(158)) - f450d9fe-5139-49a3-9750-424d4ee3d991: GrpcService started, listening on 0.0.0.0/0.0.0.0:42005
2019-10-04 11:32:10,860 [Datanode State Machine Thread - 0] INFO  ratis.XceiverServerRatis (XceiverServerRatis.java:start(427)) - XceiverServerRatis f450d9fe-5139-49a3-9750-424d4ee3d991 is started using port 42005
2019-10-04 11:32:10,861 [Datanode State Machine Thread - 0] INFO  server.XceiverServerGrpc (XceiverServerGrpc.java:start(149)) - XceiverServerGrpc f450d9fe-5139-49a3-9750-424d4ee3d991 is started using port 33772
2019-10-04 11:32:10,921 [Datanode State Machine Thread - 0] INFO  ozoneimpl.OzoneContainer (OzoneContainer.java:start(217)) - Attempting to start container services.
2019-10-04 11:32:10,921 [Datanode State Machine Thread - 0] INFO  ozoneimpl.OzoneContainer (OzoneContainer.java:startContainerScrub(179)) - Background container scanner has been disabled.
2019-10-04 11:32:10,921 [Datanode State Machine Thread - 0] INFO  ratis.XceiverServerRatis (XceiverServerRatis.java:start(417)) - Starting XceiverServerRatis 00980214-f4a8-4bd8-82ed-2e6d40bccf18 at port 0
2019-10-04 11:32:10,928 [Datanode State Machine Thread - 0] INFO  impl.RaftServerProxy (RaftServerProxy.java:lambda$start$3(299)) - 00980214-f4a8-4bd8-82ed-2e6d40bccf18: start RPC server
2019-10-04 11:32:10,929 [Datanode State Machine Thread - 0] INFO  server.GrpcService (GrpcService.java:startImpl(158)) - 00980214-f4a8-4bd8-82ed-2e6d40bccf18: GrpcService started, listening on 0.0.0.0/0.0.0.0:44027
2019-10-04 11:32:10,929 [Datanode State Machine Thread - 0] INFO  ratis.XceiverServerRatis (XceiverServerRatis.java:start(427)) - XceiverServerRatis 00980214-f4a8-4bd8-82ed-2e6d40bccf18 is started using port 44027
2019-10-04 11:32:10,930 [Datanode State Machine Thread - 0] INFO  server.XceiverServerGrpc (XceiverServerGrpc.java:start(149)) - XceiverServerGrpc 00980214-f4a8-4bd8-82ed-2e6d40bccf18 is started using port 45634
2019-10-04 11:32:10,973 [main] INFO  ozone.MiniOzoneClusterImpl (MiniOzoneClusterImpl.java:lambda$waitForClusterToBeReady$0(147)) - Waiting for cluster to be ready. Got 0 of 7 DN Heartbeats.
2019-10-04 11:32:10,987 [Datanode State Machine Thread - 0] INFO  ozoneimpl.OzoneContainer (OzoneContainer.java:start(217)) - Attempting to start container services.
2019-10-04 11:32:10,987 [Datanode State Machine Thread - 0] INFO  ozoneimpl.OzoneContainer (OzoneContainer.java:startContainerScrub(179)) - Background container scanner has been disabled.
2019-10-04 11:32:10,987 [Datanode State Machine Thread - 0] INFO  ratis.XceiverServerRatis (XceiverServerRatis.java:start(417)) - Starting XceiverServerRatis bf3e1c5b-d7a1-4981-8b88-16abbc1dac9d at port 0
2019-10-04 11:32:10,993 [Datanode State Machine Thread - 0] INFO  impl.RaftServerProxy (RaftServerProxy.java:lambda$start$3(299)) - bf3e1c5b-d7a1-4981-8b88-16abbc1dac9d: start RPC server
2019-10-04 11:32:10,996 [Datanode State Machine Thread - 0] INFO  server.GrpcService (GrpcService.java:startImpl(158)) - bf3e1c5b-d7a1-4981-8b88-16abbc1dac9d: GrpcService started, listening on 0.0.0.0/0.0.0.0:33463
2019-10-04 11:32:10,996 [Datanode State Machine Thread - 0] INFO  ratis.XceiverServerRatis (XceiverServerRatis.java:start(427)) - XceiverServerRatis bf3e1c5b-d7a1-4981-8b88-16abbc1dac9d is started using port 33463
2019-10-04 11:32:10,999 [Datanode State Machine Thread - 0] INFO  server.XceiverServerGrpc (XceiverServerGrpc.java:start(149)) - XceiverServerGrpc bf3e1c5b-d7a1-4981-8b88-16abbc1dac9d is started using port 40740
2019-10-04 11:32:11,974 [main] INFO  ozone.MiniOzoneClusterImpl (MiniOzoneClusterImpl.java:lambda$waitForClusterToBeReady$0(147)) - Waiting for cluster to be ready. Got 0 of 7 DN Heartbeats.
2019-10-04 11:32:12,580 [IPC Server handler 0 on 34651] INFO  net.NetworkTopology (NetworkTopologyImpl.java:add(111)) - Added a new node: /default-rack/401cb6e3-6690-4cb7-98a8-b789ac85db21
2019-10-04 11:32:12,584 [IPC Server handler 0 on 34651] INFO  node.SCMNodeManager (SCMNodeManager.java:register(266)) - Registered Data node : 401cb6e3-6690-4cb7-98a8-b789ac85db21{ip: 192.168.151.72, host: pr-hdds-2204-72899-789710998, networkLocation: /default-rack, certSerialId: null}
2019-10-04 11:32:12,585 [EventQueue-NodeRegistrationContainerReportForDataNodeSafeModeRule] INFO  safemode.SCMSafeModeManager (DataNodeSafeModeRule.java:process(71)) - SCM in safe mode. 1 DataNodes registered, 1 required.
2019-10-04 11:32:12,589 [EventQueue-NodeRegistrationContainerReportForDataNodeSafeModeRule] INFO  safemode.SCMSafeModeManager (SCMSafeModeManager.java:validateSafeModeExitRules(177)) - ScmSafeModeManager, all rules are successfully validated
2019-10-04 11:32:12,589 [EventQueue-NodeRegistrationContainerReportForDataNodeSafeModeRule] INFO  safemode.SCMSafeModeManager (SCMSafeModeManager.java:exitSafeMode(193)) - SCM exiting safe mode.
2019-10-04 11:32:12,612 [grpc-default-executor-7] INFO  impl.RaftServerProxy (RaftServerProxy.java:addNew(89)) - 401cb6e3-6690-4cb7-98a8-b789ac85db21: addNew group-85D5F37F6AEA:[401cb6e3-6690-4cb7-98a8-b789ac85db21:192.168.151.72:46071] returns group-85D5F37F6AEA:java.util.concurrent.CompletableFuture@4e954bd2[Not completed]
2019-10-04 11:32:12,617 [pool-383-thread-1] INFO  impl.RaftServerImpl (RaftServerImpl.java:<init>(95)) - 401cb6e3-6690-4cb7-98a8-b789ac85db21: new RaftServerImpl for group-85D5F37F6AEA:[401cb6e3-6690-4cb7-98a8-b789ac85db21:192.168.151.72:46071] with ContainerStateMachine:uninitialized
2019-10-04 11:32:12,617 [pool-383-thread-1] INFO  server.RaftServerConfigKeys (ConfUtils.java:logGet(43)) - raft.server.rpc.timeout.min = 5s (custom)
2019-10-04 11:32:12,617 [pool-383-thread-1] INFO  server.RaftServerConfigKeys (ConfUtils.java:logGet(43)) - raft.server.rpc.timeout.max = 5200ms (custom)
2019-10-04 11:32:12,617 [pool-383-thread-1] INFO  server.RaftServerConfigKeys (ConfUtils.java:logGet(43)) - raft.server.rpcslowness.timeout = 120s (custom)
2019-10-04 11:32:12,618 [pool-383-thread-1] INFO  server.RaftServerConfigKeys (ConfUtils.java:logGet(43)) - raft.server.sleep.deviation.threshold = 300 (default)
2019-10-04 11:32:12,618 [pool-383-thread-1] INFO  server.RaftServerConfigKeys (ConfUtils.java:logGet(43)) - raft.server.log.appender.install.snapshot.enabled = false (custom)
2019-10-04 11:32:12,618 [pool-383-thread-1] INFO  impl.RaftServerImpl (ServerState.java:<init>(103)) - 401cb6e3-6690-4cb7-98a8-b789ac85db21@group-85D5F37F6AEA: ConfigurationManager, init=-1: [401cb6e3-6690-4cb7-98a8-b789ac85db21:192.168.151.72:46071], old=null, confs=<EMPTY_MAP>
2019-10-04 11:32:12,618 [pool-383-thread-1] INFO  server.RaftServerConfigKeys (ConfUtils.java:logGet(43)) - raft.server.storage.dir = [/workdir/hadoop-ozone/integration-test/target/test-dir/MiniOzoneClusterImpl-9d12ad6e-bf5e-478e-b9e0-f850324b2238/datanode-0/data/ratis] (custom)
2019-10-04 11:32:12,619 [pool-383-thread-1] INFO  server.RaftServerConfigKeys (ConfUtils.java:logGet(43)) - raft.server.log.corruption.policy = EXCEPTION (default)
2019-10-04 11:32:12,619 [pool-383-thread-1] INFO  storage.RaftStorageDirectory (RaftStorageDirectory.java:analyzeStorage(246)) - The storage directory /workdir/hadoop-ozone/integration-test/target/test-dir/MiniOzoneClusterImpl-9d12ad6e-bf5e-478e-b9e0-f850324b2238/datanode-0/data/ratis/1964e7f5-78af-4b9f-9b89-85d5f37f6aea does not exist. Creating ...
2019-10-04 11:32:12,630 [IPC Server handler 2 on 34651] INFO  net.NetworkTopology (NetworkTopologyImpl.java:add(111)) - Added a new node: /default-rack/44900e5a-4b64-4e71-aabc-568431e4f44d
2019-10-04 11:32:12,630 [IPC Server handler 2 on 34651] INFO  node.SCMNodeManager (SCMNodeManager.java:register(266)) - Registered Data node : 44900e5a-4b64-4e71-aabc-568431e4f44d{ip: 192.168.151.72, host: pr-hdds-2204-72899-789710998, networkLocation: /default-rack, certSerialId: null}
2019-10-04 11:32:12,644 [pool-383-thread-1] INFO  storage.RaftStorageDirectory (RaftStorageDirectory.java:tryLock(328)) - Lock on /workdir/hadoop-ozone/integration-test/target/test-dir/MiniOzoneClusterImpl-9d12ad6e-bf5e-478e-b9e0-f850324b2238/datanode-0/data/ratis/1964e7f5-78af-4b9f-9b89-85d5f37f6aea/in_use.lock acquired by nodename 26284@pr-hdds-2204-72899-789710998
2019-10-04 11:32:12,670 [pool-383-thread-1] INFO  storage.RaftStorage (RaftStorage.java:format(84)) - Storage directory /workdir/hadoop-ozone/integration-test/target/test-dir/MiniOzoneClusterImpl-9d12ad6e-bf5e-478e-b9e0-f850324b2238/datanode-0/data/ratis/1964e7f5-78af-4b9f-9b89-85d5f37f6aea has been successfully formatted.
2019-10-04 11:32:12,670 [pool-383-thread-1] INFO  ratis.ContainerStateMachine (ContainerStateMachine.java:loadSnapshot(230)) - group-85D5F37F6AEA: The snapshot info is null. Setting the last applied indexto:(t:0, i:~)
2019-10-04 11:32:12,671 [pool-383-thread-1] INFO  server.RaftServerConfigKeys (ConfUtils.java:logGet(43)) - raft.server.notification.no-leader.timeout = 120s (custom)
2019-10-04 11:32:12,671 [pool-383-thread-1] INFO  server.RaftServerConfigKeys (ConfUtils.java:logGet(43)) - raft.server.log.use.memory = false (default)
2019-10-04 11:32:12,671 [pool-383-thread-1] INFO  server.RaftServerConfigKeys (ConfUtils.java:logGet(43)) - raft.server.log.purge.gap = 1000000 (custom)
2019-10-04 11:32:12,671 [pool-383-thread-1] INFO  server.RaftServerConfigKeys (ConfUtils.java:logGet(43)) - raft.server.log.appender.buffer.byte-limit = 33554432 (custom)
2019-10-04 11:32:12,671 [pool-383-thread-1] INFO  server.RaftServerConfigKeys (ConfUtils.java:logGet(43)) - raft.server.log.segment.size.max = 1048576 (custom)
2019-10-04 11:32:12,675 [pool-383-thread-1] INFO  server.RaftServerConfigKeys (ConfUtils.java:logGet(43)) - raft.server.log.segment.cache.num.max = 2 (custom)
2019-10-04 11:32:12,675 [pool-383-thread-1] INFO  segmented.SegmentedRaftLogWorker (SegmentedRaftLogWorker.java:<init>(173)) - new 401cb6e3-6690-4cb7-98a8-b789ac85db21@group-85D5F37F6AEA-SegmentedRaftLogWorker for RaftStorage:Storage Directory /workdir/hadoop-ozone/integration-test/target/test-dir/MiniOzoneClusterImpl-9d12ad6e-bf5e-478e-b9e0-f850324b2238/datanode-0/data/ratis/1964e7f5-78af-4b9f-9b89-85d5f37f6aea
2019-10-04 11:32:12,675 [pool-383-thread-1] INFO  server.RaftServerConfigKeys (ConfUtils.java:logGet(43)) - raft.server.log.queue.byte-limit = 2147483647 (custom)
2019-10-04 11:32:12,675 [pool-383-thread-1] INFO  server.RaftServerConfigKeys (ConfUtils.java:logGet(43)) - raft.server.log.queue.element-limit = 1024 (custom)
2019-10-04 11:32:12,676 [pool-383-thread-1] INFO  server.RaftServerConfigKeys (ConfUtils.java:logGet(43)) - raft.server.log.segment.size.max = 1048576 (custom)
2019-10-04 11:32:12,676 [pool-383-thread-1] INFO  server.RaftServerConfigKeys (ConfUtils.java:logGet(43)) - raft.server.log.preallocated.size = 16384 (custom)
2019-10-04 11:32:12,676 [pool-383-thread-1] INFO  server.RaftServerConfigKeys (ConfUtils.java:logGet(43)) - raft.server.log.write.buffer.size = 33554432 (custom)
2019-10-04 11:32:12,676 [pool-383-thread-1] INFO  server.RaftServerConfigKeys (ConfUtils.java:logGet(43)) - raft.server.log.force.sync.num = 128 (default)
2019-10-04 11:32:12,676 [pool-383-thread-1] INFO  server.RaftServerConfigKeys (ConfUtils.java:logGet(43)) - raft.server.log.statemachine.data.sync = true (default)
2019-10-04 11:32:12,676 [pool-383-thread-1] INFO  server.RaftServerConfigKeys (ConfUtils.java:logGet(43)) - raft.server.log.statemachine.data.sync.timeout = 10s (default)
2019-10-04 11:32:12,676 [pool-383-thread-1] INFO  server.RaftServerConfigKeys (ConfUtils.java:logGet(43)) - raft.server.log.statemachine.data.sync.timeout.retry = -1 (default)
2019-10-04 11:32:12,677 [pool-383-thread-1] INFO  server.RaftServerConfigKeys (ConfUtils.java:logGet(43)) - raft.server.log.statemachine.data.caching.enabled = true (custom)
2019-10-04 11:32:12,677 [pool-383-thread-1] INFO  segmented.SegmentedRaftLogWorker (SegmentedRaftLogWorker.java:lambda$new$0(128)) - 401cb6e3-6690-4cb7-98a8-b789ac85db21@group-85D5F37F6AEA-SegmentedRaftLogWorker: flushIndex: setUnconditionally 0 -> -1
2019-10-04 11:32:12,677 [pool-383-thread-1] INFO  server.RaftServerConfigKeys (ConfUtils.java:logGet(43)) - raft.server.snapshot.auto.trigger.enabled = true (custom)
2019-10-04 11:32:12,677 [pool-383-thread-1] INFO  server.RaftServerConfigKeys (ConfUtils.java:logGet(43)) - raft.server.snapshot.auto.trigger.threshold = 10000 (custom)
2019-10-04 11:32:12,678 [pool-383-thread-1] INFO  server.RaftServerConfigKeys (ConfUtils.java:logGet(43)) - raft.server.snapshot.retention.file.num = 5 (custom)
2019-10-04 11:32:12,678 [pool-383-thread-1] INFO  server.RaftServerConfigKeys (ConfUtils.java:logGet(43)) - raft.server.retrycache.expirytime = 600000ms (custom)
2019-10-04 11:32:12,680 [pool-383-thread-1] INFO  impl.RaftServerImpl (RaftServerImpl.java:start(181)) - 401cb6e3-6690-4cb7-98a8-b789ac85db21@group-85D5F37F6AEA: start as a follower, conf=-1: [401cb6e3-6690-4cb7-98a8-b789ac85db21:192.168.151.72:46071], old=null
2019-10-04 11:32:12,680 [pool-383-thread-1] INFO  impl.RaftServerImpl (RaftServerImpl.java:setRole(170)) - 401cb6e3-6690-4cb7-98a8-b789ac85db21@group-85D5F37F6AEA: changes role from      null to FOLLOWER at term 0 for startAsFollower
2019-10-04 11:32:12,680 [pool-383-thread-1] INFO  impl.RoleInfo (RoleInfo.java:updateAndGet(143)) - 401cb6e3-6690-4cb7-98a8-b789ac85db21: start FollowerState
2019-10-04 11:32:12,680 [pool-383-thread-1] INFO  util.JmxRegister (JmxRegister.java:tryRegister(44)) - Successfully registered JMX Bean with object name Ratis:service=RaftServer,group=group-85D5F37F6AEA,id=401cb6e3-6690-4cb7-98a8-b789ac85db21
2019-10-04 11:32:12,685 [RatisPipelineUtilsThread] INFO  pipeline.PipelineStateManager (PipelineStateManager.java:addPipeline(56)) - Created pipeline Pipeline[ Id: 1964e7f5-78af-4b9f-9b89-85d5f37f6aea, Nodes: 401cb6e3-6690-4cb7-98a8-b789ac85db21{ip: 192.168.151.72, host: pr-hdds-2204-72899-789710998, networkLocation: /default-rack, certSerialId: null}, Type:RATIS, Factor:ONE, State:OPEN]
2019-10-04 11:32:12,695 [grpc-default-executor-7] INFO  impl.RaftServerProxy (RaftServerProxy.java:addNew(89)) - 44900e5a-4b64-4e71-aabc-568431e4f44d: addNew group-5A1CF53BA0DB:[44900e5a-4b64-4e71-aabc-568431e4f44d:192.168.151.72:35330] returns group-5A1CF53BA0DB:java.util.concurrent.CompletableFuture@2a0758eb[Not completed]
2019-10-04 11:32:12,697 [pool-393-thread-1] INFO  impl.RaftServerImpl (RaftServerImpl.java:<init>(95)) - 44900e5a-4b64-4e71-aabc-568431e4f44d: new RaftServerImpl for group-5A1CF53BA0DB:[44900e5a-4b64-4e71-aabc-568431e4f44d:192.168.151.72:35330] with ContainerStateMachine:uninitialized
2019-10-04 11:32:12,697 [pool-393-thread-1] INFO  server.RaftServerConfigKeys (ConfUtils.java:logGet(43)) - raft.server.rpc.timeout.min = 5s (custom)
2019-10-04 11:32:12,697 [pool-393-thread-1] INFO  server.RaftServerConfigKeys (ConfUtils.java:logGet(43)) - raft.server.rpc.timeout.max = 5200ms (custom)
2019-10-04 11:32:12,697 [pool-393-thread-1] INFO  server.RaftServerConfigKeys (ConfUtils.java:logGet(43)) - raft.server.rpcslowness.timeout = 120s (custom)
2019-10-04 11:32:12,697 [pool-393-thread-1] INFO  server.RaftServerConfigKeys (ConfUtils.java:logGet(43)) - raft.server.sleep.deviation.threshold = 300 (default)
2019-10-04 11:32:12,697 [pool-393-thread-1] INFO  server.RaftServerConfigKeys (ConfUtils.java:logGet(43)) - raft.server.log.appender.install.snapshot.enabled = false (custom)
2019-10-04 11:32:12,697 [pool-393-thread-1] INFO  impl.RaftServerImpl (ServerState.java:<init>(103)) - 44900e5a-4b64-4e71-aabc-568431e4f44d@group-5A1CF53BA0DB: ConfigurationManager, init=-1: [44900e5a-4b64-4e71-aabc-568431e4f44d:192.168.151.72:35330], old=null, confs=<EMPTY_MAP>
2019-10-04 11:32:12,698 [pool-393-thread-1] INFO  server.RaftServerConfigKeys (ConfUtils.java:logGet(43)) - raft.server.storage.dir = [/workdir/hadoop-ozone/integration-test/target/test-dir/MiniOzoneClusterImpl-9d12ad6e-bf5e-478e-b9e0-f850324b2238/datanode-1/data/ratis] (custom)
2019-10-04 11:32:12,698 [pool-393-thread-1] INFO  server.RaftServerConfigKeys (ConfUtils.java:logGet(43)) - raft.server.log.corruption.policy = EXCEPTION (default)
2019-10-04 11:32:12,698 [pool-393-thread-1] INFO  storage.RaftStorageDirectory (RaftStorageDirectory.java:analyzeStorage(246)) - The storage directory /workdir/hadoop-ozone/integration-test/target/test-dir/MiniOzoneClusterImpl-9d12ad6e-bf5e-478e-b9e0-f850324b2238/datanode-1/data/ratis/2185eba4-b801-4f7e-9688-5a1cf53ba0db does not exist. Creating ...
2019-10-04 11:32:12,699 [IPC Server handler 3 on 34651] INFO  net.NetworkTopology (NetworkTopologyImpl.java:add(111)) - Added a new node: /default-rack/dd3a57bf-582b-444c-bc9b-ae19d3f4f84e
2019-10-04 11:32:12,699 [IPC Server handler 3 on 34651] INFO  node.SCMNodeManager (SCMNodeManager.java:register(266)) - Registered Data node : dd3a57bf-582b-444c-bc9b-ae19d3f4f84e{ip: 192.168.151.72, host: pr-hdds-2204-72899-789710998, networkLocation: /default-rack, certSerialId: null}
2019-10-04 11:32:12,711 [pool-393-thread-1] INFO  storage.RaftStorageDirectory (RaftStorageDirectory.java:tryLock(328)) - Lock on /workdir/hadoop-ozone/integration-test/target/test-dir/MiniOzoneClusterImpl-9d12ad6e-bf5e-478e-b9e0-f850324b2238/datanode-1/data/ratis/2185eba4-b801-4f7e-9688-5a1cf53ba0db/in_use.lock acquired by nodename 26284@pr-hdds-2204-72899-789710998
2019-10-04 11:32:12,724 [pool-393-thread-1] INFO  storage.RaftStorage (RaftStorage.java:format(84)) - Storage directory /workdir/hadoop-ozone/integration-test/target/test-dir/MiniOzoneClusterImpl-9d12ad6e-bf5e-478e-b9e0-f850324b2238/datanode-1/data/ratis/2185eba4-b801-4f7e-9688-5a1cf53ba0db has been successfully formatted.
2019-10-04 11:32:12,724 [pool-393-thread-1] INFO  ratis.ContainerStateMachine (ContainerStateMachine.java:loadSnapshot(230)) - group-5A1CF53BA0DB: The snapshot info is null. Setting the last applied indexto:(t:0, i:~)
2019-10-04 11:32:12,724 [pool-393-thread-1] INFO  server.RaftServerConfigKeys (ConfUtils.java:logGet(43)) - raft.server.notification.no-leader.timeout = 120s (custom)
2019-10-04 11:32:12,724 [pool-393-thread-1] INFO  server.RaftServerConfigKeys (ConfUtils.java:logGet(43)) - raft.server.log.use.memory = false (default)
2019-10-04 11:32:12,725 [pool-393-thread-1] INFO  server.RaftServerConfigKeys (ConfUtils.java:logGet(43)) - raft.server.log.purge.gap = 1000000 (custom)
2019-10-04 11:32:12,725 [pool-393-thread-1] INFO  server.RaftServerConfigKeys (ConfUtils.java:logGet(43)) - raft.server.log.appender.buffer.byte-limit = 33554432 (custom)
2019-10-04 11:32:12,725 [pool-393-thread-1] INFO  server.RaftServerConfigKeys (ConfUtils.java:logGet(43)) - raft.server.log.segment.size.max = 1048576 (custom)
2019-10-04 11:32:12,726 [pool-393-thread-1] INFO  server.RaftServerConfigKeys (ConfUtils.java:logGet(43)) - raft.server.log.segment.cache.num.max = 2 (custom)
2019-10-04 11:32:12,727 [pool-393-thread-1] INFO  segmented.SegmentedRaftLogWorker (SegmentedRaftLogWorker.java:<init>(173)) - new 44900e5a-4b64-4e71-aabc-568431e4f44d@group-5A1CF53BA0DB-SegmentedRaftLogWorker for RaftStorage:Storage Directory /workdir/hadoop-ozone/integration-test/target/test-dir/MiniOzoneClusterImpl-9d12ad6e-bf5e-478e-b9e0-f850324b2238/datanode-1/data/ratis/2185eba4-b801-4f7e-9688-5a1cf53ba0db
2019-10-04 11:32:12,727 [pool-393-thread-1] INFO  server.RaftServerConfigKeys (ConfUtils.java:logGet(43)) - raft.server.log.queue.byte-limit = 2147483647 (custom)
2019-10-04 11:32:12,727 [pool-393-thread-1] INFO  server.RaftServerConfigKeys (ConfUtils.java:logGet(43)) - raft.server.log.queue.element-limit = 1024 (custom)
2019-10-04 11:32:12,727 [pool-393-thread-1] INFO  server.RaftServerConfigKeys (ConfUtils.java:logGet(43)) - raft.server.log.segment.size.max = 1048576 (custom)
2019-10-04 11:32:12,727 [pool-393-thread-1] INFO  server.RaftServerConfigKeys (ConfUtils.java:logGet(43)) - raft.server.log.preallocated.size = 16384 (custom)
2019-10-04 11:32:12,727 [pool-393-thread-1] INFO  server.RaftServerConfigKeys (ConfUtils.java:logGet(43)) - raft.server.log.write.buffer.size = 33554432 (custom)
2019-10-04 11:32:12,727 [pool-393-thread-1] INFO  server.RaftServerConfigKeys (ConfUtils.java:logGet(43)) - raft.server.log.force.sync.num = 128 (default)
2019-10-04 11:32:12,728 [pool-393-thread-1] INFO  server.RaftServerConfigKeys (ConfUtils.java:logGet(43)) - raft.server.log.statemachine.data.sync = true (default)
2019-10-04 11:32:12,728 [pool-393-thread-1] INFO  server.RaftServerConfigKeys (ConfUtils.java:logGet(43)) - raft.server.log.statemachine.data.sync.timeout = 10s (default)
2019-10-04 11:32:12,728 [pool-393-thread-1] INFO  server.RaftServerConfigKeys (ConfUtils.java:logGet(43)) - raft.server.log.statemachine.data.sync.timeout.retry = -1 (default)
2019-10-04 11:32:12,728 [pool-393-thread-1] INFO  server.RaftServerConfigKeys (ConfUtils.java:logGet(43)) - raft.server.log.statemachine.data.caching.enabled = true (custom)
2019-10-04 11:32:12,729 [pool-393-thread-1] INFO  segmented.SegmentedRaftLogWorker (SegmentedRaftLogWorker.java:lambda$new$0(128)) - 44900e5a-4b64-4e71-aabc-568431e4f44d@group-5A1CF53BA0DB-SegmentedRaftLogWorker: flushIndex: setUnconditionally 0 -> -1
2019-10-04 11:32:12,729 [pool-393-thread-1] INFO  server.RaftServerConfigKeys (ConfUtils.java:logGet(43)) - raft.server.snapshot.auto.trigger.enabled = true (custom)
2019-10-04 11:32:12,729 [pool-393-thread-1] INFO  server.RaftServerConfigKeys (ConfUtils.java:logGet(43)) - raft.server.snapshot.auto.trigger.threshold = 10000 (custom)
2019-10-04 11:32:12,729 [pool-393-thread-1] INFO  server.RaftServerConfigKeys (ConfUtils.java:logGet(43)) - raft.server.snapshot.retention.file.num = 5 (custom)
2019-10-04 11:32:12,729 [pool-393-thread-1] INFO  server.RaftServerConfigKeys (ConfUtils.java:logGet(43)) - raft.server.retrycache.expirytime = 600000ms (custom)
2019-10-04 11:32:12,731 [pool-393-thread-1] INFO  impl.RaftServerImpl (RaftServerImpl.java:start(181)) - 44900e5a-4b64-4e71-aabc-568431e4f44d@group-5A1CF53BA0DB: start as a follower, conf=-1: [44900e5a-4b64-4e71-aabc-568431e4f44d:192.168.151.72:35330], old=null
2019-10-04 11:32:12,731 [pool-393-thread-1] INFO  impl.RaftServerImpl (RaftServerImpl.java:setRole(170)) - 44900e5a-4b64-4e71-aabc-568431e4f44d@group-5A1CF53BA0DB: changes role from      null to FOLLOWER at term 0 for startAsFollower
2019-10-04 11:32:12,731 [pool-393-thread-1] INFO  impl.RoleInfo (RoleInfo.java:updateAndGet(143)) - 44900e5a-4b64-4e71-aabc-568431e4f44d: start FollowerState
2019-10-04 11:32:12,732 [pool-393-thread-1] INFO  util.JmxRegister (JmxRegister.java:tryRegister(44)) - Successfully registered JMX Bean with object name Ratis:service=RaftServer,group=group-5A1CF53BA0DB,id=44900e5a-4b64-4e71-aabc-568431e4f44d
2019-10-04 11:32:12,736 [RatisPipelineUtilsThread] INFO  pipeline.PipelineStateManager (PipelineStateManager.java:addPipeline(56)) - Created pipeline Pipeline[ Id: 2185eba4-b801-4f7e-9688-5a1cf53ba0db, Nodes: 44900e5a-4b64-4e71-aabc-568431e4f44d{ip: 192.168.151.72, host: pr-hdds-2204-72899-789710998, networkLocation: /default-rack, certSerialId: null}, Type:RATIS, Factor:ONE, State:OPEN]
2019-10-04 11:32:12,744 [grpc-default-executor-7] INFO  impl.RaftServerProxy (RaftServerProxy.java:addNew(89)) - dd3a57bf-582b-444c-bc9b-ae19d3f4f84e: addNew group-F5C3662F5086:[dd3a57bf-582b-444c-bc9b-ae19d3f4f84e:192.168.151.72:42510] returns group-F5C3662F5086:java.util.concurrent.CompletableFuture@635c6633[Not completed]
2019-10-04 11:32:12,745 [pool-403-thread-1] INFO  impl.RaftServerImpl (RaftServerImpl.java:<init>(95)) - dd3a57bf-582b-444c-bc9b-ae19d3f4f84e: new RaftServerImpl for group-F5C3662F5086:[dd3a57bf-582b-444c-bc9b-ae19d3f4f84e:192.168.151.72:42510] with ContainerStateMachine:uninitialized
2019-10-04 11:32:12,745 [pool-403-thread-1] INFO  server.RaftServerConfigKeys (ConfUtils.java:logGet(43)) - raft.server.rpc.timeout.min = 5s (custom)
2019-10-04 11:32:12,746 [pool-403-thread-1] INFO  server.RaftServerConfigKeys (ConfUtils.java:logGet(43)) - raft.server.rpc.timeout.max = 5200ms (custom)
2019-10-04 11:32:12,746 [pool-403-thread-1] INFO  server.RaftServerConfigKeys (ConfUtils.java:logGet(43)) - raft.server.rpcslowness.timeout = 120s (custom)
2019-10-04 11:32:12,746 [pool-403-thread-1] INFO  server.RaftServerConfigKeys (ConfUtils.java:logGet(43)) - raft.server.sleep.deviation.threshold = 300 (default)
2019-10-04 11:32:12,746 [pool-403-thread-1] INFO  server.RaftServerConfigKeys (ConfUtils.java:logGet(43)) - raft.server.log.appender.install.snapshot.enabled = false (custom)
2019-10-04 11:32:12,746 [pool-403-thread-1] INFO  impl.RaftServerImpl (ServerState.java:<init>(103)) - dd3a57bf-582b-444c-bc9b-ae19d3f4f84e@group-F5C3662F5086: ConfigurationManager, init=-1: [dd3a57bf-582b-444c-bc9b-ae19d3f4f84e:192.168.151.72:42510], old=null, confs=<EMPTY_MAP>
2019-10-04 11:32:12,746 [pool-403-thread-1] INFO  server.RaftServerConfigKeys (ConfUtils.java:logGet(43)) - raft.server.storage.dir = [/workdir/hadoop-ozone/integration-test/target/test-dir/MiniOzoneClusterImpl-9d12ad6e-bf5e-478e-b9e0-f850324b2238/datanode-2/data/ratis] (custom)
2019-10-04 11:32:12,746 [pool-403-thread-1] INFO  server.RaftServerConfigKeys (ConfUtils.java:logGet(43)) - raft.server.log.corruption.policy = EXCEPTION (default)
2019-10-04 11:32:12,747 [pool-403-thread-1] INFO  storage.RaftStorageDirectory (RaftStorageDirectory.java:analyzeStorage(246)) - The storage directory /workdir/hadoop-ozone/integration-test/target/test-dir/MiniOzoneClusterImpl-9d12ad6e-bf5e-478e-b9e0-f850324b2238/datanode-2/data/ratis/8e6c9590-ba66-44ba-9c16-f5c3662f5086 does not exist. Creating ...
2019-10-04 11:32:12,759 [pool-403-thread-1] INFO  storage.RaftStorageDirectory (RaftStorageDirectory.java:tryLock(328)) - Lock on /workdir/hadoop-ozone/integration-test/target/test-dir/MiniOzoneClusterImpl-9d12ad6e-bf5e-478e-b9e0-f850324b2238/datanode-2/data/ratis/8e6c9590-ba66-44ba-9c16-f5c3662f5086/in_use.lock acquired by nodename 26284@pr-hdds-2204-72899-789710998
2019-10-04 11:32:12,765 [IPC Server handler 4 on 34651] INFO  net.NetworkTopology (NetworkTopologyImpl.java:add(111)) - Added a new node: /default-rack/23c7073a-9bb3-472d-af00-4ba03518b2d3
2019-10-04 11:32:12,765 [IPC Server handler 4 on 34651] INFO  node.SCMNodeManager (SCMNodeManager.java:register(266)) - Registered Data node : 23c7073a-9bb3-472d-af00-4ba03518b2d3{ip: 192.168.151.72, host: pr-hdds-2204-72899-789710998, networkLocation: /default-rack, certSerialId: null}
2019-10-04 11:32:12,772 [pool-403-thread-1] INFO  storage.RaftStorage (RaftStorage.java:format(84)) - Storage directory /workdir/hadoop-ozone/integration-test/target/test-dir/MiniOzoneClusterImpl-9d12ad6e-bf5e-478e-b9e0-f850324b2238/datanode-2/data/ratis/8e6c9590-ba66-44ba-9c16-f5c3662f5086 has been successfully formatted.
2019-10-04 11:32:12,772 [pool-403-thread-1] INFO  ratis.ContainerStateMachine (ContainerStateMachine.java:loadSnapshot(230)) - group-F5C3662F5086: The snapshot info is null. Setting the last applied indexto:(t:0, i:~)
2019-10-04 11:32:12,772 [pool-403-thread-1] INFO  server.RaftServerConfigKeys (ConfUtils.java:logGet(43)) - raft.server.notification.no-leader.timeout = 120s (custom)
2019-10-04 11:32:12,772 [pool-403-thread-1] INFO  server.RaftServerConfigKeys (ConfUtils.java:logGet(43)) - raft.server.log.use.memory = false (default)
2019-10-04 11:32:12,772 [pool-403-thread-1] INFO  server.RaftServerConfigKeys (ConfUtils.java:logGet(43)) - raft.server.log.purge.gap = 1000000 (custom)
2019-10-04 11:32:12,773 [pool-403-thread-1] INFO  server.RaftServerConfigKeys (ConfUtils.java:logGet(43)) - raft.server.log.appender.buffer.byte-limit = 33554432 (custom)
2019-10-04 11:32:12,773 [pool-403-thread-1] INFO  server.RaftServerConfigKeys (ConfUtils.java:logGet(43)) - raft.server.log.segment.size.max = 1048576 (custom)
2019-10-04 11:32:12,774 [pool-403-thread-1] INFO  server.RaftServerConfigKeys (ConfUtils.java:logGet(43)) - raft.server.log.segment.cache.num.max = 2 (custom)
2019-10-04 11:32:12,774 [pool-403-thread-1] INFO  segmented.SegmentedRaftLogWorker (SegmentedRaftLogWorker.java:<init>(173)) - new dd3a57bf-582b-444c-bc9b-ae19d3f4f84e@group-F5C3662F5086-SegmentedRaftLogWorker for RaftStorage:Storage Directory /workdir/hadoop-ozone/integration-test/target/test-dir/MiniOzoneClusterImpl-9d12ad6e-bf5e-478e-b9e0-f850324b2238/datanode-2/data/ratis/8e6c9590-ba66-44ba-9c16-f5c3662f5086
2019-10-04 11:32:12,774 [pool-403-thread-1] INFO  server.RaftServerConfigKeys (ConfUtils.java:logGet(43)) - raft.server.log.queue.byte-limit = 2147483647 (custom)
2019-10-04 11:32:12,774 [pool-403-thread-1] INFO  server.RaftServerConfigKeys (ConfUtils.java:logGet(43)) - raft.server.log.queue.element-limit = 1024 (custom)
2019-10-04 11:32:12,774 [pool-403-thread-1] INFO  server.RaftServerConfigKeys (ConfUtils.java:logGet(43)) - raft.server.log.segment.size.max = 1048576 (custom)
2019-10-04 11:32:12,775 [pool-403-thread-1] INFO  server.RaftServerConfigKeys (ConfUtils.java:logGet(43)) - raft.server.log.preallocated.size = 16384 (custom)
2019-10-04 11:32:12,775 [pool-403-thread-1] INFO  server.RaftServerConfigKeys (ConfUtils.java:logGet(43)) - raft.server.log.write.buffer.size = 33554432 (custom)
2019-10-04 11:32:12,775 [pool-403-thread-1] INFO  server.RaftServerConfigKeys (ConfUtils.java:logGet(43)) - raft.server.log.force.sync.num = 128 (default)
2019-10-04 11:32:12,775 [pool-403-thread-1] INFO  server.RaftServerConfigKeys (ConfUtils.java:logGet(43)) - raft.server.log.statemachine.data.sync = true (default)
2019-10-04 11:32:12,775 [pool-403-thread-1] INFO  server.RaftServerConfigKeys (ConfUtils.java:logGet(43)) - raft.server.log.statemachine.data.sync.timeout = 10s (default)
2019-10-04 11:32:12,775 [pool-403-thread-1] INFO  server.RaftServerConfigKeys (ConfUtils.java:logGet(43)) - raft.server.log.statemachine.data.sync.timeout.retry = -1 (default)
2019-10-04 11:32:12,775 [pool-403-thread-1] INFO  server.RaftServerConfigKeys (ConfUtils.java:logGet(43)) - raft.server.log.statemachine.data.caching.enabled = true (custom)
2019-10-04 11:32:12,776 [pool-403-thread-1] INFO  segmented.SegmentedRaftLogWorker (SegmentedRaftLogWorker.java:lambda$new$0(128)) - dd3a57bf-582b-444c-bc9b-ae19d3f4f84e@group-F5C3662F5086-SegmentedRaftLogWorker: flushIndex: setUnconditionally 0 -> -1
2019-10-04 11:32:12,776 [pool-403-thread-1] INFO  server.RaftServerConfigKeys (ConfUtils.java:logGet(43)) - raft.server.snapshot.auto.trigger.enabled = true (custom)
2019-10-04 11:32:12,776 [pool-403-thread-1] INFO  server.RaftServerConfigKeys (ConfUtils.java:logGet(43)) - raft.server.snapshot.auto.trigger.threshold = 10000 (custom)
2019-10-04 11:32:12,776 [pool-403-thread-1] INFO  server.RaftServerConfigKeys (ConfUtils.java:logGet(43)) - raft.server.snapshot.retention.file.num = 5 (custom)
2019-10-04 11:32:12,776 [pool-403-thread-1] INFO  server.RaftServerConfigKeys (ConfUtils.java:logGet(43)) - raft.server.retrycache.expirytime = 600000ms (custom)
2019-10-04 11:32:12,778 [pool-403-thread-1] INFO  impl.RaftServerImpl (RaftServerImpl.java:start(181)) - dd3a57bf-582b-444c-bc9b-ae19d3f4f84e@group-F5C3662F5086: start as a follower, conf=-1: [dd3a57bf-582b-444c-bc9b-ae19d3f4f84e:192.168.151.72:42510], old=null
2019-10-04 11:32:12,778 [pool-403-thread-1] INFO  impl.RaftServerImpl (RaftServerImpl.java:setRole(170)) - dd3a57bf-582b-444c-bc9b-ae19d3f4f84e@group-F5C3662F5086: changes role from      null to FOLLOWER at term 0 for startAsFollower
2019-10-04 11:32:12,778 [pool-403-thread-1] INFO  impl.RoleInfo (RoleInfo.java:updateAndGet(143)) - dd3a57bf-582b-444c-bc9b-ae19d3f4f84e: start FollowerState
2019-10-04 11:32:12,779 [pool-403-thread-1] INFO  util.JmxRegister (JmxRegister.java:tryRegister(44)) - Successfully registered JMX Bean with object name Ratis:service=RaftServer,group=group-F5C3662F5086,id=dd3a57bf-582b-444c-bc9b-ae19d3f4f84e
2019-10-04 11:32:12,782 [RatisPipelineUtilsThread] INFO  pipeline.PipelineStateManager (PipelineStateManager.java:addPipeline(56)) - Created pipeline Pipeline[ Id: 8e6c9590-ba66-44ba-9c16-f5c3662f5086, Nodes: dd3a57bf-582b-444c-bc9b-ae19d3f4f84e{ip: 192.168.151.72, host: pr-hdds-2204-72899-789710998, networkLocation: /default-rack, certSerialId: null}, Type:RATIS, Factor:ONE, State:OPEN]
2019-10-04 11:32:12,793 [grpc-default-executor-7] INFO  impl.RaftServerProxy (RaftServerProxy.java:addNew(89)) - 23c7073a-9bb3-472d-af00-4ba03518b2d3: addNew group-989E15DA7615:[23c7073a-9bb3-472d-af00-4ba03518b2d3:192.168.151.72:34299] returns group-989E15DA7615:java.util.concurrent.CompletableFuture@75c2fdc2[Not completed]
2019-10-04 11:32:12,795 [pool-413-thread-1] INFO  impl.RaftServerImpl (RaftServerImpl.java:<init>(95)) - 23c7073a-9bb3-472d-af00-4ba03518b2d3: new RaftServerImpl for group-989E15DA7615:[23c7073a-9bb3-472d-af00-4ba03518b2d3:192.168.151.72:34299] with ContainerStateMachine:uninitialized
2019-10-04 11:32:12,795 [pool-413-thread-1] INFO  server.RaftServerConfigKeys (ConfUtils.java:logGet(43)) - raft.server.rpc.timeout.min = 5s (custom)
2019-10-04 11:32:12,795 [pool-413-thread-1] INFO  server.RaftServerConfigKeys (ConfUtils.java:logGet(43)) - raft.server.rpc.timeout.max = 5200ms (custom)
2019-10-04 11:32:12,795 [pool-413-thread-1] INFO  server.RaftServerConfigKeys (ConfUtils.java:logGet(43)) - raft.server.rpcslowness.timeout = 120s (custom)
2019-10-04 11:32:12,795 [pool-413-thread-1] INFO  server.RaftServerConfigKeys (ConfUtils.java:logGet(43)) - raft.server.sleep.deviation.threshold = 300 (default)
2019-10-04 11:32:12,796 [pool-413-thread-1] INFO  server.RaftServerConfigKeys (ConfUtils.java:logGet(43)) - raft.server.log.appender.install.snapshot.enabled = false (custom)
2019-10-04 11:32:12,796 [pool-413-thread-1] INFO  impl.RaftServerImpl (ServerState.java:<init>(103)) - 23c7073a-9bb3-472d-af00-4ba03518b2d3@group-989E15DA7615: ConfigurationManager, init=-1: [23c7073a-9bb3-472d-af00-4ba03518b2d3:192.168.151.72:34299], old=null, confs=<EMPTY_MAP>
2019-10-04 11:32:12,796 [pool-413-thread-1] INFO  server.RaftServerConfigKeys (ConfUtils.java:logGet(43)) - raft.server.storage.dir = [/workdir/hadoop-ozone/integration-test/target/test-dir/MiniOzoneClusterImpl-9d12ad6e-bf5e-478e-b9e0-f850324b2238/datanode-3/data/ratis] (custom)
2019-10-04 11:32:12,796 [pool-413-thread-1] INFO  server.RaftServerConfigKeys (ConfUtils.java:logGet(43)) - raft.server.log.corruption.policy = EXCEPTION (default)
2019-10-04 11:32:12,796 [pool-413-thread-1] INFO  storage.RaftStorageDirectory (RaftStorageDirectory.java:analyzeStorage(246)) - The storage directory /workdir/hadoop-ozone/integration-test/target/test-dir/MiniOzoneClusterImpl-9d12ad6e-bf5e-478e-b9e0-f850324b2238/datanode-3/data/ratis/59ef8875-756f-4c6f-9e6a-989e15da7615 does not exist. Creating ...
2019-10-04 11:32:12,809 [pool-413-thread-1] INFO  storage.RaftStorageDirectory (RaftStorageDirectory.java:tryLock(328)) - Lock on /workdir/hadoop-ozone/integration-test/target/test-dir/MiniOzoneClusterImpl-9d12ad6e-bf5e-478e-b9e0-f850324b2238/datanode-3/data/ratis/59ef8875-756f-4c6f-9e6a-989e15da7615/in_use.lock acquired by nodename 26284@pr-hdds-2204-72899-789710998
2019-10-04 11:32:12,822 [pool-413-thread-1] INFO  storage.RaftStorage (RaftStorage.java:format(84)) - Storage directory /workdir/hadoop-ozone/integration-test/target/test-dir/MiniOzoneClusterImpl-9d12ad6e-bf5e-478e-b9e0-f850324b2238/datanode-3/data/ratis/59ef8875-756f-4c6f-9e6a-989e15da7615 has been successfully formatted.
2019-10-04 11:32:12,822 [pool-413-thread-1] INFO  ratis.ContainerStateMachine (ContainerStateMachine.java:loadSnapshot(230)) - group-989E15DA7615: The snapshot info is null. Setting the last applied indexto:(t:0, i:~)
2019-10-04 11:32:12,822 [pool-413-thread-1] INFO  server.RaftServerConfigKeys (ConfUtils.java:logGet(43)) - raft.server.notification.no-leader.timeout = 120s (custom)
2019-10-04 11:32:12,823 [pool-413-thread-1] INFO  server.RaftServerConfigKeys (ConfUtils.java:logGet(43)) - raft.server.log.use.memory = false (default)
2019-10-04 11:32:12,823 [pool-413-thread-1] INFO  server.RaftServerConfigKeys (ConfUtils.java:logGet(43)) - raft.server.log.purge.gap = 1000000 (custom)
2019-10-04 11:32:12,823 [pool-413-thread-1] INFO  server.RaftServerConfigKeys (ConfUtils.java:logGet(43)) - raft.server.log.appender.buffer.byte-limit = 33554432 (custom)
2019-10-04 11:32:12,823 [pool-413-thread-1] INFO  server.RaftServerConfigKeys (ConfUtils.java:logGet(43)) - raft.server.log.segment.size.max = 1048576 (custom)
2019-10-04 11:32:12,825 [pool-413-thread-1] INFO  server.RaftServerConfigKeys (ConfUtils.java:logGet(43)) - raft.server.log.segment.cache.num.max = 2 (custom)
2019-10-04 11:32:12,825 [pool-413-thread-1] INFO  segmented.SegmentedRaftLogWorker (SegmentedRaftLogWorker.java:<init>(173)) - new 23c7073a-9bb3-472d-af00-4ba03518b2d3@group-989E15DA7615-SegmentedRaftLogWorker for RaftStorage:Storage Directory /workdir/hadoop-ozone/integration-test/target/test-dir/MiniOzoneClusterImpl-9d12ad6e-bf5e-478e-b9e0-f850324b2238/datanode-3/data/ratis/59ef8875-756f-4c6f-9e6a-989e15da7615
2019-10-04 11:32:12,825 [pool-413-thread-1] INFO  server.RaftServerConfigKeys (ConfUtils.java:logGet(43)) - raft.server.log.queue.byte-limit = 2147483647 (custom)
2019-10-04 11:32:12,825 [pool-413-thread-1] INFO  server.RaftServerConfigKeys (ConfUtils.java:logGet(43)) - raft.server.log.queue.element-limit = 1024 (custom)
2019-10-04 11:32:12,826 [pool-413-thread-1] INFO  server.RaftServerConfigKeys (ConfUtils.java:logGet(43)) - raft.server.log.segment.size.max = 1048576 (custom)
2019-10-04 11:32:12,826 [pool-413-thread-1] INFO  server.RaftServerConfigKeys (ConfUtils.java:logGet(43)) - raft.server.log.preallocated.size = 16384 (custom)
2019-10-04 11:32:12,826 [pool-413-thread-1] INFO  server.RaftServerConfigKeys (ConfUtils.java:logGet(43)) - raft.server.log.write.buffer.size = 33554432 (custom)
2019-10-04 11:32:12,826 [pool-413-thread-1] INFO  server.RaftServerConfigKeys (ConfUtils.java:logGet(43)) - raft.server.log.force.sync.num = 128 (default)
2019-10-04 11:32:12,826 [pool-413-thread-1] INFO  server.RaftServerConfigKeys (ConfUtils.java:logGet(43)) - raft.server.log.statemachine.data.sync = true (default)
2019-10-04 11:32:12,826 [pool-413-thread-1] INFO  server.RaftServerConfigKeys (ConfUtils.java:logGet(43)) - raft.server.log.statemachine.data.sync.timeout = 10s (default)
2019-10-04 11:32:12,826 [pool-413-thread-1] INFO  server.RaftServerConfigKeys (ConfUtils.java:logGet(43)) - raft.server.log.statemachine.data.sync.timeout.retry = -1 (default)
2019-10-04 11:32:12,827 [pool-413-thread-1] INFO  server.RaftServerConfigKeys (ConfUtils.java:logGet(43)) - raft.server.log.statemachine.data.caching.enabled = true (custom)
2019-10-04 11:32:12,827 [pool-413-thread-1] INFO  segmented.SegmentedRaftLogWorker (SegmentedRaftLogWorker.java:lambda$new$0(128)) - 23c7073a-9bb3-472d-af00-4ba03518b2d3@group-989E15DA7615-SegmentedRaftLogWorker: flushIndex: setUnconditionally 0 -> -1
2019-10-04 11:32:12,828 [pool-413-thread-1] INFO  server.RaftServerConfigKeys (ConfUtils.java:logGet(43)) - raft.server.snapshot.auto.trigger.enabled = true (custom)
2019-10-04 11:32:12,828 [pool-413-thread-1] INFO  server.RaftServerConfigKeys (ConfUtils.java:logGet(43)) - raft.server.snapshot.auto.trigger.threshold = 10000 (custom)
2019-10-04 11:32:12,828 [pool-413-thread-1] INFO  server.RaftServerConfigKeys (ConfUtils.java:logGet(43)) - raft.server.snapshot.retention.file.num = 5 (custom)
2019-10-04 11:32:12,828 [pool-413-thread-1] INFO  server.RaftServerConfigKeys (ConfUtils.java:logGet(43)) - raft.server.retrycache.expirytime = 600000ms (custom)
2019-10-04 11:32:12,830 [pool-413-thread-1] INFO  impl.RaftServerImpl (RaftServerImpl.java:start(181)) - 23c7073a-9bb3-472d-af00-4ba03518b2d3@group-989E15DA7615: start as a follower, conf=-1: [23c7073a-9bb3-472d-af00-4ba03518b2d3:192.168.151.72:34299], old=null
2019-10-04 11:32:12,830 [pool-413-thread-1] INFO  impl.RaftServerImpl (RaftServerImpl.java:setRole(170)) - 23c7073a-9bb3-472d-af00-4ba03518b2d3@group-989E15DA7615: changes role from      null to FOLLOWER at term 0 for startAsFollower
2019-10-04 11:32:12,831 [pool-413-thread-1] INFO  impl.RoleInfo (RoleInfo.java:updateAndGet(143)) - 23c7073a-9bb3-472d-af00-4ba03518b2d3: start FollowerState
2019-10-04 11:32:12,831 [pool-413-thread-1] INFO  util.JmxRegister (JmxRegister.java:tryRegister(44)) - Successfully registered JMX Bean with object name Ratis:service=RaftServer,group=group-989E15DA7615,id=23c7073a-9bb3-472d-af00-4ba03518b2d3
2019-10-04 11:32:12,835 [RatisPipelineUtilsThread] INFO  pipeline.PipelineStateManager (PipelineStateManager.java:addPipeline(56)) - Created pipeline Pipeline[ Id: 59ef8875-756f-4c6f-9e6a-989e15da7615, Nodes: 23c7073a-9bb3-472d-af00-4ba03518b2d3{ip: 192.168.151.72, host: pr-hdds-2204-72899-789710998, networkLocation: /default-rack, certSerialId: null}, Type:RATIS, Factor:ONE, State:OPEN]
2019-10-04 11:32:12,840 [IPC Server handler 5 on 34651] INFO  net.NetworkTopology (NetworkTopologyImpl.java:add(111)) - Added a new node: /default-rack/f450d9fe-5139-49a3-9750-424d4ee3d991
2019-10-04 11:32:12,840 [IPC Server handler 5 on 34651] INFO  node.SCMNodeManager (SCMNodeManager.java:register(266)) - Registered Data node : f450d9fe-5139-49a3-9750-424d4ee3d991{ip: 192.168.151.72, host: pr-hdds-2204-72899-789710998, networkLocation: /default-rack, certSerialId: null}
2019-10-04 11:32:12,851 [grpc-default-executor-1] INFO  impl.RaftServerProxy (RaftServerProxy.java:addNew(89)) - dd3a57bf-582b-444c-bc9b-ae19d3f4f84e: addNew group-37659CD6685C:[401cb6e3-6690-4cb7-98a8-b789ac85db21:192.168.151.72:46071, 23c7073a-9bb3-472d-af00-4ba03518b2d3:192.168.151.72:34299, dd3a57bf-582b-444c-bc9b-ae19d3f4f84e:192.168.151.72:42510] returns group-37659CD6685C:java.util.concurrent.CompletableFuture@23dfa132[Not completed]
2019-10-04 11:32:12,854 [grpc-default-executor-7] INFO  impl.RaftServerProxy (RaftServerProxy.java:addNew(89)) - 401cb6e3-6690-4cb7-98a8-b789ac85db21: addNew group-37659CD6685C:[401cb6e3-6690-4cb7-98a8-b789ac85db21:192.168.151.72:46071, 23c7073a-9bb3-472d-af00-4ba03518b2d3:192.168.151.72:34299, dd3a57bf-582b-444c-bc9b-ae19d3f4f84e:192.168.151.72:42510] returns group-37659CD6685C:java.util.concurrent.CompletableFuture@3196e996[Not completed]
2019-10-04 11:32:12,857 [grpc-default-executor-7] INFO  impl.RaftServerProxy (RaftServerProxy.java:addNew(89)) - 23c7073a-9bb3-472d-af00-4ba03518b2d3: addNew group-37659CD6685C:[401cb6e3-6690-4cb7-98a8-b789ac85db21:192.168.151.72:46071, 23c7073a-9bb3-472d-af00-4ba03518b2d3:192.168.151.72:34299, dd3a57bf-582b-444c-bc9b-ae19d3f4f84e:192.168.151.72:42510] returns group-37659CD6685C:java.util.concurrent.CompletableFuture@53582e8b[Not completed]
2019-10-04 11:32:12,858 [pool-403-thread-1] INFO  impl.RaftServerImpl (RaftServerImpl.java:<init>(95)) - dd3a57bf-582b-444c-bc9b-ae19d3f4f84e: new RaftServerImpl for group-37659CD6685C:[401cb6e3-6690-4cb7-98a8-b789ac85db21:192.168.151.72:46071, 23c7073a-9bb3-472d-af00-4ba03518b2d3:192.168.151.72:34299, dd3a57bf-582b-444c-bc9b-ae19d3f4f84e:192.168.151.72:42510] with ContainerStateMachine:uninitialized
2019-10-04 11:32:12,858 [pool-403-thread-1] INFO  server.RaftServerConfigKeys (ConfUtils.java:logGet(43)) - raft.server.rpc.timeout.min = 5s (custom)
2019-10-04 11:32:12,858 [pool-403-thread-1] INFO  server.RaftServerConfigKeys (ConfUtils.java:logGet(43)) - raft.server.rpc.timeout.max = 5200ms (custom)
2019-10-04 11:32:12,858 [pool-403-thread-1] INFO  server.RaftServerConfigKeys (ConfUtils.java:logGet(43)) - raft.server.rpcslowness.timeout = 120s (custom)
2019-10-04 11:32:12,859 [pool-403-thread-1] INFO  server.RaftServerConfigKeys (ConfUtils.java:logGet(43)) - raft.server.sleep.deviation.threshold = 300 (default)
2019-10-04 11:32:12,859 [pool-403-thread-1] INFO  server.RaftServerConfigKeys (ConfUtils.java:logGet(43)) - raft.server.log.appender.install.snapshot.enabled = false (custom)
2019-10-04 11:32:12,859 [pool-403-thread-1] INFO  impl.RaftServerImpl (ServerState.java:<init>(103)) - dd3a57bf-582b-444c-bc9b-ae19d3f4f84e@group-37659CD6685C: ConfigurationManager, init=-1: [401cb6e3-6690-4cb7-98a8-b789ac85db21:192.168.151.72:46071, 23c7073a-9bb3-472d-af00-4ba03518b2d3:192.168.151.72:34299, dd3a57bf-582b-444c-bc9b-ae19d3f4f84e:192.168.151.72:42510], old=null, confs=<EMPTY_MAP>
2019-10-04 11:32:12,859 [pool-403-thread-1] INFO  server.RaftServerConfigKeys (ConfUtils.java:logGet(43)) - raft.server.storage.dir = [/workdir/hadoop-ozone/integration-test/target/test-dir/MiniOzoneClusterImpl-9d12ad6e-bf5e-478e-b9e0-f850324b2238/datanode-2/data/ratis] (custom)
2019-10-04 11:32:12,859 [pool-413-thread-1] INFO  impl.RaftServerImpl (RaftServerImpl.java:<init>(95)) - 23c7073a-9bb3-472d-af00-4ba03518b2d3: new RaftServerImpl for group-37659CD6685C:[401cb6e3-6690-4cb7-98a8-b789ac85db21:192.168.151.72:46071, 23c7073a-9bb3-472d-af00-4ba03518b2d3:192.168.151.72:34299, dd3a57bf-582b-444c-bc9b-ae19d3f4f84e:192.168.151.72:42510] with ContainerStateMachine:uninitialized
2019-10-04 11:32:12,859 [pool-403-thread-1] INFO  server.RaftServerConfigKeys (ConfUtils.java:logGet(43)) - raft.server.log.corruption.policy = EXCEPTION (default)
2019-10-04 11:32:12,859 [pool-413-thread-1] INFO  server.RaftServerConfigKeys (ConfUtils.java:logGet(43)) - raft.server.rpc.timeout.min = 5s (custom)
2019-10-04 11:32:12,859 [pool-403-thread-1] INFO  storage.RaftStorageDirectory (RaftStorageDirectory.java:analyzeStorage(246)) - The storage directory /workdir/hadoop-ozone/integration-test/target/test-dir/MiniOzoneClusterImpl-9d12ad6e-bf5e-478e-b9e0-f850324b2238/datanode-2/data/ratis/aff3c75b-9acc-4940-9c5f-37659cd6685c does not exist. Creating ...
2019-10-04 11:32:12,859 [pool-413-thread-1] INFO  server.RaftServerConfigKeys (ConfUtils.java:logGet(43)) - raft.server.rpc.timeout.max = 5200ms (custom)
2019-10-04 11:32:12,860 [pool-413-thread-1] INFO  server.RaftServerConfigKeys (ConfUtils.java:logGet(43)) - raft.server.rpcslowness.timeout = 120s (custom)
2019-10-04 11:32:12,860 [pool-413-thread-1] INFO  server.RaftServerConfigKeys (ConfUtils.java:logGet(43)) - raft.server.sleep.deviation.threshold = 300 (default)
2019-10-04 11:32:12,860 [pool-413-thread-1] INFO  server.RaftServerConfigKeys (ConfUtils.java:logGet(43)) - raft.server.log.appender.install.snapshot.enabled = false (custom)
2019-10-04 11:32:12,860 [pool-413-thread-1] INFO  impl.RaftServerImpl (ServerState.java:<init>(103)) - 23c7073a-9bb3-472d-af00-4ba03518b2d3@group-37659CD6685C: ConfigurationManager, init=-1: [401cb6e3-6690-4cb7-98a8-b789ac85db21:192.168.151.72:46071, 23c7073a-9bb3-472d-af00-4ba03518b2d3:192.168.151.72:34299, dd3a57bf-582b-444c-bc9b-ae19d3f4f84e:192.168.151.72:42510], old=null, confs=<EMPTY_MAP>
2019-10-04 11:32:12,860 [pool-383-thread-1] INFO  impl.RaftServerImpl (RaftServerImpl.java:<init>(95)) - 401cb6e3-6690-4cb7-98a8-b789ac85db21: new RaftServerImpl for group-37659CD6685C:[401cb6e3-6690-4cb7-98a8-b789ac85db21:192.168.151.72:46071, 23c7073a-9bb3-472d-af00-4ba03518b2d3:192.168.151.72:34299, dd3a57bf-582b-444c-bc9b-ae19d3f4f84e:192.168.151.72:42510] with ContainerStateMachine:uninitialized
2019-10-04 11:32:12,860 [pool-413-thread-1] INFO  server.RaftServerConfigKeys (ConfUtils.java:logGet(43)) - raft.server.storage.dir = [/workdir/hadoop-ozone/integration-test/target/test-dir/MiniOzoneClusterImpl-9d12ad6e-bf5e-478e-b9e0-f850324b2238/datanode-3/data/ratis] (custom)
2019-10-04 11:32:12,860 [pool-383-thread-1] INFO  server.RaftServerConfigKeys (ConfUtils.java:logGet(43)) - raft.server.rpc.timeout.min = 5s (custom)
2019-10-04 11:32:12,861 [pool-413-thread-1] INFO  server.RaftServerConfigKeys (ConfUtils.java:logGet(43)) - raft.server.log.corruption.policy = EXCEPTION (default)
2019-10-04 11:32:12,861 [pool-383-thread-1] INFO  server.RaftServerConfigKeys (ConfUtils.java:logGet(43)) - raft.server.rpc.timeout.max = 5200ms (custom)
2019-10-04 11:32:12,861 [pool-413-thread-1] INFO  storage.RaftStorageDirectory (RaftStorageDirectory.java:analyzeStorage(246)) - The storage directory /workdir/hadoop-ozone/integration-test/target/test-dir/MiniOzoneClusterImpl-9d12ad6e-bf5e-478e-b9e0-f850324b2238/datanode-3/data/ratis/aff3c75b-9acc-4940-9c5f-37659cd6685c does not exist. Creating ...
2019-10-04 11:32:12,861 [pool-383-thread-1] INFO  server.RaftServerConfigKeys (ConfUtils.java:logGet(43)) - raft.server.rpcslowness.timeout = 120s (custom)
2019-10-04 11:32:12,861 [pool-383-thread-1] INFO  server.RaftServerConfigKeys (ConfUtils.java:logGet(43)) - raft.server.sleep.deviation.threshold = 300 (default)
2019-10-04 11:32:12,861 [pool-383-thread-1] INFO  server.RaftServerConfigKeys (ConfUtils.java:logGet(43)) - raft.server.log.appender.install.snapshot.enabled = false (custom)
2019-10-04 11:32:12,862 [pool-383-thread-1] INFO  impl.RaftServerImpl (ServerState.java:<init>(103)) - 401cb6e3-6690-4cb7-98a8-b789ac85db21@group-37659CD6685C: ConfigurationManager, init=-1: [401cb6e3-6690-4cb7-98a8-b789ac85db21:192.168.151.72:46071, 23c7073a-9bb3-472d-af00-4ba03518b2d3:192.168.151.72:34299, dd3a57bf-582b-444c-bc9b-ae19d3f4f84e:192.168.151.72:42510], old=null, confs=<EMPTY_MAP>
2019-10-04 11:32:12,862 [pool-383-thread-1] INFO  server.RaftServerConfigKeys (ConfUtils.java:logGet(43)) - raft.server.storage.dir = [/workdir/hadoop-ozone/integration-test/target/test-dir/MiniOzoneClusterImpl-9d12ad6e-bf5e-478e-b9e0-f850324b2238/datanode-0/data/ratis] (custom)
2019-10-04 11:32:12,862 [pool-383-thread-1] INFO  server.RaftServerConfigKeys (ConfUtils.java:logGet(43)) - raft.server.log.corruption.policy = EXCEPTION (default)
2019-10-04 11:32:12,862 [pool-383-thread-1] INFO  storage.RaftStorageDirectory (RaftStorageDirectory.java:analyzeStorage(246)) - The storage directory /workdir/hadoop-ozone/integration-test/target/test-dir/MiniOzoneClusterImpl-9d12ad6e-bf5e-478e-b9e0-f850324b2238/datanode-0/data/ratis/aff3c75b-9acc-4940-9c5f-37659cd6685c does not exist. Creating ...
2019-10-04 11:32:12,873 [pool-403-thread-1] INFO  storage.RaftStorageDirectory (RaftStorageDirectory.java:tryLock(328)) - Lock on /workdir/hadoop-ozone/integration-test/target/test-dir/MiniOzoneClusterImpl-9d12ad6e-bf5e-478e-b9e0-f850324b2238/datanode-2/data/ratis/aff3c75b-9acc-4940-9c5f-37659cd6685c/in_use.lock acquired by nodename 26284@pr-hdds-2204-72899-789710998
2019-10-04 11:32:12,873 [pool-383-thread-1] INFO  storage.RaftStorageDirectory (RaftStorageDirectory.java:tryLock(328)) - Lock on /workdir/hadoop-ozone/integration-test/target/test-dir/MiniOzoneClusterImpl-9d12ad6e-bf5e-478e-b9e0-f850324b2238/datanode-0/data/ratis/aff3c75b-9acc-4940-9c5f-37659cd6685c/in_use.lock acquired by nodename 26284@pr-hdds-2204-72899-789710998
2019-10-04 11:32:12,873 [pool-413-thread-1] INFO  storage.RaftStorageDirectory (RaftStorageDirectory.java:tryLock(328)) - Lock on /workdir/hadoop-ozone/integration-test/target/test-dir/MiniOzoneClusterImpl-9d12ad6e-bf5e-478e-b9e0-f850324b2238/datanode-3/data/ratis/aff3c75b-9acc-4940-9c5f-37659cd6685c/in_use.lock acquired by nodename 26284@pr-hdds-2204-72899-789710998
2019-10-04 11:32:12,888 [pool-413-thread-1] INFO  storage.RaftStorage (RaftStorage.java:format(84)) - Storage directory /workdir/hadoop-ozone/integration-test/target/test-dir/MiniOzoneClusterImpl-9d12ad6e-bf5e-478e-b9e0-f850324b2238/datanode-3/data/ratis/aff3c75b-9acc-4940-9c5f-37659cd6685c has been successfully formatted.
2019-10-04 11:32:12,888 [pool-403-thread-1] INFO  storage.RaftStorage (RaftStorage.java:format(84)) - Storage directory /workdir/hadoop-ozone/integration-test/target/test-dir/MiniOzoneClusterImpl-9d12ad6e-bf5e-478e-b9e0-f850324b2238/datanode-2/data/ratis/aff3c75b-9acc-4940-9c5f-37659cd6685c has been successfully formatted.
2019-10-04 11:32:12,888 [pool-383-thread-1] INFO  storage.RaftStorage (RaftStorage.java:format(84)) - Storage directory /workdir/hadoop-ozone/integration-test/target/test-dir/MiniOzoneClusterImpl-9d12ad6e-bf5e-478e-b9e0-f850324b2238/datanode-0/data/ratis/aff3c75b-9acc-4940-9c5f-37659cd6685c has been successfully formatted.
2019-10-04 11:32:12,888 [pool-413-thread-1] INFO  ratis.ContainerStateMachine (ContainerStateMachine.java:loadSnapshot(230)) - group-37659CD6685C: The snapshot info is null. Setting the last applied indexto:(t:0, i:~)
2019-10-04 11:32:12,888 [pool-383-thread-1] INFO  ratis.ContainerStateMachine (ContainerStateMachine.java:loadSnapshot(230)) - group-37659CD6685C: The snapshot info is null. Setting the last applied indexto:(t:0, i:~)
2019-10-04 11:32:12,888 [pool-403-thread-1] INFO  ratis.ContainerStateMachine (ContainerStateMachine.java:loadSnapshot(230)) - group-37659CD6685C: The snapshot info is null. Setting the last applied indexto:(t:0, i:~)
2019-10-04 11:32:12,888 [pool-383-thread-1] INFO  server.RaftServerConfigKeys (ConfUtils.java:logGet(43)) - raft.server.notification.no-leader.timeout = 120s (custom)
2019-10-04 11:32:12,888 [pool-413-thread-1] INFO  server.RaftServerConfigKeys (ConfUtils.java:logGet(43)) - raft.server.notification.no-leader.timeout = 120s (custom)
2019-10-04 11:32:12,889 [pool-383-thread-1] INFO  server.RaftServerConfigKeys (ConfUtils.java:logGet(43)) - raft.server.log.use.memory = false (default)
2019-10-04 11:32:12,889 [pool-403-thread-1] INFO  server.RaftServerConfigKeys (ConfUtils.java:logGet(43)) - raft.server.notification.no-leader.timeout = 120s (custom)
2019-10-04 11:32:12,889 [pool-383-thread-1] INFO  server.RaftServerConfigKeys (ConfUtils.java:logGet(43)) - raft.server.log.purge.gap = 1000000 (custom)
2019-10-04 11:32:12,889 [pool-413-thread-1] INFO  server.RaftServerConfigKeys (ConfUtils.java:logGet(43)) - raft.server.log.use.memory = false (default)
2019-10-04 11:32:12,889 [pool-383-thread-1] INFO  server.RaftServerConfigKeys (ConfUtils.java:logGet(43)) - raft.server.log.appender.buffer.byte-limit = 33554432 (custom)
2019-10-04 11:32:12,889 [pool-403-thread-1] INFO  server.RaftServerConfigKeys (ConfUtils.java:logGet(43)) - raft.server.log.use.memory = false (default)
2019-10-04 11:32:12,890 [pool-383-thread-1] INFO  server.RaftServerConfigKeys (ConfUtils.java:logGet(43)) - raft.server.log.segment.size.max = 1048576 (custom)
2019-10-04 11:32:12,889 [pool-413-thread-1] INFO  server.RaftServerConfigKeys (ConfUtils.java:logGet(43)) - raft.server.log.purge.gap = 1000000 (custom)
2019-10-04 11:32:12,890 [pool-383-thread-1] INFO  server.RaftServerConfigKeys (ConfUtils.java:logGet(43)) - raft.server.log.segment.cache.num.max = 2 (custom)
2019-10-04 11:32:12,890 [pool-403-thread-1] INFO  server.RaftServerConfigKeys (ConfUtils.java:logGet(43)) - raft.server.log.purge.gap = 1000000 (custom)
2019-10-04 11:32:12,890 [pool-383-thread-1] INFO  segmented.SegmentedRaftLogWorker (SegmentedRaftLogWorker.java:<init>(173)) - new 401cb6e3-6690-4cb7-98a8-b789ac85db21@group-37659CD6685C-SegmentedRaftLogWorker for RaftStorage:Storage Directory /workdir/hadoop-ozone/integration-test/target/test-dir/MiniOzoneClusterImpl-9d12ad6e-bf5e-478e-b9e0-f850324b2238/datanode-0/data/ratis/aff3c75b-9acc-4940-9c5f-37659cd6685c
2019-10-04 11:32:12,890 [pool-383-thread-1] INFO  server.RaftServerConfigKeys (ConfUtils.java:logGet(43)) - raft.server.log.queue.byte-limit = 2147483647 (custom)
2019-10-04 11:32:12,890 [pool-413-thread-1] INFO  server.RaftServerConfigKeys (ConfUtils.java:logGet(43)) - raft.server.log.appender.buffer.byte-limit = 33554432 (custom)
2019-10-04 11:32:12,891 [pool-383-thread-1] INFO  server.RaftServerConfigKeys (ConfUtils.java:logGet(43)) - raft.server.log.queue.element-limit = 1024 (custom)
2019-10-04 11:32:12,890 [pool-403-thread-1] INFO  server.RaftServerConfigKeys (ConfUtils.java:logGet(43)) - raft.server.log.appender.buffer.byte-limit = 33554432 (custom)
2019-10-04 11:32:12,891 [pool-383-thread-1] INFO  server.RaftServerConfigKeys (ConfUtils.java:logGet(43)) - raft.server.log.segment.size.max = 1048576 (custom)
2019-10-04 11:32:12,891 [pool-413-thread-1] INFO  server.RaftServerConfigKeys (ConfUtils.java:logGet(43)) - raft.server.log.segment.size.max = 1048576 (custom)
2019-10-04 11:32:12,891 [pool-383-thread-1] INFO  server.RaftServerConfigKeys (ConfUtils.java:logGet(43)) - raft.server.log.preallocated.size = 16384 (custom)
2019-10-04 11:32:12,891 [pool-383-thread-1] INFO  server.RaftServerConfigKeys (ConfUtils.java:logGet(43)) - raft.server.log.write.buffer.size = 33554432 (custom)
2019-10-04 11:32:12,891 [pool-403-thread-1] INFO  server.RaftServerConfigKeys (ConfUtils.java:logGet(43)) - raft.server.log.segment.size.max = 1048576 (custom)
2019-10-04 11:32:12,892 [pool-383-thread-1] INFO  server.RaftServerConfigKeys (ConfUtils.java:logGet(43)) - raft.server.log.force.sync.num = 128 (default)
2019-10-04 11:32:12,891 [pool-413-thread-1] INFO  server.RaftServerConfigKeys (ConfUtils.java:logGet(43)) - raft.server.log.segment.cache.num.max = 2 (custom)
2019-10-04 11:32:12,892 [pool-383-thread-1] INFO  server.RaftServerConfigKeys (ConfUtils.java:logGet(43)) - raft.server.log.statemachine.data.sync = true (default)
2019-10-04 11:32:12,892 [pool-403-thread-1] INFO  server.RaftServerConfigKeys (ConfUtils.java:logGet(43)) - raft.server.log.segment.cache.num.max = 2 (custom)
2019-10-04 11:32:12,892 [pool-383-thread-1] INFO  server.RaftServerConfigKeys (ConfUtils.java:logGet(43)) - raft.server.log.statemachine.data.sync.timeout = 10s (default)
2019-10-04 11:32:12,892 [pool-383-thread-1] INFO  server.RaftServerConfigKeys (ConfUtils.java:logGet(43)) - raft.server.log.statemachine.data.sync.timeout.retry = -1 (default)
2019-10-04 11:32:12,892 [pool-413-thread-1] INFO  segmented.SegmentedRaftLogWorker (SegmentedRaftLogWorker.java:<init>(173)) - new 23c7073a-9bb3-472d-af00-4ba03518b2d3@group-37659CD6685C-SegmentedRaftLogWorker for RaftStorage:Storage Directory /workdir/hadoop-ozone/integration-test/target/test-dir/MiniOzoneClusterImpl-9d12ad6e-bf5e-478e-b9e0-f850324b2238/datanode-3/data/ratis/aff3c75b-9acc-4940-9c5f-37659cd6685c
2019-10-04 11:32:12,893 [pool-383-thread-1] INFO  server.RaftServerConfigKeys (ConfUtils.java:logGet(43)) - raft.server.log.statemachine.data.caching.enabled = true (custom)
2019-10-04 11:32:12,892 [pool-403-thread-1] INFO  segmented.SegmentedRaftLogWorker (SegmentedRaftLogWorker.java:<init>(173)) - new dd3a57bf-582b-444c-bc9b-ae19d3f4f84e@group-37659CD6685C-SegmentedRaftLogWorker for RaftStorage:Storage Directory /workdir/hadoop-ozone/integration-test/target/test-dir/MiniOzoneClusterImpl-9d12ad6e-bf5e-478e-b9e0-f850324b2238/datanode-2/data/ratis/aff3c75b-9acc-4940-9c5f-37659cd6685c
2019-10-04 11:32:12,893 [pool-413-thread-1] INFO  server.RaftServerConfigKeys (ConfUtils.java:logGet(43)) - raft.server.log.queue.byte-limit = 2147483647 (custom)
2019-10-04 11:32:12,893 [pool-383-thread-1] INFO  segmented.SegmentedRaftLogWorker (SegmentedRaftLogWorker.java:lambda$new$0(128)) - 401cb6e3-6690-4cb7-98a8-b789ac85db21@group-37659CD6685C-SegmentedRaftLogWorker: flushIndex: setUnconditionally 0 -> -1
2019-10-04 11:32:12,893 [pool-403-thread-1] INFO  server.RaftServerConfigKeys (ConfUtils.java:logGet(43)) - raft.server.log.queue.byte-limit = 2147483647 (custom)
2019-10-04 11:32:12,893 [pool-413-thread-1] INFO  server.RaftServerConfigKeys (ConfUtils.java:logGet(43)) - raft.server.log.queue.element-limit = 1024 (custom)
2019-10-04 11:32:12,894 [pool-383-thread-1] INFO  server.RaftServerConfigKeys (ConfUtils.java:logGet(43)) - raft.server.snapshot.auto.trigger.enabled = true (custom)
2019-10-04 11:32:12,893 [pool-403-thread-1] INFO  server.RaftServerConfigKeys (ConfUtils.java:logGet(43)) - raft.server.log.queue.element-limit = 1024 (custom)
2019-10-04 11:32:12,894 [pool-383-thread-1] INFO  server.RaftServerConfigKeys (ConfUtils.java:logGet(43)) - raft.server.snapshot.auto.trigger.threshold = 10000 (custom)
2019-10-04 11:32:12,894 [pool-383-thread-1] INFO  server.RaftServerConfigKeys (ConfUtils.java:logGet(43)) - raft.server.snapshot.retention.file.num = 5 (custom)
2019-10-04 11:32:12,894 [pool-413-thread-1] INFO  server.RaftServerConfigKeys (ConfUtils.java:logGet(43)) - raft.server.log.segment.size.max = 1048576 (custom)
2019-10-04 11:32:12,894 [pool-383-thread-1] INFO  server.RaftServerConfigKeys (ConfUtils.java:logGet(43)) - raft.server.retrycache.expirytime = 600000ms (custom)
2019-10-04 11:32:12,894 [pool-403-thread-1] INFO  server.RaftServerConfigKeys (ConfUtils.java:logGet(43)) - raft.server.log.segment.size.max = 1048576 (custom)
2019-10-04 11:32:12,894 [pool-413-thread-1] INFO  server.RaftServerConfigKeys (ConfUtils.java:logGet(43)) - raft.server.log.preallocated.size = 16384 (custom)
2019-10-04 11:32:12,895 [pool-403-thread-1] INFO  server.RaftServerConfigKeys (ConfUtils.java:logGet(43)) - raft.server.log.preallocated.size = 16384 (custom)
2019-10-04 11:32:12,895 [pool-413-thread-1] INFO  server.RaftServerConfigKeys (ConfUtils.java:logGet(43)) - raft.server.log.write.buffer.size = 33554432 (custom)
2019-10-04 11:32:12,895 [pool-403-thread-1] INFO  server.RaftServerConfigKeys (ConfUtils.java:logGet(43)) - raft.server.log.write.buffer.size = 33554432 (custom)
2019-10-04 11:32:12,895 [pool-413-thread-1] INFO  server.RaftServerConfigKeys (ConfUtils.java:logGet(43)) - raft.server.log.force.sync.num = 128 (default)
2019-10-04 11:32:12,895 [pool-403-thread-1] INFO  server.RaftServerConfigKeys (ConfUtils.java:logGet(43)) - raft.server.log.force.sync.num = 128 (default)
2019-10-04 11:32:12,895 [pool-413-thread-1] INFO  server.RaftServerConfigKeys (ConfUtils.java:logGet(43)) - raft.server.log.statemachine.data.sync = true (default)
2019-10-04 11:32:12,895 [pool-403-thread-1] INFO  server.RaftServerConfigKeys (ConfUtils.java:logGet(43)) - raft.server.log.statemachine.data.sync = true (default)
2019-10-04 11:32:12,896 [pool-413-thread-1] INFO  server.RaftServerConfigKeys (ConfUtils.java:logGet(43)) - raft.server.log.statemachine.data.sync.timeout = 10s (default)
2019-10-04 11:32:12,896 [pool-403-thread-1] INFO  server.RaftServerConfigKeys (ConfUtils.java:logGet(43)) - raft.server.log.statemachine.data.sync.timeout = 10s (default)
2019-10-04 11:32:12,896 [pool-413-thread-1] INFO  server.RaftServerConfigKeys (ConfUtils.java:logGet(43)) - raft.server.log.statemachine.data.sync.timeout.retry = -1 (default)
2019-10-04 11:32:12,896 [pool-403-thread-1] INFO  server.RaftServerConfigKeys (ConfUtils.java:logGet(43)) - raft.server.log.statemachine.data.sync.timeout.retry = -1 (default)
2019-10-04 11:32:12,896 [pool-413-thread-1] INFO  server.RaftServerConfigKeys (ConfUtils.java:logGet(43)) - raft.server.log.statemachine.data.caching.enabled = true (custom)
2019-10-04 11:32:12,896 [pool-383-thread-1] INFO  impl.RaftServerImpl (RaftServerImpl.java:start(181)) - 401cb6e3-6690-4cb7-98a8-b789ac85db21@group-37659CD6685C: start as a follower, conf=-1: [401cb6e3-6690-4cb7-98a8-b789ac85db21:192.168.151.72:46071, 23c7073a-9bb3-472d-af00-4ba03518b2d3:192.168.151.72:34299, dd3a57bf-582b-444c-bc9b-ae19d3f4f84e:192.168.151.72:42510], old=null
2019-10-04 11:32:12,896 [pool-403-thread-1] INFO  server.RaftServerConfigKeys (ConfUtils.java:logGet(43)) - raft.server.log.statemachine.data.caching.enabled = true (custom)
2019-10-04 11:32:12,897 [pool-383-thread-1] INFO  impl.RaftServerImpl (RaftServerImpl.java:setRole(170)) - 401cb6e3-6690-4cb7-98a8-b789ac85db21@group-37659CD6685C: changes role from      null to FOLLOWER at term 0 for startAsFollower
2019-10-04 11:32:12,897 [pool-413-thread-1] INFO  segmented.SegmentedRaftLogWorker (SegmentedRaftLogWorker.java:lambda$new$0(128)) - 23c7073a-9bb3-472d-af00-4ba03518b2d3@group-37659CD6685C-SegmentedRaftLogWorker: flushIndex: setUnconditionally 0 -> -1
2019-10-04 11:32:12,897 [pool-403-thread-1] INFO  segmented.SegmentedRaftLogWorker (SegmentedRaftLogWorker.java:lambda$new$0(128)) - dd3a57bf-582b-444c-bc9b-ae19d3f4f84e@group-37659CD6685C-SegmentedRaftLogWorker: flushIndex: setUnconditionally 0 -> -1
2019-10-04 11:32:12,897 [pool-383-thread-1] INFO  impl.RoleInfo (RoleInfo.java:updateAndGet(143)) - 401cb6e3-6690-4cb7-98a8-b789ac85db21: start FollowerState
2019-10-04 11:32:12,897 [pool-413-thread-1] INFO  server.RaftServerConfigKeys (ConfUtils.java:logGet(43)) - raft.server.snapshot.auto.trigger.enabled = true (custom)
2019-10-04 11:32:12,898 [pool-403-thread-1] INFO  server.RaftServerConfigKeys (ConfUtils.java:logGet(43)) - raft.server.snapshot.auto.trigger.enabled = true (custom)
2019-10-04 11:32:12,898 [pool-413-thread-1] INFO  server.RaftServerConfigKeys (ConfUtils.java:logGet(43)) - raft.server.snapshot.auto.trigger.threshold = 10000 (custom)
2019-10-04 11:32:12,898 [pool-383-thread-1] INFO  util.JmxRegister (JmxRegister.java:tryRegister(44)) - Successfully registered JMX Bean with object name Ratis:service=RaftServer,group=group-37659CD6685C,id=401cb6e3-6690-4cb7-98a8-b789ac85db21
2019-10-04 11:32:12,898 [pool-403-thread-1] INFO  server.RaftServerConfigKeys (ConfUtils.java:logGet(43)) - raft.server.snapshot.auto.trigger.threshold = 10000 (custom)
2019-10-04 11:32:12,898 [pool-413-thread-1] INFO  server.RaftServerConfigKeys (ConfUtils.java:logGet(43)) - raft.server.snapshot.retention.file.num = 5 (custom)
2019-10-04 11:32:12,898 [pool-403-thread-1] INFO  server.RaftServerConfigKeys (ConfUtils.java:logGet(43)) - raft.server.snapshot.retention.file.num = 5 (custom)
2019-10-04 11:32:12,898 [pool-413-thread-1] INFO  server.RaftServerConfigKeys (ConfUtils.java:logGet(43)) - raft.server.retrycache.expirytime = 600000ms (custom)
2019-10-04 11:32:12,898 [pool-403-thread-1] INFO  server.RaftServerConfigKeys (ConfUtils.java:logGet(43)) - raft.server.retrycache.expirytime = 600000ms (custom)
2019-10-04 11:32:12,903 [pool-413-thread-1] INFO  impl.RaftServerImpl (RaftServerImpl.java:start(181)) - 23c7073a-9bb3-472d-af00-4ba03518b2d3@group-37659CD6685C: start as a follower, conf=-1: [401cb6e3-6690-4cb7-98a8-b789ac85db21:192.168.151.72:46071, 23c7073a-9bb3-472d-af00-4ba03518b2d3:192.168.151.72:34299, dd3a57bf-582b-444c-bc9b-ae19d3f4f84e:192.168.151.72:42510], old=null
2019-10-04 11:32:12,903 [pool-403-thread-1] INFO  impl.RaftServerImpl (RaftServerImpl.java:start(181)) - dd3a57bf-582b-444c-bc9b-ae19d3f4f84e@group-37659CD6685C: start as a follower, conf=-1: [401cb6e3-6690-4cb7-98a8-b789ac85db21:192.168.151.72:46071, 23c7073a-9bb3-472d-af00-4ba03518b2d3:192.168.151.72:34299, dd3a57bf-582b-444c-bc9b-ae19d3f4f84e:192.168.151.72:42510], old=null
2019-10-04 11:32:12,903 [pool-413-thread-1] INFO  impl.RaftServerImpl (RaftServerImpl.java:setRole(170)) - 23c7073a-9bb3-472d-af00-4ba03518b2d3@group-37659CD6685C: changes role from      null to FOLLOWER at term 0 for startAsFollower
2019-10-04 11:32:12,903 [pool-403-thread-1] INFO  impl.RaftServerImpl (RaftServerImpl.java:setRole(170)) - dd3a57bf-582b-444c-bc9b-ae19d3f4f84e@group-37659CD6685C: changes role from      null to FOLLOWER at term 0 for startAsFollower
2019-10-04 11:32:12,903 [pool-413-thread-1] INFO  impl.RoleInfo (RoleInfo.java:updateAndGet(143)) - 23c7073a-9bb3-472d-af00-4ba03518b2d3: start FollowerState
2019-10-04 11:32:12,903 [pool-403-thread-1] INFO  impl.RoleInfo (RoleInfo.java:updateAndGet(143)) - dd3a57bf-582b-444c-bc9b-ae19d3f4f84e: start FollowerState
2019-10-04 11:32:12,904 [pool-413-thread-1] INFO  util.JmxRegister (JmxRegister.java:tryRegister(44)) - Successfully registered JMX Bean with object name Ratis:service=RaftServer,group=group-37659CD6685C,id=23c7073a-9bb3-472d-af00-4ba03518b2d3
2019-10-04 11:32:12,904 [pool-403-thread-1] INFO  util.JmxRegister (JmxRegister.java:tryRegister(44)) - Successfully registered JMX Bean with object name Ratis:service=RaftServer,group=group-37659CD6685C,id=dd3a57bf-582b-444c-bc9b-ae19d3f4f84e
2019-10-04 11:32:12,908 [IPC Server handler 6 on 34651] INFO  net.NetworkTopology (NetworkTopologyImpl.java:add(111)) - Added a new node: /default-rack/00980214-f4a8-4bd8-82ed-2e6d40bccf18
2019-10-04 11:32:12,909 [IPC Server handler 6 on 34651] INFO  node.SCMNodeManager (SCMNodeManager.java:register(266)) - Registered Data node : 00980214-f4a8-4bd8-82ed-2e6d40bccf18{ip: 192.168.151.72, host: pr-hdds-2204-72899-789710998, networkLocation: /default-rack, certSerialId: null}
2019-10-04 11:32:12,910 [RatisPipelineUtilsThread] INFO  pipeline.PipelineStateManager (PipelineStateManager.java:addPipeline(56)) - Created pipeline Pipeline[ Id: aff3c75b-9acc-4940-9c5f-37659cd6685c, Nodes: 23c7073a-9bb3-472d-af00-4ba03518b2d3{ip: 192.168.151.72, host: pr-hdds-2204-72899-789710998, networkLocation: /default-rack, certSerialId: null}dd3a57bf-582b-444c-bc9b-ae19d3f4f84e{ip: 192.168.151.72, host: pr-hdds-2204-72899-789710998, networkLocation: /default-rack, certSerialId: null}401cb6e3-6690-4cb7-98a8-b789ac85db21{ip: 192.168.151.72, host: pr-hdds-2204-72899-789710998, networkLocation: /default-rack, certSerialId: null}, Type:RATIS, Factor:THREE, State:OPEN]
2019-10-04 11:32:12,926 [grpc-default-executor-1] INFO  impl.RaftServerProxy (RaftServerProxy.java:addNew(89)) - 00980214-f4a8-4bd8-82ed-2e6d40bccf18: addNew group-0260F2C7DD64:[f450d9fe-5139-49a3-9750-424d4ee3d991:192.168.151.72:42005, 44900e5a-4b64-4e71-aabc-568431e4f44d:192.168.151.72:35330, 00980214-f4a8-4bd8-82ed-2e6d40bccf18:192.168.151.72:44027] returns group-0260F2C7DD64:java.util.concurrent.CompletableFuture@77b60f95[Not completed]
2019-10-04 11:32:12,929 [grpc-default-executor-6] INFO  impl.RaftServerProxy (RaftServerProxy.java:addNew(89)) - 44900e5a-4b64-4e71-aabc-568431e4f44d: addNew group-0260F2C7DD64:[f450d9fe-5139-49a3-9750-424d4ee3d991:192.168.151.72:42005, 44900e5a-4b64-4e71-aabc-568431e4f44d:192.168.151.72:35330, 00980214-f4a8-4bd8-82ed-2e6d40bccf18:192.168.151.72:44027] returns group-0260F2C7DD64:java.util.concurrent.CompletableFuture@c177064[Not completed]
2019-10-04 11:32:12,940 [grpc-default-executor-1] INFO  impl.RaftServerProxy (RaftServerProxy.java:addNew(89)) - f450d9fe-5139-49a3-9750-424d4ee3d991: addNew group-0260F2C7DD64:[f450d9fe-5139-49a3-9750-424d4ee3d991:192.168.151.72:42005, 44900e5a-4b64-4e71-aabc-568431e4f44d:192.168.151.72:35330, 00980214-f4a8-4bd8-82ed-2e6d40bccf18:192.168.151.72:44027] returns group-0260F2C7DD64:java.util.concurrent.CompletableFuture@5f37e0cc[Not completed]
2019-10-04 11:32:12,941 [pool-393-thread-1] INFO  impl.RaftServerImpl (RaftServerImpl.java:<init>(95)) - 44900e5a-4b64-4e71-aabc-568431e4f44d: new RaftServerImpl for group-0260F2C7DD64:[f450d9fe-5139-49a3-9750-424d4ee3d991:192.168.151.72:42005, 44900e5a-4b64-4e71-aabc-568431e4f44d:192.168.151.72:35330, 00980214-f4a8-4bd8-82ed-2e6d40bccf18:192.168.151.72:44027] with ContainerStateMachine:uninitialized
2019-10-04 11:32:12,941 [pool-393-thread-1] INFO  server.RaftServerConfigKeys (ConfUtils.java:logGet(43)) - raft.server.rpc.timeout.min = 5s (custom)
2019-10-04 11:32:12,941 [pool-393-thread-1] INFO  server.RaftServerConfigKeys (ConfUtils.java:logGet(43)) - raft.server.rpc.timeout.max = 5200ms (custom)
2019-10-04 11:32:12,941 [pool-393-thread-1] INFO  server.RaftServerConfigKeys (ConfUtils.java:logGet(43)) - raft.server.rpcslowness.timeout = 120s (custom)
2019-10-04 11:32:12,941 [pool-393-thread-1] INFO  server.RaftServerConfigKeys (ConfUtils.java:logGet(43)) - raft.server.sleep.deviation.threshold = 300 (default)
2019-10-04 11:32:12,941 [pool-393-thread-1] INFO  server.RaftServerConfigKeys (ConfUtils.java:logGet(43)) - raft.server.log.appender.install.snapshot.enabled = false (custom)
2019-10-04 11:32:12,941 [pool-423-thread-1] INFO  impl.RaftServerImpl (RaftServerImpl.java:<init>(95)) - f450d9fe-5139-49a3-9750-424d4ee3d991: new RaftServerImpl for group-0260F2C7DD64:[f450d9fe-5139-49a3-9750-424d4ee3d991:192.168.151.72:42005, 44900e5a-4b64-4e71-aabc-568431e4f44d:192.168.151.72:35330, 00980214-f4a8-4bd8-82ed-2e6d40bccf18:192.168.151.72:44027] with ContainerStateMachine:uninitialized
2019-10-04 11:32:12,941 [pool-393-thread-1] INFO  impl.RaftServerImpl (ServerState.java:<init>(103)) - 44900e5a-4b64-4e71-aabc-568431e4f44d@group-0260F2C7DD64: ConfigurationManager, init=-1: [f450d9fe-5139-49a3-9750-424d4ee3d991:192.168.151.72:42005, 44900e5a-4b64-4e71-aabc-568431e4f44d:192.168.151.72:35330, 00980214-f4a8-4bd8-82ed-2e6d40bccf18:192.168.151.72:44027], old=null, confs=<EMPTY_MAP>
2019-10-04 11:32:12,942 [pool-423-thread-1] INFO  server.RaftServerConfigKeys (ConfUtils.java:logGet(43)) - raft.server.rpc.timeout.min = 5s (custom)
2019-10-04 11:32:12,942 [pool-393-thread-1] INFO  server.RaftServerConfigKeys (ConfUtils.java:logGet(43)) - raft.server.storage.dir = [/workdir/hadoop-ozone/integration-test/target/test-dir/MiniOzoneClusterImpl-9d12ad6e-bf5e-478e-b9e0-f850324b2238/datanode-1/data/ratis] (custom)
2019-10-04 11:32:12,942 [pool-423-thread-1] INFO  server.RaftServerConfigKeys (ConfUtils.java:logGet(43)) - raft.server.rpc.timeout.max = 5200ms (custom)
2019-10-04 11:32:12,942 [pool-423-thread-1] INFO  server.RaftServerConfigKeys (ConfUtils.java:logGet(43)) - raft.server.rpcslowness.timeout = 120s (custom)
2019-10-04 11:32:12,942 [pool-393-thread-1] INFO  server.RaftServerConfigKeys (ConfUtils.java:logGet(43)) - raft.server.log.corruption.policy = EXCEPTION (default)
2019-10-04 11:32:12,942 [pool-423-thread-1] INFO  server.RaftServerConfigKeys (ConfUtils.java:logGet(43)) - raft.server.sleep.deviation.threshold = 300 (default)
2019-10-04 11:32:12,942 [pool-393-thread-1] INFO  storage.RaftStorageDirectory (RaftStorageDirectory.java:analyzeStorage(246)) - The storage directory /workdir/hadoop-ozone/integration-test/target/test-dir/MiniOzoneClusterImpl-9d12ad6e-bf5e-478e-b9e0-f850324b2238/datanode-1/data/ratis/ccb35dda-24d9-428e-bc5e-0260f2c7dd64 does not exist. Creating ...
2019-10-04 11:32:12,942 [pool-433-thread-1] INFO  impl.RaftServerImpl (RaftServerImpl.java:<init>(95)) - 00980214-f4a8-4bd8-82ed-2e6d40bccf18: new RaftServerImpl for group-0260F2C7DD64:[f450d9fe-5139-49a3-9750-424d4ee3d991:192.168.151.72:42005, 44900e5a-4b64-4e71-aabc-568431e4f44d:192.168.151.72:35330, 00980214-f4a8-4bd8-82ed-2e6d40bccf18:192.168.151.72:44027] with ContainerStateMachine:uninitialized
2019-10-04 11:32:12,942 [pool-423-thread-1] INFO  server.RaftServerConfigKeys (ConfUtils.java:logGet(43)) - raft.server.log.appender.install.snapshot.enabled = false (custom)
2019-10-04 11:32:12,942 [pool-433-thread-1] INFO  server.RaftServerConfigKeys (ConfUtils.java:logGet(43)) - raft.server.rpc.timeout.min = 5s (custom)
2019-10-04 11:32:12,942 [pool-423-thread-1] INFO  impl.RaftServerImpl (ServerState.java:<init>(103)) - f450d9fe-5139-49a3-9750-424d4ee3d991@group-0260F2C7DD64: ConfigurationManager, init=-1: [f450d9fe-5139-49a3-9750-424d4ee3d991:192.168.151.72:42005, 44900e5a-4b64-4e71-aabc-568431e4f44d:192.168.151.72:35330, 00980214-f4a8-4bd8-82ed-2e6d40bccf18:192.168.151.72:44027], old=null, confs=<EMPTY_MAP>
2019-10-04 11:32:12,943 [pool-433-thread-1] INFO  server.RaftServerConfigKeys (ConfUtils.java:logGet(43)) - raft.server.rpc.timeout.max = 5200ms (custom)
2019-10-04 11:32:12,943 [pool-423-thread-1] INFO  server.RaftServerConfigKeys (ConfUtils.java:logGet(43)) - raft.server.storage.dir = [/workdir/hadoop-ozone/integration-test/target/test-dir/MiniOzoneClusterImpl-9d12ad6e-bf5e-478e-b9e0-f850324b2238/datanode-4/data/ratis] (custom)
2019-10-04 11:32:12,943 [pool-433-thread-1] INFO  server.RaftServerConfigKeys (ConfUtils.java:logGet(43)) - raft.server.rpcslowness.timeout = 120s (custom)
2019-10-04 11:32:12,943 [pool-423-thread-1] INFO  server.RaftServerConfigKeys (ConfUtils.java:logGet(43)) - raft.server.log.corruption.policy = EXCEPTION (default)
2019-10-04 11:32:12,943 [pool-433-thread-1] INFO  server.RaftServerConfigKeys (ConfUtils.java:logGet(43)) - raft.server.sleep.deviation.threshold = 300 (default)
2019-10-04 11:32:12,943 [pool-423-thread-1] INFO  storage.RaftStorageDirectory (RaftStorageDirectory.java:analyzeStorage(246)) - The storage directory /workdir/hadoop-ozone/integration-test/target/test-dir/MiniOzoneClusterImpl-9d12ad6e-bf5e-478e-b9e0-f850324b2238/datanode-4/data/ratis/ccb35dda-24d9-428e-bc5e-0260f2c7dd64 does not exist. Creating ...
2019-10-04 11:32:12,943 [pool-433-thread-1] INFO  server.RaftServerConfigKeys (ConfUtils.java:logGet(43)) - raft.server.log.appender.install.snapshot.enabled = false (custom)
2019-10-04 11:32:12,943 [pool-433-thread-1] INFO  impl.RaftServerImpl (ServerState.java:<init>(103)) - 00980214-f4a8-4bd8-82ed-2e6d40bccf18@group-0260F2C7DD64: ConfigurationManager, init=-1: [f450d9fe-5139-49a3-9750-424d4ee3d991:192.168.151.72:42005, 44900e5a-4b64-4e71-aabc-568431e4f44d:192.168.151.72:35330, 00980214-f4a8-4bd8-82ed-2e6d40bccf18:192.168.151.72:44027], old=null, confs=<EMPTY_MAP>
2019-10-04 11:32:12,943 [pool-433-thread-1] INFO  server.RaftServerConfigKeys (ConfUtils.java:logGet(43)) - raft.server.storage.dir = [/workdir/hadoop-ozone/integration-test/target/test-dir/MiniOzoneClusterImpl-9d12ad6e-bf5e-478e-b9e0-f850324b2238/datanode-5/data/ratis] (custom)
2019-10-04 11:32:12,944 [pool-433-thread-1] INFO  server.RaftServerConfigKeys (ConfUtils.java:logGet(43)) - raft.server.log.corruption.policy = EXCEPTION (default)
2019-10-04 11:32:12,944 [pool-433-thread-1] INFO  storage.RaftStorageDirectory (RaftStorageDirectory.java:analyzeStorage(246)) - The storage directory /workdir/hadoop-ozone/integration-test/target/test-dir/MiniOzoneClusterImpl-9d12ad6e-bf5e-478e-b9e0-f850324b2238/datanode-5/data/ratis/ccb35dda-24d9-428e-bc5e-0260f2c7dd64 does not exist. Creating ...
2019-10-04 11:32:12,955 [pool-433-thread-1] INFO  storage.RaftStorageDirectory (RaftStorageDirectory.java:tryLock(328)) - Lock on /workdir/hadoop-ozone/integration-test/target/test-dir/MiniOzoneClusterImpl-9d12ad6e-bf5e-478e-b9e0-f850324b2238/datanode-5/data/ratis/ccb35dda-24d9-428e-bc5e-0260f2c7dd64/in_use.lock acquired by nodename 26284@pr-hdds-2204-72899-789710998
2019-10-04 11:32:12,955 [pool-423-thread-1] INFO  storage.RaftStorageDirectory (RaftStorageDirectory.java:tryLock(328)) - Lock on /workdir/hadoop-ozone/integration-test/target/test-dir/MiniOzoneClusterImpl-9d12ad6e-bf5e-478e-b9e0-f850324b2238/datanode-4/data/ratis/ccb35dda-24d9-428e-bc5e-0260f2c7dd64/in_use.lock acquired by nodename 26284@pr-hdds-2204-72899-789710998
2019-10-04 11:32:12,955 [pool-393-thread-1] INFO  storage.RaftStorageDirectory (RaftStorageDirectory.java:tryLock(328)) - Lock on /workdir/hadoop-ozone/integration-test/target/test-dir/MiniOzoneClusterImpl-9d12ad6e-bf5e-478e-b9e0-f850324b2238/datanode-1/data/ratis/ccb35dda-24d9-428e-bc5e-0260f2c7dd64/in_use.lock acquired by nodename 26284@pr-hdds-2204-72899-789710998
2019-10-04 11:32:12,969 [pool-433-thread-1] INFO  storage.RaftStorage (RaftStorage.java:format(84)) - Storage directory /workdir/hadoop-ozone/integration-test/target/test-dir/MiniOzoneClusterImpl-9d12ad6e-bf5e-478e-b9e0-f850324b2238/datanode-5/data/ratis/ccb35dda-24d9-428e-bc5e-0260f2c7dd64 has been successfully formatted.
2019-10-04 11:32:12,969 [pool-393-thread-1] INFO  storage.RaftStorage (RaftStorage.java:format(84)) - Storage directory /workdir/hadoop-ozone/integration-test/target/test-dir/MiniOzoneClusterImpl-9d12ad6e-bf5e-478e-b9e0-f850324b2238/datanode-1/data/ratis/ccb35dda-24d9-428e-bc5e-0260f2c7dd64 has been successfully formatted.
2019-10-04 11:32:12,969 [pool-423-thread-1] INFO  storage.RaftStorage (RaftStorage.java:format(84)) - Storage directory /workdir/hadoop-ozone/integration-test/target/test-dir/MiniOzoneClusterImpl-9d12ad6e-bf5e-478e-b9e0-f850324b2238/datanode-4/data/ratis/ccb35dda-24d9-428e-bc5e-0260f2c7dd64 has been successfully formatted.
2019-10-04 11:32:12,970 [pool-433-thread-1] INFO  ratis.ContainerStateMachine (ContainerStateMachine.java:loadSnapshot(230)) - group-0260F2C7DD64: The snapshot info is null. Setting the last applied indexto:(t:0, i:~)
2019-10-04 11:32:12,970 [pool-423-thread-1] INFO  ratis.ContainerStateMachine (ContainerStateMachine.java:loadSnapshot(230)) - group-0260F2C7DD64: The snapshot info is null. Setting the last applied indexto:(t:0, i:~)
2019-10-04 11:32:12,970 [pool-393-thread-1] INFO  ratis.ContainerStateMachine (ContainerStateMachine.java:loadSnapshot(230)) - group-0260F2C7DD64: The snapshot info is null. Setting the last applied indexto:(t:0, i:~)
2019-10-04 11:32:12,970 [pool-423-thread-1] INFO  server.RaftServerConfigKeys (ConfUtils.java:logGet(43)) - raft.server.notification.no-leader.timeout = 120s (custom)
2019-10-04 11:32:12,970 [pool-433-thread-1] INFO  server.RaftServerConfigKeys (ConfUtils.java:logGet(43)) - raft.server.notification.no-leader.timeout = 120s (custom)
2019-10-04 11:32:12,970 [pool-423-thread-1] INFO  server.RaftServerConfigKeys (ConfUtils.java:logGet(43)) - raft.server.log.use.memory = false (default)
2019-10-04 11:32:12,970 [pool-393-thread-1] INFO  server.RaftServerConfigKeys (ConfUtils.java:logGet(43)) - raft.server.notification.no-leader.timeout = 120s (custom)
2019-10-04 11:32:12,970 [pool-423-thread-1] INFO  server.RaftServerConfigKeys (ConfUtils.java:logGet(43)) - raft.server.log.purge.gap = 1000000 (custom)
2019-10-04 11:32:12,970 [pool-433-thread-1] INFO  server.RaftServerConfigKeys (ConfUtils.java:logGet(43)) - raft.server.log.use.memory = false (default)
2019-10-04 11:32:12,970 [pool-423-thread-1] INFO  server.RaftServerConfigKeys (ConfUtils.java:logGet(43)) - raft.server.log.appender.buffer.byte-limit = 33554432 (custom)
2019-10-04 11:32:12,970 [pool-393-thread-1] INFO  server.RaftServerConfigKeys (ConfUtils.java:logGet(43)) - raft.server.log.use.memory = false (default)
2019-10-04 11:32:12,971 [pool-423-thread-1] INFO  server.RaftServerConfigKeys (ConfUtils.java:logGet(43)) - raft.server.log.segment.size.max = 1048576 (custom)
2019-10-04 11:32:12,971 [pool-433-thread-1] INFO  server.RaftServerConfigKeys (ConfUtils.java:logGet(43)) - raft.server.log.purge.gap = 1000000 (custom)
2019-10-04 11:32:12,971 [pool-393-thread-1] INFO  server.RaftServerConfigKeys (ConfUtils.java:logGet(43)) - raft.server.log.purge.gap = 1000000 (custom)
2019-10-04 11:32:12,971 [pool-433-thread-1] INFO  server.RaftServerConfigKeys (ConfUtils.java:logGet(43)) - raft.server.log.appender.buffer.byte-limit = 33554432 (custom)
2019-10-04 11:32:12,971 [pool-393-thread-1] INFO  server.RaftServerConfigKeys (ConfUtils.java:logGet(43)) - raft.server.log.appender.buffer.byte-limit = 33554432 (custom)
2019-10-04 11:32:12,971 [pool-433-thread-1] INFO  server.RaftServerConfigKeys (ConfUtils.java:logGet(43)) - raft.server.log.segment.size.max = 1048576 (custom)
2019-10-04 11:32:12,971 [pool-393-thread-1] INFO  server.RaftServerConfigKeys (ConfUtils.java:logGet(43)) - raft.server.log.segment.size.max = 1048576 (custom)
2019-10-04 11:32:12,972 [pool-393-thread-1] INFO  server.RaftServerConfigKeys (ConfUtils.java:logGet(43)) - raft.server.log.segment.cache.num.max = 2 (custom)
2019-10-04 11:32:12,972 [pool-393-thread-1] INFO  segmented.SegmentedRaftLogWorker (SegmentedRaftLogWorker.java:<init>(173)) - new 44900e5a-4b64-4e71-aabc-568431e4f44d@group-0260F2C7DD64-SegmentedRaftLogWorker for RaftStorage:Storage Directory /workdir/hadoop-ozone/integration-test/target/test-dir/MiniOzoneClusterImpl-9d12ad6e-bf5e-478e-b9e0-f850324b2238/datanode-1/data/ratis/ccb35dda-24d9-428e-bc5e-0260f2c7dd64
2019-10-04 11:32:12,972 [pool-393-thread-1] INFO  server.RaftServerConfigKeys (ConfUtils.java:logGet(43)) - raft.server.log.queue.byte-limit = 2147483647 (custom)
2019-10-04 11:32:12,972 [pool-393-thread-1] INFO  server.RaftServerConfigKeys (ConfUtils.java:logGet(43)) - raft.server.log.queue.element-limit = 1024 (custom)
2019-10-04 11:32:12,972 [pool-393-thread-1] INFO  server.RaftServerConfigKeys (ConfUtils.java:logGet(43)) - raft.server.log.segment.size.max = 1048576 (custom)
2019-10-04 11:32:12,972 [pool-393-thread-1] INFO  server.RaftServerConfigKeys (ConfUtils.java:logGet(43)) - raft.server.log.preallocated.size = 16384 (custom)
2019-10-04 11:32:12,972 [pool-393-thread-1] INFO  server.RaftServerConfigKeys (ConfUtils.java:logGet(43)) - raft.server.log.write.buffer.size = 33554432 (custom)
2019-10-04 11:32:12,972 [pool-393-thread-1] INFO  server.RaftServerConfigKeys (ConfUtils.java:logGet(43)) - raft.server.log.force.sync.num = 128 (default)
2019-10-04 11:32:12,973 [pool-393-thread-1] INFO  server.RaftServerConfigKeys (ConfUtils.java:logGet(43)) - raft.server.log.statemachine.data.sync = true (default)
2019-10-04 11:32:12,973 [pool-393-thread-1] INFO  server.RaftServerConfigKeys (ConfUtils.java:logGet(43)) - raft.server.log.statemachine.data.sync.timeout = 10s (default)
2019-10-04 11:32:12,973 [pool-393-thread-1] INFO  server.RaftServerConfigKeys (ConfUtils.java:logGet(43)) - raft.server.log.statemachine.data.sync.timeout.retry = -1 (default)
2019-10-04 11:32:12,973 [pool-423-thread-1] INFO  server.RaftServerConfigKeys (ConfUtils.java:logGet(43)) - raft.server.log.segment.cache.num.max = 2 (custom)
2019-10-04 11:32:12,973 [pool-393-thread-1] INFO  server.RaftServerConfigKeys (ConfUtils.java:logGet(43)) - raft.server.log.statemachine.data.caching.enabled = true (custom)
2019-10-04 11:32:12,973 [pool-423-thread-1] INFO  segmented.SegmentedRaftLogWorker (SegmentedRaftLogWorker.java:<init>(173)) - new f450d9fe-5139-49a3-9750-424d4ee3d991@group-0260F2C7DD64-SegmentedRaftLogWorker for RaftStorage:Storage Directory /workdir/hadoop-ozone/integration-test/target/test-dir/MiniOzoneClusterImpl-9d12ad6e-bf5e-478e-b9e0-f850324b2238/datanode-4/data/ratis/ccb35dda-24d9-428e-bc5e-0260f2c7dd64
2019-10-04 11:32:12,973 [pool-393-thread-1] INFO  segmented.SegmentedRaftLogWorker (SegmentedRaftLogWorker.java:lambda$new$0(128)) - 44900e5a-4b64-4e71-aabc-568431e4f44d@group-0260F2C7DD64-SegmentedRaftLogWorker: flushIndex: setUnconditionally 0 -> -1
2019-10-04 11:32:12,973 [pool-423-thread-1] INFO  server.RaftServerConfigKeys (ConfUtils.java:logGet(43)) - raft.server.log.queue.byte-limit = 2147483647 (custom)
2019-10-04 11:32:12,973 [pool-393-thread-1] INFO  server.RaftServerConfigKeys (ConfUtils.java:logGet(43)) - raft.server.snapshot.auto.trigger.enabled = true (custom)
2019-10-04 11:32:12,973 [pool-433-thread-1] INFO  server.RaftServerConfigKeys (ConfUtils.java:logGet(43)) - raft.server.log.segment.cache.num.max = 2 (custom)
2019-10-04 11:32:12,974 [pool-393-thread-1] INFO  server.RaftServerConfigKeys (ConfUtils.java:logGet(43)) - raft.server.snapshot.auto.trigger.threshold = 10000 (custom)
2019-10-04 11:32:12,973 [pool-423-thread-1] INFO  server.RaftServerConfigKeys (ConfUtils.java:logGet(43)) - raft.server.log.queue.element-limit = 1024 (custom)
2019-10-04 11:32:12,974 [pool-393-thread-1] INFO  server.RaftServerConfigKeys (ConfUtils.java:logGet(43)) - raft.server.snapshot.retention.file.num = 5 (custom)
2019-10-04 11:32:12,974 [pool-433-thread-1] INFO  segmented.SegmentedRaftLogWorker (SegmentedRaftLogWorker.java:<init>(173)) - new 00980214-f4a8-4bd8-82ed-2e6d40bccf18@group-0260F2C7DD64-SegmentedRaftLogWorker for RaftStorage:Storage Directory /workdir/hadoop-ozone/integration-test/target/test-dir/MiniOzoneClusterImpl-9d12ad6e-bf5e-478e-b9e0-f850324b2238/datanode-5/data/ratis/ccb35dda-24d9-428e-bc5e-0260f2c7dd64
2019-10-04 11:32:12,974 [pool-393-thread-1] INFO  server.RaftServerConfigKeys (ConfUtils.java:logGet(43)) - raft.server.retrycache.expirytime = 600000ms (custom)
2019-10-04 11:32:12,974 [pool-423-thread-1] INFO  server.RaftServerConfigKeys (ConfUtils.java:logGet(43)) - raft.server.log.segment.size.max = 1048576 (custom)
2019-10-04 11:32:12,974 [pool-433-thread-1] INFO  server.RaftServerConfigKeys (ConfUtils.java:logGet(43)) - raft.server.log.queue.byte-limit = 2147483647 (custom)
2019-10-04 11:32:12,975 [main] INFO  ozone.MiniOzoneClusterImpl (MiniOzoneClusterImpl.java:lambda$waitForClusterToBeReady$0(147)) - Waiting for cluster to be ready. Got 6 of 7 DN Heartbeats.
2019-10-04 11:32:12,975 [pool-423-thread-1] INFO  server.RaftServerConfigKeys (ConfUtils.java:logGet(43)) - raft.server.log.preallocated.size = 16384 (custom)
2019-10-04 11:32:12,975 [IPC Server handler 8 on 34651] INFO  net.NetworkTopology (NetworkTopologyImpl.java:add(111)) - Added a new node: /default-rack/bf3e1c5b-d7a1-4981-8b88-16abbc1dac9d
2019-10-04 11:32:12,975 [pool-433-thread-1] INFO  server.RaftServerConfigKeys (ConfUtils.java:logGet(43)) - raft.server.log.queue.element-limit = 1024 (custom)
2019-10-04 11:32:12,976 [pool-393-thread-1] INFO  impl.RaftServerImpl (RaftServerImpl.java:start(181)) - 44900e5a-4b64-4e71-aabc-568431e4f44d@group-0260F2C7DD64: start as a follower, conf=-1: [f450d9fe-5139-49a3-9750-424d4ee3d991:192.168.151.72:42005, 44900e5a-4b64-4e71-aabc-568431e4f44d:192.168.151.72:35330, 00980214-f4a8-4bd8-82ed-2e6d40bccf18:192.168.151.72:44027], old=null
2019-10-04 11:32:12,975 [IPC Server handler 8 on 34651] INFO  node.SCMNodeManager (SCMNodeManager.java:register(266)) - Registered Data node : bf3e1c5b-d7a1-4981-8b88-16abbc1dac9d{ip: 192.168.151.72, host: pr-hdds-2204-72899-789710998, networkLocation: /default-rack, certSerialId: null}
2019-10-04 11:32:12,975 [pool-423-thread-1] INFO  server.RaftServerConfigKeys (ConfUtils.java:logGet(43)) - raft.server.log.write.buffer.size = 33554432 (custom)
2019-10-04 11:32:12,976 [pool-393-thread-1] INFO  impl.RaftServerImpl (RaftServerImpl.java:setRole(170)) - 44900e5a-4b64-4e71-aabc-568431e4f44d@group-0260F2C7DD64: changes role from      null to FOLLOWER at term 0 for startAsFollower
2019-10-04 11:32:12,976 [pool-433-thread-1] INFO  server.RaftServerConfigKeys (ConfUtils.java:logGet(43)) - raft.server.log.segment.size.max = 1048576 (custom)
2019-10-04 11:32:12,976 [pool-393-thread-1] INFO  impl.RoleInfo (RoleInfo.java:updateAndGet(143)) - 44900e5a-4b64-4e71-aabc-568431e4f44d: start FollowerState
2019-10-04 11:32:12,976 [pool-423-thread-1] INFO  server.RaftServerConfigKeys (ConfUtils.java:logGet(43)) - raft.server.log.force.sync.num = 128 (default)
2019-10-04 11:32:12,976 [pool-433-thread-1] INFO  server.RaftServerConfigKeys (ConfUtils.java:logGet(43)) - raft.server.log.preallocated.size = 16384 (custom)
2019-10-04 11:32:12,977 [pool-393-thread-1] INFO  util.JmxRegister (JmxRegister.java:tryRegister(44)) - Successfully registered JMX Bean with object name Ratis:service=RaftServer,group=group-0260F2C7DD64,id=44900e5a-4b64-4e71-aabc-568431e4f44d
2019-10-04 11:32:12,976 [pool-423-thread-1] INFO  server.RaftServerConfigKeys (ConfUtils.java:logGet(43)) - raft.server.log.statemachine.data.sync = true (default)
2019-10-04 11:32:12,977 [pool-433-thread-1] INFO  server.RaftServerConfigKeys (ConfUtils.java:logGet(43)) - raft.server.log.write.buffer.size = 33554432 (custom)
2019-10-04 11:32:12,977 [pool-423-thread-1] INFO  server.RaftServerConfigKeys (ConfUtils.java:logGet(43)) - raft.server.log.statemachine.data.sync.timeout = 10s (default)
2019-10-04 11:32:12,977 [pool-433-thread-1] INFO  server.RaftServerConfigKeys (ConfUtils.java:logGet(43)) - raft.server.log.force.sync.num = 128 (default)
2019-10-04 11:32:12,977 [pool-423-thread-1] INFO  server.RaftServerConfigKeys (ConfUtils.java:logGet(43)) - raft.server.log.statemachine.data.sync.timeout.retry = -1 (default)
2019-10-04 11:32:12,977 [pool-433-thread-1] INFO  server.RaftServerConfigKeys (ConfUtils.java:logGet(43)) - raft.server.log.statemachine.data.sync = true (default)
2019-10-04 11:32:12,977 [pool-433-thread-1] INFO  server.RaftServerConfigKeys (ConfUtils.java:logGet(43)) - raft.server.log.statemachine.data.sync.timeout = 10s (default)
2019-10-04 11:32:12,978 [pool-423-thread-1] INFO  server.RaftServerConfigKeys (ConfUtils.java:logGet(43)) - raft.server.log.statemachine.data.caching.enabled = true (custom)
2019-10-04 11:32:12,978 [pool-433-thread-1] INFO  server.RaftServerConfigKeys (ConfUtils.java:logGet(43)) - raft.server.log.statemachine.data.sync.timeout.retry = -1 (default)
2019-10-04 11:32:12,978 [pool-423-thread-1] INFO  segmented.SegmentedRaftLogWorker (SegmentedRaftLogWorker.java:lambda$new$0(128)) - f450d9fe-5139-49a3-9750-424d4ee3d991@group-0260F2C7DD64-SegmentedRaftLogWorker: flushIndex: setUnconditionally 0 -> -1
2019-10-04 11:32:12,978 [pool-423-thread-1] INFO  server.RaftServerConfigKeys (ConfUtils.java:logGet(43)) - raft.server.snapshot.auto.trigger.enabled = true (custom)
2019-10-04 11:32:12,978 [pool-433-thread-1] INFO  server.RaftServerConfigKeys (ConfUtils.java:logGet(43)) - raft.server.log.statemachine.data.caching.enabled = true (custom)
2019-10-04 11:32:12,978 [pool-423-thread-1] INFO  server.RaftServerConfigKeys (ConfUtils.java:logGet(43)) - raft.server.snapshot.auto.trigger.threshold = 10000 (custom)
2019-10-04 11:32:12,979 [pool-423-thread-1] INFO  server.RaftServerConfigKeys (ConfUtils.java:logGet(43)) - raft.server.snapshot.retention.file.num = 5 (custom)
2019-10-04 11:32:12,979 [pool-433-thread-1] INFO  segmented.SegmentedRaftLogWorker (SegmentedRaftLogWorker.java:lambda$new$0(128)) - 00980214-f4a8-4bd8-82ed-2e6d40bccf18@group-0260F2C7DD64-SegmentedRaftLogWorker: flushIndex: setUnconditionally 0 -> -1
2019-10-04 11:32:12,979 [pool-423-thread-1] INFO  server.RaftServerConfigKeys (ConfUtils.java:logGet(43)) - raft.server.retrycache.expirytime = 600000ms (custom)
2019-10-04 11:32:12,979 [pool-433-thread-1] INFO  server.RaftServerConfigKeys (ConfUtils.java:logGet(43)) - raft.server.snapshot.auto.trigger.enabled = true (custom)
2019-10-04 11:32:12,979 [pool-433-thread-1] INFO  server.RaftServerConfigKeys (ConfUtils.java:logGet(43)) - raft.server.snapshot.auto.trigger.threshold = 10000 (custom)
2019-10-04 11:32:12,979 [pool-433-thread-1] INFO  server.RaftServerConfigKeys (ConfUtils.java:logGet(43)) - raft.server.snapshot.retention.file.num = 5 (custom)
2019-10-04 11:32:12,980 [pool-433-thread-1] INFO  server.RaftServerConfigKeys (ConfUtils.java:logGet(43)) - raft.server.retrycache.expirytime = 600000ms (custom)
2019-10-04 11:32:12,981 [pool-423-thread-1] INFO  impl.RaftServerImpl (RaftServerImpl.java:start(181)) - f450d9fe-5139-49a3-9750-424d4ee3d991@group-0260F2C7DD64: start as a follower, conf=-1: [f450d9fe-5139-49a3-9750-424d4ee3d991:192.168.151.72:42005, 44900e5a-4b64-4e71-aabc-568431e4f44d:192.168.151.72:35330, 00980214-f4a8-4bd8-82ed-2e6d40bccf18:192.168.151.72:44027], old=null
2019-10-04 11:32:12,981 [pool-423-thread-1] INFO  impl.RaftServerImpl (RaftServerImpl.java:setRole(170)) - f450d9fe-5139-49a3-9750-424d4ee3d991@group-0260F2C7DD64: changes role from      null to FOLLOWER at term 0 for startAsFollower
2019-10-04 11:32:12,981 [pool-423-thread-1] INFO  impl.RoleInfo (RoleInfo.java:updateAndGet(143)) - f450d9fe-5139-49a3-9750-424d4ee3d991: start FollowerState
2019-10-04 11:32:12,981 [pool-423-thread-1] INFO  util.JmxRegister (JmxRegister.java:tryRegister(44)) - Successfully registered JMX Bean with object name Ratis:service=RaftServer,group=group-0260F2C7DD64,id=f450d9fe-5139-49a3-9750-424d4ee3d991
2019-10-04 11:32:12,982 [pool-433-thread-1] INFO  impl.RaftServerImpl (RaftServerImpl.java:start(181)) - 00980214-f4a8-4bd8-82ed-2e6d40bccf18@group-0260F2C7DD64: start as a follower, conf=-1: [f450d9fe-5139-49a3-9750-424d4ee3d991:192.168.151.72:42005, 44900e5a-4b64-4e71-aabc-568431e4f44d:192.168.151.72:35330, 00980214-f4a8-4bd8-82ed-2e6d40bccf18:192.168.151.72:44027], old=null
2019-10-04 11:32:12,982 [pool-433-thread-1] INFO  impl.RaftServerImpl (RaftServerImpl.java:setRole(170)) - 00980214-f4a8-4bd8-82ed-2e6d40bccf18@group-0260F2C7DD64: changes role from      null to FOLLOWER at term 0 for startAsFollower
2019-10-04 11:32:12,982 [pool-433-thread-1] INFO  impl.RoleInfo (RoleInfo.java:updateAndGet(143)) - 00980214-f4a8-4bd8-82ed-2e6d40bccf18: start FollowerState
2019-10-04 11:32:12,983 [pool-433-thread-1] INFO  util.JmxRegister (JmxRegister.java:tryRegister(44)) - Successfully registered JMX Bean with object name Ratis:service=RaftServer,group=group-0260F2C7DD64,id=00980214-f4a8-4bd8-82ed-2e6d40bccf18
2019-10-04 11:32:12,986 [RatisPipelineUtilsThread] INFO  pipeline.PipelineStateManager (PipelineStateManager.java:addPipeline(56)) - Created pipeline Pipeline[ Id: ccb35dda-24d9-428e-bc5e-0260f2c7dd64, Nodes: 00980214-f4a8-4bd8-82ed-2e6d40bccf18{ip: 192.168.151.72, host: pr-hdds-2204-72899-789710998, networkLocation: /default-rack, certSerialId: null}f450d9fe-5139-49a3-9750-424d4ee3d991{ip: 192.168.151.72, host: pr-hdds-2204-72899-789710998, networkLocation: /default-rack, certSerialId: null}44900e5a-4b64-4e71-aabc-568431e4f44d{ip: 192.168.151.72, host: pr-hdds-2204-72899-789710998, networkLocation: /default-rack, certSerialId: null}, Type:RATIS, Factor:THREE, State:OPEN]
2019-10-04 11:32:12,994 [grpc-default-executor-1] INFO  impl.RaftServerProxy (RaftServerProxy.java:addNew(89)) - bf3e1c5b-d7a1-4981-8b88-16abbc1dac9d: addNew group-6FE5C28E53F6:[bf3e1c5b-d7a1-4981-8b88-16abbc1dac9d:192.168.151.72:33463] returns group-6FE5C28E53F6:java.util.concurrent.CompletableFuture@671eca2e[Not completed]
2019-10-04 11:32:12,995 [pool-443-thread-1] INFO  impl.RaftServerImpl (RaftServerImpl.java:<init>(95)) - bf3e1c5b-d7a1-4981-8b88-16abbc1dac9d: new RaftServerImpl for group-6FE5C28E53F6:[bf3e1c5b-d7a1-4981-8b88-16abbc1dac9d:192.168.151.72:33463] with ContainerStateMachine:uninitialized
2019-10-04 11:32:13,008 [pool-443-thread-1] INFO  server.RaftServerConfigKeys (ConfUtils.java:logGet(43)) - raft.server.rpc.timeout.min = 5s (custom)
2019-10-04 11:32:13,008 [pool-443-thread-1] INFO  server.RaftServerConfigKeys (ConfUtils.java:logGet(43)) - raft.server.rpc.timeout.max = 5200ms (custom)
2019-10-04 11:32:13,008 [pool-443-thread-1] INFO  server.RaftServerConfigKeys (ConfUtils.java:logGet(43)) - raft.server.rpcslowness.timeout = 120s (custom)
2019-10-04 11:32:13,008 [pool-443-thread-1] INFO  server.RaftServerConfigKeys (ConfUtils.java:logGet(43)) - raft.server.sleep.deviation.threshold = 300 (default)
2019-10-04 11:32:13,008 [pool-443-thread-1] INFO  server.RaftServerConfigKeys (ConfUtils.java:logGet(43)) - raft.server.log.appender.install.snapshot.enabled = false (custom)
2019-10-04 11:32:13,008 [pool-443-thread-1] INFO  impl.RaftServerImpl (ServerState.java:<init>(103)) - bf3e1c5b-d7a1-4981-8b88-16abbc1dac9d@group-6FE5C28E53F6: ConfigurationManager, init=-1: [bf3e1c5b-d7a1-4981-8b88-16abbc1dac9d:192.168.151.72:33463], old=null, confs=<EMPTY_MAP>
2019-10-04 11:32:13,008 [pool-443-thread-1] INFO  server.RaftServerConfigKeys (ConfUtils.java:logGet(43)) - raft.server.storage.dir = [/workdir/hadoop-ozone/integration-test/target/test-dir/MiniOzoneClusterImpl-9d12ad6e-bf5e-478e-b9e0-f850324b2238/datanode-6/data/ratis] (custom)
2019-10-04 11:32:13,008 [pool-443-thread-1] INFO  server.RaftServerConfigKeys (ConfUtils.java:logGet(43)) - raft.server.log.corruption.policy = EXCEPTION (default)
2019-10-04 11:32:13,008 [pool-443-thread-1] INFO  storage.RaftStorageDirectory (RaftStorageDirectory.java:analyzeStorage(246)) - The storage directory /workdir/hadoop-ozone/integration-test/target/test-dir/MiniOzoneClusterImpl-9d12ad6e-bf5e-478e-b9e0-f850324b2238/datanode-6/data/ratis/985b303f-90a5-4754-b31a-6fe5c28e53f6 does not exist. Creating ...
2019-10-04 11:32:13,021 [pool-443-thread-1] INFO  storage.RaftStorageDirectory (RaftStorageDirectory.java:tryLock(328)) - Lock on /workdir/hadoop-ozone/integration-test/target/test-dir/MiniOzoneClusterImpl-9d12ad6e-bf5e-478e-b9e0-f850324b2238/datanode-6/data/ratis/985b303f-90a5-4754-b31a-6fe5c28e53f6/in_use.lock acquired by nodename 26284@pr-hdds-2204-72899-789710998
2019-10-04 11:32:13,034 [pool-443-thread-1] INFO  storage.RaftStorage (RaftStorage.java:format(84)) - Storage directory /workdir/hadoop-ozone/integration-test/target/test-dir/MiniOzoneClusterImpl-9d12ad6e-bf5e-478e-b9e0-f850324b2238/datanode-6/data/ratis/985b303f-90a5-4754-b31a-6fe5c28e53f6 has been successfully formatted.
2019-10-04 11:32:13,034 [pool-443-thread-1] INFO  ratis.ContainerStateMachine (ContainerStateMachine.java:loadSnapshot(230)) - group-6FE5C28E53F6: The snapshot info is null. Setting the last applied indexto:(t:0, i:~)
2019-10-04 11:32:13,034 [pool-443-thread-1] INFO  server.RaftServerConfigKeys (ConfUtils.java:logGet(43)) - raft.server.notification.no-leader.timeout = 120s (custom)
2019-10-04 11:32:13,034 [pool-443-thread-1] INFO  server.RaftServerConfigKeys (ConfUtils.java:logGet(43)) - raft.server.log.use.memory = false (default)
2019-10-04 11:32:13,035 [pool-443-thread-1] INFO  server.RaftServerConfigKeys (ConfUtils.java:logGet(43)) - raft.server.log.purge.gap = 1000000 (custom)
2019-10-04 11:32:13,035 [pool-443-thread-1] INFO  server.RaftServerConfigKeys (ConfUtils.java:logGet(43)) - raft.server.log.appender.buffer.byte-limit = 33554432 (custom)
2019-10-04 11:32:13,035 [pool-443-thread-1] INFO  server.RaftServerConfigKeys (ConfUtils.java:logGet(43)) - raft.server.log.segment.size.max = 1048576 (custom)
2019-10-04 11:32:13,036 [pool-443-thread-1] INFO  server.RaftServerConfigKeys (ConfUtils.java:logGet(43)) - raft.server.log.segment.cache.num.max = 2 (custom)
2019-10-04 11:32:13,036 [pool-443-thread-1] INFO  segmented.SegmentedRaftLogWorker (SegmentedRaftLogWorker.java:<init>(173)) - new bf3e1c5b-d7a1-4981-8b88-16abbc1dac9d@group-6FE5C28E53F6-SegmentedRaftLogWorker for RaftStorage:Storage Directory /workdir/hadoop-ozone/integration-test/target/test-dir/MiniOzoneClusterImpl-9d12ad6e-bf5e-478e-b9e0-f850324b2238/datanode-6/data/ratis/985b303f-90a5-4754-b31a-6fe5c28e53f6
2019-10-04 11:32:13,037 [pool-443-thread-1] INFO  server.RaftServerConfigKeys (ConfUtils.java:logGet(43)) - raft.server.log.queue.byte-limit = 2147483647 (custom)
2019-10-04 11:32:13,037 [pool-443-thread-1] INFO  server.RaftServerConfigKeys (ConfUtils.java:logGet(43)) - raft.server.log.queue.element-limit = 1024 (custom)
2019-10-04 11:32:13,037 [pool-443-thread-1] INFO  server.RaftServerConfigKeys (ConfUtils.java:logGet(43)) - raft.server.log.segment.size.max = 1048576 (custom)
2019-10-04 11:32:13,037 [pool-443-thread-1] INFO  server.RaftServerConfigKeys (ConfUtils.java:logGet(43)) - raft.server.log.preallocated.size = 16384 (custom)
2019-10-04 11:32:13,037 [pool-443-thread-1] INFO  server.RaftServerConfigKeys (ConfUtils.java:logGet(43)) - raft.server.log.write.buffer.size = 33554432 (custom)
2019-10-04 11:32:13,037 [pool-443-thread-1] INFO  server.RaftServerConfigKeys (ConfUtils.java:logGet(43)) - raft.server.log.force.sync.num = 128 (default)
2019-10-04 11:32:13,037 [pool-443-thread-1] INFO  server.RaftServerConfigKeys (ConfUtils.java:logGet(43)) - raft.server.log.statemachine.data.sync = true (default)
2019-10-04 11:32:13,037 [pool-443-thread-1] INFO  server.RaftServerConfigKeys (ConfUtils.java:logGet(43)) - raft.server.log.statemachine.data.sync.timeout = 10s (default)
2019-10-04 11:32:13,037 [pool-443-thread-1] INFO  server.RaftServerConfigKeys (ConfUtils.java:logGet(43)) - raft.server.log.statemachine.data.sync.timeout.retry = -1 (default)
2019-10-04 11:32:13,038 [pool-443-thread-1] INFO  server.RaftServerConfigKeys (ConfUtils.java:logGet(43)) - raft.server.log.statemachine.data.caching.enabled = true (custom)
2019-10-04 11:32:13,038 [pool-443-thread-1] INFO  segmented.SegmentedRaftLogWorker (SegmentedRaftLogWorker.java:lambda$new$0(128)) - bf3e1c5b-d7a1-4981-8b88-16abbc1dac9d@group-6FE5C28E53F6-SegmentedRaftLogWorker: flushIndex: setUnconditionally 0 -> -1
2019-10-04 11:32:13,038 [pool-443-thread-1] INFO  server.RaftServerConfigKeys (ConfUtils.java:logGet(43)) - raft.server.snapshot.auto.trigger.enabled = true (custom)
2019-10-04 11:32:13,038 [pool-443-thread-1] INFO  server.RaftServerConfigKeys (ConfUtils.java:logGet(43)) - raft.server.snapshot.auto.trigger.threshold = 10000 (custom)
2019-10-04 11:32:13,038 [pool-443-thread-1] INFO  server.RaftServerConfigKeys (ConfUtils.java:logGet(43)) - raft.server.snapshot.retention.file.num = 5 (custom)
2019-10-04 11:32:13,038 [pool-443-thread-1] INFO  server.RaftServerConfigKeys (ConfUtils.java:logGet(43)) - raft.server.retrycache.expirytime = 600000ms (custom)
2019-10-04 11:32:13,040 [pool-443-thread-1] INFO  impl.RaftServerImpl (RaftServerImpl.java:start(181)) - bf3e1c5b-d7a1-4981-8b88-16abbc1dac9d@group-6FE5C28E53F6: start as a follower, conf=-1: [bf3e1c5b-d7a1-4981-8b88-16abbc1dac9d:192.168.151.72:33463], old=null
2019-10-04 11:32:13,040 [pool-443-thread-1] INFO  impl.RaftServerImpl (RaftServerImpl.java:setRole(170)) - bf3e1c5b-d7a1-4981-8b88-16abbc1dac9d@group-6FE5C28E53F6: changes role from      null to FOLLOWER at term 0 for startAsFollower
2019-10-04 11:32:13,040 [pool-443-thread-1] INFO  impl.RoleInfo (RoleInfo.java:updateAndGet(143)) - bf3e1c5b-d7a1-4981-8b88-16abbc1dac9d: start FollowerState
2019-10-04 11:32:13,040 [pool-443-thread-1] INFO  util.JmxRegister (JmxRegister.java:tryRegister(44)) - Successfully registered JMX Bean with object name Ratis:service=RaftServer,group=group-6FE5C28E53F6,id=bf3e1c5b-d7a1-4981-8b88-16abbc1dac9d
2019-10-04 11:32:13,044 [RatisPipelineUtilsThread] INFO  pipeline.PipelineStateManager (PipelineStateManager.java:addPipeline(56)) - Created pipeline Pipeline[ Id: 985b303f-90a5-4754-b31a-6fe5c28e53f6, Nodes: bf3e1c5b-d7a1-4981-8b88-16abbc1dac9d{ip: 192.168.151.72, host: pr-hdds-2204-72899-789710998, networkLocation: /default-rack, certSerialId: null}, Type:RATIS, Factor:ONE, State:OPEN]
2019-10-04 11:32:13,059 [grpc-default-executor-1] INFO  impl.RaftServerProxy (RaftServerProxy.java:addNew(89)) - 00980214-f4a8-4bd8-82ed-2e6d40bccf18: addNew group-858E84619E85:[00980214-f4a8-4bd8-82ed-2e6d40bccf18:192.168.151.72:44027] returns group-858E84619E85:java.util.concurrent.CompletableFuture@7b50888f[Not completed]
2019-10-04 11:32:13,060 [pool-433-thread-1] INFO  impl.RaftServerImpl (RaftServerImpl.java:<init>(95)) - 00980214-f4a8-4bd8-82ed-2e6d40bccf18: new RaftServerImpl for group-858E84619E85:[00980214-f4a8-4bd8-82ed-2e6d40bccf18:192.168.151.72:44027] with ContainerStateMachine:uninitialized
2019-10-04 11:32:13,061 [pool-433-thread-1] INFO  server.RaftServerConfigKeys (ConfUtils.java:logGet(43)) - raft.server.rpc.timeout.min = 5s (custom)
2019-10-04 11:32:13,061 [pool-433-thread-1] INFO  server.RaftServerConfigKeys (ConfUtils.java:logGet(43)) - raft.server.rpc.timeout.max = 5200ms (custom)
2019-10-04 11:32:13,061 [pool-433-thread-1] INFO  server.RaftServerConfigKeys (ConfUtils.java:logGet(43)) - raft.server.rpcslowness.timeout = 120s (custom)
2019-10-04 11:32:13,061 [pool-433-thread-1] INFO  server.RaftServerConfigKeys (ConfUtils.java:logGet(43)) - raft.server.sleep.deviation.threshold = 300 (default)
2019-10-04 11:32:13,061 [pool-433-thread-1] INFO  server.RaftServerConfigKeys (ConfUtils.java:logGet(43)) - raft.server.log.appender.install.snapshot.enabled = false (custom)
2019-10-04 11:32:13,061 [pool-433-thread-1] INFO  impl.RaftServerImpl (ServerState.java:<init>(103)) - 00980214-f4a8-4bd8-82ed-2e6d40bccf18@group-858E84619E85: ConfigurationManager, init=-1: [00980214-f4a8-4bd8-82ed-2e6d40bccf18:192.168.151.72:44027], old=null, confs=<EMPTY_MAP>
2019-10-04 11:32:13,061 [pool-433-thread-1] INFO  server.RaftServerConfigKeys (ConfUtils.java:logGet(43)) - raft.server.storage.dir = [/workdir/hadoop-ozone/integration-test/target/test-dir/MiniOzoneClusterImpl-9d12ad6e-bf5e-478e-b9e0-f850324b2238/datanode-5/data/ratis] (custom)
2019-10-04 11:32:13,061 [pool-433-thread-1] INFO  server.RaftServerConfigKeys (ConfUtils.java:logGet(43)) - raft.server.log.corruption.policy = EXCEPTION (default)
2019-10-04 11:32:13,062 [pool-433-thread-1] INFO  storage.RaftStorageDirectory (RaftStorageDirectory.java:analyzeStorage(246)) - The storage directory /workdir/hadoop-ozone/integration-test/target/test-dir/MiniOzoneClusterImpl-9d12ad6e-bf5e-478e-b9e0-f850324b2238/datanode-5/data/ratis/90794d38-8b2c-4c53-b5f3-858e84619e85 does not exist. Creating ...
2019-10-04 11:32:13,074 [pool-433-thread-1] INFO  storage.RaftStorageDirectory (RaftStorageDirectory.java:tryLock(328)) - Lock on /workdir/hadoop-ozone/integration-test/target/test-dir/MiniOzoneClusterImpl-9d12ad6e-bf5e-478e-b9e0-f850324b2238/datanode-5/data/ratis/90794d38-8b2c-4c53-b5f3-858e84619e85/in_use.lock acquired by nodename 26284@pr-hdds-2204-72899-789710998
2019-10-04 11:32:13,087 [pool-433-thread-1] INFO  storage.RaftStorage (RaftStorage.java:format(84)) - Storage directory /workdir/hadoop-ozone/integration-test/target/test-dir/MiniOzoneClusterImpl-9d12ad6e-bf5e-478e-b9e0-f850324b2238/datanode-5/data/ratis/90794d38-8b2c-4c53-b5f3-858e84619e85 has been successfully formatted.
2019-10-04 11:32:13,087 [pool-433-thread-1] INFO  ratis.ContainerStateMachine (ContainerStateMachine.java:loadSnapshot(230)) - group-858E84619E85: The snapshot info is null. Setting the last applied indexto:(t:0, i:~)
2019-10-04 11:32:13,088 [pool-433-thread-1] INFO  server.RaftServerConfigKeys (ConfUtils.java:logGet(43)) - raft.server.notification.no-leader.timeout = 120s (custom)
2019-10-04 11:32:13,088 [pool-433-thread-1] INFO  server.RaftServerConfigKeys (ConfUtils.java:logGet(43)) - raft.server.log.use.memory = false (default)
2019-10-04 11:32:13,088 [pool-433-thread-1] INFO  server.RaftServerConfigKeys (ConfUtils.java:logGet(43)) - raft.server.log.purge.gap = 1000000 (custom)
2019-10-04 11:32:13,088 [pool-433-thread-1] INFO  server.RaftServerConfigKeys (ConfUtils.java:logGet(43)) - raft.server.log.appender.buffer.byte-limit = 33554432 (custom)
2019-10-04 11:32:13,088 [pool-433-thread-1] INFO  server.RaftServerConfigKeys (ConfUtils.java:logGet(43)) - raft.server.log.segment.size.max = 1048576 (custom)
2019-10-04 11:32:13,088 [pool-433-thread-1] INFO  server.RaftServerConfigKeys (ConfUtils.java:logGet(43)) - raft.server.log.segment.cache.num.max = 2 (custom)
2019-10-04 11:32:13,088 [pool-433-thread-1] INFO  segmented.SegmentedRaftLogWorker (SegmentedRaftLogWorker.java:<init>(173)) - new 00980214-f4a8-4bd8-82ed-2e6d40bccf18@group-858E84619E85-SegmentedRaftLogWorker for RaftStorage:Storage Directory /workdir/hadoop-ozone/integration-test/target/test-dir/MiniOzoneClusterImpl-9d12ad6e-bf5e-478e-b9e0-f850324b2238/datanode-5/data/ratis/90794d38-8b2c-4c53-b5f3-858e84619e85
2019-10-04 11:32:13,088 [pool-433-thread-1] INFO  server.RaftServerConfigKeys (ConfUtils.java:logGet(43)) - raft.server.log.queue.byte-limit = 2147483647 (custom)
2019-10-04 11:32:13,088 [pool-433-thread-1] INFO  server.RaftServerConfigKeys (ConfUtils.java:logGet(43)) - raft.server.log.queue.element-limit = 1024 (custom)
2019-10-04 11:32:13,089 [pool-433-thread-1] INFO  server.RaftServerConfigKeys (ConfUtils.java:logGet(43)) - raft.server.log.segment.size.max = 1048576 (custom)
2019-10-04 11:32:13,089 [pool-433-thread-1] INFO  server.RaftServerConfigKeys (ConfUtils.java:logGet(43)) - raft.server.log.preallocated.size = 16384 (custom)
2019-10-04 11:32:13,089 [pool-433-thread-1] INFO  server.RaftServerConfigKeys (ConfUtils.java:logGet(43)) - raft.server.log.write.buffer.size = 33554432 (custom)
2019-10-04 11:32:13,089 [pool-433-thread-1] INFO  server.RaftServerConfigKeys (ConfUtils.java:logGet(43)) - raft.server.log.force.sync.num = 128 (default)
2019-10-04 11:32:13,089 [pool-433-thread-1] INFO  server.RaftServerConfigKeys (ConfUtils.java:logGet(43)) - raft.server.log.statemachine.data.sync = true (default)
2019-10-04 11:32:13,089 [pool-433-thread-1] INFO  server.RaftServerConfigKeys (ConfUtils.java:logGet(43)) - raft.server.log.statemachine.data.sync.timeout = 10s (default)
2019-10-04 11:32:13,089 [pool-433-thread-1] INFO  server.RaftServerConfigKeys (ConfUtils.java:logGet(43)) - raft.server.log.statemachine.data.sync.timeout.retry = -1 (default)
2019-10-04 11:32:13,089 [pool-433-thread-1] INFO  server.RaftServerConfigKeys (ConfUtils.java:logGet(43)) - raft.server.log.statemachine.data.caching.enabled = true (custom)
2019-10-04 11:32:13,089 [pool-433-thread-1] INFO  segmented.SegmentedRaftLogWorker (SegmentedRaftLogWorker.java:lambda$new$0(128)) - 00980214-f4a8-4bd8-82ed-2e6d40bccf18@group-858E84619E85-SegmentedRaftLogWorker: flushIndex: setUnconditionally 0 -> -1
2019-10-04 11:32:13,090 [pool-433-thread-1] INFO  server.RaftServerConfigKeys (ConfUtils.java:logGet(43)) - raft.server.snapshot.auto.trigger.enabled = true (custom)
2019-10-04 11:32:13,090 [pool-433-thread-1] INFO  server.RaftServerConfigKeys (ConfUtils.java:logGet(43)) - raft.server.snapshot.auto.trigger.threshold = 10000 (custom)
2019-10-04 11:32:13,090 [pool-433-thread-1] INFO  server.RaftServerConfigKeys (ConfUtils.java:logGet(43)) - raft.server.snapshot.retention.file.num = 5 (custom)
2019-10-04 11:32:13,090 [pool-433-thread-1] INFO  server.RaftServerConfigKeys (ConfUtils.java:logGet(43)) - raft.server.retrycache.expirytime = 600000ms (custom)
2019-10-04 11:32:13,092 [pool-433-thread-1] INFO  impl.RaftServerImpl (RaftServerImpl.java:start(181)) - 00980214-f4a8-4bd8-82ed-2e6d40bccf18@group-858E84619E85: start as a follower, conf=-1: [00980214-f4a8-4bd8-82ed-2e6d40bccf18:192.168.151.72:44027], old=null
2019-10-04 11:32:13,092 [pool-433-thread-1] INFO  impl.RaftServerImpl (RaftServerImpl.java:setRole(170)) - 00980214-f4a8-4bd8-82ed-2e6d40bccf18@group-858E84619E85: changes role from      null to FOLLOWER at term 0 for startAsFollower
2019-10-04 11:32:13,092 [pool-433-thread-1] INFO  impl.RoleInfo (RoleInfo.java:updateAndGet(143)) - 00980214-f4a8-4bd8-82ed-2e6d40bccf18: start FollowerState
2019-10-04 11:32:13,092 [pool-433-thread-1] INFO  util.JmxRegister (JmxRegister.java:tryRegister(44)) - Successfully registered JMX Bean with object name Ratis:service=RaftServer,group=group-858E84619E85,id=00980214-f4a8-4bd8-82ed-2e6d40bccf18
2019-10-04 11:32:13,096 [RatisPipelineUtilsThread] INFO  pipeline.PipelineStateManager (PipelineStateManager.java:addPipeline(56)) - Created pipeline Pipeline[ Id: 90794d38-8b2c-4c53-b5f3-858e84619e85, Nodes: 00980214-f4a8-4bd8-82ed-2e6d40bccf18{ip: 192.168.151.72, host: pr-hdds-2204-72899-789710998, networkLocation: /default-rack, certSerialId: null}, Type:RATIS, Factor:ONE, State:OPEN]
2019-10-04 11:32:13,102 [grpc-default-executor-1] INFO  impl.RaftServerProxy (RaftServerProxy.java:addNew(89)) - f450d9fe-5139-49a3-9750-424d4ee3d991: addNew group-DEACD1AE04ED:[f450d9fe-5139-49a3-9750-424d4ee3d991:192.168.151.72:42005] returns group-DEACD1AE04ED:java.util.concurrent.CompletableFuture@3aa72031[Not completed]
2019-10-04 11:32:13,102 [pool-423-thread-1] INFO  impl.RaftServerImpl (RaftServerImpl.java:<init>(95)) - f450d9fe-5139-49a3-9750-424d4ee3d991: new RaftServerImpl for group-DEACD1AE04ED:[f450d9fe-5139-49a3-9750-424d4ee3d991:192.168.151.72:42005] with ContainerStateMachine:uninitialized
2019-10-04 11:32:13,103 [pool-423-thread-1] INFO  server.RaftServerConfigKeys (ConfUtils.java:logGet(43)) - raft.server.rpc.timeout.min = 5s (custom)
2019-10-04 11:32:13,103 [pool-423-thread-1] INFO  server.RaftServerConfigKeys (ConfUtils.java:logGet(43)) - raft.server.rpc.timeout.max = 5200ms (custom)
2019-10-04 11:32:13,103 [pool-423-thread-1] INFO  server.RaftServerConfigKeys (ConfUtils.java:logGet(43)) - raft.server.rpcslowness.timeout = 120s (custom)
2019-10-04 11:32:13,103 [pool-423-thread-1] INFO  server.RaftServerConfigKeys (ConfUtils.java:logGet(43)) - raft.server.sleep.deviation.threshold = 300 (default)
2019-10-04 11:32:13,103 [pool-423-thread-1] INFO  server.RaftServerConfigKeys (ConfUtils.java:logGet(43)) - raft.server.log.appender.install.snapshot.enabled = false (custom)
2019-10-04 11:32:13,103 [pool-423-thread-1] INFO  impl.RaftServerImpl (ServerState.java:<init>(103)) - f450d9fe-5139-49a3-9750-424d4ee3d991@group-DEACD1AE04ED: ConfigurationManager, init=-1: [f450d9fe-5139-49a3-9750-424d4ee3d991:192.168.151.72:42005], old=null, confs=<EMPTY_MAP>
2019-10-04 11:32:13,103 [pool-423-thread-1] INFO  server.RaftServerConfigKeys (ConfUtils.java:logGet(43)) - raft.server.storage.dir = [/workdir/hadoop-ozone/integration-test/target/test-dir/MiniOzoneClusterImpl-9d12ad6e-bf5e-478e-b9e0-f850324b2238/datanode-4/data/ratis] (custom)
2019-10-04 11:32:13,103 [pool-423-thread-1] INFO  server.RaftServerConfigKeys (ConfUtils.java:logGet(43)) - raft.server.log.corruption.policy = EXCEPTION (default)
2019-10-04 11:32:13,104 [pool-423-thread-1] INFO  storage.RaftStorageDirectory (RaftStorageDirectory.java:analyzeStorage(246)) - The storage directory /workdir/hadoop-ozone/integration-test/target/test-dir/MiniOzoneClusterImpl-9d12ad6e-bf5e-478e-b9e0-f850324b2238/datanode-4/data/ratis/b568761b-2e1e-42b6-9d6f-deacd1ae04ed does not exist. Creating ...
2019-10-04 11:32:13,116 [pool-423-thread-1] INFO  storage.RaftStorageDirectory (RaftStorageDirectory.java:tryLock(328)) - Lock on /workdir/hadoop-ozone/integration-test/target/test-dir/MiniOzoneClusterImpl-9d12ad6e-bf5e-478e-b9e0-f850324b2238/datanode-4/data/ratis/b568761b-2e1e-42b6-9d6f-deacd1ae04ed/in_use.lock acquired by nodename 26284@pr-hdds-2204-72899-789710998
2019-10-04 11:32:13,129 [pool-423-thread-1] INFO  storage.RaftStorage (RaftStorage.java:format(84)) - Storage directory /workdir/hadoop-ozone/integration-test/target/test-dir/MiniOzoneClusterImpl-9d12ad6e-bf5e-478e-b9e0-f850324b2238/datanode-4/data/ratis/b568761b-2e1e-42b6-9d6f-deacd1ae04ed has been successfully formatted.
2019-10-04 11:32:13,129 [pool-423-thread-1] INFO  ratis.ContainerStateMachine (ContainerStateMachine.java:loadSnapshot(230)) - group-DEACD1AE04ED: The snapshot info is null. Setting the last applied indexto:(t:0, i:~)
2019-10-04 11:32:13,129 [pool-423-thread-1] INFO  server.RaftServerConfigKeys (ConfUtils.java:logGet(43)) - raft.server.notification.no-leader.timeout = 120s (custom)
2019-10-04 11:32:13,129 [pool-423-thread-1] INFO  server.RaftServerConfigKeys (ConfUtils.java:logGet(43)) - raft.server.log.use.memory = false (default)
2019-10-04 11:32:13,129 [pool-423-thread-1] INFO  server.RaftServerConfigKeys (ConfUtils.java:logGet(43)) - raft.server.log.purge.gap = 1000000 (custom)
2019-10-04 11:32:13,129 [pool-423-thread-1] INFO  server.RaftServerConfigKeys (ConfUtils.java:logGet(43)) - raft.server.log.appender.buffer.byte-limit = 33554432 (custom)
2019-10-04 11:32:13,129 [pool-423-thread-1] INFO  server.RaftServerConfigKeys (ConfUtils.java:logGet(43)) - raft.server.log.segment.size.max = 1048576 (custom)
2019-10-04 11:32:13,129 [pool-423-thread-1] INFO  server.RaftServerConfigKeys (ConfUtils.java:logGet(43)) - raft.server.log.segment.cache.num.max = 2 (custom)
2019-10-04 11:32:13,130 [pool-423-thread-1] INFO  segmented.SegmentedRaftLogWorker (SegmentedRaftLogWorker.java:<init>(173)) - new f450d9fe-5139-49a3-9750-424d4ee3d991@group-DEACD1AE04ED-SegmentedRaftLogWorker for RaftStorage:Storage Directory /workdir/hadoop-ozone/integration-test/target/test-dir/MiniOzoneClusterImpl-9d12ad6e-bf5e-478e-b9e0-f850324b2238/datanode-4/data/ratis/b568761b-2e1e-42b6-9d6f-deacd1ae04ed
2019-10-04 11:32:13,130 [pool-423-thread-1] INFO  server.RaftServerConfigKeys (ConfUtils.java:logGet(43)) - raft.server.log.queue.byte-limit = 2147483647 (custom)
2019-10-04 11:32:13,130 [pool-423-thread-1] INFO  server.RaftServerConfigKeys (ConfUtils.java:logGet(43)) - raft.server.log.queue.element-limit = 1024 (custom)
2019-10-04 11:32:13,130 [pool-423-thread-1] INFO  server.RaftServerConfigKeys (ConfUtils.java:logGet(43)) - raft.server.log.segment.size.max = 1048576 (custom)
2019-10-04 11:32:13,130 [pool-423-thread-1] INFO  server.RaftServerConfigKeys (ConfUtils.java:logGet(43)) - raft.server.log.preallocated.size = 16384 (custom)
2019-10-04 11:32:13,130 [pool-423-thread-1] INFO  server.RaftServerConfigKeys (ConfUtils.java:logGet(43)) - raft.server.log.write.buffer.size = 33554432 (custom)
2019-10-04 11:32:13,130 [pool-423-thread-1] INFO  server.RaftServerConfigKeys (ConfUtils.java:logGet(43)) - raft.server.log.force.sync.num = 128 (default)
2019-10-04 11:32:13,130 [pool-423-thread-1] INFO  server.RaftServerConfigKeys (ConfUtils.java:logGet(43)) - raft.server.log.statemachine.data.sync = true (default)
2019-10-04 11:32:13,130 [pool-423-thread-1] INFO  server.RaftServerConfigKeys (ConfUtils.java:logGet(43)) - raft.server.log.statemachine.data.sync.timeout = 10s (default)
2019-10-04 11:32:13,131 [pool-423-thread-1] INFO  server.RaftServerConfigKeys (ConfUtils.java:logGet(43)) - raft.server.log.statemachine.data.sync.timeout.retry = -1 (default)
2019-10-04 11:32:13,131 [pool-423-thread-1] INFO  server.RaftServerConfigKeys (ConfUtils.java:logGet(43)) - raft.server.log.statemachine.data.caching.enabled = true (custom)
2019-10-04 11:32:13,131 [pool-423-thread-1] INFO  segmented.SegmentedRaftLogWorker (SegmentedRaftLogWorker.java:lambda$new$0(128)) - f450d9fe-5139-49a3-9750-424d4ee3d991@group-DEACD1AE04ED-SegmentedRaftLogWorker: flushIndex: setUnconditionally 0 -> -1
2019-10-04 11:32:13,131 [pool-423-thread-1] INFO  server.RaftServerConfigKeys (ConfUtils.java:logGet(43)) - raft.server.snapshot.auto.trigger.enabled = true (custom)
2019-10-04 11:32:13,131 [pool-423-thread-1] INFO  server.RaftServerConfigKeys (ConfUtils.java:logGet(43)) - raft.server.snapshot.auto.trigger.threshold = 10000 (custom)
2019-10-04 11:32:13,131 [pool-423-thread-1] INFO  server.RaftServerConfigKeys (ConfUtils.java:logGet(43)) - raft.server.snapshot.retention.file.num = 5 (custom)
2019-10-04 11:32:13,132 [pool-423-thread-1] INFO  server.RaftServerConfigKeys (ConfUtils.java:logGet(43)) - raft.server.retrycache.expirytime = 600000ms (custom)
2019-10-04 11:32:13,133 [pool-423-thread-1] INFO  impl.RaftServerImpl (RaftServerImpl.java:start(181)) - f450d9fe-5139-49a3-9750-424d4ee3d991@group-DEACD1AE04ED: start as a follower, conf=-1: [f450d9fe-5139-49a3-9750-424d4ee3d991:192.168.151.72:42005], old=null
2019-10-04 11:32:13,133 [pool-423-thread-1] INFO  impl.RaftServerImpl (RaftServerImpl.java:setRole(170)) - f450d9fe-5139-49a3-9750-424d4ee3d991@group-DEACD1AE04ED: changes role from      null to FOLLOWER at term 0 for startAsFollower
2019-10-04 11:32:13,133 [pool-423-thread-1] INFO  impl.RoleInfo (RoleInfo.java:updateAndGet(143)) - f450d9fe-5139-49a3-9750-424d4ee3d991: start FollowerState
2019-10-04 11:32:13,134 [pool-423-thread-1] INFO  util.JmxRegister (JmxRegister.java:tryRegister(44)) - Successfully registered JMX Bean with object name Ratis:service=RaftServer,group=group-DEACD1AE04ED,id=f450d9fe-5139-49a3-9750-424d4ee3d991
2019-10-04 11:32:13,137 [RatisPipelineUtilsThread] INFO  pipeline.PipelineStateManager (PipelineStateManager.java:addPipeline(56)) - Created pipeline Pipeline[ Id: b568761b-2e1e-42b6-9d6f-deacd1ae04ed, Nodes: f450d9fe-5139-49a3-9750-424d4ee3d991{ip: 192.168.151.72, host: pr-hdds-2204-72899-789710998, networkLocation: /default-rack, certSerialId: null}, Type:RATIS, Factor:ONE, State:OPEN]
2019-10-04 11:32:13,975 [main] INFO  ozone.MiniOzoneClusterImpl (MiniOzoneClusterImpl.java:lambda$waitForClusterToBeReady$0(147)) - Cluster is ready. Got 7 of 7 DN Heartbeats.
2019-10-04 11:32:14,036 [main] INFO  rpc.RpcClient (RpcClient.java:createVolume(277)) - Creating Volume: watchforcommithandlingtest, with jenkins1000 as owner.
2019-10-04 11:32:14,041 [IPC Server handler 1 on 43091] INFO  volume.OMVolumeCreateRequest (OMVolumeCreateRequest.java:validateAndUpdateCache(193)) - created volume:watchforcommithandlingtest for user:jenkins1000
2019-10-04 11:32:14,059 [main] INFO  rpc.RpcClient (RpcClient.java:createBucket(416)) - Creating Bucket: watchforcommithandlingtest/watchforcommithandlingtest, with Versioning false and Storage Type set to DISK and Encryption set to false 
2019-10-04 11:32:14,065 [main] INFO  ozone.MiniOzoneClusterImpl (MiniOzoneClusterImpl.java:getStorageContainerLocationClient(234)) - Creating StorageContainerLocationProtocol RPC client with address /0.0.0.0:42893
2019-10-04 11:32:15,592 [Thread-2323] INFO  container.ReplicationManager (ReplicationManager.java:start(162)) - Starting Replication Monitor Thread.
2019-10-04 11:32:15,597 [ReplicationMonitor] INFO  container.ReplicationManager (ReplicationManager.java:run(225)) - Replication Monitor Thread took 1 milliseconds for processing 1 containers.
2019-10-04 11:32:17,797 [Thread-2325] INFO  impl.FollowerState (FollowerState.java:run(108)) - 401cb6e3-6690-4cb7-98a8-b789ac85db21@group-85D5F37F6AEA-FollowerState: change to CANDIDATE, lastRpcTime:5116ms, electionTimeout:5116ms
2019-10-04 11:32:17,798 [Thread-2325] INFO  impl.RoleInfo (RoleInfo.java:shutdownFollowerState(121)) - 401cb6e3-6690-4cb7-98a8-b789ac85db21: shutdown FollowerState
2019-10-04 11:32:17,798 [Thread-2325] INFO  impl.RaftServerImpl (RaftServerImpl.java:setRole(170)) - 401cb6e3-6690-4cb7-98a8-b789ac85db21@group-85D5F37F6AEA: changes role from  FOLLOWER to CANDIDATE at term 0 for changeToCandidate
2019-10-04 11:32:17,799 [Thread-2325] INFO  impl.RoleInfo (RoleInfo.java:updateAndGet(143)) - 401cb6e3-6690-4cb7-98a8-b789ac85db21: start LeaderElection
2019-10-04 11:32:17,810 [Thread-2331] INFO  impl.FollowerState (FollowerState.java:run(108)) - dd3a57bf-582b-444c-bc9b-ae19d3f4f84e@group-F5C3662F5086-FollowerState: change to CANDIDATE, lastRpcTime:5031ms, electionTimeout:5031ms
2019-10-04 11:32:17,810 [Thread-2331] INFO  impl.RoleInfo (RoleInfo.java:shutdownFollowerState(121)) - dd3a57bf-582b-444c-bc9b-ae19d3f4f84e: shutdown FollowerState
2019-10-04 11:32:17,810 [Thread-2331] INFO  impl.RaftServerImpl (RaftServerImpl.java:setRole(170)) - dd3a57bf-582b-444c-bc9b-ae19d3f4f84e@group-F5C3662F5086: changes role from  FOLLOWER to CANDIDATE at term 0 for changeToCandidate
2019-10-04 11:32:17,810 [Thread-2331] INFO  impl.RoleInfo (RoleInfo.java:updateAndGet(143)) - dd3a57bf-582b-444c-bc9b-ae19d3f4f84e: start LeaderElection
2019-10-04 11:32:17,824 [dd3a57bf-582b-444c-bc9b-ae19d3f4f84e@group-F5C3662F5086-LeaderElection53] INFO  impl.LeaderElection (LeaderElection.java:askForVotes(178)) - dd3a57bf-582b-444c-bc9b-ae19d3f4f84e@group-F5C3662F5086-LeaderElection53: begin an election at term 1 for -1: [dd3a57bf-582b-444c-bc9b-ae19d3f4f84e:192.168.151.72:42510], old=null
2019-10-04 11:32:17,824 [401cb6e3-6690-4cb7-98a8-b789ac85db21@group-85D5F37F6AEA-LeaderElection52] INFO  impl.LeaderElection (LeaderElection.java:askForVotes(178)) - 401cb6e3-6690-4cb7-98a8-b789ac85db21@group-85D5F37F6AEA-LeaderElection52: begin an election at term 1 for -1: [401cb6e3-6690-4cb7-98a8-b789ac85db21:192.168.151.72:46071], old=null
2019-10-04 11:32:17,824 [dd3a57bf-582b-444c-bc9b-ae19d3f4f84e@group-F5C3662F5086-LeaderElection53] INFO  impl.RoleInfo (RoleInfo.java:shutdownLeaderElection(134)) - dd3a57bf-582b-444c-bc9b-ae19d3f4f84e: shutdown LeaderElection
2019-10-04 11:32:17,824 [401cb6e3-6690-4cb7-98a8-b789ac85db21@group-85D5F37F6AEA-LeaderElection52] INFO  impl.RoleInfo (RoleInfo.java:shutdownLeaderElection(134)) - 401cb6e3-6690-4cb7-98a8-b789ac85db21: shutdown LeaderElection
2019-10-04 11:32:17,825 [dd3a57bf-582b-444c-bc9b-ae19d3f4f84e@group-F5C3662F5086-LeaderElection53] INFO  impl.RaftServerImpl (RaftServerImpl.java:setRole(170)) - dd3a57bf-582b-444c-bc9b-ae19d3f4f84e@group-F5C3662F5086: changes role from CANDIDATE to LEADER at term 1 for changeToLeader
2019-10-04 11:32:17,825 [401cb6e3-6690-4cb7-98a8-b789ac85db21@group-85D5F37F6AEA-LeaderElection52] INFO  impl.RaftServerImpl (RaftServerImpl.java:setRole(170)) - 401cb6e3-6690-4cb7-98a8-b789ac85db21@group-85D5F37F6AEA: changes role from CANDIDATE to LEADER at term 1 for changeToLeader
2019-10-04 11:32:17,825 [dd3a57bf-582b-444c-bc9b-ae19d3f4f84e@group-F5C3662F5086-LeaderElection53] INFO  impl.RaftServerImpl (ServerState.java:setLeader(255)) - dd3a57bf-582b-444c-bc9b-ae19d3f4f84e@group-F5C3662F5086: change Leader from null to dd3a57bf-582b-444c-bc9b-ae19d3f4f84e at term 1 for becomeLeader, leader elected after 5052ms
2019-10-04 11:32:17,825 [401cb6e3-6690-4cb7-98a8-b789ac85db21@group-85D5F37F6AEA-LeaderElection52] INFO  impl.RaftServerImpl (ServerState.java:setLeader(255)) - 401cb6e3-6690-4cb7-98a8-b789ac85db21@group-85D5F37F6AEA: change Leader from null to 401cb6e3-6690-4cb7-98a8-b789ac85db21 at term 1 for becomeLeader, leader elected after 5154ms
2019-10-04 11:32:17,826 [401cb6e3-6690-4cb7-98a8-b789ac85db21@group-85D5F37F6AEA-LeaderElection52] INFO  server.RaftServerConfigKeys (ConfUtils.java:logGet(43)) - raft.server.staging.catchup.gap = 1000 (default)
2019-10-04 11:32:17,826 [dd3a57bf-582b-444c-bc9b-ae19d3f4f84e@group-F5C3662F5086-LeaderElection53] INFO  server.RaftServerConfigKeys (ConfUtils.java:logGet(43)) - raft.server.staging.catchup.gap = 1000 (default)
2019-10-04 11:32:17,826 [401cb6e3-6690-4cb7-98a8-b789ac85db21@group-85D5F37F6AEA-LeaderElection52] INFO  server.RaftServerConfigKeys (ConfUtils.java:logGet(43)) - raft.server.rpc.sleep.time = 25ms (default)
2019-10-04 11:32:17,826 [dd3a57bf-582b-444c-bc9b-ae19d3f4f84e@group-F5C3662F5086-LeaderElection53] INFO  server.RaftServerConfigKeys (ConfUtils.java:logGet(43)) - raft.server.rpc.sleep.time = 25ms (default)
2019-10-04 11:32:17,827 [dd3a57bf-582b-444c-bc9b-ae19d3f4f84e@group-F5C3662F5086-LeaderElection53] INFO  server.RaftServerConfigKeys (ConfUtils.java:logGet(43)) - raft.server.write.element-limit = 4096 (default)
2019-10-04 11:32:17,827 [401cb6e3-6690-4cb7-98a8-b789ac85db21@group-85D5F37F6AEA-LeaderElection52] INFO  server.RaftServerConfigKeys (ConfUtils.java:logGet(43)) - raft.server.write.element-limit = 4096 (default)
2019-10-04 11:32:17,827 [dd3a57bf-582b-444c-bc9b-ae19d3f4f84e@group-F5C3662F5086-LeaderElection53] INFO  server.RaftServerConfigKeys (ConfUtils.java:logGet(43)) - raft.server.watch.timeout = 10s (default)
2019-10-04 11:32:17,827 [401cb6e3-6690-4cb7-98a8-b789ac85db21@group-85D5F37F6AEA-LeaderElection52] INFO  server.RaftServerConfigKeys (ConfUtils.java:logGet(43)) - raft.server.watch.timeout = 10s (default)
2019-10-04 11:32:17,827 [dd3a57bf-582b-444c-bc9b-ae19d3f4f84e@group-F5C3662F5086-LeaderElection53] INFO  server.RaftServerConfigKeys (ConfUtils.java:logGet(43)) - raft.server.watch.timeout.denomination = 1s (default)
2019-10-04 11:32:17,827 [401cb6e3-6690-4cb7-98a8-b789ac85db21@group-85D5F37F6AEA-LeaderElection52] INFO  server.RaftServerConfigKeys (ConfUtils.java:logGet(43)) - raft.server.watch.timeout.denomination = 1s (default)
2019-10-04 11:32:17,828 [dd3a57bf-582b-444c-bc9b-ae19d3f4f84e@group-F5C3662F5086-LeaderElection53] INFO  server.RaftServerConfigKeys (ConfUtils.java:logGet(43)) - raft.server.watch.element-limit = 65536 (default)
2019-10-04 11:32:17,828 [401cb6e3-6690-4cb7-98a8-b789ac85db21@group-85D5F37F6AEA-LeaderElection52] INFO  server.RaftServerConfigKeys (ConfUtils.java:logGet(43)) - raft.server.watch.element-limit = 65536 (default)
2019-10-04 11:32:17,833 [dd3a57bf-582b-444c-bc9b-ae19d3f4f84e@group-F5C3662F5086-LeaderElection53] INFO  impl.RoleInfo (RoleInfo.java:updateAndGet(143)) - dd3a57bf-582b-444c-bc9b-ae19d3f4f84e: start LeaderState
2019-10-04 11:32:17,833 [401cb6e3-6690-4cb7-98a8-b789ac85db21@group-85D5F37F6AEA-LeaderElection52] INFO  impl.RoleInfo (RoleInfo.java:updateAndGet(143)) - 401cb6e3-6690-4cb7-98a8-b789ac85db21: start LeaderState
2019-10-04 11:32:17,834 [401cb6e3-6690-4cb7-98a8-b789ac85db21@group-85D5F37F6AEA-LeaderElection52] INFO  segmented.SegmentedRaftLogWorker (SegmentedRaftLogWorker.java:startLogSegment(385)) - 401cb6e3-6690-4cb7-98a8-b789ac85db21@group-85D5F37F6AEA-SegmentedRaftLogWorker: Starting segment from index:0
2019-10-04 11:32:17,834 [dd3a57bf-582b-444c-bc9b-ae19d3f4f84e@group-F5C3662F5086-LeaderElection53] INFO  segmented.SegmentedRaftLogWorker (SegmentedRaftLogWorker.java:startLogSegment(385)) - dd3a57bf-582b-444c-bc9b-ae19d3f4f84e@group-F5C3662F5086-SegmentedRaftLogWorker: Starting segment from index:0
2019-10-04 11:32:17,835 [401cb6e3-6690-4cb7-98a8-b789ac85db21@group-85D5F37F6AEA-LeaderElection52] INFO  impl.RaftServerImpl (ServerState.java:setRaftConf(356)) - 401cb6e3-6690-4cb7-98a8-b789ac85db21@group-85D5F37F6AEA: set configuration 0: [401cb6e3-6690-4cb7-98a8-b789ac85db21:192.168.151.72:46071], old=null at 0
2019-10-04 11:32:17,835 [dd3a57bf-582b-444c-bc9b-ae19d3f4f84e@group-F5C3662F5086-LeaderElection53] INFO  impl.RaftServerImpl (ServerState.java:setRaftConf(356)) - dd3a57bf-582b-444c-bc9b-ae19d3f4f84e@group-F5C3662F5086: set configuration 0: [dd3a57bf-582b-444c-bc9b-ae19d3f4f84e:192.168.151.72:42510], old=null at 0
2019-10-04 11:32:17,853 [Thread-2334] INFO  impl.FollowerState (FollowerState.java:run(108)) - 23c7073a-9bb3-472d-af00-4ba03518b2d3@group-989E15DA7615-FollowerState: change to CANDIDATE, lastRpcTime:5022ms, electionTimeout:5022ms
2019-10-04 11:32:17,853 [Thread-2334] INFO  impl.RoleInfo (RoleInfo.java:shutdownFollowerState(121)) - 23c7073a-9bb3-472d-af00-4ba03518b2d3: shutdown FollowerState
2019-10-04 11:32:17,853 [Thread-2334] INFO  impl.RaftServerImpl (RaftServerImpl.java:setRole(170)) - 23c7073a-9bb3-472d-af00-4ba03518b2d3@group-989E15DA7615: changes role from  FOLLOWER to CANDIDATE at term 0 for changeToCandidate
2019-10-04 11:32:17,853 [Thread-2334] INFO  impl.RoleInfo (RoleInfo.java:updateAndGet(143)) - 23c7073a-9bb3-472d-af00-4ba03518b2d3: start LeaderElection
2019-10-04 11:32:17,891 [401cb6e3-6690-4cb7-98a8-b789ac85db21@group-85D5F37F6AEA-SegmentedRaftLogWorker] INFO  segmented.SegmentedRaftLogWorker (SegmentedRaftLogWorker.java:execute(574)) - 401cb6e3-6690-4cb7-98a8-b789ac85db21@group-85D5F37F6AEA-SegmentedRaftLogWorker: created new log segment /workdir/hadoop-ozone/integration-test/target/test-dir/MiniOzoneClusterImpl-9d12ad6e-bf5e-478e-b9e0-f850324b2238/datanode-0/data/ratis/1964e7f5-78af-4b9f-9b89-85d5f37f6aea/current/log_inprogress_0
2019-10-04 11:32:17,891 [23c7073a-9bb3-472d-af00-4ba03518b2d3@group-989E15DA7615-LeaderElection54] INFO  impl.LeaderElection (LeaderElection.java:askForVotes(178)) - 23c7073a-9bb3-472d-af00-4ba03518b2d3@group-989E15DA7615-LeaderElection54: begin an election at term 1 for -1: [23c7073a-9bb3-472d-af00-4ba03518b2d3:192.168.151.72:34299], old=null
2019-10-04 11:32:17,891 [dd3a57bf-582b-444c-bc9b-ae19d3f4f84e@group-F5C3662F5086-SegmentedRaftLogWorker] INFO  segmented.SegmentedRaftLogWorker (SegmentedRaftLogWorker.java:execute(574)) - dd3a57bf-582b-444c-bc9b-ae19d3f4f84e@group-F5C3662F5086-SegmentedRaftLogWorker: created new log segment /workdir/hadoop-ozone/integration-test/target/test-dir/MiniOzoneClusterImpl-9d12ad6e-bf5e-478e-b9e0-f850324b2238/datanode-2/data/ratis/8e6c9590-ba66-44ba-9c16-f5c3662f5086/current/log_inprogress_0
2019-10-04 11:32:17,891 [23c7073a-9bb3-472d-af00-4ba03518b2d3@group-989E15DA7615-LeaderElection54] INFO  impl.RoleInfo (RoleInfo.java:shutdownLeaderElection(134)) - 23c7073a-9bb3-472d-af00-4ba03518b2d3: shutdown LeaderElection
2019-10-04 11:32:17,892 [23c7073a-9bb3-472d-af00-4ba03518b2d3@group-989E15DA7615-LeaderElection54] INFO  impl.RaftServerImpl (RaftServerImpl.java:setRole(170)) - 23c7073a-9bb3-472d-af00-4ba03518b2d3@group-989E15DA7615: changes role from CANDIDATE to LEADER at term 1 for changeToLeader
2019-10-04 11:32:17,892 [23c7073a-9bb3-472d-af00-4ba03518b2d3@group-989E15DA7615-LeaderElection54] INFO  impl.RaftServerImpl (ServerState.java:setLeader(255)) - 23c7073a-9bb3-472d-af00-4ba03518b2d3@group-989E15DA7615: change Leader from null to 23c7073a-9bb3-472d-af00-4ba03518b2d3 at term 1 for becomeLeader, leader elected after 5069ms
2019-10-04 11:32:17,892 [23c7073a-9bb3-472d-af00-4ba03518b2d3@group-989E15DA7615-LeaderElection54] INFO  server.RaftServerConfigKeys (ConfUtils.java:logGet(43)) - raft.server.staging.catchup.gap = 1000 (default)
2019-10-04 11:32:17,892 [23c7073a-9bb3-472d-af00-4ba03518b2d3@group-989E15DA7615-LeaderElection54] INFO  server.RaftServerConfigKeys (ConfUtils.java:logGet(43)) - raft.server.rpc.sleep.time = 25ms (default)
2019-10-04 11:32:17,892 [23c7073a-9bb3-472d-af00-4ba03518b2d3@group-989E15DA7615-LeaderElection54] INFO  server.RaftServerConfigKeys (ConfUtils.java:logGet(43)) - raft.server.write.element-limit = 4096 (default)
2019-10-04 11:32:17,892 [23c7073a-9bb3-472d-af00-4ba03518b2d3@group-989E15DA7615-LeaderElection54] INFO  server.RaftServerConfigKeys (ConfUtils.java:logGet(43)) - raft.server.watch.timeout = 10s (default)
2019-10-04 11:32:17,892 [23c7073a-9bb3-472d-af00-4ba03518b2d3@group-989E15DA7615-LeaderElection54] INFO  server.RaftServerConfigKeys (ConfUtils.java:logGet(43)) - raft.server.watch.timeout.denomination = 1s (default)
2019-10-04 11:32:17,892 [23c7073a-9bb3-472d-af00-4ba03518b2d3@group-989E15DA7615-LeaderElection54] INFO  server.RaftServerConfigKeys (ConfUtils.java:logGet(43)) - raft.server.watch.element-limit = 65536 (default)
2019-10-04 11:32:17,894 [23c7073a-9bb3-472d-af00-4ba03518b2d3@group-989E15DA7615-LeaderElection54] INFO  impl.RoleInfo (RoleInfo.java:updateAndGet(143)) - 23c7073a-9bb3-472d-af00-4ba03518b2d3: start LeaderState
2019-10-04 11:32:17,894 [23c7073a-9bb3-472d-af00-4ba03518b2d3@group-989E15DA7615-LeaderElection54] INFO  segmented.SegmentedRaftLogWorker (SegmentedRaftLogWorker.java:startLogSegment(385)) - 23c7073a-9bb3-472d-af00-4ba03518b2d3@group-989E15DA7615-SegmentedRaftLogWorker: Starting segment from index:0
2019-10-04 11:32:17,895 [23c7073a-9bb3-472d-af00-4ba03518b2d3@group-989E15DA7615-LeaderElection54] INFO  impl.RaftServerImpl (ServerState.java:setRaftConf(356)) - 23c7073a-9bb3-472d-af00-4ba03518b2d3@group-989E15DA7615: set configuration 0: [23c7073a-9bb3-472d-af00-4ba03518b2d3:192.168.151.72:34299], old=null at 0
2019-10-04 11:32:17,904 [Thread-2328] INFO  impl.FollowerState (FollowerState.java:run(108)) - 44900e5a-4b64-4e71-aabc-568431e4f44d@group-5A1CF53BA0DB-FollowerState: change to CANDIDATE, lastRpcTime:5172ms, electionTimeout:5172ms
2019-10-04 11:32:17,904 [Thread-2328] INFO  impl.RoleInfo (RoleInfo.java:shutdownFollowerState(121)) - 44900e5a-4b64-4e71-aabc-568431e4f44d: shutdown FollowerState
2019-10-04 11:32:17,904 [Thread-2328] INFO  impl.RaftServerImpl (RaftServerImpl.java:setRole(170)) - 44900e5a-4b64-4e71-aabc-568431e4f44d@group-5A1CF53BA0DB: changes role from  FOLLOWER to CANDIDATE at term 0 for changeToCandidate
2019-10-04 11:32:17,904 [Thread-2328] INFO  impl.RoleInfo (RoleInfo.java:updateAndGet(143)) - 44900e5a-4b64-4e71-aabc-568431e4f44d: start LeaderElection
2019-10-04 11:32:17,934 [23c7073a-9bb3-472d-af00-4ba03518b2d3@group-989E15DA7615-SegmentedRaftLogWorker] INFO  segmented.SegmentedRaftLogWorker (SegmentedRaftLogWorker.java:execute(574)) - 23c7073a-9bb3-472d-af00-4ba03518b2d3@group-989E15DA7615-SegmentedRaftLogWorker: created new log segment /workdir/hadoop-ozone/integration-test/target/test-dir/MiniOzoneClusterImpl-9d12ad6e-bf5e-478e-b9e0-f850324b2238/datanode-3/data/ratis/59ef8875-756f-4c6f-9e6a-989e15da7615/current/log_inprogress_0
2019-10-04 11:32:17,934 [44900e5a-4b64-4e71-aabc-568431e4f44d@group-5A1CF53BA0DB-LeaderElection55] INFO  impl.LeaderElection (LeaderElection.java:askForVotes(178)) - 44900e5a-4b64-4e71-aabc-568431e4f44d@group-5A1CF53BA0DB-LeaderElection55: begin an election at term 1 for -1: [44900e5a-4b64-4e71-aabc-568431e4f44d:192.168.151.72:35330], old=null
2019-10-04 11:32:17,934 [44900e5a-4b64-4e71-aabc-568431e4f44d@group-5A1CF53BA0DB-LeaderElection55] INFO  impl.RoleInfo (RoleInfo.java:shutdownLeaderElection(134)) - 44900e5a-4b64-4e71-aabc-568431e4f44d: shutdown LeaderElection
2019-10-04 11:32:17,934 [44900e5a-4b64-4e71-aabc-568431e4f44d@group-5A1CF53BA0DB-LeaderElection55] INFO  impl.RaftServerImpl (RaftServerImpl.java:setRole(170)) - 44900e5a-4b64-4e71-aabc-568431e4f44d@group-5A1CF53BA0DB: changes role from CANDIDATE to LEADER at term 1 for changeToLeader
2019-10-04 11:32:17,934 [44900e5a-4b64-4e71-aabc-568431e4f44d@group-5A1CF53BA0DB-LeaderElection55] INFO  impl.RaftServerImpl (ServerState.java:setLeader(255)) - 44900e5a-4b64-4e71-aabc-568431e4f44d@group-5A1CF53BA0DB: change Leader from null to 44900e5a-4b64-4e71-aabc-568431e4f44d at term 1 for becomeLeader, leader elected after 5209ms
2019-10-04 11:32:17,934 [44900e5a-4b64-4e71-aabc-568431e4f44d@group-5A1CF53BA0DB-LeaderElection55] INFO  server.RaftServerConfigKeys (ConfUtils.java:logGet(43)) - raft.server.staging.catchup.gap = 1000 (default)
2019-10-04 11:32:17,935 [44900e5a-4b64-4e71-aabc-568431e4f44d@group-5A1CF53BA0DB-LeaderElection55] INFO  server.RaftServerConfigKeys (ConfUtils.java:logGet(43)) - raft.server.rpc.sleep.time = 25ms (default)
2019-10-04 11:32:17,935 [44900e5a-4b64-4e71-aabc-568431e4f44d@group-5A1CF53BA0DB-LeaderElection55] INFO  server.RaftServerConfigKeys (ConfUtils.java:logGet(43)) - raft.server.write.element-limit = 4096 (default)
2019-10-04 11:32:17,935 [44900e5a-4b64-4e71-aabc-568431e4f44d@group-5A1CF53BA0DB-LeaderElection55] INFO  server.RaftServerConfigKeys (ConfUtils.java:logGet(43)) - raft.server.watch.timeout = 10s (default)
2019-10-04 11:32:17,935 [44900e5a-4b64-4e71-aabc-568431e4f44d@group-5A1CF53BA0DB-LeaderElection55] INFO  server.RaftServerConfigKeys (ConfUtils.java:logGet(43)) - raft.server.watch.timeout.denomination = 1s (default)
2019-10-04 11:32:17,935 [44900e5a-4b64-4e71-aabc-568431e4f44d@group-5A1CF53BA0DB-LeaderElection55] INFO  server.RaftServerConfigKeys (ConfUtils.java:logGet(43)) - raft.server.watch.element-limit = 65536 (default)
2019-10-04 11:32:17,937 [44900e5a-4b64-4e71-aabc-568431e4f44d@group-5A1CF53BA0DB-LeaderElection55] INFO  impl.RoleInfo (RoleInfo.java:updateAndGet(143)) - 44900e5a-4b64-4e71-aabc-568431e4f44d: start LeaderState
2019-10-04 11:32:17,938 [44900e5a-4b64-4e71-aabc-568431e4f44d@group-5A1CF53BA0DB-LeaderElection55] INFO  segmented.SegmentedRaftLogWorker (SegmentedRaftLogWorker.java:startLogSegment(385)) - 44900e5a-4b64-4e71-aabc-568431e4f44d@group-5A1CF53BA0DB-SegmentedRaftLogWorker: Starting segment from index:0
2019-10-04 11:32:17,938 [44900e5a-4b64-4e71-aabc-568431e4f44d@group-5A1CF53BA0DB-LeaderElection55] INFO  impl.RaftServerImpl (ServerState.java:setRaftConf(356)) - 44900e5a-4b64-4e71-aabc-568431e4f44d@group-5A1CF53BA0DB: set configuration 0: [44900e5a-4b64-4e71-aabc-568431e4f44d:192.168.151.72:35330], old=null at 0
2019-10-04 11:32:17,974 [44900e5a-4b64-4e71-aabc-568431e4f44d@group-5A1CF53BA0DB-SegmentedRaftLogWorker] INFO  segmented.SegmentedRaftLogWorker (SegmentedRaftLogWorker.java:execute(574)) - 44900e5a-4b64-4e71-aabc-568431e4f44d@group-5A1CF53BA0DB-SegmentedRaftLogWorker: created new log segment /workdir/hadoop-ozone/integration-test/target/test-dir/MiniOzoneClusterImpl-9d12ad6e-bf5e-478e-b9e0-f850324b2238/datanode-1/data/ratis/2185eba4-b801-4f7e-9688-5a1cf53ba0db/current/log_inprogress_0
2019-10-04 11:32:17,978 [Thread-2342] INFO  impl.FollowerState (FollowerState.java:run(108)) - dd3a57bf-582b-444c-bc9b-ae19d3f4f84e@group-37659CD6685C-FollowerState: change to CANDIDATE, lastRpcTime:5074ms, electionTimeout:5074ms
2019-10-04 11:32:17,978 [Thread-2342] INFO  impl.RoleInfo (RoleInfo.java:shutdownFollowerState(121)) - dd3a57bf-582b-444c-bc9b-ae19d3f4f84e: shutdown FollowerState
2019-10-04 11:32:17,978 [Thread-2342] INFO  impl.RaftServerImpl (RaftServerImpl.java:setRole(170)) - dd3a57bf-582b-444c-bc9b-ae19d3f4f84e@group-37659CD6685C: changes role from  FOLLOWER to CANDIDATE at term 0 for changeToCandidate
2019-10-04 11:32:17,978 [Thread-2342] INFO  impl.RoleInfo (RoleInfo.java:updateAndGet(143)) - dd3a57bf-582b-444c-bc9b-ae19d3f4f84e: start LeaderElection
2019-10-04 11:32:17,987 [dd3a57bf-582b-444c-bc9b-ae19d3f4f84e@group-37659CD6685C-LeaderElection56] INFO  impl.LeaderElection (LeaderElection.java:askForVotes(178)) - dd3a57bf-582b-444c-bc9b-ae19d3f4f84e@group-37659CD6685C-LeaderElection56: begin an election at term 1 for -1: [401cb6e3-6690-4cb7-98a8-b789ac85db21:192.168.151.72:46071, 23c7073a-9bb3-472d-af00-4ba03518b2d3:192.168.151.72:34299, dd3a57bf-582b-444c-bc9b-ae19d3f4f84e:192.168.151.72:42510], old=null
2019-10-04 11:32:17,994 [grpc-default-executor-1] INFO  impl.RaftServerImpl (RaftServerImpl.java:setRole(170)) - 401cb6e3-6690-4cb7-98a8-b789ac85db21@group-37659CD6685C: changes role from  FOLLOWER to FOLLOWER at term 1 for recognizeCandidate:dd3a57bf-582b-444c-bc9b-ae19d3f4f84e
2019-10-04 11:32:17,997 [grpc-default-executor-6] INFO  impl.RaftServerImpl (RaftServerImpl.java:setRole(170)) - 23c7073a-9bb3-472d-af00-4ba03518b2d3@group-37659CD6685C: changes role from  FOLLOWER to FOLLOWER at term 1 for recognizeCandidate:dd3a57bf-582b-444c-bc9b-ae19d3f4f84e
2019-10-04 11:32:17,998 [grpc-default-executor-1] INFO  impl.RoleInfo (RoleInfo.java:shutdownFollowerState(121)) - 401cb6e3-6690-4cb7-98a8-b789ac85db21: shutdown FollowerState
2019-10-04 11:32:17,998 [grpc-default-executor-6] INFO  impl.RoleInfo (RoleInfo.java:shutdownFollowerState(121)) - 23c7073a-9bb3-472d-af00-4ba03518b2d3: shutdown FollowerState
2019-10-04 11:32:17,998 [grpc-default-executor-1] INFO  impl.RoleInfo (RoleInfo.java:updateAndGet(143)) - 401cb6e3-6690-4cb7-98a8-b789ac85db21: start FollowerState
2019-10-04 11:32:17,998 [Thread-2341] INFO  impl.FollowerState (FollowerState.java:run(117)) - 23c7073a-9bb3-472d-af00-4ba03518b2d3@group-37659CD6685C-FollowerState was interrupted: java.lang.InterruptedException: sleep interrupted
2019-10-04 11:32:17,998 [grpc-default-executor-6] INFO  impl.RoleInfo (RoleInfo.java:updateAndGet(143)) - 23c7073a-9bb3-472d-af00-4ba03518b2d3: start FollowerState
2019-10-04 11:32:17,998 [Thread-2337] INFO  impl.FollowerState (FollowerState.java:run(117)) - 401cb6e3-6690-4cb7-98a8-b789ac85db21@group-37659CD6685C-FollowerState was interrupted: java.lang.InterruptedException: sleep interrupted
2019-10-04 11:32:18,018 [dd3a57bf-582b-444c-bc9b-ae19d3f4f84e@group-37659CD6685C-LeaderElection56] INFO  impl.LeaderElection (LeaderElection.java:logAndReturn(56)) - dd3a57bf-582b-444c-bc9b-ae19d3f4f84e@group-37659CD6685C-LeaderElection56: Election PASSED; received 1 response(s) [dd3a57bf-582b-444c-bc9b-ae19d3f4f84e<-23c7073a-9bb3-472d-af00-4ba03518b2d3#0:OK-t1] and 0 exception(s); dd3a57bf-582b-444c-bc9b-ae19d3f4f84e@group-37659CD6685C:t1, leader=null, voted=dd3a57bf-582b-444c-bc9b-ae19d3f4f84e, raftlog=dd3a57bf-582b-444c-bc9b-ae19d3f4f84e@group-37659CD6685C-SegmentedRaftLog:OPENED:c-1,f-1,i0, conf=-1: [401cb6e3-6690-4cb7-98a8-b789ac85db21:192.168.151.72:46071, 23c7073a-9bb3-472d-af00-4ba03518b2d3:192.168.151.72:34299, dd3a57bf-582b-444c-bc9b-ae19d3f4f84e:192.168.151.72:42510], old=null
2019-10-04 11:32:18,018 [dd3a57bf-582b-444c-bc9b-ae19d3f4f84e@group-37659CD6685C-LeaderElection56] INFO  impl.RoleInfo (RoleInfo.java:shutdownLeaderElection(134)) - dd3a57bf-582b-444c-bc9b-ae19d3f4f84e: shutdown LeaderElection
2019-10-04 11:32:18,018 [dd3a57bf-582b-444c-bc9b-ae19d3f4f84e@group-37659CD6685C-LeaderElection56] INFO  impl.RaftServerImpl (RaftServerImpl.java:setRole(170)) - dd3a57bf-582b-444c-bc9b-ae19d3f4f84e@group-37659CD6685C: changes role from CANDIDATE to LEADER at term 1 for changeToLeader
2019-10-04 11:32:18,019 [dd3a57bf-582b-444c-bc9b-ae19d3f4f84e@group-37659CD6685C-LeaderElection56] INFO  impl.RaftServerImpl (ServerState.java:setLeader(255)) - dd3a57bf-582b-444c-bc9b-ae19d3f4f84e@group-37659CD6685C: change Leader from null to dd3a57bf-582b-444c-bc9b-ae19d3f4f84e at term 1 for becomeLeader, leader elected after 5129ms
2019-10-04 11:32:18,019 [dd3a57bf-582b-444c-bc9b-ae19d3f4f84e@group-37659CD6685C-LeaderElection56] INFO  server.RaftServerConfigKeys (ConfUtils.java:logGet(43)) - raft.server.staging.catchup.gap = 1000 (default)
2019-10-04 11:32:18,019 [dd3a57bf-582b-444c-bc9b-ae19d3f4f84e@group-37659CD6685C-LeaderElection56] INFO  server.RaftServerConfigKeys (ConfUtils.java:logGet(43)) - raft.server.rpc.sleep.time = 25ms (default)
2019-10-04 11:32:18,019 [dd3a57bf-582b-444c-bc9b-ae19d3f4f84e@group-37659CD6685C-LeaderElection56] INFO  server.RaftServerConfigKeys (ConfUtils.java:logGet(43)) - raft.server.write.element-limit = 4096 (default)
2019-10-04 11:32:18,019 [dd3a57bf-582b-444c-bc9b-ae19d3f4f84e@group-37659CD6685C-LeaderElection56] INFO  server.RaftServerConfigKeys (ConfUtils.java:logGet(43)) - raft.server.watch.timeout = 10s (default)
2019-10-04 11:32:18,019 [dd3a57bf-582b-444c-bc9b-ae19d3f4f84e@group-37659CD6685C-LeaderElection56] INFO  server.RaftServerConfigKeys (ConfUtils.java:logGet(43)) - raft.server.watch.timeout.denomination = 1s (default)
2019-10-04 11:32:18,019 [dd3a57bf-582b-444c-bc9b-ae19d3f4f84e@group-37659CD6685C-LeaderElection56] INFO  server.RaftServerConfigKeys (ConfUtils.java:logGet(43)) - raft.server.watch.element-limit = 65536 (default)
2019-10-04 11:32:18,022 [dd3a57bf-582b-444c-bc9b-ae19d3f4f84e@group-37659CD6685C-LeaderElection56] INFO  server.RaftServerConfigKeys (ConfUtils.java:logGet(43)) - raft.server.log.appender.snapshot.chunk.size.max = 16MB (=16777216) (default)
2019-10-04 11:32:18,022 [dd3a57bf-582b-444c-bc9b-ae19d3f4f84e@group-37659CD6685C-LeaderElection56] INFO  server.RaftServerConfigKeys (ConfUtils.java:logGet(43)) - raft.server.log.appender.buffer.byte-limit = 33554432 (custom)
2019-10-04 11:32:18,022 [dd3a57bf-582b-444c-bc9b-ae19d3f4f84e@group-37659CD6685C-LeaderElection56] INFO  server.RaftServerConfigKeys (ConfUtils.java:logGet(43)) - raft.server.log.appender.buffer.element-limit = 1 (custom)
2019-10-04 11:32:18,022 [dd3a57bf-582b-444c-bc9b-ae19d3f4f84e@group-37659CD6685C-LeaderElection56] INFO  grpc.GrpcConfigKeys$Server (ConfUtils.java:logGet(43)) - raft.grpc.server.leader.outstanding.appends.max = 128 (default)
2019-10-04 11:32:18,022 [dd3a57bf-582b-444c-bc9b-ae19d3f4f84e@group-37659CD6685C-LeaderElection56] INFO  server.RaftServerConfigKeys (ConfUtils.java:logGet(43)) - raft.server.rpc.request.timeout = 3000ms (default)
2019-10-04 11:32:18,022 [dd3a57bf-582b-444c-bc9b-ae19d3f4f84e@group-37659CD6685C-LeaderElection56] INFO  server.RaftServerConfigKeys (ConfUtils.java:logGet(43)) - raft.server.log.appender.install.snapshot.enabled = false (custom)
2019-10-04 11:32:18,023 [dd3a57bf-582b-444c-bc9b-ae19d3f4f84e@group-37659CD6685C-LeaderElection56] INFO  server.RaftServerConfigKeys (ConfUtils.java:logGet(43)) - raft.server.log.appender.snapshot.chunk.size.max = 16MB (=16777216) (default)
2019-10-04 11:32:18,023 [dd3a57bf-582b-444c-bc9b-ae19d3f4f84e@group-37659CD6685C-LeaderElection56] INFO  server.RaftServerConfigKeys (ConfUtils.java:logGet(43)) - raft.server.log.appender.buffer.byte-limit = 33554432 (custom)
2019-10-04 11:32:18,023 [dd3a57bf-582b-444c-bc9b-ae19d3f4f84e@group-37659CD6685C-LeaderElection56] INFO  server.RaftServerConfigKeys (ConfUtils.java:logGet(43)) - raft.server.log.appender.buffer.element-limit = 1 (custom)
2019-10-04 11:32:18,023 [dd3a57bf-582b-444c-bc9b-ae19d3f4f84e@group-37659CD6685C-LeaderElection56] INFO  grpc.GrpcConfigKeys$Server (ConfUtils.java:logGet(43)) - raft.grpc.server.leader.outstanding.appends.max = 128 (default)
2019-10-04 11:32:18,023 [dd3a57bf-582b-444c-bc9b-ae19d3f4f84e@group-37659CD6685C-LeaderElection56] INFO  server.RaftServerConfigKeys (ConfUtils.java:logGet(43)) - raft.server.rpc.request.timeout = 3000ms (default)
2019-10-04 11:32:18,023 [dd3a57bf-582b-444c-bc9b-ae19d3f4f84e@group-37659CD6685C-LeaderElection56] INFO  server.RaftServerConfigKeys (ConfUtils.java:logGet(43)) - raft.server.log.appender.install.snapshot.enabled = false (custom)
2019-10-04 11:32:18,023 [dd3a57bf-582b-444c-bc9b-ae19d3f4f84e@group-37659CD6685C-LeaderElection56] INFO  impl.RoleInfo (RoleInfo.java:updateAndGet(143)) - dd3a57bf-582b-444c-bc9b-ae19d3f4f84e: start LeaderState
2019-10-04 11:32:18,024 [dd3a57bf-582b-444c-bc9b-ae19d3f4f84e@group-37659CD6685C-LeaderElection56] INFO  segmented.SegmentedRaftLogWorker (SegmentedRaftLogWorker.java:startLogSegment(385)) - dd3a57bf-582b-444c-bc9b-ae19d3f4f84e@group-37659CD6685C-SegmentedRaftLogWorker: Starting segment from index:0
2019-10-04 11:32:18,024 [dd3a57bf-582b-444c-bc9b-ae19d3f4f84e@group-37659CD6685C-LeaderElection56] INFO  impl.RaftServerImpl (ServerState.java:setRaftConf(356)) - dd3a57bf-582b-444c-bc9b-ae19d3f4f84e@group-37659CD6685C: set configuration 0: [401cb6e3-6690-4cb7-98a8-b789ac85db21:192.168.151.72:46071, 23c7073a-9bb3-472d-af00-4ba03518b2d3:192.168.151.72:34299, dd3a57bf-582b-444c-bc9b-ae19d3f4f84e:192.168.151.72:42510], old=null at 0
2019-10-04 11:32:18,052 [grpc-default-executor-1] INFO  impl.RaftServerImpl (ServerState.java:setLeader(255)) - 401cb6e3-6690-4cb7-98a8-b789ac85db21@group-37659CD6685C: change Leader from null to dd3a57bf-582b-444c-bc9b-ae19d3f4f84e at term 1 for appendEntries, leader elected after 5163ms
2019-10-04 11:32:18,055 [dd3a57bf-582b-444c-bc9b-ae19d3f4f84e@group-37659CD6685C-SegmentedRaftLogWorker] INFO  segmented.SegmentedRaftLogWorker (SegmentedRaftLogWorker.java:execute(574)) - dd3a57bf-582b-444c-bc9b-ae19d3f4f84e@group-37659CD6685C-SegmentedRaftLogWorker: created new log segment /workdir/hadoop-ozone/integration-test/target/test-dir/MiniOzoneClusterImpl-9d12ad6e-bf5e-478e-b9e0-f850324b2238/datanode-2/data/ratis/aff3c75b-9acc-4940-9c5f-37659cd6685c/current/log_inprogress_0
2019-10-04 11:32:18,055 [grpc-default-executor-6] INFO  impl.RaftServerImpl (ServerState.java:setLeader(255)) - 23c7073a-9bb3-472d-af00-4ba03518b2d3@group-37659CD6685C: change Leader from null to dd3a57bf-582b-444c-bc9b-ae19d3f4f84e at term 1 for appendEntries, leader elected after 5166ms
2019-10-04 11:32:18,061 [grpc-default-executor-1] INFO  impl.RaftServerImpl (ServerState.java:setRaftConf(356)) - 23c7073a-9bb3-472d-af00-4ba03518b2d3@group-37659CD6685C: set configuration 0: [401cb6e3-6690-4cb7-98a8-b789ac85db21:192.168.151.72:46071, 23c7073a-9bb3-472d-af00-4ba03518b2d3:192.168.151.72:34299, dd3a57bf-582b-444c-bc9b-ae19d3f4f84e:192.168.151.72:42510], old=null at 0
2019-10-04 11:32:18,061 [grpc-default-executor-6] INFO  impl.RaftServerImpl (ServerState.java:setRaftConf(356)) - 401cb6e3-6690-4cb7-98a8-b789ac85db21@group-37659CD6685C: set configuration 0: [401cb6e3-6690-4cb7-98a8-b789ac85db21:192.168.151.72:46071, 23c7073a-9bb3-472d-af00-4ba03518b2d3:192.168.151.72:34299, dd3a57bf-582b-444c-bc9b-ae19d3f4f84e:192.168.151.72:42510], old=null at 0
2019-10-04 11:32:18,061 [grpc-default-executor-1] INFO  segmented.SegmentedRaftLogWorker (SegmentedRaftLogWorker.java:startLogSegment(385)) - 23c7073a-9bb3-472d-af00-4ba03518b2d3@group-37659CD6685C-SegmentedRaftLogWorker: Starting segment from index:0
2019-10-04 11:32:18,061 [grpc-default-executor-6] INFO  segmented.SegmentedRaftLogWorker (SegmentedRaftLogWorker.java:startLogSegment(385)) - 401cb6e3-6690-4cb7-98a8-b789ac85db21@group-37659CD6685C-SegmentedRaftLogWorker: Starting segment from index:0
2019-10-04 11:32:18,063 [Thread-2351] INFO  impl.FollowerState (FollowerState.java:run(108)) - 00980214-f4a8-4bd8-82ed-2e6d40bccf18@group-0260F2C7DD64-FollowerState: change to CANDIDATE, lastRpcTime:5080ms, electionTimeout:5080ms
2019-10-04 11:32:18,063 [Thread-2351] INFO  impl.RoleInfo (RoleInfo.java:shutdownFollowerState(121)) - 00980214-f4a8-4bd8-82ed-2e6d40bccf18: shutdown FollowerState
2019-10-04 11:32:18,063 [Thread-2351] INFO  impl.RaftServerImpl (RaftServerImpl.java:setRole(170)) - 00980214-f4a8-4bd8-82ed-2e6d40bccf18@group-0260F2C7DD64: changes role from  FOLLOWER to CANDIDATE at term 0 for changeToCandidate
2019-10-04 11:32:18,063 [Thread-2351] INFO  impl.RoleInfo (RoleInfo.java:updateAndGet(143)) - 00980214-f4a8-4bd8-82ed-2e6d40bccf18: start LeaderElection
2019-10-04 11:32:18,113 [401cb6e3-6690-4cb7-98a8-b789ac85db21@group-37659CD6685C-SegmentedRaftLogWorker] INFO  segmented.SegmentedRaftLogWorker (SegmentedRaftLogWorker.java:execute(574)) - 401cb6e3-6690-4cb7-98a8-b789ac85db21@group-37659CD6685C-SegmentedRaftLogWorker: created new log segment /workdir/hadoop-ozone/integration-test/target/test-dir/MiniOzoneClusterImpl-9d12ad6e-bf5e-478e-b9e0-f850324b2238/datanode-0/data/ratis/aff3c75b-9acc-4940-9c5f-37659cd6685c/current/log_inprogress_0
2019-10-04 11:32:18,113 [00980214-f4a8-4bd8-82ed-2e6d40bccf18@group-0260F2C7DD64-LeaderElection57] INFO  impl.LeaderElection (LeaderElection.java:askForVotes(178)) - 00980214-f4a8-4bd8-82ed-2e6d40bccf18@group-0260F2C7DD64-LeaderElection57: begin an election at term 1 for -1: [f450d9fe-5139-49a3-9750-424d4ee3d991:192.168.151.72:42005, 44900e5a-4b64-4e71-aabc-568431e4f44d:192.168.151.72:35330, 00980214-f4a8-4bd8-82ed-2e6d40bccf18:192.168.151.72:44027], old=null
2019-10-04 11:32:18,113 [23c7073a-9bb3-472d-af00-4ba03518b2d3@group-37659CD6685C-SegmentedRaftLogWorker] INFO  segmented.SegmentedRaftLogWorker (SegmentedRaftLogWorker.java:execute(574)) - 23c7073a-9bb3-472d-af00-4ba03518b2d3@group-37659CD6685C-SegmentedRaftLogWorker: created new log segment /workdir/hadoop-ozone/integration-test/target/test-dir/MiniOzoneClusterImpl-9d12ad6e-bf5e-478e-b9e0-f850324b2238/datanode-3/data/ratis/aff3c75b-9acc-4940-9c5f-37659cd6685c/current/log_inprogress_0
2019-10-04 11:32:18,147 [Thread-2358] INFO  impl.FollowerState (FollowerState.java:run(108)) - 00980214-f4a8-4bd8-82ed-2e6d40bccf18@group-858E84619E85-FollowerState: change to CANDIDATE, lastRpcTime:5054ms, electionTimeout:5050ms
2019-10-04 11:32:18,150 [grpc-default-executor-1] INFO  impl.RaftServerImpl (RaftServerImpl.java:setRole(170)) - 44900e5a-4b64-4e71-aabc-568431e4f44d@group-0260F2C7DD64: changes role from  FOLLOWER to FOLLOWER at term 1 for recognizeCandidate:00980214-f4a8-4bd8-82ed-2e6d40bccf18
2019-10-04 11:32:18,153 [Thread-2358] INFO  impl.RoleInfo (RoleInfo.java:shutdownFollowerState(121)) - 00980214-f4a8-4bd8-82ed-2e6d40bccf18: shutdown FollowerState
2019-10-04 11:32:18,153 [grpc-default-executor-1] INFO  impl.RoleInfo (RoleInfo.java:shutdownFollowerState(121)) - 44900e5a-4b64-4e71-aabc-568431e4f44d: shutdown FollowerState
2019-10-04 11:32:18,153 [Thread-2358] INFO  impl.RaftServerImpl (RaftServerImpl.java:setRole(170)) - 00980214-f4a8-4bd8-82ed-2e6d40bccf18@group-858E84619E85: changes role from  FOLLOWER to CANDIDATE at term 0 for changeToCandidate
2019-10-04 11:32:18,156 [Thread-2350] INFO  impl.FollowerState (FollowerState.java:run(108)) - f450d9fe-5139-49a3-9750-424d4ee3d991@group-0260F2C7DD64-FollowerState: change to CANDIDATE, lastRpcTime:5174ms, electionTimeout:5174ms
2019-10-04 11:32:18,158 [grpc-default-executor-1] INFO  impl.RoleInfo (RoleInfo.java:updateAndGet(143)) - 44900e5a-4b64-4e71-aabc-568431e4f44d: start FollowerState
2019-10-04 11:32:18,159 [Thread-2358] INFO  impl.RoleInfo (RoleInfo.java:updateAndGet(143)) - 00980214-f4a8-4bd8-82ed-2e6d40bccf18: start LeaderElection
2019-10-04 11:32:18,159 [Thread-2350] INFO  impl.RoleInfo (RoleInfo.java:shutdownFollowerState(121)) - f450d9fe-5139-49a3-9750-424d4ee3d991: shutdown FollowerState
2019-10-04 11:32:18,164 [Thread-2350] INFO  impl.RaftServerImpl (RaftServerImpl.java:setRole(170)) - f450d9fe-5139-49a3-9750-424d4ee3d991@group-0260F2C7DD64: changes role from  FOLLOWER to CANDIDATE at term 0 for changeToCandidate
2019-10-04 11:32:18,165 [Thread-2350] INFO  impl.RoleInfo (RoleInfo.java:updateAndGet(143)) - f450d9fe-5139-49a3-9750-424d4ee3d991: start LeaderElection
2019-10-04 11:32:18,168 [grpc-default-executor-6] INFO  impl.RaftServerImpl (RaftServerImpl.java:setRole(170)) - f450d9fe-5139-49a3-9750-424d4ee3d991@group-0260F2C7DD64: changes role from CANDIDATE to FOLLOWER at term 1 for recognizeCandidate:00980214-f4a8-4bd8-82ed-2e6d40bccf18
2019-10-04 11:32:18,168 [grpc-default-executor-6] INFO  impl.RoleInfo (RoleInfo.java:shutdownLeaderElection(134)) - f450d9fe-5139-49a3-9750-424d4ee3d991: shutdown LeaderElection
2019-10-04 11:32:18,168 [grpc-default-executor-6] INFO  impl.RoleInfo (RoleInfo.java:updateAndGet(143)) - f450d9fe-5139-49a3-9750-424d4ee3d991: start FollowerState
2019-10-04 11:32:18,178 [00980214-f4a8-4bd8-82ed-2e6d40bccf18@group-858E84619E85-LeaderElection58] INFO  impl.LeaderElection (LeaderElection.java:askForVotes(178)) - 00980214-f4a8-4bd8-82ed-2e6d40bccf18@group-858E84619E85-LeaderElection58: begin an election at term 1 for -1: [00980214-f4a8-4bd8-82ed-2e6d40bccf18:192.168.151.72:44027], old=null
2019-10-04 11:32:18,181 [00980214-f4a8-4bd8-82ed-2e6d40bccf18@group-858E84619E85-LeaderElection58] INFO  impl.RoleInfo (RoleInfo.java:shutdownLeaderElection(134)) - 00980214-f4a8-4bd8-82ed-2e6d40bccf18: shutdown LeaderElection
2019-10-04 11:32:18,181 [00980214-f4a8-4bd8-82ed-2e6d40bccf18@group-858E84619E85-LeaderElection58] INFO  impl.RaftServerImpl (RaftServerImpl.java:setRole(170)) - 00980214-f4a8-4bd8-82ed-2e6d40bccf18@group-858E84619E85: changes role from CANDIDATE to LEADER at term 1 for changeToLeader
2019-10-04 11:32:18,181 [00980214-f4a8-4bd8-82ed-2e6d40bccf18@group-858E84619E85-LeaderElection58] INFO  impl.RaftServerImpl (ServerState.java:setLeader(255)) - 00980214-f4a8-4bd8-82ed-2e6d40bccf18@group-858E84619E85: change Leader from null to 00980214-f4a8-4bd8-82ed-2e6d40bccf18 at term 1 for becomeLeader, leader elected after 5093ms
2019-10-04 11:32:18,181 [00980214-f4a8-4bd8-82ed-2e6d40bccf18@group-858E84619E85-LeaderElection58] INFO  server.RaftServerConfigKeys (ConfUtils.java:logGet(43)) - raft.server.staging.catchup.gap = 1000 (default)
2019-10-04 11:32:18,182 [00980214-f4a8-4bd8-82ed-2e6d40bccf18@group-858E84619E85-LeaderElection58] INFO  server.RaftServerConfigKeys (ConfUtils.java:logGet(43)) - raft.server.rpc.sleep.time = 25ms (default)
2019-10-04 11:32:18,182 [00980214-f4a8-4bd8-82ed-2e6d40bccf18@group-0260F2C7DD64-LeaderElection57] INFO  impl.LeaderElection (LeaderElection.java:logAndReturn(56)) - 00980214-f4a8-4bd8-82ed-2e6d40bccf18@group-0260F2C7DD64-LeaderElection57: Election PASSED; received 1 response(s) [00980214-f4a8-4bd8-82ed-2e6d40bccf18<-44900e5a-4b64-4e71-aabc-568431e4f44d#0:OK-t1] and 0 exception(s); 00980214-f4a8-4bd8-82ed-2e6d40bccf18@group-0260F2C7DD64:t1, leader=null, voted=00980214-f4a8-4bd8-82ed-2e6d40bccf18, raftlog=00980214-f4a8-4bd8-82ed-2e6d40bccf18@group-0260F2C7DD64-SegmentedRaftLog:OPENED:c-1,f-1,i0, conf=-1: [f450d9fe-5139-49a3-9750-424d4ee3d991:192.168.151.72:42005, 44900e5a-4b64-4e71-aabc-568431e4f44d:192.168.151.72:35330, 00980214-f4a8-4bd8-82ed-2e6d40bccf18:192.168.151.72:44027], old=null
2019-10-04 11:32:18,182 [00980214-f4a8-4bd8-82ed-2e6d40bccf18@group-858E84619E85-LeaderElection58] INFO  server.RaftServerConfigKeys (ConfUtils.java:logGet(43)) - raft.server.write.element-limit = 4096 (default)
2019-10-04 11:32:18,182 [00980214-f4a8-4bd8-82ed-2e6d40bccf18@group-0260F2C7DD64-LeaderElection57] INFO  impl.RoleInfo (RoleInfo.java:shutdownLeaderElection(134)) - 00980214-f4a8-4bd8-82ed-2e6d40bccf18: shutdown LeaderElection
2019-10-04 11:32:18,182 [00980214-f4a8-4bd8-82ed-2e6d40bccf18@group-858E84619E85-LeaderElection58] INFO  server.RaftServerConfigKeys (ConfUtils.java:logGet(43)) - raft.server.watch.timeout = 10s (default)
2019-10-04 11:32:18,185 [00980214-f4a8-4bd8-82ed-2e6d40bccf18@group-0260F2C7DD64-LeaderElection57] INFO  impl.RaftServerImpl (RaftServerImpl.java:setRole(170)) - 00980214-f4a8-4bd8-82ed-2e6d40bccf18@group-0260F2C7DD64: changes role from CANDIDATE to LEADER at term 1 for changeToLeader
2019-10-04 11:32:18,185 [00980214-f4a8-4bd8-82ed-2e6d40bccf18@group-858E84619E85-LeaderElection58] INFO  server.RaftServerConfigKeys (ConfUtils.java:logGet(43)) - raft.server.watch.timeout.denomination = 1s (default)
2019-10-04 11:32:18,186 [00980214-f4a8-4bd8-82ed-2e6d40bccf18@group-0260F2C7DD64-LeaderElection57] INFO  impl.RaftServerImpl (ServerState.java:setLeader(255)) - 00980214-f4a8-4bd8-82ed-2e6d40bccf18@group-0260F2C7DD64: change Leader from null to 00980214-f4a8-4bd8-82ed-2e6d40bccf18 at term 1 for becomeLeader, leader elected after 5215ms
2019-10-04 11:32:18,186 [00980214-f4a8-4bd8-82ed-2e6d40bccf18@group-858E84619E85-LeaderElection58] INFO  server.RaftServerConfigKeys (ConfUtils.java:logGet(43)) - raft.server.watch.element-limit = 65536 (default)
2019-10-04 11:32:18,186 [00980214-f4a8-4bd8-82ed-2e6d40bccf18@group-0260F2C7DD64-LeaderElection57] INFO  server.RaftServerConfigKeys (ConfUtils.java:logGet(43)) - raft.server.staging.catchup.gap = 1000 (default)
2019-10-04 11:32:18,186 [00980214-f4a8-4bd8-82ed-2e6d40bccf18@group-0260F2C7DD64-LeaderElection57] INFO  server.RaftServerConfigKeys (ConfUtils.java:logGet(43)) - raft.server.rpc.sleep.time = 25ms (default)
2019-10-04 11:32:18,187 [00980214-f4a8-4bd8-82ed-2e6d40bccf18@group-0260F2C7DD64-LeaderElection57] INFO  server.RaftServerConfigKeys (ConfUtils.java:logGet(43)) - raft.server.write.element-limit = 4096 (default)
2019-10-04 11:32:18,187 [00980214-f4a8-4bd8-82ed-2e6d40bccf18@group-0260F2C7DD64-LeaderElection57] INFO  server.RaftServerConfigKeys (ConfUtils.java:logGet(43)) - raft.server.watch.timeout = 10s (default)
2019-10-04 11:32:18,187 [00980214-f4a8-4bd8-82ed-2e6d40bccf18@group-0260F2C7DD64-LeaderElection57] INFO  server.RaftServerConfigKeys (ConfUtils.java:logGet(43)) - raft.server.watch.timeout.denomination = 1s (default)
2019-10-04 11:32:18,188 [00980214-f4a8-4bd8-82ed-2e6d40bccf18@group-0260F2C7DD64-LeaderElection57] INFO  server.RaftServerConfigKeys (ConfUtils.java:logGet(43)) - raft.server.watch.element-limit = 65536 (default)
2019-10-04 11:32:18,188 [00980214-f4a8-4bd8-82ed-2e6d40bccf18@group-858E84619E85-LeaderElection58] INFO  impl.RoleInfo (RoleInfo.java:updateAndGet(143)) - 00980214-f4a8-4bd8-82ed-2e6d40bccf18: start LeaderState
2019-10-04 11:32:18,189 [00980214-f4a8-4bd8-82ed-2e6d40bccf18@group-858E84619E85-LeaderElection58] INFO  segmented.SegmentedRaftLogWorker (SegmentedRaftLogWorker.java:startLogSegment(385)) - 00980214-f4a8-4bd8-82ed-2e6d40bccf18@group-858E84619E85-SegmentedRaftLogWorker: Starting segment from index:0
2019-10-04 11:32:18,189 [00980214-f4a8-4bd8-82ed-2e6d40bccf18@group-858E84619E85-LeaderElection58] INFO  impl.RaftServerImpl (ServerState.java:setRaftConf(356)) - 00980214-f4a8-4bd8-82ed-2e6d40bccf18@group-858E84619E85: set configuration 0: [00980214-f4a8-4bd8-82ed-2e6d40bccf18:192.168.151.72:44027], old=null at 0
2019-10-04 11:32:18,191 [00980214-f4a8-4bd8-82ed-2e6d40bccf18@group-0260F2C7DD64-LeaderElection57] INFO  server.RaftServerConfigKeys (ConfUtils.java:logGet(43)) - raft.server.log.appender.snapshot.chunk.size.max = 16MB (=16777216) (default)
2019-10-04 11:32:18,191 [00980214-f4a8-4bd8-82ed-2e6d40bccf18@group-0260F2C7DD64-LeaderElection57] INFO  server.RaftServerConfigKeys (ConfUtils.java:logGet(43)) - raft.server.log.appender.buffer.byte-limit = 33554432 (custom)
2019-10-04 11:32:18,191 [00980214-f4a8-4bd8-82ed-2e6d40bccf18@group-0260F2C7DD64-LeaderElection57] INFO  server.RaftServerConfigKeys (ConfUtils.java:logGet(43)) - raft.server.log.appender.buffer.element-limit = 1 (custom)
2019-10-04 11:32:18,192 [00980214-f4a8-4bd8-82ed-2e6d40bccf18@group-0260F2C7DD64-LeaderElection57] INFO  grpc.GrpcConfigKeys$Server (ConfUtils.java:logGet(43)) - raft.grpc.server.leader.outstanding.appends.max = 128 (default)
2019-10-04 11:32:18,192 [00980214-f4a8-4bd8-82ed-2e6d40bccf18@group-0260F2C7DD64-LeaderElection57] INFO  server.RaftServerConfigKeys (ConfUtils.java:logGet(43)) - raft.server.rpc.request.timeout = 3000ms (default)
2019-10-04 11:32:18,192 [00980214-f4a8-4bd8-82ed-2e6d40bccf18@group-0260F2C7DD64-LeaderElection57] INFO  server.RaftServerConfigKeys (ConfUtils.java:logGet(43)) - raft.server.log.appender.install.snapshot.enabled = false (custom)
2019-10-04 11:32:18,192 [00980214-f4a8-4bd8-82ed-2e6d40bccf18@group-0260F2C7DD64-LeaderElection57] INFO  server.RaftServerConfigKeys (ConfUtils.java:logGet(43)) - raft.server.log.appender.snapshot.chunk.size.max = 16MB (=16777216) (default)
2019-10-04 11:32:18,193 [00980214-f4a8-4bd8-82ed-2e6d40bccf18@group-0260F2C7DD64-LeaderElection57] INFO  server.RaftServerConfigKeys (ConfUtils.java:logGet(43)) - raft.server.log.appender.buffer.byte-limit = 33554432 (custom)
2019-10-04 11:32:18,193 [00980214-f4a8-4bd8-82ed-2e6d40bccf18@group-0260F2C7DD64-LeaderElection57] INFO  server.RaftServerConfigKeys (ConfUtils.java:logGet(43)) - raft.server.log.appender.buffer.element-limit = 1 (custom)
2019-10-04 11:32:18,193 [00980214-f4a8-4bd8-82ed-2e6d40bccf18@group-0260F2C7DD64-LeaderElection57] INFO  grpc.GrpcConfigKeys$Server (ConfUtils.java:logGet(43)) - raft.grpc.server.leader.outstanding.appends.max = 128 (default)
2019-10-04 11:32:18,193 [00980214-f4a8-4bd8-82ed-2e6d40bccf18@group-0260F2C7DD64-LeaderElection57] INFO  server.RaftServerConfigKeys (ConfUtils.java:logGet(43)) - raft.server.rpc.request.timeout = 3000ms (default)
2019-10-04 11:32:18,194 [00980214-f4a8-4bd8-82ed-2e6d40bccf18@group-0260F2C7DD64-LeaderElection57] INFO  server.RaftServerConfigKeys (ConfUtils.java:logGet(43)) - raft.server.log.appender.install.snapshot.enabled = false (custom)
2019-10-04 11:32:18,194 [00980214-f4a8-4bd8-82ed-2e6d40bccf18@group-0260F2C7DD64-LeaderElection57] INFO  impl.RoleInfo (RoleInfo.java:updateAndGet(143)) - 00980214-f4a8-4bd8-82ed-2e6d40bccf18: start LeaderState
2019-10-04 11:32:18,194 [00980214-f4a8-4bd8-82ed-2e6d40bccf18@group-0260F2C7DD64-LeaderElection57] INFO  segmented.SegmentedRaftLogWorker (SegmentedRaftLogWorker.java:startLogSegment(385)) - 00980214-f4a8-4bd8-82ed-2e6d40bccf18@group-0260F2C7DD64-SegmentedRaftLogWorker: Starting segment from index:0
2019-10-04 11:32:18,195 [f450d9fe-5139-49a3-9750-424d4ee3d991@group-0260F2C7DD64-LeaderElection59] INFO  impl.LeaderElection (LeaderElection.java:askForVotes(178)) - f450d9fe-5139-49a3-9750-424d4ee3d991@group-0260F2C7DD64-LeaderElection59: begin an election at term 2 for -1: [f450d9fe-5139-49a3-9750-424d4ee3d991:192.168.151.72:42005, 44900e5a-4b64-4e71-aabc-568431e4f44d:192.168.151.72:35330, 00980214-f4a8-4bd8-82ed-2e6d40bccf18:192.168.151.72:44027], old=null
2019-10-04 11:32:18,196 [00980214-f4a8-4bd8-82ed-2e6d40bccf18@group-0260F2C7DD64-LeaderElection57] INFO  impl.RaftServerImpl (ServerState.java:setRaftConf(356)) - 00980214-f4a8-4bd8-82ed-2e6d40bccf18@group-0260F2C7DD64: set configuration 0: [f450d9fe-5139-49a3-9750-424d4ee3d991:192.168.151.72:42005, 44900e5a-4b64-4e71-aabc-568431e4f44d:192.168.151.72:35330, 00980214-f4a8-4bd8-82ed-2e6d40bccf18:192.168.151.72:44027], old=null at 0
2019-10-04 11:32:18,196 [f450d9fe-5139-49a3-9750-424d4ee3d991@group-0260F2C7DD64-LeaderElection59] INFO  impl.LeaderElection (LeaderElection.java:logAndReturn(56)) - f450d9fe-5139-49a3-9750-424d4ee3d991@group-0260F2C7DD64-LeaderElection59: Election REJECTED; received 0 response(s) [] and 0 exception(s); f450d9fe-5139-49a3-9750-424d4ee3d991@group-0260F2C7DD64:t2, leader=null, voted=f450d9fe-5139-49a3-9750-424d4ee3d991, raftlog=f450d9fe-5139-49a3-9750-424d4ee3d991@group-0260F2C7DD64-SegmentedRaftLog:OPENED:c-1,f-1,i0, conf=-1: [f450d9fe-5139-49a3-9750-424d4ee3d991:192.168.151.72:42005, 44900e5a-4b64-4e71-aabc-568431e4f44d:192.168.151.72:35330, 00980214-f4a8-4bd8-82ed-2e6d40bccf18:192.168.151.72:44027], old=null
2019-10-04 11:32:18,197 [grpc-default-executor-6] INFO  impl.RaftServerImpl (ServerState.java:setLeader(255)) - 44900e5a-4b64-4e71-aabc-568431e4f44d@group-0260F2C7DD64: change Leader from null to 00980214-f4a8-4bd8-82ed-2e6d40bccf18 at term 1 for appendEntries, leader elected after 5227ms
2019-10-04 11:32:18,198 [Thread-2409] INFO  impl.RaftServerImpl (ServerState.java:setLeader(255)) - 00980214-f4a8-4bd8-82ed-2e6d40bccf18@group-0260F2C7DD64: change Leader from 00980214-f4a8-4bd8-82ed-2e6d40bccf18 to null at term 2 for updateCurrentTerm
2019-10-04 11:32:18,233 [Thread-2355] INFO  impl.FollowerState (FollowerState.java:run(108)) - bf3e1c5b-d7a1-4981-8b88-16abbc1dac9d@group-6FE5C28E53F6-FollowerState: change to CANDIDATE, lastRpcTime:5192ms, electionTimeout:5188ms
2019-10-04 11:32:18,233 [Thread-2409] INFO  impl.RaftServerImpl (RaftServerImpl.java:setRole(170)) - 00980214-f4a8-4bd8-82ed-2e6d40bccf18@group-0260F2C7DD64: changes role from    LEADER to FOLLOWER at term 2 for stepDown
2019-10-04 11:32:18,233 [Thread-2355] INFO  impl.RoleInfo (RoleInfo.java:shutdownFollowerState(121)) - bf3e1c5b-d7a1-4981-8b88-16abbc1dac9d: shutdown FollowerState
2019-10-04 11:32:18,233 [Thread-2409] INFO  impl.RoleInfo (RoleInfo.java:shutdownLeaderState(104)) - 00980214-f4a8-4bd8-82ed-2e6d40bccf18: shutdown LeaderState
2019-10-04 11:32:18,233 [Thread-2355] INFO  impl.RaftServerImpl (RaftServerImpl.java:setRole(170)) - bf3e1c5b-d7a1-4981-8b88-16abbc1dac9d@group-6FE5C28E53F6: changes role from  FOLLOWER to CANDIDATE at term 0 for changeToCandidate
2019-10-04 11:32:18,237 [Thread-2409] INFO  impl.PendingRequests (PendingRequests.java:sendNotLeaderResponses(202)) - 00980214-f4a8-4bd8-82ed-2e6d40bccf18@group-0260F2C7DD64-PendingRequests: sendNotLeaderResponses
2019-10-04 11:32:18,237 [org.apache.ratis.server.impl.LogAppender$AppenderDaemon$$Lambda$450/270469055@6a9b85c0] WARN  server.GrpcLogAppender (GrpcLogAppender.java:mayWait(143)) - 00980214-f4a8-4bd8-82ed-2e6d40bccf18@group-0260F2C7DD64->44900e5a-4b64-4e71-aabc-568431e4f44d-GrpcLogAppender: Wait interrupted by java.lang.InterruptedException
2019-10-04 11:32:18,238 [org.apache.ratis.server.impl.LogAppender$AppenderDaemon$$Lambda$450/270469055@6fbe5cda] WARN  server.GrpcLogAppender (GrpcLogAppender.java:mayWait(143)) - 00980214-f4a8-4bd8-82ed-2e6d40bccf18@group-0260F2C7DD64->f450d9fe-5139-49a3-9750-424d4ee3d991-GrpcLogAppender: Wait interrupted by java.lang.InterruptedException
2019-10-04 11:32:18,238 [Thread-2355] INFO  impl.RoleInfo (RoleInfo.java:updateAndGet(143)) - bf3e1c5b-d7a1-4981-8b88-16abbc1dac9d: start LeaderElection
2019-10-04 11:32:18,238 [Thread-2409] INFO  impl.RoleInfo (RoleInfo.java:updateAndGet(143)) - 00980214-f4a8-4bd8-82ed-2e6d40bccf18: start FollowerState
2019-10-04 11:32:18,241 [grpc-default-executor-6] INFO  server.GrpcServerProtocolService (GrpcServerProtocolService.java:onCompleted(113)) - f450d9fe-5139-49a3-9750-424d4ee3d991: Completed APPEND_ENTRIES, lastRequest: 00980214-f4a8-4bd8-82ed-2e6d40bccf18->f450d9fe-5139-49a3-9750-424d4ee3d991#0-t1, previous=(t:0, i:0), leaderCommit=-1, initializing? false, entries: <empty>
2019-10-04 11:32:18,250 [grpc-default-executor-1] INFO  server.GrpcLogAppender (GrpcLogAppender.java:onCompleted(293)) - 00980214-f4a8-4bd8-82ed-2e6d40bccf18@group-0260F2C7DD64->f450d9fe-5139-49a3-9750-424d4ee3d991-AppendLogResponseHandler: follower responses appendEntries COMPLETED
2019-10-04 11:32:18,250 [grpc-default-executor-0] INFO  impl.RaftServerImpl (ServerState.java:setLeader(255)) - 44900e5a-4b64-4e71-aabc-568431e4f44d@group-0260F2C7DD64: change Leader from 00980214-f4a8-4bd8-82ed-2e6d40bccf18 to null at term 2 for updateCurrentTerm
2019-10-04 11:32:18,250 [grpc-default-executor-0] INFO  impl.RaftServerImpl (RaftServerImpl.java:setRole(170)) - 44900e5a-4b64-4e71-aabc-568431e4f44d@group-0260F2C7DD64: changes role from  FOLLOWER to FOLLOWER at term 2 for recognizeCandidate:f450d9fe-5139-49a3-9750-424d4ee3d991
2019-10-04 11:32:18,250 [grpc-default-executor-1] INFO  impl.FollowerInfo (FollowerInfo.java:lambda$new$0(51)) - 00980214-f4a8-4bd8-82ed-2e6d40bccf18@group-0260F2C7DD64->f450d9fe-5139-49a3-9750-424d4ee3d991: nextIndex: updateUnconditionally 0 -> 0
2019-10-04 11:32:18,251 [grpc-default-executor-8] INFO  server.GrpcServerProtocolService (GrpcServerProtocolService.java:onCompleted(113)) - 44900e5a-4b64-4e71-aabc-568431e4f44d: Completed APPEND_ENTRIES, lastRequest: 00980214-f4a8-4bd8-82ed-2e6d40bccf18->44900e5a-4b64-4e71-aabc-568431e4f44d#0-t1, previous=(t:0, i:0), leaderCommit=-1, initializing? false, entries: <empty>
2019-10-04 11:32:18,251 [grpc-default-executor-0] INFO  impl.RoleInfo (RoleInfo.java:shutdownFollowerState(121)) - 44900e5a-4b64-4e71-aabc-568431e4f44d: shutdown FollowerState
2019-10-04 11:32:18,255 [grpc-default-executor-8] INFO  server.GrpcLogAppender (GrpcLogAppender.java:onCompleted(293)) - 00980214-f4a8-4bd8-82ed-2e6d40bccf18@group-0260F2C7DD64->44900e5a-4b64-4e71-aabc-568431e4f44d-AppendLogResponseHandler: follower responses appendEntries COMPLETED
2019-10-04 11:32:18,253 [bf3e1c5b-d7a1-4981-8b88-16abbc1dac9d@group-6FE5C28E53F6-LeaderElection60] INFO  impl.LeaderElection (LeaderElection.java:askForVotes(178)) - bf3e1c5b-d7a1-4981-8b88-16abbc1dac9d@group-6FE5C28E53F6-LeaderElection60: begin an election at term 1 for -1: [bf3e1c5b-d7a1-4981-8b88-16abbc1dac9d:192.168.151.72:33463], old=null
2019-10-04 11:32:18,253 [grpc-default-executor-6] INFO  impl.RaftServerImpl (RaftServerImpl.java:setRole(170)) - 00980214-f4a8-4bd8-82ed-2e6d40bccf18@group-0260F2C7DD64: changes role from  FOLLOWER to FOLLOWER at term 2 for recognizeCandidate:f450d9fe-5139-49a3-9750-424d4ee3d991
2019-10-04 11:32:18,251 [00980214-f4a8-4bd8-82ed-2e6d40bccf18@group-0260F2C7DD64-SegmentedRaftLogWorker] INFO  segmented.SegmentedRaftLogWorker (SegmentedRaftLogWorker.java:execute(574)) - 00980214-f4a8-4bd8-82ed-2e6d40bccf18@group-0260F2C7DD64-SegmentedRaftLogWorker: created new log segment /workdir/hadoop-ozone/integration-test/target/test-dir/MiniOzoneClusterImpl-9d12ad6e-bf5e-478e-b9e0-f850324b2238/datanode-5/data/ratis/ccb35dda-24d9-428e-bc5e-0260f2c7dd64/current/log_inprogress_0
2019-10-04 11:32:18,251 [00980214-f4a8-4bd8-82ed-2e6d40bccf18@group-858E84619E85-SegmentedRaftLogWorker] INFO  segmented.SegmentedRaftLogWorker (SegmentedRaftLogWorker.java:execute(574)) - 00980214-f4a8-4bd8-82ed-2e6d40bccf18@group-858E84619E85-SegmentedRaftLogWorker: created new log segment /workdir/hadoop-ozone/integration-test/target/test-dir/MiniOzoneClusterImpl-9d12ad6e-bf5e-478e-b9e0-f850324b2238/datanode-5/data/ratis/90794d38-8b2c-4c53-b5f3-858e84619e85/current/log_inprogress_0
2019-10-04 11:32:18,256 [grpc-default-executor-8] INFO  impl.FollowerInfo (FollowerInfo.java:lambda$new$0(51)) - 00980214-f4a8-4bd8-82ed-2e6d40bccf18@group-0260F2C7DD64->44900e5a-4b64-4e71-aabc-568431e4f44d: nextIndex: updateUnconditionally 0 -> 0
2019-10-04 11:32:18,256 [grpc-default-executor-6] INFO  impl.RoleInfo (RoleInfo.java:shutdownFollowerState(121)) - 00980214-f4a8-4bd8-82ed-2e6d40bccf18: shutdown FollowerState
2019-10-04 11:32:18,256 [bf3e1c5b-d7a1-4981-8b88-16abbc1dac9d@group-6FE5C28E53F6-LeaderElection60] INFO  impl.RoleInfo (RoleInfo.java:shutdownLeaderElection(134)) - bf3e1c5b-d7a1-4981-8b88-16abbc1dac9d: shutdown LeaderElection
2019-10-04 11:32:18,255 [grpc-default-executor-0] INFO  impl.RoleInfo (RoleInfo.java:updateAndGet(143)) - 44900e5a-4b64-4e71-aabc-568431e4f44d: start FollowerState
2019-10-04 11:32:18,256 [Thread-2400] INFO  impl.FollowerState (FollowerState.java:run(117)) - 44900e5a-4b64-4e71-aabc-568431e4f44d@group-0260F2C7DD64-FollowerState was interrupted: java.lang.InterruptedException: sleep interrupted
2019-10-04 11:32:18,257 [bf3e1c5b-d7a1-4981-8b88-16abbc1dac9d@group-6FE5C28E53F6-LeaderElection60] INFO  impl.RaftServerImpl (RaftServerImpl.java:setRole(170)) - bf3e1c5b-d7a1-4981-8b88-16abbc1dac9d@group-6FE5C28E53F6: changes role from CANDIDATE to LEADER at term 1 for changeToLeader
2019-10-04 11:32:18,257 [Thread-2422] INFO  impl.FollowerState (FollowerState.java:run(117)) - 00980214-f4a8-4bd8-82ed-2e6d40bccf18@group-0260F2C7DD64-FollowerState was interrupted: java.lang.InterruptedException: sleep interrupted
2019-10-04 11:32:18,257 [grpc-default-executor-6] INFO  impl.RoleInfo (RoleInfo.java:updateAndGet(143)) - 00980214-f4a8-4bd8-82ed-2e6d40bccf18: start FollowerState
2019-10-04 11:32:18,260 [bf3e1c5b-d7a1-4981-8b88-16abbc1dac9d@group-6FE5C28E53F6-LeaderElection60] INFO  impl.RaftServerImpl (ServerState.java:setLeader(255)) - bf3e1c5b-d7a1-4981-8b88-16abbc1dac9d@group-6FE5C28E53F6: change Leader from null to bf3e1c5b-d7a1-4981-8b88-16abbc1dac9d at term 1 for becomeLeader, leader elected after 5225ms
2019-10-04 11:32:18,262 [bf3e1c5b-d7a1-4981-8b88-16abbc1dac9d@group-6FE5C28E53F6-LeaderElection60] INFO  server.RaftServerConfigKeys (ConfUtils.java:logGet(43)) - raft.server.staging.catchup.gap = 1000 (default)
2019-10-04 11:32:18,262 [bf3e1c5b-d7a1-4981-8b88-16abbc1dac9d@group-6FE5C28E53F6-LeaderElection60] INFO  server.RaftServerConfigKeys (ConfUtils.java:logGet(43)) - raft.server.rpc.sleep.time = 25ms (default)
2019-10-04 11:32:18,262 [bf3e1c5b-d7a1-4981-8b88-16abbc1dac9d@group-6FE5C28E53F6-LeaderElection60] INFO  server.RaftServerConfigKeys (ConfUtils.java:logGet(43)) - raft.server.write.element-limit = 4096 (default)
2019-10-04 11:32:18,262 [bf3e1c5b-d7a1-4981-8b88-16abbc1dac9d@group-6FE5C28E53F6-LeaderElection60] INFO  server.RaftServerConfigKeys (ConfUtils.java:logGet(43)) - raft.server.watch.timeout = 10s (default)
2019-10-04 11:32:18,262 [bf3e1c5b-d7a1-4981-8b88-16abbc1dac9d@group-6FE5C28E53F6-LeaderElection60] INFO  server.RaftServerConfigKeys (ConfUtils.java:logGet(43)) - raft.server.watch.timeout.denomination = 1s (default)
2019-10-04 11:32:18,262 [bf3e1c5b-d7a1-4981-8b88-16abbc1dac9d@group-6FE5C28E53F6-LeaderElection60] INFO  server.RaftServerConfigKeys (ConfUtils.java:logGet(43)) - raft.server.watch.element-limit = 65536 (default)
2019-10-04 11:32:18,264 [bf3e1c5b-d7a1-4981-8b88-16abbc1dac9d@group-6FE5C28E53F6-LeaderElection60] INFO  impl.RoleInfo (RoleInfo.java:updateAndGet(143)) - bf3e1c5b-d7a1-4981-8b88-16abbc1dac9d: start LeaderState
2019-10-04 11:32:18,264 [bf3e1c5b-d7a1-4981-8b88-16abbc1dac9d@group-6FE5C28E53F6-LeaderElection60] INFO  segmented.SegmentedRaftLogWorker (SegmentedRaftLogWorker.java:startLogSegment(385)) - bf3e1c5b-d7a1-4981-8b88-16abbc1dac9d@group-6FE5C28E53F6-SegmentedRaftLogWorker: Starting segment from index:0
2019-10-04 11:32:18,265 [bf3e1c5b-d7a1-4981-8b88-16abbc1dac9d@group-6FE5C28E53F6-LeaderElection60] INFO  impl.RaftServerImpl (ServerState.java:setRaftConf(356)) - bf3e1c5b-d7a1-4981-8b88-16abbc1dac9d@group-6FE5C28E53F6: set configuration 0: [bf3e1c5b-d7a1-4981-8b88-16abbc1dac9d:192.168.151.72:33463], old=null at 0
2019-10-04 11:32:18,305 [bf3e1c5b-d7a1-4981-8b88-16abbc1dac9d@group-6FE5C28E53F6-SegmentedRaftLogWorker] INFO  segmented.SegmentedRaftLogWorker (SegmentedRaftLogWorker.java:execute(574)) - bf3e1c5b-d7a1-4981-8b88-16abbc1dac9d@group-6FE5C28E53F6-SegmentedRaftLogWorker: created new log segment /workdir/hadoop-ozone/integration-test/target/test-dir/MiniOzoneClusterImpl-9d12ad6e-bf5e-478e-b9e0-f850324b2238/datanode-6/data/ratis/985b303f-90a5-4754-b31a-6fe5c28e53f6/current/log_inprogress_0
2019-10-04 11:32:18,309 [Thread-2361] INFO  impl.FollowerState (FollowerState.java:run(108)) - f450d9fe-5139-49a3-9750-424d4ee3d991@group-DEACD1AE04ED-FollowerState: change to CANDIDATE, lastRpcTime:5175ms, electionTimeout:5174ms
2019-10-04 11:32:18,309 [Datanode State Machine Thread - 0] INFO  statemachine.DatanodeStateMachine (DatanodeStateMachine.java:lambda$startDaemon$0(350)) - Ozone container server started.
2019-10-04 11:32:18,309 [Thread-2361] INFO  impl.RoleInfo (RoleInfo.java:shutdownFollowerState(121)) - f450d9fe-5139-49a3-9750-424d4ee3d991: shutdown FollowerState
2019-10-04 11:32:18,309 [Thread-2361] INFO  impl.RaftServerImpl (RaftServerImpl.java:setRole(170)) - f450d9fe-5139-49a3-9750-424d4ee3d991@group-DEACD1AE04ED: changes role from  FOLLOWER to CANDIDATE at term 0 for changeToCandidate
2019-10-04 11:32:18,309 [Thread-2361] INFO  impl.RoleInfo (RoleInfo.java:updateAndGet(143)) - f450d9fe-5139-49a3-9750-424d4ee3d991: start LeaderElection
2019-10-04 11:32:18,322 [f450d9fe-5139-49a3-9750-424d4ee3d991@group-DEACD1AE04ED-LeaderElection61] INFO  impl.LeaderElection (LeaderElection.java:askForVotes(178)) - f450d9fe-5139-49a3-9750-424d4ee3d991@group-DEACD1AE04ED-LeaderElection61: begin an election at term 1 for -1: [f450d9fe-5139-49a3-9750-424d4ee3d991:192.168.151.72:42005], old=null
2019-10-04 11:32:18,322 [f450d9fe-5139-49a3-9750-424d4ee3d991@group-DEACD1AE04ED-LeaderElection61] INFO  impl.RoleInfo (RoleInfo.java:shutdownLeaderElection(134)) - f450d9fe-5139-49a3-9750-424d4ee3d991: shutdown LeaderElection
2019-10-04 11:32:18,322 [f450d9fe-5139-49a3-9750-424d4ee3d991@group-DEACD1AE04ED-LeaderElection61] INFO  impl.RaftServerImpl (RaftServerImpl.java:setRole(170)) - f450d9fe-5139-49a3-9750-424d4ee3d991@group-DEACD1AE04ED: changes role from CANDIDATE to LEADER at term 1 for changeToLeader
2019-10-04 11:32:18,322 [f450d9fe-5139-49a3-9750-424d4ee3d991@group-DEACD1AE04ED-LeaderElection61] INFO  impl.RaftServerImpl (ServerState.java:setLeader(255)) - f450d9fe-5139-49a3-9750-424d4ee3d991@group-DEACD1AE04ED: change Leader from null to f450d9fe-5139-49a3-9750-424d4ee3d991 at term 1 for becomeLeader, leader elected after 5192ms
2019-10-04 11:32:18,322 [f450d9fe-5139-49a3-9750-424d4ee3d991@group-DEACD1AE04ED-LeaderElection61] INFO  server.RaftServerConfigKeys (ConfUtils.java:logGet(43)) - raft.server.staging.catchup.gap = 1000 (default)
2019-10-04 11:32:18,322 [f450d9fe-5139-49a3-9750-424d4ee3d991@group-DEACD1AE04ED-LeaderElection61] INFO  server.RaftServerConfigKeys (ConfUtils.java:logGet(43)) - raft.server.rpc.sleep.time = 25ms (default)
2019-10-04 11:32:18,322 [f450d9fe-5139-49a3-9750-424d4ee3d991@group-DEACD1AE04ED-LeaderElection61] INFO  server.RaftServerConfigKeys (ConfUtils.java:logGet(43)) - raft.server.write.element-limit = 4096 (default)
2019-10-04 11:32:18,322 [f450d9fe-5139-49a3-9750-424d4ee3d991@group-DEACD1AE04ED-LeaderElection61] INFO  server.RaftServerConfigKeys (ConfUtils.java:logGet(43)) - raft.server.watch.timeout = 10s (default)
2019-10-04 11:32:18,322 [f450d9fe-5139-49a3-9750-424d4ee3d991@group-DEACD1AE04ED-LeaderElection61] INFO  server.RaftServerConfigKeys (ConfUtils.java:logGet(43)) - raft.server.watch.timeout.denomination = 1s (default)
2019-10-04 11:32:18,323 [f450d9fe-5139-49a3-9750-424d4ee3d991@group-DEACD1AE04ED-LeaderElection61] INFO  server.RaftServerConfigKeys (ConfUtils.java:logGet(43)) - raft.server.watch.element-limit = 65536 (default)
2019-10-04 11:32:18,324 [f450d9fe-5139-49a3-9750-424d4ee3d991@group-DEACD1AE04ED-LeaderElection61] INFO  impl.RoleInfo (RoleInfo.java:updateAndGet(143)) - f450d9fe-5139-49a3-9750-424d4ee3d991: start LeaderState
2019-10-04 11:32:18,324 [f450d9fe-5139-49a3-9750-424d4ee3d991@group-DEACD1AE04ED-LeaderElection61] INFO  segmented.SegmentedRaftLogWorker (SegmentedRaftLogWorker.java:startLogSegment(385)) - f450d9fe-5139-49a3-9750-424d4ee3d991@group-DEACD1AE04ED-SegmentedRaftLogWorker: Starting segment from index:0
2019-10-04 11:32:18,325 [f450d9fe-5139-49a3-9750-424d4ee3d991@group-DEACD1AE04ED-LeaderElection61] INFO  impl.RaftServerImpl (ServerState.java:setRaftConf(356)) - f450d9fe-5139-49a3-9750-424d4ee3d991@group-DEACD1AE04ED: set configuration 0: [f450d9fe-5139-49a3-9750-424d4ee3d991:192.168.151.72:42005], old=null at 0
2019-10-04 11:32:18,360 [f450d9fe-5139-49a3-9750-424d4ee3d991@group-DEACD1AE04ED-SegmentedRaftLogWorker] INFO  segmented.SegmentedRaftLogWorker (SegmentedRaftLogWorker.java:execute(574)) - f450d9fe-5139-49a3-9750-424d4ee3d991@group-DEACD1AE04ED-SegmentedRaftLogWorker: created new log segment /workdir/hadoop-ozone/integration-test/target/test-dir/MiniOzoneClusterImpl-9d12ad6e-bf5e-478e-b9e0-f850324b2238/datanode-4/data/ratis/b568761b-2e1e-42b6-9d6f-deacd1ae04ed/current/log_inprogress_0
2019-10-04 11:32:23,211 [Thread-2404] INFO  impl.FollowerState (FollowerState.java:run(108)) - f450d9fe-5139-49a3-9750-424d4ee3d991@group-0260F2C7DD64-FollowerState: change to CANDIDATE, lastRpcTime:5042ms, electionTimeout:5042ms
2019-10-04 11:32:23,211 [Thread-2404] INFO  impl.RoleInfo (RoleInfo.java:shutdownFollowerState(121)) - f450d9fe-5139-49a3-9750-424d4ee3d991: shutdown FollowerState
2019-10-04 11:32:23,211 [Thread-2404] INFO  impl.RaftServerImpl (RaftServerImpl.java:setRole(170)) - f450d9fe-5139-49a3-9750-424d4ee3d991@group-0260F2C7DD64: changes role from  FOLLOWER to CANDIDATE at term 2 for changeToCandidate
2019-10-04 11:32:23,212 [Thread-2404] INFO  impl.RoleInfo (RoleInfo.java:updateAndGet(143)) - f450d9fe-5139-49a3-9750-424d4ee3d991: start LeaderElection
2019-10-04 11:32:23,241 [f450d9fe-5139-49a3-9750-424d4ee3d991@group-0260F2C7DD64-LeaderElection62] INFO  impl.LeaderElection (LeaderElection.java:askForVotes(178)) - f450d9fe-5139-49a3-9750-424d4ee3d991@group-0260F2C7DD64-LeaderElection62: begin an election at term 3 for -1: [f450d9fe-5139-49a3-9750-424d4ee3d991:192.168.151.72:42005, 44900e5a-4b64-4e71-aabc-568431e4f44d:192.168.151.72:35330, 00980214-f4a8-4bd8-82ed-2e6d40bccf18:192.168.151.72:44027], old=null
2019-10-04 11:32:23,248 [grpc-default-executor-6] INFO  impl.RaftServerImpl (RaftServerImpl.java:setRole(170)) - 44900e5a-4b64-4e71-aabc-568431e4f44d@group-0260F2C7DD64: changes role from  FOLLOWER to FOLLOWER at term 3 for recognizeCandidate:f450d9fe-5139-49a3-9750-424d4ee3d991
2019-10-04 11:32:23,248 [grpc-default-executor-0] INFO  impl.RaftServerImpl (RaftServerImpl.java:setRole(170)) - 00980214-f4a8-4bd8-82ed-2e6d40bccf18@group-0260F2C7DD64: changes role from  FOLLOWER to FOLLOWER at term 3 for recognizeCandidate:f450d9fe-5139-49a3-9750-424d4ee3d991
2019-10-04 11:32:23,248 [grpc-default-executor-6] INFO  impl.RoleInfo (RoleInfo.java:shutdownFollowerState(121)) - 44900e5a-4b64-4e71-aabc-568431e4f44d: shutdown FollowerState
2019-10-04 11:32:23,249 [grpc-default-executor-0] INFO  impl.RoleInfo (RoleInfo.java:shutdownFollowerState(121)) - 00980214-f4a8-4bd8-82ed-2e6d40bccf18: shutdown FollowerState
2019-10-04 11:32:23,249 [Thread-2423] INFO  impl.FollowerState (FollowerState.java:run(117)) - 44900e5a-4b64-4e71-aabc-568431e4f44d@group-0260F2C7DD64-FollowerState was interrupted: java.lang.InterruptedException: sleep interrupted
2019-10-04 11:32:23,249 [grpc-default-executor-6] INFO  impl.RoleInfo (RoleInfo.java:updateAndGet(143)) - 44900e5a-4b64-4e71-aabc-568431e4f44d: start FollowerState
2019-10-04 11:32:23,253 [Thread-2424] INFO  impl.FollowerState (FollowerState.java:run(117)) - 00980214-f4a8-4bd8-82ed-2e6d40bccf18@group-0260F2C7DD64-FollowerState was interrupted: java.lang.InterruptedException: sleep interrupted
2019-10-04 11:32:23,249 [grpc-default-executor-0] INFO  impl.RoleInfo (RoleInfo.java:updateAndGet(143)) - 00980214-f4a8-4bd8-82ed-2e6d40bccf18: start FollowerState
2019-10-04 11:32:23,262 [f450d9fe-5139-49a3-9750-424d4ee3d991@group-0260F2C7DD64-LeaderElection62] INFO  impl.LeaderElection (LeaderElection.java:logAndReturn(56)) - f450d9fe-5139-49a3-9750-424d4ee3d991@group-0260F2C7DD64-LeaderElection62: Election PASSED; received 1 response(s) [f450d9fe-5139-49a3-9750-424d4ee3d991<-44900e5a-4b64-4e71-aabc-568431e4f44d#0:OK-t3] and 0 exception(s); f450d9fe-5139-49a3-9750-424d4ee3d991@group-0260F2C7DD64:t3, leader=null, voted=f450d9fe-5139-49a3-9750-424d4ee3d991, raftlog=f450d9fe-5139-49a3-9750-424d4ee3d991@group-0260F2C7DD64-SegmentedRaftLog:OPENED:c-1,f-1,i0, conf=-1: [f450d9fe-5139-49a3-9750-424d4ee3d991:192.168.151.72:42005, 44900e5a-4b64-4e71-aabc-568431e4f44d:192.168.151.72:35330, 00980214-f4a8-4bd8-82ed-2e6d40bccf18:192.168.151.72:44027], old=null
2019-10-04 11:32:23,262 [f450d9fe-5139-49a3-9750-424d4ee3d991@group-0260F2C7DD64-LeaderElection62] INFO  impl.RoleInfo (RoleInfo.java:shutdownLeaderElection(134)) - f450d9fe-5139-49a3-9750-424d4ee3d991: shutdown LeaderElection
2019-10-04 11:32:23,262 [f450d9fe-5139-49a3-9750-424d4ee3d991@group-0260F2C7DD64-LeaderElection62] INFO  impl.RaftServerImpl (RaftServerImpl.java:setRole(170)) - f450d9fe-5139-49a3-9750-424d4ee3d991@group-0260F2C7DD64: changes role from CANDIDATE to LEADER at term 3 for changeToLeader
2019-10-04 11:32:23,262 [f450d9fe-5139-49a3-9750-424d4ee3d991@group-0260F2C7DD64-LeaderElection62] INFO  impl.RaftServerImpl (ServerState.java:setLeader(255)) - f450d9fe-5139-49a3-9750-424d4ee3d991@group-0260F2C7DD64: change Leader from null to f450d9fe-5139-49a3-9750-424d4ee3d991 at term 3 for becomeLeader, leader elected after 10292ms
2019-10-04 11:32:23,263 [f450d9fe-5139-49a3-9750-424d4ee3d991@group-0260F2C7DD64-LeaderElection62] INFO  server.RaftServerConfigKeys (ConfUtils.java:logGet(43)) - raft.server.staging.catchup.gap = 1000 (default)
2019-10-04 11:32:23,263 [f450d9fe-5139-49a3-9750-424d4ee3d991@group-0260F2C7DD64-LeaderElection62] INFO  server.RaftServerConfigKeys (ConfUtils.java:logGet(43)) - raft.server.rpc.sleep.time = 25ms (default)
2019-10-04 11:32:23,264 [f450d9fe-5139-49a3-9750-424d4ee3d991@group-0260F2C7DD64-LeaderElection62] INFO  server.RaftServerConfigKeys (ConfUtils.java:logGet(43)) - raft.server.write.element-limit = 4096 (default)
2019-10-04 11:32:23,264 [f450d9fe-5139-49a3-9750-424d4ee3d991@group-0260F2C7DD64-LeaderElection62] INFO  server.RaftServerConfigKeys (ConfUtils.java:logGet(43)) - raft.server.watch.timeout = 10s (default)
2019-10-04 11:32:23,265 [f450d9fe-5139-49a3-9750-424d4ee3d991@group-0260F2C7DD64-LeaderElection62] INFO  server.RaftServerConfigKeys (ConfUtils.java:logGet(43)) - raft.server.watch.timeout.denomination = 1s (default)
2019-10-04 11:32:23,265 [f450d9fe-5139-49a3-9750-424d4ee3d991@group-0260F2C7DD64-LeaderElection62] INFO  server.RaftServerConfigKeys (ConfUtils.java:logGet(43)) - raft.server.watch.element-limit = 65536 (default)
2019-10-04 11:32:23,268 [f450d9fe-5139-49a3-9750-424d4ee3d991@group-0260F2C7DD64-LeaderElection62] INFO  server.RaftServerConfigKeys (ConfUtils.java:logGet(43)) - raft.server.log.appender.snapshot.chunk.size.max = 16MB (=16777216) (default)
2019-10-04 11:32:23,269 [f450d9fe-5139-49a3-9750-424d4ee3d991@group-0260F2C7DD64-LeaderElection62] INFO  server.RaftServerConfigKeys (ConfUtils.java:logGet(43)) - raft.server.log.appender.buffer.byte-limit = 33554432 (custom)
2019-10-04 11:32:23,269 [f450d9fe-5139-49a3-9750-424d4ee3d991@group-0260F2C7DD64-LeaderElection62] INFO  server.RaftServerConfigKeys (ConfUtils.java:logGet(43)) - raft.server.log.appender.buffer.element-limit = 1 (custom)
2019-10-04 11:32:23,269 [f450d9fe-5139-49a3-9750-424d4ee3d991@group-0260F2C7DD64-LeaderElection62] INFO  grpc.GrpcConfigKeys$Server (ConfUtils.java:logGet(43)) - raft.grpc.server.leader.outstanding.appends.max = 128 (default)
2019-10-04 11:32:23,269 [f450d9fe-5139-49a3-9750-424d4ee3d991@group-0260F2C7DD64-LeaderElection62] INFO  server.RaftServerConfigKeys (ConfUtils.java:logGet(43)) - raft.server.rpc.request.timeout = 3000ms (default)
2019-10-04 11:32:23,270 [f450d9fe-5139-49a3-9750-424d4ee3d991@group-0260F2C7DD64-LeaderElection62] INFO  server.RaftServerConfigKeys (ConfUtils.java:logGet(43)) - raft.server.log.appender.install.snapshot.enabled = false (custom)
2019-10-04 11:32:23,270 [f450d9fe-5139-49a3-9750-424d4ee3d991@group-0260F2C7DD64-LeaderElection62] INFO  server.RaftServerConfigKeys (ConfUtils.java:logGet(43)) - raft.server.log.appender.snapshot.chunk.size.max = 16MB (=16777216) (default)
2019-10-04 11:32:23,270 [f450d9fe-5139-49a3-9750-424d4ee3d991@group-0260F2C7DD64-LeaderElection62] INFO  server.RaftServerConfigKeys (ConfUtils.java:logGet(43)) - raft.server.log.appender.buffer.byte-limit = 33554432 (custom)
2019-10-04 11:32:23,270 [f450d9fe-5139-49a3-9750-424d4ee3d991@group-0260F2C7DD64-LeaderElection62] INFO  server.RaftServerConfigKeys (ConfUtils.java:logGet(43)) - raft.server.log.appender.buffer.element-limit = 1 (custom)
2019-10-04 11:32:23,271 [f450d9fe-5139-49a3-9750-424d4ee3d991@group-0260F2C7DD64-LeaderElection62] INFO  grpc.GrpcConfigKeys$Server (ConfUtils.java:logGet(43)) - raft.grpc.server.leader.outstanding.appends.max = 128 (default)
2019-10-04 11:32:23,271 [f450d9fe-5139-49a3-9750-424d4ee3d991@group-0260F2C7DD64-LeaderElection62] INFO  server.RaftServerConfigKeys (ConfUtils.java:logGet(43)) - raft.server.rpc.request.timeout = 3000ms (default)
2019-10-04 11:32:23,271 [f450d9fe-5139-49a3-9750-424d4ee3d991@group-0260F2C7DD64-LeaderElection62] INFO  server.RaftServerConfigKeys (ConfUtils.java:logGet(43)) - raft.server.log.appender.install.snapshot.enabled = false (custom)
2019-10-04 11:32:23,271 [f450d9fe-5139-49a3-9750-424d4ee3d991@group-0260F2C7DD64-LeaderElection62] INFO  impl.RoleInfo (RoleInfo.java:updateAndGet(143)) - f450d9fe-5139-49a3-9750-424d4ee3d991: start LeaderState
2019-10-04 11:32:23,272 [f450d9fe-5139-49a3-9750-424d4ee3d991@group-0260F2C7DD64-LeaderElection62] INFO  segmented.SegmentedRaftLogWorker (SegmentedRaftLogWorker.java:startLogSegment(385)) - f450d9fe-5139-49a3-9750-424d4ee3d991@group-0260F2C7DD64-SegmentedRaftLogWorker: Starting segment from index:0
2019-10-04 11:32:23,273 [f450d9fe-5139-49a3-9750-424d4ee3d991@group-0260F2C7DD64-LeaderElection62] INFO  impl.RaftServerImpl (ServerState.java:setRaftConf(356)) - f450d9fe-5139-49a3-9750-424d4ee3d991@group-0260F2C7DD64: set configuration 0: [f450d9fe-5139-49a3-9750-424d4ee3d991:192.168.151.72:42005, 44900e5a-4b64-4e71-aabc-568431e4f44d:192.168.151.72:35330, 00980214-f4a8-4bd8-82ed-2e6d40bccf18:192.168.151.72:44027], old=null at 0
2019-10-04 11:32:23,311 [main] INFO  ozoneimpl.OzoneContainer (OzoneContainer.java:stop(231)) - Attempting to stop container services.
2019-10-04 11:32:23,316 [main] INFO  impl.RaftServerProxy (RaftServerProxy.java:lambda$close$4(314)) - 23c7073a-9bb3-472d-af00-4ba03518b2d3: close
2019-10-04 11:32:23,317 [grpc-default-executor-6] INFO  impl.RaftServerImpl (ServerState.java:setLeader(255)) - 00980214-f4a8-4bd8-82ed-2e6d40bccf18@group-0260F2C7DD64: change Leader from null to f450d9fe-5139-49a3-9750-424d4ee3d991 at term 3 for appendEntries, leader elected after 5118ms
2019-10-04 11:32:23,317 [main] INFO  impl.RaftServerImpl (RaftServerImpl.java:lambda$shutdown$3(247)) - 23c7073a-9bb3-472d-af00-4ba03518b2d3@group-989E15DA7615: shutdown
2019-10-04 11:32:23,317 [grpc-default-executor-0] INFO  impl.RaftServerImpl (ServerState.java:setLeader(255)) - 44900e5a-4b64-4e71-aabc-568431e4f44d@group-0260F2C7DD64: change Leader from null to f450d9fe-5139-49a3-9750-424d4ee3d991 at term 3 for appendEntries, leader elected after 5066ms
2019-10-04 11:32:23,317 [main] INFO  util.JmxRegister (JmxRegister.java:unregister(73)) - Successfully un-registered JMX Bean with object name Ratis:service=RaftServer,group=group-989E15DA7615,id=23c7073a-9bb3-472d-af00-4ba03518b2d3
2019-10-04 11:32:23,318 [main] INFO  impl.RoleInfo (RoleInfo.java:shutdownLeaderState(104)) - 23c7073a-9bb3-472d-af00-4ba03518b2d3: shutdown LeaderState
2019-10-04 11:32:23,318 [main] INFO  impl.PendingRequests (PendingRequests.java:sendNotLeaderResponses(202)) - 23c7073a-9bb3-472d-af00-4ba03518b2d3@group-989E15DA7615-PendingRequests: sendNotLeaderResponses
2019-10-04 11:32:23,319 [main] INFO  impl.StateMachineUpdater (StateMachineUpdater.java:stopAndJoin(136)) - 23c7073a-9bb3-472d-af00-4ba03518b2d3@group-989E15DA7615-StateMachineUpdater: set stopIndex = 0
2019-10-04 11:32:23,320 [main] INFO  impl.RaftServerImpl (ServerState.java:close(387)) - 23c7073a-9bb3-472d-af00-4ba03518b2d3@group-989E15DA7615: closes. applyIndex: 0
2019-10-04 11:32:23,320 [23c7073a-9bb3-472d-af00-4ba03518b2d3@group-989E15DA7615-SegmentedRaftLogWorker] INFO  segmented.SegmentedRaftLogWorker (SegmentedRaftLogWorker.java:run(316)) - 23c7073a-9bb3-472d-af00-4ba03518b2d3@group-989E15DA7615-SegmentedRaftLogWorker was interrupted, exiting. There are 0 tasks remaining in the queue.
2019-10-04 11:32:23,320 [grpc-default-executor-0] INFO  impl.RaftServerImpl (ServerState.java:setRaftConf(356)) - 00980214-f4a8-4bd8-82ed-2e6d40bccf18@group-0260F2C7DD64: set configuration 0: [f450d9fe-5139-49a3-9750-424d4ee3d991:192.168.151.72:42005, 44900e5a-4b64-4e71-aabc-568431e4f44d:192.168.151.72:35330, 00980214-f4a8-4bd8-82ed-2e6d40bccf18:192.168.151.72:44027], old=null at 0
2019-10-04 11:32:23,320 [grpc-default-executor-6] INFO  impl.RaftServerImpl (ServerState.java:setRaftConf(356)) - 44900e5a-4b64-4e71-aabc-568431e4f44d@group-0260F2C7DD64: set configuration 0: [f450d9fe-5139-49a3-9750-424d4ee3d991:192.168.151.72:42005, 44900e5a-4b64-4e71-aabc-568431e4f44d:192.168.151.72:35330, 00980214-f4a8-4bd8-82ed-2e6d40bccf18:192.168.151.72:44027], old=null at 0
2019-10-04 11:32:23,324 [main] INFO  segmented.SegmentedRaftLogWorker (SegmentedRaftLogWorker.java:close(224)) - 23c7073a-9bb3-472d-af00-4ba03518b2d3@group-989E15DA7615-SegmentedRaftLogWorker close()
2019-10-04 11:32:23,324 [f450d9fe-5139-49a3-9750-424d4ee3d991@group-0260F2C7DD64-SegmentedRaftLogWorker] INFO  segmented.SegmentedRaftLogWorker (SegmentedRaftLogWorker.java:execute(574)) - f450d9fe-5139-49a3-9750-424d4ee3d991@group-0260F2C7DD64-SegmentedRaftLogWorker: created new log segment /workdir/hadoop-ozone/integration-test/target/test-dir/MiniOzoneClusterImpl-9d12ad6e-bf5e-478e-b9e0-f850324b2238/datanode-4/data/ratis/ccb35dda-24d9-428e-bc5e-0260f2c7dd64/current/log_inprogress_0
2019-10-04 11:32:23,330 [main] INFO  impl.RaftServerImpl (RaftServerImpl.java:lambda$shutdown$3(247)) - 23c7073a-9bb3-472d-af00-4ba03518b2d3@group-37659CD6685C: shutdown
2019-10-04 11:32:23,331 [main] INFO  util.JmxRegister (JmxRegister.java:unregister(73)) - Successfully un-registered JMX Bean with object name Ratis:service=RaftServer,group=group-37659CD6685C,id=23c7073a-9bb3-472d-af00-4ba03518b2d3
2019-10-04 11:32:23,324 [grpc-default-executor-6] INFO  segmented.SegmentedRaftLogWorker (SegmentedRaftLogWorker.java:startLogSegment(385)) - 44900e5a-4b64-4e71-aabc-568431e4f44d@group-0260F2C7DD64-SegmentedRaftLogWorker: Starting segment from index:0
2019-10-04 11:32:23,331 [main] INFO  impl.RoleInfo (RoleInfo.java:shutdownFollowerState(121)) - 23c7073a-9bb3-472d-af00-4ba03518b2d3: shutdown FollowerState
2019-10-04 11:32:23,332 [main] INFO  impl.StateMachineUpdater (StateMachineUpdater.java:stopAndJoin(136)) - 23c7073a-9bb3-472d-af00-4ba03518b2d3@group-37659CD6685C-StateMachineUpdater: set stopIndex = 2
2019-10-04 11:32:23,332 [Thread-2387] INFO  impl.FollowerState (FollowerState.java:run(117)) - 23c7073a-9bb3-472d-af00-4ba03518b2d3@group-37659CD6685C-FollowerState was interrupted: java.lang.InterruptedException: sleep interrupted
2019-10-04 11:32:23,332 [23c7073a-9bb3-472d-af00-4ba03518b2d3@group-37659CD6685C-StateMachineUpdater] INFO  ratis.ContainerStateMachine (ContainerStateMachine.java:takeSnapshot(293)) - group-37659CD6685C: Taking a snapshot at:(t:1, i:1) file /workdir/hadoop-ozone/integration-test/target/test-dir/MiniOzoneClusterImpl-9d12ad6e-bf5e-478e-b9e0-f850324b2238/datanode-3/data/ratis/aff3c75b-9acc-4940-9c5f-37659cd6685c/sm/snapshot.1_1
2019-10-04 11:32:23,364 [grpc-default-executor-0] INFO  segmented.SegmentedRaftLogWorker (SegmentedRaftLogWorker.java:truncate(401)) - 00980214-f4a8-4bd8-82ed-2e6d40bccf18@group-0260F2C7DD64-SegmentedRaftLogWorker: Truncating segments toTruncate: null
  toDelete: [(0, 0) isOpen? true, length=0, newEndIndex=-1], start index 0
2019-10-04 11:32:23,366 [grpc-default-executor-0] INFO  segmented.SegmentedRaftLogWorker (SegmentedRaftLogWorker.java:startLogSegment(385)) - 00980214-f4a8-4bd8-82ed-2e6d40bccf18@group-0260F2C7DD64-SegmentedRaftLogWorker: Starting segment from index:0
2019-10-04 11:32:23,367 [44900e5a-4b64-4e71-aabc-568431e4f44d@group-0260F2C7DD64-SegmentedRaftLogWorker] INFO  segmented.SegmentedRaftLogWorker (SegmentedRaftLogWorker.java:execute(574)) - 44900e5a-4b64-4e71-aabc-568431e4f44d@group-0260F2C7DD64-SegmentedRaftLogWorker: created new log segment /workdir/hadoop-ozone/integration-test/target/test-dir/MiniOzoneClusterImpl-9d12ad6e-bf5e-478e-b9e0-f850324b2238/datanode-1/data/ratis/ccb35dda-24d9-428e-bc5e-0260f2c7dd64/current/log_inprogress_0
2019-10-04 11:32:23,367 [23c7073a-9bb3-472d-af00-4ba03518b2d3@group-37659CD6685C-StateMachineUpdater] INFO  ratis.ContainerStateMachine (ContainerStateMachine.java:takeSnapshot(304)) - group-37659CD6685C: Finished taking a snapshot at:(t:1, i:1) file:/workdir/hadoop-ozone/integration-test/target/test-dir/MiniOzoneClusterImpl-9d12ad6e-bf5e-478e-b9e0-f850324b2238/datanode-3/data/ratis/aff3c75b-9acc-4940-9c5f-37659cd6685c/sm/snapshot.1_1 time:35
2019-10-04 11:32:23,367 [00980214-f4a8-4bd8-82ed-2e6d40bccf18@group-0260F2C7DD64-SegmentedRaftLogWorker] INFO  segmented.SegmentedRaftLogWorker (SegmentedRaftLogWorker.java:execute(638)) - 00980214-f4a8-4bd8-82ed-2e6d40bccf18@group-0260F2C7DD64-SegmentedRaftLogWorker: Deleted log file /workdir/hadoop-ozone/integration-test/target/test-dir/MiniOzoneClusterImpl-9d12ad6e-bf5e-478e-b9e0-f850324b2238/datanode-5/data/ratis/ccb35dda-24d9-428e-bc5e-0260f2c7dd64/current/log_inprogress_0
2019-10-04 11:32:23,368 [23c7073a-9bb3-472d-af00-4ba03518b2d3@group-37659CD6685C-StateMachineUpdater] INFO  impl.StateMachineUpdater (StateMachineUpdater.java:takeSnapshot(269)) - 23c7073a-9bb3-472d-af00-4ba03518b2d3@group-37659CD6685C-StateMachineUpdater: Took a snapshot at index 1
2019-10-04 11:32:23,368 [23c7073a-9bb3-472d-af00-4ba03518b2d3@group-37659CD6685C-StateMachineUpdater] INFO  impl.StateMachineUpdater (StateMachineUpdater.java:lambda$new$0(84)) - 23c7073a-9bb3-472d-af00-4ba03518b2d3@group-37659CD6685C-StateMachineUpdater: snapshotIndex: updateIncreasingly -1 -> 1
2019-10-04 11:32:23,368 [00980214-f4a8-4bd8-82ed-2e6d40bccf18@group-0260F2C7DD64-SegmentedRaftLogWorker] INFO  segmented.SegmentedRaftLogWorker (SegmentedRaftLogWorker.java:lambda$new$0(128)) - 00980214-f4a8-4bd8-82ed-2e6d40bccf18@group-0260F2C7DD64-SegmentedRaftLogWorker: flushIndex: setUnconditionally 0 -> -1
2019-10-04 11:32:23,368 [23c7073a-9bb3-472d-af00-4ba03518b2d3@group-37659CD6685C-StateMachineUpdater] INFO  ratis.ContainerStateMachine (ContainerStateMachine.java:takeSnapshot(293)) - group-37659CD6685C: Taking a snapshot at:(t:1, i:1) file /workdir/hadoop-ozone/integration-test/target/test-dir/MiniOzoneClusterImpl-9d12ad6e-bf5e-478e-b9e0-f850324b2238/datanode-3/data/ratis/aff3c75b-9acc-4940-9c5f-37659cd6685c/sm/snapshot.1_1
2019-10-04 11:32:23,371 [23c7073a-9bb3-472d-af00-4ba03518b2d3@group-37659CD6685C-StateMachineUpdater] INFO  ratis.ContainerStateMachine (ContainerStateMachine.java:takeSnapshot(304)) - group-37659CD6685C: Finished taking a snapshot at:(t:1, i:1) file:/workdir/hadoop-ozone/integration-test/target/test-dir/MiniOzoneClusterImpl-9d12ad6e-bf5e-478e-b9e0-f850324b2238/datanode-3/data/ratis/aff3c75b-9acc-4940-9c5f-37659cd6685c/sm/snapshot.1_1 time:3
2019-10-04 11:32:23,371 [23c7073a-9bb3-472d-af00-4ba03518b2d3@group-37659CD6685C-StateMachineUpdater] INFO  impl.StateMachineUpdater (StateMachineUpdater.java:takeSnapshot(269)) - 23c7073a-9bb3-472d-af00-4ba03518b2d3@group-37659CD6685C-StateMachineUpdater: Took a snapshot at index 1
2019-10-04 11:32:23,371 [23c7073a-9bb3-472d-af00-4ba03518b2d3@group-37659CD6685C-StateMachineUpdater] INFO  impl.StateMachineUpdater (StateMachineUpdater.java:lambda$new$0(84)) - 23c7073a-9bb3-472d-af00-4ba03518b2d3@group-37659CD6685C-StateMachineUpdater: snapshotIndex: updateIncreasingly 1 -> 1
2019-10-04 11:32:23,372 [main] INFO  impl.RaftServerImpl (ServerState.java:close(387)) - 23c7073a-9bb3-472d-af00-4ba03518b2d3@group-37659CD6685C: closes. applyIndex: 2
2019-10-04 11:32:23,373 [23c7073a-9bb3-472d-af00-4ba03518b2d3@group-37659CD6685C-SegmentedRaftLogWorker] INFO  segmented.SegmentedRaftLogWorker (SegmentedRaftLogWorker.java:run(316)) - 23c7073a-9bb3-472d-af00-4ba03518b2d3@group-37659CD6685C-SegmentedRaftLogWorker was interrupted, exiting. There are 0 tasks remaining in the queue.
2019-10-04 11:32:23,409 [main] INFO  segmented.SegmentedRaftLogWorker (SegmentedRaftLogWorker.java:close(224)) - 23c7073a-9bb3-472d-af00-4ba03518b2d3@group-37659CD6685C-SegmentedRaftLogWorker close()
2019-10-04 11:32:23,415 [main] INFO  server.GrpcService (GrpcService.java:closeImpl(164)) - 23c7073a-9bb3-472d-af00-4ba03518b2d3: shutdown server with port 34299 now
2019-10-04 11:32:23,417 [grpc-default-executor-6] WARN  server.GrpcServerProtocolService (LogUtils.java:warn(134)) - 23c7073a-9bb3-472d-af00-4ba03518b2d3: installSnapshot onError, lastRequest: dd3a57bf-582b-444c-bc9b-ae19d3f4f84e->23c7073a-9bb3-472d-af00-4ba03518b2d3#5-t1, previous=(t:1, i:2), leaderCommit=2, initializing? false, entries: <empty>: org.apache.ratis.thirdparty.io.grpc.StatusRuntimeException: CANCELLED: cancelled before receiving half close
2019-10-04 11:32:23,417 [main] INFO  server.GrpcService (GrpcService.java:closeImpl(172)) - 23c7073a-9bb3-472d-af00-4ba03518b2d3: shutdown server with port 34299 successfully
2019-10-04 11:32:23,421 [grpc-default-executor-8] WARN  server.GrpcLogAppender (LogUtils.java:warn(134)) - dd3a57bf-582b-444c-bc9b-ae19d3f4f84e@group-37659CD6685C->23c7073a-9bb3-472d-af00-4ba03518b2d3-AppendLogResponseHandler: Failed appendEntries: org.apache.ratis.thirdparty.io.grpc.StatusRuntimeException: CANCELLED: HTTP/2 error code: CANCEL
Received Rst Stream
2019-10-04 11:32:23,422 [grpc-default-executor-8] INFO  impl.FollowerInfo (FollowerInfo.java:lambda$new$0(51)) - dd3a57bf-582b-444c-bc9b-ae19d3f4f84e@group-37659CD6685C->23c7073a-9bb3-472d-af00-4ba03518b2d3: nextIndex: updateUnconditionally 3 -> 2
2019-10-04 11:32:23,422 [00980214-f4a8-4bd8-82ed-2e6d40bccf18@group-0260F2C7DD64-SegmentedRaftLogWorker] INFO  segmented.SegmentedRaftLogWorker (SegmentedRaftLogWorker.java:execute(574)) - 00980214-f4a8-4bd8-82ed-2e6d40bccf18@group-0260F2C7DD64-SegmentedRaftLogWorker: created new log segment /workdir/hadoop-ozone/integration-test/target/test-dir/MiniOzoneClusterImpl-9d12ad6e-bf5e-478e-b9e0-f850324b2238/datanode-5/data/ratis/ccb35dda-24d9-428e-bc5e-0260f2c7dd64/current/log_inprogress_0
2019-10-04 11:32:23,424 [refreshUsed-/workdir/hadoop-ozone/integration-test/target/test-dir/MiniOzoneClusterImpl-9d12ad6e-bf5e-478e-b9e0-f850324b2238/datanode-3/data/containers] WARN  fs.CachingGetSpaceUsed (CachingGetSpaceUsed.java:run(183)) - Thread Interrupted waiting to refresh disk information: sleep interrupted
2019-10-04 11:32:23,440 [main] INFO  utils.BackgroundService (BackgroundService.java:shutdown(148)) - Shutting down service BlockDeletingService
2019-10-04 11:32:23,449 [main] INFO  statemachine.DatanodeStateMachine (DatanodeStateMachine.java:stopDaemon(395)) - Ozone container server stopped.
2019-10-04 11:32:23,450 [main] INFO  handler.ContextHandler (ContextHandler.java:doStop(910)) - Stopped o.e.j.w.WebAppContext@6750e381{/,null,UNAVAILABLE}{/hddsDatanode}
2019-10-04 11:32:23,451 [main] INFO  server.AbstractConnector (AbstractConnector.java:doStop(318)) - Stopped ServerConnector@5d850a25{HTTP/1.1,[http/1.1]}{0.0.0.0:0}
2019-10-04 11:32:23,451 [main] INFO  handler.ContextHandler (ContextHandler.java:doStop(910)) - Stopped o.e.j.s.ServletContextHandler@586cc15d{/static,jar:file:/home/user/.m2/repository/org/apache/hadoop/hadoop-hdds-container-service/0.5.0-SNAPSHOT/hadoop-hdds-container-service-0.5.0-SNAPSHOT.jar!/webapps/static,UNAVAILABLE}
2019-10-04 11:32:23,451 [main] INFO  handler.ContextHandler (ContextHandler.java:doStop(910)) - Stopped o.e.j.s.ServletContextHandler@3a4a5f3c{/logs,file:///workdir/hadoop-ozone/integration-test/target/log,UNAVAILABLE}
2019-10-04 11:32:23,461 [grpc-default-executor-8] WARN  server.GrpcLogAppender (LogUtils.java:warn(134)) - dd3a57bf-582b-444c-bc9b-ae19d3f4f84e@group-37659CD6685C->23c7073a-9bb3-472d-af00-4ba03518b2d3-AppendLogResponseHandler: Failed appendEntries: org.apache.ratis.thirdparty.io.grpc.StatusRuntimeException: UNAVAILABLE: io exception
2019-10-04 11:32:23,462 [grpc-default-executor-8] INFO  impl.FollowerInfo (FollowerInfo.java:lambda$new$0(51)) - dd3a57bf-582b-444c-bc9b-ae19d3f4f84e@group-37659CD6685C->23c7073a-9bb3-472d-af00-4ba03518b2d3: nextIndex: updateUnconditionally 3 -> 2
2019-10-04 11:32:23,464 [grpc-default-executor-0] WARN  server.GrpcLogAppender (LogUtils.java:warn(134)) - dd3a57bf-582b-444c-bc9b-ae19d3f4f84e@group-37659CD6685C->23c7073a-9bb3-472d-af00-4ba03518b2d3-AppendLogResponseHandler: Failed appendEntries: org.apache.ratis.thirdparty.io.grpc.StatusRuntimeException: UNAVAILABLE: io exception
2019-10-04 11:32:23,464 [grpc-default-executor-0] INFO  impl.FollowerInfo (FollowerInfo.java:lambda$new$0(51)) - dd3a57bf-582b-444c-bc9b-ae19d3f4f84e@group-37659CD6685C->23c7073a-9bb3-472d-af00-4ba03518b2d3: nextIndex: updateUnconditionally 3 -> 2
2019-10-04 11:32:23,471 [grpc-default-executor-8] WARN  server.GrpcLogAppender (LogUtils.java:warn(134)) - dd3a57bf-582b-444c-bc9b-ae19d3f4f84e@group-37659CD6685C->23c7073a-9bb3-472d-af00-4ba03518b2d3-AppendLogResponseHandler: Failed appendEntries: org.apache.ratis.thirdparty.io.grpc.StatusRuntimeException: UNAVAILABLE: io exception
2019-10-04 11:32:23,471 [grpc-default-executor-8] INFO  impl.FollowerInfo (FollowerInfo.java:lambda$new$0(51)) - dd3a57bf-582b-444c-bc9b-ae19d3f4f84e@group-37659CD6685C->23c7073a-9bb3-472d-af00-4ba03518b2d3: nextIndex: updateUnconditionally 3 -> 2
2019-10-04 11:32:23,476 [EventQueue-IncrementalContainerReportForIncrementalContainerReportHandler] WARN  container.IncrementalContainerReportHandler (AbstractContainerReportHandler.java:updateContainerState(143)) - Container #1 is in OPEN state, but the datanode dd3a57bf-582b-444c-bc9b-ae19d3f4f84e{ip: 192.168.151.72, host: pr-hdds-2204-72899-789710998, networkLocation: /default-rack, certSerialId: null} reports an CLOSING replica.
2019-10-04 11:32:23,477 [EventQueue-IncrementalContainerReportForIncrementalContainerReportHandler] WARN  container.IncrementalContainerReportHandler (AbstractContainerReportHandler.java:updateContainerState(143)) - Container #1 is in OPEN state, but the datanode 401cb6e3-6690-4cb7-98a8-b789ac85db21{ip: 192.168.151.72, host: pr-hdds-2204-72899-789710998, networkLocation: /default-rack, certSerialId: null} reports an CLOSING replica.
2019-10-04 11:32:23,513 [RatisApplyTransactionExecutor 1] INFO  interfaces.Container (KeyValueContainer.java:flushAndSyncDB(386)) - Container 1 is synced with bcsId 0.
2019-10-04 11:32:23,571 [RatisApplyTransactionExecutor 1] INFO  interfaces.Container (KeyValueContainer.java:flushAndSyncDB(386)) - Container 1 is synced with bcsId 0.
2019-10-04 11:32:23,583 [RatisApplyTransactionExecutor 1] INFO  interfaces.Container (KeyValueContainer.java:flushAndSyncDB(386)) - Container 1 is synced with bcsId 0.
2019-10-04 11:32:23,584 [RatisApplyTransactionExecutor 1] INFO  interfaces.Container (KeyValueContainer.java:flushAndSyncDB(386)) - Container 1 is synced with bcsId 0.
2019-10-04 11:32:23,597 [RatisApplyTransactionExecutor 1] INFO  interfaces.Container (KeyValueContainer.java:close(335)) - Container 1 is closed with bcsId 0.
2019-10-04 11:32:23,597 [RatisApplyTransactionExecutor 1] INFO  interfaces.Container (KeyValueContainer.java:close(335)) - Container 1 is closed with bcsId 0.
2019-10-04 11:32:23,602 [EventQueue-IncrementalContainerReportForIncrementalContainerReportHandler] WARN  container.IncrementalContainerReportHandler (AbstractContainerReportHandler.java:updateContainerState(143)) - Container #1 is in OPEN state, but the datanode dd3a57bf-582b-444c-bc9b-ae19d3f4f84e{ip: 192.168.151.72, host: pr-hdds-2204-72899-789710998, networkLocation: /default-rack, certSerialId: null} reports an CLOSED replica.
2019-10-04 11:32:23,602 [EventQueue-IncrementalContainerReportForIncrementalContainerReportHandler] WARN  container.IncrementalContainerReportHandler (AbstractContainerReportHandler.java:updateContainerState(143)) - Container #1 is in OPEN state, but the datanode 401cb6e3-6690-4cb7-98a8-b789ac85db21{ip: 192.168.151.72, host: pr-hdds-2204-72899-789710998, networkLocation: /default-rack, certSerialId: null} reports an CLOSED replica.
2019-10-04 11:32:25,972 [grpc-default-executor-8] WARN  server.GrpcLogAppender (LogUtils.java:warn(134)) - dd3a57bf-582b-444c-bc9b-ae19d3f4f84e@group-37659CD6685C->23c7073a-9bb3-472d-af00-4ba03518b2d3-AppendLogResponseHandler: Failed appendEntries: org.apache.ratis.thirdparty.io.grpc.StatusRuntimeException: UNAVAILABLE: io exception
2019-10-04 11:32:25,972 [grpc-default-executor-8] INFO  impl.FollowerInfo (FollowerInfo.java:lambda$new$0(51)) - dd3a57bf-582b-444c-bc9b-ae19d3f4f84e@group-37659CD6685C->23c7073a-9bb3-472d-af00-4ba03518b2d3: nextIndex: updateUnconditionally 2 -> 1
2019-10-04 11:32:26,607 [main] WARN  scm.XceiverClientRatis (XceiverClientRatis.java:watchForCommit(292)) - 3 way commit failed on pipeline Pipeline[ Id: aff3c75b-9acc-4940-9c5f-37659cd6685c, Nodes: 23c7073a-9bb3-472d-af00-4ba03518b2d3{ip: 192.168.151.72, host: pr-hdds-2204-72899-789710998, networkLocation: /default-rack, certSerialId: null}dd3a57bf-582b-444c-bc9b-ae19d3f4f84e{ip: 192.168.151.72, host: pr-hdds-2204-72899-789710998, networkLocation: /default-rack, certSerialId: null}401cb6e3-6690-4cb7-98a8-b789ac85db21{ip: 192.168.151.72, host: pr-hdds-2204-72899-789710998, networkLocation: /default-rack, certSerialId: null}, Type:RATIS, Factor:THREE, State:OPEN]
java.util.concurrent.TimeoutException
	at java.util.concurrent.CompletableFuture.timedGet(CompletableFuture.java:1771)
	at java.util.concurrent.CompletableFuture.get(CompletableFuture.java:1915)
	at org.apache.hadoop.hdds.scm.XceiverClientRatis.watchForCommit(XceiverClientRatis.java:289)
	at org.apache.hadoop.ozone.client.rpc.TestWatchForCommit.test2WayCommitForTimeoutException(TestWatchForCommit.java:391)
	at sun.reflect.NativeMethodAccessorImpl.invoke0(Native Method)
	at sun.reflect.NativeMethodAccessorImpl.invoke(NativeMethodAccessorImpl.java:62)
	at sun.reflect.DelegatingMethodAccessorImpl.invoke(DelegatingMethodAccessorImpl.java:43)
	at java.lang.reflect.Method.invoke(Method.java:498)
	at org.junit.runners.model.FrameworkMethod$1.runReflectiveCall(FrameworkMethod.java:47)
	at org.junit.internal.runners.model.ReflectiveCallable.run(ReflectiveCallable.java:12)
	at org.junit.runners.model.FrameworkMethod.invokeExplosively(FrameworkMethod.java:44)
	at org.junit.internal.runners.statements.InvokeMethod.evaluate(InvokeMethod.java:17)
	at org.junit.runners.ParentRunner.runLeaf(ParentRunner.java:271)
	at org.junit.runners.BlockJUnit4ClassRunner.runChild(BlockJUnit4ClassRunner.java:70)
	at org.junit.runners.BlockJUnit4ClassRunner.runChild(BlockJUnit4ClassRunner.java:50)
	at org.junit.runners.ParentRunner$3.run(ParentRunner.java:238)
	at org.junit.runners.ParentRunner$1.schedule(ParentRunner.java:63)
	at org.junit.runners.ParentRunner.runChildren(ParentRunner.java:236)
	at org.junit.runners.ParentRunner.access$000(ParentRunner.java:53)
	at org.junit.runners.ParentRunner$2.evaluate(ParentRunner.java:229)
	at org.junit.runners.ParentRunner.run(ParentRunner.java:309)
	at org.apache.maven.surefire.junit4.JUnit4Provider.execute(JUnit4Provider.java:365)
	at org.apache.maven.surefire.junit4.JUnit4Provider.executeWithRerun(JUnit4Provider.java:273)
	at org.apache.maven.surefire.junit4.JUnit4Provider.executeTestSet(JUnit4Provider.java:238)
	at org.apache.maven.surefire.junit4.JUnit4Provider.invoke(JUnit4Provider.java:159)
	at org.apache.maven.surefire.booter.ForkedBooter.invokeProviderInSameClassLoader(ForkedBooter.java:384)
	at org.apache.maven.surefire.booter.ForkedBooter.runSuitesInProcess(ForkedBooter.java:345)
	at org.apache.maven.surefire.booter.ForkedBooter.execute(ForkedBooter.java:126)
	at org.apache.maven.surefire.booter.ForkedBooter.main(ForkedBooter.java:418)
2019-10-04 11:32:28,472 [grpc-default-executor-6] WARN  server.GrpcLogAppender (LogUtils.java:warn(134)) - dd3a57bf-582b-444c-bc9b-ae19d3f4f84e@group-37659CD6685C->23c7073a-9bb3-472d-af00-4ba03518b2d3-AppendLogResponseHandler: Failed appendEntries: org.apache.ratis.thirdparty.io.grpc.StatusRuntimeException: UNAVAILABLE: io exception
2019-10-04 11:32:28,476 [grpc-default-executor-6] INFO  impl.FollowerInfo (FollowerInfo.java:lambda$new$0(51)) - dd3a57bf-582b-444c-bc9b-ae19d3f4f84e@group-37659CD6685C->23c7073a-9bb3-472d-af00-4ba03518b2d3: nextIndex: updateUnconditionally 1 -> 0
]]></system-out>
    <system-err><![CDATA[Oct 04, 2019 11:32:23 AM org.apache.ratis.thirdparty.io.grpc.internal.SerializingExecutor run
SEVERE: Exception while executing runnable org.apache.ratis.thirdparty.io.grpc.internal.ServerImpl$JumpToApplicationThreadServerStreamListener$1Closed@1bcfe8a9
org.apache.ratis.thirdparty.io.grpc.StatusRuntimeException: CANCELLED: call already cancelled
	at org.apache.ratis.thirdparty.io.grpc.Status.asRuntimeException(Status.java:517)
	at org.apache.ratis.thirdparty.io.grpc.stub.ServerCalls$ServerCallStreamObserverImpl.onCompleted(ServerCalls.java:356)
	at org.apache.ratis.grpc.server.GrpcServerProtocolService$ServerRequestStreamObserver.onError(GrpcServerProtocolService.java:121)
	at org.apache.ratis.thirdparty.io.grpc.stub.ServerCalls$StreamingServerCallHandler$StreamingServerCallListener.onCancel(ServerCalls.java:269)
	at org.apache.ratis.thirdparty.io.grpc.internal.ServerCallImpl$ServerStreamListenerImpl.closed(ServerCallImpl.java:293)
	at org.apache.ratis.thirdparty.io.grpc.internal.ServerImpl$JumpToApplicationThreadServerStreamListener$1Closed.runInContext(ServerImpl.java:741)
	at org.apache.ratis.thirdparty.io.grpc.internal.ContextRunnable.run(ContextRunnable.java:37)
	at org.apache.ratis.thirdparty.io.grpc.internal.SerializingExecutor.run(SerializingExecutor.java:123)
	at java.util.concurrent.ThreadPoolExecutor.runWorker(ThreadPoolExecutor.java:1149)
	at java.util.concurrent.ThreadPoolExecutor$Worker.run(ThreadPoolExecutor.java:624)
	at java.lang.Thread.run(Thread.java:748)

]]></system-err>
  </testcase>
</testsuite>