<?xml version="1.0" encoding="UTF-8"?>
<testsuite xmlns:xsi="http://www.w3.org/2001/XMLSchema-instance" xsi:noNamespaceSchemaLocation="https://maven.apache.org/surefire/maven-surefire-plugin/xsd/surefire-test-report.xsd" name="org.apache.hadoop.ozone.client.rpc.TestWatchForCommit" time="524.425" tests="5" errors="1" skipped="0" failures="0">
  <properties>
    <property name="awt.toolkit" value="sun.awt.X11.XToolkit"/>
    <property name="file.encoding.pkg" value="sun.io"/>
    <property name="java.specification.version" value="1.8"/>
    <property name="sun.cpu.isalist" value=""/>
    <property name="sun.jnu.encoding" value="UTF-8"/>
    <property name="java.class.path" value="/workdir/hadoop-ozone/integration-test/target/test-classes:/workdir/hadoop-ozone/integration-test/target/classes:/home/user/.m2/repository/org/apache/hadoop/hadoop-ozone-common/0.5.0-SNAPSHOT/hadoop-ozone-common-0.5.0-SNAPSHOT.jar:/home/user/.m2/repository/org/apache/commons/commons-compress/1.4.1/commons-compress-1.4.1.jar:/home/user/.m2/repository/org/tukaani/xz/1.0/xz-1.0.jar:/home/user/.m2/repository/org/apache/hadoop/hadoop-common/3.2.0/hadoop-common-3.2.0.jar:/home/user/.m2/repository/org/apache/hadoop/hadoop-hdfs/3.2.0/hadoop-hdfs-3.2.0.jar:/home/user/.m2/repository/org/apache/hadoop/hadoop-hdfs-client/3.2.0/hadoop-hdfs-client-3.2.0.jar:/home/user/.m2/repository/com/fasterxml/jackson/core/jackson-annotations/2.9.9/jackson-annotations-2.9.9.jar:/home/user/.m2/repository/org/apache/hadoop/hadoop-hdds-common/0.5.0-SNAPSHOT/hadoop-hdds-common-0.5.0-SNAPSHOT.jar:/home/user/.m2/repository/javax/annotation/javax.annotation-api/1.2/javax.annotation-api-1.2.jar:/home/user/.m2/repository/org/apache/ratis/ratis-server/0.5.0-201fc85-SNAPSHOT/ratis-server-0.5.0-201fc85-SNAPSHOT.jar:/home/user/.m2/repository/org/apache/ratis/ratis-thirdparty-misc/0.2.0/ratis-thirdparty-misc-0.2.0.jar:/home/user/.m2/repository/org/apache/ratis/ratis-proto/0.5.0-201fc85-SNAPSHOT/ratis-proto-0.5.0-201fc85-SNAPSHOT.jar:/home/user/.m2/repository/org/apache/ratis/ratis-common/0.5.0-201fc85-SNAPSHOT/ratis-common-0.5.0-201fc85-SNAPSHOT.jar:/home/user/.m2/repository/org/apache/ratis/ratis-client/0.5.0-201fc85-SNAPSHOT/ratis-client-0.5.0-201fc85-SNAPSHOT.jar:/home/user/.m2/repository/org/apache/ratis/ratis-metrics/0.5.0-201fc85-SNAPSHOT/ratis-metrics-0.5.0-201fc85-SNAPSHOT.jar:/home/user/.m2/repository/com/github/joshelser/dropwizard-metrics-hadoop-metrics2-reporter/0.1.2/dropwizard-metrics-hadoop-metrics2-reporter-0.1.2.jar:/home/user/.m2/repository/io/dropwizard/metrics/metrics-jvm/3.2.5/metrics-jvm-3.2.5.jar:/home/user/.m2/repository/io/dropwizard/metrics/metrics-ganglia/3.2.5/metrics-ganglia-3.2.5.jar:/home/user/.m2/repository/info/ganglia/gmetric4j/gmetric4j/1.0.7/gmetric4j-1.0.7.jar:/home/user/.m2/repository/org/apache/ratis/ratis-netty/0.5.0-201fc85-SNAPSHOT/ratis-netty-0.5.0-201fc85-SNAPSHOT.jar:/home/user/.m2/repository/org/apache/ratis/ratis-grpc/0.5.0-201fc85-SNAPSHOT/ratis-grpc-0.5.0-201fc85-SNAPSHOT.jar:/home/user/.m2/repository/org/rocksdb/rocksdbjni/6.0.1/rocksdbjni-6.0.1.jar:/home/user/.m2/repository/org/apache/logging/log4j/log4j-api/2.11.0/log4j-api-2.11.0.jar:/home/user/.m2/repository/org/apache/logging/log4j/log4j-core/2.11.0/log4j-core-2.11.0.jar:/home/user/.m2/repository/com/lmax/disruptor/3.4.2/disruptor-3.4.2.jar:/home/user/.m2/repository/org/apache/commons/commons-pool2/2.6.0/commons-pool2-2.6.0.jar:/home/user/.m2/repository/org/bouncycastle/bcpkix-jdk15on/1.60/bcpkix-jdk15on-1.60.jar:/home/user/.m2/repository/commons-validator/commons-validator/1.6/commons-validator-1.6.jar:/home/user/.m2/repository/commons-digester/commons-digester/1.8.1/commons-digester-1.8.1.jar:/home/user/.m2/repository/io/jaegertracing/jaeger-client/0.34.0/jaeger-client-0.34.0.jar:/home/user/.m2/repository/io/jaegertracing/jaeger-thrift/0.34.0/jaeger-thrift-0.34.0.jar:/home/user/.m2/repository/org/apache/thrift/libthrift/0.12.0/libthrift-0.12.0.jar:/home/user/.m2/repository/com/squareup/okhttp3/okhttp/3.9.0/okhttp-3.9.0.jar:/home/user/.m2/repository/com/squareup/okio/okio/1.13.0/okio-1.13.0.jar:/home/user/.m2/repository/io/jaegertracing/jaeger-core/0.34.0/jaeger-core-0.34.0.jar:/home/user/.m2/repository/io/jaegertracing/jaeger-tracerresolver/0.34.0/jaeger-tracerresolver-0.34.0.jar:/home/user/.m2/repository/io/opentracing/contrib/opentracing-tracerresolver/0.1.5/opentracing-tracerresolver-0.1.5.jar:/home/user/.m2/repository/io/opentracing/opentracing-util/0.31.0/opentracing-util-0.31.0.jar:/home/user/.m2/repository/io/opentracing/opentracing-api/0.31.0/opentracing-api-0.31.0.jar:/home/user/.m2/repository/io/opentracing/opentracing-noop/0.31.0/opentracing-noop-0.31.0.jar:/home/user/.m2/repository/org/apache/hadoop/hadoop-hdds-server-framework/0.5.0-SNAPSHOT/hadoop-hdds-server-framework-0.5.0-SNAPSHOT.jar:/home/user/.m2/repository/org/apache/hadoop/hadoop-hdds-container-service/0.5.0-SNAPSHOT/hadoop-hdds-container-service-0.5.0-SNAPSHOT.jar:/home/user/.m2/repository/org/apache/hadoop/hadoop-hdds-client/0.5.0-SNAPSHOT/hadoop-hdds-client-0.5.0-SNAPSHOT.jar:/home/user/.m2/repository/org/apache/hadoop/hadoop-hdds-tools/0.5.0-SNAPSHOT/hadoop-hdds-tools-0.5.0-SNAPSHOT.jar:/home/user/.m2/repository/org/apache/hadoop/hadoop-hdds-server-scm/0.5.0-SNAPSHOT/hadoop-hdds-server-scm-0.5.0-SNAPSHOT.jar:/home/user/.m2/repository/org/apache/hadoop/hadoop-hdds-docs/0.5.0-SNAPSHOT/hadoop-hdds-docs-0.5.0-SNAPSHOT.jar:/home/user/.m2/repository/io/dropwizard/metrics/metrics-core/3.2.4/metrics-core-3.2.4.jar:/home/user/.m2/repository/org/hamcrest/hamcrest-all/1.3/hamcrest-all-1.3.jar:/home/user/.m2/repository/org/bouncycastle/bcprov-jdk15on/1.60/bcprov-jdk15on-1.60.jar:/home/user/.m2/repository/info/picocli/picocli/3.9.6/picocli-3.9.6.jar:/home/user/.m2/repository/com/google/protobuf/protobuf-java/2.5.0/protobuf-java-2.5.0.jar:/home/user/.m2/repository/com/google/guava/guava/11.0.2/guava-11.0.2.jar:/home/user/.m2/repository/org/apache/hadoop/hadoop-ozone-ozone-manager/0.5.0-SNAPSHOT/hadoop-ozone-ozone-manager-0.5.0-SNAPSHOT.jar:/home/user/.m2/repository/org/apache/hadoop/hadoop-minikdc/3.2.0/hadoop-minikdc-3.2.0.jar:/home/user/.m2/repository/commons-io/commons-io/2.5/commons-io-2.5.jar:/home/user/.m2/repository/org/apache/kerby/kerb-simplekdc/1.0.1/kerb-simplekdc-1.0.1.jar:/home/user/.m2/repository/org/apache/kerby/kerb-client/1.0.1/kerb-client-1.0.1.jar:/home/user/.m2/repository/org/apache/kerby/kerby-config/1.0.1/kerby-config-1.0.1.jar:/home/user/.m2/repository/org/apache/kerby/kerb-core/1.0.1/kerb-core-1.0.1.jar:/home/user/.m2/repository/org/apache/kerby/kerby-pkix/1.0.1/kerby-pkix-1.0.1.jar:/home/user/.m2/repository/org/apache/kerby/kerby-asn1/1.0.1/kerby-asn1-1.0.1.jar:/home/user/.m2/repository/org/apache/kerby/kerby-util/1.0.1/kerby-util-1.0.1.jar:/home/user/.m2/repository/org/apache/kerby/kerb-common/1.0.1/kerb-common-1.0.1.jar:/home/user/.m2/repository/org/apache/kerby/kerb-crypto/1.0.1/kerb-crypto-1.0.1.jar:/home/user/.m2/repository/org/apache/kerby/kerb-util/1.0.1/kerb-util-1.0.1.jar:/home/user/.m2/repository/org/apache/kerby/token-provider/1.0.1/token-provider-1.0.1.jar:/home/user/.m2/repository/org/apache/kerby/kerb-admin/1.0.1/kerb-admin-1.0.1.jar:/home/user/.m2/repository/org/apache/kerby/kerb-server/1.0.1/kerb-server-1.0.1.jar:/home/user/.m2/repository/org/apache/kerby/kerb-identity/1.0.1/kerb-identity-1.0.1.jar:/home/user/.m2/repository/org/apache/kerby/kerby-xdr/1.0.1/kerby-xdr-1.0.1.jar:/home/user/.m2/repository/org/slf4j/slf4j-log4j12/1.7.25/slf4j-log4j12-1.7.25.jar:/home/user/.m2/repository/org/apache/hadoop/hadoop-ozone-s3gateway/0.5.0-SNAPSHOT/hadoop-ozone-s3gateway-0.5.0-SNAPSHOT.jar:/home/user/.m2/repository/org/jboss/weld/servlet/weld-servlet/2.4.7.Final/weld-servlet-2.4.7.Final.jar:/home/user/.m2/repository/org/glassfish/jersey/containers/jersey-container-servlet-core/2.27/jersey-container-servlet-core-2.27.jar:/home/user/.m2/repository/org/glassfish/hk2/external/javax.inject/2.5.0-b42/javax.inject-2.5.0-b42.jar:/home/user/.m2/repository/org/glassfish/jersey/core/jersey-common/2.27/jersey-common-2.27.jar:/home/user/.m2/repository/org/glassfish/hk2/osgi-resource-locator/1.0.1/osgi-resource-locator-1.0.1.jar:/home/user/.m2/repository/javax/ws/rs/javax.ws.rs-api/2.1/javax.ws.rs-api-2.1.jar:/home/user/.m2/repository/org/glassfish/jersey/ext/cdi/jersey-cdi1x/2.27/jersey-cdi1x-2.27.jar:/home/user/.m2/repository/org/glassfish/jersey/inject/jersey-hk2/2.27/jersey-hk2-2.27.jar:/home/user/.m2/repository/org/glassfish/hk2/hk2-locator/2.5.0-b42/hk2-locator-2.5.0-b42.jar:/home/user/.m2/repository/org/javassist/javassist/3.22.0-CR2/javassist-3.22.0-CR2.jar:/home/user/.m2/repository/org/glassfish/hk2/hk2-api/2.5.0/hk2-api-2.5.0.jar:/home/user/.m2/repository/org/glassfish/hk2/external/jakarta.inject/2.5.0/jakarta.inject-2.5.0.jar:/home/user/.m2/repository/org/glassfish/hk2/hk2-utils/2.5.0/hk2-utils-2.5.0.jar:/home/user/.m2/repository/jakarta/annotation/jakarta.annotation-api/1.3.4/jakarta.annotation-api-1.3.4.jar:/home/user/.m2/repository/org/glassfish/hk2/external/aopalliance-repackaged/2.5.0/aopalliance-repackaged-2.5.0.jar:/home/user/.m2/repository/com/fasterxml/jackson/dataformat/jackson-dataformat-xml/2.9.0/jackson-dataformat-xml-2.9.0.jar:/home/user/.m2/repository/com/fasterxml/jackson/core/jackson-core/2.9.9/jackson-core-2.9.9.jar:/home/user/.m2/repository/com/fasterxml/jackson/module/jackson-module-jaxb-annotations/2.9.9/jackson-module-jaxb-annotations-2.9.9.jar:/home/user/.m2/repository/javax/enterprise/cdi-api/1.2/cdi-api-1.2.jar:/home/user/.m2/repository/javax/el/javax.el-api/3.0.0/javax.el-api-3.0.0.jar:/home/user/.m2/repository/javax/interceptor/javax.interceptor-api/1.2/javax.interceptor-api-1.2.jar:/home/user/.m2/repository/javax/inject/javax.inject/1/javax.inject-1.jar:/home/user/.m2/repository/com/sun/xml/bind/jaxb-impl/2.3.0.1/jaxb-impl-2.3.0.1.jar:/home/user/.m2/repository/com/sun/xml/bind/jaxb-core/2.3.0.1/jaxb-core-2.3.0.1.jar:/home/user/.m2/repository/javax/xml/bind/jaxb-api/2.3.0/jaxb-api-2.3.0.jar:/home/user/.m2/repository/javax/activation/activation/1.1.1/activation-1.1.1.jar:/home/user/.m2/repository/org/apache/hadoop/hadoop-ozone-csi/0.5.0-SNAPSHOT/hadoop-ozone-csi-0.5.0-SNAPSHOT.jar:/home/user/.m2/repository/com/google/protobuf/protobuf-java-util/3.5.1/protobuf-java-util-3.5.1.jar:/home/user/.m2/repository/org/apache/hadoop/hadoop-hdds-config/0.5.0-SNAPSHOT/hadoop-hdds-config-0.5.0-SNAPSHOT.jar:/home/user/.m2/repository/io/grpc/grpc-netty/1.17.1/grpc-netty-1.17.1.jar:/home/user/.m2/repository/io/grpc/grpc-core/1.17.1/grpc-core-1.17.1.jar:/home/user/.m2/repository/io/grpc/grpc-context/1.17.1/grpc-context-1.17.1.jar:/home/user/.m2/repository/com/google/errorprone/error_prone_annotations/2.2.0/error_prone_annotations-2.2.0.jar:/home/user/.m2/repository/org/codehaus/mojo/animal-sniffer-annotations/1.17/animal-sniffer-annotations-1.17.jar:/home/user/.m2/repository/io/opencensus/opencensus-api/0.17.0/opencensus-api-0.17.0.jar:/home/user/.m2/repository/io/opencensus/opencensus-contrib-grpc-metrics/0.17.0/opencensus-contrib-grpc-metrics-0.17.0.jar:/home/user/.m2/repository/io/netty/netty-codec-http2/4.1.30.Final/netty-codec-http2-4.1.30.Final.jar:/home/user/.m2/repository/io/netty/netty-codec-http/4.1.30.Final/netty-codec-http-4.1.30.Final.jar:/home/user/.m2/repository/io/netty/netty-codec/4.1.30.Final/netty-codec-4.1.30.Final.jar:/home/user/.m2/repository/io/netty/netty-handler/4.1.30.Final/netty-handler-4.1.30.Final.jar:/home/user/.m2/repository/io/netty/netty-handler-proxy/4.1.30.Final/netty-handler-proxy-4.1.30.Final.jar:/home/user/.m2/repository/io/netty/netty-codec-socks/4.1.30.Final/netty-codec-socks-4.1.30.Final.jar:/home/user/.m2/repository/io/netty/netty-transport-native-epoll/4.1.30.Final/netty-transport-native-epoll-4.1.30.Final.jar:/home/user/.m2/repository/io/netty/netty-common/4.1.30.Final/netty-common-4.1.30.Final.jar:/home/user/.m2/repository/io/netty/netty-buffer/4.1.30.Final/netty-buffer-4.1.30.Final.jar:/home/user/.m2/repository/io/netty/netty-transport/4.1.30.Final/netty-transport-4.1.30.Final.jar:/home/user/.m2/repository/io/netty/netty-resolver/4.1.30.Final/netty-resolver-4.1.30.Final.jar:/home/user/.m2/repository/io/netty/netty-transport-native-unix-common/4.1.30.Final/netty-transport-native-unix-common-4.1.30.Final.jar:/home/user/.m2/repository/io/grpc/grpc-protobuf/1.17.1/grpc-protobuf-1.17.1.jar:/home/user/.m2/repository/com/google/api/grpc/proto-google-common-protos/1.0.0/proto-google-common-protos-1.0.0.jar:/home/user/.m2/repository/io/grpc/grpc-protobuf-lite/1.17.1/grpc-protobuf-lite-1.17.1.jar:/home/user/.m2/repository/io/grpc/grpc-stub/1.17.1/grpc-stub-1.17.1.jar:/home/user/.m2/repository/org/apache/hadoop/hadoop-ozone-recon/0.5.0-SNAPSHOT/hadoop-ozone-recon-0.5.0-SNAPSHOT.jar:/home/user/.m2/repository/org/apache/hadoop/hadoop-ozone-reconcodegen/0.5.0-SNAPSHOT/hadoop-ozone-reconcodegen-0.5.0-SNAPSHOT.jar:/home/user/.m2/repository/com/google/inject/extensions/guice-multibindings/4.0/guice-multibindings-4.0.jar:/home/user/.m2/repository/com/google/inject/guice/4.0/guice-4.0.jar:/home/user/.m2/repository/aopalliance/aopalliance/1.0/aopalliance-1.0.jar:/home/user/.m2/repository/com/google/inject/extensions/guice-servlet/4.0/guice-servlet-4.0.jar:/home/user/.m2/repository/org/glassfish/jersey/containers/jersey-container-servlet/2.27/jersey-container-servlet-2.27.jar:/home/user/.m2/repository/org/glassfish/hk2/guice-bridge/2.5.0/guice-bridge-2.5.0.jar:/home/user/.m2/repository/org/glassfish/jersey/core/jersey-server/2.27/jersey-server-2.27.jar:/home/user/.m2/repository/org/glassfish/jersey/core/jersey-client/2.27/jersey-client-2.27.jar:/home/user/.m2/repository/org/glassfish/jersey/media/jersey-media-jaxb/2.27/jersey-media-jaxb-2.27.jar:/home/user/.m2/repository/javax/validation/validation-api/1.1.0.Final/validation-api-1.1.0.Final.jar:/home/user/.m2/repository/org/glassfish/jersey/media/jersey-media-json-jackson/2.27/jersey-media-json-jackson-2.27.jar:/home/user/.m2/repository/org/glassfish/jersey/ext/jersey-entity-filtering/2.27/jersey-entity-filtering-2.27.jar:/home/user/.m2/repository/com/google/inject/extensions/guice-assistedinject/4.0/guice-assistedinject-4.0.jar:/home/user/.m2/repository/org/jooq/jooq/3.11.10/jooq-3.11.10.jar:/home/user/.m2/repository/org/jooq/jooq-meta/3.11.10/jooq-meta-3.11.10.jar:/home/user/.m2/repository/org/jooq/jooq-codegen/3.11.10/jooq-codegen-3.11.10.jar:/home/user/.m2/repository/com/jolbox/bonecp/0.8.0.RELEASE/bonecp-0.8.0.RELEASE.jar:/home/user/.m2/repository/org/xerial/sqlite-jdbc/3.25.2/sqlite-jdbc-3.25.2.jar:/home/user/.m2/repository/org/springframework/spring-jdbc/5.1.3.RELEASE/spring-jdbc-5.1.3.RELEASE.jar:/home/user/.m2/repository/org/springframework/spring-beans/5.1.3.RELEASE/spring-beans-5.1.3.RELEASE.jar:/home/user/.m2/repository/org/springframework/spring-core/5.1.3.RELEASE/spring-core-5.1.3.RELEASE.jar:/home/user/.m2/repository/org/springframework/spring-jcl/5.1.3.RELEASE/spring-jcl-5.1.3.RELEASE.jar:/home/user/.m2/repository/org/springframework/spring-tx/5.1.3.RELEASE/spring-tx-5.1.3.RELEASE.jar:/home/user/.m2/repository/org/apache/hadoop/hadoop-ozone-client/0.5.0-SNAPSHOT/hadoop-ozone-client-0.5.0-SNAPSHOT.jar:/home/user/.m2/repository/commons-lang/commons-lang/2.6/commons-lang-2.6.jar:/home/user/.m2/repository/org/apache/hadoop/hadoop-ozone-ozone-manager/0.5.0-SNAPSHOT/hadoop-ozone-ozone-manager-0.5.0-SNAPSHOT-tests.jar:/home/user/.m2/repository/junit/junit/4.11/junit-4.11.jar:/home/user/.m2/repository/org/hamcrest/hamcrest-core/1.3/hamcrest-core-1.3.jar:/home/user/.m2/repository/org/openjdk/jmh/jmh-core/1.19/jmh-core-1.19.jar:/home/user/.m2/repository/net/sf/jopt-simple/jopt-simple/4.6/jopt-simple-4.6.jar:/home/user/.m2/repository/org/apache/commons/commons-math3/3.1.1/commons-math3-3.1.1.jar:/home/user/.m2/repository/org/openjdk/jmh/jmh-generator-annprocess/1.19/jmh-generator-annprocess-1.19.jar:/home/user/.m2/repository/org/mockito/mockito-all/1.8.5/mockito-all-1.8.5.jar:/home/user/.m2/repository/org/apache/hadoop/hadoop-kms/3.2.0/hadoop-kms-3.2.0.jar:/home/user/.m2/repository/org/apache/hadoop/hadoop-auth/3.2.0/hadoop-auth-3.2.0.jar:/home/user/.m2/repository/com/nimbusds/nimbus-jose-jwt/4.41.1/nimbus-jose-jwt-4.41.1.jar:/home/user/.m2/repository/com/github/stephenc/jcip/jcip-annotations/1.0-1/jcip-annotations-1.0-1.jar:/home/user/.m2/repository/net/minidev/json-smart/2.3/json-smart-2.3.jar:/home/user/.m2/repository/net/minidev/accessors-smart/1.2/accessors-smart-1.2.jar:/home/user/.m2/repository/org/ow2/asm/asm/5.0.4/asm-5.0.4.jar:/home/user/.m2/repository/org/apache/curator/curator-framework/2.12.0/curator-framework-2.12.0.jar:/home/user/.m2/repository/com/sun/jersey/jersey-core/1.19/jersey-core-1.19.jar:/home/user/.m2/repository/javax/ws/rs/jsr311-api/1.1.1/jsr311-api-1.1.1.jar:/home/user/.m2/repository/com/sun/jersey/jersey-server/1.19/jersey-server-1.19.jar:/home/user/.m2/repository/javax/servlet/javax.servlet-api/3.1.0/javax.servlet-api-3.1.0.jar:/home/user/.m2/repository/org/eclipse/jetty/jetty-server/9.3.25.v20180904/jetty-server-9.3.25.v20180904.jar:/home/user/.m2/repository/org/eclipse/jetty/jetty-http/9.3.25.v20180904/jetty-http-9.3.25.v20180904.jar:/home/user/.m2/repository/org/eclipse/jetty/jetty-io/9.3.25.v20180904/jetty-io-9.3.25.v20180904.jar:/home/user/.m2/repository/org/eclipse/jetty/jetty-webapp/9.3.25.v20180904/jetty-webapp-9.3.25.v20180904.jar:/home/user/.m2/repository/org/eclipse/jetty/jetty-xml/9.3.25.v20180904/jetty-xml-9.3.25.v20180904.jar:/home/user/.m2/repository/log4j/log4j/1.2.17/log4j-1.2.17.jar:/home/user/.m2/repository/org/slf4j/slf4j-api/1.7.25/slf4j-api-1.7.25.jar:/home/user/.m2/repository/org/slf4j/jul-to-slf4j/1.7.25/jul-to-slf4j-1.7.25.jar:/home/user/.m2/repository/org/eclipse/jetty/jetty-util/9.3.25.v20180904/jetty-util-9.3.25.v20180904.jar:/home/user/.m2/repository/com/fasterxml/jackson/core/jackson-databind/2.9.9/jackson-databind-2.9.9.jar:/home/user/.m2/repository/org/apache/hadoop/hadoop-kms/3.2.0/hadoop-kms-3.2.0-tests.jar:/home/user/.m2/repository/org/apache/hadoop/hadoop-hdds-server-scm/0.5.0-SNAPSHOT/hadoop-hdds-server-scm-0.5.0-SNAPSHOT-tests.jar:/home/user/.m2/repository/org/apache/hadoop/hadoop-hdds-container-service/0.5.0-SNAPSHOT/hadoop-hdds-container-service-0.5.0-SNAPSHOT-tests.jar:/home/user/.m2/repository/org/yaml/snakeyaml/1.16/snakeyaml-1.16.jar:/home/user/.m2/repository/org/apache/hadoop/hadoop-common/3.2.0/hadoop-common-3.2.0-tests.jar:/home/user/.m2/repository/org/apache/hadoop/hadoop-annotations/3.2.0/hadoop-annotations-3.2.0.jar:/usr/lib/jvm/java-1.8-openjdk/jre/../lib/tools.jar:/home/user/.m2/repository/commons-cli/commons-cli/1.2/commons-cli-1.2.jar:/home/user/.m2/repository/org/apache/httpcomponents/httpclient/4.5.2/httpclient-4.5.2.jar:/home/user/.m2/repository/org/apache/httpcomponents/httpcore/4.4.4/httpcore-4.4.4.jar:/home/user/.m2/repository/commons-codec/commons-codec/1.11/commons-codec-1.11.jar:/home/user/.m2/repository/commons-net/commons-net/3.6/commons-net-3.6.jar:/home/user/.m2/repository/commons-collections/commons-collections/3.2.2/commons-collections-3.2.2.jar:/home/user/.m2/repository/org/eclipse/jetty/jetty-servlet/9.3.25.v20180904/jetty-servlet-9.3.25.v20180904.jar:/home/user/.m2/repository/org/eclipse/jetty/jetty-security/9.3.25.v20180904/jetty-security-9.3.25.v20180904.jar:/home/user/.m2/repository/javax/servlet/jsp/jsp-api/2.1/jsp-api-2.1.jar:/home/user/.m2/repository/com/sun/jersey/jersey-servlet/1.19/jersey-servlet-1.19.jar:/home/user/.m2/repository/com/sun/jersey/jersey-json/1.19/jersey-json-1.19.jar:/home/user/.m2/repository/org/codehaus/jettison/jettison/1.1/jettison-1.1.jar:/home/user/.m2/repository/org/codehaus/jackson/jackson-core-asl/1.9.13/jackson-core-asl-1.9.13.jar:/home/user/.m2/repository/org/codehaus/jackson/jackson-mapper-asl/1.9.13/jackson-mapper-asl-1.9.13.jar:/home/user/.m2/repository/org/codehaus/jackson/jackson-jaxrs/1.9.13/jackson-jaxrs-1.9.13.jar:/home/user/.m2/repository/org/codehaus/jackson/jackson-xc/1.9.13/jackson-xc-1.9.13.jar:/home/user/.m2/repository/commons-logging/commons-logging/1.1.3/commons-logging-1.1.3.jar:/home/user/.m2/repository/commons-beanutils/commons-beanutils/1.9.4/commons-beanutils-1.9.4.jar:/home/user/.m2/repository/org/apache/commons/commons-configuration2/2.1.1/commons-configuration2-2.1.1.jar:/home/user/.m2/repository/org/apache/commons/commons-lang3/3.7/commons-lang3-3.7.jar:/home/user/.m2/repository/org/apache/commons/commons-text/1.4/commons-text-1.4.jar:/home/user/.m2/repository/org/apache/avro/avro/1.7.7/avro-1.7.7.jar:/home/user/.m2/repository/com/thoughtworks/paranamer/paranamer/2.3/paranamer-2.3.jar:/home/user/.m2/repository/org/xerial/snappy/snappy-java/1.0.5/snappy-java-1.0.5.jar:/home/user/.m2/repository/com/google/re2j/re2j/1.1/re2j-1.1.jar:/home/user/.m2/repository/com/google/code/gson/gson/2.2.4/gson-2.2.4.jar:/home/user/.m2/repository/com/jcraft/jsch/0.1.54/jsch-0.1.54.jar:/home/user/.m2/repository/org/apache/curator/curator-client/2.12.0/curator-client-2.12.0.jar:/home/user/.m2/repository/org/apache/curator/curator-recipes/2.12.0/curator-recipes-2.12.0.jar:/home/user/.m2/repository/com/google/code/findbugs/jsr305/3.0.0/jsr305-3.0.0.jar:/home/user/.m2/repository/org/apache/htrace/htrace-core4/4.1.0-incubating/htrace-core4-4.1.0-incubating.jar:/home/user/.m2/repository/org/apache/zookeeper/zookeeper/3.4.13/zookeeper-3.4.13.jar:/home/user/.m2/repository/jline/jline/0.9.94/jline-0.9.94.jar:/home/user/.m2/repository/org/apache/yetus/audience-annotations/0.5.0/audience-annotations-0.5.0.jar:/home/user/.m2/repository/org/codehaus/woodstox/stax2-api/3.1.4/stax2-api-3.1.4.jar:/home/user/.m2/repository/com/fasterxml/woodstox/woodstox-core/5.0.3/woodstox-core-5.0.3.jar:/home/user/.m2/repository/dnsjava/dnsjava/2.1.7/dnsjava-2.1.7.jar:/home/user/.m2/repository/org/apache/hadoop/hadoop-hdfs/3.2.0/hadoop-hdfs-3.2.0-tests.jar:/home/user/.m2/repository/org/eclipse/jetty/jetty-util-ajax/9.3.25.v20180904/jetty-util-ajax-9.3.25.v20180904.jar:/home/user/.m2/repository/commons-daemon/commons-daemon/1.0.13/commons-daemon-1.0.13.jar:/home/user/.m2/repository/io/netty/netty/3.10.5.Final/netty-3.10.5.Final.jar:/home/user/.m2/repository/io/netty/netty-all/4.0.52.Final/netty-all-4.0.52.Final.jar:/home/user/.m2/repository/org/fusesource/leveldbjni/leveldbjni-all/1.8/leveldbjni-all-1.8.jar:"/>
    <property name="java.vm.vendor" value="IcedTea"/>
    <property name="sun.arch.data.model" value="64"/>
    <property name="test.build.dir" value="/workdir/hadoop-ozone/integration-test/target/test-dir"/>
    <property name="test.cache.data" value=""/>
    <property name="java.vendor.url" value="https://icedtea.classpath.org"/>
    <property name="user.timezone" value=""/>
    <property name="java.vm.specification.version" value="1.8"/>
    <property name="os.name" value="Linux"/>
    <property name="test.build.data" value="/workdir/hadoop-ozone/integration-test/target/test-dir"/>
    <property name="user.country" value="US"/>
    <property name="sun.java.launcher" value="SUN_STANDARD"/>
    <property name="sun.boot.library.path" value="/usr/lib/jvm/java-1.8-openjdk/jre/lib/amd64"/>
    <property name="sun.java.command" value="/workdir/hadoop-ozone/integration-test/target/surefire/surefirebooter3631497629082834060.jar /workdir/hadoop-ozone/integration-test/target/surefire 2019-10-11T05-15-48_070-jvmRun1 surefire9218826649397144808tmp surefire_767860189403193506743tmp"/>
    <property name="test" value="!TestMiniChaosOzoneCluster"/>
    <property name="surefire.test.class.path" value="/workdir/hadoop-ozone/integration-test/target/test-classes:/workdir/hadoop-ozone/integration-test/target/classes:/home/user/.m2/repository/org/apache/hadoop/hadoop-ozone-common/0.5.0-SNAPSHOT/hadoop-ozone-common-0.5.0-SNAPSHOT.jar:/home/user/.m2/repository/org/apache/commons/commons-compress/1.4.1/commons-compress-1.4.1.jar:/home/user/.m2/repository/org/tukaani/xz/1.0/xz-1.0.jar:/home/user/.m2/repository/org/apache/hadoop/hadoop-common/3.2.0/hadoop-common-3.2.0.jar:/home/user/.m2/repository/org/apache/hadoop/hadoop-hdfs/3.2.0/hadoop-hdfs-3.2.0.jar:/home/user/.m2/repository/org/apache/hadoop/hadoop-hdfs-client/3.2.0/hadoop-hdfs-client-3.2.0.jar:/home/user/.m2/repository/com/fasterxml/jackson/core/jackson-annotations/2.9.9/jackson-annotations-2.9.9.jar:/home/user/.m2/repository/org/apache/hadoop/hadoop-hdds-common/0.5.0-SNAPSHOT/hadoop-hdds-common-0.5.0-SNAPSHOT.jar:/home/user/.m2/repository/javax/annotation/javax.annotation-api/1.2/javax.annotation-api-1.2.jar:/home/user/.m2/repository/org/apache/ratis/ratis-server/0.5.0-201fc85-SNAPSHOT/ratis-server-0.5.0-201fc85-SNAPSHOT.jar:/home/user/.m2/repository/org/apache/ratis/ratis-thirdparty-misc/0.2.0/ratis-thirdparty-misc-0.2.0.jar:/home/user/.m2/repository/org/apache/ratis/ratis-proto/0.5.0-201fc85-SNAPSHOT/ratis-proto-0.5.0-201fc85-SNAPSHOT.jar:/home/user/.m2/repository/org/apache/ratis/ratis-common/0.5.0-201fc85-SNAPSHOT/ratis-common-0.5.0-201fc85-SNAPSHOT.jar:/home/user/.m2/repository/org/apache/ratis/ratis-client/0.5.0-201fc85-SNAPSHOT/ratis-client-0.5.0-201fc85-SNAPSHOT.jar:/home/user/.m2/repository/org/apache/ratis/ratis-metrics/0.5.0-201fc85-SNAPSHOT/ratis-metrics-0.5.0-201fc85-SNAPSHOT.jar:/home/user/.m2/repository/com/github/joshelser/dropwizard-metrics-hadoop-metrics2-reporter/0.1.2/dropwizard-metrics-hadoop-metrics2-reporter-0.1.2.jar:/home/user/.m2/repository/io/dropwizard/metrics/metrics-jvm/3.2.5/metrics-jvm-3.2.5.jar:/home/user/.m2/repository/io/dropwizard/metrics/metrics-ganglia/3.2.5/metrics-ganglia-3.2.5.jar:/home/user/.m2/repository/info/ganglia/gmetric4j/gmetric4j/1.0.7/gmetric4j-1.0.7.jar:/home/user/.m2/repository/org/apache/ratis/ratis-netty/0.5.0-201fc85-SNAPSHOT/ratis-netty-0.5.0-201fc85-SNAPSHOT.jar:/home/user/.m2/repository/org/apache/ratis/ratis-grpc/0.5.0-201fc85-SNAPSHOT/ratis-grpc-0.5.0-201fc85-SNAPSHOT.jar:/home/user/.m2/repository/org/rocksdb/rocksdbjni/6.0.1/rocksdbjni-6.0.1.jar:/home/user/.m2/repository/org/apache/logging/log4j/log4j-api/2.11.0/log4j-api-2.11.0.jar:/home/user/.m2/repository/org/apache/logging/log4j/log4j-core/2.11.0/log4j-core-2.11.0.jar:/home/user/.m2/repository/com/lmax/disruptor/3.4.2/disruptor-3.4.2.jar:/home/user/.m2/repository/org/apache/commons/commons-pool2/2.6.0/commons-pool2-2.6.0.jar:/home/user/.m2/repository/org/bouncycastle/bcpkix-jdk15on/1.60/bcpkix-jdk15on-1.60.jar:/home/user/.m2/repository/commons-validator/commons-validator/1.6/commons-validator-1.6.jar:/home/user/.m2/repository/commons-digester/commons-digester/1.8.1/commons-digester-1.8.1.jar:/home/user/.m2/repository/io/jaegertracing/jaeger-client/0.34.0/jaeger-client-0.34.0.jar:/home/user/.m2/repository/io/jaegertracing/jaeger-thrift/0.34.0/jaeger-thrift-0.34.0.jar:/home/user/.m2/repository/org/apache/thrift/libthrift/0.12.0/libthrift-0.12.0.jar:/home/user/.m2/repository/com/squareup/okhttp3/okhttp/3.9.0/okhttp-3.9.0.jar:/home/user/.m2/repository/com/squareup/okio/okio/1.13.0/okio-1.13.0.jar:/home/user/.m2/repository/io/jaegertracing/jaeger-core/0.34.0/jaeger-core-0.34.0.jar:/home/user/.m2/repository/io/jaegertracing/jaeger-tracerresolver/0.34.0/jaeger-tracerresolver-0.34.0.jar:/home/user/.m2/repository/io/opentracing/contrib/opentracing-tracerresolver/0.1.5/opentracing-tracerresolver-0.1.5.jar:/home/user/.m2/repository/io/opentracing/opentracing-util/0.31.0/opentracing-util-0.31.0.jar:/home/user/.m2/repository/io/opentracing/opentracing-api/0.31.0/opentracing-api-0.31.0.jar:/home/user/.m2/repository/io/opentracing/opentracing-noop/0.31.0/opentracing-noop-0.31.0.jar:/home/user/.m2/repository/org/apache/hadoop/hadoop-hdds-server-framework/0.5.0-SNAPSHOT/hadoop-hdds-server-framework-0.5.0-SNAPSHOT.jar:/home/user/.m2/repository/org/apache/hadoop/hadoop-hdds-container-service/0.5.0-SNAPSHOT/hadoop-hdds-container-service-0.5.0-SNAPSHOT.jar:/home/user/.m2/repository/org/apache/hadoop/hadoop-hdds-client/0.5.0-SNAPSHOT/hadoop-hdds-client-0.5.0-SNAPSHOT.jar:/home/user/.m2/repository/org/apache/hadoop/hadoop-hdds-tools/0.5.0-SNAPSHOT/hadoop-hdds-tools-0.5.0-SNAPSHOT.jar:/home/user/.m2/repository/org/apache/hadoop/hadoop-hdds-server-scm/0.5.0-SNAPSHOT/hadoop-hdds-server-scm-0.5.0-SNAPSHOT.jar:/home/user/.m2/repository/org/apache/hadoop/hadoop-hdds-docs/0.5.0-SNAPSHOT/hadoop-hdds-docs-0.5.0-SNAPSHOT.jar:/home/user/.m2/repository/io/dropwizard/metrics/metrics-core/3.2.4/metrics-core-3.2.4.jar:/home/user/.m2/repository/org/hamcrest/hamcrest-all/1.3/hamcrest-all-1.3.jar:/home/user/.m2/repository/org/bouncycastle/bcprov-jdk15on/1.60/bcprov-jdk15on-1.60.jar:/home/user/.m2/repository/info/picocli/picocli/3.9.6/picocli-3.9.6.jar:/home/user/.m2/repository/com/google/protobuf/protobuf-java/2.5.0/protobuf-java-2.5.0.jar:/home/user/.m2/repository/com/google/guava/guava/11.0.2/guava-11.0.2.jar:/home/user/.m2/repository/org/apache/hadoop/hadoop-ozone-ozone-manager/0.5.0-SNAPSHOT/hadoop-ozone-ozone-manager-0.5.0-SNAPSHOT.jar:/home/user/.m2/repository/org/apache/hadoop/hadoop-minikdc/3.2.0/hadoop-minikdc-3.2.0.jar:/home/user/.m2/repository/commons-io/commons-io/2.5/commons-io-2.5.jar:/home/user/.m2/repository/org/apache/kerby/kerb-simplekdc/1.0.1/kerb-simplekdc-1.0.1.jar:/home/user/.m2/repository/org/apache/kerby/kerb-client/1.0.1/kerb-client-1.0.1.jar:/home/user/.m2/repository/org/apache/kerby/kerby-config/1.0.1/kerby-config-1.0.1.jar:/home/user/.m2/repository/org/apache/kerby/kerb-core/1.0.1/kerb-core-1.0.1.jar:/home/user/.m2/repository/org/apache/kerby/kerby-pkix/1.0.1/kerby-pkix-1.0.1.jar:/home/user/.m2/repository/org/apache/kerby/kerby-asn1/1.0.1/kerby-asn1-1.0.1.jar:/home/user/.m2/repository/org/apache/kerby/kerby-util/1.0.1/kerby-util-1.0.1.jar:/home/user/.m2/repository/org/apache/kerby/kerb-common/1.0.1/kerb-common-1.0.1.jar:/home/user/.m2/repository/org/apache/kerby/kerb-crypto/1.0.1/kerb-crypto-1.0.1.jar:/home/user/.m2/repository/org/apache/kerby/kerb-util/1.0.1/kerb-util-1.0.1.jar:/home/user/.m2/repository/org/apache/kerby/token-provider/1.0.1/token-provider-1.0.1.jar:/home/user/.m2/repository/org/apache/kerby/kerb-admin/1.0.1/kerb-admin-1.0.1.jar:/home/user/.m2/repository/org/apache/kerby/kerb-server/1.0.1/kerb-server-1.0.1.jar:/home/user/.m2/repository/org/apache/kerby/kerb-identity/1.0.1/kerb-identity-1.0.1.jar:/home/user/.m2/repository/org/apache/kerby/kerby-xdr/1.0.1/kerby-xdr-1.0.1.jar:/home/user/.m2/repository/org/slf4j/slf4j-log4j12/1.7.25/slf4j-log4j12-1.7.25.jar:/home/user/.m2/repository/org/apache/hadoop/hadoop-ozone-s3gateway/0.5.0-SNAPSHOT/hadoop-ozone-s3gateway-0.5.0-SNAPSHOT.jar:/home/user/.m2/repository/org/jboss/weld/servlet/weld-servlet/2.4.7.Final/weld-servlet-2.4.7.Final.jar:/home/user/.m2/repository/org/glassfish/jersey/containers/jersey-container-servlet-core/2.27/jersey-container-servlet-core-2.27.jar:/home/user/.m2/repository/org/glassfish/hk2/external/javax.inject/2.5.0-b42/javax.inject-2.5.0-b42.jar:/home/user/.m2/repository/org/glassfish/jersey/core/jersey-common/2.27/jersey-common-2.27.jar:/home/user/.m2/repository/org/glassfish/hk2/osgi-resource-locator/1.0.1/osgi-resource-locator-1.0.1.jar:/home/user/.m2/repository/javax/ws/rs/javax.ws.rs-api/2.1/javax.ws.rs-api-2.1.jar:/home/user/.m2/repository/org/glassfish/jersey/ext/cdi/jersey-cdi1x/2.27/jersey-cdi1x-2.27.jar:/home/user/.m2/repository/org/glassfish/jersey/inject/jersey-hk2/2.27/jersey-hk2-2.27.jar:/home/user/.m2/repository/org/glassfish/hk2/hk2-locator/2.5.0-b42/hk2-locator-2.5.0-b42.jar:/home/user/.m2/repository/org/javassist/javassist/3.22.0-CR2/javassist-3.22.0-CR2.jar:/home/user/.m2/repository/org/glassfish/hk2/hk2-api/2.5.0/hk2-api-2.5.0.jar:/home/user/.m2/repository/org/glassfish/hk2/external/jakarta.inject/2.5.0/jakarta.inject-2.5.0.jar:/home/user/.m2/repository/org/glassfish/hk2/hk2-utils/2.5.0/hk2-utils-2.5.0.jar:/home/user/.m2/repository/jakarta/annotation/jakarta.annotation-api/1.3.4/jakarta.annotation-api-1.3.4.jar:/home/user/.m2/repository/org/glassfish/hk2/external/aopalliance-repackaged/2.5.0/aopalliance-repackaged-2.5.0.jar:/home/user/.m2/repository/com/fasterxml/jackson/dataformat/jackson-dataformat-xml/2.9.0/jackson-dataformat-xml-2.9.0.jar:/home/user/.m2/repository/com/fasterxml/jackson/core/jackson-core/2.9.9/jackson-core-2.9.9.jar:/home/user/.m2/repository/com/fasterxml/jackson/module/jackson-module-jaxb-annotations/2.9.9/jackson-module-jaxb-annotations-2.9.9.jar:/home/user/.m2/repository/javax/enterprise/cdi-api/1.2/cdi-api-1.2.jar:/home/user/.m2/repository/javax/el/javax.el-api/3.0.0/javax.el-api-3.0.0.jar:/home/user/.m2/repository/javax/interceptor/javax.interceptor-api/1.2/javax.interceptor-api-1.2.jar:/home/user/.m2/repository/javax/inject/javax.inject/1/javax.inject-1.jar:/home/user/.m2/repository/com/sun/xml/bind/jaxb-impl/2.3.0.1/jaxb-impl-2.3.0.1.jar:/home/user/.m2/repository/com/sun/xml/bind/jaxb-core/2.3.0.1/jaxb-core-2.3.0.1.jar:/home/user/.m2/repository/javax/xml/bind/jaxb-api/2.3.0/jaxb-api-2.3.0.jar:/home/user/.m2/repository/javax/activation/activation/1.1.1/activation-1.1.1.jar:/home/user/.m2/repository/org/apache/hadoop/hadoop-ozone-csi/0.5.0-SNAPSHOT/hadoop-ozone-csi-0.5.0-SNAPSHOT.jar:/home/user/.m2/repository/com/google/protobuf/protobuf-java-util/3.5.1/protobuf-java-util-3.5.1.jar:/home/user/.m2/repository/org/apache/hadoop/hadoop-hdds-config/0.5.0-SNAPSHOT/hadoop-hdds-config-0.5.0-SNAPSHOT.jar:/home/user/.m2/repository/io/grpc/grpc-netty/1.17.1/grpc-netty-1.17.1.jar:/home/user/.m2/repository/io/grpc/grpc-core/1.17.1/grpc-core-1.17.1.jar:/home/user/.m2/repository/io/grpc/grpc-context/1.17.1/grpc-context-1.17.1.jar:/home/user/.m2/repository/com/google/errorprone/error_prone_annotations/2.2.0/error_prone_annotations-2.2.0.jar:/home/user/.m2/repository/org/codehaus/mojo/animal-sniffer-annotations/1.17/animal-sniffer-annotations-1.17.jar:/home/user/.m2/repository/io/opencensus/opencensus-api/0.17.0/opencensus-api-0.17.0.jar:/home/user/.m2/repository/io/opencensus/opencensus-contrib-grpc-metrics/0.17.0/opencensus-contrib-grpc-metrics-0.17.0.jar:/home/user/.m2/repository/io/netty/netty-codec-http2/4.1.30.Final/netty-codec-http2-4.1.30.Final.jar:/home/user/.m2/repository/io/netty/netty-codec-http/4.1.30.Final/netty-codec-http-4.1.30.Final.jar:/home/user/.m2/repository/io/netty/netty-codec/4.1.30.Final/netty-codec-4.1.30.Final.jar:/home/user/.m2/repository/io/netty/netty-handler/4.1.30.Final/netty-handler-4.1.30.Final.jar:/home/user/.m2/repository/io/netty/netty-handler-proxy/4.1.30.Final/netty-handler-proxy-4.1.30.Final.jar:/home/user/.m2/repository/io/netty/netty-codec-socks/4.1.30.Final/netty-codec-socks-4.1.30.Final.jar:/home/user/.m2/repository/io/netty/netty-transport-native-epoll/4.1.30.Final/netty-transport-native-epoll-4.1.30.Final.jar:/home/user/.m2/repository/io/netty/netty-common/4.1.30.Final/netty-common-4.1.30.Final.jar:/home/user/.m2/repository/io/netty/netty-buffer/4.1.30.Final/netty-buffer-4.1.30.Final.jar:/home/user/.m2/repository/io/netty/netty-transport/4.1.30.Final/netty-transport-4.1.30.Final.jar:/home/user/.m2/repository/io/netty/netty-resolver/4.1.30.Final/netty-resolver-4.1.30.Final.jar:/home/user/.m2/repository/io/netty/netty-transport-native-unix-common/4.1.30.Final/netty-transport-native-unix-common-4.1.30.Final.jar:/home/user/.m2/repository/io/grpc/grpc-protobuf/1.17.1/grpc-protobuf-1.17.1.jar:/home/user/.m2/repository/com/google/api/grpc/proto-google-common-protos/1.0.0/proto-google-common-protos-1.0.0.jar:/home/user/.m2/repository/io/grpc/grpc-protobuf-lite/1.17.1/grpc-protobuf-lite-1.17.1.jar:/home/user/.m2/repository/io/grpc/grpc-stub/1.17.1/grpc-stub-1.17.1.jar:/home/user/.m2/repository/org/apache/hadoop/hadoop-ozone-recon/0.5.0-SNAPSHOT/hadoop-ozone-recon-0.5.0-SNAPSHOT.jar:/home/user/.m2/repository/org/apache/hadoop/hadoop-ozone-reconcodegen/0.5.0-SNAPSHOT/hadoop-ozone-reconcodegen-0.5.0-SNAPSHOT.jar:/home/user/.m2/repository/com/google/inject/extensions/guice-multibindings/4.0/guice-multibindings-4.0.jar:/home/user/.m2/repository/com/google/inject/guice/4.0/guice-4.0.jar:/home/user/.m2/repository/aopalliance/aopalliance/1.0/aopalliance-1.0.jar:/home/user/.m2/repository/com/google/inject/extensions/guice-servlet/4.0/guice-servlet-4.0.jar:/home/user/.m2/repository/org/glassfish/jersey/containers/jersey-container-servlet/2.27/jersey-container-servlet-2.27.jar:/home/user/.m2/repository/org/glassfish/hk2/guice-bridge/2.5.0/guice-bridge-2.5.0.jar:/home/user/.m2/repository/org/glassfish/jersey/core/jersey-server/2.27/jersey-server-2.27.jar:/home/user/.m2/repository/org/glassfish/jersey/core/jersey-client/2.27/jersey-client-2.27.jar:/home/user/.m2/repository/org/glassfish/jersey/media/jersey-media-jaxb/2.27/jersey-media-jaxb-2.27.jar:/home/user/.m2/repository/javax/validation/validation-api/1.1.0.Final/validation-api-1.1.0.Final.jar:/home/user/.m2/repository/org/glassfish/jersey/media/jersey-media-json-jackson/2.27/jersey-media-json-jackson-2.27.jar:/home/user/.m2/repository/org/glassfish/jersey/ext/jersey-entity-filtering/2.27/jersey-entity-filtering-2.27.jar:/home/user/.m2/repository/com/google/inject/extensions/guice-assistedinject/4.0/guice-assistedinject-4.0.jar:/home/user/.m2/repository/org/jooq/jooq/3.11.10/jooq-3.11.10.jar:/home/user/.m2/repository/org/jooq/jooq-meta/3.11.10/jooq-meta-3.11.10.jar:/home/user/.m2/repository/org/jooq/jooq-codegen/3.11.10/jooq-codegen-3.11.10.jar:/home/user/.m2/repository/com/jolbox/bonecp/0.8.0.RELEASE/bonecp-0.8.0.RELEASE.jar:/home/user/.m2/repository/org/xerial/sqlite-jdbc/3.25.2/sqlite-jdbc-3.25.2.jar:/home/user/.m2/repository/org/springframework/spring-jdbc/5.1.3.RELEASE/spring-jdbc-5.1.3.RELEASE.jar:/home/user/.m2/repository/org/springframework/spring-beans/5.1.3.RELEASE/spring-beans-5.1.3.RELEASE.jar:/home/user/.m2/repository/org/springframework/spring-core/5.1.3.RELEASE/spring-core-5.1.3.RELEASE.jar:/home/user/.m2/repository/org/springframework/spring-jcl/5.1.3.RELEASE/spring-jcl-5.1.3.RELEASE.jar:/home/user/.m2/repository/org/springframework/spring-tx/5.1.3.RELEASE/spring-tx-5.1.3.RELEASE.jar:/home/user/.m2/repository/org/apache/hadoop/hadoop-ozone-client/0.5.0-SNAPSHOT/hadoop-ozone-client-0.5.0-SNAPSHOT.jar:/home/user/.m2/repository/commons-lang/commons-lang/2.6/commons-lang-2.6.jar:/home/user/.m2/repository/org/apache/hadoop/hadoop-ozone-ozone-manager/0.5.0-SNAPSHOT/hadoop-ozone-ozone-manager-0.5.0-SNAPSHOT-tests.jar:/home/user/.m2/repository/junit/junit/4.11/junit-4.11.jar:/home/user/.m2/repository/org/hamcrest/hamcrest-core/1.3/hamcrest-core-1.3.jar:/home/user/.m2/repository/org/openjdk/jmh/jmh-core/1.19/jmh-core-1.19.jar:/home/user/.m2/repository/net/sf/jopt-simple/jopt-simple/4.6/jopt-simple-4.6.jar:/home/user/.m2/repository/org/apache/commons/commons-math3/3.1.1/commons-math3-3.1.1.jar:/home/user/.m2/repository/org/openjdk/jmh/jmh-generator-annprocess/1.19/jmh-generator-annprocess-1.19.jar:/home/user/.m2/repository/org/mockito/mockito-all/1.8.5/mockito-all-1.8.5.jar:/home/user/.m2/repository/org/apache/hadoop/hadoop-kms/3.2.0/hadoop-kms-3.2.0.jar:/home/user/.m2/repository/org/apache/hadoop/hadoop-auth/3.2.0/hadoop-auth-3.2.0.jar:/home/user/.m2/repository/com/nimbusds/nimbus-jose-jwt/4.41.1/nimbus-jose-jwt-4.41.1.jar:/home/user/.m2/repository/com/github/stephenc/jcip/jcip-annotations/1.0-1/jcip-annotations-1.0-1.jar:/home/user/.m2/repository/net/minidev/json-smart/2.3/json-smart-2.3.jar:/home/user/.m2/repository/net/minidev/accessors-smart/1.2/accessors-smart-1.2.jar:/home/user/.m2/repository/org/ow2/asm/asm/5.0.4/asm-5.0.4.jar:/home/user/.m2/repository/org/apache/curator/curator-framework/2.12.0/curator-framework-2.12.0.jar:/home/user/.m2/repository/com/sun/jersey/jersey-core/1.19/jersey-core-1.19.jar:/home/user/.m2/repository/javax/ws/rs/jsr311-api/1.1.1/jsr311-api-1.1.1.jar:/home/user/.m2/repository/com/sun/jersey/jersey-server/1.19/jersey-server-1.19.jar:/home/user/.m2/repository/javax/servlet/javax.servlet-api/3.1.0/javax.servlet-api-3.1.0.jar:/home/user/.m2/repository/org/eclipse/jetty/jetty-server/9.3.25.v20180904/jetty-server-9.3.25.v20180904.jar:/home/user/.m2/repository/org/eclipse/jetty/jetty-http/9.3.25.v20180904/jetty-http-9.3.25.v20180904.jar:/home/user/.m2/repository/org/eclipse/jetty/jetty-io/9.3.25.v20180904/jetty-io-9.3.25.v20180904.jar:/home/user/.m2/repository/org/eclipse/jetty/jetty-webapp/9.3.25.v20180904/jetty-webapp-9.3.25.v20180904.jar:/home/user/.m2/repository/org/eclipse/jetty/jetty-xml/9.3.25.v20180904/jetty-xml-9.3.25.v20180904.jar:/home/user/.m2/repository/log4j/log4j/1.2.17/log4j-1.2.17.jar:/home/user/.m2/repository/org/slf4j/slf4j-api/1.7.25/slf4j-api-1.7.25.jar:/home/user/.m2/repository/org/slf4j/jul-to-slf4j/1.7.25/jul-to-slf4j-1.7.25.jar:/home/user/.m2/repository/org/eclipse/jetty/jetty-util/9.3.25.v20180904/jetty-util-9.3.25.v20180904.jar:/home/user/.m2/repository/com/fasterxml/jackson/core/jackson-databind/2.9.9/jackson-databind-2.9.9.jar:/home/user/.m2/repository/org/apache/hadoop/hadoop-kms/3.2.0/hadoop-kms-3.2.0-tests.jar:/home/user/.m2/repository/org/apache/hadoop/hadoop-hdds-server-scm/0.5.0-SNAPSHOT/hadoop-hdds-server-scm-0.5.0-SNAPSHOT-tests.jar:/home/user/.m2/repository/org/apache/hadoop/hadoop-hdds-container-service/0.5.0-SNAPSHOT/hadoop-hdds-container-service-0.5.0-SNAPSHOT-tests.jar:/home/user/.m2/repository/org/yaml/snakeyaml/1.16/snakeyaml-1.16.jar:/home/user/.m2/repository/org/apache/hadoop/hadoop-common/3.2.0/hadoop-common-3.2.0-tests.jar:/home/user/.m2/repository/org/apache/hadoop/hadoop-annotations/3.2.0/hadoop-annotations-3.2.0.jar:/usr/lib/jvm/java-1.8-openjdk/jre/../lib/tools.jar:/home/user/.m2/repository/commons-cli/commons-cli/1.2/commons-cli-1.2.jar:/home/user/.m2/repository/org/apache/httpcomponents/httpclient/4.5.2/httpclient-4.5.2.jar:/home/user/.m2/repository/org/apache/httpcomponents/httpcore/4.4.4/httpcore-4.4.4.jar:/home/user/.m2/repository/commons-codec/commons-codec/1.11/commons-codec-1.11.jar:/home/user/.m2/repository/commons-net/commons-net/3.6/commons-net-3.6.jar:/home/user/.m2/repository/commons-collections/commons-collections/3.2.2/commons-collections-3.2.2.jar:/home/user/.m2/repository/org/eclipse/jetty/jetty-servlet/9.3.25.v20180904/jetty-servlet-9.3.25.v20180904.jar:/home/user/.m2/repository/org/eclipse/jetty/jetty-security/9.3.25.v20180904/jetty-security-9.3.25.v20180904.jar:/home/user/.m2/repository/javax/servlet/jsp/jsp-api/2.1/jsp-api-2.1.jar:/home/user/.m2/repository/com/sun/jersey/jersey-servlet/1.19/jersey-servlet-1.19.jar:/home/user/.m2/repository/com/sun/jersey/jersey-json/1.19/jersey-json-1.19.jar:/home/user/.m2/repository/org/codehaus/jettison/jettison/1.1/jettison-1.1.jar:/home/user/.m2/repository/org/codehaus/jackson/jackson-core-asl/1.9.13/jackson-core-asl-1.9.13.jar:/home/user/.m2/repository/org/codehaus/jackson/jackson-mapper-asl/1.9.13/jackson-mapper-asl-1.9.13.jar:/home/user/.m2/repository/org/codehaus/jackson/jackson-jaxrs/1.9.13/jackson-jaxrs-1.9.13.jar:/home/user/.m2/repository/org/codehaus/jackson/jackson-xc/1.9.13/jackson-xc-1.9.13.jar:/home/user/.m2/repository/commons-logging/commons-logging/1.1.3/commons-logging-1.1.3.jar:/home/user/.m2/repository/commons-beanutils/commons-beanutils/1.9.4/commons-beanutils-1.9.4.jar:/home/user/.m2/repository/org/apache/commons/commons-configuration2/2.1.1/commons-configuration2-2.1.1.jar:/home/user/.m2/repository/org/apache/commons/commons-lang3/3.7/commons-lang3-3.7.jar:/home/user/.m2/repository/org/apache/commons/commons-text/1.4/commons-text-1.4.jar:/home/user/.m2/repository/org/apache/avro/avro/1.7.7/avro-1.7.7.jar:/home/user/.m2/repository/com/thoughtworks/paranamer/paranamer/2.3/paranamer-2.3.jar:/home/user/.m2/repository/org/xerial/snappy/snappy-java/1.0.5/snappy-java-1.0.5.jar:/home/user/.m2/repository/com/google/re2j/re2j/1.1/re2j-1.1.jar:/home/user/.m2/repository/com/google/code/gson/gson/2.2.4/gson-2.2.4.jar:/home/user/.m2/repository/com/jcraft/jsch/0.1.54/jsch-0.1.54.jar:/home/user/.m2/repository/org/apache/curator/curator-client/2.12.0/curator-client-2.12.0.jar:/home/user/.m2/repository/org/apache/curator/curator-recipes/2.12.0/curator-recipes-2.12.0.jar:/home/user/.m2/repository/com/google/code/findbugs/jsr305/3.0.0/jsr305-3.0.0.jar:/home/user/.m2/repository/org/apache/htrace/htrace-core4/4.1.0-incubating/htrace-core4-4.1.0-incubating.jar:/home/user/.m2/repository/org/apache/zookeeper/zookeeper/3.4.13/zookeeper-3.4.13.jar:/home/user/.m2/repository/jline/jline/0.9.94/jline-0.9.94.jar:/home/user/.m2/repository/org/apache/yetus/audience-annotations/0.5.0/audience-annotations-0.5.0.jar:/home/user/.m2/repository/org/codehaus/woodstox/stax2-api/3.1.4/stax2-api-3.1.4.jar:/home/user/.m2/repository/com/fasterxml/woodstox/woodstox-core/5.0.3/woodstox-core-5.0.3.jar:/home/user/.m2/repository/dnsjava/dnsjava/2.1.7/dnsjava-2.1.7.jar:/home/user/.m2/repository/org/apache/hadoop/hadoop-hdfs/3.2.0/hadoop-hdfs-3.2.0-tests.jar:/home/user/.m2/repository/org/eclipse/jetty/jetty-util-ajax/9.3.25.v20180904/jetty-util-ajax-9.3.25.v20180904.jar:/home/user/.m2/repository/commons-daemon/commons-daemon/1.0.13/commons-daemon-1.0.13.jar:/home/user/.m2/repository/io/netty/netty/3.10.5.Final/netty-3.10.5.Final.jar:/home/user/.m2/repository/io/netty/netty-all/4.0.52.Final/netty-all-4.0.52.Final.jar:/home/user/.m2/repository/org/fusesource/leveldbjni/leveldbjni-all/1.8/leveldbjni-all-1.8.jar:"/>
    <property name="sun.cpu.endian" value="little"/>
    <property name="user.home" value="/home/user"/>
    <property name="user.language" value="en"/>
    <property name="java.specification.vendor" value="Oracle Corporation"/>
    <property name="java.home" value="/usr/lib/jvm/java-1.8-openjdk/jre"/>
    <property name="java.security.krb5.conf" value="/workdir/hadoop-ozone/integration-test/target/test-classes/krb5.conf"/>
    <property name="basedir" value="/workdir/hadoop-ozone/integration-test"/>
    <property name="file.separator" value="/"/>
    <property name="line.separator" value="&#10;"/>
    <property name="java.vm.specification.vendor" value="Oracle Corporation"/>
    <property name="java.specification.name" value="Java Platform API Specification"/>
    <property name="java.awt.graphicsenv" value="sun.awt.X11GraphicsEnvironment"/>
    <property name="surefire.real.class.path" value="/workdir/hadoop-ozone/integration-test/target/surefire/surefirebooter3631497629082834060.jar"/>
    <property name="hadoop.log.dir" value="/workdir/hadoop-ozone/integration-test/target/log"/>
    <property name="sun.boot.class.path" value="/usr/lib/jvm/java-1.8-openjdk/jre/lib/resources.jar:/usr/lib/jvm/java-1.8-openjdk/jre/lib/rt.jar:/usr/lib/jvm/java-1.8-openjdk/jre/lib/sunrsasign.jar:/usr/lib/jvm/java-1.8-openjdk/jre/lib/jsse.jar:/usr/lib/jvm/java-1.8-openjdk/jre/lib/jce.jar:/usr/lib/jvm/java-1.8-openjdk/jre/lib/charsets.jar:/usr/lib/jvm/java-1.8-openjdk/jre/lib/jfr.jar:/usr/lib/jvm/java-1.8-openjdk/jre/classes"/>
    <property name="sun.management.compiler" value="HotSpot 64-Bit Tiered Compilers"/>
    <property name="java.runtime.version" value="1.8.0_212-b04"/>
    <property name="java.net.preferIPv4Stack" value="true"/>
    <property name="user.name" value="jenkins1000"/>
    <property name="path.separator" value=":"/>
    <property name="java.security.egd" value="file:///dev/urandom"/>
    <property name="os.version" value="3.10.0-957.12.2.el7.x86_64"/>
    <property name="java.endorsed.dirs" value="/usr/lib/jvm/java-1.8-openjdk/jre/lib/endorsed"/>
    <property name="java.runtime.name" value="OpenJDK Runtime Environment"/>
    <property name="file.encoding" value="UTF-8"/>
    <property name="java.vm.name" value="OpenJDK 64-Bit Server VM"/>
    <property name="test.build.webapps" value=""/>
    <property name="localRepository" value="/home/user/.m2/repository"/>
    <property name="java.vendor.url.bug" value="https://icedtea.classpath.org/bugzilla"/>
    <property name="java.io.tmpdir" value="/tmp"/>
    <property name="require.test.libhadoop" value=""/>
    <property name="java.version" value="1.8.0_212"/>
    <property name="user.dir" value="/workdir/hadoop-ozone/integration-test"/>
    <property name="os.arch" value="amd64"/>
    <property name="java.vm.specification.name" value="Java Virtual Machine Specification"/>
    <property name="test.build.classes" value="/workdir/hadoop-ozone/integration-test/target/test-classes"/>
    <property name="java.awt.printerjob" value="sun.print.PSPrinterJob"/>
    <property name="sun.os.patch.level" value="unknown"/>
    <property name="hadoop.tmp.dir" value="/workdir/hadoop-ozone/integration-test/target/tmp"/>
    <property name="java.library.path" value="/usr/lib/jvm/java-1.8-openjdk/jre/lib/amd64/server:/usr/lib/jvm/java-1.8-openjdk/jre/lib/amd64:/usr/lib/jvm/java-1.8-openjdk/jre/../lib/amd64:/workdir/hadoop-ozone/integration-test/target/native/target/usr/local/lib:/workdir/hadoop-ozone/integration-test/../../hadoop-common-project/hadoop-common/target/native/target/usr/local/lib:/usr/java/packages/lib/amd64:/usr/lib64:/lib64:/lib:/usr/lib"/>
    <property name="java.vm.info" value="mixed mode"/>
    <property name="java.vendor" value="IcedTea"/>
    <property name="java.vm.version" value="25.212-b04"/>
    <property name="java.ext.dirs" value="/usr/lib/jvm/java-1.8-openjdk/jre/lib/ext:/usr/java/packages/lib/ext"/>
    <property name="sun.io.unicode.encoding" value="UnicodeLittle"/>
    <property name="java.class.version" value="52.0"/>
  </properties>
  <testcase name="testWatchForCommitWithKeyWrite" classname="org.apache.hadoop.ozone.client.rpc.TestWatchForCommit" time="147.366"/>
  <testcase name="testWatchForCommitWithSmallerTimeoutValue" classname="org.apache.hadoop.ozone.client.rpc.TestWatchForCommit" time="98.909"/>
  <testcase name="testWatchForCommitForRetryfailure" classname="org.apache.hadoop.ozone.client.rpc.TestWatchForCommit" time="130.505"/>
  <testcase name="testWatchForCommitForGroupMismatchException" classname="org.apache.hadoop.ozone.client.rpc.TestWatchForCommit" time="73.918"/>
  <testcase name="test2WayCommitForTimeoutException" classname="org.apache.hadoop.ozone.client.rpc.TestWatchForCommit" time="73.631">
    <error type="java.util.concurrent.TimeoutException">java.util.concurrent.TimeoutException
	at java.util.concurrent.CompletableFuture.timedGet(CompletableFuture.java:1771)
	at java.util.concurrent.CompletableFuture.get(CompletableFuture.java:1915)
	at org.apache.hadoop.hdds.scm.XceiverClientRatis.watchForCommit(XceiverClientRatis.java:283)
	at org.apache.hadoop.ozone.client.rpc.TestWatchForCommit.test2WayCommitForTimeoutException(TestWatchForCommit.java:391)
	at sun.reflect.NativeMethodAccessorImpl.invoke0(Native Method)
	at sun.reflect.NativeMethodAccessorImpl.invoke(NativeMethodAccessorImpl.java:62)
	at sun.reflect.DelegatingMethodAccessorImpl.invoke(DelegatingMethodAccessorImpl.java:43)
	at java.lang.reflect.Method.invoke(Method.java:498)
	at org.junit.runners.model.FrameworkMethod$1.runReflectiveCall(FrameworkMethod.java:47)
	at org.junit.internal.runners.model.ReflectiveCallable.run(ReflectiveCallable.java:12)
	at org.junit.runners.model.FrameworkMethod.invokeExplosively(FrameworkMethod.java:44)
	at org.junit.internal.runners.statements.InvokeMethod.evaluate(InvokeMethod.java:17)
	at org.junit.runners.ParentRunner.runLeaf(ParentRunner.java:271)
	at org.junit.runners.BlockJUnit4ClassRunner.runChild(BlockJUnit4ClassRunner.java:70)
	at org.junit.runners.BlockJUnit4ClassRunner.runChild(BlockJUnit4ClassRunner.java:50)
	at org.junit.runners.ParentRunner$3.run(ParentRunner.java:238)
	at org.junit.runners.ParentRunner$1.schedule(ParentRunner.java:63)
	at org.junit.runners.ParentRunner.runChildren(ParentRunner.java:236)
	at org.junit.runners.ParentRunner.access$000(ParentRunner.java:53)
	at org.junit.runners.ParentRunner$2.evaluate(ParentRunner.java:229)
	at org.junit.runners.ParentRunner.run(ParentRunner.java:309)
	at org.apache.maven.surefire.junit4.JUnit4Provider.execute(JUnit4Provider.java:365)
	at org.apache.maven.surefire.junit4.JUnit4Provider.executeWithRerun(JUnit4Provider.java:273)
	at org.apache.maven.surefire.junit4.JUnit4Provider.executeTestSet(JUnit4Provider.java:238)
	at org.apache.maven.surefire.junit4.JUnit4Provider.invoke(JUnit4Provider.java:159)
	at org.apache.maven.surefire.booter.ForkedBooter.invokeProviderInSameClassLoader(ForkedBooter.java:384)
	at org.apache.maven.surefire.booter.ForkedBooter.runSuitesInProcess(ForkedBooter.java:345)
	at org.apache.maven.surefire.booter.ForkedBooter.execute(ForkedBooter.java:126)
	at org.apache.maven.surefire.booter.ForkedBooter.main(ForkedBooter.java:418)
</error>
    <system-out><![CDATA[2019-10-11 06:48:25,958 [main] WARN  server.ServerUtils (ServerUtils.java:getScmDbDir(145)) - ozone.scm.db.dirs is not configured. We recommend adding this setting. Falling back to ozone.metadata.dirs instead.
2019-10-11 06:48:25,973 [main] WARN  server.ServerUtils (ServerUtils.java:getScmDbDir(145)) - ozone.scm.db.dirs is not configured. We recommend adding this setting. Falling back to ozone.metadata.dirs instead.
2019-10-11 06:48:25,973 [main] WARN  server.ServerUtils (ServerUtils.java:getScmDbDir(145)) - ozone.scm.db.dirs is not configured. We recommend adding this setting. Falling back to ozone.metadata.dirs instead.
2019-10-11 06:48:25,974 [main] INFO  db.DBStoreBuilder (DBStoreBuilder.java:addTable(117)) - using custom profile for table: deletedBlocks
2019-10-11 06:48:25,974 [main] INFO  db.DBStoreBuilder (DBStoreBuilder.java:processTables(168)) - Using default column profile:DBProfile.DISK for Table:deletedBlocks
2019-10-11 06:48:25,974 [main] INFO  db.DBStoreBuilder (DBStoreBuilder.java:addTable(117)) - using custom profile for table: validCerts
2019-10-11 06:48:25,975 [main] INFO  db.DBStoreBuilder (DBStoreBuilder.java:processTables(168)) - Using default column profile:DBProfile.DISK for Table:validCerts
2019-10-11 06:48:25,975 [main] INFO  db.DBStoreBuilder (DBStoreBuilder.java:addTable(117)) - using custom profile for table: revokedCerts
2019-10-11 06:48:25,975 [main] INFO  db.DBStoreBuilder (DBStoreBuilder.java:processTables(168)) - Using default column profile:DBProfile.DISK for Table:revokedCerts
2019-10-11 06:48:25,975 [main] INFO  db.DBStoreBuilder (DBStoreBuilder.java:addTable(117)) - using custom profile for table: default
2019-10-11 06:48:25,975 [main] INFO  db.DBStoreBuilder (DBStoreBuilder.java:processTables(174)) - Using default column profile:DBProfile.DISK for Table:default
2019-10-11 06:48:25,975 [main] INFO  db.DBStoreBuilder (DBStoreBuilder.java:getDbProfile(205)) - Using default options. DBProfile.DISK
2019-10-11 06:48:26,172 [main] INFO  net.NodeSchemaLoader (NodeSchemaLoader.java:loadSchemaFromFile(125)) - Loading file from sun.misc.CompoundEnumeration@3520958b
2019-10-11 06:48:26,172 [main] INFO  net.NodeSchemaLoader (NodeSchemaLoader.java:loadSchema(171)) - Loading network topology layer schema file
2019-10-11 06:48:26,176 [main] WARN  server.ServerUtils (ServerUtils.java:sanitizeUserArgs(70)) - ozone.scm.stale.node.interval value = 300000 is larger than max = 100000 based on the key value of ozone.scm.heartbeat.thread.interval, reset to the max value 100000.
2019-10-11 06:48:26,176 [main] WARN  server.ServerUtils (ServerUtils.java:sanitizeUserArgs(70)) - ozone.scm.stale.node.interval value = 300000 is larger than max = 100000 based on the key value of ozone.scm.heartbeat.thread.interval, reset to the max value 100000.
2019-10-11 06:48:26,177 [main] INFO  node.SCMNodeManager (SCMNodeManager.java:<init>(116)) - Entering startup safe mode.
2019-10-11 06:48:26,177 [main] INFO  algorithms.ContainerPlacementPolicyFactory (ContainerPlacementPolicyFactory.java:getPolicy(57)) - Create container placement policy of type org.apache.hadoop.hdds.scm.container.placement.algorithms.SCMContainerPlacementRandom
2019-10-11 06:48:26,178 [main] WARN  server.ServerUtils (ServerUtils.java:getScmDbDir(145)) - ozone.scm.db.dirs is not configured. We recommend adding this setting. Falling back to ozone.metadata.dirs instead.
2019-10-11 06:48:26,217 [main] INFO  pipeline.SCMPipelineManager (SCMPipelineManager.java:initializePipelineState(132)) - No pipeline exists in current db
2019-10-11 06:48:26,217 [main] WARN  server.ServerUtils (ServerUtils.java:getScmDbDir(145)) - ozone.scm.db.dirs is not configured. We recommend adding this setting. Falling back to ozone.metadata.dirs instead.
2019-10-11 06:48:26,308 [main] WARN  events.EventQueue (EventQueue.java:fireEvent(183)) - No event handler registered for event TypedEvent{payloadType=SafeModeStatus, name='SafeModeStatus'}
2019-10-11 06:48:26,309 [main] INFO  ipc.CallQueueManager (CallQueueManager.java:<init>(84)) - Using callQueue: class java.util.concurrent.LinkedBlockingQueue, queueCapacity: 2000, scheduler: class org.apache.hadoop.ipc.DefaultRpcScheduler, ipcBackoff: false.
2019-10-11 06:48:26,310 [Socket Reader #1 for port 34687] INFO  ipc.Server (Server.java:run(1074)) - Starting Socket Reader #1 for port 34687
2019-10-11 06:48:26,312 [main] INFO  ipc.CallQueueManager (CallQueueManager.java:<init>(84)) - Using callQueue: class java.util.concurrent.LinkedBlockingQueue, queueCapacity: 2000, scheduler: class org.apache.hadoop.ipc.DefaultRpcScheduler, ipcBackoff: false.
2019-10-11 06:48:26,313 [Socket Reader #1 for port 34344] INFO  ipc.Server (Server.java:run(1074)) - Starting Socket Reader #1 for port 34344
2019-10-11 06:48:26,314 [main] INFO  ipc.CallQueueManager (CallQueueManager.java:<init>(84)) - Using callQueue: class java.util.concurrent.LinkedBlockingQueue, queueCapacity: 2000, scheduler: class org.apache.hadoop.ipc.DefaultRpcScheduler, ipcBackoff: false.
2019-10-11 06:48:26,315 [Socket Reader #1 for port 34963] INFO  ipc.Server (Server.java:run(1074)) - Starting Socket Reader #1 for port 34963
2019-10-11 06:48:31,322 [main] INFO  hdfs.DFSUtil (DFSUtil.java:httpServerTemplateForNNAndJN(1641)) - Starting Web-server for scm at: http://0.0.0.0:0
2019-10-11 06:48:31,325 [main] INFO  server.AuthenticationFilter (AuthenticationFilter.java:constructSecretProvider(240)) - Unable to initialize FileSignerSecretProvider, falling back to use random secrets.
2019-10-11 06:48:31,326 [main] WARN  http.HttpRequestLog (HttpRequestLog.java:getRequestLog(97)) - Jetty request log can only be enabled using Log4j
2019-10-11 06:48:31,328 [main] INFO  http.HttpServer2 (HttpServer2.java:addGlobalFilter(975)) - Added global filter 'safety' (class=org.apache.hadoop.http.HttpServer2$QuotingInputFilter)
2019-10-11 06:48:31,329 [main] INFO  http.HttpServer2 (HttpServer2.java:addFilter(948)) - Added filter static_user_filter (class=org.apache.hadoop.http.lib.StaticUserWebFilter$StaticUserFilter) to context scm
2019-10-11 06:48:31,329 [main] INFO  http.HttpServer2 (HttpServer2.java:addFilter(958)) - Added filter static_user_filter (class=org.apache.hadoop.http.lib.StaticUserWebFilter$StaticUserFilter) to context static
2019-10-11 06:48:31,329 [main] INFO  http.HttpServer2 (HttpServer2.java:addFilter(958)) - Added filter static_user_filter (class=org.apache.hadoop.http.lib.StaticUserWebFilter$StaticUserFilter) to context logs
2019-10-11 06:48:31,332 [main] INFO  server.StorageContainerManager (StorageContainerManager.java:start(772)) - StorageContainerLocationProtocol RPC server is listening at /0.0.0.0:34963
2019-10-11 06:48:31,336 [main] WARN  impl.MetricsConfig (MetricsConfig.java:loadFirst(134)) - Cannot locate configuration: tried hadoop-metrics2-storagecontainermanager.properties,hadoop-metrics2.properties
2019-10-11 06:48:31,337 [main] INFO  impl.MetricsSystemImpl (MetricsSystemImpl.java:startTimer(374)) - Scheduled Metric snapshot period at 10 second(s).
2019-10-11 06:48:31,337 [main] INFO  impl.MetricsSystemImpl (MetricsSystemImpl.java:start(191)) - StorageContainerManager metrics system started
2019-10-11 06:48:31,389 [main] WARN  impl.MetricsSystemImpl (MetricsSystemImpl.java:register(276)) - Sink prometheus already exists!
2019-10-11 06:48:31,473 [main] INFO  server.SCMClientProtocolServer (SCMClientProtocolServer.java:start(159)) - RPC server for Client  is listening at /0.0.0.0:34963
2019-10-11 06:48:31,474 [IPC Server Responder] INFO  ipc.Server (Server.java:run(1314)) - IPC Server Responder: starting
2019-10-11 06:48:31,474 [IPC Server listener on 34963] INFO  ipc.Server (Server.java:run(1153)) - IPC Server listener on 34963: starting
2019-10-11 06:48:31,482 [main] INFO  server.StorageContainerManager (StorageContainerManager.java:start(782)) - ScmBlockLocationProtocol RPC server is listening at /0.0.0.0:34344
2019-10-11 06:48:31,483 [main] INFO  server.SCMBlockProtocolServer (SCMBlockProtocolServer.java:start(146)) - RPC server for Block Protocol is listening at /0.0.0.0:34344
2019-10-11 06:48:31,483 [IPC Server Responder] INFO  ipc.Server (Server.java:run(1314)) - IPC Server Responder: starting
2019-10-11 06:48:31,483 [IPC Server listener on 34344] INFO  ipc.Server (Server.java:run(1153)) - IPC Server listener on 34344: starting
2019-10-11 06:48:31,488 [main] INFO  server.StorageContainerManager (StorageContainerManager.java:start(786)) - ScmDatanodeProtocl RPC server is listening at /0.0.0.0:34687
2019-10-11 06:48:31,488 [main] INFO  server.SCMDatanodeProtocolServer (SCMDatanodeProtocolServer.java:start(169)) - RPC server for DataNodes is listening at /0.0.0.0:34687
2019-10-11 06:48:31,488 [IPC Server Responder] INFO  ipc.Server (Server.java:run(1314)) - IPC Server Responder: starting
2019-10-11 06:48:31,488 [IPC Server listener on 34687] INFO  ipc.Server (Server.java:run(1153)) - IPC Server listener on 34687: starting
2019-10-11 06:48:31,492 [main] INFO  http.HttpServer2 (HttpServer2.java:bindListener(1191)) - Jetty bound to port 43813
2019-10-11 06:48:31,492 [main] INFO  server.Server (Server.java:doStart(351)) - jetty-9.3.25.v20180904, build timestamp: 2018-09-04T21:11:46Z, git hash: 3ce520221d0240229c862b122d2b06c12a625732
2019-10-11 06:48:31,494 [main] INFO  handler.ContextHandler (ContextHandler.java:doStart(781)) - Started o.e.j.s.ServletContextHandler@de579ff{/logs,file:///workdir/hadoop-ozone/integration-test/target/log,AVAILABLE}
2019-10-11 06:48:31,494 [main] INFO  handler.ContextHandler (ContextHandler.java:doStart(781)) - Started o.e.j.s.ServletContextHandler@2fd39436{/static,file:///workdir/hadoop-ozone/integration-test/target/test-classes/webapps/static,AVAILABLE}
2019-10-11 06:48:31,497 [main] INFO  handler.ContextHandler (ContextHandler.java:doStart(781)) - Started o.e.j.w.WebAppContext@1e76afeb{/,file:///workdir/hadoop-ozone/integration-test/target/test-classes/webapps/scm/,AVAILABLE}{/scm}
2019-10-11 06:48:31,498 [main] INFO  server.AbstractConnector (AbstractConnector.java:doStart(278)) - Started ServerConnector@447fa959{HTTP/1.1,[http/1.1]}{0.0.0.0:43813}
2019-10-11 06:48:31,499 [main] INFO  server.Server (Server.java:doStart(419)) - Started @456738ms
2019-10-11 06:48:31,499 [main] WARN  impl.MetricsSystemImpl (MetricsSystemImpl.java:register(276)) - Sink prometheus already exists!
2019-10-11 06:48:36,506 [main] INFO  server.BaseHttpServer (BaseHttpServer.java:updateConnectorAddress(215)) - HTTP server of SCM is listening at http://0.0.0.0:43813
2019-10-11 06:48:36,512 [main] WARN  server.ServerUtils (ServerUtils.java:getDBPath(222)) - ozone.om.db.dirs is not configured. We recommend adding this setting. Falling back to ozone.metadata.dirs instead.
2019-10-11 06:48:36,512 [org.apache.hadoop.util.JvmPauseMonitor$Monitor@73f6e07] INFO  util.JvmPauseMonitor (JvmPauseMonitor.java:run(188)) - Starting JVM pause monitor
2019-10-11 06:48:36,527 [main] INFO  ha.OMHANodeDetails (OMHANodeDetails.java:loadOMHAConfig(190)) - Configuration either no ozone.om.address set. Falling back to the default OM address /127.0.0.1:0
2019-10-11 06:48:36,528 [main] INFO  ha.OMHANodeDetails (OMHANodeDetails.java:getOMNodeDetails(220)) - OM Service ID is not set. Setting it to the default ID: omServiceIdDefault
2019-10-11 06:48:36,528 [main] WARN  server.ServerUtils (ServerUtils.java:getDBPath(222)) - ozone.om.db.dirs is not configured. We recommend adding this setting. Falling back to ozone.metadata.dirs instead.
2019-10-11 06:48:36,529 [main] WARN  server.ServerUtils (ServerUtils.java:getDBPath(222)) - ozone.om.db.dirs is not configured. We recommend adding this setting. Falling back to ozone.metadata.dirs instead.
2019-10-11 06:48:36,541 [main] WARN  server.ServerUtils (ServerUtils.java:getDBPath(222)) - ozone.om.db.dirs is not configured. We recommend adding this setting. Falling back to ozone.metadata.dirs instead.
2019-10-11 06:48:36,542 [main] INFO  db.DBStoreBuilder (DBStoreBuilder.java:addTable(117)) - using custom profile for table: userTable
2019-10-11 06:48:36,542 [main] INFO  db.DBStoreBuilder (DBStoreBuilder.java:processTables(168)) - Using default column profile:DBProfile.DISK for Table:userTable
2019-10-11 06:48:36,542 [main] INFO  db.DBStoreBuilder (DBStoreBuilder.java:addTable(117)) - using custom profile for table: volumeTable
2019-10-11 06:48:36,543 [main] INFO  db.DBStoreBuilder (DBStoreBuilder.java:processTables(168)) - Using default column profile:DBProfile.DISK for Table:volumeTable
2019-10-11 06:48:36,543 [main] INFO  db.DBStoreBuilder (DBStoreBuilder.java:addTable(117)) - using custom profile for table: bucketTable
2019-10-11 06:48:36,543 [main] INFO  db.DBStoreBuilder (DBStoreBuilder.java:processTables(168)) - Using default column profile:DBProfile.DISK for Table:bucketTable
2019-10-11 06:48:36,544 [main] INFO  db.DBStoreBuilder (DBStoreBuilder.java:addTable(117)) - using custom profile for table: keyTable
2019-10-11 06:48:36,544 [main] INFO  db.DBStoreBuilder (DBStoreBuilder.java:processTables(168)) - Using default column profile:DBProfile.DISK for Table:keyTable
2019-10-11 06:48:36,544 [main] INFO  db.DBStoreBuilder (DBStoreBuilder.java:addTable(117)) - using custom profile for table: deletedTable
2019-10-11 06:48:36,544 [main] INFO  db.DBStoreBuilder (DBStoreBuilder.java:processTables(168)) - Using default column profile:DBProfile.DISK for Table:deletedTable
2019-10-11 06:48:36,545 [main] INFO  db.DBStoreBuilder (DBStoreBuilder.java:addTable(117)) - using custom profile for table: openKeyTable
2019-10-11 06:48:36,545 [main] INFO  db.DBStoreBuilder (DBStoreBuilder.java:processTables(168)) - Using default column profile:DBProfile.DISK for Table:openKeyTable
2019-10-11 06:48:36,545 [main] INFO  db.DBStoreBuilder (DBStoreBuilder.java:addTable(117)) - using custom profile for table: s3Table
2019-10-11 06:48:36,545 [main] INFO  db.DBStoreBuilder (DBStoreBuilder.java:processTables(168)) - Using default column profile:DBProfile.DISK for Table:s3Table
2019-10-11 06:48:36,546 [main] INFO  db.DBStoreBuilder (DBStoreBuilder.java:addTable(117)) - using custom profile for table: multipartInfoTable
2019-10-11 06:48:36,546 [main] INFO  db.DBStoreBuilder (DBStoreBuilder.java:processTables(168)) - Using default column profile:DBProfile.DISK for Table:multipartInfoTable
2019-10-11 06:48:36,546 [main] INFO  db.DBStoreBuilder (DBStoreBuilder.java:addTable(117)) - using custom profile for table: dTokenTable
2019-10-11 06:48:36,547 [main] INFO  db.DBStoreBuilder (DBStoreBuilder.java:processTables(168)) - Using default column profile:DBProfile.DISK for Table:dTokenTable
2019-10-11 06:48:36,547 [main] INFO  db.DBStoreBuilder (DBStoreBuilder.java:addTable(117)) - using custom profile for table: s3SecretTable
2019-10-11 06:48:36,547 [main] INFO  db.DBStoreBuilder (DBStoreBuilder.java:processTables(168)) - Using default column profile:DBProfile.DISK for Table:s3SecretTable
2019-10-11 06:48:36,547 [main] INFO  db.DBStoreBuilder (DBStoreBuilder.java:addTable(117)) - using custom profile for table: prefixTable
2019-10-11 06:48:36,548 [main] INFO  db.DBStoreBuilder (DBStoreBuilder.java:processTables(168)) - Using default column profile:DBProfile.DISK for Table:prefixTable
2019-10-11 06:48:36,548 [main] INFO  db.DBStoreBuilder (DBStoreBuilder.java:addTable(117)) - using custom profile for table: default
2019-10-11 06:48:36,548 [main] INFO  db.DBStoreBuilder (DBStoreBuilder.java:processTables(174)) - Using default column profile:DBProfile.DISK for Table:default
2019-10-11 06:48:36,548 [main] INFO  db.DBStoreBuilder (DBStoreBuilder.java:getDbProfile(205)) - Using default options. DBProfile.DISK
2019-10-11 06:48:37,167 [main] INFO  ipc.CallQueueManager (CallQueueManager.java:<init>(84)) - Using callQueue: class java.util.concurrent.LinkedBlockingQueue, queueCapacity: 2000, scheduler: class org.apache.hadoop.ipc.DefaultRpcScheduler, ipcBackoff: false.
2019-10-11 06:48:37,168 [Socket Reader #1 for port 41237] INFO  ipc.Server (Server.java:run(1074)) - Starting Socket Reader #1 for port 41237
2019-10-11 06:48:37,186 [main] INFO  om.OzoneManager (OzoneManager.java:start(1071)) - OzoneManager RPC server is listening at localhost/127.0.0.1:41237
2019-10-11 06:48:37,186 [main] INFO  impl.MetricsSystemImpl (MetricsSystemImpl.java:init(158)) - OzoneManager metrics system started (again)
2019-10-11 06:48:37,187 [IPC Server Responder] INFO  ipc.Server (Server.java:run(1314)) - IPC Server Responder: starting
2019-10-11 06:48:37,189 [IPC Server listener on 41237] INFO  ipc.Server (Server.java:run(1153)) - IPC Server listener on 41237: starting
2019-10-11 06:48:37,195 [main] INFO  hdfs.DFSUtil (DFSUtil.java:httpServerTemplateForNNAndJN(1641)) - Starting Web-server for ozoneManager at: http://0.0.0.0:0
2019-10-11 06:48:37,198 [main] INFO  server.AuthenticationFilter (AuthenticationFilter.java:constructSecretProvider(240)) - Unable to initialize FileSignerSecretProvider, falling back to use random secrets.
2019-10-11 06:48:37,199 [main] WARN  http.HttpRequestLog (HttpRequestLog.java:getRequestLog(97)) - Jetty request log can only be enabled using Log4j
2019-10-11 06:48:37,202 [main] INFO  http.HttpServer2 (HttpServer2.java:addGlobalFilter(975)) - Added global filter 'safety' (class=org.apache.hadoop.http.HttpServer2$QuotingInputFilter)
2019-10-11 06:48:37,203 [main] INFO  http.HttpServer2 (HttpServer2.java:addFilter(948)) - Added filter static_user_filter (class=org.apache.hadoop.http.lib.StaticUserWebFilter$StaticUserFilter) to context ozoneManager
2019-10-11 06:48:37,203 [main] INFO  http.HttpServer2 (HttpServer2.java:addFilter(958)) - Added filter static_user_filter (class=org.apache.hadoop.http.lib.StaticUserWebFilter$StaticUserFilter) to context static
2019-10-11 06:48:37,203 [main] INFO  http.HttpServer2 (HttpServer2.java:addFilter(958)) - Added filter static_user_filter (class=org.apache.hadoop.http.lib.StaticUserWebFilter$StaticUserFilter) to context logs
2019-10-11 06:48:37,205 [main] INFO  http.HttpServer2 (HttpServer2.java:bindListener(1191)) - Jetty bound to port 43942
2019-10-11 06:48:37,205 [main] INFO  server.Server (Server.java:doStart(351)) - jetty-9.3.25.v20180904, build timestamp: 2018-09-04T21:11:46Z, git hash: 3ce520221d0240229c862b122d2b06c12a625732
2019-10-11 06:48:37,208 [main] INFO  handler.ContextHandler (ContextHandler.java:doStart(781)) - Started o.e.j.s.ServletContextHandler@3e5beab5{/logs,file:///workdir/hadoop-ozone/integration-test/target/log,AVAILABLE}
2019-10-11 06:48:37,209 [main] INFO  handler.ContextHandler (ContextHandler.java:doStart(781)) - Started o.e.j.s.ServletContextHandler@33ec2c0c{/static,file:///workdir/hadoop-ozone/integration-test/target/test-classes/webapps/static,AVAILABLE}
2019-10-11 06:48:37,215 [main] INFO  handler.ContextHandler (ContextHandler.java:doStart(781)) - Started o.e.j.w.WebAppContext@7b96de8d{/,file:///workdir/hadoop-ozone/integration-test/target/test-classes/webapps/ozoneManager/,AVAILABLE}{/ozoneManager}
2019-10-11 06:48:37,216 [main] INFO  server.AbstractConnector (AbstractConnector.java:doStart(278)) - Started ServerConnector@7ccd611e{HTTP/1.1,[http/1.1]}{0.0.0.0:43942}
2019-10-11 06:48:37,217 [main] INFO  server.Server (Server.java:doStart(419)) - Started @462456ms
2019-10-11 06:48:37,218 [main] WARN  impl.MetricsSystemImpl (MetricsSystemImpl.java:register(276)) - Sink prometheus already exists!
2019-10-11 06:48:42,222 [main] INFO  server.BaseHttpServer (BaseHttpServer.java:updateConnectorAddress(215)) - HTTP server of OZONEMANAGER is listening at http://0.0.0.0:43942
2019-10-11 06:48:42,260 [main] INFO  impl.MetricsSystemImpl (MetricsSystemImpl.java:init(158)) - HddsDatanode metrics system started (again)
2019-10-11 06:48:42,266 [main] INFO  ozone.HddsDatanodeService (HddsDatanodeService.java:start(184)) - HddsDatanodeService host:trunk-nightly-20191011-nk5dh-3274663048 ip:192.168.151.69
2019-10-11 06:48:42,275 [main] INFO  volume.HddsVolume (HddsVolume.java:<init>(176)) - Creating Volume: /workdir/hadoop-ozone/integration-test/target/test-dir/MiniOzoneClusterImpl-ed757915-0d21-4712-b3aa-7075cc69f4aa/datanode-0/data/containers/hdds of  storage type : DISK and capacity : 1482555576320
2019-10-11 06:48:42,276 [main] INFO  volume.VolumeSet (VolumeSet.java:initializeVolumeSet(170)) - Added Volume : /workdir/hadoop-ozone/integration-test/target/test-dir/MiniOzoneClusterImpl-ed757915-0d21-4712-b3aa-7075cc69f4aa/datanode-0/data/containers/hdds to VolumeSet
2019-10-11 06:48:42,276 [main] INFO  volume.ThrottledAsyncChecker (ThrottledAsyncChecker.java:schedule(141)) - Scheduling a check for org.apache.hadoop.ozone.container.common.volume.HddsVolume@437ed416
2019-10-11 06:48:42,277 [main] INFO  volume.HddsVolumeChecker (HddsVolumeChecker.java:checkAllVolumes(204)) - Scheduled health check for volume org.apache.hadoop.ozone.container.common.volume.HddsVolume@437ed416
2019-10-11 06:48:42,299 [main] INFO  impl.RaftServerProxy (ConfUtils.java:logGet(43)) - raft.rpc.type = GRPC (default)
2019-10-11 06:48:42,299 [main] INFO  grpc.GrpcFactory (GrpcFactory.java:checkPooledByteBufAllocatorUseCacheForAllThreads(45)) - PERFORMANCE WARNING: useCacheForAllThreads is true that may cause Netty to create a lot garbage objects and, as a result, trigger GC.
	It is recommended to disable useCacheForAllThreads by setting -Dorg.apache.ratis.thirdparty.io.netty.allocator.useCacheForAllThreads=false in command line.
2019-10-11 06:48:42,299 [main] INFO  grpc.GrpcConfigKeys$Server (ConfUtils.java:logGet(43)) - raft.grpc.server.port = 0 (default)
2019-10-11 06:48:42,300 [main] INFO  server.GrpcService (ConfUtils.java:logGet(43)) - raft.grpc.message.size.max = 33570816 (custom)
2019-10-11 06:48:42,300 [main] INFO  server.RaftServerConfigKeys (ConfUtils.java:logGet(43)) - raft.server.log.appender.buffer.byte-limit = 33554432 (custom)
2019-10-11 06:48:42,300 [main] INFO  server.GrpcService (ConfUtils.java:logGet(43)) - raft.grpc.flow.control.window = 1MB (=1048576) (default)
2019-10-11 06:48:42,300 [main] INFO  server.RaftServerConfigKeys (ConfUtils.java:logGet(43)) - raft.server.rpc.request.timeout = 3000ms (default)
2019-10-11 06:48:42,301 [main] INFO  server.RaftServerConfigKeys (ConfUtils.java:logGet(43)) - raft.server.storage.dir = [/workdir/hadoop-ozone/integration-test/target/test-dir/MiniOzoneClusterImpl-ed757915-0d21-4712-b3aa-7075cc69f4aa/datanode-0/data/ratis] (custom)
2019-10-11 06:48:42,304 [main] INFO  hdfs.DFSUtil (DFSUtil.java:httpServerTemplateForNNAndJN(1641)) - Starting Web-server for hddsDatanode at: http://0.0.0.0:0
2019-10-11 06:48:42,308 [main] INFO  server.AuthenticationFilter (AuthenticationFilter.java:constructSecretProvider(240)) - Unable to initialize FileSignerSecretProvider, falling back to use random secrets.
2019-10-11 06:48:42,310 [main] WARN  http.HttpRequestLog (HttpRequestLog.java:getRequestLog(97)) - Jetty request log can only be enabled using Log4j
2019-10-11 06:48:42,312 [main] INFO  http.HttpServer2 (HttpServer2.java:addGlobalFilter(975)) - Added global filter 'safety' (class=org.apache.hadoop.http.HttpServer2$QuotingInputFilter)
2019-10-11 06:48:42,313 [main] INFO  http.HttpServer2 (HttpServer2.java:addFilter(948)) - Added filter static_user_filter (class=org.apache.hadoop.http.lib.StaticUserWebFilter$StaticUserFilter) to context hddsDatanode
2019-10-11 06:48:42,313 [main] INFO  http.HttpServer2 (HttpServer2.java:addFilter(958)) - Added filter static_user_filter (class=org.apache.hadoop.http.lib.StaticUserWebFilter$StaticUserFilter) to context static
2019-10-11 06:48:42,313 [main] INFO  http.HttpServer2 (HttpServer2.java:addFilter(958)) - Added filter static_user_filter (class=org.apache.hadoop.http.lib.StaticUserWebFilter$StaticUserFilter) to context logs
2019-10-11 06:48:42,315 [main] INFO  http.HttpServer2 (HttpServer2.java:bindListener(1191)) - Jetty bound to port 41807
2019-10-11 06:48:42,315 [main] INFO  server.Server (Server.java:doStart(351)) - jetty-9.3.25.v20180904, build timestamp: 2018-09-04T21:11:46Z, git hash: 3ce520221d0240229c862b122d2b06c12a625732
2019-10-11 06:48:42,318 [main] INFO  handler.ContextHandler (ContextHandler.java:doStart(781)) - Started o.e.j.s.ServletContextHandler@2589d787{/logs,file:///workdir/hadoop-ozone/integration-test/target/log,AVAILABLE}
2019-10-11 06:48:42,319 [main] INFO  handler.ContextHandler (ContextHandler.java:doStart(781)) - Started o.e.j.s.ServletContextHandler@16d431b4{/static,jar:file:/home/user/.m2/repository/org/apache/hadoop/hadoop-hdds-container-service/0.5.0-SNAPSHOT/hadoop-hdds-container-service-0.5.0-SNAPSHOT.jar!/webapps/static,AVAILABLE}
2019-10-11 06:48:42,359 [main] INFO  handler.ContextHandler (ContextHandler.java:doStart(781)) - Started o.e.j.w.WebAppContext@37606fee{/,file:///tmp/jetty-0.0.0.0-41807-hddsDatanode-_-any-6244454372777183759.dir/webapp/,AVAILABLE}{/hddsDatanode}
2019-10-11 06:48:42,360 [main] INFO  server.AbstractConnector (AbstractConnector.java:doStart(278)) - Started ServerConnector@33d28f0a{HTTP/1.1,[http/1.1]}{0.0.0.0:41807}
2019-10-11 06:48:42,362 [main] INFO  server.Server (Server.java:doStart(419)) - Started @467600ms
2019-10-11 06:48:42,362 [main] WARN  impl.MetricsSystemImpl (MetricsSystemImpl.java:register(276)) - Sink prometheus already exists!
2019-10-11 06:48:47,366 [main] INFO  server.BaseHttpServer (BaseHttpServer.java:updateConnectorAddress(215)) - HTTP server of HDDSDATANODE is listening at http://0.0.0.0:41807
2019-10-11 06:48:47,367 [main] INFO  impl.MetricsSystemImpl (MetricsSystemImpl.java:init(158)) - HddsDatanode metrics system started (again)
2019-10-11 06:48:47,369 [org.apache.hadoop.util.JvmPauseMonitor$Monitor@25303c22] INFO  util.JvmPauseMonitor (JvmPauseMonitor.java:run(188)) - Starting JVM pause monitor
2019-10-11 06:48:47,376 [main] INFO  ozone.HddsDatanodeService (HddsDatanodeService.java:start(184)) - HddsDatanodeService host:trunk-nightly-20191011-nk5dh-3274663048 ip:192.168.151.69
2019-10-11 06:48:47,383 [Datanode State Machine Thread - 0] INFO  datanode.InitDatanodeState (InitDatanodeState.java:persistContainerDatanodeDetails(140)) - DatanodeDetails is persisted to /workdir/hadoop-ozone/integration-test/target/test-dir/MiniOzoneClusterImpl-ed757915-0d21-4712-b3aa-7075cc69f4aa/datanode-0/meta/datanode.id
2019-10-11 06:48:47,387 [main] INFO  volume.HddsVolume (HddsVolume.java:<init>(176)) - Creating Volume: /workdir/hadoop-ozone/integration-test/target/test-dir/MiniOzoneClusterImpl-ed757915-0d21-4712-b3aa-7075cc69f4aa/datanode-1/data/containers/hdds of  storage type : DISK and capacity : 1482555576320
2019-10-11 06:48:47,387 [main] INFO  volume.VolumeSet (VolumeSet.java:initializeVolumeSet(170)) - Added Volume : /workdir/hadoop-ozone/integration-test/target/test-dir/MiniOzoneClusterImpl-ed757915-0d21-4712-b3aa-7075cc69f4aa/datanode-1/data/containers/hdds to VolumeSet
2019-10-11 06:48:47,387 [main] INFO  volume.ThrottledAsyncChecker (ThrottledAsyncChecker.java:schedule(141)) - Scheduling a check for org.apache.hadoop.ozone.container.common.volume.HddsVolume@8641b7d
2019-10-11 06:48:47,388 [main] INFO  volume.HddsVolumeChecker (HddsVolumeChecker.java:checkAllVolumes(204)) - Scheduled health check for volume org.apache.hadoop.ozone.container.common.volume.HddsVolume@8641b7d
2019-10-11 06:48:47,404 [main] INFO  impl.RaftServerProxy (ConfUtils.java:logGet(43)) - raft.rpc.type = GRPC (default)
2019-10-11 06:48:47,404 [main] INFO  grpc.GrpcFactory (GrpcFactory.java:checkPooledByteBufAllocatorUseCacheForAllThreads(45)) - PERFORMANCE WARNING: useCacheForAllThreads is true that may cause Netty to create a lot garbage objects and, as a result, trigger GC.
	It is recommended to disable useCacheForAllThreads by setting -Dorg.apache.ratis.thirdparty.io.netty.allocator.useCacheForAllThreads=false in command line.
2019-10-11 06:48:47,405 [main] INFO  grpc.GrpcConfigKeys$Server (ConfUtils.java:logGet(43)) - raft.grpc.server.port = 0 (default)
2019-10-11 06:48:47,405 [main] INFO  server.GrpcService (ConfUtils.java:logGet(43)) - raft.grpc.message.size.max = 33570816 (custom)
2019-10-11 06:48:47,405 [main] INFO  server.RaftServerConfigKeys (ConfUtils.java:logGet(43)) - raft.server.log.appender.buffer.byte-limit = 33554432 (custom)
2019-10-11 06:48:47,405 [main] INFO  server.GrpcService (ConfUtils.java:logGet(43)) - raft.grpc.flow.control.window = 1MB (=1048576) (default)
2019-10-11 06:48:47,405 [main] INFO  server.RaftServerConfigKeys (ConfUtils.java:logGet(43)) - raft.server.rpc.request.timeout = 3000ms (default)
2019-10-11 06:48:47,406 [main] INFO  server.RaftServerConfigKeys (ConfUtils.java:logGet(43)) - raft.server.storage.dir = [/workdir/hadoop-ozone/integration-test/target/test-dir/MiniOzoneClusterImpl-ed757915-0d21-4712-b3aa-7075cc69f4aa/datanode-1/data/ratis] (custom)
2019-10-11 06:48:49,392 [Datanode State Machine Thread - 0] INFO  ozoneimpl.OzoneContainer (OzoneContainer.java:start(213)) - Attempting to start container services.
2019-10-11 06:48:49,393 [Datanode State Machine Thread - 0] INFO  ozoneimpl.OzoneContainer (OzoneContainer.java:startContainerScrub(177)) - Background container scanner has been disabled.
2019-10-11 06:48:49,393 [Datanode State Machine Thread - 0] INFO  ratis.XceiverServerRatis (XceiverServerRatis.java:start(418)) - Starting XceiverServerRatis 02fc17f2-a171-4409-bf59-9a8dc8ee473e at port 0
2019-10-11 06:48:49,399 [Datanode State Machine Thread - 0] INFO  impl.RaftServerProxy (RaftServerProxy.java:lambda$start$3(299)) - 02fc17f2-a171-4409-bf59-9a8dc8ee473e: start RPC server
2019-10-11 06:48:49,408 [Datanode State Machine Thread - 0] INFO  server.GrpcService (GrpcService.java:startImpl(158)) - 02fc17f2-a171-4409-bf59-9a8dc8ee473e: GrpcService started, listening on 0.0.0.0/0.0.0.0:41769
2019-10-11 06:48:49,409 [Datanode State Machine Thread - 0] INFO  ratis.XceiverServerRatis (XceiverServerRatis.java:start(428)) - XceiverServerRatis 02fc17f2-a171-4409-bf59-9a8dc8ee473e is started using port 41769
2019-10-11 06:48:49,410 [Datanode State Machine Thread - 0] INFO  server.XceiverServerGrpc (XceiverServerGrpc.java:start(149)) - XceiverServerGrpc 02fc17f2-a171-4409-bf59-9a8dc8ee473e is started using port 43492
2019-10-11 06:48:51,373 [IPC Server handler 1 on 34687] INFO  net.NetworkTopology (NetworkTopologyImpl.java:add(111)) - Added a new node: /default-rack/02fc17f2-a171-4409-bf59-9a8dc8ee473e
2019-10-11 06:48:51,375 [IPC Server handler 1 on 34687] INFO  node.SCMNodeManager (SCMNodeManager.java:register(268)) - Registered Data node : 02fc17f2-a171-4409-bf59-9a8dc8ee473e{ip: 192.168.151.69, host: trunk-nightly-20191011-nk5dh-3274663048, networkLocation: /default-rack, certSerialId: null}
2019-10-11 06:48:51,377 [EventQueue-NodeRegistrationContainerReportForDataNodeSafeModeRule] INFO  safemode.SCMSafeModeManager (DataNodeSafeModeRule.java:process(71)) - SCM in safe mode. 1 DataNodes registered, 1 required.
2019-10-11 06:48:51,379 [EventQueue-NodeRegistrationContainerReportForDataNodeSafeModeRule] INFO  safemode.SCMSafeModeManager (SCMSafeModeManager.java:validateSafeModeExitRules(177)) - ScmSafeModeManager, all rules are successfully validated
2019-10-11 06:48:51,379 [EventQueue-NodeRegistrationContainerReportForDataNodeSafeModeRule] INFO  safemode.SCMSafeModeManager (SCMSafeModeManager.java:exitSafeMode(193)) - SCM exiting safe mode.
2019-10-11 06:48:51,394 [grpc-default-executor-5] INFO  impl.RaftServerProxy (RaftServerProxy.java:addNew(89)) - 02fc17f2-a171-4409-bf59-9a8dc8ee473e: addNew group-D03B567DF1AC:[02fc17f2-a171-4409-bf59-9a8dc8ee473e:192.168.151.69:41769] returns group-D03B567DF1AC:java.util.concurrent.CompletableFuture@5e0b7dc1[Not completed]
2019-10-11 06:48:51,397 [pool-383-thread-1] INFO  impl.RaftServerImpl (RaftServerImpl.java:<init>(95)) - 02fc17f2-a171-4409-bf59-9a8dc8ee473e: new RaftServerImpl for group-D03B567DF1AC:[02fc17f2-a171-4409-bf59-9a8dc8ee473e:192.168.151.69:41769] with ContainerStateMachine:uninitialized
2019-10-11 06:48:51,397 [pool-383-thread-1] INFO  server.RaftServerConfigKeys (ConfUtils.java:logGet(43)) - raft.server.rpc.timeout.min = 5s (custom)
2019-10-11 06:48:51,398 [pool-383-thread-1] INFO  server.RaftServerConfigKeys (ConfUtils.java:logGet(43)) - raft.server.rpc.timeout.max = 5200ms (custom)
2019-10-11 06:48:51,398 [pool-383-thread-1] INFO  server.RaftServerConfigKeys (ConfUtils.java:logGet(43)) - raft.server.rpcslowness.timeout = 120s (custom)
2019-10-11 06:48:51,398 [pool-383-thread-1] INFO  server.RaftServerConfigKeys (ConfUtils.java:logGet(43)) - raft.server.sleep.deviation.threshold = 300 (default)
2019-10-11 06:48:51,398 [pool-383-thread-1] INFO  server.RaftServerConfigKeys (ConfUtils.java:logGet(43)) - raft.server.log.appender.install.snapshot.enabled = false (custom)
2019-10-11 06:48:51,398 [pool-383-thread-1] INFO  impl.RaftServerImpl (ServerState.java:<init>(103)) - 02fc17f2-a171-4409-bf59-9a8dc8ee473e@group-D03B567DF1AC: ConfigurationManager, init=-1: [02fc17f2-a171-4409-bf59-9a8dc8ee473e:192.168.151.69:41769], old=null, confs=<EMPTY_MAP>
2019-10-11 06:48:51,399 [pool-383-thread-1] INFO  server.RaftServerConfigKeys (ConfUtils.java:logGet(43)) - raft.server.storage.dir = [/workdir/hadoop-ozone/integration-test/target/test-dir/MiniOzoneClusterImpl-ed757915-0d21-4712-b3aa-7075cc69f4aa/datanode-0/data/ratis] (custom)
2019-10-11 06:48:51,399 [pool-383-thread-1] INFO  server.RaftServerConfigKeys (ConfUtils.java:logGet(43)) - raft.server.log.corruption.policy = EXCEPTION (default)
2019-10-11 06:48:51,399 [pool-383-thread-1] INFO  storage.RaftStorageDirectory (RaftStorageDirectory.java:analyzeStorage(246)) - The storage directory /workdir/hadoop-ozone/integration-test/target/test-dir/MiniOzoneClusterImpl-ed757915-0d21-4712-b3aa-7075cc69f4aa/datanode-0/data/ratis/e259107c-31ee-4427-ad98-d03b567df1ac does not exist. Creating ...
2019-10-11 06:48:51,413 [pool-383-thread-1] INFO  storage.RaftStorageDirectory (RaftStorageDirectory.java:tryLock(328)) - Lock on /workdir/hadoop-ozone/integration-test/target/test-dir/MiniOzoneClusterImpl-ed757915-0d21-4712-b3aa-7075cc69f4aa/datanode-0/data/ratis/e259107c-31ee-4427-ad98-d03b567df1ac/in_use.lock acquired by nodename 26646@trunk-nightly-20191011-nk5dh-3274663048
2019-10-11 06:48:51,426 [pool-383-thread-1] INFO  storage.RaftStorage (RaftStorage.java:format(84)) - Storage directory /workdir/hadoop-ozone/integration-test/target/test-dir/MiniOzoneClusterImpl-ed757915-0d21-4712-b3aa-7075cc69f4aa/datanode-0/data/ratis/e259107c-31ee-4427-ad98-d03b567df1ac has been successfully formatted.
2019-10-11 06:48:51,427 [pool-383-thread-1] INFO  ratis.ContainerStateMachine (ContainerStateMachine.java:loadSnapshot(231)) - group-D03B567DF1AC: The snapshot info is null. Setting the last applied indexto:(t:0, i:~)
2019-10-11 06:48:51,427 [pool-383-thread-1] INFO  server.RaftServerConfigKeys (ConfUtils.java:logGet(43)) - raft.server.notification.no-leader.timeout = 120s (custom)
2019-10-11 06:48:51,427 [pool-383-thread-1] INFO  server.RaftServerConfigKeys (ConfUtils.java:logGet(43)) - raft.server.log.use.memory = false (default)
2019-10-11 06:48:51,427 [pool-383-thread-1] INFO  server.RaftServerConfigKeys (ConfUtils.java:logGet(43)) - raft.server.log.purge.gap = 1000000 (custom)
2019-10-11 06:48:51,428 [pool-383-thread-1] INFO  server.RaftServerConfigKeys (ConfUtils.java:logGet(43)) - raft.server.log.appender.buffer.byte-limit = 33554432 (custom)
2019-10-11 06:48:51,428 [pool-383-thread-1] INFO  server.RaftServerConfigKeys (ConfUtils.java:logGet(43)) - raft.server.log.segment.size.max = 1048576 (custom)
2019-10-11 06:48:51,434 [pool-383-thread-1] INFO  server.RaftServerConfigKeys (ConfUtils.java:logGet(43)) - raft.server.log.segment.cache.num.max = 2 (custom)
2019-10-11 06:48:51,434 [pool-383-thread-1] INFO  segmented.SegmentedRaftLogWorker (SegmentedRaftLogWorker.java:<init>(173)) - new 02fc17f2-a171-4409-bf59-9a8dc8ee473e@group-D03B567DF1AC-SegmentedRaftLogWorker for RaftStorage:Storage Directory /workdir/hadoop-ozone/integration-test/target/test-dir/MiniOzoneClusterImpl-ed757915-0d21-4712-b3aa-7075cc69f4aa/datanode-0/data/ratis/e259107c-31ee-4427-ad98-d03b567df1ac
2019-10-11 06:48:51,434 [pool-383-thread-1] INFO  server.RaftServerConfigKeys (ConfUtils.java:logGet(43)) - raft.server.log.queue.byte-limit = 2147483647 (custom)
2019-10-11 06:48:51,434 [pool-383-thread-1] INFO  server.RaftServerConfigKeys (ConfUtils.java:logGet(43)) - raft.server.log.queue.element-limit = 1024 (custom)
2019-10-11 06:48:51,434 [pool-383-thread-1] INFO  server.RaftServerConfigKeys (ConfUtils.java:logGet(43)) - raft.server.log.segment.size.max = 1048576 (custom)
2019-10-11 06:48:51,434 [pool-383-thread-1] INFO  server.RaftServerConfigKeys (ConfUtils.java:logGet(43)) - raft.server.log.preallocated.size = 16384 (custom)
2019-10-11 06:48:51,434 [pool-383-thread-1] INFO  server.RaftServerConfigKeys (ConfUtils.java:logGet(43)) - raft.server.log.write.buffer.size = 33554432 (custom)
2019-10-11 06:48:51,435 [pool-383-thread-1] INFO  server.RaftServerConfigKeys (ConfUtils.java:logGet(43)) - raft.server.log.force.sync.num = 128 (default)
2019-10-11 06:48:51,435 [pool-383-thread-1] INFO  server.RaftServerConfigKeys (ConfUtils.java:logGet(43)) - raft.server.log.statemachine.data.sync = true (default)
2019-10-11 06:48:51,435 [pool-383-thread-1] INFO  server.RaftServerConfigKeys (ConfUtils.java:logGet(43)) - raft.server.log.statemachine.data.sync.timeout = 10s (default)
2019-10-11 06:48:51,435 [pool-383-thread-1] INFO  server.RaftServerConfigKeys (ConfUtils.java:logGet(43)) - raft.server.log.statemachine.data.sync.timeout.retry = -1 (default)
2019-10-11 06:48:51,436 [pool-383-thread-1] INFO  server.RaftServerConfigKeys (ConfUtils.java:logGet(43)) - raft.server.log.statemachine.data.caching.enabled = true (custom)
2019-10-11 06:48:51,436 [pool-383-thread-1] INFO  segmented.SegmentedRaftLogWorker (SegmentedRaftLogWorker.java:lambda$new$0(128)) - 02fc17f2-a171-4409-bf59-9a8dc8ee473e@group-D03B567DF1AC-SegmentedRaftLogWorker: flushIndex: setUnconditionally 0 -> -1
2019-10-11 06:48:51,437 [pool-383-thread-1] INFO  server.RaftServerConfigKeys (ConfUtils.java:logGet(43)) - raft.server.snapshot.auto.trigger.enabled = true (custom)
2019-10-11 06:48:51,437 [pool-383-thread-1] INFO  server.RaftServerConfigKeys (ConfUtils.java:logGet(43)) - raft.server.snapshot.auto.trigger.threshold = 10000 (custom)
2019-10-11 06:48:51,437 [pool-383-thread-1] INFO  server.RaftServerConfigKeys (ConfUtils.java:logGet(43)) - raft.server.snapshot.retention.file.num = 5 (custom)
2019-10-11 06:48:51,437 [pool-383-thread-1] INFO  server.RaftServerConfigKeys (ConfUtils.java:logGet(43)) - raft.server.retrycache.expirytime = 600000ms (custom)
2019-10-11 06:48:51,439 [pool-383-thread-1] INFO  impl.RaftServerImpl (RaftServerImpl.java:start(181)) - 02fc17f2-a171-4409-bf59-9a8dc8ee473e@group-D03B567DF1AC: start as a follower, conf=-1: [02fc17f2-a171-4409-bf59-9a8dc8ee473e:192.168.151.69:41769], old=null
2019-10-11 06:48:51,439 [pool-383-thread-1] INFO  impl.RaftServerImpl (RaftServerImpl.java:setRole(170)) - 02fc17f2-a171-4409-bf59-9a8dc8ee473e@group-D03B567DF1AC: changes role from      null to FOLLOWER at term 0 for startAsFollower
2019-10-11 06:48:51,440 [pool-383-thread-1] INFO  impl.RoleInfo (RoleInfo.java:updateAndGet(143)) - 02fc17f2-a171-4409-bf59-9a8dc8ee473e: start FollowerState
2019-10-11 06:48:51,440 [pool-383-thread-1] INFO  util.JmxRegister (JmxRegister.java:tryRegister(44)) - Successfully registered JMX Bean with object name Ratis:service=RaftServer,group=group-D03B567DF1AC,id=02fc17f2-a171-4409-bf59-9a8dc8ee473e
2019-10-11 06:48:51,448 [RatisPipelineUtilsThread] INFO  pipeline.PipelineStateManager (PipelineStateManager.java:addPipeline(56)) - Created pipeline Pipeline[ Id: e259107c-31ee-4427-ad98-d03b567df1ac, Nodes: 02fc17f2-a171-4409-bf59-9a8dc8ee473e{ip: 192.168.151.69, host: trunk-nightly-20191011-nk5dh-3274663048, networkLocation: /default-rack, certSerialId: null}, Type:RATIS, Factor:ONE, State:OPEN]
2019-10-11 06:48:52,412 [main] INFO  hdfs.DFSUtil (DFSUtil.java:httpServerTemplateForNNAndJN(1641)) - Starting Web-server for hddsDatanode at: http://0.0.0.0:0
2019-10-11 06:48:52,415 [main] INFO  server.AuthenticationFilter (AuthenticationFilter.java:constructSecretProvider(240)) - Unable to initialize FileSignerSecretProvider, falling back to use random secrets.
2019-10-11 06:48:52,416 [main] WARN  http.HttpRequestLog (HttpRequestLog.java:getRequestLog(97)) - Jetty request log can only be enabled using Log4j
2019-10-11 06:48:52,417 [main] INFO  http.HttpServer2 (HttpServer2.java:addGlobalFilter(975)) - Added global filter 'safety' (class=org.apache.hadoop.http.HttpServer2$QuotingInputFilter)
2019-10-11 06:48:52,418 [main] INFO  http.HttpServer2 (HttpServer2.java:addFilter(948)) - Added filter static_user_filter (class=org.apache.hadoop.http.lib.StaticUserWebFilter$StaticUserFilter) to context hddsDatanode
2019-10-11 06:48:52,418 [main] INFO  http.HttpServer2 (HttpServer2.java:addFilter(958)) - Added filter static_user_filter (class=org.apache.hadoop.http.lib.StaticUserWebFilter$StaticUserFilter) to context logs
2019-10-11 06:48:52,418 [main] INFO  http.HttpServer2 (HttpServer2.java:addFilter(958)) - Added filter static_user_filter (class=org.apache.hadoop.http.lib.StaticUserWebFilter$StaticUserFilter) to context static
2019-10-11 06:48:52,419 [main] INFO  http.HttpServer2 (HttpServer2.java:bindListener(1191)) - Jetty bound to port 40627
2019-10-11 06:48:52,419 [main] INFO  server.Server (Server.java:doStart(351)) - jetty-9.3.25.v20180904, build timestamp: 2018-09-04T21:11:46Z, git hash: 3ce520221d0240229c862b122d2b06c12a625732
2019-10-11 06:48:52,422 [main] INFO  handler.ContextHandler (ContextHandler.java:doStart(781)) - Started o.e.j.s.ServletContextHandler@6629643d{/logs,file:///workdir/hadoop-ozone/integration-test/target/log,AVAILABLE}
2019-10-11 06:48:52,422 [main] INFO  handler.ContextHandler (ContextHandler.java:doStart(781)) - Started o.e.j.s.ServletContextHandler@64656b9e{/static,jar:file:/home/user/.m2/repository/org/apache/hadoop/hadoop-hdds-container-service/0.5.0-SNAPSHOT/hadoop-hdds-container-service-0.5.0-SNAPSHOT.jar!/webapps/static,AVAILABLE}
2019-10-11 06:48:52,456 [main] INFO  handler.ContextHandler (ContextHandler.java:doStart(781)) - Started o.e.j.w.WebAppContext@1a914089{/,file:///tmp/jetty-0.0.0.0-40627-hddsDatanode-_-any-5099243326519223056.dir/webapp/,AVAILABLE}{/hddsDatanode}
2019-10-11 06:48:52,457 [main] INFO  server.AbstractConnector (AbstractConnector.java:doStart(278)) - Started ServerConnector@43d76a92{HTTP/1.1,[http/1.1]}{0.0.0.0:40627}
2019-10-11 06:48:52,459 [main] INFO  server.Server (Server.java:doStart(419)) - Started @477697ms
2019-10-11 06:48:52,459 [main] WARN  impl.MetricsSystemImpl (MetricsSystemImpl.java:register(276)) - Sink prometheus already exists!
2019-10-11 06:48:54,381 [Thread-2461] INFO  container.ReplicationManager (ReplicationManager.java:start(162)) - Starting Replication Monitor Thread.
2019-10-11 06:48:54,383 [ReplicationMonitor] INFO  container.ReplicationManager (ReplicationManager.java:run(225)) - Replication Monitor Thread took 1 milliseconds for processing 0 containers.
2019-10-11 06:48:56,494 [Thread-2463] INFO  impl.FollowerState (FollowerState.java:run(108)) - 02fc17f2-a171-4409-bf59-9a8dc8ee473e@group-D03B567DF1AC-FollowerState: change to CANDIDATE, lastRpcTime:5054ms, electionTimeout:5054ms
2019-10-11 06:48:56,495 [Thread-2463] INFO  impl.RoleInfo (RoleInfo.java:shutdownFollowerState(121)) - 02fc17f2-a171-4409-bf59-9a8dc8ee473e: shutdown FollowerState
2019-10-11 06:48:56,495 [Thread-2463] INFO  impl.RaftServerImpl (RaftServerImpl.java:setRole(170)) - 02fc17f2-a171-4409-bf59-9a8dc8ee473e@group-D03B567DF1AC: changes role from  FOLLOWER to CANDIDATE at term 0 for changeToCandidate
2019-10-11 06:48:56,495 [Thread-2463] INFO  impl.RoleInfo (RoleInfo.java:updateAndGet(143)) - 02fc17f2-a171-4409-bf59-9a8dc8ee473e: start LeaderElection
2019-10-11 06:48:56,516 [02fc17f2-a171-4409-bf59-9a8dc8ee473e@group-D03B567DF1AC-LeaderElection64] INFO  impl.LeaderElection (LeaderElection.java:askForVotes(178)) - 02fc17f2-a171-4409-bf59-9a8dc8ee473e@group-D03B567DF1AC-LeaderElection64: begin an election at term 1 for -1: [02fc17f2-a171-4409-bf59-9a8dc8ee473e:192.168.151.69:41769], old=null
2019-10-11 06:48:56,516 [02fc17f2-a171-4409-bf59-9a8dc8ee473e@group-D03B567DF1AC-LeaderElection64] INFO  impl.RoleInfo (RoleInfo.java:shutdownLeaderElection(134)) - 02fc17f2-a171-4409-bf59-9a8dc8ee473e: shutdown LeaderElection
2019-10-11 06:48:56,516 [02fc17f2-a171-4409-bf59-9a8dc8ee473e@group-D03B567DF1AC-LeaderElection64] INFO  impl.RaftServerImpl (RaftServerImpl.java:setRole(170)) - 02fc17f2-a171-4409-bf59-9a8dc8ee473e@group-D03B567DF1AC: changes role from CANDIDATE to LEADER at term 1 for changeToLeader
2019-10-11 06:48:56,517 [02fc17f2-a171-4409-bf59-9a8dc8ee473e@group-D03B567DF1AC-LeaderElection64] INFO  impl.RaftServerImpl (ServerState.java:setLeader(255)) - 02fc17f2-a171-4409-bf59-9a8dc8ee473e@group-D03B567DF1AC: change Leader from null to 02fc17f2-a171-4409-bf59-9a8dc8ee473e at term 1 for becomeLeader, leader elected after 5089ms
2019-10-11 06:48:56,517 [02fc17f2-a171-4409-bf59-9a8dc8ee473e@group-D03B567DF1AC-LeaderElection64] INFO  server.RaftServerConfigKeys (ConfUtils.java:logGet(43)) - raft.server.staging.catchup.gap = 1000 (default)
2019-10-11 06:48:56,517 [02fc17f2-a171-4409-bf59-9a8dc8ee473e@group-D03B567DF1AC-LeaderElection64] INFO  server.RaftServerConfigKeys (ConfUtils.java:logGet(43)) - raft.server.rpc.sleep.time = 25ms (default)
2019-10-11 06:48:56,517 [02fc17f2-a171-4409-bf59-9a8dc8ee473e@group-D03B567DF1AC-LeaderElection64] INFO  server.RaftServerConfigKeys (ConfUtils.java:logGet(43)) - raft.server.write.element-limit = 4096 (default)
2019-10-11 06:48:56,517 [02fc17f2-a171-4409-bf59-9a8dc8ee473e@group-D03B567DF1AC-LeaderElection64] INFO  server.RaftServerConfigKeys (ConfUtils.java:logGet(43)) - raft.server.watch.timeout = 10s (default)
2019-10-11 06:48:56,518 [02fc17f2-a171-4409-bf59-9a8dc8ee473e@group-D03B567DF1AC-LeaderElection64] INFO  server.RaftServerConfigKeys (ConfUtils.java:logGet(43)) - raft.server.watch.timeout.denomination = 1s (default)
2019-10-11 06:48:56,518 [02fc17f2-a171-4409-bf59-9a8dc8ee473e@group-D03B567DF1AC-LeaderElection64] INFO  server.RaftServerConfigKeys (ConfUtils.java:logGet(43)) - raft.server.watch.element-limit = 65536 (default)
2019-10-11 06:48:56,520 [02fc17f2-a171-4409-bf59-9a8dc8ee473e@group-D03B567DF1AC-LeaderElection64] INFO  impl.RoleInfo (RoleInfo.java:updateAndGet(143)) - 02fc17f2-a171-4409-bf59-9a8dc8ee473e: start LeaderState
2019-10-11 06:48:56,520 [02fc17f2-a171-4409-bf59-9a8dc8ee473e@group-D03B567DF1AC-LeaderElection64] INFO  segmented.SegmentedRaftLogWorker (SegmentedRaftLogWorker.java:startLogSegment(385)) - 02fc17f2-a171-4409-bf59-9a8dc8ee473e@group-D03B567DF1AC-SegmentedRaftLogWorker: Starting segment from index:0
2019-10-11 06:48:56,521 [02fc17f2-a171-4409-bf59-9a8dc8ee473e@group-D03B567DF1AC-LeaderElection64] INFO  impl.RaftServerImpl (ServerState.java:setRaftConf(356)) - 02fc17f2-a171-4409-bf59-9a8dc8ee473e@group-D03B567DF1AC: set configuration 0: [02fc17f2-a171-4409-bf59-9a8dc8ee473e:192.168.151.69:41769], old=null at 0
2019-10-11 06:48:56,565 [02fc17f2-a171-4409-bf59-9a8dc8ee473e@group-D03B567DF1AC-SegmentedRaftLogWorker] INFO  segmented.SegmentedRaftLogWorker (SegmentedRaftLogWorker.java:execute(574)) - 02fc17f2-a171-4409-bf59-9a8dc8ee473e@group-D03B567DF1AC-SegmentedRaftLogWorker: created new log segment /workdir/hadoop-ozone/integration-test/target/test-dir/MiniOzoneClusterImpl-ed757915-0d21-4712-b3aa-7075cc69f4aa/datanode-0/data/ratis/e259107c-31ee-4427-ad98-d03b567df1ac/current/log_inprogress_0
2019-10-11 06:48:57,464 [main] INFO  server.BaseHttpServer (BaseHttpServer.java:updateConnectorAddress(215)) - HTTP server of HDDSDATANODE is listening at http://0.0.0.0:40627
2019-10-11 06:48:57,465 [main] INFO  impl.MetricsSystemImpl (MetricsSystemImpl.java:init(158)) - HddsDatanode metrics system started (again)
2019-10-11 06:48:57,471 [org.apache.hadoop.util.JvmPauseMonitor$Monitor@175ce96] INFO  util.JvmPauseMonitor (JvmPauseMonitor.java:run(188)) - Starting JVM pause monitor
2019-10-11 06:48:57,471 [main] INFO  ozone.HddsDatanodeService (HddsDatanodeService.java:start(184)) - HddsDatanodeService host:trunk-nightly-20191011-nk5dh-3274663048 ip:192.168.151.69
2019-10-11 06:48:57,474 [Datanode State Machine Thread - 0] INFO  datanode.InitDatanodeState (InitDatanodeState.java:persistContainerDatanodeDetails(140)) - DatanodeDetails is persisted to /workdir/hadoop-ozone/integration-test/target/test-dir/MiniOzoneClusterImpl-ed757915-0d21-4712-b3aa-7075cc69f4aa/datanode-1/meta/datanode.id
2019-10-11 06:48:57,480 [main] INFO  volume.HddsVolume (HddsVolume.java:<init>(176)) - Creating Volume: /workdir/hadoop-ozone/integration-test/target/test-dir/MiniOzoneClusterImpl-ed757915-0d21-4712-b3aa-7075cc69f4aa/datanode-2/data/containers/hdds of  storage type : DISK and capacity : 1482555576320
2019-10-11 06:48:57,480 [main] INFO  volume.VolumeSet (VolumeSet.java:initializeVolumeSet(170)) - Added Volume : /workdir/hadoop-ozone/integration-test/target/test-dir/MiniOzoneClusterImpl-ed757915-0d21-4712-b3aa-7075cc69f4aa/datanode-2/data/containers/hdds to VolumeSet
2019-10-11 06:48:57,480 [main] INFO  volume.ThrottledAsyncChecker (ThrottledAsyncChecker.java:schedule(141)) - Scheduling a check for org.apache.hadoop.ozone.container.common.volume.HddsVolume@55361f03
2019-10-11 06:48:57,481 [main] INFO  volume.HddsVolumeChecker (HddsVolumeChecker.java:checkAllVolumes(204)) - Scheduled health check for volume org.apache.hadoop.ozone.container.common.volume.HddsVolume@55361f03
2019-10-11 06:48:57,498 [main] INFO  impl.RaftServerProxy (ConfUtils.java:logGet(43)) - raft.rpc.type = GRPC (default)
2019-10-11 06:48:57,498 [main] INFO  grpc.GrpcFactory (GrpcFactory.java:checkPooledByteBufAllocatorUseCacheForAllThreads(45)) - PERFORMANCE WARNING: useCacheForAllThreads is true that may cause Netty to create a lot garbage objects and, as a result, trigger GC.
	It is recommended to disable useCacheForAllThreads by setting -Dorg.apache.ratis.thirdparty.io.netty.allocator.useCacheForAllThreads=false in command line.
2019-10-11 06:48:57,498 [main] INFO  grpc.GrpcConfigKeys$Server (ConfUtils.java:logGet(43)) - raft.grpc.server.port = 0 (default)
2019-10-11 06:48:57,498 [main] INFO  server.GrpcService (ConfUtils.java:logGet(43)) - raft.grpc.message.size.max = 33570816 (custom)
2019-10-11 06:48:57,499 [main] INFO  server.RaftServerConfigKeys (ConfUtils.java:logGet(43)) - raft.server.log.appender.buffer.byte-limit = 33554432 (custom)
2019-10-11 06:48:57,499 [main] INFO  server.GrpcService (ConfUtils.java:logGet(43)) - raft.grpc.flow.control.window = 1MB (=1048576) (default)
2019-10-11 06:48:57,499 [main] INFO  server.RaftServerConfigKeys (ConfUtils.java:logGet(43)) - raft.server.rpc.request.timeout = 3000ms (default)
2019-10-11 06:48:57,500 [main] INFO  server.RaftServerConfigKeys (ConfUtils.java:logGet(43)) - raft.server.storage.dir = [/workdir/hadoop-ozone/integration-test/target/test-dir/MiniOzoneClusterImpl-ed757915-0d21-4712-b3aa-7075cc69f4aa/datanode-2/data/ratis] (custom)
2019-10-11 06:48:59,486 [Datanode State Machine Thread - 0] INFO  ozoneimpl.OzoneContainer (OzoneContainer.java:start(213)) - Attempting to start container services.
2019-10-11 06:48:59,487 [Datanode State Machine Thread - 0] INFO  ozoneimpl.OzoneContainer (OzoneContainer.java:startContainerScrub(177)) - Background container scanner has been disabled.
2019-10-11 06:48:59,487 [Datanode State Machine Thread - 0] INFO  ratis.XceiverServerRatis (XceiverServerRatis.java:start(418)) - Starting XceiverServerRatis 7aa06aa4-1cdc-4cec-86a7-320bfc5f4d5f at port 0
2019-10-11 06:48:59,495 [Datanode State Machine Thread - 0] INFO  impl.RaftServerProxy (RaftServerProxy.java:lambda$start$3(299)) - 7aa06aa4-1cdc-4cec-86a7-320bfc5f4d5f: start RPC server
2019-10-11 06:48:59,497 [Datanode State Machine Thread - 0] INFO  server.GrpcService (GrpcService.java:startImpl(158)) - 7aa06aa4-1cdc-4cec-86a7-320bfc5f4d5f: GrpcService started, listening on 0.0.0.0/0.0.0.0:34628
2019-10-11 06:48:59,497 [Datanode State Machine Thread - 0] INFO  ratis.XceiverServerRatis (XceiverServerRatis.java:start(428)) - XceiverServerRatis 7aa06aa4-1cdc-4cec-86a7-320bfc5f4d5f is started using port 34628
2019-10-11 06:48:59,497 [Datanode State Machine Thread - 0] INFO  server.XceiverServerGrpc (XceiverServerGrpc.java:start(149)) - XceiverServerGrpc 7aa06aa4-1cdc-4cec-86a7-320bfc5f4d5f is started using port 41383
2019-10-11 06:49:01,473 [IPC Server handler 5 on 34687] INFO  net.NetworkTopology (NetworkTopologyImpl.java:add(111)) - Added a new node: /default-rack/7aa06aa4-1cdc-4cec-86a7-320bfc5f4d5f
2019-10-11 06:49:01,474 [IPC Server handler 5 on 34687] INFO  node.SCMNodeManager (SCMNodeManager.java:register(268)) - Registered Data node : 7aa06aa4-1cdc-4cec-86a7-320bfc5f4d5f{ip: 192.168.151.69, host: trunk-nightly-20191011-nk5dh-3274663048, networkLocation: /default-rack, certSerialId: null}
2019-10-11 06:49:01,494 [grpc-default-executor-5] INFO  impl.RaftServerProxy (RaftServerProxy.java:addNew(89)) - 7aa06aa4-1cdc-4cec-86a7-320bfc5f4d5f: addNew group-B89F98FD9C16:[7aa06aa4-1cdc-4cec-86a7-320bfc5f4d5f:192.168.151.69:34628] returns group-B89F98FD9C16:java.util.concurrent.CompletableFuture@63be6c2f[Not completed]
2019-10-11 06:49:01,498 [pool-393-thread-1] INFO  impl.RaftServerImpl (RaftServerImpl.java:<init>(95)) - 7aa06aa4-1cdc-4cec-86a7-320bfc5f4d5f: new RaftServerImpl for group-B89F98FD9C16:[7aa06aa4-1cdc-4cec-86a7-320bfc5f4d5f:192.168.151.69:34628] with ContainerStateMachine:uninitialized
2019-10-11 06:49:01,498 [pool-393-thread-1] INFO  server.RaftServerConfigKeys (ConfUtils.java:logGet(43)) - raft.server.rpc.timeout.min = 5s (custom)
2019-10-11 06:49:01,498 [pool-393-thread-1] INFO  server.RaftServerConfigKeys (ConfUtils.java:logGet(43)) - raft.server.rpc.timeout.max = 5200ms (custom)
2019-10-11 06:49:01,498 [pool-393-thread-1] INFO  server.RaftServerConfigKeys (ConfUtils.java:logGet(43)) - raft.server.rpcslowness.timeout = 120s (custom)
2019-10-11 06:49:01,498 [pool-393-thread-1] INFO  server.RaftServerConfigKeys (ConfUtils.java:logGet(43)) - raft.server.sleep.deviation.threshold = 300 (default)
2019-10-11 06:49:01,498 [pool-393-thread-1] INFO  server.RaftServerConfigKeys (ConfUtils.java:logGet(43)) - raft.server.log.appender.install.snapshot.enabled = false (custom)
2019-10-11 06:49:01,498 [pool-393-thread-1] INFO  impl.RaftServerImpl (ServerState.java:<init>(103)) - 7aa06aa4-1cdc-4cec-86a7-320bfc5f4d5f@group-B89F98FD9C16: ConfigurationManager, init=-1: [7aa06aa4-1cdc-4cec-86a7-320bfc5f4d5f:192.168.151.69:34628], old=null, confs=<EMPTY_MAP>
2019-10-11 06:49:01,499 [pool-393-thread-1] INFO  server.RaftServerConfigKeys (ConfUtils.java:logGet(43)) - raft.server.storage.dir = [/workdir/hadoop-ozone/integration-test/target/test-dir/MiniOzoneClusterImpl-ed757915-0d21-4712-b3aa-7075cc69f4aa/datanode-1/data/ratis] (custom)
2019-10-11 06:49:01,499 [pool-393-thread-1] INFO  server.RaftServerConfigKeys (ConfUtils.java:logGet(43)) - raft.server.log.corruption.policy = EXCEPTION (default)
2019-10-11 06:49:01,499 [pool-393-thread-1] INFO  storage.RaftStorageDirectory (RaftStorageDirectory.java:analyzeStorage(246)) - The storage directory /workdir/hadoop-ozone/integration-test/target/test-dir/MiniOzoneClusterImpl-ed757915-0d21-4712-b3aa-7075cc69f4aa/datanode-1/data/ratis/5ab40e03-8fca-4a9d-b5d8-b89f98fd9c16 does not exist. Creating ...
2019-10-11 06:49:01,512 [pool-393-thread-1] INFO  storage.RaftStorageDirectory (RaftStorageDirectory.java:tryLock(328)) - Lock on /workdir/hadoop-ozone/integration-test/target/test-dir/MiniOzoneClusterImpl-ed757915-0d21-4712-b3aa-7075cc69f4aa/datanode-1/data/ratis/5ab40e03-8fca-4a9d-b5d8-b89f98fd9c16/in_use.lock acquired by nodename 26646@trunk-nightly-20191011-nk5dh-3274663048
2019-10-11 06:49:01,525 [pool-393-thread-1] INFO  storage.RaftStorage (RaftStorage.java:format(84)) - Storage directory /workdir/hadoop-ozone/integration-test/target/test-dir/MiniOzoneClusterImpl-ed757915-0d21-4712-b3aa-7075cc69f4aa/datanode-1/data/ratis/5ab40e03-8fca-4a9d-b5d8-b89f98fd9c16 has been successfully formatted.
2019-10-11 06:49:01,525 [pool-393-thread-1] INFO  ratis.ContainerStateMachine (ContainerStateMachine.java:loadSnapshot(231)) - group-B89F98FD9C16: The snapshot info is null. Setting the last applied indexto:(t:0, i:~)
2019-10-11 06:49:01,526 [pool-393-thread-1] INFO  server.RaftServerConfigKeys (ConfUtils.java:logGet(43)) - raft.server.notification.no-leader.timeout = 120s (custom)
2019-10-11 06:49:01,526 [pool-393-thread-1] INFO  server.RaftServerConfigKeys (ConfUtils.java:logGet(43)) - raft.server.log.use.memory = false (default)
2019-10-11 06:49:01,526 [pool-393-thread-1] INFO  server.RaftServerConfigKeys (ConfUtils.java:logGet(43)) - raft.server.log.purge.gap = 1000000 (custom)
2019-10-11 06:49:01,526 [pool-393-thread-1] INFO  server.RaftServerConfigKeys (ConfUtils.java:logGet(43)) - raft.server.log.appender.buffer.byte-limit = 33554432 (custom)
2019-10-11 06:49:01,526 [pool-393-thread-1] INFO  server.RaftServerConfigKeys (ConfUtils.java:logGet(43)) - raft.server.log.segment.size.max = 1048576 (custom)
2019-10-11 06:49:01,529 [pool-393-thread-1] INFO  server.RaftServerConfigKeys (ConfUtils.java:logGet(43)) - raft.server.log.segment.cache.num.max = 2 (custom)
2019-10-11 06:49:01,529 [pool-393-thread-1] INFO  segmented.SegmentedRaftLogWorker (SegmentedRaftLogWorker.java:<init>(173)) - new 7aa06aa4-1cdc-4cec-86a7-320bfc5f4d5f@group-B89F98FD9C16-SegmentedRaftLogWorker for RaftStorage:Storage Directory /workdir/hadoop-ozone/integration-test/target/test-dir/MiniOzoneClusterImpl-ed757915-0d21-4712-b3aa-7075cc69f4aa/datanode-1/data/ratis/5ab40e03-8fca-4a9d-b5d8-b89f98fd9c16
2019-10-11 06:49:01,529 [pool-393-thread-1] INFO  server.RaftServerConfigKeys (ConfUtils.java:logGet(43)) - raft.server.log.queue.byte-limit = 2147483647 (custom)
2019-10-11 06:49:01,529 [pool-393-thread-1] INFO  server.RaftServerConfigKeys (ConfUtils.java:logGet(43)) - raft.server.log.queue.element-limit = 1024 (custom)
2019-10-11 06:49:01,529 [pool-393-thread-1] INFO  server.RaftServerConfigKeys (ConfUtils.java:logGet(43)) - raft.server.log.segment.size.max = 1048576 (custom)
2019-10-11 06:49:01,529 [pool-393-thread-1] INFO  server.RaftServerConfigKeys (ConfUtils.java:logGet(43)) - raft.server.log.preallocated.size = 16384 (custom)
2019-10-11 06:49:01,529 [pool-393-thread-1] INFO  server.RaftServerConfigKeys (ConfUtils.java:logGet(43)) - raft.server.log.write.buffer.size = 33554432 (custom)
2019-10-11 06:49:01,529 [pool-393-thread-1] INFO  server.RaftServerConfigKeys (ConfUtils.java:logGet(43)) - raft.server.log.force.sync.num = 128 (default)
2019-10-11 06:49:01,529 [pool-393-thread-1] INFO  server.RaftServerConfigKeys (ConfUtils.java:logGet(43)) - raft.server.log.statemachine.data.sync = true (default)
2019-10-11 06:49:01,529 [pool-393-thread-1] INFO  server.RaftServerConfigKeys (ConfUtils.java:logGet(43)) - raft.server.log.statemachine.data.sync.timeout = 10s (default)
2019-10-11 06:49:01,530 [pool-393-thread-1] INFO  server.RaftServerConfigKeys (ConfUtils.java:logGet(43)) - raft.server.log.statemachine.data.sync.timeout.retry = -1 (default)
2019-10-11 06:49:01,530 [pool-393-thread-1] INFO  server.RaftServerConfigKeys (ConfUtils.java:logGet(43)) - raft.server.log.statemachine.data.caching.enabled = true (custom)
2019-10-11 06:49:01,530 [pool-393-thread-1] INFO  segmented.SegmentedRaftLogWorker (SegmentedRaftLogWorker.java:lambda$new$0(128)) - 7aa06aa4-1cdc-4cec-86a7-320bfc5f4d5f@group-B89F98FD9C16-SegmentedRaftLogWorker: flushIndex: setUnconditionally 0 -> -1
2019-10-11 06:49:01,531 [pool-393-thread-1] INFO  server.RaftServerConfigKeys (ConfUtils.java:logGet(43)) - raft.server.snapshot.auto.trigger.enabled = true (custom)
2019-10-11 06:49:01,531 [pool-393-thread-1] INFO  server.RaftServerConfigKeys (ConfUtils.java:logGet(43)) - raft.server.snapshot.auto.trigger.threshold = 10000 (custom)
2019-10-11 06:49:01,531 [pool-393-thread-1] INFO  server.RaftServerConfigKeys (ConfUtils.java:logGet(43)) - raft.server.snapshot.retention.file.num = 5 (custom)
2019-10-11 06:49:01,531 [pool-393-thread-1] INFO  server.RaftServerConfigKeys (ConfUtils.java:logGet(43)) - raft.server.retrycache.expirytime = 600000ms (custom)
2019-10-11 06:49:01,534 [pool-393-thread-1] INFO  impl.RaftServerImpl (RaftServerImpl.java:start(181)) - 7aa06aa4-1cdc-4cec-86a7-320bfc5f4d5f@group-B89F98FD9C16: start as a follower, conf=-1: [7aa06aa4-1cdc-4cec-86a7-320bfc5f4d5f:192.168.151.69:34628], old=null
2019-10-11 06:49:01,535 [pool-393-thread-1] INFO  impl.RaftServerImpl (RaftServerImpl.java:setRole(170)) - 7aa06aa4-1cdc-4cec-86a7-320bfc5f4d5f@group-B89F98FD9C16: changes role from      null to FOLLOWER at term 0 for startAsFollower
2019-10-11 06:49:01,535 [pool-393-thread-1] INFO  impl.RoleInfo (RoleInfo.java:updateAndGet(143)) - 7aa06aa4-1cdc-4cec-86a7-320bfc5f4d5f: start FollowerState
2019-10-11 06:49:01,535 [pool-393-thread-1] INFO  util.JmxRegister (JmxRegister.java:tryRegister(44)) - Successfully registered JMX Bean with object name Ratis:service=RaftServer,group=group-B89F98FD9C16,id=7aa06aa4-1cdc-4cec-86a7-320bfc5f4d5f
2019-10-11 06:49:01,543 [RatisPipelineUtilsThread] INFO  pipeline.PipelineStateManager (PipelineStateManager.java:addPipeline(56)) - Created pipeline Pipeline[ Id: 5ab40e03-8fca-4a9d-b5d8-b89f98fd9c16, Nodes: 7aa06aa4-1cdc-4cec-86a7-320bfc5f4d5f{ip: 192.168.151.69, host: trunk-nightly-20191011-nk5dh-3274663048, networkLocation: /default-rack, certSerialId: null}, Type:RATIS, Factor:ONE, State:OPEN]
2019-10-11 06:49:02,506 [main] INFO  hdfs.DFSUtil (DFSUtil.java:httpServerTemplateForNNAndJN(1641)) - Starting Web-server for hddsDatanode at: http://0.0.0.0:0
2019-10-11 06:49:02,512 [main] INFO  server.AuthenticationFilter (AuthenticationFilter.java:constructSecretProvider(240)) - Unable to initialize FileSignerSecretProvider, falling back to use random secrets.
2019-10-11 06:49:02,513 [main] WARN  http.HttpRequestLog (HttpRequestLog.java:getRequestLog(97)) - Jetty request log can only be enabled using Log4j
2019-10-11 06:49:02,516 [main] INFO  http.HttpServer2 (HttpServer2.java:addGlobalFilter(975)) - Added global filter 'safety' (class=org.apache.hadoop.http.HttpServer2$QuotingInputFilter)
2019-10-11 06:49:02,517 [main] INFO  http.HttpServer2 (HttpServer2.java:addFilter(948)) - Added filter static_user_filter (class=org.apache.hadoop.http.lib.StaticUserWebFilter$StaticUserFilter) to context hddsDatanode
2019-10-11 06:49:02,517 [main] INFO  http.HttpServer2 (HttpServer2.java:addFilter(958)) - Added filter static_user_filter (class=org.apache.hadoop.http.lib.StaticUserWebFilter$StaticUserFilter) to context logs
2019-10-11 06:49:02,517 [main] INFO  http.HttpServer2 (HttpServer2.java:addFilter(958)) - Added filter static_user_filter (class=org.apache.hadoop.http.lib.StaticUserWebFilter$StaticUserFilter) to context static
2019-10-11 06:49:02,519 [main] INFO  http.HttpServer2 (HttpServer2.java:bindListener(1191)) - Jetty bound to port 35189
2019-10-11 06:49:02,519 [main] INFO  server.Server (Server.java:doStart(351)) - jetty-9.3.25.v20180904, build timestamp: 2018-09-04T21:11:46Z, git hash: 3ce520221d0240229c862b122d2b06c12a625732
2019-10-11 06:49:02,523 [main] INFO  handler.ContextHandler (ContextHandler.java:doStart(781)) - Started o.e.j.s.ServletContextHandler@5fb3111a{/logs,file:///workdir/hadoop-ozone/integration-test/target/log,AVAILABLE}
2019-10-11 06:49:02,523 [main] INFO  handler.ContextHandler (ContextHandler.java:doStart(781)) - Started o.e.j.s.ServletContextHandler@23bd0c81{/static,jar:file:/home/user/.m2/repository/org/apache/hadoop/hadoop-hdds-container-service/0.5.0-SNAPSHOT/hadoop-hdds-container-service-0.5.0-SNAPSHOT.jar!/webapps/static,AVAILABLE}
2019-10-11 06:49:02,566 [main] INFO  handler.ContextHandler (ContextHandler.java:doStart(781)) - Started o.e.j.w.WebAppContext@3487442d{/,file:///tmp/jetty-0.0.0.0-35189-hddsDatanode-_-any-6142107326136315597.dir/webapp/,AVAILABLE}{/hddsDatanode}
2019-10-11 06:49:02,566 [main] INFO  server.AbstractConnector (AbstractConnector.java:doStart(278)) - Started ServerConnector@530ee28b{HTTP/1.1,[http/1.1]}{0.0.0.0:35189}
2019-10-11 06:49:02,569 [main] INFO  server.Server (Server.java:doStart(419)) - Started @487807ms
2019-10-11 06:49:02,569 [main] WARN  impl.MetricsSystemImpl (MetricsSystemImpl.java:register(276)) - Sink prometheus already exists!
2019-10-11 06:49:02,571 [main] INFO  server.BaseHttpServer (BaseHttpServer.java:updateConnectorAddress(215)) - HTTP server of HDDSDATANODE is listening at http://0.0.0.0:35189
2019-10-11 06:49:02,571 [main] INFO  impl.MetricsSystemImpl (MetricsSystemImpl.java:init(158)) - HddsDatanode metrics system started (again)
2019-10-11 06:49:02,573 [org.apache.hadoop.util.JvmPauseMonitor$Monitor@41f35ca4] INFO  util.JvmPauseMonitor (JvmPauseMonitor.java:run(188)) - Starting JVM pause monitor
2019-10-11 06:49:02,584 [main] INFO  ozone.HddsDatanodeService (HddsDatanodeService.java:start(184)) - HddsDatanodeService host:trunk-nightly-20191011-nk5dh-3274663048 ip:192.168.151.69
2019-10-11 06:49:02,584 [Datanode State Machine Thread - 0] INFO  datanode.InitDatanodeState (InitDatanodeState.java:persistContainerDatanodeDetails(140)) - DatanodeDetails is persisted to /workdir/hadoop-ozone/integration-test/target/test-dir/MiniOzoneClusterImpl-ed757915-0d21-4712-b3aa-7075cc69f4aa/datanode-2/meta/datanode.id
2019-10-11 06:49:02,592 [main] INFO  volume.HddsVolume (HddsVolume.java:<init>(176)) - Creating Volume: /workdir/hadoop-ozone/integration-test/target/test-dir/MiniOzoneClusterImpl-ed757915-0d21-4712-b3aa-7075cc69f4aa/datanode-3/data/containers/hdds of  storage type : DISK and capacity : 1482555576320
2019-10-11 06:49:02,593 [main] INFO  volume.VolumeSet (VolumeSet.java:initializeVolumeSet(170)) - Added Volume : /workdir/hadoop-ozone/integration-test/target/test-dir/MiniOzoneClusterImpl-ed757915-0d21-4712-b3aa-7075cc69f4aa/datanode-3/data/containers/hdds to VolumeSet
2019-10-11 06:49:02,593 [main] INFO  volume.ThrottledAsyncChecker (ThrottledAsyncChecker.java:schedule(141)) - Scheduling a check for org.apache.hadoop.ozone.container.common.volume.HddsVolume@1df9186f
2019-10-11 06:49:02,594 [main] INFO  volume.HddsVolumeChecker (HddsVolumeChecker.java:checkAllVolumes(204)) - Scheduled health check for volume org.apache.hadoop.ozone.container.common.volume.HddsVolume@1df9186f
2019-10-11 06:49:02,616 [main] INFO  impl.RaftServerProxy (ConfUtils.java:logGet(43)) - raft.rpc.type = GRPC (default)
2019-10-11 06:49:02,616 [main] INFO  grpc.GrpcFactory (GrpcFactory.java:checkPooledByteBufAllocatorUseCacheForAllThreads(45)) - PERFORMANCE WARNING: useCacheForAllThreads is true that may cause Netty to create a lot garbage objects and, as a result, trigger GC.
	It is recommended to disable useCacheForAllThreads by setting -Dorg.apache.ratis.thirdparty.io.netty.allocator.useCacheForAllThreads=false in command line.
2019-10-11 06:49:02,617 [main] INFO  grpc.GrpcConfigKeys$Server (ConfUtils.java:logGet(43)) - raft.grpc.server.port = 0 (default)
2019-10-11 06:49:02,617 [main] INFO  server.GrpcService (ConfUtils.java:logGet(43)) - raft.grpc.message.size.max = 33570816 (custom)
2019-10-11 06:49:02,617 [main] INFO  server.RaftServerConfigKeys (ConfUtils.java:logGet(43)) - raft.server.log.appender.buffer.byte-limit = 33554432 (custom)
2019-10-11 06:49:02,618 [main] INFO  server.GrpcService (ConfUtils.java:logGet(43)) - raft.grpc.flow.control.window = 1MB (=1048576) (default)
2019-10-11 06:49:02,618 [main] INFO  server.RaftServerConfigKeys (ConfUtils.java:logGet(43)) - raft.server.rpc.request.timeout = 3000ms (default)
2019-10-11 06:49:02,619 [main] INFO  server.RaftServerConfigKeys (ConfUtils.java:logGet(43)) - raft.server.storage.dir = [/workdir/hadoop-ozone/integration-test/target/test-dir/MiniOzoneClusterImpl-ed757915-0d21-4712-b3aa-7075cc69f4aa/datanode-3/data/ratis] (custom)
2019-10-11 06:49:04,588 [Datanode State Machine Thread - 0] INFO  ozoneimpl.OzoneContainer (OzoneContainer.java:start(213)) - Attempting to start container services.
2019-10-11 06:49:04,589 [Datanode State Machine Thread - 0] INFO  ozoneimpl.OzoneContainer (OzoneContainer.java:startContainerScrub(177)) - Background container scanner has been disabled.
2019-10-11 06:49:04,589 [Datanode State Machine Thread - 0] INFO  ratis.XceiverServerRatis (XceiverServerRatis.java:start(418)) - Starting XceiverServerRatis bcecbe09-0436-4cb8-b8d8-c0e80e92a2da at port 0
2019-10-11 06:49:04,596 [Datanode State Machine Thread - 0] INFO  impl.RaftServerProxy (RaftServerProxy.java:lambda$start$3(299)) - bcecbe09-0436-4cb8-b8d8-c0e80e92a2da: start RPC server
2019-10-11 06:49:04,597 [Datanode State Machine Thread - 0] INFO  server.GrpcService (GrpcService.java:startImpl(158)) - bcecbe09-0436-4cb8-b8d8-c0e80e92a2da: GrpcService started, listening on 0.0.0.0/0.0.0.0:41182
2019-10-11 06:49:04,597 [Datanode State Machine Thread - 0] INFO  ratis.XceiverServerRatis (XceiverServerRatis.java:start(428)) - XceiverServerRatis bcecbe09-0436-4cb8-b8d8-c0e80e92a2da is started using port 41182
2019-10-11 06:49:04,598 [Datanode State Machine Thread - 0] INFO  server.XceiverServerGrpc (XceiverServerGrpc.java:start(149)) - XceiverServerGrpc bcecbe09-0436-4cb8-b8d8-c0e80e92a2da is started using port 37149
2019-10-11 06:49:06,574 [IPC Server handler 1 on 34687] INFO  net.NetworkTopology (NetworkTopologyImpl.java:add(111)) - Added a new node: /default-rack/bcecbe09-0436-4cb8-b8d8-c0e80e92a2da
2019-10-11 06:49:06,575 [IPC Server handler 1 on 34687] INFO  node.SCMNodeManager (SCMNodeManager.java:register(268)) - Registered Data node : bcecbe09-0436-4cb8-b8d8-c0e80e92a2da{ip: 192.168.151.69, host: trunk-nightly-20191011-nk5dh-3274663048, networkLocation: /default-rack, certSerialId: null}
2019-10-11 06:49:06,585 [grpc-default-executor-5] INFO  impl.RaftServerProxy (RaftServerProxy.java:addNew(89)) - bcecbe09-0436-4cb8-b8d8-c0e80e92a2da: addNew group-65C095CB3A41:[bcecbe09-0436-4cb8-b8d8-c0e80e92a2da:192.168.151.69:41182] returns group-65C095CB3A41:java.util.concurrent.CompletableFuture@39f767a9[Not completed]
2019-10-11 06:49:06,587 [pool-403-thread-1] INFO  impl.RaftServerImpl (RaftServerImpl.java:<init>(95)) - bcecbe09-0436-4cb8-b8d8-c0e80e92a2da: new RaftServerImpl for group-65C095CB3A41:[bcecbe09-0436-4cb8-b8d8-c0e80e92a2da:192.168.151.69:41182] with ContainerStateMachine:uninitialized
2019-10-11 06:49:06,587 [pool-403-thread-1] INFO  server.RaftServerConfigKeys (ConfUtils.java:logGet(43)) - raft.server.rpc.timeout.min = 5s (custom)
2019-10-11 06:49:06,588 [pool-403-thread-1] INFO  server.RaftServerConfigKeys (ConfUtils.java:logGet(43)) - raft.server.rpc.timeout.max = 5200ms (custom)
2019-10-11 06:49:06,588 [pool-403-thread-1] INFO  server.RaftServerConfigKeys (ConfUtils.java:logGet(43)) - raft.server.rpcslowness.timeout = 120s (custom)
2019-10-11 06:49:06,588 [pool-403-thread-1] INFO  server.RaftServerConfigKeys (ConfUtils.java:logGet(43)) - raft.server.sleep.deviation.threshold = 300 (default)
2019-10-11 06:49:06,588 [pool-403-thread-1] INFO  server.RaftServerConfigKeys (ConfUtils.java:logGet(43)) - raft.server.log.appender.install.snapshot.enabled = false (custom)
2019-10-11 06:49:06,588 [pool-403-thread-1] INFO  impl.RaftServerImpl (ServerState.java:<init>(103)) - bcecbe09-0436-4cb8-b8d8-c0e80e92a2da@group-65C095CB3A41: ConfigurationManager, init=-1: [bcecbe09-0436-4cb8-b8d8-c0e80e92a2da:192.168.151.69:41182], old=null, confs=<EMPTY_MAP>
2019-10-11 06:49:06,588 [pool-403-thread-1] INFO  server.RaftServerConfigKeys (ConfUtils.java:logGet(43)) - raft.server.storage.dir = [/workdir/hadoop-ozone/integration-test/target/test-dir/MiniOzoneClusterImpl-ed757915-0d21-4712-b3aa-7075cc69f4aa/datanode-2/data/ratis] (custom)
2019-10-11 06:49:06,589 [pool-403-thread-1] INFO  server.RaftServerConfigKeys (ConfUtils.java:logGet(43)) - raft.server.log.corruption.policy = EXCEPTION (default)
2019-10-11 06:49:06,589 [pool-403-thread-1] INFO  storage.RaftStorageDirectory (RaftStorageDirectory.java:analyzeStorage(246)) - The storage directory /workdir/hadoop-ozone/integration-test/target/test-dir/MiniOzoneClusterImpl-ed757915-0d21-4712-b3aa-7075cc69f4aa/datanode-2/data/ratis/eb91342f-23ec-473a-8979-65c095cb3a41 does not exist. Creating ...
2019-10-11 06:49:06,602 [pool-403-thread-1] INFO  storage.RaftStorageDirectory (RaftStorageDirectory.java:tryLock(328)) - Lock on /workdir/hadoop-ozone/integration-test/target/test-dir/MiniOzoneClusterImpl-ed757915-0d21-4712-b3aa-7075cc69f4aa/datanode-2/data/ratis/eb91342f-23ec-473a-8979-65c095cb3a41/in_use.lock acquired by nodename 26646@trunk-nightly-20191011-nk5dh-3274663048
2019-10-11 06:49:06,616 [pool-403-thread-1] INFO  storage.RaftStorage (RaftStorage.java:format(84)) - Storage directory /workdir/hadoop-ozone/integration-test/target/test-dir/MiniOzoneClusterImpl-ed757915-0d21-4712-b3aa-7075cc69f4aa/datanode-2/data/ratis/eb91342f-23ec-473a-8979-65c095cb3a41 has been successfully formatted.
2019-10-11 06:49:06,617 [pool-403-thread-1] INFO  ratis.ContainerStateMachine (ContainerStateMachine.java:loadSnapshot(231)) - group-65C095CB3A41: The snapshot info is null. Setting the last applied indexto:(t:0, i:~)
2019-10-11 06:49:06,617 [pool-403-thread-1] INFO  server.RaftServerConfigKeys (ConfUtils.java:logGet(43)) - raft.server.notification.no-leader.timeout = 120s (custom)
2019-10-11 06:49:06,617 [pool-403-thread-1] INFO  server.RaftServerConfigKeys (ConfUtils.java:logGet(43)) - raft.server.log.use.memory = false (default)
2019-10-11 06:49:06,617 [pool-403-thread-1] INFO  server.RaftServerConfigKeys (ConfUtils.java:logGet(43)) - raft.server.log.purge.gap = 1000000 (custom)
2019-10-11 06:49:06,617 [pool-403-thread-1] INFO  server.RaftServerConfigKeys (ConfUtils.java:logGet(43)) - raft.server.log.appender.buffer.byte-limit = 33554432 (custom)
2019-10-11 06:49:06,618 [pool-403-thread-1] INFO  server.RaftServerConfigKeys (ConfUtils.java:logGet(43)) - raft.server.log.segment.size.max = 1048576 (custom)
2019-10-11 06:49:06,620 [pool-403-thread-1] INFO  server.RaftServerConfigKeys (ConfUtils.java:logGet(43)) - raft.server.log.segment.cache.num.max = 2 (custom)
2019-10-11 06:49:06,620 [pool-403-thread-1] INFO  segmented.SegmentedRaftLogWorker (SegmentedRaftLogWorker.java:<init>(173)) - new bcecbe09-0436-4cb8-b8d8-c0e80e92a2da@group-65C095CB3A41-SegmentedRaftLogWorker for RaftStorage:Storage Directory /workdir/hadoop-ozone/integration-test/target/test-dir/MiniOzoneClusterImpl-ed757915-0d21-4712-b3aa-7075cc69f4aa/datanode-2/data/ratis/eb91342f-23ec-473a-8979-65c095cb3a41
2019-10-11 06:49:06,620 [pool-403-thread-1] INFO  server.RaftServerConfigKeys (ConfUtils.java:logGet(43)) - raft.server.log.queue.byte-limit = 2147483647 (custom)
2019-10-11 06:49:06,620 [pool-403-thread-1] INFO  server.RaftServerConfigKeys (ConfUtils.java:logGet(43)) - raft.server.log.queue.element-limit = 1024 (custom)
2019-10-11 06:49:06,620 [pool-403-thread-1] INFO  server.RaftServerConfigKeys (ConfUtils.java:logGet(43)) - raft.server.log.segment.size.max = 1048576 (custom)
2019-10-11 06:49:06,620 [pool-403-thread-1] INFO  server.RaftServerConfigKeys (ConfUtils.java:logGet(43)) - raft.server.log.preallocated.size = 16384 (custom)
2019-10-11 06:49:06,620 [pool-403-thread-1] INFO  server.RaftServerConfigKeys (ConfUtils.java:logGet(43)) - raft.server.log.write.buffer.size = 33554432 (custom)
2019-10-11 06:49:06,621 [pool-403-thread-1] INFO  server.RaftServerConfigKeys (ConfUtils.java:logGet(43)) - raft.server.log.force.sync.num = 128 (default)
2019-10-11 06:49:06,621 [pool-403-thread-1] INFO  server.RaftServerConfigKeys (ConfUtils.java:logGet(43)) - raft.server.log.statemachine.data.sync = true (default)
2019-10-11 06:49:06,621 [pool-403-thread-1] INFO  server.RaftServerConfigKeys (ConfUtils.java:logGet(43)) - raft.server.log.statemachine.data.sync.timeout = 10s (default)
2019-10-11 06:49:06,621 [pool-403-thread-1] INFO  server.RaftServerConfigKeys (ConfUtils.java:logGet(43)) - raft.server.log.statemachine.data.sync.timeout.retry = -1 (default)
2019-10-11 06:49:06,621 [pool-403-thread-1] INFO  server.RaftServerConfigKeys (ConfUtils.java:logGet(43)) - raft.server.log.statemachine.data.caching.enabled = true (custom)
2019-10-11 06:49:06,622 [pool-403-thread-1] INFO  segmented.SegmentedRaftLogWorker (SegmentedRaftLogWorker.java:lambda$new$0(128)) - bcecbe09-0436-4cb8-b8d8-c0e80e92a2da@group-65C095CB3A41-SegmentedRaftLogWorker: flushIndex: setUnconditionally 0 -> -1
2019-10-11 06:49:06,622 [pool-403-thread-1] INFO  server.RaftServerConfigKeys (ConfUtils.java:logGet(43)) - raft.server.snapshot.auto.trigger.enabled = true (custom)
2019-10-11 06:49:06,622 [pool-403-thread-1] INFO  server.RaftServerConfigKeys (ConfUtils.java:logGet(43)) - raft.server.snapshot.auto.trigger.threshold = 10000 (custom)
2019-10-11 06:49:06,622 [pool-403-thread-1] INFO  server.RaftServerConfigKeys (ConfUtils.java:logGet(43)) - raft.server.snapshot.retention.file.num = 5 (custom)
2019-10-11 06:49:06,623 [pool-403-thread-1] INFO  server.RaftServerConfigKeys (ConfUtils.java:logGet(43)) - raft.server.retrycache.expirytime = 600000ms (custom)
2019-10-11 06:49:06,624 [pool-403-thread-1] INFO  impl.RaftServerImpl (RaftServerImpl.java:start(181)) - bcecbe09-0436-4cb8-b8d8-c0e80e92a2da@group-65C095CB3A41: start as a follower, conf=-1: [bcecbe09-0436-4cb8-b8d8-c0e80e92a2da:192.168.151.69:41182], old=null
2019-10-11 06:49:06,624 [pool-403-thread-1] INFO  impl.RaftServerImpl (RaftServerImpl.java:setRole(170)) - bcecbe09-0436-4cb8-b8d8-c0e80e92a2da@group-65C095CB3A41: changes role from      null to FOLLOWER at term 0 for startAsFollower
2019-10-11 06:49:06,625 [pool-403-thread-1] INFO  impl.RoleInfo (RoleInfo.java:updateAndGet(143)) - bcecbe09-0436-4cb8-b8d8-c0e80e92a2da: start FollowerState
2019-10-11 06:49:06,625 [pool-403-thread-1] INFO  util.JmxRegister (JmxRegister.java:tryRegister(44)) - Successfully registered JMX Bean with object name Ratis:service=RaftServer,group=group-65C095CB3A41,id=bcecbe09-0436-4cb8-b8d8-c0e80e92a2da
2019-10-11 06:49:06,631 [RatisPipelineUtilsThread] INFO  pipeline.PipelineStateManager (PipelineStateManager.java:addPipeline(56)) - Created pipeline Pipeline[ Id: eb91342f-23ec-473a-8979-65c095cb3a41, Nodes: bcecbe09-0436-4cb8-b8d8-c0e80e92a2da{ip: 192.168.151.69, host: trunk-nightly-20191011-nk5dh-3274663048, networkLocation: /default-rack, certSerialId: null}, Type:RATIS, Factor:ONE, State:OPEN]
2019-10-11 06:49:06,642 [grpc-default-executor-6] INFO  impl.RaftServerProxy (RaftServerProxy.java:addNew(89)) - bcecbe09-0436-4cb8-b8d8-c0e80e92a2da: addNew group-7AC354DB2529:[bcecbe09-0436-4cb8-b8d8-c0e80e92a2da:192.168.151.69:41182, 7aa06aa4-1cdc-4cec-86a7-320bfc5f4d5f:192.168.151.69:34628, 02fc17f2-a171-4409-bf59-9a8dc8ee473e:192.168.151.69:41769] returns group-7AC354DB2529:java.util.concurrent.CompletableFuture@19f164e[Not completed]
2019-10-11 06:49:06,644 [grpc-default-executor-6] INFO  impl.RaftServerProxy (RaftServerProxy.java:addNew(89)) - 7aa06aa4-1cdc-4cec-86a7-320bfc5f4d5f: addNew group-7AC354DB2529:[bcecbe09-0436-4cb8-b8d8-c0e80e92a2da:192.168.151.69:41182, 7aa06aa4-1cdc-4cec-86a7-320bfc5f4d5f:192.168.151.69:34628, 02fc17f2-a171-4409-bf59-9a8dc8ee473e:192.168.151.69:41769] returns group-7AC354DB2529:java.util.concurrent.CompletableFuture@418d9182[Not completed]
2019-10-11 06:49:06,646 [grpc-default-executor-4] INFO  impl.RaftServerProxy (RaftServerProxy.java:addNew(89)) - 02fc17f2-a171-4409-bf59-9a8dc8ee473e: addNew group-7AC354DB2529:[bcecbe09-0436-4cb8-b8d8-c0e80e92a2da:192.168.151.69:41182, 7aa06aa4-1cdc-4cec-86a7-320bfc5f4d5f:192.168.151.69:34628, 02fc17f2-a171-4409-bf59-9a8dc8ee473e:192.168.151.69:41769] returns group-7AC354DB2529:java.util.concurrent.CompletableFuture@2e023d9e[Not completed]
2019-10-11 06:49:06,647 [pool-403-thread-1] INFO  impl.RaftServerImpl (RaftServerImpl.java:<init>(95)) - bcecbe09-0436-4cb8-b8d8-c0e80e92a2da: new RaftServerImpl for group-7AC354DB2529:[bcecbe09-0436-4cb8-b8d8-c0e80e92a2da:192.168.151.69:41182, 7aa06aa4-1cdc-4cec-86a7-320bfc5f4d5f:192.168.151.69:34628, 02fc17f2-a171-4409-bf59-9a8dc8ee473e:192.168.151.69:41769] with ContainerStateMachine:uninitialized
2019-10-11 06:49:06,647 [pool-403-thread-1] INFO  server.RaftServerConfigKeys (ConfUtils.java:logGet(43)) - raft.server.rpc.timeout.min = 5s (custom)
2019-10-11 06:49:06,647 [pool-403-thread-1] INFO  server.RaftServerConfigKeys (ConfUtils.java:logGet(43)) - raft.server.rpc.timeout.max = 5200ms (custom)
2019-10-11 06:49:06,648 [pool-403-thread-1] INFO  server.RaftServerConfigKeys (ConfUtils.java:logGet(43)) - raft.server.rpcslowness.timeout = 120s (custom)
2019-10-11 06:49:06,648 [pool-403-thread-1] INFO  server.RaftServerConfigKeys (ConfUtils.java:logGet(43)) - raft.server.sleep.deviation.threshold = 300 (default)
2019-10-11 06:49:06,648 [pool-383-thread-1] INFO  impl.RaftServerImpl (RaftServerImpl.java:<init>(95)) - 02fc17f2-a171-4409-bf59-9a8dc8ee473e: new RaftServerImpl for group-7AC354DB2529:[bcecbe09-0436-4cb8-b8d8-c0e80e92a2da:192.168.151.69:41182, 7aa06aa4-1cdc-4cec-86a7-320bfc5f4d5f:192.168.151.69:34628, 02fc17f2-a171-4409-bf59-9a8dc8ee473e:192.168.151.69:41769] with ContainerStateMachine:uninitialized
2019-10-11 06:49:06,648 [pool-403-thread-1] INFO  server.RaftServerConfigKeys (ConfUtils.java:logGet(43)) - raft.server.log.appender.install.snapshot.enabled = false (custom)
2019-10-11 06:49:06,648 [pool-383-thread-1] INFO  server.RaftServerConfigKeys (ConfUtils.java:logGet(43)) - raft.server.rpc.timeout.min = 5s (custom)
2019-10-11 06:49:06,648 [pool-403-thread-1] INFO  impl.RaftServerImpl (ServerState.java:<init>(103)) - bcecbe09-0436-4cb8-b8d8-c0e80e92a2da@group-7AC354DB2529: ConfigurationManager, init=-1: [bcecbe09-0436-4cb8-b8d8-c0e80e92a2da:192.168.151.69:41182, 7aa06aa4-1cdc-4cec-86a7-320bfc5f4d5f:192.168.151.69:34628, 02fc17f2-a171-4409-bf59-9a8dc8ee473e:192.168.151.69:41769], old=null, confs=<EMPTY_MAP>
2019-10-11 06:49:06,648 [pool-393-thread-1] INFO  impl.RaftServerImpl (RaftServerImpl.java:<init>(95)) - 7aa06aa4-1cdc-4cec-86a7-320bfc5f4d5f: new RaftServerImpl for group-7AC354DB2529:[bcecbe09-0436-4cb8-b8d8-c0e80e92a2da:192.168.151.69:41182, 7aa06aa4-1cdc-4cec-86a7-320bfc5f4d5f:192.168.151.69:34628, 02fc17f2-a171-4409-bf59-9a8dc8ee473e:192.168.151.69:41769] with ContainerStateMachine:uninitialized
2019-10-11 06:49:06,648 [pool-383-thread-1] INFO  server.RaftServerConfigKeys (ConfUtils.java:logGet(43)) - raft.server.rpc.timeout.max = 5200ms (custom)
2019-10-11 06:49:06,649 [pool-393-thread-1] INFO  server.RaftServerConfigKeys (ConfUtils.java:logGet(43)) - raft.server.rpc.timeout.min = 5s (custom)
2019-10-11 06:49:06,649 [pool-393-thread-1] INFO  server.RaftServerConfigKeys (ConfUtils.java:logGet(43)) - raft.server.rpc.timeout.max = 5200ms (custom)
2019-10-11 06:49:06,648 [pool-403-thread-1] INFO  server.RaftServerConfigKeys (ConfUtils.java:logGet(43)) - raft.server.storage.dir = [/workdir/hadoop-ozone/integration-test/target/test-dir/MiniOzoneClusterImpl-ed757915-0d21-4712-b3aa-7075cc69f4aa/datanode-2/data/ratis] (custom)
2019-10-11 06:49:06,649 [pool-393-thread-1] INFO  server.RaftServerConfigKeys (ConfUtils.java:logGet(43)) - raft.server.rpcslowness.timeout = 120s (custom)
2019-10-11 06:49:06,649 [pool-383-thread-1] INFO  server.RaftServerConfigKeys (ConfUtils.java:logGet(43)) - raft.server.rpcslowness.timeout = 120s (custom)
2019-10-11 06:49:06,649 [pool-403-thread-1] INFO  server.RaftServerConfigKeys (ConfUtils.java:logGet(43)) - raft.server.log.corruption.policy = EXCEPTION (default)
2019-10-11 06:49:06,649 [pool-393-thread-1] INFO  server.RaftServerConfigKeys (ConfUtils.java:logGet(43)) - raft.server.sleep.deviation.threshold = 300 (default)
2019-10-11 06:49:06,649 [pool-383-thread-1] INFO  server.RaftServerConfigKeys (ConfUtils.java:logGet(43)) - raft.server.sleep.deviation.threshold = 300 (default)
2019-10-11 06:49:06,650 [pool-403-thread-1] INFO  storage.RaftStorageDirectory (RaftStorageDirectory.java:analyzeStorage(246)) - The storage directory /workdir/hadoop-ozone/integration-test/target/test-dir/MiniOzoneClusterImpl-ed757915-0d21-4712-b3aa-7075cc69f4aa/datanode-2/data/ratis/96d46edb-4067-4774-a74d-7ac354db2529 does not exist. Creating ...
2019-10-11 06:49:06,650 [pool-393-thread-1] INFO  server.RaftServerConfigKeys (ConfUtils.java:logGet(43)) - raft.server.log.appender.install.snapshot.enabled = false (custom)
2019-10-11 06:49:06,650 [pool-383-thread-1] INFO  server.RaftServerConfigKeys (ConfUtils.java:logGet(43)) - raft.server.log.appender.install.snapshot.enabled = false (custom)
2019-10-11 06:49:06,650 [pool-393-thread-1] INFO  impl.RaftServerImpl (ServerState.java:<init>(103)) - 7aa06aa4-1cdc-4cec-86a7-320bfc5f4d5f@group-7AC354DB2529: ConfigurationManager, init=-1: [bcecbe09-0436-4cb8-b8d8-c0e80e92a2da:192.168.151.69:41182, 7aa06aa4-1cdc-4cec-86a7-320bfc5f4d5f:192.168.151.69:34628, 02fc17f2-a171-4409-bf59-9a8dc8ee473e:192.168.151.69:41769], old=null, confs=<EMPTY_MAP>
2019-10-11 06:49:06,650 [pool-383-thread-1] INFO  impl.RaftServerImpl (ServerState.java:<init>(103)) - 02fc17f2-a171-4409-bf59-9a8dc8ee473e@group-7AC354DB2529: ConfigurationManager, init=-1: [bcecbe09-0436-4cb8-b8d8-c0e80e92a2da:192.168.151.69:41182, 7aa06aa4-1cdc-4cec-86a7-320bfc5f4d5f:192.168.151.69:34628, 02fc17f2-a171-4409-bf59-9a8dc8ee473e:192.168.151.69:41769], old=null, confs=<EMPTY_MAP>
2019-10-11 06:49:06,650 [pool-393-thread-1] INFO  server.RaftServerConfigKeys (ConfUtils.java:logGet(43)) - raft.server.storage.dir = [/workdir/hadoop-ozone/integration-test/target/test-dir/MiniOzoneClusterImpl-ed757915-0d21-4712-b3aa-7075cc69f4aa/datanode-1/data/ratis] (custom)
2019-10-11 06:49:06,651 [pool-383-thread-1] INFO  server.RaftServerConfigKeys (ConfUtils.java:logGet(43)) - raft.server.storage.dir = [/workdir/hadoop-ozone/integration-test/target/test-dir/MiniOzoneClusterImpl-ed757915-0d21-4712-b3aa-7075cc69f4aa/datanode-0/data/ratis] (custom)
2019-10-11 06:49:06,651 [pool-393-thread-1] INFO  server.RaftServerConfigKeys (ConfUtils.java:logGet(43)) - raft.server.log.corruption.policy = EXCEPTION (default)
2019-10-11 06:49:06,651 [pool-383-thread-1] INFO  server.RaftServerConfigKeys (ConfUtils.java:logGet(43)) - raft.server.log.corruption.policy = EXCEPTION (default)
2019-10-11 06:49:06,651 [pool-393-thread-1] INFO  storage.RaftStorageDirectory (RaftStorageDirectory.java:analyzeStorage(246)) - The storage directory /workdir/hadoop-ozone/integration-test/target/test-dir/MiniOzoneClusterImpl-ed757915-0d21-4712-b3aa-7075cc69f4aa/datanode-1/data/ratis/96d46edb-4067-4774-a74d-7ac354db2529 does not exist. Creating ...
2019-10-11 06:49:06,651 [pool-383-thread-1] INFO  storage.RaftStorageDirectory (RaftStorageDirectory.java:analyzeStorage(246)) - The storage directory /workdir/hadoop-ozone/integration-test/target/test-dir/MiniOzoneClusterImpl-ed757915-0d21-4712-b3aa-7075cc69f4aa/datanode-0/data/ratis/96d46edb-4067-4774-a74d-7ac354db2529 does not exist. Creating ...
2019-10-11 06:49:06,651 [Thread-2484] INFO  impl.FollowerState (FollowerState.java:run(108)) - 7aa06aa4-1cdc-4cec-86a7-320bfc5f4d5f@group-B89F98FD9C16-FollowerState: change to CANDIDATE, lastRpcTime:5116ms, electionTimeout:5116ms
2019-10-11 06:49:06,652 [Thread-2484] INFO  impl.RoleInfo (RoleInfo.java:shutdownFollowerState(121)) - 7aa06aa4-1cdc-4cec-86a7-320bfc5f4d5f: shutdown FollowerState
2019-10-11 06:49:06,652 [Thread-2484] INFO  impl.RaftServerImpl (RaftServerImpl.java:setRole(170)) - 7aa06aa4-1cdc-4cec-86a7-320bfc5f4d5f@group-B89F98FD9C16: changes role from  FOLLOWER to CANDIDATE at term 0 for changeToCandidate
2019-10-11 06:49:06,652 [Thread-2484] INFO  impl.RoleInfo (RoleInfo.java:updateAndGet(143)) - 7aa06aa4-1cdc-4cec-86a7-320bfc5f4d5f: start LeaderElection
2019-10-11 06:49:06,663 [pool-393-thread-1] INFO  storage.RaftStorageDirectory (RaftStorageDirectory.java:tryLock(328)) - Lock on /workdir/hadoop-ozone/integration-test/target/test-dir/MiniOzoneClusterImpl-ed757915-0d21-4712-b3aa-7075cc69f4aa/datanode-1/data/ratis/96d46edb-4067-4774-a74d-7ac354db2529/in_use.lock acquired by nodename 26646@trunk-nightly-20191011-nk5dh-3274663048
2019-10-11 06:49:06,664 [7aa06aa4-1cdc-4cec-86a7-320bfc5f4d5f@group-B89F98FD9C16-LeaderElection65] INFO  impl.LeaderElection (LeaderElection.java:askForVotes(178)) - 7aa06aa4-1cdc-4cec-86a7-320bfc5f4d5f@group-B89F98FD9C16-LeaderElection65: begin an election at term 1 for -1: [7aa06aa4-1cdc-4cec-86a7-320bfc5f4d5f:192.168.151.69:34628], old=null
2019-10-11 06:49:06,663 [pool-383-thread-1] INFO  storage.RaftStorageDirectory (RaftStorageDirectory.java:tryLock(328)) - Lock on /workdir/hadoop-ozone/integration-test/target/test-dir/MiniOzoneClusterImpl-ed757915-0d21-4712-b3aa-7075cc69f4aa/datanode-0/data/ratis/96d46edb-4067-4774-a74d-7ac354db2529/in_use.lock acquired by nodename 26646@trunk-nightly-20191011-nk5dh-3274663048
2019-10-11 06:49:06,663 [pool-403-thread-1] INFO  storage.RaftStorageDirectory (RaftStorageDirectory.java:tryLock(328)) - Lock on /workdir/hadoop-ozone/integration-test/target/test-dir/MiniOzoneClusterImpl-ed757915-0d21-4712-b3aa-7075cc69f4aa/datanode-2/data/ratis/96d46edb-4067-4774-a74d-7ac354db2529/in_use.lock acquired by nodename 26646@trunk-nightly-20191011-nk5dh-3274663048
2019-10-11 06:49:06,664 [7aa06aa4-1cdc-4cec-86a7-320bfc5f4d5f@group-B89F98FD9C16-LeaderElection65] INFO  impl.RoleInfo (RoleInfo.java:shutdownLeaderElection(134)) - 7aa06aa4-1cdc-4cec-86a7-320bfc5f4d5f: shutdown LeaderElection
2019-10-11 06:49:06,664 [7aa06aa4-1cdc-4cec-86a7-320bfc5f4d5f@group-B89F98FD9C16-LeaderElection65] INFO  impl.RaftServerImpl (RaftServerImpl.java:setRole(170)) - 7aa06aa4-1cdc-4cec-86a7-320bfc5f4d5f@group-B89F98FD9C16: changes role from CANDIDATE to LEADER at term 1 for changeToLeader
2019-10-11 06:49:06,664 [7aa06aa4-1cdc-4cec-86a7-320bfc5f4d5f@group-B89F98FD9C16-LeaderElection65] INFO  impl.RaftServerImpl (ServerState.java:setLeader(255)) - 7aa06aa4-1cdc-4cec-86a7-320bfc5f4d5f@group-B89F98FD9C16: change Leader from null to 7aa06aa4-1cdc-4cec-86a7-320bfc5f4d5f at term 1 for becomeLeader, leader elected after 5138ms
2019-10-11 06:49:06,665 [7aa06aa4-1cdc-4cec-86a7-320bfc5f4d5f@group-B89F98FD9C16-LeaderElection65] INFO  server.RaftServerConfigKeys (ConfUtils.java:logGet(43)) - raft.server.staging.catchup.gap = 1000 (default)
2019-10-11 06:49:06,665 [7aa06aa4-1cdc-4cec-86a7-320bfc5f4d5f@group-B89F98FD9C16-LeaderElection65] INFO  server.RaftServerConfigKeys (ConfUtils.java:logGet(43)) - raft.server.rpc.sleep.time = 25ms (default)
2019-10-11 06:49:06,665 [7aa06aa4-1cdc-4cec-86a7-320bfc5f4d5f@group-B89F98FD9C16-LeaderElection65] INFO  server.RaftServerConfigKeys (ConfUtils.java:logGet(43)) - raft.server.write.element-limit = 4096 (default)
2019-10-11 06:49:06,665 [7aa06aa4-1cdc-4cec-86a7-320bfc5f4d5f@group-B89F98FD9C16-LeaderElection65] INFO  server.RaftServerConfigKeys (ConfUtils.java:logGet(43)) - raft.server.watch.timeout = 10s (default)
2019-10-11 06:49:06,665 [7aa06aa4-1cdc-4cec-86a7-320bfc5f4d5f@group-B89F98FD9C16-LeaderElection65] INFO  server.RaftServerConfigKeys (ConfUtils.java:logGet(43)) - raft.server.watch.timeout.denomination = 1s (default)
2019-10-11 06:49:06,666 [7aa06aa4-1cdc-4cec-86a7-320bfc5f4d5f@group-B89F98FD9C16-LeaderElection65] INFO  server.RaftServerConfigKeys (ConfUtils.java:logGet(43)) - raft.server.watch.element-limit = 65536 (default)
2019-10-11 06:49:06,668 [7aa06aa4-1cdc-4cec-86a7-320bfc5f4d5f@group-B89F98FD9C16-LeaderElection65] INFO  impl.RoleInfo (RoleInfo.java:updateAndGet(143)) - 7aa06aa4-1cdc-4cec-86a7-320bfc5f4d5f: start LeaderState
2019-10-11 06:49:06,668 [7aa06aa4-1cdc-4cec-86a7-320bfc5f4d5f@group-B89F98FD9C16-LeaderElection65] INFO  segmented.SegmentedRaftLogWorker (SegmentedRaftLogWorker.java:startLogSegment(385)) - 7aa06aa4-1cdc-4cec-86a7-320bfc5f4d5f@group-B89F98FD9C16-SegmentedRaftLogWorker: Starting segment from index:0
2019-10-11 06:49:06,669 [7aa06aa4-1cdc-4cec-86a7-320bfc5f4d5f@group-B89F98FD9C16-LeaderElection65] INFO  impl.RaftServerImpl (ServerState.java:setRaftConf(356)) - 7aa06aa4-1cdc-4cec-86a7-320bfc5f4d5f@group-B89F98FD9C16: set configuration 0: [7aa06aa4-1cdc-4cec-86a7-320bfc5f4d5f:192.168.151.69:34628], old=null at 0
2019-10-11 06:49:06,677 [pool-403-thread-1] INFO  storage.RaftStorage (RaftStorage.java:format(84)) - Storage directory /workdir/hadoop-ozone/integration-test/target/test-dir/MiniOzoneClusterImpl-ed757915-0d21-4712-b3aa-7075cc69f4aa/datanode-2/data/ratis/96d46edb-4067-4774-a74d-7ac354db2529 has been successfully formatted.
2019-10-11 06:49:06,677 [pool-393-thread-1] INFO  storage.RaftStorage (RaftStorage.java:format(84)) - Storage directory /workdir/hadoop-ozone/integration-test/target/test-dir/MiniOzoneClusterImpl-ed757915-0d21-4712-b3aa-7075cc69f4aa/datanode-1/data/ratis/96d46edb-4067-4774-a74d-7ac354db2529 has been successfully formatted.
2019-10-11 06:49:06,677 [pool-383-thread-1] INFO  storage.RaftStorage (RaftStorage.java:format(84)) - Storage directory /workdir/hadoop-ozone/integration-test/target/test-dir/MiniOzoneClusterImpl-ed757915-0d21-4712-b3aa-7075cc69f4aa/datanode-0/data/ratis/96d46edb-4067-4774-a74d-7ac354db2529 has been successfully formatted.
2019-10-11 06:49:06,677 [pool-403-thread-1] INFO  ratis.ContainerStateMachine (ContainerStateMachine.java:loadSnapshot(231)) - group-7AC354DB2529: The snapshot info is null. Setting the last applied indexto:(t:0, i:~)
2019-10-11 06:49:06,678 [pool-383-thread-1] INFO  ratis.ContainerStateMachine (ContainerStateMachine.java:loadSnapshot(231)) - group-7AC354DB2529: The snapshot info is null. Setting the last applied indexto:(t:0, i:~)
2019-10-11 06:49:06,678 [pool-393-thread-1] INFO  ratis.ContainerStateMachine (ContainerStateMachine.java:loadSnapshot(231)) - group-7AC354DB2529: The snapshot info is null. Setting the last applied indexto:(t:0, i:~)
2019-10-11 06:49:06,678 [pool-383-thread-1] INFO  server.RaftServerConfigKeys (ConfUtils.java:logGet(43)) - raft.server.notification.no-leader.timeout = 120s (custom)
2019-10-11 06:49:06,678 [pool-403-thread-1] INFO  server.RaftServerConfigKeys (ConfUtils.java:logGet(43)) - raft.server.notification.no-leader.timeout = 120s (custom)
2019-10-11 06:49:06,678 [pool-383-thread-1] INFO  server.RaftServerConfigKeys (ConfUtils.java:logGet(43)) - raft.server.log.use.memory = false (default)
2019-10-11 06:49:06,678 [pool-393-thread-1] INFO  server.RaftServerConfigKeys (ConfUtils.java:logGet(43)) - raft.server.notification.no-leader.timeout = 120s (custom)
2019-10-11 06:49:06,679 [pool-383-thread-1] INFO  server.RaftServerConfigKeys (ConfUtils.java:logGet(43)) - raft.server.log.purge.gap = 1000000 (custom)
2019-10-11 06:49:06,678 [pool-403-thread-1] INFO  server.RaftServerConfigKeys (ConfUtils.java:logGet(43)) - raft.server.log.use.memory = false (default)
2019-10-11 06:49:06,679 [pool-383-thread-1] INFO  server.RaftServerConfigKeys (ConfUtils.java:logGet(43)) - raft.server.log.appender.buffer.byte-limit = 33554432 (custom)
2019-10-11 06:49:06,679 [pool-393-thread-1] INFO  server.RaftServerConfigKeys (ConfUtils.java:logGet(43)) - raft.server.log.use.memory = false (default)
2019-10-11 06:49:06,679 [pool-383-thread-1] INFO  server.RaftServerConfigKeys (ConfUtils.java:logGet(43)) - raft.server.log.segment.size.max = 1048576 (custom)
2019-10-11 06:49:06,679 [pool-403-thread-1] INFO  server.RaftServerConfigKeys (ConfUtils.java:logGet(43)) - raft.server.log.purge.gap = 1000000 (custom)
2019-10-11 06:49:06,680 [pool-383-thread-1] INFO  server.RaftServerConfigKeys (ConfUtils.java:logGet(43)) - raft.server.log.segment.cache.num.max = 2 (custom)
2019-10-11 06:49:06,679 [pool-393-thread-1] INFO  server.RaftServerConfigKeys (ConfUtils.java:logGet(43)) - raft.server.log.purge.gap = 1000000 (custom)
2019-10-11 06:49:06,680 [pool-383-thread-1] INFO  segmented.SegmentedRaftLogWorker (SegmentedRaftLogWorker.java:<init>(173)) - new 02fc17f2-a171-4409-bf59-9a8dc8ee473e@group-7AC354DB2529-SegmentedRaftLogWorker for RaftStorage:Storage Directory /workdir/hadoop-ozone/integration-test/target/test-dir/MiniOzoneClusterImpl-ed757915-0d21-4712-b3aa-7075cc69f4aa/datanode-0/data/ratis/96d46edb-4067-4774-a74d-7ac354db2529
2019-10-11 06:49:06,680 [pool-383-thread-1] INFO  server.RaftServerConfigKeys (ConfUtils.java:logGet(43)) - raft.server.log.queue.byte-limit = 2147483647 (custom)
2019-10-11 06:49:06,680 [pool-403-thread-1] INFO  server.RaftServerConfigKeys (ConfUtils.java:logGet(43)) - raft.server.log.appender.buffer.byte-limit = 33554432 (custom)
2019-10-11 06:49:06,680 [pool-383-thread-1] INFO  server.RaftServerConfigKeys (ConfUtils.java:logGet(43)) - raft.server.log.queue.element-limit = 1024 (custom)
2019-10-11 06:49:06,680 [pool-393-thread-1] INFO  server.RaftServerConfigKeys (ConfUtils.java:logGet(43)) - raft.server.log.appender.buffer.byte-limit = 33554432 (custom)
2019-10-11 06:49:06,681 [pool-383-thread-1] INFO  server.RaftServerConfigKeys (ConfUtils.java:logGet(43)) - raft.server.log.segment.size.max = 1048576 (custom)
2019-10-11 06:49:06,680 [pool-403-thread-1] INFO  server.RaftServerConfigKeys (ConfUtils.java:logGet(43)) - raft.server.log.segment.size.max = 1048576 (custom)
2019-10-11 06:49:06,681 [pool-383-thread-1] INFO  server.RaftServerConfigKeys (ConfUtils.java:logGet(43)) - raft.server.log.preallocated.size = 16384 (custom)
2019-10-11 06:49:06,681 [pool-383-thread-1] INFO  server.RaftServerConfigKeys (ConfUtils.java:logGet(43)) - raft.server.log.write.buffer.size = 33554432 (custom)
2019-10-11 06:49:06,681 [pool-393-thread-1] INFO  server.RaftServerConfigKeys (ConfUtils.java:logGet(43)) - raft.server.log.segment.size.max = 1048576 (custom)
2019-10-11 06:49:06,681 [pool-383-thread-1] INFO  server.RaftServerConfigKeys (ConfUtils.java:logGet(43)) - raft.server.log.force.sync.num = 128 (default)
2019-10-11 06:49:06,681 [pool-403-thread-1] INFO  server.RaftServerConfigKeys (ConfUtils.java:logGet(43)) - raft.server.log.segment.cache.num.max = 2 (custom)
2019-10-11 06:49:06,682 [pool-383-thread-1] INFO  server.RaftServerConfigKeys (ConfUtils.java:logGet(43)) - raft.server.log.statemachine.data.sync = true (default)
2019-10-11 06:49:06,681 [pool-393-thread-1] INFO  server.RaftServerConfigKeys (ConfUtils.java:logGet(43)) - raft.server.log.segment.cache.num.max = 2 (custom)
2019-10-11 06:49:06,682 [pool-383-thread-1] INFO  server.RaftServerConfigKeys (ConfUtils.java:logGet(43)) - raft.server.log.statemachine.data.sync.timeout = 10s (default)
2019-10-11 06:49:06,682 [pool-403-thread-1] INFO  segmented.SegmentedRaftLogWorker (SegmentedRaftLogWorker.java:<init>(173)) - new bcecbe09-0436-4cb8-b8d8-c0e80e92a2da@group-7AC354DB2529-SegmentedRaftLogWorker for RaftStorage:Storage Directory /workdir/hadoop-ozone/integration-test/target/test-dir/MiniOzoneClusterImpl-ed757915-0d21-4712-b3aa-7075cc69f4aa/datanode-2/data/ratis/96d46edb-4067-4774-a74d-7ac354db2529
2019-10-11 06:49:06,682 [pool-383-thread-1] INFO  server.RaftServerConfigKeys (ConfUtils.java:logGet(43)) - raft.server.log.statemachine.data.sync.timeout.retry = -1 (default)
2019-10-11 06:49:06,682 [pool-393-thread-1] INFO  segmented.SegmentedRaftLogWorker (SegmentedRaftLogWorker.java:<init>(173)) - new 7aa06aa4-1cdc-4cec-86a7-320bfc5f4d5f@group-7AC354DB2529-SegmentedRaftLogWorker for RaftStorage:Storage Directory /workdir/hadoop-ozone/integration-test/target/test-dir/MiniOzoneClusterImpl-ed757915-0d21-4712-b3aa-7075cc69f4aa/datanode-1/data/ratis/96d46edb-4067-4774-a74d-7ac354db2529
2019-10-11 06:49:06,682 [pool-383-thread-1] INFO  server.RaftServerConfigKeys (ConfUtils.java:logGet(43)) - raft.server.log.statemachine.data.caching.enabled = true (custom)
2019-10-11 06:49:06,682 [pool-403-thread-1] INFO  server.RaftServerConfigKeys (ConfUtils.java:logGet(43)) - raft.server.log.queue.byte-limit = 2147483647 (custom)
2019-10-11 06:49:06,683 [pool-403-thread-1] INFO  server.RaftServerConfigKeys (ConfUtils.java:logGet(43)) - raft.server.log.queue.element-limit = 1024 (custom)
2019-10-11 06:49:06,683 [pool-393-thread-1] INFO  server.RaftServerConfigKeys (ConfUtils.java:logGet(43)) - raft.server.log.queue.byte-limit = 2147483647 (custom)
2019-10-11 06:49:06,683 [pool-403-thread-1] INFO  server.RaftServerConfigKeys (ConfUtils.java:logGet(43)) - raft.server.log.segment.size.max = 1048576 (custom)
2019-10-11 06:49:06,683 [pool-383-thread-1] INFO  segmented.SegmentedRaftLogWorker (SegmentedRaftLogWorker.java:lambda$new$0(128)) - 02fc17f2-a171-4409-bf59-9a8dc8ee473e@group-7AC354DB2529-SegmentedRaftLogWorker: flushIndex: setUnconditionally 0 -> -1
2019-10-11 06:49:06,683 [pool-403-thread-1] INFO  server.RaftServerConfigKeys (ConfUtils.java:logGet(43)) - raft.server.log.preallocated.size = 16384 (custom)
2019-10-11 06:49:06,683 [pool-393-thread-1] INFO  server.RaftServerConfigKeys (ConfUtils.java:logGet(43)) - raft.server.log.queue.element-limit = 1024 (custom)
2019-10-11 06:49:06,684 [pool-383-thread-1] INFO  server.RaftServerConfigKeys (ConfUtils.java:logGet(43)) - raft.server.snapshot.auto.trigger.enabled = true (custom)
2019-10-11 06:49:06,684 [pool-403-thread-1] INFO  server.RaftServerConfigKeys (ConfUtils.java:logGet(43)) - raft.server.log.write.buffer.size = 33554432 (custom)
2019-10-11 06:49:06,684 [pool-383-thread-1] INFO  server.RaftServerConfigKeys (ConfUtils.java:logGet(43)) - raft.server.snapshot.auto.trigger.threshold = 10000 (custom)
2019-10-11 06:49:06,684 [pool-393-thread-1] INFO  server.RaftServerConfigKeys (ConfUtils.java:logGet(43)) - raft.server.log.segment.size.max = 1048576 (custom)
2019-10-11 06:49:06,684 [pool-383-thread-1] INFO  server.RaftServerConfigKeys (ConfUtils.java:logGet(43)) - raft.server.snapshot.retention.file.num = 5 (custom)
2019-10-11 06:49:06,684 [pool-403-thread-1] INFO  server.RaftServerConfigKeys (ConfUtils.java:logGet(43)) - raft.server.log.force.sync.num = 128 (default)
2019-10-11 06:49:06,685 [pool-383-thread-1] INFO  server.RaftServerConfigKeys (ConfUtils.java:logGet(43)) - raft.server.retrycache.expirytime = 600000ms (custom)
2019-10-11 06:49:06,684 [pool-393-thread-1] INFO  server.RaftServerConfigKeys (ConfUtils.java:logGet(43)) - raft.server.log.preallocated.size = 16384 (custom)
2019-10-11 06:49:06,685 [pool-393-thread-1] INFO  server.RaftServerConfigKeys (ConfUtils.java:logGet(43)) - raft.server.log.write.buffer.size = 33554432 (custom)
2019-10-11 06:49:06,685 [pool-403-thread-1] INFO  server.RaftServerConfigKeys (ConfUtils.java:logGet(43)) - raft.server.log.statemachine.data.sync = true (default)
2019-10-11 06:49:06,685 [pool-393-thread-1] INFO  server.RaftServerConfigKeys (ConfUtils.java:logGet(43)) - raft.server.log.force.sync.num = 128 (default)
2019-10-11 06:49:06,685 [pool-403-thread-1] INFO  server.RaftServerConfigKeys (ConfUtils.java:logGet(43)) - raft.server.log.statemachine.data.sync.timeout = 10s (default)
2019-10-11 06:49:06,685 [pool-393-thread-1] INFO  server.RaftServerConfigKeys (ConfUtils.java:logGet(43)) - raft.server.log.statemachine.data.sync = true (default)
2019-10-11 06:49:06,686 [pool-403-thread-1] INFO  server.RaftServerConfigKeys (ConfUtils.java:logGet(43)) - raft.server.log.statemachine.data.sync.timeout.retry = -1 (default)
2019-10-11 06:49:06,686 [pool-393-thread-1] INFO  server.RaftServerConfigKeys (ConfUtils.java:logGet(43)) - raft.server.log.statemachine.data.sync.timeout = 10s (default)
2019-10-11 06:49:06,686 [pool-403-thread-1] INFO  server.RaftServerConfigKeys (ConfUtils.java:logGet(43)) - raft.server.log.statemachine.data.caching.enabled = true (custom)
2019-10-11 06:49:06,686 [pool-393-thread-1] INFO  server.RaftServerConfigKeys (ConfUtils.java:logGet(43)) - raft.server.log.statemachine.data.sync.timeout.retry = -1 (default)
2019-10-11 06:49:06,686 [pool-403-thread-1] INFO  segmented.SegmentedRaftLogWorker (SegmentedRaftLogWorker.java:lambda$new$0(128)) - bcecbe09-0436-4cb8-b8d8-c0e80e92a2da@group-7AC354DB2529-SegmentedRaftLogWorker: flushIndex: setUnconditionally 0 -> -1
2019-10-11 06:49:06,686 [pool-393-thread-1] INFO  server.RaftServerConfigKeys (ConfUtils.java:logGet(43)) - raft.server.log.statemachine.data.caching.enabled = true (custom)
2019-10-11 06:49:06,687 [pool-403-thread-1] INFO  server.RaftServerConfigKeys (ConfUtils.java:logGet(43)) - raft.server.snapshot.auto.trigger.enabled = true (custom)
2019-10-11 06:49:06,687 [pool-383-thread-1] INFO  impl.RaftServerImpl (RaftServerImpl.java:start(181)) - 02fc17f2-a171-4409-bf59-9a8dc8ee473e@group-7AC354DB2529: start as a follower, conf=-1: [bcecbe09-0436-4cb8-b8d8-c0e80e92a2da:192.168.151.69:41182, 7aa06aa4-1cdc-4cec-86a7-320bfc5f4d5f:192.168.151.69:34628, 02fc17f2-a171-4409-bf59-9a8dc8ee473e:192.168.151.69:41769], old=null
2019-10-11 06:49:06,687 [pool-393-thread-1] INFO  segmented.SegmentedRaftLogWorker (SegmentedRaftLogWorker.java:lambda$new$0(128)) - 7aa06aa4-1cdc-4cec-86a7-320bfc5f4d5f@group-7AC354DB2529-SegmentedRaftLogWorker: flushIndex: setUnconditionally 0 -> -1
2019-10-11 06:49:06,687 [pool-403-thread-1] INFO  server.RaftServerConfigKeys (ConfUtils.java:logGet(43)) - raft.server.snapshot.auto.trigger.threshold = 10000 (custom)
2019-10-11 06:49:06,687 [pool-383-thread-1] INFO  impl.RaftServerImpl (RaftServerImpl.java:setRole(170)) - 02fc17f2-a171-4409-bf59-9a8dc8ee473e@group-7AC354DB2529: changes role from      null to FOLLOWER at term 0 for startAsFollower
2019-10-11 06:49:06,687 [pool-393-thread-1] INFO  server.RaftServerConfigKeys (ConfUtils.java:logGet(43)) - raft.server.snapshot.auto.trigger.enabled = true (custom)
2019-10-11 06:49:06,687 [pool-403-thread-1] INFO  server.RaftServerConfigKeys (ConfUtils.java:logGet(43)) - raft.server.snapshot.retention.file.num = 5 (custom)
2019-10-11 06:49:06,687 [pool-393-thread-1] INFO  server.RaftServerConfigKeys (ConfUtils.java:logGet(43)) - raft.server.snapshot.auto.trigger.threshold = 10000 (custom)
2019-10-11 06:49:06,687 [pool-383-thread-1] INFO  impl.RoleInfo (RoleInfo.java:updateAndGet(143)) - 02fc17f2-a171-4409-bf59-9a8dc8ee473e: start FollowerState
2019-10-11 06:49:06,688 [pool-393-thread-1] INFO  server.RaftServerConfigKeys (ConfUtils.java:logGet(43)) - raft.server.snapshot.retention.file.num = 5 (custom)
2019-10-11 06:49:06,688 [pool-403-thread-1] INFO  server.RaftServerConfigKeys (ConfUtils.java:logGet(43)) - raft.server.retrycache.expirytime = 600000ms (custom)
2019-10-11 06:49:06,688 [pool-393-thread-1] INFO  server.RaftServerConfigKeys (ConfUtils.java:logGet(43)) - raft.server.retrycache.expirytime = 600000ms (custom)
2019-10-11 06:49:06,688 [pool-383-thread-1] INFO  util.JmxRegister (JmxRegister.java:tryRegister(44)) - Successfully registered JMX Bean with object name Ratis:service=RaftServer,group=group-7AC354DB2529,id=02fc17f2-a171-4409-bf59-9a8dc8ee473e
2019-10-11 06:49:06,692 [pool-403-thread-1] INFO  impl.RaftServerImpl (RaftServerImpl.java:start(181)) - bcecbe09-0436-4cb8-b8d8-c0e80e92a2da@group-7AC354DB2529: start as a follower, conf=-1: [bcecbe09-0436-4cb8-b8d8-c0e80e92a2da:192.168.151.69:41182, 7aa06aa4-1cdc-4cec-86a7-320bfc5f4d5f:192.168.151.69:34628, 02fc17f2-a171-4409-bf59-9a8dc8ee473e:192.168.151.69:41769], old=null
2019-10-11 06:49:06,692 [pool-403-thread-1] INFO  impl.RaftServerImpl (RaftServerImpl.java:setRole(170)) - bcecbe09-0436-4cb8-b8d8-c0e80e92a2da@group-7AC354DB2529: changes role from      null to FOLLOWER at term 0 for startAsFollower
2019-10-11 06:49:06,692 [pool-403-thread-1] INFO  impl.RoleInfo (RoleInfo.java:updateAndGet(143)) - bcecbe09-0436-4cb8-b8d8-c0e80e92a2da: start FollowerState
2019-10-11 06:49:06,692 [pool-403-thread-1] INFO  util.JmxRegister (JmxRegister.java:tryRegister(44)) - Successfully registered JMX Bean with object name Ratis:service=RaftServer,group=group-7AC354DB2529,id=bcecbe09-0436-4cb8-b8d8-c0e80e92a2da
2019-10-11 06:49:06,693 [pool-393-thread-1] INFO  impl.RaftServerImpl (RaftServerImpl.java:start(181)) - 7aa06aa4-1cdc-4cec-86a7-320bfc5f4d5f@group-7AC354DB2529: start as a follower, conf=-1: [bcecbe09-0436-4cb8-b8d8-c0e80e92a2da:192.168.151.69:41182, 7aa06aa4-1cdc-4cec-86a7-320bfc5f4d5f:192.168.151.69:34628, 02fc17f2-a171-4409-bf59-9a8dc8ee473e:192.168.151.69:41769], old=null
2019-10-11 06:49:06,693 [pool-393-thread-1] INFO  impl.RaftServerImpl (RaftServerImpl.java:setRole(170)) - 7aa06aa4-1cdc-4cec-86a7-320bfc5f4d5f@group-7AC354DB2529: changes role from      null to FOLLOWER at term 0 for startAsFollower
2019-10-11 06:49:06,693 [pool-393-thread-1] INFO  impl.RoleInfo (RoleInfo.java:updateAndGet(143)) - 7aa06aa4-1cdc-4cec-86a7-320bfc5f4d5f: start FollowerState
2019-10-11 06:49:06,694 [pool-393-thread-1] INFO  util.JmxRegister (JmxRegister.java:tryRegister(44)) - Successfully registered JMX Bean with object name Ratis:service=RaftServer,group=group-7AC354DB2529,id=7aa06aa4-1cdc-4cec-86a7-320bfc5f4d5f
2019-10-11 06:49:06,711 [RatisPipelineUtilsThread] INFO  pipeline.PipelineStateManager (PipelineStateManager.java:addPipeline(56)) - Created pipeline Pipeline[ Id: 96d46edb-4067-4774-a74d-7ac354db2529, Nodes: 02fc17f2-a171-4409-bf59-9a8dc8ee473e{ip: 192.168.151.69, host: trunk-nightly-20191011-nk5dh-3274663048, networkLocation: /default-rack, certSerialId: null}bcecbe09-0436-4cb8-b8d8-c0e80e92a2da{ip: 192.168.151.69, host: trunk-nightly-20191011-nk5dh-3274663048, networkLocation: /default-rack, certSerialId: null}7aa06aa4-1cdc-4cec-86a7-320bfc5f4d5f{ip: 192.168.151.69, host: trunk-nightly-20191011-nk5dh-3274663048, networkLocation: /default-rack, certSerialId: null}, Type:RATIS, Factor:THREE, State:OPEN]
2019-10-11 06:49:06,716 [7aa06aa4-1cdc-4cec-86a7-320bfc5f4d5f@group-B89F98FD9C16-SegmentedRaftLogWorker] INFO  segmented.SegmentedRaftLogWorker (SegmentedRaftLogWorker.java:execute(574)) - 7aa06aa4-1cdc-4cec-86a7-320bfc5f4d5f@group-B89F98FD9C16-SegmentedRaftLogWorker: created new log segment /workdir/hadoop-ozone/integration-test/target/test-dir/MiniOzoneClusterImpl-ed757915-0d21-4712-b3aa-7075cc69f4aa/datanode-1/data/ratis/5ab40e03-8fca-4a9d-b5d8-b89f98fd9c16/current/log_inprogress_0
2019-10-11 06:49:07,623 [main] INFO  hdfs.DFSUtil (DFSUtil.java:httpServerTemplateForNNAndJN(1641)) - Starting Web-server for hddsDatanode at: http://0.0.0.0:0
2019-10-11 06:49:07,629 [main] INFO  server.AuthenticationFilter (AuthenticationFilter.java:constructSecretProvider(240)) - Unable to initialize FileSignerSecretProvider, falling back to use random secrets.
2019-10-11 06:49:07,629 [main] WARN  http.HttpRequestLog (HttpRequestLog.java:getRequestLog(97)) - Jetty request log can only be enabled using Log4j
2019-10-11 06:49:07,632 [main] INFO  http.HttpServer2 (HttpServer2.java:addGlobalFilter(975)) - Added global filter 'safety' (class=org.apache.hadoop.http.HttpServer2$QuotingInputFilter)
2019-10-11 06:49:07,633 [main] INFO  http.HttpServer2 (HttpServer2.java:addFilter(948)) - Added filter static_user_filter (class=org.apache.hadoop.http.lib.StaticUserWebFilter$StaticUserFilter) to context hddsDatanode
2019-10-11 06:49:07,633 [main] INFO  http.HttpServer2 (HttpServer2.java:addFilter(958)) - Added filter static_user_filter (class=org.apache.hadoop.http.lib.StaticUserWebFilter$StaticUserFilter) to context static
2019-10-11 06:49:07,633 [main] INFO  http.HttpServer2 (HttpServer2.java:addFilter(958)) - Added filter static_user_filter (class=org.apache.hadoop.http.lib.StaticUserWebFilter$StaticUserFilter) to context logs
2019-10-11 06:49:07,635 [main] INFO  http.HttpServer2 (HttpServer2.java:bindListener(1191)) - Jetty bound to port 46679
2019-10-11 06:49:07,635 [main] INFO  server.Server (Server.java:doStart(351)) - jetty-9.3.25.v20180904, build timestamp: 2018-09-04T21:11:46Z, git hash: 3ce520221d0240229c862b122d2b06c12a625732
2019-10-11 06:49:07,637 [main] INFO  handler.ContextHandler (ContextHandler.java:doStart(781)) - Started o.e.j.s.ServletContextHandler@6b867ee7{/logs,file:///workdir/hadoop-ozone/integration-test/target/log,AVAILABLE}
2019-10-11 06:49:07,638 [main] INFO  handler.ContextHandler (ContextHandler.java:doStart(781)) - Started o.e.j.s.ServletContextHandler@7a606260{/static,jar:file:/home/user/.m2/repository/org/apache/hadoop/hadoop-hdds-container-service/0.5.0-SNAPSHOT/hadoop-hdds-container-service-0.5.0-SNAPSHOT.jar!/webapps/static,AVAILABLE}
2019-10-11 06:49:07,683 [main] INFO  handler.ContextHandler (ContextHandler.java:doStart(781)) - Started o.e.j.w.WebAppContext@34edd065{/,file:///tmp/jetty-0.0.0.0-46679-hddsDatanode-_-any-3939754115520155708.dir/webapp/,AVAILABLE}{/hddsDatanode}
2019-10-11 06:49:07,683 [main] INFO  server.AbstractConnector (AbstractConnector.java:doStart(278)) - Started ServerConnector@681e913c{HTTP/1.1,[http/1.1]}{0.0.0.0:46679}
2019-10-11 06:49:07,686 [main] INFO  server.Server (Server.java:doStart(419)) - Started @492924ms
2019-10-11 06:49:07,686 [main] WARN  impl.MetricsSystemImpl (MetricsSystemImpl.java:register(276)) - Sink prometheus already exists!
2019-10-11 06:49:07,688 [main] INFO  server.BaseHttpServer (BaseHttpServer.java:updateConnectorAddress(215)) - HTTP server of HDDSDATANODE is listening at http://0.0.0.0:46679
2019-10-11 06:49:07,688 [main] INFO  impl.MetricsSystemImpl (MetricsSystemImpl.java:init(158)) - HddsDatanode metrics system started (again)
2019-10-11 06:49:07,701 [org.apache.hadoop.util.JvmPauseMonitor$Monitor@7aa30f32] INFO  util.JvmPauseMonitor (JvmPauseMonitor.java:run(188)) - Starting JVM pause monitor
2019-10-11 06:49:07,703 [main] INFO  ozone.HddsDatanodeService (HddsDatanodeService.java:start(184)) - HddsDatanodeService host:trunk-nightly-20191011-nk5dh-3274663048 ip:192.168.151.69
2019-10-11 06:49:07,703 [Datanode State Machine Thread - 0] INFO  datanode.InitDatanodeState (InitDatanodeState.java:persistContainerDatanodeDetails(140)) - DatanodeDetails is persisted to /workdir/hadoop-ozone/integration-test/target/test-dir/MiniOzoneClusterImpl-ed757915-0d21-4712-b3aa-7075cc69f4aa/datanode-3/meta/datanode.id
2019-10-11 06:49:07,712 [main] INFO  volume.HddsVolume (HddsVolume.java:<init>(176)) - Creating Volume: /workdir/hadoop-ozone/integration-test/target/test-dir/MiniOzoneClusterImpl-ed757915-0d21-4712-b3aa-7075cc69f4aa/datanode-4/data/containers/hdds of  storage type : DISK and capacity : 1482555576320
2019-10-11 06:49:07,712 [main] INFO  volume.VolumeSet (VolumeSet.java:initializeVolumeSet(170)) - Added Volume : /workdir/hadoop-ozone/integration-test/target/test-dir/MiniOzoneClusterImpl-ed757915-0d21-4712-b3aa-7075cc69f4aa/datanode-4/data/containers/hdds to VolumeSet
2019-10-11 06:49:07,712 [main] INFO  volume.ThrottledAsyncChecker (ThrottledAsyncChecker.java:schedule(141)) - Scheduling a check for org.apache.hadoop.ozone.container.common.volume.HddsVolume@430df350
2019-10-11 06:49:07,713 [main] INFO  volume.HddsVolumeChecker (HddsVolumeChecker.java:checkAllVolumes(204)) - Scheduled health check for volume org.apache.hadoop.ozone.container.common.volume.HddsVolume@430df350
2019-10-11 06:49:07,733 [main] INFO  impl.RaftServerProxy (ConfUtils.java:logGet(43)) - raft.rpc.type = GRPC (default)
2019-10-11 06:49:07,733 [main] INFO  grpc.GrpcFactory (GrpcFactory.java:checkPooledByteBufAllocatorUseCacheForAllThreads(45)) - PERFORMANCE WARNING: useCacheForAllThreads is true that may cause Netty to create a lot garbage objects and, as a result, trigger GC.
	It is recommended to disable useCacheForAllThreads by setting -Dorg.apache.ratis.thirdparty.io.netty.allocator.useCacheForAllThreads=false in command line.
2019-10-11 06:49:07,733 [main] INFO  grpc.GrpcConfigKeys$Server (ConfUtils.java:logGet(43)) - raft.grpc.server.port = 0 (default)
2019-10-11 06:49:07,733 [main] INFO  server.GrpcService (ConfUtils.java:logGet(43)) - raft.grpc.message.size.max = 33570816 (custom)
2019-10-11 06:49:07,734 [main] INFO  server.RaftServerConfigKeys (ConfUtils.java:logGet(43)) - raft.server.log.appender.buffer.byte-limit = 33554432 (custom)
2019-10-11 06:49:07,734 [main] INFO  server.GrpcService (ConfUtils.java:logGet(43)) - raft.grpc.flow.control.window = 1MB (=1048576) (default)
2019-10-11 06:49:07,734 [main] INFO  server.RaftServerConfigKeys (ConfUtils.java:logGet(43)) - raft.server.rpc.request.timeout = 3000ms (default)
2019-10-11 06:49:07,735 [main] INFO  server.RaftServerConfigKeys (ConfUtils.java:logGet(43)) - raft.server.storage.dir = [/workdir/hadoop-ozone/integration-test/target/test-dir/MiniOzoneClusterImpl-ed757915-0d21-4712-b3aa-7075cc69f4aa/datanode-4/data/ratis] (custom)
2019-10-11 06:49:07,736 [main] INFO  hdfs.DFSUtil (DFSUtil.java:httpServerTemplateForNNAndJN(1641)) - Starting Web-server for hddsDatanode at: http://0.0.0.0:0
2019-10-11 06:49:07,737 [main] INFO  server.AuthenticationFilter (AuthenticationFilter.java:constructSecretProvider(240)) - Unable to initialize FileSignerSecretProvider, falling back to use random secrets.
2019-10-11 06:49:07,738 [main] WARN  http.HttpRequestLog (HttpRequestLog.java:getRequestLog(97)) - Jetty request log can only be enabled using Log4j
2019-10-11 06:49:07,740 [main] INFO  http.HttpServer2 (HttpServer2.java:addGlobalFilter(975)) - Added global filter 'safety' (class=org.apache.hadoop.http.HttpServer2$QuotingInputFilter)
2019-10-11 06:49:07,740 [main] INFO  http.HttpServer2 (HttpServer2.java:addFilter(948)) - Added filter static_user_filter (class=org.apache.hadoop.http.lib.StaticUserWebFilter$StaticUserFilter) to context hddsDatanode
2019-10-11 06:49:07,740 [main] INFO  http.HttpServer2 (HttpServer2.java:addFilter(958)) - Added filter static_user_filter (class=org.apache.hadoop.http.lib.StaticUserWebFilter$StaticUserFilter) to context static
2019-10-11 06:49:07,741 [main] INFO  http.HttpServer2 (HttpServer2.java:addFilter(958)) - Added filter static_user_filter (class=org.apache.hadoop.http.lib.StaticUserWebFilter$StaticUserFilter) to context logs
2019-10-11 06:49:07,741 [main] INFO  http.HttpServer2 (HttpServer2.java:bindListener(1191)) - Jetty bound to port 46231
2019-10-11 06:49:07,741 [main] INFO  server.Server (Server.java:doStart(351)) - jetty-9.3.25.v20180904, build timestamp: 2018-09-04T21:11:46Z, git hash: 3ce520221d0240229c862b122d2b06c12a625732
2019-10-11 06:49:07,743 [main] INFO  handler.ContextHandler (ContextHandler.java:doStart(781)) - Started o.e.j.s.ServletContextHandler@3009eed7{/logs,file:///workdir/hadoop-ozone/integration-test/target/log,AVAILABLE}
2019-10-11 06:49:07,744 [main] INFO  handler.ContextHandler (ContextHandler.java:doStart(781)) - Started o.e.j.s.ServletContextHandler@6650a6c{/static,jar:file:/home/user/.m2/repository/org/apache/hadoop/hadoop-hdds-container-service/0.5.0-SNAPSHOT/hadoop-hdds-container-service-0.5.0-SNAPSHOT.jar!/webapps/static,AVAILABLE}
2019-10-11 06:49:07,778 [main] INFO  handler.ContextHandler (ContextHandler.java:doStart(781)) - Started o.e.j.w.WebAppContext@13278a41{/,file:///tmp/jetty-0.0.0.0-46231-hddsDatanode-_-any-974109526999165220.dir/webapp/,AVAILABLE}{/hddsDatanode}
2019-10-11 06:49:07,779 [main] INFO  server.AbstractConnector (AbstractConnector.java:doStart(278)) - Started ServerConnector@4a31ed12{HTTP/1.1,[http/1.1]}{0.0.0.0:46231}
2019-10-11 06:49:07,781 [main] INFO  server.Server (Server.java:doStart(419)) - Started @493020ms
2019-10-11 06:49:07,781 [main] WARN  impl.MetricsSystemImpl (MetricsSystemImpl.java:register(276)) - Sink prometheus already exists!
2019-10-11 06:49:07,782 [main] INFO  server.BaseHttpServer (BaseHttpServer.java:updateConnectorAddress(215)) - HTTP server of HDDSDATANODE is listening at http://0.0.0.0:46231
2019-10-11 06:49:07,782 [main] INFO  impl.MetricsSystemImpl (MetricsSystemImpl.java:init(158)) - HddsDatanode metrics system started (again)
2019-10-11 06:49:07,792 [org.apache.hadoop.util.JvmPauseMonitor$Monitor@f875676] INFO  util.JvmPauseMonitor (JvmPauseMonitor.java:run(188)) - Starting JVM pause monitor
2019-10-11 06:49:07,793 [main] INFO  ozone.HddsDatanodeService (HddsDatanodeService.java:start(184)) - HddsDatanodeService host:trunk-nightly-20191011-nk5dh-3274663048 ip:192.168.151.69
2019-10-11 06:49:07,793 [Datanode State Machine Thread - 0] INFO  datanode.InitDatanodeState (InitDatanodeState.java:persistContainerDatanodeDetails(140)) - DatanodeDetails is persisted to /workdir/hadoop-ozone/integration-test/target/test-dir/MiniOzoneClusterImpl-ed757915-0d21-4712-b3aa-7075cc69f4aa/datanode-4/meta/datanode.id
2019-10-11 06:49:07,801 [main] INFO  volume.HddsVolume (HddsVolume.java:<init>(176)) - Creating Volume: /workdir/hadoop-ozone/integration-test/target/test-dir/MiniOzoneClusterImpl-ed757915-0d21-4712-b3aa-7075cc69f4aa/datanode-5/data/containers/hdds of  storage type : DISK and capacity : 1482555576320
2019-10-11 06:49:07,801 [main] INFO  volume.VolumeSet (VolumeSet.java:initializeVolumeSet(170)) - Added Volume : /workdir/hadoop-ozone/integration-test/target/test-dir/MiniOzoneClusterImpl-ed757915-0d21-4712-b3aa-7075cc69f4aa/datanode-5/data/containers/hdds to VolumeSet
2019-10-11 06:49:07,801 [main] INFO  volume.ThrottledAsyncChecker (ThrottledAsyncChecker.java:schedule(141)) - Scheduling a check for org.apache.hadoop.ozone.container.common.volume.HddsVolume@3e53c4ad
2019-10-11 06:49:07,802 [main] INFO  volume.HddsVolumeChecker (HddsVolumeChecker.java:checkAllVolumes(204)) - Scheduled health check for volume org.apache.hadoop.ozone.container.common.volume.HddsVolume@3e53c4ad
2019-10-11 06:49:07,817 [main] INFO  impl.RaftServerProxy (ConfUtils.java:logGet(43)) - raft.rpc.type = GRPC (default)
2019-10-11 06:49:07,818 [main] INFO  grpc.GrpcFactory (GrpcFactory.java:checkPooledByteBufAllocatorUseCacheForAllThreads(45)) - PERFORMANCE WARNING: useCacheForAllThreads is true that may cause Netty to create a lot garbage objects and, as a result, trigger GC.
	It is recommended to disable useCacheForAllThreads by setting -Dorg.apache.ratis.thirdparty.io.netty.allocator.useCacheForAllThreads=false in command line.
2019-10-11 06:49:07,818 [main] INFO  grpc.GrpcConfigKeys$Server (ConfUtils.java:logGet(43)) - raft.grpc.server.port = 0 (default)
2019-10-11 06:49:07,818 [main] INFO  server.GrpcService (ConfUtils.java:logGet(43)) - raft.grpc.message.size.max = 33570816 (custom)
2019-10-11 06:49:07,818 [main] INFO  server.RaftServerConfigKeys (ConfUtils.java:logGet(43)) - raft.server.log.appender.buffer.byte-limit = 33554432 (custom)
2019-10-11 06:49:07,818 [main] INFO  server.GrpcService (ConfUtils.java:logGet(43)) - raft.grpc.flow.control.window = 1MB (=1048576) (default)
2019-10-11 06:49:07,818 [main] INFO  server.RaftServerConfigKeys (ConfUtils.java:logGet(43)) - raft.server.rpc.request.timeout = 3000ms (default)
2019-10-11 06:49:07,819 [main] INFO  server.RaftServerConfigKeys (ConfUtils.java:logGet(43)) - raft.server.storage.dir = [/workdir/hadoop-ozone/integration-test/target/test-dir/MiniOzoneClusterImpl-ed757915-0d21-4712-b3aa-7075cc69f4aa/datanode-5/data/ratis] (custom)
2019-10-11 06:49:09,716 [Datanode State Machine Thread - 0] INFO  ozoneimpl.OzoneContainer (OzoneContainer.java:start(213)) - Attempting to start container services.
2019-10-11 06:49:09,716 [Datanode State Machine Thread - 0] INFO  ozoneimpl.OzoneContainer (OzoneContainer.java:startContainerScrub(177)) - Background container scanner has been disabled.
2019-10-11 06:49:09,716 [Datanode State Machine Thread - 0] INFO  ratis.XceiverServerRatis (XceiverServerRatis.java:start(418)) - Starting XceiverServerRatis b2e350d2-3cc5-40eb-83cb-1eaf1f83a365 at port 0
2019-10-11 06:49:09,724 [Datanode State Machine Thread - 0] INFO  impl.RaftServerProxy (RaftServerProxy.java:lambda$start$3(299)) - b2e350d2-3cc5-40eb-83cb-1eaf1f83a365: start RPC server
2019-10-11 06:49:09,725 [Datanode State Machine Thread - 0] INFO  server.GrpcService (GrpcService.java:startImpl(158)) - b2e350d2-3cc5-40eb-83cb-1eaf1f83a365: GrpcService started, listening on 0.0.0.0/0.0.0.0:37521
2019-10-11 06:49:09,725 [Datanode State Machine Thread - 0] INFO  ratis.XceiverServerRatis (XceiverServerRatis.java:start(428)) - XceiverServerRatis b2e350d2-3cc5-40eb-83cb-1eaf1f83a365 is started using port 37521
2019-10-11 06:49:09,726 [Datanode State Machine Thread - 0] INFO  server.XceiverServerGrpc (XceiverServerGrpc.java:start(149)) - XceiverServerGrpc b2e350d2-3cc5-40eb-83cb-1eaf1f83a365 is started using port 36263
2019-10-11 06:49:09,807 [Datanode State Machine Thread - 0] INFO  ozoneimpl.OzoneContainer (OzoneContainer.java:start(213)) - Attempting to start container services.
2019-10-11 06:49:09,807 [Datanode State Machine Thread - 0] INFO  ozoneimpl.OzoneContainer (OzoneContainer.java:startContainerScrub(177)) - Background container scanner has been disabled.
2019-10-11 06:49:09,807 [Datanode State Machine Thread - 0] INFO  ratis.XceiverServerRatis (XceiverServerRatis.java:start(418)) - Starting XceiverServerRatis 066225d5-b853-4825-982b-3b26be54854e at port 0
2019-10-11 06:49:09,814 [Datanode State Machine Thread - 0] INFO  impl.RaftServerProxy (RaftServerProxy.java:lambda$start$3(299)) - 066225d5-b853-4825-982b-3b26be54854e: start RPC server
2019-10-11 06:49:09,815 [Datanode State Machine Thread - 0] INFO  server.GrpcService (GrpcService.java:startImpl(158)) - 066225d5-b853-4825-982b-3b26be54854e: GrpcService started, listening on 0.0.0.0/0.0.0.0:38920
2019-10-11 06:49:09,815 [Datanode State Machine Thread - 0] INFO  ratis.XceiverServerRatis (XceiverServerRatis.java:start(428)) - XceiverServerRatis 066225d5-b853-4825-982b-3b26be54854e is started using port 38920
2019-10-11 06:49:09,815 [Datanode State Machine Thread - 0] INFO  server.XceiverServerGrpc (XceiverServerGrpc.java:start(149)) - XceiverServerGrpc 066225d5-b853-4825-982b-3b26be54854e is started using port 34357
2019-10-11 06:49:11,702 [IPC Server handler 0 on 34687] INFO  net.NetworkTopology (NetworkTopologyImpl.java:add(111)) - Added a new node: /default-rack/b2e350d2-3cc5-40eb-83cb-1eaf1f83a365
2019-10-11 06:49:11,702 [IPC Server handler 0 on 34687] INFO  node.SCMNodeManager (SCMNodeManager.java:register(268)) - Registered Data node : b2e350d2-3cc5-40eb-83cb-1eaf1f83a365{ip: 192.168.151.69, host: trunk-nightly-20191011-nk5dh-3274663048, networkLocation: /default-rack, certSerialId: null}
2019-10-11 06:49:11,722 [grpc-default-executor-4] INFO  impl.RaftServerProxy (RaftServerProxy.java:addNew(89)) - b2e350d2-3cc5-40eb-83cb-1eaf1f83a365: addNew group-EF8B72BA9BB7:[b2e350d2-3cc5-40eb-83cb-1eaf1f83a365:192.168.151.69:37521] returns group-EF8B72BA9BB7:java.util.concurrent.CompletableFuture@5041a420[Not completed]
2019-10-11 06:49:11,724 [pool-413-thread-1] INFO  impl.RaftServerImpl (RaftServerImpl.java:<init>(95)) - b2e350d2-3cc5-40eb-83cb-1eaf1f83a365: new RaftServerImpl for group-EF8B72BA9BB7:[b2e350d2-3cc5-40eb-83cb-1eaf1f83a365:192.168.151.69:37521] with ContainerStateMachine:uninitialized
2019-10-11 06:49:11,725 [pool-413-thread-1] INFO  server.RaftServerConfigKeys (ConfUtils.java:logGet(43)) - raft.server.rpc.timeout.min = 5s (custom)
2019-10-11 06:49:11,725 [pool-413-thread-1] INFO  server.RaftServerConfigKeys (ConfUtils.java:logGet(43)) - raft.server.rpc.timeout.max = 5200ms (custom)
2019-10-11 06:49:11,725 [pool-413-thread-1] INFO  server.RaftServerConfigKeys (ConfUtils.java:logGet(43)) - raft.server.rpcslowness.timeout = 120s (custom)
2019-10-11 06:49:11,725 [pool-413-thread-1] INFO  server.RaftServerConfigKeys (ConfUtils.java:logGet(43)) - raft.server.sleep.deviation.threshold = 300 (default)
2019-10-11 06:49:11,725 [pool-413-thread-1] INFO  server.RaftServerConfigKeys (ConfUtils.java:logGet(43)) - raft.server.log.appender.install.snapshot.enabled = false (custom)
2019-10-11 06:49:11,725 [pool-413-thread-1] INFO  impl.RaftServerImpl (ServerState.java:<init>(103)) - b2e350d2-3cc5-40eb-83cb-1eaf1f83a365@group-EF8B72BA9BB7: ConfigurationManager, init=-1: [b2e350d2-3cc5-40eb-83cb-1eaf1f83a365:192.168.151.69:37521], old=null, confs=<EMPTY_MAP>
2019-10-11 06:49:11,726 [pool-413-thread-1] INFO  server.RaftServerConfigKeys (ConfUtils.java:logGet(43)) - raft.server.storage.dir = [/workdir/hadoop-ozone/integration-test/target/test-dir/MiniOzoneClusterImpl-ed757915-0d21-4712-b3aa-7075cc69f4aa/datanode-3/data/ratis] (custom)
2019-10-11 06:49:11,726 [pool-413-thread-1] INFO  server.RaftServerConfigKeys (ConfUtils.java:logGet(43)) - raft.server.log.corruption.policy = EXCEPTION (default)
2019-10-11 06:49:11,726 [pool-413-thread-1] INFO  storage.RaftStorageDirectory (RaftStorageDirectory.java:analyzeStorage(246)) - The storage directory /workdir/hadoop-ozone/integration-test/target/test-dir/MiniOzoneClusterImpl-ed757915-0d21-4712-b3aa-7075cc69f4aa/datanode-3/data/ratis/96a556bc-f722-4220-9a1f-ef8b72ba9bb7 does not exist. Creating ...
2019-10-11 06:49:11,741 [pool-413-thread-1] INFO  storage.RaftStorageDirectory (RaftStorageDirectory.java:tryLock(328)) - Lock on /workdir/hadoop-ozone/integration-test/target/test-dir/MiniOzoneClusterImpl-ed757915-0d21-4712-b3aa-7075cc69f4aa/datanode-3/data/ratis/96a556bc-f722-4220-9a1f-ef8b72ba9bb7/in_use.lock acquired by nodename 26646@trunk-nightly-20191011-nk5dh-3274663048
2019-10-11 06:49:11,754 [pool-413-thread-1] INFO  storage.RaftStorage (RaftStorage.java:format(84)) - Storage directory /workdir/hadoop-ozone/integration-test/target/test-dir/MiniOzoneClusterImpl-ed757915-0d21-4712-b3aa-7075cc69f4aa/datanode-3/data/ratis/96a556bc-f722-4220-9a1f-ef8b72ba9bb7 has been successfully formatted.
2019-10-11 06:49:11,754 [pool-413-thread-1] INFO  ratis.ContainerStateMachine (ContainerStateMachine.java:loadSnapshot(231)) - group-EF8B72BA9BB7: The snapshot info is null. Setting the last applied indexto:(t:0, i:~)
2019-10-11 06:49:11,754 [pool-413-thread-1] INFO  server.RaftServerConfigKeys (ConfUtils.java:logGet(43)) - raft.server.notification.no-leader.timeout = 120s (custom)
2019-10-11 06:49:11,754 [pool-413-thread-1] INFO  server.RaftServerConfigKeys (ConfUtils.java:logGet(43)) - raft.server.log.use.memory = false (default)
2019-10-11 06:49:11,755 [pool-413-thread-1] INFO  server.RaftServerConfigKeys (ConfUtils.java:logGet(43)) - raft.server.log.purge.gap = 1000000 (custom)
2019-10-11 06:49:11,755 [pool-413-thread-1] INFO  server.RaftServerConfigKeys (ConfUtils.java:logGet(43)) - raft.server.log.appender.buffer.byte-limit = 33554432 (custom)
2019-10-11 06:49:11,755 [pool-413-thread-1] INFO  server.RaftServerConfigKeys (ConfUtils.java:logGet(43)) - raft.server.log.segment.size.max = 1048576 (custom)
2019-10-11 06:49:11,757 [pool-413-thread-1] INFO  server.RaftServerConfigKeys (ConfUtils.java:logGet(43)) - raft.server.log.segment.cache.num.max = 2 (custom)
2019-10-11 06:49:11,758 [pool-413-thread-1] INFO  segmented.SegmentedRaftLogWorker (SegmentedRaftLogWorker.java:<init>(173)) - new b2e350d2-3cc5-40eb-83cb-1eaf1f83a365@group-EF8B72BA9BB7-SegmentedRaftLogWorker for RaftStorage:Storage Directory /workdir/hadoop-ozone/integration-test/target/test-dir/MiniOzoneClusterImpl-ed757915-0d21-4712-b3aa-7075cc69f4aa/datanode-3/data/ratis/96a556bc-f722-4220-9a1f-ef8b72ba9bb7
2019-10-11 06:49:11,758 [pool-413-thread-1] INFO  server.RaftServerConfigKeys (ConfUtils.java:logGet(43)) - raft.server.log.queue.byte-limit = 2147483647 (custom)
2019-10-11 06:49:11,758 [pool-413-thread-1] INFO  server.RaftServerConfigKeys (ConfUtils.java:logGet(43)) - raft.server.log.queue.element-limit = 1024 (custom)
2019-10-11 06:49:11,758 [pool-413-thread-1] INFO  server.RaftServerConfigKeys (ConfUtils.java:logGet(43)) - raft.server.log.segment.size.max = 1048576 (custom)
2019-10-11 06:49:11,758 [pool-413-thread-1] INFO  server.RaftServerConfigKeys (ConfUtils.java:logGet(43)) - raft.server.log.preallocated.size = 16384 (custom)
2019-10-11 06:49:11,758 [pool-413-thread-1] INFO  server.RaftServerConfigKeys (ConfUtils.java:logGet(43)) - raft.server.log.write.buffer.size = 33554432 (custom)
2019-10-11 06:49:11,759 [pool-413-thread-1] INFO  server.RaftServerConfigKeys (ConfUtils.java:logGet(43)) - raft.server.log.force.sync.num = 128 (default)
2019-10-11 06:49:11,759 [pool-413-thread-1] INFO  server.RaftServerConfigKeys (ConfUtils.java:logGet(43)) - raft.server.log.statemachine.data.sync = true (default)
2019-10-11 06:49:11,759 [pool-413-thread-1] INFO  server.RaftServerConfigKeys (ConfUtils.java:logGet(43)) - raft.server.log.statemachine.data.sync.timeout = 10s (default)
2019-10-11 06:49:11,759 [pool-413-thread-1] INFO  server.RaftServerConfigKeys (ConfUtils.java:logGet(43)) - raft.server.log.statemachine.data.sync.timeout.retry = -1 (default)
2019-10-11 06:49:11,760 [pool-413-thread-1] INFO  server.RaftServerConfigKeys (ConfUtils.java:logGet(43)) - raft.server.log.statemachine.data.caching.enabled = true (custom)
2019-10-11 06:49:11,760 [pool-413-thread-1] INFO  segmented.SegmentedRaftLogWorker (SegmentedRaftLogWorker.java:lambda$new$0(128)) - b2e350d2-3cc5-40eb-83cb-1eaf1f83a365@group-EF8B72BA9BB7-SegmentedRaftLogWorker: flushIndex: setUnconditionally 0 -> -1
2019-10-11 06:49:11,760 [pool-413-thread-1] INFO  server.RaftServerConfigKeys (ConfUtils.java:logGet(43)) - raft.server.snapshot.auto.trigger.enabled = true (custom)
2019-10-11 06:49:11,761 [pool-413-thread-1] INFO  server.RaftServerConfigKeys (ConfUtils.java:logGet(43)) - raft.server.snapshot.auto.trigger.threshold = 10000 (custom)
2019-10-11 06:49:11,761 [pool-413-thread-1] INFO  server.RaftServerConfigKeys (ConfUtils.java:logGet(43)) - raft.server.snapshot.retention.file.num = 5 (custom)
2019-10-11 06:49:11,761 [pool-413-thread-1] INFO  server.RaftServerConfigKeys (ConfUtils.java:logGet(43)) - raft.server.retrycache.expirytime = 600000ms (custom)
2019-10-11 06:49:11,763 [pool-413-thread-1] INFO  impl.RaftServerImpl (RaftServerImpl.java:start(181)) - b2e350d2-3cc5-40eb-83cb-1eaf1f83a365@group-EF8B72BA9BB7: start as a follower, conf=-1: [b2e350d2-3cc5-40eb-83cb-1eaf1f83a365:192.168.151.69:37521], old=null
2019-10-11 06:49:11,763 [pool-413-thread-1] INFO  impl.RaftServerImpl (RaftServerImpl.java:setRole(170)) - b2e350d2-3cc5-40eb-83cb-1eaf1f83a365@group-EF8B72BA9BB7: changes role from      null to FOLLOWER at term 0 for startAsFollower
2019-10-11 06:49:11,763 [pool-413-thread-1] INFO  impl.RoleInfo (RoleInfo.java:updateAndGet(143)) - b2e350d2-3cc5-40eb-83cb-1eaf1f83a365: start FollowerState
2019-10-11 06:49:11,764 [pool-413-thread-1] INFO  util.JmxRegister (JmxRegister.java:tryRegister(44)) - Successfully registered JMX Bean with object name Ratis:service=RaftServer,group=group-EF8B72BA9BB7,id=b2e350d2-3cc5-40eb-83cb-1eaf1f83a365
2019-10-11 06:49:11,771 [RatisPipelineUtilsThread] INFO  pipeline.PipelineStateManager (PipelineStateManager.java:addPipeline(56)) - Created pipeline Pipeline[ Id: 96a556bc-f722-4220-9a1f-ef8b72ba9bb7, Nodes: b2e350d2-3cc5-40eb-83cb-1eaf1f83a365{ip: 192.168.151.69, host: trunk-nightly-20191011-nk5dh-3274663048, networkLocation: /default-rack, certSerialId: null}, Type:RATIS, Factor:ONE, State:OPEN]
2019-10-11 06:49:11,781 [Thread-2511] INFO  impl.FollowerState (FollowerState.java:run(108)) - 7aa06aa4-1cdc-4cec-86a7-320bfc5f4d5f@group-7AC354DB2529-FollowerState: change to CANDIDATE, lastRpcTime:5087ms, electionTimeout:5087ms
2019-10-11 06:49:11,781 [Thread-2511] INFO  impl.RoleInfo (RoleInfo.java:shutdownFollowerState(121)) - 7aa06aa4-1cdc-4cec-86a7-320bfc5f4d5f: shutdown FollowerState
2019-10-11 06:49:11,781 [Thread-2511] INFO  impl.RaftServerImpl (RaftServerImpl.java:setRole(170)) - 7aa06aa4-1cdc-4cec-86a7-320bfc5f4d5f@group-7AC354DB2529: changes role from  FOLLOWER to CANDIDATE at term 0 for changeToCandidate
2019-10-11 06:49:11,781 [Thread-2511] INFO  impl.RoleInfo (RoleInfo.java:updateAndGet(143)) - 7aa06aa4-1cdc-4cec-86a7-320bfc5f4d5f: start LeaderElection
2019-10-11 06:49:11,793 [IPC Server handler 4 on 34687] INFO  net.NetworkTopology (NetworkTopologyImpl.java:add(111)) - Added a new node: /default-rack/066225d5-b853-4825-982b-3b26be54854e
2019-10-11 06:49:11,793 [IPC Server handler 4 on 34687] INFO  node.SCMNodeManager (SCMNodeManager.java:register(268)) - Registered Data node : 066225d5-b853-4825-982b-3b26be54854e{ip: 192.168.151.69, host: trunk-nightly-20191011-nk5dh-3274663048, networkLocation: /default-rack, certSerialId: null}
2019-10-11 06:49:11,797 [Thread-2507] INFO  impl.FollowerState (FollowerState.java:run(108)) - 02fc17f2-a171-4409-bf59-9a8dc8ee473e@group-7AC354DB2529-FollowerState: change to CANDIDATE, lastRpcTime:5109ms, electionTimeout:5109ms
2019-10-11 06:49:11,797 [Thread-2507] INFO  impl.RoleInfo (RoleInfo.java:shutdownFollowerState(121)) - 02fc17f2-a171-4409-bf59-9a8dc8ee473e: shutdown FollowerState
2019-10-11 06:49:11,798 [Thread-2507] INFO  impl.RaftServerImpl (RaftServerImpl.java:setRole(170)) - 02fc17f2-a171-4409-bf59-9a8dc8ee473e@group-7AC354DB2529: changes role from  FOLLOWER to CANDIDATE at term 0 for changeToCandidate
2019-10-11 06:49:11,798 [Thread-2507] INFO  impl.RoleInfo (RoleInfo.java:updateAndGet(143)) - 02fc17f2-a171-4409-bf59-9a8dc8ee473e: start LeaderElection
2019-10-11 06:49:11,804 [7aa06aa4-1cdc-4cec-86a7-320bfc5f4d5f@group-7AC354DB2529-LeaderElection66] INFO  impl.LeaderElection (LeaderElection.java:askForVotes(178)) - 7aa06aa4-1cdc-4cec-86a7-320bfc5f4d5f@group-7AC354DB2529-LeaderElection66: begin an election at term 1 for -1: [bcecbe09-0436-4cb8-b8d8-c0e80e92a2da:192.168.151.69:41182, 7aa06aa4-1cdc-4cec-86a7-320bfc5f4d5f:192.168.151.69:34628, 02fc17f2-a171-4409-bf59-9a8dc8ee473e:192.168.151.69:41769], old=null
2019-10-11 06:49:11,813 [grpc-default-executor-6] INFO  impl.RaftServerProxy (RaftServerProxy.java:addNew(89)) - 066225d5-b853-4825-982b-3b26be54854e: addNew group-729D02289147:[066225d5-b853-4825-982b-3b26be54854e:192.168.151.69:38920] returns group-729D02289147:java.util.concurrent.CompletableFuture@25657a83[Not completed]
2019-10-11 06:49:11,816 [pool-423-thread-1] INFO  impl.RaftServerImpl (RaftServerImpl.java:<init>(95)) - 066225d5-b853-4825-982b-3b26be54854e: new RaftServerImpl for group-729D02289147:[066225d5-b853-4825-982b-3b26be54854e:192.168.151.69:38920] with ContainerStateMachine:uninitialized
2019-10-11 06:49:11,817 [pool-423-thread-1] INFO  server.RaftServerConfigKeys (ConfUtils.java:logGet(43)) - raft.server.rpc.timeout.min = 5s (custom)
2019-10-11 06:49:11,821 [grpc-default-executor-4] INFO  impl.RaftServerImpl (RaftServerImpl.java:setRole(170)) - bcecbe09-0436-4cb8-b8d8-c0e80e92a2da@group-7AC354DB2529: changes role from  FOLLOWER to FOLLOWER at term 1 for recognizeCandidate:7aa06aa4-1cdc-4cec-86a7-320bfc5f4d5f
2019-10-11 06:49:11,821 [Thread-2502] INFO  impl.FollowerState (FollowerState.java:run(108)) - bcecbe09-0436-4cb8-b8d8-c0e80e92a2da@group-65C095CB3A41-FollowerState: change to CANDIDATE, lastRpcTime:5196ms, electionTimeout:5196ms
2019-10-11 06:49:11,821 [02fc17f2-a171-4409-bf59-9a8dc8ee473e@group-7AC354DB2529-LeaderElection67] INFO  impl.LeaderElection (LeaderElection.java:askForVotes(178)) - 02fc17f2-a171-4409-bf59-9a8dc8ee473e@group-7AC354DB2529-LeaderElection67: begin an election at term 1 for -1: [bcecbe09-0436-4cb8-b8d8-c0e80e92a2da:192.168.151.69:41182, 7aa06aa4-1cdc-4cec-86a7-320bfc5f4d5f:192.168.151.69:34628, 02fc17f2-a171-4409-bf59-9a8dc8ee473e:192.168.151.69:41769], old=null
2019-10-11 06:49:11,821 [pool-423-thread-1] INFO  server.RaftServerConfigKeys (ConfUtils.java:logGet(43)) - raft.server.rpc.timeout.max = 5200ms (custom)
2019-10-11 06:49:11,822 [Thread-2502] INFO  impl.RoleInfo (RoleInfo.java:shutdownFollowerState(121)) - bcecbe09-0436-4cb8-b8d8-c0e80e92a2da: shutdown FollowerState
2019-10-11 06:49:11,821 [grpc-default-executor-4] INFO  impl.RoleInfo (RoleInfo.java:shutdownFollowerState(121)) - bcecbe09-0436-4cb8-b8d8-c0e80e92a2da: shutdown FollowerState
2019-10-11 06:49:11,824 [Thread-2502] INFO  impl.RaftServerImpl (RaftServerImpl.java:setRole(170)) - bcecbe09-0436-4cb8-b8d8-c0e80e92a2da@group-65C095CB3A41: changes role from  FOLLOWER to CANDIDATE at term 0 for changeToCandidate
2019-10-11 06:49:11,824 [pool-423-thread-1] INFO  server.RaftServerConfigKeys (ConfUtils.java:logGet(43)) - raft.server.rpcslowness.timeout = 120s (custom)
2019-10-11 06:49:11,825 [Thread-2502] INFO  impl.RoleInfo (RoleInfo.java:updateAndGet(143)) - bcecbe09-0436-4cb8-b8d8-c0e80e92a2da: start LeaderElection
2019-10-11 06:49:11,825 [Thread-2510] INFO  impl.FollowerState (FollowerState.java:run(117)) - bcecbe09-0436-4cb8-b8d8-c0e80e92a2da@group-7AC354DB2529-FollowerState was interrupted: java.lang.InterruptedException: sleep interrupted
2019-10-11 06:49:11,825 [grpc-default-executor-4] INFO  impl.RoleInfo (RoleInfo.java:updateAndGet(143)) - bcecbe09-0436-4cb8-b8d8-c0e80e92a2da: start FollowerState
2019-10-11 06:49:11,825 [pool-423-thread-1] INFO  server.RaftServerConfigKeys (ConfUtils.java:logGet(43)) - raft.server.sleep.deviation.threshold = 300 (default)
2019-10-11 06:49:11,832 [pool-423-thread-1] INFO  server.RaftServerConfigKeys (ConfUtils.java:logGet(43)) - raft.server.log.appender.install.snapshot.enabled = false (custom)
2019-10-11 06:49:11,833 [pool-423-thread-1] INFO  impl.RaftServerImpl (ServerState.java:<init>(103)) - 066225d5-b853-4825-982b-3b26be54854e@group-729D02289147: ConfigurationManager, init=-1: [066225d5-b853-4825-982b-3b26be54854e:192.168.151.69:38920], old=null, confs=<EMPTY_MAP>
2019-10-11 06:49:11,833 [pool-423-thread-1] INFO  server.RaftServerConfigKeys (ConfUtils.java:logGet(43)) - raft.server.storage.dir = [/workdir/hadoop-ozone/integration-test/target/test-dir/MiniOzoneClusterImpl-ed757915-0d21-4712-b3aa-7075cc69f4aa/datanode-4/data/ratis] (custom)
2019-10-11 06:49:11,833 [pool-423-thread-1] INFO  server.RaftServerConfigKeys (ConfUtils.java:logGet(43)) - raft.server.log.corruption.policy = EXCEPTION (default)
2019-10-11 06:49:11,833 [pool-423-thread-1] INFO  storage.RaftStorageDirectory (RaftStorageDirectory.java:analyzeStorage(246)) - The storage directory /workdir/hadoop-ozone/integration-test/target/test-dir/MiniOzoneClusterImpl-ed757915-0d21-4712-b3aa-7075cc69f4aa/datanode-4/data/ratis/70d3f225-3142-42dc-be9a-729d02289147 does not exist. Creating ...
2019-10-11 06:49:11,846 [pool-423-thread-1] INFO  storage.RaftStorageDirectory (RaftStorageDirectory.java:tryLock(328)) - Lock on /workdir/hadoop-ozone/integration-test/target/test-dir/MiniOzoneClusterImpl-ed757915-0d21-4712-b3aa-7075cc69f4aa/datanode-4/data/ratis/70d3f225-3142-42dc-be9a-729d02289147/in_use.lock acquired by nodename 26646@trunk-nightly-20191011-nk5dh-3274663048
2019-10-11 06:49:11,846 [bcecbe09-0436-4cb8-b8d8-c0e80e92a2da@group-65C095CB3A41-LeaderElection68] INFO  impl.LeaderElection (LeaderElection.java:askForVotes(178)) - bcecbe09-0436-4cb8-b8d8-c0e80e92a2da@group-65C095CB3A41-LeaderElection68: begin an election at term 1 for -1: [bcecbe09-0436-4cb8-b8d8-c0e80e92a2da:192.168.151.69:41182], old=null
2019-10-11 06:49:11,846 [bcecbe09-0436-4cb8-b8d8-c0e80e92a2da@group-65C095CB3A41-LeaderElection68] INFO  impl.RoleInfo (RoleInfo.java:shutdownLeaderElection(134)) - bcecbe09-0436-4cb8-b8d8-c0e80e92a2da: shutdown LeaderElection
2019-10-11 06:49:11,846 [bcecbe09-0436-4cb8-b8d8-c0e80e92a2da@group-65C095CB3A41-LeaderElection68] INFO  impl.RaftServerImpl (RaftServerImpl.java:setRole(170)) - bcecbe09-0436-4cb8-b8d8-c0e80e92a2da@group-65C095CB3A41: changes role from CANDIDATE to LEADER at term 1 for changeToLeader
2019-10-11 06:49:11,846 [bcecbe09-0436-4cb8-b8d8-c0e80e92a2da@group-65C095CB3A41-LeaderElection68] INFO  impl.RaftServerImpl (ServerState.java:setLeader(255)) - bcecbe09-0436-4cb8-b8d8-c0e80e92a2da@group-65C095CB3A41: change Leader from null to bcecbe09-0436-4cb8-b8d8-c0e80e92a2da at term 1 for becomeLeader, leader elected after 5229ms
2019-10-11 06:49:11,846 [bcecbe09-0436-4cb8-b8d8-c0e80e92a2da@group-65C095CB3A41-LeaderElection68] INFO  server.RaftServerConfigKeys (ConfUtils.java:logGet(43)) - raft.server.staging.catchup.gap = 1000 (default)
2019-10-11 06:49:11,849 [bcecbe09-0436-4cb8-b8d8-c0e80e92a2da@group-65C095CB3A41-LeaderElection68] INFO  server.RaftServerConfigKeys (ConfUtils.java:logGet(43)) - raft.server.rpc.sleep.time = 25ms (default)
2019-10-11 06:49:11,849 [bcecbe09-0436-4cb8-b8d8-c0e80e92a2da@group-65C095CB3A41-LeaderElection68] INFO  server.RaftServerConfigKeys (ConfUtils.java:logGet(43)) - raft.server.write.element-limit = 4096 (default)
2019-10-11 06:49:11,849 [02fc17f2-a171-4409-bf59-9a8dc8ee473e@group-7AC354DB2529-LeaderElection67] INFO  impl.LeaderElection (LeaderElection.java:logAndReturn(56)) - 02fc17f2-a171-4409-bf59-9a8dc8ee473e@group-7AC354DB2529-LeaderElection67: Election REJECTED; received 2 response(s) [02fc17f2-a171-4409-bf59-9a8dc8ee473e<-7aa06aa4-1cdc-4cec-86a7-320bfc5f4d5f#0:FAIL-t1, 02fc17f2-a171-4409-bf59-9a8dc8ee473e<-bcecbe09-0436-4cb8-b8d8-c0e80e92a2da#0:FAIL-t1] and 0 exception(s); 02fc17f2-a171-4409-bf59-9a8dc8ee473e@group-7AC354DB2529:t1, leader=null, voted=02fc17f2-a171-4409-bf59-9a8dc8ee473e, raftlog=02fc17f2-a171-4409-bf59-9a8dc8ee473e@group-7AC354DB2529-SegmentedRaftLog:OPENED:c-1,f-1,i0, conf=-1: [bcecbe09-0436-4cb8-b8d8-c0e80e92a2da:192.168.151.69:41182, 7aa06aa4-1cdc-4cec-86a7-320bfc5f4d5f:192.168.151.69:34628, 02fc17f2-a171-4409-bf59-9a8dc8ee473e:192.168.151.69:41769], old=null
2019-10-11 06:49:11,849 [7aa06aa4-1cdc-4cec-86a7-320bfc5f4d5f@group-7AC354DB2529-LeaderElection66] INFO  impl.LeaderElection (LeaderElection.java:logAndReturn(56)) - 7aa06aa4-1cdc-4cec-86a7-320bfc5f4d5f@group-7AC354DB2529-LeaderElection66: Election PASSED; received 2 response(s) [7aa06aa4-1cdc-4cec-86a7-320bfc5f4d5f<-bcecbe09-0436-4cb8-b8d8-c0e80e92a2da#0:OK-t1, 7aa06aa4-1cdc-4cec-86a7-320bfc5f4d5f<-02fc17f2-a171-4409-bf59-9a8dc8ee473e#0:FAIL-t1] and 0 exception(s); 7aa06aa4-1cdc-4cec-86a7-320bfc5f4d5f@group-7AC354DB2529:t1, leader=null, voted=7aa06aa4-1cdc-4cec-86a7-320bfc5f4d5f, raftlog=7aa06aa4-1cdc-4cec-86a7-320bfc5f4d5f@group-7AC354DB2529-SegmentedRaftLog:OPENED:c-1,f-1,i0, conf=-1: [bcecbe09-0436-4cb8-b8d8-c0e80e92a2da:192.168.151.69:41182, 7aa06aa4-1cdc-4cec-86a7-320bfc5f4d5f:192.168.151.69:34628, 02fc17f2-a171-4409-bf59-9a8dc8ee473e:192.168.151.69:41769], old=null
2019-10-11 06:49:11,849 [02fc17f2-a171-4409-bf59-9a8dc8ee473e@group-7AC354DB2529-LeaderElection67] INFO  impl.RaftServerImpl (RaftServerImpl.java:setRole(170)) - 02fc17f2-a171-4409-bf59-9a8dc8ee473e@group-7AC354DB2529: changes role from CANDIDATE to FOLLOWER at term 1 for DISCOVERED_A_NEW_TERM
2019-10-11 06:49:11,849 [bcecbe09-0436-4cb8-b8d8-c0e80e92a2da@group-65C095CB3A41-LeaderElection68] INFO  server.RaftServerConfigKeys (ConfUtils.java:logGet(43)) - raft.server.watch.timeout = 10s (default)
2019-10-11 06:49:11,854 [7aa06aa4-1cdc-4cec-86a7-320bfc5f4d5f@group-7AC354DB2529-LeaderElection66] INFO  impl.RoleInfo (RoleInfo.java:shutdownLeaderElection(134)) - 7aa06aa4-1cdc-4cec-86a7-320bfc5f4d5f: shutdown LeaderElection
2019-10-11 06:49:11,852 [02fc17f2-a171-4409-bf59-9a8dc8ee473e@group-7AC354DB2529-LeaderElection67] INFO  impl.RoleInfo (RoleInfo.java:shutdownLeaderElection(134)) - 02fc17f2-a171-4409-bf59-9a8dc8ee473e: shutdown LeaderElection
2019-10-11 06:49:11,854 [7aa06aa4-1cdc-4cec-86a7-320bfc5f4d5f@group-7AC354DB2529-LeaderElection66] INFO  impl.RaftServerImpl (RaftServerImpl.java:setRole(170)) - 7aa06aa4-1cdc-4cec-86a7-320bfc5f4d5f@group-7AC354DB2529: changes role from CANDIDATE to LEADER at term 1 for changeToLeader
2019-10-11 06:49:11,854 [bcecbe09-0436-4cb8-b8d8-c0e80e92a2da@group-65C095CB3A41-LeaderElection68] INFO  server.RaftServerConfigKeys (ConfUtils.java:logGet(43)) - raft.server.watch.timeout.denomination = 1s (default)
2019-10-11 06:49:11,854 [7aa06aa4-1cdc-4cec-86a7-320bfc5f4d5f@group-7AC354DB2529-LeaderElection66] INFO  impl.RaftServerImpl (ServerState.java:setLeader(255)) - 7aa06aa4-1cdc-4cec-86a7-320bfc5f4d5f@group-7AC354DB2529: change Leader from null to 7aa06aa4-1cdc-4cec-86a7-320bfc5f4d5f at term 1 for becomeLeader, leader elected after 5176ms
2019-10-11 06:49:11,854 [02fc17f2-a171-4409-bf59-9a8dc8ee473e@group-7AC354DB2529-LeaderElection67] INFO  impl.RoleInfo (RoleInfo.java:updateAndGet(143)) - 02fc17f2-a171-4409-bf59-9a8dc8ee473e: start FollowerState
2019-10-11 06:49:11,854 [7aa06aa4-1cdc-4cec-86a7-320bfc5f4d5f@group-7AC354DB2529-LeaderElection66] INFO  server.RaftServerConfigKeys (ConfUtils.java:logGet(43)) - raft.server.staging.catchup.gap = 1000 (default)
2019-10-11 06:49:11,854 [bcecbe09-0436-4cb8-b8d8-c0e80e92a2da@group-65C095CB3A41-LeaderElection68] INFO  server.RaftServerConfigKeys (ConfUtils.java:logGet(43)) - raft.server.watch.element-limit = 65536 (default)
2019-10-11 06:49:11,855 [7aa06aa4-1cdc-4cec-86a7-320bfc5f4d5f@group-7AC354DB2529-LeaderElection66] INFO  server.RaftServerConfigKeys (ConfUtils.java:logGet(43)) - raft.server.rpc.sleep.time = 25ms (default)
2019-10-11 06:49:11,855 [7aa06aa4-1cdc-4cec-86a7-320bfc5f4d5f@group-7AC354DB2529-LeaderElection66] INFO  server.RaftServerConfigKeys (ConfUtils.java:logGet(43)) - raft.server.write.element-limit = 4096 (default)
2019-10-11 06:49:11,855 [7aa06aa4-1cdc-4cec-86a7-320bfc5f4d5f@group-7AC354DB2529-LeaderElection66] INFO  server.RaftServerConfigKeys (ConfUtils.java:logGet(43)) - raft.server.watch.timeout = 10s (default)
2019-10-11 06:49:11,855 [7aa06aa4-1cdc-4cec-86a7-320bfc5f4d5f@group-7AC354DB2529-LeaderElection66] INFO  server.RaftServerConfigKeys (ConfUtils.java:logGet(43)) - raft.server.watch.timeout.denomination = 1s (default)
2019-10-11 06:49:11,855 [7aa06aa4-1cdc-4cec-86a7-320bfc5f4d5f@group-7AC354DB2529-LeaderElection66] INFO  server.RaftServerConfigKeys (ConfUtils.java:logGet(43)) - raft.server.watch.element-limit = 65536 (default)
2019-10-11 06:49:11,857 [bcecbe09-0436-4cb8-b8d8-c0e80e92a2da@group-65C095CB3A41-LeaderElection68] INFO  impl.RoleInfo (RoleInfo.java:updateAndGet(143)) - bcecbe09-0436-4cb8-b8d8-c0e80e92a2da: start LeaderState
2019-10-11 06:49:11,857 [7aa06aa4-1cdc-4cec-86a7-320bfc5f4d5f@group-7AC354DB2529-LeaderElection66] INFO  server.RaftServerConfigKeys (ConfUtils.java:logGet(43)) - raft.server.log.appender.snapshot.chunk.size.max = 16MB (=16777216) (default)
2019-10-11 06:49:11,857 [bcecbe09-0436-4cb8-b8d8-c0e80e92a2da@group-65C095CB3A41-LeaderElection68] INFO  segmented.SegmentedRaftLogWorker (SegmentedRaftLogWorker.java:startLogSegment(385)) - bcecbe09-0436-4cb8-b8d8-c0e80e92a2da@group-65C095CB3A41-SegmentedRaftLogWorker: Starting segment from index:0
2019-10-11 06:49:11,858 [7aa06aa4-1cdc-4cec-86a7-320bfc5f4d5f@group-7AC354DB2529-LeaderElection66] INFO  server.RaftServerConfigKeys (ConfUtils.java:logGet(43)) - raft.server.log.appender.buffer.byte-limit = 33554432 (custom)
2019-10-11 06:49:11,858 [7aa06aa4-1cdc-4cec-86a7-320bfc5f4d5f@group-7AC354DB2529-LeaderElection66] INFO  server.RaftServerConfigKeys (ConfUtils.java:logGet(43)) - raft.server.log.appender.buffer.element-limit = 1 (custom)
2019-10-11 06:49:11,858 [7aa06aa4-1cdc-4cec-86a7-320bfc5f4d5f@group-7AC354DB2529-LeaderElection66] INFO  grpc.GrpcConfigKeys$Server (ConfUtils.java:logGet(43)) - raft.grpc.server.leader.outstanding.appends.max = 128 (default)
2019-10-11 06:49:11,858 [bcecbe09-0436-4cb8-b8d8-c0e80e92a2da@group-65C095CB3A41-LeaderElection68] INFO  impl.RaftServerImpl (ServerState.java:setRaftConf(356)) - bcecbe09-0436-4cb8-b8d8-c0e80e92a2da@group-65C095CB3A41: set configuration 0: [bcecbe09-0436-4cb8-b8d8-c0e80e92a2da:192.168.151.69:41182], old=null at 0
2019-10-11 06:49:11,858 [7aa06aa4-1cdc-4cec-86a7-320bfc5f4d5f@group-7AC354DB2529-LeaderElection66] INFO  server.RaftServerConfigKeys (ConfUtils.java:logGet(43)) - raft.server.rpc.request.timeout = 3000ms (default)
2019-10-11 06:49:11,859 [7aa06aa4-1cdc-4cec-86a7-320bfc5f4d5f@group-7AC354DB2529-LeaderElection66] INFO  server.RaftServerConfigKeys (ConfUtils.java:logGet(43)) - raft.server.log.appender.install.snapshot.enabled = false (custom)
2019-10-11 06:49:11,859 [pool-423-thread-1] INFO  storage.RaftStorage (RaftStorage.java:format(84)) - Storage directory /workdir/hadoop-ozone/integration-test/target/test-dir/MiniOzoneClusterImpl-ed757915-0d21-4712-b3aa-7075cc69f4aa/datanode-4/data/ratis/70d3f225-3142-42dc-be9a-729d02289147 has been successfully formatted.
2019-10-11 06:49:11,859 [7aa06aa4-1cdc-4cec-86a7-320bfc5f4d5f@group-7AC354DB2529-LeaderElection66] INFO  server.RaftServerConfigKeys (ConfUtils.java:logGet(43)) - raft.server.log.appender.snapshot.chunk.size.max = 16MB (=16777216) (default)
2019-10-11 06:49:11,859 [7aa06aa4-1cdc-4cec-86a7-320bfc5f4d5f@group-7AC354DB2529-LeaderElection66] INFO  server.RaftServerConfigKeys (ConfUtils.java:logGet(43)) - raft.server.log.appender.buffer.byte-limit = 33554432 (custom)
2019-10-11 06:49:11,859 [pool-423-thread-1] INFO  ratis.ContainerStateMachine (ContainerStateMachine.java:loadSnapshot(231)) - group-729D02289147: The snapshot info is null. Setting the last applied indexto:(t:0, i:~)
2019-10-11 06:49:11,859 [7aa06aa4-1cdc-4cec-86a7-320bfc5f4d5f@group-7AC354DB2529-LeaderElection66] INFO  server.RaftServerConfigKeys (ConfUtils.java:logGet(43)) - raft.server.log.appender.buffer.element-limit = 1 (custom)
2019-10-11 06:49:11,859 [pool-423-thread-1] INFO  server.RaftServerConfigKeys (ConfUtils.java:logGet(43)) - raft.server.notification.no-leader.timeout = 120s (custom)
2019-10-11 06:49:11,860 [7aa06aa4-1cdc-4cec-86a7-320bfc5f4d5f@group-7AC354DB2529-LeaderElection66] INFO  grpc.GrpcConfigKeys$Server (ConfUtils.java:logGet(43)) - raft.grpc.server.leader.outstanding.appends.max = 128 (default)
2019-10-11 06:49:11,860 [pool-423-thread-1] INFO  server.RaftServerConfigKeys (ConfUtils.java:logGet(43)) - raft.server.log.use.memory = false (default)
2019-10-11 06:49:11,860 [7aa06aa4-1cdc-4cec-86a7-320bfc5f4d5f@group-7AC354DB2529-LeaderElection66] INFO  server.RaftServerConfigKeys (ConfUtils.java:logGet(43)) - raft.server.rpc.request.timeout = 3000ms (default)
2019-10-11 06:49:11,860 [pool-423-thread-1] INFO  server.RaftServerConfigKeys (ConfUtils.java:logGet(43)) - raft.server.log.purge.gap = 1000000 (custom)
2019-10-11 06:49:11,860 [7aa06aa4-1cdc-4cec-86a7-320bfc5f4d5f@group-7AC354DB2529-LeaderElection66] INFO  server.RaftServerConfigKeys (ConfUtils.java:logGet(43)) - raft.server.log.appender.install.snapshot.enabled = false (custom)
2019-10-11 06:49:11,860 [pool-423-thread-1] INFO  server.RaftServerConfigKeys (ConfUtils.java:logGet(43)) - raft.server.log.appender.buffer.byte-limit = 33554432 (custom)
2019-10-11 06:49:11,861 [pool-423-thread-1] INFO  server.RaftServerConfigKeys (ConfUtils.java:logGet(43)) - raft.server.log.segment.size.max = 1048576 (custom)
2019-10-11 06:49:11,861 [7aa06aa4-1cdc-4cec-86a7-320bfc5f4d5f@group-7AC354DB2529-LeaderElection66] INFO  impl.RoleInfo (RoleInfo.java:updateAndGet(143)) - 7aa06aa4-1cdc-4cec-86a7-320bfc5f4d5f: start LeaderState
2019-10-11 06:49:11,861 [7aa06aa4-1cdc-4cec-86a7-320bfc5f4d5f@group-7AC354DB2529-LeaderElection66] INFO  segmented.SegmentedRaftLogWorker (SegmentedRaftLogWorker.java:startLogSegment(385)) - 7aa06aa4-1cdc-4cec-86a7-320bfc5f4d5f@group-7AC354DB2529-SegmentedRaftLogWorker: Starting segment from index:0
2019-10-11 06:49:11,862 [7aa06aa4-1cdc-4cec-86a7-320bfc5f4d5f@group-7AC354DB2529-LeaderElection66] INFO  impl.RaftServerImpl (ServerState.java:setRaftConf(356)) - 7aa06aa4-1cdc-4cec-86a7-320bfc5f4d5f@group-7AC354DB2529: set configuration 0: [bcecbe09-0436-4cb8-b8d8-c0e80e92a2da:192.168.151.69:41182, 7aa06aa4-1cdc-4cec-86a7-320bfc5f4d5f:192.168.151.69:34628, 02fc17f2-a171-4409-bf59-9a8dc8ee473e:192.168.151.69:41769], old=null at 0
2019-10-11 06:49:11,863 [pool-423-thread-1] INFO  server.RaftServerConfigKeys (ConfUtils.java:logGet(43)) - raft.server.log.segment.cache.num.max = 2 (custom)
2019-10-11 06:49:11,864 [grpc-default-executor-4] INFO  impl.RaftServerImpl (ServerState.java:setLeader(255)) - 02fc17f2-a171-4409-bf59-9a8dc8ee473e@group-7AC354DB2529: change Leader from null to 7aa06aa4-1cdc-4cec-86a7-320bfc5f4d5f at term 1 for appendEntries, leader elected after 5185ms
2019-10-11 06:49:11,864 [grpc-default-executor-5] INFO  impl.RaftServerImpl (ServerState.java:setLeader(255)) - bcecbe09-0436-4cb8-b8d8-c0e80e92a2da@group-7AC354DB2529: change Leader from null to 7aa06aa4-1cdc-4cec-86a7-320bfc5f4d5f at term 1 for appendEntries, leader elected after 5185ms
2019-10-11 06:49:11,864 [pool-423-thread-1] INFO  segmented.SegmentedRaftLogWorker (SegmentedRaftLogWorker.java:<init>(173)) - new 066225d5-b853-4825-982b-3b26be54854e@group-729D02289147-SegmentedRaftLogWorker for RaftStorage:Storage Directory /workdir/hadoop-ozone/integration-test/target/test-dir/MiniOzoneClusterImpl-ed757915-0d21-4712-b3aa-7075cc69f4aa/datanode-4/data/ratis/70d3f225-3142-42dc-be9a-729d02289147
2019-10-11 06:49:11,864 [pool-423-thread-1] INFO  server.RaftServerConfigKeys (ConfUtils.java:logGet(43)) - raft.server.log.queue.byte-limit = 2147483647 (custom)
2019-10-11 06:49:11,865 [pool-423-thread-1] INFO  server.RaftServerConfigKeys (ConfUtils.java:logGet(43)) - raft.server.log.queue.element-limit = 1024 (custom)
2019-10-11 06:49:11,865 [pool-423-thread-1] INFO  server.RaftServerConfigKeys (ConfUtils.java:logGet(43)) - raft.server.log.segment.size.max = 1048576 (custom)
2019-10-11 06:49:11,866 [pool-423-thread-1] INFO  server.RaftServerConfigKeys (ConfUtils.java:logGet(43)) - raft.server.log.preallocated.size = 16384 (custom)
2019-10-11 06:49:11,866 [pool-423-thread-1] INFO  server.RaftServerConfigKeys (ConfUtils.java:logGet(43)) - raft.server.log.write.buffer.size = 33554432 (custom)
2019-10-11 06:49:11,866 [pool-423-thread-1] INFO  server.RaftServerConfigKeys (ConfUtils.java:logGet(43)) - raft.server.log.force.sync.num = 128 (default)
2019-10-11 06:49:11,866 [pool-423-thread-1] INFO  server.RaftServerConfigKeys (ConfUtils.java:logGet(43)) - raft.server.log.statemachine.data.sync = true (default)
2019-10-11 06:49:11,867 [pool-423-thread-1] INFO  server.RaftServerConfigKeys (ConfUtils.java:logGet(43)) - raft.server.log.statemachine.data.sync.timeout = 10s (default)
2019-10-11 06:49:11,867 [grpc-default-executor-4] INFO  impl.RaftServerImpl (ServerState.java:setRaftConf(356)) - bcecbe09-0436-4cb8-b8d8-c0e80e92a2da@group-7AC354DB2529: set configuration 0: [bcecbe09-0436-4cb8-b8d8-c0e80e92a2da:192.168.151.69:41182, 7aa06aa4-1cdc-4cec-86a7-320bfc5f4d5f:192.168.151.69:34628, 02fc17f2-a171-4409-bf59-9a8dc8ee473e:192.168.151.69:41769], old=null at 0
2019-10-11 06:49:11,867 [grpc-default-executor-5] INFO  impl.RaftServerImpl (ServerState.java:setRaftConf(356)) - 02fc17f2-a171-4409-bf59-9a8dc8ee473e@group-7AC354DB2529: set configuration 0: [bcecbe09-0436-4cb8-b8d8-c0e80e92a2da:192.168.151.69:41182, 7aa06aa4-1cdc-4cec-86a7-320bfc5f4d5f:192.168.151.69:34628, 02fc17f2-a171-4409-bf59-9a8dc8ee473e:192.168.151.69:41769], old=null at 0
2019-10-11 06:49:11,867 [grpc-default-executor-4] INFO  segmented.SegmentedRaftLogWorker (SegmentedRaftLogWorker.java:startLogSegment(385)) - bcecbe09-0436-4cb8-b8d8-c0e80e92a2da@group-7AC354DB2529-SegmentedRaftLogWorker: Starting segment from index:0
2019-10-11 06:49:11,867 [pool-423-thread-1] INFO  server.RaftServerConfigKeys (ConfUtils.java:logGet(43)) - raft.server.log.statemachine.data.sync.timeout.retry = -1 (default)
2019-10-11 06:49:11,867 [grpc-default-executor-5] INFO  segmented.SegmentedRaftLogWorker (SegmentedRaftLogWorker.java:startLogSegment(385)) - 02fc17f2-a171-4409-bf59-9a8dc8ee473e@group-7AC354DB2529-SegmentedRaftLogWorker: Starting segment from index:0
2019-10-11 06:49:11,868 [pool-423-thread-1] INFO  server.RaftServerConfigKeys (ConfUtils.java:logGet(43)) - raft.server.log.statemachine.data.caching.enabled = true (custom)
2019-10-11 06:49:11,869 [pool-423-thread-1] INFO  segmented.SegmentedRaftLogWorker (SegmentedRaftLogWorker.java:lambda$new$0(128)) - 066225d5-b853-4825-982b-3b26be54854e@group-729D02289147-SegmentedRaftLogWorker: flushIndex: setUnconditionally 0 -> -1
2019-10-11 06:49:11,869 [pool-423-thread-1] INFO  server.RaftServerConfigKeys (ConfUtils.java:logGet(43)) - raft.server.snapshot.auto.trigger.enabled = true (custom)
2019-10-11 06:49:11,869 [pool-423-thread-1] INFO  server.RaftServerConfigKeys (ConfUtils.java:logGet(43)) - raft.server.snapshot.auto.trigger.threshold = 10000 (custom)
2019-10-11 06:49:11,870 [pool-423-thread-1] INFO  server.RaftServerConfigKeys (ConfUtils.java:logGet(43)) - raft.server.snapshot.retention.file.num = 5 (custom)
2019-10-11 06:49:11,870 [pool-423-thread-1] INFO  server.RaftServerConfigKeys (ConfUtils.java:logGet(43)) - raft.server.retrycache.expirytime = 600000ms (custom)
2019-10-11 06:49:11,873 [pool-423-thread-1] INFO  impl.RaftServerImpl (RaftServerImpl.java:start(181)) - 066225d5-b853-4825-982b-3b26be54854e@group-729D02289147: start as a follower, conf=-1: [066225d5-b853-4825-982b-3b26be54854e:192.168.151.69:38920], old=null
2019-10-11 06:49:11,873 [pool-423-thread-1] INFO  impl.RaftServerImpl (RaftServerImpl.java:setRole(170)) - 066225d5-b853-4825-982b-3b26be54854e@group-729D02289147: changes role from      null to FOLLOWER at term 0 for startAsFollower
2019-10-11 06:49:11,874 [pool-423-thread-1] INFO  impl.RoleInfo (RoleInfo.java:updateAndGet(143)) - 066225d5-b853-4825-982b-3b26be54854e: start FollowerState
2019-10-11 06:49:11,874 [pool-423-thread-1] INFO  util.JmxRegister (JmxRegister.java:tryRegister(44)) - Successfully registered JMX Bean with object name Ratis:service=RaftServer,group=group-729D02289147,id=066225d5-b853-4825-982b-3b26be54854e
2019-10-11 06:49:11,909 [RatisPipelineUtilsThread] INFO  pipeline.PipelineStateManager (PipelineStateManager.java:addPipeline(56)) - Created pipeline Pipeline[ Id: 70d3f225-3142-42dc-be9a-729d02289147, Nodes: 066225d5-b853-4825-982b-3b26be54854e{ip: 192.168.151.69, host: trunk-nightly-20191011-nk5dh-3274663048, networkLocation: /default-rack, certSerialId: null}, Type:RATIS, Factor:ONE, State:OPEN]
2019-10-11 06:49:11,921 [02fc17f2-a171-4409-bf59-9a8dc8ee473e@group-7AC354DB2529-SegmentedRaftLogWorker] INFO  segmented.SegmentedRaftLogWorker (SegmentedRaftLogWorker.java:execute(574)) - 02fc17f2-a171-4409-bf59-9a8dc8ee473e@group-7AC354DB2529-SegmentedRaftLogWorker: created new log segment /workdir/hadoop-ozone/integration-test/target/test-dir/MiniOzoneClusterImpl-ed757915-0d21-4712-b3aa-7075cc69f4aa/datanode-0/data/ratis/96d46edb-4067-4774-a74d-7ac354db2529/current/log_inprogress_0
2019-10-11 06:49:11,921 [bcecbe09-0436-4cb8-b8d8-c0e80e92a2da@group-7AC354DB2529-SegmentedRaftLogWorker] INFO  segmented.SegmentedRaftLogWorker (SegmentedRaftLogWorker.java:execute(574)) - bcecbe09-0436-4cb8-b8d8-c0e80e92a2da@group-7AC354DB2529-SegmentedRaftLogWorker: created new log segment /workdir/hadoop-ozone/integration-test/target/test-dir/MiniOzoneClusterImpl-ed757915-0d21-4712-b3aa-7075cc69f4aa/datanode-2/data/ratis/96d46edb-4067-4774-a74d-7ac354db2529/current/log_inprogress_0
2019-10-11 06:49:11,921 [bcecbe09-0436-4cb8-b8d8-c0e80e92a2da@group-65C095CB3A41-SegmentedRaftLogWorker] INFO  segmented.SegmentedRaftLogWorker (SegmentedRaftLogWorker.java:execute(574)) - bcecbe09-0436-4cb8-b8d8-c0e80e92a2da@group-65C095CB3A41-SegmentedRaftLogWorker: created new log segment /workdir/hadoop-ozone/integration-test/target/test-dir/MiniOzoneClusterImpl-ed757915-0d21-4712-b3aa-7075cc69f4aa/datanode-2/data/ratis/eb91342f-23ec-473a-8979-65c095cb3a41/current/log_inprogress_0
2019-10-11 06:49:11,921 [7aa06aa4-1cdc-4cec-86a7-320bfc5f4d5f@group-7AC354DB2529-SegmentedRaftLogWorker] INFO  segmented.SegmentedRaftLogWorker (SegmentedRaftLogWorker.java:execute(574)) - 7aa06aa4-1cdc-4cec-86a7-320bfc5f4d5f@group-7AC354DB2529-SegmentedRaftLogWorker: created new log segment /workdir/hadoop-ozone/integration-test/target/test-dir/MiniOzoneClusterImpl-ed757915-0d21-4712-b3aa-7075cc69f4aa/datanode-1/data/ratis/96d46edb-4067-4774-a74d-7ac354db2529/current/log_inprogress_0
2019-10-11 06:49:12,823 [main] INFO  hdfs.DFSUtil (DFSUtil.java:httpServerTemplateForNNAndJN(1641)) - Starting Web-server for hddsDatanode at: http://0.0.0.0:0
2019-10-11 06:49:12,827 [main] INFO  server.AuthenticationFilter (AuthenticationFilter.java:constructSecretProvider(240)) - Unable to initialize FileSignerSecretProvider, falling back to use random secrets.
2019-10-11 06:49:12,828 [main] WARN  http.HttpRequestLog (HttpRequestLog.java:getRequestLog(97)) - Jetty request log can only be enabled using Log4j
2019-10-11 06:49:12,830 [main] INFO  http.HttpServer2 (HttpServer2.java:addGlobalFilter(975)) - Added global filter 'safety' (class=org.apache.hadoop.http.HttpServer2$QuotingInputFilter)
2019-10-11 06:49:12,831 [main] INFO  http.HttpServer2 (HttpServer2.java:addFilter(948)) - Added filter static_user_filter (class=org.apache.hadoop.http.lib.StaticUserWebFilter$StaticUserFilter) to context hddsDatanode
2019-10-11 06:49:12,832 [main] INFO  http.HttpServer2 (HttpServer2.java:addFilter(958)) - Added filter static_user_filter (class=org.apache.hadoop.http.lib.StaticUserWebFilter$StaticUserFilter) to context static
2019-10-11 06:49:12,832 [main] INFO  http.HttpServer2 (HttpServer2.java:addFilter(958)) - Added filter static_user_filter (class=org.apache.hadoop.http.lib.StaticUserWebFilter$StaticUserFilter) to context logs
2019-10-11 06:49:12,833 [main] INFO  http.HttpServer2 (HttpServer2.java:bindListener(1191)) - Jetty bound to port 35437
2019-10-11 06:49:12,833 [main] INFO  server.Server (Server.java:doStart(351)) - jetty-9.3.25.v20180904, build timestamp: 2018-09-04T21:11:46Z, git hash: 3ce520221d0240229c862b122d2b06c12a625732
2019-10-11 06:49:12,837 [main] INFO  handler.ContextHandler (ContextHandler.java:doStart(781)) - Started o.e.j.s.ServletContextHandler@545d2560{/logs,file:///workdir/hadoop-ozone/integration-test/target/log,AVAILABLE}
2019-10-11 06:49:12,838 [main] INFO  handler.ContextHandler (ContextHandler.java:doStart(781)) - Started o.e.j.s.ServletContextHandler@6885ed19{/static,jar:file:/home/user/.m2/repository/org/apache/hadoop/hadoop-hdds-container-service/0.5.0-SNAPSHOT/hadoop-hdds-container-service-0.5.0-SNAPSHOT.jar!/webapps/static,AVAILABLE}
2019-10-11 06:49:12,885 [main] INFO  handler.ContextHandler (ContextHandler.java:doStart(781)) - Started o.e.j.w.WebAppContext@46bb0bdf{/,file:///tmp/jetty-0.0.0.0-35437-hddsDatanode-_-any-7211954346785093074.dir/webapp/,AVAILABLE}{/hddsDatanode}
2019-10-11 06:49:12,886 [main] INFO  server.AbstractConnector (AbstractConnector.java:doStart(278)) - Started ServerConnector@561f9d92{HTTP/1.1,[http/1.1]}{0.0.0.0:35437}
2019-10-11 06:49:12,890 [main] INFO  server.Server (Server.java:doStart(419)) - Started @498128ms
2019-10-11 06:49:12,890 [main] WARN  impl.MetricsSystemImpl (MetricsSystemImpl.java:register(276)) - Sink prometheus already exists!
2019-10-11 06:49:16,850 [Thread-2546] INFO  impl.FollowerState (FollowerState.java:run(108)) - b2e350d2-3cc5-40eb-83cb-1eaf1f83a365@group-EF8B72BA9BB7-FollowerState: change to CANDIDATE, lastRpcTime:5086ms, electionTimeout:5086ms
2019-10-11 06:49:16,850 [Thread-2546] INFO  impl.RoleInfo (RoleInfo.java:shutdownFollowerState(121)) - b2e350d2-3cc5-40eb-83cb-1eaf1f83a365: shutdown FollowerState
2019-10-11 06:49:16,850 [Thread-2546] INFO  impl.RaftServerImpl (RaftServerImpl.java:setRole(170)) - b2e350d2-3cc5-40eb-83cb-1eaf1f83a365@group-EF8B72BA9BB7: changes role from  FOLLOWER to CANDIDATE at term 0 for changeToCandidate
2019-10-11 06:49:16,850 [Thread-2546] INFO  impl.RoleInfo (RoleInfo.java:updateAndGet(143)) - b2e350d2-3cc5-40eb-83cb-1eaf1f83a365: start LeaderElection
2019-10-11 06:49:16,873 [b2e350d2-3cc5-40eb-83cb-1eaf1f83a365@group-EF8B72BA9BB7-LeaderElection69] INFO  impl.LeaderElection (LeaderElection.java:askForVotes(178)) - b2e350d2-3cc5-40eb-83cb-1eaf1f83a365@group-EF8B72BA9BB7-LeaderElection69: begin an election at term 1 for -1: [b2e350d2-3cc5-40eb-83cb-1eaf1f83a365:192.168.151.69:37521], old=null
2019-10-11 06:49:16,873 [b2e350d2-3cc5-40eb-83cb-1eaf1f83a365@group-EF8B72BA9BB7-LeaderElection69] INFO  impl.RoleInfo (RoleInfo.java:shutdownLeaderElection(134)) - b2e350d2-3cc5-40eb-83cb-1eaf1f83a365: shutdown LeaderElection
2019-10-11 06:49:16,873 [b2e350d2-3cc5-40eb-83cb-1eaf1f83a365@group-EF8B72BA9BB7-LeaderElection69] INFO  impl.RaftServerImpl (RaftServerImpl.java:setRole(170)) - b2e350d2-3cc5-40eb-83cb-1eaf1f83a365@group-EF8B72BA9BB7: changes role from CANDIDATE to LEADER at term 1 for changeToLeader
2019-10-11 06:49:16,873 [b2e350d2-3cc5-40eb-83cb-1eaf1f83a365@group-EF8B72BA9BB7-LeaderElection69] INFO  impl.RaftServerImpl (ServerState.java:setLeader(255)) - b2e350d2-3cc5-40eb-83cb-1eaf1f83a365@group-EF8B72BA9BB7: change Leader from null to b2e350d2-3cc5-40eb-83cb-1eaf1f83a365 at term 1 for becomeLeader, leader elected after 5118ms
2019-10-11 06:49:16,873 [b2e350d2-3cc5-40eb-83cb-1eaf1f83a365@group-EF8B72BA9BB7-LeaderElection69] INFO  server.RaftServerConfigKeys (ConfUtils.java:logGet(43)) - raft.server.staging.catchup.gap = 1000 (default)
2019-10-11 06:49:16,874 [b2e350d2-3cc5-40eb-83cb-1eaf1f83a365@group-EF8B72BA9BB7-LeaderElection69] INFO  server.RaftServerConfigKeys (ConfUtils.java:logGet(43)) - raft.server.rpc.sleep.time = 25ms (default)
2019-10-11 06:49:16,874 [b2e350d2-3cc5-40eb-83cb-1eaf1f83a365@group-EF8B72BA9BB7-LeaderElection69] INFO  server.RaftServerConfigKeys (ConfUtils.java:logGet(43)) - raft.server.write.element-limit = 4096 (default)
2019-10-11 06:49:16,874 [b2e350d2-3cc5-40eb-83cb-1eaf1f83a365@group-EF8B72BA9BB7-LeaderElection69] INFO  server.RaftServerConfigKeys (ConfUtils.java:logGet(43)) - raft.server.watch.timeout = 10s (default)
2019-10-11 06:49:16,874 [b2e350d2-3cc5-40eb-83cb-1eaf1f83a365@group-EF8B72BA9BB7-LeaderElection69] INFO  server.RaftServerConfigKeys (ConfUtils.java:logGet(43)) - raft.server.watch.timeout.denomination = 1s (default)
2019-10-11 06:49:16,874 [b2e350d2-3cc5-40eb-83cb-1eaf1f83a365@group-EF8B72BA9BB7-LeaderElection69] INFO  server.RaftServerConfigKeys (ConfUtils.java:logGet(43)) - raft.server.watch.element-limit = 65536 (default)
2019-10-11 06:49:16,877 [b2e350d2-3cc5-40eb-83cb-1eaf1f83a365@group-EF8B72BA9BB7-LeaderElection69] INFO  impl.RoleInfo (RoleInfo.java:updateAndGet(143)) - b2e350d2-3cc5-40eb-83cb-1eaf1f83a365: start LeaderState
2019-10-11 06:49:16,877 [b2e350d2-3cc5-40eb-83cb-1eaf1f83a365@group-EF8B72BA9BB7-LeaderElection69] INFO  segmented.SegmentedRaftLogWorker (SegmentedRaftLogWorker.java:startLogSegment(385)) - b2e350d2-3cc5-40eb-83cb-1eaf1f83a365@group-EF8B72BA9BB7-SegmentedRaftLogWorker: Starting segment from index:0
2019-10-11 06:49:16,878 [b2e350d2-3cc5-40eb-83cb-1eaf1f83a365@group-EF8B72BA9BB7-LeaderElection69] INFO  impl.RaftServerImpl (ServerState.java:setRaftConf(356)) - b2e350d2-3cc5-40eb-83cb-1eaf1f83a365@group-EF8B72BA9BB7: set configuration 0: [b2e350d2-3cc5-40eb-83cb-1eaf1f83a365:192.168.151.69:37521], old=null at 0
2019-10-11 06:49:16,929 [b2e350d2-3cc5-40eb-83cb-1eaf1f83a365@group-EF8B72BA9BB7-SegmentedRaftLogWorker] INFO  segmented.SegmentedRaftLogWorker (SegmentedRaftLogWorker.java:execute(574)) - b2e350d2-3cc5-40eb-83cb-1eaf1f83a365@group-EF8B72BA9BB7-SegmentedRaftLogWorker: created new log segment /workdir/hadoop-ozone/integration-test/target/test-dir/MiniOzoneClusterImpl-ed757915-0d21-4712-b3aa-7075cc69f4aa/datanode-3/data/ratis/96a556bc-f722-4220-9a1f-ef8b72ba9bb7/current/log_inprogress_0
2019-10-11 06:49:16,954 [Thread-2566] INFO  impl.FollowerState (FollowerState.java:run(108)) - 066225d5-b853-4825-982b-3b26be54854e@group-729D02289147-FollowerState: change to CANDIDATE, lastRpcTime:5080ms, electionTimeout:5080ms
2019-10-11 06:49:16,955 [Thread-2566] INFO  impl.RoleInfo (RoleInfo.java:shutdownFollowerState(121)) - 066225d5-b853-4825-982b-3b26be54854e: shutdown FollowerState
2019-10-11 06:49:16,955 [Thread-2566] INFO  impl.RaftServerImpl (RaftServerImpl.java:setRole(170)) - 066225d5-b853-4825-982b-3b26be54854e@group-729D02289147: changes role from  FOLLOWER to CANDIDATE at term 0 for changeToCandidate
2019-10-11 06:49:16,955 [Thread-2566] INFO  impl.RoleInfo (RoleInfo.java:updateAndGet(143)) - 066225d5-b853-4825-982b-3b26be54854e: start LeaderElection
2019-10-11 06:49:16,975 [066225d5-b853-4825-982b-3b26be54854e@group-729D02289147-LeaderElection70] INFO  impl.LeaderElection (LeaderElection.java:askForVotes(178)) - 066225d5-b853-4825-982b-3b26be54854e@group-729D02289147-LeaderElection70: begin an election at term 1 for -1: [066225d5-b853-4825-982b-3b26be54854e:192.168.151.69:38920], old=null
2019-10-11 06:49:16,976 [066225d5-b853-4825-982b-3b26be54854e@group-729D02289147-LeaderElection70] INFO  impl.RoleInfo (RoleInfo.java:shutdownLeaderElection(134)) - 066225d5-b853-4825-982b-3b26be54854e: shutdown LeaderElection
2019-10-11 06:49:16,976 [066225d5-b853-4825-982b-3b26be54854e@group-729D02289147-LeaderElection70] INFO  impl.RaftServerImpl (RaftServerImpl.java:setRole(170)) - 066225d5-b853-4825-982b-3b26be54854e@group-729D02289147: changes role from CANDIDATE to LEADER at term 1 for changeToLeader
2019-10-11 06:49:16,976 [066225d5-b853-4825-982b-3b26be54854e@group-729D02289147-LeaderElection70] INFO  impl.RaftServerImpl (ServerState.java:setLeader(255)) - 066225d5-b853-4825-982b-3b26be54854e@group-729D02289147: change Leader from null to 066225d5-b853-4825-982b-3b26be54854e at term 1 for becomeLeader, leader elected after 5116ms
2019-10-11 06:49:16,976 [066225d5-b853-4825-982b-3b26be54854e@group-729D02289147-LeaderElection70] INFO  server.RaftServerConfigKeys (ConfUtils.java:logGet(43)) - raft.server.staging.catchup.gap = 1000 (default)
2019-10-11 06:49:16,976 [066225d5-b853-4825-982b-3b26be54854e@group-729D02289147-LeaderElection70] INFO  server.RaftServerConfigKeys (ConfUtils.java:logGet(43)) - raft.server.rpc.sleep.time = 25ms (default)
2019-10-11 06:49:16,976 [066225d5-b853-4825-982b-3b26be54854e@group-729D02289147-LeaderElection70] INFO  server.RaftServerConfigKeys (ConfUtils.java:logGet(43)) - raft.server.write.element-limit = 4096 (default)
2019-10-11 06:49:16,977 [066225d5-b853-4825-982b-3b26be54854e@group-729D02289147-LeaderElection70] INFO  server.RaftServerConfigKeys (ConfUtils.java:logGet(43)) - raft.server.watch.timeout = 10s (default)
2019-10-11 06:49:16,977 [066225d5-b853-4825-982b-3b26be54854e@group-729D02289147-LeaderElection70] INFO  server.RaftServerConfigKeys (ConfUtils.java:logGet(43)) - raft.server.watch.timeout.denomination = 1s (default)
2019-10-11 06:49:16,977 [066225d5-b853-4825-982b-3b26be54854e@group-729D02289147-LeaderElection70] INFO  server.RaftServerConfigKeys (ConfUtils.java:logGet(43)) - raft.server.watch.element-limit = 65536 (default)
2019-10-11 06:49:16,979 [066225d5-b853-4825-982b-3b26be54854e@group-729D02289147-LeaderElection70] INFO  impl.RoleInfo (RoleInfo.java:updateAndGet(143)) - 066225d5-b853-4825-982b-3b26be54854e: start LeaderState
2019-10-11 06:49:16,979 [066225d5-b853-4825-982b-3b26be54854e@group-729D02289147-LeaderElection70] INFO  segmented.SegmentedRaftLogWorker (SegmentedRaftLogWorker.java:startLogSegment(385)) - 066225d5-b853-4825-982b-3b26be54854e@group-729D02289147-SegmentedRaftLogWorker: Starting segment from index:0
2019-10-11 06:49:16,980 [066225d5-b853-4825-982b-3b26be54854e@group-729D02289147-LeaderElection70] INFO  impl.RaftServerImpl (ServerState.java:setRaftConf(356)) - 066225d5-b853-4825-982b-3b26be54854e@group-729D02289147: set configuration 0: [066225d5-b853-4825-982b-3b26be54854e:192.168.151.69:38920], old=null at 0
2019-10-11 06:49:17,029 [066225d5-b853-4825-982b-3b26be54854e@group-729D02289147-SegmentedRaftLogWorker] INFO  segmented.SegmentedRaftLogWorker (SegmentedRaftLogWorker.java:execute(574)) - 066225d5-b853-4825-982b-3b26be54854e@group-729D02289147-SegmentedRaftLogWorker: created new log segment /workdir/hadoop-ozone/integration-test/target/test-dir/MiniOzoneClusterImpl-ed757915-0d21-4712-b3aa-7075cc69f4aa/datanode-4/data/ratis/70d3f225-3142-42dc-be9a-729d02289147/current/log_inprogress_0
2019-10-11 06:49:17,894 [main] INFO  server.BaseHttpServer (BaseHttpServer.java:updateConnectorAddress(215)) - HTTP server of HDDSDATANODE is listening at http://0.0.0.0:35437
2019-10-11 06:49:17,895 [main] INFO  impl.MetricsSystemImpl (MetricsSystemImpl.java:init(158)) - HddsDatanode metrics system started (again)
2019-10-11 06:49:17,916 [org.apache.hadoop.util.JvmPauseMonitor$Monitor@2e3604b4] INFO  util.JvmPauseMonitor (JvmPauseMonitor.java:run(188)) - Starting JVM pause monitor
2019-10-11 06:49:17,918 [Datanode State Machine Thread - 0] INFO  datanode.InitDatanodeState (InitDatanodeState.java:persistContainerDatanodeDetails(140)) - DatanodeDetails is persisted to /workdir/hadoop-ozone/integration-test/target/test-dir/MiniOzoneClusterImpl-ed757915-0d21-4712-b3aa-7075cc69f4aa/datanode-5/meta/datanode.id
2019-10-11 06:49:17,918 [main] INFO  ozone.HddsDatanodeService (HddsDatanodeService.java:start(184)) - HddsDatanodeService host:trunk-nightly-20191011-nk5dh-3274663048 ip:192.168.151.69
2019-10-11 06:49:17,930 [main] INFO  volume.HddsVolume (HddsVolume.java:<init>(176)) - Creating Volume: /workdir/hadoop-ozone/integration-test/target/test-dir/MiniOzoneClusterImpl-ed757915-0d21-4712-b3aa-7075cc69f4aa/datanode-6/data/containers/hdds of  storage type : DISK and capacity : 1482555576320
2019-10-11 06:49:17,930 [main] INFO  volume.VolumeSet (VolumeSet.java:initializeVolumeSet(170)) - Added Volume : /workdir/hadoop-ozone/integration-test/target/test-dir/MiniOzoneClusterImpl-ed757915-0d21-4712-b3aa-7075cc69f4aa/datanode-6/data/containers/hdds to VolumeSet
2019-10-11 06:49:17,930 [main] INFO  volume.ThrottledAsyncChecker (ThrottledAsyncChecker.java:schedule(141)) - Scheduling a check for org.apache.hadoop.ozone.container.common.volume.HddsVolume@61b60600
2019-10-11 06:49:17,931 [main] INFO  volume.HddsVolumeChecker (HddsVolumeChecker.java:checkAllVolumes(204)) - Scheduled health check for volume org.apache.hadoop.ozone.container.common.volume.HddsVolume@61b60600
2019-10-11 06:49:17,949 [main] INFO  impl.RaftServerProxy (ConfUtils.java:logGet(43)) - raft.rpc.type = GRPC (default)
2019-10-11 06:49:17,949 [main] INFO  grpc.GrpcFactory (GrpcFactory.java:checkPooledByteBufAllocatorUseCacheForAllThreads(45)) - PERFORMANCE WARNING: useCacheForAllThreads is true that may cause Netty to create a lot garbage objects and, as a result, trigger GC.
	It is recommended to disable useCacheForAllThreads by setting -Dorg.apache.ratis.thirdparty.io.netty.allocator.useCacheForAllThreads=false in command line.
2019-10-11 06:49:17,950 [main] INFO  grpc.GrpcConfigKeys$Server (ConfUtils.java:logGet(43)) - raft.grpc.server.port = 0 (default)
2019-10-11 06:49:17,950 [main] INFO  server.GrpcService (ConfUtils.java:logGet(43)) - raft.grpc.message.size.max = 33570816 (custom)
2019-10-11 06:49:17,950 [main] INFO  server.RaftServerConfigKeys (ConfUtils.java:logGet(43)) - raft.server.log.appender.buffer.byte-limit = 33554432 (custom)
2019-10-11 06:49:17,950 [main] INFO  server.GrpcService (ConfUtils.java:logGet(43)) - raft.grpc.flow.control.window = 1MB (=1048576) (default)
2019-10-11 06:49:17,951 [main] INFO  server.RaftServerConfigKeys (ConfUtils.java:logGet(43)) - raft.server.rpc.request.timeout = 3000ms (default)
2019-10-11 06:49:17,951 [main] INFO  server.RaftServerConfigKeys (ConfUtils.java:logGet(43)) - raft.server.storage.dir = [/workdir/hadoop-ozone/integration-test/target/test-dir/MiniOzoneClusterImpl-ed757915-0d21-4712-b3aa-7075cc69f4aa/datanode-6/data/ratis] (custom)
2019-10-11 06:49:17,953 [main] INFO  hdfs.DFSUtil (DFSUtil.java:httpServerTemplateForNNAndJN(1641)) - Starting Web-server for hddsDatanode at: http://0.0.0.0:0
2019-10-11 06:49:17,955 [main] INFO  server.AuthenticationFilter (AuthenticationFilter.java:constructSecretProvider(240)) - Unable to initialize FileSignerSecretProvider, falling back to use random secrets.
2019-10-11 06:49:17,955 [main] WARN  http.HttpRequestLog (HttpRequestLog.java:getRequestLog(97)) - Jetty request log can only be enabled using Log4j
2019-10-11 06:49:17,957 [main] INFO  http.HttpServer2 (HttpServer2.java:addGlobalFilter(975)) - Added global filter 'safety' (class=org.apache.hadoop.http.HttpServer2$QuotingInputFilter)
2019-10-11 06:49:17,958 [main] INFO  http.HttpServer2 (HttpServer2.java:addFilter(948)) - Added filter static_user_filter (class=org.apache.hadoop.http.lib.StaticUserWebFilter$StaticUserFilter) to context hddsDatanode
2019-10-11 06:49:17,958 [main] INFO  http.HttpServer2 (HttpServer2.java:addFilter(958)) - Added filter static_user_filter (class=org.apache.hadoop.http.lib.StaticUserWebFilter$StaticUserFilter) to context logs
2019-10-11 06:49:17,958 [main] INFO  http.HttpServer2 (HttpServer2.java:addFilter(958)) - Added filter static_user_filter (class=org.apache.hadoop.http.lib.StaticUserWebFilter$StaticUserFilter) to context static
2019-10-11 06:49:17,959 [main] INFO  http.HttpServer2 (HttpServer2.java:bindListener(1191)) - Jetty bound to port 41850
2019-10-11 06:49:17,960 [main] INFO  server.Server (Server.java:doStart(351)) - jetty-9.3.25.v20180904, build timestamp: 2018-09-04T21:11:46Z, git hash: 3ce520221d0240229c862b122d2b06c12a625732
2019-10-11 06:49:17,962 [main] INFO  handler.ContextHandler (ContextHandler.java:doStart(781)) - Started o.e.j.s.ServletContextHandler@e3899fd{/logs,file:///workdir/hadoop-ozone/integration-test/target/log,AVAILABLE}
2019-10-11 06:49:17,962 [main] INFO  handler.ContextHandler (ContextHandler.java:doStart(781)) - Started o.e.j.s.ServletContextHandler@788e3702{/static,jar:file:/home/user/.m2/repository/org/apache/hadoop/hadoop-hdds-container-service/0.5.0-SNAPSHOT/hadoop-hdds-container-service-0.5.0-SNAPSHOT.jar!/webapps/static,AVAILABLE}
2019-10-11 06:49:17,997 [main] INFO  handler.ContextHandler (ContextHandler.java:doStart(781)) - Started o.e.j.w.WebAppContext@87f501f{/,file:///tmp/jetty-0.0.0.0-41850-hddsDatanode-_-any-2153342850905174340.dir/webapp/,AVAILABLE}{/hddsDatanode}
2019-10-11 06:49:17,998 [main] INFO  server.AbstractConnector (AbstractConnector.java:doStart(278)) - Started ServerConnector@54495935{HTTP/1.1,[http/1.1]}{0.0.0.0:41850}
2019-10-11 06:49:18,010 [main] INFO  server.Server (Server.java:doStart(419)) - Started @503249ms
2019-10-11 06:49:18,011 [main] WARN  impl.MetricsSystemImpl (MetricsSystemImpl.java:register(276)) - Sink prometheus already exists!
2019-10-11 06:49:18,011 [main] INFO  server.BaseHttpServer (BaseHttpServer.java:updateConnectorAddress(215)) - HTTP server of HDDSDATANODE is listening at http://0.0.0.0:41850
2019-10-11 06:49:18,012 [main] INFO  ozone.MiniOzoneClusterImpl (MiniOzoneClusterImpl.java:lambda$waitForClusterToBeReady$0(147)) - Waiting for cluster to be ready. Got 5 of 7 DN Heartbeats.
2019-10-11 06:49:18,013 [org.apache.hadoop.util.JvmPauseMonitor$Monitor@49c44b89] INFO  util.JvmPauseMonitor (JvmPauseMonitor.java:run(188)) - Starting JVM pause monitor
2019-10-11 06:49:18,014 [Datanode State Machine Thread - 0] INFO  datanode.InitDatanodeState (InitDatanodeState.java:persistContainerDatanodeDetails(140)) - DatanodeDetails is persisted to /workdir/hadoop-ozone/integration-test/target/test-dir/MiniOzoneClusterImpl-ed757915-0d21-4712-b3aa-7075cc69f4aa/datanode-6/meta/datanode.id
2019-10-11 06:49:19,012 [main] INFO  ozone.MiniOzoneClusterImpl (MiniOzoneClusterImpl.java:lambda$waitForClusterToBeReady$0(147)) - Waiting for cluster to be ready. Got 5 of 7 DN Heartbeats.
2019-10-11 06:49:19,930 [Datanode State Machine Thread - 0] INFO  ozoneimpl.OzoneContainer (OzoneContainer.java:start(213)) - Attempting to start container services.
2019-10-11 06:49:19,930 [Datanode State Machine Thread - 0] INFO  ozoneimpl.OzoneContainer (OzoneContainer.java:startContainerScrub(177)) - Background container scanner has been disabled.
2019-10-11 06:49:19,931 [Datanode State Machine Thread - 0] INFO  ratis.XceiverServerRatis (XceiverServerRatis.java:start(418)) - Starting XceiverServerRatis 7cec55cd-d41e-4894-a4a4-05fe8b68b0e5 at port 0
2019-10-11 06:49:19,938 [Datanode State Machine Thread - 0] INFO  impl.RaftServerProxy (RaftServerProxy.java:lambda$start$3(299)) - 7cec55cd-d41e-4894-a4a4-05fe8b68b0e5: start RPC server
2019-10-11 06:49:19,939 [Datanode State Machine Thread - 0] INFO  server.GrpcService (GrpcService.java:startImpl(158)) - 7cec55cd-d41e-4894-a4a4-05fe8b68b0e5: GrpcService started, listening on 0.0.0.0/0.0.0.0:38074
2019-10-11 06:49:19,939 [Datanode State Machine Thread - 0] INFO  ratis.XceiverServerRatis (XceiverServerRatis.java:start(428)) - XceiverServerRatis 7cec55cd-d41e-4894-a4a4-05fe8b68b0e5 is started using port 38074
2019-10-11 06:49:19,940 [Datanode State Machine Thread - 0] INFO  server.XceiverServerGrpc (XceiverServerGrpc.java:start(149)) - XceiverServerGrpc 7cec55cd-d41e-4894-a4a4-05fe8b68b0e5 is started using port 38501
2019-10-11 06:49:20,013 [main] INFO  ozone.MiniOzoneClusterImpl (MiniOzoneClusterImpl.java:lambda$waitForClusterToBeReady$0(147)) - Waiting for cluster to be ready. Got 5 of 7 DN Heartbeats.
2019-10-11 06:49:20,027 [Datanode State Machine Thread - 0] INFO  ozoneimpl.OzoneContainer (OzoneContainer.java:start(213)) - Attempting to start container services.
2019-10-11 06:49:20,028 [Datanode State Machine Thread - 0] INFO  ozoneimpl.OzoneContainer (OzoneContainer.java:startContainerScrub(177)) - Background container scanner has been disabled.
2019-10-11 06:49:20,028 [Datanode State Machine Thread - 0] INFO  ratis.XceiverServerRatis (XceiverServerRatis.java:start(418)) - Starting XceiverServerRatis aea5d572-fe53-4702-b570-df4bd459e3be at port 0
2019-10-11 06:49:20,035 [Datanode State Machine Thread - 0] INFO  impl.RaftServerProxy (RaftServerProxy.java:lambda$start$3(299)) - aea5d572-fe53-4702-b570-df4bd459e3be: start RPC server
2019-10-11 06:49:20,036 [Datanode State Machine Thread - 0] INFO  server.GrpcService (GrpcService.java:startImpl(158)) - aea5d572-fe53-4702-b570-df4bd459e3be: GrpcService started, listening on 0.0.0.0/0.0.0.0:44204
2019-10-11 06:49:20,036 [Datanode State Machine Thread - 0] INFO  ratis.XceiverServerRatis (XceiverServerRatis.java:start(428)) - XceiverServerRatis aea5d572-fe53-4702-b570-df4bd459e3be is started using port 44204
2019-10-11 06:49:20,057 [Datanode State Machine Thread - 0] INFO  server.XceiverServerGrpc (XceiverServerGrpc.java:start(149)) - XceiverServerGrpc aea5d572-fe53-4702-b570-df4bd459e3be is started using port 45309
2019-10-11 06:49:21,013 [main] INFO  ozone.MiniOzoneClusterImpl (MiniOzoneClusterImpl.java:lambda$waitForClusterToBeReady$0(147)) - Waiting for cluster to be ready. Got 5 of 7 DN Heartbeats.
2019-10-11 06:49:21,917 [IPC Server handler 19 on 34687] INFO  net.NetworkTopology (NetworkTopologyImpl.java:add(111)) - Added a new node: /default-rack/7cec55cd-d41e-4894-a4a4-05fe8b68b0e5
2019-10-11 06:49:21,917 [IPC Server handler 19 on 34687] INFO  node.SCMNodeManager (SCMNodeManager.java:register(268)) - Registered Data node : 7cec55cd-d41e-4894-a4a4-05fe8b68b0e5{ip: 192.168.151.69, host: trunk-nightly-20191011-nk5dh-3274663048, networkLocation: /default-rack, certSerialId: null}
2019-10-11 06:49:21,931 [grpc-default-executor-5] INFO  impl.RaftServerProxy (RaftServerProxy.java:addNew(89)) - 7cec55cd-d41e-4894-a4a4-05fe8b68b0e5: addNew group-61AA3C87D674:[7cec55cd-d41e-4894-a4a4-05fe8b68b0e5:192.168.151.69:38074] returns group-61AA3C87D674:java.util.concurrent.CompletableFuture@4e63ca2a[Not completed]
2019-10-11 06:49:21,933 [pool-433-thread-1] INFO  impl.RaftServerImpl (RaftServerImpl.java:<init>(95)) - 7cec55cd-d41e-4894-a4a4-05fe8b68b0e5: new RaftServerImpl for group-61AA3C87D674:[7cec55cd-d41e-4894-a4a4-05fe8b68b0e5:192.168.151.69:38074] with ContainerStateMachine:uninitialized
2019-10-11 06:49:21,933 [pool-433-thread-1] INFO  server.RaftServerConfigKeys (ConfUtils.java:logGet(43)) - raft.server.rpc.timeout.min = 5s (custom)
2019-10-11 06:49:21,933 [pool-433-thread-1] INFO  server.RaftServerConfigKeys (ConfUtils.java:logGet(43)) - raft.server.rpc.timeout.max = 5200ms (custom)
2019-10-11 06:49:21,934 [pool-433-thread-1] INFO  server.RaftServerConfigKeys (ConfUtils.java:logGet(43)) - raft.server.rpcslowness.timeout = 120s (custom)
2019-10-11 06:49:21,934 [pool-433-thread-1] INFO  server.RaftServerConfigKeys (ConfUtils.java:logGet(43)) - raft.server.sleep.deviation.threshold = 300 (default)
2019-10-11 06:49:21,934 [pool-433-thread-1] INFO  server.RaftServerConfigKeys (ConfUtils.java:logGet(43)) - raft.server.log.appender.install.snapshot.enabled = false (custom)
2019-10-11 06:49:21,934 [pool-433-thread-1] INFO  impl.RaftServerImpl (ServerState.java:<init>(103)) - 7cec55cd-d41e-4894-a4a4-05fe8b68b0e5@group-61AA3C87D674: ConfigurationManager, init=-1: [7cec55cd-d41e-4894-a4a4-05fe8b68b0e5:192.168.151.69:38074], old=null, confs=<EMPTY_MAP>
2019-10-11 06:49:21,934 [pool-433-thread-1] INFO  server.RaftServerConfigKeys (ConfUtils.java:logGet(43)) - raft.server.storage.dir = [/workdir/hadoop-ozone/integration-test/target/test-dir/MiniOzoneClusterImpl-ed757915-0d21-4712-b3aa-7075cc69f4aa/datanode-5/data/ratis] (custom)
2019-10-11 06:49:21,934 [pool-433-thread-1] INFO  server.RaftServerConfigKeys (ConfUtils.java:logGet(43)) - raft.server.log.corruption.policy = EXCEPTION (default)
2019-10-11 06:49:21,935 [pool-433-thread-1] INFO  storage.RaftStorageDirectory (RaftStorageDirectory.java:analyzeStorage(246)) - The storage directory /workdir/hadoop-ozone/integration-test/target/test-dir/MiniOzoneClusterImpl-ed757915-0d21-4712-b3aa-7075cc69f4aa/datanode-5/data/ratis/73a50793-8e25-43d1-94fe-61aa3c87d674 does not exist. Creating ...
2019-10-11 06:49:21,948 [pool-433-thread-1] INFO  storage.RaftStorageDirectory (RaftStorageDirectory.java:tryLock(328)) - Lock on /workdir/hadoop-ozone/integration-test/target/test-dir/MiniOzoneClusterImpl-ed757915-0d21-4712-b3aa-7075cc69f4aa/datanode-5/data/ratis/73a50793-8e25-43d1-94fe-61aa3c87d674/in_use.lock acquired by nodename 26646@trunk-nightly-20191011-nk5dh-3274663048
2019-10-11 06:49:21,961 [pool-433-thread-1] INFO  storage.RaftStorage (RaftStorage.java:format(84)) - Storage directory /workdir/hadoop-ozone/integration-test/target/test-dir/MiniOzoneClusterImpl-ed757915-0d21-4712-b3aa-7075cc69f4aa/datanode-5/data/ratis/73a50793-8e25-43d1-94fe-61aa3c87d674 has been successfully formatted.
2019-10-11 06:49:21,961 [pool-433-thread-1] INFO  ratis.ContainerStateMachine (ContainerStateMachine.java:loadSnapshot(231)) - group-61AA3C87D674: The snapshot info is null. Setting the last applied indexto:(t:0, i:~)
2019-10-11 06:49:21,961 [pool-433-thread-1] INFO  server.RaftServerConfigKeys (ConfUtils.java:logGet(43)) - raft.server.notification.no-leader.timeout = 120s (custom)
2019-10-11 06:49:21,962 [pool-433-thread-1] INFO  server.RaftServerConfigKeys (ConfUtils.java:logGet(43)) - raft.server.log.use.memory = false (default)
2019-10-11 06:49:21,962 [pool-433-thread-1] INFO  server.RaftServerConfigKeys (ConfUtils.java:logGet(43)) - raft.server.log.purge.gap = 1000000 (custom)
2019-10-11 06:49:21,962 [pool-433-thread-1] INFO  server.RaftServerConfigKeys (ConfUtils.java:logGet(43)) - raft.server.log.appender.buffer.byte-limit = 33554432 (custom)
2019-10-11 06:49:21,962 [pool-433-thread-1] INFO  server.RaftServerConfigKeys (ConfUtils.java:logGet(43)) - raft.server.log.segment.size.max = 1048576 (custom)
2019-10-11 06:49:21,963 [pool-433-thread-1] INFO  server.RaftServerConfigKeys (ConfUtils.java:logGet(43)) - raft.server.log.segment.cache.num.max = 2 (custom)
2019-10-11 06:49:21,963 [pool-433-thread-1] INFO  segmented.SegmentedRaftLogWorker (SegmentedRaftLogWorker.java:<init>(173)) - new 7cec55cd-d41e-4894-a4a4-05fe8b68b0e5@group-61AA3C87D674-SegmentedRaftLogWorker for RaftStorage:Storage Directory /workdir/hadoop-ozone/integration-test/target/test-dir/MiniOzoneClusterImpl-ed757915-0d21-4712-b3aa-7075cc69f4aa/datanode-5/data/ratis/73a50793-8e25-43d1-94fe-61aa3c87d674
2019-10-11 06:49:21,964 [pool-433-thread-1] INFO  server.RaftServerConfigKeys (ConfUtils.java:logGet(43)) - raft.server.log.queue.byte-limit = 2147483647 (custom)
2019-10-11 06:49:21,964 [pool-433-thread-1] INFO  server.RaftServerConfigKeys (ConfUtils.java:logGet(43)) - raft.server.log.queue.element-limit = 1024 (custom)
2019-10-11 06:49:21,964 [pool-433-thread-1] INFO  server.RaftServerConfigKeys (ConfUtils.java:logGet(43)) - raft.server.log.segment.size.max = 1048576 (custom)
2019-10-11 06:49:21,964 [pool-433-thread-1] INFO  server.RaftServerConfigKeys (ConfUtils.java:logGet(43)) - raft.server.log.preallocated.size = 16384 (custom)
2019-10-11 06:49:21,964 [pool-433-thread-1] INFO  server.RaftServerConfigKeys (ConfUtils.java:logGet(43)) - raft.server.log.write.buffer.size = 33554432 (custom)
2019-10-11 06:49:21,964 [pool-433-thread-1] INFO  server.RaftServerConfigKeys (ConfUtils.java:logGet(43)) - raft.server.log.force.sync.num = 128 (default)
2019-10-11 06:49:21,964 [pool-433-thread-1] INFO  server.RaftServerConfigKeys (ConfUtils.java:logGet(43)) - raft.server.log.statemachine.data.sync = true (default)
2019-10-11 06:49:21,964 [pool-433-thread-1] INFO  server.RaftServerConfigKeys (ConfUtils.java:logGet(43)) - raft.server.log.statemachine.data.sync.timeout = 10s (default)
2019-10-11 06:49:21,964 [pool-433-thread-1] INFO  server.RaftServerConfigKeys (ConfUtils.java:logGet(43)) - raft.server.log.statemachine.data.sync.timeout.retry = -1 (default)
2019-10-11 06:49:21,965 [pool-433-thread-1] INFO  server.RaftServerConfigKeys (ConfUtils.java:logGet(43)) - raft.server.log.statemachine.data.caching.enabled = true (custom)
2019-10-11 06:49:21,965 [pool-433-thread-1] INFO  segmented.SegmentedRaftLogWorker (SegmentedRaftLogWorker.java:lambda$new$0(128)) - 7cec55cd-d41e-4894-a4a4-05fe8b68b0e5@group-61AA3C87D674-SegmentedRaftLogWorker: flushIndex: setUnconditionally 0 -> -1
2019-10-11 06:49:21,965 [pool-433-thread-1] INFO  server.RaftServerConfigKeys (ConfUtils.java:logGet(43)) - raft.server.snapshot.auto.trigger.enabled = true (custom)
2019-10-11 06:49:21,965 [pool-433-thread-1] INFO  server.RaftServerConfigKeys (ConfUtils.java:logGet(43)) - raft.server.snapshot.auto.trigger.threshold = 10000 (custom)
2019-10-11 06:49:21,965 [pool-433-thread-1] INFO  server.RaftServerConfigKeys (ConfUtils.java:logGet(43)) - raft.server.snapshot.retention.file.num = 5 (custom)
2019-10-11 06:49:21,966 [pool-433-thread-1] INFO  server.RaftServerConfigKeys (ConfUtils.java:logGet(43)) - raft.server.retrycache.expirytime = 600000ms (custom)
2019-10-11 06:49:21,967 [pool-433-thread-1] INFO  impl.RaftServerImpl (RaftServerImpl.java:start(181)) - 7cec55cd-d41e-4894-a4a4-05fe8b68b0e5@group-61AA3C87D674: start as a follower, conf=-1: [7cec55cd-d41e-4894-a4a4-05fe8b68b0e5:192.168.151.69:38074], old=null
2019-10-11 06:49:21,967 [pool-433-thread-1] INFO  impl.RaftServerImpl (RaftServerImpl.java:setRole(170)) - 7cec55cd-d41e-4894-a4a4-05fe8b68b0e5@group-61AA3C87D674: changes role from      null to FOLLOWER at term 0 for startAsFollower
2019-10-11 06:49:21,967 [pool-433-thread-1] INFO  impl.RoleInfo (RoleInfo.java:updateAndGet(143)) - 7cec55cd-d41e-4894-a4a4-05fe8b68b0e5: start FollowerState
2019-10-11 06:49:21,967 [pool-433-thread-1] INFO  util.JmxRegister (JmxRegister.java:tryRegister(44)) - Successfully registered JMX Bean with object name Ratis:service=RaftServer,group=group-61AA3C87D674,id=7cec55cd-d41e-4894-a4a4-05fe8b68b0e5
2019-10-11 06:49:21,974 [RatisPipelineUtilsThread] INFO  pipeline.PipelineStateManager (PipelineStateManager.java:addPipeline(56)) - Created pipeline Pipeline[ Id: 73a50793-8e25-43d1-94fe-61aa3c87d674, Nodes: 7cec55cd-d41e-4894-a4a4-05fe8b68b0e5{ip: 192.168.151.69, host: trunk-nightly-20191011-nk5dh-3274663048, networkLocation: /default-rack, certSerialId: null}, Type:RATIS, Factor:ONE, State:OPEN]
2019-10-11 06:49:21,990 [grpc-default-executor-6] INFO  impl.RaftServerProxy (RaftServerProxy.java:addNew(89)) - 7cec55cd-d41e-4894-a4a4-05fe8b68b0e5: addNew group-B4A045F60AC0:[b2e350d2-3cc5-40eb-83cb-1eaf1f83a365:192.168.151.69:37521, 066225d5-b853-4825-982b-3b26be54854e:192.168.151.69:38920, 7cec55cd-d41e-4894-a4a4-05fe8b68b0e5:192.168.151.69:38074] returns group-B4A045F60AC0:java.util.concurrent.CompletableFuture@18ca627e[Not completed]
2019-10-11 06:49:21,993 [grpc-default-executor-5] INFO  impl.RaftServerProxy (RaftServerProxy.java:addNew(89)) - 066225d5-b853-4825-982b-3b26be54854e: addNew group-B4A045F60AC0:[b2e350d2-3cc5-40eb-83cb-1eaf1f83a365:192.168.151.69:37521, 066225d5-b853-4825-982b-3b26be54854e:192.168.151.69:38920, 7cec55cd-d41e-4894-a4a4-05fe8b68b0e5:192.168.151.69:38074] returns group-B4A045F60AC0:java.util.concurrent.CompletableFuture@4589e27f[Not completed]
2019-10-11 06:49:21,996 [grpc-default-executor-4] INFO  impl.RaftServerProxy (RaftServerProxy.java:addNew(89)) - b2e350d2-3cc5-40eb-83cb-1eaf1f83a365: addNew group-B4A045F60AC0:[b2e350d2-3cc5-40eb-83cb-1eaf1f83a365:192.168.151.69:37521, 066225d5-b853-4825-982b-3b26be54854e:192.168.151.69:38920, 7cec55cd-d41e-4894-a4a4-05fe8b68b0e5:192.168.151.69:38074] returns group-B4A045F60AC0:java.util.concurrent.CompletableFuture@5fd8c4c5[Not completed]
2019-10-11 06:49:21,997 [pool-433-thread-1] INFO  impl.RaftServerImpl (RaftServerImpl.java:<init>(95)) - 7cec55cd-d41e-4894-a4a4-05fe8b68b0e5: new RaftServerImpl for group-B4A045F60AC0:[b2e350d2-3cc5-40eb-83cb-1eaf1f83a365:192.168.151.69:37521, 066225d5-b853-4825-982b-3b26be54854e:192.168.151.69:38920, 7cec55cd-d41e-4894-a4a4-05fe8b68b0e5:192.168.151.69:38074] with ContainerStateMachine:uninitialized
2019-10-11 06:49:21,997 [pool-433-thread-1] INFO  server.RaftServerConfigKeys (ConfUtils.java:logGet(43)) - raft.server.rpc.timeout.min = 5s (custom)
2019-10-11 06:49:21,998 [pool-433-thread-1] INFO  server.RaftServerConfigKeys (ConfUtils.java:logGet(43)) - raft.server.rpc.timeout.max = 5200ms (custom)
2019-10-11 06:49:21,998 [pool-433-thread-1] INFO  server.RaftServerConfigKeys (ConfUtils.java:logGet(43)) - raft.server.rpcslowness.timeout = 120s (custom)
2019-10-11 06:49:21,998 [pool-433-thread-1] INFO  server.RaftServerConfigKeys (ConfUtils.java:logGet(43)) - raft.server.sleep.deviation.threshold = 300 (default)
2019-10-11 06:49:21,998 [pool-433-thread-1] INFO  server.RaftServerConfigKeys (ConfUtils.java:logGet(43)) - raft.server.log.appender.install.snapshot.enabled = false (custom)
2019-10-11 06:49:21,998 [pool-433-thread-1] INFO  impl.RaftServerImpl (ServerState.java:<init>(103)) - 7cec55cd-d41e-4894-a4a4-05fe8b68b0e5@group-B4A045F60AC0: ConfigurationManager, init=-1: [b2e350d2-3cc5-40eb-83cb-1eaf1f83a365:192.168.151.69:37521, 066225d5-b853-4825-982b-3b26be54854e:192.168.151.69:38920, 7cec55cd-d41e-4894-a4a4-05fe8b68b0e5:192.168.151.69:38074], old=null, confs=<EMPTY_MAP>
2019-10-11 06:49:21,998 [pool-433-thread-1] INFO  server.RaftServerConfigKeys (ConfUtils.java:logGet(43)) - raft.server.storage.dir = [/workdir/hadoop-ozone/integration-test/target/test-dir/MiniOzoneClusterImpl-ed757915-0d21-4712-b3aa-7075cc69f4aa/datanode-5/data/ratis] (custom)
2019-10-11 06:49:21,998 [pool-413-thread-1] INFO  impl.RaftServerImpl (RaftServerImpl.java:<init>(95)) - b2e350d2-3cc5-40eb-83cb-1eaf1f83a365: new RaftServerImpl for group-B4A045F60AC0:[b2e350d2-3cc5-40eb-83cb-1eaf1f83a365:192.168.151.69:37521, 066225d5-b853-4825-982b-3b26be54854e:192.168.151.69:38920, 7cec55cd-d41e-4894-a4a4-05fe8b68b0e5:192.168.151.69:38074] with ContainerStateMachine:uninitialized
2019-10-11 06:49:21,998 [pool-413-thread-1] INFO  server.RaftServerConfigKeys (ConfUtils.java:logGet(43)) - raft.server.rpc.timeout.min = 5s (custom)
2019-10-11 06:49:21,998 [pool-433-thread-1] INFO  server.RaftServerConfigKeys (ConfUtils.java:logGet(43)) - raft.server.log.corruption.policy = EXCEPTION (default)
2019-10-11 06:49:21,999 [pool-413-thread-1] INFO  server.RaftServerConfigKeys (ConfUtils.java:logGet(43)) - raft.server.rpc.timeout.max = 5200ms (custom)
2019-10-11 06:49:21,999 [pool-433-thread-1] INFO  storage.RaftStorageDirectory (RaftStorageDirectory.java:analyzeStorage(246)) - The storage directory /workdir/hadoop-ozone/integration-test/target/test-dir/MiniOzoneClusterImpl-ed757915-0d21-4712-b3aa-7075cc69f4aa/datanode-5/data/ratis/853566ab-c225-4e03-b3dc-b4a045f60ac0 does not exist. Creating ...
2019-10-11 06:49:21,999 [pool-413-thread-1] INFO  server.RaftServerConfigKeys (ConfUtils.java:logGet(43)) - raft.server.rpcslowness.timeout = 120s (custom)
2019-10-11 06:49:21,999 [pool-423-thread-1] INFO  impl.RaftServerImpl (RaftServerImpl.java:<init>(95)) - 066225d5-b853-4825-982b-3b26be54854e: new RaftServerImpl for group-B4A045F60AC0:[b2e350d2-3cc5-40eb-83cb-1eaf1f83a365:192.168.151.69:37521, 066225d5-b853-4825-982b-3b26be54854e:192.168.151.69:38920, 7cec55cd-d41e-4894-a4a4-05fe8b68b0e5:192.168.151.69:38074] with ContainerStateMachine:uninitialized
2019-10-11 06:49:21,999 [pool-413-thread-1] INFO  server.RaftServerConfigKeys (ConfUtils.java:logGet(43)) - raft.server.sleep.deviation.threshold = 300 (default)
2019-10-11 06:49:21,999 [pool-423-thread-1] INFO  server.RaftServerConfigKeys (ConfUtils.java:logGet(43)) - raft.server.rpc.timeout.min = 5s (custom)
2019-10-11 06:49:21,999 [pool-413-thread-1] INFO  server.RaftServerConfigKeys (ConfUtils.java:logGet(43)) - raft.server.log.appender.install.snapshot.enabled = false (custom)
2019-10-11 06:49:21,999 [pool-423-thread-1] INFO  server.RaftServerConfigKeys (ConfUtils.java:logGet(43)) - raft.server.rpc.timeout.max = 5200ms (custom)
2019-10-11 06:49:22,000 [pool-413-thread-1] INFO  impl.RaftServerImpl (ServerState.java:<init>(103)) - b2e350d2-3cc5-40eb-83cb-1eaf1f83a365@group-B4A045F60AC0: ConfigurationManager, init=-1: [b2e350d2-3cc5-40eb-83cb-1eaf1f83a365:192.168.151.69:37521, 066225d5-b853-4825-982b-3b26be54854e:192.168.151.69:38920, 7cec55cd-d41e-4894-a4a4-05fe8b68b0e5:192.168.151.69:38074], old=null, confs=<EMPTY_MAP>
2019-10-11 06:49:22,000 [pool-423-thread-1] INFO  server.RaftServerConfigKeys (ConfUtils.java:logGet(43)) - raft.server.rpcslowness.timeout = 120s (custom)
2019-10-11 06:49:22,000 [pool-413-thread-1] INFO  server.RaftServerConfigKeys (ConfUtils.java:logGet(43)) - raft.server.storage.dir = [/workdir/hadoop-ozone/integration-test/target/test-dir/MiniOzoneClusterImpl-ed757915-0d21-4712-b3aa-7075cc69f4aa/datanode-3/data/ratis] (custom)
2019-10-11 06:49:22,000 [pool-423-thread-1] INFO  server.RaftServerConfigKeys (ConfUtils.java:logGet(43)) - raft.server.sleep.deviation.threshold = 300 (default)
2019-10-11 06:49:22,000 [pool-423-thread-1] INFO  server.RaftServerConfigKeys (ConfUtils.java:logGet(43)) - raft.server.log.appender.install.snapshot.enabled = false (custom)
2019-10-11 06:49:22,000 [pool-413-thread-1] INFO  server.RaftServerConfigKeys (ConfUtils.java:logGet(43)) - raft.server.log.corruption.policy = EXCEPTION (default)
2019-10-11 06:49:22,000 [pool-423-thread-1] INFO  impl.RaftServerImpl (ServerState.java:<init>(103)) - 066225d5-b853-4825-982b-3b26be54854e@group-B4A045F60AC0: ConfigurationManager, init=-1: [b2e350d2-3cc5-40eb-83cb-1eaf1f83a365:192.168.151.69:37521, 066225d5-b853-4825-982b-3b26be54854e:192.168.151.69:38920, 7cec55cd-d41e-4894-a4a4-05fe8b68b0e5:192.168.151.69:38074], old=null, confs=<EMPTY_MAP>
2019-10-11 06:49:22,001 [pool-413-thread-1] INFO  storage.RaftStorageDirectory (RaftStorageDirectory.java:analyzeStorage(246)) - The storage directory /workdir/hadoop-ozone/integration-test/target/test-dir/MiniOzoneClusterImpl-ed757915-0d21-4712-b3aa-7075cc69f4aa/datanode-3/data/ratis/853566ab-c225-4e03-b3dc-b4a045f60ac0 does not exist. Creating ...
2019-10-11 06:49:22,001 [pool-423-thread-1] INFO  server.RaftServerConfigKeys (ConfUtils.java:logGet(43)) - raft.server.storage.dir = [/workdir/hadoop-ozone/integration-test/target/test-dir/MiniOzoneClusterImpl-ed757915-0d21-4712-b3aa-7075cc69f4aa/datanode-4/data/ratis] (custom)
2019-10-11 06:49:22,001 [pool-423-thread-1] INFO  server.RaftServerConfigKeys (ConfUtils.java:logGet(43)) - raft.server.log.corruption.policy = EXCEPTION (default)
2019-10-11 06:49:22,001 [pool-423-thread-1] INFO  storage.RaftStorageDirectory (RaftStorageDirectory.java:analyzeStorage(246)) - The storage directory /workdir/hadoop-ozone/integration-test/target/test-dir/MiniOzoneClusterImpl-ed757915-0d21-4712-b3aa-7075cc69f4aa/datanode-4/data/ratis/853566ab-c225-4e03-b3dc-b4a045f60ac0 does not exist. Creating ...
2019-10-11 06:49:22,012 [pool-413-thread-1] INFO  storage.RaftStorageDirectory (RaftStorageDirectory.java:tryLock(328)) - Lock on /workdir/hadoop-ozone/integration-test/target/test-dir/MiniOzoneClusterImpl-ed757915-0d21-4712-b3aa-7075cc69f4aa/datanode-3/data/ratis/853566ab-c225-4e03-b3dc-b4a045f60ac0/in_use.lock acquired by nodename 26646@trunk-nightly-20191011-nk5dh-3274663048
2019-10-11 06:49:22,012 [pool-423-thread-1] INFO  storage.RaftStorageDirectory (RaftStorageDirectory.java:tryLock(328)) - Lock on /workdir/hadoop-ozone/integration-test/target/test-dir/MiniOzoneClusterImpl-ed757915-0d21-4712-b3aa-7075cc69f4aa/datanode-4/data/ratis/853566ab-c225-4e03-b3dc-b4a045f60ac0/in_use.lock acquired by nodename 26646@trunk-nightly-20191011-nk5dh-3274663048
2019-10-11 06:49:22,012 [pool-433-thread-1] INFO  storage.RaftStorageDirectory (RaftStorageDirectory.java:tryLock(328)) - Lock on /workdir/hadoop-ozone/integration-test/target/test-dir/MiniOzoneClusterImpl-ed757915-0d21-4712-b3aa-7075cc69f4aa/datanode-5/data/ratis/853566ab-c225-4e03-b3dc-b4a045f60ac0/in_use.lock acquired by nodename 26646@trunk-nightly-20191011-nk5dh-3274663048
2019-10-11 06:49:22,014 [main] INFO  ozone.MiniOzoneClusterImpl (MiniOzoneClusterImpl.java:lambda$waitForClusterToBeReady$0(147)) - Waiting for cluster to be ready. Got 6 of 7 DN Heartbeats.
2019-10-11 06:49:22,015 [IPC Server handler 14 on 34687] INFO  net.NetworkTopology (NetworkTopologyImpl.java:add(111)) - Added a new node: /default-rack/aea5d572-fe53-4702-b570-df4bd459e3be
2019-10-11 06:49:22,015 [IPC Server handler 14 on 34687] INFO  node.SCMNodeManager (SCMNodeManager.java:register(268)) - Registered Data node : aea5d572-fe53-4702-b570-df4bd459e3be{ip: 192.168.151.69, host: trunk-nightly-20191011-nk5dh-3274663048, networkLocation: /default-rack, certSerialId: null}
2019-10-11 06:49:22,026 [pool-413-thread-1] INFO  storage.RaftStorage (RaftStorage.java:format(84)) - Storage directory /workdir/hadoop-ozone/integration-test/target/test-dir/MiniOzoneClusterImpl-ed757915-0d21-4712-b3aa-7075cc69f4aa/datanode-3/data/ratis/853566ab-c225-4e03-b3dc-b4a045f60ac0 has been successfully formatted.
2019-10-11 06:49:22,026 [pool-423-thread-1] INFO  storage.RaftStorage (RaftStorage.java:format(84)) - Storage directory /workdir/hadoop-ozone/integration-test/target/test-dir/MiniOzoneClusterImpl-ed757915-0d21-4712-b3aa-7075cc69f4aa/datanode-4/data/ratis/853566ab-c225-4e03-b3dc-b4a045f60ac0 has been successfully formatted.
2019-10-11 06:49:22,026 [pool-433-thread-1] INFO  storage.RaftStorage (RaftStorage.java:format(84)) - Storage directory /workdir/hadoop-ozone/integration-test/target/test-dir/MiniOzoneClusterImpl-ed757915-0d21-4712-b3aa-7075cc69f4aa/datanode-5/data/ratis/853566ab-c225-4e03-b3dc-b4a045f60ac0 has been successfully formatted.
2019-10-11 06:49:22,027 [pool-423-thread-1] INFO  ratis.ContainerStateMachine (ContainerStateMachine.java:loadSnapshot(231)) - group-B4A045F60AC0: The snapshot info is null. Setting the last applied indexto:(t:0, i:~)
2019-10-11 06:49:22,027 [pool-433-thread-1] INFO  ratis.ContainerStateMachine (ContainerStateMachine.java:loadSnapshot(231)) - group-B4A045F60AC0: The snapshot info is null. Setting the last applied indexto:(t:0, i:~)
2019-10-11 06:49:22,027 [pool-413-thread-1] INFO  ratis.ContainerStateMachine (ContainerStateMachine.java:loadSnapshot(231)) - group-B4A045F60AC0: The snapshot info is null. Setting the last applied indexto:(t:0, i:~)
2019-10-11 06:49:22,027 [pool-433-thread-1] INFO  server.RaftServerConfigKeys (ConfUtils.java:logGet(43)) - raft.server.notification.no-leader.timeout = 120s (custom)
2019-10-11 06:49:22,027 [pool-423-thread-1] INFO  server.RaftServerConfigKeys (ConfUtils.java:logGet(43)) - raft.server.notification.no-leader.timeout = 120s (custom)
2019-10-11 06:49:22,027 [pool-433-thread-1] INFO  server.RaftServerConfigKeys (ConfUtils.java:logGet(43)) - raft.server.log.use.memory = false (default)
2019-10-11 06:49:22,027 [pool-413-thread-1] INFO  server.RaftServerConfigKeys (ConfUtils.java:logGet(43)) - raft.server.notification.no-leader.timeout = 120s (custom)
2019-10-11 06:49:22,027 [pool-433-thread-1] INFO  server.RaftServerConfigKeys (ConfUtils.java:logGet(43)) - raft.server.log.purge.gap = 1000000 (custom)
2019-10-11 06:49:22,027 [pool-423-thread-1] INFO  server.RaftServerConfigKeys (ConfUtils.java:logGet(43)) - raft.server.log.use.memory = false (default)
2019-10-11 06:49:22,028 [pool-433-thread-1] INFO  server.RaftServerConfigKeys (ConfUtils.java:logGet(43)) - raft.server.log.appender.buffer.byte-limit = 33554432 (custom)
2019-10-11 06:49:22,028 [pool-413-thread-1] INFO  server.RaftServerConfigKeys (ConfUtils.java:logGet(43)) - raft.server.log.use.memory = false (default)
2019-10-11 06:49:22,028 [pool-433-thread-1] INFO  server.RaftServerConfigKeys (ConfUtils.java:logGet(43)) - raft.server.log.segment.size.max = 1048576 (custom)
2019-10-11 06:49:22,028 [pool-423-thread-1] INFO  server.RaftServerConfigKeys (ConfUtils.java:logGet(43)) - raft.server.log.purge.gap = 1000000 (custom)
2019-10-11 06:49:22,028 [pool-433-thread-1] INFO  server.RaftServerConfigKeys (ConfUtils.java:logGet(43)) - raft.server.log.segment.cache.num.max = 2 (custom)
2019-10-11 06:49:22,028 [pool-413-thread-1] INFO  server.RaftServerConfigKeys (ConfUtils.java:logGet(43)) - raft.server.log.purge.gap = 1000000 (custom)
2019-10-11 06:49:22,028 [pool-433-thread-1] INFO  segmented.SegmentedRaftLogWorker (SegmentedRaftLogWorker.java:<init>(173)) - new 7cec55cd-d41e-4894-a4a4-05fe8b68b0e5@group-B4A045F60AC0-SegmentedRaftLogWorker for RaftStorage:Storage Directory /workdir/hadoop-ozone/integration-test/target/test-dir/MiniOzoneClusterImpl-ed757915-0d21-4712-b3aa-7075cc69f4aa/datanode-5/data/ratis/853566ab-c225-4e03-b3dc-b4a045f60ac0
2019-10-11 06:49:22,028 [pool-423-thread-1] INFO  server.RaftServerConfigKeys (ConfUtils.java:logGet(43)) - raft.server.log.appender.buffer.byte-limit = 33554432 (custom)
2019-10-11 06:49:22,029 [pool-433-thread-1] INFO  server.RaftServerConfigKeys (ConfUtils.java:logGet(43)) - raft.server.log.queue.byte-limit = 2147483647 (custom)
2019-10-11 06:49:22,029 [pool-413-thread-1] INFO  server.RaftServerConfigKeys (ConfUtils.java:logGet(43)) - raft.server.log.appender.buffer.byte-limit = 33554432 (custom)
2019-10-11 06:49:22,029 [pool-433-thread-1] INFO  server.RaftServerConfigKeys (ConfUtils.java:logGet(43)) - raft.server.log.queue.element-limit = 1024 (custom)
2019-10-11 06:49:22,029 [pool-423-thread-1] INFO  server.RaftServerConfigKeys (ConfUtils.java:logGet(43)) - raft.server.log.segment.size.max = 1048576 (custom)
2019-10-11 06:49:22,029 [pool-433-thread-1] INFO  server.RaftServerConfigKeys (ConfUtils.java:logGet(43)) - raft.server.log.segment.size.max = 1048576 (custom)
2019-10-11 06:49:22,029 [pool-413-thread-1] INFO  server.RaftServerConfigKeys (ConfUtils.java:logGet(43)) - raft.server.log.segment.size.max = 1048576 (custom)
2019-10-11 06:49:22,029 [pool-433-thread-1] INFO  server.RaftServerConfigKeys (ConfUtils.java:logGet(43)) - raft.server.log.preallocated.size = 16384 (custom)
2019-10-11 06:49:22,029 [pool-423-thread-1] INFO  server.RaftServerConfigKeys (ConfUtils.java:logGet(43)) - raft.server.log.segment.cache.num.max = 2 (custom)
2019-10-11 06:49:22,030 [pool-433-thread-1] INFO  server.RaftServerConfigKeys (ConfUtils.java:logGet(43)) - raft.server.log.write.buffer.size = 33554432 (custom)
2019-10-11 06:49:22,029 [pool-413-thread-1] INFO  server.RaftServerConfigKeys (ConfUtils.java:logGet(43)) - raft.server.log.segment.cache.num.max = 2 (custom)
2019-10-11 06:49:22,030 [pool-433-thread-1] INFO  server.RaftServerConfigKeys (ConfUtils.java:logGet(43)) - raft.server.log.force.sync.num = 128 (default)
2019-10-11 06:49:22,030 [pool-423-thread-1] INFO  segmented.SegmentedRaftLogWorker (SegmentedRaftLogWorker.java:<init>(173)) - new 066225d5-b853-4825-982b-3b26be54854e@group-B4A045F60AC0-SegmentedRaftLogWorker for RaftStorage:Storage Directory /workdir/hadoop-ozone/integration-test/target/test-dir/MiniOzoneClusterImpl-ed757915-0d21-4712-b3aa-7075cc69f4aa/datanode-4/data/ratis/853566ab-c225-4e03-b3dc-b4a045f60ac0
2019-10-11 06:49:22,030 [pool-433-thread-1] INFO  server.RaftServerConfigKeys (ConfUtils.java:logGet(43)) - raft.server.log.statemachine.data.sync = true (default)
2019-10-11 06:49:22,030 [pool-413-thread-1] INFO  segmented.SegmentedRaftLogWorker (SegmentedRaftLogWorker.java:<init>(173)) - new b2e350d2-3cc5-40eb-83cb-1eaf1f83a365@group-B4A045F60AC0-SegmentedRaftLogWorker for RaftStorage:Storage Directory /workdir/hadoop-ozone/integration-test/target/test-dir/MiniOzoneClusterImpl-ed757915-0d21-4712-b3aa-7075cc69f4aa/datanode-3/data/ratis/853566ab-c225-4e03-b3dc-b4a045f60ac0
2019-10-11 06:49:22,030 [pool-433-thread-1] INFO  server.RaftServerConfigKeys (ConfUtils.java:logGet(43)) - raft.server.log.statemachine.data.sync.timeout = 10s (default)
2019-10-11 06:49:22,030 [pool-423-thread-1] INFO  server.RaftServerConfigKeys (ConfUtils.java:logGet(43)) - raft.server.log.queue.byte-limit = 2147483647 (custom)
2019-10-11 06:49:22,031 [pool-433-thread-1] INFO  server.RaftServerConfigKeys (ConfUtils.java:logGet(43)) - raft.server.log.statemachine.data.sync.timeout.retry = -1 (default)
2019-10-11 06:49:22,030 [pool-413-thread-1] INFO  server.RaftServerConfigKeys (ConfUtils.java:logGet(43)) - raft.server.log.queue.byte-limit = 2147483647 (custom)
2019-10-11 06:49:22,031 [pool-433-thread-1] INFO  server.RaftServerConfigKeys (ConfUtils.java:logGet(43)) - raft.server.log.statemachine.data.caching.enabled = true (custom)
2019-10-11 06:49:22,031 [pool-423-thread-1] INFO  server.RaftServerConfigKeys (ConfUtils.java:logGet(43)) - raft.server.log.queue.element-limit = 1024 (custom)
2019-10-11 06:49:22,031 [pool-413-thread-1] INFO  server.RaftServerConfigKeys (ConfUtils.java:logGet(43)) - raft.server.log.queue.element-limit = 1024 (custom)
2019-10-11 06:49:22,031 [pool-433-thread-1] INFO  segmented.SegmentedRaftLogWorker (SegmentedRaftLogWorker.java:lambda$new$0(128)) - 7cec55cd-d41e-4894-a4a4-05fe8b68b0e5@group-B4A045F60AC0-SegmentedRaftLogWorker: flushIndex: setUnconditionally 0 -> -1
2019-10-11 06:49:22,031 [pool-423-thread-1] INFO  server.RaftServerConfigKeys (ConfUtils.java:logGet(43)) - raft.server.log.segment.size.max = 1048576 (custom)
2019-10-11 06:49:22,031 [pool-413-thread-1] INFO  server.RaftServerConfigKeys (ConfUtils.java:logGet(43)) - raft.server.log.segment.size.max = 1048576 (custom)
2019-10-11 06:49:22,032 [pool-423-thread-1] INFO  server.RaftServerConfigKeys (ConfUtils.java:logGet(43)) - raft.server.log.preallocated.size = 16384 (custom)
2019-10-11 06:49:22,032 [pool-433-thread-1] INFO  server.RaftServerConfigKeys (ConfUtils.java:logGet(43)) - raft.server.snapshot.auto.trigger.enabled = true (custom)
2019-10-11 06:49:22,032 [pool-413-thread-1] INFO  server.RaftServerConfigKeys (ConfUtils.java:logGet(43)) - raft.server.log.preallocated.size = 16384 (custom)
2019-10-11 06:49:22,032 [pool-433-thread-1] INFO  server.RaftServerConfigKeys (ConfUtils.java:logGet(43)) - raft.server.snapshot.auto.trigger.threshold = 10000 (custom)
2019-10-11 06:49:22,032 [pool-423-thread-1] INFO  server.RaftServerConfigKeys (ConfUtils.java:logGet(43)) - raft.server.log.write.buffer.size = 33554432 (custom)
2019-10-11 06:49:22,032 [pool-433-thread-1] INFO  server.RaftServerConfigKeys (ConfUtils.java:logGet(43)) - raft.server.snapshot.retention.file.num = 5 (custom)
2019-10-11 06:49:22,032 [pool-413-thread-1] INFO  server.RaftServerConfigKeys (ConfUtils.java:logGet(43)) - raft.server.log.write.buffer.size = 33554432 (custom)
2019-10-11 06:49:22,032 [pool-433-thread-1] INFO  server.RaftServerConfigKeys (ConfUtils.java:logGet(43)) - raft.server.retrycache.expirytime = 600000ms (custom)
2019-10-11 06:49:22,032 [pool-423-thread-1] INFO  server.RaftServerConfigKeys (ConfUtils.java:logGet(43)) - raft.server.log.force.sync.num = 128 (default)
2019-10-11 06:49:22,032 [pool-413-thread-1] INFO  server.RaftServerConfigKeys (ConfUtils.java:logGet(43)) - raft.server.log.force.sync.num = 128 (default)
2019-10-11 06:49:22,033 [pool-423-thread-1] INFO  server.RaftServerConfigKeys (ConfUtils.java:logGet(43)) - raft.server.log.statemachine.data.sync = true (default)
2019-10-11 06:49:22,033 [pool-413-thread-1] INFO  server.RaftServerConfigKeys (ConfUtils.java:logGet(43)) - raft.server.log.statemachine.data.sync = true (default)
2019-10-11 06:49:22,033 [pool-423-thread-1] INFO  server.RaftServerConfigKeys (ConfUtils.java:logGet(43)) - raft.server.log.statemachine.data.sync.timeout = 10s (default)
2019-10-11 06:49:22,033 [pool-413-thread-1] INFO  server.RaftServerConfigKeys (ConfUtils.java:logGet(43)) - raft.server.log.statemachine.data.sync.timeout = 10s (default)
2019-10-11 06:49:22,033 [pool-423-thread-1] INFO  server.RaftServerConfigKeys (ConfUtils.java:logGet(43)) - raft.server.log.statemachine.data.sync.timeout.retry = -1 (default)
2019-10-11 06:49:22,033 [pool-413-thread-1] INFO  server.RaftServerConfigKeys (ConfUtils.java:logGet(43)) - raft.server.log.statemachine.data.sync.timeout.retry = -1 (default)
2019-10-11 06:49:22,033 [pool-413-thread-1] INFO  server.RaftServerConfigKeys (ConfUtils.java:logGet(43)) - raft.server.log.statemachine.data.caching.enabled = true (custom)
2019-10-11 06:49:22,033 [pool-423-thread-1] INFO  server.RaftServerConfigKeys (ConfUtils.java:logGet(43)) - raft.server.log.statemachine.data.caching.enabled = true (custom)
2019-10-11 06:49:22,034 [pool-413-thread-1] INFO  segmented.SegmentedRaftLogWorker (SegmentedRaftLogWorker.java:lambda$new$0(128)) - b2e350d2-3cc5-40eb-83cb-1eaf1f83a365@group-B4A045F60AC0-SegmentedRaftLogWorker: flushIndex: setUnconditionally 0 -> -1
2019-10-11 06:49:22,034 [pool-423-thread-1] INFO  segmented.SegmentedRaftLogWorker (SegmentedRaftLogWorker.java:lambda$new$0(128)) - 066225d5-b853-4825-982b-3b26be54854e@group-B4A045F60AC0-SegmentedRaftLogWorker: flushIndex: setUnconditionally 0 -> -1
2019-10-11 06:49:22,034 [pool-413-thread-1] INFO  server.RaftServerConfigKeys (ConfUtils.java:logGet(43)) - raft.server.snapshot.auto.trigger.enabled = true (custom)
2019-10-11 06:49:22,034 [pool-413-thread-1] INFO  server.RaftServerConfigKeys (ConfUtils.java:logGet(43)) - raft.server.snapshot.auto.trigger.threshold = 10000 (custom)
2019-10-11 06:49:22,034 [pool-423-thread-1] INFO  server.RaftServerConfigKeys (ConfUtils.java:logGet(43)) - raft.server.snapshot.auto.trigger.enabled = true (custom)
2019-10-11 06:49:22,034 [pool-413-thread-1] INFO  server.RaftServerConfigKeys (ConfUtils.java:logGet(43)) - raft.server.snapshot.retention.file.num = 5 (custom)
2019-10-11 06:49:22,034 [pool-423-thread-1] INFO  server.RaftServerConfigKeys (ConfUtils.java:logGet(43)) - raft.server.snapshot.auto.trigger.threshold = 10000 (custom)
2019-10-11 06:49:22,034 [pool-413-thread-1] INFO  server.RaftServerConfigKeys (ConfUtils.java:logGet(43)) - raft.server.retrycache.expirytime = 600000ms (custom)
2019-10-11 06:49:22,035 [pool-423-thread-1] INFO  server.RaftServerConfigKeys (ConfUtils.java:logGet(43)) - raft.server.snapshot.retention.file.num = 5 (custom)
2019-10-11 06:49:22,035 [pool-433-thread-1] INFO  impl.RaftServerImpl (RaftServerImpl.java:start(181)) - 7cec55cd-d41e-4894-a4a4-05fe8b68b0e5@group-B4A045F60AC0: start as a follower, conf=-1: [b2e350d2-3cc5-40eb-83cb-1eaf1f83a365:192.168.151.69:37521, 066225d5-b853-4825-982b-3b26be54854e:192.168.151.69:38920, 7cec55cd-d41e-4894-a4a4-05fe8b68b0e5:192.168.151.69:38074], old=null
2019-10-11 06:49:22,035 [pool-423-thread-1] INFO  server.RaftServerConfigKeys (ConfUtils.java:logGet(43)) - raft.server.retrycache.expirytime = 600000ms (custom)
2019-10-11 06:49:22,035 [pool-433-thread-1] INFO  impl.RaftServerImpl (RaftServerImpl.java:setRole(170)) - 7cec55cd-d41e-4894-a4a4-05fe8b68b0e5@group-B4A045F60AC0: changes role from      null to FOLLOWER at term 0 for startAsFollower
2019-10-11 06:49:22,035 [pool-433-thread-1] INFO  impl.RoleInfo (RoleInfo.java:updateAndGet(143)) - 7cec55cd-d41e-4894-a4a4-05fe8b68b0e5: start FollowerState
2019-10-11 06:49:22,036 [pool-433-thread-1] INFO  util.JmxRegister (JmxRegister.java:tryRegister(44)) - Successfully registered JMX Bean with object name Ratis:service=RaftServer,group=group-B4A045F60AC0,id=7cec55cd-d41e-4894-a4a4-05fe8b68b0e5
2019-10-11 06:49:22,036 [pool-413-thread-1] INFO  impl.RaftServerImpl (RaftServerImpl.java:start(181)) - b2e350d2-3cc5-40eb-83cb-1eaf1f83a365@group-B4A045F60AC0: start as a follower, conf=-1: [b2e350d2-3cc5-40eb-83cb-1eaf1f83a365:192.168.151.69:37521, 066225d5-b853-4825-982b-3b26be54854e:192.168.151.69:38920, 7cec55cd-d41e-4894-a4a4-05fe8b68b0e5:192.168.151.69:38074], old=null
2019-10-11 06:49:22,036 [pool-413-thread-1] INFO  impl.RaftServerImpl (RaftServerImpl.java:setRole(170)) - b2e350d2-3cc5-40eb-83cb-1eaf1f83a365@group-B4A045F60AC0: changes role from      null to FOLLOWER at term 0 for startAsFollower
2019-10-11 06:49:22,037 [pool-413-thread-1] INFO  impl.RoleInfo (RoleInfo.java:updateAndGet(143)) - b2e350d2-3cc5-40eb-83cb-1eaf1f83a365: start FollowerState
2019-10-11 06:49:22,037 [pool-413-thread-1] INFO  util.JmxRegister (JmxRegister.java:tryRegister(44)) - Successfully registered JMX Bean with object name Ratis:service=RaftServer,group=group-B4A045F60AC0,id=b2e350d2-3cc5-40eb-83cb-1eaf1f83a365
2019-10-11 06:49:22,038 [pool-423-thread-1] INFO  impl.RaftServerImpl (RaftServerImpl.java:start(181)) - 066225d5-b853-4825-982b-3b26be54854e@group-B4A045F60AC0: start as a follower, conf=-1: [b2e350d2-3cc5-40eb-83cb-1eaf1f83a365:192.168.151.69:37521, 066225d5-b853-4825-982b-3b26be54854e:192.168.151.69:38920, 7cec55cd-d41e-4894-a4a4-05fe8b68b0e5:192.168.151.69:38074], old=null
2019-10-11 06:49:22,038 [pool-423-thread-1] INFO  impl.RaftServerImpl (RaftServerImpl.java:setRole(170)) - 066225d5-b853-4825-982b-3b26be54854e@group-B4A045F60AC0: changes role from      null to FOLLOWER at term 0 for startAsFollower
2019-10-11 06:49:22,038 [pool-423-thread-1] INFO  impl.RoleInfo (RoleInfo.java:updateAndGet(143)) - 066225d5-b853-4825-982b-3b26be54854e: start FollowerState
2019-10-11 06:49:22,038 [pool-423-thread-1] INFO  util.JmxRegister (JmxRegister.java:tryRegister(44)) - Successfully registered JMX Bean with object name Ratis:service=RaftServer,group=group-B4A045F60AC0,id=066225d5-b853-4825-982b-3b26be54854e
2019-10-11 06:49:22,051 [RatisPipelineUtilsThread] INFO  pipeline.PipelineStateManager (PipelineStateManager.java:addPipeline(56)) - Created pipeline Pipeline[ Id: 853566ab-c225-4e03-b3dc-b4a045f60ac0, Nodes: 066225d5-b853-4825-982b-3b26be54854e{ip: 192.168.151.69, host: trunk-nightly-20191011-nk5dh-3274663048, networkLocation: /default-rack, certSerialId: null}7cec55cd-d41e-4894-a4a4-05fe8b68b0e5{ip: 192.168.151.69, host: trunk-nightly-20191011-nk5dh-3274663048, networkLocation: /default-rack, certSerialId: null}b2e350d2-3cc5-40eb-83cb-1eaf1f83a365{ip: 192.168.151.69, host: trunk-nightly-20191011-nk5dh-3274663048, networkLocation: /default-rack, certSerialId: null}, Type:RATIS, Factor:THREE, State:OPEN]
2019-10-11 06:49:23,014 [main] INFO  ozone.MiniOzoneClusterImpl (MiniOzoneClusterImpl.java:lambda$waitForClusterToBeReady$0(147)) - Cluster is ready. Got 7 of 7 DN Heartbeats.
2019-10-11 06:49:27,092 [Thread-2615] INFO  impl.FollowerState (FollowerState.java:run(108)) - 7cec55cd-d41e-4894-a4a4-05fe8b68b0e5@group-B4A045F60AC0-FollowerState: change to CANDIDATE, lastRpcTime:5056ms, electionTimeout:5056ms
2019-10-11 06:49:27,096 [Thread-2615] INFO  impl.RoleInfo (RoleInfo.java:shutdownFollowerState(121)) - 7cec55cd-d41e-4894-a4a4-05fe8b68b0e5: shutdown FollowerState
2019-10-11 06:49:27,097 [Thread-2615] INFO  impl.RaftServerImpl (RaftServerImpl.java:setRole(170)) - 7cec55cd-d41e-4894-a4a4-05fe8b68b0e5@group-B4A045F60AC0: changes role from  FOLLOWER to CANDIDATE at term 0 for changeToCandidate
2019-10-11 06:49:27,097 [Thread-2615] INFO  impl.RoleInfo (RoleInfo.java:updateAndGet(143)) - 7cec55cd-d41e-4894-a4a4-05fe8b68b0e5: start LeaderElection
2019-10-11 06:49:27,100 [Thread-2610] INFO  impl.FollowerState (FollowerState.java:run(108)) - 7cec55cd-d41e-4894-a4a4-05fe8b68b0e5@group-61AA3C87D674-FollowerState: change to CANDIDATE, lastRpcTime:5132ms, electionTimeout:5130ms
2019-10-11 06:49:27,106 [Thread-2610] INFO  impl.RoleInfo (RoleInfo.java:shutdownFollowerState(121)) - 7cec55cd-d41e-4894-a4a4-05fe8b68b0e5: shutdown FollowerState
2019-10-11 06:49:27,106 [Thread-2610] INFO  impl.RaftServerImpl (RaftServerImpl.java:setRole(170)) - 7cec55cd-d41e-4894-a4a4-05fe8b68b0e5@group-61AA3C87D674: changes role from  FOLLOWER to CANDIDATE at term 0 for changeToCandidate
2019-10-11 06:49:27,106 [Thread-2610] INFO  impl.RoleInfo (RoleInfo.java:updateAndGet(143)) - 7cec55cd-d41e-4894-a4a4-05fe8b68b0e5: start LeaderElection
2019-10-11 06:49:27,120 [7cec55cd-d41e-4894-a4a4-05fe8b68b0e5@group-61AA3C87D674-LeaderElection72] INFO  impl.LeaderElection (LeaderElection.java:askForVotes(178)) - 7cec55cd-d41e-4894-a4a4-05fe8b68b0e5@group-61AA3C87D674-LeaderElection72: begin an election at term 1 for -1: [7cec55cd-d41e-4894-a4a4-05fe8b68b0e5:192.168.151.69:38074], old=null
2019-10-11 06:49:27,120 [7cec55cd-d41e-4894-a4a4-05fe8b68b0e5@group-B4A045F60AC0-LeaderElection71] INFO  impl.LeaderElection (LeaderElection.java:askForVotes(178)) - 7cec55cd-d41e-4894-a4a4-05fe8b68b0e5@group-B4A045F60AC0-LeaderElection71: begin an election at term 1 for -1: [b2e350d2-3cc5-40eb-83cb-1eaf1f83a365:192.168.151.69:37521, 066225d5-b853-4825-982b-3b26be54854e:192.168.151.69:38920, 7cec55cd-d41e-4894-a4a4-05fe8b68b0e5:192.168.151.69:38074], old=null
2019-10-11 06:49:27,121 [7cec55cd-d41e-4894-a4a4-05fe8b68b0e5@group-61AA3C87D674-LeaderElection72] INFO  impl.RoleInfo (RoleInfo.java:shutdownLeaderElection(134)) - 7cec55cd-d41e-4894-a4a4-05fe8b68b0e5: shutdown LeaderElection
2019-10-11 06:49:27,121 [7cec55cd-d41e-4894-a4a4-05fe8b68b0e5@group-61AA3C87D674-LeaderElection72] INFO  impl.RaftServerImpl (RaftServerImpl.java:setRole(170)) - 7cec55cd-d41e-4894-a4a4-05fe8b68b0e5@group-61AA3C87D674: changes role from CANDIDATE to LEADER at term 1 for changeToLeader
2019-10-11 06:49:27,121 [7cec55cd-d41e-4894-a4a4-05fe8b68b0e5@group-61AA3C87D674-LeaderElection72] INFO  impl.RaftServerImpl (ServerState.java:setLeader(255)) - 7cec55cd-d41e-4894-a4a4-05fe8b68b0e5@group-61AA3C87D674: change Leader from null to 7cec55cd-d41e-4894-a4a4-05fe8b68b0e5 at term 1 for becomeLeader, leader elected after 5159ms
2019-10-11 06:49:27,121 [7cec55cd-d41e-4894-a4a4-05fe8b68b0e5@group-61AA3C87D674-LeaderElection72] INFO  server.RaftServerConfigKeys (ConfUtils.java:logGet(43)) - raft.server.staging.catchup.gap = 1000 (default)
2019-10-11 06:49:27,121 [7cec55cd-d41e-4894-a4a4-05fe8b68b0e5@group-61AA3C87D674-LeaderElection72] INFO  server.RaftServerConfigKeys (ConfUtils.java:logGet(43)) - raft.server.rpc.sleep.time = 25ms (default)
2019-10-11 06:49:27,122 [7cec55cd-d41e-4894-a4a4-05fe8b68b0e5@group-61AA3C87D674-LeaderElection72] INFO  server.RaftServerConfigKeys (ConfUtils.java:logGet(43)) - raft.server.write.element-limit = 4096 (default)
2019-10-11 06:49:27,122 [7cec55cd-d41e-4894-a4a4-05fe8b68b0e5@group-61AA3C87D674-LeaderElection72] INFO  server.RaftServerConfigKeys (ConfUtils.java:logGet(43)) - raft.server.watch.timeout = 10s (default)
2019-10-11 06:49:27,122 [7cec55cd-d41e-4894-a4a4-05fe8b68b0e5@group-61AA3C87D674-LeaderElection72] INFO  server.RaftServerConfigKeys (ConfUtils.java:logGet(43)) - raft.server.watch.timeout.denomination = 1s (default)
2019-10-11 06:49:27,122 [7cec55cd-d41e-4894-a4a4-05fe8b68b0e5@group-61AA3C87D674-LeaderElection72] INFO  server.RaftServerConfigKeys (ConfUtils.java:logGet(43)) - raft.server.watch.element-limit = 65536 (default)
2019-10-11 06:49:27,127 [7cec55cd-d41e-4894-a4a4-05fe8b68b0e5@group-61AA3C87D674-LeaderElection72] INFO  impl.RoleInfo (RoleInfo.java:updateAndGet(143)) - 7cec55cd-d41e-4894-a4a4-05fe8b68b0e5: start LeaderState
2019-10-11 06:49:27,128 [7cec55cd-d41e-4894-a4a4-05fe8b68b0e5@group-61AA3C87D674-LeaderElection72] INFO  segmented.SegmentedRaftLogWorker (SegmentedRaftLogWorker.java:startLogSegment(385)) - 7cec55cd-d41e-4894-a4a4-05fe8b68b0e5@group-61AA3C87D674-SegmentedRaftLogWorker: Starting segment from index:0
2019-10-11 06:49:27,128 [7cec55cd-d41e-4894-a4a4-05fe8b68b0e5@group-61AA3C87D674-LeaderElection72] INFO  impl.RaftServerImpl (ServerState.java:setRaftConf(356)) - 7cec55cd-d41e-4894-a4a4-05fe8b68b0e5@group-61AA3C87D674: set configuration 0: [7cec55cd-d41e-4894-a4a4-05fe8b68b0e5:192.168.151.69:38074], old=null at 0
2019-10-11 06:49:27,174 [grpc-default-executor-4] INFO  impl.RaftServerImpl (RaftServerImpl.java:setRole(170)) - b2e350d2-3cc5-40eb-83cb-1eaf1f83a365@group-B4A045F60AC0: changes role from  FOLLOWER to FOLLOWER at term 1 for recognizeCandidate:7cec55cd-d41e-4894-a4a4-05fe8b68b0e5
2019-10-11 06:49:27,183 [grpc-default-executor-5] INFO  impl.RaftServerImpl (RaftServerImpl.java:setRole(170)) - 066225d5-b853-4825-982b-3b26be54854e@group-B4A045F60AC0: changes role from  FOLLOWER to FOLLOWER at term 1 for recognizeCandidate:7cec55cd-d41e-4894-a4a4-05fe8b68b0e5
2019-10-11 06:49:27,183 [grpc-default-executor-4] INFO  impl.RoleInfo (RoleInfo.java:shutdownFollowerState(121)) - b2e350d2-3cc5-40eb-83cb-1eaf1f83a365: shutdown FollowerState
2019-10-11 06:49:27,183 [grpc-default-executor-5] INFO  impl.RoleInfo (RoleInfo.java:shutdownFollowerState(121)) - 066225d5-b853-4825-982b-3b26be54854e: shutdown FollowerState
2019-10-11 06:49:27,183 [grpc-default-executor-4] INFO  impl.RoleInfo (RoleInfo.java:updateAndGet(143)) - b2e350d2-3cc5-40eb-83cb-1eaf1f83a365: start FollowerState
2019-10-11 06:49:27,184 [Thread-2617] INFO  impl.FollowerState (FollowerState.java:run(117)) - 066225d5-b853-4825-982b-3b26be54854e@group-B4A045F60AC0-FollowerState was interrupted: java.lang.InterruptedException: sleep interrupted
2019-10-11 06:49:27,184 [grpc-default-executor-5] INFO  impl.RoleInfo (RoleInfo.java:updateAndGet(143)) - 066225d5-b853-4825-982b-3b26be54854e: start FollowerState
2019-10-11 06:49:27,193 [7cec55cd-d41e-4894-a4a4-05fe8b68b0e5@group-61AA3C87D674-SegmentedRaftLogWorker] INFO  segmented.SegmentedRaftLogWorker (SegmentedRaftLogWorker.java:execute(574)) - 7cec55cd-d41e-4894-a4a4-05fe8b68b0e5@group-61AA3C87D674-SegmentedRaftLogWorker: created new log segment /workdir/hadoop-ozone/integration-test/target/test-dir/MiniOzoneClusterImpl-ed757915-0d21-4712-b3aa-7075cc69f4aa/datanode-5/data/ratis/73a50793-8e25-43d1-94fe-61aa3c87d674/current/log_inprogress_0
2019-10-11 06:49:27,205 [7cec55cd-d41e-4894-a4a4-05fe8b68b0e5@group-B4A045F60AC0-LeaderElection71] INFO  impl.LeaderElection (LeaderElection.java:logAndReturn(56)) - 7cec55cd-d41e-4894-a4a4-05fe8b68b0e5@group-B4A045F60AC0-LeaderElection71: Election PASSED; received 1 response(s) [7cec55cd-d41e-4894-a4a4-05fe8b68b0e5<-b2e350d2-3cc5-40eb-83cb-1eaf1f83a365#0:OK-t1] and 0 exception(s); 7cec55cd-d41e-4894-a4a4-05fe8b68b0e5@group-B4A045F60AC0:t1, leader=null, voted=7cec55cd-d41e-4894-a4a4-05fe8b68b0e5, raftlog=7cec55cd-d41e-4894-a4a4-05fe8b68b0e5@group-B4A045F60AC0-SegmentedRaftLog:OPENED:c-1,f-1,i0, conf=-1: [b2e350d2-3cc5-40eb-83cb-1eaf1f83a365:192.168.151.69:37521, 066225d5-b853-4825-982b-3b26be54854e:192.168.151.69:38920, 7cec55cd-d41e-4894-a4a4-05fe8b68b0e5:192.168.151.69:38074], old=null
2019-10-11 06:49:27,205 [7cec55cd-d41e-4894-a4a4-05fe8b68b0e5@group-B4A045F60AC0-LeaderElection71] INFO  impl.RoleInfo (RoleInfo.java:shutdownLeaderElection(134)) - 7cec55cd-d41e-4894-a4a4-05fe8b68b0e5: shutdown LeaderElection
2019-10-11 06:49:27,205 [7cec55cd-d41e-4894-a4a4-05fe8b68b0e5@group-B4A045F60AC0-LeaderElection71] INFO  impl.RaftServerImpl (RaftServerImpl.java:setRole(170)) - 7cec55cd-d41e-4894-a4a4-05fe8b68b0e5@group-B4A045F60AC0: changes role from CANDIDATE to LEADER at term 1 for changeToLeader
2019-10-11 06:49:27,206 [7cec55cd-d41e-4894-a4a4-05fe8b68b0e5@group-B4A045F60AC0-LeaderElection71] INFO  impl.RaftServerImpl (ServerState.java:setLeader(255)) - 7cec55cd-d41e-4894-a4a4-05fe8b68b0e5@group-B4A045F60AC0: change Leader from null to 7cec55cd-d41e-4894-a4a4-05fe8b68b0e5 at term 1 for becomeLeader, leader elected after 5178ms
2019-10-11 06:49:27,206 [7cec55cd-d41e-4894-a4a4-05fe8b68b0e5@group-B4A045F60AC0-LeaderElection71] INFO  server.RaftServerConfigKeys (ConfUtils.java:logGet(43)) - raft.server.staging.catchup.gap = 1000 (default)
2019-10-11 06:49:27,206 [7cec55cd-d41e-4894-a4a4-05fe8b68b0e5@group-B4A045F60AC0-LeaderElection71] INFO  server.RaftServerConfigKeys (ConfUtils.java:logGet(43)) - raft.server.rpc.sleep.time = 25ms (default)
2019-10-11 06:49:27,206 [7cec55cd-d41e-4894-a4a4-05fe8b68b0e5@group-B4A045F60AC0-LeaderElection71] INFO  server.RaftServerConfigKeys (ConfUtils.java:logGet(43)) - raft.server.write.element-limit = 4096 (default)
2019-10-11 06:49:27,207 [7cec55cd-d41e-4894-a4a4-05fe8b68b0e5@group-B4A045F60AC0-LeaderElection71] INFO  server.RaftServerConfigKeys (ConfUtils.java:logGet(43)) - raft.server.watch.timeout = 10s (default)
2019-10-11 06:49:27,207 [7cec55cd-d41e-4894-a4a4-05fe8b68b0e5@group-B4A045F60AC0-LeaderElection71] INFO  server.RaftServerConfigKeys (ConfUtils.java:logGet(43)) - raft.server.watch.timeout.denomination = 1s (default)
2019-10-11 06:49:27,207 [7cec55cd-d41e-4894-a4a4-05fe8b68b0e5@group-B4A045F60AC0-LeaderElection71] INFO  server.RaftServerConfigKeys (ConfUtils.java:logGet(43)) - raft.server.watch.element-limit = 65536 (default)
2019-10-11 06:49:27,209 [7cec55cd-d41e-4894-a4a4-05fe8b68b0e5@group-B4A045F60AC0-LeaderElection71] INFO  server.RaftServerConfigKeys (ConfUtils.java:logGet(43)) - raft.server.log.appender.snapshot.chunk.size.max = 16MB (=16777216) (default)
2019-10-11 06:49:27,209 [7cec55cd-d41e-4894-a4a4-05fe8b68b0e5@group-B4A045F60AC0-LeaderElection71] INFO  server.RaftServerConfigKeys (ConfUtils.java:logGet(43)) - raft.server.log.appender.buffer.byte-limit = 33554432 (custom)
2019-10-11 06:49:27,210 [7cec55cd-d41e-4894-a4a4-05fe8b68b0e5@group-B4A045F60AC0-LeaderElection71] INFO  server.RaftServerConfigKeys (ConfUtils.java:logGet(43)) - raft.server.log.appender.buffer.element-limit = 1 (custom)
2019-10-11 06:49:27,210 [7cec55cd-d41e-4894-a4a4-05fe8b68b0e5@group-B4A045F60AC0-LeaderElection71] INFO  grpc.GrpcConfigKeys$Server (ConfUtils.java:logGet(43)) - raft.grpc.server.leader.outstanding.appends.max = 128 (default)
2019-10-11 06:49:27,210 [7cec55cd-d41e-4894-a4a4-05fe8b68b0e5@group-B4A045F60AC0-LeaderElection71] INFO  server.RaftServerConfigKeys (ConfUtils.java:logGet(43)) - raft.server.rpc.request.timeout = 3000ms (default)
2019-10-11 06:49:27,210 [7cec55cd-d41e-4894-a4a4-05fe8b68b0e5@group-B4A045F60AC0-LeaderElection71] INFO  server.RaftServerConfigKeys (ConfUtils.java:logGet(43)) - raft.server.log.appender.install.snapshot.enabled = false (custom)
2019-10-11 06:49:27,211 [7cec55cd-d41e-4894-a4a4-05fe8b68b0e5@group-B4A045F60AC0-LeaderElection71] INFO  server.RaftServerConfigKeys (ConfUtils.java:logGet(43)) - raft.server.log.appender.snapshot.chunk.size.max = 16MB (=16777216) (default)
2019-10-11 06:49:27,211 [7cec55cd-d41e-4894-a4a4-05fe8b68b0e5@group-B4A045F60AC0-LeaderElection71] INFO  server.RaftServerConfigKeys (ConfUtils.java:logGet(43)) - raft.server.log.appender.buffer.byte-limit = 33554432 (custom)
2019-10-11 06:49:27,211 [7cec55cd-d41e-4894-a4a4-05fe8b68b0e5@group-B4A045F60AC0-LeaderElection71] INFO  server.RaftServerConfigKeys (ConfUtils.java:logGet(43)) - raft.server.log.appender.buffer.element-limit = 1 (custom)
2019-10-11 06:49:27,211 [7cec55cd-d41e-4894-a4a4-05fe8b68b0e5@group-B4A045F60AC0-LeaderElection71] INFO  grpc.GrpcConfigKeys$Server (ConfUtils.java:logGet(43)) - raft.grpc.server.leader.outstanding.appends.max = 128 (default)
2019-10-11 06:49:27,211 [7cec55cd-d41e-4894-a4a4-05fe8b68b0e5@group-B4A045F60AC0-LeaderElection71] INFO  server.RaftServerConfigKeys (ConfUtils.java:logGet(43)) - raft.server.rpc.request.timeout = 3000ms (default)
2019-10-11 06:49:27,212 [7cec55cd-d41e-4894-a4a4-05fe8b68b0e5@group-B4A045F60AC0-LeaderElection71] INFO  server.RaftServerConfigKeys (ConfUtils.java:logGet(43)) - raft.server.log.appender.install.snapshot.enabled = false (custom)
2019-10-11 06:49:27,212 [7cec55cd-d41e-4894-a4a4-05fe8b68b0e5@group-B4A045F60AC0-LeaderElection71] INFO  impl.RoleInfo (RoleInfo.java:updateAndGet(143)) - 7cec55cd-d41e-4894-a4a4-05fe8b68b0e5: start LeaderState
2019-10-11 06:49:27,212 [7cec55cd-d41e-4894-a4a4-05fe8b68b0e5@group-B4A045F60AC0-LeaderElection71] INFO  segmented.SegmentedRaftLogWorker (SegmentedRaftLogWorker.java:startLogSegment(385)) - 7cec55cd-d41e-4894-a4a4-05fe8b68b0e5@group-B4A045F60AC0-SegmentedRaftLogWorker: Starting segment from index:0
2019-10-11 06:49:27,213 [7cec55cd-d41e-4894-a4a4-05fe8b68b0e5@group-B4A045F60AC0-LeaderElection71] INFO  impl.RaftServerImpl (ServerState.java:setRaftConf(356)) - 7cec55cd-d41e-4894-a4a4-05fe8b68b0e5@group-B4A045F60AC0: set configuration 0: [b2e350d2-3cc5-40eb-83cb-1eaf1f83a365:192.168.151.69:37521, 066225d5-b853-4825-982b-3b26be54854e:192.168.151.69:38920, 7cec55cd-d41e-4894-a4a4-05fe8b68b0e5:192.168.151.69:38074], old=null at 0
2019-10-11 06:49:27,215 [grpc-default-executor-5] INFO  impl.RaftServerImpl (ServerState.java:setLeader(255)) - 066225d5-b853-4825-982b-3b26be54854e@group-B4A045F60AC0: change Leader from null to 7cec55cd-d41e-4894-a4a4-05fe8b68b0e5 at term 1 for appendEntries, leader elected after 5187ms
2019-10-11 06:49:27,215 [grpc-default-executor-4] INFO  impl.RaftServerImpl (ServerState.java:setLeader(255)) - b2e350d2-3cc5-40eb-83cb-1eaf1f83a365@group-B4A045F60AC0: change Leader from null to 7cec55cd-d41e-4894-a4a4-05fe8b68b0e5 at term 1 for appendEntries, leader elected after 5187ms
2019-10-11 06:49:27,250 [grpc-default-executor-5] INFO  impl.RaftServerImpl (ServerState.java:setRaftConf(356)) - 066225d5-b853-4825-982b-3b26be54854e@group-B4A045F60AC0: set configuration 0: [b2e350d2-3cc5-40eb-83cb-1eaf1f83a365:192.168.151.69:37521, 066225d5-b853-4825-982b-3b26be54854e:192.168.151.69:38920, 7cec55cd-d41e-4894-a4a4-05fe8b68b0e5:192.168.151.69:38074], old=null at 0
2019-10-11 06:49:27,251 [grpc-default-executor-5] INFO  segmented.SegmentedRaftLogWorker (SegmentedRaftLogWorker.java:startLogSegment(385)) - 066225d5-b853-4825-982b-3b26be54854e@group-B4A045F60AC0-SegmentedRaftLogWorker: Starting segment from index:0
2019-10-11 06:49:27,251 [grpc-default-executor-4] INFO  impl.RaftServerImpl (ServerState.java:setRaftConf(356)) - b2e350d2-3cc5-40eb-83cb-1eaf1f83a365@group-B4A045F60AC0: set configuration 0: [b2e350d2-3cc5-40eb-83cb-1eaf1f83a365:192.168.151.69:37521, 066225d5-b853-4825-982b-3b26be54854e:192.168.151.69:38920, 7cec55cd-d41e-4894-a4a4-05fe8b68b0e5:192.168.151.69:38074], old=null at 0
2019-10-11 06:49:27,251 [grpc-default-executor-4] INFO  segmented.SegmentedRaftLogWorker (SegmentedRaftLogWorker.java:startLogSegment(385)) - b2e350d2-3cc5-40eb-83cb-1eaf1f83a365@group-B4A045F60AC0-SegmentedRaftLogWorker: Starting segment from index:0
2019-10-11 06:49:27,257 [7cec55cd-d41e-4894-a4a4-05fe8b68b0e5@group-B4A045F60AC0-SegmentedRaftLogWorker] INFO  segmented.SegmentedRaftLogWorker (SegmentedRaftLogWorker.java:execute(574)) - 7cec55cd-d41e-4894-a4a4-05fe8b68b0e5@group-B4A045F60AC0-SegmentedRaftLogWorker: created new log segment /workdir/hadoop-ozone/integration-test/target/test-dir/MiniOzoneClusterImpl-ed757915-0d21-4712-b3aa-7075cc69f4aa/datanode-5/data/ratis/853566ab-c225-4e03-b3dc-b4a045f60ac0/current/log_inprogress_0
2019-10-11 06:49:27,304 [066225d5-b853-4825-982b-3b26be54854e@group-B4A045F60AC0-SegmentedRaftLogWorker] INFO  segmented.SegmentedRaftLogWorker (SegmentedRaftLogWorker.java:execute(574)) - 066225d5-b853-4825-982b-3b26be54854e@group-B4A045F60AC0-SegmentedRaftLogWorker: created new log segment /workdir/hadoop-ozone/integration-test/target/test-dir/MiniOzoneClusterImpl-ed757915-0d21-4712-b3aa-7075cc69f4aa/datanode-4/data/ratis/853566ab-c225-4e03-b3dc-b4a045f60ac0/current/log_inprogress_0
2019-10-11 06:49:27,304 [b2e350d2-3cc5-40eb-83cb-1eaf1f83a365@group-B4A045F60AC0-SegmentedRaftLogWorker] INFO  segmented.SegmentedRaftLogWorker (SegmentedRaftLogWorker.java:execute(574)) - b2e350d2-3cc5-40eb-83cb-1eaf1f83a365@group-B4A045F60AC0-SegmentedRaftLogWorker: created new log segment /workdir/hadoop-ozone/integration-test/target/test-dir/MiniOzoneClusterImpl-ed757915-0d21-4712-b3aa-7075cc69f4aa/datanode-3/data/ratis/853566ab-c225-4e03-b3dc-b4a045f60ac0/current/log_inprogress_0
2019-10-11 06:49:28,078 [main] INFO  rpc.RpcClient (RpcClient.java:createVolume(272)) - Creating Volume: watchforcommithandlingtest, with jenkins1000 as owner.
2019-10-11 06:49:28,081 [IPC Server handler 15 on 41237] INFO  volume.OMVolumeCreateRequest (OMVolumeCreateRequest.java:validateAndUpdateCache(193)) - created volume:watchforcommithandlingtest for user:jenkins1000
2019-10-11 06:49:28,097 [main] INFO  rpc.RpcClient (RpcClient.java:createBucket(411)) - Creating Bucket: watchforcommithandlingtest/watchforcommithandlingtest, with Versioning false and Storage Type set to DISK and Encryption set to false 
2019-10-11 06:49:28,103 [main] INFO  ozone.MiniOzoneClusterImpl (MiniOzoneClusterImpl.java:getStorageContainerLocationClient(234)) - Creating StorageContainerLocationProtocol RPC client with address /0.0.0.0:34963
2019-10-11 06:49:29,320 [Datanode State Machine Thread - 0] INFO  statemachine.DatanodeStateMachine (DatanodeStateMachine.java:lambda$startDaemon$0(350)) - Ozone container server started.
2019-10-11 06:49:33,334 [main] INFO  ozoneimpl.OzoneContainer (OzoneContainer.java:stop(227)) - Attempting to stop container services.
2019-10-11 06:49:33,335 [main] INFO  impl.RaftServerProxy (RaftServerProxy.java:lambda$close$4(314)) - 02fc17f2-a171-4409-bf59-9a8dc8ee473e: close
2019-10-11 06:49:33,335 [main] INFO  impl.RaftServerImpl (RaftServerImpl.java:lambda$shutdown$3(247)) - 02fc17f2-a171-4409-bf59-9a8dc8ee473e@group-7AC354DB2529: shutdown
2019-10-11 06:49:33,336 [ForkJoinPool.commonPool-worker-0] INFO  impl.RaftServerImpl (RaftServerImpl.java:lambda$shutdown$3(247)) - 02fc17f2-a171-4409-bf59-9a8dc8ee473e@group-D03B567DF1AC: shutdown
2019-10-11 06:49:33,336 [main] INFO  util.JmxRegister (JmxRegister.java:unregister(73)) - Successfully un-registered JMX Bean with object name Ratis:service=RaftServer,group=group-7AC354DB2529,id=02fc17f2-a171-4409-bf59-9a8dc8ee473e
2019-10-11 06:49:33,336 [ForkJoinPool.commonPool-worker-0] INFO  util.JmxRegister (JmxRegister.java:unregister(73)) - Successfully un-registered JMX Bean with object name Ratis:service=RaftServer,group=group-D03B567DF1AC,id=02fc17f2-a171-4409-bf59-9a8dc8ee473e
2019-10-11 06:49:33,336 [main] INFO  impl.RoleInfo (RoleInfo.java:shutdownFollowerState(121)) - 02fc17f2-a171-4409-bf59-9a8dc8ee473e: shutdown FollowerState
2019-10-11 06:49:33,336 [ForkJoinPool.commonPool-worker-0] INFO  impl.RoleInfo (RoleInfo.java:shutdownLeaderState(104)) - 02fc17f2-a171-4409-bf59-9a8dc8ee473e: shutdown LeaderState
2019-10-11 06:49:33,337 [Thread-2557] INFO  impl.FollowerState (FollowerState.java:run(117)) - 02fc17f2-a171-4409-bf59-9a8dc8ee473e@group-7AC354DB2529-FollowerState was interrupted: java.lang.InterruptedException: sleep interrupted
2019-10-11 06:49:33,337 [ForkJoinPool.commonPool-worker-0] INFO  impl.PendingRequests (PendingRequests.java:sendNotLeaderResponses(202)) - 02fc17f2-a171-4409-bf59-9a8dc8ee473e@group-D03B567DF1AC-PendingRequests: sendNotLeaderResponses
2019-10-11 06:49:33,337 [main] INFO  impl.StateMachineUpdater (StateMachineUpdater.java:stopAndJoin(136)) - 02fc17f2-a171-4409-bf59-9a8dc8ee473e@group-7AC354DB2529-StateMachineUpdater: set stopIndex = 2
2019-10-11 06:49:33,337 [02fc17f2-a171-4409-bf59-9a8dc8ee473e@group-7AC354DB2529-StateMachineUpdater] INFO  ratis.ContainerStateMachine (ContainerStateMachine.java:takeSnapshot(294)) - group-7AC354DB2529: Taking a snapshot at:(t:1, i:1) file /workdir/hadoop-ozone/integration-test/target/test-dir/MiniOzoneClusterImpl-ed757915-0d21-4712-b3aa-7075cc69f4aa/datanode-0/data/ratis/96d46edb-4067-4774-a74d-7ac354db2529/sm/snapshot.1_1
2019-10-11 06:49:33,340 [ForkJoinPool.commonPool-worker-0] INFO  impl.StateMachineUpdater (StateMachineUpdater.java:stopAndJoin(136)) - 02fc17f2-a171-4409-bf59-9a8dc8ee473e@group-D03B567DF1AC-StateMachineUpdater: set stopIndex = 0
2019-10-11 06:49:33,341 [ForkJoinPool.commonPool-worker-0] INFO  impl.RaftServerImpl (ServerState.java:close(387)) - 02fc17f2-a171-4409-bf59-9a8dc8ee473e@group-D03B567DF1AC: closes. applyIndex: 0
2019-10-11 06:49:33,341 [02fc17f2-a171-4409-bf59-9a8dc8ee473e@group-D03B567DF1AC-SegmentedRaftLogWorker] INFO  segmented.SegmentedRaftLogWorker (SegmentedRaftLogWorker.java:run(316)) - 02fc17f2-a171-4409-bf59-9a8dc8ee473e@group-D03B567DF1AC-SegmentedRaftLogWorker was interrupted, exiting. There are 0 tasks remaining in the queue.
2019-10-11 06:49:33,352 [ForkJoinPool.commonPool-worker-0] INFO  segmented.SegmentedRaftLogWorker (SegmentedRaftLogWorker.java:close(224)) - 02fc17f2-a171-4409-bf59-9a8dc8ee473e@group-D03B567DF1AC-SegmentedRaftLogWorker close()
2019-10-11 06:49:33,355 [02fc17f2-a171-4409-bf59-9a8dc8ee473e@group-7AC354DB2529-StateMachineUpdater] INFO  ratis.ContainerStateMachine (ContainerStateMachine.java:takeSnapshot(305)) - group-7AC354DB2529: Finished taking a snapshot at:(t:1, i:1) file:/workdir/hadoop-ozone/integration-test/target/test-dir/MiniOzoneClusterImpl-ed757915-0d21-4712-b3aa-7075cc69f4aa/datanode-0/data/ratis/96d46edb-4067-4774-a74d-7ac354db2529/sm/snapshot.1_1 time:18
2019-10-11 06:49:33,356 [02fc17f2-a171-4409-bf59-9a8dc8ee473e@group-7AC354DB2529-StateMachineUpdater] INFO  impl.StateMachineUpdater (StateMachineUpdater.java:takeSnapshot(269)) - 02fc17f2-a171-4409-bf59-9a8dc8ee473e@group-7AC354DB2529-StateMachineUpdater: Took a snapshot at index 1
2019-10-11 06:49:33,356 [02fc17f2-a171-4409-bf59-9a8dc8ee473e@group-7AC354DB2529-StateMachineUpdater] INFO  impl.StateMachineUpdater (StateMachineUpdater.java:lambda$new$0(84)) - 02fc17f2-a171-4409-bf59-9a8dc8ee473e@group-7AC354DB2529-StateMachineUpdater: snapshotIndex: updateIncreasingly -1 -> 1
2019-10-11 06:49:33,356 [02fc17f2-a171-4409-bf59-9a8dc8ee473e@group-7AC354DB2529-StateMachineUpdater] INFO  ratis.ContainerStateMachine (ContainerStateMachine.java:takeSnapshot(294)) - group-7AC354DB2529: Taking a snapshot at:(t:1, i:1) file /workdir/hadoop-ozone/integration-test/target/test-dir/MiniOzoneClusterImpl-ed757915-0d21-4712-b3aa-7075cc69f4aa/datanode-0/data/ratis/96d46edb-4067-4774-a74d-7ac354db2529/sm/snapshot.1_1
2019-10-11 06:49:33,368 [02fc17f2-a171-4409-bf59-9a8dc8ee473e@group-7AC354DB2529-StateMachineUpdater] INFO  ratis.ContainerStateMachine (ContainerStateMachine.java:takeSnapshot(305)) - group-7AC354DB2529: Finished taking a snapshot at:(t:1, i:1) file:/workdir/hadoop-ozone/integration-test/target/test-dir/MiniOzoneClusterImpl-ed757915-0d21-4712-b3aa-7075cc69f4aa/datanode-0/data/ratis/96d46edb-4067-4774-a74d-7ac354db2529/sm/snapshot.1_1 time:12
2019-10-11 06:49:33,368 [02fc17f2-a171-4409-bf59-9a8dc8ee473e@group-7AC354DB2529-StateMachineUpdater] INFO  impl.StateMachineUpdater (StateMachineUpdater.java:takeSnapshot(269)) - 02fc17f2-a171-4409-bf59-9a8dc8ee473e@group-7AC354DB2529-StateMachineUpdater: Took a snapshot at index 1
2019-10-11 06:49:33,368 [02fc17f2-a171-4409-bf59-9a8dc8ee473e@group-7AC354DB2529-StateMachineUpdater] INFO  impl.StateMachineUpdater (StateMachineUpdater.java:lambda$new$0(84)) - 02fc17f2-a171-4409-bf59-9a8dc8ee473e@group-7AC354DB2529-StateMachineUpdater: snapshotIndex: updateIncreasingly 1 -> 1
2019-10-11 06:49:33,369 [main] INFO  impl.RaftServerImpl (ServerState.java:close(387)) - 02fc17f2-a171-4409-bf59-9a8dc8ee473e@group-7AC354DB2529: closes. applyIndex: 2
2019-10-11 06:49:33,369 [02fc17f2-a171-4409-bf59-9a8dc8ee473e@group-7AC354DB2529-SegmentedRaftLogWorker] INFO  segmented.SegmentedRaftLogWorker (SegmentedRaftLogWorker.java:run(316)) - 02fc17f2-a171-4409-bf59-9a8dc8ee473e@group-7AC354DB2529-SegmentedRaftLogWorker was interrupted, exiting. There are 0 tasks remaining in the queue.
2019-10-11 06:49:33,371 [main] INFO  segmented.SegmentedRaftLogWorker (SegmentedRaftLogWorker.java:close(224)) - 02fc17f2-a171-4409-bf59-9a8dc8ee473e@group-7AC354DB2529-SegmentedRaftLogWorker close()
2019-10-11 06:49:33,374 [main] INFO  server.GrpcService (GrpcService.java:closeImpl(164)) - 02fc17f2-a171-4409-bf59-9a8dc8ee473e: shutdown server with port 41769 now
2019-10-11 06:49:33,387 [grpc-default-executor-4] WARN  server.GrpcServerProtocolService (LogUtils.java:warn(134)) - 02fc17f2-a171-4409-bf59-9a8dc8ee473e: installSnapshot onError, lastRequest: 7aa06aa4-1cdc-4cec-86a7-320bfc5f4d5f->02fc17f2-a171-4409-bf59-9a8dc8ee473e#11-t1, previous=(t:1, i:2), leaderCommit=2, initializing? false, entries: <empty>: org.apache.ratis.thirdparty.io.grpc.StatusRuntimeException: CANCELLED: cancelled before receiving half close
2019-10-11 06:49:33,390 [grpc-default-executor-6] WARN  server.GrpcLogAppender (LogUtils.java:warn(134)) - 7aa06aa4-1cdc-4cec-86a7-320bfc5f4d5f@group-7AC354DB2529->02fc17f2-a171-4409-bf59-9a8dc8ee473e-AppendLogResponseHandler: Failed appendEntries: org.apache.ratis.thirdparty.io.grpc.StatusRuntimeException: CANCELLED: HTTP/2 error code: CANCEL
Received Rst Stream
2019-10-11 06:49:33,391 [main] INFO  server.GrpcService (GrpcService.java:closeImpl(172)) - 02fc17f2-a171-4409-bf59-9a8dc8ee473e: shutdown server with port 41769 successfully
2019-10-11 06:49:33,391 [grpc-default-executor-6] INFO  impl.FollowerInfo (FollowerInfo.java:lambda$new$0(51)) - 7aa06aa4-1cdc-4cec-86a7-320bfc5f4d5f@group-7AC354DB2529->02fc17f2-a171-4409-bf59-9a8dc8ee473e: nextIndex: updateUnconditionally 3 -> 2
2019-10-11 06:49:33,393 [refreshUsed-/workdir/hadoop-ozone/integration-test/target/test-dir/MiniOzoneClusterImpl-ed757915-0d21-4712-b3aa-7075cc69f4aa/datanode-0/data/containers] WARN  fs.CachingGetSpaceUsed (CachingGetSpaceUsed.java:run(183)) - Thread Interrupted waiting to refresh disk information: sleep interrupted
2019-10-11 06:49:33,419 [main] INFO  utils.BackgroundService (BackgroundService.java:shutdown(151)) - Shutting down service BlockDeletingService
2019-10-11 06:49:33,426 [main] INFO  statemachine.DatanodeStateMachine (DatanodeStateMachine.java:stopDaemon(395)) - Ozone container server stopped.
2019-10-11 06:49:33,427 [main] INFO  handler.ContextHandler (ContextHandler.java:doStop(910)) - Stopped o.e.j.w.WebAppContext@37606fee{/,null,UNAVAILABLE}{/hddsDatanode}
2019-10-11 06:49:33,429 [main] INFO  server.AbstractConnector (AbstractConnector.java:doStop(318)) - Stopped ServerConnector@33d28f0a{HTTP/1.1,[http/1.1]}{0.0.0.0:0}
2019-10-11 06:49:33,429 [main] INFO  handler.ContextHandler (ContextHandler.java:doStop(910)) - Stopped o.e.j.s.ServletContextHandler@16d431b4{/static,jar:file:/home/user/.m2/repository/org/apache/hadoop/hadoop-hdds-container-service/0.5.0-SNAPSHOT/hadoop-hdds-container-service-0.5.0-SNAPSHOT.jar!/webapps/static,UNAVAILABLE}
2019-10-11 06:49:33,429 [main] INFO  handler.ContextHandler (ContextHandler.java:doStop(910)) - Stopped o.e.j.s.ServletContextHandler@2589d787{/logs,file:///workdir/hadoop-ozone/integration-test/target/log,UNAVAILABLE}
2019-10-11 06:49:33,440 [grpc-default-executor-6] WARN  server.GrpcLogAppender (LogUtils.java:warn(134)) - 7aa06aa4-1cdc-4cec-86a7-320bfc5f4d5f@group-7AC354DB2529->02fc17f2-a171-4409-bf59-9a8dc8ee473e-AppendLogResponseHandler: Failed appendEntries: org.apache.ratis.thirdparty.io.grpc.StatusRuntimeException: UNAVAILABLE: io exception
2019-10-11 06:49:33,440 [grpc-default-executor-6] INFO  impl.FollowerInfo (FollowerInfo.java:lambda$new$0(51)) - 7aa06aa4-1cdc-4cec-86a7-320bfc5f4d5f@group-7AC354DB2529->02fc17f2-a171-4409-bf59-9a8dc8ee473e: nextIndex: updateUnconditionally 3 -> 2
2019-10-11 06:49:33,451 [grpc-default-executor-5] WARN  server.GrpcLogAppender (LogUtils.java:warn(134)) - 7aa06aa4-1cdc-4cec-86a7-320bfc5f4d5f@group-7AC354DB2529->02fc17f2-a171-4409-bf59-9a8dc8ee473e-AppendLogResponseHandler: Failed appendEntries: org.apache.ratis.thirdparty.io.grpc.StatusRuntimeException: UNAVAILABLE: io exception
2019-10-11 06:49:33,452 [grpc-default-executor-5] INFO  impl.FollowerInfo (FollowerInfo.java:lambda$new$0(51)) - 7aa06aa4-1cdc-4cec-86a7-320bfc5f4d5f@group-7AC354DB2529->02fc17f2-a171-4409-bf59-9a8dc8ee473e: nextIndex: updateUnconditionally 3 -> 2
2019-10-11 06:49:33,464 [grpc-default-executor-5] WARN  server.GrpcLogAppender (LogUtils.java:warn(134)) - 7aa06aa4-1cdc-4cec-86a7-320bfc5f4d5f@group-7AC354DB2529->02fc17f2-a171-4409-bf59-9a8dc8ee473e-AppendLogResponseHandler: Failed appendEntries: org.apache.ratis.thirdparty.io.grpc.StatusRuntimeException: UNAVAILABLE: io exception
2019-10-11 06:49:33,464 [grpc-default-executor-5] INFO  impl.FollowerInfo (FollowerInfo.java:lambda$new$0(51)) - 7aa06aa4-1cdc-4cec-86a7-320bfc5f4d5f@group-7AC354DB2529->02fc17f2-a171-4409-bf59-9a8dc8ee473e: nextIndex: updateUnconditionally 3 -> 2
2019-10-11 06:49:33,466 [EventQueue-IncrementalContainerReportForIncrementalContainerReportHandler] WARN  container.IncrementalContainerReportHandler (AbstractContainerReportHandler.java:updateContainerState(145)) - Container #1 is in OPEN state, but the datanode 7aa06aa4-1cdc-4cec-86a7-320bfc5f4d5f{ip: 192.168.151.69, host: trunk-nightly-20191011-nk5dh-3274663048, networkLocation: /default-rack, certSerialId: null} reports an CLOSING replica.
2019-10-11 06:49:33,468 [EventQueue-IncrementalContainerReportForIncrementalContainerReportHandler] WARN  container.IncrementalContainerReportHandler (AbstractContainerReportHandler.java:updateContainerState(145)) - Container #1 is in OPEN state, but the datanode bcecbe09-0436-4cb8-b8d8-c0e80e92a2da{ip: 192.168.151.69, host: trunk-nightly-20191011-nk5dh-3274663048, networkLocation: /default-rack, certSerialId: null} reports an CLOSING replica.
2019-10-11 06:49:33,494 [RatisApplyTransactionExecutor 1] INFO  interfaces.Container (KeyValueContainer.java:flushAndSyncDB(386)) - Container 1 is synced with bcsId 0.
2019-10-11 06:49:33,524 [RatisApplyTransactionExecutor 1] INFO  interfaces.Container (KeyValueContainer.java:flushAndSyncDB(386)) - Container 1 is synced with bcsId 0.
2019-10-11 06:49:33,526 [RatisApplyTransactionExecutor 1] INFO  interfaces.Container (KeyValueContainer.java:flushAndSyncDB(386)) - Container 1 is synced with bcsId 0.
2019-10-11 06:49:33,526 [RatisApplyTransactionExecutor 1] INFO  interfaces.Container (KeyValueContainer.java:flushAndSyncDB(386)) - Container 1 is synced with bcsId 0.
2019-10-11 06:49:33,532 [RatisApplyTransactionExecutor 1] INFO  interfaces.Container (KeyValueContainer.java:close(335)) - Container 1 is closed with bcsId 0.
2019-10-11 06:49:33,533 [RatisApplyTransactionExecutor 1] INFO  interfaces.Container (KeyValueContainer.java:close(335)) - Container 1 is closed with bcsId 0.
2019-10-11 06:49:33,537 [EventQueue-IncrementalContainerReportForIncrementalContainerReportHandler] WARN  container.IncrementalContainerReportHandler (AbstractContainerReportHandler.java:updateContainerState(145)) - Container #1 is in OPEN state, but the datanode bcecbe09-0436-4cb8-b8d8-c0e80e92a2da{ip: 192.168.151.69, host: trunk-nightly-20191011-nk5dh-3274663048, networkLocation: /default-rack, certSerialId: null} reports an CLOSED replica.
2019-10-11 06:49:33,537 [EventQueue-IncrementalContainerReportForIncrementalContainerReportHandler] WARN  container.IncrementalContainerReportHandler (AbstractContainerReportHandler.java:updateContainerState(145)) - Container #1 is in OPEN state, but the datanode 7aa06aa4-1cdc-4cec-86a7-320bfc5f4d5f{ip: 192.168.151.69, host: trunk-nightly-20191011-nk5dh-3274663048, networkLocation: /default-rack, certSerialId: null} reports an CLOSED replica.
2019-10-11 06:49:35,966 [grpc-default-executor-5] WARN  server.GrpcLogAppender (LogUtils.java:warn(134)) - 7aa06aa4-1cdc-4cec-86a7-320bfc5f4d5f@group-7AC354DB2529->02fc17f2-a171-4409-bf59-9a8dc8ee473e-AppendLogResponseHandler: Failed appendEntries: org.apache.ratis.thirdparty.io.grpc.StatusRuntimeException: UNAVAILABLE: io exception
2019-10-11 06:49:35,976 [grpc-default-executor-5] INFO  impl.FollowerInfo (FollowerInfo.java:lambda$new$0(51)) - 7aa06aa4-1cdc-4cec-86a7-320bfc5f4d5f@group-7AC354DB2529->02fc17f2-a171-4409-bf59-9a8dc8ee473e: nextIndex: updateUnconditionally 2 -> 1
2019-10-11 06:49:36,538 [main] WARN  scm.XceiverClientRatis (XceiverClientRatis.java:watchForCommit(277)) - 3 way commit failed on pipeline Pipeline[ Id: 96d46edb-4067-4774-a74d-7ac354db2529, Nodes: 02fc17f2-a171-4409-bf59-9a8dc8ee473e{ip: 192.168.151.69, host: trunk-nightly-20191011-nk5dh-3274663048, networkLocation: /default-rack, certSerialId: null}bcecbe09-0436-4cb8-b8d8-c0e80e92a2da{ip: 192.168.151.69, host: trunk-nightly-20191011-nk5dh-3274663048, networkLocation: /default-rack, certSerialId: null}7aa06aa4-1cdc-4cec-86a7-320bfc5f4d5f{ip: 192.168.151.69, host: trunk-nightly-20191011-nk5dh-3274663048, networkLocation: /default-rack, certSerialId: null}, Type:RATIS, Factor:THREE, State:OPEN]
java.util.concurrent.TimeoutException
	at java.util.concurrent.CompletableFuture.timedGet(CompletableFuture.java:1771)
	at java.util.concurrent.CompletableFuture.get(CompletableFuture.java:1915)
	at org.apache.hadoop.hdds.scm.XceiverClientRatis.watchForCommit(XceiverClientRatis.java:274)
	at org.apache.hadoop.ozone.client.rpc.TestWatchForCommit.test2WayCommitForTimeoutException(TestWatchForCommit.java:391)
	at sun.reflect.NativeMethodAccessorImpl.invoke0(Native Method)
	at sun.reflect.NativeMethodAccessorImpl.invoke(NativeMethodAccessorImpl.java:62)
	at sun.reflect.DelegatingMethodAccessorImpl.invoke(DelegatingMethodAccessorImpl.java:43)
	at java.lang.reflect.Method.invoke(Method.java:498)
	at org.junit.runners.model.FrameworkMethod$1.runReflectiveCall(FrameworkMethod.java:47)
	at org.junit.internal.runners.model.ReflectiveCallable.run(ReflectiveCallable.java:12)
	at org.junit.runners.model.FrameworkMethod.invokeExplosively(FrameworkMethod.java:44)
	at org.junit.internal.runners.statements.InvokeMethod.evaluate(InvokeMethod.java:17)
	at org.junit.runners.ParentRunner.runLeaf(ParentRunner.java:271)
	at org.junit.runners.BlockJUnit4ClassRunner.runChild(BlockJUnit4ClassRunner.java:70)
	at org.junit.runners.BlockJUnit4ClassRunner.runChild(BlockJUnit4ClassRunner.java:50)
	at org.junit.runners.ParentRunner$3.run(ParentRunner.java:238)
	at org.junit.runners.ParentRunner$1.schedule(ParentRunner.java:63)
	at org.junit.runners.ParentRunner.runChildren(ParentRunner.java:236)
	at org.junit.runners.ParentRunner.access$000(ParentRunner.java:53)
	at org.junit.runners.ParentRunner$2.evaluate(ParentRunner.java:229)
	at org.junit.runners.ParentRunner.run(ParentRunner.java:309)
	at org.apache.maven.surefire.junit4.JUnit4Provider.execute(JUnit4Provider.java:365)
	at org.apache.maven.surefire.junit4.JUnit4Provider.executeWithRerun(JUnit4Provider.java:273)
	at org.apache.maven.surefire.junit4.JUnit4Provider.executeTestSet(JUnit4Provider.java:238)
	at org.apache.maven.surefire.junit4.JUnit4Provider.invoke(JUnit4Provider.java:159)
	at org.apache.maven.surefire.booter.ForkedBooter.invokeProviderInSameClassLoader(ForkedBooter.java:384)
	at org.apache.maven.surefire.booter.ForkedBooter.runSuitesInProcess(ForkedBooter.java:345)
	at org.apache.maven.surefire.booter.ForkedBooter.execute(ForkedBooter.java:126)
	at org.apache.maven.surefire.booter.ForkedBooter.main(ForkedBooter.java:418)
2019-10-11 06:49:38,470 [grpc-default-executor-4] WARN  server.GrpcLogAppender (LogUtils.java:warn(134)) - 7aa06aa4-1cdc-4cec-86a7-320bfc5f4d5f@group-7AC354DB2529->02fc17f2-a171-4409-bf59-9a8dc8ee473e-AppendLogResponseHandler: Failed appendEntries: org.apache.ratis.thirdparty.io.grpc.StatusRuntimeException: UNAVAILABLE: io exception
2019-10-11 06:49:38,481 [grpc-default-executor-4] INFO  impl.FollowerInfo (FollowerInfo.java:lambda$new$0(51)) - 7aa06aa4-1cdc-4cec-86a7-320bfc5f4d5f@group-7AC354DB2529->02fc17f2-a171-4409-bf59-9a8dc8ee473e: nextIndex: updateUnconditionally 1 -> 0
]]></system-out>
    <system-err><![CDATA[Oct 11, 2019 6:49:33 AM org.apache.ratis.thirdparty.io.grpc.internal.SerializingExecutor run
SEVERE: Exception while executing runnable org.apache.ratis.thirdparty.io.grpc.internal.ServerImpl$JumpToApplicationThreadServerStreamListener$1Closed@6ba19c11
org.apache.ratis.thirdparty.io.grpc.StatusRuntimeException: CANCELLED: call already cancelled
	at org.apache.ratis.thirdparty.io.grpc.Status.asRuntimeException(Status.java:517)
	at org.apache.ratis.thirdparty.io.grpc.stub.ServerCalls$ServerCallStreamObserverImpl.onCompleted(ServerCalls.java:356)
	at org.apache.ratis.grpc.server.GrpcServerProtocolService$ServerRequestStreamObserver.onError(GrpcServerProtocolService.java:121)
	at org.apache.ratis.thirdparty.io.grpc.stub.ServerCalls$StreamingServerCallHandler$StreamingServerCallListener.onCancel(ServerCalls.java:269)
	at org.apache.ratis.thirdparty.io.grpc.internal.ServerCallImpl$ServerStreamListenerImpl.closed(ServerCallImpl.java:293)
	at org.apache.ratis.thirdparty.io.grpc.internal.ServerImpl$JumpToApplicationThreadServerStreamListener$1Closed.runInContext(ServerImpl.java:741)
	at org.apache.ratis.thirdparty.io.grpc.internal.ContextRunnable.run(ContextRunnable.java:37)
	at org.apache.ratis.thirdparty.io.grpc.internal.SerializingExecutor.run(SerializingExecutor.java:123)
	at java.util.concurrent.ThreadPoolExecutor.runWorker(ThreadPoolExecutor.java:1149)
	at java.util.concurrent.ThreadPoolExecutor$Worker.run(ThreadPoolExecutor.java:624)
	at java.lang.Thread.run(Thread.java:748)

]]></system-err>
  </testcase>
</testsuite>