<?xml version="1.0" encoding="UTF-8"?>
<testsuite xmlns:xsi="http://www.w3.org/2001/XMLSchema-instance" xsi:noNamespaceSchemaLocation="https://maven.apache.org/surefire/maven-surefire-plugin/xsd/surefire-test-report.xsd" name="org.apache.hadoop.fs.ozone.contract.ITestOzoneContractGetFileStatus" time="210.123" tests="18" errors="1" skipped="0" failures="0">
  <properties>
    <property name="awt.toolkit" value="sun.awt.X11.XToolkit"/>
    <property name="file.encoding.pkg" value="sun.io"/>
    <property name="java.specification.version" value="1.8"/>
    <property name="sun.cpu.isalist" value=""/>
    <property name="sun.jnu.encoding" value="UTF-8"/>
    <property name="java.class.path" value="/workdir/hadoop-ozone/ozonefs/target/test-classes:/workdir/hadoop-ozone/ozonefs/target/classes:/home/user/.m2/repository/org/apache/hadoop/hadoop-common/3.2.0/hadoop-common-3.2.0.jar:/home/user/.m2/repository/org/apache/hadoop/hadoop-annotations/3.2.0/hadoop-annotations-3.2.0.jar:/usr/lib/jvm/java-1.8-openjdk/jre/../lib/tools.jar:/home/user/.m2/repository/com/google/guava/guava/11.0.2/guava-11.0.2.jar:/home/user/.m2/repository/commons-cli/commons-cli/1.2/commons-cli-1.2.jar:/home/user/.m2/repository/org/apache/commons/commons-math3/3.1.1/commons-math3-3.1.1.jar:/home/user/.m2/repository/commons-codec/commons-codec/1.11/commons-codec-1.11.jar:/home/user/.m2/repository/commons-io/commons-io/2.5/commons-io-2.5.jar:/home/user/.m2/repository/commons-net/commons-net/3.6/commons-net-3.6.jar:/home/user/.m2/repository/commons-collections/commons-collections/3.2.2/commons-collections-3.2.2.jar:/home/user/.m2/repository/javax/servlet/javax.servlet-api/3.1.0/javax.servlet-api-3.1.0.jar:/home/user/.m2/repository/org/eclipse/jetty/jetty-server/9.3.25.v20180904/jetty-server-9.3.25.v20180904.jar:/home/user/.m2/repository/org/eclipse/jetty/jetty-http/9.3.25.v20180904/jetty-http-9.3.25.v20180904.jar:/home/user/.m2/repository/org/eclipse/jetty/jetty-io/9.3.25.v20180904/jetty-io-9.3.25.v20180904.jar:/home/user/.m2/repository/org/eclipse/jetty/jetty-util/9.3.25.v20180904/jetty-util-9.3.25.v20180904.jar:/home/user/.m2/repository/org/eclipse/jetty/jetty-servlet/9.3.25.v20180904/jetty-servlet-9.3.25.v20180904.jar:/home/user/.m2/repository/org/eclipse/jetty/jetty-security/9.3.25.v20180904/jetty-security-9.3.25.v20180904.jar:/home/user/.m2/repository/org/eclipse/jetty/jetty-webapp/9.3.25.v20180904/jetty-webapp-9.3.25.v20180904.jar:/home/user/.m2/repository/org/eclipse/jetty/jetty-xml/9.3.25.v20180904/jetty-xml-9.3.25.v20180904.jar:/home/user/.m2/repository/javax/servlet/jsp/jsp-api/2.1/jsp-api-2.1.jar:/home/user/.m2/repository/com/sun/jersey/jersey-core/1.19/jersey-core-1.19.jar:/home/user/.m2/repository/javax/ws/rs/jsr311-api/1.1.1/jsr311-api-1.1.1.jar:/home/user/.m2/repository/com/sun/jersey/jersey-servlet/1.19/jersey-servlet-1.19.jar:/home/user/.m2/repository/com/sun/jersey/jersey-json/1.19/jersey-json-1.19.jar:/home/user/.m2/repository/org/codehaus/jettison/jettison/1.1/jettison-1.1.jar:/home/user/.m2/repository/com/sun/xml/bind/jaxb-impl/2.3.0.1/jaxb-impl-2.3.0.1.jar:/home/user/.m2/repository/org/codehaus/jackson/jackson-core-asl/1.9.13/jackson-core-asl-1.9.13.jar:/home/user/.m2/repository/org/codehaus/jackson/jackson-mapper-asl/1.9.13/jackson-mapper-asl-1.9.13.jar:/home/user/.m2/repository/org/codehaus/jackson/jackson-jaxrs/1.9.13/jackson-jaxrs-1.9.13.jar:/home/user/.m2/repository/org/codehaus/jackson/jackson-xc/1.9.13/jackson-xc-1.9.13.jar:/home/user/.m2/repository/com/sun/jersey/jersey-server/1.19/jersey-server-1.19.jar:/home/user/.m2/repository/commons-logging/commons-logging/1.1.3/commons-logging-1.1.3.jar:/home/user/.m2/repository/log4j/log4j/1.2.17/log4j-1.2.17.jar:/home/user/.m2/repository/commons-beanutils/commons-beanutils/1.9.4/commons-beanutils-1.9.4.jar:/home/user/.m2/repository/org/apache/commons/commons-configuration2/2.1.1/commons-configuration2-2.1.1.jar:/home/user/.m2/repository/org/apache/commons/commons-lang3/3.7/commons-lang3-3.7.jar:/home/user/.m2/repository/org/apache/commons/commons-text/1.4/commons-text-1.4.jar:/home/user/.m2/repository/org/slf4j/slf4j-api/1.7.25/slf4j-api-1.7.25.jar:/home/user/.m2/repository/org/slf4j/slf4j-log4j12/1.7.25/slf4j-log4j12-1.7.25.jar:/home/user/.m2/repository/org/apache/avro/avro/1.7.7/avro-1.7.7.jar:/home/user/.m2/repository/com/thoughtworks/paranamer/paranamer/2.3/paranamer-2.3.jar:/home/user/.m2/repository/org/xerial/snappy/snappy-java/1.0.5/snappy-java-1.0.5.jar:/home/user/.m2/repository/com/google/re2j/re2j/1.1/re2j-1.1.jar:/home/user/.m2/repository/com/google/protobuf/protobuf-java/2.5.0/protobuf-java-2.5.0.jar:/home/user/.m2/repository/com/google/code/gson/gson/2.2.4/gson-2.2.4.jar:/home/user/.m2/repository/org/apache/hadoop/hadoop-auth/3.2.0/hadoop-auth-3.2.0.jar:/home/user/.m2/repository/com/nimbusds/nimbus-jose-jwt/4.41.1/nimbus-jose-jwt-4.41.1.jar:/home/user/.m2/repository/com/github/stephenc/jcip/jcip-annotations/1.0-1/jcip-annotations-1.0-1.jar:/home/user/.m2/repository/net/minidev/json-smart/2.3/json-smart-2.3.jar:/home/user/.m2/repository/net/minidev/accessors-smart/1.2/accessors-smart-1.2.jar:/home/user/.m2/repository/org/apache/curator/curator-framework/2.12.0/curator-framework-2.12.0.jar:/home/user/.m2/repository/com/jcraft/jsch/0.1.54/jsch-0.1.54.jar:/home/user/.m2/repository/org/apache/curator/curator-client/2.12.0/curator-client-2.12.0.jar:/home/user/.m2/repository/org/apache/curator/curator-recipes/2.12.0/curator-recipes-2.12.0.jar:/home/user/.m2/repository/com/google/code/findbugs/jsr305/3.0.0/jsr305-3.0.0.jar:/home/user/.m2/repository/org/apache/htrace/htrace-core4/4.1.0-incubating/htrace-core4-4.1.0-incubating.jar:/home/user/.m2/repository/org/apache/zookeeper/zookeeper/3.4.13/zookeeper-3.4.13.jar:/home/user/.m2/repository/jline/jline/0.9.94/jline-0.9.94.jar:/home/user/.m2/repository/org/apache/yetus/audience-annotations/0.5.0/audience-annotations-0.5.0.jar:/home/user/.m2/repository/org/apache/commons/commons-compress/1.4.1/commons-compress-1.4.1.jar:/home/user/.m2/repository/org/tukaani/xz/1.0/xz-1.0.jar:/home/user/.m2/repository/org/apache/kerby/kerb-simplekdc/1.0.1/kerb-simplekdc-1.0.1.jar:/home/user/.m2/repository/org/apache/kerby/kerb-client/1.0.1/kerb-client-1.0.1.jar:/home/user/.m2/repository/org/apache/kerby/kerby-config/1.0.1/kerby-config-1.0.1.jar:/home/user/.m2/repository/org/apache/kerby/kerb-core/1.0.1/kerb-core-1.0.1.jar:/home/user/.m2/repository/org/apache/kerby/kerby-pkix/1.0.1/kerby-pkix-1.0.1.jar:/home/user/.m2/repository/org/apache/kerby/kerby-asn1/1.0.1/kerby-asn1-1.0.1.jar:/home/user/.m2/repository/org/apache/kerby/kerby-util/1.0.1/kerby-util-1.0.1.jar:/home/user/.m2/repository/org/apache/kerby/kerb-common/1.0.1/kerb-common-1.0.1.jar:/home/user/.m2/repository/org/apache/kerby/kerb-crypto/1.0.1/kerb-crypto-1.0.1.jar:/home/user/.m2/repository/org/apache/kerby/kerb-util/1.0.1/kerb-util-1.0.1.jar:/home/user/.m2/repository/org/apache/kerby/token-provider/1.0.1/token-provider-1.0.1.jar:/home/user/.m2/repository/org/apache/kerby/kerb-admin/1.0.1/kerb-admin-1.0.1.jar:/home/user/.m2/repository/org/apache/kerby/kerb-server/1.0.1/kerb-server-1.0.1.jar:/home/user/.m2/repository/org/apache/kerby/kerb-identity/1.0.1/kerb-identity-1.0.1.jar:/home/user/.m2/repository/org/apache/kerby/kerby-xdr/1.0.1/kerby-xdr-1.0.1.jar:/home/user/.m2/repository/com/fasterxml/jackson/core/jackson-databind/2.9.9/jackson-databind-2.9.9.jar:/home/user/.m2/repository/com/fasterxml/jackson/core/jackson-annotations/2.9.9/jackson-annotations-2.9.9.jar:/home/user/.m2/repository/com/fasterxml/jackson/core/jackson-core/2.9.9/jackson-core-2.9.9.jar:/home/user/.m2/repository/org/codehaus/woodstox/stax2-api/3.1.4/stax2-api-3.1.4.jar:/home/user/.m2/repository/com/fasterxml/woodstox/woodstox-core/5.0.3/woodstox-core-5.0.3.jar:/home/user/.m2/repository/dnsjava/dnsjava/2.1.7/dnsjava-2.1.7.jar:/home/user/.m2/repository/org/apache/hadoop/hadoop-hdfs/3.2.0/hadoop-hdfs-3.2.0.jar:/home/user/.m2/repository/org/eclipse/jetty/jetty-util-ajax/9.3.25.v20180904/jetty-util-ajax-9.3.25.v20180904.jar:/home/user/.m2/repository/commons-daemon/commons-daemon/1.0.13/commons-daemon-1.0.13.jar:/home/user/.m2/repository/io/netty/netty/3.10.5.Final/netty-3.10.5.Final.jar:/home/user/.m2/repository/io/netty/netty-all/4.0.52.Final/netty-all-4.0.52.Final.jar:/home/user/.m2/repository/org/fusesource/leveldbjni/leveldbjni-all/1.8/leveldbjni-all-1.8.jar:/home/user/.m2/repository/org/apache/hadoop/hadoop-hdds-common/0.5.0-SNAPSHOT/hadoop-hdds-common-0.5.0-SNAPSHOT.jar:/home/user/.m2/repository/org/apache/hadoop/hadoop-hdds-config/0.5.0-SNAPSHOT/hadoop-hdds-config-0.5.0-SNAPSHOT.jar:/home/user/.m2/repository/javax/annotation/javax.annotation-api/1.2/javax.annotation-api-1.2.jar:/home/user/.m2/repository/org/apache/ratis/ratis-server/0.5.0-201fc85-SNAPSHOT/ratis-server-0.5.0-201fc85-SNAPSHOT.jar:/home/user/.m2/repository/org/apache/ratis/ratis-thirdparty-misc/0.2.0/ratis-thirdparty-misc-0.2.0.jar:/home/user/.m2/repository/org/apache/ratis/ratis-proto/0.5.0-201fc85-SNAPSHOT/ratis-proto-0.5.0-201fc85-SNAPSHOT.jar:/home/user/.m2/repository/org/apache/ratis/ratis-common/0.5.0-201fc85-SNAPSHOT/ratis-common-0.5.0-201fc85-SNAPSHOT.jar:/home/user/.m2/repository/org/apache/ratis/ratis-client/0.5.0-201fc85-SNAPSHOT/ratis-client-0.5.0-201fc85-SNAPSHOT.jar:/home/user/.m2/repository/org/apache/ratis/ratis-metrics/0.5.0-201fc85-SNAPSHOT/ratis-metrics-0.5.0-201fc85-SNAPSHOT.jar:/home/user/.m2/repository/com/github/joshelser/dropwizard-metrics-hadoop-metrics2-reporter/0.1.2/dropwizard-metrics-hadoop-metrics2-reporter-0.1.2.jar:/home/user/.m2/repository/io/dropwizard/metrics/metrics-jvm/3.2.5/metrics-jvm-3.2.5.jar:/home/user/.m2/repository/io/dropwizard/metrics/metrics-ganglia/3.2.5/metrics-ganglia-3.2.5.jar:/home/user/.m2/repository/info/ganglia/gmetric4j/gmetric4j/1.0.7/gmetric4j-1.0.7.jar:/home/user/.m2/repository/org/apache/ratis/ratis-netty/0.5.0-201fc85-SNAPSHOT/ratis-netty-0.5.0-201fc85-SNAPSHOT.jar:/home/user/.m2/repository/org/apache/ratis/ratis-grpc/0.5.0-201fc85-SNAPSHOT/ratis-grpc-0.5.0-201fc85-SNAPSHOT.jar:/home/user/.m2/repository/org/rocksdb/rocksdbjni/6.0.1/rocksdbjni-6.0.1.jar:/home/user/.m2/repository/org/apache/logging/log4j/log4j-api/2.11.0/log4j-api-2.11.0.jar:/home/user/.m2/repository/org/apache/logging/log4j/log4j-core/2.11.0/log4j-core-2.11.0.jar:/home/user/.m2/repository/com/lmax/disruptor/3.4.2/disruptor-3.4.2.jar:/home/user/.m2/repository/org/apache/commons/commons-pool2/2.6.0/commons-pool2-2.6.0.jar:/home/user/.m2/repository/org/bouncycastle/bcpkix-jdk15on/1.60/bcpkix-jdk15on-1.60.jar:/home/user/.m2/repository/commons-validator/commons-validator/1.6/commons-validator-1.6.jar:/home/user/.m2/repository/commons-digester/commons-digester/1.8.1/commons-digester-1.8.1.jar:/home/user/.m2/repository/io/jaegertracing/jaeger-client/0.34.0/jaeger-client-0.34.0.jar:/home/user/.m2/repository/io/jaegertracing/jaeger-thrift/0.34.0/jaeger-thrift-0.34.0.jar:/home/user/.m2/repository/org/apache/thrift/libthrift/0.12.0/libthrift-0.12.0.jar:/home/user/.m2/repository/com/squareup/okhttp3/okhttp/3.9.0/okhttp-3.9.0.jar:/home/user/.m2/repository/com/squareup/okio/okio/1.13.0/okio-1.13.0.jar:/home/user/.m2/repository/io/jaegertracing/jaeger-core/0.34.0/jaeger-core-0.34.0.jar:/home/user/.m2/repository/io/jaegertracing/jaeger-tracerresolver/0.34.0/jaeger-tracerresolver-0.34.0.jar:/home/user/.m2/repository/io/opentracing/contrib/opentracing-tracerresolver/0.1.5/opentracing-tracerresolver-0.1.5.jar:/home/user/.m2/repository/io/opentracing/opentracing-util/0.31.0/opentracing-util-0.31.0.jar:/home/user/.m2/repository/io/opentracing/opentracing-api/0.31.0/opentracing-api-0.31.0.jar:/home/user/.m2/repository/io/opentracing/opentracing-noop/0.31.0/opentracing-noop-0.31.0.jar:/home/user/.m2/repository/org/yaml/snakeyaml/1.16/snakeyaml-1.16.jar:/home/user/.m2/repository/org/apache/hadoop/hadoop-hdfs-client/3.2.0/hadoop-hdfs-client-3.2.0.jar:/home/user/.m2/repository/info/picocli/picocli/3.9.6/picocli-3.9.6.jar:/home/user/.m2/repository/org/apache/hadoop/hadoop-hdds-server-scm/0.5.0-SNAPSHOT/hadoop-hdds-server-scm-0.5.0-SNAPSHOT.jar:/home/user/.m2/repository/org/apache/hadoop/hadoop-hdds-docs/0.5.0-SNAPSHOT/hadoop-hdds-docs-0.5.0-SNAPSHOT.jar:/home/user/.m2/repository/io/dropwizard/metrics/metrics-core/3.2.4/metrics-core-3.2.4.jar:/home/user/.m2/repository/org/hamcrest/hamcrest-all/1.3/hamcrest-all-1.3.jar:/home/user/.m2/repository/org/bouncycastle/bcprov-jdk15on/1.60/bcprov-jdk15on-1.60.jar:/home/user/.m2/repository/org/apache/hadoop/hadoop-hdds-server-framework/0.5.0-SNAPSHOT/hadoop-hdds-server-framework-0.5.0-SNAPSHOT.jar:/home/user/.m2/repository/org/apache/hadoop/hadoop-ozone-ozone-manager/0.5.0-SNAPSHOT/hadoop-ozone-ozone-manager-0.5.0-SNAPSHOT.jar:/home/user/.m2/repository/org/apache/hadoop/hadoop-hdds-container-service/0.5.0-SNAPSHOT/hadoop-hdds-container-service-0.5.0-SNAPSHOT.jar:/home/user/.m2/repository/org/apache/hadoop/hadoop-hdds-client/0.5.0-SNAPSHOT/hadoop-hdds-client-0.5.0-SNAPSHOT.jar:/home/user/.m2/repository/org/apache/hadoop/hadoop-ozone-common/0.5.0-SNAPSHOT/hadoop-ozone-common-0.5.0-SNAPSHOT.jar:/home/user/.m2/repository/org/apache/hadoop/hadoop-hdds-tools/0.5.0-SNAPSHOT/hadoop-hdds-tools-0.5.0-SNAPSHOT.jar:/home/user/.m2/repository/org/xerial/sqlite-jdbc/3.25.2/sqlite-jdbc-3.25.2.jar:/home/user/.m2/repository/org/apache/httpcomponents/httpclient/4.5.2/httpclient-4.5.2.jar:/home/user/.m2/repository/org/apache/httpcomponents/httpcore/4.4.4/httpcore-4.4.4.jar:/home/user/.m2/repository/com/github/spotbugs/spotbugs/3.1.12/spotbugs-3.1.12.jar:/home/user/.m2/repository/org/ow2/asm/asm/5.0.4/asm-5.0.4.jar:/home/user/.m2/repository/org/ow2/asm/asm-analysis/7.0/asm-analysis-7.0.jar:/home/user/.m2/repository/org/ow2/asm/asm-commons/7.0/asm-commons-7.0.jar:/home/user/.m2/repository/org/ow2/asm/asm-tree/7.0/asm-tree-7.0.jar:/home/user/.m2/repository/org/ow2/asm/asm-util/7.0/asm-util-7.0.jar:/home/user/.m2/repository/org/apache/bcel/bcel/6.3/bcel-6.3.jar:/home/user/.m2/repository/net/jcip/jcip-annotations/1.0/jcip-annotations-1.0.jar:/home/user/.m2/repository/org/dom4j/dom4j/2.1.1/dom4j-2.1.1.jar:/home/user/.m2/repository/jaxen/jaxen/1.1.6/jaxen-1.1.6.jar:/home/user/.m2/repository/commons-lang/commons-lang/2.6/commons-lang-2.6.jar:/home/user/.m2/repository/com/github/spotbugs/spotbugs-annotations/3.1.12/spotbugs-annotations-3.1.12.jar:/home/user/.m2/repository/org/apache/hadoop/hadoop-common/3.2.0/hadoop-common-3.2.0-tests.jar:/home/user/.m2/repository/org/apache/hadoop/hadoop-ozone-client/0.5.0-SNAPSHOT/hadoop-ozone-client-0.5.0-SNAPSHOT.jar:/home/user/.m2/repository/org/apache/hadoop/hadoop-hdfs/3.2.0/hadoop-hdfs-3.2.0-tests.jar:/workdir/hadoop-ozone/integration-test/target/test-classes:/home/user/.m2/repository/org/apache/hadoop/hadoop-ozone-s3gateway/0.5.0-SNAPSHOT/hadoop-ozone-s3gateway-0.5.0-SNAPSHOT.jar:/home/user/.m2/repository/org/jboss/weld/servlet/weld-servlet/2.4.7.Final/weld-servlet-2.4.7.Final.jar:/home/user/.m2/repository/org/glassfish/jersey/containers/jersey-container-servlet-core/2.27/jersey-container-servlet-core-2.27.jar:/home/user/.m2/repository/org/glassfish/hk2/external/javax.inject/2.5.0-b42/javax.inject-2.5.0-b42.jar:/home/user/.m2/repository/org/glassfish/jersey/core/jersey-common/2.27/jersey-common-2.27.jar:/home/user/.m2/repository/org/glassfish/hk2/osgi-resource-locator/1.0.1/osgi-resource-locator-1.0.1.jar:/home/user/.m2/repository/javax/ws/rs/javax.ws.rs-api/2.1/javax.ws.rs-api-2.1.jar:/home/user/.m2/repository/org/glassfish/jersey/ext/cdi/jersey-cdi1x/2.27/jersey-cdi1x-2.27.jar:/home/user/.m2/repository/org/glassfish/jersey/inject/jersey-hk2/2.27/jersey-hk2-2.27.jar:/home/user/.m2/repository/org/glassfish/hk2/hk2-locator/2.5.0-b42/hk2-locator-2.5.0-b42.jar:/home/user/.m2/repository/org/javassist/javassist/3.22.0-CR2/javassist-3.22.0-CR2.jar:/home/user/.m2/repository/org/glassfish/hk2/hk2-api/2.5.0/hk2-api-2.5.0.jar:/home/user/.m2/repository/org/glassfish/hk2/external/jakarta.inject/2.5.0/jakarta.inject-2.5.0.jar:/home/user/.m2/repository/org/glassfish/hk2/hk2-utils/2.5.0/hk2-utils-2.5.0.jar:/home/user/.m2/repository/jakarta/annotation/jakarta.annotation-api/1.3.4/jakarta.annotation-api-1.3.4.jar:/home/user/.m2/repository/org/glassfish/hk2/external/aopalliance-repackaged/2.5.0/aopalliance-repackaged-2.5.0.jar:/home/user/.m2/repository/com/fasterxml/jackson/dataformat/jackson-dataformat-xml/2.9.0/jackson-dataformat-xml-2.9.0.jar:/home/user/.m2/repository/com/fasterxml/jackson/module/jackson-module-jaxb-annotations/2.9.9/jackson-module-jaxb-annotations-2.9.9.jar:/home/user/.m2/repository/javax/enterprise/cdi-api/1.2/cdi-api-1.2.jar:/home/user/.m2/repository/javax/el/javax.el-api/3.0.0/javax.el-api-3.0.0.jar:/home/user/.m2/repository/javax/interceptor/javax.interceptor-api/1.2/javax.interceptor-api-1.2.jar:/home/user/.m2/repository/javax/inject/javax.inject/1/javax.inject-1.jar:/home/user/.m2/repository/com/sun/xml/bind/jaxb-core/2.3.0.1/jaxb-core-2.3.0.1.jar:/home/user/.m2/repository/javax/xml/bind/jaxb-api/2.3.0/jaxb-api-2.3.0.jar:/home/user/.m2/repository/javax/activation/activation/1.1.1/activation-1.1.1.jar:/home/user/.m2/repository/org/apache/hadoop/hadoop-ozone-csi/0.5.0-SNAPSHOT/hadoop-ozone-csi-0.5.0-SNAPSHOT.jar:/home/user/.m2/repository/com/google/protobuf/protobuf-java-util/3.5.1/protobuf-java-util-3.5.1.jar:/home/user/.m2/repository/io/grpc/grpc-netty/1.17.1/grpc-netty-1.17.1.jar:/home/user/.m2/repository/io/grpc/grpc-core/1.17.1/grpc-core-1.17.1.jar:/home/user/.m2/repository/io/grpc/grpc-context/1.17.1/grpc-context-1.17.1.jar:/home/user/.m2/repository/com/google/errorprone/error_prone_annotations/2.2.0/error_prone_annotations-2.2.0.jar:/home/user/.m2/repository/org/codehaus/mojo/animal-sniffer-annotations/1.17/animal-sniffer-annotations-1.17.jar:/home/user/.m2/repository/io/opencensus/opencensus-api/0.17.0/opencensus-api-0.17.0.jar:/home/user/.m2/repository/io/opencensus/opencensus-contrib-grpc-metrics/0.17.0/opencensus-contrib-grpc-metrics-0.17.0.jar:/home/user/.m2/repository/io/netty/netty-codec-http2/4.1.30.Final/netty-codec-http2-4.1.30.Final.jar:/home/user/.m2/repository/io/netty/netty-codec-http/4.1.30.Final/netty-codec-http-4.1.30.Final.jar:/home/user/.m2/repository/io/netty/netty-codec/4.1.30.Final/netty-codec-4.1.30.Final.jar:/home/user/.m2/repository/io/netty/netty-handler/4.1.30.Final/netty-handler-4.1.30.Final.jar:/home/user/.m2/repository/io/netty/netty-handler-proxy/4.1.30.Final/netty-handler-proxy-4.1.30.Final.jar:/home/user/.m2/repository/io/netty/netty-codec-socks/4.1.30.Final/netty-codec-socks-4.1.30.Final.jar:/home/user/.m2/repository/io/netty/netty-transport-native-epoll/4.1.30.Final/netty-transport-native-epoll-4.1.30.Final.jar:/home/user/.m2/repository/io/netty/netty-common/4.1.30.Final/netty-common-4.1.30.Final.jar:/home/user/.m2/repository/io/netty/netty-buffer/4.1.30.Final/netty-buffer-4.1.30.Final.jar:/home/user/.m2/repository/io/netty/netty-transport/4.1.30.Final/netty-transport-4.1.30.Final.jar:/home/user/.m2/repository/io/netty/netty-resolver/4.1.30.Final/netty-resolver-4.1.30.Final.jar:/home/user/.m2/repository/io/netty/netty-transport-native-unix-common/4.1.30.Final/netty-transport-native-unix-common-4.1.30.Final.jar:/home/user/.m2/repository/io/grpc/grpc-protobuf/1.17.1/grpc-protobuf-1.17.1.jar:/home/user/.m2/repository/com/google/api/grpc/proto-google-common-protos/1.0.0/proto-google-common-protos-1.0.0.jar:/home/user/.m2/repository/io/grpc/grpc-protobuf-lite/1.17.1/grpc-protobuf-lite-1.17.1.jar:/home/user/.m2/repository/io/grpc/grpc-stub/1.17.1/grpc-stub-1.17.1.jar:/home/user/.m2/repository/org/apache/hadoop/hadoop-ozone-recon/0.5.0-SNAPSHOT/hadoop-ozone-recon-0.5.0-SNAPSHOT.jar:/home/user/.m2/repository/org/apache/hadoop/hadoop-ozone-reconcodegen/0.5.0-SNAPSHOT/hadoop-ozone-reconcodegen-0.5.0-SNAPSHOT.jar:/home/user/.m2/repository/com/google/inject/extensions/guice-multibindings/4.0/guice-multibindings-4.0.jar:/home/user/.m2/repository/com/google/inject/guice/4.0/guice-4.0.jar:/home/user/.m2/repository/aopalliance/aopalliance/1.0/aopalliance-1.0.jar:/home/user/.m2/repository/org/glassfish/jersey/containers/jersey-container-servlet/2.27/jersey-container-servlet-2.27.jar:/home/user/.m2/repository/org/glassfish/hk2/guice-bridge/2.5.0/guice-bridge-2.5.0.jar:/home/user/.m2/repository/org/glassfish/jersey/core/jersey-server/2.27/jersey-server-2.27.jar:/home/user/.m2/repository/org/glassfish/jersey/core/jersey-client/2.27/jersey-client-2.27.jar:/home/user/.m2/repository/org/glassfish/jersey/media/jersey-media-jaxb/2.27/jersey-media-jaxb-2.27.jar:/home/user/.m2/repository/javax/validation/validation-api/1.1.0.Final/validation-api-1.1.0.Final.jar:/home/user/.m2/repository/org/glassfish/jersey/media/jersey-media-json-jackson/2.27/jersey-media-json-jackson-2.27.jar:/home/user/.m2/repository/org/glassfish/jersey/ext/jersey-entity-filtering/2.27/jersey-entity-filtering-2.27.jar:/home/user/.m2/repository/com/google/inject/extensions/guice-assistedinject/4.0/guice-assistedinject-4.0.jar:/home/user/.m2/repository/org/jooq/jooq/3.11.10/jooq-3.11.10.jar:/home/user/.m2/repository/org/jooq/jooq-meta/3.11.10/jooq-meta-3.11.10.jar:/home/user/.m2/repository/org/jooq/jooq-codegen/3.11.10/jooq-codegen-3.11.10.jar:/home/user/.m2/repository/com/jolbox/bonecp/0.8.0.RELEASE/bonecp-0.8.0.RELEASE.jar:/home/user/.m2/repository/org/springframework/spring-jdbc/5.1.3.RELEASE/spring-jdbc-5.1.3.RELEASE.jar:/home/user/.m2/repository/org/springframework/spring-beans/5.1.3.RELEASE/spring-beans-5.1.3.RELEASE.jar:/home/user/.m2/repository/org/springframework/spring-core/5.1.3.RELEASE/spring-core-5.1.3.RELEASE.jar:/home/user/.m2/repository/org/springframework/spring-jcl/5.1.3.RELEASE/spring-jcl-5.1.3.RELEASE.jar:/home/user/.m2/repository/org/springframework/spring-tx/5.1.3.RELEASE/spring-tx-5.1.3.RELEASE.jar:/home/user/.m2/repository/org/mockito/mockito-all/1.10.19/mockito-all-1.10.19.jar:/home/user/.m2/repository/junit/junit/4.11/junit-4.11.jar:/home/user/.m2/repository/org/hamcrest/hamcrest-core/1.3/hamcrest-core-1.3.jar:/home/user/.m2/repository/org/apache/hadoop/hadoop-distcp/3.2.0/hadoop-distcp-3.2.0.jar:/home/user/.m2/repository/org/apache/hadoop/hadoop-distcp/3.2.0/hadoop-distcp-3.2.0-tests.jar:/home/user/.m2/repository/org/apache/hadoop/hadoop-mapreduce-client-jobclient/3.2.0/hadoop-mapreduce-client-jobclient-3.2.0.jar:/home/user/.m2/repository/org/apache/hadoop/hadoop-mapreduce-client-common/3.2.0/hadoop-mapreduce-client-common-3.2.0.jar:/home/user/.m2/repository/org/apache/hadoop/hadoop-yarn-common/3.2.0/hadoop-yarn-common-3.2.0.jar:/home/user/.m2/repository/org/apache/hadoop/hadoop-yarn-api/3.2.0/hadoop-yarn-api-3.2.0.jar:/home/user/.m2/repository/com/sun/jersey/jersey-client/1.19/jersey-client-1.19.jar:/home/user/.m2/repository/com/sun/jersey/contribs/jersey-guice/1.19/jersey-guice-1.19.jar:/home/user/.m2/repository/com/fasterxml/jackson/jaxrs/jackson-jaxrs-json-provider/2.9.9/jackson-jaxrs-json-provider-2.9.9.jar:/home/user/.m2/repository/com/fasterxml/jackson/jaxrs/jackson-jaxrs-base/2.9.9/jackson-jaxrs-base-2.9.9.jar:/home/user/.m2/repository/org/apache/hadoop/hadoop-yarn-client/3.2.0/hadoop-yarn-client-3.2.0.jar:/home/user/.m2/repository/org/apache/hadoop/hadoop-mapreduce-client-core/3.2.0/hadoop-mapreduce-client-core-3.2.0.jar:/home/user/.m2/repository/com/google/inject/extensions/guice-servlet/4.0/guice-servlet-4.0.jar:/home/user/.m2/repository/org/powermock/powermock-module-junit4/1.6.5/powermock-module-junit4-1.6.5.jar:/home/user/.m2/repository/org/powermock/powermock-module-junit4-common/1.6.5/powermock-module-junit4-common-1.6.5.jar:/home/user/.m2/repository/org/powermock/powermock-core/1.6.5/powermock-core-1.6.5.jar:/home/user/.m2/repository/org/powermock/powermock-reflect/1.6.5/powermock-reflect-1.6.5.jar:/home/user/.m2/repository/org/powermock/powermock-api-mockito/1.6.5/powermock-api-mockito-1.6.5.jar:/home/user/.m2/repository/org/mockito/mockito-core/1.10.19/mockito-core-1.10.19.jar:/home/user/.m2/repository/org/objenesis/objenesis/1.0/objenesis-1.0.jar:/home/user/.m2/repository/org/powermock/powermock-api-mockito-common/1.6.5/powermock-api-mockito-common-1.6.5.jar:/home/user/.m2/repository/org/powermock/powermock-api-support/1.6.5/powermock-api-support-1.6.5.jar:"/>
    <property name="java.vm.vendor" value="IcedTea"/>
    <property name="sun.arch.data.model" value="64"/>
    <property name="test.build.dir" value="/workdir/hadoop-ozone/ozonefs/target/test-dir"/>
    <property name="test.cache.data" value=""/>
    <property name="java.vendor.url" value="https://icedtea.classpath.org"/>
    <property name="user.timezone" value=""/>
    <property name="java.vm.specification.version" value="1.8"/>
    <property name="os.name" value="Linux"/>
    <property name="test.build.data" value="/workdir/hadoop-ozone/ozonefs/target/test-dir"/>
    <property name="user.country" value="US"/>
    <property name="sun.java.launcher" value="SUN_STANDARD"/>
    <property name="sun.boot.library.path" value="/usr/lib/jvm/java-1.8-openjdk/jre/lib/amd64"/>
    <property name="sun.java.command" value="/workdir/hadoop-ozone/ozonefs/target/surefire/surefirebooter770971613676982294.jar /workdir/hadoop-ozone/ozonefs/target/surefire 2019-10-02T05-27-05_153-jvmRun1 surefire6817956034898555327tmp surefire_986778920304182825948tmp"/>
    <property name="test" value="!TestMiniChaosOzoneCluster"/>
    <property name="surefire.test.class.path" value="/workdir/hadoop-ozone/ozonefs/target/test-classes:/workdir/hadoop-ozone/ozonefs/target/classes:/home/user/.m2/repository/org/apache/hadoop/hadoop-common/3.2.0/hadoop-common-3.2.0.jar:/home/user/.m2/repository/org/apache/hadoop/hadoop-annotations/3.2.0/hadoop-annotations-3.2.0.jar:/usr/lib/jvm/java-1.8-openjdk/jre/../lib/tools.jar:/home/user/.m2/repository/com/google/guava/guava/11.0.2/guava-11.0.2.jar:/home/user/.m2/repository/commons-cli/commons-cli/1.2/commons-cli-1.2.jar:/home/user/.m2/repository/org/apache/commons/commons-math3/3.1.1/commons-math3-3.1.1.jar:/home/user/.m2/repository/commons-codec/commons-codec/1.11/commons-codec-1.11.jar:/home/user/.m2/repository/commons-io/commons-io/2.5/commons-io-2.5.jar:/home/user/.m2/repository/commons-net/commons-net/3.6/commons-net-3.6.jar:/home/user/.m2/repository/commons-collections/commons-collections/3.2.2/commons-collections-3.2.2.jar:/home/user/.m2/repository/javax/servlet/javax.servlet-api/3.1.0/javax.servlet-api-3.1.0.jar:/home/user/.m2/repository/org/eclipse/jetty/jetty-server/9.3.25.v20180904/jetty-server-9.3.25.v20180904.jar:/home/user/.m2/repository/org/eclipse/jetty/jetty-http/9.3.25.v20180904/jetty-http-9.3.25.v20180904.jar:/home/user/.m2/repository/org/eclipse/jetty/jetty-io/9.3.25.v20180904/jetty-io-9.3.25.v20180904.jar:/home/user/.m2/repository/org/eclipse/jetty/jetty-util/9.3.25.v20180904/jetty-util-9.3.25.v20180904.jar:/home/user/.m2/repository/org/eclipse/jetty/jetty-servlet/9.3.25.v20180904/jetty-servlet-9.3.25.v20180904.jar:/home/user/.m2/repository/org/eclipse/jetty/jetty-security/9.3.25.v20180904/jetty-security-9.3.25.v20180904.jar:/home/user/.m2/repository/org/eclipse/jetty/jetty-webapp/9.3.25.v20180904/jetty-webapp-9.3.25.v20180904.jar:/home/user/.m2/repository/org/eclipse/jetty/jetty-xml/9.3.25.v20180904/jetty-xml-9.3.25.v20180904.jar:/home/user/.m2/repository/javax/servlet/jsp/jsp-api/2.1/jsp-api-2.1.jar:/home/user/.m2/repository/com/sun/jersey/jersey-core/1.19/jersey-core-1.19.jar:/home/user/.m2/repository/javax/ws/rs/jsr311-api/1.1.1/jsr311-api-1.1.1.jar:/home/user/.m2/repository/com/sun/jersey/jersey-servlet/1.19/jersey-servlet-1.19.jar:/home/user/.m2/repository/com/sun/jersey/jersey-json/1.19/jersey-json-1.19.jar:/home/user/.m2/repository/org/codehaus/jettison/jettison/1.1/jettison-1.1.jar:/home/user/.m2/repository/com/sun/xml/bind/jaxb-impl/2.3.0.1/jaxb-impl-2.3.0.1.jar:/home/user/.m2/repository/org/codehaus/jackson/jackson-core-asl/1.9.13/jackson-core-asl-1.9.13.jar:/home/user/.m2/repository/org/codehaus/jackson/jackson-mapper-asl/1.9.13/jackson-mapper-asl-1.9.13.jar:/home/user/.m2/repository/org/codehaus/jackson/jackson-jaxrs/1.9.13/jackson-jaxrs-1.9.13.jar:/home/user/.m2/repository/org/codehaus/jackson/jackson-xc/1.9.13/jackson-xc-1.9.13.jar:/home/user/.m2/repository/com/sun/jersey/jersey-server/1.19/jersey-server-1.19.jar:/home/user/.m2/repository/commons-logging/commons-logging/1.1.3/commons-logging-1.1.3.jar:/home/user/.m2/repository/log4j/log4j/1.2.17/log4j-1.2.17.jar:/home/user/.m2/repository/commons-beanutils/commons-beanutils/1.9.4/commons-beanutils-1.9.4.jar:/home/user/.m2/repository/org/apache/commons/commons-configuration2/2.1.1/commons-configuration2-2.1.1.jar:/home/user/.m2/repository/org/apache/commons/commons-lang3/3.7/commons-lang3-3.7.jar:/home/user/.m2/repository/org/apache/commons/commons-text/1.4/commons-text-1.4.jar:/home/user/.m2/repository/org/slf4j/slf4j-api/1.7.25/slf4j-api-1.7.25.jar:/home/user/.m2/repository/org/slf4j/slf4j-log4j12/1.7.25/slf4j-log4j12-1.7.25.jar:/home/user/.m2/repository/org/apache/avro/avro/1.7.7/avro-1.7.7.jar:/home/user/.m2/repository/com/thoughtworks/paranamer/paranamer/2.3/paranamer-2.3.jar:/home/user/.m2/repository/org/xerial/snappy/snappy-java/1.0.5/snappy-java-1.0.5.jar:/home/user/.m2/repository/com/google/re2j/re2j/1.1/re2j-1.1.jar:/home/user/.m2/repository/com/google/protobuf/protobuf-java/2.5.0/protobuf-java-2.5.0.jar:/home/user/.m2/repository/com/google/code/gson/gson/2.2.4/gson-2.2.4.jar:/home/user/.m2/repository/org/apache/hadoop/hadoop-auth/3.2.0/hadoop-auth-3.2.0.jar:/home/user/.m2/repository/com/nimbusds/nimbus-jose-jwt/4.41.1/nimbus-jose-jwt-4.41.1.jar:/home/user/.m2/repository/com/github/stephenc/jcip/jcip-annotations/1.0-1/jcip-annotations-1.0-1.jar:/home/user/.m2/repository/net/minidev/json-smart/2.3/json-smart-2.3.jar:/home/user/.m2/repository/net/minidev/accessors-smart/1.2/accessors-smart-1.2.jar:/home/user/.m2/repository/org/apache/curator/curator-framework/2.12.0/curator-framework-2.12.0.jar:/home/user/.m2/repository/com/jcraft/jsch/0.1.54/jsch-0.1.54.jar:/home/user/.m2/repository/org/apache/curator/curator-client/2.12.0/curator-client-2.12.0.jar:/home/user/.m2/repository/org/apache/curator/curator-recipes/2.12.0/curator-recipes-2.12.0.jar:/home/user/.m2/repository/com/google/code/findbugs/jsr305/3.0.0/jsr305-3.0.0.jar:/home/user/.m2/repository/org/apache/htrace/htrace-core4/4.1.0-incubating/htrace-core4-4.1.0-incubating.jar:/home/user/.m2/repository/org/apache/zookeeper/zookeeper/3.4.13/zookeeper-3.4.13.jar:/home/user/.m2/repository/jline/jline/0.9.94/jline-0.9.94.jar:/home/user/.m2/repository/org/apache/yetus/audience-annotations/0.5.0/audience-annotations-0.5.0.jar:/home/user/.m2/repository/org/apache/commons/commons-compress/1.4.1/commons-compress-1.4.1.jar:/home/user/.m2/repository/org/tukaani/xz/1.0/xz-1.0.jar:/home/user/.m2/repository/org/apache/kerby/kerb-simplekdc/1.0.1/kerb-simplekdc-1.0.1.jar:/home/user/.m2/repository/org/apache/kerby/kerb-client/1.0.1/kerb-client-1.0.1.jar:/home/user/.m2/repository/org/apache/kerby/kerby-config/1.0.1/kerby-config-1.0.1.jar:/home/user/.m2/repository/org/apache/kerby/kerb-core/1.0.1/kerb-core-1.0.1.jar:/home/user/.m2/repository/org/apache/kerby/kerby-pkix/1.0.1/kerby-pkix-1.0.1.jar:/home/user/.m2/repository/org/apache/kerby/kerby-asn1/1.0.1/kerby-asn1-1.0.1.jar:/home/user/.m2/repository/org/apache/kerby/kerby-util/1.0.1/kerby-util-1.0.1.jar:/home/user/.m2/repository/org/apache/kerby/kerb-common/1.0.1/kerb-common-1.0.1.jar:/home/user/.m2/repository/org/apache/kerby/kerb-crypto/1.0.1/kerb-crypto-1.0.1.jar:/home/user/.m2/repository/org/apache/kerby/kerb-util/1.0.1/kerb-util-1.0.1.jar:/home/user/.m2/repository/org/apache/kerby/token-provider/1.0.1/token-provider-1.0.1.jar:/home/user/.m2/repository/org/apache/kerby/kerb-admin/1.0.1/kerb-admin-1.0.1.jar:/home/user/.m2/repository/org/apache/kerby/kerb-server/1.0.1/kerb-server-1.0.1.jar:/home/user/.m2/repository/org/apache/kerby/kerb-identity/1.0.1/kerb-identity-1.0.1.jar:/home/user/.m2/repository/org/apache/kerby/kerby-xdr/1.0.1/kerby-xdr-1.0.1.jar:/home/user/.m2/repository/com/fasterxml/jackson/core/jackson-databind/2.9.9/jackson-databind-2.9.9.jar:/home/user/.m2/repository/com/fasterxml/jackson/core/jackson-annotations/2.9.9/jackson-annotations-2.9.9.jar:/home/user/.m2/repository/com/fasterxml/jackson/core/jackson-core/2.9.9/jackson-core-2.9.9.jar:/home/user/.m2/repository/org/codehaus/woodstox/stax2-api/3.1.4/stax2-api-3.1.4.jar:/home/user/.m2/repository/com/fasterxml/woodstox/woodstox-core/5.0.3/woodstox-core-5.0.3.jar:/home/user/.m2/repository/dnsjava/dnsjava/2.1.7/dnsjava-2.1.7.jar:/home/user/.m2/repository/org/apache/hadoop/hadoop-hdfs/3.2.0/hadoop-hdfs-3.2.0.jar:/home/user/.m2/repository/org/eclipse/jetty/jetty-util-ajax/9.3.25.v20180904/jetty-util-ajax-9.3.25.v20180904.jar:/home/user/.m2/repository/commons-daemon/commons-daemon/1.0.13/commons-daemon-1.0.13.jar:/home/user/.m2/repository/io/netty/netty/3.10.5.Final/netty-3.10.5.Final.jar:/home/user/.m2/repository/io/netty/netty-all/4.0.52.Final/netty-all-4.0.52.Final.jar:/home/user/.m2/repository/org/fusesource/leveldbjni/leveldbjni-all/1.8/leveldbjni-all-1.8.jar:/home/user/.m2/repository/org/apache/hadoop/hadoop-hdds-common/0.5.0-SNAPSHOT/hadoop-hdds-common-0.5.0-SNAPSHOT.jar:/home/user/.m2/repository/org/apache/hadoop/hadoop-hdds-config/0.5.0-SNAPSHOT/hadoop-hdds-config-0.5.0-SNAPSHOT.jar:/home/user/.m2/repository/javax/annotation/javax.annotation-api/1.2/javax.annotation-api-1.2.jar:/home/user/.m2/repository/org/apache/ratis/ratis-server/0.5.0-201fc85-SNAPSHOT/ratis-server-0.5.0-201fc85-SNAPSHOT.jar:/home/user/.m2/repository/org/apache/ratis/ratis-thirdparty-misc/0.2.0/ratis-thirdparty-misc-0.2.0.jar:/home/user/.m2/repository/org/apache/ratis/ratis-proto/0.5.0-201fc85-SNAPSHOT/ratis-proto-0.5.0-201fc85-SNAPSHOT.jar:/home/user/.m2/repository/org/apache/ratis/ratis-common/0.5.0-201fc85-SNAPSHOT/ratis-common-0.5.0-201fc85-SNAPSHOT.jar:/home/user/.m2/repository/org/apache/ratis/ratis-client/0.5.0-201fc85-SNAPSHOT/ratis-client-0.5.0-201fc85-SNAPSHOT.jar:/home/user/.m2/repository/org/apache/ratis/ratis-metrics/0.5.0-201fc85-SNAPSHOT/ratis-metrics-0.5.0-201fc85-SNAPSHOT.jar:/home/user/.m2/repository/com/github/joshelser/dropwizard-metrics-hadoop-metrics2-reporter/0.1.2/dropwizard-metrics-hadoop-metrics2-reporter-0.1.2.jar:/home/user/.m2/repository/io/dropwizard/metrics/metrics-jvm/3.2.5/metrics-jvm-3.2.5.jar:/home/user/.m2/repository/io/dropwizard/metrics/metrics-ganglia/3.2.5/metrics-ganglia-3.2.5.jar:/home/user/.m2/repository/info/ganglia/gmetric4j/gmetric4j/1.0.7/gmetric4j-1.0.7.jar:/home/user/.m2/repository/org/apache/ratis/ratis-netty/0.5.0-201fc85-SNAPSHOT/ratis-netty-0.5.0-201fc85-SNAPSHOT.jar:/home/user/.m2/repository/org/apache/ratis/ratis-grpc/0.5.0-201fc85-SNAPSHOT/ratis-grpc-0.5.0-201fc85-SNAPSHOT.jar:/home/user/.m2/repository/org/rocksdb/rocksdbjni/6.0.1/rocksdbjni-6.0.1.jar:/home/user/.m2/repository/org/apache/logging/log4j/log4j-api/2.11.0/log4j-api-2.11.0.jar:/home/user/.m2/repository/org/apache/logging/log4j/log4j-core/2.11.0/log4j-core-2.11.0.jar:/home/user/.m2/repository/com/lmax/disruptor/3.4.2/disruptor-3.4.2.jar:/home/user/.m2/repository/org/apache/commons/commons-pool2/2.6.0/commons-pool2-2.6.0.jar:/home/user/.m2/repository/org/bouncycastle/bcpkix-jdk15on/1.60/bcpkix-jdk15on-1.60.jar:/home/user/.m2/repository/commons-validator/commons-validator/1.6/commons-validator-1.6.jar:/home/user/.m2/repository/commons-digester/commons-digester/1.8.1/commons-digester-1.8.1.jar:/home/user/.m2/repository/io/jaegertracing/jaeger-client/0.34.0/jaeger-client-0.34.0.jar:/home/user/.m2/repository/io/jaegertracing/jaeger-thrift/0.34.0/jaeger-thrift-0.34.0.jar:/home/user/.m2/repository/org/apache/thrift/libthrift/0.12.0/libthrift-0.12.0.jar:/home/user/.m2/repository/com/squareup/okhttp3/okhttp/3.9.0/okhttp-3.9.0.jar:/home/user/.m2/repository/com/squareup/okio/okio/1.13.0/okio-1.13.0.jar:/home/user/.m2/repository/io/jaegertracing/jaeger-core/0.34.0/jaeger-core-0.34.0.jar:/home/user/.m2/repository/io/jaegertracing/jaeger-tracerresolver/0.34.0/jaeger-tracerresolver-0.34.0.jar:/home/user/.m2/repository/io/opentracing/contrib/opentracing-tracerresolver/0.1.5/opentracing-tracerresolver-0.1.5.jar:/home/user/.m2/repository/io/opentracing/opentracing-util/0.31.0/opentracing-util-0.31.0.jar:/home/user/.m2/repository/io/opentracing/opentracing-api/0.31.0/opentracing-api-0.31.0.jar:/home/user/.m2/repository/io/opentracing/opentracing-noop/0.31.0/opentracing-noop-0.31.0.jar:/home/user/.m2/repository/org/yaml/snakeyaml/1.16/snakeyaml-1.16.jar:/home/user/.m2/repository/org/apache/hadoop/hadoop-hdfs-client/3.2.0/hadoop-hdfs-client-3.2.0.jar:/home/user/.m2/repository/info/picocli/picocli/3.9.6/picocli-3.9.6.jar:/home/user/.m2/repository/org/apache/hadoop/hadoop-hdds-server-scm/0.5.0-SNAPSHOT/hadoop-hdds-server-scm-0.5.0-SNAPSHOT.jar:/home/user/.m2/repository/org/apache/hadoop/hadoop-hdds-docs/0.5.0-SNAPSHOT/hadoop-hdds-docs-0.5.0-SNAPSHOT.jar:/home/user/.m2/repository/io/dropwizard/metrics/metrics-core/3.2.4/metrics-core-3.2.4.jar:/home/user/.m2/repository/org/hamcrest/hamcrest-all/1.3/hamcrest-all-1.3.jar:/home/user/.m2/repository/org/bouncycastle/bcprov-jdk15on/1.60/bcprov-jdk15on-1.60.jar:/home/user/.m2/repository/org/apache/hadoop/hadoop-hdds-server-framework/0.5.0-SNAPSHOT/hadoop-hdds-server-framework-0.5.0-SNAPSHOT.jar:/home/user/.m2/repository/org/apache/hadoop/hadoop-ozone-ozone-manager/0.5.0-SNAPSHOT/hadoop-ozone-ozone-manager-0.5.0-SNAPSHOT.jar:/home/user/.m2/repository/org/apache/hadoop/hadoop-hdds-container-service/0.5.0-SNAPSHOT/hadoop-hdds-container-service-0.5.0-SNAPSHOT.jar:/home/user/.m2/repository/org/apache/hadoop/hadoop-hdds-client/0.5.0-SNAPSHOT/hadoop-hdds-client-0.5.0-SNAPSHOT.jar:/home/user/.m2/repository/org/apache/hadoop/hadoop-ozone-common/0.5.0-SNAPSHOT/hadoop-ozone-common-0.5.0-SNAPSHOT.jar:/home/user/.m2/repository/org/apache/hadoop/hadoop-hdds-tools/0.5.0-SNAPSHOT/hadoop-hdds-tools-0.5.0-SNAPSHOT.jar:/home/user/.m2/repository/org/xerial/sqlite-jdbc/3.25.2/sqlite-jdbc-3.25.2.jar:/home/user/.m2/repository/org/apache/httpcomponents/httpclient/4.5.2/httpclient-4.5.2.jar:/home/user/.m2/repository/org/apache/httpcomponents/httpcore/4.4.4/httpcore-4.4.4.jar:/home/user/.m2/repository/com/github/spotbugs/spotbugs/3.1.12/spotbugs-3.1.12.jar:/home/user/.m2/repository/org/ow2/asm/asm/5.0.4/asm-5.0.4.jar:/home/user/.m2/repository/org/ow2/asm/asm-analysis/7.0/asm-analysis-7.0.jar:/home/user/.m2/repository/org/ow2/asm/asm-commons/7.0/asm-commons-7.0.jar:/home/user/.m2/repository/org/ow2/asm/asm-tree/7.0/asm-tree-7.0.jar:/home/user/.m2/repository/org/ow2/asm/asm-util/7.0/asm-util-7.0.jar:/home/user/.m2/repository/org/apache/bcel/bcel/6.3/bcel-6.3.jar:/home/user/.m2/repository/net/jcip/jcip-annotations/1.0/jcip-annotations-1.0.jar:/home/user/.m2/repository/org/dom4j/dom4j/2.1.1/dom4j-2.1.1.jar:/home/user/.m2/repository/jaxen/jaxen/1.1.6/jaxen-1.1.6.jar:/home/user/.m2/repository/commons-lang/commons-lang/2.6/commons-lang-2.6.jar:/home/user/.m2/repository/com/github/spotbugs/spotbugs-annotations/3.1.12/spotbugs-annotations-3.1.12.jar:/home/user/.m2/repository/org/apache/hadoop/hadoop-common/3.2.0/hadoop-common-3.2.0-tests.jar:/home/user/.m2/repository/org/apache/hadoop/hadoop-ozone-client/0.5.0-SNAPSHOT/hadoop-ozone-client-0.5.0-SNAPSHOT.jar:/home/user/.m2/repository/org/apache/hadoop/hadoop-hdfs/3.2.0/hadoop-hdfs-3.2.0-tests.jar:/workdir/hadoop-ozone/integration-test/target/test-classes:/home/user/.m2/repository/org/apache/hadoop/hadoop-ozone-s3gateway/0.5.0-SNAPSHOT/hadoop-ozone-s3gateway-0.5.0-SNAPSHOT.jar:/home/user/.m2/repository/org/jboss/weld/servlet/weld-servlet/2.4.7.Final/weld-servlet-2.4.7.Final.jar:/home/user/.m2/repository/org/glassfish/jersey/containers/jersey-container-servlet-core/2.27/jersey-container-servlet-core-2.27.jar:/home/user/.m2/repository/org/glassfish/hk2/external/javax.inject/2.5.0-b42/javax.inject-2.5.0-b42.jar:/home/user/.m2/repository/org/glassfish/jersey/core/jersey-common/2.27/jersey-common-2.27.jar:/home/user/.m2/repository/org/glassfish/hk2/osgi-resource-locator/1.0.1/osgi-resource-locator-1.0.1.jar:/home/user/.m2/repository/javax/ws/rs/javax.ws.rs-api/2.1/javax.ws.rs-api-2.1.jar:/home/user/.m2/repository/org/glassfish/jersey/ext/cdi/jersey-cdi1x/2.27/jersey-cdi1x-2.27.jar:/home/user/.m2/repository/org/glassfish/jersey/inject/jersey-hk2/2.27/jersey-hk2-2.27.jar:/home/user/.m2/repository/org/glassfish/hk2/hk2-locator/2.5.0-b42/hk2-locator-2.5.0-b42.jar:/home/user/.m2/repository/org/javassist/javassist/3.22.0-CR2/javassist-3.22.0-CR2.jar:/home/user/.m2/repository/org/glassfish/hk2/hk2-api/2.5.0/hk2-api-2.5.0.jar:/home/user/.m2/repository/org/glassfish/hk2/external/jakarta.inject/2.5.0/jakarta.inject-2.5.0.jar:/home/user/.m2/repository/org/glassfish/hk2/hk2-utils/2.5.0/hk2-utils-2.5.0.jar:/home/user/.m2/repository/jakarta/annotation/jakarta.annotation-api/1.3.4/jakarta.annotation-api-1.3.4.jar:/home/user/.m2/repository/org/glassfish/hk2/external/aopalliance-repackaged/2.5.0/aopalliance-repackaged-2.5.0.jar:/home/user/.m2/repository/com/fasterxml/jackson/dataformat/jackson-dataformat-xml/2.9.0/jackson-dataformat-xml-2.9.0.jar:/home/user/.m2/repository/com/fasterxml/jackson/module/jackson-module-jaxb-annotations/2.9.9/jackson-module-jaxb-annotations-2.9.9.jar:/home/user/.m2/repository/javax/enterprise/cdi-api/1.2/cdi-api-1.2.jar:/home/user/.m2/repository/javax/el/javax.el-api/3.0.0/javax.el-api-3.0.0.jar:/home/user/.m2/repository/javax/interceptor/javax.interceptor-api/1.2/javax.interceptor-api-1.2.jar:/home/user/.m2/repository/javax/inject/javax.inject/1/javax.inject-1.jar:/home/user/.m2/repository/com/sun/xml/bind/jaxb-core/2.3.0.1/jaxb-core-2.3.0.1.jar:/home/user/.m2/repository/javax/xml/bind/jaxb-api/2.3.0/jaxb-api-2.3.0.jar:/home/user/.m2/repository/javax/activation/activation/1.1.1/activation-1.1.1.jar:/home/user/.m2/repository/org/apache/hadoop/hadoop-ozone-csi/0.5.0-SNAPSHOT/hadoop-ozone-csi-0.5.0-SNAPSHOT.jar:/home/user/.m2/repository/com/google/protobuf/protobuf-java-util/3.5.1/protobuf-java-util-3.5.1.jar:/home/user/.m2/repository/io/grpc/grpc-netty/1.17.1/grpc-netty-1.17.1.jar:/home/user/.m2/repository/io/grpc/grpc-core/1.17.1/grpc-core-1.17.1.jar:/home/user/.m2/repository/io/grpc/grpc-context/1.17.1/grpc-context-1.17.1.jar:/home/user/.m2/repository/com/google/errorprone/error_prone_annotations/2.2.0/error_prone_annotations-2.2.0.jar:/home/user/.m2/repository/org/codehaus/mojo/animal-sniffer-annotations/1.17/animal-sniffer-annotations-1.17.jar:/home/user/.m2/repository/io/opencensus/opencensus-api/0.17.0/opencensus-api-0.17.0.jar:/home/user/.m2/repository/io/opencensus/opencensus-contrib-grpc-metrics/0.17.0/opencensus-contrib-grpc-metrics-0.17.0.jar:/home/user/.m2/repository/io/netty/netty-codec-http2/4.1.30.Final/netty-codec-http2-4.1.30.Final.jar:/home/user/.m2/repository/io/netty/netty-codec-http/4.1.30.Final/netty-codec-http-4.1.30.Final.jar:/home/user/.m2/repository/io/netty/netty-codec/4.1.30.Final/netty-codec-4.1.30.Final.jar:/home/user/.m2/repository/io/netty/netty-handler/4.1.30.Final/netty-handler-4.1.30.Final.jar:/home/user/.m2/repository/io/netty/netty-handler-proxy/4.1.30.Final/netty-handler-proxy-4.1.30.Final.jar:/home/user/.m2/repository/io/netty/netty-codec-socks/4.1.30.Final/netty-codec-socks-4.1.30.Final.jar:/home/user/.m2/repository/io/netty/netty-transport-native-epoll/4.1.30.Final/netty-transport-native-epoll-4.1.30.Final.jar:/home/user/.m2/repository/io/netty/netty-common/4.1.30.Final/netty-common-4.1.30.Final.jar:/home/user/.m2/repository/io/netty/netty-buffer/4.1.30.Final/netty-buffer-4.1.30.Final.jar:/home/user/.m2/repository/io/netty/netty-transport/4.1.30.Final/netty-transport-4.1.30.Final.jar:/home/user/.m2/repository/io/netty/netty-resolver/4.1.30.Final/netty-resolver-4.1.30.Final.jar:/home/user/.m2/repository/io/netty/netty-transport-native-unix-common/4.1.30.Final/netty-transport-native-unix-common-4.1.30.Final.jar:/home/user/.m2/repository/io/grpc/grpc-protobuf/1.17.1/grpc-protobuf-1.17.1.jar:/home/user/.m2/repository/com/google/api/grpc/proto-google-common-protos/1.0.0/proto-google-common-protos-1.0.0.jar:/home/user/.m2/repository/io/grpc/grpc-protobuf-lite/1.17.1/grpc-protobuf-lite-1.17.1.jar:/home/user/.m2/repository/io/grpc/grpc-stub/1.17.1/grpc-stub-1.17.1.jar:/home/user/.m2/repository/org/apache/hadoop/hadoop-ozone-recon/0.5.0-SNAPSHOT/hadoop-ozone-recon-0.5.0-SNAPSHOT.jar:/home/user/.m2/repository/org/apache/hadoop/hadoop-ozone-reconcodegen/0.5.0-SNAPSHOT/hadoop-ozone-reconcodegen-0.5.0-SNAPSHOT.jar:/home/user/.m2/repository/com/google/inject/extensions/guice-multibindings/4.0/guice-multibindings-4.0.jar:/home/user/.m2/repository/com/google/inject/guice/4.0/guice-4.0.jar:/home/user/.m2/repository/aopalliance/aopalliance/1.0/aopalliance-1.0.jar:/home/user/.m2/repository/org/glassfish/jersey/containers/jersey-container-servlet/2.27/jersey-container-servlet-2.27.jar:/home/user/.m2/repository/org/glassfish/hk2/guice-bridge/2.5.0/guice-bridge-2.5.0.jar:/home/user/.m2/repository/org/glassfish/jersey/core/jersey-server/2.27/jersey-server-2.27.jar:/home/user/.m2/repository/org/glassfish/jersey/core/jersey-client/2.27/jersey-client-2.27.jar:/home/user/.m2/repository/org/glassfish/jersey/media/jersey-media-jaxb/2.27/jersey-media-jaxb-2.27.jar:/home/user/.m2/repository/javax/validation/validation-api/1.1.0.Final/validation-api-1.1.0.Final.jar:/home/user/.m2/repository/org/glassfish/jersey/media/jersey-media-json-jackson/2.27/jersey-media-json-jackson-2.27.jar:/home/user/.m2/repository/org/glassfish/jersey/ext/jersey-entity-filtering/2.27/jersey-entity-filtering-2.27.jar:/home/user/.m2/repository/com/google/inject/extensions/guice-assistedinject/4.0/guice-assistedinject-4.0.jar:/home/user/.m2/repository/org/jooq/jooq/3.11.10/jooq-3.11.10.jar:/home/user/.m2/repository/org/jooq/jooq-meta/3.11.10/jooq-meta-3.11.10.jar:/home/user/.m2/repository/org/jooq/jooq-codegen/3.11.10/jooq-codegen-3.11.10.jar:/home/user/.m2/repository/com/jolbox/bonecp/0.8.0.RELEASE/bonecp-0.8.0.RELEASE.jar:/home/user/.m2/repository/org/springframework/spring-jdbc/5.1.3.RELEASE/spring-jdbc-5.1.3.RELEASE.jar:/home/user/.m2/repository/org/springframework/spring-beans/5.1.3.RELEASE/spring-beans-5.1.3.RELEASE.jar:/home/user/.m2/repository/org/springframework/spring-core/5.1.3.RELEASE/spring-core-5.1.3.RELEASE.jar:/home/user/.m2/repository/org/springframework/spring-jcl/5.1.3.RELEASE/spring-jcl-5.1.3.RELEASE.jar:/home/user/.m2/repository/org/springframework/spring-tx/5.1.3.RELEASE/spring-tx-5.1.3.RELEASE.jar:/home/user/.m2/repository/org/mockito/mockito-all/1.10.19/mockito-all-1.10.19.jar:/home/user/.m2/repository/junit/junit/4.11/junit-4.11.jar:/home/user/.m2/repository/org/hamcrest/hamcrest-core/1.3/hamcrest-core-1.3.jar:/home/user/.m2/repository/org/apache/hadoop/hadoop-distcp/3.2.0/hadoop-distcp-3.2.0.jar:/home/user/.m2/repository/org/apache/hadoop/hadoop-distcp/3.2.0/hadoop-distcp-3.2.0-tests.jar:/home/user/.m2/repository/org/apache/hadoop/hadoop-mapreduce-client-jobclient/3.2.0/hadoop-mapreduce-client-jobclient-3.2.0.jar:/home/user/.m2/repository/org/apache/hadoop/hadoop-mapreduce-client-common/3.2.0/hadoop-mapreduce-client-common-3.2.0.jar:/home/user/.m2/repository/org/apache/hadoop/hadoop-yarn-common/3.2.0/hadoop-yarn-common-3.2.0.jar:/home/user/.m2/repository/org/apache/hadoop/hadoop-yarn-api/3.2.0/hadoop-yarn-api-3.2.0.jar:/home/user/.m2/repository/com/sun/jersey/jersey-client/1.19/jersey-client-1.19.jar:/home/user/.m2/repository/com/sun/jersey/contribs/jersey-guice/1.19/jersey-guice-1.19.jar:/home/user/.m2/repository/com/fasterxml/jackson/jaxrs/jackson-jaxrs-json-provider/2.9.9/jackson-jaxrs-json-provider-2.9.9.jar:/home/user/.m2/repository/com/fasterxml/jackson/jaxrs/jackson-jaxrs-base/2.9.9/jackson-jaxrs-base-2.9.9.jar:/home/user/.m2/repository/org/apache/hadoop/hadoop-yarn-client/3.2.0/hadoop-yarn-client-3.2.0.jar:/home/user/.m2/repository/org/apache/hadoop/hadoop-mapreduce-client-core/3.2.0/hadoop-mapreduce-client-core-3.2.0.jar:/home/user/.m2/repository/com/google/inject/extensions/guice-servlet/4.0/guice-servlet-4.0.jar:/home/user/.m2/repository/org/powermock/powermock-module-junit4/1.6.5/powermock-module-junit4-1.6.5.jar:/home/user/.m2/repository/org/powermock/powermock-module-junit4-common/1.6.5/powermock-module-junit4-common-1.6.5.jar:/home/user/.m2/repository/org/powermock/powermock-core/1.6.5/powermock-core-1.6.5.jar:/home/user/.m2/repository/org/powermock/powermock-reflect/1.6.5/powermock-reflect-1.6.5.jar:/home/user/.m2/repository/org/powermock/powermock-api-mockito/1.6.5/powermock-api-mockito-1.6.5.jar:/home/user/.m2/repository/org/mockito/mockito-core/1.10.19/mockito-core-1.10.19.jar:/home/user/.m2/repository/org/objenesis/objenesis/1.0/objenesis-1.0.jar:/home/user/.m2/repository/org/powermock/powermock-api-mockito-common/1.6.5/powermock-api-mockito-common-1.6.5.jar:/home/user/.m2/repository/org/powermock/powermock-api-support/1.6.5/powermock-api-support-1.6.5.jar:"/>
    <property name="sun.cpu.endian" value="little"/>
    <property name="user.home" value="/home/user"/>
    <property name="user.language" value="en"/>
    <property name="java.specification.vendor" value="Oracle Corporation"/>
    <property name="java.home" value="/usr/lib/jvm/java-1.8-openjdk/jre"/>
    <property name="java.security.krb5.conf" value="/workdir/hadoop-ozone/ozonefs/target/test-classes/krb5.conf"/>
    <property name="basedir" value="/workdir/hadoop-ozone/ozonefs"/>
    <property name="file.separator" value="/"/>
    <property name="line.separator" value="&#10;"/>
    <property name="java.vm.specification.vendor" value="Oracle Corporation"/>
    <property name="java.specification.name" value="Java Platform API Specification"/>
    <property name="java.awt.graphicsenv" value="sun.awt.X11GraphicsEnvironment"/>
    <property name="surefire.real.class.path" value="/workdir/hadoop-ozone/ozonefs/target/surefire/surefirebooter770971613676982294.jar"/>
    <property name="hadoop.log.dir" value="/workdir/hadoop-ozone/ozonefs/target/log"/>
    <property name="sun.boot.class.path" value="/usr/lib/jvm/java-1.8-openjdk/jre/lib/resources.jar:/usr/lib/jvm/java-1.8-openjdk/jre/lib/rt.jar:/usr/lib/jvm/java-1.8-openjdk/jre/lib/sunrsasign.jar:/usr/lib/jvm/java-1.8-openjdk/jre/lib/jsse.jar:/usr/lib/jvm/java-1.8-openjdk/jre/lib/jce.jar:/usr/lib/jvm/java-1.8-openjdk/jre/lib/charsets.jar:/usr/lib/jvm/java-1.8-openjdk/jre/lib/jfr.jar:/usr/lib/jvm/java-1.8-openjdk/jre/classes"/>
    <property name="sun.management.compiler" value="HotSpot 64-Bit Tiered Compilers"/>
    <property name="java.runtime.version" value="1.8.0_212-b04"/>
    <property name="java.net.preferIPv4Stack" value="true"/>
    <property name="user.name" value="jenkins1000"/>
    <property name="path.separator" value=":"/>
    <property name="java.security.egd" value="file:///dev/urandom"/>
    <property name="os.version" value="3.10.0-957.12.2.el7.x86_64"/>
    <property name="java.endorsed.dirs" value="/usr/lib/jvm/java-1.8-openjdk/jre/lib/endorsed"/>
    <property name="java.runtime.name" value="OpenJDK Runtime Environment"/>
    <property name="file.encoding" value="UTF-8"/>
    <property name="java.vm.name" value="OpenJDK 64-Bit Server VM"/>
    <property name="test.build.webapps" value=""/>
    <property name="localRepository" value="/home/user/.m2/repository"/>
    <property name="java.vendor.url.bug" value="https://icedtea.classpath.org/bugzilla"/>
    <property name="java.io.tmpdir" value="/tmp"/>
    <property name="require.test.libhadoop" value=""/>
    <property name="java.version" value="1.8.0_212"/>
    <property name="user.dir" value="/workdir/hadoop-ozone/ozonefs"/>
    <property name="os.arch" value="amd64"/>
    <property name="java.vm.specification.name" value="Java Virtual Machine Specification"/>
    <property name="test.build.classes" value="/workdir/hadoop-ozone/ozonefs/target/test-classes"/>
    <property name="java.awt.printerjob" value="sun.print.PSPrinterJob"/>
    <property name="sun.os.patch.level" value="unknown"/>
    <property name="hadoop.tmp.dir" value="/workdir/hadoop-ozone/ozonefs/target/tmp"/>
    <property name="java.library.path" value="/usr/lib/jvm/java-1.8-openjdk/jre/lib/amd64/server:/usr/lib/jvm/java-1.8-openjdk/jre/lib/amd64:/usr/lib/jvm/java-1.8-openjdk/jre/../lib/amd64:/workdir/hadoop-ozone/ozonefs/target/native/target/usr/local/lib:/workdir/hadoop-ozone/ozonefs/../../hadoop-common-project/hadoop-common/target/native/target/usr/local/lib:/usr/java/packages/lib/amd64:/usr/lib64:/lib64:/lib:/usr/lib"/>
    <property name="java.vm.info" value="mixed mode"/>
    <property name="java.vendor" value="IcedTea"/>
    <property name="java.vm.version" value="25.212-b04"/>
    <property name="java.ext.dirs" value="/usr/lib/jvm/java-1.8-openjdk/jre/lib/ext:/usr/java/packages/lib/ext"/>
    <property name="sun.io.unicode.encoding" value="UnicodeLittle"/>
    <property name="java.class.version" value="52.0"/>
  </properties>
  <testcase name="testListFilesEmptyDirectoryNonrecursive" classname="org.apache.hadoop.fs.ozone.contract.ITestOzoneContractGetFileStatus" time="1.603"/>
  <testcase name="testListStatusEmptyDirectory" classname="org.apache.hadoop.fs.ozone.contract.ITestOzoneContractGetFileStatus" time="0.24"/>
  <testcase name="testListLocatedStatusFiltering" classname="org.apache.hadoop.fs.ozone.contract.ITestOzoneContractGetFileStatus" time="0.296"/>
  <testcase name="testListStatusFilteredFile" classname="org.apache.hadoop.fs.ozone.contract.ITestOzoneContractGetFileStatus" time="0.132"/>
  <testcase name="testListFilesEmptyDirectoryRecursive" classname="org.apache.hadoop.fs.ozone.contract.ITestOzoneContractGetFileStatus" time="0.135"/>
  <testcase name="testListLocatedStatusFile" classname="org.apache.hadoop.fs.ozone.contract.ITestOzoneContractGetFileStatus" time="0.11"/>
  <testcase name="testGetFileStatusRoot" classname="org.apache.hadoop.fs.ozone.contract.ITestOzoneContractGetFileStatus" time="0.091"/>
  <testcase name="testListStatusFiltering" classname="org.apache.hadoop.fs.ozone.contract.ITestOzoneContractGetFileStatus" time="0.134"/>
  <testcase name="testListFilesNoDir" classname="org.apache.hadoop.fs.ozone.contract.ITestOzoneContractGetFileStatus" time="0.123"/>
  <testcase name="testListLocatedStatusEmptyDirectory" classname="org.apache.hadoop.fs.ozone.contract.ITestOzoneContractGetFileStatus" time="0.118"/>
  <testcase name="testListFilesFile" classname="org.apache.hadoop.fs.ozone.contract.ITestOzoneContractGetFileStatus" time="0.121"/>
  <testcase name="testComplexDirActions" classname="org.apache.hadoop.fs.ozone.contract.ITestOzoneContractGetFileStatus" time="180.033">
    <error message="test timed out after 180000 milliseconds" type="java.lang.Exception">java.lang.Exception: test timed out after 180000 milliseconds
	at sun.misc.Unsafe.park(Native Method)
	at java.util.concurrent.locks.LockSupport.park(LockSupport.java:175)
	at java.util.concurrent.CompletableFuture$Signaller.block(CompletableFuture.java:1693)
	at java.util.concurrent.ForkJoinPool.managedBlock(ForkJoinPool.java:3323)
	at java.util.concurrent.CompletableFuture.waitingGet(CompletableFuture.java:1729)
	at java.util.concurrent.CompletableFuture.get(CompletableFuture.java:1895)
	at org.apache.hadoop.hdds.scm.storage.BlockOutputStream.waitOnFlushFutures(BlockOutputStream.java:515)
	at org.apache.hadoop.hdds.scm.storage.BlockOutputStream.handleFlush(BlockOutputStream.java:478)
	at org.apache.hadoop.hdds.scm.storage.BlockOutputStream.close(BlockOutputStream.java:493)
	at org.apache.hadoop.ozone.client.io.BlockOutputStreamEntry.close(BlockOutputStreamEntry.java:143)
	at org.apache.hadoop.ozone.client.io.KeyOutputStream.handleFlushOrClose(KeyOutputStream.java:435)
	at org.apache.hadoop.ozone.client.io.KeyOutputStream.close(KeyOutputStream.java:473)
	at org.apache.hadoop.fs.ozone.OzoneFSOutputStream.close(OzoneFSOutputStream.java:56)
	at org.apache.hadoop.fs.FSDataOutputStream$PositionCache.close(FSDataOutputStream.java:72)
	at org.apache.hadoop.fs.FSDataOutputStream.close(FSDataOutputStream.java:101)
	at org.apache.hadoop.fs.contract.ContractTestUtils.createFile(ContractTestUtils.java:638)
	at org.apache.hadoop.fs.contract.ContractTestUtils.createSubdirs(ContractTestUtils.java:1288)
	at org.apache.hadoop.fs.contract.ContractTestUtils.createSubdirs(ContractTestUtils.java:1254)
	at org.apache.hadoop.fs.contract.AbstractContractGetFileStatusTest.createTestTree(AbstractContractGetFileStatusTest.java:409)
	at org.apache.hadoop.fs.contract.AbstractContractGetFileStatusTest.testComplexDirActions(AbstractContractGetFileStatusTest.java:143)
	at sun.reflect.NativeMethodAccessorImpl.invoke0(Native Method)
	at sun.reflect.NativeMethodAccessorImpl.invoke(NativeMethodAccessorImpl.java:62)
	at sun.reflect.DelegatingMethodAccessorImpl.invoke(DelegatingMethodAccessorImpl.java:43)
	at java.lang.reflect.Method.invoke(Method.java:498)
	at org.junit.runners.model.FrameworkMethod$1.runReflectiveCall(FrameworkMethod.java:47)
	at org.junit.internal.runners.model.ReflectiveCallable.run(ReflectiveCallable.java:12)
	at org.junit.runners.model.FrameworkMethod.invokeExplosively(FrameworkMethod.java:44)
	at org.junit.internal.runners.statements.InvokeMethod.evaluate(InvokeMethod.java:17)
	at org.junit.internal.runners.statements.RunBefores.evaluate(RunBefores.java:26)
	at org.junit.internal.runners.statements.RunAfters.evaluate(RunAfters.java:27)
	at org.junit.rules.TestWatcher$1.evaluate(TestWatcher.java:55)
	at org.junit.internal.runners.statements.FailOnTimeout$StatementThread.run(FailOnTimeout.java:74)
</error>
    <system-out><![CDATA[2019-10-02 11:49:03,334 [Thread-260] INFO  rpc.RpcClient (RpcClient.java:createVolume(276)) - Creating Volume: volume97957, with user20456 as owner.
2019-10-02 11:49:03,336 [IPC Server handler 13 on 40187] INFO  volume.OMVolumeCreateRequest (OMVolumeCreateRequest.java:validateAndUpdateCache(194)) - created volume:volume97957 for user:user20456
2019-10-02 11:49:03,338 [Thread-260] INFO  rpc.RpcClient (RpcClient.java:createBucket(415)) - Creating Bucket: volume97957/bucket03942, with Versioning false and Storage Type set to DISK and Encryption set to false 
2019-10-02 11:49:03,391 [Thread-260] INFO  contract.AbstractFSContractTestBase (AbstractFSContractTestBase.java:setup(184)) - Test filesystem = o3fs://bucket03942.volume97957 implemented by OzoneFileSystem{URI=o3fs://bucket03942.volume97957, workingDir=o3fs://bucket03942.volume97957/user/jenkins1000, userName=jenkins1000, statistics=0 bytes read, 0 bytes written, 78 read ops, 0 large read ops, 24 write ops}
2019-10-02 11:49:03,432 [Thread-260] INFO  impl.MetricsSystemImpl (MetricsSystemImpl.java:init(158)) - XceiverClientMetrics metrics system started (again)
2019-10-02 11:49:04,699 [Thread-210] INFO  impl.FollowerState (FollowerState.java:run(108)) - 1ca4baa7-f680-41b4-89de-2f540dbcf4ba@group-80A8BB925E56-FollowerState: change to CANDIDATE, lastRpcTime:5025ms, electionTimeout:5024ms
2019-10-02 11:49:04,704 [Thread-210] INFO  impl.RoleInfo (RoleInfo.java:shutdownFollowerState(121)) - 1ca4baa7-f680-41b4-89de-2f540dbcf4ba: shutdown FollowerState
2019-10-02 11:49:04,704 [Thread-210] INFO  impl.RaftServerImpl (RaftServerImpl.java:setRole(170)) - 1ca4baa7-f680-41b4-89de-2f540dbcf4ba@group-80A8BB925E56: changes role from  FOLLOWER to CANDIDATE at term 0 for changeToCandidate
2019-10-02 11:49:04,711 [Thread-210] INFO  impl.RoleInfo (RoleInfo.java:updateAndGet(143)) - 1ca4baa7-f680-41b4-89de-2f540dbcf4ba: start LeaderElection
2019-10-02 11:49:04,729 [1ca4baa7-f680-41b4-89de-2f540dbcf4ba@group-80A8BB925E56-LeaderElection1] INFO  impl.LeaderElection (LeaderElection.java:askForVotes(178)) - 1ca4baa7-f680-41b4-89de-2f540dbcf4ba@group-80A8BB925E56-LeaderElection1: begin an election at term 1 for -1: [1ca4baa7-f680-41b4-89de-2f540dbcf4ba:192.168.5.178:35264], old=null
2019-10-02 11:49:04,731 [1ca4baa7-f680-41b4-89de-2f540dbcf4ba@group-80A8BB925E56-LeaderElection1] INFO  impl.RoleInfo (RoleInfo.java:shutdownLeaderElection(134)) - 1ca4baa7-f680-41b4-89de-2f540dbcf4ba: shutdown LeaderElection
2019-10-02 11:49:04,731 [1ca4baa7-f680-41b4-89de-2f540dbcf4ba@group-80A8BB925E56-LeaderElection1] INFO  impl.RaftServerImpl (RaftServerImpl.java:setRole(170)) - 1ca4baa7-f680-41b4-89de-2f540dbcf4ba@group-80A8BB925E56: changes role from CANDIDATE to LEADER at term 1 for changeToLeader
2019-10-02 11:49:04,732 [1ca4baa7-f680-41b4-89de-2f540dbcf4ba@group-80A8BB925E56-LeaderElection1] INFO  impl.RaftServerImpl (ServerState.java:setLeader(255)) - 1ca4baa7-f680-41b4-89de-2f540dbcf4ba@group-80A8BB925E56: change Leader from null to 1ca4baa7-f680-41b4-89de-2f540dbcf4ba at term 1 for becomeLeader, leader elected after 5209ms
2019-10-02 11:49:04,738 [1ca4baa7-f680-41b4-89de-2f540dbcf4ba@group-80A8BB925E56-LeaderElection1] INFO  server.RaftServerConfigKeys (ConfUtils.java:logGet(43)) - raft.server.staging.catchup.gap = 1000 (default)
2019-10-02 11:49:04,738 [1ca4baa7-f680-41b4-89de-2f540dbcf4ba@group-80A8BB925E56-LeaderElection1] INFO  server.RaftServerConfigKeys (ConfUtils.java:logGet(43)) - raft.server.rpc.sleep.time = 25ms (default)
2019-10-02 11:49:04,742 [1ca4baa7-f680-41b4-89de-2f540dbcf4ba@group-80A8BB925E56-LeaderElection1] INFO  server.RaftServerConfigKeys (ConfUtils.java:logGet(43)) - raft.server.write.element-limit = 4096 (default)
2019-10-02 11:49:04,744 [1ca4baa7-f680-41b4-89de-2f540dbcf4ba@group-80A8BB925E56-LeaderElection1] INFO  server.RaftServerConfigKeys (ConfUtils.java:logGet(43)) - raft.server.watch.timeout = 10s (default)
2019-10-02 11:49:04,744 [1ca4baa7-f680-41b4-89de-2f540dbcf4ba@group-80A8BB925E56-LeaderElection1] INFO  server.RaftServerConfigKeys (ConfUtils.java:logGet(43)) - raft.server.watch.timeout.denomination = 1s (default)
2019-10-02 11:49:04,745 [1ca4baa7-f680-41b4-89de-2f540dbcf4ba@group-80A8BB925E56-LeaderElection1] INFO  server.RaftServerConfigKeys (ConfUtils.java:logGet(43)) - raft.server.watch.element-limit = 65536 (default)
2019-10-02 11:49:04,754 [1ca4baa7-f680-41b4-89de-2f540dbcf4ba@group-80A8BB925E56-LeaderElection1] INFO  impl.RoleInfo (RoleInfo.java:updateAndGet(143)) - 1ca4baa7-f680-41b4-89de-2f540dbcf4ba: start LeaderState
2019-10-02 11:49:04,787 [1ca4baa7-f680-41b4-89de-2f540dbcf4ba@group-80A8BB925E56-LeaderElection1] INFO  segmented.SegmentedRaftLogWorker (SegmentedRaftLogWorker.java:startLogSegment(385)) - 1ca4baa7-f680-41b4-89de-2f540dbcf4ba@group-80A8BB925E56-SegmentedRaftLogWorker: Starting segment from index:0
2019-10-02 11:49:04,800 [1ca4baa7-f680-41b4-89de-2f540dbcf4ba@group-80A8BB925E56-LeaderElection1] INFO  impl.RaftServerImpl (ServerState.java:setRaftConf(356)) - 1ca4baa7-f680-41b4-89de-2f540dbcf4ba@group-80A8BB925E56: set configuration 0: [1ca4baa7-f680-41b4-89de-2f540dbcf4ba:192.168.5.178:35264], old=null at 0
2019-10-02 11:49:04,944 [Thread-213] INFO  impl.FollowerState (FollowerState.java:run(108)) - 979ebbe2-24f7-4b6a-a09f-a9b9f259a4b6@group-A994EB64FBA0-FollowerState: change to CANDIDATE, lastRpcTime:5062ms, electionTimeout:5061ms
2019-10-02 11:49:04,947 [Thread-213] INFO  impl.RoleInfo (RoleInfo.java:shutdownFollowerState(121)) - 979ebbe2-24f7-4b6a-a09f-a9b9f259a4b6: shutdown FollowerState
2019-10-02 11:49:04,947 [Thread-213] INFO  impl.RaftServerImpl (RaftServerImpl.java:setRole(170)) - 979ebbe2-24f7-4b6a-a09f-a9b9f259a4b6@group-A994EB64FBA0: changes role from  FOLLOWER to CANDIDATE at term 0 for changeToCandidate
2019-10-02 11:49:04,947 [Thread-213] INFO  impl.RoleInfo (RoleInfo.java:updateAndGet(143)) - 979ebbe2-24f7-4b6a-a09f-a9b9f259a4b6: start LeaderElection
2019-10-02 11:49:04,964 [979ebbe2-24f7-4b6a-a09f-a9b9f259a4b6@group-A994EB64FBA0-LeaderElection2] INFO  impl.LeaderElection (LeaderElection.java:askForVotes(178)) - 979ebbe2-24f7-4b6a-a09f-a9b9f259a4b6@group-A994EB64FBA0-LeaderElection2: begin an election at term 1 for -1: [979ebbe2-24f7-4b6a-a09f-a9b9f259a4b6:192.168.5.178:37076], old=null
2019-10-02 11:49:04,982 [979ebbe2-24f7-4b6a-a09f-a9b9f259a4b6@group-A994EB64FBA0-LeaderElection2] INFO  impl.RoleInfo (RoleInfo.java:shutdownLeaderElection(134)) - 979ebbe2-24f7-4b6a-a09f-a9b9f259a4b6: shutdown LeaderElection
2019-10-02 11:49:04,982 [979ebbe2-24f7-4b6a-a09f-a9b9f259a4b6@group-A994EB64FBA0-LeaderElection2] INFO  impl.RaftServerImpl (RaftServerImpl.java:setRole(170)) - 979ebbe2-24f7-4b6a-a09f-a9b9f259a4b6@group-A994EB64FBA0: changes role from CANDIDATE to LEADER at term 1 for changeToLeader
2019-10-02 11:49:04,983 [979ebbe2-24f7-4b6a-a09f-a9b9f259a4b6@group-A994EB64FBA0-LeaderElection2] INFO  impl.RaftServerImpl (ServerState.java:setLeader(255)) - 979ebbe2-24f7-4b6a-a09f-a9b9f259a4b6@group-A994EB64FBA0: change Leader from null to 979ebbe2-24f7-4b6a-a09f-a9b9f259a4b6 at term 1 for becomeLeader, leader elected after 5115ms
2019-10-02 11:49:04,984 [979ebbe2-24f7-4b6a-a09f-a9b9f259a4b6@group-A994EB64FBA0-LeaderElection2] INFO  server.RaftServerConfigKeys (ConfUtils.java:logGet(43)) - raft.server.staging.catchup.gap = 1000 (default)
2019-10-02 11:49:04,984 [979ebbe2-24f7-4b6a-a09f-a9b9f259a4b6@group-A994EB64FBA0-LeaderElection2] INFO  server.RaftServerConfigKeys (ConfUtils.java:logGet(43)) - raft.server.rpc.sleep.time = 25ms (default)
2019-10-02 11:49:04,985 [979ebbe2-24f7-4b6a-a09f-a9b9f259a4b6@group-A994EB64FBA0-LeaderElection2] INFO  server.RaftServerConfigKeys (ConfUtils.java:logGet(43)) - raft.server.write.element-limit = 4096 (default)
2019-10-02 11:49:04,985 [979ebbe2-24f7-4b6a-a09f-a9b9f259a4b6@group-A994EB64FBA0-LeaderElection2] INFO  server.RaftServerConfigKeys (ConfUtils.java:logGet(43)) - raft.server.watch.timeout = 10s (default)
2019-10-02 11:49:04,985 [979ebbe2-24f7-4b6a-a09f-a9b9f259a4b6@group-A994EB64FBA0-LeaderElection2] INFO  server.RaftServerConfigKeys (ConfUtils.java:logGet(43)) - raft.server.watch.timeout.denomination = 1s (default)
2019-10-02 11:49:04,985 [979ebbe2-24f7-4b6a-a09f-a9b9f259a4b6@group-A994EB64FBA0-LeaderElection2] INFO  server.RaftServerConfigKeys (ConfUtils.java:logGet(43)) - raft.server.watch.element-limit = 65536 (default)
2019-10-02 11:49:04,988 [979ebbe2-24f7-4b6a-a09f-a9b9f259a4b6@group-A994EB64FBA0-LeaderElection2] INFO  impl.RoleInfo (RoleInfo.java:updateAndGet(143)) - 979ebbe2-24f7-4b6a-a09f-a9b9f259a4b6: start LeaderState
2019-10-02 11:49:04,989 [979ebbe2-24f7-4b6a-a09f-a9b9f259a4b6@group-A994EB64FBA0-LeaderElection2] INFO  segmented.SegmentedRaftLogWorker (SegmentedRaftLogWorker.java:startLogSegment(385)) - 979ebbe2-24f7-4b6a-a09f-a9b9f259a4b6@group-A994EB64FBA0-SegmentedRaftLogWorker: Starting segment from index:0
2019-10-02 11:49:04,989 [979ebbe2-24f7-4b6a-a09f-a9b9f259a4b6@group-A994EB64FBA0-LeaderElection2] INFO  impl.RaftServerImpl (ServerState.java:setRaftConf(356)) - 979ebbe2-24f7-4b6a-a09f-a9b9f259a4b6@group-A994EB64FBA0: set configuration 0: [979ebbe2-24f7-4b6a-a09f-a9b9f259a4b6:192.168.5.178:37076], old=null at 0
2019-10-02 11:49:05,014 [1ca4baa7-f680-41b4-89de-2f540dbcf4ba@group-80A8BB925E56-SegmentedRaftLogWorker] INFO  segmented.SegmentedRaftLogWorker (SegmentedRaftLogWorker.java:execute(574)) - 1ca4baa7-f680-41b4-89de-2f540dbcf4ba@group-80A8BB925E56-SegmentedRaftLogWorker: created new log segment /workdir/hadoop-ozone/ozonefs/target/test-dir/MiniOzoneClusterImpl-33e1560a-5563-4dac-9479-547df72b20a1/datanode-0/data/ratis/f6aad1e5-64d9-42cc-9aae-80a8bb925e56/current/log_inprogress_0
2019-10-02 11:49:05,026 [979ebbe2-24f7-4b6a-a09f-a9b9f259a4b6@group-A994EB64FBA0-SegmentedRaftLogWorker] INFO  segmented.SegmentedRaftLogWorker (SegmentedRaftLogWorker.java:execute(574)) - 979ebbe2-24f7-4b6a-a09f-a9b9f259a4b6@group-A994EB64FBA0-SegmentedRaftLogWorker: created new log segment /workdir/hadoop-ozone/ozonefs/target/test-dir/MiniOzoneClusterImpl-33e1560a-5563-4dac-9479-547df72b20a1/datanode-2/data/ratis/f131fd79-6106-43bf-a588-a994eb64fba0/current/log_inprogress_0
2019-10-02 11:49:05,029 [Thread-216] INFO  impl.FollowerState (FollowerState.java:run(108)) - 6d4ecf29-9ffc-4c39-8dd8-fe3351ab43e9@group-323E33CC2F17-FollowerState: change to CANDIDATE, lastRpcTime:5004ms, electionTimeout:5004ms
2019-10-02 11:49:05,030 [Thread-216] INFO  impl.RoleInfo (RoleInfo.java:shutdownFollowerState(121)) - 6d4ecf29-9ffc-4c39-8dd8-fe3351ab43e9: shutdown FollowerState
2019-10-02 11:49:05,030 [Thread-216] INFO  impl.RaftServerImpl (RaftServerImpl.java:setRole(170)) - 6d4ecf29-9ffc-4c39-8dd8-fe3351ab43e9@group-323E33CC2F17: changes role from  FOLLOWER to CANDIDATE at term 0 for changeToCandidate
2019-10-02 11:49:05,030 [Thread-216] INFO  impl.RoleInfo (RoleInfo.java:updateAndGet(143)) - 6d4ecf29-9ffc-4c39-8dd8-fe3351ab43e9: start LeaderElection
2019-10-02 11:49:05,046 [6d4ecf29-9ffc-4c39-8dd8-fe3351ab43e9@group-323E33CC2F17-LeaderElection3] INFO  impl.LeaderElection (LeaderElection.java:askForVotes(178)) - 6d4ecf29-9ffc-4c39-8dd8-fe3351ab43e9@group-323E33CC2F17-LeaderElection3: begin an election at term 1 for -1: [6d4ecf29-9ffc-4c39-8dd8-fe3351ab43e9:192.168.5.178:41031], old=null
2019-10-02 11:49:05,046 [6d4ecf29-9ffc-4c39-8dd8-fe3351ab43e9@group-323E33CC2F17-LeaderElection3] INFO  impl.RoleInfo (RoleInfo.java:shutdownLeaderElection(134)) - 6d4ecf29-9ffc-4c39-8dd8-fe3351ab43e9: shutdown LeaderElection
2019-10-02 11:49:05,046 [6d4ecf29-9ffc-4c39-8dd8-fe3351ab43e9@group-323E33CC2F17-LeaderElection3] INFO  impl.RaftServerImpl (RaftServerImpl.java:setRole(170)) - 6d4ecf29-9ffc-4c39-8dd8-fe3351ab43e9@group-323E33CC2F17: changes role from CANDIDATE to LEADER at term 1 for changeToLeader
2019-10-02 11:49:05,046 [6d4ecf29-9ffc-4c39-8dd8-fe3351ab43e9@group-323E33CC2F17-LeaderElection3] INFO  impl.RaftServerImpl (ServerState.java:setLeader(255)) - 6d4ecf29-9ffc-4c39-8dd8-fe3351ab43e9@group-323E33CC2F17: change Leader from null to 6d4ecf29-9ffc-4c39-8dd8-fe3351ab43e9 at term 1 for becomeLeader, leader elected after 5071ms
2019-10-02 11:49:05,047 [6d4ecf29-9ffc-4c39-8dd8-fe3351ab43e9@group-323E33CC2F17-LeaderElection3] INFO  server.RaftServerConfigKeys (ConfUtils.java:logGet(43)) - raft.server.staging.catchup.gap = 1000 (default)
2019-10-02 11:49:05,047 [6d4ecf29-9ffc-4c39-8dd8-fe3351ab43e9@group-323E33CC2F17-LeaderElection3] INFO  server.RaftServerConfigKeys (ConfUtils.java:logGet(43)) - raft.server.rpc.sleep.time = 25ms (default)
2019-10-02 11:49:05,048 [6d4ecf29-9ffc-4c39-8dd8-fe3351ab43e9@group-323E33CC2F17-LeaderElection3] INFO  server.RaftServerConfigKeys (ConfUtils.java:logGet(43)) - raft.server.write.element-limit = 4096 (default)
2019-10-02 11:49:05,048 [6d4ecf29-9ffc-4c39-8dd8-fe3351ab43e9@group-323E33CC2F17-LeaderElection3] INFO  server.RaftServerConfigKeys (ConfUtils.java:logGet(43)) - raft.server.watch.timeout = 10s (default)
2019-10-02 11:49:05,048 [6d4ecf29-9ffc-4c39-8dd8-fe3351ab43e9@group-323E33CC2F17-LeaderElection3] INFO  server.RaftServerConfigKeys (ConfUtils.java:logGet(43)) - raft.server.watch.timeout.denomination = 1s (default)
2019-10-02 11:49:05,048 [6d4ecf29-9ffc-4c39-8dd8-fe3351ab43e9@group-323E33CC2F17-LeaderElection3] INFO  server.RaftServerConfigKeys (ConfUtils.java:logGet(43)) - raft.server.watch.element-limit = 65536 (default)
2019-10-02 11:49:05,052 [6d4ecf29-9ffc-4c39-8dd8-fe3351ab43e9@group-323E33CC2F17-LeaderElection3] INFO  impl.RoleInfo (RoleInfo.java:updateAndGet(143)) - 6d4ecf29-9ffc-4c39-8dd8-fe3351ab43e9: start LeaderState
2019-10-02 11:49:05,052 [6d4ecf29-9ffc-4c39-8dd8-fe3351ab43e9@group-323E33CC2F17-LeaderElection3] INFO  segmented.SegmentedRaftLogWorker (SegmentedRaftLogWorker.java:startLogSegment(385)) - 6d4ecf29-9ffc-4c39-8dd8-fe3351ab43e9@group-323E33CC2F17-SegmentedRaftLogWorker: Starting segment from index:0
2019-10-02 11:49:05,053 [6d4ecf29-9ffc-4c39-8dd8-fe3351ab43e9@group-323E33CC2F17-LeaderElection3] INFO  impl.RaftServerImpl (ServerState.java:setRaftConf(356)) - 6d4ecf29-9ffc-4c39-8dd8-fe3351ab43e9@group-323E33CC2F17: set configuration 0: [6d4ecf29-9ffc-4c39-8dd8-fe3351ab43e9:192.168.5.178:41031], old=null at 0
2019-10-02 11:49:05,102 [6d4ecf29-9ffc-4c39-8dd8-fe3351ab43e9@group-323E33CC2F17-SegmentedRaftLogWorker] INFO  segmented.SegmentedRaftLogWorker (SegmentedRaftLogWorker.java:execute(574)) - 6d4ecf29-9ffc-4c39-8dd8-fe3351ab43e9@group-323E33CC2F17-SegmentedRaftLogWorker: created new log segment /workdir/hadoop-ozone/ozonefs/target/test-dir/MiniOzoneClusterImpl-33e1560a-5563-4dac-9479-547df72b20a1/datanode-1/data/ratis/ed94b865-6bda-4b1b-8f86-323e33cc2f17/current/log_inprogress_0
2019-10-02 11:49:05,168 [Thread-219] INFO  impl.FollowerState (FollowerState.java:run(108)) - c1a94f55-4e00-4d87-8dc9-a9cac7d6b800@group-423D1543AEFF-FollowerState: change to CANDIDATE, lastRpcTime:5065ms, electionTimeout:5065ms
2019-10-02 11:49:05,169 [Thread-219] INFO  impl.RoleInfo (RoleInfo.java:shutdownFollowerState(121)) - c1a94f55-4e00-4d87-8dc9-a9cac7d6b800: shutdown FollowerState
2019-10-02 11:49:05,169 [Thread-219] INFO  impl.RaftServerImpl (RaftServerImpl.java:setRole(170)) - c1a94f55-4e00-4d87-8dc9-a9cac7d6b800@group-423D1543AEFF: changes role from  FOLLOWER to CANDIDATE at term 0 for changeToCandidate
2019-10-02 11:49:05,169 [Thread-219] INFO  impl.RoleInfo (RoleInfo.java:updateAndGet(143)) - c1a94f55-4e00-4d87-8dc9-a9cac7d6b800: start LeaderElection
2019-10-02 11:49:05,187 [c1a94f55-4e00-4d87-8dc9-a9cac7d6b800@group-423D1543AEFF-LeaderElection4] INFO  impl.LeaderElection (LeaderElection.java:askForVotes(178)) - c1a94f55-4e00-4d87-8dc9-a9cac7d6b800@group-423D1543AEFF-LeaderElection4: begin an election at term 1 for -1: [c1a94f55-4e00-4d87-8dc9-a9cac7d6b800:192.168.5.178:41003], old=null
2019-10-02 11:49:05,187 [c1a94f55-4e00-4d87-8dc9-a9cac7d6b800@group-423D1543AEFF-LeaderElection4] INFO  impl.RoleInfo (RoleInfo.java:shutdownLeaderElection(134)) - c1a94f55-4e00-4d87-8dc9-a9cac7d6b800: shutdown LeaderElection
2019-10-02 11:49:05,188 [c1a94f55-4e00-4d87-8dc9-a9cac7d6b800@group-423D1543AEFF-LeaderElection4] INFO  impl.RaftServerImpl (RaftServerImpl.java:setRole(170)) - c1a94f55-4e00-4d87-8dc9-a9cac7d6b800@group-423D1543AEFF: changes role from CANDIDATE to LEADER at term 1 for changeToLeader
2019-10-02 11:49:05,188 [c1a94f55-4e00-4d87-8dc9-a9cac7d6b800@group-423D1543AEFF-LeaderElection4] INFO  impl.RaftServerImpl (ServerState.java:setLeader(255)) - c1a94f55-4e00-4d87-8dc9-a9cac7d6b800@group-423D1543AEFF: change Leader from null to c1a94f55-4e00-4d87-8dc9-a9cac7d6b800 at term 1 for becomeLeader, leader elected after 5097ms
2019-10-02 11:49:05,189 [c1a94f55-4e00-4d87-8dc9-a9cac7d6b800@group-423D1543AEFF-LeaderElection4] INFO  server.RaftServerConfigKeys (ConfUtils.java:logGet(43)) - raft.server.staging.catchup.gap = 1000 (default)
2019-10-02 11:49:05,189 [c1a94f55-4e00-4d87-8dc9-a9cac7d6b800@group-423D1543AEFF-LeaderElection4] INFO  server.RaftServerConfigKeys (ConfUtils.java:logGet(43)) - raft.server.rpc.sleep.time = 25ms (default)
2019-10-02 11:49:05,190 [c1a94f55-4e00-4d87-8dc9-a9cac7d6b800@group-423D1543AEFF-LeaderElection4] INFO  server.RaftServerConfigKeys (ConfUtils.java:logGet(43)) - raft.server.write.element-limit = 4096 (default)
2019-10-02 11:49:05,190 [c1a94f55-4e00-4d87-8dc9-a9cac7d6b800@group-423D1543AEFF-LeaderElection4] INFO  server.RaftServerConfigKeys (ConfUtils.java:logGet(43)) - raft.server.watch.timeout = 10s (default)
2019-10-02 11:49:05,190 [c1a94f55-4e00-4d87-8dc9-a9cac7d6b800@group-423D1543AEFF-LeaderElection4] INFO  server.RaftServerConfigKeys (ConfUtils.java:logGet(43)) - raft.server.watch.timeout.denomination = 1s (default)
2019-10-02 11:49:05,190 [c1a94f55-4e00-4d87-8dc9-a9cac7d6b800@group-423D1543AEFF-LeaderElection4] INFO  server.RaftServerConfigKeys (ConfUtils.java:logGet(43)) - raft.server.watch.element-limit = 65536 (default)
2019-10-02 11:49:05,194 [c1a94f55-4e00-4d87-8dc9-a9cac7d6b800@group-423D1543AEFF-LeaderElection4] INFO  impl.RoleInfo (RoleInfo.java:updateAndGet(143)) - c1a94f55-4e00-4d87-8dc9-a9cac7d6b800: start LeaderState
2019-10-02 11:49:05,194 [c1a94f55-4e00-4d87-8dc9-a9cac7d6b800@group-423D1543AEFF-LeaderElection4] INFO  segmented.SegmentedRaftLogWorker (SegmentedRaftLogWorker.java:startLogSegment(385)) - c1a94f55-4e00-4d87-8dc9-a9cac7d6b800@group-423D1543AEFF-SegmentedRaftLogWorker: Starting segment from index:0
2019-10-02 11:49:05,195 [c1a94f55-4e00-4d87-8dc9-a9cac7d6b800@group-423D1543AEFF-LeaderElection4] INFO  impl.RaftServerImpl (ServerState.java:setRaftConf(356)) - c1a94f55-4e00-4d87-8dc9-a9cac7d6b800@group-423D1543AEFF: set configuration 0: [c1a94f55-4e00-4d87-8dc9-a9cac7d6b800:192.168.5.178:41003], old=null at 0
2019-10-02 11:49:05,242 [c1a94f55-4e00-4d87-8dc9-a9cac7d6b800@group-423D1543AEFF-SegmentedRaftLogWorker] INFO  segmented.SegmentedRaftLogWorker (SegmentedRaftLogWorker.java:execute(574)) - c1a94f55-4e00-4d87-8dc9-a9cac7d6b800@group-423D1543AEFF-SegmentedRaftLogWorker: created new log segment /workdir/hadoop-ozone/ozonefs/target/test-dir/MiniOzoneClusterImpl-33e1560a-5563-4dac-9479-547df72b20a1/datanode-3/data/ratis/0e0964ce-aa6d-4024-8f23-423d1543aeff/current/log_inprogress_0
2019-10-02 11:49:05,319 [Thread-222] INFO  impl.FollowerState (FollowerState.java:run(108)) - 516e0997-2286-417a-8e3a-5f4f8bdc89f3@group-4DD8802DAC5C-FollowerState: change to CANDIDATE, lastRpcTime:5136ms, electionTimeout:5136ms
2019-10-02 11:49:05,319 [Thread-222] INFO  impl.RoleInfo (RoleInfo.java:shutdownFollowerState(121)) - 516e0997-2286-417a-8e3a-5f4f8bdc89f3: shutdown FollowerState
2019-10-02 11:49:05,319 [Thread-222] INFO  impl.RaftServerImpl (RaftServerImpl.java:setRole(170)) - 516e0997-2286-417a-8e3a-5f4f8bdc89f3@group-4DD8802DAC5C: changes role from  FOLLOWER to CANDIDATE at term 0 for changeToCandidate
2019-10-02 11:49:05,320 [Thread-222] INFO  impl.RoleInfo (RoleInfo.java:updateAndGet(143)) - 516e0997-2286-417a-8e3a-5f4f8bdc89f3: start LeaderElection
2019-10-02 11:49:05,337 [516e0997-2286-417a-8e3a-5f4f8bdc89f3@group-4DD8802DAC5C-LeaderElection5] INFO  impl.LeaderElection (LeaderElection.java:askForVotes(178)) - 516e0997-2286-417a-8e3a-5f4f8bdc89f3@group-4DD8802DAC5C-LeaderElection5: begin an election at term 1 for -1: [516e0997-2286-417a-8e3a-5f4f8bdc89f3:192.168.5.178:46471], old=null
2019-10-02 11:49:05,338 [516e0997-2286-417a-8e3a-5f4f8bdc89f3@group-4DD8802DAC5C-LeaderElection5] INFO  impl.RoleInfo (RoleInfo.java:shutdownLeaderElection(134)) - 516e0997-2286-417a-8e3a-5f4f8bdc89f3: shutdown LeaderElection
2019-10-02 11:49:05,338 [516e0997-2286-417a-8e3a-5f4f8bdc89f3@group-4DD8802DAC5C-LeaderElection5] INFO  impl.RaftServerImpl (RaftServerImpl.java:setRole(170)) - 516e0997-2286-417a-8e3a-5f4f8bdc89f3@group-4DD8802DAC5C: changes role from CANDIDATE to LEADER at term 1 for changeToLeader
2019-10-02 11:49:05,338 [516e0997-2286-417a-8e3a-5f4f8bdc89f3@group-4DD8802DAC5C-LeaderElection5] INFO  impl.RaftServerImpl (ServerState.java:setLeader(255)) - 516e0997-2286-417a-8e3a-5f4f8bdc89f3@group-4DD8802DAC5C: change Leader from null to 516e0997-2286-417a-8e3a-5f4f8bdc89f3 at term 1 for becomeLeader, leader elected after 5165ms
2019-10-02 11:49:05,339 [516e0997-2286-417a-8e3a-5f4f8bdc89f3@group-4DD8802DAC5C-LeaderElection5] INFO  server.RaftServerConfigKeys (ConfUtils.java:logGet(43)) - raft.server.staging.catchup.gap = 1000 (default)
2019-10-02 11:49:05,340 [516e0997-2286-417a-8e3a-5f4f8bdc89f3@group-4DD8802DAC5C-LeaderElection5] INFO  server.RaftServerConfigKeys (ConfUtils.java:logGet(43)) - raft.server.rpc.sleep.time = 25ms (default)
2019-10-02 11:49:05,340 [516e0997-2286-417a-8e3a-5f4f8bdc89f3@group-4DD8802DAC5C-LeaderElection5] INFO  server.RaftServerConfigKeys (ConfUtils.java:logGet(43)) - raft.server.write.element-limit = 4096 (default)
2019-10-02 11:49:05,340 [516e0997-2286-417a-8e3a-5f4f8bdc89f3@group-4DD8802DAC5C-LeaderElection5] INFO  server.RaftServerConfigKeys (ConfUtils.java:logGet(43)) - raft.server.watch.timeout = 10s (default)
2019-10-02 11:49:05,340 [516e0997-2286-417a-8e3a-5f4f8bdc89f3@group-4DD8802DAC5C-LeaderElection5] INFO  server.RaftServerConfigKeys (ConfUtils.java:logGet(43)) - raft.server.watch.timeout.denomination = 1s (default)
2019-10-02 11:49:05,340 [516e0997-2286-417a-8e3a-5f4f8bdc89f3@group-4DD8802DAC5C-LeaderElection5] INFO  server.RaftServerConfigKeys (ConfUtils.java:logGet(43)) - raft.server.watch.element-limit = 65536 (default)
2019-10-02 11:49:05,343 [516e0997-2286-417a-8e3a-5f4f8bdc89f3@group-4DD8802DAC5C-LeaderElection5] INFO  impl.RoleInfo (RoleInfo.java:updateAndGet(143)) - 516e0997-2286-417a-8e3a-5f4f8bdc89f3: start LeaderState
2019-10-02 11:49:05,343 [516e0997-2286-417a-8e3a-5f4f8bdc89f3@group-4DD8802DAC5C-LeaderElection5] INFO  segmented.SegmentedRaftLogWorker (SegmentedRaftLogWorker.java:startLogSegment(385)) - 516e0997-2286-417a-8e3a-5f4f8bdc89f3@group-4DD8802DAC5C-SegmentedRaftLogWorker: Starting segment from index:0
2019-10-02 11:49:05,344 [516e0997-2286-417a-8e3a-5f4f8bdc89f3@group-4DD8802DAC5C-LeaderElection5] INFO  impl.RaftServerImpl (ServerState.java:setRaftConf(356)) - 516e0997-2286-417a-8e3a-5f4f8bdc89f3@group-4DD8802DAC5C: set configuration 0: [516e0997-2286-417a-8e3a-5f4f8bdc89f3:192.168.5.178:46471], old=null at 0
2019-10-02 11:49:05,387 [516e0997-2286-417a-8e3a-5f4f8bdc89f3@group-4DD8802DAC5C-SegmentedRaftLogWorker] INFO  segmented.SegmentedRaftLogWorker (SegmentedRaftLogWorker.java:execute(574)) - 516e0997-2286-417a-8e3a-5f4f8bdc89f3@group-4DD8802DAC5C-SegmentedRaftLogWorker: created new log segment /workdir/hadoop-ozone/ozonefs/target/test-dir/MiniOzoneClusterImpl-33e1560a-5563-4dac-9479-547df72b20a1/datanode-4/data/ratis/8e5268b9-dc92-4322-9cec-4dd8802dac5c/current/log_inprogress_0
2019-10-02 11:49:05,505 [Thread-228] INFO  impl.FollowerState (FollowerState.java:run(108)) - 6d4ecf29-9ffc-4c39-8dd8-fe3351ab43e9@group-BD7DF1521997-FollowerState: change to CANDIDATE, lastRpcTime:5131ms, electionTimeout:5131ms
2019-10-02 11:49:05,505 [Thread-228] INFO  impl.RoleInfo (RoleInfo.java:shutdownFollowerState(121)) - 6d4ecf29-9ffc-4c39-8dd8-fe3351ab43e9: shutdown FollowerState
2019-10-02 11:49:05,506 [Thread-228] INFO  impl.RaftServerImpl (RaftServerImpl.java:setRole(170)) - 6d4ecf29-9ffc-4c39-8dd8-fe3351ab43e9@group-BD7DF1521997: changes role from  FOLLOWER to CANDIDATE at term 0 for changeToCandidate
2019-10-02 11:49:05,506 [Thread-228] INFO  impl.RoleInfo (RoleInfo.java:updateAndGet(143)) - 6d4ecf29-9ffc-4c39-8dd8-fe3351ab43e9: start LeaderElection
2019-10-02 11:49:05,515 [Thread-229] INFO  impl.FollowerState (FollowerState.java:run(108)) - 979ebbe2-24f7-4b6a-a09f-a9b9f259a4b6@group-BD7DF1521997-FollowerState: change to CANDIDATE, lastRpcTime:5140ms, electionTimeout:5140ms
2019-10-02 11:49:05,515 [Thread-229] INFO  impl.RoleInfo (RoleInfo.java:shutdownFollowerState(121)) - 979ebbe2-24f7-4b6a-a09f-a9b9f259a4b6: shutdown FollowerState
2019-10-02 11:49:05,515 [Thread-229] INFO  impl.RaftServerImpl (RaftServerImpl.java:setRole(170)) - 979ebbe2-24f7-4b6a-a09f-a9b9f259a4b6@group-BD7DF1521997: changes role from  FOLLOWER to CANDIDATE at term 0 for changeToCandidate
2019-10-02 11:49:05,515 [Thread-229] INFO  impl.RoleInfo (RoleInfo.java:updateAndGet(143)) - 979ebbe2-24f7-4b6a-a09f-a9b9f259a4b6: start LeaderElection
2019-10-02 11:49:05,523 [6d4ecf29-9ffc-4c39-8dd8-fe3351ab43e9@group-BD7DF1521997-LeaderElection6] INFO  impl.LeaderElection (LeaderElection.java:askForVotes(178)) - 6d4ecf29-9ffc-4c39-8dd8-fe3351ab43e9@group-BD7DF1521997-LeaderElection6: begin an election at term 1 for -1: [979ebbe2-24f7-4b6a-a09f-a9b9f259a4b6:192.168.5.178:37076, 6d4ecf29-9ffc-4c39-8dd8-fe3351ab43e9:192.168.5.178:41031, 1ca4baa7-f680-41b4-89de-2f540dbcf4ba:192.168.5.178:35264], old=null
2019-10-02 11:49:05,523 [979ebbe2-24f7-4b6a-a09f-a9b9f259a4b6@group-BD7DF1521997-LeaderElection7] INFO  impl.LeaderElection (LeaderElection.java:askForVotes(178)) - 979ebbe2-24f7-4b6a-a09f-a9b9f259a4b6@group-BD7DF1521997-LeaderElection7: begin an election at term 1 for -1: [979ebbe2-24f7-4b6a-a09f-a9b9f259a4b6:192.168.5.178:37076, 6d4ecf29-9ffc-4c39-8dd8-fe3351ab43e9:192.168.5.178:41031, 1ca4baa7-f680-41b4-89de-2f540dbcf4ba:192.168.5.178:35264], old=null
2019-10-02 11:49:05,523 [Thread-230] INFO  impl.FollowerState (FollowerState.java:run(108)) - 1ca4baa7-f680-41b4-89de-2f540dbcf4ba@group-BD7DF1521997-FollowerState: change to CANDIDATE, lastRpcTime:5148ms, electionTimeout:5148ms
2019-10-02 11:49:05,524 [Thread-230] INFO  impl.RoleInfo (RoleInfo.java:shutdownFollowerState(121)) - 1ca4baa7-f680-41b4-89de-2f540dbcf4ba: shutdown FollowerState
2019-10-02 11:49:05,524 [Thread-230] INFO  impl.RaftServerImpl (RaftServerImpl.java:setRole(170)) - 1ca4baa7-f680-41b4-89de-2f540dbcf4ba@group-BD7DF1521997: changes role from  FOLLOWER to CANDIDATE at term 0 for changeToCandidate
2019-10-02 11:49:05,524 [Thread-230] INFO  impl.RoleInfo (RoleInfo.java:updateAndGet(143)) - 1ca4baa7-f680-41b4-89de-2f540dbcf4ba: start LeaderElection
2019-10-02 11:49:05,541 [1ca4baa7-f680-41b4-89de-2f540dbcf4ba@group-BD7DF1521997-LeaderElection8] INFO  impl.LeaderElection (LeaderElection.java:askForVotes(178)) - 1ca4baa7-f680-41b4-89de-2f540dbcf4ba@group-BD7DF1521997-LeaderElection8: begin an election at term 1 for -1: [979ebbe2-24f7-4b6a-a09f-a9b9f259a4b6:192.168.5.178:37076, 6d4ecf29-9ffc-4c39-8dd8-fe3351ab43e9:192.168.5.178:41031, 1ca4baa7-f680-41b4-89de-2f540dbcf4ba:192.168.5.178:35264], old=null
2019-10-02 11:49:05,605 [979ebbe2-24f7-4b6a-a09f-a9b9f259a4b6@group-BD7DF1521997-LeaderElection7] INFO  impl.LeaderElection (LeaderElection.java:logAndReturn(56)) - 979ebbe2-24f7-4b6a-a09f-a9b9f259a4b6@group-BD7DF1521997-LeaderElection7: Election REJECTED; received 2 response(s) [979ebbe2-24f7-4b6a-a09f-a9b9f259a4b6<-6d4ecf29-9ffc-4c39-8dd8-fe3351ab43e9#0:FAIL-t1, 979ebbe2-24f7-4b6a-a09f-a9b9f259a4b6<-1ca4baa7-f680-41b4-89de-2f540dbcf4ba#0:FAIL-t1] and 0 exception(s); 979ebbe2-24f7-4b6a-a09f-a9b9f259a4b6@group-BD7DF1521997:t1, leader=null, voted=979ebbe2-24f7-4b6a-a09f-a9b9f259a4b6, raftlog=979ebbe2-24f7-4b6a-a09f-a9b9f259a4b6@group-BD7DF1521997-SegmentedRaftLog:OPENED:c-1,f-1,i0, conf=-1: [979ebbe2-24f7-4b6a-a09f-a9b9f259a4b6:192.168.5.178:37076, 6d4ecf29-9ffc-4c39-8dd8-fe3351ab43e9:192.168.5.178:41031, 1ca4baa7-f680-41b4-89de-2f540dbcf4ba:192.168.5.178:35264], old=null
2019-10-02 11:49:05,605 [1ca4baa7-f680-41b4-89de-2f540dbcf4ba@group-BD7DF1521997-LeaderElection8] INFO  impl.LeaderElection (LeaderElection.java:logAndReturn(56)) - 1ca4baa7-f680-41b4-89de-2f540dbcf4ba@group-BD7DF1521997-LeaderElection8: Election REJECTED; received 2 response(s) [1ca4baa7-f680-41b4-89de-2f540dbcf4ba<-979ebbe2-24f7-4b6a-a09f-a9b9f259a4b6#0:FAIL-t1, 1ca4baa7-f680-41b4-89de-2f540dbcf4ba<-6d4ecf29-9ffc-4c39-8dd8-fe3351ab43e9#0:FAIL-t1] and 0 exception(s); 1ca4baa7-f680-41b4-89de-2f540dbcf4ba@group-BD7DF1521997:t1, leader=null, voted=1ca4baa7-f680-41b4-89de-2f540dbcf4ba, raftlog=1ca4baa7-f680-41b4-89de-2f540dbcf4ba@group-BD7DF1521997-SegmentedRaftLog:OPENED:c-1,f-1,i0, conf=-1: [979ebbe2-24f7-4b6a-a09f-a9b9f259a4b6:192.168.5.178:37076, 6d4ecf29-9ffc-4c39-8dd8-fe3351ab43e9:192.168.5.178:41031, 1ca4baa7-f680-41b4-89de-2f540dbcf4ba:192.168.5.178:35264], old=null
2019-10-02 11:49:05,605 [6d4ecf29-9ffc-4c39-8dd8-fe3351ab43e9@group-BD7DF1521997-LeaderElection6] INFO  impl.LeaderElection (LeaderElection.java:logAndReturn(56)) - 6d4ecf29-9ffc-4c39-8dd8-fe3351ab43e9@group-BD7DF1521997-LeaderElection6: Election REJECTED; received 2 response(s) [6d4ecf29-9ffc-4c39-8dd8-fe3351ab43e9<-979ebbe2-24f7-4b6a-a09f-a9b9f259a4b6#0:FAIL-t1, 6d4ecf29-9ffc-4c39-8dd8-fe3351ab43e9<-1ca4baa7-f680-41b4-89de-2f540dbcf4ba#0:FAIL-t1] and 0 exception(s); 6d4ecf29-9ffc-4c39-8dd8-fe3351ab43e9@group-BD7DF1521997:t1, leader=null, voted=6d4ecf29-9ffc-4c39-8dd8-fe3351ab43e9, raftlog=6d4ecf29-9ffc-4c39-8dd8-fe3351ab43e9@group-BD7DF1521997-SegmentedRaftLog:OPENED:c-1,f-1,i0, conf=-1: [979ebbe2-24f7-4b6a-a09f-a9b9f259a4b6:192.168.5.178:37076, 6d4ecf29-9ffc-4c39-8dd8-fe3351ab43e9:192.168.5.178:41031, 1ca4baa7-f680-41b4-89de-2f540dbcf4ba:192.168.5.178:35264], old=null
2019-10-02 11:49:05,608 [1ca4baa7-f680-41b4-89de-2f540dbcf4ba@group-BD7DF1521997-LeaderElection8] INFO  impl.RaftServerImpl (RaftServerImpl.java:setRole(170)) - 1ca4baa7-f680-41b4-89de-2f540dbcf4ba@group-BD7DF1521997: changes role from CANDIDATE to FOLLOWER at term 1 for DISCOVERED_A_NEW_TERM
2019-10-02 11:49:05,610 [979ebbe2-24f7-4b6a-a09f-a9b9f259a4b6@group-BD7DF1521997-LeaderElection7] INFO  impl.RaftServerImpl (RaftServerImpl.java:setRole(170)) - 979ebbe2-24f7-4b6a-a09f-a9b9f259a4b6@group-BD7DF1521997: changes role from CANDIDATE to FOLLOWER at term 1 for DISCOVERED_A_NEW_TERM
2019-10-02 11:49:05,610 [1ca4baa7-f680-41b4-89de-2f540dbcf4ba@group-BD7DF1521997-LeaderElection8] INFO  impl.RoleInfo (RoleInfo.java:shutdownLeaderElection(134)) - 1ca4baa7-f680-41b4-89de-2f540dbcf4ba: shutdown LeaderElection
2019-10-02 11:49:05,612 [979ebbe2-24f7-4b6a-a09f-a9b9f259a4b6@group-BD7DF1521997-LeaderElection7] INFO  impl.RoleInfo (RoleInfo.java:shutdownLeaderElection(134)) - 979ebbe2-24f7-4b6a-a09f-a9b9f259a4b6: shutdown LeaderElection
2019-10-02 11:49:05,614 [6d4ecf29-9ffc-4c39-8dd8-fe3351ab43e9@group-BD7DF1521997-LeaderElection6] INFO  impl.RaftServerImpl (RaftServerImpl.java:setRole(170)) - 6d4ecf29-9ffc-4c39-8dd8-fe3351ab43e9@group-BD7DF1521997: changes role from CANDIDATE to FOLLOWER at term 1 for DISCOVERED_A_NEW_TERM
2019-10-02 11:49:05,614 [1ca4baa7-f680-41b4-89de-2f540dbcf4ba@group-BD7DF1521997-LeaderElection8] INFO  impl.RoleInfo (RoleInfo.java:updateAndGet(143)) - 1ca4baa7-f680-41b4-89de-2f540dbcf4ba: start FollowerState
2019-10-02 11:49:05,615 [6d4ecf29-9ffc-4c39-8dd8-fe3351ab43e9@group-BD7DF1521997-LeaderElection6] INFO  impl.RoleInfo (RoleInfo.java:shutdownLeaderElection(134)) - 6d4ecf29-9ffc-4c39-8dd8-fe3351ab43e9: shutdown LeaderElection
2019-10-02 11:49:05,615 [979ebbe2-24f7-4b6a-a09f-a9b9f259a4b6@group-BD7DF1521997-LeaderElection7] INFO  impl.RoleInfo (RoleInfo.java:updateAndGet(143)) - 979ebbe2-24f7-4b6a-a09f-a9b9f259a4b6: start FollowerState
2019-10-02 11:49:05,617 [6d4ecf29-9ffc-4c39-8dd8-fe3351ab43e9@group-BD7DF1521997-LeaderElection6] INFO  impl.RoleInfo (RoleInfo.java:updateAndGet(143)) - 6d4ecf29-9ffc-4c39-8dd8-fe3351ab43e9: start FollowerState
2019-10-02 11:49:10,620 [Thread-287] INFO  impl.FollowerState (FollowerState.java:run(108)) - 979ebbe2-24f7-4b6a-a09f-a9b9f259a4b6@group-BD7DF1521997-FollowerState: change to CANDIDATE, lastRpcTime:5004ms, electionTimeout:5001ms
2019-10-02 11:49:10,620 [Thread-287] INFO  impl.RoleInfo (RoleInfo.java:shutdownFollowerState(121)) - 979ebbe2-24f7-4b6a-a09f-a9b9f259a4b6: shutdown FollowerState
2019-10-02 11:49:10,620 [Thread-287] INFO  impl.RaftServerImpl (RaftServerImpl.java:setRole(170)) - 979ebbe2-24f7-4b6a-a09f-a9b9f259a4b6@group-BD7DF1521997: changes role from  FOLLOWER to CANDIDATE at term 1 for changeToCandidate
2019-10-02 11:49:10,621 [Thread-287] INFO  impl.RoleInfo (RoleInfo.java:updateAndGet(143)) - 979ebbe2-24f7-4b6a-a09f-a9b9f259a4b6: start LeaderElection
2019-10-02 11:49:10,628 [979ebbe2-24f7-4b6a-a09f-a9b9f259a4b6@group-BD7DF1521997-LeaderElection9] INFO  impl.LeaderElection (LeaderElection.java:askForVotes(178)) - 979ebbe2-24f7-4b6a-a09f-a9b9f259a4b6@group-BD7DF1521997-LeaderElection9: begin an election at term 2 for -1: [979ebbe2-24f7-4b6a-a09f-a9b9f259a4b6:192.168.5.178:37076, 6d4ecf29-9ffc-4c39-8dd8-fe3351ab43e9:192.168.5.178:41031, 1ca4baa7-f680-41b4-89de-2f540dbcf4ba:192.168.5.178:35264], old=null
2019-10-02 11:49:10,637 [grpc-default-executor-4] INFO  impl.RaftServerImpl (RaftServerImpl.java:setRole(170)) - 6d4ecf29-9ffc-4c39-8dd8-fe3351ab43e9@group-BD7DF1521997: changes role from  FOLLOWER to FOLLOWER at term 2 for recognizeCandidate:979ebbe2-24f7-4b6a-a09f-a9b9f259a4b6
2019-10-02 11:49:10,637 [grpc-default-executor-3] INFO  impl.RaftServerImpl (RaftServerImpl.java:setRole(170)) - 1ca4baa7-f680-41b4-89de-2f540dbcf4ba@group-BD7DF1521997: changes role from  FOLLOWER to FOLLOWER at term 2 for recognizeCandidate:979ebbe2-24f7-4b6a-a09f-a9b9f259a4b6
2019-10-02 11:49:10,637 [grpc-default-executor-4] INFO  impl.RoleInfo (RoleInfo.java:shutdownFollowerState(121)) - 6d4ecf29-9ffc-4c39-8dd8-fe3351ab43e9: shutdown FollowerState
2019-10-02 11:49:10,637 [grpc-default-executor-3] INFO  impl.RoleInfo (RoleInfo.java:shutdownFollowerState(121)) - 1ca4baa7-f680-41b4-89de-2f540dbcf4ba: shutdown FollowerState
2019-10-02 11:49:10,638 [Thread-289] INFO  impl.FollowerState (FollowerState.java:run(117)) - 6d4ecf29-9ffc-4c39-8dd8-fe3351ab43e9@group-BD7DF1521997-FollowerState was interrupted: java.lang.InterruptedException: sleep interrupted
2019-10-02 11:49:10,637 [grpc-default-executor-4] INFO  impl.RoleInfo (RoleInfo.java:updateAndGet(143)) - 6d4ecf29-9ffc-4c39-8dd8-fe3351ab43e9: start FollowerState
2019-10-02 11:49:10,639 [grpc-default-executor-3] INFO  impl.RoleInfo (RoleInfo.java:updateAndGet(143)) - 1ca4baa7-f680-41b4-89de-2f540dbcf4ba: start FollowerState
2019-10-02 11:49:10,639 [Thread-286] INFO  impl.FollowerState (FollowerState.java:run(117)) - 1ca4baa7-f680-41b4-89de-2f540dbcf4ba@group-BD7DF1521997-FollowerState was interrupted: java.lang.InterruptedException: sleep interrupted
2019-10-02 11:49:10,660 [979ebbe2-24f7-4b6a-a09f-a9b9f259a4b6@group-BD7DF1521997-LeaderElection9] INFO  impl.LeaderElection (LeaderElection.java:logAndReturn(56)) - 979ebbe2-24f7-4b6a-a09f-a9b9f259a4b6@group-BD7DF1521997-LeaderElection9: Election PASSED; received 1 response(s) [979ebbe2-24f7-4b6a-a09f-a9b9f259a4b6<-6d4ecf29-9ffc-4c39-8dd8-fe3351ab43e9#0:OK-t2] and 0 exception(s); 979ebbe2-24f7-4b6a-a09f-a9b9f259a4b6@group-BD7DF1521997:t2, leader=null, voted=979ebbe2-24f7-4b6a-a09f-a9b9f259a4b6, raftlog=979ebbe2-24f7-4b6a-a09f-a9b9f259a4b6@group-BD7DF1521997-SegmentedRaftLog:OPENED:c-1,f-1,i0, conf=-1: [979ebbe2-24f7-4b6a-a09f-a9b9f259a4b6:192.168.5.178:37076, 6d4ecf29-9ffc-4c39-8dd8-fe3351ab43e9:192.168.5.178:41031, 1ca4baa7-f680-41b4-89de-2f540dbcf4ba:192.168.5.178:35264], old=null
2019-10-02 11:49:10,661 [979ebbe2-24f7-4b6a-a09f-a9b9f259a4b6@group-BD7DF1521997-LeaderElection9] INFO  impl.RoleInfo (RoleInfo.java:shutdownLeaderElection(134)) - 979ebbe2-24f7-4b6a-a09f-a9b9f259a4b6: shutdown LeaderElection
2019-10-02 11:49:10,663 [979ebbe2-24f7-4b6a-a09f-a9b9f259a4b6@group-BD7DF1521997-LeaderElection9] INFO  impl.RaftServerImpl (RaftServerImpl.java:setRole(170)) - 979ebbe2-24f7-4b6a-a09f-a9b9f259a4b6@group-BD7DF1521997: changes role from CANDIDATE to LEADER at term 2 for changeToLeader
2019-10-02 11:49:10,663 [979ebbe2-24f7-4b6a-a09f-a9b9f259a4b6@group-BD7DF1521997-LeaderElection9] INFO  impl.RaftServerImpl (ServerState.java:setLeader(255)) - 979ebbe2-24f7-4b6a-a09f-a9b9f259a4b6@group-BD7DF1521997: change Leader from null to 979ebbe2-24f7-4b6a-a09f-a9b9f259a4b6 at term 2 for becomeLeader, leader elected after 10324ms
2019-10-02 11:49:10,663 [979ebbe2-24f7-4b6a-a09f-a9b9f259a4b6@group-BD7DF1521997-LeaderElection9] INFO  server.RaftServerConfigKeys (ConfUtils.java:logGet(43)) - raft.server.staging.catchup.gap = 1000 (default)
2019-10-02 11:49:10,664 [979ebbe2-24f7-4b6a-a09f-a9b9f259a4b6@group-BD7DF1521997-LeaderElection9] INFO  server.RaftServerConfigKeys (ConfUtils.java:logGet(43)) - raft.server.rpc.sleep.time = 25ms (default)
2019-10-02 11:49:10,664 [979ebbe2-24f7-4b6a-a09f-a9b9f259a4b6@group-BD7DF1521997-LeaderElection9] INFO  server.RaftServerConfigKeys (ConfUtils.java:logGet(43)) - raft.server.write.element-limit = 4096 (default)
2019-10-02 11:49:10,664 [979ebbe2-24f7-4b6a-a09f-a9b9f259a4b6@group-BD7DF1521997-LeaderElection9] INFO  server.RaftServerConfigKeys (ConfUtils.java:logGet(43)) - raft.server.watch.timeout = 10s (default)
2019-10-02 11:49:10,665 [979ebbe2-24f7-4b6a-a09f-a9b9f259a4b6@group-BD7DF1521997-LeaderElection9] INFO  server.RaftServerConfigKeys (ConfUtils.java:logGet(43)) - raft.server.watch.timeout.denomination = 1s (default)
2019-10-02 11:49:10,665 [979ebbe2-24f7-4b6a-a09f-a9b9f259a4b6@group-BD7DF1521997-LeaderElection9] INFO  server.RaftServerConfigKeys (ConfUtils.java:logGet(43)) - raft.server.watch.element-limit = 65536 (default)
2019-10-02 11:49:10,675 [979ebbe2-24f7-4b6a-a09f-a9b9f259a4b6@group-BD7DF1521997-LeaderElection9] INFO  server.RaftServerConfigKeys (ConfUtils.java:logGet(43)) - raft.server.log.appender.snapshot.chunk.size.max = 16MB (=16777216) (default)
2019-10-02 11:49:10,675 [979ebbe2-24f7-4b6a-a09f-a9b9f259a4b6@group-BD7DF1521997-LeaderElection9] INFO  server.RaftServerConfigKeys (ConfUtils.java:logGet(43)) - raft.server.log.appender.buffer.byte-limit = 33554432 (custom)
2019-10-02 11:49:10,676 [979ebbe2-24f7-4b6a-a09f-a9b9f259a4b6@group-BD7DF1521997-LeaderElection9] INFO  server.RaftServerConfigKeys (ConfUtils.java:logGet(43)) - raft.server.log.appender.buffer.element-limit = 1 (custom)
2019-10-02 11:49:10,679 [979ebbe2-24f7-4b6a-a09f-a9b9f259a4b6@group-BD7DF1521997-LeaderElection9] INFO  grpc.GrpcConfigKeys$Server (ConfUtils.java:logGet(43)) - raft.grpc.server.leader.outstanding.appends.max = 128 (default)
2019-10-02 11:49:10,687 [979ebbe2-24f7-4b6a-a09f-a9b9f259a4b6@group-BD7DF1521997-LeaderElection9] INFO  server.RaftServerConfigKeys (ConfUtils.java:logGet(43)) - raft.server.rpc.request.timeout = 3000ms (default)
2019-10-02 11:49:10,688 [979ebbe2-24f7-4b6a-a09f-a9b9f259a4b6@group-BD7DF1521997-LeaderElection9] INFO  server.RaftServerConfigKeys (ConfUtils.java:logGet(43)) - raft.server.log.appender.install.snapshot.enabled = false (custom)
2019-10-02 11:49:10,689 [979ebbe2-24f7-4b6a-a09f-a9b9f259a4b6@group-BD7DF1521997-LeaderElection9] INFO  server.RaftServerConfigKeys (ConfUtils.java:logGet(43)) - raft.server.log.appender.snapshot.chunk.size.max = 16MB (=16777216) (default)
2019-10-02 11:49:10,689 [979ebbe2-24f7-4b6a-a09f-a9b9f259a4b6@group-BD7DF1521997-LeaderElection9] INFO  server.RaftServerConfigKeys (ConfUtils.java:logGet(43)) - raft.server.log.appender.buffer.byte-limit = 33554432 (custom)
2019-10-02 11:49:10,689 [979ebbe2-24f7-4b6a-a09f-a9b9f259a4b6@group-BD7DF1521997-LeaderElection9] INFO  server.RaftServerConfigKeys (ConfUtils.java:logGet(43)) - raft.server.log.appender.buffer.element-limit = 1 (custom)
2019-10-02 11:49:10,689 [979ebbe2-24f7-4b6a-a09f-a9b9f259a4b6@group-BD7DF1521997-LeaderElection9] INFO  grpc.GrpcConfigKeys$Server (ConfUtils.java:logGet(43)) - raft.grpc.server.leader.outstanding.appends.max = 128 (default)
2019-10-02 11:49:10,689 [979ebbe2-24f7-4b6a-a09f-a9b9f259a4b6@group-BD7DF1521997-LeaderElection9] INFO  server.RaftServerConfigKeys (ConfUtils.java:logGet(43)) - raft.server.rpc.request.timeout = 3000ms (default)
2019-10-02 11:49:10,689 [979ebbe2-24f7-4b6a-a09f-a9b9f259a4b6@group-BD7DF1521997-LeaderElection9] INFO  server.RaftServerConfigKeys (ConfUtils.java:logGet(43)) - raft.server.log.appender.install.snapshot.enabled = false (custom)
2019-10-02 11:49:10,690 [979ebbe2-24f7-4b6a-a09f-a9b9f259a4b6@group-BD7DF1521997-LeaderElection9] INFO  impl.RoleInfo (RoleInfo.java:updateAndGet(143)) - 979ebbe2-24f7-4b6a-a09f-a9b9f259a4b6: start LeaderState
2019-10-02 11:49:10,691 [979ebbe2-24f7-4b6a-a09f-a9b9f259a4b6@group-BD7DF1521997-LeaderElection9] INFO  segmented.SegmentedRaftLogWorker (SegmentedRaftLogWorker.java:startLogSegment(385)) - 979ebbe2-24f7-4b6a-a09f-a9b9f259a4b6@group-BD7DF1521997-SegmentedRaftLogWorker: Starting segment from index:0
2019-10-02 11:49:10,692 [979ebbe2-24f7-4b6a-a09f-a9b9f259a4b6@group-BD7DF1521997-LeaderElection9] INFO  impl.RaftServerImpl (ServerState.java:setRaftConf(356)) - 979ebbe2-24f7-4b6a-a09f-a9b9f259a4b6@group-BD7DF1521997: set configuration 0: [979ebbe2-24f7-4b6a-a09f-a9b9f259a4b6:192.168.5.178:37076, 6d4ecf29-9ffc-4c39-8dd8-fe3351ab43e9:192.168.5.178:41031, 1ca4baa7-f680-41b4-89de-2f540dbcf4ba:192.168.5.178:35264], old=null at 0
2019-10-02 11:49:10,733 [979ebbe2-24f7-4b6a-a09f-a9b9f259a4b6@group-BD7DF1521997-SegmentedRaftLogWorker] INFO  segmented.SegmentedRaftLogWorker (SegmentedRaftLogWorker.java:execute(574)) - 979ebbe2-24f7-4b6a-a09f-a9b9f259a4b6@group-BD7DF1521997-SegmentedRaftLogWorker: created new log segment /workdir/hadoop-ozone/ozonefs/target/test-dir/MiniOzoneClusterImpl-33e1560a-5563-4dac-9479-547df72b20a1/datanode-2/data/ratis/5c79feec-c216-4d40-8bd7-bd7df1521997/current/log_inprogress_0
2019-10-02 11:49:10,746 [grpc-default-executor-3] INFO  impl.RaftServerImpl (ServerState.java:setLeader(255)) - 1ca4baa7-f680-41b4-89de-2f540dbcf4ba@group-BD7DF1521997: change Leader from null to 979ebbe2-24f7-4b6a-a09f-a9b9f259a4b6 at term 2 for appendEntries, leader elected after 10406ms
2019-10-02 11:49:10,746 [grpc-default-executor-4] INFO  impl.RaftServerImpl (ServerState.java:setLeader(255)) - 6d4ecf29-9ffc-4c39-8dd8-fe3351ab43e9@group-BD7DF1521997: change Leader from null to 979ebbe2-24f7-4b6a-a09f-a9b9f259a4b6 at term 2 for appendEntries, leader elected after 10408ms
2019-10-02 11:49:10,777 [grpc-default-executor-4] INFO  impl.RaftServerImpl (ServerState.java:setRaftConf(356)) - 6d4ecf29-9ffc-4c39-8dd8-fe3351ab43e9@group-BD7DF1521997: set configuration 0: [979ebbe2-24f7-4b6a-a09f-a9b9f259a4b6:192.168.5.178:37076, 6d4ecf29-9ffc-4c39-8dd8-fe3351ab43e9:192.168.5.178:41031, 1ca4baa7-f680-41b4-89de-2f540dbcf4ba:192.168.5.178:35264], old=null at 0
2019-10-02 11:49:10,777 [grpc-default-executor-3] INFO  impl.RaftServerImpl (ServerState.java:setRaftConf(356)) - 1ca4baa7-f680-41b4-89de-2f540dbcf4ba@group-BD7DF1521997: set configuration 0: [979ebbe2-24f7-4b6a-a09f-a9b9f259a4b6:192.168.5.178:37076, 6d4ecf29-9ffc-4c39-8dd8-fe3351ab43e9:192.168.5.178:41031, 1ca4baa7-f680-41b4-89de-2f540dbcf4ba:192.168.5.178:35264], old=null at 0
2019-10-02 11:49:10,778 [grpc-default-executor-4] INFO  segmented.SegmentedRaftLogWorker (SegmentedRaftLogWorker.java:startLogSegment(385)) - 6d4ecf29-9ffc-4c39-8dd8-fe3351ab43e9@group-BD7DF1521997-SegmentedRaftLogWorker: Starting segment from index:0
2019-10-02 11:49:10,778 [grpc-default-executor-3] INFO  segmented.SegmentedRaftLogWorker (SegmentedRaftLogWorker.java:startLogSegment(385)) - 1ca4baa7-f680-41b4-89de-2f540dbcf4ba@group-BD7DF1521997-SegmentedRaftLogWorker: Starting segment from index:0
2019-10-02 11:49:10,817 [1ca4baa7-f680-41b4-89de-2f540dbcf4ba@group-BD7DF1521997-SegmentedRaftLogWorker] INFO  segmented.SegmentedRaftLogWorker (SegmentedRaftLogWorker.java:execute(574)) - 1ca4baa7-f680-41b4-89de-2f540dbcf4ba@group-BD7DF1521997-SegmentedRaftLogWorker: created new log segment /workdir/hadoop-ozone/ozonefs/target/test-dir/MiniOzoneClusterImpl-33e1560a-5563-4dac-9479-547df72b20a1/datanode-0/data/ratis/5c79feec-c216-4d40-8bd7-bd7df1521997/current/log_inprogress_0
2019-10-02 11:49:10,828 [6d4ecf29-9ffc-4c39-8dd8-fe3351ab43e9@group-BD7DF1521997-SegmentedRaftLogWorker] INFO  segmented.SegmentedRaftLogWorker (SegmentedRaftLogWorker.java:execute(574)) - 6d4ecf29-9ffc-4c39-8dd8-fe3351ab43e9@group-BD7DF1521997-SegmentedRaftLogWorker: created new log segment /workdir/hadoop-ozone/ozonefs/target/test-dir/MiniOzoneClusterImpl-33e1560a-5563-4dac-9479-547df72b20a1/datanode-1/data/ratis/5c79feec-c216-4d40-8bd7-bd7df1521997/current/log_inprogress_0
2019-10-02 11:49:11,018 [pool-46-thread-1] ERROR impl.ChunkManagerImpl (ChunkUtils.java:writeData(89)) - data array does not match the length specified. DataLen: 512 Byte Array: 669
2019-10-02 11:49:11,018 [pool-46-thread-1] INFO  keyvalue.KeyValueHandler (ContainerUtils.java:logAndReturnError(146)) - Operation: WriteChunk : Trace ID: 700ab5e2f1c1b63b:700ab5e2f1c1b63b:0:0 : Message: data array does not match the length specified. DataLen: 512 Byte Array: 669 : Result: INVALID_WRITE_SIZE
2019-10-02 11:49:11,031 [EventQueue-IncrementalContainerReportForIncrementalContainerReportHandler] WARN  container.IncrementalContainerReportHandler (AbstractContainerReportHandler.java:updateContainerState(143)) - Container #1 is in OPEN state, but the datanode 979ebbe2-24f7-4b6a-a09f-a9b9f259a4b6{ip: 192.168.5.178, host: pr-trunk-8bg6x-723665176, networkLocation: /default-rack, certSerialId: null} reports an UNHEALTHY replica.
11:49:11.037 [pool-46-thread-1] ERROR DNAudit - user=null | ip=null | op=WRITE_CHUNK {blockData=conID: 1 locID: 102892630402596882 bcsId: 0} | ret=FAILURE
java.lang.Exception: data array does not match the length specified. DataLen: 512 Byte Array: 669
	at org.apache.hadoop.ozone.container.common.impl.HddsDispatcher.dispatchRequest(HddsDispatcher.java:330) ~[hadoop-hdds-container-service-0.5.0-SNAPSHOT.jar:?]
	at org.apache.hadoop.ozone.container.common.impl.HddsDispatcher.dispatch(HddsDispatcher.java:150) ~[hadoop-hdds-container-service-0.5.0-SNAPSHOT.jar:?]
	at org.apache.hadoop.ozone.container.common.transport.server.ratis.ContainerStateMachine.dispatchCommand(ContainerStateMachine.java:407) ~[hadoop-hdds-container-service-0.5.0-SNAPSHOT.jar:?]
	at org.apache.hadoop.ozone.container.common.transport.server.ratis.ContainerStateMachine.runCommand(ContainerStateMachine.java:415) ~[hadoop-hdds-container-service-0.5.0-SNAPSHOT.jar:?]
	at org.apache.hadoop.ozone.container.common.transport.server.ratis.ContainerStateMachine.lambda$handleWriteChunk$1(ContainerStateMachine.java:450) ~[hadoop-hdds-container-service-0.5.0-SNAPSHOT.jar:?]
	at java.util.concurrent.CompletableFuture$AsyncSupply.run(CompletableFuture.java:1590) [?:1.8.0_212]
	at java.util.concurrent.ThreadPoolExecutor.runWorker(ThreadPoolExecutor.java:1149) [?:1.8.0_212]
	at java.util.concurrent.ThreadPoolExecutor$Worker.run(ThreadPoolExecutor.java:624) [?:1.8.0_212]
	at java.lang.Thread.run(Thread.java:748) [?:1.8.0_212]
2019-10-02 11:49:11,039 [pool-46-thread-1] ERROR ratis.ContainerStateMachine (ContainerStateMachine.java:lambda$handleWriteChunk$2(470)) - group-BD7DF1521997: writeChunk writeStateMachineData failed: blockIdcontainerID: 1
localID: 102892630402596882
blockCommitSequenceId: 0
 logIndex 1 chunkName 102892630402596882_chunk_1 Error message: data array does not match the length specified. DataLen: 512 Byte Array: 669 Container Result: INVALID_WRITE_SIZE
2019-10-02 11:49:11,065 [979ebbe2-24f7-4b6a-a09f-a9b9f259a4b6@group-BD7DF1521997-SegmentedRaftLogWorker] ERROR ratis.XceiverServerRatis (XceiverServerRatis.java:triggerPipelineClose(581)) - pipeline Action CLOSE  on pipeline PipelineID=5c79feec-c216-4d40-8bd7-bd7df1521997.Reason : data array does not match the length specified. DataLen: 512 Byte Array: 669
2019-10-02 11:49:11,070 [EventQueue-PipelineActionsForPipelineActionHandler] ERROR pipeline.PipelineActionHandler (PipelineActionHandler.java:onMessage(60)) - Received pipeline action CLOSE for Pipeline[ Id: 5c79feec-c216-4d40-8bd7-bd7df1521997, Nodes: 979ebbe2-24f7-4b6a-a09f-a9b9f259a4b6{ip: 192.168.5.178, host: pr-trunk-8bg6x-723665176, networkLocation: /default-rack, certSerialId: null}1ca4baa7-f680-41b4-89de-2f540dbcf4ba{ip: 192.168.5.178, host: pr-trunk-8bg6x-723665176, networkLocation: /default-rack, certSerialId: null}6d4ecf29-9ffc-4c39-8dd8-fe3351ab43e9{ip: 192.168.5.178, host: pr-trunk-8bg6x-723665176, networkLocation: /default-rack, certSerialId: null}, Type:RATIS, Factor:THREE, State:OPEN] from datanode 979ebbe2-24f7-4b6a-a09f-a9b9f259a4b6{ip: 192.168.5.178, host: pr-trunk-8bg6x-723665176, networkLocation: /default-rack, certSerialId: null}. Reason : data array does not match the length specified. DataLen: 512 Byte Array: 669
2019-10-02 11:49:11,072 [EventQueue-PipelineActionsForPipelineActionHandler] INFO  pipeline.SCMPipelineManager (SCMPipelineManager.java:finalizeAndDestroyPipeline(315)) - destroying pipeline:Pipeline[ Id: 5c79feec-c216-4d40-8bd7-bd7df1521997, Nodes: 979ebbe2-24f7-4b6a-a09f-a9b9f259a4b6{ip: 192.168.5.178, host: pr-trunk-8bg6x-723665176, networkLocation: /default-rack, certSerialId: null}1ca4baa7-f680-41b4-89de-2f540dbcf4ba{ip: 192.168.5.178, host: pr-trunk-8bg6x-723665176, networkLocation: /default-rack, certSerialId: null}6d4ecf29-9ffc-4c39-8dd8-fe3351ab43e9{ip: 192.168.5.178, host: pr-trunk-8bg6x-723665176, networkLocation: /default-rack, certSerialId: null}, Type:RATIS, Factor:THREE, State:OPEN]
2019-10-02 11:49:11,072 [EventQueue-CloseContainerForCloseContainerEventHandler] INFO  container.CloseContainerEventHandler (CloseContainerEventHandler.java:onMessage(61)) - Close container Event triggered for container : #1
2019-10-02 11:49:11,075 [EventQueue-PipelineActionsForPipelineActionHandler] INFO  pipeline.PipelineStateManager (PipelineStateManager.java:finalizePipeline(123)) - Pipeline Pipeline[ Id: 5c79feec-c216-4d40-8bd7-bd7df1521997, Nodes: 979ebbe2-24f7-4b6a-a09f-a9b9f259a4b6{ip: 192.168.5.178, host: pr-trunk-8bg6x-723665176, networkLocation: /default-rack, certSerialId: null}1ca4baa7-f680-41b4-89de-2f540dbcf4ba{ip: 192.168.5.178, host: pr-trunk-8bg6x-723665176, networkLocation: /default-rack, certSerialId: null}6d4ecf29-9ffc-4c39-8dd8-fe3351ab43e9{ip: 192.168.5.178, host: pr-trunk-8bg6x-723665176, networkLocation: /default-rack, certSerialId: null}, Type:RATIS, Factor:THREE, State:CLOSED] moved to CLOSED state
2019-10-02 11:49:11,081 [EventQueue-CloseContainerForCloseContainerEventHandler] INFO  container.CloseContainerEventHandler (CloseContainerEventHandler.java:onMessage(61)) - Close container Event triggered for container : #1
2019-10-02 11:49:11,081 [EventQueue-CloseContainerForCloseContainerEventHandler] INFO  container.CloseContainerEventHandler (CloseContainerEventHandler.java:onMessage(61)) - Close container Event triggered for container : #2
2019-10-02 11:49:11,081 [EventQueue-CloseContainerForCloseContainerEventHandler] INFO  container.CloseContainerEventHandler (CloseContainerEventHandler.java:onMessage(61)) - Close container Event triggered for container : #3
2019-10-02 11:49:11,082 [979ebbe2-24f7-4b6a-a09f-a9b9f259a4b6@group-BD7DF1521997-SegmentedRaftLogWorker] ERROR ratis.XceiverServerRatis (XceiverServerRatis.java:triggerPipelineClose(581)) - pipeline Action CLOSE  on pipeline PipelineID=5c79feec-c216-4d40-8bd7-bd7df1521997.Reason : Log already failed at index 1 for task WriteLog:1: (t:2, i:1), STATEMACHINELOGENTRY, client-E936F65714F0, cid=8
2019-10-02 11:49:11,090 [EventQueue-PipelineActionsForPipelineActionHandler] ERROR pipeline.PipelineActionHandler (PipelineActionHandler.java:onMessage(60)) - Received pipeline action CLOSE for Pipeline[ Id: 5c79feec-c216-4d40-8bd7-bd7df1521997, Nodes: 979ebbe2-24f7-4b6a-a09f-a9b9f259a4b6{ip: 192.168.5.178, host: pr-trunk-8bg6x-723665176, networkLocation: /default-rack, certSerialId: null}1ca4baa7-f680-41b4-89de-2f540dbcf4ba{ip: 192.168.5.178, host: pr-trunk-8bg6x-723665176, networkLocation: /default-rack, certSerialId: null}6d4ecf29-9ffc-4c39-8dd8-fe3351ab43e9{ip: 192.168.5.178, host: pr-trunk-8bg6x-723665176, networkLocation: /default-rack, certSerialId: null}, Type:RATIS, Factor:THREE, State:CLOSED] from datanode 979ebbe2-24f7-4b6a-a09f-a9b9f259a4b6{ip: 192.168.5.178, host: pr-trunk-8bg6x-723665176, networkLocation: /default-rack, certSerialId: null}. Reason : Log already failed at index 1 for task WriteLog:1: (t:2, i:1), STATEMACHINELOGENTRY, client-E936F65714F0, cid=8
2019-10-02 11:49:11,092 [EventQueue-PipelineActionsForPipelineActionHandler] INFO  pipeline.SCMPipelineManager (SCMPipelineManager.java:finalizeAndDestroyPipeline(315)) - destroying pipeline:Pipeline[ Id: 5c79feec-c216-4d40-8bd7-bd7df1521997, Nodes: 979ebbe2-24f7-4b6a-a09f-a9b9f259a4b6{ip: 192.168.5.178, host: pr-trunk-8bg6x-723665176, networkLocation: /default-rack, certSerialId: null}1ca4baa7-f680-41b4-89de-2f540dbcf4ba{ip: 192.168.5.178, host: pr-trunk-8bg6x-723665176, networkLocation: /default-rack, certSerialId: null}6d4ecf29-9ffc-4c39-8dd8-fe3351ab43e9{ip: 192.168.5.178, host: pr-trunk-8bg6x-723665176, networkLocation: /default-rack, certSerialId: null}, Type:RATIS, Factor:THREE, State:CLOSED]
2019-10-02 11:49:12,016 [Command processor thread] ERROR commandhandler.CloseContainerCommandHandler (CloseContainerCommandHandler.java:handle(84)) - Container #2 does not exist in datanode. Container close failed.
2019-10-02 11:49:12,019 [Command processor thread] ERROR commandhandler.CloseContainerCommandHandler (CloseContainerCommandHandler.java:handle(84)) - Container #3 does not exist in datanode. Container close failed.
2019-10-02 11:49:12,782 [Command processor thread] ERROR commandhandler.CloseContainerCommandHandler (CloseContainerCommandHandler.java:handle(84)) - Container #2 does not exist in datanode. Container close failed.
2019-10-02 11:49:12,786 [Command processor thread] ERROR commandhandler.CloseContainerCommandHandler (CloseContainerCommandHandler.java:handle(84)) - Container #3 does not exist in datanode. Container close failed.
2019-10-02 11:49:13,082 [Command processor thread] ERROR commandhandler.CloseContainerCommandHandler (CloseContainerCommandHandler.java:handle(84)) - Container #2 does not exist in datanode. Container close failed.
2019-10-02 11:49:13,082 [Command processor thread] ERROR commandhandler.CloseContainerCommandHandler (CloseContainerCommandHandler.java:handle(84)) - Container #3 does not exist in datanode. Container close failed.
2019-10-02 11:49:13,877 [java.util.concurrent.ThreadPoolExecutor$Worker@6fb16cf3[State = -1, empty queue]] ERROR client.GrpcClientProtocolClient (GrpcClientProtocolClient.java:close(148)) - Unexpected exception while waiting for channel termination
java.lang.InterruptedException
	at java.util.concurrent.locks.AbstractQueuedSynchronizer.tryAcquireSharedNanos(AbstractQueuedSynchronizer.java:1326)
	at java.util.concurrent.CountDownLatch.await(CountDownLatch.java:277)
	at org.apache.ratis.thirdparty.io.grpc.internal.ManagedChannelImpl.awaitTermination(ManagedChannelImpl.java:763)
	at org.apache.ratis.thirdparty.io.grpc.internal.ForwardingManagedChannel.awaitTermination(ForwardingManagedChannel.java:57)
	at org.apache.ratis.thirdparty.io.grpc.internal.ManagedChannelOrphanWrapper.awaitTermination(ManagedChannelOrphanWrapper.java:70)
	at org.apache.ratis.grpc.client.GrpcClientProtocolClient.close(GrpcClientProtocolClient.java:146)
	at org.apache.ratis.util.PeerProxyMap$PeerAndProxy.lambda$close$1(PeerProxyMap.java:74)
	at org.apache.ratis.util.LifeCycle.lambda$checkStateAndClose$2(LifeCycle.java:231)
	at org.apache.ratis.util.LifeCycle.checkStateAndClose(LifeCycle.java:251)
	at org.apache.ratis.util.LifeCycle.checkStateAndClose(LifeCycle.java:229)
	at org.apache.ratis.util.PeerProxyMap$PeerAndProxy.close(PeerProxyMap.java:70)
	at org.apache.ratis.util.PeerProxyMap.resetProxy(PeerProxyMap.java:127)
	at org.apache.ratis.util.PeerProxyMap.handleException(PeerProxyMap.java:136)
	at org.apache.ratis.client.impl.RaftClientRpcWithProxy.handleException(RaftClientRpcWithProxy.java:47)
	at org.apache.ratis.client.impl.RaftClientImpl.handleIOException(RaftClientImpl.java:372)
	at org.apache.ratis.client.impl.OrderedAsync.lambda$sendRequest$10(OrderedAsync.java:236)
	at java.util.concurrent.CompletableFuture.uniExceptionally(CompletableFuture.java:870)
	at java.util.concurrent.CompletableFuture$UniExceptionally.tryFire(CompletableFuture.java:852)
	at java.util.concurrent.CompletableFuture.postComplete(CompletableFuture.java:474)
	at java.util.concurrent.CompletableFuture.completeExceptionally(CompletableFuture.java:1977)
	at org.apache.ratis.grpc.client.GrpcClientProtocolClient$AsyncStreamObservers.lambda$timeoutCheck$3(GrpcClientProtocolClient.java:324)
	at java.util.Optional.ifPresent(Optional.java:159)
	at org.apache.ratis.grpc.client.GrpcClientProtocolClient$AsyncStreamObservers.handleReplyFuture(GrpcClientProtocolClient.java:329)
	at org.apache.ratis.grpc.client.GrpcClientProtocolClient$AsyncStreamObservers.timeoutCheck(GrpcClientProtocolClient.java:324)
	at org.apache.ratis.grpc.client.GrpcClientProtocolClient$AsyncStreamObservers.lambda$onNext$1(GrpcClientProtocolClient.java:318)
	at org.apache.ratis.util.TimeoutScheduler.lambda$onTimeout$0(TimeoutScheduler.java:113)
	at org.apache.ratis.util.TimeoutScheduler.lambda$onTimeout$1(TimeoutScheduler.java:133)
	at org.apache.ratis.util.LogUtils.runAndLog(LogUtils.java:50)
	at org.apache.ratis.util.LogUtils$1.run(LogUtils.java:91)
	at java.util.concurrent.Executors$RunnableAdapter.call(Executors.java:511)
	at java.util.concurrent.FutureTask.run(FutureTask.java:266)
	at java.util.concurrent.ScheduledThreadPoolExecutor$ScheduledFutureTask.access$201(ScheduledThreadPoolExecutor.java:180)
	at java.util.concurrent.ScheduledThreadPoolExecutor$ScheduledFutureTask.run(ScheduledThreadPoolExecutor.java:293)
	at java.util.concurrent.ThreadPoolExecutor.runWorker(ThreadPoolExecutor.java:1149)
	at java.util.concurrent.ThreadPoolExecutor$Worker.run(ThreadPoolExecutor.java:624)
	at java.lang.Thread.run(Thread.java:748)
2019-10-02 11:49:13,880 [java.util.concurrent.ThreadPoolExecutor$Worker@6fb16cf3[State = -1, empty queue]] WARN  util.TimeoutScheduler (LogUtils.java:runAndLog(55)) - Failed to task #0: java.lang.NullPointerException
2019-10-02 11:49:17,919 [java.util.concurrent.ThreadPoolExecutor$Worker@6a1301f0[State = -1, empty queue]] ERROR client.GrpcClientProtocolClient (GrpcClientProtocolClient.java:close(148)) - Unexpected exception while waiting for channel termination
java.lang.InterruptedException
	at java.util.concurrent.locks.AbstractQueuedSynchronizer.tryAcquireSharedNanos(AbstractQueuedSynchronizer.java:1326)
	at java.util.concurrent.CountDownLatch.await(CountDownLatch.java:277)
	at org.apache.ratis.thirdparty.io.grpc.internal.ManagedChannelImpl.awaitTermination(ManagedChannelImpl.java:763)
	at org.apache.ratis.thirdparty.io.grpc.internal.ForwardingManagedChannel.awaitTermination(ForwardingManagedChannel.java:57)
	at org.apache.ratis.thirdparty.io.grpc.internal.ManagedChannelOrphanWrapper.awaitTermination(ManagedChannelOrphanWrapper.java:70)
	at org.apache.ratis.grpc.client.GrpcClientProtocolClient.close(GrpcClientProtocolClient.java:146)
	at org.apache.ratis.util.PeerProxyMap$PeerAndProxy.lambda$close$1(PeerProxyMap.java:74)
	at org.apache.ratis.util.LifeCycle.lambda$checkStateAndClose$2(LifeCycle.java:231)
	at org.apache.ratis.util.LifeCycle.checkStateAndClose(LifeCycle.java:251)
	at org.apache.ratis.util.LifeCycle.checkStateAndClose(LifeCycle.java:229)
	at org.apache.ratis.util.PeerProxyMap$PeerAndProxy.close(PeerProxyMap.java:70)
	at org.apache.ratis.util.PeerProxyMap.resetProxy(PeerProxyMap.java:127)
	at org.apache.ratis.util.PeerProxyMap.handleException(PeerProxyMap.java:136)
	at org.apache.ratis.client.impl.RaftClientRpcWithProxy.handleException(RaftClientRpcWithProxy.java:47)
	at org.apache.ratis.client.impl.RaftClientImpl.handleIOException(RaftClientImpl.java:372)
	at org.apache.ratis.client.impl.OrderedAsync.lambda$sendRequest$10(OrderedAsync.java:236)
	at java.util.concurrent.CompletableFuture.uniExceptionally(CompletableFuture.java:870)
	at java.util.concurrent.CompletableFuture$UniExceptionally.tryFire(CompletableFuture.java:852)
	at java.util.concurrent.CompletableFuture.postComplete(CompletableFuture.java:474)
	at java.util.concurrent.CompletableFuture.completeExceptionally(CompletableFuture.java:1977)
	at org.apache.ratis.grpc.client.GrpcClientProtocolClient$AsyncStreamObservers.lambda$timeoutCheck$3(GrpcClientProtocolClient.java:324)
	at java.util.Optional.ifPresent(Optional.java:159)
	at org.apache.ratis.grpc.client.GrpcClientProtocolClient$AsyncStreamObservers.handleReplyFuture(GrpcClientProtocolClient.java:329)
	at org.apache.ratis.grpc.client.GrpcClientProtocolClient$AsyncStreamObservers.timeoutCheck(GrpcClientProtocolClient.java:324)
	at org.apache.ratis.grpc.client.GrpcClientProtocolClient$AsyncStreamObservers.lambda$onNext$1(GrpcClientProtocolClient.java:318)
	at org.apache.ratis.util.TimeoutScheduler.lambda$onTimeout$0(TimeoutScheduler.java:113)
	at org.apache.ratis.util.TimeoutScheduler.lambda$onTimeout$1(TimeoutScheduler.java:133)
	at org.apache.ratis.util.LogUtils.runAndLog(LogUtils.java:50)
	at org.apache.ratis.util.LogUtils$1.run(LogUtils.java:91)
	at java.util.concurrent.Executors$RunnableAdapter.call(Executors.java:511)
	at java.util.concurrent.FutureTask.run(FutureTask.java:266)
	at java.util.concurrent.ScheduledThreadPoolExecutor$ScheduledFutureTask.access$201(ScheduledThreadPoolExecutor.java:180)
	at java.util.concurrent.ScheduledThreadPoolExecutor$ScheduledFutureTask.run(ScheduledThreadPoolExecutor.java:293)
	at java.util.concurrent.ThreadPoolExecutor.runWorker(ThreadPoolExecutor.java:1149)
	at java.util.concurrent.ThreadPoolExecutor$Worker.run(ThreadPoolExecutor.java:624)
	at java.lang.Thread.run(Thread.java:748)
2019-10-02 11:49:17,920 [java.util.concurrent.ThreadPoolExecutor$Worker@6a1301f0[State = -1, empty queue]] WARN  util.TimeoutScheduler (LogUtils.java:runAndLog(55)) - Failed to task #0: java.lang.NullPointerException
2019-10-02 11:49:21,968 [java.util.concurrent.ThreadPoolExecutor$Worker@66785501[State = -1, empty queue]] ERROR client.GrpcClientProtocolClient (GrpcClientProtocolClient.java:close(148)) - Unexpected exception while waiting for channel termination
java.lang.InterruptedException
	at java.util.concurrent.locks.AbstractQueuedSynchronizer.tryAcquireSharedNanos(AbstractQueuedSynchronizer.java:1326)
	at java.util.concurrent.CountDownLatch.await(CountDownLatch.java:277)
	at org.apache.ratis.thirdparty.io.grpc.internal.ManagedChannelImpl.awaitTermination(ManagedChannelImpl.java:763)
	at org.apache.ratis.thirdparty.io.grpc.internal.ForwardingManagedChannel.awaitTermination(ForwardingManagedChannel.java:57)
	at org.apache.ratis.thirdparty.io.grpc.internal.ManagedChannelOrphanWrapper.awaitTermination(ManagedChannelOrphanWrapper.java:70)
	at org.apache.ratis.grpc.client.GrpcClientProtocolClient.close(GrpcClientProtocolClient.java:146)
	at org.apache.ratis.util.PeerProxyMap$PeerAndProxy.lambda$close$1(PeerProxyMap.java:74)
	at org.apache.ratis.util.LifeCycle.lambda$checkStateAndClose$2(LifeCycle.java:231)
	at org.apache.ratis.util.LifeCycle.checkStateAndClose(LifeCycle.java:251)
	at org.apache.ratis.util.LifeCycle.checkStateAndClose(LifeCycle.java:229)
	at org.apache.ratis.util.PeerProxyMap$PeerAndProxy.close(PeerProxyMap.java:70)
	at org.apache.ratis.util.PeerProxyMap.resetProxy(PeerProxyMap.java:127)
	at org.apache.ratis.util.PeerProxyMap.handleException(PeerProxyMap.java:136)
	at org.apache.ratis.client.impl.RaftClientRpcWithProxy.handleException(RaftClientRpcWithProxy.java:47)
	at org.apache.ratis.client.impl.RaftClientImpl.handleIOException(RaftClientImpl.java:372)
	at org.apache.ratis.client.impl.OrderedAsync.lambda$sendRequest$10(OrderedAsync.java:236)
	at java.util.concurrent.CompletableFuture.uniExceptionally(CompletableFuture.java:870)
	at java.util.concurrent.CompletableFuture$UniExceptionally.tryFire(CompletableFuture.java:852)
	at java.util.concurrent.CompletableFuture.postComplete(CompletableFuture.java:474)
	at java.util.concurrent.CompletableFuture.completeExceptionally(CompletableFuture.java:1977)
	at org.apache.ratis.grpc.client.GrpcClientProtocolClient$AsyncStreamObservers.lambda$timeoutCheck$3(GrpcClientProtocolClient.java:324)
	at java.util.Optional.ifPresent(Optional.java:159)
	at org.apache.ratis.grpc.client.GrpcClientProtocolClient$AsyncStreamObservers.handleReplyFuture(GrpcClientProtocolClient.java:329)
	at org.apache.ratis.grpc.client.GrpcClientProtocolClient$AsyncStreamObservers.timeoutCheck(GrpcClientProtocolClient.java:324)
	at org.apache.ratis.grpc.client.GrpcClientProtocolClient$AsyncStreamObservers.lambda$onNext$1(GrpcClientProtocolClient.java:318)
	at org.apache.ratis.util.TimeoutScheduler.lambda$onTimeout$0(TimeoutScheduler.java:113)
	at org.apache.ratis.util.TimeoutScheduler.lambda$onTimeout$1(TimeoutScheduler.java:133)
	at org.apache.ratis.util.LogUtils.runAndLog(LogUtils.java:50)
	at org.apache.ratis.util.LogUtils$1.run(LogUtils.java:91)
	at java.util.concurrent.Executors$RunnableAdapter.call(Executors.java:511)
	at java.util.concurrent.FutureTask.run(FutureTask.java:266)
	at java.util.concurrent.ScheduledThreadPoolExecutor$ScheduledFutureTask.access$201(ScheduledThreadPoolExecutor.java:180)
	at java.util.concurrent.ScheduledThreadPoolExecutor$ScheduledFutureTask.run(ScheduledThreadPoolExecutor.java:293)
	at java.util.concurrent.ThreadPoolExecutor.runWorker(ThreadPoolExecutor.java:1149)
	at java.util.concurrent.ThreadPoolExecutor$Worker.run(ThreadPoolExecutor.java:624)
	at java.lang.Thread.run(Thread.java:748)
2019-10-02 11:49:21,969 [java.util.concurrent.ThreadPoolExecutor$Worker@66785501[State = -1, empty queue]] WARN  util.TimeoutScheduler (LogUtils.java:runAndLog(55)) - Failed to task #0: java.lang.NullPointerException
2019-10-02 11:49:26,012 [java.util.concurrent.ThreadPoolExecutor$Worker@357d3228[State = -1, empty queue]] ERROR client.GrpcClientProtocolClient (GrpcClientProtocolClient.java:close(148)) - Unexpected exception while waiting for channel termination
java.lang.InterruptedException
	at java.util.concurrent.locks.AbstractQueuedSynchronizer.tryAcquireSharedNanos(AbstractQueuedSynchronizer.java:1326)
	at java.util.concurrent.CountDownLatch.await(CountDownLatch.java:277)
	at org.apache.ratis.thirdparty.io.grpc.internal.ManagedChannelImpl.awaitTermination(ManagedChannelImpl.java:763)
	at org.apache.ratis.thirdparty.io.grpc.internal.ForwardingManagedChannel.awaitTermination(ForwardingManagedChannel.java:57)
	at org.apache.ratis.thirdparty.io.grpc.internal.ManagedChannelOrphanWrapper.awaitTermination(ManagedChannelOrphanWrapper.java:70)
	at org.apache.ratis.grpc.client.GrpcClientProtocolClient.close(GrpcClientProtocolClient.java:146)
	at org.apache.ratis.util.PeerProxyMap$PeerAndProxy.lambda$close$1(PeerProxyMap.java:74)
	at org.apache.ratis.util.LifeCycle.lambda$checkStateAndClose$2(LifeCycle.java:231)
	at org.apache.ratis.util.LifeCycle.checkStateAndClose(LifeCycle.java:251)
	at org.apache.ratis.util.LifeCycle.checkStateAndClose(LifeCycle.java:229)
	at org.apache.ratis.util.PeerProxyMap$PeerAndProxy.close(PeerProxyMap.java:70)
	at org.apache.ratis.util.PeerProxyMap.resetProxy(PeerProxyMap.java:127)
	at org.apache.ratis.util.PeerProxyMap.handleException(PeerProxyMap.java:136)
	at org.apache.ratis.client.impl.RaftClientRpcWithProxy.handleException(RaftClientRpcWithProxy.java:47)
	at org.apache.ratis.client.impl.RaftClientImpl.handleIOException(RaftClientImpl.java:372)
	at org.apache.ratis.client.impl.OrderedAsync.lambda$sendRequest$10(OrderedAsync.java:236)
	at java.util.concurrent.CompletableFuture.uniExceptionally(CompletableFuture.java:870)
	at java.util.concurrent.CompletableFuture$UniExceptionally.tryFire(CompletableFuture.java:852)
	at java.util.concurrent.CompletableFuture.postComplete(CompletableFuture.java:474)
	at java.util.concurrent.CompletableFuture.completeExceptionally(CompletableFuture.java:1977)
	at org.apache.ratis.grpc.client.GrpcClientProtocolClient$AsyncStreamObservers.lambda$timeoutCheck$3(GrpcClientProtocolClient.java:324)
	at java.util.Optional.ifPresent(Optional.java:159)
	at org.apache.ratis.grpc.client.GrpcClientProtocolClient$AsyncStreamObservers.handleReplyFuture(GrpcClientProtocolClient.java:329)
	at org.apache.ratis.grpc.client.GrpcClientProtocolClient$AsyncStreamObservers.timeoutCheck(GrpcClientProtocolClient.java:324)
	at org.apache.ratis.grpc.client.GrpcClientProtocolClient$AsyncStreamObservers.lambda$onNext$1(GrpcClientProtocolClient.java:318)
	at org.apache.ratis.util.TimeoutScheduler.lambda$onTimeout$0(TimeoutScheduler.java:113)
	at org.apache.ratis.util.TimeoutScheduler.lambda$onTimeout$1(TimeoutScheduler.java:133)
	at org.apache.ratis.util.LogUtils.runAndLog(LogUtils.java:50)
	at org.apache.ratis.util.LogUtils$1.run(LogUtils.java:91)
	at java.util.concurrent.Executors$RunnableAdapter.call(Executors.java:511)
	at java.util.concurrent.FutureTask.run(FutureTask.java:266)
	at java.util.concurrent.ScheduledThreadPoolExecutor$ScheduledFutureTask.access$201(ScheduledThreadPoolExecutor.java:180)
	at java.util.concurrent.ScheduledThreadPoolExecutor$ScheduledFutureTask.run(ScheduledThreadPoolExecutor.java:293)
	at java.util.concurrent.ThreadPoolExecutor.runWorker(ThreadPoolExecutor.java:1149)
	at java.util.concurrent.ThreadPoolExecutor$Worker.run(ThreadPoolExecutor.java:624)
	at java.lang.Thread.run(Thread.java:748)
2019-10-02 11:49:26,013 [java.util.concurrent.ThreadPoolExecutor$Worker@357d3228[State = -1, empty queue]] WARN  util.TimeoutScheduler (LogUtils.java:runAndLog(55)) - Failed to task #0: java.lang.NullPointerException
2019-10-02 11:49:30,060 [java.util.concurrent.ThreadPoolExecutor$Worker@589ddccc[State = -1, empty queue]] ERROR client.GrpcClientProtocolClient (GrpcClientProtocolClient.java:close(148)) - Unexpected exception while waiting for channel termination
java.lang.InterruptedException
	at java.util.concurrent.locks.AbstractQueuedSynchronizer.tryAcquireSharedNanos(AbstractQueuedSynchronizer.java:1326)
	at java.util.concurrent.CountDownLatch.await(CountDownLatch.java:277)
	at org.apache.ratis.thirdparty.io.grpc.internal.ManagedChannelImpl.awaitTermination(ManagedChannelImpl.java:763)
	at org.apache.ratis.thirdparty.io.grpc.internal.ForwardingManagedChannel.awaitTermination(ForwardingManagedChannel.java:57)
	at org.apache.ratis.thirdparty.io.grpc.internal.ManagedChannelOrphanWrapper.awaitTermination(ManagedChannelOrphanWrapper.java:70)
	at org.apache.ratis.grpc.client.GrpcClientProtocolClient.close(GrpcClientProtocolClient.java:146)
	at org.apache.ratis.util.PeerProxyMap$PeerAndProxy.lambda$close$1(PeerProxyMap.java:74)
	at org.apache.ratis.util.LifeCycle.lambda$checkStateAndClose$2(LifeCycle.java:231)
	at org.apache.ratis.util.LifeCycle.checkStateAndClose(LifeCycle.java:251)
	at org.apache.ratis.util.LifeCycle.checkStateAndClose(LifeCycle.java:229)
	at org.apache.ratis.util.PeerProxyMap$PeerAndProxy.close(PeerProxyMap.java:70)
	at org.apache.ratis.util.PeerProxyMap.resetProxy(PeerProxyMap.java:127)
	at org.apache.ratis.util.PeerProxyMap.handleException(PeerProxyMap.java:136)
	at org.apache.ratis.client.impl.RaftClientRpcWithProxy.handleException(RaftClientRpcWithProxy.java:47)
	at org.apache.ratis.client.impl.RaftClientImpl.handleIOException(RaftClientImpl.java:372)
	at org.apache.ratis.client.impl.OrderedAsync.lambda$sendRequest$10(OrderedAsync.java:236)
	at java.util.concurrent.CompletableFuture.uniExceptionally(CompletableFuture.java:870)
	at java.util.concurrent.CompletableFuture$UniExceptionally.tryFire(CompletableFuture.java:852)
	at java.util.concurrent.CompletableFuture.postComplete(CompletableFuture.java:474)
	at java.util.concurrent.CompletableFuture.completeExceptionally(CompletableFuture.java:1977)
	at org.apache.ratis.grpc.client.GrpcClientProtocolClient$AsyncStreamObservers.lambda$timeoutCheck$3(GrpcClientProtocolClient.java:324)
	at java.util.Optional.ifPresent(Optional.java:159)
	at org.apache.ratis.grpc.client.GrpcClientProtocolClient$AsyncStreamObservers.handleReplyFuture(GrpcClientProtocolClient.java:329)
	at org.apache.ratis.grpc.client.GrpcClientProtocolClient$AsyncStreamObservers.timeoutCheck(GrpcClientProtocolClient.java:324)
	at org.apache.ratis.grpc.client.GrpcClientProtocolClient$AsyncStreamObservers.lambda$onNext$1(GrpcClientProtocolClient.java:318)
	at org.apache.ratis.util.TimeoutScheduler.lambda$onTimeout$0(TimeoutScheduler.java:113)
	at org.apache.ratis.util.TimeoutScheduler.lambda$onTimeout$1(TimeoutScheduler.java:133)
	at org.apache.ratis.util.LogUtils.runAndLog(LogUtils.java:50)
	at org.apache.ratis.util.LogUtils$1.run(LogUtils.java:91)
	at java.util.concurrent.Executors$RunnableAdapter.call(Executors.java:511)
	at java.util.concurrent.FutureTask.run(FutureTask.java:266)
	at java.util.concurrent.ScheduledThreadPoolExecutor$ScheduledFutureTask.access$201(ScheduledThreadPoolExecutor.java:180)
	at java.util.concurrent.ScheduledThreadPoolExecutor$ScheduledFutureTask.run(ScheduledThreadPoolExecutor.java:293)
	at java.util.concurrent.ThreadPoolExecutor.runWorker(ThreadPoolExecutor.java:1149)
	at java.util.concurrent.ThreadPoolExecutor$Worker.run(ThreadPoolExecutor.java:624)
	at java.lang.Thread.run(Thread.java:748)
2019-10-02 11:49:30,062 [java.util.concurrent.ThreadPoolExecutor$Worker@589ddccc[State = -1, empty queue]] WARN  util.TimeoutScheduler (LogUtils.java:runAndLog(55)) - Failed to task #0: java.lang.NullPointerException
2019-10-02 11:49:34,104 [java.util.concurrent.ThreadPoolExecutor$Worker@6e8310b8[State = -1, empty queue]] ERROR client.GrpcClientProtocolClient (GrpcClientProtocolClient.java:close(148)) - Unexpected exception while waiting for channel termination
java.lang.InterruptedException
	at java.util.concurrent.locks.AbstractQueuedSynchronizer.tryAcquireSharedNanos(AbstractQueuedSynchronizer.java:1326)
	at java.util.concurrent.CountDownLatch.await(CountDownLatch.java:277)
	at org.apache.ratis.thirdparty.io.grpc.internal.ManagedChannelImpl.awaitTermination(ManagedChannelImpl.java:763)
	at org.apache.ratis.thirdparty.io.grpc.internal.ForwardingManagedChannel.awaitTermination(ForwardingManagedChannel.java:57)
	at org.apache.ratis.thirdparty.io.grpc.internal.ManagedChannelOrphanWrapper.awaitTermination(ManagedChannelOrphanWrapper.java:70)
	at org.apache.ratis.grpc.client.GrpcClientProtocolClient.close(GrpcClientProtocolClient.java:146)
	at org.apache.ratis.util.PeerProxyMap$PeerAndProxy.lambda$close$1(PeerProxyMap.java:74)
	at org.apache.ratis.util.LifeCycle.lambda$checkStateAndClose$2(LifeCycle.java:231)
	at org.apache.ratis.util.LifeCycle.checkStateAndClose(LifeCycle.java:251)
	at org.apache.ratis.util.LifeCycle.checkStateAndClose(LifeCycle.java:229)
	at org.apache.ratis.util.PeerProxyMap$PeerAndProxy.close(PeerProxyMap.java:70)
	at org.apache.ratis.util.PeerProxyMap.resetProxy(PeerProxyMap.java:127)
	at org.apache.ratis.util.PeerProxyMap.handleException(PeerProxyMap.java:136)
	at org.apache.ratis.client.impl.RaftClientRpcWithProxy.handleException(RaftClientRpcWithProxy.java:47)
	at org.apache.ratis.client.impl.RaftClientImpl.handleIOException(RaftClientImpl.java:372)
	at org.apache.ratis.client.impl.OrderedAsync.lambda$sendRequest$10(OrderedAsync.java:236)
	at java.util.concurrent.CompletableFuture.uniExceptionally(CompletableFuture.java:870)
	at java.util.concurrent.CompletableFuture$UniExceptionally.tryFire(CompletableFuture.java:852)
	at java.util.concurrent.CompletableFuture.postComplete(CompletableFuture.java:474)
	at java.util.concurrent.CompletableFuture.completeExceptionally(CompletableFuture.java:1977)
	at org.apache.ratis.grpc.client.GrpcClientProtocolClient$AsyncStreamObservers.lambda$timeoutCheck$3(GrpcClientProtocolClient.java:324)
	at java.util.Optional.ifPresent(Optional.java:159)
	at org.apache.ratis.grpc.client.GrpcClientProtocolClient$AsyncStreamObservers.handleReplyFuture(GrpcClientProtocolClient.java:329)
	at org.apache.ratis.grpc.client.GrpcClientProtocolClient$AsyncStreamObservers.timeoutCheck(GrpcClientProtocolClient.java:324)
	at org.apache.ratis.grpc.client.GrpcClientProtocolClient$AsyncStreamObservers.lambda$onNext$1(GrpcClientProtocolClient.java:318)
	at org.apache.ratis.util.TimeoutScheduler.lambda$onTimeout$0(TimeoutScheduler.java:113)
	at org.apache.ratis.util.TimeoutScheduler.lambda$onTimeout$1(TimeoutScheduler.java:133)
	at org.apache.ratis.util.LogUtils.runAndLog(LogUtils.java:50)
	at org.apache.ratis.util.LogUtils$1.run(LogUtils.java:91)
	at java.util.concurrent.Executors$RunnableAdapter.call(Executors.java:511)
	at java.util.concurrent.FutureTask.run(FutureTask.java:266)
	at java.util.concurrent.ScheduledThreadPoolExecutor$ScheduledFutureTask.access$201(ScheduledThreadPoolExecutor.java:180)
	at java.util.concurrent.ScheduledThreadPoolExecutor$ScheduledFutureTask.run(ScheduledThreadPoolExecutor.java:293)
	at java.util.concurrent.ThreadPoolExecutor.runWorker(ThreadPoolExecutor.java:1149)
	at java.util.concurrent.ThreadPoolExecutor$Worker.run(ThreadPoolExecutor.java:624)
	at java.lang.Thread.run(Thread.java:748)
2019-10-02 11:49:34,107 [java.util.concurrent.ThreadPoolExecutor$Worker@6e8310b8[State = -1, empty queue]] WARN  util.TimeoutScheduler (LogUtils.java:runAndLog(55)) - Failed to task #0: java.lang.NullPointerException
2019-10-02 11:49:38,167 [java.util.concurrent.ThreadPoolExecutor$Worker@60087875[State = -1, empty queue]] ERROR client.GrpcClientProtocolClient (GrpcClientProtocolClient.java:close(148)) - Unexpected exception while waiting for channel termination
java.lang.InterruptedException
	at java.util.concurrent.locks.AbstractQueuedSynchronizer.tryAcquireSharedNanos(AbstractQueuedSynchronizer.java:1326)
	at java.util.concurrent.CountDownLatch.await(CountDownLatch.java:277)
	at org.apache.ratis.thirdparty.io.grpc.internal.ManagedChannelImpl.awaitTermination(ManagedChannelImpl.java:763)
	at org.apache.ratis.thirdparty.io.grpc.internal.ForwardingManagedChannel.awaitTermination(ForwardingManagedChannel.java:57)
	at org.apache.ratis.thirdparty.io.grpc.internal.ManagedChannelOrphanWrapper.awaitTermination(ManagedChannelOrphanWrapper.java:70)
	at org.apache.ratis.grpc.client.GrpcClientProtocolClient.close(GrpcClientProtocolClient.java:146)
	at org.apache.ratis.util.PeerProxyMap$PeerAndProxy.lambda$close$1(PeerProxyMap.java:74)
	at org.apache.ratis.util.LifeCycle.lambda$checkStateAndClose$2(LifeCycle.java:231)
	at org.apache.ratis.util.LifeCycle.checkStateAndClose(LifeCycle.java:251)
	at org.apache.ratis.util.LifeCycle.checkStateAndClose(LifeCycle.java:229)
	at org.apache.ratis.util.PeerProxyMap$PeerAndProxy.close(PeerProxyMap.java:70)
	at org.apache.ratis.util.PeerProxyMap.resetProxy(PeerProxyMap.java:127)
	at org.apache.ratis.util.PeerProxyMap.handleException(PeerProxyMap.java:136)
	at org.apache.ratis.client.impl.RaftClientRpcWithProxy.handleException(RaftClientRpcWithProxy.java:47)
	at org.apache.ratis.client.impl.RaftClientImpl.handleIOException(RaftClientImpl.java:372)
	at org.apache.ratis.client.impl.OrderedAsync.lambda$sendRequest$10(OrderedAsync.java:236)
	at java.util.concurrent.CompletableFuture.uniExceptionally(CompletableFuture.java:870)
	at java.util.concurrent.CompletableFuture$UniExceptionally.tryFire(CompletableFuture.java:852)
	at java.util.concurrent.CompletableFuture.postComplete(CompletableFuture.java:474)
	at java.util.concurrent.CompletableFuture.completeExceptionally(CompletableFuture.java:1977)
	at org.apache.ratis.grpc.client.GrpcClientProtocolClient$AsyncStreamObservers.lambda$timeoutCheck$3(GrpcClientProtocolClient.java:324)
	at java.util.Optional.ifPresent(Optional.java:159)
	at org.apache.ratis.grpc.client.GrpcClientProtocolClient$AsyncStreamObservers.handleReplyFuture(GrpcClientProtocolClient.java:329)
	at org.apache.ratis.grpc.client.GrpcClientProtocolClient$AsyncStreamObservers.timeoutCheck(GrpcClientProtocolClient.java:324)
	at org.apache.ratis.grpc.client.GrpcClientProtocolClient$AsyncStreamObservers.lambda$onNext$1(GrpcClientProtocolClient.java:318)
	at org.apache.ratis.util.TimeoutScheduler.lambda$onTimeout$0(TimeoutScheduler.java:113)
	at org.apache.ratis.util.TimeoutScheduler.lambda$onTimeout$1(TimeoutScheduler.java:133)
	at org.apache.ratis.util.LogUtils.runAndLog(LogUtils.java:50)
	at org.apache.ratis.util.LogUtils$1.run(LogUtils.java:91)
	at java.util.concurrent.Executors$RunnableAdapter.call(Executors.java:511)
	at java.util.concurrent.FutureTask.run(FutureTask.java:266)
	at java.util.concurrent.ScheduledThreadPoolExecutor$ScheduledFutureTask.access$201(ScheduledThreadPoolExecutor.java:180)
	at java.util.concurrent.ScheduledThreadPoolExecutor$ScheduledFutureTask.run(ScheduledThreadPoolExecutor.java:293)
	at java.util.concurrent.ThreadPoolExecutor.runWorker(ThreadPoolExecutor.java:1149)
	at java.util.concurrent.ThreadPoolExecutor$Worker.run(ThreadPoolExecutor.java:624)
	at java.lang.Thread.run(Thread.java:748)
2019-10-02 11:49:38,169 [java.util.concurrent.ThreadPoolExecutor$Worker@60087875[State = -1, empty queue]] WARN  util.TimeoutScheduler (LogUtils.java:runAndLog(55)) - Failed to task #0: java.lang.NullPointerException
2019-10-02 11:49:42,220 [java.util.concurrent.ThreadPoolExecutor$Worker@7f42dbd5[State = -1, empty queue]] ERROR client.GrpcClientProtocolClient (GrpcClientProtocolClient.java:close(148)) - Unexpected exception while waiting for channel termination
java.lang.InterruptedException
	at java.util.concurrent.locks.AbstractQueuedSynchronizer.tryAcquireSharedNanos(AbstractQueuedSynchronizer.java:1326)
	at java.util.concurrent.CountDownLatch.await(CountDownLatch.java:277)
	at org.apache.ratis.thirdparty.io.grpc.internal.ManagedChannelImpl.awaitTermination(ManagedChannelImpl.java:763)
	at org.apache.ratis.thirdparty.io.grpc.internal.ForwardingManagedChannel.awaitTermination(ForwardingManagedChannel.java:57)
	at org.apache.ratis.thirdparty.io.grpc.internal.ManagedChannelOrphanWrapper.awaitTermination(ManagedChannelOrphanWrapper.java:70)
	at org.apache.ratis.grpc.client.GrpcClientProtocolClient.close(GrpcClientProtocolClient.java:146)
	at org.apache.ratis.util.PeerProxyMap$PeerAndProxy.lambda$close$1(PeerProxyMap.java:74)
	at org.apache.ratis.util.LifeCycle.lambda$checkStateAndClose$2(LifeCycle.java:231)
	at org.apache.ratis.util.LifeCycle.checkStateAndClose(LifeCycle.java:251)
	at org.apache.ratis.util.LifeCycle.checkStateAndClose(LifeCycle.java:229)
	at org.apache.ratis.util.PeerProxyMap$PeerAndProxy.close(PeerProxyMap.java:70)
	at org.apache.ratis.util.PeerProxyMap.resetProxy(PeerProxyMap.java:127)
	at org.apache.ratis.util.PeerProxyMap.handleException(PeerProxyMap.java:136)
	at org.apache.ratis.client.impl.RaftClientRpcWithProxy.handleException(RaftClientRpcWithProxy.java:47)
	at org.apache.ratis.client.impl.RaftClientImpl.handleIOException(RaftClientImpl.java:372)
	at org.apache.ratis.client.impl.OrderedAsync.lambda$sendRequest$10(OrderedAsync.java:236)
	at java.util.concurrent.CompletableFuture.uniExceptionally(CompletableFuture.java:870)
	at java.util.concurrent.CompletableFuture$UniExceptionally.tryFire(CompletableFuture.java:852)
	at java.util.concurrent.CompletableFuture.postComplete(CompletableFuture.java:474)
	at java.util.concurrent.CompletableFuture.completeExceptionally(CompletableFuture.java:1977)
	at org.apache.ratis.grpc.client.GrpcClientProtocolClient$AsyncStreamObservers.lambda$timeoutCheck$3(GrpcClientProtocolClient.java:324)
	at java.util.Optional.ifPresent(Optional.java:159)
	at org.apache.ratis.grpc.client.GrpcClientProtocolClient$AsyncStreamObservers.handleReplyFuture(GrpcClientProtocolClient.java:329)
	at org.apache.ratis.grpc.client.GrpcClientProtocolClient$AsyncStreamObservers.timeoutCheck(GrpcClientProtocolClient.java:324)
	at org.apache.ratis.grpc.client.GrpcClientProtocolClient$AsyncStreamObservers.lambda$onNext$1(GrpcClientProtocolClient.java:318)
	at org.apache.ratis.util.TimeoutScheduler.lambda$onTimeout$0(TimeoutScheduler.java:113)
	at org.apache.ratis.util.TimeoutScheduler.lambda$onTimeout$1(TimeoutScheduler.java:133)
	at org.apache.ratis.util.LogUtils.runAndLog(LogUtils.java:50)
	at org.apache.ratis.util.LogUtils$1.run(LogUtils.java:91)
	at java.util.concurrent.Executors$RunnableAdapter.call(Executors.java:511)
	at java.util.concurrent.FutureTask.run(FutureTask.java:266)
	at java.util.concurrent.ScheduledThreadPoolExecutor$ScheduledFutureTask.access$201(ScheduledThreadPoolExecutor.java:180)
	at java.util.concurrent.ScheduledThreadPoolExecutor$ScheduledFutureTask.run(ScheduledThreadPoolExecutor.java:293)
	at java.util.concurrent.ThreadPoolExecutor.runWorker(ThreadPoolExecutor.java:1149)
	at java.util.concurrent.ThreadPoolExecutor$Worker.run(ThreadPoolExecutor.java:624)
	at java.lang.Thread.run(Thread.java:748)
2019-10-02 11:49:42,224 [java.util.concurrent.ThreadPoolExecutor$Worker@7f42dbd5[State = -1, empty queue]] WARN  util.TimeoutScheduler (LogUtils.java:runAndLog(55)) - Failed to task #0: java.lang.NullPointerException
2019-10-02 11:49:46,259 [java.util.concurrent.ThreadPoolExecutor$Worker@22b19516[State = -1, empty queue]] ERROR client.GrpcClientProtocolClient (GrpcClientProtocolClient.java:close(148)) - Unexpected exception while waiting for channel termination
java.lang.InterruptedException
	at java.util.concurrent.locks.AbstractQueuedSynchronizer.tryAcquireSharedNanos(AbstractQueuedSynchronizer.java:1326)
	at java.util.concurrent.CountDownLatch.await(CountDownLatch.java:277)
	at org.apache.ratis.thirdparty.io.grpc.internal.ManagedChannelImpl.awaitTermination(ManagedChannelImpl.java:763)
	at org.apache.ratis.thirdparty.io.grpc.internal.ForwardingManagedChannel.awaitTermination(ForwardingManagedChannel.java:57)
	at org.apache.ratis.thirdparty.io.grpc.internal.ManagedChannelOrphanWrapper.awaitTermination(ManagedChannelOrphanWrapper.java:70)
	at org.apache.ratis.grpc.client.GrpcClientProtocolClient.close(GrpcClientProtocolClient.java:146)
	at org.apache.ratis.util.PeerProxyMap$PeerAndProxy.lambda$close$1(PeerProxyMap.java:74)
	at org.apache.ratis.util.LifeCycle.lambda$checkStateAndClose$2(LifeCycle.java:231)
	at org.apache.ratis.util.LifeCycle.checkStateAndClose(LifeCycle.java:251)
	at org.apache.ratis.util.LifeCycle.checkStateAndClose(LifeCycle.java:229)
	at org.apache.ratis.util.PeerProxyMap$PeerAndProxy.close(PeerProxyMap.java:70)
	at org.apache.ratis.util.PeerProxyMap.resetProxy(PeerProxyMap.java:127)
	at org.apache.ratis.util.PeerProxyMap.handleException(PeerProxyMap.java:136)
	at org.apache.ratis.client.impl.RaftClientRpcWithProxy.handleException(RaftClientRpcWithProxy.java:47)
	at org.apache.ratis.client.impl.RaftClientImpl.handleIOException(RaftClientImpl.java:372)
	at org.apache.ratis.client.impl.OrderedAsync.lambda$sendRequest$10(OrderedAsync.java:236)
	at java.util.concurrent.CompletableFuture.uniExceptionally(CompletableFuture.java:870)
	at java.util.concurrent.CompletableFuture$UniExceptionally.tryFire(CompletableFuture.java:852)
	at java.util.concurrent.CompletableFuture.postComplete(CompletableFuture.java:474)
	at java.util.concurrent.CompletableFuture.completeExceptionally(CompletableFuture.java:1977)
	at org.apache.ratis.grpc.client.GrpcClientProtocolClient$AsyncStreamObservers.lambda$timeoutCheck$3(GrpcClientProtocolClient.java:324)
	at java.util.Optional.ifPresent(Optional.java:159)
	at org.apache.ratis.grpc.client.GrpcClientProtocolClient$AsyncStreamObservers.handleReplyFuture(GrpcClientProtocolClient.java:329)
	at org.apache.ratis.grpc.client.GrpcClientProtocolClient$AsyncStreamObservers.timeoutCheck(GrpcClientProtocolClient.java:324)
	at org.apache.ratis.grpc.client.GrpcClientProtocolClient$AsyncStreamObservers.lambda$onNext$1(GrpcClientProtocolClient.java:318)
	at org.apache.ratis.util.TimeoutScheduler.lambda$onTimeout$0(TimeoutScheduler.java:113)
	at org.apache.ratis.util.TimeoutScheduler.lambda$onTimeout$1(TimeoutScheduler.java:133)
	at org.apache.ratis.util.LogUtils.runAndLog(LogUtils.java:50)
	at org.apache.ratis.util.LogUtils$1.run(LogUtils.java:91)
	at java.util.concurrent.Executors$RunnableAdapter.call(Executors.java:511)
	at java.util.concurrent.FutureTask.run(FutureTask.java:266)
	at java.util.concurrent.ScheduledThreadPoolExecutor$ScheduledFutureTask.access$201(ScheduledThreadPoolExecutor.java:180)
	at java.util.concurrent.ScheduledThreadPoolExecutor$ScheduledFutureTask.run(ScheduledThreadPoolExecutor.java:293)
	at java.util.concurrent.ThreadPoolExecutor.runWorker(ThreadPoolExecutor.java:1149)
	at java.util.concurrent.ThreadPoolExecutor$Worker.run(ThreadPoolExecutor.java:624)
	at java.lang.Thread.run(Thread.java:748)
2019-10-02 11:49:46,269 [java.util.concurrent.ThreadPoolExecutor$Worker@22b19516[State = -1, empty queue]] WARN  util.TimeoutScheduler (LogUtils.java:runAndLog(55)) - Failed to task #0: java.lang.NullPointerException
2019-10-02 11:49:50,305 [java.util.concurrent.ThreadPoolExecutor$Worker@3a92a3e9[State = -1, empty queue]] ERROR client.GrpcClientProtocolClient (GrpcClientProtocolClient.java:close(148)) - Unexpected exception while waiting for channel termination
java.lang.InterruptedException
	at java.util.concurrent.locks.AbstractQueuedSynchronizer.tryAcquireSharedNanos(AbstractQueuedSynchronizer.java:1326)
	at java.util.concurrent.CountDownLatch.await(CountDownLatch.java:277)
	at org.apache.ratis.thirdparty.io.grpc.internal.ManagedChannelImpl.awaitTermination(ManagedChannelImpl.java:763)
	at org.apache.ratis.thirdparty.io.grpc.internal.ForwardingManagedChannel.awaitTermination(ForwardingManagedChannel.java:57)
	at org.apache.ratis.thirdparty.io.grpc.internal.ManagedChannelOrphanWrapper.awaitTermination(ManagedChannelOrphanWrapper.java:70)
	at org.apache.ratis.grpc.client.GrpcClientProtocolClient.close(GrpcClientProtocolClient.java:146)
	at org.apache.ratis.util.PeerProxyMap$PeerAndProxy.lambda$close$1(PeerProxyMap.java:74)
	at org.apache.ratis.util.LifeCycle.lambda$checkStateAndClose$2(LifeCycle.java:231)
	at org.apache.ratis.util.LifeCycle.checkStateAndClose(LifeCycle.java:251)
	at org.apache.ratis.util.LifeCycle.checkStateAndClose(LifeCycle.java:229)
	at org.apache.ratis.util.PeerProxyMap$PeerAndProxy.close(PeerProxyMap.java:70)
	at org.apache.ratis.util.PeerProxyMap.resetProxy(PeerProxyMap.java:127)
	at org.apache.ratis.util.PeerProxyMap.handleException(PeerProxyMap.java:136)
	at org.apache.ratis.client.impl.RaftClientRpcWithProxy.handleException(RaftClientRpcWithProxy.java:47)
	at org.apache.ratis.client.impl.RaftClientImpl.handleIOException(RaftClientImpl.java:372)
	at org.apache.ratis.client.impl.OrderedAsync.lambda$sendRequest$10(OrderedAsync.java:236)
	at java.util.concurrent.CompletableFuture.uniExceptionally(CompletableFuture.java:870)
	at java.util.concurrent.CompletableFuture$UniExceptionally.tryFire(CompletableFuture.java:852)
	at java.util.concurrent.CompletableFuture.postComplete(CompletableFuture.java:474)
	at java.util.concurrent.CompletableFuture.completeExceptionally(CompletableFuture.java:1977)
	at org.apache.ratis.grpc.client.GrpcClientProtocolClient$AsyncStreamObservers.lambda$timeoutCheck$3(GrpcClientProtocolClient.java:324)
	at java.util.Optional.ifPresent(Optional.java:159)
	at org.apache.ratis.grpc.client.GrpcClientProtocolClient$AsyncStreamObservers.handleReplyFuture(GrpcClientProtocolClient.java:329)
	at org.apache.ratis.grpc.client.GrpcClientProtocolClient$AsyncStreamObservers.timeoutCheck(GrpcClientProtocolClient.java:324)
	at org.apache.ratis.grpc.client.GrpcClientProtocolClient$AsyncStreamObservers.lambda$onNext$1(GrpcClientProtocolClient.java:318)
	at org.apache.ratis.util.TimeoutScheduler.lambda$onTimeout$0(TimeoutScheduler.java:113)
	at org.apache.ratis.util.TimeoutScheduler.lambda$onTimeout$1(TimeoutScheduler.java:133)
	at org.apache.ratis.util.LogUtils.runAndLog(LogUtils.java:50)
	at org.apache.ratis.util.LogUtils$1.run(LogUtils.java:91)
	at java.util.concurrent.Executors$RunnableAdapter.call(Executors.java:511)
	at java.util.concurrent.FutureTask.run(FutureTask.java:266)
	at java.util.concurrent.ScheduledThreadPoolExecutor$ScheduledFutureTask.access$201(ScheduledThreadPoolExecutor.java:180)
	at java.util.concurrent.ScheduledThreadPoolExecutor$ScheduledFutureTask.run(ScheduledThreadPoolExecutor.java:293)
	at java.util.concurrent.ThreadPoolExecutor.runWorker(ThreadPoolExecutor.java:1149)
	at java.util.concurrent.ThreadPoolExecutor$Worker.run(ThreadPoolExecutor.java:624)
	at java.lang.Thread.run(Thread.java:748)
2019-10-02 11:49:50,306 [java.util.concurrent.ThreadPoolExecutor$Worker@3a92a3e9[State = -1, empty queue]] WARN  util.TimeoutScheduler (LogUtils.java:runAndLog(55)) - Failed to task #0: java.lang.NullPointerException
2019-10-02 11:49:54,339 [java.util.concurrent.ThreadPoolExecutor$Worker@57ec0ab7[State = -1, empty queue]] ERROR client.GrpcClientProtocolClient (GrpcClientProtocolClient.java:close(148)) - Unexpected exception while waiting for channel termination
java.lang.InterruptedException
	at java.util.concurrent.locks.AbstractQueuedSynchronizer.tryAcquireSharedNanos(AbstractQueuedSynchronizer.java:1326)
	at java.util.concurrent.CountDownLatch.await(CountDownLatch.java:277)
	at org.apache.ratis.thirdparty.io.grpc.internal.ManagedChannelImpl.awaitTermination(ManagedChannelImpl.java:763)
	at org.apache.ratis.thirdparty.io.grpc.internal.ForwardingManagedChannel.awaitTermination(ForwardingManagedChannel.java:57)
	at org.apache.ratis.thirdparty.io.grpc.internal.ManagedChannelOrphanWrapper.awaitTermination(ManagedChannelOrphanWrapper.java:70)
	at org.apache.ratis.grpc.client.GrpcClientProtocolClient.close(GrpcClientProtocolClient.java:146)
	at org.apache.ratis.util.PeerProxyMap$PeerAndProxy.lambda$close$1(PeerProxyMap.java:74)
	at org.apache.ratis.util.LifeCycle.lambda$checkStateAndClose$2(LifeCycle.java:231)
	at org.apache.ratis.util.LifeCycle.checkStateAndClose(LifeCycle.java:251)
	at org.apache.ratis.util.LifeCycle.checkStateAndClose(LifeCycle.java:229)
	at org.apache.ratis.util.PeerProxyMap$PeerAndProxy.close(PeerProxyMap.java:70)
	at org.apache.ratis.util.PeerProxyMap.resetProxy(PeerProxyMap.java:127)
	at org.apache.ratis.util.PeerProxyMap.handleException(PeerProxyMap.java:136)
	at org.apache.ratis.client.impl.RaftClientRpcWithProxy.handleException(RaftClientRpcWithProxy.java:47)
	at org.apache.ratis.client.impl.RaftClientImpl.handleIOException(RaftClientImpl.java:372)
	at org.apache.ratis.client.impl.OrderedAsync.lambda$sendRequest$10(OrderedAsync.java:236)
	at java.util.concurrent.CompletableFuture.uniExceptionally(CompletableFuture.java:870)
	at java.util.concurrent.CompletableFuture$UniExceptionally.tryFire(CompletableFuture.java:852)
	at java.util.concurrent.CompletableFuture.postComplete(CompletableFuture.java:474)
	at java.util.concurrent.CompletableFuture.completeExceptionally(CompletableFuture.java:1977)
	at org.apache.ratis.grpc.client.GrpcClientProtocolClient$AsyncStreamObservers.lambda$timeoutCheck$3(GrpcClientProtocolClient.java:324)
	at java.util.Optional.ifPresent(Optional.java:159)
	at org.apache.ratis.grpc.client.GrpcClientProtocolClient$AsyncStreamObservers.handleReplyFuture(GrpcClientProtocolClient.java:329)
	at org.apache.ratis.grpc.client.GrpcClientProtocolClient$AsyncStreamObservers.timeoutCheck(GrpcClientProtocolClient.java:324)
	at org.apache.ratis.grpc.client.GrpcClientProtocolClient$AsyncStreamObservers.lambda$onNext$1(GrpcClientProtocolClient.java:318)
	at org.apache.ratis.util.TimeoutScheduler.lambda$onTimeout$0(TimeoutScheduler.java:113)
	at org.apache.ratis.util.TimeoutScheduler.lambda$onTimeout$1(TimeoutScheduler.java:133)
	at org.apache.ratis.util.LogUtils.runAndLog(LogUtils.java:50)
	at org.apache.ratis.util.LogUtils$1.run(LogUtils.java:91)
	at java.util.concurrent.Executors$RunnableAdapter.call(Executors.java:511)
	at java.util.concurrent.FutureTask.run(FutureTask.java:266)
	at java.util.concurrent.ScheduledThreadPoolExecutor$ScheduledFutureTask.access$201(ScheduledThreadPoolExecutor.java:180)
	at java.util.concurrent.ScheduledThreadPoolExecutor$ScheduledFutureTask.run(ScheduledThreadPoolExecutor.java:293)
	at java.util.concurrent.ThreadPoolExecutor.runWorker(ThreadPoolExecutor.java:1149)
	at java.util.concurrent.ThreadPoolExecutor$Worker.run(ThreadPoolExecutor.java:624)
	at java.lang.Thread.run(Thread.java:748)
2019-10-02 11:49:54,340 [java.util.concurrent.ThreadPoolExecutor$Worker@57ec0ab7[State = -1, empty queue]] WARN  util.TimeoutScheduler (LogUtils.java:runAndLog(55)) - Failed to task #0: java.lang.NullPointerException
2019-10-02 11:49:58,377 [java.util.concurrent.ThreadPoolExecutor$Worker@5d9f1d5e[State = -1, empty queue]] ERROR client.GrpcClientProtocolClient (GrpcClientProtocolClient.java:close(148)) - Unexpected exception while waiting for channel termination
java.lang.InterruptedException
	at java.util.concurrent.locks.AbstractQueuedSynchronizer.tryAcquireSharedNanos(AbstractQueuedSynchronizer.java:1326)
	at java.util.concurrent.CountDownLatch.await(CountDownLatch.java:277)
	at org.apache.ratis.thirdparty.io.grpc.internal.ManagedChannelImpl.awaitTermination(ManagedChannelImpl.java:763)
	at org.apache.ratis.thirdparty.io.grpc.internal.ForwardingManagedChannel.awaitTermination(ForwardingManagedChannel.java:57)
	at org.apache.ratis.thirdparty.io.grpc.internal.ManagedChannelOrphanWrapper.awaitTermination(ManagedChannelOrphanWrapper.java:70)
	at org.apache.ratis.grpc.client.GrpcClientProtocolClient.close(GrpcClientProtocolClient.java:146)
	at org.apache.ratis.util.PeerProxyMap$PeerAndProxy.lambda$close$1(PeerProxyMap.java:74)
	at org.apache.ratis.util.LifeCycle.lambda$checkStateAndClose$2(LifeCycle.java:231)
	at org.apache.ratis.util.LifeCycle.checkStateAndClose(LifeCycle.java:251)
	at org.apache.ratis.util.LifeCycle.checkStateAndClose(LifeCycle.java:229)
	at org.apache.ratis.util.PeerProxyMap$PeerAndProxy.close(PeerProxyMap.java:70)
	at org.apache.ratis.util.PeerProxyMap.resetProxy(PeerProxyMap.java:127)
	at org.apache.ratis.util.PeerProxyMap.handleException(PeerProxyMap.java:136)
	at org.apache.ratis.client.impl.RaftClientRpcWithProxy.handleException(RaftClientRpcWithProxy.java:47)
	at org.apache.ratis.client.impl.RaftClientImpl.handleIOException(RaftClientImpl.java:372)
	at org.apache.ratis.client.impl.OrderedAsync.lambda$sendRequest$10(OrderedAsync.java:236)
	at java.util.concurrent.CompletableFuture.uniExceptionally(CompletableFuture.java:870)
	at java.util.concurrent.CompletableFuture$UniExceptionally.tryFire(CompletableFuture.java:852)
	at java.util.concurrent.CompletableFuture.postComplete(CompletableFuture.java:474)
	at java.util.concurrent.CompletableFuture.completeExceptionally(CompletableFuture.java:1977)
	at org.apache.ratis.grpc.client.GrpcClientProtocolClient$AsyncStreamObservers.lambda$timeoutCheck$3(GrpcClientProtocolClient.java:324)
	at java.util.Optional.ifPresent(Optional.java:159)
	at org.apache.ratis.grpc.client.GrpcClientProtocolClient$AsyncStreamObservers.handleReplyFuture(GrpcClientProtocolClient.java:329)
	at org.apache.ratis.grpc.client.GrpcClientProtocolClient$AsyncStreamObservers.timeoutCheck(GrpcClientProtocolClient.java:324)
	at org.apache.ratis.grpc.client.GrpcClientProtocolClient$AsyncStreamObservers.lambda$onNext$1(GrpcClientProtocolClient.java:318)
	at org.apache.ratis.util.TimeoutScheduler.lambda$onTimeout$0(TimeoutScheduler.java:113)
	at org.apache.ratis.util.TimeoutScheduler.lambda$onTimeout$1(TimeoutScheduler.java:133)
	at org.apache.ratis.util.LogUtils.runAndLog(LogUtils.java:50)
	at org.apache.ratis.util.LogUtils$1.run(LogUtils.java:91)
	at java.util.concurrent.Executors$RunnableAdapter.call(Executors.java:511)
	at java.util.concurrent.FutureTask.run(FutureTask.java:266)
	at java.util.concurrent.ScheduledThreadPoolExecutor$ScheduledFutureTask.access$201(ScheduledThreadPoolExecutor.java:180)
	at java.util.concurrent.ScheduledThreadPoolExecutor$ScheduledFutureTask.run(ScheduledThreadPoolExecutor.java:293)
	at java.util.concurrent.ThreadPoolExecutor.runWorker(ThreadPoolExecutor.java:1149)
	at java.util.concurrent.ThreadPoolExecutor$Worker.run(ThreadPoolExecutor.java:624)
	at java.lang.Thread.run(Thread.java:748)
2019-10-02 11:49:58,378 [java.util.concurrent.ThreadPoolExecutor$Worker@5d9f1d5e[State = -1, empty queue]] WARN  util.TimeoutScheduler (LogUtils.java:runAndLog(55)) - Failed to task #0: java.lang.NullPointerException
2019-10-02 11:50:02,424 [java.util.concurrent.ThreadPoolExecutor$Worker@1a11b113[State = -1, empty queue]] ERROR client.GrpcClientProtocolClient (GrpcClientProtocolClient.java:close(148)) - Unexpected exception while waiting for channel termination
java.lang.InterruptedException
	at java.util.concurrent.locks.AbstractQueuedSynchronizer.tryAcquireSharedNanos(AbstractQueuedSynchronizer.java:1326)
	at java.util.concurrent.CountDownLatch.await(CountDownLatch.java:277)
	at org.apache.ratis.thirdparty.io.grpc.internal.ManagedChannelImpl.awaitTermination(ManagedChannelImpl.java:763)
	at org.apache.ratis.thirdparty.io.grpc.internal.ForwardingManagedChannel.awaitTermination(ForwardingManagedChannel.java:57)
	at org.apache.ratis.thirdparty.io.grpc.internal.ManagedChannelOrphanWrapper.awaitTermination(ManagedChannelOrphanWrapper.java:70)
	at org.apache.ratis.grpc.client.GrpcClientProtocolClient.close(GrpcClientProtocolClient.java:146)
	at org.apache.ratis.util.PeerProxyMap$PeerAndProxy.lambda$close$1(PeerProxyMap.java:74)
	at org.apache.ratis.util.LifeCycle.lambda$checkStateAndClose$2(LifeCycle.java:231)
	at org.apache.ratis.util.LifeCycle.checkStateAndClose(LifeCycle.java:251)
	at org.apache.ratis.util.LifeCycle.checkStateAndClose(LifeCycle.java:229)
	at org.apache.ratis.util.PeerProxyMap$PeerAndProxy.close(PeerProxyMap.java:70)
	at org.apache.ratis.util.PeerProxyMap.resetProxy(PeerProxyMap.java:127)
	at org.apache.ratis.util.PeerProxyMap.handleException(PeerProxyMap.java:136)
	at org.apache.ratis.client.impl.RaftClientRpcWithProxy.handleException(RaftClientRpcWithProxy.java:47)
	at org.apache.ratis.client.impl.RaftClientImpl.handleIOException(RaftClientImpl.java:372)
	at org.apache.ratis.client.impl.OrderedAsync.lambda$sendRequest$10(OrderedAsync.java:236)
	at java.util.concurrent.CompletableFuture.uniExceptionally(CompletableFuture.java:870)
	at java.util.concurrent.CompletableFuture$UniExceptionally.tryFire(CompletableFuture.java:852)
	at java.util.concurrent.CompletableFuture.postComplete(CompletableFuture.java:474)
	at java.util.concurrent.CompletableFuture.completeExceptionally(CompletableFuture.java:1977)
	at org.apache.ratis.grpc.client.GrpcClientProtocolClient$AsyncStreamObservers.lambda$timeoutCheck$3(GrpcClientProtocolClient.java:324)
	at java.util.Optional.ifPresent(Optional.java:159)
	at org.apache.ratis.grpc.client.GrpcClientProtocolClient$AsyncStreamObservers.handleReplyFuture(GrpcClientProtocolClient.java:329)
	at org.apache.ratis.grpc.client.GrpcClientProtocolClient$AsyncStreamObservers.timeoutCheck(GrpcClientProtocolClient.java:324)
	at org.apache.ratis.grpc.client.GrpcClientProtocolClient$AsyncStreamObservers.lambda$onNext$1(GrpcClientProtocolClient.java:318)
	at org.apache.ratis.util.TimeoutScheduler.lambda$onTimeout$0(TimeoutScheduler.java:113)
	at org.apache.ratis.util.TimeoutScheduler.lambda$onTimeout$1(TimeoutScheduler.java:133)
	at org.apache.ratis.util.LogUtils.runAndLog(LogUtils.java:50)
	at org.apache.ratis.util.LogUtils$1.run(LogUtils.java:91)
	at java.util.concurrent.Executors$RunnableAdapter.call(Executors.java:511)
	at java.util.concurrent.FutureTask.run(FutureTask.java:266)
	at java.util.concurrent.ScheduledThreadPoolExecutor$ScheduledFutureTask.access$201(ScheduledThreadPoolExecutor.java:180)
	at java.util.concurrent.ScheduledThreadPoolExecutor$ScheduledFutureTask.run(ScheduledThreadPoolExecutor.java:293)
	at java.util.concurrent.ThreadPoolExecutor.runWorker(ThreadPoolExecutor.java:1149)
	at java.util.concurrent.ThreadPoolExecutor$Worker.run(ThreadPoolExecutor.java:624)
	at java.lang.Thread.run(Thread.java:748)
2019-10-02 11:50:02,426 [java.util.concurrent.ThreadPoolExecutor$Worker@1a11b113[State = -1, empty queue]] WARN  util.TimeoutScheduler (LogUtils.java:runAndLog(55)) - Failed to task #0: java.lang.NullPointerException
2019-10-02 11:50:06,464 [java.util.concurrent.ThreadPoolExecutor$Worker@e71716d[State = -1, empty queue]] ERROR client.GrpcClientProtocolClient (GrpcClientProtocolClient.java:close(148)) - Unexpected exception while waiting for channel termination
java.lang.InterruptedException
	at java.util.concurrent.locks.AbstractQueuedSynchronizer.tryAcquireSharedNanos(AbstractQueuedSynchronizer.java:1326)
	at java.util.concurrent.CountDownLatch.await(CountDownLatch.java:277)
	at org.apache.ratis.thirdparty.io.grpc.internal.ManagedChannelImpl.awaitTermination(ManagedChannelImpl.java:763)
	at org.apache.ratis.thirdparty.io.grpc.internal.ForwardingManagedChannel.awaitTermination(ForwardingManagedChannel.java:57)
	at org.apache.ratis.thirdparty.io.grpc.internal.ManagedChannelOrphanWrapper.awaitTermination(ManagedChannelOrphanWrapper.java:70)
	at org.apache.ratis.grpc.client.GrpcClientProtocolClient.close(GrpcClientProtocolClient.java:146)
	at org.apache.ratis.util.PeerProxyMap$PeerAndProxy.lambda$close$1(PeerProxyMap.java:74)
	at org.apache.ratis.util.LifeCycle.lambda$checkStateAndClose$2(LifeCycle.java:231)
	at org.apache.ratis.util.LifeCycle.checkStateAndClose(LifeCycle.java:251)
	at org.apache.ratis.util.LifeCycle.checkStateAndClose(LifeCycle.java:229)
	at org.apache.ratis.util.PeerProxyMap$PeerAndProxy.close(PeerProxyMap.java:70)
	at org.apache.ratis.util.PeerProxyMap.resetProxy(PeerProxyMap.java:127)
	at org.apache.ratis.util.PeerProxyMap.handleException(PeerProxyMap.java:136)
	at org.apache.ratis.client.impl.RaftClientRpcWithProxy.handleException(RaftClientRpcWithProxy.java:47)
	at org.apache.ratis.client.impl.RaftClientImpl.handleIOException(RaftClientImpl.java:372)
	at org.apache.ratis.client.impl.OrderedAsync.lambda$sendRequest$10(OrderedAsync.java:236)
	at java.util.concurrent.CompletableFuture.uniExceptionally(CompletableFuture.java:870)
	at java.util.concurrent.CompletableFuture$UniExceptionally.tryFire(CompletableFuture.java:852)
	at java.util.concurrent.CompletableFuture.postComplete(CompletableFuture.java:474)
	at java.util.concurrent.CompletableFuture.completeExceptionally(CompletableFuture.java:1977)
	at org.apache.ratis.grpc.client.GrpcClientProtocolClient$AsyncStreamObservers.lambda$timeoutCheck$3(GrpcClientProtocolClient.java:324)
	at java.util.Optional.ifPresent(Optional.java:159)
	at org.apache.ratis.grpc.client.GrpcClientProtocolClient$AsyncStreamObservers.handleReplyFuture(GrpcClientProtocolClient.java:329)
	at org.apache.ratis.grpc.client.GrpcClientProtocolClient$AsyncStreamObservers.timeoutCheck(GrpcClientProtocolClient.java:324)
	at org.apache.ratis.grpc.client.GrpcClientProtocolClient$AsyncStreamObservers.lambda$onNext$1(GrpcClientProtocolClient.java:318)
	at org.apache.ratis.util.TimeoutScheduler.lambda$onTimeout$0(TimeoutScheduler.java:113)
	at org.apache.ratis.util.TimeoutScheduler.lambda$onTimeout$1(TimeoutScheduler.java:133)
	at org.apache.ratis.util.LogUtils.runAndLog(LogUtils.java:50)
	at org.apache.ratis.util.LogUtils$1.run(LogUtils.java:91)
	at java.util.concurrent.Executors$RunnableAdapter.call(Executors.java:511)
	at java.util.concurrent.FutureTask.run(FutureTask.java:266)
	at java.util.concurrent.ScheduledThreadPoolExecutor$ScheduledFutureTask.access$201(ScheduledThreadPoolExecutor.java:180)
	at java.util.concurrent.ScheduledThreadPoolExecutor$ScheduledFutureTask.run(ScheduledThreadPoolExecutor.java:293)
	at java.util.concurrent.ThreadPoolExecutor.runWorker(ThreadPoolExecutor.java:1149)
	at java.util.concurrent.ThreadPoolExecutor$Worker.run(ThreadPoolExecutor.java:624)
	at java.lang.Thread.run(Thread.java:748)
2019-10-02 11:50:06,467 [java.util.concurrent.ThreadPoolExecutor$Worker@e71716d[State = -1, empty queue]] WARN  util.TimeoutScheduler (LogUtils.java:runAndLog(55)) - Failed to task #0: java.lang.NullPointerException
2019-10-02 11:50:10,502 [java.util.concurrent.ThreadPoolExecutor$Worker@1e112c12[State = -1, empty queue]] ERROR client.GrpcClientProtocolClient (GrpcClientProtocolClient.java:close(148)) - Unexpected exception while waiting for channel termination
java.lang.InterruptedException
	at java.util.concurrent.locks.AbstractQueuedSynchronizer.tryAcquireSharedNanos(AbstractQueuedSynchronizer.java:1326)
	at java.util.concurrent.CountDownLatch.await(CountDownLatch.java:277)
	at org.apache.ratis.thirdparty.io.grpc.internal.ManagedChannelImpl.awaitTermination(ManagedChannelImpl.java:763)
	at org.apache.ratis.thirdparty.io.grpc.internal.ForwardingManagedChannel.awaitTermination(ForwardingManagedChannel.java:57)
	at org.apache.ratis.thirdparty.io.grpc.internal.ManagedChannelOrphanWrapper.awaitTermination(ManagedChannelOrphanWrapper.java:70)
	at org.apache.ratis.grpc.client.GrpcClientProtocolClient.close(GrpcClientProtocolClient.java:146)
	at org.apache.ratis.util.PeerProxyMap$PeerAndProxy.lambda$close$1(PeerProxyMap.java:74)
	at org.apache.ratis.util.LifeCycle.lambda$checkStateAndClose$2(LifeCycle.java:231)
	at org.apache.ratis.util.LifeCycle.checkStateAndClose(LifeCycle.java:251)
	at org.apache.ratis.util.LifeCycle.checkStateAndClose(LifeCycle.java:229)
	at org.apache.ratis.util.PeerProxyMap$PeerAndProxy.close(PeerProxyMap.java:70)
	at org.apache.ratis.util.PeerProxyMap.resetProxy(PeerProxyMap.java:127)
	at org.apache.ratis.util.PeerProxyMap.handleException(PeerProxyMap.java:136)
	at org.apache.ratis.client.impl.RaftClientRpcWithProxy.handleException(RaftClientRpcWithProxy.java:47)
	at org.apache.ratis.client.impl.RaftClientImpl.handleIOException(RaftClientImpl.java:372)
	at org.apache.ratis.client.impl.OrderedAsync.lambda$sendRequest$10(OrderedAsync.java:236)
	at java.util.concurrent.CompletableFuture.uniExceptionally(CompletableFuture.java:870)
	at java.util.concurrent.CompletableFuture$UniExceptionally.tryFire(CompletableFuture.java:852)
	at java.util.concurrent.CompletableFuture.postComplete(CompletableFuture.java:474)
	at java.util.concurrent.CompletableFuture.completeExceptionally(CompletableFuture.java:1977)
	at org.apache.ratis.grpc.client.GrpcClientProtocolClient$AsyncStreamObservers.lambda$timeoutCheck$3(GrpcClientProtocolClient.java:324)
	at java.util.Optional.ifPresent(Optional.java:159)
	at org.apache.ratis.grpc.client.GrpcClientProtocolClient$AsyncStreamObservers.handleReplyFuture(GrpcClientProtocolClient.java:329)
	at org.apache.ratis.grpc.client.GrpcClientProtocolClient$AsyncStreamObservers.timeoutCheck(GrpcClientProtocolClient.java:324)
	at org.apache.ratis.grpc.client.GrpcClientProtocolClient$AsyncStreamObservers.lambda$onNext$1(GrpcClientProtocolClient.java:318)
	at org.apache.ratis.util.TimeoutScheduler.lambda$onTimeout$0(TimeoutScheduler.java:113)
	at org.apache.ratis.util.TimeoutScheduler.lambda$onTimeout$1(TimeoutScheduler.java:133)
	at org.apache.ratis.util.LogUtils.runAndLog(LogUtils.java:50)
	at org.apache.ratis.util.LogUtils$1.run(LogUtils.java:91)
	at java.util.concurrent.Executors$RunnableAdapter.call(Executors.java:511)
	at java.util.concurrent.FutureTask.run(FutureTask.java:266)
	at java.util.concurrent.ScheduledThreadPoolExecutor$ScheduledFutureTask.access$201(ScheduledThreadPoolExecutor.java:180)
	at java.util.concurrent.ScheduledThreadPoolExecutor$ScheduledFutureTask.run(ScheduledThreadPoolExecutor.java:293)
	at java.util.concurrent.ThreadPoolExecutor.runWorker(ThreadPoolExecutor.java:1149)
	at java.util.concurrent.ThreadPoolExecutor$Worker.run(ThreadPoolExecutor.java:624)
	at java.lang.Thread.run(Thread.java:748)
2019-10-02 11:50:10,503 [java.util.concurrent.ThreadPoolExecutor$Worker@1e112c12[State = -1, empty queue]] WARN  util.TimeoutScheduler (LogUtils.java:runAndLog(55)) - Failed to task #0: java.lang.NullPointerException
2019-10-02 11:50:14,567 [java.util.concurrent.ThreadPoolExecutor$Worker@364df56f[State = -1, empty queue]] ERROR client.GrpcClientProtocolClient (GrpcClientProtocolClient.java:close(148)) - Unexpected exception while waiting for channel termination
java.lang.InterruptedException
	at java.util.concurrent.locks.AbstractQueuedSynchronizer.tryAcquireSharedNanos(AbstractQueuedSynchronizer.java:1326)
	at java.util.concurrent.CountDownLatch.await(CountDownLatch.java:277)
	at org.apache.ratis.thirdparty.io.grpc.internal.ManagedChannelImpl.awaitTermination(ManagedChannelImpl.java:763)
	at org.apache.ratis.thirdparty.io.grpc.internal.ForwardingManagedChannel.awaitTermination(ForwardingManagedChannel.java:57)
	at org.apache.ratis.thirdparty.io.grpc.internal.ManagedChannelOrphanWrapper.awaitTermination(ManagedChannelOrphanWrapper.java:70)
	at org.apache.ratis.grpc.client.GrpcClientProtocolClient.close(GrpcClientProtocolClient.java:146)
	at org.apache.ratis.util.PeerProxyMap$PeerAndProxy.lambda$close$1(PeerProxyMap.java:74)
	at org.apache.ratis.util.LifeCycle.lambda$checkStateAndClose$2(LifeCycle.java:231)
	at org.apache.ratis.util.LifeCycle.checkStateAndClose(LifeCycle.java:251)
	at org.apache.ratis.util.LifeCycle.checkStateAndClose(LifeCycle.java:229)
	at org.apache.ratis.util.PeerProxyMap$PeerAndProxy.close(PeerProxyMap.java:70)
	at org.apache.ratis.util.PeerProxyMap.resetProxy(PeerProxyMap.java:127)
	at org.apache.ratis.util.PeerProxyMap.handleException(PeerProxyMap.java:136)
	at org.apache.ratis.client.impl.RaftClientRpcWithProxy.handleException(RaftClientRpcWithProxy.java:47)
	at org.apache.ratis.client.impl.RaftClientImpl.handleIOException(RaftClientImpl.java:372)
	at org.apache.ratis.client.impl.OrderedAsync.lambda$sendRequest$10(OrderedAsync.java:236)
	at java.util.concurrent.CompletableFuture.uniExceptionally(CompletableFuture.java:870)
	at java.util.concurrent.CompletableFuture$UniExceptionally.tryFire(CompletableFuture.java:852)
	at java.util.concurrent.CompletableFuture.postComplete(CompletableFuture.java:474)
	at java.util.concurrent.CompletableFuture.completeExceptionally(CompletableFuture.java:1977)
	at org.apache.ratis.grpc.client.GrpcClientProtocolClient$AsyncStreamObservers.lambda$timeoutCheck$3(GrpcClientProtocolClient.java:324)
	at java.util.Optional.ifPresent(Optional.java:159)
	at org.apache.ratis.grpc.client.GrpcClientProtocolClient$AsyncStreamObservers.handleReplyFuture(GrpcClientProtocolClient.java:329)
	at org.apache.ratis.grpc.client.GrpcClientProtocolClient$AsyncStreamObservers.timeoutCheck(GrpcClientProtocolClient.java:324)
	at org.apache.ratis.grpc.client.GrpcClientProtocolClient$AsyncStreamObservers.lambda$onNext$1(GrpcClientProtocolClient.java:318)
	at org.apache.ratis.util.TimeoutScheduler.lambda$onTimeout$0(TimeoutScheduler.java:113)
	at org.apache.ratis.util.TimeoutScheduler.lambda$onTimeout$1(TimeoutScheduler.java:133)
	at org.apache.ratis.util.LogUtils.runAndLog(LogUtils.java:50)
	at org.apache.ratis.util.LogUtils$1.run(LogUtils.java:91)
	at java.util.concurrent.Executors$RunnableAdapter.call(Executors.java:511)
	at java.util.concurrent.FutureTask.run(FutureTask.java:266)
	at java.util.concurrent.ScheduledThreadPoolExecutor$ScheduledFutureTask.access$201(ScheduledThreadPoolExecutor.java:180)
	at java.util.concurrent.ScheduledThreadPoolExecutor$ScheduledFutureTask.run(ScheduledThreadPoolExecutor.java:293)
	at java.util.concurrent.ThreadPoolExecutor.runWorker(ThreadPoolExecutor.java:1149)
	at java.util.concurrent.ThreadPoolExecutor$Worker.run(ThreadPoolExecutor.java:624)
	at java.lang.Thread.run(Thread.java:748)
2019-10-02 11:50:14,568 [java.util.concurrent.ThreadPoolExecutor$Worker@364df56f[State = -1, empty queue]] WARN  util.TimeoutScheduler (LogUtils.java:runAndLog(55)) - Failed to task #0: java.lang.NullPointerException
2019-10-02 11:50:17,100 [grpc-default-executor-4] INFO  impl.RaftServerProxy (RaftServerProxy.java:remove(95)) - 979ebbe2-24f7-4b6a-a09f-a9b9f259a4b6: remove    LEADER 979ebbe2-24f7-4b6a-a09f-a9b9f259a4b6@group-BD7DF1521997:t2, leader=979ebbe2-24f7-4b6a-a09f-a9b9f259a4b6, voted=979ebbe2-24f7-4b6a-a09f-a9b9f259a4b6, raftlog=979ebbe2-24f7-4b6a-a09f-a9b9f259a4b6@group-BD7DF1521997-SegmentedRaftLog:OPENED:c0,f0,i2, conf=0: [979ebbe2-24f7-4b6a-a09f-a9b9f259a4b6:192.168.5.178:37076, 6d4ecf29-9ffc-4c39-8dd8-fe3351ab43e9:192.168.5.178:41031, 1ca4baa7-f680-41b4-89de-2f540dbcf4ba:192.168.5.178:35264], old=null RUNNING
2019-10-02 11:50:17,106 [grpc-default-executor-4] INFO  impl.RaftServerImpl (RaftServerImpl.java:lambda$shutdown$3(247)) - 979ebbe2-24f7-4b6a-a09f-a9b9f259a4b6@group-BD7DF1521997: shutdown
2019-10-02 11:50:17,107 [grpc-default-executor-4] INFO  util.JmxRegister (JmxRegister.java:unregister(73)) - Successfully un-registered JMX Bean with object name Ratis:service=RaftServer,group=group-BD7DF1521997,id=979ebbe2-24f7-4b6a-a09f-a9b9f259a4b6
2019-10-02 11:50:17,108 [grpc-default-executor-4] INFO  impl.RoleInfo (RoleInfo.java:shutdownLeaderState(104)) - 979ebbe2-24f7-4b6a-a09f-a9b9f259a4b6: shutdown LeaderState
2019-10-02 11:50:17,112 [grpc-default-executor-4] INFO  impl.PendingRequests (PendingRequests.java:sendNotLeaderResponses(202)) - 979ebbe2-24f7-4b6a-a09f-a9b9f259a4b6@group-BD7DF1521997-PendingRequests: sendNotLeaderResponses
2019-10-02 11:50:17,112 [org.apache.ratis.server.impl.LogAppender$AppenderDaemon$$Lambda$524/1096488990@4508d7c6] WARN  server.GrpcLogAppender (GrpcLogAppender.java:mayWait(143)) - 979ebbe2-24f7-4b6a-a09f-a9b9f259a4b6@group-BD7DF1521997->6d4ecf29-9ffc-4c39-8dd8-fe3351ab43e9-GrpcLogAppender: Wait interrupted by java.lang.InterruptedException
2019-10-02 11:50:17,112 [org.apache.ratis.server.impl.LogAppender$AppenderDaemon$$Lambda$524/1096488990@5cb4e680] WARN  server.GrpcLogAppender (GrpcLogAppender.java:mayWait(143)) - 979ebbe2-24f7-4b6a-a09f-a9b9f259a4b6@group-BD7DF1521997->1ca4baa7-f680-41b4-89de-2f540dbcf4ba-GrpcLogAppender: Wait interrupted by java.lang.InterruptedException
2019-10-02 11:50:17,121 [grpc-default-executor-6] INFO  server.GrpcServerProtocolService (GrpcServerProtocolService.java:onCompleted(113)) - 1ca4baa7-f680-41b4-89de-2f540dbcf4ba: Completed APPEND_ENTRIES, lastRequest: 979ebbe2-24f7-4b6a-a09f-a9b9f259a4b6->1ca4baa7-f680-41b4-89de-2f540dbcf4ba#29-t2, previous=(t:2, i:2), leaderCommit=0, initializing? false, entries: <empty>
2019-10-02 11:50:17,121 [grpc-default-executor-3] INFO  server.GrpcServerProtocolService (GrpcServerProtocolService.java:onCompleted(113)) - 6d4ecf29-9ffc-4c39-8dd8-fe3351ab43e9: Completed APPEND_ENTRIES, lastRequest: 979ebbe2-24f7-4b6a-a09f-a9b9f259a4b6->6d4ecf29-9ffc-4c39-8dd8-fe3351ab43e9#29-t2, previous=(t:2, i:2), leaderCommit=0, initializing? false, entries: <empty>
2019-10-02 11:50:17,124 [grpc-default-executor-3] INFO  server.GrpcLogAppender (GrpcLogAppender.java:onCompleted(293)) - 979ebbe2-24f7-4b6a-a09f-a9b9f259a4b6@group-BD7DF1521997->1ca4baa7-f680-41b4-89de-2f540dbcf4ba-AppendLogResponseHandler: follower responses appendEntries COMPLETED
2019-10-02 11:50:17,126 [grpc-default-executor-6] INFO  server.GrpcLogAppender (GrpcLogAppender.java:onCompleted(293)) - 979ebbe2-24f7-4b6a-a09f-a9b9f259a4b6@group-BD7DF1521997->6d4ecf29-9ffc-4c39-8dd8-fe3351ab43e9-AppendLogResponseHandler: follower responses appendEntries COMPLETED
2019-10-02 11:50:17,128 [grpc-default-executor-3] INFO  impl.FollowerInfo (FollowerInfo.java:lambda$new$0(51)) - 979ebbe2-24f7-4b6a-a09f-a9b9f259a4b6@group-BD7DF1521997->1ca4baa7-f680-41b4-89de-2f540dbcf4ba: nextIndex: updateUnconditionally 3 -> 2
2019-10-02 11:50:17,128 [grpc-default-executor-6] INFO  impl.FollowerInfo (FollowerInfo.java:lambda$new$0(51)) - 979ebbe2-24f7-4b6a-a09f-a9b9f259a4b6@group-BD7DF1521997->6d4ecf29-9ffc-4c39-8dd8-fe3351ab43e9: nextIndex: updateUnconditionally 3 -> 2
2019-10-02 11:50:17,151 [grpc-default-executor-4] INFO  impl.StateMachineUpdater (StateMachineUpdater.java:stopAndJoin(136)) - 979ebbe2-24f7-4b6a-a09f-a9b9f259a4b6@group-BD7DF1521997-StateMachineUpdater: set stopIndex = 0
2019-10-02 11:50:17,157 [grpc-default-executor-4] INFO  impl.RaftServerImpl (ServerState.java:close(387)) - 979ebbe2-24f7-4b6a-a09f-a9b9f259a4b6@group-BD7DF1521997: closes. applyIndex: 0
2019-10-02 11:50:17,165 [979ebbe2-24f7-4b6a-a09f-a9b9f259a4b6@group-BD7DF1521997-SegmentedRaftLogWorker] INFO  segmented.SegmentedRaftLogWorker (SegmentedRaftLogWorker.java:run(316)) - 979ebbe2-24f7-4b6a-a09f-a9b9f259a4b6@group-BD7DF1521997-SegmentedRaftLogWorker was interrupted, exiting. There are 0 tasks remaining in the queue.
2019-10-02 11:50:17,168 [grpc-default-executor-4] INFO  segmented.SegmentedRaftLogWorker (SegmentedRaftLogWorker.java:close(224)) - 979ebbe2-24f7-4b6a-a09f-a9b9f259a4b6@group-BD7DF1521997-SegmentedRaftLogWorker close()
2019-10-02 11:50:17,185 [grpc-default-executor-4] INFO  impl.RaftServerProxy (RaftServerProxy.java:remove(95)) - 1ca4baa7-f680-41b4-89de-2f540dbcf4ba: remove  FOLLOWER 1ca4baa7-f680-41b4-89de-2f540dbcf4ba@group-BD7DF1521997:t2, leader=979ebbe2-24f7-4b6a-a09f-a9b9f259a4b6, voted=979ebbe2-24f7-4b6a-a09f-a9b9f259a4b6, raftlog=1ca4baa7-f680-41b4-89de-2f540dbcf4ba@group-BD7DF1521997-SegmentedRaftLog:OPENED:c0,f2,i2, conf=0: [979ebbe2-24f7-4b6a-a09f-a9b9f259a4b6:192.168.5.178:37076, 6d4ecf29-9ffc-4c39-8dd8-fe3351ab43e9:192.168.5.178:41031, 1ca4baa7-f680-41b4-89de-2f540dbcf4ba:192.168.5.178:35264], old=null RUNNING
2019-10-02 11:50:17,186 [grpc-default-executor-4] INFO  impl.RaftServerImpl (RaftServerImpl.java:lambda$shutdown$3(247)) - 1ca4baa7-f680-41b4-89de-2f540dbcf4ba@group-BD7DF1521997: shutdown
2019-10-02 11:50:17,186 [grpc-default-executor-4] INFO  util.JmxRegister (JmxRegister.java:unregister(73)) - Successfully un-registered JMX Bean with object name Ratis:service=RaftServer,group=group-BD7DF1521997,id=1ca4baa7-f680-41b4-89de-2f540dbcf4ba
2019-10-02 11:50:17,186 [grpc-default-executor-4] INFO  impl.RoleInfo (RoleInfo.java:shutdownFollowerState(121)) - 1ca4baa7-f680-41b4-89de-2f540dbcf4ba: shutdown FollowerState
2019-10-02 11:50:17,186 [grpc-default-executor-4] INFO  impl.StateMachineUpdater (StateMachineUpdater.java:stopAndJoin(136)) - 1ca4baa7-f680-41b4-89de-2f540dbcf4ba@group-BD7DF1521997-StateMachineUpdater: set stopIndex = 0
2019-10-02 11:50:17,186 [Thread-303] INFO  impl.FollowerState (FollowerState.java:run(117)) - 1ca4baa7-f680-41b4-89de-2f540dbcf4ba@group-BD7DF1521997-FollowerState was interrupted: java.lang.InterruptedException: sleep interrupted
2019-10-02 11:50:17,188 [grpc-default-executor-4] INFO  impl.RaftServerImpl (ServerState.java:close(387)) - 1ca4baa7-f680-41b4-89de-2f540dbcf4ba@group-BD7DF1521997: closes. applyIndex: 0
2019-10-02 11:50:17,189 [1ca4baa7-f680-41b4-89de-2f540dbcf4ba@group-BD7DF1521997-SegmentedRaftLogWorker] INFO  segmented.SegmentedRaftLogWorker (SegmentedRaftLogWorker.java:run(316)) - 1ca4baa7-f680-41b4-89de-2f540dbcf4ba@group-BD7DF1521997-SegmentedRaftLogWorker was interrupted, exiting. There are 0 tasks remaining in the queue.
2019-10-02 11:50:17,190 [grpc-default-executor-4] INFO  segmented.SegmentedRaftLogWorker (SegmentedRaftLogWorker.java:close(224)) - 1ca4baa7-f680-41b4-89de-2f540dbcf4ba@group-BD7DF1521997-SegmentedRaftLogWorker close()
2019-10-02 11:50:17,246 [grpc-default-executor-4] INFO  interfaces.Container (KeyValueContainer.java:flushAndSyncDB(386)) - Container 1 is synced with bcsId 0.
2019-10-02 11:50:17,246 [grpc-default-executor-4] INFO  interfaces.Container (KeyValueContainer.java:flushAndSyncDB(386)) - Container 1 is synced with bcsId 0.
2019-10-02 11:50:17,265 [EventQueue-IncrementalContainerReportForIncrementalContainerReportHandler] INFO  container.IncrementalContainerReportHandler (AbstractContainerReportHandler.java:updateContainerState(169)) - Moving container #1 to QUASI_CLOSED state, datanode 1ca4baa7-f680-41b4-89de-2f540dbcf4ba{ip: 192.168.5.178, host: pr-trunk-8bg6x-723665176, networkLocation: /default-rack, certSerialId: null} reported QUASI_CLOSED replica.
2019-10-02 11:50:17,273 [grpc-default-executor-4] INFO  impl.RaftServerProxy (RaftServerProxy.java:remove(95)) - 6d4ecf29-9ffc-4c39-8dd8-fe3351ab43e9: remove  FOLLOWER 6d4ecf29-9ffc-4c39-8dd8-fe3351ab43e9@group-BD7DF1521997:t2, leader=979ebbe2-24f7-4b6a-a09f-a9b9f259a4b6, voted=979ebbe2-24f7-4b6a-a09f-a9b9f259a4b6, raftlog=6d4ecf29-9ffc-4c39-8dd8-fe3351ab43e9@group-BD7DF1521997-SegmentedRaftLog:OPENED:c0,f2,i2, conf=0: [979ebbe2-24f7-4b6a-a09f-a9b9f259a4b6:192.168.5.178:37076, 6d4ecf29-9ffc-4c39-8dd8-fe3351ab43e9:192.168.5.178:41031, 1ca4baa7-f680-41b4-89de-2f540dbcf4ba:192.168.5.178:35264], old=null RUNNING
2019-10-02 11:50:17,273 [grpc-default-executor-4] INFO  impl.RaftServerImpl (RaftServerImpl.java:lambda$shutdown$3(247)) - 6d4ecf29-9ffc-4c39-8dd8-fe3351ab43e9@group-BD7DF1521997: shutdown
2019-10-02 11:50:17,273 [grpc-default-executor-4] INFO  util.JmxRegister (JmxRegister.java:unregister(73)) - Successfully un-registered JMX Bean with object name Ratis:service=RaftServer,group=group-BD7DF1521997,id=6d4ecf29-9ffc-4c39-8dd8-fe3351ab43e9
2019-10-02 11:50:17,273 [grpc-default-executor-4] INFO  impl.RoleInfo (RoleInfo.java:shutdownFollowerState(121)) - 6d4ecf29-9ffc-4c39-8dd8-fe3351ab43e9: shutdown FollowerState
2019-10-02 11:50:17,274 [grpc-default-executor-4] INFO  impl.StateMachineUpdater (StateMachineUpdater.java:stopAndJoin(136)) - 6d4ecf29-9ffc-4c39-8dd8-fe3351ab43e9@group-BD7DF1521997-StateMachineUpdater: set stopIndex = 0
2019-10-02 11:50:17,274 [Thread-302] INFO  impl.FollowerState (FollowerState.java:run(117)) - 6d4ecf29-9ffc-4c39-8dd8-fe3351ab43e9@group-BD7DF1521997-FollowerState was interrupted: java.lang.InterruptedException: sleep interrupted
2019-10-02 11:50:17,276 [grpc-default-executor-4] INFO  impl.RaftServerImpl (ServerState.java:close(387)) - 6d4ecf29-9ffc-4c39-8dd8-fe3351ab43e9@group-BD7DF1521997: closes. applyIndex: 0
2019-10-02 11:50:17,276 [6d4ecf29-9ffc-4c39-8dd8-fe3351ab43e9@group-BD7DF1521997-SegmentedRaftLogWorker] INFO  segmented.SegmentedRaftLogWorker (SegmentedRaftLogWorker.java:run(316)) - 6d4ecf29-9ffc-4c39-8dd8-fe3351ab43e9@group-BD7DF1521997-SegmentedRaftLogWorker was interrupted, exiting. There are 0 tasks remaining in the queue.
2019-10-02 11:50:17,277 [grpc-default-executor-4] INFO  segmented.SegmentedRaftLogWorker (SegmentedRaftLogWorker.java:close(224)) - 6d4ecf29-9ffc-4c39-8dd8-fe3351ab43e9@group-BD7DF1521997-SegmentedRaftLogWorker close()
2019-10-02 11:50:17,325 [grpc-default-executor-4] INFO  interfaces.Container (KeyValueContainer.java:flushAndSyncDB(386)) - Container 1 is synced with bcsId 0.
2019-10-02 11:50:17,325 [grpc-default-executor-4] INFO  interfaces.Container (KeyValueContainer.java:flushAndSyncDB(386)) - Container 1 is synced with bcsId 0.
2019-10-02 11:50:17,345 [RatisPipelineUtilsThread] INFO  pipeline.PipelineStateManager (PipelineStateManager.java:removePipeline(108)) - Pipeline Pipeline[ Id: 5c79feec-c216-4d40-8bd7-bd7df1521997, Nodes: 979ebbe2-24f7-4b6a-a09f-a9b9f259a4b6{ip: 192.168.5.178, host: pr-trunk-8bg6x-723665176, networkLocation: /default-rack, certSerialId: null}1ca4baa7-f680-41b4-89de-2f540dbcf4ba{ip: 192.168.5.178, host: pr-trunk-8bg6x-723665176, networkLocation: /default-rack, certSerialId: null}6d4ecf29-9ffc-4c39-8dd8-fe3351ab43e9{ip: 192.168.5.178, host: pr-trunk-8bg6x-723665176, networkLocation: /default-rack, certSerialId: null}, Type:RATIS, Factor:THREE, State:CLOSED] removed from db
2019-10-02 11:50:17,353 [grpc-default-executor-4] INFO  impl.RaftServerProxy (RaftServerProxy.java:remove(95)) - 979ebbe2-24f7-4b6a-a09f-a9b9f259a4b6: remove group-BD7DF1521997:null
2019-10-02 11:50:17,389 [RatisPipelineUtilsThread] WARN  pipeline.RatisPipelineUtils (RatisPipelineUtils.java:destroyPipeline(67)) - Pipeline destroy failed for pipeline=PipelineID=5c79feec-c216-4d40-8bd7-bd7df1521997 dn=979ebbe2-24f7-4b6a-a09f-a9b9f259a4b6{ip: 192.168.5.178, host: pr-trunk-8bg6x-723665176, networkLocation: /default-rack, certSerialId: null}
2019-10-02 11:50:17,396 [grpc-default-executor-4] INFO  impl.RaftServerProxy (RaftServerProxy.java:remove(95)) - 1ca4baa7-f680-41b4-89de-2f540dbcf4ba: remove group-BD7DF1521997:null
2019-10-02 11:50:17,403 [RatisPipelineUtilsThread] WARN  pipeline.RatisPipelineUtils (RatisPipelineUtils.java:destroyPipeline(67)) - Pipeline destroy failed for pipeline=PipelineID=5c79feec-c216-4d40-8bd7-bd7df1521997 dn=1ca4baa7-f680-41b4-89de-2f540dbcf4ba{ip: 192.168.5.178, host: pr-trunk-8bg6x-723665176, networkLocation: /default-rack, certSerialId: null}
2019-10-02 11:50:17,408 [grpc-default-executor-4] INFO  impl.RaftServerProxy (RaftServerProxy.java:remove(95)) - 6d4ecf29-9ffc-4c39-8dd8-fe3351ab43e9: remove group-BD7DF1521997:null
2019-10-02 11:50:17,414 [RatisPipelineUtilsThread] WARN  pipeline.RatisPipelineUtils (RatisPipelineUtils.java:destroyPipeline(67)) - Pipeline destroy failed for pipeline=PipelineID=5c79feec-c216-4d40-8bd7-bd7df1521997 dn=6d4ecf29-9ffc-4c39-8dd8-fe3351ab43e9{ip: 192.168.5.178, host: pr-trunk-8bg6x-723665176, networkLocation: /default-rack, certSerialId: null}
2019-10-02 11:50:17,415 [RatisPipelineUtilsThread] ERROR pipeline.SCMPipelineManager (Scheduler.java:lambda$schedule$1(70)) - Destroy pipeline failed for pipeline:Pipeline[ Id: 5c79feec-c216-4d40-8bd7-bd7df1521997, Nodes: 979ebbe2-24f7-4b6a-a09f-a9b9f259a4b6{ip: 192.168.5.178, host: pr-trunk-8bg6x-723665176, networkLocation: /default-rack, certSerialId: null}1ca4baa7-f680-41b4-89de-2f540dbcf4ba{ip: 192.168.5.178, host: pr-trunk-8bg6x-723665176, networkLocation: /default-rack, certSerialId: null}6d4ecf29-9ffc-4c39-8dd8-fe3351ab43e9{ip: 192.168.5.178, host: pr-trunk-8bg6x-723665176, networkLocation: /default-rack, certSerialId: null}, Type:RATIS, Factor:THREE, State:CLOSED]
org.apache.hadoop.hdds.scm.pipeline.PipelineNotFoundException: PipelineID=5c79feec-c216-4d40-8bd7-bd7df1521997 not found
	at org.apache.hadoop.hdds.scm.pipeline.PipelineStateMap.getPipeline(PipelineStateMap.java:132)
	at org.apache.hadoop.hdds.scm.pipeline.PipelineStateMap.removePipeline(PipelineStateMap.java:322)
	at org.apache.hadoop.hdds.scm.pipeline.PipelineStateManager.removePipeline(PipelineStateManager.java:107)
	at org.apache.hadoop.hdds.scm.pipeline.SCMPipelineManager.removePipeline(SCMPipelineManager.java:427)
	at org.apache.hadoop.hdds.scm.pipeline.SCMPipelineManager.destroyPipeline(SCMPipelineManager.java:413)
	at org.apache.hadoop.hdds.scm.pipeline.SCMPipelineManager.lambda$finalizeAndDestroyPipeline$0(SCMPipelineManager.java:322)
	at org.apache.hadoop.hdds.utils.Scheduler.lambda$schedule$1(Scheduler.java:68)
	at java.util.concurrent.Executors$RunnableAdapter.call(Executors.java:511)
	at java.util.concurrent.FutureTask.run(FutureTask.java:266)
	at java.util.concurrent.ScheduledThreadPoolExecutor$ScheduledFutureTask.access$201(ScheduledThreadPoolExecutor.java:180)
	at java.util.concurrent.ScheduledThreadPoolExecutor$ScheduledFutureTask.run(ScheduledThreadPoolExecutor.java:293)
	at java.util.concurrent.ThreadPoolExecutor.runWorker(ThreadPoolExecutor.java:1149)
	at java.util.concurrent.ThreadPoolExecutor$Worker.run(ThreadPoolExecutor.java:624)
	at java.lang.Thread.run(Thread.java:748)
2019-10-02 11:50:17,430 [grpc-default-executor-6] INFO  impl.RaftServerProxy (RaftServerProxy.java:addNew(89)) - 1ca4baa7-f680-41b4-89de-2f540dbcf4ba: addNew group-E8E76536F627:[979ebbe2-24f7-4b6a-a09f-a9b9f259a4b6:192.168.5.178:37076, 6d4ecf29-9ffc-4c39-8dd8-fe3351ab43e9:192.168.5.178:41031, 1ca4baa7-f680-41b4-89de-2f540dbcf4ba:192.168.5.178:35264] returns group-E8E76536F627:java.util.concurrent.CompletableFuture@30ef00b0[Not completed]
2019-10-02 11:50:17,430 [grpc-default-executor-8] INFO  impl.RaftServerProxy (RaftServerProxy.java:addNew(89)) - 6d4ecf29-9ffc-4c39-8dd8-fe3351ab43e9: addNew group-E8E76536F627:[979ebbe2-24f7-4b6a-a09f-a9b9f259a4b6:192.168.5.178:37076, 6d4ecf29-9ffc-4c39-8dd8-fe3351ab43e9:192.168.5.178:41031, 1ca4baa7-f680-41b4-89de-2f540dbcf4ba:192.168.5.178:35264] returns group-E8E76536F627:java.util.concurrent.CompletableFuture@6e4504c7[Not completed]
2019-10-02 11:50:17,433 [grpc-default-executor-4] INFO  impl.RaftServerProxy (RaftServerProxy.java:addNew(89)) - 979ebbe2-24f7-4b6a-a09f-a9b9f259a4b6: addNew group-E8E76536F627:[979ebbe2-24f7-4b6a-a09f-a9b9f259a4b6:192.168.5.178:37076, 6d4ecf29-9ffc-4c39-8dd8-fe3351ab43e9:192.168.5.178:41031, 1ca4baa7-f680-41b4-89de-2f540dbcf4ba:192.168.5.178:35264] returns group-E8E76536F627:java.util.concurrent.CompletableFuture@3b0c313b[Not completed]
2019-10-02 11:50:17,434 [pool-37-thread-1] INFO  impl.RaftServerImpl (RaftServerImpl.java:<init>(95)) - 6d4ecf29-9ffc-4c39-8dd8-fe3351ab43e9: new RaftServerImpl for group-E8E76536F627:[979ebbe2-24f7-4b6a-a09f-a9b9f259a4b6:192.168.5.178:37076, 6d4ecf29-9ffc-4c39-8dd8-fe3351ab43e9:192.168.5.178:41031, 1ca4baa7-f680-41b4-89de-2f540dbcf4ba:192.168.5.178:35264] with ContainerStateMachine:uninitialized
2019-10-02 11:50:17,434 [pool-37-thread-1] INFO  server.RaftServerConfigKeys (ConfUtils.java:logGet(43)) - raft.server.rpc.timeout.min = 5s (custom)
2019-10-02 11:50:17,435 [pool-37-thread-1] INFO  server.RaftServerConfigKeys (ConfUtils.java:logGet(43)) - raft.server.rpc.timeout.max = 5200ms (custom)
2019-10-02 11:50:17,435 [pool-37-thread-1] INFO  server.RaftServerConfigKeys (ConfUtils.java:logGet(43)) - raft.server.rpcslowness.timeout = 120s (custom)
2019-10-02 11:50:17,435 [pool-37-thread-1] INFO  server.RaftServerConfigKeys (ConfUtils.java:logGet(43)) - raft.server.sleep.deviation.threshold = 300 (default)
2019-10-02 11:50:17,435 [pool-37-thread-1] INFO  server.RaftServerConfigKeys (ConfUtils.java:logGet(43)) - raft.server.log.appender.install.snapshot.enabled = false (custom)
2019-10-02 11:50:17,435 [pool-37-thread-1] INFO  impl.RaftServerImpl (ServerState.java:<init>(103)) - 6d4ecf29-9ffc-4c39-8dd8-fe3351ab43e9@group-E8E76536F627: ConfigurationManager, init=-1: [979ebbe2-24f7-4b6a-a09f-a9b9f259a4b6:192.168.5.178:37076, 6d4ecf29-9ffc-4c39-8dd8-fe3351ab43e9:192.168.5.178:41031, 1ca4baa7-f680-41b4-89de-2f540dbcf4ba:192.168.5.178:35264], old=null, confs=<EMPTY_MAP>
2019-10-02 11:50:17,435 [pool-37-thread-1] INFO  server.RaftServerConfigKeys (ConfUtils.java:logGet(43)) - raft.server.storage.dir = [/workdir/hadoop-ozone/ozonefs/target/test-dir/MiniOzoneClusterImpl-33e1560a-5563-4dac-9479-547df72b20a1/datanode-1/data/ratis] (custom)
2019-10-02 11:50:17,436 [pool-37-thread-1] INFO  server.RaftServerConfigKeys (ConfUtils.java:logGet(43)) - raft.server.log.corruption.policy = EXCEPTION (default)
2019-10-02 11:50:17,436 [pool-27-thread-1] INFO  impl.RaftServerImpl (RaftServerImpl.java:<init>(95)) - 1ca4baa7-f680-41b4-89de-2f540dbcf4ba: new RaftServerImpl for group-E8E76536F627:[979ebbe2-24f7-4b6a-a09f-a9b9f259a4b6:192.168.5.178:37076, 6d4ecf29-9ffc-4c39-8dd8-fe3351ab43e9:192.168.5.178:41031, 1ca4baa7-f680-41b4-89de-2f540dbcf4ba:192.168.5.178:35264] with ContainerStateMachine:uninitialized
2019-10-02 11:50:17,436 [pool-37-thread-1] INFO  storage.RaftStorageDirectory (RaftStorageDirectory.java:analyzeStorage(246)) - The storage directory /workdir/hadoop-ozone/ozonefs/target/test-dir/MiniOzoneClusterImpl-33e1560a-5563-4dac-9479-547df72b20a1/datanode-1/data/ratis/2dd85a23-ba68-48a0-a059-e8e76536f627 does not exist. Creating ...
2019-10-02 11:50:17,436 [pool-27-thread-1] INFO  server.RaftServerConfigKeys (ConfUtils.java:logGet(43)) - raft.server.rpc.timeout.min = 5s (custom)
2019-10-02 11:50:17,436 [pool-27-thread-1] INFO  server.RaftServerConfigKeys (ConfUtils.java:logGet(43)) - raft.server.rpc.timeout.max = 5200ms (custom)
2019-10-02 11:50:17,436 [pool-47-thread-1] INFO  impl.RaftServerImpl (RaftServerImpl.java:<init>(95)) - 979ebbe2-24f7-4b6a-a09f-a9b9f259a4b6: new RaftServerImpl for group-E8E76536F627:[979ebbe2-24f7-4b6a-a09f-a9b9f259a4b6:192.168.5.178:37076, 6d4ecf29-9ffc-4c39-8dd8-fe3351ab43e9:192.168.5.178:41031, 1ca4baa7-f680-41b4-89de-2f540dbcf4ba:192.168.5.178:35264] with ContainerStateMachine:uninitialized
2019-10-02 11:50:17,436 [pool-27-thread-1] INFO  server.RaftServerConfigKeys (ConfUtils.java:logGet(43)) - raft.server.rpcslowness.timeout = 120s (custom)
2019-10-02 11:50:17,436 [pool-47-thread-1] INFO  server.RaftServerConfigKeys (ConfUtils.java:logGet(43)) - raft.server.rpc.timeout.min = 5s (custom)
2019-10-02 11:50:17,437 [pool-27-thread-1] INFO  server.RaftServerConfigKeys (ConfUtils.java:logGet(43)) - raft.server.sleep.deviation.threshold = 300 (default)
2019-10-02 11:50:17,437 [pool-47-thread-1] INFO  server.RaftServerConfigKeys (ConfUtils.java:logGet(43)) - raft.server.rpc.timeout.max = 5200ms (custom)
2019-10-02 11:50:17,437 [pool-27-thread-1] INFO  server.RaftServerConfigKeys (ConfUtils.java:logGet(43)) - raft.server.log.appender.install.snapshot.enabled = false (custom)
2019-10-02 11:50:17,437 [pool-47-thread-1] INFO  server.RaftServerConfigKeys (ConfUtils.java:logGet(43)) - raft.server.rpcslowness.timeout = 120s (custom)
2019-10-02 11:50:17,437 [pool-27-thread-1] INFO  impl.RaftServerImpl (ServerState.java:<init>(103)) - 1ca4baa7-f680-41b4-89de-2f540dbcf4ba@group-E8E76536F627: ConfigurationManager, init=-1: [979ebbe2-24f7-4b6a-a09f-a9b9f259a4b6:192.168.5.178:37076, 6d4ecf29-9ffc-4c39-8dd8-fe3351ab43e9:192.168.5.178:41031, 1ca4baa7-f680-41b4-89de-2f540dbcf4ba:192.168.5.178:35264], old=null, confs=<EMPTY_MAP>
2019-10-02 11:50:17,437 [pool-47-thread-1] INFO  server.RaftServerConfigKeys (ConfUtils.java:logGet(43)) - raft.server.sleep.deviation.threshold = 300 (default)
2019-10-02 11:50:17,437 [pool-47-thread-1] INFO  server.RaftServerConfigKeys (ConfUtils.java:logGet(43)) - raft.server.log.appender.install.snapshot.enabled = false (custom)
2019-10-02 11:50:17,437 [pool-27-thread-1] INFO  server.RaftServerConfigKeys (ConfUtils.java:logGet(43)) - raft.server.storage.dir = [/workdir/hadoop-ozone/ozonefs/target/test-dir/MiniOzoneClusterImpl-33e1560a-5563-4dac-9479-547df72b20a1/datanode-0/data/ratis] (custom)
2019-10-02 11:50:17,437 [pool-47-thread-1] INFO  impl.RaftServerImpl (ServerState.java:<init>(103)) - 979ebbe2-24f7-4b6a-a09f-a9b9f259a4b6@group-E8E76536F627: ConfigurationManager, init=-1: [979ebbe2-24f7-4b6a-a09f-a9b9f259a4b6:192.168.5.178:37076, 6d4ecf29-9ffc-4c39-8dd8-fe3351ab43e9:192.168.5.178:41031, 1ca4baa7-f680-41b4-89de-2f540dbcf4ba:192.168.5.178:35264], old=null, confs=<EMPTY_MAP>
2019-10-02 11:50:17,438 [pool-47-thread-1] INFO  server.RaftServerConfigKeys (ConfUtils.java:logGet(43)) - raft.server.storage.dir = [/workdir/hadoop-ozone/ozonefs/target/test-dir/MiniOzoneClusterImpl-33e1560a-5563-4dac-9479-547df72b20a1/datanode-2/data/ratis] (custom)
2019-10-02 11:50:17,438 [pool-27-thread-1] INFO  server.RaftServerConfigKeys (ConfUtils.java:logGet(43)) - raft.server.log.corruption.policy = EXCEPTION (default)
2019-10-02 11:50:17,438 [pool-47-thread-1] INFO  server.RaftServerConfigKeys (ConfUtils.java:logGet(43)) - raft.server.log.corruption.policy = EXCEPTION (default)
2019-10-02 11:50:17,438 [pool-27-thread-1] INFO  storage.RaftStorageDirectory (RaftStorageDirectory.java:analyzeStorage(246)) - The storage directory /workdir/hadoop-ozone/ozonefs/target/test-dir/MiniOzoneClusterImpl-33e1560a-5563-4dac-9479-547df72b20a1/datanode-0/data/ratis/2dd85a23-ba68-48a0-a059-e8e76536f627 does not exist. Creating ...
2019-10-02 11:50:17,438 [pool-47-thread-1] INFO  storage.RaftStorageDirectory (RaftStorageDirectory.java:analyzeStorage(246)) - The storage directory /workdir/hadoop-ozone/ozonefs/target/test-dir/MiniOzoneClusterImpl-33e1560a-5563-4dac-9479-547df72b20a1/datanode-2/data/ratis/2dd85a23-ba68-48a0-a059-e8e76536f627 does not exist. Creating ...
2019-10-02 11:50:17,449 [pool-27-thread-1] INFO  storage.RaftStorageDirectory (RaftStorageDirectory.java:tryLock(328)) - Lock on /workdir/hadoop-ozone/ozonefs/target/test-dir/MiniOzoneClusterImpl-33e1560a-5563-4dac-9479-547df72b20a1/datanode-0/data/ratis/2dd85a23-ba68-48a0-a059-e8e76536f627/in_use.lock acquired by nodename 22566@pr-trunk-8bg6x-723665176
2019-10-02 11:50:17,449 [pool-37-thread-1] INFO  storage.RaftStorageDirectory (RaftStorageDirectory.java:tryLock(328)) - Lock on /workdir/hadoop-ozone/ozonefs/target/test-dir/MiniOzoneClusterImpl-33e1560a-5563-4dac-9479-547df72b20a1/datanode-1/data/ratis/2dd85a23-ba68-48a0-a059-e8e76536f627/in_use.lock acquired by nodename 22566@pr-trunk-8bg6x-723665176
2019-10-02 11:50:17,449 [pool-47-thread-1] INFO  storage.RaftStorageDirectory (RaftStorageDirectory.java:tryLock(328)) - Lock on /workdir/hadoop-ozone/ozonefs/target/test-dir/MiniOzoneClusterImpl-33e1560a-5563-4dac-9479-547df72b20a1/datanode-2/data/ratis/2dd85a23-ba68-48a0-a059-e8e76536f627/in_use.lock acquired by nodename 22566@pr-trunk-8bg6x-723665176
2019-10-02 11:50:17,461 [pool-47-thread-1] INFO  storage.RaftStorage (RaftStorage.java:format(84)) - Storage directory /workdir/hadoop-ozone/ozonefs/target/test-dir/MiniOzoneClusterImpl-33e1560a-5563-4dac-9479-547df72b20a1/datanode-2/data/ratis/2dd85a23-ba68-48a0-a059-e8e76536f627 has been successfully formatted.
2019-10-02 11:50:17,461 [pool-27-thread-1] INFO  storage.RaftStorage (RaftStorage.java:format(84)) - Storage directory /workdir/hadoop-ozone/ozonefs/target/test-dir/MiniOzoneClusterImpl-33e1560a-5563-4dac-9479-547df72b20a1/datanode-0/data/ratis/2dd85a23-ba68-48a0-a059-e8e76536f627 has been successfully formatted.
2019-10-02 11:50:17,461 [pool-37-thread-1] INFO  storage.RaftStorage (RaftStorage.java:format(84)) - Storage directory /workdir/hadoop-ozone/ozonefs/target/test-dir/MiniOzoneClusterImpl-33e1560a-5563-4dac-9479-547df72b20a1/datanode-1/data/ratis/2dd85a23-ba68-48a0-a059-e8e76536f627 has been successfully formatted.
2019-10-02 11:50:17,461 [pool-47-thread-1] INFO  ratis.ContainerStateMachine (ContainerStateMachine.java:loadSnapshot(231)) - group-E8E76536F627: The snapshot info is null. Setting the last applied indexto:(t:0, i:~)
2019-10-02 11:50:17,461 [pool-37-thread-1] INFO  ratis.ContainerStateMachine (ContainerStateMachine.java:loadSnapshot(231)) - group-E8E76536F627: The snapshot info is null. Setting the last applied indexto:(t:0, i:~)
2019-10-02 11:50:17,461 [pool-27-thread-1] INFO  ratis.ContainerStateMachine (ContainerStateMachine.java:loadSnapshot(231)) - group-E8E76536F627: The snapshot info is null. Setting the last applied indexto:(t:0, i:~)
2019-10-02 11:50:17,461 [pool-37-thread-1] INFO  server.RaftServerConfigKeys (ConfUtils.java:logGet(43)) - raft.server.notification.no-leader.timeout = 120s (custom)
2019-10-02 11:50:17,461 [pool-47-thread-1] INFO  server.RaftServerConfigKeys (ConfUtils.java:logGet(43)) - raft.server.notification.no-leader.timeout = 120s (custom)
2019-10-02 11:50:17,462 [pool-37-thread-1] INFO  server.RaftServerConfigKeys (ConfUtils.java:logGet(43)) - raft.server.log.use.memory = false (default)
2019-10-02 11:50:17,462 [pool-27-thread-1] INFO  server.RaftServerConfigKeys (ConfUtils.java:logGet(43)) - raft.server.notification.no-leader.timeout = 120s (custom)
2019-10-02 11:50:17,462 [pool-37-thread-1] INFO  server.RaftServerConfigKeys (ConfUtils.java:logGet(43)) - raft.server.log.purge.gap = 1000000 (custom)
2019-10-02 11:50:17,462 [pool-47-thread-1] INFO  server.RaftServerConfigKeys (ConfUtils.java:logGet(43)) - raft.server.log.use.memory = false (default)
2019-10-02 11:50:17,462 [pool-37-thread-1] INFO  server.RaftServerConfigKeys (ConfUtils.java:logGet(43)) - raft.server.log.appender.buffer.byte-limit = 33554432 (custom)
2019-10-02 11:50:17,462 [pool-27-thread-1] INFO  server.RaftServerConfigKeys (ConfUtils.java:logGet(43)) - raft.server.log.use.memory = false (default)
2019-10-02 11:50:17,462 [pool-37-thread-1] INFO  server.RaftServerConfigKeys (ConfUtils.java:logGet(43)) - raft.server.log.segment.size.max = 1048576 (custom)
2019-10-02 11:50:17,462 [pool-47-thread-1] INFO  server.RaftServerConfigKeys (ConfUtils.java:logGet(43)) - raft.server.log.purge.gap = 1000000 (custom)
2019-10-02 11:50:17,462 [pool-27-thread-1] INFO  server.RaftServerConfigKeys (ConfUtils.java:logGet(43)) - raft.server.log.purge.gap = 1000000 (custom)
2019-10-02 11:50:17,462 [pool-47-thread-1] INFO  server.RaftServerConfigKeys (ConfUtils.java:logGet(43)) - raft.server.log.appender.buffer.byte-limit = 33554432 (custom)
2019-10-02 11:50:17,462 [pool-37-thread-1] INFO  server.RaftServerConfigKeys (ConfUtils.java:logGet(43)) - raft.server.log.segment.cache.num.max = 2 (custom)
2019-10-02 11:50:17,463 [pool-47-thread-1] INFO  server.RaftServerConfigKeys (ConfUtils.java:logGet(43)) - raft.server.log.segment.size.max = 1048576 (custom)
2019-10-02 11:50:17,463 [pool-27-thread-1] INFO  server.RaftServerConfigKeys (ConfUtils.java:logGet(43)) - raft.server.log.appender.buffer.byte-limit = 33554432 (custom)
2019-10-02 11:50:17,463 [pool-47-thread-1] INFO  server.RaftServerConfigKeys (ConfUtils.java:logGet(43)) - raft.server.log.segment.cache.num.max = 2 (custom)
2019-10-02 11:50:17,463 [pool-37-thread-1] INFO  segmented.SegmentedRaftLogWorker (SegmentedRaftLogWorker.java:<init>(173)) - new 6d4ecf29-9ffc-4c39-8dd8-fe3351ab43e9@group-E8E76536F627-SegmentedRaftLogWorker for RaftStorage:Storage Directory /workdir/hadoop-ozone/ozonefs/target/test-dir/MiniOzoneClusterImpl-33e1560a-5563-4dac-9479-547df72b20a1/datanode-1/data/ratis/2dd85a23-ba68-48a0-a059-e8e76536f627
2019-10-02 11:50:17,463 [pool-47-thread-1] INFO  segmented.SegmentedRaftLogWorker (SegmentedRaftLogWorker.java:<init>(173)) - new 979ebbe2-24f7-4b6a-a09f-a9b9f259a4b6@group-E8E76536F627-SegmentedRaftLogWorker for RaftStorage:Storage Directory /workdir/hadoop-ozone/ozonefs/target/test-dir/MiniOzoneClusterImpl-33e1560a-5563-4dac-9479-547df72b20a1/datanode-2/data/ratis/2dd85a23-ba68-48a0-a059-e8e76536f627
2019-10-02 11:50:17,463 [pool-27-thread-1] INFO  server.RaftServerConfigKeys (ConfUtils.java:logGet(43)) - raft.server.log.segment.size.max = 1048576 (custom)
2019-10-02 11:50:17,463 [pool-47-thread-1] INFO  server.RaftServerConfigKeys (ConfUtils.java:logGet(43)) - raft.server.log.queue.byte-limit = 2147483647 (custom)
2019-10-02 11:50:17,463 [pool-37-thread-1] INFO  server.RaftServerConfigKeys (ConfUtils.java:logGet(43)) - raft.server.log.queue.byte-limit = 2147483647 (custom)
2019-10-02 11:50:17,463 [pool-47-thread-1] INFO  server.RaftServerConfigKeys (ConfUtils.java:logGet(43)) - raft.server.log.queue.element-limit = 1024 (custom)
2019-10-02 11:50:17,463 [pool-27-thread-1] INFO  server.RaftServerConfigKeys (ConfUtils.java:logGet(43)) - raft.server.log.segment.cache.num.max = 2 (custom)
2019-10-02 11:50:17,464 [pool-47-thread-1] INFO  server.RaftServerConfigKeys (ConfUtils.java:logGet(43)) - raft.server.log.segment.size.max = 1048576 (custom)
2019-10-02 11:50:17,464 [pool-37-thread-1] INFO  server.RaftServerConfigKeys (ConfUtils.java:logGet(43)) - raft.server.log.queue.element-limit = 1024 (custom)
2019-10-02 11:50:17,464 [pool-47-thread-1] INFO  server.RaftServerConfigKeys (ConfUtils.java:logGet(43)) - raft.server.log.preallocated.size = 16384 (custom)
2019-10-02 11:50:17,464 [pool-27-thread-1] INFO  segmented.SegmentedRaftLogWorker (SegmentedRaftLogWorker.java:<init>(173)) - new 1ca4baa7-f680-41b4-89de-2f540dbcf4ba@group-E8E76536F627-SegmentedRaftLogWorker for RaftStorage:Storage Directory /workdir/hadoop-ozone/ozonefs/target/test-dir/MiniOzoneClusterImpl-33e1560a-5563-4dac-9479-547df72b20a1/datanode-0/data/ratis/2dd85a23-ba68-48a0-a059-e8e76536f627
2019-10-02 11:50:17,464 [pool-47-thread-1] INFO  server.RaftServerConfigKeys (ConfUtils.java:logGet(43)) - raft.server.log.write.buffer.size = 33554432 (custom)
2019-10-02 11:50:17,464 [pool-37-thread-1] INFO  server.RaftServerConfigKeys (ConfUtils.java:logGet(43)) - raft.server.log.segment.size.max = 1048576 (custom)
2019-10-02 11:50:17,464 [pool-47-thread-1] INFO  server.RaftServerConfigKeys (ConfUtils.java:logGet(43)) - raft.server.log.force.sync.num = 128 (default)
2019-10-02 11:50:17,464 [pool-27-thread-1] INFO  server.RaftServerConfigKeys (ConfUtils.java:logGet(43)) - raft.server.log.queue.byte-limit = 2147483647 (custom)
2019-10-02 11:50:17,464 [pool-47-thread-1] INFO  server.RaftServerConfigKeys (ConfUtils.java:logGet(43)) - raft.server.log.statemachine.data.sync = true (default)
2019-10-02 11:50:17,464 [pool-37-thread-1] INFO  server.RaftServerConfigKeys (ConfUtils.java:logGet(43)) - raft.server.log.preallocated.size = 16384 (custom)
2019-10-02 11:50:17,465 [pool-47-thread-1] INFO  server.RaftServerConfigKeys (ConfUtils.java:logGet(43)) - raft.server.log.statemachine.data.sync.timeout = 10s (default)
2019-10-02 11:50:17,465 [pool-27-thread-1] INFO  server.RaftServerConfigKeys (ConfUtils.java:logGet(43)) - raft.server.log.queue.element-limit = 1024 (custom)
2019-10-02 11:50:17,465 [pool-47-thread-1] INFO  server.RaftServerConfigKeys (ConfUtils.java:logGet(43)) - raft.server.log.statemachine.data.sync.timeout.retry = -1 (default)
2019-10-02 11:50:17,465 [pool-37-thread-1] INFO  server.RaftServerConfigKeys (ConfUtils.java:logGet(43)) - raft.server.log.write.buffer.size = 33554432 (custom)
2019-10-02 11:50:17,465 [pool-27-thread-1] INFO  server.RaftServerConfigKeys (ConfUtils.java:logGet(43)) - raft.server.log.segment.size.max = 1048576 (custom)
2019-10-02 11:50:17,465 [pool-47-thread-1] INFO  server.RaftServerConfigKeys (ConfUtils.java:logGet(43)) - raft.server.log.statemachine.data.caching.enabled = true (custom)
2019-10-02 11:50:17,465 [pool-37-thread-1] INFO  server.RaftServerConfigKeys (ConfUtils.java:logGet(43)) - raft.server.log.force.sync.num = 128 (default)
2019-10-02 11:50:17,465 [pool-27-thread-1] INFO  server.RaftServerConfigKeys (ConfUtils.java:logGet(43)) - raft.server.log.preallocated.size = 16384 (custom)
2019-10-02 11:50:17,466 [pool-47-thread-1] INFO  segmented.SegmentedRaftLogWorker (SegmentedRaftLogWorker.java:lambda$new$0(128)) - 979ebbe2-24f7-4b6a-a09f-a9b9f259a4b6@group-E8E76536F627-SegmentedRaftLogWorker: flushIndex: setUnconditionally 0 -> -1
2019-10-02 11:50:17,465 [pool-37-thread-1] INFO  server.RaftServerConfigKeys (ConfUtils.java:logGet(43)) - raft.server.log.statemachine.data.sync = true (default)
2019-10-02 11:50:17,466 [pool-27-thread-1] INFO  server.RaftServerConfigKeys (ConfUtils.java:logGet(43)) - raft.server.log.write.buffer.size = 33554432 (custom)
2019-10-02 11:50:17,466 [pool-37-thread-1] INFO  server.RaftServerConfigKeys (ConfUtils.java:logGet(43)) - raft.server.log.statemachine.data.sync.timeout = 10s (default)
2019-10-02 11:50:17,466 [pool-47-thread-1] INFO  server.RaftServerConfigKeys (ConfUtils.java:logGet(43)) - raft.server.snapshot.auto.trigger.enabled = true (custom)
2019-10-02 11:50:17,466 [pool-27-thread-1] INFO  server.RaftServerConfigKeys (ConfUtils.java:logGet(43)) - raft.server.log.force.sync.num = 128 (default)
2019-10-02 11:50:17,466 [pool-47-thread-1] INFO  server.RaftServerConfigKeys (ConfUtils.java:logGet(43)) - raft.server.snapshot.auto.trigger.threshold = 10000 (custom)
2019-10-02 11:50:17,466 [pool-37-thread-1] INFO  server.RaftServerConfigKeys (ConfUtils.java:logGet(43)) - raft.server.log.statemachine.data.sync.timeout.retry = -1 (default)
2019-10-02 11:50:17,466 [pool-47-thread-1] INFO  server.RaftServerConfigKeys (ConfUtils.java:logGet(43)) - raft.server.snapshot.retention.file.num = 5 (custom)
2019-10-02 11:50:17,466 [pool-27-thread-1] INFO  server.RaftServerConfigKeys (ConfUtils.java:logGet(43)) - raft.server.log.statemachine.data.sync = true (default)
2019-10-02 11:50:17,467 [pool-47-thread-1] INFO  server.RaftServerConfigKeys (ConfUtils.java:logGet(43)) - raft.server.retrycache.expirytime = 600000ms (custom)
2019-10-02 11:50:17,466 [pool-37-thread-1] INFO  server.RaftServerConfigKeys (ConfUtils.java:logGet(43)) - raft.server.log.statemachine.data.caching.enabled = true (custom)
2019-10-02 11:50:17,467 [pool-27-thread-1] INFO  server.RaftServerConfigKeys (ConfUtils.java:logGet(43)) - raft.server.log.statemachine.data.sync.timeout = 10s (default)
2019-10-02 11:50:17,467 [pool-37-thread-1] INFO  segmented.SegmentedRaftLogWorker (SegmentedRaftLogWorker.java:lambda$new$0(128)) - 6d4ecf29-9ffc-4c39-8dd8-fe3351ab43e9@group-E8E76536F627-SegmentedRaftLogWorker: flushIndex: setUnconditionally 0 -> -1
2019-10-02 11:50:17,467 [pool-27-thread-1] INFO  server.RaftServerConfigKeys (ConfUtils.java:logGet(43)) - raft.server.log.statemachine.data.sync.timeout.retry = -1 (default)
2019-10-02 11:50:17,467 [pool-37-thread-1] INFO  server.RaftServerConfigKeys (ConfUtils.java:logGet(43)) - raft.server.snapshot.auto.trigger.enabled = true (custom)
2019-10-02 11:50:17,467 [pool-27-thread-1] INFO  server.RaftServerConfigKeys (ConfUtils.java:logGet(43)) - raft.server.log.statemachine.data.caching.enabled = true (custom)
2019-10-02 11:50:17,467 [pool-37-thread-1] INFO  server.RaftServerConfigKeys (ConfUtils.java:logGet(43)) - raft.server.snapshot.auto.trigger.threshold = 10000 (custom)
2019-10-02 11:50:17,467 [pool-37-thread-1] INFO  server.RaftServerConfigKeys (ConfUtils.java:logGet(43)) - raft.server.snapshot.retention.file.num = 5 (custom)
2019-10-02 11:50:17,468 [pool-27-thread-1] INFO  segmented.SegmentedRaftLogWorker (SegmentedRaftLogWorker.java:lambda$new$0(128)) - 1ca4baa7-f680-41b4-89de-2f540dbcf4ba@group-E8E76536F627-SegmentedRaftLogWorker: flushIndex: setUnconditionally 0 -> -1
2019-10-02 11:50:17,468 [pool-37-thread-1] INFO  server.RaftServerConfigKeys (ConfUtils.java:logGet(43)) - raft.server.retrycache.expirytime = 600000ms (custom)
2019-10-02 11:50:17,468 [pool-27-thread-1] INFO  server.RaftServerConfigKeys (ConfUtils.java:logGet(43)) - raft.server.snapshot.auto.trigger.enabled = true (custom)
2019-10-02 11:50:17,468 [pool-27-thread-1] INFO  server.RaftServerConfigKeys (ConfUtils.java:logGet(43)) - raft.server.snapshot.auto.trigger.threshold = 10000 (custom)
2019-10-02 11:50:17,468 [pool-27-thread-1] INFO  server.RaftServerConfigKeys (ConfUtils.java:logGet(43)) - raft.server.snapshot.retention.file.num = 5 (custom)
2019-10-02 11:50:17,468 [pool-27-thread-1] INFO  server.RaftServerConfigKeys (ConfUtils.java:logGet(43)) - raft.server.retrycache.expirytime = 600000ms (custom)
2019-10-02 11:50:17,469 [pool-47-thread-1] INFO  impl.RaftServerImpl (RaftServerImpl.java:start(181)) - 979ebbe2-24f7-4b6a-a09f-a9b9f259a4b6@group-E8E76536F627: start as a follower, conf=-1: [979ebbe2-24f7-4b6a-a09f-a9b9f259a4b6:192.168.5.178:37076, 6d4ecf29-9ffc-4c39-8dd8-fe3351ab43e9:192.168.5.178:41031, 1ca4baa7-f680-41b4-89de-2f540dbcf4ba:192.168.5.178:35264], old=null
2019-10-02 11:50:17,469 [pool-47-thread-1] INFO  impl.RaftServerImpl (RaftServerImpl.java:setRole(170)) - 979ebbe2-24f7-4b6a-a09f-a9b9f259a4b6@group-E8E76536F627: changes role from      null to FOLLOWER at term 0 for startAsFollower
2019-10-02 11:50:17,469 [pool-47-thread-1] INFO  impl.RoleInfo (RoleInfo.java:updateAndGet(143)) - 979ebbe2-24f7-4b6a-a09f-a9b9f259a4b6: start FollowerState
2019-10-02 11:50:17,470 [pool-47-thread-1] INFO  util.JmxRegister (JmxRegister.java:tryRegister(44)) - Successfully registered JMX Bean with object name Ratis:service=RaftServer,group=group-E8E76536F627,id=979ebbe2-24f7-4b6a-a09f-a9b9f259a4b6
2019-10-02 11:50:17,470 [pool-37-thread-1] INFO  impl.RaftServerImpl (RaftServerImpl.java:start(181)) - 6d4ecf29-9ffc-4c39-8dd8-fe3351ab43e9@group-E8E76536F627: start as a follower, conf=-1: [979ebbe2-24f7-4b6a-a09f-a9b9f259a4b6:192.168.5.178:37076, 6d4ecf29-9ffc-4c39-8dd8-fe3351ab43e9:192.168.5.178:41031, 1ca4baa7-f680-41b4-89de-2f540dbcf4ba:192.168.5.178:35264], old=null
2019-10-02 11:50:17,471 [pool-37-thread-1] INFO  impl.RaftServerImpl (RaftServerImpl.java:setRole(170)) - 6d4ecf29-9ffc-4c39-8dd8-fe3351ab43e9@group-E8E76536F627: changes role from      null to FOLLOWER at term 0 for startAsFollower
2019-10-02 11:50:17,471 [pool-37-thread-1] INFO  impl.RoleInfo (RoleInfo.java:updateAndGet(143)) - 6d4ecf29-9ffc-4c39-8dd8-fe3351ab43e9: start FollowerState
2019-10-02 11:50:17,471 [pool-37-thread-1] INFO  util.JmxRegister (JmxRegister.java:tryRegister(44)) - Successfully registered JMX Bean with object name Ratis:service=RaftServer,group=group-E8E76536F627,id=6d4ecf29-9ffc-4c39-8dd8-fe3351ab43e9
2019-10-02 11:50:17,472 [pool-27-thread-1] INFO  impl.RaftServerImpl (RaftServerImpl.java:start(181)) - 1ca4baa7-f680-41b4-89de-2f540dbcf4ba@group-E8E76536F627: start as a follower, conf=-1: [979ebbe2-24f7-4b6a-a09f-a9b9f259a4b6:192.168.5.178:37076, 6d4ecf29-9ffc-4c39-8dd8-fe3351ab43e9:192.168.5.178:41031, 1ca4baa7-f680-41b4-89de-2f540dbcf4ba:192.168.5.178:35264], old=null
2019-10-02 11:50:17,472 [pool-27-thread-1] INFO  impl.RaftServerImpl (RaftServerImpl.java:setRole(170)) - 1ca4baa7-f680-41b4-89de-2f540dbcf4ba@group-E8E76536F627: changes role from      null to FOLLOWER at term 0 for startAsFollower
2019-10-02 11:50:17,472 [pool-27-thread-1] INFO  impl.RoleInfo (RoleInfo.java:updateAndGet(143)) - 1ca4baa7-f680-41b4-89de-2f540dbcf4ba: start FollowerState
2019-10-02 11:50:17,472 [pool-27-thread-1] INFO  util.JmxRegister (JmxRegister.java:tryRegister(44)) - Successfully registered JMX Bean with object name Ratis:service=RaftServer,group=group-E8E76536F627,id=1ca4baa7-f680-41b4-89de-2f540dbcf4ba
2019-10-02 11:50:17,481 [RatisPipelineUtilsThread] INFO  pipeline.PipelineStateManager (PipelineStateManager.java:addPipeline(56)) - Created pipeline Pipeline[ Id: 2dd85a23-ba68-48a0-a059-e8e76536f627, Nodes: 979ebbe2-24f7-4b6a-a09f-a9b9f259a4b6{ip: 192.168.5.178, host: pr-trunk-8bg6x-723665176, networkLocation: /default-rack, certSerialId: null}1ca4baa7-f680-41b4-89de-2f540dbcf4ba{ip: 192.168.5.178, host: pr-trunk-8bg6x-723665176, networkLocation: /default-rack, certSerialId: null}6d4ecf29-9ffc-4c39-8dd8-fe3351ab43e9{ip: 192.168.5.178, host: pr-trunk-8bg6x-723665176, networkLocation: /default-rack, certSerialId: null}, Type:RATIS, Factor:THREE, State:OPEN]
2019-10-02 11:50:18,201 [Thread-260] WARN  io.KeyOutputStream (KeyOutputStream.java:handleException(274)) - Encountered exception java.io.IOException: Unexpected Storage Container Exception: java.util.concurrent.CompletionException: java.util.concurrent.CompletionException: org.apache.ratis.protocol.GroupMismatchException: 1ca4baa7-f680-41b4-89de-2f540dbcf4ba: group-BD7DF1521997 not found. on the pipeline Pipeline[ Id: 5c79feec-c216-4d40-8bd7-bd7df1521997, Nodes: 979ebbe2-24f7-4b6a-a09f-a9b9f259a4b6{ip: 192.168.5.178, host: pr-trunk-8bg6x-723665176, networkLocation: /default-rack, certSerialId: null}1ca4baa7-f680-41b4-89de-2f540dbcf4ba{ip: 192.168.5.178, host: pr-trunk-8bg6x-723665176, networkLocation: /default-rack, certSerialId: null}6d4ecf29-9ffc-4c39-8dd8-fe3351ab43e9{ip: 192.168.5.178, host: pr-trunk-8bg6x-723665176, networkLocation: /default-rack, certSerialId: null}, Type:RATIS, Factor:THREE, State:OPEN]. The last committed block length is 0, uncommitted data length is 512 retry count 0
2019-10-02 11:50:22,490 [Thread-442] INFO  impl.FollowerState (FollowerState.java:run(108)) - 6d4ecf29-9ffc-4c39-8dd8-fe3351ab43e9@group-E8E76536F627-FollowerState: change to CANDIDATE, lastRpcTime:5019ms, electionTimeout:5019ms
2019-10-02 11:50:22,495 [Thread-442] INFO  impl.RoleInfo (RoleInfo.java:shutdownFollowerState(121)) - 6d4ecf29-9ffc-4c39-8dd8-fe3351ab43e9: shutdown FollowerState
2019-10-02 11:50:22,495 [Thread-442] INFO  impl.RaftServerImpl (RaftServerImpl.java:setRole(170)) - 6d4ecf29-9ffc-4c39-8dd8-fe3351ab43e9@group-E8E76536F627: changes role from  FOLLOWER to CANDIDATE at term 0 for changeToCandidate
2019-10-02 11:50:22,495 [Thread-442] INFO  impl.RoleInfo (RoleInfo.java:updateAndGet(143)) - 6d4ecf29-9ffc-4c39-8dd8-fe3351ab43e9: start LeaderElection
2019-10-02 11:50:22,512 [6d4ecf29-9ffc-4c39-8dd8-fe3351ab43e9@group-E8E76536F627-LeaderElection10] INFO  impl.LeaderElection (LeaderElection.java:askForVotes(178)) - 6d4ecf29-9ffc-4c39-8dd8-fe3351ab43e9@group-E8E76536F627-LeaderElection10: begin an election at term 1 for -1: [979ebbe2-24f7-4b6a-a09f-a9b9f259a4b6:192.168.5.178:37076, 6d4ecf29-9ffc-4c39-8dd8-fe3351ab43e9:192.168.5.178:41031, 1ca4baa7-f680-41b4-89de-2f540dbcf4ba:192.168.5.178:35264], old=null
2019-10-02 11:50:22,522 [grpc-default-executor-4] INFO  impl.RaftServerImpl (RaftServerImpl.java:setRole(170)) - 1ca4baa7-f680-41b4-89de-2f540dbcf4ba@group-E8E76536F627: changes role from  FOLLOWER to FOLLOWER at term 1 for recognizeCandidate:6d4ecf29-9ffc-4c39-8dd8-fe3351ab43e9
2019-10-02 11:50:22,525 [grpc-default-executor-4] INFO  impl.RoleInfo (RoleInfo.java:shutdownFollowerState(121)) - 1ca4baa7-f680-41b4-89de-2f540dbcf4ba: shutdown FollowerState
2019-10-02 11:50:22,525 [grpc-default-executor-6] INFO  impl.RaftServerImpl (RaftServerImpl.java:setRole(170)) - 979ebbe2-24f7-4b6a-a09f-a9b9f259a4b6@group-E8E76536F627: changes role from  FOLLOWER to FOLLOWER at term 1 for recognizeCandidate:6d4ecf29-9ffc-4c39-8dd8-fe3351ab43e9
2019-10-02 11:50:22,525 [grpc-default-executor-4] INFO  impl.RoleInfo (RoleInfo.java:updateAndGet(143)) - 1ca4baa7-f680-41b4-89de-2f540dbcf4ba: start FollowerState
2019-10-02 11:50:22,525 [grpc-default-executor-6] INFO  impl.RoleInfo (RoleInfo.java:shutdownFollowerState(121)) - 979ebbe2-24f7-4b6a-a09f-a9b9f259a4b6: shutdown FollowerState
2019-10-02 11:50:22,525 [Thread-443] INFO  impl.FollowerState (FollowerState.java:run(117)) - 1ca4baa7-f680-41b4-89de-2f540dbcf4ba@group-E8E76536F627-FollowerState was interrupted: java.lang.InterruptedException: sleep interrupted
2019-10-02 11:50:22,527 [grpc-default-executor-6] INFO  impl.RoleInfo (RoleInfo.java:updateAndGet(143)) - 979ebbe2-24f7-4b6a-a09f-a9b9f259a4b6: start FollowerState
2019-10-02 11:50:22,527 [Thread-441] INFO  impl.FollowerState (FollowerState.java:run(117)) - 979ebbe2-24f7-4b6a-a09f-a9b9f259a4b6@group-E8E76536F627-FollowerState was interrupted: java.lang.InterruptedException: sleep interrupted
2019-10-02 11:50:22,545 [6d4ecf29-9ffc-4c39-8dd8-fe3351ab43e9@group-E8E76536F627-LeaderElection10] INFO  impl.LeaderElection (LeaderElection.java:logAndReturn(56)) - 6d4ecf29-9ffc-4c39-8dd8-fe3351ab43e9@group-E8E76536F627-LeaderElection10: Election PASSED; received 1 response(s) [6d4ecf29-9ffc-4c39-8dd8-fe3351ab43e9<-1ca4baa7-f680-41b4-89de-2f540dbcf4ba#0:OK-t1] and 0 exception(s); 6d4ecf29-9ffc-4c39-8dd8-fe3351ab43e9@group-E8E76536F627:t1, leader=null, voted=6d4ecf29-9ffc-4c39-8dd8-fe3351ab43e9, raftlog=6d4ecf29-9ffc-4c39-8dd8-fe3351ab43e9@group-E8E76536F627-SegmentedRaftLog:OPENED:c-1,f-1,i0, conf=-1: [979ebbe2-24f7-4b6a-a09f-a9b9f259a4b6:192.168.5.178:37076, 6d4ecf29-9ffc-4c39-8dd8-fe3351ab43e9:192.168.5.178:41031, 1ca4baa7-f680-41b4-89de-2f540dbcf4ba:192.168.5.178:35264], old=null
2019-10-02 11:50:22,545 [6d4ecf29-9ffc-4c39-8dd8-fe3351ab43e9@group-E8E76536F627-LeaderElection10] INFO  impl.RoleInfo (RoleInfo.java:shutdownLeaderElection(134)) - 6d4ecf29-9ffc-4c39-8dd8-fe3351ab43e9: shutdown LeaderElection
2019-10-02 11:50:22,545 [6d4ecf29-9ffc-4c39-8dd8-fe3351ab43e9@group-E8E76536F627-LeaderElection10] INFO  impl.RaftServerImpl (RaftServerImpl.java:setRole(170)) - 6d4ecf29-9ffc-4c39-8dd8-fe3351ab43e9@group-E8E76536F627: changes role from CANDIDATE to LEADER at term 1 for changeToLeader
2019-10-02 11:50:22,548 [6d4ecf29-9ffc-4c39-8dd8-fe3351ab43e9@group-E8E76536F627-LeaderElection10] INFO  impl.RaftServerImpl (ServerState.java:setLeader(255)) - 6d4ecf29-9ffc-4c39-8dd8-fe3351ab43e9@group-E8E76536F627: change Leader from null to 6d4ecf29-9ffc-4c39-8dd8-fe3351ab43e9 at term 1 for becomeLeader, leader elected after 5085ms
2019-10-02 11:50:22,548 [6d4ecf29-9ffc-4c39-8dd8-fe3351ab43e9@group-E8E76536F627-LeaderElection10] INFO  server.RaftServerConfigKeys (ConfUtils.java:logGet(43)) - raft.server.staging.catchup.gap = 1000 (default)
2019-10-02 11:50:22,549 [6d4ecf29-9ffc-4c39-8dd8-fe3351ab43e9@group-E8E76536F627-LeaderElection10] INFO  server.RaftServerConfigKeys (ConfUtils.java:logGet(43)) - raft.server.rpc.sleep.time = 25ms (default)
2019-10-02 11:50:22,549 [6d4ecf29-9ffc-4c39-8dd8-fe3351ab43e9@group-E8E76536F627-LeaderElection10] INFO  server.RaftServerConfigKeys (ConfUtils.java:logGet(43)) - raft.server.write.element-limit = 4096 (default)
2019-10-02 11:50:22,549 [6d4ecf29-9ffc-4c39-8dd8-fe3351ab43e9@group-E8E76536F627-LeaderElection10] INFO  server.RaftServerConfigKeys (ConfUtils.java:logGet(43)) - raft.server.watch.timeout = 10s (default)
2019-10-02 11:50:22,549 [6d4ecf29-9ffc-4c39-8dd8-fe3351ab43e9@group-E8E76536F627-LeaderElection10] INFO  server.RaftServerConfigKeys (ConfUtils.java:logGet(43)) - raft.server.watch.timeout.denomination = 1s (default)
2019-10-02 11:50:22,550 [6d4ecf29-9ffc-4c39-8dd8-fe3351ab43e9@group-E8E76536F627-LeaderElection10] INFO  server.RaftServerConfigKeys (ConfUtils.java:logGet(43)) - raft.server.watch.element-limit = 65536 (default)
2019-10-02 11:50:22,554 [6d4ecf29-9ffc-4c39-8dd8-fe3351ab43e9@group-E8E76536F627-LeaderElection10] INFO  server.RaftServerConfigKeys (ConfUtils.java:logGet(43)) - raft.server.log.appender.snapshot.chunk.size.max = 16MB (=16777216) (default)
2019-10-02 11:50:22,554 [6d4ecf29-9ffc-4c39-8dd8-fe3351ab43e9@group-E8E76536F627-LeaderElection10] INFO  server.RaftServerConfigKeys (ConfUtils.java:logGet(43)) - raft.server.log.appender.buffer.byte-limit = 33554432 (custom)
2019-10-02 11:50:22,555 [6d4ecf29-9ffc-4c39-8dd8-fe3351ab43e9@group-E8E76536F627-LeaderElection10] INFO  server.RaftServerConfigKeys (ConfUtils.java:logGet(43)) - raft.server.log.appender.buffer.element-limit = 1 (custom)
2019-10-02 11:50:22,555 [6d4ecf29-9ffc-4c39-8dd8-fe3351ab43e9@group-E8E76536F627-LeaderElection10] INFO  grpc.GrpcConfigKeys$Server (ConfUtils.java:logGet(43)) - raft.grpc.server.leader.outstanding.appends.max = 128 (default)
2019-10-02 11:50:22,556 [6d4ecf29-9ffc-4c39-8dd8-fe3351ab43e9@group-E8E76536F627-LeaderElection10] INFO  server.RaftServerConfigKeys (ConfUtils.java:logGet(43)) - raft.server.rpc.request.timeout = 3000ms (default)
2019-10-02 11:50:22,556 [6d4ecf29-9ffc-4c39-8dd8-fe3351ab43e9@group-E8E76536F627-LeaderElection10] INFO  server.RaftServerConfigKeys (ConfUtils.java:logGet(43)) - raft.server.log.appender.install.snapshot.enabled = false (custom)
2019-10-02 11:50:22,557 [6d4ecf29-9ffc-4c39-8dd8-fe3351ab43e9@group-E8E76536F627-LeaderElection10] INFO  server.RaftServerConfigKeys (ConfUtils.java:logGet(43)) - raft.server.log.appender.snapshot.chunk.size.max = 16MB (=16777216) (default)
2019-10-02 11:50:22,557 [6d4ecf29-9ffc-4c39-8dd8-fe3351ab43e9@group-E8E76536F627-LeaderElection10] INFO  server.RaftServerConfigKeys (ConfUtils.java:logGet(43)) - raft.server.log.appender.buffer.byte-limit = 33554432 (custom)
2019-10-02 11:50:22,557 [6d4ecf29-9ffc-4c39-8dd8-fe3351ab43e9@group-E8E76536F627-LeaderElection10] INFO  server.RaftServerConfigKeys (ConfUtils.java:logGet(43)) - raft.server.log.appender.buffer.element-limit = 1 (custom)
2019-10-02 11:50:22,557 [6d4ecf29-9ffc-4c39-8dd8-fe3351ab43e9@group-E8E76536F627-LeaderElection10] INFO  grpc.GrpcConfigKeys$Server (ConfUtils.java:logGet(43)) - raft.grpc.server.leader.outstanding.appends.max = 128 (default)
2019-10-02 11:50:22,557 [6d4ecf29-9ffc-4c39-8dd8-fe3351ab43e9@group-E8E76536F627-LeaderElection10] INFO  server.RaftServerConfigKeys (ConfUtils.java:logGet(43)) - raft.server.rpc.request.timeout = 3000ms (default)
2019-10-02 11:50:22,558 [6d4ecf29-9ffc-4c39-8dd8-fe3351ab43e9@group-E8E76536F627-LeaderElection10] INFO  server.RaftServerConfigKeys (ConfUtils.java:logGet(43)) - raft.server.log.appender.install.snapshot.enabled = false (custom)
2019-10-02 11:50:22,558 [6d4ecf29-9ffc-4c39-8dd8-fe3351ab43e9@group-E8E76536F627-LeaderElection10] INFO  impl.RoleInfo (RoleInfo.java:updateAndGet(143)) - 6d4ecf29-9ffc-4c39-8dd8-fe3351ab43e9: start LeaderState
2019-10-02 11:50:22,558 [6d4ecf29-9ffc-4c39-8dd8-fe3351ab43e9@group-E8E76536F627-LeaderElection10] INFO  segmented.SegmentedRaftLogWorker (SegmentedRaftLogWorker.java:startLogSegment(385)) - 6d4ecf29-9ffc-4c39-8dd8-fe3351ab43e9@group-E8E76536F627-SegmentedRaftLogWorker: Starting segment from index:0
2019-10-02 11:50:22,559 [6d4ecf29-9ffc-4c39-8dd8-fe3351ab43e9@group-E8E76536F627-LeaderElection10] INFO  impl.RaftServerImpl (ServerState.java:setRaftConf(356)) - 6d4ecf29-9ffc-4c39-8dd8-fe3351ab43e9@group-E8E76536F627: set configuration 0: [979ebbe2-24f7-4b6a-a09f-a9b9f259a4b6:192.168.5.178:37076, 6d4ecf29-9ffc-4c39-8dd8-fe3351ab43e9:192.168.5.178:41031, 1ca4baa7-f680-41b4-89de-2f540dbcf4ba:192.168.5.178:35264], old=null at 0
2019-10-02 11:50:22,589 [grpc-default-executor-4] INFO  impl.RaftServerImpl (ServerState.java:setLeader(255)) - 979ebbe2-24f7-4b6a-a09f-a9b9f259a4b6@group-E8E76536F627: change Leader from null to 6d4ecf29-9ffc-4c39-8dd8-fe3351ab43e9 at term 1 for appendEntries, leader elected after 5127ms
2019-10-02 11:50:22,590 [grpc-default-executor-6] INFO  impl.RaftServerImpl (ServerState.java:setLeader(255)) - 1ca4baa7-f680-41b4-89de-2f540dbcf4ba@group-E8E76536F627: change Leader from null to 6d4ecf29-9ffc-4c39-8dd8-fe3351ab43e9 at term 1 for appendEntries, leader elected after 5127ms
2019-10-02 11:50:22,595 [grpc-default-executor-6] INFO  impl.RaftServerImpl (ServerState.java:setRaftConf(356)) - 979ebbe2-24f7-4b6a-a09f-a9b9f259a4b6@group-E8E76536F627: set configuration 0: [979ebbe2-24f7-4b6a-a09f-a9b9f259a4b6:192.168.5.178:37076, 6d4ecf29-9ffc-4c39-8dd8-fe3351ab43e9:192.168.5.178:41031, 1ca4baa7-f680-41b4-89de-2f540dbcf4ba:192.168.5.178:35264], old=null at 0
2019-10-02 11:50:22,595 [grpc-default-executor-4] INFO  impl.RaftServerImpl (ServerState.java:setRaftConf(356)) - 1ca4baa7-f680-41b4-89de-2f540dbcf4ba@group-E8E76536F627: set configuration 0: [979ebbe2-24f7-4b6a-a09f-a9b9f259a4b6:192.168.5.178:37076, 6d4ecf29-9ffc-4c39-8dd8-fe3351ab43e9:192.168.5.178:41031, 1ca4baa7-f680-41b4-89de-2f540dbcf4ba:192.168.5.178:35264], old=null at 0
2019-10-02 11:50:22,595 [grpc-default-executor-6] INFO  segmented.SegmentedRaftLogWorker (SegmentedRaftLogWorker.java:startLogSegment(385)) - 979ebbe2-24f7-4b6a-a09f-a9b9f259a4b6@group-E8E76536F627-SegmentedRaftLogWorker: Starting segment from index:0
2019-10-02 11:50:22,595 [grpc-default-executor-4] INFO  segmented.SegmentedRaftLogWorker (SegmentedRaftLogWorker.java:startLogSegment(385)) - 1ca4baa7-f680-41b4-89de-2f540dbcf4ba@group-E8E76536F627-SegmentedRaftLogWorker: Starting segment from index:0
2019-10-02 11:50:22,598 [6d4ecf29-9ffc-4c39-8dd8-fe3351ab43e9@group-E8E76536F627-SegmentedRaftLogWorker] INFO  segmented.SegmentedRaftLogWorker (SegmentedRaftLogWorker.java:execute(574)) - 6d4ecf29-9ffc-4c39-8dd8-fe3351ab43e9@group-E8E76536F627-SegmentedRaftLogWorker: created new log segment /workdir/hadoop-ozone/ozonefs/target/test-dir/MiniOzoneClusterImpl-33e1560a-5563-4dac-9479-547df72b20a1/datanode-1/data/ratis/2dd85a23-ba68-48a0-a059-e8e76536f627/current/log_inprogress_0
2019-10-02 11:50:22,643 [1ca4baa7-f680-41b4-89de-2f540dbcf4ba@group-E8E76536F627-SegmentedRaftLogWorker] INFO  segmented.SegmentedRaftLogWorker (SegmentedRaftLogWorker.java:execute(574)) - 1ca4baa7-f680-41b4-89de-2f540dbcf4ba@group-E8E76536F627-SegmentedRaftLogWorker: created new log segment /workdir/hadoop-ozone/ozonefs/target/test-dir/MiniOzoneClusterImpl-33e1560a-5563-4dac-9479-547df72b20a1/datanode-0/data/ratis/2dd85a23-ba68-48a0-a059-e8e76536f627/current/log_inprogress_0
2019-10-02 11:50:22,643 [979ebbe2-24f7-4b6a-a09f-a9b9f259a4b6@group-E8E76536F627-SegmentedRaftLogWorker] INFO  segmented.SegmentedRaftLogWorker (SegmentedRaftLogWorker.java:execute(574)) - 979ebbe2-24f7-4b6a-a09f-a9b9f259a4b6@group-E8E76536F627-SegmentedRaftLogWorker: created new log segment /workdir/hadoop-ozone/ozonefs/target/test-dir/MiniOzoneClusterImpl-33e1560a-5563-4dac-9479-547df72b20a1/datanode-2/data/ratis/2dd85a23-ba68-48a0-a059-e8e76536f627/current/log_inprogress_0
2019-10-02 11:50:23,647 [pool-36-thread-2] ERROR impl.ChunkManagerImpl (ChunkUtils.java:writeData(89)) - data array does not match the length specified. DataLen: 512 Byte Array: 667
2019-10-02 11:50:23,649 [pool-36-thread-2] INFO  keyvalue.KeyValueHandler (ContainerUtils.java:logAndReturnError(146)) - Operation: WriteChunk : Trace ID: f1715b1f4b66703:f1715b1f4b66703:0:0 : Message: data array does not match the length specified. DataLen: 512 Byte Array: 667 : Result: INVALID_WRITE_SIZE
2019-10-02 11:50:23,666 [EventQueue-IncrementalContainerReportForIncrementalContainerReportHandler] WARN  container.IncrementalContainerReportHandler (AbstractContainerReportHandler.java:updateContainerState(143)) - Container #4 is in OPEN state, but the datanode 6d4ecf29-9ffc-4c39-8dd8-fe3351ab43e9{ip: 192.168.5.178, host: pr-trunk-8bg6x-723665176, networkLocation: /default-rack, certSerialId: null} reports an UNHEALTHY replica.
11:50:23.666 [pool-36-thread-2] ERROR DNAudit - user=null | ip=null | op=WRITE_CHUNK {blockData=conID: 4 locID: 102892635306983444 bcsId: 0} | ret=FAILURE
java.lang.Exception: data array does not match the length specified. DataLen: 512 Byte Array: 667
	at org.apache.hadoop.ozone.container.common.impl.HddsDispatcher.dispatchRequest(HddsDispatcher.java:330) ~[hadoop-hdds-container-service-0.5.0-SNAPSHOT.jar:?]
	at org.apache.hadoop.ozone.container.common.impl.HddsDispatcher.dispatch(HddsDispatcher.java:150) ~[hadoop-hdds-container-service-0.5.0-SNAPSHOT.jar:?]
	at org.apache.hadoop.ozone.container.common.transport.server.ratis.ContainerStateMachine.dispatchCommand(ContainerStateMachine.java:407) ~[hadoop-hdds-container-service-0.5.0-SNAPSHOT.jar:?]
	at org.apache.hadoop.ozone.container.common.transport.server.ratis.ContainerStateMachine.runCommand(ContainerStateMachine.java:415) ~[hadoop-hdds-container-service-0.5.0-SNAPSHOT.jar:?]
	at org.apache.hadoop.ozone.container.common.transport.server.ratis.ContainerStateMachine.lambda$handleWriteChunk$1(ContainerStateMachine.java:450) ~[hadoop-hdds-container-service-0.5.0-SNAPSHOT.jar:?]
	at java.util.concurrent.CompletableFuture$AsyncSupply.run(CompletableFuture.java:1590) [?:1.8.0_212]
	at java.util.concurrent.ThreadPoolExecutor.runWorker(ThreadPoolExecutor.java:1149) [?:1.8.0_212]
	at java.util.concurrent.ThreadPoolExecutor$Worker.run(ThreadPoolExecutor.java:624) [?:1.8.0_212]
	at java.lang.Thread.run(Thread.java:748) [?:1.8.0_212]
2019-10-02 11:50:23,666 [EventQueue-CloseContainerForCloseContainerEventHandler] INFO  container.CloseContainerEventHandler (CloseContainerEventHandler.java:onMessage(61)) - Close container Event triggered for container : #4
2019-10-02 11:50:23,666 [pool-36-thread-2] ERROR ratis.ContainerStateMachine (ContainerStateMachine.java:lambda$handleWriteChunk$2(470)) - group-E8E76536F627: writeChunk writeStateMachineData failed: blockIdcontainerID: 4
localID: 102892635306983444
blockCommitSequenceId: 0
 logIndex 1 chunkName 102892635306983444_chunk_1 Error message: data array does not match the length specified. DataLen: 512 Byte Array: 667 Container Result: INVALID_WRITE_SIZE
2019-10-02 11:50:23,668 [6d4ecf29-9ffc-4c39-8dd8-fe3351ab43e9@group-E8E76536F627-SegmentedRaftLogWorker] ERROR ratis.XceiverServerRatis (XceiverServerRatis.java:triggerPipelineClose(581)) - pipeline Action CLOSE  on pipeline PipelineID=2dd85a23-ba68-48a0-a059-e8e76536f627.Reason : data array does not match the length specified. DataLen: 512 Byte Array: 667
2019-10-02 11:50:23,668 [6d4ecf29-9ffc-4c39-8dd8-fe3351ab43e9@group-E8E76536F627-SegmentedRaftLogWorker] ERROR ratis.XceiverServerRatis (XceiverServerRatis.java:triggerPipelineClose(581)) - pipeline Action CLOSE  on pipeline PipelineID=2dd85a23-ba68-48a0-a059-e8e76536f627.Reason : Log already failed at index 1 for task WriteLog:1: (t:1, i:1), STATEMACHINELOGENTRY, client-2485296B8900, cid=19
2019-10-02 11:50:23,668 [EventQueue-PipelineActionsForPipelineActionHandler] ERROR pipeline.PipelineActionHandler (PipelineActionHandler.java:onMessage(60)) - Received pipeline action CLOSE for Pipeline[ Id: 2dd85a23-ba68-48a0-a059-e8e76536f627, Nodes: 979ebbe2-24f7-4b6a-a09f-a9b9f259a4b6{ip: 192.168.5.178, host: pr-trunk-8bg6x-723665176, networkLocation: /default-rack, certSerialId: null}1ca4baa7-f680-41b4-89de-2f540dbcf4ba{ip: 192.168.5.178, host: pr-trunk-8bg6x-723665176, networkLocation: /default-rack, certSerialId: null}6d4ecf29-9ffc-4c39-8dd8-fe3351ab43e9{ip: 192.168.5.178, host: pr-trunk-8bg6x-723665176, networkLocation: /default-rack, certSerialId: null}, Type:RATIS, Factor:THREE, State:OPEN] from datanode 6d4ecf29-9ffc-4c39-8dd8-fe3351ab43e9{ip: 192.168.5.178, host: pr-trunk-8bg6x-723665176, networkLocation: /default-rack, certSerialId: null}. Reason : data array does not match the length specified. DataLen: 512 Byte Array: 667
2019-10-02 11:50:23,669 [EventQueue-PipelineActionsForPipelineActionHandler] INFO  pipeline.SCMPipelineManager (SCMPipelineManager.java:finalizeAndDestroyPipeline(315)) - destroying pipeline:Pipeline[ Id: 2dd85a23-ba68-48a0-a059-e8e76536f627, Nodes: 979ebbe2-24f7-4b6a-a09f-a9b9f259a4b6{ip: 192.168.5.178, host: pr-trunk-8bg6x-723665176, networkLocation: /default-rack, certSerialId: null}1ca4baa7-f680-41b4-89de-2f540dbcf4ba{ip: 192.168.5.178, host: pr-trunk-8bg6x-723665176, networkLocation: /default-rack, certSerialId: null}6d4ecf29-9ffc-4c39-8dd8-fe3351ab43e9{ip: 192.168.5.178, host: pr-trunk-8bg6x-723665176, networkLocation: /default-rack, certSerialId: null}, Type:RATIS, Factor:THREE, State:OPEN]
2019-10-02 11:50:23,669 [EventQueue-PipelineActionsForPipelineActionHandler] INFO  pipeline.PipelineStateManager (PipelineStateManager.java:finalizePipeline(123)) - Pipeline Pipeline[ Id: 2dd85a23-ba68-48a0-a059-e8e76536f627, Nodes: 979ebbe2-24f7-4b6a-a09f-a9b9f259a4b6{ip: 192.168.5.178, host: pr-trunk-8bg6x-723665176, networkLocation: /default-rack, certSerialId: null}1ca4baa7-f680-41b4-89de-2f540dbcf4ba{ip: 192.168.5.178, host: pr-trunk-8bg6x-723665176, networkLocation: /default-rack, certSerialId: null}6d4ecf29-9ffc-4c39-8dd8-fe3351ab43e9{ip: 192.168.5.178, host: pr-trunk-8bg6x-723665176, networkLocation: /default-rack, certSerialId: null}, Type:RATIS, Factor:THREE, State:CLOSED] moved to CLOSED state
2019-10-02 11:50:23,670 [EventQueue-PipelineActionsForPipelineActionHandler] ERROR pipeline.PipelineActionHandler (PipelineActionHandler.java:onMessage(60)) - Received pipeline action CLOSE for Pipeline[ Id: 2dd85a23-ba68-48a0-a059-e8e76536f627, Nodes: 979ebbe2-24f7-4b6a-a09f-a9b9f259a4b6{ip: 192.168.5.178, host: pr-trunk-8bg6x-723665176, networkLocation: /default-rack, certSerialId: null}1ca4baa7-f680-41b4-89de-2f540dbcf4ba{ip: 192.168.5.178, host: pr-trunk-8bg6x-723665176, networkLocation: /default-rack, certSerialId: null}6d4ecf29-9ffc-4c39-8dd8-fe3351ab43e9{ip: 192.168.5.178, host: pr-trunk-8bg6x-723665176, networkLocation: /default-rack, certSerialId: null}, Type:RATIS, Factor:THREE, State:CLOSED] from datanode 6d4ecf29-9ffc-4c39-8dd8-fe3351ab43e9{ip: 192.168.5.178, host: pr-trunk-8bg6x-723665176, networkLocation: /default-rack, certSerialId: null}. Reason : Log already failed at index 1 for task WriteLog:1: (t:1, i:1), STATEMACHINELOGENTRY, client-2485296B8900, cid=19
2019-10-02 11:50:23,670 [EventQueue-PipelineActionsForPipelineActionHandler] INFO  pipeline.SCMPipelineManager (SCMPipelineManager.java:finalizeAndDestroyPipeline(315)) - destroying pipeline:Pipeline[ Id: 2dd85a23-ba68-48a0-a059-e8e76536f627, Nodes: 979ebbe2-24f7-4b6a-a09f-a9b9f259a4b6{ip: 192.168.5.178, host: pr-trunk-8bg6x-723665176, networkLocation: /default-rack, certSerialId: null}1ca4baa7-f680-41b4-89de-2f540dbcf4ba{ip: 192.168.5.178, host: pr-trunk-8bg6x-723665176, networkLocation: /default-rack, certSerialId: null}6d4ecf29-9ffc-4c39-8dd8-fe3351ab43e9{ip: 192.168.5.178, host: pr-trunk-8bg6x-723665176, networkLocation: /default-rack, certSerialId: null}, Type:RATIS, Factor:THREE, State:CLOSED]
2019-10-02 11:50:26,553 [java.util.concurrent.ThreadPoolExecutor$Worker@27a00653[State = -1, empty queue]] ERROR client.GrpcClientProtocolClient (GrpcClientProtocolClient.java:close(148)) - Unexpected exception while waiting for channel termination
java.lang.InterruptedException
	at java.util.concurrent.locks.AbstractQueuedSynchronizer.tryAcquireSharedNanos(AbstractQueuedSynchronizer.java:1326)
	at java.util.concurrent.CountDownLatch.await(CountDownLatch.java:277)
	at org.apache.ratis.thirdparty.io.grpc.internal.ManagedChannelImpl.awaitTermination(ManagedChannelImpl.java:763)
	at org.apache.ratis.thirdparty.io.grpc.internal.ForwardingManagedChannel.awaitTermination(ForwardingManagedChannel.java:57)
	at org.apache.ratis.thirdparty.io.grpc.internal.ManagedChannelOrphanWrapper.awaitTermination(ManagedChannelOrphanWrapper.java:70)
	at org.apache.ratis.grpc.client.GrpcClientProtocolClient.close(GrpcClientProtocolClient.java:146)
	at org.apache.ratis.util.PeerProxyMap$PeerAndProxy.lambda$close$1(PeerProxyMap.java:74)
	at org.apache.ratis.util.LifeCycle.lambda$checkStateAndClose$2(LifeCycle.java:231)
	at org.apache.ratis.util.LifeCycle.checkStateAndClose(LifeCycle.java:251)
	at org.apache.ratis.util.LifeCycle.checkStateAndClose(LifeCycle.java:229)
	at org.apache.ratis.util.PeerProxyMap$PeerAndProxy.close(PeerProxyMap.java:70)
	at org.apache.ratis.util.PeerProxyMap.resetProxy(PeerProxyMap.java:127)
	at org.apache.ratis.util.PeerProxyMap.handleException(PeerProxyMap.java:136)
	at org.apache.ratis.client.impl.RaftClientRpcWithProxy.handleException(RaftClientRpcWithProxy.java:47)
	at org.apache.ratis.client.impl.RaftClientImpl.handleIOException(RaftClientImpl.java:372)
	at org.apache.ratis.client.impl.OrderedAsync.lambda$sendRequest$10(OrderedAsync.java:236)
	at java.util.concurrent.CompletableFuture.uniExceptionally(CompletableFuture.java:870)
	at java.util.concurrent.CompletableFuture$UniExceptionally.tryFire(CompletableFuture.java:852)
	at java.util.concurrent.CompletableFuture.postComplete(CompletableFuture.java:474)
	at java.util.concurrent.CompletableFuture.completeExceptionally(CompletableFuture.java:1977)
	at org.apache.ratis.grpc.client.GrpcClientProtocolClient$AsyncStreamObservers.lambda$timeoutCheck$3(GrpcClientProtocolClient.java:324)
	at java.util.Optional.ifPresent(Optional.java:159)
	at org.apache.ratis.grpc.client.GrpcClientProtocolClient$AsyncStreamObservers.handleReplyFuture(GrpcClientProtocolClient.java:329)
	at org.apache.ratis.grpc.client.GrpcClientProtocolClient$AsyncStreamObservers.timeoutCheck(GrpcClientProtocolClient.java:324)
	at org.apache.ratis.grpc.client.GrpcClientProtocolClient$AsyncStreamObservers.lambda$onNext$1(GrpcClientProtocolClient.java:318)
	at org.apache.ratis.util.TimeoutScheduler.lambda$onTimeout$0(TimeoutScheduler.java:113)
	at org.apache.ratis.util.TimeoutScheduler.lambda$onTimeout$1(TimeoutScheduler.java:133)
	at org.apache.ratis.util.LogUtils.runAndLog(LogUtils.java:50)
	at org.apache.ratis.util.LogUtils$1.run(LogUtils.java:91)
	at java.util.concurrent.Executors$RunnableAdapter.call(Executors.java:511)
	at java.util.concurrent.FutureTask.run(FutureTask.java:266)
	at java.util.concurrent.ScheduledThreadPoolExecutor$ScheduledFutureTask.access$201(ScheduledThreadPoolExecutor.java:180)
	at java.util.concurrent.ScheduledThreadPoolExecutor$ScheduledFutureTask.run(ScheduledThreadPoolExecutor.java:293)
	at java.util.concurrent.ThreadPoolExecutor.runWorker(ThreadPoolExecutor.java:1149)
	at java.util.concurrent.ThreadPoolExecutor$Worker.run(ThreadPoolExecutor.java:624)
	at java.lang.Thread.run(Thread.java:748)
2019-10-02 11:50:26,557 [java.util.concurrent.ThreadPoolExecutor$Worker@27a00653[State = -1, empty queue]] WARN  util.TimeoutScheduler (LogUtils.java:runAndLog(55)) - Failed to task #0: java.lang.NullPointerException
2019-10-02 11:50:30,605 [java.util.concurrent.ThreadPoolExecutor$Worker@3fd0225e[State = -1, empty queue]] ERROR client.GrpcClientProtocolClient (GrpcClientProtocolClient.java:close(148)) - Unexpected exception while waiting for channel termination
java.lang.InterruptedException
	at java.util.concurrent.locks.AbstractQueuedSynchronizer.tryAcquireSharedNanos(AbstractQueuedSynchronizer.java:1326)
	at java.util.concurrent.CountDownLatch.await(CountDownLatch.java:277)
	at org.apache.ratis.thirdparty.io.grpc.internal.ManagedChannelImpl.awaitTermination(ManagedChannelImpl.java:763)
	at org.apache.ratis.thirdparty.io.grpc.internal.ForwardingManagedChannel.awaitTermination(ForwardingManagedChannel.java:57)
	at org.apache.ratis.thirdparty.io.grpc.internal.ManagedChannelOrphanWrapper.awaitTermination(ManagedChannelOrphanWrapper.java:70)
	at org.apache.ratis.grpc.client.GrpcClientProtocolClient.close(GrpcClientProtocolClient.java:146)
	at org.apache.ratis.util.PeerProxyMap$PeerAndProxy.lambda$close$1(PeerProxyMap.java:74)
	at org.apache.ratis.util.LifeCycle.lambda$checkStateAndClose$2(LifeCycle.java:231)
	at org.apache.ratis.util.LifeCycle.checkStateAndClose(LifeCycle.java:251)
	at org.apache.ratis.util.LifeCycle.checkStateAndClose(LifeCycle.java:229)
	at org.apache.ratis.util.PeerProxyMap$PeerAndProxy.close(PeerProxyMap.java:70)
	at org.apache.ratis.util.PeerProxyMap.resetProxy(PeerProxyMap.java:127)
	at org.apache.ratis.util.PeerProxyMap.handleException(PeerProxyMap.java:136)
	at org.apache.ratis.client.impl.RaftClientRpcWithProxy.handleException(RaftClientRpcWithProxy.java:47)
	at org.apache.ratis.client.impl.RaftClientImpl.handleIOException(RaftClientImpl.java:372)
	at org.apache.ratis.client.impl.OrderedAsync.lambda$sendRequest$10(OrderedAsync.java:236)
	at java.util.concurrent.CompletableFuture.uniExceptionally(CompletableFuture.java:870)
	at java.util.concurrent.CompletableFuture$UniExceptionally.tryFire(CompletableFuture.java:852)
	at java.util.concurrent.CompletableFuture.postComplete(CompletableFuture.java:474)
	at java.util.concurrent.CompletableFuture.completeExceptionally(CompletableFuture.java:1977)
	at org.apache.ratis.grpc.client.GrpcClientProtocolClient$AsyncStreamObservers.lambda$timeoutCheck$3(GrpcClientProtocolClient.java:324)
	at java.util.Optional.ifPresent(Optional.java:159)
	at org.apache.ratis.grpc.client.GrpcClientProtocolClient$AsyncStreamObservers.handleReplyFuture(GrpcClientProtocolClient.java:329)
	at org.apache.ratis.grpc.client.GrpcClientProtocolClient$AsyncStreamObservers.timeoutCheck(GrpcClientProtocolClient.java:324)
	at org.apache.ratis.grpc.client.GrpcClientProtocolClient$AsyncStreamObservers.lambda$onNext$1(GrpcClientProtocolClient.java:318)
	at org.apache.ratis.util.TimeoutScheduler.lambda$onTimeout$0(TimeoutScheduler.java:113)
	at org.apache.ratis.util.TimeoutScheduler.lambda$onTimeout$1(TimeoutScheduler.java:133)
	at org.apache.ratis.util.LogUtils.runAndLog(LogUtils.java:50)
	at org.apache.ratis.util.LogUtils$1.run(LogUtils.java:91)
	at java.util.concurrent.Executors$RunnableAdapter.call(Executors.java:511)
	at java.util.concurrent.FutureTask.run(FutureTask.java:266)
	at java.util.concurrent.ScheduledThreadPoolExecutor$ScheduledFutureTask.access$201(ScheduledThreadPoolExecutor.java:180)
	at java.util.concurrent.ScheduledThreadPoolExecutor$ScheduledFutureTask.run(ScheduledThreadPoolExecutor.java:293)
	at java.util.concurrent.ThreadPoolExecutor.runWorker(ThreadPoolExecutor.java:1149)
	at java.util.concurrent.ThreadPoolExecutor$Worker.run(ThreadPoolExecutor.java:624)
	at java.lang.Thread.run(Thread.java:748)
2019-10-02 11:50:30,609 [java.util.concurrent.ThreadPoolExecutor$Worker@3fd0225e[State = -1, empty queue]] WARN  util.TimeoutScheduler (LogUtils.java:runAndLog(55)) - Failed to task #0: java.lang.NullPointerException
2019-10-02 11:50:34,659 [java.util.concurrent.ThreadPoolExecutor$Worker@7cc3ca1d[State = -1, empty queue]] ERROR client.GrpcClientProtocolClient (GrpcClientProtocolClient.java:close(148)) - Unexpected exception while waiting for channel termination
java.lang.InterruptedException
	at java.util.concurrent.locks.AbstractQueuedSynchronizer.tryAcquireSharedNanos(AbstractQueuedSynchronizer.java:1326)
	at java.util.concurrent.CountDownLatch.await(CountDownLatch.java:277)
	at org.apache.ratis.thirdparty.io.grpc.internal.ManagedChannelImpl.awaitTermination(ManagedChannelImpl.java:763)
	at org.apache.ratis.thirdparty.io.grpc.internal.ForwardingManagedChannel.awaitTermination(ForwardingManagedChannel.java:57)
	at org.apache.ratis.thirdparty.io.grpc.internal.ManagedChannelOrphanWrapper.awaitTermination(ManagedChannelOrphanWrapper.java:70)
	at org.apache.ratis.grpc.client.GrpcClientProtocolClient.close(GrpcClientProtocolClient.java:146)
	at org.apache.ratis.util.PeerProxyMap$PeerAndProxy.lambda$close$1(PeerProxyMap.java:74)
	at org.apache.ratis.util.LifeCycle.lambda$checkStateAndClose$2(LifeCycle.java:231)
	at org.apache.ratis.util.LifeCycle.checkStateAndClose(LifeCycle.java:251)
	at org.apache.ratis.util.LifeCycle.checkStateAndClose(LifeCycle.java:229)
	at org.apache.ratis.util.PeerProxyMap$PeerAndProxy.close(PeerProxyMap.java:70)
	at org.apache.ratis.util.PeerProxyMap.resetProxy(PeerProxyMap.java:127)
	at org.apache.ratis.util.PeerProxyMap.handleException(PeerProxyMap.java:136)
	at org.apache.ratis.client.impl.RaftClientRpcWithProxy.handleException(RaftClientRpcWithProxy.java:47)
	at org.apache.ratis.client.impl.RaftClientImpl.handleIOException(RaftClientImpl.java:372)
	at org.apache.ratis.client.impl.OrderedAsync.lambda$sendRequest$10(OrderedAsync.java:236)
	at java.util.concurrent.CompletableFuture.uniExceptionally(CompletableFuture.java:870)
	at java.util.concurrent.CompletableFuture$UniExceptionally.tryFire(CompletableFuture.java:852)
	at java.util.concurrent.CompletableFuture.postComplete(CompletableFuture.java:474)
	at java.util.concurrent.CompletableFuture.completeExceptionally(CompletableFuture.java:1977)
	at org.apache.ratis.grpc.client.GrpcClientProtocolClient$AsyncStreamObservers.lambda$timeoutCheck$3(GrpcClientProtocolClient.java:324)
	at java.util.Optional.ifPresent(Optional.java:159)
	at org.apache.ratis.grpc.client.GrpcClientProtocolClient$AsyncStreamObservers.handleReplyFuture(GrpcClientProtocolClient.java:329)
	at org.apache.ratis.grpc.client.GrpcClientProtocolClient$AsyncStreamObservers.timeoutCheck(GrpcClientProtocolClient.java:324)
	at org.apache.ratis.grpc.client.GrpcClientProtocolClient$AsyncStreamObservers.lambda$onNext$1(GrpcClientProtocolClient.java:318)
	at org.apache.ratis.util.TimeoutScheduler.lambda$onTimeout$0(TimeoutScheduler.java:113)
	at org.apache.ratis.util.TimeoutScheduler.lambda$onTimeout$1(TimeoutScheduler.java:133)
	at org.apache.ratis.util.LogUtils.runAndLog(LogUtils.java:50)
	at org.apache.ratis.util.LogUtils$1.run(LogUtils.java:91)
	at java.util.concurrent.Executors$RunnableAdapter.call(Executors.java:511)
	at java.util.concurrent.FutureTask.run(FutureTask.java:266)
	at java.util.concurrent.ScheduledThreadPoolExecutor$ScheduledFutureTask.access$201(ScheduledThreadPoolExecutor.java:180)
	at java.util.concurrent.ScheduledThreadPoolExecutor$ScheduledFutureTask.run(ScheduledThreadPoolExecutor.java:293)
	at java.util.concurrent.ThreadPoolExecutor.runWorker(ThreadPoolExecutor.java:1149)
	at java.util.concurrent.ThreadPoolExecutor$Worker.run(ThreadPoolExecutor.java:624)
	at java.lang.Thread.run(Thread.java:748)
2019-10-02 11:50:34,663 [java.util.concurrent.ThreadPoolExecutor$Worker@7cc3ca1d[State = -1, empty queue]] WARN  util.TimeoutScheduler (LogUtils.java:runAndLog(55)) - Failed to task #0: java.lang.NullPointerException
2019-10-02 11:50:38,713 [java.util.concurrent.ThreadPoolExecutor$Worker@5ce7e448[State = -1, empty queue]] ERROR client.GrpcClientProtocolClient (GrpcClientProtocolClient.java:close(148)) - Unexpected exception while waiting for channel termination
java.lang.InterruptedException
	at java.util.concurrent.locks.AbstractQueuedSynchronizer.tryAcquireSharedNanos(AbstractQueuedSynchronizer.java:1326)
	at java.util.concurrent.CountDownLatch.await(CountDownLatch.java:277)
	at org.apache.ratis.thirdparty.io.grpc.internal.ManagedChannelImpl.awaitTermination(ManagedChannelImpl.java:763)
	at org.apache.ratis.thirdparty.io.grpc.internal.ForwardingManagedChannel.awaitTermination(ForwardingManagedChannel.java:57)
	at org.apache.ratis.thirdparty.io.grpc.internal.ManagedChannelOrphanWrapper.awaitTermination(ManagedChannelOrphanWrapper.java:70)
	at org.apache.ratis.grpc.client.GrpcClientProtocolClient.close(GrpcClientProtocolClient.java:146)
	at org.apache.ratis.util.PeerProxyMap$PeerAndProxy.lambda$close$1(PeerProxyMap.java:74)
	at org.apache.ratis.util.LifeCycle.lambda$checkStateAndClose$2(LifeCycle.java:231)
	at org.apache.ratis.util.LifeCycle.checkStateAndClose(LifeCycle.java:251)
	at org.apache.ratis.util.LifeCycle.checkStateAndClose(LifeCycle.java:229)
	at org.apache.ratis.util.PeerProxyMap$PeerAndProxy.close(PeerProxyMap.java:70)
	at org.apache.ratis.util.PeerProxyMap.resetProxy(PeerProxyMap.java:127)
	at org.apache.ratis.util.PeerProxyMap.handleException(PeerProxyMap.java:136)
	at org.apache.ratis.client.impl.RaftClientRpcWithProxy.handleException(RaftClientRpcWithProxy.java:47)
	at org.apache.ratis.client.impl.RaftClientImpl.handleIOException(RaftClientImpl.java:372)
	at org.apache.ratis.client.impl.OrderedAsync.lambda$sendRequest$10(OrderedAsync.java:236)
	at java.util.concurrent.CompletableFuture.uniExceptionally(CompletableFuture.java:870)
	at java.util.concurrent.CompletableFuture$UniExceptionally.tryFire(CompletableFuture.java:852)
	at java.util.concurrent.CompletableFuture.postComplete(CompletableFuture.java:474)
	at java.util.concurrent.CompletableFuture.completeExceptionally(CompletableFuture.java:1977)
	at org.apache.ratis.grpc.client.GrpcClientProtocolClient$AsyncStreamObservers.lambda$timeoutCheck$3(GrpcClientProtocolClient.java:324)
	at java.util.Optional.ifPresent(Optional.java:159)
	at org.apache.ratis.grpc.client.GrpcClientProtocolClient$AsyncStreamObservers.handleReplyFuture(GrpcClientProtocolClient.java:329)
	at org.apache.ratis.grpc.client.GrpcClientProtocolClient$AsyncStreamObservers.timeoutCheck(GrpcClientProtocolClient.java:324)
	at org.apache.ratis.grpc.client.GrpcClientProtocolClient$AsyncStreamObservers.lambda$onNext$1(GrpcClientProtocolClient.java:318)
	at org.apache.ratis.util.TimeoutScheduler.lambda$onTimeout$0(TimeoutScheduler.java:113)
	at org.apache.ratis.util.TimeoutScheduler.lambda$onTimeout$1(TimeoutScheduler.java:133)
	at org.apache.ratis.util.LogUtils.runAndLog(LogUtils.java:50)
	at org.apache.ratis.util.LogUtils$1.run(LogUtils.java:91)
	at java.util.concurrent.Executors$RunnableAdapter.call(Executors.java:511)
	at java.util.concurrent.FutureTask.run(FutureTask.java:266)
	at java.util.concurrent.ScheduledThreadPoolExecutor$ScheduledFutureTask.access$201(ScheduledThreadPoolExecutor.java:180)
	at java.util.concurrent.ScheduledThreadPoolExecutor$ScheduledFutureTask.run(ScheduledThreadPoolExecutor.java:293)
	at java.util.concurrent.ThreadPoolExecutor.runWorker(ThreadPoolExecutor.java:1149)
	at java.util.concurrent.ThreadPoolExecutor$Worker.run(ThreadPoolExecutor.java:624)
	at java.lang.Thread.run(Thread.java:748)
2019-10-02 11:50:38,723 [java.util.concurrent.ThreadPoolExecutor$Worker@5ce7e448[State = -1, empty queue]] WARN  util.TimeoutScheduler (LogUtils.java:runAndLog(55)) - Failed to task #0: java.lang.NullPointerException
2019-10-02 11:50:42,769 [java.util.concurrent.ThreadPoolExecutor$Worker@7ef94c74[State = -1, empty queue]] ERROR client.GrpcClientProtocolClient (GrpcClientProtocolClient.java:close(148)) - Unexpected exception while waiting for channel termination
java.lang.InterruptedException
	at java.util.concurrent.locks.AbstractQueuedSynchronizer.tryAcquireSharedNanos(AbstractQueuedSynchronizer.java:1326)
	at java.util.concurrent.CountDownLatch.await(CountDownLatch.java:277)
	at org.apache.ratis.thirdparty.io.grpc.internal.ManagedChannelImpl.awaitTermination(ManagedChannelImpl.java:763)
	at org.apache.ratis.thirdparty.io.grpc.internal.ForwardingManagedChannel.awaitTermination(ForwardingManagedChannel.java:57)
	at org.apache.ratis.thirdparty.io.grpc.internal.ManagedChannelOrphanWrapper.awaitTermination(ManagedChannelOrphanWrapper.java:70)
	at org.apache.ratis.grpc.client.GrpcClientProtocolClient.close(GrpcClientProtocolClient.java:146)
	at org.apache.ratis.util.PeerProxyMap$PeerAndProxy.lambda$close$1(PeerProxyMap.java:74)
	at org.apache.ratis.util.LifeCycle.lambda$checkStateAndClose$2(LifeCycle.java:231)
	at org.apache.ratis.util.LifeCycle.checkStateAndClose(LifeCycle.java:251)
	at org.apache.ratis.util.LifeCycle.checkStateAndClose(LifeCycle.java:229)
	at org.apache.ratis.util.PeerProxyMap$PeerAndProxy.close(PeerProxyMap.java:70)
	at org.apache.ratis.util.PeerProxyMap.resetProxy(PeerProxyMap.java:127)
	at org.apache.ratis.util.PeerProxyMap.handleException(PeerProxyMap.java:136)
	at org.apache.ratis.client.impl.RaftClientRpcWithProxy.handleException(RaftClientRpcWithProxy.java:47)
	at org.apache.ratis.client.impl.RaftClientImpl.handleIOException(RaftClientImpl.java:372)
	at org.apache.ratis.client.impl.OrderedAsync.lambda$sendRequest$10(OrderedAsync.java:236)
	at java.util.concurrent.CompletableFuture.uniExceptionally(CompletableFuture.java:870)
	at java.util.concurrent.CompletableFuture$UniExceptionally.tryFire(CompletableFuture.java:852)
	at java.util.concurrent.CompletableFuture.postComplete(CompletableFuture.java:474)
	at java.util.concurrent.CompletableFuture.completeExceptionally(CompletableFuture.java:1977)
	at org.apache.ratis.grpc.client.GrpcClientProtocolClient$AsyncStreamObservers.lambda$timeoutCheck$3(GrpcClientProtocolClient.java:324)
	at java.util.Optional.ifPresent(Optional.java:159)
	at org.apache.ratis.grpc.client.GrpcClientProtocolClient$AsyncStreamObservers.handleReplyFuture(GrpcClientProtocolClient.java:329)
	at org.apache.ratis.grpc.client.GrpcClientProtocolClient$AsyncStreamObservers.timeoutCheck(GrpcClientProtocolClient.java:324)
	at org.apache.ratis.grpc.client.GrpcClientProtocolClient$AsyncStreamObservers.lambda$onNext$1(GrpcClientProtocolClient.java:318)
	at org.apache.ratis.util.TimeoutScheduler.lambda$onTimeout$0(TimeoutScheduler.java:113)
	at org.apache.ratis.util.TimeoutScheduler.lambda$onTimeout$1(TimeoutScheduler.java:133)
	at org.apache.ratis.util.LogUtils.runAndLog(LogUtils.java:50)
	at org.apache.ratis.util.LogUtils$1.run(LogUtils.java:91)
	at java.util.concurrent.Executors$RunnableAdapter.call(Executors.java:511)
	at java.util.concurrent.FutureTask.run(FutureTask.java:266)
	at java.util.concurrent.ScheduledThreadPoolExecutor$ScheduledFutureTask.access$201(ScheduledThreadPoolExecutor.java:180)
	at java.util.concurrent.ScheduledThreadPoolExecutor$ScheduledFutureTask.run(ScheduledThreadPoolExecutor.java:293)
	at java.util.concurrent.ThreadPoolExecutor.runWorker(ThreadPoolExecutor.java:1149)
	at java.util.concurrent.ThreadPoolExecutor$Worker.run(ThreadPoolExecutor.java:624)
	at java.lang.Thread.run(Thread.java:748)
2019-10-02 11:50:42,770 [java.util.concurrent.ThreadPoolExecutor$Worker@7ef94c74[State = -1, empty queue]] WARN  util.TimeoutScheduler (LogUtils.java:runAndLog(55)) - Failed to task #0: java.lang.NullPointerException
2019-10-02 11:50:46,801 [java.util.concurrent.ThreadPoolExecutor$Worker@3a45b29b[State = -1, empty queue]] ERROR client.GrpcClientProtocolClient (GrpcClientProtocolClient.java:close(148)) - Unexpected exception while waiting for channel termination
java.lang.InterruptedException
	at java.util.concurrent.locks.AbstractQueuedSynchronizer.tryAcquireSharedNanos(AbstractQueuedSynchronizer.java:1326)
	at java.util.concurrent.CountDownLatch.await(CountDownLatch.java:277)
	at org.apache.ratis.thirdparty.io.grpc.internal.ManagedChannelImpl.awaitTermination(ManagedChannelImpl.java:763)
	at org.apache.ratis.thirdparty.io.grpc.internal.ForwardingManagedChannel.awaitTermination(ForwardingManagedChannel.java:57)
	at org.apache.ratis.thirdparty.io.grpc.internal.ManagedChannelOrphanWrapper.awaitTermination(ManagedChannelOrphanWrapper.java:70)
	at org.apache.ratis.grpc.client.GrpcClientProtocolClient.close(GrpcClientProtocolClient.java:146)
	at org.apache.ratis.util.PeerProxyMap$PeerAndProxy.lambda$close$1(PeerProxyMap.java:74)
	at org.apache.ratis.util.LifeCycle.lambda$checkStateAndClose$2(LifeCycle.java:231)
	at org.apache.ratis.util.LifeCycle.checkStateAndClose(LifeCycle.java:251)
	at org.apache.ratis.util.LifeCycle.checkStateAndClose(LifeCycle.java:229)
	at org.apache.ratis.util.PeerProxyMap$PeerAndProxy.close(PeerProxyMap.java:70)
	at org.apache.ratis.util.PeerProxyMap.resetProxy(PeerProxyMap.java:127)
	at org.apache.ratis.util.PeerProxyMap.handleException(PeerProxyMap.java:136)
	at org.apache.ratis.client.impl.RaftClientRpcWithProxy.handleException(RaftClientRpcWithProxy.java:47)
	at org.apache.ratis.client.impl.RaftClientImpl.handleIOException(RaftClientImpl.java:372)
	at org.apache.ratis.client.impl.OrderedAsync.lambda$sendRequest$10(OrderedAsync.java:236)
	at java.util.concurrent.CompletableFuture.uniExceptionally(CompletableFuture.java:870)
	at java.util.concurrent.CompletableFuture$UniExceptionally.tryFire(CompletableFuture.java:852)
	at java.util.concurrent.CompletableFuture.postComplete(CompletableFuture.java:474)
	at java.util.concurrent.CompletableFuture.completeExceptionally(CompletableFuture.java:1977)
	at org.apache.ratis.grpc.client.GrpcClientProtocolClient$AsyncStreamObservers.lambda$timeoutCheck$3(GrpcClientProtocolClient.java:324)
	at java.util.Optional.ifPresent(Optional.java:159)
	at org.apache.ratis.grpc.client.GrpcClientProtocolClient$AsyncStreamObservers.handleReplyFuture(GrpcClientProtocolClient.java:329)
	at org.apache.ratis.grpc.client.GrpcClientProtocolClient$AsyncStreamObservers.timeoutCheck(GrpcClientProtocolClient.java:324)
	at org.apache.ratis.grpc.client.GrpcClientProtocolClient$AsyncStreamObservers.lambda$onNext$1(GrpcClientProtocolClient.java:318)
	at org.apache.ratis.util.TimeoutScheduler.lambda$onTimeout$0(TimeoutScheduler.java:113)
	at org.apache.ratis.util.TimeoutScheduler.lambda$onTimeout$1(TimeoutScheduler.java:133)
	at org.apache.ratis.util.LogUtils.runAndLog(LogUtils.java:50)
	at org.apache.ratis.util.LogUtils$1.run(LogUtils.java:91)
	at java.util.concurrent.Executors$RunnableAdapter.call(Executors.java:511)
	at java.util.concurrent.FutureTask.run(FutureTask.java:266)
	at java.util.concurrent.ScheduledThreadPoolExecutor$ScheduledFutureTask.access$201(ScheduledThreadPoolExecutor.java:180)
	at java.util.concurrent.ScheduledThreadPoolExecutor$ScheduledFutureTask.run(ScheduledThreadPoolExecutor.java:293)
	at java.util.concurrent.ThreadPoolExecutor.runWorker(ThreadPoolExecutor.java:1149)
	at java.util.concurrent.ThreadPoolExecutor$Worker.run(ThreadPoolExecutor.java:624)
	at java.lang.Thread.run(Thread.java:748)
2019-10-02 11:50:46,802 [java.util.concurrent.ThreadPoolExecutor$Worker@3a45b29b[State = -1, empty queue]] WARN  util.TimeoutScheduler (LogUtils.java:runAndLog(55)) - Failed to task #0: java.lang.NullPointerException
2019-10-02 11:50:50,835 [java.util.concurrent.ThreadPoolExecutor$Worker@bffebea[State = -1, empty queue]] ERROR client.GrpcClientProtocolClient (GrpcClientProtocolClient.java:close(148)) - Unexpected exception while waiting for channel termination
java.lang.InterruptedException
	at java.util.concurrent.locks.AbstractQueuedSynchronizer.tryAcquireSharedNanos(AbstractQueuedSynchronizer.java:1326)
	at java.util.concurrent.CountDownLatch.await(CountDownLatch.java:277)
	at org.apache.ratis.thirdparty.io.grpc.internal.ManagedChannelImpl.awaitTermination(ManagedChannelImpl.java:763)
	at org.apache.ratis.thirdparty.io.grpc.internal.ForwardingManagedChannel.awaitTermination(ForwardingManagedChannel.java:57)
	at org.apache.ratis.thirdparty.io.grpc.internal.ManagedChannelOrphanWrapper.awaitTermination(ManagedChannelOrphanWrapper.java:70)
	at org.apache.ratis.grpc.client.GrpcClientProtocolClient.close(GrpcClientProtocolClient.java:146)
	at org.apache.ratis.util.PeerProxyMap$PeerAndProxy.lambda$close$1(PeerProxyMap.java:74)
	at org.apache.ratis.util.LifeCycle.lambda$checkStateAndClose$2(LifeCycle.java:231)
	at org.apache.ratis.util.LifeCycle.checkStateAndClose(LifeCycle.java:251)
	at org.apache.ratis.util.LifeCycle.checkStateAndClose(LifeCycle.java:229)
	at org.apache.ratis.util.PeerProxyMap$PeerAndProxy.close(PeerProxyMap.java:70)
	at org.apache.ratis.util.PeerProxyMap.resetProxy(PeerProxyMap.java:127)
	at org.apache.ratis.util.PeerProxyMap.handleException(PeerProxyMap.java:136)
	at org.apache.ratis.client.impl.RaftClientRpcWithProxy.handleException(RaftClientRpcWithProxy.java:47)
	at org.apache.ratis.client.impl.RaftClientImpl.handleIOException(RaftClientImpl.java:372)
	at org.apache.ratis.client.impl.OrderedAsync.lambda$sendRequest$10(OrderedAsync.java:236)
	at java.util.concurrent.CompletableFuture.uniExceptionally(CompletableFuture.java:870)
	at java.util.concurrent.CompletableFuture$UniExceptionally.tryFire(CompletableFuture.java:852)
	at java.util.concurrent.CompletableFuture.postComplete(CompletableFuture.java:474)
	at java.util.concurrent.CompletableFuture.completeExceptionally(CompletableFuture.java:1977)
	at org.apache.ratis.grpc.client.GrpcClientProtocolClient$AsyncStreamObservers.lambda$timeoutCheck$3(GrpcClientProtocolClient.java:324)
	at java.util.Optional.ifPresent(Optional.java:159)
	at org.apache.ratis.grpc.client.GrpcClientProtocolClient$AsyncStreamObservers.handleReplyFuture(GrpcClientProtocolClient.java:329)
	at org.apache.ratis.grpc.client.GrpcClientProtocolClient$AsyncStreamObservers.timeoutCheck(GrpcClientProtocolClient.java:324)
	at org.apache.ratis.grpc.client.GrpcClientProtocolClient$AsyncStreamObservers.lambda$onNext$1(GrpcClientProtocolClient.java:318)
	at org.apache.ratis.util.TimeoutScheduler.lambda$onTimeout$0(TimeoutScheduler.java:113)
	at org.apache.ratis.util.TimeoutScheduler.lambda$onTimeout$1(TimeoutScheduler.java:133)
	at org.apache.ratis.util.LogUtils.runAndLog(LogUtils.java:50)
	at org.apache.ratis.util.LogUtils$1.run(LogUtils.java:91)
	at java.util.concurrent.Executors$RunnableAdapter.call(Executors.java:511)
	at java.util.concurrent.FutureTask.run(FutureTask.java:266)
	at java.util.concurrent.ScheduledThreadPoolExecutor$ScheduledFutureTask.access$201(ScheduledThreadPoolExecutor.java:180)
	at java.util.concurrent.ScheduledThreadPoolExecutor$ScheduledFutureTask.run(ScheduledThreadPoolExecutor.java:293)
	at java.util.concurrent.ThreadPoolExecutor.runWorker(ThreadPoolExecutor.java:1149)
	at java.util.concurrent.ThreadPoolExecutor$Worker.run(ThreadPoolExecutor.java:624)
	at java.lang.Thread.run(Thread.java:748)
2019-10-02 11:50:50,837 [java.util.concurrent.ThreadPoolExecutor$Worker@bffebea[State = -1, empty queue]] WARN  util.TimeoutScheduler (LogUtils.java:runAndLog(55)) - Failed to task #0: java.lang.NullPointerException
2019-10-02 11:50:54,871 [java.util.concurrent.ThreadPoolExecutor$Worker@692e4b7a[State = -1, empty queue]] ERROR client.GrpcClientProtocolClient (GrpcClientProtocolClient.java:close(148)) - Unexpected exception while waiting for channel termination
java.lang.InterruptedException
	at java.util.concurrent.locks.AbstractQueuedSynchronizer.tryAcquireSharedNanos(AbstractQueuedSynchronizer.java:1326)
	at java.util.concurrent.CountDownLatch.await(CountDownLatch.java:277)
	at org.apache.ratis.thirdparty.io.grpc.internal.ManagedChannelImpl.awaitTermination(ManagedChannelImpl.java:763)
	at org.apache.ratis.thirdparty.io.grpc.internal.ForwardingManagedChannel.awaitTermination(ForwardingManagedChannel.java:57)
	at org.apache.ratis.thirdparty.io.grpc.internal.ManagedChannelOrphanWrapper.awaitTermination(ManagedChannelOrphanWrapper.java:70)
	at org.apache.ratis.grpc.client.GrpcClientProtocolClient.close(GrpcClientProtocolClient.java:146)
	at org.apache.ratis.util.PeerProxyMap$PeerAndProxy.lambda$close$1(PeerProxyMap.java:74)
	at org.apache.ratis.util.LifeCycle.lambda$checkStateAndClose$2(LifeCycle.java:231)
	at org.apache.ratis.util.LifeCycle.checkStateAndClose(LifeCycle.java:251)
	at org.apache.ratis.util.LifeCycle.checkStateAndClose(LifeCycle.java:229)
	at org.apache.ratis.util.PeerProxyMap$PeerAndProxy.close(PeerProxyMap.java:70)
	at org.apache.ratis.util.PeerProxyMap.resetProxy(PeerProxyMap.java:127)
	at org.apache.ratis.util.PeerProxyMap.handleException(PeerProxyMap.java:136)
	at org.apache.ratis.client.impl.RaftClientRpcWithProxy.handleException(RaftClientRpcWithProxy.java:47)
	at org.apache.ratis.client.impl.RaftClientImpl.handleIOException(RaftClientImpl.java:372)
	at org.apache.ratis.client.impl.OrderedAsync.lambda$sendRequest$10(OrderedAsync.java:236)
	at java.util.concurrent.CompletableFuture.uniExceptionally(CompletableFuture.java:870)
	at java.util.concurrent.CompletableFuture$UniExceptionally.tryFire(CompletableFuture.java:852)
	at java.util.concurrent.CompletableFuture.postComplete(CompletableFuture.java:474)
	at java.util.concurrent.CompletableFuture.completeExceptionally(CompletableFuture.java:1977)
	at org.apache.ratis.grpc.client.GrpcClientProtocolClient$AsyncStreamObservers.lambda$timeoutCheck$3(GrpcClientProtocolClient.java:324)
	at java.util.Optional.ifPresent(Optional.java:159)
	at org.apache.ratis.grpc.client.GrpcClientProtocolClient$AsyncStreamObservers.handleReplyFuture(GrpcClientProtocolClient.java:329)
	at org.apache.ratis.grpc.client.GrpcClientProtocolClient$AsyncStreamObservers.timeoutCheck(GrpcClientProtocolClient.java:324)
	at org.apache.ratis.grpc.client.GrpcClientProtocolClient$AsyncStreamObservers.lambda$onNext$1(GrpcClientProtocolClient.java:318)
	at org.apache.ratis.util.TimeoutScheduler.lambda$onTimeout$0(TimeoutScheduler.java:113)
	at org.apache.ratis.util.TimeoutScheduler.lambda$onTimeout$1(TimeoutScheduler.java:133)
	at org.apache.ratis.util.LogUtils.runAndLog(LogUtils.java:50)
	at org.apache.ratis.util.LogUtils$1.run(LogUtils.java:91)
	at java.util.concurrent.Executors$RunnableAdapter.call(Executors.java:511)
	at java.util.concurrent.FutureTask.run(FutureTask.java:266)
	at java.util.concurrent.ScheduledThreadPoolExecutor$ScheduledFutureTask.access$201(ScheduledThreadPoolExecutor.java:180)
	at java.util.concurrent.ScheduledThreadPoolExecutor$ScheduledFutureTask.run(ScheduledThreadPoolExecutor.java:293)
	at java.util.concurrent.ThreadPoolExecutor.runWorker(ThreadPoolExecutor.java:1149)
	at java.util.concurrent.ThreadPoolExecutor$Worker.run(ThreadPoolExecutor.java:624)
	at java.lang.Thread.run(Thread.java:748)
2019-10-02 11:50:54,872 [java.util.concurrent.ThreadPoolExecutor$Worker@692e4b7a[State = -1, empty queue]] WARN  util.TimeoutScheduler (LogUtils.java:runAndLog(55)) - Failed to task #0: java.lang.NullPointerException
2019-10-02 11:50:58,906 [java.util.concurrent.ThreadPoolExecutor$Worker@4d333587[State = -1, empty queue]] ERROR client.GrpcClientProtocolClient (GrpcClientProtocolClient.java:close(148)) - Unexpected exception while waiting for channel termination
java.lang.InterruptedException
	at java.util.concurrent.locks.AbstractQueuedSynchronizer.tryAcquireSharedNanos(AbstractQueuedSynchronizer.java:1326)
	at java.util.concurrent.CountDownLatch.await(CountDownLatch.java:277)
	at org.apache.ratis.thirdparty.io.grpc.internal.ManagedChannelImpl.awaitTermination(ManagedChannelImpl.java:763)
	at org.apache.ratis.thirdparty.io.grpc.internal.ForwardingManagedChannel.awaitTermination(ForwardingManagedChannel.java:57)
	at org.apache.ratis.thirdparty.io.grpc.internal.ManagedChannelOrphanWrapper.awaitTermination(ManagedChannelOrphanWrapper.java:70)
	at org.apache.ratis.grpc.client.GrpcClientProtocolClient.close(GrpcClientProtocolClient.java:146)
	at org.apache.ratis.util.PeerProxyMap$PeerAndProxy.lambda$close$1(PeerProxyMap.java:74)
	at org.apache.ratis.util.LifeCycle.lambda$checkStateAndClose$2(LifeCycle.java:231)
	at org.apache.ratis.util.LifeCycle.checkStateAndClose(LifeCycle.java:251)
	at org.apache.ratis.util.LifeCycle.checkStateAndClose(LifeCycle.java:229)
	at org.apache.ratis.util.PeerProxyMap$PeerAndProxy.close(PeerProxyMap.java:70)
	at org.apache.ratis.util.PeerProxyMap.resetProxy(PeerProxyMap.java:127)
	at org.apache.ratis.util.PeerProxyMap.handleException(PeerProxyMap.java:136)
	at org.apache.ratis.client.impl.RaftClientRpcWithProxy.handleException(RaftClientRpcWithProxy.java:47)
	at org.apache.ratis.client.impl.RaftClientImpl.handleIOException(RaftClientImpl.java:372)
	at org.apache.ratis.client.impl.OrderedAsync.lambda$sendRequest$10(OrderedAsync.java:236)
	at java.util.concurrent.CompletableFuture.uniExceptionally(CompletableFuture.java:870)
	at java.util.concurrent.CompletableFuture$UniExceptionally.tryFire(CompletableFuture.java:852)
	at java.util.concurrent.CompletableFuture.postComplete(CompletableFuture.java:474)
	at java.util.concurrent.CompletableFuture.completeExceptionally(CompletableFuture.java:1977)
	at org.apache.ratis.grpc.client.GrpcClientProtocolClient$AsyncStreamObservers.lambda$timeoutCheck$3(GrpcClientProtocolClient.java:324)
	at java.util.Optional.ifPresent(Optional.java:159)
	at org.apache.ratis.grpc.client.GrpcClientProtocolClient$AsyncStreamObservers.handleReplyFuture(GrpcClientProtocolClient.java:329)
	at org.apache.ratis.grpc.client.GrpcClientProtocolClient$AsyncStreamObservers.timeoutCheck(GrpcClientProtocolClient.java:324)
	at org.apache.ratis.grpc.client.GrpcClientProtocolClient$AsyncStreamObservers.lambda$onNext$1(GrpcClientProtocolClient.java:318)
	at org.apache.ratis.util.TimeoutScheduler.lambda$onTimeout$0(TimeoutScheduler.java:113)
	at org.apache.ratis.util.TimeoutScheduler.lambda$onTimeout$1(TimeoutScheduler.java:133)
	at org.apache.ratis.util.LogUtils.runAndLog(LogUtils.java:50)
	at org.apache.ratis.util.LogUtils$1.run(LogUtils.java:91)
	at java.util.concurrent.Executors$RunnableAdapter.call(Executors.java:511)
	at java.util.concurrent.FutureTask.run(FutureTask.java:266)
	at java.util.concurrent.ScheduledThreadPoolExecutor$ScheduledFutureTask.access$201(ScheduledThreadPoolExecutor.java:180)
	at java.util.concurrent.ScheduledThreadPoolExecutor$ScheduledFutureTask.run(ScheduledThreadPoolExecutor.java:293)
	at java.util.concurrent.ThreadPoolExecutor.runWorker(ThreadPoolExecutor.java:1149)
	at java.util.concurrent.ThreadPoolExecutor$Worker.run(ThreadPoolExecutor.java:624)
	at java.lang.Thread.run(Thread.java:748)
2019-10-02 11:50:58,907 [java.util.concurrent.ThreadPoolExecutor$Worker@4d333587[State = -1, empty queue]] WARN  util.TimeoutScheduler (LogUtils.java:runAndLog(55)) - Failed to task #0: java.lang.NullPointerException
2019-10-02 11:51:00,438 [grpc-default-executor-8] INFO  impl.RaftServerProxy (RaftServerProxy.java:addNew(89)) - 1ca4baa7-f680-41b4-89de-2f540dbcf4ba: addNew group-7107B43B53B1:[979ebbe2-24f7-4b6a-a09f-a9b9f259a4b6:192.168.5.178:37076, 6d4ecf29-9ffc-4c39-8dd8-fe3351ab43e9:192.168.5.178:41031, 1ca4baa7-f680-41b4-89de-2f540dbcf4ba:192.168.5.178:35264] returns group-7107B43B53B1:java.util.concurrent.CompletableFuture@2f780efc[Not completed]
2019-10-02 11:51:00,438 [grpc-default-executor-4] INFO  impl.RaftServerProxy (RaftServerProxy.java:addNew(89)) - 6d4ecf29-9ffc-4c39-8dd8-fe3351ab43e9: addNew group-7107B43B53B1:[979ebbe2-24f7-4b6a-a09f-a9b9f259a4b6:192.168.5.178:37076, 6d4ecf29-9ffc-4c39-8dd8-fe3351ab43e9:192.168.5.178:41031, 1ca4baa7-f680-41b4-89de-2f540dbcf4ba:192.168.5.178:35264] returns group-7107B43B53B1:java.util.concurrent.CompletableFuture@4bf123a5[Not completed]
2019-10-02 11:51:00,442 [grpc-default-executor-8] INFO  impl.RaftServerProxy (RaftServerProxy.java:addNew(89)) - 979ebbe2-24f7-4b6a-a09f-a9b9f259a4b6: addNew group-7107B43B53B1:[979ebbe2-24f7-4b6a-a09f-a9b9f259a4b6:192.168.5.178:37076, 6d4ecf29-9ffc-4c39-8dd8-fe3351ab43e9:192.168.5.178:41031, 1ca4baa7-f680-41b4-89de-2f540dbcf4ba:192.168.5.178:35264] returns group-7107B43B53B1:java.util.concurrent.CompletableFuture@5838626a[Not completed]
2019-10-02 11:51:00,443 [pool-37-thread-1] INFO  impl.RaftServerImpl (RaftServerImpl.java:<init>(95)) - 6d4ecf29-9ffc-4c39-8dd8-fe3351ab43e9: new RaftServerImpl for group-7107B43B53B1:[979ebbe2-24f7-4b6a-a09f-a9b9f259a4b6:192.168.5.178:37076, 6d4ecf29-9ffc-4c39-8dd8-fe3351ab43e9:192.168.5.178:41031, 1ca4baa7-f680-41b4-89de-2f540dbcf4ba:192.168.5.178:35264] with ContainerStateMachine:uninitialized
2019-10-02 11:51:00,443 [pool-37-thread-1] INFO  server.RaftServerConfigKeys (ConfUtils.java:logGet(43)) - raft.server.rpc.timeout.min = 5s (custom)
2019-10-02 11:51:00,443 [pool-37-thread-1] INFO  server.RaftServerConfigKeys (ConfUtils.java:logGet(43)) - raft.server.rpc.timeout.max = 5200ms (custom)
2019-10-02 11:51:00,444 [pool-37-thread-1] INFO  server.RaftServerConfigKeys (ConfUtils.java:logGet(43)) - raft.server.rpcslowness.timeout = 120s (custom)
2019-10-02 11:51:00,444 [pool-37-thread-1] INFO  server.RaftServerConfigKeys (ConfUtils.java:logGet(43)) - raft.server.sleep.deviation.threshold = 300 (default)
2019-10-02 11:51:00,444 [pool-37-thread-1] INFO  server.RaftServerConfigKeys (ConfUtils.java:logGet(43)) - raft.server.log.appender.install.snapshot.enabled = false (custom)
2019-10-02 11:51:00,444 [pool-37-thread-1] INFO  impl.RaftServerImpl (ServerState.java:<init>(103)) - 6d4ecf29-9ffc-4c39-8dd8-fe3351ab43e9@group-7107B43B53B1: ConfigurationManager, init=-1: [979ebbe2-24f7-4b6a-a09f-a9b9f259a4b6:192.168.5.178:37076, 6d4ecf29-9ffc-4c39-8dd8-fe3351ab43e9:192.168.5.178:41031, 1ca4baa7-f680-41b4-89de-2f540dbcf4ba:192.168.5.178:35264], old=null, confs=<EMPTY_MAP>
2019-10-02 11:51:00,444 [pool-47-thread-1] INFO  impl.RaftServerImpl (RaftServerImpl.java:<init>(95)) - 979ebbe2-24f7-4b6a-a09f-a9b9f259a4b6: new RaftServerImpl for group-7107B43B53B1:[979ebbe2-24f7-4b6a-a09f-a9b9f259a4b6:192.168.5.178:37076, 6d4ecf29-9ffc-4c39-8dd8-fe3351ab43e9:192.168.5.178:41031, 1ca4baa7-f680-41b4-89de-2f540dbcf4ba:192.168.5.178:35264] with ContainerStateMachine:uninitialized
2019-10-02 11:51:00,444 [pool-37-thread-1] INFO  server.RaftServerConfigKeys (ConfUtils.java:logGet(43)) - raft.server.storage.dir = [/workdir/hadoop-ozone/ozonefs/target/test-dir/MiniOzoneClusterImpl-33e1560a-5563-4dac-9479-547df72b20a1/datanode-1/data/ratis] (custom)
2019-10-02 11:51:00,444 [pool-47-thread-1] INFO  server.RaftServerConfigKeys (ConfUtils.java:logGet(43)) - raft.server.rpc.timeout.min = 5s (custom)
2019-10-02 11:51:00,445 [pool-47-thread-1] INFO  server.RaftServerConfigKeys (ConfUtils.java:logGet(43)) - raft.server.rpc.timeout.max = 5200ms (custom)
2019-10-02 11:51:00,445 [pool-37-thread-1] INFO  server.RaftServerConfigKeys (ConfUtils.java:logGet(43)) - raft.server.log.corruption.policy = EXCEPTION (default)
2019-10-02 11:51:00,445 [pool-47-thread-1] INFO  server.RaftServerConfigKeys (ConfUtils.java:logGet(43)) - raft.server.rpcslowness.timeout = 120s (custom)
2019-10-02 11:51:00,445 [pool-37-thread-1] INFO  storage.RaftStorageDirectory (RaftStorageDirectory.java:analyzeStorage(246)) - The storage directory /workdir/hadoop-ozone/ozonefs/target/test-dir/MiniOzoneClusterImpl-33e1560a-5563-4dac-9479-547df72b20a1/datanode-1/data/ratis/a4a858e7-e09b-4396-924d-7107b43b53b1 does not exist. Creating ...
2019-10-02 11:51:00,445 [pool-27-thread-1] INFO  impl.RaftServerImpl (RaftServerImpl.java:<init>(95)) - 1ca4baa7-f680-41b4-89de-2f540dbcf4ba: new RaftServerImpl for group-7107B43B53B1:[979ebbe2-24f7-4b6a-a09f-a9b9f259a4b6:192.168.5.178:37076, 6d4ecf29-9ffc-4c39-8dd8-fe3351ab43e9:192.168.5.178:41031, 1ca4baa7-f680-41b4-89de-2f540dbcf4ba:192.168.5.178:35264] with ContainerStateMachine:uninitialized
2019-10-02 11:51:00,445 [pool-47-thread-1] INFO  server.RaftServerConfigKeys (ConfUtils.java:logGet(43)) - raft.server.sleep.deviation.threshold = 300 (default)
2019-10-02 11:51:00,445 [pool-27-thread-1] INFO  server.RaftServerConfigKeys (ConfUtils.java:logGet(43)) - raft.server.rpc.timeout.min = 5s (custom)
2019-10-02 11:51:00,445 [pool-47-thread-1] INFO  server.RaftServerConfigKeys (ConfUtils.java:logGet(43)) - raft.server.log.appender.install.snapshot.enabled = false (custom)
2019-10-02 11:51:00,446 [pool-27-thread-1] INFO  server.RaftServerConfigKeys (ConfUtils.java:logGet(43)) - raft.server.rpc.timeout.max = 5200ms (custom)
2019-10-02 11:51:00,446 [pool-47-thread-1] INFO  impl.RaftServerImpl (ServerState.java:<init>(103)) - 979ebbe2-24f7-4b6a-a09f-a9b9f259a4b6@group-7107B43B53B1: ConfigurationManager, init=-1: [979ebbe2-24f7-4b6a-a09f-a9b9f259a4b6:192.168.5.178:37076, 6d4ecf29-9ffc-4c39-8dd8-fe3351ab43e9:192.168.5.178:41031, 1ca4baa7-f680-41b4-89de-2f540dbcf4ba:192.168.5.178:35264], old=null, confs=<EMPTY_MAP>
2019-10-02 11:51:00,446 [pool-27-thread-1] INFO  server.RaftServerConfigKeys (ConfUtils.java:logGet(43)) - raft.server.rpcslowness.timeout = 120s (custom)
2019-10-02 11:51:00,446 [pool-47-thread-1] INFO  server.RaftServerConfigKeys (ConfUtils.java:logGet(43)) - raft.server.storage.dir = [/workdir/hadoop-ozone/ozonefs/target/test-dir/MiniOzoneClusterImpl-33e1560a-5563-4dac-9479-547df72b20a1/datanode-2/data/ratis] (custom)
2019-10-02 11:51:00,446 [pool-27-thread-1] INFO  server.RaftServerConfigKeys (ConfUtils.java:logGet(43)) - raft.server.sleep.deviation.threshold = 300 (default)
2019-10-02 11:51:00,446 [pool-27-thread-1] INFO  server.RaftServerConfigKeys (ConfUtils.java:logGet(43)) - raft.server.log.appender.install.snapshot.enabled = false (custom)
2019-10-02 11:51:00,446 [pool-47-thread-1] INFO  server.RaftServerConfigKeys (ConfUtils.java:logGet(43)) - raft.server.log.corruption.policy = EXCEPTION (default)
2019-10-02 11:51:00,446 [pool-27-thread-1] INFO  impl.RaftServerImpl (ServerState.java:<init>(103)) - 1ca4baa7-f680-41b4-89de-2f540dbcf4ba@group-7107B43B53B1: ConfigurationManager, init=-1: [979ebbe2-24f7-4b6a-a09f-a9b9f259a4b6:192.168.5.178:37076, 6d4ecf29-9ffc-4c39-8dd8-fe3351ab43e9:192.168.5.178:41031, 1ca4baa7-f680-41b4-89de-2f540dbcf4ba:192.168.5.178:35264], old=null, confs=<EMPTY_MAP>
2019-10-02 11:51:00,447 [pool-47-thread-1] INFO  storage.RaftStorageDirectory (RaftStorageDirectory.java:analyzeStorage(246)) - The storage directory /workdir/hadoop-ozone/ozonefs/target/test-dir/MiniOzoneClusterImpl-33e1560a-5563-4dac-9479-547df72b20a1/datanode-2/data/ratis/a4a858e7-e09b-4396-924d-7107b43b53b1 does not exist. Creating ...
2019-10-02 11:51:00,447 [pool-27-thread-1] INFO  server.RaftServerConfigKeys (ConfUtils.java:logGet(43)) - raft.server.storage.dir = [/workdir/hadoop-ozone/ozonefs/target/test-dir/MiniOzoneClusterImpl-33e1560a-5563-4dac-9479-547df72b20a1/datanode-0/data/ratis] (custom)
2019-10-02 11:51:00,447 [pool-27-thread-1] INFO  server.RaftServerConfigKeys (ConfUtils.java:logGet(43)) - raft.server.log.corruption.policy = EXCEPTION (default)
2019-10-02 11:51:00,447 [pool-27-thread-1] INFO  storage.RaftStorageDirectory (RaftStorageDirectory.java:analyzeStorage(246)) - The storage directory /workdir/hadoop-ozone/ozonefs/target/test-dir/MiniOzoneClusterImpl-33e1560a-5563-4dac-9479-547df72b20a1/datanode-0/data/ratis/a4a858e7-e09b-4396-924d-7107b43b53b1 does not exist. Creating ...
2019-10-02 11:51:00,458 [pool-47-thread-1] INFO  storage.RaftStorageDirectory (RaftStorageDirectory.java:tryLock(328)) - Lock on /workdir/hadoop-ozone/ozonefs/target/test-dir/MiniOzoneClusterImpl-33e1560a-5563-4dac-9479-547df72b20a1/datanode-2/data/ratis/a4a858e7-e09b-4396-924d-7107b43b53b1/in_use.lock acquired by nodename 22566@pr-trunk-8bg6x-723665176
2019-10-02 11:51:00,458 [pool-37-thread-1] INFO  storage.RaftStorageDirectory (RaftStorageDirectory.java:tryLock(328)) - Lock on /workdir/hadoop-ozone/ozonefs/target/test-dir/MiniOzoneClusterImpl-33e1560a-5563-4dac-9479-547df72b20a1/datanode-1/data/ratis/a4a858e7-e09b-4396-924d-7107b43b53b1/in_use.lock acquired by nodename 22566@pr-trunk-8bg6x-723665176
2019-10-02 11:51:00,458 [pool-27-thread-1] INFO  storage.RaftStorageDirectory (RaftStorageDirectory.java:tryLock(328)) - Lock on /workdir/hadoop-ozone/ozonefs/target/test-dir/MiniOzoneClusterImpl-33e1560a-5563-4dac-9479-547df72b20a1/datanode-0/data/ratis/a4a858e7-e09b-4396-924d-7107b43b53b1/in_use.lock acquired by nodename 22566@pr-trunk-8bg6x-723665176
2019-10-02 11:51:00,472 [pool-37-thread-1] INFO  storage.RaftStorage (RaftStorage.java:format(84)) - Storage directory /workdir/hadoop-ozone/ozonefs/target/test-dir/MiniOzoneClusterImpl-33e1560a-5563-4dac-9479-547df72b20a1/datanode-1/data/ratis/a4a858e7-e09b-4396-924d-7107b43b53b1 has been successfully formatted.
2019-10-02 11:51:00,472 [pool-27-thread-1] INFO  storage.RaftStorage (RaftStorage.java:format(84)) - Storage directory /workdir/hadoop-ozone/ozonefs/target/test-dir/MiniOzoneClusterImpl-33e1560a-5563-4dac-9479-547df72b20a1/datanode-0/data/ratis/a4a858e7-e09b-4396-924d-7107b43b53b1 has been successfully formatted.
2019-10-02 11:51:00,472 [pool-47-thread-1] INFO  storage.RaftStorage (RaftStorage.java:format(84)) - Storage directory /workdir/hadoop-ozone/ozonefs/target/test-dir/MiniOzoneClusterImpl-33e1560a-5563-4dac-9479-547df72b20a1/datanode-2/data/ratis/a4a858e7-e09b-4396-924d-7107b43b53b1 has been successfully formatted.
2019-10-02 11:51:00,472 [pool-37-thread-1] INFO  ratis.ContainerStateMachine (ContainerStateMachine.java:loadSnapshot(231)) - group-7107B43B53B1: The snapshot info is null. Setting the last applied indexto:(t:0, i:~)
2019-10-02 11:51:00,472 [pool-47-thread-1] INFO  ratis.ContainerStateMachine (ContainerStateMachine.java:loadSnapshot(231)) - group-7107B43B53B1: The snapshot info is null. Setting the last applied indexto:(t:0, i:~)
2019-10-02 11:51:00,472 [pool-27-thread-1] INFO  ratis.ContainerStateMachine (ContainerStateMachine.java:loadSnapshot(231)) - group-7107B43B53B1: The snapshot info is null. Setting the last applied indexto:(t:0, i:~)
2019-10-02 11:51:00,472 [pool-47-thread-1] INFO  server.RaftServerConfigKeys (ConfUtils.java:logGet(43)) - raft.server.notification.no-leader.timeout = 120s (custom)
2019-10-02 11:51:00,472 [pool-37-thread-1] INFO  server.RaftServerConfigKeys (ConfUtils.java:logGet(43)) - raft.server.notification.no-leader.timeout = 120s (custom)
2019-10-02 11:51:00,473 [pool-47-thread-1] INFO  server.RaftServerConfigKeys (ConfUtils.java:logGet(43)) - raft.server.log.use.memory = false (default)
2019-10-02 11:51:00,473 [pool-27-thread-1] INFO  server.RaftServerConfigKeys (ConfUtils.java:logGet(43)) - raft.server.notification.no-leader.timeout = 120s (custom)
2019-10-02 11:51:00,473 [pool-47-thread-1] INFO  server.RaftServerConfigKeys (ConfUtils.java:logGet(43)) - raft.server.log.purge.gap = 1000000 (custom)
2019-10-02 11:51:00,473 [pool-37-thread-1] INFO  server.RaftServerConfigKeys (ConfUtils.java:logGet(43)) - raft.server.log.use.memory = false (default)
2019-10-02 11:51:00,473 [pool-47-thread-1] INFO  server.RaftServerConfigKeys (ConfUtils.java:logGet(43)) - raft.server.log.appender.buffer.byte-limit = 33554432 (custom)
2019-10-02 11:51:00,473 [pool-27-thread-1] INFO  server.RaftServerConfigKeys (ConfUtils.java:logGet(43)) - raft.server.log.use.memory = false (default)
2019-10-02 11:51:00,473 [pool-47-thread-1] INFO  server.RaftServerConfigKeys (ConfUtils.java:logGet(43)) - raft.server.log.segment.size.max = 1048576 (custom)
2019-10-02 11:51:00,473 [pool-37-thread-1] INFO  server.RaftServerConfigKeys (ConfUtils.java:logGet(43)) - raft.server.log.purge.gap = 1000000 (custom)
2019-10-02 11:51:00,474 [pool-47-thread-1] INFO  server.RaftServerConfigKeys (ConfUtils.java:logGet(43)) - raft.server.log.segment.cache.num.max = 2 (custom)
2019-10-02 11:51:00,474 [pool-27-thread-1] INFO  server.RaftServerConfigKeys (ConfUtils.java:logGet(43)) - raft.server.log.purge.gap = 1000000 (custom)
2019-10-02 11:51:00,474 [pool-47-thread-1] INFO  segmented.SegmentedRaftLogWorker (SegmentedRaftLogWorker.java:<init>(173)) - new 979ebbe2-24f7-4b6a-a09f-a9b9f259a4b6@group-7107B43B53B1-SegmentedRaftLogWorker for RaftStorage:Storage Directory /workdir/hadoop-ozone/ozonefs/target/test-dir/MiniOzoneClusterImpl-33e1560a-5563-4dac-9479-547df72b20a1/datanode-2/data/ratis/a4a858e7-e09b-4396-924d-7107b43b53b1
2019-10-02 11:51:00,474 [pool-37-thread-1] INFO  server.RaftServerConfigKeys (ConfUtils.java:logGet(43)) - raft.server.log.appender.buffer.byte-limit = 33554432 (custom)
2019-10-02 11:51:00,474 [pool-47-thread-1] INFO  server.RaftServerConfigKeys (ConfUtils.java:logGet(43)) - raft.server.log.queue.byte-limit = 2147483647 (custom)
2019-10-02 11:51:00,474 [pool-27-thread-1] INFO  server.RaftServerConfigKeys (ConfUtils.java:logGet(43)) - raft.server.log.appender.buffer.byte-limit = 33554432 (custom)
2019-10-02 11:51:00,474 [pool-47-thread-1] INFO  server.RaftServerConfigKeys (ConfUtils.java:logGet(43)) - raft.server.log.queue.element-limit = 1024 (custom)
2019-10-02 11:51:00,474 [pool-37-thread-1] INFO  server.RaftServerConfigKeys (ConfUtils.java:logGet(43)) - raft.server.log.segment.size.max = 1048576 (custom)
2019-10-02 11:51:00,475 [pool-47-thread-1] INFO  server.RaftServerConfigKeys (ConfUtils.java:logGet(43)) - raft.server.log.segment.size.max = 1048576 (custom)
2019-10-02 11:51:00,475 [pool-27-thread-1] INFO  server.RaftServerConfigKeys (ConfUtils.java:logGet(43)) - raft.server.log.segment.size.max = 1048576 (custom)
2019-10-02 11:51:00,475 [pool-47-thread-1] INFO  server.RaftServerConfigKeys (ConfUtils.java:logGet(43)) - raft.server.log.preallocated.size = 16384 (custom)
2019-10-02 11:51:00,475 [pool-37-thread-1] INFO  server.RaftServerConfigKeys (ConfUtils.java:logGet(43)) - raft.server.log.segment.cache.num.max = 2 (custom)
2019-10-02 11:51:00,475 [pool-47-thread-1] INFO  server.RaftServerConfigKeys (ConfUtils.java:logGet(43)) - raft.server.log.write.buffer.size = 33554432 (custom)
2019-10-02 11:51:00,475 [pool-27-thread-1] INFO  server.RaftServerConfigKeys (ConfUtils.java:logGet(43)) - raft.server.log.segment.cache.num.max = 2 (custom)
2019-10-02 11:51:00,475 [pool-47-thread-1] INFO  server.RaftServerConfigKeys (ConfUtils.java:logGet(43)) - raft.server.log.force.sync.num = 128 (default)
2019-10-02 11:51:00,475 [pool-37-thread-1] INFO  segmented.SegmentedRaftLogWorker (SegmentedRaftLogWorker.java:<init>(173)) - new 6d4ecf29-9ffc-4c39-8dd8-fe3351ab43e9@group-7107B43B53B1-SegmentedRaftLogWorker for RaftStorage:Storage Directory /workdir/hadoop-ozone/ozonefs/target/test-dir/MiniOzoneClusterImpl-33e1560a-5563-4dac-9479-547df72b20a1/datanode-1/data/ratis/a4a858e7-e09b-4396-924d-7107b43b53b1
2019-10-02 11:51:00,476 [pool-47-thread-1] INFO  server.RaftServerConfigKeys (ConfUtils.java:logGet(43)) - raft.server.log.statemachine.data.sync = true (default)
2019-10-02 11:51:00,476 [pool-27-thread-1] INFO  segmented.SegmentedRaftLogWorker (SegmentedRaftLogWorker.java:<init>(173)) - new 1ca4baa7-f680-41b4-89de-2f540dbcf4ba@group-7107B43B53B1-SegmentedRaftLogWorker for RaftStorage:Storage Directory /workdir/hadoop-ozone/ozonefs/target/test-dir/MiniOzoneClusterImpl-33e1560a-5563-4dac-9479-547df72b20a1/datanode-0/data/ratis/a4a858e7-e09b-4396-924d-7107b43b53b1
2019-10-02 11:51:00,476 [pool-47-thread-1] INFO  server.RaftServerConfigKeys (ConfUtils.java:logGet(43)) - raft.server.log.statemachine.data.sync.timeout = 10s (default)
2019-10-02 11:51:00,476 [pool-37-thread-1] INFO  server.RaftServerConfigKeys (ConfUtils.java:logGet(43)) - raft.server.log.queue.byte-limit = 2147483647 (custom)
2019-10-02 11:51:00,476 [pool-47-thread-1] INFO  server.RaftServerConfigKeys (ConfUtils.java:logGet(43)) - raft.server.log.statemachine.data.sync.timeout.retry = -1 (default)
2019-10-02 11:51:00,476 [pool-27-thread-1] INFO  server.RaftServerConfigKeys (ConfUtils.java:logGet(43)) - raft.server.log.queue.byte-limit = 2147483647 (custom)
2019-10-02 11:51:00,476 [pool-47-thread-1] INFO  server.RaftServerConfigKeys (ConfUtils.java:logGet(43)) - raft.server.log.statemachine.data.caching.enabled = true (custom)
2019-10-02 11:51:00,476 [pool-37-thread-1] INFO  server.RaftServerConfigKeys (ConfUtils.java:logGet(43)) - raft.server.log.queue.element-limit = 1024 (custom)
2019-10-02 11:51:00,477 [pool-27-thread-1] INFO  server.RaftServerConfigKeys (ConfUtils.java:logGet(43)) - raft.server.log.queue.element-limit = 1024 (custom)
2019-10-02 11:51:00,477 [pool-47-thread-1] INFO  segmented.SegmentedRaftLogWorker (SegmentedRaftLogWorker.java:lambda$new$0(128)) - 979ebbe2-24f7-4b6a-a09f-a9b9f259a4b6@group-7107B43B53B1-SegmentedRaftLogWorker: flushIndex: setUnconditionally 0 -> -1
2019-10-02 11:51:00,477 [pool-37-thread-1] INFO  server.RaftServerConfigKeys (ConfUtils.java:logGet(43)) - raft.server.log.segment.size.max = 1048576 (custom)
2019-10-02 11:51:00,477 [pool-27-thread-1] INFO  server.RaftServerConfigKeys (ConfUtils.java:logGet(43)) - raft.server.log.segment.size.max = 1048576 (custom)
2019-10-02 11:51:00,477 [pool-47-thread-1] INFO  server.RaftServerConfigKeys (ConfUtils.java:logGet(43)) - raft.server.snapshot.auto.trigger.enabled = true (custom)
2019-10-02 11:51:00,477 [pool-37-thread-1] INFO  server.RaftServerConfigKeys (ConfUtils.java:logGet(43)) - raft.server.log.preallocated.size = 16384 (custom)
2019-10-02 11:51:00,477 [pool-47-thread-1] INFO  server.RaftServerConfigKeys (ConfUtils.java:logGet(43)) - raft.server.snapshot.auto.trigger.threshold = 10000 (custom)
2019-10-02 11:51:00,477 [pool-27-thread-1] INFO  server.RaftServerConfigKeys (ConfUtils.java:logGet(43)) - raft.server.log.preallocated.size = 16384 (custom)
2019-10-02 11:51:00,478 [pool-47-thread-1] INFO  server.RaftServerConfigKeys (ConfUtils.java:logGet(43)) - raft.server.snapshot.retention.file.num = 5 (custom)
2019-10-02 11:51:00,478 [pool-37-thread-1] INFO  server.RaftServerConfigKeys (ConfUtils.java:logGet(43)) - raft.server.log.write.buffer.size = 33554432 (custom)
2019-10-02 11:51:00,478 [pool-47-thread-1] INFO  server.RaftServerConfigKeys (ConfUtils.java:logGet(43)) - raft.server.retrycache.expirytime = 600000ms (custom)
2019-10-02 11:51:00,478 [pool-27-thread-1] INFO  server.RaftServerConfigKeys (ConfUtils.java:logGet(43)) - raft.server.log.write.buffer.size = 33554432 (custom)
2019-10-02 11:51:00,478 [pool-37-thread-1] INFO  server.RaftServerConfigKeys (ConfUtils.java:logGet(43)) - raft.server.log.force.sync.num = 128 (default)
2019-10-02 11:51:00,478 [pool-27-thread-1] INFO  server.RaftServerConfigKeys (ConfUtils.java:logGet(43)) - raft.server.log.force.sync.num = 128 (default)
2019-10-02 11:51:00,478 [pool-37-thread-1] INFO  server.RaftServerConfigKeys (ConfUtils.java:logGet(43)) - raft.server.log.statemachine.data.sync = true (default)
2019-10-02 11:51:00,478 [pool-27-thread-1] INFO  server.RaftServerConfigKeys (ConfUtils.java:logGet(43)) - raft.server.log.statemachine.data.sync = true (default)
2019-10-02 11:51:00,479 [pool-37-thread-1] INFO  server.RaftServerConfigKeys (ConfUtils.java:logGet(43)) - raft.server.log.statemachine.data.sync.timeout = 10s (default)
2019-10-02 11:51:00,479 [pool-27-thread-1] INFO  server.RaftServerConfigKeys (ConfUtils.java:logGet(43)) - raft.server.log.statemachine.data.sync.timeout = 10s (default)
2019-10-02 11:51:00,479 [pool-37-thread-1] INFO  server.RaftServerConfigKeys (ConfUtils.java:logGet(43)) - raft.server.log.statemachine.data.sync.timeout.retry = -1 (default)
2019-10-02 11:51:00,479 [pool-27-thread-1] INFO  server.RaftServerConfigKeys (ConfUtils.java:logGet(43)) - raft.server.log.statemachine.data.sync.timeout.retry = -1 (default)
2019-10-02 11:51:00,479 [pool-37-thread-1] INFO  server.RaftServerConfigKeys (ConfUtils.java:logGet(43)) - raft.server.log.statemachine.data.caching.enabled = true (custom)
2019-10-02 11:51:00,479 [pool-27-thread-1] INFO  server.RaftServerConfigKeys (ConfUtils.java:logGet(43)) - raft.server.log.statemachine.data.caching.enabled = true (custom)
2019-10-02 11:51:00,480 [pool-37-thread-1] INFO  segmented.SegmentedRaftLogWorker (SegmentedRaftLogWorker.java:lambda$new$0(128)) - 6d4ecf29-9ffc-4c39-8dd8-fe3351ab43e9@group-7107B43B53B1-SegmentedRaftLogWorker: flushIndex: setUnconditionally 0 -> -1
2019-10-02 11:51:00,480 [pool-37-thread-1] INFO  server.RaftServerConfigKeys (ConfUtils.java:logGet(43)) - raft.server.snapshot.auto.trigger.enabled = true (custom)
2019-10-02 11:51:00,480 [pool-37-thread-1] INFO  server.RaftServerConfigKeys (ConfUtils.java:logGet(43)) - raft.server.snapshot.auto.trigger.threshold = 10000 (custom)
2019-10-02 11:51:00,480 [pool-37-thread-1] INFO  server.RaftServerConfigKeys (ConfUtils.java:logGet(43)) - raft.server.snapshot.retention.file.num = 5 (custom)
2019-10-02 11:51:00,480 [pool-27-thread-1] INFO  segmented.SegmentedRaftLogWorker (SegmentedRaftLogWorker.java:lambda$new$0(128)) - 1ca4baa7-f680-41b4-89de-2f540dbcf4ba@group-7107B43B53B1-SegmentedRaftLogWorker: flushIndex: setUnconditionally 0 -> -1
2019-10-02 11:51:00,481 [pool-37-thread-1] INFO  server.RaftServerConfigKeys (ConfUtils.java:logGet(43)) - raft.server.retrycache.expirytime = 600000ms (custom)
2019-10-02 11:51:00,481 [pool-27-thread-1] INFO  server.RaftServerConfigKeys (ConfUtils.java:logGet(43)) - raft.server.snapshot.auto.trigger.enabled = true (custom)
2019-10-02 11:51:00,481 [pool-47-thread-1] INFO  impl.RaftServerImpl (RaftServerImpl.java:start(181)) - 979ebbe2-24f7-4b6a-a09f-a9b9f259a4b6@group-7107B43B53B1: start as a follower, conf=-1: [979ebbe2-24f7-4b6a-a09f-a9b9f259a4b6:192.168.5.178:37076, 6d4ecf29-9ffc-4c39-8dd8-fe3351ab43e9:192.168.5.178:41031, 1ca4baa7-f680-41b4-89de-2f540dbcf4ba:192.168.5.178:35264], old=null
2019-10-02 11:51:00,481 [pool-27-thread-1] INFO  server.RaftServerConfigKeys (ConfUtils.java:logGet(43)) - raft.server.snapshot.auto.trigger.threshold = 10000 (custom)
2019-10-02 11:51:00,481 [pool-47-thread-1] INFO  impl.RaftServerImpl (RaftServerImpl.java:setRole(170)) - 979ebbe2-24f7-4b6a-a09f-a9b9f259a4b6@group-7107B43B53B1: changes role from      null to FOLLOWER at term 0 for startAsFollower
2019-10-02 11:51:00,481 [pool-27-thread-1] INFO  server.RaftServerConfigKeys (ConfUtils.java:logGet(43)) - raft.server.snapshot.retention.file.num = 5 (custom)
2019-10-02 11:51:00,481 [pool-47-thread-1] INFO  impl.RoleInfo (RoleInfo.java:updateAndGet(143)) - 979ebbe2-24f7-4b6a-a09f-a9b9f259a4b6: start FollowerState
2019-10-02 11:51:00,481 [pool-27-thread-1] INFO  server.RaftServerConfigKeys (ConfUtils.java:logGet(43)) - raft.server.retrycache.expirytime = 600000ms (custom)
2019-10-02 11:51:00,482 [pool-47-thread-1] INFO  util.JmxRegister (JmxRegister.java:tryRegister(44)) - Successfully registered JMX Bean with object name Ratis:service=RaftServer,group=group-7107B43B53B1,id=979ebbe2-24f7-4b6a-a09f-a9b9f259a4b6
2019-10-02 11:51:00,483 [pool-37-thread-1] INFO  impl.RaftServerImpl (RaftServerImpl.java:start(181)) - 6d4ecf29-9ffc-4c39-8dd8-fe3351ab43e9@group-7107B43B53B1: start as a follower, conf=-1: [979ebbe2-24f7-4b6a-a09f-a9b9f259a4b6:192.168.5.178:37076, 6d4ecf29-9ffc-4c39-8dd8-fe3351ab43e9:192.168.5.178:41031, 1ca4baa7-f680-41b4-89de-2f540dbcf4ba:192.168.5.178:35264], old=null
2019-10-02 11:51:00,483 [pool-37-thread-1] INFO  impl.RaftServerImpl (RaftServerImpl.java:setRole(170)) - 6d4ecf29-9ffc-4c39-8dd8-fe3351ab43e9@group-7107B43B53B1: changes role from      null to FOLLOWER at term 0 for startAsFollower
2019-10-02 11:51:00,484 [pool-37-thread-1] INFO  impl.RoleInfo (RoleInfo.java:updateAndGet(143)) - 6d4ecf29-9ffc-4c39-8dd8-fe3351ab43e9: start FollowerState
2019-10-02 11:51:00,484 [pool-37-thread-1] INFO  util.JmxRegister (JmxRegister.java:tryRegister(44)) - Successfully registered JMX Bean with object name Ratis:service=RaftServer,group=group-7107B43B53B1,id=6d4ecf29-9ffc-4c39-8dd8-fe3351ab43e9
2019-10-02 11:51:00,485 [pool-27-thread-1] INFO  impl.RaftServerImpl (RaftServerImpl.java:start(181)) - 1ca4baa7-f680-41b4-89de-2f540dbcf4ba@group-7107B43B53B1: start as a follower, conf=-1: [979ebbe2-24f7-4b6a-a09f-a9b9f259a4b6:192.168.5.178:37076, 6d4ecf29-9ffc-4c39-8dd8-fe3351ab43e9:192.168.5.178:41031, 1ca4baa7-f680-41b4-89de-2f540dbcf4ba:192.168.5.178:35264], old=null
2019-10-02 11:51:00,485 [pool-27-thread-1] INFO  impl.RaftServerImpl (RaftServerImpl.java:setRole(170)) - 1ca4baa7-f680-41b4-89de-2f540dbcf4ba@group-7107B43B53B1: changes role from      null to FOLLOWER at term 0 for startAsFollower
2019-10-02 11:51:00,486 [pool-27-thread-1] INFO  impl.RoleInfo (RoleInfo.java:updateAndGet(143)) - 1ca4baa7-f680-41b4-89de-2f540dbcf4ba: start FollowerState
2019-10-02 11:51:00,486 [pool-27-thread-1] INFO  util.JmxRegister (JmxRegister.java:tryRegister(44)) - Successfully registered JMX Bean with object name Ratis:service=RaftServer,group=group-7107B43B53B1,id=1ca4baa7-f680-41b4-89de-2f540dbcf4ba
2019-10-02 11:51:00,495 [RatisPipelineUtilsThread] INFO  pipeline.PipelineStateManager (PipelineStateManager.java:addPipeline(56)) - Created pipeline Pipeline[ Id: a4a858e7-e09b-4396-924d-7107b43b53b1, Nodes: 979ebbe2-24f7-4b6a-a09f-a9b9f259a4b6{ip: 192.168.5.178, host: pr-trunk-8bg6x-723665176, networkLocation: /default-rack, certSerialId: null}1ca4baa7-f680-41b4-89de-2f540dbcf4ba{ip: 192.168.5.178, host: pr-trunk-8bg6x-723665176, networkLocation: /default-rack, certSerialId: null}6d4ecf29-9ffc-4c39-8dd8-fe3351ab43e9{ip: 192.168.5.178, host: pr-trunk-8bg6x-723665176, networkLocation: /default-rack, certSerialId: null}, Type:RATIS, Factor:THREE, State:OPEN]
2019-10-02 11:51:02,931 [java.util.concurrent.ThreadPoolExecutor$Worker@4da74a49[State = -1, empty queue]] ERROR client.GrpcClientProtocolClient (GrpcClientProtocolClient.java:close(148)) - Unexpected exception while waiting for channel termination
java.lang.InterruptedException
	at java.util.concurrent.locks.AbstractQueuedSynchronizer.tryAcquireSharedNanos(AbstractQueuedSynchronizer.java:1326)
	at java.util.concurrent.CountDownLatch.await(CountDownLatch.java:277)
	at org.apache.ratis.thirdparty.io.grpc.internal.ManagedChannelImpl.awaitTermination(ManagedChannelImpl.java:763)
	at org.apache.ratis.thirdparty.io.grpc.internal.ForwardingManagedChannel.awaitTermination(ForwardingManagedChannel.java:57)
	at org.apache.ratis.thirdparty.io.grpc.internal.ManagedChannelOrphanWrapper.awaitTermination(ManagedChannelOrphanWrapper.java:70)
	at org.apache.ratis.grpc.client.GrpcClientProtocolClient.close(GrpcClientProtocolClient.java:146)
	at org.apache.ratis.util.PeerProxyMap$PeerAndProxy.lambda$close$1(PeerProxyMap.java:74)
	at org.apache.ratis.util.LifeCycle.lambda$checkStateAndClose$2(LifeCycle.java:231)
	at org.apache.ratis.util.LifeCycle.checkStateAndClose(LifeCycle.java:251)
	at org.apache.ratis.util.LifeCycle.checkStateAndClose(LifeCycle.java:229)
	at org.apache.ratis.util.PeerProxyMap$PeerAndProxy.close(PeerProxyMap.java:70)
	at org.apache.ratis.util.PeerProxyMap.resetProxy(PeerProxyMap.java:127)
	at org.apache.ratis.util.PeerProxyMap.handleException(PeerProxyMap.java:136)
	at org.apache.ratis.client.impl.RaftClientRpcWithProxy.handleException(RaftClientRpcWithProxy.java:47)
	at org.apache.ratis.client.impl.RaftClientImpl.handleIOException(RaftClientImpl.java:372)
	at org.apache.ratis.client.impl.OrderedAsync.lambda$sendRequest$10(OrderedAsync.java:236)
	at java.util.concurrent.CompletableFuture.uniExceptionally(CompletableFuture.java:870)
	at java.util.concurrent.CompletableFuture$UniExceptionally.tryFire(CompletableFuture.java:852)
	at java.util.concurrent.CompletableFuture.postComplete(CompletableFuture.java:474)
	at java.util.concurrent.CompletableFuture.completeExceptionally(CompletableFuture.java:1977)
	at org.apache.ratis.grpc.client.GrpcClientProtocolClient$AsyncStreamObservers.lambda$timeoutCheck$3(GrpcClientProtocolClient.java:324)
	at java.util.Optional.ifPresent(Optional.java:159)
	at org.apache.ratis.grpc.client.GrpcClientProtocolClient$AsyncStreamObservers.handleReplyFuture(GrpcClientProtocolClient.java:329)
	at org.apache.ratis.grpc.client.GrpcClientProtocolClient$AsyncStreamObservers.timeoutCheck(GrpcClientProtocolClient.java:324)
	at org.apache.ratis.grpc.client.GrpcClientProtocolClient$AsyncStreamObservers.lambda$onNext$1(GrpcClientProtocolClient.java:318)
	at org.apache.ratis.util.TimeoutScheduler.lambda$onTimeout$0(TimeoutScheduler.java:113)
	at org.apache.ratis.util.TimeoutScheduler.lambda$onTimeout$1(TimeoutScheduler.java:133)
	at org.apache.ratis.util.LogUtils.runAndLog(LogUtils.java:50)
	at org.apache.ratis.util.LogUtils$1.run(LogUtils.java:91)
	at java.util.concurrent.Executors$RunnableAdapter.call(Executors.java:511)
	at java.util.concurrent.FutureTask.run(FutureTask.java:266)
	at java.util.concurrent.ScheduledThreadPoolExecutor$ScheduledFutureTask.access$201(ScheduledThreadPoolExecutor.java:180)
	at java.util.concurrent.ScheduledThreadPoolExecutor$ScheduledFutureTask.run(ScheduledThreadPoolExecutor.java:293)
	at java.util.concurrent.ThreadPoolExecutor.runWorker(ThreadPoolExecutor.java:1149)
	at java.util.concurrent.ThreadPoolExecutor$Worker.run(ThreadPoolExecutor.java:624)
	at java.lang.Thread.run(Thread.java:748)
2019-10-02 11:51:02,933 [java.util.concurrent.ThreadPoolExecutor$Worker@4da74a49[State = -1, empty queue]] WARN  util.TimeoutScheduler (LogUtils.java:runAndLog(55)) - Failed to task #0: java.lang.NullPointerException
2019-10-02 11:51:05,493 [Thread-545] INFO  impl.FollowerState (FollowerState.java:run(108)) - 1ca4baa7-f680-41b4-89de-2f540dbcf4ba@group-7107B43B53B1-FollowerState: change to CANDIDATE, lastRpcTime:5007ms, electionTimeout:5007ms
2019-10-02 11:51:05,496 [Thread-545] INFO  impl.RoleInfo (RoleInfo.java:shutdownFollowerState(121)) - 1ca4baa7-f680-41b4-89de-2f540dbcf4ba: shutdown FollowerState
2019-10-02 11:51:05,497 [Thread-545] INFO  impl.RaftServerImpl (RaftServerImpl.java:setRole(170)) - 1ca4baa7-f680-41b4-89de-2f540dbcf4ba@group-7107B43B53B1: changes role from  FOLLOWER to CANDIDATE at term 0 for changeToCandidate
2019-10-02 11:51:05,497 [Thread-545] INFO  impl.RoleInfo (RoleInfo.java:updateAndGet(143)) - 1ca4baa7-f680-41b4-89de-2f540dbcf4ba: start LeaderElection
2019-10-02 11:51:05,516 [1ca4baa7-f680-41b4-89de-2f540dbcf4ba@group-7107B43B53B1-LeaderElection11] INFO  impl.LeaderElection (LeaderElection.java:askForVotes(178)) - 1ca4baa7-f680-41b4-89de-2f540dbcf4ba@group-7107B43B53B1-LeaderElection11: begin an election at term 1 for -1: [979ebbe2-24f7-4b6a-a09f-a9b9f259a4b6:192.168.5.178:37076, 6d4ecf29-9ffc-4c39-8dd8-fe3351ab43e9:192.168.5.178:41031, 1ca4baa7-f680-41b4-89de-2f540dbcf4ba:192.168.5.178:35264], old=null
2019-10-02 11:51:05,522 [grpc-default-executor-4] INFO  impl.RaftServerImpl (RaftServerImpl.java:setRole(170)) - 6d4ecf29-9ffc-4c39-8dd8-fe3351ab43e9@group-7107B43B53B1: changes role from  FOLLOWER to FOLLOWER at term 1 for recognizeCandidate:1ca4baa7-f680-41b4-89de-2f540dbcf4ba
2019-10-02 11:51:05,524 [grpc-default-executor-4] INFO  impl.RoleInfo (RoleInfo.java:shutdownFollowerState(121)) - 6d4ecf29-9ffc-4c39-8dd8-fe3351ab43e9: shutdown FollowerState
2019-10-02 11:51:05,526 [grpc-default-executor-6] INFO  impl.RaftServerImpl (RaftServerImpl.java:setRole(170)) - 979ebbe2-24f7-4b6a-a09f-a9b9f259a4b6@group-7107B43B53B1: changes role from  FOLLOWER to FOLLOWER at term 1 for recognizeCandidate:1ca4baa7-f680-41b4-89de-2f540dbcf4ba
2019-10-02 11:51:05,526 [Thread-544] INFO  impl.FollowerState (FollowerState.java:run(117)) - 6d4ecf29-9ffc-4c39-8dd8-fe3351ab43e9@group-7107B43B53B1-FollowerState was interrupted: java.lang.InterruptedException: sleep interrupted
2019-10-02 11:51:05,526 [grpc-default-executor-4] INFO  impl.RoleInfo (RoleInfo.java:updateAndGet(143)) - 6d4ecf29-9ffc-4c39-8dd8-fe3351ab43e9: start FollowerState
2019-10-02 11:51:05,526 [grpc-default-executor-6] INFO  impl.RoleInfo (RoleInfo.java:shutdownFollowerState(121)) - 979ebbe2-24f7-4b6a-a09f-a9b9f259a4b6: shutdown FollowerState
2019-10-02 11:51:05,528 [grpc-default-executor-6] INFO  impl.RoleInfo (RoleInfo.java:updateAndGet(143)) - 979ebbe2-24f7-4b6a-a09f-a9b9f259a4b6: start FollowerState
2019-10-02 11:51:05,528 [Thread-542] INFO  impl.FollowerState (FollowerState.java:run(117)) - 979ebbe2-24f7-4b6a-a09f-a9b9f259a4b6@group-7107B43B53B1-FollowerState was interrupted: java.lang.InterruptedException: sleep interrupted
2019-10-02 11:51:05,545 [1ca4baa7-f680-41b4-89de-2f540dbcf4ba@group-7107B43B53B1-LeaderElection11] INFO  impl.LeaderElection (LeaderElection.java:logAndReturn(56)) - 1ca4baa7-f680-41b4-89de-2f540dbcf4ba@group-7107B43B53B1-LeaderElection11: Election PASSED; received 1 response(s) [1ca4baa7-f680-41b4-89de-2f540dbcf4ba<-979ebbe2-24f7-4b6a-a09f-a9b9f259a4b6#0:OK-t1] and 0 exception(s); 1ca4baa7-f680-41b4-89de-2f540dbcf4ba@group-7107B43B53B1:t1, leader=null, voted=1ca4baa7-f680-41b4-89de-2f540dbcf4ba, raftlog=1ca4baa7-f680-41b4-89de-2f540dbcf4ba@group-7107B43B53B1-SegmentedRaftLog:OPENED:c-1,f-1,i0, conf=-1: [979ebbe2-24f7-4b6a-a09f-a9b9f259a4b6:192.168.5.178:37076, 6d4ecf29-9ffc-4c39-8dd8-fe3351ab43e9:192.168.5.178:41031, 1ca4baa7-f680-41b4-89de-2f540dbcf4ba:192.168.5.178:35264], old=null
2019-10-02 11:51:05,545 [1ca4baa7-f680-41b4-89de-2f540dbcf4ba@group-7107B43B53B1-LeaderElection11] INFO  impl.RoleInfo (RoleInfo.java:shutdownLeaderElection(134)) - 1ca4baa7-f680-41b4-89de-2f540dbcf4ba: shutdown LeaderElection
2019-10-02 11:51:05,545 [1ca4baa7-f680-41b4-89de-2f540dbcf4ba@group-7107B43B53B1-LeaderElection11] INFO  impl.RaftServerImpl (RaftServerImpl.java:setRole(170)) - 1ca4baa7-f680-41b4-89de-2f540dbcf4ba@group-7107B43B53B1: changes role from CANDIDATE to LEADER at term 1 for changeToLeader
2019-10-02 11:51:05,545 [1ca4baa7-f680-41b4-89de-2f540dbcf4ba@group-7107B43B53B1-LeaderElection11] INFO  impl.RaftServerImpl (ServerState.java:setLeader(255)) - 1ca4baa7-f680-41b4-89de-2f540dbcf4ba@group-7107B43B53B1: change Leader from null to 1ca4baa7-f680-41b4-89de-2f540dbcf4ba at term 1 for becomeLeader, leader elected after 5072ms
2019-10-02 11:51:05,545 [1ca4baa7-f680-41b4-89de-2f540dbcf4ba@group-7107B43B53B1-LeaderElection11] INFO  server.RaftServerConfigKeys (ConfUtils.java:logGet(43)) - raft.server.staging.catchup.gap = 1000 (default)
2019-10-02 11:51:05,546 [1ca4baa7-f680-41b4-89de-2f540dbcf4ba@group-7107B43B53B1-LeaderElection11] INFO  server.RaftServerConfigKeys (ConfUtils.java:logGet(43)) - raft.server.rpc.sleep.time = 25ms (default)
2019-10-02 11:51:05,546 [1ca4baa7-f680-41b4-89de-2f540dbcf4ba@group-7107B43B53B1-LeaderElection11] INFO  server.RaftServerConfigKeys (ConfUtils.java:logGet(43)) - raft.server.write.element-limit = 4096 (default)
2019-10-02 11:51:05,546 [1ca4baa7-f680-41b4-89de-2f540dbcf4ba@group-7107B43B53B1-LeaderElection11] INFO  server.RaftServerConfigKeys (ConfUtils.java:logGet(43)) - raft.server.watch.timeout = 10s (default)
2019-10-02 11:51:05,546 [1ca4baa7-f680-41b4-89de-2f540dbcf4ba@group-7107B43B53B1-LeaderElection11] INFO  server.RaftServerConfigKeys (ConfUtils.java:logGet(43)) - raft.server.watch.timeout.denomination = 1s (default)
2019-10-02 11:51:05,546 [1ca4baa7-f680-41b4-89de-2f540dbcf4ba@group-7107B43B53B1-LeaderElection11] INFO  server.RaftServerConfigKeys (ConfUtils.java:logGet(43)) - raft.server.watch.element-limit = 65536 (default)
2019-10-02 11:51:05,550 [1ca4baa7-f680-41b4-89de-2f540dbcf4ba@group-7107B43B53B1-LeaderElection11] INFO  server.RaftServerConfigKeys (ConfUtils.java:logGet(43)) - raft.server.log.appender.snapshot.chunk.size.max = 16MB (=16777216) (default)
2019-10-02 11:51:05,550 [1ca4baa7-f680-41b4-89de-2f540dbcf4ba@group-7107B43B53B1-LeaderElection11] INFO  server.RaftServerConfigKeys (ConfUtils.java:logGet(43)) - raft.server.log.appender.buffer.byte-limit = 33554432 (custom)
2019-10-02 11:51:05,550 [1ca4baa7-f680-41b4-89de-2f540dbcf4ba@group-7107B43B53B1-LeaderElection11] INFO  server.RaftServerConfigKeys (ConfUtils.java:logGet(43)) - raft.server.log.appender.buffer.element-limit = 1 (custom)
2019-10-02 11:51:05,551 [1ca4baa7-f680-41b4-89de-2f540dbcf4ba@group-7107B43B53B1-LeaderElection11] INFO  grpc.GrpcConfigKeys$Server (ConfUtils.java:logGet(43)) - raft.grpc.server.leader.outstanding.appends.max = 128 (default)
2019-10-02 11:51:05,551 [1ca4baa7-f680-41b4-89de-2f540dbcf4ba@group-7107B43B53B1-LeaderElection11] INFO  server.RaftServerConfigKeys (ConfUtils.java:logGet(43)) - raft.server.rpc.request.timeout = 3000ms (default)
2019-10-02 11:51:05,551 [1ca4baa7-f680-41b4-89de-2f540dbcf4ba@group-7107B43B53B1-LeaderElection11] INFO  server.RaftServerConfigKeys (ConfUtils.java:logGet(43)) - raft.server.log.appender.install.snapshot.enabled = false (custom)
2019-10-02 11:51:05,551 [1ca4baa7-f680-41b4-89de-2f540dbcf4ba@group-7107B43B53B1-LeaderElection11] INFO  server.RaftServerConfigKeys (ConfUtils.java:logGet(43)) - raft.server.log.appender.snapshot.chunk.size.max = 16MB (=16777216) (default)
2019-10-02 11:51:05,551 [1ca4baa7-f680-41b4-89de-2f540dbcf4ba@group-7107B43B53B1-LeaderElection11] INFO  server.RaftServerConfigKeys (ConfUtils.java:logGet(43)) - raft.server.log.appender.buffer.byte-limit = 33554432 (custom)
2019-10-02 11:51:05,552 [1ca4baa7-f680-41b4-89de-2f540dbcf4ba@group-7107B43B53B1-LeaderElection11] INFO  server.RaftServerConfigKeys (ConfUtils.java:logGet(43)) - raft.server.log.appender.buffer.element-limit = 1 (custom)
2019-10-02 11:51:05,552 [1ca4baa7-f680-41b4-89de-2f540dbcf4ba@group-7107B43B53B1-LeaderElection11] INFO  grpc.GrpcConfigKeys$Server (ConfUtils.java:logGet(43)) - raft.grpc.server.leader.outstanding.appends.max = 128 (default)
2019-10-02 11:51:05,552 [1ca4baa7-f680-41b4-89de-2f540dbcf4ba@group-7107B43B53B1-LeaderElection11] INFO  server.RaftServerConfigKeys (ConfUtils.java:logGet(43)) - raft.server.rpc.request.timeout = 3000ms (default)
2019-10-02 11:51:05,552 [1ca4baa7-f680-41b4-89de-2f540dbcf4ba@group-7107B43B53B1-LeaderElection11] INFO  server.RaftServerConfigKeys (ConfUtils.java:logGet(43)) - raft.server.log.appender.install.snapshot.enabled = false (custom)
2019-10-02 11:51:05,552 [1ca4baa7-f680-41b4-89de-2f540dbcf4ba@group-7107B43B53B1-LeaderElection11] INFO  impl.RoleInfo (RoleInfo.java:updateAndGet(143)) - 1ca4baa7-f680-41b4-89de-2f540dbcf4ba: start LeaderState
2019-10-02 11:51:05,553 [1ca4baa7-f680-41b4-89de-2f540dbcf4ba@group-7107B43B53B1-LeaderElection11] INFO  segmented.SegmentedRaftLogWorker (SegmentedRaftLogWorker.java:startLogSegment(385)) - 1ca4baa7-f680-41b4-89de-2f540dbcf4ba@group-7107B43B53B1-SegmentedRaftLogWorker: Starting segment from index:0
2019-10-02 11:51:05,554 [1ca4baa7-f680-41b4-89de-2f540dbcf4ba@group-7107B43B53B1-LeaderElection11] INFO  impl.RaftServerImpl (ServerState.java:setRaftConf(356)) - 1ca4baa7-f680-41b4-89de-2f540dbcf4ba@group-7107B43B53B1: set configuration 0: [979ebbe2-24f7-4b6a-a09f-a9b9f259a4b6:192.168.5.178:37076, 6d4ecf29-9ffc-4c39-8dd8-fe3351ab43e9:192.168.5.178:41031, 1ca4baa7-f680-41b4-89de-2f540dbcf4ba:192.168.5.178:35264], old=null at 0
2019-10-02 11:51:05,581 [grpc-default-executor-4] INFO  impl.RaftServerImpl (ServerState.java:setLeader(255)) - 979ebbe2-24f7-4b6a-a09f-a9b9f259a4b6@group-7107B43B53B1: change Leader from null to 1ca4baa7-f680-41b4-89de-2f540dbcf4ba at term 1 for appendEntries, leader elected after 5108ms
2019-10-02 11:51:05,581 [grpc-default-executor-6] INFO  impl.RaftServerImpl (ServerState.java:setLeader(255)) - 6d4ecf29-9ffc-4c39-8dd8-fe3351ab43e9@group-7107B43B53B1: change Leader from null to 1ca4baa7-f680-41b4-89de-2f540dbcf4ba at term 1 for appendEntries, leader elected after 5108ms
2019-10-02 11:51:05,585 [grpc-default-executor-4] INFO  impl.RaftServerImpl (ServerState.java:setRaftConf(356)) - 6d4ecf29-9ffc-4c39-8dd8-fe3351ab43e9@group-7107B43B53B1: set configuration 0: [979ebbe2-24f7-4b6a-a09f-a9b9f259a4b6:192.168.5.178:37076, 6d4ecf29-9ffc-4c39-8dd8-fe3351ab43e9:192.168.5.178:41031, 1ca4baa7-f680-41b4-89de-2f540dbcf4ba:192.168.5.178:35264], old=null at 0
2019-10-02 11:51:05,585 [grpc-default-executor-6] INFO  impl.RaftServerImpl (ServerState.java:setRaftConf(356)) - 979ebbe2-24f7-4b6a-a09f-a9b9f259a4b6@group-7107B43B53B1: set configuration 0: [979ebbe2-24f7-4b6a-a09f-a9b9f259a4b6:192.168.5.178:37076, 6d4ecf29-9ffc-4c39-8dd8-fe3351ab43e9:192.168.5.178:41031, 1ca4baa7-f680-41b4-89de-2f540dbcf4ba:192.168.5.178:35264], old=null at 0
2019-10-02 11:51:05,585 [grpc-default-executor-4] INFO  segmented.SegmentedRaftLogWorker (SegmentedRaftLogWorker.java:startLogSegment(385)) - 6d4ecf29-9ffc-4c39-8dd8-fe3351ab43e9@group-7107B43B53B1-SegmentedRaftLogWorker: Starting segment from index:0
2019-10-02 11:51:05,585 [grpc-default-executor-6] INFO  segmented.SegmentedRaftLogWorker (SegmentedRaftLogWorker.java:startLogSegment(385)) - 979ebbe2-24f7-4b6a-a09f-a9b9f259a4b6@group-7107B43B53B1-SegmentedRaftLogWorker: Starting segment from index:0
2019-10-02 11:51:05,590 [1ca4baa7-f680-41b4-89de-2f540dbcf4ba@group-7107B43B53B1-SegmentedRaftLogWorker] INFO  segmented.SegmentedRaftLogWorker (SegmentedRaftLogWorker.java:execute(574)) - 1ca4baa7-f680-41b4-89de-2f540dbcf4ba@group-7107B43B53B1-SegmentedRaftLogWorker: created new log segment /workdir/hadoop-ozone/ozonefs/target/test-dir/MiniOzoneClusterImpl-33e1560a-5563-4dac-9479-547df72b20a1/datanode-0/data/ratis/a4a858e7-e09b-4396-924d-7107b43b53b1/current/log_inprogress_0
2019-10-02 11:51:05,621 [979ebbe2-24f7-4b6a-a09f-a9b9f259a4b6@group-7107B43B53B1-SegmentedRaftLogWorker] INFO  segmented.SegmentedRaftLogWorker (SegmentedRaftLogWorker.java:execute(574)) - 979ebbe2-24f7-4b6a-a09f-a9b9f259a4b6@group-7107B43B53B1-SegmentedRaftLogWorker: created new log segment /workdir/hadoop-ozone/ozonefs/target/test-dir/MiniOzoneClusterImpl-33e1560a-5563-4dac-9479-547df72b20a1/datanode-2/data/ratis/a4a858e7-e09b-4396-924d-7107b43b53b1/current/log_inprogress_0
2019-10-02 11:51:05,621 [6d4ecf29-9ffc-4c39-8dd8-fe3351ab43e9@group-7107B43B53B1-SegmentedRaftLogWorker] INFO  segmented.SegmentedRaftLogWorker (SegmentedRaftLogWorker.java:execute(574)) - 6d4ecf29-9ffc-4c39-8dd8-fe3351ab43e9@group-7107B43B53B1-SegmentedRaftLogWorker: created new log segment /workdir/hadoop-ozone/ozonefs/target/test-dir/MiniOzoneClusterImpl-33e1560a-5563-4dac-9479-547df72b20a1/datanode-1/data/ratis/a4a858e7-e09b-4396-924d-7107b43b53b1/current/log_inprogress_0
2019-10-02 11:51:06,955 [java.util.concurrent.ThreadPoolExecutor$Worker@43f82c50[State = -1, empty queue]] ERROR client.GrpcClientProtocolClient (GrpcClientProtocolClient.java:close(148)) - Unexpected exception while waiting for channel termination
java.lang.InterruptedException
	at java.util.concurrent.locks.AbstractQueuedSynchronizer.tryAcquireSharedNanos(AbstractQueuedSynchronizer.java:1326)
	at java.util.concurrent.CountDownLatch.await(CountDownLatch.java:277)
	at org.apache.ratis.thirdparty.io.grpc.internal.ManagedChannelImpl.awaitTermination(ManagedChannelImpl.java:763)
	at org.apache.ratis.thirdparty.io.grpc.internal.ForwardingManagedChannel.awaitTermination(ForwardingManagedChannel.java:57)
	at org.apache.ratis.thirdparty.io.grpc.internal.ManagedChannelOrphanWrapper.awaitTermination(ManagedChannelOrphanWrapper.java:70)
	at org.apache.ratis.grpc.client.GrpcClientProtocolClient.close(GrpcClientProtocolClient.java:146)
	at org.apache.ratis.util.PeerProxyMap$PeerAndProxy.lambda$close$1(PeerProxyMap.java:74)
	at org.apache.ratis.util.LifeCycle.lambda$checkStateAndClose$2(LifeCycle.java:231)
	at org.apache.ratis.util.LifeCycle.checkStateAndClose(LifeCycle.java:251)
	at org.apache.ratis.util.LifeCycle.checkStateAndClose(LifeCycle.java:229)
	at org.apache.ratis.util.PeerProxyMap$PeerAndProxy.close(PeerProxyMap.java:70)
	at org.apache.ratis.util.PeerProxyMap.resetProxy(PeerProxyMap.java:127)
	at org.apache.ratis.util.PeerProxyMap.handleException(PeerProxyMap.java:136)
	at org.apache.ratis.client.impl.RaftClientRpcWithProxy.handleException(RaftClientRpcWithProxy.java:47)
	at org.apache.ratis.client.impl.RaftClientImpl.handleIOException(RaftClientImpl.java:372)
	at org.apache.ratis.client.impl.OrderedAsync.lambda$sendRequest$10(OrderedAsync.java:236)
	at java.util.concurrent.CompletableFuture.uniExceptionally(CompletableFuture.java:870)
	at java.util.concurrent.CompletableFuture$UniExceptionally.tryFire(CompletableFuture.java:852)
	at java.util.concurrent.CompletableFuture.postComplete(CompletableFuture.java:474)
	at java.util.concurrent.CompletableFuture.completeExceptionally(CompletableFuture.java:1977)
	at org.apache.ratis.grpc.client.GrpcClientProtocolClient$AsyncStreamObservers.lambda$timeoutCheck$3(GrpcClientProtocolClient.java:324)
	at java.util.Optional.ifPresent(Optional.java:159)
	at org.apache.ratis.grpc.client.GrpcClientProtocolClient$AsyncStreamObservers.handleReplyFuture(GrpcClientProtocolClient.java:329)
	at org.apache.ratis.grpc.client.GrpcClientProtocolClient$AsyncStreamObservers.timeoutCheck(GrpcClientProtocolClient.java:324)
	at org.apache.ratis.grpc.client.GrpcClientProtocolClient$AsyncStreamObservers.lambda$onNext$1(GrpcClientProtocolClient.java:318)
	at org.apache.ratis.util.TimeoutScheduler.lambda$onTimeout$0(TimeoutScheduler.java:113)
	at org.apache.ratis.util.TimeoutScheduler.lambda$onTimeout$1(TimeoutScheduler.java:133)
	at org.apache.ratis.util.LogUtils.runAndLog(LogUtils.java:50)
	at org.apache.ratis.util.LogUtils$1.run(LogUtils.java:91)
	at java.util.concurrent.Executors$RunnableAdapter.call(Executors.java:511)
	at java.util.concurrent.FutureTask.run(FutureTask.java:266)
	at java.util.concurrent.ScheduledThreadPoolExecutor$ScheduledFutureTask.access$201(ScheduledThreadPoolExecutor.java:180)
	at java.util.concurrent.ScheduledThreadPoolExecutor$ScheduledFutureTask.run(ScheduledThreadPoolExecutor.java:293)
	at java.util.concurrent.ThreadPoolExecutor.runWorker(ThreadPoolExecutor.java:1149)
	at java.util.concurrent.ThreadPoolExecutor$Worker.run(ThreadPoolExecutor.java:624)
	at java.lang.Thread.run(Thread.java:748)
2019-10-02 11:51:06,956 [java.util.concurrent.ThreadPoolExecutor$Worker@43f82c50[State = -1, empty queue]] WARN  util.TimeoutScheduler (LogUtils.java:runAndLog(55)) - Failed to task #0: java.lang.NullPointerException
2019-10-02 11:51:10,983 [java.util.concurrent.ThreadPoolExecutor$Worker@5091a709[State = -1, empty queue]] ERROR client.GrpcClientProtocolClient (GrpcClientProtocolClient.java:close(148)) - Unexpected exception while waiting for channel termination
java.lang.InterruptedException
	at java.util.concurrent.locks.AbstractQueuedSynchronizer.tryAcquireSharedNanos(AbstractQueuedSynchronizer.java:1326)
	at java.util.concurrent.CountDownLatch.await(CountDownLatch.java:277)
	at org.apache.ratis.thirdparty.io.grpc.internal.ManagedChannelImpl.awaitTermination(ManagedChannelImpl.java:763)
	at org.apache.ratis.thirdparty.io.grpc.internal.ForwardingManagedChannel.awaitTermination(ForwardingManagedChannel.java:57)
	at org.apache.ratis.thirdparty.io.grpc.internal.ManagedChannelOrphanWrapper.awaitTermination(ManagedChannelOrphanWrapper.java:70)
	at org.apache.ratis.grpc.client.GrpcClientProtocolClient.close(GrpcClientProtocolClient.java:146)
	at org.apache.ratis.util.PeerProxyMap$PeerAndProxy.lambda$close$1(PeerProxyMap.java:74)
	at org.apache.ratis.util.LifeCycle.lambda$checkStateAndClose$2(LifeCycle.java:231)
	at org.apache.ratis.util.LifeCycle.checkStateAndClose(LifeCycle.java:251)
	at org.apache.ratis.util.LifeCycle.checkStateAndClose(LifeCycle.java:229)
	at org.apache.ratis.util.PeerProxyMap$PeerAndProxy.close(PeerProxyMap.java:70)
	at org.apache.ratis.util.PeerProxyMap.resetProxy(PeerProxyMap.java:127)
	at org.apache.ratis.util.PeerProxyMap.handleException(PeerProxyMap.java:136)
	at org.apache.ratis.client.impl.RaftClientRpcWithProxy.handleException(RaftClientRpcWithProxy.java:47)
	at org.apache.ratis.client.impl.RaftClientImpl.handleIOException(RaftClientImpl.java:372)
	at org.apache.ratis.client.impl.OrderedAsync.lambda$sendRequest$10(OrderedAsync.java:236)
	at java.util.concurrent.CompletableFuture.uniExceptionally(CompletableFuture.java:870)
	at java.util.concurrent.CompletableFuture$UniExceptionally.tryFire(CompletableFuture.java:852)
	at java.util.concurrent.CompletableFuture.postComplete(CompletableFuture.java:474)
	at java.util.concurrent.CompletableFuture.completeExceptionally(CompletableFuture.java:1977)
	at org.apache.ratis.grpc.client.GrpcClientProtocolClient$AsyncStreamObservers.lambda$timeoutCheck$3(GrpcClientProtocolClient.java:324)
	at java.util.Optional.ifPresent(Optional.java:159)
	at org.apache.ratis.grpc.client.GrpcClientProtocolClient$AsyncStreamObservers.handleReplyFuture(GrpcClientProtocolClient.java:329)
	at org.apache.ratis.grpc.client.GrpcClientProtocolClient$AsyncStreamObservers.timeoutCheck(GrpcClientProtocolClient.java:324)
	at org.apache.ratis.grpc.client.GrpcClientProtocolClient$AsyncStreamObservers.lambda$onNext$1(GrpcClientProtocolClient.java:318)
	at org.apache.ratis.util.TimeoutScheduler.lambda$onTimeout$0(TimeoutScheduler.java:113)
	at org.apache.ratis.util.TimeoutScheduler.lambda$onTimeout$1(TimeoutScheduler.java:133)
	at org.apache.ratis.util.LogUtils.runAndLog(LogUtils.java:50)
	at org.apache.ratis.util.LogUtils$1.run(LogUtils.java:91)
	at java.util.concurrent.Executors$RunnableAdapter.call(Executors.java:511)
	at java.util.concurrent.FutureTask.run(FutureTask.java:266)
	at java.util.concurrent.ScheduledThreadPoolExecutor$ScheduledFutureTask.access$201(ScheduledThreadPoolExecutor.java:180)
	at java.util.concurrent.ScheduledThreadPoolExecutor$ScheduledFutureTask.run(ScheduledThreadPoolExecutor.java:293)
	at java.util.concurrent.ThreadPoolExecutor.runWorker(ThreadPoolExecutor.java:1149)
	at java.util.concurrent.ThreadPoolExecutor$Worker.run(ThreadPoolExecutor.java:624)
	at java.lang.Thread.run(Thread.java:748)
2019-10-02 11:51:10,984 [java.util.concurrent.ThreadPoolExecutor$Worker@5091a709[State = -1, empty queue]] WARN  util.TimeoutScheduler (LogUtils.java:runAndLog(55)) - Failed to task #0: java.lang.NullPointerException
2019-10-02 11:51:15,007 [java.util.concurrent.ThreadPoolExecutor$Worker@1056a3ff[State = -1, empty queue]] ERROR client.GrpcClientProtocolClient (GrpcClientProtocolClient.java:close(148)) - Unexpected exception while waiting for channel termination
java.lang.InterruptedException
	at java.util.concurrent.locks.AbstractQueuedSynchronizer.tryAcquireSharedNanos(AbstractQueuedSynchronizer.java:1326)
	at java.util.concurrent.CountDownLatch.await(CountDownLatch.java:277)
	at org.apache.ratis.thirdparty.io.grpc.internal.ManagedChannelImpl.awaitTermination(ManagedChannelImpl.java:763)
	at org.apache.ratis.thirdparty.io.grpc.internal.ForwardingManagedChannel.awaitTermination(ForwardingManagedChannel.java:57)
	at org.apache.ratis.thirdparty.io.grpc.internal.ManagedChannelOrphanWrapper.awaitTermination(ManagedChannelOrphanWrapper.java:70)
	at org.apache.ratis.grpc.client.GrpcClientProtocolClient.close(GrpcClientProtocolClient.java:146)
	at org.apache.ratis.util.PeerProxyMap$PeerAndProxy.lambda$close$1(PeerProxyMap.java:74)
	at org.apache.ratis.util.LifeCycle.lambda$checkStateAndClose$2(LifeCycle.java:231)
	at org.apache.ratis.util.LifeCycle.checkStateAndClose(LifeCycle.java:251)
	at org.apache.ratis.util.LifeCycle.checkStateAndClose(LifeCycle.java:229)
	at org.apache.ratis.util.PeerProxyMap$PeerAndProxy.close(PeerProxyMap.java:70)
	at org.apache.ratis.util.PeerProxyMap.resetProxy(PeerProxyMap.java:127)
	at org.apache.ratis.util.PeerProxyMap.handleException(PeerProxyMap.java:136)
	at org.apache.ratis.client.impl.RaftClientRpcWithProxy.handleException(RaftClientRpcWithProxy.java:47)
	at org.apache.ratis.client.impl.RaftClientImpl.handleIOException(RaftClientImpl.java:372)
	at org.apache.ratis.client.impl.OrderedAsync.lambda$sendRequest$10(OrderedAsync.java:236)
	at java.util.concurrent.CompletableFuture.uniExceptionally(CompletableFuture.java:870)
	at java.util.concurrent.CompletableFuture$UniExceptionally.tryFire(CompletableFuture.java:852)
	at java.util.concurrent.CompletableFuture.postComplete(CompletableFuture.java:474)
	at java.util.concurrent.CompletableFuture.completeExceptionally(CompletableFuture.java:1977)
	at org.apache.ratis.grpc.client.GrpcClientProtocolClient$AsyncStreamObservers.lambda$timeoutCheck$3(GrpcClientProtocolClient.java:324)
	at java.util.Optional.ifPresent(Optional.java:159)
	at org.apache.ratis.grpc.client.GrpcClientProtocolClient$AsyncStreamObservers.handleReplyFuture(GrpcClientProtocolClient.java:329)
	at org.apache.ratis.grpc.client.GrpcClientProtocolClient$AsyncStreamObservers.timeoutCheck(GrpcClientProtocolClient.java:324)
	at org.apache.ratis.grpc.client.GrpcClientProtocolClient$AsyncStreamObservers.lambda$onNext$1(GrpcClientProtocolClient.java:318)
	at org.apache.ratis.util.TimeoutScheduler.lambda$onTimeout$0(TimeoutScheduler.java:113)
	at org.apache.ratis.util.TimeoutScheduler.lambda$onTimeout$1(TimeoutScheduler.java:133)
	at org.apache.ratis.util.LogUtils.runAndLog(LogUtils.java:50)
	at org.apache.ratis.util.LogUtils$1.run(LogUtils.java:91)
	at java.util.concurrent.Executors$RunnableAdapter.call(Executors.java:511)
	at java.util.concurrent.FutureTask.run(FutureTask.java:266)
	at java.util.concurrent.ScheduledThreadPoolExecutor$ScheduledFutureTask.access$201(ScheduledThreadPoolExecutor.java:180)
	at java.util.concurrent.ScheduledThreadPoolExecutor$ScheduledFutureTask.run(ScheduledThreadPoolExecutor.java:293)
	at java.util.concurrent.ThreadPoolExecutor.runWorker(ThreadPoolExecutor.java:1149)
	at java.util.concurrent.ThreadPoolExecutor$Worker.run(ThreadPoolExecutor.java:624)
	at java.lang.Thread.run(Thread.java:748)
2019-10-02 11:51:15,008 [java.util.concurrent.ThreadPoolExecutor$Worker@1056a3ff[State = -1, empty queue]] WARN  util.TimeoutScheduler (LogUtils.java:runAndLog(55)) - Failed to task #0: java.lang.NullPointerException
2019-10-02 11:51:19,037 [java.util.concurrent.ThreadPoolExecutor$Worker@7002837d[State = -1, empty queue]] ERROR client.GrpcClientProtocolClient (GrpcClientProtocolClient.java:close(148)) - Unexpected exception while waiting for channel termination
java.lang.InterruptedException
	at java.util.concurrent.locks.AbstractQueuedSynchronizer.tryAcquireSharedNanos(AbstractQueuedSynchronizer.java:1326)
	at java.util.concurrent.CountDownLatch.await(CountDownLatch.java:277)
	at org.apache.ratis.thirdparty.io.grpc.internal.ManagedChannelImpl.awaitTermination(ManagedChannelImpl.java:763)
	at org.apache.ratis.thirdparty.io.grpc.internal.ForwardingManagedChannel.awaitTermination(ForwardingManagedChannel.java:57)
	at org.apache.ratis.thirdparty.io.grpc.internal.ManagedChannelOrphanWrapper.awaitTermination(ManagedChannelOrphanWrapper.java:70)
	at org.apache.ratis.grpc.client.GrpcClientProtocolClient.close(GrpcClientProtocolClient.java:146)
	at org.apache.ratis.util.PeerProxyMap$PeerAndProxy.lambda$close$1(PeerProxyMap.java:74)
	at org.apache.ratis.util.LifeCycle.lambda$checkStateAndClose$2(LifeCycle.java:231)
	at org.apache.ratis.util.LifeCycle.checkStateAndClose(LifeCycle.java:251)
	at org.apache.ratis.util.LifeCycle.checkStateAndClose(LifeCycle.java:229)
	at org.apache.ratis.util.PeerProxyMap$PeerAndProxy.close(PeerProxyMap.java:70)
	at org.apache.ratis.util.PeerProxyMap.resetProxy(PeerProxyMap.java:127)
	at org.apache.ratis.util.PeerProxyMap.handleException(PeerProxyMap.java:136)
	at org.apache.ratis.client.impl.RaftClientRpcWithProxy.handleException(RaftClientRpcWithProxy.java:47)
	at org.apache.ratis.client.impl.RaftClientImpl.handleIOException(RaftClientImpl.java:372)
	at org.apache.ratis.client.impl.OrderedAsync.lambda$sendRequest$10(OrderedAsync.java:236)
	at java.util.concurrent.CompletableFuture.uniExceptionally(CompletableFuture.java:870)
	at java.util.concurrent.CompletableFuture$UniExceptionally.tryFire(CompletableFuture.java:852)
	at java.util.concurrent.CompletableFuture.postComplete(CompletableFuture.java:474)
	at java.util.concurrent.CompletableFuture.completeExceptionally(CompletableFuture.java:1977)
	at org.apache.ratis.grpc.client.GrpcClientProtocolClient$AsyncStreamObservers.lambda$timeoutCheck$3(GrpcClientProtocolClient.java:324)
	at java.util.Optional.ifPresent(Optional.java:159)
	at org.apache.ratis.grpc.client.GrpcClientProtocolClient$AsyncStreamObservers.handleReplyFuture(GrpcClientProtocolClient.java:329)
	at org.apache.ratis.grpc.client.GrpcClientProtocolClient$AsyncStreamObservers.timeoutCheck(GrpcClientProtocolClient.java:324)
	at org.apache.ratis.grpc.client.GrpcClientProtocolClient$AsyncStreamObservers.lambda$onNext$1(GrpcClientProtocolClient.java:318)
	at org.apache.ratis.util.TimeoutScheduler.lambda$onTimeout$0(TimeoutScheduler.java:113)
	at org.apache.ratis.util.TimeoutScheduler.lambda$onTimeout$1(TimeoutScheduler.java:133)
	at org.apache.ratis.util.LogUtils.runAndLog(LogUtils.java:50)
	at org.apache.ratis.util.LogUtils$1.run(LogUtils.java:91)
	at java.util.concurrent.Executors$RunnableAdapter.call(Executors.java:511)
	at java.util.concurrent.FutureTask.run(FutureTask.java:266)
	at java.util.concurrent.ScheduledThreadPoolExecutor$ScheduledFutureTask.access$201(ScheduledThreadPoolExecutor.java:180)
	at java.util.concurrent.ScheduledThreadPoolExecutor$ScheduledFutureTask.run(ScheduledThreadPoolExecutor.java:293)
	at java.util.concurrent.ThreadPoolExecutor.runWorker(ThreadPoolExecutor.java:1149)
	at java.util.concurrent.ThreadPoolExecutor$Worker.run(ThreadPoolExecutor.java:624)
	at java.lang.Thread.run(Thread.java:748)
2019-10-02 11:51:19,040 [java.util.concurrent.ThreadPoolExecutor$Worker@7002837d[State = -1, empty queue]] WARN  util.TimeoutScheduler (LogUtils.java:runAndLog(55)) - Failed to task #0: java.lang.NullPointerException
2019-10-02 11:51:23,075 [java.util.concurrent.ThreadPoolExecutor$Worker@3985c162[State = -1, empty queue]] ERROR client.GrpcClientProtocolClient (GrpcClientProtocolClient.java:close(148)) - Unexpected exception while waiting for channel termination
java.lang.InterruptedException
	at java.util.concurrent.locks.AbstractQueuedSynchronizer.tryAcquireSharedNanos(AbstractQueuedSynchronizer.java:1326)
	at java.util.concurrent.CountDownLatch.await(CountDownLatch.java:277)
	at org.apache.ratis.thirdparty.io.grpc.internal.ManagedChannelImpl.awaitTermination(ManagedChannelImpl.java:763)
	at org.apache.ratis.thirdparty.io.grpc.internal.ForwardingManagedChannel.awaitTermination(ForwardingManagedChannel.java:57)
	at org.apache.ratis.thirdparty.io.grpc.internal.ManagedChannelOrphanWrapper.awaitTermination(ManagedChannelOrphanWrapper.java:70)
	at org.apache.ratis.grpc.client.GrpcClientProtocolClient.close(GrpcClientProtocolClient.java:146)
	at org.apache.ratis.util.PeerProxyMap$PeerAndProxy.lambda$close$1(PeerProxyMap.java:74)
	at org.apache.ratis.util.LifeCycle.lambda$checkStateAndClose$2(LifeCycle.java:231)
	at org.apache.ratis.util.LifeCycle.checkStateAndClose(LifeCycle.java:251)
	at org.apache.ratis.util.LifeCycle.checkStateAndClose(LifeCycle.java:229)
	at org.apache.ratis.util.PeerProxyMap$PeerAndProxy.close(PeerProxyMap.java:70)
	at org.apache.ratis.util.PeerProxyMap.resetProxy(PeerProxyMap.java:127)
	at org.apache.ratis.util.PeerProxyMap.handleException(PeerProxyMap.java:136)
	at org.apache.ratis.client.impl.RaftClientRpcWithProxy.handleException(RaftClientRpcWithProxy.java:47)
	at org.apache.ratis.client.impl.RaftClientImpl.handleIOException(RaftClientImpl.java:372)
	at org.apache.ratis.client.impl.OrderedAsync.lambda$sendRequest$10(OrderedAsync.java:236)
	at java.util.concurrent.CompletableFuture.uniExceptionally(CompletableFuture.java:870)
	at java.util.concurrent.CompletableFuture$UniExceptionally.tryFire(CompletableFuture.java:852)
	at java.util.concurrent.CompletableFuture.postComplete(CompletableFuture.java:474)
	at java.util.concurrent.CompletableFuture.completeExceptionally(CompletableFuture.java:1977)
	at org.apache.ratis.grpc.client.GrpcClientProtocolClient$AsyncStreamObservers.lambda$timeoutCheck$3(GrpcClientProtocolClient.java:324)
	at java.util.Optional.ifPresent(Optional.java:159)
	at org.apache.ratis.grpc.client.GrpcClientProtocolClient$AsyncStreamObservers.handleReplyFuture(GrpcClientProtocolClient.java:329)
	at org.apache.ratis.grpc.client.GrpcClientProtocolClient$AsyncStreamObservers.timeoutCheck(GrpcClientProtocolClient.java:324)
	at org.apache.ratis.grpc.client.GrpcClientProtocolClient$AsyncStreamObservers.lambda$onNext$1(GrpcClientProtocolClient.java:318)
	at org.apache.ratis.util.TimeoutScheduler.lambda$onTimeout$0(TimeoutScheduler.java:113)
	at org.apache.ratis.util.TimeoutScheduler.lambda$onTimeout$1(TimeoutScheduler.java:133)
	at org.apache.ratis.util.LogUtils.runAndLog(LogUtils.java:50)
	at org.apache.ratis.util.LogUtils$1.run(LogUtils.java:91)
	at java.util.concurrent.Executors$RunnableAdapter.call(Executors.java:511)
	at java.util.concurrent.FutureTask.run(FutureTask.java:266)
	at java.util.concurrent.ScheduledThreadPoolExecutor$ScheduledFutureTask.access$201(ScheduledThreadPoolExecutor.java:180)
	at java.util.concurrent.ScheduledThreadPoolExecutor$ScheduledFutureTask.run(ScheduledThreadPoolExecutor.java:293)
	at java.util.concurrent.ThreadPoolExecutor.runWorker(ThreadPoolExecutor.java:1149)
	at java.util.concurrent.ThreadPoolExecutor$Worker.run(ThreadPoolExecutor.java:624)
	at java.lang.Thread.run(Thread.java:748)
2019-10-02 11:51:23,079 [java.util.concurrent.ThreadPoolExecutor$Worker@3985c162[State = -1, empty queue]] WARN  util.TimeoutScheduler (LogUtils.java:runAndLog(55)) - Failed to task #0: java.lang.NullPointerException
2019-10-02 11:51:27,120 [java.util.concurrent.ThreadPoolExecutor$Worker@441c517a[State = -1, empty queue]] ERROR client.GrpcClientProtocolClient (GrpcClientProtocolClient.java:close(148)) - Unexpected exception while waiting for channel termination
java.lang.InterruptedException
	at java.util.concurrent.locks.AbstractQueuedSynchronizer.tryAcquireSharedNanos(AbstractQueuedSynchronizer.java:1326)
	at java.util.concurrent.CountDownLatch.await(CountDownLatch.java:277)
	at org.apache.ratis.thirdparty.io.grpc.internal.ManagedChannelImpl.awaitTermination(ManagedChannelImpl.java:763)
	at org.apache.ratis.thirdparty.io.grpc.internal.ForwardingManagedChannel.awaitTermination(ForwardingManagedChannel.java:57)
	at org.apache.ratis.thirdparty.io.grpc.internal.ManagedChannelOrphanWrapper.awaitTermination(ManagedChannelOrphanWrapper.java:70)
	at org.apache.ratis.grpc.client.GrpcClientProtocolClient.close(GrpcClientProtocolClient.java:146)
	at org.apache.ratis.util.PeerProxyMap$PeerAndProxy.lambda$close$1(PeerProxyMap.java:74)
	at org.apache.ratis.util.LifeCycle.lambda$checkStateAndClose$2(LifeCycle.java:231)
	at org.apache.ratis.util.LifeCycle.checkStateAndClose(LifeCycle.java:251)
	at org.apache.ratis.util.LifeCycle.checkStateAndClose(LifeCycle.java:229)
	at org.apache.ratis.util.PeerProxyMap$PeerAndProxy.close(PeerProxyMap.java:70)
	at org.apache.ratis.util.PeerProxyMap.resetProxy(PeerProxyMap.java:127)
	at org.apache.ratis.util.PeerProxyMap.handleException(PeerProxyMap.java:136)
	at org.apache.ratis.client.impl.RaftClientRpcWithProxy.handleException(RaftClientRpcWithProxy.java:47)
	at org.apache.ratis.client.impl.RaftClientImpl.handleIOException(RaftClientImpl.java:372)
	at org.apache.ratis.client.impl.OrderedAsync.lambda$sendRequest$10(OrderedAsync.java:236)
	at java.util.concurrent.CompletableFuture.uniExceptionally(CompletableFuture.java:870)
	at java.util.concurrent.CompletableFuture$UniExceptionally.tryFire(CompletableFuture.java:852)
	at java.util.concurrent.CompletableFuture.postComplete(CompletableFuture.java:474)
	at java.util.concurrent.CompletableFuture.completeExceptionally(CompletableFuture.java:1977)
	at org.apache.ratis.grpc.client.GrpcClientProtocolClient$AsyncStreamObservers.lambda$timeoutCheck$3(GrpcClientProtocolClient.java:324)
	at java.util.Optional.ifPresent(Optional.java:159)
	at org.apache.ratis.grpc.client.GrpcClientProtocolClient$AsyncStreamObservers.handleReplyFuture(GrpcClientProtocolClient.java:329)
	at org.apache.ratis.grpc.client.GrpcClientProtocolClient$AsyncStreamObservers.timeoutCheck(GrpcClientProtocolClient.java:324)
	at org.apache.ratis.grpc.client.GrpcClientProtocolClient$AsyncStreamObservers.lambda$onNext$1(GrpcClientProtocolClient.java:318)
	at org.apache.ratis.util.TimeoutScheduler.lambda$onTimeout$0(TimeoutScheduler.java:113)
	at org.apache.ratis.util.TimeoutScheduler.lambda$onTimeout$1(TimeoutScheduler.java:133)
	at org.apache.ratis.util.LogUtils.runAndLog(LogUtils.java:50)
	at org.apache.ratis.util.LogUtils$1.run(LogUtils.java:91)
	at java.util.concurrent.Executors$RunnableAdapter.call(Executors.java:511)
	at java.util.concurrent.FutureTask.run(FutureTask.java:266)
	at java.util.concurrent.ScheduledThreadPoolExecutor$ScheduledFutureTask.access$201(ScheduledThreadPoolExecutor.java:180)
	at java.util.concurrent.ScheduledThreadPoolExecutor$ScheduledFutureTask.run(ScheduledThreadPoolExecutor.java:293)
	at java.util.concurrent.ThreadPoolExecutor.runWorker(ThreadPoolExecutor.java:1149)
	at java.util.concurrent.ThreadPoolExecutor$Worker.run(ThreadPoolExecutor.java:624)
	at java.lang.Thread.run(Thread.java:748)
2019-10-02 11:51:27,121 [java.util.concurrent.ThreadPoolExecutor$Worker@441c517a[State = -1, empty queue]] WARN  util.TimeoutScheduler (LogUtils.java:runAndLog(55)) - Failed to task #0: java.lang.NullPointerException
2019-10-02 11:51:29,677 [grpc-default-executor-4] INFO  impl.RaftServerProxy (RaftServerProxy.java:remove(95)) - 979ebbe2-24f7-4b6a-a09f-a9b9f259a4b6: remove  FOLLOWER 979ebbe2-24f7-4b6a-a09f-a9b9f259a4b6@group-E8E76536F627:t1, leader=6d4ecf29-9ffc-4c39-8dd8-fe3351ab43e9, voted=6d4ecf29-9ffc-4c39-8dd8-fe3351ab43e9, raftlog=979ebbe2-24f7-4b6a-a09f-a9b9f259a4b6@group-E8E76536F627-SegmentedRaftLog:OPENED:c0,f2,i2, conf=0: [979ebbe2-24f7-4b6a-a09f-a9b9f259a4b6:192.168.5.178:37076, 6d4ecf29-9ffc-4c39-8dd8-fe3351ab43e9:192.168.5.178:41031, 1ca4baa7-f680-41b4-89de-2f540dbcf4ba:192.168.5.178:35264], old=null RUNNING
2019-10-02 11:51:29,678 [grpc-default-executor-4] INFO  impl.RaftServerImpl (RaftServerImpl.java:lambda$shutdown$3(247)) - 979ebbe2-24f7-4b6a-a09f-a9b9f259a4b6@group-E8E76536F627: shutdown
2019-10-02 11:51:29,678 [grpc-default-executor-4] INFO  util.JmxRegister (JmxRegister.java:unregister(73)) - Successfully un-registered JMX Bean with object name Ratis:service=RaftServer,group=group-E8E76536F627,id=979ebbe2-24f7-4b6a-a09f-a9b9f259a4b6
2019-10-02 11:51:29,679 [grpc-default-executor-4] INFO  impl.RoleInfo (RoleInfo.java:shutdownFollowerState(121)) - 979ebbe2-24f7-4b6a-a09f-a9b9f259a4b6: shutdown FollowerState
2019-10-02 11:51:29,679 [grpc-default-executor-4] INFO  impl.StateMachineUpdater (StateMachineUpdater.java:stopAndJoin(136)) - 979ebbe2-24f7-4b6a-a09f-a9b9f259a4b6@group-E8E76536F627-StateMachineUpdater: set stopIndex = 0
2019-10-02 11:51:29,679 [Thread-465] INFO  impl.FollowerState (FollowerState.java:run(117)) - 979ebbe2-24f7-4b6a-a09f-a9b9f259a4b6@group-E8E76536F627-FollowerState was interrupted: java.lang.InterruptedException: sleep interrupted
2019-10-02 11:51:29,690 [grpc-default-executor-4] INFO  impl.RaftServerImpl (ServerState.java:close(387)) - 979ebbe2-24f7-4b6a-a09f-a9b9f259a4b6@group-E8E76536F627: closes. applyIndex: 0
2019-10-02 11:51:29,691 [979ebbe2-24f7-4b6a-a09f-a9b9f259a4b6@group-E8E76536F627-SegmentedRaftLogWorker] INFO  segmented.SegmentedRaftLogWorker (SegmentedRaftLogWorker.java:run(316)) - 979ebbe2-24f7-4b6a-a09f-a9b9f259a4b6@group-E8E76536F627-SegmentedRaftLogWorker was interrupted, exiting. There are 0 tasks remaining in the queue.
2019-10-02 11:51:29,693 [grpc-default-executor-4] INFO  segmented.SegmentedRaftLogWorker (SegmentedRaftLogWorker.java:close(224)) - 979ebbe2-24f7-4b6a-a09f-a9b9f259a4b6@group-E8E76536F627-SegmentedRaftLogWorker close()
2019-10-02 11:51:29,769 [grpc-default-executor-4] INFO  interfaces.Container (KeyValueContainer.java:flushAndSyncDB(386)) - Container 4 is synced with bcsId 0.
2019-10-02 11:51:29,770 [grpc-default-executor-4] INFO  interfaces.Container (KeyValueContainer.java:flushAndSyncDB(386)) - Container 4 is synced with bcsId 0.
2019-10-02 11:51:29,790 [EventQueue-IncrementalContainerReportForIncrementalContainerReportHandler] INFO  container.IncrementalContainerReportHandler (AbstractContainerReportHandler.java:updateContainerState(169)) - Moving container #4 to QUASI_CLOSED state, datanode 979ebbe2-24f7-4b6a-a09f-a9b9f259a4b6{ip: 192.168.5.178, host: pr-trunk-8bg6x-723665176, networkLocation: /default-rack, certSerialId: null} reported QUASI_CLOSED replica.
2019-10-02 11:51:29,796 [grpc-default-executor-4] INFO  impl.RaftServerProxy (RaftServerProxy.java:remove(95)) - 1ca4baa7-f680-41b4-89de-2f540dbcf4ba: remove  FOLLOWER 1ca4baa7-f680-41b4-89de-2f540dbcf4ba@group-E8E76536F627:t1, leader=6d4ecf29-9ffc-4c39-8dd8-fe3351ab43e9, voted=6d4ecf29-9ffc-4c39-8dd8-fe3351ab43e9, raftlog=1ca4baa7-f680-41b4-89de-2f540dbcf4ba@group-E8E76536F627-SegmentedRaftLog:OPENED:c0,f2,i2, conf=0: [979ebbe2-24f7-4b6a-a09f-a9b9f259a4b6:192.168.5.178:37076, 6d4ecf29-9ffc-4c39-8dd8-fe3351ab43e9:192.168.5.178:41031, 1ca4baa7-f680-41b4-89de-2f540dbcf4ba:192.168.5.178:35264], old=null RUNNING
2019-10-02 11:51:29,797 [grpc-default-executor-4] INFO  impl.RaftServerImpl (RaftServerImpl.java:lambda$shutdown$3(247)) - 1ca4baa7-f680-41b4-89de-2f540dbcf4ba@group-E8E76536F627: shutdown
2019-10-02 11:51:29,797 [grpc-default-executor-4] INFO  util.JmxRegister (JmxRegister.java:unregister(73)) - Successfully un-registered JMX Bean with object name Ratis:service=RaftServer,group=group-E8E76536F627,id=1ca4baa7-f680-41b4-89de-2f540dbcf4ba
2019-10-02 11:51:29,797 [grpc-default-executor-4] INFO  impl.RoleInfo (RoleInfo.java:shutdownFollowerState(121)) - 1ca4baa7-f680-41b4-89de-2f540dbcf4ba: shutdown FollowerState
2019-10-02 11:51:29,797 [grpc-default-executor-4] INFO  impl.StateMachineUpdater (StateMachineUpdater.java:stopAndJoin(136)) - 1ca4baa7-f680-41b4-89de-2f540dbcf4ba@group-E8E76536F627-StateMachineUpdater: set stopIndex = 0
2019-10-02 11:51:29,797 [Thread-463] INFO  impl.FollowerState (FollowerState.java:run(117)) - 1ca4baa7-f680-41b4-89de-2f540dbcf4ba@group-E8E76536F627-FollowerState was interrupted: java.lang.InterruptedException: sleep interrupted
2019-10-02 11:51:29,799 [grpc-default-executor-4] INFO  impl.RaftServerImpl (ServerState.java:close(387)) - 1ca4baa7-f680-41b4-89de-2f540dbcf4ba@group-E8E76536F627: closes. applyIndex: 0
2019-10-02 11:51:29,800 [1ca4baa7-f680-41b4-89de-2f540dbcf4ba@group-E8E76536F627-SegmentedRaftLogWorker] INFO  segmented.SegmentedRaftLogWorker (SegmentedRaftLogWorker.java:run(316)) - 1ca4baa7-f680-41b4-89de-2f540dbcf4ba@group-E8E76536F627-SegmentedRaftLogWorker was interrupted, exiting. There are 0 tasks remaining in the queue.
2019-10-02 11:51:29,801 [grpc-default-executor-4] INFO  segmented.SegmentedRaftLogWorker (SegmentedRaftLogWorker.java:close(224)) - 1ca4baa7-f680-41b4-89de-2f540dbcf4ba@group-E8E76536F627-SegmentedRaftLogWorker close()
2019-10-02 11:51:29,870 [grpc-default-executor-4] INFO  interfaces.Container (KeyValueContainer.java:flushAndSyncDB(386)) - Container 4 is synced with bcsId 0.
2019-10-02 11:51:29,870 [grpc-default-executor-4] INFO  interfaces.Container (KeyValueContainer.java:flushAndSyncDB(386)) - Container 4 is synced with bcsId 0.
2019-10-02 11:51:29,903 [grpc-default-executor-4] INFO  impl.RaftServerProxy (RaftServerProxy.java:remove(95)) - 6d4ecf29-9ffc-4c39-8dd8-fe3351ab43e9: remove    LEADER 6d4ecf29-9ffc-4c39-8dd8-fe3351ab43e9@group-E8E76536F627:t1, leader=6d4ecf29-9ffc-4c39-8dd8-fe3351ab43e9, voted=6d4ecf29-9ffc-4c39-8dd8-fe3351ab43e9, raftlog=6d4ecf29-9ffc-4c39-8dd8-fe3351ab43e9@group-E8E76536F627-SegmentedRaftLog:OPENED:c0,f0,i2, conf=0: [979ebbe2-24f7-4b6a-a09f-a9b9f259a4b6:192.168.5.178:37076, 6d4ecf29-9ffc-4c39-8dd8-fe3351ab43e9:192.168.5.178:41031, 1ca4baa7-f680-41b4-89de-2f540dbcf4ba:192.168.5.178:35264], old=null RUNNING
2019-10-02 11:51:29,904 [grpc-default-executor-4] INFO  impl.RaftServerImpl (RaftServerImpl.java:lambda$shutdown$3(247)) - 6d4ecf29-9ffc-4c39-8dd8-fe3351ab43e9@group-E8E76536F627: shutdown
2019-10-02 11:51:29,904 [grpc-default-executor-4] INFO  util.JmxRegister (JmxRegister.java:unregister(73)) - Successfully un-registered JMX Bean with object name Ratis:service=RaftServer,group=group-E8E76536F627,id=6d4ecf29-9ffc-4c39-8dd8-fe3351ab43e9
2019-10-02 11:51:29,904 [grpc-default-executor-4] INFO  impl.RoleInfo (RoleInfo.java:shutdownLeaderState(104)) - 6d4ecf29-9ffc-4c39-8dd8-fe3351ab43e9: shutdown LeaderState
2019-10-02 11:51:29,906 [org.apache.ratis.server.impl.LogAppender$AppenderDaemon$$Lambda$524/1096488990@f3f7753] WARN  server.GrpcLogAppender (GrpcLogAppender.java:mayWait(143)) - 6d4ecf29-9ffc-4c39-8dd8-fe3351ab43e9@group-E8E76536F627->979ebbe2-24f7-4b6a-a09f-a9b9f259a4b6-GrpcLogAppender: Wait interrupted by java.lang.InterruptedException
2019-10-02 11:51:29,907 [grpc-default-executor-4] INFO  impl.PendingRequests (PendingRequests.java:sendNotLeaderResponses(202)) - 6d4ecf29-9ffc-4c39-8dd8-fe3351ab43e9@group-E8E76536F627-PendingRequests: sendNotLeaderResponses
2019-10-02 11:51:29,907 [org.apache.ratis.server.impl.LogAppender$AppenderDaemon$$Lambda$524/1096488990@63ce703f] WARN  server.GrpcLogAppender (GrpcLogAppender.java:mayWait(143)) - 6d4ecf29-9ffc-4c39-8dd8-fe3351ab43e9@group-E8E76536F627->1ca4baa7-f680-41b4-89de-2f540dbcf4ba-GrpcLogAppender: Wait interrupted by java.lang.InterruptedException
2019-10-02 11:51:29,908 [grpc-default-executor-6] INFO  server.GrpcServerProtocolService (GrpcServerProtocolService.java:onCompleted(113)) - 979ebbe2-24f7-4b6a-a09f-a9b9f259a4b6: Completed APPEND_ENTRIES, lastRequest: 6d4ecf29-9ffc-4c39-8dd8-fe3351ab43e9->979ebbe2-24f7-4b6a-a09f-a9b9f259a4b6#29-t1, previous=(t:1, i:2), leaderCommit=0, initializing? false, entries: <empty>
2019-10-02 11:51:29,910 [grpc-default-executor-8] INFO  server.GrpcServerProtocolService (GrpcServerProtocolService.java:onCompleted(113)) - 1ca4baa7-f680-41b4-89de-2f540dbcf4ba: Completed APPEND_ENTRIES, lastRequest: 6d4ecf29-9ffc-4c39-8dd8-fe3351ab43e9->1ca4baa7-f680-41b4-89de-2f540dbcf4ba#29-t1, previous=(t:1, i:2), leaderCommit=0, initializing? false, entries: <empty>
2019-10-02 11:51:29,916 [grpc-default-executor-4] INFO  impl.StateMachineUpdater (StateMachineUpdater.java:stopAndJoin(136)) - 6d4ecf29-9ffc-4c39-8dd8-fe3351ab43e9@group-E8E76536F627-StateMachineUpdater: set stopIndex = 0
2019-10-02 11:51:29,917 [grpc-default-executor-6] INFO  server.GrpcLogAppender (GrpcLogAppender.java:onCompleted(293)) - 6d4ecf29-9ffc-4c39-8dd8-fe3351ab43e9@group-E8E76536F627->979ebbe2-24f7-4b6a-a09f-a9b9f259a4b6-AppendLogResponseHandler: follower responses appendEntries COMPLETED
2019-10-02 11:51:29,917 [grpc-default-executor-4] INFO  impl.RaftServerImpl (ServerState.java:close(387)) - 6d4ecf29-9ffc-4c39-8dd8-fe3351ab43e9@group-E8E76536F627: closes. applyIndex: 0
2019-10-02 11:51:29,917 [grpc-default-executor-9] INFO  server.GrpcLogAppender (GrpcLogAppender.java:onCompleted(293)) - 6d4ecf29-9ffc-4c39-8dd8-fe3351ab43e9@group-E8E76536F627->1ca4baa7-f680-41b4-89de-2f540dbcf4ba-AppendLogResponseHandler: follower responses appendEntries COMPLETED
2019-10-02 11:51:29,919 [6d4ecf29-9ffc-4c39-8dd8-fe3351ab43e9@group-E8E76536F627-SegmentedRaftLogWorker] INFO  segmented.SegmentedRaftLogWorker (SegmentedRaftLogWorker.java:run(316)) - 6d4ecf29-9ffc-4c39-8dd8-fe3351ab43e9@group-E8E76536F627-SegmentedRaftLogWorker was interrupted, exiting. There are 0 tasks remaining in the queue.
2019-10-02 11:51:29,919 [grpc-default-executor-6] INFO  impl.FollowerInfo (FollowerInfo.java:lambda$new$0(51)) - 6d4ecf29-9ffc-4c39-8dd8-fe3351ab43e9@group-E8E76536F627->979ebbe2-24f7-4b6a-a09f-a9b9f259a4b6: nextIndex: updateUnconditionally 3 -> 2
2019-10-02 11:51:29,920 [grpc-default-executor-4] INFO  segmented.SegmentedRaftLogWorker (SegmentedRaftLogWorker.java:close(224)) - 6d4ecf29-9ffc-4c39-8dd8-fe3351ab43e9@group-E8E76536F627-SegmentedRaftLogWorker close()
2019-10-02 11:51:29,923 [grpc-default-executor-9] INFO  impl.FollowerInfo (FollowerInfo.java:lambda$new$0(51)) - 6d4ecf29-9ffc-4c39-8dd8-fe3351ab43e9@group-E8E76536F627->1ca4baa7-f680-41b4-89de-2f540dbcf4ba: nextIndex: updateUnconditionally 3 -> 2
2019-10-02 11:51:29,933 [RatisPipelineUtilsThread] INFO  pipeline.PipelineStateManager (PipelineStateManager.java:removePipeline(108)) - Pipeline Pipeline[ Id: 2dd85a23-ba68-48a0-a059-e8e76536f627, Nodes: 979ebbe2-24f7-4b6a-a09f-a9b9f259a4b6{ip: 192.168.5.178, host: pr-trunk-8bg6x-723665176, networkLocation: /default-rack, certSerialId: null}1ca4baa7-f680-41b4-89de-2f540dbcf4ba{ip: 192.168.5.178, host: pr-trunk-8bg6x-723665176, networkLocation: /default-rack, certSerialId: null}6d4ecf29-9ffc-4c39-8dd8-fe3351ab43e9{ip: 192.168.5.178, host: pr-trunk-8bg6x-723665176, networkLocation: /default-rack, certSerialId: null}, Type:RATIS, Factor:THREE, State:CLOSED] removed from db
2019-10-02 11:51:29,937 [grpc-default-executor-4] INFO  impl.RaftServerProxy (RaftServerProxy.java:remove(95)) - 979ebbe2-24f7-4b6a-a09f-a9b9f259a4b6: remove group-E8E76536F627:null
2019-10-02 11:51:29,944 [RatisPipelineUtilsThread] WARN  pipeline.RatisPipelineUtils (RatisPipelineUtils.java:destroyPipeline(67)) - Pipeline destroy failed for pipeline=PipelineID=2dd85a23-ba68-48a0-a059-e8e76536f627 dn=979ebbe2-24f7-4b6a-a09f-a9b9f259a4b6{ip: 192.168.5.178, host: pr-trunk-8bg6x-723665176, networkLocation: /default-rack, certSerialId: null}
2019-10-02 11:51:29,948 [grpc-default-executor-4] INFO  impl.RaftServerProxy (RaftServerProxy.java:remove(95)) - 1ca4baa7-f680-41b4-89de-2f540dbcf4ba: remove group-E8E76536F627:null
2019-10-02 11:51:29,953 [RatisPipelineUtilsThread] WARN  pipeline.RatisPipelineUtils (RatisPipelineUtils.java:destroyPipeline(67)) - Pipeline destroy failed for pipeline=PipelineID=2dd85a23-ba68-48a0-a059-e8e76536f627 dn=1ca4baa7-f680-41b4-89de-2f540dbcf4ba{ip: 192.168.5.178, host: pr-trunk-8bg6x-723665176, networkLocation: /default-rack, certSerialId: null}
2019-10-02 11:51:29,957 [grpc-default-executor-4] INFO  impl.RaftServerProxy (RaftServerProxy.java:remove(95)) - 6d4ecf29-9ffc-4c39-8dd8-fe3351ab43e9: remove group-E8E76536F627:null
2019-10-02 11:51:29,963 [RatisPipelineUtilsThread] WARN  pipeline.RatisPipelineUtils (RatisPipelineUtils.java:destroyPipeline(67)) - Pipeline destroy failed for pipeline=PipelineID=2dd85a23-ba68-48a0-a059-e8e76536f627 dn=6d4ecf29-9ffc-4c39-8dd8-fe3351ab43e9{ip: 192.168.5.178, host: pr-trunk-8bg6x-723665176, networkLocation: /default-rack, certSerialId: null}
2019-10-02 11:51:29,963 [RatisPipelineUtilsThread] ERROR pipeline.SCMPipelineManager (Scheduler.java:lambda$schedule$1(70)) - Destroy pipeline failed for pipeline:Pipeline[ Id: 2dd85a23-ba68-48a0-a059-e8e76536f627, Nodes: 979ebbe2-24f7-4b6a-a09f-a9b9f259a4b6{ip: 192.168.5.178, host: pr-trunk-8bg6x-723665176, networkLocation: /default-rack, certSerialId: null}1ca4baa7-f680-41b4-89de-2f540dbcf4ba{ip: 192.168.5.178, host: pr-trunk-8bg6x-723665176, networkLocation: /default-rack, certSerialId: null}6d4ecf29-9ffc-4c39-8dd8-fe3351ab43e9{ip: 192.168.5.178, host: pr-trunk-8bg6x-723665176, networkLocation: /default-rack, certSerialId: null}, Type:RATIS, Factor:THREE, State:CLOSED]
org.apache.hadoop.hdds.scm.pipeline.PipelineNotFoundException: PipelineID=2dd85a23-ba68-48a0-a059-e8e76536f627 not found
	at org.apache.hadoop.hdds.scm.pipeline.PipelineStateMap.getPipeline(PipelineStateMap.java:132)
	at org.apache.hadoop.hdds.scm.pipeline.PipelineStateMap.removePipeline(PipelineStateMap.java:322)
	at org.apache.hadoop.hdds.scm.pipeline.PipelineStateManager.removePipeline(PipelineStateManager.java:107)
	at org.apache.hadoop.hdds.scm.pipeline.SCMPipelineManager.removePipeline(SCMPipelineManager.java:427)
	at org.apache.hadoop.hdds.scm.pipeline.SCMPipelineManager.destroyPipeline(SCMPipelineManager.java:413)
	at org.apache.hadoop.hdds.scm.pipeline.SCMPipelineManager.lambda$finalizeAndDestroyPipeline$0(SCMPipelineManager.java:322)
	at org.apache.hadoop.hdds.utils.Scheduler.lambda$schedule$1(Scheduler.java:68)
	at java.util.concurrent.Executors$RunnableAdapter.call(Executors.java:511)
	at java.util.concurrent.FutureTask.run(FutureTask.java:266)
	at java.util.concurrent.ScheduledThreadPoolExecutor$ScheduledFutureTask.access$201(ScheduledThreadPoolExecutor.java:180)
	at java.util.concurrent.ScheduledThreadPoolExecutor$ScheduledFutureTask.run(ScheduledThreadPoolExecutor.java:293)
	at java.util.concurrent.ThreadPoolExecutor.runWorker(ThreadPoolExecutor.java:1149)
	at java.util.concurrent.ThreadPoolExecutor$Worker.run(ThreadPoolExecutor.java:624)
	at java.lang.Thread.run(Thread.java:748)
2019-10-02 11:51:30,945 [Thread-260] WARN  io.KeyOutputStream (KeyOutputStream.java:handleException(274)) - Encountered exception java.io.IOException: Unexpected Storage Container Exception: java.util.concurrent.CompletionException: java.util.concurrent.CompletionException: org.apache.ratis.protocol.GroupMismatchException: 1ca4baa7-f680-41b4-89de-2f540dbcf4ba: group-E8E76536F627 not found. on the pipeline Pipeline[ Id: 2dd85a23-ba68-48a0-a059-e8e76536f627, Nodes: 979ebbe2-24f7-4b6a-a09f-a9b9f259a4b6{ip: 192.168.5.178, host: pr-trunk-8bg6x-723665176, networkLocation: /default-rack, certSerialId: null}1ca4baa7-f680-41b4-89de-2f540dbcf4ba{ip: 192.168.5.178, host: pr-trunk-8bg6x-723665176, networkLocation: /default-rack, certSerialId: null}6d4ecf29-9ffc-4c39-8dd8-fe3351ab43e9{ip: 192.168.5.178, host: pr-trunk-8bg6x-723665176, networkLocation: /default-rack, certSerialId: null}, Type:RATIS, Factor:THREE, State:OPEN]. The last committed block length is 0, uncommitted data length is 512 retry count 0
2019-10-02 11:51:31,101 [pool-26-thread-3] ERROR impl.ChunkManagerImpl (ChunkUtils.java:writeData(89)) - data array does not match the length specified. DataLen: 512 Byte Array: 669
2019-10-02 11:51:31,103 [pool-26-thread-3] INFO  keyvalue.KeyValueHandler (ContainerUtils.java:logAndReturnError(146)) - Operation: WriteChunk : Trace ID: bd8071337c380279:bd8071337c380279:0:0 : Message: data array does not match the length specified. DataLen: 512 Byte Array: 669 : Result: INVALID_WRITE_SIZE
11:51:31.119 [pool-26-thread-3] ERROR DNAudit - user=null | ip=null | op=WRITE_CHUNK {blockData=conID: 5 locID: 102892640073416725 bcsId: 0} | ret=FAILURE
java.lang.Exception: data array does not match the length specified. DataLen: 512 Byte Array: 669
	at org.apache.hadoop.ozone.container.common.impl.HddsDispatcher.dispatchRequest(HddsDispatcher.java:330) ~[hadoop-hdds-container-service-0.5.0-SNAPSHOT.jar:?]
	at org.apache.hadoop.ozone.container.common.impl.HddsDispatcher.dispatch(HddsDispatcher.java:150) ~[hadoop-hdds-container-service-0.5.0-SNAPSHOT.jar:?]
	at org.apache.hadoop.ozone.container.common.transport.server.ratis.ContainerStateMachine.dispatchCommand(ContainerStateMachine.java:407) ~[hadoop-hdds-container-service-0.5.0-SNAPSHOT.jar:?]
	at org.apache.hadoop.ozone.container.common.transport.server.ratis.ContainerStateMachine.runCommand(ContainerStateMachine.java:415) ~[hadoop-hdds-container-service-0.5.0-SNAPSHOT.jar:?]
	at org.apache.hadoop.ozone.container.common.transport.server.ratis.ContainerStateMachine.lambda$handleWriteChunk$1(ContainerStateMachine.java:450) ~[hadoop-hdds-container-service-0.5.0-SNAPSHOT.jar:?]
	at java.util.concurrent.CompletableFuture$AsyncSupply.run(CompletableFuture.java:1590) [?:1.8.0_212]
	at java.util.concurrent.ThreadPoolExecutor.runWorker(ThreadPoolExecutor.java:1149) [?:1.8.0_212]
	at java.util.concurrent.ThreadPoolExecutor$Worker.run(ThreadPoolExecutor.java:624) [?:1.8.0_212]
	at java.lang.Thread.run(Thread.java:748) [?:1.8.0_212]
2019-10-02 11:51:31,120 [pool-26-thread-3] ERROR ratis.ContainerStateMachine (ContainerStateMachine.java:lambda$handleWriteChunk$2(470)) - group-7107B43B53B1: writeChunk writeStateMachineData failed: blockIdcontainerID: 5
localID: 102892640073416725
blockCommitSequenceId: 0
 logIndex 1 chunkName 102892640073416725_chunk_1 Error message: data array does not match the length specified. DataLen: 512 Byte Array: 669 Container Result: INVALID_WRITE_SIZE
2019-10-02 11:51:31,120 [EventQueue-IncrementalContainerReportForIncrementalContainerReportHandler] WARN  container.IncrementalContainerReportHandler (AbstractContainerReportHandler.java:updateContainerState(143)) - Container #5 is in OPEN state, but the datanode 1ca4baa7-f680-41b4-89de-2f540dbcf4ba{ip: 192.168.5.178, host: pr-trunk-8bg6x-723665176, networkLocation: /default-rack, certSerialId: null} reports an UNHEALTHY replica.
2019-10-02 11:51:31,123 [EventQueue-CloseContainerForCloseContainerEventHandler] INFO  container.CloseContainerEventHandler (CloseContainerEventHandler.java:onMessage(61)) - Close container Event triggered for container : #5
2019-10-02 11:51:31,123 [1ca4baa7-f680-41b4-89de-2f540dbcf4ba@group-7107B43B53B1-SegmentedRaftLogWorker] ERROR ratis.XceiverServerRatis (XceiverServerRatis.java:triggerPipelineClose(581)) - pipeline Action CLOSE  on pipeline PipelineID=a4a858e7-e09b-4396-924d-7107b43b53b1.Reason : data array does not match the length specified. DataLen: 512 Byte Array: 669
2019-10-02 11:51:31,124 [1ca4baa7-f680-41b4-89de-2f540dbcf4ba@group-7107B43B53B1-SegmentedRaftLogWorker] ERROR ratis.XceiverServerRatis (XceiverServerRatis.java:triggerPipelineClose(581)) - pipeline Action CLOSE  on pipeline PipelineID=a4a858e7-e09b-4396-924d-7107b43b53b1.Reason : Log already failed at index 1 for task WriteLog:1: (t:1, i:1), STATEMACHINELOGENTRY, client-27626141410D, cid=30
2019-10-02 11:51:31,125 [EventQueue-PipelineActionsForPipelineActionHandler] ERROR pipeline.PipelineActionHandler (PipelineActionHandler.java:onMessage(60)) - Received pipeline action CLOSE for Pipeline[ Id: a4a858e7-e09b-4396-924d-7107b43b53b1, Nodes: 979ebbe2-24f7-4b6a-a09f-a9b9f259a4b6{ip: 192.168.5.178, host: pr-trunk-8bg6x-723665176, networkLocation: /default-rack, certSerialId: null}1ca4baa7-f680-41b4-89de-2f540dbcf4ba{ip: 192.168.5.178, host: pr-trunk-8bg6x-723665176, networkLocation: /default-rack, certSerialId: null}6d4ecf29-9ffc-4c39-8dd8-fe3351ab43e9{ip: 192.168.5.178, host: pr-trunk-8bg6x-723665176, networkLocation: /default-rack, certSerialId: null}, Type:RATIS, Factor:THREE, State:OPEN] from datanode 1ca4baa7-f680-41b4-89de-2f540dbcf4ba{ip: 192.168.5.178, host: pr-trunk-8bg6x-723665176, networkLocation: /default-rack, certSerialId: null}. Reason : data array does not match the length specified. DataLen: 512 Byte Array: 669
2019-10-02 11:51:31,125 [EventQueue-PipelineActionsForPipelineActionHandler] INFO  pipeline.SCMPipelineManager (SCMPipelineManager.java:finalizeAndDestroyPipeline(315)) - destroying pipeline:Pipeline[ Id: a4a858e7-e09b-4396-924d-7107b43b53b1, Nodes: 979ebbe2-24f7-4b6a-a09f-a9b9f259a4b6{ip: 192.168.5.178, host: pr-trunk-8bg6x-723665176, networkLocation: /default-rack, certSerialId: null}1ca4baa7-f680-41b4-89de-2f540dbcf4ba{ip: 192.168.5.178, host: pr-trunk-8bg6x-723665176, networkLocation: /default-rack, certSerialId: null}6d4ecf29-9ffc-4c39-8dd8-fe3351ab43e9{ip: 192.168.5.178, host: pr-trunk-8bg6x-723665176, networkLocation: /default-rack, certSerialId: null}, Type:RATIS, Factor:THREE, State:OPEN]
2019-10-02 11:51:31,125 [EventQueue-PipelineActionsForPipelineActionHandler] INFO  pipeline.PipelineStateManager (PipelineStateManager.java:finalizePipeline(123)) - Pipeline Pipeline[ Id: a4a858e7-e09b-4396-924d-7107b43b53b1, Nodes: 979ebbe2-24f7-4b6a-a09f-a9b9f259a4b6{ip: 192.168.5.178, host: pr-trunk-8bg6x-723665176, networkLocation: /default-rack, certSerialId: null}1ca4baa7-f680-41b4-89de-2f540dbcf4ba{ip: 192.168.5.178, host: pr-trunk-8bg6x-723665176, networkLocation: /default-rack, certSerialId: null}6d4ecf29-9ffc-4c39-8dd8-fe3351ab43e9{ip: 192.168.5.178, host: pr-trunk-8bg6x-723665176, networkLocation: /default-rack, certSerialId: null}, Type:RATIS, Factor:THREE, State:CLOSED] moved to CLOSED state
2019-10-02 11:51:31,131 [EventQueue-PipelineActionsForPipelineActionHandler] ERROR pipeline.PipelineActionHandler (PipelineActionHandler.java:onMessage(60)) - Received pipeline action CLOSE for Pipeline[ Id: a4a858e7-e09b-4396-924d-7107b43b53b1, Nodes: 979ebbe2-24f7-4b6a-a09f-a9b9f259a4b6{ip: 192.168.5.178, host: pr-trunk-8bg6x-723665176, networkLocation: /default-rack, certSerialId: null}1ca4baa7-f680-41b4-89de-2f540dbcf4ba{ip: 192.168.5.178, host: pr-trunk-8bg6x-723665176, networkLocation: /default-rack, certSerialId: null}6d4ecf29-9ffc-4c39-8dd8-fe3351ab43e9{ip: 192.168.5.178, host: pr-trunk-8bg6x-723665176, networkLocation: /default-rack, certSerialId: null}, Type:RATIS, Factor:THREE, State:CLOSED] from datanode 1ca4baa7-f680-41b4-89de-2f540dbcf4ba{ip: 192.168.5.178, host: pr-trunk-8bg6x-723665176, networkLocation: /default-rack, certSerialId: null}. Reason : Log already failed at index 1 for task WriteLog:1: (t:1, i:1), STATEMACHINELOGENTRY, client-27626141410D, cid=30
2019-10-02 11:51:31,131 [EventQueue-PipelineActionsForPipelineActionHandler] INFO  pipeline.SCMPipelineManager (SCMPipelineManager.java:finalizeAndDestroyPipeline(315)) - destroying pipeline:Pipeline[ Id: a4a858e7-e09b-4396-924d-7107b43b53b1, Nodes: 979ebbe2-24f7-4b6a-a09f-a9b9f259a4b6{ip: 192.168.5.178, host: pr-trunk-8bg6x-723665176, networkLocation: /default-rack, certSerialId: null}1ca4baa7-f680-41b4-89de-2f540dbcf4ba{ip: 192.168.5.178, host: pr-trunk-8bg6x-723665176, networkLocation: /default-rack, certSerialId: null}6d4ecf29-9ffc-4c39-8dd8-fe3351ab43e9{ip: 192.168.5.178, host: pr-trunk-8bg6x-723665176, networkLocation: /default-rack, certSerialId: null}, Type:RATIS, Factor:THREE, State:CLOSED]
2019-10-02 11:51:34,008 [java.util.concurrent.ThreadPoolExecutor$Worker@5b6e36cd[State = -1, empty queue]] ERROR client.GrpcClientProtocolClient (GrpcClientProtocolClient.java:close(148)) - Unexpected exception while waiting for channel termination
java.lang.InterruptedException
	at java.util.concurrent.locks.AbstractQueuedSynchronizer.tryAcquireSharedNanos(AbstractQueuedSynchronizer.java:1326)
	at java.util.concurrent.CountDownLatch.await(CountDownLatch.java:277)
	at org.apache.ratis.thirdparty.io.grpc.internal.ManagedChannelImpl.awaitTermination(ManagedChannelImpl.java:763)
	at org.apache.ratis.thirdparty.io.grpc.internal.ForwardingManagedChannel.awaitTermination(ForwardingManagedChannel.java:57)
	at org.apache.ratis.thirdparty.io.grpc.internal.ManagedChannelOrphanWrapper.awaitTermination(ManagedChannelOrphanWrapper.java:70)
	at org.apache.ratis.grpc.client.GrpcClientProtocolClient.close(GrpcClientProtocolClient.java:146)
	at org.apache.ratis.util.PeerProxyMap$PeerAndProxy.lambda$close$1(PeerProxyMap.java:74)
	at org.apache.ratis.util.LifeCycle.lambda$checkStateAndClose$2(LifeCycle.java:231)
	at org.apache.ratis.util.LifeCycle.checkStateAndClose(LifeCycle.java:251)
	at org.apache.ratis.util.LifeCycle.checkStateAndClose(LifeCycle.java:229)
	at org.apache.ratis.util.PeerProxyMap$PeerAndProxy.close(PeerProxyMap.java:70)
	at org.apache.ratis.util.PeerProxyMap.resetProxy(PeerProxyMap.java:127)
	at org.apache.ratis.util.PeerProxyMap.handleException(PeerProxyMap.java:136)
	at org.apache.ratis.client.impl.RaftClientRpcWithProxy.handleException(RaftClientRpcWithProxy.java:47)
	at org.apache.ratis.client.impl.RaftClientImpl.handleIOException(RaftClientImpl.java:372)
	at org.apache.ratis.client.impl.OrderedAsync.lambda$sendRequest$10(OrderedAsync.java:236)
	at java.util.concurrent.CompletableFuture.uniExceptionally(CompletableFuture.java:870)
	at java.util.concurrent.CompletableFuture$UniExceptionally.tryFire(CompletableFuture.java:852)
	at java.util.concurrent.CompletableFuture.postComplete(CompletableFuture.java:474)
	at java.util.concurrent.CompletableFuture.completeExceptionally(CompletableFuture.java:1977)
	at org.apache.ratis.grpc.client.GrpcClientProtocolClient$AsyncStreamObservers.lambda$timeoutCheck$3(GrpcClientProtocolClient.java:324)
	at java.util.Optional.ifPresent(Optional.java:159)
	at org.apache.ratis.grpc.client.GrpcClientProtocolClient$AsyncStreamObservers.handleReplyFuture(GrpcClientProtocolClient.java:329)
	at org.apache.ratis.grpc.client.GrpcClientProtocolClient$AsyncStreamObservers.timeoutCheck(GrpcClientProtocolClient.java:324)
	at org.apache.ratis.grpc.client.GrpcClientProtocolClient$AsyncStreamObservers.lambda$onNext$1(GrpcClientProtocolClient.java:318)
	at org.apache.ratis.util.TimeoutScheduler.lambda$onTimeout$0(TimeoutScheduler.java:113)
	at org.apache.ratis.util.TimeoutScheduler.lambda$onTimeout$1(TimeoutScheduler.java:133)
	at org.apache.ratis.util.LogUtils.runAndLog(LogUtils.java:50)
	at org.apache.ratis.util.LogUtils$1.run(LogUtils.java:91)
	at java.util.concurrent.Executors$RunnableAdapter.call(Executors.java:511)
	at java.util.concurrent.FutureTask.run(FutureTask.java:266)
	at java.util.concurrent.ScheduledThreadPoolExecutor$ScheduledFutureTask.access$201(ScheduledThreadPoolExecutor.java:180)
	at java.util.concurrent.ScheduledThreadPoolExecutor$ScheduledFutureTask.run(ScheduledThreadPoolExecutor.java:293)
	at java.util.concurrent.ThreadPoolExecutor.runWorker(ThreadPoolExecutor.java:1149)
	at java.util.concurrent.ThreadPoolExecutor$Worker.run(ThreadPoolExecutor.java:624)
	at java.lang.Thread.run(Thread.java:748)
2019-10-02 11:51:34,013 [java.util.concurrent.ThreadPoolExecutor$Worker@5b6e36cd[State = -1, empty queue]] WARN  util.TimeoutScheduler (LogUtils.java:runAndLog(55)) - Failed to task #0: java.lang.NullPointerException
2019-10-02 11:51:38,068 [java.util.concurrent.ThreadPoolExecutor$Worker@3f0f167a[State = -1, empty queue]] ERROR client.GrpcClientProtocolClient (GrpcClientProtocolClient.java:close(148)) - Unexpected exception while waiting for channel termination
java.lang.InterruptedException
	at java.util.concurrent.locks.AbstractQueuedSynchronizer.tryAcquireSharedNanos(AbstractQueuedSynchronizer.java:1326)
	at java.util.concurrent.CountDownLatch.await(CountDownLatch.java:277)
	at org.apache.ratis.thirdparty.io.grpc.internal.ManagedChannelImpl.awaitTermination(ManagedChannelImpl.java:763)
	at org.apache.ratis.thirdparty.io.grpc.internal.ForwardingManagedChannel.awaitTermination(ForwardingManagedChannel.java:57)
	at org.apache.ratis.thirdparty.io.grpc.internal.ManagedChannelOrphanWrapper.awaitTermination(ManagedChannelOrphanWrapper.java:70)
	at org.apache.ratis.grpc.client.GrpcClientProtocolClient.close(GrpcClientProtocolClient.java:146)
	at org.apache.ratis.util.PeerProxyMap$PeerAndProxy.lambda$close$1(PeerProxyMap.java:74)
	at org.apache.ratis.util.LifeCycle.lambda$checkStateAndClose$2(LifeCycle.java:231)
	at org.apache.ratis.util.LifeCycle.checkStateAndClose(LifeCycle.java:251)
	at org.apache.ratis.util.LifeCycle.checkStateAndClose(LifeCycle.java:229)
	at org.apache.ratis.util.PeerProxyMap$PeerAndProxy.close(PeerProxyMap.java:70)
	at org.apache.ratis.util.PeerProxyMap.resetProxy(PeerProxyMap.java:127)
	at org.apache.ratis.util.PeerProxyMap.handleException(PeerProxyMap.java:136)
	at org.apache.ratis.client.impl.RaftClientRpcWithProxy.handleException(RaftClientRpcWithProxy.java:47)
	at org.apache.ratis.client.impl.RaftClientImpl.handleIOException(RaftClientImpl.java:372)
	at org.apache.ratis.client.impl.OrderedAsync.lambda$sendRequest$10(OrderedAsync.java:236)
	at java.util.concurrent.CompletableFuture.uniExceptionally(CompletableFuture.java:870)
	at java.util.concurrent.CompletableFuture$UniExceptionally.tryFire(CompletableFuture.java:852)
	at java.util.concurrent.CompletableFuture.postComplete(CompletableFuture.java:474)
	at java.util.concurrent.CompletableFuture.completeExceptionally(CompletableFuture.java:1977)
	at org.apache.ratis.grpc.client.GrpcClientProtocolClient$AsyncStreamObservers.lambda$timeoutCheck$3(GrpcClientProtocolClient.java:324)
	at java.util.Optional.ifPresent(Optional.java:159)
	at org.apache.ratis.grpc.client.GrpcClientProtocolClient$AsyncStreamObservers.handleReplyFuture(GrpcClientProtocolClient.java:329)
	at org.apache.ratis.grpc.client.GrpcClientProtocolClient$AsyncStreamObservers.timeoutCheck(GrpcClientProtocolClient.java:324)
	at org.apache.ratis.grpc.client.GrpcClientProtocolClient$AsyncStreamObservers.lambda$onNext$1(GrpcClientProtocolClient.java:318)
	at org.apache.ratis.util.TimeoutScheduler.lambda$onTimeout$0(TimeoutScheduler.java:113)
	at org.apache.ratis.util.TimeoutScheduler.lambda$onTimeout$1(TimeoutScheduler.java:133)
	at org.apache.ratis.util.LogUtils.runAndLog(LogUtils.java:50)
	at org.apache.ratis.util.LogUtils$1.run(LogUtils.java:91)
	at java.util.concurrent.Executors$RunnableAdapter.call(Executors.java:511)
	at java.util.concurrent.FutureTask.run(FutureTask.java:266)
	at java.util.concurrent.ScheduledThreadPoolExecutor$ScheduledFutureTask.access$201(ScheduledThreadPoolExecutor.java:180)
	at java.util.concurrent.ScheduledThreadPoolExecutor$ScheduledFutureTask.run(ScheduledThreadPoolExecutor.java:293)
	at java.util.concurrent.ThreadPoolExecutor.runWorker(ThreadPoolExecutor.java:1149)
	at java.util.concurrent.ThreadPoolExecutor$Worker.run(ThreadPoolExecutor.java:624)
	at java.lang.Thread.run(Thread.java:748)
2019-10-02 11:51:38,075 [java.util.concurrent.ThreadPoolExecutor$Worker@3f0f167a[State = -1, empty queue]] WARN  util.TimeoutScheduler (LogUtils.java:runAndLog(55)) - Failed to task #0: java.lang.NullPointerException
2019-10-02 11:51:42,116 [java.util.concurrent.ThreadPoolExecutor$Worker@246d178a[State = -1, empty queue]] ERROR client.GrpcClientProtocolClient (GrpcClientProtocolClient.java:close(148)) - Unexpected exception while waiting for channel termination
java.lang.InterruptedException
	at java.util.concurrent.locks.AbstractQueuedSynchronizer.tryAcquireSharedNanos(AbstractQueuedSynchronizer.java:1326)
	at java.util.concurrent.CountDownLatch.await(CountDownLatch.java:277)
	at org.apache.ratis.thirdparty.io.grpc.internal.ManagedChannelImpl.awaitTermination(ManagedChannelImpl.java:763)
	at org.apache.ratis.thirdparty.io.grpc.internal.ForwardingManagedChannel.awaitTermination(ForwardingManagedChannel.java:57)
	at org.apache.ratis.thirdparty.io.grpc.internal.ManagedChannelOrphanWrapper.awaitTermination(ManagedChannelOrphanWrapper.java:70)
	at org.apache.ratis.grpc.client.GrpcClientProtocolClient.close(GrpcClientProtocolClient.java:146)
	at org.apache.ratis.util.PeerProxyMap$PeerAndProxy.lambda$close$1(PeerProxyMap.java:74)
	at org.apache.ratis.util.LifeCycle.lambda$checkStateAndClose$2(LifeCycle.java:231)
	at org.apache.ratis.util.LifeCycle.checkStateAndClose(LifeCycle.java:251)
	at org.apache.ratis.util.LifeCycle.checkStateAndClose(LifeCycle.java:229)
	at org.apache.ratis.util.PeerProxyMap$PeerAndProxy.close(PeerProxyMap.java:70)
	at org.apache.ratis.util.PeerProxyMap.resetProxy(PeerProxyMap.java:127)
	at org.apache.ratis.util.PeerProxyMap.handleException(PeerProxyMap.java:136)
	at org.apache.ratis.client.impl.RaftClientRpcWithProxy.handleException(RaftClientRpcWithProxy.java:47)
	at org.apache.ratis.client.impl.RaftClientImpl.handleIOException(RaftClientImpl.java:372)
	at org.apache.ratis.client.impl.OrderedAsync.lambda$sendRequest$10(OrderedAsync.java:236)
	at java.util.concurrent.CompletableFuture.uniExceptionally(CompletableFuture.java:870)
	at java.util.concurrent.CompletableFuture$UniExceptionally.tryFire(CompletableFuture.java:852)
	at java.util.concurrent.CompletableFuture.postComplete(CompletableFuture.java:474)
	at java.util.concurrent.CompletableFuture.completeExceptionally(CompletableFuture.java:1977)
	at org.apache.ratis.grpc.client.GrpcClientProtocolClient$AsyncStreamObservers.lambda$timeoutCheck$3(GrpcClientProtocolClient.java:324)
	at java.util.Optional.ifPresent(Optional.java:159)
	at org.apache.ratis.grpc.client.GrpcClientProtocolClient$AsyncStreamObservers.handleReplyFuture(GrpcClientProtocolClient.java:329)
	at org.apache.ratis.grpc.client.GrpcClientProtocolClient$AsyncStreamObservers.timeoutCheck(GrpcClientProtocolClient.java:324)
	at org.apache.ratis.grpc.client.GrpcClientProtocolClient$AsyncStreamObservers.lambda$onNext$1(GrpcClientProtocolClient.java:318)
	at org.apache.ratis.util.TimeoutScheduler.lambda$onTimeout$0(TimeoutScheduler.java:113)
	at org.apache.ratis.util.TimeoutScheduler.lambda$onTimeout$1(TimeoutScheduler.java:133)
	at org.apache.ratis.util.LogUtils.runAndLog(LogUtils.java:50)
	at org.apache.ratis.util.LogUtils$1.run(LogUtils.java:91)
	at java.util.concurrent.Executors$RunnableAdapter.call(Executors.java:511)
	at java.util.concurrent.FutureTask.run(FutureTask.java:266)
	at java.util.concurrent.ScheduledThreadPoolExecutor$ScheduledFutureTask.access$201(ScheduledThreadPoolExecutor.java:180)
	at java.util.concurrent.ScheduledThreadPoolExecutor$ScheduledFutureTask.run(ScheduledThreadPoolExecutor.java:293)
	at java.util.concurrent.ThreadPoolExecutor.runWorker(ThreadPoolExecutor.java:1149)
	at java.util.concurrent.ThreadPoolExecutor$Worker.run(ThreadPoolExecutor.java:624)
	at java.lang.Thread.run(Thread.java:748)
2019-10-02 11:51:42,120 [java.util.concurrent.ThreadPoolExecutor$Worker@246d178a[State = -1, empty queue]] WARN  util.TimeoutScheduler (LogUtils.java:runAndLog(55)) - Failed to task #0: java.lang.NullPointerException
2019-10-02 11:51:46,157 [java.util.concurrent.ThreadPoolExecutor$Worker@21e40472[State = -1, empty queue]] ERROR client.GrpcClientProtocolClient (GrpcClientProtocolClient.java:close(148)) - Unexpected exception while waiting for channel termination
java.lang.InterruptedException
	at java.util.concurrent.locks.AbstractQueuedSynchronizer.tryAcquireSharedNanos(AbstractQueuedSynchronizer.java:1326)
	at java.util.concurrent.CountDownLatch.await(CountDownLatch.java:277)
	at org.apache.ratis.thirdparty.io.grpc.internal.ManagedChannelImpl.awaitTermination(ManagedChannelImpl.java:763)
	at org.apache.ratis.thirdparty.io.grpc.internal.ForwardingManagedChannel.awaitTermination(ForwardingManagedChannel.java:57)
	at org.apache.ratis.thirdparty.io.grpc.internal.ManagedChannelOrphanWrapper.awaitTermination(ManagedChannelOrphanWrapper.java:70)
	at org.apache.ratis.grpc.client.GrpcClientProtocolClient.close(GrpcClientProtocolClient.java:146)
	at org.apache.ratis.util.PeerProxyMap$PeerAndProxy.lambda$close$1(PeerProxyMap.java:74)
	at org.apache.ratis.util.LifeCycle.lambda$checkStateAndClose$2(LifeCycle.java:231)
	at org.apache.ratis.util.LifeCycle.checkStateAndClose(LifeCycle.java:251)
	at org.apache.ratis.util.LifeCycle.checkStateAndClose(LifeCycle.java:229)
	at org.apache.ratis.util.PeerProxyMap$PeerAndProxy.close(PeerProxyMap.java:70)
	at org.apache.ratis.util.PeerProxyMap.resetProxy(PeerProxyMap.java:127)
	at org.apache.ratis.util.PeerProxyMap.handleException(PeerProxyMap.java:136)
	at org.apache.ratis.client.impl.RaftClientRpcWithProxy.handleException(RaftClientRpcWithProxy.java:47)
	at org.apache.ratis.client.impl.RaftClientImpl.handleIOException(RaftClientImpl.java:372)
	at org.apache.ratis.client.impl.OrderedAsync.lambda$sendRequest$10(OrderedAsync.java:236)
	at java.util.concurrent.CompletableFuture.uniExceptionally(CompletableFuture.java:870)
	at java.util.concurrent.CompletableFuture$UniExceptionally.tryFire(CompletableFuture.java:852)
	at java.util.concurrent.CompletableFuture.postComplete(CompletableFuture.java:474)
	at java.util.concurrent.CompletableFuture.completeExceptionally(CompletableFuture.java:1977)
	at org.apache.ratis.grpc.client.GrpcClientProtocolClient$AsyncStreamObservers.lambda$timeoutCheck$3(GrpcClientProtocolClient.java:324)
	at java.util.Optional.ifPresent(Optional.java:159)
	at org.apache.ratis.grpc.client.GrpcClientProtocolClient$AsyncStreamObservers.handleReplyFuture(GrpcClientProtocolClient.java:329)
	at org.apache.ratis.grpc.client.GrpcClientProtocolClient$AsyncStreamObservers.timeoutCheck(GrpcClientProtocolClient.java:324)
	at org.apache.ratis.grpc.client.GrpcClientProtocolClient$AsyncStreamObservers.lambda$onNext$1(GrpcClientProtocolClient.java:318)
	at org.apache.ratis.util.TimeoutScheduler.lambda$onTimeout$0(TimeoutScheduler.java:113)
	at org.apache.ratis.util.TimeoutScheduler.lambda$onTimeout$1(TimeoutScheduler.java:133)
	at org.apache.ratis.util.LogUtils.runAndLog(LogUtils.java:50)
	at org.apache.ratis.util.LogUtils$1.run(LogUtils.java:91)
	at java.util.concurrent.Executors$RunnableAdapter.call(Executors.java:511)
	at java.util.concurrent.FutureTask.run(FutureTask.java:266)
	at java.util.concurrent.ScheduledThreadPoolExecutor$ScheduledFutureTask.access$201(ScheduledThreadPoolExecutor.java:180)
	at java.util.concurrent.ScheduledThreadPoolExecutor$ScheduledFutureTask.run(ScheduledThreadPoolExecutor.java:293)
	at java.util.concurrent.ThreadPoolExecutor.runWorker(ThreadPoolExecutor.java:1149)
	at java.util.concurrent.ThreadPoolExecutor$Worker.run(ThreadPoolExecutor.java:624)
	at java.lang.Thread.run(Thread.java:748)
2019-10-02 11:51:46,160 [java.util.concurrent.ThreadPoolExecutor$Worker@21e40472[State = -1, empty queue]] WARN  util.TimeoutScheduler (LogUtils.java:runAndLog(55)) - Failed to task #0: java.lang.NullPointerException
2019-10-02 11:51:50,187 [java.util.concurrent.ThreadPoolExecutor$Worker@6993a06[State = -1, empty queue]] ERROR client.GrpcClientProtocolClient (GrpcClientProtocolClient.java:close(148)) - Unexpected exception while waiting for channel termination
java.lang.InterruptedException
	at java.util.concurrent.locks.AbstractQueuedSynchronizer.tryAcquireSharedNanos(AbstractQueuedSynchronizer.java:1326)
	at java.util.concurrent.CountDownLatch.await(CountDownLatch.java:277)
	at org.apache.ratis.thirdparty.io.grpc.internal.ManagedChannelImpl.awaitTermination(ManagedChannelImpl.java:763)
	at org.apache.ratis.thirdparty.io.grpc.internal.ForwardingManagedChannel.awaitTermination(ForwardingManagedChannel.java:57)
	at org.apache.ratis.thirdparty.io.grpc.internal.ManagedChannelOrphanWrapper.awaitTermination(ManagedChannelOrphanWrapper.java:70)
	at org.apache.ratis.grpc.client.GrpcClientProtocolClient.close(GrpcClientProtocolClient.java:146)
	at org.apache.ratis.util.PeerProxyMap$PeerAndProxy.lambda$close$1(PeerProxyMap.java:74)
	at org.apache.ratis.util.LifeCycle.lambda$checkStateAndClose$2(LifeCycle.java:231)
	at org.apache.ratis.util.LifeCycle.checkStateAndClose(LifeCycle.java:251)
	at org.apache.ratis.util.LifeCycle.checkStateAndClose(LifeCycle.java:229)
	at org.apache.ratis.util.PeerProxyMap$PeerAndProxy.close(PeerProxyMap.java:70)
	at org.apache.ratis.util.PeerProxyMap.resetProxy(PeerProxyMap.java:127)
	at org.apache.ratis.util.PeerProxyMap.handleException(PeerProxyMap.java:136)
	at org.apache.ratis.client.impl.RaftClientRpcWithProxy.handleException(RaftClientRpcWithProxy.java:47)
	at org.apache.ratis.client.impl.RaftClientImpl.handleIOException(RaftClientImpl.java:372)
	at org.apache.ratis.client.impl.OrderedAsync.lambda$sendRequest$10(OrderedAsync.java:236)
	at java.util.concurrent.CompletableFuture.uniExceptionally(CompletableFuture.java:870)
	at java.util.concurrent.CompletableFuture$UniExceptionally.tryFire(CompletableFuture.java:852)
	at java.util.concurrent.CompletableFuture.postComplete(CompletableFuture.java:474)
	at java.util.concurrent.CompletableFuture.completeExceptionally(CompletableFuture.java:1977)
	at org.apache.ratis.grpc.client.GrpcClientProtocolClient$AsyncStreamObservers.lambda$timeoutCheck$3(GrpcClientProtocolClient.java:324)
	at java.util.Optional.ifPresent(Optional.java:159)
	at org.apache.ratis.grpc.client.GrpcClientProtocolClient$AsyncStreamObservers.handleReplyFuture(GrpcClientProtocolClient.java:329)
	at org.apache.ratis.grpc.client.GrpcClientProtocolClient$AsyncStreamObservers.timeoutCheck(GrpcClientProtocolClient.java:324)
	at org.apache.ratis.grpc.client.GrpcClientProtocolClient$AsyncStreamObservers.lambda$onNext$1(GrpcClientProtocolClient.java:318)
	at org.apache.ratis.util.TimeoutScheduler.lambda$onTimeout$0(TimeoutScheduler.java:113)
	at org.apache.ratis.util.TimeoutScheduler.lambda$onTimeout$1(TimeoutScheduler.java:133)
	at org.apache.ratis.util.LogUtils.runAndLog(LogUtils.java:50)
	at org.apache.ratis.util.LogUtils$1.run(LogUtils.java:91)
	at java.util.concurrent.Executors$RunnableAdapter.call(Executors.java:511)
	at java.util.concurrent.FutureTask.run(FutureTask.java:266)
	at java.util.concurrent.ScheduledThreadPoolExecutor$ScheduledFutureTask.access$201(ScheduledThreadPoolExecutor.java:180)
	at java.util.concurrent.ScheduledThreadPoolExecutor$ScheduledFutureTask.run(ScheduledThreadPoolExecutor.java:293)
	at java.util.concurrent.ThreadPoolExecutor.runWorker(ThreadPoolExecutor.java:1149)
	at java.util.concurrent.ThreadPoolExecutor$Worker.run(ThreadPoolExecutor.java:624)
	at java.lang.Thread.run(Thread.java:748)
2019-10-02 11:51:50,189 [java.util.concurrent.ThreadPoolExecutor$Worker@6993a06[State = -1, empty queue]] WARN  util.TimeoutScheduler (LogUtils.java:runAndLog(55)) - Failed to task #0: java.lang.NullPointerException
2019-10-02 11:51:54,211 [java.util.concurrent.ThreadPoolExecutor$Worker@291abfa1[State = -1, empty queue]] ERROR client.GrpcClientProtocolClient (GrpcClientProtocolClient.java:close(148)) - Unexpected exception while waiting for channel termination
java.lang.InterruptedException
	at java.util.concurrent.locks.AbstractQueuedSynchronizer.tryAcquireSharedNanos(AbstractQueuedSynchronizer.java:1326)
	at java.util.concurrent.CountDownLatch.await(CountDownLatch.java:277)
	at org.apache.ratis.thirdparty.io.grpc.internal.ManagedChannelImpl.awaitTermination(ManagedChannelImpl.java:763)
	at org.apache.ratis.thirdparty.io.grpc.internal.ForwardingManagedChannel.awaitTermination(ForwardingManagedChannel.java:57)
	at org.apache.ratis.thirdparty.io.grpc.internal.ManagedChannelOrphanWrapper.awaitTermination(ManagedChannelOrphanWrapper.java:70)
	at org.apache.ratis.grpc.client.GrpcClientProtocolClient.close(GrpcClientProtocolClient.java:146)
	at org.apache.ratis.util.PeerProxyMap$PeerAndProxy.lambda$close$1(PeerProxyMap.java:74)
	at org.apache.ratis.util.LifeCycle.lambda$checkStateAndClose$2(LifeCycle.java:231)
	at org.apache.ratis.util.LifeCycle.checkStateAndClose(LifeCycle.java:251)
	at org.apache.ratis.util.LifeCycle.checkStateAndClose(LifeCycle.java:229)
	at org.apache.ratis.util.PeerProxyMap$PeerAndProxy.close(PeerProxyMap.java:70)
	at org.apache.ratis.util.PeerProxyMap.resetProxy(PeerProxyMap.java:127)
	at org.apache.ratis.util.PeerProxyMap.handleException(PeerProxyMap.java:136)
	at org.apache.ratis.client.impl.RaftClientRpcWithProxy.handleException(RaftClientRpcWithProxy.java:47)
	at org.apache.ratis.client.impl.RaftClientImpl.handleIOException(RaftClientImpl.java:372)
	at org.apache.ratis.client.impl.OrderedAsync.lambda$sendRequest$10(OrderedAsync.java:236)
	at java.util.concurrent.CompletableFuture.uniExceptionally(CompletableFuture.java:870)
	at java.util.concurrent.CompletableFuture$UniExceptionally.tryFire(CompletableFuture.java:852)
	at java.util.concurrent.CompletableFuture.postComplete(CompletableFuture.java:474)
	at java.util.concurrent.CompletableFuture.completeExceptionally(CompletableFuture.java:1977)
	at org.apache.ratis.grpc.client.GrpcClientProtocolClient$AsyncStreamObservers.lambda$timeoutCheck$3(GrpcClientProtocolClient.java:324)
	at java.util.Optional.ifPresent(Optional.java:159)
	at org.apache.ratis.grpc.client.GrpcClientProtocolClient$AsyncStreamObservers.handleReplyFuture(GrpcClientProtocolClient.java:329)
	at org.apache.ratis.grpc.client.GrpcClientProtocolClient$AsyncStreamObservers.timeoutCheck(GrpcClientProtocolClient.java:324)
	at org.apache.ratis.grpc.client.GrpcClientProtocolClient$AsyncStreamObservers.lambda$onNext$1(GrpcClientProtocolClient.java:318)
	at org.apache.ratis.util.TimeoutScheduler.lambda$onTimeout$0(TimeoutScheduler.java:113)
	at org.apache.ratis.util.TimeoutScheduler.lambda$onTimeout$1(TimeoutScheduler.java:133)
	at org.apache.ratis.util.LogUtils.runAndLog(LogUtils.java:50)
	at org.apache.ratis.util.LogUtils$1.run(LogUtils.java:91)
	at java.util.concurrent.Executors$RunnableAdapter.call(Executors.java:511)
	at java.util.concurrent.FutureTask.run(FutureTask.java:266)
	at java.util.concurrent.ScheduledThreadPoolExecutor$ScheduledFutureTask.access$201(ScheduledThreadPoolExecutor.java:180)
	at java.util.concurrent.ScheduledThreadPoolExecutor$ScheduledFutureTask.run(ScheduledThreadPoolExecutor.java:293)
	at java.util.concurrent.ThreadPoolExecutor.runWorker(ThreadPoolExecutor.java:1149)
	at java.util.concurrent.ThreadPoolExecutor$Worker.run(ThreadPoolExecutor.java:624)
	at java.lang.Thread.run(Thread.java:748)
2019-10-02 11:51:54,212 [java.util.concurrent.ThreadPoolExecutor$Worker@291abfa1[State = -1, empty queue]] WARN  util.TimeoutScheduler (LogUtils.java:runAndLog(55)) - Failed to task #0: java.lang.NullPointerException
2019-10-02 11:51:58,237 [java.util.concurrent.ThreadPoolExecutor$Worker@502067c3[State = -1, empty queue]] ERROR client.GrpcClientProtocolClient (GrpcClientProtocolClient.java:close(148)) - Unexpected exception while waiting for channel termination
java.lang.InterruptedException
	at java.util.concurrent.locks.AbstractQueuedSynchronizer.tryAcquireSharedNanos(AbstractQueuedSynchronizer.java:1326)
	at java.util.concurrent.CountDownLatch.await(CountDownLatch.java:277)
	at org.apache.ratis.thirdparty.io.grpc.internal.ManagedChannelImpl.awaitTermination(ManagedChannelImpl.java:763)
	at org.apache.ratis.thirdparty.io.grpc.internal.ForwardingManagedChannel.awaitTermination(ForwardingManagedChannel.java:57)
	at org.apache.ratis.thirdparty.io.grpc.internal.ManagedChannelOrphanWrapper.awaitTermination(ManagedChannelOrphanWrapper.java:70)
	at org.apache.ratis.grpc.client.GrpcClientProtocolClient.close(GrpcClientProtocolClient.java:146)
	at org.apache.ratis.util.PeerProxyMap$PeerAndProxy.lambda$close$1(PeerProxyMap.java:74)
	at org.apache.ratis.util.LifeCycle.lambda$checkStateAndClose$2(LifeCycle.java:231)
	at org.apache.ratis.util.LifeCycle.checkStateAndClose(LifeCycle.java:251)
	at org.apache.ratis.util.LifeCycle.checkStateAndClose(LifeCycle.java:229)
	at org.apache.ratis.util.PeerProxyMap$PeerAndProxy.close(PeerProxyMap.java:70)
	at org.apache.ratis.util.PeerProxyMap.resetProxy(PeerProxyMap.java:127)
	at org.apache.ratis.util.PeerProxyMap.handleException(PeerProxyMap.java:136)
	at org.apache.ratis.client.impl.RaftClientRpcWithProxy.handleException(RaftClientRpcWithProxy.java:47)
	at org.apache.ratis.client.impl.RaftClientImpl.handleIOException(RaftClientImpl.java:372)
	at org.apache.ratis.client.impl.OrderedAsync.lambda$sendRequest$10(OrderedAsync.java:236)
	at java.util.concurrent.CompletableFuture.uniExceptionally(CompletableFuture.java:870)
	at java.util.concurrent.CompletableFuture$UniExceptionally.tryFire(CompletableFuture.java:852)
	at java.util.concurrent.CompletableFuture.postComplete(CompletableFuture.java:474)
	at java.util.concurrent.CompletableFuture.completeExceptionally(CompletableFuture.java:1977)
	at org.apache.ratis.grpc.client.GrpcClientProtocolClient$AsyncStreamObservers.lambda$timeoutCheck$3(GrpcClientProtocolClient.java:324)
	at java.util.Optional.ifPresent(Optional.java:159)
	at org.apache.ratis.grpc.client.GrpcClientProtocolClient$AsyncStreamObservers.handleReplyFuture(GrpcClientProtocolClient.java:329)
	at org.apache.ratis.grpc.client.GrpcClientProtocolClient$AsyncStreamObservers.timeoutCheck(GrpcClientProtocolClient.java:324)
	at org.apache.ratis.grpc.client.GrpcClientProtocolClient$AsyncStreamObservers.lambda$onNext$1(GrpcClientProtocolClient.java:318)
	at org.apache.ratis.util.TimeoutScheduler.lambda$onTimeout$0(TimeoutScheduler.java:113)
	at org.apache.ratis.util.TimeoutScheduler.lambda$onTimeout$1(TimeoutScheduler.java:133)
	at org.apache.ratis.util.LogUtils.runAndLog(LogUtils.java:50)
	at org.apache.ratis.util.LogUtils$1.run(LogUtils.java:91)
	at java.util.concurrent.Executors$RunnableAdapter.call(Executors.java:511)
	at java.util.concurrent.FutureTask.run(FutureTask.java:266)
	at java.util.concurrent.ScheduledThreadPoolExecutor$ScheduledFutureTask.access$201(ScheduledThreadPoolExecutor.java:180)
	at java.util.concurrent.ScheduledThreadPoolExecutor$ScheduledFutureTask.run(ScheduledThreadPoolExecutor.java:293)
	at java.util.concurrent.ThreadPoolExecutor.runWorker(ThreadPoolExecutor.java:1149)
	at java.util.concurrent.ThreadPoolExecutor$Worker.run(ThreadPoolExecutor.java:624)
	at java.lang.Thread.run(Thread.java:748)
2019-10-02 11:51:58,238 [java.util.concurrent.ThreadPoolExecutor$Worker@502067c3[State = -1, empty queue]] WARN  util.TimeoutScheduler (LogUtils.java:runAndLog(55)) - Failed to task #0: java.lang.NullPointerException
2019-10-02 11:52:02,269 [java.util.concurrent.ThreadPoolExecutor$Worker@35304b3b[State = -1, empty queue]] ERROR client.GrpcClientProtocolClient (GrpcClientProtocolClient.java:close(148)) - Unexpected exception while waiting for channel termination
java.lang.InterruptedException
	at java.util.concurrent.locks.AbstractQueuedSynchronizer.tryAcquireSharedNanos(AbstractQueuedSynchronizer.java:1326)
	at java.util.concurrent.CountDownLatch.await(CountDownLatch.java:277)
	at org.apache.ratis.thirdparty.io.grpc.internal.ManagedChannelImpl.awaitTermination(ManagedChannelImpl.java:763)
	at org.apache.ratis.thirdparty.io.grpc.internal.ForwardingManagedChannel.awaitTermination(ForwardingManagedChannel.java:57)
	at org.apache.ratis.thirdparty.io.grpc.internal.ManagedChannelOrphanWrapper.awaitTermination(ManagedChannelOrphanWrapper.java:70)
	at org.apache.ratis.grpc.client.GrpcClientProtocolClient.close(GrpcClientProtocolClient.java:146)
	at org.apache.ratis.util.PeerProxyMap$PeerAndProxy.lambda$close$1(PeerProxyMap.java:74)
	at org.apache.ratis.util.LifeCycle.lambda$checkStateAndClose$2(LifeCycle.java:231)
	at org.apache.ratis.util.LifeCycle.checkStateAndClose(LifeCycle.java:251)
	at org.apache.ratis.util.LifeCycle.checkStateAndClose(LifeCycle.java:229)
	at org.apache.ratis.util.PeerProxyMap$PeerAndProxy.close(PeerProxyMap.java:70)
	at org.apache.ratis.util.PeerProxyMap.resetProxy(PeerProxyMap.java:127)
	at org.apache.ratis.util.PeerProxyMap.handleException(PeerProxyMap.java:136)
	at org.apache.ratis.client.impl.RaftClientRpcWithProxy.handleException(RaftClientRpcWithProxy.java:47)
	at org.apache.ratis.client.impl.RaftClientImpl.handleIOException(RaftClientImpl.java:372)
	at org.apache.ratis.client.impl.OrderedAsync.lambda$sendRequest$10(OrderedAsync.java:236)
	at java.util.concurrent.CompletableFuture.uniExceptionally(CompletableFuture.java:870)
	at java.util.concurrent.CompletableFuture$UniExceptionally.tryFire(CompletableFuture.java:852)
	at java.util.concurrent.CompletableFuture.postComplete(CompletableFuture.java:474)
	at java.util.concurrent.CompletableFuture.completeExceptionally(CompletableFuture.java:1977)
	at org.apache.ratis.grpc.client.GrpcClientProtocolClient$AsyncStreamObservers.lambda$timeoutCheck$3(GrpcClientProtocolClient.java:324)
	at java.util.Optional.ifPresent(Optional.java:159)
	at org.apache.ratis.grpc.client.GrpcClientProtocolClient$AsyncStreamObservers.handleReplyFuture(GrpcClientProtocolClient.java:329)
	at org.apache.ratis.grpc.client.GrpcClientProtocolClient$AsyncStreamObservers.timeoutCheck(GrpcClientProtocolClient.java:324)
	at org.apache.ratis.grpc.client.GrpcClientProtocolClient$AsyncStreamObservers.lambda$onNext$1(GrpcClientProtocolClient.java:318)
	at org.apache.ratis.util.TimeoutScheduler.lambda$onTimeout$0(TimeoutScheduler.java:113)
	at org.apache.ratis.util.TimeoutScheduler.lambda$onTimeout$1(TimeoutScheduler.java:133)
	at org.apache.ratis.util.LogUtils.runAndLog(LogUtils.java:50)
	at org.apache.ratis.util.LogUtils$1.run(LogUtils.java:91)
	at java.util.concurrent.Executors$RunnableAdapter.call(Executors.java:511)
	at java.util.concurrent.FutureTask.run(FutureTask.java:266)
	at java.util.concurrent.ScheduledThreadPoolExecutor$ScheduledFutureTask.access$201(ScheduledThreadPoolExecutor.java:180)
	at java.util.concurrent.ScheduledThreadPoolExecutor$ScheduledFutureTask.run(ScheduledThreadPoolExecutor.java:293)
	at java.util.concurrent.ThreadPoolExecutor.runWorker(ThreadPoolExecutor.java:1149)
	at java.util.concurrent.ThreadPoolExecutor$Worker.run(ThreadPoolExecutor.java:624)
	at java.lang.Thread.run(Thread.java:748)
2019-10-02 11:52:02,271 [java.util.concurrent.ThreadPoolExecutor$Worker@35304b3b[State = -1, empty queue]] WARN  util.TimeoutScheduler (LogUtils.java:runAndLog(55)) - Failed to task #0: java.lang.NullPointerException
2019-10-02 11:52:03,312 [Thread-260] INFO  contract.ITestOzoneContractGetFileStatus (ITestOzoneContractGetFileStatus.java:teardown(57)) - FS details OzoneFileSystem{URI=o3fs://bucket03942.volume97957, workingDir=o3fs://bucket03942.volume97957/user/jenkins1000, userName=jenkins1000, statistics=0 bytes read, 512 bytes written, 78 read ops, 0 large read ops, 25 write ops}
]]></system-out>
    <system-err><![CDATA[Oct 02, 2019 11:50:17 AM org.apache.ratis.thirdparty.io.grpc.netty.NettyServerHandler onStreamError
WARNING: Stream Error
org.apache.ratis.thirdparty.io.netty.handler.codec.http2.Http2Exception$StreamException: Received DATA frame for an unknown stream 3
	at org.apache.ratis.thirdparty.io.netty.handler.codec.http2.Http2Exception.streamError(Http2Exception.java:129)
	at org.apache.ratis.thirdparty.io.netty.handler.codec.http2.DefaultHttp2ConnectionDecoder$FrameReadListener.shouldIgnoreHeadersOrDataFrame(DefaultHttp2ConnectionDecoder.java:531)
	at org.apache.ratis.thirdparty.io.netty.handler.codec.http2.DefaultHttp2ConnectionDecoder$FrameReadListener.onDataRead(DefaultHttp2ConnectionDecoder.java:183)
	at org.apache.ratis.thirdparty.io.netty.handler.codec.http2.Http2InboundFrameLogger$1.onDataRead(Http2InboundFrameLogger.java:48)
	at org.apache.ratis.thirdparty.io.netty.handler.codec.http2.DefaultHttp2FrameReader.readDataFrame(DefaultHttp2FrameReader.java:421)
	at org.apache.ratis.thirdparty.io.netty.handler.codec.http2.DefaultHttp2FrameReader.processPayloadState(DefaultHttp2FrameReader.java:251)
	at org.apache.ratis.thirdparty.io.netty.handler.codec.http2.DefaultHttp2FrameReader.readFrame(DefaultHttp2FrameReader.java:160)
	at org.apache.ratis.thirdparty.io.netty.handler.codec.http2.Http2InboundFrameLogger.readFrame(Http2InboundFrameLogger.java:41)
	at org.apache.ratis.thirdparty.io.netty.handler.codec.http2.DefaultHttp2ConnectionDecoder.decodeFrame(DefaultHttp2ConnectionDecoder.java:118)
	at org.apache.ratis.thirdparty.io.netty.handler.codec.http2.Http2ConnectionHandler$FrameDecoder.decode(Http2ConnectionHandler.java:390)
	at org.apache.ratis.thirdparty.io.netty.handler.codec.http2.Http2ConnectionHandler.decode(Http2ConnectionHandler.java:450)
	at org.apache.ratis.thirdparty.io.netty.handler.codec.ByteToMessageDecoder.decodeRemovalReentryProtection(ByteToMessageDecoder.java:502)
	at org.apache.ratis.thirdparty.io.netty.handler.codec.ByteToMessageDecoder.callDecode(ByteToMessageDecoder.java:441)
	at org.apache.ratis.thirdparty.io.netty.handler.codec.ByteToMessageDecoder.channelRead(ByteToMessageDecoder.java:278)
	at org.apache.ratis.thirdparty.io.netty.channel.AbstractChannelHandlerContext.invokeChannelRead(AbstractChannelHandlerContext.java:362)
	at org.apache.ratis.thirdparty.io.netty.channel.AbstractChannelHandlerContext.invokeChannelRead(AbstractChannelHandlerContext.java:348)
	at org.apache.ratis.thirdparty.io.netty.channel.AbstractChannelHandlerContext.fireChannelRead(AbstractChannelHandlerContext.java:340)
	at org.apache.ratis.thirdparty.io.netty.channel.DefaultChannelPipeline$HeadContext.channelRead(DefaultChannelPipeline.java:1434)
	at org.apache.ratis.thirdparty.io.netty.channel.AbstractChannelHandlerContext.invokeChannelRead(AbstractChannelHandlerContext.java:362)
	at org.apache.ratis.thirdparty.io.netty.channel.AbstractChannelHandlerContext.invokeChannelRead(AbstractChannelHandlerContext.java:348)
	at org.apache.ratis.thirdparty.io.netty.channel.DefaultChannelPipeline.fireChannelRead(DefaultChannelPipeline.java:965)
	at org.apache.ratis.thirdparty.io.netty.channel.nio.AbstractNioByteChannel$NioByteUnsafe.read(AbstractNioByteChannel.java:163)
	at org.apache.ratis.thirdparty.io.netty.channel.nio.NioEventLoop.processSelectedKey(NioEventLoop.java:644)
	at org.apache.ratis.thirdparty.io.netty.channel.nio.NioEventLoop.processSelectedKeysOptimized(NioEventLoop.java:579)
	at org.apache.ratis.thirdparty.io.netty.channel.nio.NioEventLoop.processSelectedKeys(NioEventLoop.java:496)
	at org.apache.ratis.thirdparty.io.netty.channel.nio.NioEventLoop.run(NioEventLoop.java:458)
	at org.apache.ratis.thirdparty.io.netty.util.concurrent.SingleThreadEventExecutor$5.run(SingleThreadEventExecutor.java:897)
	at org.apache.ratis.thirdparty.io.netty.util.concurrent.FastThreadLocalRunnable.run(FastThreadLocalRunnable.java:30)
	at java.lang.Thread.run(Thread.java:748)

]]></system-err>
  </testcase>
  <testcase name="testListStatusFile" classname="org.apache.hadoop.fs.ozone.contract.ITestOzoneContractGetFileStatus" time="0.2"/>
  <testcase name="testListStatusNoDir" classname="org.apache.hadoop.fs.ozone.contract.ITestOzoneContractGetFileStatus" time="0.111"/>
  <testcase name="testListStatusFilteredNoDir" classname="org.apache.hadoop.fs.ozone.contract.ITestOzoneContractGetFileStatus" time="0.091"/>
  <testcase name="testListFilesFileRecursive" classname="org.apache.hadoop.fs.ozone.contract.ITestOzoneContractGetFileStatus" time="0.113"/>
  <testcase name="testLocatedStatusNoDir" classname="org.apache.hadoop.fs.ozone.contract.ITestOzoneContractGetFileStatus" time="0.085"/>
  <testcase name="testGetFileStatusNonexistentFile" classname="org.apache.hadoop.fs.ozone.contract.ITestOzoneContractGetFileStatus" time="0.097"/>
</testsuite>