<?xml version="1.0" encoding="UTF-8"?>
<testsuite xmlns:xsi="http://www.w3.org/2001/XMLSchema-instance" xsi:noNamespaceSchemaLocation="https://maven.apache.org/surefire/maven-surefire-plugin/xsd/surefire-test-report.xsd" name="org.apache.hadoop.ozone.client.rpc.TestContainerReplicationEndToEnd" time="32.754" tests="1" errors="1" skipped="0" failures="0">
  <properties>
    <property name="awt.toolkit" value="sun.awt.X11.XToolkit"/>
    <property name="file.encoding.pkg" value="sun.io"/>
    <property name="java.specification.version" value="1.8"/>
    <property name="sun.cpu.isalist" value=""/>
    <property name="sun.jnu.encoding" value="UTF-8"/>
    <property name="java.class.path" value="/workdir/hadoop-ozone/integration-test/target/test-classes:/workdir/hadoop-ozone/integration-test/target/classes:/home/user/.m2/repository/org/apache/hadoop/hadoop-ozone-common/0.5.0-SNAPSHOT/hadoop-ozone-common-0.5.0-SNAPSHOT.jar:/home/user/.m2/repository/org/apache/commons/commons-compress/1.4.1/commons-compress-1.4.1.jar:/home/user/.m2/repository/org/tukaani/xz/1.0/xz-1.0.jar:/home/user/.m2/repository/org/apache/hadoop/hadoop-common/3.2.0/hadoop-common-3.2.0.jar:/home/user/.m2/repository/org/apache/hadoop/hadoop-hdfs/3.2.0/hadoop-hdfs-3.2.0.jar:/home/user/.m2/repository/org/apache/hadoop/hadoop-hdfs-client/3.2.0/hadoop-hdfs-client-3.2.0.jar:/home/user/.m2/repository/com/fasterxml/jackson/core/jackson-annotations/2.9.9/jackson-annotations-2.9.9.jar:/home/user/.m2/repository/org/apache/hadoop/hadoop-hdds-common/0.5.0-SNAPSHOT/hadoop-hdds-common-0.5.0-SNAPSHOT.jar:/home/user/.m2/repository/javax/annotation/javax.annotation-api/1.2/javax.annotation-api-1.2.jar:/home/user/.m2/repository/org/apache/ratis/ratis-server/0.4.0-78e95b9-SNAPSHOT/ratis-server-0.4.0-78e95b9-SNAPSHOT.jar:/home/user/.m2/repository/org/apache/ratis/ratis-thirdparty-misc/0.2.0/ratis-thirdparty-misc-0.2.0.jar:/home/user/.m2/repository/org/apache/ratis/ratis-proto/0.4.0-78e95b9-SNAPSHOT/ratis-proto-0.4.0-78e95b9-SNAPSHOT.jar:/home/user/.m2/repository/org/apache/ratis/ratis-common/0.4.0-78e95b9-SNAPSHOT/ratis-common-0.4.0-78e95b9-SNAPSHOT.jar:/home/user/.m2/repository/org/apache/ratis/ratis-client/0.4.0-78e95b9-SNAPSHOT/ratis-client-0.4.0-78e95b9-SNAPSHOT.jar:/home/user/.m2/repository/org/apache/ratis/ratis-metrics/0.4.0-78e95b9-SNAPSHOT/ratis-metrics-0.4.0-78e95b9-SNAPSHOT.jar:/home/user/.m2/repository/com/github/joshelser/dropwizard-metrics-hadoop-metrics2-reporter/0.1.2/dropwizard-metrics-hadoop-metrics2-reporter-0.1.2.jar:/home/user/.m2/repository/io/dropwizard/metrics/metrics-jvm/3.2.5/metrics-jvm-3.2.5.jar:/home/user/.m2/repository/io/dropwizard/metrics/metrics-ganglia/3.2.5/metrics-ganglia-3.2.5.jar:/home/user/.m2/repository/info/ganglia/gmetric4j/gmetric4j/1.0.7/gmetric4j-1.0.7.jar:/home/user/.m2/repository/org/apache/ratis/ratis-netty/0.4.0-78e95b9-SNAPSHOT/ratis-netty-0.4.0-78e95b9-SNAPSHOT.jar:/home/user/.m2/repository/org/apache/ratis/ratis-grpc/0.4.0-78e95b9-SNAPSHOT/ratis-grpc-0.4.0-78e95b9-SNAPSHOT.jar:/home/user/.m2/repository/org/rocksdb/rocksdbjni/6.0.1/rocksdbjni-6.0.1.jar:/home/user/.m2/repository/org/apache/logging/log4j/log4j-api/2.11.0/log4j-api-2.11.0.jar:/home/user/.m2/repository/org/apache/logging/log4j/log4j-core/2.11.0/log4j-core-2.11.0.jar:/home/user/.m2/repository/com/lmax/disruptor/3.4.2/disruptor-3.4.2.jar:/home/user/.m2/repository/org/apache/commons/commons-pool2/2.6.0/commons-pool2-2.6.0.jar:/home/user/.m2/repository/org/bouncycastle/bcpkix-jdk15on/1.60/bcpkix-jdk15on-1.60.jar:/home/user/.m2/repository/commons-validator/commons-validator/1.6/commons-validator-1.6.jar:/home/user/.m2/repository/commons-digester/commons-digester/1.8.1/commons-digester-1.8.1.jar:/home/user/.m2/repository/io/jaegertracing/jaeger-client/0.33.1/jaeger-client-0.33.1.jar:/home/user/.m2/repository/io/jaegertracing/jaeger-thrift/0.33.1/jaeger-thrift-0.33.1.jar:/home/user/.m2/repository/org/apache/thrift/libthrift/0.11.0/libthrift-0.11.0.jar:/home/user/.m2/repository/com/squareup/okhttp3/okhttp/3.9.0/okhttp-3.9.0.jar:/home/user/.m2/repository/com/squareup/okio/okio/1.13.0/okio-1.13.0.jar:/home/user/.m2/repository/io/jaegertracing/jaeger-core/0.33.1/jaeger-core-0.33.1.jar:/home/user/.m2/repository/io/jaegertracing/jaeger-tracerresolver/0.33.1/jaeger-tracerresolver-0.33.1.jar:/home/user/.m2/repository/io/opentracing/contrib/opentracing-tracerresolver/0.1.5/opentracing-tracerresolver-0.1.5.jar:/home/user/.m2/repository/io/opentracing/opentracing-util/0.31.0/opentracing-util-0.31.0.jar:/home/user/.m2/repository/io/opentracing/opentracing-api/0.31.0/opentracing-api-0.31.0.jar:/home/user/.m2/repository/io/opentracing/opentracing-noop/0.31.0/opentracing-noop-0.31.0.jar:/home/user/.m2/repository/org/apache/hadoop/hadoop-hdds-server-framework/0.5.0-SNAPSHOT/hadoop-hdds-server-framework-0.5.0-SNAPSHOT.jar:/home/user/.m2/repository/org/apache/hadoop/hadoop-hdds-container-service/0.5.0-SNAPSHOT/hadoop-hdds-container-service-0.5.0-SNAPSHOT.jar:/home/user/.m2/repository/org/apache/hadoop/hadoop-hdds-client/0.5.0-SNAPSHOT/hadoop-hdds-client-0.5.0-SNAPSHOT.jar:/home/user/.m2/repository/org/apache/hadoop/hadoop-hdds-tools/0.5.0-SNAPSHOT/hadoop-hdds-tools-0.5.0-SNAPSHOT.jar:/home/user/.m2/repository/org/apache/hadoop/hadoop-hdds-server-scm/0.5.0-SNAPSHOT/hadoop-hdds-server-scm-0.5.0-SNAPSHOT.jar:/home/user/.m2/repository/org/apache/hadoop/hadoop-hdds-docs/0.5.0-SNAPSHOT/hadoop-hdds-docs-0.5.0-SNAPSHOT.jar:/home/user/.m2/repository/io/dropwizard/metrics/metrics-core/3.2.4/metrics-core-3.2.4.jar:/home/user/.m2/repository/org/hamcrest/hamcrest-all/1.3/hamcrest-all-1.3.jar:/home/user/.m2/repository/org/bouncycastle/bcprov-jdk15on/1.60/bcprov-jdk15on-1.60.jar:/home/user/.m2/repository/info/picocli/picocli/3.9.6/picocli-3.9.6.jar:/home/user/.m2/repository/com/google/protobuf/protobuf-java/2.5.0/protobuf-java-2.5.0.jar:/home/user/.m2/repository/com/google/guava/guava/11.0.2/guava-11.0.2.jar:/home/user/.m2/repository/org/apache/hadoop/hadoop-ozone-ozone-manager/0.5.0-SNAPSHOT/hadoop-ozone-ozone-manager-0.5.0-SNAPSHOT.jar:/home/user/.m2/repository/org/apache/hadoop/hadoop-minikdc/3.2.0/hadoop-minikdc-3.2.0.jar:/home/user/.m2/repository/commons-io/commons-io/2.5/commons-io-2.5.jar:/home/user/.m2/repository/org/apache/kerby/kerb-simplekdc/1.0.1/kerb-simplekdc-1.0.1.jar:/home/user/.m2/repository/org/apache/kerby/kerb-client/1.0.1/kerb-client-1.0.1.jar:/home/user/.m2/repository/org/apache/kerby/kerby-config/1.0.1/kerby-config-1.0.1.jar:/home/user/.m2/repository/org/apache/kerby/kerb-core/1.0.1/kerb-core-1.0.1.jar:/home/user/.m2/repository/org/apache/kerby/kerby-pkix/1.0.1/kerby-pkix-1.0.1.jar:/home/user/.m2/repository/org/apache/kerby/kerby-asn1/1.0.1/kerby-asn1-1.0.1.jar:/home/user/.m2/repository/org/apache/kerby/kerby-util/1.0.1/kerby-util-1.0.1.jar:/home/user/.m2/repository/org/apache/kerby/kerb-common/1.0.1/kerb-common-1.0.1.jar:/home/user/.m2/repository/org/apache/kerby/kerb-crypto/1.0.1/kerb-crypto-1.0.1.jar:/home/user/.m2/repository/org/apache/kerby/kerb-util/1.0.1/kerb-util-1.0.1.jar:/home/user/.m2/repository/org/apache/kerby/token-provider/1.0.1/token-provider-1.0.1.jar:/home/user/.m2/repository/org/apache/kerby/kerb-admin/1.0.1/kerb-admin-1.0.1.jar:/home/user/.m2/repository/org/apache/kerby/kerb-server/1.0.1/kerb-server-1.0.1.jar:/home/user/.m2/repository/org/apache/kerby/kerb-identity/1.0.1/kerb-identity-1.0.1.jar:/home/user/.m2/repository/org/apache/kerby/kerby-xdr/1.0.1/kerby-xdr-1.0.1.jar:/home/user/.m2/repository/org/slf4j/slf4j-log4j12/1.7.25/slf4j-log4j12-1.7.25.jar:/home/user/.m2/repository/org/apache/hadoop/hadoop-ozone-s3gateway/0.5.0-SNAPSHOT/hadoop-ozone-s3gateway-0.5.0-SNAPSHOT.jar:/home/user/.m2/repository/org/jboss/weld/servlet/weld-servlet/2.4.7.Final/weld-servlet-2.4.7.Final.jar:/home/user/.m2/repository/org/glassfish/jersey/containers/jersey-container-servlet-core/2.27/jersey-container-servlet-core-2.27.jar:/home/user/.m2/repository/org/glassfish/hk2/external/javax.inject/2.5.0-b42/javax.inject-2.5.0-b42.jar:/home/user/.m2/repository/org/glassfish/jersey/core/jersey-common/2.27/jersey-common-2.27.jar:/home/user/.m2/repository/org/glassfish/hk2/osgi-resource-locator/1.0.1/osgi-resource-locator-1.0.1.jar:/home/user/.m2/repository/javax/ws/rs/javax.ws.rs-api/2.1/javax.ws.rs-api-2.1.jar:/home/user/.m2/repository/org/glassfish/jersey/ext/cdi/jersey-cdi1x/2.27/jersey-cdi1x-2.27.jar:/home/user/.m2/repository/org/glassfish/jersey/inject/jersey-hk2/2.27/jersey-hk2-2.27.jar:/home/user/.m2/repository/org/glassfish/hk2/hk2-locator/2.5.0-b42/hk2-locator-2.5.0-b42.jar:/home/user/.m2/repository/org/javassist/javassist/3.22.0-CR2/javassist-3.22.0-CR2.jar:/home/user/.m2/repository/org/glassfish/hk2/hk2-api/2.5.0/hk2-api-2.5.0.jar:/home/user/.m2/repository/org/glassfish/hk2/external/jakarta.inject/2.5.0/jakarta.inject-2.5.0.jar:/home/user/.m2/repository/org/glassfish/hk2/hk2-utils/2.5.0/hk2-utils-2.5.0.jar:/home/user/.m2/repository/jakarta/annotation/jakarta.annotation-api/1.3.4/jakarta.annotation-api-1.3.4.jar:/home/user/.m2/repository/org/glassfish/hk2/external/aopalliance-repackaged/2.5.0/aopalliance-repackaged-2.5.0.jar:/home/user/.m2/repository/com/fasterxml/jackson/dataformat/jackson-dataformat-xml/2.9.0/jackson-dataformat-xml-2.9.0.jar:/home/user/.m2/repository/com/fasterxml/jackson/core/jackson-core/2.9.9/jackson-core-2.9.9.jar:/home/user/.m2/repository/com/fasterxml/jackson/module/jackson-module-jaxb-annotations/2.9.9/jackson-module-jaxb-annotations-2.9.9.jar:/home/user/.m2/repository/javax/enterprise/cdi-api/1.2/cdi-api-1.2.jar:/home/user/.m2/repository/javax/el/javax.el-api/3.0.0/javax.el-api-3.0.0.jar:/home/user/.m2/repository/javax/interceptor/javax.interceptor-api/1.2/javax.interceptor-api-1.2.jar:/home/user/.m2/repository/javax/inject/javax.inject/1/javax.inject-1.jar:/home/user/.m2/repository/com/sun/xml/bind/jaxb-impl/2.3.0.1/jaxb-impl-2.3.0.1.jar:/home/user/.m2/repository/com/sun/xml/bind/jaxb-core/2.3.0.1/jaxb-core-2.3.0.1.jar:/home/user/.m2/repository/javax/xml/bind/jaxb-api/2.3.0/jaxb-api-2.3.0.jar:/home/user/.m2/repository/javax/activation/activation/1.1.1/activation-1.1.1.jar:/home/user/.m2/repository/org/apache/hadoop/hadoop-ozone-csi/0.5.0-SNAPSHOT/hadoop-ozone-csi-0.5.0-SNAPSHOT.jar:/home/user/.m2/repository/com/google/protobuf/protobuf-java-util/3.5.1/protobuf-java-util-3.5.1.jar:/home/user/.m2/repository/org/apache/hadoop/hadoop-hdds-config/0.5.0-SNAPSHOT/hadoop-hdds-config-0.5.0-SNAPSHOT.jar:/home/user/.m2/repository/io/grpc/grpc-netty/1.17.1/grpc-netty-1.17.1.jar:/home/user/.m2/repository/io/grpc/grpc-core/1.17.1/grpc-core-1.17.1.jar:/home/user/.m2/repository/io/grpc/grpc-context/1.17.1/grpc-context-1.17.1.jar:/home/user/.m2/repository/com/google/errorprone/error_prone_annotations/2.2.0/error_prone_annotations-2.2.0.jar:/home/user/.m2/repository/org/codehaus/mojo/animal-sniffer-annotations/1.17/animal-sniffer-annotations-1.17.jar:/home/user/.m2/repository/io/opencensus/opencensus-api/0.17.0/opencensus-api-0.17.0.jar:/home/user/.m2/repository/io/opencensus/opencensus-contrib-grpc-metrics/0.17.0/opencensus-contrib-grpc-metrics-0.17.0.jar:/home/user/.m2/repository/io/netty/netty-codec-http2/4.1.30.Final/netty-codec-http2-4.1.30.Final.jar:/home/user/.m2/repository/io/netty/netty-codec-http/4.1.30.Final/netty-codec-http-4.1.30.Final.jar:/home/user/.m2/repository/io/netty/netty-codec/4.1.30.Final/netty-codec-4.1.30.Final.jar:/home/user/.m2/repository/io/netty/netty-handler/4.1.30.Final/netty-handler-4.1.30.Final.jar:/home/user/.m2/repository/io/netty/netty-handler-proxy/4.1.30.Final/netty-handler-proxy-4.1.30.Final.jar:/home/user/.m2/repository/io/netty/netty-codec-socks/4.1.30.Final/netty-codec-socks-4.1.30.Final.jar:/home/user/.m2/repository/io/netty/netty-transport-native-epoll/4.1.30.Final/netty-transport-native-epoll-4.1.30.Final.jar:/home/user/.m2/repository/io/netty/netty-common/4.1.30.Final/netty-common-4.1.30.Final.jar:/home/user/.m2/repository/io/netty/netty-buffer/4.1.30.Final/netty-buffer-4.1.30.Final.jar:/home/user/.m2/repository/io/netty/netty-transport/4.1.30.Final/netty-transport-4.1.30.Final.jar:/home/user/.m2/repository/io/netty/netty-resolver/4.1.30.Final/netty-resolver-4.1.30.Final.jar:/home/user/.m2/repository/io/netty/netty-transport-native-unix-common/4.1.30.Final/netty-transport-native-unix-common-4.1.30.Final.jar:/home/user/.m2/repository/io/grpc/grpc-protobuf/1.17.1/grpc-protobuf-1.17.1.jar:/home/user/.m2/repository/com/google/api/grpc/proto-google-common-protos/1.0.0/proto-google-common-protos-1.0.0.jar:/home/user/.m2/repository/io/grpc/grpc-protobuf-lite/1.17.1/grpc-protobuf-lite-1.17.1.jar:/home/user/.m2/repository/io/grpc/grpc-stub/1.17.1/grpc-stub-1.17.1.jar:/home/user/.m2/repository/org/apache/hadoop/hadoop-ozone-recon/0.5.0-SNAPSHOT/hadoop-ozone-recon-0.5.0-SNAPSHOT.jar:/home/user/.m2/repository/org/apache/hadoop/hadoop-ozone-reconcodegen/0.5.0-SNAPSHOT/hadoop-ozone-reconcodegen-0.5.0-SNAPSHOT.jar:/home/user/.m2/repository/com/google/inject/extensions/guice-multibindings/4.0/guice-multibindings-4.0.jar:/home/user/.m2/repository/com/google/inject/guice/4.0/guice-4.0.jar:/home/user/.m2/repository/aopalliance/aopalliance/1.0/aopalliance-1.0.jar:/home/user/.m2/repository/com/google/inject/extensions/guice-servlet/4.0/guice-servlet-4.0.jar:/home/user/.m2/repository/org/glassfish/jersey/containers/jersey-container-servlet/2.27/jersey-container-servlet-2.27.jar:/home/user/.m2/repository/org/glassfish/hk2/guice-bridge/2.5.0/guice-bridge-2.5.0.jar:/home/user/.m2/repository/org/glassfish/jersey/core/jersey-server/2.27/jersey-server-2.27.jar:/home/user/.m2/repository/org/glassfish/jersey/core/jersey-client/2.27/jersey-client-2.27.jar:/home/user/.m2/repository/org/glassfish/jersey/media/jersey-media-jaxb/2.27/jersey-media-jaxb-2.27.jar:/home/user/.m2/repository/javax/validation/validation-api/1.1.0.Final/validation-api-1.1.0.Final.jar:/home/user/.m2/repository/org/glassfish/jersey/media/jersey-media-json-jackson/2.27/jersey-media-json-jackson-2.27.jar:/home/user/.m2/repository/org/glassfish/jersey/ext/jersey-entity-filtering/2.27/jersey-entity-filtering-2.27.jar:/home/user/.m2/repository/com/google/inject/extensions/guice-assistedinject/4.0/guice-assistedinject-4.0.jar:/home/user/.m2/repository/org/jooq/jooq/3.11.10/jooq-3.11.10.jar:/home/user/.m2/repository/org/jooq/jooq-meta/3.11.10/jooq-meta-3.11.10.jar:/home/user/.m2/repository/org/jooq/jooq-codegen/3.11.10/jooq-codegen-3.11.10.jar:/home/user/.m2/repository/com/jolbox/bonecp/0.8.0.RELEASE/bonecp-0.8.0.RELEASE.jar:/home/user/.m2/repository/org/xerial/sqlite-jdbc/3.25.2/sqlite-jdbc-3.25.2.jar:/home/user/.m2/repository/org/springframework/spring-jdbc/5.1.3.RELEASE/spring-jdbc-5.1.3.RELEASE.jar:/home/user/.m2/repository/org/springframework/spring-beans/5.1.3.RELEASE/spring-beans-5.1.3.RELEASE.jar:/home/user/.m2/repository/org/springframework/spring-core/5.1.3.RELEASE/spring-core-5.1.3.RELEASE.jar:/home/user/.m2/repository/org/springframework/spring-jcl/5.1.3.RELEASE/spring-jcl-5.1.3.RELEASE.jar:/home/user/.m2/repository/org/springframework/spring-tx/5.1.3.RELEASE/spring-tx-5.1.3.RELEASE.jar:/home/user/.m2/repository/org/apache/hadoop/hadoop-ozone-client/0.5.0-SNAPSHOT/hadoop-ozone-client-0.5.0-SNAPSHOT.jar:/home/user/.m2/repository/commons-lang/commons-lang/2.6/commons-lang-2.6.jar:/home/user/.m2/repository/org/apache/hadoop/hadoop-ozone-ozone-manager/0.5.0-SNAPSHOT/hadoop-ozone-ozone-manager-0.5.0-SNAPSHOT-tests.jar:/home/user/.m2/repository/junit/junit/4.11/junit-4.11.jar:/home/user/.m2/repository/org/hamcrest/hamcrest-core/1.3/hamcrest-core-1.3.jar:/home/user/.m2/repository/org/openjdk/jmh/jmh-core/1.19/jmh-core-1.19.jar:/home/user/.m2/repository/net/sf/jopt-simple/jopt-simple/4.6/jopt-simple-4.6.jar:/home/user/.m2/repository/org/apache/commons/commons-math3/3.1.1/commons-math3-3.1.1.jar:/home/user/.m2/repository/org/openjdk/jmh/jmh-generator-annprocess/1.19/jmh-generator-annprocess-1.19.jar:/home/user/.m2/repository/org/mockito/mockito-all/1.8.5/mockito-all-1.8.5.jar:/home/user/.m2/repository/org/apache/hadoop/hadoop-kms/3.2.0/hadoop-kms-3.2.0.jar:/home/user/.m2/repository/org/apache/hadoop/hadoop-auth/3.2.0/hadoop-auth-3.2.0.jar:/home/user/.m2/repository/com/nimbusds/nimbus-jose-jwt/4.41.1/nimbus-jose-jwt-4.41.1.jar:/home/user/.m2/repository/com/github/stephenc/jcip/jcip-annotations/1.0-1/jcip-annotations-1.0-1.jar:/home/user/.m2/repository/net/minidev/json-smart/2.3/json-smart-2.3.jar:/home/user/.m2/repository/net/minidev/accessors-smart/1.2/accessors-smart-1.2.jar:/home/user/.m2/repository/org/ow2/asm/asm/5.0.4/asm-5.0.4.jar:/home/user/.m2/repository/org/apache/curator/curator-framework/2.12.0/curator-framework-2.12.0.jar:/home/user/.m2/repository/com/sun/jersey/jersey-core/1.19/jersey-core-1.19.jar:/home/user/.m2/repository/javax/ws/rs/jsr311-api/1.1.1/jsr311-api-1.1.1.jar:/home/user/.m2/repository/com/sun/jersey/jersey-server/1.19/jersey-server-1.19.jar:/home/user/.m2/repository/javax/servlet/javax.servlet-api/3.1.0/javax.servlet-api-3.1.0.jar:/home/user/.m2/repository/org/eclipse/jetty/jetty-server/9.3.24.v20180605/jetty-server-9.3.24.v20180605.jar:/home/user/.m2/repository/org/eclipse/jetty/jetty-http/9.3.24.v20180605/jetty-http-9.3.24.v20180605.jar:/home/user/.m2/repository/org/eclipse/jetty/jetty-io/9.3.24.v20180605/jetty-io-9.3.24.v20180605.jar:/home/user/.m2/repository/org/eclipse/jetty/jetty-webapp/9.3.24.v20180605/jetty-webapp-9.3.24.v20180605.jar:/home/user/.m2/repository/org/eclipse/jetty/jetty-xml/9.3.24.v20180605/jetty-xml-9.3.24.v20180605.jar:/home/user/.m2/repository/log4j/log4j/1.2.17/log4j-1.2.17.jar:/home/user/.m2/repository/org/slf4j/slf4j-api/1.7.25/slf4j-api-1.7.25.jar:/home/user/.m2/repository/org/slf4j/jul-to-slf4j/1.7.25/jul-to-slf4j-1.7.25.jar:/home/user/.m2/repository/org/eclipse/jetty/jetty-util/9.3.24.v20180605/jetty-util-9.3.24.v20180605.jar:/home/user/.m2/repository/com/fasterxml/jackson/core/jackson-databind/2.9.9/jackson-databind-2.9.9.jar:/home/user/.m2/repository/org/apache/hadoop/hadoop-kms/3.2.0/hadoop-kms-3.2.0-tests.jar:/home/user/.m2/repository/org/apache/hadoop/hadoop-hdds-server-scm/0.5.0-SNAPSHOT/hadoop-hdds-server-scm-0.5.0-SNAPSHOT-tests.jar:/home/user/.m2/repository/org/apache/hadoop/hadoop-hdds-container-service/0.5.0-SNAPSHOT/hadoop-hdds-container-service-0.5.0-SNAPSHOT-tests.jar:/home/user/.m2/repository/org/yaml/snakeyaml/1.16/snakeyaml-1.16.jar:/home/user/.m2/repository/org/apache/hadoop/hadoop-common/3.2.0/hadoop-common-3.2.0-tests.jar:/home/user/.m2/repository/org/apache/hadoop/hadoop-annotations/3.2.0/hadoop-annotations-3.2.0.jar:/usr/lib/jvm/java-1.8-openjdk/jre/../lib/tools.jar:/home/user/.m2/repository/commons-cli/commons-cli/1.2/commons-cli-1.2.jar:/home/user/.m2/repository/org/apache/httpcomponents/httpclient/4.5.2/httpclient-4.5.2.jar:/home/user/.m2/repository/org/apache/httpcomponents/httpcore/4.4.4/httpcore-4.4.4.jar:/home/user/.m2/repository/commons-codec/commons-codec/1.11/commons-codec-1.11.jar:/home/user/.m2/repository/commons-net/commons-net/3.6/commons-net-3.6.jar:/home/user/.m2/repository/commons-collections/commons-collections/3.2.2/commons-collections-3.2.2.jar:/home/user/.m2/repository/org/eclipse/jetty/jetty-servlet/9.3.24.v20180605/jetty-servlet-9.3.24.v20180605.jar:/home/user/.m2/repository/org/eclipse/jetty/jetty-security/9.3.24.v20180605/jetty-security-9.3.24.v20180605.jar:/home/user/.m2/repository/javax/servlet/jsp/jsp-api/2.1/jsp-api-2.1.jar:/home/user/.m2/repository/com/sun/jersey/jersey-servlet/1.19/jersey-servlet-1.19.jar:/home/user/.m2/repository/com/sun/jersey/jersey-json/1.19/jersey-json-1.19.jar:/home/user/.m2/repository/org/codehaus/jettison/jettison/1.1/jettison-1.1.jar:/home/user/.m2/repository/org/codehaus/jackson/jackson-core-asl/1.9.13/jackson-core-asl-1.9.13.jar:/home/user/.m2/repository/org/codehaus/jackson/jackson-mapper-asl/1.9.13/jackson-mapper-asl-1.9.13.jar:/home/user/.m2/repository/org/codehaus/jackson/jackson-jaxrs/1.9.13/jackson-jaxrs-1.9.13.jar:/home/user/.m2/repository/org/codehaus/jackson/jackson-xc/1.9.13/jackson-xc-1.9.13.jar:/home/user/.m2/repository/commons-logging/commons-logging/1.1.3/commons-logging-1.1.3.jar:/home/user/.m2/repository/commons-beanutils/commons-beanutils/1.9.4/commons-beanutils-1.9.4.jar:/home/user/.m2/repository/org/apache/commons/commons-configuration2/2.1.1/commons-configuration2-2.1.1.jar:/home/user/.m2/repository/org/apache/commons/commons-lang3/3.7/commons-lang3-3.7.jar:/home/user/.m2/repository/org/apache/commons/commons-text/1.4/commons-text-1.4.jar:/home/user/.m2/repository/org/apache/avro/avro/1.7.7/avro-1.7.7.jar:/home/user/.m2/repository/com/thoughtworks/paranamer/paranamer/2.3/paranamer-2.3.jar:/home/user/.m2/repository/org/xerial/snappy/snappy-java/1.0.5/snappy-java-1.0.5.jar:/home/user/.m2/repository/com/google/re2j/re2j/1.1/re2j-1.1.jar:/home/user/.m2/repository/com/google/code/gson/gson/2.2.4/gson-2.2.4.jar:/home/user/.m2/repository/com/jcraft/jsch/0.1.54/jsch-0.1.54.jar:/home/user/.m2/repository/org/apache/curator/curator-client/2.12.0/curator-client-2.12.0.jar:/home/user/.m2/repository/org/apache/curator/curator-recipes/2.12.0/curator-recipes-2.12.0.jar:/home/user/.m2/repository/com/google/code/findbugs/jsr305/3.0.0/jsr305-3.0.0.jar:/home/user/.m2/repository/org/apache/htrace/htrace-core4/4.1.0-incubating/htrace-core4-4.1.0-incubating.jar:/home/user/.m2/repository/org/apache/zookeeper/zookeeper/3.4.13/zookeeper-3.4.13.jar:/home/user/.m2/repository/org/apache/yetus/audience-annotations/0.5.0/audience-annotations-0.5.0.jar:/home/user/.m2/repository/org/codehaus/woodstox/stax2-api/3.1.4/stax2-api-3.1.4.jar:/home/user/.m2/repository/com/fasterxml/woodstox/woodstox-core/5.0.3/woodstox-core-5.0.3.jar:/home/user/.m2/repository/dnsjava/dnsjava/2.1.7/dnsjava-2.1.7.jar:/home/user/.m2/repository/org/apache/hadoop/hadoop-hdfs/3.2.0/hadoop-hdfs-3.2.0-tests.jar:/home/user/.m2/repository/org/eclipse/jetty/jetty-util-ajax/9.3.24.v20180605/jetty-util-ajax-9.3.24.v20180605.jar:/home/user/.m2/repository/commons-daemon/commons-daemon/1.0.13/commons-daemon-1.0.13.jar:/home/user/.m2/repository/io/netty/netty/3.10.5.Final/netty-3.10.5.Final.jar:/home/user/.m2/repository/io/netty/netty-all/4.0.52.Final/netty-all-4.0.52.Final.jar:/home/user/.m2/repository/org/fusesource/leveldbjni/leveldbjni-all/1.8/leveldbjni-all-1.8.jar:"/>
    <property name="java.vm.vendor" value="IcedTea"/>
    <property name="sun.arch.data.model" value="64"/>
    <property name="test.build.dir" value="/workdir/hadoop-ozone/integration-test/target/test-dir"/>
    <property name="test.cache.data" value=""/>
    <property name="java.vendor.url" value="https://icedtea.classpath.org"/>
    <property name="user.timezone" value=""/>
    <property name="java.vm.specification.version" value="1.8"/>
    <property name="os.name" value="Linux"/>
    <property name="test.build.data" value="/workdir/hadoop-ozone/integration-test/target/test-dir"/>
    <property name="user.country" value="US"/>
    <property name="sun.java.launcher" value="SUN_STANDARD"/>
    <property name="sun.boot.library.path" value="/usr/lib/jvm/java-1.8-openjdk/jre/lib/amd64"/>
    <property name="sun.java.command" value="/workdir/hadoop-ozone/integration-test/target/surefire/surefirebooter1420688166724580341.jar /workdir/hadoop-ozone/integration-test/target/surefire 2019-10-04T17-28-30_091-jvmRun1 surefire731032566918049634tmp surefire_214772794314752848449tmp"/>
    <property name="test" value="!TestMiniChaosOzoneCluster"/>
    <property name="surefire.test.class.path" value="/workdir/hadoop-ozone/integration-test/target/test-classes:/workdir/hadoop-ozone/integration-test/target/classes:/home/user/.m2/repository/org/apache/hadoop/hadoop-ozone-common/0.5.0-SNAPSHOT/hadoop-ozone-common-0.5.0-SNAPSHOT.jar:/home/user/.m2/repository/org/apache/commons/commons-compress/1.4.1/commons-compress-1.4.1.jar:/home/user/.m2/repository/org/tukaani/xz/1.0/xz-1.0.jar:/home/user/.m2/repository/org/apache/hadoop/hadoop-common/3.2.0/hadoop-common-3.2.0.jar:/home/user/.m2/repository/org/apache/hadoop/hadoop-hdfs/3.2.0/hadoop-hdfs-3.2.0.jar:/home/user/.m2/repository/org/apache/hadoop/hadoop-hdfs-client/3.2.0/hadoop-hdfs-client-3.2.0.jar:/home/user/.m2/repository/com/fasterxml/jackson/core/jackson-annotations/2.9.9/jackson-annotations-2.9.9.jar:/home/user/.m2/repository/org/apache/hadoop/hadoop-hdds-common/0.5.0-SNAPSHOT/hadoop-hdds-common-0.5.0-SNAPSHOT.jar:/home/user/.m2/repository/javax/annotation/javax.annotation-api/1.2/javax.annotation-api-1.2.jar:/home/user/.m2/repository/org/apache/ratis/ratis-server/0.4.0-78e95b9-SNAPSHOT/ratis-server-0.4.0-78e95b9-SNAPSHOT.jar:/home/user/.m2/repository/org/apache/ratis/ratis-thirdparty-misc/0.2.0/ratis-thirdparty-misc-0.2.0.jar:/home/user/.m2/repository/org/apache/ratis/ratis-proto/0.4.0-78e95b9-SNAPSHOT/ratis-proto-0.4.0-78e95b9-SNAPSHOT.jar:/home/user/.m2/repository/org/apache/ratis/ratis-common/0.4.0-78e95b9-SNAPSHOT/ratis-common-0.4.0-78e95b9-SNAPSHOT.jar:/home/user/.m2/repository/org/apache/ratis/ratis-client/0.4.0-78e95b9-SNAPSHOT/ratis-client-0.4.0-78e95b9-SNAPSHOT.jar:/home/user/.m2/repository/org/apache/ratis/ratis-metrics/0.4.0-78e95b9-SNAPSHOT/ratis-metrics-0.4.0-78e95b9-SNAPSHOT.jar:/home/user/.m2/repository/com/github/joshelser/dropwizard-metrics-hadoop-metrics2-reporter/0.1.2/dropwizard-metrics-hadoop-metrics2-reporter-0.1.2.jar:/home/user/.m2/repository/io/dropwizard/metrics/metrics-jvm/3.2.5/metrics-jvm-3.2.5.jar:/home/user/.m2/repository/io/dropwizard/metrics/metrics-ganglia/3.2.5/metrics-ganglia-3.2.5.jar:/home/user/.m2/repository/info/ganglia/gmetric4j/gmetric4j/1.0.7/gmetric4j-1.0.7.jar:/home/user/.m2/repository/org/apache/ratis/ratis-netty/0.4.0-78e95b9-SNAPSHOT/ratis-netty-0.4.0-78e95b9-SNAPSHOT.jar:/home/user/.m2/repository/org/apache/ratis/ratis-grpc/0.4.0-78e95b9-SNAPSHOT/ratis-grpc-0.4.0-78e95b9-SNAPSHOT.jar:/home/user/.m2/repository/org/rocksdb/rocksdbjni/6.0.1/rocksdbjni-6.0.1.jar:/home/user/.m2/repository/org/apache/logging/log4j/log4j-api/2.11.0/log4j-api-2.11.0.jar:/home/user/.m2/repository/org/apache/logging/log4j/log4j-core/2.11.0/log4j-core-2.11.0.jar:/home/user/.m2/repository/com/lmax/disruptor/3.4.2/disruptor-3.4.2.jar:/home/user/.m2/repository/org/apache/commons/commons-pool2/2.6.0/commons-pool2-2.6.0.jar:/home/user/.m2/repository/org/bouncycastle/bcpkix-jdk15on/1.60/bcpkix-jdk15on-1.60.jar:/home/user/.m2/repository/commons-validator/commons-validator/1.6/commons-validator-1.6.jar:/home/user/.m2/repository/commons-digester/commons-digester/1.8.1/commons-digester-1.8.1.jar:/home/user/.m2/repository/io/jaegertracing/jaeger-client/0.33.1/jaeger-client-0.33.1.jar:/home/user/.m2/repository/io/jaegertracing/jaeger-thrift/0.33.1/jaeger-thrift-0.33.1.jar:/home/user/.m2/repository/org/apache/thrift/libthrift/0.11.0/libthrift-0.11.0.jar:/home/user/.m2/repository/com/squareup/okhttp3/okhttp/3.9.0/okhttp-3.9.0.jar:/home/user/.m2/repository/com/squareup/okio/okio/1.13.0/okio-1.13.0.jar:/home/user/.m2/repository/io/jaegertracing/jaeger-core/0.33.1/jaeger-core-0.33.1.jar:/home/user/.m2/repository/io/jaegertracing/jaeger-tracerresolver/0.33.1/jaeger-tracerresolver-0.33.1.jar:/home/user/.m2/repository/io/opentracing/contrib/opentracing-tracerresolver/0.1.5/opentracing-tracerresolver-0.1.5.jar:/home/user/.m2/repository/io/opentracing/opentracing-util/0.31.0/opentracing-util-0.31.0.jar:/home/user/.m2/repository/io/opentracing/opentracing-api/0.31.0/opentracing-api-0.31.0.jar:/home/user/.m2/repository/io/opentracing/opentracing-noop/0.31.0/opentracing-noop-0.31.0.jar:/home/user/.m2/repository/org/apache/hadoop/hadoop-hdds-server-framework/0.5.0-SNAPSHOT/hadoop-hdds-server-framework-0.5.0-SNAPSHOT.jar:/home/user/.m2/repository/org/apache/hadoop/hadoop-hdds-container-service/0.5.0-SNAPSHOT/hadoop-hdds-container-service-0.5.0-SNAPSHOT.jar:/home/user/.m2/repository/org/apache/hadoop/hadoop-hdds-client/0.5.0-SNAPSHOT/hadoop-hdds-client-0.5.0-SNAPSHOT.jar:/home/user/.m2/repository/org/apache/hadoop/hadoop-hdds-tools/0.5.0-SNAPSHOT/hadoop-hdds-tools-0.5.0-SNAPSHOT.jar:/home/user/.m2/repository/org/apache/hadoop/hadoop-hdds-server-scm/0.5.0-SNAPSHOT/hadoop-hdds-server-scm-0.5.0-SNAPSHOT.jar:/home/user/.m2/repository/org/apache/hadoop/hadoop-hdds-docs/0.5.0-SNAPSHOT/hadoop-hdds-docs-0.5.0-SNAPSHOT.jar:/home/user/.m2/repository/io/dropwizard/metrics/metrics-core/3.2.4/metrics-core-3.2.4.jar:/home/user/.m2/repository/org/hamcrest/hamcrest-all/1.3/hamcrest-all-1.3.jar:/home/user/.m2/repository/org/bouncycastle/bcprov-jdk15on/1.60/bcprov-jdk15on-1.60.jar:/home/user/.m2/repository/info/picocli/picocli/3.9.6/picocli-3.9.6.jar:/home/user/.m2/repository/com/google/protobuf/protobuf-java/2.5.0/protobuf-java-2.5.0.jar:/home/user/.m2/repository/com/google/guava/guava/11.0.2/guava-11.0.2.jar:/home/user/.m2/repository/org/apache/hadoop/hadoop-ozone-ozone-manager/0.5.0-SNAPSHOT/hadoop-ozone-ozone-manager-0.5.0-SNAPSHOT.jar:/home/user/.m2/repository/org/apache/hadoop/hadoop-minikdc/3.2.0/hadoop-minikdc-3.2.0.jar:/home/user/.m2/repository/commons-io/commons-io/2.5/commons-io-2.5.jar:/home/user/.m2/repository/org/apache/kerby/kerb-simplekdc/1.0.1/kerb-simplekdc-1.0.1.jar:/home/user/.m2/repository/org/apache/kerby/kerb-client/1.0.1/kerb-client-1.0.1.jar:/home/user/.m2/repository/org/apache/kerby/kerby-config/1.0.1/kerby-config-1.0.1.jar:/home/user/.m2/repository/org/apache/kerby/kerb-core/1.0.1/kerb-core-1.0.1.jar:/home/user/.m2/repository/org/apache/kerby/kerby-pkix/1.0.1/kerby-pkix-1.0.1.jar:/home/user/.m2/repository/org/apache/kerby/kerby-asn1/1.0.1/kerby-asn1-1.0.1.jar:/home/user/.m2/repository/org/apache/kerby/kerby-util/1.0.1/kerby-util-1.0.1.jar:/home/user/.m2/repository/org/apache/kerby/kerb-common/1.0.1/kerb-common-1.0.1.jar:/home/user/.m2/repository/org/apache/kerby/kerb-crypto/1.0.1/kerb-crypto-1.0.1.jar:/home/user/.m2/repository/org/apache/kerby/kerb-util/1.0.1/kerb-util-1.0.1.jar:/home/user/.m2/repository/org/apache/kerby/token-provider/1.0.1/token-provider-1.0.1.jar:/home/user/.m2/repository/org/apache/kerby/kerb-admin/1.0.1/kerb-admin-1.0.1.jar:/home/user/.m2/repository/org/apache/kerby/kerb-server/1.0.1/kerb-server-1.0.1.jar:/home/user/.m2/repository/org/apache/kerby/kerb-identity/1.0.1/kerb-identity-1.0.1.jar:/home/user/.m2/repository/org/apache/kerby/kerby-xdr/1.0.1/kerby-xdr-1.0.1.jar:/home/user/.m2/repository/org/slf4j/slf4j-log4j12/1.7.25/slf4j-log4j12-1.7.25.jar:/home/user/.m2/repository/org/apache/hadoop/hadoop-ozone-s3gateway/0.5.0-SNAPSHOT/hadoop-ozone-s3gateway-0.5.0-SNAPSHOT.jar:/home/user/.m2/repository/org/jboss/weld/servlet/weld-servlet/2.4.7.Final/weld-servlet-2.4.7.Final.jar:/home/user/.m2/repository/org/glassfish/jersey/containers/jersey-container-servlet-core/2.27/jersey-container-servlet-core-2.27.jar:/home/user/.m2/repository/org/glassfish/hk2/external/javax.inject/2.5.0-b42/javax.inject-2.5.0-b42.jar:/home/user/.m2/repository/org/glassfish/jersey/core/jersey-common/2.27/jersey-common-2.27.jar:/home/user/.m2/repository/org/glassfish/hk2/osgi-resource-locator/1.0.1/osgi-resource-locator-1.0.1.jar:/home/user/.m2/repository/javax/ws/rs/javax.ws.rs-api/2.1/javax.ws.rs-api-2.1.jar:/home/user/.m2/repository/org/glassfish/jersey/ext/cdi/jersey-cdi1x/2.27/jersey-cdi1x-2.27.jar:/home/user/.m2/repository/org/glassfish/jersey/inject/jersey-hk2/2.27/jersey-hk2-2.27.jar:/home/user/.m2/repository/org/glassfish/hk2/hk2-locator/2.5.0-b42/hk2-locator-2.5.0-b42.jar:/home/user/.m2/repository/org/javassist/javassist/3.22.0-CR2/javassist-3.22.0-CR2.jar:/home/user/.m2/repository/org/glassfish/hk2/hk2-api/2.5.0/hk2-api-2.5.0.jar:/home/user/.m2/repository/org/glassfish/hk2/external/jakarta.inject/2.5.0/jakarta.inject-2.5.0.jar:/home/user/.m2/repository/org/glassfish/hk2/hk2-utils/2.5.0/hk2-utils-2.5.0.jar:/home/user/.m2/repository/jakarta/annotation/jakarta.annotation-api/1.3.4/jakarta.annotation-api-1.3.4.jar:/home/user/.m2/repository/org/glassfish/hk2/external/aopalliance-repackaged/2.5.0/aopalliance-repackaged-2.5.0.jar:/home/user/.m2/repository/com/fasterxml/jackson/dataformat/jackson-dataformat-xml/2.9.0/jackson-dataformat-xml-2.9.0.jar:/home/user/.m2/repository/com/fasterxml/jackson/core/jackson-core/2.9.9/jackson-core-2.9.9.jar:/home/user/.m2/repository/com/fasterxml/jackson/module/jackson-module-jaxb-annotations/2.9.9/jackson-module-jaxb-annotations-2.9.9.jar:/home/user/.m2/repository/javax/enterprise/cdi-api/1.2/cdi-api-1.2.jar:/home/user/.m2/repository/javax/el/javax.el-api/3.0.0/javax.el-api-3.0.0.jar:/home/user/.m2/repository/javax/interceptor/javax.interceptor-api/1.2/javax.interceptor-api-1.2.jar:/home/user/.m2/repository/javax/inject/javax.inject/1/javax.inject-1.jar:/home/user/.m2/repository/com/sun/xml/bind/jaxb-impl/2.3.0.1/jaxb-impl-2.3.0.1.jar:/home/user/.m2/repository/com/sun/xml/bind/jaxb-core/2.3.0.1/jaxb-core-2.3.0.1.jar:/home/user/.m2/repository/javax/xml/bind/jaxb-api/2.3.0/jaxb-api-2.3.0.jar:/home/user/.m2/repository/javax/activation/activation/1.1.1/activation-1.1.1.jar:/home/user/.m2/repository/org/apache/hadoop/hadoop-ozone-csi/0.5.0-SNAPSHOT/hadoop-ozone-csi-0.5.0-SNAPSHOT.jar:/home/user/.m2/repository/com/google/protobuf/protobuf-java-util/3.5.1/protobuf-java-util-3.5.1.jar:/home/user/.m2/repository/org/apache/hadoop/hadoop-hdds-config/0.5.0-SNAPSHOT/hadoop-hdds-config-0.5.0-SNAPSHOT.jar:/home/user/.m2/repository/io/grpc/grpc-netty/1.17.1/grpc-netty-1.17.1.jar:/home/user/.m2/repository/io/grpc/grpc-core/1.17.1/grpc-core-1.17.1.jar:/home/user/.m2/repository/io/grpc/grpc-context/1.17.1/grpc-context-1.17.1.jar:/home/user/.m2/repository/com/google/errorprone/error_prone_annotations/2.2.0/error_prone_annotations-2.2.0.jar:/home/user/.m2/repository/org/codehaus/mojo/animal-sniffer-annotations/1.17/animal-sniffer-annotations-1.17.jar:/home/user/.m2/repository/io/opencensus/opencensus-api/0.17.0/opencensus-api-0.17.0.jar:/home/user/.m2/repository/io/opencensus/opencensus-contrib-grpc-metrics/0.17.0/opencensus-contrib-grpc-metrics-0.17.0.jar:/home/user/.m2/repository/io/netty/netty-codec-http2/4.1.30.Final/netty-codec-http2-4.1.30.Final.jar:/home/user/.m2/repository/io/netty/netty-codec-http/4.1.30.Final/netty-codec-http-4.1.30.Final.jar:/home/user/.m2/repository/io/netty/netty-codec/4.1.30.Final/netty-codec-4.1.30.Final.jar:/home/user/.m2/repository/io/netty/netty-handler/4.1.30.Final/netty-handler-4.1.30.Final.jar:/home/user/.m2/repository/io/netty/netty-handler-proxy/4.1.30.Final/netty-handler-proxy-4.1.30.Final.jar:/home/user/.m2/repository/io/netty/netty-codec-socks/4.1.30.Final/netty-codec-socks-4.1.30.Final.jar:/home/user/.m2/repository/io/netty/netty-transport-native-epoll/4.1.30.Final/netty-transport-native-epoll-4.1.30.Final.jar:/home/user/.m2/repository/io/netty/netty-common/4.1.30.Final/netty-common-4.1.30.Final.jar:/home/user/.m2/repository/io/netty/netty-buffer/4.1.30.Final/netty-buffer-4.1.30.Final.jar:/home/user/.m2/repository/io/netty/netty-transport/4.1.30.Final/netty-transport-4.1.30.Final.jar:/home/user/.m2/repository/io/netty/netty-resolver/4.1.30.Final/netty-resolver-4.1.30.Final.jar:/home/user/.m2/repository/io/netty/netty-transport-native-unix-common/4.1.30.Final/netty-transport-native-unix-common-4.1.30.Final.jar:/home/user/.m2/repository/io/grpc/grpc-protobuf/1.17.1/grpc-protobuf-1.17.1.jar:/home/user/.m2/repository/com/google/api/grpc/proto-google-common-protos/1.0.0/proto-google-common-protos-1.0.0.jar:/home/user/.m2/repository/io/grpc/grpc-protobuf-lite/1.17.1/grpc-protobuf-lite-1.17.1.jar:/home/user/.m2/repository/io/grpc/grpc-stub/1.17.1/grpc-stub-1.17.1.jar:/home/user/.m2/repository/org/apache/hadoop/hadoop-ozone-recon/0.5.0-SNAPSHOT/hadoop-ozone-recon-0.5.0-SNAPSHOT.jar:/home/user/.m2/repository/org/apache/hadoop/hadoop-ozone-reconcodegen/0.5.0-SNAPSHOT/hadoop-ozone-reconcodegen-0.5.0-SNAPSHOT.jar:/home/user/.m2/repository/com/google/inject/extensions/guice-multibindings/4.0/guice-multibindings-4.0.jar:/home/user/.m2/repository/com/google/inject/guice/4.0/guice-4.0.jar:/home/user/.m2/repository/aopalliance/aopalliance/1.0/aopalliance-1.0.jar:/home/user/.m2/repository/com/google/inject/extensions/guice-servlet/4.0/guice-servlet-4.0.jar:/home/user/.m2/repository/org/glassfish/jersey/containers/jersey-container-servlet/2.27/jersey-container-servlet-2.27.jar:/home/user/.m2/repository/org/glassfish/hk2/guice-bridge/2.5.0/guice-bridge-2.5.0.jar:/home/user/.m2/repository/org/glassfish/jersey/core/jersey-server/2.27/jersey-server-2.27.jar:/home/user/.m2/repository/org/glassfish/jersey/core/jersey-client/2.27/jersey-client-2.27.jar:/home/user/.m2/repository/org/glassfish/jersey/media/jersey-media-jaxb/2.27/jersey-media-jaxb-2.27.jar:/home/user/.m2/repository/javax/validation/validation-api/1.1.0.Final/validation-api-1.1.0.Final.jar:/home/user/.m2/repository/org/glassfish/jersey/media/jersey-media-json-jackson/2.27/jersey-media-json-jackson-2.27.jar:/home/user/.m2/repository/org/glassfish/jersey/ext/jersey-entity-filtering/2.27/jersey-entity-filtering-2.27.jar:/home/user/.m2/repository/com/google/inject/extensions/guice-assistedinject/4.0/guice-assistedinject-4.0.jar:/home/user/.m2/repository/org/jooq/jooq/3.11.10/jooq-3.11.10.jar:/home/user/.m2/repository/org/jooq/jooq-meta/3.11.10/jooq-meta-3.11.10.jar:/home/user/.m2/repository/org/jooq/jooq-codegen/3.11.10/jooq-codegen-3.11.10.jar:/home/user/.m2/repository/com/jolbox/bonecp/0.8.0.RELEASE/bonecp-0.8.0.RELEASE.jar:/home/user/.m2/repository/org/xerial/sqlite-jdbc/3.25.2/sqlite-jdbc-3.25.2.jar:/home/user/.m2/repository/org/springframework/spring-jdbc/5.1.3.RELEASE/spring-jdbc-5.1.3.RELEASE.jar:/home/user/.m2/repository/org/springframework/spring-beans/5.1.3.RELEASE/spring-beans-5.1.3.RELEASE.jar:/home/user/.m2/repository/org/springframework/spring-core/5.1.3.RELEASE/spring-core-5.1.3.RELEASE.jar:/home/user/.m2/repository/org/springframework/spring-jcl/5.1.3.RELEASE/spring-jcl-5.1.3.RELEASE.jar:/home/user/.m2/repository/org/springframework/spring-tx/5.1.3.RELEASE/spring-tx-5.1.3.RELEASE.jar:/home/user/.m2/repository/org/apache/hadoop/hadoop-ozone-client/0.5.0-SNAPSHOT/hadoop-ozone-client-0.5.0-SNAPSHOT.jar:/home/user/.m2/repository/commons-lang/commons-lang/2.6/commons-lang-2.6.jar:/home/user/.m2/repository/org/apache/hadoop/hadoop-ozone-ozone-manager/0.5.0-SNAPSHOT/hadoop-ozone-ozone-manager-0.5.0-SNAPSHOT-tests.jar:/home/user/.m2/repository/junit/junit/4.11/junit-4.11.jar:/home/user/.m2/repository/org/hamcrest/hamcrest-core/1.3/hamcrest-core-1.3.jar:/home/user/.m2/repository/org/openjdk/jmh/jmh-core/1.19/jmh-core-1.19.jar:/home/user/.m2/repository/net/sf/jopt-simple/jopt-simple/4.6/jopt-simple-4.6.jar:/home/user/.m2/repository/org/apache/commons/commons-math3/3.1.1/commons-math3-3.1.1.jar:/home/user/.m2/repository/org/openjdk/jmh/jmh-generator-annprocess/1.19/jmh-generator-annprocess-1.19.jar:/home/user/.m2/repository/org/mockito/mockito-all/1.8.5/mockito-all-1.8.5.jar:/home/user/.m2/repository/org/apache/hadoop/hadoop-kms/3.2.0/hadoop-kms-3.2.0.jar:/home/user/.m2/repository/org/apache/hadoop/hadoop-auth/3.2.0/hadoop-auth-3.2.0.jar:/home/user/.m2/repository/com/nimbusds/nimbus-jose-jwt/4.41.1/nimbus-jose-jwt-4.41.1.jar:/home/user/.m2/repository/com/github/stephenc/jcip/jcip-annotations/1.0-1/jcip-annotations-1.0-1.jar:/home/user/.m2/repository/net/minidev/json-smart/2.3/json-smart-2.3.jar:/home/user/.m2/repository/net/minidev/accessors-smart/1.2/accessors-smart-1.2.jar:/home/user/.m2/repository/org/ow2/asm/asm/5.0.4/asm-5.0.4.jar:/home/user/.m2/repository/org/apache/curator/curator-framework/2.12.0/curator-framework-2.12.0.jar:/home/user/.m2/repository/com/sun/jersey/jersey-core/1.19/jersey-core-1.19.jar:/home/user/.m2/repository/javax/ws/rs/jsr311-api/1.1.1/jsr311-api-1.1.1.jar:/home/user/.m2/repository/com/sun/jersey/jersey-server/1.19/jersey-server-1.19.jar:/home/user/.m2/repository/javax/servlet/javax.servlet-api/3.1.0/javax.servlet-api-3.1.0.jar:/home/user/.m2/repository/org/eclipse/jetty/jetty-server/9.3.24.v20180605/jetty-server-9.3.24.v20180605.jar:/home/user/.m2/repository/org/eclipse/jetty/jetty-http/9.3.24.v20180605/jetty-http-9.3.24.v20180605.jar:/home/user/.m2/repository/org/eclipse/jetty/jetty-io/9.3.24.v20180605/jetty-io-9.3.24.v20180605.jar:/home/user/.m2/repository/org/eclipse/jetty/jetty-webapp/9.3.24.v20180605/jetty-webapp-9.3.24.v20180605.jar:/home/user/.m2/repository/org/eclipse/jetty/jetty-xml/9.3.24.v20180605/jetty-xml-9.3.24.v20180605.jar:/home/user/.m2/repository/log4j/log4j/1.2.17/log4j-1.2.17.jar:/home/user/.m2/repository/org/slf4j/slf4j-api/1.7.25/slf4j-api-1.7.25.jar:/home/user/.m2/repository/org/slf4j/jul-to-slf4j/1.7.25/jul-to-slf4j-1.7.25.jar:/home/user/.m2/repository/org/eclipse/jetty/jetty-util/9.3.24.v20180605/jetty-util-9.3.24.v20180605.jar:/home/user/.m2/repository/com/fasterxml/jackson/core/jackson-databind/2.9.9/jackson-databind-2.9.9.jar:/home/user/.m2/repository/org/apache/hadoop/hadoop-kms/3.2.0/hadoop-kms-3.2.0-tests.jar:/home/user/.m2/repository/org/apache/hadoop/hadoop-hdds-server-scm/0.5.0-SNAPSHOT/hadoop-hdds-server-scm-0.5.0-SNAPSHOT-tests.jar:/home/user/.m2/repository/org/apache/hadoop/hadoop-hdds-container-service/0.5.0-SNAPSHOT/hadoop-hdds-container-service-0.5.0-SNAPSHOT-tests.jar:/home/user/.m2/repository/org/yaml/snakeyaml/1.16/snakeyaml-1.16.jar:/home/user/.m2/repository/org/apache/hadoop/hadoop-common/3.2.0/hadoop-common-3.2.0-tests.jar:/home/user/.m2/repository/org/apache/hadoop/hadoop-annotations/3.2.0/hadoop-annotations-3.2.0.jar:/usr/lib/jvm/java-1.8-openjdk/jre/../lib/tools.jar:/home/user/.m2/repository/commons-cli/commons-cli/1.2/commons-cli-1.2.jar:/home/user/.m2/repository/org/apache/httpcomponents/httpclient/4.5.2/httpclient-4.5.2.jar:/home/user/.m2/repository/org/apache/httpcomponents/httpcore/4.4.4/httpcore-4.4.4.jar:/home/user/.m2/repository/commons-codec/commons-codec/1.11/commons-codec-1.11.jar:/home/user/.m2/repository/commons-net/commons-net/3.6/commons-net-3.6.jar:/home/user/.m2/repository/commons-collections/commons-collections/3.2.2/commons-collections-3.2.2.jar:/home/user/.m2/repository/org/eclipse/jetty/jetty-servlet/9.3.24.v20180605/jetty-servlet-9.3.24.v20180605.jar:/home/user/.m2/repository/org/eclipse/jetty/jetty-security/9.3.24.v20180605/jetty-security-9.3.24.v20180605.jar:/home/user/.m2/repository/javax/servlet/jsp/jsp-api/2.1/jsp-api-2.1.jar:/home/user/.m2/repository/com/sun/jersey/jersey-servlet/1.19/jersey-servlet-1.19.jar:/home/user/.m2/repository/com/sun/jersey/jersey-json/1.19/jersey-json-1.19.jar:/home/user/.m2/repository/org/codehaus/jettison/jettison/1.1/jettison-1.1.jar:/home/user/.m2/repository/org/codehaus/jackson/jackson-core-asl/1.9.13/jackson-core-asl-1.9.13.jar:/home/user/.m2/repository/org/codehaus/jackson/jackson-mapper-asl/1.9.13/jackson-mapper-asl-1.9.13.jar:/home/user/.m2/repository/org/codehaus/jackson/jackson-jaxrs/1.9.13/jackson-jaxrs-1.9.13.jar:/home/user/.m2/repository/org/codehaus/jackson/jackson-xc/1.9.13/jackson-xc-1.9.13.jar:/home/user/.m2/repository/commons-logging/commons-logging/1.1.3/commons-logging-1.1.3.jar:/home/user/.m2/repository/commons-beanutils/commons-beanutils/1.9.4/commons-beanutils-1.9.4.jar:/home/user/.m2/repository/org/apache/commons/commons-configuration2/2.1.1/commons-configuration2-2.1.1.jar:/home/user/.m2/repository/org/apache/commons/commons-lang3/3.7/commons-lang3-3.7.jar:/home/user/.m2/repository/org/apache/commons/commons-text/1.4/commons-text-1.4.jar:/home/user/.m2/repository/org/apache/avro/avro/1.7.7/avro-1.7.7.jar:/home/user/.m2/repository/com/thoughtworks/paranamer/paranamer/2.3/paranamer-2.3.jar:/home/user/.m2/repository/org/xerial/snappy/snappy-java/1.0.5/snappy-java-1.0.5.jar:/home/user/.m2/repository/com/google/re2j/re2j/1.1/re2j-1.1.jar:/home/user/.m2/repository/com/google/code/gson/gson/2.2.4/gson-2.2.4.jar:/home/user/.m2/repository/com/jcraft/jsch/0.1.54/jsch-0.1.54.jar:/home/user/.m2/repository/org/apache/curator/curator-client/2.12.0/curator-client-2.12.0.jar:/home/user/.m2/repository/org/apache/curator/curator-recipes/2.12.0/curator-recipes-2.12.0.jar:/home/user/.m2/repository/com/google/code/findbugs/jsr305/3.0.0/jsr305-3.0.0.jar:/home/user/.m2/repository/org/apache/htrace/htrace-core4/4.1.0-incubating/htrace-core4-4.1.0-incubating.jar:/home/user/.m2/repository/org/apache/zookeeper/zookeeper/3.4.13/zookeeper-3.4.13.jar:/home/user/.m2/repository/org/apache/yetus/audience-annotations/0.5.0/audience-annotations-0.5.0.jar:/home/user/.m2/repository/org/codehaus/woodstox/stax2-api/3.1.4/stax2-api-3.1.4.jar:/home/user/.m2/repository/com/fasterxml/woodstox/woodstox-core/5.0.3/woodstox-core-5.0.3.jar:/home/user/.m2/repository/dnsjava/dnsjava/2.1.7/dnsjava-2.1.7.jar:/home/user/.m2/repository/org/apache/hadoop/hadoop-hdfs/3.2.0/hadoop-hdfs-3.2.0-tests.jar:/home/user/.m2/repository/org/eclipse/jetty/jetty-util-ajax/9.3.24.v20180605/jetty-util-ajax-9.3.24.v20180605.jar:/home/user/.m2/repository/commons-daemon/commons-daemon/1.0.13/commons-daemon-1.0.13.jar:/home/user/.m2/repository/io/netty/netty/3.10.5.Final/netty-3.10.5.Final.jar:/home/user/.m2/repository/io/netty/netty-all/4.0.52.Final/netty-all-4.0.52.Final.jar:/home/user/.m2/repository/org/fusesource/leveldbjni/leveldbjni-all/1.8/leveldbjni-all-1.8.jar:"/>
    <property name="sun.cpu.endian" value="little"/>
    <property name="user.home" value="/home/user"/>
    <property name="user.language" value="en"/>
    <property name="java.specification.vendor" value="Oracle Corporation"/>
    <property name="java.home" value="/usr/lib/jvm/java-1.8-openjdk/jre"/>
    <property name="java.security.krb5.conf" value="/workdir/hadoop-ozone/integration-test/target/test-classes/krb5.conf"/>
    <property name="basedir" value="/workdir/hadoop-ozone/integration-test"/>
    <property name="file.separator" value="/"/>
    <property name="line.separator" value="&#10;"/>
    <property name="java.vm.specification.vendor" value="Oracle Corporation"/>
    <property name="java.specification.name" value="Java Platform API Specification"/>
    <property name="java.awt.graphicsenv" value="sun.awt.X11GraphicsEnvironment"/>
    <property name="surefire.real.class.path" value="/workdir/hadoop-ozone/integration-test/target/surefire/surefirebooter1420688166724580341.jar"/>
    <property name="hadoop.log.dir" value="/workdir/hadoop-ozone/integration-test/target/log"/>
    <property name="sun.boot.class.path" value="/usr/lib/jvm/java-1.8-openjdk/jre/lib/resources.jar:/usr/lib/jvm/java-1.8-openjdk/jre/lib/rt.jar:/usr/lib/jvm/java-1.8-openjdk/jre/lib/sunrsasign.jar:/usr/lib/jvm/java-1.8-openjdk/jre/lib/jsse.jar:/usr/lib/jvm/java-1.8-openjdk/jre/lib/jce.jar:/usr/lib/jvm/java-1.8-openjdk/jre/lib/charsets.jar:/usr/lib/jvm/java-1.8-openjdk/jre/lib/jfr.jar:/usr/lib/jvm/java-1.8-openjdk/jre/classes"/>
    <property name="sun.management.compiler" value="HotSpot 64-Bit Tiered Compilers"/>
    <property name="java.runtime.version" value="1.8.0_212-b04"/>
    <property name="java.net.preferIPv4Stack" value="true"/>
    <property name="user.name" value="jenkins1000"/>
    <property name="path.separator" value=":"/>
    <property name="java.security.egd" value="file:///dev/urandom"/>
    <property name="os.version" value="3.10.0-957.12.2.el7.x86_64"/>
    <property name="java.endorsed.dirs" value="/usr/lib/jvm/java-1.8-openjdk/jre/lib/endorsed"/>
    <property name="java.runtime.name" value="OpenJDK Runtime Environment"/>
    <property name="file.encoding" value="UTF-8"/>
    <property name="java.vm.name" value="OpenJDK 64-Bit Server VM"/>
    <property name="test.build.webapps" value=""/>
    <property name="localRepository" value="/home/user/.m2/repository"/>
    <property name="java.vendor.url.bug" value="https://icedtea.classpath.org/bugzilla"/>
    <property name="java.io.tmpdir" value="/tmp"/>
    <property name="require.test.libhadoop" value=""/>
    <property name="java.version" value="1.8.0_212"/>
    <property name="user.dir" value="/workdir/hadoop-ozone/integration-test"/>
    <property name="os.arch" value="amd64"/>
    <property name="java.vm.specification.name" value="Java Virtual Machine Specification"/>
    <property name="test.build.classes" value="/workdir/hadoop-ozone/integration-test/target/test-classes"/>
    <property name="java.awt.printerjob" value="sun.print.PSPrinterJob"/>
    <property name="sun.os.patch.level" value="unknown"/>
    <property name="hadoop.tmp.dir" value="/workdir/hadoop-ozone/integration-test/target/tmp"/>
    <property name="java.library.path" value="/usr/lib/jvm/java-1.8-openjdk/jre/lib/amd64/server:/usr/lib/jvm/java-1.8-openjdk/jre/lib/amd64:/usr/lib/jvm/java-1.8-openjdk/jre/../lib/amd64:/workdir/hadoop-ozone/integration-test/target/native/target/usr/local/lib:/workdir/hadoop-ozone/integration-test/../../hadoop-common-project/hadoop-common/target/native/target/usr/local/lib:/usr/java/packages/lib/amd64:/usr/lib64:/lib64:/lib:/usr/lib"/>
    <property name="java.vm.info" value="mixed mode"/>
    <property name="java.vendor" value="IcedTea"/>
    <property name="java.vm.version" value="25.212-b04"/>
    <property name="java.ext.dirs" value="/usr/lib/jvm/java-1.8-openjdk/jre/lib/ext:/usr/java/packages/lib/ext"/>
    <property name="sun.io.unicode.encoding" value="UnicodeLittle"/>
    <property name="java.class.version" value="52.0"/>
  </properties>
  <testcase name="testContainerReplication" classname="org.apache.hadoop.ozone.client.rpc.TestContainerReplicationEndToEnd" time="10.549">
    <error message="Failed to update container state #1, reason: invalid state transition from state: CLOSING upon event: FINALIZE." type="org.apache.hadoop.hdds.scm.exceptions.SCMException">org.apache.hadoop.hdds.scm.exceptions.SCMException: Failed to update container state #1, reason: invalid state transition from state: CLOSING upon event: FINALIZE.
	at org.apache.hadoop.hdds.scm.container.ContainerStateManager.updateContainerState(ContainerStateManager.java:336)
	at org.apache.hadoop.hdds.scm.container.SCMContainerManager.updateContainerState(SCMContainerManager.java:312)
	at org.apache.hadoop.ozone.client.rpc.TestContainerReplicationEndToEnd.testContainerReplication(TestContainerReplicationEndToEnd.java:159)
	at sun.reflect.NativeMethodAccessorImpl.invoke0(Native Method)
	at sun.reflect.NativeMethodAccessorImpl.invoke(NativeMethodAccessorImpl.java:62)
	at sun.reflect.DelegatingMethodAccessorImpl.invoke(DelegatingMethodAccessorImpl.java:43)
	at java.lang.reflect.Method.invoke(Method.java:498)
	at org.junit.runners.model.FrameworkMethod$1.runReflectiveCall(FrameworkMethod.java:47)
	at org.junit.internal.runners.model.ReflectiveCallable.run(ReflectiveCallable.java:12)
	at org.junit.runners.model.FrameworkMethod.invokeExplosively(FrameworkMethod.java:44)
	at org.junit.internal.runners.statements.InvokeMethod.evaluate(InvokeMethod.java:17)
	at org.junit.runners.ParentRunner.runLeaf(ParentRunner.java:271)
	at org.junit.runners.BlockJUnit4ClassRunner.runChild(BlockJUnit4ClassRunner.java:70)
	at org.junit.runners.BlockJUnit4ClassRunner.runChild(BlockJUnit4ClassRunner.java:50)
	at org.junit.runners.ParentRunner$3.run(ParentRunner.java:238)
	at org.junit.runners.ParentRunner$1.schedule(ParentRunner.java:63)
	at org.junit.runners.ParentRunner.runChildren(ParentRunner.java:236)
	at org.junit.runners.ParentRunner.access$000(ParentRunner.java:53)
	at org.junit.runners.ParentRunner$2.evaluate(ParentRunner.java:229)
	at org.junit.internal.runners.statements.RunBefores.evaluate(RunBefores.java:26)
	at org.junit.internal.runners.statements.RunAfters.evaluate(RunAfters.java:27)
	at org.junit.runners.ParentRunner.run(ParentRunner.java:309)
	at org.apache.maven.surefire.junit4.JUnit4Provider.execute(JUnit4Provider.java:365)
	at org.apache.maven.surefire.junit4.JUnit4Provider.executeWithRerun(JUnit4Provider.java:273)
	at org.apache.maven.surefire.junit4.JUnit4Provider.executeTestSet(JUnit4Provider.java:238)
	at org.apache.maven.surefire.junit4.JUnit4Provider.invoke(JUnit4Provider.java:159)
	at org.apache.maven.surefire.booter.ForkedBooter.invokeProviderInSameClassLoader(ForkedBooter.java:384)
	at org.apache.maven.surefire.booter.ForkedBooter.runSuitesInProcess(ForkedBooter.java:345)
	at org.apache.maven.surefire.booter.ForkedBooter.execute(ForkedBooter.java:126)
	at org.apache.maven.surefire.booter.ForkedBooter.main(ForkedBooter.java:418)
</error>
    <system-out><![CDATA[2019-10-04 17:48:03,449 [main] WARN  server.ServerUtils (ServerUtils.java:getScmDbDir(145)) - ozone.scm.db.dirs is not configured. We recommend adding this setting. Falling back to ozone.metadata.dirs instead.
2019-10-04 17:48:03,551 [main] WARN  server.ServerUtils (ServerUtils.java:getScmDbDir(145)) - ozone.scm.db.dirs is not configured. We recommend adding this setting. Falling back to ozone.metadata.dirs instead.
2019-10-04 17:48:03,555 [main] WARN  server.ServerUtils (ServerUtils.java:getScmDbDir(145)) - ozone.scm.db.dirs is not configured. We recommend adding this setting. Falling back to ozone.metadata.dirs instead.
2019-10-04 17:48:03,572 [main] INFO  util.log (Log.java:initialized(192)) - Logging initialized @838ms
2019-10-04 17:48:03,658 [main] INFO  db.DBStoreBuilder (DBStoreBuilder.java:addTable(110)) - using custom profile for table: deletedBlocks
2019-10-04 17:48:03,659 [main] INFO  db.DBStoreBuilder (DBStoreBuilder.java:processTables(161)) - Using default column profile:DBProfile.DISK for Table:deletedBlocks
2019-10-04 17:48:03,659 [main] INFO  db.DBStoreBuilder (DBStoreBuilder.java:addTable(110)) - using custom profile for table: validCerts
2019-10-04 17:48:03,659 [main] INFO  db.DBStoreBuilder (DBStoreBuilder.java:processTables(161)) - Using default column profile:DBProfile.DISK for Table:validCerts
2019-10-04 17:48:03,660 [main] INFO  db.DBStoreBuilder (DBStoreBuilder.java:addTable(110)) - using custom profile for table: revokedCerts
2019-10-04 17:48:03,660 [main] INFO  db.DBStoreBuilder (DBStoreBuilder.java:processTables(161)) - Using default column profile:DBProfile.DISK for Table:revokedCerts
2019-10-04 17:48:03,670 [main] INFO  db.DBStoreBuilder (DBStoreBuilder.java:addTable(110)) - using custom profile for table: default
2019-10-04 17:48:03,670 [main] INFO  db.DBStoreBuilder (DBStoreBuilder.java:processTables(167)) - Using default column profile:DBProfile.DISK for Table:default
2019-10-04 17:48:03,671 [main] INFO  db.DBStoreBuilder (DBStoreBuilder.java:getDbProfile(198)) - Using default options. DBProfile.DISK
2019-10-04 17:48:04,034 [main] INFO  net.NodeSchemaLoader (NodeSchemaLoader.java:loadSchemaFromFile(125)) - Loading file from sun.misc.CompoundEnumeration@77888435
2019-10-04 17:48:04,037 [main] INFO  net.NodeSchemaLoader (NodeSchemaLoader.java:loadSchema(171)) - Loading network topology layer schema file
2019-10-04 17:48:04,136 [main] INFO  node.SCMNodeManager (SCMNodeManager.java:<init>(114)) - Entering startup safe mode.
2019-10-04 17:48:04,221 [main] INFO  algorithms.ContainerPlacementPolicyFactory (ContainerPlacementPolicyFactory.java:getPolicy(57)) - Create container placement policy of type org.apache.hadoop.hdds.scm.container.placement.algorithms.SCMContainerPlacementRandom
2019-10-04 17:48:04,236 [main] WARN  server.ServerUtils (ServerUtils.java:getScmDbDir(145)) - ozone.scm.db.dirs is not configured. We recommend adding this setting. Falling back to ozone.metadata.dirs instead.
2019-10-04 17:48:04,343 [main] INFO  pipeline.SCMPipelineManager (SCMPipelineManager.java:initializePipelineState(128)) - No pipeline exists in current db
2019-10-04 17:48:04,347 [main] WARN  server.ServerUtils (ServerUtils.java:getScmDbDir(145)) - ozone.scm.db.dirs is not configured. We recommend adding this setting. Falling back to ozone.metadata.dirs instead.
2019-10-04 17:48:04,449 [main] INFO  Configuration.deprecation (Configuration.java:logDeprecation(1394)) - No unit for hdds.scm.replication.thread.interval(2000) assuming MILLISECONDS
2019-10-04 17:48:04,484 [main] WARN  events.EventQueue (EventQueue.java:fireEvent(183)) - No event handler registered for event TypedEvent{payloadType=SafeModeStatus, name='SafeModeStatus'}
2019-10-04 17:48:04,915 [main] INFO  ipc.CallQueueManager (CallQueueManager.java:<init>(84)) - Using callQueue: class java.util.concurrent.LinkedBlockingQueue, queueCapacity: 2000, scheduler: class org.apache.hadoop.ipc.DefaultRpcScheduler, ipcBackoff: false.
2019-10-04 17:48:04,945 [Socket Reader #1 for port 44085] INFO  ipc.Server (Server.java:run(1074)) - Starting Socket Reader #1 for port 44085
2019-10-04 17:48:05,091 [main] INFO  ipc.CallQueueManager (CallQueueManager.java:<init>(84)) - Using callQueue: class java.util.concurrent.LinkedBlockingQueue, queueCapacity: 2000, scheduler: class org.apache.hadoop.ipc.DefaultRpcScheduler, ipcBackoff: false.
2019-10-04 17:48:05,092 [Socket Reader #1 for port 41983] INFO  ipc.Server (Server.java:run(1074)) - Starting Socket Reader #1 for port 41983
2019-10-04 17:48:05,104 [main] INFO  ipc.CallQueueManager (CallQueueManager.java:<init>(84)) - Using callQueue: class java.util.concurrent.LinkedBlockingQueue, queueCapacity: 2000, scheduler: class org.apache.hadoop.ipc.DefaultRpcScheduler, ipcBackoff: false.
2019-10-04 17:48:05,105 [Socket Reader #1 for port 33898] INFO  ipc.Server (Server.java:run(1074)) - Starting Socket Reader #1 for port 33898
2019-10-04 17:48:05,133 [main] INFO  hdfs.DFSUtil (DFSUtil.java:httpServerTemplateForNNAndJN(1641)) - Starting Web-server for scm at: http://0.0.0.0:0
2019-10-04 17:48:05,319 [main] INFO  server.AuthenticationFilter (AuthenticationFilter.java:constructSecretProvider(240)) - Unable to initialize FileSignerSecretProvider, falling back to use random secrets.
2019-10-04 17:48:05,328 [main] WARN  http.HttpRequestLog (HttpRequestLog.java:getRequestLog(97)) - Jetty request log can only be enabled using Log4j
2019-10-04 17:48:05,336 [main] INFO  http.HttpServer2 (HttpServer2.java:addGlobalFilter(975)) - Added global filter 'safety' (class=org.apache.hadoop.http.HttpServer2$QuotingInputFilter)
2019-10-04 17:48:05,339 [main] INFO  http.HttpServer2 (HttpServer2.java:addFilter(948)) - Added filter static_user_filter (class=org.apache.hadoop.http.lib.StaticUserWebFilter$StaticUserFilter) to context scm
2019-10-04 17:48:05,340 [main] INFO  http.HttpServer2 (HttpServer2.java:addFilter(958)) - Added filter static_user_filter (class=org.apache.hadoop.http.lib.StaticUserWebFilter$StaticUserFilter) to context static
2019-10-04 17:48:05,340 [main] INFO  http.HttpServer2 (HttpServer2.java:addFilter(958)) - Added filter static_user_filter (class=org.apache.hadoop.http.lib.StaticUserWebFilter$StaticUserFilter) to context logs
2019-10-04 17:48:05,373 [main] INFO  server.StorageContainerManager (StorageContainerManager.java:start(763)) - StorageContainerLocationProtocol RPC server is listening at /0.0.0.0:33898
2019-10-04 17:48:05,450 [main] WARN  impl.MetricsConfig (MetricsConfig.java:loadFirst(134)) - Cannot locate configuration: tried hadoop-metrics2-storagecontainermanager.properties,hadoop-metrics2.properties
2019-10-04 17:48:05,465 [main] INFO  impl.MetricsSystemImpl (MetricsSystemImpl.java:startTimer(374)) - Scheduled Metric snapshot period at 10 second(s).
2019-10-04 17:48:05,466 [main] INFO  impl.MetricsSystemImpl (MetricsSystemImpl.java:start(191)) - StorageContainerManager metrics system started
2019-10-04 17:48:05,724 [main] INFO  server.SCMClientProtocolServer (SCMClientProtocolServer.java:start(151)) - RPC server for Client  is listening at /0.0.0.0:33898
2019-10-04 17:48:05,725 [IPC Server Responder] INFO  ipc.Server (Server.java:run(1314)) - IPC Server Responder: starting
2019-10-04 17:48:05,725 [IPC Server listener on 33898] INFO  ipc.Server (Server.java:run(1153)) - IPC Server listener on 33898: starting
2019-10-04 17:48:05,727 [main] INFO  server.StorageContainerManager (StorageContainerManager.java:start(773)) - ScmBlockLocationProtocol RPC server is listening at /0.0.0.0:41983
2019-10-04 17:48:05,729 [main] INFO  server.SCMBlockProtocolServer (SCMBlockProtocolServer.java:start(146)) - RPC server for Block Protocol is listening at /0.0.0.0:41983
2019-10-04 17:48:05,729 [IPC Server Responder] INFO  ipc.Server (Server.java:run(1314)) - IPC Server Responder: starting
2019-10-04 17:48:05,729 [IPC Server listener on 41983] INFO  ipc.Server (Server.java:run(1153)) - IPC Server listener on 41983: starting
2019-10-04 17:48:05,733 [main] INFO  server.StorageContainerManager (StorageContainerManager.java:start(777)) - ScmDatanodeProtocl RPC server is listening at /0.0.0.0:44085
2019-10-04 17:48:05,733 [main] INFO  server.SCMDatanodeProtocolServer (SCMDatanodeProtocolServer.java:start(191)) - RPC server for DataNodes is listening at /0.0.0.0:44085
2019-10-04 17:48:05,734 [IPC Server listener on 44085] INFO  ipc.Server (Server.java:run(1153)) - IPC Server listener on 44085: starting
2019-10-04 17:48:05,734 [IPC Server Responder] INFO  ipc.Server (Server.java:run(1314)) - IPC Server Responder: starting
2019-10-04 17:48:05,737 [main] INFO  http.HttpServer2 (HttpServer2.java:bindListener(1191)) - Jetty bound to port 40018
2019-10-04 17:48:05,739 [main] INFO  server.Server (Server.java:doStart(351)) - jetty-9.3.24.v20180605, build timestamp: 2018-06-05T17:11:56Z, git hash: 84205aa28f11a4f31f2a3b86d1bba2cc8ab69827
2019-10-04 17:48:05,778 [main] INFO  handler.ContextHandler (ContextHandler.java:doStart(781)) - Started o.e.j.s.ServletContextHandler@6622fc65{/logs,file:///workdir/hadoop-ozone/integration-test/target/log,AVAILABLE}
2019-10-04 17:48:05,779 [main] INFO  handler.ContextHandler (ContextHandler.java:doStart(781)) - Started o.e.j.s.ServletContextHandler@23fb172e{/static,file:///workdir/hadoop-ozone/integration-test/target/test-classes/webapps/static,AVAILABLE}
2019-10-04 17:48:05,813 [main] INFO  handler.ContextHandler (ContextHandler.java:doStart(781)) - Started o.e.j.w.WebAppContext@3591009c{/,file:///workdir/hadoop-ozone/integration-test/target/test-classes/webapps/scm/,AVAILABLE}{/scm}
2019-10-04 17:48:05,819 [main] INFO  server.AbstractConnector (AbstractConnector.java:doStart(278)) - Started ServerConnector@2de366bb{HTTP/1.1,[http/1.1]}{0.0.0.0:40018}
2019-10-04 17:48:05,819 [main] INFO  server.Server (Server.java:doStart(419)) - Started @3085ms
2019-10-04 17:48:05,821 [main] INFO  impl.MetricsSinkAdapter (MetricsSinkAdapter.java:start(204)) - Sink prometheus started
2019-10-04 17:48:05,822 [main] INFO  impl.MetricsSystemImpl (MetricsSystemImpl.java:registerSink(301)) - Registered sink prometheus
2019-10-04 17:48:05,824 [main] INFO  server.BaseHttpServer (BaseHttpServer.java:updateConnectorAddress(215)) - HTTP server of SCM is listening at http://0.0.0.0:40018
2019-10-04 17:48:05,829 [org.apache.hadoop.util.JvmPauseMonitor$Monitor@64f857e7] INFO  util.JvmPauseMonitor (JvmPauseMonitor.java:run(188)) - Starting JVM pause monitor
2019-10-04 17:48:05,832 [main] WARN  server.ServerUtils (ServerUtils.java:getDBPath(222)) - ozone.om.db.dirs is not configured. We recommend adding this setting. Falling back to ozone.metadata.dirs instead.
2019-10-04 17:48:05,965 [main] WARN  server.ServerUtils (ServerUtils.java:getDBPath(222)) - ozone.om.db.dirs is not configured. We recommend adding this setting. Falling back to ozone.metadata.dirs instead.
2019-10-04 17:48:05,965 [main] WARN  server.ServerUtils (ServerUtils.java:getDBPath(222)) - ozone.om.db.dirs is not configured. We recommend adding this setting. Falling back to ozone.metadata.dirs instead.
2019-10-04 17:48:05,967 [main] INFO  om.OzoneManager (OzoneManager.java:setOMNodeDetails(650)) - OM Service ID is not set. Setting it to the default ID: omServiceIdDefault
2019-10-04 17:48:05,967 [main] INFO  om.OzoneManager (OzoneManager.java:setOMNodeDetails(656)) - OM Node ID is not set. Setting it to the OmStorage's OmID: 98b37715-5f02-460e-8431-3e2079347244
2019-10-04 17:48:05,968 [main] INFO  om.OzoneManager (OzoneManager.java:loadOMHAConfigs(607)) - Found matching OM address with OMServiceId: null, OMNodeId: null, RPC Address: localhost:0 and Ratis port: 9872
2019-10-04 17:48:06,657 [main] WARN  server.ServerUtils (ServerUtils.java:getDBPath(222)) - ozone.om.db.dirs is not configured. We recommend adding this setting. Falling back to ozone.metadata.dirs instead.
2019-10-04 17:48:06,664 [main] INFO  db.DBStoreBuilder (DBStoreBuilder.java:addTable(110)) - using custom profile for table: userTable
2019-10-04 17:48:06,665 [main] INFO  db.DBStoreBuilder (DBStoreBuilder.java:processTables(161)) - Using default column profile:DBProfile.DISK for Table:userTable
2019-10-04 17:48:06,665 [main] INFO  db.DBStoreBuilder (DBStoreBuilder.java:addTable(110)) - using custom profile for table: volumeTable
2019-10-04 17:48:06,665 [main] INFO  db.DBStoreBuilder (DBStoreBuilder.java:processTables(161)) - Using default column profile:DBProfile.DISK for Table:volumeTable
2019-10-04 17:48:06,665 [main] INFO  db.DBStoreBuilder (DBStoreBuilder.java:addTable(110)) - using custom profile for table: bucketTable
2019-10-04 17:48:06,666 [main] INFO  db.DBStoreBuilder (DBStoreBuilder.java:processTables(161)) - Using default column profile:DBProfile.DISK for Table:bucketTable
2019-10-04 17:48:06,666 [main] INFO  db.DBStoreBuilder (DBStoreBuilder.java:addTable(110)) - using custom profile for table: keyTable
2019-10-04 17:48:06,666 [main] INFO  db.DBStoreBuilder (DBStoreBuilder.java:processTables(161)) - Using default column profile:DBProfile.DISK for Table:keyTable
2019-10-04 17:48:06,666 [main] INFO  db.DBStoreBuilder (DBStoreBuilder.java:addTable(110)) - using custom profile for table: deletedTable
2019-10-04 17:48:06,667 [main] INFO  db.DBStoreBuilder (DBStoreBuilder.java:processTables(161)) - Using default column profile:DBProfile.DISK for Table:deletedTable
2019-10-04 17:48:06,667 [main] INFO  db.DBStoreBuilder (DBStoreBuilder.java:addTable(110)) - using custom profile for table: openKeyTable
2019-10-04 17:48:06,667 [main] INFO  db.DBStoreBuilder (DBStoreBuilder.java:processTables(161)) - Using default column profile:DBProfile.DISK for Table:openKeyTable
2019-10-04 17:48:06,667 [main] INFO  db.DBStoreBuilder (DBStoreBuilder.java:addTable(110)) - using custom profile for table: s3Table
2019-10-04 17:48:06,668 [main] INFO  db.DBStoreBuilder (DBStoreBuilder.java:processTables(161)) - Using default column profile:DBProfile.DISK for Table:s3Table
2019-10-04 17:48:06,668 [main] INFO  db.DBStoreBuilder (DBStoreBuilder.java:addTable(110)) - using custom profile for table: multipartInfoTable
2019-10-04 17:48:06,668 [main] INFO  db.DBStoreBuilder (DBStoreBuilder.java:processTables(161)) - Using default column profile:DBProfile.DISK for Table:multipartInfoTable
2019-10-04 17:48:06,668 [main] INFO  db.DBStoreBuilder (DBStoreBuilder.java:addTable(110)) - using custom profile for table: dTokenTable
2019-10-04 17:48:06,669 [main] INFO  db.DBStoreBuilder (DBStoreBuilder.java:processTables(161)) - Using default column profile:DBProfile.DISK for Table:dTokenTable
2019-10-04 17:48:06,669 [main] INFO  db.DBStoreBuilder (DBStoreBuilder.java:addTable(110)) - using custom profile for table: s3SecretTable
2019-10-04 17:48:06,669 [main] INFO  db.DBStoreBuilder (DBStoreBuilder.java:processTables(161)) - Using default column profile:DBProfile.DISK for Table:s3SecretTable
2019-10-04 17:48:06,669 [main] INFO  db.DBStoreBuilder (DBStoreBuilder.java:addTable(110)) - using custom profile for table: prefixTable
2019-10-04 17:48:06,670 [main] INFO  db.DBStoreBuilder (DBStoreBuilder.java:processTables(161)) - Using default column profile:DBProfile.DISK for Table:prefixTable
2019-10-04 17:48:06,670 [main] INFO  db.DBStoreBuilder (DBStoreBuilder.java:addTable(110)) - using custom profile for table: default
2019-10-04 17:48:06,670 [main] INFO  db.DBStoreBuilder (DBStoreBuilder.java:processTables(167)) - Using default column profile:DBProfile.DISK for Table:default
2019-10-04 17:48:06,670 [main] INFO  db.DBStoreBuilder (DBStoreBuilder.java:getDbProfile(198)) - Using default options. DBProfile.DISK
2019-10-04 17:48:07,924 [main] INFO  ipc.CallQueueManager (CallQueueManager.java:<init>(84)) - Using callQueue: class java.util.concurrent.LinkedBlockingQueue, queueCapacity: 2000, scheduler: class org.apache.hadoop.ipc.DefaultRpcScheduler, ipcBackoff: false.
2019-10-04 17:48:07,925 [Socket Reader #1 for port 46429] INFO  ipc.Server (Server.java:run(1074)) - Starting Socket Reader #1 for port 46429
2019-10-04 17:48:07,956 [main] INFO  om.OzoneManager (OzoneManager.java:start(1241)) - OzoneManager RPC server is listening at localhost/127.0.0.1:46429
2019-10-04 17:48:07,956 [main] INFO  impl.MetricsSystemImpl (MetricsSystemImpl.java:init(158)) - OzoneManager metrics system started (again)
2019-10-04 17:48:07,958 [IPC Server Responder] INFO  ipc.Server (Server.java:run(1314)) - IPC Server Responder: starting
2019-10-04 17:48:07,958 [IPC Server listener on 46429] INFO  ipc.Server (Server.java:run(1153)) - IPC Server listener on 46429: starting
2019-10-04 17:48:07,971 [main] INFO  hdfs.DFSUtil (DFSUtil.java:httpServerTemplateForNNAndJN(1641)) - Starting Web-server for ozoneManager at: http://0.0.0.0:0
2019-10-04 17:48:07,976 [main] INFO  server.AuthenticationFilter (AuthenticationFilter.java:constructSecretProvider(240)) - Unable to initialize FileSignerSecretProvider, falling back to use random secrets.
2019-10-04 17:48:07,978 [main] WARN  http.HttpRequestLog (HttpRequestLog.java:getRequestLog(97)) - Jetty request log can only be enabled using Log4j
2019-10-04 17:48:07,982 [main] INFO  http.HttpServer2 (HttpServer2.java:addGlobalFilter(975)) - Added global filter 'safety' (class=org.apache.hadoop.http.HttpServer2$QuotingInputFilter)
2019-10-04 17:48:07,983 [main] INFO  http.HttpServer2 (HttpServer2.java:addFilter(948)) - Added filter static_user_filter (class=org.apache.hadoop.http.lib.StaticUserWebFilter$StaticUserFilter) to context ozoneManager
2019-10-04 17:48:07,983 [main] INFO  http.HttpServer2 (HttpServer2.java:addFilter(958)) - Added filter static_user_filter (class=org.apache.hadoop.http.lib.StaticUserWebFilter$StaticUserFilter) to context logs
2019-10-04 17:48:07,984 [main] INFO  http.HttpServer2 (HttpServer2.java:addFilter(958)) - Added filter static_user_filter (class=org.apache.hadoop.http.lib.StaticUserWebFilter$StaticUserFilter) to context static
2019-10-04 17:48:07,988 [main] INFO  http.HttpServer2 (HttpServer2.java:bindListener(1191)) - Jetty bound to port 38447
2019-10-04 17:48:07,989 [main] INFO  server.Server (Server.java:doStart(351)) - jetty-9.3.24.v20180605, build timestamp: 2018-06-05T17:11:56Z, git hash: 84205aa28f11a4f31f2a3b86d1bba2cc8ab69827
2019-10-04 17:48:07,993 [main] INFO  handler.ContextHandler (ContextHandler.java:doStart(781)) - Started o.e.j.s.ServletContextHandler@677b8e13{/logs,file:///workdir/hadoop-ozone/integration-test/target/log,AVAILABLE}
2019-10-04 17:48:07,994 [main] INFO  handler.ContextHandler (ContextHandler.java:doStart(781)) - Started o.e.j.s.ServletContextHandler@4c27d39d{/static,file:///workdir/hadoop-ozone/integration-test/target/test-classes/webapps/static,AVAILABLE}
2019-10-04 17:48:08,002 [main] INFO  handler.ContextHandler (ContextHandler.java:doStart(781)) - Started o.e.j.w.WebAppContext@3a022576{/,file:///workdir/hadoop-ozone/integration-test/target/test-classes/webapps/ozoneManager/,AVAILABLE}{/ozoneManager}
2019-10-04 17:48:08,006 [main] INFO  server.AbstractConnector (AbstractConnector.java:doStart(278)) - Started ServerConnector@2dbd803f{HTTP/1.1,[http/1.1]}{0.0.0.0:38447}
2019-10-04 17:48:08,007 [main] INFO  server.Server (Server.java:doStart(419)) - Started @5273ms
2019-10-04 17:48:08,007 [main] WARN  impl.MetricsSystemImpl (MetricsSystemImpl.java:register(276)) - Sink prometheus already exists!
2019-10-04 17:48:08,008 [main] INFO  server.BaseHttpServer (BaseHttpServer.java:updateConnectorAddress(215)) - HTTP server of OZONEMANAGER is listening at http://0.0.0.0:38447
2019-10-04 17:48:08,378 [main] INFO  impl.MetricsSystemImpl (MetricsSystemImpl.java:init(158)) - HddsDatanode metrics system started (again)
2019-10-04 17:48:08,445 [main] INFO  ozone.HddsDatanodeService (HddsDatanodeService.java:start(184)) - HddsDatanodeService host:pr-hdds-2158-86xd4-943107921 ip:192.168.5.161
2019-10-04 17:48:08,487 [main] INFO  volume.HddsVolume (HddsVolume.java:<init>(176)) - Creating Volume: /workdir/hadoop-ozone/integration-test/target/test-dir/MiniOzoneClusterImpl-50c7d050-525b-4c2f-a0f3-57dee4820741/datanode-0/data/containers/hdds of  storage type : DISK and capacity : 1482555576320
2019-10-04 17:48:08,490 [main] INFO  volume.VolumeSet (VolumeSet.java:initializeVolumeSet(170)) - Added Volume : /workdir/hadoop-ozone/integration-test/target/test-dir/MiniOzoneClusterImpl-50c7d050-525b-4c2f-a0f3-57dee4820741/datanode-0/data/containers/hdds to VolumeSet
2019-10-04 17:48:08,493 [main] INFO  volume.ThrottledAsyncChecker (ThrottledAsyncChecker.java:schedule(139)) - Scheduling a check for org.apache.hadoop.ozone.container.common.volume.HddsVolume@7a231dfd
2019-10-04 17:48:08,512 [main] INFO  volume.HddsVolumeChecker (HddsVolumeChecker.java:checkAllVolumes(202)) - Scheduled health check for volume org.apache.hadoop.ozone.container.common.volume.HddsVolume@7a231dfd
2019-10-04 17:48:08,646 [main] INFO  impl.RaftServerProxy (ConfUtils.java:logGet(43)) - raft.rpc.type = GRPC (default)
2019-10-04 17:48:08,720 [main] INFO  grpc.GrpcFactory (GrpcFactory.java:checkPooledByteBufAllocatorUseCacheForAllThreads(45)) - PERFORMANCE WARNING: useCacheForAllThreads is true that may cause Netty to create a lot garbage objects and, as a result, trigger GC.
	It is recommended to disable useCacheForAllThreads by setting -Dorg.apache.ratis.thirdparty.io.netty.allocator.useCacheForAllThreads=false in command line.
2019-10-04 17:48:08,726 [main] INFO  grpc.GrpcConfigKeys$Server (ConfUtils.java:logGet(43)) - raft.grpc.server.port = 0 (default)
2019-10-04 17:48:08,727 [main] INFO  server.GrpcService (ConfUtils.java:logGet(43)) - raft.grpc.message.size.max = 33570816 (custom)
2019-10-04 17:48:08,729 [main] INFO  server.RaftServerConfigKeys (ConfUtils.java:logGet(43)) - raft.server.log.appender.buffer.byte-limit = 33554432 (custom)
2019-10-04 17:48:08,730 [main] INFO  server.GrpcService (ConfUtils.java:logGet(43)) - raft.grpc.flow.control.window = 1MB (=1048576) (default)
2019-10-04 17:48:08,731 [main] INFO  server.RaftServerConfigKeys (ConfUtils.java:logGet(43)) - raft.server.rpc.request.timeout = 3000ms (default)
2019-10-04 17:48:08,918 [main] INFO  server.RaftServerConfigKeys (ConfUtils.java:logGet(43)) - raft.server.storage.dir = [/workdir/hadoop-ozone/integration-test/target/test-dir/MiniOzoneClusterImpl-50c7d050-525b-4c2f-a0f3-57dee4820741/datanode-0/data/ratis] (custom)
2019-10-04 17:48:08,975 [main] INFO  hdfs.DFSUtil (DFSUtil.java:httpServerTemplateForNNAndJN(1641)) - Starting Web-server for hddsDatanode at: http://0.0.0.0:0
2019-10-04 17:48:08,977 [main] INFO  server.AuthenticationFilter (AuthenticationFilter.java:constructSecretProvider(240)) - Unable to initialize FileSignerSecretProvider, falling back to use random secrets.
2019-10-04 17:48:08,978 [main] WARN  http.HttpRequestLog (HttpRequestLog.java:getRequestLog(97)) - Jetty request log can only be enabled using Log4j
2019-10-04 17:48:08,980 [main] INFO  http.HttpServer2 (HttpServer2.java:addGlobalFilter(975)) - Added global filter 'safety' (class=org.apache.hadoop.http.HttpServer2$QuotingInputFilter)
2019-10-04 17:48:08,981 [main] INFO  http.HttpServer2 (HttpServer2.java:addFilter(948)) - Added filter static_user_filter (class=org.apache.hadoop.http.lib.StaticUserWebFilter$StaticUserFilter) to context hddsDatanode
2019-10-04 17:48:08,981 [main] INFO  http.HttpServer2 (HttpServer2.java:addFilter(958)) - Added filter static_user_filter (class=org.apache.hadoop.http.lib.StaticUserWebFilter$StaticUserFilter) to context static
2019-10-04 17:48:08,981 [main] INFO  http.HttpServer2 (HttpServer2.java:addFilter(958)) - Added filter static_user_filter (class=org.apache.hadoop.http.lib.StaticUserWebFilter$StaticUserFilter) to context logs
2019-10-04 17:48:08,982 [main] INFO  http.HttpServer2 (HttpServer2.java:bindListener(1191)) - Jetty bound to port 42589
2019-10-04 17:48:08,983 [main] INFO  server.Server (Server.java:doStart(351)) - jetty-9.3.24.v20180605, build timestamp: 2018-06-05T17:11:56Z, git hash: 84205aa28f11a4f31f2a3b86d1bba2cc8ab69827
2019-10-04 17:48:08,985 [main] INFO  handler.ContextHandler (ContextHandler.java:doStart(781)) - Started o.e.j.s.ServletContextHandler@60f70249{/logs,file:///workdir/hadoop-ozone/integration-test/target/log,AVAILABLE}
2019-10-04 17:48:08,986 [main] INFO  handler.ContextHandler (ContextHandler.java:doStart(781)) - Started o.e.j.s.ServletContextHandler@262816a8{/static,jar:file:/home/user/.m2/repository/org/apache/hadoop/hadoop-hdds-container-service/0.5.0-SNAPSHOT/hadoop-hdds-container-service-0.5.0-SNAPSHOT.jar!/webapps/static,AVAILABLE}
2019-10-04 17:48:09,025 [main] INFO  handler.ContextHandler (ContextHandler.java:doStart(781)) - Started o.e.j.w.WebAppContext@60bbacfc{/,file:///tmp/jetty-0.0.0.0-42589-hddsDatanode-_-any-6004587631357394845.dir/webapp/,AVAILABLE}{/hddsDatanode}
2019-10-04 17:48:09,025 [main] INFO  server.AbstractConnector (AbstractConnector.java:doStart(278)) - Started ServerConnector@65b97f47{HTTP/1.1,[http/1.1]}{0.0.0.0:42589}
2019-10-04 17:48:09,026 [main] INFO  server.Server (Server.java:doStart(419)) - Started @6292ms
2019-10-04 17:48:09,027 [main] WARN  impl.MetricsSystemImpl (MetricsSystemImpl.java:register(276)) - Sink prometheus already exists!
2019-10-04 17:48:09,028 [main] INFO  server.BaseHttpServer (BaseHttpServer.java:updateConnectorAddress(215)) - HTTP server of HDDSDATANODE is listening at http://0.0.0.0:42589
2019-10-04 17:48:09,029 [main] INFO  impl.MetricsSystemImpl (MetricsSystemImpl.java:init(158)) - HddsDatanode metrics system started (again)
2019-10-04 17:48:09,032 [main] INFO  ozone.HddsDatanodeService (HddsDatanodeService.java:start(184)) - HddsDatanodeService host:pr-hdds-2158-86xd4-943107921 ip:192.168.5.161
2019-10-04 17:48:09,034 [org.apache.hadoop.util.JvmPauseMonitor$Monitor@10cf215b] INFO  util.JvmPauseMonitor (JvmPauseMonitor.java:run(188)) - Starting JVM pause monitor
2019-10-04 17:48:09,040 [main] INFO  volume.HddsVolume (HddsVolume.java:<init>(176)) - Creating Volume: /workdir/hadoop-ozone/integration-test/target/test-dir/MiniOzoneClusterImpl-50c7d050-525b-4c2f-a0f3-57dee4820741/datanode-1/data/containers/hdds of  storage type : DISK and capacity : 1482555576320
2019-10-04 17:48:09,040 [main] INFO  volume.VolumeSet (VolumeSet.java:initializeVolumeSet(170)) - Added Volume : /workdir/hadoop-ozone/integration-test/target/test-dir/MiniOzoneClusterImpl-50c7d050-525b-4c2f-a0f3-57dee4820741/datanode-1/data/containers/hdds to VolumeSet
2019-10-04 17:48:09,041 [main] INFO  volume.ThrottledAsyncChecker (ThrottledAsyncChecker.java:schedule(139)) - Scheduling a check for org.apache.hadoop.ozone.container.common.volume.HddsVolume@3e33d73e
2019-10-04 17:48:09,041 [main] INFO  volume.HddsVolumeChecker (HddsVolumeChecker.java:checkAllVolumes(202)) - Scheduled health check for volume org.apache.hadoop.ozone.container.common.volume.HddsVolume@3e33d73e
2019-10-04 17:48:09,056 [main] INFO  impl.RaftServerProxy (ConfUtils.java:logGet(43)) - raft.rpc.type = GRPC (default)
2019-10-04 17:48:09,056 [main] INFO  grpc.GrpcFactory (GrpcFactory.java:checkPooledByteBufAllocatorUseCacheForAllThreads(45)) - PERFORMANCE WARNING: useCacheForAllThreads is true that may cause Netty to create a lot garbage objects and, as a result, trigger GC.
	It is recommended to disable useCacheForAllThreads by setting -Dorg.apache.ratis.thirdparty.io.netty.allocator.useCacheForAllThreads=false in command line.
2019-10-04 17:48:09,056 [main] INFO  grpc.GrpcConfigKeys$Server (ConfUtils.java:logGet(43)) - raft.grpc.server.port = 0 (default)
2019-10-04 17:48:09,057 [main] INFO  server.GrpcService (ConfUtils.java:logGet(43)) - raft.grpc.message.size.max = 33570816 (custom)
2019-10-04 17:48:09,057 [main] INFO  server.RaftServerConfigKeys (ConfUtils.java:logGet(43)) - raft.server.log.appender.buffer.byte-limit = 33554432 (custom)
2019-10-04 17:48:09,057 [main] INFO  server.GrpcService (ConfUtils.java:logGet(43)) - raft.grpc.flow.control.window = 1MB (=1048576) (default)
2019-10-04 17:48:09,057 [main] INFO  server.RaftServerConfigKeys (ConfUtils.java:logGet(43)) - raft.server.rpc.request.timeout = 3000ms (default)
2019-10-04 17:48:09,058 [main] INFO  server.RaftServerConfigKeys (ConfUtils.java:logGet(43)) - raft.server.storage.dir = [/workdir/hadoop-ozone/integration-test/target/test-dir/MiniOzoneClusterImpl-50c7d050-525b-4c2f-a0f3-57dee4820741/datanode-1/data/ratis] (custom)
2019-10-04 17:48:09,060 [main] INFO  hdfs.DFSUtil (DFSUtil.java:httpServerTemplateForNNAndJN(1641)) - Starting Web-server for hddsDatanode at: http://0.0.0.0:0
2019-10-04 17:48:09,061 [main] INFO  server.AuthenticationFilter (AuthenticationFilter.java:constructSecretProvider(240)) - Unable to initialize FileSignerSecretProvider, falling back to use random secrets.
2019-10-04 17:48:09,062 [main] WARN  http.HttpRequestLog (HttpRequestLog.java:getRequestLog(97)) - Jetty request log can only be enabled using Log4j
2019-10-04 17:48:09,063 [main] INFO  http.HttpServer2 (HttpServer2.java:addGlobalFilter(975)) - Added global filter 'safety' (class=org.apache.hadoop.http.HttpServer2$QuotingInputFilter)
2019-10-04 17:48:09,064 [main] INFO  http.HttpServer2 (HttpServer2.java:addFilter(948)) - Added filter static_user_filter (class=org.apache.hadoop.http.lib.StaticUserWebFilter$StaticUserFilter) to context hddsDatanode
2019-10-04 17:48:09,064 [main] INFO  http.HttpServer2 (HttpServer2.java:addFilter(958)) - Added filter static_user_filter (class=org.apache.hadoop.http.lib.StaticUserWebFilter$StaticUserFilter) to context static
2019-10-04 17:48:09,064 [main] INFO  http.HttpServer2 (HttpServer2.java:addFilter(958)) - Added filter static_user_filter (class=org.apache.hadoop.http.lib.StaticUserWebFilter$StaticUserFilter) to context logs
2019-10-04 17:48:09,065 [main] INFO  http.HttpServer2 (HttpServer2.java:bindListener(1191)) - Jetty bound to port 32966
2019-10-04 17:48:09,065 [main] INFO  server.Server (Server.java:doStart(351)) - jetty-9.3.24.v20180605, build timestamp: 2018-06-05T17:11:56Z, git hash: 84205aa28f11a4f31f2a3b86d1bba2cc8ab69827
2019-10-04 17:48:09,068 [main] INFO  handler.ContextHandler (ContextHandler.java:doStart(781)) - Started o.e.j.s.ServletContextHandler@4b6e1c0{/logs,file:///workdir/hadoop-ozone/integration-test/target/log,AVAILABLE}
2019-10-04 17:48:09,069 [main] INFO  handler.ContextHandler (ContextHandler.java:doStart(781)) - Started o.e.j.s.ServletContextHandler@654c7d2d{/static,jar:file:/home/user/.m2/repository/org/apache/hadoop/hadoop-hdds-container-service/0.5.0-SNAPSHOT/hadoop-hdds-container-service-0.5.0-SNAPSHOT.jar!/webapps/static,AVAILABLE}
2019-10-04 17:48:09,098 [main] INFO  handler.ContextHandler (ContextHandler.java:doStart(781)) - Started o.e.j.w.WebAppContext@7ceb4478{/,file:///tmp/jetty-0.0.0.0-32966-hddsDatanode-_-any-266830136556981500.dir/webapp/,AVAILABLE}{/hddsDatanode}
2019-10-04 17:48:09,098 [main] INFO  server.AbstractConnector (AbstractConnector.java:doStart(278)) - Started ServerConnector@7fdab70c{HTTP/1.1,[http/1.1]}{0.0.0.0:32966}
2019-10-04 17:48:09,099 [main] INFO  server.Server (Server.java:doStart(419)) - Started @6365ms
2019-10-04 17:48:09,100 [main] WARN  impl.MetricsSystemImpl (MetricsSystemImpl.java:register(276)) - Sink prometheus already exists!
2019-10-04 17:48:09,101 [main] INFO  server.BaseHttpServer (BaseHttpServer.java:updateConnectorAddress(215)) - HTTP server of HDDSDATANODE is listening at http://0.0.0.0:32966
2019-10-04 17:48:09,101 [main] INFO  impl.MetricsSystemImpl (MetricsSystemImpl.java:init(158)) - HddsDatanode metrics system started (again)
2019-10-04 17:48:09,104 [org.apache.hadoop.util.JvmPauseMonitor$Monitor@53b9c2f2] INFO  util.JvmPauseMonitor (JvmPauseMonitor.java:run(188)) - Starting JVM pause monitor
2019-10-04 17:48:09,104 [main] INFO  ozone.HddsDatanodeService (HddsDatanodeService.java:start(184)) - HddsDatanodeService host:pr-hdds-2158-86xd4-943107921 ip:192.168.5.161
2019-10-04 17:48:09,112 [main] INFO  volume.HddsVolume (HddsVolume.java:<init>(176)) - Creating Volume: /workdir/hadoop-ozone/integration-test/target/test-dir/MiniOzoneClusterImpl-50c7d050-525b-4c2f-a0f3-57dee4820741/datanode-2/data/containers/hdds of  storage type : DISK and capacity : 1482555576320
2019-10-04 17:48:09,112 [main] INFO  volume.VolumeSet (VolumeSet.java:initializeVolumeSet(170)) - Added Volume : /workdir/hadoop-ozone/integration-test/target/test-dir/MiniOzoneClusterImpl-50c7d050-525b-4c2f-a0f3-57dee4820741/datanode-2/data/containers/hdds to VolumeSet
2019-10-04 17:48:09,113 [main] INFO  volume.ThrottledAsyncChecker (ThrottledAsyncChecker.java:schedule(139)) - Scheduling a check for org.apache.hadoop.ozone.container.common.volume.HddsVolume@5e5af8e1
2019-10-04 17:48:09,113 [main] INFO  volume.HddsVolumeChecker (HddsVolumeChecker.java:checkAllVolumes(202)) - Scheduled health check for volume org.apache.hadoop.ozone.container.common.volume.HddsVolume@5e5af8e1
2019-10-04 17:48:09,126 [main] INFO  impl.RaftServerProxy (ConfUtils.java:logGet(43)) - raft.rpc.type = GRPC (default)
2019-10-04 17:48:09,126 [main] INFO  grpc.GrpcFactory (GrpcFactory.java:checkPooledByteBufAllocatorUseCacheForAllThreads(45)) - PERFORMANCE WARNING: useCacheForAllThreads is true that may cause Netty to create a lot garbage objects and, as a result, trigger GC.
	It is recommended to disable useCacheForAllThreads by setting -Dorg.apache.ratis.thirdparty.io.netty.allocator.useCacheForAllThreads=false in command line.
2019-10-04 17:48:09,126 [main] INFO  grpc.GrpcConfigKeys$Server (ConfUtils.java:logGet(43)) - raft.grpc.server.port = 0 (default)
2019-10-04 17:48:09,127 [main] INFO  server.GrpcService (ConfUtils.java:logGet(43)) - raft.grpc.message.size.max = 33570816 (custom)
2019-10-04 17:48:09,127 [main] INFO  server.RaftServerConfigKeys (ConfUtils.java:logGet(43)) - raft.server.log.appender.buffer.byte-limit = 33554432 (custom)
2019-10-04 17:48:09,127 [main] INFO  server.GrpcService (ConfUtils.java:logGet(43)) - raft.grpc.flow.control.window = 1MB (=1048576) (default)
2019-10-04 17:48:09,127 [main] INFO  server.RaftServerConfigKeys (ConfUtils.java:logGet(43)) - raft.server.rpc.request.timeout = 3000ms (default)
2019-10-04 17:48:09,128 [main] INFO  server.RaftServerConfigKeys (ConfUtils.java:logGet(43)) - raft.server.storage.dir = [/workdir/hadoop-ozone/integration-test/target/test-dir/MiniOzoneClusterImpl-50c7d050-525b-4c2f-a0f3-57dee4820741/datanode-2/data/ratis] (custom)
2019-10-04 17:48:09,130 [main] INFO  hdfs.DFSUtil (DFSUtil.java:httpServerTemplateForNNAndJN(1641)) - Starting Web-server for hddsDatanode at: http://0.0.0.0:0
2019-10-04 17:48:09,131 [main] INFO  server.AuthenticationFilter (AuthenticationFilter.java:constructSecretProvider(240)) - Unable to initialize FileSignerSecretProvider, falling back to use random secrets.
2019-10-04 17:48:09,131 [main] WARN  http.HttpRequestLog (HttpRequestLog.java:getRequestLog(97)) - Jetty request log can only be enabled using Log4j
2019-10-04 17:48:09,133 [main] INFO  http.HttpServer2 (HttpServer2.java:addGlobalFilter(975)) - Added global filter 'safety' (class=org.apache.hadoop.http.HttpServer2$QuotingInputFilter)
2019-10-04 17:48:09,134 [main] INFO  http.HttpServer2 (HttpServer2.java:addFilter(948)) - Added filter static_user_filter (class=org.apache.hadoop.http.lib.StaticUserWebFilter$StaticUserFilter) to context hddsDatanode
2019-10-04 17:48:09,134 [main] INFO  http.HttpServer2 (HttpServer2.java:addFilter(958)) - Added filter static_user_filter (class=org.apache.hadoop.http.lib.StaticUserWebFilter$StaticUserFilter) to context logs
2019-10-04 17:48:09,134 [main] INFO  http.HttpServer2 (HttpServer2.java:addFilter(958)) - Added filter static_user_filter (class=org.apache.hadoop.http.lib.StaticUserWebFilter$StaticUserFilter) to context static
2019-10-04 17:48:09,135 [main] INFO  http.HttpServer2 (HttpServer2.java:bindListener(1191)) - Jetty bound to port 41148
2019-10-04 17:48:09,135 [main] INFO  server.Server (Server.java:doStart(351)) - jetty-9.3.24.v20180605, build timestamp: 2018-06-05T17:11:56Z, git hash: 84205aa28f11a4f31f2a3b86d1bba2cc8ab69827
2019-10-04 17:48:09,138 [main] INFO  handler.ContextHandler (ContextHandler.java:doStart(781)) - Started o.e.j.s.ServletContextHandler@c3edf4c{/logs,file:///workdir/hadoop-ozone/integration-test/target/log,AVAILABLE}
2019-10-04 17:48:09,138 [main] INFO  handler.ContextHandler (ContextHandler.java:doStart(781)) - Started o.e.j.s.ServletContextHandler@799ed4e8{/static,jar:file:/home/user/.m2/repository/org/apache/hadoop/hadoop-hdds-container-service/0.5.0-SNAPSHOT/hadoop-hdds-container-service-0.5.0-SNAPSHOT.jar!/webapps/static,AVAILABLE}
2019-10-04 17:48:09,142 [Datanode State Machine Thread - 0] INFO  datanode.InitDatanodeState (InitDatanodeState.java:persistContainerDatanodeDetails(140)) - DatanodeDetails is persisted to /workdir/hadoop-ozone/integration-test/target/test-dir/MiniOzoneClusterImpl-50c7d050-525b-4c2f-a0f3-57dee4820741/datanode-0/meta/datanode.id
2019-10-04 17:48:09,145 [Datanode State Machine Thread - 0] INFO  datanode.InitDatanodeState (InitDatanodeState.java:persistContainerDatanodeDetails(140)) - DatanodeDetails is persisted to /workdir/hadoop-ozone/integration-test/target/test-dir/MiniOzoneClusterImpl-50c7d050-525b-4c2f-a0f3-57dee4820741/datanode-1/meta/datanode.id
2019-10-04 17:48:09,169 [main] INFO  handler.ContextHandler (ContextHandler.java:doStart(781)) - Started o.e.j.w.WebAppContext@599e4d41{/,file:///tmp/jetty-0.0.0.0-41148-hddsDatanode-_-any-86193090620500722.dir/webapp/,AVAILABLE}{/hddsDatanode}
2019-10-04 17:48:09,169 [main] INFO  server.AbstractConnector (AbstractConnector.java:doStart(278)) - Started ServerConnector@328d044f{HTTP/1.1,[http/1.1]}{0.0.0.0:41148}
2019-10-04 17:48:09,170 [main] INFO  server.Server (Server.java:doStart(419)) - Started @6436ms
2019-10-04 17:48:09,171 [main] WARN  impl.MetricsSystemImpl (MetricsSystemImpl.java:register(276)) - Sink prometheus already exists!
2019-10-04 17:48:09,171 [main] INFO  server.BaseHttpServer (BaseHttpServer.java:updateConnectorAddress(215)) - HTTP server of HDDSDATANODE is listening at http://0.0.0.0:41148
2019-10-04 17:48:09,172 [main] INFO  impl.MetricsSystemImpl (MetricsSystemImpl.java:init(158)) - HddsDatanode metrics system started (again)
2019-10-04 17:48:09,174 [org.apache.hadoop.util.JvmPauseMonitor$Monitor@69ddeb5a] INFO  util.JvmPauseMonitor (JvmPauseMonitor.java:run(188)) - Starting JVM pause monitor
2019-10-04 17:48:09,174 [main] INFO  ozone.HddsDatanodeService (HddsDatanodeService.java:start(184)) - HddsDatanodeService host:pr-hdds-2158-86xd4-943107921 ip:192.168.5.161
2019-10-04 17:48:09,176 [Datanode State Machine Thread - 0] INFO  datanode.InitDatanodeState (InitDatanodeState.java:persistContainerDatanodeDetails(140)) - DatanodeDetails is persisted to /workdir/hadoop-ozone/integration-test/target/test-dir/MiniOzoneClusterImpl-50c7d050-525b-4c2f-a0f3-57dee4820741/datanode-2/meta/datanode.id
2019-10-04 17:48:09,181 [main] INFO  volume.HddsVolume (HddsVolume.java:<init>(176)) - Creating Volume: /workdir/hadoop-ozone/integration-test/target/test-dir/MiniOzoneClusterImpl-50c7d050-525b-4c2f-a0f3-57dee4820741/datanode-3/data/containers/hdds of  storage type : DISK and capacity : 1482555576320
2019-10-04 17:48:09,182 [main] INFO  volume.VolumeSet (VolumeSet.java:initializeVolumeSet(170)) - Added Volume : /workdir/hadoop-ozone/integration-test/target/test-dir/MiniOzoneClusterImpl-50c7d050-525b-4c2f-a0f3-57dee4820741/datanode-3/data/containers/hdds to VolumeSet
2019-10-04 17:48:09,182 [main] INFO  volume.ThrottledAsyncChecker (ThrottledAsyncChecker.java:schedule(139)) - Scheduling a check for org.apache.hadoop.ozone.container.common.volume.HddsVolume@118ffcfd
2019-10-04 17:48:09,182 [main] INFO  volume.HddsVolumeChecker (HddsVolumeChecker.java:checkAllVolumes(202)) - Scheduled health check for volume org.apache.hadoop.ozone.container.common.volume.HddsVolume@118ffcfd
2019-10-04 17:48:09,194 [main] INFO  impl.RaftServerProxy (ConfUtils.java:logGet(43)) - raft.rpc.type = GRPC (default)
2019-10-04 17:48:09,195 [main] INFO  grpc.GrpcFactory (GrpcFactory.java:checkPooledByteBufAllocatorUseCacheForAllThreads(45)) - PERFORMANCE WARNING: useCacheForAllThreads is true that may cause Netty to create a lot garbage objects and, as a result, trigger GC.
	It is recommended to disable useCacheForAllThreads by setting -Dorg.apache.ratis.thirdparty.io.netty.allocator.useCacheForAllThreads=false in command line.
2019-10-04 17:48:09,195 [main] INFO  grpc.GrpcConfigKeys$Server (ConfUtils.java:logGet(43)) - raft.grpc.server.port = 0 (default)
2019-10-04 17:48:09,195 [main] INFO  server.GrpcService (ConfUtils.java:logGet(43)) - raft.grpc.message.size.max = 33570816 (custom)
2019-10-04 17:48:09,195 [main] INFO  server.RaftServerConfigKeys (ConfUtils.java:logGet(43)) - raft.server.log.appender.buffer.byte-limit = 33554432 (custom)
2019-10-04 17:48:09,195 [main] INFO  server.GrpcService (ConfUtils.java:logGet(43)) - raft.grpc.flow.control.window = 1MB (=1048576) (default)
2019-10-04 17:48:09,196 [main] INFO  server.RaftServerConfigKeys (ConfUtils.java:logGet(43)) - raft.server.rpc.request.timeout = 3000ms (default)
2019-10-04 17:48:09,196 [main] INFO  server.RaftServerConfigKeys (ConfUtils.java:logGet(43)) - raft.server.storage.dir = [/workdir/hadoop-ozone/integration-test/target/test-dir/MiniOzoneClusterImpl-50c7d050-525b-4c2f-a0f3-57dee4820741/datanode-3/data/ratis] (custom)
2019-10-04 17:48:09,198 [main] INFO  hdfs.DFSUtil (DFSUtil.java:httpServerTemplateForNNAndJN(1641)) - Starting Web-server for hddsDatanode at: http://0.0.0.0:0
2019-10-04 17:48:09,199 [main] INFO  server.AuthenticationFilter (AuthenticationFilter.java:constructSecretProvider(240)) - Unable to initialize FileSignerSecretProvider, falling back to use random secrets.
2019-10-04 17:48:09,199 [main] WARN  http.HttpRequestLog (HttpRequestLog.java:getRequestLog(97)) - Jetty request log can only be enabled using Log4j
2019-10-04 17:48:09,200 [main] INFO  http.HttpServer2 (HttpServer2.java:addGlobalFilter(975)) - Added global filter 'safety' (class=org.apache.hadoop.http.HttpServer2$QuotingInputFilter)
2019-10-04 17:48:09,201 [main] INFO  http.HttpServer2 (HttpServer2.java:addFilter(948)) - Added filter static_user_filter (class=org.apache.hadoop.http.lib.StaticUserWebFilter$StaticUserFilter) to context hddsDatanode
2019-10-04 17:48:09,201 [main] INFO  http.HttpServer2 (HttpServer2.java:addFilter(958)) - Added filter static_user_filter (class=org.apache.hadoop.http.lib.StaticUserWebFilter$StaticUserFilter) to context static
2019-10-04 17:48:09,201 [main] INFO  http.HttpServer2 (HttpServer2.java:addFilter(958)) - Added filter static_user_filter (class=org.apache.hadoop.http.lib.StaticUserWebFilter$StaticUserFilter) to context logs
2019-10-04 17:48:09,202 [main] INFO  http.HttpServer2 (HttpServer2.java:bindListener(1191)) - Jetty bound to port 39648
2019-10-04 17:48:09,202 [main] INFO  server.Server (Server.java:doStart(351)) - jetty-9.3.24.v20180605, build timestamp: 2018-06-05T17:11:56Z, git hash: 84205aa28f11a4f31f2a3b86d1bba2cc8ab69827
2019-10-04 17:48:09,206 [main] INFO  handler.ContextHandler (ContextHandler.java:doStart(781)) - Started o.e.j.s.ServletContextHandler@3cd9aa64{/logs,file:///workdir/hadoop-ozone/integration-test/target/log,AVAILABLE}
2019-10-04 17:48:09,206 [main] INFO  handler.ContextHandler (ContextHandler.java:doStart(781)) - Started o.e.j.s.ServletContextHandler@443effcb{/static,jar:file:/home/user/.m2/repository/org/apache/hadoop/hadoop-hdds-container-service/0.5.0-SNAPSHOT/hadoop-hdds-container-service-0.5.0-SNAPSHOT.jar!/webapps/static,AVAILABLE}
2019-10-04 17:48:09,234 [main] INFO  handler.ContextHandler (ContextHandler.java:doStart(781)) - Started o.e.j.w.WebAppContext@709ed6f3{/,file:///tmp/jetty-0.0.0.0-39648-hddsDatanode-_-any-7481239131616706067.dir/webapp/,AVAILABLE}{/hddsDatanode}
2019-10-04 17:48:09,234 [main] INFO  server.AbstractConnector (AbstractConnector.java:doStart(278)) - Started ServerConnector@698fee9a{HTTP/1.1,[http/1.1]}{0.0.0.0:39648}
2019-10-04 17:48:09,235 [main] INFO  server.Server (Server.java:doStart(419)) - Started @6501ms
2019-10-04 17:48:09,235 [main] WARN  impl.MetricsSystemImpl (MetricsSystemImpl.java:register(276)) - Sink prometheus already exists!
2019-10-04 17:48:09,236 [main] INFO  server.BaseHttpServer (BaseHttpServer.java:updateConnectorAddress(215)) - HTTP server of HDDSDATANODE is listening at http://0.0.0.0:39648
2019-10-04 17:48:09,238 [main] INFO  ozone.MiniOzoneClusterImpl (MiniOzoneClusterImpl.java:lambda$waitForClusterToBeReady$0(145)) - Waiting for cluster to be ready. Got 0 of 4 DN Heartbeats.
2019-10-04 17:48:09,239 [org.apache.hadoop.util.JvmPauseMonitor$Monitor@39e2c039] INFO  util.JvmPauseMonitor (JvmPauseMonitor.java:run(188)) - Starting JVM pause monitor
2019-10-04 17:48:09,242 [Datanode State Machine Thread - 0] INFO  datanode.InitDatanodeState (InitDatanodeState.java:persistContainerDatanodeDetails(140)) - DatanodeDetails is persisted to /workdir/hadoop-ozone/integration-test/target/test-dir/MiniOzoneClusterImpl-50c7d050-525b-4c2f-a0f3-57dee4820741/datanode-3/meta/datanode.id
2019-10-04 17:48:10,239 [main] INFO  ozone.MiniOzoneClusterImpl (MiniOzoneClusterImpl.java:lambda$waitForClusterToBeReady$0(145)) - Waiting for cluster to be ready. Got 0 of 4 DN Heartbeats.
2019-10-04 17:48:11,239 [main] INFO  ozone.MiniOzoneClusterImpl (MiniOzoneClusterImpl.java:lambda$waitForClusterToBeReady$0(145)) - Waiting for cluster to be ready. Got 0 of 4 DN Heartbeats.
2019-10-04 17:48:11,370 [Datanode State Machine Thread - 0] INFO  ozoneimpl.OzoneContainer (OzoneContainer.java:start(217)) - Attempting to start container services.
2019-10-04 17:48:11,371 [Datanode State Machine Thread - 0] INFO  ozoneimpl.OzoneContainer (OzoneContainer.java:start(217)) - Attempting to start container services.
2019-10-04 17:48:11,371 [Datanode State Machine Thread - 0] INFO  ozoneimpl.OzoneContainer (OzoneContainer.java:start(217)) - Attempting to start container services.
2019-10-04 17:48:11,371 [Datanode State Machine Thread - 0] INFO  ozoneimpl.OzoneContainer (OzoneContainer.java:start(217)) - Attempting to start container services.
2019-10-04 17:48:11,380 [Datanode State Machine Thread - 0] INFO  ozoneimpl.OzoneContainer (OzoneContainer.java:startContainerScrub(179)) - Background container scanner has been disabled.
2019-10-04 17:48:11,380 [Datanode State Machine Thread - 0] INFO  ozoneimpl.OzoneContainer (OzoneContainer.java:startContainerScrub(179)) - Background container scanner has been disabled.
2019-10-04 17:48:11,380 [Datanode State Machine Thread - 0] INFO  ozoneimpl.OzoneContainer (OzoneContainer.java:startContainerScrub(179)) - Background container scanner has been disabled.
2019-10-04 17:48:11,380 [Datanode State Machine Thread - 0] INFO  ozoneimpl.OzoneContainer (OzoneContainer.java:startContainerScrub(179)) - Background container scanner has been disabled.
2019-10-04 17:48:11,381 [Datanode State Machine Thread - 0] INFO  ratis.XceiverServerRatis (XceiverServerRatis.java:start(411)) - Starting XceiverServerRatis 061d00a7-903b-4f59-9976-6b8853907499 at port 0
2019-10-04 17:48:11,380 [Datanode State Machine Thread - 0] INFO  ratis.XceiverServerRatis (XceiverServerRatis.java:start(411)) - Starting XceiverServerRatis d4ea6eb3-f1cc-45fe-97a1-46bfecc6da5f at port 0
2019-10-04 17:48:11,380 [Datanode State Machine Thread - 0] INFO  ratis.XceiverServerRatis (XceiverServerRatis.java:start(411)) - Starting XceiverServerRatis f6479c76-74f9-47ae-803c-23ec4c67d329 at port 0
2019-10-04 17:48:11,381 [Datanode State Machine Thread - 0] INFO  ratis.XceiverServerRatis (XceiverServerRatis.java:start(411)) - Starting XceiverServerRatis a7ceaa18-5a38-47e1-85f2-e90b46db6857 at port 0
2019-10-04 17:48:11,440 [Datanode State Machine Thread - 0] INFO  impl.RaftServerProxy (RaftServerProxy.java:lambda$start$3(299)) - f6479c76-74f9-47ae-803c-23ec4c67d329: start RPC server
2019-10-04 17:48:11,441 [Datanode State Machine Thread - 0] INFO  impl.RaftServerProxy (RaftServerProxy.java:lambda$start$3(299)) - a7ceaa18-5a38-47e1-85f2-e90b46db6857: start RPC server
2019-10-04 17:48:11,440 [Datanode State Machine Thread - 0] INFO  impl.RaftServerProxy (RaftServerProxy.java:lambda$start$3(299)) - d4ea6eb3-f1cc-45fe-97a1-46bfecc6da5f: start RPC server
2019-10-04 17:48:11,440 [Datanode State Machine Thread - 0] INFO  impl.RaftServerProxy (RaftServerProxy.java:lambda$start$3(299)) - 061d00a7-903b-4f59-9976-6b8853907499: start RPC server
2019-10-04 17:48:11,604 [Datanode State Machine Thread - 0] INFO  server.GrpcService (GrpcService.java:startImpl(158)) - 061d00a7-903b-4f59-9976-6b8853907499: GrpcService started, listening on 0.0.0.0/0.0.0.0:42868
2019-10-04 17:48:11,604 [Datanode State Machine Thread - 0] INFO  server.GrpcService (GrpcService.java:startImpl(158)) - a7ceaa18-5a38-47e1-85f2-e90b46db6857: GrpcService started, listening on 0.0.0.0/0.0.0.0:43270
2019-10-04 17:48:11,604 [Datanode State Machine Thread - 0] INFO  server.GrpcService (GrpcService.java:startImpl(158)) - d4ea6eb3-f1cc-45fe-97a1-46bfecc6da5f: GrpcService started, listening on 0.0.0.0/0.0.0.0:44062
2019-10-04 17:48:11,604 [Datanode State Machine Thread - 0] INFO  server.GrpcService (GrpcService.java:startImpl(158)) - f6479c76-74f9-47ae-803c-23ec4c67d329: GrpcService started, listening on 0.0.0.0/0.0.0.0:38928
2019-10-04 17:48:11,605 [Datanode State Machine Thread - 0] INFO  ratis.XceiverServerRatis (XceiverServerRatis.java:start(421)) - XceiverServerRatis d4ea6eb3-f1cc-45fe-97a1-46bfecc6da5f is started using port 44062
2019-10-04 17:48:11,605 [Datanode State Machine Thread - 0] INFO  ratis.XceiverServerRatis (XceiverServerRatis.java:start(421)) - XceiverServerRatis a7ceaa18-5a38-47e1-85f2-e90b46db6857 is started using port 43270
2019-10-04 17:48:11,605 [Datanode State Machine Thread - 0] INFO  ratis.XceiverServerRatis (XceiverServerRatis.java:start(421)) - XceiverServerRatis 061d00a7-903b-4f59-9976-6b8853907499 is started using port 42868
2019-10-04 17:48:11,606 [Datanode State Machine Thread - 0] INFO  ratis.XceiverServerRatis (XceiverServerRatis.java:start(421)) - XceiverServerRatis f6479c76-74f9-47ae-803c-23ec4c67d329 is started using port 38928
2019-10-04 17:48:11,615 [Datanode State Machine Thread - 0] INFO  server.XceiverServerGrpc (XceiverServerGrpc.java:start(163)) - XceiverServerGrpc 061d00a7-903b-4f59-9976-6b8853907499 is started using port 39796
2019-10-04 17:48:11,615 [Datanode State Machine Thread - 0] INFO  server.XceiverServerGrpc (XceiverServerGrpc.java:start(163)) - XceiverServerGrpc f6479c76-74f9-47ae-803c-23ec4c67d329 is started using port 45890
2019-10-04 17:48:11,615 [Datanode State Machine Thread - 0] INFO  server.XceiverServerGrpc (XceiverServerGrpc.java:start(163)) - XceiverServerGrpc a7ceaa18-5a38-47e1-85f2-e90b46db6857 is started using port 39271
2019-10-04 17:48:11,615 [Datanode State Machine Thread - 0] INFO  server.XceiverServerGrpc (XceiverServerGrpc.java:start(163)) - XceiverServerGrpc d4ea6eb3-f1cc-45fe-97a1-46bfecc6da5f is started using port 39944
2019-10-04 17:48:12,240 [main] INFO  ozone.MiniOzoneClusterImpl (MiniOzoneClusterImpl.java:lambda$waitForClusterToBeReady$0(145)) - Waiting for cluster to be ready. Got 0 of 4 DN Heartbeats.
2019-10-04 17:48:13,070 [IPC Server handler 1 on 44085] INFO  net.NetworkTopology (NetworkTopologyImpl.java:add(111)) - Added a new node: /default-rack/d4ea6eb3-f1cc-45fe-97a1-46bfecc6da5f
2019-10-04 17:48:13,072 [IPC Server handler 1 on 44085] INFO  node.SCMNodeManager (SCMNodeManager.java:register(266)) - Registered Data node : d4ea6eb3-f1cc-45fe-97a1-46bfecc6da5f{ip: 192.168.5.161, host: pr-hdds-2158-86xd4-943107921, networkLocation: /default-rack, certSerialId: null}
2019-10-04 17:48:13,075 [EventQueue-NodeRegistrationContainerReportForDataNodeSafeModeRule] INFO  safemode.SCMSafeModeManager (DataNodeSafeModeRule.java:process(71)) - SCM in safe mode. 1 DataNodes registered, 1 required.
2019-10-04 17:48:13,076 [EventQueue-NodeRegistrationContainerReportForDataNodeSafeModeRule] INFO  safemode.SCMSafeModeManager (SCMSafeModeManager.java:validateSafeModeExitRules(177)) - ScmSafeModeManager, all rules are successfully validated
2019-10-04 17:48:13,076 [EventQueue-NodeRegistrationContainerReportForDataNodeSafeModeRule] INFO  safemode.SCMSafeModeManager (SCMSafeModeManager.java:exitSafeMode(193)) - SCM exiting safe mode.
2019-10-04 17:48:13,106 [IPC Server handler 2 on 44085] INFO  net.NetworkTopology (NetworkTopologyImpl.java:add(111)) - Added a new node: /default-rack/061d00a7-903b-4f59-9976-6b8853907499
2019-10-04 17:48:13,106 [IPC Server handler 2 on 44085] INFO  node.SCMNodeManager (SCMNodeManager.java:register(266)) - Registered Data node : 061d00a7-903b-4f59-9976-6b8853907499{ip: 192.168.5.161, host: pr-hdds-2158-86xd4-943107921, networkLocation: /default-rack, certSerialId: null}
2019-10-04 17:48:13,177 [IPC Server handler 0 on 44085] INFO  net.NetworkTopology (NetworkTopologyImpl.java:add(111)) - Added a new node: /default-rack/f6479c76-74f9-47ae-803c-23ec4c67d329
2019-10-04 17:48:13,177 [IPC Server handler 0 on 44085] INFO  node.SCMNodeManager (SCMNodeManager.java:register(266)) - Registered Data node : f6479c76-74f9-47ae-803c-23ec4c67d329{ip: 192.168.5.161, host: pr-hdds-2158-86xd4-943107921, networkLocation: /default-rack, certSerialId: null}
2019-10-04 17:48:13,240 [main] INFO  ozone.MiniOzoneClusterImpl (MiniOzoneClusterImpl.java:lambda$waitForClusterToBeReady$0(145)) - Waiting for cluster to be ready. Got 3 of 4 DN Heartbeats.
2019-10-04 17:48:13,243 [IPC Server handler 4 on 44085] INFO  net.NetworkTopology (NetworkTopologyImpl.java:add(111)) - Added a new node: /default-rack/a7ceaa18-5a38-47e1-85f2-e90b46db6857
2019-10-04 17:48:13,244 [IPC Server handler 4 on 44085] INFO  node.SCMNodeManager (SCMNodeManager.java:register(266)) - Registered Data node : a7ceaa18-5a38-47e1-85f2-e90b46db6857{ip: 192.168.5.161, host: pr-hdds-2158-86xd4-943107921, networkLocation: /default-rack, certSerialId: null}
2019-10-04 17:48:13,566 [grpc-default-executor-0] INFO  impl.RaftServerProxy (RaftServerProxy.java:addNew(89)) - d4ea6eb3-f1cc-45fe-97a1-46bfecc6da5f: addNew group-735B691D0004:[d4ea6eb3-f1cc-45fe-97a1-46bfecc6da5f:192.168.5.161:44062] returns group-735B691D0004:java.util.concurrent.CompletableFuture@2e655f4[Not completed]
2019-10-04 17:48:13,586 [pool-27-thread-1] INFO  impl.RaftServerImpl (RaftServerImpl.java:<init>(95)) - d4ea6eb3-f1cc-45fe-97a1-46bfecc6da5f: new RaftServerImpl for group-735B691D0004:[d4ea6eb3-f1cc-45fe-97a1-46bfecc6da5f:192.168.5.161:44062] with ContainerStateMachine:uninitialized
2019-10-04 17:48:13,589 [pool-27-thread-1] INFO  server.RaftServerConfigKeys (ConfUtils.java:logGet(43)) - raft.server.rpc.timeout.min = 5s (custom)
2019-10-04 17:48:13,590 [pool-27-thread-1] INFO  server.RaftServerConfigKeys (ConfUtils.java:logGet(43)) - raft.server.rpc.timeout.max = 5200ms (custom)
2019-10-04 17:48:13,591 [pool-27-thread-1] INFO  server.RaftServerConfigKeys (ConfUtils.java:logGet(43)) - raft.server.rpcslowness.timeout = 1000s (custom)
2019-10-04 17:48:13,591 [pool-27-thread-1] INFO  server.RaftServerConfigKeys (ConfUtils.java:logGet(43)) - raft.server.sleep.deviation.threshold = 300 (default)
2019-10-04 17:48:13,592 [pool-27-thread-1] INFO  server.RaftServerConfigKeys (ConfUtils.java:logGet(43)) - raft.server.log.appender.install.snapshot.enabled = false (custom)
2019-10-04 17:48:13,600 [pool-27-thread-1] INFO  impl.RaftServerImpl (ServerState.java:<init>(103)) - d4ea6eb3-f1cc-45fe-97a1-46bfecc6da5f@group-735B691D0004: ConfigurationManager, init=-1: [d4ea6eb3-f1cc-45fe-97a1-46bfecc6da5f:192.168.5.161:44062], old=null, confs=<EMPTY_MAP>
2019-10-04 17:48:13,601 [pool-27-thread-1] INFO  server.RaftServerConfigKeys (ConfUtils.java:logGet(43)) - raft.server.storage.dir = [/workdir/hadoop-ozone/integration-test/target/test-dir/MiniOzoneClusterImpl-50c7d050-525b-4c2f-a0f3-57dee4820741/datanode-0/data/ratis] (custom)
2019-10-04 17:48:13,611 [pool-27-thread-1] INFO  storage.RaftStorageDirectory (RaftStorageDirectory.java:analyzeStorage(246)) - The storage directory /workdir/hadoop-ozone/integration-test/target/test-dir/MiniOzoneClusterImpl-50c7d050-525b-4c2f-a0f3-57dee4820741/datanode-0/data/ratis/a35b4900-6566-4a18-aee8-735b691d0004 does not exist. Creating ...
2019-10-04 17:48:13,671 [pool-27-thread-1] INFO  storage.RaftStorageDirectory (RaftStorageDirectory.java:tryLock(328)) - Lock on /workdir/hadoop-ozone/integration-test/target/test-dir/MiniOzoneClusterImpl-50c7d050-525b-4c2f-a0f3-57dee4820741/datanode-0/data/ratis/a35b4900-6566-4a18-aee8-735b691d0004/in_use.lock acquired by nodename 30567@pr-hdds-2158-86xd4-943107921
2019-10-04 17:48:13,688 [pool-27-thread-1] INFO  storage.RaftStorage (RaftStorage.java:format(72)) - Storage directory /workdir/hadoop-ozone/integration-test/target/test-dir/MiniOzoneClusterImpl-50c7d050-525b-4c2f-a0f3-57dee4820741/datanode-0/data/ratis/a35b4900-6566-4a18-aee8-735b691d0004 has been successfully formatted.
2019-10-04 17:48:13,692 [pool-27-thread-1] INFO  ratis.ContainerStateMachine (ContainerStateMachine.java:loadSnapshot(230)) - group-735B691D0004: The snapshot info is null. Setting the last applied indexto:(t:0, i:~)
2019-10-04 17:48:13,692 [pool-27-thread-1] INFO  server.RaftServerConfigKeys (ConfUtils.java:logGet(43)) - raft.server.notification.no-leader.timeout = 1000s (custom)
2019-10-04 17:48:13,696 [pool-27-thread-1] INFO  server.RaftServerConfigKeys (ConfUtils.java:logGet(43)) - raft.server.log.use.memory = false (default)
2019-10-04 17:48:13,704 [pool-27-thread-1] INFO  server.RaftServerConfigKeys (ConfUtils.java:logGet(43)) - raft.server.log.purge.gap = 1000000 (custom)
2019-10-04 17:48:13,704 [pool-27-thread-1] INFO  server.RaftServerConfigKeys (ConfUtils.java:logGet(43)) - raft.server.log.appender.buffer.byte-limit = 33554432 (custom)
2019-10-04 17:48:13,707 [pool-27-thread-1] INFO  server.RaftServerConfigKeys (ConfUtils.java:logGet(43)) - raft.server.log.segment.size.max = 1048576 (custom)
2019-10-04 17:48:13,713 [pool-27-thread-1] INFO  server.RaftServerConfigKeys (ConfUtils.java:logGet(43)) - raft.server.log.segment.cache.num.max = 2 (custom)
2019-10-04 17:48:13,721 [pool-27-thread-1] INFO  segmented.SegmentedRaftLogWorker (SegmentedRaftLogWorker.java:<init>(172)) - new d4ea6eb3-f1cc-45fe-97a1-46bfecc6da5f@group-735B691D0004-SegmentedRaftLogWorker for RaftStorage:Storage Directory /workdir/hadoop-ozone/integration-test/target/test-dir/MiniOzoneClusterImpl-50c7d050-525b-4c2f-a0f3-57dee4820741/datanode-0/data/ratis/a35b4900-6566-4a18-aee8-735b691d0004
2019-10-04 17:48:13,722 [pool-27-thread-1] INFO  impl.MetricsSystemImpl (MetricsSystemImpl.java:init(158)) - ratis metrics system started (again)
2019-10-04 17:48:13,769 [pool-27-thread-1] INFO  server.RaftServerConfigKeys (ConfUtils.java:logGet(43)) - raft.server.log.queue.byte-limit = 2147483647 (custom)
2019-10-04 17:48:13,770 [pool-27-thread-1] INFO  server.RaftServerConfigKeys (ConfUtils.java:logGet(43)) - raft.server.log.queue.element-limit = 1024 (custom)
2019-10-04 17:48:13,774 [pool-27-thread-1] INFO  server.RaftServerConfigKeys (ConfUtils.java:logGet(43)) - raft.server.log.segment.size.max = 1048576 (custom)
2019-10-04 17:48:13,775 [pool-27-thread-1] INFO  server.RaftServerConfigKeys (ConfUtils.java:logGet(43)) - raft.server.log.preallocated.size = 16384 (custom)
2019-10-04 17:48:13,775 [pool-27-thread-1] INFO  server.RaftServerConfigKeys (ConfUtils.java:logGet(43)) - raft.server.log.write.buffer.size = 33554432 (custom)
2019-10-04 17:48:13,776 [pool-27-thread-1] INFO  server.RaftServerConfigKeys (ConfUtils.java:logGet(43)) - raft.server.log.force.sync.num = 128 (default)
2019-10-04 17:48:13,777 [pool-27-thread-1] INFO  server.RaftServerConfigKeys (ConfUtils.java:logGet(43)) - raft.server.log.statemachine.data.sync = true (default)
2019-10-04 17:48:13,777 [pool-27-thread-1] INFO  server.RaftServerConfigKeys (ConfUtils.java:logGet(43)) - raft.server.log.statemachine.data.sync.timeout = 10s (default)
2019-10-04 17:48:13,778 [pool-27-thread-1] INFO  server.RaftServerConfigKeys (ConfUtils.java:logGet(43)) - raft.server.log.statemachine.data.sync.timeout.retry = -1 (default)
2019-10-04 17:48:13,787 [pool-27-thread-1] INFO  server.RaftServerConfigKeys (ConfUtils.java:logGet(43)) - raft.server.log.statemachine.data.caching.enabled = true (custom)
2019-10-04 17:48:13,793 [pool-27-thread-1] INFO  segmented.SegmentedRaftLogWorker (SegmentedRaftLogWorker.java:lambda$new$0(132)) - d4ea6eb3-f1cc-45fe-97a1-46bfecc6da5f@group-735B691D0004-SegmentedRaftLogWorker: flushIndex: setUnconditionally 0 -> -1
2019-10-04 17:48:13,797 [pool-27-thread-1] INFO  server.RaftServerConfigKeys (ConfUtils.java:logGet(43)) - raft.server.snapshot.auto.trigger.enabled = true (custom)
2019-10-04 17:48:13,798 [pool-27-thread-1] INFO  server.RaftServerConfigKeys (ConfUtils.java:logGet(43)) - raft.server.snapshot.auto.trigger.threshold = 10000 (custom)
2019-10-04 17:48:13,799 [pool-27-thread-1] INFO  server.RaftServerConfigKeys (ConfUtils.java:logGet(43)) - raft.server.snapshot.retention.num.files = 5 (custom)
2019-10-04 17:48:13,800 [pool-27-thread-1] INFO  server.RaftServerConfigKeys (ConfUtils.java:logGet(43)) - raft.server.retrycache.expirytime = 600000ms (custom)
2019-10-04 17:48:13,827 [pool-27-thread-1] INFO  impl.RaftServerImpl (RaftServerImpl.java:start(185)) - d4ea6eb3-f1cc-45fe-97a1-46bfecc6da5f@group-735B691D0004: start as a follower, conf=-1: [d4ea6eb3-f1cc-45fe-97a1-46bfecc6da5f:192.168.5.161:44062], old=null
2019-10-04 17:48:13,828 [pool-27-thread-1] INFO  impl.RaftServerImpl (RaftServerImpl.java:setRole(174)) - d4ea6eb3-f1cc-45fe-97a1-46bfecc6da5f@group-735B691D0004: changes role from      null to FOLLOWER at term 0 for startAsFollower
2019-10-04 17:48:13,829 [pool-27-thread-1] INFO  impl.RoleInfo (RoleInfo.java:updateAndGet(143)) - d4ea6eb3-f1cc-45fe-97a1-46bfecc6da5f: start FollowerState
2019-10-04 17:48:13,831 [pool-27-thread-1] INFO  util.JmxRegister (JmxRegister.java:tryRegister(44)) - Successfully registered JMX Bean with object name Ratis:service=RaftServer,group=group-735B691D0004,id=d4ea6eb3-f1cc-45fe-97a1-46bfecc6da5f
2019-10-04 17:48:13,899 [RatisPipelineUtilsThread] INFO  pipeline.PipelineStateManager (PipelineStateManager.java:addPipeline(56)) - Created pipeline Pipeline[ Id: a35b4900-6566-4a18-aee8-735b691d0004, Nodes: d4ea6eb3-f1cc-45fe-97a1-46bfecc6da5f{ip: 192.168.5.161, host: pr-hdds-2158-86xd4-943107921, networkLocation: /default-rack, certSerialId: null}, Type:RATIS, Factor:ONE, State:OPEN]
2019-10-04 17:48:13,920 [grpc-default-executor-0] INFO  impl.RaftServerProxy (RaftServerProxy.java:addNew(89)) - f6479c76-74f9-47ae-803c-23ec4c67d329: addNew group-1099891A9CA5:[f6479c76-74f9-47ae-803c-23ec4c67d329:192.168.5.161:38928] returns group-1099891A9CA5:java.util.concurrent.CompletableFuture@4955de60[Not completed]
2019-10-04 17:48:13,958 [pool-47-thread-1] INFO  impl.RaftServerImpl (RaftServerImpl.java:<init>(95)) - f6479c76-74f9-47ae-803c-23ec4c67d329: new RaftServerImpl for group-1099891A9CA5:[f6479c76-74f9-47ae-803c-23ec4c67d329:192.168.5.161:38928] with ContainerStateMachine:uninitialized
2019-10-04 17:48:13,960 [pool-47-thread-1] INFO  server.RaftServerConfigKeys (ConfUtils.java:logGet(43)) - raft.server.rpc.timeout.min = 5s (custom)
2019-10-04 17:48:13,960 [pool-47-thread-1] INFO  server.RaftServerConfigKeys (ConfUtils.java:logGet(43)) - raft.server.rpc.timeout.max = 5200ms (custom)
2019-10-04 17:48:13,961 [pool-47-thread-1] INFO  server.RaftServerConfigKeys (ConfUtils.java:logGet(43)) - raft.server.rpcslowness.timeout = 1000s (custom)
2019-10-04 17:48:13,961 [pool-47-thread-1] INFO  server.RaftServerConfigKeys (ConfUtils.java:logGet(43)) - raft.server.sleep.deviation.threshold = 300 (default)
2019-10-04 17:48:13,961 [pool-47-thread-1] INFO  server.RaftServerConfigKeys (ConfUtils.java:logGet(43)) - raft.server.log.appender.install.snapshot.enabled = false (custom)
2019-10-04 17:48:13,961 [pool-47-thread-1] INFO  impl.RaftServerImpl (ServerState.java:<init>(103)) - f6479c76-74f9-47ae-803c-23ec4c67d329@group-1099891A9CA5: ConfigurationManager, init=-1: [f6479c76-74f9-47ae-803c-23ec4c67d329:192.168.5.161:38928], old=null, confs=<EMPTY_MAP>
2019-10-04 17:48:13,961 [pool-47-thread-1] INFO  server.RaftServerConfigKeys (ConfUtils.java:logGet(43)) - raft.server.storage.dir = [/workdir/hadoop-ozone/integration-test/target/test-dir/MiniOzoneClusterImpl-50c7d050-525b-4c2f-a0f3-57dee4820741/datanode-2/data/ratis] (custom)
2019-10-04 17:48:13,962 [pool-47-thread-1] INFO  storage.RaftStorageDirectory (RaftStorageDirectory.java:analyzeStorage(246)) - The storage directory /workdir/hadoop-ozone/integration-test/target/test-dir/MiniOzoneClusterImpl-50c7d050-525b-4c2f-a0f3-57dee4820741/datanode-2/data/ratis/bf95d24b-2afb-47ca-a00f-1099891a9ca5 does not exist. Creating ...
2019-10-04 17:48:13,976 [pool-47-thread-1] INFO  storage.RaftStorageDirectory (RaftStorageDirectory.java:tryLock(328)) - Lock on /workdir/hadoop-ozone/integration-test/target/test-dir/MiniOzoneClusterImpl-50c7d050-525b-4c2f-a0f3-57dee4820741/datanode-2/data/ratis/bf95d24b-2afb-47ca-a00f-1099891a9ca5/in_use.lock acquired by nodename 30567@pr-hdds-2158-86xd4-943107921
2019-10-04 17:48:13,989 [pool-47-thread-1] INFO  storage.RaftStorage (RaftStorage.java:format(72)) - Storage directory /workdir/hadoop-ozone/integration-test/target/test-dir/MiniOzoneClusterImpl-50c7d050-525b-4c2f-a0f3-57dee4820741/datanode-2/data/ratis/bf95d24b-2afb-47ca-a00f-1099891a9ca5 has been successfully formatted.
2019-10-04 17:48:13,990 [pool-47-thread-1] INFO  ratis.ContainerStateMachine (ContainerStateMachine.java:loadSnapshot(230)) - group-1099891A9CA5: The snapshot info is null. Setting the last applied indexto:(t:0, i:~)
2019-10-04 17:48:13,991 [pool-47-thread-1] INFO  server.RaftServerConfigKeys (ConfUtils.java:logGet(43)) - raft.server.notification.no-leader.timeout = 1000s (custom)
2019-10-04 17:48:13,991 [pool-47-thread-1] INFO  server.RaftServerConfigKeys (ConfUtils.java:logGet(43)) - raft.server.log.use.memory = false (default)
2019-10-04 17:48:13,991 [pool-47-thread-1] INFO  server.RaftServerConfigKeys (ConfUtils.java:logGet(43)) - raft.server.log.purge.gap = 1000000 (custom)
2019-10-04 17:48:13,992 [pool-47-thread-1] INFO  server.RaftServerConfigKeys (ConfUtils.java:logGet(43)) - raft.server.log.appender.buffer.byte-limit = 33554432 (custom)
2019-10-04 17:48:13,992 [pool-47-thread-1] INFO  server.RaftServerConfigKeys (ConfUtils.java:logGet(43)) - raft.server.log.segment.size.max = 1048576 (custom)
2019-10-04 17:48:13,992 [pool-47-thread-1] INFO  server.RaftServerConfigKeys (ConfUtils.java:logGet(43)) - raft.server.log.segment.cache.num.max = 2 (custom)
2019-10-04 17:48:13,992 [pool-47-thread-1] INFO  segmented.SegmentedRaftLogWorker (SegmentedRaftLogWorker.java:<init>(172)) - new f6479c76-74f9-47ae-803c-23ec4c67d329@group-1099891A9CA5-SegmentedRaftLogWorker for RaftStorage:Storage Directory /workdir/hadoop-ozone/integration-test/target/test-dir/MiniOzoneClusterImpl-50c7d050-525b-4c2f-a0f3-57dee4820741/datanode-2/data/ratis/bf95d24b-2afb-47ca-a00f-1099891a9ca5
2019-10-04 17:48:13,997 [pool-47-thread-1] INFO  server.RaftServerConfigKeys (ConfUtils.java:logGet(43)) - raft.server.log.queue.byte-limit = 2147483647 (custom)
2019-10-04 17:48:13,997 [pool-47-thread-1] INFO  server.RaftServerConfigKeys (ConfUtils.java:logGet(43)) - raft.server.log.queue.element-limit = 1024 (custom)
2019-10-04 17:48:13,997 [pool-47-thread-1] INFO  server.RaftServerConfigKeys (ConfUtils.java:logGet(43)) - raft.server.log.segment.size.max = 1048576 (custom)
2019-10-04 17:48:13,998 [pool-47-thread-1] INFO  server.RaftServerConfigKeys (ConfUtils.java:logGet(43)) - raft.server.log.preallocated.size = 16384 (custom)
2019-10-04 17:48:13,998 [pool-47-thread-1] INFO  server.RaftServerConfigKeys (ConfUtils.java:logGet(43)) - raft.server.log.write.buffer.size = 33554432 (custom)
2019-10-04 17:48:13,998 [pool-47-thread-1] INFO  server.RaftServerConfigKeys (ConfUtils.java:logGet(43)) - raft.server.log.force.sync.num = 128 (default)
2019-10-04 17:48:13,998 [pool-47-thread-1] INFO  server.RaftServerConfigKeys (ConfUtils.java:logGet(43)) - raft.server.log.statemachine.data.sync = true (default)
2019-10-04 17:48:13,998 [pool-47-thread-1] INFO  server.RaftServerConfigKeys (ConfUtils.java:logGet(43)) - raft.server.log.statemachine.data.sync.timeout = 10s (default)
2019-10-04 17:48:13,998 [pool-47-thread-1] INFO  server.RaftServerConfigKeys (ConfUtils.java:logGet(43)) - raft.server.log.statemachine.data.sync.timeout.retry = -1 (default)
2019-10-04 17:48:13,999 [pool-47-thread-1] INFO  server.RaftServerConfigKeys (ConfUtils.java:logGet(43)) - raft.server.log.statemachine.data.caching.enabled = true (custom)
2019-10-04 17:48:13,999 [pool-47-thread-1] INFO  segmented.SegmentedRaftLogWorker (SegmentedRaftLogWorker.java:lambda$new$0(132)) - f6479c76-74f9-47ae-803c-23ec4c67d329@group-1099891A9CA5-SegmentedRaftLogWorker: flushIndex: setUnconditionally 0 -> -1
2019-10-04 17:48:13,999 [pool-47-thread-1] INFO  server.RaftServerConfigKeys (ConfUtils.java:logGet(43)) - raft.server.snapshot.auto.trigger.enabled = true (custom)
2019-10-04 17:48:13,999 [pool-47-thread-1] INFO  server.RaftServerConfigKeys (ConfUtils.java:logGet(43)) - raft.server.snapshot.auto.trigger.threshold = 10000 (custom)
2019-10-04 17:48:13,999 [pool-47-thread-1] INFO  server.RaftServerConfigKeys (ConfUtils.java:logGet(43)) - raft.server.snapshot.retention.num.files = 5 (custom)
2019-10-04 17:48:14,000 [pool-47-thread-1] INFO  server.RaftServerConfigKeys (ConfUtils.java:logGet(43)) - raft.server.retrycache.expirytime = 600000ms (custom)
2019-10-04 17:48:14,004 [pool-47-thread-1] INFO  impl.RaftServerImpl (RaftServerImpl.java:start(185)) - f6479c76-74f9-47ae-803c-23ec4c67d329@group-1099891A9CA5: start as a follower, conf=-1: [f6479c76-74f9-47ae-803c-23ec4c67d329:192.168.5.161:38928], old=null
2019-10-04 17:48:14,004 [pool-47-thread-1] INFO  impl.RaftServerImpl (RaftServerImpl.java:setRole(174)) - f6479c76-74f9-47ae-803c-23ec4c67d329@group-1099891A9CA5: changes role from      null to FOLLOWER at term 0 for startAsFollower
2019-10-04 17:48:14,004 [pool-47-thread-1] INFO  impl.RoleInfo (RoleInfo.java:updateAndGet(143)) - f6479c76-74f9-47ae-803c-23ec4c67d329: start FollowerState
2019-10-04 17:48:14,011 [pool-47-thread-1] INFO  util.JmxRegister (JmxRegister.java:tryRegister(44)) - Successfully registered JMX Bean with object name Ratis:service=RaftServer,group=group-1099891A9CA5,id=f6479c76-74f9-47ae-803c-23ec4c67d329
2019-10-04 17:48:14,021 [RatisPipelineUtilsThread] INFO  pipeline.PipelineStateManager (PipelineStateManager.java:addPipeline(56)) - Created pipeline Pipeline[ Id: bf95d24b-2afb-47ca-a00f-1099891a9ca5, Nodes: f6479c76-74f9-47ae-803c-23ec4c67d329{ip: 192.168.5.161, host: pr-hdds-2158-86xd4-943107921, networkLocation: /default-rack, certSerialId: null}, Type:RATIS, Factor:ONE, State:OPEN]
2019-10-04 17:48:14,038 [grpc-default-executor-0] INFO  impl.RaftServerProxy (RaftServerProxy.java:addNew(89)) - a7ceaa18-5a38-47e1-85f2-e90b46db6857: addNew group-B8D56D73270A:[a7ceaa18-5a38-47e1-85f2-e90b46db6857:192.168.5.161:43270] returns group-B8D56D73270A:java.util.concurrent.CompletableFuture@3636bed7[Not completed]
2019-10-04 17:48:14,057 [pool-57-thread-1] INFO  impl.RaftServerImpl (RaftServerImpl.java:<init>(95)) - a7ceaa18-5a38-47e1-85f2-e90b46db6857: new RaftServerImpl for group-B8D56D73270A:[a7ceaa18-5a38-47e1-85f2-e90b46db6857:192.168.5.161:43270] with ContainerStateMachine:uninitialized
2019-10-04 17:48:14,060 [pool-57-thread-1] INFO  server.RaftServerConfigKeys (ConfUtils.java:logGet(43)) - raft.server.rpc.timeout.min = 5s (custom)
2019-10-04 17:48:14,060 [pool-57-thread-1] INFO  server.RaftServerConfigKeys (ConfUtils.java:logGet(43)) - raft.server.rpc.timeout.max = 5200ms (custom)
2019-10-04 17:48:14,061 [pool-57-thread-1] INFO  server.RaftServerConfigKeys (ConfUtils.java:logGet(43)) - raft.server.rpcslowness.timeout = 1000s (custom)
2019-10-04 17:48:14,061 [pool-57-thread-1] INFO  server.RaftServerConfigKeys (ConfUtils.java:logGet(43)) - raft.server.sleep.deviation.threshold = 300 (default)
2019-10-04 17:48:14,061 [pool-57-thread-1] INFO  server.RaftServerConfigKeys (ConfUtils.java:logGet(43)) - raft.server.log.appender.install.snapshot.enabled = false (custom)
2019-10-04 17:48:14,061 [pool-57-thread-1] INFO  impl.RaftServerImpl (ServerState.java:<init>(103)) - a7ceaa18-5a38-47e1-85f2-e90b46db6857@group-B8D56D73270A: ConfigurationManager, init=-1: [a7ceaa18-5a38-47e1-85f2-e90b46db6857:192.168.5.161:43270], old=null, confs=<EMPTY_MAP>
2019-10-04 17:48:14,061 [pool-57-thread-1] INFO  server.RaftServerConfigKeys (ConfUtils.java:logGet(43)) - raft.server.storage.dir = [/workdir/hadoop-ozone/integration-test/target/test-dir/MiniOzoneClusterImpl-50c7d050-525b-4c2f-a0f3-57dee4820741/datanode-3/data/ratis] (custom)
2019-10-04 17:48:14,061 [pool-57-thread-1] INFO  storage.RaftStorageDirectory (RaftStorageDirectory.java:analyzeStorage(246)) - The storage directory /workdir/hadoop-ozone/integration-test/target/test-dir/MiniOzoneClusterImpl-50c7d050-525b-4c2f-a0f3-57dee4820741/datanode-3/data/ratis/cfef5808-a1c4-4ff2-b81b-b8d56d73270a does not exist. Creating ...
2019-10-04 17:48:14,074 [pool-57-thread-1] INFO  storage.RaftStorageDirectory (RaftStorageDirectory.java:tryLock(328)) - Lock on /workdir/hadoop-ozone/integration-test/target/test-dir/MiniOzoneClusterImpl-50c7d050-525b-4c2f-a0f3-57dee4820741/datanode-3/data/ratis/cfef5808-a1c4-4ff2-b81b-b8d56d73270a/in_use.lock acquired by nodename 30567@pr-hdds-2158-86xd4-943107921
2019-10-04 17:48:14,087 [pool-57-thread-1] INFO  storage.RaftStorage (RaftStorage.java:format(72)) - Storage directory /workdir/hadoop-ozone/integration-test/target/test-dir/MiniOzoneClusterImpl-50c7d050-525b-4c2f-a0f3-57dee4820741/datanode-3/data/ratis/cfef5808-a1c4-4ff2-b81b-b8d56d73270a has been successfully formatted.
2019-10-04 17:48:14,088 [pool-57-thread-1] INFO  ratis.ContainerStateMachine (ContainerStateMachine.java:loadSnapshot(230)) - group-B8D56D73270A: The snapshot info is null. Setting the last applied indexto:(t:0, i:~)
2019-10-04 17:48:14,088 [pool-57-thread-1] INFO  server.RaftServerConfigKeys (ConfUtils.java:logGet(43)) - raft.server.notification.no-leader.timeout = 1000s (custom)
2019-10-04 17:48:14,088 [pool-57-thread-1] INFO  server.RaftServerConfigKeys (ConfUtils.java:logGet(43)) - raft.server.log.use.memory = false (default)
2019-10-04 17:48:14,088 [pool-57-thread-1] INFO  server.RaftServerConfigKeys (ConfUtils.java:logGet(43)) - raft.server.log.purge.gap = 1000000 (custom)
2019-10-04 17:48:14,088 [pool-57-thread-1] INFO  server.RaftServerConfigKeys (ConfUtils.java:logGet(43)) - raft.server.log.appender.buffer.byte-limit = 33554432 (custom)
2019-10-04 17:48:14,088 [pool-57-thread-1] INFO  server.RaftServerConfigKeys (ConfUtils.java:logGet(43)) - raft.server.log.segment.size.max = 1048576 (custom)
2019-10-04 17:48:14,088 [pool-57-thread-1] INFO  server.RaftServerConfigKeys (ConfUtils.java:logGet(43)) - raft.server.log.segment.cache.num.max = 2 (custom)
2019-10-04 17:48:14,089 [pool-57-thread-1] INFO  segmented.SegmentedRaftLogWorker (SegmentedRaftLogWorker.java:<init>(172)) - new a7ceaa18-5a38-47e1-85f2-e90b46db6857@group-B8D56D73270A-SegmentedRaftLogWorker for RaftStorage:Storage Directory /workdir/hadoop-ozone/integration-test/target/test-dir/MiniOzoneClusterImpl-50c7d050-525b-4c2f-a0f3-57dee4820741/datanode-3/data/ratis/cfef5808-a1c4-4ff2-b81b-b8d56d73270a
2019-10-04 17:48:14,108 [pool-57-thread-1] INFO  server.RaftServerConfigKeys (ConfUtils.java:logGet(43)) - raft.server.log.queue.byte-limit = 2147483647 (custom)
2019-10-04 17:48:14,109 [pool-57-thread-1] INFO  server.RaftServerConfigKeys (ConfUtils.java:logGet(43)) - raft.server.log.queue.element-limit = 1024 (custom)
2019-10-04 17:48:14,109 [pool-57-thread-1] INFO  server.RaftServerConfigKeys (ConfUtils.java:logGet(43)) - raft.server.log.segment.size.max = 1048576 (custom)
2019-10-04 17:48:14,109 [pool-57-thread-1] INFO  server.RaftServerConfigKeys (ConfUtils.java:logGet(43)) - raft.server.log.preallocated.size = 16384 (custom)
2019-10-04 17:48:14,109 [pool-57-thread-1] INFO  server.RaftServerConfigKeys (ConfUtils.java:logGet(43)) - raft.server.log.write.buffer.size = 33554432 (custom)
2019-10-04 17:48:14,109 [pool-57-thread-1] INFO  server.RaftServerConfigKeys (ConfUtils.java:logGet(43)) - raft.server.log.force.sync.num = 128 (default)
2019-10-04 17:48:14,109 [pool-57-thread-1] INFO  server.RaftServerConfigKeys (ConfUtils.java:logGet(43)) - raft.server.log.statemachine.data.sync = true (default)
2019-10-04 17:48:14,110 [pool-57-thread-1] INFO  server.RaftServerConfigKeys (ConfUtils.java:logGet(43)) - raft.server.log.statemachine.data.sync.timeout = 10s (default)
2019-10-04 17:48:14,110 [pool-57-thread-1] INFO  server.RaftServerConfigKeys (ConfUtils.java:logGet(43)) - raft.server.log.statemachine.data.sync.timeout.retry = -1 (default)
2019-10-04 17:48:14,110 [pool-57-thread-1] INFO  server.RaftServerConfigKeys (ConfUtils.java:logGet(43)) - raft.server.log.statemachine.data.caching.enabled = true (custom)
2019-10-04 17:48:14,110 [pool-57-thread-1] INFO  segmented.SegmentedRaftLogWorker (SegmentedRaftLogWorker.java:lambda$new$0(132)) - a7ceaa18-5a38-47e1-85f2-e90b46db6857@group-B8D56D73270A-SegmentedRaftLogWorker: flushIndex: setUnconditionally 0 -> -1
2019-10-04 17:48:14,111 [pool-57-thread-1] INFO  server.RaftServerConfigKeys (ConfUtils.java:logGet(43)) - raft.server.snapshot.auto.trigger.enabled = true (custom)
2019-10-04 17:48:14,111 [pool-57-thread-1] INFO  server.RaftServerConfigKeys (ConfUtils.java:logGet(43)) - raft.server.snapshot.auto.trigger.threshold = 10000 (custom)
2019-10-04 17:48:14,111 [pool-57-thread-1] INFO  server.RaftServerConfigKeys (ConfUtils.java:logGet(43)) - raft.server.snapshot.retention.num.files = 5 (custom)
2019-10-04 17:48:14,111 [pool-57-thread-1] INFO  server.RaftServerConfigKeys (ConfUtils.java:logGet(43)) - raft.server.retrycache.expirytime = 600000ms (custom)
2019-10-04 17:48:14,115 [pool-57-thread-1] INFO  impl.RaftServerImpl (RaftServerImpl.java:start(185)) - a7ceaa18-5a38-47e1-85f2-e90b46db6857@group-B8D56D73270A: start as a follower, conf=-1: [a7ceaa18-5a38-47e1-85f2-e90b46db6857:192.168.5.161:43270], old=null
2019-10-04 17:48:14,115 [pool-57-thread-1] INFO  impl.RaftServerImpl (RaftServerImpl.java:setRole(174)) - a7ceaa18-5a38-47e1-85f2-e90b46db6857@group-B8D56D73270A: changes role from      null to FOLLOWER at term 0 for startAsFollower
2019-10-04 17:48:14,115 [pool-57-thread-1] INFO  impl.RoleInfo (RoleInfo.java:updateAndGet(143)) - a7ceaa18-5a38-47e1-85f2-e90b46db6857: start FollowerState
2019-10-04 17:48:14,116 [pool-57-thread-1] INFO  util.JmxRegister (JmxRegister.java:tryRegister(44)) - Successfully registered JMX Bean with object name Ratis:service=RaftServer,group=group-B8D56D73270A,id=a7ceaa18-5a38-47e1-85f2-e90b46db6857
2019-10-04 17:48:14,127 [RatisPipelineUtilsThread] INFO  pipeline.PipelineStateManager (PipelineStateManager.java:addPipeline(56)) - Created pipeline Pipeline[ Id: cfef5808-a1c4-4ff2-b81b-b8d56d73270a, Nodes: a7ceaa18-5a38-47e1-85f2-e90b46db6857{ip: 192.168.5.161, host: pr-hdds-2158-86xd4-943107921, networkLocation: /default-rack, certSerialId: null}, Type:RATIS, Factor:ONE, State:OPEN]
2019-10-04 17:48:14,142 [grpc-default-executor-0] INFO  impl.RaftServerProxy (RaftServerProxy.java:addNew(89)) - 061d00a7-903b-4f59-9976-6b8853907499: addNew group-11D3538FEA5D:[061d00a7-903b-4f59-9976-6b8853907499:192.168.5.161:42868] returns group-11D3538FEA5D:java.util.concurrent.CompletableFuture@1b57bb38[Not completed]
2019-10-04 17:48:14,143 [pool-37-thread-1] INFO  impl.RaftServerImpl (RaftServerImpl.java:<init>(95)) - 061d00a7-903b-4f59-9976-6b8853907499: new RaftServerImpl for group-11D3538FEA5D:[061d00a7-903b-4f59-9976-6b8853907499:192.168.5.161:42868] with ContainerStateMachine:uninitialized
2019-10-04 17:48:14,143 [pool-37-thread-1] INFO  server.RaftServerConfigKeys (ConfUtils.java:logGet(43)) - raft.server.rpc.timeout.min = 5s (custom)
2019-10-04 17:48:14,143 [pool-37-thread-1] INFO  server.RaftServerConfigKeys (ConfUtils.java:logGet(43)) - raft.server.rpc.timeout.max = 5200ms (custom)
2019-10-04 17:48:14,144 [pool-37-thread-1] INFO  server.RaftServerConfigKeys (ConfUtils.java:logGet(43)) - raft.server.rpcslowness.timeout = 1000s (custom)
2019-10-04 17:48:14,144 [pool-37-thread-1] INFO  server.RaftServerConfigKeys (ConfUtils.java:logGet(43)) - raft.server.sleep.deviation.threshold = 300 (default)
2019-10-04 17:48:14,144 [pool-37-thread-1] INFO  server.RaftServerConfigKeys (ConfUtils.java:logGet(43)) - raft.server.log.appender.install.snapshot.enabled = false (custom)
2019-10-04 17:48:14,144 [pool-37-thread-1] INFO  impl.RaftServerImpl (ServerState.java:<init>(103)) - 061d00a7-903b-4f59-9976-6b8853907499@group-11D3538FEA5D: ConfigurationManager, init=-1: [061d00a7-903b-4f59-9976-6b8853907499:192.168.5.161:42868], old=null, confs=<EMPTY_MAP>
2019-10-04 17:48:14,144 [pool-37-thread-1] INFO  server.RaftServerConfigKeys (ConfUtils.java:logGet(43)) - raft.server.storage.dir = [/workdir/hadoop-ozone/integration-test/target/test-dir/MiniOzoneClusterImpl-50c7d050-525b-4c2f-a0f3-57dee4820741/datanode-1/data/ratis] (custom)
2019-10-04 17:48:14,145 [pool-37-thread-1] INFO  storage.RaftStorageDirectory (RaftStorageDirectory.java:analyzeStorage(246)) - The storage directory /workdir/hadoop-ozone/integration-test/target/test-dir/MiniOzoneClusterImpl-50c7d050-525b-4c2f-a0f3-57dee4820741/datanode-1/data/ratis/ef1482d0-6f5d-4181-bf34-11d3538fea5d does not exist. Creating ...
2019-10-04 17:48:14,157 [pool-37-thread-1] INFO  storage.RaftStorageDirectory (RaftStorageDirectory.java:tryLock(328)) - Lock on /workdir/hadoop-ozone/integration-test/target/test-dir/MiniOzoneClusterImpl-50c7d050-525b-4c2f-a0f3-57dee4820741/datanode-1/data/ratis/ef1482d0-6f5d-4181-bf34-11d3538fea5d/in_use.lock acquired by nodename 30567@pr-hdds-2158-86xd4-943107921
2019-10-04 17:48:14,175 [pool-37-thread-1] INFO  storage.RaftStorage (RaftStorage.java:format(72)) - Storage directory /workdir/hadoop-ozone/integration-test/target/test-dir/MiniOzoneClusterImpl-50c7d050-525b-4c2f-a0f3-57dee4820741/datanode-1/data/ratis/ef1482d0-6f5d-4181-bf34-11d3538fea5d has been successfully formatted.
2019-10-04 17:48:14,175 [pool-37-thread-1] INFO  ratis.ContainerStateMachine (ContainerStateMachine.java:loadSnapshot(230)) - group-11D3538FEA5D: The snapshot info is null. Setting the last applied indexto:(t:0, i:~)
2019-10-04 17:48:14,176 [pool-37-thread-1] INFO  server.RaftServerConfigKeys (ConfUtils.java:logGet(43)) - raft.server.notification.no-leader.timeout = 1000s (custom)
2019-10-04 17:48:14,176 [pool-37-thread-1] INFO  server.RaftServerConfigKeys (ConfUtils.java:logGet(43)) - raft.server.log.use.memory = false (default)
2019-10-04 17:48:14,176 [pool-37-thread-1] INFO  server.RaftServerConfigKeys (ConfUtils.java:logGet(43)) - raft.server.log.purge.gap = 1000000 (custom)
2019-10-04 17:48:14,176 [pool-37-thread-1] INFO  server.RaftServerConfigKeys (ConfUtils.java:logGet(43)) - raft.server.log.appender.buffer.byte-limit = 33554432 (custom)
2019-10-04 17:48:14,176 [pool-37-thread-1] INFO  server.RaftServerConfigKeys (ConfUtils.java:logGet(43)) - raft.server.log.segment.size.max = 1048576 (custom)
2019-10-04 17:48:14,176 [pool-37-thread-1] INFO  server.RaftServerConfigKeys (ConfUtils.java:logGet(43)) - raft.server.log.segment.cache.num.max = 2 (custom)
2019-10-04 17:48:14,176 [pool-37-thread-1] INFO  segmented.SegmentedRaftLogWorker (SegmentedRaftLogWorker.java:<init>(172)) - new 061d00a7-903b-4f59-9976-6b8853907499@group-11D3538FEA5D-SegmentedRaftLogWorker for RaftStorage:Storage Directory /workdir/hadoop-ozone/integration-test/target/test-dir/MiniOzoneClusterImpl-50c7d050-525b-4c2f-a0f3-57dee4820741/datanode-1/data/ratis/ef1482d0-6f5d-4181-bf34-11d3538fea5d
2019-10-04 17:48:14,180 [pool-37-thread-1] INFO  server.RaftServerConfigKeys (ConfUtils.java:logGet(43)) - raft.server.log.queue.byte-limit = 2147483647 (custom)
2019-10-04 17:48:14,180 [pool-37-thread-1] INFO  server.RaftServerConfigKeys (ConfUtils.java:logGet(43)) - raft.server.log.queue.element-limit = 1024 (custom)
2019-10-04 17:48:14,180 [pool-37-thread-1] INFO  server.RaftServerConfigKeys (ConfUtils.java:logGet(43)) - raft.server.log.segment.size.max = 1048576 (custom)
2019-10-04 17:48:14,180 [pool-37-thread-1] INFO  server.RaftServerConfigKeys (ConfUtils.java:logGet(43)) - raft.server.log.preallocated.size = 16384 (custom)
2019-10-04 17:48:14,181 [pool-37-thread-1] INFO  server.RaftServerConfigKeys (ConfUtils.java:logGet(43)) - raft.server.log.write.buffer.size = 33554432 (custom)
2019-10-04 17:48:14,181 [pool-37-thread-1] INFO  server.RaftServerConfigKeys (ConfUtils.java:logGet(43)) - raft.server.log.force.sync.num = 128 (default)
2019-10-04 17:48:14,181 [pool-37-thread-1] INFO  server.RaftServerConfigKeys (ConfUtils.java:logGet(43)) - raft.server.log.statemachine.data.sync = true (default)
2019-10-04 17:48:14,181 [pool-37-thread-1] INFO  server.RaftServerConfigKeys (ConfUtils.java:logGet(43)) - raft.server.log.statemachine.data.sync.timeout = 10s (default)
2019-10-04 17:48:14,181 [pool-37-thread-1] INFO  server.RaftServerConfigKeys (ConfUtils.java:logGet(43)) - raft.server.log.statemachine.data.sync.timeout.retry = -1 (default)
2019-10-04 17:48:14,181 [pool-37-thread-1] INFO  server.RaftServerConfigKeys (ConfUtils.java:logGet(43)) - raft.server.log.statemachine.data.caching.enabled = true (custom)
2019-10-04 17:48:14,182 [pool-37-thread-1] INFO  segmented.SegmentedRaftLogWorker (SegmentedRaftLogWorker.java:lambda$new$0(132)) - 061d00a7-903b-4f59-9976-6b8853907499@group-11D3538FEA5D-SegmentedRaftLogWorker: flushIndex: setUnconditionally 0 -> -1
2019-10-04 17:48:14,182 [pool-37-thread-1] INFO  server.RaftServerConfigKeys (ConfUtils.java:logGet(43)) - raft.server.snapshot.auto.trigger.enabled = true (custom)
2019-10-04 17:48:14,182 [pool-37-thread-1] INFO  server.RaftServerConfigKeys (ConfUtils.java:logGet(43)) - raft.server.snapshot.auto.trigger.threshold = 10000 (custom)
2019-10-04 17:48:14,182 [pool-37-thread-1] INFO  server.RaftServerConfigKeys (ConfUtils.java:logGet(43)) - raft.server.snapshot.retention.num.files = 5 (custom)
2019-10-04 17:48:14,182 [pool-37-thread-1] INFO  server.RaftServerConfigKeys (ConfUtils.java:logGet(43)) - raft.server.retrycache.expirytime = 600000ms (custom)
2019-10-04 17:48:14,186 [pool-37-thread-1] INFO  impl.RaftServerImpl (RaftServerImpl.java:start(185)) - 061d00a7-903b-4f59-9976-6b8853907499@group-11D3538FEA5D: start as a follower, conf=-1: [061d00a7-903b-4f59-9976-6b8853907499:192.168.5.161:42868], old=null
2019-10-04 17:48:14,186 [pool-37-thread-1] INFO  impl.RaftServerImpl (RaftServerImpl.java:setRole(174)) - 061d00a7-903b-4f59-9976-6b8853907499@group-11D3538FEA5D: changes role from      null to FOLLOWER at term 0 for startAsFollower
2019-10-04 17:48:14,186 [pool-37-thread-1] INFO  impl.RoleInfo (RoleInfo.java:updateAndGet(143)) - 061d00a7-903b-4f59-9976-6b8853907499: start FollowerState
2019-10-04 17:48:14,186 [pool-37-thread-1] INFO  util.JmxRegister (JmxRegister.java:tryRegister(44)) - Successfully registered JMX Bean with object name Ratis:service=RaftServer,group=group-11D3538FEA5D,id=061d00a7-903b-4f59-9976-6b8853907499
2019-10-04 17:48:14,195 [RatisPipelineUtilsThread] INFO  pipeline.PipelineStateManager (PipelineStateManager.java:addPipeline(56)) - Created pipeline Pipeline[ Id: ef1482d0-6f5d-4181-bf34-11d3538fea5d, Nodes: 061d00a7-903b-4f59-9976-6b8853907499{ip: 192.168.5.161, host: pr-hdds-2158-86xd4-943107921, networkLocation: /default-rack, certSerialId: null}, Type:RATIS, Factor:ONE, State:OPEN]
2019-10-04 17:48:14,224 [grpc-default-executor-2] INFO  impl.RaftServerProxy (RaftServerProxy.java:addNew(89)) - a7ceaa18-5a38-47e1-85f2-e90b46db6857: addNew group-7F928F9E4ECE:[d4ea6eb3-f1cc-45fe-97a1-46bfecc6da5f:192.168.5.161:44062, a7ceaa18-5a38-47e1-85f2-e90b46db6857:192.168.5.161:43270, f6479c76-74f9-47ae-803c-23ec4c67d329:192.168.5.161:38928] returns group-7F928F9E4ECE:java.util.concurrent.CompletableFuture@7e4188d9[Not completed]
2019-10-04 17:48:14,228 [grpc-default-executor-1] INFO  impl.RaftServerProxy (RaftServerProxy.java:addNew(89)) - d4ea6eb3-f1cc-45fe-97a1-46bfecc6da5f: addNew group-7F928F9E4ECE:[d4ea6eb3-f1cc-45fe-97a1-46bfecc6da5f:192.168.5.161:44062, a7ceaa18-5a38-47e1-85f2-e90b46db6857:192.168.5.161:43270, f6479c76-74f9-47ae-803c-23ec4c67d329:192.168.5.161:38928] returns group-7F928F9E4ECE:java.util.concurrent.CompletableFuture@6b275857[Not completed]
2019-10-04 17:48:14,230 [pool-57-thread-1] INFO  impl.RaftServerImpl (RaftServerImpl.java:<init>(95)) - a7ceaa18-5a38-47e1-85f2-e90b46db6857: new RaftServerImpl for group-7F928F9E4ECE:[d4ea6eb3-f1cc-45fe-97a1-46bfecc6da5f:192.168.5.161:44062, a7ceaa18-5a38-47e1-85f2-e90b46db6857:192.168.5.161:43270, f6479c76-74f9-47ae-803c-23ec4c67d329:192.168.5.161:38928] with ContainerStateMachine:uninitialized
2019-10-04 17:48:14,230 [grpc-default-executor-1] INFO  impl.RaftServerProxy (RaftServerProxy.java:addNew(89)) - f6479c76-74f9-47ae-803c-23ec4c67d329: addNew group-7F928F9E4ECE:[d4ea6eb3-f1cc-45fe-97a1-46bfecc6da5f:192.168.5.161:44062, a7ceaa18-5a38-47e1-85f2-e90b46db6857:192.168.5.161:43270, f6479c76-74f9-47ae-803c-23ec4c67d329:192.168.5.161:38928] returns group-7F928F9E4ECE:java.util.concurrent.CompletableFuture@2e25cb57[Not completed]
2019-10-04 17:48:14,230 [pool-57-thread-1] INFO  server.RaftServerConfigKeys (ConfUtils.java:logGet(43)) - raft.server.rpc.timeout.min = 5s (custom)
2019-10-04 17:48:14,231 [pool-57-thread-1] INFO  server.RaftServerConfigKeys (ConfUtils.java:logGet(43)) - raft.server.rpc.timeout.max = 5200ms (custom)
2019-10-04 17:48:14,231 [pool-57-thread-1] INFO  server.RaftServerConfigKeys (ConfUtils.java:logGet(43)) - raft.server.rpcslowness.timeout = 1000s (custom)
2019-10-04 17:48:14,231 [pool-57-thread-1] INFO  server.RaftServerConfigKeys (ConfUtils.java:logGet(43)) - raft.server.sleep.deviation.threshold = 300 (default)
2019-10-04 17:48:14,231 [pool-57-thread-1] INFO  server.RaftServerConfigKeys (ConfUtils.java:logGet(43)) - raft.server.log.appender.install.snapshot.enabled = false (custom)
2019-10-04 17:48:14,231 [pool-57-thread-1] INFO  impl.RaftServerImpl (ServerState.java:<init>(103)) - a7ceaa18-5a38-47e1-85f2-e90b46db6857@group-7F928F9E4ECE: ConfigurationManager, init=-1: [d4ea6eb3-f1cc-45fe-97a1-46bfecc6da5f:192.168.5.161:44062, a7ceaa18-5a38-47e1-85f2-e90b46db6857:192.168.5.161:43270, f6479c76-74f9-47ae-803c-23ec4c67d329:192.168.5.161:38928], old=null, confs=<EMPTY_MAP>
2019-10-04 17:48:14,231 [pool-57-thread-1] INFO  server.RaftServerConfigKeys (ConfUtils.java:logGet(43)) - raft.server.storage.dir = [/workdir/hadoop-ozone/integration-test/target/test-dir/MiniOzoneClusterImpl-50c7d050-525b-4c2f-a0f3-57dee4820741/datanode-3/data/ratis] (custom)
2019-10-04 17:48:14,232 [pool-27-thread-1] INFO  impl.RaftServerImpl (RaftServerImpl.java:<init>(95)) - d4ea6eb3-f1cc-45fe-97a1-46bfecc6da5f: new RaftServerImpl for group-7F928F9E4ECE:[d4ea6eb3-f1cc-45fe-97a1-46bfecc6da5f:192.168.5.161:44062, a7ceaa18-5a38-47e1-85f2-e90b46db6857:192.168.5.161:43270, f6479c76-74f9-47ae-803c-23ec4c67d329:192.168.5.161:38928] with ContainerStateMachine:uninitialized
2019-10-04 17:48:14,232 [pool-57-thread-1] INFO  storage.RaftStorageDirectory (RaftStorageDirectory.java:analyzeStorage(246)) - The storage directory /workdir/hadoop-ozone/integration-test/target/test-dir/MiniOzoneClusterImpl-50c7d050-525b-4c2f-a0f3-57dee4820741/datanode-3/data/ratis/e6d8a908-85ec-4baa-99dc-7f928f9e4ece does not exist. Creating ...
2019-10-04 17:48:14,232 [pool-27-thread-1] INFO  server.RaftServerConfigKeys (ConfUtils.java:logGet(43)) - raft.server.rpc.timeout.min = 5s (custom)
2019-10-04 17:48:14,232 [pool-27-thread-1] INFO  server.RaftServerConfigKeys (ConfUtils.java:logGet(43)) - raft.server.rpc.timeout.max = 5200ms (custom)
2019-10-04 17:48:14,232 [pool-47-thread-1] INFO  impl.RaftServerImpl (RaftServerImpl.java:<init>(95)) - f6479c76-74f9-47ae-803c-23ec4c67d329: new RaftServerImpl for group-7F928F9E4ECE:[d4ea6eb3-f1cc-45fe-97a1-46bfecc6da5f:192.168.5.161:44062, a7ceaa18-5a38-47e1-85f2-e90b46db6857:192.168.5.161:43270, f6479c76-74f9-47ae-803c-23ec4c67d329:192.168.5.161:38928] with ContainerStateMachine:uninitialized
2019-10-04 17:48:14,232 [pool-27-thread-1] INFO  server.RaftServerConfigKeys (ConfUtils.java:logGet(43)) - raft.server.rpcslowness.timeout = 1000s (custom)
2019-10-04 17:48:14,232 [pool-47-thread-1] INFO  server.RaftServerConfigKeys (ConfUtils.java:logGet(43)) - raft.server.rpc.timeout.min = 5s (custom)
2019-10-04 17:48:14,233 [pool-27-thread-1] INFO  server.RaftServerConfigKeys (ConfUtils.java:logGet(43)) - raft.server.sleep.deviation.threshold = 300 (default)
2019-10-04 17:48:14,233 [pool-47-thread-1] INFO  server.RaftServerConfigKeys (ConfUtils.java:logGet(43)) - raft.server.rpc.timeout.max = 5200ms (custom)
2019-10-04 17:48:14,233 [pool-27-thread-1] INFO  server.RaftServerConfigKeys (ConfUtils.java:logGet(43)) - raft.server.log.appender.install.snapshot.enabled = false (custom)
2019-10-04 17:48:14,233 [pool-47-thread-1] INFO  server.RaftServerConfigKeys (ConfUtils.java:logGet(43)) - raft.server.rpcslowness.timeout = 1000s (custom)
2019-10-04 17:48:14,233 [pool-27-thread-1] INFO  impl.RaftServerImpl (ServerState.java:<init>(103)) - d4ea6eb3-f1cc-45fe-97a1-46bfecc6da5f@group-7F928F9E4ECE: ConfigurationManager, init=-1: [d4ea6eb3-f1cc-45fe-97a1-46bfecc6da5f:192.168.5.161:44062, a7ceaa18-5a38-47e1-85f2-e90b46db6857:192.168.5.161:43270, f6479c76-74f9-47ae-803c-23ec4c67d329:192.168.5.161:38928], old=null, confs=<EMPTY_MAP>
2019-10-04 17:48:14,233 [pool-47-thread-1] INFO  server.RaftServerConfigKeys (ConfUtils.java:logGet(43)) - raft.server.sleep.deviation.threshold = 300 (default)
2019-10-04 17:48:14,233 [pool-47-thread-1] INFO  server.RaftServerConfigKeys (ConfUtils.java:logGet(43)) - raft.server.log.appender.install.snapshot.enabled = false (custom)
2019-10-04 17:48:14,233 [pool-27-thread-1] INFO  server.RaftServerConfigKeys (ConfUtils.java:logGet(43)) - raft.server.storage.dir = [/workdir/hadoop-ozone/integration-test/target/test-dir/MiniOzoneClusterImpl-50c7d050-525b-4c2f-a0f3-57dee4820741/datanode-0/data/ratis] (custom)
2019-10-04 17:48:14,233 [pool-47-thread-1] INFO  impl.RaftServerImpl (ServerState.java:<init>(103)) - f6479c76-74f9-47ae-803c-23ec4c67d329@group-7F928F9E4ECE: ConfigurationManager, init=-1: [d4ea6eb3-f1cc-45fe-97a1-46bfecc6da5f:192.168.5.161:44062, a7ceaa18-5a38-47e1-85f2-e90b46db6857:192.168.5.161:43270, f6479c76-74f9-47ae-803c-23ec4c67d329:192.168.5.161:38928], old=null, confs=<EMPTY_MAP>
2019-10-04 17:48:14,234 [pool-47-thread-1] INFO  server.RaftServerConfigKeys (ConfUtils.java:logGet(43)) - raft.server.storage.dir = [/workdir/hadoop-ozone/integration-test/target/test-dir/MiniOzoneClusterImpl-50c7d050-525b-4c2f-a0f3-57dee4820741/datanode-2/data/ratis] (custom)
2019-10-04 17:48:14,234 [pool-27-thread-1] INFO  storage.RaftStorageDirectory (RaftStorageDirectory.java:analyzeStorage(246)) - The storage directory /workdir/hadoop-ozone/integration-test/target/test-dir/MiniOzoneClusterImpl-50c7d050-525b-4c2f-a0f3-57dee4820741/datanode-0/data/ratis/e6d8a908-85ec-4baa-99dc-7f928f9e4ece does not exist. Creating ...
2019-10-04 17:48:14,234 [pool-47-thread-1] INFO  storage.RaftStorageDirectory (RaftStorageDirectory.java:analyzeStorage(246)) - The storage directory /workdir/hadoop-ozone/integration-test/target/test-dir/MiniOzoneClusterImpl-50c7d050-525b-4c2f-a0f3-57dee4820741/datanode-2/data/ratis/e6d8a908-85ec-4baa-99dc-7f928f9e4ece does not exist. Creating ...
2019-10-04 17:48:14,241 [main] INFO  ozone.MiniOzoneClusterImpl (MiniOzoneClusterImpl.java:lambda$waitForClusterToBeReady$0(145)) - Cluster is ready. Got 4 of 4 DN Heartbeats.
2019-10-04 17:48:14,243 [main] INFO  container.ReplicationManager (ReplicationManager.java:start(162)) - Starting Replication Monitor Thread.
2019-10-04 17:48:14,245 [ReplicationMonitor] INFO  container.ReplicationManager (ReplicationManager.java:run(225)) - Replication Monitor Thread took 0 milliseconds for processing 0 containers.
2019-10-04 17:48:14,245 [pool-47-thread-1] INFO  storage.RaftStorageDirectory (RaftStorageDirectory.java:tryLock(328)) - Lock on /workdir/hadoop-ozone/integration-test/target/test-dir/MiniOzoneClusterImpl-50c7d050-525b-4c2f-a0f3-57dee4820741/datanode-2/data/ratis/e6d8a908-85ec-4baa-99dc-7f928f9e4ece/in_use.lock acquired by nodename 30567@pr-hdds-2158-86xd4-943107921
2019-10-04 17:48:14,245 [pool-57-thread-1] INFO  storage.RaftStorageDirectory (RaftStorageDirectory.java:tryLock(328)) - Lock on /workdir/hadoop-ozone/integration-test/target/test-dir/MiniOzoneClusterImpl-50c7d050-525b-4c2f-a0f3-57dee4820741/datanode-3/data/ratis/e6d8a908-85ec-4baa-99dc-7f928f9e4ece/in_use.lock acquired by nodename 30567@pr-hdds-2158-86xd4-943107921
2019-10-04 17:48:14,245 [pool-27-thread-1] INFO  storage.RaftStorageDirectory (RaftStorageDirectory.java:tryLock(328)) - Lock on /workdir/hadoop-ozone/integration-test/target/test-dir/MiniOzoneClusterImpl-50c7d050-525b-4c2f-a0f3-57dee4820741/datanode-0/data/ratis/e6d8a908-85ec-4baa-99dc-7f928f9e4ece/in_use.lock acquired by nodename 30567@pr-hdds-2158-86xd4-943107921
2019-10-04 17:48:14,259 [pool-27-thread-1] INFO  storage.RaftStorage (RaftStorage.java:format(72)) - Storage directory /workdir/hadoop-ozone/integration-test/target/test-dir/MiniOzoneClusterImpl-50c7d050-525b-4c2f-a0f3-57dee4820741/datanode-0/data/ratis/e6d8a908-85ec-4baa-99dc-7f928f9e4ece has been successfully formatted.
2019-10-04 17:48:14,259 [pool-57-thread-1] INFO  storage.RaftStorage (RaftStorage.java:format(72)) - Storage directory /workdir/hadoop-ozone/integration-test/target/test-dir/MiniOzoneClusterImpl-50c7d050-525b-4c2f-a0f3-57dee4820741/datanode-3/data/ratis/e6d8a908-85ec-4baa-99dc-7f928f9e4ece has been successfully formatted.
2019-10-04 17:48:14,259 [pool-47-thread-1] INFO  storage.RaftStorage (RaftStorage.java:format(72)) - Storage directory /workdir/hadoop-ozone/integration-test/target/test-dir/MiniOzoneClusterImpl-50c7d050-525b-4c2f-a0f3-57dee4820741/datanode-2/data/ratis/e6d8a908-85ec-4baa-99dc-7f928f9e4ece has been successfully formatted.
2019-10-04 17:48:14,259 [pool-27-thread-1] INFO  ratis.ContainerStateMachine (ContainerStateMachine.java:loadSnapshot(230)) - group-7F928F9E4ECE: The snapshot info is null. Setting the last applied indexto:(t:0, i:~)
2019-10-04 17:48:14,260 [pool-57-thread-1] INFO  ratis.ContainerStateMachine (ContainerStateMachine.java:loadSnapshot(230)) - group-7F928F9E4ECE: The snapshot info is null. Setting the last applied indexto:(t:0, i:~)
2019-10-04 17:48:14,260 [pool-27-thread-1] INFO  server.RaftServerConfigKeys (ConfUtils.java:logGet(43)) - raft.server.notification.no-leader.timeout = 1000s (custom)
2019-10-04 17:48:14,260 [pool-47-thread-1] INFO  ratis.ContainerStateMachine (ContainerStateMachine.java:loadSnapshot(230)) - group-7F928F9E4ECE: The snapshot info is null. Setting the last applied indexto:(t:0, i:~)
2019-10-04 17:48:14,260 [pool-27-thread-1] INFO  server.RaftServerConfigKeys (ConfUtils.java:logGet(43)) - raft.server.log.use.memory = false (default)
2019-10-04 17:48:14,260 [pool-57-thread-1] INFO  server.RaftServerConfigKeys (ConfUtils.java:logGet(43)) - raft.server.notification.no-leader.timeout = 1000s (custom)
2019-10-04 17:48:14,260 [pool-27-thread-1] INFO  server.RaftServerConfigKeys (ConfUtils.java:logGet(43)) - raft.server.log.purge.gap = 1000000 (custom)
2019-10-04 17:48:14,260 [pool-47-thread-1] INFO  server.RaftServerConfigKeys (ConfUtils.java:logGet(43)) - raft.server.notification.no-leader.timeout = 1000s (custom)
2019-10-04 17:48:14,260 [pool-27-thread-1] INFO  server.RaftServerConfigKeys (ConfUtils.java:logGet(43)) - raft.server.log.appender.buffer.byte-limit = 33554432 (custom)
2019-10-04 17:48:14,260 [pool-57-thread-1] INFO  server.RaftServerConfigKeys (ConfUtils.java:logGet(43)) - raft.server.log.use.memory = false (default)
2019-10-04 17:48:14,261 [pool-27-thread-1] INFO  server.RaftServerConfigKeys (ConfUtils.java:logGet(43)) - raft.server.log.segment.size.max = 1048576 (custom)
2019-10-04 17:48:14,260 [pool-47-thread-1] INFO  server.RaftServerConfigKeys (ConfUtils.java:logGet(43)) - raft.server.log.use.memory = false (default)
2019-10-04 17:48:14,261 [pool-27-thread-1] INFO  server.RaftServerConfigKeys (ConfUtils.java:logGet(43)) - raft.server.log.segment.cache.num.max = 2 (custom)
2019-10-04 17:48:14,261 [pool-57-thread-1] INFO  server.RaftServerConfigKeys (ConfUtils.java:logGet(43)) - raft.server.log.purge.gap = 1000000 (custom)
2019-10-04 17:48:14,261 [pool-27-thread-1] INFO  segmented.SegmentedRaftLogWorker (SegmentedRaftLogWorker.java:<init>(172)) - new d4ea6eb3-f1cc-45fe-97a1-46bfecc6da5f@group-7F928F9E4ECE-SegmentedRaftLogWorker for RaftStorage:Storage Directory /workdir/hadoop-ozone/integration-test/target/test-dir/MiniOzoneClusterImpl-50c7d050-525b-4c2f-a0f3-57dee4820741/datanode-0/data/ratis/e6d8a908-85ec-4baa-99dc-7f928f9e4ece
2019-10-04 17:48:14,261 [pool-47-thread-1] INFO  server.RaftServerConfigKeys (ConfUtils.java:logGet(43)) - raft.server.log.purge.gap = 1000000 (custom)
2019-10-04 17:48:14,261 [pool-27-thread-1] INFO  server.RaftServerConfigKeys (ConfUtils.java:logGet(43)) - raft.server.log.queue.byte-limit = 2147483647 (custom)
2019-10-04 17:48:14,261 [pool-57-thread-1] INFO  server.RaftServerConfigKeys (ConfUtils.java:logGet(43)) - raft.server.log.appender.buffer.byte-limit = 33554432 (custom)
2019-10-04 17:48:14,261 [pool-27-thread-1] INFO  server.RaftServerConfigKeys (ConfUtils.java:logGet(43)) - raft.server.log.queue.element-limit = 1024 (custom)
2019-10-04 17:48:14,261 [pool-47-thread-1] INFO  server.RaftServerConfigKeys (ConfUtils.java:logGet(43)) - raft.server.log.appender.buffer.byte-limit = 33554432 (custom)
2019-10-04 17:48:14,262 [pool-27-thread-1] INFO  server.RaftServerConfigKeys (ConfUtils.java:logGet(43)) - raft.server.log.segment.size.max = 1048576 (custom)
2019-10-04 17:48:14,261 [pool-57-thread-1] INFO  server.RaftServerConfigKeys (ConfUtils.java:logGet(43)) - raft.server.log.segment.size.max = 1048576 (custom)
2019-10-04 17:48:14,262 [pool-27-thread-1] INFO  server.RaftServerConfigKeys (ConfUtils.java:logGet(43)) - raft.server.log.preallocated.size = 16384 (custom)
2019-10-04 17:48:14,262 [pool-47-thread-1] INFO  server.RaftServerConfigKeys (ConfUtils.java:logGet(43)) - raft.server.log.segment.size.max = 1048576 (custom)
2019-10-04 17:48:14,262 [pool-27-thread-1] INFO  server.RaftServerConfigKeys (ConfUtils.java:logGet(43)) - raft.server.log.write.buffer.size = 33554432 (custom)
2019-10-04 17:48:14,262 [pool-57-thread-1] INFO  server.RaftServerConfigKeys (ConfUtils.java:logGet(43)) - raft.server.log.segment.cache.num.max = 2 (custom)
2019-10-04 17:48:14,262 [pool-27-thread-1] INFO  server.RaftServerConfigKeys (ConfUtils.java:logGet(43)) - raft.server.log.force.sync.num = 128 (default)
2019-10-04 17:48:14,262 [pool-47-thread-1] INFO  server.RaftServerConfigKeys (ConfUtils.java:logGet(43)) - raft.server.log.segment.cache.num.max = 2 (custom)
2019-10-04 17:48:14,262 [pool-27-thread-1] INFO  server.RaftServerConfigKeys (ConfUtils.java:logGet(43)) - raft.server.log.statemachine.data.sync = true (default)
2019-10-04 17:48:14,262 [pool-57-thread-1] INFO  segmented.SegmentedRaftLogWorker (SegmentedRaftLogWorker.java:<init>(172)) - new a7ceaa18-5a38-47e1-85f2-e90b46db6857@group-7F928F9E4ECE-SegmentedRaftLogWorker for RaftStorage:Storage Directory /workdir/hadoop-ozone/integration-test/target/test-dir/MiniOzoneClusterImpl-50c7d050-525b-4c2f-a0f3-57dee4820741/datanode-3/data/ratis/e6d8a908-85ec-4baa-99dc-7f928f9e4ece
2019-10-04 17:48:14,263 [pool-27-thread-1] INFO  server.RaftServerConfigKeys (ConfUtils.java:logGet(43)) - raft.server.log.statemachine.data.sync.timeout = 10s (default)
2019-10-04 17:48:14,262 [pool-47-thread-1] INFO  segmented.SegmentedRaftLogWorker (SegmentedRaftLogWorker.java:<init>(172)) - new f6479c76-74f9-47ae-803c-23ec4c67d329@group-7F928F9E4ECE-SegmentedRaftLogWorker for RaftStorage:Storage Directory /workdir/hadoop-ozone/integration-test/target/test-dir/MiniOzoneClusterImpl-50c7d050-525b-4c2f-a0f3-57dee4820741/datanode-2/data/ratis/e6d8a908-85ec-4baa-99dc-7f928f9e4ece
2019-10-04 17:48:14,263 [pool-27-thread-1] INFO  server.RaftServerConfigKeys (ConfUtils.java:logGet(43)) - raft.server.log.statemachine.data.sync.timeout.retry = -1 (default)
2019-10-04 17:48:14,263 [pool-57-thread-1] INFO  server.RaftServerConfigKeys (ConfUtils.java:logGet(43)) - raft.server.log.queue.byte-limit = 2147483647 (custom)
2019-10-04 17:48:14,263 [pool-47-thread-1] INFO  server.RaftServerConfigKeys (ConfUtils.java:logGet(43)) - raft.server.log.queue.byte-limit = 2147483647 (custom)
2019-10-04 17:48:14,263 [pool-57-thread-1] INFO  server.RaftServerConfigKeys (ConfUtils.java:logGet(43)) - raft.server.log.queue.element-limit = 1024 (custom)
2019-10-04 17:48:14,263 [pool-27-thread-1] INFO  server.RaftServerConfigKeys (ConfUtils.java:logGet(43)) - raft.server.log.statemachine.data.caching.enabled = true (custom)
2019-10-04 17:48:14,263 [pool-57-thread-1] INFO  server.RaftServerConfigKeys (ConfUtils.java:logGet(43)) - raft.server.log.segment.size.max = 1048576 (custom)
2019-10-04 17:48:14,263 [pool-47-thread-1] INFO  server.RaftServerConfigKeys (ConfUtils.java:logGet(43)) - raft.server.log.queue.element-limit = 1024 (custom)
2019-10-04 17:48:14,264 [pool-27-thread-1] INFO  segmented.SegmentedRaftLogWorker (SegmentedRaftLogWorker.java:lambda$new$0(132)) - d4ea6eb3-f1cc-45fe-97a1-46bfecc6da5f@group-7F928F9E4ECE-SegmentedRaftLogWorker: flushIndex: setUnconditionally 0 -> -1
2019-10-04 17:48:14,263 [pool-57-thread-1] INFO  server.RaftServerConfigKeys (ConfUtils.java:logGet(43)) - raft.server.log.preallocated.size = 16384 (custom)
2019-10-04 17:48:14,264 [pool-47-thread-1] INFO  server.RaftServerConfigKeys (ConfUtils.java:logGet(43)) - raft.server.log.segment.size.max = 1048576 (custom)
2019-10-04 17:48:14,264 [pool-27-thread-1] INFO  server.RaftServerConfigKeys (ConfUtils.java:logGet(43)) - raft.server.snapshot.auto.trigger.enabled = true (custom)
2019-10-04 17:48:14,264 [pool-57-thread-1] INFO  server.RaftServerConfigKeys (ConfUtils.java:logGet(43)) - raft.server.log.write.buffer.size = 33554432 (custom)
2019-10-04 17:48:14,264 [pool-27-thread-1] INFO  server.RaftServerConfigKeys (ConfUtils.java:logGet(43)) - raft.server.snapshot.auto.trigger.threshold = 10000 (custom)
2019-10-04 17:48:14,264 [pool-47-thread-1] INFO  server.RaftServerConfigKeys (ConfUtils.java:logGet(43)) - raft.server.log.preallocated.size = 16384 (custom)
2019-10-04 17:48:14,264 [pool-27-thread-1] INFO  server.RaftServerConfigKeys (ConfUtils.java:logGet(43)) - raft.server.snapshot.retention.num.files = 5 (custom)
2019-10-04 17:48:14,264 [pool-57-thread-1] INFO  server.RaftServerConfigKeys (ConfUtils.java:logGet(43)) - raft.server.log.force.sync.num = 128 (default)
2019-10-04 17:48:14,264 [pool-27-thread-1] INFO  server.RaftServerConfigKeys (ConfUtils.java:logGet(43)) - raft.server.retrycache.expirytime = 600000ms (custom)
2019-10-04 17:48:14,264 [pool-47-thread-1] INFO  server.RaftServerConfigKeys (ConfUtils.java:logGet(43)) - raft.server.log.write.buffer.size = 33554432 (custom)
2019-10-04 17:48:14,264 [pool-57-thread-1] INFO  server.RaftServerConfigKeys (ConfUtils.java:logGet(43)) - raft.server.log.statemachine.data.sync = true (default)
2019-10-04 17:48:14,265 [pool-47-thread-1] INFO  server.RaftServerConfigKeys (ConfUtils.java:logGet(43)) - raft.server.log.force.sync.num = 128 (default)
2019-10-04 17:48:14,265 [pool-57-thread-1] INFO  server.RaftServerConfigKeys (ConfUtils.java:logGet(43)) - raft.server.log.statemachine.data.sync.timeout = 10s (default)
2019-10-04 17:48:14,265 [pool-47-thread-1] INFO  server.RaftServerConfigKeys (ConfUtils.java:logGet(43)) - raft.server.log.statemachine.data.sync = true (default)
2019-10-04 17:48:14,265 [pool-57-thread-1] INFO  server.RaftServerConfigKeys (ConfUtils.java:logGet(43)) - raft.server.log.statemachine.data.sync.timeout.retry = -1 (default)
2019-10-04 17:48:14,265 [pool-47-thread-1] INFO  server.RaftServerConfigKeys (ConfUtils.java:logGet(43)) - raft.server.log.statemachine.data.sync.timeout = 10s (default)
2019-10-04 17:48:14,265 [pool-57-thread-1] INFO  server.RaftServerConfigKeys (ConfUtils.java:logGet(43)) - raft.server.log.statemachine.data.caching.enabled = true (custom)
2019-10-04 17:48:14,265 [pool-47-thread-1] INFO  server.RaftServerConfigKeys (ConfUtils.java:logGet(43)) - raft.server.log.statemachine.data.sync.timeout.retry = -1 (default)
2019-10-04 17:48:14,266 [pool-57-thread-1] INFO  segmented.SegmentedRaftLogWorker (SegmentedRaftLogWorker.java:lambda$new$0(132)) - a7ceaa18-5a38-47e1-85f2-e90b46db6857@group-7F928F9E4ECE-SegmentedRaftLogWorker: flushIndex: setUnconditionally 0 -> -1
2019-10-04 17:48:14,266 [pool-47-thread-1] INFO  server.RaftServerConfigKeys (ConfUtils.java:logGet(43)) - raft.server.log.statemachine.data.caching.enabled = true (custom)
2019-10-04 17:48:14,266 [pool-57-thread-1] INFO  server.RaftServerConfigKeys (ConfUtils.java:logGet(43)) - raft.server.snapshot.auto.trigger.enabled = true (custom)
2019-10-04 17:48:14,266 [pool-47-thread-1] INFO  segmented.SegmentedRaftLogWorker (SegmentedRaftLogWorker.java:lambda$new$0(132)) - f6479c76-74f9-47ae-803c-23ec4c67d329@group-7F928F9E4ECE-SegmentedRaftLogWorker: flushIndex: setUnconditionally 0 -> -1
2019-10-04 17:48:14,266 [pool-57-thread-1] INFO  server.RaftServerConfigKeys (ConfUtils.java:logGet(43)) - raft.server.snapshot.auto.trigger.threshold = 10000 (custom)
2019-10-04 17:48:14,266 [pool-57-thread-1] INFO  server.RaftServerConfigKeys (ConfUtils.java:logGet(43)) - raft.server.snapshot.retention.num.files = 5 (custom)
2019-10-04 17:48:14,266 [pool-47-thread-1] INFO  server.RaftServerConfigKeys (ConfUtils.java:logGet(43)) - raft.server.snapshot.auto.trigger.enabled = true (custom)
2019-10-04 17:48:14,266 [pool-57-thread-1] INFO  server.RaftServerConfigKeys (ConfUtils.java:logGet(43)) - raft.server.retrycache.expirytime = 600000ms (custom)
2019-10-04 17:48:14,266 [pool-47-thread-1] INFO  server.RaftServerConfigKeys (ConfUtils.java:logGet(43)) - raft.server.snapshot.auto.trigger.threshold = 10000 (custom)
2019-10-04 17:48:14,267 [pool-47-thread-1] INFO  server.RaftServerConfigKeys (ConfUtils.java:logGet(43)) - raft.server.snapshot.retention.num.files = 5 (custom)
2019-10-04 17:48:14,267 [pool-47-thread-1] INFO  server.RaftServerConfigKeys (ConfUtils.java:logGet(43)) - raft.server.retrycache.expirytime = 600000ms (custom)
2019-10-04 17:48:14,268 [pool-27-thread-1] INFO  impl.RaftServerImpl (RaftServerImpl.java:start(185)) - d4ea6eb3-f1cc-45fe-97a1-46bfecc6da5f@group-7F928F9E4ECE: start as a follower, conf=-1: [d4ea6eb3-f1cc-45fe-97a1-46bfecc6da5f:192.168.5.161:44062, a7ceaa18-5a38-47e1-85f2-e90b46db6857:192.168.5.161:43270, f6479c76-74f9-47ae-803c-23ec4c67d329:192.168.5.161:38928], old=null
2019-10-04 17:48:14,268 [pool-27-thread-1] INFO  impl.RaftServerImpl (RaftServerImpl.java:setRole(174)) - d4ea6eb3-f1cc-45fe-97a1-46bfecc6da5f@group-7F928F9E4ECE: changes role from      null to FOLLOWER at term 0 for startAsFollower
2019-10-04 17:48:14,268 [pool-27-thread-1] INFO  impl.RoleInfo (RoleInfo.java:updateAndGet(143)) - d4ea6eb3-f1cc-45fe-97a1-46bfecc6da5f: start FollowerState
2019-10-04 17:48:14,269 [pool-27-thread-1] INFO  util.JmxRegister (JmxRegister.java:tryRegister(44)) - Successfully registered JMX Bean with object name Ratis:service=RaftServer,group=group-7F928F9E4ECE,id=d4ea6eb3-f1cc-45fe-97a1-46bfecc6da5f
2019-10-04 17:48:14,270 [pool-57-thread-1] INFO  impl.RaftServerImpl (RaftServerImpl.java:start(185)) - a7ceaa18-5a38-47e1-85f2-e90b46db6857@group-7F928F9E4ECE: start as a follower, conf=-1: [d4ea6eb3-f1cc-45fe-97a1-46bfecc6da5f:192.168.5.161:44062, a7ceaa18-5a38-47e1-85f2-e90b46db6857:192.168.5.161:43270, f6479c76-74f9-47ae-803c-23ec4c67d329:192.168.5.161:38928], old=null
2019-10-04 17:48:14,270 [pool-57-thread-1] INFO  impl.RaftServerImpl (RaftServerImpl.java:setRole(174)) - a7ceaa18-5a38-47e1-85f2-e90b46db6857@group-7F928F9E4ECE: changes role from      null to FOLLOWER at term 0 for startAsFollower
2019-10-04 17:48:14,270 [pool-47-thread-1] INFO  impl.RaftServerImpl (RaftServerImpl.java:start(185)) - f6479c76-74f9-47ae-803c-23ec4c67d329@group-7F928F9E4ECE: start as a follower, conf=-1: [d4ea6eb3-f1cc-45fe-97a1-46bfecc6da5f:192.168.5.161:44062, a7ceaa18-5a38-47e1-85f2-e90b46db6857:192.168.5.161:43270, f6479c76-74f9-47ae-803c-23ec4c67d329:192.168.5.161:38928], old=null
2019-10-04 17:48:14,270 [pool-57-thread-1] INFO  impl.RoleInfo (RoleInfo.java:updateAndGet(143)) - a7ceaa18-5a38-47e1-85f2-e90b46db6857: start FollowerState
2019-10-04 17:48:14,270 [pool-47-thread-1] INFO  impl.RaftServerImpl (RaftServerImpl.java:setRole(174)) - f6479c76-74f9-47ae-803c-23ec4c67d329@group-7F928F9E4ECE: changes role from      null to FOLLOWER at term 0 for startAsFollower
2019-10-04 17:48:14,272 [pool-47-thread-1] INFO  impl.RoleInfo (RoleInfo.java:updateAndGet(143)) - f6479c76-74f9-47ae-803c-23ec4c67d329: start FollowerState
2019-10-04 17:48:14,272 [pool-57-thread-1] INFO  util.JmxRegister (JmxRegister.java:tryRegister(44)) - Successfully registered JMX Bean with object name Ratis:service=RaftServer,group=group-7F928F9E4ECE,id=a7ceaa18-5a38-47e1-85f2-e90b46db6857
2019-10-04 17:48:14,272 [pool-47-thread-1] INFO  util.JmxRegister (JmxRegister.java:tryRegister(44)) - Successfully registered JMX Bean with object name Ratis:service=RaftServer,group=group-7F928F9E4ECE,id=f6479c76-74f9-47ae-803c-23ec4c67d329
2019-10-04 17:48:14,292 [RatisPipelineUtilsThread] INFO  pipeline.PipelineStateManager (PipelineStateManager.java:addPipeline(56)) - Created pipeline Pipeline[ Id: e6d8a908-85ec-4baa-99dc-7f928f9e4ece, Nodes: f6479c76-74f9-47ae-803c-23ec4c67d329{ip: 192.168.5.161, host: pr-hdds-2158-86xd4-943107921, networkLocation: /default-rack, certSerialId: null}a7ceaa18-5a38-47e1-85f2-e90b46db6857{ip: 192.168.5.161, host: pr-hdds-2158-86xd4-943107921, networkLocation: /default-rack, certSerialId: null}d4ea6eb3-f1cc-45fe-97a1-46bfecc6da5f{ip: 192.168.5.161, host: pr-hdds-2158-86xd4-943107921, networkLocation: /default-rack, certSerialId: null}, Type:RATIS, Factor:THREE, State:OPEN]
2019-10-04 17:48:14,788 [main] INFO  rpc.RpcClient (RpcClient.java:createVolume(303)) - Creating Volume: testcontainerstatemachinefailures, with jenkins1000 as owner.
2019-10-04 17:48:14,915 [IPC Server handler 1 on 46429] INFO  volume.OMVolumeCreateRequest (OMVolumeCreateRequest.java:validateAndUpdateCache(189)) - created volume:testcontainerstatemachinefailures for user:jenkins1000
2019-10-04 17:48:14,937 [main] INFO  rpc.RpcClient (RpcClient.java:createBucket(442)) - Creating Bucket: testcontainerstatemachinefailures/testcontainerstatemachinefailures, with Versioning false and Storage Type set to DISK and Encryption set to false 
2019-10-04 17:48:15,386 [EventQueue-StaleNodeForStaleNodeHandler] INFO  node.StaleNodeHandler (StaleNodeHandler.java:onMessage(58)) - Datanode f6479c76-74f9-47ae-803c-23ec4c67d329{ip: 192.168.5.161, host: pr-hdds-2158-86xd4-943107921, networkLocation: /default-rack, certSerialId: null} moved to stale state. Finalizing its pipelines [PipelineID=bf95d24b-2afb-47ca-a00f-1099891a9ca5, PipelineID=e6d8a908-85ec-4baa-99dc-7f928f9e4ece]
2019-10-04 17:48:15,387 [EventQueue-StaleNodeForStaleNodeHandler] INFO  pipeline.SCMPipelineManager (SCMPipelineManager.java:finalizeAndDestroyPipeline(311)) - destroying pipeline:Pipeline[ Id: bf95d24b-2afb-47ca-a00f-1099891a9ca5, Nodes: f6479c76-74f9-47ae-803c-23ec4c67d329{ip: 192.168.5.161, host: pr-hdds-2158-86xd4-943107921, networkLocation: /default-rack, certSerialId: null}, Type:RATIS, Factor:ONE, State:OPEN]
2019-10-04 17:48:15,394 [EventQueue-StaleNodeForStaleNodeHandler] INFO  pipeline.PipelineStateManager (PipelineStateManager.java:finalizePipeline(123)) - Pipeline Pipeline[ Id: bf95d24b-2afb-47ca-a00f-1099891a9ca5, Nodes: f6479c76-74f9-47ae-803c-23ec4c67d329{ip: 192.168.5.161, host: pr-hdds-2158-86xd4-943107921, networkLocation: /default-rack, certSerialId: null}, Type:RATIS, Factor:ONE, State:CLOSED] moved to CLOSED state
2019-10-04 17:48:15,396 [EventQueue-StaleNodeForStaleNodeHandler] INFO  pipeline.SCMPipelineManager (SCMPipelineManager.java:finalizeAndDestroyPipeline(311)) - destroying pipeline:Pipeline[ Id: e6d8a908-85ec-4baa-99dc-7f928f9e4ece, Nodes: f6479c76-74f9-47ae-803c-23ec4c67d329{ip: 192.168.5.161, host: pr-hdds-2158-86xd4-943107921, networkLocation: /default-rack, certSerialId: null}a7ceaa18-5a38-47e1-85f2-e90b46db6857{ip: 192.168.5.161, host: pr-hdds-2158-86xd4-943107921, networkLocation: /default-rack, certSerialId: null}d4ea6eb3-f1cc-45fe-97a1-46bfecc6da5f{ip: 192.168.5.161, host: pr-hdds-2158-86xd4-943107921, networkLocation: /default-rack, certSerialId: null}, Type:RATIS, Factor:THREE, State:OPEN]
2019-10-04 17:48:15,396 [EventQueue-StaleNodeForStaleNodeHandler] INFO  pipeline.PipelineStateManager (PipelineStateManager.java:finalizePipeline(123)) - Pipeline Pipeline[ Id: e6d8a908-85ec-4baa-99dc-7f928f9e4ece, Nodes: f6479c76-74f9-47ae-803c-23ec4c67d329{ip: 192.168.5.161, host: pr-hdds-2158-86xd4-943107921, networkLocation: /default-rack, certSerialId: null}a7ceaa18-5a38-47e1-85f2-e90b46db6857{ip: 192.168.5.161, host: pr-hdds-2158-86xd4-943107921, networkLocation: /default-rack, certSerialId: null}d4ea6eb3-f1cc-45fe-97a1-46bfecc6da5f{ip: 192.168.5.161, host: pr-hdds-2158-86xd4-943107921, networkLocation: /default-rack, certSerialId: null}, Type:RATIS, Factor:THREE, State:CLOSED] moved to CLOSED state
2019-10-04 17:48:15,398 [EventQueue-CloseContainerForCloseContainerEventHandler] INFO  container.CloseContainerEventHandler (CloseContainerEventHandler.java:onMessage(61)) - Close container Event triggered for container : #1
2019-10-04 17:48:15,400 [EventQueue-StaleNodeForStaleNodeHandler] INFO  node.StaleNodeHandler (StaleNodeHandler.java:onMessage(58)) - Datanode a7ceaa18-5a38-47e1-85f2-e90b46db6857{ip: 192.168.5.161, host: pr-hdds-2158-86xd4-943107921, networkLocation: /default-rack, certSerialId: null} moved to stale state. Finalizing its pipelines [PipelineID=cfef5808-a1c4-4ff2-b81b-b8d56d73270a, PipelineID=e6d8a908-85ec-4baa-99dc-7f928f9e4ece]
2019-10-04 17:48:15,405 [EventQueue-StaleNodeForStaleNodeHandler] INFO  pipeline.SCMPipelineManager (SCMPipelineManager.java:finalizeAndDestroyPipeline(311)) - destroying pipeline:Pipeline[ Id: cfef5808-a1c4-4ff2-b81b-b8d56d73270a, Nodes: a7ceaa18-5a38-47e1-85f2-e90b46db6857{ip: 192.168.5.161, host: pr-hdds-2158-86xd4-943107921, networkLocation: /default-rack, certSerialId: null}, Type:RATIS, Factor:ONE, State:OPEN]
2019-10-04 17:48:15,431 [EventQueue-StaleNodeForStaleNodeHandler] INFO  pipeline.PipelineStateManager (PipelineStateManager.java:finalizePipeline(123)) - Pipeline Pipeline[ Id: cfef5808-a1c4-4ff2-b81b-b8d56d73270a, Nodes: a7ceaa18-5a38-47e1-85f2-e90b46db6857{ip: 192.168.5.161, host: pr-hdds-2158-86xd4-943107921, networkLocation: /default-rack, certSerialId: null}, Type:RATIS, Factor:ONE, State:CLOSED] moved to CLOSED state
2019-10-04 17:48:15,433 [EventQueue-StaleNodeForStaleNodeHandler] INFO  pipeline.SCMPipelineManager (SCMPipelineManager.java:finalizeAndDestroyPipeline(311)) - destroying pipeline:Pipeline[ Id: e6d8a908-85ec-4baa-99dc-7f928f9e4ece, Nodes: f6479c76-74f9-47ae-803c-23ec4c67d329{ip: 192.168.5.161, host: pr-hdds-2158-86xd4-943107921, networkLocation: /default-rack, certSerialId: null}a7ceaa18-5a38-47e1-85f2-e90b46db6857{ip: 192.168.5.161, host: pr-hdds-2158-86xd4-943107921, networkLocation: /default-rack, certSerialId: null}d4ea6eb3-f1cc-45fe-97a1-46bfecc6da5f{ip: 192.168.5.161, host: pr-hdds-2158-86xd4-943107921, networkLocation: /default-rack, certSerialId: null}, Type:RATIS, Factor:THREE, State:CLOSED]
2019-10-04 17:48:15,433 [EventQueue-StaleNodeForStaleNodeHandler] INFO  node.StaleNodeHandler (StaleNodeHandler.java:onMessage(58)) - Datanode d4ea6eb3-f1cc-45fe-97a1-46bfecc6da5f{ip: 192.168.5.161, host: pr-hdds-2158-86xd4-943107921, networkLocation: /default-rack, certSerialId: null} moved to stale state. Finalizing its pipelines [PipelineID=e6d8a908-85ec-4baa-99dc-7f928f9e4ece, PipelineID=a35b4900-6566-4a18-aee8-735b691d0004]
2019-10-04 17:48:15,433 [EventQueue-StaleNodeForStaleNodeHandler] INFO  pipeline.SCMPipelineManager (SCMPipelineManager.java:finalizeAndDestroyPipeline(311)) - destroying pipeline:Pipeline[ Id: e6d8a908-85ec-4baa-99dc-7f928f9e4ece, Nodes: f6479c76-74f9-47ae-803c-23ec4c67d329{ip: 192.168.5.161, host: pr-hdds-2158-86xd4-943107921, networkLocation: /default-rack, certSerialId: null}a7ceaa18-5a38-47e1-85f2-e90b46db6857{ip: 192.168.5.161, host: pr-hdds-2158-86xd4-943107921, networkLocation: /default-rack, certSerialId: null}d4ea6eb3-f1cc-45fe-97a1-46bfecc6da5f{ip: 192.168.5.161, host: pr-hdds-2158-86xd4-943107921, networkLocation: /default-rack, certSerialId: null}, Type:RATIS, Factor:THREE, State:CLOSED]
2019-10-04 17:48:15,434 [EventQueue-StaleNodeForStaleNodeHandler] INFO  pipeline.SCMPipelineManager (SCMPipelineManager.java:finalizeAndDestroyPipeline(311)) - destroying pipeline:Pipeline[ Id: a35b4900-6566-4a18-aee8-735b691d0004, Nodes: d4ea6eb3-f1cc-45fe-97a1-46bfecc6da5f{ip: 192.168.5.161, host: pr-hdds-2158-86xd4-943107921, networkLocation: /default-rack, certSerialId: null}, Type:RATIS, Factor:ONE, State:OPEN]
2019-10-04 17:48:15,434 [EventQueue-StaleNodeForStaleNodeHandler] INFO  pipeline.PipelineStateManager (PipelineStateManager.java:finalizePipeline(123)) - Pipeline Pipeline[ Id: a35b4900-6566-4a18-aee8-735b691d0004, Nodes: d4ea6eb3-f1cc-45fe-97a1-46bfecc6da5f{ip: 192.168.5.161, host: pr-hdds-2158-86xd4-943107921, networkLocation: /default-rack, certSerialId: null}, Type:RATIS, Factor:ONE, State:CLOSED] moved to CLOSED state
2019-10-04 17:48:15,434 [EventQueue-StaleNodeForStaleNodeHandler] INFO  node.StaleNodeHandler (StaleNodeHandler.java:onMessage(58)) - Datanode 061d00a7-903b-4f59-9976-6b8853907499{ip: 192.168.5.161, host: pr-hdds-2158-86xd4-943107921, networkLocation: /default-rack, certSerialId: null} moved to stale state. Finalizing its pipelines [PipelineID=ef1482d0-6f5d-4181-bf34-11d3538fea5d]
2019-10-04 17:48:15,436 [EventQueue-StaleNodeForStaleNodeHandler] INFO  pipeline.SCMPipelineManager (SCMPipelineManager.java:finalizeAndDestroyPipeline(311)) - destroying pipeline:Pipeline[ Id: ef1482d0-6f5d-4181-bf34-11d3538fea5d, Nodes: 061d00a7-903b-4f59-9976-6b8853907499{ip: 192.168.5.161, host: pr-hdds-2158-86xd4-943107921, networkLocation: /default-rack, certSerialId: null}, Type:RATIS, Factor:ONE, State:OPEN]
2019-10-04 17:48:15,436 [EventQueue-StaleNodeForStaleNodeHandler] INFO  pipeline.PipelineStateManager (PipelineStateManager.java:finalizePipeline(123)) - Pipeline Pipeline[ Id: ef1482d0-6f5d-4181-bf34-11d3538fea5d, Nodes: 061d00a7-903b-4f59-9976-6b8853907499{ip: 192.168.5.161, host: pr-hdds-2158-86xd4-943107921, networkLocation: /default-rack, certSerialId: null}, Type:RATIS, Factor:ONE, State:CLOSED] moved to CLOSED state
2019-10-04 17:48:15,532 [grpc-default-executor-1] INFO  impl.RaftServerProxy (RaftServerProxy.java:addNew(89)) - f6479c76-74f9-47ae-803c-23ec4c67d329: addNew group-10654D0F0720:[f6479c76-74f9-47ae-803c-23ec4c67d329:192.168.5.161:38928] returns group-10654D0F0720:java.util.concurrent.CompletableFuture@1fc127ad[Not completed]
2019-10-04 17:48:15,605 [main] INFO  impl.MetricsSystemImpl (MetricsSystemImpl.java:init(158)) - XceiverClientMetrics metrics system started (again)
2019-10-04 17:48:15,608 [pool-47-thread-1] INFO  impl.RaftServerImpl (RaftServerImpl.java:<init>(95)) - f6479c76-74f9-47ae-803c-23ec4c67d329: new RaftServerImpl for group-10654D0F0720:[f6479c76-74f9-47ae-803c-23ec4c67d329:192.168.5.161:38928] with ContainerStateMachine:uninitialized
2019-10-04 17:48:15,608 [pool-47-thread-1] INFO  server.RaftServerConfigKeys (ConfUtils.java:logGet(43)) - raft.server.rpc.timeout.min = 5s (custom)
2019-10-04 17:48:15,608 [pool-47-thread-1] INFO  server.RaftServerConfigKeys (ConfUtils.java:logGet(43)) - raft.server.rpc.timeout.max = 5200ms (custom)
2019-10-04 17:48:15,609 [pool-47-thread-1] INFO  server.RaftServerConfigKeys (ConfUtils.java:logGet(43)) - raft.server.rpcslowness.timeout = 1000s (custom)
2019-10-04 17:48:15,609 [pool-47-thread-1] INFO  server.RaftServerConfigKeys (ConfUtils.java:logGet(43)) - raft.server.sleep.deviation.threshold = 300 (default)
2019-10-04 17:48:15,609 [pool-47-thread-1] INFO  server.RaftServerConfigKeys (ConfUtils.java:logGet(43)) - raft.server.log.appender.install.snapshot.enabled = false (custom)
2019-10-04 17:48:15,609 [pool-47-thread-1] INFO  impl.RaftServerImpl (ServerState.java:<init>(103)) - f6479c76-74f9-47ae-803c-23ec4c67d329@group-10654D0F0720: ConfigurationManager, init=-1: [f6479c76-74f9-47ae-803c-23ec4c67d329:192.168.5.161:38928], old=null, confs=<EMPTY_MAP>
2019-10-04 17:48:15,610 [pool-47-thread-1] INFO  server.RaftServerConfigKeys (ConfUtils.java:logGet(43)) - raft.server.storage.dir = [/workdir/hadoop-ozone/integration-test/target/test-dir/MiniOzoneClusterImpl-50c7d050-525b-4c2f-a0f3-57dee4820741/datanode-2/data/ratis] (custom)
2019-10-04 17:48:15,610 [pool-47-thread-1] INFO  storage.RaftStorageDirectory (RaftStorageDirectory.java:analyzeStorage(246)) - The storage directory /workdir/hadoop-ozone/integration-test/target/test-dir/MiniOzoneClusterImpl-50c7d050-525b-4c2f-a0f3-57dee4820741/datanode-2/data/ratis/57fc8426-1116-4891-944a-10654d0f0720 does not exist. Creating ...
2019-10-04 17:48:15,624 [pool-47-thread-1] INFO  storage.RaftStorageDirectory (RaftStorageDirectory.java:tryLock(328)) - Lock on /workdir/hadoop-ozone/integration-test/target/test-dir/MiniOzoneClusterImpl-50c7d050-525b-4c2f-a0f3-57dee4820741/datanode-2/data/ratis/57fc8426-1116-4891-944a-10654d0f0720/in_use.lock acquired by nodename 30567@pr-hdds-2158-86xd4-943107921
2019-10-04 17:48:15,637 [pool-47-thread-1] INFO  storage.RaftStorage (RaftStorage.java:format(72)) - Storage directory /workdir/hadoop-ozone/integration-test/target/test-dir/MiniOzoneClusterImpl-50c7d050-525b-4c2f-a0f3-57dee4820741/datanode-2/data/ratis/57fc8426-1116-4891-944a-10654d0f0720 has been successfully formatted.
2019-10-04 17:48:15,638 [pool-47-thread-1] INFO  ratis.ContainerStateMachine (ContainerStateMachine.java:loadSnapshot(230)) - group-10654D0F0720: The snapshot info is null. Setting the last applied indexto:(t:0, i:~)
2019-10-04 17:48:15,638 [pool-47-thread-1] INFO  server.RaftServerConfigKeys (ConfUtils.java:logGet(43)) - raft.server.notification.no-leader.timeout = 1000s (custom)
2019-10-04 17:48:15,638 [pool-47-thread-1] INFO  server.RaftServerConfigKeys (ConfUtils.java:logGet(43)) - raft.server.log.use.memory = false (default)
2019-10-04 17:48:15,638 [pool-47-thread-1] INFO  server.RaftServerConfigKeys (ConfUtils.java:logGet(43)) - raft.server.log.purge.gap = 1000000 (custom)
2019-10-04 17:48:15,638 [pool-47-thread-1] INFO  server.RaftServerConfigKeys (ConfUtils.java:logGet(43)) - raft.server.log.appender.buffer.byte-limit = 33554432 (custom)
2019-10-04 17:48:15,639 [pool-47-thread-1] INFO  server.RaftServerConfigKeys (ConfUtils.java:logGet(43)) - raft.server.log.segment.size.max = 1048576 (custom)
2019-10-04 17:48:15,639 [pool-47-thread-1] INFO  server.RaftServerConfigKeys (ConfUtils.java:logGet(43)) - raft.server.log.segment.cache.num.max = 2 (custom)
2019-10-04 17:48:15,639 [pool-47-thread-1] INFO  segmented.SegmentedRaftLogWorker (SegmentedRaftLogWorker.java:<init>(172)) - new f6479c76-74f9-47ae-803c-23ec4c67d329@group-10654D0F0720-SegmentedRaftLogWorker for RaftStorage:Storage Directory /workdir/hadoop-ozone/integration-test/target/test-dir/MiniOzoneClusterImpl-50c7d050-525b-4c2f-a0f3-57dee4820741/datanode-2/data/ratis/57fc8426-1116-4891-944a-10654d0f0720
2019-10-04 17:48:15,639 [pool-47-thread-1] INFO  server.RaftServerConfigKeys (ConfUtils.java:logGet(43)) - raft.server.log.queue.byte-limit = 2147483647 (custom)
2019-10-04 17:48:15,639 [pool-47-thread-1] INFO  server.RaftServerConfigKeys (ConfUtils.java:logGet(43)) - raft.server.log.queue.element-limit = 1024 (custom)
2019-10-04 17:48:15,640 [pool-47-thread-1] INFO  server.RaftServerConfigKeys (ConfUtils.java:logGet(43)) - raft.server.log.segment.size.max = 1048576 (custom)
2019-10-04 17:48:15,640 [pool-47-thread-1] INFO  server.RaftServerConfigKeys (ConfUtils.java:logGet(43)) - raft.server.log.preallocated.size = 16384 (custom)
2019-10-04 17:48:15,640 [pool-47-thread-1] INFO  server.RaftServerConfigKeys (ConfUtils.java:logGet(43)) - raft.server.log.write.buffer.size = 33554432 (custom)
2019-10-04 17:48:15,640 [pool-47-thread-1] INFO  server.RaftServerConfigKeys (ConfUtils.java:logGet(43)) - raft.server.log.force.sync.num = 128 (default)
2019-10-04 17:48:15,640 [pool-47-thread-1] INFO  server.RaftServerConfigKeys (ConfUtils.java:logGet(43)) - raft.server.log.statemachine.data.sync = true (default)
2019-10-04 17:48:15,641 [pool-47-thread-1] INFO  server.RaftServerConfigKeys (ConfUtils.java:logGet(43)) - raft.server.log.statemachine.data.sync.timeout = 10s (default)
2019-10-04 17:48:15,641 [pool-47-thread-1] INFO  server.RaftServerConfigKeys (ConfUtils.java:logGet(43)) - raft.server.log.statemachine.data.sync.timeout.retry = -1 (default)
2019-10-04 17:48:15,641 [pool-47-thread-1] INFO  server.RaftServerConfigKeys (ConfUtils.java:logGet(43)) - raft.server.log.statemachine.data.caching.enabled = true (custom)
2019-10-04 17:48:15,642 [pool-47-thread-1] INFO  segmented.SegmentedRaftLogWorker (SegmentedRaftLogWorker.java:lambda$new$0(132)) - f6479c76-74f9-47ae-803c-23ec4c67d329@group-10654D0F0720-SegmentedRaftLogWorker: flushIndex: setUnconditionally 0 -> -1
2019-10-04 17:48:15,642 [pool-47-thread-1] INFO  server.RaftServerConfigKeys (ConfUtils.java:logGet(43)) - raft.server.snapshot.auto.trigger.enabled = true (custom)
2019-10-04 17:48:15,642 [pool-47-thread-1] INFO  server.RaftServerConfigKeys (ConfUtils.java:logGet(43)) - raft.server.snapshot.auto.trigger.threshold = 10000 (custom)
2019-10-04 17:48:15,642 [pool-47-thread-1] INFO  server.RaftServerConfigKeys (ConfUtils.java:logGet(43)) - raft.server.snapshot.retention.num.files = 5 (custom)
2019-10-04 17:48:15,643 [pool-47-thread-1] INFO  server.RaftServerConfigKeys (ConfUtils.java:logGet(43)) - raft.server.retrycache.expirytime = 600000ms (custom)
2019-10-04 17:48:15,647 [pool-47-thread-1] INFO  impl.RaftServerImpl (RaftServerImpl.java:start(185)) - f6479c76-74f9-47ae-803c-23ec4c67d329@group-10654D0F0720: start as a follower, conf=-1: [f6479c76-74f9-47ae-803c-23ec4c67d329:192.168.5.161:38928], old=null
2019-10-04 17:48:15,647 [pool-47-thread-1] INFO  impl.RaftServerImpl (RaftServerImpl.java:setRole(174)) - f6479c76-74f9-47ae-803c-23ec4c67d329@group-10654D0F0720: changes role from      null to FOLLOWER at term 0 for startAsFollower
2019-10-04 17:48:15,648 [pool-47-thread-1] INFO  impl.RoleInfo (RoleInfo.java:updateAndGet(143)) - f6479c76-74f9-47ae-803c-23ec4c67d329: start FollowerState
2019-10-04 17:48:15,648 [pool-47-thread-1] INFO  util.JmxRegister (JmxRegister.java:tryRegister(44)) - Successfully registered JMX Bean with object name Ratis:service=RaftServer,group=group-10654D0F0720,id=f6479c76-74f9-47ae-803c-23ec4c67d329
2019-10-04 17:48:15,660 [RatisPipelineUtilsThread] INFO  pipeline.PipelineStateManager (PipelineStateManager.java:addPipeline(56)) - Created pipeline Pipeline[ Id: 57fc8426-1116-4891-944a-10654d0f0720, Nodes: f6479c76-74f9-47ae-803c-23ec4c67d329{ip: 192.168.5.161, host: pr-hdds-2158-86xd4-943107921, networkLocation: /default-rack, certSerialId: null}, Type:RATIS, Factor:ONE, State:OPEN]
2019-10-04 17:48:15,677 [grpc-default-executor-1] INFO  impl.RaftServerProxy (RaftServerProxy.java:addNew(89)) - a7ceaa18-5a38-47e1-85f2-e90b46db6857: addNew group-B2071521945F:[a7ceaa18-5a38-47e1-85f2-e90b46db6857:192.168.5.161:43270] returns group-B2071521945F:java.util.concurrent.CompletableFuture@4e0a3418[Not completed]
2019-10-04 17:48:15,679 [pool-57-thread-1] INFO  impl.RaftServerImpl (RaftServerImpl.java:<init>(95)) - a7ceaa18-5a38-47e1-85f2-e90b46db6857: new RaftServerImpl for group-B2071521945F:[a7ceaa18-5a38-47e1-85f2-e90b46db6857:192.168.5.161:43270] with ContainerStateMachine:uninitialized
2019-10-04 17:48:15,679 [pool-57-thread-1] INFO  server.RaftServerConfigKeys (ConfUtils.java:logGet(43)) - raft.server.rpc.timeout.min = 5s (custom)
2019-10-04 17:48:15,679 [pool-57-thread-1] INFO  server.RaftServerConfigKeys (ConfUtils.java:logGet(43)) - raft.server.rpc.timeout.max = 5200ms (custom)
2019-10-04 17:48:15,680 [pool-57-thread-1] INFO  server.RaftServerConfigKeys (ConfUtils.java:logGet(43)) - raft.server.rpcslowness.timeout = 1000s (custom)
2019-10-04 17:48:15,680 [pool-57-thread-1] INFO  server.RaftServerConfigKeys (ConfUtils.java:logGet(43)) - raft.server.sleep.deviation.threshold = 300 (default)
2019-10-04 17:48:15,680 [pool-57-thread-1] INFO  server.RaftServerConfigKeys (ConfUtils.java:logGet(43)) - raft.server.log.appender.install.snapshot.enabled = false (custom)
2019-10-04 17:48:15,680 [pool-57-thread-1] INFO  impl.RaftServerImpl (ServerState.java:<init>(103)) - a7ceaa18-5a38-47e1-85f2-e90b46db6857@group-B2071521945F: ConfigurationManager, init=-1: [a7ceaa18-5a38-47e1-85f2-e90b46db6857:192.168.5.161:43270], old=null, confs=<EMPTY_MAP>
2019-10-04 17:48:15,680 [pool-57-thread-1] INFO  server.RaftServerConfigKeys (ConfUtils.java:logGet(43)) - raft.server.storage.dir = [/workdir/hadoop-ozone/integration-test/target/test-dir/MiniOzoneClusterImpl-50c7d050-525b-4c2f-a0f3-57dee4820741/datanode-3/data/ratis] (custom)
2019-10-04 17:48:15,681 [pool-57-thread-1] INFO  storage.RaftStorageDirectory (RaftStorageDirectory.java:analyzeStorage(246)) - The storage directory /workdir/hadoop-ozone/integration-test/target/test-dir/MiniOzoneClusterImpl-50c7d050-525b-4c2f-a0f3-57dee4820741/datanode-3/data/ratis/6020b0c3-a0bc-4c64-8117-b2071521945f does not exist. Creating ...
2019-10-04 17:48:15,694 [pool-57-thread-1] INFO  storage.RaftStorageDirectory (RaftStorageDirectory.java:tryLock(328)) - Lock on /workdir/hadoop-ozone/integration-test/target/test-dir/MiniOzoneClusterImpl-50c7d050-525b-4c2f-a0f3-57dee4820741/datanode-3/data/ratis/6020b0c3-a0bc-4c64-8117-b2071521945f/in_use.lock acquired by nodename 30567@pr-hdds-2158-86xd4-943107921
2019-10-04 17:48:15,706 [pool-57-thread-1] INFO  storage.RaftStorage (RaftStorage.java:format(72)) - Storage directory /workdir/hadoop-ozone/integration-test/target/test-dir/MiniOzoneClusterImpl-50c7d050-525b-4c2f-a0f3-57dee4820741/datanode-3/data/ratis/6020b0c3-a0bc-4c64-8117-b2071521945f has been successfully formatted.
2019-10-04 17:48:15,707 [pool-57-thread-1] INFO  ratis.ContainerStateMachine (ContainerStateMachine.java:loadSnapshot(230)) - group-B2071521945F: The snapshot info is null. Setting the last applied indexto:(t:0, i:~)
2019-10-04 17:48:15,707 [pool-57-thread-1] INFO  server.RaftServerConfigKeys (ConfUtils.java:logGet(43)) - raft.server.notification.no-leader.timeout = 1000s (custom)
2019-10-04 17:48:15,707 [pool-57-thread-1] INFO  server.RaftServerConfigKeys (ConfUtils.java:logGet(43)) - raft.server.log.use.memory = false (default)
2019-10-04 17:48:15,707 [pool-57-thread-1] INFO  server.RaftServerConfigKeys (ConfUtils.java:logGet(43)) - raft.server.log.purge.gap = 1000000 (custom)
2019-10-04 17:48:15,707 [pool-57-thread-1] INFO  server.RaftServerConfigKeys (ConfUtils.java:logGet(43)) - raft.server.log.appender.buffer.byte-limit = 33554432 (custom)
2019-10-04 17:48:15,708 [pool-57-thread-1] INFO  server.RaftServerConfigKeys (ConfUtils.java:logGet(43)) - raft.server.log.segment.size.max = 1048576 (custom)
2019-10-04 17:48:15,708 [pool-57-thread-1] INFO  server.RaftServerConfigKeys (ConfUtils.java:logGet(43)) - raft.server.log.segment.cache.num.max = 2 (custom)
2019-10-04 17:48:15,708 [pool-57-thread-1] INFO  segmented.SegmentedRaftLogWorker (SegmentedRaftLogWorker.java:<init>(172)) - new a7ceaa18-5a38-47e1-85f2-e90b46db6857@group-B2071521945F-SegmentedRaftLogWorker for RaftStorage:Storage Directory /workdir/hadoop-ozone/integration-test/target/test-dir/MiniOzoneClusterImpl-50c7d050-525b-4c2f-a0f3-57dee4820741/datanode-3/data/ratis/6020b0c3-a0bc-4c64-8117-b2071521945f
2019-10-04 17:48:15,708 [pool-57-thread-1] INFO  server.RaftServerConfigKeys (ConfUtils.java:logGet(43)) - raft.server.log.queue.byte-limit = 2147483647 (custom)
2019-10-04 17:48:15,708 [pool-57-thread-1] INFO  server.RaftServerConfigKeys (ConfUtils.java:logGet(43)) - raft.server.log.queue.element-limit = 1024 (custom)
2019-10-04 17:48:15,708 [pool-57-thread-1] INFO  server.RaftServerConfigKeys (ConfUtils.java:logGet(43)) - raft.server.log.segment.size.max = 1048576 (custom)
2019-10-04 17:48:15,709 [pool-57-thread-1] INFO  server.RaftServerConfigKeys (ConfUtils.java:logGet(43)) - raft.server.log.preallocated.size = 16384 (custom)
2019-10-04 17:48:15,709 [pool-57-thread-1] INFO  server.RaftServerConfigKeys (ConfUtils.java:logGet(43)) - raft.server.log.write.buffer.size = 33554432 (custom)
2019-10-04 17:48:15,709 [pool-57-thread-1] INFO  server.RaftServerConfigKeys (ConfUtils.java:logGet(43)) - raft.server.log.force.sync.num = 128 (default)
2019-10-04 17:48:15,709 [pool-57-thread-1] INFO  server.RaftServerConfigKeys (ConfUtils.java:logGet(43)) - raft.server.log.statemachine.data.sync = true (default)
2019-10-04 17:48:15,709 [pool-57-thread-1] INFO  server.RaftServerConfigKeys (ConfUtils.java:logGet(43)) - raft.server.log.statemachine.data.sync.timeout = 10s (default)
2019-10-04 17:48:15,709 [pool-57-thread-1] INFO  server.RaftServerConfigKeys (ConfUtils.java:logGet(43)) - raft.server.log.statemachine.data.sync.timeout.retry = -1 (default)
2019-10-04 17:48:15,710 [pool-57-thread-1] INFO  server.RaftServerConfigKeys (ConfUtils.java:logGet(43)) - raft.server.log.statemachine.data.caching.enabled = true (custom)
2019-10-04 17:48:15,710 [pool-57-thread-1] INFO  segmented.SegmentedRaftLogWorker (SegmentedRaftLogWorker.java:lambda$new$0(132)) - a7ceaa18-5a38-47e1-85f2-e90b46db6857@group-B2071521945F-SegmentedRaftLogWorker: flushIndex: setUnconditionally 0 -> -1
2019-10-04 17:48:15,710 [pool-57-thread-1] INFO  server.RaftServerConfigKeys (ConfUtils.java:logGet(43)) - raft.server.snapshot.auto.trigger.enabled = true (custom)
2019-10-04 17:48:15,711 [pool-57-thread-1] INFO  server.RaftServerConfigKeys (ConfUtils.java:logGet(43)) - raft.server.snapshot.auto.trigger.threshold = 10000 (custom)
2019-10-04 17:48:15,711 [pool-57-thread-1] INFO  server.RaftServerConfigKeys (ConfUtils.java:logGet(43)) - raft.server.snapshot.retention.num.files = 5 (custom)
2019-10-04 17:48:15,711 [pool-57-thread-1] INFO  server.RaftServerConfigKeys (ConfUtils.java:logGet(43)) - raft.server.retrycache.expirytime = 600000ms (custom)
2019-10-04 17:48:15,716 [pool-57-thread-1] INFO  impl.RaftServerImpl (RaftServerImpl.java:start(185)) - a7ceaa18-5a38-47e1-85f2-e90b46db6857@group-B2071521945F: start as a follower, conf=-1: [a7ceaa18-5a38-47e1-85f2-e90b46db6857:192.168.5.161:43270], old=null
2019-10-04 17:48:15,716 [pool-57-thread-1] INFO  impl.RaftServerImpl (RaftServerImpl.java:setRole(174)) - a7ceaa18-5a38-47e1-85f2-e90b46db6857@group-B2071521945F: changes role from      null to FOLLOWER at term 0 for startAsFollower
2019-10-04 17:48:15,716 [pool-57-thread-1] INFO  impl.RoleInfo (RoleInfo.java:updateAndGet(143)) - a7ceaa18-5a38-47e1-85f2-e90b46db6857: start FollowerState
2019-10-04 17:48:15,717 [pool-57-thread-1] INFO  util.JmxRegister (JmxRegister.java:tryRegister(44)) - Successfully registered JMX Bean with object name Ratis:service=RaftServer,group=group-B2071521945F,id=a7ceaa18-5a38-47e1-85f2-e90b46db6857
2019-10-04 17:48:15,730 [RatisPipelineUtilsThread] INFO  pipeline.PipelineStateManager (PipelineStateManager.java:addPipeline(56)) - Created pipeline Pipeline[ Id: 6020b0c3-a0bc-4c64-8117-b2071521945f, Nodes: a7ceaa18-5a38-47e1-85f2-e90b46db6857{ip: 192.168.5.161, host: pr-hdds-2158-86xd4-943107921, networkLocation: /default-rack, certSerialId: null}, Type:RATIS, Factor:ONE, State:OPEN]
2019-10-04 17:48:15,742 [grpc-default-executor-1] INFO  client.GrpcClientProtocolClient (GrpcClientProtocolClient.java:onNext(264)) - client-63BC93E5E7CE->f6479c76-74f9-47ae-803c-23ec4c67d329: receive RaftClientReply:client-63BC93E5E7CE->f6479c76-74f9-47ae-803c-23ec4c67d329@group-7F928F9E4ECE, cid=9, FAILED org.apache.ratis.protocol.NotLeaderException: Server f6479c76-74f9-47ae-803c-23ec4c67d329@group-7F928F9E4ECE is not the leader, logIndex=0, commits[f6479c76-74f9-47ae-803c-23ec4c67d329:c-1]
2019-10-04 17:48:15,749 [grpc-default-executor-2] INFO  impl.RaftServerProxy (RaftServerProxy.java:addNew(89)) - d4ea6eb3-f1cc-45fe-97a1-46bfecc6da5f: addNew group-AEC1AEAB80AF:[d4ea6eb3-f1cc-45fe-97a1-46bfecc6da5f:192.168.5.161:44062] returns group-AEC1AEAB80AF:java.util.concurrent.CompletableFuture@3b431975[Not completed]
2019-10-04 17:48:15,757 [pool-27-thread-1] INFO  impl.RaftServerImpl (RaftServerImpl.java:<init>(95)) - d4ea6eb3-f1cc-45fe-97a1-46bfecc6da5f: new RaftServerImpl for group-AEC1AEAB80AF:[d4ea6eb3-f1cc-45fe-97a1-46bfecc6da5f:192.168.5.161:44062] with ContainerStateMachine:uninitialized
2019-10-04 17:48:15,759 [pool-27-thread-1] INFO  server.RaftServerConfigKeys (ConfUtils.java:logGet(43)) - raft.server.rpc.timeout.min = 5s (custom)
2019-10-04 17:48:15,759 [pool-27-thread-1] INFO  server.RaftServerConfigKeys (ConfUtils.java:logGet(43)) - raft.server.rpc.timeout.max = 5200ms (custom)
2019-10-04 17:48:15,759 [pool-27-thread-1] INFO  server.RaftServerConfigKeys (ConfUtils.java:logGet(43)) - raft.server.rpcslowness.timeout = 1000s (custom)
2019-10-04 17:48:15,759 [pool-27-thread-1] INFO  server.RaftServerConfigKeys (ConfUtils.java:logGet(43)) - raft.server.sleep.deviation.threshold = 300 (default)
2019-10-04 17:48:15,759 [pool-27-thread-1] INFO  server.RaftServerConfigKeys (ConfUtils.java:logGet(43)) - raft.server.log.appender.install.snapshot.enabled = false (custom)
2019-10-04 17:48:15,760 [pool-27-thread-1] INFO  impl.RaftServerImpl (ServerState.java:<init>(103)) - d4ea6eb3-f1cc-45fe-97a1-46bfecc6da5f@group-AEC1AEAB80AF: ConfigurationManager, init=-1: [d4ea6eb3-f1cc-45fe-97a1-46bfecc6da5f:192.168.5.161:44062], old=null, confs=<EMPTY_MAP>
2019-10-04 17:48:15,761 [pool-27-thread-1] INFO  server.RaftServerConfigKeys (ConfUtils.java:logGet(43)) - raft.server.storage.dir = [/workdir/hadoop-ozone/integration-test/target/test-dir/MiniOzoneClusterImpl-50c7d050-525b-4c2f-a0f3-57dee4820741/datanode-0/data/ratis] (custom)
2019-10-04 17:48:15,762 [pool-27-thread-1] INFO  storage.RaftStorageDirectory (RaftStorageDirectory.java:analyzeStorage(246)) - The storage directory /workdir/hadoop-ozone/integration-test/target/test-dir/MiniOzoneClusterImpl-50c7d050-525b-4c2f-a0f3-57dee4820741/datanode-0/data/ratis/b21c06c9-a94c-43e9-b512-aec1aeab80af does not exist. Creating ...
2019-10-04 17:48:15,775 [pool-27-thread-1] INFO  storage.RaftStorageDirectory (RaftStorageDirectory.java:tryLock(328)) - Lock on /workdir/hadoop-ozone/integration-test/target/test-dir/MiniOzoneClusterImpl-50c7d050-525b-4c2f-a0f3-57dee4820741/datanode-0/data/ratis/b21c06c9-a94c-43e9-b512-aec1aeab80af/in_use.lock acquired by nodename 30567@pr-hdds-2158-86xd4-943107921
2019-10-04 17:48:15,789 [pool-27-thread-1] INFO  storage.RaftStorage (RaftStorage.java:format(72)) - Storage directory /workdir/hadoop-ozone/integration-test/target/test-dir/MiniOzoneClusterImpl-50c7d050-525b-4c2f-a0f3-57dee4820741/datanode-0/data/ratis/b21c06c9-a94c-43e9-b512-aec1aeab80af has been successfully formatted.
2019-10-04 17:48:15,789 [pool-27-thread-1] INFO  ratis.ContainerStateMachine (ContainerStateMachine.java:loadSnapshot(230)) - group-AEC1AEAB80AF: The snapshot info is null. Setting the last applied indexto:(t:0, i:~)
2019-10-04 17:48:15,789 [pool-27-thread-1] INFO  server.RaftServerConfigKeys (ConfUtils.java:logGet(43)) - raft.server.notification.no-leader.timeout = 1000s (custom)
2019-10-04 17:48:15,789 [pool-27-thread-1] INFO  server.RaftServerConfigKeys (ConfUtils.java:logGet(43)) - raft.server.log.use.memory = false (default)
2019-10-04 17:48:15,790 [pool-27-thread-1] INFO  server.RaftServerConfigKeys (ConfUtils.java:logGet(43)) - raft.server.log.purge.gap = 1000000 (custom)
2019-10-04 17:48:15,790 [pool-27-thread-1] INFO  server.RaftServerConfigKeys (ConfUtils.java:logGet(43)) - raft.server.log.appender.buffer.byte-limit = 33554432 (custom)
2019-10-04 17:48:15,790 [pool-27-thread-1] INFO  server.RaftServerConfigKeys (ConfUtils.java:logGet(43)) - raft.server.log.segment.size.max = 1048576 (custom)
2019-10-04 17:48:15,790 [pool-27-thread-1] INFO  server.RaftServerConfigKeys (ConfUtils.java:logGet(43)) - raft.server.log.segment.cache.num.max = 2 (custom)
2019-10-04 17:48:15,790 [pool-27-thread-1] INFO  segmented.SegmentedRaftLogWorker (SegmentedRaftLogWorker.java:<init>(172)) - new d4ea6eb3-f1cc-45fe-97a1-46bfecc6da5f@group-AEC1AEAB80AF-SegmentedRaftLogWorker for RaftStorage:Storage Directory /workdir/hadoop-ozone/integration-test/target/test-dir/MiniOzoneClusterImpl-50c7d050-525b-4c2f-a0f3-57dee4820741/datanode-0/data/ratis/b21c06c9-a94c-43e9-b512-aec1aeab80af
2019-10-04 17:48:15,790 [pool-27-thread-1] INFO  server.RaftServerConfigKeys (ConfUtils.java:logGet(43)) - raft.server.log.queue.byte-limit = 2147483647 (custom)
2019-10-04 17:48:15,791 [pool-27-thread-1] INFO  server.RaftServerConfigKeys (ConfUtils.java:logGet(43)) - raft.server.log.queue.element-limit = 1024 (custom)
2019-10-04 17:48:15,791 [pool-27-thread-1] INFO  server.RaftServerConfigKeys (ConfUtils.java:logGet(43)) - raft.server.log.segment.size.max = 1048576 (custom)
2019-10-04 17:48:15,791 [pool-27-thread-1] INFO  server.RaftServerConfigKeys (ConfUtils.java:logGet(43)) - raft.server.log.preallocated.size = 16384 (custom)
2019-10-04 17:48:15,791 [pool-27-thread-1] INFO  server.RaftServerConfigKeys (ConfUtils.java:logGet(43)) - raft.server.log.write.buffer.size = 33554432 (custom)
2019-10-04 17:48:15,791 [pool-27-thread-1] INFO  server.RaftServerConfigKeys (ConfUtils.java:logGet(43)) - raft.server.log.force.sync.num = 128 (default)
2019-10-04 17:48:15,791 [pool-27-thread-1] INFO  server.RaftServerConfigKeys (ConfUtils.java:logGet(43)) - raft.server.log.statemachine.data.sync = true (default)
2019-10-04 17:48:15,792 [pool-27-thread-1] INFO  server.RaftServerConfigKeys (ConfUtils.java:logGet(43)) - raft.server.log.statemachine.data.sync.timeout = 10s (default)
2019-10-04 17:48:15,792 [pool-27-thread-1] INFO  server.RaftServerConfigKeys (ConfUtils.java:logGet(43)) - raft.server.log.statemachine.data.sync.timeout.retry = -1 (default)
2019-10-04 17:48:15,792 [pool-27-thread-1] INFO  server.RaftServerConfigKeys (ConfUtils.java:logGet(43)) - raft.server.log.statemachine.data.caching.enabled = true (custom)
2019-10-04 17:48:15,792 [pool-27-thread-1] INFO  segmented.SegmentedRaftLogWorker (SegmentedRaftLogWorker.java:lambda$new$0(132)) - d4ea6eb3-f1cc-45fe-97a1-46bfecc6da5f@group-AEC1AEAB80AF-SegmentedRaftLogWorker: flushIndex: setUnconditionally 0 -> -1
2019-10-04 17:48:15,793 [pool-27-thread-1] INFO  server.RaftServerConfigKeys (ConfUtils.java:logGet(43)) - raft.server.snapshot.auto.trigger.enabled = true (custom)
2019-10-04 17:48:15,793 [pool-27-thread-1] INFO  server.RaftServerConfigKeys (ConfUtils.java:logGet(43)) - raft.server.snapshot.auto.trigger.threshold = 10000 (custom)
2019-10-04 17:48:15,793 [pool-27-thread-1] INFO  server.RaftServerConfigKeys (ConfUtils.java:logGet(43)) - raft.server.snapshot.retention.num.files = 5 (custom)
2019-10-04 17:48:15,793 [pool-27-thread-1] INFO  server.RaftServerConfigKeys (ConfUtils.java:logGet(43)) - raft.server.retrycache.expirytime = 600000ms (custom)
2019-10-04 17:48:15,796 [pool-27-thread-1] INFO  impl.RaftServerImpl (RaftServerImpl.java:start(185)) - d4ea6eb3-f1cc-45fe-97a1-46bfecc6da5f@group-AEC1AEAB80AF: start as a follower, conf=-1: [d4ea6eb3-f1cc-45fe-97a1-46bfecc6da5f:192.168.5.161:44062], old=null
2019-10-04 17:48:15,796 [pool-27-thread-1] INFO  impl.RaftServerImpl (RaftServerImpl.java:setRole(174)) - d4ea6eb3-f1cc-45fe-97a1-46bfecc6da5f@group-AEC1AEAB80AF: changes role from      null to FOLLOWER at term 0 for startAsFollower
2019-10-04 17:48:15,796 [pool-27-thread-1] INFO  impl.RoleInfo (RoleInfo.java:updateAndGet(143)) - d4ea6eb3-f1cc-45fe-97a1-46bfecc6da5f: start FollowerState
2019-10-04 17:48:15,797 [pool-27-thread-1] INFO  util.JmxRegister (JmxRegister.java:tryRegister(44)) - Successfully registered JMX Bean with object name Ratis:service=RaftServer,group=group-AEC1AEAB80AF,id=d4ea6eb3-f1cc-45fe-97a1-46bfecc6da5f
2019-10-04 17:48:15,805 [RatisPipelineUtilsThread] INFO  pipeline.PipelineStateManager (PipelineStateManager.java:addPipeline(56)) - Created pipeline Pipeline[ Id: b21c06c9-a94c-43e9-b512-aec1aeab80af, Nodes: d4ea6eb3-f1cc-45fe-97a1-46bfecc6da5f{ip: 192.168.5.161, host: pr-hdds-2158-86xd4-943107921, networkLocation: /default-rack, certSerialId: null}, Type:RATIS, Factor:ONE, State:OPEN]
2019-10-04 17:48:15,822 [grpc-default-executor-1] INFO  impl.RaftServerProxy (RaftServerProxy.java:addNew(89)) - 061d00a7-903b-4f59-9976-6b8853907499: addNew group-1849C246249C:[061d00a7-903b-4f59-9976-6b8853907499:192.168.5.161:42868] returns group-1849C246249C:java.util.concurrent.CompletableFuture@18ffa3f4[Not completed]
2019-10-04 17:48:15,824 [pool-37-thread-1] INFO  impl.RaftServerImpl (RaftServerImpl.java:<init>(95)) - 061d00a7-903b-4f59-9976-6b8853907499: new RaftServerImpl for group-1849C246249C:[061d00a7-903b-4f59-9976-6b8853907499:192.168.5.161:42868] with ContainerStateMachine:uninitialized
2019-10-04 17:48:15,824 [pool-37-thread-1] INFO  server.RaftServerConfigKeys (ConfUtils.java:logGet(43)) - raft.server.rpc.timeout.min = 5s (custom)
2019-10-04 17:48:15,824 [pool-37-thread-1] INFO  server.RaftServerConfigKeys (ConfUtils.java:logGet(43)) - raft.server.rpc.timeout.max = 5200ms (custom)
2019-10-04 17:48:15,824 [pool-37-thread-1] INFO  server.RaftServerConfigKeys (ConfUtils.java:logGet(43)) - raft.server.rpcslowness.timeout = 1000s (custom)
2019-10-04 17:48:15,824 [pool-37-thread-1] INFO  server.RaftServerConfigKeys (ConfUtils.java:logGet(43)) - raft.server.sleep.deviation.threshold = 300 (default)
2019-10-04 17:48:15,825 [pool-37-thread-1] INFO  server.RaftServerConfigKeys (ConfUtils.java:logGet(43)) - raft.server.log.appender.install.snapshot.enabled = false (custom)
2019-10-04 17:48:15,825 [pool-37-thread-1] INFO  impl.RaftServerImpl (ServerState.java:<init>(103)) - 061d00a7-903b-4f59-9976-6b8853907499@group-1849C246249C: ConfigurationManager, init=-1: [061d00a7-903b-4f59-9976-6b8853907499:192.168.5.161:42868], old=null, confs=<EMPTY_MAP>
2019-10-04 17:48:15,825 [pool-37-thread-1] INFO  server.RaftServerConfigKeys (ConfUtils.java:logGet(43)) - raft.server.storage.dir = [/workdir/hadoop-ozone/integration-test/target/test-dir/MiniOzoneClusterImpl-50c7d050-525b-4c2f-a0f3-57dee4820741/datanode-1/data/ratis] (custom)
2019-10-04 17:48:15,825 [pool-37-thread-1] INFO  storage.RaftStorageDirectory (RaftStorageDirectory.java:analyzeStorage(246)) - The storage directory /workdir/hadoop-ozone/integration-test/target/test-dir/MiniOzoneClusterImpl-50c7d050-525b-4c2f-a0f3-57dee4820741/datanode-1/data/ratis/f937cac0-8bda-4f52-b56c-1849c246249c does not exist. Creating ...
2019-10-04 17:48:15,829 [pool-37-thread-1] INFO  storage.RaftStorageDirectory (RaftStorageDirectory.java:tryLock(328)) - Lock on /workdir/hadoop-ozone/integration-test/target/test-dir/MiniOzoneClusterImpl-50c7d050-525b-4c2f-a0f3-57dee4820741/datanode-1/data/ratis/f937cac0-8bda-4f52-b56c-1849c246249c/in_use.lock acquired by nodename 30567@pr-hdds-2158-86xd4-943107921
2019-10-04 17:48:15,842 [pool-37-thread-1] INFO  storage.RaftStorage (RaftStorage.java:format(72)) - Storage directory /workdir/hadoop-ozone/integration-test/target/test-dir/MiniOzoneClusterImpl-50c7d050-525b-4c2f-a0f3-57dee4820741/datanode-1/data/ratis/f937cac0-8bda-4f52-b56c-1849c246249c has been successfully formatted.
2019-10-04 17:48:15,843 [pool-37-thread-1] INFO  ratis.ContainerStateMachine (ContainerStateMachine.java:loadSnapshot(230)) - group-1849C246249C: The snapshot info is null. Setting the last applied indexto:(t:0, i:~)
2019-10-04 17:48:15,843 [pool-37-thread-1] INFO  server.RaftServerConfigKeys (ConfUtils.java:logGet(43)) - raft.server.notification.no-leader.timeout = 1000s (custom)
2019-10-04 17:48:15,843 [pool-37-thread-1] INFO  server.RaftServerConfigKeys (ConfUtils.java:logGet(43)) - raft.server.log.use.memory = false (default)
2019-10-04 17:48:15,843 [pool-37-thread-1] INFO  server.RaftServerConfigKeys (ConfUtils.java:logGet(43)) - raft.server.log.purge.gap = 1000000 (custom)
2019-10-04 17:48:15,844 [pool-37-thread-1] INFO  server.RaftServerConfigKeys (ConfUtils.java:logGet(43)) - raft.server.log.appender.buffer.byte-limit = 33554432 (custom)
2019-10-04 17:48:15,844 [pool-37-thread-1] INFO  server.RaftServerConfigKeys (ConfUtils.java:logGet(43)) - raft.server.log.segment.size.max = 1048576 (custom)
2019-10-04 17:48:15,844 [pool-37-thread-1] INFO  server.RaftServerConfigKeys (ConfUtils.java:logGet(43)) - raft.server.log.segment.cache.num.max = 2 (custom)
2019-10-04 17:48:15,844 [pool-37-thread-1] INFO  segmented.SegmentedRaftLogWorker (SegmentedRaftLogWorker.java:<init>(172)) - new 061d00a7-903b-4f59-9976-6b8853907499@group-1849C246249C-SegmentedRaftLogWorker for RaftStorage:Storage Directory /workdir/hadoop-ozone/integration-test/target/test-dir/MiniOzoneClusterImpl-50c7d050-525b-4c2f-a0f3-57dee4820741/datanode-1/data/ratis/f937cac0-8bda-4f52-b56c-1849c246249c
2019-10-04 17:48:15,844 [pool-37-thread-1] INFO  server.RaftServerConfigKeys (ConfUtils.java:logGet(43)) - raft.server.log.queue.byte-limit = 2147483647 (custom)
2019-10-04 17:48:15,844 [pool-37-thread-1] INFO  server.RaftServerConfigKeys (ConfUtils.java:logGet(43)) - raft.server.log.queue.element-limit = 1024 (custom)
2019-10-04 17:48:15,845 [pool-37-thread-1] INFO  server.RaftServerConfigKeys (ConfUtils.java:logGet(43)) - raft.server.log.segment.size.max = 1048576 (custom)
2019-10-04 17:48:15,845 [pool-37-thread-1] INFO  server.RaftServerConfigKeys (ConfUtils.java:logGet(43)) - raft.server.log.preallocated.size = 16384 (custom)
2019-10-04 17:48:15,845 [pool-37-thread-1] INFO  server.RaftServerConfigKeys (ConfUtils.java:logGet(43)) - raft.server.log.write.buffer.size = 33554432 (custom)
2019-10-04 17:48:15,845 [pool-37-thread-1] INFO  server.RaftServerConfigKeys (ConfUtils.java:logGet(43)) - raft.server.log.force.sync.num = 128 (default)
2019-10-04 17:48:15,845 [pool-37-thread-1] INFO  server.RaftServerConfigKeys (ConfUtils.java:logGet(43)) - raft.server.log.statemachine.data.sync = true (default)
2019-10-04 17:48:15,845 [pool-37-thread-1] INFO  server.RaftServerConfigKeys (ConfUtils.java:logGet(43)) - raft.server.log.statemachine.data.sync.timeout = 10s (default)
2019-10-04 17:48:15,846 [pool-37-thread-1] INFO  server.RaftServerConfigKeys (ConfUtils.java:logGet(43)) - raft.server.log.statemachine.data.sync.timeout.retry = -1 (default)
2019-10-04 17:48:15,846 [pool-37-thread-1] INFO  server.RaftServerConfigKeys (ConfUtils.java:logGet(43)) - raft.server.log.statemachine.data.caching.enabled = true (custom)
2019-10-04 17:48:15,846 [pool-37-thread-1] INFO  segmented.SegmentedRaftLogWorker (SegmentedRaftLogWorker.java:lambda$new$0(132)) - 061d00a7-903b-4f59-9976-6b8853907499@group-1849C246249C-SegmentedRaftLogWorker: flushIndex: setUnconditionally 0 -> -1
2019-10-04 17:48:15,847 [pool-37-thread-1] INFO  server.RaftServerConfigKeys (ConfUtils.java:logGet(43)) - raft.server.snapshot.auto.trigger.enabled = true (custom)
2019-10-04 17:48:15,847 [pool-37-thread-1] INFO  server.RaftServerConfigKeys (ConfUtils.java:logGet(43)) - raft.server.snapshot.auto.trigger.threshold = 10000 (custom)
2019-10-04 17:48:15,847 [pool-37-thread-1] INFO  server.RaftServerConfigKeys (ConfUtils.java:logGet(43)) - raft.server.snapshot.retention.num.files = 5 (custom)
2019-10-04 17:48:15,847 [pool-37-thread-1] INFO  server.RaftServerConfigKeys (ConfUtils.java:logGet(43)) - raft.server.retrycache.expirytime = 600000ms (custom)
2019-10-04 17:48:15,851 [pool-37-thread-1] INFO  impl.RaftServerImpl (RaftServerImpl.java:start(185)) - 061d00a7-903b-4f59-9976-6b8853907499@group-1849C246249C: start as a follower, conf=-1: [061d00a7-903b-4f59-9976-6b8853907499:192.168.5.161:42868], old=null
2019-10-04 17:48:15,851 [pool-37-thread-1] INFO  impl.RaftServerImpl (RaftServerImpl.java:setRole(174)) - 061d00a7-903b-4f59-9976-6b8853907499@group-1849C246249C: changes role from      null to FOLLOWER at term 0 for startAsFollower
2019-10-04 17:48:15,851 [pool-37-thread-1] INFO  impl.RoleInfo (RoleInfo.java:updateAndGet(143)) - 061d00a7-903b-4f59-9976-6b8853907499: start FollowerState
2019-10-04 17:48:15,852 [pool-37-thread-1] INFO  util.JmxRegister (JmxRegister.java:tryRegister(44)) - Successfully registered JMX Bean with object name Ratis:service=RaftServer,group=group-1849C246249C,id=061d00a7-903b-4f59-9976-6b8853907499
2019-10-04 17:48:15,861 [RatisPipelineUtilsThread] INFO  pipeline.PipelineStateManager (PipelineStateManager.java:addPipeline(56)) - Created pipeline Pipeline[ Id: f937cac0-8bda-4f52-b56c-1849c246249c, Nodes: 061d00a7-903b-4f59-9976-6b8853907499{ip: 192.168.5.161, host: pr-hdds-2158-86xd4-943107921, networkLocation: /default-rack, certSerialId: null}, Type:RATIS, Factor:ONE, State:OPEN]
2019-10-04 17:48:15,885 [grpc-default-executor-0] INFO  impl.RaftServerProxy (RaftServerProxy.java:addNew(89)) - a7ceaa18-5a38-47e1-85f2-e90b46db6857: addNew group-5EF717078557:[d4ea6eb3-f1cc-45fe-97a1-46bfecc6da5f:192.168.5.161:44062, a7ceaa18-5a38-47e1-85f2-e90b46db6857:192.168.5.161:43270, f6479c76-74f9-47ae-803c-23ec4c67d329:192.168.5.161:38928] returns group-5EF717078557:java.util.concurrent.CompletableFuture@35a9dab3[Not completed]
2019-10-04 17:48:15,885 [grpc-default-executor-2] INFO  impl.RaftServerProxy (RaftServerProxy.java:addNew(89)) - d4ea6eb3-f1cc-45fe-97a1-46bfecc6da5f: addNew group-5EF717078557:[d4ea6eb3-f1cc-45fe-97a1-46bfecc6da5f:192.168.5.161:44062, a7ceaa18-5a38-47e1-85f2-e90b46db6857:192.168.5.161:43270, f6479c76-74f9-47ae-803c-23ec4c67d329:192.168.5.161:38928] returns group-5EF717078557:java.util.concurrent.CompletableFuture@3bd840b1[Not completed]
2019-10-04 17:48:15,887 [grpc-default-executor-2] INFO  impl.RaftServerProxy (RaftServerProxy.java:addNew(89)) - f6479c76-74f9-47ae-803c-23ec4c67d329: addNew group-5EF717078557:[d4ea6eb3-f1cc-45fe-97a1-46bfecc6da5f:192.168.5.161:44062, a7ceaa18-5a38-47e1-85f2-e90b46db6857:192.168.5.161:43270, f6479c76-74f9-47ae-803c-23ec4c67d329:192.168.5.161:38928] returns group-5EF717078557:java.util.concurrent.CompletableFuture@25c59abd[Not completed]
2019-10-04 17:48:15,888 [pool-57-thread-1] INFO  impl.RaftServerImpl (RaftServerImpl.java:<init>(95)) - a7ceaa18-5a38-47e1-85f2-e90b46db6857: new RaftServerImpl for group-5EF717078557:[d4ea6eb3-f1cc-45fe-97a1-46bfecc6da5f:192.168.5.161:44062, a7ceaa18-5a38-47e1-85f2-e90b46db6857:192.168.5.161:43270, f6479c76-74f9-47ae-803c-23ec4c67d329:192.168.5.161:38928] with ContainerStateMachine:uninitialized
2019-10-04 17:48:15,888 [pool-57-thread-1] INFO  server.RaftServerConfigKeys (ConfUtils.java:logGet(43)) - raft.server.rpc.timeout.min = 5s (custom)
2019-10-04 17:48:15,888 [pool-57-thread-1] INFO  server.RaftServerConfigKeys (ConfUtils.java:logGet(43)) - raft.server.rpc.timeout.max = 5200ms (custom)
2019-10-04 17:48:15,889 [pool-57-thread-1] INFO  server.RaftServerConfigKeys (ConfUtils.java:logGet(43)) - raft.server.rpcslowness.timeout = 1000s (custom)
2019-10-04 17:48:15,889 [pool-57-thread-1] INFO  server.RaftServerConfigKeys (ConfUtils.java:logGet(43)) - raft.server.sleep.deviation.threshold = 300 (default)
2019-10-04 17:48:15,889 [pool-57-thread-1] INFO  server.RaftServerConfigKeys (ConfUtils.java:logGet(43)) - raft.server.log.appender.install.snapshot.enabled = false (custom)
2019-10-04 17:48:15,889 [pool-47-thread-1] INFO  impl.RaftServerImpl (RaftServerImpl.java:<init>(95)) - f6479c76-74f9-47ae-803c-23ec4c67d329: new RaftServerImpl for group-5EF717078557:[d4ea6eb3-f1cc-45fe-97a1-46bfecc6da5f:192.168.5.161:44062, a7ceaa18-5a38-47e1-85f2-e90b46db6857:192.168.5.161:43270, f6479c76-74f9-47ae-803c-23ec4c67d329:192.168.5.161:38928] with ContainerStateMachine:uninitialized
2019-10-04 17:48:15,889 [pool-57-thread-1] INFO  impl.RaftServerImpl (ServerState.java:<init>(103)) - a7ceaa18-5a38-47e1-85f2-e90b46db6857@group-5EF717078557: ConfigurationManager, init=-1: [d4ea6eb3-f1cc-45fe-97a1-46bfecc6da5f:192.168.5.161:44062, a7ceaa18-5a38-47e1-85f2-e90b46db6857:192.168.5.161:43270, f6479c76-74f9-47ae-803c-23ec4c67d329:192.168.5.161:38928], old=null, confs=<EMPTY_MAP>
2019-10-04 17:48:15,889 [pool-47-thread-1] INFO  server.RaftServerConfigKeys (ConfUtils.java:logGet(43)) - raft.server.rpc.timeout.min = 5s (custom)
2019-10-04 17:48:15,889 [pool-57-thread-1] INFO  server.RaftServerConfigKeys (ConfUtils.java:logGet(43)) - raft.server.storage.dir = [/workdir/hadoop-ozone/integration-test/target/test-dir/MiniOzoneClusterImpl-50c7d050-525b-4c2f-a0f3-57dee4820741/datanode-3/data/ratis] (custom)
2019-10-04 17:48:15,889 [pool-47-thread-1] INFO  server.RaftServerConfigKeys (ConfUtils.java:logGet(43)) - raft.server.rpc.timeout.max = 5200ms (custom)
2019-10-04 17:48:15,890 [pool-47-thread-1] INFO  server.RaftServerConfigKeys (ConfUtils.java:logGet(43)) - raft.server.rpcslowness.timeout = 1000s (custom)
2019-10-04 17:48:15,890 [pool-47-thread-1] INFO  server.RaftServerConfigKeys (ConfUtils.java:logGet(43)) - raft.server.sleep.deviation.threshold = 300 (default)
2019-10-04 17:48:15,890 [pool-57-thread-1] INFO  storage.RaftStorageDirectory (RaftStorageDirectory.java:analyzeStorage(246)) - The storage directory /workdir/hadoop-ozone/integration-test/target/test-dir/MiniOzoneClusterImpl-50c7d050-525b-4c2f-a0f3-57dee4820741/datanode-3/data/ratis/1d2859d7-b2de-495e-8877-5ef717078557 does not exist. Creating ...
2019-10-04 17:48:15,890 [pool-27-thread-1] INFO  impl.RaftServerImpl (RaftServerImpl.java:<init>(95)) - d4ea6eb3-f1cc-45fe-97a1-46bfecc6da5f: new RaftServerImpl for group-5EF717078557:[d4ea6eb3-f1cc-45fe-97a1-46bfecc6da5f:192.168.5.161:44062, a7ceaa18-5a38-47e1-85f2-e90b46db6857:192.168.5.161:43270, f6479c76-74f9-47ae-803c-23ec4c67d329:192.168.5.161:38928] with ContainerStateMachine:uninitialized
2019-10-04 17:48:15,890 [pool-47-thread-1] INFO  server.RaftServerConfigKeys (ConfUtils.java:logGet(43)) - raft.server.log.appender.install.snapshot.enabled = false (custom)
2019-10-04 17:48:15,890 [pool-27-thread-1] INFO  server.RaftServerConfigKeys (ConfUtils.java:logGet(43)) - raft.server.rpc.timeout.min = 5s (custom)
2019-10-04 17:48:15,890 [pool-47-thread-1] INFO  impl.RaftServerImpl (ServerState.java:<init>(103)) - f6479c76-74f9-47ae-803c-23ec4c67d329@group-5EF717078557: ConfigurationManager, init=-1: [d4ea6eb3-f1cc-45fe-97a1-46bfecc6da5f:192.168.5.161:44062, a7ceaa18-5a38-47e1-85f2-e90b46db6857:192.168.5.161:43270, f6479c76-74f9-47ae-803c-23ec4c67d329:192.168.5.161:38928], old=null, confs=<EMPTY_MAP>
2019-10-04 17:48:15,890 [pool-27-thread-1] INFO  server.RaftServerConfigKeys (ConfUtils.java:logGet(43)) - raft.server.rpc.timeout.max = 5200ms (custom)
2019-10-04 17:48:15,891 [pool-47-thread-1] INFO  server.RaftServerConfigKeys (ConfUtils.java:logGet(43)) - raft.server.storage.dir = [/workdir/hadoop-ozone/integration-test/target/test-dir/MiniOzoneClusterImpl-50c7d050-525b-4c2f-a0f3-57dee4820741/datanode-2/data/ratis] (custom)
2019-10-04 17:48:15,891 [pool-27-thread-1] INFO  server.RaftServerConfigKeys (ConfUtils.java:logGet(43)) - raft.server.rpcslowness.timeout = 1000s (custom)
2019-10-04 17:48:15,891 [pool-47-thread-1] INFO  storage.RaftStorageDirectory (RaftStorageDirectory.java:analyzeStorage(246)) - The storage directory /workdir/hadoop-ozone/integration-test/target/test-dir/MiniOzoneClusterImpl-50c7d050-525b-4c2f-a0f3-57dee4820741/datanode-2/data/ratis/1d2859d7-b2de-495e-8877-5ef717078557 does not exist. Creating ...
2019-10-04 17:48:15,891 [pool-27-thread-1] INFO  server.RaftServerConfigKeys (ConfUtils.java:logGet(43)) - raft.server.sleep.deviation.threshold = 300 (default)
2019-10-04 17:48:15,891 [pool-27-thread-1] INFO  server.RaftServerConfigKeys (ConfUtils.java:logGet(43)) - raft.server.log.appender.install.snapshot.enabled = false (custom)
2019-10-04 17:48:15,891 [pool-27-thread-1] INFO  impl.RaftServerImpl (ServerState.java:<init>(103)) - d4ea6eb3-f1cc-45fe-97a1-46bfecc6da5f@group-5EF717078557: ConfigurationManager, init=-1: [d4ea6eb3-f1cc-45fe-97a1-46bfecc6da5f:192.168.5.161:44062, a7ceaa18-5a38-47e1-85f2-e90b46db6857:192.168.5.161:43270, f6479c76-74f9-47ae-803c-23ec4c67d329:192.168.5.161:38928], old=null, confs=<EMPTY_MAP>
2019-10-04 17:48:15,892 [pool-27-thread-1] INFO  server.RaftServerConfigKeys (ConfUtils.java:logGet(43)) - raft.server.storage.dir = [/workdir/hadoop-ozone/integration-test/target/test-dir/MiniOzoneClusterImpl-50c7d050-525b-4c2f-a0f3-57dee4820741/datanode-0/data/ratis] (custom)
2019-10-04 17:48:15,892 [pool-27-thread-1] INFO  storage.RaftStorageDirectory (RaftStorageDirectory.java:analyzeStorage(246)) - The storage directory /workdir/hadoop-ozone/integration-test/target/test-dir/MiniOzoneClusterImpl-50c7d050-525b-4c2f-a0f3-57dee4820741/datanode-0/data/ratis/1d2859d7-b2de-495e-8877-5ef717078557 does not exist. Creating ...
2019-10-04 17:48:15,903 [pool-47-thread-1] INFO  storage.RaftStorageDirectory (RaftStorageDirectory.java:tryLock(328)) - Lock on /workdir/hadoop-ozone/integration-test/target/test-dir/MiniOzoneClusterImpl-50c7d050-525b-4c2f-a0f3-57dee4820741/datanode-2/data/ratis/1d2859d7-b2de-495e-8877-5ef717078557/in_use.lock acquired by nodename 30567@pr-hdds-2158-86xd4-943107921
2019-10-04 17:48:15,903 [pool-57-thread-1] INFO  storage.RaftStorageDirectory (RaftStorageDirectory.java:tryLock(328)) - Lock on /workdir/hadoop-ozone/integration-test/target/test-dir/MiniOzoneClusterImpl-50c7d050-525b-4c2f-a0f3-57dee4820741/datanode-3/data/ratis/1d2859d7-b2de-495e-8877-5ef717078557/in_use.lock acquired by nodename 30567@pr-hdds-2158-86xd4-943107921
2019-10-04 17:48:15,903 [pool-27-thread-1] INFO  storage.RaftStorageDirectory (RaftStorageDirectory.java:tryLock(328)) - Lock on /workdir/hadoop-ozone/integration-test/target/test-dir/MiniOzoneClusterImpl-50c7d050-525b-4c2f-a0f3-57dee4820741/datanode-0/data/ratis/1d2859d7-b2de-495e-8877-5ef717078557/in_use.lock acquired by nodename 30567@pr-hdds-2158-86xd4-943107921
2019-10-04 17:48:15,926 [pool-27-thread-1] INFO  storage.RaftStorage (RaftStorage.java:format(72)) - Storage directory /workdir/hadoop-ozone/integration-test/target/test-dir/MiniOzoneClusterImpl-50c7d050-525b-4c2f-a0f3-57dee4820741/datanode-0/data/ratis/1d2859d7-b2de-495e-8877-5ef717078557 has been successfully formatted.
2019-10-04 17:48:15,926 [pool-47-thread-1] INFO  storage.RaftStorage (RaftStorage.java:format(72)) - Storage directory /workdir/hadoop-ozone/integration-test/target/test-dir/MiniOzoneClusterImpl-50c7d050-525b-4c2f-a0f3-57dee4820741/datanode-2/data/ratis/1d2859d7-b2de-495e-8877-5ef717078557 has been successfully formatted.
2019-10-04 17:48:15,926 [pool-57-thread-1] INFO  storage.RaftStorage (RaftStorage.java:format(72)) - Storage directory /workdir/hadoop-ozone/integration-test/target/test-dir/MiniOzoneClusterImpl-50c7d050-525b-4c2f-a0f3-57dee4820741/datanode-3/data/ratis/1d2859d7-b2de-495e-8877-5ef717078557 has been successfully formatted.
2019-10-04 17:48:15,926 [pool-27-thread-1] INFO  ratis.ContainerStateMachine (ContainerStateMachine.java:loadSnapshot(230)) - group-5EF717078557: The snapshot info is null. Setting the last applied indexto:(t:0, i:~)
2019-10-04 17:48:15,927 [pool-47-thread-1] INFO  ratis.ContainerStateMachine (ContainerStateMachine.java:loadSnapshot(230)) - group-5EF717078557: The snapshot info is null. Setting the last applied indexto:(t:0, i:~)
2019-10-04 17:48:15,927 [pool-27-thread-1] INFO  server.RaftServerConfigKeys (ConfUtils.java:logGet(43)) - raft.server.notification.no-leader.timeout = 1000s (custom)
2019-10-04 17:48:15,927 [pool-57-thread-1] INFO  ratis.ContainerStateMachine (ContainerStateMachine.java:loadSnapshot(230)) - group-5EF717078557: The snapshot info is null. Setting the last applied indexto:(t:0, i:~)
2019-10-04 17:48:15,927 [pool-27-thread-1] INFO  server.RaftServerConfigKeys (ConfUtils.java:logGet(43)) - raft.server.log.use.memory = false (default)
2019-10-04 17:48:15,927 [pool-47-thread-1] INFO  server.RaftServerConfigKeys (ConfUtils.java:logGet(43)) - raft.server.notification.no-leader.timeout = 1000s (custom)
2019-10-04 17:48:15,927 [pool-27-thread-1] INFO  server.RaftServerConfigKeys (ConfUtils.java:logGet(43)) - raft.server.log.purge.gap = 1000000 (custom)
2019-10-04 17:48:15,927 [pool-57-thread-1] INFO  server.RaftServerConfigKeys (ConfUtils.java:logGet(43)) - raft.server.notification.no-leader.timeout = 1000s (custom)
2019-10-04 17:48:15,927 [pool-27-thread-1] INFO  server.RaftServerConfigKeys (ConfUtils.java:logGet(43)) - raft.server.log.appender.buffer.byte-limit = 33554432 (custom)
2019-10-04 17:48:15,927 [pool-47-thread-1] INFO  server.RaftServerConfigKeys (ConfUtils.java:logGet(43)) - raft.server.log.use.memory = false (default)
2019-10-04 17:48:15,928 [pool-27-thread-1] INFO  server.RaftServerConfigKeys (ConfUtils.java:logGet(43)) - raft.server.log.segment.size.max = 1048576 (custom)
2019-10-04 17:48:15,927 [pool-57-thread-1] INFO  server.RaftServerConfigKeys (ConfUtils.java:logGet(43)) - raft.server.log.use.memory = false (default)
2019-10-04 17:48:15,928 [pool-27-thread-1] INFO  server.RaftServerConfigKeys (ConfUtils.java:logGet(43)) - raft.server.log.segment.cache.num.max = 2 (custom)
2019-10-04 17:48:15,928 [pool-47-thread-1] INFO  server.RaftServerConfigKeys (ConfUtils.java:logGet(43)) - raft.server.log.purge.gap = 1000000 (custom)
2019-10-04 17:48:15,928 [pool-27-thread-1] INFO  segmented.SegmentedRaftLogWorker (SegmentedRaftLogWorker.java:<init>(172)) - new d4ea6eb3-f1cc-45fe-97a1-46bfecc6da5f@group-5EF717078557-SegmentedRaftLogWorker for RaftStorage:Storage Directory /workdir/hadoop-ozone/integration-test/target/test-dir/MiniOzoneClusterImpl-50c7d050-525b-4c2f-a0f3-57dee4820741/datanode-0/data/ratis/1d2859d7-b2de-495e-8877-5ef717078557
2019-10-04 17:48:15,928 [pool-57-thread-1] INFO  server.RaftServerConfigKeys (ConfUtils.java:logGet(43)) - raft.server.log.purge.gap = 1000000 (custom)
2019-10-04 17:48:15,928 [pool-27-thread-1] INFO  server.RaftServerConfigKeys (ConfUtils.java:logGet(43)) - raft.server.log.queue.byte-limit = 2147483647 (custom)
2019-10-04 17:48:15,928 [pool-47-thread-1] INFO  server.RaftServerConfigKeys (ConfUtils.java:logGet(43)) - raft.server.log.appender.buffer.byte-limit = 33554432 (custom)
2019-10-04 17:48:15,929 [pool-27-thread-1] INFO  server.RaftServerConfigKeys (ConfUtils.java:logGet(43)) - raft.server.log.queue.element-limit = 1024 (custom)
2019-10-04 17:48:15,928 [pool-57-thread-1] INFO  server.RaftServerConfigKeys (ConfUtils.java:logGet(43)) - raft.server.log.appender.buffer.byte-limit = 33554432 (custom)
2019-10-04 17:48:15,929 [pool-27-thread-1] INFO  server.RaftServerConfigKeys (ConfUtils.java:logGet(43)) - raft.server.log.segment.size.max = 1048576 (custom)
2019-10-04 17:48:15,929 [pool-47-thread-1] INFO  server.RaftServerConfigKeys (ConfUtils.java:logGet(43)) - raft.server.log.segment.size.max = 1048576 (custom)
2019-10-04 17:48:15,929 [pool-27-thread-1] INFO  server.RaftServerConfigKeys (ConfUtils.java:logGet(43)) - raft.server.log.preallocated.size = 16384 (custom)
2019-10-04 17:48:15,929 [pool-57-thread-1] INFO  server.RaftServerConfigKeys (ConfUtils.java:logGet(43)) - raft.server.log.segment.size.max = 1048576 (custom)
2019-10-04 17:48:15,929 [pool-27-thread-1] INFO  server.RaftServerConfigKeys (ConfUtils.java:logGet(43)) - raft.server.log.write.buffer.size = 33554432 (custom)
2019-10-04 17:48:15,929 [pool-47-thread-1] INFO  server.RaftServerConfigKeys (ConfUtils.java:logGet(43)) - raft.server.log.segment.cache.num.max = 2 (custom)
2019-10-04 17:48:15,930 [pool-27-thread-1] INFO  server.RaftServerConfigKeys (ConfUtils.java:logGet(43)) - raft.server.log.force.sync.num = 128 (default)
2019-10-04 17:48:15,930 [pool-57-thread-1] INFO  server.RaftServerConfigKeys (ConfUtils.java:logGet(43)) - raft.server.log.segment.cache.num.max = 2 (custom)
2019-10-04 17:48:15,930 [pool-27-thread-1] INFO  server.RaftServerConfigKeys (ConfUtils.java:logGet(43)) - raft.server.log.statemachine.data.sync = true (default)
2019-10-04 17:48:15,930 [pool-47-thread-1] INFO  segmented.SegmentedRaftLogWorker (SegmentedRaftLogWorker.java:<init>(172)) - new f6479c76-74f9-47ae-803c-23ec4c67d329@group-5EF717078557-SegmentedRaftLogWorker for RaftStorage:Storage Directory /workdir/hadoop-ozone/integration-test/target/test-dir/MiniOzoneClusterImpl-50c7d050-525b-4c2f-a0f3-57dee4820741/datanode-2/data/ratis/1d2859d7-b2de-495e-8877-5ef717078557
2019-10-04 17:48:15,930 [pool-27-thread-1] INFO  server.RaftServerConfigKeys (ConfUtils.java:logGet(43)) - raft.server.log.statemachine.data.sync.timeout = 10s (default)
2019-10-04 17:48:15,930 [pool-57-thread-1] INFO  segmented.SegmentedRaftLogWorker (SegmentedRaftLogWorker.java:<init>(172)) - new a7ceaa18-5a38-47e1-85f2-e90b46db6857@group-5EF717078557-SegmentedRaftLogWorker for RaftStorage:Storage Directory /workdir/hadoop-ozone/integration-test/target/test-dir/MiniOzoneClusterImpl-50c7d050-525b-4c2f-a0f3-57dee4820741/datanode-3/data/ratis/1d2859d7-b2de-495e-8877-5ef717078557
2019-10-04 17:48:15,930 [pool-27-thread-1] INFO  server.RaftServerConfigKeys (ConfUtils.java:logGet(43)) - raft.server.log.statemachine.data.sync.timeout.retry = -1 (default)
2019-10-04 17:48:15,930 [pool-47-thread-1] INFO  server.RaftServerConfigKeys (ConfUtils.java:logGet(43)) - raft.server.log.queue.byte-limit = 2147483647 (custom)
2019-10-04 17:48:15,931 [pool-57-thread-1] INFO  server.RaftServerConfigKeys (ConfUtils.java:logGet(43)) - raft.server.log.queue.byte-limit = 2147483647 (custom)
2019-10-04 17:48:15,931 [pool-47-thread-1] INFO  server.RaftServerConfigKeys (ConfUtils.java:logGet(43)) - raft.server.log.queue.element-limit = 1024 (custom)
2019-10-04 17:48:15,931 [pool-27-thread-1] INFO  server.RaftServerConfigKeys (ConfUtils.java:logGet(43)) - raft.server.log.statemachine.data.caching.enabled = true (custom)
2019-10-04 17:48:15,931 [pool-47-thread-1] INFO  server.RaftServerConfigKeys (ConfUtils.java:logGet(43)) - raft.server.log.segment.size.max = 1048576 (custom)
2019-10-04 17:48:15,931 [pool-57-thread-1] INFO  server.RaftServerConfigKeys (ConfUtils.java:logGet(43)) - raft.server.log.queue.element-limit = 1024 (custom)
2019-10-04 17:48:15,931 [pool-27-thread-1] INFO  segmented.SegmentedRaftLogWorker (SegmentedRaftLogWorker.java:lambda$new$0(132)) - d4ea6eb3-f1cc-45fe-97a1-46bfecc6da5f@group-5EF717078557-SegmentedRaftLogWorker: flushIndex: setUnconditionally 0 -> -1
2019-10-04 17:48:15,931 [pool-47-thread-1] INFO  server.RaftServerConfigKeys (ConfUtils.java:logGet(43)) - raft.server.log.preallocated.size = 16384 (custom)
2019-10-04 17:48:15,931 [pool-57-thread-1] INFO  server.RaftServerConfigKeys (ConfUtils.java:logGet(43)) - raft.server.log.segment.size.max = 1048576 (custom)
2019-10-04 17:48:15,932 [pool-27-thread-1] INFO  server.RaftServerConfigKeys (ConfUtils.java:logGet(43)) - raft.server.snapshot.auto.trigger.enabled = true (custom)
2019-10-04 17:48:15,932 [pool-47-thread-1] INFO  server.RaftServerConfigKeys (ConfUtils.java:logGet(43)) - raft.server.log.write.buffer.size = 33554432 (custom)
2019-10-04 17:48:15,932 [pool-27-thread-1] INFO  server.RaftServerConfigKeys (ConfUtils.java:logGet(43)) - raft.server.snapshot.auto.trigger.threshold = 10000 (custom)
2019-10-04 17:48:15,932 [pool-57-thread-1] INFO  server.RaftServerConfigKeys (ConfUtils.java:logGet(43)) - raft.server.log.preallocated.size = 16384 (custom)
2019-10-04 17:48:15,932 [pool-27-thread-1] INFO  server.RaftServerConfigKeys (ConfUtils.java:logGet(43)) - raft.server.snapshot.retention.num.files = 5 (custom)
2019-10-04 17:48:15,932 [pool-47-thread-1] INFO  server.RaftServerConfigKeys (ConfUtils.java:logGet(43)) - raft.server.log.force.sync.num = 128 (default)
2019-10-04 17:48:15,932 [pool-27-thread-1] INFO  server.RaftServerConfigKeys (ConfUtils.java:logGet(43)) - raft.server.retrycache.expirytime = 600000ms (custom)
2019-10-04 17:48:15,932 [pool-57-thread-1] INFO  server.RaftServerConfigKeys (ConfUtils.java:logGet(43)) - raft.server.log.write.buffer.size = 33554432 (custom)
2019-10-04 17:48:15,932 [pool-47-thread-1] INFO  server.RaftServerConfigKeys (ConfUtils.java:logGet(43)) - raft.server.log.statemachine.data.sync = true (default)
2019-10-04 17:48:15,933 [pool-57-thread-1] INFO  server.RaftServerConfigKeys (ConfUtils.java:logGet(43)) - raft.server.log.force.sync.num = 128 (default)
2019-10-04 17:48:15,933 [pool-47-thread-1] INFO  server.RaftServerConfigKeys (ConfUtils.java:logGet(43)) - raft.server.log.statemachine.data.sync.timeout = 10s (default)
2019-10-04 17:48:15,933 [pool-57-thread-1] INFO  server.RaftServerConfigKeys (ConfUtils.java:logGet(43)) - raft.server.log.statemachine.data.sync = true (default)
2019-10-04 17:48:15,933 [pool-47-thread-1] INFO  server.RaftServerConfigKeys (ConfUtils.java:logGet(43)) - raft.server.log.statemachine.data.sync.timeout.retry = -1 (default)
2019-10-04 17:48:15,933 [pool-57-thread-1] INFO  server.RaftServerConfigKeys (ConfUtils.java:logGet(43)) - raft.server.log.statemachine.data.sync.timeout = 10s (default)
2019-10-04 17:48:15,933 [pool-47-thread-1] INFO  server.RaftServerConfigKeys (ConfUtils.java:logGet(43)) - raft.server.log.statemachine.data.caching.enabled = true (custom)
2019-10-04 17:48:15,933 [pool-57-thread-1] INFO  server.RaftServerConfigKeys (ConfUtils.java:logGet(43)) - raft.server.log.statemachine.data.sync.timeout.retry = -1 (default)
2019-10-04 17:48:15,934 [pool-47-thread-1] INFO  segmented.SegmentedRaftLogWorker (SegmentedRaftLogWorker.java:lambda$new$0(132)) - f6479c76-74f9-47ae-803c-23ec4c67d329@group-5EF717078557-SegmentedRaftLogWorker: flushIndex: setUnconditionally 0 -> -1
2019-10-04 17:48:15,934 [pool-57-thread-1] INFO  server.RaftServerConfigKeys (ConfUtils.java:logGet(43)) - raft.server.log.statemachine.data.caching.enabled = true (custom)
2019-10-04 17:48:15,934 [pool-47-thread-1] INFO  server.RaftServerConfigKeys (ConfUtils.java:logGet(43)) - raft.server.snapshot.auto.trigger.enabled = true (custom)
2019-10-04 17:48:15,934 [pool-47-thread-1] INFO  server.RaftServerConfigKeys (ConfUtils.java:logGet(43)) - raft.server.snapshot.auto.trigger.threshold = 10000 (custom)
2019-10-04 17:48:15,934 [pool-57-thread-1] INFO  segmented.SegmentedRaftLogWorker (SegmentedRaftLogWorker.java:lambda$new$0(132)) - a7ceaa18-5a38-47e1-85f2-e90b46db6857@group-5EF717078557-SegmentedRaftLogWorker: flushIndex: setUnconditionally 0 -> -1
2019-10-04 17:48:15,934 [pool-47-thread-1] INFO  server.RaftServerConfigKeys (ConfUtils.java:logGet(43)) - raft.server.snapshot.retention.num.files = 5 (custom)
2019-10-04 17:48:15,935 [pool-57-thread-1] INFO  server.RaftServerConfigKeys (ConfUtils.java:logGet(43)) - raft.server.snapshot.auto.trigger.enabled = true (custom)
2019-10-04 17:48:15,935 [pool-47-thread-1] INFO  server.RaftServerConfigKeys (ConfUtils.java:logGet(43)) - raft.server.retrycache.expirytime = 600000ms (custom)
2019-10-04 17:48:15,935 [pool-57-thread-1] INFO  server.RaftServerConfigKeys (ConfUtils.java:logGet(43)) - raft.server.snapshot.auto.trigger.threshold = 10000 (custom)
2019-10-04 17:48:15,935 [pool-57-thread-1] INFO  server.RaftServerConfigKeys (ConfUtils.java:logGet(43)) - raft.server.snapshot.retention.num.files = 5 (custom)
2019-10-04 17:48:15,935 [pool-57-thread-1] INFO  server.RaftServerConfigKeys (ConfUtils.java:logGet(43)) - raft.server.retrycache.expirytime = 600000ms (custom)
2019-10-04 17:48:15,935 [pool-27-thread-1] INFO  impl.RaftServerImpl (RaftServerImpl.java:start(185)) - d4ea6eb3-f1cc-45fe-97a1-46bfecc6da5f@group-5EF717078557: start as a follower, conf=-1: [d4ea6eb3-f1cc-45fe-97a1-46bfecc6da5f:192.168.5.161:44062, a7ceaa18-5a38-47e1-85f2-e90b46db6857:192.168.5.161:43270, f6479c76-74f9-47ae-803c-23ec4c67d329:192.168.5.161:38928], old=null
2019-10-04 17:48:15,935 [pool-27-thread-1] INFO  impl.RaftServerImpl (RaftServerImpl.java:setRole(174)) - d4ea6eb3-f1cc-45fe-97a1-46bfecc6da5f@group-5EF717078557: changes role from      null to FOLLOWER at term 0 for startAsFollower
2019-10-04 17:48:15,936 [pool-27-thread-1] INFO  impl.RoleInfo (RoleInfo.java:updateAndGet(143)) - d4ea6eb3-f1cc-45fe-97a1-46bfecc6da5f: start FollowerState
2019-10-04 17:48:15,936 [pool-27-thread-1] INFO  util.JmxRegister (JmxRegister.java:tryRegister(44)) - Successfully registered JMX Bean with object name Ratis:service=RaftServer,group=group-5EF717078557,id=d4ea6eb3-f1cc-45fe-97a1-46bfecc6da5f
2019-10-04 17:48:15,938 [pool-47-thread-1] INFO  impl.RaftServerImpl (RaftServerImpl.java:start(185)) - f6479c76-74f9-47ae-803c-23ec4c67d329@group-5EF717078557: start as a follower, conf=-1: [d4ea6eb3-f1cc-45fe-97a1-46bfecc6da5f:192.168.5.161:44062, a7ceaa18-5a38-47e1-85f2-e90b46db6857:192.168.5.161:43270, f6479c76-74f9-47ae-803c-23ec4c67d329:192.168.5.161:38928], old=null
2019-10-04 17:48:15,938 [pool-47-thread-1] INFO  impl.RaftServerImpl (RaftServerImpl.java:setRole(174)) - f6479c76-74f9-47ae-803c-23ec4c67d329@group-5EF717078557: changes role from      null to FOLLOWER at term 0 for startAsFollower
2019-10-04 17:48:15,938 [pool-47-thread-1] INFO  impl.RoleInfo (RoleInfo.java:updateAndGet(143)) - f6479c76-74f9-47ae-803c-23ec4c67d329: start FollowerState
2019-10-04 17:48:15,938 [pool-57-thread-1] INFO  impl.RaftServerImpl (RaftServerImpl.java:start(185)) - a7ceaa18-5a38-47e1-85f2-e90b46db6857@group-5EF717078557: start as a follower, conf=-1: [d4ea6eb3-f1cc-45fe-97a1-46bfecc6da5f:192.168.5.161:44062, a7ceaa18-5a38-47e1-85f2-e90b46db6857:192.168.5.161:43270, f6479c76-74f9-47ae-803c-23ec4c67d329:192.168.5.161:38928], old=null
2019-10-04 17:48:15,938 [pool-57-thread-1] INFO  impl.RaftServerImpl (RaftServerImpl.java:setRole(174)) - a7ceaa18-5a38-47e1-85f2-e90b46db6857@group-5EF717078557: changes role from      null to FOLLOWER at term 0 for startAsFollower
2019-10-04 17:48:15,940 [pool-47-thread-1] INFO  util.JmxRegister (JmxRegister.java:tryRegister(44)) - Successfully registered JMX Bean with object name Ratis:service=RaftServer,group=group-5EF717078557,id=f6479c76-74f9-47ae-803c-23ec4c67d329
2019-10-04 17:48:15,940 [pool-57-thread-1] INFO  impl.RoleInfo (RoleInfo.java:updateAndGet(143)) - a7ceaa18-5a38-47e1-85f2-e90b46db6857: start FollowerState
2019-10-04 17:48:15,941 [pool-57-thread-1] INFO  util.JmxRegister (JmxRegister.java:tryRegister(44)) - Successfully registered JMX Bean with object name Ratis:service=RaftServer,group=group-5EF717078557,id=a7ceaa18-5a38-47e1-85f2-e90b46db6857
2019-10-04 17:48:15,958 [RatisPipelineUtilsThread] INFO  pipeline.PipelineStateManager (PipelineStateManager.java:addPipeline(56)) - Created pipeline Pipeline[ Id: 1d2859d7-b2de-495e-8877-5ef717078557, Nodes: f6479c76-74f9-47ae-803c-23ec4c67d329{ip: 192.168.5.161, host: pr-hdds-2158-86xd4-943107921, networkLocation: /default-rack, certSerialId: null}a7ceaa18-5a38-47e1-85f2-e90b46db6857{ip: 192.168.5.161, host: pr-hdds-2158-86xd4-943107921, networkLocation: /default-rack, certSerialId: null}d4ea6eb3-f1cc-45fe-97a1-46bfecc6da5f{ip: 192.168.5.161, host: pr-hdds-2158-86xd4-943107921, networkLocation: /default-rack, certSerialId: null}, Type:RATIS, Factor:THREE, State:OPEN]
2019-10-04 17:48:16,033 [Command processor thread] ERROR commandhandler.CloseContainerCommandHandler (CloseContainerCommandHandler.java:handle(84)) - Container #1 does not exist in datanode. Container close failed.
2019-10-04 17:48:16,077 [Thread-193] INFO  container.ReplicationManager (ReplicationManager.java:start(169)) - Replication Monitor Thread is already running.
2019-10-04 17:48:16,175 [Command processor thread] ERROR commandhandler.CloseContainerCommandHandler (CloseContainerCommandHandler.java:handle(84)) - Container #1 does not exist in datanode. Container close failed.
2019-10-04 17:48:16,240 [Command processor thread] ERROR commandhandler.CloseContainerCommandHandler (CloseContainerCommandHandler.java:handle(84)) - Container #1 does not exist in datanode. Container close failed.
2019-10-04 17:48:16,246 [ReplicationMonitor] INFO  container.ReplicationManager (ReplicationManager.java:run(225)) - Replication Monitor Thread took 1 milliseconds for processing 1 containers.
2019-10-04 17:48:16,784 [grpc-default-executor-2] INFO  client.GrpcClientProtocolClient (GrpcClientProtocolClient.java:onNext(264)) - client-63BC93E5E7CE->a7ceaa18-5a38-47e1-85f2-e90b46db6857: receive RaftClientReply:client-63BC93E5E7CE->a7ceaa18-5a38-47e1-85f2-e90b46db6857@group-7F928F9E4ECE, cid=9, FAILED org.apache.ratis.protocol.NotLeaderException: Server a7ceaa18-5a38-47e1-85f2-e90b46db6857@group-7F928F9E4ECE is not the leader, logIndex=0, commits[a7ceaa18-5a38-47e1-85f2-e90b46db6857:c-1]
2019-10-04 17:48:17,812 [grpc-default-executor-2] INFO  client.GrpcClientProtocolClient (GrpcClientProtocolClient.java:onNext(264)) - client-63BC93E5E7CE->f6479c76-74f9-47ae-803c-23ec4c67d329: receive RaftClientReply:client-63BC93E5E7CE->f6479c76-74f9-47ae-803c-23ec4c67d329@group-7F928F9E4ECE, cid=9, FAILED org.apache.ratis.protocol.NotLeaderException: Server f6479c76-74f9-47ae-803c-23ec4c67d329@group-7F928F9E4ECE is not the leader, logIndex=0, commits[f6479c76-74f9-47ae-803c-23ec4c67d329:c-1]
2019-10-04 17:48:18,247 [ReplicationMonitor] INFO  container.ReplicationManager (ReplicationManager.java:run(225)) - Replication Monitor Thread took 1 milliseconds for processing 1 containers.
2019-10-04 17:48:18,834 [grpc-default-executor-2] INFO  client.GrpcClientProtocolClient (GrpcClientProtocolClient.java:onNext(264)) - client-63BC93E5E7CE->d4ea6eb3-f1cc-45fe-97a1-46bfecc6da5f: receive RaftClientReply:client-63BC93E5E7CE->d4ea6eb3-f1cc-45fe-97a1-46bfecc6da5f@group-7F928F9E4ECE, cid=9, FAILED org.apache.ratis.protocol.NotLeaderException: Server d4ea6eb3-f1cc-45fe-97a1-46bfecc6da5f@group-7F928F9E4ECE is not the leader, logIndex=0, commits[d4ea6eb3-f1cc-45fe-97a1-46bfecc6da5f:c-1]
2019-10-04 17:48:18,998 [Thread-195] INFO  impl.FollowerState (FollowerState.java:run(106)) - d4ea6eb3-f1cc-45fe-97a1-46bfecc6da5f:group-735B691D0004 changes to CANDIDATE, lastRpcTime:5169, electionTimeout:5168ms
2019-10-04 17:48:19,002 [Thread-195] INFO  impl.RoleInfo (RoleInfo.java:shutdownFollowerState(121)) - d4ea6eb3-f1cc-45fe-97a1-46bfecc6da5f: shutdown FollowerState
2019-10-04 17:48:19,002 [Thread-195] INFO  impl.RaftServerImpl (RaftServerImpl.java:setRole(174)) - d4ea6eb3-f1cc-45fe-97a1-46bfecc6da5f@group-735B691D0004: changes role from  FOLLOWER to CANDIDATE at term 0 for changeToCandidate
2019-10-04 17:48:19,008 [Thread-195] INFO  impl.RoleInfo (RoleInfo.java:updateAndGet(143)) - d4ea6eb3-f1cc-45fe-97a1-46bfecc6da5f: start LeaderElection
2019-10-04 17:48:19,197 [Thread-198] INFO  impl.FollowerState (FollowerState.java:run(106)) - f6479c76-74f9-47ae-803c-23ec4c67d329:group-1099891A9CA5 changes to CANDIDATE, lastRpcTime:5193, electionTimeout:5186ms
2019-10-04 17:48:19,200 [Thread-198] INFO  impl.RoleInfo (RoleInfo.java:shutdownFollowerState(121)) - f6479c76-74f9-47ae-803c-23ec4c67d329: shutdown FollowerState
2019-10-04 17:48:19,200 [Thread-198] INFO  impl.RaftServerImpl (RaftServerImpl.java:setRole(174)) - f6479c76-74f9-47ae-803c-23ec4c67d329@group-1099891A9CA5: changes role from  FOLLOWER to CANDIDATE at term 0 for changeToCandidate
2019-10-04 17:48:19,200 [Thread-198] INFO  impl.RoleInfo (RoleInfo.java:updateAndGet(143)) - f6479c76-74f9-47ae-803c-23ec4c67d329: start LeaderElection
2019-10-04 17:48:19,210 [Thread-201] INFO  impl.FollowerState (FollowerState.java:run(106)) - a7ceaa18-5a38-47e1-85f2-e90b46db6857:group-B8D56D73270A changes to CANDIDATE, lastRpcTime:5094, electionTimeout:5093ms
2019-10-04 17:48:19,210 [Thread-201] INFO  impl.RoleInfo (RoleInfo.java:shutdownFollowerState(121)) - a7ceaa18-5a38-47e1-85f2-e90b46db6857: shutdown FollowerState
2019-10-04 17:48:19,210 [Thread-201] INFO  impl.RaftServerImpl (RaftServerImpl.java:setRole(174)) - a7ceaa18-5a38-47e1-85f2-e90b46db6857@group-B8D56D73270A: changes role from  FOLLOWER to CANDIDATE at term 0 for changeToCandidate
2019-10-04 17:48:19,210 [Thread-201] INFO  impl.RoleInfo (RoleInfo.java:updateAndGet(143)) - a7ceaa18-5a38-47e1-85f2-e90b46db6857: start LeaderElection
2019-10-04 17:48:19,291 [Thread-212] INFO  impl.FollowerState (FollowerState.java:run(106)) - a7ceaa18-5a38-47e1-85f2-e90b46db6857:group-7F928F9E4ECE changes to CANDIDATE, lastRpcTime:5020, electionTimeout:5019ms
2019-10-04 17:48:19,291 [Thread-212] INFO  impl.RoleInfo (RoleInfo.java:shutdownFollowerState(121)) - a7ceaa18-5a38-47e1-85f2-e90b46db6857: shutdown FollowerState
2019-10-04 17:48:19,291 [Thread-212] INFO  impl.RaftServerImpl (RaftServerImpl.java:setRole(174)) - a7ceaa18-5a38-47e1-85f2-e90b46db6857@group-7F928F9E4ECE: changes role from  FOLLOWER to CANDIDATE at term 0 for changeToCandidate
2019-10-04 17:48:19,292 [Thread-212] INFO  impl.RoleInfo (RoleInfo.java:updateAndGet(143)) - a7ceaa18-5a38-47e1-85f2-e90b46db6857: start LeaderElection
2019-10-04 17:48:19,303 [Thread-204] INFO  impl.FollowerState (FollowerState.java:run(106)) - 061d00a7-903b-4f59-9976-6b8853907499:group-11D3538FEA5D changes to CANDIDATE, lastRpcTime:5116, electionTimeout:5116ms
2019-10-04 17:48:19,303 [Thread-204] INFO  impl.RoleInfo (RoleInfo.java:shutdownFollowerState(121)) - 061d00a7-903b-4f59-9976-6b8853907499: shutdown FollowerState
2019-10-04 17:48:19,303 [Thread-204] INFO  impl.RaftServerImpl (RaftServerImpl.java:setRole(174)) - 061d00a7-903b-4f59-9976-6b8853907499@group-11D3538FEA5D: changes role from  FOLLOWER to CANDIDATE at term 0 for changeToCandidate
2019-10-04 17:48:19,303 [Thread-204] INFO  impl.RoleInfo (RoleInfo.java:updateAndGet(143)) - 061d00a7-903b-4f59-9976-6b8853907499: start LeaderElection
2019-10-04 17:48:19,309 [Thread-213] INFO  impl.FollowerState (FollowerState.java:run(106)) - f6479c76-74f9-47ae-803c-23ec4c67d329:group-7F928F9E4ECE changes to CANDIDATE, lastRpcTime:5037, electionTimeout:5037ms
2019-10-04 17:48:19,309 [Thread-213] INFO  impl.RoleInfo (RoleInfo.java:shutdownFollowerState(121)) - f6479c76-74f9-47ae-803c-23ec4c67d329: shutdown FollowerState
2019-10-04 17:48:19,309 [Thread-213] INFO  impl.RaftServerImpl (RaftServerImpl.java:setRole(174)) - f6479c76-74f9-47ae-803c-23ec4c67d329@group-7F928F9E4ECE: changes role from  FOLLOWER to CANDIDATE at term 0 for changeToCandidate
2019-10-04 17:48:19,310 [Thread-213] INFO  impl.RoleInfo (RoleInfo.java:updateAndGet(143)) - f6479c76-74f9-47ae-803c-23ec4c67d329: start LeaderElection
2019-10-04 17:48:19,427 [d4ea6eb3-f1cc-45fe-97a1-46bfecc6da5f@group-735B691D0004:LeaderElection1] INFO  impl.LeaderElection (LeaderElection.java:askForVotes(182)) - d4ea6eb3-f1cc-45fe-97a1-46bfecc6da5f@group-735B691D0004:LeaderElection1: begin an election at term 1 for -1: [d4ea6eb3-f1cc-45fe-97a1-46bfecc6da5f:192.168.5.161:44062], old=null
2019-10-04 17:48:19,429 [d4ea6eb3-f1cc-45fe-97a1-46bfecc6da5f@group-735B691D0004:LeaderElection1] INFO  impl.RoleInfo (RoleInfo.java:shutdownLeaderElection(134)) - d4ea6eb3-f1cc-45fe-97a1-46bfecc6da5f: shutdown LeaderElection
2019-10-04 17:48:19,430 [d4ea6eb3-f1cc-45fe-97a1-46bfecc6da5f@group-735B691D0004:LeaderElection1] INFO  impl.RaftServerImpl (RaftServerImpl.java:setRole(174)) - d4ea6eb3-f1cc-45fe-97a1-46bfecc6da5f@group-735B691D0004: changes role from CANDIDATE to LEADER at term 1 for changeToLeader
2019-10-04 17:48:19,431 [d4ea6eb3-f1cc-45fe-97a1-46bfecc6da5f@group-735B691D0004:LeaderElection1] INFO  impl.RaftServerImpl (ServerState.java:setLeader(253)) - d4ea6eb3-f1cc-45fe-97a1-46bfecc6da5f@group-735B691D0004: change Leader from null to d4ea6eb3-f1cc-45fe-97a1-46bfecc6da5f at term 1 for becomeLeader, leader elected after 5738ms
2019-10-04 17:48:19,441 [f6479c76-74f9-47ae-803c-23ec4c67d329@group-7F928F9E4ECE:LeaderElection6] INFO  impl.LeaderElection (LeaderElection.java:askForVotes(182)) - f6479c76-74f9-47ae-803c-23ec4c67d329@group-7F928F9E4ECE:LeaderElection6: begin an election at term 1 for -1: [d4ea6eb3-f1cc-45fe-97a1-46bfecc6da5f:192.168.5.161:44062, a7ceaa18-5a38-47e1-85f2-e90b46db6857:192.168.5.161:43270, f6479c76-74f9-47ae-803c-23ec4c67d329:192.168.5.161:38928], old=null
2019-10-04 17:48:19,443 [f6479c76-74f9-47ae-803c-23ec4c67d329@group-1099891A9CA5:LeaderElection2] INFO  impl.LeaderElection (LeaderElection.java:askForVotes(182)) - f6479c76-74f9-47ae-803c-23ec4c67d329@group-1099891A9CA5:LeaderElection2: begin an election at term 1 for -1: [f6479c76-74f9-47ae-803c-23ec4c67d329:192.168.5.161:38928], old=null
2019-10-04 17:48:19,443 [061d00a7-903b-4f59-9976-6b8853907499@group-11D3538FEA5D:LeaderElection5] INFO  impl.LeaderElection (LeaderElection.java:askForVotes(182)) - 061d00a7-903b-4f59-9976-6b8853907499@group-11D3538FEA5D:LeaderElection5: begin an election at term 1 for -1: [061d00a7-903b-4f59-9976-6b8853907499:192.168.5.161:42868], old=null
2019-10-04 17:48:19,441 [a7ceaa18-5a38-47e1-85f2-e90b46db6857@group-B8D56D73270A:LeaderElection3] INFO  impl.LeaderElection (LeaderElection.java:askForVotes(182)) - a7ceaa18-5a38-47e1-85f2-e90b46db6857@group-B8D56D73270A:LeaderElection3: begin an election at term 1 for -1: [a7ceaa18-5a38-47e1-85f2-e90b46db6857:192.168.5.161:43270], old=null
2019-10-04 17:48:19,441 [a7ceaa18-5a38-47e1-85f2-e90b46db6857@group-7F928F9E4ECE:LeaderElection4] INFO  impl.LeaderElection (LeaderElection.java:askForVotes(182)) - a7ceaa18-5a38-47e1-85f2-e90b46db6857@group-7F928F9E4ECE:LeaderElection4: begin an election at term 1 for -1: [d4ea6eb3-f1cc-45fe-97a1-46bfecc6da5f:192.168.5.161:44062, a7ceaa18-5a38-47e1-85f2-e90b46db6857:192.168.5.161:43270, f6479c76-74f9-47ae-803c-23ec4c67d329:192.168.5.161:38928], old=null
2019-10-04 17:48:19,444 [a7ceaa18-5a38-47e1-85f2-e90b46db6857@group-B8D56D73270A:LeaderElection3] INFO  impl.RoleInfo (RoleInfo.java:shutdownLeaderElection(134)) - a7ceaa18-5a38-47e1-85f2-e90b46db6857: shutdown LeaderElection
2019-10-04 17:48:19,443 [061d00a7-903b-4f59-9976-6b8853907499@group-11D3538FEA5D:LeaderElection5] INFO  impl.RoleInfo (RoleInfo.java:shutdownLeaderElection(134)) - 061d00a7-903b-4f59-9976-6b8853907499: shutdown LeaderElection
2019-10-04 17:48:19,443 [f6479c76-74f9-47ae-803c-23ec4c67d329@group-1099891A9CA5:LeaderElection2] INFO  impl.RoleInfo (RoleInfo.java:shutdownLeaderElection(134)) - f6479c76-74f9-47ae-803c-23ec4c67d329: shutdown LeaderElection
2019-10-04 17:48:19,444 [061d00a7-903b-4f59-9976-6b8853907499@group-11D3538FEA5D:LeaderElection5] INFO  impl.RaftServerImpl (RaftServerImpl.java:setRole(174)) - 061d00a7-903b-4f59-9976-6b8853907499@group-11D3538FEA5D: changes role from CANDIDATE to LEADER at term 1 for changeToLeader
2019-10-04 17:48:19,444 [a7ceaa18-5a38-47e1-85f2-e90b46db6857@group-B8D56D73270A:LeaderElection3] INFO  impl.RaftServerImpl (RaftServerImpl.java:setRole(174)) - a7ceaa18-5a38-47e1-85f2-e90b46db6857@group-B8D56D73270A: changes role from CANDIDATE to LEADER at term 1 for changeToLeader
2019-10-04 17:48:19,444 [061d00a7-903b-4f59-9976-6b8853907499@group-11D3538FEA5D:LeaderElection5] INFO  impl.RaftServerImpl (ServerState.java:setLeader(253)) - 061d00a7-903b-4f59-9976-6b8853907499@group-11D3538FEA5D: change Leader from null to 061d00a7-903b-4f59-9976-6b8853907499 at term 1 for becomeLeader, leader elected after 5268ms
2019-10-04 17:48:19,444 [f6479c76-74f9-47ae-803c-23ec4c67d329@group-1099891A9CA5:LeaderElection2] INFO  impl.RaftServerImpl (RaftServerImpl.java:setRole(174)) - f6479c76-74f9-47ae-803c-23ec4c67d329@group-1099891A9CA5: changes role from CANDIDATE to LEADER at term 1 for changeToLeader
2019-10-04 17:48:19,444 [a7ceaa18-5a38-47e1-85f2-e90b46db6857@group-B8D56D73270A:LeaderElection3] INFO  impl.RaftServerImpl (ServerState.java:setLeader(253)) - a7ceaa18-5a38-47e1-85f2-e90b46db6857@group-B8D56D73270A: change Leader from null to a7ceaa18-5a38-47e1-85f2-e90b46db6857 at term 1 for becomeLeader, leader elected after 5356ms
2019-10-04 17:48:19,445 [f6479c76-74f9-47ae-803c-23ec4c67d329@group-1099891A9CA5:LeaderElection2] INFO  impl.RaftServerImpl (ServerState.java:setLeader(253)) - f6479c76-74f9-47ae-803c-23ec4c67d329@group-1099891A9CA5: change Leader from null to f6479c76-74f9-47ae-803c-23ec4c67d329 at term 1 for becomeLeader, leader elected after 5453ms
2019-10-04 17:48:19,446 [Thread-210] INFO  impl.FollowerState (FollowerState.java:run(106)) - d4ea6eb3-f1cc-45fe-97a1-46bfecc6da5f:group-7F928F9E4ECE changes to CANDIDATE, lastRpcTime:5177, electionTimeout:5177ms
2019-10-04 17:48:19,446 [Thread-210] INFO  impl.RoleInfo (RoleInfo.java:shutdownFollowerState(121)) - d4ea6eb3-f1cc-45fe-97a1-46bfecc6da5f: shutdown FollowerState
2019-10-04 17:48:19,447 [Thread-210] INFO  impl.RaftServerImpl (RaftServerImpl.java:setRole(174)) - d4ea6eb3-f1cc-45fe-97a1-46bfecc6da5f@group-7F928F9E4ECE: changes role from  FOLLOWER to CANDIDATE at term 0 for changeToCandidate
2019-10-04 17:48:19,447 [Thread-210] INFO  impl.RoleInfo (RoleInfo.java:updateAndGet(143)) - d4ea6eb3-f1cc-45fe-97a1-46bfecc6da5f: start LeaderElection
2019-10-04 17:48:19,447 [d4ea6eb3-f1cc-45fe-97a1-46bfecc6da5f@group-735B691D0004:LeaderElection1] INFO  server.RaftServerConfigKeys (ConfUtils.java:logGet(43)) - raft.server.staging.catchup.gap = 1000 (default)
2019-10-04 17:48:19,449 [061d00a7-903b-4f59-9976-6b8853907499@group-11D3538FEA5D:LeaderElection5] INFO  server.RaftServerConfigKeys (ConfUtils.java:logGet(43)) - raft.server.staging.catchup.gap = 1000 (default)
2019-10-04 17:48:19,449 [a7ceaa18-5a38-47e1-85f2-e90b46db6857@group-B8D56D73270A:LeaderElection3] INFO  server.RaftServerConfigKeys (ConfUtils.java:logGet(43)) - raft.server.staging.catchup.gap = 1000 (default)
2019-10-04 17:48:19,452 [061d00a7-903b-4f59-9976-6b8853907499@group-11D3538FEA5D:LeaderElection5] INFO  server.RaftServerConfigKeys (ConfUtils.java:logGet(43)) - raft.server.rpc.sleep.time = 25ms (default)
2019-10-04 17:48:19,452 [d4ea6eb3-f1cc-45fe-97a1-46bfecc6da5f@group-735B691D0004:LeaderElection1] INFO  server.RaftServerConfigKeys (ConfUtils.java:logGet(43)) - raft.server.rpc.sleep.time = 25ms (default)
2019-10-04 17:48:19,449 [f6479c76-74f9-47ae-803c-23ec4c67d329@group-1099891A9CA5:LeaderElection2] INFO  server.RaftServerConfigKeys (ConfUtils.java:logGet(43)) - raft.server.staging.catchup.gap = 1000 (default)
2019-10-04 17:48:19,452 [a7ceaa18-5a38-47e1-85f2-e90b46db6857@group-B8D56D73270A:LeaderElection3] INFO  server.RaftServerConfigKeys (ConfUtils.java:logGet(43)) - raft.server.rpc.sleep.time = 25ms (default)
2019-10-04 17:48:19,455 [f6479c76-74f9-47ae-803c-23ec4c67d329@group-1099891A9CA5:LeaderElection2] INFO  server.RaftServerConfigKeys (ConfUtils.java:logGet(43)) - raft.server.rpc.sleep.time = 25ms (default)
2019-10-04 17:48:19,459 [061d00a7-903b-4f59-9976-6b8853907499@group-11D3538FEA5D:LeaderElection5] INFO  server.RaftServerConfigKeys (ConfUtils.java:logGet(43)) - raft.server.write.element-limit = 4096 (default)
2019-10-04 17:48:19,459 [a7ceaa18-5a38-47e1-85f2-e90b46db6857@group-B8D56D73270A:LeaderElection3] INFO  server.RaftServerConfigKeys (ConfUtils.java:logGet(43)) - raft.server.write.element-limit = 4096 (default)
2019-10-04 17:48:19,459 [f6479c76-74f9-47ae-803c-23ec4c67d329@group-1099891A9CA5:LeaderElection2] INFO  server.RaftServerConfigKeys (ConfUtils.java:logGet(43)) - raft.server.write.element-limit = 4096 (default)
2019-10-04 17:48:19,459 [d4ea6eb3-f1cc-45fe-97a1-46bfecc6da5f@group-735B691D0004:LeaderElection1] INFO  server.RaftServerConfigKeys (ConfUtils.java:logGet(43)) - raft.server.write.element-limit = 4096 (default)
2019-10-04 17:48:19,462 [061d00a7-903b-4f59-9976-6b8853907499@group-11D3538FEA5D:LeaderElection5] INFO  server.RaftServerConfigKeys (ConfUtils.java:logGet(43)) - raft.server.watch.timeout = 10s (default)
2019-10-04 17:48:19,463 [d4ea6eb3-f1cc-45fe-97a1-46bfecc6da5f@group-735B691D0004:LeaderElection1] INFO  server.RaftServerConfigKeys (ConfUtils.java:logGet(43)) - raft.server.watch.timeout = 10s (default)
2019-10-04 17:48:19,463 [a7ceaa18-5a38-47e1-85f2-e90b46db6857@group-B8D56D73270A:LeaderElection3] INFO  server.RaftServerConfigKeys (ConfUtils.java:logGet(43)) - raft.server.watch.timeout = 10s (default)
2019-10-04 17:48:19,470 [d4ea6eb3-f1cc-45fe-97a1-46bfecc6da5f@group-735B691D0004:LeaderElection1] INFO  server.RaftServerConfigKeys (ConfUtils.java:logGet(43)) - raft.server.watch.timeout.denomination = 1s (default)
2019-10-04 17:48:19,463 [f6479c76-74f9-47ae-803c-23ec4c67d329@group-1099891A9CA5:LeaderElection2] INFO  server.RaftServerConfigKeys (ConfUtils.java:logGet(43)) - raft.server.watch.timeout = 10s (default)
2019-10-04 17:48:19,463 [061d00a7-903b-4f59-9976-6b8853907499@group-11D3538FEA5D:LeaderElection5] INFO  server.RaftServerConfigKeys (ConfUtils.java:logGet(43)) - raft.server.watch.timeout.denomination = 1s (default)
2019-10-04 17:48:19,472 [f6479c76-74f9-47ae-803c-23ec4c67d329@group-1099891A9CA5:LeaderElection2] INFO  server.RaftServerConfigKeys (ConfUtils.java:logGet(43)) - raft.server.watch.timeout.denomination = 1s (default)
2019-10-04 17:48:19,470 [a7ceaa18-5a38-47e1-85f2-e90b46db6857@group-B8D56D73270A:LeaderElection3] INFO  server.RaftServerConfigKeys (ConfUtils.java:logGet(43)) - raft.server.watch.timeout.denomination = 1s (default)
2019-10-04 17:48:19,470 [d4ea6eb3-f1cc-45fe-97a1-46bfecc6da5f@group-7F928F9E4ECE:LeaderElection7] INFO  impl.LeaderElection (LeaderElection.java:askForVotes(182)) - d4ea6eb3-f1cc-45fe-97a1-46bfecc6da5f@group-7F928F9E4ECE:LeaderElection7: begin an election at term 1 for -1: [d4ea6eb3-f1cc-45fe-97a1-46bfecc6da5f:192.168.5.161:44062, a7ceaa18-5a38-47e1-85f2-e90b46db6857:192.168.5.161:43270, f6479c76-74f9-47ae-803c-23ec4c67d329:192.168.5.161:38928], old=null
2019-10-04 17:48:19,473 [d4ea6eb3-f1cc-45fe-97a1-46bfecc6da5f@group-735B691D0004:LeaderElection1] INFO  server.RaftServerConfigKeys (ConfUtils.java:logGet(43)) - raft.server.watch.element-limit = 65536 (default)
2019-10-04 17:48:19,473 [061d00a7-903b-4f59-9976-6b8853907499@group-11D3538FEA5D:LeaderElection5] INFO  server.RaftServerConfigKeys (ConfUtils.java:logGet(43)) - raft.server.watch.element-limit = 65536 (default)
2019-10-04 17:48:19,473 [f6479c76-74f9-47ae-803c-23ec4c67d329@group-1099891A9CA5:LeaderElection2] INFO  server.RaftServerConfigKeys (ConfUtils.java:logGet(43)) - raft.server.watch.element-limit = 65536 (default)
2019-10-04 17:48:19,473 [a7ceaa18-5a38-47e1-85f2-e90b46db6857@group-B8D56D73270A:LeaderElection3] INFO  server.RaftServerConfigKeys (ConfUtils.java:logGet(43)) - raft.server.watch.element-limit = 65536 (default)
2019-10-04 17:48:19,509 [a7ceaa18-5a38-47e1-85f2-e90b46db6857@group-7F928F9E4ECE:LeaderElection4] INFO  impl.LeaderElection (LeaderElection.java:logAndReturn(56)) - a7ceaa18-5a38-47e1-85f2-e90b46db6857@group-7F928F9E4ECE:LeaderElection4: Election REJECTED; received 2 response(s) [a7ceaa18-5a38-47e1-85f2-e90b46db6857<-d4ea6eb3-f1cc-45fe-97a1-46bfecc6da5f#0:FAIL-t1, a7ceaa18-5a38-47e1-85f2-e90b46db6857<-f6479c76-74f9-47ae-803c-23ec4c67d329#0:FAIL-t1] and 0 exception(s); a7ceaa18-5a38-47e1-85f2-e90b46db6857@group-7F928F9E4ECE:t1, leader=null, voted=a7ceaa18-5a38-47e1-85f2-e90b46db6857, raftlog=a7ceaa18-5a38-47e1-85f2-e90b46db6857@group-7F928F9E4ECE-SegmentedRaftLog:OPENED:c-1,f-1,i0, conf=-1: [d4ea6eb3-f1cc-45fe-97a1-46bfecc6da5f:192.168.5.161:44062, a7ceaa18-5a38-47e1-85f2-e90b46db6857:192.168.5.161:43270, f6479c76-74f9-47ae-803c-23ec4c67d329:192.168.5.161:38928], old=null
2019-10-04 17:48:19,509 [d4ea6eb3-f1cc-45fe-97a1-46bfecc6da5f@group-7F928F9E4ECE:LeaderElection7] INFO  impl.LeaderElection (LeaderElection.java:logAndReturn(56)) - d4ea6eb3-f1cc-45fe-97a1-46bfecc6da5f@group-7F928F9E4ECE:LeaderElection7: Election REJECTED; received 2 response(s) [d4ea6eb3-f1cc-45fe-97a1-46bfecc6da5f<-a7ceaa18-5a38-47e1-85f2-e90b46db6857#0:FAIL-t1, d4ea6eb3-f1cc-45fe-97a1-46bfecc6da5f<-f6479c76-74f9-47ae-803c-23ec4c67d329#0:FAIL-t1] and 0 exception(s); d4ea6eb3-f1cc-45fe-97a1-46bfecc6da5f@group-7F928F9E4ECE:t1, leader=null, voted=d4ea6eb3-f1cc-45fe-97a1-46bfecc6da5f, raftlog=d4ea6eb3-f1cc-45fe-97a1-46bfecc6da5f@group-7F928F9E4ECE-SegmentedRaftLog:OPENED:c-1,f-1,i0, conf=-1: [d4ea6eb3-f1cc-45fe-97a1-46bfecc6da5f:192.168.5.161:44062, a7ceaa18-5a38-47e1-85f2-e90b46db6857:192.168.5.161:43270, f6479c76-74f9-47ae-803c-23ec4c67d329:192.168.5.161:38928], old=null
2019-10-04 17:48:19,509 [f6479c76-74f9-47ae-803c-23ec4c67d329@group-7F928F9E4ECE:LeaderElection6] INFO  impl.LeaderElection (LeaderElection.java:logAndReturn(56)) - f6479c76-74f9-47ae-803c-23ec4c67d329@group-7F928F9E4ECE:LeaderElection6: Election REJECTED; received 2 response(s) [f6479c76-74f9-47ae-803c-23ec4c67d329<-d4ea6eb3-f1cc-45fe-97a1-46bfecc6da5f#0:FAIL-t1, f6479c76-74f9-47ae-803c-23ec4c67d329<-a7ceaa18-5a38-47e1-85f2-e90b46db6857#0:FAIL-t1] and 0 exception(s); f6479c76-74f9-47ae-803c-23ec4c67d329@group-7F928F9E4ECE:t1, leader=null, voted=f6479c76-74f9-47ae-803c-23ec4c67d329, raftlog=f6479c76-74f9-47ae-803c-23ec4c67d329@group-7F928F9E4ECE-SegmentedRaftLog:OPENED:c-1,f-1,i0, conf=-1: [d4ea6eb3-f1cc-45fe-97a1-46bfecc6da5f:192.168.5.161:44062, a7ceaa18-5a38-47e1-85f2-e90b46db6857:192.168.5.161:43270, f6479c76-74f9-47ae-803c-23ec4c67d329:192.168.5.161:38928], old=null
2019-10-04 17:48:19,514 [a7ceaa18-5a38-47e1-85f2-e90b46db6857@group-7F928F9E4ECE:LeaderElection4] INFO  impl.RaftServerImpl (RaftServerImpl.java:setRole(174)) - a7ceaa18-5a38-47e1-85f2-e90b46db6857@group-7F928F9E4ECE: changes role from CANDIDATE to FOLLOWER at term 1 for DISCOVERED_A_NEW_TERM
2019-10-04 17:48:19,514 [f6479c76-74f9-47ae-803c-23ec4c67d329@group-7F928F9E4ECE:LeaderElection6] INFO  impl.RaftServerImpl (RaftServerImpl.java:setRole(174)) - f6479c76-74f9-47ae-803c-23ec4c67d329@group-7F928F9E4ECE: changes role from CANDIDATE to FOLLOWER at term 1 for DISCOVERED_A_NEW_TERM
2019-10-04 17:48:19,517 [a7ceaa18-5a38-47e1-85f2-e90b46db6857@group-B8D56D73270A:LeaderElection3] INFO  impl.RoleInfo (RoleInfo.java:updateAndGet(143)) - a7ceaa18-5a38-47e1-85f2-e90b46db6857: start LeaderState
2019-10-04 17:48:19,518 [d4ea6eb3-f1cc-45fe-97a1-46bfecc6da5f@group-735B691D0004:LeaderElection1] INFO  impl.RoleInfo (RoleInfo.java:updateAndGet(143)) - d4ea6eb3-f1cc-45fe-97a1-46bfecc6da5f: start LeaderState
2019-10-04 17:48:19,517 [a7ceaa18-5a38-47e1-85f2-e90b46db6857@group-7F928F9E4ECE:LeaderElection4] INFO  impl.RoleInfo (RoleInfo.java:shutdownLeaderElection(134)) - a7ceaa18-5a38-47e1-85f2-e90b46db6857: shutdown LeaderElection
2019-10-04 17:48:19,520 [061d00a7-903b-4f59-9976-6b8853907499@group-11D3538FEA5D:LeaderElection5] INFO  impl.RoleInfo (RoleInfo.java:updateAndGet(143)) - 061d00a7-903b-4f59-9976-6b8853907499: start LeaderState
2019-10-04 17:48:19,520 [d4ea6eb3-f1cc-45fe-97a1-46bfecc6da5f@group-7F928F9E4ECE:LeaderElection7] INFO  impl.RaftServerImpl (RaftServerImpl.java:setRole(174)) - d4ea6eb3-f1cc-45fe-97a1-46bfecc6da5f@group-7F928F9E4ECE: changes role from CANDIDATE to FOLLOWER at term 1 for DISCOVERED_A_NEW_TERM
2019-10-04 17:48:19,518 [f6479c76-74f9-47ae-803c-23ec4c67d329@group-1099891A9CA5:LeaderElection2] INFO  impl.RoleInfo (RoleInfo.java:updateAndGet(143)) - f6479c76-74f9-47ae-803c-23ec4c67d329: start LeaderState
2019-10-04 17:48:19,518 [f6479c76-74f9-47ae-803c-23ec4c67d329@group-7F928F9E4ECE:LeaderElection6] INFO  impl.RoleInfo (RoleInfo.java:shutdownLeaderElection(134)) - f6479c76-74f9-47ae-803c-23ec4c67d329: shutdown LeaderElection
2019-10-04 17:48:19,520 [d4ea6eb3-f1cc-45fe-97a1-46bfecc6da5f@group-7F928F9E4ECE:LeaderElection7] INFO  impl.RoleInfo (RoleInfo.java:shutdownLeaderElection(134)) - d4ea6eb3-f1cc-45fe-97a1-46bfecc6da5f: shutdown LeaderElection
2019-10-04 17:48:19,520 [a7ceaa18-5a38-47e1-85f2-e90b46db6857@group-7F928F9E4ECE:LeaderElection4] INFO  impl.RoleInfo (RoleInfo.java:updateAndGet(143)) - a7ceaa18-5a38-47e1-85f2-e90b46db6857: start FollowerState
2019-10-04 17:48:19,521 [d4ea6eb3-f1cc-45fe-97a1-46bfecc6da5f@group-7F928F9E4ECE:LeaderElection7] INFO  impl.RoleInfo (RoleInfo.java:updateAndGet(143)) - d4ea6eb3-f1cc-45fe-97a1-46bfecc6da5f: start FollowerState
2019-10-04 17:48:19,520 [f6479c76-74f9-47ae-803c-23ec4c67d329@group-7F928F9E4ECE:LeaderElection6] INFO  impl.RoleInfo (RoleInfo.java:updateAndGet(143)) - f6479c76-74f9-47ae-803c-23ec4c67d329: start FollowerState
2019-10-04 17:48:19,539 [f6479c76-74f9-47ae-803c-23ec4c67d329@group-1099891A9CA5:LeaderElection2] INFO  segmented.SegmentedRaftLogWorker (SegmentedRaftLogWorker.java:startLogSegment(380)) - f6479c76-74f9-47ae-803c-23ec4c67d329@group-1099891A9CA5-SegmentedRaftLogWorker: Starting segment from index:0
2019-10-04 17:48:19,539 [061d00a7-903b-4f59-9976-6b8853907499@group-11D3538FEA5D:LeaderElection5] INFO  segmented.SegmentedRaftLogWorker (SegmentedRaftLogWorker.java:startLogSegment(380)) - 061d00a7-903b-4f59-9976-6b8853907499@group-11D3538FEA5D-SegmentedRaftLogWorker: Starting segment from index:0
2019-10-04 17:48:19,539 [d4ea6eb3-f1cc-45fe-97a1-46bfecc6da5f@group-735B691D0004:LeaderElection1] INFO  segmented.SegmentedRaftLogWorker (SegmentedRaftLogWorker.java:startLogSegment(380)) - d4ea6eb3-f1cc-45fe-97a1-46bfecc6da5f@group-735B691D0004-SegmentedRaftLogWorker: Starting segment from index:0
2019-10-04 17:48:19,539 [a7ceaa18-5a38-47e1-85f2-e90b46db6857@group-B8D56D73270A:LeaderElection3] INFO  segmented.SegmentedRaftLogWorker (SegmentedRaftLogWorker.java:startLogSegment(380)) - a7ceaa18-5a38-47e1-85f2-e90b46db6857@group-B8D56D73270A-SegmentedRaftLogWorker: Starting segment from index:0
2019-10-04 17:48:19,551 [061d00a7-903b-4f59-9976-6b8853907499@group-11D3538FEA5D:LeaderElection5] INFO  impl.RaftServerImpl (ServerState.java:setRaftConf(354)) - 061d00a7-903b-4f59-9976-6b8853907499@group-11D3538FEA5D: set configuration 0: [061d00a7-903b-4f59-9976-6b8853907499:192.168.5.161:42868], old=null at 0
2019-10-04 17:48:19,551 [d4ea6eb3-f1cc-45fe-97a1-46bfecc6da5f@group-735B691D0004:LeaderElection1] INFO  impl.RaftServerImpl (ServerState.java:setRaftConf(354)) - d4ea6eb3-f1cc-45fe-97a1-46bfecc6da5f@group-735B691D0004: set configuration 0: [d4ea6eb3-f1cc-45fe-97a1-46bfecc6da5f:192.168.5.161:44062], old=null at 0
2019-10-04 17:48:19,551 [a7ceaa18-5a38-47e1-85f2-e90b46db6857@group-B8D56D73270A:LeaderElection3] INFO  impl.RaftServerImpl (ServerState.java:setRaftConf(354)) - a7ceaa18-5a38-47e1-85f2-e90b46db6857@group-B8D56D73270A: set configuration 0: [a7ceaa18-5a38-47e1-85f2-e90b46db6857:192.168.5.161:43270], old=null at 0
2019-10-04 17:48:19,551 [f6479c76-74f9-47ae-803c-23ec4c67d329@group-1099891A9CA5:LeaderElection2] INFO  impl.RaftServerImpl (ServerState.java:setRaftConf(354)) - f6479c76-74f9-47ae-803c-23ec4c67d329@group-1099891A9CA5: set configuration 0: [f6479c76-74f9-47ae-803c-23ec4c67d329:192.168.5.161:38928], old=null at 0
2019-10-04 17:48:19,737 [f6479c76-74f9-47ae-803c-23ec4c67d329@group-1099891A9CA5-SegmentedRaftLogWorker] INFO  segmented.SegmentedRaftLogWorker (SegmentedRaftLogWorker.java:execute(569)) - f6479c76-74f9-47ae-803c-23ec4c67d329@group-1099891A9CA5-SegmentedRaftLogWorker: created new log segment /workdir/hadoop-ozone/integration-test/target/test-dir/MiniOzoneClusterImpl-50c7d050-525b-4c2f-a0f3-57dee4820741/datanode-2/data/ratis/bf95d24b-2afb-47ca-a00f-1099891a9ca5/current/log_inprogress_0
2019-10-04 17:48:19,751 [d4ea6eb3-f1cc-45fe-97a1-46bfecc6da5f@group-735B691D0004-SegmentedRaftLogWorker] INFO  segmented.SegmentedRaftLogWorker (SegmentedRaftLogWorker.java:execute(569)) - d4ea6eb3-f1cc-45fe-97a1-46bfecc6da5f@group-735B691D0004-SegmentedRaftLogWorker: created new log segment /workdir/hadoop-ozone/integration-test/target/test-dir/MiniOzoneClusterImpl-50c7d050-525b-4c2f-a0f3-57dee4820741/datanode-0/data/ratis/a35b4900-6566-4a18-aee8-735b691d0004/current/log_inprogress_0
2019-10-04 17:48:19,751 [061d00a7-903b-4f59-9976-6b8853907499@group-11D3538FEA5D-SegmentedRaftLogWorker] INFO  segmented.SegmentedRaftLogWorker (SegmentedRaftLogWorker.java:execute(569)) - 061d00a7-903b-4f59-9976-6b8853907499@group-11D3538FEA5D-SegmentedRaftLogWorker: created new log segment /workdir/hadoop-ozone/integration-test/target/test-dir/MiniOzoneClusterImpl-50c7d050-525b-4c2f-a0f3-57dee4820741/datanode-1/data/ratis/ef1482d0-6f5d-4181-bf34-11d3538fea5d/current/log_inprogress_0
2019-10-04 17:48:19,751 [a7ceaa18-5a38-47e1-85f2-e90b46db6857@group-B8D56D73270A-SegmentedRaftLogWorker] INFO  segmented.SegmentedRaftLogWorker (SegmentedRaftLogWorker.java:execute(569)) - a7ceaa18-5a38-47e1-85f2-e90b46db6857@group-B8D56D73270A-SegmentedRaftLogWorker: created new log segment /workdir/hadoop-ozone/integration-test/target/test-dir/MiniOzoneClusterImpl-50c7d050-525b-4c2f-a0f3-57dee4820741/datanode-3/data/ratis/cfef5808-a1c4-4ff2-b81b-b8d56d73270a/current/log_inprogress_0
2019-10-04 17:48:19,855 [grpc-default-executor-0] INFO  client.GrpcClientProtocolClient (GrpcClientProtocolClient.java:onNext(264)) - client-63BC93E5E7CE->a7ceaa18-5a38-47e1-85f2-e90b46db6857: receive RaftClientReply:client-63BC93E5E7CE->a7ceaa18-5a38-47e1-85f2-e90b46db6857@group-7F928F9E4ECE, cid=9, FAILED org.apache.ratis.protocol.NotLeaderException: Server a7ceaa18-5a38-47e1-85f2-e90b46db6857@group-7F928F9E4ECE is not the leader, logIndex=0, commits[a7ceaa18-5a38-47e1-85f2-e90b46db6857:c-1]
2019-10-04 17:48:20,247 [ReplicationMonitor] INFO  container.ReplicationManager (ReplicationManager.java:run(225)) - Replication Monitor Thread took 0 milliseconds for processing 1 containers.
2019-10-04 17:48:20,723 [Thread-224] INFO  impl.FollowerState (FollowerState.java:run(106)) - f6479c76-74f9-47ae-803c-23ec4c67d329:group-10654D0F0720 changes to CANDIDATE, lastRpcTime:5075, electionTimeout:5075ms
2019-10-04 17:48:20,724 [Thread-224] INFO  impl.RoleInfo (RoleInfo.java:shutdownFollowerState(121)) - f6479c76-74f9-47ae-803c-23ec4c67d329: shutdown FollowerState
2019-10-04 17:48:20,724 [Thread-224] INFO  impl.RaftServerImpl (RaftServerImpl.java:setRole(174)) - f6479c76-74f9-47ae-803c-23ec4c67d329@group-10654D0F0720: changes role from  FOLLOWER to CANDIDATE at term 0 for changeToCandidate
2019-10-04 17:48:20,725 [Thread-224] INFO  impl.RoleInfo (RoleInfo.java:updateAndGet(143)) - f6479c76-74f9-47ae-803c-23ec4c67d329: start LeaderElection
2019-10-04 17:48:20,744 [f6479c76-74f9-47ae-803c-23ec4c67d329@group-10654D0F0720:LeaderElection8] INFO  impl.LeaderElection (LeaderElection.java:askForVotes(182)) - f6479c76-74f9-47ae-803c-23ec4c67d329@group-10654D0F0720:LeaderElection8: begin an election at term 1 for -1: [f6479c76-74f9-47ae-803c-23ec4c67d329:192.168.5.161:38928], old=null
2019-10-04 17:48:20,744 [f6479c76-74f9-47ae-803c-23ec4c67d329@group-10654D0F0720:LeaderElection8] INFO  impl.RoleInfo (RoleInfo.java:shutdownLeaderElection(134)) - f6479c76-74f9-47ae-803c-23ec4c67d329: shutdown LeaderElection
2019-10-04 17:48:20,744 [f6479c76-74f9-47ae-803c-23ec4c67d329@group-10654D0F0720:LeaderElection8] INFO  impl.RaftServerImpl (RaftServerImpl.java:setRole(174)) - f6479c76-74f9-47ae-803c-23ec4c67d329@group-10654D0F0720: changes role from CANDIDATE to LEADER at term 1 for changeToLeader
2019-10-04 17:48:20,745 [f6479c76-74f9-47ae-803c-23ec4c67d329@group-10654D0F0720:LeaderElection8] INFO  impl.RaftServerImpl (ServerState.java:setLeader(253)) - f6479c76-74f9-47ae-803c-23ec4c67d329@group-10654D0F0720: change Leader from null to f6479c76-74f9-47ae-803c-23ec4c67d329 at term 1 for becomeLeader, leader elected after 5106ms
2019-10-04 17:48:20,745 [f6479c76-74f9-47ae-803c-23ec4c67d329@group-10654D0F0720:LeaderElection8] INFO  server.RaftServerConfigKeys (ConfUtils.java:logGet(43)) - raft.server.staging.catchup.gap = 1000 (default)
2019-10-04 17:48:20,745 [f6479c76-74f9-47ae-803c-23ec4c67d329@group-10654D0F0720:LeaderElection8] INFO  server.RaftServerConfigKeys (ConfUtils.java:logGet(43)) - raft.server.rpc.sleep.time = 25ms (default)
2019-10-04 17:48:20,745 [f6479c76-74f9-47ae-803c-23ec4c67d329@group-10654D0F0720:LeaderElection8] INFO  server.RaftServerConfigKeys (ConfUtils.java:logGet(43)) - raft.server.write.element-limit = 4096 (default)
2019-10-04 17:48:20,746 [f6479c76-74f9-47ae-803c-23ec4c67d329@group-10654D0F0720:LeaderElection8] INFO  server.RaftServerConfigKeys (ConfUtils.java:logGet(43)) - raft.server.watch.timeout = 10s (default)
2019-10-04 17:48:20,746 [f6479c76-74f9-47ae-803c-23ec4c67d329@group-10654D0F0720:LeaderElection8] INFO  server.RaftServerConfigKeys (ConfUtils.java:logGet(43)) - raft.server.watch.timeout.denomination = 1s (default)
2019-10-04 17:48:20,746 [f6479c76-74f9-47ae-803c-23ec4c67d329@group-10654D0F0720:LeaderElection8] INFO  server.RaftServerConfigKeys (ConfUtils.java:logGet(43)) - raft.server.watch.element-limit = 65536 (default)
2019-10-04 17:48:20,750 [f6479c76-74f9-47ae-803c-23ec4c67d329@group-10654D0F0720:LeaderElection8] INFO  impl.RoleInfo (RoleInfo.java:updateAndGet(143)) - f6479c76-74f9-47ae-803c-23ec4c67d329: start LeaderState
2019-10-04 17:48:20,750 [f6479c76-74f9-47ae-803c-23ec4c67d329@group-10654D0F0720:LeaderElection8] INFO  segmented.SegmentedRaftLogWorker (SegmentedRaftLogWorker.java:startLogSegment(380)) - f6479c76-74f9-47ae-803c-23ec4c67d329@group-10654D0F0720-SegmentedRaftLogWorker: Starting segment from index:0
2019-10-04 17:48:20,751 [f6479c76-74f9-47ae-803c-23ec4c67d329@group-10654D0F0720:LeaderElection8] INFO  impl.RaftServerImpl (ServerState.java:setRaftConf(354)) - f6479c76-74f9-47ae-803c-23ec4c67d329@group-10654D0F0720: set configuration 0: [f6479c76-74f9-47ae-803c-23ec4c67d329:192.168.5.161:38928], old=null at 0
2019-10-04 17:48:20,790 [f6479c76-74f9-47ae-803c-23ec4c67d329@group-10654D0F0720-SegmentedRaftLogWorker] INFO  segmented.SegmentedRaftLogWorker (SegmentedRaftLogWorker.java:execute(569)) - f6479c76-74f9-47ae-803c-23ec4c67d329@group-10654D0F0720-SegmentedRaftLogWorker: created new log segment /workdir/hadoop-ozone/integration-test/target/test-dir/MiniOzoneClusterImpl-50c7d050-525b-4c2f-a0f3-57dee4820741/datanode-2/data/ratis/57fc8426-1116-4891-944a-10654d0f0720/current/log_inprogress_0
2019-10-04 17:48:20,844 [Thread-233] INFO  impl.FollowerState (FollowerState.java:run(106)) - d4ea6eb3-f1cc-45fe-97a1-46bfecc6da5f:group-AEC1AEAB80AF changes to CANDIDATE, lastRpcTime:5047, electionTimeout:5047ms
2019-10-04 17:48:20,844 [Thread-233] INFO  impl.RoleInfo (RoleInfo.java:shutdownFollowerState(121)) - d4ea6eb3-f1cc-45fe-97a1-46bfecc6da5f: shutdown FollowerState
2019-10-04 17:48:20,844 [Thread-233] INFO  impl.RaftServerImpl (RaftServerImpl.java:setRole(174)) - d4ea6eb3-f1cc-45fe-97a1-46bfecc6da5f@group-AEC1AEAB80AF: changes role from  FOLLOWER to CANDIDATE at term 0 for changeToCandidate
2019-10-04 17:48:20,845 [Thread-233] INFO  impl.RoleInfo (RoleInfo.java:updateAndGet(143)) - d4ea6eb3-f1cc-45fe-97a1-46bfecc6da5f: start LeaderElection
2019-10-04 17:48:20,849 [Thread-228] INFO  impl.FollowerState (FollowerState.java:run(106)) - a7ceaa18-5a38-47e1-85f2-e90b46db6857:group-B2071521945F changes to CANDIDATE, lastRpcTime:5131, electionTimeout:5130ms
2019-10-04 17:48:20,849 [Thread-228] INFO  impl.RoleInfo (RoleInfo.java:shutdownFollowerState(121)) - a7ceaa18-5a38-47e1-85f2-e90b46db6857: shutdown FollowerState
2019-10-04 17:48:20,850 [Thread-228] INFO  impl.RaftServerImpl (RaftServerImpl.java:setRole(174)) - a7ceaa18-5a38-47e1-85f2-e90b46db6857@group-B2071521945F: changes role from  FOLLOWER to CANDIDATE at term 0 for changeToCandidate
2019-10-04 17:48:20,850 [Thread-228] INFO  impl.RoleInfo (RoleInfo.java:updateAndGet(143)) - a7ceaa18-5a38-47e1-85f2-e90b46db6857: start LeaderElection
2019-10-04 17:48:20,865 [a7ceaa18-5a38-47e1-85f2-e90b46db6857@group-B2071521945F:LeaderElection10] INFO  impl.LeaderElection (LeaderElection.java:askForVotes(182)) - a7ceaa18-5a38-47e1-85f2-e90b46db6857@group-B2071521945F:LeaderElection10: begin an election at term 1 for -1: [a7ceaa18-5a38-47e1-85f2-e90b46db6857:192.168.5.161:43270], old=null
2019-10-04 17:48:20,865 [d4ea6eb3-f1cc-45fe-97a1-46bfecc6da5f@group-AEC1AEAB80AF:LeaderElection9] INFO  impl.LeaderElection (LeaderElection.java:askForVotes(182)) - d4ea6eb3-f1cc-45fe-97a1-46bfecc6da5f@group-AEC1AEAB80AF:LeaderElection9: begin an election at term 1 for -1: [d4ea6eb3-f1cc-45fe-97a1-46bfecc6da5f:192.168.5.161:44062], old=null
2019-10-04 17:48:20,865 [d4ea6eb3-f1cc-45fe-97a1-46bfecc6da5f@group-AEC1AEAB80AF:LeaderElection9] INFO  impl.RoleInfo (RoleInfo.java:shutdownLeaderElection(134)) - d4ea6eb3-f1cc-45fe-97a1-46bfecc6da5f: shutdown LeaderElection
2019-10-04 17:48:20,865 [a7ceaa18-5a38-47e1-85f2-e90b46db6857@group-B2071521945F:LeaderElection10] INFO  impl.RoleInfo (RoleInfo.java:shutdownLeaderElection(134)) - a7ceaa18-5a38-47e1-85f2-e90b46db6857: shutdown LeaderElection
2019-10-04 17:48:20,865 [d4ea6eb3-f1cc-45fe-97a1-46bfecc6da5f@group-AEC1AEAB80AF:LeaderElection9] INFO  impl.RaftServerImpl (RaftServerImpl.java:setRole(174)) - d4ea6eb3-f1cc-45fe-97a1-46bfecc6da5f@group-AEC1AEAB80AF: changes role from CANDIDATE to LEADER at term 1 for changeToLeader
2019-10-04 17:48:20,865 [a7ceaa18-5a38-47e1-85f2-e90b46db6857@group-B2071521945F:LeaderElection10] INFO  impl.RaftServerImpl (RaftServerImpl.java:setRole(174)) - a7ceaa18-5a38-47e1-85f2-e90b46db6857@group-B2071521945F: changes role from CANDIDATE to LEADER at term 1 for changeToLeader
2019-10-04 17:48:20,868 [a7ceaa18-5a38-47e1-85f2-e90b46db6857@group-B2071521945F:LeaderElection10] INFO  impl.RaftServerImpl (ServerState.java:setLeader(253)) - a7ceaa18-5a38-47e1-85f2-e90b46db6857@group-B2071521945F: change Leader from null to a7ceaa18-5a38-47e1-85f2-e90b46db6857 at term 1 for becomeLeader, leader elected after 5161ms
2019-10-04 17:48:20,868 [d4ea6eb3-f1cc-45fe-97a1-46bfecc6da5f@group-AEC1AEAB80AF:LeaderElection9] INFO  impl.RaftServerImpl (ServerState.java:setLeader(253)) - d4ea6eb3-f1cc-45fe-97a1-46bfecc6da5f@group-AEC1AEAB80AF: change Leader from null to d4ea6eb3-f1cc-45fe-97a1-46bfecc6da5f at term 1 for becomeLeader, leader elected after 5076ms
2019-10-04 17:48:20,869 [a7ceaa18-5a38-47e1-85f2-e90b46db6857@group-B2071521945F:LeaderElection10] INFO  server.RaftServerConfigKeys (ConfUtils.java:logGet(43)) - raft.server.staging.catchup.gap = 1000 (default)
2019-10-04 17:48:20,869 [d4ea6eb3-f1cc-45fe-97a1-46bfecc6da5f@group-AEC1AEAB80AF:LeaderElection9] INFO  server.RaftServerConfigKeys (ConfUtils.java:logGet(43)) - raft.server.staging.catchup.gap = 1000 (default)
2019-10-04 17:48:20,869 [a7ceaa18-5a38-47e1-85f2-e90b46db6857@group-B2071521945F:LeaderElection10] INFO  server.RaftServerConfigKeys (ConfUtils.java:logGet(43)) - raft.server.rpc.sleep.time = 25ms (default)
2019-10-04 17:48:20,869 [d4ea6eb3-f1cc-45fe-97a1-46bfecc6da5f@group-AEC1AEAB80AF:LeaderElection9] INFO  server.RaftServerConfigKeys (ConfUtils.java:logGet(43)) - raft.server.rpc.sleep.time = 25ms (default)
2019-10-04 17:48:20,869 [a7ceaa18-5a38-47e1-85f2-e90b46db6857@group-B2071521945F:LeaderElection10] INFO  server.RaftServerConfigKeys (ConfUtils.java:logGet(43)) - raft.server.write.element-limit = 4096 (default)
2019-10-04 17:48:20,869 [d4ea6eb3-f1cc-45fe-97a1-46bfecc6da5f@group-AEC1AEAB80AF:LeaderElection9] INFO  server.RaftServerConfigKeys (ConfUtils.java:logGet(43)) - raft.server.write.element-limit = 4096 (default)
2019-10-04 17:48:20,869 [a7ceaa18-5a38-47e1-85f2-e90b46db6857@group-B2071521945F:LeaderElection10] INFO  server.RaftServerConfigKeys (ConfUtils.java:logGet(43)) - raft.server.watch.timeout = 10s (default)
2019-10-04 17:48:20,870 [d4ea6eb3-f1cc-45fe-97a1-46bfecc6da5f@group-AEC1AEAB80AF:LeaderElection9] INFO  server.RaftServerConfigKeys (ConfUtils.java:logGet(43)) - raft.server.watch.timeout = 10s (default)
2019-10-04 17:48:20,870 [a7ceaa18-5a38-47e1-85f2-e90b46db6857@group-B2071521945F:LeaderElection10] INFO  server.RaftServerConfigKeys (ConfUtils.java:logGet(43)) - raft.server.watch.timeout.denomination = 1s (default)
2019-10-04 17:48:20,870 [d4ea6eb3-f1cc-45fe-97a1-46bfecc6da5f@group-AEC1AEAB80AF:LeaderElection9] INFO  server.RaftServerConfigKeys (ConfUtils.java:logGet(43)) - raft.server.watch.timeout.denomination = 1s (default)
2019-10-04 17:48:20,870 [a7ceaa18-5a38-47e1-85f2-e90b46db6857@group-B2071521945F:LeaderElection10] INFO  server.RaftServerConfigKeys (ConfUtils.java:logGet(43)) - raft.server.watch.element-limit = 65536 (default)
2019-10-04 17:48:20,870 [d4ea6eb3-f1cc-45fe-97a1-46bfecc6da5f@group-AEC1AEAB80AF:LeaderElection9] INFO  server.RaftServerConfigKeys (ConfUtils.java:logGet(43)) - raft.server.watch.element-limit = 65536 (default)
2019-10-04 17:48:20,872 [Thread-236] INFO  impl.FollowerState (FollowerState.java:run(106)) - 061d00a7-903b-4f59-9976-6b8853907499:group-1849C246249C changes to CANDIDATE, lastRpcTime:5020, electionTimeout:5020ms
2019-10-04 17:48:20,872 [Thread-236] INFO  impl.RoleInfo (RoleInfo.java:shutdownFollowerState(121)) - 061d00a7-903b-4f59-9976-6b8853907499: shutdown FollowerState
2019-10-04 17:48:20,872 [Thread-236] INFO  impl.RaftServerImpl (RaftServerImpl.java:setRole(174)) - 061d00a7-903b-4f59-9976-6b8853907499@group-1849C246249C: changes role from  FOLLOWER to CANDIDATE at term 0 for changeToCandidate
2019-10-04 17:48:20,873 [Thread-236] INFO  impl.RoleInfo (RoleInfo.java:updateAndGet(143)) - 061d00a7-903b-4f59-9976-6b8853907499: start LeaderElection
2019-10-04 17:48:20,881 [a7ceaa18-5a38-47e1-85f2-e90b46db6857@group-B2071521945F:LeaderElection10] INFO  impl.RoleInfo (RoleInfo.java:updateAndGet(143)) - a7ceaa18-5a38-47e1-85f2-e90b46db6857: start LeaderState
2019-10-04 17:48:20,882 [d4ea6eb3-f1cc-45fe-97a1-46bfecc6da5f@group-AEC1AEAB80AF:LeaderElection9] INFO  impl.RoleInfo (RoleInfo.java:updateAndGet(143)) - d4ea6eb3-f1cc-45fe-97a1-46bfecc6da5f: start LeaderState
2019-10-04 17:48:20,882 [a7ceaa18-5a38-47e1-85f2-e90b46db6857@group-B2071521945F:LeaderElection10] INFO  segmented.SegmentedRaftLogWorker (SegmentedRaftLogWorker.java:startLogSegment(380)) - a7ceaa18-5a38-47e1-85f2-e90b46db6857@group-B2071521945F-SegmentedRaftLogWorker: Starting segment from index:0
2019-10-04 17:48:20,882 [d4ea6eb3-f1cc-45fe-97a1-46bfecc6da5f@group-AEC1AEAB80AF:LeaderElection9] INFO  segmented.SegmentedRaftLogWorker (SegmentedRaftLogWorker.java:startLogSegment(380)) - d4ea6eb3-f1cc-45fe-97a1-46bfecc6da5f@group-AEC1AEAB80AF-SegmentedRaftLogWorker: Starting segment from index:0
2019-10-04 17:48:20,883 [a7ceaa18-5a38-47e1-85f2-e90b46db6857@group-B2071521945F:LeaderElection10] INFO  impl.RaftServerImpl (ServerState.java:setRaftConf(354)) - a7ceaa18-5a38-47e1-85f2-e90b46db6857@group-B2071521945F: set configuration 0: [a7ceaa18-5a38-47e1-85f2-e90b46db6857:192.168.5.161:43270], old=null at 0
2019-10-04 17:48:20,883 [d4ea6eb3-f1cc-45fe-97a1-46bfecc6da5f@group-AEC1AEAB80AF:LeaderElection9] INFO  impl.RaftServerImpl (ServerState.java:setRaftConf(354)) - d4ea6eb3-f1cc-45fe-97a1-46bfecc6da5f@group-AEC1AEAB80AF: set configuration 0: [d4ea6eb3-f1cc-45fe-97a1-46bfecc6da5f:192.168.5.161:44062], old=null at 0
2019-10-04 17:48:20,930 [061d00a7-903b-4f59-9976-6b8853907499@group-1849C246249C:LeaderElection11] INFO  impl.LeaderElection (LeaderElection.java:askForVotes(182)) - 061d00a7-903b-4f59-9976-6b8853907499@group-1849C246249C:LeaderElection11: begin an election at term 1 for -1: [061d00a7-903b-4f59-9976-6b8853907499:192.168.5.161:42868], old=null
2019-10-04 17:48:20,931 [061d00a7-903b-4f59-9976-6b8853907499@group-1849C246249C:LeaderElection11] INFO  impl.RoleInfo (RoleInfo.java:shutdownLeaderElection(134)) - 061d00a7-903b-4f59-9976-6b8853907499: shutdown LeaderElection
2019-10-04 17:48:20,931 [061d00a7-903b-4f59-9976-6b8853907499@group-1849C246249C:LeaderElection11] INFO  impl.RaftServerImpl (RaftServerImpl.java:setRole(174)) - 061d00a7-903b-4f59-9976-6b8853907499@group-1849C246249C: changes role from CANDIDATE to LEADER at term 1 for changeToLeader
2019-10-04 17:48:20,931 [061d00a7-903b-4f59-9976-6b8853907499@group-1849C246249C:LeaderElection11] INFO  impl.RaftServerImpl (ServerState.java:setLeader(253)) - 061d00a7-903b-4f59-9976-6b8853907499@group-1849C246249C: change Leader from null to 061d00a7-903b-4f59-9976-6b8853907499 at term 1 for becomeLeader, leader elected after 5088ms
2019-10-04 17:48:20,931 [061d00a7-903b-4f59-9976-6b8853907499@group-1849C246249C:LeaderElection11] INFO  server.RaftServerConfigKeys (ConfUtils.java:logGet(43)) - raft.server.staging.catchup.gap = 1000 (default)
2019-10-04 17:48:20,932 [061d00a7-903b-4f59-9976-6b8853907499@group-1849C246249C:LeaderElection11] INFO  server.RaftServerConfigKeys (ConfUtils.java:logGet(43)) - raft.server.rpc.sleep.time = 25ms (default)
2019-10-04 17:48:20,932 [061d00a7-903b-4f59-9976-6b8853907499@group-1849C246249C:LeaderElection11] INFO  server.RaftServerConfigKeys (ConfUtils.java:logGet(43)) - raft.server.write.element-limit = 4096 (default)
2019-10-04 17:48:20,932 [061d00a7-903b-4f59-9976-6b8853907499@group-1849C246249C:LeaderElection11] INFO  server.RaftServerConfigKeys (ConfUtils.java:logGet(43)) - raft.server.watch.timeout = 10s (default)
2019-10-04 17:48:20,932 [061d00a7-903b-4f59-9976-6b8853907499@group-1849C246249C:LeaderElection11] INFO  server.RaftServerConfigKeys (ConfUtils.java:logGet(43)) - raft.server.watch.timeout.denomination = 1s (default)
2019-10-04 17:48:20,933 [061d00a7-903b-4f59-9976-6b8853907499@group-1849C246249C:LeaderElection11] INFO  server.RaftServerConfigKeys (ConfUtils.java:logGet(43)) - raft.server.watch.element-limit = 65536 (default)
2019-10-04 17:48:20,939 [061d00a7-903b-4f59-9976-6b8853907499@group-1849C246249C:LeaderElection11] INFO  impl.RoleInfo (RoleInfo.java:updateAndGet(143)) - 061d00a7-903b-4f59-9976-6b8853907499: start LeaderState
2019-10-04 17:48:20,940 [061d00a7-903b-4f59-9976-6b8853907499@group-1849C246249C:LeaderElection11] INFO  segmented.SegmentedRaftLogWorker (SegmentedRaftLogWorker.java:startLogSegment(380)) - 061d00a7-903b-4f59-9976-6b8853907499@group-1849C246249C-SegmentedRaftLogWorker: Starting segment from index:0
2019-10-04 17:48:20,940 [061d00a7-903b-4f59-9976-6b8853907499@group-1849C246249C:LeaderElection11] INFO  impl.RaftServerImpl (ServerState.java:setRaftConf(354)) - 061d00a7-903b-4f59-9976-6b8853907499@group-1849C246249C: set configuration 0: [061d00a7-903b-4f59-9976-6b8853907499:192.168.5.161:42868], old=null at 0
2019-10-04 17:48:20,940 [grpc-default-executor-1] INFO  client.GrpcClientProtocolClient (GrpcClientProtocolClient.java:onNext(264)) - client-63BC93E5E7CE->d4ea6eb3-f1cc-45fe-97a1-46bfecc6da5f: receive RaftClientReply:client-63BC93E5E7CE->d4ea6eb3-f1cc-45fe-97a1-46bfecc6da5f@group-7F928F9E4ECE, cid=9, FAILED org.apache.ratis.protocol.NotLeaderException: Server d4ea6eb3-f1cc-45fe-97a1-46bfecc6da5f@group-7F928F9E4ECE is not the leader, logIndex=0, commits[d4ea6eb3-f1cc-45fe-97a1-46bfecc6da5f:c-1]
2019-10-04 17:48:20,971 [a7ceaa18-5a38-47e1-85f2-e90b46db6857@group-B2071521945F-SegmentedRaftLogWorker] INFO  segmented.SegmentedRaftLogWorker (SegmentedRaftLogWorker.java:execute(569)) - a7ceaa18-5a38-47e1-85f2-e90b46db6857@group-B2071521945F-SegmentedRaftLogWorker: created new log segment /workdir/hadoop-ozone/integration-test/target/test-dir/MiniOzoneClusterImpl-50c7d050-525b-4c2f-a0f3-57dee4820741/datanode-3/data/ratis/6020b0c3-a0bc-4c64-8117-b2071521945f/current/log_inprogress_0
2019-10-04 17:48:20,971 [d4ea6eb3-f1cc-45fe-97a1-46bfecc6da5f@group-AEC1AEAB80AF-SegmentedRaftLogWorker] INFO  segmented.SegmentedRaftLogWorker (SegmentedRaftLogWorker.java:execute(569)) - d4ea6eb3-f1cc-45fe-97a1-46bfecc6da5f@group-AEC1AEAB80AF-SegmentedRaftLogWorker: created new log segment /workdir/hadoop-ozone/integration-test/target/test-dir/MiniOzoneClusterImpl-50c7d050-525b-4c2f-a0f3-57dee4820741/datanode-0/data/ratis/b21c06c9-a94c-43e9-b512-aec1aeab80af/current/log_inprogress_0
2019-10-04 17:48:20,979 [061d00a7-903b-4f59-9976-6b8853907499@group-1849C246249C-SegmentedRaftLogWorker] INFO  segmented.SegmentedRaftLogWorker (SegmentedRaftLogWorker.java:execute(569)) - 061d00a7-903b-4f59-9976-6b8853907499@group-1849C246249C-SegmentedRaftLogWorker: created new log segment /workdir/hadoop-ozone/integration-test/target/test-dir/MiniOzoneClusterImpl-50c7d050-525b-4c2f-a0f3-57dee4820741/datanode-1/data/ratis/f937cac0-8bda-4f52-b56c-1849c246249c/current/log_inprogress_0
2019-10-04 17:48:21,000 [Thread-241] INFO  impl.FollowerState (FollowerState.java:run(106)) - d4ea6eb3-f1cc-45fe-97a1-46bfecc6da5f:group-5EF717078557 changes to CANDIDATE, lastRpcTime:5064, electionTimeout:5064ms
2019-10-04 17:48:21,001 [Thread-241] INFO  impl.RoleInfo (RoleInfo.java:shutdownFollowerState(121)) - d4ea6eb3-f1cc-45fe-97a1-46bfecc6da5f: shutdown FollowerState
2019-10-04 17:48:21,001 [Thread-241] INFO  impl.RaftServerImpl (RaftServerImpl.java:setRole(174)) - d4ea6eb3-f1cc-45fe-97a1-46bfecc6da5f@group-5EF717078557: changes role from  FOLLOWER to CANDIDATE at term 0 for changeToCandidate
2019-10-04 17:48:21,001 [Thread-241] INFO  impl.RoleInfo (RoleInfo.java:updateAndGet(143)) - d4ea6eb3-f1cc-45fe-97a1-46bfecc6da5f: start LeaderElection
2019-10-04 17:48:21,017 [d4ea6eb3-f1cc-45fe-97a1-46bfecc6da5f@group-5EF717078557:LeaderElection12] INFO  impl.LeaderElection (LeaderElection.java:askForVotes(182)) - d4ea6eb3-f1cc-45fe-97a1-46bfecc6da5f@group-5EF717078557:LeaderElection12: begin an election at term 1 for -1: [d4ea6eb3-f1cc-45fe-97a1-46bfecc6da5f:192.168.5.161:44062, a7ceaa18-5a38-47e1-85f2-e90b46db6857:192.168.5.161:43270, f6479c76-74f9-47ae-803c-23ec4c67d329:192.168.5.161:38928], old=null
2019-10-04 17:48:21,025 [grpc-default-executor-0] INFO  impl.RaftServerImpl (RaftServerImpl.java:setRole(174)) - f6479c76-74f9-47ae-803c-23ec4c67d329@group-5EF717078557: changes role from  FOLLOWER to FOLLOWER at term 1 for recognizeCandidate:d4ea6eb3-f1cc-45fe-97a1-46bfecc6da5f
2019-10-04 17:48:21,027 [grpc-default-executor-1] INFO  impl.RaftServerImpl (RaftServerImpl.java:setRole(174)) - a7ceaa18-5a38-47e1-85f2-e90b46db6857@group-5EF717078557: changes role from  FOLLOWER to FOLLOWER at term 1 for recognizeCandidate:d4ea6eb3-f1cc-45fe-97a1-46bfecc6da5f
2019-10-04 17:48:21,027 [grpc-default-executor-0] INFO  impl.RoleInfo (RoleInfo.java:shutdownFollowerState(121)) - f6479c76-74f9-47ae-803c-23ec4c67d329: shutdown FollowerState
2019-10-04 17:48:21,027 [grpc-default-executor-1] INFO  impl.RoleInfo (RoleInfo.java:shutdownFollowerState(121)) - a7ceaa18-5a38-47e1-85f2-e90b46db6857: shutdown FollowerState
2019-10-04 17:48:21,027 [grpc-default-executor-0] INFO  impl.RoleInfo (RoleInfo.java:updateAndGet(143)) - f6479c76-74f9-47ae-803c-23ec4c67d329: start FollowerState
2019-10-04 17:48:21,028 [grpc-default-executor-1] INFO  impl.RoleInfo (RoleInfo.java:updateAndGet(143)) - a7ceaa18-5a38-47e1-85f2-e90b46db6857: start FollowerState
2019-10-04 17:48:21,028 [Thread-243] INFO  impl.FollowerState (FollowerState.java:run(115)) - f6479c76-74f9-47ae-803c-23ec4c67d329: FollowerState was interrupted: java.lang.InterruptedException: sleep interrupted
2019-10-04 17:48:21,030 [Thread-244] INFO  impl.FollowerState (FollowerState.java:run(115)) - a7ceaa18-5a38-47e1-85f2-e90b46db6857: FollowerState was interrupted: java.lang.InterruptedException: sleep interrupted
2019-10-04 17:48:21,050 [d4ea6eb3-f1cc-45fe-97a1-46bfecc6da5f@group-5EF717078557:LeaderElection12] INFO  impl.LeaderElection (LeaderElection.java:logAndReturn(56)) - d4ea6eb3-f1cc-45fe-97a1-46bfecc6da5f@group-5EF717078557:LeaderElection12: Election PASSED; received 1 response(s) [d4ea6eb3-f1cc-45fe-97a1-46bfecc6da5f<-f6479c76-74f9-47ae-803c-23ec4c67d329#0:OK-t1] and 0 exception(s); d4ea6eb3-f1cc-45fe-97a1-46bfecc6da5f@group-5EF717078557:t1, leader=null, voted=d4ea6eb3-f1cc-45fe-97a1-46bfecc6da5f, raftlog=d4ea6eb3-f1cc-45fe-97a1-46bfecc6da5f@group-5EF717078557-SegmentedRaftLog:OPENED:c-1,f-1,i0, conf=-1: [d4ea6eb3-f1cc-45fe-97a1-46bfecc6da5f:192.168.5.161:44062, a7ceaa18-5a38-47e1-85f2-e90b46db6857:192.168.5.161:43270, f6479c76-74f9-47ae-803c-23ec4c67d329:192.168.5.161:38928], old=null
2019-10-04 17:48:21,050 [d4ea6eb3-f1cc-45fe-97a1-46bfecc6da5f@group-5EF717078557:LeaderElection12] INFO  impl.RoleInfo (RoleInfo.java:shutdownLeaderElection(134)) - d4ea6eb3-f1cc-45fe-97a1-46bfecc6da5f: shutdown LeaderElection
2019-10-04 17:48:21,050 [d4ea6eb3-f1cc-45fe-97a1-46bfecc6da5f@group-5EF717078557:LeaderElection12] INFO  impl.RaftServerImpl (RaftServerImpl.java:setRole(174)) - d4ea6eb3-f1cc-45fe-97a1-46bfecc6da5f@group-5EF717078557: changes role from CANDIDATE to LEADER at term 1 for changeToLeader
2019-10-04 17:48:21,051 [d4ea6eb3-f1cc-45fe-97a1-46bfecc6da5f@group-5EF717078557:LeaderElection12] INFO  impl.RaftServerImpl (ServerState.java:setLeader(253)) - d4ea6eb3-f1cc-45fe-97a1-46bfecc6da5f@group-5EF717078557: change Leader from null to d4ea6eb3-f1cc-45fe-97a1-46bfecc6da5f at term 1 for becomeLeader, leader elected after 5124ms
2019-10-04 17:48:21,052 [d4ea6eb3-f1cc-45fe-97a1-46bfecc6da5f@group-5EF717078557:LeaderElection12] INFO  server.RaftServerConfigKeys (ConfUtils.java:logGet(43)) - raft.server.staging.catchup.gap = 1000 (default)
2019-10-04 17:48:21,052 [d4ea6eb3-f1cc-45fe-97a1-46bfecc6da5f@group-5EF717078557:LeaderElection12] INFO  server.RaftServerConfigKeys (ConfUtils.java:logGet(43)) - raft.server.rpc.sleep.time = 25ms (default)
2019-10-04 17:48:21,052 [d4ea6eb3-f1cc-45fe-97a1-46bfecc6da5f@group-5EF717078557:LeaderElection12] INFO  server.RaftServerConfigKeys (ConfUtils.java:logGet(43)) - raft.server.write.element-limit = 4096 (default)
2019-10-04 17:48:21,052 [d4ea6eb3-f1cc-45fe-97a1-46bfecc6da5f@group-5EF717078557:LeaderElection12] INFO  server.RaftServerConfigKeys (ConfUtils.java:logGet(43)) - raft.server.watch.timeout = 10s (default)
2019-10-04 17:48:21,052 [d4ea6eb3-f1cc-45fe-97a1-46bfecc6da5f@group-5EF717078557:LeaderElection12] INFO  server.RaftServerConfigKeys (ConfUtils.java:logGet(43)) - raft.server.watch.timeout.denomination = 1s (default)
2019-10-04 17:48:21,053 [d4ea6eb3-f1cc-45fe-97a1-46bfecc6da5f@group-5EF717078557:LeaderElection12] INFO  server.RaftServerConfigKeys (ConfUtils.java:logGet(43)) - raft.server.watch.element-limit = 65536 (default)
2019-10-04 17:48:21,058 [d4ea6eb3-f1cc-45fe-97a1-46bfecc6da5f@group-5EF717078557:LeaderElection12] INFO  server.RaftServerConfigKeys (ConfUtils.java:logGet(43)) - raft.server.log.appender.snapshot.chunk.size.max = 16MB (=16777216) (default)
2019-10-04 17:48:21,058 [d4ea6eb3-f1cc-45fe-97a1-46bfecc6da5f@group-5EF717078557:LeaderElection12] INFO  server.RaftServerConfigKeys (ConfUtils.java:logGet(43)) - raft.server.log.appender.buffer.byte-limit = 33554432 (custom)
2019-10-04 17:48:21,059 [d4ea6eb3-f1cc-45fe-97a1-46bfecc6da5f@group-5EF717078557:LeaderElection12] INFO  server.RaftServerConfigKeys (ConfUtils.java:logGet(43)) - raft.server.log.appender.buffer.element-limit = 1 (custom)
2019-10-04 17:48:21,063 [d4ea6eb3-f1cc-45fe-97a1-46bfecc6da5f@group-5EF717078557:LeaderElection12] INFO  grpc.GrpcConfigKeys$Server (ConfUtils.java:logGet(43)) - raft.grpc.server.leader.outstanding.appends.max = 128 (default)
2019-10-04 17:48:21,063 [d4ea6eb3-f1cc-45fe-97a1-46bfecc6da5f@group-5EF717078557:LeaderElection12] INFO  server.RaftServerConfigKeys (ConfUtils.java:logGet(43)) - raft.server.rpc.request.timeout = 3000ms (default)
2019-10-04 17:48:21,064 [d4ea6eb3-f1cc-45fe-97a1-46bfecc6da5f@group-5EF717078557:LeaderElection12] INFO  server.RaftServerConfigKeys (ConfUtils.java:logGet(43)) - raft.server.log.appender.install.snapshot.enabled = false (custom)
2019-10-04 17:48:21,065 [d4ea6eb3-f1cc-45fe-97a1-46bfecc6da5f@group-5EF717078557:LeaderElection12] INFO  server.RaftServerConfigKeys (ConfUtils.java:logGet(43)) - raft.server.log.appender.snapshot.chunk.size.max = 16MB (=16777216) (default)
2019-10-04 17:48:21,065 [d4ea6eb3-f1cc-45fe-97a1-46bfecc6da5f@group-5EF717078557:LeaderElection12] INFO  server.RaftServerConfigKeys (ConfUtils.java:logGet(43)) - raft.server.log.appender.buffer.byte-limit = 33554432 (custom)
2019-10-04 17:48:21,065 [d4ea6eb3-f1cc-45fe-97a1-46bfecc6da5f@group-5EF717078557:LeaderElection12] INFO  server.RaftServerConfigKeys (ConfUtils.java:logGet(43)) - raft.server.log.appender.buffer.element-limit = 1 (custom)
2019-10-04 17:48:21,065 [d4ea6eb3-f1cc-45fe-97a1-46bfecc6da5f@group-5EF717078557:LeaderElection12] INFO  grpc.GrpcConfigKeys$Server (ConfUtils.java:logGet(43)) - raft.grpc.server.leader.outstanding.appends.max = 128 (default)
2019-10-04 17:48:21,065 [d4ea6eb3-f1cc-45fe-97a1-46bfecc6da5f@group-5EF717078557:LeaderElection12] INFO  server.RaftServerConfigKeys (ConfUtils.java:logGet(43)) - raft.server.rpc.request.timeout = 3000ms (default)
2019-10-04 17:48:21,066 [d4ea6eb3-f1cc-45fe-97a1-46bfecc6da5f@group-5EF717078557:LeaderElection12] INFO  server.RaftServerConfigKeys (ConfUtils.java:logGet(43)) - raft.server.log.appender.install.snapshot.enabled = false (custom)
2019-10-04 17:48:21,067 [d4ea6eb3-f1cc-45fe-97a1-46bfecc6da5f@group-5EF717078557:LeaderElection12] INFO  impl.RoleInfo (RoleInfo.java:updateAndGet(143)) - d4ea6eb3-f1cc-45fe-97a1-46bfecc6da5f: start LeaderState
2019-10-04 17:48:21,067 [d4ea6eb3-f1cc-45fe-97a1-46bfecc6da5f@group-5EF717078557:LeaderElection12] INFO  segmented.SegmentedRaftLogWorker (SegmentedRaftLogWorker.java:startLogSegment(380)) - d4ea6eb3-f1cc-45fe-97a1-46bfecc6da5f@group-5EF717078557-SegmentedRaftLogWorker: Starting segment from index:0
2019-10-04 17:48:21,068 [d4ea6eb3-f1cc-45fe-97a1-46bfecc6da5f@group-5EF717078557:LeaderElection12] INFO  impl.RaftServerImpl (ServerState.java:setRaftConf(354)) - d4ea6eb3-f1cc-45fe-97a1-46bfecc6da5f@group-5EF717078557: set configuration 0: [d4ea6eb3-f1cc-45fe-97a1-46bfecc6da5f:192.168.5.161:44062, a7ceaa18-5a38-47e1-85f2-e90b46db6857:192.168.5.161:43270, f6479c76-74f9-47ae-803c-23ec4c67d329:192.168.5.161:38928], old=null at 0
2019-10-04 17:48:21,108 [d4ea6eb3-f1cc-45fe-97a1-46bfecc6da5f@group-5EF717078557-SegmentedRaftLogWorker] INFO  segmented.SegmentedRaftLogWorker (SegmentedRaftLogWorker.java:execute(569)) - d4ea6eb3-f1cc-45fe-97a1-46bfecc6da5f@group-5EF717078557-SegmentedRaftLogWorker: created new log segment /workdir/hadoop-ozone/integration-test/target/test-dir/MiniOzoneClusterImpl-50c7d050-525b-4c2f-a0f3-57dee4820741/datanode-0/data/ratis/1d2859d7-b2de-495e-8877-5ef717078557/current/log_inprogress_0
2019-10-04 17:48:21,117 [grpc-default-executor-1] INFO  impl.RaftServerImpl (ServerState.java:setLeader(253)) - a7ceaa18-5a38-47e1-85f2-e90b46db6857@group-5EF717078557: change Leader from null to d4ea6eb3-f1cc-45fe-97a1-46bfecc6da5f at term 1 for appendEntries, leader elected after 5189ms
2019-10-04 17:48:21,119 [grpc-default-executor-0] INFO  impl.RaftServerImpl (ServerState.java:setLeader(253)) - f6479c76-74f9-47ae-803c-23ec4c67d329@group-5EF717078557: change Leader from null to d4ea6eb3-f1cc-45fe-97a1-46bfecc6da5f at term 1 for appendEntries, leader elected after 5192ms
2019-10-04 17:48:21,145 [grpc-default-executor-1] INFO  impl.RaftServerImpl (ServerState.java:setRaftConf(354)) - a7ceaa18-5a38-47e1-85f2-e90b46db6857@group-5EF717078557: set configuration 0: [d4ea6eb3-f1cc-45fe-97a1-46bfecc6da5f:192.168.5.161:44062, a7ceaa18-5a38-47e1-85f2-e90b46db6857:192.168.5.161:43270, f6479c76-74f9-47ae-803c-23ec4c67d329:192.168.5.161:38928], old=null at 0
2019-10-04 17:48:21,145 [grpc-default-executor-0] INFO  impl.RaftServerImpl (ServerState.java:setRaftConf(354)) - f6479c76-74f9-47ae-803c-23ec4c67d329@group-5EF717078557: set configuration 0: [d4ea6eb3-f1cc-45fe-97a1-46bfecc6da5f:192.168.5.161:44062, a7ceaa18-5a38-47e1-85f2-e90b46db6857:192.168.5.161:43270, f6479c76-74f9-47ae-803c-23ec4c67d329:192.168.5.161:38928], old=null at 0
2019-10-04 17:48:21,145 [grpc-default-executor-1] INFO  segmented.SegmentedRaftLogWorker (SegmentedRaftLogWorker.java:startLogSegment(380)) - a7ceaa18-5a38-47e1-85f2-e90b46db6857@group-5EF717078557-SegmentedRaftLogWorker: Starting segment from index:0
2019-10-04 17:48:21,145 [grpc-default-executor-0] INFO  segmented.SegmentedRaftLogWorker (SegmentedRaftLogWorker.java:startLogSegment(380)) - f6479c76-74f9-47ae-803c-23ec4c67d329@group-5EF717078557-SegmentedRaftLogWorker: Starting segment from index:0
2019-10-04 17:48:21,184 [f6479c76-74f9-47ae-803c-23ec4c67d329@group-5EF717078557-SegmentedRaftLogWorker] INFO  segmented.SegmentedRaftLogWorker (SegmentedRaftLogWorker.java:execute(569)) - f6479c76-74f9-47ae-803c-23ec4c67d329@group-5EF717078557-SegmentedRaftLogWorker: created new log segment /workdir/hadoop-ozone/integration-test/target/test-dir/MiniOzoneClusterImpl-50c7d050-525b-4c2f-a0f3-57dee4820741/datanode-2/data/ratis/1d2859d7-b2de-495e-8877-5ef717078557/current/log_inprogress_0
2019-10-04 17:48:21,184 [a7ceaa18-5a38-47e1-85f2-e90b46db6857@group-5EF717078557-SegmentedRaftLogWorker] INFO  segmented.SegmentedRaftLogWorker (SegmentedRaftLogWorker.java:execute(569)) - a7ceaa18-5a38-47e1-85f2-e90b46db6857@group-5EF717078557-SegmentedRaftLogWorker: created new log segment /workdir/hadoop-ozone/integration-test/target/test-dir/MiniOzoneClusterImpl-50c7d050-525b-4c2f-a0f3-57dee4820741/datanode-3/data/ratis/1d2859d7-b2de-495e-8877-5ef717078557/current/log_inprogress_0
2019-10-04 17:48:21,988 [grpc-default-executor-1] INFO  client.GrpcClientProtocolClient (GrpcClientProtocolClient.java:onNext(264)) - client-63BC93E5E7CE->f6479c76-74f9-47ae-803c-23ec4c67d329: receive RaftClientReply:client-63BC93E5E7CE->f6479c76-74f9-47ae-803c-23ec4c67d329@group-7F928F9E4ECE, cid=9, FAILED org.apache.ratis.protocol.NotLeaderException: Server f6479c76-74f9-47ae-803c-23ec4c67d329@group-7F928F9E4ECE is not the leader, logIndex=0, commits[f6479c76-74f9-47ae-803c-23ec4c67d329:c-1]
2019-10-04 17:48:22,248 [ReplicationMonitor] INFO  container.ReplicationManager (ReplicationManager.java:run(225)) - Replication Monitor Thread took 0 milliseconds for processing 1 containers.
2019-10-04 17:48:23,012 [grpc-default-executor-0] INFO  client.GrpcClientProtocolClient (GrpcClientProtocolClient.java:onNext(264)) - client-63BC93E5E7CE->a7ceaa18-5a38-47e1-85f2-e90b46db6857: receive RaftClientReply:client-63BC93E5E7CE->a7ceaa18-5a38-47e1-85f2-e90b46db6857@group-7F928F9E4ECE, cid=9, FAILED org.apache.ratis.protocol.NotLeaderException: Server a7ceaa18-5a38-47e1-85f2-e90b46db6857@group-7F928F9E4ECE is not the leader, logIndex=0, commits[a7ceaa18-5a38-47e1-85f2-e90b46db6857:c-1]
2019-10-04 17:48:24,032 [grpc-default-executor-1] INFO  client.GrpcClientProtocolClient (GrpcClientProtocolClient.java:onNext(264)) - client-63BC93E5E7CE->f6479c76-74f9-47ae-803c-23ec4c67d329: receive RaftClientReply:client-63BC93E5E7CE->f6479c76-74f9-47ae-803c-23ec4c67d329@group-7F928F9E4ECE, cid=9, FAILED org.apache.ratis.protocol.NotLeaderException: Server f6479c76-74f9-47ae-803c-23ec4c67d329@group-7F928F9E4ECE is not the leader, logIndex=0, commits[f6479c76-74f9-47ae-803c-23ec4c67d329:c-1]
2019-10-04 17:48:24,249 [ReplicationMonitor] INFO  container.ReplicationManager (ReplicationManager.java:run(225)) - Replication Monitor Thread took 0 milliseconds for processing 1 containers.
2019-10-04 17:48:24,548 [Thread-270] INFO  impl.FollowerState (FollowerState.java:run(106)) - a7ceaa18-5a38-47e1-85f2-e90b46db6857:group-7F928F9E4ECE changes to CANDIDATE, lastRpcTime:5028, electionTimeout:5027ms
2019-10-04 17:48:24,548 [Thread-270] INFO  impl.RoleInfo (RoleInfo.java:shutdownFollowerState(121)) - a7ceaa18-5a38-47e1-85f2-e90b46db6857: shutdown FollowerState
2019-10-04 17:48:24,549 [Thread-270] INFO  impl.RaftServerImpl (RaftServerImpl.java:setRole(174)) - a7ceaa18-5a38-47e1-85f2-e90b46db6857@group-7F928F9E4ECE: changes role from  FOLLOWER to CANDIDATE at term 1 for changeToCandidate
2019-10-04 17:48:24,549 [Thread-270] INFO  impl.RoleInfo (RoleInfo.java:updateAndGet(143)) - a7ceaa18-5a38-47e1-85f2-e90b46db6857: start LeaderElection
2019-10-04 17:48:24,566 [a7ceaa18-5a38-47e1-85f2-e90b46db6857@group-7F928F9E4ECE:LeaderElection13] INFO  impl.LeaderElection (LeaderElection.java:askForVotes(182)) - a7ceaa18-5a38-47e1-85f2-e90b46db6857@group-7F928F9E4ECE:LeaderElection13: begin an election at term 2 for -1: [d4ea6eb3-f1cc-45fe-97a1-46bfecc6da5f:192.168.5.161:44062, a7ceaa18-5a38-47e1-85f2-e90b46db6857:192.168.5.161:43270, f6479c76-74f9-47ae-803c-23ec4c67d329:192.168.5.161:38928], old=null
2019-10-04 17:48:24,575 [grpc-default-executor-1] INFO  impl.RaftServerImpl (RaftServerImpl.java:setRole(174)) - f6479c76-74f9-47ae-803c-23ec4c67d329@group-7F928F9E4ECE: changes role from  FOLLOWER to FOLLOWER at term 2 for recognizeCandidate:a7ceaa18-5a38-47e1-85f2-e90b46db6857
2019-10-04 17:48:24,575 [grpc-default-executor-0] INFO  impl.RaftServerImpl (RaftServerImpl.java:setRole(174)) - d4ea6eb3-f1cc-45fe-97a1-46bfecc6da5f@group-7F928F9E4ECE: changes role from  FOLLOWER to FOLLOWER at term 2 for recognizeCandidate:a7ceaa18-5a38-47e1-85f2-e90b46db6857
2019-10-04 17:48:24,575 [grpc-default-executor-1] INFO  impl.RoleInfo (RoleInfo.java:shutdownFollowerState(121)) - f6479c76-74f9-47ae-803c-23ec4c67d329: shutdown FollowerState
2019-10-04 17:48:24,575 [grpc-default-executor-0] INFO  impl.RoleInfo (RoleInfo.java:shutdownFollowerState(121)) - d4ea6eb3-f1cc-45fe-97a1-46bfecc6da5f: shutdown FollowerState
2019-10-04 17:48:24,576 [grpc-default-executor-1] INFO  impl.RoleInfo (RoleInfo.java:updateAndGet(143)) - f6479c76-74f9-47ae-803c-23ec4c67d329: start FollowerState
2019-10-04 17:48:24,576 [grpc-default-executor-0] INFO  impl.RoleInfo (RoleInfo.java:updateAndGet(143)) - d4ea6eb3-f1cc-45fe-97a1-46bfecc6da5f: start FollowerState
2019-10-04 17:48:24,576 [Thread-271] INFO  impl.FollowerState (FollowerState.java:run(115)) - f6479c76-74f9-47ae-803c-23ec4c67d329: FollowerState was interrupted: java.lang.InterruptedException: sleep interrupted
2019-10-04 17:48:24,576 [Thread-272] INFO  impl.FollowerState (FollowerState.java:run(115)) - d4ea6eb3-f1cc-45fe-97a1-46bfecc6da5f: FollowerState was interrupted: java.lang.InterruptedException: sleep interrupted
2019-10-04 17:48:24,595 [a7ceaa18-5a38-47e1-85f2-e90b46db6857@group-7F928F9E4ECE:LeaderElection13] INFO  impl.LeaderElection (LeaderElection.java:logAndReturn(56)) - a7ceaa18-5a38-47e1-85f2-e90b46db6857@group-7F928F9E4ECE:LeaderElection13: Election PASSED; received 1 response(s) [a7ceaa18-5a38-47e1-85f2-e90b46db6857<-f6479c76-74f9-47ae-803c-23ec4c67d329#0:OK-t2] and 0 exception(s); a7ceaa18-5a38-47e1-85f2-e90b46db6857@group-7F928F9E4ECE:t2, leader=null, voted=a7ceaa18-5a38-47e1-85f2-e90b46db6857, raftlog=a7ceaa18-5a38-47e1-85f2-e90b46db6857@group-7F928F9E4ECE-SegmentedRaftLog:OPENED:c-1,f-1,i0, conf=-1: [d4ea6eb3-f1cc-45fe-97a1-46bfecc6da5f:192.168.5.161:44062, a7ceaa18-5a38-47e1-85f2-e90b46db6857:192.168.5.161:43270, f6479c76-74f9-47ae-803c-23ec4c67d329:192.168.5.161:38928], old=null
2019-10-04 17:48:24,595 [a7ceaa18-5a38-47e1-85f2-e90b46db6857@group-7F928F9E4ECE:LeaderElection13] INFO  impl.RoleInfo (RoleInfo.java:shutdownLeaderElection(134)) - a7ceaa18-5a38-47e1-85f2-e90b46db6857: shutdown LeaderElection
2019-10-04 17:48:24,598 [a7ceaa18-5a38-47e1-85f2-e90b46db6857@group-7F928F9E4ECE:LeaderElection13] INFO  impl.RaftServerImpl (RaftServerImpl.java:setRole(174)) - a7ceaa18-5a38-47e1-85f2-e90b46db6857@group-7F928F9E4ECE: changes role from CANDIDATE to LEADER at term 2 for changeToLeader
2019-10-04 17:48:24,598 [a7ceaa18-5a38-47e1-85f2-e90b46db6857@group-7F928F9E4ECE:LeaderElection13] INFO  impl.RaftServerImpl (ServerState.java:setLeader(253)) - a7ceaa18-5a38-47e1-85f2-e90b46db6857@group-7F928F9E4ECE: change Leader from null to a7ceaa18-5a38-47e1-85f2-e90b46db6857 at term 2 for becomeLeader, leader elected after 10338ms
2019-10-04 17:48:24,599 [a7ceaa18-5a38-47e1-85f2-e90b46db6857@group-7F928F9E4ECE:LeaderElection13] INFO  server.RaftServerConfigKeys (ConfUtils.java:logGet(43)) - raft.server.staging.catchup.gap = 1000 (default)
2019-10-04 17:48:24,599 [a7ceaa18-5a38-47e1-85f2-e90b46db6857@group-7F928F9E4ECE:LeaderElection13] INFO  server.RaftServerConfigKeys (ConfUtils.java:logGet(43)) - raft.server.rpc.sleep.time = 25ms (default)
2019-10-04 17:48:24,599 [a7ceaa18-5a38-47e1-85f2-e90b46db6857@group-7F928F9E4ECE:LeaderElection13] INFO  server.RaftServerConfigKeys (ConfUtils.java:logGet(43)) - raft.server.write.element-limit = 4096 (default)
2019-10-04 17:48:24,599 [a7ceaa18-5a38-47e1-85f2-e90b46db6857@group-7F928F9E4ECE:LeaderElection13] INFO  server.RaftServerConfigKeys (ConfUtils.java:logGet(43)) - raft.server.watch.timeout = 10s (default)
2019-10-04 17:48:24,599 [a7ceaa18-5a38-47e1-85f2-e90b46db6857@group-7F928F9E4ECE:LeaderElection13] INFO  server.RaftServerConfigKeys (ConfUtils.java:logGet(43)) - raft.server.watch.timeout.denomination = 1s (default)
2019-10-04 17:48:24,599 [a7ceaa18-5a38-47e1-85f2-e90b46db6857@group-7F928F9E4ECE:LeaderElection13] INFO  server.RaftServerConfigKeys (ConfUtils.java:logGet(43)) - raft.server.watch.element-limit = 65536 (default)
2019-10-04 17:48:24,602 [a7ceaa18-5a38-47e1-85f2-e90b46db6857@group-7F928F9E4ECE:LeaderElection13] INFO  server.RaftServerConfigKeys (ConfUtils.java:logGet(43)) - raft.server.log.appender.snapshot.chunk.size.max = 16MB (=16777216) (default)
2019-10-04 17:48:24,603 [a7ceaa18-5a38-47e1-85f2-e90b46db6857@group-7F928F9E4ECE:LeaderElection13] INFO  server.RaftServerConfigKeys (ConfUtils.java:logGet(43)) - raft.server.log.appender.buffer.byte-limit = 33554432 (custom)
2019-10-04 17:48:24,603 [a7ceaa18-5a38-47e1-85f2-e90b46db6857@group-7F928F9E4ECE:LeaderElection13] INFO  server.RaftServerConfigKeys (ConfUtils.java:logGet(43)) - raft.server.log.appender.buffer.element-limit = 1 (custom)
2019-10-04 17:48:24,603 [a7ceaa18-5a38-47e1-85f2-e90b46db6857@group-7F928F9E4ECE:LeaderElection13] INFO  grpc.GrpcConfigKeys$Server (ConfUtils.java:logGet(43)) - raft.grpc.server.leader.outstanding.appends.max = 128 (default)
2019-10-04 17:48:24,605 [a7ceaa18-5a38-47e1-85f2-e90b46db6857@group-7F928F9E4ECE:LeaderElection13] INFO  server.RaftServerConfigKeys (ConfUtils.java:logGet(43)) - raft.server.rpc.request.timeout = 3000ms (default)
2019-10-04 17:48:24,605 [a7ceaa18-5a38-47e1-85f2-e90b46db6857@group-7F928F9E4ECE:LeaderElection13] INFO  server.RaftServerConfigKeys (ConfUtils.java:logGet(43)) - raft.server.log.appender.install.snapshot.enabled = false (custom)
2019-10-04 17:48:24,605 [a7ceaa18-5a38-47e1-85f2-e90b46db6857@group-7F928F9E4ECE:LeaderElection13] INFO  server.RaftServerConfigKeys (ConfUtils.java:logGet(43)) - raft.server.log.appender.snapshot.chunk.size.max = 16MB (=16777216) (default)
2019-10-04 17:48:24,605 [a7ceaa18-5a38-47e1-85f2-e90b46db6857@group-7F928F9E4ECE:LeaderElection13] INFO  server.RaftServerConfigKeys (ConfUtils.java:logGet(43)) - raft.server.log.appender.buffer.byte-limit = 33554432 (custom)
2019-10-04 17:48:24,605 [a7ceaa18-5a38-47e1-85f2-e90b46db6857@group-7F928F9E4ECE:LeaderElection13] INFO  server.RaftServerConfigKeys (ConfUtils.java:logGet(43)) - raft.server.log.appender.buffer.element-limit = 1 (custom)
2019-10-04 17:48:24,606 [a7ceaa18-5a38-47e1-85f2-e90b46db6857@group-7F928F9E4ECE:LeaderElection13] INFO  grpc.GrpcConfigKeys$Server (ConfUtils.java:logGet(43)) - raft.grpc.server.leader.outstanding.appends.max = 128 (default)
2019-10-04 17:48:24,606 [a7ceaa18-5a38-47e1-85f2-e90b46db6857@group-7F928F9E4ECE:LeaderElection13] INFO  server.RaftServerConfigKeys (ConfUtils.java:logGet(43)) - raft.server.rpc.request.timeout = 3000ms (default)
2019-10-04 17:48:24,606 [a7ceaa18-5a38-47e1-85f2-e90b46db6857@group-7F928F9E4ECE:LeaderElection13] INFO  server.RaftServerConfigKeys (ConfUtils.java:logGet(43)) - raft.server.log.appender.install.snapshot.enabled = false (custom)
2019-10-04 17:48:24,606 [a7ceaa18-5a38-47e1-85f2-e90b46db6857@group-7F928F9E4ECE:LeaderElection13] INFO  impl.RoleInfo (RoleInfo.java:updateAndGet(143)) - a7ceaa18-5a38-47e1-85f2-e90b46db6857: start LeaderState
2019-10-04 17:48:24,607 [a7ceaa18-5a38-47e1-85f2-e90b46db6857@group-7F928F9E4ECE:LeaderElection13] INFO  segmented.SegmentedRaftLogWorker (SegmentedRaftLogWorker.java:startLogSegment(380)) - a7ceaa18-5a38-47e1-85f2-e90b46db6857@group-7F928F9E4ECE-SegmentedRaftLogWorker: Starting segment from index:0
2019-10-04 17:48:24,608 [a7ceaa18-5a38-47e1-85f2-e90b46db6857@group-7F928F9E4ECE:LeaderElection13] INFO  impl.RaftServerImpl (ServerState.java:setRaftConf(354)) - a7ceaa18-5a38-47e1-85f2-e90b46db6857@group-7F928F9E4ECE: set configuration 0: [d4ea6eb3-f1cc-45fe-97a1-46bfecc6da5f:192.168.5.161:44062, a7ceaa18-5a38-47e1-85f2-e90b46db6857:192.168.5.161:43270, f6479c76-74f9-47ae-803c-23ec4c67d329:192.168.5.161:38928], old=null at 0
2019-10-04 17:48:24,643 [grpc-default-executor-1] INFO  impl.RaftServerImpl (ServerState.java:setLeader(253)) - f6479c76-74f9-47ae-803c-23ec4c67d329@group-7F928F9E4ECE: change Leader from null to a7ceaa18-5a38-47e1-85f2-e90b46db6857 at term 2 for appendEntries, leader elected after 10383ms
2019-10-04 17:48:24,645 [grpc-default-executor-0] INFO  impl.RaftServerImpl (ServerState.java:setLeader(253)) - d4ea6eb3-f1cc-45fe-97a1-46bfecc6da5f@group-7F928F9E4ECE: change Leader from null to a7ceaa18-5a38-47e1-85f2-e90b46db6857 at term 2 for appendEntries, leader elected after 10385ms
2019-10-04 17:48:24,650 [grpc-default-executor-1] INFO  impl.RaftServerImpl (ServerState.java:setRaftConf(354)) - f6479c76-74f9-47ae-803c-23ec4c67d329@group-7F928F9E4ECE: set configuration 0: [d4ea6eb3-f1cc-45fe-97a1-46bfecc6da5f:192.168.5.161:44062, a7ceaa18-5a38-47e1-85f2-e90b46db6857:192.168.5.161:43270, f6479c76-74f9-47ae-803c-23ec4c67d329:192.168.5.161:38928], old=null at 0
2019-10-04 17:48:24,650 [grpc-default-executor-0] INFO  impl.RaftServerImpl (ServerState.java:setRaftConf(354)) - d4ea6eb3-f1cc-45fe-97a1-46bfecc6da5f@group-7F928F9E4ECE: set configuration 0: [d4ea6eb3-f1cc-45fe-97a1-46bfecc6da5f:192.168.5.161:44062, a7ceaa18-5a38-47e1-85f2-e90b46db6857:192.168.5.161:43270, f6479c76-74f9-47ae-803c-23ec4c67d329:192.168.5.161:38928], old=null at 0
2019-10-04 17:48:24,650 [grpc-default-executor-1] INFO  segmented.SegmentedRaftLogWorker (SegmentedRaftLogWorker.java:startLogSegment(380)) - f6479c76-74f9-47ae-803c-23ec4c67d329@group-7F928F9E4ECE-SegmentedRaftLogWorker: Starting segment from index:0
2019-10-04 17:48:24,650 [grpc-default-executor-0] INFO  segmented.SegmentedRaftLogWorker (SegmentedRaftLogWorker.java:startLogSegment(380)) - d4ea6eb3-f1cc-45fe-97a1-46bfecc6da5f@group-7F928F9E4ECE-SegmentedRaftLogWorker: Starting segment from index:0
2019-10-04 17:48:24,653 [a7ceaa18-5a38-47e1-85f2-e90b46db6857@group-7F928F9E4ECE-SegmentedRaftLogWorker] INFO  segmented.SegmentedRaftLogWorker (SegmentedRaftLogWorker.java:execute(569)) - a7ceaa18-5a38-47e1-85f2-e90b46db6857@group-7F928F9E4ECE-SegmentedRaftLogWorker: created new log segment /workdir/hadoop-ozone/integration-test/target/test-dir/MiniOzoneClusterImpl-50c7d050-525b-4c2f-a0f3-57dee4820741/datanode-3/data/ratis/e6d8a908-85ec-4baa-99dc-7f928f9e4ece/current/log_inprogress_0
2019-10-04 17:48:24,692 [f6479c76-74f9-47ae-803c-23ec4c67d329@group-7F928F9E4ECE-SegmentedRaftLogWorker] INFO  segmented.SegmentedRaftLogWorker (SegmentedRaftLogWorker.java:execute(569)) - f6479c76-74f9-47ae-803c-23ec4c67d329@group-7F928F9E4ECE-SegmentedRaftLogWorker: created new log segment /workdir/hadoop-ozone/integration-test/target/test-dir/MiniOzoneClusterImpl-50c7d050-525b-4c2f-a0f3-57dee4820741/datanode-2/data/ratis/e6d8a908-85ec-4baa-99dc-7f928f9e4ece/current/log_inprogress_0
2019-10-04 17:48:24,692 [d4ea6eb3-f1cc-45fe-97a1-46bfecc6da5f@group-7F928F9E4ECE-SegmentedRaftLogWorker] INFO  segmented.SegmentedRaftLogWorker (SegmentedRaftLogWorker.java:execute(569)) - d4ea6eb3-f1cc-45fe-97a1-46bfecc6da5f@group-7F928F9E4ECE-SegmentedRaftLogWorker: created new log segment /workdir/hadoop-ozone/integration-test/target/test-dir/MiniOzoneClusterImpl-50c7d050-525b-4c2f-a0f3-57dee4820741/datanode-0/data/ratis/e6d8a908-85ec-4baa-99dc-7f928f9e4ece/current/log_inprogress_0
2019-10-04 17:48:25,319 [grpc-default-executor-1] INFO  client.GrpcClientProtocolClient (GrpcClientProtocolClient.java:onNext(264)) - client-63BC93E5E7CE->a7ceaa18-5a38-47e1-85f2-e90b46db6857: receive RaftClientReply:client-63BC93E5E7CE->a7ceaa18-5a38-47e1-85f2-e90b46db6857@group-7F928F9E4ECE, cid=9, SUCCESS, logIndex=1, commits[a7ceaa18-5a38-47e1-85f2-e90b46db6857:c1, d4ea6eb3-f1cc-45fe-97a1-46bfecc6da5f:c0, f6479c76-74f9-47ae-803c-23ec4c67d329:c0]
2019-10-04 17:48:25,456 [grpc-default-executor-0] INFO  client.GrpcClientProtocolClient (GrpcClientProtocolClient.java:onNext(264)) - client-63BC93E5E7CE->a7ceaa18-5a38-47e1-85f2-e90b46db6857: receive RaftClientReply:client-63BC93E5E7CE->a7ceaa18-5a38-47e1-85f2-e90b46db6857@group-7F928F9E4ECE, cid=10, SUCCESS, logIndex=3, commits[a7ceaa18-5a38-47e1-85f2-e90b46db6857:c4, d4ea6eb3-f1cc-45fe-97a1-46bfecc6da5f:c3, f6479c76-74f9-47ae-803c-23ec4c67d329:c3]
2019-10-04 17:48:25,497 [main] ERROR container.ContainerStateManager (ContainerStateManager.java:updateContainerState(335)) - Failed to update container state #1, reason: invalid state transition from state: CLOSING upon event: FINALIZE.
]]></system-out>
    <system-err><![CDATA[ERROR StatusLogger No Log4j 2 configuration file found. Using default configuration (logging only errors to the console), or user programmatically provided configurations. Set system property 'log4j2.debug' to show Log4j 2 internal initialization logging. See https://logging.apache.org/log4j/2.x/manual/configuration.html for instructions on how to configure Log4j 2
]]></system-err>
  </testcase>
</testsuite>