<?xml version="1.0" encoding="UTF-8"?>
<testsuite xmlns:xsi="http://www.w3.org/2001/XMLSchema-instance" xsi:noNamespaceSchemaLocation="https://maven.apache.org/surefire/maven-surefire-plugin/xsd/surefire-test-report.xsd" name="org.apache.hadoop.ozone.client.rpc.TestBlockOutputStreamWithFailures" time="684.414" tests="8" errors="0" skipped="0" failures="2">
  <properties>
    <property name="awt.toolkit" value="sun.awt.X11.XToolkit"/>
    <property name="file.encoding.pkg" value="sun.io"/>
    <property name="java.specification.version" value="1.8"/>
    <property name="sun.cpu.isalist" value=""/>
    <property name="sun.jnu.encoding" value="UTF-8"/>
    <property name="java.class.path" value="/workdir/hadoop-ozone/integration-test/target/test-classes:/workdir/hadoop-ozone/integration-test/target/classes:/home/user/.m2/repository/org/apache/hadoop/hadoop-ozone-common/0.5.0-SNAPSHOT/hadoop-ozone-common-0.5.0-SNAPSHOT.jar:/home/user/.m2/repository/org/apache/commons/commons-compress/1.4.1/commons-compress-1.4.1.jar:/home/user/.m2/repository/org/tukaani/xz/1.0/xz-1.0.jar:/home/user/.m2/repository/org/apache/hadoop/hadoop-common/3.2.0/hadoop-common-3.2.0.jar:/home/user/.m2/repository/org/apache/hadoop/hadoop-hdfs/3.2.0/hadoop-hdfs-3.2.0.jar:/home/user/.m2/repository/org/apache/hadoop/hadoop-hdfs-client/3.2.0/hadoop-hdfs-client-3.2.0.jar:/home/user/.m2/repository/com/fasterxml/jackson/core/jackson-annotations/2.9.9/jackson-annotations-2.9.9.jar:/home/user/.m2/repository/org/apache/hadoop/hadoop-hdds-common/0.5.0-SNAPSHOT/hadoop-hdds-common-0.5.0-SNAPSHOT.jar:/home/user/.m2/repository/javax/annotation/javax.annotation-api/1.2/javax.annotation-api-1.2.jar:/home/user/.m2/repository/org/apache/ratis/ratis-server/0.5.0-201fc85-SNAPSHOT/ratis-server-0.5.0-201fc85-SNAPSHOT.jar:/home/user/.m2/repository/org/apache/ratis/ratis-thirdparty-misc/0.2.0/ratis-thirdparty-misc-0.2.0.jar:/home/user/.m2/repository/org/apache/ratis/ratis-proto/0.5.0-201fc85-SNAPSHOT/ratis-proto-0.5.0-201fc85-SNAPSHOT.jar:/home/user/.m2/repository/org/apache/ratis/ratis-common/0.5.0-201fc85-SNAPSHOT/ratis-common-0.5.0-201fc85-SNAPSHOT.jar:/home/user/.m2/repository/org/apache/ratis/ratis-client/0.5.0-201fc85-SNAPSHOT/ratis-client-0.5.0-201fc85-SNAPSHOT.jar:/home/user/.m2/repository/org/apache/ratis/ratis-metrics/0.5.0-201fc85-SNAPSHOT/ratis-metrics-0.5.0-201fc85-SNAPSHOT.jar:/home/user/.m2/repository/com/github/joshelser/dropwizard-metrics-hadoop-metrics2-reporter/0.1.2/dropwizard-metrics-hadoop-metrics2-reporter-0.1.2.jar:/home/user/.m2/repository/io/dropwizard/metrics/metrics-jvm/3.2.5/metrics-jvm-3.2.5.jar:/home/user/.m2/repository/io/dropwizard/metrics/metrics-ganglia/3.2.5/metrics-ganglia-3.2.5.jar:/home/user/.m2/repository/info/ganglia/gmetric4j/gmetric4j/1.0.7/gmetric4j-1.0.7.jar:/home/user/.m2/repository/org/apache/ratis/ratis-netty/0.5.0-201fc85-SNAPSHOT/ratis-netty-0.5.0-201fc85-SNAPSHOT.jar:/home/user/.m2/repository/org/apache/ratis/ratis-grpc/0.5.0-201fc85-SNAPSHOT/ratis-grpc-0.5.0-201fc85-SNAPSHOT.jar:/home/user/.m2/repository/org/rocksdb/rocksdbjni/6.0.1/rocksdbjni-6.0.1.jar:/home/user/.m2/repository/org/apache/logging/log4j/log4j-api/2.11.0/log4j-api-2.11.0.jar:/home/user/.m2/repository/org/apache/logging/log4j/log4j-core/2.11.0/log4j-core-2.11.0.jar:/home/user/.m2/repository/com/lmax/disruptor/3.4.2/disruptor-3.4.2.jar:/home/user/.m2/repository/org/apache/commons/commons-pool2/2.6.0/commons-pool2-2.6.0.jar:/home/user/.m2/repository/org/bouncycastle/bcpkix-jdk15on/1.60/bcpkix-jdk15on-1.60.jar:/home/user/.m2/repository/commons-validator/commons-validator/1.6/commons-validator-1.6.jar:/home/user/.m2/repository/commons-digester/commons-digester/1.8.1/commons-digester-1.8.1.jar:/home/user/.m2/repository/io/jaegertracing/jaeger-client/0.34.0/jaeger-client-0.34.0.jar:/home/user/.m2/repository/io/jaegertracing/jaeger-thrift/0.34.0/jaeger-thrift-0.34.0.jar:/home/user/.m2/repository/org/apache/thrift/libthrift/0.12.0/libthrift-0.12.0.jar:/home/user/.m2/repository/com/squareup/okhttp3/okhttp/3.9.0/okhttp-3.9.0.jar:/home/user/.m2/repository/com/squareup/okio/okio/1.13.0/okio-1.13.0.jar:/home/user/.m2/repository/io/jaegertracing/jaeger-core/0.34.0/jaeger-core-0.34.0.jar:/home/user/.m2/repository/io/jaegertracing/jaeger-tracerresolver/0.34.0/jaeger-tracerresolver-0.34.0.jar:/home/user/.m2/repository/io/opentracing/contrib/opentracing-tracerresolver/0.1.5/opentracing-tracerresolver-0.1.5.jar:/home/user/.m2/repository/io/opentracing/opentracing-util/0.31.0/opentracing-util-0.31.0.jar:/home/user/.m2/repository/io/opentracing/opentracing-api/0.31.0/opentracing-api-0.31.0.jar:/home/user/.m2/repository/io/opentracing/opentracing-noop/0.31.0/opentracing-noop-0.31.0.jar:/home/user/.m2/repository/org/apache/hadoop/hadoop-hdds-server-framework/0.5.0-SNAPSHOT/hadoop-hdds-server-framework-0.5.0-SNAPSHOT.jar:/home/user/.m2/repository/org/apache/hadoop/hadoop-hdds-container-service/0.5.0-SNAPSHOT/hadoop-hdds-container-service-0.5.0-SNAPSHOT.jar:/home/user/.m2/repository/org/apache/hadoop/hadoop-hdds-client/0.5.0-SNAPSHOT/hadoop-hdds-client-0.5.0-SNAPSHOT.jar:/home/user/.m2/repository/org/apache/hadoop/hadoop-hdds-tools/0.5.0-SNAPSHOT/hadoop-hdds-tools-0.5.0-SNAPSHOT.jar:/home/user/.m2/repository/org/apache/hadoop/hadoop-hdds-server-scm/0.5.0-SNAPSHOT/hadoop-hdds-server-scm-0.5.0-SNAPSHOT.jar:/home/user/.m2/repository/org/apache/hadoop/hadoop-hdds-docs/0.5.0-SNAPSHOT/hadoop-hdds-docs-0.5.0-SNAPSHOT.jar:/home/user/.m2/repository/io/dropwizard/metrics/metrics-core/3.2.4/metrics-core-3.2.4.jar:/home/user/.m2/repository/org/hamcrest/hamcrest-all/1.3/hamcrest-all-1.3.jar:/home/user/.m2/repository/org/bouncycastle/bcprov-jdk15on/1.60/bcprov-jdk15on-1.60.jar:/home/user/.m2/repository/info/picocli/picocli/3.9.6/picocli-3.9.6.jar:/home/user/.m2/repository/com/google/protobuf/protobuf-java/2.5.0/protobuf-java-2.5.0.jar:/home/user/.m2/repository/com/google/guava/guava/11.0.2/guava-11.0.2.jar:/home/user/.m2/repository/org/apache/hadoop/hadoop-ozone-ozone-manager/0.5.0-SNAPSHOT/hadoop-ozone-ozone-manager-0.5.0-SNAPSHOT.jar:/home/user/.m2/repository/org/apache/hadoop/hadoop-minikdc/3.2.0/hadoop-minikdc-3.2.0.jar:/home/user/.m2/repository/commons-io/commons-io/2.5/commons-io-2.5.jar:/home/user/.m2/repository/org/apache/kerby/kerb-simplekdc/1.0.1/kerb-simplekdc-1.0.1.jar:/home/user/.m2/repository/org/apache/kerby/kerb-client/1.0.1/kerb-client-1.0.1.jar:/home/user/.m2/repository/org/apache/kerby/kerby-config/1.0.1/kerby-config-1.0.1.jar:/home/user/.m2/repository/org/apache/kerby/kerb-core/1.0.1/kerb-core-1.0.1.jar:/home/user/.m2/repository/org/apache/kerby/kerby-pkix/1.0.1/kerby-pkix-1.0.1.jar:/home/user/.m2/repository/org/apache/kerby/kerby-asn1/1.0.1/kerby-asn1-1.0.1.jar:/home/user/.m2/repository/org/apache/kerby/kerby-util/1.0.1/kerby-util-1.0.1.jar:/home/user/.m2/repository/org/apache/kerby/kerb-common/1.0.1/kerb-common-1.0.1.jar:/home/user/.m2/repository/org/apache/kerby/kerb-crypto/1.0.1/kerb-crypto-1.0.1.jar:/home/user/.m2/repository/org/apache/kerby/kerb-util/1.0.1/kerb-util-1.0.1.jar:/home/user/.m2/repository/org/apache/kerby/token-provider/1.0.1/token-provider-1.0.1.jar:/home/user/.m2/repository/org/apache/kerby/kerb-admin/1.0.1/kerb-admin-1.0.1.jar:/home/user/.m2/repository/org/apache/kerby/kerb-server/1.0.1/kerb-server-1.0.1.jar:/home/user/.m2/repository/org/apache/kerby/kerb-identity/1.0.1/kerb-identity-1.0.1.jar:/home/user/.m2/repository/org/apache/kerby/kerby-xdr/1.0.1/kerby-xdr-1.0.1.jar:/home/user/.m2/repository/org/slf4j/slf4j-log4j12/1.7.25/slf4j-log4j12-1.7.25.jar:/home/user/.m2/repository/org/apache/hadoop/hadoop-ozone-s3gateway/0.5.0-SNAPSHOT/hadoop-ozone-s3gateway-0.5.0-SNAPSHOT.jar:/home/user/.m2/repository/org/jboss/weld/servlet/weld-servlet/2.4.7.Final/weld-servlet-2.4.7.Final.jar:/home/user/.m2/repository/org/glassfish/jersey/containers/jersey-container-servlet-core/2.27/jersey-container-servlet-core-2.27.jar:/home/user/.m2/repository/org/glassfish/hk2/external/javax.inject/2.5.0-b42/javax.inject-2.5.0-b42.jar:/home/user/.m2/repository/org/glassfish/jersey/core/jersey-common/2.27/jersey-common-2.27.jar:/home/user/.m2/repository/org/glassfish/hk2/osgi-resource-locator/1.0.1/osgi-resource-locator-1.0.1.jar:/home/user/.m2/repository/javax/ws/rs/javax.ws.rs-api/2.1/javax.ws.rs-api-2.1.jar:/home/user/.m2/repository/org/glassfish/jersey/ext/cdi/jersey-cdi1x/2.27/jersey-cdi1x-2.27.jar:/home/user/.m2/repository/org/glassfish/jersey/inject/jersey-hk2/2.27/jersey-hk2-2.27.jar:/home/user/.m2/repository/org/glassfish/hk2/hk2-locator/2.5.0-b42/hk2-locator-2.5.0-b42.jar:/home/user/.m2/repository/org/javassist/javassist/3.22.0-CR2/javassist-3.22.0-CR2.jar:/home/user/.m2/repository/org/glassfish/hk2/hk2-api/2.5.0/hk2-api-2.5.0.jar:/home/user/.m2/repository/org/glassfish/hk2/external/jakarta.inject/2.5.0/jakarta.inject-2.5.0.jar:/home/user/.m2/repository/org/glassfish/hk2/hk2-utils/2.5.0/hk2-utils-2.5.0.jar:/home/user/.m2/repository/jakarta/annotation/jakarta.annotation-api/1.3.4/jakarta.annotation-api-1.3.4.jar:/home/user/.m2/repository/org/glassfish/hk2/external/aopalliance-repackaged/2.5.0/aopalliance-repackaged-2.5.0.jar:/home/user/.m2/repository/com/fasterxml/jackson/dataformat/jackson-dataformat-xml/2.9.0/jackson-dataformat-xml-2.9.0.jar:/home/user/.m2/repository/com/fasterxml/jackson/core/jackson-core/2.9.9/jackson-core-2.9.9.jar:/home/user/.m2/repository/com/fasterxml/jackson/module/jackson-module-jaxb-annotations/2.9.9/jackson-module-jaxb-annotations-2.9.9.jar:/home/user/.m2/repository/javax/enterprise/cdi-api/1.2/cdi-api-1.2.jar:/home/user/.m2/repository/javax/el/javax.el-api/3.0.0/javax.el-api-3.0.0.jar:/home/user/.m2/repository/javax/interceptor/javax.interceptor-api/1.2/javax.interceptor-api-1.2.jar:/home/user/.m2/repository/javax/inject/javax.inject/1/javax.inject-1.jar:/home/user/.m2/repository/com/sun/xml/bind/jaxb-impl/2.3.0.1/jaxb-impl-2.3.0.1.jar:/home/user/.m2/repository/com/sun/xml/bind/jaxb-core/2.3.0.1/jaxb-core-2.3.0.1.jar:/home/user/.m2/repository/javax/xml/bind/jaxb-api/2.3.0/jaxb-api-2.3.0.jar:/home/user/.m2/repository/javax/activation/activation/1.1.1/activation-1.1.1.jar:/home/user/.m2/repository/org/apache/hadoop/hadoop-ozone-csi/0.5.0-SNAPSHOT/hadoop-ozone-csi-0.5.0-SNAPSHOT.jar:/home/user/.m2/repository/com/google/protobuf/protobuf-java-util/3.5.1/protobuf-java-util-3.5.1.jar:/home/user/.m2/repository/org/apache/hadoop/hadoop-hdds-config/0.5.0-SNAPSHOT/hadoop-hdds-config-0.5.0-SNAPSHOT.jar:/home/user/.m2/repository/io/grpc/grpc-netty/1.17.1/grpc-netty-1.17.1.jar:/home/user/.m2/repository/io/grpc/grpc-core/1.17.1/grpc-core-1.17.1.jar:/home/user/.m2/repository/io/grpc/grpc-context/1.17.1/grpc-context-1.17.1.jar:/home/user/.m2/repository/com/google/errorprone/error_prone_annotations/2.2.0/error_prone_annotations-2.2.0.jar:/home/user/.m2/repository/org/codehaus/mojo/animal-sniffer-annotations/1.17/animal-sniffer-annotations-1.17.jar:/home/user/.m2/repository/io/opencensus/opencensus-api/0.17.0/opencensus-api-0.17.0.jar:/home/user/.m2/repository/io/opencensus/opencensus-contrib-grpc-metrics/0.17.0/opencensus-contrib-grpc-metrics-0.17.0.jar:/home/user/.m2/repository/io/netty/netty-codec-http2/4.1.30.Final/netty-codec-http2-4.1.30.Final.jar:/home/user/.m2/repository/io/netty/netty-codec-http/4.1.30.Final/netty-codec-http-4.1.30.Final.jar:/home/user/.m2/repository/io/netty/netty-codec/4.1.30.Final/netty-codec-4.1.30.Final.jar:/home/user/.m2/repository/io/netty/netty-handler/4.1.30.Final/netty-handler-4.1.30.Final.jar:/home/user/.m2/repository/io/netty/netty-handler-proxy/4.1.30.Final/netty-handler-proxy-4.1.30.Final.jar:/home/user/.m2/repository/io/netty/netty-codec-socks/4.1.30.Final/netty-codec-socks-4.1.30.Final.jar:/home/user/.m2/repository/io/netty/netty-transport-native-epoll/4.1.30.Final/netty-transport-native-epoll-4.1.30.Final.jar:/home/user/.m2/repository/io/netty/netty-common/4.1.30.Final/netty-common-4.1.30.Final.jar:/home/user/.m2/repository/io/netty/netty-buffer/4.1.30.Final/netty-buffer-4.1.30.Final.jar:/home/user/.m2/repository/io/netty/netty-transport/4.1.30.Final/netty-transport-4.1.30.Final.jar:/home/user/.m2/repository/io/netty/netty-resolver/4.1.30.Final/netty-resolver-4.1.30.Final.jar:/home/user/.m2/repository/io/netty/netty-transport-native-unix-common/4.1.30.Final/netty-transport-native-unix-common-4.1.30.Final.jar:/home/user/.m2/repository/io/grpc/grpc-protobuf/1.17.1/grpc-protobuf-1.17.1.jar:/home/user/.m2/repository/com/google/api/grpc/proto-google-common-protos/1.0.0/proto-google-common-protos-1.0.0.jar:/home/user/.m2/repository/io/grpc/grpc-protobuf-lite/1.17.1/grpc-protobuf-lite-1.17.1.jar:/home/user/.m2/repository/io/grpc/grpc-stub/1.17.1/grpc-stub-1.17.1.jar:/home/user/.m2/repository/org/apache/hadoop/hadoop-ozone-recon/0.5.0-SNAPSHOT/hadoop-ozone-recon-0.5.0-SNAPSHOT.jar:/home/user/.m2/repository/org/apache/hadoop/hadoop-ozone-reconcodegen/0.5.0-SNAPSHOT/hadoop-ozone-reconcodegen-0.5.0-SNAPSHOT.jar:/home/user/.m2/repository/com/google/inject/extensions/guice-multibindings/4.0/guice-multibindings-4.0.jar:/home/user/.m2/repository/com/google/inject/guice/4.0/guice-4.0.jar:/home/user/.m2/repository/aopalliance/aopalliance/1.0/aopalliance-1.0.jar:/home/user/.m2/repository/com/google/inject/extensions/guice-servlet/4.0/guice-servlet-4.0.jar:/home/user/.m2/repository/org/glassfish/jersey/containers/jersey-container-servlet/2.27/jersey-container-servlet-2.27.jar:/home/user/.m2/repository/org/glassfish/hk2/guice-bridge/2.5.0/guice-bridge-2.5.0.jar:/home/user/.m2/repository/org/glassfish/jersey/core/jersey-server/2.27/jersey-server-2.27.jar:/home/user/.m2/repository/org/glassfish/jersey/core/jersey-client/2.27/jersey-client-2.27.jar:/home/user/.m2/repository/org/glassfish/jersey/media/jersey-media-jaxb/2.27/jersey-media-jaxb-2.27.jar:/home/user/.m2/repository/javax/validation/validation-api/1.1.0.Final/validation-api-1.1.0.Final.jar:/home/user/.m2/repository/org/glassfish/jersey/media/jersey-media-json-jackson/2.27/jersey-media-json-jackson-2.27.jar:/home/user/.m2/repository/org/glassfish/jersey/ext/jersey-entity-filtering/2.27/jersey-entity-filtering-2.27.jar:/home/user/.m2/repository/com/google/inject/extensions/guice-assistedinject/4.0/guice-assistedinject-4.0.jar:/home/user/.m2/repository/org/jooq/jooq/3.11.10/jooq-3.11.10.jar:/home/user/.m2/repository/org/jooq/jooq-meta/3.11.10/jooq-meta-3.11.10.jar:/home/user/.m2/repository/org/jooq/jooq-codegen/3.11.10/jooq-codegen-3.11.10.jar:/home/user/.m2/repository/com/jolbox/bonecp/0.8.0.RELEASE/bonecp-0.8.0.RELEASE.jar:/home/user/.m2/repository/org/xerial/sqlite-jdbc/3.25.2/sqlite-jdbc-3.25.2.jar:/home/user/.m2/repository/org/springframework/spring-jdbc/5.1.3.RELEASE/spring-jdbc-5.1.3.RELEASE.jar:/home/user/.m2/repository/org/springframework/spring-beans/5.1.3.RELEASE/spring-beans-5.1.3.RELEASE.jar:/home/user/.m2/repository/org/springframework/spring-core/5.1.3.RELEASE/spring-core-5.1.3.RELEASE.jar:/home/user/.m2/repository/org/springframework/spring-jcl/5.1.3.RELEASE/spring-jcl-5.1.3.RELEASE.jar:/home/user/.m2/repository/org/springframework/spring-tx/5.1.3.RELEASE/spring-tx-5.1.3.RELEASE.jar:/home/user/.m2/repository/org/apache/hadoop/hadoop-ozone-client/0.5.0-SNAPSHOT/hadoop-ozone-client-0.5.0-SNAPSHOT.jar:/home/user/.m2/repository/commons-lang/commons-lang/2.6/commons-lang-2.6.jar:/home/user/.m2/repository/org/apache/hadoop/hadoop-ozone-ozone-manager/0.5.0-SNAPSHOT/hadoop-ozone-ozone-manager-0.5.0-SNAPSHOT-tests.jar:/home/user/.m2/repository/junit/junit/4.11/junit-4.11.jar:/home/user/.m2/repository/org/hamcrest/hamcrest-core/1.3/hamcrest-core-1.3.jar:/home/user/.m2/repository/org/openjdk/jmh/jmh-core/1.19/jmh-core-1.19.jar:/home/user/.m2/repository/net/sf/jopt-simple/jopt-simple/4.6/jopt-simple-4.6.jar:/home/user/.m2/repository/org/apache/commons/commons-math3/3.1.1/commons-math3-3.1.1.jar:/home/user/.m2/repository/org/openjdk/jmh/jmh-generator-annprocess/1.19/jmh-generator-annprocess-1.19.jar:/home/user/.m2/repository/org/mockito/mockito-all/1.8.5/mockito-all-1.8.5.jar:/home/user/.m2/repository/org/apache/hadoop/hadoop-kms/3.2.0/hadoop-kms-3.2.0.jar:/home/user/.m2/repository/org/apache/hadoop/hadoop-auth/3.2.0/hadoop-auth-3.2.0.jar:/home/user/.m2/repository/com/nimbusds/nimbus-jose-jwt/4.41.1/nimbus-jose-jwt-4.41.1.jar:/home/user/.m2/repository/com/github/stephenc/jcip/jcip-annotations/1.0-1/jcip-annotations-1.0-1.jar:/home/user/.m2/repository/net/minidev/json-smart/2.3/json-smart-2.3.jar:/home/user/.m2/repository/net/minidev/accessors-smart/1.2/accessors-smart-1.2.jar:/home/user/.m2/repository/org/ow2/asm/asm/5.0.4/asm-5.0.4.jar:/home/user/.m2/repository/org/apache/curator/curator-framework/2.12.0/curator-framework-2.12.0.jar:/home/user/.m2/repository/com/sun/jersey/jersey-core/1.19/jersey-core-1.19.jar:/home/user/.m2/repository/javax/ws/rs/jsr311-api/1.1.1/jsr311-api-1.1.1.jar:/home/user/.m2/repository/com/sun/jersey/jersey-server/1.19/jersey-server-1.19.jar:/home/user/.m2/repository/javax/servlet/javax.servlet-api/3.1.0/javax.servlet-api-3.1.0.jar:/home/user/.m2/repository/org/eclipse/jetty/jetty-server/9.3.25.v20180904/jetty-server-9.3.25.v20180904.jar:/home/user/.m2/repository/org/eclipse/jetty/jetty-http/9.3.25.v20180904/jetty-http-9.3.25.v20180904.jar:/home/user/.m2/repository/org/eclipse/jetty/jetty-io/9.3.25.v20180904/jetty-io-9.3.25.v20180904.jar:/home/user/.m2/repository/org/eclipse/jetty/jetty-webapp/9.3.25.v20180904/jetty-webapp-9.3.25.v20180904.jar:/home/user/.m2/repository/org/eclipse/jetty/jetty-xml/9.3.25.v20180904/jetty-xml-9.3.25.v20180904.jar:/home/user/.m2/repository/log4j/log4j/1.2.17/log4j-1.2.17.jar:/home/user/.m2/repository/org/slf4j/slf4j-api/1.7.25/slf4j-api-1.7.25.jar:/home/user/.m2/repository/org/slf4j/jul-to-slf4j/1.7.25/jul-to-slf4j-1.7.25.jar:/home/user/.m2/repository/org/eclipse/jetty/jetty-util/9.3.25.v20180904/jetty-util-9.3.25.v20180904.jar:/home/user/.m2/repository/com/fasterxml/jackson/core/jackson-databind/2.9.9/jackson-databind-2.9.9.jar:/home/user/.m2/repository/org/apache/hadoop/hadoop-kms/3.2.0/hadoop-kms-3.2.0-tests.jar:/home/user/.m2/repository/org/apache/hadoop/hadoop-hdds-server-scm/0.5.0-SNAPSHOT/hadoop-hdds-server-scm-0.5.0-SNAPSHOT-tests.jar:/home/user/.m2/repository/org/apache/hadoop/hadoop-hdds-container-service/0.5.0-SNAPSHOT/hadoop-hdds-container-service-0.5.0-SNAPSHOT-tests.jar:/home/user/.m2/repository/org/yaml/snakeyaml/1.16/snakeyaml-1.16.jar:/home/user/.m2/repository/org/apache/hadoop/hadoop-common/3.2.0/hadoop-common-3.2.0-tests.jar:/home/user/.m2/repository/org/apache/hadoop/hadoop-annotations/3.2.0/hadoop-annotations-3.2.0.jar:/usr/lib/jvm/java-1.8-openjdk/jre/../lib/tools.jar:/home/user/.m2/repository/commons-cli/commons-cli/1.2/commons-cli-1.2.jar:/home/user/.m2/repository/org/apache/httpcomponents/httpclient/4.5.2/httpclient-4.5.2.jar:/home/user/.m2/repository/org/apache/httpcomponents/httpcore/4.4.4/httpcore-4.4.4.jar:/home/user/.m2/repository/commons-codec/commons-codec/1.11/commons-codec-1.11.jar:/home/user/.m2/repository/commons-net/commons-net/3.6/commons-net-3.6.jar:/home/user/.m2/repository/commons-collections/commons-collections/3.2.2/commons-collections-3.2.2.jar:/home/user/.m2/repository/org/eclipse/jetty/jetty-servlet/9.3.25.v20180904/jetty-servlet-9.3.25.v20180904.jar:/home/user/.m2/repository/org/eclipse/jetty/jetty-security/9.3.25.v20180904/jetty-security-9.3.25.v20180904.jar:/home/user/.m2/repository/javax/servlet/jsp/jsp-api/2.1/jsp-api-2.1.jar:/home/user/.m2/repository/com/sun/jersey/jersey-servlet/1.19/jersey-servlet-1.19.jar:/home/user/.m2/repository/com/sun/jersey/jersey-json/1.19/jersey-json-1.19.jar:/home/user/.m2/repository/org/codehaus/jettison/jettison/1.1/jettison-1.1.jar:/home/user/.m2/repository/org/codehaus/jackson/jackson-core-asl/1.9.13/jackson-core-asl-1.9.13.jar:/home/user/.m2/repository/org/codehaus/jackson/jackson-mapper-asl/1.9.13/jackson-mapper-asl-1.9.13.jar:/home/user/.m2/repository/org/codehaus/jackson/jackson-jaxrs/1.9.13/jackson-jaxrs-1.9.13.jar:/home/user/.m2/repository/org/codehaus/jackson/jackson-xc/1.9.13/jackson-xc-1.9.13.jar:/home/user/.m2/repository/commons-logging/commons-logging/1.1.3/commons-logging-1.1.3.jar:/home/user/.m2/repository/commons-beanutils/commons-beanutils/1.9.4/commons-beanutils-1.9.4.jar:/home/user/.m2/repository/org/apache/commons/commons-configuration2/2.1.1/commons-configuration2-2.1.1.jar:/home/user/.m2/repository/org/apache/commons/commons-lang3/3.7/commons-lang3-3.7.jar:/home/user/.m2/repository/org/apache/commons/commons-text/1.4/commons-text-1.4.jar:/home/user/.m2/repository/org/apache/avro/avro/1.7.7/avro-1.7.7.jar:/home/user/.m2/repository/com/thoughtworks/paranamer/paranamer/2.3/paranamer-2.3.jar:/home/user/.m2/repository/org/xerial/snappy/snappy-java/1.0.5/snappy-java-1.0.5.jar:/home/user/.m2/repository/com/google/re2j/re2j/1.1/re2j-1.1.jar:/home/user/.m2/repository/com/google/code/gson/gson/2.2.4/gson-2.2.4.jar:/home/user/.m2/repository/com/jcraft/jsch/0.1.54/jsch-0.1.54.jar:/home/user/.m2/repository/org/apache/curator/curator-client/2.12.0/curator-client-2.12.0.jar:/home/user/.m2/repository/org/apache/curator/curator-recipes/2.12.0/curator-recipes-2.12.0.jar:/home/user/.m2/repository/com/google/code/findbugs/jsr305/3.0.0/jsr305-3.0.0.jar:/home/user/.m2/repository/org/apache/htrace/htrace-core4/4.1.0-incubating/htrace-core4-4.1.0-incubating.jar:/home/user/.m2/repository/org/apache/zookeeper/zookeeper/3.4.13/zookeeper-3.4.13.jar:/home/user/.m2/repository/jline/jline/0.9.94/jline-0.9.94.jar:/home/user/.m2/repository/org/apache/yetus/audience-annotations/0.5.0/audience-annotations-0.5.0.jar:/home/user/.m2/repository/org/codehaus/woodstox/stax2-api/3.1.4/stax2-api-3.1.4.jar:/home/user/.m2/repository/com/fasterxml/woodstox/woodstox-core/5.0.3/woodstox-core-5.0.3.jar:/home/user/.m2/repository/dnsjava/dnsjava/2.1.7/dnsjava-2.1.7.jar:/home/user/.m2/repository/org/apache/hadoop/hadoop-hdfs/3.2.0/hadoop-hdfs-3.2.0-tests.jar:/home/user/.m2/repository/org/eclipse/jetty/jetty-util-ajax/9.3.25.v20180904/jetty-util-ajax-9.3.25.v20180904.jar:/home/user/.m2/repository/commons-daemon/commons-daemon/1.0.13/commons-daemon-1.0.13.jar:/home/user/.m2/repository/io/netty/netty/3.10.5.Final/netty-3.10.5.Final.jar:/home/user/.m2/repository/io/netty/netty-all/4.0.52.Final/netty-all-4.0.52.Final.jar:/home/user/.m2/repository/org/fusesource/leveldbjni/leveldbjni-all/1.8/leveldbjni-all-1.8.jar:"/>
    <property name="java.vm.vendor" value="IcedTea"/>
    <property name="sun.arch.data.model" value="64"/>
    <property name="test.build.dir" value="/workdir/hadoop-ozone/integration-test/target/test-dir"/>
    <property name="test.cache.data" value=""/>
    <property name="java.vendor.url" value="https://icedtea.classpath.org"/>
    <property name="user.timezone" value=""/>
    <property name="java.vm.specification.version" value="1.8"/>
    <property name="os.name" value="Linux"/>
    <property name="test.build.data" value="/workdir/hadoop-ozone/integration-test/target/test-dir"/>
    <property name="user.country" value="US"/>
    <property name="sun.java.launcher" value="SUN_STANDARD"/>
    <property name="sun.boot.library.path" value="/usr/lib/jvm/java-1.8-openjdk/jre/lib/amd64"/>
    <property name="sun.java.command" value="/workdir/hadoop-ozone/integration-test/target/surefire/surefirebooter4267879278129782618.jar /workdir/hadoop-ozone/integration-test/target/surefire 2019-10-07T11-36-11_876-jvmRun1 surefire7729034482425906008tmp surefire_568173235902431593006tmp"/>
    <property name="test" value="!TestMiniChaosOzoneCluster"/>
    <property name="surefire.test.class.path" value="/workdir/hadoop-ozone/integration-test/target/test-classes:/workdir/hadoop-ozone/integration-test/target/classes:/home/user/.m2/repository/org/apache/hadoop/hadoop-ozone-common/0.5.0-SNAPSHOT/hadoop-ozone-common-0.5.0-SNAPSHOT.jar:/home/user/.m2/repository/org/apache/commons/commons-compress/1.4.1/commons-compress-1.4.1.jar:/home/user/.m2/repository/org/tukaani/xz/1.0/xz-1.0.jar:/home/user/.m2/repository/org/apache/hadoop/hadoop-common/3.2.0/hadoop-common-3.2.0.jar:/home/user/.m2/repository/org/apache/hadoop/hadoop-hdfs/3.2.0/hadoop-hdfs-3.2.0.jar:/home/user/.m2/repository/org/apache/hadoop/hadoop-hdfs-client/3.2.0/hadoop-hdfs-client-3.2.0.jar:/home/user/.m2/repository/com/fasterxml/jackson/core/jackson-annotations/2.9.9/jackson-annotations-2.9.9.jar:/home/user/.m2/repository/org/apache/hadoop/hadoop-hdds-common/0.5.0-SNAPSHOT/hadoop-hdds-common-0.5.0-SNAPSHOT.jar:/home/user/.m2/repository/javax/annotation/javax.annotation-api/1.2/javax.annotation-api-1.2.jar:/home/user/.m2/repository/org/apache/ratis/ratis-server/0.5.0-201fc85-SNAPSHOT/ratis-server-0.5.0-201fc85-SNAPSHOT.jar:/home/user/.m2/repository/org/apache/ratis/ratis-thirdparty-misc/0.2.0/ratis-thirdparty-misc-0.2.0.jar:/home/user/.m2/repository/org/apache/ratis/ratis-proto/0.5.0-201fc85-SNAPSHOT/ratis-proto-0.5.0-201fc85-SNAPSHOT.jar:/home/user/.m2/repository/org/apache/ratis/ratis-common/0.5.0-201fc85-SNAPSHOT/ratis-common-0.5.0-201fc85-SNAPSHOT.jar:/home/user/.m2/repository/org/apache/ratis/ratis-client/0.5.0-201fc85-SNAPSHOT/ratis-client-0.5.0-201fc85-SNAPSHOT.jar:/home/user/.m2/repository/org/apache/ratis/ratis-metrics/0.5.0-201fc85-SNAPSHOT/ratis-metrics-0.5.0-201fc85-SNAPSHOT.jar:/home/user/.m2/repository/com/github/joshelser/dropwizard-metrics-hadoop-metrics2-reporter/0.1.2/dropwizard-metrics-hadoop-metrics2-reporter-0.1.2.jar:/home/user/.m2/repository/io/dropwizard/metrics/metrics-jvm/3.2.5/metrics-jvm-3.2.5.jar:/home/user/.m2/repository/io/dropwizard/metrics/metrics-ganglia/3.2.5/metrics-ganglia-3.2.5.jar:/home/user/.m2/repository/info/ganglia/gmetric4j/gmetric4j/1.0.7/gmetric4j-1.0.7.jar:/home/user/.m2/repository/org/apache/ratis/ratis-netty/0.5.0-201fc85-SNAPSHOT/ratis-netty-0.5.0-201fc85-SNAPSHOT.jar:/home/user/.m2/repository/org/apache/ratis/ratis-grpc/0.5.0-201fc85-SNAPSHOT/ratis-grpc-0.5.0-201fc85-SNAPSHOT.jar:/home/user/.m2/repository/org/rocksdb/rocksdbjni/6.0.1/rocksdbjni-6.0.1.jar:/home/user/.m2/repository/org/apache/logging/log4j/log4j-api/2.11.0/log4j-api-2.11.0.jar:/home/user/.m2/repository/org/apache/logging/log4j/log4j-core/2.11.0/log4j-core-2.11.0.jar:/home/user/.m2/repository/com/lmax/disruptor/3.4.2/disruptor-3.4.2.jar:/home/user/.m2/repository/org/apache/commons/commons-pool2/2.6.0/commons-pool2-2.6.0.jar:/home/user/.m2/repository/org/bouncycastle/bcpkix-jdk15on/1.60/bcpkix-jdk15on-1.60.jar:/home/user/.m2/repository/commons-validator/commons-validator/1.6/commons-validator-1.6.jar:/home/user/.m2/repository/commons-digester/commons-digester/1.8.1/commons-digester-1.8.1.jar:/home/user/.m2/repository/io/jaegertracing/jaeger-client/0.34.0/jaeger-client-0.34.0.jar:/home/user/.m2/repository/io/jaegertracing/jaeger-thrift/0.34.0/jaeger-thrift-0.34.0.jar:/home/user/.m2/repository/org/apache/thrift/libthrift/0.12.0/libthrift-0.12.0.jar:/home/user/.m2/repository/com/squareup/okhttp3/okhttp/3.9.0/okhttp-3.9.0.jar:/home/user/.m2/repository/com/squareup/okio/okio/1.13.0/okio-1.13.0.jar:/home/user/.m2/repository/io/jaegertracing/jaeger-core/0.34.0/jaeger-core-0.34.0.jar:/home/user/.m2/repository/io/jaegertracing/jaeger-tracerresolver/0.34.0/jaeger-tracerresolver-0.34.0.jar:/home/user/.m2/repository/io/opentracing/contrib/opentracing-tracerresolver/0.1.5/opentracing-tracerresolver-0.1.5.jar:/home/user/.m2/repository/io/opentracing/opentracing-util/0.31.0/opentracing-util-0.31.0.jar:/home/user/.m2/repository/io/opentracing/opentracing-api/0.31.0/opentracing-api-0.31.0.jar:/home/user/.m2/repository/io/opentracing/opentracing-noop/0.31.0/opentracing-noop-0.31.0.jar:/home/user/.m2/repository/org/apache/hadoop/hadoop-hdds-server-framework/0.5.0-SNAPSHOT/hadoop-hdds-server-framework-0.5.0-SNAPSHOT.jar:/home/user/.m2/repository/org/apache/hadoop/hadoop-hdds-container-service/0.5.0-SNAPSHOT/hadoop-hdds-container-service-0.5.0-SNAPSHOT.jar:/home/user/.m2/repository/org/apache/hadoop/hadoop-hdds-client/0.5.0-SNAPSHOT/hadoop-hdds-client-0.5.0-SNAPSHOT.jar:/home/user/.m2/repository/org/apache/hadoop/hadoop-hdds-tools/0.5.0-SNAPSHOT/hadoop-hdds-tools-0.5.0-SNAPSHOT.jar:/home/user/.m2/repository/org/apache/hadoop/hadoop-hdds-server-scm/0.5.0-SNAPSHOT/hadoop-hdds-server-scm-0.5.0-SNAPSHOT.jar:/home/user/.m2/repository/org/apache/hadoop/hadoop-hdds-docs/0.5.0-SNAPSHOT/hadoop-hdds-docs-0.5.0-SNAPSHOT.jar:/home/user/.m2/repository/io/dropwizard/metrics/metrics-core/3.2.4/metrics-core-3.2.4.jar:/home/user/.m2/repository/org/hamcrest/hamcrest-all/1.3/hamcrest-all-1.3.jar:/home/user/.m2/repository/org/bouncycastle/bcprov-jdk15on/1.60/bcprov-jdk15on-1.60.jar:/home/user/.m2/repository/info/picocli/picocli/3.9.6/picocli-3.9.6.jar:/home/user/.m2/repository/com/google/protobuf/protobuf-java/2.5.0/protobuf-java-2.5.0.jar:/home/user/.m2/repository/com/google/guava/guava/11.0.2/guava-11.0.2.jar:/home/user/.m2/repository/org/apache/hadoop/hadoop-ozone-ozone-manager/0.5.0-SNAPSHOT/hadoop-ozone-ozone-manager-0.5.0-SNAPSHOT.jar:/home/user/.m2/repository/org/apache/hadoop/hadoop-minikdc/3.2.0/hadoop-minikdc-3.2.0.jar:/home/user/.m2/repository/commons-io/commons-io/2.5/commons-io-2.5.jar:/home/user/.m2/repository/org/apache/kerby/kerb-simplekdc/1.0.1/kerb-simplekdc-1.0.1.jar:/home/user/.m2/repository/org/apache/kerby/kerb-client/1.0.1/kerb-client-1.0.1.jar:/home/user/.m2/repository/org/apache/kerby/kerby-config/1.0.1/kerby-config-1.0.1.jar:/home/user/.m2/repository/org/apache/kerby/kerb-core/1.0.1/kerb-core-1.0.1.jar:/home/user/.m2/repository/org/apache/kerby/kerby-pkix/1.0.1/kerby-pkix-1.0.1.jar:/home/user/.m2/repository/org/apache/kerby/kerby-asn1/1.0.1/kerby-asn1-1.0.1.jar:/home/user/.m2/repository/org/apache/kerby/kerby-util/1.0.1/kerby-util-1.0.1.jar:/home/user/.m2/repository/org/apache/kerby/kerb-common/1.0.1/kerb-common-1.0.1.jar:/home/user/.m2/repository/org/apache/kerby/kerb-crypto/1.0.1/kerb-crypto-1.0.1.jar:/home/user/.m2/repository/org/apache/kerby/kerb-util/1.0.1/kerb-util-1.0.1.jar:/home/user/.m2/repository/org/apache/kerby/token-provider/1.0.1/token-provider-1.0.1.jar:/home/user/.m2/repository/org/apache/kerby/kerb-admin/1.0.1/kerb-admin-1.0.1.jar:/home/user/.m2/repository/org/apache/kerby/kerb-server/1.0.1/kerb-server-1.0.1.jar:/home/user/.m2/repository/org/apache/kerby/kerb-identity/1.0.1/kerb-identity-1.0.1.jar:/home/user/.m2/repository/org/apache/kerby/kerby-xdr/1.0.1/kerby-xdr-1.0.1.jar:/home/user/.m2/repository/org/slf4j/slf4j-log4j12/1.7.25/slf4j-log4j12-1.7.25.jar:/home/user/.m2/repository/org/apache/hadoop/hadoop-ozone-s3gateway/0.5.0-SNAPSHOT/hadoop-ozone-s3gateway-0.5.0-SNAPSHOT.jar:/home/user/.m2/repository/org/jboss/weld/servlet/weld-servlet/2.4.7.Final/weld-servlet-2.4.7.Final.jar:/home/user/.m2/repository/org/glassfish/jersey/containers/jersey-container-servlet-core/2.27/jersey-container-servlet-core-2.27.jar:/home/user/.m2/repository/org/glassfish/hk2/external/javax.inject/2.5.0-b42/javax.inject-2.5.0-b42.jar:/home/user/.m2/repository/org/glassfish/jersey/core/jersey-common/2.27/jersey-common-2.27.jar:/home/user/.m2/repository/org/glassfish/hk2/osgi-resource-locator/1.0.1/osgi-resource-locator-1.0.1.jar:/home/user/.m2/repository/javax/ws/rs/javax.ws.rs-api/2.1/javax.ws.rs-api-2.1.jar:/home/user/.m2/repository/org/glassfish/jersey/ext/cdi/jersey-cdi1x/2.27/jersey-cdi1x-2.27.jar:/home/user/.m2/repository/org/glassfish/jersey/inject/jersey-hk2/2.27/jersey-hk2-2.27.jar:/home/user/.m2/repository/org/glassfish/hk2/hk2-locator/2.5.0-b42/hk2-locator-2.5.0-b42.jar:/home/user/.m2/repository/org/javassist/javassist/3.22.0-CR2/javassist-3.22.0-CR2.jar:/home/user/.m2/repository/org/glassfish/hk2/hk2-api/2.5.0/hk2-api-2.5.0.jar:/home/user/.m2/repository/org/glassfish/hk2/external/jakarta.inject/2.5.0/jakarta.inject-2.5.0.jar:/home/user/.m2/repository/org/glassfish/hk2/hk2-utils/2.5.0/hk2-utils-2.5.0.jar:/home/user/.m2/repository/jakarta/annotation/jakarta.annotation-api/1.3.4/jakarta.annotation-api-1.3.4.jar:/home/user/.m2/repository/org/glassfish/hk2/external/aopalliance-repackaged/2.5.0/aopalliance-repackaged-2.5.0.jar:/home/user/.m2/repository/com/fasterxml/jackson/dataformat/jackson-dataformat-xml/2.9.0/jackson-dataformat-xml-2.9.0.jar:/home/user/.m2/repository/com/fasterxml/jackson/core/jackson-core/2.9.9/jackson-core-2.9.9.jar:/home/user/.m2/repository/com/fasterxml/jackson/module/jackson-module-jaxb-annotations/2.9.9/jackson-module-jaxb-annotations-2.9.9.jar:/home/user/.m2/repository/javax/enterprise/cdi-api/1.2/cdi-api-1.2.jar:/home/user/.m2/repository/javax/el/javax.el-api/3.0.0/javax.el-api-3.0.0.jar:/home/user/.m2/repository/javax/interceptor/javax.interceptor-api/1.2/javax.interceptor-api-1.2.jar:/home/user/.m2/repository/javax/inject/javax.inject/1/javax.inject-1.jar:/home/user/.m2/repository/com/sun/xml/bind/jaxb-impl/2.3.0.1/jaxb-impl-2.3.0.1.jar:/home/user/.m2/repository/com/sun/xml/bind/jaxb-core/2.3.0.1/jaxb-core-2.3.0.1.jar:/home/user/.m2/repository/javax/xml/bind/jaxb-api/2.3.0/jaxb-api-2.3.0.jar:/home/user/.m2/repository/javax/activation/activation/1.1.1/activation-1.1.1.jar:/home/user/.m2/repository/org/apache/hadoop/hadoop-ozone-csi/0.5.0-SNAPSHOT/hadoop-ozone-csi-0.5.0-SNAPSHOT.jar:/home/user/.m2/repository/com/google/protobuf/protobuf-java-util/3.5.1/protobuf-java-util-3.5.1.jar:/home/user/.m2/repository/org/apache/hadoop/hadoop-hdds-config/0.5.0-SNAPSHOT/hadoop-hdds-config-0.5.0-SNAPSHOT.jar:/home/user/.m2/repository/io/grpc/grpc-netty/1.17.1/grpc-netty-1.17.1.jar:/home/user/.m2/repository/io/grpc/grpc-core/1.17.1/grpc-core-1.17.1.jar:/home/user/.m2/repository/io/grpc/grpc-context/1.17.1/grpc-context-1.17.1.jar:/home/user/.m2/repository/com/google/errorprone/error_prone_annotations/2.2.0/error_prone_annotations-2.2.0.jar:/home/user/.m2/repository/org/codehaus/mojo/animal-sniffer-annotations/1.17/animal-sniffer-annotations-1.17.jar:/home/user/.m2/repository/io/opencensus/opencensus-api/0.17.0/opencensus-api-0.17.0.jar:/home/user/.m2/repository/io/opencensus/opencensus-contrib-grpc-metrics/0.17.0/opencensus-contrib-grpc-metrics-0.17.0.jar:/home/user/.m2/repository/io/netty/netty-codec-http2/4.1.30.Final/netty-codec-http2-4.1.30.Final.jar:/home/user/.m2/repository/io/netty/netty-codec-http/4.1.30.Final/netty-codec-http-4.1.30.Final.jar:/home/user/.m2/repository/io/netty/netty-codec/4.1.30.Final/netty-codec-4.1.30.Final.jar:/home/user/.m2/repository/io/netty/netty-handler/4.1.30.Final/netty-handler-4.1.30.Final.jar:/home/user/.m2/repository/io/netty/netty-handler-proxy/4.1.30.Final/netty-handler-proxy-4.1.30.Final.jar:/home/user/.m2/repository/io/netty/netty-codec-socks/4.1.30.Final/netty-codec-socks-4.1.30.Final.jar:/home/user/.m2/repository/io/netty/netty-transport-native-epoll/4.1.30.Final/netty-transport-native-epoll-4.1.30.Final.jar:/home/user/.m2/repository/io/netty/netty-common/4.1.30.Final/netty-common-4.1.30.Final.jar:/home/user/.m2/repository/io/netty/netty-buffer/4.1.30.Final/netty-buffer-4.1.30.Final.jar:/home/user/.m2/repository/io/netty/netty-transport/4.1.30.Final/netty-transport-4.1.30.Final.jar:/home/user/.m2/repository/io/netty/netty-resolver/4.1.30.Final/netty-resolver-4.1.30.Final.jar:/home/user/.m2/repository/io/netty/netty-transport-native-unix-common/4.1.30.Final/netty-transport-native-unix-common-4.1.30.Final.jar:/home/user/.m2/repository/io/grpc/grpc-protobuf/1.17.1/grpc-protobuf-1.17.1.jar:/home/user/.m2/repository/com/google/api/grpc/proto-google-common-protos/1.0.0/proto-google-common-protos-1.0.0.jar:/home/user/.m2/repository/io/grpc/grpc-protobuf-lite/1.17.1/grpc-protobuf-lite-1.17.1.jar:/home/user/.m2/repository/io/grpc/grpc-stub/1.17.1/grpc-stub-1.17.1.jar:/home/user/.m2/repository/org/apache/hadoop/hadoop-ozone-recon/0.5.0-SNAPSHOT/hadoop-ozone-recon-0.5.0-SNAPSHOT.jar:/home/user/.m2/repository/org/apache/hadoop/hadoop-ozone-reconcodegen/0.5.0-SNAPSHOT/hadoop-ozone-reconcodegen-0.5.0-SNAPSHOT.jar:/home/user/.m2/repository/com/google/inject/extensions/guice-multibindings/4.0/guice-multibindings-4.0.jar:/home/user/.m2/repository/com/google/inject/guice/4.0/guice-4.0.jar:/home/user/.m2/repository/aopalliance/aopalliance/1.0/aopalliance-1.0.jar:/home/user/.m2/repository/com/google/inject/extensions/guice-servlet/4.0/guice-servlet-4.0.jar:/home/user/.m2/repository/org/glassfish/jersey/containers/jersey-container-servlet/2.27/jersey-container-servlet-2.27.jar:/home/user/.m2/repository/org/glassfish/hk2/guice-bridge/2.5.0/guice-bridge-2.5.0.jar:/home/user/.m2/repository/org/glassfish/jersey/core/jersey-server/2.27/jersey-server-2.27.jar:/home/user/.m2/repository/org/glassfish/jersey/core/jersey-client/2.27/jersey-client-2.27.jar:/home/user/.m2/repository/org/glassfish/jersey/media/jersey-media-jaxb/2.27/jersey-media-jaxb-2.27.jar:/home/user/.m2/repository/javax/validation/validation-api/1.1.0.Final/validation-api-1.1.0.Final.jar:/home/user/.m2/repository/org/glassfish/jersey/media/jersey-media-json-jackson/2.27/jersey-media-json-jackson-2.27.jar:/home/user/.m2/repository/org/glassfish/jersey/ext/jersey-entity-filtering/2.27/jersey-entity-filtering-2.27.jar:/home/user/.m2/repository/com/google/inject/extensions/guice-assistedinject/4.0/guice-assistedinject-4.0.jar:/home/user/.m2/repository/org/jooq/jooq/3.11.10/jooq-3.11.10.jar:/home/user/.m2/repository/org/jooq/jooq-meta/3.11.10/jooq-meta-3.11.10.jar:/home/user/.m2/repository/org/jooq/jooq-codegen/3.11.10/jooq-codegen-3.11.10.jar:/home/user/.m2/repository/com/jolbox/bonecp/0.8.0.RELEASE/bonecp-0.8.0.RELEASE.jar:/home/user/.m2/repository/org/xerial/sqlite-jdbc/3.25.2/sqlite-jdbc-3.25.2.jar:/home/user/.m2/repository/org/springframework/spring-jdbc/5.1.3.RELEASE/spring-jdbc-5.1.3.RELEASE.jar:/home/user/.m2/repository/org/springframework/spring-beans/5.1.3.RELEASE/spring-beans-5.1.3.RELEASE.jar:/home/user/.m2/repository/org/springframework/spring-core/5.1.3.RELEASE/spring-core-5.1.3.RELEASE.jar:/home/user/.m2/repository/org/springframework/spring-jcl/5.1.3.RELEASE/spring-jcl-5.1.3.RELEASE.jar:/home/user/.m2/repository/org/springframework/spring-tx/5.1.3.RELEASE/spring-tx-5.1.3.RELEASE.jar:/home/user/.m2/repository/org/apache/hadoop/hadoop-ozone-client/0.5.0-SNAPSHOT/hadoop-ozone-client-0.5.0-SNAPSHOT.jar:/home/user/.m2/repository/commons-lang/commons-lang/2.6/commons-lang-2.6.jar:/home/user/.m2/repository/org/apache/hadoop/hadoop-ozone-ozone-manager/0.5.0-SNAPSHOT/hadoop-ozone-ozone-manager-0.5.0-SNAPSHOT-tests.jar:/home/user/.m2/repository/junit/junit/4.11/junit-4.11.jar:/home/user/.m2/repository/org/hamcrest/hamcrest-core/1.3/hamcrest-core-1.3.jar:/home/user/.m2/repository/org/openjdk/jmh/jmh-core/1.19/jmh-core-1.19.jar:/home/user/.m2/repository/net/sf/jopt-simple/jopt-simple/4.6/jopt-simple-4.6.jar:/home/user/.m2/repository/org/apache/commons/commons-math3/3.1.1/commons-math3-3.1.1.jar:/home/user/.m2/repository/org/openjdk/jmh/jmh-generator-annprocess/1.19/jmh-generator-annprocess-1.19.jar:/home/user/.m2/repository/org/mockito/mockito-all/1.8.5/mockito-all-1.8.5.jar:/home/user/.m2/repository/org/apache/hadoop/hadoop-kms/3.2.0/hadoop-kms-3.2.0.jar:/home/user/.m2/repository/org/apache/hadoop/hadoop-auth/3.2.0/hadoop-auth-3.2.0.jar:/home/user/.m2/repository/com/nimbusds/nimbus-jose-jwt/4.41.1/nimbus-jose-jwt-4.41.1.jar:/home/user/.m2/repository/com/github/stephenc/jcip/jcip-annotations/1.0-1/jcip-annotations-1.0-1.jar:/home/user/.m2/repository/net/minidev/json-smart/2.3/json-smart-2.3.jar:/home/user/.m2/repository/net/minidev/accessors-smart/1.2/accessors-smart-1.2.jar:/home/user/.m2/repository/org/ow2/asm/asm/5.0.4/asm-5.0.4.jar:/home/user/.m2/repository/org/apache/curator/curator-framework/2.12.0/curator-framework-2.12.0.jar:/home/user/.m2/repository/com/sun/jersey/jersey-core/1.19/jersey-core-1.19.jar:/home/user/.m2/repository/javax/ws/rs/jsr311-api/1.1.1/jsr311-api-1.1.1.jar:/home/user/.m2/repository/com/sun/jersey/jersey-server/1.19/jersey-server-1.19.jar:/home/user/.m2/repository/javax/servlet/javax.servlet-api/3.1.0/javax.servlet-api-3.1.0.jar:/home/user/.m2/repository/org/eclipse/jetty/jetty-server/9.3.25.v20180904/jetty-server-9.3.25.v20180904.jar:/home/user/.m2/repository/org/eclipse/jetty/jetty-http/9.3.25.v20180904/jetty-http-9.3.25.v20180904.jar:/home/user/.m2/repository/org/eclipse/jetty/jetty-io/9.3.25.v20180904/jetty-io-9.3.25.v20180904.jar:/home/user/.m2/repository/org/eclipse/jetty/jetty-webapp/9.3.25.v20180904/jetty-webapp-9.3.25.v20180904.jar:/home/user/.m2/repository/org/eclipse/jetty/jetty-xml/9.3.25.v20180904/jetty-xml-9.3.25.v20180904.jar:/home/user/.m2/repository/log4j/log4j/1.2.17/log4j-1.2.17.jar:/home/user/.m2/repository/org/slf4j/slf4j-api/1.7.25/slf4j-api-1.7.25.jar:/home/user/.m2/repository/org/slf4j/jul-to-slf4j/1.7.25/jul-to-slf4j-1.7.25.jar:/home/user/.m2/repository/org/eclipse/jetty/jetty-util/9.3.25.v20180904/jetty-util-9.3.25.v20180904.jar:/home/user/.m2/repository/com/fasterxml/jackson/core/jackson-databind/2.9.9/jackson-databind-2.9.9.jar:/home/user/.m2/repository/org/apache/hadoop/hadoop-kms/3.2.0/hadoop-kms-3.2.0-tests.jar:/home/user/.m2/repository/org/apache/hadoop/hadoop-hdds-server-scm/0.5.0-SNAPSHOT/hadoop-hdds-server-scm-0.5.0-SNAPSHOT-tests.jar:/home/user/.m2/repository/org/apache/hadoop/hadoop-hdds-container-service/0.5.0-SNAPSHOT/hadoop-hdds-container-service-0.5.0-SNAPSHOT-tests.jar:/home/user/.m2/repository/org/yaml/snakeyaml/1.16/snakeyaml-1.16.jar:/home/user/.m2/repository/org/apache/hadoop/hadoop-common/3.2.0/hadoop-common-3.2.0-tests.jar:/home/user/.m2/repository/org/apache/hadoop/hadoop-annotations/3.2.0/hadoop-annotations-3.2.0.jar:/usr/lib/jvm/java-1.8-openjdk/jre/../lib/tools.jar:/home/user/.m2/repository/commons-cli/commons-cli/1.2/commons-cli-1.2.jar:/home/user/.m2/repository/org/apache/httpcomponents/httpclient/4.5.2/httpclient-4.5.2.jar:/home/user/.m2/repository/org/apache/httpcomponents/httpcore/4.4.4/httpcore-4.4.4.jar:/home/user/.m2/repository/commons-codec/commons-codec/1.11/commons-codec-1.11.jar:/home/user/.m2/repository/commons-net/commons-net/3.6/commons-net-3.6.jar:/home/user/.m2/repository/commons-collections/commons-collections/3.2.2/commons-collections-3.2.2.jar:/home/user/.m2/repository/org/eclipse/jetty/jetty-servlet/9.3.25.v20180904/jetty-servlet-9.3.25.v20180904.jar:/home/user/.m2/repository/org/eclipse/jetty/jetty-security/9.3.25.v20180904/jetty-security-9.3.25.v20180904.jar:/home/user/.m2/repository/javax/servlet/jsp/jsp-api/2.1/jsp-api-2.1.jar:/home/user/.m2/repository/com/sun/jersey/jersey-servlet/1.19/jersey-servlet-1.19.jar:/home/user/.m2/repository/com/sun/jersey/jersey-json/1.19/jersey-json-1.19.jar:/home/user/.m2/repository/org/codehaus/jettison/jettison/1.1/jettison-1.1.jar:/home/user/.m2/repository/org/codehaus/jackson/jackson-core-asl/1.9.13/jackson-core-asl-1.9.13.jar:/home/user/.m2/repository/org/codehaus/jackson/jackson-mapper-asl/1.9.13/jackson-mapper-asl-1.9.13.jar:/home/user/.m2/repository/org/codehaus/jackson/jackson-jaxrs/1.9.13/jackson-jaxrs-1.9.13.jar:/home/user/.m2/repository/org/codehaus/jackson/jackson-xc/1.9.13/jackson-xc-1.9.13.jar:/home/user/.m2/repository/commons-logging/commons-logging/1.1.3/commons-logging-1.1.3.jar:/home/user/.m2/repository/commons-beanutils/commons-beanutils/1.9.4/commons-beanutils-1.9.4.jar:/home/user/.m2/repository/org/apache/commons/commons-configuration2/2.1.1/commons-configuration2-2.1.1.jar:/home/user/.m2/repository/org/apache/commons/commons-lang3/3.7/commons-lang3-3.7.jar:/home/user/.m2/repository/org/apache/commons/commons-text/1.4/commons-text-1.4.jar:/home/user/.m2/repository/org/apache/avro/avro/1.7.7/avro-1.7.7.jar:/home/user/.m2/repository/com/thoughtworks/paranamer/paranamer/2.3/paranamer-2.3.jar:/home/user/.m2/repository/org/xerial/snappy/snappy-java/1.0.5/snappy-java-1.0.5.jar:/home/user/.m2/repository/com/google/re2j/re2j/1.1/re2j-1.1.jar:/home/user/.m2/repository/com/google/code/gson/gson/2.2.4/gson-2.2.4.jar:/home/user/.m2/repository/com/jcraft/jsch/0.1.54/jsch-0.1.54.jar:/home/user/.m2/repository/org/apache/curator/curator-client/2.12.0/curator-client-2.12.0.jar:/home/user/.m2/repository/org/apache/curator/curator-recipes/2.12.0/curator-recipes-2.12.0.jar:/home/user/.m2/repository/com/google/code/findbugs/jsr305/3.0.0/jsr305-3.0.0.jar:/home/user/.m2/repository/org/apache/htrace/htrace-core4/4.1.0-incubating/htrace-core4-4.1.0-incubating.jar:/home/user/.m2/repository/org/apache/zookeeper/zookeeper/3.4.13/zookeeper-3.4.13.jar:/home/user/.m2/repository/jline/jline/0.9.94/jline-0.9.94.jar:/home/user/.m2/repository/org/apache/yetus/audience-annotations/0.5.0/audience-annotations-0.5.0.jar:/home/user/.m2/repository/org/codehaus/woodstox/stax2-api/3.1.4/stax2-api-3.1.4.jar:/home/user/.m2/repository/com/fasterxml/woodstox/woodstox-core/5.0.3/woodstox-core-5.0.3.jar:/home/user/.m2/repository/dnsjava/dnsjava/2.1.7/dnsjava-2.1.7.jar:/home/user/.m2/repository/org/apache/hadoop/hadoop-hdfs/3.2.0/hadoop-hdfs-3.2.0-tests.jar:/home/user/.m2/repository/org/eclipse/jetty/jetty-util-ajax/9.3.25.v20180904/jetty-util-ajax-9.3.25.v20180904.jar:/home/user/.m2/repository/commons-daemon/commons-daemon/1.0.13/commons-daemon-1.0.13.jar:/home/user/.m2/repository/io/netty/netty/3.10.5.Final/netty-3.10.5.Final.jar:/home/user/.m2/repository/io/netty/netty-all/4.0.52.Final/netty-all-4.0.52.Final.jar:/home/user/.m2/repository/org/fusesource/leveldbjni/leveldbjni-all/1.8/leveldbjni-all-1.8.jar:"/>
    <property name="sun.cpu.endian" value="little"/>
    <property name="user.home" value="/home/user"/>
    <property name="user.language" value="en"/>
    <property name="java.specification.vendor" value="Oracle Corporation"/>
    <property name="java.home" value="/usr/lib/jvm/java-1.8-openjdk/jre"/>
    <property name="java.security.krb5.conf" value="/workdir/hadoop-ozone/integration-test/target/test-classes/krb5.conf"/>
    <property name="basedir" value="/workdir/hadoop-ozone/integration-test"/>
    <property name="file.separator" value="/"/>
    <property name="line.separator" value="&#10;"/>
    <property name="java.vm.specification.vendor" value="Oracle Corporation"/>
    <property name="java.specification.name" value="Java Platform API Specification"/>
    <property name="java.awt.graphicsenv" value="sun.awt.X11GraphicsEnvironment"/>
    <property name="surefire.real.class.path" value="/workdir/hadoop-ozone/integration-test/target/surefire/surefirebooter4267879278129782618.jar"/>
    <property name="hadoop.log.dir" value="/workdir/hadoop-ozone/integration-test/target/log"/>
    <property name="sun.boot.class.path" value="/usr/lib/jvm/java-1.8-openjdk/jre/lib/resources.jar:/usr/lib/jvm/java-1.8-openjdk/jre/lib/rt.jar:/usr/lib/jvm/java-1.8-openjdk/jre/lib/sunrsasign.jar:/usr/lib/jvm/java-1.8-openjdk/jre/lib/jsse.jar:/usr/lib/jvm/java-1.8-openjdk/jre/lib/jce.jar:/usr/lib/jvm/java-1.8-openjdk/jre/lib/charsets.jar:/usr/lib/jvm/java-1.8-openjdk/jre/lib/jfr.jar:/usr/lib/jvm/java-1.8-openjdk/jre/classes"/>
    <property name="sun.management.compiler" value="HotSpot 64-Bit Tiered Compilers"/>
    <property name="java.runtime.version" value="1.8.0_212-b04"/>
    <property name="java.net.preferIPv4Stack" value="true"/>
    <property name="user.name" value="jenkins1000"/>
    <property name="path.separator" value=":"/>
    <property name="java.security.egd" value="file:///dev/urandom"/>
    <property name="os.version" value="3.10.0-957.12.2.el7.x86_64"/>
    <property name="java.endorsed.dirs" value="/usr/lib/jvm/java-1.8-openjdk/jre/lib/endorsed"/>
    <property name="java.runtime.name" value="OpenJDK Runtime Environment"/>
    <property name="file.encoding" value="UTF-8"/>
    <property name="java.vm.name" value="OpenJDK 64-Bit Server VM"/>
    <property name="test.build.webapps" value=""/>
    <property name="localRepository" value="/home/user/.m2/repository"/>
    <property name="java.vendor.url.bug" value="https://icedtea.classpath.org/bugzilla"/>
    <property name="java.io.tmpdir" value="/tmp"/>
    <property name="require.test.libhadoop" value=""/>
    <property name="java.version" value="1.8.0_212"/>
    <property name="user.dir" value="/workdir/hadoop-ozone/integration-test"/>
    <property name="os.arch" value="amd64"/>
    <property name="java.vm.specification.name" value="Java Virtual Machine Specification"/>
    <property name="test.build.classes" value="/workdir/hadoop-ozone/integration-test/target/test-classes"/>
    <property name="java.awt.printerjob" value="sun.print.PSPrinterJob"/>
    <property name="sun.os.patch.level" value="unknown"/>
    <property name="hadoop.tmp.dir" value="/workdir/hadoop-ozone/integration-test/target/tmp"/>
    <property name="java.library.path" value="/usr/lib/jvm/java-1.8-openjdk/jre/lib/amd64/server:/usr/lib/jvm/java-1.8-openjdk/jre/lib/amd64:/usr/lib/jvm/java-1.8-openjdk/jre/../lib/amd64:/workdir/hadoop-ozone/integration-test/target/native/target/usr/local/lib:/workdir/hadoop-ozone/integration-test/../../hadoop-common-project/hadoop-common/target/native/target/usr/local/lib:/usr/java/packages/lib/amd64:/usr/lib64:/lib64:/lib:/usr/lib"/>
    <property name="java.vm.info" value="mixed mode"/>
    <property name="java.vendor" value="IcedTea"/>
    <property name="java.vm.version" value="25.212-b04"/>
    <property name="java.ext.dirs" value="/usr/lib/jvm/java-1.8-openjdk/jre/lib/ext:/usr/java/packages/lib/ext"/>
    <property name="sun.io.unicode.encoding" value="UnicodeLittle"/>
    <property name="java.class.version" value="52.0"/>
  </properties>
  <testcase name="test2DatanodesFailure" classname="org.apache.hadoop.ozone.client.rpc.TestBlockOutputStreamWithFailures" time="44.865">
    <failure message="expected:&lt;5&gt; but was:&lt;6&gt;" type="java.lang.AssertionError"><![CDATA[java.lang.AssertionError: expected:<5> but was:<6>
	at org.junit.Assert.fail(Assert.java:88)
	at org.junit.Assert.failNotEquals(Assert.java:743)
	at org.junit.Assert.assertEquals(Assert.java:118)
	at org.junit.Assert.assertEquals(Assert.java:555)
	at org.junit.Assert.assertEquals(Assert.java:542)
	at org.apache.hadoop.ozone.client.rpc.TestBlockOutputStreamWithFailures.test2DatanodesFailure(TestBlockOutputStreamWithFailures.java:467)
	at sun.reflect.NativeMethodAccessorImpl.invoke0(Native Method)
	at sun.reflect.NativeMethodAccessorImpl.invoke(NativeMethodAccessorImpl.java:62)
	at sun.reflect.DelegatingMethodAccessorImpl.invoke(DelegatingMethodAccessorImpl.java:43)
	at java.lang.reflect.Method.invoke(Method.java:498)
	at org.junit.runners.model.FrameworkMethod$1.runReflectiveCall(FrameworkMethod.java:47)
	at org.junit.internal.runners.model.ReflectiveCallable.run(ReflectiveCallable.java:12)
	at org.junit.runners.model.FrameworkMethod.invokeExplosively(FrameworkMethod.java:44)
	at org.junit.internal.runners.statements.InvokeMethod.evaluate(InvokeMethod.java:17)
	at org.junit.internal.runners.statements.RunBefores.evaluate(RunBefores.java:26)
	at org.junit.internal.runners.statements.RunAfters.evaluate(RunAfters.java:27)
	at org.junit.runners.ParentRunner.runLeaf(ParentRunner.java:271)
	at org.junit.runners.BlockJUnit4ClassRunner.runChild(BlockJUnit4ClassRunner.java:70)
	at org.junit.runners.BlockJUnit4ClassRunner.runChild(BlockJUnit4ClassRunner.java:50)
	at org.junit.runners.ParentRunner$3.run(ParentRunner.java:238)
	at org.junit.runners.ParentRunner$1.schedule(ParentRunner.java:63)
	at org.junit.runners.ParentRunner.runChildren(ParentRunner.java:236)
	at org.junit.runners.ParentRunner.access$000(ParentRunner.java:53)
	at org.junit.runners.ParentRunner$2.evaluate(ParentRunner.java:229)
	at org.junit.runners.ParentRunner.run(ParentRunner.java:309)
	at org.apache.maven.surefire.junit4.JUnit4Provider.execute(JUnit4Provider.java:365)
	at org.apache.maven.surefire.junit4.JUnit4Provider.executeWithRerun(JUnit4Provider.java:273)
	at org.apache.maven.surefire.junit4.JUnit4Provider.executeTestSet(JUnit4Provider.java:238)
	at org.apache.maven.surefire.junit4.JUnit4Provider.invoke(JUnit4Provider.java:159)
	at org.apache.maven.surefire.booter.ForkedBooter.invokeProviderInSameClassLoader(ForkedBooter.java:384)
	at org.apache.maven.surefire.booter.ForkedBooter.runSuitesInProcess(ForkedBooter.java:345)
	at org.apache.maven.surefire.booter.ForkedBooter.execute(ForkedBooter.java:126)
	at org.apache.maven.surefire.booter.ForkedBooter.main(ForkedBooter.java:418)
]]></failure>
    <system-out><![CDATA[2019-10-07 12:25:59,901 [main] WARN  server.ServerUtils (ServerUtils.java:getScmDbDir(145)) - ozone.scm.db.dirs is not configured. We recommend adding this setting. Falling back to ozone.metadata.dirs instead.
2019-10-07 12:26:00,013 [main] WARN  server.ServerUtils (ServerUtils.java:getScmDbDir(145)) - ozone.scm.db.dirs is not configured. We recommend adding this setting. Falling back to ozone.metadata.dirs instead.
2019-10-07 12:26:00,018 [main] WARN  server.ServerUtils (ServerUtils.java:getScmDbDir(145)) - ozone.scm.db.dirs is not configured. We recommend adding this setting. Falling back to ozone.metadata.dirs instead.
2019-10-07 12:26:00,049 [main] INFO  util.log (Log.java:initialized(192)) - Logging initialized @860ms
2019-10-07 12:26:00,149 [main] INFO  db.DBStoreBuilder (DBStoreBuilder.java:addTable(117)) - using custom profile for table: deletedBlocks
2019-10-07 12:26:00,149 [main] INFO  db.DBStoreBuilder (DBStoreBuilder.java:processTables(168)) - Using default column profile:DBProfile.DISK for Table:deletedBlocks
2019-10-07 12:26:00,150 [main] INFO  db.DBStoreBuilder (DBStoreBuilder.java:addTable(117)) - using custom profile for table: validCerts
2019-10-07 12:26:00,150 [main] INFO  db.DBStoreBuilder (DBStoreBuilder.java:processTables(168)) - Using default column profile:DBProfile.DISK for Table:validCerts
2019-10-07 12:26:00,150 [main] INFO  db.DBStoreBuilder (DBStoreBuilder.java:addTable(117)) - using custom profile for table: revokedCerts
2019-10-07 12:26:00,150 [main] INFO  db.DBStoreBuilder (DBStoreBuilder.java:processTables(168)) - Using default column profile:DBProfile.DISK for Table:revokedCerts
2019-10-07 12:26:00,162 [main] INFO  db.DBStoreBuilder (DBStoreBuilder.java:addTable(117)) - using custom profile for table: default
2019-10-07 12:26:00,162 [main] INFO  db.DBStoreBuilder (DBStoreBuilder.java:processTables(174)) - Using default column profile:DBProfile.DISK for Table:default
2019-10-07 12:26:00,163 [main] INFO  db.DBStoreBuilder (DBStoreBuilder.java:getDbProfile(205)) - Using default options. DBProfile.DISK
2019-10-07 12:26:00,403 [main] INFO  net.NodeSchemaLoader (NodeSchemaLoader.java:loadSchemaFromFile(125)) - Loading file from sun.misc.CompoundEnumeration@28701274
2019-10-07 12:26:00,406 [main] INFO  net.NodeSchemaLoader (NodeSchemaLoader.java:loadSchema(171)) - Loading network topology layer schema file
2019-10-07 12:26:00,488 [main] INFO  node.SCMNodeManager (SCMNodeManager.java:<init>(116)) - Entering startup safe mode.
2019-10-07 12:26:00,566 [main] INFO  algorithms.ContainerPlacementPolicyFactory (ContainerPlacementPolicyFactory.java:getPolicy(57)) - Create container placement policy of type org.apache.hadoop.hdds.scm.container.placement.algorithms.SCMContainerPlacementRandom
2019-10-07 12:26:00,580 [main] WARN  server.ServerUtils (ServerUtils.java:getScmDbDir(145)) - ozone.scm.db.dirs is not configured. We recommend adding this setting. Falling back to ozone.metadata.dirs instead.
2019-10-07 12:26:00,639 [main] INFO  pipeline.SCMPipelineManager (SCMPipelineManager.java:initializePipelineState(132)) - No pipeline exists in current db
2019-10-07 12:26:00,642 [main] WARN  server.ServerUtils (ServerUtils.java:getScmDbDir(145)) - ozone.scm.db.dirs is not configured. We recommend adding this setting. Falling back to ozone.metadata.dirs instead.
2019-10-07 12:26:00,737 [main] WARN  events.EventQueue (EventQueue.java:fireEvent(183)) - No event handler registered for event TypedEvent{payloadType=SafeModeStatus, name='SafeModeStatus'}
2019-10-07 12:26:01,103 [main] INFO  ipc.CallQueueManager (CallQueueManager.java:<init>(84)) - Using callQueue: class java.util.concurrent.LinkedBlockingQueue, queueCapacity: 2000, scheduler: class org.apache.hadoop.ipc.DefaultRpcScheduler, ipcBackoff: false.
2019-10-07 12:26:01,131 [Socket Reader #1 for port 41365] INFO  ipc.Server (Server.java:run(1074)) - Starting Socket Reader #1 for port 41365
2019-10-07 12:26:01,262 [main] INFO  ipc.CallQueueManager (CallQueueManager.java:<init>(84)) - Using callQueue: class java.util.concurrent.LinkedBlockingQueue, queueCapacity: 2000, scheduler: class org.apache.hadoop.ipc.DefaultRpcScheduler, ipcBackoff: false.
2019-10-07 12:26:01,263 [Socket Reader #1 for port 35819] INFO  ipc.Server (Server.java:run(1074)) - Starting Socket Reader #1 for port 35819
2019-10-07 12:26:01,274 [main] INFO  ipc.CallQueueManager (CallQueueManager.java:<init>(84)) - Using callQueue: class java.util.concurrent.LinkedBlockingQueue, queueCapacity: 2000, scheduler: class org.apache.hadoop.ipc.DefaultRpcScheduler, ipcBackoff: false.
2019-10-07 12:26:01,275 [Socket Reader #1 for port 39843] INFO  ipc.Server (Server.java:run(1074)) - Starting Socket Reader #1 for port 39843
2019-10-07 12:26:01,298 [main] INFO  hdfs.DFSUtil (DFSUtil.java:httpServerTemplateForNNAndJN(1641)) - Starting Web-server for scm at: http://0.0.0.0:0
2019-10-07 12:26:01,469 [main] INFO  server.AuthenticationFilter (AuthenticationFilter.java:constructSecretProvider(240)) - Unable to initialize FileSignerSecretProvider, falling back to use random secrets.
2019-10-07 12:26:01,476 [main] WARN  http.HttpRequestLog (HttpRequestLog.java:getRequestLog(97)) - Jetty request log can only be enabled using Log4j
2019-10-07 12:26:01,485 [main] INFO  http.HttpServer2 (HttpServer2.java:addGlobalFilter(975)) - Added global filter 'safety' (class=org.apache.hadoop.http.HttpServer2$QuotingInputFilter)
2019-10-07 12:26:01,487 [main] INFO  http.HttpServer2 (HttpServer2.java:addFilter(948)) - Added filter static_user_filter (class=org.apache.hadoop.http.lib.StaticUserWebFilter$StaticUserFilter) to context scm
2019-10-07 12:26:01,487 [main] INFO  http.HttpServer2 (HttpServer2.java:addFilter(958)) - Added filter static_user_filter (class=org.apache.hadoop.http.lib.StaticUserWebFilter$StaticUserFilter) to context logs
2019-10-07 12:26:01,488 [main] INFO  http.HttpServer2 (HttpServer2.java:addFilter(958)) - Added filter static_user_filter (class=org.apache.hadoop.http.lib.StaticUserWebFilter$StaticUserFilter) to context static
2019-10-07 12:26:01,515 [main] INFO  server.StorageContainerManager (StorageContainerManager.java:start(770)) - StorageContainerLocationProtocol RPC server is listening at /0.0.0.0:39843
2019-10-07 12:26:01,592 [main] WARN  impl.MetricsConfig (MetricsConfig.java:loadFirst(134)) - Cannot locate configuration: tried hadoop-metrics2-storagecontainermanager.properties,hadoop-metrics2.properties
2019-10-07 12:26:01,607 [main] INFO  impl.MetricsSystemImpl (MetricsSystemImpl.java:startTimer(374)) - Scheduled Metric snapshot period at 10 second(s).
2019-10-07 12:26:01,608 [main] INFO  impl.MetricsSystemImpl (MetricsSystemImpl.java:start(191)) - StorageContainerManager metrics system started
2019-10-07 12:26:01,873 [main] INFO  server.SCMClientProtocolServer (SCMClientProtocolServer.java:start(159)) - RPC server for Client  is listening at /0.0.0.0:39843
2019-10-07 12:26:01,874 [IPC Server Responder] INFO  ipc.Server (Server.java:run(1314)) - IPC Server Responder: starting
2019-10-07 12:26:01,874 [IPC Server listener on 39843] INFO  ipc.Server (Server.java:run(1153)) - IPC Server listener on 39843: starting
2019-10-07 12:26:01,877 [main] INFO  server.StorageContainerManager (StorageContainerManager.java:start(780)) - ScmBlockLocationProtocol RPC server is listening at /0.0.0.0:35819
2019-10-07 12:26:01,877 [main] INFO  server.SCMBlockProtocolServer (SCMBlockProtocolServer.java:start(146)) - RPC server for Block Protocol is listening at /0.0.0.0:35819
2019-10-07 12:26:01,878 [IPC Server Responder] INFO  ipc.Server (Server.java:run(1314)) - IPC Server Responder: starting
2019-10-07 12:26:01,878 [IPC Server listener on 35819] INFO  ipc.Server (Server.java:run(1153)) - IPC Server listener on 35819: starting
2019-10-07 12:26:01,880 [main] INFO  server.StorageContainerManager (StorageContainerManager.java:start(784)) - ScmDatanodeProtocl RPC server is listening at /0.0.0.0:41365
2019-10-07 12:26:01,880 [main] INFO  server.SCMDatanodeProtocolServer (SCMDatanodeProtocolServer.java:start(169)) - RPC server for DataNodes is listening at /0.0.0.0:41365
2019-10-07 12:26:01,881 [IPC Server Responder] INFO  ipc.Server (Server.java:run(1314)) - IPC Server Responder: starting
2019-10-07 12:26:01,881 [IPC Server listener on 41365] INFO  ipc.Server (Server.java:run(1153)) - IPC Server listener on 41365: starting
2019-10-07 12:26:01,885 [main] INFO  http.HttpServer2 (HttpServer2.java:bindListener(1191)) - Jetty bound to port 37210
2019-10-07 12:26:01,886 [main] INFO  server.Server (Server.java:doStart(351)) - jetty-9.3.25.v20180904, build timestamp: 2018-09-04T21:11:46Z, git hash: 3ce520221d0240229c862b122d2b06c12a625732
2019-10-07 12:26:01,924 [main] INFO  handler.ContextHandler (ContextHandler.java:doStart(781)) - Started o.e.j.s.ServletContextHandler@7a560583{/logs,file:///workdir/hadoop-ozone/integration-test/target/log,AVAILABLE}
2019-10-07 12:26:01,925 [main] INFO  handler.ContextHandler (ContextHandler.java:doStart(781)) - Started o.e.j.s.ServletContextHandler@53f0a4cb{/static,file:///workdir/hadoop-ozone/integration-test/target/test-classes/webapps/static,AVAILABLE}
2019-10-07 12:26:01,958 [main] INFO  handler.ContextHandler (ContextHandler.java:doStart(781)) - Started o.e.j.w.WebAppContext@6970140a{/,file:///workdir/hadoop-ozone/integration-test/target/test-classes/webapps/scm/,AVAILABLE}{/scm}
2019-10-07 12:26:01,963 [main] INFO  server.AbstractConnector (AbstractConnector.java:doStart(278)) - Started ServerConnector@1c32886a{HTTP/1.1,[http/1.1]}{0.0.0.0:37210}
2019-10-07 12:26:01,964 [main] INFO  server.Server (Server.java:doStart(419)) - Started @2774ms
2019-10-07 12:26:01,966 [main] INFO  impl.MetricsSinkAdapter (MetricsSinkAdapter.java:start(204)) - Sink prometheus started
2019-10-07 12:26:01,966 [main] INFO  impl.MetricsSystemImpl (MetricsSystemImpl.java:registerSink(301)) - Registered sink prometheus
2019-10-07 12:26:01,967 [main] INFO  server.BaseHttpServer (BaseHttpServer.java:updateConnectorAddress(215)) - HTTP server of SCM is listening at http://0.0.0.0:37210
2019-10-07 12:26:01,976 [org.apache.hadoop.util.JvmPauseMonitor$Monitor@62d363ab] INFO  util.JvmPauseMonitor (JvmPauseMonitor.java:run(188)) - Starting JVM pause monitor
2019-10-07 12:26:01,982 [main] WARN  server.ServerUtils (ServerUtils.java:getDBPath(222)) - ozone.om.db.dirs is not configured. We recommend adding this setting. Falling back to ozone.metadata.dirs instead.
2019-10-07 12:26:02,114 [main] INFO  ha.OMHANodeDetails (OMHANodeDetails.java:loadOMHAConfig(190)) - Configuration either no ozone.om.address set. Falling back to the default OM address /127.0.0.1:0
2019-10-07 12:26:02,114 [main] INFO  ha.OMHANodeDetails (OMHANodeDetails.java:getOMNodeDetails(220)) - OM Service ID is not set. Setting it to the default ID: omServiceIdDefault
2019-10-07 12:26:02,116 [main] WARN  server.ServerUtils (ServerUtils.java:getDBPath(222)) - ozone.om.db.dirs is not configured. We recommend adding this setting. Falling back to ozone.metadata.dirs instead.
2019-10-07 12:26:02,117 [main] WARN  server.ServerUtils (ServerUtils.java:getDBPath(222)) - ozone.om.db.dirs is not configured. We recommend adding this setting. Falling back to ozone.metadata.dirs instead.
2019-10-07 12:26:02,888 [main] WARN  server.ServerUtils (ServerUtils.java:getDBPath(222)) - ozone.om.db.dirs is not configured. We recommend adding this setting. Falling back to ozone.metadata.dirs instead.
2019-10-07 12:26:02,897 [main] INFO  db.DBStoreBuilder (DBStoreBuilder.java:addTable(117)) - using custom profile for table: userTable
2019-10-07 12:26:02,897 [main] INFO  db.DBStoreBuilder (DBStoreBuilder.java:processTables(168)) - Using default column profile:DBProfile.DISK for Table:userTable
2019-10-07 12:26:02,898 [main] INFO  db.DBStoreBuilder (DBStoreBuilder.java:addTable(117)) - using custom profile for table: volumeTable
2019-10-07 12:26:02,898 [main] INFO  db.DBStoreBuilder (DBStoreBuilder.java:processTables(168)) - Using default column profile:DBProfile.DISK for Table:volumeTable
2019-10-07 12:26:02,898 [main] INFO  db.DBStoreBuilder (DBStoreBuilder.java:addTable(117)) - using custom profile for table: bucketTable
2019-10-07 12:26:02,899 [main] INFO  db.DBStoreBuilder (DBStoreBuilder.java:processTables(168)) - Using default column profile:DBProfile.DISK for Table:bucketTable
2019-10-07 12:26:02,899 [main] INFO  db.DBStoreBuilder (DBStoreBuilder.java:addTable(117)) - using custom profile for table: keyTable
2019-10-07 12:26:02,899 [main] INFO  db.DBStoreBuilder (DBStoreBuilder.java:processTables(168)) - Using default column profile:DBProfile.DISK for Table:keyTable
2019-10-07 12:26:02,899 [main] INFO  db.DBStoreBuilder (DBStoreBuilder.java:addTable(117)) - using custom profile for table: deletedTable
2019-10-07 12:26:02,900 [main] INFO  db.DBStoreBuilder (DBStoreBuilder.java:processTables(168)) - Using default column profile:DBProfile.DISK for Table:deletedTable
2019-10-07 12:26:02,900 [main] INFO  db.DBStoreBuilder (DBStoreBuilder.java:addTable(117)) - using custom profile for table: openKeyTable
2019-10-07 12:26:02,900 [main] INFO  db.DBStoreBuilder (DBStoreBuilder.java:processTables(168)) - Using default column profile:DBProfile.DISK for Table:openKeyTable
2019-10-07 12:26:02,901 [main] INFO  db.DBStoreBuilder (DBStoreBuilder.java:addTable(117)) - using custom profile for table: s3Table
2019-10-07 12:26:02,901 [main] INFO  db.DBStoreBuilder (DBStoreBuilder.java:processTables(168)) - Using default column profile:DBProfile.DISK for Table:s3Table
2019-10-07 12:26:02,901 [main] INFO  db.DBStoreBuilder (DBStoreBuilder.java:addTable(117)) - using custom profile for table: multipartInfoTable
2019-10-07 12:26:02,901 [main] INFO  db.DBStoreBuilder (DBStoreBuilder.java:processTables(168)) - Using default column profile:DBProfile.DISK for Table:multipartInfoTable
2019-10-07 12:26:02,902 [main] INFO  db.DBStoreBuilder (DBStoreBuilder.java:addTable(117)) - using custom profile for table: dTokenTable
2019-10-07 12:26:02,902 [main] INFO  db.DBStoreBuilder (DBStoreBuilder.java:processTables(168)) - Using default column profile:DBProfile.DISK for Table:dTokenTable
2019-10-07 12:26:02,902 [main] INFO  db.DBStoreBuilder (DBStoreBuilder.java:addTable(117)) - using custom profile for table: s3SecretTable
2019-10-07 12:26:02,902 [main] INFO  db.DBStoreBuilder (DBStoreBuilder.java:processTables(168)) - Using default column profile:DBProfile.DISK for Table:s3SecretTable
2019-10-07 12:26:02,903 [main] INFO  db.DBStoreBuilder (DBStoreBuilder.java:addTable(117)) - using custom profile for table: prefixTable
2019-10-07 12:26:02,903 [main] INFO  db.DBStoreBuilder (DBStoreBuilder.java:processTables(168)) - Using default column profile:DBProfile.DISK for Table:prefixTable
2019-10-07 12:26:02,903 [main] INFO  db.DBStoreBuilder (DBStoreBuilder.java:addTable(117)) - using custom profile for table: default
2019-10-07 12:26:02,904 [main] INFO  db.DBStoreBuilder (DBStoreBuilder.java:processTables(174)) - Using default column profile:DBProfile.DISK for Table:default
2019-10-07 12:26:02,904 [main] INFO  db.DBStoreBuilder (DBStoreBuilder.java:getDbProfile(205)) - Using default options. DBProfile.DISK
2019-10-07 12:26:03,461 [main] INFO  ipc.CallQueueManager (CallQueueManager.java:<init>(84)) - Using callQueue: class java.util.concurrent.LinkedBlockingQueue, queueCapacity: 2000, scheduler: class org.apache.hadoop.ipc.DefaultRpcScheduler, ipcBackoff: false.
2019-10-07 12:26:03,462 [Socket Reader #1 for port 42920] INFO  ipc.Server (Server.java:run(1074)) - Starting Socket Reader #1 for port 42920
2019-10-07 12:26:03,484 [main] INFO  om.OzoneManager (OzoneManager.java:start(1069)) - OzoneManager RPC server is listening at localhost/127.0.0.1:42920
2019-10-07 12:26:03,484 [main] INFO  impl.MetricsSystemImpl (MetricsSystemImpl.java:init(158)) - OzoneManager metrics system started (again)
2019-10-07 12:26:03,494 [IPC Server Responder] INFO  ipc.Server (Server.java:run(1314)) - IPC Server Responder: starting
2019-10-07 12:26:03,494 [IPC Server listener on 42920] INFO  ipc.Server (Server.java:run(1153)) - IPC Server listener on 42920: starting
2019-10-07 12:26:03,502 [main] INFO  hdfs.DFSUtil (DFSUtil.java:httpServerTemplateForNNAndJN(1641)) - Starting Web-server for ozoneManager at: http://0.0.0.0:0
2019-10-07 12:26:03,504 [main] INFO  server.AuthenticationFilter (AuthenticationFilter.java:constructSecretProvider(240)) - Unable to initialize FileSignerSecretProvider, falling back to use random secrets.
2019-10-07 12:26:03,505 [main] WARN  http.HttpRequestLog (HttpRequestLog.java:getRequestLog(97)) - Jetty request log can only be enabled using Log4j
2019-10-07 12:26:03,507 [main] INFO  http.HttpServer2 (HttpServer2.java:addGlobalFilter(975)) - Added global filter 'safety' (class=org.apache.hadoop.http.HttpServer2$QuotingInputFilter)
2019-10-07 12:26:03,508 [main] INFO  http.HttpServer2 (HttpServer2.java:addFilter(948)) - Added filter static_user_filter (class=org.apache.hadoop.http.lib.StaticUserWebFilter$StaticUserFilter) to context ozoneManager
2019-10-07 12:26:03,509 [main] INFO  http.HttpServer2 (HttpServer2.java:addFilter(958)) - Added filter static_user_filter (class=org.apache.hadoop.http.lib.StaticUserWebFilter$StaticUserFilter) to context static
2019-10-07 12:26:03,509 [main] INFO  http.HttpServer2 (HttpServer2.java:addFilter(958)) - Added filter static_user_filter (class=org.apache.hadoop.http.lib.StaticUserWebFilter$StaticUserFilter) to context logs
2019-10-07 12:26:03,511 [main] INFO  http.HttpServer2 (HttpServer2.java:bindListener(1191)) - Jetty bound to port 34789
2019-10-07 12:26:03,512 [main] INFO  server.Server (Server.java:doStart(351)) - jetty-9.3.25.v20180904, build timestamp: 2018-09-04T21:11:46Z, git hash: 3ce520221d0240229c862b122d2b06c12a625732
2019-10-07 12:26:03,514 [main] INFO  handler.ContextHandler (ContextHandler.java:doStart(781)) - Started o.e.j.s.ServletContextHandler@3eed0f5{/logs,file:///workdir/hadoop-ozone/integration-test/target/log,AVAILABLE}
2019-10-07 12:26:03,515 [main] INFO  handler.ContextHandler (ContextHandler.java:doStart(781)) - Started o.e.j.s.ServletContextHandler@2032e725{/static,file:///workdir/hadoop-ozone/integration-test/target/test-classes/webapps/static,AVAILABLE}
2019-10-07 12:26:03,520 [main] INFO  handler.ContextHandler (ContextHandler.java:doStart(781)) - Started o.e.j.w.WebAppContext@660591fb{/,file:///workdir/hadoop-ozone/integration-test/target/test-classes/webapps/ozoneManager/,AVAILABLE}{/ozoneManager}
2019-10-07 12:26:03,522 [main] INFO  server.AbstractConnector (AbstractConnector.java:doStart(278)) - Started ServerConnector@4a55a6e8{HTTP/1.1,[http/1.1]}{0.0.0.0:34789}
2019-10-07 12:26:03,523 [main] INFO  server.Server (Server.java:doStart(419)) - Started @4333ms
2019-10-07 12:26:03,523 [main] WARN  impl.MetricsSystemImpl (MetricsSystemImpl.java:register(276)) - Sink prometheus already exists!
2019-10-07 12:26:03,523 [main] INFO  server.BaseHttpServer (BaseHttpServer.java:updateConnectorAddress(215)) - HTTP server of OZONEMANAGER is listening at http://0.0.0.0:34789
2019-10-07 12:26:03,837 [main] INFO  impl.MetricsSystemImpl (MetricsSystemImpl.java:init(158)) - HddsDatanode metrics system started (again)
2019-10-07 12:26:03,894 [main] INFO  ozone.HddsDatanodeService (HddsDatanodeService.java:start(184)) - HddsDatanodeService host:pr-hdds-2262-rg9fl-2107095119 ip:192.168.30.23
2019-10-07 12:26:03,927 [main] INFO  volume.HddsVolume (HddsVolume.java:<init>(176)) - Creating Volume: /workdir/hadoop-ozone/integration-test/target/test-dir/MiniOzoneClusterImpl-778dd385-233b-4e0e-8595-44f312773a1c/datanode-0/data/containers/hdds of  storage type : DISK and capacity : 1482555576320
2019-10-07 12:26:03,929 [main] INFO  volume.VolumeSet (VolumeSet.java:initializeVolumeSet(170)) - Added Volume : /workdir/hadoop-ozone/integration-test/target/test-dir/MiniOzoneClusterImpl-778dd385-233b-4e0e-8595-44f312773a1c/datanode-0/data/containers/hdds to VolumeSet
2019-10-07 12:26:03,932 [main] INFO  volume.ThrottledAsyncChecker (ThrottledAsyncChecker.java:schedule(139)) - Scheduling a check for org.apache.hadoop.ozone.container.common.volume.HddsVolume@1f6d27cc
2019-10-07 12:26:03,948 [main] INFO  volume.HddsVolumeChecker (HddsVolumeChecker.java:checkAllVolumes(202)) - Scheduled health check for volume org.apache.hadoop.ozone.container.common.volume.HddsVolume@1f6d27cc
2019-10-07 12:26:04,058 [main] INFO  impl.RaftServerProxy (ConfUtils.java:logGet(43)) - raft.rpc.type = GRPC (default)
2019-10-07 12:26:04,123 [main] INFO  grpc.GrpcFactory (GrpcFactory.java:checkPooledByteBufAllocatorUseCacheForAllThreads(45)) - PERFORMANCE WARNING: useCacheForAllThreads is true that may cause Netty to create a lot garbage objects and, as a result, trigger GC.
	It is recommended to disable useCacheForAllThreads by setting -Dorg.apache.ratis.thirdparty.io.netty.allocator.useCacheForAllThreads=false in command line.
2019-10-07 12:26:04,128 [main] INFO  grpc.GrpcConfigKeys$Server (ConfUtils.java:logGet(43)) - raft.grpc.server.port = 0 (default)
2019-10-07 12:26:04,129 [main] INFO  server.GrpcService (ConfUtils.java:logGet(43)) - raft.grpc.message.size.max = 33570816 (custom)
2019-10-07 12:26:04,131 [main] INFO  server.RaftServerConfigKeys (ConfUtils.java:logGet(43)) - raft.server.log.appender.buffer.byte-limit = 33554432 (custom)
2019-10-07 12:26:04,131 [main] INFO  server.GrpcService (ConfUtils.java:logGet(43)) - raft.grpc.flow.control.window = 1MB (=1048576) (default)
2019-10-07 12:26:04,132 [main] INFO  server.RaftServerConfigKeys (ConfUtils.java:logGet(43)) - raft.server.rpc.request.timeout = 3000ms (default)
2019-10-07 12:26:04,298 [main] INFO  server.RaftServerConfigKeys (ConfUtils.java:logGet(43)) - raft.server.storage.dir = [/workdir/hadoop-ozone/integration-test/target/test-dir/MiniOzoneClusterImpl-778dd385-233b-4e0e-8595-44f312773a1c/datanode-0/data/ratis] (custom)
2019-10-07 12:26:04,352 [main] INFO  hdfs.DFSUtil (DFSUtil.java:httpServerTemplateForNNAndJN(1641)) - Starting Web-server for hddsDatanode at: http://0.0.0.0:0
2019-10-07 12:26:04,354 [main] INFO  server.AuthenticationFilter (AuthenticationFilter.java:constructSecretProvider(240)) - Unable to initialize FileSignerSecretProvider, falling back to use random secrets.
2019-10-07 12:26:04,355 [main] WARN  http.HttpRequestLog (HttpRequestLog.java:getRequestLog(97)) - Jetty request log can only be enabled using Log4j
2019-10-07 12:26:04,357 [main] INFO  http.HttpServer2 (HttpServer2.java:addGlobalFilter(975)) - Added global filter 'safety' (class=org.apache.hadoop.http.HttpServer2$QuotingInputFilter)
2019-10-07 12:26:04,358 [main] INFO  http.HttpServer2 (HttpServer2.java:addFilter(948)) - Added filter static_user_filter (class=org.apache.hadoop.http.lib.StaticUserWebFilter$StaticUserFilter) to context hddsDatanode
2019-10-07 12:26:04,358 [main] INFO  http.HttpServer2 (HttpServer2.java:addFilter(958)) - Added filter static_user_filter (class=org.apache.hadoop.http.lib.StaticUserWebFilter$StaticUserFilter) to context logs
2019-10-07 12:26:04,358 [main] INFO  http.HttpServer2 (HttpServer2.java:addFilter(958)) - Added filter static_user_filter (class=org.apache.hadoop.http.lib.StaticUserWebFilter$StaticUserFilter) to context static
2019-10-07 12:26:04,360 [main] INFO  http.HttpServer2 (HttpServer2.java:bindListener(1191)) - Jetty bound to port 39235
2019-10-07 12:26:04,360 [main] INFO  server.Server (Server.java:doStart(351)) - jetty-9.3.25.v20180904, build timestamp: 2018-09-04T21:11:46Z, git hash: 3ce520221d0240229c862b122d2b06c12a625732
2019-10-07 12:26:04,362 [main] INFO  handler.ContextHandler (ContextHandler.java:doStart(781)) - Started o.e.j.s.ServletContextHandler@421056e5{/logs,file:///workdir/hadoop-ozone/integration-test/target/log,AVAILABLE}
2019-10-07 12:26:04,363 [main] INFO  handler.ContextHandler (ContextHandler.java:doStart(781)) - Started o.e.j.s.ServletContextHandler@60bbacfc{/static,jar:file:/home/user/.m2/repository/org/apache/hadoop/hadoop-hdds-container-service/0.5.0-SNAPSHOT/hadoop-hdds-container-service-0.5.0-SNAPSHOT.jar!/webapps/static,AVAILABLE}
2019-10-07 12:26:04,397 [main] INFO  handler.ContextHandler (ContextHandler.java:doStart(781)) - Started o.e.j.w.WebAppContext@46963479{/,file:///tmp/jetty-0.0.0.0-39235-hddsDatanode-_-any-1010517671763801878.dir/webapp/,AVAILABLE}{/hddsDatanode}
2019-10-07 12:26:04,399 [main] INFO  server.AbstractConnector (AbstractConnector.java:doStart(278)) - Started ServerConnector@7e74a380{HTTP/1.1,[http/1.1]}{0.0.0.0:39235}
2019-10-07 12:26:04,399 [main] INFO  server.Server (Server.java:doStart(419)) - Started @5210ms
2019-10-07 12:26:04,400 [main] WARN  impl.MetricsSystemImpl (MetricsSystemImpl.java:register(276)) - Sink prometheus already exists!
2019-10-07 12:26:04,401 [main] INFO  server.BaseHttpServer (BaseHttpServer.java:updateConnectorAddress(215)) - HTTP server of HDDSDATANODE is listening at http://0.0.0.0:39235
2019-10-07 12:26:04,403 [main] INFO  impl.MetricsSystemImpl (MetricsSystemImpl.java:init(158)) - HddsDatanode metrics system started (again)
2019-10-07 12:26:04,407 [main] INFO  ozone.HddsDatanodeService (HddsDatanodeService.java:start(184)) - HddsDatanodeService host:pr-hdds-2262-rg9fl-2107095119 ip:192.168.30.23
2019-10-07 12:26:04,408 [org.apache.hadoop.util.JvmPauseMonitor$Monitor@3f59c7be] INFO  util.JvmPauseMonitor (JvmPauseMonitor.java:run(188)) - Starting JVM pause monitor
2019-10-07 12:26:04,424 [main] INFO  volume.HddsVolume (HddsVolume.java:<init>(176)) - Creating Volume: /workdir/hadoop-ozone/integration-test/target/test-dir/MiniOzoneClusterImpl-778dd385-233b-4e0e-8595-44f312773a1c/datanode-1/data/containers/hdds of  storage type : DISK and capacity : 1482555576320
2019-10-07 12:26:04,424 [main] INFO  volume.VolumeSet (VolumeSet.java:initializeVolumeSet(170)) - Added Volume : /workdir/hadoop-ozone/integration-test/target/test-dir/MiniOzoneClusterImpl-778dd385-233b-4e0e-8595-44f312773a1c/datanode-1/data/containers/hdds to VolumeSet
2019-10-07 12:26:04,425 [main] INFO  volume.ThrottledAsyncChecker (ThrottledAsyncChecker.java:schedule(139)) - Scheduling a check for org.apache.hadoop.ozone.container.common.volume.HddsVolume@620c8641
2019-10-07 12:26:04,426 [main] INFO  volume.HddsVolumeChecker (HddsVolumeChecker.java:checkAllVolumes(202)) - Scheduled health check for volume org.apache.hadoop.ozone.container.common.volume.HddsVolume@620c8641
2019-10-07 12:26:04,449 [main] INFO  impl.RaftServerProxy (ConfUtils.java:logGet(43)) - raft.rpc.type = GRPC (default)
2019-10-07 12:26:04,449 [main] INFO  grpc.GrpcFactory (GrpcFactory.java:checkPooledByteBufAllocatorUseCacheForAllThreads(45)) - PERFORMANCE WARNING: useCacheForAllThreads is true that may cause Netty to create a lot garbage objects and, as a result, trigger GC.
	It is recommended to disable useCacheForAllThreads by setting -Dorg.apache.ratis.thirdparty.io.netty.allocator.useCacheForAllThreads=false in command line.
2019-10-07 12:26:04,449 [main] INFO  grpc.GrpcConfigKeys$Server (ConfUtils.java:logGet(43)) - raft.grpc.server.port = 0 (default)
2019-10-07 12:26:04,450 [main] INFO  server.GrpcService (ConfUtils.java:logGet(43)) - raft.grpc.message.size.max = 33570816 (custom)
2019-10-07 12:26:04,450 [main] INFO  server.RaftServerConfigKeys (ConfUtils.java:logGet(43)) - raft.server.log.appender.buffer.byte-limit = 33554432 (custom)
2019-10-07 12:26:04,451 [main] INFO  server.GrpcService (ConfUtils.java:logGet(43)) - raft.grpc.flow.control.window = 1MB (=1048576) (default)
2019-10-07 12:26:04,451 [main] INFO  server.RaftServerConfigKeys (ConfUtils.java:logGet(43)) - raft.server.rpc.request.timeout = 3000ms (default)
2019-10-07 12:26:04,452 [main] INFO  server.RaftServerConfigKeys (ConfUtils.java:logGet(43)) - raft.server.storage.dir = [/workdir/hadoop-ozone/integration-test/target/test-dir/MiniOzoneClusterImpl-778dd385-233b-4e0e-8595-44f312773a1c/datanode-1/data/ratis] (custom)
2019-10-07 12:26:04,454 [main] INFO  hdfs.DFSUtil (DFSUtil.java:httpServerTemplateForNNAndJN(1641)) - Starting Web-server for hddsDatanode at: http://0.0.0.0:0
2019-10-07 12:26:04,456 [main] INFO  server.AuthenticationFilter (AuthenticationFilter.java:constructSecretProvider(240)) - Unable to initialize FileSignerSecretProvider, falling back to use random secrets.
2019-10-07 12:26:04,457 [main] WARN  http.HttpRequestLog (HttpRequestLog.java:getRequestLog(97)) - Jetty request log can only be enabled using Log4j
2019-10-07 12:26:04,459 [main] INFO  http.HttpServer2 (HttpServer2.java:addGlobalFilter(975)) - Added global filter 'safety' (class=org.apache.hadoop.http.HttpServer2$QuotingInputFilter)
2019-10-07 12:26:04,460 [main] INFO  http.HttpServer2 (HttpServer2.java:addFilter(948)) - Added filter static_user_filter (class=org.apache.hadoop.http.lib.StaticUserWebFilter$StaticUserFilter) to context hddsDatanode
2019-10-07 12:26:04,460 [main] INFO  http.HttpServer2 (HttpServer2.java:addFilter(958)) - Added filter static_user_filter (class=org.apache.hadoop.http.lib.StaticUserWebFilter$StaticUserFilter) to context static
2019-10-07 12:26:04,460 [main] INFO  http.HttpServer2 (HttpServer2.java:addFilter(958)) - Added filter static_user_filter (class=org.apache.hadoop.http.lib.StaticUserWebFilter$StaticUserFilter) to context logs
2019-10-07 12:26:04,462 [main] INFO  http.HttpServer2 (HttpServer2.java:bindListener(1191)) - Jetty bound to port 44331
2019-10-07 12:26:04,462 [main] INFO  server.Server (Server.java:doStart(351)) - jetty-9.3.25.v20180904, build timestamp: 2018-09-04T21:11:46Z, git hash: 3ce520221d0240229c862b122d2b06c12a625732
2019-10-07 12:26:04,465 [main] INFO  handler.ContextHandler (ContextHandler.java:doStart(781)) - Started o.e.j.s.ServletContextHandler@3c3a0032{/logs,file:///workdir/hadoop-ozone/integration-test/target/log,AVAILABLE}
2019-10-07 12:26:04,466 [main] INFO  handler.ContextHandler (ContextHandler.java:doStart(781)) - Started o.e.j.s.ServletContextHandler@7fdab70c{/static,jar:file:/home/user/.m2/repository/org/apache/hadoop/hadoop-hdds-container-service/0.5.0-SNAPSHOT/hadoop-hdds-container-service-0.5.0-SNAPSHOT.jar!/webapps/static,AVAILABLE}
2019-10-07 12:26:04,504 [main] INFO  handler.ContextHandler (ContextHandler.java:doStart(781)) - Started o.e.j.w.WebAppContext@50850539{/,file:///tmp/jetty-0.0.0.0-44331-hddsDatanode-_-any-2655211133500253971.dir/webapp/,AVAILABLE}{/hddsDatanode}
2019-10-07 12:26:04,505 [main] INFO  server.AbstractConnector (AbstractConnector.java:doStart(278)) - Started ServerConnector@65e21ce3{HTTP/1.1,[http/1.1]}{0.0.0.0:44331}
2019-10-07 12:26:04,506 [main] INFO  server.Server (Server.java:doStart(419)) - Started @5317ms
2019-10-07 12:26:04,506 [main] WARN  impl.MetricsSystemImpl (MetricsSystemImpl.java:register(276)) - Sink prometheus already exists!
2019-10-07 12:26:04,507 [main] INFO  server.BaseHttpServer (BaseHttpServer.java:updateConnectorAddress(215)) - HTTP server of HDDSDATANODE is listening at http://0.0.0.0:44331
2019-10-07 12:26:04,508 [main] INFO  impl.MetricsSystemImpl (MetricsSystemImpl.java:init(158)) - HddsDatanode metrics system started (again)
2019-10-07 12:26:04,511 [org.apache.hadoop.util.JvmPauseMonitor$Monitor@4f4ec49] INFO  util.JvmPauseMonitor (JvmPauseMonitor.java:run(188)) - Starting JVM pause monitor
2019-10-07 12:26:04,511 [main] INFO  ozone.HddsDatanodeService (HddsDatanodeService.java:start(184)) - HddsDatanodeService host:pr-hdds-2262-rg9fl-2107095119 ip:192.168.30.23
2019-10-07 12:26:04,520 [main] INFO  volume.HddsVolume (HddsVolume.java:<init>(176)) - Creating Volume: /workdir/hadoop-ozone/integration-test/target/test-dir/MiniOzoneClusterImpl-778dd385-233b-4e0e-8595-44f312773a1c/datanode-2/data/containers/hdds of  storage type : DISK and capacity : 1482555576320
2019-10-07 12:26:04,520 [main] INFO  volume.VolumeSet (VolumeSet.java:initializeVolumeSet(170)) - Added Volume : /workdir/hadoop-ozone/integration-test/target/test-dir/MiniOzoneClusterImpl-778dd385-233b-4e0e-8595-44f312773a1c/datanode-2/data/containers/hdds to VolumeSet
2019-10-07 12:26:04,520 [main] INFO  volume.ThrottledAsyncChecker (ThrottledAsyncChecker.java:schedule(139)) - Scheduling a check for org.apache.hadoop.ozone.container.common.volume.HddsVolume@77b919a3
2019-10-07 12:26:04,521 [main] INFO  volume.HddsVolumeChecker (HddsVolumeChecker.java:checkAllVolumes(202)) - Scheduled health check for volume org.apache.hadoop.ozone.container.common.volume.HddsVolume@77b919a3
2019-10-07 12:26:04,537 [main] INFO  impl.RaftServerProxy (ConfUtils.java:logGet(43)) - raft.rpc.type = GRPC (default)
2019-10-07 12:26:04,537 [main] INFO  grpc.GrpcFactory (GrpcFactory.java:checkPooledByteBufAllocatorUseCacheForAllThreads(45)) - PERFORMANCE WARNING: useCacheForAllThreads is true that may cause Netty to create a lot garbage objects and, as a result, trigger GC.
	It is recommended to disable useCacheForAllThreads by setting -Dorg.apache.ratis.thirdparty.io.netty.allocator.useCacheForAllThreads=false in command line.
2019-10-07 12:26:04,538 [main] INFO  grpc.GrpcConfigKeys$Server (ConfUtils.java:logGet(43)) - raft.grpc.server.port = 0 (default)
2019-10-07 12:26:04,538 [main] INFO  server.GrpcService (ConfUtils.java:logGet(43)) - raft.grpc.message.size.max = 33570816 (custom)
2019-10-07 12:26:04,538 [main] INFO  server.RaftServerConfigKeys (ConfUtils.java:logGet(43)) - raft.server.log.appender.buffer.byte-limit = 33554432 (custom)
2019-10-07 12:26:04,538 [main] INFO  server.GrpcService (ConfUtils.java:logGet(43)) - raft.grpc.flow.control.window = 1MB (=1048576) (default)
2019-10-07 12:26:04,538 [main] INFO  server.RaftServerConfigKeys (ConfUtils.java:logGet(43)) - raft.server.rpc.request.timeout = 3000ms (default)
2019-10-07 12:26:04,539 [main] INFO  server.RaftServerConfigKeys (ConfUtils.java:logGet(43)) - raft.server.storage.dir = [/workdir/hadoop-ozone/integration-test/target/test-dir/MiniOzoneClusterImpl-778dd385-233b-4e0e-8595-44f312773a1c/datanode-2/data/ratis] (custom)
2019-10-07 12:26:04,539 [Datanode State Machine Thread - 0] INFO  datanode.InitDatanodeState (InitDatanodeState.java:persistContainerDatanodeDetails(140)) - DatanodeDetails is persisted to /workdir/hadoop-ozone/integration-test/target/test-dir/MiniOzoneClusterImpl-778dd385-233b-4e0e-8595-44f312773a1c/datanode-0/meta/datanode.id
2019-10-07 12:26:04,544 [main] INFO  hdfs.DFSUtil (DFSUtil.java:httpServerTemplateForNNAndJN(1641)) - Starting Web-server for hddsDatanode at: http://0.0.0.0:0
2019-10-07 12:26:04,544 [Datanode State Machine Thread - 0] INFO  datanode.InitDatanodeState (InitDatanodeState.java:persistContainerDatanodeDetails(140)) - DatanodeDetails is persisted to /workdir/hadoop-ozone/integration-test/target/test-dir/MiniOzoneClusterImpl-778dd385-233b-4e0e-8595-44f312773a1c/datanode-1/meta/datanode.id
2019-10-07 12:26:04,546 [main] INFO  server.AuthenticationFilter (AuthenticationFilter.java:constructSecretProvider(240)) - Unable to initialize FileSignerSecretProvider, falling back to use random secrets.
2019-10-07 12:26:04,546 [main] WARN  http.HttpRequestLog (HttpRequestLog.java:getRequestLog(97)) - Jetty request log can only be enabled using Log4j
2019-10-07 12:26:04,548 [main] INFO  http.HttpServer2 (HttpServer2.java:addGlobalFilter(975)) - Added global filter 'safety' (class=org.apache.hadoop.http.HttpServer2$QuotingInputFilter)
2019-10-07 12:26:04,548 [main] INFO  http.HttpServer2 (HttpServer2.java:addFilter(948)) - Added filter static_user_filter (class=org.apache.hadoop.http.lib.StaticUserWebFilter$StaticUserFilter) to context hddsDatanode
2019-10-07 12:26:04,549 [main] INFO  http.HttpServer2 (HttpServer2.java:addFilter(958)) - Added filter static_user_filter (class=org.apache.hadoop.http.lib.StaticUserWebFilter$StaticUserFilter) to context static
2019-10-07 12:26:04,549 [main] INFO  http.HttpServer2 (HttpServer2.java:addFilter(958)) - Added filter static_user_filter (class=org.apache.hadoop.http.lib.StaticUserWebFilter$StaticUserFilter) to context logs
2019-10-07 12:26:04,549 [main] INFO  http.HttpServer2 (HttpServer2.java:bindListener(1191)) - Jetty bound to port 35184
2019-10-07 12:26:04,550 [main] INFO  server.Server (Server.java:doStart(351)) - jetty-9.3.25.v20180904, build timestamp: 2018-09-04T21:11:46Z, git hash: 3ce520221d0240229c862b122d2b06c12a625732
2019-10-07 12:26:04,552 [main] INFO  handler.ContextHandler (ContextHandler.java:doStart(781)) - Started o.e.j.s.ServletContextHandler@56da7487{/logs,file:///workdir/hadoop-ozone/integration-test/target/log,AVAILABLE}
2019-10-07 12:26:04,552 [main] INFO  handler.ContextHandler (ContextHandler.java:doStart(781)) - Started o.e.j.s.ServletContextHandler@328d044f{/static,jar:file:/home/user/.m2/repository/org/apache/hadoop/hadoop-hdds-container-service/0.5.0-SNAPSHOT/hadoop-hdds-container-service-0.5.0-SNAPSHOT.jar!/webapps/static,AVAILABLE}
2019-10-07 12:26:04,581 [main] INFO  handler.ContextHandler (ContextHandler.java:doStart(781)) - Started o.e.j.w.WebAppContext@5484117b{/,file:///tmp/jetty-0.0.0.0-35184-hddsDatanode-_-any-5264375813398750134.dir/webapp/,AVAILABLE}{/hddsDatanode}
2019-10-07 12:26:04,582 [main] INFO  server.AbstractConnector (AbstractConnector.java:doStart(278)) - Started ServerConnector@37df14d1{HTTP/1.1,[http/1.1]}{0.0.0.0:35184}
2019-10-07 12:26:04,582 [main] INFO  server.Server (Server.java:doStart(419)) - Started @5393ms
2019-10-07 12:26:04,583 [main] WARN  impl.MetricsSystemImpl (MetricsSystemImpl.java:register(276)) - Sink prometheus already exists!
2019-10-07 12:26:04,584 [main] INFO  server.BaseHttpServer (BaseHttpServer.java:updateConnectorAddress(215)) - HTTP server of HDDSDATANODE is listening at http://0.0.0.0:35184
2019-10-07 12:26:04,585 [main] INFO  impl.MetricsSystemImpl (MetricsSystemImpl.java:init(158)) - HddsDatanode metrics system started (again)
2019-10-07 12:26:04,588 [org.apache.hadoop.util.JvmPauseMonitor$Monitor@1d37ce20] INFO  util.JvmPauseMonitor (JvmPauseMonitor.java:run(188)) - Starting JVM pause monitor
2019-10-07 12:26:04,590 [main] INFO  ozone.HddsDatanodeService (HddsDatanodeService.java:start(184)) - HddsDatanodeService host:pr-hdds-2262-rg9fl-2107095119 ip:192.168.30.23
2019-10-07 12:26:04,592 [Datanode State Machine Thread - 0] INFO  datanode.InitDatanodeState (InitDatanodeState.java:persistContainerDatanodeDetails(140)) - DatanodeDetails is persisted to /workdir/hadoop-ozone/integration-test/target/test-dir/MiniOzoneClusterImpl-778dd385-233b-4e0e-8595-44f312773a1c/datanode-2/meta/datanode.id
2019-10-07 12:26:04,598 [main] INFO  volume.HddsVolume (HddsVolume.java:<init>(176)) - Creating Volume: /workdir/hadoop-ozone/integration-test/target/test-dir/MiniOzoneClusterImpl-778dd385-233b-4e0e-8595-44f312773a1c/datanode-3/data/containers/hdds of  storage type : DISK and capacity : 1482555576320
2019-10-07 12:26:04,598 [main] INFO  volume.VolumeSet (VolumeSet.java:initializeVolumeSet(170)) - Added Volume : /workdir/hadoop-ozone/integration-test/target/test-dir/MiniOzoneClusterImpl-778dd385-233b-4e0e-8595-44f312773a1c/datanode-3/data/containers/hdds to VolumeSet
2019-10-07 12:26:04,598 [main] INFO  volume.ThrottledAsyncChecker (ThrottledAsyncChecker.java:schedule(139)) - Scheduling a check for org.apache.hadoop.ozone.container.common.volume.HddsVolume@97d0c06
2019-10-07 12:26:04,600 [main] INFO  volume.HddsVolumeChecker (HddsVolumeChecker.java:checkAllVolumes(202)) - Scheduled health check for volume org.apache.hadoop.ozone.container.common.volume.HddsVolume@97d0c06
2019-10-07 12:26:04,623 [main] INFO  impl.RaftServerProxy (ConfUtils.java:logGet(43)) - raft.rpc.type = GRPC (default)
2019-10-07 12:26:04,623 [main] INFO  grpc.GrpcFactory (GrpcFactory.java:checkPooledByteBufAllocatorUseCacheForAllThreads(45)) - PERFORMANCE WARNING: useCacheForAllThreads is true that may cause Netty to create a lot garbage objects and, as a result, trigger GC.
	It is recommended to disable useCacheForAllThreads by setting -Dorg.apache.ratis.thirdparty.io.netty.allocator.useCacheForAllThreads=false in command line.
2019-10-07 12:26:04,624 [main] INFO  grpc.GrpcConfigKeys$Server (ConfUtils.java:logGet(43)) - raft.grpc.server.port = 0 (default)
2019-10-07 12:26:04,624 [main] INFO  server.GrpcService (ConfUtils.java:logGet(43)) - raft.grpc.message.size.max = 33570816 (custom)
2019-10-07 12:26:04,625 [main] INFO  server.RaftServerConfigKeys (ConfUtils.java:logGet(43)) - raft.server.log.appender.buffer.byte-limit = 33554432 (custom)
2019-10-07 12:26:04,625 [main] INFO  server.GrpcService (ConfUtils.java:logGet(43)) - raft.grpc.flow.control.window = 1MB (=1048576) (default)
2019-10-07 12:26:04,625 [main] INFO  server.RaftServerConfigKeys (ConfUtils.java:logGet(43)) - raft.server.rpc.request.timeout = 3000ms (default)
2019-10-07 12:26:04,626 [main] INFO  server.RaftServerConfigKeys (ConfUtils.java:logGet(43)) - raft.server.storage.dir = [/workdir/hadoop-ozone/integration-test/target/test-dir/MiniOzoneClusterImpl-778dd385-233b-4e0e-8595-44f312773a1c/datanode-3/data/ratis] (custom)
2019-10-07 12:26:04,628 [main] INFO  hdfs.DFSUtil (DFSUtil.java:httpServerTemplateForNNAndJN(1641)) - Starting Web-server for hddsDatanode at: http://0.0.0.0:0
2019-10-07 12:26:04,630 [main] INFO  server.AuthenticationFilter (AuthenticationFilter.java:constructSecretProvider(240)) - Unable to initialize FileSignerSecretProvider, falling back to use random secrets.
2019-10-07 12:26:04,631 [main] WARN  http.HttpRequestLog (HttpRequestLog.java:getRequestLog(97)) - Jetty request log can only be enabled using Log4j
2019-10-07 12:26:04,633 [main] INFO  http.HttpServer2 (HttpServer2.java:addGlobalFilter(975)) - Added global filter 'safety' (class=org.apache.hadoop.http.HttpServer2$QuotingInputFilter)
2019-10-07 12:26:04,634 [main] INFO  http.HttpServer2 (HttpServer2.java:addFilter(948)) - Added filter static_user_filter (class=org.apache.hadoop.http.lib.StaticUserWebFilter$StaticUserFilter) to context hddsDatanode
2019-10-07 12:26:04,634 [main] INFO  http.HttpServer2 (HttpServer2.java:addFilter(958)) - Added filter static_user_filter (class=org.apache.hadoop.http.lib.StaticUserWebFilter$StaticUserFilter) to context static
2019-10-07 12:26:04,634 [main] INFO  http.HttpServer2 (HttpServer2.java:addFilter(958)) - Added filter static_user_filter (class=org.apache.hadoop.http.lib.StaticUserWebFilter$StaticUserFilter) to context logs
2019-10-07 12:26:04,636 [main] INFO  http.HttpServer2 (HttpServer2.java:bindListener(1191)) - Jetty bound to port 43743
2019-10-07 12:26:04,636 [main] INFO  server.Server (Server.java:doStart(351)) - jetty-9.3.25.v20180904, build timestamp: 2018-09-04T21:11:46Z, git hash: 3ce520221d0240229c862b122d2b06c12a625732
2019-10-07 12:26:04,640 [main] INFO  handler.ContextHandler (ContextHandler.java:doStart(781)) - Started o.e.j.s.ServletContextHandler@6caf7803{/logs,file:///workdir/hadoop-ozone/integration-test/target/log,AVAILABLE}
2019-10-07 12:26:04,641 [main] INFO  handler.ContextHandler (ContextHandler.java:doStart(781)) - Started o.e.j.s.ServletContextHandler@698fee9a{/static,jar:file:/home/user/.m2/repository/org/apache/hadoop/hadoop-hdds-container-service/0.5.0-SNAPSHOT/hadoop-hdds-container-service-0.5.0-SNAPSHOT.jar!/webapps/static,AVAILABLE}
2019-10-07 12:26:04,681 [main] INFO  handler.ContextHandler (ContextHandler.java:doStart(781)) - Started o.e.j.w.WebAppContext@39a87e72{/,file:///tmp/jetty-0.0.0.0-43743-hddsDatanode-_-any-4362797436092852261.dir/webapp/,AVAILABLE}{/hddsDatanode}
2019-10-07 12:26:04,683 [main] INFO  server.AbstractConnector (AbstractConnector.java:doStart(278)) - Started ServerConnector@5d2828c9{HTTP/1.1,[http/1.1]}{0.0.0.0:43743}
2019-10-07 12:26:04,684 [main] INFO  server.Server (Server.java:doStart(419)) - Started @5494ms
2019-10-07 12:26:04,685 [main] WARN  impl.MetricsSystemImpl (MetricsSystemImpl.java:register(276)) - Sink prometheus already exists!
2019-10-07 12:26:04,686 [main] INFO  server.BaseHttpServer (BaseHttpServer.java:updateConnectorAddress(215)) - HTTP server of HDDSDATANODE is listening at http://0.0.0.0:43743
2019-10-07 12:26:04,686 [main] INFO  impl.MetricsSystemImpl (MetricsSystemImpl.java:init(158)) - HddsDatanode metrics system started (again)
2019-10-07 12:26:04,690 [org.apache.hadoop.util.JvmPauseMonitor$Monitor@97b94bf] INFO  util.JvmPauseMonitor (JvmPauseMonitor.java:run(188)) - Starting JVM pause monitor
2019-10-07 12:26:04,691 [main] INFO  ozone.HddsDatanodeService (HddsDatanodeService.java:start(184)) - HddsDatanodeService host:pr-hdds-2262-rg9fl-2107095119 ip:192.168.30.23
2019-10-07 12:26:04,695 [Datanode State Machine Thread - 0] INFO  datanode.InitDatanodeState (InitDatanodeState.java:persistContainerDatanodeDetails(140)) - DatanodeDetails is persisted to /workdir/hadoop-ozone/integration-test/target/test-dir/MiniOzoneClusterImpl-778dd385-233b-4e0e-8595-44f312773a1c/datanode-3/meta/datanode.id
2019-10-07 12:26:04,704 [main] INFO  volume.HddsVolume (HddsVolume.java:<init>(176)) - Creating Volume: /workdir/hadoop-ozone/integration-test/target/test-dir/MiniOzoneClusterImpl-778dd385-233b-4e0e-8595-44f312773a1c/datanode-4/data/containers/hdds of  storage type : DISK and capacity : 1482555576320
2019-10-07 12:26:04,706 [main] INFO  volume.VolumeSet (VolumeSet.java:initializeVolumeSet(170)) - Added Volume : /workdir/hadoop-ozone/integration-test/target/test-dir/MiniOzoneClusterImpl-778dd385-233b-4e0e-8595-44f312773a1c/datanode-4/data/containers/hdds to VolumeSet
2019-10-07 12:26:04,706 [main] INFO  volume.ThrottledAsyncChecker (ThrottledAsyncChecker.java:schedule(139)) - Scheduling a check for org.apache.hadoop.ozone.container.common.volume.HddsVolume@67e13bd0
2019-10-07 12:26:04,707 [main] INFO  volume.HddsVolumeChecker (HddsVolumeChecker.java:checkAllVolumes(202)) - Scheduled health check for volume org.apache.hadoop.ozone.container.common.volume.HddsVolume@67e13bd0
2019-10-07 12:26:04,722 [main] INFO  impl.RaftServerProxy (ConfUtils.java:logGet(43)) - raft.rpc.type = GRPC (default)
2019-10-07 12:26:04,722 [main] INFO  grpc.GrpcFactory (GrpcFactory.java:checkPooledByteBufAllocatorUseCacheForAllThreads(45)) - PERFORMANCE WARNING: useCacheForAllThreads is true that may cause Netty to create a lot garbage objects and, as a result, trigger GC.
	It is recommended to disable useCacheForAllThreads by setting -Dorg.apache.ratis.thirdparty.io.netty.allocator.useCacheForAllThreads=false in command line.
2019-10-07 12:26:04,723 [main] INFO  grpc.GrpcConfigKeys$Server (ConfUtils.java:logGet(43)) - raft.grpc.server.port = 0 (default)
2019-10-07 12:26:04,723 [main] INFO  server.GrpcService (ConfUtils.java:logGet(43)) - raft.grpc.message.size.max = 33570816 (custom)
2019-10-07 12:26:04,723 [main] INFO  server.RaftServerConfigKeys (ConfUtils.java:logGet(43)) - raft.server.log.appender.buffer.byte-limit = 33554432 (custom)
2019-10-07 12:26:04,723 [main] INFO  server.GrpcService (ConfUtils.java:logGet(43)) - raft.grpc.flow.control.window = 1MB (=1048576) (default)
2019-10-07 12:26:04,724 [main] INFO  server.RaftServerConfigKeys (ConfUtils.java:logGet(43)) - raft.server.rpc.request.timeout = 3000ms (default)
2019-10-07 12:26:04,724 [main] INFO  server.RaftServerConfigKeys (ConfUtils.java:logGet(43)) - raft.server.storage.dir = [/workdir/hadoop-ozone/integration-test/target/test-dir/MiniOzoneClusterImpl-778dd385-233b-4e0e-8595-44f312773a1c/datanode-4/data/ratis] (custom)
2019-10-07 12:26:04,726 [main] INFO  hdfs.DFSUtil (DFSUtil.java:httpServerTemplateForNNAndJN(1641)) - Starting Web-server for hddsDatanode at: http://0.0.0.0:0
2019-10-07 12:26:04,727 [main] INFO  server.AuthenticationFilter (AuthenticationFilter.java:constructSecretProvider(240)) - Unable to initialize FileSignerSecretProvider, falling back to use random secrets.
2019-10-07 12:26:04,728 [main] WARN  http.HttpRequestLog (HttpRequestLog.java:getRequestLog(97)) - Jetty request log can only be enabled using Log4j
2019-10-07 12:26:04,730 [main] INFO  http.HttpServer2 (HttpServer2.java:addGlobalFilter(975)) - Added global filter 'safety' (class=org.apache.hadoop.http.HttpServer2$QuotingInputFilter)
2019-10-07 12:26:04,730 [main] INFO  http.HttpServer2 (HttpServer2.java:addFilter(948)) - Added filter static_user_filter (class=org.apache.hadoop.http.lib.StaticUserWebFilter$StaticUserFilter) to context hddsDatanode
2019-10-07 12:26:04,730 [main] INFO  http.HttpServer2 (HttpServer2.java:addFilter(958)) - Added filter static_user_filter (class=org.apache.hadoop.http.lib.StaticUserWebFilter$StaticUserFilter) to context logs
2019-10-07 12:26:04,731 [main] INFO  http.HttpServer2 (HttpServer2.java:addFilter(958)) - Added filter static_user_filter (class=org.apache.hadoop.http.lib.StaticUserWebFilter$StaticUserFilter) to context static
2019-10-07 12:26:04,731 [main] INFO  http.HttpServer2 (HttpServer2.java:bindListener(1191)) - Jetty bound to port 40165
2019-10-07 12:26:04,731 [main] INFO  server.Server (Server.java:doStart(351)) - jetty-9.3.25.v20180904, build timestamp: 2018-09-04T21:11:46Z, git hash: 3ce520221d0240229c862b122d2b06c12a625732
2019-10-07 12:26:04,733 [main] INFO  handler.ContextHandler (ContextHandler.java:doStart(781)) - Started o.e.j.s.ServletContextHandler@2f84acf7{/logs,file:///workdir/hadoop-ozone/integration-test/target/log,AVAILABLE}
2019-10-07 12:26:04,734 [main] INFO  handler.ContextHandler (ContextHandler.java:doStart(781)) - Started o.e.j.s.ServletContextHandler@372ca2d6{/static,jar:file:/home/user/.m2/repository/org/apache/hadoop/hadoop-hdds-container-service/0.5.0-SNAPSHOT/hadoop-hdds-container-service-0.5.0-SNAPSHOT.jar!/webapps/static,AVAILABLE}
2019-10-07 12:26:04,763 [main] INFO  handler.ContextHandler (ContextHandler.java:doStart(781)) - Started o.e.j.w.WebAppContext@2f5b8250{/,file:///tmp/jetty-0.0.0.0-40165-hddsDatanode-_-any-2754679055525244908.dir/webapp/,AVAILABLE}{/hddsDatanode}
2019-10-07 12:26:04,765 [main] INFO  server.AbstractConnector (AbstractConnector.java:doStart(278)) - Started ServerConnector@4821aa9f{HTTP/1.1,[http/1.1]}{0.0.0.0:40165}
2019-10-07 12:26:04,766 [main] INFO  server.Server (Server.java:doStart(419)) - Started @5576ms
2019-10-07 12:26:04,766 [main] WARN  impl.MetricsSystemImpl (MetricsSystemImpl.java:register(276)) - Sink prometheus already exists!
2019-10-07 12:26:04,767 [main] INFO  server.BaseHttpServer (BaseHttpServer.java:updateConnectorAddress(215)) - HTTP server of HDDSDATANODE is listening at http://0.0.0.0:40165
2019-10-07 12:26:04,768 [main] INFO  impl.MetricsSystemImpl (MetricsSystemImpl.java:init(158)) - HddsDatanode metrics system started (again)
2019-10-07 12:26:04,772 [org.apache.hadoop.util.JvmPauseMonitor$Monitor@3ae4dda2] INFO  util.JvmPauseMonitor (JvmPauseMonitor.java:run(188)) - Starting JVM pause monitor
2019-10-07 12:26:04,772 [main] INFO  ozone.HddsDatanodeService (HddsDatanodeService.java:start(184)) - HddsDatanodeService host:pr-hdds-2262-rg9fl-2107095119 ip:192.168.30.23
2019-10-07 12:26:04,775 [Datanode State Machine Thread - 0] INFO  datanode.InitDatanodeState (InitDatanodeState.java:persistContainerDatanodeDetails(140)) - DatanodeDetails is persisted to /workdir/hadoop-ozone/integration-test/target/test-dir/MiniOzoneClusterImpl-778dd385-233b-4e0e-8595-44f312773a1c/datanode-4/meta/datanode.id
2019-10-07 12:26:04,785 [main] INFO  volume.HddsVolume (HddsVolume.java:<init>(176)) - Creating Volume: /workdir/hadoop-ozone/integration-test/target/test-dir/MiniOzoneClusterImpl-778dd385-233b-4e0e-8595-44f312773a1c/datanode-5/data/containers/hdds of  storage type : DISK and capacity : 1482555576320
2019-10-07 12:26:04,786 [main] INFO  volume.VolumeSet (VolumeSet.java:initializeVolumeSet(170)) - Added Volume : /workdir/hadoop-ozone/integration-test/target/test-dir/MiniOzoneClusterImpl-778dd385-233b-4e0e-8595-44f312773a1c/datanode-5/data/containers/hdds to VolumeSet
2019-10-07 12:26:04,786 [main] INFO  volume.ThrottledAsyncChecker (ThrottledAsyncChecker.java:schedule(139)) - Scheduling a check for org.apache.hadoop.ozone.container.common.volume.HddsVolume@21505815
2019-10-07 12:26:04,787 [main] INFO  volume.HddsVolumeChecker (HddsVolumeChecker.java:checkAllVolumes(202)) - Scheduled health check for volume org.apache.hadoop.ozone.container.common.volume.HddsVolume@21505815
2019-10-07 12:26:04,808 [main] INFO  impl.RaftServerProxy (ConfUtils.java:logGet(43)) - raft.rpc.type = GRPC (default)
2019-10-07 12:26:04,808 [main] INFO  grpc.GrpcFactory (GrpcFactory.java:checkPooledByteBufAllocatorUseCacheForAllThreads(45)) - PERFORMANCE WARNING: useCacheForAllThreads is true that may cause Netty to create a lot garbage objects and, as a result, trigger GC.
	It is recommended to disable useCacheForAllThreads by setting -Dorg.apache.ratis.thirdparty.io.netty.allocator.useCacheForAllThreads=false in command line.
2019-10-07 12:26:04,808 [main] INFO  grpc.GrpcConfigKeys$Server (ConfUtils.java:logGet(43)) - raft.grpc.server.port = 0 (default)
2019-10-07 12:26:04,809 [main] INFO  server.GrpcService (ConfUtils.java:logGet(43)) - raft.grpc.message.size.max = 33570816 (custom)
2019-10-07 12:26:04,809 [main] INFO  server.RaftServerConfigKeys (ConfUtils.java:logGet(43)) - raft.server.log.appender.buffer.byte-limit = 33554432 (custom)
2019-10-07 12:26:04,809 [main] INFO  server.GrpcService (ConfUtils.java:logGet(43)) - raft.grpc.flow.control.window = 1MB (=1048576) (default)
2019-10-07 12:26:04,810 [main] INFO  server.RaftServerConfigKeys (ConfUtils.java:logGet(43)) - raft.server.rpc.request.timeout = 3000ms (default)
2019-10-07 12:26:04,811 [main] INFO  server.RaftServerConfigKeys (ConfUtils.java:logGet(43)) - raft.server.storage.dir = [/workdir/hadoop-ozone/integration-test/target/test-dir/MiniOzoneClusterImpl-778dd385-233b-4e0e-8595-44f312773a1c/datanode-5/data/ratis] (custom)
2019-10-07 12:26:04,813 [main] INFO  hdfs.DFSUtil (DFSUtil.java:httpServerTemplateForNNAndJN(1641)) - Starting Web-server for hddsDatanode at: http://0.0.0.0:0
2019-10-07 12:26:04,814 [main] INFO  server.AuthenticationFilter (AuthenticationFilter.java:constructSecretProvider(240)) - Unable to initialize FileSignerSecretProvider, falling back to use random secrets.
2019-10-07 12:26:04,815 [main] WARN  http.HttpRequestLog (HttpRequestLog.java:getRequestLog(97)) - Jetty request log can only be enabled using Log4j
2019-10-07 12:26:04,816 [main] INFO  http.HttpServer2 (HttpServer2.java:addGlobalFilter(975)) - Added global filter 'safety' (class=org.apache.hadoop.http.HttpServer2$QuotingInputFilter)
2019-10-07 12:26:04,817 [main] INFO  http.HttpServer2 (HttpServer2.java:addFilter(948)) - Added filter static_user_filter (class=org.apache.hadoop.http.lib.StaticUserWebFilter$StaticUserFilter) to context hddsDatanode
2019-10-07 12:26:04,817 [main] INFO  http.HttpServer2 (HttpServer2.java:addFilter(958)) - Added filter static_user_filter (class=org.apache.hadoop.http.lib.StaticUserWebFilter$StaticUserFilter) to context logs
2019-10-07 12:26:04,818 [main] INFO  http.HttpServer2 (HttpServer2.java:addFilter(958)) - Added filter static_user_filter (class=org.apache.hadoop.http.lib.StaticUserWebFilter$StaticUserFilter) to context static
2019-10-07 12:26:04,818 [main] INFO  http.HttpServer2 (HttpServer2.java:bindListener(1191)) - Jetty bound to port 34960
2019-10-07 12:26:04,819 [main] INFO  server.Server (Server.java:doStart(351)) - jetty-9.3.25.v20180904, build timestamp: 2018-09-04T21:11:46Z, git hash: 3ce520221d0240229c862b122d2b06c12a625732
2019-10-07 12:26:04,821 [main] INFO  handler.ContextHandler (ContextHandler.java:doStart(781)) - Started o.e.j.s.ServletContextHandler@6e041285{/logs,file:///workdir/hadoop-ozone/integration-test/target/log,AVAILABLE}
2019-10-07 12:26:04,821 [main] INFO  handler.ContextHandler (ContextHandler.java:doStart(781)) - Started o.e.j.s.ServletContextHandler@439b15f2{/static,jar:file:/home/user/.m2/repository/org/apache/hadoop/hadoop-hdds-container-service/0.5.0-SNAPSHOT/hadoop-hdds-container-service-0.5.0-SNAPSHOT.jar!/webapps/static,AVAILABLE}
2019-10-07 12:26:04,857 [main] INFO  handler.ContextHandler (ContextHandler.java:doStart(781)) - Started o.e.j.w.WebAppContext@63884e4{/,file:///tmp/jetty-0.0.0.0-34960-hddsDatanode-_-any-4031338924824220405.dir/webapp/,AVAILABLE}{/hddsDatanode}
2019-10-07 12:26:04,858 [main] INFO  server.AbstractConnector (AbstractConnector.java:doStart(278)) - Started ServerConnector@524270b8{HTTP/1.1,[http/1.1]}{0.0.0.0:34960}
2019-10-07 12:26:04,859 [main] INFO  server.Server (Server.java:doStart(419)) - Started @5670ms
2019-10-07 12:26:04,859 [main] WARN  impl.MetricsSystemImpl (MetricsSystemImpl.java:register(276)) - Sink prometheus already exists!
2019-10-07 12:26:04,860 [main] INFO  server.BaseHttpServer (BaseHttpServer.java:updateConnectorAddress(215)) - HTTP server of HDDSDATANODE is listening at http://0.0.0.0:34960
2019-10-07 12:26:04,860 [main] INFO  impl.MetricsSystemImpl (MetricsSystemImpl.java:init(158)) - HddsDatanode metrics system started (again)
2019-10-07 12:26:04,864 [main] INFO  ozone.HddsDatanodeService (HddsDatanodeService.java:start(184)) - HddsDatanodeService host:pr-hdds-2262-rg9fl-2107095119 ip:192.168.30.23
2019-10-07 12:26:04,865 [org.apache.hadoop.util.JvmPauseMonitor$Monitor@71d4fb86] INFO  util.JvmPauseMonitor (JvmPauseMonitor.java:run(188)) - Starting JVM pause monitor
2019-10-07 12:26:04,868 [Datanode State Machine Thread - 0] INFO  datanode.InitDatanodeState (InitDatanodeState.java:persistContainerDatanodeDetails(140)) - DatanodeDetails is persisted to /workdir/hadoop-ozone/integration-test/target/test-dir/MiniOzoneClusterImpl-778dd385-233b-4e0e-8595-44f312773a1c/datanode-5/meta/datanode.id
2019-10-07 12:26:04,875 [main] INFO  volume.HddsVolume (HddsVolume.java:<init>(176)) - Creating Volume: /workdir/hadoop-ozone/integration-test/target/test-dir/MiniOzoneClusterImpl-778dd385-233b-4e0e-8595-44f312773a1c/datanode-6/data/containers/hdds of  storage type : DISK and capacity : 1482555576320
2019-10-07 12:26:04,876 [main] INFO  volume.VolumeSet (VolumeSet.java:initializeVolumeSet(170)) - Added Volume : /workdir/hadoop-ozone/integration-test/target/test-dir/MiniOzoneClusterImpl-778dd385-233b-4e0e-8595-44f312773a1c/datanode-6/data/containers/hdds to VolumeSet
2019-10-07 12:26:04,876 [main] INFO  volume.ThrottledAsyncChecker (ThrottledAsyncChecker.java:schedule(139)) - Scheduling a check for org.apache.hadoop.ozone.container.common.volume.HddsVolume@7c8c70d6
2019-10-07 12:26:04,876 [main] INFO  volume.HddsVolumeChecker (HddsVolumeChecker.java:checkAllVolumes(202)) - Scheduled health check for volume org.apache.hadoop.ozone.container.common.volume.HddsVolume@7c8c70d6
2019-10-07 12:26:04,898 [main] INFO  impl.RaftServerProxy (ConfUtils.java:logGet(43)) - raft.rpc.type = GRPC (default)
2019-10-07 12:26:04,899 [main] INFO  grpc.GrpcFactory (GrpcFactory.java:checkPooledByteBufAllocatorUseCacheForAllThreads(45)) - PERFORMANCE WARNING: useCacheForAllThreads is true that may cause Netty to create a lot garbage objects and, as a result, trigger GC.
	It is recommended to disable useCacheForAllThreads by setting -Dorg.apache.ratis.thirdparty.io.netty.allocator.useCacheForAllThreads=false in command line.
2019-10-07 12:26:04,899 [main] INFO  grpc.GrpcConfigKeys$Server (ConfUtils.java:logGet(43)) - raft.grpc.server.port = 0 (default)
2019-10-07 12:26:04,899 [main] INFO  server.GrpcService (ConfUtils.java:logGet(43)) - raft.grpc.message.size.max = 33570816 (custom)
2019-10-07 12:26:04,900 [main] INFO  server.RaftServerConfigKeys (ConfUtils.java:logGet(43)) - raft.server.log.appender.buffer.byte-limit = 33554432 (custom)
2019-10-07 12:26:04,900 [main] INFO  server.GrpcService (ConfUtils.java:logGet(43)) - raft.grpc.flow.control.window = 1MB (=1048576) (default)
2019-10-07 12:26:04,900 [main] INFO  server.RaftServerConfigKeys (ConfUtils.java:logGet(43)) - raft.server.rpc.request.timeout = 3000ms (default)
2019-10-07 12:26:04,901 [main] INFO  server.RaftServerConfigKeys (ConfUtils.java:logGet(43)) - raft.server.storage.dir = [/workdir/hadoop-ozone/integration-test/target/test-dir/MiniOzoneClusterImpl-778dd385-233b-4e0e-8595-44f312773a1c/datanode-6/data/ratis] (custom)
2019-10-07 12:26:04,903 [main] INFO  hdfs.DFSUtil (DFSUtil.java:httpServerTemplateForNNAndJN(1641)) - Starting Web-server for hddsDatanode at: http://0.0.0.0:0
2019-10-07 12:26:04,905 [main] INFO  server.AuthenticationFilter (AuthenticationFilter.java:constructSecretProvider(240)) - Unable to initialize FileSignerSecretProvider, falling back to use random secrets.
2019-10-07 12:26:04,906 [main] WARN  http.HttpRequestLog (HttpRequestLog.java:getRequestLog(97)) - Jetty request log can only be enabled using Log4j
2019-10-07 12:26:04,907 [main] INFO  http.HttpServer2 (HttpServer2.java:addGlobalFilter(975)) - Added global filter 'safety' (class=org.apache.hadoop.http.HttpServer2$QuotingInputFilter)
2019-10-07 12:26:04,908 [main] INFO  http.HttpServer2 (HttpServer2.java:addFilter(948)) - Added filter static_user_filter (class=org.apache.hadoop.http.lib.StaticUserWebFilter$StaticUserFilter) to context hddsDatanode
2019-10-07 12:26:04,908 [main] INFO  http.HttpServer2 (HttpServer2.java:addFilter(958)) - Added filter static_user_filter (class=org.apache.hadoop.http.lib.StaticUserWebFilter$StaticUserFilter) to context logs
2019-10-07 12:26:04,908 [main] INFO  http.HttpServer2 (HttpServer2.java:addFilter(958)) - Added filter static_user_filter (class=org.apache.hadoop.http.lib.StaticUserWebFilter$StaticUserFilter) to context static
2019-10-07 12:26:04,909 [main] INFO  http.HttpServer2 (HttpServer2.java:bindListener(1191)) - Jetty bound to port 40544
2019-10-07 12:26:04,909 [main] INFO  server.Server (Server.java:doStart(351)) - jetty-9.3.25.v20180904, build timestamp: 2018-09-04T21:11:46Z, git hash: 3ce520221d0240229c862b122d2b06c12a625732
2019-10-07 12:26:04,912 [main] INFO  handler.ContextHandler (ContextHandler.java:doStart(781)) - Started o.e.j.s.ServletContextHandler@8bd86c8{/logs,file:///workdir/hadoop-ozone/integration-test/target/log,AVAILABLE}
2019-10-07 12:26:04,913 [main] INFO  handler.ContextHandler (ContextHandler.java:doStart(781)) - Started o.e.j.s.ServletContextHandler@2d3ef181{/static,jar:file:/home/user/.m2/repository/org/apache/hadoop/hadoop-hdds-container-service/0.5.0-SNAPSHOT/hadoop-hdds-container-service-0.5.0-SNAPSHOT.jar!/webapps/static,AVAILABLE}
2019-10-07 12:26:04,961 [main] INFO  handler.ContextHandler (ContextHandler.java:doStart(781)) - Started o.e.j.w.WebAppContext@1de9b505{/,file:///tmp/jetty-0.0.0.0-40544-hddsDatanode-_-any-4181783575612674877.dir/webapp/,AVAILABLE}{/hddsDatanode}
2019-10-07 12:26:04,963 [main] INFO  server.AbstractConnector (AbstractConnector.java:doStart(278)) - Started ServerConnector@7b122839{HTTP/1.1,[http/1.1]}{0.0.0.0:40544}
2019-10-07 12:26:04,963 [main] INFO  server.Server (Server.java:doStart(419)) - Started @5774ms
2019-10-07 12:26:04,964 [main] WARN  impl.MetricsSystemImpl (MetricsSystemImpl.java:register(276)) - Sink prometheus already exists!
2019-10-07 12:26:04,965 [main] INFO  server.BaseHttpServer (BaseHttpServer.java:updateConnectorAddress(215)) - HTTP server of HDDSDATANODE is listening at http://0.0.0.0:40544
2019-10-07 12:26:04,968 [main] INFO  ozone.MiniOzoneClusterImpl (MiniOzoneClusterImpl.java:lambda$waitForClusterToBeReady$0(147)) - Waiting for cluster to be ready. Got 0 of 7 DN Heartbeats.
2019-10-07 12:26:04,968 [org.apache.hadoop.util.JvmPauseMonitor$Monitor@4eb8d159] INFO  util.JvmPauseMonitor (JvmPauseMonitor.java:run(188)) - Starting JVM pause monitor
2019-10-07 12:26:04,971 [Datanode State Machine Thread - 0] INFO  datanode.InitDatanodeState (InitDatanodeState.java:persistContainerDatanodeDetails(140)) - DatanodeDetails is persisted to /workdir/hadoop-ozone/integration-test/target/test-dir/MiniOzoneClusterImpl-778dd385-233b-4e0e-8595-44f312773a1c/datanode-6/meta/datanode.id
2019-10-07 12:26:05,968 [main] INFO  ozone.MiniOzoneClusterImpl (MiniOzoneClusterImpl.java:lambda$waitForClusterToBeReady$0(147)) - Waiting for cluster to be ready. Got 0 of 7 DN Heartbeats.
2019-10-07 12:26:06,526 [Datanode State Machine Thread - 0] INFO  ozoneimpl.OzoneContainer (OzoneContainer.java:start(217)) - Attempting to start container services.
2019-10-07 12:26:06,529 [Datanode State Machine Thread - 0] INFO  ozoneimpl.OzoneContainer (OzoneContainer.java:start(217)) - Attempting to start container services.
2019-10-07 12:26:06,530 [Datanode State Machine Thread - 0] INFO  ozoneimpl.OzoneContainer (OzoneContainer.java:startContainerScrub(179)) - Background container scanner has been disabled.
2019-10-07 12:26:06,536 [Datanode State Machine Thread - 0] INFO  ozoneimpl.OzoneContainer (OzoneContainer.java:startContainerScrub(179)) - Background container scanner has been disabled.
2019-10-07 12:26:06,536 [Datanode State Machine Thread - 0] INFO  ratis.XceiverServerRatis (XceiverServerRatis.java:start(418)) - Starting XceiverServerRatis 2bc47f86-abcc-482d-8deb-f2ed64d4ed24 at port 0
2019-10-07 12:26:06,536 [Datanode State Machine Thread - 0] INFO  ratis.XceiverServerRatis (XceiverServerRatis.java:start(418)) - Starting XceiverServerRatis f57744b5-2f7a-4ed8-9444-5c5c06f9ffa0 at port 0
2019-10-07 12:26:06,571 [Datanode State Machine Thread - 0] INFO  impl.RaftServerProxy (RaftServerProxy.java:lambda$start$3(299)) - f57744b5-2f7a-4ed8-9444-5c5c06f9ffa0: start RPC server
2019-10-07 12:26:06,571 [Datanode State Machine Thread - 0] INFO  impl.RaftServerProxy (RaftServerProxy.java:lambda$start$3(299)) - 2bc47f86-abcc-482d-8deb-f2ed64d4ed24: start RPC server
2019-10-07 12:26:06,612 [Datanode State Machine Thread - 0] INFO  ozoneimpl.OzoneContainer (OzoneContainer.java:start(217)) - Attempting to start container services.
2019-10-07 12:26:06,618 [Datanode State Machine Thread - 0] INFO  ozoneimpl.OzoneContainer (OzoneContainer.java:startContainerScrub(179)) - Background container scanner has been disabled.
2019-10-07 12:26:06,618 [Datanode State Machine Thread - 0] INFO  ratis.XceiverServerRatis (XceiverServerRatis.java:start(418)) - Starting XceiverServerRatis 43084d02-11f8-4ae8-888c-ddbdf52c3d32 at port 0
2019-10-07 12:26:06,626 [Datanode State Machine Thread - 0] INFO  impl.RaftServerProxy (RaftServerProxy.java:lambda$start$3(299)) - 43084d02-11f8-4ae8-888c-ddbdf52c3d32: start RPC server
2019-10-07 12:26:06,707 [Datanode State Machine Thread - 0] INFO  ozoneimpl.OzoneContainer (OzoneContainer.java:start(217)) - Attempting to start container services.
2019-10-07 12:26:06,708 [Datanode State Machine Thread - 0] INFO  ozoneimpl.OzoneContainer (OzoneContainer.java:startContainerScrub(179)) - Background container scanner has been disabled.
2019-10-07 12:26:06,708 [Datanode State Machine Thread - 0] INFO  ratis.XceiverServerRatis (XceiverServerRatis.java:start(418)) - Starting XceiverServerRatis 3a65e708-6c4f-4335-a3d7-61b0c1328875 at port 0
2019-10-07 12:26:06,727 [Datanode State Machine Thread - 0] INFO  impl.RaftServerProxy (RaftServerProxy.java:lambda$start$3(299)) - 3a65e708-6c4f-4335-a3d7-61b0c1328875: start RPC server
2019-10-07 12:26:06,743 [Datanode State Machine Thread - 0] INFO  server.GrpcService (GrpcService.java:startImpl(158)) - 3a65e708-6c4f-4335-a3d7-61b0c1328875: GrpcService started, listening on 0.0.0.0/0.0.0.0:37427
2019-10-07 12:26:06,743 [Datanode State Machine Thread - 0] INFO  server.GrpcService (GrpcService.java:startImpl(158)) - 2bc47f86-abcc-482d-8deb-f2ed64d4ed24: GrpcService started, listening on 0.0.0.0/0.0.0.0:39238
2019-10-07 12:26:06,744 [Datanode State Machine Thread - 0] INFO  ratis.XceiverServerRatis (XceiverServerRatis.java:start(428)) - XceiverServerRatis 3a65e708-6c4f-4335-a3d7-61b0c1328875 is started using port 37427
2019-10-07 12:26:06,743 [Datanode State Machine Thread - 0] INFO  server.GrpcService (GrpcService.java:startImpl(158)) - f57744b5-2f7a-4ed8-9444-5c5c06f9ffa0: GrpcService started, listening on 0.0.0.0/0.0.0.0:39485
2019-10-07 12:26:06,743 [Datanode State Machine Thread - 0] INFO  server.GrpcService (GrpcService.java:startImpl(158)) - 43084d02-11f8-4ae8-888c-ddbdf52c3d32: GrpcService started, listening on 0.0.0.0/0.0.0.0:43114
2019-10-07 12:26:06,745 [Datanode State Machine Thread - 0] INFO  ratis.XceiverServerRatis (XceiverServerRatis.java:start(428)) - XceiverServerRatis f57744b5-2f7a-4ed8-9444-5c5c06f9ffa0 is started using port 39485
2019-10-07 12:26:06,744 [Datanode State Machine Thread - 0] INFO  ratis.XceiverServerRatis (XceiverServerRatis.java:start(428)) - XceiverServerRatis 2bc47f86-abcc-482d-8deb-f2ed64d4ed24 is started using port 39238
2019-10-07 12:26:06,745 [Datanode State Machine Thread - 0] INFO  ratis.XceiverServerRatis (XceiverServerRatis.java:start(428)) - XceiverServerRatis 43084d02-11f8-4ae8-888c-ddbdf52c3d32 is started using port 43114
2019-10-07 12:26:06,752 [Datanode State Machine Thread - 0] INFO  server.XceiverServerGrpc (XceiverServerGrpc.java:start(149)) - XceiverServerGrpc 3a65e708-6c4f-4335-a3d7-61b0c1328875 is started using port 43399
2019-10-07 12:26:06,753 [Datanode State Machine Thread - 0] INFO  server.XceiverServerGrpc (XceiverServerGrpc.java:start(149)) - XceiverServerGrpc 43084d02-11f8-4ae8-888c-ddbdf52c3d32 is started using port 34378
2019-10-07 12:26:06,752 [Datanode State Machine Thread - 0] INFO  server.XceiverServerGrpc (XceiverServerGrpc.java:start(149)) - XceiverServerGrpc f57744b5-2f7a-4ed8-9444-5c5c06f9ffa0 is started using port 36614
2019-10-07 12:26:06,752 [Datanode State Machine Thread - 0] INFO  server.XceiverServerGrpc (XceiverServerGrpc.java:start(149)) - XceiverServerGrpc 2bc47f86-abcc-482d-8deb-f2ed64d4ed24 is started using port 43776
2019-10-07 12:26:06,793 [Datanode State Machine Thread - 0] INFO  ozoneimpl.OzoneContainer (OzoneContainer.java:start(217)) - Attempting to start container services.
2019-10-07 12:26:06,793 [Datanode State Machine Thread - 0] INFO  ozoneimpl.OzoneContainer (OzoneContainer.java:startContainerScrub(179)) - Background container scanner has been disabled.
2019-10-07 12:26:06,793 [Datanode State Machine Thread - 0] INFO  ratis.XceiverServerRatis (XceiverServerRatis.java:start(418)) - Starting XceiverServerRatis 1918313e-d2a9-4acc-93c2-47b7c5875062 at port 0
2019-10-07 12:26:06,800 [Datanode State Machine Thread - 0] INFO  impl.RaftServerProxy (RaftServerProxy.java:lambda$start$3(299)) - 1918313e-d2a9-4acc-93c2-47b7c5875062: start RPC server
2019-10-07 12:26:06,803 [Datanode State Machine Thread - 0] INFO  server.GrpcService (GrpcService.java:startImpl(158)) - 1918313e-d2a9-4acc-93c2-47b7c5875062: GrpcService started, listening on 0.0.0.0/0.0.0.0:46361
2019-10-07 12:26:06,803 [Datanode State Machine Thread - 0] INFO  ratis.XceiverServerRatis (XceiverServerRatis.java:start(428)) - XceiverServerRatis 1918313e-d2a9-4acc-93c2-47b7c5875062 is started using port 46361
2019-10-07 12:26:06,805 [Datanode State Machine Thread - 0] INFO  server.XceiverServerGrpc (XceiverServerGrpc.java:start(149)) - XceiverServerGrpc 1918313e-d2a9-4acc-93c2-47b7c5875062 is started using port 34294
2019-10-07 12:26:06,888 [Datanode State Machine Thread - 0] INFO  ozoneimpl.OzoneContainer (OzoneContainer.java:start(217)) - Attempting to start container services.
2019-10-07 12:26:06,889 [Datanode State Machine Thread - 0] INFO  ozoneimpl.OzoneContainer (OzoneContainer.java:startContainerScrub(179)) - Background container scanner has been disabled.
2019-10-07 12:26:06,889 [Datanode State Machine Thread - 0] INFO  ratis.XceiverServerRatis (XceiverServerRatis.java:start(418)) - Starting XceiverServerRatis b5039893-fef7-4d01-9c96-a360cfbc7d73 at port 0
2019-10-07 12:26:06,895 [Datanode State Machine Thread - 0] INFO  impl.RaftServerProxy (RaftServerProxy.java:lambda$start$3(299)) - b5039893-fef7-4d01-9c96-a360cfbc7d73: start RPC server
2019-10-07 12:26:06,899 [Datanode State Machine Thread - 0] INFO  server.GrpcService (GrpcService.java:startImpl(158)) - b5039893-fef7-4d01-9c96-a360cfbc7d73: GrpcService started, listening on 0.0.0.0/0.0.0.0:46082
2019-10-07 12:26:06,899 [Datanode State Machine Thread - 0] INFO  ratis.XceiverServerRatis (XceiverServerRatis.java:start(428)) - XceiverServerRatis b5039893-fef7-4d01-9c96-a360cfbc7d73 is started using port 46082
2019-10-07 12:26:06,903 [Datanode State Machine Thread - 0] INFO  server.XceiverServerGrpc (XceiverServerGrpc.java:start(149)) - XceiverServerGrpc b5039893-fef7-4d01-9c96-a360cfbc7d73 is started using port 41683
2019-10-07 12:26:06,970 [main] INFO  ozone.MiniOzoneClusterImpl (MiniOzoneClusterImpl.java:lambda$waitForClusterToBeReady$0(147)) - Waiting for cluster to be ready. Got 0 of 7 DN Heartbeats.
2019-10-07 12:26:06,984 [Datanode State Machine Thread - 0] INFO  ozoneimpl.OzoneContainer (OzoneContainer.java:start(217)) - Attempting to start container services.
2019-10-07 12:26:06,984 [Datanode State Machine Thread - 0] INFO  ozoneimpl.OzoneContainer (OzoneContainer.java:startContainerScrub(179)) - Background container scanner has been disabled.
2019-10-07 12:26:06,984 [Datanode State Machine Thread - 0] INFO  ratis.XceiverServerRatis (XceiverServerRatis.java:start(418)) - Starting XceiverServerRatis c9767870-009c-4479-8ff8-96f0bb47e0cf at port 0
2019-10-07 12:26:06,992 [Datanode State Machine Thread - 0] INFO  impl.RaftServerProxy (RaftServerProxy.java:lambda$start$3(299)) - c9767870-009c-4479-8ff8-96f0bb47e0cf: start RPC server
2019-10-07 12:26:06,996 [Datanode State Machine Thread - 0] INFO  server.GrpcService (GrpcService.java:startImpl(158)) - c9767870-009c-4479-8ff8-96f0bb47e0cf: GrpcService started, listening on 0.0.0.0/0.0.0.0:35662
2019-10-07 12:26:06,996 [Datanode State Machine Thread - 0] INFO  ratis.XceiverServerRatis (XceiverServerRatis.java:start(428)) - XceiverServerRatis c9767870-009c-4479-8ff8-96f0bb47e0cf is started using port 35662
2019-10-07 12:26:06,998 [Datanode State Machine Thread - 0] INFO  server.XceiverServerGrpc (XceiverServerGrpc.java:start(149)) - XceiverServerGrpc c9767870-009c-4479-8ff8-96f0bb47e0cf is started using port 41756
2019-10-07 12:26:07,970 [main] INFO  ozone.MiniOzoneClusterImpl (MiniOzoneClusterImpl.java:lambda$waitForClusterToBeReady$0(147)) - Waiting for cluster to be ready. Got 0 of 7 DN Heartbeats.
2019-10-07 12:26:08,448 [IPC Server handler 2 on 41365] INFO  net.NetworkTopology (NetworkTopologyImpl.java:add(111)) - Added a new node: /default-rack/2bc47f86-abcc-482d-8deb-f2ed64d4ed24
2019-10-07 12:26:08,449 [IPC Server handler 2 on 41365] INFO  node.SCMNodeManager (SCMNodeManager.java:register(268)) - Registered Data node : 2bc47f86-abcc-482d-8deb-f2ed64d4ed24{ip: 192.168.30.23, host: pr-hdds-2262-rg9fl-2107095119, networkLocation: /default-rack, certSerialId: null}
2019-10-07 12:26:08,453 [EventQueue-NodeRegistrationContainerReportForDataNodeSafeModeRule] INFO  safemode.SCMSafeModeManager (DataNodeSafeModeRule.java:process(71)) - SCM in safe mode. 1 DataNodes registered, 1 required.
2019-10-07 12:26:08,454 [EventQueue-NodeRegistrationContainerReportForContainerSafeModeRule] INFO  safemode.SCMSafeModeManager (SCMSafeModeManager.java:validateSafeModeExitRules(177)) - ScmSafeModeManager, all rules are successfully validated
2019-10-07 12:26:08,454 [EventQueue-NodeRegistrationContainerReportForContainerSafeModeRule] INFO  safemode.SCMSafeModeManager (SCMSafeModeManager.java:exitSafeMode(193)) - SCM exiting safe mode.
2019-10-07 12:26:08,516 [IPC Server handler 3 on 41365] INFO  net.NetworkTopology (NetworkTopologyImpl.java:add(111)) - Added a new node: /default-rack/f57744b5-2f7a-4ed8-9444-5c5c06f9ffa0
2019-10-07 12:26:08,517 [IPC Server handler 3 on 41365] INFO  node.SCMNodeManager (SCMNodeManager.java:register(268)) - Registered Data node : f57744b5-2f7a-4ed8-9444-5c5c06f9ffa0{ip: 192.168.30.23, host: pr-hdds-2262-rg9fl-2107095119, networkLocation: /default-rack, certSerialId: null}
2019-10-07 12:26:08,592 [IPC Server handler 8 on 41365] INFO  net.NetworkTopology (NetworkTopologyImpl.java:add(111)) - Added a new node: /default-rack/43084d02-11f8-4ae8-888c-ddbdf52c3d32
2019-10-07 12:26:08,592 [IPC Server handler 8 on 41365] INFO  node.SCMNodeManager (SCMNodeManager.java:register(268)) - Registered Data node : 43084d02-11f8-4ae8-888c-ddbdf52c3d32{ip: 192.168.30.23, host: pr-hdds-2262-rg9fl-2107095119, networkLocation: /default-rack, certSerialId: null}
2019-10-07 12:26:08,694 [IPC Server handler 7 on 41365] INFO  net.NetworkTopology (NetworkTopologyImpl.java:add(111)) - Added a new node: /default-rack/3a65e708-6c4f-4335-a3d7-61b0c1328875
2019-10-07 12:26:08,694 [IPC Server handler 7 on 41365] INFO  node.SCMNodeManager (SCMNodeManager.java:register(268)) - Registered Data node : 3a65e708-6c4f-4335-a3d7-61b0c1328875{ip: 192.168.30.23, host: pr-hdds-2262-rg9fl-2107095119, networkLocation: /default-rack, certSerialId: null}
2019-10-07 12:26:08,776 [IPC Server handler 5 on 41365] INFO  net.NetworkTopology (NetworkTopologyImpl.java:add(111)) - Added a new node: /default-rack/1918313e-d2a9-4acc-93c2-47b7c5875062
2019-10-07 12:26:08,776 [IPC Server handler 5 on 41365] INFO  node.SCMNodeManager (SCMNodeManager.java:register(268)) - Registered Data node : 1918313e-d2a9-4acc-93c2-47b7c5875062{ip: 192.168.30.23, host: pr-hdds-2262-rg9fl-2107095119, networkLocation: /default-rack, certSerialId: null}
2019-10-07 12:26:08,869 [IPC Server handler 1 on 41365] INFO  net.NetworkTopology (NetworkTopologyImpl.java:add(111)) - Added a new node: /default-rack/b5039893-fef7-4d01-9c96-a360cfbc7d73
2019-10-07 12:26:08,869 [IPC Server handler 1 on 41365] INFO  node.SCMNodeManager (SCMNodeManager.java:register(268)) - Registered Data node : b5039893-fef7-4d01-9c96-a360cfbc7d73{ip: 192.168.30.23, host: pr-hdds-2262-rg9fl-2107095119, networkLocation: /default-rack, certSerialId: null}
2019-10-07 12:26:08,972 [main] INFO  ozone.MiniOzoneClusterImpl (MiniOzoneClusterImpl.java:lambda$waitForClusterToBeReady$0(147)) - Waiting for cluster to be ready. Got 6 of 7 DN Heartbeats.
2019-10-07 12:26:08,973 [IPC Server handler 2 on 41365] INFO  net.NetworkTopology (NetworkTopologyImpl.java:add(111)) - Added a new node: /default-rack/c9767870-009c-4479-8ff8-96f0bb47e0cf
2019-10-07 12:26:08,973 [IPC Server handler 2 on 41365] INFO  node.SCMNodeManager (SCMNodeManager.java:register(268)) - Registered Data node : c9767870-009c-4479-8ff8-96f0bb47e0cf{ip: 192.168.30.23, host: pr-hdds-2262-rg9fl-2107095119, networkLocation: /default-rack, certSerialId: null}
2019-10-07 12:26:09,021 [grpc-default-executor-0] INFO  impl.RaftServerProxy (RaftServerProxy.java:addNew(89)) - 2bc47f86-abcc-482d-8deb-f2ed64d4ed24: addNew group-A775F8FCEE76:[2bc47f86-abcc-482d-8deb-f2ed64d4ed24:192.168.30.23:39238] returns group-A775F8FCEE76:java.util.concurrent.CompletableFuture@43a3aac6[Not completed]
2019-10-07 12:26:09,037 [pool-27-thread-1] INFO  impl.RaftServerImpl (RaftServerImpl.java:<init>(95)) - 2bc47f86-abcc-482d-8deb-f2ed64d4ed24: new RaftServerImpl for group-A775F8FCEE76:[2bc47f86-abcc-482d-8deb-f2ed64d4ed24:192.168.30.23:39238] with ContainerStateMachine:uninitialized
2019-10-07 12:26:09,039 [pool-27-thread-1] INFO  server.RaftServerConfigKeys (ConfUtils.java:logGet(43)) - raft.server.rpc.timeout.min = 5s (custom)
2019-10-07 12:26:09,041 [pool-27-thread-1] INFO  server.RaftServerConfigKeys (ConfUtils.java:logGet(43)) - raft.server.rpc.timeout.max = 5200ms (custom)
2019-10-07 12:26:09,041 [pool-27-thread-1] INFO  server.RaftServerConfigKeys (ConfUtils.java:logGet(43)) - raft.server.rpcslowness.timeout = 120s (custom)
2019-10-07 12:26:09,042 [pool-27-thread-1] INFO  server.RaftServerConfigKeys (ConfUtils.java:logGet(43)) - raft.server.sleep.deviation.threshold = 300 (default)
2019-10-07 12:26:09,043 [pool-27-thread-1] INFO  server.RaftServerConfigKeys (ConfUtils.java:logGet(43)) - raft.server.log.appender.install.snapshot.enabled = false (custom)
2019-10-07 12:26:09,052 [pool-27-thread-1] INFO  impl.RaftServerImpl (ServerState.java:<init>(103)) - 2bc47f86-abcc-482d-8deb-f2ed64d4ed24@group-A775F8FCEE76: ConfigurationManager, init=-1: [2bc47f86-abcc-482d-8deb-f2ed64d4ed24:192.168.30.23:39238], old=null, confs=<EMPTY_MAP>
2019-10-07 12:26:09,053 [pool-27-thread-1] INFO  server.RaftServerConfigKeys (ConfUtils.java:logGet(43)) - raft.server.storage.dir = [/workdir/hadoop-ozone/integration-test/target/test-dir/MiniOzoneClusterImpl-778dd385-233b-4e0e-8595-44f312773a1c/datanode-0/data/ratis] (custom)
2019-10-07 12:26:09,061 [pool-27-thread-1] INFO  server.RaftServerConfigKeys (ConfUtils.java:logGet(43)) - raft.server.log.corruption.policy = EXCEPTION (default)
2019-10-07 12:26:09,064 [pool-27-thread-1] INFO  storage.RaftStorageDirectory (RaftStorageDirectory.java:analyzeStorage(246)) - The storage directory /workdir/hadoop-ozone/integration-test/target/test-dir/MiniOzoneClusterImpl-778dd385-233b-4e0e-8595-44f312773a1c/datanode-0/data/ratis/6767258a-a6cb-42d3-b008-a775f8fcee76 does not exist. Creating ...
2019-10-07 12:26:09,094 [pool-27-thread-1] INFO  storage.RaftStorageDirectory (RaftStorageDirectory.java:tryLock(328)) - Lock on /workdir/hadoop-ozone/integration-test/target/test-dir/MiniOzoneClusterImpl-778dd385-233b-4e0e-8595-44f312773a1c/datanode-0/data/ratis/6767258a-a6cb-42d3-b008-a775f8fcee76/in_use.lock acquired by nodename 23866@pr-hdds-2262-rg9fl-2107095119
2019-10-07 12:26:09,110 [pool-27-thread-1] INFO  storage.RaftStorage (RaftStorage.java:format(84)) - Storage directory /workdir/hadoop-ozone/integration-test/target/test-dir/MiniOzoneClusterImpl-778dd385-233b-4e0e-8595-44f312773a1c/datanode-0/data/ratis/6767258a-a6cb-42d3-b008-a775f8fcee76 has been successfully formatted.
2019-10-07 12:26:09,112 [pool-27-thread-1] INFO  ratis.ContainerStateMachine (ContainerStateMachine.java:loadSnapshot(231)) - group-A775F8FCEE76: The snapshot info is null. Setting the last applied indexto:(t:0, i:~)
2019-10-07 12:26:09,112 [pool-27-thread-1] INFO  server.RaftServerConfigKeys (ConfUtils.java:logGet(43)) - raft.server.notification.no-leader.timeout = 120s (custom)
2019-10-07 12:26:09,114 [pool-27-thread-1] INFO  server.RaftServerConfigKeys (ConfUtils.java:logGet(43)) - raft.server.log.use.memory = false (default)
2019-10-07 12:26:09,120 [pool-27-thread-1] INFO  server.RaftServerConfigKeys (ConfUtils.java:logGet(43)) - raft.server.log.purge.gap = 1000000 (custom)
2019-10-07 12:26:09,120 [pool-27-thread-1] INFO  server.RaftServerConfigKeys (ConfUtils.java:logGet(43)) - raft.server.log.appender.buffer.byte-limit = 33554432 (custom)
2019-10-07 12:26:09,122 [pool-27-thread-1] INFO  server.RaftServerConfigKeys (ConfUtils.java:logGet(43)) - raft.server.log.segment.size.max = 1048576 (custom)
2019-10-07 12:26:09,124 [pool-27-thread-1] INFO  impl.MetricsSystemImpl (MetricsSystemImpl.java:init(158)) - ratis metrics system started (again)
2019-10-07 12:26:09,129 [pool-27-thread-1] INFO  metrics.MetricRegistries (MetricRegistriesLoader.java:load(64)) - Loaded MetricRegistries class org.apache.ratis.metrics.impl.MetricRegistriesImpl
2019-10-07 12:26:09,164 [pool-27-thread-1] INFO  server.RaftServerConfigKeys (ConfUtils.java:logGet(43)) - raft.server.log.segment.cache.num.max = 2 (custom)
2019-10-07 12:26:09,169 [pool-27-thread-1] INFO  segmented.SegmentedRaftLogWorker (SegmentedRaftLogWorker.java:<init>(173)) - new 2bc47f86-abcc-482d-8deb-f2ed64d4ed24@group-A775F8FCEE76-SegmentedRaftLogWorker for RaftStorage:Storage Directory /workdir/hadoop-ozone/integration-test/target/test-dir/MiniOzoneClusterImpl-778dd385-233b-4e0e-8595-44f312773a1c/datanode-0/data/ratis/6767258a-a6cb-42d3-b008-a775f8fcee76
2019-10-07 12:26:09,170 [pool-27-thread-1] INFO  server.RaftServerConfigKeys (ConfUtils.java:logGet(43)) - raft.server.log.queue.byte-limit = 2147483647 (custom)
2019-10-07 12:26:09,170 [pool-27-thread-1] INFO  server.RaftServerConfigKeys (ConfUtils.java:logGet(43)) - raft.server.log.queue.element-limit = 1024 (custom)
2019-10-07 12:26:09,171 [pool-27-thread-1] INFO  server.RaftServerConfigKeys (ConfUtils.java:logGet(43)) - raft.server.log.segment.size.max = 1048576 (custom)
2019-10-07 12:26:09,172 [pool-27-thread-1] INFO  server.RaftServerConfigKeys (ConfUtils.java:logGet(43)) - raft.server.log.preallocated.size = 16384 (custom)
2019-10-07 12:26:09,172 [pool-27-thread-1] INFO  server.RaftServerConfigKeys (ConfUtils.java:logGet(43)) - raft.server.log.write.buffer.size = 33554432 (custom)
2019-10-07 12:26:09,173 [pool-27-thread-1] INFO  server.RaftServerConfigKeys (ConfUtils.java:logGet(43)) - raft.server.log.force.sync.num = 128 (default)
2019-10-07 12:26:09,174 [pool-27-thread-1] INFO  server.RaftServerConfigKeys (ConfUtils.java:logGet(43)) - raft.server.log.statemachine.data.sync = true (default)
2019-10-07 12:26:09,174 [pool-27-thread-1] INFO  server.RaftServerConfigKeys (ConfUtils.java:logGet(43)) - raft.server.log.statemachine.data.sync.timeout = 10s (default)
2019-10-07 12:26:09,174 [pool-27-thread-1] INFO  server.RaftServerConfigKeys (ConfUtils.java:logGet(43)) - raft.server.log.statemachine.data.sync.timeout.retry = -1 (default)
2019-10-07 12:26:09,186 [pool-27-thread-1] INFO  server.RaftServerConfigKeys (ConfUtils.java:logGet(43)) - raft.server.log.statemachine.data.caching.enabled = true (custom)
2019-10-07 12:26:09,191 [pool-27-thread-1] INFO  segmented.SegmentedRaftLogWorker (SegmentedRaftLogWorker.java:lambda$new$0(128)) - 2bc47f86-abcc-482d-8deb-f2ed64d4ed24@group-A775F8FCEE76-SegmentedRaftLogWorker: flushIndex: setUnconditionally 0 -> -1
2019-10-07 12:26:09,195 [pool-27-thread-1] INFO  server.RaftServerConfigKeys (ConfUtils.java:logGet(43)) - raft.server.snapshot.auto.trigger.enabled = true (custom)
2019-10-07 12:26:09,196 [pool-27-thread-1] INFO  server.RaftServerConfigKeys (ConfUtils.java:logGet(43)) - raft.server.snapshot.auto.trigger.threshold = 10000 (custom)
2019-10-07 12:26:09,196 [pool-27-thread-1] INFO  server.RaftServerConfigKeys (ConfUtils.java:logGet(43)) - raft.server.snapshot.retention.file.num = 5 (custom)
2019-10-07 12:26:09,197 [pool-27-thread-1] INFO  server.RaftServerConfigKeys (ConfUtils.java:logGet(43)) - raft.server.retrycache.expirytime = 600000ms (custom)
2019-10-07 12:26:09,230 [pool-27-thread-1] INFO  impl.RaftServerImpl (RaftServerImpl.java:start(181)) - 2bc47f86-abcc-482d-8deb-f2ed64d4ed24@group-A775F8FCEE76: start as a follower, conf=-1: [2bc47f86-abcc-482d-8deb-f2ed64d4ed24:192.168.30.23:39238], old=null
2019-10-07 12:26:09,232 [pool-27-thread-1] INFO  impl.RaftServerImpl (RaftServerImpl.java:setRole(170)) - 2bc47f86-abcc-482d-8deb-f2ed64d4ed24@group-A775F8FCEE76: changes role from      null to FOLLOWER at term 0 for startAsFollower
2019-10-07 12:26:09,234 [pool-27-thread-1] INFO  impl.RoleInfo (RoleInfo.java:updateAndGet(143)) - 2bc47f86-abcc-482d-8deb-f2ed64d4ed24: start FollowerState
2019-10-07 12:26:09,236 [pool-27-thread-1] INFO  util.JmxRegister (JmxRegister.java:tryRegister(44)) - Successfully registered JMX Bean with object name Ratis:service=RaftServer,group=group-A775F8FCEE76,id=2bc47f86-abcc-482d-8deb-f2ed64d4ed24
2019-10-07 12:26:09,318 [RatisPipelineUtilsThread] INFO  pipeline.PipelineStateManager (PipelineStateManager.java:addPipeline(56)) - Created pipeline Pipeline[ Id: 6767258a-a6cb-42d3-b008-a775f8fcee76, Nodes: 2bc47f86-abcc-482d-8deb-f2ed64d4ed24{ip: 192.168.30.23, host: pr-hdds-2262-rg9fl-2107095119, networkLocation: /default-rack, certSerialId: null}, Type:RATIS, Factor:ONE, State:OPEN]
2019-10-07 12:26:09,355 [grpc-default-executor-0] INFO  impl.RaftServerProxy (RaftServerProxy.java:addNew(89)) - f57744b5-2f7a-4ed8-9444-5c5c06f9ffa0: addNew group-2271DF7B558F:[f57744b5-2f7a-4ed8-9444-5c5c06f9ffa0:192.168.30.23:39485] returns group-2271DF7B558F:java.util.concurrent.CompletableFuture@7c5167d7[Not completed]
2019-10-07 12:26:09,397 [pool-37-thread-1] INFO  impl.RaftServerImpl (RaftServerImpl.java:<init>(95)) - f57744b5-2f7a-4ed8-9444-5c5c06f9ffa0: new RaftServerImpl for group-2271DF7B558F:[f57744b5-2f7a-4ed8-9444-5c5c06f9ffa0:192.168.30.23:39485] with ContainerStateMachine:uninitialized
2019-10-07 12:26:09,398 [pool-37-thread-1] INFO  server.RaftServerConfigKeys (ConfUtils.java:logGet(43)) - raft.server.rpc.timeout.min = 5s (custom)
2019-10-07 12:26:09,398 [pool-37-thread-1] INFO  server.RaftServerConfigKeys (ConfUtils.java:logGet(43)) - raft.server.rpc.timeout.max = 5200ms (custom)
2019-10-07 12:26:09,398 [pool-37-thread-1] INFO  server.RaftServerConfigKeys (ConfUtils.java:logGet(43)) - raft.server.rpcslowness.timeout = 120s (custom)
2019-10-07 12:26:09,399 [pool-37-thread-1] INFO  server.RaftServerConfigKeys (ConfUtils.java:logGet(43)) - raft.server.sleep.deviation.threshold = 300 (default)
2019-10-07 12:26:09,399 [pool-37-thread-1] INFO  server.RaftServerConfigKeys (ConfUtils.java:logGet(43)) - raft.server.log.appender.install.snapshot.enabled = false (custom)
2019-10-07 12:26:09,399 [pool-37-thread-1] INFO  impl.RaftServerImpl (ServerState.java:<init>(103)) - f57744b5-2f7a-4ed8-9444-5c5c06f9ffa0@group-2271DF7B558F: ConfigurationManager, init=-1: [f57744b5-2f7a-4ed8-9444-5c5c06f9ffa0:192.168.30.23:39485], old=null, confs=<EMPTY_MAP>
2019-10-07 12:26:09,399 [pool-37-thread-1] INFO  server.RaftServerConfigKeys (ConfUtils.java:logGet(43)) - raft.server.storage.dir = [/workdir/hadoop-ozone/integration-test/target/test-dir/MiniOzoneClusterImpl-778dd385-233b-4e0e-8595-44f312773a1c/datanode-1/data/ratis] (custom)
2019-10-07 12:26:09,399 [pool-37-thread-1] INFO  server.RaftServerConfigKeys (ConfUtils.java:logGet(43)) - raft.server.log.corruption.policy = EXCEPTION (default)
2019-10-07 12:26:09,399 [pool-37-thread-1] INFO  storage.RaftStorageDirectory (RaftStorageDirectory.java:analyzeStorage(246)) - The storage directory /workdir/hadoop-ozone/integration-test/target/test-dir/MiniOzoneClusterImpl-778dd385-233b-4e0e-8595-44f312773a1c/datanode-1/data/ratis/e1cad256-e975-4fbd-bd12-2271df7b558f does not exist. Creating ...
2019-10-07 12:26:09,413 [pool-37-thread-1] INFO  storage.RaftStorageDirectory (RaftStorageDirectory.java:tryLock(328)) - Lock on /workdir/hadoop-ozone/integration-test/target/test-dir/MiniOzoneClusterImpl-778dd385-233b-4e0e-8595-44f312773a1c/datanode-1/data/ratis/e1cad256-e975-4fbd-bd12-2271df7b558f/in_use.lock acquired by nodename 23866@pr-hdds-2262-rg9fl-2107095119
2019-10-07 12:26:09,426 [pool-37-thread-1] INFO  storage.RaftStorage (RaftStorage.java:format(84)) - Storage directory /workdir/hadoop-ozone/integration-test/target/test-dir/MiniOzoneClusterImpl-778dd385-233b-4e0e-8595-44f312773a1c/datanode-1/data/ratis/e1cad256-e975-4fbd-bd12-2271df7b558f has been successfully formatted.
2019-10-07 12:26:09,428 [pool-37-thread-1] INFO  ratis.ContainerStateMachine (ContainerStateMachine.java:loadSnapshot(231)) - group-2271DF7B558F: The snapshot info is null. Setting the last applied indexto:(t:0, i:~)
2019-10-07 12:26:09,430 [pool-37-thread-1] INFO  server.RaftServerConfigKeys (ConfUtils.java:logGet(43)) - raft.server.notification.no-leader.timeout = 120s (custom)
2019-10-07 12:26:09,430 [pool-37-thread-1] INFO  server.RaftServerConfigKeys (ConfUtils.java:logGet(43)) - raft.server.log.use.memory = false (default)
2019-10-07 12:26:09,430 [pool-37-thread-1] INFO  server.RaftServerConfigKeys (ConfUtils.java:logGet(43)) - raft.server.log.purge.gap = 1000000 (custom)
2019-10-07 12:26:09,430 [pool-37-thread-1] INFO  server.RaftServerConfigKeys (ConfUtils.java:logGet(43)) - raft.server.log.appender.buffer.byte-limit = 33554432 (custom)
2019-10-07 12:26:09,430 [pool-37-thread-1] INFO  server.RaftServerConfigKeys (ConfUtils.java:logGet(43)) - raft.server.log.segment.size.max = 1048576 (custom)
2019-10-07 12:26:09,434 [pool-37-thread-1] INFO  server.RaftServerConfigKeys (ConfUtils.java:logGet(43)) - raft.server.log.segment.cache.num.max = 2 (custom)
2019-10-07 12:26:09,434 [pool-37-thread-1] INFO  segmented.SegmentedRaftLogWorker (SegmentedRaftLogWorker.java:<init>(173)) - new f57744b5-2f7a-4ed8-9444-5c5c06f9ffa0@group-2271DF7B558F-SegmentedRaftLogWorker for RaftStorage:Storage Directory /workdir/hadoop-ozone/integration-test/target/test-dir/MiniOzoneClusterImpl-778dd385-233b-4e0e-8595-44f312773a1c/datanode-1/data/ratis/e1cad256-e975-4fbd-bd12-2271df7b558f
2019-10-07 12:26:09,436 [pool-37-thread-1] INFO  server.RaftServerConfigKeys (ConfUtils.java:logGet(43)) - raft.server.log.queue.byte-limit = 2147483647 (custom)
2019-10-07 12:26:09,436 [pool-37-thread-1] INFO  server.RaftServerConfigKeys (ConfUtils.java:logGet(43)) - raft.server.log.queue.element-limit = 1024 (custom)
2019-10-07 12:26:09,436 [pool-37-thread-1] INFO  server.RaftServerConfigKeys (ConfUtils.java:logGet(43)) - raft.server.log.segment.size.max = 1048576 (custom)
2019-10-07 12:26:09,436 [pool-37-thread-1] INFO  server.RaftServerConfigKeys (ConfUtils.java:logGet(43)) - raft.server.log.preallocated.size = 16384 (custom)
2019-10-07 12:26:09,436 [pool-37-thread-1] INFO  server.RaftServerConfigKeys (ConfUtils.java:logGet(43)) - raft.server.log.write.buffer.size = 33554432 (custom)
2019-10-07 12:26:09,436 [pool-37-thread-1] INFO  server.RaftServerConfigKeys (ConfUtils.java:logGet(43)) - raft.server.log.force.sync.num = 128 (default)
2019-10-07 12:26:09,436 [pool-37-thread-1] INFO  server.RaftServerConfigKeys (ConfUtils.java:logGet(43)) - raft.server.log.statemachine.data.sync = true (default)
2019-10-07 12:26:09,437 [pool-37-thread-1] INFO  server.RaftServerConfigKeys (ConfUtils.java:logGet(43)) - raft.server.log.statemachine.data.sync.timeout = 10s (default)
2019-10-07 12:26:09,437 [pool-37-thread-1] INFO  server.RaftServerConfigKeys (ConfUtils.java:logGet(43)) - raft.server.log.statemachine.data.sync.timeout.retry = -1 (default)
2019-10-07 12:26:09,437 [pool-37-thread-1] INFO  server.RaftServerConfigKeys (ConfUtils.java:logGet(43)) - raft.server.log.statemachine.data.caching.enabled = true (custom)
2019-10-07 12:26:09,438 [pool-37-thread-1] INFO  segmented.SegmentedRaftLogWorker (SegmentedRaftLogWorker.java:lambda$new$0(128)) - f57744b5-2f7a-4ed8-9444-5c5c06f9ffa0@group-2271DF7B558F-SegmentedRaftLogWorker: flushIndex: setUnconditionally 0 -> -1
2019-10-07 12:26:09,438 [pool-37-thread-1] INFO  server.RaftServerConfigKeys (ConfUtils.java:logGet(43)) - raft.server.snapshot.auto.trigger.enabled = true (custom)
2019-10-07 12:26:09,438 [pool-37-thread-1] INFO  server.RaftServerConfigKeys (ConfUtils.java:logGet(43)) - raft.server.snapshot.auto.trigger.threshold = 10000 (custom)
2019-10-07 12:26:09,438 [pool-37-thread-1] INFO  server.RaftServerConfigKeys (ConfUtils.java:logGet(43)) - raft.server.snapshot.retention.file.num = 5 (custom)
2019-10-07 12:26:09,439 [pool-37-thread-1] INFO  server.RaftServerConfigKeys (ConfUtils.java:logGet(43)) - raft.server.retrycache.expirytime = 600000ms (custom)
2019-10-07 12:26:09,442 [pool-37-thread-1] INFO  impl.RaftServerImpl (RaftServerImpl.java:start(181)) - f57744b5-2f7a-4ed8-9444-5c5c06f9ffa0@group-2271DF7B558F: start as a follower, conf=-1: [f57744b5-2f7a-4ed8-9444-5c5c06f9ffa0:192.168.30.23:39485], old=null
2019-10-07 12:26:09,442 [pool-37-thread-1] INFO  impl.RaftServerImpl (RaftServerImpl.java:setRole(170)) - f57744b5-2f7a-4ed8-9444-5c5c06f9ffa0@group-2271DF7B558F: changes role from      null to FOLLOWER at term 0 for startAsFollower
2019-10-07 12:26:09,443 [pool-37-thread-1] INFO  impl.RoleInfo (RoleInfo.java:updateAndGet(143)) - f57744b5-2f7a-4ed8-9444-5c5c06f9ffa0: start FollowerState
2019-10-07 12:26:09,444 [pool-37-thread-1] INFO  util.JmxRegister (JmxRegister.java:tryRegister(44)) - Successfully registered JMX Bean with object name Ratis:service=RaftServer,group=group-2271DF7B558F,id=f57744b5-2f7a-4ed8-9444-5c5c06f9ffa0
2019-10-07 12:26:09,461 [RatisPipelineUtilsThread] INFO  pipeline.PipelineStateManager (PipelineStateManager.java:addPipeline(56)) - Created pipeline Pipeline[ Id: e1cad256-e975-4fbd-bd12-2271df7b558f, Nodes: f57744b5-2f7a-4ed8-9444-5c5c06f9ffa0{ip: 192.168.30.23, host: pr-hdds-2262-rg9fl-2107095119, networkLocation: /default-rack, certSerialId: null}, Type:RATIS, Factor:ONE, State:OPEN]
2019-10-07 12:26:09,487 [grpc-default-executor-0] INFO  impl.RaftServerProxy (RaftServerProxy.java:addNew(89)) - 1918313e-d2a9-4acc-93c2-47b7c5875062: addNew group-C187F0F5EF6F:[1918313e-d2a9-4acc-93c2-47b7c5875062:192.168.30.23:46361] returns group-C187F0F5EF6F:java.util.concurrent.CompletableFuture@a6c4c49[Not completed]
2019-10-07 12:26:09,509 [pool-67-thread-1] INFO  impl.RaftServerImpl (RaftServerImpl.java:<init>(95)) - 1918313e-d2a9-4acc-93c2-47b7c5875062: new RaftServerImpl for group-C187F0F5EF6F:[1918313e-d2a9-4acc-93c2-47b7c5875062:192.168.30.23:46361] with ContainerStateMachine:uninitialized
2019-10-07 12:26:09,510 [pool-67-thread-1] INFO  server.RaftServerConfigKeys (ConfUtils.java:logGet(43)) - raft.server.rpc.timeout.min = 5s (custom)
2019-10-07 12:26:09,510 [pool-67-thread-1] INFO  server.RaftServerConfigKeys (ConfUtils.java:logGet(43)) - raft.server.rpc.timeout.max = 5200ms (custom)
2019-10-07 12:26:09,510 [pool-67-thread-1] INFO  server.RaftServerConfigKeys (ConfUtils.java:logGet(43)) - raft.server.rpcslowness.timeout = 120s (custom)
2019-10-07 12:26:09,510 [pool-67-thread-1] INFO  server.RaftServerConfigKeys (ConfUtils.java:logGet(43)) - raft.server.sleep.deviation.threshold = 300 (default)
2019-10-07 12:26:09,510 [pool-67-thread-1] INFO  server.RaftServerConfigKeys (ConfUtils.java:logGet(43)) - raft.server.log.appender.install.snapshot.enabled = false (custom)
2019-10-07 12:26:09,510 [pool-67-thread-1] INFO  impl.RaftServerImpl (ServerState.java:<init>(103)) - 1918313e-d2a9-4acc-93c2-47b7c5875062@group-C187F0F5EF6F: ConfigurationManager, init=-1: [1918313e-d2a9-4acc-93c2-47b7c5875062:192.168.30.23:46361], old=null, confs=<EMPTY_MAP>
2019-10-07 12:26:09,511 [pool-67-thread-1] INFO  server.RaftServerConfigKeys (ConfUtils.java:logGet(43)) - raft.server.storage.dir = [/workdir/hadoop-ozone/integration-test/target/test-dir/MiniOzoneClusterImpl-778dd385-233b-4e0e-8595-44f312773a1c/datanode-4/data/ratis] (custom)
2019-10-07 12:26:09,511 [pool-67-thread-1] INFO  server.RaftServerConfigKeys (ConfUtils.java:logGet(43)) - raft.server.log.corruption.policy = EXCEPTION (default)
2019-10-07 12:26:09,511 [pool-67-thread-1] INFO  storage.RaftStorageDirectory (RaftStorageDirectory.java:analyzeStorage(246)) - The storage directory /workdir/hadoop-ozone/integration-test/target/test-dir/MiniOzoneClusterImpl-778dd385-233b-4e0e-8595-44f312773a1c/datanode-4/data/ratis/623f5ac5-4ed4-4000-8f11-c187f0f5ef6f does not exist. Creating ...
2019-10-07 12:26:09,525 [pool-67-thread-1] INFO  storage.RaftStorageDirectory (RaftStorageDirectory.java:tryLock(328)) - Lock on /workdir/hadoop-ozone/integration-test/target/test-dir/MiniOzoneClusterImpl-778dd385-233b-4e0e-8595-44f312773a1c/datanode-4/data/ratis/623f5ac5-4ed4-4000-8f11-c187f0f5ef6f/in_use.lock acquired by nodename 23866@pr-hdds-2262-rg9fl-2107095119
2019-10-07 12:26:09,538 [pool-67-thread-1] INFO  storage.RaftStorage (RaftStorage.java:format(84)) - Storage directory /workdir/hadoop-ozone/integration-test/target/test-dir/MiniOzoneClusterImpl-778dd385-233b-4e0e-8595-44f312773a1c/datanode-4/data/ratis/623f5ac5-4ed4-4000-8f11-c187f0f5ef6f has been successfully formatted.
2019-10-07 12:26:09,539 [pool-67-thread-1] INFO  ratis.ContainerStateMachine (ContainerStateMachine.java:loadSnapshot(231)) - group-C187F0F5EF6F: The snapshot info is null. Setting the last applied indexto:(t:0, i:~)
2019-10-07 12:26:09,539 [pool-67-thread-1] INFO  server.RaftServerConfigKeys (ConfUtils.java:logGet(43)) - raft.server.notification.no-leader.timeout = 120s (custom)
2019-10-07 12:26:09,539 [pool-67-thread-1] INFO  server.RaftServerConfigKeys (ConfUtils.java:logGet(43)) - raft.server.log.use.memory = false (default)
2019-10-07 12:26:09,539 [pool-67-thread-1] INFO  server.RaftServerConfigKeys (ConfUtils.java:logGet(43)) - raft.server.log.purge.gap = 1000000 (custom)
2019-10-07 12:26:09,540 [pool-67-thread-1] INFO  server.RaftServerConfigKeys (ConfUtils.java:logGet(43)) - raft.server.log.appender.buffer.byte-limit = 33554432 (custom)
2019-10-07 12:26:09,540 [pool-67-thread-1] INFO  server.RaftServerConfigKeys (ConfUtils.java:logGet(43)) - raft.server.log.segment.size.max = 1048576 (custom)
2019-10-07 12:26:09,586 [pool-67-thread-1] INFO  server.RaftServerConfigKeys (ConfUtils.java:logGet(43)) - raft.server.log.segment.cache.num.max = 2 (custom)
2019-10-07 12:26:09,587 [pool-67-thread-1] INFO  segmented.SegmentedRaftLogWorker (SegmentedRaftLogWorker.java:<init>(173)) - new 1918313e-d2a9-4acc-93c2-47b7c5875062@group-C187F0F5EF6F-SegmentedRaftLogWorker for RaftStorage:Storage Directory /workdir/hadoop-ozone/integration-test/target/test-dir/MiniOzoneClusterImpl-778dd385-233b-4e0e-8595-44f312773a1c/datanode-4/data/ratis/623f5ac5-4ed4-4000-8f11-c187f0f5ef6f
2019-10-07 12:26:09,587 [pool-67-thread-1] INFO  server.RaftServerConfigKeys (ConfUtils.java:logGet(43)) - raft.server.log.queue.byte-limit = 2147483647 (custom)
2019-10-07 12:26:09,587 [pool-67-thread-1] INFO  server.RaftServerConfigKeys (ConfUtils.java:logGet(43)) - raft.server.log.queue.element-limit = 1024 (custom)
2019-10-07 12:26:09,587 [pool-67-thread-1] INFO  server.RaftServerConfigKeys (ConfUtils.java:logGet(43)) - raft.server.log.segment.size.max = 1048576 (custom)
2019-10-07 12:26:09,587 [pool-67-thread-1] INFO  server.RaftServerConfigKeys (ConfUtils.java:logGet(43)) - raft.server.log.preallocated.size = 16384 (custom)
2019-10-07 12:26:09,588 [pool-67-thread-1] INFO  server.RaftServerConfigKeys (ConfUtils.java:logGet(43)) - raft.server.log.write.buffer.size = 33554432 (custom)
2019-10-07 12:26:09,588 [pool-67-thread-1] INFO  server.RaftServerConfigKeys (ConfUtils.java:logGet(43)) - raft.server.log.force.sync.num = 128 (default)
2019-10-07 12:26:09,588 [pool-67-thread-1] INFO  server.RaftServerConfigKeys (ConfUtils.java:logGet(43)) - raft.server.log.statemachine.data.sync = true (default)
2019-10-07 12:26:09,588 [pool-67-thread-1] INFO  server.RaftServerConfigKeys (ConfUtils.java:logGet(43)) - raft.server.log.statemachine.data.sync.timeout = 10s (default)
2019-10-07 12:26:09,588 [pool-67-thread-1] INFO  server.RaftServerConfigKeys (ConfUtils.java:logGet(43)) - raft.server.log.statemachine.data.sync.timeout.retry = -1 (default)
2019-10-07 12:26:09,589 [pool-67-thread-1] INFO  server.RaftServerConfigKeys (ConfUtils.java:logGet(43)) - raft.server.log.statemachine.data.caching.enabled = true (custom)
2019-10-07 12:26:09,590 [pool-67-thread-1] INFO  segmented.SegmentedRaftLogWorker (SegmentedRaftLogWorker.java:lambda$new$0(128)) - 1918313e-d2a9-4acc-93c2-47b7c5875062@group-C187F0F5EF6F-SegmentedRaftLogWorker: flushIndex: setUnconditionally 0 -> -1
2019-10-07 12:26:09,590 [pool-67-thread-1] INFO  server.RaftServerConfigKeys (ConfUtils.java:logGet(43)) - raft.server.snapshot.auto.trigger.enabled = true (custom)
2019-10-07 12:26:09,590 [pool-67-thread-1] INFO  server.RaftServerConfigKeys (ConfUtils.java:logGet(43)) - raft.server.snapshot.auto.trigger.threshold = 10000 (custom)
2019-10-07 12:26:09,591 [pool-67-thread-1] INFO  server.RaftServerConfigKeys (ConfUtils.java:logGet(43)) - raft.server.snapshot.retention.file.num = 5 (custom)
2019-10-07 12:26:09,591 [pool-67-thread-1] INFO  server.RaftServerConfigKeys (ConfUtils.java:logGet(43)) - raft.server.retrycache.expirytime = 600000ms (custom)
2019-10-07 12:26:09,596 [pool-67-thread-1] INFO  impl.RaftServerImpl (RaftServerImpl.java:start(181)) - 1918313e-d2a9-4acc-93c2-47b7c5875062@group-C187F0F5EF6F: start as a follower, conf=-1: [1918313e-d2a9-4acc-93c2-47b7c5875062:192.168.30.23:46361], old=null
2019-10-07 12:26:09,596 [pool-67-thread-1] INFO  impl.RaftServerImpl (RaftServerImpl.java:setRole(170)) - 1918313e-d2a9-4acc-93c2-47b7c5875062@group-C187F0F5EF6F: changes role from      null to FOLLOWER at term 0 for startAsFollower
2019-10-07 12:26:09,596 [pool-67-thread-1] INFO  impl.RoleInfo (RoleInfo.java:updateAndGet(143)) - 1918313e-d2a9-4acc-93c2-47b7c5875062: start FollowerState
2019-10-07 12:26:09,597 [pool-67-thread-1] INFO  util.JmxRegister (JmxRegister.java:tryRegister(44)) - Successfully registered JMX Bean with object name Ratis:service=RaftServer,group=group-C187F0F5EF6F,id=1918313e-d2a9-4acc-93c2-47b7c5875062
2019-10-07 12:26:09,617 [RatisPipelineUtilsThread] INFO  pipeline.PipelineStateManager (PipelineStateManager.java:addPipeline(56)) - Created pipeline Pipeline[ Id: 623f5ac5-4ed4-4000-8f11-c187f0f5ef6f, Nodes: 1918313e-d2a9-4acc-93c2-47b7c5875062{ip: 192.168.30.23, host: pr-hdds-2262-rg9fl-2107095119, networkLocation: /default-rack, certSerialId: null}, Type:RATIS, Factor:ONE, State:OPEN]
2019-10-07 12:26:09,639 [grpc-default-executor-0] INFO  impl.RaftServerProxy (RaftServerProxy.java:addNew(89)) - c9767870-009c-4479-8ff8-96f0bb47e0cf: addNew group-18D0147AF237:[c9767870-009c-4479-8ff8-96f0bb47e0cf:192.168.30.23:35662] returns group-18D0147AF237:java.util.concurrent.CompletableFuture@1c7840fc[Not completed]
2019-10-07 12:26:09,647 [pool-87-thread-1] INFO  impl.RaftServerImpl (RaftServerImpl.java:<init>(95)) - c9767870-009c-4479-8ff8-96f0bb47e0cf: new RaftServerImpl for group-18D0147AF237:[c9767870-009c-4479-8ff8-96f0bb47e0cf:192.168.30.23:35662] with ContainerStateMachine:uninitialized
2019-10-07 12:26:09,647 [pool-87-thread-1] INFO  server.RaftServerConfigKeys (ConfUtils.java:logGet(43)) - raft.server.rpc.timeout.min = 5s (custom)
2019-10-07 12:26:09,647 [pool-87-thread-1] INFO  server.RaftServerConfigKeys (ConfUtils.java:logGet(43)) - raft.server.rpc.timeout.max = 5200ms (custom)
2019-10-07 12:26:09,647 [pool-87-thread-1] INFO  server.RaftServerConfigKeys (ConfUtils.java:logGet(43)) - raft.server.rpcslowness.timeout = 120s (custom)
2019-10-07 12:26:09,648 [pool-87-thread-1] INFO  server.RaftServerConfigKeys (ConfUtils.java:logGet(43)) - raft.server.sleep.deviation.threshold = 300 (default)
2019-10-07 12:26:09,648 [pool-87-thread-1] INFO  server.RaftServerConfigKeys (ConfUtils.java:logGet(43)) - raft.server.log.appender.install.snapshot.enabled = false (custom)
2019-10-07 12:26:09,648 [pool-87-thread-1] INFO  impl.RaftServerImpl (ServerState.java:<init>(103)) - c9767870-009c-4479-8ff8-96f0bb47e0cf@group-18D0147AF237: ConfigurationManager, init=-1: [c9767870-009c-4479-8ff8-96f0bb47e0cf:192.168.30.23:35662], old=null, confs=<EMPTY_MAP>
2019-10-07 12:26:09,648 [pool-87-thread-1] INFO  server.RaftServerConfigKeys (ConfUtils.java:logGet(43)) - raft.server.storage.dir = [/workdir/hadoop-ozone/integration-test/target/test-dir/MiniOzoneClusterImpl-778dd385-233b-4e0e-8595-44f312773a1c/datanode-6/data/ratis] (custom)
2019-10-07 12:26:09,649 [pool-87-thread-1] INFO  server.RaftServerConfigKeys (ConfUtils.java:logGet(43)) - raft.server.log.corruption.policy = EXCEPTION (default)
2019-10-07 12:26:09,649 [pool-87-thread-1] INFO  storage.RaftStorageDirectory (RaftStorageDirectory.java:analyzeStorage(246)) - The storage directory /workdir/hadoop-ozone/integration-test/target/test-dir/MiniOzoneClusterImpl-778dd385-233b-4e0e-8595-44f312773a1c/datanode-6/data/ratis/1967298c-10cf-4e6d-be94-18d0147af237 does not exist. Creating ...
2019-10-07 12:26:09,662 [pool-87-thread-1] INFO  storage.RaftStorageDirectory (RaftStorageDirectory.java:tryLock(328)) - Lock on /workdir/hadoop-ozone/integration-test/target/test-dir/MiniOzoneClusterImpl-778dd385-233b-4e0e-8595-44f312773a1c/datanode-6/data/ratis/1967298c-10cf-4e6d-be94-18d0147af237/in_use.lock acquired by nodename 23866@pr-hdds-2262-rg9fl-2107095119
2019-10-07 12:26:09,675 [pool-87-thread-1] INFO  storage.RaftStorage (RaftStorage.java:format(84)) - Storage directory /workdir/hadoop-ozone/integration-test/target/test-dir/MiniOzoneClusterImpl-778dd385-233b-4e0e-8595-44f312773a1c/datanode-6/data/ratis/1967298c-10cf-4e6d-be94-18d0147af237 has been successfully formatted.
2019-10-07 12:26:09,675 [pool-87-thread-1] INFO  ratis.ContainerStateMachine (ContainerStateMachine.java:loadSnapshot(231)) - group-18D0147AF237: The snapshot info is null. Setting the last applied indexto:(t:0, i:~)
2019-10-07 12:26:09,675 [pool-87-thread-1] INFO  server.RaftServerConfigKeys (ConfUtils.java:logGet(43)) - raft.server.notification.no-leader.timeout = 120s (custom)
2019-10-07 12:26:09,676 [pool-87-thread-1] INFO  server.RaftServerConfigKeys (ConfUtils.java:logGet(43)) - raft.server.log.use.memory = false (default)
2019-10-07 12:26:09,676 [pool-87-thread-1] INFO  server.RaftServerConfigKeys (ConfUtils.java:logGet(43)) - raft.server.log.purge.gap = 1000000 (custom)
2019-10-07 12:26:09,676 [pool-87-thread-1] INFO  server.RaftServerConfigKeys (ConfUtils.java:logGet(43)) - raft.server.log.appender.buffer.byte-limit = 33554432 (custom)
2019-10-07 12:26:09,676 [pool-87-thread-1] INFO  server.RaftServerConfigKeys (ConfUtils.java:logGet(43)) - raft.server.log.segment.size.max = 1048576 (custom)
2019-10-07 12:26:09,681 [pool-87-thread-1] INFO  server.RaftServerConfigKeys (ConfUtils.java:logGet(43)) - raft.server.log.segment.cache.num.max = 2 (custom)
2019-10-07 12:26:09,681 [pool-87-thread-1] INFO  segmented.SegmentedRaftLogWorker (SegmentedRaftLogWorker.java:<init>(173)) - new c9767870-009c-4479-8ff8-96f0bb47e0cf@group-18D0147AF237-SegmentedRaftLogWorker for RaftStorage:Storage Directory /workdir/hadoop-ozone/integration-test/target/test-dir/MiniOzoneClusterImpl-778dd385-233b-4e0e-8595-44f312773a1c/datanode-6/data/ratis/1967298c-10cf-4e6d-be94-18d0147af237
2019-10-07 12:26:09,681 [pool-87-thread-1] INFO  server.RaftServerConfigKeys (ConfUtils.java:logGet(43)) - raft.server.log.queue.byte-limit = 2147483647 (custom)
2019-10-07 12:26:09,681 [pool-87-thread-1] INFO  server.RaftServerConfigKeys (ConfUtils.java:logGet(43)) - raft.server.log.queue.element-limit = 1024 (custom)
2019-10-07 12:26:09,682 [pool-87-thread-1] INFO  server.RaftServerConfigKeys (ConfUtils.java:logGet(43)) - raft.server.log.segment.size.max = 1048576 (custom)
2019-10-07 12:26:09,682 [pool-87-thread-1] INFO  server.RaftServerConfigKeys (ConfUtils.java:logGet(43)) - raft.server.log.preallocated.size = 16384 (custom)
2019-10-07 12:26:09,682 [pool-87-thread-1] INFO  server.RaftServerConfigKeys (ConfUtils.java:logGet(43)) - raft.server.log.write.buffer.size = 33554432 (custom)
2019-10-07 12:26:09,682 [pool-87-thread-1] INFO  server.RaftServerConfigKeys (ConfUtils.java:logGet(43)) - raft.server.log.force.sync.num = 128 (default)
2019-10-07 12:26:09,682 [pool-87-thread-1] INFO  server.RaftServerConfigKeys (ConfUtils.java:logGet(43)) - raft.server.log.statemachine.data.sync = true (default)
2019-10-07 12:26:09,682 [pool-87-thread-1] INFO  server.RaftServerConfigKeys (ConfUtils.java:logGet(43)) - raft.server.log.statemachine.data.sync.timeout = 10s (default)
2019-10-07 12:26:09,683 [pool-87-thread-1] INFO  server.RaftServerConfigKeys (ConfUtils.java:logGet(43)) - raft.server.log.statemachine.data.sync.timeout.retry = -1 (default)
2019-10-07 12:26:09,684 [pool-87-thread-1] INFO  server.RaftServerConfigKeys (ConfUtils.java:logGet(43)) - raft.server.log.statemachine.data.caching.enabled = true (custom)
2019-10-07 12:26:09,684 [pool-87-thread-1] INFO  segmented.SegmentedRaftLogWorker (SegmentedRaftLogWorker.java:lambda$new$0(128)) - c9767870-009c-4479-8ff8-96f0bb47e0cf@group-18D0147AF237-SegmentedRaftLogWorker: flushIndex: setUnconditionally 0 -> -1
2019-10-07 12:26:09,684 [pool-87-thread-1] INFO  server.RaftServerConfigKeys (ConfUtils.java:logGet(43)) - raft.server.snapshot.auto.trigger.enabled = true (custom)
2019-10-07 12:26:09,685 [pool-87-thread-1] INFO  server.RaftServerConfigKeys (ConfUtils.java:logGet(43)) - raft.server.snapshot.auto.trigger.threshold = 10000 (custom)
2019-10-07 12:26:09,685 [pool-87-thread-1] INFO  server.RaftServerConfigKeys (ConfUtils.java:logGet(43)) - raft.server.snapshot.retention.file.num = 5 (custom)
2019-10-07 12:26:09,685 [pool-87-thread-1] INFO  server.RaftServerConfigKeys (ConfUtils.java:logGet(43)) - raft.server.retrycache.expirytime = 600000ms (custom)
2019-10-07 12:26:09,689 [pool-87-thread-1] INFO  impl.RaftServerImpl (RaftServerImpl.java:start(181)) - c9767870-009c-4479-8ff8-96f0bb47e0cf@group-18D0147AF237: start as a follower, conf=-1: [c9767870-009c-4479-8ff8-96f0bb47e0cf:192.168.30.23:35662], old=null
2019-10-07 12:26:09,689 [pool-87-thread-1] INFO  impl.RaftServerImpl (RaftServerImpl.java:setRole(170)) - c9767870-009c-4479-8ff8-96f0bb47e0cf@group-18D0147AF237: changes role from      null to FOLLOWER at term 0 for startAsFollower
2019-10-07 12:26:09,689 [pool-87-thread-1] INFO  impl.RoleInfo (RoleInfo.java:updateAndGet(143)) - c9767870-009c-4479-8ff8-96f0bb47e0cf: start FollowerState
2019-10-07 12:26:09,690 [pool-87-thread-1] INFO  util.JmxRegister (JmxRegister.java:tryRegister(44)) - Successfully registered JMX Bean with object name Ratis:service=RaftServer,group=group-18D0147AF237,id=c9767870-009c-4479-8ff8-96f0bb47e0cf
2019-10-07 12:26:09,709 [RatisPipelineUtilsThread] INFO  pipeline.PipelineStateManager (PipelineStateManager.java:addPipeline(56)) - Created pipeline Pipeline[ Id: 1967298c-10cf-4e6d-be94-18d0147af237, Nodes: c9767870-009c-4479-8ff8-96f0bb47e0cf{ip: 192.168.30.23, host: pr-hdds-2262-rg9fl-2107095119, networkLocation: /default-rack, certSerialId: null}, Type:RATIS, Factor:ONE, State:OPEN]
2019-10-07 12:26:09,734 [grpc-default-executor-0] INFO  impl.RaftServerProxy (RaftServerProxy.java:addNew(89)) - 43084d02-11f8-4ae8-888c-ddbdf52c3d32: addNew group-E66473AE6CF1:[43084d02-11f8-4ae8-888c-ddbdf52c3d32:192.168.30.23:43114] returns group-E66473AE6CF1:java.util.concurrent.CompletableFuture@73fffb0f[Not completed]
2019-10-07 12:26:09,737 [pool-47-thread-1] INFO  impl.RaftServerImpl (RaftServerImpl.java:<init>(95)) - 43084d02-11f8-4ae8-888c-ddbdf52c3d32: new RaftServerImpl for group-E66473AE6CF1:[43084d02-11f8-4ae8-888c-ddbdf52c3d32:192.168.30.23:43114] with ContainerStateMachine:uninitialized
2019-10-07 12:26:09,737 [pool-47-thread-1] INFO  server.RaftServerConfigKeys (ConfUtils.java:logGet(43)) - raft.server.rpc.timeout.min = 5s (custom)
2019-10-07 12:26:09,737 [pool-47-thread-1] INFO  server.RaftServerConfigKeys (ConfUtils.java:logGet(43)) - raft.server.rpc.timeout.max = 5200ms (custom)
2019-10-07 12:26:09,737 [pool-47-thread-1] INFO  server.RaftServerConfigKeys (ConfUtils.java:logGet(43)) - raft.server.rpcslowness.timeout = 120s (custom)
2019-10-07 12:26:09,737 [pool-47-thread-1] INFO  server.RaftServerConfigKeys (ConfUtils.java:logGet(43)) - raft.server.sleep.deviation.threshold = 300 (default)
2019-10-07 12:26:09,737 [pool-47-thread-1] INFO  server.RaftServerConfigKeys (ConfUtils.java:logGet(43)) - raft.server.log.appender.install.snapshot.enabled = false (custom)
2019-10-07 12:26:09,738 [pool-47-thread-1] INFO  impl.RaftServerImpl (ServerState.java:<init>(103)) - 43084d02-11f8-4ae8-888c-ddbdf52c3d32@group-E66473AE6CF1: ConfigurationManager, init=-1: [43084d02-11f8-4ae8-888c-ddbdf52c3d32:192.168.30.23:43114], old=null, confs=<EMPTY_MAP>
2019-10-07 12:26:09,738 [pool-47-thread-1] INFO  server.RaftServerConfigKeys (ConfUtils.java:logGet(43)) - raft.server.storage.dir = [/workdir/hadoop-ozone/integration-test/target/test-dir/MiniOzoneClusterImpl-778dd385-233b-4e0e-8595-44f312773a1c/datanode-2/data/ratis] (custom)
2019-10-07 12:26:09,738 [pool-47-thread-1] INFO  server.RaftServerConfigKeys (ConfUtils.java:logGet(43)) - raft.server.log.corruption.policy = EXCEPTION (default)
2019-10-07 12:26:09,738 [pool-47-thread-1] INFO  storage.RaftStorageDirectory (RaftStorageDirectory.java:analyzeStorage(246)) - The storage directory /workdir/hadoop-ozone/integration-test/target/test-dir/MiniOzoneClusterImpl-778dd385-233b-4e0e-8595-44f312773a1c/datanode-2/data/ratis/afc14381-cf51-4dfb-8c19-e66473ae6cf1 does not exist. Creating ...
2019-10-07 12:26:09,752 [pool-47-thread-1] INFO  storage.RaftStorageDirectory (RaftStorageDirectory.java:tryLock(328)) - Lock on /workdir/hadoop-ozone/integration-test/target/test-dir/MiniOzoneClusterImpl-778dd385-233b-4e0e-8595-44f312773a1c/datanode-2/data/ratis/afc14381-cf51-4dfb-8c19-e66473ae6cf1/in_use.lock acquired by nodename 23866@pr-hdds-2262-rg9fl-2107095119
2019-10-07 12:26:09,774 [pool-47-thread-1] INFO  storage.RaftStorage (RaftStorage.java:format(84)) - Storage directory /workdir/hadoop-ozone/integration-test/target/test-dir/MiniOzoneClusterImpl-778dd385-233b-4e0e-8595-44f312773a1c/datanode-2/data/ratis/afc14381-cf51-4dfb-8c19-e66473ae6cf1 has been successfully formatted.
2019-10-07 12:26:09,774 [pool-47-thread-1] INFO  ratis.ContainerStateMachine (ContainerStateMachine.java:loadSnapshot(231)) - group-E66473AE6CF1: The snapshot info is null. Setting the last applied indexto:(t:0, i:~)
2019-10-07 12:26:09,774 [pool-47-thread-1] INFO  server.RaftServerConfigKeys (ConfUtils.java:logGet(43)) - raft.server.notification.no-leader.timeout = 120s (custom)
2019-10-07 12:26:09,774 [pool-47-thread-1] INFO  server.RaftServerConfigKeys (ConfUtils.java:logGet(43)) - raft.server.log.use.memory = false (default)
2019-10-07 12:26:09,774 [pool-47-thread-1] INFO  server.RaftServerConfigKeys (ConfUtils.java:logGet(43)) - raft.server.log.purge.gap = 1000000 (custom)
2019-10-07 12:26:09,774 [pool-47-thread-1] INFO  server.RaftServerConfigKeys (ConfUtils.java:logGet(43)) - raft.server.log.appender.buffer.byte-limit = 33554432 (custom)
2019-10-07 12:26:09,775 [pool-47-thread-1] INFO  server.RaftServerConfigKeys (ConfUtils.java:logGet(43)) - raft.server.log.segment.size.max = 1048576 (custom)
2019-10-07 12:26:09,777 [pool-47-thread-1] INFO  server.RaftServerConfigKeys (ConfUtils.java:logGet(43)) - raft.server.log.segment.cache.num.max = 2 (custom)
2019-10-07 12:26:09,777 [pool-47-thread-1] INFO  segmented.SegmentedRaftLogWorker (SegmentedRaftLogWorker.java:<init>(173)) - new 43084d02-11f8-4ae8-888c-ddbdf52c3d32@group-E66473AE6CF1-SegmentedRaftLogWorker for RaftStorage:Storage Directory /workdir/hadoop-ozone/integration-test/target/test-dir/MiniOzoneClusterImpl-778dd385-233b-4e0e-8595-44f312773a1c/datanode-2/data/ratis/afc14381-cf51-4dfb-8c19-e66473ae6cf1
2019-10-07 12:26:09,777 [pool-47-thread-1] INFO  server.RaftServerConfigKeys (ConfUtils.java:logGet(43)) - raft.server.log.queue.byte-limit = 2147483647 (custom)
2019-10-07 12:26:09,777 [pool-47-thread-1] INFO  server.RaftServerConfigKeys (ConfUtils.java:logGet(43)) - raft.server.log.queue.element-limit = 1024 (custom)
2019-10-07 12:26:09,778 [pool-47-thread-1] INFO  server.RaftServerConfigKeys (ConfUtils.java:logGet(43)) - raft.server.log.segment.size.max = 1048576 (custom)
2019-10-07 12:26:09,778 [pool-47-thread-1] INFO  server.RaftServerConfigKeys (ConfUtils.java:logGet(43)) - raft.server.log.preallocated.size = 16384 (custom)
2019-10-07 12:26:09,778 [pool-47-thread-1] INFO  server.RaftServerConfigKeys (ConfUtils.java:logGet(43)) - raft.server.log.write.buffer.size = 33554432 (custom)
2019-10-07 12:26:09,778 [pool-47-thread-1] INFO  server.RaftServerConfigKeys (ConfUtils.java:logGet(43)) - raft.server.log.force.sync.num = 128 (default)
2019-10-07 12:26:09,778 [pool-47-thread-1] INFO  server.RaftServerConfigKeys (ConfUtils.java:logGet(43)) - raft.server.log.statemachine.data.sync = true (default)
2019-10-07 12:26:09,778 [pool-47-thread-1] INFO  server.RaftServerConfigKeys (ConfUtils.java:logGet(43)) - raft.server.log.statemachine.data.sync.timeout = 10s (default)
2019-10-07 12:26:09,778 [pool-47-thread-1] INFO  server.RaftServerConfigKeys (ConfUtils.java:logGet(43)) - raft.server.log.statemachine.data.sync.timeout.retry = -1 (default)
2019-10-07 12:26:09,779 [pool-47-thread-1] INFO  server.RaftServerConfigKeys (ConfUtils.java:logGet(43)) - raft.server.log.statemachine.data.caching.enabled = true (custom)
2019-10-07 12:26:09,779 [pool-47-thread-1] INFO  segmented.SegmentedRaftLogWorker (SegmentedRaftLogWorker.java:lambda$new$0(128)) - 43084d02-11f8-4ae8-888c-ddbdf52c3d32@group-E66473AE6CF1-SegmentedRaftLogWorker: flushIndex: setUnconditionally 0 -> -1
2019-10-07 12:26:09,779 [pool-47-thread-1] INFO  server.RaftServerConfigKeys (ConfUtils.java:logGet(43)) - raft.server.snapshot.auto.trigger.enabled = true (custom)
2019-10-07 12:26:09,779 [pool-47-thread-1] INFO  server.RaftServerConfigKeys (ConfUtils.java:logGet(43)) - raft.server.snapshot.auto.trigger.threshold = 10000 (custom)
2019-10-07 12:26:09,780 [pool-47-thread-1] INFO  server.RaftServerConfigKeys (ConfUtils.java:logGet(43)) - raft.server.snapshot.retention.file.num = 5 (custom)
2019-10-07 12:26:09,780 [pool-47-thread-1] INFO  server.RaftServerConfigKeys (ConfUtils.java:logGet(43)) - raft.server.retrycache.expirytime = 600000ms (custom)
2019-10-07 12:26:09,782 [pool-47-thread-1] INFO  impl.RaftServerImpl (RaftServerImpl.java:start(181)) - 43084d02-11f8-4ae8-888c-ddbdf52c3d32@group-E66473AE6CF1: start as a follower, conf=-1: [43084d02-11f8-4ae8-888c-ddbdf52c3d32:192.168.30.23:43114], old=null
2019-10-07 12:26:09,782 [pool-47-thread-1] INFO  impl.RaftServerImpl (RaftServerImpl.java:setRole(170)) - 43084d02-11f8-4ae8-888c-ddbdf52c3d32@group-E66473AE6CF1: changes role from      null to FOLLOWER at term 0 for startAsFollower
2019-10-07 12:26:09,782 [pool-47-thread-1] INFO  impl.RoleInfo (RoleInfo.java:updateAndGet(143)) - 43084d02-11f8-4ae8-888c-ddbdf52c3d32: start FollowerState
2019-10-07 12:26:09,782 [pool-47-thread-1] INFO  util.JmxRegister (JmxRegister.java:tryRegister(44)) - Successfully registered JMX Bean with object name Ratis:service=RaftServer,group=group-E66473AE6CF1,id=43084d02-11f8-4ae8-888c-ddbdf52c3d32
2019-10-07 12:26:09,796 [RatisPipelineUtilsThread] INFO  pipeline.PipelineStateManager (PipelineStateManager.java:addPipeline(56)) - Created pipeline Pipeline[ Id: afc14381-cf51-4dfb-8c19-e66473ae6cf1, Nodes: 43084d02-11f8-4ae8-888c-ddbdf52c3d32{ip: 192.168.30.23, host: pr-hdds-2262-rg9fl-2107095119, networkLocation: /default-rack, certSerialId: null}, Type:RATIS, Factor:ONE, State:OPEN]
2019-10-07 12:26:09,815 [grpc-default-executor-0] INFO  impl.RaftServerProxy (RaftServerProxy.java:addNew(89)) - 3a65e708-6c4f-4335-a3d7-61b0c1328875: addNew group-2730BA3E9A6A:[3a65e708-6c4f-4335-a3d7-61b0c1328875:192.168.30.23:37427] returns group-2730BA3E9A6A:java.util.concurrent.CompletableFuture@478a9b7b[Not completed]
2019-10-07 12:26:09,819 [pool-57-thread-1] INFO  impl.RaftServerImpl (RaftServerImpl.java:<init>(95)) - 3a65e708-6c4f-4335-a3d7-61b0c1328875: new RaftServerImpl for group-2730BA3E9A6A:[3a65e708-6c4f-4335-a3d7-61b0c1328875:192.168.30.23:37427] with ContainerStateMachine:uninitialized
2019-10-07 12:26:09,819 [pool-57-thread-1] INFO  server.RaftServerConfigKeys (ConfUtils.java:logGet(43)) - raft.server.rpc.timeout.min = 5s (custom)
2019-10-07 12:26:09,819 [pool-57-thread-1] INFO  server.RaftServerConfigKeys (ConfUtils.java:logGet(43)) - raft.server.rpc.timeout.max = 5200ms (custom)
2019-10-07 12:26:09,819 [pool-57-thread-1] INFO  server.RaftServerConfigKeys (ConfUtils.java:logGet(43)) - raft.server.rpcslowness.timeout = 120s (custom)
2019-10-07 12:26:09,820 [pool-57-thread-1] INFO  server.RaftServerConfigKeys (ConfUtils.java:logGet(43)) - raft.server.sleep.deviation.threshold = 300 (default)
2019-10-07 12:26:09,820 [pool-57-thread-1] INFO  server.RaftServerConfigKeys (ConfUtils.java:logGet(43)) - raft.server.log.appender.install.snapshot.enabled = false (custom)
2019-10-07 12:26:09,820 [pool-57-thread-1] INFO  impl.RaftServerImpl (ServerState.java:<init>(103)) - 3a65e708-6c4f-4335-a3d7-61b0c1328875@group-2730BA3E9A6A: ConfigurationManager, init=-1: [3a65e708-6c4f-4335-a3d7-61b0c1328875:192.168.30.23:37427], old=null, confs=<EMPTY_MAP>
2019-10-07 12:26:09,820 [pool-57-thread-1] INFO  server.RaftServerConfigKeys (ConfUtils.java:logGet(43)) - raft.server.storage.dir = [/workdir/hadoop-ozone/integration-test/target/test-dir/MiniOzoneClusterImpl-778dd385-233b-4e0e-8595-44f312773a1c/datanode-3/data/ratis] (custom)
2019-10-07 12:26:09,820 [pool-57-thread-1] INFO  server.RaftServerConfigKeys (ConfUtils.java:logGet(43)) - raft.server.log.corruption.policy = EXCEPTION (default)
2019-10-07 12:26:09,820 [pool-57-thread-1] INFO  storage.RaftStorageDirectory (RaftStorageDirectory.java:analyzeStorage(246)) - The storage directory /workdir/hadoop-ozone/integration-test/target/test-dir/MiniOzoneClusterImpl-778dd385-233b-4e0e-8595-44f312773a1c/datanode-3/data/ratis/e67a30ed-f4ad-4291-a09b-2730ba3e9a6a does not exist. Creating ...
2019-10-07 12:26:09,834 [pool-57-thread-1] INFO  storage.RaftStorageDirectory (RaftStorageDirectory.java:tryLock(328)) - Lock on /workdir/hadoop-ozone/integration-test/target/test-dir/MiniOzoneClusterImpl-778dd385-233b-4e0e-8595-44f312773a1c/datanode-3/data/ratis/e67a30ed-f4ad-4291-a09b-2730ba3e9a6a/in_use.lock acquired by nodename 23866@pr-hdds-2262-rg9fl-2107095119
2019-10-07 12:26:09,847 [pool-57-thread-1] INFO  storage.RaftStorage (RaftStorage.java:format(84)) - Storage directory /workdir/hadoop-ozone/integration-test/target/test-dir/MiniOzoneClusterImpl-778dd385-233b-4e0e-8595-44f312773a1c/datanode-3/data/ratis/e67a30ed-f4ad-4291-a09b-2730ba3e9a6a has been successfully formatted.
2019-10-07 12:26:09,847 [pool-57-thread-1] INFO  ratis.ContainerStateMachine (ContainerStateMachine.java:loadSnapshot(231)) - group-2730BA3E9A6A: The snapshot info is null. Setting the last applied indexto:(t:0, i:~)
2019-10-07 12:26:09,848 [pool-57-thread-1] INFO  server.RaftServerConfigKeys (ConfUtils.java:logGet(43)) - raft.server.notification.no-leader.timeout = 120s (custom)
2019-10-07 12:26:09,848 [pool-57-thread-1] INFO  server.RaftServerConfigKeys (ConfUtils.java:logGet(43)) - raft.server.log.use.memory = false (default)
2019-10-07 12:26:09,848 [pool-57-thread-1] INFO  server.RaftServerConfigKeys (ConfUtils.java:logGet(43)) - raft.server.log.purge.gap = 1000000 (custom)
2019-10-07 12:26:09,848 [pool-57-thread-1] INFO  server.RaftServerConfigKeys (ConfUtils.java:logGet(43)) - raft.server.log.appender.buffer.byte-limit = 33554432 (custom)
2019-10-07 12:26:09,848 [pool-57-thread-1] INFO  server.RaftServerConfigKeys (ConfUtils.java:logGet(43)) - raft.server.log.segment.size.max = 1048576 (custom)
2019-10-07 12:26:09,850 [pool-57-thread-1] INFO  server.RaftServerConfigKeys (ConfUtils.java:logGet(43)) - raft.server.log.segment.cache.num.max = 2 (custom)
2019-10-07 12:26:09,851 [pool-57-thread-1] INFO  segmented.SegmentedRaftLogWorker (SegmentedRaftLogWorker.java:<init>(173)) - new 3a65e708-6c4f-4335-a3d7-61b0c1328875@group-2730BA3E9A6A-SegmentedRaftLogWorker for RaftStorage:Storage Directory /workdir/hadoop-ozone/integration-test/target/test-dir/MiniOzoneClusterImpl-778dd385-233b-4e0e-8595-44f312773a1c/datanode-3/data/ratis/e67a30ed-f4ad-4291-a09b-2730ba3e9a6a
2019-10-07 12:26:09,851 [pool-57-thread-1] INFO  server.RaftServerConfigKeys (ConfUtils.java:logGet(43)) - raft.server.log.queue.byte-limit = 2147483647 (custom)
2019-10-07 12:26:09,851 [pool-57-thread-1] INFO  server.RaftServerConfigKeys (ConfUtils.java:logGet(43)) - raft.server.log.queue.element-limit = 1024 (custom)
2019-10-07 12:26:09,851 [pool-57-thread-1] INFO  server.RaftServerConfigKeys (ConfUtils.java:logGet(43)) - raft.server.log.segment.size.max = 1048576 (custom)
2019-10-07 12:26:09,851 [pool-57-thread-1] INFO  server.RaftServerConfigKeys (ConfUtils.java:logGet(43)) - raft.server.log.preallocated.size = 16384 (custom)
2019-10-07 12:26:09,851 [pool-57-thread-1] INFO  server.RaftServerConfigKeys (ConfUtils.java:logGet(43)) - raft.server.log.write.buffer.size = 33554432 (custom)
2019-10-07 12:26:09,851 [pool-57-thread-1] INFO  server.RaftServerConfigKeys (ConfUtils.java:logGet(43)) - raft.server.log.force.sync.num = 128 (default)
2019-10-07 12:26:09,851 [pool-57-thread-1] INFO  server.RaftServerConfigKeys (ConfUtils.java:logGet(43)) - raft.server.log.statemachine.data.sync = true (default)
2019-10-07 12:26:09,851 [pool-57-thread-1] INFO  server.RaftServerConfigKeys (ConfUtils.java:logGet(43)) - raft.server.log.statemachine.data.sync.timeout = 10s (default)
2019-10-07 12:26:09,852 [pool-57-thread-1] INFO  server.RaftServerConfigKeys (ConfUtils.java:logGet(43)) - raft.server.log.statemachine.data.sync.timeout.retry = -1 (default)
2019-10-07 12:26:09,852 [pool-57-thread-1] INFO  server.RaftServerConfigKeys (ConfUtils.java:logGet(43)) - raft.server.log.statemachine.data.caching.enabled = true (custom)
2019-10-07 12:26:09,852 [pool-57-thread-1] INFO  segmented.SegmentedRaftLogWorker (SegmentedRaftLogWorker.java:lambda$new$0(128)) - 3a65e708-6c4f-4335-a3d7-61b0c1328875@group-2730BA3E9A6A-SegmentedRaftLogWorker: flushIndex: setUnconditionally 0 -> -1
2019-10-07 12:26:09,853 [pool-57-thread-1] INFO  server.RaftServerConfigKeys (ConfUtils.java:logGet(43)) - raft.server.snapshot.auto.trigger.enabled = true (custom)
2019-10-07 12:26:09,853 [pool-57-thread-1] INFO  server.RaftServerConfigKeys (ConfUtils.java:logGet(43)) - raft.server.snapshot.auto.trigger.threshold = 10000 (custom)
2019-10-07 12:26:09,853 [pool-57-thread-1] INFO  server.RaftServerConfigKeys (ConfUtils.java:logGet(43)) - raft.server.snapshot.retention.file.num = 5 (custom)
2019-10-07 12:26:09,853 [pool-57-thread-1] INFO  server.RaftServerConfigKeys (ConfUtils.java:logGet(43)) - raft.server.retrycache.expirytime = 600000ms (custom)
2019-10-07 12:26:09,855 [pool-57-thread-1] INFO  impl.RaftServerImpl (RaftServerImpl.java:start(181)) - 3a65e708-6c4f-4335-a3d7-61b0c1328875@group-2730BA3E9A6A: start as a follower, conf=-1: [3a65e708-6c4f-4335-a3d7-61b0c1328875:192.168.30.23:37427], old=null
2019-10-07 12:26:09,855 [pool-57-thread-1] INFO  impl.RaftServerImpl (RaftServerImpl.java:setRole(170)) - 3a65e708-6c4f-4335-a3d7-61b0c1328875@group-2730BA3E9A6A: changes role from      null to FOLLOWER at term 0 for startAsFollower
2019-10-07 12:26:09,855 [pool-57-thread-1] INFO  impl.RoleInfo (RoleInfo.java:updateAndGet(143)) - 3a65e708-6c4f-4335-a3d7-61b0c1328875: start FollowerState
2019-10-07 12:26:09,856 [pool-57-thread-1] INFO  util.JmxRegister (JmxRegister.java:tryRegister(44)) - Successfully registered JMX Bean with object name Ratis:service=RaftServer,group=group-2730BA3E9A6A,id=3a65e708-6c4f-4335-a3d7-61b0c1328875
2019-10-07 12:26:09,868 [RatisPipelineUtilsThread] INFO  pipeline.PipelineStateManager (PipelineStateManager.java:addPipeline(56)) - Created pipeline Pipeline[ Id: e67a30ed-f4ad-4291-a09b-2730ba3e9a6a, Nodes: 3a65e708-6c4f-4335-a3d7-61b0c1328875{ip: 192.168.30.23, host: pr-hdds-2262-rg9fl-2107095119, networkLocation: /default-rack, certSerialId: null}, Type:RATIS, Factor:ONE, State:OPEN]
2019-10-07 12:26:09,881 [grpc-default-executor-0] INFO  impl.RaftServerProxy (RaftServerProxy.java:addNew(89)) - b5039893-fef7-4d01-9c96-a360cfbc7d73: addNew group-A10E7B10A24A:[b5039893-fef7-4d01-9c96-a360cfbc7d73:192.168.30.23:46082] returns group-A10E7B10A24A:java.util.concurrent.CompletableFuture@46a4bfab[Not completed]
2019-10-07 12:26:09,885 [pool-77-thread-1] INFO  impl.RaftServerImpl (RaftServerImpl.java:<init>(95)) - b5039893-fef7-4d01-9c96-a360cfbc7d73: new RaftServerImpl for group-A10E7B10A24A:[b5039893-fef7-4d01-9c96-a360cfbc7d73:192.168.30.23:46082] with ContainerStateMachine:uninitialized
2019-10-07 12:26:09,885 [pool-77-thread-1] INFO  server.RaftServerConfigKeys (ConfUtils.java:logGet(43)) - raft.server.rpc.timeout.min = 5s (custom)
2019-10-07 12:26:09,885 [pool-77-thread-1] INFO  server.RaftServerConfigKeys (ConfUtils.java:logGet(43)) - raft.server.rpc.timeout.max = 5200ms (custom)
2019-10-07 12:26:09,885 [pool-77-thread-1] INFO  server.RaftServerConfigKeys (ConfUtils.java:logGet(43)) - raft.server.rpcslowness.timeout = 120s (custom)
2019-10-07 12:26:09,886 [pool-77-thread-1] INFO  server.RaftServerConfigKeys (ConfUtils.java:logGet(43)) - raft.server.sleep.deviation.threshold = 300 (default)
2019-10-07 12:26:09,886 [pool-77-thread-1] INFO  server.RaftServerConfigKeys (ConfUtils.java:logGet(43)) - raft.server.log.appender.install.snapshot.enabled = false (custom)
2019-10-07 12:26:09,886 [pool-77-thread-1] INFO  impl.RaftServerImpl (ServerState.java:<init>(103)) - b5039893-fef7-4d01-9c96-a360cfbc7d73@group-A10E7B10A24A: ConfigurationManager, init=-1: [b5039893-fef7-4d01-9c96-a360cfbc7d73:192.168.30.23:46082], old=null, confs=<EMPTY_MAP>
2019-10-07 12:26:09,886 [pool-77-thread-1] INFO  server.RaftServerConfigKeys (ConfUtils.java:logGet(43)) - raft.server.storage.dir = [/workdir/hadoop-ozone/integration-test/target/test-dir/MiniOzoneClusterImpl-778dd385-233b-4e0e-8595-44f312773a1c/datanode-5/data/ratis] (custom)
2019-10-07 12:26:09,887 [pool-77-thread-1] INFO  server.RaftServerConfigKeys (ConfUtils.java:logGet(43)) - raft.server.log.corruption.policy = EXCEPTION (default)
2019-10-07 12:26:09,887 [pool-77-thread-1] INFO  storage.RaftStorageDirectory (RaftStorageDirectory.java:analyzeStorage(246)) - The storage directory /workdir/hadoop-ozone/integration-test/target/test-dir/MiniOzoneClusterImpl-778dd385-233b-4e0e-8595-44f312773a1c/datanode-5/data/ratis/537156a2-9231-455b-bef8-a10e7b10a24a does not exist. Creating ...
2019-10-07 12:26:09,901 [pool-77-thread-1] INFO  storage.RaftStorageDirectory (RaftStorageDirectory.java:tryLock(328)) - Lock on /workdir/hadoop-ozone/integration-test/target/test-dir/MiniOzoneClusterImpl-778dd385-233b-4e0e-8595-44f312773a1c/datanode-5/data/ratis/537156a2-9231-455b-bef8-a10e7b10a24a/in_use.lock acquired by nodename 23866@pr-hdds-2262-rg9fl-2107095119
2019-10-07 12:26:09,914 [pool-77-thread-1] INFO  storage.RaftStorage (RaftStorage.java:format(84)) - Storage directory /workdir/hadoop-ozone/integration-test/target/test-dir/MiniOzoneClusterImpl-778dd385-233b-4e0e-8595-44f312773a1c/datanode-5/data/ratis/537156a2-9231-455b-bef8-a10e7b10a24a has been successfully formatted.
2019-10-07 12:26:09,915 [pool-77-thread-1] INFO  ratis.ContainerStateMachine (ContainerStateMachine.java:loadSnapshot(231)) - group-A10E7B10A24A: The snapshot info is null. Setting the last applied indexto:(t:0, i:~)
2019-10-07 12:26:09,915 [pool-77-thread-1] INFO  server.RaftServerConfigKeys (ConfUtils.java:logGet(43)) - raft.server.notification.no-leader.timeout = 120s (custom)
2019-10-07 12:26:09,915 [pool-77-thread-1] INFO  server.RaftServerConfigKeys (ConfUtils.java:logGet(43)) - raft.server.log.use.memory = false (default)
2019-10-07 12:26:09,915 [pool-77-thread-1] INFO  server.RaftServerConfigKeys (ConfUtils.java:logGet(43)) - raft.server.log.purge.gap = 1000000 (custom)
2019-10-07 12:26:09,915 [pool-77-thread-1] INFO  server.RaftServerConfigKeys (ConfUtils.java:logGet(43)) - raft.server.log.appender.buffer.byte-limit = 33554432 (custom)
2019-10-07 12:26:09,916 [pool-77-thread-1] INFO  server.RaftServerConfigKeys (ConfUtils.java:logGet(43)) - raft.server.log.segment.size.max = 1048576 (custom)
2019-10-07 12:26:09,919 [pool-77-thread-1] INFO  server.RaftServerConfigKeys (ConfUtils.java:logGet(43)) - raft.server.log.segment.cache.num.max = 2 (custom)
2019-10-07 12:26:09,919 [pool-77-thread-1] INFO  segmented.SegmentedRaftLogWorker (SegmentedRaftLogWorker.java:<init>(173)) - new b5039893-fef7-4d01-9c96-a360cfbc7d73@group-A10E7B10A24A-SegmentedRaftLogWorker for RaftStorage:Storage Directory /workdir/hadoop-ozone/integration-test/target/test-dir/MiniOzoneClusterImpl-778dd385-233b-4e0e-8595-44f312773a1c/datanode-5/data/ratis/537156a2-9231-455b-bef8-a10e7b10a24a
2019-10-07 12:26:09,919 [pool-77-thread-1] INFO  server.RaftServerConfigKeys (ConfUtils.java:logGet(43)) - raft.server.log.queue.byte-limit = 2147483647 (custom)
2019-10-07 12:26:09,919 [pool-77-thread-1] INFO  server.RaftServerConfigKeys (ConfUtils.java:logGet(43)) - raft.server.log.queue.element-limit = 1024 (custom)
2019-10-07 12:26:09,920 [pool-77-thread-1] INFO  server.RaftServerConfigKeys (ConfUtils.java:logGet(43)) - raft.server.log.segment.size.max = 1048576 (custom)
2019-10-07 12:26:09,920 [pool-77-thread-1] INFO  server.RaftServerConfigKeys (ConfUtils.java:logGet(43)) - raft.server.log.preallocated.size = 16384 (custom)
2019-10-07 12:26:09,920 [pool-77-thread-1] INFO  server.RaftServerConfigKeys (ConfUtils.java:logGet(43)) - raft.server.log.write.buffer.size = 33554432 (custom)
2019-10-07 12:26:09,920 [pool-77-thread-1] INFO  server.RaftServerConfigKeys (ConfUtils.java:logGet(43)) - raft.server.log.force.sync.num = 128 (default)
2019-10-07 12:26:09,920 [pool-77-thread-1] INFO  server.RaftServerConfigKeys (ConfUtils.java:logGet(43)) - raft.server.log.statemachine.data.sync = true (default)
2019-10-07 12:26:09,920 [pool-77-thread-1] INFO  server.RaftServerConfigKeys (ConfUtils.java:logGet(43)) - raft.server.log.statemachine.data.sync.timeout = 10s (default)
2019-10-07 12:26:09,921 [pool-77-thread-1] INFO  server.RaftServerConfigKeys (ConfUtils.java:logGet(43)) - raft.server.log.statemachine.data.sync.timeout.retry = -1 (default)
2019-10-07 12:26:09,921 [pool-77-thread-1] INFO  server.RaftServerConfigKeys (ConfUtils.java:logGet(43)) - raft.server.log.statemachine.data.caching.enabled = true (custom)
2019-10-07 12:26:09,922 [pool-77-thread-1] INFO  segmented.SegmentedRaftLogWorker (SegmentedRaftLogWorker.java:lambda$new$0(128)) - b5039893-fef7-4d01-9c96-a360cfbc7d73@group-A10E7B10A24A-SegmentedRaftLogWorker: flushIndex: setUnconditionally 0 -> -1
2019-10-07 12:26:09,922 [pool-77-thread-1] INFO  server.RaftServerConfigKeys (ConfUtils.java:logGet(43)) - raft.server.snapshot.auto.trigger.enabled = true (custom)
2019-10-07 12:26:09,922 [pool-77-thread-1] INFO  server.RaftServerConfigKeys (ConfUtils.java:logGet(43)) - raft.server.snapshot.auto.trigger.threshold = 10000 (custom)
2019-10-07 12:26:09,922 [pool-77-thread-1] INFO  server.RaftServerConfigKeys (ConfUtils.java:logGet(43)) - raft.server.snapshot.retention.file.num = 5 (custom)
2019-10-07 12:26:09,923 [pool-77-thread-1] INFO  server.RaftServerConfigKeys (ConfUtils.java:logGet(43)) - raft.server.retrycache.expirytime = 600000ms (custom)
2019-10-07 12:26:09,926 [pool-77-thread-1] INFO  impl.RaftServerImpl (RaftServerImpl.java:start(181)) - b5039893-fef7-4d01-9c96-a360cfbc7d73@group-A10E7B10A24A: start as a follower, conf=-1: [b5039893-fef7-4d01-9c96-a360cfbc7d73:192.168.30.23:46082], old=null
2019-10-07 12:26:09,926 [pool-77-thread-1] INFO  impl.RaftServerImpl (RaftServerImpl.java:setRole(170)) - b5039893-fef7-4d01-9c96-a360cfbc7d73@group-A10E7B10A24A: changes role from      null to FOLLOWER at term 0 for startAsFollower
2019-10-07 12:26:09,926 [pool-77-thread-1] INFO  impl.RoleInfo (RoleInfo.java:updateAndGet(143)) - b5039893-fef7-4d01-9c96-a360cfbc7d73: start FollowerState
2019-10-07 12:26:09,926 [pool-77-thread-1] INFO  util.JmxRegister (JmxRegister.java:tryRegister(44)) - Successfully registered JMX Bean with object name Ratis:service=RaftServer,group=group-A10E7B10A24A,id=b5039893-fef7-4d01-9c96-a360cfbc7d73
2019-10-07 12:26:09,951 [RatisPipelineUtilsThread] INFO  pipeline.PipelineStateManager (PipelineStateManager.java:addPipeline(56)) - Created pipeline Pipeline[ Id: 537156a2-9231-455b-bef8-a10e7b10a24a, Nodes: b5039893-fef7-4d01-9c96-a360cfbc7d73{ip: 192.168.30.23, host: pr-hdds-2262-rg9fl-2107095119, networkLocation: /default-rack, certSerialId: null}, Type:RATIS, Factor:ONE, State:OPEN]
2019-10-07 12:26:09,973 [main] INFO  ozone.MiniOzoneClusterImpl (MiniOzoneClusterImpl.java:lambda$waitForClusterToBeReady$0(147)) - Cluster is ready. Got 7 of 7 DN Heartbeats.
2019-10-07 12:26:09,985 [grpc-default-executor-2] INFO  impl.RaftServerProxy (RaftServerProxy.java:addNew(89)) - c9767870-009c-4479-8ff8-96f0bb47e0cf: addNew group-9D472F5A4EC1:[c9767870-009c-4479-8ff8-96f0bb47e0cf:192.168.30.23:35662, 1918313e-d2a9-4acc-93c2-47b7c5875062:192.168.30.23:46361, f57744b5-2f7a-4ed8-9444-5c5c06f9ffa0:192.168.30.23:39485] returns group-9D472F5A4EC1:java.util.concurrent.CompletableFuture@4f22e90f[Not completed]
2019-10-07 12:26:09,985 [grpc-default-executor-1] INFO  impl.RaftServerProxy (RaftServerProxy.java:addNew(89)) - 1918313e-d2a9-4acc-93c2-47b7c5875062: addNew group-9D472F5A4EC1:[c9767870-009c-4479-8ff8-96f0bb47e0cf:192.168.30.23:35662, 1918313e-d2a9-4acc-93c2-47b7c5875062:192.168.30.23:46361, f57744b5-2f7a-4ed8-9444-5c5c06f9ffa0:192.168.30.23:39485] returns group-9D472F5A4EC1:java.util.concurrent.CompletableFuture@5a89eb22[Not completed]
2019-10-07 12:26:09,988 [grpc-default-executor-1] INFO  impl.RaftServerProxy (RaftServerProxy.java:addNew(89)) - f57744b5-2f7a-4ed8-9444-5c5c06f9ffa0: addNew group-9D472F5A4EC1:[c9767870-009c-4479-8ff8-96f0bb47e0cf:192.168.30.23:35662, 1918313e-d2a9-4acc-93c2-47b7c5875062:192.168.30.23:46361, f57744b5-2f7a-4ed8-9444-5c5c06f9ffa0:192.168.30.23:39485] returns group-9D472F5A4EC1:java.util.concurrent.CompletableFuture@1f8b6e17[Not completed]
2019-10-07 12:26:09,989 [pool-87-thread-1] INFO  impl.RaftServerImpl (RaftServerImpl.java:<init>(95)) - c9767870-009c-4479-8ff8-96f0bb47e0cf: new RaftServerImpl for group-9D472F5A4EC1:[c9767870-009c-4479-8ff8-96f0bb47e0cf:192.168.30.23:35662, 1918313e-d2a9-4acc-93c2-47b7c5875062:192.168.30.23:46361, f57744b5-2f7a-4ed8-9444-5c5c06f9ffa0:192.168.30.23:39485] with ContainerStateMachine:uninitialized
2019-10-07 12:26:09,989 [pool-87-thread-1] INFO  server.RaftServerConfigKeys (ConfUtils.java:logGet(43)) - raft.server.rpc.timeout.min = 5s (custom)
2019-10-07 12:26:09,990 [pool-87-thread-1] INFO  server.RaftServerConfigKeys (ConfUtils.java:logGet(43)) - raft.server.rpc.timeout.max = 5200ms (custom)
2019-10-07 12:26:09,990 [pool-87-thread-1] INFO  server.RaftServerConfigKeys (ConfUtils.java:logGet(43)) - raft.server.rpcslowness.timeout = 120s (custom)
2019-10-07 12:26:09,990 [pool-87-thread-1] INFO  server.RaftServerConfigKeys (ConfUtils.java:logGet(43)) - raft.server.sleep.deviation.threshold = 300 (default)
2019-10-07 12:26:09,990 [pool-37-thread-1] INFO  impl.RaftServerImpl (RaftServerImpl.java:<init>(95)) - f57744b5-2f7a-4ed8-9444-5c5c06f9ffa0: new RaftServerImpl for group-9D472F5A4EC1:[c9767870-009c-4479-8ff8-96f0bb47e0cf:192.168.30.23:35662, 1918313e-d2a9-4acc-93c2-47b7c5875062:192.168.30.23:46361, f57744b5-2f7a-4ed8-9444-5c5c06f9ffa0:192.168.30.23:39485] with ContainerStateMachine:uninitialized
2019-10-07 12:26:09,990 [pool-87-thread-1] INFO  server.RaftServerConfigKeys (ConfUtils.java:logGet(43)) - raft.server.log.appender.install.snapshot.enabled = false (custom)
2019-10-07 12:26:09,991 [pool-37-thread-1] INFO  server.RaftServerConfigKeys (ConfUtils.java:logGet(43)) - raft.server.rpc.timeout.min = 5s (custom)
2019-10-07 12:26:09,991 [pool-87-thread-1] INFO  impl.RaftServerImpl (ServerState.java:<init>(103)) - c9767870-009c-4479-8ff8-96f0bb47e0cf@group-9D472F5A4EC1: ConfigurationManager, init=-1: [c9767870-009c-4479-8ff8-96f0bb47e0cf:192.168.30.23:35662, 1918313e-d2a9-4acc-93c2-47b7c5875062:192.168.30.23:46361, f57744b5-2f7a-4ed8-9444-5c5c06f9ffa0:192.168.30.23:39485], old=null, confs=<EMPTY_MAP>
2019-10-07 12:26:09,991 [pool-37-thread-1] INFO  server.RaftServerConfigKeys (ConfUtils.java:logGet(43)) - raft.server.rpc.timeout.max = 5200ms (custom)
2019-10-07 12:26:09,991 [pool-37-thread-1] INFO  server.RaftServerConfigKeys (ConfUtils.java:logGet(43)) - raft.server.rpcslowness.timeout = 120s (custom)
2019-10-07 12:26:09,991 [pool-87-thread-1] INFO  server.RaftServerConfigKeys (ConfUtils.java:logGet(43)) - raft.server.storage.dir = [/workdir/hadoop-ozone/integration-test/target/test-dir/MiniOzoneClusterImpl-778dd385-233b-4e0e-8595-44f312773a1c/datanode-6/data/ratis] (custom)
2019-10-07 12:26:09,991 [pool-37-thread-1] INFO  server.RaftServerConfigKeys (ConfUtils.java:logGet(43)) - raft.server.sleep.deviation.threshold = 300 (default)
2019-10-07 12:26:09,992 [pool-37-thread-1] INFO  server.RaftServerConfigKeys (ConfUtils.java:logGet(43)) - raft.server.log.appender.install.snapshot.enabled = false (custom)
2019-10-07 12:26:09,992 [pool-87-thread-1] INFO  server.RaftServerConfigKeys (ConfUtils.java:logGet(43)) - raft.server.log.corruption.policy = EXCEPTION (default)
2019-10-07 12:26:09,992 [pool-67-thread-1] INFO  impl.RaftServerImpl (RaftServerImpl.java:<init>(95)) - 1918313e-d2a9-4acc-93c2-47b7c5875062: new RaftServerImpl for group-9D472F5A4EC1:[c9767870-009c-4479-8ff8-96f0bb47e0cf:192.168.30.23:35662, 1918313e-d2a9-4acc-93c2-47b7c5875062:192.168.30.23:46361, f57744b5-2f7a-4ed8-9444-5c5c06f9ffa0:192.168.30.23:39485] with ContainerStateMachine:uninitialized
2019-10-07 12:26:09,992 [pool-37-thread-1] INFO  impl.RaftServerImpl (ServerState.java:<init>(103)) - f57744b5-2f7a-4ed8-9444-5c5c06f9ffa0@group-9D472F5A4EC1: ConfigurationManager, init=-1: [c9767870-009c-4479-8ff8-96f0bb47e0cf:192.168.30.23:35662, 1918313e-d2a9-4acc-93c2-47b7c5875062:192.168.30.23:46361, f57744b5-2f7a-4ed8-9444-5c5c06f9ffa0:192.168.30.23:39485], old=null, confs=<EMPTY_MAP>
2019-10-07 12:26:09,992 [pool-87-thread-1] INFO  storage.RaftStorageDirectory (RaftStorageDirectory.java:analyzeStorage(246)) - The storage directory /workdir/hadoop-ozone/integration-test/target/test-dir/MiniOzoneClusterImpl-778dd385-233b-4e0e-8595-44f312773a1c/datanode-6/data/ratis/df4b5256-a9cb-4cc6-889f-9d472f5a4ec1 does not exist. Creating ...
2019-10-07 12:26:09,992 [pool-37-thread-1] INFO  server.RaftServerConfigKeys (ConfUtils.java:logGet(43)) - raft.server.storage.dir = [/workdir/hadoop-ozone/integration-test/target/test-dir/MiniOzoneClusterImpl-778dd385-233b-4e0e-8595-44f312773a1c/datanode-1/data/ratis] (custom)
2019-10-07 12:26:09,992 [pool-67-thread-1] INFO  server.RaftServerConfigKeys (ConfUtils.java:logGet(43)) - raft.server.rpc.timeout.min = 5s (custom)
2019-10-07 12:26:09,993 [pool-37-thread-1] INFO  server.RaftServerConfigKeys (ConfUtils.java:logGet(43)) - raft.server.log.corruption.policy = EXCEPTION (default)
2019-10-07 12:26:09,993 [pool-67-thread-1] INFO  server.RaftServerConfigKeys (ConfUtils.java:logGet(43)) - raft.server.rpc.timeout.max = 5200ms (custom)
2019-10-07 12:26:09,993 [pool-37-thread-1] INFO  storage.RaftStorageDirectory (RaftStorageDirectory.java:analyzeStorage(246)) - The storage directory /workdir/hadoop-ozone/integration-test/target/test-dir/MiniOzoneClusterImpl-778dd385-233b-4e0e-8595-44f312773a1c/datanode-1/data/ratis/df4b5256-a9cb-4cc6-889f-9d472f5a4ec1 does not exist. Creating ...
2019-10-07 12:26:09,993 [pool-67-thread-1] INFO  server.RaftServerConfigKeys (ConfUtils.java:logGet(43)) - raft.server.rpcslowness.timeout = 120s (custom)
2019-10-07 12:26:09,993 [pool-67-thread-1] INFO  server.RaftServerConfigKeys (ConfUtils.java:logGet(43)) - raft.server.sleep.deviation.threshold = 300 (default)
2019-10-07 12:26:09,993 [pool-67-thread-1] INFO  server.RaftServerConfigKeys (ConfUtils.java:logGet(43)) - raft.server.log.appender.install.snapshot.enabled = false (custom)
2019-10-07 12:26:09,994 [pool-67-thread-1] INFO  impl.RaftServerImpl (ServerState.java:<init>(103)) - 1918313e-d2a9-4acc-93c2-47b7c5875062@group-9D472F5A4EC1: ConfigurationManager, init=-1: [c9767870-009c-4479-8ff8-96f0bb47e0cf:192.168.30.23:35662, 1918313e-d2a9-4acc-93c2-47b7c5875062:192.168.30.23:46361, f57744b5-2f7a-4ed8-9444-5c5c06f9ffa0:192.168.30.23:39485], old=null, confs=<EMPTY_MAP>
2019-10-07 12:26:09,994 [pool-67-thread-1] INFO  server.RaftServerConfigKeys (ConfUtils.java:logGet(43)) - raft.server.storage.dir = [/workdir/hadoop-ozone/integration-test/target/test-dir/MiniOzoneClusterImpl-778dd385-233b-4e0e-8595-44f312773a1c/datanode-4/data/ratis] (custom)
2019-10-07 12:26:09,994 [pool-67-thread-1] INFO  server.RaftServerConfigKeys (ConfUtils.java:logGet(43)) - raft.server.log.corruption.policy = EXCEPTION (default)
2019-10-07 12:26:09,995 [pool-67-thread-1] INFO  storage.RaftStorageDirectory (RaftStorageDirectory.java:analyzeStorage(246)) - The storage directory /workdir/hadoop-ozone/integration-test/target/test-dir/MiniOzoneClusterImpl-778dd385-233b-4e0e-8595-44f312773a1c/datanode-4/data/ratis/df4b5256-a9cb-4cc6-889f-9d472f5a4ec1 does not exist. Creating ...
2019-10-07 12:26:10,017 [pool-87-thread-1] INFO  storage.RaftStorageDirectory (RaftStorageDirectory.java:tryLock(328)) - Lock on /workdir/hadoop-ozone/integration-test/target/test-dir/MiniOzoneClusterImpl-778dd385-233b-4e0e-8595-44f312773a1c/datanode-6/data/ratis/df4b5256-a9cb-4cc6-889f-9d472f5a4ec1/in_use.lock acquired by nodename 23866@pr-hdds-2262-rg9fl-2107095119
2019-10-07 12:26:10,017 [pool-67-thread-1] INFO  storage.RaftStorageDirectory (RaftStorageDirectory.java:tryLock(328)) - Lock on /workdir/hadoop-ozone/integration-test/target/test-dir/MiniOzoneClusterImpl-778dd385-233b-4e0e-8595-44f312773a1c/datanode-4/data/ratis/df4b5256-a9cb-4cc6-889f-9d472f5a4ec1/in_use.lock acquired by nodename 23866@pr-hdds-2262-rg9fl-2107095119
2019-10-07 12:26:10,017 [pool-37-thread-1] INFO  storage.RaftStorageDirectory (RaftStorageDirectory.java:tryLock(328)) - Lock on /workdir/hadoop-ozone/integration-test/target/test-dir/MiniOzoneClusterImpl-778dd385-233b-4e0e-8595-44f312773a1c/datanode-1/data/ratis/df4b5256-a9cb-4cc6-889f-9d472f5a4ec1/in_use.lock acquired by nodename 23866@pr-hdds-2262-rg9fl-2107095119
2019-10-07 12:26:10,037 [pool-37-thread-1] INFO  storage.RaftStorage (RaftStorage.java:format(84)) - Storage directory /workdir/hadoop-ozone/integration-test/target/test-dir/MiniOzoneClusterImpl-778dd385-233b-4e0e-8595-44f312773a1c/datanode-1/data/ratis/df4b5256-a9cb-4cc6-889f-9d472f5a4ec1 has been successfully formatted.
2019-10-07 12:26:10,037 [pool-67-thread-1] INFO  storage.RaftStorage (RaftStorage.java:format(84)) - Storage directory /workdir/hadoop-ozone/integration-test/target/test-dir/MiniOzoneClusterImpl-778dd385-233b-4e0e-8595-44f312773a1c/datanode-4/data/ratis/df4b5256-a9cb-4cc6-889f-9d472f5a4ec1 has been successfully formatted.
2019-10-07 12:26:10,037 [pool-87-thread-1] INFO  storage.RaftStorage (RaftStorage.java:format(84)) - Storage directory /workdir/hadoop-ozone/integration-test/target/test-dir/MiniOzoneClusterImpl-778dd385-233b-4e0e-8595-44f312773a1c/datanode-6/data/ratis/df4b5256-a9cb-4cc6-889f-9d472f5a4ec1 has been successfully formatted.
2019-10-07 12:26:10,037 [pool-37-thread-1] INFO  ratis.ContainerStateMachine (ContainerStateMachine.java:loadSnapshot(231)) - group-9D472F5A4EC1: The snapshot info is null. Setting the last applied indexto:(t:0, i:~)
2019-10-07 12:26:10,037 [pool-87-thread-1] INFO  ratis.ContainerStateMachine (ContainerStateMachine.java:loadSnapshot(231)) - group-9D472F5A4EC1: The snapshot info is null. Setting the last applied indexto:(t:0, i:~)
2019-10-07 12:26:10,037 [pool-67-thread-1] INFO  ratis.ContainerStateMachine (ContainerStateMachine.java:loadSnapshot(231)) - group-9D472F5A4EC1: The snapshot info is null. Setting the last applied indexto:(t:0, i:~)
2019-10-07 12:26:10,037 [pool-87-thread-1] INFO  server.RaftServerConfigKeys (ConfUtils.java:logGet(43)) - raft.server.notification.no-leader.timeout = 120s (custom)
2019-10-07 12:26:10,037 [pool-37-thread-1] INFO  server.RaftServerConfigKeys (ConfUtils.java:logGet(43)) - raft.server.notification.no-leader.timeout = 120s (custom)
2019-10-07 12:26:10,038 [pool-87-thread-1] INFO  server.RaftServerConfigKeys (ConfUtils.java:logGet(43)) - raft.server.log.use.memory = false (default)
2019-10-07 12:26:10,038 [pool-67-thread-1] INFO  server.RaftServerConfigKeys (ConfUtils.java:logGet(43)) - raft.server.notification.no-leader.timeout = 120s (custom)
2019-10-07 12:26:10,038 [pool-87-thread-1] INFO  server.RaftServerConfigKeys (ConfUtils.java:logGet(43)) - raft.server.log.purge.gap = 1000000 (custom)
2019-10-07 12:26:10,038 [pool-37-thread-1] INFO  server.RaftServerConfigKeys (ConfUtils.java:logGet(43)) - raft.server.log.use.memory = false (default)
2019-10-07 12:26:10,038 [pool-87-thread-1] INFO  server.RaftServerConfigKeys (ConfUtils.java:logGet(43)) - raft.server.log.appender.buffer.byte-limit = 33554432 (custom)
2019-10-07 12:26:10,038 [pool-67-thread-1] INFO  server.RaftServerConfigKeys (ConfUtils.java:logGet(43)) - raft.server.log.use.memory = false (default)
2019-10-07 12:26:10,038 [pool-87-thread-1] INFO  server.RaftServerConfigKeys (ConfUtils.java:logGet(43)) - raft.server.log.segment.size.max = 1048576 (custom)
2019-10-07 12:26:10,038 [pool-37-thread-1] INFO  server.RaftServerConfigKeys (ConfUtils.java:logGet(43)) - raft.server.log.purge.gap = 1000000 (custom)
2019-10-07 12:26:10,039 [pool-87-thread-1] INFO  server.RaftServerConfigKeys (ConfUtils.java:logGet(43)) - raft.server.log.segment.cache.num.max = 2 (custom)
2019-10-07 12:26:10,039 [pool-67-thread-1] INFO  server.RaftServerConfigKeys (ConfUtils.java:logGet(43)) - raft.server.log.purge.gap = 1000000 (custom)
2019-10-07 12:26:10,039 [pool-87-thread-1] INFO  segmented.SegmentedRaftLogWorker (SegmentedRaftLogWorker.java:<init>(173)) - new c9767870-009c-4479-8ff8-96f0bb47e0cf@group-9D472F5A4EC1-SegmentedRaftLogWorker for RaftStorage:Storage Directory /workdir/hadoop-ozone/integration-test/target/test-dir/MiniOzoneClusterImpl-778dd385-233b-4e0e-8595-44f312773a1c/datanode-6/data/ratis/df4b5256-a9cb-4cc6-889f-9d472f5a4ec1
2019-10-07 12:26:10,039 [pool-37-thread-1] INFO  server.RaftServerConfigKeys (ConfUtils.java:logGet(43)) - raft.server.log.appender.buffer.byte-limit = 33554432 (custom)
2019-10-07 12:26:10,039 [pool-87-thread-1] INFO  server.RaftServerConfigKeys (ConfUtils.java:logGet(43)) - raft.server.log.queue.byte-limit = 2147483647 (custom)
2019-10-07 12:26:10,039 [pool-67-thread-1] INFO  server.RaftServerConfigKeys (ConfUtils.java:logGet(43)) - raft.server.log.appender.buffer.byte-limit = 33554432 (custom)
2019-10-07 12:26:10,040 [pool-87-thread-1] INFO  server.RaftServerConfigKeys (ConfUtils.java:logGet(43)) - raft.server.log.queue.element-limit = 1024 (custom)
2019-10-07 12:26:10,039 [pool-37-thread-1] INFO  server.RaftServerConfigKeys (ConfUtils.java:logGet(43)) - raft.server.log.segment.size.max = 1048576 (custom)
2019-10-07 12:26:10,040 [pool-87-thread-1] INFO  server.RaftServerConfigKeys (ConfUtils.java:logGet(43)) - raft.server.log.segment.size.max = 1048576 (custom)
2019-10-07 12:26:10,040 [pool-67-thread-1] INFO  server.RaftServerConfigKeys (ConfUtils.java:logGet(43)) - raft.server.log.segment.size.max = 1048576 (custom)
2019-10-07 12:26:10,040 [pool-87-thread-1] INFO  server.RaftServerConfigKeys (ConfUtils.java:logGet(43)) - raft.server.log.preallocated.size = 16384 (custom)
2019-10-07 12:26:10,040 [pool-37-thread-1] INFO  server.RaftServerConfigKeys (ConfUtils.java:logGet(43)) - raft.server.log.segment.cache.num.max = 2 (custom)
2019-10-07 12:26:10,040 [pool-87-thread-1] INFO  server.RaftServerConfigKeys (ConfUtils.java:logGet(43)) - raft.server.log.write.buffer.size = 33554432 (custom)
2019-10-07 12:26:10,040 [pool-67-thread-1] INFO  server.RaftServerConfigKeys (ConfUtils.java:logGet(43)) - raft.server.log.segment.cache.num.max = 2 (custom)
2019-10-07 12:26:10,041 [pool-87-thread-1] INFO  server.RaftServerConfigKeys (ConfUtils.java:logGet(43)) - raft.server.log.force.sync.num = 128 (default)
2019-10-07 12:26:10,040 [pool-37-thread-1] INFO  segmented.SegmentedRaftLogWorker (SegmentedRaftLogWorker.java:<init>(173)) - new f57744b5-2f7a-4ed8-9444-5c5c06f9ffa0@group-9D472F5A4EC1-SegmentedRaftLogWorker for RaftStorage:Storage Directory /workdir/hadoop-ozone/integration-test/target/test-dir/MiniOzoneClusterImpl-778dd385-233b-4e0e-8595-44f312773a1c/datanode-1/data/ratis/df4b5256-a9cb-4cc6-889f-9d472f5a4ec1
2019-10-07 12:26:10,041 [pool-87-thread-1] INFO  server.RaftServerConfigKeys (ConfUtils.java:logGet(43)) - raft.server.log.statemachine.data.sync = true (default)
2019-10-07 12:26:10,041 [pool-67-thread-1] INFO  segmented.SegmentedRaftLogWorker (SegmentedRaftLogWorker.java:<init>(173)) - new 1918313e-d2a9-4acc-93c2-47b7c5875062@group-9D472F5A4EC1-SegmentedRaftLogWorker for RaftStorage:Storage Directory /workdir/hadoop-ozone/integration-test/target/test-dir/MiniOzoneClusterImpl-778dd385-233b-4e0e-8595-44f312773a1c/datanode-4/data/ratis/df4b5256-a9cb-4cc6-889f-9d472f5a4ec1
2019-10-07 12:26:10,041 [pool-87-thread-1] INFO  server.RaftServerConfigKeys (ConfUtils.java:logGet(43)) - raft.server.log.statemachine.data.sync.timeout = 10s (default)
2019-10-07 12:26:10,041 [pool-37-thread-1] INFO  server.RaftServerConfigKeys (ConfUtils.java:logGet(43)) - raft.server.log.queue.byte-limit = 2147483647 (custom)
2019-10-07 12:26:10,041 [pool-87-thread-1] INFO  server.RaftServerConfigKeys (ConfUtils.java:logGet(43)) - raft.server.log.statemachine.data.sync.timeout.retry = -1 (default)
2019-10-07 12:26:10,041 [pool-67-thread-1] INFO  server.RaftServerConfigKeys (ConfUtils.java:logGet(43)) - raft.server.log.queue.byte-limit = 2147483647 (custom)
2019-10-07 12:26:10,042 [pool-87-thread-1] INFO  server.RaftServerConfigKeys (ConfUtils.java:logGet(43)) - raft.server.log.statemachine.data.caching.enabled = true (custom)
2019-10-07 12:26:10,042 [pool-37-thread-1] INFO  server.RaftServerConfigKeys (ConfUtils.java:logGet(43)) - raft.server.log.queue.element-limit = 1024 (custom)
2019-10-07 12:26:10,042 [pool-67-thread-1] INFO  server.RaftServerConfigKeys (ConfUtils.java:logGet(43)) - raft.server.log.queue.element-limit = 1024 (custom)
2019-10-07 12:26:10,042 [pool-87-thread-1] INFO  segmented.SegmentedRaftLogWorker (SegmentedRaftLogWorker.java:lambda$new$0(128)) - c9767870-009c-4479-8ff8-96f0bb47e0cf@group-9D472F5A4EC1-SegmentedRaftLogWorker: flushIndex: setUnconditionally 0 -> -1
2019-10-07 12:26:10,042 [pool-37-thread-1] INFO  server.RaftServerConfigKeys (ConfUtils.java:logGet(43)) - raft.server.log.segment.size.max = 1048576 (custom)
2019-10-07 12:26:10,042 [pool-67-thread-1] INFO  server.RaftServerConfigKeys (ConfUtils.java:logGet(43)) - raft.server.log.segment.size.max = 1048576 (custom)
2019-10-07 12:26:10,043 [pool-87-thread-1] INFO  server.RaftServerConfigKeys (ConfUtils.java:logGet(43)) - raft.server.snapshot.auto.trigger.enabled = true (custom)
2019-10-07 12:26:10,043 [pool-37-thread-1] INFO  server.RaftServerConfigKeys (ConfUtils.java:logGet(43)) - raft.server.log.preallocated.size = 16384 (custom)
2019-10-07 12:26:10,043 [pool-87-thread-1] INFO  server.RaftServerConfigKeys (ConfUtils.java:logGet(43)) - raft.server.snapshot.auto.trigger.threshold = 10000 (custom)
2019-10-07 12:26:10,043 [pool-87-thread-1] INFO  server.RaftServerConfigKeys (ConfUtils.java:logGet(43)) - raft.server.snapshot.retention.file.num = 5 (custom)
2019-10-07 12:26:10,043 [pool-67-thread-1] INFO  server.RaftServerConfigKeys (ConfUtils.java:logGet(43)) - raft.server.log.preallocated.size = 16384 (custom)
2019-10-07 12:26:10,043 [pool-87-thread-1] INFO  server.RaftServerConfigKeys (ConfUtils.java:logGet(43)) - raft.server.retrycache.expirytime = 600000ms (custom)
2019-10-07 12:26:10,043 [pool-37-thread-1] INFO  server.RaftServerConfigKeys (ConfUtils.java:logGet(43)) - raft.server.log.write.buffer.size = 33554432 (custom)
2019-10-07 12:26:10,043 [pool-67-thread-1] INFO  server.RaftServerConfigKeys (ConfUtils.java:logGet(43)) - raft.server.log.write.buffer.size = 33554432 (custom)
2019-10-07 12:26:10,044 [pool-37-thread-1] INFO  server.RaftServerConfigKeys (ConfUtils.java:logGet(43)) - raft.server.log.force.sync.num = 128 (default)
2019-10-07 12:26:10,044 [pool-67-thread-1] INFO  server.RaftServerConfigKeys (ConfUtils.java:logGet(43)) - raft.server.log.force.sync.num = 128 (default)
2019-10-07 12:26:10,044 [pool-37-thread-1] INFO  server.RaftServerConfigKeys (ConfUtils.java:logGet(43)) - raft.server.log.statemachine.data.sync = true (default)
2019-10-07 12:26:10,044 [pool-67-thread-1] INFO  server.RaftServerConfigKeys (ConfUtils.java:logGet(43)) - raft.server.log.statemachine.data.sync = true (default)
2019-10-07 12:26:10,044 [pool-37-thread-1] INFO  server.RaftServerConfigKeys (ConfUtils.java:logGet(43)) - raft.server.log.statemachine.data.sync.timeout = 10s (default)
2019-10-07 12:26:10,044 [pool-67-thread-1] INFO  server.RaftServerConfigKeys (ConfUtils.java:logGet(43)) - raft.server.log.statemachine.data.sync.timeout = 10s (default)
2019-10-07 12:26:10,045 [pool-37-thread-1] INFO  server.RaftServerConfigKeys (ConfUtils.java:logGet(43)) - raft.server.log.statemachine.data.sync.timeout.retry = -1 (default)
2019-10-07 12:26:10,045 [pool-67-thread-1] INFO  server.RaftServerConfigKeys (ConfUtils.java:logGet(43)) - raft.server.log.statemachine.data.sync.timeout.retry = -1 (default)
2019-10-07 12:26:10,045 [pool-37-thread-1] INFO  server.RaftServerConfigKeys (ConfUtils.java:logGet(43)) - raft.server.log.statemachine.data.caching.enabled = true (custom)
2019-10-07 12:26:10,045 [pool-67-thread-1] INFO  server.RaftServerConfigKeys (ConfUtils.java:logGet(43)) - raft.server.log.statemachine.data.caching.enabled = true (custom)
2019-10-07 12:26:10,045 [pool-37-thread-1] INFO  segmented.SegmentedRaftLogWorker (SegmentedRaftLogWorker.java:lambda$new$0(128)) - f57744b5-2f7a-4ed8-9444-5c5c06f9ffa0@group-9D472F5A4EC1-SegmentedRaftLogWorker: flushIndex: setUnconditionally 0 -> -1
2019-10-07 12:26:10,046 [pool-67-thread-1] INFO  segmented.SegmentedRaftLogWorker (SegmentedRaftLogWorker.java:lambda$new$0(128)) - 1918313e-d2a9-4acc-93c2-47b7c5875062@group-9D472F5A4EC1-SegmentedRaftLogWorker: flushIndex: setUnconditionally 0 -> -1
2019-10-07 12:26:10,046 [pool-37-thread-1] INFO  server.RaftServerConfigKeys (ConfUtils.java:logGet(43)) - raft.server.snapshot.auto.trigger.enabled = true (custom)
2019-10-07 12:26:10,046 [pool-37-thread-1] INFO  server.RaftServerConfigKeys (ConfUtils.java:logGet(43)) - raft.server.snapshot.auto.trigger.threshold = 10000 (custom)
2019-10-07 12:26:10,046 [pool-67-thread-1] INFO  server.RaftServerConfigKeys (ConfUtils.java:logGet(43)) - raft.server.snapshot.auto.trigger.enabled = true (custom)
2019-10-07 12:26:10,046 [pool-37-thread-1] INFO  server.RaftServerConfigKeys (ConfUtils.java:logGet(43)) - raft.server.snapshot.retention.file.num = 5 (custom)
2019-10-07 12:26:10,046 [pool-67-thread-1] INFO  server.RaftServerConfigKeys (ConfUtils.java:logGet(43)) - raft.server.snapshot.auto.trigger.threshold = 10000 (custom)
2019-10-07 12:26:10,047 [pool-37-thread-1] INFO  server.RaftServerConfigKeys (ConfUtils.java:logGet(43)) - raft.server.retrycache.expirytime = 600000ms (custom)
2019-10-07 12:26:10,047 [pool-67-thread-1] INFO  server.RaftServerConfigKeys (ConfUtils.java:logGet(43)) - raft.server.snapshot.retention.file.num = 5 (custom)
2019-10-07 12:26:10,047 [pool-87-thread-1] INFO  impl.RaftServerImpl (RaftServerImpl.java:start(181)) - c9767870-009c-4479-8ff8-96f0bb47e0cf@group-9D472F5A4EC1: start as a follower, conf=-1: [c9767870-009c-4479-8ff8-96f0bb47e0cf:192.168.30.23:35662, 1918313e-d2a9-4acc-93c2-47b7c5875062:192.168.30.23:46361, f57744b5-2f7a-4ed8-9444-5c5c06f9ffa0:192.168.30.23:39485], old=null
2019-10-07 12:26:10,047 [pool-67-thread-1] INFO  server.RaftServerConfigKeys (ConfUtils.java:logGet(43)) - raft.server.retrycache.expirytime = 600000ms (custom)
2019-10-07 12:26:10,047 [pool-87-thread-1] INFO  impl.RaftServerImpl (RaftServerImpl.java:setRole(170)) - c9767870-009c-4479-8ff8-96f0bb47e0cf@group-9D472F5A4EC1: changes role from      null to FOLLOWER at term 0 for startAsFollower
2019-10-07 12:26:10,048 [pool-87-thread-1] INFO  impl.RoleInfo (RoleInfo.java:updateAndGet(143)) - c9767870-009c-4479-8ff8-96f0bb47e0cf: start FollowerState
2019-10-07 12:26:10,048 [pool-87-thread-1] INFO  util.JmxRegister (JmxRegister.java:tryRegister(44)) - Successfully registered JMX Bean with object name Ratis:service=RaftServer,group=group-9D472F5A4EC1,id=c9767870-009c-4479-8ff8-96f0bb47e0cf
2019-10-07 12:26:10,050 [pool-37-thread-1] INFO  impl.RaftServerImpl (RaftServerImpl.java:start(181)) - f57744b5-2f7a-4ed8-9444-5c5c06f9ffa0@group-9D472F5A4EC1: start as a follower, conf=-1: [c9767870-009c-4479-8ff8-96f0bb47e0cf:192.168.30.23:35662, 1918313e-d2a9-4acc-93c2-47b7c5875062:192.168.30.23:46361, f57744b5-2f7a-4ed8-9444-5c5c06f9ffa0:192.168.30.23:39485], old=null
2019-10-07 12:26:10,050 [pool-37-thread-1] INFO  impl.RaftServerImpl (RaftServerImpl.java:setRole(170)) - f57744b5-2f7a-4ed8-9444-5c5c06f9ffa0@group-9D472F5A4EC1: changes role from      null to FOLLOWER at term 0 for startAsFollower
2019-10-07 12:26:10,050 [pool-37-thread-1] INFO  impl.RoleInfo (RoleInfo.java:updateAndGet(143)) - f57744b5-2f7a-4ed8-9444-5c5c06f9ffa0: start FollowerState
2019-10-07 12:26:10,051 [pool-37-thread-1] INFO  util.JmxRegister (JmxRegister.java:tryRegister(44)) - Successfully registered JMX Bean with object name Ratis:service=RaftServer,group=group-9D472F5A4EC1,id=f57744b5-2f7a-4ed8-9444-5c5c06f9ffa0
2019-10-07 12:26:10,052 [pool-67-thread-1] INFO  impl.RaftServerImpl (RaftServerImpl.java:start(181)) - 1918313e-d2a9-4acc-93c2-47b7c5875062@group-9D472F5A4EC1: start as a follower, conf=-1: [c9767870-009c-4479-8ff8-96f0bb47e0cf:192.168.30.23:35662, 1918313e-d2a9-4acc-93c2-47b7c5875062:192.168.30.23:46361, f57744b5-2f7a-4ed8-9444-5c5c06f9ffa0:192.168.30.23:39485], old=null
2019-10-07 12:26:10,052 [pool-67-thread-1] INFO  impl.RaftServerImpl (RaftServerImpl.java:setRole(170)) - 1918313e-d2a9-4acc-93c2-47b7c5875062@group-9D472F5A4EC1: changes role from      null to FOLLOWER at term 0 for startAsFollower
2019-10-07 12:26:10,052 [pool-67-thread-1] INFO  impl.RoleInfo (RoleInfo.java:updateAndGet(143)) - 1918313e-d2a9-4acc-93c2-47b7c5875062: start FollowerState
2019-10-07 12:26:10,053 [pool-67-thread-1] INFO  util.JmxRegister (JmxRegister.java:tryRegister(44)) - Successfully registered JMX Bean with object name Ratis:service=RaftServer,group=group-9D472F5A4EC1,id=1918313e-d2a9-4acc-93c2-47b7c5875062
2019-10-07 12:26:10,079 [RatisPipelineUtilsThread] INFO  pipeline.PipelineStateManager (PipelineStateManager.java:addPipeline(56)) - Created pipeline Pipeline[ Id: df4b5256-a9cb-4cc6-889f-9d472f5a4ec1, Nodes: f57744b5-2f7a-4ed8-9444-5c5c06f9ffa0{ip: 192.168.30.23, host: pr-hdds-2262-rg9fl-2107095119, networkLocation: /default-rack, certSerialId: null}1918313e-d2a9-4acc-93c2-47b7c5875062{ip: 192.168.30.23, host: pr-hdds-2262-rg9fl-2107095119, networkLocation: /default-rack, certSerialId: null}c9767870-009c-4479-8ff8-96f0bb47e0cf{ip: 192.168.30.23, host: pr-hdds-2262-rg9fl-2107095119, networkLocation: /default-rack, certSerialId: null}, Type:RATIS, Factor:THREE, State:OPEN]
2019-10-07 12:26:10,120 [grpc-default-executor-1] INFO  impl.RaftServerProxy (RaftServerProxy.java:addNew(89)) - 2bc47f86-abcc-482d-8deb-f2ed64d4ed24: addNew group-E1CE79755BBB:[43084d02-11f8-4ae8-888c-ddbdf52c3d32:192.168.30.23:43114, 3a65e708-6c4f-4335-a3d7-61b0c1328875:192.168.30.23:37427, 2bc47f86-abcc-482d-8deb-f2ed64d4ed24:192.168.30.23:39238] returns group-E1CE79755BBB:java.util.concurrent.CompletableFuture@2ede95f8[Not completed]
2019-10-07 12:26:10,120 [grpc-default-executor-0] INFO  impl.RaftServerProxy (RaftServerProxy.java:addNew(89)) - 43084d02-11f8-4ae8-888c-ddbdf52c3d32: addNew group-E1CE79755BBB:[43084d02-11f8-4ae8-888c-ddbdf52c3d32:192.168.30.23:43114, 3a65e708-6c4f-4335-a3d7-61b0c1328875:192.168.30.23:37427, 2bc47f86-abcc-482d-8deb-f2ed64d4ed24:192.168.30.23:39238] returns group-E1CE79755BBB:java.util.concurrent.CompletableFuture@171752d2[Not completed]
2019-10-07 12:26:10,122 [grpc-default-executor-2] INFO  impl.RaftServerProxy (RaftServerProxy.java:addNew(89)) - 3a65e708-6c4f-4335-a3d7-61b0c1328875: addNew group-E1CE79755BBB:[43084d02-11f8-4ae8-888c-ddbdf52c3d32:192.168.30.23:43114, 3a65e708-6c4f-4335-a3d7-61b0c1328875:192.168.30.23:37427, 2bc47f86-abcc-482d-8deb-f2ed64d4ed24:192.168.30.23:39238] returns group-E1CE79755BBB:java.util.concurrent.CompletableFuture@1b78dcce[Not completed]
2019-10-07 12:26:10,124 [pool-47-thread-1] INFO  impl.RaftServerImpl (RaftServerImpl.java:<init>(95)) - 43084d02-11f8-4ae8-888c-ddbdf52c3d32: new RaftServerImpl for group-E1CE79755BBB:[43084d02-11f8-4ae8-888c-ddbdf52c3d32:192.168.30.23:43114, 3a65e708-6c4f-4335-a3d7-61b0c1328875:192.168.30.23:37427, 2bc47f86-abcc-482d-8deb-f2ed64d4ed24:192.168.30.23:39238] with ContainerStateMachine:uninitialized
2019-10-07 12:26:10,124 [pool-47-thread-1] INFO  server.RaftServerConfigKeys (ConfUtils.java:logGet(43)) - raft.server.rpc.timeout.min = 5s (custom)
2019-10-07 12:26:10,124 [pool-47-thread-1] INFO  server.RaftServerConfigKeys (ConfUtils.java:logGet(43)) - raft.server.rpc.timeout.max = 5200ms (custom)
2019-10-07 12:26:10,125 [pool-47-thread-1] INFO  server.RaftServerConfigKeys (ConfUtils.java:logGet(43)) - raft.server.rpcslowness.timeout = 120s (custom)
2019-10-07 12:26:10,125 [pool-47-thread-1] INFO  server.RaftServerConfigKeys (ConfUtils.java:logGet(43)) - raft.server.sleep.deviation.threshold = 300 (default)
2019-10-07 12:26:10,125 [pool-47-thread-1] INFO  server.RaftServerConfigKeys (ConfUtils.java:logGet(43)) - raft.server.log.appender.install.snapshot.enabled = false (custom)
2019-10-07 12:26:10,125 [pool-57-thread-1] INFO  impl.RaftServerImpl (RaftServerImpl.java:<init>(95)) - 3a65e708-6c4f-4335-a3d7-61b0c1328875: new RaftServerImpl for group-E1CE79755BBB:[43084d02-11f8-4ae8-888c-ddbdf52c3d32:192.168.30.23:43114, 3a65e708-6c4f-4335-a3d7-61b0c1328875:192.168.30.23:37427, 2bc47f86-abcc-482d-8deb-f2ed64d4ed24:192.168.30.23:39238] with ContainerStateMachine:uninitialized
2019-10-07 12:26:10,125 [pool-47-thread-1] INFO  impl.RaftServerImpl (ServerState.java:<init>(103)) - 43084d02-11f8-4ae8-888c-ddbdf52c3d32@group-E1CE79755BBB: ConfigurationManager, init=-1: [43084d02-11f8-4ae8-888c-ddbdf52c3d32:192.168.30.23:43114, 3a65e708-6c4f-4335-a3d7-61b0c1328875:192.168.30.23:37427, 2bc47f86-abcc-482d-8deb-f2ed64d4ed24:192.168.30.23:39238], old=null, confs=<EMPTY_MAP>
2019-10-07 12:26:10,125 [pool-57-thread-1] INFO  server.RaftServerConfigKeys (ConfUtils.java:logGet(43)) - raft.server.rpc.timeout.min = 5s (custom)
2019-10-07 12:26:10,125 [pool-47-thread-1] INFO  server.RaftServerConfigKeys (ConfUtils.java:logGet(43)) - raft.server.storage.dir = [/workdir/hadoop-ozone/integration-test/target/test-dir/MiniOzoneClusterImpl-778dd385-233b-4e0e-8595-44f312773a1c/datanode-2/data/ratis] (custom)
2019-10-07 12:26:10,125 [pool-57-thread-1] INFO  server.RaftServerConfigKeys (ConfUtils.java:logGet(43)) - raft.server.rpc.timeout.max = 5200ms (custom)
2019-10-07 12:26:10,126 [pool-57-thread-1] INFO  server.RaftServerConfigKeys (ConfUtils.java:logGet(43)) - raft.server.rpcslowness.timeout = 120s (custom)
2019-10-07 12:26:10,126 [pool-47-thread-1] INFO  server.RaftServerConfigKeys (ConfUtils.java:logGet(43)) - raft.server.log.corruption.policy = EXCEPTION (default)
2019-10-07 12:26:10,126 [pool-57-thread-1] INFO  server.RaftServerConfigKeys (ConfUtils.java:logGet(43)) - raft.server.sleep.deviation.threshold = 300 (default)
2019-10-07 12:26:10,126 [pool-57-thread-1] INFO  server.RaftServerConfigKeys (ConfUtils.java:logGet(43)) - raft.server.log.appender.install.snapshot.enabled = false (custom)
2019-10-07 12:26:10,126 [pool-47-thread-1] INFO  storage.RaftStorageDirectory (RaftStorageDirectory.java:analyzeStorage(246)) - The storage directory /workdir/hadoop-ozone/integration-test/target/test-dir/MiniOzoneClusterImpl-778dd385-233b-4e0e-8595-44f312773a1c/datanode-2/data/ratis/aafa5cde-f94b-4373-ab32-e1ce79755bbb does not exist. Creating ...
2019-10-07 12:26:10,126 [pool-57-thread-1] INFO  impl.RaftServerImpl (ServerState.java:<init>(103)) - 3a65e708-6c4f-4335-a3d7-61b0c1328875@group-E1CE79755BBB: ConfigurationManager, init=-1: [43084d02-11f8-4ae8-888c-ddbdf52c3d32:192.168.30.23:43114, 3a65e708-6c4f-4335-a3d7-61b0c1328875:192.168.30.23:37427, 2bc47f86-abcc-482d-8deb-f2ed64d4ed24:192.168.30.23:39238], old=null, confs=<EMPTY_MAP>
2019-10-07 12:26:10,127 [pool-27-thread-1] INFO  impl.RaftServerImpl (RaftServerImpl.java:<init>(95)) - 2bc47f86-abcc-482d-8deb-f2ed64d4ed24: new RaftServerImpl for group-E1CE79755BBB:[43084d02-11f8-4ae8-888c-ddbdf52c3d32:192.168.30.23:43114, 3a65e708-6c4f-4335-a3d7-61b0c1328875:192.168.30.23:37427, 2bc47f86-abcc-482d-8deb-f2ed64d4ed24:192.168.30.23:39238] with ContainerStateMachine:uninitialized
2019-10-07 12:26:10,127 [pool-57-thread-1] INFO  server.RaftServerConfigKeys (ConfUtils.java:logGet(43)) - raft.server.storage.dir = [/workdir/hadoop-ozone/integration-test/target/test-dir/MiniOzoneClusterImpl-778dd385-233b-4e0e-8595-44f312773a1c/datanode-3/data/ratis] (custom)
2019-10-07 12:26:10,127 [pool-27-thread-1] INFO  server.RaftServerConfigKeys (ConfUtils.java:logGet(43)) - raft.server.rpc.timeout.min = 5s (custom)
2019-10-07 12:26:10,127 [pool-27-thread-1] INFO  server.RaftServerConfigKeys (ConfUtils.java:logGet(43)) - raft.server.rpc.timeout.max = 5200ms (custom)
2019-10-07 12:26:10,127 [pool-57-thread-1] INFO  server.RaftServerConfigKeys (ConfUtils.java:logGet(43)) - raft.server.log.corruption.policy = EXCEPTION (default)
2019-10-07 12:26:10,127 [pool-27-thread-1] INFO  server.RaftServerConfigKeys (ConfUtils.java:logGet(43)) - raft.server.rpcslowness.timeout = 120s (custom)
2019-10-07 12:26:10,127 [pool-57-thread-1] INFO  storage.RaftStorageDirectory (RaftStorageDirectory.java:analyzeStorage(246)) - The storage directory /workdir/hadoop-ozone/integration-test/target/test-dir/MiniOzoneClusterImpl-778dd385-233b-4e0e-8595-44f312773a1c/datanode-3/data/ratis/aafa5cde-f94b-4373-ab32-e1ce79755bbb does not exist. Creating ...
2019-10-07 12:26:10,127 [pool-27-thread-1] INFO  server.RaftServerConfigKeys (ConfUtils.java:logGet(43)) - raft.server.sleep.deviation.threshold = 300 (default)
2019-10-07 12:26:10,128 [pool-27-thread-1] INFO  server.RaftServerConfigKeys (ConfUtils.java:logGet(43)) - raft.server.log.appender.install.snapshot.enabled = false (custom)
2019-10-07 12:26:10,128 [pool-27-thread-1] INFO  impl.RaftServerImpl (ServerState.java:<init>(103)) - 2bc47f86-abcc-482d-8deb-f2ed64d4ed24@group-E1CE79755BBB: ConfigurationManager, init=-1: [43084d02-11f8-4ae8-888c-ddbdf52c3d32:192.168.30.23:43114, 3a65e708-6c4f-4335-a3d7-61b0c1328875:192.168.30.23:37427, 2bc47f86-abcc-482d-8deb-f2ed64d4ed24:192.168.30.23:39238], old=null, confs=<EMPTY_MAP>
2019-10-07 12:26:10,128 [pool-27-thread-1] INFO  server.RaftServerConfigKeys (ConfUtils.java:logGet(43)) - raft.server.storage.dir = [/workdir/hadoop-ozone/integration-test/target/test-dir/MiniOzoneClusterImpl-778dd385-233b-4e0e-8595-44f312773a1c/datanode-0/data/ratis] (custom)
2019-10-07 12:26:10,128 [pool-27-thread-1] INFO  server.RaftServerConfigKeys (ConfUtils.java:logGet(43)) - raft.server.log.corruption.policy = EXCEPTION (default)
2019-10-07 12:26:10,129 [pool-27-thread-1] INFO  storage.RaftStorageDirectory (RaftStorageDirectory.java:analyzeStorage(246)) - The storage directory /workdir/hadoop-ozone/integration-test/target/test-dir/MiniOzoneClusterImpl-778dd385-233b-4e0e-8595-44f312773a1c/datanode-0/data/ratis/aafa5cde-f94b-4373-ab32-e1ce79755bbb does not exist. Creating ...
2019-10-07 12:26:10,140 [pool-47-thread-1] INFO  storage.RaftStorageDirectory (RaftStorageDirectory.java:tryLock(328)) - Lock on /workdir/hadoop-ozone/integration-test/target/test-dir/MiniOzoneClusterImpl-778dd385-233b-4e0e-8595-44f312773a1c/datanode-2/data/ratis/aafa5cde-f94b-4373-ab32-e1ce79755bbb/in_use.lock acquired by nodename 23866@pr-hdds-2262-rg9fl-2107095119
2019-10-07 12:26:10,140 [pool-27-thread-1] INFO  storage.RaftStorageDirectory (RaftStorageDirectory.java:tryLock(328)) - Lock on /workdir/hadoop-ozone/integration-test/target/test-dir/MiniOzoneClusterImpl-778dd385-233b-4e0e-8595-44f312773a1c/datanode-0/data/ratis/aafa5cde-f94b-4373-ab32-e1ce79755bbb/in_use.lock acquired by nodename 23866@pr-hdds-2262-rg9fl-2107095119
2019-10-07 12:26:10,140 [pool-57-thread-1] INFO  storage.RaftStorageDirectory (RaftStorageDirectory.java:tryLock(328)) - Lock on /workdir/hadoop-ozone/integration-test/target/test-dir/MiniOzoneClusterImpl-778dd385-233b-4e0e-8595-44f312773a1c/datanode-3/data/ratis/aafa5cde-f94b-4373-ab32-e1ce79755bbb/in_use.lock acquired by nodename 23866@pr-hdds-2262-rg9fl-2107095119
2019-10-07 12:26:10,155 [pool-47-thread-1] INFO  storage.RaftStorage (RaftStorage.java:format(84)) - Storage directory /workdir/hadoop-ozone/integration-test/target/test-dir/MiniOzoneClusterImpl-778dd385-233b-4e0e-8595-44f312773a1c/datanode-2/data/ratis/aafa5cde-f94b-4373-ab32-e1ce79755bbb has been successfully formatted.
2019-10-07 12:26:10,155 [pool-27-thread-1] INFO  storage.RaftStorage (RaftStorage.java:format(84)) - Storage directory /workdir/hadoop-ozone/integration-test/target/test-dir/MiniOzoneClusterImpl-778dd385-233b-4e0e-8595-44f312773a1c/datanode-0/data/ratis/aafa5cde-f94b-4373-ab32-e1ce79755bbb has been successfully formatted.
2019-10-07 12:26:10,155 [pool-57-thread-1] INFO  storage.RaftStorage (RaftStorage.java:format(84)) - Storage directory /workdir/hadoop-ozone/integration-test/target/test-dir/MiniOzoneClusterImpl-778dd385-233b-4e0e-8595-44f312773a1c/datanode-3/data/ratis/aafa5cde-f94b-4373-ab32-e1ce79755bbb has been successfully formatted.
2019-10-07 12:26:10,155 [pool-47-thread-1] INFO  ratis.ContainerStateMachine (ContainerStateMachine.java:loadSnapshot(231)) - group-E1CE79755BBB: The snapshot info is null. Setting the last applied indexto:(t:0, i:~)
2019-10-07 12:26:10,155 [pool-27-thread-1] INFO  ratis.ContainerStateMachine (ContainerStateMachine.java:loadSnapshot(231)) - group-E1CE79755BBB: The snapshot info is null. Setting the last applied indexto:(t:0, i:~)
2019-10-07 12:26:10,155 [pool-47-thread-1] INFO  server.RaftServerConfigKeys (ConfUtils.java:logGet(43)) - raft.server.notification.no-leader.timeout = 120s (custom)
2019-10-07 12:26:10,156 [pool-27-thread-1] INFO  server.RaftServerConfigKeys (ConfUtils.java:logGet(43)) - raft.server.notification.no-leader.timeout = 120s (custom)
2019-10-07 12:26:10,155 [pool-57-thread-1] INFO  ratis.ContainerStateMachine (ContainerStateMachine.java:loadSnapshot(231)) - group-E1CE79755BBB: The snapshot info is null. Setting the last applied indexto:(t:0, i:~)
2019-10-07 12:26:10,156 [pool-27-thread-1] INFO  server.RaftServerConfigKeys (ConfUtils.java:logGet(43)) - raft.server.log.use.memory = false (default)
2019-10-07 12:26:10,156 [pool-47-thread-1] INFO  server.RaftServerConfigKeys (ConfUtils.java:logGet(43)) - raft.server.log.use.memory = false (default)
2019-10-07 12:26:10,156 [pool-27-thread-1] INFO  server.RaftServerConfigKeys (ConfUtils.java:logGet(43)) - raft.server.log.purge.gap = 1000000 (custom)
2019-10-07 12:26:10,156 [pool-57-thread-1] INFO  server.RaftServerConfigKeys (ConfUtils.java:logGet(43)) - raft.server.notification.no-leader.timeout = 120s (custom)
2019-10-07 12:26:10,156 [pool-27-thread-1] INFO  server.RaftServerConfigKeys (ConfUtils.java:logGet(43)) - raft.server.log.appender.buffer.byte-limit = 33554432 (custom)
2019-10-07 12:26:10,156 [pool-47-thread-1] INFO  server.RaftServerConfigKeys (ConfUtils.java:logGet(43)) - raft.server.log.purge.gap = 1000000 (custom)
2019-10-07 12:26:10,157 [pool-27-thread-1] INFO  server.RaftServerConfigKeys (ConfUtils.java:logGet(43)) - raft.server.log.segment.size.max = 1048576 (custom)
2019-10-07 12:26:10,157 [pool-57-thread-1] INFO  server.RaftServerConfigKeys (ConfUtils.java:logGet(43)) - raft.server.log.use.memory = false (default)
2019-10-07 12:26:10,157 [pool-27-thread-1] INFO  server.RaftServerConfigKeys (ConfUtils.java:logGet(43)) - raft.server.log.segment.cache.num.max = 2 (custom)
2019-10-07 12:26:10,157 [pool-47-thread-1] INFO  server.RaftServerConfigKeys (ConfUtils.java:logGet(43)) - raft.server.log.appender.buffer.byte-limit = 33554432 (custom)
2019-10-07 12:26:10,157 [pool-27-thread-1] INFO  segmented.SegmentedRaftLogWorker (SegmentedRaftLogWorker.java:<init>(173)) - new 2bc47f86-abcc-482d-8deb-f2ed64d4ed24@group-E1CE79755BBB-SegmentedRaftLogWorker for RaftStorage:Storage Directory /workdir/hadoop-ozone/integration-test/target/test-dir/MiniOzoneClusterImpl-778dd385-233b-4e0e-8595-44f312773a1c/datanode-0/data/ratis/aafa5cde-f94b-4373-ab32-e1ce79755bbb
2019-10-07 12:26:10,157 [pool-57-thread-1] INFO  server.RaftServerConfigKeys (ConfUtils.java:logGet(43)) - raft.server.log.purge.gap = 1000000 (custom)
2019-10-07 12:26:10,158 [pool-27-thread-1] INFO  server.RaftServerConfigKeys (ConfUtils.java:logGet(43)) - raft.server.log.queue.byte-limit = 2147483647 (custom)
2019-10-07 12:26:10,158 [pool-47-thread-1] INFO  server.RaftServerConfigKeys (ConfUtils.java:logGet(43)) - raft.server.log.segment.size.max = 1048576 (custom)
2019-10-07 12:26:10,158 [pool-27-thread-1] INFO  server.RaftServerConfigKeys (ConfUtils.java:logGet(43)) - raft.server.log.queue.element-limit = 1024 (custom)
2019-10-07 12:26:10,158 [pool-57-thread-1] INFO  server.RaftServerConfigKeys (ConfUtils.java:logGet(43)) - raft.server.log.appender.buffer.byte-limit = 33554432 (custom)
2019-10-07 12:26:10,158 [pool-27-thread-1] INFO  server.RaftServerConfigKeys (ConfUtils.java:logGet(43)) - raft.server.log.segment.size.max = 1048576 (custom)
2019-10-07 12:26:10,158 [pool-47-thread-1] INFO  server.RaftServerConfigKeys (ConfUtils.java:logGet(43)) - raft.server.log.segment.cache.num.max = 2 (custom)
2019-10-07 12:26:10,159 [pool-27-thread-1] INFO  server.RaftServerConfigKeys (ConfUtils.java:logGet(43)) - raft.server.log.preallocated.size = 16384 (custom)
2019-10-07 12:26:10,159 [pool-57-thread-1] INFO  server.RaftServerConfigKeys (ConfUtils.java:logGet(43)) - raft.server.log.segment.size.max = 1048576 (custom)
2019-10-07 12:26:10,159 [pool-27-thread-1] INFO  server.RaftServerConfigKeys (ConfUtils.java:logGet(43)) - raft.server.log.write.buffer.size = 33554432 (custom)
2019-10-07 12:26:10,159 [pool-47-thread-1] INFO  segmented.SegmentedRaftLogWorker (SegmentedRaftLogWorker.java:<init>(173)) - new 43084d02-11f8-4ae8-888c-ddbdf52c3d32@group-E1CE79755BBB-SegmentedRaftLogWorker for RaftStorage:Storage Directory /workdir/hadoop-ozone/integration-test/target/test-dir/MiniOzoneClusterImpl-778dd385-233b-4e0e-8595-44f312773a1c/datanode-2/data/ratis/aafa5cde-f94b-4373-ab32-e1ce79755bbb
2019-10-07 12:26:10,159 [pool-27-thread-1] INFO  server.RaftServerConfigKeys (ConfUtils.java:logGet(43)) - raft.server.log.force.sync.num = 128 (default)
2019-10-07 12:26:10,159 [pool-57-thread-1] INFO  server.RaftServerConfigKeys (ConfUtils.java:logGet(43)) - raft.server.log.segment.cache.num.max = 2 (custom)
2019-10-07 12:26:10,160 [pool-27-thread-1] INFO  server.RaftServerConfigKeys (ConfUtils.java:logGet(43)) - raft.server.log.statemachine.data.sync = true (default)
2019-10-07 12:26:10,159 [pool-47-thread-1] INFO  server.RaftServerConfigKeys (ConfUtils.java:logGet(43)) - raft.server.log.queue.byte-limit = 2147483647 (custom)
2019-10-07 12:26:10,160 [pool-27-thread-1] INFO  server.RaftServerConfigKeys (ConfUtils.java:logGet(43)) - raft.server.log.statemachine.data.sync.timeout = 10s (default)
2019-10-07 12:26:10,160 [pool-57-thread-1] INFO  segmented.SegmentedRaftLogWorker (SegmentedRaftLogWorker.java:<init>(173)) - new 3a65e708-6c4f-4335-a3d7-61b0c1328875@group-E1CE79755BBB-SegmentedRaftLogWorker for RaftStorage:Storage Directory /workdir/hadoop-ozone/integration-test/target/test-dir/MiniOzoneClusterImpl-778dd385-233b-4e0e-8595-44f312773a1c/datanode-3/data/ratis/aafa5cde-f94b-4373-ab32-e1ce79755bbb
2019-10-07 12:26:10,160 [pool-27-thread-1] INFO  server.RaftServerConfigKeys (ConfUtils.java:logGet(43)) - raft.server.log.statemachine.data.sync.timeout.retry = -1 (default)
2019-10-07 12:26:10,160 [pool-47-thread-1] INFO  server.RaftServerConfigKeys (ConfUtils.java:logGet(43)) - raft.server.log.queue.element-limit = 1024 (custom)
2019-10-07 12:26:10,161 [pool-27-thread-1] INFO  server.RaftServerConfigKeys (ConfUtils.java:logGet(43)) - raft.server.log.statemachine.data.caching.enabled = true (custom)
2019-10-07 12:26:10,160 [pool-57-thread-1] INFO  server.RaftServerConfigKeys (ConfUtils.java:logGet(43)) - raft.server.log.queue.byte-limit = 2147483647 (custom)
2019-10-07 12:26:10,161 [pool-27-thread-1] INFO  segmented.SegmentedRaftLogWorker (SegmentedRaftLogWorker.java:lambda$new$0(128)) - 2bc47f86-abcc-482d-8deb-f2ed64d4ed24@group-E1CE79755BBB-SegmentedRaftLogWorker: flushIndex: setUnconditionally 0 -> -1
2019-10-07 12:26:10,161 [pool-47-thread-1] INFO  server.RaftServerConfigKeys (ConfUtils.java:logGet(43)) - raft.server.log.segment.size.max = 1048576 (custom)
2019-10-07 12:26:10,161 [pool-27-thread-1] INFO  server.RaftServerConfigKeys (ConfUtils.java:logGet(43)) - raft.server.snapshot.auto.trigger.enabled = true (custom)
2019-10-07 12:26:10,161 [pool-57-thread-1] INFO  server.RaftServerConfigKeys (ConfUtils.java:logGet(43)) - raft.server.log.queue.element-limit = 1024 (custom)
2019-10-07 12:26:10,162 [pool-27-thread-1] INFO  server.RaftServerConfigKeys (ConfUtils.java:logGet(43)) - raft.server.snapshot.auto.trigger.threshold = 10000 (custom)
2019-10-07 12:26:10,161 [pool-47-thread-1] INFO  server.RaftServerConfigKeys (ConfUtils.java:logGet(43)) - raft.server.log.preallocated.size = 16384 (custom)
2019-10-07 12:26:10,162 [pool-27-thread-1] INFO  server.RaftServerConfigKeys (ConfUtils.java:logGet(43)) - raft.server.snapshot.retention.file.num = 5 (custom)
2019-10-07 12:26:10,162 [pool-57-thread-1] INFO  server.RaftServerConfigKeys (ConfUtils.java:logGet(43)) - raft.server.log.segment.size.max = 1048576 (custom)
2019-10-07 12:26:10,162 [pool-27-thread-1] INFO  server.RaftServerConfigKeys (ConfUtils.java:logGet(43)) - raft.server.retrycache.expirytime = 600000ms (custom)
2019-10-07 12:26:10,162 [pool-47-thread-1] INFO  server.RaftServerConfigKeys (ConfUtils.java:logGet(43)) - raft.server.log.write.buffer.size = 33554432 (custom)
2019-10-07 12:26:10,162 [pool-57-thread-1] INFO  server.RaftServerConfigKeys (ConfUtils.java:logGet(43)) - raft.server.log.preallocated.size = 16384 (custom)
2019-10-07 12:26:10,163 [pool-47-thread-1] INFO  server.RaftServerConfigKeys (ConfUtils.java:logGet(43)) - raft.server.log.force.sync.num = 128 (default)
2019-10-07 12:26:10,163 [pool-57-thread-1] INFO  server.RaftServerConfigKeys (ConfUtils.java:logGet(43)) - raft.server.log.write.buffer.size = 33554432 (custom)
2019-10-07 12:26:10,163 [pool-47-thread-1] INFO  server.RaftServerConfigKeys (ConfUtils.java:logGet(43)) - raft.server.log.statemachine.data.sync = true (default)
2019-10-07 12:26:10,163 [pool-57-thread-1] INFO  server.RaftServerConfigKeys (ConfUtils.java:logGet(43)) - raft.server.log.force.sync.num = 128 (default)
2019-10-07 12:26:10,163 [pool-47-thread-1] INFO  server.RaftServerConfigKeys (ConfUtils.java:logGet(43)) - raft.server.log.statemachine.data.sync.timeout = 10s (default)
2019-10-07 12:26:10,163 [pool-57-thread-1] INFO  server.RaftServerConfigKeys (ConfUtils.java:logGet(43)) - raft.server.log.statemachine.data.sync = true (default)
2019-10-07 12:26:10,164 [pool-47-thread-1] INFO  server.RaftServerConfigKeys (ConfUtils.java:logGet(43)) - raft.server.log.statemachine.data.sync.timeout.retry = -1 (default)
2019-10-07 12:26:10,164 [pool-57-thread-1] INFO  server.RaftServerConfigKeys (ConfUtils.java:logGet(43)) - raft.server.log.statemachine.data.sync.timeout = 10s (default)
2019-10-07 12:26:10,164 [pool-47-thread-1] INFO  server.RaftServerConfigKeys (ConfUtils.java:logGet(43)) - raft.server.log.statemachine.data.caching.enabled = true (custom)
2019-10-07 12:26:10,164 [pool-57-thread-1] INFO  server.RaftServerConfigKeys (ConfUtils.java:logGet(43)) - raft.server.log.statemachine.data.sync.timeout.retry = -1 (default)
2019-10-07 12:26:10,165 [pool-47-thread-1] INFO  segmented.SegmentedRaftLogWorker (SegmentedRaftLogWorker.java:lambda$new$0(128)) - 43084d02-11f8-4ae8-888c-ddbdf52c3d32@group-E1CE79755BBB-SegmentedRaftLogWorker: flushIndex: setUnconditionally 0 -> -1
2019-10-07 12:26:10,165 [pool-57-thread-1] INFO  server.RaftServerConfigKeys (ConfUtils.java:logGet(43)) - raft.server.log.statemachine.data.caching.enabled = true (custom)
2019-10-07 12:26:10,165 [pool-47-thread-1] INFO  server.RaftServerConfigKeys (ConfUtils.java:logGet(43)) - raft.server.snapshot.auto.trigger.enabled = true (custom)
2019-10-07 12:26:10,165 [pool-47-thread-1] INFO  server.RaftServerConfigKeys (ConfUtils.java:logGet(43)) - raft.server.snapshot.auto.trigger.threshold = 10000 (custom)
2019-10-07 12:26:10,165 [pool-57-thread-1] INFO  segmented.SegmentedRaftLogWorker (SegmentedRaftLogWorker.java:lambda$new$0(128)) - 3a65e708-6c4f-4335-a3d7-61b0c1328875@group-E1CE79755BBB-SegmentedRaftLogWorker: flushIndex: setUnconditionally 0 -> -1
2019-10-07 12:26:10,165 [pool-27-thread-1] INFO  impl.RaftServerImpl (RaftServerImpl.java:start(181)) - 2bc47f86-abcc-482d-8deb-f2ed64d4ed24@group-E1CE79755BBB: start as a follower, conf=-1: [43084d02-11f8-4ae8-888c-ddbdf52c3d32:192.168.30.23:43114, 3a65e708-6c4f-4335-a3d7-61b0c1328875:192.168.30.23:37427, 2bc47f86-abcc-482d-8deb-f2ed64d4ed24:192.168.30.23:39238], old=null
2019-10-07 12:26:10,165 [pool-47-thread-1] INFO  server.RaftServerConfigKeys (ConfUtils.java:logGet(43)) - raft.server.snapshot.retention.file.num = 5 (custom)
2019-10-07 12:26:10,166 [pool-57-thread-1] INFO  server.RaftServerConfigKeys (ConfUtils.java:logGet(43)) - raft.server.snapshot.auto.trigger.enabled = true (custom)
2019-10-07 12:26:10,166 [pool-27-thread-1] INFO  impl.RaftServerImpl (RaftServerImpl.java:setRole(170)) - 2bc47f86-abcc-482d-8deb-f2ed64d4ed24@group-E1CE79755BBB: changes role from      null to FOLLOWER at term 0 for startAsFollower
2019-10-07 12:26:10,166 [pool-57-thread-1] INFO  server.RaftServerConfigKeys (ConfUtils.java:logGet(43)) - raft.server.snapshot.auto.trigger.threshold = 10000 (custom)
2019-10-07 12:26:10,166 [pool-47-thread-1] INFO  server.RaftServerConfigKeys (ConfUtils.java:logGet(43)) - raft.server.retrycache.expirytime = 600000ms (custom)
2019-10-07 12:26:10,166 [pool-57-thread-1] INFO  server.RaftServerConfigKeys (ConfUtils.java:logGet(43)) - raft.server.snapshot.retention.file.num = 5 (custom)
2019-10-07 12:26:10,166 [pool-27-thread-1] INFO  impl.RoleInfo (RoleInfo.java:updateAndGet(143)) - 2bc47f86-abcc-482d-8deb-f2ed64d4ed24: start FollowerState
2019-10-07 12:26:10,167 [pool-57-thread-1] INFO  server.RaftServerConfigKeys (ConfUtils.java:logGet(43)) - raft.server.retrycache.expirytime = 600000ms (custom)
2019-10-07 12:26:10,167 [pool-27-thread-1] INFO  util.JmxRegister (JmxRegister.java:tryRegister(44)) - Successfully registered JMX Bean with object name Ratis:service=RaftServer,group=group-E1CE79755BBB,id=2bc47f86-abcc-482d-8deb-f2ed64d4ed24
2019-10-07 12:26:10,171 [pool-47-thread-1] INFO  impl.RaftServerImpl (RaftServerImpl.java:start(181)) - 43084d02-11f8-4ae8-888c-ddbdf52c3d32@group-E1CE79755BBB: start as a follower, conf=-1: [43084d02-11f8-4ae8-888c-ddbdf52c3d32:192.168.30.23:43114, 3a65e708-6c4f-4335-a3d7-61b0c1328875:192.168.30.23:37427, 2bc47f86-abcc-482d-8deb-f2ed64d4ed24:192.168.30.23:39238], old=null
2019-10-07 12:26:10,172 [pool-47-thread-1] INFO  impl.RaftServerImpl (RaftServerImpl.java:setRole(170)) - 43084d02-11f8-4ae8-888c-ddbdf52c3d32@group-E1CE79755BBB: changes role from      null to FOLLOWER at term 0 for startAsFollower
2019-10-07 12:26:10,172 [pool-47-thread-1] INFO  impl.RoleInfo (RoleInfo.java:updateAndGet(143)) - 43084d02-11f8-4ae8-888c-ddbdf52c3d32: start FollowerState
2019-10-07 12:26:10,172 [pool-57-thread-1] INFO  impl.RaftServerImpl (RaftServerImpl.java:start(181)) - 3a65e708-6c4f-4335-a3d7-61b0c1328875@group-E1CE79755BBB: start as a follower, conf=-1: [43084d02-11f8-4ae8-888c-ddbdf52c3d32:192.168.30.23:43114, 3a65e708-6c4f-4335-a3d7-61b0c1328875:192.168.30.23:37427, 2bc47f86-abcc-482d-8deb-f2ed64d4ed24:192.168.30.23:39238], old=null
2019-10-07 12:26:10,172 [pool-57-thread-1] INFO  impl.RaftServerImpl (RaftServerImpl.java:setRole(170)) - 3a65e708-6c4f-4335-a3d7-61b0c1328875@group-E1CE79755BBB: changes role from      null to FOLLOWER at term 0 for startAsFollower
2019-10-07 12:26:10,172 [pool-47-thread-1] INFO  util.JmxRegister (JmxRegister.java:tryRegister(44)) - Successfully registered JMX Bean with object name Ratis:service=RaftServer,group=group-E1CE79755BBB,id=43084d02-11f8-4ae8-888c-ddbdf52c3d32
2019-10-07 12:26:10,173 [pool-57-thread-1] INFO  impl.RoleInfo (RoleInfo.java:updateAndGet(143)) - 3a65e708-6c4f-4335-a3d7-61b0c1328875: start FollowerState
2019-10-07 12:26:10,173 [pool-57-thread-1] INFO  util.JmxRegister (JmxRegister.java:tryRegister(44)) - Successfully registered JMX Bean with object name Ratis:service=RaftServer,group=group-E1CE79755BBB,id=3a65e708-6c4f-4335-a3d7-61b0c1328875
2019-10-07 12:26:10,206 [RatisPipelineUtilsThread] INFO  pipeline.PipelineStateManager (PipelineStateManager.java:addPipeline(56)) - Created pipeline Pipeline[ Id: aafa5cde-f94b-4373-ab32-e1ce79755bbb, Nodes: 2bc47f86-abcc-482d-8deb-f2ed64d4ed24{ip: 192.168.30.23, host: pr-hdds-2262-rg9fl-2107095119, networkLocation: /default-rack, certSerialId: null}43084d02-11f8-4ae8-888c-ddbdf52c3d32{ip: 192.168.30.23, host: pr-hdds-2262-rg9fl-2107095119, networkLocation: /default-rack, certSerialId: null}3a65e708-6c4f-4335-a3d7-61b0c1328875{ip: 192.168.30.23, host: pr-hdds-2262-rg9fl-2107095119, networkLocation: /default-rack, certSerialId: null}, Type:RATIS, Factor:THREE, State:OPEN]
2019-10-07 12:26:10,606 [main] INFO  rpc.RpcClient (RpcClient.java:createVolume(277)) - Creating Volume: testblockoutputstream, with jenkins1000 as owner.
2019-10-07 12:26:11,106 [IPC Server handler 5 on 42920] INFO  volume.OMVolumeCreateRequest (OMVolumeCreateRequest.java:validateAndUpdateCache(193)) - created volume:testblockoutputstream for user:jenkins1000
2019-10-07 12:26:11,131 [main] INFO  rpc.RpcClient (RpcClient.java:createBucket(416)) - Creating Bucket: testblockoutputstream/testblockoutputstream, with Versioning false and Storage Type set to DISK and Encryption set to false 
2019-10-07 12:26:11,158 [main] INFO  impl.MetricsSystemImpl (MetricsSystemImpl.java:init(158)) - XceiverClientMetrics metrics system started (again)
2019-10-07 12:26:11,459 [Thread-238] INFO  container.ReplicationManager (ReplicationManager.java:start(162)) - Starting Replication Monitor Thread.
2019-10-07 12:26:11,464 [ReplicationMonitor] INFO  container.ReplicationManager (ReplicationManager.java:run(225)) - Replication Monitor Thread took 4 milliseconds for processing 1 containers.
2019-10-07 12:26:14,406 [Thread-240] INFO  impl.FollowerState (FollowerState.java:run(108)) - 2bc47f86-abcc-482d-8deb-f2ed64d4ed24@group-A775F8FCEE76-FollowerState: change to CANDIDATE, lastRpcTime:5173ms, electionTimeout:5172ms
2019-10-07 12:26:14,412 [Thread-240] INFO  impl.RoleInfo (RoleInfo.java:shutdownFollowerState(121)) - 2bc47f86-abcc-482d-8deb-f2ed64d4ed24: shutdown FollowerState
2019-10-07 12:26:14,412 [Thread-240] INFO  impl.RaftServerImpl (RaftServerImpl.java:setRole(170)) - 2bc47f86-abcc-482d-8deb-f2ed64d4ed24@group-A775F8FCEE76: changes role from  FOLLOWER to CANDIDATE at term 0 for changeToCandidate
2019-10-07 12:26:14,420 [Thread-240] INFO  impl.RoleInfo (RoleInfo.java:updateAndGet(143)) - 2bc47f86-abcc-482d-8deb-f2ed64d4ed24: start LeaderElection
2019-10-07 12:26:14,448 [2bc47f86-abcc-482d-8deb-f2ed64d4ed24@group-A775F8FCEE76-LeaderElection1] INFO  impl.LeaderElection (LeaderElection.java:askForVotes(178)) - 2bc47f86-abcc-482d-8deb-f2ed64d4ed24@group-A775F8FCEE76-LeaderElection1: begin an election at term 1 for -1: [2bc47f86-abcc-482d-8deb-f2ed64d4ed24:192.168.30.23:39238], old=null
2019-10-07 12:26:14,449 [2bc47f86-abcc-482d-8deb-f2ed64d4ed24@group-A775F8FCEE76-LeaderElection1] INFO  impl.RoleInfo (RoleInfo.java:shutdownLeaderElection(134)) - 2bc47f86-abcc-482d-8deb-f2ed64d4ed24: shutdown LeaderElection
2019-10-07 12:26:14,449 [2bc47f86-abcc-482d-8deb-f2ed64d4ed24@group-A775F8FCEE76-LeaderElection1] INFO  impl.RaftServerImpl (RaftServerImpl.java:setRole(170)) - 2bc47f86-abcc-482d-8deb-f2ed64d4ed24@group-A775F8FCEE76: changes role from CANDIDATE to LEADER at term 1 for changeToLeader
2019-10-07 12:26:14,450 [2bc47f86-abcc-482d-8deb-f2ed64d4ed24@group-A775F8FCEE76-LeaderElection1] INFO  impl.RaftServerImpl (ServerState.java:setLeader(255)) - 2bc47f86-abcc-482d-8deb-f2ed64d4ed24@group-A775F8FCEE76: change Leader from null to 2bc47f86-abcc-482d-8deb-f2ed64d4ed24 at term 1 for becomeLeader, leader elected after 5337ms
2019-10-07 12:26:14,456 [2bc47f86-abcc-482d-8deb-f2ed64d4ed24@group-A775F8FCEE76-LeaderElection1] INFO  server.RaftServerConfigKeys (ConfUtils.java:logGet(43)) - raft.server.staging.catchup.gap = 1000 (default)
2019-10-07 12:26:14,456 [2bc47f86-abcc-482d-8deb-f2ed64d4ed24@group-A775F8FCEE76-LeaderElection1] INFO  server.RaftServerConfigKeys (ConfUtils.java:logGet(43)) - raft.server.rpc.sleep.time = 25ms (default)
2019-10-07 12:26:14,460 [2bc47f86-abcc-482d-8deb-f2ed64d4ed24@group-A775F8FCEE76-LeaderElection1] INFO  server.RaftServerConfigKeys (ConfUtils.java:logGet(43)) - raft.server.write.element-limit = 4096 (default)
2019-10-07 12:26:14,462 [2bc47f86-abcc-482d-8deb-f2ed64d4ed24@group-A775F8FCEE76-LeaderElection1] INFO  server.RaftServerConfigKeys (ConfUtils.java:logGet(43)) - raft.server.watch.timeout = 10s (default)
2019-10-07 12:26:14,462 [2bc47f86-abcc-482d-8deb-f2ed64d4ed24@group-A775F8FCEE76-LeaderElection1] INFO  server.RaftServerConfigKeys (ConfUtils.java:logGet(43)) - raft.server.watch.timeout.denomination = 1s (default)
2019-10-07 12:26:14,463 [2bc47f86-abcc-482d-8deb-f2ed64d4ed24@group-A775F8FCEE76-LeaderElection1] INFO  server.RaftServerConfigKeys (ConfUtils.java:logGet(43)) - raft.server.watch.element-limit = 65536 (default)
2019-10-07 12:26:14,472 [2bc47f86-abcc-482d-8deb-f2ed64d4ed24@group-A775F8FCEE76-LeaderElection1] INFO  impl.RoleInfo (RoleInfo.java:updateAndGet(143)) - 2bc47f86-abcc-482d-8deb-f2ed64d4ed24: start LeaderState
2019-10-07 12:26:14,512 [2bc47f86-abcc-482d-8deb-f2ed64d4ed24@group-A775F8FCEE76-LeaderElection1] INFO  segmented.SegmentedRaftLogWorker (SegmentedRaftLogWorker.java:startLogSegment(385)) - 2bc47f86-abcc-482d-8deb-f2ed64d4ed24@group-A775F8FCEE76-SegmentedRaftLogWorker: Starting segment from index:0
2019-10-07 12:26:14,525 [2bc47f86-abcc-482d-8deb-f2ed64d4ed24@group-A775F8FCEE76-LeaderElection1] INFO  impl.RaftServerImpl (ServerState.java:setRaftConf(356)) - 2bc47f86-abcc-482d-8deb-f2ed64d4ed24@group-A775F8FCEE76: set configuration 0: [2bc47f86-abcc-482d-8deb-f2ed64d4ed24:192.168.30.23:39238], old=null at 0
2019-10-07 12:26:14,607 [Thread-243] INFO  impl.FollowerState (FollowerState.java:run(108)) - f57744b5-2f7a-4ed8-9444-5c5c06f9ffa0@group-2271DF7B558F-FollowerState: change to CANDIDATE, lastRpcTime:5164ms, electionTimeout:5163ms
2019-10-07 12:26:14,618 [Thread-243] INFO  impl.RoleInfo (RoleInfo.java:shutdownFollowerState(121)) - f57744b5-2f7a-4ed8-9444-5c5c06f9ffa0: shutdown FollowerState
2019-10-07 12:26:14,618 [Thread-243] INFO  impl.RaftServerImpl (RaftServerImpl.java:setRole(170)) - f57744b5-2f7a-4ed8-9444-5c5c06f9ffa0@group-2271DF7B558F: changes role from  FOLLOWER to CANDIDATE at term 0 for changeToCandidate
2019-10-07 12:26:14,618 [Thread-243] INFO  impl.RoleInfo (RoleInfo.java:updateAndGet(143)) - f57744b5-2f7a-4ed8-9444-5c5c06f9ffa0: start LeaderElection
2019-10-07 12:26:14,636 [f57744b5-2f7a-4ed8-9444-5c5c06f9ffa0@group-2271DF7B558F-LeaderElection2] INFO  impl.LeaderElection (LeaderElection.java:askForVotes(178)) - f57744b5-2f7a-4ed8-9444-5c5c06f9ffa0@group-2271DF7B558F-LeaderElection2: begin an election at term 1 for -1: [f57744b5-2f7a-4ed8-9444-5c5c06f9ffa0:192.168.30.23:39485], old=null
2019-10-07 12:26:14,636 [f57744b5-2f7a-4ed8-9444-5c5c06f9ffa0@group-2271DF7B558F-LeaderElection2] INFO  impl.RoleInfo (RoleInfo.java:shutdownLeaderElection(134)) - f57744b5-2f7a-4ed8-9444-5c5c06f9ffa0: shutdown LeaderElection
2019-10-07 12:26:14,636 [f57744b5-2f7a-4ed8-9444-5c5c06f9ffa0@group-2271DF7B558F-LeaderElection2] INFO  impl.RaftServerImpl (RaftServerImpl.java:setRole(170)) - f57744b5-2f7a-4ed8-9444-5c5c06f9ffa0@group-2271DF7B558F: changes role from CANDIDATE to LEADER at term 1 for changeToLeader
2019-10-07 12:26:14,636 [f57744b5-2f7a-4ed8-9444-5c5c06f9ffa0@group-2271DF7B558F-LeaderElection2] INFO  impl.RaftServerImpl (ServerState.java:setLeader(255)) - f57744b5-2f7a-4ed8-9444-5c5c06f9ffa0@group-2271DF7B558F: change Leader from null to f57744b5-2f7a-4ed8-9444-5c5c06f9ffa0 at term 1 for becomeLeader, leader elected after 5206ms
2019-10-07 12:26:14,638 [f57744b5-2f7a-4ed8-9444-5c5c06f9ffa0@group-2271DF7B558F-LeaderElection2] INFO  server.RaftServerConfigKeys (ConfUtils.java:logGet(43)) - raft.server.staging.catchup.gap = 1000 (default)
2019-10-07 12:26:14,638 [f57744b5-2f7a-4ed8-9444-5c5c06f9ffa0@group-2271DF7B558F-LeaderElection2] INFO  server.RaftServerConfigKeys (ConfUtils.java:logGet(43)) - raft.server.rpc.sleep.time = 25ms (default)
2019-10-07 12:26:14,639 [f57744b5-2f7a-4ed8-9444-5c5c06f9ffa0@group-2271DF7B558F-LeaderElection2] INFO  server.RaftServerConfigKeys (ConfUtils.java:logGet(43)) - raft.server.write.element-limit = 4096 (default)
2019-10-07 12:26:14,639 [f57744b5-2f7a-4ed8-9444-5c5c06f9ffa0@group-2271DF7B558F-LeaderElection2] INFO  server.RaftServerConfigKeys (ConfUtils.java:logGet(43)) - raft.server.watch.timeout = 10s (default)
2019-10-07 12:26:14,639 [f57744b5-2f7a-4ed8-9444-5c5c06f9ffa0@group-2271DF7B558F-LeaderElection2] INFO  server.RaftServerConfigKeys (ConfUtils.java:logGet(43)) - raft.server.watch.timeout.denomination = 1s (default)
2019-10-07 12:26:14,639 [f57744b5-2f7a-4ed8-9444-5c5c06f9ffa0@group-2271DF7B558F-LeaderElection2] INFO  server.RaftServerConfigKeys (ConfUtils.java:logGet(43)) - raft.server.watch.element-limit = 65536 (default)
2019-10-07 12:26:14,642 [f57744b5-2f7a-4ed8-9444-5c5c06f9ffa0@group-2271DF7B558F-LeaderElection2] INFO  impl.RoleInfo (RoleInfo.java:updateAndGet(143)) - f57744b5-2f7a-4ed8-9444-5c5c06f9ffa0: start LeaderState
2019-10-07 12:26:14,642 [f57744b5-2f7a-4ed8-9444-5c5c06f9ffa0@group-2271DF7B558F-LeaderElection2] INFO  segmented.SegmentedRaftLogWorker (SegmentedRaftLogWorker.java:startLogSegment(385)) - f57744b5-2f7a-4ed8-9444-5c5c06f9ffa0@group-2271DF7B558F-SegmentedRaftLogWorker: Starting segment from index:0
2019-10-07 12:26:14,643 [f57744b5-2f7a-4ed8-9444-5c5c06f9ffa0@group-2271DF7B558F-LeaderElection2] INFO  impl.RaftServerImpl (ServerState.java:setRaftConf(356)) - f57744b5-2f7a-4ed8-9444-5c5c06f9ffa0@group-2271DF7B558F: set configuration 0: [f57744b5-2f7a-4ed8-9444-5c5c06f9ffa0:192.168.30.23:39485], old=null at 0
2019-10-07 12:26:14,660 [Thread-246] INFO  impl.FollowerState (FollowerState.java:run(108)) - 1918313e-d2a9-4acc-93c2-47b7c5875062@group-C187F0F5EF6F-FollowerState: change to CANDIDATE, lastRpcTime:5063ms, electionTimeout:5063ms
2019-10-07 12:26:14,662 [Thread-246] INFO  impl.RoleInfo (RoleInfo.java:shutdownFollowerState(121)) - 1918313e-d2a9-4acc-93c2-47b7c5875062: shutdown FollowerState
2019-10-07 12:26:14,662 [Thread-246] INFO  impl.RaftServerImpl (RaftServerImpl.java:setRole(170)) - 1918313e-d2a9-4acc-93c2-47b7c5875062@group-C187F0F5EF6F: changes role from  FOLLOWER to CANDIDATE at term 0 for changeToCandidate
2019-10-07 12:26:14,662 [Thread-246] INFO  impl.RoleInfo (RoleInfo.java:updateAndGet(143)) - 1918313e-d2a9-4acc-93c2-47b7c5875062: start LeaderElection
2019-10-07 12:26:14,680 [1918313e-d2a9-4acc-93c2-47b7c5875062@group-C187F0F5EF6F-LeaderElection3] INFO  impl.LeaderElection (LeaderElection.java:askForVotes(178)) - 1918313e-d2a9-4acc-93c2-47b7c5875062@group-C187F0F5EF6F-LeaderElection3: begin an election at term 1 for -1: [1918313e-d2a9-4acc-93c2-47b7c5875062:192.168.30.23:46361], old=null
2019-10-07 12:26:14,682 [1918313e-d2a9-4acc-93c2-47b7c5875062@group-C187F0F5EF6F-LeaderElection3] INFO  impl.RoleInfo (RoleInfo.java:shutdownLeaderElection(134)) - 1918313e-d2a9-4acc-93c2-47b7c5875062: shutdown LeaderElection
2019-10-07 12:26:14,682 [1918313e-d2a9-4acc-93c2-47b7c5875062@group-C187F0F5EF6F-LeaderElection3] INFO  impl.RaftServerImpl (RaftServerImpl.java:setRole(170)) - 1918313e-d2a9-4acc-93c2-47b7c5875062@group-C187F0F5EF6F: changes role from CANDIDATE to LEADER at term 1 for changeToLeader
2019-10-07 12:26:14,682 [1918313e-d2a9-4acc-93c2-47b7c5875062@group-C187F0F5EF6F-LeaderElection3] INFO  impl.RaftServerImpl (ServerState.java:setLeader(255)) - 1918313e-d2a9-4acc-93c2-47b7c5875062@group-C187F0F5EF6F: change Leader from null to 1918313e-d2a9-4acc-93c2-47b7c5875062 at term 1 for becomeLeader, leader elected after 5143ms
2019-10-07 12:26:14,684 [1918313e-d2a9-4acc-93c2-47b7c5875062@group-C187F0F5EF6F-LeaderElection3] INFO  server.RaftServerConfigKeys (ConfUtils.java:logGet(43)) - raft.server.staging.catchup.gap = 1000 (default)
2019-10-07 12:26:14,685 [1918313e-d2a9-4acc-93c2-47b7c5875062@group-C187F0F5EF6F-LeaderElection3] INFO  server.RaftServerConfigKeys (ConfUtils.java:logGet(43)) - raft.server.rpc.sleep.time = 25ms (default)
2019-10-07 12:26:14,685 [1918313e-d2a9-4acc-93c2-47b7c5875062@group-C187F0F5EF6F-LeaderElection3] INFO  server.RaftServerConfigKeys (ConfUtils.java:logGet(43)) - raft.server.write.element-limit = 4096 (default)
2019-10-07 12:26:14,685 [1918313e-d2a9-4acc-93c2-47b7c5875062@group-C187F0F5EF6F-LeaderElection3] INFO  server.RaftServerConfigKeys (ConfUtils.java:logGet(43)) - raft.server.watch.timeout = 10s (default)
2019-10-07 12:26:14,685 [1918313e-d2a9-4acc-93c2-47b7c5875062@group-C187F0F5EF6F-LeaderElection3] INFO  server.RaftServerConfigKeys (ConfUtils.java:logGet(43)) - raft.server.watch.timeout.denomination = 1s (default)
2019-10-07 12:26:14,686 [1918313e-d2a9-4acc-93c2-47b7c5875062@group-C187F0F5EF6F-LeaderElection3] INFO  server.RaftServerConfigKeys (ConfUtils.java:logGet(43)) - raft.server.watch.element-limit = 65536 (default)
2019-10-07 12:26:14,690 [1918313e-d2a9-4acc-93c2-47b7c5875062@group-C187F0F5EF6F-LeaderElection3] INFO  impl.RoleInfo (RoleInfo.java:updateAndGet(143)) - 1918313e-d2a9-4acc-93c2-47b7c5875062: start LeaderState
2019-10-07 12:26:14,690 [1918313e-d2a9-4acc-93c2-47b7c5875062@group-C187F0F5EF6F-LeaderElection3] INFO  segmented.SegmentedRaftLogWorker (SegmentedRaftLogWorker.java:startLogSegment(385)) - 1918313e-d2a9-4acc-93c2-47b7c5875062@group-C187F0F5EF6F-SegmentedRaftLogWorker: Starting segment from index:0
2019-10-07 12:26:14,691 [1918313e-d2a9-4acc-93c2-47b7c5875062@group-C187F0F5EF6F-LeaderElection3] INFO  impl.RaftServerImpl (ServerState.java:setRaftConf(356)) - 1918313e-d2a9-4acc-93c2-47b7c5875062@group-C187F0F5EF6F: set configuration 0: [1918313e-d2a9-4acc-93c2-47b7c5875062:192.168.30.23:46361], old=null at 0
2019-10-07 12:26:14,781 [1918313e-d2a9-4acc-93c2-47b7c5875062@group-C187F0F5EF6F-SegmentedRaftLogWorker] INFO  segmented.SegmentedRaftLogWorker (SegmentedRaftLogWorker.java:execute(574)) - 1918313e-d2a9-4acc-93c2-47b7c5875062@group-C187F0F5EF6F-SegmentedRaftLogWorker: created new log segment /workdir/hadoop-ozone/integration-test/target/test-dir/MiniOzoneClusterImpl-778dd385-233b-4e0e-8595-44f312773a1c/datanode-4/data/ratis/623f5ac5-4ed4-4000-8f11-c187f0f5ef6f/current/log_inprogress_0
2019-10-07 12:26:14,781 [f57744b5-2f7a-4ed8-9444-5c5c06f9ffa0@group-2271DF7B558F-SegmentedRaftLogWorker] INFO  segmented.SegmentedRaftLogWorker (SegmentedRaftLogWorker.java:execute(574)) - f57744b5-2f7a-4ed8-9444-5c5c06f9ffa0@group-2271DF7B558F-SegmentedRaftLogWorker: created new log segment /workdir/hadoop-ozone/integration-test/target/test-dir/MiniOzoneClusterImpl-778dd385-233b-4e0e-8595-44f312773a1c/datanode-1/data/ratis/e1cad256-e975-4fbd-bd12-2271df7b558f/current/log_inprogress_0
2019-10-07 12:26:14,781 [2bc47f86-abcc-482d-8deb-f2ed64d4ed24@group-A775F8FCEE76-SegmentedRaftLogWorker] INFO  segmented.SegmentedRaftLogWorker (SegmentedRaftLogWorker.java:execute(574)) - 2bc47f86-abcc-482d-8deb-f2ed64d4ed24@group-A775F8FCEE76-SegmentedRaftLogWorker: created new log segment /workdir/hadoop-ozone/integration-test/target/test-dir/MiniOzoneClusterImpl-778dd385-233b-4e0e-8595-44f312773a1c/datanode-0/data/ratis/6767258a-a6cb-42d3-b008-a775f8fcee76/current/log_inprogress_0
2019-10-07 12:26:14,826 [Thread-249] INFO  impl.FollowerState (FollowerState.java:run(108)) - c9767870-009c-4479-8ff8-96f0bb47e0cf@group-18D0147AF237-FollowerState: change to CANDIDATE, lastRpcTime:5136ms, electionTimeout:5136ms
2019-10-07 12:26:14,826 [Thread-249] INFO  impl.RoleInfo (RoleInfo.java:shutdownFollowerState(121)) - c9767870-009c-4479-8ff8-96f0bb47e0cf: shutdown FollowerState
2019-10-07 12:26:14,826 [Thread-249] INFO  impl.RaftServerImpl (RaftServerImpl.java:setRole(170)) - c9767870-009c-4479-8ff8-96f0bb47e0cf@group-18D0147AF237: changes role from  FOLLOWER to CANDIDATE at term 0 for changeToCandidate
2019-10-07 12:26:14,827 [Thread-249] INFO  impl.RoleInfo (RoleInfo.java:updateAndGet(143)) - c9767870-009c-4479-8ff8-96f0bb47e0cf: start LeaderElection
2019-10-07 12:26:14,847 [c9767870-009c-4479-8ff8-96f0bb47e0cf@group-18D0147AF237-LeaderElection4] INFO  impl.LeaderElection (LeaderElection.java:askForVotes(178)) - c9767870-009c-4479-8ff8-96f0bb47e0cf@group-18D0147AF237-LeaderElection4: begin an election at term 1 for -1: [c9767870-009c-4479-8ff8-96f0bb47e0cf:192.168.30.23:35662], old=null
2019-10-07 12:26:14,847 [c9767870-009c-4479-8ff8-96f0bb47e0cf@group-18D0147AF237-LeaderElection4] INFO  impl.RoleInfo (RoleInfo.java:shutdownLeaderElection(134)) - c9767870-009c-4479-8ff8-96f0bb47e0cf: shutdown LeaderElection
2019-10-07 12:26:14,847 [c9767870-009c-4479-8ff8-96f0bb47e0cf@group-18D0147AF237-LeaderElection4] INFO  impl.RaftServerImpl (RaftServerImpl.java:setRole(170)) - c9767870-009c-4479-8ff8-96f0bb47e0cf@group-18D0147AF237: changes role from CANDIDATE to LEADER at term 1 for changeToLeader
2019-10-07 12:26:14,849 [c9767870-009c-4479-8ff8-96f0bb47e0cf@group-18D0147AF237-LeaderElection4] INFO  impl.RaftServerImpl (ServerState.java:setLeader(255)) - c9767870-009c-4479-8ff8-96f0bb47e0cf@group-18D0147AF237: change Leader from null to c9767870-009c-4479-8ff8-96f0bb47e0cf at term 1 for becomeLeader, leader elected after 5173ms
2019-10-07 12:26:14,851 [c9767870-009c-4479-8ff8-96f0bb47e0cf@group-18D0147AF237-LeaderElection4] INFO  server.RaftServerConfigKeys (ConfUtils.java:logGet(43)) - raft.server.staging.catchup.gap = 1000 (default)
2019-10-07 12:26:14,851 [c9767870-009c-4479-8ff8-96f0bb47e0cf@group-18D0147AF237-LeaderElection4] INFO  server.RaftServerConfigKeys (ConfUtils.java:logGet(43)) - raft.server.rpc.sleep.time = 25ms (default)
2019-10-07 12:26:14,852 [c9767870-009c-4479-8ff8-96f0bb47e0cf@group-18D0147AF237-LeaderElection4] INFO  server.RaftServerConfigKeys (ConfUtils.java:logGet(43)) - raft.server.write.element-limit = 4096 (default)
2019-10-07 12:26:14,852 [c9767870-009c-4479-8ff8-96f0bb47e0cf@group-18D0147AF237-LeaderElection4] INFO  server.RaftServerConfigKeys (ConfUtils.java:logGet(43)) - raft.server.watch.timeout = 10s (default)
2019-10-07 12:26:14,852 [c9767870-009c-4479-8ff8-96f0bb47e0cf@group-18D0147AF237-LeaderElection4] INFO  server.RaftServerConfigKeys (ConfUtils.java:logGet(43)) - raft.server.watch.timeout.denomination = 1s (default)
2019-10-07 12:26:14,852 [c9767870-009c-4479-8ff8-96f0bb47e0cf@group-18D0147AF237-LeaderElection4] INFO  server.RaftServerConfigKeys (ConfUtils.java:logGet(43)) - raft.server.watch.element-limit = 65536 (default)
2019-10-07 12:26:14,855 [c9767870-009c-4479-8ff8-96f0bb47e0cf@group-18D0147AF237-LeaderElection4] INFO  impl.RoleInfo (RoleInfo.java:updateAndGet(143)) - c9767870-009c-4479-8ff8-96f0bb47e0cf: start LeaderState
2019-10-07 12:26:14,855 [c9767870-009c-4479-8ff8-96f0bb47e0cf@group-18D0147AF237-LeaderElection4] INFO  segmented.SegmentedRaftLogWorker (SegmentedRaftLogWorker.java:startLogSegment(385)) - c9767870-009c-4479-8ff8-96f0bb47e0cf@group-18D0147AF237-SegmentedRaftLogWorker: Starting segment from index:0
2019-10-07 12:26:14,856 [c9767870-009c-4479-8ff8-96f0bb47e0cf@group-18D0147AF237-LeaderElection4] INFO  impl.RaftServerImpl (ServerState.java:setRaftConf(356)) - c9767870-009c-4479-8ff8-96f0bb47e0cf@group-18D0147AF237: set configuration 0: [c9767870-009c-4479-8ff8-96f0bb47e0cf:192.168.30.23:35662], old=null at 0
2019-10-07 12:26:14,880 [Thread-252] INFO  impl.FollowerState (FollowerState.java:run(108)) - 43084d02-11f8-4ae8-888c-ddbdf52c3d32@group-E66473AE6CF1-FollowerState: change to CANDIDATE, lastRpcTime:5098ms, electionTimeout:5078ms
2019-10-07 12:26:14,881 [Thread-252] INFO  impl.RoleInfo (RoleInfo.java:shutdownFollowerState(121)) - 43084d02-11f8-4ae8-888c-ddbdf52c3d32: shutdown FollowerState
2019-10-07 12:26:14,881 [Thread-252] INFO  impl.RaftServerImpl (RaftServerImpl.java:setRole(170)) - 43084d02-11f8-4ae8-888c-ddbdf52c3d32@group-E66473AE6CF1: changes role from  FOLLOWER to CANDIDATE at term 0 for changeToCandidate
2019-10-07 12:26:14,881 [Thread-252] INFO  impl.RoleInfo (RoleInfo.java:updateAndGet(143)) - 43084d02-11f8-4ae8-888c-ddbdf52c3d32: start LeaderElection
2019-10-07 12:26:14,893 [c9767870-009c-4479-8ff8-96f0bb47e0cf@group-18D0147AF237-SegmentedRaftLogWorker] INFO  segmented.SegmentedRaftLogWorker (SegmentedRaftLogWorker.java:execute(574)) - c9767870-009c-4479-8ff8-96f0bb47e0cf@group-18D0147AF237-SegmentedRaftLogWorker: created new log segment /workdir/hadoop-ozone/integration-test/target/test-dir/MiniOzoneClusterImpl-778dd385-233b-4e0e-8595-44f312773a1c/datanode-6/data/ratis/1967298c-10cf-4e6d-be94-18d0147af237/current/log_inprogress_0
2019-10-07 12:26:14,893 [43084d02-11f8-4ae8-888c-ddbdf52c3d32@group-E66473AE6CF1-LeaderElection5] INFO  impl.LeaderElection (LeaderElection.java:askForVotes(178)) - 43084d02-11f8-4ae8-888c-ddbdf52c3d32@group-E66473AE6CF1-LeaderElection5: begin an election at term 1 for -1: [43084d02-11f8-4ae8-888c-ddbdf52c3d32:192.168.30.23:43114], old=null
2019-10-07 12:26:14,894 [43084d02-11f8-4ae8-888c-ddbdf52c3d32@group-E66473AE6CF1-LeaderElection5] INFO  impl.RoleInfo (RoleInfo.java:shutdownLeaderElection(134)) - 43084d02-11f8-4ae8-888c-ddbdf52c3d32: shutdown LeaderElection
2019-10-07 12:26:14,894 [43084d02-11f8-4ae8-888c-ddbdf52c3d32@group-E66473AE6CF1-LeaderElection5] INFO  impl.RaftServerImpl (RaftServerImpl.java:setRole(170)) - 43084d02-11f8-4ae8-888c-ddbdf52c3d32@group-E66473AE6CF1: changes role from CANDIDATE to LEADER at term 1 for changeToLeader
2019-10-07 12:26:14,894 [43084d02-11f8-4ae8-888c-ddbdf52c3d32@group-E66473AE6CF1-LeaderElection5] INFO  impl.RaftServerImpl (ServerState.java:setLeader(255)) - 43084d02-11f8-4ae8-888c-ddbdf52c3d32@group-E66473AE6CF1: change Leader from null to 43084d02-11f8-4ae8-888c-ddbdf52c3d32 at term 1 for becomeLeader, leader elected after 5120ms
2019-10-07 12:26:14,896 [43084d02-11f8-4ae8-888c-ddbdf52c3d32@group-E66473AE6CF1-LeaderElection5] INFO  server.RaftServerConfigKeys (ConfUtils.java:logGet(43)) - raft.server.staging.catchup.gap = 1000 (default)
2019-10-07 12:26:14,896 [43084d02-11f8-4ae8-888c-ddbdf52c3d32@group-E66473AE6CF1-LeaderElection5] INFO  server.RaftServerConfigKeys (ConfUtils.java:logGet(43)) - raft.server.rpc.sleep.time = 25ms (default)
2019-10-07 12:26:14,897 [43084d02-11f8-4ae8-888c-ddbdf52c3d32@group-E66473AE6CF1-LeaderElection5] INFO  server.RaftServerConfigKeys (ConfUtils.java:logGet(43)) - raft.server.write.element-limit = 4096 (default)
2019-10-07 12:26:14,897 [43084d02-11f8-4ae8-888c-ddbdf52c3d32@group-E66473AE6CF1-LeaderElection5] INFO  server.RaftServerConfigKeys (ConfUtils.java:logGet(43)) - raft.server.watch.timeout = 10s (default)
2019-10-07 12:26:14,897 [43084d02-11f8-4ae8-888c-ddbdf52c3d32@group-E66473AE6CF1-LeaderElection5] INFO  server.RaftServerConfigKeys (ConfUtils.java:logGet(43)) - raft.server.watch.timeout.denomination = 1s (default)
2019-10-07 12:26:14,897 [43084d02-11f8-4ae8-888c-ddbdf52c3d32@group-E66473AE6CF1-LeaderElection5] INFO  server.RaftServerConfigKeys (ConfUtils.java:logGet(43)) - raft.server.watch.element-limit = 65536 (default)
2019-10-07 12:26:14,900 [43084d02-11f8-4ae8-888c-ddbdf52c3d32@group-E66473AE6CF1-LeaderElection5] INFO  impl.RoleInfo (RoleInfo.java:updateAndGet(143)) - 43084d02-11f8-4ae8-888c-ddbdf52c3d32: start LeaderState
2019-10-07 12:26:14,901 [43084d02-11f8-4ae8-888c-ddbdf52c3d32@group-E66473AE6CF1-LeaderElection5] INFO  segmented.SegmentedRaftLogWorker (SegmentedRaftLogWorker.java:startLogSegment(385)) - 43084d02-11f8-4ae8-888c-ddbdf52c3d32@group-E66473AE6CF1-SegmentedRaftLogWorker: Starting segment from index:0
2019-10-07 12:26:14,902 [43084d02-11f8-4ae8-888c-ddbdf52c3d32@group-E66473AE6CF1-LeaderElection5] INFO  impl.RaftServerImpl (ServerState.java:setRaftConf(356)) - 43084d02-11f8-4ae8-888c-ddbdf52c3d32@group-E66473AE6CF1: set configuration 0: [43084d02-11f8-4ae8-888c-ddbdf52c3d32:192.168.30.23:43114], old=null at 0
2019-10-07 12:26:14,929 [Thread-255] INFO  impl.FollowerState (FollowerState.java:run(108)) - 3a65e708-6c4f-4335-a3d7-61b0c1328875@group-2730BA3E9A6A-FollowerState: change to CANDIDATE, lastRpcTime:5073ms, electionTimeout:5073ms
2019-10-07 12:26:14,929 [Thread-255] INFO  impl.RoleInfo (RoleInfo.java:shutdownFollowerState(121)) - 3a65e708-6c4f-4335-a3d7-61b0c1328875: shutdown FollowerState
2019-10-07 12:26:14,929 [Thread-255] INFO  impl.RaftServerImpl (RaftServerImpl.java:setRole(170)) - 3a65e708-6c4f-4335-a3d7-61b0c1328875@group-2730BA3E9A6A: changes role from  FOLLOWER to CANDIDATE at term 0 for changeToCandidate
2019-10-07 12:26:14,929 [Thread-255] INFO  impl.RoleInfo (RoleInfo.java:updateAndGet(143)) - 3a65e708-6c4f-4335-a3d7-61b0c1328875: start LeaderElection
2019-10-07 12:26:14,939 [43084d02-11f8-4ae8-888c-ddbdf52c3d32@group-E66473AE6CF1-SegmentedRaftLogWorker] INFO  segmented.SegmentedRaftLogWorker (SegmentedRaftLogWorker.java:execute(574)) - 43084d02-11f8-4ae8-888c-ddbdf52c3d32@group-E66473AE6CF1-SegmentedRaftLogWorker: created new log segment /workdir/hadoop-ozone/integration-test/target/test-dir/MiniOzoneClusterImpl-778dd385-233b-4e0e-8595-44f312773a1c/datanode-2/data/ratis/afc14381-cf51-4dfb-8c19-e66473ae6cf1/current/log_inprogress_0
2019-10-07 12:26:14,939 [3a65e708-6c4f-4335-a3d7-61b0c1328875@group-2730BA3E9A6A-LeaderElection6] INFO  impl.LeaderElection (LeaderElection.java:askForVotes(178)) - 3a65e708-6c4f-4335-a3d7-61b0c1328875@group-2730BA3E9A6A-LeaderElection6: begin an election at term 1 for -1: [3a65e708-6c4f-4335-a3d7-61b0c1328875:192.168.30.23:37427], old=null
2019-10-07 12:26:14,939 [3a65e708-6c4f-4335-a3d7-61b0c1328875@group-2730BA3E9A6A-LeaderElection6] INFO  impl.RoleInfo (RoleInfo.java:shutdownLeaderElection(134)) - 3a65e708-6c4f-4335-a3d7-61b0c1328875: shutdown LeaderElection
2019-10-07 12:26:14,940 [3a65e708-6c4f-4335-a3d7-61b0c1328875@group-2730BA3E9A6A-LeaderElection6] INFO  impl.RaftServerImpl (RaftServerImpl.java:setRole(170)) - 3a65e708-6c4f-4335-a3d7-61b0c1328875@group-2730BA3E9A6A: changes role from CANDIDATE to LEADER at term 1 for changeToLeader
2019-10-07 12:26:14,940 [3a65e708-6c4f-4335-a3d7-61b0c1328875@group-2730BA3E9A6A-LeaderElection6] INFO  impl.RaftServerImpl (ServerState.java:setLeader(255)) - 3a65e708-6c4f-4335-a3d7-61b0c1328875@group-2730BA3E9A6A: change Leader from null to 3a65e708-6c4f-4335-a3d7-61b0c1328875 at term 1 for becomeLeader, leader elected after 5092ms
2019-10-07 12:26:14,942 [3a65e708-6c4f-4335-a3d7-61b0c1328875@group-2730BA3E9A6A-LeaderElection6] INFO  server.RaftServerConfigKeys (ConfUtils.java:logGet(43)) - raft.server.staging.catchup.gap = 1000 (default)
2019-10-07 12:26:14,942 [3a65e708-6c4f-4335-a3d7-61b0c1328875@group-2730BA3E9A6A-LeaderElection6] INFO  server.RaftServerConfigKeys (ConfUtils.java:logGet(43)) - raft.server.rpc.sleep.time = 25ms (default)
2019-10-07 12:26:14,942 [3a65e708-6c4f-4335-a3d7-61b0c1328875@group-2730BA3E9A6A-LeaderElection6] INFO  server.RaftServerConfigKeys (ConfUtils.java:logGet(43)) - raft.server.write.element-limit = 4096 (default)
2019-10-07 12:26:14,943 [3a65e708-6c4f-4335-a3d7-61b0c1328875@group-2730BA3E9A6A-LeaderElection6] INFO  server.RaftServerConfigKeys (ConfUtils.java:logGet(43)) - raft.server.watch.timeout = 10s (default)
2019-10-07 12:26:14,943 [3a65e708-6c4f-4335-a3d7-61b0c1328875@group-2730BA3E9A6A-LeaderElection6] INFO  server.RaftServerConfigKeys (ConfUtils.java:logGet(43)) - raft.server.watch.timeout.denomination = 1s (default)
2019-10-07 12:26:14,943 [3a65e708-6c4f-4335-a3d7-61b0c1328875@group-2730BA3E9A6A-LeaderElection6] INFO  server.RaftServerConfigKeys (ConfUtils.java:logGet(43)) - raft.server.watch.element-limit = 65536 (default)
2019-10-07 12:26:14,946 [3a65e708-6c4f-4335-a3d7-61b0c1328875@group-2730BA3E9A6A-LeaderElection6] INFO  impl.RoleInfo (RoleInfo.java:updateAndGet(143)) - 3a65e708-6c4f-4335-a3d7-61b0c1328875: start LeaderState
2019-10-07 12:26:14,946 [3a65e708-6c4f-4335-a3d7-61b0c1328875@group-2730BA3E9A6A-LeaderElection6] INFO  segmented.SegmentedRaftLogWorker (SegmentedRaftLogWorker.java:startLogSegment(385)) - 3a65e708-6c4f-4335-a3d7-61b0c1328875@group-2730BA3E9A6A-SegmentedRaftLogWorker: Starting segment from index:0
2019-10-07 12:26:14,947 [3a65e708-6c4f-4335-a3d7-61b0c1328875@group-2730BA3E9A6A-LeaderElection6] INFO  impl.RaftServerImpl (ServerState.java:setRaftConf(356)) - 3a65e708-6c4f-4335-a3d7-61b0c1328875@group-2730BA3E9A6A: set configuration 0: [3a65e708-6c4f-4335-a3d7-61b0c1328875:192.168.30.23:37427], old=null at 0
2019-10-07 12:26:15,010 [3a65e708-6c4f-4335-a3d7-61b0c1328875@group-2730BA3E9A6A-SegmentedRaftLogWorker] INFO  segmented.SegmentedRaftLogWorker (SegmentedRaftLogWorker.java:execute(574)) - 3a65e708-6c4f-4335-a3d7-61b0c1328875@group-2730BA3E9A6A-SegmentedRaftLogWorker: created new log segment /workdir/hadoop-ozone/integration-test/target/test-dir/MiniOzoneClusterImpl-778dd385-233b-4e0e-8595-44f312773a1c/datanode-3/data/ratis/e67a30ed-f4ad-4291-a09b-2730ba3e9a6a/current/log_inprogress_0
2019-10-07 12:26:15,066 [Thread-258] INFO  impl.FollowerState (FollowerState.java:run(108)) - b5039893-fef7-4d01-9c96-a360cfbc7d73@group-A10E7B10A24A-FollowerState: change to CANDIDATE, lastRpcTime:5140ms, electionTimeout:5140ms
2019-10-07 12:26:15,067 [Thread-258] INFO  impl.RoleInfo (RoleInfo.java:shutdownFollowerState(121)) - b5039893-fef7-4d01-9c96-a360cfbc7d73: shutdown FollowerState
2019-10-07 12:26:15,067 [Thread-258] INFO  impl.RaftServerImpl (RaftServerImpl.java:setRole(170)) - b5039893-fef7-4d01-9c96-a360cfbc7d73@group-A10E7B10A24A: changes role from  FOLLOWER to CANDIDATE at term 0 for changeToCandidate
2019-10-07 12:26:15,067 [Thread-258] INFO  impl.RoleInfo (RoleInfo.java:updateAndGet(143)) - b5039893-fef7-4d01-9c96-a360cfbc7d73: start LeaderElection
2019-10-07 12:26:15,085 [b5039893-fef7-4d01-9c96-a360cfbc7d73@group-A10E7B10A24A-LeaderElection7] INFO  impl.LeaderElection (LeaderElection.java:askForVotes(178)) - b5039893-fef7-4d01-9c96-a360cfbc7d73@group-A10E7B10A24A-LeaderElection7: begin an election at term 1 for -1: [b5039893-fef7-4d01-9c96-a360cfbc7d73:192.168.30.23:46082], old=null
2019-10-07 12:26:15,085 [b5039893-fef7-4d01-9c96-a360cfbc7d73@group-A10E7B10A24A-LeaderElection7] INFO  impl.RoleInfo (RoleInfo.java:shutdownLeaderElection(134)) - b5039893-fef7-4d01-9c96-a360cfbc7d73: shutdown LeaderElection
2019-10-07 12:26:15,085 [b5039893-fef7-4d01-9c96-a360cfbc7d73@group-A10E7B10A24A-LeaderElection7] INFO  impl.RaftServerImpl (RaftServerImpl.java:setRole(170)) - b5039893-fef7-4d01-9c96-a360cfbc7d73@group-A10E7B10A24A: changes role from CANDIDATE to LEADER at term 1 for changeToLeader
2019-10-07 12:26:15,086 [b5039893-fef7-4d01-9c96-a360cfbc7d73@group-A10E7B10A24A-LeaderElection7] INFO  impl.RaftServerImpl (ServerState.java:setLeader(255)) - b5039893-fef7-4d01-9c96-a360cfbc7d73@group-A10E7B10A24A: change Leader from null to b5039893-fef7-4d01-9c96-a360cfbc7d73 at term 1 for becomeLeader, leader elected after 5170ms
2019-10-07 12:26:15,088 [b5039893-fef7-4d01-9c96-a360cfbc7d73@group-A10E7B10A24A-LeaderElection7] INFO  server.RaftServerConfigKeys (ConfUtils.java:logGet(43)) - raft.server.staging.catchup.gap = 1000 (default)
2019-10-07 12:26:15,088 [b5039893-fef7-4d01-9c96-a360cfbc7d73@group-A10E7B10A24A-LeaderElection7] INFO  server.RaftServerConfigKeys (ConfUtils.java:logGet(43)) - raft.server.rpc.sleep.time = 25ms (default)
2019-10-07 12:26:15,088 [b5039893-fef7-4d01-9c96-a360cfbc7d73@group-A10E7B10A24A-LeaderElection7] INFO  server.RaftServerConfigKeys (ConfUtils.java:logGet(43)) - raft.server.write.element-limit = 4096 (default)
2019-10-07 12:26:15,089 [b5039893-fef7-4d01-9c96-a360cfbc7d73@group-A10E7B10A24A-LeaderElection7] INFO  server.RaftServerConfigKeys (ConfUtils.java:logGet(43)) - raft.server.watch.timeout = 10s (default)
2019-10-07 12:26:15,089 [b5039893-fef7-4d01-9c96-a360cfbc7d73@group-A10E7B10A24A-LeaderElection7] INFO  server.RaftServerConfigKeys (ConfUtils.java:logGet(43)) - raft.server.watch.timeout.denomination = 1s (default)
2019-10-07 12:26:15,089 [b5039893-fef7-4d01-9c96-a360cfbc7d73@group-A10E7B10A24A-LeaderElection7] INFO  server.RaftServerConfigKeys (ConfUtils.java:logGet(43)) - raft.server.watch.element-limit = 65536 (default)
2019-10-07 12:26:15,093 [b5039893-fef7-4d01-9c96-a360cfbc7d73@group-A10E7B10A24A-LeaderElection7] INFO  impl.RoleInfo (RoleInfo.java:updateAndGet(143)) - b5039893-fef7-4d01-9c96-a360cfbc7d73: start LeaderState
2019-10-07 12:26:15,094 [b5039893-fef7-4d01-9c96-a360cfbc7d73@group-A10E7B10A24A-LeaderElection7] INFO  segmented.SegmentedRaftLogWorker (SegmentedRaftLogWorker.java:startLogSegment(385)) - b5039893-fef7-4d01-9c96-a360cfbc7d73@group-A10E7B10A24A-SegmentedRaftLogWorker: Starting segment from index:0
2019-10-07 12:26:15,094 [b5039893-fef7-4d01-9c96-a360cfbc7d73@group-A10E7B10A24A-LeaderElection7] INFO  impl.RaftServerImpl (ServerState.java:setRaftConf(356)) - b5039893-fef7-4d01-9c96-a360cfbc7d73@group-A10E7B10A24A: set configuration 0: [b5039893-fef7-4d01-9c96-a360cfbc7d73:192.168.30.23:46082], old=null at 0
2019-10-07 12:26:15,137 [b5039893-fef7-4d01-9c96-a360cfbc7d73@group-A10E7B10A24A-SegmentedRaftLogWorker] INFO  segmented.SegmentedRaftLogWorker (SegmentedRaftLogWorker.java:execute(574)) - b5039893-fef7-4d01-9c96-a360cfbc7d73@group-A10E7B10A24A-SegmentedRaftLogWorker: created new log segment /workdir/hadoop-ozone/integration-test/target/test-dir/MiniOzoneClusterImpl-778dd385-233b-4e0e-8595-44f312773a1c/datanode-5/data/ratis/537156a2-9231-455b-bef8-a10e7b10a24a/current/log_inprogress_0
2019-10-07 12:26:15,159 [Thread-264] INFO  impl.FollowerState (FollowerState.java:run(108)) - f57744b5-2f7a-4ed8-9444-5c5c06f9ffa0@group-9D472F5A4EC1-FollowerState: change to CANDIDATE, lastRpcTime:5108ms, electionTimeout:5108ms
2019-10-07 12:26:15,159 [Thread-264] INFO  impl.RoleInfo (RoleInfo.java:shutdownFollowerState(121)) - f57744b5-2f7a-4ed8-9444-5c5c06f9ffa0: shutdown FollowerState
2019-10-07 12:26:15,159 [Thread-264] INFO  impl.RaftServerImpl (RaftServerImpl.java:setRole(170)) - f57744b5-2f7a-4ed8-9444-5c5c06f9ffa0@group-9D472F5A4EC1: changes role from  FOLLOWER to CANDIDATE at term 0 for changeToCandidate
2019-10-07 12:26:15,159 [Thread-264] INFO  impl.RoleInfo (RoleInfo.java:updateAndGet(143)) - f57744b5-2f7a-4ed8-9444-5c5c06f9ffa0: start LeaderElection
2019-10-07 12:26:15,164 [Thread-263] INFO  impl.FollowerState (FollowerState.java:run(108)) - c9767870-009c-4479-8ff8-96f0bb47e0cf@group-9D472F5A4EC1-FollowerState: change to CANDIDATE, lastRpcTime:5116ms, electionTimeout:5116ms
2019-10-07 12:26:15,164 [Thread-263] INFO  impl.RoleInfo (RoleInfo.java:shutdownFollowerState(121)) - c9767870-009c-4479-8ff8-96f0bb47e0cf: shutdown FollowerState
2019-10-07 12:26:15,164 [Thread-263] INFO  impl.RaftServerImpl (RaftServerImpl.java:setRole(170)) - c9767870-009c-4479-8ff8-96f0bb47e0cf@group-9D472F5A4EC1: changes role from  FOLLOWER to CANDIDATE at term 0 for changeToCandidate
2019-10-07 12:26:15,165 [Thread-263] INFO  impl.RoleInfo (RoleInfo.java:updateAndGet(143)) - c9767870-009c-4479-8ff8-96f0bb47e0cf: start LeaderElection
2019-10-07 12:26:15,175 [f57744b5-2f7a-4ed8-9444-5c5c06f9ffa0@group-9D472F5A4EC1-LeaderElection8] INFO  impl.LeaderElection (LeaderElection.java:askForVotes(178)) - f57744b5-2f7a-4ed8-9444-5c5c06f9ffa0@group-9D472F5A4EC1-LeaderElection8: begin an election at term 1 for -1: [c9767870-009c-4479-8ff8-96f0bb47e0cf:192.168.30.23:35662, 1918313e-d2a9-4acc-93c2-47b7c5875062:192.168.30.23:46361, f57744b5-2f7a-4ed8-9444-5c5c06f9ffa0:192.168.30.23:39485], old=null
2019-10-07 12:26:15,175 [c9767870-009c-4479-8ff8-96f0bb47e0cf@group-9D472F5A4EC1-LeaderElection9] INFO  impl.LeaderElection (LeaderElection.java:askForVotes(178)) - c9767870-009c-4479-8ff8-96f0bb47e0cf@group-9D472F5A4EC1-LeaderElection9: begin an election at term 1 for -1: [c9767870-009c-4479-8ff8-96f0bb47e0cf:192.168.30.23:35662, 1918313e-d2a9-4acc-93c2-47b7c5875062:192.168.30.23:46361, f57744b5-2f7a-4ed8-9444-5c5c06f9ffa0:192.168.30.23:39485], old=null
2019-10-07 12:26:15,194 [Thread-265] INFO  impl.FollowerState (FollowerState.java:run(108)) - 1918313e-d2a9-4acc-93c2-47b7c5875062@group-9D472F5A4EC1-FollowerState: change to CANDIDATE, lastRpcTime:5141ms, electionTimeout:5137ms
2019-10-07 12:26:15,197 [Thread-265] INFO  impl.RoleInfo (RoleInfo.java:shutdownFollowerState(121)) - 1918313e-d2a9-4acc-93c2-47b7c5875062: shutdown FollowerState
2019-10-07 12:26:15,197 [Thread-265] INFO  impl.RaftServerImpl (RaftServerImpl.java:setRole(170)) - 1918313e-d2a9-4acc-93c2-47b7c5875062@group-9D472F5A4EC1: changes role from  FOLLOWER to CANDIDATE at term 0 for changeToCandidate
2019-10-07 12:26:15,199 [Thread-265] INFO  impl.RoleInfo (RoleInfo.java:updateAndGet(143)) - 1918313e-d2a9-4acc-93c2-47b7c5875062: start LeaderElection
2019-10-07 12:26:15,230 [1918313e-d2a9-4acc-93c2-47b7c5875062@group-9D472F5A4EC1-LeaderElection10] INFO  impl.LeaderElection (LeaderElection.java:askForVotes(178)) - 1918313e-d2a9-4acc-93c2-47b7c5875062@group-9D472F5A4EC1-LeaderElection10: begin an election at term 1 for -1: [c9767870-009c-4479-8ff8-96f0bb47e0cf:192.168.30.23:35662, 1918313e-d2a9-4acc-93c2-47b7c5875062:192.168.30.23:46361, f57744b5-2f7a-4ed8-9444-5c5c06f9ffa0:192.168.30.23:39485], old=null
2019-10-07 12:26:15,248 [f57744b5-2f7a-4ed8-9444-5c5c06f9ffa0@group-9D472F5A4EC1-LeaderElection8] INFO  impl.LeaderElection (LeaderElection.java:logAndReturn(56)) - f57744b5-2f7a-4ed8-9444-5c5c06f9ffa0@group-9D472F5A4EC1-LeaderElection8: Election REJECTED; received 2 response(s) [f57744b5-2f7a-4ed8-9444-5c5c06f9ffa0<-c9767870-009c-4479-8ff8-96f0bb47e0cf#0:FAIL-t1, f57744b5-2f7a-4ed8-9444-5c5c06f9ffa0<-1918313e-d2a9-4acc-93c2-47b7c5875062#0:FAIL-t1] and 0 exception(s); f57744b5-2f7a-4ed8-9444-5c5c06f9ffa0@group-9D472F5A4EC1:t1, leader=null, voted=f57744b5-2f7a-4ed8-9444-5c5c06f9ffa0, raftlog=f57744b5-2f7a-4ed8-9444-5c5c06f9ffa0@group-9D472F5A4EC1-SegmentedRaftLog:OPENED:c-1,f-1,i0, conf=-1: [c9767870-009c-4479-8ff8-96f0bb47e0cf:192.168.30.23:35662, 1918313e-d2a9-4acc-93c2-47b7c5875062:192.168.30.23:46361, f57744b5-2f7a-4ed8-9444-5c5c06f9ffa0:192.168.30.23:39485], old=null
2019-10-07 12:26:15,248 [c9767870-009c-4479-8ff8-96f0bb47e0cf@group-9D472F5A4EC1-LeaderElection9] INFO  impl.LeaderElection (LeaderElection.java:logAndReturn(56)) - c9767870-009c-4479-8ff8-96f0bb47e0cf@group-9D472F5A4EC1-LeaderElection9: Election REJECTED; received 2 response(s) [c9767870-009c-4479-8ff8-96f0bb47e0cf<-1918313e-d2a9-4acc-93c2-47b7c5875062#0:FAIL-t1, c9767870-009c-4479-8ff8-96f0bb47e0cf<-f57744b5-2f7a-4ed8-9444-5c5c06f9ffa0#0:FAIL-t1] and 0 exception(s); c9767870-009c-4479-8ff8-96f0bb47e0cf@group-9D472F5A4EC1:t1, leader=null, voted=c9767870-009c-4479-8ff8-96f0bb47e0cf, raftlog=c9767870-009c-4479-8ff8-96f0bb47e0cf@group-9D472F5A4EC1-SegmentedRaftLog:OPENED:c-1,f-1,i0, conf=-1: [c9767870-009c-4479-8ff8-96f0bb47e0cf:192.168.30.23:35662, 1918313e-d2a9-4acc-93c2-47b7c5875062:192.168.30.23:46361, f57744b5-2f7a-4ed8-9444-5c5c06f9ffa0:192.168.30.23:39485], old=null
2019-10-07 12:26:15,254 [f57744b5-2f7a-4ed8-9444-5c5c06f9ffa0@group-9D472F5A4EC1-LeaderElection8] INFO  impl.RaftServerImpl (RaftServerImpl.java:setRole(170)) - f57744b5-2f7a-4ed8-9444-5c5c06f9ffa0@group-9D472F5A4EC1: changes role from CANDIDATE to FOLLOWER at term 1 for DISCOVERED_A_NEW_TERM
2019-10-07 12:26:15,255 [f57744b5-2f7a-4ed8-9444-5c5c06f9ffa0@group-9D472F5A4EC1-LeaderElection8] INFO  impl.RoleInfo (RoleInfo.java:shutdownLeaderElection(134)) - f57744b5-2f7a-4ed8-9444-5c5c06f9ffa0: shutdown LeaderElection
2019-10-07 12:26:15,255 [c9767870-009c-4479-8ff8-96f0bb47e0cf@group-9D472F5A4EC1-LeaderElection9] INFO  impl.RaftServerImpl (RaftServerImpl.java:setRole(170)) - c9767870-009c-4479-8ff8-96f0bb47e0cf@group-9D472F5A4EC1: changes role from CANDIDATE to FOLLOWER at term 1 for DISCOVERED_A_NEW_TERM
2019-10-07 12:26:15,259 [f57744b5-2f7a-4ed8-9444-5c5c06f9ffa0@group-9D472F5A4EC1-LeaderElection8] INFO  impl.RoleInfo (RoleInfo.java:updateAndGet(143)) - f57744b5-2f7a-4ed8-9444-5c5c06f9ffa0: start FollowerState
2019-10-07 12:26:15,259 [c9767870-009c-4479-8ff8-96f0bb47e0cf@group-9D472F5A4EC1-LeaderElection9] INFO  impl.RoleInfo (RoleInfo.java:shutdownLeaderElection(134)) - c9767870-009c-4479-8ff8-96f0bb47e0cf: shutdown LeaderElection
2019-10-07 12:26:15,264 [c9767870-009c-4479-8ff8-96f0bb47e0cf@group-9D472F5A4EC1-LeaderElection9] INFO  impl.RoleInfo (RoleInfo.java:updateAndGet(143)) - c9767870-009c-4479-8ff8-96f0bb47e0cf: start FollowerState
2019-10-07 12:26:15,283 [Thread-274] INFO  impl.FollowerState (FollowerState.java:run(108)) - 3a65e708-6c4f-4335-a3d7-61b0c1328875@group-E1CE79755BBB-FollowerState: change to CANDIDATE, lastRpcTime:5110ms, electionTimeout:5109ms
2019-10-07 12:26:15,283 [Thread-274] INFO  impl.RoleInfo (RoleInfo.java:shutdownFollowerState(121)) - 3a65e708-6c4f-4335-a3d7-61b0c1328875: shutdown FollowerState
2019-10-07 12:26:15,284 [Thread-274] INFO  impl.RaftServerImpl (RaftServerImpl.java:setRole(170)) - 3a65e708-6c4f-4335-a3d7-61b0c1328875@group-E1CE79755BBB: changes role from  FOLLOWER to CANDIDATE at term 0 for changeToCandidate
2019-10-07 12:26:15,284 [1918313e-d2a9-4acc-93c2-47b7c5875062@group-9D472F5A4EC1-LeaderElection10] INFO  impl.LeaderElection (LeaderElection.java:logAndReturn(56)) - 1918313e-d2a9-4acc-93c2-47b7c5875062@group-9D472F5A4EC1-LeaderElection10: Election REJECTED; received 2 response(s) [1918313e-d2a9-4acc-93c2-47b7c5875062<-c9767870-009c-4479-8ff8-96f0bb47e0cf#0:FAIL-t1, 1918313e-d2a9-4acc-93c2-47b7c5875062<-f57744b5-2f7a-4ed8-9444-5c5c06f9ffa0#0:FAIL-t1] and 0 exception(s); 1918313e-d2a9-4acc-93c2-47b7c5875062@group-9D472F5A4EC1:t1, leader=null, voted=1918313e-d2a9-4acc-93c2-47b7c5875062, raftlog=1918313e-d2a9-4acc-93c2-47b7c5875062@group-9D472F5A4EC1-SegmentedRaftLog:OPENED:c-1,f-1,i0, conf=-1: [c9767870-009c-4479-8ff8-96f0bb47e0cf:192.168.30.23:35662, 1918313e-d2a9-4acc-93c2-47b7c5875062:192.168.30.23:46361, f57744b5-2f7a-4ed8-9444-5c5c06f9ffa0:192.168.30.23:39485], old=null
2019-10-07 12:26:15,284 [Thread-274] INFO  impl.RoleInfo (RoleInfo.java:updateAndGet(143)) - 3a65e708-6c4f-4335-a3d7-61b0c1328875: start LeaderElection
2019-10-07 12:26:15,284 [1918313e-d2a9-4acc-93c2-47b7c5875062@group-9D472F5A4EC1-LeaderElection10] INFO  impl.RaftServerImpl (RaftServerImpl.java:setRole(170)) - 1918313e-d2a9-4acc-93c2-47b7c5875062@group-9D472F5A4EC1: changes role from CANDIDATE to FOLLOWER at term 1 for DISCOVERED_A_NEW_TERM
2019-10-07 12:26:15,286 [1918313e-d2a9-4acc-93c2-47b7c5875062@group-9D472F5A4EC1-LeaderElection10] INFO  impl.RoleInfo (RoleInfo.java:shutdownLeaderElection(134)) - 1918313e-d2a9-4acc-93c2-47b7c5875062: shutdown LeaderElection
2019-10-07 12:26:15,291 [1918313e-d2a9-4acc-93c2-47b7c5875062@group-9D472F5A4EC1-LeaderElection10] INFO  impl.RoleInfo (RoleInfo.java:updateAndGet(143)) - 1918313e-d2a9-4acc-93c2-47b7c5875062: start FollowerState
2019-10-07 12:26:15,310 [3a65e708-6c4f-4335-a3d7-61b0c1328875@group-E1CE79755BBB-LeaderElection11] INFO  impl.LeaderElection (LeaderElection.java:askForVotes(178)) - 3a65e708-6c4f-4335-a3d7-61b0c1328875@group-E1CE79755BBB-LeaderElection11: begin an election at term 1 for -1: [43084d02-11f8-4ae8-888c-ddbdf52c3d32:192.168.30.23:43114, 3a65e708-6c4f-4335-a3d7-61b0c1328875:192.168.30.23:37427, 2bc47f86-abcc-482d-8deb-f2ed64d4ed24:192.168.30.23:39238], old=null
2019-10-07 12:26:15,325 [grpc-default-executor-0] INFO  impl.RaftServerImpl (RaftServerImpl.java:setRole(170)) - 43084d02-11f8-4ae8-888c-ddbdf52c3d32@group-E1CE79755BBB: changes role from  FOLLOWER to FOLLOWER at term 1 for recognizeCandidate:3a65e708-6c4f-4335-a3d7-61b0c1328875
2019-10-07 12:26:15,325 [grpc-default-executor-1] INFO  impl.RaftServerImpl (RaftServerImpl.java:setRole(170)) - 2bc47f86-abcc-482d-8deb-f2ed64d4ed24@group-E1CE79755BBB: changes role from  FOLLOWER to FOLLOWER at term 1 for recognizeCandidate:3a65e708-6c4f-4335-a3d7-61b0c1328875
2019-10-07 12:26:15,325 [grpc-default-executor-0] INFO  impl.RoleInfo (RoleInfo.java:shutdownFollowerState(121)) - 43084d02-11f8-4ae8-888c-ddbdf52c3d32: shutdown FollowerState
2019-10-07 12:26:15,325 [grpc-default-executor-1] INFO  impl.RoleInfo (RoleInfo.java:shutdownFollowerState(121)) - 2bc47f86-abcc-482d-8deb-f2ed64d4ed24: shutdown FollowerState
2019-10-07 12:26:15,326 [grpc-default-executor-0] INFO  impl.RoleInfo (RoleInfo.java:updateAndGet(143)) - 43084d02-11f8-4ae8-888c-ddbdf52c3d32: start FollowerState
2019-10-07 12:26:15,326 [Thread-271] INFO  impl.FollowerState (FollowerState.java:run(117)) - 2bc47f86-abcc-482d-8deb-f2ed64d4ed24@group-E1CE79755BBB-FollowerState was interrupted: java.lang.InterruptedException: sleep interrupted
2019-10-07 12:26:15,326 [grpc-default-executor-1] INFO  impl.RoleInfo (RoleInfo.java:updateAndGet(143)) - 2bc47f86-abcc-482d-8deb-f2ed64d4ed24: start FollowerState
2019-10-07 12:26:15,326 [Thread-273] INFO  impl.FollowerState (FollowerState.java:run(117)) - 43084d02-11f8-4ae8-888c-ddbdf52c3d32@group-E1CE79755BBB-FollowerState was interrupted: java.lang.InterruptedException: sleep interrupted
2019-10-07 12:26:15,349 [3a65e708-6c4f-4335-a3d7-61b0c1328875@group-E1CE79755BBB-LeaderElection11] INFO  impl.LeaderElection (LeaderElection.java:logAndReturn(56)) - 3a65e708-6c4f-4335-a3d7-61b0c1328875@group-E1CE79755BBB-LeaderElection11: Election PASSED; received 1 response(s) [3a65e708-6c4f-4335-a3d7-61b0c1328875<-2bc47f86-abcc-482d-8deb-f2ed64d4ed24#0:OK-t1] and 0 exception(s); 3a65e708-6c4f-4335-a3d7-61b0c1328875@group-E1CE79755BBB:t1, leader=null, voted=3a65e708-6c4f-4335-a3d7-61b0c1328875, raftlog=3a65e708-6c4f-4335-a3d7-61b0c1328875@group-E1CE79755BBB-SegmentedRaftLog:OPENED:c-1,f-1,i0, conf=-1: [43084d02-11f8-4ae8-888c-ddbdf52c3d32:192.168.30.23:43114, 3a65e708-6c4f-4335-a3d7-61b0c1328875:192.168.30.23:37427, 2bc47f86-abcc-482d-8deb-f2ed64d4ed24:192.168.30.23:39238], old=null
2019-10-07 12:26:15,349 [3a65e708-6c4f-4335-a3d7-61b0c1328875@group-E1CE79755BBB-LeaderElection11] INFO  impl.RoleInfo (RoleInfo.java:shutdownLeaderElection(134)) - 3a65e708-6c4f-4335-a3d7-61b0c1328875: shutdown LeaderElection
2019-10-07 12:26:15,351 [3a65e708-6c4f-4335-a3d7-61b0c1328875@group-E1CE79755BBB-LeaderElection11] INFO  impl.RaftServerImpl (RaftServerImpl.java:setRole(170)) - 3a65e708-6c4f-4335-a3d7-61b0c1328875@group-E1CE79755BBB: changes role from CANDIDATE to LEADER at term 1 for changeToLeader
2019-10-07 12:26:15,356 [3a65e708-6c4f-4335-a3d7-61b0c1328875@group-E1CE79755BBB-LeaderElection11] INFO  impl.RaftServerImpl (ServerState.java:setLeader(255)) - 3a65e708-6c4f-4335-a3d7-61b0c1328875@group-E1CE79755BBB: change Leader from null to 3a65e708-6c4f-4335-a3d7-61b0c1328875 at term 1 for becomeLeader, leader elected after 5199ms
2019-10-07 12:26:15,356 [3a65e708-6c4f-4335-a3d7-61b0c1328875@group-E1CE79755BBB-LeaderElection11] INFO  server.RaftServerConfigKeys (ConfUtils.java:logGet(43)) - raft.server.staging.catchup.gap = 1000 (default)
2019-10-07 12:26:15,356 [3a65e708-6c4f-4335-a3d7-61b0c1328875@group-E1CE79755BBB-LeaderElection11] INFO  server.RaftServerConfigKeys (ConfUtils.java:logGet(43)) - raft.server.rpc.sleep.time = 25ms (default)
2019-10-07 12:26:15,356 [3a65e708-6c4f-4335-a3d7-61b0c1328875@group-E1CE79755BBB-LeaderElection11] INFO  server.RaftServerConfigKeys (ConfUtils.java:logGet(43)) - raft.server.write.element-limit = 4096 (default)
2019-10-07 12:26:15,356 [3a65e708-6c4f-4335-a3d7-61b0c1328875@group-E1CE79755BBB-LeaderElection11] INFO  server.RaftServerConfigKeys (ConfUtils.java:logGet(43)) - raft.server.watch.timeout = 10s (default)
2019-10-07 12:26:15,356 [3a65e708-6c4f-4335-a3d7-61b0c1328875@group-E1CE79755BBB-LeaderElection11] INFO  server.RaftServerConfigKeys (ConfUtils.java:logGet(43)) - raft.server.watch.timeout.denomination = 1s (default)
2019-10-07 12:26:15,356 [3a65e708-6c4f-4335-a3d7-61b0c1328875@group-E1CE79755BBB-LeaderElection11] INFO  server.RaftServerConfigKeys (ConfUtils.java:logGet(43)) - raft.server.watch.element-limit = 65536 (default)
2019-10-07 12:26:15,363 [3a65e708-6c4f-4335-a3d7-61b0c1328875@group-E1CE79755BBB-LeaderElection11] INFO  server.RaftServerConfigKeys (ConfUtils.java:logGet(43)) - raft.server.log.appender.snapshot.chunk.size.max = 16MB (=16777216) (default)
2019-10-07 12:26:15,364 [3a65e708-6c4f-4335-a3d7-61b0c1328875@group-E1CE79755BBB-LeaderElection11] INFO  server.RaftServerConfigKeys (ConfUtils.java:logGet(43)) - raft.server.log.appender.buffer.byte-limit = 33554432 (custom)
2019-10-07 12:26:15,364 [3a65e708-6c4f-4335-a3d7-61b0c1328875@group-E1CE79755BBB-LeaderElection11] INFO  server.RaftServerConfigKeys (ConfUtils.java:logGet(43)) - raft.server.log.appender.buffer.element-limit = 1 (custom)
2019-10-07 12:26:15,368 [3a65e708-6c4f-4335-a3d7-61b0c1328875@group-E1CE79755BBB-LeaderElection11] INFO  grpc.GrpcConfigKeys$Server (ConfUtils.java:logGet(43)) - raft.grpc.server.leader.outstanding.appends.max = 128 (default)
2019-10-07 12:26:15,368 [3a65e708-6c4f-4335-a3d7-61b0c1328875@group-E1CE79755BBB-LeaderElection11] INFO  server.RaftServerConfigKeys (ConfUtils.java:logGet(43)) - raft.server.rpc.request.timeout = 3000ms (default)
2019-10-07 12:26:15,368 [3a65e708-6c4f-4335-a3d7-61b0c1328875@group-E1CE79755BBB-LeaderElection11] INFO  server.RaftServerConfigKeys (ConfUtils.java:logGet(43)) - raft.server.log.appender.install.snapshot.enabled = false (custom)
2019-10-07 12:26:15,369 [3a65e708-6c4f-4335-a3d7-61b0c1328875@group-E1CE79755BBB-LeaderElection11] INFO  server.RaftServerConfigKeys (ConfUtils.java:logGet(43)) - raft.server.log.appender.snapshot.chunk.size.max = 16MB (=16777216) (default)
2019-10-07 12:26:15,370 [3a65e708-6c4f-4335-a3d7-61b0c1328875@group-E1CE79755BBB-LeaderElection11] INFO  server.RaftServerConfigKeys (ConfUtils.java:logGet(43)) - raft.server.log.appender.buffer.byte-limit = 33554432 (custom)
2019-10-07 12:26:15,370 [3a65e708-6c4f-4335-a3d7-61b0c1328875@group-E1CE79755BBB-LeaderElection11] INFO  server.RaftServerConfigKeys (ConfUtils.java:logGet(43)) - raft.server.log.appender.buffer.element-limit = 1 (custom)
2019-10-07 12:26:15,370 [3a65e708-6c4f-4335-a3d7-61b0c1328875@group-E1CE79755BBB-LeaderElection11] INFO  grpc.GrpcConfigKeys$Server (ConfUtils.java:logGet(43)) - raft.grpc.server.leader.outstanding.appends.max = 128 (default)
2019-10-07 12:26:15,370 [3a65e708-6c4f-4335-a3d7-61b0c1328875@group-E1CE79755BBB-LeaderElection11] INFO  server.RaftServerConfigKeys (ConfUtils.java:logGet(43)) - raft.server.rpc.request.timeout = 3000ms (default)
2019-10-07 12:26:15,370 [3a65e708-6c4f-4335-a3d7-61b0c1328875@group-E1CE79755BBB-LeaderElection11] INFO  server.RaftServerConfigKeys (ConfUtils.java:logGet(43)) - raft.server.log.appender.install.snapshot.enabled = false (custom)
2019-10-07 12:26:15,372 [3a65e708-6c4f-4335-a3d7-61b0c1328875@group-E1CE79755BBB-LeaderElection11] INFO  impl.RoleInfo (RoleInfo.java:updateAndGet(143)) - 3a65e708-6c4f-4335-a3d7-61b0c1328875: start LeaderState
2019-10-07 12:26:15,372 [3a65e708-6c4f-4335-a3d7-61b0c1328875@group-E1CE79755BBB-LeaderElection11] INFO  segmented.SegmentedRaftLogWorker (SegmentedRaftLogWorker.java:startLogSegment(385)) - 3a65e708-6c4f-4335-a3d7-61b0c1328875@group-E1CE79755BBB-SegmentedRaftLogWorker: Starting segment from index:0
2019-10-07 12:26:15,373 [3a65e708-6c4f-4335-a3d7-61b0c1328875@group-E1CE79755BBB-LeaderElection11] INFO  impl.RaftServerImpl (ServerState.java:setRaftConf(356)) - 3a65e708-6c4f-4335-a3d7-61b0c1328875@group-E1CE79755BBB: set configuration 0: [43084d02-11f8-4ae8-888c-ddbdf52c3d32:192.168.30.23:43114, 3a65e708-6c4f-4335-a3d7-61b0c1328875:192.168.30.23:37427, 2bc47f86-abcc-482d-8deb-f2ed64d4ed24:192.168.30.23:39238], old=null at 0
2019-10-07 12:26:15,424 [grpc-default-executor-1] INFO  impl.RaftServerImpl (ServerState.java:setLeader(255)) - 43084d02-11f8-4ae8-888c-ddbdf52c3d32@group-E1CE79755BBB: change Leader from null to 3a65e708-6c4f-4335-a3d7-61b0c1328875 at term 1 for appendEntries, leader elected after 5268ms
2019-10-07 12:26:15,424 [grpc-default-executor-0] INFO  impl.RaftServerImpl (ServerState.java:setLeader(255)) - 2bc47f86-abcc-482d-8deb-f2ed64d4ed24@group-E1CE79755BBB: change Leader from null to 3a65e708-6c4f-4335-a3d7-61b0c1328875 at term 1 for appendEntries, leader elected after 5268ms
2019-10-07 12:26:15,428 [3a65e708-6c4f-4335-a3d7-61b0c1328875@group-E1CE79755BBB-SegmentedRaftLogWorker] INFO  segmented.SegmentedRaftLogWorker (SegmentedRaftLogWorker.java:execute(574)) - 3a65e708-6c4f-4335-a3d7-61b0c1328875@group-E1CE79755BBB-SegmentedRaftLogWorker: created new log segment /workdir/hadoop-ozone/integration-test/target/test-dir/MiniOzoneClusterImpl-778dd385-233b-4e0e-8595-44f312773a1c/datanode-3/data/ratis/aafa5cde-f94b-4373-ab32-e1ce79755bbb/current/log_inprogress_0
2019-10-07 12:26:15,473 [grpc-default-executor-0] INFO  impl.RaftServerImpl (ServerState.java:setRaftConf(356)) - 2bc47f86-abcc-482d-8deb-f2ed64d4ed24@group-E1CE79755BBB: set configuration 0: [43084d02-11f8-4ae8-888c-ddbdf52c3d32:192.168.30.23:43114, 3a65e708-6c4f-4335-a3d7-61b0c1328875:192.168.30.23:37427, 2bc47f86-abcc-482d-8deb-f2ed64d4ed24:192.168.30.23:39238], old=null at 0
2019-10-07 12:26:15,473 [grpc-default-executor-1] INFO  impl.RaftServerImpl (ServerState.java:setRaftConf(356)) - 43084d02-11f8-4ae8-888c-ddbdf52c3d32@group-E1CE79755BBB: set configuration 0: [43084d02-11f8-4ae8-888c-ddbdf52c3d32:192.168.30.23:43114, 3a65e708-6c4f-4335-a3d7-61b0c1328875:192.168.30.23:37427, 2bc47f86-abcc-482d-8deb-f2ed64d4ed24:192.168.30.23:39238], old=null at 0
2019-10-07 12:26:15,474 [grpc-default-executor-0] INFO  segmented.SegmentedRaftLogWorker (SegmentedRaftLogWorker.java:startLogSegment(385)) - 2bc47f86-abcc-482d-8deb-f2ed64d4ed24@group-E1CE79755BBB-SegmentedRaftLogWorker: Starting segment from index:0
2019-10-07 12:26:15,474 [grpc-default-executor-1] INFO  segmented.SegmentedRaftLogWorker (SegmentedRaftLogWorker.java:startLogSegment(385)) - 43084d02-11f8-4ae8-888c-ddbdf52c3d32@group-E1CE79755BBB-SegmentedRaftLogWorker: Starting segment from index:0
2019-10-07 12:26:15,517 [2bc47f86-abcc-482d-8deb-f2ed64d4ed24@group-E1CE79755BBB-SegmentedRaftLogWorker] INFO  segmented.SegmentedRaftLogWorker (SegmentedRaftLogWorker.java:execute(574)) - 2bc47f86-abcc-482d-8deb-f2ed64d4ed24@group-E1CE79755BBB-SegmentedRaftLogWorker: created new log segment /workdir/hadoop-ozone/integration-test/target/test-dir/MiniOzoneClusterImpl-778dd385-233b-4e0e-8595-44f312773a1c/datanode-0/data/ratis/aafa5cde-f94b-4373-ab32-e1ce79755bbb/current/log_inprogress_0
2019-10-07 12:26:15,517 [43084d02-11f8-4ae8-888c-ddbdf52c3d32@group-E1CE79755BBB-SegmentedRaftLogWorker] INFO  segmented.SegmentedRaftLogWorker (SegmentedRaftLogWorker.java:execute(574)) - 43084d02-11f8-4ae8-888c-ddbdf52c3d32@group-E1CE79755BBB-SegmentedRaftLogWorker: created new log segment /workdir/hadoop-ozone/integration-test/target/test-dir/MiniOzoneClusterImpl-778dd385-233b-4e0e-8595-44f312773a1c/datanode-2/data/ratis/aafa5cde-f94b-4373-ab32-e1ce79755bbb/current/log_inprogress_0
2019-10-07 12:26:20,350 [Thread-315] INFO  impl.FollowerState (FollowerState.java:run(108)) - c9767870-009c-4479-8ff8-96f0bb47e0cf@group-9D472F5A4EC1-FollowerState: change to CANDIDATE, lastRpcTime:5085ms, electionTimeout:5073ms
2019-10-07 12:26:20,350 [Thread-315] INFO  impl.RoleInfo (RoleInfo.java:shutdownFollowerState(121)) - c9767870-009c-4479-8ff8-96f0bb47e0cf: shutdown FollowerState
2019-10-07 12:26:20,350 [Thread-315] INFO  impl.RaftServerImpl (RaftServerImpl.java:setRole(170)) - c9767870-009c-4479-8ff8-96f0bb47e0cf@group-9D472F5A4EC1: changes role from  FOLLOWER to CANDIDATE at term 1 for changeToCandidate
2019-10-07 12:26:20,350 [Thread-315] INFO  impl.RoleInfo (RoleInfo.java:updateAndGet(143)) - c9767870-009c-4479-8ff8-96f0bb47e0cf: start LeaderElection
2019-10-07 12:26:20,371 [c9767870-009c-4479-8ff8-96f0bb47e0cf@group-9D472F5A4EC1-LeaderElection12] INFO  impl.LeaderElection (LeaderElection.java:askForVotes(178)) - c9767870-009c-4479-8ff8-96f0bb47e0cf@group-9D472F5A4EC1-LeaderElection12: begin an election at term 2 for -1: [c9767870-009c-4479-8ff8-96f0bb47e0cf:192.168.30.23:35662, 1918313e-d2a9-4acc-93c2-47b7c5875062:192.168.30.23:46361, f57744b5-2f7a-4ed8-9444-5c5c06f9ffa0:192.168.30.23:39485], old=null
2019-10-07 12:26:20,385 [grpc-default-executor-0] INFO  impl.RaftServerImpl (RaftServerImpl.java:setRole(170)) - f57744b5-2f7a-4ed8-9444-5c5c06f9ffa0@group-9D472F5A4EC1: changes role from  FOLLOWER to FOLLOWER at term 2 for recognizeCandidate:c9767870-009c-4479-8ff8-96f0bb47e0cf
2019-10-07 12:26:20,385 [grpc-default-executor-1] INFO  impl.RaftServerImpl (RaftServerImpl.java:setRole(170)) - 1918313e-d2a9-4acc-93c2-47b7c5875062@group-9D472F5A4EC1: changes role from  FOLLOWER to FOLLOWER at term 2 for recognizeCandidate:c9767870-009c-4479-8ff8-96f0bb47e0cf
2019-10-07 12:26:20,385 [grpc-default-executor-0] INFO  impl.RoleInfo (RoleInfo.java:shutdownFollowerState(121)) - f57744b5-2f7a-4ed8-9444-5c5c06f9ffa0: shutdown FollowerState
2019-10-07 12:26:20,386 [grpc-default-executor-1] INFO  impl.RoleInfo (RoleInfo.java:shutdownFollowerState(121)) - 1918313e-d2a9-4acc-93c2-47b7c5875062: shutdown FollowerState
2019-10-07 12:26:20,386 [grpc-default-executor-0] INFO  impl.RoleInfo (RoleInfo.java:updateAndGet(143)) - f57744b5-2f7a-4ed8-9444-5c5c06f9ffa0: start FollowerState
2019-10-07 12:26:20,386 [grpc-default-executor-1] INFO  impl.RoleInfo (RoleInfo.java:updateAndGet(143)) - 1918313e-d2a9-4acc-93c2-47b7c5875062: start FollowerState
2019-10-07 12:26:20,386 [Thread-314] INFO  impl.FollowerState (FollowerState.java:run(117)) - f57744b5-2f7a-4ed8-9444-5c5c06f9ffa0@group-9D472F5A4EC1-FollowerState was interrupted: java.lang.InterruptedException: sleep interrupted
2019-10-07 12:26:20,389 [Thread-317] INFO  impl.FollowerState (FollowerState.java:run(117)) - 1918313e-d2a9-4acc-93c2-47b7c5875062@group-9D472F5A4EC1-FollowerState was interrupted: java.lang.InterruptedException: sleep interrupted
2019-10-07 12:26:20,407 [c9767870-009c-4479-8ff8-96f0bb47e0cf@group-9D472F5A4EC1-LeaderElection12] INFO  impl.LeaderElection (LeaderElection.java:logAndReturn(56)) - c9767870-009c-4479-8ff8-96f0bb47e0cf@group-9D472F5A4EC1-LeaderElection12: Election PASSED; received 1 response(s) [c9767870-009c-4479-8ff8-96f0bb47e0cf<-f57744b5-2f7a-4ed8-9444-5c5c06f9ffa0#0:OK-t2] and 0 exception(s); c9767870-009c-4479-8ff8-96f0bb47e0cf@group-9D472F5A4EC1:t2, leader=null, voted=c9767870-009c-4479-8ff8-96f0bb47e0cf, raftlog=c9767870-009c-4479-8ff8-96f0bb47e0cf@group-9D472F5A4EC1-SegmentedRaftLog:OPENED:c-1,f-1,i0, conf=-1: [c9767870-009c-4479-8ff8-96f0bb47e0cf:192.168.30.23:35662, 1918313e-d2a9-4acc-93c2-47b7c5875062:192.168.30.23:46361, f57744b5-2f7a-4ed8-9444-5c5c06f9ffa0:192.168.30.23:39485], old=null
2019-10-07 12:26:20,407 [c9767870-009c-4479-8ff8-96f0bb47e0cf@group-9D472F5A4EC1-LeaderElection12] INFO  impl.RoleInfo (RoleInfo.java:shutdownLeaderElection(134)) - c9767870-009c-4479-8ff8-96f0bb47e0cf: shutdown LeaderElection
2019-10-07 12:26:20,409 [c9767870-009c-4479-8ff8-96f0bb47e0cf@group-9D472F5A4EC1-LeaderElection12] INFO  impl.RaftServerImpl (RaftServerImpl.java:setRole(170)) - c9767870-009c-4479-8ff8-96f0bb47e0cf@group-9D472F5A4EC1: changes role from CANDIDATE to LEADER at term 2 for changeToLeader
2019-10-07 12:26:20,409 [c9767870-009c-4479-8ff8-96f0bb47e0cf@group-9D472F5A4EC1-LeaderElection12] INFO  impl.RaftServerImpl (ServerState.java:setLeader(255)) - c9767870-009c-4479-8ff8-96f0bb47e0cf@group-9D472F5A4EC1: change Leader from null to c9767870-009c-4479-8ff8-96f0bb47e0cf at term 2 for becomeLeader, leader elected after 10371ms
2019-10-07 12:26:20,410 [c9767870-009c-4479-8ff8-96f0bb47e0cf@group-9D472F5A4EC1-LeaderElection12] INFO  server.RaftServerConfigKeys (ConfUtils.java:logGet(43)) - raft.server.staging.catchup.gap = 1000 (default)
2019-10-07 12:26:20,410 [c9767870-009c-4479-8ff8-96f0bb47e0cf@group-9D472F5A4EC1-LeaderElection12] INFO  server.RaftServerConfigKeys (ConfUtils.java:logGet(43)) - raft.server.rpc.sleep.time = 25ms (default)
2019-10-07 12:26:20,410 [c9767870-009c-4479-8ff8-96f0bb47e0cf@group-9D472F5A4EC1-LeaderElection12] INFO  server.RaftServerConfigKeys (ConfUtils.java:logGet(43)) - raft.server.write.element-limit = 4096 (default)
2019-10-07 12:26:20,410 [c9767870-009c-4479-8ff8-96f0bb47e0cf@group-9D472F5A4EC1-LeaderElection12] INFO  server.RaftServerConfigKeys (ConfUtils.java:logGet(43)) - raft.server.watch.timeout = 10s (default)
2019-10-07 12:26:20,410 [c9767870-009c-4479-8ff8-96f0bb47e0cf@group-9D472F5A4EC1-LeaderElection12] INFO  server.RaftServerConfigKeys (ConfUtils.java:logGet(43)) - raft.server.watch.timeout.denomination = 1s (default)
2019-10-07 12:26:20,411 [c9767870-009c-4479-8ff8-96f0bb47e0cf@group-9D472F5A4EC1-LeaderElection12] INFO  server.RaftServerConfigKeys (ConfUtils.java:logGet(43)) - raft.server.watch.element-limit = 65536 (default)
2019-10-07 12:26:20,415 [c9767870-009c-4479-8ff8-96f0bb47e0cf@group-9D472F5A4EC1-LeaderElection12] INFO  server.RaftServerConfigKeys (ConfUtils.java:logGet(43)) - raft.server.log.appender.snapshot.chunk.size.max = 16MB (=16777216) (default)
2019-10-07 12:26:20,415 [c9767870-009c-4479-8ff8-96f0bb47e0cf@group-9D472F5A4EC1-LeaderElection12] INFO  server.RaftServerConfigKeys (ConfUtils.java:logGet(43)) - raft.server.log.appender.buffer.byte-limit = 33554432 (custom)
2019-10-07 12:26:20,415 [c9767870-009c-4479-8ff8-96f0bb47e0cf@group-9D472F5A4EC1-LeaderElection12] INFO  server.RaftServerConfigKeys (ConfUtils.java:logGet(43)) - raft.server.log.appender.buffer.element-limit = 1 (custom)
2019-10-07 12:26:20,415 [c9767870-009c-4479-8ff8-96f0bb47e0cf@group-9D472F5A4EC1-LeaderElection12] INFO  grpc.GrpcConfigKeys$Server (ConfUtils.java:logGet(43)) - raft.grpc.server.leader.outstanding.appends.max = 128 (default)
2019-10-07 12:26:20,417 [c9767870-009c-4479-8ff8-96f0bb47e0cf@group-9D472F5A4EC1-LeaderElection12] INFO  server.RaftServerConfigKeys (ConfUtils.java:logGet(43)) - raft.server.rpc.request.timeout = 3000ms (default)
2019-10-07 12:26:20,418 [c9767870-009c-4479-8ff8-96f0bb47e0cf@group-9D472F5A4EC1-LeaderElection12] INFO  server.RaftServerConfigKeys (ConfUtils.java:logGet(43)) - raft.server.log.appender.install.snapshot.enabled = false (custom)
2019-10-07 12:26:20,418 [c9767870-009c-4479-8ff8-96f0bb47e0cf@group-9D472F5A4EC1-LeaderElection12] INFO  server.RaftServerConfigKeys (ConfUtils.java:logGet(43)) - raft.server.log.appender.snapshot.chunk.size.max = 16MB (=16777216) (default)
2019-10-07 12:26:20,418 [c9767870-009c-4479-8ff8-96f0bb47e0cf@group-9D472F5A4EC1-LeaderElection12] INFO  server.RaftServerConfigKeys (ConfUtils.java:logGet(43)) - raft.server.log.appender.buffer.byte-limit = 33554432 (custom)
2019-10-07 12:26:20,418 [c9767870-009c-4479-8ff8-96f0bb47e0cf@group-9D472F5A4EC1-LeaderElection12] INFO  server.RaftServerConfigKeys (ConfUtils.java:logGet(43)) - raft.server.log.appender.buffer.element-limit = 1 (custom)
2019-10-07 12:26:20,419 [c9767870-009c-4479-8ff8-96f0bb47e0cf@group-9D472F5A4EC1-LeaderElection12] INFO  grpc.GrpcConfigKeys$Server (ConfUtils.java:logGet(43)) - raft.grpc.server.leader.outstanding.appends.max = 128 (default)
2019-10-07 12:26:20,419 [c9767870-009c-4479-8ff8-96f0bb47e0cf@group-9D472F5A4EC1-LeaderElection12] INFO  server.RaftServerConfigKeys (ConfUtils.java:logGet(43)) - raft.server.rpc.request.timeout = 3000ms (default)
2019-10-07 12:26:20,419 [c9767870-009c-4479-8ff8-96f0bb47e0cf@group-9D472F5A4EC1-LeaderElection12] INFO  server.RaftServerConfigKeys (ConfUtils.java:logGet(43)) - raft.server.log.appender.install.snapshot.enabled = false (custom)
2019-10-07 12:26:20,419 [c9767870-009c-4479-8ff8-96f0bb47e0cf@group-9D472F5A4EC1-LeaderElection12] INFO  impl.RoleInfo (RoleInfo.java:updateAndGet(143)) - c9767870-009c-4479-8ff8-96f0bb47e0cf: start LeaderState
2019-10-07 12:26:20,420 [c9767870-009c-4479-8ff8-96f0bb47e0cf@group-9D472F5A4EC1-LeaderElection12] INFO  segmented.SegmentedRaftLogWorker (SegmentedRaftLogWorker.java:startLogSegment(385)) - c9767870-009c-4479-8ff8-96f0bb47e0cf@group-9D472F5A4EC1-SegmentedRaftLogWorker: Starting segment from index:0
2019-10-07 12:26:20,421 [c9767870-009c-4479-8ff8-96f0bb47e0cf@group-9D472F5A4EC1-LeaderElection12] INFO  impl.RaftServerImpl (ServerState.java:setRaftConf(356)) - c9767870-009c-4479-8ff8-96f0bb47e0cf@group-9D472F5A4EC1: set configuration 0: [c9767870-009c-4479-8ff8-96f0bb47e0cf:192.168.30.23:35662, 1918313e-d2a9-4acc-93c2-47b7c5875062:192.168.30.23:46361, f57744b5-2f7a-4ed8-9444-5c5c06f9ffa0:192.168.30.23:39485], old=null at 0
2019-10-07 12:26:20,455 [grpc-default-executor-1] INFO  impl.RaftServerImpl (ServerState.java:setLeader(255)) - 1918313e-d2a9-4acc-93c2-47b7c5875062@group-9D472F5A4EC1: change Leader from null to c9767870-009c-4479-8ff8-96f0bb47e0cf at term 2 for appendEntries, leader elected after 10417ms
2019-10-07 12:26:20,457 [grpc-default-executor-0] INFO  impl.RaftServerImpl (ServerState.java:setLeader(255)) - f57744b5-2f7a-4ed8-9444-5c5c06f9ffa0@group-9D472F5A4EC1: change Leader from null to c9767870-009c-4479-8ff8-96f0bb47e0cf at term 2 for appendEntries, leader elected after 10420ms
2019-10-07 12:26:20,461 [grpc-default-executor-0] INFO  impl.RaftServerImpl (ServerState.java:setRaftConf(356)) - 1918313e-d2a9-4acc-93c2-47b7c5875062@group-9D472F5A4EC1: set configuration 0: [c9767870-009c-4479-8ff8-96f0bb47e0cf:192.168.30.23:35662, 1918313e-d2a9-4acc-93c2-47b7c5875062:192.168.30.23:46361, f57744b5-2f7a-4ed8-9444-5c5c06f9ffa0:192.168.30.23:39485], old=null at 0
2019-10-07 12:26:20,462 [grpc-default-executor-1] INFO  impl.RaftServerImpl (ServerState.java:setRaftConf(356)) - f57744b5-2f7a-4ed8-9444-5c5c06f9ffa0@group-9D472F5A4EC1: set configuration 0: [c9767870-009c-4479-8ff8-96f0bb47e0cf:192.168.30.23:35662, 1918313e-d2a9-4acc-93c2-47b7c5875062:192.168.30.23:46361, f57744b5-2f7a-4ed8-9444-5c5c06f9ffa0:192.168.30.23:39485], old=null at 0
2019-10-07 12:26:20,462 [grpc-default-executor-0] INFO  segmented.SegmentedRaftLogWorker (SegmentedRaftLogWorker.java:startLogSegment(385)) - 1918313e-d2a9-4acc-93c2-47b7c5875062@group-9D472F5A4EC1-SegmentedRaftLogWorker: Starting segment from index:0
2019-10-07 12:26:20,462 [grpc-default-executor-1] INFO  segmented.SegmentedRaftLogWorker (SegmentedRaftLogWorker.java:startLogSegment(385)) - f57744b5-2f7a-4ed8-9444-5c5c06f9ffa0@group-9D472F5A4EC1-SegmentedRaftLogWorker: Starting segment from index:0
2019-10-07 12:26:20,474 [c9767870-009c-4479-8ff8-96f0bb47e0cf@group-9D472F5A4EC1-SegmentedRaftLogWorker] INFO  segmented.SegmentedRaftLogWorker (SegmentedRaftLogWorker.java:execute(574)) - c9767870-009c-4479-8ff8-96f0bb47e0cf@group-9D472F5A4EC1-SegmentedRaftLogWorker: created new log segment /workdir/hadoop-ozone/integration-test/target/test-dir/MiniOzoneClusterImpl-778dd385-233b-4e0e-8595-44f312773a1c/datanode-6/data/ratis/df4b5256-a9cb-4cc6-889f-9d472f5a4ec1/current/log_inprogress_0
2019-10-07 12:26:20,508 [f57744b5-2f7a-4ed8-9444-5c5c06f9ffa0@group-9D472F5A4EC1-SegmentedRaftLogWorker] INFO  segmented.SegmentedRaftLogWorker (SegmentedRaftLogWorker.java:execute(574)) - f57744b5-2f7a-4ed8-9444-5c5c06f9ffa0@group-9D472F5A4EC1-SegmentedRaftLogWorker: created new log segment /workdir/hadoop-ozone/integration-test/target/test-dir/MiniOzoneClusterImpl-778dd385-233b-4e0e-8595-44f312773a1c/datanode-1/data/ratis/df4b5256-a9cb-4cc6-889f-9d472f5a4ec1/current/log_inprogress_0
2019-10-07 12:26:20,508 [1918313e-d2a9-4acc-93c2-47b7c5875062@group-9D472F5A4EC1-SegmentedRaftLogWorker] INFO  segmented.SegmentedRaftLogWorker (SegmentedRaftLogWorker.java:execute(574)) - 1918313e-d2a9-4acc-93c2-47b7c5875062@group-9D472F5A4EC1-SegmentedRaftLogWorker: created new log segment /workdir/hadoop-ozone/integration-test/target/test-dir/MiniOzoneClusterImpl-778dd385-233b-4e0e-8595-44f312773a1c/datanode-4/data/ratis/df4b5256-a9cb-4cc6-889f-9d472f5a4ec1/current/log_inprogress_0
2019-10-07 12:26:22,190 [main] WARN  scm.XceiverClientRatis (XceiverClientRatis.java:watchForCommit(269)) - 3 way commit failed on pipeline Pipeline[ Id: df4b5256-a9cb-4cc6-889f-9d472f5a4ec1, Nodes: f57744b5-2f7a-4ed8-9444-5c5c06f9ffa0{ip: 192.168.30.23, host: pr-hdds-2262-rg9fl-2107095119, networkLocation: /default-rack, certSerialId: null}1918313e-d2a9-4acc-93c2-47b7c5875062{ip: 192.168.30.23, host: pr-hdds-2262-rg9fl-2107095119, networkLocation: /default-rack, certSerialId: null}c9767870-009c-4479-8ff8-96f0bb47e0cf{ip: 192.168.30.23, host: pr-hdds-2262-rg9fl-2107095119, networkLocation: /default-rack, certSerialId: null}, Type:RATIS, Factor:THREE, State:OPEN]
java.util.concurrent.TimeoutException
	at java.util.concurrent.CompletableFuture.timedGet(CompletableFuture.java:1771)
	at java.util.concurrent.CompletableFuture.get(CompletableFuture.java:1915)
	at org.apache.hadoop.hdds.scm.XceiverClientRatis.watchForCommit(XceiverClientRatis.java:266)
	at org.apache.hadoop.hdds.scm.storage.CommitWatcher.watchForCommit(CommitWatcher.java:194)
	at org.apache.hadoop.hdds.scm.storage.CommitWatcher.watchOnLastIndex(CommitWatcher.java:157)
	at org.apache.hadoop.hdds.scm.storage.BlockOutputStream.watchForCommit(BlockOutputStream.java:347)
	at org.apache.hadoop.hdds.scm.storage.BlockOutputStream.handleFlush(BlockOutputStream.java:479)
	at org.apache.hadoop.hdds.scm.storage.BlockOutputStream.flush(BlockOutputStream.java:428)
	at org.apache.hadoop.ozone.client.io.BlockOutputStreamEntry.flush(BlockOutputStreamEntry.java:136)
	at org.apache.hadoop.ozone.client.io.KeyOutputStream.handleFlushOrClose(KeyOutputStream.java:443)
	at org.apache.hadoop.ozone.client.io.KeyOutputStream.flush(KeyOutputStream.java:397)
	at org.apache.hadoop.ozone.client.io.OzoneOutputStream.flush(OzoneOutputStream.java:54)
	at org.apache.hadoop.ozone.client.rpc.TestBlockOutputStreamWithFailures.test2DatanodesFailure(TestBlockOutputStreamWithFailures.java:461)
	at sun.reflect.NativeMethodAccessorImpl.invoke0(Native Method)
	at sun.reflect.NativeMethodAccessorImpl.invoke(NativeMethodAccessorImpl.java:62)
	at sun.reflect.DelegatingMethodAccessorImpl.invoke(DelegatingMethodAccessorImpl.java:43)
	at java.lang.reflect.Method.invoke(Method.java:498)
	at org.junit.runners.model.FrameworkMethod$1.runReflectiveCall(FrameworkMethod.java:47)
	at org.junit.internal.runners.model.ReflectiveCallable.run(ReflectiveCallable.java:12)
	at org.junit.runners.model.FrameworkMethod.invokeExplosively(FrameworkMethod.java:44)
	at org.junit.internal.runners.statements.InvokeMethod.evaluate(InvokeMethod.java:17)
	at org.junit.internal.runners.statements.RunBefores.evaluate(RunBefores.java:26)
	at org.junit.internal.runners.statements.RunAfters.evaluate(RunAfters.java:27)
	at org.junit.runners.ParentRunner.runLeaf(ParentRunner.java:271)
	at org.junit.runners.BlockJUnit4ClassRunner.runChild(BlockJUnit4ClassRunner.java:70)
	at org.junit.runners.BlockJUnit4ClassRunner.runChild(BlockJUnit4ClassRunner.java:50)
	at org.junit.runners.ParentRunner$3.run(ParentRunner.java:238)
	at org.junit.runners.ParentRunner$1.schedule(ParentRunner.java:63)
	at org.junit.runners.ParentRunner.runChildren(ParentRunner.java:236)
	at org.junit.runners.ParentRunner.access$000(ParentRunner.java:53)
	at org.junit.runners.ParentRunner$2.evaluate(ParentRunner.java:229)
	at org.junit.runners.ParentRunner.run(ParentRunner.java:309)
	at org.apache.maven.surefire.junit4.JUnit4Provider.execute(JUnit4Provider.java:365)
	at org.apache.maven.surefire.junit4.JUnit4Provider.executeWithRerun(JUnit4Provider.java:273)
	at org.apache.maven.surefire.junit4.JUnit4Provider.executeTestSet(JUnit4Provider.java:238)
	at org.apache.maven.surefire.junit4.JUnit4Provider.invoke(JUnit4Provider.java:159)
	at org.apache.maven.surefire.booter.ForkedBooter.invokeProviderInSameClassLoader(ForkedBooter.java:384)
	at org.apache.maven.surefire.booter.ForkedBooter.runSuitesInProcess(ForkedBooter.java:345)
	at org.apache.maven.surefire.booter.ForkedBooter.execute(ForkedBooter.java:126)
	at org.apache.maven.surefire.booter.ForkedBooter.main(ForkedBooter.java:418)
2019-10-07 12:26:23,194 [main] WARN  storage.CommitWatcher (CommitWatcher.java:watchForCommit(203)) - watchForCommit failed for index 14
java.util.concurrent.TimeoutException
	at java.util.concurrent.CompletableFuture.timedGet(CompletableFuture.java:1771)
	at java.util.concurrent.CompletableFuture.get(CompletableFuture.java:1915)
	at org.apache.hadoop.hdds.scm.XceiverClientRatis.watchForCommit(XceiverClientRatis.java:275)
	at org.apache.hadoop.hdds.scm.storage.CommitWatcher.watchForCommit(CommitWatcher.java:194)
	at org.apache.hadoop.hdds.scm.storage.CommitWatcher.watchOnLastIndex(CommitWatcher.java:157)
	at org.apache.hadoop.hdds.scm.storage.BlockOutputStream.watchForCommit(BlockOutputStream.java:347)
	at org.apache.hadoop.hdds.scm.storage.BlockOutputStream.handleFlush(BlockOutputStream.java:479)
	at org.apache.hadoop.hdds.scm.storage.BlockOutputStream.flush(BlockOutputStream.java:428)
	at org.apache.hadoop.ozone.client.io.BlockOutputStreamEntry.flush(BlockOutputStreamEntry.java:136)
	at org.apache.hadoop.ozone.client.io.KeyOutputStream.handleFlushOrClose(KeyOutputStream.java:443)
	at org.apache.hadoop.ozone.client.io.KeyOutputStream.flush(KeyOutputStream.java:397)
	at org.apache.hadoop.ozone.client.io.OzoneOutputStream.flush(OzoneOutputStream.java:54)
	at org.apache.hadoop.ozone.client.rpc.TestBlockOutputStreamWithFailures.test2DatanodesFailure(TestBlockOutputStreamWithFailures.java:461)
	at sun.reflect.NativeMethodAccessorImpl.invoke0(Native Method)
	at sun.reflect.NativeMethodAccessorImpl.invoke(NativeMethodAccessorImpl.java:62)
	at sun.reflect.DelegatingMethodAccessorImpl.invoke(DelegatingMethodAccessorImpl.java:43)
	at java.lang.reflect.Method.invoke(Method.java:498)
	at org.junit.runners.model.FrameworkMethod$1.runReflectiveCall(FrameworkMethod.java:47)
	at org.junit.internal.runners.model.ReflectiveCallable.run(ReflectiveCallable.java:12)
	at org.junit.runners.model.FrameworkMethod.invokeExplosively(FrameworkMethod.java:44)
	at org.junit.internal.runners.statements.InvokeMethod.evaluate(InvokeMethod.java:17)
	at org.junit.internal.runners.statements.RunBefores.evaluate(RunBefores.java:26)
	at org.junit.internal.runners.statements.RunAfters.evaluate(RunAfters.java:27)
	at org.junit.runners.ParentRunner.runLeaf(ParentRunner.java:271)
	at org.junit.runners.BlockJUnit4ClassRunner.runChild(BlockJUnit4ClassRunner.java:70)
	at org.junit.runners.BlockJUnit4ClassRunner.runChild(BlockJUnit4ClassRunner.java:50)
	at org.junit.runners.ParentRunner$3.run(ParentRunner.java:238)
	at org.junit.runners.ParentRunner$1.schedule(ParentRunner.java:63)
	at org.junit.runners.ParentRunner.runChildren(ParentRunner.java:236)
	at org.junit.runners.ParentRunner.access$000(ParentRunner.java:53)
	at org.junit.runners.ParentRunner$2.evaluate(ParentRunner.java:229)
	at org.junit.runners.ParentRunner.run(ParentRunner.java:309)
	at org.apache.maven.surefire.junit4.JUnit4Provider.execute(JUnit4Provider.java:365)
	at org.apache.maven.surefire.junit4.JUnit4Provider.executeWithRerun(JUnit4Provider.java:273)
	at org.apache.maven.surefire.junit4.JUnit4Provider.executeTestSet(JUnit4Provider.java:238)
	at org.apache.maven.surefire.junit4.JUnit4Provider.invoke(JUnit4Provider.java:159)
	at org.apache.maven.surefire.booter.ForkedBooter.invokeProviderInSameClassLoader(ForkedBooter.java:384)
	at org.apache.maven.surefire.booter.ForkedBooter.runSuitesInProcess(ForkedBooter.java:345)
	at org.apache.maven.surefire.booter.ForkedBooter.execute(ForkedBooter.java:126)
	at org.apache.maven.surefire.booter.ForkedBooter.main(ForkedBooter.java:418)
2019-10-07 12:26:23,196 [main] WARN  io.KeyOutputStream (KeyOutputStream.java:handleException(274)) - Encountered exception java.io.IOException: Unexpected Storage Container Exception: java.io.IOException: Unexpected Storage Container Exception: java.util.concurrent.TimeoutException on the pipeline Pipeline[ Id: df4b5256-a9cb-4cc6-889f-9d472f5a4ec1, Nodes: f57744b5-2f7a-4ed8-9444-5c5c06f9ffa0{ip: 192.168.30.23, host: pr-hdds-2262-rg9fl-2107095119, networkLocation: /default-rack, certSerialId: null}1918313e-d2a9-4acc-93c2-47b7c5875062{ip: 192.168.30.23, host: pr-hdds-2262-rg9fl-2107095119, networkLocation: /default-rack, certSerialId: null}c9767870-009c-4479-8ff8-96f0bb47e0cf{ip: 192.168.30.23, host: pr-hdds-2262-rg9fl-2107095119, networkLocation: /default-rack, certSerialId: null}, Type:RATIS, Factor:THREE, State:OPEN]. The last committed block length is 400, uncommitted data length is 50 retry count 0
2019-10-07 12:26:23,963 [main] INFO  ozone.MiniOzoneClusterImpl (MiniOzoneClusterImpl.java:shutdown(314)) - Shutting down the Mini Ozone Cluster
2019-10-07 12:26:23,964 [main] INFO  ozone.MiniOzoneClusterImpl (MiniOzoneClusterImpl.java:stop(330)) - Stopping the Mini Ozone Cluster
2019-10-07 12:26:23,964 [main] INFO  ozone.MiniOzoneClusterImpl (MiniOzoneClusterImpl.java:stopOM(400)) - Stopping the OzoneManager
2019-10-07 12:26:23,964 [main] INFO  ipc.Server (Server.java:stop(3082)) - Stopping server on 42920
2019-10-07 12:26:23,972 [IPC Server listener on 42920] INFO  ipc.Server (Server.java:run(1185)) - Stopping IPC Server listener on 42920
2019-10-07 12:26:23,975 [IPC Server Responder] INFO  ipc.Server (Server.java:run(1319)) - Stopping IPC Server Responder
2019-10-07 12:26:23,974 [main] INFO  ratis.OzoneManagerDoubleBuffer (OzoneManagerDoubleBuffer.java:stop(248)) - Stopping OMDoubleBuffer flush thread
2019-10-07 12:26:23,986 [OMDoubleBufferFlushThread] INFO  ratis.OzoneManagerDoubleBuffer (OzoneManagerDoubleBuffer.java:flushTransactions(191)) - OMDoubleBuffer flush thread OMDoubleBufferFlushThread is interrupted and will exit. OMDoubleBufferFlushThread
2019-10-07 12:26:23,988 [main] INFO  utils.BackgroundService (BackgroundService.java:shutdown(148)) - Shutting down service KeyDeletingService
2019-10-07 12:26:23,991 [main] INFO  handler.ContextHandler (ContextHandler.java:doStop(910)) - Stopped o.e.j.w.WebAppContext@660591fb{/,null,UNAVAILABLE}{/ozoneManager}
2019-10-07 12:26:23,996 [main] INFO  server.AbstractConnector (AbstractConnector.java:doStop(318)) - Stopped ServerConnector@4a55a6e8{HTTP/1.1,[http/1.1]}{0.0.0.0:0}
2019-10-07 12:26:23,997 [main] INFO  handler.ContextHandler (ContextHandler.java:doStop(910)) - Stopped o.e.j.s.ServletContextHandler@2032e725{/static,file:///workdir/hadoop-ozone/integration-test/target/test-classes/webapps/static,UNAVAILABLE}
2019-10-07 12:26:23,997 [main] INFO  handler.ContextHandler (ContextHandler.java:doStop(910)) - Stopped o.e.j.s.ServletContextHandler@3eed0f5{/logs,file:///workdir/hadoop-ozone/integration-test/target/log,UNAVAILABLE}
2019-10-07 12:26:24,000 [main] INFO  ozone.MiniOzoneClusterImpl (MiniOzoneClusterImpl.java:stopDatanodes(377)) - Stopping the HddsDatanodes
2019-10-07 12:26:24,707 [java.util.concurrent.ThreadPoolExecutor$Worker@6c668d61[State = -1, empty queue]] ERROR client.GrpcClientRpc (GrpcClientRpc.java:sendRequestAsyncUnordered(82)) - client-C7F607750E98: XXX Failed RaftClientRequest:client-C7F607750E98->1918313e-d2a9-4acc-93c2-47b7c5875062@group-9D472F5A4EC1, cid=22, seq=0, Watch-MAJORITY_COMMITTED(14), null
org.apache.ratis.protocol.AlreadyClosedException: client-C7F607750E98 is already CLOSED
	at org.apache.ratis.util.PeerProxyMap$PeerAndProxy.getProxy(PeerProxyMap.java:58)
	at org.apache.ratis.util.PeerProxyMap.getProxy(PeerProxyMap.java:108)
	at org.apache.ratis.grpc.client.GrpcClientRpc.sendRequestAsyncUnordered(GrpcClientRpc.java:78)
	at org.apache.ratis.client.impl.UnorderedAsync.sendRequestWithRetry(UnorderedAsync.java:75)
	at org.apache.ratis.client.impl.UnorderedAsync.lambda$null$2(UnorderedAsync.java:120)
	at org.apache.ratis.util.TimeoutScheduler.lambda$onTimeout$0(TimeoutScheduler.java:113)
	at org.apache.ratis.util.TimeoutScheduler.lambda$onTimeout$1(TimeoutScheduler.java:133)
	at org.apache.ratis.util.LogUtils.runAndLog(LogUtils.java:50)
	at org.apache.ratis.util.LogUtils$1.run(LogUtils.java:91)
	at java.util.concurrent.Executors$RunnableAdapter.call(Executors.java:511)
	at java.util.concurrent.FutureTask.run(FutureTask.java:266)
	at java.util.concurrent.ScheduledThreadPoolExecutor$ScheduledFutureTask.access$201(ScheduledThreadPoolExecutor.java:180)
	at java.util.concurrent.ScheduledThreadPoolExecutor$ScheduledFutureTask.run(ScheduledThreadPoolExecutor.java:293)
	at java.util.concurrent.ThreadPoolExecutor.runWorker(ThreadPoolExecutor.java:1149)
	at java.util.concurrent.ThreadPoolExecutor$Worker.run(ThreadPoolExecutor.java:624)
	at java.lang.Thread.run(Thread.java:748)
2019-10-07 12:26:24,707 [java.util.concurrent.ThreadPoolExecutor$Worker@6c668d61[State = -1, empty queue]] ERROR client.GrpcClientRpc (GrpcClientRpc.java:sendRequestAsyncUnordered(82)) - client-C7F607750E98: XXX Failed RaftClientRequest:client-C7F607750E98->1918313e-d2a9-4acc-93c2-47b7c5875062@group-9D472F5A4EC1, cid=21, seq=0, Watch-ALL_COMMITTED(14), null
org.apache.ratis.protocol.AlreadyClosedException: client-C7F607750E98 is already CLOSED
	at org.apache.ratis.util.PeerProxyMap$PeerAndProxy.getProxy(PeerProxyMap.java:58)
	at org.apache.ratis.util.PeerProxyMap.getProxy(PeerProxyMap.java:108)
	at org.apache.ratis.grpc.client.GrpcClientRpc.sendRequestAsyncUnordered(GrpcClientRpc.java:78)
	at org.apache.ratis.client.impl.UnorderedAsync.sendRequestWithRetry(UnorderedAsync.java:75)
	at org.apache.ratis.client.impl.UnorderedAsync.lambda$null$2(UnorderedAsync.java:120)
	at org.apache.ratis.util.TimeoutScheduler.lambda$onTimeout$0(TimeoutScheduler.java:113)
	at org.apache.ratis.util.TimeoutScheduler.lambda$onTimeout$1(TimeoutScheduler.java:133)
	at org.apache.ratis.util.LogUtils.runAndLog(LogUtils.java:50)
	at org.apache.ratis.util.LogUtils$1.run(LogUtils.java:91)
	at java.util.concurrent.Executors$RunnableAdapter.call(Executors.java:511)
	at java.util.concurrent.FutureTask.run(FutureTask.java:266)
	at java.util.concurrent.ScheduledThreadPoolExecutor$ScheduledFutureTask.access$201(ScheduledThreadPoolExecutor.java:180)
	at java.util.concurrent.ScheduledThreadPoolExecutor$ScheduledFutureTask.run(ScheduledThreadPoolExecutor.java:293)
	at java.util.concurrent.ThreadPoolExecutor.runWorker(ThreadPoolExecutor.java:1149)
	at java.util.concurrent.ThreadPoolExecutor$Worker.run(ThreadPoolExecutor.java:624)
	at java.lang.Thread.run(Thread.java:748)
2019-10-07 12:26:24,916 [Datanode State Machine Thread - 0] INFO  statemachine.DatanodeStateMachine (DatanodeStateMachine.java:lambda$startDaemon$0(350)) - Ozone container server started.
2019-10-07 12:26:24,916 [Datanode State Machine Thread - 0] INFO  statemachine.DatanodeStateMachine (DatanodeStateMachine.java:lambda$startDaemon$0(350)) - Ozone container server started.
2019-10-07 12:26:25,711 [java.util.concurrent.ThreadPoolExecutor$Worker@6c668d61[State = -1, empty queue]] ERROR client.GrpcClientRpc (GrpcClientRpc.java:sendRequestAsyncUnordered(82)) - client-C7F607750E98: XXX Failed RaftClientRequest:client-C7F607750E98->f57744b5-2f7a-4ed8-9444-5c5c06f9ffa0@group-9D472F5A4EC1, cid=22, seq=0, Watch-MAJORITY_COMMITTED(14), null
org.apache.ratis.protocol.AlreadyClosedException: client-C7F607750E98 is already CLOSED
	at org.apache.ratis.util.PeerProxyMap$PeerAndProxy.getProxy(PeerProxyMap.java:58)
	at org.apache.ratis.util.PeerProxyMap.getProxy(PeerProxyMap.java:108)
	at org.apache.ratis.grpc.client.GrpcClientRpc.sendRequestAsyncUnordered(GrpcClientRpc.java:78)
	at org.apache.ratis.client.impl.UnorderedAsync.sendRequestWithRetry(UnorderedAsync.java:75)
	at org.apache.ratis.client.impl.UnorderedAsync.lambda$null$2(UnorderedAsync.java:120)
	at org.apache.ratis.util.TimeoutScheduler.lambda$onTimeout$0(TimeoutScheduler.java:113)
	at org.apache.ratis.util.TimeoutScheduler.lambda$onTimeout$1(TimeoutScheduler.java:133)
	at org.apache.ratis.util.LogUtils.runAndLog(LogUtils.java:50)
	at org.apache.ratis.util.LogUtils$1.run(LogUtils.java:91)
	at java.util.concurrent.Executors$RunnableAdapter.call(Executors.java:511)
	at java.util.concurrent.FutureTask.run(FutureTask.java:266)
	at java.util.concurrent.ScheduledThreadPoolExecutor$ScheduledFutureTask.access$201(ScheduledThreadPoolExecutor.java:180)
	at java.util.concurrent.ScheduledThreadPoolExecutor$ScheduledFutureTask.run(ScheduledThreadPoolExecutor.java:293)
	at java.util.concurrent.ThreadPoolExecutor.runWorker(ThreadPoolExecutor.java:1149)
	at java.util.concurrent.ThreadPoolExecutor$Worker.run(ThreadPoolExecutor.java:624)
	at java.lang.Thread.run(Thread.java:748)
2019-10-07 12:26:25,712 [java.util.concurrent.ThreadPoolExecutor$Worker@6c668d61[State = -1, empty queue]] ERROR client.GrpcClientRpc (GrpcClientRpc.java:sendRequestAsyncUnordered(82)) - client-C7F607750E98: XXX Failed RaftClientRequest:client-C7F607750E98->f57744b5-2f7a-4ed8-9444-5c5c06f9ffa0@group-9D472F5A4EC1, cid=21, seq=0, Watch-ALL_COMMITTED(14), null
org.apache.ratis.protocol.AlreadyClosedException: client-C7F607750E98 is already CLOSED
	at org.apache.ratis.util.PeerProxyMap$PeerAndProxy.getProxy(PeerProxyMap.java:58)
	at org.apache.ratis.util.PeerProxyMap.getProxy(PeerProxyMap.java:108)
	at org.apache.ratis.grpc.client.GrpcClientRpc.sendRequestAsyncUnordered(GrpcClientRpc.java:78)
	at org.apache.ratis.client.impl.UnorderedAsync.sendRequestWithRetry(UnorderedAsync.java:75)
	at org.apache.ratis.client.impl.UnorderedAsync.lambda$null$2(UnorderedAsync.java:120)
	at org.apache.ratis.util.TimeoutScheduler.lambda$onTimeout$0(TimeoutScheduler.java:113)
	at org.apache.ratis.util.TimeoutScheduler.lambda$onTimeout$1(TimeoutScheduler.java:133)
	at org.apache.ratis.util.LogUtils.runAndLog(LogUtils.java:50)
	at org.apache.ratis.util.LogUtils$1.run(LogUtils.java:91)
	at java.util.concurrent.Executors$RunnableAdapter.call(Executors.java:511)
	at java.util.concurrent.FutureTask.run(FutureTask.java:266)
	at java.util.concurrent.ScheduledThreadPoolExecutor$ScheduledFutureTask.access$201(ScheduledThreadPoolExecutor.java:180)
	at java.util.concurrent.ScheduledThreadPoolExecutor$ScheduledFutureTask.run(ScheduledThreadPoolExecutor.java:293)
	at java.util.concurrent.ThreadPoolExecutor.runWorker(ThreadPoolExecutor.java:1149)
	at java.util.concurrent.ThreadPoolExecutor$Worker.run(ThreadPoolExecutor.java:624)
	at java.lang.Thread.run(Thread.java:748)
2019-10-07 12:26:28,968 [EventQueue-StaleNodeForStaleNodeHandler] INFO  node.StaleNodeHandler (StaleNodeHandler.java:onMessage(58)) - Datanode f57744b5-2f7a-4ed8-9444-5c5c06f9ffa0{ip: 192.168.30.23, host: pr-hdds-2262-rg9fl-2107095119, networkLocation: /default-rack, certSerialId: null} moved to stale state. Finalizing its pipelines [PipelineID=e1cad256-e975-4fbd-bd12-2271df7b558f, PipelineID=df4b5256-a9cb-4cc6-889f-9d472f5a4ec1]
2019-10-07 12:26:28,969 [EventQueue-StaleNodeForStaleNodeHandler] INFO  pipeline.SCMPipelineManager (SCMPipelineManager.java:finalizeAndDestroyPipeline(315)) - destroying pipeline:Pipeline[ Id: e1cad256-e975-4fbd-bd12-2271df7b558f, Nodes: f57744b5-2f7a-4ed8-9444-5c5c06f9ffa0{ip: 192.168.30.23, host: pr-hdds-2262-rg9fl-2107095119, networkLocation: /default-rack, certSerialId: null}, Type:RATIS, Factor:ONE, State:OPEN]
2019-10-07 12:26:28,971 [EventQueue-StaleNodeForStaleNodeHandler] INFO  pipeline.PipelineStateManager (PipelineStateManager.java:finalizePipeline(123)) - Pipeline Pipeline[ Id: e1cad256-e975-4fbd-bd12-2271df7b558f, Nodes: f57744b5-2f7a-4ed8-9444-5c5c06f9ffa0{ip: 192.168.30.23, host: pr-hdds-2262-rg9fl-2107095119, networkLocation: /default-rack, certSerialId: null}, Type:RATIS, Factor:ONE, State:CLOSED] moved to CLOSED state
2019-10-07 12:26:28,973 [EventQueue-StaleNodeForStaleNodeHandler] INFO  pipeline.SCMPipelineManager (SCMPipelineManager.java:finalizeAndDestroyPipeline(315)) - destroying pipeline:Pipeline[ Id: df4b5256-a9cb-4cc6-889f-9d472f5a4ec1, Nodes: f57744b5-2f7a-4ed8-9444-5c5c06f9ffa0{ip: 192.168.30.23, host: pr-hdds-2262-rg9fl-2107095119, networkLocation: /default-rack, certSerialId: null}1918313e-d2a9-4acc-93c2-47b7c5875062{ip: 192.168.30.23, host: pr-hdds-2262-rg9fl-2107095119, networkLocation: /default-rack, certSerialId: null}c9767870-009c-4479-8ff8-96f0bb47e0cf{ip: 192.168.30.23, host: pr-hdds-2262-rg9fl-2107095119, networkLocation: /default-rack, certSerialId: null}, Type:RATIS, Factor:THREE, State:OPEN]
2019-10-07 12:26:28,973 [EventQueue-StaleNodeForStaleNodeHandler] INFO  pipeline.PipelineStateManager (PipelineStateManager.java:finalizePipeline(123)) - Pipeline Pipeline[ Id: df4b5256-a9cb-4cc6-889f-9d472f5a4ec1, Nodes: f57744b5-2f7a-4ed8-9444-5c5c06f9ffa0{ip: 192.168.30.23, host: pr-hdds-2262-rg9fl-2107095119, networkLocation: /default-rack, certSerialId: null}1918313e-d2a9-4acc-93c2-47b7c5875062{ip: 192.168.30.23, host: pr-hdds-2262-rg9fl-2107095119, networkLocation: /default-rack, certSerialId: null}c9767870-009c-4479-8ff8-96f0bb47e0cf{ip: 192.168.30.23, host: pr-hdds-2262-rg9fl-2107095119, networkLocation: /default-rack, certSerialId: null}, Type:RATIS, Factor:THREE, State:CLOSED] moved to CLOSED state
2019-10-07 12:26:28,974 [EventQueue-StaleNodeForStaleNodeHandler] INFO  node.StaleNodeHandler (StaleNodeHandler.java:onMessage(58)) - Datanode 1918313e-d2a9-4acc-93c2-47b7c5875062{ip: 192.168.30.23, host: pr-hdds-2262-rg9fl-2107095119, networkLocation: /default-rack, certSerialId: null} moved to stale state. Finalizing its pipelines [PipelineID=623f5ac5-4ed4-4000-8f11-c187f0f5ef6f, PipelineID=df4b5256-a9cb-4cc6-889f-9d472f5a4ec1]
2019-10-07 12:26:28,974 [EventQueue-CloseContainerForCloseContainerEventHandler] INFO  container.CloseContainerEventHandler (CloseContainerEventHandler.java:onMessage(61)) - Close container Event triggered for container : #1
2019-10-07 12:26:28,977 [EventQueue-StaleNodeForStaleNodeHandler] INFO  pipeline.SCMPipelineManager (SCMPipelineManager.java:finalizeAndDestroyPipeline(315)) - destroying pipeline:Pipeline[ Id: 623f5ac5-4ed4-4000-8f11-c187f0f5ef6f, Nodes: 1918313e-d2a9-4acc-93c2-47b7c5875062{ip: 192.168.30.23, host: pr-hdds-2262-rg9fl-2107095119, networkLocation: /default-rack, certSerialId: null}, Type:RATIS, Factor:ONE, State:OPEN]
2019-10-07 12:26:28,978 [EventQueue-StaleNodeForStaleNodeHandler] INFO  pipeline.PipelineStateManager (PipelineStateManager.java:finalizePipeline(123)) - Pipeline Pipeline[ Id: 623f5ac5-4ed4-4000-8f11-c187f0f5ef6f, Nodes: 1918313e-d2a9-4acc-93c2-47b7c5875062{ip: 192.168.30.23, host: pr-hdds-2262-rg9fl-2107095119, networkLocation: /default-rack, certSerialId: null}, Type:RATIS, Factor:ONE, State:CLOSED] moved to CLOSED state
2019-10-07 12:26:28,978 [EventQueue-StaleNodeForStaleNodeHandler] INFO  pipeline.SCMPipelineManager (SCMPipelineManager.java:finalizeAndDestroyPipeline(315)) - destroying pipeline:Pipeline[ Id: df4b5256-a9cb-4cc6-889f-9d472f5a4ec1, Nodes: f57744b5-2f7a-4ed8-9444-5c5c06f9ffa0{ip: 192.168.30.23, host: pr-hdds-2262-rg9fl-2107095119, networkLocation: /default-rack, certSerialId: null}1918313e-d2a9-4acc-93c2-47b7c5875062{ip: 192.168.30.23, host: pr-hdds-2262-rg9fl-2107095119, networkLocation: /default-rack, certSerialId: null}c9767870-009c-4479-8ff8-96f0bb47e0cf{ip: 192.168.30.23, host: pr-hdds-2262-rg9fl-2107095119, networkLocation: /default-rack, certSerialId: null}, Type:RATIS, Factor:THREE, State:CLOSED]
2019-10-07 12:26:28,984 [EventQueue-CloseContainerForCloseContainerEventHandler] INFO  container.CloseContainerEventHandler (CloseContainerEventHandler.java:onMessage(61)) - Close container Event triggered for container : #1
2019-10-07 12:26:29,002 [main] INFO  ozoneimpl.OzoneContainer (OzoneContainer.java:stop(231)) - Attempting to stop container services.
2019-10-07 12:26:29,002 [ForkJoinPool.commonPool-worker-1] INFO  ozoneimpl.OzoneContainer (OzoneContainer.java:stop(231)) - Attempting to stop container services.
2019-10-07 12:26:29,006 [main] INFO  impl.RaftServerProxy (RaftServerProxy.java:lambda$close$4(314)) - 1918313e-d2a9-4acc-93c2-47b7c5875062: close
2019-10-07 12:26:29,006 [ForkJoinPool.commonPool-worker-1] INFO  impl.RaftServerProxy (RaftServerProxy.java:lambda$close$4(314)) - f57744b5-2f7a-4ed8-9444-5c5c06f9ffa0: close
2019-10-07 12:26:29,008 [main] INFO  impl.RaftServerImpl (RaftServerImpl.java:lambda$shutdown$3(247)) - 1918313e-d2a9-4acc-93c2-47b7c5875062@group-C187F0F5EF6F: shutdown
2019-10-07 12:26:29,008 [ForkJoinPool.commonPool-worker-1] INFO  impl.RaftServerImpl (RaftServerImpl.java:lambda$shutdown$3(247)) - f57744b5-2f7a-4ed8-9444-5c5c06f9ffa0@group-2271DF7B558F: shutdown
2019-10-07 12:26:29,008 [main] INFO  util.JmxRegister (JmxRegister.java:unregister(73)) - Successfully un-registered JMX Bean with object name Ratis:service=RaftServer,group=group-C187F0F5EF6F,id=1918313e-d2a9-4acc-93c2-47b7c5875062
2019-10-07 12:26:29,009 [ForkJoinPool.commonPool-worker-1] INFO  util.JmxRegister (JmxRegister.java:unregister(73)) - Successfully un-registered JMX Bean with object name Ratis:service=RaftServer,group=group-2271DF7B558F,id=f57744b5-2f7a-4ed8-9444-5c5c06f9ffa0
2019-10-07 12:26:29,009 [main] INFO  impl.RoleInfo (RoleInfo.java:shutdownLeaderState(104)) - 1918313e-d2a9-4acc-93c2-47b7c5875062: shutdown LeaderState
2019-10-07 12:26:29,009 [ForkJoinPool.commonPool-worker-1] INFO  impl.RoleInfo (RoleInfo.java:shutdownLeaderState(104)) - f57744b5-2f7a-4ed8-9444-5c5c06f9ffa0: shutdown LeaderState
2019-10-07 12:26:29,010 [main] INFO  impl.PendingRequests (PendingRequests.java:sendNotLeaderResponses(202)) - 1918313e-d2a9-4acc-93c2-47b7c5875062@group-C187F0F5EF6F-PendingRequests: sendNotLeaderResponses
2019-10-07 12:26:29,010 [ForkJoinPool.commonPool-worker-1] INFO  impl.PendingRequests (PendingRequests.java:sendNotLeaderResponses(202)) - f57744b5-2f7a-4ed8-9444-5c5c06f9ffa0@group-2271DF7B558F-PendingRequests: sendNotLeaderResponses
2019-10-07 12:26:29,014 [main] INFO  impl.StateMachineUpdater (StateMachineUpdater.java:stopAndJoin(136)) - 1918313e-d2a9-4acc-93c2-47b7c5875062@group-C187F0F5EF6F-StateMachineUpdater: set stopIndex = 0
2019-10-07 12:26:29,014 [ForkJoinPool.commonPool-worker-1] INFO  impl.StateMachineUpdater (StateMachineUpdater.java:stopAndJoin(136)) - f57744b5-2f7a-4ed8-9444-5c5c06f9ffa0@group-2271DF7B558F-StateMachineUpdater: set stopIndex = 0
2019-10-07 12:26:29,016 [main] INFO  impl.RaftServerImpl (ServerState.java:close(387)) - 1918313e-d2a9-4acc-93c2-47b7c5875062@group-C187F0F5EF6F: closes. applyIndex: 0
2019-10-07 12:26:29,016 [ForkJoinPool.commonPool-worker-1] INFO  impl.RaftServerImpl (ServerState.java:close(387)) - f57744b5-2f7a-4ed8-9444-5c5c06f9ffa0@group-2271DF7B558F: closes. applyIndex: 0
2019-10-07 12:26:29,018 [f57744b5-2f7a-4ed8-9444-5c5c06f9ffa0@group-2271DF7B558F-SegmentedRaftLogWorker] INFO  segmented.SegmentedRaftLogWorker (SegmentedRaftLogWorker.java:run(316)) - f57744b5-2f7a-4ed8-9444-5c5c06f9ffa0@group-2271DF7B558F-SegmentedRaftLogWorker was interrupted, exiting. There are 0 tasks remaining in the queue.
2019-10-07 12:26:29,018 [1918313e-d2a9-4acc-93c2-47b7c5875062@group-C187F0F5EF6F-SegmentedRaftLogWorker] INFO  segmented.SegmentedRaftLogWorker (SegmentedRaftLogWorker.java:run(316)) - 1918313e-d2a9-4acc-93c2-47b7c5875062@group-C187F0F5EF6F-SegmentedRaftLogWorker was interrupted, exiting. There are 0 tasks remaining in the queue.
2019-10-07 12:26:29,021 [main] INFO  segmented.SegmentedRaftLogWorker (SegmentedRaftLogWorker.java:close(224)) - 1918313e-d2a9-4acc-93c2-47b7c5875062@group-C187F0F5EF6F-SegmentedRaftLogWorker close()
2019-10-07 12:26:29,021 [ForkJoinPool.commonPool-worker-1] INFO  segmented.SegmentedRaftLogWorker (SegmentedRaftLogWorker.java:close(224)) - f57744b5-2f7a-4ed8-9444-5c5c06f9ffa0@group-2271DF7B558F-SegmentedRaftLogWorker close()
2019-10-07 12:26:29,024 [main] INFO  impl.RaftServerImpl (RaftServerImpl.java:lambda$shutdown$3(247)) - 1918313e-d2a9-4acc-93c2-47b7c5875062@group-9D472F5A4EC1: shutdown
2019-10-07 12:26:29,028 [ForkJoinPool.commonPool-worker-1] INFO  impl.RaftServerImpl (RaftServerImpl.java:lambda$shutdown$3(247)) - f57744b5-2f7a-4ed8-9444-5c5c06f9ffa0@group-9D472F5A4EC1: shutdown
2019-10-07 12:26:29,028 [main] INFO  util.JmxRegister (JmxRegister.java:unregister(73)) - Successfully un-registered JMX Bean with object name Ratis:service=RaftServer,group=group-9D472F5A4EC1,id=1918313e-d2a9-4acc-93c2-47b7c5875062
2019-10-07 12:26:29,028 [ForkJoinPool.commonPool-worker-1] INFO  util.JmxRegister (JmxRegister.java:unregister(73)) - Successfully un-registered JMX Bean with object name Ratis:service=RaftServer,group=group-9D472F5A4EC1,id=f57744b5-2f7a-4ed8-9444-5c5c06f9ffa0
2019-10-07 12:26:29,028 [main] INFO  impl.RoleInfo (RoleInfo.java:shutdownFollowerState(121)) - 1918313e-d2a9-4acc-93c2-47b7c5875062: shutdown FollowerState
2019-10-07 12:26:29,029 [ForkJoinPool.commonPool-worker-1] INFO  impl.RoleInfo (RoleInfo.java:shutdownFollowerState(121)) - f57744b5-2f7a-4ed8-9444-5c5c06f9ffa0: shutdown FollowerState
2019-10-07 12:26:29,029 [main] INFO  impl.StateMachineUpdater (StateMachineUpdater.java:stopAndJoin(136)) - 1918313e-d2a9-4acc-93c2-47b7c5875062@group-9D472F5A4EC1-StateMachineUpdater: set stopIndex = 16
2019-10-07 12:26:29,030 [f57744b5-2f7a-4ed8-9444-5c5c06f9ffa0@group-9D472F5A4EC1-StateMachineUpdater] INFO  ratis.ContainerStateMachine (ContainerStateMachine.java:takeSnapshot(294)) - group-9D472F5A4EC1: Taking a snapshot at:(t:2, i:16) file /workdir/hadoop-ozone/integration-test/target/test-dir/MiniOzoneClusterImpl-778dd385-233b-4e0e-8595-44f312773a1c/datanode-1/data/ratis/df4b5256-a9cb-4cc6-889f-9d472f5a4ec1/sm/snapshot.2_16
2019-10-07 12:26:29,029 [Thread-346] INFO  impl.FollowerState (FollowerState.java:run(117)) - f57744b5-2f7a-4ed8-9444-5c5c06f9ffa0@group-9D472F5A4EC1-FollowerState was interrupted: java.lang.InterruptedException: sleep interrupted
2019-10-07 12:26:29,029 [ForkJoinPool.commonPool-worker-1] INFO  impl.StateMachineUpdater (StateMachineUpdater.java:stopAndJoin(136)) - f57744b5-2f7a-4ed8-9444-5c5c06f9ffa0@group-9D472F5A4EC1-StateMachineUpdater: set stopIndex = 16
2019-10-07 12:26:29,029 [Thread-347] INFO  impl.FollowerState (FollowerState.java:run(117)) - 1918313e-d2a9-4acc-93c2-47b7c5875062@group-9D472F5A4EC1-FollowerState was interrupted: java.lang.InterruptedException: sleep interrupted
2019-10-07 12:26:29,029 [1918313e-d2a9-4acc-93c2-47b7c5875062@group-9D472F5A4EC1-StateMachineUpdater] INFO  ratis.ContainerStateMachine (ContainerStateMachine.java:takeSnapshot(294)) - group-9D472F5A4EC1: Taking a snapshot at:(t:2, i:16) file /workdir/hadoop-ozone/integration-test/target/test-dir/MiniOzoneClusterImpl-778dd385-233b-4e0e-8595-44f312773a1c/datanode-4/data/ratis/df4b5256-a9cb-4cc6-889f-9d472f5a4ec1/sm/snapshot.2_16
2019-10-07 12:26:29,077 [f57744b5-2f7a-4ed8-9444-5c5c06f9ffa0@group-9D472F5A4EC1-StateMachineUpdater] INFO  ratis.ContainerStateMachine (ContainerStateMachine.java:takeSnapshot(305)) - group-9D472F5A4EC1: Finished taking a snapshot at:(t:2, i:16) file:/workdir/hadoop-ozone/integration-test/target/test-dir/MiniOzoneClusterImpl-778dd385-233b-4e0e-8595-44f312773a1c/datanode-1/data/ratis/df4b5256-a9cb-4cc6-889f-9d472f5a4ec1/sm/snapshot.2_16 time:48
2019-10-07 12:26:29,077 [1918313e-d2a9-4acc-93c2-47b7c5875062@group-9D472F5A4EC1-StateMachineUpdater] INFO  ratis.ContainerStateMachine (ContainerStateMachine.java:takeSnapshot(305)) - group-9D472F5A4EC1: Finished taking a snapshot at:(t:2, i:16) file:/workdir/hadoop-ozone/integration-test/target/test-dir/MiniOzoneClusterImpl-778dd385-233b-4e0e-8595-44f312773a1c/datanode-4/data/ratis/df4b5256-a9cb-4cc6-889f-9d472f5a4ec1/sm/snapshot.2_16 time:48
2019-10-07 12:26:29,079 [f57744b5-2f7a-4ed8-9444-5c5c06f9ffa0@group-9D472F5A4EC1-StateMachineUpdater] INFO  impl.StateMachineUpdater (StateMachineUpdater.java:takeSnapshot(269)) - f57744b5-2f7a-4ed8-9444-5c5c06f9ffa0@group-9D472F5A4EC1-StateMachineUpdater: Took a snapshot at index 16
2019-10-07 12:26:29,079 [1918313e-d2a9-4acc-93c2-47b7c5875062@group-9D472F5A4EC1-StateMachineUpdater] INFO  impl.StateMachineUpdater (StateMachineUpdater.java:takeSnapshot(269)) - 1918313e-d2a9-4acc-93c2-47b7c5875062@group-9D472F5A4EC1-StateMachineUpdater: Took a snapshot at index 16
2019-10-07 12:26:29,079 [f57744b5-2f7a-4ed8-9444-5c5c06f9ffa0@group-9D472F5A4EC1-StateMachineUpdater] INFO  impl.StateMachineUpdater (StateMachineUpdater.java:lambda$new$0(84)) - f57744b5-2f7a-4ed8-9444-5c5c06f9ffa0@group-9D472F5A4EC1-StateMachineUpdater: snapshotIndex: updateIncreasingly -1 -> 16
2019-10-07 12:26:29,079 [1918313e-d2a9-4acc-93c2-47b7c5875062@group-9D472F5A4EC1-StateMachineUpdater] INFO  impl.StateMachineUpdater (StateMachineUpdater.java:lambda$new$0(84)) - 1918313e-d2a9-4acc-93c2-47b7c5875062@group-9D472F5A4EC1-StateMachineUpdater: snapshotIndex: updateIncreasingly -1 -> 16
2019-10-07 12:26:29,087 [main] INFO  impl.RaftServerImpl (ServerState.java:close(387)) - 1918313e-d2a9-4acc-93c2-47b7c5875062@group-9D472F5A4EC1: closes. applyIndex: 16
2019-10-07 12:26:29,087 [ForkJoinPool.commonPool-worker-1] INFO  impl.RaftServerImpl (ServerState.java:close(387)) - f57744b5-2f7a-4ed8-9444-5c5c06f9ffa0@group-9D472F5A4EC1: closes. applyIndex: 16
2019-10-07 12:26:29,088 [1918313e-d2a9-4acc-93c2-47b7c5875062@group-9D472F5A4EC1-SegmentedRaftLogWorker] INFO  segmented.SegmentedRaftLogWorker (SegmentedRaftLogWorker.java:run(316)) - 1918313e-d2a9-4acc-93c2-47b7c5875062@group-9D472F5A4EC1-SegmentedRaftLogWorker was interrupted, exiting. There are 0 tasks remaining in the queue.
2019-10-07 12:26:29,090 [main] INFO  segmented.SegmentedRaftLogWorker (SegmentedRaftLogWorker.java:close(224)) - 1918313e-d2a9-4acc-93c2-47b7c5875062@group-9D472F5A4EC1-SegmentedRaftLogWorker close()
2019-10-07 12:26:29,090 [f57744b5-2f7a-4ed8-9444-5c5c06f9ffa0@group-9D472F5A4EC1-SegmentedRaftLogWorker] INFO  segmented.SegmentedRaftLogWorker (SegmentedRaftLogWorker.java:run(316)) - f57744b5-2f7a-4ed8-9444-5c5c06f9ffa0@group-9D472F5A4EC1-SegmentedRaftLogWorker was interrupted, exiting. There are 0 tasks remaining in the queue.
2019-10-07 12:26:29,096 [ForkJoinPool.commonPool-worker-1] INFO  segmented.SegmentedRaftLogWorker (SegmentedRaftLogWorker.java:close(224)) - f57744b5-2f7a-4ed8-9444-5c5c06f9ffa0@group-9D472F5A4EC1-SegmentedRaftLogWorker close()
2019-10-07 12:26:29,100 [main] INFO  server.GrpcService (GrpcService.java:closeImpl(164)) - 1918313e-d2a9-4acc-93c2-47b7c5875062: shutdown server with port 46361 now
2019-10-07 12:26:29,100 [ForkJoinPool.commonPool-worker-1] INFO  server.GrpcService (GrpcService.java:closeImpl(164)) - f57744b5-2f7a-4ed8-9444-5c5c06f9ffa0: shutdown server with port 39485 now
2019-10-07 12:26:29,113 [grpc-default-executor-1] WARN  server.GrpcServerProtocolService (LogUtils.java:warn(134)) - f57744b5-2f7a-4ed8-9444-5c5c06f9ffa0: installSnapshot onError, lastRequest: c9767870-009c-4479-8ff8-96f0bb47e0cf->f57744b5-2f7a-4ed8-9444-5c5c06f9ffa0#20-t2, previous=(t:2, i:16), leaderCommit=16, initializing? false, entries: <empty>: org.apache.ratis.thirdparty.io.grpc.StatusRuntimeException: CANCELLED: cancelled before receiving half close
2019-10-07 12:26:29,113 [grpc-default-executor-2] WARN  server.GrpcServerProtocolService (LogUtils.java:warn(134)) - 1918313e-d2a9-4acc-93c2-47b7c5875062: installSnapshot onError, lastRequest: c9767870-009c-4479-8ff8-96f0bb47e0cf->1918313e-d2a9-4acc-93c2-47b7c5875062#20-t2, previous=(t:2, i:16), leaderCommit=16, initializing? false, entries: <empty>: org.apache.ratis.thirdparty.io.grpc.StatusRuntimeException: CANCELLED: cancelled before receiving half close
2019-10-07 12:26:29,120 [ForkJoinPool.commonPool-worker-1] INFO  server.GrpcService (GrpcService.java:closeImpl(172)) - f57744b5-2f7a-4ed8-9444-5c5c06f9ffa0: shutdown server with port 39485 successfully
2019-10-07 12:26:29,123 [main] INFO  server.GrpcService (GrpcService.java:closeImpl(172)) - 1918313e-d2a9-4acc-93c2-47b7c5875062: shutdown server with port 46361 successfully
2019-10-07 12:26:29,125 [grpc-default-executor-3] WARN  server.GrpcLogAppender (LogUtils.java:warn(134)) - c9767870-009c-4479-8ff8-96f0bb47e0cf@group-9D472F5A4EC1->1918313e-d2a9-4acc-93c2-47b7c5875062-AppendLogResponseHandler: Failed appendEntries: org.apache.ratis.thirdparty.io.grpc.StatusRuntimeException: CANCELLED: HTTP/2 error code: CANCEL
Received Rst Stream
2019-10-07 12:26:29,125 [grpc-default-executor-4] WARN  server.GrpcLogAppender (LogUtils.java:warn(134)) - c9767870-009c-4479-8ff8-96f0bb47e0cf@group-9D472F5A4EC1->f57744b5-2f7a-4ed8-9444-5c5c06f9ffa0-AppendLogResponseHandler: Failed appendEntries: org.apache.ratis.thirdparty.io.grpc.StatusRuntimeException: CANCELLED: HTTP/2 error code: CANCEL
Received Rst Stream
2019-10-07 12:26:29,139 [grpc-default-executor-4] INFO  impl.FollowerInfo (FollowerInfo.java:lambda$new$0(51)) - c9767870-009c-4479-8ff8-96f0bb47e0cf@group-9D472F5A4EC1->f57744b5-2f7a-4ed8-9444-5c5c06f9ffa0: nextIndex: updateUnconditionally 17 -> 16
2019-10-07 12:26:29,139 [grpc-default-executor-3] INFO  impl.FollowerInfo (FollowerInfo.java:lambda$new$0(51)) - c9767870-009c-4479-8ff8-96f0bb47e0cf@group-9D472F5A4EC1->1918313e-d2a9-4acc-93c2-47b7c5875062: nextIndex: updateUnconditionally 17 -> 16
2019-10-07 12:26:29,142 [refreshUsed-/workdir/hadoop-ozone/integration-test/target/test-dir/MiniOzoneClusterImpl-778dd385-233b-4e0e-8595-44f312773a1c/datanode-1/data/containers] WARN  fs.CachingGetSpaceUsed (CachingGetSpaceUsed.java:run(183)) - Thread Interrupted waiting to refresh disk information: sleep interrupted
2019-10-07 12:26:29,142 [refreshUsed-/workdir/hadoop-ozone/integration-test/target/test-dir/MiniOzoneClusterImpl-778dd385-233b-4e0e-8595-44f312773a1c/datanode-4/data/containers] WARN  fs.CachingGetSpaceUsed (CachingGetSpaceUsed.java:run(183)) - Thread Interrupted waiting to refresh disk information: sleep interrupted
2019-10-07 12:26:29,170 [ForkJoinPool.commonPool-worker-1] INFO  utils.BackgroundService (BackgroundService.java:shutdown(148)) - Shutting down service BlockDeletingService
2019-10-07 12:26:29,170 [main] INFO  utils.BackgroundService (BackgroundService.java:shutdown(148)) - Shutting down service BlockDeletingService
2019-10-07 12:26:29,175 [main] INFO  statemachine.DatanodeStateMachine (DatanodeStateMachine.java:stopDaemon(395)) - Ozone container server stopped.
2019-10-07 12:26:29,177 [ForkJoinPool.commonPool-worker-1] INFO  statemachine.DatanodeStateMachine (DatanodeStateMachine.java:stopDaemon(395)) - Ozone container server stopped.
2019-10-07 12:26:29,179 [main] INFO  handler.ContextHandler (ContextHandler.java:doStop(910)) - Stopped o.e.j.w.WebAppContext@2f5b8250{/,null,UNAVAILABLE}{/hddsDatanode}
2019-10-07 12:26:29,183 [main] INFO  server.AbstractConnector (AbstractConnector.java:doStop(318)) - Stopped ServerConnector@4821aa9f{HTTP/1.1,[http/1.1]}{0.0.0.0:0}
2019-10-07 12:26:29,184 [main] INFO  handler.ContextHandler (ContextHandler.java:doStop(910)) - Stopped o.e.j.s.ServletContextHandler@372ca2d6{/static,jar:file:/home/user/.m2/repository/org/apache/hadoop/hadoop-hdds-container-service/0.5.0-SNAPSHOT/hadoop-hdds-container-service-0.5.0-SNAPSHOT.jar!/webapps/static,UNAVAILABLE}
2019-10-07 12:26:29,185 [main] INFO  handler.ContextHandler (ContextHandler.java:doStop(910)) - Stopped o.e.j.s.ServletContextHandler@2f84acf7{/logs,file:///workdir/hadoop-ozone/integration-test/target/log,UNAVAILABLE}
2019-10-07 12:26:29,197 [ForkJoinPool.commonPool-worker-1] INFO  handler.ContextHandler (ContextHandler.java:doStop(910)) - Stopped o.e.j.w.WebAppContext@50850539{/,null,UNAVAILABLE}{/hddsDatanode}
2019-10-07 12:26:29,197 [ForkJoinPool.commonPool-worker-1] INFO  server.AbstractConnector (AbstractConnector.java:doStop(318)) - Stopped ServerConnector@65e21ce3{HTTP/1.1,[http/1.1]}{0.0.0.0:0}
2019-10-07 12:26:29,198 [ForkJoinPool.commonPool-worker-1] INFO  handler.ContextHandler (ContextHandler.java:doStop(910)) - Stopped o.e.j.s.ServletContextHandler@7fdab70c{/static,jar:file:/home/user/.m2/repository/org/apache/hadoop/hadoop-hdds-container-service/0.5.0-SNAPSHOT/hadoop-hdds-container-service-0.5.0-SNAPSHOT.jar!/webapps/static,UNAVAILABLE}
2019-10-07 12:26:29,199 [ForkJoinPool.commonPool-worker-1] INFO  handler.ContextHandler (ContextHandler.java:doStop(910)) - Stopped o.e.j.s.ServletContextHandler@3c3a0032{/logs,file:///workdir/hadoop-ozone/integration-test/target/log,UNAVAILABLE}
2019-10-07 12:26:29,884 [Datanode State Machine Thread - 0] INFO  statemachine.DatanodeStateMachine (DatanodeStateMachine.java:lambda$startDaemon$0(350)) - Ozone container server started.
2019-10-07 12:26:29,884 [Datanode State Machine Thread - 0] INFO  statemachine.DatanodeStateMachine (DatanodeStateMachine.java:lambda$startDaemon$0(350)) - Ozone container server started.
2019-10-07 12:26:30,873 [grpc-default-executor-3] WARN  server.GrpcLogAppender (LogUtils.java:warn(134)) - c9767870-009c-4479-8ff8-96f0bb47e0cf@group-9D472F5A4EC1->1918313e-d2a9-4acc-93c2-47b7c5875062-AppendLogResponseHandler: Failed appendEntries: org.apache.ratis.thirdparty.io.grpc.StatusRuntimeException: UNAVAILABLE: io exception
2019-10-07 12:26:30,873 [grpc-default-executor-4] WARN  server.GrpcLogAppender (LogUtils.java:warn(134)) - c9767870-009c-4479-8ff8-96f0bb47e0cf@group-9D472F5A4EC1->f57744b5-2f7a-4ed8-9444-5c5c06f9ffa0-AppendLogResponseHandler: Failed appendEntries: org.apache.ratis.thirdparty.io.grpc.StatusRuntimeException: UNAVAILABLE: io exception
2019-10-07 12:26:30,877 [grpc-default-executor-3] INFO  impl.FollowerInfo (FollowerInfo.java:lambda$new$0(51)) - c9767870-009c-4479-8ff8-96f0bb47e0cf@group-9D472F5A4EC1->1918313e-d2a9-4acc-93c2-47b7c5875062: nextIndex: updateUnconditionally 17 -> 16
2019-10-07 12:26:30,877 [grpc-default-executor-4] INFO  impl.FollowerInfo (FollowerInfo.java:lambda$new$0(51)) - c9767870-009c-4479-8ff8-96f0bb47e0cf@group-9D472F5A4EC1->f57744b5-2f7a-4ed8-9444-5c5c06f9ffa0: nextIndex: updateUnconditionally 17 -> 16
2019-10-07 12:26:33,375 [grpc-default-executor-3] WARN  server.GrpcLogAppender (LogUtils.java:warn(134)) - c9767870-009c-4479-8ff8-96f0bb47e0cf@group-9D472F5A4EC1->f57744b5-2f7a-4ed8-9444-5c5c06f9ffa0-AppendLogResponseHandler: Failed appendEntries: org.apache.ratis.thirdparty.io.grpc.StatusRuntimeException: UNAVAILABLE: io exception
2019-10-07 12:26:33,378 [grpc-default-executor-3] INFO  impl.FollowerInfo (FollowerInfo.java:lambda$new$0(51)) - c9767870-009c-4479-8ff8-96f0bb47e0cf@group-9D472F5A4EC1->f57744b5-2f7a-4ed8-9444-5c5c06f9ffa0: nextIndex: updateUnconditionally 16 -> 15
2019-10-07 12:26:33,379 [grpc-default-executor-2] WARN  server.GrpcLogAppender (LogUtils.java:warn(134)) - c9767870-009c-4479-8ff8-96f0bb47e0cf@group-9D472F5A4EC1->1918313e-d2a9-4acc-93c2-47b7c5875062-AppendLogResponseHandler: Failed appendEntries: org.apache.ratis.thirdparty.io.grpc.StatusRuntimeException: UNAVAILABLE: io exception
2019-10-07 12:26:33,381 [grpc-default-executor-2] INFO  impl.FollowerInfo (FollowerInfo.java:lambda$new$0(51)) - c9767870-009c-4479-8ff8-96f0bb47e0cf@group-9D472F5A4EC1->1918313e-d2a9-4acc-93c2-47b7c5875062: nextIndex: updateUnconditionally 16 -> 15
2019-10-07 12:26:33,975 [EventQueue-StaleNodeForStaleNodeHandler] INFO  node.StaleNodeHandler (StaleNodeHandler.java:onMessage(58)) - Datanode 43084d02-11f8-4ae8-888c-ddbdf52c3d32{ip: 192.168.30.23, host: pr-hdds-2262-rg9fl-2107095119, networkLocation: /default-rack, certSerialId: null} moved to stale state. Finalizing its pipelines [PipelineID=afc14381-cf51-4dfb-8c19-e66473ae6cf1, PipelineID=aafa5cde-f94b-4373-ab32-e1ce79755bbb]
2019-10-07 12:26:33,976 [EventQueue-StaleNodeForStaleNodeHandler] INFO  pipeline.SCMPipelineManager (SCMPipelineManager.java:finalizeAndDestroyPipeline(315)) - destroying pipeline:Pipeline[ Id: afc14381-cf51-4dfb-8c19-e66473ae6cf1, Nodes: 43084d02-11f8-4ae8-888c-ddbdf52c3d32{ip: 192.168.30.23, host: pr-hdds-2262-rg9fl-2107095119, networkLocation: /default-rack, certSerialId: null}, Type:RATIS, Factor:ONE, State:OPEN]
2019-10-07 12:26:33,976 [EventQueue-StaleNodeForStaleNodeHandler] INFO  pipeline.PipelineStateManager (PipelineStateManager.java:finalizePipeline(123)) - Pipeline Pipeline[ Id: afc14381-cf51-4dfb-8c19-e66473ae6cf1, Nodes: 43084d02-11f8-4ae8-888c-ddbdf52c3d32{ip: 192.168.30.23, host: pr-hdds-2262-rg9fl-2107095119, networkLocation: /default-rack, certSerialId: null}, Type:RATIS, Factor:ONE, State:CLOSED] moved to CLOSED state
2019-10-07 12:26:33,976 [EventQueue-StaleNodeForStaleNodeHandler] INFO  pipeline.SCMPipelineManager (SCMPipelineManager.java:finalizeAndDestroyPipeline(315)) - destroying pipeline:Pipeline[ Id: aafa5cde-f94b-4373-ab32-e1ce79755bbb, Nodes: 2bc47f86-abcc-482d-8deb-f2ed64d4ed24{ip: 192.168.30.23, host: pr-hdds-2262-rg9fl-2107095119, networkLocation: /default-rack, certSerialId: null}43084d02-11f8-4ae8-888c-ddbdf52c3d32{ip: 192.168.30.23, host: pr-hdds-2262-rg9fl-2107095119, networkLocation: /default-rack, certSerialId: null}3a65e708-6c4f-4335-a3d7-61b0c1328875{ip: 192.168.30.23, host: pr-hdds-2262-rg9fl-2107095119, networkLocation: /default-rack, certSerialId: null}, Type:RATIS, Factor:THREE, State:OPEN]
2019-10-07 12:26:33,977 [EventQueue-StaleNodeForStaleNodeHandler] INFO  pipeline.PipelineStateManager (PipelineStateManager.java:finalizePipeline(123)) - Pipeline Pipeline[ Id: aafa5cde-f94b-4373-ab32-e1ce79755bbb, Nodes: 2bc47f86-abcc-482d-8deb-f2ed64d4ed24{ip: 192.168.30.23, host: pr-hdds-2262-rg9fl-2107095119, networkLocation: /default-rack, certSerialId: null}43084d02-11f8-4ae8-888c-ddbdf52c3d32{ip: 192.168.30.23, host: pr-hdds-2262-rg9fl-2107095119, networkLocation: /default-rack, certSerialId: null}3a65e708-6c4f-4335-a3d7-61b0c1328875{ip: 192.168.30.23, host: pr-hdds-2262-rg9fl-2107095119, networkLocation: /default-rack, certSerialId: null}, Type:RATIS, Factor:THREE, State:CLOSED] moved to CLOSED state
2019-10-07 12:26:33,977 [EventQueue-CloseContainerForCloseContainerEventHandler] INFO  container.CloseContainerEventHandler (CloseContainerEventHandler.java:onMessage(61)) - Close container Event triggered for container : #2
2019-10-07 12:26:33,980 [EventQueue-StaleNodeForStaleNodeHandler] INFO  node.StaleNodeHandler (StaleNodeHandler.java:onMessage(58)) - Datanode 3a65e708-6c4f-4335-a3d7-61b0c1328875{ip: 192.168.30.23, host: pr-hdds-2262-rg9fl-2107095119, networkLocation: /default-rack, certSerialId: null} moved to stale state. Finalizing its pipelines [PipelineID=e67a30ed-f4ad-4291-a09b-2730ba3e9a6a, PipelineID=aafa5cde-f94b-4373-ab32-e1ce79755bbb]
2019-10-07 12:26:33,982 [EventQueue-StaleNodeForStaleNodeHandler] INFO  pipeline.SCMPipelineManager (SCMPipelineManager.java:finalizeAndDestroyPipeline(315)) - destroying pipeline:Pipeline[ Id: e67a30ed-f4ad-4291-a09b-2730ba3e9a6a, Nodes: 3a65e708-6c4f-4335-a3d7-61b0c1328875{ip: 192.168.30.23, host: pr-hdds-2262-rg9fl-2107095119, networkLocation: /default-rack, certSerialId: null}, Type:RATIS, Factor:ONE, State:OPEN]
2019-10-07 12:26:33,982 [EventQueue-StaleNodeForStaleNodeHandler] INFO  pipeline.PipelineStateManager (PipelineStateManager.java:finalizePipeline(123)) - Pipeline Pipeline[ Id: e67a30ed-f4ad-4291-a09b-2730ba3e9a6a, Nodes: 3a65e708-6c4f-4335-a3d7-61b0c1328875{ip: 192.168.30.23, host: pr-hdds-2262-rg9fl-2107095119, networkLocation: /default-rack, certSerialId: null}, Type:RATIS, Factor:ONE, State:CLOSED] moved to CLOSED state
2019-10-07 12:26:33,982 [EventQueue-StaleNodeForStaleNodeHandler] INFO  pipeline.SCMPipelineManager (SCMPipelineManager.java:finalizeAndDestroyPipeline(315)) - destroying pipeline:Pipeline[ Id: aafa5cde-f94b-4373-ab32-e1ce79755bbb, Nodes: 2bc47f86-abcc-482d-8deb-f2ed64d4ed24{ip: 192.168.30.23, host: pr-hdds-2262-rg9fl-2107095119, networkLocation: /default-rack, certSerialId: null}43084d02-11f8-4ae8-888c-ddbdf52c3d32{ip: 192.168.30.23, host: pr-hdds-2262-rg9fl-2107095119, networkLocation: /default-rack, certSerialId: null}3a65e708-6c4f-4335-a3d7-61b0c1328875{ip: 192.168.30.23, host: pr-hdds-2262-rg9fl-2107095119, networkLocation: /default-rack, certSerialId: null}, Type:RATIS, Factor:THREE, State:CLOSED]
2019-10-07 12:26:34,197 [main] INFO  ozoneimpl.OzoneContainer (OzoneContainer.java:stop(231)) - Attempting to stop container services.
2019-10-07 12:26:34,198 [main] INFO  impl.RaftServerProxy (RaftServerProxy.java:lambda$close$4(314)) - 3a65e708-6c4f-4335-a3d7-61b0c1328875: close
2019-10-07 12:26:34,199 [main] INFO  impl.RaftServerImpl (RaftServerImpl.java:lambda$shutdown$3(247)) - 3a65e708-6c4f-4335-a3d7-61b0c1328875@group-2730BA3E9A6A: shutdown
2019-10-07 12:26:34,199 [main] INFO  util.JmxRegister (JmxRegister.java:unregister(73)) - Successfully un-registered JMX Bean with object name Ratis:service=RaftServer,group=group-2730BA3E9A6A,id=3a65e708-6c4f-4335-a3d7-61b0c1328875
2019-10-07 12:26:34,199 [main] INFO  impl.RoleInfo (RoleInfo.java:shutdownLeaderState(104)) - 3a65e708-6c4f-4335-a3d7-61b0c1328875: shutdown LeaderState
2019-10-07 12:26:34,200 [main] INFO  impl.PendingRequests (PendingRequests.java:sendNotLeaderResponses(202)) - 3a65e708-6c4f-4335-a3d7-61b0c1328875@group-2730BA3E9A6A-PendingRequests: sendNotLeaderResponses
2019-10-07 12:26:34,200 [main] INFO  impl.StateMachineUpdater (StateMachineUpdater.java:stopAndJoin(136)) - 3a65e708-6c4f-4335-a3d7-61b0c1328875@group-2730BA3E9A6A-StateMachineUpdater: set stopIndex = 0
2019-10-07 12:26:34,201 [main] INFO  impl.RaftServerImpl (ServerState.java:close(387)) - 3a65e708-6c4f-4335-a3d7-61b0c1328875@group-2730BA3E9A6A: closes. applyIndex: 0
2019-10-07 12:26:34,201 [ForkJoinPool.commonPool-worker-1] INFO  ozoneimpl.OzoneContainer (OzoneContainer.java:stop(231)) - Attempting to stop container services.
2019-10-07 12:26:34,204 [3a65e708-6c4f-4335-a3d7-61b0c1328875@group-2730BA3E9A6A-SegmentedRaftLogWorker] INFO  segmented.SegmentedRaftLogWorker (SegmentedRaftLogWorker.java:run(316)) - 3a65e708-6c4f-4335-a3d7-61b0c1328875@group-2730BA3E9A6A-SegmentedRaftLogWorker was interrupted, exiting. There are 0 tasks remaining in the queue.
2019-10-07 12:26:34,204 [ForkJoinPool.commonPool-worker-1] INFO  impl.RaftServerProxy (RaftServerProxy.java:lambda$close$4(314)) - 43084d02-11f8-4ae8-888c-ddbdf52c3d32: close
2019-10-07 12:26:34,206 [main] INFO  segmented.SegmentedRaftLogWorker (SegmentedRaftLogWorker.java:close(224)) - 3a65e708-6c4f-4335-a3d7-61b0c1328875@group-2730BA3E9A6A-SegmentedRaftLogWorker close()
2019-10-07 12:26:34,206 [ForkJoinPool.commonPool-worker-1] INFO  impl.RaftServerImpl (RaftServerImpl.java:lambda$shutdown$3(247)) - 43084d02-11f8-4ae8-888c-ddbdf52c3d32@group-E66473AE6CF1: shutdown
2019-10-07 12:26:34,209 [main] INFO  impl.RaftServerImpl (RaftServerImpl.java:lambda$shutdown$3(247)) - 3a65e708-6c4f-4335-a3d7-61b0c1328875@group-E1CE79755BBB: shutdown
2019-10-07 12:26:34,209 [ForkJoinPool.commonPool-worker-1] INFO  util.JmxRegister (JmxRegister.java:unregister(73)) - Successfully un-registered JMX Bean with object name Ratis:service=RaftServer,group=group-E66473AE6CF1,id=43084d02-11f8-4ae8-888c-ddbdf52c3d32
2019-10-07 12:26:34,210 [main] INFO  util.JmxRegister (JmxRegister.java:unregister(73)) - Successfully un-registered JMX Bean with object name Ratis:service=RaftServer,group=group-E1CE79755BBB,id=3a65e708-6c4f-4335-a3d7-61b0c1328875
2019-10-07 12:26:34,210 [ForkJoinPool.commonPool-worker-1] INFO  impl.RoleInfo (RoleInfo.java:shutdownLeaderState(104)) - 43084d02-11f8-4ae8-888c-ddbdf52c3d32: shutdown LeaderState
2019-10-07 12:26:34,210 [main] INFO  impl.RoleInfo (RoleInfo.java:shutdownLeaderState(104)) - 3a65e708-6c4f-4335-a3d7-61b0c1328875: shutdown LeaderState
2019-10-07 12:26:34,210 [ForkJoinPool.commonPool-worker-1] INFO  impl.PendingRequests (PendingRequests.java:sendNotLeaderResponses(202)) - 43084d02-11f8-4ae8-888c-ddbdf52c3d32@group-E66473AE6CF1-PendingRequests: sendNotLeaderResponses
2019-10-07 12:26:34,214 [main] INFO  impl.PendingRequests (PendingRequests.java:sendNotLeaderResponses(202)) - 3a65e708-6c4f-4335-a3d7-61b0c1328875@group-E1CE79755BBB-PendingRequests: sendNotLeaderResponses
2019-10-07 12:26:34,214 [org.apache.ratis.server.impl.LogAppender$AppenderDaemon$$Lambda$553/1292335600@6799fd54] WARN  server.GrpcLogAppender (GrpcLogAppender.java:mayWait(143)) - 3a65e708-6c4f-4335-a3d7-61b0c1328875@group-E1CE79755BBB->43084d02-11f8-4ae8-888c-ddbdf52c3d32-GrpcLogAppender: Wait interrupted by java.lang.InterruptedException
2019-10-07 12:26:34,214 [org.apache.ratis.server.impl.LogAppender$AppenderDaemon$$Lambda$553/1292335600@7b2f33f8] WARN  server.GrpcLogAppender (GrpcLogAppender.java:mayWait(143)) - 3a65e708-6c4f-4335-a3d7-61b0c1328875@group-E1CE79755BBB->2bc47f86-abcc-482d-8deb-f2ed64d4ed24-GrpcLogAppender: Wait interrupted by java.lang.InterruptedException
2019-10-07 12:26:34,214 [ForkJoinPool.commonPool-worker-1] INFO  impl.StateMachineUpdater (StateMachineUpdater.java:stopAndJoin(136)) - 43084d02-11f8-4ae8-888c-ddbdf52c3d32@group-E66473AE6CF1-StateMachineUpdater: set stopIndex = 0
2019-10-07 12:26:34,216 [main] INFO  impl.StateMachineUpdater (StateMachineUpdater.java:stopAndJoin(136)) - 3a65e708-6c4f-4335-a3d7-61b0c1328875@group-E1CE79755BBB-StateMachineUpdater: set stopIndex = 4
2019-10-07 12:26:34,216 [3a65e708-6c4f-4335-a3d7-61b0c1328875@group-E1CE79755BBB-StateMachineUpdater] INFO  ratis.ContainerStateMachine (ContainerStateMachine.java:takeSnapshot(294)) - group-E1CE79755BBB: Taking a snapshot at:(t:1, i:4) file /workdir/hadoop-ozone/integration-test/target/test-dir/MiniOzoneClusterImpl-778dd385-233b-4e0e-8595-44f312773a1c/datanode-3/data/ratis/aafa5cde-f94b-4373-ab32-e1ce79755bbb/sm/snapshot.1_4
2019-10-07 12:26:34,216 [ForkJoinPool.commonPool-worker-1] INFO  impl.RaftServerImpl (ServerState.java:close(387)) - 43084d02-11f8-4ae8-888c-ddbdf52c3d32@group-E66473AE6CF1: closes. applyIndex: 0
2019-10-07 12:26:34,225 [43084d02-11f8-4ae8-888c-ddbdf52c3d32@group-E66473AE6CF1-SegmentedRaftLogWorker] INFO  segmented.SegmentedRaftLogWorker (SegmentedRaftLogWorker.java:run(316)) - 43084d02-11f8-4ae8-888c-ddbdf52c3d32@group-E66473AE6CF1-SegmentedRaftLogWorker was interrupted, exiting. There are 0 tasks remaining in the queue.
2019-10-07 12:26:34,227 [grpc-default-executor-3] INFO  server.GrpcServerProtocolService (GrpcServerProtocolService.java:onCompleted(113)) - 43084d02-11f8-4ae8-888c-ddbdf52c3d32: Completed APPEND_ENTRIES, lastRequest: 3a65e708-6c4f-4335-a3d7-61b0c1328875->43084d02-11f8-4ae8-888c-ddbdf52c3d32#12-t1, previous=(t:1, i:4), leaderCommit=4, initializing? false, entries: <empty>
2019-10-07 12:26:34,227 [grpc-default-executor-2] INFO  server.GrpcServerProtocolService (GrpcServerProtocolService.java:onCompleted(113)) - 2bc47f86-abcc-482d-8deb-f2ed64d4ed24: Completed APPEND_ENTRIES, lastRequest: 3a65e708-6c4f-4335-a3d7-61b0c1328875->2bc47f86-abcc-482d-8deb-f2ed64d4ed24#12-t1, previous=(t:1, i:4), leaderCommit=4, initializing? false, entries: <empty>
2019-10-07 12:26:34,227 [ForkJoinPool.commonPool-worker-1] INFO  segmented.SegmentedRaftLogWorker (SegmentedRaftLogWorker.java:close(224)) - 43084d02-11f8-4ae8-888c-ddbdf52c3d32@group-E66473AE6CF1-SegmentedRaftLogWorker close()
2019-10-07 12:26:34,235 [ForkJoinPool.commonPool-worker-1] INFO  impl.RaftServerImpl (RaftServerImpl.java:lambda$shutdown$3(247)) - 43084d02-11f8-4ae8-888c-ddbdf52c3d32@group-E1CE79755BBB: shutdown
2019-10-07 12:26:34,235 [grpc-default-executor-2] INFO  server.GrpcLogAppender (GrpcLogAppender.java:onCompleted(293)) - 3a65e708-6c4f-4335-a3d7-61b0c1328875@group-E1CE79755BBB->43084d02-11f8-4ae8-888c-ddbdf52c3d32-AppendLogResponseHandler: follower responses appendEntries COMPLETED
2019-10-07 12:26:34,235 [grpc-default-executor-3] INFO  server.GrpcLogAppender (GrpcLogAppender.java:onCompleted(293)) - 3a65e708-6c4f-4335-a3d7-61b0c1328875@group-E1CE79755BBB->2bc47f86-abcc-482d-8deb-f2ed64d4ed24-AppendLogResponseHandler: follower responses appendEntries COMPLETED
2019-10-07 12:26:34,235 [ForkJoinPool.commonPool-worker-1] INFO  util.JmxRegister (JmxRegister.java:unregister(73)) - Successfully un-registered JMX Bean with object name Ratis:service=RaftServer,group=group-E1CE79755BBB,id=43084d02-11f8-4ae8-888c-ddbdf52c3d32
2019-10-07 12:26:34,236 [ForkJoinPool.commonPool-worker-1] INFO  impl.RoleInfo (RoleInfo.java:shutdownFollowerState(121)) - 43084d02-11f8-4ae8-888c-ddbdf52c3d32: shutdown FollowerState
2019-10-07 12:26:34,236 [grpc-default-executor-2] INFO  impl.FollowerInfo (FollowerInfo.java:lambda$new$0(51)) - 3a65e708-6c4f-4335-a3d7-61b0c1328875@group-E1CE79755BBB->43084d02-11f8-4ae8-888c-ddbdf52c3d32: nextIndex: updateUnconditionally 5 -> 4
2019-10-07 12:26:34,236 [43084d02-11f8-4ae8-888c-ddbdf52c3d32@group-E1CE79755BBB-StateMachineUpdater] INFO  ratis.ContainerStateMachine (ContainerStateMachine.java:takeSnapshot(294)) - group-E1CE79755BBB: Taking a snapshot at:(t:1, i:3) file /workdir/hadoop-ozone/integration-test/target/test-dir/MiniOzoneClusterImpl-778dd385-233b-4e0e-8595-44f312773a1c/datanode-2/data/ratis/aafa5cde-f94b-4373-ab32-e1ce79755bbb/sm/snapshot.1_3
2019-10-07 12:26:34,236 [Thread-320] INFO  impl.FollowerState (FollowerState.java:run(117)) - 43084d02-11f8-4ae8-888c-ddbdf52c3d32@group-E1CE79755BBB-FollowerState was interrupted: java.lang.InterruptedException: sleep interrupted
2019-10-07 12:26:34,236 [ForkJoinPool.commonPool-worker-1] INFO  impl.StateMachineUpdater (StateMachineUpdater.java:stopAndJoin(136)) - 43084d02-11f8-4ae8-888c-ddbdf52c3d32@group-E1CE79755BBB-StateMachineUpdater: set stopIndex = 4
2019-10-07 12:26:34,236 [grpc-default-executor-3] INFO  impl.FollowerInfo (FollowerInfo.java:lambda$new$0(51)) - 3a65e708-6c4f-4335-a3d7-61b0c1328875@group-E1CE79755BBB->2bc47f86-abcc-482d-8deb-f2ed64d4ed24: nextIndex: updateUnconditionally 5 -> 4
2019-10-07 12:26:34,252 [3a65e708-6c4f-4335-a3d7-61b0c1328875@group-E1CE79755BBB-StateMachineUpdater] INFO  ratis.ContainerStateMachine (ContainerStateMachine.java:takeSnapshot(305)) - group-E1CE79755BBB: Finished taking a snapshot at:(t:1, i:4) file:/workdir/hadoop-ozone/integration-test/target/test-dir/MiniOzoneClusterImpl-778dd385-233b-4e0e-8595-44f312773a1c/datanode-3/data/ratis/aafa5cde-f94b-4373-ab32-e1ce79755bbb/sm/snapshot.1_4 time:36
2019-10-07 12:26:34,253 [3a65e708-6c4f-4335-a3d7-61b0c1328875@group-E1CE79755BBB-StateMachineUpdater] INFO  impl.StateMachineUpdater (StateMachineUpdater.java:takeSnapshot(269)) - 3a65e708-6c4f-4335-a3d7-61b0c1328875@group-E1CE79755BBB-StateMachineUpdater: Took a snapshot at index 4
2019-10-07 12:26:34,253 [3a65e708-6c4f-4335-a3d7-61b0c1328875@group-E1CE79755BBB-StateMachineUpdater] INFO  impl.StateMachineUpdater (StateMachineUpdater.java:lambda$new$0(84)) - 3a65e708-6c4f-4335-a3d7-61b0c1328875@group-E1CE79755BBB-StateMachineUpdater: snapshotIndex: updateIncreasingly -1 -> 4
2019-10-07 12:26:34,254 [43084d02-11f8-4ae8-888c-ddbdf52c3d32@group-E1CE79755BBB-StateMachineUpdater] INFO  ratis.ContainerStateMachine (ContainerStateMachine.java:takeSnapshot(305)) - group-E1CE79755BBB: Finished taking a snapshot at:(t:1, i:3) file:/workdir/hadoop-ozone/integration-test/target/test-dir/MiniOzoneClusterImpl-778dd385-233b-4e0e-8595-44f312773a1c/datanode-2/data/ratis/aafa5cde-f94b-4373-ab32-e1ce79755bbb/sm/snapshot.1_3 time:18
2019-10-07 12:26:34,254 [main] INFO  impl.RaftServerImpl (ServerState.java:close(387)) - 3a65e708-6c4f-4335-a3d7-61b0c1328875@group-E1CE79755BBB: closes. applyIndex: 4
2019-10-07 12:26:34,254 [43084d02-11f8-4ae8-888c-ddbdf52c3d32@group-E1CE79755BBB-StateMachineUpdater] INFO  impl.StateMachineUpdater (StateMachineUpdater.java:takeSnapshot(269)) - 43084d02-11f8-4ae8-888c-ddbdf52c3d32@group-E1CE79755BBB-StateMachineUpdater: Took a snapshot at index 3
2019-10-07 12:26:34,254 [43084d02-11f8-4ae8-888c-ddbdf52c3d32@group-E1CE79755BBB-StateMachineUpdater] INFO  impl.StateMachineUpdater (StateMachineUpdater.java:lambda$new$0(84)) - 43084d02-11f8-4ae8-888c-ddbdf52c3d32@group-E1CE79755BBB-StateMachineUpdater: snapshotIndex: updateIncreasingly -1 -> 3
2019-10-07 12:26:34,254 [3a65e708-6c4f-4335-a3d7-61b0c1328875@group-E1CE79755BBB-SegmentedRaftLogWorker] INFO  segmented.SegmentedRaftLogWorker (SegmentedRaftLogWorker.java:run(316)) - 3a65e708-6c4f-4335-a3d7-61b0c1328875@group-E1CE79755BBB-SegmentedRaftLogWorker was interrupted, exiting. There are 0 tasks remaining in the queue.
2019-10-07 12:26:34,254 [43084d02-11f8-4ae8-888c-ddbdf52c3d32@group-E1CE79755BBB-StateMachineUpdater] INFO  ratis.ContainerStateMachine (ContainerStateMachine.java:takeSnapshot(294)) - group-E1CE79755BBB: Taking a snapshot at:(t:1, i:3) file /workdir/hadoop-ozone/integration-test/target/test-dir/MiniOzoneClusterImpl-778dd385-233b-4e0e-8595-44f312773a1c/datanode-2/data/ratis/aafa5cde-f94b-4373-ab32-e1ce79755bbb/sm/snapshot.1_3
2019-10-07 12:26:34,256 [main] INFO  segmented.SegmentedRaftLogWorker (SegmentedRaftLogWorker.java:close(224)) - 3a65e708-6c4f-4335-a3d7-61b0c1328875@group-E1CE79755BBB-SegmentedRaftLogWorker close()
2019-10-07 12:26:34,259 [main] INFO  server.GrpcService (GrpcService.java:closeImpl(164)) - 3a65e708-6c4f-4335-a3d7-61b0c1328875: shutdown server with port 37427 now
2019-10-07 12:26:34,259 [main] INFO  server.GrpcService (GrpcService.java:closeImpl(172)) - 3a65e708-6c4f-4335-a3d7-61b0c1328875: shutdown server with port 37427 successfully
2019-10-07 12:26:34,265 [refreshUsed-/workdir/hadoop-ozone/integration-test/target/test-dir/MiniOzoneClusterImpl-778dd385-233b-4e0e-8595-44f312773a1c/datanode-3/data/containers] WARN  fs.CachingGetSpaceUsed (CachingGetSpaceUsed.java:run(183)) - Thread Interrupted waiting to refresh disk information: sleep interrupted
2019-10-07 12:26:34,268 [43084d02-11f8-4ae8-888c-ddbdf52c3d32@group-E1CE79755BBB-StateMachineUpdater] INFO  ratis.ContainerStateMachine (ContainerStateMachine.java:takeSnapshot(305)) - group-E1CE79755BBB: Finished taking a snapshot at:(t:1, i:3) file:/workdir/hadoop-ozone/integration-test/target/test-dir/MiniOzoneClusterImpl-778dd385-233b-4e0e-8595-44f312773a1c/datanode-2/data/ratis/aafa5cde-f94b-4373-ab32-e1ce79755bbb/sm/snapshot.1_3 time:14
2019-10-07 12:26:34,269 [43084d02-11f8-4ae8-888c-ddbdf52c3d32@group-E1CE79755BBB-StateMachineUpdater] INFO  impl.StateMachineUpdater (StateMachineUpdater.java:takeSnapshot(269)) - 43084d02-11f8-4ae8-888c-ddbdf52c3d32@group-E1CE79755BBB-StateMachineUpdater: Took a snapshot at index 3
2019-10-07 12:26:34,269 [43084d02-11f8-4ae8-888c-ddbdf52c3d32@group-E1CE79755BBB-StateMachineUpdater] INFO  impl.StateMachineUpdater (StateMachineUpdater.java:lambda$new$0(84)) - 43084d02-11f8-4ae8-888c-ddbdf52c3d32@group-E1CE79755BBB-StateMachineUpdater: snapshotIndex: updateIncreasingly 3 -> 3
2019-10-07 12:26:34,269 [ForkJoinPool.commonPool-worker-1] INFO  impl.RaftServerImpl (ServerState.java:close(387)) - 43084d02-11f8-4ae8-888c-ddbdf52c3d32@group-E1CE79755BBB: closes. applyIndex: 4
2019-10-07 12:26:34,270 [43084d02-11f8-4ae8-888c-ddbdf52c3d32@group-E1CE79755BBB-SegmentedRaftLogWorker] INFO  segmented.SegmentedRaftLogWorker (SegmentedRaftLogWorker.java:run(316)) - 43084d02-11f8-4ae8-888c-ddbdf52c3d32@group-E1CE79755BBB-SegmentedRaftLogWorker was interrupted, exiting. There are 0 tasks remaining in the queue.
2019-10-07 12:26:34,271 [ForkJoinPool.commonPool-worker-1] INFO  segmented.SegmentedRaftLogWorker (SegmentedRaftLogWorker.java:close(224)) - 43084d02-11f8-4ae8-888c-ddbdf52c3d32@group-E1CE79755BBB-SegmentedRaftLogWorker close()
2019-10-07 12:26:34,273 [ForkJoinPool.commonPool-worker-1] INFO  server.GrpcService (GrpcService.java:closeImpl(164)) - 43084d02-11f8-4ae8-888c-ddbdf52c3d32: shutdown server with port 43114 now
2019-10-07 12:26:34,273 [ForkJoinPool.commonPool-worker-1] INFO  server.GrpcService (GrpcService.java:closeImpl(172)) - 43084d02-11f8-4ae8-888c-ddbdf52c3d32: shutdown server with port 43114 successfully
2019-10-07 12:26:34,274 [refreshUsed-/workdir/hadoop-ozone/integration-test/target/test-dir/MiniOzoneClusterImpl-778dd385-233b-4e0e-8595-44f312773a1c/datanode-2/data/containers] WARN  fs.CachingGetSpaceUsed (CachingGetSpaceUsed.java:run(183)) - Thread Interrupted waiting to refresh disk information: sleep interrupted
2019-10-07 12:26:34,287 [main] INFO  utils.BackgroundService (BackgroundService.java:shutdown(148)) - Shutting down service BlockDeletingService
2019-10-07 12:26:34,289 [main] INFO  statemachine.DatanodeStateMachine (DatanodeStateMachine.java:stopDaemon(395)) - Ozone container server stopped.
2019-10-07 12:26:34,290 [main] INFO  handler.ContextHandler (ContextHandler.java:doStop(910)) - Stopped o.e.j.w.WebAppContext@39a87e72{/,null,UNAVAILABLE}{/hddsDatanode}
2019-10-07 12:26:34,291 [main] INFO  server.AbstractConnector (AbstractConnector.java:doStop(318)) - Stopped ServerConnector@5d2828c9{HTTP/1.1,[http/1.1]}{0.0.0.0:0}
2019-10-07 12:26:34,291 [main] INFO  handler.ContextHandler (ContextHandler.java:doStop(910)) - Stopped o.e.j.s.ServletContextHandler@698fee9a{/static,jar:file:/home/user/.m2/repository/org/apache/hadoop/hadoop-hdds-container-service/0.5.0-SNAPSHOT/hadoop-hdds-container-service-0.5.0-SNAPSHOT.jar!/webapps/static,UNAVAILABLE}
2019-10-07 12:26:34,291 [main] INFO  handler.ContextHandler (ContextHandler.java:doStop(910)) - Stopped o.e.j.s.ServletContextHandler@6caf7803{/logs,file:///workdir/hadoop-ozone/integration-test/target/log,UNAVAILABLE}
2019-10-07 12:26:34,295 [ForkJoinPool.commonPool-worker-1] INFO  utils.BackgroundService (BackgroundService.java:shutdown(148)) - Shutting down service BlockDeletingService
2019-10-07 12:26:34,297 [ForkJoinPool.commonPool-worker-1] INFO  statemachine.DatanodeStateMachine (DatanodeStateMachine.java:stopDaemon(395)) - Ozone container server stopped.
2019-10-07 12:26:34,300 [ForkJoinPool.commonPool-worker-1] INFO  handler.ContextHandler (ContextHandler.java:doStop(910)) - Stopped o.e.j.w.WebAppContext@5484117b{/,null,UNAVAILABLE}{/hddsDatanode}
2019-10-07 12:26:34,301 [ForkJoinPool.commonPool-worker-1] INFO  server.AbstractConnector (AbstractConnector.java:doStop(318)) - Stopped ServerConnector@37df14d1{HTTP/1.1,[http/1.1]}{0.0.0.0:0}
2019-10-07 12:26:34,302 [ForkJoinPool.commonPool-worker-1] INFO  handler.ContextHandler (ContextHandler.java:doStop(910)) - Stopped o.e.j.s.ServletContextHandler@328d044f{/static,jar:file:/home/user/.m2/repository/org/apache/hadoop/hadoop-hdds-container-service/0.5.0-SNAPSHOT/hadoop-hdds-container-service-0.5.0-SNAPSHOT.jar!/webapps/static,UNAVAILABLE}
2019-10-07 12:26:34,303 [ForkJoinPool.commonPool-worker-1] INFO  handler.ContextHandler (ContextHandler.java:doStop(910)) - Stopped o.e.j.s.ServletContextHandler@56da7487{/logs,file:///workdir/hadoop-ozone/integration-test/target/log,UNAVAILABLE}
2019-10-07 12:26:34,859 [Datanode State Machine Thread - 0] INFO  statemachine.DatanodeStateMachine (DatanodeStateMachine.java:lambda$startDaemon$0(350)) - Ozone container server started.
2019-10-07 12:26:34,885 [Datanode State Machine Thread - 0] INFO  statemachine.DatanodeStateMachine (DatanodeStateMachine.java:lambda$startDaemon$0(350)) - Ozone container server started.
2019-10-07 12:26:35,872 [grpc-default-executor-4] WARN  server.GrpcLogAppender (LogUtils.java:warn(134)) - c9767870-009c-4479-8ff8-96f0bb47e0cf@group-9D472F5A4EC1->f57744b5-2f7a-4ed8-9444-5c5c06f9ffa0-AppendLogResponseHandler: Failed appendEntries: org.apache.ratis.thirdparty.io.grpc.StatusRuntimeException: UNAVAILABLE: io exception
2019-10-07 12:26:35,872 [grpc-default-executor-3] WARN  server.GrpcLogAppender (LogUtils.java:warn(134)) - c9767870-009c-4479-8ff8-96f0bb47e0cf@group-9D472F5A4EC1->1918313e-d2a9-4acc-93c2-47b7c5875062-AppendLogResponseHandler: Failed appendEntries: org.apache.ratis.thirdparty.io.grpc.StatusRuntimeException: UNAVAILABLE: io exception
2019-10-07 12:26:35,874 [grpc-default-executor-4] INFO  impl.FollowerInfo (FollowerInfo.java:lambda$new$0(51)) - c9767870-009c-4479-8ff8-96f0bb47e0cf@group-9D472F5A4EC1->f57744b5-2f7a-4ed8-9444-5c5c06f9ffa0: nextIndex: updateUnconditionally 15 -> 14
2019-10-07 12:26:35,875 [grpc-default-executor-3] INFO  impl.FollowerInfo (FollowerInfo.java:lambda$new$0(51)) - c9767870-009c-4479-8ff8-96f0bb47e0cf@group-9D472F5A4EC1->1918313e-d2a9-4acc-93c2-47b7c5875062: nextIndex: updateUnconditionally 15 -> 14
2019-10-07 12:26:38,381 [grpc-default-executor-2] WARN  server.GrpcLogAppender (LogUtils.java:warn(134)) - c9767870-009c-4479-8ff8-96f0bb47e0cf@group-9D472F5A4EC1->1918313e-d2a9-4acc-93c2-47b7c5875062-AppendLogResponseHandler: Failed appendEntries: org.apache.ratis.thirdparty.io.grpc.StatusRuntimeException: UNAVAILABLE: io exception
2019-10-07 12:26:38,381 [grpc-default-executor-3] WARN  server.GrpcLogAppender (LogUtils.java:warn(134)) - c9767870-009c-4479-8ff8-96f0bb47e0cf@group-9D472F5A4EC1->f57744b5-2f7a-4ed8-9444-5c5c06f9ffa0-AppendLogResponseHandler: Failed appendEntries: org.apache.ratis.thirdparty.io.grpc.StatusRuntimeException: UNAVAILABLE: io exception
2019-10-07 12:26:38,390 [grpc-default-executor-2] INFO  impl.FollowerInfo (FollowerInfo.java:lambda$new$0(51)) - c9767870-009c-4479-8ff8-96f0bb47e0cf@group-9D472F5A4EC1->1918313e-d2a9-4acc-93c2-47b7c5875062: nextIndex: updateUnconditionally 14 -> 13
2019-10-07 12:26:38,390 [grpc-default-executor-3] INFO  impl.FollowerInfo (FollowerInfo.java:lambda$new$0(51)) - c9767870-009c-4479-8ff8-96f0bb47e0cf@group-9D472F5A4EC1->f57744b5-2f7a-4ed8-9444-5c5c06f9ffa0: nextIndex: updateUnconditionally 14 -> 13
2019-10-07 12:26:38,890 [EventQueue-StaleNodeForStaleNodeHandler] INFO  node.StaleNodeHandler (StaleNodeHandler.java:onMessage(58)) - Datanode c9767870-009c-4479-8ff8-96f0bb47e0cf{ip: 192.168.30.23, host: pr-hdds-2262-rg9fl-2107095119, networkLocation: /default-rack, certSerialId: null} moved to stale state. Finalizing its pipelines [PipelineID=1967298c-10cf-4e6d-be94-18d0147af237, PipelineID=df4b5256-a9cb-4cc6-889f-9d472f5a4ec1]
2019-10-07 12:26:38,891 [EventQueue-StaleNodeForStaleNodeHandler] INFO  pipeline.SCMPipelineManager (SCMPipelineManager.java:finalizeAndDestroyPipeline(315)) - destroying pipeline:Pipeline[ Id: 1967298c-10cf-4e6d-be94-18d0147af237, Nodes: c9767870-009c-4479-8ff8-96f0bb47e0cf{ip: 192.168.30.23, host: pr-hdds-2262-rg9fl-2107095119, networkLocation: /default-rack, certSerialId: null}, Type:RATIS, Factor:ONE, State:OPEN]
2019-10-07 12:26:38,891 [EventQueue-StaleNodeForStaleNodeHandler] INFO  pipeline.PipelineStateManager (PipelineStateManager.java:finalizePipeline(123)) - Pipeline Pipeline[ Id: 1967298c-10cf-4e6d-be94-18d0147af237, Nodes: c9767870-009c-4479-8ff8-96f0bb47e0cf{ip: 192.168.30.23, host: pr-hdds-2262-rg9fl-2107095119, networkLocation: /default-rack, certSerialId: null}, Type:RATIS, Factor:ONE, State:CLOSED] moved to CLOSED state
2019-10-07 12:26:38,892 [EventQueue-StaleNodeForStaleNodeHandler] INFO  pipeline.SCMPipelineManager (SCMPipelineManager.java:finalizeAndDestroyPipeline(315)) - destroying pipeline:Pipeline[ Id: df4b5256-a9cb-4cc6-889f-9d472f5a4ec1, Nodes: f57744b5-2f7a-4ed8-9444-5c5c06f9ffa0{ip: 192.168.30.23, host: pr-hdds-2262-rg9fl-2107095119, networkLocation: /default-rack, certSerialId: null}1918313e-d2a9-4acc-93c2-47b7c5875062{ip: 192.168.30.23, host: pr-hdds-2262-rg9fl-2107095119, networkLocation: /default-rack, certSerialId: null}c9767870-009c-4479-8ff8-96f0bb47e0cf{ip: 192.168.30.23, host: pr-hdds-2262-rg9fl-2107095119, networkLocation: /default-rack, certSerialId: null}, Type:RATIS, Factor:THREE, State:CLOSED]
2019-10-07 12:26:38,892 [EventQueue-StaleNodeForStaleNodeHandler] INFO  node.StaleNodeHandler (StaleNodeHandler.java:onMessage(58)) - Datanode 2bc47f86-abcc-482d-8deb-f2ed64d4ed24{ip: 192.168.30.23, host: pr-hdds-2262-rg9fl-2107095119, networkLocation: /default-rack, certSerialId: null} moved to stale state. Finalizing its pipelines [PipelineID=6767258a-a6cb-42d3-b008-a775f8fcee76, PipelineID=aafa5cde-f94b-4373-ab32-e1ce79755bbb]
2019-10-07 12:26:38,892 [EventQueue-StaleNodeForStaleNodeHandler] INFO  pipeline.SCMPipelineManager (SCMPipelineManager.java:finalizeAndDestroyPipeline(315)) - destroying pipeline:Pipeline[ Id: 6767258a-a6cb-42d3-b008-a775f8fcee76, Nodes: 2bc47f86-abcc-482d-8deb-f2ed64d4ed24{ip: 192.168.30.23, host: pr-hdds-2262-rg9fl-2107095119, networkLocation: /default-rack, certSerialId: null}, Type:RATIS, Factor:ONE, State:OPEN]
2019-10-07 12:26:38,892 [EventQueue-StaleNodeForStaleNodeHandler] INFO  pipeline.PipelineStateManager (PipelineStateManager.java:finalizePipeline(123)) - Pipeline Pipeline[ Id: 6767258a-a6cb-42d3-b008-a775f8fcee76, Nodes: 2bc47f86-abcc-482d-8deb-f2ed64d4ed24{ip: 192.168.30.23, host: pr-hdds-2262-rg9fl-2107095119, networkLocation: /default-rack, certSerialId: null}, Type:RATIS, Factor:ONE, State:CLOSED] moved to CLOSED state
2019-10-07 12:26:38,892 [EventQueue-StaleNodeForStaleNodeHandler] INFO  pipeline.SCMPipelineManager (SCMPipelineManager.java:finalizeAndDestroyPipeline(315)) - destroying pipeline:Pipeline[ Id: aafa5cde-f94b-4373-ab32-e1ce79755bbb, Nodes: 2bc47f86-abcc-482d-8deb-f2ed64d4ed24{ip: 192.168.30.23, host: pr-hdds-2262-rg9fl-2107095119, networkLocation: /default-rack, certSerialId: null}43084d02-11f8-4ae8-888c-ddbdf52c3d32{ip: 192.168.30.23, host: pr-hdds-2262-rg9fl-2107095119, networkLocation: /default-rack, certSerialId: null}3a65e708-6c4f-4335-a3d7-61b0c1328875{ip: 192.168.30.23, host: pr-hdds-2262-rg9fl-2107095119, networkLocation: /default-rack, certSerialId: null}, Type:RATIS, Factor:THREE, State:CLOSED]
2019-10-07 12:26:39,294 [main] INFO  ozoneimpl.OzoneContainer (OzoneContainer.java:stop(231)) - Attempting to stop container services.
2019-10-07 12:26:39,296 [Command processor thread] ERROR commandhandler.CloseContainerCommandHandler (CloseContainerCommandHandler.java:handle(125)) - Can't close container #1
java.io.IOException
	at org.apache.hadoop.ozone.container.common.transport.server.ratis.XceiverServerRatis.submitRequest(XceiverServerRatis.java:509)
	at org.apache.hadoop.ozone.container.common.statemachine.commandhandler.CloseContainerCommandHandler.handle(CloseContainerCommandHandler.java:102)
	at org.apache.hadoop.ozone.container.common.statemachine.commandhandler.CommandDispatcher.handle(CommandDispatcher.java:99)
	at org.apache.hadoop.ozone.container.common.statemachine.DatanodeStateMachine.lambda$initCommandHandlerThread$1(DatanodeStateMachine.java:432)
	at java.lang.Thread.run(Thread.java:748)
Caused by: java.lang.InterruptedException
	at java.util.concurrent.CompletableFuture.reportGet(CompletableFuture.java:347)
	at java.util.concurrent.CompletableFuture.get(CompletableFuture.java:1895)
	at org.apache.hadoop.ozone.container.common.transport.server.ratis.XceiverServerRatis.submitRequest(XceiverServerRatis.java:507)
	... 4 more
2019-10-07 12:26:39,298 [main] INFO  impl.RaftServerProxy (RaftServerProxy.java:lambda$close$4(314)) - c9767870-009c-4479-8ff8-96f0bb47e0cf: close
2019-10-07 12:26:39,299 [main] INFO  impl.RaftServerImpl (RaftServerImpl.java:lambda$shutdown$3(247)) - c9767870-009c-4479-8ff8-96f0bb47e0cf@group-18D0147AF237: shutdown
2019-10-07 12:26:39,299 [main] INFO  util.JmxRegister (JmxRegister.java:unregister(73)) - Successfully un-registered JMX Bean with object name Ratis:service=RaftServer,group=group-18D0147AF237,id=c9767870-009c-4479-8ff8-96f0bb47e0cf
2019-10-07 12:26:39,299 [main] INFO  impl.RoleInfo (RoleInfo.java:shutdownLeaderState(104)) - c9767870-009c-4479-8ff8-96f0bb47e0cf: shutdown LeaderState
2019-10-07 12:26:39,300 [main] INFO  impl.PendingRequests (PendingRequests.java:sendNotLeaderResponses(202)) - c9767870-009c-4479-8ff8-96f0bb47e0cf@group-18D0147AF237-PendingRequests: sendNotLeaderResponses
2019-10-07 12:26:39,301 [main] INFO  impl.StateMachineUpdater (StateMachineUpdater.java:stopAndJoin(136)) - c9767870-009c-4479-8ff8-96f0bb47e0cf@group-18D0147AF237-StateMachineUpdater: set stopIndex = 0
2019-10-07 12:26:39,301 [main] INFO  impl.RaftServerImpl (ServerState.java:close(387)) - c9767870-009c-4479-8ff8-96f0bb47e0cf@group-18D0147AF237: closes. applyIndex: 0
2019-10-07 12:26:39,302 [c9767870-009c-4479-8ff8-96f0bb47e0cf@group-18D0147AF237-SegmentedRaftLogWorker] INFO  segmented.SegmentedRaftLogWorker (SegmentedRaftLogWorker.java:run(316)) - c9767870-009c-4479-8ff8-96f0bb47e0cf@group-18D0147AF237-SegmentedRaftLogWorker was interrupted, exiting. There are 0 tasks remaining in the queue.
2019-10-07 12:26:39,304 [main] INFO  segmented.SegmentedRaftLogWorker (SegmentedRaftLogWorker.java:close(224)) - c9767870-009c-4479-8ff8-96f0bb47e0cf@group-18D0147AF237-SegmentedRaftLogWorker close()
2019-10-07 12:26:39,306 [main] INFO  impl.RaftServerImpl (RaftServerImpl.java:lambda$shutdown$3(247)) - c9767870-009c-4479-8ff8-96f0bb47e0cf@group-9D472F5A4EC1: shutdown
2019-10-07 12:26:39,306 [ForkJoinPool.commonPool-worker-1] INFO  ozoneimpl.OzoneContainer (OzoneContainer.java:stop(231)) - Attempting to stop container services.
2019-10-07 12:26:39,307 [main] INFO  util.JmxRegister (JmxRegister.java:unregister(73)) - Successfully un-registered JMX Bean with object name Ratis:service=RaftServer,group=group-9D472F5A4EC1,id=c9767870-009c-4479-8ff8-96f0bb47e0cf
2019-10-07 12:26:39,307 [ForkJoinPool.commonPool-worker-1] INFO  impl.RaftServerProxy (RaftServerProxy.java:lambda$close$4(314)) - 2bc47f86-abcc-482d-8deb-f2ed64d4ed24: close
2019-10-07 12:26:39,307 [main] INFO  impl.RoleInfo (RoleInfo.java:shutdownLeaderState(104)) - c9767870-009c-4479-8ff8-96f0bb47e0cf: shutdown LeaderState
2019-10-07 12:26:39,307 [ForkJoinPool.commonPool-worker-1] INFO  impl.RaftServerImpl (RaftServerImpl.java:lambda$shutdown$3(247)) - 2bc47f86-abcc-482d-8deb-f2ed64d4ed24@group-A775F8FCEE76: shutdown
2019-10-07 12:26:39,310 [org.apache.ratis.server.impl.LogAppender$AppenderDaemon$$Lambda$553/1292335600@65616a9a] WARN  server.GrpcLogAppender (GrpcLogAppender.java:mayWait(143)) - c9767870-009c-4479-8ff8-96f0bb47e0cf@group-9D472F5A4EC1->1918313e-d2a9-4acc-93c2-47b7c5875062-GrpcLogAppender: Wait interrupted by java.lang.InterruptedException
2019-10-07 12:26:39,310 [org.apache.ratis.server.impl.LogAppender$AppenderDaemon$$Lambda$553/1292335600@13d03a2f] WARN  server.GrpcLogAppender (GrpcLogAppender.java:mayWait(143)) - c9767870-009c-4479-8ff8-96f0bb47e0cf@group-9D472F5A4EC1->f57744b5-2f7a-4ed8-9444-5c5c06f9ffa0-GrpcLogAppender: Wait interrupted by java.lang.InterruptedException
2019-10-07 12:26:39,309 [main] INFO  impl.PendingRequests (PendingRequests.java:sendNotLeaderResponses(202)) - c9767870-009c-4479-8ff8-96f0bb47e0cf@group-9D472F5A4EC1-PendingRequests: sendNotLeaderResponses
2019-10-07 12:26:39,310 [ForkJoinPool.commonPool-worker-1] INFO  util.JmxRegister (JmxRegister.java:unregister(73)) - Successfully un-registered JMX Bean with object name Ratis:service=RaftServer,group=group-A775F8FCEE76,id=2bc47f86-abcc-482d-8deb-f2ed64d4ed24
2019-10-07 12:26:39,310 [ForkJoinPool.commonPool-worker-1] INFO  impl.RoleInfo (RoleInfo.java:shutdownLeaderState(104)) - 2bc47f86-abcc-482d-8deb-f2ed64d4ed24: shutdown LeaderState
2019-10-07 12:26:39,311 [ForkJoinPool.commonPool-worker-1] INFO  impl.PendingRequests (PendingRequests.java:sendNotLeaderResponses(202)) - 2bc47f86-abcc-482d-8deb-f2ed64d4ed24@group-A775F8FCEE76-PendingRequests: sendNotLeaderResponses
2019-10-07 12:26:39,313 [main] INFO  impl.StateMachineUpdater (StateMachineUpdater.java:stopAndJoin(136)) - c9767870-009c-4479-8ff8-96f0bb47e0cf@group-9D472F5A4EC1-StateMachineUpdater: set stopIndex = 16
2019-10-07 12:26:39,313 [ForkJoinPool.commonPool-worker-1] INFO  impl.StateMachineUpdater (StateMachineUpdater.java:stopAndJoin(136)) - 2bc47f86-abcc-482d-8deb-f2ed64d4ed24@group-A775F8FCEE76-StateMachineUpdater: set stopIndex = 0
2019-10-07 12:26:39,313 [c9767870-009c-4479-8ff8-96f0bb47e0cf@group-9D472F5A4EC1-StateMachineUpdater] INFO  ratis.ContainerStateMachine (ContainerStateMachine.java:takeSnapshot(294)) - group-9D472F5A4EC1: Taking a snapshot at:(t:2, i:14) file /workdir/hadoop-ozone/integration-test/target/test-dir/MiniOzoneClusterImpl-778dd385-233b-4e0e-8595-44f312773a1c/datanode-6/data/ratis/df4b5256-a9cb-4cc6-889f-9d472f5a4ec1/sm/snapshot.2_14
2019-10-07 12:26:39,313 [ForkJoinPool.commonPool-worker-1] INFO  impl.RaftServerImpl (ServerState.java:close(387)) - 2bc47f86-abcc-482d-8deb-f2ed64d4ed24@group-A775F8FCEE76: closes. applyIndex: 0
2019-10-07 12:26:39,314 [2bc47f86-abcc-482d-8deb-f2ed64d4ed24@group-A775F8FCEE76-SegmentedRaftLogWorker] INFO  segmented.SegmentedRaftLogWorker (SegmentedRaftLogWorker.java:run(316)) - 2bc47f86-abcc-482d-8deb-f2ed64d4ed24@group-A775F8FCEE76-SegmentedRaftLogWorker was interrupted, exiting. There are 0 tasks remaining in the queue.
2019-10-07 12:26:39,315 [ForkJoinPool.commonPool-worker-1] INFO  segmented.SegmentedRaftLogWorker (SegmentedRaftLogWorker.java:close(224)) - 2bc47f86-abcc-482d-8deb-f2ed64d4ed24@group-A775F8FCEE76-SegmentedRaftLogWorker close()
2019-10-07 12:26:39,323 [ForkJoinPool.commonPool-worker-1] INFO  impl.RaftServerImpl (RaftServerImpl.java:lambda$shutdown$3(247)) - 2bc47f86-abcc-482d-8deb-f2ed64d4ed24@group-E1CE79755BBB: shutdown
2019-10-07 12:26:39,323 [ForkJoinPool.commonPool-worker-1] INFO  util.JmxRegister (JmxRegister.java:unregister(73)) - Successfully un-registered JMX Bean with object name Ratis:service=RaftServer,group=group-E1CE79755BBB,id=2bc47f86-abcc-482d-8deb-f2ed64d4ed24
2019-10-07 12:26:39,323 [ForkJoinPool.commonPool-worker-1] INFO  impl.RoleInfo (RoleInfo.java:shutdownFollowerState(121)) - 2bc47f86-abcc-482d-8deb-f2ed64d4ed24: shutdown FollowerState
2019-10-07 12:26:39,323 [ForkJoinPool.commonPool-worker-1] INFO  impl.StateMachineUpdater (StateMachineUpdater.java:stopAndJoin(136)) - 2bc47f86-abcc-482d-8deb-f2ed64d4ed24@group-E1CE79755BBB-StateMachineUpdater: set stopIndex = 4
2019-10-07 12:26:39,323 [Thread-321] INFO  impl.FollowerState (FollowerState.java:run(117)) - 2bc47f86-abcc-482d-8deb-f2ed64d4ed24@group-E1CE79755BBB-FollowerState was interrupted: java.lang.InterruptedException: sleep interrupted
2019-10-07 12:26:39,323 [2bc47f86-abcc-482d-8deb-f2ed64d4ed24@group-E1CE79755BBB-StateMachineUpdater] INFO  ratis.ContainerStateMachine (ContainerStateMachine.java:takeSnapshot(294)) - group-E1CE79755BBB: Taking a snapshot at:(t:1, i:3) file /workdir/hadoop-ozone/integration-test/target/test-dir/MiniOzoneClusterImpl-778dd385-233b-4e0e-8595-44f312773a1c/datanode-0/data/ratis/aafa5cde-f94b-4373-ab32-e1ce79755bbb/sm/snapshot.1_3
2019-10-07 12:26:39,335 [c9767870-009c-4479-8ff8-96f0bb47e0cf@group-9D472F5A4EC1-StateMachineUpdater] INFO  ratis.ContainerStateMachine (ContainerStateMachine.java:takeSnapshot(305)) - group-9D472F5A4EC1: Finished taking a snapshot at:(t:2, i:14) file:/workdir/hadoop-ozone/integration-test/target/test-dir/MiniOzoneClusterImpl-778dd385-233b-4e0e-8595-44f312773a1c/datanode-6/data/ratis/df4b5256-a9cb-4cc6-889f-9d472f5a4ec1/sm/snapshot.2_14 time:22
2019-10-07 12:26:39,335 [c9767870-009c-4479-8ff8-96f0bb47e0cf@group-9D472F5A4EC1-StateMachineUpdater] INFO  impl.StateMachineUpdater (StateMachineUpdater.java:takeSnapshot(269)) - c9767870-009c-4479-8ff8-96f0bb47e0cf@group-9D472F5A4EC1-StateMachineUpdater: Took a snapshot at index 14
2019-10-07 12:26:39,335 [c9767870-009c-4479-8ff8-96f0bb47e0cf@group-9D472F5A4EC1-StateMachineUpdater] INFO  impl.StateMachineUpdater (StateMachineUpdater.java:lambda$new$0(84)) - c9767870-009c-4479-8ff8-96f0bb47e0cf@group-9D472F5A4EC1-StateMachineUpdater: snapshotIndex: updateIncreasingly -1 -> 14
2019-10-07 12:26:39,336 [c9767870-009c-4479-8ff8-96f0bb47e0cf@group-9D472F5A4EC1-StateMachineUpdater] INFO  ratis.ContainerStateMachine (ContainerStateMachine.java:takeSnapshot(294)) - group-9D472F5A4EC1: Taking a snapshot at:(t:2, i:14) file /workdir/hadoop-ozone/integration-test/target/test-dir/MiniOzoneClusterImpl-778dd385-233b-4e0e-8595-44f312773a1c/datanode-6/data/ratis/df4b5256-a9cb-4cc6-889f-9d472f5a4ec1/sm/snapshot.2_14
2019-10-07 12:26:39,337 [2bc47f86-abcc-482d-8deb-f2ed64d4ed24@group-E1CE79755BBB-StateMachineUpdater] INFO  ratis.ContainerStateMachine (ContainerStateMachine.java:takeSnapshot(305)) - group-E1CE79755BBB: Finished taking a snapshot at:(t:1, i:3) file:/workdir/hadoop-ozone/integration-test/target/test-dir/MiniOzoneClusterImpl-778dd385-233b-4e0e-8595-44f312773a1c/datanode-0/data/ratis/aafa5cde-f94b-4373-ab32-e1ce79755bbb/sm/snapshot.1_3 time:13
2019-10-07 12:26:39,337 [2bc47f86-abcc-482d-8deb-f2ed64d4ed24@group-E1CE79755BBB-StateMachineUpdater] INFO  impl.StateMachineUpdater (StateMachineUpdater.java:takeSnapshot(269)) - 2bc47f86-abcc-482d-8deb-f2ed64d4ed24@group-E1CE79755BBB-StateMachineUpdater: Took a snapshot at index 3
2019-10-07 12:26:39,337 [2bc47f86-abcc-482d-8deb-f2ed64d4ed24@group-E1CE79755BBB-StateMachineUpdater] INFO  impl.StateMachineUpdater (StateMachineUpdater.java:lambda$new$0(84)) - 2bc47f86-abcc-482d-8deb-f2ed64d4ed24@group-E1CE79755BBB-StateMachineUpdater: snapshotIndex: updateIncreasingly -1 -> 3
2019-10-07 12:26:39,337 [2bc47f86-abcc-482d-8deb-f2ed64d4ed24@group-E1CE79755BBB-StateMachineUpdater] INFO  ratis.ContainerStateMachine (ContainerStateMachine.java:takeSnapshot(294)) - group-E1CE79755BBB: Taking a snapshot at:(t:1, i:3) file /workdir/hadoop-ozone/integration-test/target/test-dir/MiniOzoneClusterImpl-778dd385-233b-4e0e-8595-44f312773a1c/datanode-0/data/ratis/aafa5cde-f94b-4373-ab32-e1ce79755bbb/sm/snapshot.1_3
2019-10-07 12:26:39,338 [c9767870-009c-4479-8ff8-96f0bb47e0cf@group-9D472F5A4EC1-StateMachineUpdater] INFO  ratis.ContainerStateMachine (ContainerStateMachine.java:takeSnapshot(305)) - group-9D472F5A4EC1: Finished taking a snapshot at:(t:2, i:14) file:/workdir/hadoop-ozone/integration-test/target/test-dir/MiniOzoneClusterImpl-778dd385-233b-4e0e-8595-44f312773a1c/datanode-6/data/ratis/df4b5256-a9cb-4cc6-889f-9d472f5a4ec1/sm/snapshot.2_14 time:2
2019-10-07 12:26:39,338 [c9767870-009c-4479-8ff8-96f0bb47e0cf@group-9D472F5A4EC1-StateMachineUpdater] INFO  impl.StateMachineUpdater (StateMachineUpdater.java:takeSnapshot(269)) - c9767870-009c-4479-8ff8-96f0bb47e0cf@group-9D472F5A4EC1-StateMachineUpdater: Took a snapshot at index 14
2019-10-07 12:26:39,339 [c9767870-009c-4479-8ff8-96f0bb47e0cf@group-9D472F5A4EC1-StateMachineUpdater] INFO  impl.StateMachineUpdater (StateMachineUpdater.java:lambda$new$0(84)) - c9767870-009c-4479-8ff8-96f0bb47e0cf@group-9D472F5A4EC1-StateMachineUpdater: snapshotIndex: updateIncreasingly 14 -> 14
2019-10-07 12:26:39,339 [main] INFO  impl.RaftServerImpl (ServerState.java:close(387)) - c9767870-009c-4479-8ff8-96f0bb47e0cf@group-9D472F5A4EC1: closes. applyIndex: 16
2019-10-07 12:26:39,339 [c9767870-009c-4479-8ff8-96f0bb47e0cf@group-9D472F5A4EC1-SegmentedRaftLogWorker] INFO  segmented.SegmentedRaftLogWorker (SegmentedRaftLogWorker.java:run(316)) - c9767870-009c-4479-8ff8-96f0bb47e0cf@group-9D472F5A4EC1-SegmentedRaftLogWorker was interrupted, exiting. There are 0 tasks remaining in the queue.
2019-10-07 12:26:39,340 [main] INFO  segmented.SegmentedRaftLogWorker (SegmentedRaftLogWorker.java:close(224)) - c9767870-009c-4479-8ff8-96f0bb47e0cf@group-9D472F5A4EC1-SegmentedRaftLogWorker close()
2019-10-07 12:26:39,342 [main] INFO  server.GrpcService (GrpcService.java:closeImpl(164)) - c9767870-009c-4479-8ff8-96f0bb47e0cf: shutdown server with port 35662 now
2019-10-07 12:26:39,344 [main] INFO  server.GrpcService (GrpcService.java:closeImpl(172)) - c9767870-009c-4479-8ff8-96f0bb47e0cf: shutdown server with port 35662 successfully
2019-10-07 12:26:39,346 [grpc-default-executor-2] WARN  client.GrpcClientProtocolService (LogUtils.java:warn(134)) - 5-UnorderedRequestStreamObserver5: onError: org.apache.ratis.thirdparty.io.grpc.StatusRuntimeException: CANCELLED: cancelled before receiving half close
2019-10-07 12:26:39,347 [refreshUsed-/workdir/hadoop-ozone/integration-test/target/test-dir/MiniOzoneClusterImpl-778dd385-233b-4e0e-8595-44f312773a1c/datanode-6/data/containers] WARN  fs.CachingGetSpaceUsed (CachingGetSpaceUsed.java:run(183)) - Thread Interrupted waiting to refresh disk information: sleep interrupted
2019-10-07 12:26:39,350 [2bc47f86-abcc-482d-8deb-f2ed64d4ed24@group-E1CE79755BBB-StateMachineUpdater] INFO  ratis.ContainerStateMachine (ContainerStateMachine.java:takeSnapshot(305)) - group-E1CE79755BBB: Finished taking a snapshot at:(t:1, i:3) file:/workdir/hadoop-ozone/integration-test/target/test-dir/MiniOzoneClusterImpl-778dd385-233b-4e0e-8595-44f312773a1c/datanode-0/data/ratis/aafa5cde-f94b-4373-ab32-e1ce79755bbb/sm/snapshot.1_3 time:13
2019-10-07 12:26:39,351 [2bc47f86-abcc-482d-8deb-f2ed64d4ed24@group-E1CE79755BBB-StateMachineUpdater] INFO  impl.StateMachineUpdater (StateMachineUpdater.java:takeSnapshot(269)) - 2bc47f86-abcc-482d-8deb-f2ed64d4ed24@group-E1CE79755BBB-StateMachineUpdater: Took a snapshot at index 3
2019-10-07 12:26:39,351 [2bc47f86-abcc-482d-8deb-f2ed64d4ed24@group-E1CE79755BBB-StateMachineUpdater] INFO  impl.StateMachineUpdater (StateMachineUpdater.java:lambda$new$0(84)) - 2bc47f86-abcc-482d-8deb-f2ed64d4ed24@group-E1CE79755BBB-StateMachineUpdater: snapshotIndex: updateIncreasingly 3 -> 3
2019-10-07 12:26:39,352 [ForkJoinPool.commonPool-worker-1] INFO  impl.RaftServerImpl (ServerState.java:close(387)) - 2bc47f86-abcc-482d-8deb-f2ed64d4ed24@group-E1CE79755BBB: closes. applyIndex: 4
2019-10-07 12:26:39,353 [2bc47f86-abcc-482d-8deb-f2ed64d4ed24@group-E1CE79755BBB-SegmentedRaftLogWorker] INFO  segmented.SegmentedRaftLogWorker (SegmentedRaftLogWorker.java:run(316)) - 2bc47f86-abcc-482d-8deb-f2ed64d4ed24@group-E1CE79755BBB-SegmentedRaftLogWorker was interrupted, exiting. There are 0 tasks remaining in the queue.
2019-10-07 12:26:39,353 [ForkJoinPool.commonPool-worker-1] INFO  segmented.SegmentedRaftLogWorker (SegmentedRaftLogWorker.java:close(224)) - 2bc47f86-abcc-482d-8deb-f2ed64d4ed24@group-E1CE79755BBB-SegmentedRaftLogWorker close()
2019-10-07 12:26:39,354 [ForkJoinPool.commonPool-worker-1] INFO  server.GrpcService (GrpcService.java:closeImpl(164)) - 2bc47f86-abcc-482d-8deb-f2ed64d4ed24: shutdown server with port 39238 now
2019-10-07 12:26:39,354 [ForkJoinPool.commonPool-worker-1] INFO  server.GrpcService (GrpcService.java:closeImpl(172)) - 2bc47f86-abcc-482d-8deb-f2ed64d4ed24: shutdown server with port 39238 successfully
2019-10-07 12:26:39,358 [refreshUsed-/workdir/hadoop-ozone/integration-test/target/test-dir/MiniOzoneClusterImpl-778dd385-233b-4e0e-8595-44f312773a1c/datanode-0/data/containers] WARN  fs.CachingGetSpaceUsed (CachingGetSpaceUsed.java:run(183)) - Thread Interrupted waiting to refresh disk information: sleep interrupted
2019-10-07 12:26:39,372 [main] INFO  utils.BackgroundService (BackgroundService.java:shutdown(148)) - Shutting down service BlockDeletingService
2019-10-07 12:26:39,385 [ForkJoinPool.commonPool-worker-1] INFO  utils.BackgroundService (BackgroundService.java:shutdown(148)) - Shutting down service BlockDeletingService
2019-10-07 12:26:39,391 [ForkJoinPool.commonPool-worker-1] INFO  statemachine.DatanodeStateMachine (DatanodeStateMachine.java:stopDaemon(395)) - Ozone container server stopped.
2019-10-07 12:26:39,392 [main] INFO  statemachine.DatanodeStateMachine (DatanodeStateMachine.java:stopDaemon(395)) - Ozone container server stopped.
2019-10-07 12:26:39,395 [ForkJoinPool.commonPool-worker-1] INFO  handler.ContextHandler (ContextHandler.java:doStop(910)) - Stopped o.e.j.w.WebAppContext@46963479{/,null,UNAVAILABLE}{/hddsDatanode}
2019-10-07 12:26:39,395 [main] INFO  handler.ContextHandler (ContextHandler.java:doStop(910)) - Stopped o.e.j.w.WebAppContext@1de9b505{/,null,UNAVAILABLE}{/hddsDatanode}
2019-10-07 12:26:39,396 [ForkJoinPool.commonPool-worker-1] INFO  server.AbstractConnector (AbstractConnector.java:doStop(318)) - Stopped ServerConnector@7e74a380{HTTP/1.1,[http/1.1]}{0.0.0.0:0}
2019-10-07 12:26:39,396 [main] INFO  server.AbstractConnector (AbstractConnector.java:doStop(318)) - Stopped ServerConnector@7b122839{HTTP/1.1,[http/1.1]}{0.0.0.0:0}
2019-10-07 12:26:39,397 [ForkJoinPool.commonPool-worker-1] INFO  handler.ContextHandler (ContextHandler.java:doStop(910)) - Stopped o.e.j.s.ServletContextHandler@60bbacfc{/static,jar:file:/home/user/.m2/repository/org/apache/hadoop/hadoop-hdds-container-service/0.5.0-SNAPSHOT/hadoop-hdds-container-service-0.5.0-SNAPSHOT.jar!/webapps/static,UNAVAILABLE}
2019-10-07 12:26:39,398 [main] INFO  handler.ContextHandler (ContextHandler.java:doStop(910)) - Stopped o.e.j.s.ServletContextHandler@2d3ef181{/static,jar:file:/home/user/.m2/repository/org/apache/hadoop/hadoop-hdds-container-service/0.5.0-SNAPSHOT/hadoop-hdds-container-service-0.5.0-SNAPSHOT.jar!/webapps/static,UNAVAILABLE}
2019-10-07 12:26:39,398 [ForkJoinPool.commonPool-worker-1] INFO  handler.ContextHandler (ContextHandler.java:doStop(910)) - Stopped o.e.j.s.ServletContextHandler@421056e5{/logs,file:///workdir/hadoop-ozone/integration-test/target/log,UNAVAILABLE}
2019-10-07 12:26:39,399 [main] INFO  handler.ContextHandler (ContextHandler.java:doStop(910)) - Stopped o.e.j.s.ServletContextHandler@8bd86c8{/logs,file:///workdir/hadoop-ozone/integration-test/target/log,UNAVAILABLE}
2019-10-07 12:26:40,045 [Datanode State Machine Thread - 0] INFO  statemachine.DatanodeStateMachine (DatanodeStateMachine.java:lambda$startDaemon$0(350)) - Ozone container server started.
2019-10-07 12:26:44,099 [EventQueue-StaleNodeForStaleNodeHandler] INFO  node.StaleNodeHandler (StaleNodeHandler.java:onMessage(58)) - Datanode b5039893-fef7-4d01-9c96-a360cfbc7d73{ip: 192.168.30.23, host: pr-hdds-2262-rg9fl-2107095119, networkLocation: /default-rack, certSerialId: null} moved to stale state. Finalizing its pipelines [PipelineID=537156a2-9231-455b-bef8-a10e7b10a24a]
2019-10-07 12:26:44,100 [EventQueue-StaleNodeForStaleNodeHandler] INFO  pipeline.SCMPipelineManager (SCMPipelineManager.java:finalizeAndDestroyPipeline(315)) - destroying pipeline:Pipeline[ Id: 537156a2-9231-455b-bef8-a10e7b10a24a, Nodes: b5039893-fef7-4d01-9c96-a360cfbc7d73{ip: 192.168.30.23, host: pr-hdds-2262-rg9fl-2107095119, networkLocation: /default-rack, certSerialId: null}, Type:RATIS, Factor:ONE, State:OPEN]
2019-10-07 12:26:44,101 [EventQueue-StaleNodeForStaleNodeHandler] INFO  pipeline.PipelineStateManager (PipelineStateManager.java:finalizePipeline(123)) - Pipeline Pipeline[ Id: 537156a2-9231-455b-bef8-a10e7b10a24a, Nodes: b5039893-fef7-4d01-9c96-a360cfbc7d73{ip: 192.168.30.23, host: pr-hdds-2262-rg9fl-2107095119, networkLocation: /default-rack, certSerialId: null}, Type:RATIS, Factor:ONE, State:CLOSED] moved to CLOSED state
2019-10-07 12:26:44,402 [main] INFO  ozoneimpl.OzoneContainer (OzoneContainer.java:stop(231)) - Attempting to stop container services.
2019-10-07 12:26:44,403 [main] INFO  impl.RaftServerProxy (RaftServerProxy.java:lambda$close$4(314)) - b5039893-fef7-4d01-9c96-a360cfbc7d73: close
2019-10-07 12:26:44,404 [main] INFO  impl.RaftServerImpl (RaftServerImpl.java:lambda$shutdown$3(247)) - b5039893-fef7-4d01-9c96-a360cfbc7d73@group-A10E7B10A24A: shutdown
2019-10-07 12:26:44,404 [main] INFO  util.JmxRegister (JmxRegister.java:unregister(73)) - Successfully un-registered JMX Bean with object name Ratis:service=RaftServer,group=group-A10E7B10A24A,id=b5039893-fef7-4d01-9c96-a360cfbc7d73
2019-10-07 12:26:44,404 [main] INFO  impl.RoleInfo (RoleInfo.java:shutdownLeaderState(104)) - b5039893-fef7-4d01-9c96-a360cfbc7d73: shutdown LeaderState
2019-10-07 12:26:44,405 [main] INFO  impl.PendingRequests (PendingRequests.java:sendNotLeaderResponses(202)) - b5039893-fef7-4d01-9c96-a360cfbc7d73@group-A10E7B10A24A-PendingRequests: sendNotLeaderResponses
2019-10-07 12:26:44,406 [main] INFO  impl.StateMachineUpdater (StateMachineUpdater.java:stopAndJoin(136)) - b5039893-fef7-4d01-9c96-a360cfbc7d73@group-A10E7B10A24A-StateMachineUpdater: set stopIndex = 0
2019-10-07 12:26:44,408 [main] INFO  impl.RaftServerImpl (ServerState.java:close(387)) - b5039893-fef7-4d01-9c96-a360cfbc7d73@group-A10E7B10A24A: closes. applyIndex: 0
2019-10-07 12:26:44,409 [b5039893-fef7-4d01-9c96-a360cfbc7d73@group-A10E7B10A24A-SegmentedRaftLogWorker] INFO  segmented.SegmentedRaftLogWorker (SegmentedRaftLogWorker.java:run(316)) - b5039893-fef7-4d01-9c96-a360cfbc7d73@group-A10E7B10A24A-SegmentedRaftLogWorker was interrupted, exiting. There are 0 tasks remaining in the queue.
2019-10-07 12:26:44,410 [main] INFO  segmented.SegmentedRaftLogWorker (SegmentedRaftLogWorker.java:close(224)) - b5039893-fef7-4d01-9c96-a360cfbc7d73@group-A10E7B10A24A-SegmentedRaftLogWorker close()
2019-10-07 12:26:44,412 [main] INFO  server.GrpcService (GrpcService.java:closeImpl(164)) - b5039893-fef7-4d01-9c96-a360cfbc7d73: shutdown server with port 46082 now
2019-10-07 12:26:44,414 [main] INFO  server.GrpcService (GrpcService.java:closeImpl(172)) - b5039893-fef7-4d01-9c96-a360cfbc7d73: shutdown server with port 46082 successfully
2019-10-07 12:26:44,422 [refreshUsed-/workdir/hadoop-ozone/integration-test/target/test-dir/MiniOzoneClusterImpl-778dd385-233b-4e0e-8595-44f312773a1c/datanode-5/data/containers] WARN  fs.CachingGetSpaceUsed (CachingGetSpaceUsed.java:run(183)) - Thread Interrupted waiting to refresh disk information: sleep interrupted
2019-10-07 12:26:44,438 [main] INFO  utils.BackgroundService (BackgroundService.java:shutdown(148)) - Shutting down service BlockDeletingService
2019-10-07 12:26:44,440 [main] INFO  statemachine.DatanodeStateMachine (DatanodeStateMachine.java:stopDaemon(395)) - Ozone container server stopped.
2019-10-07 12:26:44,442 [main] INFO  handler.ContextHandler (ContextHandler.java:doStop(910)) - Stopped o.e.j.w.WebAppContext@63884e4{/,null,UNAVAILABLE}{/hddsDatanode}
2019-10-07 12:26:44,443 [main] INFO  server.AbstractConnector (AbstractConnector.java:doStop(318)) - Stopped ServerConnector@524270b8{HTTP/1.1,[http/1.1]}{0.0.0.0:0}
2019-10-07 12:26:44,444 [main] INFO  handler.ContextHandler (ContextHandler.java:doStop(910)) - Stopped o.e.j.s.ServletContextHandler@439b15f2{/static,jar:file:/home/user/.m2/repository/org/apache/hadoop/hadoop-hdds-container-service/0.5.0-SNAPSHOT/hadoop-hdds-container-service-0.5.0-SNAPSHOT.jar!/webapps/static,UNAVAILABLE}
2019-10-07 12:26:44,444 [main] INFO  handler.ContextHandler (ContextHandler.java:doStop(910)) - Stopped o.e.j.s.ServletContextHandler@6e041285{/logs,file:///workdir/hadoop-ozone/integration-test/target/log,UNAVAILABLE}
2019-10-07 12:26:44,445 [main] INFO  ozone.MiniOzoneClusterImpl (MiniOzoneClusterImpl.java:stopSCM(392)) - Stopping the StorageContainerManager
2019-10-07 12:26:44,446 [main] INFO  server.StorageContainerManager (StorageContainerManager.java:stop(808)) - Stopping Replication Manager Service.
2019-10-07 12:26:44,446 [main] INFO  container.ReplicationManager (ReplicationManager.java:stop(203)) - Stopping Replication Monitor Thread.
2019-10-07 12:26:44,446 [main] INFO  server.StorageContainerManager (StorageContainerManager.java:stop(815)) - Stopping Lease Manager of the command watchers
2019-10-07 12:26:44,446 [main] INFO  server.StorageContainerManager (StorageContainerManager.java:stop(822)) - Stopping datanode service RPC server
2019-10-07 12:26:44,447 [main] INFO  server.SCMDatanodeProtocolServer (SCMDatanodeProtocolServer.java:stop(346)) - Stopping the RPC server for DataNodes
2019-10-07 12:26:44,447 [main] INFO  ipc.Server (Server.java:stop(3082)) - Stopping server on 41365
2019-10-07 12:26:44,449 [IPC Server listener on 41365] INFO  ipc.Server (Server.java:run(1185)) - Stopping IPC Server listener on 41365
2019-10-07 12:26:44,449 [IPC Server Responder] INFO  ipc.Server (Server.java:run(1319)) - Stopping IPC Server Responder
2019-10-07 12:26:44,499 [SCM Heartbeat Processing Thread - 0] WARN  node.NodeStateManager (NodeStateManager.java:scheduleNextHealthCheck(646)) - Current Thread is interrupted, shutting down HB processing thread for Node Manager.
2019-10-07 12:26:44,499 [main] INFO  server.StorageContainerManager (StorageContainerManager.java:stop(830)) - Stopping block service RPC server
2019-10-07 12:26:44,500 [main] INFO  server.SCMBlockProtocolServer (SCMBlockProtocolServer.java:stop(155)) - Stopping the RPC server for Block Protocol
2019-10-07 12:26:44,500 [main] INFO  ipc.Server (Server.java:stop(3082)) - Stopping server on 35819
2019-10-07 12:26:44,502 [IPC Server listener on 35819] INFO  ipc.Server (Server.java:run(1185)) - Stopping IPC Server listener on 35819
2019-10-07 12:26:44,502 [main] INFO  server.StorageContainerManager (StorageContainerManager.java:stop(837)) - Stopping the StorageContainerLocationProtocol RPC server
2019-10-07 12:26:44,502 [IPC Server Responder] INFO  ipc.Server (Server.java:run(1319)) - Stopping IPC Server Responder
2019-10-07 12:26:44,502 [main] INFO  server.SCMClientProtocolServer (SCMClientProtocolServer.java:stop(168)) - Stopping the RPC server for Client Protocol
2019-10-07 12:26:44,502 [main] INFO  ipc.Server (Server.java:stop(3082)) - Stopping server on 39843
2019-10-07 12:26:44,504 [IPC Server listener on 39843] INFO  ipc.Server (Server.java:run(1185)) - Stopping IPC Server listener on 39843
2019-10-07 12:26:44,504 [main] INFO  server.StorageContainerManager (StorageContainerManager.java:stop(844)) - Stopping Storage Container Manager HTTP server.
2019-10-07 12:26:44,504 [IPC Server Responder] INFO  ipc.Server (Server.java:run(1319)) - Stopping IPC Server Responder
2019-10-07 12:26:44,505 [main] INFO  handler.ContextHandler (ContextHandler.java:doStop(910)) - Stopped o.e.j.w.WebAppContext@6970140a{/,null,UNAVAILABLE}{/scm}
2019-10-07 12:26:44,506 [main] INFO  server.AbstractConnector (AbstractConnector.java:doStop(318)) - Stopped ServerConnector@1c32886a{HTTP/1.1,[http/1.1]}{0.0.0.0:0}
2019-10-07 12:26:44,506 [main] INFO  handler.ContextHandler (ContextHandler.java:doStop(910)) - Stopped o.e.j.s.ServletContextHandler@53f0a4cb{/static,file:///workdir/hadoop-ozone/integration-test/target/test-classes/webapps/static,UNAVAILABLE}
2019-10-07 12:26:44,506 [main] INFO  handler.ContextHandler (ContextHandler.java:doStop(910)) - Stopped o.e.j.s.ServletContextHandler@7a560583{/logs,file:///workdir/hadoop-ozone/integration-test/target/log,UNAVAILABLE}
2019-10-07 12:26:44,507 [main] INFO  server.StorageContainerManager (StorageContainerManager.java:stop(855)) - Stopping Block Manager Service.
2019-10-07 12:26:44,508 [main] INFO  utils.BackgroundService (BackgroundService.java:shutdown(148)) - Shutting down service SCMBlockDeletingService
2019-10-07 12:26:44,508 [main] INFO  utils.BackgroundService (BackgroundService.java:shutdown(148)) - Shutting down service SCMBlockDeletingService
2019-10-07 12:26:44,509 [main] INFO  server.StorageContainerManager (StorageContainerManager.java:stop(877)) - Stopping SCM Event Queue.
2019-10-07 12:26:44,516 [main] INFO  impl.MetricsSystemImpl (MetricsSystemImpl.java:stop(210)) - Stopping XceiverClientMetrics metrics system...
2019-10-07 12:26:44,526 [prometheus] INFO  impl.MetricsSinkAdapter (MetricsSinkAdapter.java:publishMetricsFromQueue(141)) - prometheus thread interrupted.
2019-10-07 12:26:44,526 [main] INFO  impl.MetricsSystemImpl (MetricsSystemImpl.java:stop(216)) - XceiverClientMetrics metrics system stopped.
]]></system-out>
    <system-err><![CDATA[ERROR StatusLogger No Log4j 2 configuration file found. Using default configuration (logging only errors to the console), or user programmatically provided configurations. Set system property 'log4j2.debug' to show Log4j 2 internal initialization logging. See https://logging.apache.org/log4j/2.x/manual/configuration.html for instructions on how to configure Log4j 2
Oct 07, 2019 12:26:29 PM org.apache.ratis.thirdparty.io.grpc.internal.SerializingExecutor run
SEVERE: Exception while executing runnable org.apache.ratis.thirdparty.io.grpc.internal.ServerImpl$JumpToApplicationThreadServerStreamListener$1Closed@71f6be9f
org.apache.ratis.thirdparty.io.grpc.StatusRuntimeException: CANCELLED: call already cancelled
	at org.apache.ratis.thirdparty.io.grpc.Status.asRuntimeException(Status.java:517)
	at org.apache.ratis.thirdparty.io.grpc.stub.ServerCalls$ServerCallStreamObserverImpl.onCompleted(ServerCalls.java:356)
	at org.apache.ratis.grpc.server.GrpcServerProtocolService$ServerRequestStreamObserver.onError(GrpcServerProtocolService.java:121)
	at org.apache.ratis.thirdparty.io.grpc.stub.ServerCalls$StreamingServerCallHandler$StreamingServerCallListener.onCancel(ServerCalls.java:269)
	at org.apache.ratis.thirdparty.io.grpc.internal.ServerCallImpl$ServerStreamListenerImpl.closed(ServerCallImpl.java:293)
	at org.apache.ratis.thirdparty.io.grpc.internal.ServerImpl$JumpToApplicationThreadServerStreamListener$1Closed.runInContext(ServerImpl.java:741)
	at org.apache.ratis.thirdparty.io.grpc.internal.ContextRunnable.run(ContextRunnable.java:37)
	at org.apache.ratis.thirdparty.io.grpc.internal.SerializingExecutor.run(SerializingExecutor.java:123)
	at java.util.concurrent.ThreadPoolExecutor.runWorker(ThreadPoolExecutor.java:1149)
	at java.util.concurrent.ThreadPoolExecutor$Worker.run(ThreadPoolExecutor.java:624)
	at java.lang.Thread.run(Thread.java:748)

Oct 07, 2019 12:26:29 PM org.apache.ratis.thirdparty.io.grpc.internal.SerializingExecutor run
SEVERE: Exception while executing runnable org.apache.ratis.thirdparty.io.grpc.internal.ServerImpl$JumpToApplicationThreadServerStreamListener$1Closed@7f1339aa
org.apache.ratis.thirdparty.io.grpc.StatusRuntimeException: CANCELLED: call already cancelled
	at org.apache.ratis.thirdparty.io.grpc.Status.asRuntimeException(Status.java:517)
	at org.apache.ratis.thirdparty.io.grpc.stub.ServerCalls$ServerCallStreamObserverImpl.onCompleted(ServerCalls.java:356)
	at org.apache.ratis.grpc.server.GrpcServerProtocolService$ServerRequestStreamObserver.onError(GrpcServerProtocolService.java:121)
	at org.apache.ratis.thirdparty.io.grpc.stub.ServerCalls$StreamingServerCallHandler$StreamingServerCallListener.onCancel(ServerCalls.java:269)
	at org.apache.ratis.thirdparty.io.grpc.internal.ServerCallImpl$ServerStreamListenerImpl.closed(ServerCallImpl.java:293)
	at org.apache.ratis.thirdparty.io.grpc.internal.ServerImpl$JumpToApplicationThreadServerStreamListener$1Closed.runInContext(ServerImpl.java:741)
	at org.apache.ratis.thirdparty.io.grpc.internal.ContextRunnable.run(ContextRunnable.java:37)
	at org.apache.ratis.thirdparty.io.grpc.internal.SerializingExecutor.run(SerializingExecutor.java:123)
	at java.util.concurrent.ThreadPoolExecutor.runWorker(ThreadPoolExecutor.java:1149)
	at java.util.concurrent.ThreadPoolExecutor$Worker.run(ThreadPoolExecutor.java:624)
	at java.lang.Thread.run(Thread.java:748)

]]></system-err>
  </testcase>
  <testcase name="testDatanodeFailureWithPreAllocation" classname="org.apache.hadoop.ozone.client.rpc.TestBlockOutputStreamWithFailures" time="226.981"/>
  <testcase name="testDatanodeFailureWithSingleNodeRatis" classname="org.apache.hadoop.ozone.client.rpc.TestBlockOutputStreamWithFailures" time="223.926"/>
  <testcase name="testWatchForCommitWithSingleNodeRatis" classname="org.apache.hadoop.ozone.client.rpc.TestBlockOutputStreamWithFailures" time="33.757"/>
  <testcase name="testWatchForCommitDatanodeFailure" classname="org.apache.hadoop.ozone.client.rpc.TestBlockOutputStreamWithFailures" time="43.346"/>
  <testcase name="testFailureWithPrimeSizedData" classname="org.apache.hadoop.ozone.client.rpc.TestBlockOutputStreamWithFailures" time="37.684">
    <failure message="expected:&lt;2&gt; but was:&lt;3&gt;" type="java.lang.AssertionError"><![CDATA[java.lang.AssertionError: expected:<2> but was:<3>
	at org.junit.Assert.fail(Assert.java:88)
	at org.junit.Assert.failNotEquals(Assert.java:743)
	at org.junit.Assert.assertEquals(Assert.java:118)
	at org.junit.Assert.assertEquals(Assert.java:555)
	at org.junit.Assert.assertEquals(Assert.java:542)
	at org.apache.hadoop.ozone.client.rpc.TestBlockOutputStreamWithFailures.testFailureWithPrimeSizedData(TestBlockOutputStreamWithFailures.java:635)
	at sun.reflect.NativeMethodAccessorImpl.invoke0(Native Method)
	at sun.reflect.NativeMethodAccessorImpl.invoke(NativeMethodAccessorImpl.java:62)
	at sun.reflect.DelegatingMethodAccessorImpl.invoke(DelegatingMethodAccessorImpl.java:43)
	at java.lang.reflect.Method.invoke(Method.java:498)
	at org.junit.runners.model.FrameworkMethod$1.runReflectiveCall(FrameworkMethod.java:47)
	at org.junit.internal.runners.model.ReflectiveCallable.run(ReflectiveCallable.java:12)
	at org.junit.runners.model.FrameworkMethod.invokeExplosively(FrameworkMethod.java:44)
	at org.junit.internal.runners.statements.InvokeMethod.evaluate(InvokeMethod.java:17)
	at org.junit.internal.runners.statements.RunBefores.evaluate(RunBefores.java:26)
	at org.junit.internal.runners.statements.RunAfters.evaluate(RunAfters.java:27)
	at org.junit.runners.ParentRunner.runLeaf(ParentRunner.java:271)
	at org.junit.runners.BlockJUnit4ClassRunner.runChild(BlockJUnit4ClassRunner.java:70)
	at org.junit.runners.BlockJUnit4ClassRunner.runChild(BlockJUnit4ClassRunner.java:50)
	at org.junit.runners.ParentRunner$3.run(ParentRunner.java:238)
	at org.junit.runners.ParentRunner$1.schedule(ParentRunner.java:63)
	at org.junit.runners.ParentRunner.runChildren(ParentRunner.java:236)
	at org.junit.runners.ParentRunner.access$000(ParentRunner.java:53)
	at org.junit.runners.ParentRunner$2.evaluate(ParentRunner.java:229)
	at org.junit.runners.ParentRunner.run(ParentRunner.java:309)
	at org.apache.maven.surefire.junit4.JUnit4Provider.execute(JUnit4Provider.java:365)
	at org.apache.maven.surefire.junit4.JUnit4Provider.executeWithRerun(JUnit4Provider.java:273)
	at org.apache.maven.surefire.junit4.JUnit4Provider.executeTestSet(JUnit4Provider.java:238)
	at org.apache.maven.surefire.junit4.JUnit4Provider.invoke(JUnit4Provider.java:159)
	at org.apache.maven.surefire.booter.ForkedBooter.invokeProviderInSameClassLoader(ForkedBooter.java:384)
	at org.apache.maven.surefire.booter.ForkedBooter.runSuitesInProcess(ForkedBooter.java:345)
	at org.apache.maven.surefire.booter.ForkedBooter.execute(ForkedBooter.java:126)
	at org.apache.maven.surefire.booter.ForkedBooter.main(ForkedBooter.java:418)
]]></failure>
    <system-out><![CDATA[2019-10-07 12:35:32,631 [main] WARN  server.ServerUtils (ServerUtils.java:getScmDbDir(145)) - ozone.scm.db.dirs is not configured. We recommend adding this setting. Falling back to ozone.metadata.dirs instead.
2019-10-07 12:35:32,644 [main] WARN  server.ServerUtils (ServerUtils.java:getScmDbDir(145)) - ozone.scm.db.dirs is not configured. We recommend adding this setting. Falling back to ozone.metadata.dirs instead.
2019-10-07 12:35:32,645 [main] WARN  server.ServerUtils (ServerUtils.java:getScmDbDir(145)) - ozone.scm.db.dirs is not configured. We recommend adding this setting. Falling back to ozone.metadata.dirs instead.
2019-10-07 12:35:32,645 [main] INFO  db.DBStoreBuilder (DBStoreBuilder.java:addTable(117)) - using custom profile for table: deletedBlocks
2019-10-07 12:35:32,646 [main] INFO  db.DBStoreBuilder (DBStoreBuilder.java:processTables(168)) - Using default column profile:DBProfile.DISK for Table:deletedBlocks
2019-10-07 12:35:32,646 [main] INFO  db.DBStoreBuilder (DBStoreBuilder.java:addTable(117)) - using custom profile for table: validCerts
2019-10-07 12:35:32,646 [main] INFO  db.DBStoreBuilder (DBStoreBuilder.java:processTables(168)) - Using default column profile:DBProfile.DISK for Table:validCerts
2019-10-07 12:35:32,646 [main] INFO  db.DBStoreBuilder (DBStoreBuilder.java:addTable(117)) - using custom profile for table: revokedCerts
2019-10-07 12:35:32,646 [main] INFO  db.DBStoreBuilder (DBStoreBuilder.java:processTables(168)) - Using default column profile:DBProfile.DISK for Table:revokedCerts
2019-10-07 12:35:32,646 [main] INFO  db.DBStoreBuilder (DBStoreBuilder.java:addTable(117)) - using custom profile for table: default
2019-10-07 12:35:32,647 [main] INFO  db.DBStoreBuilder (DBStoreBuilder.java:processTables(174)) - Using default column profile:DBProfile.DISK for Table:default
2019-10-07 12:35:32,647 [main] INFO  db.DBStoreBuilder (DBStoreBuilder.java:getDbProfile(205)) - Using default options. DBProfile.DISK
2019-10-07 12:35:32,788 [main] INFO  net.NodeSchemaLoader (NodeSchemaLoader.java:loadSchemaFromFile(125)) - Loading file from sun.misc.CompoundEnumeration@3a109ff7
2019-10-07 12:35:32,788 [main] INFO  net.NodeSchemaLoader (NodeSchemaLoader.java:loadSchema(171)) - Loading network topology layer schema file
2019-10-07 12:35:32,793 [main] INFO  node.SCMNodeManager (SCMNodeManager.java:<init>(116)) - Entering startup safe mode.
2019-10-07 12:35:32,794 [main] INFO  algorithms.ContainerPlacementPolicyFactory (ContainerPlacementPolicyFactory.java:getPolicy(57)) - Create container placement policy of type org.apache.hadoop.hdds.scm.container.placement.algorithms.SCMContainerPlacementRandom
2019-10-07 12:35:32,794 [main] WARN  server.ServerUtils (ServerUtils.java:getScmDbDir(145)) - ozone.scm.db.dirs is not configured. We recommend adding this setting. Falling back to ozone.metadata.dirs instead.
2019-10-07 12:35:32,842 [main] INFO  pipeline.SCMPipelineManager (SCMPipelineManager.java:initializePipelineState(132)) - No pipeline exists in current db
2019-10-07 12:35:32,842 [main] WARN  server.ServerUtils (ServerUtils.java:getScmDbDir(145)) - ozone.scm.db.dirs is not configured. We recommend adding this setting. Falling back to ozone.metadata.dirs instead.
2019-10-07 12:35:32,894 [main] WARN  events.EventQueue (EventQueue.java:fireEvent(183)) - No event handler registered for event TypedEvent{payloadType=SafeModeStatus, name='SafeModeStatus'}
2019-10-07 12:35:32,894 [main] INFO  ipc.CallQueueManager (CallQueueManager.java:<init>(84)) - Using callQueue: class java.util.concurrent.LinkedBlockingQueue, queueCapacity: 2000, scheduler: class org.apache.hadoop.ipc.DefaultRpcScheduler, ipcBackoff: false.
2019-10-07 12:35:32,896 [Socket Reader #1 for port 34866] INFO  ipc.Server (Server.java:run(1074)) - Starting Socket Reader #1 for port 34866
2019-10-07 12:35:32,898 [main] INFO  ipc.CallQueueManager (CallQueueManager.java:<init>(84)) - Using callQueue: class java.util.concurrent.LinkedBlockingQueue, queueCapacity: 2000, scheduler: class org.apache.hadoop.ipc.DefaultRpcScheduler, ipcBackoff: false.
2019-10-07 12:35:32,899 [Socket Reader #1 for port 35675] INFO  ipc.Server (Server.java:run(1074)) - Starting Socket Reader #1 for port 35675
2019-10-07 12:35:32,901 [main] INFO  ipc.CallQueueManager (CallQueueManager.java:<init>(84)) - Using callQueue: class java.util.concurrent.LinkedBlockingQueue, queueCapacity: 2000, scheduler: class org.apache.hadoop.ipc.DefaultRpcScheduler, ipcBackoff: false.
2019-10-07 12:35:32,902 [Socket Reader #1 for port 42062] INFO  ipc.Server (Server.java:run(1074)) - Starting Socket Reader #1 for port 42062
2019-10-07 12:35:32,907 [main] INFO  hdfs.DFSUtil (DFSUtil.java:httpServerTemplateForNNAndJN(1641)) - Starting Web-server for scm at: http://0.0.0.0:0
2019-10-07 12:35:32,912 [main] INFO  server.AuthenticationFilter (AuthenticationFilter.java:constructSecretProvider(240)) - Unable to initialize FileSignerSecretProvider, falling back to use random secrets.
2019-10-07 12:35:32,913 [main] WARN  http.HttpRequestLog (HttpRequestLog.java:getRequestLog(97)) - Jetty request log can only be enabled using Log4j
2019-10-07 12:35:32,915 [main] INFO  http.HttpServer2 (HttpServer2.java:addGlobalFilter(975)) - Added global filter 'safety' (class=org.apache.hadoop.http.HttpServer2$QuotingInputFilter)
2019-10-07 12:35:32,915 [main] INFO  http.HttpServer2 (HttpServer2.java:addFilter(948)) - Added filter static_user_filter (class=org.apache.hadoop.http.lib.StaticUserWebFilter$StaticUserFilter) to context scm
2019-10-07 12:35:32,916 [main] INFO  http.HttpServer2 (HttpServer2.java:addFilter(958)) - Added filter static_user_filter (class=org.apache.hadoop.http.lib.StaticUserWebFilter$StaticUserFilter) to context logs
2019-10-07 12:35:32,916 [main] INFO  http.HttpServer2 (HttpServer2.java:addFilter(958)) - Added filter static_user_filter (class=org.apache.hadoop.http.lib.StaticUserWebFilter$StaticUserFilter) to context static
2019-10-07 12:35:32,918 [main] INFO  server.StorageContainerManager (StorageContainerManager.java:start(770)) - StorageContainerLocationProtocol RPC server is listening at /0.0.0.0:42062
2019-10-07 12:35:32,920 [main] WARN  impl.MetricsConfig (MetricsConfig.java:loadFirst(134)) - Cannot locate configuration: tried hadoop-metrics2-storagecontainermanager.properties,hadoop-metrics2.properties
2019-10-07 12:35:32,921 [main] INFO  impl.MetricsSystemImpl (MetricsSystemImpl.java:startTimer(374)) - Scheduled Metric snapshot period at 10 second(s).
2019-10-07 12:35:32,922 [main] INFO  impl.MetricsSystemImpl (MetricsSystemImpl.java:start(191)) - StorageContainerManager metrics system started
2019-10-07 12:35:33,125 [main] WARN  impl.MetricsSystemImpl (MetricsSystemImpl.java:register(276)) - Sink prometheus already exists!
2019-10-07 12:35:33,193 [main] INFO  server.SCMClientProtocolServer (SCMClientProtocolServer.java:start(159)) - RPC server for Client  is listening at /0.0.0.0:42062
2019-10-07 12:35:33,193 [IPC Server Responder] INFO  ipc.Server (Server.java:run(1314)) - IPC Server Responder: starting
2019-10-07 12:35:33,193 [IPC Server listener on 42062] INFO  ipc.Server (Server.java:run(1153)) - IPC Server listener on 42062: starting
2019-10-07 12:35:33,200 [main] INFO  server.StorageContainerManager (StorageContainerManager.java:start(780)) - ScmBlockLocationProtocol RPC server is listening at /0.0.0.0:35675
2019-10-07 12:35:33,200 [main] INFO  server.SCMBlockProtocolServer (SCMBlockProtocolServer.java:start(146)) - RPC server for Block Protocol is listening at /0.0.0.0:35675
2019-10-07 12:35:33,201 [IPC Server Responder] INFO  ipc.Server (Server.java:run(1314)) - IPC Server Responder: starting
2019-10-07 12:35:33,201 [IPC Server listener on 35675] INFO  ipc.Server (Server.java:run(1153)) - IPC Server listener on 35675: starting
2019-10-07 12:35:33,207 [main] INFO  server.StorageContainerManager (StorageContainerManager.java:start(784)) - ScmDatanodeProtocl RPC server is listening at /0.0.0.0:34866
2019-10-07 12:35:33,207 [main] INFO  server.SCMDatanodeProtocolServer (SCMDatanodeProtocolServer.java:start(169)) - RPC server for DataNodes is listening at /0.0.0.0:34866
2019-10-07 12:35:33,208 [IPC Server Responder] INFO  ipc.Server (Server.java:run(1314)) - IPC Server Responder: starting
2019-10-07 12:35:33,208 [IPC Server listener on 34866] INFO  ipc.Server (Server.java:run(1153)) - IPC Server listener on 34866: starting
2019-10-07 12:35:33,219 [main] INFO  http.HttpServer2 (HttpServer2.java:bindListener(1191)) - Jetty bound to port 46413
2019-10-07 12:35:33,219 [main] INFO  server.Server (Server.java:doStart(351)) - jetty-9.3.25.v20180904, build timestamp: 2018-09-04T21:11:46Z, git hash: 3ce520221d0240229c862b122d2b06c12a625732
2019-10-07 12:35:33,222 [main] INFO  handler.ContextHandler (ContextHandler.java:doStart(781)) - Started o.e.j.s.ServletContextHandler@799f354a{/logs,file:///workdir/hadoop-ozone/integration-test/target/log,AVAILABLE}
2019-10-07 12:35:33,222 [main] INFO  handler.ContextHandler (ContextHandler.java:doStart(781)) - Started o.e.j.s.ServletContextHandler@159ac15f{/static,file:///workdir/hadoop-ozone/integration-test/target/test-classes/webapps/static,AVAILABLE}
2019-10-07 12:35:33,228 [main] INFO  handler.ContextHandler (ContextHandler.java:doStart(781)) - Started o.e.j.w.WebAppContext@6d969330{/,file:///workdir/hadoop-ozone/integration-test/target/test-classes/webapps/scm/,AVAILABLE}{/scm}
2019-10-07 12:35:33,229 [main] INFO  server.AbstractConnector (AbstractConnector.java:doStart(278)) - Started ServerConnector@4861cca9{HTTP/1.1,[http/1.1]}{0.0.0.0:46413}
2019-10-07 12:35:33,230 [main] INFO  server.Server (Server.java:doStart(419)) - Started @574041ms
2019-10-07 12:35:33,230 [main] WARN  impl.MetricsSystemImpl (MetricsSystemImpl.java:register(276)) - Sink prometheus already exists!
2019-10-07 12:35:33,231 [main] INFO  server.BaseHttpServer (BaseHttpServer.java:updateConnectorAddress(215)) - HTTP server of SCM is listening at http://0.0.0.0:46413
2019-10-07 12:35:33,234 [org.apache.hadoop.util.JvmPauseMonitor$Monitor@714e861f] INFO  util.JvmPauseMonitor (JvmPauseMonitor.java:run(188)) - Starting JVM pause monitor
2019-10-07 12:35:33,234 [main] WARN  server.ServerUtils (ServerUtils.java:getDBPath(222)) - ozone.om.db.dirs is not configured. We recommend adding this setting. Falling back to ozone.metadata.dirs instead.
2019-10-07 12:35:33,247 [main] INFO  ha.OMHANodeDetails (OMHANodeDetails.java:loadOMHAConfig(190)) - Configuration either no ozone.om.address set. Falling back to the default OM address /127.0.0.1:0
2019-10-07 12:35:33,247 [main] INFO  ha.OMHANodeDetails (OMHANodeDetails.java:getOMNodeDetails(220)) - OM Service ID is not set. Setting it to the default ID: omServiceIdDefault
2019-10-07 12:35:33,248 [main] WARN  server.ServerUtils (ServerUtils.java:getDBPath(222)) - ozone.om.db.dirs is not configured. We recommend adding this setting. Falling back to ozone.metadata.dirs instead.
2019-10-07 12:35:33,248 [main] WARN  server.ServerUtils (ServerUtils.java:getDBPath(222)) - ozone.om.db.dirs is not configured. We recommend adding this setting. Falling back to ozone.metadata.dirs instead.
2019-10-07 12:35:33,258 [main] WARN  server.ServerUtils (ServerUtils.java:getDBPath(222)) - ozone.om.db.dirs is not configured. We recommend adding this setting. Falling back to ozone.metadata.dirs instead.
2019-10-07 12:35:33,258 [main] INFO  db.DBStoreBuilder (DBStoreBuilder.java:addTable(117)) - using custom profile for table: userTable
2019-10-07 12:35:33,259 [main] INFO  db.DBStoreBuilder (DBStoreBuilder.java:processTables(168)) - Using default column profile:DBProfile.DISK for Table:userTable
2019-10-07 12:35:33,259 [main] INFO  db.DBStoreBuilder (DBStoreBuilder.java:addTable(117)) - using custom profile for table: volumeTable
2019-10-07 12:35:33,259 [main] INFO  db.DBStoreBuilder (DBStoreBuilder.java:processTables(168)) - Using default column profile:DBProfile.DISK for Table:volumeTable
2019-10-07 12:35:33,259 [main] INFO  db.DBStoreBuilder (DBStoreBuilder.java:addTable(117)) - using custom profile for table: bucketTable
2019-10-07 12:35:33,260 [main] INFO  db.DBStoreBuilder (DBStoreBuilder.java:processTables(168)) - Using default column profile:DBProfile.DISK for Table:bucketTable
2019-10-07 12:35:33,260 [main] INFO  db.DBStoreBuilder (DBStoreBuilder.java:addTable(117)) - using custom profile for table: keyTable
2019-10-07 12:35:33,260 [main] INFO  db.DBStoreBuilder (DBStoreBuilder.java:processTables(168)) - Using default column profile:DBProfile.DISK for Table:keyTable
2019-10-07 12:35:33,260 [main] INFO  db.DBStoreBuilder (DBStoreBuilder.java:addTable(117)) - using custom profile for table: deletedTable
2019-10-07 12:35:33,260 [main] INFO  db.DBStoreBuilder (DBStoreBuilder.java:processTables(168)) - Using default column profile:DBProfile.DISK for Table:deletedTable
2019-10-07 12:35:33,261 [main] INFO  db.DBStoreBuilder (DBStoreBuilder.java:addTable(117)) - using custom profile for table: openKeyTable
2019-10-07 12:35:33,261 [main] INFO  db.DBStoreBuilder (DBStoreBuilder.java:processTables(168)) - Using default column profile:DBProfile.DISK for Table:openKeyTable
2019-10-07 12:35:33,261 [main] INFO  db.DBStoreBuilder (DBStoreBuilder.java:addTable(117)) - using custom profile for table: s3Table
2019-10-07 12:35:33,261 [main] INFO  db.DBStoreBuilder (DBStoreBuilder.java:processTables(168)) - Using default column profile:DBProfile.DISK for Table:s3Table
2019-10-07 12:35:33,262 [main] INFO  db.DBStoreBuilder (DBStoreBuilder.java:addTable(117)) - using custom profile for table: multipartInfoTable
2019-10-07 12:35:33,262 [main] INFO  db.DBStoreBuilder (DBStoreBuilder.java:processTables(168)) - Using default column profile:DBProfile.DISK for Table:multipartInfoTable
2019-10-07 12:35:33,262 [main] INFO  db.DBStoreBuilder (DBStoreBuilder.java:addTable(117)) - using custom profile for table: dTokenTable
2019-10-07 12:35:33,262 [main] INFO  db.DBStoreBuilder (DBStoreBuilder.java:processTables(168)) - Using default column profile:DBProfile.DISK for Table:dTokenTable
2019-10-07 12:35:33,262 [main] INFO  db.DBStoreBuilder (DBStoreBuilder.java:addTable(117)) - using custom profile for table: s3SecretTable
2019-10-07 12:35:33,263 [main] INFO  db.DBStoreBuilder (DBStoreBuilder.java:processTables(168)) - Using default column profile:DBProfile.DISK for Table:s3SecretTable
2019-10-07 12:35:33,263 [main] INFO  db.DBStoreBuilder (DBStoreBuilder.java:addTable(117)) - using custom profile for table: prefixTable
2019-10-07 12:35:33,263 [main] INFO  db.DBStoreBuilder (DBStoreBuilder.java:processTables(168)) - Using default column profile:DBProfile.DISK for Table:prefixTable
2019-10-07 12:35:33,263 [main] INFO  db.DBStoreBuilder (DBStoreBuilder.java:addTable(117)) - using custom profile for table: default
2019-10-07 12:35:33,263 [main] INFO  db.DBStoreBuilder (DBStoreBuilder.java:processTables(174)) - Using default column profile:DBProfile.DISK for Table:default
2019-10-07 12:35:33,264 [main] INFO  db.DBStoreBuilder (DBStoreBuilder.java:getDbProfile(205)) - Using default options. DBProfile.DISK
2019-10-07 12:35:33,724 [main] INFO  ipc.CallQueueManager (CallQueueManager.java:<init>(84)) - Using callQueue: class java.util.concurrent.LinkedBlockingQueue, queueCapacity: 2000, scheduler: class org.apache.hadoop.ipc.DefaultRpcScheduler, ipcBackoff: false.
2019-10-07 12:35:33,725 [Socket Reader #1 for port 34395] INFO  ipc.Server (Server.java:run(1074)) - Starting Socket Reader #1 for port 34395
2019-10-07 12:35:33,738 [main] INFO  om.OzoneManager (OzoneManager.java:start(1069)) - OzoneManager RPC server is listening at localhost/127.0.0.1:34395
2019-10-07 12:35:33,738 [main] INFO  impl.MetricsSystemImpl (MetricsSystemImpl.java:init(158)) - OzoneManager metrics system started (again)
2019-10-07 12:35:33,739 [IPC Server Responder] INFO  ipc.Server (Server.java:run(1314)) - IPC Server Responder: starting
2019-10-07 12:35:33,739 [IPC Server listener on 34395] INFO  ipc.Server (Server.java:run(1153)) - IPC Server listener on 34395: starting
2019-10-07 12:35:33,747 [main] INFO  hdfs.DFSUtil (DFSUtil.java:httpServerTemplateForNNAndJN(1641)) - Starting Web-server for ozoneManager at: http://0.0.0.0:0
2019-10-07 12:35:33,748 [main] INFO  server.AuthenticationFilter (AuthenticationFilter.java:constructSecretProvider(240)) - Unable to initialize FileSignerSecretProvider, falling back to use random secrets.
2019-10-07 12:35:33,749 [main] WARN  http.HttpRequestLog (HttpRequestLog.java:getRequestLog(97)) - Jetty request log can only be enabled using Log4j
2019-10-07 12:35:33,751 [main] INFO  http.HttpServer2 (HttpServer2.java:addGlobalFilter(975)) - Added global filter 'safety' (class=org.apache.hadoop.http.HttpServer2$QuotingInputFilter)
2019-10-07 12:35:33,751 [main] INFO  http.HttpServer2 (HttpServer2.java:addFilter(948)) - Added filter static_user_filter (class=org.apache.hadoop.http.lib.StaticUserWebFilter$StaticUserFilter) to context ozoneManager
2019-10-07 12:35:33,751 [main] INFO  http.HttpServer2 (HttpServer2.java:addFilter(958)) - Added filter static_user_filter (class=org.apache.hadoop.http.lib.StaticUserWebFilter$StaticUserFilter) to context logs
2019-10-07 12:35:33,752 [main] INFO  http.HttpServer2 (HttpServer2.java:addFilter(958)) - Added filter static_user_filter (class=org.apache.hadoop.http.lib.StaticUserWebFilter$StaticUserFilter) to context static
2019-10-07 12:35:33,752 [main] INFO  http.HttpServer2 (HttpServer2.java:bindListener(1191)) - Jetty bound to port 32851
2019-10-07 12:35:33,752 [main] INFO  server.Server (Server.java:doStart(351)) - jetty-9.3.25.v20180904, build timestamp: 2018-09-04T21:11:46Z, git hash: 3ce520221d0240229c862b122d2b06c12a625732
2019-10-07 12:35:33,754 [main] INFO  handler.ContextHandler (ContextHandler.java:doStart(781)) - Started o.e.j.s.ServletContextHandler@34d9df9f{/logs,file:///workdir/hadoop-ozone/integration-test/target/log,AVAILABLE}
2019-10-07 12:35:33,755 [main] INFO  handler.ContextHandler (ContextHandler.java:doStart(781)) - Started o.e.j.s.ServletContextHandler@60807fd9{/static,file:///workdir/hadoop-ozone/integration-test/target/test-classes/webapps/static,AVAILABLE}
2019-10-07 12:35:33,759 [main] INFO  handler.ContextHandler (ContextHandler.java:doStart(781)) - Started o.e.j.w.WebAppContext@6b16de91{/,file:///workdir/hadoop-ozone/integration-test/target/test-classes/webapps/ozoneManager/,AVAILABLE}{/ozoneManager}
2019-10-07 12:35:33,759 [main] INFO  server.AbstractConnector (AbstractConnector.java:doStart(278)) - Started ServerConnector@71bb8b34{HTTP/1.1,[http/1.1]}{0.0.0.0:32851}
2019-10-07 12:35:33,761 [main] INFO  server.Server (Server.java:doStart(419)) - Started @574572ms
2019-10-07 12:35:33,761 [main] WARN  impl.MetricsSystemImpl (MetricsSystemImpl.java:register(276)) - Sink prometheus already exists!
2019-10-07 12:35:33,762 [main] INFO  server.BaseHttpServer (BaseHttpServer.java:updateConnectorAddress(215)) - HTTP server of OZONEMANAGER is listening at http://0.0.0.0:32851
2019-10-07 12:35:33,778 [main] INFO  impl.MetricsSystemImpl (MetricsSystemImpl.java:init(158)) - HddsDatanode metrics system started (again)
2019-10-07 12:35:33,783 [main] INFO  ozone.HddsDatanodeService (HddsDatanodeService.java:start(184)) - HddsDatanodeService host:pr-hdds-2262-rg9fl-2107095119 ip:192.168.30.23
2019-10-07 12:35:33,791 [main] INFO  volume.HddsVolume (HddsVolume.java:<init>(176)) - Creating Volume: /workdir/hadoop-ozone/integration-test/target/test-dir/MiniOzoneClusterImpl-c08a8652-cb2a-478b-8eac-982176e8ab68/datanode-0/data/containers/hdds of  storage type : DISK and capacity : 1482555576320
2019-10-07 12:35:33,791 [main] INFO  volume.VolumeSet (VolumeSet.java:initializeVolumeSet(170)) - Added Volume : /workdir/hadoop-ozone/integration-test/target/test-dir/MiniOzoneClusterImpl-c08a8652-cb2a-478b-8eac-982176e8ab68/datanode-0/data/containers/hdds to VolumeSet
2019-10-07 12:35:33,791 [main] INFO  volume.ThrottledAsyncChecker (ThrottledAsyncChecker.java:schedule(139)) - Scheduling a check for org.apache.hadoop.ozone.container.common.volume.HddsVolume@30159886
2019-10-07 12:35:33,794 [main] INFO  volume.HddsVolumeChecker (HddsVolumeChecker.java:checkAllVolumes(202)) - Scheduled health check for volume org.apache.hadoop.ozone.container.common.volume.HddsVolume@30159886
2019-10-07 12:35:33,811 [main] INFO  impl.RaftServerProxy (ConfUtils.java:logGet(43)) - raft.rpc.type = GRPC (default)
2019-10-07 12:35:33,812 [main] INFO  grpc.GrpcFactory (GrpcFactory.java:checkPooledByteBufAllocatorUseCacheForAllThreads(45)) - PERFORMANCE WARNING: useCacheForAllThreads is true that may cause Netty to create a lot garbage objects and, as a result, trigger GC.
	It is recommended to disable useCacheForAllThreads by setting -Dorg.apache.ratis.thirdparty.io.netty.allocator.useCacheForAllThreads=false in command line.
2019-10-07 12:35:33,812 [main] INFO  grpc.GrpcConfigKeys$Server (ConfUtils.java:logGet(43)) - raft.grpc.server.port = 0 (default)
2019-10-07 12:35:33,812 [main] INFO  server.GrpcService (ConfUtils.java:logGet(43)) - raft.grpc.message.size.max = 33570816 (custom)
2019-10-07 12:35:33,812 [main] INFO  server.RaftServerConfigKeys (ConfUtils.java:logGet(43)) - raft.server.log.appender.buffer.byte-limit = 33554432 (custom)
2019-10-07 12:35:33,813 [main] INFO  server.GrpcService (ConfUtils.java:logGet(43)) - raft.grpc.flow.control.window = 1MB (=1048576) (default)
2019-10-07 12:35:33,813 [main] INFO  server.RaftServerConfigKeys (ConfUtils.java:logGet(43)) - raft.server.rpc.request.timeout = 3000ms (default)
2019-10-07 12:35:33,814 [main] INFO  server.RaftServerConfigKeys (ConfUtils.java:logGet(43)) - raft.server.storage.dir = [/workdir/hadoop-ozone/integration-test/target/test-dir/MiniOzoneClusterImpl-c08a8652-cb2a-478b-8eac-982176e8ab68/datanode-0/data/ratis] (custom)
2019-10-07 12:35:33,815 [main] INFO  hdfs.DFSUtil (DFSUtil.java:httpServerTemplateForNNAndJN(1641)) - Starting Web-server for hddsDatanode at: http://0.0.0.0:0
2019-10-07 12:35:33,817 [main] INFO  server.AuthenticationFilter (AuthenticationFilter.java:constructSecretProvider(240)) - Unable to initialize FileSignerSecretProvider, falling back to use random secrets.
2019-10-07 12:35:33,817 [main] WARN  http.HttpRequestLog (HttpRequestLog.java:getRequestLog(97)) - Jetty request log can only be enabled using Log4j
2019-10-07 12:35:33,819 [main] INFO  http.HttpServer2 (HttpServer2.java:addGlobalFilter(975)) - Added global filter 'safety' (class=org.apache.hadoop.http.HttpServer2$QuotingInputFilter)
2019-10-07 12:35:33,819 [main] INFO  http.HttpServer2 (HttpServer2.java:addFilter(948)) - Added filter static_user_filter (class=org.apache.hadoop.http.lib.StaticUserWebFilter$StaticUserFilter) to context hddsDatanode
2019-10-07 12:35:33,820 [main] INFO  http.HttpServer2 (HttpServer2.java:addFilter(958)) - Added filter static_user_filter (class=org.apache.hadoop.http.lib.StaticUserWebFilter$StaticUserFilter) to context static
2019-10-07 12:35:33,820 [main] INFO  http.HttpServer2 (HttpServer2.java:addFilter(958)) - Added filter static_user_filter (class=org.apache.hadoop.http.lib.StaticUserWebFilter$StaticUserFilter) to context logs
2019-10-07 12:35:33,820 [main] INFO  http.HttpServer2 (HttpServer2.java:bindListener(1191)) - Jetty bound to port 36907
2019-10-07 12:35:33,821 [main] INFO  server.Server (Server.java:doStart(351)) - jetty-9.3.25.v20180904, build timestamp: 2018-09-04T21:11:46Z, git hash: 3ce520221d0240229c862b122d2b06c12a625732
2019-10-07 12:35:33,822 [main] INFO  handler.ContextHandler (ContextHandler.java:doStart(781)) - Started o.e.j.s.ServletContextHandler@1544ded3{/logs,file:///workdir/hadoop-ozone/integration-test/target/log,AVAILABLE}
2019-10-07 12:35:33,823 [main] INFO  handler.ContextHandler (ContextHandler.java:doStart(781)) - Started o.e.j.s.ServletContextHandler@28b458e6{/static,jar:file:/home/user/.m2/repository/org/apache/hadoop/hadoop-hdds-container-service/0.5.0-SNAPSHOT/hadoop-hdds-container-service-0.5.0-SNAPSHOT.jar!/webapps/static,AVAILABLE}
2019-10-07 12:35:33,860 [main] INFO  handler.ContextHandler (ContextHandler.java:doStart(781)) - Started o.e.j.w.WebAppContext@147e0734{/,file:///tmp/jetty-0.0.0.0-36907-hddsDatanode-_-any-4017137585386578696.dir/webapp/,AVAILABLE}{/hddsDatanode}
2019-10-07 12:35:33,860 [main] INFO  server.AbstractConnector (AbstractConnector.java:doStart(278)) - Started ServerConnector@2bdab835{HTTP/1.1,[http/1.1]}{0.0.0.0:36907}
2019-10-07 12:35:33,860 [main] INFO  server.Server (Server.java:doStart(419)) - Started @574671ms
2019-10-07 12:35:33,862 [main] WARN  impl.MetricsSystemImpl (MetricsSystemImpl.java:register(276)) - Sink prometheus already exists!
2019-10-07 12:35:33,863 [main] INFO  server.BaseHttpServer (BaseHttpServer.java:updateConnectorAddress(215)) - HTTP server of HDDSDATANODE is listening at http://0.0.0.0:36907
2019-10-07 12:35:33,863 [main] INFO  impl.MetricsSystemImpl (MetricsSystemImpl.java:init(158)) - HddsDatanode metrics system started (again)
2019-10-07 12:35:33,868 [org.apache.hadoop.util.JvmPauseMonitor$Monitor@15ddb20b] INFO  util.JvmPauseMonitor (JvmPauseMonitor.java:run(188)) - Starting JVM pause monitor
2019-10-07 12:35:33,869 [main] INFO  ozone.HddsDatanodeService (HddsDatanodeService.java:start(184)) - HddsDatanodeService host:pr-hdds-2262-rg9fl-2107095119 ip:192.168.30.23
2019-10-07 12:35:33,871 [Datanode State Machine Thread - 0] INFO  datanode.InitDatanodeState (InitDatanodeState.java:persistContainerDatanodeDetails(140)) - DatanodeDetails is persisted to /workdir/hadoop-ozone/integration-test/target/test-dir/MiniOzoneClusterImpl-c08a8652-cb2a-478b-8eac-982176e8ab68/datanode-0/meta/datanode.id
2019-10-07 12:35:33,876 [main] INFO  volume.HddsVolume (HddsVolume.java:<init>(176)) - Creating Volume: /workdir/hadoop-ozone/integration-test/target/test-dir/MiniOzoneClusterImpl-c08a8652-cb2a-478b-8eac-982176e8ab68/datanode-1/data/containers/hdds of  storage type : DISK and capacity : 1482555576320
2019-10-07 12:35:33,876 [main] INFO  volume.VolumeSet (VolumeSet.java:initializeVolumeSet(170)) - Added Volume : /workdir/hadoop-ozone/integration-test/target/test-dir/MiniOzoneClusterImpl-c08a8652-cb2a-478b-8eac-982176e8ab68/datanode-1/data/containers/hdds to VolumeSet
2019-10-07 12:35:33,877 [main] INFO  volume.ThrottledAsyncChecker (ThrottledAsyncChecker.java:schedule(139)) - Scheduling a check for org.apache.hadoop.ozone.container.common.volume.HddsVolume@5a7b6b75
2019-10-07 12:35:33,877 [main] INFO  volume.HddsVolumeChecker (HddsVolumeChecker.java:checkAllVolumes(202)) - Scheduled health check for volume org.apache.hadoop.ozone.container.common.volume.HddsVolume@5a7b6b75
2019-10-07 12:35:33,892 [main] INFO  impl.RaftServerProxy (ConfUtils.java:logGet(43)) - raft.rpc.type = GRPC (default)
2019-10-07 12:35:33,893 [main] INFO  grpc.GrpcFactory (GrpcFactory.java:checkPooledByteBufAllocatorUseCacheForAllThreads(45)) - PERFORMANCE WARNING: useCacheForAllThreads is true that may cause Netty to create a lot garbage objects and, as a result, trigger GC.
	It is recommended to disable useCacheForAllThreads by setting -Dorg.apache.ratis.thirdparty.io.netty.allocator.useCacheForAllThreads=false in command line.
2019-10-07 12:35:33,893 [main] INFO  grpc.GrpcConfigKeys$Server (ConfUtils.java:logGet(43)) - raft.grpc.server.port = 0 (default)
2019-10-07 12:35:33,893 [main] INFO  server.GrpcService (ConfUtils.java:logGet(43)) - raft.grpc.message.size.max = 33570816 (custom)
2019-10-07 12:35:33,893 [main] INFO  server.RaftServerConfigKeys (ConfUtils.java:logGet(43)) - raft.server.log.appender.buffer.byte-limit = 33554432 (custom)
2019-10-07 12:35:33,893 [main] INFO  server.GrpcService (ConfUtils.java:logGet(43)) - raft.grpc.flow.control.window = 1MB (=1048576) (default)
2019-10-07 12:35:33,894 [main] INFO  server.RaftServerConfigKeys (ConfUtils.java:logGet(43)) - raft.server.rpc.request.timeout = 3000ms (default)
2019-10-07 12:35:33,894 [main] INFO  server.RaftServerConfigKeys (ConfUtils.java:logGet(43)) - raft.server.storage.dir = [/workdir/hadoop-ozone/integration-test/target/test-dir/MiniOzoneClusterImpl-c08a8652-cb2a-478b-8eac-982176e8ab68/datanode-1/data/ratis] (custom)
2019-10-07 12:35:33,895 [main] INFO  hdfs.DFSUtil (DFSUtil.java:httpServerTemplateForNNAndJN(1641)) - Starting Web-server for hddsDatanode at: http://0.0.0.0:0
2019-10-07 12:35:33,896 [main] INFO  server.AuthenticationFilter (AuthenticationFilter.java:constructSecretProvider(240)) - Unable to initialize FileSignerSecretProvider, falling back to use random secrets.
2019-10-07 12:35:33,897 [main] WARN  http.HttpRequestLog (HttpRequestLog.java:getRequestLog(97)) - Jetty request log can only be enabled using Log4j
2019-10-07 12:35:33,898 [main] INFO  http.HttpServer2 (HttpServer2.java:addGlobalFilter(975)) - Added global filter 'safety' (class=org.apache.hadoop.http.HttpServer2$QuotingInputFilter)
2019-10-07 12:35:33,899 [main] INFO  http.HttpServer2 (HttpServer2.java:addFilter(948)) - Added filter static_user_filter (class=org.apache.hadoop.http.lib.StaticUserWebFilter$StaticUserFilter) to context hddsDatanode
2019-10-07 12:35:33,899 [main] INFO  http.HttpServer2 (HttpServer2.java:addFilter(958)) - Added filter static_user_filter (class=org.apache.hadoop.http.lib.StaticUserWebFilter$StaticUserFilter) to context logs
2019-10-07 12:35:33,899 [main] INFO  http.HttpServer2 (HttpServer2.java:addFilter(958)) - Added filter static_user_filter (class=org.apache.hadoop.http.lib.StaticUserWebFilter$StaticUserFilter) to context static
2019-10-07 12:35:33,900 [main] INFO  http.HttpServer2 (HttpServer2.java:bindListener(1191)) - Jetty bound to port 36751
2019-10-07 12:35:33,900 [main] INFO  server.Server (Server.java:doStart(351)) - jetty-9.3.25.v20180904, build timestamp: 2018-09-04T21:11:46Z, git hash: 3ce520221d0240229c862b122d2b06c12a625732
2019-10-07 12:35:34,134 [main] INFO  handler.ContextHandler (ContextHandler.java:doStart(781)) - Started o.e.j.s.ServletContextHandler@28e7bb31{/logs,file:///workdir/hadoop-ozone/integration-test/target/log,AVAILABLE}
2019-10-07 12:35:34,141 [main] INFO  handler.ContextHandler (ContextHandler.java:doStart(781)) - Started o.e.j.s.ServletContextHandler@1f758e4f{/static,jar:file:/home/user/.m2/repository/org/apache/hadoop/hadoop-hdds-container-service/0.5.0-SNAPSHOT/hadoop-hdds-container-service-0.5.0-SNAPSHOT.jar!/webapps/static,AVAILABLE}
2019-10-07 12:35:34,190 [main] INFO  handler.ContextHandler (ContextHandler.java:doStart(781)) - Started o.e.j.w.WebAppContext@aca3c85{/,file:///tmp/jetty-0.0.0.0-36751-hddsDatanode-_-any-3682618926606028628.dir/webapp/,AVAILABLE}{/hddsDatanode}
2019-10-07 12:35:34,191 [main] INFO  server.AbstractConnector (AbstractConnector.java:doStart(278)) - Started ServerConnector@45eab322{HTTP/1.1,[http/1.1]}{0.0.0.0:36751}
2019-10-07 12:35:34,191 [main] INFO  server.Server (Server.java:doStart(419)) - Started @575002ms
2019-10-07 12:35:34,191 [main] WARN  impl.MetricsSystemImpl (MetricsSystemImpl.java:register(276)) - Sink prometheus already exists!
2019-10-07 12:35:34,192 [main] INFO  server.BaseHttpServer (BaseHttpServer.java:updateConnectorAddress(215)) - HTTP server of HDDSDATANODE is listening at http://0.0.0.0:36751
2019-10-07 12:35:34,200 [main] INFO  impl.MetricsSystemImpl (MetricsSystemImpl.java:init(158)) - HddsDatanode metrics system started (again)
2019-10-07 12:35:34,217 [main] INFO  ozone.HddsDatanodeService (HddsDatanodeService.java:start(184)) - HddsDatanodeService host:pr-hdds-2262-rg9fl-2107095119 ip:192.168.30.23
2019-10-07 12:35:34,305 [main] INFO  volume.HddsVolume (HddsVolume.java:<init>(176)) - Creating Volume: /workdir/hadoop-ozone/integration-test/target/test-dir/MiniOzoneClusterImpl-c08a8652-cb2a-478b-8eac-982176e8ab68/datanode-2/data/containers/hdds of  storage type : DISK and capacity : 1482555576320
2019-10-07 12:35:34,306 [main] INFO  volume.VolumeSet (VolumeSet.java:initializeVolumeSet(170)) - Added Volume : /workdir/hadoop-ozone/integration-test/target/test-dir/MiniOzoneClusterImpl-c08a8652-cb2a-478b-8eac-982176e8ab68/datanode-2/data/containers/hdds to VolumeSet
2019-10-07 12:35:34,306 [main] INFO  volume.ThrottledAsyncChecker (ThrottledAsyncChecker.java:schedule(139)) - Scheduling a check for org.apache.hadoop.ozone.container.common.volume.HddsVolume@9281d19
2019-10-07 12:35:34,319 [main] INFO  volume.HddsVolumeChecker (HddsVolumeChecker.java:checkAllVolumes(202)) - Scheduled health check for volume org.apache.hadoop.ozone.container.common.volume.HddsVolume@9281d19
2019-10-07 12:35:34,344 [org.apache.hadoop.util.JvmPauseMonitor$Monitor@5b6e7291] INFO  util.JvmPauseMonitor (JvmPauseMonitor.java:run(188)) - Starting JVM pause monitor
2019-10-07 12:35:34,381 [Datanode State Machine Thread - 0] INFO  datanode.InitDatanodeState (InitDatanodeState.java:persistContainerDatanodeDetails(140)) - DatanodeDetails is persisted to /workdir/hadoop-ozone/integration-test/target/test-dir/MiniOzoneClusterImpl-c08a8652-cb2a-478b-8eac-982176e8ab68/datanode-1/meta/datanode.id
2019-10-07 12:35:34,417 [main] INFO  impl.RaftServerProxy (ConfUtils.java:logGet(43)) - raft.rpc.type = GRPC (default)
2019-10-07 12:35:34,417 [main] INFO  grpc.GrpcFactory (GrpcFactory.java:checkPooledByteBufAllocatorUseCacheForAllThreads(45)) - PERFORMANCE WARNING: useCacheForAllThreads is true that may cause Netty to create a lot garbage objects and, as a result, trigger GC.
	It is recommended to disable useCacheForAllThreads by setting -Dorg.apache.ratis.thirdparty.io.netty.allocator.useCacheForAllThreads=false in command line.
2019-10-07 12:35:34,417 [main] INFO  grpc.GrpcConfigKeys$Server (ConfUtils.java:logGet(43)) - raft.grpc.server.port = 0 (default)
2019-10-07 12:35:34,418 [main] INFO  server.GrpcService (ConfUtils.java:logGet(43)) - raft.grpc.message.size.max = 33570816 (custom)
2019-10-07 12:35:34,418 [main] INFO  server.RaftServerConfigKeys (ConfUtils.java:logGet(43)) - raft.server.log.appender.buffer.byte-limit = 33554432 (custom)
2019-10-07 12:35:34,418 [main] INFO  server.GrpcService (ConfUtils.java:logGet(43)) - raft.grpc.flow.control.window = 1MB (=1048576) (default)
2019-10-07 12:35:34,418 [main] INFO  server.RaftServerConfigKeys (ConfUtils.java:logGet(43)) - raft.server.rpc.request.timeout = 3000ms (default)
2019-10-07 12:35:34,419 [main] INFO  server.RaftServerConfigKeys (ConfUtils.java:logGet(43)) - raft.server.storage.dir = [/workdir/hadoop-ozone/integration-test/target/test-dir/MiniOzoneClusterImpl-c08a8652-cb2a-478b-8eac-982176e8ab68/datanode-2/data/ratis] (custom)
2019-10-07 12:35:34,420 [main] INFO  hdfs.DFSUtil (DFSUtil.java:httpServerTemplateForNNAndJN(1641)) - Starting Web-server for hddsDatanode at: http://0.0.0.0:0
2019-10-07 12:35:34,422 [main] INFO  server.AuthenticationFilter (AuthenticationFilter.java:constructSecretProvider(240)) - Unable to initialize FileSignerSecretProvider, falling back to use random secrets.
2019-10-07 12:35:34,423 [main] WARN  http.HttpRequestLog (HttpRequestLog.java:getRequestLog(97)) - Jetty request log can only be enabled using Log4j
2019-10-07 12:35:34,425 [main] INFO  http.HttpServer2 (HttpServer2.java:addGlobalFilter(975)) - Added global filter 'safety' (class=org.apache.hadoop.http.HttpServer2$QuotingInputFilter)
2019-10-07 12:35:34,425 [main] INFO  http.HttpServer2 (HttpServer2.java:addFilter(948)) - Added filter static_user_filter (class=org.apache.hadoop.http.lib.StaticUserWebFilter$StaticUserFilter) to context hddsDatanode
2019-10-07 12:35:34,426 [main] INFO  http.HttpServer2 (HttpServer2.java:addFilter(958)) - Added filter static_user_filter (class=org.apache.hadoop.http.lib.StaticUserWebFilter$StaticUserFilter) to context static
2019-10-07 12:35:34,426 [main] INFO  http.HttpServer2 (HttpServer2.java:addFilter(958)) - Added filter static_user_filter (class=org.apache.hadoop.http.lib.StaticUserWebFilter$StaticUserFilter) to context logs
2019-10-07 12:35:34,427 [main] INFO  http.HttpServer2 (HttpServer2.java:bindListener(1191)) - Jetty bound to port 35146
2019-10-07 12:35:34,427 [main] INFO  server.Server (Server.java:doStart(351)) - jetty-9.3.25.v20180904, build timestamp: 2018-09-04T21:11:46Z, git hash: 3ce520221d0240229c862b122d2b06c12a625732
2019-10-07 12:35:34,429 [main] INFO  handler.ContextHandler (ContextHandler.java:doStart(781)) - Started o.e.j.s.ServletContextHandler@4a9b3956{/logs,file:///workdir/hadoop-ozone/integration-test/target/log,AVAILABLE}
2019-10-07 12:35:34,429 [main] INFO  handler.ContextHandler (ContextHandler.java:doStart(781)) - Started o.e.j.s.ServletContextHandler@aa752bb{/static,jar:file:/home/user/.m2/repository/org/apache/hadoop/hadoop-hdds-container-service/0.5.0-SNAPSHOT/hadoop-hdds-container-service-0.5.0-SNAPSHOT.jar!/webapps/static,AVAILABLE}
2019-10-07 12:35:34,469 [main] INFO  handler.ContextHandler (ContextHandler.java:doStart(781)) - Started o.e.j.w.WebAppContext@27bc1d44{/,file:///tmp/jetty-0.0.0.0-35146-hddsDatanode-_-any-640696206386492178.dir/webapp/,AVAILABLE}{/hddsDatanode}
2019-10-07 12:35:34,470 [main] INFO  server.AbstractConnector (AbstractConnector.java:doStart(278)) - Started ServerConnector@1af677f8{HTTP/1.1,[http/1.1]}{0.0.0.0:35146}
2019-10-07 12:35:34,470 [main] INFO  server.Server (Server.java:doStart(419)) - Started @575281ms
2019-10-07 12:35:34,472 [main] WARN  impl.MetricsSystemImpl (MetricsSystemImpl.java:register(276)) - Sink prometheus already exists!
2019-10-07 12:35:34,473 [main] INFO  server.BaseHttpServer (BaseHttpServer.java:updateConnectorAddress(215)) - HTTP server of HDDSDATANODE is listening at http://0.0.0.0:35146
2019-10-07 12:35:34,473 [main] INFO  impl.MetricsSystemImpl (MetricsSystemImpl.java:init(158)) - HddsDatanode metrics system started (again)
2019-10-07 12:35:34,480 [org.apache.hadoop.util.JvmPauseMonitor$Monitor@4a145e9] INFO  util.JvmPauseMonitor (JvmPauseMonitor.java:run(188)) - Starting JVM pause monitor
2019-10-07 12:35:34,480 [main] INFO  ozone.HddsDatanodeService (HddsDatanodeService.java:start(184)) - HddsDatanodeService host:pr-hdds-2262-rg9fl-2107095119 ip:192.168.30.23
2019-10-07 12:35:34,481 [Datanode State Machine Thread - 0] INFO  datanode.InitDatanodeState (InitDatanodeState.java:persistContainerDatanodeDetails(140)) - DatanodeDetails is persisted to /workdir/hadoop-ozone/integration-test/target/test-dir/MiniOzoneClusterImpl-c08a8652-cb2a-478b-8eac-982176e8ab68/datanode-2/meta/datanode.id
2019-10-07 12:35:34,488 [main] INFO  volume.HddsVolume (HddsVolume.java:<init>(176)) - Creating Volume: /workdir/hadoop-ozone/integration-test/target/test-dir/MiniOzoneClusterImpl-c08a8652-cb2a-478b-8eac-982176e8ab68/datanode-3/data/containers/hdds of  storage type : DISK and capacity : 1482555576320
2019-10-07 12:35:34,488 [main] INFO  volume.VolumeSet (VolumeSet.java:initializeVolumeSet(170)) - Added Volume : /workdir/hadoop-ozone/integration-test/target/test-dir/MiniOzoneClusterImpl-c08a8652-cb2a-478b-8eac-982176e8ab68/datanode-3/data/containers/hdds to VolumeSet
2019-10-07 12:35:34,489 [main] INFO  volume.ThrottledAsyncChecker (ThrottledAsyncChecker.java:schedule(139)) - Scheduling a check for org.apache.hadoop.ozone.container.common.volume.HddsVolume@f2fb225
2019-10-07 12:35:34,489 [main] INFO  volume.HddsVolumeChecker (HddsVolumeChecker.java:checkAllVolumes(202)) - Scheduled health check for volume org.apache.hadoop.ozone.container.common.volume.HddsVolume@f2fb225
2019-10-07 12:35:34,504 [main] INFO  impl.RaftServerProxy (ConfUtils.java:logGet(43)) - raft.rpc.type = GRPC (default)
2019-10-07 12:35:34,504 [main] INFO  grpc.GrpcFactory (GrpcFactory.java:checkPooledByteBufAllocatorUseCacheForAllThreads(45)) - PERFORMANCE WARNING: useCacheForAllThreads is true that may cause Netty to create a lot garbage objects and, as a result, trigger GC.
	It is recommended to disable useCacheForAllThreads by setting -Dorg.apache.ratis.thirdparty.io.netty.allocator.useCacheForAllThreads=false in command line.
2019-10-07 12:35:34,504 [main] INFO  grpc.GrpcConfigKeys$Server (ConfUtils.java:logGet(43)) - raft.grpc.server.port = 0 (default)
2019-10-07 12:35:34,505 [main] INFO  server.GrpcService (ConfUtils.java:logGet(43)) - raft.grpc.message.size.max = 33570816 (custom)
2019-10-07 12:35:34,505 [main] INFO  server.RaftServerConfigKeys (ConfUtils.java:logGet(43)) - raft.server.log.appender.buffer.byte-limit = 33554432 (custom)
2019-10-07 12:35:34,505 [main] INFO  server.GrpcService (ConfUtils.java:logGet(43)) - raft.grpc.flow.control.window = 1MB (=1048576) (default)
2019-10-07 12:35:34,505 [main] INFO  server.RaftServerConfigKeys (ConfUtils.java:logGet(43)) - raft.server.rpc.request.timeout = 3000ms (default)
2019-10-07 12:35:34,506 [main] INFO  server.RaftServerConfigKeys (ConfUtils.java:logGet(43)) - raft.server.storage.dir = [/workdir/hadoop-ozone/integration-test/target/test-dir/MiniOzoneClusterImpl-c08a8652-cb2a-478b-8eac-982176e8ab68/datanode-3/data/ratis] (custom)
2019-10-07 12:35:34,507 [main] INFO  hdfs.DFSUtil (DFSUtil.java:httpServerTemplateForNNAndJN(1641)) - Starting Web-server for hddsDatanode at: http://0.0.0.0:0
2019-10-07 12:35:34,508 [main] INFO  server.AuthenticationFilter (AuthenticationFilter.java:constructSecretProvider(240)) - Unable to initialize FileSignerSecretProvider, falling back to use random secrets.
2019-10-07 12:35:34,509 [main] WARN  http.HttpRequestLog (HttpRequestLog.java:getRequestLog(97)) - Jetty request log can only be enabled using Log4j
2019-10-07 12:35:34,510 [main] INFO  http.HttpServer2 (HttpServer2.java:addGlobalFilter(975)) - Added global filter 'safety' (class=org.apache.hadoop.http.HttpServer2$QuotingInputFilter)
2019-10-07 12:35:34,511 [main] INFO  http.HttpServer2 (HttpServer2.java:addFilter(948)) - Added filter static_user_filter (class=org.apache.hadoop.http.lib.StaticUserWebFilter$StaticUserFilter) to context hddsDatanode
2019-10-07 12:35:34,511 [main] INFO  http.HttpServer2 (HttpServer2.java:addFilter(958)) - Added filter static_user_filter (class=org.apache.hadoop.http.lib.StaticUserWebFilter$StaticUserFilter) to context logs
2019-10-07 12:35:34,513 [main] INFO  http.HttpServer2 (HttpServer2.java:addFilter(958)) - Added filter static_user_filter (class=org.apache.hadoop.http.lib.StaticUserWebFilter$StaticUserFilter) to context static
2019-10-07 12:35:34,514 [main] INFO  http.HttpServer2 (HttpServer2.java:bindListener(1191)) - Jetty bound to port 33264
2019-10-07 12:35:34,514 [main] INFO  server.Server (Server.java:doStart(351)) - jetty-9.3.25.v20180904, build timestamp: 2018-09-04T21:11:46Z, git hash: 3ce520221d0240229c862b122d2b06c12a625732
2019-10-07 12:35:34,516 [main] INFO  handler.ContextHandler (ContextHandler.java:doStart(781)) - Started o.e.j.s.ServletContextHandler@65d9e72a{/logs,file:///workdir/hadoop-ozone/integration-test/target/log,AVAILABLE}
2019-10-07 12:35:34,517 [main] INFO  handler.ContextHandler (ContextHandler.java:doStart(781)) - Started o.e.j.s.ServletContextHandler@e01a26b{/static,jar:file:/home/user/.m2/repository/org/apache/hadoop/hadoop-hdds-container-service/0.5.0-SNAPSHOT/hadoop-hdds-container-service-0.5.0-SNAPSHOT.jar!/webapps/static,AVAILABLE}
2019-10-07 12:35:34,563 [main] INFO  handler.ContextHandler (ContextHandler.java:doStart(781)) - Started o.e.j.w.WebAppContext@3bd08435{/,file:///tmp/jetty-0.0.0.0-33264-hddsDatanode-_-any-4250985871698387353.dir/webapp/,AVAILABLE}{/hddsDatanode}
2019-10-07 12:35:34,563 [main] INFO  server.AbstractConnector (AbstractConnector.java:doStart(278)) - Started ServerConnector@3e52ed5d{HTTP/1.1,[http/1.1]}{0.0.0.0:33264}
2019-10-07 12:35:34,566 [main] INFO  server.Server (Server.java:doStart(419)) - Started @575376ms
2019-10-07 12:35:34,566 [main] WARN  impl.MetricsSystemImpl (MetricsSystemImpl.java:register(276)) - Sink prometheus already exists!
2019-10-07 12:35:34,567 [main] INFO  server.BaseHttpServer (BaseHttpServer.java:updateConnectorAddress(215)) - HTTP server of HDDSDATANODE is listening at http://0.0.0.0:33264
2019-10-07 12:35:34,567 [main] INFO  impl.MetricsSystemImpl (MetricsSystemImpl.java:init(158)) - HddsDatanode metrics system started (again)
2019-10-07 12:35:34,573 [org.apache.hadoop.util.JvmPauseMonitor$Monitor@285d418e] INFO  util.JvmPauseMonitor (JvmPauseMonitor.java:run(188)) - Starting JVM pause monitor
2019-10-07 12:35:34,573 [main] INFO  ozone.HddsDatanodeService (HddsDatanodeService.java:start(184)) - HddsDatanodeService host:pr-hdds-2262-rg9fl-2107095119 ip:192.168.30.23
2019-10-07 12:35:34,574 [Datanode State Machine Thread - 0] INFO  datanode.InitDatanodeState (InitDatanodeState.java:persistContainerDatanodeDetails(140)) - DatanodeDetails is persisted to /workdir/hadoop-ozone/integration-test/target/test-dir/MiniOzoneClusterImpl-c08a8652-cb2a-478b-8eac-982176e8ab68/datanode-3/meta/datanode.id
2019-10-07 12:35:34,591 [main] INFO  volume.HddsVolume (HddsVolume.java:<init>(176)) - Creating Volume: /workdir/hadoop-ozone/integration-test/target/test-dir/MiniOzoneClusterImpl-c08a8652-cb2a-478b-8eac-982176e8ab68/datanode-4/data/containers/hdds of  storage type : DISK and capacity : 1482555576320
2019-10-07 12:35:34,592 [main] INFO  volume.VolumeSet (VolumeSet.java:initializeVolumeSet(170)) - Added Volume : /workdir/hadoop-ozone/integration-test/target/test-dir/MiniOzoneClusterImpl-c08a8652-cb2a-478b-8eac-982176e8ab68/datanode-4/data/containers/hdds to VolumeSet
2019-10-07 12:35:34,592 [main] INFO  volume.ThrottledAsyncChecker (ThrottledAsyncChecker.java:schedule(139)) - Scheduling a check for org.apache.hadoop.ozone.container.common.volume.HddsVolume@5b332439
2019-10-07 12:35:34,594 [main] INFO  volume.HddsVolumeChecker (HddsVolumeChecker.java:checkAllVolumes(202)) - Scheduled health check for volume org.apache.hadoop.ozone.container.common.volume.HddsVolume@5b332439
2019-10-07 12:35:34,613 [main] INFO  impl.RaftServerProxy (ConfUtils.java:logGet(43)) - raft.rpc.type = GRPC (default)
2019-10-07 12:35:34,614 [main] INFO  grpc.GrpcFactory (GrpcFactory.java:checkPooledByteBufAllocatorUseCacheForAllThreads(45)) - PERFORMANCE WARNING: useCacheForAllThreads is true that may cause Netty to create a lot garbage objects and, as a result, trigger GC.
	It is recommended to disable useCacheForAllThreads by setting -Dorg.apache.ratis.thirdparty.io.netty.allocator.useCacheForAllThreads=false in command line.
2019-10-07 12:35:34,614 [main] INFO  grpc.GrpcConfigKeys$Server (ConfUtils.java:logGet(43)) - raft.grpc.server.port = 0 (default)
2019-10-07 12:35:34,614 [main] INFO  server.GrpcService (ConfUtils.java:logGet(43)) - raft.grpc.message.size.max = 33570816 (custom)
2019-10-07 12:35:34,615 [main] INFO  server.RaftServerConfigKeys (ConfUtils.java:logGet(43)) - raft.server.log.appender.buffer.byte-limit = 33554432 (custom)
2019-10-07 12:35:34,615 [main] INFO  server.GrpcService (ConfUtils.java:logGet(43)) - raft.grpc.flow.control.window = 1MB (=1048576) (default)
2019-10-07 12:35:34,615 [main] INFO  server.RaftServerConfigKeys (ConfUtils.java:logGet(43)) - raft.server.rpc.request.timeout = 3000ms (default)
2019-10-07 12:35:34,615 [main] INFO  server.RaftServerConfigKeys (ConfUtils.java:logGet(43)) - raft.server.storage.dir = [/workdir/hadoop-ozone/integration-test/target/test-dir/MiniOzoneClusterImpl-c08a8652-cb2a-478b-8eac-982176e8ab68/datanode-4/data/ratis] (custom)
2019-10-07 12:35:34,617 [main] INFO  hdfs.DFSUtil (DFSUtil.java:httpServerTemplateForNNAndJN(1641)) - Starting Web-server for hddsDatanode at: http://0.0.0.0:0
2019-10-07 12:35:34,619 [main] INFO  server.AuthenticationFilter (AuthenticationFilter.java:constructSecretProvider(240)) - Unable to initialize FileSignerSecretProvider, falling back to use random secrets.
2019-10-07 12:35:34,619 [main] WARN  http.HttpRequestLog (HttpRequestLog.java:getRequestLog(97)) - Jetty request log can only be enabled using Log4j
2019-10-07 12:35:34,621 [main] INFO  http.HttpServer2 (HttpServer2.java:addGlobalFilter(975)) - Added global filter 'safety' (class=org.apache.hadoop.http.HttpServer2$QuotingInputFilter)
2019-10-07 12:35:34,621 [main] INFO  http.HttpServer2 (HttpServer2.java:addFilter(948)) - Added filter static_user_filter (class=org.apache.hadoop.http.lib.StaticUserWebFilter$StaticUserFilter) to context hddsDatanode
2019-10-07 12:35:34,622 [main] INFO  http.HttpServer2 (HttpServer2.java:addFilter(958)) - Added filter static_user_filter (class=org.apache.hadoop.http.lib.StaticUserWebFilter$StaticUserFilter) to context logs
2019-10-07 12:35:34,622 [main] INFO  http.HttpServer2 (HttpServer2.java:addFilter(958)) - Added filter static_user_filter (class=org.apache.hadoop.http.lib.StaticUserWebFilter$StaticUserFilter) to context static
2019-10-07 12:35:34,623 [main] INFO  http.HttpServer2 (HttpServer2.java:bindListener(1191)) - Jetty bound to port 40860
2019-10-07 12:35:34,623 [main] INFO  server.Server (Server.java:doStart(351)) - jetty-9.3.25.v20180904, build timestamp: 2018-09-04T21:11:46Z, git hash: 3ce520221d0240229c862b122d2b06c12a625732
2019-10-07 12:35:34,624 [main] INFO  handler.ContextHandler (ContextHandler.java:doStart(781)) - Started o.e.j.s.ServletContextHandler@5d5d3a5c{/logs,file:///workdir/hadoop-ozone/integration-test/target/log,AVAILABLE}
2019-10-07 12:35:34,625 [main] INFO  handler.ContextHandler (ContextHandler.java:doStart(781)) - Started o.e.j.s.ServletContextHandler@7e18ced7{/static,jar:file:/home/user/.m2/repository/org/apache/hadoop/hadoop-hdds-container-service/0.5.0-SNAPSHOT/hadoop-hdds-container-service-0.5.0-SNAPSHOT.jar!/webapps/static,AVAILABLE}
2019-10-07 12:35:34,661 [main] INFO  handler.ContextHandler (ContextHandler.java:doStart(781)) - Started o.e.j.w.WebAppContext@7aae1170{/,file:///tmp/jetty-0.0.0.0-40860-hddsDatanode-_-any-4634082858753647560.dir/webapp/,AVAILABLE}{/hddsDatanode}
2019-10-07 12:35:34,661 [main] INFO  server.AbstractConnector (AbstractConnector.java:doStart(278)) - Started ServerConnector@4ef5dd23{HTTP/1.1,[http/1.1]}{0.0.0.0:40860}
2019-10-07 12:35:34,662 [main] INFO  server.Server (Server.java:doStart(419)) - Started @575472ms
2019-10-07 12:35:34,664 [main] WARN  impl.MetricsSystemImpl (MetricsSystemImpl.java:register(276)) - Sink prometheus already exists!
2019-10-07 12:35:34,665 [main] INFO  server.BaseHttpServer (BaseHttpServer.java:updateConnectorAddress(215)) - HTTP server of HDDSDATANODE is listening at http://0.0.0.0:40860
2019-10-07 12:35:34,665 [main] INFO  impl.MetricsSystemImpl (MetricsSystemImpl.java:init(158)) - HddsDatanode metrics system started (again)
2019-10-07 12:35:34,672 [org.apache.hadoop.util.JvmPauseMonitor$Monitor@5f89b06a] INFO  util.JvmPauseMonitor (JvmPauseMonitor.java:run(188)) - Starting JVM pause monitor
2019-10-07 12:35:34,672 [main] INFO  ozone.HddsDatanodeService (HddsDatanodeService.java:start(184)) - HddsDatanodeService host:pr-hdds-2262-rg9fl-2107095119 ip:192.168.30.23
2019-10-07 12:35:34,673 [Datanode State Machine Thread - 0] INFO  datanode.InitDatanodeState (InitDatanodeState.java:persistContainerDatanodeDetails(140)) - DatanodeDetails is persisted to /workdir/hadoop-ozone/integration-test/target/test-dir/MiniOzoneClusterImpl-c08a8652-cb2a-478b-8eac-982176e8ab68/datanode-4/meta/datanode.id
2019-10-07 12:35:34,679 [main] INFO  volume.HddsVolume (HddsVolume.java:<init>(176)) - Creating Volume: /workdir/hadoop-ozone/integration-test/target/test-dir/MiniOzoneClusterImpl-c08a8652-cb2a-478b-8eac-982176e8ab68/datanode-5/data/containers/hdds of  storage type : DISK and capacity : 1482555576320
2019-10-07 12:35:34,679 [main] INFO  volume.VolumeSet (VolumeSet.java:initializeVolumeSet(170)) - Added Volume : /workdir/hadoop-ozone/integration-test/target/test-dir/MiniOzoneClusterImpl-c08a8652-cb2a-478b-8eac-982176e8ab68/datanode-5/data/containers/hdds to VolumeSet
2019-10-07 12:35:34,679 [main] INFO  volume.ThrottledAsyncChecker (ThrottledAsyncChecker.java:schedule(139)) - Scheduling a check for org.apache.hadoop.ozone.container.common.volume.HddsVolume@58164e9a
2019-10-07 12:35:34,680 [main] INFO  volume.HddsVolumeChecker (HddsVolumeChecker.java:checkAllVolumes(202)) - Scheduled health check for volume org.apache.hadoop.ozone.container.common.volume.HddsVolume@58164e9a
2019-10-07 12:35:34,693 [main] INFO  impl.RaftServerProxy (ConfUtils.java:logGet(43)) - raft.rpc.type = GRPC (default)
2019-10-07 12:35:34,693 [main] INFO  grpc.GrpcFactory (GrpcFactory.java:checkPooledByteBufAllocatorUseCacheForAllThreads(45)) - PERFORMANCE WARNING: useCacheForAllThreads is true that may cause Netty to create a lot garbage objects and, as a result, trigger GC.
	It is recommended to disable useCacheForAllThreads by setting -Dorg.apache.ratis.thirdparty.io.netty.allocator.useCacheForAllThreads=false in command line.
2019-10-07 12:35:34,693 [main] INFO  grpc.GrpcConfigKeys$Server (ConfUtils.java:logGet(43)) - raft.grpc.server.port = 0 (default)
2019-10-07 12:35:34,694 [main] INFO  server.GrpcService (ConfUtils.java:logGet(43)) - raft.grpc.message.size.max = 33570816 (custom)
2019-10-07 12:35:34,694 [main] INFO  server.RaftServerConfigKeys (ConfUtils.java:logGet(43)) - raft.server.log.appender.buffer.byte-limit = 33554432 (custom)
2019-10-07 12:35:34,694 [main] INFO  server.GrpcService (ConfUtils.java:logGet(43)) - raft.grpc.flow.control.window = 1MB (=1048576) (default)
2019-10-07 12:35:34,694 [main] INFO  server.RaftServerConfigKeys (ConfUtils.java:logGet(43)) - raft.server.rpc.request.timeout = 3000ms (default)
2019-10-07 12:35:34,695 [main] INFO  server.RaftServerConfigKeys (ConfUtils.java:logGet(43)) - raft.server.storage.dir = [/workdir/hadoop-ozone/integration-test/target/test-dir/MiniOzoneClusterImpl-c08a8652-cb2a-478b-8eac-982176e8ab68/datanode-5/data/ratis] (custom)
2019-10-07 12:35:34,696 [main] INFO  hdfs.DFSUtil (DFSUtil.java:httpServerTemplateForNNAndJN(1641)) - Starting Web-server for hddsDatanode at: http://0.0.0.0:0
2019-10-07 12:35:34,698 [main] INFO  server.AuthenticationFilter (AuthenticationFilter.java:constructSecretProvider(240)) - Unable to initialize FileSignerSecretProvider, falling back to use random secrets.
2019-10-07 12:35:34,699 [main] WARN  http.HttpRequestLog (HttpRequestLog.java:getRequestLog(97)) - Jetty request log can only be enabled using Log4j
2019-10-07 12:35:34,701 [main] INFO  http.HttpServer2 (HttpServer2.java:addGlobalFilter(975)) - Added global filter 'safety' (class=org.apache.hadoop.http.HttpServer2$QuotingInputFilter)
2019-10-07 12:35:34,701 [main] INFO  http.HttpServer2 (HttpServer2.java:addFilter(948)) - Added filter static_user_filter (class=org.apache.hadoop.http.lib.StaticUserWebFilter$StaticUserFilter) to context hddsDatanode
2019-10-07 12:35:34,701 [main] INFO  http.HttpServer2 (HttpServer2.java:addFilter(958)) - Added filter static_user_filter (class=org.apache.hadoop.http.lib.StaticUserWebFilter$StaticUserFilter) to context static
2019-10-07 12:35:34,702 [main] INFO  http.HttpServer2 (HttpServer2.java:addFilter(958)) - Added filter static_user_filter (class=org.apache.hadoop.http.lib.StaticUserWebFilter$StaticUserFilter) to context logs
2019-10-07 12:35:34,703 [main] INFO  http.HttpServer2 (HttpServer2.java:bindListener(1191)) - Jetty bound to port 37354
2019-10-07 12:35:34,703 [main] INFO  server.Server (Server.java:doStart(351)) - jetty-9.3.25.v20180904, build timestamp: 2018-09-04T21:11:46Z, git hash: 3ce520221d0240229c862b122d2b06c12a625732
2019-10-07 12:35:34,705 [main] INFO  handler.ContextHandler (ContextHandler.java:doStart(781)) - Started o.e.j.s.ServletContextHandler@42730828{/logs,file:///workdir/hadoop-ozone/integration-test/target/log,AVAILABLE}
2019-10-07 12:35:34,705 [main] INFO  handler.ContextHandler (ContextHandler.java:doStart(781)) - Started o.e.j.s.ServletContextHandler@629b780f{/static,jar:file:/home/user/.m2/repository/org/apache/hadoop/hadoop-hdds-container-service/0.5.0-SNAPSHOT/hadoop-hdds-container-service-0.5.0-SNAPSHOT.jar!/webapps/static,AVAILABLE}
2019-10-07 12:35:34,748 [main] INFO  handler.ContextHandler (ContextHandler.java:doStart(781)) - Started o.e.j.w.WebAppContext@3407aa4f{/,file:///tmp/jetty-0.0.0.0-37354-hddsDatanode-_-any-3193742732635769114.dir/webapp/,AVAILABLE}{/hddsDatanode}
2019-10-07 12:35:34,749 [main] INFO  server.AbstractConnector (AbstractConnector.java:doStart(278)) - Started ServerConnector@51ed2f68{HTTP/1.1,[http/1.1]}{0.0.0.0:37354}
2019-10-07 12:35:34,751 [main] INFO  server.Server (Server.java:doStart(419)) - Started @575562ms
2019-10-07 12:35:34,752 [main] WARN  impl.MetricsSystemImpl (MetricsSystemImpl.java:register(276)) - Sink prometheus already exists!
2019-10-07 12:35:34,752 [main] INFO  server.BaseHttpServer (BaseHttpServer.java:updateConnectorAddress(215)) - HTTP server of HDDSDATANODE is listening at http://0.0.0.0:37354
2019-10-07 12:35:34,753 [main] INFO  impl.MetricsSystemImpl (MetricsSystemImpl.java:init(158)) - HddsDatanode metrics system started (again)
2019-10-07 12:35:34,761 [org.apache.hadoop.util.JvmPauseMonitor$Monitor@39805051] INFO  util.JvmPauseMonitor (JvmPauseMonitor.java:run(188)) - Starting JVM pause monitor
2019-10-07 12:35:34,762 [main] INFO  ozone.HddsDatanodeService (HddsDatanodeService.java:start(184)) - HddsDatanodeService host:pr-hdds-2262-rg9fl-2107095119 ip:192.168.30.23
2019-10-07 12:35:34,762 [Datanode State Machine Thread - 0] INFO  datanode.InitDatanodeState (InitDatanodeState.java:persistContainerDatanodeDetails(140)) - DatanodeDetails is persisted to /workdir/hadoop-ozone/integration-test/target/test-dir/MiniOzoneClusterImpl-c08a8652-cb2a-478b-8eac-982176e8ab68/datanode-5/meta/datanode.id
2019-10-07 12:35:34,769 [main] INFO  volume.HddsVolume (HddsVolume.java:<init>(176)) - Creating Volume: /workdir/hadoop-ozone/integration-test/target/test-dir/MiniOzoneClusterImpl-c08a8652-cb2a-478b-8eac-982176e8ab68/datanode-6/data/containers/hdds of  storage type : DISK and capacity : 1482555576320
2019-10-07 12:35:34,770 [main] INFO  volume.VolumeSet (VolumeSet.java:initializeVolumeSet(170)) - Added Volume : /workdir/hadoop-ozone/integration-test/target/test-dir/MiniOzoneClusterImpl-c08a8652-cb2a-478b-8eac-982176e8ab68/datanode-6/data/containers/hdds to VolumeSet
2019-10-07 12:35:34,770 [main] INFO  volume.ThrottledAsyncChecker (ThrottledAsyncChecker.java:schedule(139)) - Scheduling a check for org.apache.hadoop.ozone.container.common.volume.HddsVolume@7cdb7fc
2019-10-07 12:35:34,770 [main] INFO  volume.HddsVolumeChecker (HddsVolumeChecker.java:checkAllVolumes(202)) - Scheduled health check for volume org.apache.hadoop.ozone.container.common.volume.HddsVolume@7cdb7fc
2019-10-07 12:35:34,786 [main] INFO  impl.RaftServerProxy (ConfUtils.java:logGet(43)) - raft.rpc.type = GRPC (default)
2019-10-07 12:35:34,786 [main] INFO  grpc.GrpcFactory (GrpcFactory.java:checkPooledByteBufAllocatorUseCacheForAllThreads(45)) - PERFORMANCE WARNING: useCacheForAllThreads is true that may cause Netty to create a lot garbage objects and, as a result, trigger GC.
	It is recommended to disable useCacheForAllThreads by setting -Dorg.apache.ratis.thirdparty.io.netty.allocator.useCacheForAllThreads=false in command line.
2019-10-07 12:35:34,787 [main] INFO  grpc.GrpcConfigKeys$Server (ConfUtils.java:logGet(43)) - raft.grpc.server.port = 0 (default)
2019-10-07 12:35:34,787 [main] INFO  server.GrpcService (ConfUtils.java:logGet(43)) - raft.grpc.message.size.max = 33570816 (custom)
2019-10-07 12:35:34,787 [main] INFO  server.RaftServerConfigKeys (ConfUtils.java:logGet(43)) - raft.server.log.appender.buffer.byte-limit = 33554432 (custom)
2019-10-07 12:35:34,787 [main] INFO  server.GrpcService (ConfUtils.java:logGet(43)) - raft.grpc.flow.control.window = 1MB (=1048576) (default)
2019-10-07 12:35:34,787 [main] INFO  server.RaftServerConfigKeys (ConfUtils.java:logGet(43)) - raft.server.rpc.request.timeout = 3000ms (default)
2019-10-07 12:35:34,788 [main] INFO  server.RaftServerConfigKeys (ConfUtils.java:logGet(43)) - raft.server.storage.dir = [/workdir/hadoop-ozone/integration-test/target/test-dir/MiniOzoneClusterImpl-c08a8652-cb2a-478b-8eac-982176e8ab68/datanode-6/data/ratis] (custom)
2019-10-07 12:35:34,789 [main] INFO  hdfs.DFSUtil (DFSUtil.java:httpServerTemplateForNNAndJN(1641)) - Starting Web-server for hddsDatanode at: http://0.0.0.0:0
2019-10-07 12:35:34,791 [main] INFO  server.AuthenticationFilter (AuthenticationFilter.java:constructSecretProvider(240)) - Unable to initialize FileSignerSecretProvider, falling back to use random secrets.
2019-10-07 12:35:34,791 [main] WARN  http.HttpRequestLog (HttpRequestLog.java:getRequestLog(97)) - Jetty request log can only be enabled using Log4j
2019-10-07 12:35:34,792 [main] INFO  http.HttpServer2 (HttpServer2.java:addGlobalFilter(975)) - Added global filter 'safety' (class=org.apache.hadoop.http.HttpServer2$QuotingInputFilter)
2019-10-07 12:35:34,793 [main] INFO  http.HttpServer2 (HttpServer2.java:addFilter(948)) - Added filter static_user_filter (class=org.apache.hadoop.http.lib.StaticUserWebFilter$StaticUserFilter) to context hddsDatanode
2019-10-07 12:35:34,793 [main] INFO  http.HttpServer2 (HttpServer2.java:addFilter(958)) - Added filter static_user_filter (class=org.apache.hadoop.http.lib.StaticUserWebFilter$StaticUserFilter) to context logs
2019-10-07 12:35:34,793 [main] INFO  http.HttpServer2 (HttpServer2.java:addFilter(958)) - Added filter static_user_filter (class=org.apache.hadoop.http.lib.StaticUserWebFilter$StaticUserFilter) to context static
2019-10-07 12:35:34,794 [main] INFO  http.HttpServer2 (HttpServer2.java:bindListener(1191)) - Jetty bound to port 32795
2019-10-07 12:35:34,794 [main] INFO  server.Server (Server.java:doStart(351)) - jetty-9.3.25.v20180904, build timestamp: 2018-09-04T21:11:46Z, git hash: 3ce520221d0240229c862b122d2b06c12a625732
2019-10-07 12:35:34,795 [main] INFO  handler.ContextHandler (ContextHandler.java:doStart(781)) - Started o.e.j.s.ServletContextHandler@362a561e{/logs,file:///workdir/hadoop-ozone/integration-test/target/log,AVAILABLE}
2019-10-07 12:35:34,796 [main] INFO  handler.ContextHandler (ContextHandler.java:doStart(781)) - Started o.e.j.s.ServletContextHandler@75ad30c1{/static,jar:file:/home/user/.m2/repository/org/apache/hadoop/hadoop-hdds-container-service/0.5.0-SNAPSHOT/hadoop-hdds-container-service-0.5.0-SNAPSHOT.jar!/webapps/static,AVAILABLE}
2019-10-07 12:35:34,826 [main] INFO  handler.ContextHandler (ContextHandler.java:doStart(781)) - Started o.e.j.w.WebAppContext@23ea8830{/,file:///tmp/jetty-0.0.0.0-32795-hddsDatanode-_-any-7688797987222989921.dir/webapp/,AVAILABLE}{/hddsDatanode}
2019-10-07 12:35:34,827 [main] INFO  server.AbstractConnector (AbstractConnector.java:doStart(278)) - Started ServerConnector@59a09be{HTTP/1.1,[http/1.1]}{0.0.0.0:32795}
2019-10-07 12:35:34,827 [main] INFO  server.Server (Server.java:doStart(419)) - Started @575638ms
2019-10-07 12:35:34,829 [main] WARN  impl.MetricsSystemImpl (MetricsSystemImpl.java:register(276)) - Sink prometheus already exists!
2019-10-07 12:35:34,830 [main] INFO  server.BaseHttpServer (BaseHttpServer.java:updateConnectorAddress(215)) - HTTP server of HDDSDATANODE is listening at http://0.0.0.0:32795
2019-10-07 12:35:34,830 [main] INFO  ozone.MiniOzoneClusterImpl (MiniOzoneClusterImpl.java:lambda$waitForClusterToBeReady$0(147)) - Waiting for cluster to be ready. Got 0 of 7 DN Heartbeats.
2019-10-07 12:35:34,832 [org.apache.hadoop.util.JvmPauseMonitor$Monitor@5e99c6b3] INFO  util.JvmPauseMonitor (JvmPauseMonitor.java:run(188)) - Starting JVM pause monitor
2019-10-07 12:35:34,833 [Datanode State Machine Thread - 0] INFO  datanode.InitDatanodeState (InitDatanodeState.java:persistContainerDatanodeDetails(140)) - DatanodeDetails is persisted to /workdir/hadoop-ozone/integration-test/target/test-dir/MiniOzoneClusterImpl-c08a8652-cb2a-478b-8eac-982176e8ab68/datanode-6/meta/datanode.id
2019-10-07 12:35:35,831 [main] INFO  ozone.MiniOzoneClusterImpl (MiniOzoneClusterImpl.java:lambda$waitForClusterToBeReady$0(147)) - Waiting for cluster to be ready. Got 0 of 7 DN Heartbeats.
2019-10-07 12:35:35,898 [Datanode State Machine Thread - 0] INFO  ozoneimpl.OzoneContainer (OzoneContainer.java:start(217)) - Attempting to start container services.
2019-10-07 12:35:35,899 [Datanode State Machine Thread - 0] INFO  ozoneimpl.OzoneContainer (OzoneContainer.java:startContainerScrub(179)) - Background container scanner has been disabled.
2019-10-07 12:35:35,899 [Datanode State Machine Thread - 0] INFO  ratis.XceiverServerRatis (XceiverServerRatis.java:start(418)) - Starting XceiverServerRatis 149e5820-2214-4b7b-b515-e21eaa37c885 at port 0
2019-10-07 12:35:35,908 [Datanode State Machine Thread - 0] INFO  impl.RaftServerProxy (RaftServerProxy.java:lambda$start$3(299)) - 149e5820-2214-4b7b-b515-e21eaa37c885: start RPC server
2019-10-07 12:35:35,910 [Datanode State Machine Thread - 0] INFO  server.GrpcService (GrpcService.java:startImpl(158)) - 149e5820-2214-4b7b-b515-e21eaa37c885: GrpcService started, listening on 0.0.0.0/0.0.0.0:45628
2019-10-07 12:35:35,910 [Datanode State Machine Thread - 0] INFO  ratis.XceiverServerRatis (XceiverServerRatis.java:start(428)) - XceiverServerRatis 149e5820-2214-4b7b-b515-e21eaa37c885 is started using port 45628
2019-10-07 12:35:35,911 [Datanode State Machine Thread - 0] INFO  server.XceiverServerGrpc (XceiverServerGrpc.java:start(149)) - XceiverServerGrpc 149e5820-2214-4b7b-b515-e21eaa37c885 is started using port 32990
2019-10-07 12:35:36,308 [Datanode State Machine Thread - 0] INFO  ozoneimpl.OzoneContainer (OzoneContainer.java:start(217)) - Attempting to start container services.
2019-10-07 12:35:36,309 [Datanode State Machine Thread - 0] INFO  ozoneimpl.OzoneContainer (OzoneContainer.java:startContainerScrub(179)) - Background container scanner has been disabled.
2019-10-07 12:35:36,309 [Datanode State Machine Thread - 0] INFO  ratis.XceiverServerRatis (XceiverServerRatis.java:start(418)) - Starting XceiverServerRatis b832e3db-7591-4d70-a4ae-49be624e8c11 at port 0
2019-10-07 12:35:36,317 [Datanode State Machine Thread - 0] INFO  impl.RaftServerProxy (RaftServerProxy.java:lambda$start$3(299)) - b832e3db-7591-4d70-a4ae-49be624e8c11: start RPC server
2019-10-07 12:35:36,322 [Datanode State Machine Thread - 0] INFO  server.GrpcService (GrpcService.java:startImpl(158)) - b832e3db-7591-4d70-a4ae-49be624e8c11: GrpcService started, listening on 0.0.0.0/0.0.0.0:44410
2019-10-07 12:35:36,323 [Datanode State Machine Thread - 0] INFO  ratis.XceiverServerRatis (XceiverServerRatis.java:start(428)) - XceiverServerRatis b832e3db-7591-4d70-a4ae-49be624e8c11 is started using port 44410
2019-10-07 12:35:36,325 [Datanode State Machine Thread - 0] INFO  server.XceiverServerGrpc (XceiverServerGrpc.java:start(149)) - XceiverServerGrpc b832e3db-7591-4d70-a4ae-49be624e8c11 is started using port 42658
2019-10-07 12:35:36,498 [Datanode State Machine Thread - 0] INFO  ozoneimpl.OzoneContainer (OzoneContainer.java:start(217)) - Attempting to start container services.
2019-10-07 12:35:36,498 [Datanode State Machine Thread - 0] INFO  ozoneimpl.OzoneContainer (OzoneContainer.java:startContainerScrub(179)) - Background container scanner has been disabled.
2019-10-07 12:35:36,499 [Datanode State Machine Thread - 0] INFO  ratis.XceiverServerRatis (XceiverServerRatis.java:start(418)) - Starting XceiverServerRatis 4940d0e3-d299-42d6-a5cb-8d6363f46478 at port 0
2019-10-07 12:35:36,507 [Datanode State Machine Thread - 0] INFO  impl.RaftServerProxy (RaftServerProxy.java:lambda$start$3(299)) - 4940d0e3-d299-42d6-a5cb-8d6363f46478: start RPC server
2019-10-07 12:35:36,508 [Datanode State Machine Thread - 0] INFO  server.GrpcService (GrpcService.java:startImpl(158)) - 4940d0e3-d299-42d6-a5cb-8d6363f46478: GrpcService started, listening on 0.0.0.0/0.0.0.0:34846
2019-10-07 12:35:36,509 [Datanode State Machine Thread - 0] INFO  ratis.XceiverServerRatis (XceiverServerRatis.java:start(428)) - XceiverServerRatis 4940d0e3-d299-42d6-a5cb-8d6363f46478 is started using port 34846
2019-10-07 12:35:36,528 [Datanode State Machine Thread - 0] INFO  server.XceiverServerGrpc (XceiverServerGrpc.java:start(149)) - XceiverServerGrpc 4940d0e3-d299-42d6-a5cb-8d6363f46478 is started using port 32846
2019-10-07 12:35:36,586 [Datanode State Machine Thread - 0] INFO  ozoneimpl.OzoneContainer (OzoneContainer.java:start(217)) - Attempting to start container services.
2019-10-07 12:35:36,586 [Datanode State Machine Thread - 0] INFO  ozoneimpl.OzoneContainer (OzoneContainer.java:startContainerScrub(179)) - Background container scanner has been disabled.
2019-10-07 12:35:36,587 [Datanode State Machine Thread - 0] INFO  ratis.XceiverServerRatis (XceiverServerRatis.java:start(418)) - Starting XceiverServerRatis 9f9cdcd1-102b-49c8-8900-6ca02da15102 at port 0
2019-10-07 12:35:36,595 [Datanode State Machine Thread - 0] INFO  impl.RaftServerProxy (RaftServerProxy.java:lambda$start$3(299)) - 9f9cdcd1-102b-49c8-8900-6ca02da15102: start RPC server
2019-10-07 12:35:36,596 [Datanode State Machine Thread - 0] INFO  server.GrpcService (GrpcService.java:startImpl(158)) - 9f9cdcd1-102b-49c8-8900-6ca02da15102: GrpcService started, listening on 0.0.0.0/0.0.0.0:33391
2019-10-07 12:35:36,596 [Datanode State Machine Thread - 0] INFO  ratis.XceiverServerRatis (XceiverServerRatis.java:start(428)) - XceiverServerRatis 9f9cdcd1-102b-49c8-8900-6ca02da15102 is started using port 33391
2019-10-07 12:35:36,596 [Datanode State Machine Thread - 0] INFO  server.XceiverServerGrpc (XceiverServerGrpc.java:start(149)) - XceiverServerGrpc 9f9cdcd1-102b-49c8-8900-6ca02da15102 is started using port 46309
2019-10-07 12:35:36,686 [Datanode State Machine Thread - 0] INFO  ozoneimpl.OzoneContainer (OzoneContainer.java:start(217)) - Attempting to start container services.
2019-10-07 12:35:36,686 [Datanode State Machine Thread - 0] INFO  ozoneimpl.OzoneContainer (OzoneContainer.java:startContainerScrub(179)) - Background container scanner has been disabled.
2019-10-07 12:35:36,686 [Datanode State Machine Thread - 0] INFO  ratis.XceiverServerRatis (XceiverServerRatis.java:start(418)) - Starting XceiverServerRatis 876b8d92-f219-477b-ab59-8aa0568d5cc7 at port 0
2019-10-07 12:35:36,694 [Datanode State Machine Thread - 0] INFO  impl.RaftServerProxy (RaftServerProxy.java:lambda$start$3(299)) - 876b8d92-f219-477b-ab59-8aa0568d5cc7: start RPC server
2019-10-07 12:35:36,697 [Datanode State Machine Thread - 0] INFO  server.GrpcService (GrpcService.java:startImpl(158)) - 876b8d92-f219-477b-ab59-8aa0568d5cc7: GrpcService started, listening on 0.0.0.0/0.0.0.0:38283
2019-10-07 12:35:36,697 [Datanode State Machine Thread - 0] INFO  ratis.XceiverServerRatis (XceiverServerRatis.java:start(428)) - XceiverServerRatis 876b8d92-f219-477b-ab59-8aa0568d5cc7 is started using port 38283
2019-10-07 12:35:36,700 [Datanode State Machine Thread - 0] INFO  server.XceiverServerGrpc (XceiverServerGrpc.java:start(149)) - XceiverServerGrpc 876b8d92-f219-477b-ab59-8aa0568d5cc7 is started using port 40164
2019-10-07 12:35:36,777 [Datanode State Machine Thread - 0] INFO  ozoneimpl.OzoneContainer (OzoneContainer.java:start(217)) - Attempting to start container services.
2019-10-07 12:35:36,777 [Datanode State Machine Thread - 0] INFO  ozoneimpl.OzoneContainer (OzoneContainer.java:startContainerScrub(179)) - Background container scanner has been disabled.
2019-10-07 12:35:36,777 [Datanode State Machine Thread - 0] INFO  ratis.XceiverServerRatis (XceiverServerRatis.java:start(418)) - Starting XceiverServerRatis 4f7f6616-3aeb-46f3-b4a4-91ec65e8d427 at port 0
2019-10-07 12:35:36,784 [Datanode State Machine Thread - 0] INFO  impl.RaftServerProxy (RaftServerProxy.java:lambda$start$3(299)) - 4f7f6616-3aeb-46f3-b4a4-91ec65e8d427: start RPC server
2019-10-07 12:35:36,797 [Datanode State Machine Thread - 0] INFO  server.GrpcService (GrpcService.java:startImpl(158)) - 4f7f6616-3aeb-46f3-b4a4-91ec65e8d427: GrpcService started, listening on 0.0.0.0/0.0.0.0:46315
2019-10-07 12:35:36,797 [Datanode State Machine Thread - 0] INFO  ratis.XceiverServerRatis (XceiverServerRatis.java:start(428)) - XceiverServerRatis 4f7f6616-3aeb-46f3-b4a4-91ec65e8d427 is started using port 46315
2019-10-07 12:35:36,797 [Datanode State Machine Thread - 0] INFO  server.XceiverServerGrpc (XceiverServerGrpc.java:start(149)) - XceiverServerGrpc 4f7f6616-3aeb-46f3-b4a4-91ec65e8d427 is started using port 34875
2019-10-07 12:35:36,832 [main] INFO  ozone.MiniOzoneClusterImpl (MiniOzoneClusterImpl.java:lambda$waitForClusterToBeReady$0(147)) - Waiting for cluster to be ready. Got 0 of 7 DN Heartbeats.
2019-10-07 12:35:36,843 [Datanode State Machine Thread - 0] INFO  ozoneimpl.OzoneContainer (OzoneContainer.java:start(217)) - Attempting to start container services.
2019-10-07 12:35:36,843 [Datanode State Machine Thread - 0] INFO  ozoneimpl.OzoneContainer (OzoneContainer.java:startContainerScrub(179)) - Background container scanner has been disabled.
2019-10-07 12:35:36,843 [Datanode State Machine Thread - 0] INFO  ratis.XceiverServerRatis (XceiverServerRatis.java:start(418)) - Starting XceiverServerRatis 661a6d90-43d1-4876-808a-83d8d1c749a3 at port 0
2019-10-07 12:35:36,850 [Datanode State Machine Thread - 0] INFO  impl.RaftServerProxy (RaftServerProxy.java:lambda$start$3(299)) - 661a6d90-43d1-4876-808a-83d8d1c749a3: start RPC server
2019-10-07 12:35:36,854 [Datanode State Machine Thread - 0] INFO  server.GrpcService (GrpcService.java:startImpl(158)) - 661a6d90-43d1-4876-808a-83d8d1c749a3: GrpcService started, listening on 0.0.0.0/0.0.0.0:36514
2019-10-07 12:35:36,854 [Datanode State Machine Thread - 0] INFO  ratis.XceiverServerRatis (XceiverServerRatis.java:start(428)) - XceiverServerRatis 661a6d90-43d1-4876-808a-83d8d1c749a3 is started using port 36514
2019-10-07 12:35:36,857 [Datanode State Machine Thread - 0] INFO  server.XceiverServerGrpc (XceiverServerGrpc.java:start(149)) - XceiverServerGrpc 661a6d90-43d1-4876-808a-83d8d1c749a3 is started using port 36945
2019-10-07 12:35:37,832 [main] INFO  ozone.MiniOzoneClusterImpl (MiniOzoneClusterImpl.java:lambda$waitForClusterToBeReady$0(147)) - Waiting for cluster to be ready. Got 0 of 7 DN Heartbeats.
2019-10-07 12:35:37,875 [IPC Server handler 5 on 34866] INFO  net.NetworkTopology (NetworkTopologyImpl.java:add(111)) - Added a new node: /default-rack/149e5820-2214-4b7b-b515-e21eaa37c885
2019-10-07 12:35:37,878 [IPC Server handler 5 on 34866] INFO  node.SCMNodeManager (SCMNodeManager.java:register(268)) - Registered Data node : 149e5820-2214-4b7b-b515-e21eaa37c885{ip: 192.168.30.23, host: pr-hdds-2262-rg9fl-2107095119, networkLocation: /default-rack, certSerialId: null}
2019-10-07 12:35:37,879 [EventQueue-NodeRegistrationContainerReportForDataNodeSafeModeRule] INFO  safemode.SCMSafeModeManager (DataNodeSafeModeRule.java:process(71)) - SCM in safe mode. 1 DataNodes registered, 1 required.
2019-10-07 12:35:37,882 [EventQueue-NodeRegistrationContainerReportForDataNodeSafeModeRule] INFO  safemode.SCMSafeModeManager (SCMSafeModeManager.java:validateSafeModeExitRules(177)) - ScmSafeModeManager, all rules are successfully validated
2019-10-07 12:35:37,882 [EventQueue-NodeRegistrationContainerReportForDataNodeSafeModeRule] INFO  safemode.SCMSafeModeManager (SCMSafeModeManager.java:exitSafeMode(193)) - SCM exiting safe mode.
2019-10-07 12:35:37,892 [grpc-default-executor-2] INFO  impl.RaftServerProxy (RaftServerProxy.java:addNew(89)) - 149e5820-2214-4b7b-b515-e21eaa37c885: addNew group-9422C232CCF4:[149e5820-2214-4b7b-b515-e21eaa37c885:192.168.30.23:45628] returns group-9422C232CCF4:java.util.concurrent.CompletableFuture@5b3633eb[Not completed]
2019-10-07 12:35:37,894 [pool-499-thread-1] INFO  impl.RaftServerImpl (RaftServerImpl.java:<init>(95)) - 149e5820-2214-4b7b-b515-e21eaa37c885: new RaftServerImpl for group-9422C232CCF4:[149e5820-2214-4b7b-b515-e21eaa37c885:192.168.30.23:45628] with ContainerStateMachine:uninitialized
2019-10-07 12:35:37,894 [pool-499-thread-1] INFO  server.RaftServerConfigKeys (ConfUtils.java:logGet(43)) - raft.server.rpc.timeout.min = 5s (custom)
2019-10-07 12:35:37,894 [pool-499-thread-1] INFO  server.RaftServerConfigKeys (ConfUtils.java:logGet(43)) - raft.server.rpc.timeout.max = 5200ms (custom)
2019-10-07 12:35:37,894 [pool-499-thread-1] INFO  server.RaftServerConfigKeys (ConfUtils.java:logGet(43)) - raft.server.rpcslowness.timeout = 120s (custom)
2019-10-07 12:35:37,894 [pool-499-thread-1] INFO  server.RaftServerConfigKeys (ConfUtils.java:logGet(43)) - raft.server.sleep.deviation.threshold = 300 (default)
2019-10-07 12:35:37,895 [pool-499-thread-1] INFO  server.RaftServerConfigKeys (ConfUtils.java:logGet(43)) - raft.server.log.appender.install.snapshot.enabled = false (custom)
2019-10-07 12:35:37,895 [pool-499-thread-1] INFO  impl.RaftServerImpl (ServerState.java:<init>(103)) - 149e5820-2214-4b7b-b515-e21eaa37c885@group-9422C232CCF4: ConfigurationManager, init=-1: [149e5820-2214-4b7b-b515-e21eaa37c885:192.168.30.23:45628], old=null, confs=<EMPTY_MAP>
2019-10-07 12:35:37,895 [pool-499-thread-1] INFO  server.RaftServerConfigKeys (ConfUtils.java:logGet(43)) - raft.server.storage.dir = [/workdir/hadoop-ozone/integration-test/target/test-dir/MiniOzoneClusterImpl-c08a8652-cb2a-478b-8eac-982176e8ab68/datanode-0/data/ratis] (custom)
2019-10-07 12:35:37,895 [pool-499-thread-1] INFO  server.RaftServerConfigKeys (ConfUtils.java:logGet(43)) - raft.server.log.corruption.policy = EXCEPTION (default)
2019-10-07 12:35:37,895 [pool-499-thread-1] INFO  storage.RaftStorageDirectory (RaftStorageDirectory.java:analyzeStorage(246)) - The storage directory /workdir/hadoop-ozone/integration-test/target/test-dir/MiniOzoneClusterImpl-c08a8652-cb2a-478b-8eac-982176e8ab68/datanode-0/data/ratis/3d1f1b6b-6991-43e6-a8a5-9422c232ccf4 does not exist. Creating ...
2019-10-07 12:35:37,910 [pool-499-thread-1] INFO  storage.RaftStorageDirectory (RaftStorageDirectory.java:tryLock(328)) - Lock on /workdir/hadoop-ozone/integration-test/target/test-dir/MiniOzoneClusterImpl-c08a8652-cb2a-478b-8eac-982176e8ab68/datanode-0/data/ratis/3d1f1b6b-6991-43e6-a8a5-9422c232ccf4/in_use.lock acquired by nodename 23866@pr-hdds-2262-rg9fl-2107095119
2019-10-07 12:35:37,923 [pool-499-thread-1] INFO  storage.RaftStorage (RaftStorage.java:format(84)) - Storage directory /workdir/hadoop-ozone/integration-test/target/test-dir/MiniOzoneClusterImpl-c08a8652-cb2a-478b-8eac-982176e8ab68/datanode-0/data/ratis/3d1f1b6b-6991-43e6-a8a5-9422c232ccf4 has been successfully formatted.
2019-10-07 12:35:37,923 [pool-499-thread-1] INFO  ratis.ContainerStateMachine (ContainerStateMachine.java:loadSnapshot(231)) - group-9422C232CCF4: The snapshot info is null. Setting the last applied indexto:(t:0, i:~)
2019-10-07 12:35:37,923 [pool-499-thread-1] INFO  server.RaftServerConfigKeys (ConfUtils.java:logGet(43)) - raft.server.notification.no-leader.timeout = 120s (custom)
2019-10-07 12:35:37,923 [pool-499-thread-1] INFO  server.RaftServerConfigKeys (ConfUtils.java:logGet(43)) - raft.server.log.use.memory = false (default)
2019-10-07 12:35:37,923 [pool-499-thread-1] INFO  server.RaftServerConfigKeys (ConfUtils.java:logGet(43)) - raft.server.log.purge.gap = 1000000 (custom)
2019-10-07 12:35:37,924 [pool-499-thread-1] INFO  server.RaftServerConfigKeys (ConfUtils.java:logGet(43)) - raft.server.log.appender.buffer.byte-limit = 33554432 (custom)
2019-10-07 12:35:37,924 [pool-499-thread-1] INFO  server.RaftServerConfigKeys (ConfUtils.java:logGet(43)) - raft.server.log.segment.size.max = 1048576 (custom)
2019-10-07 12:35:37,926 [pool-499-thread-1] INFO  server.RaftServerConfigKeys (ConfUtils.java:logGet(43)) - raft.server.log.segment.cache.num.max = 2 (custom)
2019-10-07 12:35:37,926 [pool-499-thread-1] INFO  segmented.SegmentedRaftLogWorker (SegmentedRaftLogWorker.java:<init>(173)) - new 149e5820-2214-4b7b-b515-e21eaa37c885@group-9422C232CCF4-SegmentedRaftLogWorker for RaftStorage:Storage Directory /workdir/hadoop-ozone/integration-test/target/test-dir/MiniOzoneClusterImpl-c08a8652-cb2a-478b-8eac-982176e8ab68/datanode-0/data/ratis/3d1f1b6b-6991-43e6-a8a5-9422c232ccf4
2019-10-07 12:35:37,926 [pool-499-thread-1] INFO  server.RaftServerConfigKeys (ConfUtils.java:logGet(43)) - raft.server.log.queue.byte-limit = 2147483647 (custom)
2019-10-07 12:35:37,926 [pool-499-thread-1] INFO  server.RaftServerConfigKeys (ConfUtils.java:logGet(43)) - raft.server.log.queue.element-limit = 1024 (custom)
2019-10-07 12:35:37,926 [pool-499-thread-1] INFO  server.RaftServerConfigKeys (ConfUtils.java:logGet(43)) - raft.server.log.segment.size.max = 1048576 (custom)
2019-10-07 12:35:37,926 [pool-499-thread-1] INFO  server.RaftServerConfigKeys (ConfUtils.java:logGet(43)) - raft.server.log.preallocated.size = 16384 (custom)
2019-10-07 12:35:37,927 [pool-499-thread-1] INFO  server.RaftServerConfigKeys (ConfUtils.java:logGet(43)) - raft.server.log.write.buffer.size = 33554432 (custom)
2019-10-07 12:35:37,927 [pool-499-thread-1] INFO  server.RaftServerConfigKeys (ConfUtils.java:logGet(43)) - raft.server.log.force.sync.num = 128 (default)
2019-10-07 12:35:37,927 [pool-499-thread-1] INFO  server.RaftServerConfigKeys (ConfUtils.java:logGet(43)) - raft.server.log.statemachine.data.sync = true (default)
2019-10-07 12:35:37,927 [pool-499-thread-1] INFO  server.RaftServerConfigKeys (ConfUtils.java:logGet(43)) - raft.server.log.statemachine.data.sync.timeout = 10s (default)
2019-10-07 12:35:37,927 [pool-499-thread-1] INFO  server.RaftServerConfigKeys (ConfUtils.java:logGet(43)) - raft.server.log.statemachine.data.sync.timeout.retry = -1 (default)
2019-10-07 12:35:37,928 [pool-499-thread-1] INFO  server.RaftServerConfigKeys (ConfUtils.java:logGet(43)) - raft.server.log.statemachine.data.caching.enabled = true (custom)
2019-10-07 12:35:37,928 [pool-499-thread-1] INFO  segmented.SegmentedRaftLogWorker (SegmentedRaftLogWorker.java:lambda$new$0(128)) - 149e5820-2214-4b7b-b515-e21eaa37c885@group-9422C232CCF4-SegmentedRaftLogWorker: flushIndex: setUnconditionally 0 -> -1
2019-10-07 12:35:37,928 [pool-499-thread-1] INFO  server.RaftServerConfigKeys (ConfUtils.java:logGet(43)) - raft.server.snapshot.auto.trigger.enabled = true (custom)
2019-10-07 12:35:37,928 [pool-499-thread-1] INFO  server.RaftServerConfigKeys (ConfUtils.java:logGet(43)) - raft.server.snapshot.auto.trigger.threshold = 10000 (custom)
2019-10-07 12:35:37,929 [pool-499-thread-1] INFO  server.RaftServerConfigKeys (ConfUtils.java:logGet(43)) - raft.server.snapshot.retention.file.num = 5 (custom)
2019-10-07 12:35:37,929 [pool-499-thread-1] INFO  server.RaftServerConfigKeys (ConfUtils.java:logGet(43)) - raft.server.retrycache.expirytime = 600000ms (custom)
2019-10-07 12:35:37,930 [pool-499-thread-1] INFO  impl.RaftServerImpl (RaftServerImpl.java:start(181)) - 149e5820-2214-4b7b-b515-e21eaa37c885@group-9422C232CCF4: start as a follower, conf=-1: [149e5820-2214-4b7b-b515-e21eaa37c885:192.168.30.23:45628], old=null
2019-10-07 12:35:37,930 [pool-499-thread-1] INFO  impl.RaftServerImpl (RaftServerImpl.java:setRole(170)) - 149e5820-2214-4b7b-b515-e21eaa37c885@group-9422C232CCF4: changes role from      null to FOLLOWER at term 0 for startAsFollower
2019-10-07 12:35:37,931 [pool-499-thread-1] INFO  impl.RoleInfo (RoleInfo.java:updateAndGet(143)) - 149e5820-2214-4b7b-b515-e21eaa37c885: start FollowerState
2019-10-07 12:35:37,931 [pool-499-thread-1] INFO  util.JmxRegister (JmxRegister.java:tryRegister(44)) - Successfully registered JMX Bean with object name Ratis:service=RaftServer,group=group-9422C232CCF4,id=149e5820-2214-4b7b-b515-e21eaa37c885
2019-10-07 12:35:37,939 [RatisPipelineUtilsThread] INFO  pipeline.PipelineStateManager (PipelineStateManager.java:addPipeline(56)) - Created pipeline Pipeline[ Id: 3d1f1b6b-6991-43e6-a8a5-9422c232ccf4, Nodes: 149e5820-2214-4b7b-b515-e21eaa37c885{ip: 192.168.30.23, host: pr-hdds-2262-rg9fl-2107095119, networkLocation: /default-rack, certSerialId: null}, Type:RATIS, Factor:ONE, State:OPEN]
2019-10-07 12:35:38,293 [IPC Server handler 0 on 34866] INFO  net.NetworkTopology (NetworkTopologyImpl.java:add(111)) - Added a new node: /default-rack/b832e3db-7591-4d70-a4ae-49be624e8c11
2019-10-07 12:35:38,293 [IPC Server handler 0 on 34866] INFO  node.SCMNodeManager (SCMNodeManager.java:register(268)) - Registered Data node : b832e3db-7591-4d70-a4ae-49be624e8c11{ip: 192.168.30.23, host: pr-hdds-2262-rg9fl-2107095119, networkLocation: /default-rack, certSerialId: null}
2019-10-07 12:35:38,301 [grpc-default-executor-2] INFO  impl.RaftServerProxy (RaftServerProxy.java:addNew(89)) - b832e3db-7591-4d70-a4ae-49be624e8c11: addNew group-AE7777BEC59D:[b832e3db-7591-4d70-a4ae-49be624e8c11:192.168.30.23:44410] returns group-AE7777BEC59D:java.util.concurrent.CompletableFuture@3d0b922a[Not completed]
2019-10-07 12:35:38,303 [pool-509-thread-1] INFO  impl.RaftServerImpl (RaftServerImpl.java:<init>(95)) - b832e3db-7591-4d70-a4ae-49be624e8c11: new RaftServerImpl for group-AE7777BEC59D:[b832e3db-7591-4d70-a4ae-49be624e8c11:192.168.30.23:44410] with ContainerStateMachine:uninitialized
2019-10-07 12:35:38,303 [pool-509-thread-1] INFO  server.RaftServerConfigKeys (ConfUtils.java:logGet(43)) - raft.server.rpc.timeout.min = 5s (custom)
2019-10-07 12:35:38,303 [pool-509-thread-1] INFO  server.RaftServerConfigKeys (ConfUtils.java:logGet(43)) - raft.server.rpc.timeout.max = 5200ms (custom)
2019-10-07 12:35:38,303 [pool-509-thread-1] INFO  server.RaftServerConfigKeys (ConfUtils.java:logGet(43)) - raft.server.rpcslowness.timeout = 120s (custom)
2019-10-07 12:35:38,304 [pool-509-thread-1] INFO  server.RaftServerConfigKeys (ConfUtils.java:logGet(43)) - raft.server.sleep.deviation.threshold = 300 (default)
2019-10-07 12:35:38,304 [pool-509-thread-1] INFO  server.RaftServerConfigKeys (ConfUtils.java:logGet(43)) - raft.server.log.appender.install.snapshot.enabled = false (custom)
2019-10-07 12:35:38,304 [pool-509-thread-1] INFO  impl.RaftServerImpl (ServerState.java:<init>(103)) - b832e3db-7591-4d70-a4ae-49be624e8c11@group-AE7777BEC59D: ConfigurationManager, init=-1: [b832e3db-7591-4d70-a4ae-49be624e8c11:192.168.30.23:44410], old=null, confs=<EMPTY_MAP>
2019-10-07 12:35:38,304 [pool-509-thread-1] INFO  server.RaftServerConfigKeys (ConfUtils.java:logGet(43)) - raft.server.storage.dir = [/workdir/hadoop-ozone/integration-test/target/test-dir/MiniOzoneClusterImpl-c08a8652-cb2a-478b-8eac-982176e8ab68/datanode-1/data/ratis] (custom)
2019-10-07 12:35:38,304 [pool-509-thread-1] INFO  server.RaftServerConfigKeys (ConfUtils.java:logGet(43)) - raft.server.log.corruption.policy = EXCEPTION (default)
2019-10-07 12:35:38,305 [pool-509-thread-1] INFO  storage.RaftStorageDirectory (RaftStorageDirectory.java:analyzeStorage(246)) - The storage directory /workdir/hadoop-ozone/integration-test/target/test-dir/MiniOzoneClusterImpl-c08a8652-cb2a-478b-8eac-982176e8ab68/datanode-1/data/ratis/ce89ee0b-c380-473a-a6bc-ae7777bec59d does not exist. Creating ...
2019-10-07 12:35:38,318 [pool-509-thread-1] INFO  storage.RaftStorageDirectory (RaftStorageDirectory.java:tryLock(328)) - Lock on /workdir/hadoop-ozone/integration-test/target/test-dir/MiniOzoneClusterImpl-c08a8652-cb2a-478b-8eac-982176e8ab68/datanode-1/data/ratis/ce89ee0b-c380-473a-a6bc-ae7777bec59d/in_use.lock acquired by nodename 23866@pr-hdds-2262-rg9fl-2107095119
2019-10-07 12:35:38,331 [pool-509-thread-1] INFO  storage.RaftStorage (RaftStorage.java:format(84)) - Storage directory /workdir/hadoop-ozone/integration-test/target/test-dir/MiniOzoneClusterImpl-c08a8652-cb2a-478b-8eac-982176e8ab68/datanode-1/data/ratis/ce89ee0b-c380-473a-a6bc-ae7777bec59d has been successfully formatted.
2019-10-07 12:35:38,332 [pool-509-thread-1] INFO  ratis.ContainerStateMachine (ContainerStateMachine.java:loadSnapshot(231)) - group-AE7777BEC59D: The snapshot info is null. Setting the last applied indexto:(t:0, i:~)
2019-10-07 12:35:38,332 [pool-509-thread-1] INFO  server.RaftServerConfigKeys (ConfUtils.java:logGet(43)) - raft.server.notification.no-leader.timeout = 120s (custom)
2019-10-07 12:35:38,332 [pool-509-thread-1] INFO  server.RaftServerConfigKeys (ConfUtils.java:logGet(43)) - raft.server.log.use.memory = false (default)
2019-10-07 12:35:38,332 [pool-509-thread-1] INFO  server.RaftServerConfigKeys (ConfUtils.java:logGet(43)) - raft.server.log.purge.gap = 1000000 (custom)
2019-10-07 12:35:38,332 [pool-509-thread-1] INFO  server.RaftServerConfigKeys (ConfUtils.java:logGet(43)) - raft.server.log.appender.buffer.byte-limit = 33554432 (custom)
2019-10-07 12:35:38,332 [pool-509-thread-1] INFO  server.RaftServerConfigKeys (ConfUtils.java:logGet(43)) - raft.server.log.segment.size.max = 1048576 (custom)
2019-10-07 12:35:38,334 [pool-509-thread-1] INFO  server.RaftServerConfigKeys (ConfUtils.java:logGet(43)) - raft.server.log.segment.cache.num.max = 2 (custom)
2019-10-07 12:35:38,334 [pool-509-thread-1] INFO  segmented.SegmentedRaftLogWorker (SegmentedRaftLogWorker.java:<init>(173)) - new b832e3db-7591-4d70-a4ae-49be624e8c11@group-AE7777BEC59D-SegmentedRaftLogWorker for RaftStorage:Storage Directory /workdir/hadoop-ozone/integration-test/target/test-dir/MiniOzoneClusterImpl-c08a8652-cb2a-478b-8eac-982176e8ab68/datanode-1/data/ratis/ce89ee0b-c380-473a-a6bc-ae7777bec59d
2019-10-07 12:35:38,334 [pool-509-thread-1] INFO  server.RaftServerConfigKeys (ConfUtils.java:logGet(43)) - raft.server.log.queue.byte-limit = 2147483647 (custom)
2019-10-07 12:35:38,334 [pool-509-thread-1] INFO  server.RaftServerConfigKeys (ConfUtils.java:logGet(43)) - raft.server.log.queue.element-limit = 1024 (custom)
2019-10-07 12:35:38,334 [pool-509-thread-1] INFO  server.RaftServerConfigKeys (ConfUtils.java:logGet(43)) - raft.server.log.segment.size.max = 1048576 (custom)
2019-10-07 12:35:38,334 [pool-509-thread-1] INFO  server.RaftServerConfigKeys (ConfUtils.java:logGet(43)) - raft.server.log.preallocated.size = 16384 (custom)
2019-10-07 12:35:38,334 [pool-509-thread-1] INFO  server.RaftServerConfigKeys (ConfUtils.java:logGet(43)) - raft.server.log.write.buffer.size = 33554432 (custom)
2019-10-07 12:35:38,335 [pool-509-thread-1] INFO  server.RaftServerConfigKeys (ConfUtils.java:logGet(43)) - raft.server.log.force.sync.num = 128 (default)
2019-10-07 12:35:38,335 [pool-509-thread-1] INFO  server.RaftServerConfigKeys (ConfUtils.java:logGet(43)) - raft.server.log.statemachine.data.sync = true (default)
2019-10-07 12:35:38,335 [pool-509-thread-1] INFO  server.RaftServerConfigKeys (ConfUtils.java:logGet(43)) - raft.server.log.statemachine.data.sync.timeout = 10s (default)
2019-10-07 12:35:38,335 [pool-509-thread-1] INFO  server.RaftServerConfigKeys (ConfUtils.java:logGet(43)) - raft.server.log.statemachine.data.sync.timeout.retry = -1 (default)
2019-10-07 12:35:38,335 [pool-509-thread-1] INFO  server.RaftServerConfigKeys (ConfUtils.java:logGet(43)) - raft.server.log.statemachine.data.caching.enabled = true (custom)
2019-10-07 12:35:38,336 [pool-509-thread-1] INFO  segmented.SegmentedRaftLogWorker (SegmentedRaftLogWorker.java:lambda$new$0(128)) - b832e3db-7591-4d70-a4ae-49be624e8c11@group-AE7777BEC59D-SegmentedRaftLogWorker: flushIndex: setUnconditionally 0 -> -1
2019-10-07 12:35:38,336 [pool-509-thread-1] INFO  server.RaftServerConfigKeys (ConfUtils.java:logGet(43)) - raft.server.snapshot.auto.trigger.enabled = true (custom)
2019-10-07 12:35:38,336 [pool-509-thread-1] INFO  server.RaftServerConfigKeys (ConfUtils.java:logGet(43)) - raft.server.snapshot.auto.trigger.threshold = 10000 (custom)
2019-10-07 12:35:38,336 [pool-509-thread-1] INFO  server.RaftServerConfigKeys (ConfUtils.java:logGet(43)) - raft.server.snapshot.retention.file.num = 5 (custom)
2019-10-07 12:35:38,336 [pool-509-thread-1] INFO  server.RaftServerConfigKeys (ConfUtils.java:logGet(43)) - raft.server.retrycache.expirytime = 600000ms (custom)
2019-10-07 12:35:38,337 [pool-509-thread-1] INFO  impl.RaftServerImpl (RaftServerImpl.java:start(181)) - b832e3db-7591-4d70-a4ae-49be624e8c11@group-AE7777BEC59D: start as a follower, conf=-1: [b832e3db-7591-4d70-a4ae-49be624e8c11:192.168.30.23:44410], old=null
2019-10-07 12:35:38,338 [pool-509-thread-1] INFO  impl.RaftServerImpl (RaftServerImpl.java:setRole(170)) - b832e3db-7591-4d70-a4ae-49be624e8c11@group-AE7777BEC59D: changes role from      null to FOLLOWER at term 0 for startAsFollower
2019-10-07 12:35:38,338 [pool-509-thread-1] INFO  impl.RoleInfo (RoleInfo.java:updateAndGet(143)) - b832e3db-7591-4d70-a4ae-49be624e8c11: start FollowerState
2019-10-07 12:35:38,338 [pool-509-thread-1] INFO  util.JmxRegister (JmxRegister.java:tryRegister(44)) - Successfully registered JMX Bean with object name Ratis:service=RaftServer,group=group-AE7777BEC59D,id=b832e3db-7591-4d70-a4ae-49be624e8c11
2019-10-07 12:35:38,344 [RatisPipelineUtilsThread] INFO  pipeline.PipelineStateManager (PipelineStateManager.java:addPipeline(56)) - Created pipeline Pipeline[ Id: ce89ee0b-c380-473a-a6bc-ae7777bec59d, Nodes: b832e3db-7591-4d70-a4ae-49be624e8c11{ip: 192.168.30.23, host: pr-hdds-2262-rg9fl-2107095119, networkLocation: /default-rack, certSerialId: null}, Type:RATIS, Factor:ONE, State:OPEN]
2019-10-07 12:35:38,481 [IPC Server handler 2 on 34866] INFO  net.NetworkTopology (NetworkTopologyImpl.java:add(111)) - Added a new node: /default-rack/4940d0e3-d299-42d6-a5cb-8d6363f46478
2019-10-07 12:35:38,481 [IPC Server handler 2 on 34866] INFO  node.SCMNodeManager (SCMNodeManager.java:register(268)) - Registered Data node : 4940d0e3-d299-42d6-a5cb-8d6363f46478{ip: 192.168.30.23, host: pr-hdds-2262-rg9fl-2107095119, networkLocation: /default-rack, certSerialId: null}
2019-10-07 12:35:38,489 [grpc-default-executor-6] INFO  impl.RaftServerProxy (RaftServerProxy.java:addNew(89)) - 4940d0e3-d299-42d6-a5cb-8d6363f46478: addNew group-9E36740EE181:[4940d0e3-d299-42d6-a5cb-8d6363f46478:192.168.30.23:34846] returns group-9E36740EE181:java.util.concurrent.CompletableFuture@5d793217[Not completed]
2019-10-07 12:35:38,491 [pool-519-thread-1] INFO  impl.RaftServerImpl (RaftServerImpl.java:<init>(95)) - 4940d0e3-d299-42d6-a5cb-8d6363f46478: new RaftServerImpl for group-9E36740EE181:[4940d0e3-d299-42d6-a5cb-8d6363f46478:192.168.30.23:34846] with ContainerStateMachine:uninitialized
2019-10-07 12:35:38,491 [pool-519-thread-1] INFO  server.RaftServerConfigKeys (ConfUtils.java:logGet(43)) - raft.server.rpc.timeout.min = 5s (custom)
2019-10-07 12:35:38,491 [pool-519-thread-1] INFO  server.RaftServerConfigKeys (ConfUtils.java:logGet(43)) - raft.server.rpc.timeout.max = 5200ms (custom)
2019-10-07 12:35:38,491 [pool-519-thread-1] INFO  server.RaftServerConfigKeys (ConfUtils.java:logGet(43)) - raft.server.rpcslowness.timeout = 120s (custom)
2019-10-07 12:35:38,491 [pool-519-thread-1] INFO  server.RaftServerConfigKeys (ConfUtils.java:logGet(43)) - raft.server.sleep.deviation.threshold = 300 (default)
2019-10-07 12:35:38,491 [pool-519-thread-1] INFO  server.RaftServerConfigKeys (ConfUtils.java:logGet(43)) - raft.server.log.appender.install.snapshot.enabled = false (custom)
2019-10-07 12:35:38,492 [pool-519-thread-1] INFO  impl.RaftServerImpl (ServerState.java:<init>(103)) - 4940d0e3-d299-42d6-a5cb-8d6363f46478@group-9E36740EE181: ConfigurationManager, init=-1: [4940d0e3-d299-42d6-a5cb-8d6363f46478:192.168.30.23:34846], old=null, confs=<EMPTY_MAP>
2019-10-07 12:35:38,492 [pool-519-thread-1] INFO  server.RaftServerConfigKeys (ConfUtils.java:logGet(43)) - raft.server.storage.dir = [/workdir/hadoop-ozone/integration-test/target/test-dir/MiniOzoneClusterImpl-c08a8652-cb2a-478b-8eac-982176e8ab68/datanode-2/data/ratis] (custom)
2019-10-07 12:35:38,492 [pool-519-thread-1] INFO  server.RaftServerConfigKeys (ConfUtils.java:logGet(43)) - raft.server.log.corruption.policy = EXCEPTION (default)
2019-10-07 12:35:38,516 [pool-519-thread-1] INFO  storage.RaftStorageDirectory (RaftStorageDirectory.java:analyzeStorage(246)) - The storage directory /workdir/hadoop-ozone/integration-test/target/test-dir/MiniOzoneClusterImpl-c08a8652-cb2a-478b-8eac-982176e8ab68/datanode-2/data/ratis/c5207d1c-8849-477d-8aff-9e36740ee181 does not exist. Creating ...
2019-10-07 12:35:38,532 [pool-519-thread-1] INFO  storage.RaftStorageDirectory (RaftStorageDirectory.java:tryLock(328)) - Lock on /workdir/hadoop-ozone/integration-test/target/test-dir/MiniOzoneClusterImpl-c08a8652-cb2a-478b-8eac-982176e8ab68/datanode-2/data/ratis/c5207d1c-8849-477d-8aff-9e36740ee181/in_use.lock acquired by nodename 23866@pr-hdds-2262-rg9fl-2107095119
2019-10-07 12:35:38,553 [pool-519-thread-1] INFO  storage.RaftStorage (RaftStorage.java:format(84)) - Storage directory /workdir/hadoop-ozone/integration-test/target/test-dir/MiniOzoneClusterImpl-c08a8652-cb2a-478b-8eac-982176e8ab68/datanode-2/data/ratis/c5207d1c-8849-477d-8aff-9e36740ee181 has been successfully formatted.
2019-10-07 12:35:38,553 [pool-519-thread-1] INFO  ratis.ContainerStateMachine (ContainerStateMachine.java:loadSnapshot(231)) - group-9E36740EE181: The snapshot info is null. Setting the last applied indexto:(t:0, i:~)
2019-10-07 12:35:38,554 [pool-519-thread-1] INFO  server.RaftServerConfigKeys (ConfUtils.java:logGet(43)) - raft.server.notification.no-leader.timeout = 120s (custom)
2019-10-07 12:35:38,554 [pool-519-thread-1] INFO  server.RaftServerConfigKeys (ConfUtils.java:logGet(43)) - raft.server.log.use.memory = false (default)
2019-10-07 12:35:38,554 [pool-519-thread-1] INFO  server.RaftServerConfigKeys (ConfUtils.java:logGet(43)) - raft.server.log.purge.gap = 1000000 (custom)
2019-10-07 12:35:38,554 [pool-519-thread-1] INFO  server.RaftServerConfigKeys (ConfUtils.java:logGet(43)) - raft.server.log.appender.buffer.byte-limit = 33554432 (custom)
2019-10-07 12:35:38,554 [pool-519-thread-1] INFO  server.RaftServerConfigKeys (ConfUtils.java:logGet(43)) - raft.server.log.segment.size.max = 1048576 (custom)
2019-10-07 12:35:38,556 [pool-519-thread-1] INFO  server.RaftServerConfigKeys (ConfUtils.java:logGet(43)) - raft.server.log.segment.cache.num.max = 2 (custom)
2019-10-07 12:35:38,556 [pool-519-thread-1] INFO  segmented.SegmentedRaftLogWorker (SegmentedRaftLogWorker.java:<init>(173)) - new 4940d0e3-d299-42d6-a5cb-8d6363f46478@group-9E36740EE181-SegmentedRaftLogWorker for RaftStorage:Storage Directory /workdir/hadoop-ozone/integration-test/target/test-dir/MiniOzoneClusterImpl-c08a8652-cb2a-478b-8eac-982176e8ab68/datanode-2/data/ratis/c5207d1c-8849-477d-8aff-9e36740ee181
2019-10-07 12:35:38,556 [pool-519-thread-1] INFO  server.RaftServerConfigKeys (ConfUtils.java:logGet(43)) - raft.server.log.queue.byte-limit = 2147483647 (custom)
2019-10-07 12:35:38,557 [pool-519-thread-1] INFO  server.RaftServerConfigKeys (ConfUtils.java:logGet(43)) - raft.server.log.queue.element-limit = 1024 (custom)
2019-10-07 12:35:38,557 [pool-519-thread-1] INFO  server.RaftServerConfigKeys (ConfUtils.java:logGet(43)) - raft.server.log.segment.size.max = 1048576 (custom)
2019-10-07 12:35:38,557 [pool-519-thread-1] INFO  server.RaftServerConfigKeys (ConfUtils.java:logGet(43)) - raft.server.log.preallocated.size = 16384 (custom)
2019-10-07 12:35:38,557 [pool-519-thread-1] INFO  server.RaftServerConfigKeys (ConfUtils.java:logGet(43)) - raft.server.log.write.buffer.size = 33554432 (custom)
2019-10-07 12:35:38,557 [pool-519-thread-1] INFO  server.RaftServerConfigKeys (ConfUtils.java:logGet(43)) - raft.server.log.force.sync.num = 128 (default)
2019-10-07 12:35:38,557 [pool-519-thread-1] INFO  server.RaftServerConfigKeys (ConfUtils.java:logGet(43)) - raft.server.log.statemachine.data.sync = true (default)
2019-10-07 12:35:38,558 [pool-519-thread-1] INFO  server.RaftServerConfigKeys (ConfUtils.java:logGet(43)) - raft.server.log.statemachine.data.sync.timeout = 10s (default)
2019-10-07 12:35:38,558 [pool-519-thread-1] INFO  server.RaftServerConfigKeys (ConfUtils.java:logGet(43)) - raft.server.log.statemachine.data.sync.timeout.retry = -1 (default)
2019-10-07 12:35:38,558 [pool-519-thread-1] INFO  server.RaftServerConfigKeys (ConfUtils.java:logGet(43)) - raft.server.log.statemachine.data.caching.enabled = true (custom)
2019-10-07 12:35:38,558 [pool-519-thread-1] INFO  segmented.SegmentedRaftLogWorker (SegmentedRaftLogWorker.java:lambda$new$0(128)) - 4940d0e3-d299-42d6-a5cb-8d6363f46478@group-9E36740EE181-SegmentedRaftLogWorker: flushIndex: setUnconditionally 0 -> -1
2019-10-07 12:35:38,559 [pool-519-thread-1] INFO  server.RaftServerConfigKeys (ConfUtils.java:logGet(43)) - raft.server.snapshot.auto.trigger.enabled = true (custom)
2019-10-07 12:35:38,559 [pool-519-thread-1] INFO  server.RaftServerConfigKeys (ConfUtils.java:logGet(43)) - raft.server.snapshot.auto.trigger.threshold = 10000 (custom)
2019-10-07 12:35:38,559 [pool-519-thread-1] INFO  server.RaftServerConfigKeys (ConfUtils.java:logGet(43)) - raft.server.snapshot.retention.file.num = 5 (custom)
2019-10-07 12:35:38,559 [pool-519-thread-1] INFO  server.RaftServerConfigKeys (ConfUtils.java:logGet(43)) - raft.server.retrycache.expirytime = 600000ms (custom)
2019-10-07 12:35:38,561 [pool-519-thread-1] INFO  impl.RaftServerImpl (RaftServerImpl.java:start(181)) - 4940d0e3-d299-42d6-a5cb-8d6363f46478@group-9E36740EE181: start as a follower, conf=-1: [4940d0e3-d299-42d6-a5cb-8d6363f46478:192.168.30.23:34846], old=null
2019-10-07 12:35:38,561 [pool-519-thread-1] INFO  impl.RaftServerImpl (RaftServerImpl.java:setRole(170)) - 4940d0e3-d299-42d6-a5cb-8d6363f46478@group-9E36740EE181: changes role from      null to FOLLOWER at term 0 for startAsFollower
2019-10-07 12:35:38,562 [pool-519-thread-1] INFO  impl.RoleInfo (RoleInfo.java:updateAndGet(143)) - 4940d0e3-d299-42d6-a5cb-8d6363f46478: start FollowerState
2019-10-07 12:35:38,562 [pool-519-thread-1] INFO  util.JmxRegister (JmxRegister.java:tryRegister(44)) - Successfully registered JMX Bean with object name Ratis:service=RaftServer,group=group-9E36740EE181,id=4940d0e3-d299-42d6-a5cb-8d6363f46478
2019-10-07 12:35:38,570 [RatisPipelineUtilsThread] INFO  pipeline.PipelineStateManager (PipelineStateManager.java:addPipeline(56)) - Created pipeline Pipeline[ Id: c5207d1c-8849-477d-8aff-9e36740ee181, Nodes: 4940d0e3-d299-42d6-a5cb-8d6363f46478{ip: 192.168.30.23, host: pr-hdds-2262-rg9fl-2107095119, networkLocation: /default-rack, certSerialId: null}, Type:RATIS, Factor:ONE, State:OPEN]
2019-10-07 12:35:38,575 [IPC Server handler 3 on 34866] INFO  net.NetworkTopology (NetworkTopologyImpl.java:add(111)) - Added a new node: /default-rack/9f9cdcd1-102b-49c8-8900-6ca02da15102
2019-10-07 12:35:38,576 [IPC Server handler 3 on 34866] INFO  node.SCMNodeManager (SCMNodeManager.java:register(268)) - Registered Data node : 9f9cdcd1-102b-49c8-8900-6ca02da15102{ip: 192.168.30.23, host: pr-hdds-2262-rg9fl-2107095119, networkLocation: /default-rack, certSerialId: null}
2019-10-07 12:35:38,582 [grpc-default-executor-9] INFO  impl.RaftServerProxy (RaftServerProxy.java:addNew(89)) - 149e5820-2214-4b7b-b515-e21eaa37c885: addNew group-1BAA06384D22:[b832e3db-7591-4d70-a4ae-49be624e8c11:192.168.30.23:44410, 4940d0e3-d299-42d6-a5cb-8d6363f46478:192.168.30.23:34846, 149e5820-2214-4b7b-b515-e21eaa37c885:192.168.30.23:45628] returns group-1BAA06384D22:java.util.concurrent.CompletableFuture@10750ff6[Not completed]
2019-10-07 12:35:38,583 [grpc-default-executor-9] INFO  impl.RaftServerProxy (RaftServerProxy.java:addNew(89)) - 4940d0e3-d299-42d6-a5cb-8d6363f46478: addNew group-1BAA06384D22:[b832e3db-7591-4d70-a4ae-49be624e8c11:192.168.30.23:44410, 4940d0e3-d299-42d6-a5cb-8d6363f46478:192.168.30.23:34846, 149e5820-2214-4b7b-b515-e21eaa37c885:192.168.30.23:45628] returns group-1BAA06384D22:java.util.concurrent.CompletableFuture@1a0e484e[Not completed]
2019-10-07 12:35:38,583 [grpc-default-executor-2] INFO  impl.RaftServerProxy (RaftServerProxy.java:addNew(89)) - b832e3db-7591-4d70-a4ae-49be624e8c11: addNew group-1BAA06384D22:[b832e3db-7591-4d70-a4ae-49be624e8c11:192.168.30.23:44410, 4940d0e3-d299-42d6-a5cb-8d6363f46478:192.168.30.23:34846, 149e5820-2214-4b7b-b515-e21eaa37c885:192.168.30.23:45628] returns group-1BAA06384D22:java.util.concurrent.CompletableFuture@741158bd[Not completed]
2019-10-07 12:35:38,584 [pool-499-thread-1] INFO  impl.RaftServerImpl (RaftServerImpl.java:<init>(95)) - 149e5820-2214-4b7b-b515-e21eaa37c885: new RaftServerImpl for group-1BAA06384D22:[b832e3db-7591-4d70-a4ae-49be624e8c11:192.168.30.23:44410, 4940d0e3-d299-42d6-a5cb-8d6363f46478:192.168.30.23:34846, 149e5820-2214-4b7b-b515-e21eaa37c885:192.168.30.23:45628] with ContainerStateMachine:uninitialized
2019-10-07 12:35:38,584 [pool-499-thread-1] INFO  server.RaftServerConfigKeys (ConfUtils.java:logGet(43)) - raft.server.rpc.timeout.min = 5s (custom)
2019-10-07 12:35:38,584 [pool-499-thread-1] INFO  server.RaftServerConfigKeys (ConfUtils.java:logGet(43)) - raft.server.rpc.timeout.max = 5200ms (custom)
2019-10-07 12:35:38,584 [pool-499-thread-1] INFO  server.RaftServerConfigKeys (ConfUtils.java:logGet(43)) - raft.server.rpcslowness.timeout = 120s (custom)
2019-10-07 12:35:38,584 [pool-509-thread-1] INFO  impl.RaftServerImpl (RaftServerImpl.java:<init>(95)) - b832e3db-7591-4d70-a4ae-49be624e8c11: new RaftServerImpl for group-1BAA06384D22:[b832e3db-7591-4d70-a4ae-49be624e8c11:192.168.30.23:44410, 4940d0e3-d299-42d6-a5cb-8d6363f46478:192.168.30.23:34846, 149e5820-2214-4b7b-b515-e21eaa37c885:192.168.30.23:45628] with ContainerStateMachine:uninitialized
2019-10-07 12:35:38,584 [pool-499-thread-1] INFO  server.RaftServerConfigKeys (ConfUtils.java:logGet(43)) - raft.server.sleep.deviation.threshold = 300 (default)
2019-10-07 12:35:38,585 [pool-509-thread-1] INFO  server.RaftServerConfigKeys (ConfUtils.java:logGet(43)) - raft.server.rpc.timeout.min = 5s (custom)
2019-10-07 12:35:38,585 [pool-499-thread-1] INFO  server.RaftServerConfigKeys (ConfUtils.java:logGet(43)) - raft.server.log.appender.install.snapshot.enabled = false (custom)
2019-10-07 12:35:38,585 [pool-519-thread-1] INFO  impl.RaftServerImpl (RaftServerImpl.java:<init>(95)) - 4940d0e3-d299-42d6-a5cb-8d6363f46478: new RaftServerImpl for group-1BAA06384D22:[b832e3db-7591-4d70-a4ae-49be624e8c11:192.168.30.23:44410, 4940d0e3-d299-42d6-a5cb-8d6363f46478:192.168.30.23:34846, 149e5820-2214-4b7b-b515-e21eaa37c885:192.168.30.23:45628] with ContainerStateMachine:uninitialized
2019-10-07 12:35:38,585 [pool-499-thread-1] INFO  impl.RaftServerImpl (ServerState.java:<init>(103)) - 149e5820-2214-4b7b-b515-e21eaa37c885@group-1BAA06384D22: ConfigurationManager, init=-1: [b832e3db-7591-4d70-a4ae-49be624e8c11:192.168.30.23:44410, 4940d0e3-d299-42d6-a5cb-8d6363f46478:192.168.30.23:34846, 149e5820-2214-4b7b-b515-e21eaa37c885:192.168.30.23:45628], old=null, confs=<EMPTY_MAP>
2019-10-07 12:35:38,585 [pool-509-thread-1] INFO  server.RaftServerConfigKeys (ConfUtils.java:logGet(43)) - raft.server.rpc.timeout.max = 5200ms (custom)
2019-10-07 12:35:38,585 [pool-499-thread-1] INFO  server.RaftServerConfigKeys (ConfUtils.java:logGet(43)) - raft.server.storage.dir = [/workdir/hadoop-ozone/integration-test/target/test-dir/MiniOzoneClusterImpl-c08a8652-cb2a-478b-8eac-982176e8ab68/datanode-0/data/ratis] (custom)
2019-10-07 12:35:38,585 [pool-519-thread-1] INFO  server.RaftServerConfigKeys (ConfUtils.java:logGet(43)) - raft.server.rpc.timeout.min = 5s (custom)
2019-10-07 12:35:38,586 [pool-509-thread-1] INFO  server.RaftServerConfigKeys (ConfUtils.java:logGet(43)) - raft.server.rpcslowness.timeout = 120s (custom)
2019-10-07 12:35:38,586 [pool-499-thread-1] INFO  server.RaftServerConfigKeys (ConfUtils.java:logGet(43)) - raft.server.log.corruption.policy = EXCEPTION (default)
2019-10-07 12:35:38,586 [pool-519-thread-1] INFO  server.RaftServerConfigKeys (ConfUtils.java:logGet(43)) - raft.server.rpc.timeout.max = 5200ms (custom)
2019-10-07 12:35:38,586 [pool-499-thread-1] INFO  storage.RaftStorageDirectory (RaftStorageDirectory.java:analyzeStorage(246)) - The storage directory /workdir/hadoop-ozone/integration-test/target/test-dir/MiniOzoneClusterImpl-c08a8652-cb2a-478b-8eac-982176e8ab68/datanode-0/data/ratis/1df5aaec-3b78-498c-8d65-1baa06384d22 does not exist. Creating ...
2019-10-07 12:35:38,586 [pool-509-thread-1] INFO  server.RaftServerConfigKeys (ConfUtils.java:logGet(43)) - raft.server.sleep.deviation.threshold = 300 (default)
2019-10-07 12:35:38,587 [pool-509-thread-1] INFO  server.RaftServerConfigKeys (ConfUtils.java:logGet(43)) - raft.server.log.appender.install.snapshot.enabled = false (custom)
2019-10-07 12:35:38,586 [pool-519-thread-1] INFO  server.RaftServerConfigKeys (ConfUtils.java:logGet(43)) - raft.server.rpcslowness.timeout = 120s (custom)
2019-10-07 12:35:38,587 [pool-509-thread-1] INFO  impl.RaftServerImpl (ServerState.java:<init>(103)) - b832e3db-7591-4d70-a4ae-49be624e8c11@group-1BAA06384D22: ConfigurationManager, init=-1: [b832e3db-7591-4d70-a4ae-49be624e8c11:192.168.30.23:44410, 4940d0e3-d299-42d6-a5cb-8d6363f46478:192.168.30.23:34846, 149e5820-2214-4b7b-b515-e21eaa37c885:192.168.30.23:45628], old=null, confs=<EMPTY_MAP>
2019-10-07 12:35:38,587 [pool-519-thread-1] INFO  server.RaftServerConfigKeys (ConfUtils.java:logGet(43)) - raft.server.sleep.deviation.threshold = 300 (default)
2019-10-07 12:35:38,587 [pool-509-thread-1] INFO  server.RaftServerConfigKeys (ConfUtils.java:logGet(43)) - raft.server.storage.dir = [/workdir/hadoop-ozone/integration-test/target/test-dir/MiniOzoneClusterImpl-c08a8652-cb2a-478b-8eac-982176e8ab68/datanode-1/data/ratis] (custom)
2019-10-07 12:35:38,587 [pool-519-thread-1] INFO  server.RaftServerConfigKeys (ConfUtils.java:logGet(43)) - raft.server.log.appender.install.snapshot.enabled = false (custom)
2019-10-07 12:35:38,587 [pool-509-thread-1] INFO  server.RaftServerConfigKeys (ConfUtils.java:logGet(43)) - raft.server.log.corruption.policy = EXCEPTION (default)
2019-10-07 12:35:38,588 [pool-519-thread-1] INFO  impl.RaftServerImpl (ServerState.java:<init>(103)) - 4940d0e3-d299-42d6-a5cb-8d6363f46478@group-1BAA06384D22: ConfigurationManager, init=-1: [b832e3db-7591-4d70-a4ae-49be624e8c11:192.168.30.23:44410, 4940d0e3-d299-42d6-a5cb-8d6363f46478:192.168.30.23:34846, 149e5820-2214-4b7b-b515-e21eaa37c885:192.168.30.23:45628], old=null, confs=<EMPTY_MAP>
2019-10-07 12:35:38,588 [pool-509-thread-1] INFO  storage.RaftStorageDirectory (RaftStorageDirectory.java:analyzeStorage(246)) - The storage directory /workdir/hadoop-ozone/integration-test/target/test-dir/MiniOzoneClusterImpl-c08a8652-cb2a-478b-8eac-982176e8ab68/datanode-1/data/ratis/1df5aaec-3b78-498c-8d65-1baa06384d22 does not exist. Creating ...
2019-10-07 12:35:38,588 [pool-519-thread-1] INFO  server.RaftServerConfigKeys (ConfUtils.java:logGet(43)) - raft.server.storage.dir = [/workdir/hadoop-ozone/integration-test/target/test-dir/MiniOzoneClusterImpl-c08a8652-cb2a-478b-8eac-982176e8ab68/datanode-2/data/ratis] (custom)
2019-10-07 12:35:38,588 [pool-519-thread-1] INFO  server.RaftServerConfigKeys (ConfUtils.java:logGet(43)) - raft.server.log.corruption.policy = EXCEPTION (default)
2019-10-07 12:35:38,588 [pool-519-thread-1] INFO  storage.RaftStorageDirectory (RaftStorageDirectory.java:analyzeStorage(246)) - The storage directory /workdir/hadoop-ozone/integration-test/target/test-dir/MiniOzoneClusterImpl-c08a8652-cb2a-478b-8eac-982176e8ab68/datanode-2/data/ratis/1df5aaec-3b78-498c-8d65-1baa06384d22 does not exist. Creating ...
2019-10-07 12:35:38,594 [pool-509-thread-1] INFO  storage.RaftStorageDirectory (RaftStorageDirectory.java:tryLock(328)) - Lock on /workdir/hadoop-ozone/integration-test/target/test-dir/MiniOzoneClusterImpl-c08a8652-cb2a-478b-8eac-982176e8ab68/datanode-1/data/ratis/1df5aaec-3b78-498c-8d65-1baa06384d22/in_use.lock acquired by nodename 23866@pr-hdds-2262-rg9fl-2107095119
2019-10-07 12:35:38,594 [pool-519-thread-1] INFO  storage.RaftStorageDirectory (RaftStorageDirectory.java:tryLock(328)) - Lock on /workdir/hadoop-ozone/integration-test/target/test-dir/MiniOzoneClusterImpl-c08a8652-cb2a-478b-8eac-982176e8ab68/datanode-2/data/ratis/1df5aaec-3b78-498c-8d65-1baa06384d22/in_use.lock acquired by nodename 23866@pr-hdds-2262-rg9fl-2107095119
2019-10-07 12:35:38,594 [pool-499-thread-1] INFO  storage.RaftStorageDirectory (RaftStorageDirectory.java:tryLock(328)) - Lock on /workdir/hadoop-ozone/integration-test/target/test-dir/MiniOzoneClusterImpl-c08a8652-cb2a-478b-8eac-982176e8ab68/datanode-0/data/ratis/1df5aaec-3b78-498c-8d65-1baa06384d22/in_use.lock acquired by nodename 23866@pr-hdds-2262-rg9fl-2107095119
2019-10-07 12:35:38,611 [pool-499-thread-1] INFO  storage.RaftStorage (RaftStorage.java:format(84)) - Storage directory /workdir/hadoop-ozone/integration-test/target/test-dir/MiniOzoneClusterImpl-c08a8652-cb2a-478b-8eac-982176e8ab68/datanode-0/data/ratis/1df5aaec-3b78-498c-8d65-1baa06384d22 has been successfully formatted.
2019-10-07 12:35:38,612 [pool-519-thread-1] INFO  storage.RaftStorage (RaftStorage.java:format(84)) - Storage directory /workdir/hadoop-ozone/integration-test/target/test-dir/MiniOzoneClusterImpl-c08a8652-cb2a-478b-8eac-982176e8ab68/datanode-2/data/ratis/1df5aaec-3b78-498c-8d65-1baa06384d22 has been successfully formatted.
2019-10-07 12:35:38,611 [pool-509-thread-1] INFO  storage.RaftStorage (RaftStorage.java:format(84)) - Storage directory /workdir/hadoop-ozone/integration-test/target/test-dir/MiniOzoneClusterImpl-c08a8652-cb2a-478b-8eac-982176e8ab68/datanode-1/data/ratis/1df5aaec-3b78-498c-8d65-1baa06384d22 has been successfully formatted.
2019-10-07 12:35:38,612 [pool-519-thread-1] INFO  ratis.ContainerStateMachine (ContainerStateMachine.java:loadSnapshot(231)) - group-1BAA06384D22: The snapshot info is null. Setting the last applied indexto:(t:0, i:~)
2019-10-07 12:35:38,612 [pool-499-thread-1] INFO  ratis.ContainerStateMachine (ContainerStateMachine.java:loadSnapshot(231)) - group-1BAA06384D22: The snapshot info is null. Setting the last applied indexto:(t:0, i:~)
2019-10-07 12:35:38,612 [pool-519-thread-1] INFO  server.RaftServerConfigKeys (ConfUtils.java:logGet(43)) - raft.server.notification.no-leader.timeout = 120s (custom)
2019-10-07 12:35:38,612 [pool-509-thread-1] INFO  ratis.ContainerStateMachine (ContainerStateMachine.java:loadSnapshot(231)) - group-1BAA06384D22: The snapshot info is null. Setting the last applied indexto:(t:0, i:~)
2019-10-07 12:35:38,612 [pool-519-thread-1] INFO  server.RaftServerConfigKeys (ConfUtils.java:logGet(43)) - raft.server.log.use.memory = false (default)
2019-10-07 12:35:38,612 [pool-499-thread-1] INFO  server.RaftServerConfigKeys (ConfUtils.java:logGet(43)) - raft.server.notification.no-leader.timeout = 120s (custom)
2019-10-07 12:35:38,613 [pool-519-thread-1] INFO  server.RaftServerConfigKeys (ConfUtils.java:logGet(43)) - raft.server.log.purge.gap = 1000000 (custom)
2019-10-07 12:35:38,613 [pool-509-thread-1] INFO  server.RaftServerConfigKeys (ConfUtils.java:logGet(43)) - raft.server.notification.no-leader.timeout = 120s (custom)
2019-10-07 12:35:38,613 [pool-519-thread-1] INFO  server.RaftServerConfigKeys (ConfUtils.java:logGet(43)) - raft.server.log.appender.buffer.byte-limit = 33554432 (custom)
2019-10-07 12:35:38,613 [pool-499-thread-1] INFO  server.RaftServerConfigKeys (ConfUtils.java:logGet(43)) - raft.server.log.use.memory = false (default)
2019-10-07 12:35:38,613 [pool-519-thread-1] INFO  server.RaftServerConfigKeys (ConfUtils.java:logGet(43)) - raft.server.log.segment.size.max = 1048576 (custom)
2019-10-07 12:35:38,613 [pool-509-thread-1] INFO  server.RaftServerConfigKeys (ConfUtils.java:logGet(43)) - raft.server.log.use.memory = false (default)
2019-10-07 12:35:38,614 [pool-519-thread-1] INFO  server.RaftServerConfigKeys (ConfUtils.java:logGet(43)) - raft.server.log.segment.cache.num.max = 2 (custom)
2019-10-07 12:35:38,614 [pool-519-thread-1] INFO  segmented.SegmentedRaftLogWorker (SegmentedRaftLogWorker.java:<init>(173)) - new 4940d0e3-d299-42d6-a5cb-8d6363f46478@group-1BAA06384D22-SegmentedRaftLogWorker for RaftStorage:Storage Directory /workdir/hadoop-ozone/integration-test/target/test-dir/MiniOzoneClusterImpl-c08a8652-cb2a-478b-8eac-982176e8ab68/datanode-2/data/ratis/1df5aaec-3b78-498c-8d65-1baa06384d22
2019-10-07 12:35:38,613 [pool-499-thread-1] INFO  server.RaftServerConfigKeys (ConfUtils.java:logGet(43)) - raft.server.log.purge.gap = 1000000 (custom)
2019-10-07 12:35:38,614 [pool-519-thread-1] INFO  server.RaftServerConfigKeys (ConfUtils.java:logGet(43)) - raft.server.log.queue.byte-limit = 2147483647 (custom)
2019-10-07 12:35:38,614 [pool-519-thread-1] INFO  server.RaftServerConfigKeys (ConfUtils.java:logGet(43)) - raft.server.log.queue.element-limit = 1024 (custom)
2019-10-07 12:35:38,614 [pool-509-thread-1] INFO  server.RaftServerConfigKeys (ConfUtils.java:logGet(43)) - raft.server.log.purge.gap = 1000000 (custom)
2019-10-07 12:35:38,614 [pool-519-thread-1] INFO  server.RaftServerConfigKeys (ConfUtils.java:logGet(43)) - raft.server.log.segment.size.max = 1048576 (custom)
2019-10-07 12:35:38,614 [pool-499-thread-1] INFO  server.RaftServerConfigKeys (ConfUtils.java:logGet(43)) - raft.server.log.appender.buffer.byte-limit = 33554432 (custom)
2019-10-07 12:35:38,615 [pool-519-thread-1] INFO  server.RaftServerConfigKeys (ConfUtils.java:logGet(43)) - raft.server.log.preallocated.size = 16384 (custom)
2019-10-07 12:35:38,615 [pool-509-thread-1] INFO  server.RaftServerConfigKeys (ConfUtils.java:logGet(43)) - raft.server.log.appender.buffer.byte-limit = 33554432 (custom)
2019-10-07 12:35:38,615 [pool-519-thread-1] INFO  server.RaftServerConfigKeys (ConfUtils.java:logGet(43)) - raft.server.log.write.buffer.size = 33554432 (custom)
2019-10-07 12:35:38,615 [pool-499-thread-1] INFO  server.RaftServerConfigKeys (ConfUtils.java:logGet(43)) - raft.server.log.segment.size.max = 1048576 (custom)
2019-10-07 12:35:38,615 [pool-519-thread-1] INFO  server.RaftServerConfigKeys (ConfUtils.java:logGet(43)) - raft.server.log.force.sync.num = 128 (default)
2019-10-07 12:35:38,616 [pool-519-thread-1] INFO  server.RaftServerConfigKeys (ConfUtils.java:logGet(43)) - raft.server.log.statemachine.data.sync = true (default)
2019-10-07 12:35:38,615 [pool-509-thread-1] INFO  server.RaftServerConfigKeys (ConfUtils.java:logGet(43)) - raft.server.log.segment.size.max = 1048576 (custom)
2019-10-07 12:35:38,616 [pool-519-thread-1] INFO  server.RaftServerConfigKeys (ConfUtils.java:logGet(43)) - raft.server.log.statemachine.data.sync.timeout = 10s (default)
2019-10-07 12:35:38,616 [pool-499-thread-1] INFO  server.RaftServerConfigKeys (ConfUtils.java:logGet(43)) - raft.server.log.segment.cache.num.max = 2 (custom)
2019-10-07 12:35:38,616 [pool-519-thread-1] INFO  server.RaftServerConfigKeys (ConfUtils.java:logGet(43)) - raft.server.log.statemachine.data.sync.timeout.retry = -1 (default)
2019-10-07 12:35:38,616 [pool-509-thread-1] INFO  server.RaftServerConfigKeys (ConfUtils.java:logGet(43)) - raft.server.log.segment.cache.num.max = 2 (custom)
2019-10-07 12:35:38,617 [pool-519-thread-1] INFO  server.RaftServerConfigKeys (ConfUtils.java:logGet(43)) - raft.server.log.statemachine.data.caching.enabled = true (custom)
2019-10-07 12:35:38,616 [pool-499-thread-1] INFO  segmented.SegmentedRaftLogWorker (SegmentedRaftLogWorker.java:<init>(173)) - new 149e5820-2214-4b7b-b515-e21eaa37c885@group-1BAA06384D22-SegmentedRaftLogWorker for RaftStorage:Storage Directory /workdir/hadoop-ozone/integration-test/target/test-dir/MiniOzoneClusterImpl-c08a8652-cb2a-478b-8eac-982176e8ab68/datanode-0/data/ratis/1df5aaec-3b78-498c-8d65-1baa06384d22
2019-10-07 12:35:38,617 [pool-509-thread-1] INFO  segmented.SegmentedRaftLogWorker (SegmentedRaftLogWorker.java:<init>(173)) - new b832e3db-7591-4d70-a4ae-49be624e8c11@group-1BAA06384D22-SegmentedRaftLogWorker for RaftStorage:Storage Directory /workdir/hadoop-ozone/integration-test/target/test-dir/MiniOzoneClusterImpl-c08a8652-cb2a-478b-8eac-982176e8ab68/datanode-1/data/ratis/1df5aaec-3b78-498c-8d65-1baa06384d22
2019-10-07 12:35:38,617 [pool-499-thread-1] INFO  server.RaftServerConfigKeys (ConfUtils.java:logGet(43)) - raft.server.log.queue.byte-limit = 2147483647 (custom)
2019-10-07 12:35:38,617 [pool-519-thread-1] INFO  segmented.SegmentedRaftLogWorker (SegmentedRaftLogWorker.java:lambda$new$0(128)) - 4940d0e3-d299-42d6-a5cb-8d6363f46478@group-1BAA06384D22-SegmentedRaftLogWorker: flushIndex: setUnconditionally 0 -> -1
2019-10-07 12:35:38,617 [pool-499-thread-1] INFO  server.RaftServerConfigKeys (ConfUtils.java:logGet(43)) - raft.server.log.queue.element-limit = 1024 (custom)
2019-10-07 12:35:38,617 [pool-509-thread-1] INFO  server.RaftServerConfigKeys (ConfUtils.java:logGet(43)) - raft.server.log.queue.byte-limit = 2147483647 (custom)
2019-10-07 12:35:38,618 [pool-499-thread-1] INFO  server.RaftServerConfigKeys (ConfUtils.java:logGet(43)) - raft.server.log.segment.size.max = 1048576 (custom)
2019-10-07 12:35:38,618 [pool-519-thread-1] INFO  server.RaftServerConfigKeys (ConfUtils.java:logGet(43)) - raft.server.snapshot.auto.trigger.enabled = true (custom)
2019-10-07 12:35:38,618 [pool-499-thread-1] INFO  server.RaftServerConfigKeys (ConfUtils.java:logGet(43)) - raft.server.log.preallocated.size = 16384 (custom)
2019-10-07 12:35:38,618 [pool-499-thread-1] INFO  server.RaftServerConfigKeys (ConfUtils.java:logGet(43)) - raft.server.log.write.buffer.size = 33554432 (custom)
2019-10-07 12:35:38,618 [pool-509-thread-1] INFO  server.RaftServerConfigKeys (ConfUtils.java:logGet(43)) - raft.server.log.queue.element-limit = 1024 (custom)
2019-10-07 12:35:38,618 [pool-499-thread-1] INFO  server.RaftServerConfigKeys (ConfUtils.java:logGet(43)) - raft.server.log.force.sync.num = 128 (default)
2019-10-07 12:35:38,618 [pool-519-thread-1] INFO  server.RaftServerConfigKeys (ConfUtils.java:logGet(43)) - raft.server.snapshot.auto.trigger.threshold = 10000 (custom)
2019-10-07 12:35:38,619 [pool-499-thread-1] INFO  server.RaftServerConfigKeys (ConfUtils.java:logGet(43)) - raft.server.log.statemachine.data.sync = true (default)
2019-10-07 12:35:38,618 [pool-509-thread-1] INFO  server.RaftServerConfigKeys (ConfUtils.java:logGet(43)) - raft.server.log.segment.size.max = 1048576 (custom)
2019-10-07 12:35:38,619 [pool-499-thread-1] INFO  server.RaftServerConfigKeys (ConfUtils.java:logGet(43)) - raft.server.log.statemachine.data.sync.timeout = 10s (default)
2019-10-07 12:35:38,619 [pool-499-thread-1] INFO  server.RaftServerConfigKeys (ConfUtils.java:logGet(43)) - raft.server.log.statemachine.data.sync.timeout.retry = -1 (default)
2019-10-07 12:35:38,619 [pool-519-thread-1] INFO  server.RaftServerConfigKeys (ConfUtils.java:logGet(43)) - raft.server.snapshot.retention.file.num = 5 (custom)
2019-10-07 12:35:38,619 [pool-499-thread-1] INFO  server.RaftServerConfigKeys (ConfUtils.java:logGet(43)) - raft.server.log.statemachine.data.caching.enabled = true (custom)
2019-10-07 12:35:38,619 [pool-509-thread-1] INFO  server.RaftServerConfigKeys (ConfUtils.java:logGet(43)) - raft.server.log.preallocated.size = 16384 (custom)
2019-10-07 12:35:38,619 [pool-519-thread-1] INFO  server.RaftServerConfigKeys (ConfUtils.java:logGet(43)) - raft.server.retrycache.expirytime = 600000ms (custom)
2019-10-07 12:35:38,620 [pool-509-thread-1] INFO  server.RaftServerConfigKeys (ConfUtils.java:logGet(43)) - raft.server.log.write.buffer.size = 33554432 (custom)
2019-10-07 12:35:38,620 [pool-499-thread-1] INFO  segmented.SegmentedRaftLogWorker (SegmentedRaftLogWorker.java:lambda$new$0(128)) - 149e5820-2214-4b7b-b515-e21eaa37c885@group-1BAA06384D22-SegmentedRaftLogWorker: flushIndex: setUnconditionally 0 -> -1
2019-10-07 12:35:38,620 [pool-509-thread-1] INFO  server.RaftServerConfigKeys (ConfUtils.java:logGet(43)) - raft.server.log.force.sync.num = 128 (default)
2019-10-07 12:35:38,620 [pool-509-thread-1] INFO  server.RaftServerConfigKeys (ConfUtils.java:logGet(43)) - raft.server.log.statemachine.data.sync = true (default)
2019-10-07 12:35:38,620 [pool-499-thread-1] INFO  server.RaftServerConfigKeys (ConfUtils.java:logGet(43)) - raft.server.snapshot.auto.trigger.enabled = true (custom)
2019-10-07 12:35:38,620 [pool-509-thread-1] INFO  server.RaftServerConfigKeys (ConfUtils.java:logGet(43)) - raft.server.log.statemachine.data.sync.timeout = 10s (default)
2019-10-07 12:35:38,621 [pool-499-thread-1] INFO  server.RaftServerConfigKeys (ConfUtils.java:logGet(43)) - raft.server.snapshot.auto.trigger.threshold = 10000 (custom)
2019-10-07 12:35:38,621 [pool-509-thread-1] INFO  server.RaftServerConfigKeys (ConfUtils.java:logGet(43)) - raft.server.log.statemachine.data.sync.timeout.retry = -1 (default)
2019-10-07 12:35:38,621 [pool-499-thread-1] INFO  server.RaftServerConfigKeys (ConfUtils.java:logGet(43)) - raft.server.snapshot.retention.file.num = 5 (custom)
2019-10-07 12:35:38,621 [pool-509-thread-1] INFO  server.RaftServerConfigKeys (ConfUtils.java:logGet(43)) - raft.server.log.statemachine.data.caching.enabled = true (custom)
2019-10-07 12:35:38,621 [pool-499-thread-1] INFO  server.RaftServerConfigKeys (ConfUtils.java:logGet(43)) - raft.server.retrycache.expirytime = 600000ms (custom)
2019-10-07 12:35:38,621 [pool-509-thread-1] INFO  segmented.SegmentedRaftLogWorker (SegmentedRaftLogWorker.java:lambda$new$0(128)) - b832e3db-7591-4d70-a4ae-49be624e8c11@group-1BAA06384D22-SegmentedRaftLogWorker: flushIndex: setUnconditionally 0 -> -1
2019-10-07 12:35:38,622 [pool-509-thread-1] INFO  server.RaftServerConfigKeys (ConfUtils.java:logGet(43)) - raft.server.snapshot.auto.trigger.enabled = true (custom)
2019-10-07 12:35:38,622 [pool-519-thread-1] INFO  impl.RaftServerImpl (RaftServerImpl.java:start(181)) - 4940d0e3-d299-42d6-a5cb-8d6363f46478@group-1BAA06384D22: start as a follower, conf=-1: [b832e3db-7591-4d70-a4ae-49be624e8c11:192.168.30.23:44410, 4940d0e3-d299-42d6-a5cb-8d6363f46478:192.168.30.23:34846, 149e5820-2214-4b7b-b515-e21eaa37c885:192.168.30.23:45628], old=null
2019-10-07 12:35:38,622 [pool-509-thread-1] INFO  server.RaftServerConfigKeys (ConfUtils.java:logGet(43)) - raft.server.snapshot.auto.trigger.threshold = 10000 (custom)
2019-10-07 12:35:38,622 [pool-519-thread-1] INFO  impl.RaftServerImpl (RaftServerImpl.java:setRole(170)) - 4940d0e3-d299-42d6-a5cb-8d6363f46478@group-1BAA06384D22: changes role from      null to FOLLOWER at term 0 for startAsFollower
2019-10-07 12:35:38,622 [pool-509-thread-1] INFO  server.RaftServerConfigKeys (ConfUtils.java:logGet(43)) - raft.server.snapshot.retention.file.num = 5 (custom)
2019-10-07 12:35:38,622 [pool-519-thread-1] INFO  impl.RoleInfo (RoleInfo.java:updateAndGet(143)) - 4940d0e3-d299-42d6-a5cb-8d6363f46478: start FollowerState
2019-10-07 12:35:38,622 [pool-509-thread-1] INFO  server.RaftServerConfigKeys (ConfUtils.java:logGet(43)) - raft.server.retrycache.expirytime = 600000ms (custom)
2019-10-07 12:35:38,623 [pool-519-thread-1] INFO  util.JmxRegister (JmxRegister.java:tryRegister(44)) - Successfully registered JMX Bean with object name Ratis:service=RaftServer,group=group-1BAA06384D22,id=4940d0e3-d299-42d6-a5cb-8d6363f46478
2019-10-07 12:35:38,623 [pool-499-thread-1] INFO  impl.RaftServerImpl (RaftServerImpl.java:start(181)) - 149e5820-2214-4b7b-b515-e21eaa37c885@group-1BAA06384D22: start as a follower, conf=-1: [b832e3db-7591-4d70-a4ae-49be624e8c11:192.168.30.23:44410, 4940d0e3-d299-42d6-a5cb-8d6363f46478:192.168.30.23:34846, 149e5820-2214-4b7b-b515-e21eaa37c885:192.168.30.23:45628], old=null
2019-10-07 12:35:38,623 [pool-499-thread-1] INFO  impl.RaftServerImpl (RaftServerImpl.java:setRole(170)) - 149e5820-2214-4b7b-b515-e21eaa37c885@group-1BAA06384D22: changes role from      null to FOLLOWER at term 0 for startAsFollower
2019-10-07 12:35:38,623 [pool-499-thread-1] INFO  impl.RoleInfo (RoleInfo.java:updateAndGet(143)) - 149e5820-2214-4b7b-b515-e21eaa37c885: start FollowerState
2019-10-07 12:35:38,624 [pool-499-thread-1] INFO  util.JmxRegister (JmxRegister.java:tryRegister(44)) - Successfully registered JMX Bean with object name Ratis:service=RaftServer,group=group-1BAA06384D22,id=149e5820-2214-4b7b-b515-e21eaa37c885
2019-10-07 12:35:38,626 [pool-509-thread-1] INFO  impl.RaftServerImpl (RaftServerImpl.java:start(181)) - b832e3db-7591-4d70-a4ae-49be624e8c11@group-1BAA06384D22: start as a follower, conf=-1: [b832e3db-7591-4d70-a4ae-49be624e8c11:192.168.30.23:44410, 4940d0e3-d299-42d6-a5cb-8d6363f46478:192.168.30.23:34846, 149e5820-2214-4b7b-b515-e21eaa37c885:192.168.30.23:45628], old=null
2019-10-07 12:35:38,626 [pool-509-thread-1] INFO  impl.RaftServerImpl (RaftServerImpl.java:setRole(170)) - b832e3db-7591-4d70-a4ae-49be624e8c11@group-1BAA06384D22: changes role from      null to FOLLOWER at term 0 for startAsFollower
2019-10-07 12:35:38,626 [pool-509-thread-1] INFO  impl.RoleInfo (RoleInfo.java:updateAndGet(143)) - b832e3db-7591-4d70-a4ae-49be624e8c11: start FollowerState
2019-10-07 12:35:38,626 [pool-509-thread-1] INFO  util.JmxRegister (JmxRegister.java:tryRegister(44)) - Successfully registered JMX Bean with object name Ratis:service=RaftServer,group=group-1BAA06384D22,id=b832e3db-7591-4d70-a4ae-49be624e8c11
2019-10-07 12:35:38,641 [RatisPipelineUtilsThread] INFO  pipeline.PipelineStateManager (PipelineStateManager.java:addPipeline(56)) - Created pipeline Pipeline[ Id: 1df5aaec-3b78-498c-8d65-1baa06384d22, Nodes: b832e3db-7591-4d70-a4ae-49be624e8c11{ip: 192.168.30.23, host: pr-hdds-2262-rg9fl-2107095119, networkLocation: /default-rack, certSerialId: null}149e5820-2214-4b7b-b515-e21eaa37c885{ip: 192.168.30.23, host: pr-hdds-2262-rg9fl-2107095119, networkLocation: /default-rack, certSerialId: null}4940d0e3-d299-42d6-a5cb-8d6363f46478{ip: 192.168.30.23, host: pr-hdds-2262-rg9fl-2107095119, networkLocation: /default-rack, certSerialId: null}, Type:RATIS, Factor:THREE, State:OPEN]
2019-10-07 12:35:38,672 [IPC Server handler 4 on 34866] INFO  net.NetworkTopology (NetworkTopologyImpl.java:add(111)) - Added a new node: /default-rack/876b8d92-f219-477b-ab59-8aa0568d5cc7
2019-10-07 12:35:38,673 [IPC Server handler 4 on 34866] INFO  node.SCMNodeManager (SCMNodeManager.java:register(268)) - Registered Data node : 876b8d92-f219-477b-ab59-8aa0568d5cc7{ip: 192.168.30.23, host: pr-hdds-2262-rg9fl-2107095119, networkLocation: /default-rack, certSerialId: null}
2019-10-07 12:35:38,683 [grpc-default-executor-2] INFO  impl.RaftServerProxy (RaftServerProxy.java:addNew(89)) - 876b8d92-f219-477b-ab59-8aa0568d5cc7: addNew group-D230E2ED4B61:[876b8d92-f219-477b-ab59-8aa0568d5cc7:192.168.30.23:38283] returns group-D230E2ED4B61:java.util.concurrent.CompletableFuture@33112f24[Not completed]
2019-10-07 12:35:38,686 [pool-539-thread-1] INFO  impl.RaftServerImpl (RaftServerImpl.java:<init>(95)) - 876b8d92-f219-477b-ab59-8aa0568d5cc7: new RaftServerImpl for group-D230E2ED4B61:[876b8d92-f219-477b-ab59-8aa0568d5cc7:192.168.30.23:38283] with ContainerStateMachine:uninitialized
2019-10-07 12:35:38,687 [pool-539-thread-1] INFO  server.RaftServerConfigKeys (ConfUtils.java:logGet(43)) - raft.server.rpc.timeout.min = 5s (custom)
2019-10-07 12:35:38,687 [pool-539-thread-1] INFO  server.RaftServerConfigKeys (ConfUtils.java:logGet(43)) - raft.server.rpc.timeout.max = 5200ms (custom)
2019-10-07 12:35:38,687 [pool-539-thread-1] INFO  server.RaftServerConfigKeys (ConfUtils.java:logGet(43)) - raft.server.rpcslowness.timeout = 120s (custom)
2019-10-07 12:35:38,687 [pool-539-thread-1] INFO  server.RaftServerConfigKeys (ConfUtils.java:logGet(43)) - raft.server.sleep.deviation.threshold = 300 (default)
2019-10-07 12:35:38,687 [pool-539-thread-1] INFO  server.RaftServerConfigKeys (ConfUtils.java:logGet(43)) - raft.server.log.appender.install.snapshot.enabled = false (custom)
2019-10-07 12:35:38,687 [pool-539-thread-1] INFO  impl.RaftServerImpl (ServerState.java:<init>(103)) - 876b8d92-f219-477b-ab59-8aa0568d5cc7@group-D230E2ED4B61: ConfigurationManager, init=-1: [876b8d92-f219-477b-ab59-8aa0568d5cc7:192.168.30.23:38283], old=null, confs=<EMPTY_MAP>
2019-10-07 12:35:38,687 [pool-539-thread-1] INFO  server.RaftServerConfigKeys (ConfUtils.java:logGet(43)) - raft.server.storage.dir = [/workdir/hadoop-ozone/integration-test/target/test-dir/MiniOzoneClusterImpl-c08a8652-cb2a-478b-8eac-982176e8ab68/datanode-4/data/ratis] (custom)
2019-10-07 12:35:38,687 [pool-539-thread-1] INFO  server.RaftServerConfigKeys (ConfUtils.java:logGet(43)) - raft.server.log.corruption.policy = EXCEPTION (default)
2019-10-07 12:35:38,688 [pool-539-thread-1] INFO  storage.RaftStorageDirectory (RaftStorageDirectory.java:analyzeStorage(246)) - The storage directory /workdir/hadoop-ozone/integration-test/target/test-dir/MiniOzoneClusterImpl-c08a8652-cb2a-478b-8eac-982176e8ab68/datanode-4/data/ratis/7892af00-38c4-47d3-a09e-d230e2ed4b61 does not exist. Creating ...
2019-10-07 12:35:38,696 [pool-539-thread-1] INFO  storage.RaftStorageDirectory (RaftStorageDirectory.java:tryLock(328)) - Lock on /workdir/hadoop-ozone/integration-test/target/test-dir/MiniOzoneClusterImpl-c08a8652-cb2a-478b-8eac-982176e8ab68/datanode-4/data/ratis/7892af00-38c4-47d3-a09e-d230e2ed4b61/in_use.lock acquired by nodename 23866@pr-hdds-2262-rg9fl-2107095119
2019-10-07 12:35:38,709 [pool-539-thread-1] INFO  storage.RaftStorage (RaftStorage.java:format(84)) - Storage directory /workdir/hadoop-ozone/integration-test/target/test-dir/MiniOzoneClusterImpl-c08a8652-cb2a-478b-8eac-982176e8ab68/datanode-4/data/ratis/7892af00-38c4-47d3-a09e-d230e2ed4b61 has been successfully formatted.
2019-10-07 12:35:38,709 [pool-539-thread-1] INFO  ratis.ContainerStateMachine (ContainerStateMachine.java:loadSnapshot(231)) - group-D230E2ED4B61: The snapshot info is null. Setting the last applied indexto:(t:0, i:~)
2019-10-07 12:35:38,709 [pool-539-thread-1] INFO  server.RaftServerConfigKeys (ConfUtils.java:logGet(43)) - raft.server.notification.no-leader.timeout = 120s (custom)
2019-10-07 12:35:38,709 [pool-539-thread-1] INFO  server.RaftServerConfigKeys (ConfUtils.java:logGet(43)) - raft.server.log.use.memory = false (default)
2019-10-07 12:35:38,709 [pool-539-thread-1] INFO  server.RaftServerConfigKeys (ConfUtils.java:logGet(43)) - raft.server.log.purge.gap = 1000000 (custom)
2019-10-07 12:35:38,709 [pool-539-thread-1] INFO  server.RaftServerConfigKeys (ConfUtils.java:logGet(43)) - raft.server.log.appender.buffer.byte-limit = 33554432 (custom)
2019-10-07 12:35:38,709 [pool-539-thread-1] INFO  server.RaftServerConfigKeys (ConfUtils.java:logGet(43)) - raft.server.log.segment.size.max = 1048576 (custom)
2019-10-07 12:35:38,710 [pool-539-thread-1] INFO  server.RaftServerConfigKeys (ConfUtils.java:logGet(43)) - raft.server.log.segment.cache.num.max = 2 (custom)
2019-10-07 12:35:38,711 [pool-539-thread-1] INFO  segmented.SegmentedRaftLogWorker (SegmentedRaftLogWorker.java:<init>(173)) - new 876b8d92-f219-477b-ab59-8aa0568d5cc7@group-D230E2ED4B61-SegmentedRaftLogWorker for RaftStorage:Storage Directory /workdir/hadoop-ozone/integration-test/target/test-dir/MiniOzoneClusterImpl-c08a8652-cb2a-478b-8eac-982176e8ab68/datanode-4/data/ratis/7892af00-38c4-47d3-a09e-d230e2ed4b61
2019-10-07 12:35:38,711 [pool-539-thread-1] INFO  server.RaftServerConfigKeys (ConfUtils.java:logGet(43)) - raft.server.log.queue.byte-limit = 2147483647 (custom)
2019-10-07 12:35:38,711 [pool-539-thread-1] INFO  server.RaftServerConfigKeys (ConfUtils.java:logGet(43)) - raft.server.log.queue.element-limit = 1024 (custom)
2019-10-07 12:35:38,711 [pool-539-thread-1] INFO  server.RaftServerConfigKeys (ConfUtils.java:logGet(43)) - raft.server.log.segment.size.max = 1048576 (custom)
2019-10-07 12:35:38,711 [pool-539-thread-1] INFO  server.RaftServerConfigKeys (ConfUtils.java:logGet(43)) - raft.server.log.preallocated.size = 16384 (custom)
2019-10-07 12:35:38,711 [pool-539-thread-1] INFO  server.RaftServerConfigKeys (ConfUtils.java:logGet(43)) - raft.server.log.write.buffer.size = 33554432 (custom)
2019-10-07 12:35:38,711 [pool-539-thread-1] INFO  server.RaftServerConfigKeys (ConfUtils.java:logGet(43)) - raft.server.log.force.sync.num = 128 (default)
2019-10-07 12:35:38,711 [pool-539-thread-1] INFO  server.RaftServerConfigKeys (ConfUtils.java:logGet(43)) - raft.server.log.statemachine.data.sync = true (default)
2019-10-07 12:35:38,711 [pool-539-thread-1] INFO  server.RaftServerConfigKeys (ConfUtils.java:logGet(43)) - raft.server.log.statemachine.data.sync.timeout = 10s (default)
2019-10-07 12:35:38,711 [pool-539-thread-1] INFO  server.RaftServerConfigKeys (ConfUtils.java:logGet(43)) - raft.server.log.statemachine.data.sync.timeout.retry = -1 (default)
2019-10-07 12:35:38,712 [pool-539-thread-1] INFO  server.RaftServerConfigKeys (ConfUtils.java:logGet(43)) - raft.server.log.statemachine.data.caching.enabled = true (custom)
2019-10-07 12:35:38,712 [pool-539-thread-1] INFO  segmented.SegmentedRaftLogWorker (SegmentedRaftLogWorker.java:lambda$new$0(128)) - 876b8d92-f219-477b-ab59-8aa0568d5cc7@group-D230E2ED4B61-SegmentedRaftLogWorker: flushIndex: setUnconditionally 0 -> -1
2019-10-07 12:35:38,712 [pool-539-thread-1] INFO  server.RaftServerConfigKeys (ConfUtils.java:logGet(43)) - raft.server.snapshot.auto.trigger.enabled = true (custom)
2019-10-07 12:35:38,712 [pool-539-thread-1] INFO  server.RaftServerConfigKeys (ConfUtils.java:logGet(43)) - raft.server.snapshot.auto.trigger.threshold = 10000 (custom)
2019-10-07 12:35:38,712 [pool-539-thread-1] INFO  server.RaftServerConfigKeys (ConfUtils.java:logGet(43)) - raft.server.snapshot.retention.file.num = 5 (custom)
2019-10-07 12:35:38,713 [pool-539-thread-1] INFO  server.RaftServerConfigKeys (ConfUtils.java:logGet(43)) - raft.server.retrycache.expirytime = 600000ms (custom)
2019-10-07 12:35:38,714 [pool-539-thread-1] INFO  impl.RaftServerImpl (RaftServerImpl.java:start(181)) - 876b8d92-f219-477b-ab59-8aa0568d5cc7@group-D230E2ED4B61: start as a follower, conf=-1: [876b8d92-f219-477b-ab59-8aa0568d5cc7:192.168.30.23:38283], old=null
2019-10-07 12:35:38,714 [pool-539-thread-1] INFO  impl.RaftServerImpl (RaftServerImpl.java:setRole(170)) - 876b8d92-f219-477b-ab59-8aa0568d5cc7@group-D230E2ED4B61: changes role from      null to FOLLOWER at term 0 for startAsFollower
2019-10-07 12:35:38,714 [pool-539-thread-1] INFO  impl.RoleInfo (RoleInfo.java:updateAndGet(143)) - 876b8d92-f219-477b-ab59-8aa0568d5cc7: start FollowerState
2019-10-07 12:35:38,714 [pool-539-thread-1] INFO  util.JmxRegister (JmxRegister.java:tryRegister(44)) - Successfully registered JMX Bean with object name Ratis:service=RaftServer,group=group-D230E2ED4B61,id=876b8d92-f219-477b-ab59-8aa0568d5cc7
2019-10-07 12:35:38,720 [RatisPipelineUtilsThread] INFO  pipeline.PipelineStateManager (PipelineStateManager.java:addPipeline(56)) - Created pipeline Pipeline[ Id: 7892af00-38c4-47d3-a09e-d230e2ed4b61, Nodes: 876b8d92-f219-477b-ab59-8aa0568d5cc7{ip: 192.168.30.23, host: pr-hdds-2262-rg9fl-2107095119, networkLocation: /default-rack, certSerialId: null}, Type:RATIS, Factor:ONE, State:OPEN]
2019-10-07 12:35:38,735 [grpc-default-executor-2] INFO  impl.RaftServerProxy (RaftServerProxy.java:addNew(89)) - 9f9cdcd1-102b-49c8-8900-6ca02da15102: addNew group-1D8B50DAA751:[9f9cdcd1-102b-49c8-8900-6ca02da15102:192.168.30.23:33391] returns group-1D8B50DAA751:java.util.concurrent.CompletableFuture@738df8ec[Not completed]
2019-10-07 12:35:38,736 [pool-529-thread-1] INFO  impl.RaftServerImpl (RaftServerImpl.java:<init>(95)) - 9f9cdcd1-102b-49c8-8900-6ca02da15102: new RaftServerImpl for group-1D8B50DAA751:[9f9cdcd1-102b-49c8-8900-6ca02da15102:192.168.30.23:33391] with ContainerStateMachine:uninitialized
2019-10-07 12:35:38,736 [pool-529-thread-1] INFO  server.RaftServerConfigKeys (ConfUtils.java:logGet(43)) - raft.server.rpc.timeout.min = 5s (custom)
2019-10-07 12:35:38,736 [pool-529-thread-1] INFO  server.RaftServerConfigKeys (ConfUtils.java:logGet(43)) - raft.server.rpc.timeout.max = 5200ms (custom)
2019-10-07 12:35:38,736 [pool-529-thread-1] INFO  server.RaftServerConfigKeys (ConfUtils.java:logGet(43)) - raft.server.rpcslowness.timeout = 120s (custom)
2019-10-07 12:35:38,736 [pool-529-thread-1] INFO  server.RaftServerConfigKeys (ConfUtils.java:logGet(43)) - raft.server.sleep.deviation.threshold = 300 (default)
2019-10-07 12:35:38,736 [pool-529-thread-1] INFO  server.RaftServerConfigKeys (ConfUtils.java:logGet(43)) - raft.server.log.appender.install.snapshot.enabled = false (custom)
2019-10-07 12:35:38,736 [pool-529-thread-1] INFO  impl.RaftServerImpl (ServerState.java:<init>(103)) - 9f9cdcd1-102b-49c8-8900-6ca02da15102@group-1D8B50DAA751: ConfigurationManager, init=-1: [9f9cdcd1-102b-49c8-8900-6ca02da15102:192.168.30.23:33391], old=null, confs=<EMPTY_MAP>
2019-10-07 12:35:38,737 [pool-529-thread-1] INFO  server.RaftServerConfigKeys (ConfUtils.java:logGet(43)) - raft.server.storage.dir = [/workdir/hadoop-ozone/integration-test/target/test-dir/MiniOzoneClusterImpl-c08a8652-cb2a-478b-8eac-982176e8ab68/datanode-3/data/ratis] (custom)
2019-10-07 12:35:38,737 [pool-529-thread-1] INFO  server.RaftServerConfigKeys (ConfUtils.java:logGet(43)) - raft.server.log.corruption.policy = EXCEPTION (default)
2019-10-07 12:35:38,737 [pool-529-thread-1] INFO  storage.RaftStorageDirectory (RaftStorageDirectory.java:analyzeStorage(246)) - The storage directory /workdir/hadoop-ozone/integration-test/target/test-dir/MiniOzoneClusterImpl-c08a8652-cb2a-478b-8eac-982176e8ab68/datanode-3/data/ratis/14b7d4c6-98d4-4469-9db5-1d8b50daa751 does not exist. Creating ...
2019-10-07 12:35:38,762 [IPC Server handler 6 on 34866] INFO  net.NetworkTopology (NetworkTopologyImpl.java:add(111)) - Added a new node: /default-rack/4f7f6616-3aeb-46f3-b4a4-91ec65e8d427
2019-10-07 12:35:38,762 [IPC Server handler 6 on 34866] INFO  node.SCMNodeManager (SCMNodeManager.java:register(268)) - Registered Data node : 4f7f6616-3aeb-46f3-b4a4-91ec65e8d427{ip: 192.168.30.23, host: pr-hdds-2262-rg9fl-2107095119, networkLocation: /default-rack, certSerialId: null}
2019-10-07 12:35:38,766 [pool-529-thread-1] INFO  storage.RaftStorageDirectory (RaftStorageDirectory.java:tryLock(328)) - Lock on /workdir/hadoop-ozone/integration-test/target/test-dir/MiniOzoneClusterImpl-c08a8652-cb2a-478b-8eac-982176e8ab68/datanode-3/data/ratis/14b7d4c6-98d4-4469-9db5-1d8b50daa751/in_use.lock acquired by nodename 23866@pr-hdds-2262-rg9fl-2107095119
2019-10-07 12:35:38,779 [pool-529-thread-1] INFO  storage.RaftStorage (RaftStorage.java:format(84)) - Storage directory /workdir/hadoop-ozone/integration-test/target/test-dir/MiniOzoneClusterImpl-c08a8652-cb2a-478b-8eac-982176e8ab68/datanode-3/data/ratis/14b7d4c6-98d4-4469-9db5-1d8b50daa751 has been successfully formatted.
2019-10-07 12:35:38,779 [pool-529-thread-1] INFO  ratis.ContainerStateMachine (ContainerStateMachine.java:loadSnapshot(231)) - group-1D8B50DAA751: The snapshot info is null. Setting the last applied indexto:(t:0, i:~)
2019-10-07 12:35:38,779 [pool-529-thread-1] INFO  server.RaftServerConfigKeys (ConfUtils.java:logGet(43)) - raft.server.notification.no-leader.timeout = 120s (custom)
2019-10-07 12:35:38,779 [pool-529-thread-1] INFO  server.RaftServerConfigKeys (ConfUtils.java:logGet(43)) - raft.server.log.use.memory = false (default)
2019-10-07 12:35:38,780 [pool-529-thread-1] INFO  server.RaftServerConfigKeys (ConfUtils.java:logGet(43)) - raft.server.log.purge.gap = 1000000 (custom)
2019-10-07 12:35:38,780 [pool-529-thread-1] INFO  server.RaftServerConfigKeys (ConfUtils.java:logGet(43)) - raft.server.log.appender.buffer.byte-limit = 33554432 (custom)
2019-10-07 12:35:38,780 [pool-529-thread-1] INFO  server.RaftServerConfigKeys (ConfUtils.java:logGet(43)) - raft.server.log.segment.size.max = 1048576 (custom)
2019-10-07 12:35:38,781 [pool-529-thread-1] INFO  server.RaftServerConfigKeys (ConfUtils.java:logGet(43)) - raft.server.log.segment.cache.num.max = 2 (custom)
2019-10-07 12:35:38,781 [pool-529-thread-1] INFO  segmented.SegmentedRaftLogWorker (SegmentedRaftLogWorker.java:<init>(173)) - new 9f9cdcd1-102b-49c8-8900-6ca02da15102@group-1D8B50DAA751-SegmentedRaftLogWorker for RaftStorage:Storage Directory /workdir/hadoop-ozone/integration-test/target/test-dir/MiniOzoneClusterImpl-c08a8652-cb2a-478b-8eac-982176e8ab68/datanode-3/data/ratis/14b7d4c6-98d4-4469-9db5-1d8b50daa751
2019-10-07 12:35:38,781 [pool-529-thread-1] INFO  server.RaftServerConfigKeys (ConfUtils.java:logGet(43)) - raft.server.log.queue.byte-limit = 2147483647 (custom)
2019-10-07 12:35:38,781 [pool-529-thread-1] INFO  server.RaftServerConfigKeys (ConfUtils.java:logGet(43)) - raft.server.log.queue.element-limit = 1024 (custom)
2019-10-07 12:35:38,781 [pool-529-thread-1] INFO  server.RaftServerConfigKeys (ConfUtils.java:logGet(43)) - raft.server.log.segment.size.max = 1048576 (custom)
2019-10-07 12:35:38,781 [pool-529-thread-1] INFO  server.RaftServerConfigKeys (ConfUtils.java:logGet(43)) - raft.server.log.preallocated.size = 16384 (custom)
2019-10-07 12:35:38,781 [pool-529-thread-1] INFO  server.RaftServerConfigKeys (ConfUtils.java:logGet(43)) - raft.server.log.write.buffer.size = 33554432 (custom)
2019-10-07 12:35:38,781 [pool-529-thread-1] INFO  server.RaftServerConfigKeys (ConfUtils.java:logGet(43)) - raft.server.log.force.sync.num = 128 (default)
2019-10-07 12:35:38,781 [pool-529-thread-1] INFO  server.RaftServerConfigKeys (ConfUtils.java:logGet(43)) - raft.server.log.statemachine.data.sync = true (default)
2019-10-07 12:35:38,781 [pool-529-thread-1] INFO  server.RaftServerConfigKeys (ConfUtils.java:logGet(43)) - raft.server.log.statemachine.data.sync.timeout = 10s (default)
2019-10-07 12:35:38,781 [pool-529-thread-1] INFO  server.RaftServerConfigKeys (ConfUtils.java:logGet(43)) - raft.server.log.statemachine.data.sync.timeout.retry = -1 (default)
2019-10-07 12:35:38,782 [pool-529-thread-1] INFO  server.RaftServerConfigKeys (ConfUtils.java:logGet(43)) - raft.server.log.statemachine.data.caching.enabled = true (custom)
2019-10-07 12:35:38,782 [pool-529-thread-1] INFO  segmented.SegmentedRaftLogWorker (SegmentedRaftLogWorker.java:lambda$new$0(128)) - 9f9cdcd1-102b-49c8-8900-6ca02da15102@group-1D8B50DAA751-SegmentedRaftLogWorker: flushIndex: setUnconditionally 0 -> -1
2019-10-07 12:35:38,782 [pool-529-thread-1] INFO  server.RaftServerConfigKeys (ConfUtils.java:logGet(43)) - raft.server.snapshot.auto.trigger.enabled = true (custom)
2019-10-07 12:35:38,782 [pool-529-thread-1] INFO  server.RaftServerConfigKeys (ConfUtils.java:logGet(43)) - raft.server.snapshot.auto.trigger.threshold = 10000 (custom)
2019-10-07 12:35:38,782 [pool-529-thread-1] INFO  server.RaftServerConfigKeys (ConfUtils.java:logGet(43)) - raft.server.snapshot.retention.file.num = 5 (custom)
2019-10-07 12:35:38,782 [pool-529-thread-1] INFO  server.RaftServerConfigKeys (ConfUtils.java:logGet(43)) - raft.server.retrycache.expirytime = 600000ms (custom)
2019-10-07 12:35:38,783 [pool-529-thread-1] INFO  impl.RaftServerImpl (RaftServerImpl.java:start(181)) - 9f9cdcd1-102b-49c8-8900-6ca02da15102@group-1D8B50DAA751: start as a follower, conf=-1: [9f9cdcd1-102b-49c8-8900-6ca02da15102:192.168.30.23:33391], old=null
2019-10-07 12:35:38,783 [pool-529-thread-1] INFO  impl.RaftServerImpl (RaftServerImpl.java:setRole(170)) - 9f9cdcd1-102b-49c8-8900-6ca02da15102@group-1D8B50DAA751: changes role from      null to FOLLOWER at term 0 for startAsFollower
2019-10-07 12:35:38,783 [pool-529-thread-1] INFO  impl.RoleInfo (RoleInfo.java:updateAndGet(143)) - 9f9cdcd1-102b-49c8-8900-6ca02da15102: start FollowerState
2019-10-07 12:35:38,784 [pool-529-thread-1] INFO  util.JmxRegister (JmxRegister.java:tryRegister(44)) - Successfully registered JMX Bean with object name Ratis:service=RaftServer,group=group-1D8B50DAA751,id=9f9cdcd1-102b-49c8-8900-6ca02da15102
2019-10-07 12:35:38,789 [RatisPipelineUtilsThread] INFO  pipeline.PipelineStateManager (PipelineStateManager.java:addPipeline(56)) - Created pipeline Pipeline[ Id: 14b7d4c6-98d4-4469-9db5-1d8b50daa751, Nodes: 9f9cdcd1-102b-49c8-8900-6ca02da15102{ip: 192.168.30.23, host: pr-hdds-2262-rg9fl-2107095119, networkLocation: /default-rack, certSerialId: null}, Type:RATIS, Factor:ONE, State:OPEN]
2019-10-07 12:35:38,796 [grpc-default-executor-2] INFO  impl.RaftServerProxy (RaftServerProxy.java:addNew(89)) - 4f7f6616-3aeb-46f3-b4a4-91ec65e8d427: addNew group-A2F56720012C:[4f7f6616-3aeb-46f3-b4a4-91ec65e8d427:192.168.30.23:46315] returns group-A2F56720012C:java.util.concurrent.CompletableFuture@4110471b[Not completed]
2019-10-07 12:35:38,797 [pool-549-thread-1] INFO  impl.RaftServerImpl (RaftServerImpl.java:<init>(95)) - 4f7f6616-3aeb-46f3-b4a4-91ec65e8d427: new RaftServerImpl for group-A2F56720012C:[4f7f6616-3aeb-46f3-b4a4-91ec65e8d427:192.168.30.23:46315] with ContainerStateMachine:uninitialized
2019-10-07 12:35:38,797 [pool-549-thread-1] INFO  server.RaftServerConfigKeys (ConfUtils.java:logGet(43)) - raft.server.rpc.timeout.min = 5s (custom)
2019-10-07 12:35:38,797 [pool-549-thread-1] INFO  server.RaftServerConfigKeys (ConfUtils.java:logGet(43)) - raft.server.rpc.timeout.max = 5200ms (custom)
2019-10-07 12:35:38,797 [pool-549-thread-1] INFO  server.RaftServerConfigKeys (ConfUtils.java:logGet(43)) - raft.server.rpcslowness.timeout = 120s (custom)
2019-10-07 12:35:38,797 [pool-549-thread-1] INFO  server.RaftServerConfigKeys (ConfUtils.java:logGet(43)) - raft.server.sleep.deviation.threshold = 300 (default)
2019-10-07 12:35:38,798 [pool-549-thread-1] INFO  server.RaftServerConfigKeys (ConfUtils.java:logGet(43)) - raft.server.log.appender.install.snapshot.enabled = false (custom)
2019-10-07 12:35:38,798 [pool-549-thread-1] INFO  impl.RaftServerImpl (ServerState.java:<init>(103)) - 4f7f6616-3aeb-46f3-b4a4-91ec65e8d427@group-A2F56720012C: ConfigurationManager, init=-1: [4f7f6616-3aeb-46f3-b4a4-91ec65e8d427:192.168.30.23:46315], old=null, confs=<EMPTY_MAP>
2019-10-07 12:35:38,798 [pool-549-thread-1] INFO  server.RaftServerConfigKeys (ConfUtils.java:logGet(43)) - raft.server.storage.dir = [/workdir/hadoop-ozone/integration-test/target/test-dir/MiniOzoneClusterImpl-c08a8652-cb2a-478b-8eac-982176e8ab68/datanode-5/data/ratis] (custom)
2019-10-07 12:35:38,798 [pool-549-thread-1] INFO  server.RaftServerConfigKeys (ConfUtils.java:logGet(43)) - raft.server.log.corruption.policy = EXCEPTION (default)
2019-10-07 12:35:38,798 [pool-549-thread-1] INFO  storage.RaftStorageDirectory (RaftStorageDirectory.java:analyzeStorage(246)) - The storage directory /workdir/hadoop-ozone/integration-test/target/test-dir/MiniOzoneClusterImpl-c08a8652-cb2a-478b-8eac-982176e8ab68/datanode-5/data/ratis/3a440b49-793d-441b-ba46-a2f56720012c does not exist. Creating ...
2019-10-07 12:35:38,809 [pool-549-thread-1] INFO  storage.RaftStorageDirectory (RaftStorageDirectory.java:tryLock(328)) - Lock on /workdir/hadoop-ozone/integration-test/target/test-dir/MiniOzoneClusterImpl-c08a8652-cb2a-478b-8eac-982176e8ab68/datanode-5/data/ratis/3a440b49-793d-441b-ba46-a2f56720012c/in_use.lock acquired by nodename 23866@pr-hdds-2262-rg9fl-2107095119
2019-10-07 12:35:38,821 [pool-549-thread-1] INFO  storage.RaftStorage (RaftStorage.java:format(84)) - Storage directory /workdir/hadoop-ozone/integration-test/target/test-dir/MiniOzoneClusterImpl-c08a8652-cb2a-478b-8eac-982176e8ab68/datanode-5/data/ratis/3a440b49-793d-441b-ba46-a2f56720012c has been successfully formatted.
2019-10-07 12:35:38,822 [pool-549-thread-1] INFO  ratis.ContainerStateMachine (ContainerStateMachine.java:loadSnapshot(231)) - group-A2F56720012C: The snapshot info is null. Setting the last applied indexto:(t:0, i:~)
2019-10-07 12:35:38,822 [pool-549-thread-1] INFO  server.RaftServerConfigKeys (ConfUtils.java:logGet(43)) - raft.server.notification.no-leader.timeout = 120s (custom)
2019-10-07 12:35:38,822 [pool-549-thread-1] INFO  server.RaftServerConfigKeys (ConfUtils.java:logGet(43)) - raft.server.log.use.memory = false (default)
2019-10-07 12:35:38,822 [pool-549-thread-1] INFO  server.RaftServerConfigKeys (ConfUtils.java:logGet(43)) - raft.server.log.purge.gap = 1000000 (custom)
2019-10-07 12:35:38,822 [pool-549-thread-1] INFO  server.RaftServerConfigKeys (ConfUtils.java:logGet(43)) - raft.server.log.appender.buffer.byte-limit = 33554432 (custom)
2019-10-07 12:35:38,822 [pool-549-thread-1] INFO  server.RaftServerConfigKeys (ConfUtils.java:logGet(43)) - raft.server.log.segment.size.max = 1048576 (custom)
2019-10-07 12:35:38,823 [pool-549-thread-1] INFO  server.RaftServerConfigKeys (ConfUtils.java:logGet(43)) - raft.server.log.segment.cache.num.max = 2 (custom)
2019-10-07 12:35:38,823 [pool-549-thread-1] INFO  segmented.SegmentedRaftLogWorker (SegmentedRaftLogWorker.java:<init>(173)) - new 4f7f6616-3aeb-46f3-b4a4-91ec65e8d427@group-A2F56720012C-SegmentedRaftLogWorker for RaftStorage:Storage Directory /workdir/hadoop-ozone/integration-test/target/test-dir/MiniOzoneClusterImpl-c08a8652-cb2a-478b-8eac-982176e8ab68/datanode-5/data/ratis/3a440b49-793d-441b-ba46-a2f56720012c
2019-10-07 12:35:38,824 [pool-549-thread-1] INFO  server.RaftServerConfigKeys (ConfUtils.java:logGet(43)) - raft.server.log.queue.byte-limit = 2147483647 (custom)
2019-10-07 12:35:38,824 [pool-549-thread-1] INFO  server.RaftServerConfigKeys (ConfUtils.java:logGet(43)) - raft.server.log.queue.element-limit = 1024 (custom)
2019-10-07 12:35:38,824 [pool-549-thread-1] INFO  server.RaftServerConfigKeys (ConfUtils.java:logGet(43)) - raft.server.log.segment.size.max = 1048576 (custom)
2019-10-07 12:35:38,824 [pool-549-thread-1] INFO  server.RaftServerConfigKeys (ConfUtils.java:logGet(43)) - raft.server.log.preallocated.size = 16384 (custom)
2019-10-07 12:35:38,824 [pool-549-thread-1] INFO  server.RaftServerConfigKeys (ConfUtils.java:logGet(43)) - raft.server.log.write.buffer.size = 33554432 (custom)
2019-10-07 12:35:38,824 [pool-549-thread-1] INFO  server.RaftServerConfigKeys (ConfUtils.java:logGet(43)) - raft.server.log.force.sync.num = 128 (default)
2019-10-07 12:35:38,824 [pool-549-thread-1] INFO  server.RaftServerConfigKeys (ConfUtils.java:logGet(43)) - raft.server.log.statemachine.data.sync = true (default)
2019-10-07 12:35:38,824 [pool-549-thread-1] INFO  server.RaftServerConfigKeys (ConfUtils.java:logGet(43)) - raft.server.log.statemachine.data.sync.timeout = 10s (default)
2019-10-07 12:35:38,824 [pool-549-thread-1] INFO  server.RaftServerConfigKeys (ConfUtils.java:logGet(43)) - raft.server.log.statemachine.data.sync.timeout.retry = -1 (default)
2019-10-07 12:35:38,825 [pool-549-thread-1] INFO  server.RaftServerConfigKeys (ConfUtils.java:logGet(43)) - raft.server.log.statemachine.data.caching.enabled = true (custom)
2019-10-07 12:35:38,825 [pool-549-thread-1] INFO  segmented.SegmentedRaftLogWorker (SegmentedRaftLogWorker.java:lambda$new$0(128)) - 4f7f6616-3aeb-46f3-b4a4-91ec65e8d427@group-A2F56720012C-SegmentedRaftLogWorker: flushIndex: setUnconditionally 0 -> -1
2019-10-07 12:35:38,825 [pool-549-thread-1] INFO  server.RaftServerConfigKeys (ConfUtils.java:logGet(43)) - raft.server.snapshot.auto.trigger.enabled = true (custom)
2019-10-07 12:35:38,825 [pool-549-thread-1] INFO  server.RaftServerConfigKeys (ConfUtils.java:logGet(43)) - raft.server.snapshot.auto.trigger.threshold = 10000 (custom)
2019-10-07 12:35:38,825 [pool-549-thread-1] INFO  server.RaftServerConfigKeys (ConfUtils.java:logGet(43)) - raft.server.snapshot.retention.file.num = 5 (custom)
2019-10-07 12:35:38,825 [pool-549-thread-1] INFO  server.RaftServerConfigKeys (ConfUtils.java:logGet(43)) - raft.server.retrycache.expirytime = 600000ms (custom)
2019-10-07 12:35:38,827 [pool-549-thread-1] INFO  impl.RaftServerImpl (RaftServerImpl.java:start(181)) - 4f7f6616-3aeb-46f3-b4a4-91ec65e8d427@group-A2F56720012C: start as a follower, conf=-1: [4f7f6616-3aeb-46f3-b4a4-91ec65e8d427:192.168.30.23:46315], old=null
2019-10-07 12:35:38,827 [pool-549-thread-1] INFO  impl.RaftServerImpl (RaftServerImpl.java:setRole(170)) - 4f7f6616-3aeb-46f3-b4a4-91ec65e8d427@group-A2F56720012C: changes role from      null to FOLLOWER at term 0 for startAsFollower
2019-10-07 12:35:38,827 [pool-549-thread-1] INFO  impl.RoleInfo (RoleInfo.java:updateAndGet(143)) - 4f7f6616-3aeb-46f3-b4a4-91ec65e8d427: start FollowerState
2019-10-07 12:35:38,827 [pool-549-thread-1] INFO  util.JmxRegister (JmxRegister.java:tryRegister(44)) - Successfully registered JMX Bean with object name Ratis:service=RaftServer,group=group-A2F56720012C,id=4f7f6616-3aeb-46f3-b4a4-91ec65e8d427
2019-10-07 12:35:38,833 [main] INFO  ozone.MiniOzoneClusterImpl (MiniOzoneClusterImpl.java:lambda$waitForClusterToBeReady$0(147)) - Waiting for cluster to be ready. Got 6 of 7 DN Heartbeats.
2019-10-07 12:35:38,833 [RatisPipelineUtilsThread] INFO  pipeline.PipelineStateManager (PipelineStateManager.java:addPipeline(56)) - Created pipeline Pipeline[ Id: 3a440b49-793d-441b-ba46-a2f56720012c, Nodes: 4f7f6616-3aeb-46f3-b4a4-91ec65e8d427{ip: 192.168.30.23, host: pr-hdds-2262-rg9fl-2107095119, networkLocation: /default-rack, certSerialId: null}, Type:RATIS, Factor:ONE, State:OPEN]
2019-10-07 12:35:38,833 [IPC Server handler 5 on 34866] INFO  net.NetworkTopology (NetworkTopologyImpl.java:add(111)) - Added a new node: /default-rack/661a6d90-43d1-4876-808a-83d8d1c749a3
2019-10-07 12:35:38,834 [IPC Server handler 5 on 34866] INFO  node.SCMNodeManager (SCMNodeManager.java:register(268)) - Registered Data node : 661a6d90-43d1-4876-808a-83d8d1c749a3{ip: 192.168.30.23, host: pr-hdds-2262-rg9fl-2107095119, networkLocation: /default-rack, certSerialId: null}
2019-10-07 12:35:38,840 [grpc-default-executor-2] INFO  impl.RaftServerProxy (RaftServerProxy.java:addNew(89)) - 661a6d90-43d1-4876-808a-83d8d1c749a3: addNew group-99A496EFCE2E:[661a6d90-43d1-4876-808a-83d8d1c749a3:192.168.30.23:36514] returns group-99A496EFCE2E:java.util.concurrent.CompletableFuture@7c4a53f1[Not completed]
2019-10-07 12:35:38,841 [pool-559-thread-1] INFO  impl.RaftServerImpl (RaftServerImpl.java:<init>(95)) - 661a6d90-43d1-4876-808a-83d8d1c749a3: new RaftServerImpl for group-99A496EFCE2E:[661a6d90-43d1-4876-808a-83d8d1c749a3:192.168.30.23:36514] with ContainerStateMachine:uninitialized
2019-10-07 12:35:38,841 [pool-559-thread-1] INFO  server.RaftServerConfigKeys (ConfUtils.java:logGet(43)) - raft.server.rpc.timeout.min = 5s (custom)
2019-10-07 12:35:38,841 [pool-559-thread-1] INFO  server.RaftServerConfigKeys (ConfUtils.java:logGet(43)) - raft.server.rpc.timeout.max = 5200ms (custom)
2019-10-07 12:35:38,841 [pool-559-thread-1] INFO  server.RaftServerConfigKeys (ConfUtils.java:logGet(43)) - raft.server.rpcslowness.timeout = 120s (custom)
2019-10-07 12:35:38,841 [pool-559-thread-1] INFO  server.RaftServerConfigKeys (ConfUtils.java:logGet(43)) - raft.server.sleep.deviation.threshold = 300 (default)
2019-10-07 12:35:38,841 [pool-559-thread-1] INFO  server.RaftServerConfigKeys (ConfUtils.java:logGet(43)) - raft.server.log.appender.install.snapshot.enabled = false (custom)
2019-10-07 12:35:38,841 [pool-559-thread-1] INFO  impl.RaftServerImpl (ServerState.java:<init>(103)) - 661a6d90-43d1-4876-808a-83d8d1c749a3@group-99A496EFCE2E: ConfigurationManager, init=-1: [661a6d90-43d1-4876-808a-83d8d1c749a3:192.168.30.23:36514], old=null, confs=<EMPTY_MAP>
2019-10-07 12:35:38,841 [pool-559-thread-1] INFO  server.RaftServerConfigKeys (ConfUtils.java:logGet(43)) - raft.server.storage.dir = [/workdir/hadoop-ozone/integration-test/target/test-dir/MiniOzoneClusterImpl-c08a8652-cb2a-478b-8eac-982176e8ab68/datanode-6/data/ratis] (custom)
2019-10-07 12:35:38,842 [pool-559-thread-1] INFO  server.RaftServerConfigKeys (ConfUtils.java:logGet(43)) - raft.server.log.corruption.policy = EXCEPTION (default)
2019-10-07 12:35:38,842 [pool-559-thread-1] INFO  storage.RaftStorageDirectory (RaftStorageDirectory.java:analyzeStorage(246)) - The storage directory /workdir/hadoop-ozone/integration-test/target/test-dir/MiniOzoneClusterImpl-c08a8652-cb2a-478b-8eac-982176e8ab68/datanode-6/data/ratis/2414d65d-fef1-4b31-bcbd-99a496efce2e does not exist. Creating ...
2019-10-07 12:35:38,856 [pool-559-thread-1] INFO  storage.RaftStorageDirectory (RaftStorageDirectory.java:tryLock(328)) - Lock on /workdir/hadoop-ozone/integration-test/target/test-dir/MiniOzoneClusterImpl-c08a8652-cb2a-478b-8eac-982176e8ab68/datanode-6/data/ratis/2414d65d-fef1-4b31-bcbd-99a496efce2e/in_use.lock acquired by nodename 23866@pr-hdds-2262-rg9fl-2107095119
2019-10-07 12:35:38,870 [pool-559-thread-1] INFO  storage.RaftStorage (RaftStorage.java:format(84)) - Storage directory /workdir/hadoop-ozone/integration-test/target/test-dir/MiniOzoneClusterImpl-c08a8652-cb2a-478b-8eac-982176e8ab68/datanode-6/data/ratis/2414d65d-fef1-4b31-bcbd-99a496efce2e has been successfully formatted.
2019-10-07 12:35:38,870 [pool-559-thread-1] INFO  ratis.ContainerStateMachine (ContainerStateMachine.java:loadSnapshot(231)) - group-99A496EFCE2E: The snapshot info is null. Setting the last applied indexto:(t:0, i:~)
2019-10-07 12:35:38,870 [pool-559-thread-1] INFO  server.RaftServerConfigKeys (ConfUtils.java:logGet(43)) - raft.server.notification.no-leader.timeout = 120s (custom)
2019-10-07 12:35:38,870 [pool-559-thread-1] INFO  server.RaftServerConfigKeys (ConfUtils.java:logGet(43)) - raft.server.log.use.memory = false (default)
2019-10-07 12:35:38,871 [pool-559-thread-1] INFO  server.RaftServerConfigKeys (ConfUtils.java:logGet(43)) - raft.server.log.purge.gap = 1000000 (custom)
2019-10-07 12:35:38,871 [pool-559-thread-1] INFO  server.RaftServerConfigKeys (ConfUtils.java:logGet(43)) - raft.server.log.appender.buffer.byte-limit = 33554432 (custom)
2019-10-07 12:35:38,871 [pool-559-thread-1] INFO  server.RaftServerConfigKeys (ConfUtils.java:logGet(43)) - raft.server.log.segment.size.max = 1048576 (custom)
2019-10-07 12:35:38,872 [pool-559-thread-1] INFO  server.RaftServerConfigKeys (ConfUtils.java:logGet(43)) - raft.server.log.segment.cache.num.max = 2 (custom)
2019-10-07 12:35:38,873 [pool-559-thread-1] INFO  segmented.SegmentedRaftLogWorker (SegmentedRaftLogWorker.java:<init>(173)) - new 661a6d90-43d1-4876-808a-83d8d1c749a3@group-99A496EFCE2E-SegmentedRaftLogWorker for RaftStorage:Storage Directory /workdir/hadoop-ozone/integration-test/target/test-dir/MiniOzoneClusterImpl-c08a8652-cb2a-478b-8eac-982176e8ab68/datanode-6/data/ratis/2414d65d-fef1-4b31-bcbd-99a496efce2e
2019-10-07 12:35:38,873 [pool-559-thread-1] INFO  server.RaftServerConfigKeys (ConfUtils.java:logGet(43)) - raft.server.log.queue.byte-limit = 2147483647 (custom)
2019-10-07 12:35:38,873 [pool-559-thread-1] INFO  server.RaftServerConfigKeys (ConfUtils.java:logGet(43)) - raft.server.log.queue.element-limit = 1024 (custom)
2019-10-07 12:35:38,873 [pool-559-thread-1] INFO  server.RaftServerConfigKeys (ConfUtils.java:logGet(43)) - raft.server.log.segment.size.max = 1048576 (custom)
2019-10-07 12:35:38,873 [pool-559-thread-1] INFO  server.RaftServerConfigKeys (ConfUtils.java:logGet(43)) - raft.server.log.preallocated.size = 16384 (custom)
2019-10-07 12:35:38,873 [pool-559-thread-1] INFO  server.RaftServerConfigKeys (ConfUtils.java:logGet(43)) - raft.server.log.write.buffer.size = 33554432 (custom)
2019-10-07 12:35:38,873 [pool-559-thread-1] INFO  server.RaftServerConfigKeys (ConfUtils.java:logGet(43)) - raft.server.log.force.sync.num = 128 (default)
2019-10-07 12:35:38,874 [pool-559-thread-1] INFO  server.RaftServerConfigKeys (ConfUtils.java:logGet(43)) - raft.server.log.statemachine.data.sync = true (default)
2019-10-07 12:35:38,874 [pool-559-thread-1] INFO  server.RaftServerConfigKeys (ConfUtils.java:logGet(43)) - raft.server.log.statemachine.data.sync.timeout = 10s (default)
2019-10-07 12:35:38,874 [pool-559-thread-1] INFO  server.RaftServerConfigKeys (ConfUtils.java:logGet(43)) - raft.server.log.statemachine.data.sync.timeout.retry = -1 (default)
2019-10-07 12:35:38,874 [pool-559-thread-1] INFO  server.RaftServerConfigKeys (ConfUtils.java:logGet(43)) - raft.server.log.statemachine.data.caching.enabled = true (custom)
2019-10-07 12:35:38,875 [pool-559-thread-1] INFO  segmented.SegmentedRaftLogWorker (SegmentedRaftLogWorker.java:lambda$new$0(128)) - 661a6d90-43d1-4876-808a-83d8d1c749a3@group-99A496EFCE2E-SegmentedRaftLogWorker: flushIndex: setUnconditionally 0 -> -1
2019-10-07 12:35:38,875 [pool-559-thread-1] INFO  server.RaftServerConfigKeys (ConfUtils.java:logGet(43)) - raft.server.snapshot.auto.trigger.enabled = true (custom)
2019-10-07 12:35:38,875 [pool-559-thread-1] INFO  server.RaftServerConfigKeys (ConfUtils.java:logGet(43)) - raft.server.snapshot.auto.trigger.threshold = 10000 (custom)
2019-10-07 12:35:38,875 [pool-559-thread-1] INFO  server.RaftServerConfigKeys (ConfUtils.java:logGet(43)) - raft.server.snapshot.retention.file.num = 5 (custom)
2019-10-07 12:35:38,875 [pool-559-thread-1] INFO  server.RaftServerConfigKeys (ConfUtils.java:logGet(43)) - raft.server.retrycache.expirytime = 600000ms (custom)
2019-10-07 12:35:38,877 [pool-559-thread-1] INFO  impl.RaftServerImpl (RaftServerImpl.java:start(181)) - 661a6d90-43d1-4876-808a-83d8d1c749a3@group-99A496EFCE2E: start as a follower, conf=-1: [661a6d90-43d1-4876-808a-83d8d1c749a3:192.168.30.23:36514], old=null
2019-10-07 12:35:38,877 [pool-559-thread-1] INFO  impl.RaftServerImpl (RaftServerImpl.java:setRole(170)) - 661a6d90-43d1-4876-808a-83d8d1c749a3@group-99A496EFCE2E: changes role from      null to FOLLOWER at term 0 for startAsFollower
2019-10-07 12:35:38,877 [pool-559-thread-1] INFO  impl.RoleInfo (RoleInfo.java:updateAndGet(143)) - 661a6d90-43d1-4876-808a-83d8d1c749a3: start FollowerState
2019-10-07 12:35:38,878 [pool-559-thread-1] INFO  util.JmxRegister (JmxRegister.java:tryRegister(44)) - Successfully registered JMX Bean with object name Ratis:service=RaftServer,group=group-99A496EFCE2E,id=661a6d90-43d1-4876-808a-83d8d1c749a3
2019-10-07 12:35:38,884 [RatisPipelineUtilsThread] INFO  pipeline.PipelineStateManager (PipelineStateManager.java:addPipeline(56)) - Created pipeline Pipeline[ Id: 2414d65d-fef1-4b31-bcbd-99a496efce2e, Nodes: 661a6d90-43d1-4876-808a-83d8d1c749a3{ip: 192.168.30.23, host: pr-hdds-2262-rg9fl-2107095119, networkLocation: /default-rack, certSerialId: null}, Type:RATIS, Factor:ONE, State:OPEN]
2019-10-07 12:35:38,894 [grpc-default-executor-2] INFO  impl.RaftServerProxy (RaftServerProxy.java:addNew(89)) - 876b8d92-f219-477b-ab59-8aa0568d5cc7: addNew group-78D009247DF8:[4f7f6616-3aeb-46f3-b4a4-91ec65e8d427:192.168.30.23:46315, 876b8d92-f219-477b-ab59-8aa0568d5cc7:192.168.30.23:38283, 661a6d90-43d1-4876-808a-83d8d1c749a3:192.168.30.23:36514] returns group-78D009247DF8:java.util.concurrent.CompletableFuture@358d40eb[Not completed]
2019-10-07 12:35:38,894 [grpc-default-executor-9] INFO  impl.RaftServerProxy (RaftServerProxy.java:addNew(89)) - 4f7f6616-3aeb-46f3-b4a4-91ec65e8d427: addNew group-78D009247DF8:[4f7f6616-3aeb-46f3-b4a4-91ec65e8d427:192.168.30.23:46315, 876b8d92-f219-477b-ab59-8aa0568d5cc7:192.168.30.23:38283, 661a6d90-43d1-4876-808a-83d8d1c749a3:192.168.30.23:36514] returns group-78D009247DF8:java.util.concurrent.CompletableFuture@e004bf8[Not completed]
2019-10-07 12:35:38,894 [grpc-default-executor-6] INFO  impl.RaftServerProxy (RaftServerProxy.java:addNew(89)) - 661a6d90-43d1-4876-808a-83d8d1c749a3: addNew group-78D009247DF8:[4f7f6616-3aeb-46f3-b4a4-91ec65e8d427:192.168.30.23:46315, 876b8d92-f219-477b-ab59-8aa0568d5cc7:192.168.30.23:38283, 661a6d90-43d1-4876-808a-83d8d1c749a3:192.168.30.23:36514] returns group-78D009247DF8:java.util.concurrent.CompletableFuture@67a57bf8[Not completed]
2019-10-07 12:35:38,895 [pool-539-thread-1] INFO  impl.RaftServerImpl (RaftServerImpl.java:<init>(95)) - 876b8d92-f219-477b-ab59-8aa0568d5cc7: new RaftServerImpl for group-78D009247DF8:[4f7f6616-3aeb-46f3-b4a4-91ec65e8d427:192.168.30.23:46315, 876b8d92-f219-477b-ab59-8aa0568d5cc7:192.168.30.23:38283, 661a6d90-43d1-4876-808a-83d8d1c749a3:192.168.30.23:36514] with ContainerStateMachine:uninitialized
2019-10-07 12:35:38,895 [pool-539-thread-1] INFO  server.RaftServerConfigKeys (ConfUtils.java:logGet(43)) - raft.server.rpc.timeout.min = 5s (custom)
2019-10-07 12:35:38,895 [pool-539-thread-1] INFO  server.RaftServerConfigKeys (ConfUtils.java:logGet(43)) - raft.server.rpc.timeout.max = 5200ms (custom)
2019-10-07 12:35:38,895 [pool-539-thread-1] INFO  server.RaftServerConfigKeys (ConfUtils.java:logGet(43)) - raft.server.rpcslowness.timeout = 120s (custom)
2019-10-07 12:35:38,895 [pool-549-thread-1] INFO  impl.RaftServerImpl (RaftServerImpl.java:<init>(95)) - 4f7f6616-3aeb-46f3-b4a4-91ec65e8d427: new RaftServerImpl for group-78D009247DF8:[4f7f6616-3aeb-46f3-b4a4-91ec65e8d427:192.168.30.23:46315, 876b8d92-f219-477b-ab59-8aa0568d5cc7:192.168.30.23:38283, 661a6d90-43d1-4876-808a-83d8d1c749a3:192.168.30.23:36514] with ContainerStateMachine:uninitialized
2019-10-07 12:35:38,895 [pool-559-thread-1] INFO  impl.RaftServerImpl (RaftServerImpl.java:<init>(95)) - 661a6d90-43d1-4876-808a-83d8d1c749a3: new RaftServerImpl for group-78D009247DF8:[4f7f6616-3aeb-46f3-b4a4-91ec65e8d427:192.168.30.23:46315, 876b8d92-f219-477b-ab59-8aa0568d5cc7:192.168.30.23:38283, 661a6d90-43d1-4876-808a-83d8d1c749a3:192.168.30.23:36514] with ContainerStateMachine:uninitialized
2019-10-07 12:35:38,895 [pool-539-thread-1] INFO  server.RaftServerConfigKeys (ConfUtils.java:logGet(43)) - raft.server.sleep.deviation.threshold = 300 (default)
2019-10-07 12:35:38,895 [pool-559-thread-1] INFO  server.RaftServerConfigKeys (ConfUtils.java:logGet(43)) - raft.server.rpc.timeout.min = 5s (custom)
2019-10-07 12:35:38,895 [pool-549-thread-1] INFO  server.RaftServerConfigKeys (ConfUtils.java:logGet(43)) - raft.server.rpc.timeout.min = 5s (custom)
2019-10-07 12:35:38,896 [pool-559-thread-1] INFO  server.RaftServerConfigKeys (ConfUtils.java:logGet(43)) - raft.server.rpc.timeout.max = 5200ms (custom)
2019-10-07 12:35:38,896 [pool-539-thread-1] INFO  server.RaftServerConfigKeys (ConfUtils.java:logGet(43)) - raft.server.log.appender.install.snapshot.enabled = false (custom)
2019-10-07 12:35:38,896 [pool-559-thread-1] INFO  server.RaftServerConfigKeys (ConfUtils.java:logGet(43)) - raft.server.rpcslowness.timeout = 120s (custom)
2019-10-07 12:35:38,896 [pool-549-thread-1] INFO  server.RaftServerConfigKeys (ConfUtils.java:logGet(43)) - raft.server.rpc.timeout.max = 5200ms (custom)
2019-10-07 12:35:38,896 [pool-559-thread-1] INFO  server.RaftServerConfigKeys (ConfUtils.java:logGet(43)) - raft.server.sleep.deviation.threshold = 300 (default)
2019-10-07 12:35:38,896 [pool-539-thread-1] INFO  impl.RaftServerImpl (ServerState.java:<init>(103)) - 876b8d92-f219-477b-ab59-8aa0568d5cc7@group-78D009247DF8: ConfigurationManager, init=-1: [4f7f6616-3aeb-46f3-b4a4-91ec65e8d427:192.168.30.23:46315, 876b8d92-f219-477b-ab59-8aa0568d5cc7:192.168.30.23:38283, 661a6d90-43d1-4876-808a-83d8d1c749a3:192.168.30.23:36514], old=null, confs=<EMPTY_MAP>
2019-10-07 12:35:38,896 [pool-559-thread-1] INFO  server.RaftServerConfigKeys (ConfUtils.java:logGet(43)) - raft.server.log.appender.install.snapshot.enabled = false (custom)
2019-10-07 12:35:38,896 [pool-549-thread-1] INFO  server.RaftServerConfigKeys (ConfUtils.java:logGet(43)) - raft.server.rpcslowness.timeout = 120s (custom)
2019-10-07 12:35:38,896 [pool-559-thread-1] INFO  impl.RaftServerImpl (ServerState.java:<init>(103)) - 661a6d90-43d1-4876-808a-83d8d1c749a3@group-78D009247DF8: ConfigurationManager, init=-1: [4f7f6616-3aeb-46f3-b4a4-91ec65e8d427:192.168.30.23:46315, 876b8d92-f219-477b-ab59-8aa0568d5cc7:192.168.30.23:38283, 661a6d90-43d1-4876-808a-83d8d1c749a3:192.168.30.23:36514], old=null, confs=<EMPTY_MAP>
2019-10-07 12:35:38,896 [pool-539-thread-1] INFO  server.RaftServerConfigKeys (ConfUtils.java:logGet(43)) - raft.server.storage.dir = [/workdir/hadoop-ozone/integration-test/target/test-dir/MiniOzoneClusterImpl-c08a8652-cb2a-478b-8eac-982176e8ab68/datanode-4/data/ratis] (custom)
2019-10-07 12:35:38,897 [pool-559-thread-1] INFO  server.RaftServerConfigKeys (ConfUtils.java:logGet(43)) - raft.server.storage.dir = [/workdir/hadoop-ozone/integration-test/target/test-dir/MiniOzoneClusterImpl-c08a8652-cb2a-478b-8eac-982176e8ab68/datanode-6/data/ratis] (custom)
2019-10-07 12:35:38,897 [pool-549-thread-1] INFO  server.RaftServerConfigKeys (ConfUtils.java:logGet(43)) - raft.server.sleep.deviation.threshold = 300 (default)
2019-10-07 12:35:38,897 [pool-559-thread-1] INFO  server.RaftServerConfigKeys (ConfUtils.java:logGet(43)) - raft.server.log.corruption.policy = EXCEPTION (default)
2019-10-07 12:35:38,897 [pool-539-thread-1] INFO  server.RaftServerConfigKeys (ConfUtils.java:logGet(43)) - raft.server.log.corruption.policy = EXCEPTION (default)
2019-10-07 12:35:38,897 [pool-559-thread-1] INFO  storage.RaftStorageDirectory (RaftStorageDirectory.java:analyzeStorage(246)) - The storage directory /workdir/hadoop-ozone/integration-test/target/test-dir/MiniOzoneClusterImpl-c08a8652-cb2a-478b-8eac-982176e8ab68/datanode-6/data/ratis/b7112e3e-ca61-4427-839e-78d009247df8 does not exist. Creating ...
2019-10-07 12:35:38,897 [pool-539-thread-1] INFO  storage.RaftStorageDirectory (RaftStorageDirectory.java:analyzeStorage(246)) - The storage directory /workdir/hadoop-ozone/integration-test/target/test-dir/MiniOzoneClusterImpl-c08a8652-cb2a-478b-8eac-982176e8ab68/datanode-4/data/ratis/b7112e3e-ca61-4427-839e-78d009247df8 does not exist. Creating ...
2019-10-07 12:35:38,897 [pool-549-thread-1] INFO  server.RaftServerConfigKeys (ConfUtils.java:logGet(43)) - raft.server.log.appender.install.snapshot.enabled = false (custom)
2019-10-07 12:35:38,897 [pool-549-thread-1] INFO  impl.RaftServerImpl (ServerState.java:<init>(103)) - 4f7f6616-3aeb-46f3-b4a4-91ec65e8d427@group-78D009247DF8: ConfigurationManager, init=-1: [4f7f6616-3aeb-46f3-b4a4-91ec65e8d427:192.168.30.23:46315, 876b8d92-f219-477b-ab59-8aa0568d5cc7:192.168.30.23:38283, 661a6d90-43d1-4876-808a-83d8d1c749a3:192.168.30.23:36514], old=null, confs=<EMPTY_MAP>
2019-10-07 12:35:38,897 [pool-549-thread-1] INFO  server.RaftServerConfigKeys (ConfUtils.java:logGet(43)) - raft.server.storage.dir = [/workdir/hadoop-ozone/integration-test/target/test-dir/MiniOzoneClusterImpl-c08a8652-cb2a-478b-8eac-982176e8ab68/datanode-5/data/ratis] (custom)
2019-10-07 12:35:38,898 [pool-549-thread-1] INFO  server.RaftServerConfigKeys (ConfUtils.java:logGet(43)) - raft.server.log.corruption.policy = EXCEPTION (default)
2019-10-07 12:35:38,898 [pool-549-thread-1] INFO  storage.RaftStorageDirectory (RaftStorageDirectory.java:analyzeStorage(246)) - The storage directory /workdir/hadoop-ozone/integration-test/target/test-dir/MiniOzoneClusterImpl-c08a8652-cb2a-478b-8eac-982176e8ab68/datanode-5/data/ratis/b7112e3e-ca61-4427-839e-78d009247df8 does not exist. Creating ...
2019-10-07 12:35:38,910 [pool-539-thread-1] INFO  storage.RaftStorageDirectory (RaftStorageDirectory.java:tryLock(328)) - Lock on /workdir/hadoop-ozone/integration-test/target/test-dir/MiniOzoneClusterImpl-c08a8652-cb2a-478b-8eac-982176e8ab68/datanode-4/data/ratis/b7112e3e-ca61-4427-839e-78d009247df8/in_use.lock acquired by nodename 23866@pr-hdds-2262-rg9fl-2107095119
2019-10-07 12:35:38,910 [pool-559-thread-1] INFO  storage.RaftStorageDirectory (RaftStorageDirectory.java:tryLock(328)) - Lock on /workdir/hadoop-ozone/integration-test/target/test-dir/MiniOzoneClusterImpl-c08a8652-cb2a-478b-8eac-982176e8ab68/datanode-6/data/ratis/b7112e3e-ca61-4427-839e-78d009247df8/in_use.lock acquired by nodename 23866@pr-hdds-2262-rg9fl-2107095119
2019-10-07 12:35:38,910 [pool-549-thread-1] INFO  storage.RaftStorageDirectory (RaftStorageDirectory.java:tryLock(328)) - Lock on /workdir/hadoop-ozone/integration-test/target/test-dir/MiniOzoneClusterImpl-c08a8652-cb2a-478b-8eac-982176e8ab68/datanode-5/data/ratis/b7112e3e-ca61-4427-839e-78d009247df8/in_use.lock acquired by nodename 23866@pr-hdds-2262-rg9fl-2107095119
2019-10-07 12:35:38,924 [pool-559-thread-1] INFO  storage.RaftStorage (RaftStorage.java:format(84)) - Storage directory /workdir/hadoop-ozone/integration-test/target/test-dir/MiniOzoneClusterImpl-c08a8652-cb2a-478b-8eac-982176e8ab68/datanode-6/data/ratis/b7112e3e-ca61-4427-839e-78d009247df8 has been successfully formatted.
2019-10-07 12:35:38,924 [pool-549-thread-1] INFO  storage.RaftStorage (RaftStorage.java:format(84)) - Storage directory /workdir/hadoop-ozone/integration-test/target/test-dir/MiniOzoneClusterImpl-c08a8652-cb2a-478b-8eac-982176e8ab68/datanode-5/data/ratis/b7112e3e-ca61-4427-839e-78d009247df8 has been successfully formatted.
2019-10-07 12:35:38,924 [pool-539-thread-1] INFO  storage.RaftStorage (RaftStorage.java:format(84)) - Storage directory /workdir/hadoop-ozone/integration-test/target/test-dir/MiniOzoneClusterImpl-c08a8652-cb2a-478b-8eac-982176e8ab68/datanode-4/data/ratis/b7112e3e-ca61-4427-839e-78d009247df8 has been successfully formatted.
2019-10-07 12:35:38,925 [pool-549-thread-1] INFO  ratis.ContainerStateMachine (ContainerStateMachine.java:loadSnapshot(231)) - group-78D009247DF8: The snapshot info is null. Setting the last applied indexto:(t:0, i:~)
2019-10-07 12:35:38,924 [pool-559-thread-1] INFO  ratis.ContainerStateMachine (ContainerStateMachine.java:loadSnapshot(231)) - group-78D009247DF8: The snapshot info is null. Setting the last applied indexto:(t:0, i:~)
2019-10-07 12:35:38,925 [pool-539-thread-1] INFO  ratis.ContainerStateMachine (ContainerStateMachine.java:loadSnapshot(231)) - group-78D009247DF8: The snapshot info is null. Setting the last applied indexto:(t:0, i:~)
2019-10-07 12:35:38,925 [pool-549-thread-1] INFO  server.RaftServerConfigKeys (ConfUtils.java:logGet(43)) - raft.server.notification.no-leader.timeout = 120s (custom)
2019-10-07 12:35:38,925 [pool-539-thread-1] INFO  server.RaftServerConfigKeys (ConfUtils.java:logGet(43)) - raft.server.notification.no-leader.timeout = 120s (custom)
2019-10-07 12:35:38,925 [pool-539-thread-1] INFO  server.RaftServerConfigKeys (ConfUtils.java:logGet(43)) - raft.server.log.use.memory = false (default)
2019-10-07 12:35:38,925 [pool-559-thread-1] INFO  server.RaftServerConfigKeys (ConfUtils.java:logGet(43)) - raft.server.notification.no-leader.timeout = 120s (custom)
2019-10-07 12:35:38,925 [pool-539-thread-1] INFO  server.RaftServerConfigKeys (ConfUtils.java:logGet(43)) - raft.server.log.purge.gap = 1000000 (custom)
2019-10-07 12:35:38,925 [pool-549-thread-1] INFO  server.RaftServerConfigKeys (ConfUtils.java:logGet(43)) - raft.server.log.use.memory = false (default)
2019-10-07 12:35:38,926 [pool-539-thread-1] INFO  server.RaftServerConfigKeys (ConfUtils.java:logGet(43)) - raft.server.log.appender.buffer.byte-limit = 33554432 (custom)
2019-10-07 12:35:38,925 [pool-559-thread-1] INFO  server.RaftServerConfigKeys (ConfUtils.java:logGet(43)) - raft.server.log.use.memory = false (default)
2019-10-07 12:35:38,926 [pool-539-thread-1] INFO  server.RaftServerConfigKeys (ConfUtils.java:logGet(43)) - raft.server.log.segment.size.max = 1048576 (custom)
2019-10-07 12:35:38,926 [pool-549-thread-1] INFO  server.RaftServerConfigKeys (ConfUtils.java:logGet(43)) - raft.server.log.purge.gap = 1000000 (custom)
2019-10-07 12:35:38,926 [pool-539-thread-1] INFO  server.RaftServerConfigKeys (ConfUtils.java:logGet(43)) - raft.server.log.segment.cache.num.max = 2 (custom)
2019-10-07 12:35:38,926 [pool-559-thread-1] INFO  server.RaftServerConfigKeys (ConfUtils.java:logGet(43)) - raft.server.log.purge.gap = 1000000 (custom)
2019-10-07 12:35:38,927 [pool-559-thread-1] INFO  server.RaftServerConfigKeys (ConfUtils.java:logGet(43)) - raft.server.log.appender.buffer.byte-limit = 33554432 (custom)
2019-10-07 12:35:38,926 [pool-539-thread-1] INFO  segmented.SegmentedRaftLogWorker (SegmentedRaftLogWorker.java:<init>(173)) - new 876b8d92-f219-477b-ab59-8aa0568d5cc7@group-78D009247DF8-SegmentedRaftLogWorker for RaftStorage:Storage Directory /workdir/hadoop-ozone/integration-test/target/test-dir/MiniOzoneClusterImpl-c08a8652-cb2a-478b-8eac-982176e8ab68/datanode-4/data/ratis/b7112e3e-ca61-4427-839e-78d009247df8
2019-10-07 12:35:38,926 [pool-549-thread-1] INFO  server.RaftServerConfigKeys (ConfUtils.java:logGet(43)) - raft.server.log.appender.buffer.byte-limit = 33554432 (custom)
2019-10-07 12:35:38,927 [pool-539-thread-1] INFO  server.RaftServerConfigKeys (ConfUtils.java:logGet(43)) - raft.server.log.queue.byte-limit = 2147483647 (custom)
2019-10-07 12:35:38,927 [pool-559-thread-1] INFO  server.RaftServerConfigKeys (ConfUtils.java:logGet(43)) - raft.server.log.segment.size.max = 1048576 (custom)
2019-10-07 12:35:38,927 [pool-539-thread-1] INFO  server.RaftServerConfigKeys (ConfUtils.java:logGet(43)) - raft.server.log.queue.element-limit = 1024 (custom)
2019-10-07 12:35:38,927 [pool-549-thread-1] INFO  server.RaftServerConfigKeys (ConfUtils.java:logGet(43)) - raft.server.log.segment.size.max = 1048576 (custom)
2019-10-07 12:35:38,927 [pool-539-thread-1] INFO  server.RaftServerConfigKeys (ConfUtils.java:logGet(43)) - raft.server.log.segment.size.max = 1048576 (custom)
2019-10-07 12:35:38,927 [pool-559-thread-1] INFO  server.RaftServerConfigKeys (ConfUtils.java:logGet(43)) - raft.server.log.segment.cache.num.max = 2 (custom)
2019-10-07 12:35:38,928 [pool-539-thread-1] INFO  server.RaftServerConfigKeys (ConfUtils.java:logGet(43)) - raft.server.log.preallocated.size = 16384 (custom)
2019-10-07 12:35:38,928 [pool-549-thread-1] INFO  server.RaftServerConfigKeys (ConfUtils.java:logGet(43)) - raft.server.log.segment.cache.num.max = 2 (custom)
2019-10-07 12:35:38,928 [pool-539-thread-1] INFO  server.RaftServerConfigKeys (ConfUtils.java:logGet(43)) - raft.server.log.write.buffer.size = 33554432 (custom)
2019-10-07 12:35:38,928 [pool-539-thread-1] INFO  server.RaftServerConfigKeys (ConfUtils.java:logGet(43)) - raft.server.log.force.sync.num = 128 (default)
2019-10-07 12:35:38,928 [pool-559-thread-1] INFO  segmented.SegmentedRaftLogWorker (SegmentedRaftLogWorker.java:<init>(173)) - new 661a6d90-43d1-4876-808a-83d8d1c749a3@group-78D009247DF8-SegmentedRaftLogWorker for RaftStorage:Storage Directory /workdir/hadoop-ozone/integration-test/target/test-dir/MiniOzoneClusterImpl-c08a8652-cb2a-478b-8eac-982176e8ab68/datanode-6/data/ratis/b7112e3e-ca61-4427-839e-78d009247df8
2019-10-07 12:35:38,928 [pool-539-thread-1] INFO  server.RaftServerConfigKeys (ConfUtils.java:logGet(43)) - raft.server.log.statemachine.data.sync = true (default)
2019-10-07 12:35:38,928 [pool-549-thread-1] INFO  segmented.SegmentedRaftLogWorker (SegmentedRaftLogWorker.java:<init>(173)) - new 4f7f6616-3aeb-46f3-b4a4-91ec65e8d427@group-78D009247DF8-SegmentedRaftLogWorker for RaftStorage:Storage Directory /workdir/hadoop-ozone/integration-test/target/test-dir/MiniOzoneClusterImpl-c08a8652-cb2a-478b-8eac-982176e8ab68/datanode-5/data/ratis/b7112e3e-ca61-4427-839e-78d009247df8
2019-10-07 12:35:38,929 [pool-539-thread-1] INFO  server.RaftServerConfigKeys (ConfUtils.java:logGet(43)) - raft.server.log.statemachine.data.sync.timeout = 10s (default)
2019-10-07 12:35:38,929 [pool-559-thread-1] INFO  server.RaftServerConfigKeys (ConfUtils.java:logGet(43)) - raft.server.log.queue.byte-limit = 2147483647 (custom)
2019-10-07 12:35:38,929 [pool-539-thread-1] INFO  server.RaftServerConfigKeys (ConfUtils.java:logGet(43)) - raft.server.log.statemachine.data.sync.timeout.retry = -1 (default)
2019-10-07 12:35:38,929 [pool-549-thread-1] INFO  server.RaftServerConfigKeys (ConfUtils.java:logGet(43)) - raft.server.log.queue.byte-limit = 2147483647 (custom)
2019-10-07 12:35:38,929 [pool-539-thread-1] INFO  server.RaftServerConfigKeys (ConfUtils.java:logGet(43)) - raft.server.log.statemachine.data.caching.enabled = true (custom)
2019-10-07 12:35:38,929 [pool-559-thread-1] INFO  server.RaftServerConfigKeys (ConfUtils.java:logGet(43)) - raft.server.log.queue.element-limit = 1024 (custom)
2019-10-07 12:35:38,929 [pool-549-thread-1] INFO  server.RaftServerConfigKeys (ConfUtils.java:logGet(43)) - raft.server.log.queue.element-limit = 1024 (custom)
2019-10-07 12:35:38,930 [pool-539-thread-1] INFO  segmented.SegmentedRaftLogWorker (SegmentedRaftLogWorker.java:lambda$new$0(128)) - 876b8d92-f219-477b-ab59-8aa0568d5cc7@group-78D009247DF8-SegmentedRaftLogWorker: flushIndex: setUnconditionally 0 -> -1
2019-10-07 12:35:38,930 [pool-559-thread-1] INFO  server.RaftServerConfigKeys (ConfUtils.java:logGet(43)) - raft.server.log.segment.size.max = 1048576 (custom)
2019-10-07 12:35:38,930 [pool-559-thread-1] INFO  server.RaftServerConfigKeys (ConfUtils.java:logGet(43)) - raft.server.log.preallocated.size = 16384 (custom)
2019-10-07 12:35:38,930 [pool-549-thread-1] INFO  server.RaftServerConfigKeys (ConfUtils.java:logGet(43)) - raft.server.log.segment.size.max = 1048576 (custom)
2019-10-07 12:35:38,930 [pool-559-thread-1] INFO  server.RaftServerConfigKeys (ConfUtils.java:logGet(43)) - raft.server.log.write.buffer.size = 33554432 (custom)
2019-10-07 12:35:38,930 [pool-539-thread-1] INFO  server.RaftServerConfigKeys (ConfUtils.java:logGet(43)) - raft.server.snapshot.auto.trigger.enabled = true (custom)
2019-10-07 12:35:38,930 [pool-559-thread-1] INFO  server.RaftServerConfigKeys (ConfUtils.java:logGet(43)) - raft.server.log.force.sync.num = 128 (default)
2019-10-07 12:35:38,930 [pool-549-thread-1] INFO  server.RaftServerConfigKeys (ConfUtils.java:logGet(43)) - raft.server.log.preallocated.size = 16384 (custom)
2019-10-07 12:35:38,931 [pool-559-thread-1] INFO  server.RaftServerConfigKeys (ConfUtils.java:logGet(43)) - raft.server.log.statemachine.data.sync = true (default)
2019-10-07 12:35:38,931 [pool-539-thread-1] INFO  server.RaftServerConfigKeys (ConfUtils.java:logGet(43)) - raft.server.snapshot.auto.trigger.threshold = 10000 (custom)
2019-10-07 12:35:38,931 [pool-559-thread-1] INFO  server.RaftServerConfigKeys (ConfUtils.java:logGet(43)) - raft.server.log.statemachine.data.sync.timeout = 10s (default)
2019-10-07 12:35:38,931 [pool-549-thread-1] INFO  server.RaftServerConfigKeys (ConfUtils.java:logGet(43)) - raft.server.log.write.buffer.size = 33554432 (custom)
2019-10-07 12:35:38,931 [pool-559-thread-1] INFO  server.RaftServerConfigKeys (ConfUtils.java:logGet(43)) - raft.server.log.statemachine.data.sync.timeout.retry = -1 (default)
2019-10-07 12:35:38,931 [pool-539-thread-1] INFO  server.RaftServerConfigKeys (ConfUtils.java:logGet(43)) - raft.server.snapshot.retention.file.num = 5 (custom)
2019-10-07 12:35:38,931 [pool-559-thread-1] INFO  server.RaftServerConfigKeys (ConfUtils.java:logGet(43)) - raft.server.log.statemachine.data.caching.enabled = true (custom)
2019-10-07 12:35:38,931 [pool-549-thread-1] INFO  server.RaftServerConfigKeys (ConfUtils.java:logGet(43)) - raft.server.log.force.sync.num = 128 (default)
2019-10-07 12:35:38,932 [pool-539-thread-1] INFO  server.RaftServerConfigKeys (ConfUtils.java:logGet(43)) - raft.server.retrycache.expirytime = 600000ms (custom)
2019-10-07 12:35:38,932 [pool-559-thread-1] INFO  segmented.SegmentedRaftLogWorker (SegmentedRaftLogWorker.java:lambda$new$0(128)) - 661a6d90-43d1-4876-808a-83d8d1c749a3@group-78D009247DF8-SegmentedRaftLogWorker: flushIndex: setUnconditionally 0 -> -1
2019-10-07 12:35:38,932 [pool-549-thread-1] INFO  server.RaftServerConfigKeys (ConfUtils.java:logGet(43)) - raft.server.log.statemachine.data.sync = true (default)
2019-10-07 12:35:38,932 [pool-549-thread-1] INFO  server.RaftServerConfigKeys (ConfUtils.java:logGet(43)) - raft.server.log.statemachine.data.sync.timeout = 10s (default)
2019-10-07 12:35:38,932 [pool-559-thread-1] INFO  server.RaftServerConfigKeys (ConfUtils.java:logGet(43)) - raft.server.snapshot.auto.trigger.enabled = true (custom)
2019-10-07 12:35:38,932 [pool-549-thread-1] INFO  server.RaftServerConfigKeys (ConfUtils.java:logGet(43)) - raft.server.log.statemachine.data.sync.timeout.retry = -1 (default)
2019-10-07 12:35:38,932 [pool-559-thread-1] INFO  server.RaftServerConfigKeys (ConfUtils.java:logGet(43)) - raft.server.snapshot.auto.trigger.threshold = 10000 (custom)
2019-10-07 12:35:38,933 [pool-549-thread-1] INFO  server.RaftServerConfigKeys (ConfUtils.java:logGet(43)) - raft.server.log.statemachine.data.caching.enabled = true (custom)
2019-10-07 12:35:38,933 [pool-559-thread-1] INFO  server.RaftServerConfigKeys (ConfUtils.java:logGet(43)) - raft.server.snapshot.retention.file.num = 5 (custom)
2019-10-07 12:35:38,933 [pool-549-thread-1] INFO  segmented.SegmentedRaftLogWorker (SegmentedRaftLogWorker.java:lambda$new$0(128)) - 4f7f6616-3aeb-46f3-b4a4-91ec65e8d427@group-78D009247DF8-SegmentedRaftLogWorker: flushIndex: setUnconditionally 0 -> -1
2019-10-07 12:35:38,933 [pool-559-thread-1] INFO  server.RaftServerConfigKeys (ConfUtils.java:logGet(43)) - raft.server.retrycache.expirytime = 600000ms (custom)
2019-10-07 12:35:38,933 [pool-549-thread-1] INFO  server.RaftServerConfigKeys (ConfUtils.java:logGet(43)) - raft.server.snapshot.auto.trigger.enabled = true (custom)
2019-10-07 12:35:38,933 [pool-549-thread-1] INFO  server.RaftServerConfigKeys (ConfUtils.java:logGet(43)) - raft.server.snapshot.auto.trigger.threshold = 10000 (custom)
2019-10-07 12:35:38,933 [pool-549-thread-1] INFO  server.RaftServerConfigKeys (ConfUtils.java:logGet(43)) - raft.server.snapshot.retention.file.num = 5 (custom)
2019-10-07 12:35:38,934 [pool-539-thread-1] INFO  impl.RaftServerImpl (RaftServerImpl.java:start(181)) - 876b8d92-f219-477b-ab59-8aa0568d5cc7@group-78D009247DF8: start as a follower, conf=-1: [4f7f6616-3aeb-46f3-b4a4-91ec65e8d427:192.168.30.23:46315, 876b8d92-f219-477b-ab59-8aa0568d5cc7:192.168.30.23:38283, 661a6d90-43d1-4876-808a-83d8d1c749a3:192.168.30.23:36514], old=null
2019-10-07 12:35:38,934 [pool-549-thread-1] INFO  server.RaftServerConfigKeys (ConfUtils.java:logGet(43)) - raft.server.retrycache.expirytime = 600000ms (custom)
2019-10-07 12:35:38,934 [pool-539-thread-1] INFO  impl.RaftServerImpl (RaftServerImpl.java:setRole(170)) - 876b8d92-f219-477b-ab59-8aa0568d5cc7@group-78D009247DF8: changes role from      null to FOLLOWER at term 0 for startAsFollower
2019-10-07 12:35:38,934 [pool-539-thread-1] INFO  impl.RoleInfo (RoleInfo.java:updateAndGet(143)) - 876b8d92-f219-477b-ab59-8aa0568d5cc7: start FollowerState
2019-10-07 12:35:38,934 [pool-539-thread-1] INFO  util.JmxRegister (JmxRegister.java:tryRegister(44)) - Successfully registered JMX Bean with object name Ratis:service=RaftServer,group=group-78D009247DF8,id=876b8d92-f219-477b-ab59-8aa0568d5cc7
2019-10-07 12:35:38,935 [pool-559-thread-1] INFO  impl.RaftServerImpl (RaftServerImpl.java:start(181)) - 661a6d90-43d1-4876-808a-83d8d1c749a3@group-78D009247DF8: start as a follower, conf=-1: [4f7f6616-3aeb-46f3-b4a4-91ec65e8d427:192.168.30.23:46315, 876b8d92-f219-477b-ab59-8aa0568d5cc7:192.168.30.23:38283, 661a6d90-43d1-4876-808a-83d8d1c749a3:192.168.30.23:36514], old=null
2019-10-07 12:35:38,935 [pool-559-thread-1] INFO  impl.RaftServerImpl (RaftServerImpl.java:setRole(170)) - 661a6d90-43d1-4876-808a-83d8d1c749a3@group-78D009247DF8: changes role from      null to FOLLOWER at term 0 for startAsFollower
2019-10-07 12:35:38,935 [pool-559-thread-1] INFO  impl.RoleInfo (RoleInfo.java:updateAndGet(143)) - 661a6d90-43d1-4876-808a-83d8d1c749a3: start FollowerState
2019-10-07 12:35:38,935 [pool-549-thread-1] INFO  impl.RaftServerImpl (RaftServerImpl.java:start(181)) - 4f7f6616-3aeb-46f3-b4a4-91ec65e8d427@group-78D009247DF8: start as a follower, conf=-1: [4f7f6616-3aeb-46f3-b4a4-91ec65e8d427:192.168.30.23:46315, 876b8d92-f219-477b-ab59-8aa0568d5cc7:192.168.30.23:38283, 661a6d90-43d1-4876-808a-83d8d1c749a3:192.168.30.23:36514], old=null
2019-10-07 12:35:38,935 [pool-549-thread-1] INFO  impl.RaftServerImpl (RaftServerImpl.java:setRole(170)) - 4f7f6616-3aeb-46f3-b4a4-91ec65e8d427@group-78D009247DF8: changes role from      null to FOLLOWER at term 0 for startAsFollower
2019-10-07 12:35:38,936 [pool-559-thread-1] INFO  util.JmxRegister (JmxRegister.java:tryRegister(44)) - Successfully registered JMX Bean with object name Ratis:service=RaftServer,group=group-78D009247DF8,id=661a6d90-43d1-4876-808a-83d8d1c749a3
2019-10-07 12:35:38,936 [pool-549-thread-1] INFO  impl.RoleInfo (RoleInfo.java:updateAndGet(143)) - 4f7f6616-3aeb-46f3-b4a4-91ec65e8d427: start FollowerState
2019-10-07 12:35:38,936 [pool-549-thread-1] INFO  util.JmxRegister (JmxRegister.java:tryRegister(44)) - Successfully registered JMX Bean with object name Ratis:service=RaftServer,group=group-78D009247DF8,id=4f7f6616-3aeb-46f3-b4a4-91ec65e8d427
2019-10-07 12:35:38,949 [RatisPipelineUtilsThread] INFO  pipeline.PipelineStateManager (PipelineStateManager.java:addPipeline(56)) - Created pipeline Pipeline[ Id: b7112e3e-ca61-4427-839e-78d009247df8, Nodes: 4f7f6616-3aeb-46f3-b4a4-91ec65e8d427{ip: 192.168.30.23, host: pr-hdds-2262-rg9fl-2107095119, networkLocation: /default-rack, certSerialId: null}876b8d92-f219-477b-ab59-8aa0568d5cc7{ip: 192.168.30.23, host: pr-hdds-2262-rg9fl-2107095119, networkLocation: /default-rack, certSerialId: null}661a6d90-43d1-4876-808a-83d8d1c749a3{ip: 192.168.30.23, host: pr-hdds-2262-rg9fl-2107095119, networkLocation: /default-rack, certSerialId: null}, Type:RATIS, Factor:THREE, State:OPEN]
2019-10-07 12:35:39,833 [main] INFO  ozone.MiniOzoneClusterImpl (MiniOzoneClusterImpl.java:lambda$waitForClusterToBeReady$0(147)) - Cluster is ready. Got 7 of 7 DN Heartbeats.
2019-10-07 12:35:39,884 [main] INFO  rpc.RpcClient (RpcClient.java:createVolume(277)) - Creating Volume: testblockoutputstream, with jenkins1000 as owner.
2019-10-07 12:35:39,889 [IPC Server handler 0 on 34395] INFO  volume.OMVolumeCreateRequest (OMVolumeCreateRequest.java:validateAndUpdateCache(193)) - created volume:testblockoutputstream for user:jenkins1000
2019-10-07 12:35:39,910 [main] INFO  rpc.RpcClient (RpcClient.java:createBucket(416)) - Creating Bucket: testblockoutputstream/testblockoutputstream, with Versioning false and Storage Type set to DISK and Encryption set to false 
2019-10-07 12:35:40,884 [Thread-3385] INFO  container.ReplicationManager (ReplicationManager.java:start(162)) - Starting Replication Monitor Thread.
2019-10-07 12:35:40,889 [ReplicationMonitor] INFO  container.ReplicationManager (ReplicationManager.java:run(225)) - Replication Monitor Thread took 0 milliseconds for processing 1 containers.
2019-10-07 12:35:43,035 [Thread-3387] INFO  impl.FollowerState (FollowerState.java:run(108)) - 149e5820-2214-4b7b-b515-e21eaa37c885@group-9422C232CCF4-FollowerState: change to CANDIDATE, lastRpcTime:5104ms, electionTimeout:5102ms
2019-10-07 12:35:43,037 [Thread-3387] INFO  impl.RoleInfo (RoleInfo.java:shutdownFollowerState(121)) - 149e5820-2214-4b7b-b515-e21eaa37c885: shutdown FollowerState
2019-10-07 12:35:43,037 [Thread-3387] INFO  impl.RaftServerImpl (RaftServerImpl.java:setRole(170)) - 149e5820-2214-4b7b-b515-e21eaa37c885@group-9422C232CCF4: changes role from  FOLLOWER to CANDIDATE at term 0 for changeToCandidate
2019-10-07 12:35:43,038 [Thread-3387] INFO  impl.RoleInfo (RoleInfo.java:updateAndGet(143)) - 149e5820-2214-4b7b-b515-e21eaa37c885: start LeaderElection
2019-10-07 12:35:43,058 [149e5820-2214-4b7b-b515-e21eaa37c885@group-9422C232CCF4-LeaderElection71] INFO  impl.LeaderElection (LeaderElection.java:askForVotes(178)) - 149e5820-2214-4b7b-b515-e21eaa37c885@group-9422C232CCF4-LeaderElection71: begin an election at term 1 for -1: [149e5820-2214-4b7b-b515-e21eaa37c885:192.168.30.23:45628], old=null
2019-10-07 12:35:43,058 [149e5820-2214-4b7b-b515-e21eaa37c885@group-9422C232CCF4-LeaderElection71] INFO  impl.RoleInfo (RoleInfo.java:shutdownLeaderElection(134)) - 149e5820-2214-4b7b-b515-e21eaa37c885: shutdown LeaderElection
2019-10-07 12:35:43,058 [149e5820-2214-4b7b-b515-e21eaa37c885@group-9422C232CCF4-LeaderElection71] INFO  impl.RaftServerImpl (RaftServerImpl.java:setRole(170)) - 149e5820-2214-4b7b-b515-e21eaa37c885@group-9422C232CCF4: changes role from CANDIDATE to LEADER at term 1 for changeToLeader
2019-10-07 12:35:43,058 [149e5820-2214-4b7b-b515-e21eaa37c885@group-9422C232CCF4-LeaderElection71] INFO  impl.RaftServerImpl (ServerState.java:setLeader(255)) - 149e5820-2214-4b7b-b515-e21eaa37c885@group-9422C232CCF4: change Leader from null to 149e5820-2214-4b7b-b515-e21eaa37c885 at term 1 for becomeLeader, leader elected after 5134ms
2019-10-07 12:35:43,058 [149e5820-2214-4b7b-b515-e21eaa37c885@group-9422C232CCF4-LeaderElection71] INFO  server.RaftServerConfigKeys (ConfUtils.java:logGet(43)) - raft.server.staging.catchup.gap = 1000 (default)
2019-10-07 12:35:43,059 [149e5820-2214-4b7b-b515-e21eaa37c885@group-9422C232CCF4-LeaderElection71] INFO  server.RaftServerConfigKeys (ConfUtils.java:logGet(43)) - raft.server.rpc.sleep.time = 25ms (default)
2019-10-07 12:35:43,059 [149e5820-2214-4b7b-b515-e21eaa37c885@group-9422C232CCF4-LeaderElection71] INFO  server.RaftServerConfigKeys (ConfUtils.java:logGet(43)) - raft.server.write.element-limit = 4096 (default)
2019-10-07 12:35:43,059 [149e5820-2214-4b7b-b515-e21eaa37c885@group-9422C232CCF4-LeaderElection71] INFO  server.RaftServerConfigKeys (ConfUtils.java:logGet(43)) - raft.server.watch.timeout = 10s (default)
2019-10-07 12:35:43,059 [149e5820-2214-4b7b-b515-e21eaa37c885@group-9422C232CCF4-LeaderElection71] INFO  server.RaftServerConfigKeys (ConfUtils.java:logGet(43)) - raft.server.watch.timeout.denomination = 1s (default)
2019-10-07 12:35:43,060 [149e5820-2214-4b7b-b515-e21eaa37c885@group-9422C232CCF4-LeaderElection71] INFO  server.RaftServerConfigKeys (ConfUtils.java:logGet(43)) - raft.server.watch.element-limit = 65536 (default)
2019-10-07 12:35:43,062 [149e5820-2214-4b7b-b515-e21eaa37c885@group-9422C232CCF4-LeaderElection71] INFO  impl.RoleInfo (RoleInfo.java:updateAndGet(143)) - 149e5820-2214-4b7b-b515-e21eaa37c885: start LeaderState
2019-10-07 12:35:43,062 [149e5820-2214-4b7b-b515-e21eaa37c885@group-9422C232CCF4-LeaderElection71] INFO  segmented.SegmentedRaftLogWorker (SegmentedRaftLogWorker.java:startLogSegment(385)) - 149e5820-2214-4b7b-b515-e21eaa37c885@group-9422C232CCF4-SegmentedRaftLogWorker: Starting segment from index:0
2019-10-07 12:35:43,063 [149e5820-2214-4b7b-b515-e21eaa37c885@group-9422C232CCF4-LeaderElection71] INFO  impl.RaftServerImpl (ServerState.java:setRaftConf(356)) - 149e5820-2214-4b7b-b515-e21eaa37c885@group-9422C232CCF4: set configuration 0: [149e5820-2214-4b7b-b515-e21eaa37c885:192.168.30.23:45628], old=null at 0
2019-10-07 12:35:43,108 [149e5820-2214-4b7b-b515-e21eaa37c885@group-9422C232CCF4-SegmentedRaftLogWorker] INFO  segmented.SegmentedRaftLogWorker (SegmentedRaftLogWorker.java:execute(574)) - 149e5820-2214-4b7b-b515-e21eaa37c885@group-9422C232CCF4-SegmentedRaftLogWorker: created new log segment /workdir/hadoop-ozone/integration-test/target/test-dir/MiniOzoneClusterImpl-c08a8652-cb2a-478b-8eac-982176e8ab68/datanode-0/data/ratis/3d1f1b6b-6991-43e6-a8a5-9422c232ccf4/current/log_inprogress_0
2019-10-07 12:35:43,380 [Thread-3392] INFO  impl.FollowerState (FollowerState.java:run(108)) - b832e3db-7591-4d70-a4ae-49be624e8c11@group-AE7777BEC59D-FollowerState: change to CANDIDATE, lastRpcTime:5042ms, electionTimeout:5042ms
2019-10-07 12:35:43,380 [Thread-3392] INFO  impl.RoleInfo (RoleInfo.java:shutdownFollowerState(121)) - b832e3db-7591-4d70-a4ae-49be624e8c11: shutdown FollowerState
2019-10-07 12:35:43,381 [Thread-3392] INFO  impl.RaftServerImpl (RaftServerImpl.java:setRole(170)) - b832e3db-7591-4d70-a4ae-49be624e8c11@group-AE7777BEC59D: changes role from  FOLLOWER to CANDIDATE at term 0 for changeToCandidate
2019-10-07 12:35:43,381 [Thread-3392] INFO  impl.RoleInfo (RoleInfo.java:updateAndGet(143)) - b832e3db-7591-4d70-a4ae-49be624e8c11: start LeaderElection
2019-10-07 12:35:43,397 [b832e3db-7591-4d70-a4ae-49be624e8c11@group-AE7777BEC59D-LeaderElection72] INFO  impl.LeaderElection (LeaderElection.java:askForVotes(178)) - b832e3db-7591-4d70-a4ae-49be624e8c11@group-AE7777BEC59D-LeaderElection72: begin an election at term 1 for -1: [b832e3db-7591-4d70-a4ae-49be624e8c11:192.168.30.23:44410], old=null
2019-10-07 12:35:43,397 [b832e3db-7591-4d70-a4ae-49be624e8c11@group-AE7777BEC59D-LeaderElection72] INFO  impl.RoleInfo (RoleInfo.java:shutdownLeaderElection(134)) - b832e3db-7591-4d70-a4ae-49be624e8c11: shutdown LeaderElection
2019-10-07 12:35:43,397 [b832e3db-7591-4d70-a4ae-49be624e8c11@group-AE7777BEC59D-LeaderElection72] INFO  impl.RaftServerImpl (RaftServerImpl.java:setRole(170)) - b832e3db-7591-4d70-a4ae-49be624e8c11@group-AE7777BEC59D: changes role from CANDIDATE to LEADER at term 1 for changeToLeader
2019-10-07 12:35:43,397 [b832e3db-7591-4d70-a4ae-49be624e8c11@group-AE7777BEC59D-LeaderElection72] INFO  impl.RaftServerImpl (ServerState.java:setLeader(255)) - b832e3db-7591-4d70-a4ae-49be624e8c11@group-AE7777BEC59D: change Leader from null to b832e3db-7591-4d70-a4ae-49be624e8c11 at term 1 for becomeLeader, leader elected after 5065ms
2019-10-07 12:35:43,397 [b832e3db-7591-4d70-a4ae-49be624e8c11@group-AE7777BEC59D-LeaderElection72] INFO  server.RaftServerConfigKeys (ConfUtils.java:logGet(43)) - raft.server.staging.catchup.gap = 1000 (default)
2019-10-07 12:35:43,397 [b832e3db-7591-4d70-a4ae-49be624e8c11@group-AE7777BEC59D-LeaderElection72] INFO  server.RaftServerConfigKeys (ConfUtils.java:logGet(43)) - raft.server.rpc.sleep.time = 25ms (default)
2019-10-07 12:35:43,398 [b832e3db-7591-4d70-a4ae-49be624e8c11@group-AE7777BEC59D-LeaderElection72] INFO  server.RaftServerConfigKeys (ConfUtils.java:logGet(43)) - raft.server.write.element-limit = 4096 (default)
2019-10-07 12:35:43,398 [b832e3db-7591-4d70-a4ae-49be624e8c11@group-AE7777BEC59D-LeaderElection72] INFO  server.RaftServerConfigKeys (ConfUtils.java:logGet(43)) - raft.server.watch.timeout = 10s (default)
2019-10-07 12:35:43,398 [b832e3db-7591-4d70-a4ae-49be624e8c11@group-AE7777BEC59D-LeaderElection72] INFO  server.RaftServerConfigKeys (ConfUtils.java:logGet(43)) - raft.server.watch.timeout.denomination = 1s (default)
2019-10-07 12:35:43,398 [b832e3db-7591-4d70-a4ae-49be624e8c11@group-AE7777BEC59D-LeaderElection72] INFO  server.RaftServerConfigKeys (ConfUtils.java:logGet(43)) - raft.server.watch.element-limit = 65536 (default)
2019-10-07 12:35:43,400 [b832e3db-7591-4d70-a4ae-49be624e8c11@group-AE7777BEC59D-LeaderElection72] INFO  impl.RoleInfo (RoleInfo.java:updateAndGet(143)) - b832e3db-7591-4d70-a4ae-49be624e8c11: start LeaderState
2019-10-07 12:35:43,400 [b832e3db-7591-4d70-a4ae-49be624e8c11@group-AE7777BEC59D-LeaderElection72] INFO  segmented.SegmentedRaftLogWorker (SegmentedRaftLogWorker.java:startLogSegment(385)) - b832e3db-7591-4d70-a4ae-49be624e8c11@group-AE7777BEC59D-SegmentedRaftLogWorker: Starting segment from index:0
2019-10-07 12:35:43,400 [b832e3db-7591-4d70-a4ae-49be624e8c11@group-AE7777BEC59D-LeaderElection72] INFO  impl.RaftServerImpl (ServerState.java:setRaftConf(356)) - b832e3db-7591-4d70-a4ae-49be624e8c11@group-AE7777BEC59D: set configuration 0: [b832e3db-7591-4d70-a4ae-49be624e8c11:192.168.30.23:44410], old=null at 0
2019-10-07 12:35:43,442 [b832e3db-7591-4d70-a4ae-49be624e8c11@group-AE7777BEC59D-SegmentedRaftLogWorker] INFO  segmented.SegmentedRaftLogWorker (SegmentedRaftLogWorker.java:execute(574)) - b832e3db-7591-4d70-a4ae-49be624e8c11@group-AE7777BEC59D-SegmentedRaftLogWorker: created new log segment /workdir/hadoop-ozone/integration-test/target/test-dir/MiniOzoneClusterImpl-c08a8652-cb2a-478b-8eac-982176e8ab68/datanode-1/data/ratis/ce89ee0b-c380-473a-a6bc-ae7777bec59d/current/log_inprogress_0
2019-10-07 12:35:43,573 [Thread-3395] INFO  impl.FollowerState (FollowerState.java:run(108)) - 4940d0e3-d299-42d6-a5cb-8d6363f46478@group-9E36740EE181-FollowerState: change to CANDIDATE, lastRpcTime:5011ms, electionTimeout:5011ms
2019-10-07 12:35:43,573 [Thread-3395] INFO  impl.RoleInfo (RoleInfo.java:shutdownFollowerState(121)) - 4940d0e3-d299-42d6-a5cb-8d6363f46478: shutdown FollowerState
2019-10-07 12:35:43,574 [Thread-3395] INFO  impl.RaftServerImpl (RaftServerImpl.java:setRole(170)) - 4940d0e3-d299-42d6-a5cb-8d6363f46478@group-9E36740EE181: changes role from  FOLLOWER to CANDIDATE at term 0 for changeToCandidate
2019-10-07 12:35:43,574 [Thread-3395] INFO  impl.RoleInfo (RoleInfo.java:updateAndGet(143)) - 4940d0e3-d299-42d6-a5cb-8d6363f46478: start LeaderElection
2019-10-07 12:35:43,598 [4940d0e3-d299-42d6-a5cb-8d6363f46478@group-9E36740EE181-LeaderElection73] INFO  impl.LeaderElection (LeaderElection.java:askForVotes(178)) - 4940d0e3-d299-42d6-a5cb-8d6363f46478@group-9E36740EE181-LeaderElection73: begin an election at term 1 for -1: [4940d0e3-d299-42d6-a5cb-8d6363f46478:192.168.30.23:34846], old=null
2019-10-07 12:35:43,598 [4940d0e3-d299-42d6-a5cb-8d6363f46478@group-9E36740EE181-LeaderElection73] INFO  impl.RoleInfo (RoleInfo.java:shutdownLeaderElection(134)) - 4940d0e3-d299-42d6-a5cb-8d6363f46478: shutdown LeaderElection
2019-10-07 12:35:43,598 [4940d0e3-d299-42d6-a5cb-8d6363f46478@group-9E36740EE181-LeaderElection73] INFO  impl.RaftServerImpl (RaftServerImpl.java:setRole(170)) - 4940d0e3-d299-42d6-a5cb-8d6363f46478@group-9E36740EE181: changes role from CANDIDATE to LEADER at term 1 for changeToLeader
2019-10-07 12:35:43,598 [4940d0e3-d299-42d6-a5cb-8d6363f46478@group-9E36740EE181-LeaderElection73] INFO  impl.RaftServerImpl (ServerState.java:setLeader(255)) - 4940d0e3-d299-42d6-a5cb-8d6363f46478@group-9E36740EE181: change Leader from null to 4940d0e3-d299-42d6-a5cb-8d6363f46478 at term 1 for becomeLeader, leader elected after 5044ms
2019-10-07 12:35:43,598 [4940d0e3-d299-42d6-a5cb-8d6363f46478@group-9E36740EE181-LeaderElection73] INFO  server.RaftServerConfigKeys (ConfUtils.java:logGet(43)) - raft.server.staging.catchup.gap = 1000 (default)
2019-10-07 12:35:43,599 [4940d0e3-d299-42d6-a5cb-8d6363f46478@group-9E36740EE181-LeaderElection73] INFO  server.RaftServerConfigKeys (ConfUtils.java:logGet(43)) - raft.server.rpc.sleep.time = 25ms (default)
2019-10-07 12:35:43,599 [4940d0e3-d299-42d6-a5cb-8d6363f46478@group-9E36740EE181-LeaderElection73] INFO  server.RaftServerConfigKeys (ConfUtils.java:logGet(43)) - raft.server.write.element-limit = 4096 (default)
2019-10-07 12:35:43,599 [4940d0e3-d299-42d6-a5cb-8d6363f46478@group-9E36740EE181-LeaderElection73] INFO  server.RaftServerConfigKeys (ConfUtils.java:logGet(43)) - raft.server.watch.timeout = 10s (default)
2019-10-07 12:35:43,599 [4940d0e3-d299-42d6-a5cb-8d6363f46478@group-9E36740EE181-LeaderElection73] INFO  server.RaftServerConfigKeys (ConfUtils.java:logGet(43)) - raft.server.watch.timeout.denomination = 1s (default)
2019-10-07 12:35:43,599 [4940d0e3-d299-42d6-a5cb-8d6363f46478@group-9E36740EE181-LeaderElection73] INFO  server.RaftServerConfigKeys (ConfUtils.java:logGet(43)) - raft.server.watch.element-limit = 65536 (default)
2019-10-07 12:35:43,601 [4940d0e3-d299-42d6-a5cb-8d6363f46478@group-9E36740EE181-LeaderElection73] INFO  impl.RoleInfo (RoleInfo.java:updateAndGet(143)) - 4940d0e3-d299-42d6-a5cb-8d6363f46478: start LeaderState
2019-10-07 12:35:43,601 [4940d0e3-d299-42d6-a5cb-8d6363f46478@group-9E36740EE181-LeaderElection73] INFO  segmented.SegmentedRaftLogWorker (SegmentedRaftLogWorker.java:startLogSegment(385)) - 4940d0e3-d299-42d6-a5cb-8d6363f46478@group-9E36740EE181-SegmentedRaftLogWorker: Starting segment from index:0
2019-10-07 12:35:43,602 [4940d0e3-d299-42d6-a5cb-8d6363f46478@group-9E36740EE181-LeaderElection73] INFO  impl.RaftServerImpl (ServerState.java:setRaftConf(356)) - 4940d0e3-d299-42d6-a5cb-8d6363f46478@group-9E36740EE181: set configuration 0: [4940d0e3-d299-42d6-a5cb-8d6363f46478:192.168.30.23:34846], old=null at 0
2019-10-07 12:35:43,629 [Thread-3402] INFO  impl.FollowerState (FollowerState.java:run(108)) - b832e3db-7591-4d70-a4ae-49be624e8c11@group-1BAA06384D22-FollowerState: change to CANDIDATE, lastRpcTime:5003ms, electionTimeout:5003ms
2019-10-07 12:35:43,630 [Thread-3402] INFO  impl.RoleInfo (RoleInfo.java:shutdownFollowerState(121)) - b832e3db-7591-4d70-a4ae-49be624e8c11: shutdown FollowerState
2019-10-07 12:35:43,630 [Thread-3402] INFO  impl.RaftServerImpl (RaftServerImpl.java:setRole(170)) - b832e3db-7591-4d70-a4ae-49be624e8c11@group-1BAA06384D22: changes role from  FOLLOWER to CANDIDATE at term 0 for changeToCandidate
2019-10-07 12:35:43,630 [Thread-3402] INFO  impl.RoleInfo (RoleInfo.java:updateAndGet(143)) - b832e3db-7591-4d70-a4ae-49be624e8c11: start LeaderElection
2019-10-07 12:35:43,652 [4940d0e3-d299-42d6-a5cb-8d6363f46478@group-9E36740EE181-SegmentedRaftLogWorker] INFO  segmented.SegmentedRaftLogWorker (SegmentedRaftLogWorker.java:execute(574)) - 4940d0e3-d299-42d6-a5cb-8d6363f46478@group-9E36740EE181-SegmentedRaftLogWorker: created new log segment /workdir/hadoop-ozone/integration-test/target/test-dir/MiniOzoneClusterImpl-c08a8652-cb2a-478b-8eac-982176e8ab68/datanode-2/data/ratis/c5207d1c-8849-477d-8aff-9e36740ee181/current/log_inprogress_0
2019-10-07 12:35:43,652 [b832e3db-7591-4d70-a4ae-49be624e8c11@group-1BAA06384D22-LeaderElection74] INFO  impl.LeaderElection (LeaderElection.java:askForVotes(178)) - b832e3db-7591-4d70-a4ae-49be624e8c11@group-1BAA06384D22-LeaderElection74: begin an election at term 1 for -1: [b832e3db-7591-4d70-a4ae-49be624e8c11:192.168.30.23:44410, 4940d0e3-d299-42d6-a5cb-8d6363f46478:192.168.30.23:34846, 149e5820-2214-4b7b-b515-e21eaa37c885:192.168.30.23:45628], old=null
2019-10-07 12:35:43,659 [grpc-default-executor-6] INFO  impl.RaftServerImpl (RaftServerImpl.java:setRole(170)) - 4940d0e3-d299-42d6-a5cb-8d6363f46478@group-1BAA06384D22: changes role from  FOLLOWER to FOLLOWER at term 1 for recognizeCandidate:b832e3db-7591-4d70-a4ae-49be624e8c11
2019-10-07 12:35:43,659 [grpc-default-executor-2] INFO  impl.RaftServerImpl (RaftServerImpl.java:setRole(170)) - 149e5820-2214-4b7b-b515-e21eaa37c885@group-1BAA06384D22: changes role from  FOLLOWER to FOLLOWER at term 1 for recognizeCandidate:b832e3db-7591-4d70-a4ae-49be624e8c11
2019-10-07 12:35:43,659 [grpc-default-executor-6] INFO  impl.RoleInfo (RoleInfo.java:shutdownFollowerState(121)) - 4940d0e3-d299-42d6-a5cb-8d6363f46478: shutdown FollowerState
2019-10-07 12:35:43,659 [grpc-default-executor-2] INFO  impl.RoleInfo (RoleInfo.java:shutdownFollowerState(121)) - 149e5820-2214-4b7b-b515-e21eaa37c885: shutdown FollowerState
2019-10-07 12:35:43,660 [grpc-default-executor-6] INFO  impl.RoleInfo (RoleInfo.java:updateAndGet(143)) - 4940d0e3-d299-42d6-a5cb-8d6363f46478: start FollowerState
2019-10-07 12:35:43,660 [Thread-3401] INFO  impl.FollowerState (FollowerState.java:run(117)) - 149e5820-2214-4b7b-b515-e21eaa37c885@group-1BAA06384D22-FollowerState was interrupted: java.lang.InterruptedException: sleep interrupted
2019-10-07 12:35:43,660 [grpc-default-executor-2] INFO  impl.RoleInfo (RoleInfo.java:updateAndGet(143)) - 149e5820-2214-4b7b-b515-e21eaa37c885: start FollowerState
2019-10-07 12:35:43,660 [Thread-3399] INFO  impl.FollowerState (FollowerState.java:run(117)) - 4940d0e3-d299-42d6-a5cb-8d6363f46478@group-1BAA06384D22-FollowerState was interrupted: java.lang.InterruptedException: sleep interrupted
2019-10-07 12:35:43,691 [b832e3db-7591-4d70-a4ae-49be624e8c11@group-1BAA06384D22-LeaderElection74] INFO  impl.LeaderElection (LeaderElection.java:logAndReturn(56)) - b832e3db-7591-4d70-a4ae-49be624e8c11@group-1BAA06384D22-LeaderElection74: Election PASSED; received 1 response(s) [b832e3db-7591-4d70-a4ae-49be624e8c11<-149e5820-2214-4b7b-b515-e21eaa37c885#0:OK-t1] and 0 exception(s); b832e3db-7591-4d70-a4ae-49be624e8c11@group-1BAA06384D22:t1, leader=null, voted=b832e3db-7591-4d70-a4ae-49be624e8c11, raftlog=b832e3db-7591-4d70-a4ae-49be624e8c11@group-1BAA06384D22-SegmentedRaftLog:OPENED:c-1,f-1,i0, conf=-1: [b832e3db-7591-4d70-a4ae-49be624e8c11:192.168.30.23:44410, 4940d0e3-d299-42d6-a5cb-8d6363f46478:192.168.30.23:34846, 149e5820-2214-4b7b-b515-e21eaa37c885:192.168.30.23:45628], old=null
2019-10-07 12:35:43,691 [b832e3db-7591-4d70-a4ae-49be624e8c11@group-1BAA06384D22-LeaderElection74] INFO  impl.RoleInfo (RoleInfo.java:shutdownLeaderElection(134)) - b832e3db-7591-4d70-a4ae-49be624e8c11: shutdown LeaderElection
2019-10-07 12:35:43,691 [b832e3db-7591-4d70-a4ae-49be624e8c11@group-1BAA06384D22-LeaderElection74] INFO  impl.RaftServerImpl (RaftServerImpl.java:setRole(170)) - b832e3db-7591-4d70-a4ae-49be624e8c11@group-1BAA06384D22: changes role from CANDIDATE to LEADER at term 1 for changeToLeader
2019-10-07 12:35:43,691 [b832e3db-7591-4d70-a4ae-49be624e8c11@group-1BAA06384D22-LeaderElection74] INFO  impl.RaftServerImpl (ServerState.java:setLeader(255)) - b832e3db-7591-4d70-a4ae-49be624e8c11@group-1BAA06384D22: change Leader from null to b832e3db-7591-4d70-a4ae-49be624e8c11 at term 1 for becomeLeader, leader elected after 5078ms
2019-10-07 12:35:43,691 [b832e3db-7591-4d70-a4ae-49be624e8c11@group-1BAA06384D22-LeaderElection74] INFO  server.RaftServerConfigKeys (ConfUtils.java:logGet(43)) - raft.server.staging.catchup.gap = 1000 (default)
2019-10-07 12:35:43,691 [b832e3db-7591-4d70-a4ae-49be624e8c11@group-1BAA06384D22-LeaderElection74] INFO  server.RaftServerConfigKeys (ConfUtils.java:logGet(43)) - raft.server.rpc.sleep.time = 25ms (default)
2019-10-07 12:35:43,692 [b832e3db-7591-4d70-a4ae-49be624e8c11@group-1BAA06384D22-LeaderElection74] INFO  server.RaftServerConfigKeys (ConfUtils.java:logGet(43)) - raft.server.write.element-limit = 4096 (default)
2019-10-07 12:35:43,692 [b832e3db-7591-4d70-a4ae-49be624e8c11@group-1BAA06384D22-LeaderElection74] INFO  server.RaftServerConfigKeys (ConfUtils.java:logGet(43)) - raft.server.watch.timeout = 10s (default)
2019-10-07 12:35:43,692 [b832e3db-7591-4d70-a4ae-49be624e8c11@group-1BAA06384D22-LeaderElection74] INFO  server.RaftServerConfigKeys (ConfUtils.java:logGet(43)) - raft.server.watch.timeout.denomination = 1s (default)
2019-10-07 12:35:43,692 [b832e3db-7591-4d70-a4ae-49be624e8c11@group-1BAA06384D22-LeaderElection74] INFO  server.RaftServerConfigKeys (ConfUtils.java:logGet(43)) - raft.server.watch.element-limit = 65536 (default)
2019-10-07 12:35:43,694 [b832e3db-7591-4d70-a4ae-49be624e8c11@group-1BAA06384D22-LeaderElection74] INFO  server.RaftServerConfigKeys (ConfUtils.java:logGet(43)) - raft.server.log.appender.snapshot.chunk.size.max = 16MB (=16777216) (default)
2019-10-07 12:35:43,694 [b832e3db-7591-4d70-a4ae-49be624e8c11@group-1BAA06384D22-LeaderElection74] INFO  server.RaftServerConfigKeys (ConfUtils.java:logGet(43)) - raft.server.log.appender.buffer.byte-limit = 33554432 (custom)
2019-10-07 12:35:43,694 [b832e3db-7591-4d70-a4ae-49be624e8c11@group-1BAA06384D22-LeaderElection74] INFO  server.RaftServerConfigKeys (ConfUtils.java:logGet(43)) - raft.server.log.appender.buffer.element-limit = 1 (custom)
2019-10-07 12:35:43,694 [b832e3db-7591-4d70-a4ae-49be624e8c11@group-1BAA06384D22-LeaderElection74] INFO  grpc.GrpcConfigKeys$Server (ConfUtils.java:logGet(43)) - raft.grpc.server.leader.outstanding.appends.max = 128 (default)
2019-10-07 12:35:43,694 [b832e3db-7591-4d70-a4ae-49be624e8c11@group-1BAA06384D22-LeaderElection74] INFO  server.RaftServerConfigKeys (ConfUtils.java:logGet(43)) - raft.server.rpc.request.timeout = 3000ms (default)
2019-10-07 12:35:43,695 [b832e3db-7591-4d70-a4ae-49be624e8c11@group-1BAA06384D22-LeaderElection74] INFO  server.RaftServerConfigKeys (ConfUtils.java:logGet(43)) - raft.server.log.appender.install.snapshot.enabled = false (custom)
2019-10-07 12:35:43,695 [b832e3db-7591-4d70-a4ae-49be624e8c11@group-1BAA06384D22-LeaderElection74] INFO  server.RaftServerConfigKeys (ConfUtils.java:logGet(43)) - raft.server.log.appender.snapshot.chunk.size.max = 16MB (=16777216) (default)
2019-10-07 12:35:43,695 [b832e3db-7591-4d70-a4ae-49be624e8c11@group-1BAA06384D22-LeaderElection74] INFO  server.RaftServerConfigKeys (ConfUtils.java:logGet(43)) - raft.server.log.appender.buffer.byte-limit = 33554432 (custom)
2019-10-07 12:35:43,695 [b832e3db-7591-4d70-a4ae-49be624e8c11@group-1BAA06384D22-LeaderElection74] INFO  server.RaftServerConfigKeys (ConfUtils.java:logGet(43)) - raft.server.log.appender.buffer.element-limit = 1 (custom)
2019-10-07 12:35:43,695 [b832e3db-7591-4d70-a4ae-49be624e8c11@group-1BAA06384D22-LeaderElection74] INFO  grpc.GrpcConfigKeys$Server (ConfUtils.java:logGet(43)) - raft.grpc.server.leader.outstanding.appends.max = 128 (default)
2019-10-07 12:35:43,695 [b832e3db-7591-4d70-a4ae-49be624e8c11@group-1BAA06384D22-LeaderElection74] INFO  server.RaftServerConfigKeys (ConfUtils.java:logGet(43)) - raft.server.rpc.request.timeout = 3000ms (default)
2019-10-07 12:35:43,695 [b832e3db-7591-4d70-a4ae-49be624e8c11@group-1BAA06384D22-LeaderElection74] INFO  server.RaftServerConfigKeys (ConfUtils.java:logGet(43)) - raft.server.log.appender.install.snapshot.enabled = false (custom)
2019-10-07 12:35:43,696 [b832e3db-7591-4d70-a4ae-49be624e8c11@group-1BAA06384D22-LeaderElection74] INFO  impl.RoleInfo (RoleInfo.java:updateAndGet(143)) - b832e3db-7591-4d70-a4ae-49be624e8c11: start LeaderState
2019-10-07 12:35:43,696 [b832e3db-7591-4d70-a4ae-49be624e8c11@group-1BAA06384D22-LeaderElection74] INFO  segmented.SegmentedRaftLogWorker (SegmentedRaftLogWorker.java:startLogSegment(385)) - b832e3db-7591-4d70-a4ae-49be624e8c11@group-1BAA06384D22-SegmentedRaftLogWorker: Starting segment from index:0
2019-10-07 12:35:43,697 [b832e3db-7591-4d70-a4ae-49be624e8c11@group-1BAA06384D22-LeaderElection74] INFO  impl.RaftServerImpl (ServerState.java:setRaftConf(356)) - b832e3db-7591-4d70-a4ae-49be624e8c11@group-1BAA06384D22: set configuration 0: [b832e3db-7591-4d70-a4ae-49be624e8c11:192.168.30.23:44410, 4940d0e3-d299-42d6-a5cb-8d6363f46478:192.168.30.23:34846, 149e5820-2214-4b7b-b515-e21eaa37c885:192.168.30.23:45628], old=null at 0
2019-10-07 12:35:43,736 [grpc-default-executor-2] INFO  impl.RaftServerImpl (ServerState.java:setLeader(255)) - 149e5820-2214-4b7b-b515-e21eaa37c885@group-1BAA06384D22: change Leader from null to b832e3db-7591-4d70-a4ae-49be624e8c11 at term 1 for appendEntries, leader elected after 5124ms
2019-10-07 12:35:43,736 [grpc-default-executor-6] INFO  impl.RaftServerImpl (ServerState.java:setLeader(255)) - 4940d0e3-d299-42d6-a5cb-8d6363f46478@group-1BAA06384D22: change Leader from null to b832e3db-7591-4d70-a4ae-49be624e8c11 at term 1 for appendEntries, leader elected after 5124ms
2019-10-07 12:35:43,748 [b832e3db-7591-4d70-a4ae-49be624e8c11@group-1BAA06384D22-SegmentedRaftLogWorker] INFO  segmented.SegmentedRaftLogWorker (SegmentedRaftLogWorker.java:execute(574)) - b832e3db-7591-4d70-a4ae-49be624e8c11@group-1BAA06384D22-SegmentedRaftLogWorker: created new log segment /workdir/hadoop-ozone/integration-test/target/test-dir/MiniOzoneClusterImpl-c08a8652-cb2a-478b-8eac-982176e8ab68/datanode-1/data/ratis/1df5aaec-3b78-498c-8d65-1baa06384d22/current/log_inprogress_0
2019-10-07 12:35:43,749 [grpc-default-executor-2] INFO  impl.RaftServerImpl (ServerState.java:setRaftConf(356)) - 4940d0e3-d299-42d6-a5cb-8d6363f46478@group-1BAA06384D22: set configuration 0: [b832e3db-7591-4d70-a4ae-49be624e8c11:192.168.30.23:44410, 4940d0e3-d299-42d6-a5cb-8d6363f46478:192.168.30.23:34846, 149e5820-2214-4b7b-b515-e21eaa37c885:192.168.30.23:45628], old=null at 0
2019-10-07 12:35:43,749 [grpc-default-executor-6] INFO  impl.RaftServerImpl (ServerState.java:setRaftConf(356)) - 149e5820-2214-4b7b-b515-e21eaa37c885@group-1BAA06384D22: set configuration 0: [b832e3db-7591-4d70-a4ae-49be624e8c11:192.168.30.23:44410, 4940d0e3-d299-42d6-a5cb-8d6363f46478:192.168.30.23:34846, 149e5820-2214-4b7b-b515-e21eaa37c885:192.168.30.23:45628], old=null at 0
2019-10-07 12:35:43,749 [grpc-default-executor-2] INFO  segmented.SegmentedRaftLogWorker (SegmentedRaftLogWorker.java:startLogSegment(385)) - 4940d0e3-d299-42d6-a5cb-8d6363f46478@group-1BAA06384D22-SegmentedRaftLogWorker: Starting segment from index:0
2019-10-07 12:35:43,749 [grpc-default-executor-6] INFO  segmented.SegmentedRaftLogWorker (SegmentedRaftLogWorker.java:startLogSegment(385)) - 149e5820-2214-4b7b-b515-e21eaa37c885@group-1BAA06384D22-SegmentedRaftLogWorker: Starting segment from index:0
2019-10-07 12:35:43,774 [Thread-3407] INFO  impl.FollowerState (FollowerState.java:run(108)) - 876b8d92-f219-477b-ab59-8aa0568d5cc7@group-D230E2ED4B61-FollowerState: change to CANDIDATE, lastRpcTime:5060ms, electionTimeout:5060ms
2019-10-07 12:35:43,775 [Thread-3407] INFO  impl.RoleInfo (RoleInfo.java:shutdownFollowerState(121)) - 876b8d92-f219-477b-ab59-8aa0568d5cc7: shutdown FollowerState
2019-10-07 12:35:43,775 [Thread-3407] INFO  impl.RaftServerImpl (RaftServerImpl.java:setRole(170)) - 876b8d92-f219-477b-ab59-8aa0568d5cc7@group-D230E2ED4B61: changes role from  FOLLOWER to CANDIDATE at term 0 for changeToCandidate
2019-10-07 12:35:43,775 [Thread-3407] INFO  impl.RoleInfo (RoleInfo.java:updateAndGet(143)) - 876b8d92-f219-477b-ab59-8aa0568d5cc7: start LeaderElection
2019-10-07 12:35:43,800 [149e5820-2214-4b7b-b515-e21eaa37c885@group-1BAA06384D22-SegmentedRaftLogWorker] INFO  segmented.SegmentedRaftLogWorker (SegmentedRaftLogWorker.java:execute(574)) - 149e5820-2214-4b7b-b515-e21eaa37c885@group-1BAA06384D22-SegmentedRaftLogWorker: created new log segment /workdir/hadoop-ozone/integration-test/target/test-dir/MiniOzoneClusterImpl-c08a8652-cb2a-478b-8eac-982176e8ab68/datanode-0/data/ratis/1df5aaec-3b78-498c-8d65-1baa06384d22/current/log_inprogress_0
2019-10-07 12:35:43,800 [4940d0e3-d299-42d6-a5cb-8d6363f46478@group-1BAA06384D22-SegmentedRaftLogWorker] INFO  segmented.SegmentedRaftLogWorker (SegmentedRaftLogWorker.java:execute(574)) - 4940d0e3-d299-42d6-a5cb-8d6363f46478@group-1BAA06384D22-SegmentedRaftLogWorker: created new log segment /workdir/hadoop-ozone/integration-test/target/test-dir/MiniOzoneClusterImpl-c08a8652-cb2a-478b-8eac-982176e8ab68/datanode-2/data/ratis/1df5aaec-3b78-498c-8d65-1baa06384d22/current/log_inprogress_0
2019-10-07 12:35:43,813 [876b8d92-f219-477b-ab59-8aa0568d5cc7@group-D230E2ED4B61-LeaderElection75] INFO  impl.LeaderElection (LeaderElection.java:askForVotes(178)) - 876b8d92-f219-477b-ab59-8aa0568d5cc7@group-D230E2ED4B61-LeaderElection75: begin an election at term 1 for -1: [876b8d92-f219-477b-ab59-8aa0568d5cc7:192.168.30.23:38283], old=null
2019-10-07 12:35:43,813 [876b8d92-f219-477b-ab59-8aa0568d5cc7@group-D230E2ED4B61-LeaderElection75] INFO  impl.RoleInfo (RoleInfo.java:shutdownLeaderElection(134)) - 876b8d92-f219-477b-ab59-8aa0568d5cc7: shutdown LeaderElection
2019-10-07 12:35:43,814 [876b8d92-f219-477b-ab59-8aa0568d5cc7@group-D230E2ED4B61-LeaderElection75] INFO  impl.RaftServerImpl (RaftServerImpl.java:setRole(170)) - 876b8d92-f219-477b-ab59-8aa0568d5cc7@group-D230E2ED4B61: changes role from CANDIDATE to LEADER at term 1 for changeToLeader
2019-10-07 12:35:43,814 [876b8d92-f219-477b-ab59-8aa0568d5cc7@group-D230E2ED4B61-LeaderElection75] INFO  impl.RaftServerImpl (ServerState.java:setLeader(255)) - 876b8d92-f219-477b-ab59-8aa0568d5cc7@group-D230E2ED4B61: change Leader from null to 876b8d92-f219-477b-ab59-8aa0568d5cc7 at term 1 for becomeLeader, leader elected after 5104ms
2019-10-07 12:35:43,814 [876b8d92-f219-477b-ab59-8aa0568d5cc7@group-D230E2ED4B61-LeaderElection75] INFO  server.RaftServerConfigKeys (ConfUtils.java:logGet(43)) - raft.server.staging.catchup.gap = 1000 (default)
2019-10-07 12:35:43,814 [876b8d92-f219-477b-ab59-8aa0568d5cc7@group-D230E2ED4B61-LeaderElection75] INFO  server.RaftServerConfigKeys (ConfUtils.java:logGet(43)) - raft.server.rpc.sleep.time = 25ms (default)
2019-10-07 12:35:43,814 [876b8d92-f219-477b-ab59-8aa0568d5cc7@group-D230E2ED4B61-LeaderElection75] INFO  server.RaftServerConfigKeys (ConfUtils.java:logGet(43)) - raft.server.write.element-limit = 4096 (default)
2019-10-07 12:35:43,814 [876b8d92-f219-477b-ab59-8aa0568d5cc7@group-D230E2ED4B61-LeaderElection75] INFO  server.RaftServerConfigKeys (ConfUtils.java:logGet(43)) - raft.server.watch.timeout = 10s (default)
2019-10-07 12:35:43,814 [876b8d92-f219-477b-ab59-8aa0568d5cc7@group-D230E2ED4B61-LeaderElection75] INFO  server.RaftServerConfigKeys (ConfUtils.java:logGet(43)) - raft.server.watch.timeout.denomination = 1s (default)
2019-10-07 12:35:43,814 [876b8d92-f219-477b-ab59-8aa0568d5cc7@group-D230E2ED4B61-LeaderElection75] INFO  server.RaftServerConfigKeys (ConfUtils.java:logGet(43)) - raft.server.watch.element-limit = 65536 (default)
2019-10-07 12:35:43,816 [876b8d92-f219-477b-ab59-8aa0568d5cc7@group-D230E2ED4B61-LeaderElection75] INFO  impl.RoleInfo (RoleInfo.java:updateAndGet(143)) - 876b8d92-f219-477b-ab59-8aa0568d5cc7: start LeaderState
2019-10-07 12:35:43,816 [876b8d92-f219-477b-ab59-8aa0568d5cc7@group-D230E2ED4B61-LeaderElection75] INFO  segmented.SegmentedRaftLogWorker (SegmentedRaftLogWorker.java:startLogSegment(385)) - 876b8d92-f219-477b-ab59-8aa0568d5cc7@group-D230E2ED4B61-SegmentedRaftLogWorker: Starting segment from index:0
2019-10-07 12:35:43,817 [876b8d92-f219-477b-ab59-8aa0568d5cc7@group-D230E2ED4B61-LeaderElection75] INFO  impl.RaftServerImpl (ServerState.java:setRaftConf(356)) - 876b8d92-f219-477b-ab59-8aa0568d5cc7@group-D230E2ED4B61: set configuration 0: [876b8d92-f219-477b-ab59-8aa0568d5cc7:192.168.30.23:38283], old=null at 0
2019-10-07 12:35:43,856 [Thread-3413] INFO  impl.FollowerState (FollowerState.java:run(108)) - 4f7f6616-3aeb-46f3-b4a4-91ec65e8d427@group-A2F56720012C-FollowerState: change to CANDIDATE, lastRpcTime:5029ms, electionTimeout:5029ms
2019-10-07 12:35:43,856 [Thread-3413] INFO  impl.RoleInfo (RoleInfo.java:shutdownFollowerState(121)) - 4f7f6616-3aeb-46f3-b4a4-91ec65e8d427: shutdown FollowerState
2019-10-07 12:35:43,857 [Thread-3413] INFO  impl.RaftServerImpl (RaftServerImpl.java:setRole(170)) - 4f7f6616-3aeb-46f3-b4a4-91ec65e8d427@group-A2F56720012C: changes role from  FOLLOWER to CANDIDATE at term 0 for changeToCandidate
2019-10-07 12:35:43,857 [Thread-3413] INFO  impl.RoleInfo (RoleInfo.java:updateAndGet(143)) - 4f7f6616-3aeb-46f3-b4a4-91ec65e8d427: start LeaderElection
2019-10-07 12:35:43,881 [876b8d92-f219-477b-ab59-8aa0568d5cc7@group-D230E2ED4B61-SegmentedRaftLogWorker] INFO  segmented.SegmentedRaftLogWorker (SegmentedRaftLogWorker.java:execute(574)) - 876b8d92-f219-477b-ab59-8aa0568d5cc7@group-D230E2ED4B61-SegmentedRaftLogWorker: created new log segment /workdir/hadoop-ozone/integration-test/target/test-dir/MiniOzoneClusterImpl-c08a8652-cb2a-478b-8eac-982176e8ab68/datanode-4/data/ratis/7892af00-38c4-47d3-a09e-d230e2ed4b61/current/log_inprogress_0
2019-10-07 12:35:43,881 [4f7f6616-3aeb-46f3-b4a4-91ec65e8d427@group-A2F56720012C-LeaderElection76] INFO  impl.LeaderElection (LeaderElection.java:askForVotes(178)) - 4f7f6616-3aeb-46f3-b4a4-91ec65e8d427@group-A2F56720012C-LeaderElection76: begin an election at term 1 for -1: [4f7f6616-3aeb-46f3-b4a4-91ec65e8d427:192.168.30.23:46315], old=null
2019-10-07 12:35:43,881 [4f7f6616-3aeb-46f3-b4a4-91ec65e8d427@group-A2F56720012C-LeaderElection76] INFO  impl.RoleInfo (RoleInfo.java:shutdownLeaderElection(134)) - 4f7f6616-3aeb-46f3-b4a4-91ec65e8d427: shutdown LeaderElection
2019-10-07 12:35:43,881 [4f7f6616-3aeb-46f3-b4a4-91ec65e8d427@group-A2F56720012C-LeaderElection76] INFO  impl.RaftServerImpl (RaftServerImpl.java:setRole(170)) - 4f7f6616-3aeb-46f3-b4a4-91ec65e8d427@group-A2F56720012C: changes role from CANDIDATE to LEADER at term 1 for changeToLeader
2019-10-07 12:35:43,881 [4f7f6616-3aeb-46f3-b4a4-91ec65e8d427@group-A2F56720012C-LeaderElection76] INFO  impl.RaftServerImpl (ServerState.java:setLeader(255)) - 4f7f6616-3aeb-46f3-b4a4-91ec65e8d427@group-A2F56720012C: change Leader from null to 4f7f6616-3aeb-46f3-b4a4-91ec65e8d427 at term 1 for becomeLeader, leader elected after 5059ms
2019-10-07 12:35:43,881 [4f7f6616-3aeb-46f3-b4a4-91ec65e8d427@group-A2F56720012C-LeaderElection76] INFO  server.RaftServerConfigKeys (ConfUtils.java:logGet(43)) - raft.server.staging.catchup.gap = 1000 (default)
2019-10-07 12:35:43,882 [4f7f6616-3aeb-46f3-b4a4-91ec65e8d427@group-A2F56720012C-LeaderElection76] INFO  server.RaftServerConfigKeys (ConfUtils.java:logGet(43)) - raft.server.rpc.sleep.time = 25ms (default)
2019-10-07 12:35:43,882 [4f7f6616-3aeb-46f3-b4a4-91ec65e8d427@group-A2F56720012C-LeaderElection76] INFO  server.RaftServerConfigKeys (ConfUtils.java:logGet(43)) - raft.server.write.element-limit = 4096 (default)
2019-10-07 12:35:43,882 [4f7f6616-3aeb-46f3-b4a4-91ec65e8d427@group-A2F56720012C-LeaderElection76] INFO  server.RaftServerConfigKeys (ConfUtils.java:logGet(43)) - raft.server.watch.timeout = 10s (default)
2019-10-07 12:35:43,882 [4f7f6616-3aeb-46f3-b4a4-91ec65e8d427@group-A2F56720012C-LeaderElection76] INFO  server.RaftServerConfigKeys (ConfUtils.java:logGet(43)) - raft.server.watch.timeout.denomination = 1s (default)
2019-10-07 12:35:43,882 [4f7f6616-3aeb-46f3-b4a4-91ec65e8d427@group-A2F56720012C-LeaderElection76] INFO  server.RaftServerConfigKeys (ConfUtils.java:logGet(43)) - raft.server.watch.element-limit = 65536 (default)
2019-10-07 12:35:43,884 [4f7f6616-3aeb-46f3-b4a4-91ec65e8d427@group-A2F56720012C-LeaderElection76] INFO  impl.RoleInfo (RoleInfo.java:updateAndGet(143)) - 4f7f6616-3aeb-46f3-b4a4-91ec65e8d427: start LeaderState
2019-10-07 12:35:43,884 [4f7f6616-3aeb-46f3-b4a4-91ec65e8d427@group-A2F56720012C-LeaderElection76] INFO  segmented.SegmentedRaftLogWorker (SegmentedRaftLogWorker.java:startLogSegment(385)) - 4f7f6616-3aeb-46f3-b4a4-91ec65e8d427@group-A2F56720012C-SegmentedRaftLogWorker: Starting segment from index:0
2019-10-07 12:35:43,885 [4f7f6616-3aeb-46f3-b4a4-91ec65e8d427@group-A2F56720012C-LeaderElection76] INFO  impl.RaftServerImpl (ServerState.java:setRaftConf(356)) - 4f7f6616-3aeb-46f3-b4a4-91ec65e8d427@group-A2F56720012C: set configuration 0: [4f7f6616-3aeb-46f3-b4a4-91ec65e8d427:192.168.30.23:46315], old=null at 0
2019-10-07 12:35:43,941 [4f7f6616-3aeb-46f3-b4a4-91ec65e8d427@group-A2F56720012C-SegmentedRaftLogWorker] INFO  segmented.SegmentedRaftLogWorker (SegmentedRaftLogWorker.java:execute(574)) - 4f7f6616-3aeb-46f3-b4a4-91ec65e8d427@group-A2F56720012C-SegmentedRaftLogWorker: created new log segment /workdir/hadoop-ozone/integration-test/target/test-dir/MiniOzoneClusterImpl-c08a8652-cb2a-478b-8eac-982176e8ab68/datanode-5/data/ratis/3a440b49-793d-441b-ba46-a2f56720012c/current/log_inprogress_0
2019-10-07 12:35:43,948 [Thread-3416] INFO  impl.FollowerState (FollowerState.java:run(108)) - 661a6d90-43d1-4876-808a-83d8d1c749a3@group-99A496EFCE2E-FollowerState: change to CANDIDATE, lastRpcTime:5070ms, electionTimeout:5070ms
2019-10-07 12:35:43,948 [Thread-3410] INFO  impl.FollowerState (FollowerState.java:run(108)) - 9f9cdcd1-102b-49c8-8900-6ca02da15102@group-1D8B50DAA751-FollowerState: change to CANDIDATE, lastRpcTime:5164ms, electionTimeout:5164ms
2019-10-07 12:35:43,948 [Thread-3416] INFO  impl.RoleInfo (RoleInfo.java:shutdownFollowerState(121)) - 661a6d90-43d1-4876-808a-83d8d1c749a3: shutdown FollowerState
2019-10-07 12:35:43,948 [Thread-3410] INFO  impl.RoleInfo (RoleInfo.java:shutdownFollowerState(121)) - 9f9cdcd1-102b-49c8-8900-6ca02da15102: shutdown FollowerState
2019-10-07 12:35:43,948 [Thread-3416] INFO  impl.RaftServerImpl (RaftServerImpl.java:setRole(170)) - 661a6d90-43d1-4876-808a-83d8d1c749a3@group-99A496EFCE2E: changes role from  FOLLOWER to CANDIDATE at term 0 for changeToCandidate
2019-10-07 12:35:43,948 [Thread-3410] INFO  impl.RaftServerImpl (RaftServerImpl.java:setRole(170)) - 9f9cdcd1-102b-49c8-8900-6ca02da15102@group-1D8B50DAA751: changes role from  FOLLOWER to CANDIDATE at term 0 for changeToCandidate
2019-10-07 12:35:43,948 [Thread-3416] INFO  impl.RoleInfo (RoleInfo.java:updateAndGet(143)) - 661a6d90-43d1-4876-808a-83d8d1c749a3: start LeaderElection
2019-10-07 12:35:43,948 [Thread-3410] INFO  impl.RoleInfo (RoleInfo.java:updateAndGet(143)) - 9f9cdcd1-102b-49c8-8900-6ca02da15102: start LeaderElection
2019-10-07 12:35:43,971 [9f9cdcd1-102b-49c8-8900-6ca02da15102@group-1D8B50DAA751-LeaderElection78] INFO  impl.LeaderElection (LeaderElection.java:askForVotes(178)) - 9f9cdcd1-102b-49c8-8900-6ca02da15102@group-1D8B50DAA751-LeaderElection78: begin an election at term 1 for -1: [9f9cdcd1-102b-49c8-8900-6ca02da15102:192.168.30.23:33391], old=null
2019-10-07 12:35:43,971 [661a6d90-43d1-4876-808a-83d8d1c749a3@group-99A496EFCE2E-LeaderElection77] INFO  impl.LeaderElection (LeaderElection.java:askForVotes(178)) - 661a6d90-43d1-4876-808a-83d8d1c749a3@group-99A496EFCE2E-LeaderElection77: begin an election at term 1 for -1: [661a6d90-43d1-4876-808a-83d8d1c749a3:192.168.30.23:36514], old=null
2019-10-07 12:35:43,972 [9f9cdcd1-102b-49c8-8900-6ca02da15102@group-1D8B50DAA751-LeaderElection78] INFO  impl.RoleInfo (RoleInfo.java:shutdownLeaderElection(134)) - 9f9cdcd1-102b-49c8-8900-6ca02da15102: shutdown LeaderElection
2019-10-07 12:35:43,972 [661a6d90-43d1-4876-808a-83d8d1c749a3@group-99A496EFCE2E-LeaderElection77] INFO  impl.RoleInfo (RoleInfo.java:shutdownLeaderElection(134)) - 661a6d90-43d1-4876-808a-83d8d1c749a3: shutdown LeaderElection
2019-10-07 12:35:43,972 [9f9cdcd1-102b-49c8-8900-6ca02da15102@group-1D8B50DAA751-LeaderElection78] INFO  impl.RaftServerImpl (RaftServerImpl.java:setRole(170)) - 9f9cdcd1-102b-49c8-8900-6ca02da15102@group-1D8B50DAA751: changes role from CANDIDATE to LEADER at term 1 for changeToLeader
2019-10-07 12:35:43,972 [661a6d90-43d1-4876-808a-83d8d1c749a3@group-99A496EFCE2E-LeaderElection77] INFO  impl.RaftServerImpl (RaftServerImpl.java:setRole(170)) - 661a6d90-43d1-4876-808a-83d8d1c749a3@group-99A496EFCE2E: changes role from CANDIDATE to LEADER at term 1 for changeToLeader
2019-10-07 12:35:43,972 [9f9cdcd1-102b-49c8-8900-6ca02da15102@group-1D8B50DAA751-LeaderElection78] INFO  impl.RaftServerImpl (ServerState.java:setLeader(255)) - 9f9cdcd1-102b-49c8-8900-6ca02da15102@group-1D8B50DAA751: change Leader from null to 9f9cdcd1-102b-49c8-8900-6ca02da15102 at term 1 for becomeLeader, leader elected after 5192ms
2019-10-07 12:35:43,972 [661a6d90-43d1-4876-808a-83d8d1c749a3@group-99A496EFCE2E-LeaderElection77] INFO  impl.RaftServerImpl (ServerState.java:setLeader(255)) - 661a6d90-43d1-4876-808a-83d8d1c749a3@group-99A496EFCE2E: change Leader from null to 661a6d90-43d1-4876-808a-83d8d1c749a3 at term 1 for becomeLeader, leader elected after 5101ms
2019-10-07 12:35:43,972 [9f9cdcd1-102b-49c8-8900-6ca02da15102@group-1D8B50DAA751-LeaderElection78] INFO  server.RaftServerConfigKeys (ConfUtils.java:logGet(43)) - raft.server.staging.catchup.gap = 1000 (default)
2019-10-07 12:35:43,972 [661a6d90-43d1-4876-808a-83d8d1c749a3@group-99A496EFCE2E-LeaderElection77] INFO  server.RaftServerConfigKeys (ConfUtils.java:logGet(43)) - raft.server.staging.catchup.gap = 1000 (default)
2019-10-07 12:35:43,972 [9f9cdcd1-102b-49c8-8900-6ca02da15102@group-1D8B50DAA751-LeaderElection78] INFO  server.RaftServerConfigKeys (ConfUtils.java:logGet(43)) - raft.server.rpc.sleep.time = 25ms (default)
2019-10-07 12:35:43,972 [661a6d90-43d1-4876-808a-83d8d1c749a3@group-99A496EFCE2E-LeaderElection77] INFO  server.RaftServerConfigKeys (ConfUtils.java:logGet(43)) - raft.server.rpc.sleep.time = 25ms (default)
2019-10-07 12:35:43,972 [9f9cdcd1-102b-49c8-8900-6ca02da15102@group-1D8B50DAA751-LeaderElection78] INFO  server.RaftServerConfigKeys (ConfUtils.java:logGet(43)) - raft.server.write.element-limit = 4096 (default)
2019-10-07 12:35:43,973 [661a6d90-43d1-4876-808a-83d8d1c749a3@group-99A496EFCE2E-LeaderElection77] INFO  server.RaftServerConfigKeys (ConfUtils.java:logGet(43)) - raft.server.write.element-limit = 4096 (default)
2019-10-07 12:35:43,973 [9f9cdcd1-102b-49c8-8900-6ca02da15102@group-1D8B50DAA751-LeaderElection78] INFO  server.RaftServerConfigKeys (ConfUtils.java:logGet(43)) - raft.server.watch.timeout = 10s (default)
2019-10-07 12:35:43,973 [661a6d90-43d1-4876-808a-83d8d1c749a3@group-99A496EFCE2E-LeaderElection77] INFO  server.RaftServerConfigKeys (ConfUtils.java:logGet(43)) - raft.server.watch.timeout = 10s (default)
2019-10-07 12:35:43,973 [9f9cdcd1-102b-49c8-8900-6ca02da15102@group-1D8B50DAA751-LeaderElection78] INFO  server.RaftServerConfigKeys (ConfUtils.java:logGet(43)) - raft.server.watch.timeout.denomination = 1s (default)
2019-10-07 12:35:43,973 [661a6d90-43d1-4876-808a-83d8d1c749a3@group-99A496EFCE2E-LeaderElection77] INFO  server.RaftServerConfigKeys (ConfUtils.java:logGet(43)) - raft.server.watch.timeout.denomination = 1s (default)
2019-10-07 12:35:43,973 [9f9cdcd1-102b-49c8-8900-6ca02da15102@group-1D8B50DAA751-LeaderElection78] INFO  server.RaftServerConfigKeys (ConfUtils.java:logGet(43)) - raft.server.watch.element-limit = 65536 (default)
2019-10-07 12:35:43,973 [661a6d90-43d1-4876-808a-83d8d1c749a3@group-99A496EFCE2E-LeaderElection77] INFO  server.RaftServerConfigKeys (ConfUtils.java:logGet(43)) - raft.server.watch.element-limit = 65536 (default)
2019-10-07 12:35:43,975 [9f9cdcd1-102b-49c8-8900-6ca02da15102@group-1D8B50DAA751-LeaderElection78] INFO  impl.RoleInfo (RoleInfo.java:updateAndGet(143)) - 9f9cdcd1-102b-49c8-8900-6ca02da15102: start LeaderState
2019-10-07 12:35:43,975 [661a6d90-43d1-4876-808a-83d8d1c749a3@group-99A496EFCE2E-LeaderElection77] INFO  impl.RoleInfo (RoleInfo.java:updateAndGet(143)) - 661a6d90-43d1-4876-808a-83d8d1c749a3: start LeaderState
2019-10-07 12:35:43,975 [9f9cdcd1-102b-49c8-8900-6ca02da15102@group-1D8B50DAA751-LeaderElection78] INFO  segmented.SegmentedRaftLogWorker (SegmentedRaftLogWorker.java:startLogSegment(385)) - 9f9cdcd1-102b-49c8-8900-6ca02da15102@group-1D8B50DAA751-SegmentedRaftLogWorker: Starting segment from index:0
2019-10-07 12:35:43,975 [661a6d90-43d1-4876-808a-83d8d1c749a3@group-99A496EFCE2E-LeaderElection77] INFO  segmented.SegmentedRaftLogWorker (SegmentedRaftLogWorker.java:startLogSegment(385)) - 661a6d90-43d1-4876-808a-83d8d1c749a3@group-99A496EFCE2E-SegmentedRaftLogWorker: Starting segment from index:0
2019-10-07 12:35:43,976 [9f9cdcd1-102b-49c8-8900-6ca02da15102@group-1D8B50DAA751-LeaderElection78] INFO  impl.RaftServerImpl (ServerState.java:setRaftConf(356)) - 9f9cdcd1-102b-49c8-8900-6ca02da15102@group-1D8B50DAA751: set configuration 0: [9f9cdcd1-102b-49c8-8900-6ca02da15102:192.168.30.23:33391], old=null at 0
2019-10-07 12:35:43,976 [661a6d90-43d1-4876-808a-83d8d1c749a3@group-99A496EFCE2E-LeaderElection77] INFO  impl.RaftServerImpl (ServerState.java:setRaftConf(356)) - 661a6d90-43d1-4876-808a-83d8d1c749a3@group-99A496EFCE2E: set configuration 0: [661a6d90-43d1-4876-808a-83d8d1c749a3:192.168.30.23:36514], old=null at 0
2019-10-07 12:35:44,012 [Thread-3422] INFO  impl.FollowerState (FollowerState.java:run(108)) - 661a6d90-43d1-4876-808a-83d8d1c749a3@group-78D009247DF8-FollowerState: change to CANDIDATE, lastRpcTime:5076ms, electionTimeout:5076ms
2019-10-07 12:35:44,012 [Thread-3422] INFO  impl.RoleInfo (RoleInfo.java:shutdownFollowerState(121)) - 661a6d90-43d1-4876-808a-83d8d1c749a3: shutdown FollowerState
2019-10-07 12:35:44,012 [Thread-3422] INFO  impl.RaftServerImpl (RaftServerImpl.java:setRole(170)) - 661a6d90-43d1-4876-808a-83d8d1c749a3@group-78D009247DF8: changes role from  FOLLOWER to CANDIDATE at term 0 for changeToCandidate
2019-10-07 12:35:44,012 [Thread-3422] INFO  impl.RoleInfo (RoleInfo.java:updateAndGet(143)) - 661a6d90-43d1-4876-808a-83d8d1c749a3: start LeaderElection
2019-10-07 12:35:44,017 [9f9cdcd1-102b-49c8-8900-6ca02da15102@group-1D8B50DAA751-SegmentedRaftLogWorker] INFO  segmented.SegmentedRaftLogWorker (SegmentedRaftLogWorker.java:execute(574)) - 9f9cdcd1-102b-49c8-8900-6ca02da15102@group-1D8B50DAA751-SegmentedRaftLogWorker: created new log segment /workdir/hadoop-ozone/integration-test/target/test-dir/MiniOzoneClusterImpl-c08a8652-cb2a-478b-8eac-982176e8ab68/datanode-3/data/ratis/14b7d4c6-98d4-4469-9db5-1d8b50daa751/current/log_inprogress_0
2019-10-07 12:35:44,017 [Thread-3421] INFO  impl.FollowerState (FollowerState.java:run(108)) - 876b8d92-f219-477b-ab59-8aa0568d5cc7@group-78D009247DF8-FollowerState: change to CANDIDATE, lastRpcTime:5082ms, electionTimeout:5080ms
2019-10-07 12:35:44,017 [661a6d90-43d1-4876-808a-83d8d1c749a3@group-99A496EFCE2E-SegmentedRaftLogWorker] INFO  segmented.SegmentedRaftLogWorker (SegmentedRaftLogWorker.java:execute(574)) - 661a6d90-43d1-4876-808a-83d8d1c749a3@group-99A496EFCE2E-SegmentedRaftLogWorker: created new log segment /workdir/hadoop-ozone/integration-test/target/test-dir/MiniOzoneClusterImpl-c08a8652-cb2a-478b-8eac-982176e8ab68/datanode-6/data/ratis/2414d65d-fef1-4b31-bcbd-99a496efce2e/current/log_inprogress_0
2019-10-07 12:35:44,017 [Thread-3421] INFO  impl.RoleInfo (RoleInfo.java:shutdownFollowerState(121)) - 876b8d92-f219-477b-ab59-8aa0568d5cc7: shutdown FollowerState
2019-10-07 12:35:44,017 [Thread-3421] INFO  impl.RaftServerImpl (RaftServerImpl.java:setRole(170)) - 876b8d92-f219-477b-ab59-8aa0568d5cc7@group-78D009247DF8: changes role from  FOLLOWER to CANDIDATE at term 0 for changeToCandidate
2019-10-07 12:35:44,017 [Thread-3421] INFO  impl.RoleInfo (RoleInfo.java:updateAndGet(143)) - 876b8d92-f219-477b-ab59-8aa0568d5cc7: start LeaderElection
2019-10-07 12:35:44,030 [661a6d90-43d1-4876-808a-83d8d1c749a3@group-78D009247DF8-LeaderElection79] INFO  impl.LeaderElection (LeaderElection.java:askForVotes(178)) - 661a6d90-43d1-4876-808a-83d8d1c749a3@group-78D009247DF8-LeaderElection79: begin an election at term 1 for -1: [4f7f6616-3aeb-46f3-b4a4-91ec65e8d427:192.168.30.23:46315, 876b8d92-f219-477b-ab59-8aa0568d5cc7:192.168.30.23:38283, 661a6d90-43d1-4876-808a-83d8d1c749a3:192.168.30.23:36514], old=null
2019-10-07 12:35:44,030 [876b8d92-f219-477b-ab59-8aa0568d5cc7@group-78D009247DF8-LeaderElection80] INFO  impl.LeaderElection (LeaderElection.java:askForVotes(178)) - 876b8d92-f219-477b-ab59-8aa0568d5cc7@group-78D009247DF8-LeaderElection80: begin an election at term 1 for -1: [4f7f6616-3aeb-46f3-b4a4-91ec65e8d427:192.168.30.23:46315, 876b8d92-f219-477b-ab59-8aa0568d5cc7:192.168.30.23:38283, 661a6d90-43d1-4876-808a-83d8d1c749a3:192.168.30.23:36514], old=null
2019-10-07 12:35:44,034 [grpc-default-executor-6] INFO  impl.RaftServerImpl (RaftServerImpl.java:setRole(170)) - 4f7f6616-3aeb-46f3-b4a4-91ec65e8d427@group-78D009247DF8: changes role from  FOLLOWER to FOLLOWER at term 1 for recognizeCandidate:876b8d92-f219-477b-ab59-8aa0568d5cc7
2019-10-07 12:35:44,037 [grpc-default-executor-6] INFO  impl.RoleInfo (RoleInfo.java:shutdownFollowerState(121)) - 4f7f6616-3aeb-46f3-b4a4-91ec65e8d427: shutdown FollowerState
2019-10-07 12:35:44,037 [grpc-default-executor-6] INFO  impl.RoleInfo (RoleInfo.java:updateAndGet(143)) - 4f7f6616-3aeb-46f3-b4a4-91ec65e8d427: start FollowerState
2019-10-07 12:35:44,038 [Thread-3423] INFO  impl.FollowerState (FollowerState.java:run(117)) - 4f7f6616-3aeb-46f3-b4a4-91ec65e8d427@group-78D009247DF8-FollowerState was interrupted: java.lang.InterruptedException: sleep interrupted
2019-10-07 12:35:44,060 [661a6d90-43d1-4876-808a-83d8d1c749a3@group-78D009247DF8-LeaderElection79] INFO  impl.LeaderElection (LeaderElection.java:logAndReturn(56)) - 661a6d90-43d1-4876-808a-83d8d1c749a3@group-78D009247DF8-LeaderElection79: Election REJECTED; received 2 response(s) [661a6d90-43d1-4876-808a-83d8d1c749a3<-876b8d92-f219-477b-ab59-8aa0568d5cc7#0:FAIL-t1, 661a6d90-43d1-4876-808a-83d8d1c749a3<-4f7f6616-3aeb-46f3-b4a4-91ec65e8d427#0:FAIL-t1] and 0 exception(s); 661a6d90-43d1-4876-808a-83d8d1c749a3@group-78D009247DF8:t1, leader=null, voted=661a6d90-43d1-4876-808a-83d8d1c749a3, raftlog=661a6d90-43d1-4876-808a-83d8d1c749a3@group-78D009247DF8-SegmentedRaftLog:OPENED:c-1,f-1,i0, conf=-1: [4f7f6616-3aeb-46f3-b4a4-91ec65e8d427:192.168.30.23:46315, 876b8d92-f219-477b-ab59-8aa0568d5cc7:192.168.30.23:38283, 661a6d90-43d1-4876-808a-83d8d1c749a3:192.168.30.23:36514], old=null
2019-10-07 12:35:44,060 [661a6d90-43d1-4876-808a-83d8d1c749a3@group-78D009247DF8-LeaderElection79] INFO  impl.RaftServerImpl (RaftServerImpl.java:setRole(170)) - 661a6d90-43d1-4876-808a-83d8d1c749a3@group-78D009247DF8: changes role from CANDIDATE to FOLLOWER at term 1 for DISCOVERED_A_NEW_TERM
2019-10-07 12:35:44,060 [661a6d90-43d1-4876-808a-83d8d1c749a3@group-78D009247DF8-LeaderElection79] INFO  impl.RoleInfo (RoleInfo.java:shutdownLeaderElection(134)) - 661a6d90-43d1-4876-808a-83d8d1c749a3: shutdown LeaderElection
2019-10-07 12:35:44,060 [876b8d92-f219-477b-ab59-8aa0568d5cc7@group-78D009247DF8-LeaderElection80] INFO  impl.LeaderElection (LeaderElection.java:logAndReturn(56)) - 876b8d92-f219-477b-ab59-8aa0568d5cc7@group-78D009247DF8-LeaderElection80: Election PASSED; received 2 response(s) [876b8d92-f219-477b-ab59-8aa0568d5cc7<-4f7f6616-3aeb-46f3-b4a4-91ec65e8d427#0:OK-t1, 876b8d92-f219-477b-ab59-8aa0568d5cc7<-661a6d90-43d1-4876-808a-83d8d1c749a3#0:FAIL-t1] and 0 exception(s); 876b8d92-f219-477b-ab59-8aa0568d5cc7@group-78D009247DF8:t1, leader=null, voted=876b8d92-f219-477b-ab59-8aa0568d5cc7, raftlog=876b8d92-f219-477b-ab59-8aa0568d5cc7@group-78D009247DF8-SegmentedRaftLog:OPENED:c-1,f-1,i0, conf=-1: [4f7f6616-3aeb-46f3-b4a4-91ec65e8d427:192.168.30.23:46315, 876b8d92-f219-477b-ab59-8aa0568d5cc7:192.168.30.23:38283, 661a6d90-43d1-4876-808a-83d8d1c749a3:192.168.30.23:36514], old=null
2019-10-07 12:35:44,064 [661a6d90-43d1-4876-808a-83d8d1c749a3@group-78D009247DF8-LeaderElection79] INFO  impl.RoleInfo (RoleInfo.java:updateAndGet(143)) - 661a6d90-43d1-4876-808a-83d8d1c749a3: start FollowerState
2019-10-07 12:35:44,064 [876b8d92-f219-477b-ab59-8aa0568d5cc7@group-78D009247DF8-LeaderElection80] INFO  impl.RoleInfo (RoleInfo.java:shutdownLeaderElection(134)) - 876b8d92-f219-477b-ab59-8aa0568d5cc7: shutdown LeaderElection
2019-10-07 12:35:44,075 [876b8d92-f219-477b-ab59-8aa0568d5cc7@group-78D009247DF8-LeaderElection80] INFO  impl.RaftServerImpl (RaftServerImpl.java:setRole(170)) - 876b8d92-f219-477b-ab59-8aa0568d5cc7@group-78D009247DF8: changes role from CANDIDATE to LEADER at term 1 for changeToLeader
2019-10-07 12:35:44,075 [876b8d92-f219-477b-ab59-8aa0568d5cc7@group-78D009247DF8-LeaderElection80] INFO  impl.RaftServerImpl (ServerState.java:setLeader(255)) - 876b8d92-f219-477b-ab59-8aa0568d5cc7@group-78D009247DF8: change Leader from null to 876b8d92-f219-477b-ab59-8aa0568d5cc7 at term 1 for becomeLeader, leader elected after 5149ms
2019-10-07 12:35:44,075 [876b8d92-f219-477b-ab59-8aa0568d5cc7@group-78D009247DF8-LeaderElection80] INFO  server.RaftServerConfigKeys (ConfUtils.java:logGet(43)) - raft.server.staging.catchup.gap = 1000 (default)
2019-10-07 12:35:44,075 [876b8d92-f219-477b-ab59-8aa0568d5cc7@group-78D009247DF8-LeaderElection80] INFO  server.RaftServerConfigKeys (ConfUtils.java:logGet(43)) - raft.server.rpc.sleep.time = 25ms (default)
2019-10-07 12:35:44,075 [876b8d92-f219-477b-ab59-8aa0568d5cc7@group-78D009247DF8-LeaderElection80] INFO  server.RaftServerConfigKeys (ConfUtils.java:logGet(43)) - raft.server.write.element-limit = 4096 (default)
2019-10-07 12:35:44,075 [876b8d92-f219-477b-ab59-8aa0568d5cc7@group-78D009247DF8-LeaderElection80] INFO  server.RaftServerConfigKeys (ConfUtils.java:logGet(43)) - raft.server.watch.timeout = 10s (default)
2019-10-07 12:35:44,075 [876b8d92-f219-477b-ab59-8aa0568d5cc7@group-78D009247DF8-LeaderElection80] INFO  server.RaftServerConfigKeys (ConfUtils.java:logGet(43)) - raft.server.watch.timeout.denomination = 1s (default)
2019-10-07 12:35:44,076 [876b8d92-f219-477b-ab59-8aa0568d5cc7@group-78D009247DF8-LeaderElection80] INFO  server.RaftServerConfigKeys (ConfUtils.java:logGet(43)) - raft.server.watch.element-limit = 65536 (default)
2019-10-07 12:35:44,077 [876b8d92-f219-477b-ab59-8aa0568d5cc7@group-78D009247DF8-LeaderElection80] INFO  server.RaftServerConfigKeys (ConfUtils.java:logGet(43)) - raft.server.log.appender.snapshot.chunk.size.max = 16MB (=16777216) (default)
2019-10-07 12:35:44,078 [876b8d92-f219-477b-ab59-8aa0568d5cc7@group-78D009247DF8-LeaderElection80] INFO  server.RaftServerConfigKeys (ConfUtils.java:logGet(43)) - raft.server.log.appender.buffer.byte-limit = 33554432 (custom)
2019-10-07 12:35:44,078 [876b8d92-f219-477b-ab59-8aa0568d5cc7@group-78D009247DF8-LeaderElection80] INFO  server.RaftServerConfigKeys (ConfUtils.java:logGet(43)) - raft.server.log.appender.buffer.element-limit = 1 (custom)
2019-10-07 12:35:44,078 [876b8d92-f219-477b-ab59-8aa0568d5cc7@group-78D009247DF8-LeaderElection80] INFO  grpc.GrpcConfigKeys$Server (ConfUtils.java:logGet(43)) - raft.grpc.server.leader.outstanding.appends.max = 128 (default)
2019-10-07 12:35:44,078 [876b8d92-f219-477b-ab59-8aa0568d5cc7@group-78D009247DF8-LeaderElection80] INFO  server.RaftServerConfigKeys (ConfUtils.java:logGet(43)) - raft.server.rpc.request.timeout = 3000ms (default)
2019-10-07 12:35:44,078 [876b8d92-f219-477b-ab59-8aa0568d5cc7@group-78D009247DF8-LeaderElection80] INFO  server.RaftServerConfigKeys (ConfUtils.java:logGet(43)) - raft.server.log.appender.install.snapshot.enabled = false (custom)
2019-10-07 12:35:44,079 [876b8d92-f219-477b-ab59-8aa0568d5cc7@group-78D009247DF8-LeaderElection80] INFO  server.RaftServerConfigKeys (ConfUtils.java:logGet(43)) - raft.server.log.appender.snapshot.chunk.size.max = 16MB (=16777216) (default)
2019-10-07 12:35:44,079 [876b8d92-f219-477b-ab59-8aa0568d5cc7@group-78D009247DF8-LeaderElection80] INFO  server.RaftServerConfigKeys (ConfUtils.java:logGet(43)) - raft.server.log.appender.buffer.byte-limit = 33554432 (custom)
2019-10-07 12:35:44,079 [876b8d92-f219-477b-ab59-8aa0568d5cc7@group-78D009247DF8-LeaderElection80] INFO  server.RaftServerConfigKeys (ConfUtils.java:logGet(43)) - raft.server.log.appender.buffer.element-limit = 1 (custom)
2019-10-07 12:35:44,079 [876b8d92-f219-477b-ab59-8aa0568d5cc7@group-78D009247DF8-LeaderElection80] INFO  grpc.GrpcConfigKeys$Server (ConfUtils.java:logGet(43)) - raft.grpc.server.leader.outstanding.appends.max = 128 (default)
2019-10-07 12:35:44,079 [876b8d92-f219-477b-ab59-8aa0568d5cc7@group-78D009247DF8-LeaderElection80] INFO  server.RaftServerConfigKeys (ConfUtils.java:logGet(43)) - raft.server.rpc.request.timeout = 3000ms (default)
2019-10-07 12:35:44,080 [876b8d92-f219-477b-ab59-8aa0568d5cc7@group-78D009247DF8-LeaderElection80] INFO  server.RaftServerConfigKeys (ConfUtils.java:logGet(43)) - raft.server.log.appender.install.snapshot.enabled = false (custom)
2019-10-07 12:35:44,080 [876b8d92-f219-477b-ab59-8aa0568d5cc7@group-78D009247DF8-LeaderElection80] INFO  impl.RoleInfo (RoleInfo.java:updateAndGet(143)) - 876b8d92-f219-477b-ab59-8aa0568d5cc7: start LeaderState
2019-10-07 12:35:44,080 [876b8d92-f219-477b-ab59-8aa0568d5cc7@group-78D009247DF8-LeaderElection80] INFO  segmented.SegmentedRaftLogWorker (SegmentedRaftLogWorker.java:startLogSegment(385)) - 876b8d92-f219-477b-ab59-8aa0568d5cc7@group-78D009247DF8-SegmentedRaftLogWorker: Starting segment from index:0
2019-10-07 12:35:44,081 [876b8d92-f219-477b-ab59-8aa0568d5cc7@group-78D009247DF8-LeaderElection80] INFO  impl.RaftServerImpl (ServerState.java:setRaftConf(356)) - 876b8d92-f219-477b-ab59-8aa0568d5cc7@group-78D009247DF8: set configuration 0: [4f7f6616-3aeb-46f3-b4a4-91ec65e8d427:192.168.30.23:46315, 876b8d92-f219-477b-ab59-8aa0568d5cc7:192.168.30.23:38283, 661a6d90-43d1-4876-808a-83d8d1c749a3:192.168.30.23:36514], old=null at 0
2019-10-07 12:35:44,082 [grpc-default-executor-6] INFO  impl.RaftServerImpl (ServerState.java:setLeader(255)) - 661a6d90-43d1-4876-808a-83d8d1c749a3@group-78D009247DF8: change Leader from null to 876b8d92-f219-477b-ab59-8aa0568d5cc7 at term 1 for appendEntries, leader elected after 5156ms
2019-10-07 12:35:44,082 [grpc-default-executor-2] INFO  impl.RaftServerImpl (ServerState.java:setLeader(255)) - 4f7f6616-3aeb-46f3-b4a4-91ec65e8d427@group-78D009247DF8: change Leader from null to 876b8d92-f219-477b-ab59-8aa0568d5cc7 at term 1 for appendEntries, leader elected after 5157ms
2019-10-07 12:35:44,110 [grpc-default-executor-2] INFO  impl.RaftServerImpl (ServerState.java:setRaftConf(356)) - 661a6d90-43d1-4876-808a-83d8d1c749a3@group-78D009247DF8: set configuration 0: [4f7f6616-3aeb-46f3-b4a4-91ec65e8d427:192.168.30.23:46315, 876b8d92-f219-477b-ab59-8aa0568d5cc7:192.168.30.23:38283, 661a6d90-43d1-4876-808a-83d8d1c749a3:192.168.30.23:36514], old=null at 0
2019-10-07 12:35:44,111 [grpc-default-executor-6] INFO  impl.RaftServerImpl (ServerState.java:setRaftConf(356)) - 4f7f6616-3aeb-46f3-b4a4-91ec65e8d427@group-78D009247DF8: set configuration 0: [4f7f6616-3aeb-46f3-b4a4-91ec65e8d427:192.168.30.23:46315, 876b8d92-f219-477b-ab59-8aa0568d5cc7:192.168.30.23:38283, 661a6d90-43d1-4876-808a-83d8d1c749a3:192.168.30.23:36514], old=null at 0
2019-10-07 12:35:44,111 [grpc-default-executor-2] INFO  segmented.SegmentedRaftLogWorker (SegmentedRaftLogWorker.java:startLogSegment(385)) - 661a6d90-43d1-4876-808a-83d8d1c749a3@group-78D009247DF8-SegmentedRaftLogWorker: Starting segment from index:0
2019-10-07 12:35:44,111 [grpc-default-executor-6] INFO  segmented.SegmentedRaftLogWorker (SegmentedRaftLogWorker.java:startLogSegment(385)) - 4f7f6616-3aeb-46f3-b4a4-91ec65e8d427@group-78D009247DF8-SegmentedRaftLogWorker: Starting segment from index:0
2019-10-07 12:35:44,121 [876b8d92-f219-477b-ab59-8aa0568d5cc7@group-78D009247DF8-SegmentedRaftLogWorker] INFO  segmented.SegmentedRaftLogWorker (SegmentedRaftLogWorker.java:execute(574)) - 876b8d92-f219-477b-ab59-8aa0568d5cc7@group-78D009247DF8-SegmentedRaftLogWorker: created new log segment /workdir/hadoop-ozone/integration-test/target/test-dir/MiniOzoneClusterImpl-c08a8652-cb2a-478b-8eac-982176e8ab68/datanode-4/data/ratis/b7112e3e-ca61-4427-839e-78d009247df8/current/log_inprogress_0
2019-10-07 12:35:44,158 [4f7f6616-3aeb-46f3-b4a4-91ec65e8d427@group-78D009247DF8-SegmentedRaftLogWorker] INFO  segmented.SegmentedRaftLogWorker (SegmentedRaftLogWorker.java:execute(574)) - 4f7f6616-3aeb-46f3-b4a4-91ec65e8d427@group-78D009247DF8-SegmentedRaftLogWorker: created new log segment /workdir/hadoop-ozone/integration-test/target/test-dir/MiniOzoneClusterImpl-c08a8652-cb2a-478b-8eac-982176e8ab68/datanode-5/data/ratis/b7112e3e-ca61-4427-839e-78d009247df8/current/log_inprogress_0
2019-10-07 12:35:44,158 [661a6d90-43d1-4876-808a-83d8d1c749a3@group-78D009247DF8-SegmentedRaftLogWorker] INFO  segmented.SegmentedRaftLogWorker (SegmentedRaftLogWorker.java:execute(574)) - 661a6d90-43d1-4876-808a-83d8d1c749a3@group-78D009247DF8-SegmentedRaftLogWorker: created new log segment /workdir/hadoop-ozone/integration-test/target/test-dir/MiniOzoneClusterImpl-c08a8652-cb2a-478b-8eac-982176e8ab68/datanode-6/data/ratis/b7112e3e-ca61-4427-839e-78d009247df8/current/log_inprogress_0
2019-10-07 12:35:45,245 [EventQueue-CloseContainerForCloseContainerEventHandler] INFO  container.CloseContainerEventHandler (CloseContainerEventHandler.java:onMessage(61)) - Close container Event triggered for container : #1
2019-10-07 12:35:45,245 [EventQueue-CloseContainerForCloseContainerEventHandler] INFO  container.CloseContainerEventHandler (CloseContainerEventHandler.java:onMessage(61)) - Close container Event triggered for container : #1
2019-10-07 12:35:45,245 [EventQueue-CloseContainerForCloseContainerEventHandler] INFO  container.CloseContainerEventHandler (CloseContainerEventHandler.java:onMessage(61)) - Close container Event triggered for container : #1
2019-10-07 12:35:47,219 [RatisApplyTransactionExecutor 1] INFO  interfaces.Container (KeyValueContainer.java:flushAndSyncDB(386)) - Container 1 is synced with bcsId 4.
2019-10-07 12:35:47,220 [RatisApplyTransactionExecutor 1] INFO  interfaces.Container (KeyValueContainer.java:flushAndSyncDB(386)) - Container 1 is synced with bcsId 4.
2019-10-07 12:35:47,220 [RatisApplyTransactionExecutor 1] INFO  interfaces.Container (KeyValueContainer.java:flushAndSyncDB(386)) - Container 1 is synced with bcsId 4.
2019-10-07 12:35:47,220 [RatisApplyTransactionExecutor 1] INFO  interfaces.Container (KeyValueContainer.java:flushAndSyncDB(386)) - Container 1 is synced with bcsId 4.
2019-10-07 12:35:47,220 [RatisApplyTransactionExecutor 1] INFO  interfaces.Container (KeyValueContainer.java:flushAndSyncDB(386)) - Container 1 is synced with bcsId 4.
2019-10-07 12:35:47,220 [RatisApplyTransactionExecutor 1] INFO  interfaces.Container (KeyValueContainer.java:flushAndSyncDB(386)) - Container 1 is synced with bcsId 4.
2019-10-07 12:35:47,235 [RatisApplyTransactionExecutor 1] INFO  interfaces.Container (KeyValueContainer.java:close(335)) - Container 1 is closed with bcsId 4.
2019-10-07 12:35:47,235 [RatisApplyTransactionExecutor 1] INFO  interfaces.Container (KeyValueContainer.java:close(335)) - Container 1 is closed with bcsId 4.
2019-10-07 12:35:47,235 [RatisApplyTransactionExecutor 1] INFO  interfaces.Container (KeyValueContainer.java:close(335)) - Container 1 is closed with bcsId 4.
2019-10-07 12:35:47,236 [EventQueue-IncrementalContainerReportForIncrementalContainerReportHandler] INFO  container.IncrementalContainerReportHandler (AbstractContainerReportHandler.java:updateContainerState(176)) - Moving container #1 to CLOSED state, datanode 4f7f6616-3aeb-46f3-b4a4-91ec65e8d427{ip: 192.168.30.23, host: pr-hdds-2262-rg9fl-2107095119, networkLocation: /default-rack, certSerialId: null} reported CLOSED replica.
12:35:47.251 [grpc-default-executor-9] ERROR DNAudit - user=null | ip=null | op=WRITE_CHUNK {blockData=conID: 1 locID: 102921125227659280 bcsId: 4} | ret=FAILURE
org.apache.hadoop.hdds.scm.container.common.helpers.ContainerNotOpenException: Container 1 in CLOSED state
	at org.apache.hadoop.ozone.container.common.impl.HddsDispatcher.validateContainerCommand(HddsDispatcher.java:434) ~[hadoop-hdds-container-service-0.5.0-SNAPSHOT.jar:?]
	at org.apache.hadoop.ozone.container.common.transport.server.ratis.ContainerStateMachine.startTransaction(ContainerStateMachine.java:320) ~[hadoop-hdds-container-service-0.5.0-SNAPSHOT.jar:?]
	at org.apache.ratis.server.impl.RaftServerImpl.submitClientRequestAsync(RaftServerImpl.java:569) ~[ratis-server-0.5.0-201fc85-SNAPSHOT.jar:0.5.0-201fc85-SNAPSHOT]
	at org.apache.ratis.server.impl.RaftServerProxy.lambda$submitClientRequestAsync$7(RaftServerProxy.java:333) ~[ratis-server-0.5.0-201fc85-SNAPSHOT.jar:0.5.0-201fc85-SNAPSHOT]
	at org.apache.ratis.server.impl.RaftServerProxy.lambda$null$5(RaftServerProxy.java:328) ~[ratis-server-0.5.0-201fc85-SNAPSHOT.jar:0.5.0-201fc85-SNAPSHOT]
	at org.apache.ratis.util.JavaUtils.callAsUnchecked(JavaUtils.java:109) ~[ratis-common-0.5.0-201fc85-SNAPSHOT.jar:0.5.0-201fc85-SNAPSHOT]
	at org.apache.ratis.server.impl.RaftServerProxy.lambda$submitRequest$6(RaftServerProxy.java:328) ~[ratis-server-0.5.0-201fc85-SNAPSHOT.jar:0.5.0-201fc85-SNAPSHOT]
	at java.util.concurrent.CompletableFuture.uniComposeStage(CompletableFuture.java:981) ~[?:1.8.0_212]
	at java.util.concurrent.CompletableFuture.thenCompose(CompletableFuture.java:2124) ~[?:1.8.0_212]
	at org.apache.ratis.server.impl.RaftServerProxy.submitRequest(RaftServerProxy.java:327) ~[ratis-server-0.5.0-201fc85-SNAPSHOT.jar:0.5.0-201fc85-SNAPSHOT]
	at org.apache.ratis.server.impl.RaftServerProxy.submitClientRequestAsync(RaftServerProxy.java:333) ~[ratis-server-0.5.0-201fc85-SNAPSHOT.jar:0.5.0-201fc85-SNAPSHOT]
	at org.apache.ratis.grpc.client.GrpcClientProtocolService$RequestStreamObserver.processClientRequest(GrpcClientProtocolService.java:220) ~[ratis-grpc-0.5.0-201fc85-SNAPSHOT.jar:0.5.0-201fc85-SNAPSHOT]
	at org.apache.ratis.grpc.client.GrpcClientProtocolService$OrderedRequestStreamObserver.processClientRequest(GrpcClientProtocolService.java:326) ~[ratis-grpc-0.5.0-201fc85-SNAPSHOT.jar:0.5.0-201fc85-SNAPSHOT]
	at org.apache.ratis.util.SlidingWindow$Server.processRequestsFromHead(SlidingWindow.java:429) [ratis-common-0.5.0-201fc85-SNAPSHOT.jar:0.5.0-201fc85-SNAPSHOT]
	at org.apache.ratis.util.SlidingWindow$Server.receivedRequest(SlidingWindow.java:421) [ratis-common-0.5.0-201fc85-SNAPSHOT.jar:0.5.0-201fc85-SNAPSHOT]
	at org.apache.ratis.grpc.client.GrpcClientProtocolService$OrderedRequestStreamObserver.processClientRequest(GrpcClientProtocolService.java:345) [ratis-grpc-0.5.0-201fc85-SNAPSHOT.jar:0.5.0-201fc85-SNAPSHOT]
	at org.apache.ratis.grpc.client.GrpcClientProtocolService$RequestStreamObserver.onNext(GrpcClientProtocolService.java:240) [ratis-grpc-0.5.0-201fc85-SNAPSHOT.jar:0.5.0-201fc85-SNAPSHOT]
	at org.apache.ratis.grpc.client.GrpcClientProtocolService$RequestStreamObserver.onNext(GrpcClientProtocolService.java:168) [ratis-grpc-0.5.0-201fc85-SNAPSHOT.jar:0.5.0-201fc85-SNAPSHOT]
	at org.apache.ratis.thirdparty.io.grpc.stub.ServerCalls$StreamingServerCallHandler$StreamingServerCallListener.onMessage(ServerCalls.java:248) [ratis-thirdparty-misc-0.2.0.jar:0.2.0]
	at org.apache.ratis.thirdparty.io.grpc.internal.ServerCallImpl$ServerStreamListenerImpl.messagesAvailable(ServerCallImpl.java:263) [ratis-thirdparty-misc-0.2.0.jar:0.2.0]
	at org.apache.ratis.thirdparty.io.grpc.internal.ServerImpl$JumpToApplicationThreadServerStreamListener$1MessagesAvailable.runInContext(ServerImpl.java:686) [ratis-thirdparty-misc-0.2.0.jar:0.2.0]
	at org.apache.ratis.thirdparty.io.grpc.internal.ContextRunnable.run(ContextRunnable.java:37) [ratis-thirdparty-misc-0.2.0.jar:0.2.0]
	at org.apache.ratis.thirdparty.io.grpc.internal.SerializingExecutor.run(SerializingExecutor.java:123) [ratis-thirdparty-misc-0.2.0.jar:0.2.0]
	at java.util.concurrent.ThreadPoolExecutor.runWorker(ThreadPoolExecutor.java:1149) [?:1.8.0_212]
	at java.util.concurrent.ThreadPoolExecutor$Worker.run(ThreadPoolExecutor.java:624) [?:1.8.0_212]
	at java.lang.Thread.run(Thread.java:748) [?:1.8.0_212]
12:35:47.262 [grpc-default-executor-9] ERROR DNAudit - user=null | ip=null | op=WRITE_CHUNK {blockData=conID: 1 locID: 102921125227659280 bcsId: 4} | ret=FAILURE
org.apache.hadoop.hdds.scm.container.common.helpers.ContainerNotOpenException: Container 1 in CLOSED state
	at org.apache.hadoop.ozone.container.common.impl.HddsDispatcher.validateContainerCommand(HddsDispatcher.java:434) ~[hadoop-hdds-container-service-0.5.0-SNAPSHOT.jar:?]
	at org.apache.hadoop.ozone.container.common.transport.server.ratis.ContainerStateMachine.startTransaction(ContainerStateMachine.java:320) ~[hadoop-hdds-container-service-0.5.0-SNAPSHOT.jar:?]
	at org.apache.ratis.server.impl.RaftServerImpl.submitClientRequestAsync(RaftServerImpl.java:569) ~[ratis-server-0.5.0-201fc85-SNAPSHOT.jar:0.5.0-201fc85-SNAPSHOT]
	at org.apache.ratis.server.impl.RaftServerProxy.lambda$submitClientRequestAsync$7(RaftServerProxy.java:333) ~[ratis-server-0.5.0-201fc85-SNAPSHOT.jar:0.5.0-201fc85-SNAPSHOT]
	at org.apache.ratis.server.impl.RaftServerProxy.lambda$null$5(RaftServerProxy.java:328) ~[ratis-server-0.5.0-201fc85-SNAPSHOT.jar:0.5.0-201fc85-SNAPSHOT]
	at org.apache.ratis.util.JavaUtils.callAsUnchecked(JavaUtils.java:109) ~[ratis-common-0.5.0-201fc85-SNAPSHOT.jar:0.5.0-201fc85-SNAPSHOT]
	at org.apache.ratis.server.impl.RaftServerProxy.lambda$submitRequest$6(RaftServerProxy.java:328) ~[ratis-server-0.5.0-201fc85-SNAPSHOT.jar:0.5.0-201fc85-SNAPSHOT]
	at java.util.concurrent.CompletableFuture.uniComposeStage(CompletableFuture.java:981) ~[?:1.8.0_212]
	at java.util.concurrent.CompletableFuture.thenCompose(CompletableFuture.java:2124) ~[?:1.8.0_212]
	at org.apache.ratis.server.impl.RaftServerProxy.submitRequest(RaftServerProxy.java:327) ~[ratis-server-0.5.0-201fc85-SNAPSHOT.jar:0.5.0-201fc85-SNAPSHOT]
	at org.apache.ratis.server.impl.RaftServerProxy.submitClientRequestAsync(RaftServerProxy.java:333) ~[ratis-server-0.5.0-201fc85-SNAPSHOT.jar:0.5.0-201fc85-SNAPSHOT]
	at org.apache.ratis.grpc.client.GrpcClientProtocolService$RequestStreamObserver.processClientRequest(GrpcClientProtocolService.java:220) ~[ratis-grpc-0.5.0-201fc85-SNAPSHOT.jar:0.5.0-201fc85-SNAPSHOT]
	at org.apache.ratis.grpc.client.GrpcClientProtocolService$OrderedRequestStreamObserver.processClientRequest(GrpcClientProtocolService.java:326) ~[ratis-grpc-0.5.0-201fc85-SNAPSHOT.jar:0.5.0-201fc85-SNAPSHOT]
	at org.apache.ratis.util.SlidingWindow$Server.processRequestsFromHead(SlidingWindow.java:429) [ratis-common-0.5.0-201fc85-SNAPSHOT.jar:0.5.0-201fc85-SNAPSHOT]
	at org.apache.ratis.util.SlidingWindow$Server.receivedRequest(SlidingWindow.java:421) [ratis-common-0.5.0-201fc85-SNAPSHOT.jar:0.5.0-201fc85-SNAPSHOT]
	at org.apache.ratis.grpc.client.GrpcClientProtocolService$OrderedRequestStreamObserver.processClientRequest(GrpcClientProtocolService.java:345) [ratis-grpc-0.5.0-201fc85-SNAPSHOT.jar:0.5.0-201fc85-SNAPSHOT]
	at org.apache.ratis.grpc.client.GrpcClientProtocolService$RequestStreamObserver.onNext(GrpcClientProtocolService.java:240) [ratis-grpc-0.5.0-201fc85-SNAPSHOT.jar:0.5.0-201fc85-SNAPSHOT]
	at org.apache.ratis.grpc.client.GrpcClientProtocolService$RequestStreamObserver.onNext(GrpcClientProtocolService.java:168) [ratis-grpc-0.5.0-201fc85-SNAPSHOT.jar:0.5.0-201fc85-SNAPSHOT]
	at org.apache.ratis.thirdparty.io.grpc.stub.ServerCalls$StreamingServerCallHandler$StreamingServerCallListener.onMessage(ServerCalls.java:248) [ratis-thirdparty-misc-0.2.0.jar:0.2.0]
	at org.apache.ratis.thirdparty.io.grpc.internal.ServerCallImpl$ServerStreamListenerImpl.messagesAvailable(ServerCallImpl.java:263) [ratis-thirdparty-misc-0.2.0.jar:0.2.0]
	at org.apache.ratis.thirdparty.io.grpc.internal.ServerImpl$JumpToApplicationThreadServerStreamListener$1MessagesAvailable.runInContext(ServerImpl.java:686) [ratis-thirdparty-misc-0.2.0.jar:0.2.0]
	at org.apache.ratis.thirdparty.io.grpc.internal.ContextRunnable.run(ContextRunnable.java:37) [ratis-thirdparty-misc-0.2.0.jar:0.2.0]
	at org.apache.ratis.thirdparty.io.grpc.internal.SerializingExecutor.run(SerializingExecutor.java:123) [ratis-thirdparty-misc-0.2.0.jar:0.2.0]
	at java.util.concurrent.ThreadPoolExecutor.runWorker(ThreadPoolExecutor.java:1149) [?:1.8.0_212]
	at java.util.concurrent.ThreadPoolExecutor$Worker.run(ThreadPoolExecutor.java:624) [?:1.8.0_212]
	at java.lang.Thread.run(Thread.java:748) [?:1.8.0_212]
12:35:47.275 [grpc-default-executor-9] ERROR DNAudit - user=null | ip=null | op=PUT_BLOCK {blockData=[blockId=conID: 1 locID: 102921125227659280 bcsId: 0,size=334]} | ret=FAILURE
org.apache.hadoop.hdds.scm.container.common.helpers.ContainerNotOpenException: Container 1 in CLOSED state
	at org.apache.hadoop.ozone.container.common.impl.HddsDispatcher.validateContainerCommand(HddsDispatcher.java:434) ~[hadoop-hdds-container-service-0.5.0-SNAPSHOT.jar:?]
	at org.apache.hadoop.ozone.container.common.transport.server.ratis.ContainerStateMachine.startTransaction(ContainerStateMachine.java:320) ~[hadoop-hdds-container-service-0.5.0-SNAPSHOT.jar:?]
	at org.apache.ratis.server.impl.RaftServerImpl.submitClientRequestAsync(RaftServerImpl.java:569) ~[ratis-server-0.5.0-201fc85-SNAPSHOT.jar:0.5.0-201fc85-SNAPSHOT]
	at org.apache.ratis.server.impl.RaftServerProxy.lambda$submitClientRequestAsync$7(RaftServerProxy.java:333) ~[ratis-server-0.5.0-201fc85-SNAPSHOT.jar:0.5.0-201fc85-SNAPSHOT]
	at org.apache.ratis.server.impl.RaftServerProxy.lambda$null$5(RaftServerProxy.java:328) ~[ratis-server-0.5.0-201fc85-SNAPSHOT.jar:0.5.0-201fc85-SNAPSHOT]
	at org.apache.ratis.util.JavaUtils.callAsUnchecked(JavaUtils.java:109) ~[ratis-common-0.5.0-201fc85-SNAPSHOT.jar:0.5.0-201fc85-SNAPSHOT]
	at org.apache.ratis.server.impl.RaftServerProxy.lambda$submitRequest$6(RaftServerProxy.java:328) ~[ratis-server-0.5.0-201fc85-SNAPSHOT.jar:0.5.0-201fc85-SNAPSHOT]
	at java.util.concurrent.CompletableFuture.uniComposeStage(CompletableFuture.java:981) ~[?:1.8.0_212]
	at java.util.concurrent.CompletableFuture.thenCompose(CompletableFuture.java:2124) ~[?:1.8.0_212]
	at org.apache.ratis.server.impl.RaftServerProxy.submitRequest(RaftServerProxy.java:327) ~[ratis-server-0.5.0-201fc85-SNAPSHOT.jar:0.5.0-201fc85-SNAPSHOT]
	at org.apache.ratis.server.impl.RaftServerProxy.submitClientRequestAsync(RaftServerProxy.java:333) ~[ratis-server-0.5.0-201fc85-SNAPSHOT.jar:0.5.0-201fc85-SNAPSHOT]
	at org.apache.ratis.grpc.client.GrpcClientProtocolService$RequestStreamObserver.processClientRequest(GrpcClientProtocolService.java:220) ~[ratis-grpc-0.5.0-201fc85-SNAPSHOT.jar:0.5.0-201fc85-SNAPSHOT]
	at org.apache.ratis.grpc.client.GrpcClientProtocolService$OrderedRequestStreamObserver.processClientRequest(GrpcClientProtocolService.java:326) ~[ratis-grpc-0.5.0-201fc85-SNAPSHOT.jar:0.5.0-201fc85-SNAPSHOT]
	at org.apache.ratis.util.SlidingWindow$Server.processRequestsFromHead(SlidingWindow.java:429) [ratis-common-0.5.0-201fc85-SNAPSHOT.jar:0.5.0-201fc85-SNAPSHOT]
	at org.apache.ratis.util.SlidingWindow$Server.receivedRequest(SlidingWindow.java:421) [ratis-common-0.5.0-201fc85-SNAPSHOT.jar:0.5.0-201fc85-SNAPSHOT]
	at org.apache.ratis.grpc.client.GrpcClientProtocolService$OrderedRequestStreamObserver.processClientRequest(GrpcClientProtocolService.java:345) [ratis-grpc-0.5.0-201fc85-SNAPSHOT.jar:0.5.0-201fc85-SNAPSHOT]
	at org.apache.ratis.grpc.client.GrpcClientProtocolService$RequestStreamObserver.onNext(GrpcClientProtocolService.java:240) [ratis-grpc-0.5.0-201fc85-SNAPSHOT.jar:0.5.0-201fc85-SNAPSHOT]
	at org.apache.ratis.grpc.client.GrpcClientProtocolService$RequestStreamObserver.onNext(GrpcClientProtocolService.java:168) [ratis-grpc-0.5.0-201fc85-SNAPSHOT.jar:0.5.0-201fc85-SNAPSHOT]
	at org.apache.ratis.thirdparty.io.grpc.stub.ServerCalls$StreamingServerCallHandler$StreamingServerCallListener.onMessage(ServerCalls.java:248) [ratis-thirdparty-misc-0.2.0.jar:0.2.0]
	at org.apache.ratis.thirdparty.io.grpc.internal.ServerCallImpl$ServerStreamListenerImpl.messagesAvailable(ServerCallImpl.java:263) [ratis-thirdparty-misc-0.2.0.jar:0.2.0]
	at org.apache.ratis.thirdparty.io.grpc.internal.ServerImpl$JumpToApplicationThreadServerStreamListener$1MessagesAvailable.runInContext(ServerImpl.java:686) [ratis-thirdparty-misc-0.2.0.jar:0.2.0]
	at org.apache.ratis.thirdparty.io.grpc.internal.ContextRunnable.run(ContextRunnable.java:37) [ratis-thirdparty-misc-0.2.0.jar:0.2.0]
	at org.apache.ratis.thirdparty.io.grpc.internal.SerializingExecutor.run(SerializingExecutor.java:123) [ratis-thirdparty-misc-0.2.0.jar:0.2.0]
	at java.util.concurrent.ThreadPoolExecutor.runWorker(ThreadPoolExecutor.java:1149) [?:1.8.0_212]
	at java.util.concurrent.ThreadPoolExecutor$Worker.run(ThreadPoolExecutor.java:624) [?:1.8.0_212]
	at java.lang.Thread.run(Thread.java:748) [?:1.8.0_212]
2019-10-07 12:35:48,473 [main] WARN  scm.XceiverClientRatis (XceiverClientRatis.java:watchForCommit(269)) - 3 way commit failed on pipeline Pipeline[ Id: b7112e3e-ca61-4427-839e-78d009247df8, Nodes: 4f7f6616-3aeb-46f3-b4a4-91ec65e8d427{ip: 192.168.30.23, host: pr-hdds-2262-rg9fl-2107095119, networkLocation: /default-rack, certSerialId: null}876b8d92-f219-477b-ab59-8aa0568d5cc7{ip: 192.168.30.23, host: pr-hdds-2262-rg9fl-2107095119, networkLocation: /default-rack, certSerialId: null}661a6d90-43d1-4876-808a-83d8d1c749a3{ip: 192.168.30.23, host: pr-hdds-2262-rg9fl-2107095119, networkLocation: /default-rack, certSerialId: null}, Type:RATIS, Factor:THREE, State:OPEN]
java.util.concurrent.TimeoutException
	at java.util.concurrent.CompletableFuture.timedGet(CompletableFuture.java:1771)
	at java.util.concurrent.CompletableFuture.get(CompletableFuture.java:1915)
	at org.apache.hadoop.hdds.scm.XceiverClientRatis.watchForCommit(XceiverClientRatis.java:266)
	at org.apache.hadoop.hdds.scm.storage.CommitWatcher.watchForCommit(CommitWatcher.java:194)
	at org.apache.hadoop.hdds.scm.storage.CommitWatcher.watchOnLastIndex(CommitWatcher.java:157)
	at org.apache.hadoop.hdds.scm.storage.BlockOutputStream.watchForCommit(BlockOutputStream.java:347)
	at org.apache.hadoop.hdds.scm.storage.BlockOutputStream.handleFlush(BlockOutputStream.java:479)
	at org.apache.hadoop.hdds.scm.storage.BlockOutputStream.flush(BlockOutputStream.java:428)
	at org.apache.hadoop.ozone.client.io.BlockOutputStreamEntry.flush(BlockOutputStreamEntry.java:136)
	at org.apache.hadoop.ozone.client.io.KeyOutputStream.handleFlushOrClose(KeyOutputStream.java:443)
	at org.apache.hadoop.ozone.client.io.KeyOutputStream.flush(KeyOutputStream.java:397)
	at org.apache.hadoop.ozone.client.io.OzoneOutputStream.flush(OzoneOutputStream.java:54)
	at org.apache.hadoop.ozone.client.rpc.TestBlockOutputStreamWithFailures.testFailureWithPrimeSizedData(TestBlockOutputStreamWithFailures.java:633)
	at sun.reflect.NativeMethodAccessorImpl.invoke0(Native Method)
	at sun.reflect.NativeMethodAccessorImpl.invoke(NativeMethodAccessorImpl.java:62)
	at sun.reflect.DelegatingMethodAccessorImpl.invoke(DelegatingMethodAccessorImpl.java:43)
	at java.lang.reflect.Method.invoke(Method.java:498)
	at org.junit.runners.model.FrameworkMethod$1.runReflectiveCall(FrameworkMethod.java:47)
	at org.junit.internal.runners.model.ReflectiveCallable.run(ReflectiveCallable.java:12)
	at org.junit.runners.model.FrameworkMethod.invokeExplosively(FrameworkMethod.java:44)
	at org.junit.internal.runners.statements.InvokeMethod.evaluate(InvokeMethod.java:17)
	at org.junit.internal.runners.statements.RunBefores.evaluate(RunBefores.java:26)
	at org.junit.internal.runners.statements.RunAfters.evaluate(RunAfters.java:27)
	at org.junit.runners.ParentRunner.runLeaf(ParentRunner.java:271)
	at org.junit.runners.BlockJUnit4ClassRunner.runChild(BlockJUnit4ClassRunner.java:70)
	at org.junit.runners.BlockJUnit4ClassRunner.runChild(BlockJUnit4ClassRunner.java:50)
	at org.junit.runners.ParentRunner$3.run(ParentRunner.java:238)
	at org.junit.runners.ParentRunner$1.schedule(ParentRunner.java:63)
	at org.junit.runners.ParentRunner.runChildren(ParentRunner.java:236)
	at org.junit.runners.ParentRunner.access$000(ParentRunner.java:53)
	at org.junit.runners.ParentRunner$2.evaluate(ParentRunner.java:229)
	at org.junit.runners.ParentRunner.run(ParentRunner.java:309)
	at org.apache.maven.surefire.junit4.JUnit4Provider.execute(JUnit4Provider.java:365)
	at org.apache.maven.surefire.junit4.JUnit4Provider.executeWithRerun(JUnit4Provider.java:273)
	at org.apache.maven.surefire.junit4.JUnit4Provider.executeTestSet(JUnit4Provider.java:238)
	at org.apache.maven.surefire.junit4.JUnit4Provider.invoke(JUnit4Provider.java:159)
	at org.apache.maven.surefire.booter.ForkedBooter.invokeProviderInSameClassLoader(ForkedBooter.java:384)
	at org.apache.maven.surefire.booter.ForkedBooter.runSuitesInProcess(ForkedBooter.java:345)
	at org.apache.maven.surefire.booter.ForkedBooter.execute(ForkedBooter.java:126)
	at org.apache.maven.surefire.booter.ForkedBooter.main(ForkedBooter.java:418)
2019-10-07 12:35:49,477 [main] WARN  storage.CommitWatcher (CommitWatcher.java:watchForCommit(203)) - watchForCommit failed for index 11
java.util.concurrent.TimeoutException
	at java.util.concurrent.CompletableFuture.timedGet(CompletableFuture.java:1771)
	at java.util.concurrent.CompletableFuture.get(CompletableFuture.java:1915)
	at org.apache.hadoop.hdds.scm.XceiverClientRatis.watchForCommit(XceiverClientRatis.java:275)
	at org.apache.hadoop.hdds.scm.storage.CommitWatcher.watchForCommit(CommitWatcher.java:194)
	at org.apache.hadoop.hdds.scm.storage.CommitWatcher.watchOnLastIndex(CommitWatcher.java:157)
	at org.apache.hadoop.hdds.scm.storage.BlockOutputStream.watchForCommit(BlockOutputStream.java:347)
	at org.apache.hadoop.hdds.scm.storage.BlockOutputStream.handleFlush(BlockOutputStream.java:479)
	at org.apache.hadoop.hdds.scm.storage.BlockOutputStream.flush(BlockOutputStream.java:428)
	at org.apache.hadoop.ozone.client.io.BlockOutputStreamEntry.flush(BlockOutputStreamEntry.java:136)
	at org.apache.hadoop.ozone.client.io.KeyOutputStream.handleFlushOrClose(KeyOutputStream.java:443)
	at org.apache.hadoop.ozone.client.io.KeyOutputStream.flush(KeyOutputStream.java:397)
	at org.apache.hadoop.ozone.client.io.OzoneOutputStream.flush(OzoneOutputStream.java:54)
	at org.apache.hadoop.ozone.client.rpc.TestBlockOutputStreamWithFailures.testFailureWithPrimeSizedData(TestBlockOutputStreamWithFailures.java:633)
	at sun.reflect.NativeMethodAccessorImpl.invoke0(Native Method)
	at sun.reflect.NativeMethodAccessorImpl.invoke(NativeMethodAccessorImpl.java:62)
	at sun.reflect.DelegatingMethodAccessorImpl.invoke(DelegatingMethodAccessorImpl.java:43)
	at java.lang.reflect.Method.invoke(Method.java:498)
	at org.junit.runners.model.FrameworkMethod$1.runReflectiveCall(FrameworkMethod.java:47)
	at org.junit.internal.runners.model.ReflectiveCallable.run(ReflectiveCallable.java:12)
	at org.junit.runners.model.FrameworkMethod.invokeExplosively(FrameworkMethod.java:44)
	at org.junit.internal.runners.statements.InvokeMethod.evaluate(InvokeMethod.java:17)
	at org.junit.internal.runners.statements.RunBefores.evaluate(RunBefores.java:26)
	at org.junit.internal.runners.statements.RunAfters.evaluate(RunAfters.java:27)
	at org.junit.runners.ParentRunner.runLeaf(ParentRunner.java:271)
	at org.junit.runners.BlockJUnit4ClassRunner.runChild(BlockJUnit4ClassRunner.java:70)
	at org.junit.runners.BlockJUnit4ClassRunner.runChild(BlockJUnit4ClassRunner.java:50)
	at org.junit.runners.ParentRunner$3.run(ParentRunner.java:238)
	at org.junit.runners.ParentRunner$1.schedule(ParentRunner.java:63)
	at org.junit.runners.ParentRunner.runChildren(ParentRunner.java:236)
	at org.junit.runners.ParentRunner.access$000(ParentRunner.java:53)
	at org.junit.runners.ParentRunner$2.evaluate(ParentRunner.java:229)
	at org.junit.runners.ParentRunner.run(ParentRunner.java:309)
	at org.apache.maven.surefire.junit4.JUnit4Provider.execute(JUnit4Provider.java:365)
	at org.apache.maven.surefire.junit4.JUnit4Provider.executeWithRerun(JUnit4Provider.java:273)
	at org.apache.maven.surefire.junit4.JUnit4Provider.executeTestSet(JUnit4Provider.java:238)
	at org.apache.maven.surefire.junit4.JUnit4Provider.invoke(JUnit4Provider.java:159)
	at org.apache.maven.surefire.booter.ForkedBooter.invokeProviderInSameClassLoader(ForkedBooter.java:384)
	at org.apache.maven.surefire.booter.ForkedBooter.runSuitesInProcess(ForkedBooter.java:345)
	at org.apache.maven.surefire.booter.ForkedBooter.execute(ForkedBooter.java:126)
	at org.apache.maven.surefire.booter.ForkedBooter.main(ForkedBooter.java:418)
2019-10-07 12:35:49,478 [main] WARN  io.KeyOutputStream (KeyOutputStream.java:handleException(274)) - Encountered exception java.io.IOException: Unexpected Storage Container Exception: java.io.IOException: Unexpected Storage Container Exception: java.util.concurrent.TimeoutException on the pipeline Pipeline[ Id: b7112e3e-ca61-4427-839e-78d009247df8, Nodes: 4f7f6616-3aeb-46f3-b4a4-91ec65e8d427{ip: 192.168.30.23, host: pr-hdds-2262-rg9fl-2107095119, networkLocation: /default-rack, certSerialId: null}876b8d92-f219-477b-ab59-8aa0568d5cc7{ip: 192.168.30.23, host: pr-hdds-2262-rg9fl-2107095119, networkLocation: /default-rack, certSerialId: null}661a6d90-43d1-4876-808a-83d8d1c749a3{ip: 192.168.30.23, host: pr-hdds-2262-rg9fl-2107095119, networkLocation: /default-rack, certSerialId: null}, Type:RATIS, Factor:THREE, State:OPEN]. The last committed block length is 0, uncommitted data length is 167 retry count 0
2019-10-07 12:35:49,725 [main] INFO  ozone.MiniOzoneClusterImpl (MiniOzoneClusterImpl.java:shutdown(314)) - Shutting down the Mini Ozone Cluster
2019-10-07 12:35:49,725 [main] INFO  ozone.MiniOzoneClusterImpl (MiniOzoneClusterImpl.java:stop(330)) - Stopping the Mini Ozone Cluster
2019-10-07 12:35:49,725 [main] INFO  ozone.MiniOzoneClusterImpl (MiniOzoneClusterImpl.java:stopOM(400)) - Stopping the OzoneManager
2019-10-07 12:35:49,725 [main] INFO  ipc.Server (Server.java:stop(3082)) - Stopping server on 34395
2019-10-07 12:35:49,737 [IPC Server listener on 34395] INFO  ipc.Server (Server.java:run(1185)) - Stopping IPC Server listener on 34395
2019-10-07 12:35:49,740 [main] INFO  ratis.OzoneManagerDoubleBuffer (OzoneManagerDoubleBuffer.java:stop(248)) - Stopping OMDoubleBuffer flush thread
2019-10-07 12:35:49,740 [IPC Server Responder] INFO  ipc.Server (Server.java:run(1319)) - Stopping IPC Server Responder
2019-10-07 12:35:49,743 [OMDoubleBufferFlushThread] INFO  ratis.OzoneManagerDoubleBuffer (OzoneManagerDoubleBuffer.java:flushTransactions(191)) - OMDoubleBuffer flush thread OMDoubleBufferFlushThread is interrupted and will exit. OMDoubleBufferFlushThread
2019-10-07 12:35:49,751 [main] INFO  utils.BackgroundService (BackgroundService.java:shutdown(148)) - Shutting down service KeyDeletingService
2019-10-07 12:35:49,753 [main] INFO  handler.ContextHandler (ContextHandler.java:doStop(910)) - Stopped o.e.j.w.WebAppContext@6b16de91{/,null,UNAVAILABLE}{/ozoneManager}
2019-10-07 12:35:49,753 [main] INFO  server.AbstractConnector (AbstractConnector.java:doStop(318)) - Stopped ServerConnector@71bb8b34{HTTP/1.1,[http/1.1]}{0.0.0.0:0}
2019-10-07 12:35:49,754 [main] INFO  handler.ContextHandler (ContextHandler.java:doStop(910)) - Stopped o.e.j.s.ServletContextHandler@60807fd9{/static,file:///workdir/hadoop-ozone/integration-test/target/test-classes/webapps/static,UNAVAILABLE}
2019-10-07 12:35:49,754 [main] INFO  handler.ContextHandler (ContextHandler.java:doStop(910)) - Stopped o.e.j.s.ServletContextHandler@34d9df9f{/logs,file:///workdir/hadoop-ozone/integration-test/target/log,UNAVAILABLE}
2019-10-07 12:35:49,756 [main] INFO  ozone.MiniOzoneClusterImpl (MiniOzoneClusterImpl.java:stopDatanodes(377)) - Stopping the HddsDatanodes
2019-10-07 12:35:50,408 [Datanode State Machine Thread - 0] INFO  statemachine.DatanodeStateMachine (DatanodeStateMachine.java:lambda$startDaemon$0(350)) - Ozone container server started.
2019-10-07 12:35:50,652 [Datanode State Machine Thread - 0] INFO  statemachine.DatanodeStateMachine (DatanodeStateMachine.java:lambda$startDaemon$0(350)) - Ozone container server started.
2019-10-07 12:35:54,470 [EventQueue-StaleNodeForStaleNodeHandler] INFO  node.StaleNodeHandler (StaleNodeHandler.java:onMessage(58)) - Datanode 876b8d92-f219-477b-ab59-8aa0568d5cc7{ip: 192.168.30.23, host: pr-hdds-2262-rg9fl-2107095119, networkLocation: /default-rack, certSerialId: null} moved to stale state. Finalizing its pipelines [PipelineID=7892af00-38c4-47d3-a09e-d230e2ed4b61, PipelineID=b7112e3e-ca61-4427-839e-78d009247df8]
2019-10-07 12:35:54,470 [EventQueue-StaleNodeForStaleNodeHandler] INFO  pipeline.SCMPipelineManager (SCMPipelineManager.java:finalizeAndDestroyPipeline(315)) - destroying pipeline:Pipeline[ Id: 7892af00-38c4-47d3-a09e-d230e2ed4b61, Nodes: 876b8d92-f219-477b-ab59-8aa0568d5cc7{ip: 192.168.30.23, host: pr-hdds-2262-rg9fl-2107095119, networkLocation: /default-rack, certSerialId: null}, Type:RATIS, Factor:ONE, State:OPEN]
2019-10-07 12:35:54,471 [EventQueue-StaleNodeForStaleNodeHandler] INFO  pipeline.PipelineStateManager (PipelineStateManager.java:finalizePipeline(123)) - Pipeline Pipeline[ Id: 7892af00-38c4-47d3-a09e-d230e2ed4b61, Nodes: 876b8d92-f219-477b-ab59-8aa0568d5cc7{ip: 192.168.30.23, host: pr-hdds-2262-rg9fl-2107095119, networkLocation: /default-rack, certSerialId: null}, Type:RATIS, Factor:ONE, State:CLOSED] moved to CLOSED state
2019-10-07 12:35:54,471 [EventQueue-StaleNodeForStaleNodeHandler] INFO  pipeline.SCMPipelineManager (SCMPipelineManager.java:finalizeAndDestroyPipeline(315)) - destroying pipeline:Pipeline[ Id: b7112e3e-ca61-4427-839e-78d009247df8, Nodes: 4f7f6616-3aeb-46f3-b4a4-91ec65e8d427{ip: 192.168.30.23, host: pr-hdds-2262-rg9fl-2107095119, networkLocation: /default-rack, certSerialId: null}876b8d92-f219-477b-ab59-8aa0568d5cc7{ip: 192.168.30.23, host: pr-hdds-2262-rg9fl-2107095119, networkLocation: /default-rack, certSerialId: null}661a6d90-43d1-4876-808a-83d8d1c749a3{ip: 192.168.30.23, host: pr-hdds-2262-rg9fl-2107095119, networkLocation: /default-rack, certSerialId: null}, Type:RATIS, Factor:THREE, State:OPEN]
2019-10-07 12:35:54,471 [EventQueue-StaleNodeForStaleNodeHandler] INFO  pipeline.PipelineStateManager (PipelineStateManager.java:finalizePipeline(123)) - Pipeline Pipeline[ Id: b7112e3e-ca61-4427-839e-78d009247df8, Nodes: 4f7f6616-3aeb-46f3-b4a4-91ec65e8d427{ip: 192.168.30.23, host: pr-hdds-2262-rg9fl-2107095119, networkLocation: /default-rack, certSerialId: null}876b8d92-f219-477b-ab59-8aa0568d5cc7{ip: 192.168.30.23, host: pr-hdds-2262-rg9fl-2107095119, networkLocation: /default-rack, certSerialId: null}661a6d90-43d1-4876-808a-83d8d1c749a3{ip: 192.168.30.23, host: pr-hdds-2262-rg9fl-2107095119, networkLocation: /default-rack, certSerialId: null}, Type:RATIS, Factor:THREE, State:CLOSED] moved to CLOSED state
2019-10-07 12:35:54,471 [EventQueue-CloseContainerForCloseContainerEventHandler] INFO  container.CloseContainerEventHandler (CloseContainerEventHandler.java:onMessage(61)) - Close container Event triggered for container : #2
2019-10-07 12:35:54,670 [EventQueue-StaleNodeForStaleNodeHandler] INFO  node.StaleNodeHandler (StaleNodeHandler.java:onMessage(58)) - Datanode b832e3db-7591-4d70-a4ae-49be624e8c11{ip: 192.168.30.23, host: pr-hdds-2262-rg9fl-2107095119, networkLocation: /default-rack, certSerialId: null} moved to stale state. Finalizing its pipelines [PipelineID=ce89ee0b-c380-473a-a6bc-ae7777bec59d, PipelineID=1df5aaec-3b78-498c-8d65-1baa06384d22]
2019-10-07 12:35:54,675 [EventQueue-StaleNodeForStaleNodeHandler] INFO  pipeline.SCMPipelineManager (SCMPipelineManager.java:finalizeAndDestroyPipeline(315)) - destroying pipeline:Pipeline[ Id: ce89ee0b-c380-473a-a6bc-ae7777bec59d, Nodes: b832e3db-7591-4d70-a4ae-49be624e8c11{ip: 192.168.30.23, host: pr-hdds-2262-rg9fl-2107095119, networkLocation: /default-rack, certSerialId: null}, Type:RATIS, Factor:ONE, State:OPEN]
2019-10-07 12:35:54,675 [EventQueue-StaleNodeForStaleNodeHandler] INFO  pipeline.PipelineStateManager (PipelineStateManager.java:finalizePipeline(123)) - Pipeline Pipeline[ Id: ce89ee0b-c380-473a-a6bc-ae7777bec59d, Nodes: b832e3db-7591-4d70-a4ae-49be624e8c11{ip: 192.168.30.23, host: pr-hdds-2262-rg9fl-2107095119, networkLocation: /default-rack, certSerialId: null}, Type:RATIS, Factor:ONE, State:CLOSED] moved to CLOSED state
2019-10-07 12:35:54,675 [EventQueue-StaleNodeForStaleNodeHandler] INFO  pipeline.SCMPipelineManager (SCMPipelineManager.java:finalizeAndDestroyPipeline(315)) - destroying pipeline:Pipeline[ Id: 1df5aaec-3b78-498c-8d65-1baa06384d22, Nodes: b832e3db-7591-4d70-a4ae-49be624e8c11{ip: 192.168.30.23, host: pr-hdds-2262-rg9fl-2107095119, networkLocation: /default-rack, certSerialId: null}149e5820-2214-4b7b-b515-e21eaa37c885{ip: 192.168.30.23, host: pr-hdds-2262-rg9fl-2107095119, networkLocation: /default-rack, certSerialId: null}4940d0e3-d299-42d6-a5cb-8d6363f46478{ip: 192.168.30.23, host: pr-hdds-2262-rg9fl-2107095119, networkLocation: /default-rack, certSerialId: null}, Type:RATIS, Factor:THREE, State:OPEN]
2019-10-07 12:35:54,676 [EventQueue-StaleNodeForStaleNodeHandler] INFO  pipeline.PipelineStateManager (PipelineStateManager.java:finalizePipeline(123)) - Pipeline Pipeline[ Id: 1df5aaec-3b78-498c-8d65-1baa06384d22, Nodes: b832e3db-7591-4d70-a4ae-49be624e8c11{ip: 192.168.30.23, host: pr-hdds-2262-rg9fl-2107095119, networkLocation: /default-rack, certSerialId: null}149e5820-2214-4b7b-b515-e21eaa37c885{ip: 192.168.30.23, host: pr-hdds-2262-rg9fl-2107095119, networkLocation: /default-rack, certSerialId: null}4940d0e3-d299-42d6-a5cb-8d6363f46478{ip: 192.168.30.23, host: pr-hdds-2262-rg9fl-2107095119, networkLocation: /default-rack, certSerialId: null}, Type:RATIS, Factor:THREE, State:CLOSED] moved to CLOSED state
2019-10-07 12:35:54,676 [EventQueue-CloseContainerForCloseContainerEventHandler] INFO  container.CloseContainerEventHandler (CloseContainerEventHandler.java:onMessage(61)) - Close container Event triggered for container : #3
2019-10-07 12:35:54,757 [ForkJoinPool.commonPool-worker-0] INFO  ozoneimpl.OzoneContainer (OzoneContainer.java:stop(231)) - Attempting to stop container services.
2019-10-07 12:35:54,757 [main] INFO  ozoneimpl.OzoneContainer (OzoneContainer.java:stop(231)) - Attempting to stop container services.
2019-10-07 12:35:54,762 [ForkJoinPool.commonPool-worker-0] INFO  impl.RaftServerProxy (RaftServerProxy.java:lambda$close$4(314)) - b832e3db-7591-4d70-a4ae-49be624e8c11: close
2019-10-07 12:35:54,762 [ForkJoinPool.commonPool-worker-0] INFO  impl.RaftServerImpl (RaftServerImpl.java:lambda$shutdown$3(247)) - b832e3db-7591-4d70-a4ae-49be624e8c11@group-AE7777BEC59D: shutdown
2019-10-07 12:35:54,762 [main] INFO  impl.RaftServerProxy (RaftServerProxy.java:lambda$close$4(314)) - 876b8d92-f219-477b-ab59-8aa0568d5cc7: close
2019-10-07 12:35:54,763 [ForkJoinPool.commonPool-worker-0] INFO  util.JmxRegister (JmxRegister.java:unregister(73)) - Successfully un-registered JMX Bean with object name Ratis:service=RaftServer,group=group-AE7777BEC59D,id=b832e3db-7591-4d70-a4ae-49be624e8c11
2019-10-07 12:35:54,763 [main] INFO  impl.RaftServerImpl (RaftServerImpl.java:lambda$shutdown$3(247)) - 876b8d92-f219-477b-ab59-8aa0568d5cc7@group-D230E2ED4B61: shutdown
2019-10-07 12:35:54,763 [ForkJoinPool.commonPool-worker-0] INFO  impl.RoleInfo (RoleInfo.java:shutdownLeaderState(104)) - b832e3db-7591-4d70-a4ae-49be624e8c11: shutdown LeaderState
2019-10-07 12:35:54,763 [main] INFO  util.JmxRegister (JmxRegister.java:unregister(73)) - Successfully un-registered JMX Bean with object name Ratis:service=RaftServer,group=group-D230E2ED4B61,id=876b8d92-f219-477b-ab59-8aa0568d5cc7
2019-10-07 12:35:54,764 [ForkJoinPool.commonPool-worker-0] INFO  impl.PendingRequests (PendingRequests.java:sendNotLeaderResponses(202)) - b832e3db-7591-4d70-a4ae-49be624e8c11@group-AE7777BEC59D-PendingRequests: sendNotLeaderResponses
2019-10-07 12:35:54,764 [main] INFO  impl.RoleInfo (RoleInfo.java:shutdownLeaderState(104)) - 876b8d92-f219-477b-ab59-8aa0568d5cc7: shutdown LeaderState
2019-10-07 12:35:54,764 [ForkJoinPool.commonPool-worker-0] INFO  impl.StateMachineUpdater (StateMachineUpdater.java:stopAndJoin(136)) - b832e3db-7591-4d70-a4ae-49be624e8c11@group-AE7777BEC59D-StateMachineUpdater: set stopIndex = 0
2019-10-07 12:35:54,764 [main] INFO  impl.PendingRequests (PendingRequests.java:sendNotLeaderResponses(202)) - 876b8d92-f219-477b-ab59-8aa0568d5cc7@group-D230E2ED4B61-PendingRequests: sendNotLeaderResponses
2019-10-07 12:35:54,765 [ForkJoinPool.commonPool-worker-0] INFO  impl.RaftServerImpl (ServerState.java:close(387)) - b832e3db-7591-4d70-a4ae-49be624e8c11@group-AE7777BEC59D: closes. applyIndex: 0
2019-10-07 12:35:54,765 [main] INFO  impl.StateMachineUpdater (StateMachineUpdater.java:stopAndJoin(136)) - 876b8d92-f219-477b-ab59-8aa0568d5cc7@group-D230E2ED4B61-StateMachineUpdater: set stopIndex = 0
2019-10-07 12:35:54,766 [main] INFO  impl.RaftServerImpl (ServerState.java:close(387)) - 876b8d92-f219-477b-ab59-8aa0568d5cc7@group-D230E2ED4B61: closes. applyIndex: 0
2019-10-07 12:35:54,765 [b832e3db-7591-4d70-a4ae-49be624e8c11@group-AE7777BEC59D-SegmentedRaftLogWorker] INFO  segmented.SegmentedRaftLogWorker (SegmentedRaftLogWorker.java:run(316)) - b832e3db-7591-4d70-a4ae-49be624e8c11@group-AE7777BEC59D-SegmentedRaftLogWorker was interrupted, exiting. There are 0 tasks remaining in the queue.
2019-10-07 12:35:54,766 [876b8d92-f219-477b-ab59-8aa0568d5cc7@group-D230E2ED4B61-SegmentedRaftLogWorker] INFO  segmented.SegmentedRaftLogWorker (SegmentedRaftLogWorker.java:run(316)) - 876b8d92-f219-477b-ab59-8aa0568d5cc7@group-D230E2ED4B61-SegmentedRaftLogWorker was interrupted, exiting. There are 0 tasks remaining in the queue.
2019-10-07 12:35:54,770 [ForkJoinPool.commonPool-worker-0] INFO  segmented.SegmentedRaftLogWorker (SegmentedRaftLogWorker.java:close(224)) - b832e3db-7591-4d70-a4ae-49be624e8c11@group-AE7777BEC59D-SegmentedRaftLogWorker close()
2019-10-07 12:35:54,773 [main] INFO  segmented.SegmentedRaftLogWorker (SegmentedRaftLogWorker.java:close(224)) - 876b8d92-f219-477b-ab59-8aa0568d5cc7@group-D230E2ED4B61-SegmentedRaftLogWorker close()
2019-10-07 12:35:54,779 [ForkJoinPool.commonPool-worker-0] INFO  impl.RaftServerImpl (RaftServerImpl.java:lambda$shutdown$3(247)) - b832e3db-7591-4d70-a4ae-49be624e8c11@group-1BAA06384D22: shutdown
2019-10-07 12:35:54,786 [main] INFO  impl.RaftServerImpl (RaftServerImpl.java:lambda$shutdown$3(247)) - 876b8d92-f219-477b-ab59-8aa0568d5cc7@group-78D009247DF8: shutdown
2019-10-07 12:35:54,786 [ForkJoinPool.commonPool-worker-0] INFO  util.JmxRegister (JmxRegister.java:unregister(73)) - Successfully un-registered JMX Bean with object name Ratis:service=RaftServer,group=group-1BAA06384D22,id=b832e3db-7591-4d70-a4ae-49be624e8c11
2019-10-07 12:35:54,786 [main] INFO  util.JmxRegister (JmxRegister.java:unregister(73)) - Successfully un-registered JMX Bean with object name Ratis:service=RaftServer,group=group-78D009247DF8,id=876b8d92-f219-477b-ab59-8aa0568d5cc7
2019-10-07 12:35:54,787 [ForkJoinPool.commonPool-worker-0] INFO  impl.RoleInfo (RoleInfo.java:shutdownLeaderState(104)) - b832e3db-7591-4d70-a4ae-49be624e8c11: shutdown LeaderState
2019-10-07 12:35:54,787 [main] INFO  impl.RoleInfo (RoleInfo.java:shutdownLeaderState(104)) - 876b8d92-f219-477b-ab59-8aa0568d5cc7: shutdown LeaderState
2019-10-07 12:35:54,793 [org.apache.ratis.server.impl.LogAppender$AppenderDaemon$$Lambda$553/1292335600@5d4e2d57] WARN  server.GrpcLogAppender (GrpcLogAppender.java:mayWait(143)) - b832e3db-7591-4d70-a4ae-49be624e8c11@group-1BAA06384D22->4940d0e3-d299-42d6-a5cb-8d6363f46478-GrpcLogAppender: Wait interrupted by java.lang.InterruptedException
2019-10-07 12:35:54,793 [org.apache.ratis.server.impl.LogAppender$AppenderDaemon$$Lambda$553/1292335600@6994532f] WARN  server.GrpcLogAppender (GrpcLogAppender.java:mayWait(143)) - b832e3db-7591-4d70-a4ae-49be624e8c11@group-1BAA06384D22->149e5820-2214-4b7b-b515-e21eaa37c885-GrpcLogAppender: Wait interrupted by java.lang.InterruptedException
2019-10-07 12:35:54,793 [ForkJoinPool.commonPool-worker-0] INFO  impl.PendingRequests (PendingRequests.java:sendNotLeaderResponses(202)) - b832e3db-7591-4d70-a4ae-49be624e8c11@group-1BAA06384D22-PendingRequests: sendNotLeaderResponses
2019-10-07 12:35:54,799 [org.apache.ratis.server.impl.LogAppender$AppenderDaemon$$Lambda$553/1292335600@9a66aeb] WARN  server.GrpcLogAppender (GrpcLogAppender.java:mayWait(143)) - 876b8d92-f219-477b-ab59-8aa0568d5cc7@group-78D009247DF8->4f7f6616-3aeb-46f3-b4a4-91ec65e8d427-GrpcLogAppender: Wait interrupted by java.lang.InterruptedException
2019-10-07 12:35:54,798 [org.apache.ratis.server.impl.LogAppender$AppenderDaemon$$Lambda$553/1292335600@2beb5a7a] WARN  server.GrpcLogAppender (GrpcLogAppender.java:mayWait(143)) - 876b8d92-f219-477b-ab59-8aa0568d5cc7@group-78D009247DF8->661a6d90-43d1-4876-808a-83d8d1c749a3-GrpcLogAppender: Wait interrupted by java.lang.InterruptedException
2019-10-07 12:35:54,798 [main] INFO  impl.PendingRequests (PendingRequests.java:sendNotLeaderResponses(202)) - 876b8d92-f219-477b-ab59-8aa0568d5cc7@group-78D009247DF8-PendingRequests: sendNotLeaderResponses
2019-10-07 12:35:54,807 [grpc-default-executor-3] INFO  server.GrpcServerProtocolService (GrpcServerProtocolService.java:onCompleted(113)) - 661a6d90-43d1-4876-808a-83d8d1c749a3: Completed APPEND_ENTRIES, lastRequest: 876b8d92-f219-477b-ab59-8aa0568d5cc7->661a6d90-43d1-4876-808a-83d8d1c749a3#16-t1, previous=(t:1, i:13), leaderCommit=13, initializing? false, entries: <empty>
2019-10-07 12:35:54,812 [main] INFO  impl.StateMachineUpdater (StateMachineUpdater.java:stopAndJoin(136)) - 876b8d92-f219-477b-ab59-8aa0568d5cc7@group-78D009247DF8-StateMachineUpdater: set stopIndex = 13
2019-10-07 12:35:54,807 [grpc-default-executor-9] INFO  server.GrpcServerProtocolService (GrpcServerProtocolService.java:onCompleted(113)) - 4f7f6616-3aeb-46f3-b4a4-91ec65e8d427: Completed APPEND_ENTRIES, lastRequest: 876b8d92-f219-477b-ab59-8aa0568d5cc7->4f7f6616-3aeb-46f3-b4a4-91ec65e8d427#16-t1, previous=(t:1, i:13), leaderCommit=13, initializing? false, entries: <empty>
2019-10-07 12:35:54,806 [b832e3db-7591-4d70-a4ae-49be624e8c11@group-1BAA06384D22-StateMachineUpdater] INFO  ratis.ContainerStateMachine (ContainerStateMachine.java:takeSnapshot(294)) - group-1BAA06384D22: Taking a snapshot at:(t:1, i:6) file /workdir/hadoop-ozone/integration-test/target/test-dir/MiniOzoneClusterImpl-c08a8652-cb2a-478b-8eac-982176e8ab68/datanode-1/data/ratis/1df5aaec-3b78-498c-8d65-1baa06384d22/sm/snapshot.1_6
2019-10-07 12:35:54,806 [ForkJoinPool.commonPool-worker-0] INFO  impl.StateMachineUpdater (StateMachineUpdater.java:stopAndJoin(136)) - b832e3db-7591-4d70-a4ae-49be624e8c11@group-1BAA06384D22-StateMachineUpdater: set stopIndex = 6
2019-10-07 12:35:54,799 [grpc-default-executor-2] INFO  server.GrpcServerProtocolService (GrpcServerProtocolService.java:onCompleted(113)) - 149e5820-2214-4b7b-b515-e21eaa37c885: Completed APPEND_ENTRIES, lastRequest: b832e3db-7591-4d70-a4ae-49be624e8c11->149e5820-2214-4b7b-b515-e21eaa37c885#11-t1, previous=(t:1, i:6), leaderCommit=6, initializing? false, entries: <empty>
2019-10-07 12:35:54,799 [grpc-default-executor-6] INFO  server.GrpcServerProtocolService (GrpcServerProtocolService.java:onCompleted(113)) - 4940d0e3-d299-42d6-a5cb-8d6363f46478: Completed APPEND_ENTRIES, lastRequest: b832e3db-7591-4d70-a4ae-49be624e8c11->4940d0e3-d299-42d6-a5cb-8d6363f46478#11-t1, previous=(t:1, i:6), leaderCommit=6, initializing? false, entries: <empty>
2019-10-07 12:35:54,812 [grpc-default-executor-9] INFO  server.GrpcLogAppender (GrpcLogAppender.java:onCompleted(293)) - 876b8d92-f219-477b-ab59-8aa0568d5cc7@group-78D009247DF8->4f7f6616-3aeb-46f3-b4a4-91ec65e8d427-AppendLogResponseHandler: follower responses appendEntries COMPLETED
2019-10-07 12:35:54,813 [grpc-default-executor-6] INFO  server.GrpcLogAppender (GrpcLogAppender.java:onCompleted(293)) - b832e3db-7591-4d70-a4ae-49be624e8c11@group-1BAA06384D22->4940d0e3-d299-42d6-a5cb-8d6363f46478-AppendLogResponseHandler: follower responses appendEntries COMPLETED
2019-10-07 12:35:54,812 [grpc-default-executor-8] INFO  server.GrpcLogAppender (GrpcLogAppender.java:onCompleted(293)) - 876b8d92-f219-477b-ab59-8aa0568d5cc7@group-78D009247DF8->661a6d90-43d1-4876-808a-83d8d1c749a3-AppendLogResponseHandler: follower responses appendEntries COMPLETED
2019-10-07 12:35:54,812 [876b8d92-f219-477b-ab59-8aa0568d5cc7@group-78D009247DF8-StateMachineUpdater] INFO  ratis.ContainerStateMachine (ContainerStateMachine.java:takeSnapshot(294)) - group-78D009247DF8: Taking a snapshot at:(t:1, i:13) file /workdir/hadoop-ozone/integration-test/target/test-dir/MiniOzoneClusterImpl-c08a8652-cb2a-478b-8eac-982176e8ab68/datanode-4/data/ratis/b7112e3e-ca61-4427-839e-78d009247df8/sm/snapshot.1_13
2019-10-07 12:35:54,814 [grpc-default-executor-9] INFO  impl.FollowerInfo (FollowerInfo.java:lambda$new$0(51)) - 876b8d92-f219-477b-ab59-8aa0568d5cc7@group-78D009247DF8->4f7f6616-3aeb-46f3-b4a4-91ec65e8d427: nextIndex: updateUnconditionally 14 -> 13
2019-10-07 12:35:54,813 [grpc-default-executor-2] INFO  server.GrpcLogAppender (GrpcLogAppender.java:onCompleted(293)) - b832e3db-7591-4d70-a4ae-49be624e8c11@group-1BAA06384D22->149e5820-2214-4b7b-b515-e21eaa37c885-AppendLogResponseHandler: follower responses appendEntries COMPLETED
2019-10-07 12:35:54,814 [grpc-default-executor-8] INFO  impl.FollowerInfo (FollowerInfo.java:lambda$new$0(51)) - 876b8d92-f219-477b-ab59-8aa0568d5cc7@group-78D009247DF8->661a6d90-43d1-4876-808a-83d8d1c749a3: nextIndex: updateUnconditionally 14 -> 13
2019-10-07 12:35:54,814 [grpc-default-executor-6] INFO  impl.FollowerInfo (FollowerInfo.java:lambda$new$0(51)) - b832e3db-7591-4d70-a4ae-49be624e8c11@group-1BAA06384D22->4940d0e3-d299-42d6-a5cb-8d6363f46478: nextIndex: updateUnconditionally 7 -> 6
2019-10-07 12:35:54,814 [grpc-default-executor-2] INFO  impl.FollowerInfo (FollowerInfo.java:lambda$new$0(51)) - b832e3db-7591-4d70-a4ae-49be624e8c11@group-1BAA06384D22->149e5820-2214-4b7b-b515-e21eaa37c885: nextIndex: updateUnconditionally 7 -> 6
2019-10-07 12:35:54,826 [b832e3db-7591-4d70-a4ae-49be624e8c11@group-1BAA06384D22-StateMachineUpdater] INFO  ratis.ContainerStateMachine (ContainerStateMachine.java:takeSnapshot(305)) - group-1BAA06384D22: Finished taking a snapshot at:(t:1, i:6) file:/workdir/hadoop-ozone/integration-test/target/test-dir/MiniOzoneClusterImpl-c08a8652-cb2a-478b-8eac-982176e8ab68/datanode-1/data/ratis/1df5aaec-3b78-498c-8d65-1baa06384d22/sm/snapshot.1_6 time:20
2019-10-07 12:35:54,826 [876b8d92-f219-477b-ab59-8aa0568d5cc7@group-78D009247DF8-StateMachineUpdater] INFO  ratis.ContainerStateMachine (ContainerStateMachine.java:takeSnapshot(305)) - group-78D009247DF8: Finished taking a snapshot at:(t:1, i:13) file:/workdir/hadoop-ozone/integration-test/target/test-dir/MiniOzoneClusterImpl-c08a8652-cb2a-478b-8eac-982176e8ab68/datanode-4/data/ratis/b7112e3e-ca61-4427-839e-78d009247df8/sm/snapshot.1_13 time:14
2019-10-07 12:35:54,826 [b832e3db-7591-4d70-a4ae-49be624e8c11@group-1BAA06384D22-StateMachineUpdater] INFO  impl.StateMachineUpdater (StateMachineUpdater.java:takeSnapshot(269)) - b832e3db-7591-4d70-a4ae-49be624e8c11@group-1BAA06384D22-StateMachineUpdater: Took a snapshot at index 6
2019-10-07 12:35:54,827 [b832e3db-7591-4d70-a4ae-49be624e8c11@group-1BAA06384D22-StateMachineUpdater] INFO  impl.StateMachineUpdater (StateMachineUpdater.java:lambda$new$0(84)) - b832e3db-7591-4d70-a4ae-49be624e8c11@group-1BAA06384D22-StateMachineUpdater: snapshotIndex: updateIncreasingly -1 -> 6
2019-10-07 12:35:54,827 [876b8d92-f219-477b-ab59-8aa0568d5cc7@group-78D009247DF8-StateMachineUpdater] INFO  impl.StateMachineUpdater (StateMachineUpdater.java:takeSnapshot(269)) - 876b8d92-f219-477b-ab59-8aa0568d5cc7@group-78D009247DF8-StateMachineUpdater: Took a snapshot at index 13
2019-10-07 12:35:54,827 [876b8d92-f219-477b-ab59-8aa0568d5cc7@group-78D009247DF8-StateMachineUpdater] INFO  impl.StateMachineUpdater (StateMachineUpdater.java:lambda$new$0(84)) - 876b8d92-f219-477b-ab59-8aa0568d5cc7@group-78D009247DF8-StateMachineUpdater: snapshotIndex: updateIncreasingly -1 -> 13
2019-10-07 12:35:54,827 [ForkJoinPool.commonPool-worker-0] INFO  impl.RaftServerImpl (ServerState.java:close(387)) - b832e3db-7591-4d70-a4ae-49be624e8c11@group-1BAA06384D22: closes. applyIndex: 6
2019-10-07 12:35:54,827 [main] INFO  impl.RaftServerImpl (ServerState.java:close(387)) - 876b8d92-f219-477b-ab59-8aa0568d5cc7@group-78D009247DF8: closes. applyIndex: 13
2019-10-07 12:35:54,827 [b832e3db-7591-4d70-a4ae-49be624e8c11@group-1BAA06384D22-SegmentedRaftLogWorker] INFO  segmented.SegmentedRaftLogWorker (SegmentedRaftLogWorker.java:run(316)) - b832e3db-7591-4d70-a4ae-49be624e8c11@group-1BAA06384D22-SegmentedRaftLogWorker was interrupted, exiting. There are 0 tasks remaining in the queue.
2019-10-07 12:35:54,828 [876b8d92-f219-477b-ab59-8aa0568d5cc7@group-78D009247DF8-SegmentedRaftLogWorker] INFO  segmented.SegmentedRaftLogWorker (SegmentedRaftLogWorker.java:run(316)) - 876b8d92-f219-477b-ab59-8aa0568d5cc7@group-78D009247DF8-SegmentedRaftLogWorker was interrupted, exiting. There are 0 tasks remaining in the queue.
2019-10-07 12:35:54,830 [ForkJoinPool.commonPool-worker-0] INFO  segmented.SegmentedRaftLogWorker (SegmentedRaftLogWorker.java:close(224)) - b832e3db-7591-4d70-a4ae-49be624e8c11@group-1BAA06384D22-SegmentedRaftLogWorker close()
2019-10-07 12:35:54,832 [main] INFO  segmented.SegmentedRaftLogWorker (SegmentedRaftLogWorker.java:close(224)) - 876b8d92-f219-477b-ab59-8aa0568d5cc7@group-78D009247DF8-SegmentedRaftLogWorker close()
2019-10-07 12:35:54,837 [ForkJoinPool.commonPool-worker-0] INFO  server.GrpcService (GrpcService.java:closeImpl(164)) - b832e3db-7591-4d70-a4ae-49be624e8c11: shutdown server with port 44410 now
2019-10-07 12:35:54,841 [main] INFO  server.GrpcService (GrpcService.java:closeImpl(164)) - 876b8d92-f219-477b-ab59-8aa0568d5cc7: shutdown server with port 38283 now
2019-10-07 12:35:54,841 [ForkJoinPool.commonPool-worker-0] INFO  server.GrpcService (GrpcService.java:closeImpl(172)) - b832e3db-7591-4d70-a4ae-49be624e8c11: shutdown server with port 44410 successfully
2019-10-07 12:35:54,842 [grpc-default-executor-8] WARN  client.GrpcClientProtocolService (LogUtils.java:warn(134)) - 3-UnorderedRequestStreamObserver3: onError: org.apache.ratis.thirdparty.io.grpc.StatusRuntimeException: CANCELLED: cancelled before receiving half close
2019-10-07 12:35:54,842 [main] INFO  server.GrpcService (GrpcService.java:closeImpl(172)) - 876b8d92-f219-477b-ab59-8aa0568d5cc7: shutdown server with port 38283 successfully
2019-10-07 12:35:54,844 [refreshUsed-/workdir/hadoop-ozone/integration-test/target/test-dir/MiniOzoneClusterImpl-c08a8652-cb2a-478b-8eac-982176e8ab68/datanode-1/data/containers] WARN  fs.CachingGetSpaceUsed (CachingGetSpaceUsed.java:run(183)) - Thread Interrupted waiting to refresh disk information: sleep interrupted
2019-10-07 12:35:54,845 [refreshUsed-/workdir/hadoop-ozone/integration-test/target/test-dir/MiniOzoneClusterImpl-c08a8652-cb2a-478b-8eac-982176e8ab68/datanode-4/data/containers] WARN  fs.CachingGetSpaceUsed (CachingGetSpaceUsed.java:run(183)) - Thread Interrupted waiting to refresh disk information: sleep interrupted
2019-10-07 12:35:54,862 [ForkJoinPool.commonPool-worker-0] INFO  utils.BackgroundService (BackgroundService.java:shutdown(148)) - Shutting down service BlockDeletingService
2019-10-07 12:35:54,876 [ForkJoinPool.commonPool-worker-0] INFO  statemachine.DatanodeStateMachine (DatanodeStateMachine.java:stopDaemon(395)) - Ozone container server stopped.
2019-10-07 12:35:54,882 [ForkJoinPool.commonPool-worker-0] INFO  handler.ContextHandler (ContextHandler.java:doStop(910)) - Stopped o.e.j.w.WebAppContext@aca3c85{/,null,UNAVAILABLE}{/hddsDatanode}
2019-10-07 12:35:54,882 [ForkJoinPool.commonPool-worker-0] INFO  server.AbstractConnector (AbstractConnector.java:doStop(318)) - Stopped ServerConnector@45eab322{HTTP/1.1,[http/1.1]}{0.0.0.0:0}
2019-10-07 12:35:54,885 [ForkJoinPool.commonPool-worker-0] INFO  handler.ContextHandler (ContextHandler.java:doStop(910)) - Stopped o.e.j.s.ServletContextHandler@1f758e4f{/static,jar:file:/home/user/.m2/repository/org/apache/hadoop/hadoop-hdds-container-service/0.5.0-SNAPSHOT/hadoop-hdds-container-service-0.5.0-SNAPSHOT.jar!/webapps/static,UNAVAILABLE}
2019-10-07 12:35:54,888 [ForkJoinPool.commonPool-worker-0] INFO  handler.ContextHandler (ContextHandler.java:doStop(910)) - Stopped o.e.j.s.ServletContextHandler@28e7bb31{/logs,file:///workdir/hadoop-ozone/integration-test/target/log,UNAVAILABLE}
2019-10-07 12:35:54,889 [main] INFO  utils.BackgroundService (BackgroundService.java:shutdown(148)) - Shutting down service BlockDeletingService
2019-10-07 12:35:54,895 [main] INFO  statemachine.DatanodeStateMachine (DatanodeStateMachine.java:stopDaemon(395)) - Ozone container server stopped.
2019-10-07 12:35:54,898 [main] INFO  handler.ContextHandler (ContextHandler.java:doStop(910)) - Stopped o.e.j.w.WebAppContext@7aae1170{/,null,UNAVAILABLE}{/hddsDatanode}
2019-10-07 12:35:54,898 [main] INFO  server.AbstractConnector (AbstractConnector.java:doStop(318)) - Stopped ServerConnector@4ef5dd23{HTTP/1.1,[http/1.1]}{0.0.0.0:0}
2019-10-07 12:35:54,899 [main] INFO  handler.ContextHandler (ContextHandler.java:doStop(910)) - Stopped o.e.j.s.ServletContextHandler@7e18ced7{/static,jar:file:/home/user/.m2/repository/org/apache/hadoop/hadoop-hdds-container-service/0.5.0-SNAPSHOT/hadoop-hdds-container-service-0.5.0-SNAPSHOT.jar!/webapps/static,UNAVAILABLE}
2019-10-07 12:35:54,899 [main] INFO  handler.ContextHandler (ContextHandler.java:doStop(910)) - Stopped o.e.j.s.ServletContextHandler@5d5d3a5c{/logs,file:///workdir/hadoop-ozone/integration-test/target/log,UNAVAILABLE}
2019-10-07 12:35:55,581 [Datanode State Machine Thread - 0] INFO  statemachine.DatanodeStateMachine (DatanodeStateMachine.java:lambda$startDaemon$0(350)) - Ozone container server started.
2019-10-07 12:35:55,595 [Datanode State Machine Thread - 0] INFO  statemachine.DatanodeStateMachine (DatanodeStateMachine.java:lambda$startDaemon$0(350)) - Ozone container server started.
2019-10-07 12:35:59,327 [Thread-3483] INFO  impl.FollowerState (FollowerState.java:run(108)) - 4f7f6616-3aeb-46f3-b4a4-91ec65e8d427@group-78D009247DF8-FollowerState: change to CANDIDATE, lastRpcTime:6912ms, electionTimeout:5095ms
2019-10-07 12:35:59,327 [Thread-3483] INFO  impl.RoleInfo (RoleInfo.java:shutdownFollowerState(121)) - 4f7f6616-3aeb-46f3-b4a4-91ec65e8d427: shutdown FollowerState
2019-10-07 12:35:59,327 [Thread-3483] INFO  impl.RaftServerImpl (RaftServerImpl.java:setRole(170)) - 4f7f6616-3aeb-46f3-b4a4-91ec65e8d427@group-78D009247DF8: changes role from  FOLLOWER to CANDIDATE at term 1 for changeToCandidate
2019-10-07 12:35:59,327 [Thread-3483] INFO  impl.RoleInfo (RoleInfo.java:updateAndGet(143)) - 4f7f6616-3aeb-46f3-b4a4-91ec65e8d427: start LeaderElection
2019-10-07 12:35:59,331 [4f7f6616-3aeb-46f3-b4a4-91ec65e8d427@group-78D009247DF8-LeaderElection81] INFO  impl.RaftServerImpl (ServerState.java:setLeader(255)) - 4f7f6616-3aeb-46f3-b4a4-91ec65e8d427@group-78D009247DF8: change Leader from 876b8d92-f219-477b-ab59-8aa0568d5cc7 to null at term 1 for initElection
2019-10-07 12:35:59,346 [4f7f6616-3aeb-46f3-b4a4-91ec65e8d427@group-78D009247DF8-LeaderElection81] INFO  impl.LeaderElection (LeaderElection.java:askForVotes(178)) - 4f7f6616-3aeb-46f3-b4a4-91ec65e8d427@group-78D009247DF8-LeaderElection81: begin an election at term 2 for 0: [4f7f6616-3aeb-46f3-b4a4-91ec65e8d427:192.168.30.23:46315, 876b8d92-f219-477b-ab59-8aa0568d5cc7:192.168.30.23:38283, 661a6d90-43d1-4876-808a-83d8d1c749a3:192.168.30.23:36514], old=null
2019-10-07 12:35:59,349 [4f7f6616-3aeb-46f3-b4a4-91ec65e8d427@group-78D009247DF8-LeaderElection81] INFO  impl.LeaderElection (LogUtils.java:infoOrTrace(149)) - 4f7f6616-3aeb-46f3-b4a4-91ec65e8d427@group-78D009247DF8-LeaderElection81 got exception when requesting votes: {}
java.util.concurrent.ExecutionException: org.apache.ratis.thirdparty.io.grpc.StatusRuntimeException: UNAVAILABLE: io exception
	at java.util.concurrent.FutureTask.report(FutureTask.java:122)
	at java.util.concurrent.FutureTask.get(FutureTask.java:192)
	at org.apache.ratis.server.impl.LeaderElection.waitForResults(LeaderElection.java:259)
	at org.apache.ratis.server.impl.LeaderElection.askForVotes(LeaderElection.java:197)
	at org.apache.ratis.server.impl.LeaderElection.run(LeaderElection.java:133)
	at java.lang.Thread.run(Thread.java:748)
Caused by: org.apache.ratis.thirdparty.io.grpc.StatusRuntimeException: UNAVAILABLE: io exception
	at org.apache.ratis.thirdparty.io.grpc.stub.ClientCalls.toStatusRuntimeException(ClientCalls.java:233)
	at org.apache.ratis.thirdparty.io.grpc.stub.ClientCalls.getUnchecked(ClientCalls.java:214)
	at org.apache.ratis.thirdparty.io.grpc.stub.ClientCalls.blockingUnaryCall(ClientCalls.java:139)
	at org.apache.ratis.proto.grpc.RaftServerProtocolServiceGrpc$RaftServerProtocolServiceBlockingStub.requestVote(RaftServerProtocolServiceGrpc.java:265)
	at org.apache.ratis.grpc.server.GrpcServerProtocolClient.requestVote(GrpcServerProtocolClient.java:99)
	at org.apache.ratis.grpc.server.GrpcService.requestVote(GrpcService.java:204)
	at org.apache.ratis.server.impl.LeaderElection.lambda$submitRequests$1(LeaderElection.java:234)
	at java.util.concurrent.FutureTask.run(FutureTask.java:266)
	at java.util.concurrent.Executors$RunnableAdapter.call(Executors.java:511)
	at java.util.concurrent.FutureTask.run(FutureTask.java:266)
	at java.util.concurrent.ThreadPoolExecutor.runWorker(ThreadPoolExecutor.java:1149)
	at java.util.concurrent.ThreadPoolExecutor$Worker.run(ThreadPoolExecutor.java:624)
	... 1 more
Caused by: org.apache.ratis.thirdparty.io.netty.channel.AbstractChannel$AnnotatedConnectException: Connection refused: /192.168.30.23:38283
	at sun.nio.ch.SocketChannelImpl.checkConnect(Native Method)
	at sun.nio.ch.SocketChannelImpl.finishConnect(SocketChannelImpl.java:717)
	at org.apache.ratis.thirdparty.io.netty.channel.socket.nio.NioSocketChannel.doFinishConnect(NioSocketChannel.java:327)
	at org.apache.ratis.thirdparty.io.netty.channel.nio.AbstractNioChannel$AbstractNioUnsafe.finishConnect(AbstractNioChannel.java:340)
	at org.apache.ratis.thirdparty.io.netty.channel.nio.NioEventLoop.processSelectedKey(NioEventLoop.java:632)
	at org.apache.ratis.thirdparty.io.netty.channel.nio.NioEventLoop.processSelectedKeysOptimized(NioEventLoop.java:579)
	at org.apache.ratis.thirdparty.io.netty.channel.nio.NioEventLoop.processSelectedKeys(NioEventLoop.java:496)
	at org.apache.ratis.thirdparty.io.netty.channel.nio.NioEventLoop.run(NioEventLoop.java:458)
	at org.apache.ratis.thirdparty.io.netty.util.concurrent.SingleThreadEventExecutor$5.run(SingleThreadEventExecutor.java:897)
	at org.apache.ratis.thirdparty.io.netty.util.concurrent.FastThreadLocalRunnable.run(FastThreadLocalRunnable.java:30)
	... 1 more
Caused by: java.net.ConnectException: Connection refused
	... 11 more
2019-10-07 12:35:59,354 [grpc-default-executor-8] INFO  impl.RaftServerImpl (ServerState.java:setLeader(255)) - 661a6d90-43d1-4876-808a-83d8d1c749a3@group-78D009247DF8: change Leader from 876b8d92-f219-477b-ab59-8aa0568d5cc7 to null at term 2 for updateCurrentTerm
2019-10-07 12:35:59,355 [grpc-default-executor-8] INFO  impl.RaftServerImpl (RaftServerImpl.java:setRole(170)) - 661a6d90-43d1-4876-808a-83d8d1c749a3@group-78D009247DF8: changes role from  FOLLOWER to FOLLOWER at term 2 for recognizeCandidate:4f7f6616-3aeb-46f3-b4a4-91ec65e8d427
2019-10-07 12:35:59,355 [grpc-default-executor-8] INFO  impl.RoleInfo (RoleInfo.java:shutdownFollowerState(121)) - 661a6d90-43d1-4876-808a-83d8d1c749a3: shutdown FollowerState
2019-10-07 12:35:59,355 [grpc-default-executor-8] INFO  impl.RoleInfo (RoleInfo.java:updateAndGet(143)) - 661a6d90-43d1-4876-808a-83d8d1c749a3: start FollowerState
2019-10-07 12:35:59,355 [Thread-3486] INFO  impl.FollowerState (FollowerState.java:run(117)) - 661a6d90-43d1-4876-808a-83d8d1c749a3@group-78D009247DF8-FollowerState was interrupted: java.lang.InterruptedException: sleep interrupted
2019-10-07 12:35:59,388 [4f7f6616-3aeb-46f3-b4a4-91ec65e8d427@group-78D009247DF8-LeaderElection81] INFO  impl.LeaderElection (LeaderElection.java:logAndReturn(56)) - 4f7f6616-3aeb-46f3-b4a4-91ec65e8d427@group-78D009247DF8-LeaderElection81: Election PASSED; received 1 response(s) [4f7f6616-3aeb-46f3-b4a4-91ec65e8d427<-661a6d90-43d1-4876-808a-83d8d1c749a3#0:OK-t2] and 1 exception(s); 4f7f6616-3aeb-46f3-b4a4-91ec65e8d427@group-78D009247DF8:t2, leader=null, voted=4f7f6616-3aeb-46f3-b4a4-91ec65e8d427, raftlog=4f7f6616-3aeb-46f3-b4a4-91ec65e8d427@group-78D009247DF8-SegmentedRaftLog:OPENED:c13,f13,i13, conf=0: [4f7f6616-3aeb-46f3-b4a4-91ec65e8d427:192.168.30.23:46315, 876b8d92-f219-477b-ab59-8aa0568d5cc7:192.168.30.23:38283, 661a6d90-43d1-4876-808a-83d8d1c749a3:192.168.30.23:36514], old=null
2019-10-07 12:35:59,388 [4f7f6616-3aeb-46f3-b4a4-91ec65e8d427@group-78D009247DF8-LeaderElection81] INFO  impl.LeaderElection (LogUtils.java:infoOrTrace(149)) -   Exception 0: {}
java.util.concurrent.ExecutionException: org.apache.ratis.thirdparty.io.grpc.StatusRuntimeException: UNAVAILABLE: io exception
	at java.util.concurrent.FutureTask.report(FutureTask.java:122)
	at java.util.concurrent.FutureTask.get(FutureTask.java:192)
	at org.apache.ratis.server.impl.LeaderElection.waitForResults(LeaderElection.java:259)
	at org.apache.ratis.server.impl.LeaderElection.askForVotes(LeaderElection.java:197)
	at org.apache.ratis.server.impl.LeaderElection.run(LeaderElection.java:133)
	at java.lang.Thread.run(Thread.java:748)
Caused by: org.apache.ratis.thirdparty.io.grpc.StatusRuntimeException: UNAVAILABLE: io exception
	at org.apache.ratis.thirdparty.io.grpc.stub.ClientCalls.toStatusRuntimeException(ClientCalls.java:233)
	at org.apache.ratis.thirdparty.io.grpc.stub.ClientCalls.getUnchecked(ClientCalls.java:214)
	at org.apache.ratis.thirdparty.io.grpc.stub.ClientCalls.blockingUnaryCall(ClientCalls.java:139)
	at org.apache.ratis.proto.grpc.RaftServerProtocolServiceGrpc$RaftServerProtocolServiceBlockingStub.requestVote(RaftServerProtocolServiceGrpc.java:265)
	at org.apache.ratis.grpc.server.GrpcServerProtocolClient.requestVote(GrpcServerProtocolClient.java:99)
	at org.apache.ratis.grpc.server.GrpcService.requestVote(GrpcService.java:204)
	at org.apache.ratis.server.impl.LeaderElection.lambda$submitRequests$1(LeaderElection.java:234)
	at java.util.concurrent.FutureTask.run(FutureTask.java:266)
	at java.util.concurrent.Executors$RunnableAdapter.call(Executors.java:511)
	at java.util.concurrent.FutureTask.run(FutureTask.java:266)
	at java.util.concurrent.ThreadPoolExecutor.runWorker(ThreadPoolExecutor.java:1149)
	at java.util.concurrent.ThreadPoolExecutor$Worker.run(ThreadPoolExecutor.java:624)
	... 1 more
Caused by: org.apache.ratis.thirdparty.io.netty.channel.AbstractChannel$AnnotatedConnectException: Connection refused: /192.168.30.23:38283
	at sun.nio.ch.SocketChannelImpl.checkConnect(Native Method)
	at sun.nio.ch.SocketChannelImpl.finishConnect(SocketChannelImpl.java:717)
	at org.apache.ratis.thirdparty.io.netty.channel.socket.nio.NioSocketChannel.doFinishConnect(NioSocketChannel.java:327)
	at org.apache.ratis.thirdparty.io.netty.channel.nio.AbstractNioChannel$AbstractNioUnsafe.finishConnect(AbstractNioChannel.java:340)
	at org.apache.ratis.thirdparty.io.netty.channel.nio.NioEventLoop.processSelectedKey(NioEventLoop.java:632)
	at org.apache.ratis.thirdparty.io.netty.channel.nio.NioEventLoop.processSelectedKeysOptimized(NioEventLoop.java:579)
	at org.apache.ratis.thirdparty.io.netty.channel.nio.NioEventLoop.processSelectedKeys(NioEventLoop.java:496)
	at org.apache.ratis.thirdparty.io.netty.channel.nio.NioEventLoop.run(NioEventLoop.java:458)
	at org.apache.ratis.thirdparty.io.netty.util.concurrent.SingleThreadEventExecutor$5.run(SingleThreadEventExecutor.java:897)
	at org.apache.ratis.thirdparty.io.netty.util.concurrent.FastThreadLocalRunnable.run(FastThreadLocalRunnable.java:30)
	... 1 more
Caused by: java.net.ConnectException: Connection refused
	... 11 more
2019-10-07 12:35:59,389 [4f7f6616-3aeb-46f3-b4a4-91ec65e8d427@group-78D009247DF8-LeaderElection81] INFO  impl.RoleInfo (RoleInfo.java:shutdownLeaderElection(134)) - 4f7f6616-3aeb-46f3-b4a4-91ec65e8d427: shutdown LeaderElection
2019-10-07 12:35:59,389 [4f7f6616-3aeb-46f3-b4a4-91ec65e8d427@group-78D009247DF8-LeaderElection81] INFO  impl.RaftServerImpl (RaftServerImpl.java:setRole(170)) - 4f7f6616-3aeb-46f3-b4a4-91ec65e8d427@group-78D009247DF8: changes role from CANDIDATE to LEADER at term 2 for changeToLeader
2019-10-07 12:35:59,389 [4f7f6616-3aeb-46f3-b4a4-91ec65e8d427@group-78D009247DF8-LeaderElection81] INFO  impl.RaftServerImpl (ServerState.java:setLeader(255)) - 4f7f6616-3aeb-46f3-b4a4-91ec65e8d427@group-78D009247DF8: change Leader from null to 4f7f6616-3aeb-46f3-b4a4-91ec65e8d427 at term 2 for becomeLeader, leader elected after 57ms
2019-10-07 12:35:59,389 [4f7f6616-3aeb-46f3-b4a4-91ec65e8d427@group-78D009247DF8-LeaderElection81] INFO  server.RaftServerConfigKeys (ConfUtils.java:logGet(43)) - raft.server.staging.catchup.gap = 1000 (default)
2019-10-07 12:35:59,389 [4f7f6616-3aeb-46f3-b4a4-91ec65e8d427@group-78D009247DF8-LeaderElection81] INFO  server.RaftServerConfigKeys (ConfUtils.java:logGet(43)) - raft.server.rpc.sleep.time = 25ms (default)
2019-10-07 12:35:59,389 [4f7f6616-3aeb-46f3-b4a4-91ec65e8d427@group-78D009247DF8-LeaderElection81] INFO  server.RaftServerConfigKeys (ConfUtils.java:logGet(43)) - raft.server.write.element-limit = 4096 (default)
2019-10-07 12:35:59,390 [4f7f6616-3aeb-46f3-b4a4-91ec65e8d427@group-78D009247DF8-LeaderElection81] INFO  server.RaftServerConfigKeys (ConfUtils.java:logGet(43)) - raft.server.watch.timeout = 10s (default)
2019-10-07 12:35:59,390 [4f7f6616-3aeb-46f3-b4a4-91ec65e8d427@group-78D009247DF8-LeaderElection81] INFO  server.RaftServerConfigKeys (ConfUtils.java:logGet(43)) - raft.server.watch.timeout.denomination = 1s (default)
2019-10-07 12:35:59,390 [4f7f6616-3aeb-46f3-b4a4-91ec65e8d427@group-78D009247DF8-LeaderElection81] INFO  server.RaftServerConfigKeys (ConfUtils.java:logGet(43)) - raft.server.watch.element-limit = 65536 (default)
2019-10-07 12:35:59,392 [4f7f6616-3aeb-46f3-b4a4-91ec65e8d427@group-78D009247DF8-LeaderElection81] INFO  server.RaftServerConfigKeys (ConfUtils.java:logGet(43)) - raft.server.log.appender.snapshot.chunk.size.max = 16MB (=16777216) (default)
2019-10-07 12:35:59,392 [4f7f6616-3aeb-46f3-b4a4-91ec65e8d427@group-78D009247DF8-LeaderElection81] INFO  server.RaftServerConfigKeys (ConfUtils.java:logGet(43)) - raft.server.log.appender.buffer.byte-limit = 33554432 (custom)
2019-10-07 12:35:59,392 [4f7f6616-3aeb-46f3-b4a4-91ec65e8d427@group-78D009247DF8-LeaderElection81] INFO  server.RaftServerConfigKeys (ConfUtils.java:logGet(43)) - raft.server.log.appender.buffer.element-limit = 1 (custom)
2019-10-07 12:35:59,393 [4f7f6616-3aeb-46f3-b4a4-91ec65e8d427@group-78D009247DF8-LeaderElection81] INFO  grpc.GrpcConfigKeys$Server (ConfUtils.java:logGet(43)) - raft.grpc.server.leader.outstanding.appends.max = 128 (default)
2019-10-07 12:35:59,393 [4f7f6616-3aeb-46f3-b4a4-91ec65e8d427@group-78D009247DF8-LeaderElection81] INFO  server.RaftServerConfigKeys (ConfUtils.java:logGet(43)) - raft.server.rpc.request.timeout = 3000ms (default)
2019-10-07 12:35:59,393 [4f7f6616-3aeb-46f3-b4a4-91ec65e8d427@group-78D009247DF8-LeaderElection81] INFO  server.RaftServerConfigKeys (ConfUtils.java:logGet(43)) - raft.server.log.appender.install.snapshot.enabled = false (custom)
2019-10-07 12:35:59,393 [4f7f6616-3aeb-46f3-b4a4-91ec65e8d427@group-78D009247DF8-LeaderElection81] INFO  server.RaftServerConfigKeys (ConfUtils.java:logGet(43)) - raft.server.log.appender.snapshot.chunk.size.max = 16MB (=16777216) (default)
2019-10-07 12:35:59,393 [4f7f6616-3aeb-46f3-b4a4-91ec65e8d427@group-78D009247DF8-LeaderElection81] INFO  server.RaftServerConfigKeys (ConfUtils.java:logGet(43)) - raft.server.log.appender.buffer.byte-limit = 33554432 (custom)
2019-10-07 12:35:59,394 [4f7f6616-3aeb-46f3-b4a4-91ec65e8d427@group-78D009247DF8-LeaderElection81] INFO  server.RaftServerConfigKeys (ConfUtils.java:logGet(43)) - raft.server.log.appender.buffer.element-limit = 1 (custom)
2019-10-07 12:35:59,394 [4f7f6616-3aeb-46f3-b4a4-91ec65e8d427@group-78D009247DF8-LeaderElection81] INFO  grpc.GrpcConfigKeys$Server (ConfUtils.java:logGet(43)) - raft.grpc.server.leader.outstanding.appends.max = 128 (default)
2019-10-07 12:35:59,394 [4f7f6616-3aeb-46f3-b4a4-91ec65e8d427@group-78D009247DF8-LeaderElection81] INFO  server.RaftServerConfigKeys (ConfUtils.java:logGet(43)) - raft.server.rpc.request.timeout = 3000ms (default)
2019-10-07 12:35:59,394 [4f7f6616-3aeb-46f3-b4a4-91ec65e8d427@group-78D009247DF8-LeaderElection81] INFO  server.RaftServerConfigKeys (ConfUtils.java:logGet(43)) - raft.server.log.appender.install.snapshot.enabled = false (custom)
2019-10-07 12:35:59,394 [4f7f6616-3aeb-46f3-b4a4-91ec65e8d427@group-78D009247DF8-LeaderElection81] INFO  impl.RoleInfo (RoleInfo.java:updateAndGet(143)) - 4f7f6616-3aeb-46f3-b4a4-91ec65e8d427: start LeaderState
2019-10-07 12:35:59,395 [4f7f6616-3aeb-46f3-b4a4-91ec65e8d427@group-78D009247DF8-LeaderElection81] INFO  segmented.SegmentedRaftLogWorker (SegmentedRaftLogWorker.java:rollLogSegment(390)) - 4f7f6616-3aeb-46f3-b4a4-91ec65e8d427@group-78D009247DF8-SegmentedRaftLogWorker: Rolling segment log-0_13 to index:13
2019-10-07 12:35:59,395 [4f7f6616-3aeb-46f3-b4a4-91ec65e8d427@group-78D009247DF8-SegmentedRaftLogWorker] INFO  segmented.SegmentedRaftLogWorker (SegmentedRaftLogWorker.java:execute(531)) - 4f7f6616-3aeb-46f3-b4a4-91ec65e8d427@group-78D009247DF8-SegmentedRaftLogWorker: Rolled log segment from /workdir/hadoop-ozone/integration-test/target/test-dir/MiniOzoneClusterImpl-c08a8652-cb2a-478b-8eac-982176e8ab68/datanode-5/data/ratis/b7112e3e-ca61-4427-839e-78d009247df8/current/log_inprogress_0 to /workdir/hadoop-ozone/integration-test/target/test-dir/MiniOzoneClusterImpl-c08a8652-cb2a-478b-8eac-982176e8ab68/datanode-5/data/ratis/b7112e3e-ca61-4427-839e-78d009247df8/current/log_0-13
2019-10-07 12:35:59,395 [4f7f6616-3aeb-46f3-b4a4-91ec65e8d427@group-78D009247DF8-LeaderElection81] INFO  impl.RaftServerImpl (ServerState.java:setRaftConf(356)) - 4f7f6616-3aeb-46f3-b4a4-91ec65e8d427@group-78D009247DF8: set configuration 14: [4f7f6616-3aeb-46f3-b4a4-91ec65e8d427:192.168.30.23:46315, 876b8d92-f219-477b-ab59-8aa0568d5cc7:192.168.30.23:38283, 661a6d90-43d1-4876-808a-83d8d1c749a3:192.168.30.23:36514], old=null at 14
2019-10-07 12:35:59,398 [grpc-default-executor-8] WARN  server.GrpcLogAppender (LogUtils.java:warn(134)) - 4f7f6616-3aeb-46f3-b4a4-91ec65e8d427@group-78D009247DF8->876b8d92-f219-477b-ab59-8aa0568d5cc7-AppendLogResponseHandler: Failed appendEntries: org.apache.ratis.thirdparty.io.grpc.StatusRuntimeException: UNAVAILABLE: io exception
2019-10-07 12:35:59,428 [grpc-default-executor-8] INFO  impl.FollowerInfo (FollowerInfo.java:lambda$new$0(51)) - 4f7f6616-3aeb-46f3-b4a4-91ec65e8d427@group-78D009247DF8->876b8d92-f219-477b-ab59-8aa0568d5cc7: nextIndex: updateUnconditionally 14 -> 1
2019-10-07 12:35:59,429 [grpc-default-executor-8] INFO  impl.RaftServerImpl (ServerState.java:setLeader(255)) - 661a6d90-43d1-4876-808a-83d8d1c749a3@group-78D009247DF8: change Leader from null to 4f7f6616-3aeb-46f3-b4a4-91ec65e8d427 at term 2 for appendEntries, leader elected after 74ms
2019-10-07 12:35:59,431 [grpc-default-executor-8] INFO  impl.RaftServerImpl (ServerState.java:setRaftConf(356)) - 661a6d90-43d1-4876-808a-83d8d1c749a3@group-78D009247DF8: set configuration 14: [4f7f6616-3aeb-46f3-b4a4-91ec65e8d427:192.168.30.23:46315, 876b8d92-f219-477b-ab59-8aa0568d5cc7:192.168.30.23:38283, 661a6d90-43d1-4876-808a-83d8d1c749a3:192.168.30.23:36514], old=null at 14
2019-10-07 12:35:59,431 [grpc-default-executor-8] INFO  segmented.SegmentedRaftLogWorker (SegmentedRaftLogWorker.java:rollLogSegment(390)) - 661a6d90-43d1-4876-808a-83d8d1c749a3@group-78D009247DF8-SegmentedRaftLogWorker: Rolling segment log-0_13 to index:13
2019-10-07 12:35:59,432 [661a6d90-43d1-4876-808a-83d8d1c749a3@group-78D009247DF8-SegmentedRaftLogWorker] INFO  segmented.SegmentedRaftLogWorker (SegmentedRaftLogWorker.java:execute(531)) - 661a6d90-43d1-4876-808a-83d8d1c749a3@group-78D009247DF8-SegmentedRaftLogWorker: Rolled log segment from /workdir/hadoop-ozone/integration-test/target/test-dir/MiniOzoneClusterImpl-c08a8652-cb2a-478b-8eac-982176e8ab68/datanode-6/data/ratis/b7112e3e-ca61-4427-839e-78d009247df8/current/log_inprogress_0 to /workdir/hadoop-ozone/integration-test/target/test-dir/MiniOzoneClusterImpl-c08a8652-cb2a-478b-8eac-982176e8ab68/datanode-6/data/ratis/b7112e3e-ca61-4427-839e-78d009247df8/current/log_0-13
2019-10-07 12:35:59,441 [4f7f6616-3aeb-46f3-b4a4-91ec65e8d427@group-78D009247DF8-SegmentedRaftLogWorker] INFO  segmented.SegmentedRaftLogWorker (SegmentedRaftLogWorker.java:execute(574)) - 4f7f6616-3aeb-46f3-b4a4-91ec65e8d427@group-78D009247DF8-SegmentedRaftLogWorker: created new log segment /workdir/hadoop-ozone/integration-test/target/test-dir/MiniOzoneClusterImpl-c08a8652-cb2a-478b-8eac-982176e8ab68/datanode-5/data/ratis/b7112e3e-ca61-4427-839e-78d009247df8/current/log_inprogress_14
2019-10-07 12:35:59,484 [661a6d90-43d1-4876-808a-83d8d1c749a3@group-78D009247DF8-SegmentedRaftLogWorker] INFO  segmented.SegmentedRaftLogWorker (SegmentedRaftLogWorker.java:execute(574)) - 661a6d90-43d1-4876-808a-83d8d1c749a3@group-78D009247DF8-SegmentedRaftLogWorker: created new log segment /workdir/hadoop-ozone/integration-test/target/test-dir/MiniOzoneClusterImpl-c08a8652-cb2a-478b-8eac-982176e8ab68/datanode-6/data/ratis/b7112e3e-ca61-4427-839e-78d009247df8/current/log_inprogress_14
2019-10-07 12:35:59,516 [grpc-default-executor-2] WARN  server.GrpcLogAppender (LogUtils.java:warn(134)) - 4f7f6616-3aeb-46f3-b4a4-91ec65e8d427@group-78D009247DF8->876b8d92-f219-477b-ab59-8aa0568d5cc7-AppendLogResponseHandler: Failed appendEntries: org.apache.ratis.thirdparty.io.grpc.StatusRuntimeException: UNAVAILABLE: io exception
2019-10-07 12:35:59,516 [grpc-default-executor-2] INFO  impl.FollowerInfo (FollowerInfo.java:lambda$new$0(51)) - 4f7f6616-3aeb-46f3-b4a4-91ec65e8d427@group-78D009247DF8->876b8d92-f219-477b-ab59-8aa0568d5cc7: nextIndex: updateUnconditionally 2 -> 1
2019-10-07 12:35:59,526 [grpc-default-executor-6] WARN  server.GrpcLogAppender (LogUtils.java:warn(134)) - 4f7f6616-3aeb-46f3-b4a4-91ec65e8d427@group-78D009247DF8->876b8d92-f219-477b-ab59-8aa0568d5cc7-AppendLogResponseHandler: Failed appendEntries: org.apache.ratis.thirdparty.io.grpc.StatusRuntimeException: UNAVAILABLE: io exception
2019-10-07 12:35:59,527 [grpc-default-executor-6] INFO  impl.FollowerInfo (FollowerInfo.java:lambda$new$0(51)) - 4f7f6616-3aeb-46f3-b4a4-91ec65e8d427@group-78D009247DF8->876b8d92-f219-477b-ab59-8aa0568d5cc7: nextIndex: updateUnconditionally 2 -> 1
2019-10-07 12:35:59,678 [EventQueue-StaleNodeForStaleNodeHandler] INFO  node.StaleNodeHandler (StaleNodeHandler.java:onMessage(58)) - Datanode 4940d0e3-d299-42d6-a5cb-8d6363f46478{ip: 192.168.30.23, host: pr-hdds-2262-rg9fl-2107095119, networkLocation: /default-rack, certSerialId: null} moved to stale state. Finalizing its pipelines [PipelineID=1df5aaec-3b78-498c-8d65-1baa06384d22, PipelineID=c5207d1c-8849-477d-8aff-9e36740ee181]
2019-10-07 12:35:59,679 [EventQueue-StaleNodeForStaleNodeHandler] INFO  pipeline.SCMPipelineManager (SCMPipelineManager.java:finalizeAndDestroyPipeline(315)) - destroying pipeline:Pipeline[ Id: 1df5aaec-3b78-498c-8d65-1baa06384d22, Nodes: b832e3db-7591-4d70-a4ae-49be624e8c11{ip: 192.168.30.23, host: pr-hdds-2262-rg9fl-2107095119, networkLocation: /default-rack, certSerialId: null}149e5820-2214-4b7b-b515-e21eaa37c885{ip: 192.168.30.23, host: pr-hdds-2262-rg9fl-2107095119, networkLocation: /default-rack, certSerialId: null}4940d0e3-d299-42d6-a5cb-8d6363f46478{ip: 192.168.30.23, host: pr-hdds-2262-rg9fl-2107095119, networkLocation: /default-rack, certSerialId: null}, Type:RATIS, Factor:THREE, State:CLOSED]
2019-10-07 12:35:59,679 [EventQueue-StaleNodeForStaleNodeHandler] INFO  pipeline.SCMPipelineManager (SCMPipelineManager.java:finalizeAndDestroyPipeline(315)) - destroying pipeline:Pipeline[ Id: c5207d1c-8849-477d-8aff-9e36740ee181, Nodes: 4940d0e3-d299-42d6-a5cb-8d6363f46478{ip: 192.168.30.23, host: pr-hdds-2262-rg9fl-2107095119, networkLocation: /default-rack, certSerialId: null}, Type:RATIS, Factor:ONE, State:OPEN]
2019-10-07 12:35:59,679 [EventQueue-StaleNodeForStaleNodeHandler] INFO  pipeline.PipelineStateManager (PipelineStateManager.java:finalizePipeline(123)) - Pipeline Pipeline[ Id: c5207d1c-8849-477d-8aff-9e36740ee181, Nodes: 4940d0e3-d299-42d6-a5cb-8d6363f46478{ip: 192.168.30.23, host: pr-hdds-2262-rg9fl-2107095119, networkLocation: /default-rack, certSerialId: null}, Type:RATIS, Factor:ONE, State:CLOSED] moved to CLOSED state
2019-10-07 12:35:59,679 [EventQueue-StaleNodeForStaleNodeHandler] INFO  node.StaleNodeHandler (StaleNodeHandler.java:onMessage(58)) - Datanode 9f9cdcd1-102b-49c8-8900-6ca02da15102{ip: 192.168.30.23, host: pr-hdds-2262-rg9fl-2107095119, networkLocation: /default-rack, certSerialId: null} moved to stale state. Finalizing its pipelines [PipelineID=14b7d4c6-98d4-4469-9db5-1d8b50daa751]
2019-10-07 12:35:59,680 [EventQueue-StaleNodeForStaleNodeHandler] INFO  pipeline.SCMPipelineManager (SCMPipelineManager.java:finalizeAndDestroyPipeline(315)) - destroying pipeline:Pipeline[ Id: 14b7d4c6-98d4-4469-9db5-1d8b50daa751, Nodes: 9f9cdcd1-102b-49c8-8900-6ca02da15102{ip: 192.168.30.23, host: pr-hdds-2262-rg9fl-2107095119, networkLocation: /default-rack, certSerialId: null}, Type:RATIS, Factor:ONE, State:OPEN]
2019-10-07 12:35:59,680 [EventQueue-StaleNodeForStaleNodeHandler] INFO  pipeline.PipelineStateManager (PipelineStateManager.java:finalizePipeline(123)) - Pipeline Pipeline[ Id: 14b7d4c6-98d4-4469-9db5-1d8b50daa751, Nodes: 9f9cdcd1-102b-49c8-8900-6ca02da15102{ip: 192.168.30.23, host: pr-hdds-2262-rg9fl-2107095119, networkLocation: /default-rack, certSerialId: null}, Type:RATIS, Factor:ONE, State:CLOSED] moved to CLOSED state
2019-10-07 12:35:59,890 [ForkJoinPool.commonPool-worker-0] INFO  ozoneimpl.OzoneContainer (OzoneContainer.java:stop(231)) - Attempting to stop container services.
2019-10-07 12:35:59,893 [ForkJoinPool.commonPool-worker-0] INFO  impl.RaftServerProxy (RaftServerProxy.java:lambda$close$4(314)) - 4940d0e3-d299-42d6-a5cb-8d6363f46478: close
2019-10-07 12:35:59,893 [ForkJoinPool.commonPool-worker-0] INFO  impl.RaftServerImpl (RaftServerImpl.java:lambda$shutdown$3(247)) - 4940d0e3-d299-42d6-a5cb-8d6363f46478@group-1BAA06384D22: shutdown
2019-10-07 12:35:59,893 [ForkJoinPool.commonPool-worker-0] INFO  util.JmxRegister (JmxRegister.java:unregister(73)) - Successfully un-registered JMX Bean with object name Ratis:service=RaftServer,group=group-1BAA06384D22,id=4940d0e3-d299-42d6-a5cb-8d6363f46478
2019-10-07 12:35:59,894 [ForkJoinPool.commonPool-worker-0] INFO  impl.RoleInfo (RoleInfo.java:shutdownFollowerState(121)) - 4940d0e3-d299-42d6-a5cb-8d6363f46478: shutdown FollowerState
2019-10-07 12:35:59,894 [ForkJoinPool.commonPool-worker-0] INFO  impl.StateMachineUpdater (StateMachineUpdater.java:stopAndJoin(136)) - 4940d0e3-d299-42d6-a5cb-8d6363f46478@group-1BAA06384D22-StateMachineUpdater: set stopIndex = 6
2019-10-07 12:35:59,894 [Thread-3458] INFO  impl.FollowerState (FollowerState.java:run(117)) - 4940d0e3-d299-42d6-a5cb-8d6363f46478@group-1BAA06384D22-FollowerState was interrupted: java.lang.InterruptedException: sleep interrupted
2019-10-07 12:35:59,894 [4940d0e3-d299-42d6-a5cb-8d6363f46478@group-1BAA06384D22-StateMachineUpdater] INFO  ratis.ContainerStateMachine (ContainerStateMachine.java:takeSnapshot(294)) - group-1BAA06384D22: Taking a snapshot at:(t:1, i:4) file /workdir/hadoop-ozone/integration-test/target/test-dir/MiniOzoneClusterImpl-c08a8652-cb2a-478b-8eac-982176e8ab68/datanode-2/data/ratis/1df5aaec-3b78-498c-8d65-1baa06384d22/sm/snapshot.1_4
2019-10-07 12:35:59,900 [main] INFO  ozoneimpl.OzoneContainer (OzoneContainer.java:stop(231)) - Attempting to stop container services.
2019-10-07 12:35:59,901 [main] INFO  impl.RaftServerProxy (RaftServerProxy.java:lambda$close$4(314)) - 9f9cdcd1-102b-49c8-8900-6ca02da15102: close
2019-10-07 12:35:59,903 [main] INFO  impl.RaftServerImpl (RaftServerImpl.java:lambda$shutdown$3(247)) - 9f9cdcd1-102b-49c8-8900-6ca02da15102@group-1D8B50DAA751: shutdown
2019-10-07 12:35:59,903 [main] INFO  util.JmxRegister (JmxRegister.java:unregister(73)) - Successfully un-registered JMX Bean with object name Ratis:service=RaftServer,group=group-1D8B50DAA751,id=9f9cdcd1-102b-49c8-8900-6ca02da15102
2019-10-07 12:35:59,903 [main] INFO  impl.RoleInfo (RoleInfo.java:shutdownLeaderState(104)) - 9f9cdcd1-102b-49c8-8900-6ca02da15102: shutdown LeaderState
2019-10-07 12:35:59,904 [main] INFO  impl.PendingRequests (PendingRequests.java:sendNotLeaderResponses(202)) - 9f9cdcd1-102b-49c8-8900-6ca02da15102@group-1D8B50DAA751-PendingRequests: sendNotLeaderResponses
2019-10-07 12:35:59,904 [main] INFO  impl.StateMachineUpdater (StateMachineUpdater.java:stopAndJoin(136)) - 9f9cdcd1-102b-49c8-8900-6ca02da15102@group-1D8B50DAA751-StateMachineUpdater: set stopIndex = 0
2019-10-07 12:35:59,905 [main] INFO  impl.RaftServerImpl (ServerState.java:close(387)) - 9f9cdcd1-102b-49c8-8900-6ca02da15102@group-1D8B50DAA751: closes. applyIndex: 0
2019-10-07 12:35:59,905 [9f9cdcd1-102b-49c8-8900-6ca02da15102@group-1D8B50DAA751-SegmentedRaftLogWorker] INFO  segmented.SegmentedRaftLogWorker (SegmentedRaftLogWorker.java:run(316)) - 9f9cdcd1-102b-49c8-8900-6ca02da15102@group-1D8B50DAA751-SegmentedRaftLogWorker was interrupted, exiting. There are 0 tasks remaining in the queue.
2019-10-07 12:35:59,908 [main] INFO  segmented.SegmentedRaftLogWorker (SegmentedRaftLogWorker.java:close(224)) - 9f9cdcd1-102b-49c8-8900-6ca02da15102@group-1D8B50DAA751-SegmentedRaftLogWorker close()
2019-10-07 12:35:59,908 [4940d0e3-d299-42d6-a5cb-8d6363f46478@group-1BAA06384D22-StateMachineUpdater] INFO  ratis.ContainerStateMachine (ContainerStateMachine.java:takeSnapshot(305)) - group-1BAA06384D22: Finished taking a snapshot at:(t:1, i:4) file:/workdir/hadoop-ozone/integration-test/target/test-dir/MiniOzoneClusterImpl-c08a8652-cb2a-478b-8eac-982176e8ab68/datanode-2/data/ratis/1df5aaec-3b78-498c-8d65-1baa06384d22/sm/snapshot.1_4 time:14
2019-10-07 12:35:59,914 [main] INFO  server.GrpcService (GrpcService.java:closeImpl(164)) - 9f9cdcd1-102b-49c8-8900-6ca02da15102: shutdown server with port 33391 now
2019-10-07 12:35:59,914 [4940d0e3-d299-42d6-a5cb-8d6363f46478@group-1BAA06384D22-StateMachineUpdater] INFO  impl.StateMachineUpdater (StateMachineUpdater.java:takeSnapshot(269)) - 4940d0e3-d299-42d6-a5cb-8d6363f46478@group-1BAA06384D22-StateMachineUpdater: Took a snapshot at index 4
2019-10-07 12:35:59,914 [4940d0e3-d299-42d6-a5cb-8d6363f46478@group-1BAA06384D22-StateMachineUpdater] INFO  impl.StateMachineUpdater (StateMachineUpdater.java:lambda$new$0(84)) - 4940d0e3-d299-42d6-a5cb-8d6363f46478@group-1BAA06384D22-StateMachineUpdater: snapshotIndex: updateIncreasingly -1 -> 4
2019-10-07 12:35:59,916 [main] INFO  server.GrpcService (GrpcService.java:closeImpl(172)) - 9f9cdcd1-102b-49c8-8900-6ca02da15102: shutdown server with port 33391 successfully
2019-10-07 12:35:59,916 [4940d0e3-d299-42d6-a5cb-8d6363f46478@group-1BAA06384D22-StateMachineUpdater] INFO  ratis.ContainerStateMachine (ContainerStateMachine.java:takeSnapshot(294)) - group-1BAA06384D22: Taking a snapshot at:(t:1, i:4) file /workdir/hadoop-ozone/integration-test/target/test-dir/MiniOzoneClusterImpl-c08a8652-cb2a-478b-8eac-982176e8ab68/datanode-2/data/ratis/1df5aaec-3b78-498c-8d65-1baa06384d22/sm/snapshot.1_4
2019-10-07 12:35:59,918 [refreshUsed-/workdir/hadoop-ozone/integration-test/target/test-dir/MiniOzoneClusterImpl-c08a8652-cb2a-478b-8eac-982176e8ab68/datanode-3/data/containers] WARN  fs.CachingGetSpaceUsed (CachingGetSpaceUsed.java:run(183)) - Thread Interrupted waiting to refresh disk information: sleep interrupted
2019-10-07 12:35:59,930 [4940d0e3-d299-42d6-a5cb-8d6363f46478@group-1BAA06384D22-StateMachineUpdater] INFO  ratis.ContainerStateMachine (ContainerStateMachine.java:takeSnapshot(305)) - group-1BAA06384D22: Finished taking a snapshot at:(t:1, i:4) file:/workdir/hadoop-ozone/integration-test/target/test-dir/MiniOzoneClusterImpl-c08a8652-cb2a-478b-8eac-982176e8ab68/datanode-2/data/ratis/1df5aaec-3b78-498c-8d65-1baa06384d22/sm/snapshot.1_4 time:14
2019-10-07 12:35:59,930 [4940d0e3-d299-42d6-a5cb-8d6363f46478@group-1BAA06384D22-StateMachineUpdater] INFO  impl.StateMachineUpdater (StateMachineUpdater.java:takeSnapshot(269)) - 4940d0e3-d299-42d6-a5cb-8d6363f46478@group-1BAA06384D22-StateMachineUpdater: Took a snapshot at index 4
2019-10-07 12:35:59,930 [4940d0e3-d299-42d6-a5cb-8d6363f46478@group-1BAA06384D22-StateMachineUpdater] INFO  impl.StateMachineUpdater (StateMachineUpdater.java:lambda$new$0(84)) - 4940d0e3-d299-42d6-a5cb-8d6363f46478@group-1BAA06384D22-StateMachineUpdater: snapshotIndex: updateIncreasingly 4 -> 4
2019-10-07 12:35:59,930 [ForkJoinPool.commonPool-worker-0] INFO  impl.RaftServerImpl (ServerState.java:close(387)) - 4940d0e3-d299-42d6-a5cb-8d6363f46478@group-1BAA06384D22: closes. applyIndex: 6
2019-10-07 12:35:59,930 [4940d0e3-d299-42d6-a5cb-8d6363f46478@group-1BAA06384D22-SegmentedRaftLogWorker] INFO  segmented.SegmentedRaftLogWorker (SegmentedRaftLogWorker.java:run(316)) - 4940d0e3-d299-42d6-a5cb-8d6363f46478@group-1BAA06384D22-SegmentedRaftLogWorker was interrupted, exiting. There are 0 tasks remaining in the queue.
2019-10-07 12:35:59,932 [ForkJoinPool.commonPool-worker-0] INFO  segmented.SegmentedRaftLogWorker (SegmentedRaftLogWorker.java:close(224)) - 4940d0e3-d299-42d6-a5cb-8d6363f46478@group-1BAA06384D22-SegmentedRaftLogWorker close()
2019-10-07 12:35:59,935 [ForkJoinPool.commonPool-worker-0] INFO  impl.RaftServerImpl (RaftServerImpl.java:lambda$shutdown$3(247)) - 4940d0e3-d299-42d6-a5cb-8d6363f46478@group-9E36740EE181: shutdown
2019-10-07 12:35:59,935 [ForkJoinPool.commonPool-worker-0] INFO  util.JmxRegister (JmxRegister.java:unregister(73)) - Successfully un-registered JMX Bean with object name Ratis:service=RaftServer,group=group-9E36740EE181,id=4940d0e3-d299-42d6-a5cb-8d6363f46478
2019-10-07 12:35:59,935 [ForkJoinPool.commonPool-worker-0] INFO  impl.RoleInfo (RoleInfo.java:shutdownLeaderState(104)) - 4940d0e3-d299-42d6-a5cb-8d6363f46478: shutdown LeaderState
2019-10-07 12:35:59,936 [ForkJoinPool.commonPool-worker-0] INFO  impl.PendingRequests (PendingRequests.java:sendNotLeaderResponses(202)) - 4940d0e3-d299-42d6-a5cb-8d6363f46478@group-9E36740EE181-PendingRequests: sendNotLeaderResponses
2019-10-07 12:35:59,936 [ForkJoinPool.commonPool-worker-0] INFO  impl.StateMachineUpdater (StateMachineUpdater.java:stopAndJoin(136)) - 4940d0e3-d299-42d6-a5cb-8d6363f46478@group-9E36740EE181-StateMachineUpdater: set stopIndex = 0
2019-10-07 12:35:59,936 [ForkJoinPool.commonPool-worker-0] INFO  impl.RaftServerImpl (ServerState.java:close(387)) - 4940d0e3-d299-42d6-a5cb-8d6363f46478@group-9E36740EE181: closes. applyIndex: 0
2019-10-07 12:35:59,936 [4940d0e3-d299-42d6-a5cb-8d6363f46478@group-9E36740EE181-SegmentedRaftLogWorker] INFO  segmented.SegmentedRaftLogWorker (SegmentedRaftLogWorker.java:run(316)) - 4940d0e3-d299-42d6-a5cb-8d6363f46478@group-9E36740EE181-SegmentedRaftLogWorker was interrupted, exiting. There are 0 tasks remaining in the queue.
2019-10-07 12:35:59,938 [ForkJoinPool.commonPool-worker-0] INFO  segmented.SegmentedRaftLogWorker (SegmentedRaftLogWorker.java:close(224)) - 4940d0e3-d299-42d6-a5cb-8d6363f46478@group-9E36740EE181-SegmentedRaftLogWorker close()
2019-10-07 12:35:59,946 [ForkJoinPool.commonPool-worker-0] INFO  server.GrpcService (GrpcService.java:closeImpl(164)) - 4940d0e3-d299-42d6-a5cb-8d6363f46478: shutdown server with port 34846 now
2019-10-07 12:35:59,949 [ForkJoinPool.commonPool-worker-0] INFO  server.GrpcService (GrpcService.java:closeImpl(172)) - 4940d0e3-d299-42d6-a5cb-8d6363f46478: shutdown server with port 34846 successfully
2019-10-07 12:35:59,955 [refreshUsed-/workdir/hadoop-ozone/integration-test/target/test-dir/MiniOzoneClusterImpl-c08a8652-cb2a-478b-8eac-982176e8ab68/datanode-2/data/containers] WARN  fs.CachingGetSpaceUsed (CachingGetSpaceUsed.java:run(183)) - Thread Interrupted waiting to refresh disk information: sleep interrupted
2019-10-07 12:35:59,958 [main] INFO  utils.BackgroundService (BackgroundService.java:shutdown(148)) - Shutting down service BlockDeletingService
2019-10-07 12:35:59,964 [main] INFO  statemachine.DatanodeStateMachine (DatanodeStateMachine.java:stopDaemon(395)) - Ozone container server stopped.
2019-10-07 12:35:59,964 [main] INFO  handler.ContextHandler (ContextHandler.java:doStop(910)) - Stopped o.e.j.w.WebAppContext@3bd08435{/,null,UNAVAILABLE}{/hddsDatanode}
2019-10-07 12:35:59,965 [main] INFO  server.AbstractConnector (AbstractConnector.java:doStop(318)) - Stopped ServerConnector@3e52ed5d{HTTP/1.1,[http/1.1]}{0.0.0.0:0}
2019-10-07 12:35:59,966 [main] INFO  handler.ContextHandler (ContextHandler.java:doStop(910)) - Stopped o.e.j.s.ServletContextHandler@e01a26b{/static,jar:file:/home/user/.m2/repository/org/apache/hadoop/hadoop-hdds-container-service/0.5.0-SNAPSHOT/hadoop-hdds-container-service-0.5.0-SNAPSHOT.jar!/webapps/static,UNAVAILABLE}
2019-10-07 12:35:59,966 [main] INFO  handler.ContextHandler (ContextHandler.java:doStop(910)) - Stopped o.e.j.s.ServletContextHandler@65d9e72a{/logs,file:///workdir/hadoop-ozone/integration-test/target/log,UNAVAILABLE}
2019-10-07 12:35:59,975 [ForkJoinPool.commonPool-worker-0] INFO  utils.BackgroundService (BackgroundService.java:shutdown(148)) - Shutting down service BlockDeletingService
2019-10-07 12:35:59,986 [ForkJoinPool.commonPool-worker-0] INFO  statemachine.DatanodeStateMachine (DatanodeStateMachine.java:stopDaemon(395)) - Ozone container server stopped.
2019-10-07 12:35:59,993 [ForkJoinPool.commonPool-worker-0] INFO  handler.ContextHandler (ContextHandler.java:doStop(910)) - Stopped o.e.j.w.WebAppContext@27bc1d44{/,null,UNAVAILABLE}{/hddsDatanode}
2019-10-07 12:35:59,993 [ForkJoinPool.commonPool-worker-0] INFO  server.AbstractConnector (AbstractConnector.java:doStop(318)) - Stopped ServerConnector@1af677f8{HTTP/1.1,[http/1.1]}{0.0.0.0:0}
2019-10-07 12:35:59,995 [ForkJoinPool.commonPool-worker-0] INFO  handler.ContextHandler (ContextHandler.java:doStop(910)) - Stopped o.e.j.s.ServletContextHandler@aa752bb{/static,jar:file:/home/user/.m2/repository/org/apache/hadoop/hadoop-hdds-container-service/0.5.0-SNAPSHOT/hadoop-hdds-container-service-0.5.0-SNAPSHOT.jar!/webapps/static,UNAVAILABLE}
2019-10-07 12:35:59,998 [ForkJoinPool.commonPool-worker-0] INFO  handler.ContextHandler (ContextHandler.java:doStop(910)) - Stopped o.e.j.s.ServletContextHandler@4a9b3956{/logs,file:///workdir/hadoop-ozone/integration-test/target/log,UNAVAILABLE}
2019-10-07 12:36:00,428 [Datanode State Machine Thread - 0] INFO  statemachine.DatanodeStateMachine (DatanodeStateMachine.java:lambda$startDaemon$0(350)) - Ozone container server started.
2019-10-07 12:36:00,670 [Datanode State Machine Thread - 0] INFO  statemachine.DatanodeStateMachine (DatanodeStateMachine.java:lambda$startDaemon$0(350)) - Ozone container server started.
2019-10-07 12:36:02,027 [grpc-default-executor-6] WARN  server.GrpcLogAppender (LogUtils.java:warn(134)) - 4f7f6616-3aeb-46f3-b4a4-91ec65e8d427@group-78D009247DF8->876b8d92-f219-477b-ab59-8aa0568d5cc7-AppendLogResponseHandler: Failed appendEntries: org.apache.ratis.thirdparty.io.grpc.StatusRuntimeException: UNAVAILABLE: io exception
2019-10-07 12:36:02,027 [grpc-default-executor-6] INFO  impl.FollowerInfo (FollowerInfo.java:lambda$new$0(51)) - 4f7f6616-3aeb-46f3-b4a4-91ec65e8d427@group-78D009247DF8->876b8d92-f219-477b-ab59-8aa0568d5cc7: nextIndex: updateUnconditionally 1 -> 0
2019-10-07 12:36:04,048 [Thread-3459] INFO  impl.FollowerState (FollowerState.java:run(108)) - 149e5820-2214-4b7b-b515-e21eaa37c885@group-1BAA06384D22-FollowerState: change to CANDIDATE, lastRpcTime:9350ms, electionTimeout:5006ms
2019-10-07 12:36:04,048 [Thread-3459] INFO  impl.RoleInfo (RoleInfo.java:shutdownFollowerState(121)) - 149e5820-2214-4b7b-b515-e21eaa37c885: shutdown FollowerState
2019-10-07 12:36:04,048 [Thread-3459] INFO  impl.RaftServerImpl (RaftServerImpl.java:setRole(170)) - 149e5820-2214-4b7b-b515-e21eaa37c885@group-1BAA06384D22: changes role from  FOLLOWER to CANDIDATE at term 1 for changeToCandidate
2019-10-07 12:36:04,048 [Thread-3459] INFO  impl.RoleInfo (RoleInfo.java:updateAndGet(143)) - 149e5820-2214-4b7b-b515-e21eaa37c885: start LeaderElection
2019-10-07 12:36:04,056 [149e5820-2214-4b7b-b515-e21eaa37c885@group-1BAA06384D22-LeaderElection82] INFO  impl.RaftServerImpl (ServerState.java:setLeader(255)) - 149e5820-2214-4b7b-b515-e21eaa37c885@group-1BAA06384D22: change Leader from b832e3db-7591-4d70-a4ae-49be624e8c11 to null at term 1 for initElection
2019-10-07 12:36:04,070 [149e5820-2214-4b7b-b515-e21eaa37c885@group-1BAA06384D22-LeaderElection82] INFO  impl.LeaderElection (LeaderElection.java:askForVotes(178)) - 149e5820-2214-4b7b-b515-e21eaa37c885@group-1BAA06384D22-LeaderElection82: begin an election at term 2 for 0: [b832e3db-7591-4d70-a4ae-49be624e8c11:192.168.30.23:44410, 4940d0e3-d299-42d6-a5cb-8d6363f46478:192.168.30.23:34846, 149e5820-2214-4b7b-b515-e21eaa37c885:192.168.30.23:45628], old=null
2019-10-07 12:36:04,074 [149e5820-2214-4b7b-b515-e21eaa37c885@group-1BAA06384D22-LeaderElection82] INFO  impl.LeaderElection (LogUtils.java:infoOrTrace(149)) - 149e5820-2214-4b7b-b515-e21eaa37c885@group-1BAA06384D22-LeaderElection82 got exception when requesting votes: {}
java.util.concurrent.ExecutionException: org.apache.ratis.thirdparty.io.grpc.StatusRuntimeException: UNAVAILABLE: io exception
	at java.util.concurrent.FutureTask.report(FutureTask.java:122)
	at java.util.concurrent.FutureTask.get(FutureTask.java:192)
	at org.apache.ratis.server.impl.LeaderElection.waitForResults(LeaderElection.java:259)
	at org.apache.ratis.server.impl.LeaderElection.askForVotes(LeaderElection.java:197)
	at org.apache.ratis.server.impl.LeaderElection.run(LeaderElection.java:133)
	at java.lang.Thread.run(Thread.java:748)
Caused by: org.apache.ratis.thirdparty.io.grpc.StatusRuntimeException: UNAVAILABLE: io exception
	at org.apache.ratis.thirdparty.io.grpc.stub.ClientCalls.toStatusRuntimeException(ClientCalls.java:233)
	at org.apache.ratis.thirdparty.io.grpc.stub.ClientCalls.getUnchecked(ClientCalls.java:214)
	at org.apache.ratis.thirdparty.io.grpc.stub.ClientCalls.blockingUnaryCall(ClientCalls.java:139)
	at org.apache.ratis.proto.grpc.RaftServerProtocolServiceGrpc$RaftServerProtocolServiceBlockingStub.requestVote(RaftServerProtocolServiceGrpc.java:265)
	at org.apache.ratis.grpc.server.GrpcServerProtocolClient.requestVote(GrpcServerProtocolClient.java:99)
	at org.apache.ratis.grpc.server.GrpcService.requestVote(GrpcService.java:204)
	at org.apache.ratis.server.impl.LeaderElection.lambda$submitRequests$1(LeaderElection.java:234)
	at java.util.concurrent.FutureTask.run(FutureTask.java:266)
	at java.util.concurrent.Executors$RunnableAdapter.call(Executors.java:511)
	at java.util.concurrent.FutureTask.run(FutureTask.java:266)
	at java.util.concurrent.ThreadPoolExecutor.runWorker(ThreadPoolExecutor.java:1149)
	at java.util.concurrent.ThreadPoolExecutor$Worker.run(ThreadPoolExecutor.java:624)
	... 1 more
Caused by: org.apache.ratis.thirdparty.io.netty.channel.AbstractChannel$AnnotatedConnectException: Connection refused: /192.168.30.23:34846
	at sun.nio.ch.SocketChannelImpl.checkConnect(Native Method)
	at sun.nio.ch.SocketChannelImpl.finishConnect(SocketChannelImpl.java:717)
	at org.apache.ratis.thirdparty.io.netty.channel.socket.nio.NioSocketChannel.doFinishConnect(NioSocketChannel.java:327)
	at org.apache.ratis.thirdparty.io.netty.channel.nio.AbstractNioChannel$AbstractNioUnsafe.finishConnect(AbstractNioChannel.java:340)
	at org.apache.ratis.thirdparty.io.netty.channel.nio.NioEventLoop.processSelectedKey(NioEventLoop.java:632)
	at org.apache.ratis.thirdparty.io.netty.channel.nio.NioEventLoop.processSelectedKeysOptimized(NioEventLoop.java:579)
	at org.apache.ratis.thirdparty.io.netty.channel.nio.NioEventLoop.processSelectedKeys(NioEventLoop.java:496)
	at org.apache.ratis.thirdparty.io.netty.channel.nio.NioEventLoop.run(NioEventLoop.java:458)
	at org.apache.ratis.thirdparty.io.netty.util.concurrent.SingleThreadEventExecutor$5.run(SingleThreadEventExecutor.java:897)
	at org.apache.ratis.thirdparty.io.netty.util.concurrent.FastThreadLocalRunnable.run(FastThreadLocalRunnable.java:30)
	... 1 more
Caused by: java.net.ConnectException: Connection refused
	... 11 more
2019-10-07 12:36:04,077 [149e5820-2214-4b7b-b515-e21eaa37c885@group-1BAA06384D22-LeaderElection82] INFO  impl.LeaderElection (LogUtils.java:infoOrTrace(149)) - 149e5820-2214-4b7b-b515-e21eaa37c885@group-1BAA06384D22-LeaderElection82 got exception when requesting votes: {}
java.util.concurrent.ExecutionException: org.apache.ratis.thirdparty.io.grpc.StatusRuntimeException: UNAVAILABLE: io exception
	at java.util.concurrent.FutureTask.report(FutureTask.java:122)
	at java.util.concurrent.FutureTask.get(FutureTask.java:192)
	at org.apache.ratis.server.impl.LeaderElection.waitForResults(LeaderElection.java:259)
	at org.apache.ratis.server.impl.LeaderElection.askForVotes(LeaderElection.java:197)
	at org.apache.ratis.server.impl.LeaderElection.run(LeaderElection.java:133)
	at java.lang.Thread.run(Thread.java:748)
Caused by: org.apache.ratis.thirdparty.io.grpc.StatusRuntimeException: UNAVAILABLE: io exception
	at org.apache.ratis.thirdparty.io.grpc.stub.ClientCalls.toStatusRuntimeException(ClientCalls.java:233)
	at org.apache.ratis.thirdparty.io.grpc.stub.ClientCalls.getUnchecked(ClientCalls.java:214)
	at org.apache.ratis.thirdparty.io.grpc.stub.ClientCalls.blockingUnaryCall(ClientCalls.java:139)
	at org.apache.ratis.proto.grpc.RaftServerProtocolServiceGrpc$RaftServerProtocolServiceBlockingStub.requestVote(RaftServerProtocolServiceGrpc.java:265)
	at org.apache.ratis.grpc.server.GrpcServerProtocolClient.requestVote(GrpcServerProtocolClient.java:99)
	at org.apache.ratis.grpc.server.GrpcService.requestVote(GrpcService.java:204)
	at org.apache.ratis.server.impl.LeaderElection.lambda$submitRequests$1(LeaderElection.java:234)
	at java.util.concurrent.FutureTask.run(FutureTask.java:266)
	at java.util.concurrent.Executors$RunnableAdapter.call(Executors.java:511)
	at java.util.concurrent.FutureTask.run(FutureTask.java:266)
	at java.util.concurrent.ThreadPoolExecutor.runWorker(ThreadPoolExecutor.java:1149)
	at java.util.concurrent.ThreadPoolExecutor$Worker.run(ThreadPoolExecutor.java:624)
	... 1 more
Caused by: org.apache.ratis.thirdparty.io.netty.channel.AbstractChannel$AnnotatedConnectException: Connection refused: /192.168.30.23:44410
	at sun.nio.ch.SocketChannelImpl.checkConnect(Native Method)
	at sun.nio.ch.SocketChannelImpl.finishConnect(SocketChannelImpl.java:717)
	at org.apache.ratis.thirdparty.io.netty.channel.socket.nio.NioSocketChannel.doFinishConnect(NioSocketChannel.java:327)
	at org.apache.ratis.thirdparty.io.netty.channel.nio.AbstractNioChannel$AbstractNioUnsafe.finishConnect(AbstractNioChannel.java:340)
	at org.apache.ratis.thirdparty.io.netty.channel.nio.NioEventLoop.processSelectedKey(NioEventLoop.java:632)
	at org.apache.ratis.thirdparty.io.netty.channel.nio.NioEventLoop.processSelectedKeysOptimized(NioEventLoop.java:579)
	at org.apache.ratis.thirdparty.io.netty.channel.nio.NioEventLoop.processSelectedKeys(NioEventLoop.java:496)
	at org.apache.ratis.thirdparty.io.netty.channel.nio.NioEventLoop.run(NioEventLoop.java:458)
	at org.apache.ratis.thirdparty.io.netty.util.concurrent.SingleThreadEventExecutor$5.run(SingleThreadEventExecutor.java:897)
	at org.apache.ratis.thirdparty.io.netty.util.concurrent.FastThreadLocalRunnable.run(FastThreadLocalRunnable.java:30)
	... 1 more
Caused by: java.net.ConnectException: Connection refused
	... 11 more
2019-10-07 12:36:04,080 [149e5820-2214-4b7b-b515-e21eaa37c885@group-1BAA06384D22-LeaderElection82] INFO  impl.LeaderElection (LeaderElection.java:logAndReturn(56)) - 149e5820-2214-4b7b-b515-e21eaa37c885@group-1BAA06384D22-LeaderElection82: Election REJECTED; received 0 response(s) [] and 2 exception(s); 149e5820-2214-4b7b-b515-e21eaa37c885@group-1BAA06384D22:t2, leader=null, voted=149e5820-2214-4b7b-b515-e21eaa37c885, raftlog=149e5820-2214-4b7b-b515-e21eaa37c885@group-1BAA06384D22-SegmentedRaftLog:OPENED:c6,f6,i6, conf=0: [b832e3db-7591-4d70-a4ae-49be624e8c11:192.168.30.23:44410, 4940d0e3-d299-42d6-a5cb-8d6363f46478:192.168.30.23:34846, 149e5820-2214-4b7b-b515-e21eaa37c885:192.168.30.23:45628], old=null
2019-10-07 12:36:04,080 [149e5820-2214-4b7b-b515-e21eaa37c885@group-1BAA06384D22-LeaderElection82] INFO  impl.LeaderElection (LogUtils.java:infoOrTrace(149)) -   Exception 0: {}
java.util.concurrent.ExecutionException: org.apache.ratis.thirdparty.io.grpc.StatusRuntimeException: UNAVAILABLE: io exception
	at java.util.concurrent.FutureTask.report(FutureTask.java:122)
	at java.util.concurrent.FutureTask.get(FutureTask.java:192)
	at org.apache.ratis.server.impl.LeaderElection.waitForResults(LeaderElection.java:259)
	at org.apache.ratis.server.impl.LeaderElection.askForVotes(LeaderElection.java:197)
	at org.apache.ratis.server.impl.LeaderElection.run(LeaderElection.java:133)
	at java.lang.Thread.run(Thread.java:748)
Caused by: org.apache.ratis.thirdparty.io.grpc.StatusRuntimeException: UNAVAILABLE: io exception
	at org.apache.ratis.thirdparty.io.grpc.stub.ClientCalls.toStatusRuntimeException(ClientCalls.java:233)
	at org.apache.ratis.thirdparty.io.grpc.stub.ClientCalls.getUnchecked(ClientCalls.java:214)
	at org.apache.ratis.thirdparty.io.grpc.stub.ClientCalls.blockingUnaryCall(ClientCalls.java:139)
	at org.apache.ratis.proto.grpc.RaftServerProtocolServiceGrpc$RaftServerProtocolServiceBlockingStub.requestVote(RaftServerProtocolServiceGrpc.java:265)
	at org.apache.ratis.grpc.server.GrpcServerProtocolClient.requestVote(GrpcServerProtocolClient.java:99)
	at org.apache.ratis.grpc.server.GrpcService.requestVote(GrpcService.java:204)
	at org.apache.ratis.server.impl.LeaderElection.lambda$submitRequests$1(LeaderElection.java:234)
	at java.util.concurrent.FutureTask.run(FutureTask.java:266)
	at java.util.concurrent.Executors$RunnableAdapter.call(Executors.java:511)
	at java.util.concurrent.FutureTask.run(FutureTask.java:266)
	at java.util.concurrent.ThreadPoolExecutor.runWorker(ThreadPoolExecutor.java:1149)
	at java.util.concurrent.ThreadPoolExecutor$Worker.run(ThreadPoolExecutor.java:624)
	... 1 more
Caused by: org.apache.ratis.thirdparty.io.netty.channel.AbstractChannel$AnnotatedConnectException: Connection refused: /192.168.30.23:34846
	at sun.nio.ch.SocketChannelImpl.checkConnect(Native Method)
	at sun.nio.ch.SocketChannelImpl.finishConnect(SocketChannelImpl.java:717)
	at org.apache.ratis.thirdparty.io.netty.channel.socket.nio.NioSocketChannel.doFinishConnect(NioSocketChannel.java:327)
	at org.apache.ratis.thirdparty.io.netty.channel.nio.AbstractNioChannel$AbstractNioUnsafe.finishConnect(AbstractNioChannel.java:340)
	at org.apache.ratis.thirdparty.io.netty.channel.nio.NioEventLoop.processSelectedKey(NioEventLoop.java:632)
	at org.apache.ratis.thirdparty.io.netty.channel.nio.NioEventLoop.processSelectedKeysOptimized(NioEventLoop.java:579)
	at org.apache.ratis.thirdparty.io.netty.channel.nio.NioEventLoop.processSelectedKeys(NioEventLoop.java:496)
	at org.apache.ratis.thirdparty.io.netty.channel.nio.NioEventLoop.run(NioEventLoop.java:458)
	at org.apache.ratis.thirdparty.io.netty.util.concurrent.SingleThreadEventExecutor$5.run(SingleThreadEventExecutor.java:897)
	at org.apache.ratis.thirdparty.io.netty.util.concurrent.FastThreadLocalRunnable.run(FastThreadLocalRunnable.java:30)
	... 1 more
Caused by: java.net.ConnectException: Connection refused
	... 11 more
2019-10-07 12:36:04,081 [149e5820-2214-4b7b-b515-e21eaa37c885@group-1BAA06384D22-LeaderElection82] INFO  impl.LeaderElection (LogUtils.java:infoOrTrace(149)) -   Exception 1: {}
java.util.concurrent.ExecutionException: org.apache.ratis.thirdparty.io.grpc.StatusRuntimeException: UNAVAILABLE: io exception
	at java.util.concurrent.FutureTask.report(FutureTask.java:122)
	at java.util.concurrent.FutureTask.get(FutureTask.java:192)
	at org.apache.ratis.server.impl.LeaderElection.waitForResults(LeaderElection.java:259)
	at org.apache.ratis.server.impl.LeaderElection.askForVotes(LeaderElection.java:197)
	at org.apache.ratis.server.impl.LeaderElection.run(LeaderElection.java:133)
	at java.lang.Thread.run(Thread.java:748)
Caused by: org.apache.ratis.thirdparty.io.grpc.StatusRuntimeException: UNAVAILABLE: io exception
	at org.apache.ratis.thirdparty.io.grpc.stub.ClientCalls.toStatusRuntimeException(ClientCalls.java:233)
	at org.apache.ratis.thirdparty.io.grpc.stub.ClientCalls.getUnchecked(ClientCalls.java:214)
	at org.apache.ratis.thirdparty.io.grpc.stub.ClientCalls.blockingUnaryCall(ClientCalls.java:139)
	at org.apache.ratis.proto.grpc.RaftServerProtocolServiceGrpc$RaftServerProtocolServiceBlockingStub.requestVote(RaftServerProtocolServiceGrpc.java:265)
	at org.apache.ratis.grpc.server.GrpcServerProtocolClient.requestVote(GrpcServerProtocolClient.java:99)
	at org.apache.ratis.grpc.server.GrpcService.requestVote(GrpcService.java:204)
	at org.apache.ratis.server.impl.LeaderElection.lambda$submitRequests$1(LeaderElection.java:234)
	at java.util.concurrent.FutureTask.run(FutureTask.java:266)
	at java.util.concurrent.Executors$RunnableAdapter.call(Executors.java:511)
	at java.util.concurrent.FutureTask.run(FutureTask.java:266)
	at java.util.concurrent.ThreadPoolExecutor.runWorker(ThreadPoolExecutor.java:1149)
	at java.util.concurrent.ThreadPoolExecutor$Worker.run(ThreadPoolExecutor.java:624)
	... 1 more
Caused by: org.apache.ratis.thirdparty.io.netty.channel.AbstractChannel$AnnotatedConnectException: Connection refused: /192.168.30.23:44410
	at sun.nio.ch.SocketChannelImpl.checkConnect(Native Method)
	at sun.nio.ch.SocketChannelImpl.finishConnect(SocketChannelImpl.java:717)
	at org.apache.ratis.thirdparty.io.netty.channel.socket.nio.NioSocketChannel.doFinishConnect(NioSocketChannel.java:327)
	at org.apache.ratis.thirdparty.io.netty.channel.nio.AbstractNioChannel$AbstractNioUnsafe.finishConnect(AbstractNioChannel.java:340)
	at org.apache.ratis.thirdparty.io.netty.channel.nio.NioEventLoop.processSelectedKey(NioEventLoop.java:632)
	at org.apache.ratis.thirdparty.io.netty.channel.nio.NioEventLoop.processSelectedKeysOptimized(NioEventLoop.java:579)
	at org.apache.ratis.thirdparty.io.netty.channel.nio.NioEventLoop.processSelectedKeys(NioEventLoop.java:496)
	at org.apache.ratis.thirdparty.io.netty.channel.nio.NioEventLoop.run(NioEventLoop.java:458)
	at org.apache.ratis.thirdparty.io.netty.util.concurrent.SingleThreadEventExecutor$5.run(SingleThreadEventExecutor.java:897)
	at org.apache.ratis.thirdparty.io.netty.util.concurrent.FastThreadLocalRunnable.run(FastThreadLocalRunnable.java:30)
	... 1 more
Caused by: java.net.ConnectException: Connection refused
	... 11 more
2019-10-07 12:36:04,081 [149e5820-2214-4b7b-b515-e21eaa37c885@group-1BAA06384D22-LeaderElection82] INFO  impl.RaftServerImpl (RaftServerImpl.java:setRole(170)) - 149e5820-2214-4b7b-b515-e21eaa37c885@group-1BAA06384D22: changes role from CANDIDATE to FOLLOWER at term 2 for DISCOVERED_A_NEW_TERM
2019-10-07 12:36:04,081 [149e5820-2214-4b7b-b515-e21eaa37c885@group-1BAA06384D22-LeaderElection82] INFO  impl.RoleInfo (RoleInfo.java:shutdownLeaderElection(134)) - 149e5820-2214-4b7b-b515-e21eaa37c885: shutdown LeaderElection
2019-10-07 12:36:04,082 [149e5820-2214-4b7b-b515-e21eaa37c885@group-1BAA06384D22-LeaderElection82] INFO  impl.RoleInfo (RoleInfo.java:updateAndGet(143)) - 149e5820-2214-4b7b-b515-e21eaa37c885: start FollowerState
2019-10-07 12:36:04,493 [EventQueue-StaleNodeForStaleNodeHandler] INFO  node.StaleNodeHandler (StaleNodeHandler.java:onMessage(58)) - Datanode 661a6d90-43d1-4876-808a-83d8d1c749a3{ip: 192.168.30.23, host: pr-hdds-2262-rg9fl-2107095119, networkLocation: /default-rack, certSerialId: null} moved to stale state. Finalizing its pipelines [PipelineID=2414d65d-fef1-4b31-bcbd-99a496efce2e, PipelineID=b7112e3e-ca61-4427-839e-78d009247df8]
2019-10-07 12:36:04,496 [EventQueue-StaleNodeForStaleNodeHandler] INFO  pipeline.SCMPipelineManager (SCMPipelineManager.java:finalizeAndDestroyPipeline(315)) - destroying pipeline:Pipeline[ Id: 2414d65d-fef1-4b31-bcbd-99a496efce2e, Nodes: 661a6d90-43d1-4876-808a-83d8d1c749a3{ip: 192.168.30.23, host: pr-hdds-2262-rg9fl-2107095119, networkLocation: /default-rack, certSerialId: null}, Type:RATIS, Factor:ONE, State:OPEN]
2019-10-07 12:36:04,497 [EventQueue-StaleNodeForStaleNodeHandler] INFO  pipeline.PipelineStateManager (PipelineStateManager.java:finalizePipeline(123)) - Pipeline Pipeline[ Id: 2414d65d-fef1-4b31-bcbd-99a496efce2e, Nodes: 661a6d90-43d1-4876-808a-83d8d1c749a3{ip: 192.168.30.23, host: pr-hdds-2262-rg9fl-2107095119, networkLocation: /default-rack, certSerialId: null}, Type:RATIS, Factor:ONE, State:CLOSED] moved to CLOSED state
2019-10-07 12:36:04,497 [EventQueue-StaleNodeForStaleNodeHandler] INFO  pipeline.SCMPipelineManager (SCMPipelineManager.java:finalizeAndDestroyPipeline(315)) - destroying pipeline:Pipeline[ Id: b7112e3e-ca61-4427-839e-78d009247df8, Nodes: 4f7f6616-3aeb-46f3-b4a4-91ec65e8d427{ip: 192.168.30.23, host: pr-hdds-2262-rg9fl-2107095119, networkLocation: /default-rack, certSerialId: null}876b8d92-f219-477b-ab59-8aa0568d5cc7{ip: 192.168.30.23, host: pr-hdds-2262-rg9fl-2107095119, networkLocation: /default-rack, certSerialId: null}661a6d90-43d1-4876-808a-83d8d1c749a3{ip: 192.168.30.23, host: pr-hdds-2262-rg9fl-2107095119, networkLocation: /default-rack, certSerialId: null}, Type:RATIS, Factor:THREE, State:CLOSED]
2019-10-07 12:36:04,528 [grpc-default-executor-6] WARN  server.GrpcLogAppender (LogUtils.java:warn(134)) - 4f7f6616-3aeb-46f3-b4a4-91ec65e8d427@group-78D009247DF8->876b8d92-f219-477b-ab59-8aa0568d5cc7-AppendLogResponseHandler: Failed appendEntries: org.apache.ratis.thirdparty.io.grpc.StatusRuntimeException: UNAVAILABLE: io exception
2019-10-07 12:36:04,529 [grpc-default-executor-6] INFO  impl.FollowerInfo (FollowerInfo.java:lambda$new$0(51)) - 4f7f6616-3aeb-46f3-b4a4-91ec65e8d427@group-78D009247DF8->876b8d92-f219-477b-ab59-8aa0568d5cc7: nextIndex: updateUnconditionally 0 -> 0
2019-10-07 12:36:04,693 [EventQueue-StaleNodeForStaleNodeHandler] INFO  node.StaleNodeHandler (StaleNodeHandler.java:onMessage(58)) - Datanode 149e5820-2214-4b7b-b515-e21eaa37c885{ip: 192.168.30.23, host: pr-hdds-2262-rg9fl-2107095119, networkLocation: /default-rack, certSerialId: null} moved to stale state. Finalizing its pipelines [PipelineID=3d1f1b6b-6991-43e6-a8a5-9422c232ccf4, PipelineID=1df5aaec-3b78-498c-8d65-1baa06384d22]
2019-10-07 12:36:04,696 [EventQueue-StaleNodeForStaleNodeHandler] INFO  pipeline.SCMPipelineManager (SCMPipelineManager.java:finalizeAndDestroyPipeline(315)) - destroying pipeline:Pipeline[ Id: 3d1f1b6b-6991-43e6-a8a5-9422c232ccf4, Nodes: 149e5820-2214-4b7b-b515-e21eaa37c885{ip: 192.168.30.23, host: pr-hdds-2262-rg9fl-2107095119, networkLocation: /default-rack, certSerialId: null}, Type:RATIS, Factor:ONE, State:OPEN]
2019-10-07 12:36:04,696 [EventQueue-StaleNodeForStaleNodeHandler] INFO  pipeline.PipelineStateManager (PipelineStateManager.java:finalizePipeline(123)) - Pipeline Pipeline[ Id: 3d1f1b6b-6991-43e6-a8a5-9422c232ccf4, Nodes: 149e5820-2214-4b7b-b515-e21eaa37c885{ip: 192.168.30.23, host: pr-hdds-2262-rg9fl-2107095119, networkLocation: /default-rack, certSerialId: null}, Type:RATIS, Factor:ONE, State:CLOSED] moved to CLOSED state
2019-10-07 12:36:04,696 [EventQueue-StaleNodeForStaleNodeHandler] INFO  pipeline.SCMPipelineManager (SCMPipelineManager.java:finalizeAndDestroyPipeline(315)) - destroying pipeline:Pipeline[ Id: 1df5aaec-3b78-498c-8d65-1baa06384d22, Nodes: b832e3db-7591-4d70-a4ae-49be624e8c11{ip: 192.168.30.23, host: pr-hdds-2262-rg9fl-2107095119, networkLocation: /default-rack, certSerialId: null}149e5820-2214-4b7b-b515-e21eaa37c885{ip: 192.168.30.23, host: pr-hdds-2262-rg9fl-2107095119, networkLocation: /default-rack, certSerialId: null}4940d0e3-d299-42d6-a5cb-8d6363f46478{ip: 192.168.30.23, host: pr-hdds-2262-rg9fl-2107095119, networkLocation: /default-rack, certSerialId: null}, Type:RATIS, Factor:THREE, State:CLOSED]
2019-10-07 12:36:04,968 [main] INFO  ozoneimpl.OzoneContainer (OzoneContainer.java:stop(231)) - Attempting to stop container services.
2019-10-07 12:36:04,969 [main] INFO  impl.RaftServerProxy (RaftServerProxy.java:lambda$close$4(314)) - 661a6d90-43d1-4876-808a-83d8d1c749a3: close
2019-10-07 12:36:04,969 [main] INFO  impl.RaftServerImpl (RaftServerImpl.java:lambda$shutdown$3(247)) - 661a6d90-43d1-4876-808a-83d8d1c749a3@group-99A496EFCE2E: shutdown
2019-10-07 12:36:04,969 [main] INFO  util.JmxRegister (JmxRegister.java:unregister(73)) - Successfully un-registered JMX Bean with object name Ratis:service=RaftServer,group=group-99A496EFCE2E,id=661a6d90-43d1-4876-808a-83d8d1c749a3
2019-10-07 12:36:04,970 [main] INFO  impl.RoleInfo (RoleInfo.java:shutdownLeaderState(104)) - 661a6d90-43d1-4876-808a-83d8d1c749a3: shutdown LeaderState
2019-10-07 12:36:04,970 [main] INFO  impl.PendingRequests (PendingRequests.java:sendNotLeaderResponses(202)) - 661a6d90-43d1-4876-808a-83d8d1c749a3@group-99A496EFCE2E-PendingRequests: sendNotLeaderResponses
2019-10-07 12:36:04,971 [main] INFO  impl.StateMachineUpdater (StateMachineUpdater.java:stopAndJoin(136)) - 661a6d90-43d1-4876-808a-83d8d1c749a3@group-99A496EFCE2E-StateMachineUpdater: set stopIndex = 0
2019-10-07 12:36:04,972 [main] INFO  impl.RaftServerImpl (ServerState.java:close(387)) - 661a6d90-43d1-4876-808a-83d8d1c749a3@group-99A496EFCE2E: closes. applyIndex: 0
2019-10-07 12:36:04,972 [661a6d90-43d1-4876-808a-83d8d1c749a3@group-99A496EFCE2E-SegmentedRaftLogWorker] INFO  segmented.SegmentedRaftLogWorker (SegmentedRaftLogWorker.java:run(316)) - 661a6d90-43d1-4876-808a-83d8d1c749a3@group-99A496EFCE2E-SegmentedRaftLogWorker was interrupted, exiting. There are 0 tasks remaining in the queue.
2019-10-07 12:36:04,978 [main] INFO  segmented.SegmentedRaftLogWorker (SegmentedRaftLogWorker.java:close(224)) - 661a6d90-43d1-4876-808a-83d8d1c749a3@group-99A496EFCE2E-SegmentedRaftLogWorker close()
2019-10-07 12:36:04,981 [main] INFO  impl.RaftServerImpl (RaftServerImpl.java:lambda$shutdown$3(247)) - 661a6d90-43d1-4876-808a-83d8d1c749a3@group-78D009247DF8: shutdown
2019-10-07 12:36:04,981 [main] INFO  util.JmxRegister (JmxRegister.java:unregister(73)) - Successfully un-registered JMX Bean with object name Ratis:service=RaftServer,group=group-78D009247DF8,id=661a6d90-43d1-4876-808a-83d8d1c749a3
2019-10-07 12:36:04,982 [main] INFO  impl.RoleInfo (RoleInfo.java:shutdownFollowerState(121)) - 661a6d90-43d1-4876-808a-83d8d1c749a3: shutdown FollowerState
2019-10-07 12:36:04,982 [main] INFO  impl.StateMachineUpdater (StateMachineUpdater.java:stopAndJoin(136)) - 661a6d90-43d1-4876-808a-83d8d1c749a3@group-78D009247DF8-StateMachineUpdater: set stopIndex = 15
2019-10-07 12:36:04,982 [Thread-3613] INFO  impl.FollowerState (FollowerState.java:run(117)) - 661a6d90-43d1-4876-808a-83d8d1c749a3@group-78D009247DF8-FollowerState was interrupted: java.lang.InterruptedException: sleep interrupted
2019-10-07 12:36:04,982 [661a6d90-43d1-4876-808a-83d8d1c749a3@group-78D009247DF8-StateMachineUpdater] INFO  ratis.ContainerStateMachine (ContainerStateMachine.java:takeSnapshot(294)) - group-78D009247DF8: Taking a snapshot at:(t:1, i:13) file /workdir/hadoop-ozone/integration-test/target/test-dir/MiniOzoneClusterImpl-c08a8652-cb2a-478b-8eac-982176e8ab68/datanode-6/data/ratis/b7112e3e-ca61-4427-839e-78d009247df8/sm/snapshot.1_13
2019-10-07 12:36:04,999 [ForkJoinPool.commonPool-worker-0] INFO  ozoneimpl.OzoneContainer (OzoneContainer.java:stop(231)) - Attempting to stop container services.
2019-10-07 12:36:04,999 [ForkJoinPool.commonPool-worker-0] INFO  impl.RaftServerProxy (RaftServerProxy.java:lambda$close$4(314)) - 149e5820-2214-4b7b-b515-e21eaa37c885: close
2019-10-07 12:36:04,999 [ForkJoinPool.commonPool-worker-0] INFO  impl.RaftServerImpl (RaftServerImpl.java:lambda$shutdown$3(247)) - 149e5820-2214-4b7b-b515-e21eaa37c885@group-9422C232CCF4: shutdown
2019-10-07 12:36:05,000 [ForkJoinPool.commonPool-worker-0] INFO  util.JmxRegister (JmxRegister.java:unregister(73)) - Successfully un-registered JMX Bean with object name Ratis:service=RaftServer,group=group-9422C232CCF4,id=149e5820-2214-4b7b-b515-e21eaa37c885
2019-10-07 12:36:05,000 [ForkJoinPool.commonPool-worker-0] INFO  impl.RoleInfo (RoleInfo.java:shutdownLeaderState(104)) - 149e5820-2214-4b7b-b515-e21eaa37c885: shutdown LeaderState
2019-10-07 12:36:05,000 [661a6d90-43d1-4876-808a-83d8d1c749a3@group-78D009247DF8-StateMachineUpdater] INFO  ratis.ContainerStateMachine (ContainerStateMachine.java:takeSnapshot(305)) - group-78D009247DF8: Finished taking a snapshot at:(t:1, i:13) file:/workdir/hadoop-ozone/integration-test/target/test-dir/MiniOzoneClusterImpl-c08a8652-cb2a-478b-8eac-982176e8ab68/datanode-6/data/ratis/b7112e3e-ca61-4427-839e-78d009247df8/sm/snapshot.1_13 time:18
2019-10-07 12:36:05,000 [ForkJoinPool.commonPool-worker-0] INFO  impl.PendingRequests (PendingRequests.java:sendNotLeaderResponses(202)) - 149e5820-2214-4b7b-b515-e21eaa37c885@group-9422C232CCF4-PendingRequests: sendNotLeaderResponses
2019-10-07 12:36:05,001 [ForkJoinPool.commonPool-worker-0] INFO  impl.StateMachineUpdater (StateMachineUpdater.java:stopAndJoin(136)) - 149e5820-2214-4b7b-b515-e21eaa37c885@group-9422C232CCF4-StateMachineUpdater: set stopIndex = 0
2019-10-07 12:36:05,001 [661a6d90-43d1-4876-808a-83d8d1c749a3@group-78D009247DF8-StateMachineUpdater] INFO  impl.StateMachineUpdater (StateMachineUpdater.java:takeSnapshot(269)) - 661a6d90-43d1-4876-808a-83d8d1c749a3@group-78D009247DF8-StateMachineUpdater: Took a snapshot at index 13
2019-10-07 12:36:05,001 [ForkJoinPool.commonPool-worker-0] INFO  impl.RaftServerImpl (ServerState.java:close(387)) - 149e5820-2214-4b7b-b515-e21eaa37c885@group-9422C232CCF4: closes. applyIndex: 0
2019-10-07 12:36:05,001 [661a6d90-43d1-4876-808a-83d8d1c749a3@group-78D009247DF8-StateMachineUpdater] INFO  impl.StateMachineUpdater (StateMachineUpdater.java:lambda$new$0(84)) - 661a6d90-43d1-4876-808a-83d8d1c749a3@group-78D009247DF8-StateMachineUpdater: snapshotIndex: updateIncreasingly -1 -> 13
2019-10-07 12:36:05,001 [149e5820-2214-4b7b-b515-e21eaa37c885@group-9422C232CCF4-SegmentedRaftLogWorker] INFO  segmented.SegmentedRaftLogWorker (SegmentedRaftLogWorker.java:run(316)) - 149e5820-2214-4b7b-b515-e21eaa37c885@group-9422C232CCF4-SegmentedRaftLogWorker was interrupted, exiting. There are 0 tasks remaining in the queue.
2019-10-07 12:36:05,004 [ForkJoinPool.commonPool-worker-0] INFO  segmented.SegmentedRaftLogWorker (SegmentedRaftLogWorker.java:close(224)) - 149e5820-2214-4b7b-b515-e21eaa37c885@group-9422C232CCF4-SegmentedRaftLogWorker close()
2019-10-07 12:36:05,004 [661a6d90-43d1-4876-808a-83d8d1c749a3@group-78D009247DF8-StateMachineUpdater] INFO  ratis.ContainerStateMachine (ContainerStateMachine.java:takeSnapshot(294)) - group-78D009247DF8: Taking a snapshot at:(t:1, i:13) file /workdir/hadoop-ozone/integration-test/target/test-dir/MiniOzoneClusterImpl-c08a8652-cb2a-478b-8eac-982176e8ab68/datanode-6/data/ratis/b7112e3e-ca61-4427-839e-78d009247df8/sm/snapshot.1_13
2019-10-07 12:36:05,007 [ForkJoinPool.commonPool-worker-0] INFO  impl.RaftServerImpl (RaftServerImpl.java:lambda$shutdown$3(247)) - 149e5820-2214-4b7b-b515-e21eaa37c885@group-1BAA06384D22: shutdown
2019-10-07 12:36:05,007 [ForkJoinPool.commonPool-worker-0] INFO  util.JmxRegister (JmxRegister.java:unregister(73)) - Successfully un-registered JMX Bean with object name Ratis:service=RaftServer,group=group-1BAA06384D22,id=149e5820-2214-4b7b-b515-e21eaa37c885
2019-10-07 12:36:05,007 [ForkJoinPool.commonPool-worker-0] INFO  impl.RoleInfo (RoleInfo.java:shutdownFollowerState(121)) - 149e5820-2214-4b7b-b515-e21eaa37c885: shutdown FollowerState
2019-10-07 12:36:05,008 [ForkJoinPool.commonPool-worker-0] INFO  impl.StateMachineUpdater (StateMachineUpdater.java:stopAndJoin(136)) - 149e5820-2214-4b7b-b515-e21eaa37c885@group-1BAA06384D22-StateMachineUpdater: set stopIndex = 6
2019-10-07 12:36:05,008 [149e5820-2214-4b7b-b515-e21eaa37c885@group-1BAA06384D22-StateMachineUpdater] INFO  ratis.ContainerStateMachine (ContainerStateMachine.java:takeSnapshot(294)) - group-1BAA06384D22: Taking a snapshot at:(t:1, i:4) file /workdir/hadoop-ozone/integration-test/target/test-dir/MiniOzoneClusterImpl-c08a8652-cb2a-478b-8eac-982176e8ab68/datanode-0/data/ratis/1df5aaec-3b78-498c-8d65-1baa06384d22/sm/snapshot.1_4
2019-10-07 12:36:05,008 [Thread-3636] INFO  impl.FollowerState (FollowerState.java:run(117)) - 149e5820-2214-4b7b-b515-e21eaa37c885@group-1BAA06384D22-FollowerState was interrupted: java.lang.InterruptedException: sleep interrupted
2019-10-07 12:36:05,021 [661a6d90-43d1-4876-808a-83d8d1c749a3@group-78D009247DF8-StateMachineUpdater] INFO  ratis.ContainerStateMachine (ContainerStateMachine.java:takeSnapshot(305)) - group-78D009247DF8: Finished taking a snapshot at:(t:1, i:13) file:/workdir/hadoop-ozone/integration-test/target/test-dir/MiniOzoneClusterImpl-c08a8652-cb2a-478b-8eac-982176e8ab68/datanode-6/data/ratis/b7112e3e-ca61-4427-839e-78d009247df8/sm/snapshot.1_13 time:17
2019-10-07 12:36:05,021 [149e5820-2214-4b7b-b515-e21eaa37c885@group-1BAA06384D22-StateMachineUpdater] INFO  ratis.ContainerStateMachine (ContainerStateMachine.java:takeSnapshot(305)) - group-1BAA06384D22: Finished taking a snapshot at:(t:1, i:4) file:/workdir/hadoop-ozone/integration-test/target/test-dir/MiniOzoneClusterImpl-c08a8652-cb2a-478b-8eac-982176e8ab68/datanode-0/data/ratis/1df5aaec-3b78-498c-8d65-1baa06384d22/sm/snapshot.1_4 time:13
2019-10-07 12:36:05,021 [661a6d90-43d1-4876-808a-83d8d1c749a3@group-78D009247DF8-StateMachineUpdater] INFO  impl.StateMachineUpdater (StateMachineUpdater.java:takeSnapshot(269)) - 661a6d90-43d1-4876-808a-83d8d1c749a3@group-78D009247DF8-StateMachineUpdater: Took a snapshot at index 13
2019-10-07 12:36:05,021 [661a6d90-43d1-4876-808a-83d8d1c749a3@group-78D009247DF8-StateMachineUpdater] INFO  impl.StateMachineUpdater (StateMachineUpdater.java:lambda$new$0(84)) - 661a6d90-43d1-4876-808a-83d8d1c749a3@group-78D009247DF8-StateMachineUpdater: snapshotIndex: updateIncreasingly 13 -> 13
2019-10-07 12:36:05,021 [149e5820-2214-4b7b-b515-e21eaa37c885@group-1BAA06384D22-StateMachineUpdater] INFO  impl.StateMachineUpdater (StateMachineUpdater.java:takeSnapshot(269)) - 149e5820-2214-4b7b-b515-e21eaa37c885@group-1BAA06384D22-StateMachineUpdater: Took a snapshot at index 4
2019-10-07 12:36:05,021 [149e5820-2214-4b7b-b515-e21eaa37c885@group-1BAA06384D22-StateMachineUpdater] INFO  impl.StateMachineUpdater (StateMachineUpdater.java:lambda$new$0(84)) - 149e5820-2214-4b7b-b515-e21eaa37c885@group-1BAA06384D22-StateMachineUpdater: snapshotIndex: updateIncreasingly -1 -> 4
2019-10-07 12:36:05,021 [main] INFO  impl.RaftServerImpl (ServerState.java:close(387)) - 661a6d90-43d1-4876-808a-83d8d1c749a3@group-78D009247DF8: closes. applyIndex: 15
2019-10-07 12:36:05,022 [149e5820-2214-4b7b-b515-e21eaa37c885@group-1BAA06384D22-StateMachineUpdater] INFO  ratis.ContainerStateMachine (ContainerStateMachine.java:takeSnapshot(294)) - group-1BAA06384D22: Taking a snapshot at:(t:1, i:4) file /workdir/hadoop-ozone/integration-test/target/test-dir/MiniOzoneClusterImpl-c08a8652-cb2a-478b-8eac-982176e8ab68/datanode-0/data/ratis/1df5aaec-3b78-498c-8d65-1baa06384d22/sm/snapshot.1_4
2019-10-07 12:36:05,022 [661a6d90-43d1-4876-808a-83d8d1c749a3@group-78D009247DF8-SegmentedRaftLogWorker] INFO  segmented.SegmentedRaftLogWorker (SegmentedRaftLogWorker.java:run(316)) - 661a6d90-43d1-4876-808a-83d8d1c749a3@group-78D009247DF8-SegmentedRaftLogWorker was interrupted, exiting. There are 0 tasks remaining in the queue.
2019-10-07 12:36:05,024 [main] INFO  segmented.SegmentedRaftLogWorker (SegmentedRaftLogWorker.java:close(224)) - 661a6d90-43d1-4876-808a-83d8d1c749a3@group-78D009247DF8-SegmentedRaftLogWorker close()
2019-10-07 12:36:05,039 [main] INFO  server.GrpcService (GrpcService.java:closeImpl(164)) - 661a6d90-43d1-4876-808a-83d8d1c749a3: shutdown server with port 36514 now
2019-10-07 12:36:05,039 [149e5820-2214-4b7b-b515-e21eaa37c885@group-1BAA06384D22-StateMachineUpdater] INFO  ratis.ContainerStateMachine (ContainerStateMachine.java:takeSnapshot(305)) - group-1BAA06384D22: Finished taking a snapshot at:(t:1, i:4) file:/workdir/hadoop-ozone/integration-test/target/test-dir/MiniOzoneClusterImpl-c08a8652-cb2a-478b-8eac-982176e8ab68/datanode-0/data/ratis/1df5aaec-3b78-498c-8d65-1baa06384d22/sm/snapshot.1_4 time:17
2019-10-07 12:36:05,039 [149e5820-2214-4b7b-b515-e21eaa37c885@group-1BAA06384D22-StateMachineUpdater] INFO  impl.StateMachineUpdater (StateMachineUpdater.java:takeSnapshot(269)) - 149e5820-2214-4b7b-b515-e21eaa37c885@group-1BAA06384D22-StateMachineUpdater: Took a snapshot at index 4
2019-10-07 12:36:05,039 [149e5820-2214-4b7b-b515-e21eaa37c885@group-1BAA06384D22-StateMachineUpdater] INFO  impl.StateMachineUpdater (StateMachineUpdater.java:lambda$new$0(84)) - 149e5820-2214-4b7b-b515-e21eaa37c885@group-1BAA06384D22-StateMachineUpdater: snapshotIndex: updateIncreasingly 4 -> 4
2019-10-07 12:36:05,040 [ForkJoinPool.commonPool-worker-0] INFO  impl.RaftServerImpl (ServerState.java:close(387)) - 149e5820-2214-4b7b-b515-e21eaa37c885@group-1BAA06384D22: closes. applyIndex: 6
2019-10-07 12:36:05,040 [grpc-default-executor-2] WARN  server.GrpcServerProtocolService (LogUtils.java:warn(134)) - 661a6d90-43d1-4876-808a-83d8d1c749a3: installSnapshot onError, lastRequest: 4f7f6616-3aeb-46f3-b4a4-91ec65e8d427->661a6d90-43d1-4876-808a-83d8d1c749a3#4-t2, previous=(t:2, i:15), leaderCommit=15, initializing? false, entries: <empty>: org.apache.ratis.thirdparty.io.grpc.StatusRuntimeException: CANCELLED: cancelled before receiving half close
2019-10-07 12:36:05,040 [main] INFO  server.GrpcService (GrpcService.java:closeImpl(172)) - 661a6d90-43d1-4876-808a-83d8d1c749a3: shutdown server with port 36514 successfully
2019-10-07 12:36:05,041 [grpc-default-executor-6] WARN  server.GrpcLogAppender (LogUtils.java:warn(134)) - 4f7f6616-3aeb-46f3-b4a4-91ec65e8d427@group-78D009247DF8->661a6d90-43d1-4876-808a-83d8d1c749a3-AppendLogResponseHandler: Failed appendEntries: org.apache.ratis.thirdparty.io.grpc.StatusRuntimeException: CANCELLED: HTTP/2 error code: CANCEL
Received Rst Stream
2019-10-07 12:36:05,041 [149e5820-2214-4b7b-b515-e21eaa37c885@group-1BAA06384D22-SegmentedRaftLogWorker] INFO  segmented.SegmentedRaftLogWorker (SegmentedRaftLogWorker.java:run(316)) - 149e5820-2214-4b7b-b515-e21eaa37c885@group-1BAA06384D22-SegmentedRaftLogWorker was interrupted, exiting. There are 0 tasks remaining in the queue.
2019-10-07 12:36:05,041 [grpc-default-executor-6] INFO  impl.FollowerInfo (FollowerInfo.java:lambda$new$0(51)) - 4f7f6616-3aeb-46f3-b4a4-91ec65e8d427@group-78D009247DF8->661a6d90-43d1-4876-808a-83d8d1c749a3: nextIndex: updateUnconditionally 16 -> 15
2019-10-07 12:36:05,041 [ForkJoinPool.commonPool-worker-0] INFO  segmented.SegmentedRaftLogWorker (SegmentedRaftLogWorker.java:close(224)) - 149e5820-2214-4b7b-b515-e21eaa37c885@group-1BAA06384D22-SegmentedRaftLogWorker close()
2019-10-07 12:36:05,042 [ForkJoinPool.commonPool-worker-0] INFO  server.GrpcService (GrpcService.java:closeImpl(164)) - 149e5820-2214-4b7b-b515-e21eaa37c885: shutdown server with port 45628 now
2019-10-07 12:36:05,043 [ForkJoinPool.commonPool-worker-0] INFO  server.GrpcService (GrpcService.java:closeImpl(172)) - 149e5820-2214-4b7b-b515-e21eaa37c885: shutdown server with port 45628 successfully
2019-10-07 12:36:05,043 [refreshUsed-/workdir/hadoop-ozone/integration-test/target/test-dir/MiniOzoneClusterImpl-c08a8652-cb2a-478b-8eac-982176e8ab68/datanode-6/data/containers] WARN  fs.CachingGetSpaceUsed (CachingGetSpaceUsed.java:run(183)) - Thread Interrupted waiting to refresh disk information: sleep interrupted
2019-10-07 12:36:05,047 [refreshUsed-/workdir/hadoop-ozone/integration-test/target/test-dir/MiniOzoneClusterImpl-c08a8652-cb2a-478b-8eac-982176e8ab68/datanode-0/data/containers] WARN  fs.CachingGetSpaceUsed (CachingGetSpaceUsed.java:run(183)) - Thread Interrupted waiting to refresh disk information: sleep interrupted
2019-10-07 12:36:05,069 [ForkJoinPool.commonPool-worker-0] INFO  utils.BackgroundService (BackgroundService.java:shutdown(148)) - Shutting down service BlockDeletingService
2019-10-07 12:36:05,073 [ForkJoinPool.commonPool-worker-0] INFO  statemachine.DatanodeStateMachine (DatanodeStateMachine.java:stopDaemon(395)) - Ozone container server stopped.
2019-10-07 12:36:05,080 [ForkJoinPool.commonPool-worker-0] INFO  handler.ContextHandler (ContextHandler.java:doStop(910)) - Stopped o.e.j.w.WebAppContext@147e0734{/,null,UNAVAILABLE}{/hddsDatanode}
2019-10-07 12:36:05,081 [ForkJoinPool.commonPool-worker-0] INFO  server.AbstractConnector (AbstractConnector.java:doStop(318)) - Stopped ServerConnector@2bdab835{HTTP/1.1,[http/1.1]}{0.0.0.0:0}
2019-10-07 12:36:05,083 [ForkJoinPool.commonPool-worker-0] INFO  handler.ContextHandler (ContextHandler.java:doStop(910)) - Stopped o.e.j.s.ServletContextHandler@28b458e6{/static,jar:file:/home/user/.m2/repository/org/apache/hadoop/hadoop-hdds-container-service/0.5.0-SNAPSHOT/hadoop-hdds-container-service-0.5.0-SNAPSHOT.jar!/webapps/static,UNAVAILABLE}
2019-10-07 12:36:05,084 [ForkJoinPool.commonPool-worker-0] INFO  handler.ContextHandler (ContextHandler.java:doStop(910)) - Stopped o.e.j.s.ServletContextHandler@1544ded3{/logs,file:///workdir/hadoop-ozone/integration-test/target/log,UNAVAILABLE}
2019-10-07 12:36:05,087 [main] INFO  utils.BackgroundService (BackgroundService.java:shutdown(148)) - Shutting down service BlockDeletingService
2019-10-07 12:36:05,096 [main] INFO  statemachine.DatanodeStateMachine (DatanodeStateMachine.java:stopDaemon(395)) - Ozone container server stopped.
2019-10-07 12:36:05,097 [main] INFO  handler.ContextHandler (ContextHandler.java:doStop(910)) - Stopped o.e.j.w.WebAppContext@23ea8830{/,null,UNAVAILABLE}{/hddsDatanode}
2019-10-07 12:36:05,098 [main] INFO  server.AbstractConnector (AbstractConnector.java:doStop(318)) - Stopped ServerConnector@59a09be{HTTP/1.1,[http/1.1]}{0.0.0.0:0}
2019-10-07 12:36:05,098 [main] INFO  handler.ContextHandler (ContextHandler.java:doStop(910)) - Stopped o.e.j.s.ServletContextHandler@75ad30c1{/static,jar:file:/home/user/.m2/repository/org/apache/hadoop/hadoop-hdds-container-service/0.5.0-SNAPSHOT/hadoop-hdds-container-service-0.5.0-SNAPSHOT.jar!/webapps/static,UNAVAILABLE}
2019-10-07 12:36:05,099 [main] INFO  handler.ContextHandler (ContextHandler.java:doStop(910)) - Stopped o.e.j.s.ServletContextHandler@362a561e{/logs,file:///workdir/hadoop-ozone/integration-test/target/log,UNAVAILABLE}
2019-10-07 12:36:05,430 [Datanode State Machine Thread - 0] INFO  statemachine.DatanodeStateMachine (DatanodeStateMachine.java:lambda$startDaemon$0(350)) - Ozone container server started.
2019-10-07 12:36:07,028 [grpc-default-executor-2] WARN  server.GrpcLogAppender (LogUtils.java:warn(134)) - 4f7f6616-3aeb-46f3-b4a4-91ec65e8d427@group-78D009247DF8->876b8d92-f219-477b-ab59-8aa0568d5cc7-AppendLogResponseHandler: Failed appendEntries: org.apache.ratis.thirdparty.io.grpc.StatusRuntimeException: UNAVAILABLE: io exception
2019-10-07 12:36:07,028 [grpc-default-executor-2] INFO  impl.FollowerInfo (FollowerInfo.java:lambda$new$0(51)) - 4f7f6616-3aeb-46f3-b4a4-91ec65e8d427@group-78D009247DF8->876b8d92-f219-477b-ab59-8aa0568d5cc7: nextIndex: updateUnconditionally 0 -> 0
2019-10-07 12:36:07,031 [grpc-default-executor-2] WARN  server.GrpcLogAppender (LogUtils.java:warn(134)) - 4f7f6616-3aeb-46f3-b4a4-91ec65e8d427@group-78D009247DF8->661a6d90-43d1-4876-808a-83d8d1c749a3-AppendLogResponseHandler: Failed appendEntries: org.apache.ratis.thirdparty.io.grpc.StatusRuntimeException: UNAVAILABLE: io exception
2019-10-07 12:36:07,031 [grpc-default-executor-2] INFO  impl.FollowerInfo (FollowerInfo.java:lambda$new$0(51)) - 4f7f6616-3aeb-46f3-b4a4-91ec65e8d427@group-78D009247DF8->661a6d90-43d1-4876-808a-83d8d1c749a3: nextIndex: updateUnconditionally 15 -> 14
2019-10-07 12:36:09,503 [EventQueue-StaleNodeForStaleNodeHandler] INFO  node.StaleNodeHandler (StaleNodeHandler.java:onMessage(58)) - Datanode 4f7f6616-3aeb-46f3-b4a4-91ec65e8d427{ip: 192.168.30.23, host: pr-hdds-2262-rg9fl-2107095119, networkLocation: /default-rack, certSerialId: null} moved to stale state. Finalizing its pipelines [PipelineID=3a440b49-793d-441b-ba46-a2f56720012c, PipelineID=b7112e3e-ca61-4427-839e-78d009247df8]
2019-10-07 12:36:09,505 [EventQueue-StaleNodeForStaleNodeHandler] INFO  pipeline.SCMPipelineManager (SCMPipelineManager.java:finalizeAndDestroyPipeline(315)) - destroying pipeline:Pipeline[ Id: 3a440b49-793d-441b-ba46-a2f56720012c, Nodes: 4f7f6616-3aeb-46f3-b4a4-91ec65e8d427{ip: 192.168.30.23, host: pr-hdds-2262-rg9fl-2107095119, networkLocation: /default-rack, certSerialId: null}, Type:RATIS, Factor:ONE, State:OPEN]
2019-10-07 12:36:09,506 [EventQueue-StaleNodeForStaleNodeHandler] INFO  pipeline.PipelineStateManager (PipelineStateManager.java:finalizePipeline(123)) - Pipeline Pipeline[ Id: 3a440b49-793d-441b-ba46-a2f56720012c, Nodes: 4f7f6616-3aeb-46f3-b4a4-91ec65e8d427{ip: 192.168.30.23, host: pr-hdds-2262-rg9fl-2107095119, networkLocation: /default-rack, certSerialId: null}, Type:RATIS, Factor:ONE, State:CLOSED] moved to CLOSED state
2019-10-07 12:36:09,507 [EventQueue-StaleNodeForStaleNodeHandler] INFO  pipeline.SCMPipelineManager (SCMPipelineManager.java:finalizeAndDestroyPipeline(315)) - destroying pipeline:Pipeline[ Id: b7112e3e-ca61-4427-839e-78d009247df8, Nodes: 4f7f6616-3aeb-46f3-b4a4-91ec65e8d427{ip: 192.168.30.23, host: pr-hdds-2262-rg9fl-2107095119, networkLocation: /default-rack, certSerialId: null}876b8d92-f219-477b-ab59-8aa0568d5cc7{ip: 192.168.30.23, host: pr-hdds-2262-rg9fl-2107095119, networkLocation: /default-rack, certSerialId: null}661a6d90-43d1-4876-808a-83d8d1c749a3{ip: 192.168.30.23, host: pr-hdds-2262-rg9fl-2107095119, networkLocation: /default-rack, certSerialId: null}, Type:RATIS, Factor:THREE, State:CLOSED]
2019-10-07 12:36:09,530 [grpc-default-executor-6] WARN  server.GrpcLogAppender (LogUtils.java:warn(134)) - 4f7f6616-3aeb-46f3-b4a4-91ec65e8d427@group-78D009247DF8->876b8d92-f219-477b-ab59-8aa0568d5cc7-AppendLogResponseHandler: Failed appendEntries: org.apache.ratis.thirdparty.io.grpc.StatusRuntimeException: UNAVAILABLE: io exception
2019-10-07 12:36:09,530 [grpc-default-executor-6] INFO  impl.FollowerInfo (FollowerInfo.java:lambda$new$0(51)) - 4f7f6616-3aeb-46f3-b4a4-91ec65e8d427@group-78D009247DF8->876b8d92-f219-477b-ab59-8aa0568d5cc7: nextIndex: updateUnconditionally 0 -> 0
2019-10-07 12:36:09,531 [grpc-default-executor-2] WARN  server.GrpcLogAppender (LogUtils.java:warn(134)) - 4f7f6616-3aeb-46f3-b4a4-91ec65e8d427@group-78D009247DF8->661a6d90-43d1-4876-808a-83d8d1c749a3-AppendLogResponseHandler: Failed appendEntries: org.apache.ratis.thirdparty.io.grpc.StatusRuntimeException: UNAVAILABLE: io exception
2019-10-07 12:36:09,534 [grpc-default-executor-2] INFO  impl.FollowerInfo (FollowerInfo.java:lambda$new$0(51)) - 4f7f6616-3aeb-46f3-b4a4-91ec65e8d427@group-78D009247DF8->661a6d90-43d1-4876-808a-83d8d1c749a3: nextIndex: updateUnconditionally 14 -> 13
2019-10-07 12:36:10,086 [ForkJoinPool.commonPool-worker-0] INFO  ozoneimpl.OzoneContainer (OzoneContainer.java:stop(231)) - Attempting to stop container services.
2019-10-07 12:36:10,087 [ForkJoinPool.commonPool-worker-0] INFO  impl.RaftServerProxy (RaftServerProxy.java:lambda$close$4(314)) - 4f7f6616-3aeb-46f3-b4a4-91ec65e8d427: close
2019-10-07 12:36:10,087 [ForkJoinPool.commonPool-worker-0] INFO  impl.RaftServerImpl (RaftServerImpl.java:lambda$shutdown$3(247)) - 4f7f6616-3aeb-46f3-b4a4-91ec65e8d427@group-A2F56720012C: shutdown
2019-10-07 12:36:10,088 [ForkJoinPool.commonPool-worker-0] INFO  util.JmxRegister (JmxRegister.java:unregister(73)) - Successfully un-registered JMX Bean with object name Ratis:service=RaftServer,group=group-A2F56720012C,id=4f7f6616-3aeb-46f3-b4a4-91ec65e8d427
2019-10-07 12:36:10,088 [ForkJoinPool.commonPool-worker-0] INFO  impl.RoleInfo (RoleInfo.java:shutdownLeaderState(104)) - 4f7f6616-3aeb-46f3-b4a4-91ec65e8d427: shutdown LeaderState
2019-10-07 12:36:10,088 [ForkJoinPool.commonPool-worker-0] INFO  impl.PendingRequests (PendingRequests.java:sendNotLeaderResponses(202)) - 4f7f6616-3aeb-46f3-b4a4-91ec65e8d427@group-A2F56720012C-PendingRequests: sendNotLeaderResponses
2019-10-07 12:36:10,089 [ForkJoinPool.commonPool-worker-0] INFO  impl.StateMachineUpdater (StateMachineUpdater.java:stopAndJoin(136)) - 4f7f6616-3aeb-46f3-b4a4-91ec65e8d427@group-A2F56720012C-StateMachineUpdater: set stopIndex = 0
2019-10-07 12:36:10,090 [ForkJoinPool.commonPool-worker-0] INFO  impl.RaftServerImpl (ServerState.java:close(387)) - 4f7f6616-3aeb-46f3-b4a4-91ec65e8d427@group-A2F56720012C: closes. applyIndex: 0
2019-10-07 12:36:10,090 [4f7f6616-3aeb-46f3-b4a4-91ec65e8d427@group-A2F56720012C-SegmentedRaftLogWorker] INFO  segmented.SegmentedRaftLogWorker (SegmentedRaftLogWorker.java:run(316)) - 4f7f6616-3aeb-46f3-b4a4-91ec65e8d427@group-A2F56720012C-SegmentedRaftLogWorker was interrupted, exiting. There are 0 tasks remaining in the queue.
2019-10-07 12:36:10,090 [ForkJoinPool.commonPool-worker-0] INFO  segmented.SegmentedRaftLogWorker (SegmentedRaftLogWorker.java:close(224)) - 4f7f6616-3aeb-46f3-b4a4-91ec65e8d427@group-A2F56720012C-SegmentedRaftLogWorker close()
2019-10-07 12:36:10,091 [ForkJoinPool.commonPool-worker-0] INFO  impl.RaftServerImpl (RaftServerImpl.java:lambda$shutdown$3(247)) - 4f7f6616-3aeb-46f3-b4a4-91ec65e8d427@group-78D009247DF8: shutdown
2019-10-07 12:36:10,091 [ForkJoinPool.commonPool-worker-0] INFO  util.JmxRegister (JmxRegister.java:unregister(73)) - Successfully un-registered JMX Bean with object name Ratis:service=RaftServer,group=group-78D009247DF8,id=4f7f6616-3aeb-46f3-b4a4-91ec65e8d427
2019-10-07 12:36:10,091 [ForkJoinPool.commonPool-worker-0] INFO  impl.RoleInfo (RoleInfo.java:shutdownLeaderState(104)) - 4f7f6616-3aeb-46f3-b4a4-91ec65e8d427: shutdown LeaderState
2019-10-07 12:36:10,094 [ForkJoinPool.commonPool-worker-0] INFO  impl.PendingRequests (PendingRequests.java:sendNotLeaderResponses(202)) - 4f7f6616-3aeb-46f3-b4a4-91ec65e8d427@group-78D009247DF8-PendingRequests: sendNotLeaderResponses
2019-10-07 12:36:10,094 [org.apache.ratis.server.impl.LogAppender$AppenderDaemon$$Lambda$553/1292335600@6ae6c0db] WARN  server.GrpcLogAppender (GrpcLogAppender.java:mayWait(143)) - 4f7f6616-3aeb-46f3-b4a4-91ec65e8d427@group-78D009247DF8->661a6d90-43d1-4876-808a-83d8d1c749a3-GrpcLogAppender: Wait interrupted by java.lang.InterruptedException
2019-10-07 12:36:10,094 [ForkJoinPool.commonPool-worker-0] INFO  impl.StateMachineUpdater (StateMachineUpdater.java:stopAndJoin(136)) - 4f7f6616-3aeb-46f3-b4a4-91ec65e8d427@group-78D009247DF8-StateMachineUpdater: set stopIndex = 15
2019-10-07 12:36:10,094 [org.apache.ratis.server.impl.LogAppender$AppenderDaemon$$Lambda$553/1292335600@312b4ec8] WARN  server.GrpcLogAppender (GrpcLogAppender.java:mayWait(143)) - 4f7f6616-3aeb-46f3-b4a4-91ec65e8d427@group-78D009247DF8->876b8d92-f219-477b-ab59-8aa0568d5cc7-GrpcLogAppender: Wait interrupted by java.lang.InterruptedException
2019-10-07 12:36:10,094 [4f7f6616-3aeb-46f3-b4a4-91ec65e8d427@group-78D009247DF8-StateMachineUpdater] INFO  ratis.ContainerStateMachine (ContainerStateMachine.java:takeSnapshot(294)) - group-78D009247DF8: Taking a snapshot at:(t:1, i:13) file /workdir/hadoop-ozone/integration-test/target/test-dir/MiniOzoneClusterImpl-c08a8652-cb2a-478b-8eac-982176e8ab68/datanode-5/data/ratis/b7112e3e-ca61-4427-839e-78d009247df8/sm/snapshot.1_13
2019-10-07 12:36:10,120 [4f7f6616-3aeb-46f3-b4a4-91ec65e8d427@group-78D009247DF8-StateMachineUpdater] INFO  ratis.ContainerStateMachine (ContainerStateMachine.java:takeSnapshot(305)) - group-78D009247DF8: Finished taking a snapshot at:(t:1, i:13) file:/workdir/hadoop-ozone/integration-test/target/test-dir/MiniOzoneClusterImpl-c08a8652-cb2a-478b-8eac-982176e8ab68/datanode-5/data/ratis/b7112e3e-ca61-4427-839e-78d009247df8/sm/snapshot.1_13 time:26
2019-10-07 12:36:10,121 [4f7f6616-3aeb-46f3-b4a4-91ec65e8d427@group-78D009247DF8-StateMachineUpdater] INFO  impl.StateMachineUpdater (StateMachineUpdater.java:takeSnapshot(269)) - 4f7f6616-3aeb-46f3-b4a4-91ec65e8d427@group-78D009247DF8-StateMachineUpdater: Took a snapshot at index 13
2019-10-07 12:36:10,121 [4f7f6616-3aeb-46f3-b4a4-91ec65e8d427@group-78D009247DF8-StateMachineUpdater] INFO  impl.StateMachineUpdater (StateMachineUpdater.java:lambda$new$0(84)) - 4f7f6616-3aeb-46f3-b4a4-91ec65e8d427@group-78D009247DF8-StateMachineUpdater: snapshotIndex: updateIncreasingly -1 -> 13
2019-10-07 12:36:10,122 [4f7f6616-3aeb-46f3-b4a4-91ec65e8d427@group-78D009247DF8-StateMachineUpdater] INFO  ratis.ContainerStateMachine (ContainerStateMachine.java:takeSnapshot(294)) - group-78D009247DF8: Taking a snapshot at:(t:1, i:13) file /workdir/hadoop-ozone/integration-test/target/test-dir/MiniOzoneClusterImpl-c08a8652-cb2a-478b-8eac-982176e8ab68/datanode-5/data/ratis/b7112e3e-ca61-4427-839e-78d009247df8/sm/snapshot.1_13
2019-10-07 12:36:10,134 [4f7f6616-3aeb-46f3-b4a4-91ec65e8d427@group-78D009247DF8-StateMachineUpdater] INFO  ratis.ContainerStateMachine (ContainerStateMachine.java:takeSnapshot(305)) - group-78D009247DF8: Finished taking a snapshot at:(t:1, i:13) file:/workdir/hadoop-ozone/integration-test/target/test-dir/MiniOzoneClusterImpl-c08a8652-cb2a-478b-8eac-982176e8ab68/datanode-5/data/ratis/b7112e3e-ca61-4427-839e-78d009247df8/sm/snapshot.1_13 time:12
2019-10-07 12:36:10,135 [4f7f6616-3aeb-46f3-b4a4-91ec65e8d427@group-78D009247DF8-StateMachineUpdater] INFO  impl.StateMachineUpdater (StateMachineUpdater.java:takeSnapshot(269)) - 4f7f6616-3aeb-46f3-b4a4-91ec65e8d427@group-78D009247DF8-StateMachineUpdater: Took a snapshot at index 13
2019-10-07 12:36:10,135 [4f7f6616-3aeb-46f3-b4a4-91ec65e8d427@group-78D009247DF8-StateMachineUpdater] INFO  impl.StateMachineUpdater (StateMachineUpdater.java:lambda$new$0(84)) - 4f7f6616-3aeb-46f3-b4a4-91ec65e8d427@group-78D009247DF8-StateMachineUpdater: snapshotIndex: updateIncreasingly 13 -> 13
2019-10-07 12:36:10,135 [ForkJoinPool.commonPool-worker-0] INFO  impl.RaftServerImpl (ServerState.java:close(387)) - 4f7f6616-3aeb-46f3-b4a4-91ec65e8d427@group-78D009247DF8: closes. applyIndex: 15
2019-10-07 12:36:10,135 [4f7f6616-3aeb-46f3-b4a4-91ec65e8d427@group-78D009247DF8-SegmentedRaftLogWorker] INFO  segmented.SegmentedRaftLogWorker (SegmentedRaftLogWorker.java:run(316)) - 4f7f6616-3aeb-46f3-b4a4-91ec65e8d427@group-78D009247DF8-SegmentedRaftLogWorker was interrupted, exiting. There are 0 tasks remaining in the queue.
2019-10-07 12:36:10,136 [ForkJoinPool.commonPool-worker-0] INFO  segmented.SegmentedRaftLogWorker (SegmentedRaftLogWorker.java:close(224)) - 4f7f6616-3aeb-46f3-b4a4-91ec65e8d427@group-78D009247DF8-SegmentedRaftLogWorker close()
2019-10-07 12:36:10,136 [ForkJoinPool.commonPool-worker-0] INFO  server.GrpcService (GrpcService.java:closeImpl(164)) - 4f7f6616-3aeb-46f3-b4a4-91ec65e8d427: shutdown server with port 46315 now
2019-10-07 12:36:10,136 [ForkJoinPool.commonPool-worker-0] INFO  server.GrpcService (GrpcService.java:closeImpl(172)) - 4f7f6616-3aeb-46f3-b4a4-91ec65e8d427: shutdown server with port 46315 successfully
2019-10-07 12:36:10,142 [refreshUsed-/workdir/hadoop-ozone/integration-test/target/test-dir/MiniOzoneClusterImpl-c08a8652-cb2a-478b-8eac-982176e8ab68/datanode-5/data/containers] WARN  fs.CachingGetSpaceUsed (CachingGetSpaceUsed.java:run(183)) - Thread Interrupted waiting to refresh disk information: sleep interrupted
2019-10-07 12:36:10,159 [ForkJoinPool.commonPool-worker-0] INFO  utils.BackgroundService (BackgroundService.java:shutdown(148)) - Shutting down service BlockDeletingService
2019-10-07 12:36:10,160 [ForkJoinPool.commonPool-worker-0] INFO  statemachine.DatanodeStateMachine (DatanodeStateMachine.java:stopDaemon(395)) - Ozone container server stopped.
2019-10-07 12:36:10,179 [ForkJoinPool.commonPool-worker-0] INFO  handler.ContextHandler (ContextHandler.java:doStop(910)) - Stopped o.e.j.w.WebAppContext@3407aa4f{/,null,UNAVAILABLE}{/hddsDatanode}
2019-10-07 12:36:10,179 [ForkJoinPool.commonPool-worker-0] INFO  server.AbstractConnector (AbstractConnector.java:doStop(318)) - Stopped ServerConnector@51ed2f68{HTTP/1.1,[http/1.1]}{0.0.0.0:0}
2019-10-07 12:36:10,181 [ForkJoinPool.commonPool-worker-0] INFO  handler.ContextHandler (ContextHandler.java:doStop(910)) - Stopped o.e.j.s.ServletContextHandler@629b780f{/static,jar:file:/home/user/.m2/repository/org/apache/hadoop/hadoop-hdds-container-service/0.5.0-SNAPSHOT/hadoop-hdds-container-service-0.5.0-SNAPSHOT.jar!/webapps/static,UNAVAILABLE}
2019-10-07 12:36:10,183 [ForkJoinPool.commonPool-worker-0] INFO  handler.ContextHandler (ContextHandler.java:doStop(910)) - Stopped o.e.j.s.ServletContextHandler@42730828{/logs,file:///workdir/hadoop-ozone/integration-test/target/log,UNAVAILABLE}
2019-10-07 12:36:10,184 [main] INFO  ozone.MiniOzoneClusterImpl (MiniOzoneClusterImpl.java:stopSCM(392)) - Stopping the StorageContainerManager
2019-10-07 12:36:10,184 [main] INFO  server.StorageContainerManager (StorageContainerManager.java:stop(808)) - Stopping Replication Manager Service.
2019-10-07 12:36:10,185 [main] INFO  container.ReplicationManager (ReplicationManager.java:stop(203)) - Stopping Replication Monitor Thread.
2019-10-07 12:36:10,185 [main] INFO  server.StorageContainerManager (StorageContainerManager.java:stop(815)) - Stopping Lease Manager of the command watchers
2019-10-07 12:36:10,185 [main] INFO  server.StorageContainerManager (StorageContainerManager.java:stop(822)) - Stopping datanode service RPC server
2019-10-07 12:36:10,185 [main] INFO  server.SCMDatanodeProtocolServer (SCMDatanodeProtocolServer.java:stop(346)) - Stopping the RPC server for DataNodes
2019-10-07 12:36:10,185 [main] INFO  ipc.Server (Server.java:stop(3082)) - Stopping server on 34866
2019-10-07 12:36:10,189 [IPC Server listener on 34866] INFO  ipc.Server (Server.java:run(1185)) - Stopping IPC Server listener on 34866
2019-10-07 12:36:10,190 [IPC Server Responder] INFO  ipc.Server (Server.java:run(1319)) - Stopping IPC Server Responder
2019-10-07 12:36:10,203 [SCM Heartbeat Processing Thread - 0] WARN  node.NodeStateManager (NodeStateManager.java:scheduleNextHealthCheck(646)) - Current Thread is interrupted, shutting down HB processing thread for Node Manager.
2019-10-07 12:36:10,204 [main] INFO  server.StorageContainerManager (StorageContainerManager.java:stop(830)) - Stopping block service RPC server
2019-10-07 12:36:10,204 [main] INFO  server.SCMBlockProtocolServer (SCMBlockProtocolServer.java:stop(155)) - Stopping the RPC server for Block Protocol
2019-10-07 12:36:10,204 [main] INFO  ipc.Server (Server.java:stop(3082)) - Stopping server on 35675
2019-10-07 12:36:10,207 [IPC Server listener on 35675] INFO  ipc.Server (Server.java:run(1185)) - Stopping IPC Server listener on 35675
2019-10-07 12:36:10,211 [main] INFO  server.StorageContainerManager (StorageContainerManager.java:stop(837)) - Stopping the StorageContainerLocationProtocol RPC server
2019-10-07 12:36:10,211 [IPC Server Responder] INFO  ipc.Server (Server.java:run(1319)) - Stopping IPC Server Responder
2019-10-07 12:36:10,213 [main] INFO  server.SCMClientProtocolServer (SCMClientProtocolServer.java:stop(168)) - Stopping the RPC server for Client Protocol
2019-10-07 12:36:10,213 [main] INFO  ipc.Server (Server.java:stop(3082)) - Stopping server on 42062
2019-10-07 12:36:10,216 [IPC Server listener on 42062] INFO  ipc.Server (Server.java:run(1185)) - Stopping IPC Server listener on 42062
2019-10-07 12:36:10,216 [IPC Server Responder] INFO  ipc.Server (Server.java:run(1319)) - Stopping IPC Server Responder
2019-10-07 12:36:10,216 [main] INFO  server.StorageContainerManager (StorageContainerManager.java:stop(844)) - Stopping Storage Container Manager HTTP server.
2019-10-07 12:36:10,218 [main] INFO  handler.ContextHandler (ContextHandler.java:doStop(910)) - Stopped o.e.j.w.WebAppContext@6d969330{/,null,UNAVAILABLE}{/scm}
2019-10-07 12:36:10,219 [main] INFO  server.AbstractConnector (AbstractConnector.java:doStop(318)) - Stopped ServerConnector@4861cca9{HTTP/1.1,[http/1.1]}{0.0.0.0:0}
2019-10-07 12:36:10,219 [main] INFO  handler.ContextHandler (ContextHandler.java:doStop(910)) - Stopped o.e.j.s.ServletContextHandler@159ac15f{/static,file:///workdir/hadoop-ozone/integration-test/target/test-classes/webapps/static,UNAVAILABLE}
2019-10-07 12:36:10,220 [main] INFO  handler.ContextHandler (ContextHandler.java:doStop(910)) - Stopped o.e.j.s.ServletContextHandler@799f354a{/logs,file:///workdir/hadoop-ozone/integration-test/target/log,UNAVAILABLE}
2019-10-07 12:36:10,221 [main] INFO  server.StorageContainerManager (StorageContainerManager.java:stop(855)) - Stopping Block Manager Service.
2019-10-07 12:36:10,221 [main] INFO  utils.BackgroundService (BackgroundService.java:shutdown(148)) - Shutting down service SCMBlockDeletingService
2019-10-07 12:36:10,221 [main] INFO  utils.BackgroundService (BackgroundService.java:shutdown(148)) - Shutting down service SCMBlockDeletingService
2019-10-07 12:36:10,222 [main] INFO  server.StorageContainerManager (StorageContainerManager.java:stop(877)) - Stopping SCM Event Queue.
2019-10-07 12:36:10,228 [main] INFO  impl.MetricsSystemImpl (MetricsSystemImpl.java:stop(210)) - Stopping HddsDatanode metrics system...
2019-10-07 12:36:10,259 [main] INFO  impl.MetricsSystemImpl (MetricsSystemImpl.java:stop(216)) - HddsDatanode metrics system stopped.
]]></system-out>
    <system-err><![CDATA[Oct 07, 2019 12:35:35 PM org.apache.ratis.thirdparty.io.grpc.internal.ManagedChannelOrphanWrapper$ManagedChannelReference cleanQueue
SEVERE: *~*~*~ Channel ManagedChannelImpl{logId=2742, target=192.168.30.23:39919} was not shutdown properly!!! ~*~*~*
    Make sure to call shutdown()/shutdownNow() and wait until awaitTermination() returns true.
java.lang.RuntimeException: ManagedChannel allocation site
	at org.apache.ratis.thirdparty.io.grpc.internal.ManagedChannelOrphanWrapper$ManagedChannelReference.<init>(ManagedChannelOrphanWrapper.java:103)
	at org.apache.ratis.thirdparty.io.grpc.internal.ManagedChannelOrphanWrapper.<init>(ManagedChannelOrphanWrapper.java:53)
	at org.apache.ratis.thirdparty.io.grpc.internal.ManagedChannelOrphanWrapper.<init>(ManagedChannelOrphanWrapper.java:44)
	at org.apache.ratis.thirdparty.io.grpc.internal.AbstractManagedChannelImplBuilder.build(AbstractManagedChannelImplBuilder.java:411)
	at org.apache.hadoop.hdds.scm.XceiverClientGrpc.connectToDatanode(XceiverClientGrpc.java:181)
	at org.apache.hadoop.hdds.scm.XceiverClientGrpc.reconnect(XceiverClientGrpc.java:429)
	at org.apache.hadoop.hdds.scm.XceiverClientGrpc.sendCommandAsync(XceiverClientGrpc.java:378)
	at org.apache.hadoop.hdds.scm.XceiverClientGrpc.sendCommandWithRetry(XceiverClientGrpc.java:291)
	at org.apache.hadoop.hdds.scm.XceiverClientGrpc.sendCommandWithTraceIDAndRetry(XceiverClientGrpc.java:257)
	at org.apache.hadoop.hdds.scm.XceiverClientGrpc.sendCommand(XceiverClientGrpc.java:240)
	at org.apache.hadoop.hdds.scm.storage.ContainerProtocolCalls.readChunk(ContainerProtocolCalls.java:245)
	at org.apache.hadoop.hdds.scm.storage.ChunkInputStream.readChunk(ChunkInputStream.java:335)
	at org.apache.hadoop.hdds.scm.storage.ChunkInputStream.readChunkFromContainer(ChunkInputStream.java:307)
	at org.apache.hadoop.hdds.scm.storage.ChunkInputStream.prepareRead(ChunkInputStream.java:259)
	at org.apache.hadoop.hdds.scm.storage.ChunkInputStream.read(ChunkInputStream.java:144)
	at org.apache.hadoop.hdds.scm.storage.BlockInputStream.read(BlockInputStream.java:239)
	at org.apache.hadoop.ozone.client.io.KeyInputStream.read(KeyInputStream.java:171)
	at org.apache.hadoop.ozone.client.io.OzoneInputStream.read(OzoneInputStream.java:47)
	at java.io.InputStream.read(InputStream.java:101)
	at org.apache.hadoop.ozone.container.ContainerTestHelper.validateData(ContainerTestHelper.java:714)
	at org.apache.hadoop.ozone.client.rpc.TestBlockOutputStreamWithFailures.validateData(TestBlockOutputStreamWithFailures.java:1216)
	at org.apache.hadoop.ozone.client.rpc.TestBlockOutputStreamWithFailures.testWatchForCommitDatanodeFailure(TestBlockOutputStreamWithFailures.java:393)
	at sun.reflect.NativeMethodAccessorImpl.invoke0(Native Method)
	at sun.reflect.NativeMethodAccessorImpl.invoke(NativeMethodAccessorImpl.java:62)
	at sun.reflect.DelegatingMethodAccessorImpl.invoke(DelegatingMethodAccessorImpl.java:43)
	at java.lang.reflect.Method.invoke(Method.java:498)
	at org.junit.runners.model.FrameworkMethod$1.runReflectiveCall(FrameworkMethod.java:47)
	at org.junit.internal.runners.model.ReflectiveCallable.run(ReflectiveCallable.java:12)
	at org.junit.runners.model.FrameworkMethod.invokeExplosively(FrameworkMethod.java:44)
	at org.junit.internal.runners.statements.InvokeMethod.evaluate(InvokeMethod.java:17)
	at org.junit.internal.runners.statements.RunBefores.evaluate(RunBefores.java:26)
	at org.junit.internal.runners.statements.RunAfters.evaluate(RunAfters.java:27)
	at org.junit.runners.ParentRunner.runLeaf(ParentRunner.java:271)
	at org.junit.runners.BlockJUnit4ClassRunner.runChild(BlockJUnit4ClassRunner.java:70)
	at org.junit.runners.BlockJUnit4ClassRunner.runChild(BlockJUnit4ClassRunner.java:50)
	at org.junit.runners.ParentRunner$3.run(ParentRunner.java:238)
	at org.junit.runners.ParentRunner$1.schedule(ParentRunner.java:63)
	at org.junit.runners.ParentRunner.runChildren(ParentRunner.java:236)
	at org.junit.runners.ParentRunner.access$000(ParentRunner.java:53)
	at org.junit.runners.ParentRunner$2.evaluate(ParentRunner.java:229)
	at org.junit.runners.ParentRunner.run(ParentRunner.java:309)
	at org.apache.maven.surefire.junit4.JUnit4Provider.execute(JUnit4Provider.java:365)
	at org.apache.maven.surefire.junit4.JUnit4Provider.executeWithRerun(JUnit4Provider.java:273)
	at org.apache.maven.surefire.junit4.JUnit4Provider.executeTestSet(JUnit4Provider.java:238)
	at org.apache.maven.surefire.junit4.JUnit4Provider.invoke(JUnit4Provider.java:159)
	at org.apache.maven.surefire.booter.ForkedBooter.invokeProviderInSameClassLoader(ForkedBooter.java:384)
	at org.apache.maven.surefire.booter.ForkedBooter.runSuitesInProcess(ForkedBooter.java:345)
	at org.apache.maven.surefire.booter.ForkedBooter.execute(ForkedBooter.java:126)
	at org.apache.maven.surefire.booter.ForkedBooter.main(ForkedBooter.java:418)

Oct 07, 2019 12:35:35 PM org.apache.ratis.thirdparty.io.grpc.internal.ManagedChannelOrphanWrapper$ManagedChannelReference cleanQueue
SEVERE: *~*~*~ Channel ManagedChannelImpl{logId=2188, target=192.168.30.23:41669} was not shutdown properly!!! ~*~*~*
    Make sure to call shutdown()/shutdownNow() and wait until awaitTermination() returns true.
java.lang.RuntimeException: ManagedChannel allocation site
	at org.apache.ratis.thirdparty.io.grpc.internal.ManagedChannelOrphanWrapper$ManagedChannelReference.<init>(ManagedChannelOrphanWrapper.java:103)
	at org.apache.ratis.thirdparty.io.grpc.internal.ManagedChannelOrphanWrapper.<init>(ManagedChannelOrphanWrapper.java:53)
	at org.apache.ratis.thirdparty.io.grpc.internal.ManagedChannelOrphanWrapper.<init>(ManagedChannelOrphanWrapper.java:44)
	at org.apache.ratis.thirdparty.io.grpc.internal.AbstractManagedChannelImplBuilder.build(AbstractManagedChannelImplBuilder.java:411)
	at org.apache.ratis.grpc.client.GrpcClientProtocolClient.<init>(GrpcClientProtocolClient.java:128)
	at org.apache.ratis.grpc.client.GrpcClientRpc.lambda$new$0(GrpcClientRpc.java:55)
	at org.apache.ratis.util.PeerProxyMap$PeerAndProxy.lambda$getProxy$0(PeerProxyMap.java:61)
	at org.apache.ratis.util.LifeCycle.startAndTransition(LifeCycle.java:202)
	at org.apache.ratis.util.PeerProxyMap$PeerAndProxy.getProxy(PeerProxyMap.java:60)
	at org.apache.ratis.util.PeerProxyMap.getProxy(PeerProxyMap.java:108)
	at org.apache.ratis.grpc.client.GrpcClientRpc.sendRequestAsync(GrpcClientRpc.java:66)
	at org.apache.ratis.client.impl.OrderedAsync.sendRequest(OrderedAsync.java:208)
	at org.apache.ratis.client.impl.OrderedAsync.sendRequestWithRetry(OrderedAsync.java:169)
	at org.apache.ratis.util.SlidingWindow$Client.sendOrDelayRequest(SlidingWindow.java:278)
	at org.apache.ratis.util.SlidingWindow$Client.submitNewRequest(SlidingWindow.java:257)
	at org.apache.ratis.client.impl.OrderedAsync.send(OrderedAsync.java:155)
	at org.apache.ratis.client.impl.RaftClientImpl.sendAsync(RaftClientImpl.java:144)
	at org.apache.ratis.client.impl.RaftClientImpl.sendAsync(RaftClientImpl.java:124)
	at org.apache.hadoop.hdds.scm.XceiverClientRatis.sendRequestAsync(XceiverClientRatis.java:230)
	at org.apache.hadoop.hdds.scm.XceiverClientRatis.sendCommandAsync(XceiverClientRatis.java:309)
	at org.apache.hadoop.hdds.scm.storage.ContainerProtocolCalls.writeChunkAsync(ContainerProtocolCalls.java:310)
	at org.apache.hadoop.hdds.scm.storage.BlockOutputStream.writeChunkToContainer(BlockOutputStream.java:601)
	at org.apache.hadoop.hdds.scm.storage.BlockOutputStream.writeChunk(BlockOutputStream.java:459)
	at org.apache.hadoop.hdds.scm.storage.BlockOutputStream.writeOnRetry(BlockOutputStream.java:285)
	at org.apache.hadoop.ozone.client.io.BlockOutputStreamEntry.writeOnRetry(BlockOutputStreamEntry.java:200)
	at org.apache.hadoop.ozone.client.io.KeyOutputStream.handleWrite(KeyOutputStream.java:206)
	at org.apache.hadoop.ozone.client.io.KeyOutputStream.handleRetry(KeyOutputStream.java:375)
	at org.apache.hadoop.ozone.client.io.KeyOutputStream.handleException(KeyOutputStream.java:324)
	at org.apache.hadoop.ozone.client.io.KeyOutputStream.handleFlushOrClose(KeyOutputStream.java:449)
	at org.apache.hadoop.ozone.client.io.KeyOutputStream.handleWrite(KeyOutputStream.java:232)
	at org.apache.hadoop.ozone.client.io.KeyOutputStream.write(KeyOutputStream.java:190)
	at org.apache.hadoop.ozone.client.io.OzoneOutputStream.write(OzoneOutputStream.java:49)
	at java.io.OutputStream.write(OutputStream.java:75)
	at org.apache.hadoop.ozone.client.rpc.TestBlockOutputStreamWithFailures.testDatanodeFailureWithSingleNodeRatis(TestBlockOutputStreamWithFailures.java:1021)
	at sun.reflect.NativeMethodAccessorImpl.invoke0(Native Method)
	at sun.reflect.NativeMethodAccessorImpl.invoke(NativeMethodAccessorImpl.java:62)
	at sun.reflect.DelegatingMethodAccessorImpl.invoke(DelegatingMethodAccessorImpl.java:43)
	at java.lang.reflect.Method.invoke(Method.java:498)
	at org.junit.runners.model.FrameworkMethod$1.runReflectiveCall(FrameworkMethod.java:47)
	at org.junit.internal.runners.model.ReflectiveCallable.run(ReflectiveCallable.java:12)
	at org.junit.runners.model.FrameworkMethod.invokeExplosively(FrameworkMethod.java:44)
	at org.junit.internal.runners.statements.InvokeMethod.evaluate(InvokeMethod.java:17)
	at org.junit.internal.runners.statements.RunBefores.evaluate(RunBefores.java:26)
	at org.junit.internal.runners.statements.RunAfters.evaluate(RunAfters.java:27)
	at org.junit.runners.ParentRunner.runLeaf(ParentRunner.java:271)
	at org.junit.runners.BlockJUnit4ClassRunner.runChild(BlockJUnit4ClassRunner.java:70)
	at org.junit.runners.BlockJUnit4ClassRunner.runChild(BlockJUnit4ClassRunner.java:50)
	at org.junit.runners.ParentRunner$3.run(ParentRunner.java:238)
	at org.junit.runners.ParentRunner$1.schedule(ParentRunner.java:63)
	at org.junit.runners.ParentRunner.runChildren(ParentRunner.java:236)
	at org.junit.runners.ParentRunner.access$000(ParentRunner.java:53)
	at org.junit.runners.ParentRunner$2.evaluate(ParentRunner.java:229)
	at org.junit.runners.ParentRunner.run(ParentRunner.java:309)
	at org.apache.maven.surefire.junit4.JUnit4Provider.execute(JUnit4Provider.java:365)
	at org.apache.maven.surefire.junit4.JUnit4Provider.executeWithRerun(JUnit4Provider.java:273)
	at org.apache.maven.surefire.junit4.JUnit4Provider.executeTestSet(JUnit4Provider.java:238)
	at org.apache.maven.surefire.junit4.JUnit4Provider.invoke(JUnit4Provider.java:159)
	at org.apache.maven.surefire.booter.ForkedBooter.invokeProviderInSameClassLoader(ForkedBooter.java:384)
	at org.apache.maven.surefire.booter.ForkedBooter.runSuitesInProcess(ForkedBooter.java:345)
	at org.apache.maven.surefire.booter.ForkedBooter.execute(ForkedBooter.java:126)
	at org.apache.maven.surefire.booter.ForkedBooter.main(ForkedBooter.java:418)

Oct 07, 2019 12:35:35 PM org.apache.ratis.thirdparty.io.grpc.internal.ManagedChannelOrphanWrapper$ManagedChannelReference cleanQueue
SEVERE: *~*~*~ Channel ManagedChannelImpl{logId=2431, target=192.168.30.23:36417} was not shutdown properly!!! ~*~*~*
    Make sure to call shutdown()/shutdownNow() and wait until awaitTermination() returns true.
java.lang.RuntimeException: ManagedChannel allocation site
	at org.apache.ratis.thirdparty.io.grpc.internal.ManagedChannelOrphanWrapper$ManagedChannelReference.<init>(ManagedChannelOrphanWrapper.java:103)
	at org.apache.ratis.thirdparty.io.grpc.internal.ManagedChannelOrphanWrapper.<init>(ManagedChannelOrphanWrapper.java:53)
	at org.apache.ratis.thirdparty.io.grpc.internal.ManagedChannelOrphanWrapper.<init>(ManagedChannelOrphanWrapper.java:44)
	at org.apache.ratis.thirdparty.io.grpc.internal.AbstractManagedChannelImplBuilder.build(AbstractManagedChannelImplBuilder.java:411)
	at org.apache.hadoop.hdds.scm.XceiverClientGrpc.connectToDatanode(XceiverClientGrpc.java:181)
	at org.apache.hadoop.hdds.scm.XceiverClientGrpc.reconnect(XceiverClientGrpc.java:429)
	at org.apache.hadoop.hdds.scm.XceiverClientGrpc.sendCommandAsync(XceiverClientGrpc.java:378)
	at org.apache.hadoop.hdds.scm.XceiverClientGrpc.sendCommandWithRetry(XceiverClientGrpc.java:291)
	at org.apache.hadoop.hdds.scm.XceiverClientGrpc.sendCommandWithTraceIDAndRetry(XceiverClientGrpc.java:257)
	at org.apache.hadoop.hdds.scm.XceiverClientGrpc.sendCommand(XceiverClientGrpc.java:240)
	at org.apache.hadoop.hdds.scm.storage.ContainerProtocolCalls.getBlock(ContainerProtocolCalls.java:118)
	at org.apache.hadoop.hdds.scm.storage.BlockInputStream.getChunkInfos(BlockInputStream.java:167)
	at org.apache.hadoop.hdds.scm.storage.BlockInputStream.initialize(BlockInputStream.java:118)
	at org.apache.hadoop.hdds.scm.storage.BlockInputStream.read(BlockInputStream.java:222)
	at org.apache.hadoop.ozone.client.io.KeyInputStream.read(KeyInputStream.java:171)
	at org.apache.hadoop.ozone.client.io.OzoneInputStream.read(OzoneInputStream.java:47)
	at java.io.InputStream.read(InputStream.java:101)
	at org.apache.hadoop.ozone.container.ContainerTestHelper.validateData(ContainerTestHelper.java:714)
	at org.apache.hadoop.ozone.client.rpc.TestBlockOutputStreamWithFailures.validateData(TestBlockOutputStreamWithFailures.java:1216)
	at org.apache.hadoop.ozone.client.rpc.TestBlockOutputStreamWithFailures.testWatchForCommitWithSingleNodeRatis(TestBlockOutputStreamWithFailures.java:918)
	at sun.reflect.NativeMethodAccessorImpl.invoke0(Native Method)
	at sun.reflect.NativeMethodAccessorImpl.invoke(NativeMethodAccessorImpl.java:62)
	at sun.reflect.DelegatingMethodAccessorImpl.invoke(DelegatingMethodAccessorImpl.java:43)
	at java.lang.reflect.Method.invoke(Method.java:498)
	at org.junit.runners.model.FrameworkMethod$1.runReflectiveCall(FrameworkMethod.java:47)
	at org.junit.internal.runners.model.ReflectiveCallable.run(ReflectiveCallable.java:12)
	at org.junit.runners.model.FrameworkMethod.invokeExplosively(FrameworkMethod.java:44)
	at org.junit.internal.runners.statements.InvokeMethod.evaluate(InvokeMethod.java:17)
	at org.junit.internal.runners.statements.RunBefores.evaluate(RunBefores.java:26)
	at org.junit.internal.runners.statements.RunAfters.evaluate(RunAfters.java:27)
	at org.junit.runners.ParentRunner.runLeaf(ParentRunner.java:271)
	at org.junit.runners.BlockJUnit4ClassRunner.runChild(BlockJUnit4ClassRunner.java:70)
	at org.junit.runners.BlockJUnit4ClassRunner.runChild(BlockJUnit4ClassRunner.java:50)
	at org.junit.runners.ParentRunner$3.run(ParentRunner.java:238)
	at org.junit.runners.ParentRunner$1.schedule(ParentRunner.java:63)
	at org.junit.runners.ParentRunner.runChildren(ParentRunner.java:236)
	at org.junit.runners.ParentRunner.access$000(ParentRunner.java:53)
	at org.junit.runners.ParentRunner$2.evaluate(ParentRunner.java:229)
	at org.junit.runners.ParentRunner.run(ParentRunner.java:309)
	at org.apache.maven.surefire.junit4.JUnit4Provider.execute(JUnit4Provider.java:365)
	at org.apache.maven.surefire.junit4.JUnit4Provider.executeWithRerun(JUnit4Provider.java:273)
	at org.apache.maven.surefire.junit4.JUnit4Provider.executeTestSet(JUnit4Provider.java:238)
	at org.apache.maven.surefire.junit4.JUnit4Provider.invoke(JUnit4Provider.java:159)
	at org.apache.maven.surefire.booter.ForkedBooter.invokeProviderInSameClassLoader(ForkedBooter.java:384)
	at org.apache.maven.surefire.booter.ForkedBooter.runSuitesInProcess(ForkedBooter.java:345)
	at org.apache.maven.surefire.booter.ForkedBooter.execute(ForkedBooter.java:126)
	at org.apache.maven.surefire.booter.ForkedBooter.main(ForkedBooter.java:418)

Oct 07, 2019 12:35:35 PM org.apache.ratis.thirdparty.io.grpc.internal.ManagedChannelOrphanWrapper$ManagedChannelReference cleanQueue
SEVERE: *~*~*~ Channel ManagedChannelImpl{logId=2747, target=192.168.30.23:37045} was not shutdown properly!!! ~*~*~*
    Make sure to call shutdown()/shutdownNow() and wait until awaitTermination() returns true.
java.lang.RuntimeException: ManagedChannel allocation site
	at org.apache.ratis.thirdparty.io.grpc.internal.ManagedChannelOrphanWrapper$ManagedChannelReference.<init>(ManagedChannelOrphanWrapper.java:103)
	at org.apache.ratis.thirdparty.io.grpc.internal.ManagedChannelOrphanWrapper.<init>(ManagedChannelOrphanWrapper.java:53)
	at org.apache.ratis.thirdparty.io.grpc.internal.ManagedChannelOrphanWrapper.<init>(ManagedChannelOrphanWrapper.java:44)
	at org.apache.ratis.thirdparty.io.grpc.internal.AbstractManagedChannelImplBuilder.build(AbstractManagedChannelImplBuilder.java:411)
	at org.apache.hadoop.hdds.scm.XceiverClientGrpc.connectToDatanode(XceiverClientGrpc.java:181)
	at org.apache.hadoop.hdds.scm.XceiverClientGrpc.reconnect(XceiverClientGrpc.java:429)
	at org.apache.hadoop.hdds.scm.XceiverClientGrpc.sendCommandAsync(XceiverClientGrpc.java:378)
	at org.apache.hadoop.hdds.scm.XceiverClientGrpc.sendCommandWithRetry(XceiverClientGrpc.java:291)
	at org.apache.hadoop.hdds.scm.XceiverClientGrpc.sendCommandWithTraceIDAndRetry(XceiverClientGrpc.java:257)
	at org.apache.hadoop.hdds.scm.XceiverClientGrpc.sendCommand(XceiverClientGrpc.java:240)
	at org.apache.hadoop.hdds.scm.storage.ContainerProtocolCalls.readChunk(ContainerProtocolCalls.java:245)
	at org.apache.hadoop.hdds.scm.storage.ChunkInputStream.readChunk(ChunkInputStream.java:335)
	at org.apache.hadoop.hdds.scm.storage.ChunkInputStream.readChunkFromContainer(ChunkInputStream.java:307)
	at org.apache.hadoop.hdds.scm.storage.ChunkInputStream.prepareRead(ChunkInputStream.java:259)
	at org.apache.hadoop.hdds.scm.storage.ChunkInputStream.read(ChunkInputStream.java:144)
	at org.apache.hadoop.hdds.scm.storage.BlockInputStream.read(BlockInputStream.java:239)
	at org.apache.hadoop.ozone.client.io.KeyInputStream.read(KeyInputStream.java:171)
	at org.apache.hadoop.ozone.client.io.OzoneInputStream.read(OzoneInputStream.java:47)
	at java.io.InputStream.read(InputStream.java:101)
	at org.apache.hadoop.ozone.container.ContainerTestHelper.validateData(ContainerTestHelper.java:714)
	at org.apache.hadoop.ozone.client.rpc.TestBlockOutputStreamWithFailures.validateData(TestBlockOutputStreamWithFailures.java:1216)
	at org.apache.hadoop.ozone.client.rpc.TestBlockOutputStreamWithFailures.testWatchForCommitDatanodeFailure(TestBlockOutputStreamWithFailures.java:393)
	at sun.reflect.NativeMethodAccessorImpl.invoke0(Native Method)
	at sun.reflect.NativeMethodAccessorImpl.invoke(NativeMethodAccessorImpl.java:62)
	at sun.reflect.DelegatingMethodAccessorImpl.invoke(DelegatingMethodAccessorImpl.java:43)
	at java.lang.reflect.Method.invoke(Method.java:498)
	at org.junit.runners.model.FrameworkMethod$1.runReflectiveCall(FrameworkMethod.java:47)
	at org.junit.internal.runners.model.ReflectiveCallable.run(ReflectiveCallable.java:12)
	at org.junit.runners.model.FrameworkMethod.invokeExplosively(FrameworkMethod.java:44)
	at org.junit.internal.runners.statements.InvokeMethod.evaluate(InvokeMethod.java:17)
	at org.junit.internal.runners.statements.RunBefores.evaluate(RunBefores.java:26)
	at org.junit.internal.runners.statements.RunAfters.evaluate(RunAfters.java:27)
	at org.junit.runners.ParentRunner.runLeaf(ParentRunner.java:271)
	at org.junit.runners.BlockJUnit4ClassRunner.runChild(BlockJUnit4ClassRunner.java:70)
	at org.junit.runners.BlockJUnit4ClassRunner.runChild(BlockJUnit4ClassRunner.java:50)
	at org.junit.runners.ParentRunner$3.run(ParentRunner.java:238)
	at org.junit.runners.ParentRunner$1.schedule(ParentRunner.java:63)
	at org.junit.runners.ParentRunner.runChildren(ParentRunner.java:236)
	at org.junit.runners.ParentRunner.access$000(ParentRunner.java:53)
	at org.junit.runners.ParentRunner$2.evaluate(ParentRunner.java:229)
	at org.junit.runners.ParentRunner.run(ParentRunner.java:309)
	at org.apache.maven.surefire.junit4.JUnit4Provider.execute(JUnit4Provider.java:365)
	at org.apache.maven.surefire.junit4.JUnit4Provider.executeWithRerun(JUnit4Provider.java:273)
	at org.apache.maven.surefire.junit4.JUnit4Provider.executeTestSet(JUnit4Provider.java:238)
	at org.apache.maven.surefire.junit4.JUnit4Provider.invoke(JUnit4Provider.java:159)
	at org.apache.maven.surefire.booter.ForkedBooter.invokeProviderInSameClassLoader(ForkedBooter.java:384)
	at org.apache.maven.surefire.booter.ForkedBooter.runSuitesInProcess(ForkedBooter.java:345)
	at org.apache.maven.surefire.booter.ForkedBooter.execute(ForkedBooter.java:126)
	at org.apache.maven.surefire.booter.ForkedBooter.main(ForkedBooter.java:418)

Oct 07, 2019 12:35:35 PM org.apache.ratis.thirdparty.io.grpc.internal.ManagedChannelOrphanWrapper$ManagedChannelReference cleanQueue
SEVERE: *~*~*~ Channel ManagedChannelImpl{logId=2184, target=192.168.30.23:41852} was not shutdown properly!!! ~*~*~*
    Make sure to call shutdown()/shutdownNow() and wait until awaitTermination() returns true.
java.lang.RuntimeException: ManagedChannel allocation site
	at org.apache.ratis.thirdparty.io.grpc.internal.ManagedChannelOrphanWrapper$ManagedChannelReference.<init>(ManagedChannelOrphanWrapper.java:103)
	at org.apache.ratis.thirdparty.io.grpc.internal.ManagedChannelOrphanWrapper.<init>(ManagedChannelOrphanWrapper.java:53)
	at org.apache.ratis.thirdparty.io.grpc.internal.ManagedChannelOrphanWrapper.<init>(ManagedChannelOrphanWrapper.java:44)
	at org.apache.ratis.thirdparty.io.grpc.internal.AbstractManagedChannelImplBuilder.build(AbstractManagedChannelImplBuilder.java:411)
	at org.apache.ratis.grpc.client.GrpcClientProtocolClient.<init>(GrpcClientProtocolClient.java:128)
	at org.apache.ratis.grpc.client.GrpcClientRpc.lambda$new$0(GrpcClientRpc.java:55)
	at org.apache.ratis.util.PeerProxyMap$PeerAndProxy.lambda$getProxy$0(PeerProxyMap.java:61)
	at org.apache.ratis.util.LifeCycle.startAndTransition(LifeCycle.java:202)
	at org.apache.ratis.util.PeerProxyMap$PeerAndProxy.getProxy(PeerProxyMap.java:60)
	at org.apache.ratis.util.PeerProxyMap.getProxy(PeerProxyMap.java:108)
	at org.apache.ratis.grpc.client.GrpcClientRpc.sendRequestAsync(GrpcClientRpc.java:66)
	at org.apache.ratis.client.impl.OrderedAsync.sendRequest(OrderedAsync.java:208)
	at org.apache.ratis.client.impl.OrderedAsync.sendRequestWithRetry(OrderedAsync.java:169)
	at org.apache.ratis.util.SlidingWindow$Client.sendOrDelayRequest(SlidingWindow.java:278)
	at org.apache.ratis.util.SlidingWindow$Client.retry(SlidingWindow.java:294)
	at org.apache.ratis.client.impl.OrderedAsync.lambda$scheduleWithTimeout$7(OrderedAsync.java:195)
	at org.apache.ratis.util.TimeoutScheduler.lambda$onTimeout$0(TimeoutScheduler.java:113)
	at org.apache.ratis.util.TimeoutScheduler.lambda$onTimeout$1(TimeoutScheduler.java:133)
	at org.apache.ratis.util.LogUtils.runAndLog(LogUtils.java:50)
	at org.apache.ratis.util.LogUtils$1.run(LogUtils.java:91)
	at java.util.concurrent.Executors$RunnableAdapter.call(Executors.java:511)
	at java.util.concurrent.FutureTask.run(FutureTask.java:266)
	at java.util.concurrent.ScheduledThreadPoolExecutor$ScheduledFutureTask.access$201(ScheduledThreadPoolExecutor.java:180)
	at java.util.concurrent.ScheduledThreadPoolExecutor$ScheduledFutureTask.run(ScheduledThreadPoolExecutor.java:293)
	at java.util.concurrent.ThreadPoolExecutor.runWorker(ThreadPoolExecutor.java:1149)
	at java.util.concurrent.ThreadPoolExecutor$Worker.run(ThreadPoolExecutor.java:624)
	at java.lang.Thread.run(Thread.java:748)

Oct 07, 2019 12:35:35 PM org.apache.ratis.thirdparty.io.grpc.internal.ManagedChannelOrphanWrapper$ManagedChannelReference cleanQueue
SEVERE: *~*~*~ Channel ManagedChannelImpl{logId=2737, target=192.168.30.23:42078} was not shutdown properly!!! ~*~*~*
    Make sure to call shutdown()/shutdownNow() and wait until awaitTermination() returns true.
java.lang.RuntimeException: ManagedChannel allocation site
	at org.apache.ratis.thirdparty.io.grpc.internal.ManagedChannelOrphanWrapper$ManagedChannelReference.<init>(ManagedChannelOrphanWrapper.java:103)
	at org.apache.ratis.thirdparty.io.grpc.internal.ManagedChannelOrphanWrapper.<init>(ManagedChannelOrphanWrapper.java:53)
	at org.apache.ratis.thirdparty.io.grpc.internal.ManagedChannelOrphanWrapper.<init>(ManagedChannelOrphanWrapper.java:44)
	at org.apache.ratis.thirdparty.io.grpc.internal.AbstractManagedChannelImplBuilder.build(AbstractManagedChannelImplBuilder.java:411)
	at org.apache.hadoop.hdds.scm.XceiverClientGrpc.connectToDatanode(XceiverClientGrpc.java:181)
	at org.apache.hadoop.hdds.scm.XceiverClientGrpc.reconnect(XceiverClientGrpc.java:429)
	at org.apache.hadoop.hdds.scm.XceiverClientGrpc.sendCommandAsync(XceiverClientGrpc.java:378)
	at org.apache.hadoop.hdds.scm.XceiverClientGrpc.sendCommandWithRetry(XceiverClientGrpc.java:291)
	at org.apache.hadoop.hdds.scm.XceiverClientGrpc.sendCommandWithTraceIDAndRetry(XceiverClientGrpc.java:257)
	at org.apache.hadoop.hdds.scm.XceiverClientGrpc.sendCommand(XceiverClientGrpc.java:240)
	at org.apache.hadoop.hdds.scm.storage.ContainerProtocolCalls.getBlock(ContainerProtocolCalls.java:118)
	at org.apache.hadoop.hdds.scm.storage.BlockInputStream.getChunkInfos(BlockInputStream.java:167)
	at org.apache.hadoop.hdds.scm.storage.BlockInputStream.initialize(BlockInputStream.java:118)
	at org.apache.hadoop.hdds.scm.storage.BlockInputStream.read(BlockInputStream.java:222)
	at org.apache.hadoop.ozone.client.io.KeyInputStream.read(KeyInputStream.java:171)
	at org.apache.hadoop.ozone.client.io.OzoneInputStream.read(OzoneInputStream.java:47)
	at java.io.InputStream.read(InputStream.java:101)
	at org.apache.hadoop.ozone.container.ContainerTestHelper.validateData(ContainerTestHelper.java:714)
	at org.apache.hadoop.ozone.client.rpc.TestBlockOutputStreamWithFailures.validateData(TestBlockOutputStreamWithFailures.java:1216)
	at org.apache.hadoop.ozone.client.rpc.TestBlockOutputStreamWithFailures.testWatchForCommitDatanodeFailure(TestBlockOutputStreamWithFailures.java:393)
	at sun.reflect.NativeMethodAccessorImpl.invoke0(Native Method)
	at sun.reflect.NativeMethodAccessorImpl.invoke(NativeMethodAccessorImpl.java:62)
	at sun.reflect.DelegatingMethodAccessorImpl.invoke(DelegatingMethodAccessorImpl.java:43)
	at java.lang.reflect.Method.invoke(Method.java:498)
	at org.junit.runners.model.FrameworkMethod$1.runReflectiveCall(FrameworkMethod.java:47)
	at org.junit.internal.runners.model.ReflectiveCallable.run(ReflectiveCallable.java:12)
	at org.junit.runners.model.FrameworkMethod.invokeExplosively(FrameworkMethod.java:44)
	at org.junit.internal.runners.statements.InvokeMethod.evaluate(InvokeMethod.java:17)
	at org.junit.internal.runners.statements.RunBefores.evaluate(RunBefores.java:26)
	at org.junit.internal.runners.statements.RunAfters.evaluate(RunAfters.java:27)
	at org.junit.runners.ParentRunner.runLeaf(ParentRunner.java:271)
	at org.junit.runners.BlockJUnit4ClassRunner.runChild(BlockJUnit4ClassRunner.java:70)
	at org.junit.runners.BlockJUnit4ClassRunner.runChild(BlockJUnit4ClassRunner.java:50)
	at org.junit.runners.ParentRunner$3.run(ParentRunner.java:238)
	at org.junit.runners.ParentRunner$1.schedule(ParentRunner.java:63)
	at org.junit.runners.ParentRunner.runChildren(ParentRunner.java:236)
	at org.junit.runners.ParentRunner.access$000(ParentRunner.java:53)
	at org.junit.runners.ParentRunner$2.evaluate(ParentRunner.java:229)
	at org.junit.runners.ParentRunner.run(ParentRunner.java:309)
	at org.apache.maven.surefire.junit4.JUnit4Provider.execute(JUnit4Provider.java:365)
	at org.apache.maven.surefire.junit4.JUnit4Provider.executeWithRerun(JUnit4Provider.java:273)
	at org.apache.maven.surefire.junit4.JUnit4Provider.executeTestSet(JUnit4Provider.java:238)
	at org.apache.maven.surefire.junit4.JUnit4Provider.invoke(JUnit4Provider.java:159)
	at org.apache.maven.surefire.booter.ForkedBooter.invokeProviderInSameClassLoader(ForkedBooter.java:384)
	at org.apache.maven.surefire.booter.ForkedBooter.runSuitesInProcess(ForkedBooter.java:345)
	at org.apache.maven.surefire.booter.ForkedBooter.execute(ForkedBooter.java:126)
	at org.apache.maven.surefire.booter.ForkedBooter.main(ForkedBooter.java:418)

Oct 07, 2019 12:35:35 PM org.apache.ratis.thirdparty.io.grpc.internal.ManagedChannelOrphanWrapper$ManagedChannelReference cleanQueue
SEVERE: *~*~*~ Channel ManagedChannelImpl{logId=2421, target=192.168.30.23:41604} was not shutdown properly!!! ~*~*~*
    Make sure to call shutdown()/shutdownNow() and wait until awaitTermination() returns true.
java.lang.RuntimeException: ManagedChannel allocation site
	at org.apache.ratis.thirdparty.io.grpc.internal.ManagedChannelOrphanWrapper$ManagedChannelReference.<init>(ManagedChannelOrphanWrapper.java:103)
	at org.apache.ratis.thirdparty.io.grpc.internal.ManagedChannelOrphanWrapper.<init>(ManagedChannelOrphanWrapper.java:53)
	at org.apache.ratis.thirdparty.io.grpc.internal.ManagedChannelOrphanWrapper.<init>(ManagedChannelOrphanWrapper.java:44)
	at org.apache.ratis.thirdparty.io.grpc.internal.AbstractManagedChannelImplBuilder.build(AbstractManagedChannelImplBuilder.java:411)
	at org.apache.ratis.grpc.client.GrpcClientProtocolClient.<init>(GrpcClientProtocolClient.java:128)
	at org.apache.ratis.grpc.client.GrpcClientRpc.lambda$new$0(GrpcClientRpc.java:55)
	at org.apache.ratis.util.PeerProxyMap$PeerAndProxy.lambda$getProxy$0(PeerProxyMap.java:61)
	at org.apache.ratis.util.LifeCycle.startAndTransition(LifeCycle.java:202)
	at org.apache.ratis.util.PeerProxyMap$PeerAndProxy.getProxy(PeerProxyMap.java:60)
	at org.apache.ratis.util.PeerProxyMap.getProxy(PeerProxyMap.java:108)
	at org.apache.ratis.grpc.client.GrpcClientRpc.sendRequestAsync(GrpcClientRpc.java:66)
	at org.apache.ratis.client.impl.OrderedAsync.sendRequest(OrderedAsync.java:208)
	at org.apache.ratis.client.impl.OrderedAsync.sendRequestWithRetry(OrderedAsync.java:169)
	at org.apache.ratis.util.SlidingWindow$Client.sendOrDelayRequest(SlidingWindow.java:278)
	at org.apache.ratis.util.SlidingWindow$Client.submitNewRequest(SlidingWindow.java:257)
	at org.apache.ratis.client.impl.OrderedAsync.send(OrderedAsync.java:155)
	at org.apache.ratis.client.impl.RaftClientImpl.sendAsync(RaftClientImpl.java:144)
	at org.apache.ratis.client.impl.RaftClientImpl.sendAsync(RaftClientImpl.java:124)
	at org.apache.hadoop.hdds.scm.XceiverClientRatis.sendRequestAsync(XceiverClientRatis.java:230)
	at org.apache.hadoop.hdds.scm.XceiverClientRatis.sendCommandAsync(XceiverClientRatis.java:309)
	at org.apache.hadoop.hdds.scm.storage.ContainerProtocolCalls.writeChunkAsync(ContainerProtocolCalls.java:310)
	at org.apache.hadoop.hdds.scm.storage.BlockOutputStream.writeChunkToContainer(BlockOutputStream.java:601)
	at org.apache.hadoop.hdds.scm.storage.BlockOutputStream.writeChunk(BlockOutputStream.java:459)
	at org.apache.hadoop.hdds.scm.storage.BlockOutputStream.writeOnRetry(BlockOutputStream.java:285)
	at org.apache.hadoop.ozone.client.io.BlockOutputStreamEntry.writeOnRetry(BlockOutputStreamEntry.java:200)
	at org.apache.hadoop.ozone.client.io.KeyOutputStream.handleWrite(KeyOutputStream.java:206)
	at org.apache.hadoop.ozone.client.io.KeyOutputStream.handleRetry(KeyOutputStream.java:375)
	at org.apache.hadoop.ozone.client.io.KeyOutputStream.handleException(KeyOutputStream.java:324)
	at org.apache.hadoop.ozone.client.io.KeyOutputStream.handleFlushOrClose(KeyOutputStream.java:449)
	at org.apache.hadoop.ozone.client.io.KeyOutputStream.handleWrite(KeyOutputStream.java:232)
	at org.apache.hadoop.ozone.client.io.KeyOutputStream.write(KeyOutputStream.java:190)
	at org.apache.hadoop.ozone.client.io.OzoneOutputStream.write(OzoneOutputStream.java:49)
	at java.io.OutputStream.write(OutputStream.java:75)
	at org.apache.hadoop.ozone.client.rpc.TestBlockOutputStreamWithFailures.testWatchForCommitWithSingleNodeRatis(TestBlockOutputStreamWithFailures.java:885)
	at sun.reflect.NativeMethodAccessorImpl.invoke0(Native Method)
	at sun.reflect.NativeMethodAccessorImpl.invoke(NativeMethodAccessorImpl.java:62)
	at sun.reflect.DelegatingMethodAccessorImpl.invoke(DelegatingMethodAccessorImpl.java:43)
	at java.lang.reflect.Method.invoke(Method.java:498)
	at org.junit.runners.model.FrameworkMethod$1.runReflectiveCall(FrameworkMethod.java:47)
	at org.junit.internal.runners.model.ReflectiveCallable.run(ReflectiveCallable.java:12)
	at org.junit.runners.model.FrameworkMethod.invokeExplosively(FrameworkMethod.java:44)
	at org.junit.internal.runners.statements.InvokeMethod.evaluate(InvokeMethod.java:17)
	at org.junit.internal.runners.statements.RunBefores.evaluate(RunBefores.java:26)
	at org.junit.internal.runners.statements.RunAfters.evaluate(RunAfters.java:27)
	at org.junit.runners.ParentRunner.runLeaf(ParentRunner.java:271)
	at org.junit.runners.BlockJUnit4ClassRunner.runChild(BlockJUnit4ClassRunner.java:70)
	at org.junit.runners.BlockJUnit4ClassRunner.runChild(BlockJUnit4ClassRunner.java:50)
	at org.junit.runners.ParentRunner$3.run(ParentRunner.java:238)
	at org.junit.runners.ParentRunner$1.schedule(ParentRunner.java:63)
	at org.junit.runners.ParentRunner.runChildren(ParentRunner.java:236)
	at org.junit.runners.ParentRunner.access$000(ParentRunner.java:53)
	at org.junit.runners.ParentRunner$2.evaluate(ParentRunner.java:229)
	at org.junit.runners.ParentRunner.run(ParentRunner.java:309)
	at org.apache.maven.surefire.junit4.JUnit4Provider.execute(JUnit4Provider.java:365)
	at org.apache.maven.surefire.junit4.JUnit4Provider.executeWithRerun(JUnit4Provider.java:273)
	at org.apache.maven.surefire.junit4.JUnit4Provider.executeTestSet(JUnit4Provider.java:238)
	at org.apache.maven.surefire.junit4.JUnit4Provider.invoke(JUnit4Provider.java:159)
	at org.apache.maven.surefire.booter.ForkedBooter.invokeProviderInSameClassLoader(ForkedBooter.java:384)
	at org.apache.maven.surefire.booter.ForkedBooter.runSuitesInProcess(ForkedBooter.java:345)
	at org.apache.maven.surefire.booter.ForkedBooter.execute(ForkedBooter.java:126)
	at org.apache.maven.surefire.booter.ForkedBooter.main(ForkedBooter.java:418)

Oct 07, 2019 12:35:35 PM org.apache.ratis.thirdparty.io.grpc.internal.ManagedChannelOrphanWrapper$ManagedChannelReference cleanQueue
SEVERE: *~*~*~ Channel ManagedChannelImpl{logId=2426, target=192.168.30.23:37426} was not shutdown properly!!! ~*~*~*
    Make sure to call shutdown()/shutdownNow() and wait until awaitTermination() returns true.
java.lang.RuntimeException: ManagedChannel allocation site
	at org.apache.ratis.thirdparty.io.grpc.internal.ManagedChannelOrphanWrapper$ManagedChannelReference.<init>(ManagedChannelOrphanWrapper.java:103)
	at org.apache.ratis.thirdparty.io.grpc.internal.ManagedChannelOrphanWrapper.<init>(ManagedChannelOrphanWrapper.java:53)
	at org.apache.ratis.thirdparty.io.grpc.internal.ManagedChannelOrphanWrapper.<init>(ManagedChannelOrphanWrapper.java:44)
	at org.apache.ratis.thirdparty.io.grpc.internal.AbstractManagedChannelImplBuilder.build(AbstractManagedChannelImplBuilder.java:411)
	at org.apache.hadoop.hdds.scm.XceiverClientGrpc.connectToDatanode(XceiverClientGrpc.java:181)
	at org.apache.hadoop.hdds.scm.XceiverClientGrpc.reconnect(XceiverClientGrpc.java:429)
	at org.apache.hadoop.hdds.scm.XceiverClientGrpc.sendCommandAsync(XceiverClientGrpc.java:378)
	at org.apache.hadoop.hdds.scm.XceiverClientGrpc.sendCommandWithRetry(XceiverClientGrpc.java:291)
	at org.apache.hadoop.hdds.scm.XceiverClientGrpc.sendCommandWithTraceIDAndRetry(XceiverClientGrpc.java:257)
	at org.apache.hadoop.hdds.scm.XceiverClientGrpc.sendCommand(XceiverClientGrpc.java:240)
	at org.apache.hadoop.hdds.scm.storage.ContainerProtocolCalls.getBlock(ContainerProtocolCalls.java:118)
	at org.apache.hadoop.hdds.scm.storage.BlockInputStream.getChunkInfos(BlockInputStream.java:167)
	at org.apache.hadoop.hdds.scm.storage.BlockInputStream.initialize(BlockInputStream.java:118)
	at org.apache.hadoop.hdds.scm.storage.BlockInputStream.read(BlockInputStream.java:222)
	at org.apache.hadoop.ozone.client.io.KeyInputStream.read(KeyInputStream.java:171)
	at org.apache.hadoop.ozone.client.io.OzoneInputStream.read(OzoneInputStream.java:47)
	at java.io.InputStream.read(InputStream.java:101)
	at org.apache.hadoop.ozone.container.ContainerTestHelper.validateData(ContainerTestHelper.java:714)
	at org.apache.hadoop.ozone.client.rpc.TestBlockOutputStreamWithFailures.validateData(TestBlockOutputStreamWithFailures.java:1216)
	at org.apache.hadoop.ozone.client.rpc.TestBlockOutputStreamWithFailures.testWatchForCommitWithSingleNodeRatis(TestBlockOutputStreamWithFailures.java:918)
	at sun.reflect.NativeMethodAccessorImpl.invoke0(Native Method)
	at sun.reflect.NativeMethodAccessorImpl.invoke(NativeMethodAccessorImpl.java:62)
	at sun.reflect.DelegatingMethodAccessorImpl.invoke(DelegatingMethodAccessorImpl.java:43)
	at java.lang.reflect.Method.invoke(Method.java:498)
	at org.junit.runners.model.FrameworkMethod$1.runReflectiveCall(FrameworkMethod.java:47)
	at org.junit.internal.runners.model.ReflectiveCallable.run(ReflectiveCallable.java:12)
	at org.junit.runners.model.FrameworkMethod.invokeExplosively(FrameworkMethod.java:44)
	at org.junit.internal.runners.statements.InvokeMethod.evaluate(InvokeMethod.java:17)
	at org.junit.internal.runners.statements.RunBefores.evaluate(RunBefores.java:26)
	at org.junit.internal.runners.statements.RunAfters.evaluate(RunAfters.java:27)
	at org.junit.runners.ParentRunner.runLeaf(ParentRunner.java:271)
	at org.junit.runners.BlockJUnit4ClassRunner.runChild(BlockJUnit4ClassRunner.java:70)
	at org.junit.runners.BlockJUnit4ClassRunner.runChild(BlockJUnit4ClassRunner.java:50)
	at org.junit.runners.ParentRunner$3.run(ParentRunner.java:238)
	at org.junit.runners.ParentRunner$1.schedule(ParentRunner.java:63)
	at org.junit.runners.ParentRunner.runChildren(ParentRunner.java:236)
	at org.junit.runners.ParentRunner.access$000(ParentRunner.java:53)
	at org.junit.runners.ParentRunner$2.evaluate(ParentRunner.java:229)
	at org.junit.runners.ParentRunner.run(ParentRunner.java:309)
	at org.apache.maven.surefire.junit4.JUnit4Provider.execute(JUnit4Provider.java:365)
	at org.apache.maven.surefire.junit4.JUnit4Provider.executeWithRerun(JUnit4Provider.java:273)
	at org.apache.maven.surefire.junit4.JUnit4Provider.executeTestSet(JUnit4Provider.java:238)
	at org.apache.maven.surefire.junit4.JUnit4Provider.invoke(JUnit4Provider.java:159)
	at org.apache.maven.surefire.booter.ForkedBooter.invokeProviderInSameClassLoader(ForkedBooter.java:384)
	at org.apache.maven.surefire.booter.ForkedBooter.runSuitesInProcess(ForkedBooter.java:345)
	at org.apache.maven.surefire.booter.ForkedBooter.execute(ForkedBooter.java:126)
	at org.apache.maven.surefire.booter.ForkedBooter.main(ForkedBooter.java:418)

Oct 07, 2019 12:35:35 PM org.apache.ratis.thirdparty.io.grpc.internal.ManagedChannelOrphanWrapper$ManagedChannelReference cleanQueue
SEVERE: *~*~*~ Channel ManagedChannelImpl{logId=2751, target=192.168.30.23:38375} was not shutdown properly!!! ~*~*~*
    Make sure to call shutdown()/shutdownNow() and wait until awaitTermination() returns true.
java.lang.RuntimeException: ManagedChannel allocation site
	at org.apache.ratis.thirdparty.io.grpc.internal.ManagedChannelOrphanWrapper$ManagedChannelReference.<init>(ManagedChannelOrphanWrapper.java:103)
	at org.apache.ratis.thirdparty.io.grpc.internal.ManagedChannelOrphanWrapper.<init>(ManagedChannelOrphanWrapper.java:53)
	at org.apache.ratis.thirdparty.io.grpc.internal.ManagedChannelOrphanWrapper.<init>(ManagedChannelOrphanWrapper.java:44)
	at org.apache.ratis.thirdparty.io.grpc.internal.AbstractManagedChannelImplBuilder.build(AbstractManagedChannelImplBuilder.java:411)
	at org.apache.hadoop.hdds.scm.XceiverClientGrpc.connectToDatanode(XceiverClientGrpc.java:181)
	at org.apache.hadoop.hdds.scm.XceiverClientGrpc.reconnect(XceiverClientGrpc.java:429)
	at org.apache.hadoop.hdds.scm.XceiverClientGrpc.sendCommandAsync(XceiverClientGrpc.java:378)
	at org.apache.hadoop.hdds.scm.XceiverClientGrpc.sendCommandWithRetry(XceiverClientGrpc.java:291)
	at org.apache.hadoop.hdds.scm.XceiverClientGrpc.sendCommandWithTraceIDAndRetry(XceiverClientGrpc.java:257)
	at org.apache.hadoop.hdds.scm.XceiverClientGrpc.sendCommand(XceiverClientGrpc.java:240)
	at org.apache.hadoop.hdds.scm.storage.ContainerProtocolCalls.getBlock(ContainerProtocolCalls.java:118)
	at org.apache.hadoop.hdds.scm.storage.BlockInputStream.getChunkInfos(BlockInputStream.java:167)
	at org.apache.hadoop.hdds.scm.storage.BlockInputStream.initialize(BlockInputStream.java:118)
	at org.apache.hadoop.hdds.scm.storage.BlockInputStream.read(BlockInputStream.java:222)
	at org.apache.hadoop.ozone.client.io.KeyInputStream.read(KeyInputStream.java:171)
	at org.apache.hadoop.ozone.client.io.OzoneInputStream.read(OzoneInputStream.java:47)
	at java.io.InputStream.read(InputStream.java:101)
	at org.apache.hadoop.ozone.container.ContainerTestHelper.validateData(ContainerTestHelper.java:714)
	at org.apache.hadoop.ozone.client.rpc.TestBlockOutputStreamWithFailures.validateData(TestBlockOutputStreamWithFailures.java:1216)
	at org.apache.hadoop.ozone.client.rpc.TestBlockOutputStreamWithFailures.testWatchForCommitDatanodeFailure(TestBlockOutputStreamWithFailures.java:393)
	at sun.reflect.NativeMethodAccessorImpl.invoke0(Native Method)
	at sun.reflect.NativeMethodAccessorImpl.invoke(NativeMethodAccessorImpl.java:62)
	at sun.reflect.DelegatingMethodAccessorImpl.invoke(DelegatingMethodAccessorImpl.java:43)
	at java.lang.reflect.Method.invoke(Method.java:498)
	at org.junit.runners.model.FrameworkMethod$1.runReflectiveCall(FrameworkMethod.java:47)
	at org.junit.internal.runners.model.ReflectiveCallable.run(ReflectiveCallable.java:12)
	at org.junit.runners.model.FrameworkMethod.invokeExplosively(FrameworkMethod.java:44)
	at org.junit.internal.runners.statements.InvokeMethod.evaluate(InvokeMethod.java:17)
	at org.junit.internal.runners.statements.RunBefores.evaluate(RunBefores.java:26)
	at org.junit.internal.runners.statements.RunAfters.evaluate(RunAfters.java:27)
	at org.junit.runners.ParentRunner.runLeaf(ParentRunner.java:271)
	at org.junit.runners.BlockJUnit4ClassRunner.runChild(BlockJUnit4ClassRunner.java:70)
	at org.junit.runners.BlockJUnit4ClassRunner.runChild(BlockJUnit4ClassRunner.java:50)
	at org.junit.runners.ParentRunner$3.run(ParentRunner.java:238)
	at org.junit.runners.ParentRunner$1.schedule(ParentRunner.java:63)
	at org.junit.runners.ParentRunner.runChildren(ParentRunner.java:236)
	at org.junit.runners.ParentRunner.access$000(ParentRunner.java:53)
	at org.junit.runners.ParentRunner$2.evaluate(ParentRunner.java:229)
	at org.junit.runners.ParentRunner.run(ParentRunner.java:309)
	at org.apache.maven.surefire.junit4.JUnit4Provider.execute(JUnit4Provider.java:365)
	at org.apache.maven.surefire.junit4.JUnit4Provider.executeWithRerun(JUnit4Provider.java:273)
	at org.apache.maven.surefire.junit4.JUnit4Provider.executeTestSet(JUnit4Provider.java:238)
	at org.apache.maven.surefire.junit4.JUnit4Provider.invoke(JUnit4Provider.java:159)
	at org.apache.maven.surefire.booter.ForkedBooter.invokeProviderInSameClassLoader(ForkedBooter.java:384)
	at org.apache.maven.surefire.booter.ForkedBooter.runSuitesInProcess(ForkedBooter.java:345)
	at org.apache.maven.surefire.booter.ForkedBooter.execute(ForkedBooter.java:126)
	at org.apache.maven.surefire.booter.ForkedBooter.main(ForkedBooter.java:418)

Oct 07, 2019 12:35:35 PM org.apache.ratis.thirdparty.io.grpc.internal.ManagedChannelOrphanWrapper$ManagedChannelReference cleanQueue
SEVERE: *~*~*~ Channel ManagedChannelImpl{logId=2218, target=192.168.30.23:34813} was not shutdown properly!!! ~*~*~*
    Make sure to call shutdown()/shutdownNow() and wait until awaitTermination() returns true.
java.lang.RuntimeException: ManagedChannel allocation site
	at org.apache.ratis.thirdparty.io.grpc.internal.ManagedChannelOrphanWrapper$ManagedChannelReference.<init>(ManagedChannelOrphanWrapper.java:103)
	at org.apache.ratis.thirdparty.io.grpc.internal.ManagedChannelOrphanWrapper.<init>(ManagedChannelOrphanWrapper.java:53)
	at org.apache.ratis.thirdparty.io.grpc.internal.ManagedChannelOrphanWrapper.<init>(ManagedChannelOrphanWrapper.java:44)
	at org.apache.ratis.thirdparty.io.grpc.internal.AbstractManagedChannelImplBuilder.build(AbstractManagedChannelImplBuilder.java:411)
	at org.apache.hadoop.hdds.scm.XceiverClientGrpc.connectToDatanode(XceiverClientGrpc.java:181)
	at org.apache.hadoop.hdds.scm.XceiverClientGrpc.reconnect(XceiverClientGrpc.java:429)
	at org.apache.hadoop.hdds.scm.XceiverClientGrpc.sendCommandAsync(XceiverClientGrpc.java:378)
	at org.apache.hadoop.hdds.scm.XceiverClientGrpc.sendCommandWithRetry(XceiverClientGrpc.java:291)
	at org.apache.hadoop.hdds.scm.XceiverClientGrpc.sendCommandWithTraceIDAndRetry(XceiverClientGrpc.java:257)
	at org.apache.hadoop.hdds.scm.XceiverClientGrpc.sendCommand(XceiverClientGrpc.java:240)
	at org.apache.hadoop.hdds.scm.storage.ContainerProtocolCalls.getBlock(ContainerProtocolCalls.java:118)
	at org.apache.hadoop.hdds.scm.storage.BlockInputStream.getChunkInfos(BlockInputStream.java:167)
	at org.apache.hadoop.hdds.scm.storage.BlockInputStream.initialize(BlockInputStream.java:118)
	at org.apache.hadoop.hdds.scm.storage.BlockInputStream.read(BlockInputStream.java:222)
	at org.apache.hadoop.ozone.client.io.KeyInputStream.read(KeyInputStream.java:171)
	at org.apache.hadoop.ozone.client.io.OzoneInputStream.read(OzoneInputStream.java:47)
	at java.io.InputStream.read(InputStream.java:101)
	at org.apache.hadoop.ozone.container.ContainerTestHelper.validateData(ContainerTestHelper.java:714)
	at org.apache.hadoop.ozone.client.rpc.TestBlockOutputStreamWithFailures.validateData(TestBlockOutputStreamWithFailures.java:1216)
	at org.apache.hadoop.ozone.client.rpc.TestBlockOutputStreamWithFailures.testDatanodeFailureWithSingleNodeRatis(TestBlockOutputStreamWithFailures.java:1058)
	at sun.reflect.NativeMethodAccessorImpl.invoke0(Native Method)
	at sun.reflect.NativeMethodAccessorImpl.invoke(NativeMethodAccessorImpl.java:62)
	at sun.reflect.DelegatingMethodAccessorImpl.invoke(DelegatingMethodAccessorImpl.java:43)
	at java.lang.reflect.Method.invoke(Method.java:498)
	at org.junit.runners.model.FrameworkMethod$1.runReflectiveCall(FrameworkMethod.java:47)
	at org.junit.internal.runners.model.ReflectiveCallable.run(ReflectiveCallable.java:12)
	at org.junit.runners.model.FrameworkMethod.invokeExplosively(FrameworkMethod.java:44)
	at org.junit.internal.runners.statements.InvokeMethod.evaluate(InvokeMethod.java:17)
	at org.junit.internal.runners.statements.RunBefores.evaluate(RunBefores.java:26)
	at org.junit.internal.runners.statements.RunAfters.evaluate(RunAfters.java:27)
	at org.junit.runners.ParentRunner.runLeaf(ParentRunner.java:271)
	at org.junit.runners.BlockJUnit4ClassRunner.runChild(BlockJUnit4ClassRunner.java:70)
	at org.junit.runners.BlockJUnit4ClassRunner.runChild(BlockJUnit4ClassRunner.java:50)
	at org.junit.runners.ParentRunner$3.run(ParentRunner.java:238)
	at org.junit.runners.ParentRunner$1.schedule(ParentRunner.java:63)
	at org.junit.runners.ParentRunner.runChildren(ParentRunner.java:236)
	at org.junit.runners.ParentRunner.access$000(ParentRunner.java:53)
	at org.junit.runners.ParentRunner$2.evaluate(ParentRunner.java:229)
	at org.junit.runners.ParentRunner.run(ParentRunner.java:309)
	at org.apache.maven.surefire.junit4.JUnit4Provider.execute(JUnit4Provider.java:365)
	at org.apache.maven.surefire.junit4.JUnit4Provider.executeWithRerun(JUnit4Provider.java:273)
	at org.apache.maven.surefire.junit4.JUnit4Provider.executeTestSet(JUnit4Provider.java:238)
	at org.apache.maven.surefire.junit4.JUnit4Provider.invoke(JUnit4Provider.java:159)
	at org.apache.maven.surefire.booter.ForkedBooter.invokeProviderInSameClassLoader(ForkedBooter.java:384)
	at org.apache.maven.surefire.booter.ForkedBooter.runSuitesInProcess(ForkedBooter.java:345)
	at org.apache.maven.surefire.booter.ForkedBooter.execute(ForkedBooter.java:126)
	at org.apache.maven.surefire.booter.ForkedBooter.main(ForkedBooter.java:418)

Oct 07, 2019 12:35:35 PM org.apache.ratis.thirdparty.io.grpc.internal.ManagedChannelOrphanWrapper$ManagedChannelReference cleanQueue
SEVERE: *~*~*~ Channel ManagedChannelImpl{logId=2396, target=192.168.30.23:46639} was not shutdown properly!!! ~*~*~*
    Make sure to call shutdown()/shutdownNow() and wait until awaitTermination() returns true.
java.lang.RuntimeException: ManagedChannel allocation site
	at org.apache.ratis.thirdparty.io.grpc.internal.ManagedChannelOrphanWrapper$ManagedChannelReference.<init>(ManagedChannelOrphanWrapper.java:103)
	at org.apache.ratis.thirdparty.io.grpc.internal.ManagedChannelOrphanWrapper.<init>(ManagedChannelOrphanWrapper.java:53)
	at org.apache.ratis.thirdparty.io.grpc.internal.ManagedChannelOrphanWrapper.<init>(ManagedChannelOrphanWrapper.java:44)
	at org.apache.ratis.thirdparty.io.grpc.internal.AbstractManagedChannelImplBuilder.build(AbstractManagedChannelImplBuilder.java:411)
	at org.apache.ratis.grpc.client.GrpcClientProtocolClient.<init>(GrpcClientProtocolClient.java:128)
	at org.apache.ratis.grpc.client.GrpcClientRpc.lambda$new$0(GrpcClientRpc.java:55)
	at org.apache.ratis.util.PeerProxyMap$PeerAndProxy.lambda$getProxy$0(PeerProxyMap.java:61)
	at org.apache.ratis.util.LifeCycle.startAndTransition(LifeCycle.java:202)
	at org.apache.ratis.util.PeerProxyMap$PeerAndProxy.getProxy(PeerProxyMap.java:60)
	at org.apache.ratis.util.PeerProxyMap.getProxy(PeerProxyMap.java:108)
	at org.apache.ratis.grpc.client.GrpcClientRpc.sendRequestAsync(GrpcClientRpc.java:66)
	at org.apache.ratis.client.impl.OrderedAsync.sendRequest(OrderedAsync.java:208)
	at org.apache.ratis.client.impl.OrderedAsync.sendRequestWithRetry(OrderedAsync.java:169)
	at org.apache.ratis.util.SlidingWindow$Client.sendOrDelayRequest(SlidingWindow.java:278)
	at org.apache.ratis.util.SlidingWindow$Client.retry(SlidingWindow.java:294)
	at org.apache.ratis.client.impl.OrderedAsync.lambda$scheduleWithTimeout$7(OrderedAsync.java:195)
	at org.apache.ratis.util.TimeoutScheduler.lambda$onTimeout$0(TimeoutScheduler.java:113)
	at org.apache.ratis.util.TimeoutScheduler.lambda$onTimeout$1(TimeoutScheduler.java:133)
	at org.apache.ratis.util.LogUtils.runAndLog(LogUtils.java:50)
	at org.apache.ratis.util.LogUtils$1.run(LogUtils.java:91)
	at java.util.concurrent.Executors$RunnableAdapter.call(Executors.java:511)
	at java.util.concurrent.FutureTask.run(FutureTask.java:266)
	at java.util.concurrent.ScheduledThreadPoolExecutor$ScheduledFutureTask.access$201(ScheduledThreadPoolExecutor.java:180)
	at java.util.concurrent.ScheduledThreadPoolExecutor$ScheduledFutureTask.run(ScheduledThreadPoolExecutor.java:293)
	at java.util.concurrent.ThreadPoolExecutor.runWorker(ThreadPoolExecutor.java:1149)
	at java.util.concurrent.ThreadPoolExecutor$Worker.run(ThreadPoolExecutor.java:624)
	at java.lang.Thread.run(Thread.java:748)

Oct 07, 2019 12:35:35 PM org.apache.ratis.thirdparty.io.grpc.internal.ManagedChannelOrphanWrapper$ManagedChannelReference cleanQueue
SEVERE: *~*~*~ Channel ManagedChannelImpl{logId=2716, target=192.168.30.23:37372} was not shutdown properly!!! ~*~*~*
    Make sure to call shutdown()/shutdownNow() and wait until awaitTermination() returns true.
java.lang.RuntimeException: ManagedChannel allocation site
	at org.apache.ratis.thirdparty.io.grpc.internal.ManagedChannelOrphanWrapper$ManagedChannelReference.<init>(ManagedChannelOrphanWrapper.java:103)
	at org.apache.ratis.thirdparty.io.grpc.internal.ManagedChannelOrphanWrapper.<init>(ManagedChannelOrphanWrapper.java:53)
	at org.apache.ratis.thirdparty.io.grpc.internal.ManagedChannelOrphanWrapper.<init>(ManagedChannelOrphanWrapper.java:44)
	at org.apache.ratis.thirdparty.io.grpc.internal.AbstractManagedChannelImplBuilder.build(AbstractManagedChannelImplBuilder.java:411)
	at org.apache.ratis.grpc.client.GrpcClientProtocolClient.<init>(GrpcClientProtocolClient.java:128)
	at org.apache.ratis.grpc.client.GrpcClientRpc.lambda$new$0(GrpcClientRpc.java:55)
	at org.apache.ratis.util.PeerProxyMap$PeerAndProxy.lambda$getProxy$0(PeerProxyMap.java:61)
	at org.apache.ratis.util.LifeCycle.startAndTransition(LifeCycle.java:202)
	at org.apache.ratis.util.PeerProxyMap$PeerAndProxy.getProxy(PeerProxyMap.java:60)
	at org.apache.ratis.util.PeerProxyMap.getProxy(PeerProxyMap.java:108)
	at org.apache.ratis.grpc.client.GrpcClientRpc.sendRequestAsync(GrpcClientRpc.java:66)
	at org.apache.ratis.client.impl.OrderedAsync.sendRequest(OrderedAsync.java:208)
	at org.apache.ratis.client.impl.OrderedAsync.sendRequestWithRetry(OrderedAsync.java:169)
	at org.apache.ratis.util.SlidingWindow$Client.sendOrDelayRequest(SlidingWindow.java:278)
	at org.apache.ratis.util.SlidingWindow$Client.retry(SlidingWindow.java:294)
	at org.apache.ratis.client.impl.OrderedAsync.lambda$scheduleWithTimeout$7(OrderedAsync.java:195)
	at org.apache.ratis.util.TimeoutScheduler.lambda$onTimeout$0(TimeoutScheduler.java:113)
	at org.apache.ratis.util.TimeoutScheduler.lambda$onTimeout$1(TimeoutScheduler.java:133)
	at org.apache.ratis.util.LogUtils.runAndLog(LogUtils.java:50)
	at org.apache.ratis.util.LogUtils$1.run(LogUtils.java:91)
	at java.util.concurrent.Executors$RunnableAdapter.call(Executors.java:511)
	at java.util.concurrent.FutureTask.run(FutureTask.java:266)
	at java.util.concurrent.ScheduledThreadPoolExecutor$ScheduledFutureTask.access$201(ScheduledThreadPoolExecutor.java:180)
	at java.util.concurrent.ScheduledThreadPoolExecutor$ScheduledFutureTask.run(ScheduledThreadPoolExecutor.java:293)
	at java.util.concurrent.ThreadPoolExecutor.runWorker(ThreadPoolExecutor.java:1149)
	at java.util.concurrent.ThreadPoolExecutor$Worker.run(ThreadPoolExecutor.java:624)
	at java.lang.Thread.run(Thread.java:748)

Oct 07, 2019 12:35:35 PM org.apache.ratis.thirdparty.io.grpc.internal.ManagedChannelOrphanWrapper$ManagedChannelReference cleanQueue
SEVERE: *~*~*~ Channel ManagedChannelImpl{logId=2213, target=192.168.30.23:43228} was not shutdown properly!!! ~*~*~*
    Make sure to call shutdown()/shutdownNow() and wait until awaitTermination() returns true.
java.lang.RuntimeException: ManagedChannel allocation site
	at org.apache.ratis.thirdparty.io.grpc.internal.ManagedChannelOrphanWrapper$ManagedChannelReference.<init>(ManagedChannelOrphanWrapper.java:103)
	at org.apache.ratis.thirdparty.io.grpc.internal.ManagedChannelOrphanWrapper.<init>(ManagedChannelOrphanWrapper.java:53)
	at org.apache.ratis.thirdparty.io.grpc.internal.ManagedChannelOrphanWrapper.<init>(ManagedChannelOrphanWrapper.java:44)
	at org.apache.ratis.thirdparty.io.grpc.internal.AbstractManagedChannelImplBuilder.build(AbstractManagedChannelImplBuilder.java:411)
	at org.apache.hadoop.hdds.scm.XceiverClientGrpc.connectToDatanode(XceiverClientGrpc.java:181)
	at org.apache.hadoop.hdds.scm.XceiverClientGrpc.reconnect(XceiverClientGrpc.java:429)
	at org.apache.hadoop.hdds.scm.XceiverClientGrpc.sendCommandAsync(XceiverClientGrpc.java:378)
	at org.apache.hadoop.hdds.scm.XceiverClientGrpc.sendCommandWithRetry(XceiverClientGrpc.java:291)
	at org.apache.hadoop.hdds.scm.XceiverClientGrpc.sendCommandWithTraceIDAndRetry(XceiverClientGrpc.java:257)
	at org.apache.hadoop.hdds.scm.XceiverClientGrpc.sendCommand(XceiverClientGrpc.java:240)
	at org.apache.hadoop.hdds.scm.storage.ContainerProtocolCalls.getBlock(ContainerProtocolCalls.java:118)
	at org.apache.hadoop.hdds.scm.storage.BlockInputStream.getChunkInfos(BlockInputStream.java:167)
	at org.apache.hadoop.hdds.scm.storage.BlockInputStream.initialize(BlockInputStream.java:118)
	at org.apache.hadoop.hdds.scm.storage.BlockInputStream.read(BlockInputStream.java:222)
	at org.apache.hadoop.ozone.client.io.KeyInputStream.read(KeyInputStream.java:171)
	at org.apache.hadoop.ozone.client.io.OzoneInputStream.read(OzoneInputStream.java:47)
	at java.io.InputStream.read(InputStream.java:101)
	at org.apache.hadoop.ozone.container.ContainerTestHelper.validateData(ContainerTestHelper.java:714)
	at org.apache.hadoop.ozone.client.rpc.TestBlockOutputStreamWithFailures.validateData(TestBlockOutputStreamWithFailures.java:1216)
	at org.apache.hadoop.ozone.client.rpc.TestBlockOutputStreamWithFailures.testDatanodeFailureWithSingleNodeRatis(TestBlockOutputStreamWithFailures.java:1058)
	at sun.reflect.NativeMethodAccessorImpl.invoke0(Native Method)
	at sun.reflect.NativeMethodAccessorImpl.invoke(NativeMethodAccessorImpl.java:62)
	at sun.reflect.DelegatingMethodAccessorImpl.invoke(DelegatingMethodAccessorImpl.java:43)
	at java.lang.reflect.Method.invoke(Method.java:498)
	at org.junit.runners.model.FrameworkMethod$1.runReflectiveCall(FrameworkMethod.java:47)
	at org.junit.internal.runners.model.ReflectiveCallable.run(ReflectiveCallable.java:12)
	at org.junit.runners.model.FrameworkMethod.invokeExplosively(FrameworkMethod.java:44)
	at org.junit.internal.runners.statements.InvokeMethod.evaluate(InvokeMethod.java:17)
	at org.junit.internal.runners.statements.RunBefores.evaluate(RunBefores.java:26)
	at org.junit.internal.runners.statements.RunAfters.evaluate(RunAfters.java:27)
	at org.junit.runners.ParentRunner.runLeaf(ParentRunner.java:271)
	at org.junit.runners.BlockJUnit4ClassRunner.runChild(BlockJUnit4ClassRunner.java:70)
	at org.junit.runners.BlockJUnit4ClassRunner.runChild(BlockJUnit4ClassRunner.java:50)
	at org.junit.runners.ParentRunner$3.run(ParentRunner.java:238)
	at org.junit.runners.ParentRunner$1.schedule(ParentRunner.java:63)
	at org.junit.runners.ParentRunner.runChildren(ParentRunner.java:236)
	at org.junit.runners.ParentRunner.access$000(ParentRunner.java:53)
	at org.junit.runners.ParentRunner$2.evaluate(ParentRunner.java:229)
	at org.junit.runners.ParentRunner.run(ParentRunner.java:309)
	at org.apache.maven.surefire.junit4.JUnit4Provider.execute(JUnit4Provider.java:365)
	at org.apache.maven.surefire.junit4.JUnit4Provider.executeWithRerun(JUnit4Provider.java:273)
	at org.apache.maven.surefire.junit4.JUnit4Provider.executeTestSet(JUnit4Provider.java:238)
	at org.apache.maven.surefire.junit4.JUnit4Provider.invoke(JUnit4Provider.java:159)
	at org.apache.maven.surefire.booter.ForkedBooter.invokeProviderInSameClassLoader(ForkedBooter.java:384)
	at org.apache.maven.surefire.booter.ForkedBooter.runSuitesInProcess(ForkedBooter.java:345)
	at org.apache.maven.surefire.booter.ForkedBooter.execute(ForkedBooter.java:126)
	at org.apache.maven.surefire.booter.ForkedBooter.main(ForkedBooter.java:418)

Oct 07, 2019 12:36:05 PM org.apache.ratis.thirdparty.io.grpc.internal.SerializingExecutor run
SEVERE: Exception while executing runnable org.apache.ratis.thirdparty.io.grpc.internal.ServerImpl$JumpToApplicationThreadServerStreamListener$1Closed@24173006
org.apache.ratis.thirdparty.io.grpc.StatusRuntimeException: CANCELLED: call already cancelled
	at org.apache.ratis.thirdparty.io.grpc.Status.asRuntimeException(Status.java:517)
	at org.apache.ratis.thirdparty.io.grpc.stub.ServerCalls$ServerCallStreamObserverImpl.onCompleted(ServerCalls.java:356)
	at org.apache.ratis.grpc.server.GrpcServerProtocolService$ServerRequestStreamObserver.onError(GrpcServerProtocolService.java:121)
	at org.apache.ratis.thirdparty.io.grpc.stub.ServerCalls$StreamingServerCallHandler$StreamingServerCallListener.onCancel(ServerCalls.java:269)
	at org.apache.ratis.thirdparty.io.grpc.internal.ServerCallImpl$ServerStreamListenerImpl.closed(ServerCallImpl.java:293)
	at org.apache.ratis.thirdparty.io.grpc.internal.ServerImpl$JumpToApplicationThreadServerStreamListener$1Closed.runInContext(ServerImpl.java:741)
	at org.apache.ratis.thirdparty.io.grpc.internal.ContextRunnable.run(ContextRunnable.java:37)
	at org.apache.ratis.thirdparty.io.grpc.internal.SerializingExecutor.run(SerializingExecutor.java:123)
	at java.util.concurrent.ThreadPoolExecutor.runWorker(ThreadPoolExecutor.java:1149)
	at java.util.concurrent.ThreadPoolExecutor$Worker.run(ThreadPoolExecutor.java:624)
	at java.lang.Thread.run(Thread.java:748)

]]></system-err>
  </testcase>
  <testcase name="testWatchForCommitWithCloseContainerException" classname="org.apache.hadoop.ozone.client.rpc.TestBlockOutputStreamWithFailures" time="36.123"/>
  <testcase name="testExceptionDuringClose" classname="org.apache.hadoop.ozone.client.rpc.TestBlockOutputStreamWithFailures" time="37.484"/>
</testsuite>