<?xml version="1.0" encoding="UTF-8"?>
<testsuite xmlns:xsi="http://www.w3.org/2001/XMLSchema-instance" xsi:noNamespaceSchemaLocation="https://maven.apache.org/surefire/maven-surefire-plugin/xsd/surefire-test-report.xsd" name="org.apache.hadoop.ozone.client.rpc.TestWatchForCommit" time="231.265" tests="5" errors="1" skipped="0" failures="0">
  <properties>
    <property name="awt.toolkit" value="sun.awt.X11.XToolkit"/>
    <property name="file.encoding.pkg" value="sun.io"/>
    <property name="java.specification.version" value="1.8"/>
    <property name="sun.cpu.isalist" value=""/>
    <property name="sun.jnu.encoding" value="UTF-8"/>
    <property name="java.class.path" value="/workdir/hadoop-ozone/integration-test/target/test-classes:/workdir/hadoop-ozone/integration-test/target/classes:/home/user/.m2/repository/org/apache/hadoop/hadoop-ozone-common/0.5.0-SNAPSHOT/hadoop-ozone-common-0.5.0-SNAPSHOT.jar:/home/user/.m2/repository/org/apache/commons/commons-compress/1.4.1/commons-compress-1.4.1.jar:/home/user/.m2/repository/org/tukaani/xz/1.0/xz-1.0.jar:/home/user/.m2/repository/org/apache/hadoop/hadoop-common/3.2.0/hadoop-common-3.2.0.jar:/home/user/.m2/repository/org/apache/hadoop/hadoop-hdfs/3.2.0/hadoop-hdfs-3.2.0.jar:/home/user/.m2/repository/org/apache/hadoop/hadoop-hdfs-client/3.2.0/hadoop-hdfs-client-3.2.0.jar:/home/user/.m2/repository/com/fasterxml/jackson/core/jackson-annotations/2.9.9/jackson-annotations-2.9.9.jar:/home/user/.m2/repository/org/apache/hadoop/hadoop-hdds-common/0.5.0-SNAPSHOT/hadoop-hdds-common-0.5.0-SNAPSHOT.jar:/home/user/.m2/repository/javax/annotation/javax.annotation-api/1.2/javax.annotation-api-1.2.jar:/home/user/.m2/repository/org/apache/ratis/ratis-server/0.5.0-201fc85-SNAPSHOT/ratis-server-0.5.0-201fc85-SNAPSHOT.jar:/home/user/.m2/repository/org/apache/ratis/ratis-thirdparty-misc/0.2.0/ratis-thirdparty-misc-0.2.0.jar:/home/user/.m2/repository/org/apache/ratis/ratis-proto/0.5.0-201fc85-SNAPSHOT/ratis-proto-0.5.0-201fc85-SNAPSHOT.jar:/home/user/.m2/repository/org/apache/ratis/ratis-common/0.5.0-201fc85-SNAPSHOT/ratis-common-0.5.0-201fc85-SNAPSHOT.jar:/home/user/.m2/repository/org/apache/ratis/ratis-client/0.5.0-201fc85-SNAPSHOT/ratis-client-0.5.0-201fc85-SNAPSHOT.jar:/home/user/.m2/repository/org/apache/ratis/ratis-metrics/0.5.0-201fc85-SNAPSHOT/ratis-metrics-0.5.0-201fc85-SNAPSHOT.jar:/home/user/.m2/repository/com/github/joshelser/dropwizard-metrics-hadoop-metrics2-reporter/0.1.2/dropwizard-metrics-hadoop-metrics2-reporter-0.1.2.jar:/home/user/.m2/repository/io/dropwizard/metrics/metrics-jvm/3.2.5/metrics-jvm-3.2.5.jar:/home/user/.m2/repository/io/dropwizard/metrics/metrics-ganglia/3.2.5/metrics-ganglia-3.2.5.jar:/home/user/.m2/repository/info/ganglia/gmetric4j/gmetric4j/1.0.7/gmetric4j-1.0.7.jar:/home/user/.m2/repository/org/apache/ratis/ratis-netty/0.5.0-201fc85-SNAPSHOT/ratis-netty-0.5.0-201fc85-SNAPSHOT.jar:/home/user/.m2/repository/org/apache/ratis/ratis-grpc/0.5.0-201fc85-SNAPSHOT/ratis-grpc-0.5.0-201fc85-SNAPSHOT.jar:/home/user/.m2/repository/org/rocksdb/rocksdbjni/6.0.1/rocksdbjni-6.0.1.jar:/home/user/.m2/repository/org/apache/logging/log4j/log4j-api/2.11.0/log4j-api-2.11.0.jar:/home/user/.m2/repository/org/apache/logging/log4j/log4j-core/2.11.0/log4j-core-2.11.0.jar:/home/user/.m2/repository/com/lmax/disruptor/3.4.2/disruptor-3.4.2.jar:/home/user/.m2/repository/org/apache/commons/commons-pool2/2.6.0/commons-pool2-2.6.0.jar:/home/user/.m2/repository/org/bouncycastle/bcpkix-jdk15on/1.60/bcpkix-jdk15on-1.60.jar:/home/user/.m2/repository/commons-validator/commons-validator/1.6/commons-validator-1.6.jar:/home/user/.m2/repository/commons-digester/commons-digester/1.8.1/commons-digester-1.8.1.jar:/home/user/.m2/repository/io/jaegertracing/jaeger-client/0.34.0/jaeger-client-0.34.0.jar:/home/user/.m2/repository/io/jaegertracing/jaeger-thrift/0.34.0/jaeger-thrift-0.34.0.jar:/home/user/.m2/repository/org/apache/thrift/libthrift/0.12.0/libthrift-0.12.0.jar:/home/user/.m2/repository/com/squareup/okhttp3/okhttp/3.9.0/okhttp-3.9.0.jar:/home/user/.m2/repository/com/squareup/okio/okio/1.13.0/okio-1.13.0.jar:/home/user/.m2/repository/io/jaegertracing/jaeger-core/0.34.0/jaeger-core-0.34.0.jar:/home/user/.m2/repository/io/jaegertracing/jaeger-tracerresolver/0.34.0/jaeger-tracerresolver-0.34.0.jar:/home/user/.m2/repository/io/opentracing/contrib/opentracing-tracerresolver/0.1.5/opentracing-tracerresolver-0.1.5.jar:/home/user/.m2/repository/io/opentracing/opentracing-util/0.31.0/opentracing-util-0.31.0.jar:/home/user/.m2/repository/io/opentracing/opentracing-api/0.31.0/opentracing-api-0.31.0.jar:/home/user/.m2/repository/io/opentracing/opentracing-noop/0.31.0/opentracing-noop-0.31.0.jar:/home/user/.m2/repository/org/apache/hadoop/hadoop-hdds-server-framework/0.5.0-SNAPSHOT/hadoop-hdds-server-framework-0.5.0-SNAPSHOT.jar:/home/user/.m2/repository/org/apache/hadoop/hadoop-hdds-container-service/0.5.0-SNAPSHOT/hadoop-hdds-container-service-0.5.0-SNAPSHOT.jar:/home/user/.m2/repository/org/apache/hadoop/hadoop-hdds-client/0.5.0-SNAPSHOT/hadoop-hdds-client-0.5.0-SNAPSHOT.jar:/home/user/.m2/repository/org/apache/hadoop/hadoop-hdds-tools/0.5.0-SNAPSHOT/hadoop-hdds-tools-0.5.0-SNAPSHOT.jar:/home/user/.m2/repository/org/apache/hadoop/hadoop-hdds-server-scm/0.5.0-SNAPSHOT/hadoop-hdds-server-scm-0.5.0-SNAPSHOT.jar:/home/user/.m2/repository/org/apache/hadoop/hadoop-hdds-docs/0.5.0-SNAPSHOT/hadoop-hdds-docs-0.5.0-SNAPSHOT.jar:/home/user/.m2/repository/io/dropwizard/metrics/metrics-core/3.2.4/metrics-core-3.2.4.jar:/home/user/.m2/repository/org/hamcrest/hamcrest-all/1.3/hamcrest-all-1.3.jar:/home/user/.m2/repository/org/bouncycastle/bcprov-jdk15on/1.60/bcprov-jdk15on-1.60.jar:/home/user/.m2/repository/info/picocli/picocli/3.9.6/picocli-3.9.6.jar:/home/user/.m2/repository/com/google/protobuf/protobuf-java/2.5.0/protobuf-java-2.5.0.jar:/home/user/.m2/repository/com/google/guava/guava/11.0.2/guava-11.0.2.jar:/home/user/.m2/repository/org/apache/hadoop/hadoop-ozone-ozone-manager/0.5.0-SNAPSHOT/hadoop-ozone-ozone-manager-0.5.0-SNAPSHOT.jar:/home/user/.m2/repository/org/apache/hadoop/hadoop-minikdc/3.2.0/hadoop-minikdc-3.2.0.jar:/home/user/.m2/repository/commons-io/commons-io/2.5/commons-io-2.5.jar:/home/user/.m2/repository/org/apache/kerby/kerb-simplekdc/1.0.1/kerb-simplekdc-1.0.1.jar:/home/user/.m2/repository/org/apache/kerby/kerb-client/1.0.1/kerb-client-1.0.1.jar:/home/user/.m2/repository/org/apache/kerby/kerby-config/1.0.1/kerby-config-1.0.1.jar:/home/user/.m2/repository/org/apache/kerby/kerb-core/1.0.1/kerb-core-1.0.1.jar:/home/user/.m2/repository/org/apache/kerby/kerby-pkix/1.0.1/kerby-pkix-1.0.1.jar:/home/user/.m2/repository/org/apache/kerby/kerby-asn1/1.0.1/kerby-asn1-1.0.1.jar:/home/user/.m2/repository/org/apache/kerby/kerby-util/1.0.1/kerby-util-1.0.1.jar:/home/user/.m2/repository/org/apache/kerby/kerb-common/1.0.1/kerb-common-1.0.1.jar:/home/user/.m2/repository/org/apache/kerby/kerb-crypto/1.0.1/kerb-crypto-1.0.1.jar:/home/user/.m2/repository/org/apache/kerby/kerb-util/1.0.1/kerb-util-1.0.1.jar:/home/user/.m2/repository/org/apache/kerby/token-provider/1.0.1/token-provider-1.0.1.jar:/home/user/.m2/repository/org/apache/kerby/kerb-admin/1.0.1/kerb-admin-1.0.1.jar:/home/user/.m2/repository/org/apache/kerby/kerb-server/1.0.1/kerb-server-1.0.1.jar:/home/user/.m2/repository/org/apache/kerby/kerb-identity/1.0.1/kerb-identity-1.0.1.jar:/home/user/.m2/repository/org/apache/kerby/kerby-xdr/1.0.1/kerby-xdr-1.0.1.jar:/home/user/.m2/repository/org/slf4j/slf4j-log4j12/1.7.25/slf4j-log4j12-1.7.25.jar:/home/user/.m2/repository/org/apache/hadoop/hadoop-ozone-s3gateway/0.5.0-SNAPSHOT/hadoop-ozone-s3gateway-0.5.0-SNAPSHOT.jar:/home/user/.m2/repository/org/jboss/weld/servlet/weld-servlet/2.4.7.Final/weld-servlet-2.4.7.Final.jar:/home/user/.m2/repository/org/glassfish/jersey/containers/jersey-container-servlet-core/2.27/jersey-container-servlet-core-2.27.jar:/home/user/.m2/repository/org/glassfish/hk2/external/javax.inject/2.5.0-b42/javax.inject-2.5.0-b42.jar:/home/user/.m2/repository/org/glassfish/jersey/core/jersey-common/2.27/jersey-common-2.27.jar:/home/user/.m2/repository/org/glassfish/hk2/osgi-resource-locator/1.0.1/osgi-resource-locator-1.0.1.jar:/home/user/.m2/repository/javax/ws/rs/javax.ws.rs-api/2.1/javax.ws.rs-api-2.1.jar:/home/user/.m2/repository/org/glassfish/jersey/ext/cdi/jersey-cdi1x/2.27/jersey-cdi1x-2.27.jar:/home/user/.m2/repository/org/glassfish/jersey/inject/jersey-hk2/2.27/jersey-hk2-2.27.jar:/home/user/.m2/repository/org/glassfish/hk2/hk2-locator/2.5.0-b42/hk2-locator-2.5.0-b42.jar:/home/user/.m2/repository/org/javassist/javassist/3.22.0-CR2/javassist-3.22.0-CR2.jar:/home/user/.m2/repository/org/glassfish/hk2/hk2-api/2.5.0/hk2-api-2.5.0.jar:/home/user/.m2/repository/org/glassfish/hk2/external/jakarta.inject/2.5.0/jakarta.inject-2.5.0.jar:/home/user/.m2/repository/org/glassfish/hk2/hk2-utils/2.5.0/hk2-utils-2.5.0.jar:/home/user/.m2/repository/jakarta/annotation/jakarta.annotation-api/1.3.4/jakarta.annotation-api-1.3.4.jar:/home/user/.m2/repository/org/glassfish/hk2/external/aopalliance-repackaged/2.5.0/aopalliance-repackaged-2.5.0.jar:/home/user/.m2/repository/com/fasterxml/jackson/dataformat/jackson-dataformat-xml/2.9.0/jackson-dataformat-xml-2.9.0.jar:/home/user/.m2/repository/com/fasterxml/jackson/core/jackson-core/2.9.9/jackson-core-2.9.9.jar:/home/user/.m2/repository/com/fasterxml/jackson/module/jackson-module-jaxb-annotations/2.9.9/jackson-module-jaxb-annotations-2.9.9.jar:/home/user/.m2/repository/javax/enterprise/cdi-api/1.2/cdi-api-1.2.jar:/home/user/.m2/repository/javax/el/javax.el-api/3.0.0/javax.el-api-3.0.0.jar:/home/user/.m2/repository/javax/interceptor/javax.interceptor-api/1.2/javax.interceptor-api-1.2.jar:/home/user/.m2/repository/javax/inject/javax.inject/1/javax.inject-1.jar:/home/user/.m2/repository/com/sun/xml/bind/jaxb-impl/2.3.0.1/jaxb-impl-2.3.0.1.jar:/home/user/.m2/repository/com/sun/xml/bind/jaxb-core/2.3.0.1/jaxb-core-2.3.0.1.jar:/home/user/.m2/repository/javax/xml/bind/jaxb-api/2.3.0/jaxb-api-2.3.0.jar:/home/user/.m2/repository/javax/activation/activation/1.1.1/activation-1.1.1.jar:/home/user/.m2/repository/org/apache/hadoop/hadoop-ozone-csi/0.5.0-SNAPSHOT/hadoop-ozone-csi-0.5.0-SNAPSHOT.jar:/home/user/.m2/repository/com/google/protobuf/protobuf-java-util/3.5.1/protobuf-java-util-3.5.1.jar:/home/user/.m2/repository/org/apache/hadoop/hadoop-hdds-config/0.5.0-SNAPSHOT/hadoop-hdds-config-0.5.0-SNAPSHOT.jar:/home/user/.m2/repository/io/grpc/grpc-netty/1.17.1/grpc-netty-1.17.1.jar:/home/user/.m2/repository/io/grpc/grpc-core/1.17.1/grpc-core-1.17.1.jar:/home/user/.m2/repository/io/grpc/grpc-context/1.17.1/grpc-context-1.17.1.jar:/home/user/.m2/repository/com/google/errorprone/error_prone_annotations/2.2.0/error_prone_annotations-2.2.0.jar:/home/user/.m2/repository/org/codehaus/mojo/animal-sniffer-annotations/1.17/animal-sniffer-annotations-1.17.jar:/home/user/.m2/repository/io/opencensus/opencensus-api/0.17.0/opencensus-api-0.17.0.jar:/home/user/.m2/repository/io/opencensus/opencensus-contrib-grpc-metrics/0.17.0/opencensus-contrib-grpc-metrics-0.17.0.jar:/home/user/.m2/repository/io/netty/netty-codec-http2/4.1.30.Final/netty-codec-http2-4.1.30.Final.jar:/home/user/.m2/repository/io/netty/netty-codec-http/4.1.30.Final/netty-codec-http-4.1.30.Final.jar:/home/user/.m2/repository/io/netty/netty-codec/4.1.30.Final/netty-codec-4.1.30.Final.jar:/home/user/.m2/repository/io/netty/netty-handler/4.1.30.Final/netty-handler-4.1.30.Final.jar:/home/user/.m2/repository/io/netty/netty-handler-proxy/4.1.30.Final/netty-handler-proxy-4.1.30.Final.jar:/home/user/.m2/repository/io/netty/netty-codec-socks/4.1.30.Final/netty-codec-socks-4.1.30.Final.jar:/home/user/.m2/repository/io/netty/netty-transport-native-epoll/4.1.30.Final/netty-transport-native-epoll-4.1.30.Final.jar:/home/user/.m2/repository/io/netty/netty-common/4.1.30.Final/netty-common-4.1.30.Final.jar:/home/user/.m2/repository/io/netty/netty-buffer/4.1.30.Final/netty-buffer-4.1.30.Final.jar:/home/user/.m2/repository/io/netty/netty-transport/4.1.30.Final/netty-transport-4.1.30.Final.jar:/home/user/.m2/repository/io/netty/netty-resolver/4.1.30.Final/netty-resolver-4.1.30.Final.jar:/home/user/.m2/repository/io/netty/netty-transport-native-unix-common/4.1.30.Final/netty-transport-native-unix-common-4.1.30.Final.jar:/home/user/.m2/repository/io/grpc/grpc-protobuf/1.17.1/grpc-protobuf-1.17.1.jar:/home/user/.m2/repository/com/google/api/grpc/proto-google-common-protos/1.0.0/proto-google-common-protos-1.0.0.jar:/home/user/.m2/repository/io/grpc/grpc-protobuf-lite/1.17.1/grpc-protobuf-lite-1.17.1.jar:/home/user/.m2/repository/io/grpc/grpc-stub/1.17.1/grpc-stub-1.17.1.jar:/home/user/.m2/repository/org/apache/hadoop/hadoop-ozone-recon/0.5.0-SNAPSHOT/hadoop-ozone-recon-0.5.0-SNAPSHOT.jar:/home/user/.m2/repository/org/apache/hadoop/hadoop-ozone-reconcodegen/0.5.0-SNAPSHOT/hadoop-ozone-reconcodegen-0.5.0-SNAPSHOT.jar:/home/user/.m2/repository/com/google/inject/extensions/guice-multibindings/4.0/guice-multibindings-4.0.jar:/home/user/.m2/repository/com/google/inject/guice/4.0/guice-4.0.jar:/home/user/.m2/repository/aopalliance/aopalliance/1.0/aopalliance-1.0.jar:/home/user/.m2/repository/com/google/inject/extensions/guice-servlet/4.0/guice-servlet-4.0.jar:/home/user/.m2/repository/org/glassfish/jersey/containers/jersey-container-servlet/2.27/jersey-container-servlet-2.27.jar:/home/user/.m2/repository/org/glassfish/hk2/guice-bridge/2.5.0/guice-bridge-2.5.0.jar:/home/user/.m2/repository/org/glassfish/jersey/core/jersey-server/2.27/jersey-server-2.27.jar:/home/user/.m2/repository/org/glassfish/jersey/core/jersey-client/2.27/jersey-client-2.27.jar:/home/user/.m2/repository/org/glassfish/jersey/media/jersey-media-jaxb/2.27/jersey-media-jaxb-2.27.jar:/home/user/.m2/repository/javax/validation/validation-api/1.1.0.Final/validation-api-1.1.0.Final.jar:/home/user/.m2/repository/org/glassfish/jersey/media/jersey-media-json-jackson/2.27/jersey-media-json-jackson-2.27.jar:/home/user/.m2/repository/org/glassfish/jersey/ext/jersey-entity-filtering/2.27/jersey-entity-filtering-2.27.jar:/home/user/.m2/repository/com/google/inject/extensions/guice-assistedinject/4.0/guice-assistedinject-4.0.jar:/home/user/.m2/repository/org/jooq/jooq/3.11.10/jooq-3.11.10.jar:/home/user/.m2/repository/org/jooq/jooq-meta/3.11.10/jooq-meta-3.11.10.jar:/home/user/.m2/repository/org/jooq/jooq-codegen/3.11.10/jooq-codegen-3.11.10.jar:/home/user/.m2/repository/com/jolbox/bonecp/0.8.0.RELEASE/bonecp-0.8.0.RELEASE.jar:/home/user/.m2/repository/org/xerial/sqlite-jdbc/3.25.2/sqlite-jdbc-3.25.2.jar:/home/user/.m2/repository/org/springframework/spring-jdbc/5.1.3.RELEASE/spring-jdbc-5.1.3.RELEASE.jar:/home/user/.m2/repository/org/springframework/spring-beans/5.1.3.RELEASE/spring-beans-5.1.3.RELEASE.jar:/home/user/.m2/repository/org/springframework/spring-core/5.1.3.RELEASE/spring-core-5.1.3.RELEASE.jar:/home/user/.m2/repository/org/springframework/spring-jcl/5.1.3.RELEASE/spring-jcl-5.1.3.RELEASE.jar:/home/user/.m2/repository/org/springframework/spring-tx/5.1.3.RELEASE/spring-tx-5.1.3.RELEASE.jar:/home/user/.m2/repository/org/apache/hadoop/hadoop-ozone-client/0.5.0-SNAPSHOT/hadoop-ozone-client-0.5.0-SNAPSHOT.jar:/home/user/.m2/repository/commons-lang/commons-lang/2.6/commons-lang-2.6.jar:/home/user/.m2/repository/org/apache/hadoop/hadoop-ozone-ozone-manager/0.5.0-SNAPSHOT/hadoop-ozone-ozone-manager-0.5.0-SNAPSHOT-tests.jar:/home/user/.m2/repository/junit/junit/4.11/junit-4.11.jar:/home/user/.m2/repository/org/hamcrest/hamcrest-core/1.3/hamcrest-core-1.3.jar:/home/user/.m2/repository/org/openjdk/jmh/jmh-core/1.19/jmh-core-1.19.jar:/home/user/.m2/repository/net/sf/jopt-simple/jopt-simple/4.6/jopt-simple-4.6.jar:/home/user/.m2/repository/org/apache/commons/commons-math3/3.1.1/commons-math3-3.1.1.jar:/home/user/.m2/repository/org/openjdk/jmh/jmh-generator-annprocess/1.19/jmh-generator-annprocess-1.19.jar:/home/user/.m2/repository/org/mockito/mockito-all/1.8.5/mockito-all-1.8.5.jar:/home/user/.m2/repository/org/apache/hadoop/hadoop-kms/3.2.0/hadoop-kms-3.2.0.jar:/home/user/.m2/repository/org/apache/hadoop/hadoop-auth/3.2.0/hadoop-auth-3.2.0.jar:/home/user/.m2/repository/com/nimbusds/nimbus-jose-jwt/4.41.1/nimbus-jose-jwt-4.41.1.jar:/home/user/.m2/repository/com/github/stephenc/jcip/jcip-annotations/1.0-1/jcip-annotations-1.0-1.jar:/home/user/.m2/repository/net/minidev/json-smart/2.3/json-smart-2.3.jar:/home/user/.m2/repository/net/minidev/accessors-smart/1.2/accessors-smart-1.2.jar:/home/user/.m2/repository/org/ow2/asm/asm/5.0.4/asm-5.0.4.jar:/home/user/.m2/repository/org/apache/curator/curator-framework/2.12.0/curator-framework-2.12.0.jar:/home/user/.m2/repository/com/sun/jersey/jersey-core/1.19/jersey-core-1.19.jar:/home/user/.m2/repository/javax/ws/rs/jsr311-api/1.1.1/jsr311-api-1.1.1.jar:/home/user/.m2/repository/com/sun/jersey/jersey-server/1.19/jersey-server-1.19.jar:/home/user/.m2/repository/javax/servlet/javax.servlet-api/3.1.0/javax.servlet-api-3.1.0.jar:/home/user/.m2/repository/org/eclipse/jetty/jetty-server/9.3.25.v20180904/jetty-server-9.3.25.v20180904.jar:/home/user/.m2/repository/org/eclipse/jetty/jetty-http/9.3.25.v20180904/jetty-http-9.3.25.v20180904.jar:/home/user/.m2/repository/org/eclipse/jetty/jetty-io/9.3.25.v20180904/jetty-io-9.3.25.v20180904.jar:/home/user/.m2/repository/org/eclipse/jetty/jetty-webapp/9.3.25.v20180904/jetty-webapp-9.3.25.v20180904.jar:/home/user/.m2/repository/org/eclipse/jetty/jetty-xml/9.3.25.v20180904/jetty-xml-9.3.25.v20180904.jar:/home/user/.m2/repository/log4j/log4j/1.2.17/log4j-1.2.17.jar:/home/user/.m2/repository/org/slf4j/slf4j-api/1.7.25/slf4j-api-1.7.25.jar:/home/user/.m2/repository/org/slf4j/jul-to-slf4j/1.7.25/jul-to-slf4j-1.7.25.jar:/home/user/.m2/repository/org/eclipse/jetty/jetty-util/9.3.25.v20180904/jetty-util-9.3.25.v20180904.jar:/home/user/.m2/repository/com/fasterxml/jackson/core/jackson-databind/2.9.9/jackson-databind-2.9.9.jar:/home/user/.m2/repository/org/apache/hadoop/hadoop-kms/3.2.0/hadoop-kms-3.2.0-tests.jar:/home/user/.m2/repository/org/apache/hadoop/hadoop-hdds-server-scm/0.5.0-SNAPSHOT/hadoop-hdds-server-scm-0.5.0-SNAPSHOT-tests.jar:/home/user/.m2/repository/org/apache/hadoop/hadoop-hdds-container-service/0.5.0-SNAPSHOT/hadoop-hdds-container-service-0.5.0-SNAPSHOT-tests.jar:/home/user/.m2/repository/org/yaml/snakeyaml/1.16/snakeyaml-1.16.jar:/home/user/.m2/repository/org/apache/hadoop/hadoop-common/3.2.0/hadoop-common-3.2.0-tests.jar:/home/user/.m2/repository/org/apache/hadoop/hadoop-annotations/3.2.0/hadoop-annotations-3.2.0.jar:/usr/lib/jvm/java-1.8-openjdk/jre/../lib/tools.jar:/home/user/.m2/repository/commons-cli/commons-cli/1.2/commons-cli-1.2.jar:/home/user/.m2/repository/org/apache/httpcomponents/httpclient/4.5.2/httpclient-4.5.2.jar:/home/user/.m2/repository/org/apache/httpcomponents/httpcore/4.4.4/httpcore-4.4.4.jar:/home/user/.m2/repository/commons-codec/commons-codec/1.11/commons-codec-1.11.jar:/home/user/.m2/repository/commons-net/commons-net/3.6/commons-net-3.6.jar:/home/user/.m2/repository/commons-collections/commons-collections/3.2.2/commons-collections-3.2.2.jar:/home/user/.m2/repository/org/eclipse/jetty/jetty-servlet/9.3.25.v20180904/jetty-servlet-9.3.25.v20180904.jar:/home/user/.m2/repository/org/eclipse/jetty/jetty-security/9.3.25.v20180904/jetty-security-9.3.25.v20180904.jar:/home/user/.m2/repository/javax/servlet/jsp/jsp-api/2.1/jsp-api-2.1.jar:/home/user/.m2/repository/com/sun/jersey/jersey-servlet/1.19/jersey-servlet-1.19.jar:/home/user/.m2/repository/com/sun/jersey/jersey-json/1.19/jersey-json-1.19.jar:/home/user/.m2/repository/org/codehaus/jettison/jettison/1.1/jettison-1.1.jar:/home/user/.m2/repository/org/codehaus/jackson/jackson-core-asl/1.9.13/jackson-core-asl-1.9.13.jar:/home/user/.m2/repository/org/codehaus/jackson/jackson-mapper-asl/1.9.13/jackson-mapper-asl-1.9.13.jar:/home/user/.m2/repository/org/codehaus/jackson/jackson-jaxrs/1.9.13/jackson-jaxrs-1.9.13.jar:/home/user/.m2/repository/org/codehaus/jackson/jackson-xc/1.9.13/jackson-xc-1.9.13.jar:/home/user/.m2/repository/commons-logging/commons-logging/1.1.3/commons-logging-1.1.3.jar:/home/user/.m2/repository/commons-beanutils/commons-beanutils/1.9.4/commons-beanutils-1.9.4.jar:/home/user/.m2/repository/org/apache/commons/commons-configuration2/2.1.1/commons-configuration2-2.1.1.jar:/home/user/.m2/repository/org/apache/commons/commons-lang3/3.7/commons-lang3-3.7.jar:/home/user/.m2/repository/org/apache/commons/commons-text/1.4/commons-text-1.4.jar:/home/user/.m2/repository/org/apache/avro/avro/1.7.7/avro-1.7.7.jar:/home/user/.m2/repository/com/thoughtworks/paranamer/paranamer/2.3/paranamer-2.3.jar:/home/user/.m2/repository/org/xerial/snappy/snappy-java/1.0.5/snappy-java-1.0.5.jar:/home/user/.m2/repository/com/google/re2j/re2j/1.1/re2j-1.1.jar:/home/user/.m2/repository/com/google/code/gson/gson/2.2.4/gson-2.2.4.jar:/home/user/.m2/repository/com/jcraft/jsch/0.1.54/jsch-0.1.54.jar:/home/user/.m2/repository/org/apache/curator/curator-client/2.12.0/curator-client-2.12.0.jar:/home/user/.m2/repository/org/apache/curator/curator-recipes/2.12.0/curator-recipes-2.12.0.jar:/home/user/.m2/repository/com/google/code/findbugs/jsr305/3.0.0/jsr305-3.0.0.jar:/home/user/.m2/repository/org/apache/htrace/htrace-core4/4.1.0-incubating/htrace-core4-4.1.0-incubating.jar:/home/user/.m2/repository/org/apache/zookeeper/zookeeper/3.4.13/zookeeper-3.4.13.jar:/home/user/.m2/repository/jline/jline/0.9.94/jline-0.9.94.jar:/home/user/.m2/repository/org/apache/yetus/audience-annotations/0.5.0/audience-annotations-0.5.0.jar:/home/user/.m2/repository/org/codehaus/woodstox/stax2-api/3.1.4/stax2-api-3.1.4.jar:/home/user/.m2/repository/com/fasterxml/woodstox/woodstox-core/5.0.3/woodstox-core-5.0.3.jar:/home/user/.m2/repository/dnsjava/dnsjava/2.1.7/dnsjava-2.1.7.jar:/home/user/.m2/repository/org/apache/hadoop/hadoop-hdfs/3.2.0/hadoop-hdfs-3.2.0-tests.jar:/home/user/.m2/repository/org/eclipse/jetty/jetty-util-ajax/9.3.25.v20180904/jetty-util-ajax-9.3.25.v20180904.jar:/home/user/.m2/repository/commons-daemon/commons-daemon/1.0.13/commons-daemon-1.0.13.jar:/home/user/.m2/repository/io/netty/netty/3.10.5.Final/netty-3.10.5.Final.jar:/home/user/.m2/repository/io/netty/netty-all/4.0.52.Final/netty-all-4.0.52.Final.jar:/home/user/.m2/repository/org/fusesource/leveldbjni/leveldbjni-all/1.8/leveldbjni-all-1.8.jar:"/>
    <property name="java.vm.vendor" value="IcedTea"/>
    <property name="sun.arch.data.model" value="64"/>
    <property name="test.build.dir" value="/workdir/hadoop-ozone/integration-test/target/test-dir"/>
    <property name="test.cache.data" value=""/>
    <property name="java.vendor.url" value="https://icedtea.classpath.org"/>
    <property name="user.timezone" value=""/>
    <property name="java.vm.specification.version" value="1.8"/>
    <property name="os.name" value="Linux"/>
    <property name="test.build.data" value="/workdir/hadoop-ozone/integration-test/target/test-dir"/>
    <property name="user.country" value="US"/>
    <property name="sun.java.launcher" value="SUN_STANDARD"/>
    <property name="sun.boot.library.path" value="/usr/lib/jvm/java-1.8-openjdk/jre/lib/amd64"/>
    <property name="sun.java.command" value="/workdir/hadoop-ozone/integration-test/target/surefire/surefirebooter409756646707962409.jar /workdir/hadoop-ozone/integration-test/target/surefire 2019-10-07T11-36-11_876-jvmRun1 surefire6228961201433776248tmp surefire_625962839873817381230tmp"/>
    <property name="test" value="!TestMiniChaosOzoneCluster"/>
    <property name="surefire.test.class.path" value="/workdir/hadoop-ozone/integration-test/target/test-classes:/workdir/hadoop-ozone/integration-test/target/classes:/home/user/.m2/repository/org/apache/hadoop/hadoop-ozone-common/0.5.0-SNAPSHOT/hadoop-ozone-common-0.5.0-SNAPSHOT.jar:/home/user/.m2/repository/org/apache/commons/commons-compress/1.4.1/commons-compress-1.4.1.jar:/home/user/.m2/repository/org/tukaani/xz/1.0/xz-1.0.jar:/home/user/.m2/repository/org/apache/hadoop/hadoop-common/3.2.0/hadoop-common-3.2.0.jar:/home/user/.m2/repository/org/apache/hadoop/hadoop-hdfs/3.2.0/hadoop-hdfs-3.2.0.jar:/home/user/.m2/repository/org/apache/hadoop/hadoop-hdfs-client/3.2.0/hadoop-hdfs-client-3.2.0.jar:/home/user/.m2/repository/com/fasterxml/jackson/core/jackson-annotations/2.9.9/jackson-annotations-2.9.9.jar:/home/user/.m2/repository/org/apache/hadoop/hadoop-hdds-common/0.5.0-SNAPSHOT/hadoop-hdds-common-0.5.0-SNAPSHOT.jar:/home/user/.m2/repository/javax/annotation/javax.annotation-api/1.2/javax.annotation-api-1.2.jar:/home/user/.m2/repository/org/apache/ratis/ratis-server/0.5.0-201fc85-SNAPSHOT/ratis-server-0.5.0-201fc85-SNAPSHOT.jar:/home/user/.m2/repository/org/apache/ratis/ratis-thirdparty-misc/0.2.0/ratis-thirdparty-misc-0.2.0.jar:/home/user/.m2/repository/org/apache/ratis/ratis-proto/0.5.0-201fc85-SNAPSHOT/ratis-proto-0.5.0-201fc85-SNAPSHOT.jar:/home/user/.m2/repository/org/apache/ratis/ratis-common/0.5.0-201fc85-SNAPSHOT/ratis-common-0.5.0-201fc85-SNAPSHOT.jar:/home/user/.m2/repository/org/apache/ratis/ratis-client/0.5.0-201fc85-SNAPSHOT/ratis-client-0.5.0-201fc85-SNAPSHOT.jar:/home/user/.m2/repository/org/apache/ratis/ratis-metrics/0.5.0-201fc85-SNAPSHOT/ratis-metrics-0.5.0-201fc85-SNAPSHOT.jar:/home/user/.m2/repository/com/github/joshelser/dropwizard-metrics-hadoop-metrics2-reporter/0.1.2/dropwizard-metrics-hadoop-metrics2-reporter-0.1.2.jar:/home/user/.m2/repository/io/dropwizard/metrics/metrics-jvm/3.2.5/metrics-jvm-3.2.5.jar:/home/user/.m2/repository/io/dropwizard/metrics/metrics-ganglia/3.2.5/metrics-ganglia-3.2.5.jar:/home/user/.m2/repository/info/ganglia/gmetric4j/gmetric4j/1.0.7/gmetric4j-1.0.7.jar:/home/user/.m2/repository/org/apache/ratis/ratis-netty/0.5.0-201fc85-SNAPSHOT/ratis-netty-0.5.0-201fc85-SNAPSHOT.jar:/home/user/.m2/repository/org/apache/ratis/ratis-grpc/0.5.0-201fc85-SNAPSHOT/ratis-grpc-0.5.0-201fc85-SNAPSHOT.jar:/home/user/.m2/repository/org/rocksdb/rocksdbjni/6.0.1/rocksdbjni-6.0.1.jar:/home/user/.m2/repository/org/apache/logging/log4j/log4j-api/2.11.0/log4j-api-2.11.0.jar:/home/user/.m2/repository/org/apache/logging/log4j/log4j-core/2.11.0/log4j-core-2.11.0.jar:/home/user/.m2/repository/com/lmax/disruptor/3.4.2/disruptor-3.4.2.jar:/home/user/.m2/repository/org/apache/commons/commons-pool2/2.6.0/commons-pool2-2.6.0.jar:/home/user/.m2/repository/org/bouncycastle/bcpkix-jdk15on/1.60/bcpkix-jdk15on-1.60.jar:/home/user/.m2/repository/commons-validator/commons-validator/1.6/commons-validator-1.6.jar:/home/user/.m2/repository/commons-digester/commons-digester/1.8.1/commons-digester-1.8.1.jar:/home/user/.m2/repository/io/jaegertracing/jaeger-client/0.34.0/jaeger-client-0.34.0.jar:/home/user/.m2/repository/io/jaegertracing/jaeger-thrift/0.34.0/jaeger-thrift-0.34.0.jar:/home/user/.m2/repository/org/apache/thrift/libthrift/0.12.0/libthrift-0.12.0.jar:/home/user/.m2/repository/com/squareup/okhttp3/okhttp/3.9.0/okhttp-3.9.0.jar:/home/user/.m2/repository/com/squareup/okio/okio/1.13.0/okio-1.13.0.jar:/home/user/.m2/repository/io/jaegertracing/jaeger-core/0.34.0/jaeger-core-0.34.0.jar:/home/user/.m2/repository/io/jaegertracing/jaeger-tracerresolver/0.34.0/jaeger-tracerresolver-0.34.0.jar:/home/user/.m2/repository/io/opentracing/contrib/opentracing-tracerresolver/0.1.5/opentracing-tracerresolver-0.1.5.jar:/home/user/.m2/repository/io/opentracing/opentracing-util/0.31.0/opentracing-util-0.31.0.jar:/home/user/.m2/repository/io/opentracing/opentracing-api/0.31.0/opentracing-api-0.31.0.jar:/home/user/.m2/repository/io/opentracing/opentracing-noop/0.31.0/opentracing-noop-0.31.0.jar:/home/user/.m2/repository/org/apache/hadoop/hadoop-hdds-server-framework/0.5.0-SNAPSHOT/hadoop-hdds-server-framework-0.5.0-SNAPSHOT.jar:/home/user/.m2/repository/org/apache/hadoop/hadoop-hdds-container-service/0.5.0-SNAPSHOT/hadoop-hdds-container-service-0.5.0-SNAPSHOT.jar:/home/user/.m2/repository/org/apache/hadoop/hadoop-hdds-client/0.5.0-SNAPSHOT/hadoop-hdds-client-0.5.0-SNAPSHOT.jar:/home/user/.m2/repository/org/apache/hadoop/hadoop-hdds-tools/0.5.0-SNAPSHOT/hadoop-hdds-tools-0.5.0-SNAPSHOT.jar:/home/user/.m2/repository/org/apache/hadoop/hadoop-hdds-server-scm/0.5.0-SNAPSHOT/hadoop-hdds-server-scm-0.5.0-SNAPSHOT.jar:/home/user/.m2/repository/org/apache/hadoop/hadoop-hdds-docs/0.5.0-SNAPSHOT/hadoop-hdds-docs-0.5.0-SNAPSHOT.jar:/home/user/.m2/repository/io/dropwizard/metrics/metrics-core/3.2.4/metrics-core-3.2.4.jar:/home/user/.m2/repository/org/hamcrest/hamcrest-all/1.3/hamcrest-all-1.3.jar:/home/user/.m2/repository/org/bouncycastle/bcprov-jdk15on/1.60/bcprov-jdk15on-1.60.jar:/home/user/.m2/repository/info/picocli/picocli/3.9.6/picocli-3.9.6.jar:/home/user/.m2/repository/com/google/protobuf/protobuf-java/2.5.0/protobuf-java-2.5.0.jar:/home/user/.m2/repository/com/google/guava/guava/11.0.2/guava-11.0.2.jar:/home/user/.m2/repository/org/apache/hadoop/hadoop-ozone-ozone-manager/0.5.0-SNAPSHOT/hadoop-ozone-ozone-manager-0.5.0-SNAPSHOT.jar:/home/user/.m2/repository/org/apache/hadoop/hadoop-minikdc/3.2.0/hadoop-minikdc-3.2.0.jar:/home/user/.m2/repository/commons-io/commons-io/2.5/commons-io-2.5.jar:/home/user/.m2/repository/org/apache/kerby/kerb-simplekdc/1.0.1/kerb-simplekdc-1.0.1.jar:/home/user/.m2/repository/org/apache/kerby/kerb-client/1.0.1/kerb-client-1.0.1.jar:/home/user/.m2/repository/org/apache/kerby/kerby-config/1.0.1/kerby-config-1.0.1.jar:/home/user/.m2/repository/org/apache/kerby/kerb-core/1.0.1/kerb-core-1.0.1.jar:/home/user/.m2/repository/org/apache/kerby/kerby-pkix/1.0.1/kerby-pkix-1.0.1.jar:/home/user/.m2/repository/org/apache/kerby/kerby-asn1/1.0.1/kerby-asn1-1.0.1.jar:/home/user/.m2/repository/org/apache/kerby/kerby-util/1.0.1/kerby-util-1.0.1.jar:/home/user/.m2/repository/org/apache/kerby/kerb-common/1.0.1/kerb-common-1.0.1.jar:/home/user/.m2/repository/org/apache/kerby/kerb-crypto/1.0.1/kerb-crypto-1.0.1.jar:/home/user/.m2/repository/org/apache/kerby/kerb-util/1.0.1/kerb-util-1.0.1.jar:/home/user/.m2/repository/org/apache/kerby/token-provider/1.0.1/token-provider-1.0.1.jar:/home/user/.m2/repository/org/apache/kerby/kerb-admin/1.0.1/kerb-admin-1.0.1.jar:/home/user/.m2/repository/org/apache/kerby/kerb-server/1.0.1/kerb-server-1.0.1.jar:/home/user/.m2/repository/org/apache/kerby/kerb-identity/1.0.1/kerb-identity-1.0.1.jar:/home/user/.m2/repository/org/apache/kerby/kerby-xdr/1.0.1/kerby-xdr-1.0.1.jar:/home/user/.m2/repository/org/slf4j/slf4j-log4j12/1.7.25/slf4j-log4j12-1.7.25.jar:/home/user/.m2/repository/org/apache/hadoop/hadoop-ozone-s3gateway/0.5.0-SNAPSHOT/hadoop-ozone-s3gateway-0.5.0-SNAPSHOT.jar:/home/user/.m2/repository/org/jboss/weld/servlet/weld-servlet/2.4.7.Final/weld-servlet-2.4.7.Final.jar:/home/user/.m2/repository/org/glassfish/jersey/containers/jersey-container-servlet-core/2.27/jersey-container-servlet-core-2.27.jar:/home/user/.m2/repository/org/glassfish/hk2/external/javax.inject/2.5.0-b42/javax.inject-2.5.0-b42.jar:/home/user/.m2/repository/org/glassfish/jersey/core/jersey-common/2.27/jersey-common-2.27.jar:/home/user/.m2/repository/org/glassfish/hk2/osgi-resource-locator/1.0.1/osgi-resource-locator-1.0.1.jar:/home/user/.m2/repository/javax/ws/rs/javax.ws.rs-api/2.1/javax.ws.rs-api-2.1.jar:/home/user/.m2/repository/org/glassfish/jersey/ext/cdi/jersey-cdi1x/2.27/jersey-cdi1x-2.27.jar:/home/user/.m2/repository/org/glassfish/jersey/inject/jersey-hk2/2.27/jersey-hk2-2.27.jar:/home/user/.m2/repository/org/glassfish/hk2/hk2-locator/2.5.0-b42/hk2-locator-2.5.0-b42.jar:/home/user/.m2/repository/org/javassist/javassist/3.22.0-CR2/javassist-3.22.0-CR2.jar:/home/user/.m2/repository/org/glassfish/hk2/hk2-api/2.5.0/hk2-api-2.5.0.jar:/home/user/.m2/repository/org/glassfish/hk2/external/jakarta.inject/2.5.0/jakarta.inject-2.5.0.jar:/home/user/.m2/repository/org/glassfish/hk2/hk2-utils/2.5.0/hk2-utils-2.5.0.jar:/home/user/.m2/repository/jakarta/annotation/jakarta.annotation-api/1.3.4/jakarta.annotation-api-1.3.4.jar:/home/user/.m2/repository/org/glassfish/hk2/external/aopalliance-repackaged/2.5.0/aopalliance-repackaged-2.5.0.jar:/home/user/.m2/repository/com/fasterxml/jackson/dataformat/jackson-dataformat-xml/2.9.0/jackson-dataformat-xml-2.9.0.jar:/home/user/.m2/repository/com/fasterxml/jackson/core/jackson-core/2.9.9/jackson-core-2.9.9.jar:/home/user/.m2/repository/com/fasterxml/jackson/module/jackson-module-jaxb-annotations/2.9.9/jackson-module-jaxb-annotations-2.9.9.jar:/home/user/.m2/repository/javax/enterprise/cdi-api/1.2/cdi-api-1.2.jar:/home/user/.m2/repository/javax/el/javax.el-api/3.0.0/javax.el-api-3.0.0.jar:/home/user/.m2/repository/javax/interceptor/javax.interceptor-api/1.2/javax.interceptor-api-1.2.jar:/home/user/.m2/repository/javax/inject/javax.inject/1/javax.inject-1.jar:/home/user/.m2/repository/com/sun/xml/bind/jaxb-impl/2.3.0.1/jaxb-impl-2.3.0.1.jar:/home/user/.m2/repository/com/sun/xml/bind/jaxb-core/2.3.0.1/jaxb-core-2.3.0.1.jar:/home/user/.m2/repository/javax/xml/bind/jaxb-api/2.3.0/jaxb-api-2.3.0.jar:/home/user/.m2/repository/javax/activation/activation/1.1.1/activation-1.1.1.jar:/home/user/.m2/repository/org/apache/hadoop/hadoop-ozone-csi/0.5.0-SNAPSHOT/hadoop-ozone-csi-0.5.0-SNAPSHOT.jar:/home/user/.m2/repository/com/google/protobuf/protobuf-java-util/3.5.1/protobuf-java-util-3.5.1.jar:/home/user/.m2/repository/org/apache/hadoop/hadoop-hdds-config/0.5.0-SNAPSHOT/hadoop-hdds-config-0.5.0-SNAPSHOT.jar:/home/user/.m2/repository/io/grpc/grpc-netty/1.17.1/grpc-netty-1.17.1.jar:/home/user/.m2/repository/io/grpc/grpc-core/1.17.1/grpc-core-1.17.1.jar:/home/user/.m2/repository/io/grpc/grpc-context/1.17.1/grpc-context-1.17.1.jar:/home/user/.m2/repository/com/google/errorprone/error_prone_annotations/2.2.0/error_prone_annotations-2.2.0.jar:/home/user/.m2/repository/org/codehaus/mojo/animal-sniffer-annotations/1.17/animal-sniffer-annotations-1.17.jar:/home/user/.m2/repository/io/opencensus/opencensus-api/0.17.0/opencensus-api-0.17.0.jar:/home/user/.m2/repository/io/opencensus/opencensus-contrib-grpc-metrics/0.17.0/opencensus-contrib-grpc-metrics-0.17.0.jar:/home/user/.m2/repository/io/netty/netty-codec-http2/4.1.30.Final/netty-codec-http2-4.1.30.Final.jar:/home/user/.m2/repository/io/netty/netty-codec-http/4.1.30.Final/netty-codec-http-4.1.30.Final.jar:/home/user/.m2/repository/io/netty/netty-codec/4.1.30.Final/netty-codec-4.1.30.Final.jar:/home/user/.m2/repository/io/netty/netty-handler/4.1.30.Final/netty-handler-4.1.30.Final.jar:/home/user/.m2/repository/io/netty/netty-handler-proxy/4.1.30.Final/netty-handler-proxy-4.1.30.Final.jar:/home/user/.m2/repository/io/netty/netty-codec-socks/4.1.30.Final/netty-codec-socks-4.1.30.Final.jar:/home/user/.m2/repository/io/netty/netty-transport-native-epoll/4.1.30.Final/netty-transport-native-epoll-4.1.30.Final.jar:/home/user/.m2/repository/io/netty/netty-common/4.1.30.Final/netty-common-4.1.30.Final.jar:/home/user/.m2/repository/io/netty/netty-buffer/4.1.30.Final/netty-buffer-4.1.30.Final.jar:/home/user/.m2/repository/io/netty/netty-transport/4.1.30.Final/netty-transport-4.1.30.Final.jar:/home/user/.m2/repository/io/netty/netty-resolver/4.1.30.Final/netty-resolver-4.1.30.Final.jar:/home/user/.m2/repository/io/netty/netty-transport-native-unix-common/4.1.30.Final/netty-transport-native-unix-common-4.1.30.Final.jar:/home/user/.m2/repository/io/grpc/grpc-protobuf/1.17.1/grpc-protobuf-1.17.1.jar:/home/user/.m2/repository/com/google/api/grpc/proto-google-common-protos/1.0.0/proto-google-common-protos-1.0.0.jar:/home/user/.m2/repository/io/grpc/grpc-protobuf-lite/1.17.1/grpc-protobuf-lite-1.17.1.jar:/home/user/.m2/repository/io/grpc/grpc-stub/1.17.1/grpc-stub-1.17.1.jar:/home/user/.m2/repository/org/apache/hadoop/hadoop-ozone-recon/0.5.0-SNAPSHOT/hadoop-ozone-recon-0.5.0-SNAPSHOT.jar:/home/user/.m2/repository/org/apache/hadoop/hadoop-ozone-reconcodegen/0.5.0-SNAPSHOT/hadoop-ozone-reconcodegen-0.5.0-SNAPSHOT.jar:/home/user/.m2/repository/com/google/inject/extensions/guice-multibindings/4.0/guice-multibindings-4.0.jar:/home/user/.m2/repository/com/google/inject/guice/4.0/guice-4.0.jar:/home/user/.m2/repository/aopalliance/aopalliance/1.0/aopalliance-1.0.jar:/home/user/.m2/repository/com/google/inject/extensions/guice-servlet/4.0/guice-servlet-4.0.jar:/home/user/.m2/repository/org/glassfish/jersey/containers/jersey-container-servlet/2.27/jersey-container-servlet-2.27.jar:/home/user/.m2/repository/org/glassfish/hk2/guice-bridge/2.5.0/guice-bridge-2.5.0.jar:/home/user/.m2/repository/org/glassfish/jersey/core/jersey-server/2.27/jersey-server-2.27.jar:/home/user/.m2/repository/org/glassfish/jersey/core/jersey-client/2.27/jersey-client-2.27.jar:/home/user/.m2/repository/org/glassfish/jersey/media/jersey-media-jaxb/2.27/jersey-media-jaxb-2.27.jar:/home/user/.m2/repository/javax/validation/validation-api/1.1.0.Final/validation-api-1.1.0.Final.jar:/home/user/.m2/repository/org/glassfish/jersey/media/jersey-media-json-jackson/2.27/jersey-media-json-jackson-2.27.jar:/home/user/.m2/repository/org/glassfish/jersey/ext/jersey-entity-filtering/2.27/jersey-entity-filtering-2.27.jar:/home/user/.m2/repository/com/google/inject/extensions/guice-assistedinject/4.0/guice-assistedinject-4.0.jar:/home/user/.m2/repository/org/jooq/jooq/3.11.10/jooq-3.11.10.jar:/home/user/.m2/repository/org/jooq/jooq-meta/3.11.10/jooq-meta-3.11.10.jar:/home/user/.m2/repository/org/jooq/jooq-codegen/3.11.10/jooq-codegen-3.11.10.jar:/home/user/.m2/repository/com/jolbox/bonecp/0.8.0.RELEASE/bonecp-0.8.0.RELEASE.jar:/home/user/.m2/repository/org/xerial/sqlite-jdbc/3.25.2/sqlite-jdbc-3.25.2.jar:/home/user/.m2/repository/org/springframework/spring-jdbc/5.1.3.RELEASE/spring-jdbc-5.1.3.RELEASE.jar:/home/user/.m2/repository/org/springframework/spring-beans/5.1.3.RELEASE/spring-beans-5.1.3.RELEASE.jar:/home/user/.m2/repository/org/springframework/spring-core/5.1.3.RELEASE/spring-core-5.1.3.RELEASE.jar:/home/user/.m2/repository/org/springframework/spring-jcl/5.1.3.RELEASE/spring-jcl-5.1.3.RELEASE.jar:/home/user/.m2/repository/org/springframework/spring-tx/5.1.3.RELEASE/spring-tx-5.1.3.RELEASE.jar:/home/user/.m2/repository/org/apache/hadoop/hadoop-ozone-client/0.5.0-SNAPSHOT/hadoop-ozone-client-0.5.0-SNAPSHOT.jar:/home/user/.m2/repository/commons-lang/commons-lang/2.6/commons-lang-2.6.jar:/home/user/.m2/repository/org/apache/hadoop/hadoop-ozone-ozone-manager/0.5.0-SNAPSHOT/hadoop-ozone-ozone-manager-0.5.0-SNAPSHOT-tests.jar:/home/user/.m2/repository/junit/junit/4.11/junit-4.11.jar:/home/user/.m2/repository/org/hamcrest/hamcrest-core/1.3/hamcrest-core-1.3.jar:/home/user/.m2/repository/org/openjdk/jmh/jmh-core/1.19/jmh-core-1.19.jar:/home/user/.m2/repository/net/sf/jopt-simple/jopt-simple/4.6/jopt-simple-4.6.jar:/home/user/.m2/repository/org/apache/commons/commons-math3/3.1.1/commons-math3-3.1.1.jar:/home/user/.m2/repository/org/openjdk/jmh/jmh-generator-annprocess/1.19/jmh-generator-annprocess-1.19.jar:/home/user/.m2/repository/org/mockito/mockito-all/1.8.5/mockito-all-1.8.5.jar:/home/user/.m2/repository/org/apache/hadoop/hadoop-kms/3.2.0/hadoop-kms-3.2.0.jar:/home/user/.m2/repository/org/apache/hadoop/hadoop-auth/3.2.0/hadoop-auth-3.2.0.jar:/home/user/.m2/repository/com/nimbusds/nimbus-jose-jwt/4.41.1/nimbus-jose-jwt-4.41.1.jar:/home/user/.m2/repository/com/github/stephenc/jcip/jcip-annotations/1.0-1/jcip-annotations-1.0-1.jar:/home/user/.m2/repository/net/minidev/json-smart/2.3/json-smart-2.3.jar:/home/user/.m2/repository/net/minidev/accessors-smart/1.2/accessors-smart-1.2.jar:/home/user/.m2/repository/org/ow2/asm/asm/5.0.4/asm-5.0.4.jar:/home/user/.m2/repository/org/apache/curator/curator-framework/2.12.0/curator-framework-2.12.0.jar:/home/user/.m2/repository/com/sun/jersey/jersey-core/1.19/jersey-core-1.19.jar:/home/user/.m2/repository/javax/ws/rs/jsr311-api/1.1.1/jsr311-api-1.1.1.jar:/home/user/.m2/repository/com/sun/jersey/jersey-server/1.19/jersey-server-1.19.jar:/home/user/.m2/repository/javax/servlet/javax.servlet-api/3.1.0/javax.servlet-api-3.1.0.jar:/home/user/.m2/repository/org/eclipse/jetty/jetty-server/9.3.25.v20180904/jetty-server-9.3.25.v20180904.jar:/home/user/.m2/repository/org/eclipse/jetty/jetty-http/9.3.25.v20180904/jetty-http-9.3.25.v20180904.jar:/home/user/.m2/repository/org/eclipse/jetty/jetty-io/9.3.25.v20180904/jetty-io-9.3.25.v20180904.jar:/home/user/.m2/repository/org/eclipse/jetty/jetty-webapp/9.3.25.v20180904/jetty-webapp-9.3.25.v20180904.jar:/home/user/.m2/repository/org/eclipse/jetty/jetty-xml/9.3.25.v20180904/jetty-xml-9.3.25.v20180904.jar:/home/user/.m2/repository/log4j/log4j/1.2.17/log4j-1.2.17.jar:/home/user/.m2/repository/org/slf4j/slf4j-api/1.7.25/slf4j-api-1.7.25.jar:/home/user/.m2/repository/org/slf4j/jul-to-slf4j/1.7.25/jul-to-slf4j-1.7.25.jar:/home/user/.m2/repository/org/eclipse/jetty/jetty-util/9.3.25.v20180904/jetty-util-9.3.25.v20180904.jar:/home/user/.m2/repository/com/fasterxml/jackson/core/jackson-databind/2.9.9/jackson-databind-2.9.9.jar:/home/user/.m2/repository/org/apache/hadoop/hadoop-kms/3.2.0/hadoop-kms-3.2.0-tests.jar:/home/user/.m2/repository/org/apache/hadoop/hadoop-hdds-server-scm/0.5.0-SNAPSHOT/hadoop-hdds-server-scm-0.5.0-SNAPSHOT-tests.jar:/home/user/.m2/repository/org/apache/hadoop/hadoop-hdds-container-service/0.5.0-SNAPSHOT/hadoop-hdds-container-service-0.5.0-SNAPSHOT-tests.jar:/home/user/.m2/repository/org/yaml/snakeyaml/1.16/snakeyaml-1.16.jar:/home/user/.m2/repository/org/apache/hadoop/hadoop-common/3.2.0/hadoop-common-3.2.0-tests.jar:/home/user/.m2/repository/org/apache/hadoop/hadoop-annotations/3.2.0/hadoop-annotations-3.2.0.jar:/usr/lib/jvm/java-1.8-openjdk/jre/../lib/tools.jar:/home/user/.m2/repository/commons-cli/commons-cli/1.2/commons-cli-1.2.jar:/home/user/.m2/repository/org/apache/httpcomponents/httpclient/4.5.2/httpclient-4.5.2.jar:/home/user/.m2/repository/org/apache/httpcomponents/httpcore/4.4.4/httpcore-4.4.4.jar:/home/user/.m2/repository/commons-codec/commons-codec/1.11/commons-codec-1.11.jar:/home/user/.m2/repository/commons-net/commons-net/3.6/commons-net-3.6.jar:/home/user/.m2/repository/commons-collections/commons-collections/3.2.2/commons-collections-3.2.2.jar:/home/user/.m2/repository/org/eclipse/jetty/jetty-servlet/9.3.25.v20180904/jetty-servlet-9.3.25.v20180904.jar:/home/user/.m2/repository/org/eclipse/jetty/jetty-security/9.3.25.v20180904/jetty-security-9.3.25.v20180904.jar:/home/user/.m2/repository/javax/servlet/jsp/jsp-api/2.1/jsp-api-2.1.jar:/home/user/.m2/repository/com/sun/jersey/jersey-servlet/1.19/jersey-servlet-1.19.jar:/home/user/.m2/repository/com/sun/jersey/jersey-json/1.19/jersey-json-1.19.jar:/home/user/.m2/repository/org/codehaus/jettison/jettison/1.1/jettison-1.1.jar:/home/user/.m2/repository/org/codehaus/jackson/jackson-core-asl/1.9.13/jackson-core-asl-1.9.13.jar:/home/user/.m2/repository/org/codehaus/jackson/jackson-mapper-asl/1.9.13/jackson-mapper-asl-1.9.13.jar:/home/user/.m2/repository/org/codehaus/jackson/jackson-jaxrs/1.9.13/jackson-jaxrs-1.9.13.jar:/home/user/.m2/repository/org/codehaus/jackson/jackson-xc/1.9.13/jackson-xc-1.9.13.jar:/home/user/.m2/repository/commons-logging/commons-logging/1.1.3/commons-logging-1.1.3.jar:/home/user/.m2/repository/commons-beanutils/commons-beanutils/1.9.4/commons-beanutils-1.9.4.jar:/home/user/.m2/repository/org/apache/commons/commons-configuration2/2.1.1/commons-configuration2-2.1.1.jar:/home/user/.m2/repository/org/apache/commons/commons-lang3/3.7/commons-lang3-3.7.jar:/home/user/.m2/repository/org/apache/commons/commons-text/1.4/commons-text-1.4.jar:/home/user/.m2/repository/org/apache/avro/avro/1.7.7/avro-1.7.7.jar:/home/user/.m2/repository/com/thoughtworks/paranamer/paranamer/2.3/paranamer-2.3.jar:/home/user/.m2/repository/org/xerial/snappy/snappy-java/1.0.5/snappy-java-1.0.5.jar:/home/user/.m2/repository/com/google/re2j/re2j/1.1/re2j-1.1.jar:/home/user/.m2/repository/com/google/code/gson/gson/2.2.4/gson-2.2.4.jar:/home/user/.m2/repository/com/jcraft/jsch/0.1.54/jsch-0.1.54.jar:/home/user/.m2/repository/org/apache/curator/curator-client/2.12.0/curator-client-2.12.0.jar:/home/user/.m2/repository/org/apache/curator/curator-recipes/2.12.0/curator-recipes-2.12.0.jar:/home/user/.m2/repository/com/google/code/findbugs/jsr305/3.0.0/jsr305-3.0.0.jar:/home/user/.m2/repository/org/apache/htrace/htrace-core4/4.1.0-incubating/htrace-core4-4.1.0-incubating.jar:/home/user/.m2/repository/org/apache/zookeeper/zookeeper/3.4.13/zookeeper-3.4.13.jar:/home/user/.m2/repository/jline/jline/0.9.94/jline-0.9.94.jar:/home/user/.m2/repository/org/apache/yetus/audience-annotations/0.5.0/audience-annotations-0.5.0.jar:/home/user/.m2/repository/org/codehaus/woodstox/stax2-api/3.1.4/stax2-api-3.1.4.jar:/home/user/.m2/repository/com/fasterxml/woodstox/woodstox-core/5.0.3/woodstox-core-5.0.3.jar:/home/user/.m2/repository/dnsjava/dnsjava/2.1.7/dnsjava-2.1.7.jar:/home/user/.m2/repository/org/apache/hadoop/hadoop-hdfs/3.2.0/hadoop-hdfs-3.2.0-tests.jar:/home/user/.m2/repository/org/eclipse/jetty/jetty-util-ajax/9.3.25.v20180904/jetty-util-ajax-9.3.25.v20180904.jar:/home/user/.m2/repository/commons-daemon/commons-daemon/1.0.13/commons-daemon-1.0.13.jar:/home/user/.m2/repository/io/netty/netty/3.10.5.Final/netty-3.10.5.Final.jar:/home/user/.m2/repository/io/netty/netty-all/4.0.52.Final/netty-all-4.0.52.Final.jar:/home/user/.m2/repository/org/fusesource/leveldbjni/leveldbjni-all/1.8/leveldbjni-all-1.8.jar:"/>
    <property name="sun.cpu.endian" value="little"/>
    <property name="user.home" value="/home/user"/>
    <property name="user.language" value="en"/>
    <property name="java.specification.vendor" value="Oracle Corporation"/>
    <property name="java.home" value="/usr/lib/jvm/java-1.8-openjdk/jre"/>
    <property name="java.security.krb5.conf" value="/workdir/hadoop-ozone/integration-test/target/test-classes/krb5.conf"/>
    <property name="basedir" value="/workdir/hadoop-ozone/integration-test"/>
    <property name="file.separator" value="/"/>
    <property name="line.separator" value="&#10;"/>
    <property name="java.vm.specification.vendor" value="Oracle Corporation"/>
    <property name="java.specification.name" value="Java Platform API Specification"/>
    <property name="java.awt.graphicsenv" value="sun.awt.X11GraphicsEnvironment"/>
    <property name="surefire.real.class.path" value="/workdir/hadoop-ozone/integration-test/target/surefire/surefirebooter409756646707962409.jar"/>
    <property name="hadoop.log.dir" value="/workdir/hadoop-ozone/integration-test/target/log"/>
    <property name="sun.boot.class.path" value="/usr/lib/jvm/java-1.8-openjdk/jre/lib/resources.jar:/usr/lib/jvm/java-1.8-openjdk/jre/lib/rt.jar:/usr/lib/jvm/java-1.8-openjdk/jre/lib/sunrsasign.jar:/usr/lib/jvm/java-1.8-openjdk/jre/lib/jsse.jar:/usr/lib/jvm/java-1.8-openjdk/jre/lib/jce.jar:/usr/lib/jvm/java-1.8-openjdk/jre/lib/charsets.jar:/usr/lib/jvm/java-1.8-openjdk/jre/lib/jfr.jar:/usr/lib/jvm/java-1.8-openjdk/jre/classes"/>
    <property name="sun.management.compiler" value="HotSpot 64-Bit Tiered Compilers"/>
    <property name="java.runtime.version" value="1.8.0_212-b04"/>
    <property name="java.net.preferIPv4Stack" value="true"/>
    <property name="user.name" value="jenkins1000"/>
    <property name="path.separator" value=":"/>
    <property name="java.security.egd" value="file:///dev/urandom"/>
    <property name="os.version" value="3.10.0-957.12.2.el7.x86_64"/>
    <property name="java.endorsed.dirs" value="/usr/lib/jvm/java-1.8-openjdk/jre/lib/endorsed"/>
    <property name="java.runtime.name" value="OpenJDK Runtime Environment"/>
    <property name="file.encoding" value="UTF-8"/>
    <property name="java.vm.name" value="OpenJDK 64-Bit Server VM"/>
    <property name="test.build.webapps" value=""/>
    <property name="localRepository" value="/home/user/.m2/repository"/>
    <property name="java.vendor.url.bug" value="https://icedtea.classpath.org/bugzilla"/>
    <property name="java.io.tmpdir" value="/tmp"/>
    <property name="require.test.libhadoop" value=""/>
    <property name="java.version" value="1.8.0_212"/>
    <property name="user.dir" value="/workdir/hadoop-ozone/integration-test"/>
    <property name="os.arch" value="amd64"/>
    <property name="java.vm.specification.name" value="Java Virtual Machine Specification"/>
    <property name="test.build.classes" value="/workdir/hadoop-ozone/integration-test/target/test-classes"/>
    <property name="java.awt.printerjob" value="sun.print.PSPrinterJob"/>
    <property name="sun.os.patch.level" value="unknown"/>
    <property name="hadoop.tmp.dir" value="/workdir/hadoop-ozone/integration-test/target/tmp"/>
    <property name="java.library.path" value="/usr/lib/jvm/java-1.8-openjdk/jre/lib/amd64/server:/usr/lib/jvm/java-1.8-openjdk/jre/lib/amd64:/usr/lib/jvm/java-1.8-openjdk/jre/../lib/amd64:/workdir/hadoop-ozone/integration-test/target/native/target/usr/local/lib:/workdir/hadoop-ozone/integration-test/../../hadoop-common-project/hadoop-common/target/native/target/usr/local/lib:/usr/java/packages/lib/amd64:/usr/lib64:/lib64:/lib:/usr/lib"/>
    <property name="java.vm.info" value="mixed mode"/>
    <property name="java.vendor" value="IcedTea"/>
    <property name="java.vm.version" value="25.212-b04"/>
    <property name="java.ext.dirs" value="/usr/lib/jvm/java-1.8-openjdk/jre/lib/ext:/usr/java/packages/lib/ext"/>
    <property name="sun.io.unicode.encoding" value="UnicodeLittle"/>
    <property name="java.class.version" value="52.0"/>
  </properties>
  <testcase name="testWatchForCommitWithKeyWrite" classname="org.apache.hadoop.ozone.client.rpc.TestWatchForCommit" time="59.164"/>
  <testcase name="testWatchForCommitWithSmallerTimeoutValue" classname="org.apache.hadoop.ozone.client.rpc.TestWatchForCommit" time="42.821"/>
  <testcase name="testWatchForCommitForRetryfailure" classname="org.apache.hadoop.ozone.client.rpc.TestWatchForCommit" time="70.937"/>
  <testcase name="testWatchForCommitForGroupMismatchException" classname="org.apache.hadoop.ozone.client.rpc.TestWatchForCommit" time="32.19"/>
  <testcase name="test2WayCommitForTimeoutException" classname="org.apache.hadoop.ozone.client.rpc.TestWatchForCommit" time="26.086">
    <error message="org.apache.ratis.protocol.RaftRetryFailureException: Failed RaftClientRequest:client-7F5B3BD18886-&gt;c68a69bd-486a-434f-8dc7-035c8595ac45@group-0BD8710B21FA, cid=103, seq=2*, RW, cmdType: CloseContainer&#10;traceID: &quot;1ca9a3b50c9937b0:1ca9a3b50c9937b0:0:0&quot;&#10;containerID: 1&#10;datanodeUuid: &quot;82708601-a3fe-4596-8191-8774b7e6ce6f&quot;&#10;closeContainer {&#10;}&#10;, data.size=0 for 20 attempts with RetryLimited(maxAttempts=20, sleepTime=1000ms)" type="java.util.concurrent.ExecutionException">java.util.concurrent.ExecutionException: 
org.apache.ratis.protocol.RaftRetryFailureException: Failed RaftClientRequest:client-7F5B3BD18886->c68a69bd-486a-434f-8dc7-035c8595ac45@group-0BD8710B21FA, cid=103, seq=2*, RW, cmdType: CloseContainer
traceID: "1ca9a3b50c9937b0:1ca9a3b50c9937b0:0:0"
containerID: 1
datanodeUuid: "82708601-a3fe-4596-8191-8774b7e6ce6f"
closeContainer {
}
, data.size=0 for 20 attempts with RetryLimited(maxAttempts=20, sleepTime=1000ms)
	at java.util.concurrent.CompletableFuture.reportGet(CompletableFuture.java:357)
	at java.util.concurrent.CompletableFuture.get(CompletableFuture.java:1895)
	at org.apache.hadoop.ozone.client.rpc.TestWatchForCommit.test2WayCommitForTimeoutException(TestWatchForCommit.java:390)
	at sun.reflect.NativeMethodAccessorImpl.invoke0(Native Method)
	at sun.reflect.NativeMethodAccessorImpl.invoke(NativeMethodAccessorImpl.java:62)
	at sun.reflect.DelegatingMethodAccessorImpl.invoke(DelegatingMethodAccessorImpl.java:43)
	at java.lang.reflect.Method.invoke(Method.java:498)
	at org.junit.runners.model.FrameworkMethod$1.runReflectiveCall(FrameworkMethod.java:47)
	at org.junit.internal.runners.model.ReflectiveCallable.run(ReflectiveCallable.java:12)
	at org.junit.runners.model.FrameworkMethod.invokeExplosively(FrameworkMethod.java:44)
	at org.junit.internal.runners.statements.InvokeMethod.evaluate(InvokeMethod.java:17)
	at org.junit.runners.ParentRunner.runLeaf(ParentRunner.java:271)
	at org.junit.runners.BlockJUnit4ClassRunner.runChild(BlockJUnit4ClassRunner.java:70)
	at org.junit.runners.BlockJUnit4ClassRunner.runChild(BlockJUnit4ClassRunner.java:50)
	at org.junit.runners.ParentRunner$3.run(ParentRunner.java:238)
	at org.junit.runners.ParentRunner$1.schedule(ParentRunner.java:63)
	at org.junit.runners.ParentRunner.runChildren(ParentRunner.java:236)
	at org.junit.runners.ParentRunner.access$000(ParentRunner.java:53)
	at org.junit.runners.ParentRunner$2.evaluate(ParentRunner.java:229)
	at org.junit.runners.ParentRunner.run(ParentRunner.java:309)
	at org.apache.maven.surefire.junit4.JUnit4Provider.execute(JUnit4Provider.java:365)
	at org.apache.maven.surefire.junit4.JUnit4Provider.executeWithRerun(JUnit4Provider.java:273)
	at org.apache.maven.surefire.junit4.JUnit4Provider.executeTestSet(JUnit4Provider.java:238)
	at org.apache.maven.surefire.junit4.JUnit4Provider.invoke(JUnit4Provider.java:159)
	at org.apache.maven.surefire.booter.ForkedBooter.invokeProviderInSameClassLoader(ForkedBooter.java:384)
	at org.apache.maven.surefire.booter.ForkedBooter.runSuitesInProcess(ForkedBooter.java:345)
	at org.apache.maven.surefire.booter.ForkedBooter.execute(ForkedBooter.java:126)
	at org.apache.maven.surefire.booter.ForkedBooter.main(ForkedBooter.java:418)
Caused by: org.apache.ratis.protocol.RaftRetryFailureException: Failed RaftClientRequest:client-7F5B3BD18886->c68a69bd-486a-434f-8dc7-035c8595ac45@group-0BD8710B21FA, cid=103, seq=2*, RW, cmdType: CloseContainer
traceID: "1ca9a3b50c9937b0:1ca9a3b50c9937b0:0:0"
containerID: 1
datanodeUuid: "82708601-a3fe-4596-8191-8774b7e6ce6f"
closeContainer {
}
, data.size=0 for 20 attempts with RetryLimited(maxAttempts=20, sleepTime=1000ms)
	at org.apache.ratis.client.impl.RaftClientImpl.noMoreRetries(RaftClientImpl.java:271)
	at org.apache.ratis.client.impl.OrderedAsync.handleAsyncRetryFailure(OrderedAsync.java:138)
	at org.apache.ratis.client.impl.OrderedAsync.lambda$sendRequest$10(OrderedAsync.java:230)
	at java.util.concurrent.CompletableFuture.uniExceptionally(CompletableFuture.java:870)
	at java.util.concurrent.CompletableFuture$UniExceptionally.tryFire(CompletableFuture.java:852)
	at java.util.concurrent.CompletableFuture.postComplete(CompletableFuture.java:474)
	at java.util.concurrent.CompletableFuture.completeExceptionally(CompletableFuture.java:1977)
	at org.apache.ratis.grpc.client.GrpcClientProtocolClient$AsyncStreamObservers.completeReplyExceptionally(GrpcClientProtocolClient.java:345)
	at org.apache.ratis.grpc.client.GrpcClientProtocolClient$AsyncStreamObservers.access$000(GrpcClientProtocolClient.java:261)
	at org.apache.ratis.grpc.client.GrpcClientProtocolClient$AsyncStreamObservers$1.onNext(GrpcClientProtocolClient.java:273)
	at org.apache.ratis.grpc.client.GrpcClientProtocolClient$AsyncStreamObservers$1.onNext(GrpcClientProtocolClient.java:264)
	at org.apache.ratis.thirdparty.io.grpc.stub.ClientCalls$StreamObserverToCallListenerAdapter.onMessage(ClientCalls.java:421)
	at org.apache.ratis.thirdparty.io.grpc.ForwardingClientCallListener.onMessage(ForwardingClientCallListener.java:33)
	at org.apache.ratis.thirdparty.io.grpc.ForwardingClientCallListener.onMessage(ForwardingClientCallListener.java:33)
	at org.apache.ratis.thirdparty.io.grpc.internal.ClientCallImpl$ClientStreamListenerImpl$1MessagesAvailable.runInContext(ClientCallImpl.java:519)
	at org.apache.ratis.thirdparty.io.grpc.internal.ContextRunnable.run(ContextRunnable.java:37)
	at org.apache.ratis.thirdparty.io.grpc.internal.SerializingExecutor.run(SerializingExecutor.java:123)
	at java.util.concurrent.ThreadPoolExecutor.runWorker(ThreadPoolExecutor.java:1149)
	at java.util.concurrent.ThreadPoolExecutor$Worker.run(ThreadPoolExecutor.java:624)
	at java.lang.Thread.run(Thread.java:748)
Caused by: org.apache.ratis.protocol.NotLeaderException: Server c68a69bd-486a-434f-8dc7-035c8595ac45@group-0BD8710B21FA is not the leader 9a10e594-81e5-427d-a6b7-c8c9aa6b8a40:192.168.30.23:37438
	at org.apache.ratis.client.impl.ClientProtoUtils.toRaftClientReply(ClientProtoUtils.java:243)
	at org.apache.ratis.grpc.client.GrpcClientProtocolClient$AsyncStreamObservers$1.onNext(GrpcClientProtocolClient.java:269)
	... 10 more
</error>
    <system-out><![CDATA[2019-10-07 12:46:00,410 [main] WARN  server.ServerUtils (ServerUtils.java:getScmDbDir(145)) - ozone.scm.db.dirs is not configured. We recommend adding this setting. Falling back to ozone.metadata.dirs instead.
2019-10-07 12:46:00,424 [main] WARN  server.ServerUtils (ServerUtils.java:getScmDbDir(145)) - ozone.scm.db.dirs is not configured. We recommend adding this setting. Falling back to ozone.metadata.dirs instead.
2019-10-07 12:46:00,424 [main] WARN  server.ServerUtils (ServerUtils.java:getScmDbDir(145)) - ozone.scm.db.dirs is not configured. We recommend adding this setting. Falling back to ozone.metadata.dirs instead.
2019-10-07 12:46:00,425 [main] INFO  db.DBStoreBuilder (DBStoreBuilder.java:addTable(117)) - using custom profile for table: deletedBlocks
2019-10-07 12:46:00,425 [main] INFO  db.DBStoreBuilder (DBStoreBuilder.java:processTables(168)) - Using default column profile:DBProfile.DISK for Table:deletedBlocks
2019-10-07 12:46:00,425 [main] INFO  db.DBStoreBuilder (DBStoreBuilder.java:addTable(117)) - using custom profile for table: validCerts
2019-10-07 12:46:00,426 [main] INFO  db.DBStoreBuilder (DBStoreBuilder.java:processTables(168)) - Using default column profile:DBProfile.DISK for Table:validCerts
2019-10-07 12:46:00,426 [main] INFO  db.DBStoreBuilder (DBStoreBuilder.java:addTable(117)) - using custom profile for table: revokedCerts
2019-10-07 12:46:00,426 [main] INFO  db.DBStoreBuilder (DBStoreBuilder.java:processTables(168)) - Using default column profile:DBProfile.DISK for Table:revokedCerts
2019-10-07 12:46:00,426 [main] INFO  db.DBStoreBuilder (DBStoreBuilder.java:addTable(117)) - using custom profile for table: default
2019-10-07 12:46:00,427 [main] INFO  db.DBStoreBuilder (DBStoreBuilder.java:processTables(174)) - Using default column profile:DBProfile.DISK for Table:default
2019-10-07 12:46:00,427 [main] INFO  db.DBStoreBuilder (DBStoreBuilder.java:getDbProfile(205)) - Using default options. DBProfile.DISK
2019-10-07 12:46:00,573 [main] INFO  net.NodeSchemaLoader (NodeSchemaLoader.java:loadSchemaFromFile(125)) - Loading file from sun.misc.CompoundEnumeration@6af609ea
2019-10-07 12:46:00,573 [main] INFO  net.NodeSchemaLoader (NodeSchemaLoader.java:loadSchema(171)) - Loading network topology layer schema file
2019-10-07 12:46:00,579 [main] WARN  server.ServerUtils (ServerUtils.java:sanitizeUserArgs(70)) - ozone.scm.stale.node.interval value = 300000 is larger than max = 100000 based on the key value of ozone.scm.heartbeat.thread.interval, reset to the max value 100000.
2019-10-07 12:46:00,579 [main] WARN  server.ServerUtils (ServerUtils.java:sanitizeUserArgs(70)) - ozone.scm.stale.node.interval value = 300000 is larger than max = 100000 based on the key value of ozone.scm.heartbeat.thread.interval, reset to the max value 100000.
2019-10-07 12:46:00,579 [main] INFO  node.SCMNodeManager (SCMNodeManager.java:<init>(116)) - Entering startup safe mode.
2019-10-07 12:46:00,580 [main] INFO  algorithms.ContainerPlacementPolicyFactory (ContainerPlacementPolicyFactory.java:getPolicy(57)) - Create container placement policy of type org.apache.hadoop.hdds.scm.container.placement.algorithms.SCMContainerPlacementRandom
2019-10-07 12:46:00,581 [main] WARN  server.ServerUtils (ServerUtils.java:getScmDbDir(145)) - ozone.scm.db.dirs is not configured. We recommend adding this setting. Falling back to ozone.metadata.dirs instead.
2019-10-07 12:46:00,631 [main] INFO  pipeline.SCMPipelineManager (SCMPipelineManager.java:initializePipelineState(132)) - No pipeline exists in current db
2019-10-07 12:46:00,631 [main] WARN  server.ServerUtils (ServerUtils.java:getScmDbDir(145)) - ozone.scm.db.dirs is not configured. We recommend adding this setting. Falling back to ozone.metadata.dirs instead.
2019-10-07 12:46:00,682 [main] WARN  events.EventQueue (EventQueue.java:fireEvent(183)) - No event handler registered for event TypedEvent{payloadType=SafeModeStatus, name='SafeModeStatus'}
2019-10-07 12:46:00,683 [main] INFO  ipc.CallQueueManager (CallQueueManager.java:<init>(84)) - Using callQueue: class java.util.concurrent.LinkedBlockingQueue, queueCapacity: 2000, scheduler: class org.apache.hadoop.ipc.DefaultRpcScheduler, ipcBackoff: false.
2019-10-07 12:46:00,684 [Socket Reader #1 for port 40993] INFO  ipc.Server (Server.java:run(1074)) - Starting Socket Reader #1 for port 40993
2019-10-07 12:46:00,686 [main] INFO  ipc.CallQueueManager (CallQueueManager.java:<init>(84)) - Using callQueue: class java.util.concurrent.LinkedBlockingQueue, queueCapacity: 2000, scheduler: class org.apache.hadoop.ipc.DefaultRpcScheduler, ipcBackoff: false.
2019-10-07 12:46:00,687 [Socket Reader #1 for port 35851] INFO  ipc.Server (Server.java:run(1074)) - Starting Socket Reader #1 for port 35851
2019-10-07 12:46:00,689 [main] INFO  ipc.CallQueueManager (CallQueueManager.java:<init>(84)) - Using callQueue: class java.util.concurrent.LinkedBlockingQueue, queueCapacity: 2000, scheduler: class org.apache.hadoop.ipc.DefaultRpcScheduler, ipcBackoff: false.
2019-10-07 12:46:00,690 [Socket Reader #1 for port 35040] INFO  ipc.Server (Server.java:run(1074)) - Starting Socket Reader #1 for port 35040
2019-10-07 12:46:00,692 [main] INFO  hdfs.DFSUtil (DFSUtil.java:httpServerTemplateForNNAndJN(1641)) - Starting Web-server for scm at: http://0.0.0.0:0
2019-10-07 12:46:00,694 [main] INFO  server.AuthenticationFilter (AuthenticationFilter.java:constructSecretProvider(240)) - Unable to initialize FileSignerSecretProvider, falling back to use random secrets.
2019-10-07 12:46:00,695 [main] WARN  http.HttpRequestLog (HttpRequestLog.java:getRequestLog(97)) - Jetty request log can only be enabled using Log4j
2019-10-07 12:46:00,697 [main] INFO  http.HttpServer2 (HttpServer2.java:addGlobalFilter(975)) - Added global filter 'safety' (class=org.apache.hadoop.http.HttpServer2$QuotingInputFilter)
2019-10-07 12:46:00,698 [main] INFO  http.HttpServer2 (HttpServer2.java:addFilter(948)) - Added filter static_user_filter (class=org.apache.hadoop.http.lib.StaticUserWebFilter$StaticUserFilter) to context scm
2019-10-07 12:46:00,698 [main] INFO  http.HttpServer2 (HttpServer2.java:addFilter(958)) - Added filter static_user_filter (class=org.apache.hadoop.http.lib.StaticUserWebFilter$StaticUserFilter) to context static
2019-10-07 12:46:00,699 [main] INFO  http.HttpServer2 (HttpServer2.java:addFilter(958)) - Added filter static_user_filter (class=org.apache.hadoop.http.lib.StaticUserWebFilter$StaticUserFilter) to context logs
2019-10-07 12:46:00,701 [main] INFO  server.StorageContainerManager (StorageContainerManager.java:start(770)) - StorageContainerLocationProtocol RPC server is listening at /0.0.0.0:35040
2019-10-07 12:46:00,704 [main] WARN  impl.MetricsConfig (MetricsConfig.java:loadFirst(134)) - Cannot locate configuration: tried hadoop-metrics2-storagecontainermanager.properties,hadoop-metrics2.properties
2019-10-07 12:46:00,705 [main] INFO  impl.MetricsSystemImpl (MetricsSystemImpl.java:startTimer(374)) - Scheduled Metric snapshot period at 10 second(s).
2019-10-07 12:46:00,705 [main] INFO  impl.MetricsSystemImpl (MetricsSystemImpl.java:start(191)) - StorageContainerManager metrics system started
2019-10-07 12:46:00,782 [main] WARN  impl.MetricsSystemImpl (MetricsSystemImpl.java:register(276)) - Sink prometheus already exists!
2019-10-07 12:46:00,867 [main] INFO  server.SCMClientProtocolServer (SCMClientProtocolServer.java:start(159)) - RPC server for Client  is listening at /0.0.0.0:35040
2019-10-07 12:46:00,868 [IPC Server Responder] INFO  ipc.Server (Server.java:run(1314)) - IPC Server Responder: starting
2019-10-07 12:46:00,868 [IPC Server listener on 35040] INFO  ipc.Server (Server.java:run(1153)) - IPC Server listener on 35040: starting
2019-10-07 12:46:00,871 [main] INFO  server.StorageContainerManager (StorageContainerManager.java:start(780)) - ScmBlockLocationProtocol RPC server is listening at /0.0.0.0:35851
2019-10-07 12:46:00,872 [main] INFO  server.SCMBlockProtocolServer (SCMBlockProtocolServer.java:start(146)) - RPC server for Block Protocol is listening at /0.0.0.0:35851
2019-10-07 12:46:00,872 [IPC Server Responder] INFO  ipc.Server (Server.java:run(1314)) - IPC Server Responder: starting
2019-10-07 12:46:00,873 [IPC Server listener on 35851] INFO  ipc.Server (Server.java:run(1153)) - IPC Server listener on 35851: starting
2019-10-07 12:46:00,879 [main] INFO  server.StorageContainerManager (StorageContainerManager.java:start(784)) - ScmDatanodeProtocl RPC server is listening at /0.0.0.0:40993
2019-10-07 12:46:00,880 [main] INFO  server.SCMDatanodeProtocolServer (SCMDatanodeProtocolServer.java:start(169)) - RPC server for DataNodes is listening at /0.0.0.0:40993
2019-10-07 12:46:00,880 [IPC Server Responder] INFO  ipc.Server (Server.java:run(1314)) - IPC Server Responder: starting
2019-10-07 12:46:00,880 [IPC Server listener on 40993] INFO  ipc.Server (Server.java:run(1153)) - IPC Server listener on 40993: starting
2019-10-07 12:46:00,884 [main] INFO  http.HttpServer2 (HttpServer2.java:bindListener(1191)) - Jetty bound to port 42218
2019-10-07 12:46:00,884 [main] INFO  server.Server (Server.java:doStart(351)) - jetty-9.3.25.v20180904, build timestamp: 2018-09-04T21:11:46Z, git hash: 3ce520221d0240229c862b122d2b06c12a625732
2019-10-07 12:46:00,886 [main] INFO  handler.ContextHandler (ContextHandler.java:doStart(781)) - Started o.e.j.s.ServletContextHandler@1653b84e{/logs,file:///workdir/hadoop-ozone/integration-test/target/log,AVAILABLE}
2019-10-07 12:46:00,887 [main] INFO  handler.ContextHandler (ContextHandler.java:doStart(781)) - Started o.e.j.s.ServletContextHandler@6f85ee02{/static,file:///workdir/hadoop-ozone/integration-test/target/test-classes/webapps/static,AVAILABLE}
2019-10-07 12:46:00,891 [main] INFO  handler.ContextHandler (ContextHandler.java:doStart(781)) - Started o.e.j.w.WebAppContext@de579ff{/,file:///workdir/hadoop-ozone/integration-test/target/test-classes/webapps/scm/,AVAILABLE}{/scm}
2019-10-07 12:46:00,892 [main] INFO  server.AbstractConnector (AbstractConnector.java:doStart(278)) - Started ServerConnector@7971c2a9{HTTP/1.1,[http/1.1]}{0.0.0.0:42218}
2019-10-07 12:46:00,893 [main] INFO  server.Server (Server.java:doStart(419)) - Started @206073ms
2019-10-07 12:46:00,893 [main] WARN  impl.MetricsSystemImpl (MetricsSystemImpl.java:register(276)) - Sink prometheus already exists!
2019-10-07 12:46:00,894 [main] INFO  server.BaseHttpServer (BaseHttpServer.java:updateConnectorAddress(215)) - HTTP server of SCM is listening at http://0.0.0.0:42218
2019-10-07 12:46:00,895 [main] WARN  server.ServerUtils (ServerUtils.java:getDBPath(222)) - ozone.om.db.dirs is not configured. We recommend adding this setting. Falling back to ozone.metadata.dirs instead.
2019-10-07 12:46:00,895 [org.apache.hadoop.util.JvmPauseMonitor$Monitor@60b5e80d] INFO  util.JvmPauseMonitor (JvmPauseMonitor.java:run(188)) - Starting JVM pause monitor
2019-10-07 12:46:00,909 [main] INFO  ha.OMHANodeDetails (OMHANodeDetails.java:loadOMHAConfig(190)) - Configuration either no ozone.om.address set. Falling back to the default OM address /127.0.0.1:0
2019-10-07 12:46:00,909 [main] INFO  ha.OMHANodeDetails (OMHANodeDetails.java:getOMNodeDetails(220)) - OM Service ID is not set. Setting it to the default ID: omServiceIdDefault
2019-10-07 12:46:00,909 [main] WARN  server.ServerUtils (ServerUtils.java:getDBPath(222)) - ozone.om.db.dirs is not configured. We recommend adding this setting. Falling back to ozone.metadata.dirs instead.
2019-10-07 12:46:00,910 [main] WARN  server.ServerUtils (ServerUtils.java:getDBPath(222)) - ozone.om.db.dirs is not configured. We recommend adding this setting. Falling back to ozone.metadata.dirs instead.
2019-10-07 12:46:00,917 [main] WARN  server.ServerUtils (ServerUtils.java:getDBPath(222)) - ozone.om.db.dirs is not configured. We recommend adding this setting. Falling back to ozone.metadata.dirs instead.
2019-10-07 12:46:00,917 [main] INFO  db.DBStoreBuilder (DBStoreBuilder.java:addTable(117)) - using custom profile for table: userTable
2019-10-07 12:46:00,917 [main] INFO  db.DBStoreBuilder (DBStoreBuilder.java:processTables(168)) - Using default column profile:DBProfile.DISK for Table:userTable
2019-10-07 12:46:00,917 [main] INFO  db.DBStoreBuilder (DBStoreBuilder.java:addTable(117)) - using custom profile for table: volumeTable
2019-10-07 12:46:00,918 [main] INFO  db.DBStoreBuilder (DBStoreBuilder.java:processTables(168)) - Using default column profile:DBProfile.DISK for Table:volumeTable
2019-10-07 12:46:00,918 [main] INFO  db.DBStoreBuilder (DBStoreBuilder.java:addTable(117)) - using custom profile for table: bucketTable
2019-10-07 12:46:00,918 [main] INFO  db.DBStoreBuilder (DBStoreBuilder.java:processTables(168)) - Using default column profile:DBProfile.DISK for Table:bucketTable
2019-10-07 12:46:00,918 [main] INFO  db.DBStoreBuilder (DBStoreBuilder.java:addTable(117)) - using custom profile for table: keyTable
2019-10-07 12:46:00,918 [main] INFO  db.DBStoreBuilder (DBStoreBuilder.java:processTables(168)) - Using default column profile:DBProfile.DISK for Table:keyTable
2019-10-07 12:46:00,918 [main] INFO  db.DBStoreBuilder (DBStoreBuilder.java:addTable(117)) - using custom profile for table: deletedTable
2019-10-07 12:46:00,919 [main] INFO  db.DBStoreBuilder (DBStoreBuilder.java:processTables(168)) - Using default column profile:DBProfile.DISK for Table:deletedTable
2019-10-07 12:46:00,919 [main] INFO  db.DBStoreBuilder (DBStoreBuilder.java:addTable(117)) - using custom profile for table: openKeyTable
2019-10-07 12:46:00,919 [main] INFO  db.DBStoreBuilder (DBStoreBuilder.java:processTables(168)) - Using default column profile:DBProfile.DISK for Table:openKeyTable
2019-10-07 12:46:00,919 [main] INFO  db.DBStoreBuilder (DBStoreBuilder.java:addTable(117)) - using custom profile for table: s3Table
2019-10-07 12:46:00,919 [main] INFO  db.DBStoreBuilder (DBStoreBuilder.java:processTables(168)) - Using default column profile:DBProfile.DISK for Table:s3Table
2019-10-07 12:46:00,920 [main] INFO  db.DBStoreBuilder (DBStoreBuilder.java:addTable(117)) - using custom profile for table: multipartInfoTable
2019-10-07 12:46:00,920 [main] INFO  db.DBStoreBuilder (DBStoreBuilder.java:processTables(168)) - Using default column profile:DBProfile.DISK for Table:multipartInfoTable
2019-10-07 12:46:00,920 [main] INFO  db.DBStoreBuilder (DBStoreBuilder.java:addTable(117)) - using custom profile for table: dTokenTable
2019-10-07 12:46:00,920 [main] INFO  db.DBStoreBuilder (DBStoreBuilder.java:processTables(168)) - Using default column profile:DBProfile.DISK for Table:dTokenTable
2019-10-07 12:46:00,920 [main] INFO  db.DBStoreBuilder (DBStoreBuilder.java:addTable(117)) - using custom profile for table: s3SecretTable
2019-10-07 12:46:00,920 [main] INFO  db.DBStoreBuilder (DBStoreBuilder.java:processTables(168)) - Using default column profile:DBProfile.DISK for Table:s3SecretTable
2019-10-07 12:46:00,921 [main] INFO  db.DBStoreBuilder (DBStoreBuilder.java:addTable(117)) - using custom profile for table: prefixTable
2019-10-07 12:46:00,921 [main] INFO  db.DBStoreBuilder (DBStoreBuilder.java:processTables(168)) - Using default column profile:DBProfile.DISK for Table:prefixTable
2019-10-07 12:46:00,921 [main] INFO  db.DBStoreBuilder (DBStoreBuilder.java:addTable(117)) - using custom profile for table: default
2019-10-07 12:46:00,921 [main] INFO  db.DBStoreBuilder (DBStoreBuilder.java:processTables(174)) - Using default column profile:DBProfile.DISK for Table:default
2019-10-07 12:46:00,921 [main] INFO  db.DBStoreBuilder (DBStoreBuilder.java:getDbProfile(205)) - Using default options. DBProfile.DISK
2019-10-07 12:46:01,327 [main] INFO  ipc.CallQueueManager (CallQueueManager.java:<init>(84)) - Using callQueue: class java.util.concurrent.LinkedBlockingQueue, queueCapacity: 2000, scheduler: class org.apache.hadoop.ipc.DefaultRpcScheduler, ipcBackoff: false.
2019-10-07 12:46:01,328 [Socket Reader #1 for port 41858] INFO  ipc.Server (Server.java:run(1074)) - Starting Socket Reader #1 for port 41858
2019-10-07 12:46:01,342 [main] INFO  om.OzoneManager (OzoneManager.java:start(1069)) - OzoneManager RPC server is listening at localhost/127.0.0.1:41858
2019-10-07 12:46:01,342 [main] INFO  impl.MetricsSystemImpl (MetricsSystemImpl.java:init(158)) - OzoneManager metrics system started (again)
2019-10-07 12:46:01,343 [IPC Server Responder] INFO  ipc.Server (Server.java:run(1314)) - IPC Server Responder: starting
2019-10-07 12:46:01,345 [IPC Server listener on 41858] INFO  ipc.Server (Server.java:run(1153)) - IPC Server listener on 41858: starting
2019-10-07 12:46:01,349 [main] INFO  hdfs.DFSUtil (DFSUtil.java:httpServerTemplateForNNAndJN(1641)) - Starting Web-server for ozoneManager at: http://0.0.0.0:0
2019-10-07 12:46:01,350 [main] INFO  server.AuthenticationFilter (AuthenticationFilter.java:constructSecretProvider(240)) - Unable to initialize FileSignerSecretProvider, falling back to use random secrets.
2019-10-07 12:46:01,351 [main] WARN  http.HttpRequestLog (HttpRequestLog.java:getRequestLog(97)) - Jetty request log can only be enabled using Log4j
2019-10-07 12:46:01,353 [main] INFO  http.HttpServer2 (HttpServer2.java:addGlobalFilter(975)) - Added global filter 'safety' (class=org.apache.hadoop.http.HttpServer2$QuotingInputFilter)
2019-10-07 12:46:01,353 [main] INFO  http.HttpServer2 (HttpServer2.java:addFilter(948)) - Added filter static_user_filter (class=org.apache.hadoop.http.lib.StaticUserWebFilter$StaticUserFilter) to context ozoneManager
2019-10-07 12:46:01,353 [main] INFO  http.HttpServer2 (HttpServer2.java:addFilter(958)) - Added filter static_user_filter (class=org.apache.hadoop.http.lib.StaticUserWebFilter$StaticUserFilter) to context logs
2019-10-07 12:46:01,353 [main] INFO  http.HttpServer2 (HttpServer2.java:addFilter(958)) - Added filter static_user_filter (class=org.apache.hadoop.http.lib.StaticUserWebFilter$StaticUserFilter) to context static
2019-10-07 12:46:01,354 [main] INFO  http.HttpServer2 (HttpServer2.java:bindListener(1191)) - Jetty bound to port 45022
2019-10-07 12:46:01,354 [main] INFO  server.Server (Server.java:doStart(351)) - jetty-9.3.25.v20180904, build timestamp: 2018-09-04T21:11:46Z, git hash: 3ce520221d0240229c862b122d2b06c12a625732
2019-10-07 12:46:01,356 [main] INFO  handler.ContextHandler (ContextHandler.java:doStart(781)) - Started o.e.j.s.ServletContextHandler@8e99809{/logs,file:///workdir/hadoop-ozone/integration-test/target/log,AVAILABLE}
2019-10-07 12:46:01,356 [main] INFO  handler.ContextHandler (ContextHandler.java:doStart(781)) - Started o.e.j.s.ServletContextHandler@4d354a3e{/static,file:///workdir/hadoop-ozone/integration-test/target/test-classes/webapps/static,AVAILABLE}
2019-10-07 12:46:01,359 [main] INFO  handler.ContextHandler (ContextHandler.java:doStart(781)) - Started o.e.j.w.WebAppContext@67328bcb{/,file:///workdir/hadoop-ozone/integration-test/target/test-classes/webapps/ozoneManager/,AVAILABLE}{/ozoneManager}
2019-10-07 12:46:01,360 [main] INFO  server.AbstractConnector (AbstractConnector.java:doStart(278)) - Started ServerConnector@51ba952e{HTTP/1.1,[http/1.1]}{0.0.0.0:45022}
2019-10-07 12:46:01,361 [main] INFO  server.Server (Server.java:doStart(419)) - Started @206542ms
2019-10-07 12:46:01,361 [main] WARN  impl.MetricsSystemImpl (MetricsSystemImpl.java:register(276)) - Sink prometheus already exists!
2019-10-07 12:46:01,362 [main] INFO  server.BaseHttpServer (BaseHttpServer.java:updateConnectorAddress(215)) - HTTP server of OZONEMANAGER is listening at http://0.0.0.0:45022
2019-10-07 12:46:01,374 [main] INFO  impl.MetricsSystemImpl (MetricsSystemImpl.java:init(158)) - HddsDatanode metrics system started (again)
2019-10-07 12:46:01,378 [main] INFO  ozone.HddsDatanodeService (HddsDatanodeService.java:start(184)) - HddsDatanodeService host:pr-hdds-2262-rg9fl-2107095119 ip:192.168.30.23
2019-10-07 12:46:01,384 [main] INFO  volume.HddsVolume (HddsVolume.java:<init>(176)) - Creating Volume: /workdir/hadoop-ozone/integration-test/target/test-dir/MiniOzoneClusterImpl-40cf4cc9-95bf-4ba1-95ee-bb8437d0a9c7/datanode-0/data/containers/hdds of  storage type : DISK and capacity : 1482555576320
2019-10-07 12:46:01,384 [main] INFO  volume.VolumeSet (VolumeSet.java:initializeVolumeSet(170)) - Added Volume : /workdir/hadoop-ozone/integration-test/target/test-dir/MiniOzoneClusterImpl-40cf4cc9-95bf-4ba1-95ee-bb8437d0a9c7/datanode-0/data/containers/hdds to VolumeSet
2019-10-07 12:46:01,384 [main] INFO  volume.ThrottledAsyncChecker (ThrottledAsyncChecker.java:schedule(139)) - Scheduling a check for org.apache.hadoop.ozone.container.common.volume.HddsVolume@601d6622
2019-10-07 12:46:01,386 [main] INFO  volume.HddsVolumeChecker (HddsVolumeChecker.java:checkAllVolumes(202)) - Scheduled health check for volume org.apache.hadoop.ozone.container.common.volume.HddsVolume@601d6622
2019-10-07 12:46:01,397 [main] INFO  impl.RaftServerProxy (ConfUtils.java:logGet(43)) - raft.rpc.type = GRPC (default)
2019-10-07 12:46:01,398 [main] INFO  grpc.GrpcFactory (GrpcFactory.java:checkPooledByteBufAllocatorUseCacheForAllThreads(45)) - PERFORMANCE WARNING: useCacheForAllThreads is true that may cause Netty to create a lot garbage objects and, as a result, trigger GC.
	It is recommended to disable useCacheForAllThreads by setting -Dorg.apache.ratis.thirdparty.io.netty.allocator.useCacheForAllThreads=false in command line.
2019-10-07 12:46:01,398 [main] INFO  grpc.GrpcConfigKeys$Server (ConfUtils.java:logGet(43)) - raft.grpc.server.port = 0 (default)
2019-10-07 12:46:01,398 [main] INFO  server.GrpcService (ConfUtils.java:logGet(43)) - raft.grpc.message.size.max = 33570816 (custom)
2019-10-07 12:46:01,398 [main] INFO  server.RaftServerConfigKeys (ConfUtils.java:logGet(43)) - raft.server.log.appender.buffer.byte-limit = 33554432 (custom)
2019-10-07 12:46:01,398 [main] INFO  server.GrpcService (ConfUtils.java:logGet(43)) - raft.grpc.flow.control.window = 1MB (=1048576) (default)
2019-10-07 12:46:01,399 [main] INFO  server.RaftServerConfigKeys (ConfUtils.java:logGet(43)) - raft.server.rpc.request.timeout = 3000ms (default)
2019-10-07 12:46:01,399 [main] INFO  server.RaftServerConfigKeys (ConfUtils.java:logGet(43)) - raft.server.storage.dir = [/workdir/hadoop-ozone/integration-test/target/test-dir/MiniOzoneClusterImpl-40cf4cc9-95bf-4ba1-95ee-bb8437d0a9c7/datanode-0/data/ratis] (custom)
2019-10-07 12:46:01,401 [main] INFO  hdfs.DFSUtil (DFSUtil.java:httpServerTemplateForNNAndJN(1641)) - Starting Web-server for hddsDatanode at: http://0.0.0.0:0
2019-10-07 12:46:01,402 [main] INFO  server.AuthenticationFilter (AuthenticationFilter.java:constructSecretProvider(240)) - Unable to initialize FileSignerSecretProvider, falling back to use random secrets.
2019-10-07 12:46:01,402 [main] WARN  http.HttpRequestLog (HttpRequestLog.java:getRequestLog(97)) - Jetty request log can only be enabled using Log4j
2019-10-07 12:46:01,403 [main] INFO  http.HttpServer2 (HttpServer2.java:addGlobalFilter(975)) - Added global filter 'safety' (class=org.apache.hadoop.http.HttpServer2$QuotingInputFilter)
2019-10-07 12:46:01,404 [main] INFO  http.HttpServer2 (HttpServer2.java:addFilter(948)) - Added filter static_user_filter (class=org.apache.hadoop.http.lib.StaticUserWebFilter$StaticUserFilter) to context hddsDatanode
2019-10-07 12:46:01,404 [main] INFO  http.HttpServer2 (HttpServer2.java:addFilter(958)) - Added filter static_user_filter (class=org.apache.hadoop.http.lib.StaticUserWebFilter$StaticUserFilter) to context logs
2019-10-07 12:46:01,404 [main] INFO  http.HttpServer2 (HttpServer2.java:addFilter(958)) - Added filter static_user_filter (class=org.apache.hadoop.http.lib.StaticUserWebFilter$StaticUserFilter) to context static
2019-10-07 12:46:01,405 [main] INFO  http.HttpServer2 (HttpServer2.java:bindListener(1191)) - Jetty bound to port 39979
2019-10-07 12:46:01,405 [main] INFO  server.Server (Server.java:doStart(351)) - jetty-9.3.25.v20180904, build timestamp: 2018-09-04T21:11:46Z, git hash: 3ce520221d0240229c862b122d2b06c12a625732
2019-10-07 12:46:01,406 [main] INFO  handler.ContextHandler (ContextHandler.java:doStart(781)) - Started o.e.j.s.ServletContextHandler@615efd1c{/logs,file:///workdir/hadoop-ozone/integration-test/target/log,AVAILABLE}
2019-10-07 12:46:01,407 [main] INFO  handler.ContextHandler (ContextHandler.java:doStart(781)) - Started o.e.j.s.ServletContextHandler@2a8dd942{/static,jar:file:/home/user/.m2/repository/org/apache/hadoop/hadoop-hdds-container-service/0.5.0-SNAPSHOT/hadoop-hdds-container-service-0.5.0-SNAPSHOT.jar!/webapps/static,AVAILABLE}
2019-10-07 12:46:01,446 [main] INFO  handler.ContextHandler (ContextHandler.java:doStart(781)) - Started o.e.j.w.WebAppContext@24134cbc{/,file:///tmp/jetty-0.0.0.0-39979-hddsDatanode-_-any-2153702329151540877.dir/webapp/,AVAILABLE}{/hddsDatanode}
2019-10-07 12:46:01,447 [main] INFO  server.AbstractConnector (AbstractConnector.java:doStart(278)) - Started ServerConnector@65da01f4{HTTP/1.1,[http/1.1]}{0.0.0.0:39979}
2019-10-07 12:46:01,449 [main] INFO  server.Server (Server.java:doStart(419)) - Started @206629ms
2019-10-07 12:46:01,449 [main] WARN  impl.MetricsSystemImpl (MetricsSystemImpl.java:register(276)) - Sink prometheus already exists!
2019-10-07 12:46:01,450 [main] INFO  server.BaseHttpServer (BaseHttpServer.java:updateConnectorAddress(215)) - HTTP server of HDDSDATANODE is listening at http://0.0.0.0:39979
2019-10-07 12:46:01,451 [main] INFO  impl.MetricsSystemImpl (MetricsSystemImpl.java:init(158)) - HddsDatanode metrics system started (again)
2019-10-07 12:46:01,454 [org.apache.hadoop.util.JvmPauseMonitor$Monitor@1bfd210c] INFO  util.JvmPauseMonitor (JvmPauseMonitor.java:run(188)) - Starting JVM pause monitor
2019-10-07 12:46:01,455 [main] INFO  ozone.HddsDatanodeService (HddsDatanodeService.java:start(184)) - HddsDatanodeService host:pr-hdds-2262-rg9fl-2107095119 ip:192.168.30.23
2019-10-07 12:46:01,457 [Datanode State Machine Thread - 0] INFO  datanode.InitDatanodeState (InitDatanodeState.java:persistContainerDatanodeDetails(140)) - DatanodeDetails is persisted to /workdir/hadoop-ozone/integration-test/target/test-dir/MiniOzoneClusterImpl-40cf4cc9-95bf-4ba1-95ee-bb8437d0a9c7/datanode-0/meta/datanode.id
2019-10-07 12:46:01,461 [main] INFO  volume.HddsVolume (HddsVolume.java:<init>(176)) - Creating Volume: /workdir/hadoop-ozone/integration-test/target/test-dir/MiniOzoneClusterImpl-40cf4cc9-95bf-4ba1-95ee-bb8437d0a9c7/datanode-1/data/containers/hdds of  storage type : DISK and capacity : 1482555576320
2019-10-07 12:46:01,462 [main] INFO  volume.VolumeSet (VolumeSet.java:initializeVolumeSet(170)) - Added Volume : /workdir/hadoop-ozone/integration-test/target/test-dir/MiniOzoneClusterImpl-40cf4cc9-95bf-4ba1-95ee-bb8437d0a9c7/datanode-1/data/containers/hdds to VolumeSet
2019-10-07 12:46:01,462 [main] INFO  volume.ThrottledAsyncChecker (ThrottledAsyncChecker.java:schedule(139)) - Scheduling a check for org.apache.hadoop.ozone.container.common.volume.HddsVolume@4dc52559
2019-10-07 12:46:01,462 [main] INFO  volume.HddsVolumeChecker (HddsVolumeChecker.java:checkAllVolumes(202)) - Scheduled health check for volume org.apache.hadoop.ozone.container.common.volume.HddsVolume@4dc52559
2019-10-07 12:46:01,475 [main] INFO  impl.RaftServerProxy (ConfUtils.java:logGet(43)) - raft.rpc.type = GRPC (default)
2019-10-07 12:46:01,475 [main] INFO  grpc.GrpcFactory (GrpcFactory.java:checkPooledByteBufAllocatorUseCacheForAllThreads(45)) - PERFORMANCE WARNING: useCacheForAllThreads is true that may cause Netty to create a lot garbage objects and, as a result, trigger GC.
	It is recommended to disable useCacheForAllThreads by setting -Dorg.apache.ratis.thirdparty.io.netty.allocator.useCacheForAllThreads=false in command line.
2019-10-07 12:46:01,475 [main] INFO  grpc.GrpcConfigKeys$Server (ConfUtils.java:logGet(43)) - raft.grpc.server.port = 0 (default)
2019-10-07 12:46:01,475 [main] INFO  server.GrpcService (ConfUtils.java:logGet(43)) - raft.grpc.message.size.max = 33570816 (custom)
2019-10-07 12:46:01,476 [main] INFO  server.RaftServerConfigKeys (ConfUtils.java:logGet(43)) - raft.server.log.appender.buffer.byte-limit = 33554432 (custom)
2019-10-07 12:46:01,476 [main] INFO  server.GrpcService (ConfUtils.java:logGet(43)) - raft.grpc.flow.control.window = 1MB (=1048576) (default)
2019-10-07 12:46:01,476 [main] INFO  server.RaftServerConfigKeys (ConfUtils.java:logGet(43)) - raft.server.rpc.request.timeout = 3000ms (default)
2019-10-07 12:46:01,476 [main] INFO  server.RaftServerConfigKeys (ConfUtils.java:logGet(43)) - raft.server.storage.dir = [/workdir/hadoop-ozone/integration-test/target/test-dir/MiniOzoneClusterImpl-40cf4cc9-95bf-4ba1-95ee-bb8437d0a9c7/datanode-1/data/ratis] (custom)
2019-10-07 12:46:01,478 [main] INFO  hdfs.DFSUtil (DFSUtil.java:httpServerTemplateForNNAndJN(1641)) - Starting Web-server for hddsDatanode at: http://0.0.0.0:0
2019-10-07 12:46:01,479 [main] INFO  server.AuthenticationFilter (AuthenticationFilter.java:constructSecretProvider(240)) - Unable to initialize FileSignerSecretProvider, falling back to use random secrets.
2019-10-07 12:46:01,479 [main] WARN  http.HttpRequestLog (HttpRequestLog.java:getRequestLog(97)) - Jetty request log can only be enabled using Log4j
2019-10-07 12:46:01,480 [main] INFO  http.HttpServer2 (HttpServer2.java:addGlobalFilter(975)) - Added global filter 'safety' (class=org.apache.hadoop.http.HttpServer2$QuotingInputFilter)
2019-10-07 12:46:01,481 [main] INFO  http.HttpServer2 (HttpServer2.java:addFilter(948)) - Added filter static_user_filter (class=org.apache.hadoop.http.lib.StaticUserWebFilter$StaticUserFilter) to context hddsDatanode
2019-10-07 12:46:01,481 [main] INFO  http.HttpServer2 (HttpServer2.java:addFilter(958)) - Added filter static_user_filter (class=org.apache.hadoop.http.lib.StaticUserWebFilter$StaticUserFilter) to context static
2019-10-07 12:46:01,481 [main] INFO  http.HttpServer2 (HttpServer2.java:addFilter(958)) - Added filter static_user_filter (class=org.apache.hadoop.http.lib.StaticUserWebFilter$StaticUserFilter) to context logs
2019-10-07 12:46:01,482 [main] INFO  http.HttpServer2 (HttpServer2.java:bindListener(1191)) - Jetty bound to port 33962
2019-10-07 12:46:01,482 [main] INFO  server.Server (Server.java:doStart(351)) - jetty-9.3.25.v20180904, build timestamp: 2018-09-04T21:11:46Z, git hash: 3ce520221d0240229c862b122d2b06c12a625732
2019-10-07 12:46:01,483 [main] INFO  handler.ContextHandler (ContextHandler.java:doStart(781)) - Started o.e.j.s.ServletContextHandler@2ca54da9{/logs,file:///workdir/hadoop-ozone/integration-test/target/log,AVAILABLE}
2019-10-07 12:46:01,483 [main] INFO  handler.ContextHandler (ContextHandler.java:doStart(781)) - Started o.e.j.s.ServletContextHandler@496cc217{/static,jar:file:/home/user/.m2/repository/org/apache/hadoop/hadoop-hdds-container-service/0.5.0-SNAPSHOT/hadoop-hdds-container-service-0.5.0-SNAPSHOT.jar!/webapps/static,AVAILABLE}
2019-10-07 12:46:01,511 [main] INFO  handler.ContextHandler (ContextHandler.java:doStart(781)) - Started o.e.j.w.WebAppContext@2589d787{/,file:///tmp/jetty-0.0.0.0-33962-hddsDatanode-_-any-5906894833692303375.dir/webapp/,AVAILABLE}{/hddsDatanode}
2019-10-07 12:46:01,512 [main] INFO  server.AbstractConnector (AbstractConnector.java:doStart(278)) - Started ServerConnector@1788cb61{HTTP/1.1,[http/1.1]}{0.0.0.0:33962}
2019-10-07 12:46:01,513 [main] INFO  server.Server (Server.java:doStart(419)) - Started @206694ms
2019-10-07 12:46:01,514 [main] WARN  impl.MetricsSystemImpl (MetricsSystemImpl.java:register(276)) - Sink prometheus already exists!
2019-10-07 12:46:01,514 [main] INFO  server.BaseHttpServer (BaseHttpServer.java:updateConnectorAddress(215)) - HTTP server of HDDSDATANODE is listening at http://0.0.0.0:33962
2019-10-07 12:46:01,514 [main] INFO  impl.MetricsSystemImpl (MetricsSystemImpl.java:init(158)) - HddsDatanode metrics system started (again)
2019-10-07 12:46:01,518 [org.apache.hadoop.util.JvmPauseMonitor$Monitor@7c7b6ced] INFO  util.JvmPauseMonitor (JvmPauseMonitor.java:run(188)) - Starting JVM pause monitor
2019-10-07 12:46:01,519 [main] INFO  ozone.HddsDatanodeService (HddsDatanodeService.java:start(184)) - HddsDatanodeService host:pr-hdds-2262-rg9fl-2107095119 ip:192.168.30.23
2019-10-07 12:46:01,520 [Datanode State Machine Thread - 0] INFO  datanode.InitDatanodeState (InitDatanodeState.java:persistContainerDatanodeDetails(140)) - DatanodeDetails is persisted to /workdir/hadoop-ozone/integration-test/target/test-dir/MiniOzoneClusterImpl-40cf4cc9-95bf-4ba1-95ee-bb8437d0a9c7/datanode-1/meta/datanode.id
2019-10-07 12:46:01,525 [main] INFO  volume.HddsVolume (HddsVolume.java:<init>(176)) - Creating Volume: /workdir/hadoop-ozone/integration-test/target/test-dir/MiniOzoneClusterImpl-40cf4cc9-95bf-4ba1-95ee-bb8437d0a9c7/datanode-2/data/containers/hdds of  storage type : DISK and capacity : 1482555576320
2019-10-07 12:46:01,525 [main] INFO  volume.VolumeSet (VolumeSet.java:initializeVolumeSet(170)) - Added Volume : /workdir/hadoop-ozone/integration-test/target/test-dir/MiniOzoneClusterImpl-40cf4cc9-95bf-4ba1-95ee-bb8437d0a9c7/datanode-2/data/containers/hdds to VolumeSet
2019-10-07 12:46:01,526 [main] INFO  volume.ThrottledAsyncChecker (ThrottledAsyncChecker.java:schedule(139)) - Scheduling a check for org.apache.hadoop.ozone.container.common.volume.HddsVolume@45037e16
2019-10-07 12:46:01,526 [main] INFO  volume.HddsVolumeChecker (HddsVolumeChecker.java:checkAllVolumes(202)) - Scheduled health check for volume org.apache.hadoop.ozone.container.common.volume.HddsVolume@45037e16
2019-10-07 12:46:01,541 [main] INFO  impl.RaftServerProxy (ConfUtils.java:logGet(43)) - raft.rpc.type = GRPC (default)
2019-10-07 12:46:01,541 [main] INFO  grpc.GrpcFactory (GrpcFactory.java:checkPooledByteBufAllocatorUseCacheForAllThreads(45)) - PERFORMANCE WARNING: useCacheForAllThreads is true that may cause Netty to create a lot garbage objects and, as a result, trigger GC.
	It is recommended to disable useCacheForAllThreads by setting -Dorg.apache.ratis.thirdparty.io.netty.allocator.useCacheForAllThreads=false in command line.
2019-10-07 12:46:01,541 [main] INFO  grpc.GrpcConfigKeys$Server (ConfUtils.java:logGet(43)) - raft.grpc.server.port = 0 (default)
2019-10-07 12:46:01,541 [main] INFO  server.GrpcService (ConfUtils.java:logGet(43)) - raft.grpc.message.size.max = 33570816 (custom)
2019-10-07 12:46:01,542 [main] INFO  server.RaftServerConfigKeys (ConfUtils.java:logGet(43)) - raft.server.log.appender.buffer.byte-limit = 33554432 (custom)
2019-10-07 12:46:01,542 [main] INFO  server.GrpcService (ConfUtils.java:logGet(43)) - raft.grpc.flow.control.window = 1MB (=1048576) (default)
2019-10-07 12:46:01,542 [main] INFO  server.RaftServerConfigKeys (ConfUtils.java:logGet(43)) - raft.server.rpc.request.timeout = 3000ms (default)
2019-10-07 12:46:01,542 [main] INFO  server.RaftServerConfigKeys (ConfUtils.java:logGet(43)) - raft.server.storage.dir = [/workdir/hadoop-ozone/integration-test/target/test-dir/MiniOzoneClusterImpl-40cf4cc9-95bf-4ba1-95ee-bb8437d0a9c7/datanode-2/data/ratis] (custom)
2019-10-07 12:46:01,544 [main] INFO  hdfs.DFSUtil (DFSUtil.java:httpServerTemplateForNNAndJN(1641)) - Starting Web-server for hddsDatanode at: http://0.0.0.0:0
2019-10-07 12:46:01,545 [main] INFO  server.AuthenticationFilter (AuthenticationFilter.java:constructSecretProvider(240)) - Unable to initialize FileSignerSecretProvider, falling back to use random secrets.
2019-10-07 12:46:01,545 [main] WARN  http.HttpRequestLog (HttpRequestLog.java:getRequestLog(97)) - Jetty request log can only be enabled using Log4j
2019-10-07 12:46:01,546 [main] INFO  http.HttpServer2 (HttpServer2.java:addGlobalFilter(975)) - Added global filter 'safety' (class=org.apache.hadoop.http.HttpServer2$QuotingInputFilter)
2019-10-07 12:46:01,547 [main] INFO  http.HttpServer2 (HttpServer2.java:addFilter(948)) - Added filter static_user_filter (class=org.apache.hadoop.http.lib.StaticUserWebFilter$StaticUserFilter) to context hddsDatanode
2019-10-07 12:46:01,547 [main] INFO  http.HttpServer2 (HttpServer2.java:addFilter(958)) - Added filter static_user_filter (class=org.apache.hadoop.http.lib.StaticUserWebFilter$StaticUserFilter) to context static
2019-10-07 12:46:01,547 [main] INFO  http.HttpServer2 (HttpServer2.java:addFilter(958)) - Added filter static_user_filter (class=org.apache.hadoop.http.lib.StaticUserWebFilter$StaticUserFilter) to context logs
2019-10-07 12:46:01,548 [main] INFO  http.HttpServer2 (HttpServer2.java:bindListener(1191)) - Jetty bound to port 36078
2019-10-07 12:46:01,548 [main] INFO  server.Server (Server.java:doStart(351)) - jetty-9.3.25.v20180904, build timestamp: 2018-09-04T21:11:46Z, git hash: 3ce520221d0240229c862b122d2b06c12a625732
2019-10-07 12:46:01,549 [main] INFO  handler.ContextHandler (ContextHandler.java:doStart(781)) - Started o.e.j.s.ServletContextHandler@42c12b3e{/logs,file:///workdir/hadoop-ozone/integration-test/target/log,AVAILABLE}
2019-10-07 12:46:01,550 [main] INFO  handler.ContextHandler (ContextHandler.java:doStart(781)) - Started o.e.j.s.ServletContextHandler@46f73ffa{/static,jar:file:/home/user/.m2/repository/org/apache/hadoop/hadoop-hdds-container-service/0.5.0-SNAPSHOT/hadoop-hdds-container-service-0.5.0-SNAPSHOT.jar!/webapps/static,AVAILABLE}
2019-10-07 12:46:01,588 [main] INFO  handler.ContextHandler (ContextHandler.java:doStart(781)) - Started o.e.j.w.WebAppContext@6629643d{/,file:///tmp/jetty-0.0.0.0-36078-hddsDatanode-_-any-991198766715615515.dir/webapp/,AVAILABLE}{/hddsDatanode}
2019-10-07 12:46:01,589 [main] INFO  server.AbstractConnector (AbstractConnector.java:doStart(278)) - Started ServerConnector@2dd178f3{HTTP/1.1,[http/1.1]}{0.0.0.0:36078}
2019-10-07 12:46:01,591 [main] INFO  server.Server (Server.java:doStart(419)) - Started @206771ms
2019-10-07 12:46:01,591 [main] WARN  impl.MetricsSystemImpl (MetricsSystemImpl.java:register(276)) - Sink prometheus already exists!
2019-10-07 12:46:01,592 [main] INFO  server.BaseHttpServer (BaseHttpServer.java:updateConnectorAddress(215)) - HTTP server of HDDSDATANODE is listening at http://0.0.0.0:36078
2019-10-07 12:46:01,592 [main] INFO  impl.MetricsSystemImpl (MetricsSystemImpl.java:init(158)) - HddsDatanode metrics system started (again)
2019-10-07 12:46:01,596 [org.apache.hadoop.util.JvmPauseMonitor$Monitor@5fa94d1f] INFO  util.JvmPauseMonitor (JvmPauseMonitor.java:run(188)) - Starting JVM pause monitor
2019-10-07 12:46:01,597 [main] INFO  ozone.HddsDatanodeService (HddsDatanodeService.java:start(184)) - HddsDatanodeService host:pr-hdds-2262-rg9fl-2107095119 ip:192.168.30.23
2019-10-07 12:46:01,597 [Datanode State Machine Thread - 0] INFO  datanode.InitDatanodeState (InitDatanodeState.java:persistContainerDatanodeDetails(140)) - DatanodeDetails is persisted to /workdir/hadoop-ozone/integration-test/target/test-dir/MiniOzoneClusterImpl-40cf4cc9-95bf-4ba1-95ee-bb8437d0a9c7/datanode-2/meta/datanode.id
2019-10-07 12:46:01,603 [main] INFO  volume.HddsVolume (HddsVolume.java:<init>(176)) - Creating Volume: /workdir/hadoop-ozone/integration-test/target/test-dir/MiniOzoneClusterImpl-40cf4cc9-95bf-4ba1-95ee-bb8437d0a9c7/datanode-3/data/containers/hdds of  storage type : DISK and capacity : 1482555576320
2019-10-07 12:46:01,603 [main] INFO  volume.VolumeSet (VolumeSet.java:initializeVolumeSet(170)) - Added Volume : /workdir/hadoop-ozone/integration-test/target/test-dir/MiniOzoneClusterImpl-40cf4cc9-95bf-4ba1-95ee-bb8437d0a9c7/datanode-3/data/containers/hdds to VolumeSet
2019-10-07 12:46:01,603 [main] INFO  volume.ThrottledAsyncChecker (ThrottledAsyncChecker.java:schedule(139)) - Scheduling a check for org.apache.hadoop.ozone.container.common.volume.HddsVolume@64f4f12
2019-10-07 12:46:01,604 [main] INFO  volume.HddsVolumeChecker (HddsVolumeChecker.java:checkAllVolumes(202)) - Scheduled health check for volume org.apache.hadoop.ozone.container.common.volume.HddsVolume@64f4f12
2019-10-07 12:46:01,616 [main] INFO  impl.RaftServerProxy (ConfUtils.java:logGet(43)) - raft.rpc.type = GRPC (default)
2019-10-07 12:46:01,616 [main] INFO  grpc.GrpcFactory (GrpcFactory.java:checkPooledByteBufAllocatorUseCacheForAllThreads(45)) - PERFORMANCE WARNING: useCacheForAllThreads is true that may cause Netty to create a lot garbage objects and, as a result, trigger GC.
	It is recommended to disable useCacheForAllThreads by setting -Dorg.apache.ratis.thirdparty.io.netty.allocator.useCacheForAllThreads=false in command line.
2019-10-07 12:46:01,616 [main] INFO  grpc.GrpcConfigKeys$Server (ConfUtils.java:logGet(43)) - raft.grpc.server.port = 0 (default)
2019-10-07 12:46:01,617 [main] INFO  server.GrpcService (ConfUtils.java:logGet(43)) - raft.grpc.message.size.max = 33570816 (custom)
2019-10-07 12:46:01,617 [main] INFO  server.RaftServerConfigKeys (ConfUtils.java:logGet(43)) - raft.server.log.appender.buffer.byte-limit = 33554432 (custom)
2019-10-07 12:46:01,617 [main] INFO  server.GrpcService (ConfUtils.java:logGet(43)) - raft.grpc.flow.control.window = 1MB (=1048576) (default)
2019-10-07 12:46:01,617 [main] INFO  server.RaftServerConfigKeys (ConfUtils.java:logGet(43)) - raft.server.rpc.request.timeout = 3000ms (default)
2019-10-07 12:46:01,618 [main] INFO  server.RaftServerConfigKeys (ConfUtils.java:logGet(43)) - raft.server.storage.dir = [/workdir/hadoop-ozone/integration-test/target/test-dir/MiniOzoneClusterImpl-40cf4cc9-95bf-4ba1-95ee-bb8437d0a9c7/datanode-3/data/ratis] (custom)
2019-10-07 12:46:01,619 [main] INFO  hdfs.DFSUtil (DFSUtil.java:httpServerTemplateForNNAndJN(1641)) - Starting Web-server for hddsDatanode at: http://0.0.0.0:0
2019-10-07 12:46:01,620 [main] INFO  server.AuthenticationFilter (AuthenticationFilter.java:constructSecretProvider(240)) - Unable to initialize FileSignerSecretProvider, falling back to use random secrets.
2019-10-07 12:46:01,621 [main] WARN  http.HttpRequestLog (HttpRequestLog.java:getRequestLog(97)) - Jetty request log can only be enabled using Log4j
2019-10-07 12:46:01,622 [main] INFO  http.HttpServer2 (HttpServer2.java:addGlobalFilter(975)) - Added global filter 'safety' (class=org.apache.hadoop.http.HttpServer2$QuotingInputFilter)
2019-10-07 12:46:01,623 [main] INFO  http.HttpServer2 (HttpServer2.java:addFilter(948)) - Added filter static_user_filter (class=org.apache.hadoop.http.lib.StaticUserWebFilter$StaticUserFilter) to context hddsDatanode
2019-10-07 12:46:01,623 [main] INFO  http.HttpServer2 (HttpServer2.java:addFilter(958)) - Added filter static_user_filter (class=org.apache.hadoop.http.lib.StaticUserWebFilter$StaticUserFilter) to context static
2019-10-07 12:46:01,623 [main] INFO  http.HttpServer2 (HttpServer2.java:addFilter(958)) - Added filter static_user_filter (class=org.apache.hadoop.http.lib.StaticUserWebFilter$StaticUserFilter) to context logs
2019-10-07 12:46:01,624 [main] INFO  http.HttpServer2 (HttpServer2.java:bindListener(1191)) - Jetty bound to port 34385
2019-10-07 12:46:01,624 [main] INFO  server.Server (Server.java:doStart(351)) - jetty-9.3.25.v20180904, build timestamp: 2018-09-04T21:11:46Z, git hash: 3ce520221d0240229c862b122d2b06c12a625732
2019-10-07 12:46:01,626 [main] INFO  handler.ContextHandler (ContextHandler.java:doStart(781)) - Started o.e.j.s.ServletContextHandler@5d7dd549{/logs,file:///workdir/hadoop-ozone/integration-test/target/log,AVAILABLE}
2019-10-07 12:46:01,626 [main] INFO  handler.ContextHandler (ContextHandler.java:doStart(781)) - Started o.e.j.s.ServletContextHandler@6459f4ea{/static,jar:file:/home/user/.m2/repository/org/apache/hadoop/hadoop-hdds-container-service/0.5.0-SNAPSHOT/hadoop-hdds-container-service-0.5.0-SNAPSHOT.jar!/webapps/static,AVAILABLE}
2019-10-07 12:46:01,656 [main] INFO  handler.ContextHandler (ContextHandler.java:doStart(781)) - Started o.e.j.w.WebAppContext@581c9bb7{/,file:///tmp/jetty-0.0.0.0-34385-hddsDatanode-_-any-6527986069577995253.dir/webapp/,AVAILABLE}{/hddsDatanode}
2019-10-07 12:46:01,656 [main] INFO  server.AbstractConnector (AbstractConnector.java:doStart(278)) - Started ServerConnector@138f0661{HTTP/1.1,[http/1.1]}{0.0.0.0:34385}
2019-10-07 12:46:01,658 [main] INFO  server.Server (Server.java:doStart(419)) - Started @206838ms
2019-10-07 12:46:01,658 [main] WARN  impl.MetricsSystemImpl (MetricsSystemImpl.java:register(276)) - Sink prometheus already exists!
2019-10-07 12:46:01,659 [main] INFO  server.BaseHttpServer (BaseHttpServer.java:updateConnectorAddress(215)) - HTTP server of HDDSDATANODE is listening at http://0.0.0.0:34385
2019-10-07 12:46:01,659 [main] INFO  impl.MetricsSystemImpl (MetricsSystemImpl.java:init(158)) - HddsDatanode metrics system started (again)
2019-10-07 12:46:01,660 [org.apache.hadoop.util.JvmPauseMonitor$Monitor@73813af2] INFO  util.JvmPauseMonitor (JvmPauseMonitor.java:run(188)) - Starting JVM pause monitor
2019-10-07 12:46:01,667 [Datanode State Machine Thread - 0] INFO  datanode.InitDatanodeState (InitDatanodeState.java:persistContainerDatanodeDetails(140)) - DatanodeDetails is persisted to /workdir/hadoop-ozone/integration-test/target/test-dir/MiniOzoneClusterImpl-40cf4cc9-95bf-4ba1-95ee-bb8437d0a9c7/datanode-3/meta/datanode.id
2019-10-07 12:46:01,667 [main] INFO  ozone.HddsDatanodeService (HddsDatanodeService.java:start(184)) - HddsDatanodeService host:pr-hdds-2262-rg9fl-2107095119 ip:192.168.30.23
2019-10-07 12:46:01,674 [main] INFO  volume.HddsVolume (HddsVolume.java:<init>(176)) - Creating Volume: /workdir/hadoop-ozone/integration-test/target/test-dir/MiniOzoneClusterImpl-40cf4cc9-95bf-4ba1-95ee-bb8437d0a9c7/datanode-4/data/containers/hdds of  storage type : DISK and capacity : 1482555576320
2019-10-07 12:46:01,674 [main] INFO  volume.VolumeSet (VolumeSet.java:initializeVolumeSet(170)) - Added Volume : /workdir/hadoop-ozone/integration-test/target/test-dir/MiniOzoneClusterImpl-40cf4cc9-95bf-4ba1-95ee-bb8437d0a9c7/datanode-4/data/containers/hdds to VolumeSet
2019-10-07 12:46:01,674 [main] INFO  volume.ThrottledAsyncChecker (ThrottledAsyncChecker.java:schedule(139)) - Scheduling a check for org.apache.hadoop.ozone.container.common.volume.HddsVolume@6f50d55c
2019-10-07 12:46:01,676 [main] INFO  volume.HddsVolumeChecker (HddsVolumeChecker.java:checkAllVolumes(202)) - Scheduled health check for volume org.apache.hadoop.ozone.container.common.volume.HddsVolume@6f50d55c
2019-10-07 12:46:01,694 [main] INFO  impl.RaftServerProxy (ConfUtils.java:logGet(43)) - raft.rpc.type = GRPC (default)
2019-10-07 12:46:01,695 [main] INFO  grpc.GrpcFactory (GrpcFactory.java:checkPooledByteBufAllocatorUseCacheForAllThreads(45)) - PERFORMANCE WARNING: useCacheForAllThreads is true that may cause Netty to create a lot garbage objects and, as a result, trigger GC.
	It is recommended to disable useCacheForAllThreads by setting -Dorg.apache.ratis.thirdparty.io.netty.allocator.useCacheForAllThreads=false in command line.
2019-10-07 12:46:01,695 [main] INFO  grpc.GrpcConfigKeys$Server (ConfUtils.java:logGet(43)) - raft.grpc.server.port = 0 (default)
2019-10-07 12:46:01,695 [main] INFO  server.GrpcService (ConfUtils.java:logGet(43)) - raft.grpc.message.size.max = 33570816 (custom)
2019-10-07 12:46:01,696 [main] INFO  server.RaftServerConfigKeys (ConfUtils.java:logGet(43)) - raft.server.log.appender.buffer.byte-limit = 33554432 (custom)
2019-10-07 12:46:01,696 [main] INFO  server.GrpcService (ConfUtils.java:logGet(43)) - raft.grpc.flow.control.window = 1MB (=1048576) (default)
2019-10-07 12:46:01,696 [main] INFO  server.RaftServerConfigKeys (ConfUtils.java:logGet(43)) - raft.server.rpc.request.timeout = 3000ms (default)
2019-10-07 12:46:01,697 [main] INFO  server.RaftServerConfigKeys (ConfUtils.java:logGet(43)) - raft.server.storage.dir = [/workdir/hadoop-ozone/integration-test/target/test-dir/MiniOzoneClusterImpl-40cf4cc9-95bf-4ba1-95ee-bb8437d0a9c7/datanode-4/data/ratis] (custom)
2019-10-07 12:46:01,698 [main] INFO  hdfs.DFSUtil (DFSUtil.java:httpServerTemplateForNNAndJN(1641)) - Starting Web-server for hddsDatanode at: http://0.0.0.0:0
2019-10-07 12:46:01,699 [main] INFO  server.AuthenticationFilter (AuthenticationFilter.java:constructSecretProvider(240)) - Unable to initialize FileSignerSecretProvider, falling back to use random secrets.
2019-10-07 12:46:01,700 [main] WARN  http.HttpRequestLog (HttpRequestLog.java:getRequestLog(97)) - Jetty request log can only be enabled using Log4j
2019-10-07 12:46:01,701 [main] INFO  http.HttpServer2 (HttpServer2.java:addGlobalFilter(975)) - Added global filter 'safety' (class=org.apache.hadoop.http.HttpServer2$QuotingInputFilter)
2019-10-07 12:46:01,701 [main] INFO  http.HttpServer2 (HttpServer2.java:addFilter(948)) - Added filter static_user_filter (class=org.apache.hadoop.http.lib.StaticUserWebFilter$StaticUserFilter) to context hddsDatanode
2019-10-07 12:46:01,701 [main] INFO  http.HttpServer2 (HttpServer2.java:addFilter(958)) - Added filter static_user_filter (class=org.apache.hadoop.http.lib.StaticUserWebFilter$StaticUserFilter) to context static
2019-10-07 12:46:01,702 [main] INFO  http.HttpServer2 (HttpServer2.java:addFilter(958)) - Added filter static_user_filter (class=org.apache.hadoop.http.lib.StaticUserWebFilter$StaticUserFilter) to context logs
2019-10-07 12:46:01,702 [main] INFO  http.HttpServer2 (HttpServer2.java:bindListener(1191)) - Jetty bound to port 37775
2019-10-07 12:46:01,702 [main] INFO  server.Server (Server.java:doStart(351)) - jetty-9.3.25.v20180904, build timestamp: 2018-09-04T21:11:46Z, git hash: 3ce520221d0240229c862b122d2b06c12a625732
2019-10-07 12:46:01,704 [main] INFO  handler.ContextHandler (ContextHandler.java:doStart(781)) - Started o.e.j.s.ServletContextHandler@7d37ee0c{/logs,file:///workdir/hadoop-ozone/integration-test/target/log,AVAILABLE}
2019-10-07 12:46:01,704 [main] INFO  handler.ContextHandler (ContextHandler.java:doStart(781)) - Started o.e.j.s.ServletContextHandler@4602f874{/static,jar:file:/home/user/.m2/repository/org/apache/hadoop/hadoop-hdds-container-service/0.5.0-SNAPSHOT/hadoop-hdds-container-service-0.5.0-SNAPSHOT.jar!/webapps/static,AVAILABLE}
2019-10-07 12:46:01,732 [main] INFO  handler.ContextHandler (ContextHandler.java:doStart(781)) - Started o.e.j.w.WebAppContext@5d1bdd4a{/,file:///tmp/jetty-0.0.0.0-37775-hddsDatanode-_-any-6161744981915453952.dir/webapp/,AVAILABLE}{/hddsDatanode}
2019-10-07 12:46:01,732 [main] INFO  server.AbstractConnector (AbstractConnector.java:doStart(278)) - Started ServerConnector@6812c8cc{HTTP/1.1,[http/1.1]}{0.0.0.0:37775}
2019-10-07 12:46:01,734 [main] INFO  server.Server (Server.java:doStart(419)) - Started @206915ms
2019-10-07 12:46:01,735 [main] WARN  impl.MetricsSystemImpl (MetricsSystemImpl.java:register(276)) - Sink prometheus already exists!
2019-10-07 12:46:01,735 [main] INFO  server.BaseHttpServer (BaseHttpServer.java:updateConnectorAddress(215)) - HTTP server of HDDSDATANODE is listening at http://0.0.0.0:37775
2019-10-07 12:46:01,735 [main] INFO  impl.MetricsSystemImpl (MetricsSystemImpl.java:init(158)) - HddsDatanode metrics system started (again)
2019-10-07 12:46:01,740 [org.apache.hadoop.util.JvmPauseMonitor$Monitor@197292a1] INFO  util.JvmPauseMonitor (JvmPauseMonitor.java:run(188)) - Starting JVM pause monitor
2019-10-07 12:46:01,741 [main] INFO  ozone.HddsDatanodeService (HddsDatanodeService.java:start(184)) - HddsDatanodeService host:pr-hdds-2262-rg9fl-2107095119 ip:192.168.30.23
2019-10-07 12:46:01,742 [Datanode State Machine Thread - 0] INFO  datanode.InitDatanodeState (InitDatanodeState.java:persistContainerDatanodeDetails(140)) - DatanodeDetails is persisted to /workdir/hadoop-ozone/integration-test/target/test-dir/MiniOzoneClusterImpl-40cf4cc9-95bf-4ba1-95ee-bb8437d0a9c7/datanode-4/meta/datanode.id
2019-10-07 12:46:01,747 [main] INFO  volume.HddsVolume (HddsVolume.java:<init>(176)) - Creating Volume: /workdir/hadoop-ozone/integration-test/target/test-dir/MiniOzoneClusterImpl-40cf4cc9-95bf-4ba1-95ee-bb8437d0a9c7/datanode-5/data/containers/hdds of  storage type : DISK and capacity : 1482555576320
2019-10-07 12:46:01,747 [main] INFO  volume.VolumeSet (VolumeSet.java:initializeVolumeSet(170)) - Added Volume : /workdir/hadoop-ozone/integration-test/target/test-dir/MiniOzoneClusterImpl-40cf4cc9-95bf-4ba1-95ee-bb8437d0a9c7/datanode-5/data/containers/hdds to VolumeSet
2019-10-07 12:46:01,747 [main] INFO  volume.ThrottledAsyncChecker (ThrottledAsyncChecker.java:schedule(139)) - Scheduling a check for org.apache.hadoop.ozone.container.common.volume.HddsVolume@546ed2a0
2019-10-07 12:46:01,748 [main] INFO  volume.HddsVolumeChecker (HddsVolumeChecker.java:checkAllVolumes(202)) - Scheduled health check for volume org.apache.hadoop.ozone.container.common.volume.HddsVolume@546ed2a0
2019-10-07 12:46:01,760 [main] INFO  impl.RaftServerProxy (ConfUtils.java:logGet(43)) - raft.rpc.type = GRPC (default)
2019-10-07 12:46:01,760 [main] INFO  grpc.GrpcFactory (GrpcFactory.java:checkPooledByteBufAllocatorUseCacheForAllThreads(45)) - PERFORMANCE WARNING: useCacheForAllThreads is true that may cause Netty to create a lot garbage objects and, as a result, trigger GC.
	It is recommended to disable useCacheForAllThreads by setting -Dorg.apache.ratis.thirdparty.io.netty.allocator.useCacheForAllThreads=false in command line.
2019-10-07 12:46:01,761 [main] INFO  grpc.GrpcConfigKeys$Server (ConfUtils.java:logGet(43)) - raft.grpc.server.port = 0 (default)
2019-10-07 12:46:01,761 [main] INFO  server.GrpcService (ConfUtils.java:logGet(43)) - raft.grpc.message.size.max = 33570816 (custom)
2019-10-07 12:46:01,761 [main] INFO  server.RaftServerConfigKeys (ConfUtils.java:logGet(43)) - raft.server.log.appender.buffer.byte-limit = 33554432 (custom)
2019-10-07 12:46:01,761 [main] INFO  server.GrpcService (ConfUtils.java:logGet(43)) - raft.grpc.flow.control.window = 1MB (=1048576) (default)
2019-10-07 12:46:01,761 [main] INFO  server.RaftServerConfigKeys (ConfUtils.java:logGet(43)) - raft.server.rpc.request.timeout = 3000ms (default)
2019-10-07 12:46:01,762 [main] INFO  server.RaftServerConfigKeys (ConfUtils.java:logGet(43)) - raft.server.storage.dir = [/workdir/hadoop-ozone/integration-test/target/test-dir/MiniOzoneClusterImpl-40cf4cc9-95bf-4ba1-95ee-bb8437d0a9c7/datanode-5/data/ratis] (custom)
2019-10-07 12:46:01,763 [main] INFO  hdfs.DFSUtil (DFSUtil.java:httpServerTemplateForNNAndJN(1641)) - Starting Web-server for hddsDatanode at: http://0.0.0.0:0
2019-10-07 12:46:01,764 [main] INFO  server.AuthenticationFilter (AuthenticationFilter.java:constructSecretProvider(240)) - Unable to initialize FileSignerSecretProvider, falling back to use random secrets.
2019-10-07 12:46:01,764 [main] WARN  http.HttpRequestLog (HttpRequestLog.java:getRequestLog(97)) - Jetty request log can only be enabled using Log4j
2019-10-07 12:46:01,765 [main] INFO  http.HttpServer2 (HttpServer2.java:addGlobalFilter(975)) - Added global filter 'safety' (class=org.apache.hadoop.http.HttpServer2$QuotingInputFilter)
2019-10-07 12:46:01,766 [main] INFO  http.HttpServer2 (HttpServer2.java:addFilter(948)) - Added filter static_user_filter (class=org.apache.hadoop.http.lib.StaticUserWebFilter$StaticUserFilter) to context hddsDatanode
2019-10-07 12:46:01,766 [main] INFO  http.HttpServer2 (HttpServer2.java:addFilter(958)) - Added filter static_user_filter (class=org.apache.hadoop.http.lib.StaticUserWebFilter$StaticUserFilter) to context logs
2019-10-07 12:46:01,766 [main] INFO  http.HttpServer2 (HttpServer2.java:addFilter(958)) - Added filter static_user_filter (class=org.apache.hadoop.http.lib.StaticUserWebFilter$StaticUserFilter) to context static
2019-10-07 12:46:01,767 [main] INFO  http.HttpServer2 (HttpServer2.java:bindListener(1191)) - Jetty bound to port 35742
2019-10-07 12:46:01,767 [main] INFO  server.Server (Server.java:doStart(351)) - jetty-9.3.25.v20180904, build timestamp: 2018-09-04T21:11:46Z, git hash: 3ce520221d0240229c862b122d2b06c12a625732
2019-10-07 12:46:01,768 [main] INFO  handler.ContextHandler (ContextHandler.java:doStart(781)) - Started o.e.j.s.ServletContextHandler@143fefaf{/logs,file:///workdir/hadoop-ozone/integration-test/target/log,AVAILABLE}
2019-10-07 12:46:01,768 [main] INFO  handler.ContextHandler (ContextHandler.java:doStart(781)) - Started o.e.j.s.ServletContextHandler@46468f0{/static,jar:file:/home/user/.m2/repository/org/apache/hadoop/hadoop-hdds-container-service/0.5.0-SNAPSHOT/hadoop-hdds-container-service-0.5.0-SNAPSHOT.jar!/webapps/static,AVAILABLE}
2019-10-07 12:46:01,796 [main] INFO  handler.ContextHandler (ContextHandler.java:doStart(781)) - Started o.e.j.w.WebAppContext@75793f17{/,file:///tmp/jetty-0.0.0.0-35742-hddsDatanode-_-any-388969978707688936.dir/webapp/,AVAILABLE}{/hddsDatanode}
2019-10-07 12:46:01,797 [main] INFO  server.AbstractConnector (AbstractConnector.java:doStart(278)) - Started ServerConnector@4652c74d{HTTP/1.1,[http/1.1]}{0.0.0.0:35742}
2019-10-07 12:46:01,799 [main] INFO  server.Server (Server.java:doStart(419)) - Started @206979ms
2019-10-07 12:46:01,799 [main] WARN  impl.MetricsSystemImpl (MetricsSystemImpl.java:register(276)) - Sink prometheus already exists!
2019-10-07 12:46:01,800 [main] INFO  server.BaseHttpServer (BaseHttpServer.java:updateConnectorAddress(215)) - HTTP server of HDDSDATANODE is listening at http://0.0.0.0:35742
2019-10-07 12:46:01,800 [main] INFO  impl.MetricsSystemImpl (MetricsSystemImpl.java:init(158)) - HddsDatanode metrics system started (again)
2019-10-07 12:46:01,806 [org.apache.hadoop.util.JvmPauseMonitor$Monitor@9019052] INFO  util.JvmPauseMonitor (JvmPauseMonitor.java:run(188)) - Starting JVM pause monitor
2019-10-07 12:46:01,806 [main] INFO  ozone.HddsDatanodeService (HddsDatanodeService.java:start(184)) - HddsDatanodeService host:pr-hdds-2262-rg9fl-2107095119 ip:192.168.30.23
2019-10-07 12:46:01,807 [Datanode State Machine Thread - 0] INFO  datanode.InitDatanodeState (InitDatanodeState.java:persistContainerDatanodeDetails(140)) - DatanodeDetails is persisted to /workdir/hadoop-ozone/integration-test/target/test-dir/MiniOzoneClusterImpl-40cf4cc9-95bf-4ba1-95ee-bb8437d0a9c7/datanode-5/meta/datanode.id
2019-10-07 12:46:01,813 [main] INFO  volume.HddsVolume (HddsVolume.java:<init>(176)) - Creating Volume: /workdir/hadoop-ozone/integration-test/target/test-dir/MiniOzoneClusterImpl-40cf4cc9-95bf-4ba1-95ee-bb8437d0a9c7/datanode-6/data/containers/hdds of  storage type : DISK and capacity : 1482555576320
2019-10-07 12:46:01,813 [main] INFO  volume.VolumeSet (VolumeSet.java:initializeVolumeSet(170)) - Added Volume : /workdir/hadoop-ozone/integration-test/target/test-dir/MiniOzoneClusterImpl-40cf4cc9-95bf-4ba1-95ee-bb8437d0a9c7/datanode-6/data/containers/hdds to VolumeSet
2019-10-07 12:46:01,814 [main] INFO  volume.ThrottledAsyncChecker (ThrottledAsyncChecker.java:schedule(139)) - Scheduling a check for org.apache.hadoop.ozone.container.common.volume.HddsVolume@234cd86c
2019-10-07 12:46:01,814 [main] INFO  volume.HddsVolumeChecker (HddsVolumeChecker.java:checkAllVolumes(202)) - Scheduled health check for volume org.apache.hadoop.ozone.container.common.volume.HddsVolume@234cd86c
2019-10-07 12:46:01,829 [main] INFO  impl.RaftServerProxy (ConfUtils.java:logGet(43)) - raft.rpc.type = GRPC (default)
2019-10-07 12:46:01,829 [main] INFO  grpc.GrpcFactory (GrpcFactory.java:checkPooledByteBufAllocatorUseCacheForAllThreads(45)) - PERFORMANCE WARNING: useCacheForAllThreads is true that may cause Netty to create a lot garbage objects and, as a result, trigger GC.
	It is recommended to disable useCacheForAllThreads by setting -Dorg.apache.ratis.thirdparty.io.netty.allocator.useCacheForAllThreads=false in command line.
2019-10-07 12:46:01,829 [main] INFO  grpc.GrpcConfigKeys$Server (ConfUtils.java:logGet(43)) - raft.grpc.server.port = 0 (default)
2019-10-07 12:46:01,829 [main] INFO  server.GrpcService (ConfUtils.java:logGet(43)) - raft.grpc.message.size.max = 33570816 (custom)
2019-10-07 12:46:01,829 [main] INFO  server.RaftServerConfigKeys (ConfUtils.java:logGet(43)) - raft.server.log.appender.buffer.byte-limit = 33554432 (custom)
2019-10-07 12:46:01,830 [main] INFO  server.GrpcService (ConfUtils.java:logGet(43)) - raft.grpc.flow.control.window = 1MB (=1048576) (default)
2019-10-07 12:46:01,830 [main] INFO  server.RaftServerConfigKeys (ConfUtils.java:logGet(43)) - raft.server.rpc.request.timeout = 3000ms (default)
2019-10-07 12:46:01,830 [main] INFO  server.RaftServerConfigKeys (ConfUtils.java:logGet(43)) - raft.server.storage.dir = [/workdir/hadoop-ozone/integration-test/target/test-dir/MiniOzoneClusterImpl-40cf4cc9-95bf-4ba1-95ee-bb8437d0a9c7/datanode-6/data/ratis] (custom)
2019-10-07 12:46:01,831 [main] INFO  hdfs.DFSUtil (DFSUtil.java:httpServerTemplateForNNAndJN(1641)) - Starting Web-server for hddsDatanode at: http://0.0.0.0:0
2019-10-07 12:46:01,832 [main] INFO  server.AuthenticationFilter (AuthenticationFilter.java:constructSecretProvider(240)) - Unable to initialize FileSignerSecretProvider, falling back to use random secrets.
2019-10-07 12:46:01,833 [main] WARN  http.HttpRequestLog (HttpRequestLog.java:getRequestLog(97)) - Jetty request log can only be enabled using Log4j
2019-10-07 12:46:01,834 [main] INFO  http.HttpServer2 (HttpServer2.java:addGlobalFilter(975)) - Added global filter 'safety' (class=org.apache.hadoop.http.HttpServer2$QuotingInputFilter)
2019-10-07 12:46:01,834 [main] INFO  http.HttpServer2 (HttpServer2.java:addFilter(948)) - Added filter static_user_filter (class=org.apache.hadoop.http.lib.StaticUserWebFilter$StaticUserFilter) to context hddsDatanode
2019-10-07 12:46:01,834 [main] INFO  http.HttpServer2 (HttpServer2.java:addFilter(958)) - Added filter static_user_filter (class=org.apache.hadoop.http.lib.StaticUserWebFilter$StaticUserFilter) to context logs
2019-10-07 12:46:01,835 [main] INFO  http.HttpServer2 (HttpServer2.java:addFilter(958)) - Added filter static_user_filter (class=org.apache.hadoop.http.lib.StaticUserWebFilter$StaticUserFilter) to context static
2019-10-07 12:46:01,835 [main] INFO  http.HttpServer2 (HttpServer2.java:bindListener(1191)) - Jetty bound to port 34587
2019-10-07 12:46:01,835 [main] INFO  server.Server (Server.java:doStart(351)) - jetty-9.3.25.v20180904, build timestamp: 2018-09-04T21:11:46Z, git hash: 3ce520221d0240229c862b122d2b06c12a625732
2019-10-07 12:46:01,837 [main] INFO  handler.ContextHandler (ContextHandler.java:doStart(781)) - Started o.e.j.s.ServletContextHandler@7b6141f0{/logs,file:///workdir/hadoop-ozone/integration-test/target/log,AVAILABLE}
2019-10-07 12:46:01,837 [main] INFO  handler.ContextHandler (ContextHandler.java:doStart(781)) - Started o.e.j.s.ServletContextHandler@70b48eb3{/static,jar:file:/home/user/.m2/repository/org/apache/hadoop/hadoop-hdds-container-service/0.5.0-SNAPSHOT/hadoop-hdds-container-service-0.5.0-SNAPSHOT.jar!/webapps/static,AVAILABLE}
2019-10-07 12:46:01,865 [main] INFO  handler.ContextHandler (ContextHandler.java:doStart(781)) - Started o.e.j.w.WebAppContext@c568f91{/,file:///tmp/jetty-0.0.0.0-34587-hddsDatanode-_-any-365234548252818286.dir/webapp/,AVAILABLE}{/hddsDatanode}
2019-10-07 12:46:01,865 [main] INFO  server.AbstractConnector (AbstractConnector.java:doStart(278)) - Started ServerConnector@5fd43e58{HTTP/1.1,[http/1.1]}{0.0.0.0:34587}
2019-10-07 12:46:01,867 [main] INFO  server.Server (Server.java:doStart(419)) - Started @207048ms
2019-10-07 12:46:01,868 [main] WARN  impl.MetricsSystemImpl (MetricsSystemImpl.java:register(276)) - Sink prometheus already exists!
2019-10-07 12:46:01,868 [main] INFO  server.BaseHttpServer (BaseHttpServer.java:updateConnectorAddress(215)) - HTTP server of HDDSDATANODE is listening at http://0.0.0.0:34587
2019-10-07 12:46:01,869 [main] INFO  ozone.MiniOzoneClusterImpl (MiniOzoneClusterImpl.java:lambda$waitForClusterToBeReady$0(147)) - Waiting for cluster to be ready. Got 0 of 7 DN Heartbeats.
2019-10-07 12:46:01,870 [org.apache.hadoop.util.JvmPauseMonitor$Monitor@57717616] INFO  util.JvmPauseMonitor (JvmPauseMonitor.java:run(188)) - Starting JVM pause monitor
2019-10-07 12:46:01,871 [Datanode State Machine Thread - 0] INFO  datanode.InitDatanodeState (InitDatanodeState.java:persistContainerDatanodeDetails(140)) - DatanodeDetails is persisted to /workdir/hadoop-ozone/integration-test/target/test-dir/MiniOzoneClusterImpl-40cf4cc9-95bf-4ba1-95ee-bb8437d0a9c7/datanode-6/meta/datanode.id
2019-10-07 12:46:02,869 [main] INFO  ozone.MiniOzoneClusterImpl (MiniOzoneClusterImpl.java:lambda$waitForClusterToBeReady$0(147)) - Waiting for cluster to be ready. Got 0 of 7 DN Heartbeats.
2019-10-07 12:46:03,490 [Datanode State Machine Thread - 0] INFO  ozoneimpl.OzoneContainer (OzoneContainer.java:start(217)) - Attempting to start container services.
2019-10-07 12:46:03,490 [Datanode State Machine Thread - 0] INFO  ozoneimpl.OzoneContainer (OzoneContainer.java:startContainerScrub(179)) - Background container scanner has been disabled.
2019-10-07 12:46:03,491 [Datanode State Machine Thread - 0] INFO  ratis.XceiverServerRatis (XceiverServerRatis.java:start(418)) - Starting XceiverServerRatis c68a69bd-486a-434f-8dc7-035c8595ac45 at port 0
2019-10-07 12:46:03,499 [Datanode State Machine Thread - 0] INFO  impl.RaftServerProxy (RaftServerProxy.java:lambda$start$3(299)) - c68a69bd-486a-434f-8dc7-035c8595ac45: start RPC server
2019-10-07 12:46:03,501 [Datanode State Machine Thread - 0] INFO  server.GrpcService (GrpcService.java:startImpl(158)) - c68a69bd-486a-434f-8dc7-035c8595ac45: GrpcService started, listening on 0.0.0.0/0.0.0.0:33219
2019-10-07 12:46:03,501 [Datanode State Machine Thread - 0] INFO  ratis.XceiverServerRatis (XceiverServerRatis.java:start(428)) - XceiverServerRatis c68a69bd-486a-434f-8dc7-035c8595ac45 is started using port 33219
2019-10-07 12:46:03,501 [Datanode State Machine Thread - 0] INFO  server.XceiverServerGrpc (XceiverServerGrpc.java:start(149)) - XceiverServerGrpc c68a69bd-486a-434f-8dc7-035c8595ac45 is started using port 35747
2019-10-07 12:46:03,537 [Datanode State Machine Thread - 0] INFO  ozoneimpl.OzoneContainer (OzoneContainer.java:start(217)) - Attempting to start container services.
2019-10-07 12:46:03,538 [Datanode State Machine Thread - 0] INFO  ozoneimpl.OzoneContainer (OzoneContainer.java:startContainerScrub(179)) - Background container scanner has been disabled.
2019-10-07 12:46:03,538 [Datanode State Machine Thread - 0] INFO  ratis.XceiverServerRatis (XceiverServerRatis.java:start(418)) - Starting XceiverServerRatis 82708601-a3fe-4596-8191-8774b7e6ce6f at port 0
2019-10-07 12:46:03,546 [Datanode State Machine Thread - 0] INFO  impl.RaftServerProxy (RaftServerProxy.java:lambda$start$3(299)) - 82708601-a3fe-4596-8191-8774b7e6ce6f: start RPC server
2019-10-07 12:46:03,552 [Datanode State Machine Thread - 0] INFO  server.GrpcService (GrpcService.java:startImpl(158)) - 82708601-a3fe-4596-8191-8774b7e6ce6f: GrpcService started, listening on 0.0.0.0/0.0.0.0:34165
2019-10-07 12:46:03,553 [Datanode State Machine Thread - 0] INFO  ratis.XceiverServerRatis (XceiverServerRatis.java:start(428)) - XceiverServerRatis 82708601-a3fe-4596-8191-8774b7e6ce6f is started using port 34165
2019-10-07 12:46:03,553 [Datanode State Machine Thread - 0] INFO  server.XceiverServerGrpc (XceiverServerGrpc.java:start(149)) - XceiverServerGrpc 82708601-a3fe-4596-8191-8774b7e6ce6f is started using port 33149
2019-10-07 12:46:03,612 [Datanode State Machine Thread - 0] INFO  ozoneimpl.OzoneContainer (OzoneContainer.java:start(217)) - Attempting to start container services.
2019-10-07 12:46:03,613 [Datanode State Machine Thread - 0] INFO  ozoneimpl.OzoneContainer (OzoneContainer.java:startContainerScrub(179)) - Background container scanner has been disabled.
2019-10-07 12:46:03,613 [Datanode State Machine Thread - 0] INFO  ratis.XceiverServerRatis (XceiverServerRatis.java:start(418)) - Starting XceiverServerRatis 9a10e594-81e5-427d-a6b7-c8c9aa6b8a40 at port 0
2019-10-07 12:46:03,620 [Datanode State Machine Thread - 0] INFO  impl.RaftServerProxy (RaftServerProxy.java:lambda$start$3(299)) - 9a10e594-81e5-427d-a6b7-c8c9aa6b8a40: start RPC server
2019-10-07 12:46:03,621 [Datanode State Machine Thread - 0] INFO  server.GrpcService (GrpcService.java:startImpl(158)) - 9a10e594-81e5-427d-a6b7-c8c9aa6b8a40: GrpcService started, listening on 0.0.0.0/0.0.0.0:37438
2019-10-07 12:46:03,621 [Datanode State Machine Thread - 0] INFO  ratis.XceiverServerRatis (XceiverServerRatis.java:start(428)) - XceiverServerRatis 9a10e594-81e5-427d-a6b7-c8c9aa6b8a40 is started using port 37438
2019-10-07 12:46:03,621 [Datanode State Machine Thread - 0] INFO  server.XceiverServerGrpc (XceiverServerGrpc.java:start(149)) - XceiverServerGrpc 9a10e594-81e5-427d-a6b7-c8c9aa6b8a40 is started using port 37745
2019-10-07 12:46:03,674 [Datanode State Machine Thread - 0] INFO  ozoneimpl.OzoneContainer (OzoneContainer.java:start(217)) - Attempting to start container services.
2019-10-07 12:46:03,675 [Datanode State Machine Thread - 0] INFO  ozoneimpl.OzoneContainer (OzoneContainer.java:startContainerScrub(179)) - Background container scanner has been disabled.
2019-10-07 12:46:03,675 [Datanode State Machine Thread - 0] INFO  ratis.XceiverServerRatis (XceiverServerRatis.java:start(418)) - Starting XceiverServerRatis ea5ac44b-ceaf-40bb-90f9-b9e3668e302c at port 0
2019-10-07 12:46:03,682 [Datanode State Machine Thread - 0] INFO  impl.RaftServerProxy (RaftServerProxy.java:lambda$start$3(299)) - ea5ac44b-ceaf-40bb-90f9-b9e3668e302c: start RPC server
2019-10-07 12:46:03,683 [Datanode State Machine Thread - 0] INFO  server.GrpcService (GrpcService.java:startImpl(158)) - ea5ac44b-ceaf-40bb-90f9-b9e3668e302c: GrpcService started, listening on 0.0.0.0/0.0.0.0:35852
2019-10-07 12:46:03,683 [Datanode State Machine Thread - 0] INFO  ratis.XceiverServerRatis (XceiverServerRatis.java:start(428)) - XceiverServerRatis ea5ac44b-ceaf-40bb-90f9-b9e3668e302c is started using port 35852
2019-10-07 12:46:03,685 [Datanode State Machine Thread - 0] INFO  server.XceiverServerGrpc (XceiverServerGrpc.java:start(149)) - XceiverServerGrpc ea5ac44b-ceaf-40bb-90f9-b9e3668e302c is started using port 32911
2019-10-07 12:46:03,754 [Datanode State Machine Thread - 0] INFO  ozoneimpl.OzoneContainer (OzoneContainer.java:start(217)) - Attempting to start container services.
2019-10-07 12:46:03,755 [Datanode State Machine Thread - 0] INFO  ozoneimpl.OzoneContainer (OzoneContainer.java:startContainerScrub(179)) - Background container scanner has been disabled.
2019-10-07 12:46:03,755 [Datanode State Machine Thread - 0] INFO  ratis.XceiverServerRatis (XceiverServerRatis.java:start(418)) - Starting XceiverServerRatis c49e0775-c550-4092-994d-f01e153db261 at port 0
2019-10-07 12:46:03,762 [Datanode State Machine Thread - 0] INFO  impl.RaftServerProxy (RaftServerProxy.java:lambda$start$3(299)) - c49e0775-c550-4092-994d-f01e153db261: start RPC server
2019-10-07 12:46:03,764 [Datanode State Machine Thread - 0] INFO  server.GrpcService (GrpcService.java:startImpl(158)) - c49e0775-c550-4092-994d-f01e153db261: GrpcService started, listening on 0.0.0.0/0.0.0.0:38401
2019-10-07 12:46:03,764 [Datanode State Machine Thread - 0] INFO  ratis.XceiverServerRatis (XceiverServerRatis.java:start(428)) - XceiverServerRatis c49e0775-c550-4092-994d-f01e153db261 is started using port 38401
2019-10-07 12:46:03,764 [Datanode State Machine Thread - 0] INFO  server.XceiverServerGrpc (XceiverServerGrpc.java:start(149)) - XceiverServerGrpc c49e0775-c550-4092-994d-f01e153db261 is started using port 43548
2019-10-07 12:46:03,822 [Datanode State Machine Thread - 0] INFO  ozoneimpl.OzoneContainer (OzoneContainer.java:start(217)) - Attempting to start container services.
2019-10-07 12:46:03,822 [Datanode State Machine Thread - 0] INFO  ozoneimpl.OzoneContainer (OzoneContainer.java:startContainerScrub(179)) - Background container scanner has been disabled.
2019-10-07 12:46:03,822 [Datanode State Machine Thread - 0] INFO  ratis.XceiverServerRatis (XceiverServerRatis.java:start(418)) - Starting XceiverServerRatis 3926dbf2-5bb2-46be-ab1c-4d7e37cfed03 at port 0
2019-10-07 12:46:03,830 [Datanode State Machine Thread - 0] INFO  impl.RaftServerProxy (RaftServerProxy.java:lambda$start$3(299)) - 3926dbf2-5bb2-46be-ab1c-4d7e37cfed03: start RPC server
2019-10-07 12:46:03,831 [Datanode State Machine Thread - 0] INFO  server.GrpcService (GrpcService.java:startImpl(158)) - 3926dbf2-5bb2-46be-ab1c-4d7e37cfed03: GrpcService started, listening on 0.0.0.0/0.0.0.0:40420
2019-10-07 12:46:03,831 [Datanode State Machine Thread - 0] INFO  ratis.XceiverServerRatis (XceiverServerRatis.java:start(428)) - XceiverServerRatis 3926dbf2-5bb2-46be-ab1c-4d7e37cfed03 is started using port 40420
2019-10-07 12:46:03,831 [Datanode State Machine Thread - 0] INFO  server.XceiverServerGrpc (XceiverServerGrpc.java:start(149)) - XceiverServerGrpc 3926dbf2-5bb2-46be-ab1c-4d7e37cfed03 is started using port 41786
2019-10-07 12:46:03,869 [main] INFO  ozone.MiniOzoneClusterImpl (MiniOzoneClusterImpl.java:lambda$waitForClusterToBeReady$0(147)) - Waiting for cluster to be ready. Got 0 of 7 DN Heartbeats.
2019-10-07 12:46:03,885 [Datanode State Machine Thread - 0] INFO  ozoneimpl.OzoneContainer (OzoneContainer.java:start(217)) - Attempting to start container services.
2019-10-07 12:46:03,885 [Datanode State Machine Thread - 0] INFO  ozoneimpl.OzoneContainer (OzoneContainer.java:startContainerScrub(179)) - Background container scanner has been disabled.
2019-10-07 12:46:03,885 [Datanode State Machine Thread - 0] INFO  ratis.XceiverServerRatis (XceiverServerRatis.java:start(418)) - Starting XceiverServerRatis f5de1e30-e937-4788-9a4b-bcad6b240b06 at port 0
2019-10-07 12:46:03,893 [Datanode State Machine Thread - 0] INFO  impl.RaftServerProxy (RaftServerProxy.java:lambda$start$3(299)) - f5de1e30-e937-4788-9a4b-bcad6b240b06: start RPC server
2019-10-07 12:46:03,893 [Datanode State Machine Thread - 0] INFO  server.GrpcService (GrpcService.java:startImpl(158)) - f5de1e30-e937-4788-9a4b-bcad6b240b06: GrpcService started, listening on 0.0.0.0/0.0.0.0:33926
2019-10-07 12:46:03,894 [Datanode State Machine Thread - 0] INFO  ratis.XceiverServerRatis (XceiverServerRatis.java:start(428)) - XceiverServerRatis f5de1e30-e937-4788-9a4b-bcad6b240b06 is started using port 33926
2019-10-07 12:46:03,894 [Datanode State Machine Thread - 0] INFO  server.XceiverServerGrpc (XceiverServerGrpc.java:start(149)) - XceiverServerGrpc f5de1e30-e937-4788-9a4b-bcad6b240b06 is started using port 45015
2019-10-07 12:46:04,870 [main] INFO  ozone.MiniOzoneClusterImpl (MiniOzoneClusterImpl.java:lambda$waitForClusterToBeReady$0(147)) - Waiting for cluster to be ready. Got 0 of 7 DN Heartbeats.
2019-10-07 12:46:05,462 [IPC Server handler 0 on 40993] INFO  net.NetworkTopology (NetworkTopologyImpl.java:add(111)) - Added a new node: /default-rack/c68a69bd-486a-434f-8dc7-035c8595ac45
2019-10-07 12:46:05,465 [IPC Server handler 0 on 40993] INFO  node.SCMNodeManager (SCMNodeManager.java:register(268)) - Registered Data node : c68a69bd-486a-434f-8dc7-035c8595ac45{ip: 192.168.30.23, host: pr-hdds-2262-rg9fl-2107095119, networkLocation: /default-rack, certSerialId: null}
2019-10-07 12:46:05,466 [EventQueue-NodeRegistrationContainerReportForDataNodeSafeModeRule] INFO  safemode.SCMSafeModeManager (DataNodeSafeModeRule.java:process(71)) - SCM in safe mode. 1 DataNodes registered, 1 required.
2019-10-07 12:46:05,468 [EventQueue-NodeRegistrationContainerReportForDataNodeSafeModeRule] INFO  safemode.SCMSafeModeManager (SCMSafeModeManager.java:validateSafeModeExitRules(177)) - ScmSafeModeManager, all rules are successfully validated
2019-10-07 12:46:05,468 [EventQueue-NodeRegistrationContainerReportForDataNodeSafeModeRule] INFO  safemode.SCMSafeModeManager (SCMSafeModeManager.java:exitSafeMode(193)) - SCM exiting safe mode.
2019-10-07 12:46:05,482 [grpc-default-executor-1] INFO  impl.RaftServerProxy (RaftServerProxy.java:addNew(89)) - c68a69bd-486a-434f-8dc7-035c8595ac45: addNew group-5AE1E95BC6B0:[c68a69bd-486a-434f-8dc7-035c8595ac45:192.168.30.23:33219] returns group-5AE1E95BC6B0:java.util.concurrent.CompletableFuture@701fb1[Not completed]
2019-10-07 12:46:05,484 [pool-383-thread-1] INFO  impl.RaftServerImpl (RaftServerImpl.java:<init>(95)) - c68a69bd-486a-434f-8dc7-035c8595ac45: new RaftServerImpl for group-5AE1E95BC6B0:[c68a69bd-486a-434f-8dc7-035c8595ac45:192.168.30.23:33219] with ContainerStateMachine:uninitialized
2019-10-07 12:46:05,484 [pool-383-thread-1] INFO  server.RaftServerConfigKeys (ConfUtils.java:logGet(43)) - raft.server.rpc.timeout.min = 5s (custom)
2019-10-07 12:46:05,484 [pool-383-thread-1] INFO  server.RaftServerConfigKeys (ConfUtils.java:logGet(43)) - raft.server.rpc.timeout.max = 5200ms (custom)
2019-10-07 12:46:05,485 [pool-383-thread-1] INFO  server.RaftServerConfigKeys (ConfUtils.java:logGet(43)) - raft.server.rpcslowness.timeout = 120s (custom)
2019-10-07 12:46:05,485 [pool-383-thread-1] INFO  server.RaftServerConfigKeys (ConfUtils.java:logGet(43)) - raft.server.sleep.deviation.threshold = 300 (default)
2019-10-07 12:46:05,485 [pool-383-thread-1] INFO  server.RaftServerConfigKeys (ConfUtils.java:logGet(43)) - raft.server.log.appender.install.snapshot.enabled = false (custom)
2019-10-07 12:46:05,485 [pool-383-thread-1] INFO  impl.RaftServerImpl (ServerState.java:<init>(103)) - c68a69bd-486a-434f-8dc7-035c8595ac45@group-5AE1E95BC6B0: ConfigurationManager, init=-1: [c68a69bd-486a-434f-8dc7-035c8595ac45:192.168.30.23:33219], old=null, confs=<EMPTY_MAP>
2019-10-07 12:46:05,485 [pool-383-thread-1] INFO  server.RaftServerConfigKeys (ConfUtils.java:logGet(43)) - raft.server.storage.dir = [/workdir/hadoop-ozone/integration-test/target/test-dir/MiniOzoneClusterImpl-40cf4cc9-95bf-4ba1-95ee-bb8437d0a9c7/datanode-0/data/ratis] (custom)
2019-10-07 12:46:05,485 [pool-383-thread-1] INFO  server.RaftServerConfigKeys (ConfUtils.java:logGet(43)) - raft.server.log.corruption.policy = EXCEPTION (default)
2019-10-07 12:46:05,486 [pool-383-thread-1] INFO  storage.RaftStorageDirectory (RaftStorageDirectory.java:analyzeStorage(246)) - The storage directory /workdir/hadoop-ozone/integration-test/target/test-dir/MiniOzoneClusterImpl-40cf4cc9-95bf-4ba1-95ee-bb8437d0a9c7/datanode-0/data/ratis/a870e3fd-9869-425e-8d02-5ae1e95bc6b0 does not exist. Creating ...
2019-10-07 12:46:05,502 [pool-383-thread-1] INFO  storage.RaftStorageDirectory (RaftStorageDirectory.java:tryLock(328)) - Lock on /workdir/hadoop-ozone/integration-test/target/test-dir/MiniOzoneClusterImpl-40cf4cc9-95bf-4ba1-95ee-bb8437d0a9c7/datanode-0/data/ratis/a870e3fd-9869-425e-8d02-5ae1e95bc6b0/in_use.lock acquired by nodename 11464@pr-hdds-2262-rg9fl-2107095119
2019-10-07 12:46:05,515 [pool-383-thread-1] INFO  storage.RaftStorage (RaftStorage.java:format(84)) - Storage directory /workdir/hadoop-ozone/integration-test/target/test-dir/MiniOzoneClusterImpl-40cf4cc9-95bf-4ba1-95ee-bb8437d0a9c7/datanode-0/data/ratis/a870e3fd-9869-425e-8d02-5ae1e95bc6b0 has been successfully formatted.
2019-10-07 12:46:05,515 [pool-383-thread-1] INFO  ratis.ContainerStateMachine (ContainerStateMachine.java:loadSnapshot(231)) - group-5AE1E95BC6B0: The snapshot info is null. Setting the last applied indexto:(t:0, i:~)
2019-10-07 12:46:05,515 [pool-383-thread-1] INFO  server.RaftServerConfigKeys (ConfUtils.java:logGet(43)) - raft.server.notification.no-leader.timeout = 120s (custom)
2019-10-07 12:46:05,515 [pool-383-thread-1] INFO  server.RaftServerConfigKeys (ConfUtils.java:logGet(43)) - raft.server.log.use.memory = false (default)
2019-10-07 12:46:05,516 [pool-383-thread-1] INFO  server.RaftServerConfigKeys (ConfUtils.java:logGet(43)) - raft.server.log.purge.gap = 1000000 (custom)
2019-10-07 12:46:05,516 [pool-383-thread-1] INFO  server.RaftServerConfigKeys (ConfUtils.java:logGet(43)) - raft.server.log.appender.buffer.byte-limit = 33554432 (custom)
2019-10-07 12:46:05,516 [pool-383-thread-1] INFO  server.RaftServerConfigKeys (ConfUtils.java:logGet(43)) - raft.server.log.segment.size.max = 1048576 (custom)
2019-10-07 12:46:05,518 [pool-383-thread-1] INFO  server.RaftServerConfigKeys (ConfUtils.java:logGet(43)) - raft.server.log.segment.cache.num.max = 2 (custom)
2019-10-07 12:46:05,519 [pool-383-thread-1] INFO  segmented.SegmentedRaftLogWorker (SegmentedRaftLogWorker.java:<init>(173)) - new c68a69bd-486a-434f-8dc7-035c8595ac45@group-5AE1E95BC6B0-SegmentedRaftLogWorker for RaftStorage:Storage Directory /workdir/hadoop-ozone/integration-test/target/test-dir/MiniOzoneClusterImpl-40cf4cc9-95bf-4ba1-95ee-bb8437d0a9c7/datanode-0/data/ratis/a870e3fd-9869-425e-8d02-5ae1e95bc6b0
2019-10-07 12:46:05,519 [pool-383-thread-1] INFO  server.RaftServerConfigKeys (ConfUtils.java:logGet(43)) - raft.server.log.queue.byte-limit = 2147483647 (custom)
2019-10-07 12:46:05,519 [IPC Server handler 1 on 40993] INFO  net.NetworkTopology (NetworkTopologyImpl.java:add(111)) - Added a new node: /default-rack/82708601-a3fe-4596-8191-8774b7e6ce6f
2019-10-07 12:46:05,519 [pool-383-thread-1] INFO  server.RaftServerConfigKeys (ConfUtils.java:logGet(43)) - raft.server.log.queue.element-limit = 1024 (custom)
2019-10-07 12:46:05,519 [IPC Server handler 1 on 40993] INFO  node.SCMNodeManager (SCMNodeManager.java:register(268)) - Registered Data node : 82708601-a3fe-4596-8191-8774b7e6ce6f{ip: 192.168.30.23, host: pr-hdds-2262-rg9fl-2107095119, networkLocation: /default-rack, certSerialId: null}
2019-10-07 12:46:05,519 [pool-383-thread-1] INFO  server.RaftServerConfigKeys (ConfUtils.java:logGet(43)) - raft.server.log.segment.size.max = 1048576 (custom)
2019-10-07 12:46:05,519 [pool-383-thread-1] INFO  server.RaftServerConfigKeys (ConfUtils.java:logGet(43)) - raft.server.log.preallocated.size = 16384 (custom)
2019-10-07 12:46:05,519 [pool-383-thread-1] INFO  server.RaftServerConfigKeys (ConfUtils.java:logGet(43)) - raft.server.log.write.buffer.size = 33554432 (custom)
2019-10-07 12:46:05,519 [pool-383-thread-1] INFO  server.RaftServerConfigKeys (ConfUtils.java:logGet(43)) - raft.server.log.force.sync.num = 128 (default)
2019-10-07 12:46:05,520 [pool-383-thread-1] INFO  server.RaftServerConfigKeys (ConfUtils.java:logGet(43)) - raft.server.log.statemachine.data.sync = true (default)
2019-10-07 12:46:05,520 [pool-383-thread-1] INFO  server.RaftServerConfigKeys (ConfUtils.java:logGet(43)) - raft.server.log.statemachine.data.sync.timeout = 10s (default)
2019-10-07 12:46:05,520 [pool-383-thread-1] INFO  server.RaftServerConfigKeys (ConfUtils.java:logGet(43)) - raft.server.log.statemachine.data.sync.timeout.retry = -1 (default)
2019-10-07 12:46:05,520 [pool-383-thread-1] INFO  server.RaftServerConfigKeys (ConfUtils.java:logGet(43)) - raft.server.log.statemachine.data.caching.enabled = true (custom)
2019-10-07 12:46:05,520 [pool-383-thread-1] INFO  segmented.SegmentedRaftLogWorker (SegmentedRaftLogWorker.java:lambda$new$0(128)) - c68a69bd-486a-434f-8dc7-035c8595ac45@group-5AE1E95BC6B0-SegmentedRaftLogWorker: flushIndex: setUnconditionally 0 -> -1
2019-10-07 12:46:05,521 [pool-383-thread-1] INFO  server.RaftServerConfigKeys (ConfUtils.java:logGet(43)) - raft.server.snapshot.auto.trigger.enabled = true (custom)
2019-10-07 12:46:05,521 [pool-383-thread-1] INFO  server.RaftServerConfigKeys (ConfUtils.java:logGet(43)) - raft.server.snapshot.auto.trigger.threshold = 10000 (custom)
2019-10-07 12:46:05,521 [pool-383-thread-1] INFO  server.RaftServerConfigKeys (ConfUtils.java:logGet(43)) - raft.server.snapshot.retention.file.num = 5 (custom)
2019-10-07 12:46:05,521 [pool-383-thread-1] INFO  server.RaftServerConfigKeys (ConfUtils.java:logGet(43)) - raft.server.retrycache.expirytime = 600000ms (custom)
2019-10-07 12:46:05,522 [pool-383-thread-1] INFO  impl.RaftServerImpl (RaftServerImpl.java:start(181)) - c68a69bd-486a-434f-8dc7-035c8595ac45@group-5AE1E95BC6B0: start as a follower, conf=-1: [c68a69bd-486a-434f-8dc7-035c8595ac45:192.168.30.23:33219], old=null
2019-10-07 12:46:05,523 [pool-383-thread-1] INFO  impl.RaftServerImpl (RaftServerImpl.java:setRole(170)) - c68a69bd-486a-434f-8dc7-035c8595ac45@group-5AE1E95BC6B0: changes role from      null to FOLLOWER at term 0 for startAsFollower
2019-10-07 12:46:05,523 [pool-383-thread-1] INFO  impl.RoleInfo (RoleInfo.java:updateAndGet(143)) - c68a69bd-486a-434f-8dc7-035c8595ac45: start FollowerState
2019-10-07 12:46:05,523 [pool-383-thread-1] INFO  util.JmxRegister (JmxRegister.java:tryRegister(44)) - Successfully registered JMX Bean with object name Ratis:service=RaftServer,group=group-5AE1E95BC6B0,id=c68a69bd-486a-434f-8dc7-035c8595ac45
2019-10-07 12:46:05,528 [RatisPipelineUtilsThread] INFO  pipeline.PipelineStateManager (PipelineStateManager.java:addPipeline(56)) - Created pipeline Pipeline[ Id: a870e3fd-9869-425e-8d02-5ae1e95bc6b0, Nodes: c68a69bd-486a-434f-8dc7-035c8595ac45{ip: 192.168.30.23, host: pr-hdds-2262-rg9fl-2107095119, networkLocation: /default-rack, certSerialId: null}, Type:RATIS, Factor:ONE, State:OPEN]
2019-10-07 12:46:05,535 [grpc-default-executor-1] INFO  impl.RaftServerProxy (RaftServerProxy.java:addNew(89)) - 82708601-a3fe-4596-8191-8774b7e6ce6f: addNew group-1A54F29BFE76:[82708601-a3fe-4596-8191-8774b7e6ce6f:192.168.30.23:34165] returns group-1A54F29BFE76:java.util.concurrent.CompletableFuture@1e35b7d7[Not completed]
2019-10-07 12:46:05,537 [pool-393-thread-1] INFO  impl.RaftServerImpl (RaftServerImpl.java:<init>(95)) - 82708601-a3fe-4596-8191-8774b7e6ce6f: new RaftServerImpl for group-1A54F29BFE76:[82708601-a3fe-4596-8191-8774b7e6ce6f:192.168.30.23:34165] with ContainerStateMachine:uninitialized
2019-10-07 12:46:05,537 [pool-393-thread-1] INFO  server.RaftServerConfigKeys (ConfUtils.java:logGet(43)) - raft.server.rpc.timeout.min = 5s (custom)
2019-10-07 12:46:05,537 [pool-393-thread-1] INFO  server.RaftServerConfigKeys (ConfUtils.java:logGet(43)) - raft.server.rpc.timeout.max = 5200ms (custom)
2019-10-07 12:46:05,537 [pool-393-thread-1] INFO  server.RaftServerConfigKeys (ConfUtils.java:logGet(43)) - raft.server.rpcslowness.timeout = 120s (custom)
2019-10-07 12:46:05,537 [pool-393-thread-1] INFO  server.RaftServerConfigKeys (ConfUtils.java:logGet(43)) - raft.server.sleep.deviation.threshold = 300 (default)
2019-10-07 12:46:05,537 [pool-393-thread-1] INFO  server.RaftServerConfigKeys (ConfUtils.java:logGet(43)) - raft.server.log.appender.install.snapshot.enabled = false (custom)
2019-10-07 12:46:05,537 [pool-393-thread-1] INFO  impl.RaftServerImpl (ServerState.java:<init>(103)) - 82708601-a3fe-4596-8191-8774b7e6ce6f@group-1A54F29BFE76: ConfigurationManager, init=-1: [82708601-a3fe-4596-8191-8774b7e6ce6f:192.168.30.23:34165], old=null, confs=<EMPTY_MAP>
2019-10-07 12:46:05,538 [pool-393-thread-1] INFO  server.RaftServerConfigKeys (ConfUtils.java:logGet(43)) - raft.server.storage.dir = [/workdir/hadoop-ozone/integration-test/target/test-dir/MiniOzoneClusterImpl-40cf4cc9-95bf-4ba1-95ee-bb8437d0a9c7/datanode-1/data/ratis] (custom)
2019-10-07 12:46:05,538 [pool-393-thread-1] INFO  server.RaftServerConfigKeys (ConfUtils.java:logGet(43)) - raft.server.log.corruption.policy = EXCEPTION (default)
2019-10-07 12:46:05,538 [pool-393-thread-1] INFO  storage.RaftStorageDirectory (RaftStorageDirectory.java:analyzeStorage(246)) - The storage directory /workdir/hadoop-ozone/integration-test/target/test-dir/MiniOzoneClusterImpl-40cf4cc9-95bf-4ba1-95ee-bb8437d0a9c7/datanode-1/data/ratis/b9ece4f5-1afb-4394-944b-1a54f29bfe76 does not exist. Creating ...
2019-10-07 12:46:05,543 [pool-393-thread-1] INFO  storage.RaftStorageDirectory (RaftStorageDirectory.java:tryLock(328)) - Lock on /workdir/hadoop-ozone/integration-test/target/test-dir/MiniOzoneClusterImpl-40cf4cc9-95bf-4ba1-95ee-bb8437d0a9c7/datanode-1/data/ratis/b9ece4f5-1afb-4394-944b-1a54f29bfe76/in_use.lock acquired by nodename 11464@pr-hdds-2262-rg9fl-2107095119
2019-10-07 12:46:05,556 [pool-393-thread-1] INFO  storage.RaftStorage (RaftStorage.java:format(84)) - Storage directory /workdir/hadoop-ozone/integration-test/target/test-dir/MiniOzoneClusterImpl-40cf4cc9-95bf-4ba1-95ee-bb8437d0a9c7/datanode-1/data/ratis/b9ece4f5-1afb-4394-944b-1a54f29bfe76 has been successfully formatted.
2019-10-07 12:46:05,556 [pool-393-thread-1] INFO  ratis.ContainerStateMachine (ContainerStateMachine.java:loadSnapshot(231)) - group-1A54F29BFE76: The snapshot info is null. Setting the last applied indexto:(t:0, i:~)
2019-10-07 12:46:05,557 [pool-393-thread-1] INFO  server.RaftServerConfigKeys (ConfUtils.java:logGet(43)) - raft.server.notification.no-leader.timeout = 120s (custom)
2019-10-07 12:46:05,557 [pool-393-thread-1] INFO  server.RaftServerConfigKeys (ConfUtils.java:logGet(43)) - raft.server.log.use.memory = false (default)
2019-10-07 12:46:05,557 [pool-393-thread-1] INFO  server.RaftServerConfigKeys (ConfUtils.java:logGet(43)) - raft.server.log.purge.gap = 1000000 (custom)
2019-10-07 12:46:05,557 [pool-393-thread-1] INFO  server.RaftServerConfigKeys (ConfUtils.java:logGet(43)) - raft.server.log.appender.buffer.byte-limit = 33554432 (custom)
2019-10-07 12:46:05,557 [pool-393-thread-1] INFO  server.RaftServerConfigKeys (ConfUtils.java:logGet(43)) - raft.server.log.segment.size.max = 1048576 (custom)
2019-10-07 12:46:05,559 [pool-393-thread-1] INFO  server.RaftServerConfigKeys (ConfUtils.java:logGet(43)) - raft.server.log.segment.cache.num.max = 2 (custom)
2019-10-07 12:46:05,559 [pool-393-thread-1] INFO  segmented.SegmentedRaftLogWorker (SegmentedRaftLogWorker.java:<init>(173)) - new 82708601-a3fe-4596-8191-8774b7e6ce6f@group-1A54F29BFE76-SegmentedRaftLogWorker for RaftStorage:Storage Directory /workdir/hadoop-ozone/integration-test/target/test-dir/MiniOzoneClusterImpl-40cf4cc9-95bf-4ba1-95ee-bb8437d0a9c7/datanode-1/data/ratis/b9ece4f5-1afb-4394-944b-1a54f29bfe76
2019-10-07 12:46:05,559 [pool-393-thread-1] INFO  server.RaftServerConfigKeys (ConfUtils.java:logGet(43)) - raft.server.log.queue.byte-limit = 2147483647 (custom)
2019-10-07 12:46:05,559 [pool-393-thread-1] INFO  server.RaftServerConfigKeys (ConfUtils.java:logGet(43)) - raft.server.log.queue.element-limit = 1024 (custom)
2019-10-07 12:46:05,559 [pool-393-thread-1] INFO  server.RaftServerConfigKeys (ConfUtils.java:logGet(43)) - raft.server.log.segment.size.max = 1048576 (custom)
2019-10-07 12:46:05,559 [pool-393-thread-1] INFO  server.RaftServerConfigKeys (ConfUtils.java:logGet(43)) - raft.server.log.preallocated.size = 16384 (custom)
2019-10-07 12:46:05,560 [pool-393-thread-1] INFO  server.RaftServerConfigKeys (ConfUtils.java:logGet(43)) - raft.server.log.write.buffer.size = 33554432 (custom)
2019-10-07 12:46:05,560 [pool-393-thread-1] INFO  server.RaftServerConfigKeys (ConfUtils.java:logGet(43)) - raft.server.log.force.sync.num = 128 (default)
2019-10-07 12:46:05,560 [pool-393-thread-1] INFO  server.RaftServerConfigKeys (ConfUtils.java:logGet(43)) - raft.server.log.statemachine.data.sync = true (default)
2019-10-07 12:46:05,560 [pool-393-thread-1] INFO  server.RaftServerConfigKeys (ConfUtils.java:logGet(43)) - raft.server.log.statemachine.data.sync.timeout = 10s (default)
2019-10-07 12:46:05,560 [pool-393-thread-1] INFO  server.RaftServerConfigKeys (ConfUtils.java:logGet(43)) - raft.server.log.statemachine.data.sync.timeout.retry = -1 (default)
2019-10-07 12:46:05,560 [pool-393-thread-1] INFO  server.RaftServerConfigKeys (ConfUtils.java:logGet(43)) - raft.server.log.statemachine.data.caching.enabled = true (custom)
2019-10-07 12:46:05,561 [pool-393-thread-1] INFO  segmented.SegmentedRaftLogWorker (SegmentedRaftLogWorker.java:lambda$new$0(128)) - 82708601-a3fe-4596-8191-8774b7e6ce6f@group-1A54F29BFE76-SegmentedRaftLogWorker: flushIndex: setUnconditionally 0 -> -1
2019-10-07 12:46:05,561 [pool-393-thread-1] INFO  server.RaftServerConfigKeys (ConfUtils.java:logGet(43)) - raft.server.snapshot.auto.trigger.enabled = true (custom)
2019-10-07 12:46:05,561 [pool-393-thread-1] INFO  server.RaftServerConfigKeys (ConfUtils.java:logGet(43)) - raft.server.snapshot.auto.trigger.threshold = 10000 (custom)
2019-10-07 12:46:05,561 [pool-393-thread-1] INFO  server.RaftServerConfigKeys (ConfUtils.java:logGet(43)) - raft.server.snapshot.retention.file.num = 5 (custom)
2019-10-07 12:46:05,561 [pool-393-thread-1] INFO  server.RaftServerConfigKeys (ConfUtils.java:logGet(43)) - raft.server.retrycache.expirytime = 600000ms (custom)
2019-10-07 12:46:05,563 [pool-393-thread-1] INFO  impl.RaftServerImpl (RaftServerImpl.java:start(181)) - 82708601-a3fe-4596-8191-8774b7e6ce6f@group-1A54F29BFE76: start as a follower, conf=-1: [82708601-a3fe-4596-8191-8774b7e6ce6f:192.168.30.23:34165], old=null
2019-10-07 12:46:05,563 [pool-393-thread-1] INFO  impl.RaftServerImpl (RaftServerImpl.java:setRole(170)) - 82708601-a3fe-4596-8191-8774b7e6ce6f@group-1A54F29BFE76: changes role from      null to FOLLOWER at term 0 for startAsFollower
2019-10-07 12:46:05,563 [pool-393-thread-1] INFO  impl.RoleInfo (RoleInfo.java:updateAndGet(143)) - 82708601-a3fe-4596-8191-8774b7e6ce6f: start FollowerState
2019-10-07 12:46:05,564 [pool-393-thread-1] INFO  util.JmxRegister (JmxRegister.java:tryRegister(44)) - Successfully registered JMX Bean with object name Ratis:service=RaftServer,group=group-1A54F29BFE76,id=82708601-a3fe-4596-8191-8774b7e6ce6f
2019-10-07 12:46:05,568 [RatisPipelineUtilsThread] INFO  pipeline.PipelineStateManager (PipelineStateManager.java:addPipeline(56)) - Created pipeline Pipeline[ Id: b9ece4f5-1afb-4394-944b-1a54f29bfe76, Nodes: 82708601-a3fe-4596-8191-8774b7e6ce6f{ip: 192.168.30.23, host: pr-hdds-2262-rg9fl-2107095119, networkLocation: /default-rack, certSerialId: null}, Type:RATIS, Factor:ONE, State:OPEN]
2019-10-07 12:46:05,598 [IPC Server handler 3 on 40993] INFO  net.NetworkTopology (NetworkTopologyImpl.java:add(111)) - Added a new node: /default-rack/9a10e594-81e5-427d-a6b7-c8c9aa6b8a40
2019-10-07 12:46:05,598 [IPC Server handler 3 on 40993] INFO  node.SCMNodeManager (SCMNodeManager.java:register(268)) - Registered Data node : 9a10e594-81e5-427d-a6b7-c8c9aa6b8a40{ip: 192.168.30.23, host: pr-hdds-2262-rg9fl-2107095119, networkLocation: /default-rack, certSerialId: null}
2019-10-07 12:46:05,604 [grpc-default-executor-1] INFO  impl.RaftServerProxy (RaftServerProxy.java:addNew(89)) - 9a10e594-81e5-427d-a6b7-c8c9aa6b8a40: addNew group-B9D17F537EBE:[9a10e594-81e5-427d-a6b7-c8c9aa6b8a40:192.168.30.23:37438] returns group-B9D17F537EBE:java.util.concurrent.CompletableFuture@4688fdf4[Not completed]
2019-10-07 12:46:05,606 [pool-403-thread-1] INFO  impl.RaftServerImpl (RaftServerImpl.java:<init>(95)) - 9a10e594-81e5-427d-a6b7-c8c9aa6b8a40: new RaftServerImpl for group-B9D17F537EBE:[9a10e594-81e5-427d-a6b7-c8c9aa6b8a40:192.168.30.23:37438] with ContainerStateMachine:uninitialized
2019-10-07 12:46:05,606 [pool-403-thread-1] INFO  server.RaftServerConfigKeys (ConfUtils.java:logGet(43)) - raft.server.rpc.timeout.min = 5s (custom)
2019-10-07 12:46:05,606 [pool-403-thread-1] INFO  server.RaftServerConfigKeys (ConfUtils.java:logGet(43)) - raft.server.rpc.timeout.max = 5200ms (custom)
2019-10-07 12:46:05,606 [pool-403-thread-1] INFO  server.RaftServerConfigKeys (ConfUtils.java:logGet(43)) - raft.server.rpcslowness.timeout = 120s (custom)
2019-10-07 12:46:05,606 [pool-403-thread-1] INFO  server.RaftServerConfigKeys (ConfUtils.java:logGet(43)) - raft.server.sleep.deviation.threshold = 300 (default)
2019-10-07 12:46:05,607 [pool-403-thread-1] INFO  server.RaftServerConfigKeys (ConfUtils.java:logGet(43)) - raft.server.log.appender.install.snapshot.enabled = false (custom)
2019-10-07 12:46:05,607 [pool-403-thread-1] INFO  impl.RaftServerImpl (ServerState.java:<init>(103)) - 9a10e594-81e5-427d-a6b7-c8c9aa6b8a40@group-B9D17F537EBE: ConfigurationManager, init=-1: [9a10e594-81e5-427d-a6b7-c8c9aa6b8a40:192.168.30.23:37438], old=null, confs=<EMPTY_MAP>
2019-10-07 12:46:05,607 [pool-403-thread-1] INFO  server.RaftServerConfigKeys (ConfUtils.java:logGet(43)) - raft.server.storage.dir = [/workdir/hadoop-ozone/integration-test/target/test-dir/MiniOzoneClusterImpl-40cf4cc9-95bf-4ba1-95ee-bb8437d0a9c7/datanode-2/data/ratis] (custom)
2019-10-07 12:46:05,607 [pool-403-thread-1] INFO  server.RaftServerConfigKeys (ConfUtils.java:logGet(43)) - raft.server.log.corruption.policy = EXCEPTION (default)
2019-10-07 12:46:05,607 [pool-403-thread-1] INFO  storage.RaftStorageDirectory (RaftStorageDirectory.java:analyzeStorage(246)) - The storage directory /workdir/hadoop-ozone/integration-test/target/test-dir/MiniOzoneClusterImpl-40cf4cc9-95bf-4ba1-95ee-bb8437d0a9c7/datanode-2/data/ratis/12dcef4b-4dd1-49bc-982f-b9d17f537ebe does not exist. Creating ...
2019-10-07 12:46:05,620 [pool-403-thread-1] INFO  storage.RaftStorageDirectory (RaftStorageDirectory.java:tryLock(328)) - Lock on /workdir/hadoop-ozone/integration-test/target/test-dir/MiniOzoneClusterImpl-40cf4cc9-95bf-4ba1-95ee-bb8437d0a9c7/datanode-2/data/ratis/12dcef4b-4dd1-49bc-982f-b9d17f537ebe/in_use.lock acquired by nodename 11464@pr-hdds-2262-rg9fl-2107095119
2019-10-07 12:46:05,633 [pool-403-thread-1] INFO  storage.RaftStorage (RaftStorage.java:format(84)) - Storage directory /workdir/hadoop-ozone/integration-test/target/test-dir/MiniOzoneClusterImpl-40cf4cc9-95bf-4ba1-95ee-bb8437d0a9c7/datanode-2/data/ratis/12dcef4b-4dd1-49bc-982f-b9d17f537ebe has been successfully formatted.
2019-10-07 12:46:05,633 [pool-403-thread-1] INFO  ratis.ContainerStateMachine (ContainerStateMachine.java:loadSnapshot(231)) - group-B9D17F537EBE: The snapshot info is null. Setting the last applied indexto:(t:0, i:~)
2019-10-07 12:46:05,633 [pool-403-thread-1] INFO  server.RaftServerConfigKeys (ConfUtils.java:logGet(43)) - raft.server.notification.no-leader.timeout = 120s (custom)
2019-10-07 12:46:05,633 [pool-403-thread-1] INFO  server.RaftServerConfigKeys (ConfUtils.java:logGet(43)) - raft.server.log.use.memory = false (default)
2019-10-07 12:46:05,634 [pool-403-thread-1] INFO  server.RaftServerConfigKeys (ConfUtils.java:logGet(43)) - raft.server.log.purge.gap = 1000000 (custom)
2019-10-07 12:46:05,634 [pool-403-thread-1] INFO  server.RaftServerConfigKeys (ConfUtils.java:logGet(43)) - raft.server.log.appender.buffer.byte-limit = 33554432 (custom)
2019-10-07 12:46:05,634 [pool-403-thread-1] INFO  server.RaftServerConfigKeys (ConfUtils.java:logGet(43)) - raft.server.log.segment.size.max = 1048576 (custom)
2019-10-07 12:46:05,635 [pool-403-thread-1] INFO  server.RaftServerConfigKeys (ConfUtils.java:logGet(43)) - raft.server.log.segment.cache.num.max = 2 (custom)
2019-10-07 12:46:05,636 [pool-403-thread-1] INFO  segmented.SegmentedRaftLogWorker (SegmentedRaftLogWorker.java:<init>(173)) - new 9a10e594-81e5-427d-a6b7-c8c9aa6b8a40@group-B9D17F537EBE-SegmentedRaftLogWorker for RaftStorage:Storage Directory /workdir/hadoop-ozone/integration-test/target/test-dir/MiniOzoneClusterImpl-40cf4cc9-95bf-4ba1-95ee-bb8437d0a9c7/datanode-2/data/ratis/12dcef4b-4dd1-49bc-982f-b9d17f537ebe
2019-10-07 12:46:05,636 [pool-403-thread-1] INFO  server.RaftServerConfigKeys (ConfUtils.java:logGet(43)) - raft.server.log.queue.byte-limit = 2147483647 (custom)
2019-10-07 12:46:05,636 [pool-403-thread-1] INFO  server.RaftServerConfigKeys (ConfUtils.java:logGet(43)) - raft.server.log.queue.element-limit = 1024 (custom)
2019-10-07 12:46:05,636 [pool-403-thread-1] INFO  server.RaftServerConfigKeys (ConfUtils.java:logGet(43)) - raft.server.log.segment.size.max = 1048576 (custom)
2019-10-07 12:46:05,636 [pool-403-thread-1] INFO  server.RaftServerConfigKeys (ConfUtils.java:logGet(43)) - raft.server.log.preallocated.size = 16384 (custom)
2019-10-07 12:46:05,636 [pool-403-thread-1] INFO  server.RaftServerConfigKeys (ConfUtils.java:logGet(43)) - raft.server.log.write.buffer.size = 33554432 (custom)
2019-10-07 12:46:05,636 [pool-403-thread-1] INFO  server.RaftServerConfigKeys (ConfUtils.java:logGet(43)) - raft.server.log.force.sync.num = 128 (default)
2019-10-07 12:46:05,636 [pool-403-thread-1] INFO  server.RaftServerConfigKeys (ConfUtils.java:logGet(43)) - raft.server.log.statemachine.data.sync = true (default)
2019-10-07 12:46:05,637 [pool-403-thread-1] INFO  server.RaftServerConfigKeys (ConfUtils.java:logGet(43)) - raft.server.log.statemachine.data.sync.timeout = 10s (default)
2019-10-07 12:46:05,637 [pool-403-thread-1] INFO  server.RaftServerConfigKeys (ConfUtils.java:logGet(43)) - raft.server.log.statemachine.data.sync.timeout.retry = -1 (default)
2019-10-07 12:46:05,637 [pool-403-thread-1] INFO  server.RaftServerConfigKeys (ConfUtils.java:logGet(43)) - raft.server.log.statemachine.data.caching.enabled = true (custom)
2019-10-07 12:46:05,637 [pool-403-thread-1] INFO  segmented.SegmentedRaftLogWorker (SegmentedRaftLogWorker.java:lambda$new$0(128)) - 9a10e594-81e5-427d-a6b7-c8c9aa6b8a40@group-B9D17F537EBE-SegmentedRaftLogWorker: flushIndex: setUnconditionally 0 -> -1
2019-10-07 12:46:05,638 [pool-403-thread-1] INFO  server.RaftServerConfigKeys (ConfUtils.java:logGet(43)) - raft.server.snapshot.auto.trigger.enabled = true (custom)
2019-10-07 12:46:05,638 [pool-403-thread-1] INFO  server.RaftServerConfigKeys (ConfUtils.java:logGet(43)) - raft.server.snapshot.auto.trigger.threshold = 10000 (custom)
2019-10-07 12:46:05,638 [pool-403-thread-1] INFO  server.RaftServerConfigKeys (ConfUtils.java:logGet(43)) - raft.server.snapshot.retention.file.num = 5 (custom)
2019-10-07 12:46:05,638 [pool-403-thread-1] INFO  server.RaftServerConfigKeys (ConfUtils.java:logGet(43)) - raft.server.retrycache.expirytime = 600000ms (custom)
2019-10-07 12:46:05,640 [pool-403-thread-1] INFO  impl.RaftServerImpl (RaftServerImpl.java:start(181)) - 9a10e594-81e5-427d-a6b7-c8c9aa6b8a40@group-B9D17F537EBE: start as a follower, conf=-1: [9a10e594-81e5-427d-a6b7-c8c9aa6b8a40:192.168.30.23:37438], old=null
2019-10-07 12:46:05,640 [pool-403-thread-1] INFO  impl.RaftServerImpl (RaftServerImpl.java:setRole(170)) - 9a10e594-81e5-427d-a6b7-c8c9aa6b8a40@group-B9D17F537EBE: changes role from      null to FOLLOWER at term 0 for startAsFollower
2019-10-07 12:46:05,640 [pool-403-thread-1] INFO  impl.RoleInfo (RoleInfo.java:updateAndGet(143)) - 9a10e594-81e5-427d-a6b7-c8c9aa6b8a40: start FollowerState
2019-10-07 12:46:05,640 [pool-403-thread-1] INFO  util.JmxRegister (JmxRegister.java:tryRegister(44)) - Successfully registered JMX Bean with object name Ratis:service=RaftServer,group=group-B9D17F537EBE,id=9a10e594-81e5-427d-a6b7-c8c9aa6b8a40
2019-10-07 12:46:05,645 [RatisPipelineUtilsThread] INFO  pipeline.PipelineStateManager (PipelineStateManager.java:addPipeline(56)) - Created pipeline Pipeline[ Id: 12dcef4b-4dd1-49bc-982f-b9d17f537ebe, Nodes: 9a10e594-81e5-427d-a6b7-c8c9aa6b8a40{ip: 192.168.30.23, host: pr-hdds-2262-rg9fl-2107095119, networkLocation: /default-rack, certSerialId: null}, Type:RATIS, Factor:ONE, State:OPEN]
2019-10-07 12:46:05,657 [grpc-default-executor-0] INFO  impl.RaftServerProxy (RaftServerProxy.java:addNew(89)) - 9a10e594-81e5-427d-a6b7-c8c9aa6b8a40: addNew group-0BD8710B21FA:[c68a69bd-486a-434f-8dc7-035c8595ac45:192.168.30.23:33219, 9a10e594-81e5-427d-a6b7-c8c9aa6b8a40:192.168.30.23:37438, 82708601-a3fe-4596-8191-8774b7e6ce6f:192.168.30.23:34165] returns group-0BD8710B21FA:java.util.concurrent.CompletableFuture@a03e9e6[Not completed]
2019-10-07 12:46:05,657 [grpc-default-executor-6] INFO  impl.RaftServerProxy (RaftServerProxy.java:addNew(89)) - c68a69bd-486a-434f-8dc7-035c8595ac45: addNew group-0BD8710B21FA:[c68a69bd-486a-434f-8dc7-035c8595ac45:192.168.30.23:33219, 9a10e594-81e5-427d-a6b7-c8c9aa6b8a40:192.168.30.23:37438, 82708601-a3fe-4596-8191-8774b7e6ce6f:192.168.30.23:34165] returns group-0BD8710B21FA:java.util.concurrent.CompletableFuture@6ef076cb[Not completed]
2019-10-07 12:46:05,657 [grpc-default-executor-1] INFO  impl.RaftServerProxy (RaftServerProxy.java:addNew(89)) - 82708601-a3fe-4596-8191-8774b7e6ce6f: addNew group-0BD8710B21FA:[c68a69bd-486a-434f-8dc7-035c8595ac45:192.168.30.23:33219, 9a10e594-81e5-427d-a6b7-c8c9aa6b8a40:192.168.30.23:37438, 82708601-a3fe-4596-8191-8774b7e6ce6f:192.168.30.23:34165] returns group-0BD8710B21FA:java.util.concurrent.CompletableFuture@2ea2b06a[Not completed]
2019-10-07 12:46:05,658 [pool-383-thread-1] INFO  impl.RaftServerImpl (RaftServerImpl.java:<init>(95)) - c68a69bd-486a-434f-8dc7-035c8595ac45: new RaftServerImpl for group-0BD8710B21FA:[c68a69bd-486a-434f-8dc7-035c8595ac45:192.168.30.23:33219, 9a10e594-81e5-427d-a6b7-c8c9aa6b8a40:192.168.30.23:37438, 82708601-a3fe-4596-8191-8774b7e6ce6f:192.168.30.23:34165] with ContainerStateMachine:uninitialized
2019-10-07 12:46:05,658 [pool-383-thread-1] INFO  server.RaftServerConfigKeys (ConfUtils.java:logGet(43)) - raft.server.rpc.timeout.min = 5s (custom)
2019-10-07 12:46:05,658 [pool-383-thread-1] INFO  server.RaftServerConfigKeys (ConfUtils.java:logGet(43)) - raft.server.rpc.timeout.max = 5200ms (custom)
2019-10-07 12:46:05,658 [pool-383-thread-1] INFO  server.RaftServerConfigKeys (ConfUtils.java:logGet(43)) - raft.server.rpcslowness.timeout = 120s (custom)
2019-10-07 12:46:05,658 [pool-383-thread-1] INFO  server.RaftServerConfigKeys (ConfUtils.java:logGet(43)) - raft.server.sleep.deviation.threshold = 300 (default)
2019-10-07 12:46:05,658 [pool-383-thread-1] INFO  server.RaftServerConfigKeys (ConfUtils.java:logGet(43)) - raft.server.log.appender.install.snapshot.enabled = false (custom)
2019-10-07 12:46:05,658 [pool-383-thread-1] INFO  impl.RaftServerImpl (ServerState.java:<init>(103)) - c68a69bd-486a-434f-8dc7-035c8595ac45@group-0BD8710B21FA: ConfigurationManager, init=-1: [c68a69bd-486a-434f-8dc7-035c8595ac45:192.168.30.23:33219, 9a10e594-81e5-427d-a6b7-c8c9aa6b8a40:192.168.30.23:37438, 82708601-a3fe-4596-8191-8774b7e6ce6f:192.168.30.23:34165], old=null, confs=<EMPTY_MAP>
2019-10-07 12:46:05,658 [pool-383-thread-1] INFO  server.RaftServerConfigKeys (ConfUtils.java:logGet(43)) - raft.server.storage.dir = [/workdir/hadoop-ozone/integration-test/target/test-dir/MiniOzoneClusterImpl-40cf4cc9-95bf-4ba1-95ee-bb8437d0a9c7/datanode-0/data/ratis] (custom)
2019-10-07 12:46:05,658 [pool-403-thread-1] INFO  impl.RaftServerImpl (RaftServerImpl.java:<init>(95)) - 9a10e594-81e5-427d-a6b7-c8c9aa6b8a40: new RaftServerImpl for group-0BD8710B21FA:[c68a69bd-486a-434f-8dc7-035c8595ac45:192.168.30.23:33219, 9a10e594-81e5-427d-a6b7-c8c9aa6b8a40:192.168.30.23:37438, 82708601-a3fe-4596-8191-8774b7e6ce6f:192.168.30.23:34165] with ContainerStateMachine:uninitialized
2019-10-07 12:46:05,658 [pool-383-thread-1] INFO  server.RaftServerConfigKeys (ConfUtils.java:logGet(43)) - raft.server.log.corruption.policy = EXCEPTION (default)
2019-10-07 12:46:05,659 [pool-403-thread-1] INFO  server.RaftServerConfigKeys (ConfUtils.java:logGet(43)) - raft.server.rpc.timeout.min = 5s (custom)
2019-10-07 12:46:05,659 [pool-383-thread-1] INFO  storage.RaftStorageDirectory (RaftStorageDirectory.java:analyzeStorage(246)) - The storage directory /workdir/hadoop-ozone/integration-test/target/test-dir/MiniOzoneClusterImpl-40cf4cc9-95bf-4ba1-95ee-bb8437d0a9c7/datanode-0/data/ratis/c32344c5-df69-4981-a1e6-0bd8710b21fa does not exist. Creating ...
2019-10-07 12:46:05,659 [pool-403-thread-1] INFO  server.RaftServerConfigKeys (ConfUtils.java:logGet(43)) - raft.server.rpc.timeout.max = 5200ms (custom)
2019-10-07 12:46:05,659 [pool-403-thread-1] INFO  server.RaftServerConfigKeys (ConfUtils.java:logGet(43)) - raft.server.rpcslowness.timeout = 120s (custom)
2019-10-07 12:46:05,659 [pool-403-thread-1] INFO  server.RaftServerConfigKeys (ConfUtils.java:logGet(43)) - raft.server.sleep.deviation.threshold = 300 (default)
2019-10-07 12:46:05,659 [pool-393-thread-1] INFO  impl.RaftServerImpl (RaftServerImpl.java:<init>(95)) - 82708601-a3fe-4596-8191-8774b7e6ce6f: new RaftServerImpl for group-0BD8710B21FA:[c68a69bd-486a-434f-8dc7-035c8595ac45:192.168.30.23:33219, 9a10e594-81e5-427d-a6b7-c8c9aa6b8a40:192.168.30.23:37438, 82708601-a3fe-4596-8191-8774b7e6ce6f:192.168.30.23:34165] with ContainerStateMachine:uninitialized
2019-10-07 12:46:05,659 [pool-403-thread-1] INFO  server.RaftServerConfigKeys (ConfUtils.java:logGet(43)) - raft.server.log.appender.install.snapshot.enabled = false (custom)
2019-10-07 12:46:05,660 [pool-393-thread-1] INFO  server.RaftServerConfigKeys (ConfUtils.java:logGet(43)) - raft.server.rpc.timeout.min = 5s (custom)
2019-10-07 12:46:05,660 [pool-403-thread-1] INFO  impl.RaftServerImpl (ServerState.java:<init>(103)) - 9a10e594-81e5-427d-a6b7-c8c9aa6b8a40@group-0BD8710B21FA: ConfigurationManager, init=-1: [c68a69bd-486a-434f-8dc7-035c8595ac45:192.168.30.23:33219, 9a10e594-81e5-427d-a6b7-c8c9aa6b8a40:192.168.30.23:37438, 82708601-a3fe-4596-8191-8774b7e6ce6f:192.168.30.23:34165], old=null, confs=<EMPTY_MAP>
2019-10-07 12:46:05,660 [pool-393-thread-1] INFO  server.RaftServerConfigKeys (ConfUtils.java:logGet(43)) - raft.server.rpc.timeout.max = 5200ms (custom)
2019-10-07 12:46:05,660 [pool-403-thread-1] INFO  server.RaftServerConfigKeys (ConfUtils.java:logGet(43)) - raft.server.storage.dir = [/workdir/hadoop-ozone/integration-test/target/test-dir/MiniOzoneClusterImpl-40cf4cc9-95bf-4ba1-95ee-bb8437d0a9c7/datanode-2/data/ratis] (custom)
2019-10-07 12:46:05,660 [pool-393-thread-1] INFO  server.RaftServerConfigKeys (ConfUtils.java:logGet(43)) - raft.server.rpcslowness.timeout = 120s (custom)
2019-10-07 12:46:05,660 [pool-393-thread-1] INFO  server.RaftServerConfigKeys (ConfUtils.java:logGet(43)) - raft.server.sleep.deviation.threshold = 300 (default)
2019-10-07 12:46:05,660 [pool-403-thread-1] INFO  server.RaftServerConfigKeys (ConfUtils.java:logGet(43)) - raft.server.log.corruption.policy = EXCEPTION (default)
2019-10-07 12:46:05,661 [pool-393-thread-1] INFO  server.RaftServerConfigKeys (ConfUtils.java:logGet(43)) - raft.server.log.appender.install.snapshot.enabled = false (custom)
2019-10-07 12:46:05,661 [pool-403-thread-1] INFO  storage.RaftStorageDirectory (RaftStorageDirectory.java:analyzeStorage(246)) - The storage directory /workdir/hadoop-ozone/integration-test/target/test-dir/MiniOzoneClusterImpl-40cf4cc9-95bf-4ba1-95ee-bb8437d0a9c7/datanode-2/data/ratis/c32344c5-df69-4981-a1e6-0bd8710b21fa does not exist. Creating ...
2019-10-07 12:46:05,661 [pool-393-thread-1] INFO  impl.RaftServerImpl (ServerState.java:<init>(103)) - 82708601-a3fe-4596-8191-8774b7e6ce6f@group-0BD8710B21FA: ConfigurationManager, init=-1: [c68a69bd-486a-434f-8dc7-035c8595ac45:192.168.30.23:33219, 9a10e594-81e5-427d-a6b7-c8c9aa6b8a40:192.168.30.23:37438, 82708601-a3fe-4596-8191-8774b7e6ce6f:192.168.30.23:34165], old=null, confs=<EMPTY_MAP>
2019-10-07 12:46:05,661 [IPC Server handler 4 on 40993] INFO  net.NetworkTopology (NetworkTopologyImpl.java:add(111)) - Added a new node: /default-rack/ea5ac44b-ceaf-40bb-90f9-b9e3668e302c
2019-10-07 12:46:05,661 [pool-393-thread-1] INFO  server.RaftServerConfigKeys (ConfUtils.java:logGet(43)) - raft.server.storage.dir = [/workdir/hadoop-ozone/integration-test/target/test-dir/MiniOzoneClusterImpl-40cf4cc9-95bf-4ba1-95ee-bb8437d0a9c7/datanode-1/data/ratis] (custom)
2019-10-07 12:46:05,661 [IPC Server handler 4 on 40993] INFO  node.SCMNodeManager (SCMNodeManager.java:register(268)) - Registered Data node : ea5ac44b-ceaf-40bb-90f9-b9e3668e302c{ip: 192.168.30.23, host: pr-hdds-2262-rg9fl-2107095119, networkLocation: /default-rack, certSerialId: null}
2019-10-07 12:46:05,662 [pool-393-thread-1] INFO  server.RaftServerConfigKeys (ConfUtils.java:logGet(43)) - raft.server.log.corruption.policy = EXCEPTION (default)
2019-10-07 12:46:05,662 [pool-393-thread-1] INFO  storage.RaftStorageDirectory (RaftStorageDirectory.java:analyzeStorage(246)) - The storage directory /workdir/hadoop-ozone/integration-test/target/test-dir/MiniOzoneClusterImpl-40cf4cc9-95bf-4ba1-95ee-bb8437d0a9c7/datanode-1/data/ratis/c32344c5-df69-4981-a1e6-0bd8710b21fa does not exist. Creating ...
2019-10-07 12:46:05,672 [pool-383-thread-1] INFO  storage.RaftStorageDirectory (RaftStorageDirectory.java:tryLock(328)) - Lock on /workdir/hadoop-ozone/integration-test/target/test-dir/MiniOzoneClusterImpl-40cf4cc9-95bf-4ba1-95ee-bb8437d0a9c7/datanode-0/data/ratis/c32344c5-df69-4981-a1e6-0bd8710b21fa/in_use.lock acquired by nodename 11464@pr-hdds-2262-rg9fl-2107095119
2019-10-07 12:46:05,672 [pool-393-thread-1] INFO  storage.RaftStorageDirectory (RaftStorageDirectory.java:tryLock(328)) - Lock on /workdir/hadoop-ozone/integration-test/target/test-dir/MiniOzoneClusterImpl-40cf4cc9-95bf-4ba1-95ee-bb8437d0a9c7/datanode-1/data/ratis/c32344c5-df69-4981-a1e6-0bd8710b21fa/in_use.lock acquired by nodename 11464@pr-hdds-2262-rg9fl-2107095119
2019-10-07 12:46:05,672 [pool-403-thread-1] INFO  storage.RaftStorageDirectory (RaftStorageDirectory.java:tryLock(328)) - Lock on /workdir/hadoop-ozone/integration-test/target/test-dir/MiniOzoneClusterImpl-40cf4cc9-95bf-4ba1-95ee-bb8437d0a9c7/datanode-2/data/ratis/c32344c5-df69-4981-a1e6-0bd8710b21fa/in_use.lock acquired by nodename 11464@pr-hdds-2262-rg9fl-2107095119
2019-10-07 12:46:05,686 [pool-383-thread-1] INFO  storage.RaftStorage (RaftStorage.java:format(84)) - Storage directory /workdir/hadoop-ozone/integration-test/target/test-dir/MiniOzoneClusterImpl-40cf4cc9-95bf-4ba1-95ee-bb8437d0a9c7/datanode-0/data/ratis/c32344c5-df69-4981-a1e6-0bd8710b21fa has been successfully formatted.
2019-10-07 12:46:05,686 [pool-403-thread-1] INFO  storage.RaftStorage (RaftStorage.java:format(84)) - Storage directory /workdir/hadoop-ozone/integration-test/target/test-dir/MiniOzoneClusterImpl-40cf4cc9-95bf-4ba1-95ee-bb8437d0a9c7/datanode-2/data/ratis/c32344c5-df69-4981-a1e6-0bd8710b21fa has been successfully formatted.
2019-10-07 12:46:05,686 [pool-393-thread-1] INFO  storage.RaftStorage (RaftStorage.java:format(84)) - Storage directory /workdir/hadoop-ozone/integration-test/target/test-dir/MiniOzoneClusterImpl-40cf4cc9-95bf-4ba1-95ee-bb8437d0a9c7/datanode-1/data/ratis/c32344c5-df69-4981-a1e6-0bd8710b21fa has been successfully formatted.
2019-10-07 12:46:05,686 [pool-383-thread-1] INFO  ratis.ContainerStateMachine (ContainerStateMachine.java:loadSnapshot(231)) - group-0BD8710B21FA: The snapshot info is null. Setting the last applied indexto:(t:0, i:~)
2019-10-07 12:46:05,686 [pool-393-thread-1] INFO  ratis.ContainerStateMachine (ContainerStateMachine.java:loadSnapshot(231)) - group-0BD8710B21FA: The snapshot info is null. Setting the last applied indexto:(t:0, i:~)
2019-10-07 12:46:05,686 [pool-403-thread-1] INFO  ratis.ContainerStateMachine (ContainerStateMachine.java:loadSnapshot(231)) - group-0BD8710B21FA: The snapshot info is null. Setting the last applied indexto:(t:0, i:~)
2019-10-07 12:46:05,686 [pool-393-thread-1] INFO  server.RaftServerConfigKeys (ConfUtils.java:logGet(43)) - raft.server.notification.no-leader.timeout = 120s (custom)
2019-10-07 12:46:05,686 [pool-383-thread-1] INFO  server.RaftServerConfigKeys (ConfUtils.java:logGet(43)) - raft.server.notification.no-leader.timeout = 120s (custom)
2019-10-07 12:46:05,686 [pool-393-thread-1] INFO  server.RaftServerConfigKeys (ConfUtils.java:logGet(43)) - raft.server.log.use.memory = false (default)
2019-10-07 12:46:05,686 [pool-403-thread-1] INFO  server.RaftServerConfigKeys (ConfUtils.java:logGet(43)) - raft.server.notification.no-leader.timeout = 120s (custom)
2019-10-07 12:46:05,687 [pool-393-thread-1] INFO  server.RaftServerConfigKeys (ConfUtils.java:logGet(43)) - raft.server.log.purge.gap = 1000000 (custom)
2019-10-07 12:46:05,686 [pool-383-thread-1] INFO  server.RaftServerConfigKeys (ConfUtils.java:logGet(43)) - raft.server.log.use.memory = false (default)
2019-10-07 12:46:05,687 [pool-393-thread-1] INFO  server.RaftServerConfigKeys (ConfUtils.java:logGet(43)) - raft.server.log.appender.buffer.byte-limit = 33554432 (custom)
2019-10-07 12:46:05,687 [pool-403-thread-1] INFO  server.RaftServerConfigKeys (ConfUtils.java:logGet(43)) - raft.server.log.use.memory = false (default)
2019-10-07 12:46:05,687 [pool-393-thread-1] INFO  server.RaftServerConfigKeys (ConfUtils.java:logGet(43)) - raft.server.log.segment.size.max = 1048576 (custom)
2019-10-07 12:46:05,687 [pool-383-thread-1] INFO  server.RaftServerConfigKeys (ConfUtils.java:logGet(43)) - raft.server.log.purge.gap = 1000000 (custom)
2019-10-07 12:46:05,687 [pool-393-thread-1] INFO  server.RaftServerConfigKeys (ConfUtils.java:logGet(43)) - raft.server.log.segment.cache.num.max = 2 (custom)
2019-10-07 12:46:05,687 [pool-403-thread-1] INFO  server.RaftServerConfigKeys (ConfUtils.java:logGet(43)) - raft.server.log.purge.gap = 1000000 (custom)
2019-10-07 12:46:05,687 [pool-393-thread-1] INFO  segmented.SegmentedRaftLogWorker (SegmentedRaftLogWorker.java:<init>(173)) - new 82708601-a3fe-4596-8191-8774b7e6ce6f@group-0BD8710B21FA-SegmentedRaftLogWorker for RaftStorage:Storage Directory /workdir/hadoop-ozone/integration-test/target/test-dir/MiniOzoneClusterImpl-40cf4cc9-95bf-4ba1-95ee-bb8437d0a9c7/datanode-1/data/ratis/c32344c5-df69-4981-a1e6-0bd8710b21fa
2019-10-07 12:46:05,687 [pool-383-thread-1] INFO  server.RaftServerConfigKeys (ConfUtils.java:logGet(43)) - raft.server.log.appender.buffer.byte-limit = 33554432 (custom)
2019-10-07 12:46:05,688 [pool-393-thread-1] INFO  server.RaftServerConfigKeys (ConfUtils.java:logGet(43)) - raft.server.log.queue.byte-limit = 2147483647 (custom)
2019-10-07 12:46:05,687 [pool-403-thread-1] INFO  server.RaftServerConfigKeys (ConfUtils.java:logGet(43)) - raft.server.log.appender.buffer.byte-limit = 33554432 (custom)
2019-10-07 12:46:05,688 [pool-393-thread-1] INFO  server.RaftServerConfigKeys (ConfUtils.java:logGet(43)) - raft.server.log.queue.element-limit = 1024 (custom)
2019-10-07 12:46:05,688 [pool-383-thread-1] INFO  server.RaftServerConfigKeys (ConfUtils.java:logGet(43)) - raft.server.log.segment.size.max = 1048576 (custom)
2019-10-07 12:46:05,688 [pool-393-thread-1] INFO  server.RaftServerConfigKeys (ConfUtils.java:logGet(43)) - raft.server.log.segment.size.max = 1048576 (custom)
2019-10-07 12:46:05,688 [pool-403-thread-1] INFO  server.RaftServerConfigKeys (ConfUtils.java:logGet(43)) - raft.server.log.segment.size.max = 1048576 (custom)
2019-10-07 12:46:05,688 [pool-393-thread-1] INFO  server.RaftServerConfigKeys (ConfUtils.java:logGet(43)) - raft.server.log.preallocated.size = 16384 (custom)
2019-10-07 12:46:05,688 [pool-393-thread-1] INFO  server.RaftServerConfigKeys (ConfUtils.java:logGet(43)) - raft.server.log.write.buffer.size = 33554432 (custom)
2019-10-07 12:46:05,688 [pool-383-thread-1] INFO  server.RaftServerConfigKeys (ConfUtils.java:logGet(43)) - raft.server.log.segment.cache.num.max = 2 (custom)
2019-10-07 12:46:05,689 [pool-393-thread-1] INFO  server.RaftServerConfigKeys (ConfUtils.java:logGet(43)) - raft.server.log.force.sync.num = 128 (default)
2019-10-07 12:46:05,688 [pool-403-thread-1] INFO  server.RaftServerConfigKeys (ConfUtils.java:logGet(43)) - raft.server.log.segment.cache.num.max = 2 (custom)
2019-10-07 12:46:05,689 [pool-393-thread-1] INFO  server.RaftServerConfigKeys (ConfUtils.java:logGet(43)) - raft.server.log.statemachine.data.sync = true (default)
2019-10-07 12:46:05,689 [pool-383-thread-1] INFO  segmented.SegmentedRaftLogWorker (SegmentedRaftLogWorker.java:<init>(173)) - new c68a69bd-486a-434f-8dc7-035c8595ac45@group-0BD8710B21FA-SegmentedRaftLogWorker for RaftStorage:Storage Directory /workdir/hadoop-ozone/integration-test/target/test-dir/MiniOzoneClusterImpl-40cf4cc9-95bf-4ba1-95ee-bb8437d0a9c7/datanode-0/data/ratis/c32344c5-df69-4981-a1e6-0bd8710b21fa
2019-10-07 12:46:05,689 [pool-393-thread-1] INFO  server.RaftServerConfigKeys (ConfUtils.java:logGet(43)) - raft.server.log.statemachine.data.sync.timeout = 10s (default)
2019-10-07 12:46:05,689 [pool-393-thread-1] INFO  server.RaftServerConfigKeys (ConfUtils.java:logGet(43)) - raft.server.log.statemachine.data.sync.timeout.retry = -1 (default)
2019-10-07 12:46:05,689 [pool-403-thread-1] INFO  segmented.SegmentedRaftLogWorker (SegmentedRaftLogWorker.java:<init>(173)) - new 9a10e594-81e5-427d-a6b7-c8c9aa6b8a40@group-0BD8710B21FA-SegmentedRaftLogWorker for RaftStorage:Storage Directory /workdir/hadoop-ozone/integration-test/target/test-dir/MiniOzoneClusterImpl-40cf4cc9-95bf-4ba1-95ee-bb8437d0a9c7/datanode-2/data/ratis/c32344c5-df69-4981-a1e6-0bd8710b21fa
2019-10-07 12:46:05,689 [pool-393-thread-1] INFO  server.RaftServerConfigKeys (ConfUtils.java:logGet(43)) - raft.server.log.statemachine.data.caching.enabled = true (custom)
2019-10-07 12:46:05,689 [pool-383-thread-1] INFO  server.RaftServerConfigKeys (ConfUtils.java:logGet(43)) - raft.server.log.queue.byte-limit = 2147483647 (custom)
2019-10-07 12:46:05,690 [pool-393-thread-1] INFO  segmented.SegmentedRaftLogWorker (SegmentedRaftLogWorker.java:lambda$new$0(128)) - 82708601-a3fe-4596-8191-8774b7e6ce6f@group-0BD8710B21FA-SegmentedRaftLogWorker: flushIndex: setUnconditionally 0 -> -1
2019-10-07 12:46:05,689 [pool-403-thread-1] INFO  server.RaftServerConfigKeys (ConfUtils.java:logGet(43)) - raft.server.log.queue.byte-limit = 2147483647 (custom)
2019-10-07 12:46:05,690 [pool-393-thread-1] INFO  server.RaftServerConfigKeys (ConfUtils.java:logGet(43)) - raft.server.snapshot.auto.trigger.enabled = true (custom)
2019-10-07 12:46:05,690 [pool-383-thread-1] INFO  server.RaftServerConfigKeys (ConfUtils.java:logGet(43)) - raft.server.log.queue.element-limit = 1024 (custom)
2019-10-07 12:46:05,690 [pool-393-thread-1] INFO  server.RaftServerConfigKeys (ConfUtils.java:logGet(43)) - raft.server.snapshot.auto.trigger.threshold = 10000 (custom)
2019-10-07 12:46:05,690 [pool-393-thread-1] INFO  server.RaftServerConfigKeys (ConfUtils.java:logGet(43)) - raft.server.snapshot.retention.file.num = 5 (custom)
2019-10-07 12:46:05,690 [pool-403-thread-1] INFO  server.RaftServerConfigKeys (ConfUtils.java:logGet(43)) - raft.server.log.queue.element-limit = 1024 (custom)
2019-10-07 12:46:05,690 [pool-393-thread-1] INFO  server.RaftServerConfigKeys (ConfUtils.java:logGet(43)) - raft.server.retrycache.expirytime = 600000ms (custom)
2019-10-07 12:46:05,690 [pool-383-thread-1] INFO  server.RaftServerConfigKeys (ConfUtils.java:logGet(43)) - raft.server.log.segment.size.max = 1048576 (custom)
2019-10-07 12:46:05,691 [pool-403-thread-1] INFO  server.RaftServerConfigKeys (ConfUtils.java:logGet(43)) - raft.server.log.segment.size.max = 1048576 (custom)
2019-10-07 12:46:05,691 [pool-383-thread-1] INFO  server.RaftServerConfigKeys (ConfUtils.java:logGet(43)) - raft.server.log.preallocated.size = 16384 (custom)
2019-10-07 12:46:05,691 [pool-403-thread-1] INFO  server.RaftServerConfigKeys (ConfUtils.java:logGet(43)) - raft.server.log.preallocated.size = 16384 (custom)
2019-10-07 12:46:05,691 [pool-383-thread-1] INFO  server.RaftServerConfigKeys (ConfUtils.java:logGet(43)) - raft.server.log.write.buffer.size = 33554432 (custom)
2019-10-07 12:46:05,691 [pool-403-thread-1] INFO  server.RaftServerConfigKeys (ConfUtils.java:logGet(43)) - raft.server.log.write.buffer.size = 33554432 (custom)
2019-10-07 12:46:05,691 [pool-383-thread-1] INFO  server.RaftServerConfigKeys (ConfUtils.java:logGet(43)) - raft.server.log.force.sync.num = 128 (default)
2019-10-07 12:46:05,692 [pool-403-thread-1] INFO  server.RaftServerConfigKeys (ConfUtils.java:logGet(43)) - raft.server.log.force.sync.num = 128 (default)
2019-10-07 12:46:05,692 [pool-383-thread-1] INFO  server.RaftServerConfigKeys (ConfUtils.java:logGet(43)) - raft.server.log.statemachine.data.sync = true (default)
2019-10-07 12:46:05,692 [pool-393-thread-1] INFO  impl.RaftServerImpl (RaftServerImpl.java:start(181)) - 82708601-a3fe-4596-8191-8774b7e6ce6f@group-0BD8710B21FA: start as a follower, conf=-1: [c68a69bd-486a-434f-8dc7-035c8595ac45:192.168.30.23:33219, 9a10e594-81e5-427d-a6b7-c8c9aa6b8a40:192.168.30.23:37438, 82708601-a3fe-4596-8191-8774b7e6ce6f:192.168.30.23:34165], old=null
2019-10-07 12:46:05,692 [pool-383-thread-1] INFO  server.RaftServerConfigKeys (ConfUtils.java:logGet(43)) - raft.server.log.statemachine.data.sync.timeout = 10s (default)
2019-10-07 12:46:05,692 [pool-403-thread-1] INFO  server.RaftServerConfigKeys (ConfUtils.java:logGet(43)) - raft.server.log.statemachine.data.sync = true (default)
2019-10-07 12:46:05,692 [pool-383-thread-1] INFO  server.RaftServerConfigKeys (ConfUtils.java:logGet(43)) - raft.server.log.statemachine.data.sync.timeout.retry = -1 (default)
2019-10-07 12:46:05,692 [pool-393-thread-1] INFO  impl.RaftServerImpl (RaftServerImpl.java:setRole(170)) - 82708601-a3fe-4596-8191-8774b7e6ce6f@group-0BD8710B21FA: changes role from      null to FOLLOWER at term 0 for startAsFollower
2019-10-07 12:46:05,693 [pool-383-thread-1] INFO  server.RaftServerConfigKeys (ConfUtils.java:logGet(43)) - raft.server.log.statemachine.data.caching.enabled = true (custom)
2019-10-07 12:46:05,693 [pool-393-thread-1] INFO  impl.RoleInfo (RoleInfo.java:updateAndGet(143)) - 82708601-a3fe-4596-8191-8774b7e6ce6f: start FollowerState
2019-10-07 12:46:05,692 [pool-403-thread-1] INFO  server.RaftServerConfigKeys (ConfUtils.java:logGet(43)) - raft.server.log.statemachine.data.sync.timeout = 10s (default)
2019-10-07 12:46:05,693 [pool-383-thread-1] INFO  segmented.SegmentedRaftLogWorker (SegmentedRaftLogWorker.java:lambda$new$0(128)) - c68a69bd-486a-434f-8dc7-035c8595ac45@group-0BD8710B21FA-SegmentedRaftLogWorker: flushIndex: setUnconditionally 0 -> -1
2019-10-07 12:46:05,693 [pool-403-thread-1] INFO  server.RaftServerConfigKeys (ConfUtils.java:logGet(43)) - raft.server.log.statemachine.data.sync.timeout.retry = -1 (default)
2019-10-07 12:46:05,693 [pool-393-thread-1] INFO  util.JmxRegister (JmxRegister.java:tryRegister(44)) - Successfully registered JMX Bean with object name Ratis:service=RaftServer,group=group-0BD8710B21FA,id=82708601-a3fe-4596-8191-8774b7e6ce6f
2019-10-07 12:46:05,693 [pool-383-thread-1] INFO  server.RaftServerConfigKeys (ConfUtils.java:logGet(43)) - raft.server.snapshot.auto.trigger.enabled = true (custom)
2019-10-07 12:46:05,693 [pool-403-thread-1] INFO  server.RaftServerConfigKeys (ConfUtils.java:logGet(43)) - raft.server.log.statemachine.data.caching.enabled = true (custom)
2019-10-07 12:46:05,694 [pool-383-thread-1] INFO  server.RaftServerConfigKeys (ConfUtils.java:logGet(43)) - raft.server.snapshot.auto.trigger.threshold = 10000 (custom)
2019-10-07 12:46:05,694 [pool-383-thread-1] INFO  server.RaftServerConfigKeys (ConfUtils.java:logGet(43)) - raft.server.snapshot.retention.file.num = 5 (custom)
2019-10-07 12:46:05,694 [pool-403-thread-1] INFO  segmented.SegmentedRaftLogWorker (SegmentedRaftLogWorker.java:lambda$new$0(128)) - 9a10e594-81e5-427d-a6b7-c8c9aa6b8a40@group-0BD8710B21FA-SegmentedRaftLogWorker: flushIndex: setUnconditionally 0 -> -1
2019-10-07 12:46:05,694 [pool-383-thread-1] INFO  server.RaftServerConfigKeys (ConfUtils.java:logGet(43)) - raft.server.retrycache.expirytime = 600000ms (custom)
2019-10-07 12:46:05,694 [pool-403-thread-1] INFO  server.RaftServerConfigKeys (ConfUtils.java:logGet(43)) - raft.server.snapshot.auto.trigger.enabled = true (custom)
2019-10-07 12:46:05,694 [pool-403-thread-1] INFO  server.RaftServerConfigKeys (ConfUtils.java:logGet(43)) - raft.server.snapshot.auto.trigger.threshold = 10000 (custom)
2019-10-07 12:46:05,694 [pool-403-thread-1] INFO  server.RaftServerConfigKeys (ConfUtils.java:logGet(43)) - raft.server.snapshot.retention.file.num = 5 (custom)
2019-10-07 12:46:05,694 [pool-403-thread-1] INFO  server.RaftServerConfigKeys (ConfUtils.java:logGet(43)) - raft.server.retrycache.expirytime = 600000ms (custom)
2019-10-07 12:46:05,697 [pool-383-thread-1] INFO  impl.RaftServerImpl (RaftServerImpl.java:start(181)) - c68a69bd-486a-434f-8dc7-035c8595ac45@group-0BD8710B21FA: start as a follower, conf=-1: [c68a69bd-486a-434f-8dc7-035c8595ac45:192.168.30.23:33219, 9a10e594-81e5-427d-a6b7-c8c9aa6b8a40:192.168.30.23:37438, 82708601-a3fe-4596-8191-8774b7e6ce6f:192.168.30.23:34165], old=null
2019-10-07 12:46:05,697 [pool-403-thread-1] INFO  impl.RaftServerImpl (RaftServerImpl.java:start(181)) - 9a10e594-81e5-427d-a6b7-c8c9aa6b8a40@group-0BD8710B21FA: start as a follower, conf=-1: [c68a69bd-486a-434f-8dc7-035c8595ac45:192.168.30.23:33219, 9a10e594-81e5-427d-a6b7-c8c9aa6b8a40:192.168.30.23:37438, 82708601-a3fe-4596-8191-8774b7e6ce6f:192.168.30.23:34165], old=null
2019-10-07 12:46:05,697 [pool-383-thread-1] INFO  impl.RaftServerImpl (RaftServerImpl.java:setRole(170)) - c68a69bd-486a-434f-8dc7-035c8595ac45@group-0BD8710B21FA: changes role from      null to FOLLOWER at term 0 for startAsFollower
2019-10-07 12:46:05,697 [pool-403-thread-1] INFO  impl.RaftServerImpl (RaftServerImpl.java:setRole(170)) - 9a10e594-81e5-427d-a6b7-c8c9aa6b8a40@group-0BD8710B21FA: changes role from      null to FOLLOWER at term 0 for startAsFollower
2019-10-07 12:46:05,697 [pool-383-thread-1] INFO  impl.RoleInfo (RoleInfo.java:updateAndGet(143)) - c68a69bd-486a-434f-8dc7-035c8595ac45: start FollowerState
2019-10-07 12:46:05,697 [pool-403-thread-1] INFO  impl.RoleInfo (RoleInfo.java:updateAndGet(143)) - 9a10e594-81e5-427d-a6b7-c8c9aa6b8a40: start FollowerState
2019-10-07 12:46:05,697 [pool-383-thread-1] INFO  util.JmxRegister (JmxRegister.java:tryRegister(44)) - Successfully registered JMX Bean with object name Ratis:service=RaftServer,group=group-0BD8710B21FA,id=c68a69bd-486a-434f-8dc7-035c8595ac45
2019-10-07 12:46:05,697 [pool-403-thread-1] INFO  util.JmxRegister (JmxRegister.java:tryRegister(44)) - Successfully registered JMX Bean with object name Ratis:service=RaftServer,group=group-0BD8710B21FA,id=9a10e594-81e5-427d-a6b7-c8c9aa6b8a40
2019-10-07 12:46:05,702 [RatisPipelineUtilsThread] INFO  pipeline.PipelineStateManager (PipelineStateManager.java:addPipeline(56)) - Created pipeline Pipeline[ Id: c32344c5-df69-4981-a1e6-0bd8710b21fa, Nodes: 82708601-a3fe-4596-8191-8774b7e6ce6f{ip: 192.168.30.23, host: pr-hdds-2262-rg9fl-2107095119, networkLocation: /default-rack, certSerialId: null}c68a69bd-486a-434f-8dc7-035c8595ac45{ip: 192.168.30.23, host: pr-hdds-2262-rg9fl-2107095119, networkLocation: /default-rack, certSerialId: null}9a10e594-81e5-427d-a6b7-c8c9aa6b8a40{ip: 192.168.30.23, host: pr-hdds-2262-rg9fl-2107095119, networkLocation: /default-rack, certSerialId: null}, Type:RATIS, Factor:THREE, State:OPEN]
2019-10-07 12:46:05,741 [IPC Server handler 5 on 40993] INFO  net.NetworkTopology (NetworkTopologyImpl.java:add(111)) - Added a new node: /default-rack/c49e0775-c550-4092-994d-f01e153db261
2019-10-07 12:46:05,742 [IPC Server handler 5 on 40993] INFO  node.SCMNodeManager (SCMNodeManager.java:register(268)) - Registered Data node : c49e0775-c550-4092-994d-f01e153db261{ip: 192.168.30.23, host: pr-hdds-2262-rg9fl-2107095119, networkLocation: /default-rack, certSerialId: null}
2019-10-07 12:46:05,751 [grpc-default-executor-1] INFO  impl.RaftServerProxy (RaftServerProxy.java:addNew(89)) - c49e0775-c550-4092-994d-f01e153db261: addNew group-820D5432DF55:[c49e0775-c550-4092-994d-f01e153db261:192.168.30.23:38401] returns group-820D5432DF55:java.util.concurrent.CompletableFuture@73c05011[Not completed]
2019-10-07 12:46:05,756 [pool-423-thread-1] INFO  impl.RaftServerImpl (RaftServerImpl.java:<init>(95)) - c49e0775-c550-4092-994d-f01e153db261: new RaftServerImpl for group-820D5432DF55:[c49e0775-c550-4092-994d-f01e153db261:192.168.30.23:38401] with ContainerStateMachine:uninitialized
2019-10-07 12:46:05,756 [pool-423-thread-1] INFO  server.RaftServerConfigKeys (ConfUtils.java:logGet(43)) - raft.server.rpc.timeout.min = 5s (custom)
2019-10-07 12:46:05,756 [pool-423-thread-1] INFO  server.RaftServerConfigKeys (ConfUtils.java:logGet(43)) - raft.server.rpc.timeout.max = 5200ms (custom)
2019-10-07 12:46:05,756 [pool-423-thread-1] INFO  server.RaftServerConfigKeys (ConfUtils.java:logGet(43)) - raft.server.rpcslowness.timeout = 120s (custom)
2019-10-07 12:46:05,756 [pool-423-thread-1] INFO  server.RaftServerConfigKeys (ConfUtils.java:logGet(43)) - raft.server.sleep.deviation.threshold = 300 (default)
2019-10-07 12:46:05,756 [pool-423-thread-1] INFO  server.RaftServerConfigKeys (ConfUtils.java:logGet(43)) - raft.server.log.appender.install.snapshot.enabled = false (custom)
2019-10-07 12:46:05,757 [pool-423-thread-1] INFO  impl.RaftServerImpl (ServerState.java:<init>(103)) - c49e0775-c550-4092-994d-f01e153db261@group-820D5432DF55: ConfigurationManager, init=-1: [c49e0775-c550-4092-994d-f01e153db261:192.168.30.23:38401], old=null, confs=<EMPTY_MAP>
2019-10-07 12:46:05,757 [pool-423-thread-1] INFO  server.RaftServerConfigKeys (ConfUtils.java:logGet(43)) - raft.server.storage.dir = [/workdir/hadoop-ozone/integration-test/target/test-dir/MiniOzoneClusterImpl-40cf4cc9-95bf-4ba1-95ee-bb8437d0a9c7/datanode-4/data/ratis] (custom)
2019-10-07 12:46:05,757 [pool-423-thread-1] INFO  server.RaftServerConfigKeys (ConfUtils.java:logGet(43)) - raft.server.log.corruption.policy = EXCEPTION (default)
2019-10-07 12:46:05,757 [pool-423-thread-1] INFO  storage.RaftStorageDirectory (RaftStorageDirectory.java:analyzeStorage(246)) - The storage directory /workdir/hadoop-ozone/integration-test/target/test-dir/MiniOzoneClusterImpl-40cf4cc9-95bf-4ba1-95ee-bb8437d0a9c7/datanode-4/data/ratis/92f4de70-ee99-4a16-b440-820d5432df55 does not exist. Creating ...
2019-10-07 12:46:05,769 [pool-423-thread-1] INFO  storage.RaftStorageDirectory (RaftStorageDirectory.java:tryLock(328)) - Lock on /workdir/hadoop-ozone/integration-test/target/test-dir/MiniOzoneClusterImpl-40cf4cc9-95bf-4ba1-95ee-bb8437d0a9c7/datanode-4/data/ratis/92f4de70-ee99-4a16-b440-820d5432df55/in_use.lock acquired by nodename 11464@pr-hdds-2262-rg9fl-2107095119
2019-10-07 12:46:05,783 [pool-423-thread-1] INFO  storage.RaftStorage (RaftStorage.java:format(84)) - Storage directory /workdir/hadoop-ozone/integration-test/target/test-dir/MiniOzoneClusterImpl-40cf4cc9-95bf-4ba1-95ee-bb8437d0a9c7/datanode-4/data/ratis/92f4de70-ee99-4a16-b440-820d5432df55 has been successfully formatted.
2019-10-07 12:46:05,783 [pool-423-thread-1] INFO  ratis.ContainerStateMachine (ContainerStateMachine.java:loadSnapshot(231)) - group-820D5432DF55: The snapshot info is null. Setting the last applied indexto:(t:0, i:~)
2019-10-07 12:46:05,783 [pool-423-thread-1] INFO  server.RaftServerConfigKeys (ConfUtils.java:logGet(43)) - raft.server.notification.no-leader.timeout = 120s (custom)
2019-10-07 12:46:05,783 [pool-423-thread-1] INFO  server.RaftServerConfigKeys (ConfUtils.java:logGet(43)) - raft.server.log.use.memory = false (default)
2019-10-07 12:46:05,784 [pool-423-thread-1] INFO  server.RaftServerConfigKeys (ConfUtils.java:logGet(43)) - raft.server.log.purge.gap = 1000000 (custom)
2019-10-07 12:46:05,784 [pool-423-thread-1] INFO  server.RaftServerConfigKeys (ConfUtils.java:logGet(43)) - raft.server.log.appender.buffer.byte-limit = 33554432 (custom)
2019-10-07 12:46:05,784 [pool-423-thread-1] INFO  server.RaftServerConfigKeys (ConfUtils.java:logGet(43)) - raft.server.log.segment.size.max = 1048576 (custom)
2019-10-07 12:46:05,786 [pool-423-thread-1] INFO  server.RaftServerConfigKeys (ConfUtils.java:logGet(43)) - raft.server.log.segment.cache.num.max = 2 (custom)
2019-10-07 12:46:05,786 [pool-423-thread-1] INFO  segmented.SegmentedRaftLogWorker (SegmentedRaftLogWorker.java:<init>(173)) - new c49e0775-c550-4092-994d-f01e153db261@group-820D5432DF55-SegmentedRaftLogWorker for RaftStorage:Storage Directory /workdir/hadoop-ozone/integration-test/target/test-dir/MiniOzoneClusterImpl-40cf4cc9-95bf-4ba1-95ee-bb8437d0a9c7/datanode-4/data/ratis/92f4de70-ee99-4a16-b440-820d5432df55
2019-10-07 12:46:05,786 [pool-423-thread-1] INFO  server.RaftServerConfigKeys (ConfUtils.java:logGet(43)) - raft.server.log.queue.byte-limit = 2147483647 (custom)
2019-10-07 12:46:05,787 [pool-423-thread-1] INFO  server.RaftServerConfigKeys (ConfUtils.java:logGet(43)) - raft.server.log.queue.element-limit = 1024 (custom)
2019-10-07 12:46:05,787 [pool-423-thread-1] INFO  server.RaftServerConfigKeys (ConfUtils.java:logGet(43)) - raft.server.log.segment.size.max = 1048576 (custom)
2019-10-07 12:46:05,787 [pool-423-thread-1] INFO  server.RaftServerConfigKeys (ConfUtils.java:logGet(43)) - raft.server.log.preallocated.size = 16384 (custom)
2019-10-07 12:46:05,787 [pool-423-thread-1] INFO  server.RaftServerConfigKeys (ConfUtils.java:logGet(43)) - raft.server.log.write.buffer.size = 33554432 (custom)
2019-10-07 12:46:05,787 [pool-423-thread-1] INFO  server.RaftServerConfigKeys (ConfUtils.java:logGet(43)) - raft.server.log.force.sync.num = 128 (default)
2019-10-07 12:46:05,787 [pool-423-thread-1] INFO  server.RaftServerConfigKeys (ConfUtils.java:logGet(43)) - raft.server.log.statemachine.data.sync = true (default)
2019-10-07 12:46:05,788 [pool-423-thread-1] INFO  server.RaftServerConfigKeys (ConfUtils.java:logGet(43)) - raft.server.log.statemachine.data.sync.timeout = 10s (default)
2019-10-07 12:46:05,788 [pool-423-thread-1] INFO  server.RaftServerConfigKeys (ConfUtils.java:logGet(43)) - raft.server.log.statemachine.data.sync.timeout.retry = -1 (default)
2019-10-07 12:46:05,788 [pool-423-thread-1] INFO  server.RaftServerConfigKeys (ConfUtils.java:logGet(43)) - raft.server.log.statemachine.data.caching.enabled = true (custom)
2019-10-07 12:46:05,788 [pool-423-thread-1] INFO  segmented.SegmentedRaftLogWorker (SegmentedRaftLogWorker.java:lambda$new$0(128)) - c49e0775-c550-4092-994d-f01e153db261@group-820D5432DF55-SegmentedRaftLogWorker: flushIndex: setUnconditionally 0 -> -1
2019-10-07 12:46:05,789 [pool-423-thread-1] INFO  server.RaftServerConfigKeys (ConfUtils.java:logGet(43)) - raft.server.snapshot.auto.trigger.enabled = true (custom)
2019-10-07 12:46:05,789 [pool-423-thread-1] INFO  server.RaftServerConfigKeys (ConfUtils.java:logGet(43)) - raft.server.snapshot.auto.trigger.threshold = 10000 (custom)
2019-10-07 12:46:05,789 [pool-423-thread-1] INFO  server.RaftServerConfigKeys (ConfUtils.java:logGet(43)) - raft.server.snapshot.retention.file.num = 5 (custom)
2019-10-07 12:46:05,789 [pool-423-thread-1] INFO  server.RaftServerConfigKeys (ConfUtils.java:logGet(43)) - raft.server.retrycache.expirytime = 600000ms (custom)
2019-10-07 12:46:05,791 [pool-423-thread-1] INFO  impl.RaftServerImpl (RaftServerImpl.java:start(181)) - c49e0775-c550-4092-994d-f01e153db261@group-820D5432DF55: start as a follower, conf=-1: [c49e0775-c550-4092-994d-f01e153db261:192.168.30.23:38401], old=null
2019-10-07 12:46:05,791 [pool-423-thread-1] INFO  impl.RaftServerImpl (RaftServerImpl.java:setRole(170)) - c49e0775-c550-4092-994d-f01e153db261@group-820D5432DF55: changes role from      null to FOLLOWER at term 0 for startAsFollower
2019-10-07 12:46:05,791 [pool-423-thread-1] INFO  impl.RoleInfo (RoleInfo.java:updateAndGet(143)) - c49e0775-c550-4092-994d-f01e153db261: start FollowerState
2019-10-07 12:46:05,792 [pool-423-thread-1] INFO  util.JmxRegister (JmxRegister.java:tryRegister(44)) - Successfully registered JMX Bean with object name Ratis:service=RaftServer,group=group-820D5432DF55,id=c49e0775-c550-4092-994d-f01e153db261
2019-10-07 12:46:05,796 [RatisPipelineUtilsThread] INFO  pipeline.PipelineStateManager (PipelineStateManager.java:addPipeline(56)) - Created pipeline Pipeline[ Id: 92f4de70-ee99-4a16-b440-820d5432df55, Nodes: c49e0775-c550-4092-994d-f01e153db261{ip: 192.168.30.23, host: pr-hdds-2262-rg9fl-2107095119, networkLocation: /default-rack, certSerialId: null}, Type:RATIS, Factor:ONE, State:OPEN]
2019-10-07 12:46:05,804 [grpc-default-executor-1] INFO  impl.RaftServerProxy (RaftServerProxy.java:addNew(89)) - ea5ac44b-ceaf-40bb-90f9-b9e3668e302c: addNew group-296DB8BB72ED:[ea5ac44b-ceaf-40bb-90f9-b9e3668e302c:192.168.30.23:35852] returns group-296DB8BB72ED:java.util.concurrent.CompletableFuture@78dd2d13[Not completed]
2019-10-07 12:46:05,805 [pool-413-thread-1] INFO  impl.RaftServerImpl (RaftServerImpl.java:<init>(95)) - ea5ac44b-ceaf-40bb-90f9-b9e3668e302c: new RaftServerImpl for group-296DB8BB72ED:[ea5ac44b-ceaf-40bb-90f9-b9e3668e302c:192.168.30.23:35852] with ContainerStateMachine:uninitialized
2019-10-07 12:46:05,805 [pool-413-thread-1] INFO  server.RaftServerConfigKeys (ConfUtils.java:logGet(43)) - raft.server.rpc.timeout.min = 5s (custom)
2019-10-07 12:46:05,806 [pool-413-thread-1] INFO  server.RaftServerConfigKeys (ConfUtils.java:logGet(43)) - raft.server.rpc.timeout.max = 5200ms (custom)
2019-10-07 12:46:05,806 [pool-413-thread-1] INFO  server.RaftServerConfigKeys (ConfUtils.java:logGet(43)) - raft.server.rpcslowness.timeout = 120s (custom)
2019-10-07 12:46:05,806 [pool-413-thread-1] INFO  server.RaftServerConfigKeys (ConfUtils.java:logGet(43)) - raft.server.sleep.deviation.threshold = 300 (default)
2019-10-07 12:46:05,806 [pool-413-thread-1] INFO  server.RaftServerConfigKeys (ConfUtils.java:logGet(43)) - raft.server.log.appender.install.snapshot.enabled = false (custom)
2019-10-07 12:46:05,806 [pool-413-thread-1] INFO  impl.RaftServerImpl (ServerState.java:<init>(103)) - ea5ac44b-ceaf-40bb-90f9-b9e3668e302c@group-296DB8BB72ED: ConfigurationManager, init=-1: [ea5ac44b-ceaf-40bb-90f9-b9e3668e302c:192.168.30.23:35852], old=null, confs=<EMPTY_MAP>
2019-10-07 12:46:05,806 [IPC Server handler 2 on 40993] INFO  net.NetworkTopology (NetworkTopologyImpl.java:add(111)) - Added a new node: /default-rack/3926dbf2-5bb2-46be-ab1c-4d7e37cfed03
2019-10-07 12:46:05,806 [pool-413-thread-1] INFO  server.RaftServerConfigKeys (ConfUtils.java:logGet(43)) - raft.server.storage.dir = [/workdir/hadoop-ozone/integration-test/target/test-dir/MiniOzoneClusterImpl-40cf4cc9-95bf-4ba1-95ee-bb8437d0a9c7/datanode-3/data/ratis] (custom)
2019-10-07 12:46:05,806 [IPC Server handler 2 on 40993] INFO  node.SCMNodeManager (SCMNodeManager.java:register(268)) - Registered Data node : 3926dbf2-5bb2-46be-ab1c-4d7e37cfed03{ip: 192.168.30.23, host: pr-hdds-2262-rg9fl-2107095119, networkLocation: /default-rack, certSerialId: null}
2019-10-07 12:46:05,807 [pool-413-thread-1] INFO  server.RaftServerConfigKeys (ConfUtils.java:logGet(43)) - raft.server.log.corruption.policy = EXCEPTION (default)
2019-10-07 12:46:05,807 [pool-413-thread-1] INFO  storage.RaftStorageDirectory (RaftStorageDirectory.java:analyzeStorage(246)) - The storage directory /workdir/hadoop-ozone/integration-test/target/test-dir/MiniOzoneClusterImpl-40cf4cc9-95bf-4ba1-95ee-bb8437d0a9c7/datanode-3/data/ratis/2a5aa001-2305-4425-ad54-296db8bb72ed does not exist. Creating ...
2019-10-07 12:46:05,811 [pool-413-thread-1] INFO  storage.RaftStorageDirectory (RaftStorageDirectory.java:tryLock(328)) - Lock on /workdir/hadoop-ozone/integration-test/target/test-dir/MiniOzoneClusterImpl-40cf4cc9-95bf-4ba1-95ee-bb8437d0a9c7/datanode-3/data/ratis/2a5aa001-2305-4425-ad54-296db8bb72ed/in_use.lock acquired by nodename 11464@pr-hdds-2262-rg9fl-2107095119
2019-10-07 12:46:05,824 [pool-413-thread-1] INFO  storage.RaftStorage (RaftStorage.java:format(84)) - Storage directory /workdir/hadoop-ozone/integration-test/target/test-dir/MiniOzoneClusterImpl-40cf4cc9-95bf-4ba1-95ee-bb8437d0a9c7/datanode-3/data/ratis/2a5aa001-2305-4425-ad54-296db8bb72ed has been successfully formatted.
2019-10-07 12:46:05,825 [pool-413-thread-1] INFO  ratis.ContainerStateMachine (ContainerStateMachine.java:loadSnapshot(231)) - group-296DB8BB72ED: The snapshot info is null. Setting the last applied indexto:(t:0, i:~)
2019-10-07 12:46:05,825 [pool-413-thread-1] INFO  server.RaftServerConfigKeys (ConfUtils.java:logGet(43)) - raft.server.notification.no-leader.timeout = 120s (custom)
2019-10-07 12:46:05,825 [pool-413-thread-1] INFO  server.RaftServerConfigKeys (ConfUtils.java:logGet(43)) - raft.server.log.use.memory = false (default)
2019-10-07 12:46:05,825 [pool-413-thread-1] INFO  server.RaftServerConfigKeys (ConfUtils.java:logGet(43)) - raft.server.log.purge.gap = 1000000 (custom)
2019-10-07 12:46:05,825 [pool-413-thread-1] INFO  server.RaftServerConfigKeys (ConfUtils.java:logGet(43)) - raft.server.log.appender.buffer.byte-limit = 33554432 (custom)
2019-10-07 12:46:05,825 [pool-413-thread-1] INFO  server.RaftServerConfigKeys (ConfUtils.java:logGet(43)) - raft.server.log.segment.size.max = 1048576 (custom)
2019-10-07 12:46:05,827 [pool-413-thread-1] INFO  server.RaftServerConfigKeys (ConfUtils.java:logGet(43)) - raft.server.log.segment.cache.num.max = 2 (custom)
2019-10-07 12:46:05,827 [pool-413-thread-1] INFO  segmented.SegmentedRaftLogWorker (SegmentedRaftLogWorker.java:<init>(173)) - new ea5ac44b-ceaf-40bb-90f9-b9e3668e302c@group-296DB8BB72ED-SegmentedRaftLogWorker for RaftStorage:Storage Directory /workdir/hadoop-ozone/integration-test/target/test-dir/MiniOzoneClusterImpl-40cf4cc9-95bf-4ba1-95ee-bb8437d0a9c7/datanode-3/data/ratis/2a5aa001-2305-4425-ad54-296db8bb72ed
2019-10-07 12:46:05,827 [pool-413-thread-1] INFO  server.RaftServerConfigKeys (ConfUtils.java:logGet(43)) - raft.server.log.queue.byte-limit = 2147483647 (custom)
2019-10-07 12:46:05,827 [pool-413-thread-1] INFO  server.RaftServerConfigKeys (ConfUtils.java:logGet(43)) - raft.server.log.queue.element-limit = 1024 (custom)
2019-10-07 12:46:05,827 [pool-413-thread-1] INFO  server.RaftServerConfigKeys (ConfUtils.java:logGet(43)) - raft.server.log.segment.size.max = 1048576 (custom)
2019-10-07 12:46:05,827 [pool-413-thread-1] INFO  server.RaftServerConfigKeys (ConfUtils.java:logGet(43)) - raft.server.log.preallocated.size = 16384 (custom)
2019-10-07 12:46:05,827 [pool-413-thread-1] INFO  server.RaftServerConfigKeys (ConfUtils.java:logGet(43)) - raft.server.log.write.buffer.size = 33554432 (custom)
2019-10-07 12:46:05,827 [pool-413-thread-1] INFO  server.RaftServerConfigKeys (ConfUtils.java:logGet(43)) - raft.server.log.force.sync.num = 128 (default)
2019-10-07 12:46:05,827 [pool-413-thread-1] INFO  server.RaftServerConfigKeys (ConfUtils.java:logGet(43)) - raft.server.log.statemachine.data.sync = true (default)
2019-10-07 12:46:05,827 [pool-413-thread-1] INFO  server.RaftServerConfigKeys (ConfUtils.java:logGet(43)) - raft.server.log.statemachine.data.sync.timeout = 10s (default)
2019-10-07 12:46:05,828 [pool-413-thread-1] INFO  server.RaftServerConfigKeys (ConfUtils.java:logGet(43)) - raft.server.log.statemachine.data.sync.timeout.retry = -1 (default)
2019-10-07 12:46:05,828 [pool-413-thread-1] INFO  server.RaftServerConfigKeys (ConfUtils.java:logGet(43)) - raft.server.log.statemachine.data.caching.enabled = true (custom)
2019-10-07 12:46:05,828 [pool-413-thread-1] INFO  segmented.SegmentedRaftLogWorker (SegmentedRaftLogWorker.java:lambda$new$0(128)) - ea5ac44b-ceaf-40bb-90f9-b9e3668e302c@group-296DB8BB72ED-SegmentedRaftLogWorker: flushIndex: setUnconditionally 0 -> -1
2019-10-07 12:46:05,828 [pool-413-thread-1] INFO  server.RaftServerConfigKeys (ConfUtils.java:logGet(43)) - raft.server.snapshot.auto.trigger.enabled = true (custom)
2019-10-07 12:46:05,828 [pool-413-thread-1] INFO  server.RaftServerConfigKeys (ConfUtils.java:logGet(43)) - raft.server.snapshot.auto.trigger.threshold = 10000 (custom)
2019-10-07 12:46:05,829 [pool-413-thread-1] INFO  server.RaftServerConfigKeys (ConfUtils.java:logGet(43)) - raft.server.snapshot.retention.file.num = 5 (custom)
2019-10-07 12:46:05,829 [pool-413-thread-1] INFO  server.RaftServerConfigKeys (ConfUtils.java:logGet(43)) - raft.server.retrycache.expirytime = 600000ms (custom)
2019-10-07 12:46:05,830 [pool-413-thread-1] INFO  impl.RaftServerImpl (RaftServerImpl.java:start(181)) - ea5ac44b-ceaf-40bb-90f9-b9e3668e302c@group-296DB8BB72ED: start as a follower, conf=-1: [ea5ac44b-ceaf-40bb-90f9-b9e3668e302c:192.168.30.23:35852], old=null
2019-10-07 12:46:05,830 [pool-413-thread-1] INFO  impl.RaftServerImpl (RaftServerImpl.java:setRole(170)) - ea5ac44b-ceaf-40bb-90f9-b9e3668e302c@group-296DB8BB72ED: changes role from      null to FOLLOWER at term 0 for startAsFollower
2019-10-07 12:46:05,830 [pool-413-thread-1] INFO  impl.RoleInfo (RoleInfo.java:updateAndGet(143)) - ea5ac44b-ceaf-40bb-90f9-b9e3668e302c: start FollowerState
2019-10-07 12:46:05,831 [pool-413-thread-1] INFO  util.JmxRegister (JmxRegister.java:tryRegister(44)) - Successfully registered JMX Bean with object name Ratis:service=RaftServer,group=group-296DB8BB72ED,id=ea5ac44b-ceaf-40bb-90f9-b9e3668e302c
2019-10-07 12:46:05,834 [RatisPipelineUtilsThread] INFO  pipeline.PipelineStateManager (PipelineStateManager.java:addPipeline(56)) - Created pipeline Pipeline[ Id: 2a5aa001-2305-4425-ad54-296db8bb72ed, Nodes: ea5ac44b-ceaf-40bb-90f9-b9e3668e302c{ip: 192.168.30.23, host: pr-hdds-2262-rg9fl-2107095119, networkLocation: /default-rack, certSerialId: null}, Type:RATIS, Factor:ONE, State:OPEN]
2019-10-07 12:46:05,840 [grpc-default-executor-1] INFO  impl.RaftServerProxy (RaftServerProxy.java:addNew(89)) - 3926dbf2-5bb2-46be-ab1c-4d7e37cfed03: addNew group-7286CE0CF55A:[3926dbf2-5bb2-46be-ab1c-4d7e37cfed03:192.168.30.23:40420] returns group-7286CE0CF55A:java.util.concurrent.CompletableFuture@659fd314[Not completed]
2019-10-07 12:46:05,842 [pool-433-thread-1] INFO  impl.RaftServerImpl (RaftServerImpl.java:<init>(95)) - 3926dbf2-5bb2-46be-ab1c-4d7e37cfed03: new RaftServerImpl for group-7286CE0CF55A:[3926dbf2-5bb2-46be-ab1c-4d7e37cfed03:192.168.30.23:40420] with ContainerStateMachine:uninitialized
2019-10-07 12:46:05,842 [pool-433-thread-1] INFO  server.RaftServerConfigKeys (ConfUtils.java:logGet(43)) - raft.server.rpc.timeout.min = 5s (custom)
2019-10-07 12:46:05,842 [pool-433-thread-1] INFO  server.RaftServerConfigKeys (ConfUtils.java:logGet(43)) - raft.server.rpc.timeout.max = 5200ms (custom)
2019-10-07 12:46:05,842 [pool-433-thread-1] INFO  server.RaftServerConfigKeys (ConfUtils.java:logGet(43)) - raft.server.rpcslowness.timeout = 120s (custom)
2019-10-07 12:46:05,843 [pool-433-thread-1] INFO  server.RaftServerConfigKeys (ConfUtils.java:logGet(43)) - raft.server.sleep.deviation.threshold = 300 (default)
2019-10-07 12:46:05,843 [pool-433-thread-1] INFO  server.RaftServerConfigKeys (ConfUtils.java:logGet(43)) - raft.server.log.appender.install.snapshot.enabled = false (custom)
2019-10-07 12:46:05,843 [pool-433-thread-1] INFO  impl.RaftServerImpl (ServerState.java:<init>(103)) - 3926dbf2-5bb2-46be-ab1c-4d7e37cfed03@group-7286CE0CF55A: ConfigurationManager, init=-1: [3926dbf2-5bb2-46be-ab1c-4d7e37cfed03:192.168.30.23:40420], old=null, confs=<EMPTY_MAP>
2019-10-07 12:46:05,843 [pool-433-thread-1] INFO  server.RaftServerConfigKeys (ConfUtils.java:logGet(43)) - raft.server.storage.dir = [/workdir/hadoop-ozone/integration-test/target/test-dir/MiniOzoneClusterImpl-40cf4cc9-95bf-4ba1-95ee-bb8437d0a9c7/datanode-5/data/ratis] (custom)
2019-10-07 12:46:05,843 [pool-433-thread-1] INFO  server.RaftServerConfigKeys (ConfUtils.java:logGet(43)) - raft.server.log.corruption.policy = EXCEPTION (default)
2019-10-07 12:46:05,844 [pool-433-thread-1] INFO  storage.RaftStorageDirectory (RaftStorageDirectory.java:analyzeStorage(246)) - The storage directory /workdir/hadoop-ozone/integration-test/target/test-dir/MiniOzoneClusterImpl-40cf4cc9-95bf-4ba1-95ee-bb8437d0a9c7/datanode-5/data/ratis/68141b1c-2e8f-4840-9214-7286ce0cf55a does not exist. Creating ...
2019-10-07 12:46:05,856 [pool-433-thread-1] INFO  storage.RaftStorageDirectory (RaftStorageDirectory.java:tryLock(328)) - Lock on /workdir/hadoop-ozone/integration-test/target/test-dir/MiniOzoneClusterImpl-40cf4cc9-95bf-4ba1-95ee-bb8437d0a9c7/datanode-5/data/ratis/68141b1c-2e8f-4840-9214-7286ce0cf55a/in_use.lock acquired by nodename 11464@pr-hdds-2262-rg9fl-2107095119
2019-10-07 12:46:05,869 [pool-433-thread-1] INFO  storage.RaftStorage (RaftStorage.java:format(84)) - Storage directory /workdir/hadoop-ozone/integration-test/target/test-dir/MiniOzoneClusterImpl-40cf4cc9-95bf-4ba1-95ee-bb8437d0a9c7/datanode-5/data/ratis/68141b1c-2e8f-4840-9214-7286ce0cf55a has been successfully formatted.
2019-10-07 12:46:05,869 [pool-433-thread-1] INFO  ratis.ContainerStateMachine (ContainerStateMachine.java:loadSnapshot(231)) - group-7286CE0CF55A: The snapshot info is null. Setting the last applied indexto:(t:0, i:~)
2019-10-07 12:46:05,869 [pool-433-thread-1] INFO  server.RaftServerConfigKeys (ConfUtils.java:logGet(43)) - raft.server.notification.no-leader.timeout = 120s (custom)
2019-10-07 12:46:05,869 [pool-433-thread-1] INFO  server.RaftServerConfigKeys (ConfUtils.java:logGet(43)) - raft.server.log.use.memory = false (default)
2019-10-07 12:46:05,870 [pool-433-thread-1] INFO  server.RaftServerConfigKeys (ConfUtils.java:logGet(43)) - raft.server.log.purge.gap = 1000000 (custom)
2019-10-07 12:46:05,870 [pool-433-thread-1] INFO  server.RaftServerConfigKeys (ConfUtils.java:logGet(43)) - raft.server.log.appender.buffer.byte-limit = 33554432 (custom)
2019-10-07 12:46:05,870 [pool-433-thread-1] INFO  server.RaftServerConfigKeys (ConfUtils.java:logGet(43)) - raft.server.log.segment.size.max = 1048576 (custom)
2019-10-07 12:46:05,871 [main] INFO  ozone.MiniOzoneClusterImpl (MiniOzoneClusterImpl.java:lambda$waitForClusterToBeReady$0(147)) - Waiting for cluster to be ready. Got 6 of 7 DN Heartbeats.
2019-10-07 12:46:05,871 [IPC Server handler 6 on 40993] INFO  net.NetworkTopology (NetworkTopologyImpl.java:add(111)) - Added a new node: /default-rack/f5de1e30-e937-4788-9a4b-bcad6b240b06
2019-10-07 12:46:05,872 [IPC Server handler 6 on 40993] INFO  node.SCMNodeManager (SCMNodeManager.java:register(268)) - Registered Data node : f5de1e30-e937-4788-9a4b-bcad6b240b06{ip: 192.168.30.23, host: pr-hdds-2262-rg9fl-2107095119, networkLocation: /default-rack, certSerialId: null}
2019-10-07 12:46:05,872 [pool-433-thread-1] INFO  server.RaftServerConfigKeys (ConfUtils.java:logGet(43)) - raft.server.log.segment.cache.num.max = 2 (custom)
2019-10-07 12:46:05,872 [pool-433-thread-1] INFO  segmented.SegmentedRaftLogWorker (SegmentedRaftLogWorker.java:<init>(173)) - new 3926dbf2-5bb2-46be-ab1c-4d7e37cfed03@group-7286CE0CF55A-SegmentedRaftLogWorker for RaftStorage:Storage Directory /workdir/hadoop-ozone/integration-test/target/test-dir/MiniOzoneClusterImpl-40cf4cc9-95bf-4ba1-95ee-bb8437d0a9c7/datanode-5/data/ratis/68141b1c-2e8f-4840-9214-7286ce0cf55a
2019-10-07 12:46:05,872 [pool-433-thread-1] INFO  server.RaftServerConfigKeys (ConfUtils.java:logGet(43)) - raft.server.log.queue.byte-limit = 2147483647 (custom)
2019-10-07 12:46:05,873 [pool-433-thread-1] INFO  server.RaftServerConfigKeys (ConfUtils.java:logGet(43)) - raft.server.log.queue.element-limit = 1024 (custom)
2019-10-07 12:46:05,873 [pool-433-thread-1] INFO  server.RaftServerConfigKeys (ConfUtils.java:logGet(43)) - raft.server.log.segment.size.max = 1048576 (custom)
2019-10-07 12:46:05,873 [pool-433-thread-1] INFO  server.RaftServerConfigKeys (ConfUtils.java:logGet(43)) - raft.server.log.preallocated.size = 16384 (custom)
2019-10-07 12:46:05,873 [pool-433-thread-1] INFO  server.RaftServerConfigKeys (ConfUtils.java:logGet(43)) - raft.server.log.write.buffer.size = 33554432 (custom)
2019-10-07 12:46:05,873 [pool-433-thread-1] INFO  server.RaftServerConfigKeys (ConfUtils.java:logGet(43)) - raft.server.log.force.sync.num = 128 (default)
2019-10-07 12:46:05,873 [pool-433-thread-1] INFO  server.RaftServerConfigKeys (ConfUtils.java:logGet(43)) - raft.server.log.statemachine.data.sync = true (default)
2019-10-07 12:46:05,874 [pool-433-thread-1] INFO  server.RaftServerConfigKeys (ConfUtils.java:logGet(43)) - raft.server.log.statemachine.data.sync.timeout = 10s (default)
2019-10-07 12:46:05,874 [pool-433-thread-1] INFO  server.RaftServerConfigKeys (ConfUtils.java:logGet(43)) - raft.server.log.statemachine.data.sync.timeout.retry = -1 (default)
2019-10-07 12:46:05,874 [pool-433-thread-1] INFO  server.RaftServerConfigKeys (ConfUtils.java:logGet(43)) - raft.server.log.statemachine.data.caching.enabled = true (custom)
2019-10-07 12:46:05,874 [pool-433-thread-1] INFO  segmented.SegmentedRaftLogWorker (SegmentedRaftLogWorker.java:lambda$new$0(128)) - 3926dbf2-5bb2-46be-ab1c-4d7e37cfed03@group-7286CE0CF55A-SegmentedRaftLogWorker: flushIndex: setUnconditionally 0 -> -1
2019-10-07 12:46:05,875 [pool-433-thread-1] INFO  server.RaftServerConfigKeys (ConfUtils.java:logGet(43)) - raft.server.snapshot.auto.trigger.enabled = true (custom)
2019-10-07 12:46:05,875 [pool-433-thread-1] INFO  server.RaftServerConfigKeys (ConfUtils.java:logGet(43)) - raft.server.snapshot.auto.trigger.threshold = 10000 (custom)
2019-10-07 12:46:05,875 [pool-433-thread-1] INFO  server.RaftServerConfigKeys (ConfUtils.java:logGet(43)) - raft.server.snapshot.retention.file.num = 5 (custom)
2019-10-07 12:46:05,875 [pool-433-thread-1] INFO  server.RaftServerConfigKeys (ConfUtils.java:logGet(43)) - raft.server.retrycache.expirytime = 600000ms (custom)
2019-10-07 12:46:05,877 [pool-433-thread-1] INFO  impl.RaftServerImpl (RaftServerImpl.java:start(181)) - 3926dbf2-5bb2-46be-ab1c-4d7e37cfed03@group-7286CE0CF55A: start as a follower, conf=-1: [3926dbf2-5bb2-46be-ab1c-4d7e37cfed03:192.168.30.23:40420], old=null
2019-10-07 12:46:05,877 [pool-433-thread-1] INFO  impl.RaftServerImpl (RaftServerImpl.java:setRole(170)) - 3926dbf2-5bb2-46be-ab1c-4d7e37cfed03@group-7286CE0CF55A: changes role from      null to FOLLOWER at term 0 for startAsFollower
2019-10-07 12:46:05,877 [pool-433-thread-1] INFO  impl.RoleInfo (RoleInfo.java:updateAndGet(143)) - 3926dbf2-5bb2-46be-ab1c-4d7e37cfed03: start FollowerState
2019-10-07 12:46:05,878 [pool-433-thread-1] INFO  util.JmxRegister (JmxRegister.java:tryRegister(44)) - Successfully registered JMX Bean with object name Ratis:service=RaftServer,group=group-7286CE0CF55A,id=3926dbf2-5bb2-46be-ab1c-4d7e37cfed03
2019-10-07 12:46:05,882 [RatisPipelineUtilsThread] INFO  pipeline.PipelineStateManager (PipelineStateManager.java:addPipeline(56)) - Created pipeline Pipeline[ Id: 68141b1c-2e8f-4840-9214-7286ce0cf55a, Nodes: 3926dbf2-5bb2-46be-ab1c-4d7e37cfed03{ip: 192.168.30.23, host: pr-hdds-2262-rg9fl-2107095119, networkLocation: /default-rack, certSerialId: null}, Type:RATIS, Factor:ONE, State:OPEN]
2019-10-07 12:46:05,888 [grpc-default-executor-1] INFO  impl.RaftServerProxy (RaftServerProxy.java:addNew(89)) - f5de1e30-e937-4788-9a4b-bcad6b240b06: addNew group-F679AAD3F274:[f5de1e30-e937-4788-9a4b-bcad6b240b06:192.168.30.23:33926] returns group-F679AAD3F274:java.util.concurrent.CompletableFuture@21cd0a29[Not completed]
2019-10-07 12:46:05,889 [pool-443-thread-1] INFO  impl.RaftServerImpl (RaftServerImpl.java:<init>(95)) - f5de1e30-e937-4788-9a4b-bcad6b240b06: new RaftServerImpl for group-F679AAD3F274:[f5de1e30-e937-4788-9a4b-bcad6b240b06:192.168.30.23:33926] with ContainerStateMachine:uninitialized
2019-10-07 12:46:05,889 [pool-443-thread-1] INFO  server.RaftServerConfigKeys (ConfUtils.java:logGet(43)) - raft.server.rpc.timeout.min = 5s (custom)
2019-10-07 12:46:05,889 [pool-443-thread-1] INFO  server.RaftServerConfigKeys (ConfUtils.java:logGet(43)) - raft.server.rpc.timeout.max = 5200ms (custom)
2019-10-07 12:46:05,890 [pool-443-thread-1] INFO  server.RaftServerConfigKeys (ConfUtils.java:logGet(43)) - raft.server.rpcslowness.timeout = 120s (custom)
2019-10-07 12:46:05,890 [pool-443-thread-1] INFO  server.RaftServerConfigKeys (ConfUtils.java:logGet(43)) - raft.server.sleep.deviation.threshold = 300 (default)
2019-10-07 12:46:05,890 [pool-443-thread-1] INFO  server.RaftServerConfigKeys (ConfUtils.java:logGet(43)) - raft.server.log.appender.install.snapshot.enabled = false (custom)
2019-10-07 12:46:05,890 [pool-443-thread-1] INFO  impl.RaftServerImpl (ServerState.java:<init>(103)) - f5de1e30-e937-4788-9a4b-bcad6b240b06@group-F679AAD3F274: ConfigurationManager, init=-1: [f5de1e30-e937-4788-9a4b-bcad6b240b06:192.168.30.23:33926], old=null, confs=<EMPTY_MAP>
2019-10-07 12:46:05,890 [pool-443-thread-1] INFO  server.RaftServerConfigKeys (ConfUtils.java:logGet(43)) - raft.server.storage.dir = [/workdir/hadoop-ozone/integration-test/target/test-dir/MiniOzoneClusterImpl-40cf4cc9-95bf-4ba1-95ee-bb8437d0a9c7/datanode-6/data/ratis] (custom)
2019-10-07 12:46:05,890 [pool-443-thread-1] INFO  server.RaftServerConfigKeys (ConfUtils.java:logGet(43)) - raft.server.log.corruption.policy = EXCEPTION (default)
2019-10-07 12:46:05,891 [pool-443-thread-1] INFO  storage.RaftStorageDirectory (RaftStorageDirectory.java:analyzeStorage(246)) - The storage directory /workdir/hadoop-ozone/integration-test/target/test-dir/MiniOzoneClusterImpl-40cf4cc9-95bf-4ba1-95ee-bb8437d0a9c7/datanode-6/data/ratis/8335192b-1040-4298-b237-f679aad3f274 does not exist. Creating ...
2019-10-07 12:46:05,903 [pool-443-thread-1] INFO  storage.RaftStorageDirectory (RaftStorageDirectory.java:tryLock(328)) - Lock on /workdir/hadoop-ozone/integration-test/target/test-dir/MiniOzoneClusterImpl-40cf4cc9-95bf-4ba1-95ee-bb8437d0a9c7/datanode-6/data/ratis/8335192b-1040-4298-b237-f679aad3f274/in_use.lock acquired by nodename 11464@pr-hdds-2262-rg9fl-2107095119
2019-10-07 12:46:05,915 [pool-443-thread-1] INFO  storage.RaftStorage (RaftStorage.java:format(84)) - Storage directory /workdir/hadoop-ozone/integration-test/target/test-dir/MiniOzoneClusterImpl-40cf4cc9-95bf-4ba1-95ee-bb8437d0a9c7/datanode-6/data/ratis/8335192b-1040-4298-b237-f679aad3f274 has been successfully formatted.
2019-10-07 12:46:05,916 [pool-443-thread-1] INFO  ratis.ContainerStateMachine (ContainerStateMachine.java:loadSnapshot(231)) - group-F679AAD3F274: The snapshot info is null. Setting the last applied indexto:(t:0, i:~)
2019-10-07 12:46:05,916 [pool-443-thread-1] INFO  server.RaftServerConfigKeys (ConfUtils.java:logGet(43)) - raft.server.notification.no-leader.timeout = 120s (custom)
2019-10-07 12:46:05,916 [pool-443-thread-1] INFO  server.RaftServerConfigKeys (ConfUtils.java:logGet(43)) - raft.server.log.use.memory = false (default)
2019-10-07 12:46:05,916 [pool-443-thread-1] INFO  server.RaftServerConfigKeys (ConfUtils.java:logGet(43)) - raft.server.log.purge.gap = 1000000 (custom)
2019-10-07 12:46:05,916 [pool-443-thread-1] INFO  server.RaftServerConfigKeys (ConfUtils.java:logGet(43)) - raft.server.log.appender.buffer.byte-limit = 33554432 (custom)
2019-10-07 12:46:05,916 [pool-443-thread-1] INFO  server.RaftServerConfigKeys (ConfUtils.java:logGet(43)) - raft.server.log.segment.size.max = 1048576 (custom)
2019-10-07 12:46:05,917 [pool-443-thread-1] INFO  server.RaftServerConfigKeys (ConfUtils.java:logGet(43)) - raft.server.log.segment.cache.num.max = 2 (custom)
2019-10-07 12:46:05,917 [pool-443-thread-1] INFO  segmented.SegmentedRaftLogWorker (SegmentedRaftLogWorker.java:<init>(173)) - new f5de1e30-e937-4788-9a4b-bcad6b240b06@group-F679AAD3F274-SegmentedRaftLogWorker for RaftStorage:Storage Directory /workdir/hadoop-ozone/integration-test/target/test-dir/MiniOzoneClusterImpl-40cf4cc9-95bf-4ba1-95ee-bb8437d0a9c7/datanode-6/data/ratis/8335192b-1040-4298-b237-f679aad3f274
2019-10-07 12:46:05,917 [pool-443-thread-1] INFO  server.RaftServerConfigKeys (ConfUtils.java:logGet(43)) - raft.server.log.queue.byte-limit = 2147483647 (custom)
2019-10-07 12:46:05,917 [pool-443-thread-1] INFO  server.RaftServerConfigKeys (ConfUtils.java:logGet(43)) - raft.server.log.queue.element-limit = 1024 (custom)
2019-10-07 12:46:05,918 [pool-443-thread-1] INFO  server.RaftServerConfigKeys (ConfUtils.java:logGet(43)) - raft.server.log.segment.size.max = 1048576 (custom)
2019-10-07 12:46:05,918 [pool-443-thread-1] INFO  server.RaftServerConfigKeys (ConfUtils.java:logGet(43)) - raft.server.log.preallocated.size = 16384 (custom)
2019-10-07 12:46:05,918 [pool-443-thread-1] INFO  server.RaftServerConfigKeys (ConfUtils.java:logGet(43)) - raft.server.log.write.buffer.size = 33554432 (custom)
2019-10-07 12:46:05,918 [pool-443-thread-1] INFO  server.RaftServerConfigKeys (ConfUtils.java:logGet(43)) - raft.server.log.force.sync.num = 128 (default)
2019-10-07 12:46:05,918 [pool-443-thread-1] INFO  server.RaftServerConfigKeys (ConfUtils.java:logGet(43)) - raft.server.log.statemachine.data.sync = true (default)
2019-10-07 12:46:05,918 [pool-443-thread-1] INFO  server.RaftServerConfigKeys (ConfUtils.java:logGet(43)) - raft.server.log.statemachine.data.sync.timeout = 10s (default)
2019-10-07 12:46:05,918 [pool-443-thread-1] INFO  server.RaftServerConfigKeys (ConfUtils.java:logGet(43)) - raft.server.log.statemachine.data.sync.timeout.retry = -1 (default)
2019-10-07 12:46:05,918 [pool-443-thread-1] INFO  server.RaftServerConfigKeys (ConfUtils.java:logGet(43)) - raft.server.log.statemachine.data.caching.enabled = true (custom)
2019-10-07 12:46:05,919 [pool-443-thread-1] INFO  segmented.SegmentedRaftLogWorker (SegmentedRaftLogWorker.java:lambda$new$0(128)) - f5de1e30-e937-4788-9a4b-bcad6b240b06@group-F679AAD3F274-SegmentedRaftLogWorker: flushIndex: setUnconditionally 0 -> -1
2019-10-07 12:46:05,919 [pool-443-thread-1] INFO  server.RaftServerConfigKeys (ConfUtils.java:logGet(43)) - raft.server.snapshot.auto.trigger.enabled = true (custom)
2019-10-07 12:46:05,919 [pool-443-thread-1] INFO  server.RaftServerConfigKeys (ConfUtils.java:logGet(43)) - raft.server.snapshot.auto.trigger.threshold = 10000 (custom)
2019-10-07 12:46:05,919 [pool-443-thread-1] INFO  server.RaftServerConfigKeys (ConfUtils.java:logGet(43)) - raft.server.snapshot.retention.file.num = 5 (custom)
2019-10-07 12:46:05,919 [pool-443-thread-1] INFO  server.RaftServerConfigKeys (ConfUtils.java:logGet(43)) - raft.server.retrycache.expirytime = 600000ms (custom)
2019-10-07 12:46:05,920 [pool-443-thread-1] INFO  impl.RaftServerImpl (RaftServerImpl.java:start(181)) - f5de1e30-e937-4788-9a4b-bcad6b240b06@group-F679AAD3F274: start as a follower, conf=-1: [f5de1e30-e937-4788-9a4b-bcad6b240b06:192.168.30.23:33926], old=null
2019-10-07 12:46:05,920 [pool-443-thread-1] INFO  impl.RaftServerImpl (RaftServerImpl.java:setRole(170)) - f5de1e30-e937-4788-9a4b-bcad6b240b06@group-F679AAD3F274: changes role from      null to FOLLOWER at term 0 for startAsFollower
2019-10-07 12:46:05,920 [pool-443-thread-1] INFO  impl.RoleInfo (RoleInfo.java:updateAndGet(143)) - f5de1e30-e937-4788-9a4b-bcad6b240b06: start FollowerState
2019-10-07 12:46:05,921 [pool-443-thread-1] INFO  util.JmxRegister (JmxRegister.java:tryRegister(44)) - Successfully registered JMX Bean with object name Ratis:service=RaftServer,group=group-F679AAD3F274,id=f5de1e30-e937-4788-9a4b-bcad6b240b06
2019-10-07 12:46:05,924 [RatisPipelineUtilsThread] INFO  pipeline.PipelineStateManager (PipelineStateManager.java:addPipeline(56)) - Created pipeline Pipeline[ Id: 8335192b-1040-4298-b237-f679aad3f274, Nodes: f5de1e30-e937-4788-9a4b-bcad6b240b06{ip: 192.168.30.23, host: pr-hdds-2262-rg9fl-2107095119, networkLocation: /default-rack, certSerialId: null}, Type:RATIS, Factor:ONE, State:OPEN]
2019-10-07 12:46:05,936 [grpc-default-executor-0] INFO  impl.RaftServerProxy (RaftServerProxy.java:addNew(89)) - f5de1e30-e937-4788-9a4b-bcad6b240b06: addNew group-B0511C278D9C:[c49e0775-c550-4092-994d-f01e153db261:192.168.30.23:38401, 3926dbf2-5bb2-46be-ab1c-4d7e37cfed03:192.168.30.23:40420, f5de1e30-e937-4788-9a4b-bcad6b240b06:192.168.30.23:33926] returns group-B0511C278D9C:java.util.concurrent.CompletableFuture@3609b9ec[Not completed]
2019-10-07 12:46:05,937 [grpc-default-executor-1] INFO  impl.RaftServerProxy (RaftServerProxy.java:addNew(89)) - 3926dbf2-5bb2-46be-ab1c-4d7e37cfed03: addNew group-B0511C278D9C:[c49e0775-c550-4092-994d-f01e153db261:192.168.30.23:38401, 3926dbf2-5bb2-46be-ab1c-4d7e37cfed03:192.168.30.23:40420, f5de1e30-e937-4788-9a4b-bcad6b240b06:192.168.30.23:33926] returns group-B0511C278D9C:java.util.concurrent.CompletableFuture@103879eb[Not completed]
2019-10-07 12:46:05,936 [grpc-default-executor-6] INFO  impl.RaftServerProxy (RaftServerProxy.java:addNew(89)) - c49e0775-c550-4092-994d-f01e153db261: addNew group-B0511C278D9C:[c49e0775-c550-4092-994d-f01e153db261:192.168.30.23:38401, 3926dbf2-5bb2-46be-ab1c-4d7e37cfed03:192.168.30.23:40420, f5de1e30-e937-4788-9a4b-bcad6b240b06:192.168.30.23:33926] returns group-B0511C278D9C:java.util.concurrent.CompletableFuture@5ebca4d[Not completed]
2019-10-07 12:46:05,938 [pool-443-thread-1] INFO  impl.RaftServerImpl (RaftServerImpl.java:<init>(95)) - f5de1e30-e937-4788-9a4b-bcad6b240b06: new RaftServerImpl for group-B0511C278D9C:[c49e0775-c550-4092-994d-f01e153db261:192.168.30.23:38401, 3926dbf2-5bb2-46be-ab1c-4d7e37cfed03:192.168.30.23:40420, f5de1e30-e937-4788-9a4b-bcad6b240b06:192.168.30.23:33926] with ContainerStateMachine:uninitialized
2019-10-07 12:46:05,938 [pool-443-thread-1] INFO  server.RaftServerConfigKeys (ConfUtils.java:logGet(43)) - raft.server.rpc.timeout.min = 5s (custom)
2019-10-07 12:46:05,938 [pool-443-thread-1] INFO  server.RaftServerConfigKeys (ConfUtils.java:logGet(43)) - raft.server.rpc.timeout.max = 5200ms (custom)
2019-10-07 12:46:05,938 [pool-443-thread-1] INFO  server.RaftServerConfigKeys (ConfUtils.java:logGet(43)) - raft.server.rpcslowness.timeout = 120s (custom)
2019-10-07 12:46:05,938 [pool-443-thread-1] INFO  server.RaftServerConfigKeys (ConfUtils.java:logGet(43)) - raft.server.sleep.deviation.threshold = 300 (default)
2019-10-07 12:46:05,938 [pool-433-thread-1] INFO  impl.RaftServerImpl (RaftServerImpl.java:<init>(95)) - 3926dbf2-5bb2-46be-ab1c-4d7e37cfed03: new RaftServerImpl for group-B0511C278D9C:[c49e0775-c550-4092-994d-f01e153db261:192.168.30.23:38401, 3926dbf2-5bb2-46be-ab1c-4d7e37cfed03:192.168.30.23:40420, f5de1e30-e937-4788-9a4b-bcad6b240b06:192.168.30.23:33926] with ContainerStateMachine:uninitialized
2019-10-07 12:46:05,938 [pool-443-thread-1] INFO  server.RaftServerConfigKeys (ConfUtils.java:logGet(43)) - raft.server.log.appender.install.snapshot.enabled = false (custom)
2019-10-07 12:46:05,938 [pool-433-thread-1] INFO  server.RaftServerConfigKeys (ConfUtils.java:logGet(43)) - raft.server.rpc.timeout.min = 5s (custom)
2019-10-07 12:46:05,938 [pool-443-thread-1] INFO  impl.RaftServerImpl (ServerState.java:<init>(103)) - f5de1e30-e937-4788-9a4b-bcad6b240b06@group-B0511C278D9C: ConfigurationManager, init=-1: [c49e0775-c550-4092-994d-f01e153db261:192.168.30.23:38401, 3926dbf2-5bb2-46be-ab1c-4d7e37cfed03:192.168.30.23:40420, f5de1e30-e937-4788-9a4b-bcad6b240b06:192.168.30.23:33926], old=null, confs=<EMPTY_MAP>
2019-10-07 12:46:05,939 [pool-433-thread-1] INFO  server.RaftServerConfigKeys (ConfUtils.java:logGet(43)) - raft.server.rpc.timeout.max = 5200ms (custom)
2019-10-07 12:46:05,939 [pool-443-thread-1] INFO  server.RaftServerConfigKeys (ConfUtils.java:logGet(43)) - raft.server.storage.dir = [/workdir/hadoop-ozone/integration-test/target/test-dir/MiniOzoneClusterImpl-40cf4cc9-95bf-4ba1-95ee-bb8437d0a9c7/datanode-6/data/ratis] (custom)
2019-10-07 12:46:05,939 [pool-433-thread-1] INFO  server.RaftServerConfigKeys (ConfUtils.java:logGet(43)) - raft.server.rpcslowness.timeout = 120s (custom)
2019-10-07 12:46:05,939 [pool-433-thread-1] INFO  server.RaftServerConfigKeys (ConfUtils.java:logGet(43)) - raft.server.sleep.deviation.threshold = 300 (default)
2019-10-07 12:46:05,939 [pool-443-thread-1] INFO  server.RaftServerConfigKeys (ConfUtils.java:logGet(43)) - raft.server.log.corruption.policy = EXCEPTION (default)
2019-10-07 12:46:05,939 [pool-433-thread-1] INFO  server.RaftServerConfigKeys (ConfUtils.java:logGet(43)) - raft.server.log.appender.install.snapshot.enabled = false (custom)
2019-10-07 12:46:05,939 [pool-443-thread-1] INFO  storage.RaftStorageDirectory (RaftStorageDirectory.java:analyzeStorage(246)) - The storage directory /workdir/hadoop-ozone/integration-test/target/test-dir/MiniOzoneClusterImpl-40cf4cc9-95bf-4ba1-95ee-bb8437d0a9c7/datanode-6/data/ratis/ab7f977b-ff84-43e5-ac2a-b0511c278d9c does not exist. Creating ...
2019-10-07 12:46:05,939 [pool-433-thread-1] INFO  impl.RaftServerImpl (ServerState.java:<init>(103)) - 3926dbf2-5bb2-46be-ab1c-4d7e37cfed03@group-B0511C278D9C: ConfigurationManager, init=-1: [c49e0775-c550-4092-994d-f01e153db261:192.168.30.23:38401, 3926dbf2-5bb2-46be-ab1c-4d7e37cfed03:192.168.30.23:40420, f5de1e30-e937-4788-9a4b-bcad6b240b06:192.168.30.23:33926], old=null, confs=<EMPTY_MAP>
2019-10-07 12:46:05,939 [pool-423-thread-1] INFO  impl.RaftServerImpl (RaftServerImpl.java:<init>(95)) - c49e0775-c550-4092-994d-f01e153db261: new RaftServerImpl for group-B0511C278D9C:[c49e0775-c550-4092-994d-f01e153db261:192.168.30.23:38401, 3926dbf2-5bb2-46be-ab1c-4d7e37cfed03:192.168.30.23:40420, f5de1e30-e937-4788-9a4b-bcad6b240b06:192.168.30.23:33926] with ContainerStateMachine:uninitialized
2019-10-07 12:46:05,939 [pool-433-thread-1] INFO  server.RaftServerConfigKeys (ConfUtils.java:logGet(43)) - raft.server.storage.dir = [/workdir/hadoop-ozone/integration-test/target/test-dir/MiniOzoneClusterImpl-40cf4cc9-95bf-4ba1-95ee-bb8437d0a9c7/datanode-5/data/ratis] (custom)
2019-10-07 12:46:05,939 [pool-423-thread-1] INFO  server.RaftServerConfigKeys (ConfUtils.java:logGet(43)) - raft.server.rpc.timeout.min = 5s (custom)
2019-10-07 12:46:05,940 [pool-433-thread-1] INFO  server.RaftServerConfigKeys (ConfUtils.java:logGet(43)) - raft.server.log.corruption.policy = EXCEPTION (default)
2019-10-07 12:46:05,940 [pool-423-thread-1] INFO  server.RaftServerConfigKeys (ConfUtils.java:logGet(43)) - raft.server.rpc.timeout.max = 5200ms (custom)
2019-10-07 12:46:05,940 [pool-433-thread-1] INFO  storage.RaftStorageDirectory (RaftStorageDirectory.java:analyzeStorage(246)) - The storage directory /workdir/hadoop-ozone/integration-test/target/test-dir/MiniOzoneClusterImpl-40cf4cc9-95bf-4ba1-95ee-bb8437d0a9c7/datanode-5/data/ratis/ab7f977b-ff84-43e5-ac2a-b0511c278d9c does not exist. Creating ...
2019-10-07 12:46:05,940 [pool-423-thread-1] INFO  server.RaftServerConfigKeys (ConfUtils.java:logGet(43)) - raft.server.rpcslowness.timeout = 120s (custom)
2019-10-07 12:46:05,940 [pool-423-thread-1] INFO  server.RaftServerConfigKeys (ConfUtils.java:logGet(43)) - raft.server.sleep.deviation.threshold = 300 (default)
2019-10-07 12:46:05,940 [pool-423-thread-1] INFO  server.RaftServerConfigKeys (ConfUtils.java:logGet(43)) - raft.server.log.appender.install.snapshot.enabled = false (custom)
2019-10-07 12:46:05,940 [pool-423-thread-1] INFO  impl.RaftServerImpl (ServerState.java:<init>(103)) - c49e0775-c550-4092-994d-f01e153db261@group-B0511C278D9C: ConfigurationManager, init=-1: [c49e0775-c550-4092-994d-f01e153db261:192.168.30.23:38401, 3926dbf2-5bb2-46be-ab1c-4d7e37cfed03:192.168.30.23:40420, f5de1e30-e937-4788-9a4b-bcad6b240b06:192.168.30.23:33926], old=null, confs=<EMPTY_MAP>
2019-10-07 12:46:05,941 [pool-423-thread-1] INFO  server.RaftServerConfigKeys (ConfUtils.java:logGet(43)) - raft.server.storage.dir = [/workdir/hadoop-ozone/integration-test/target/test-dir/MiniOzoneClusterImpl-40cf4cc9-95bf-4ba1-95ee-bb8437d0a9c7/datanode-4/data/ratis] (custom)
2019-10-07 12:46:05,941 [pool-423-thread-1] INFO  server.RaftServerConfigKeys (ConfUtils.java:logGet(43)) - raft.server.log.corruption.policy = EXCEPTION (default)
2019-10-07 12:46:05,941 [pool-423-thread-1] INFO  storage.RaftStorageDirectory (RaftStorageDirectory.java:analyzeStorage(246)) - The storage directory /workdir/hadoop-ozone/integration-test/target/test-dir/MiniOzoneClusterImpl-40cf4cc9-95bf-4ba1-95ee-bb8437d0a9c7/datanode-4/data/ratis/ab7f977b-ff84-43e5-ac2a-b0511c278d9c does not exist. Creating ...
2019-10-07 12:46:05,952 [pool-433-thread-1] INFO  storage.RaftStorageDirectory (RaftStorageDirectory.java:tryLock(328)) - Lock on /workdir/hadoop-ozone/integration-test/target/test-dir/MiniOzoneClusterImpl-40cf4cc9-95bf-4ba1-95ee-bb8437d0a9c7/datanode-5/data/ratis/ab7f977b-ff84-43e5-ac2a-b0511c278d9c/in_use.lock acquired by nodename 11464@pr-hdds-2262-rg9fl-2107095119
2019-10-07 12:46:05,953 [pool-423-thread-1] INFO  storage.RaftStorageDirectory (RaftStorageDirectory.java:tryLock(328)) - Lock on /workdir/hadoop-ozone/integration-test/target/test-dir/MiniOzoneClusterImpl-40cf4cc9-95bf-4ba1-95ee-bb8437d0a9c7/datanode-4/data/ratis/ab7f977b-ff84-43e5-ac2a-b0511c278d9c/in_use.lock acquired by nodename 11464@pr-hdds-2262-rg9fl-2107095119
2019-10-07 12:46:05,952 [pool-443-thread-1] INFO  storage.RaftStorageDirectory (RaftStorageDirectory.java:tryLock(328)) - Lock on /workdir/hadoop-ozone/integration-test/target/test-dir/MiniOzoneClusterImpl-40cf4cc9-95bf-4ba1-95ee-bb8437d0a9c7/datanode-6/data/ratis/ab7f977b-ff84-43e5-ac2a-b0511c278d9c/in_use.lock acquired by nodename 11464@pr-hdds-2262-rg9fl-2107095119
2019-10-07 12:46:05,966 [pool-443-thread-1] INFO  storage.RaftStorage (RaftStorage.java:format(84)) - Storage directory /workdir/hadoop-ozone/integration-test/target/test-dir/MiniOzoneClusterImpl-40cf4cc9-95bf-4ba1-95ee-bb8437d0a9c7/datanode-6/data/ratis/ab7f977b-ff84-43e5-ac2a-b0511c278d9c has been successfully formatted.
2019-10-07 12:46:05,966 [pool-423-thread-1] INFO  storage.RaftStorage (RaftStorage.java:format(84)) - Storage directory /workdir/hadoop-ozone/integration-test/target/test-dir/MiniOzoneClusterImpl-40cf4cc9-95bf-4ba1-95ee-bb8437d0a9c7/datanode-4/data/ratis/ab7f977b-ff84-43e5-ac2a-b0511c278d9c has been successfully formatted.
2019-10-07 12:46:05,966 [pool-433-thread-1] INFO  storage.RaftStorage (RaftStorage.java:format(84)) - Storage directory /workdir/hadoop-ozone/integration-test/target/test-dir/MiniOzoneClusterImpl-40cf4cc9-95bf-4ba1-95ee-bb8437d0a9c7/datanode-5/data/ratis/ab7f977b-ff84-43e5-ac2a-b0511c278d9c has been successfully formatted.
2019-10-07 12:46:05,966 [pool-443-thread-1] INFO  ratis.ContainerStateMachine (ContainerStateMachine.java:loadSnapshot(231)) - group-B0511C278D9C: The snapshot info is null. Setting the last applied indexto:(t:0, i:~)
2019-10-07 12:46:05,966 [pool-423-thread-1] INFO  ratis.ContainerStateMachine (ContainerStateMachine.java:loadSnapshot(231)) - group-B0511C278D9C: The snapshot info is null. Setting the last applied indexto:(t:0, i:~)
2019-10-07 12:46:05,966 [pool-433-thread-1] INFO  ratis.ContainerStateMachine (ContainerStateMachine.java:loadSnapshot(231)) - group-B0511C278D9C: The snapshot info is null. Setting the last applied indexto:(t:0, i:~)
2019-10-07 12:46:05,966 [pool-443-thread-1] INFO  server.RaftServerConfigKeys (ConfUtils.java:logGet(43)) - raft.server.notification.no-leader.timeout = 120s (custom)
2019-10-07 12:46:05,967 [pool-433-thread-1] INFO  server.RaftServerConfigKeys (ConfUtils.java:logGet(43)) - raft.server.notification.no-leader.timeout = 120s (custom)
2019-10-07 12:46:05,967 [pool-423-thread-1] INFO  server.RaftServerConfigKeys (ConfUtils.java:logGet(43)) - raft.server.notification.no-leader.timeout = 120s (custom)
2019-10-07 12:46:05,967 [pool-433-thread-1] INFO  server.RaftServerConfigKeys (ConfUtils.java:logGet(43)) - raft.server.log.use.memory = false (default)
2019-10-07 12:46:05,967 [pool-443-thread-1] INFO  server.RaftServerConfigKeys (ConfUtils.java:logGet(43)) - raft.server.log.use.memory = false (default)
2019-10-07 12:46:05,967 [pool-433-thread-1] INFO  server.RaftServerConfigKeys (ConfUtils.java:logGet(43)) - raft.server.log.purge.gap = 1000000 (custom)
2019-10-07 12:46:05,967 [pool-423-thread-1] INFO  server.RaftServerConfigKeys (ConfUtils.java:logGet(43)) - raft.server.log.use.memory = false (default)
2019-10-07 12:46:05,967 [pool-433-thread-1] INFO  server.RaftServerConfigKeys (ConfUtils.java:logGet(43)) - raft.server.log.appender.buffer.byte-limit = 33554432 (custom)
2019-10-07 12:46:05,967 [pool-443-thread-1] INFO  server.RaftServerConfigKeys (ConfUtils.java:logGet(43)) - raft.server.log.purge.gap = 1000000 (custom)
2019-10-07 12:46:05,967 [pool-433-thread-1] INFO  server.RaftServerConfigKeys (ConfUtils.java:logGet(43)) - raft.server.log.segment.size.max = 1048576 (custom)
2019-10-07 12:46:05,967 [pool-423-thread-1] INFO  server.RaftServerConfigKeys (ConfUtils.java:logGet(43)) - raft.server.log.purge.gap = 1000000 (custom)
2019-10-07 12:46:05,968 [pool-433-thread-1] INFO  server.RaftServerConfigKeys (ConfUtils.java:logGet(43)) - raft.server.log.segment.cache.num.max = 2 (custom)
2019-10-07 12:46:05,968 [pool-443-thread-1] INFO  server.RaftServerConfigKeys (ConfUtils.java:logGet(43)) - raft.server.log.appender.buffer.byte-limit = 33554432 (custom)
2019-10-07 12:46:05,968 [pool-433-thread-1] INFO  segmented.SegmentedRaftLogWorker (SegmentedRaftLogWorker.java:<init>(173)) - new 3926dbf2-5bb2-46be-ab1c-4d7e37cfed03@group-B0511C278D9C-SegmentedRaftLogWorker for RaftStorage:Storage Directory /workdir/hadoop-ozone/integration-test/target/test-dir/MiniOzoneClusterImpl-40cf4cc9-95bf-4ba1-95ee-bb8437d0a9c7/datanode-5/data/ratis/ab7f977b-ff84-43e5-ac2a-b0511c278d9c
2019-10-07 12:46:05,968 [pool-423-thread-1] INFO  server.RaftServerConfigKeys (ConfUtils.java:logGet(43)) - raft.server.log.appender.buffer.byte-limit = 33554432 (custom)
2019-10-07 12:46:05,968 [pool-433-thread-1] INFO  server.RaftServerConfigKeys (ConfUtils.java:logGet(43)) - raft.server.log.queue.byte-limit = 2147483647 (custom)
2019-10-07 12:46:05,968 [pool-443-thread-1] INFO  server.RaftServerConfigKeys (ConfUtils.java:logGet(43)) - raft.server.log.segment.size.max = 1048576 (custom)
2019-10-07 12:46:05,968 [pool-433-thread-1] INFO  server.RaftServerConfigKeys (ConfUtils.java:logGet(43)) - raft.server.log.queue.element-limit = 1024 (custom)
2019-10-07 12:46:05,968 [pool-423-thread-1] INFO  server.RaftServerConfigKeys (ConfUtils.java:logGet(43)) - raft.server.log.segment.size.max = 1048576 (custom)
2019-10-07 12:46:05,969 [pool-433-thread-1] INFO  server.RaftServerConfigKeys (ConfUtils.java:logGet(43)) - raft.server.log.segment.size.max = 1048576 (custom)
2019-10-07 12:46:05,969 [pool-443-thread-1] INFO  server.RaftServerConfigKeys (ConfUtils.java:logGet(43)) - raft.server.log.segment.cache.num.max = 2 (custom)
2019-10-07 12:46:05,969 [pool-433-thread-1] INFO  server.RaftServerConfigKeys (ConfUtils.java:logGet(43)) - raft.server.log.preallocated.size = 16384 (custom)
2019-10-07 12:46:05,969 [pool-423-thread-1] INFO  server.RaftServerConfigKeys (ConfUtils.java:logGet(43)) - raft.server.log.segment.cache.num.max = 2 (custom)
2019-10-07 12:46:05,969 [pool-433-thread-1] INFO  server.RaftServerConfigKeys (ConfUtils.java:logGet(43)) - raft.server.log.write.buffer.size = 33554432 (custom)
2019-10-07 12:46:05,969 [pool-443-thread-1] INFO  segmented.SegmentedRaftLogWorker (SegmentedRaftLogWorker.java:<init>(173)) - new f5de1e30-e937-4788-9a4b-bcad6b240b06@group-B0511C278D9C-SegmentedRaftLogWorker for RaftStorage:Storage Directory /workdir/hadoop-ozone/integration-test/target/test-dir/MiniOzoneClusterImpl-40cf4cc9-95bf-4ba1-95ee-bb8437d0a9c7/datanode-6/data/ratis/ab7f977b-ff84-43e5-ac2a-b0511c278d9c
2019-10-07 12:46:05,969 [pool-433-thread-1] INFO  server.RaftServerConfigKeys (ConfUtils.java:logGet(43)) - raft.server.log.force.sync.num = 128 (default)
2019-10-07 12:46:05,969 [pool-423-thread-1] INFO  segmented.SegmentedRaftLogWorker (SegmentedRaftLogWorker.java:<init>(173)) - new c49e0775-c550-4092-994d-f01e153db261@group-B0511C278D9C-SegmentedRaftLogWorker for RaftStorage:Storage Directory /workdir/hadoop-ozone/integration-test/target/test-dir/MiniOzoneClusterImpl-40cf4cc9-95bf-4ba1-95ee-bb8437d0a9c7/datanode-4/data/ratis/ab7f977b-ff84-43e5-ac2a-b0511c278d9c
2019-10-07 12:46:05,969 [pool-433-thread-1] INFO  server.RaftServerConfigKeys (ConfUtils.java:logGet(43)) - raft.server.log.statemachine.data.sync = true (default)
2019-10-07 12:46:05,969 [pool-443-thread-1] INFO  server.RaftServerConfigKeys (ConfUtils.java:logGet(43)) - raft.server.log.queue.byte-limit = 2147483647 (custom)
2019-10-07 12:46:05,970 [pool-433-thread-1] INFO  server.RaftServerConfigKeys (ConfUtils.java:logGet(43)) - raft.server.log.statemachine.data.sync.timeout = 10s (default)
2019-10-07 12:46:05,970 [pool-423-thread-1] INFO  server.RaftServerConfigKeys (ConfUtils.java:logGet(43)) - raft.server.log.queue.byte-limit = 2147483647 (custom)
2019-10-07 12:46:05,970 [pool-433-thread-1] INFO  server.RaftServerConfigKeys (ConfUtils.java:logGet(43)) - raft.server.log.statemachine.data.sync.timeout.retry = -1 (default)
2019-10-07 12:46:05,970 [pool-443-thread-1] INFO  server.RaftServerConfigKeys (ConfUtils.java:logGet(43)) - raft.server.log.queue.element-limit = 1024 (custom)
2019-10-07 12:46:05,970 [pool-433-thread-1] INFO  server.RaftServerConfigKeys (ConfUtils.java:logGet(43)) - raft.server.log.statemachine.data.caching.enabled = true (custom)
2019-10-07 12:46:05,970 [pool-423-thread-1] INFO  server.RaftServerConfigKeys (ConfUtils.java:logGet(43)) - raft.server.log.queue.element-limit = 1024 (custom)
2019-10-07 12:46:05,970 [pool-433-thread-1] INFO  segmented.SegmentedRaftLogWorker (SegmentedRaftLogWorker.java:lambda$new$0(128)) - 3926dbf2-5bb2-46be-ab1c-4d7e37cfed03@group-B0511C278D9C-SegmentedRaftLogWorker: flushIndex: setUnconditionally 0 -> -1
2019-10-07 12:46:05,970 [pool-443-thread-1] INFO  server.RaftServerConfigKeys (ConfUtils.java:logGet(43)) - raft.server.log.segment.size.max = 1048576 (custom)
2019-10-07 12:46:05,971 [pool-423-thread-1] INFO  server.RaftServerConfigKeys (ConfUtils.java:logGet(43)) - raft.server.log.segment.size.max = 1048576 (custom)
2019-10-07 12:46:05,971 [pool-433-thread-1] INFO  server.RaftServerConfigKeys (ConfUtils.java:logGet(43)) - raft.server.snapshot.auto.trigger.enabled = true (custom)
2019-10-07 12:46:05,971 [pool-443-thread-1] INFO  server.RaftServerConfigKeys (ConfUtils.java:logGet(43)) - raft.server.log.preallocated.size = 16384 (custom)
2019-10-07 12:46:05,971 [pool-433-thread-1] INFO  server.RaftServerConfigKeys (ConfUtils.java:logGet(43)) - raft.server.snapshot.auto.trigger.threshold = 10000 (custom)
2019-10-07 12:46:05,971 [pool-423-thread-1] INFO  server.RaftServerConfigKeys (ConfUtils.java:logGet(43)) - raft.server.log.preallocated.size = 16384 (custom)
2019-10-07 12:46:05,971 [pool-433-thread-1] INFO  server.RaftServerConfigKeys (ConfUtils.java:logGet(43)) - raft.server.snapshot.retention.file.num = 5 (custom)
2019-10-07 12:46:05,971 [pool-443-thread-1] INFO  server.RaftServerConfigKeys (ConfUtils.java:logGet(43)) - raft.server.log.write.buffer.size = 33554432 (custom)
2019-10-07 12:46:05,971 [pool-433-thread-1] INFO  server.RaftServerConfigKeys (ConfUtils.java:logGet(43)) - raft.server.retrycache.expirytime = 600000ms (custom)
2019-10-07 12:46:05,971 [pool-423-thread-1] INFO  server.RaftServerConfigKeys (ConfUtils.java:logGet(43)) - raft.server.log.write.buffer.size = 33554432 (custom)
2019-10-07 12:46:05,971 [pool-443-thread-1] INFO  server.RaftServerConfigKeys (ConfUtils.java:logGet(43)) - raft.server.log.force.sync.num = 128 (default)
2019-10-07 12:46:05,972 [pool-423-thread-1] INFO  server.RaftServerConfigKeys (ConfUtils.java:logGet(43)) - raft.server.log.force.sync.num = 128 (default)
2019-10-07 12:46:05,972 [pool-443-thread-1] INFO  server.RaftServerConfigKeys (ConfUtils.java:logGet(43)) - raft.server.log.statemachine.data.sync = true (default)
2019-10-07 12:46:05,972 [pool-423-thread-1] INFO  server.RaftServerConfigKeys (ConfUtils.java:logGet(43)) - raft.server.log.statemachine.data.sync = true (default)
2019-10-07 12:46:05,972 [pool-443-thread-1] INFO  server.RaftServerConfigKeys (ConfUtils.java:logGet(43)) - raft.server.log.statemachine.data.sync.timeout = 10s (default)
2019-10-07 12:46:05,972 [pool-423-thread-1] INFO  server.RaftServerConfigKeys (ConfUtils.java:logGet(43)) - raft.server.log.statemachine.data.sync.timeout = 10s (default)
2019-10-07 12:46:05,972 [pool-443-thread-1] INFO  server.RaftServerConfigKeys (ConfUtils.java:logGet(43)) - raft.server.log.statemachine.data.sync.timeout.retry = -1 (default)
2019-10-07 12:46:05,973 [pool-423-thread-1] INFO  server.RaftServerConfigKeys (ConfUtils.java:logGet(43)) - raft.server.log.statemachine.data.sync.timeout.retry = -1 (default)
2019-10-07 12:46:05,973 [pool-443-thread-1] INFO  server.RaftServerConfigKeys (ConfUtils.java:logGet(43)) - raft.server.log.statemachine.data.caching.enabled = true (custom)
2019-10-07 12:46:05,973 [pool-423-thread-1] INFO  server.RaftServerConfigKeys (ConfUtils.java:logGet(43)) - raft.server.log.statemachine.data.caching.enabled = true (custom)
2019-10-07 12:46:05,973 [pool-443-thread-1] INFO  segmented.SegmentedRaftLogWorker (SegmentedRaftLogWorker.java:lambda$new$0(128)) - f5de1e30-e937-4788-9a4b-bcad6b240b06@group-B0511C278D9C-SegmentedRaftLogWorker: flushIndex: setUnconditionally 0 -> -1
2019-10-07 12:46:05,973 [pool-433-thread-1] INFO  impl.RaftServerImpl (RaftServerImpl.java:start(181)) - 3926dbf2-5bb2-46be-ab1c-4d7e37cfed03@group-B0511C278D9C: start as a follower, conf=-1: [c49e0775-c550-4092-994d-f01e153db261:192.168.30.23:38401, 3926dbf2-5bb2-46be-ab1c-4d7e37cfed03:192.168.30.23:40420, f5de1e30-e937-4788-9a4b-bcad6b240b06:192.168.30.23:33926], old=null
2019-10-07 12:46:05,973 [pool-423-thread-1] INFO  segmented.SegmentedRaftLogWorker (SegmentedRaftLogWorker.java:lambda$new$0(128)) - c49e0775-c550-4092-994d-f01e153db261@group-B0511C278D9C-SegmentedRaftLogWorker: flushIndex: setUnconditionally 0 -> -1
2019-10-07 12:46:05,973 [pool-443-thread-1] INFO  server.RaftServerConfigKeys (ConfUtils.java:logGet(43)) - raft.server.snapshot.auto.trigger.enabled = true (custom)
2019-10-07 12:46:05,973 [pool-433-thread-1] INFO  impl.RaftServerImpl (RaftServerImpl.java:setRole(170)) - 3926dbf2-5bb2-46be-ab1c-4d7e37cfed03@group-B0511C278D9C: changes role from      null to FOLLOWER at term 0 for startAsFollower
2019-10-07 12:46:05,974 [pool-443-thread-1] INFO  server.RaftServerConfigKeys (ConfUtils.java:logGet(43)) - raft.server.snapshot.auto.trigger.threshold = 10000 (custom)
2019-10-07 12:46:05,974 [pool-433-thread-1] INFO  impl.RoleInfo (RoleInfo.java:updateAndGet(143)) - 3926dbf2-5bb2-46be-ab1c-4d7e37cfed03: start FollowerState
2019-10-07 12:46:05,974 [pool-423-thread-1] INFO  server.RaftServerConfigKeys (ConfUtils.java:logGet(43)) - raft.server.snapshot.auto.trigger.enabled = true (custom)
2019-10-07 12:46:05,974 [pool-443-thread-1] INFO  server.RaftServerConfigKeys (ConfUtils.java:logGet(43)) - raft.server.snapshot.retention.file.num = 5 (custom)
2019-10-07 12:46:05,974 [pool-423-thread-1] INFO  server.RaftServerConfigKeys (ConfUtils.java:logGet(43)) - raft.server.snapshot.auto.trigger.threshold = 10000 (custom)
2019-10-07 12:46:05,974 [pool-433-thread-1] INFO  util.JmxRegister (JmxRegister.java:tryRegister(44)) - Successfully registered JMX Bean with object name Ratis:service=RaftServer,group=group-B0511C278D9C,id=3926dbf2-5bb2-46be-ab1c-4d7e37cfed03
2019-10-07 12:46:05,974 [pool-423-thread-1] INFO  server.RaftServerConfigKeys (ConfUtils.java:logGet(43)) - raft.server.snapshot.retention.file.num = 5 (custom)
2019-10-07 12:46:05,974 [pool-443-thread-1] INFO  server.RaftServerConfigKeys (ConfUtils.java:logGet(43)) - raft.server.retrycache.expirytime = 600000ms (custom)
2019-10-07 12:46:05,974 [pool-423-thread-1] INFO  server.RaftServerConfigKeys (ConfUtils.java:logGet(43)) - raft.server.retrycache.expirytime = 600000ms (custom)
2019-10-07 12:46:05,978 [pool-443-thread-1] INFO  impl.RaftServerImpl (RaftServerImpl.java:start(181)) - f5de1e30-e937-4788-9a4b-bcad6b240b06@group-B0511C278D9C: start as a follower, conf=-1: [c49e0775-c550-4092-994d-f01e153db261:192.168.30.23:38401, 3926dbf2-5bb2-46be-ab1c-4d7e37cfed03:192.168.30.23:40420, f5de1e30-e937-4788-9a4b-bcad6b240b06:192.168.30.23:33926], old=null
2019-10-07 12:46:05,978 [pool-443-thread-1] INFO  impl.RaftServerImpl (RaftServerImpl.java:setRole(170)) - f5de1e30-e937-4788-9a4b-bcad6b240b06@group-B0511C278D9C: changes role from      null to FOLLOWER at term 0 for startAsFollower
2019-10-07 12:46:05,978 [pool-423-thread-1] INFO  impl.RaftServerImpl (RaftServerImpl.java:start(181)) - c49e0775-c550-4092-994d-f01e153db261@group-B0511C278D9C: start as a follower, conf=-1: [c49e0775-c550-4092-994d-f01e153db261:192.168.30.23:38401, 3926dbf2-5bb2-46be-ab1c-4d7e37cfed03:192.168.30.23:40420, f5de1e30-e937-4788-9a4b-bcad6b240b06:192.168.30.23:33926], old=null
2019-10-07 12:46:05,978 [pool-443-thread-1] INFO  impl.RoleInfo (RoleInfo.java:updateAndGet(143)) - f5de1e30-e937-4788-9a4b-bcad6b240b06: start FollowerState
2019-10-07 12:46:05,978 [pool-423-thread-1] INFO  impl.RaftServerImpl (RaftServerImpl.java:setRole(170)) - c49e0775-c550-4092-994d-f01e153db261@group-B0511C278D9C: changes role from      null to FOLLOWER at term 0 for startAsFollower
2019-10-07 12:46:05,979 [pool-423-thread-1] INFO  impl.RoleInfo (RoleInfo.java:updateAndGet(143)) - c49e0775-c550-4092-994d-f01e153db261: start FollowerState
2019-10-07 12:46:05,979 [pool-443-thread-1] INFO  util.JmxRegister (JmxRegister.java:tryRegister(44)) - Successfully registered JMX Bean with object name Ratis:service=RaftServer,group=group-B0511C278D9C,id=f5de1e30-e937-4788-9a4b-bcad6b240b06
2019-10-07 12:46:05,979 [pool-423-thread-1] INFO  util.JmxRegister (JmxRegister.java:tryRegister(44)) - Successfully registered JMX Bean with object name Ratis:service=RaftServer,group=group-B0511C278D9C,id=c49e0775-c550-4092-994d-f01e153db261
2019-10-07 12:46:05,985 [RatisPipelineUtilsThread] INFO  pipeline.PipelineStateManager (PipelineStateManager.java:addPipeline(56)) - Created pipeline Pipeline[ Id: ab7f977b-ff84-43e5-ac2a-b0511c278d9c, Nodes: f5de1e30-e937-4788-9a4b-bcad6b240b06{ip: 192.168.30.23, host: pr-hdds-2262-rg9fl-2107095119, networkLocation: /default-rack, certSerialId: null}c49e0775-c550-4092-994d-f01e153db261{ip: 192.168.30.23, host: pr-hdds-2262-rg9fl-2107095119, networkLocation: /default-rack, certSerialId: null}3926dbf2-5bb2-46be-ab1c-4d7e37cfed03{ip: 192.168.30.23, host: pr-hdds-2262-rg9fl-2107095119, networkLocation: /default-rack, certSerialId: null}, Type:RATIS, Factor:THREE, State:OPEN]
2019-10-07 12:46:06,871 [main] INFO  ozone.MiniOzoneClusterImpl (MiniOzoneClusterImpl.java:lambda$waitForClusterToBeReady$0(147)) - Cluster is ready. Got 7 of 7 DN Heartbeats.
2019-10-07 12:46:06,921 [main] INFO  rpc.RpcClient (RpcClient.java:createVolume(277)) - Creating Volume: watchforcommithandlingtest, with jenkins1000 as owner.
2019-10-07 12:46:06,923 [IPC Server handler 1 on 41858] INFO  volume.OMVolumeCreateRequest (OMVolumeCreateRequest.java:validateAndUpdateCache(193)) - created volume:watchforcommithandlingtest for user:jenkins1000
2019-10-07 12:46:06,940 [main] INFO  rpc.RpcClient (RpcClient.java:createBucket(416)) - Creating Bucket: watchforcommithandlingtest/watchforcommithandlingtest, with Versioning false and Storage Type set to DISK and Encryption set to false 
2019-10-07 12:46:06,946 [main] INFO  ozone.MiniOzoneClusterImpl (MiniOzoneClusterImpl.java:getStorageContainerLocationClient(234)) - Creating StorageContainerLocationProtocol RPC client with address /0.0.0.0:35040
2019-10-07 12:46:08,470 [Thread-2322] INFO  container.ReplicationManager (ReplicationManager.java:start(162)) - Starting Replication Monitor Thread.
2019-10-07 12:46:08,475 [ReplicationMonitor] INFO  container.ReplicationManager (ReplicationManager.java:run(225)) - Replication Monitor Thread took 0 milliseconds for processing 1 containers.
2019-10-07 12:46:10,641 [Thread-2324] INFO  impl.FollowerState (FollowerState.java:run(108)) - c68a69bd-486a-434f-8dc7-035c8595ac45@group-5AE1E95BC6B0-FollowerState: change to CANDIDATE, lastRpcTime:5118ms, electionTimeout:5118ms
2019-10-07 12:46:10,643 [Thread-2324] INFO  impl.RoleInfo (RoleInfo.java:shutdownFollowerState(121)) - c68a69bd-486a-434f-8dc7-035c8595ac45: shutdown FollowerState
2019-10-07 12:46:10,643 [Thread-2324] INFO  impl.RaftServerImpl (RaftServerImpl.java:setRole(170)) - c68a69bd-486a-434f-8dc7-035c8595ac45@group-5AE1E95BC6B0: changes role from  FOLLOWER to CANDIDATE at term 0 for changeToCandidate
2019-10-07 12:46:10,643 [Thread-2324] INFO  impl.RoleInfo (RoleInfo.java:updateAndGet(143)) - c68a69bd-486a-434f-8dc7-035c8595ac45: start LeaderElection
2019-10-07 12:46:10,686 [c68a69bd-486a-434f-8dc7-035c8595ac45@group-5AE1E95BC6B0-LeaderElection80] INFO  impl.LeaderElection (LeaderElection.java:askForVotes(178)) - c68a69bd-486a-434f-8dc7-035c8595ac45@group-5AE1E95BC6B0-LeaderElection80: begin an election at term 1 for -1: [c68a69bd-486a-434f-8dc7-035c8595ac45:192.168.30.23:33219], old=null
2019-10-07 12:46:10,687 [c68a69bd-486a-434f-8dc7-035c8595ac45@group-5AE1E95BC6B0-LeaderElection80] INFO  impl.RoleInfo (RoleInfo.java:shutdownLeaderElection(134)) - c68a69bd-486a-434f-8dc7-035c8595ac45: shutdown LeaderElection
2019-10-07 12:46:10,687 [c68a69bd-486a-434f-8dc7-035c8595ac45@group-5AE1E95BC6B0-LeaderElection80] INFO  impl.RaftServerImpl (RaftServerImpl.java:setRole(170)) - c68a69bd-486a-434f-8dc7-035c8595ac45@group-5AE1E95BC6B0: changes role from CANDIDATE to LEADER at term 1 for changeToLeader
2019-10-07 12:46:10,687 [c68a69bd-486a-434f-8dc7-035c8595ac45@group-5AE1E95BC6B0-LeaderElection80] INFO  impl.RaftServerImpl (ServerState.java:setLeader(255)) - c68a69bd-486a-434f-8dc7-035c8595ac45@group-5AE1E95BC6B0: change Leader from null to c68a69bd-486a-434f-8dc7-035c8595ac45 at term 1 for becomeLeader, leader elected after 5171ms
2019-10-07 12:46:10,687 [c68a69bd-486a-434f-8dc7-035c8595ac45@group-5AE1E95BC6B0-LeaderElection80] INFO  server.RaftServerConfigKeys (ConfUtils.java:logGet(43)) - raft.server.staging.catchup.gap = 1000 (default)
2019-10-07 12:46:10,688 [c68a69bd-486a-434f-8dc7-035c8595ac45@group-5AE1E95BC6B0-LeaderElection80] INFO  server.RaftServerConfigKeys (ConfUtils.java:logGet(43)) - raft.server.rpc.sleep.time = 25ms (default)
2019-10-07 12:46:10,688 [c68a69bd-486a-434f-8dc7-035c8595ac45@group-5AE1E95BC6B0-LeaderElection80] INFO  server.RaftServerConfigKeys (ConfUtils.java:logGet(43)) - raft.server.write.element-limit = 4096 (default)
2019-10-07 12:46:10,688 [c68a69bd-486a-434f-8dc7-035c8595ac45@group-5AE1E95BC6B0-LeaderElection80] INFO  server.RaftServerConfigKeys (ConfUtils.java:logGet(43)) - raft.server.watch.timeout = 10s (default)
2019-10-07 12:46:10,688 [c68a69bd-486a-434f-8dc7-035c8595ac45@group-5AE1E95BC6B0-LeaderElection80] INFO  server.RaftServerConfigKeys (ConfUtils.java:logGet(43)) - raft.server.watch.timeout.denomination = 1s (default)
2019-10-07 12:46:10,688 [c68a69bd-486a-434f-8dc7-035c8595ac45@group-5AE1E95BC6B0-LeaderElection80] INFO  server.RaftServerConfigKeys (ConfUtils.java:logGet(43)) - raft.server.watch.element-limit = 65536 (default)
2019-10-07 12:46:10,691 [c68a69bd-486a-434f-8dc7-035c8595ac45@group-5AE1E95BC6B0-LeaderElection80] INFO  impl.RoleInfo (RoleInfo.java:updateAndGet(143)) - c68a69bd-486a-434f-8dc7-035c8595ac45: start LeaderState
2019-10-07 12:46:10,692 [c68a69bd-486a-434f-8dc7-035c8595ac45@group-5AE1E95BC6B0-LeaderElection80] INFO  segmented.SegmentedRaftLogWorker (SegmentedRaftLogWorker.java:startLogSegment(385)) - c68a69bd-486a-434f-8dc7-035c8595ac45@group-5AE1E95BC6B0-SegmentedRaftLogWorker: Starting segment from index:0
2019-10-07 12:46:10,693 [c68a69bd-486a-434f-8dc7-035c8595ac45@group-5AE1E95BC6B0-LeaderElection80] INFO  impl.RaftServerImpl (ServerState.java:setRaftConf(356)) - c68a69bd-486a-434f-8dc7-035c8595ac45@group-5AE1E95BC6B0: set configuration 0: [c68a69bd-486a-434f-8dc7-035c8595ac45:192.168.30.23:33219], old=null at 0
2019-10-07 12:46:10,705 [Thread-2330] INFO  impl.FollowerState (FollowerState.java:run(108)) - 9a10e594-81e5-427d-a6b7-c8c9aa6b8a40@group-B9D17F537EBE-FollowerState: change to CANDIDATE, lastRpcTime:5064ms, electionTimeout:5064ms
2019-10-07 12:46:10,705 [Thread-2330] INFO  impl.RoleInfo (RoleInfo.java:shutdownFollowerState(121)) - 9a10e594-81e5-427d-a6b7-c8c9aa6b8a40: shutdown FollowerState
2019-10-07 12:46:10,705 [Thread-2330] INFO  impl.RaftServerImpl (RaftServerImpl.java:setRole(170)) - 9a10e594-81e5-427d-a6b7-c8c9aa6b8a40@group-B9D17F537EBE: changes role from  FOLLOWER to CANDIDATE at term 0 for changeToCandidate
2019-10-07 12:46:10,705 [Thread-2330] INFO  impl.RoleInfo (RoleInfo.java:updateAndGet(143)) - 9a10e594-81e5-427d-a6b7-c8c9aa6b8a40: start LeaderElection
2019-10-07 12:46:10,723 [Thread-2327] INFO  impl.FollowerState (FollowerState.java:run(108)) - 82708601-a3fe-4596-8191-8774b7e6ce6f@group-1A54F29BFE76-FollowerState: change to CANDIDATE, lastRpcTime:5159ms, electionTimeout:5159ms
2019-10-07 12:46:10,723 [Thread-2327] INFO  impl.RoleInfo (RoleInfo.java:shutdownFollowerState(121)) - 82708601-a3fe-4596-8191-8774b7e6ce6f: shutdown FollowerState
2019-10-07 12:46:10,723 [Thread-2327] INFO  impl.RaftServerImpl (RaftServerImpl.java:setRole(170)) - 82708601-a3fe-4596-8191-8774b7e6ce6f@group-1A54F29BFE76: changes role from  FOLLOWER to CANDIDATE at term 0 for changeToCandidate
2019-10-07 12:46:10,724 [Thread-2327] INFO  impl.RoleInfo (RoleInfo.java:updateAndGet(143)) - 82708601-a3fe-4596-8191-8774b7e6ce6f: start LeaderElection
2019-10-07 12:46:10,733 [c68a69bd-486a-434f-8dc7-035c8595ac45@group-5AE1E95BC6B0-SegmentedRaftLogWorker] INFO  segmented.SegmentedRaftLogWorker (SegmentedRaftLogWorker.java:execute(574)) - c68a69bd-486a-434f-8dc7-035c8595ac45@group-5AE1E95BC6B0-SegmentedRaftLogWorker: created new log segment /workdir/hadoop-ozone/integration-test/target/test-dir/MiniOzoneClusterImpl-40cf4cc9-95bf-4ba1-95ee-bb8437d0a9c7/datanode-0/data/ratis/a870e3fd-9869-425e-8d02-5ae1e95bc6b0/current/log_inprogress_0
2019-10-07 12:46:10,733 [9a10e594-81e5-427d-a6b7-c8c9aa6b8a40@group-B9D17F537EBE-LeaderElection81] INFO  impl.LeaderElection (LeaderElection.java:askForVotes(178)) - 9a10e594-81e5-427d-a6b7-c8c9aa6b8a40@group-B9D17F537EBE-LeaderElection81: begin an election at term 1 for -1: [9a10e594-81e5-427d-a6b7-c8c9aa6b8a40:192.168.30.23:37438], old=null
2019-10-07 12:46:10,733 [82708601-a3fe-4596-8191-8774b7e6ce6f@group-1A54F29BFE76-LeaderElection82] INFO  impl.LeaderElection (LeaderElection.java:askForVotes(178)) - 82708601-a3fe-4596-8191-8774b7e6ce6f@group-1A54F29BFE76-LeaderElection82: begin an election at term 1 for -1: [82708601-a3fe-4596-8191-8774b7e6ce6f:192.168.30.23:34165], old=null
2019-10-07 12:46:10,733 [9a10e594-81e5-427d-a6b7-c8c9aa6b8a40@group-B9D17F537EBE-LeaderElection81] INFO  impl.RoleInfo (RoleInfo.java:shutdownLeaderElection(134)) - 9a10e594-81e5-427d-a6b7-c8c9aa6b8a40: shutdown LeaderElection
2019-10-07 12:46:10,733 [82708601-a3fe-4596-8191-8774b7e6ce6f@group-1A54F29BFE76-LeaderElection82] INFO  impl.RoleInfo (RoleInfo.java:shutdownLeaderElection(134)) - 82708601-a3fe-4596-8191-8774b7e6ce6f: shutdown LeaderElection
2019-10-07 12:46:10,733 [9a10e594-81e5-427d-a6b7-c8c9aa6b8a40@group-B9D17F537EBE-LeaderElection81] INFO  impl.RaftServerImpl (RaftServerImpl.java:setRole(170)) - 9a10e594-81e5-427d-a6b7-c8c9aa6b8a40@group-B9D17F537EBE: changes role from CANDIDATE to LEADER at term 1 for changeToLeader
2019-10-07 12:46:10,733 [82708601-a3fe-4596-8191-8774b7e6ce6f@group-1A54F29BFE76-LeaderElection82] INFO  impl.RaftServerImpl (RaftServerImpl.java:setRole(170)) - 82708601-a3fe-4596-8191-8774b7e6ce6f@group-1A54F29BFE76: changes role from CANDIDATE to LEADER at term 1 for changeToLeader
2019-10-07 12:46:10,733 [9a10e594-81e5-427d-a6b7-c8c9aa6b8a40@group-B9D17F537EBE-LeaderElection81] INFO  impl.RaftServerImpl (ServerState.java:setLeader(255)) - 9a10e594-81e5-427d-a6b7-c8c9aa6b8a40@group-B9D17F537EBE: change Leader from null to 9a10e594-81e5-427d-a6b7-c8c9aa6b8a40 at term 1 for becomeLeader, leader elected after 5100ms
2019-10-07 12:46:10,734 [82708601-a3fe-4596-8191-8774b7e6ce6f@group-1A54F29BFE76-LeaderElection82] INFO  impl.RaftServerImpl (ServerState.java:setLeader(255)) - 82708601-a3fe-4596-8191-8774b7e6ce6f@group-1A54F29BFE76: change Leader from null to 82708601-a3fe-4596-8191-8774b7e6ce6f at term 1 for becomeLeader, leader elected after 5176ms
2019-10-07 12:46:10,734 [9a10e594-81e5-427d-a6b7-c8c9aa6b8a40@group-B9D17F537EBE-LeaderElection81] INFO  server.RaftServerConfigKeys (ConfUtils.java:logGet(43)) - raft.server.staging.catchup.gap = 1000 (default)
2019-10-07 12:46:10,734 [82708601-a3fe-4596-8191-8774b7e6ce6f@group-1A54F29BFE76-LeaderElection82] INFO  server.RaftServerConfigKeys (ConfUtils.java:logGet(43)) - raft.server.staging.catchup.gap = 1000 (default)
2019-10-07 12:46:10,734 [9a10e594-81e5-427d-a6b7-c8c9aa6b8a40@group-B9D17F537EBE-LeaderElection81] INFO  server.RaftServerConfigKeys (ConfUtils.java:logGet(43)) - raft.server.rpc.sleep.time = 25ms (default)
2019-10-07 12:46:10,734 [82708601-a3fe-4596-8191-8774b7e6ce6f@group-1A54F29BFE76-LeaderElection82] INFO  server.RaftServerConfigKeys (ConfUtils.java:logGet(43)) - raft.server.rpc.sleep.time = 25ms (default)
2019-10-07 12:46:10,734 [9a10e594-81e5-427d-a6b7-c8c9aa6b8a40@group-B9D17F537EBE-LeaderElection81] INFO  server.RaftServerConfigKeys (ConfUtils.java:logGet(43)) - raft.server.write.element-limit = 4096 (default)
2019-10-07 12:46:10,734 [82708601-a3fe-4596-8191-8774b7e6ce6f@group-1A54F29BFE76-LeaderElection82] INFO  server.RaftServerConfigKeys (ConfUtils.java:logGet(43)) - raft.server.write.element-limit = 4096 (default)
2019-10-07 12:46:10,734 [9a10e594-81e5-427d-a6b7-c8c9aa6b8a40@group-B9D17F537EBE-LeaderElection81] INFO  server.RaftServerConfigKeys (ConfUtils.java:logGet(43)) - raft.server.watch.timeout = 10s (default)
2019-10-07 12:46:10,734 [82708601-a3fe-4596-8191-8774b7e6ce6f@group-1A54F29BFE76-LeaderElection82] INFO  server.RaftServerConfigKeys (ConfUtils.java:logGet(43)) - raft.server.watch.timeout = 10s (default)
2019-10-07 12:46:10,734 [9a10e594-81e5-427d-a6b7-c8c9aa6b8a40@group-B9D17F537EBE-LeaderElection81] INFO  server.RaftServerConfigKeys (ConfUtils.java:logGet(43)) - raft.server.watch.timeout.denomination = 1s (default)
2019-10-07 12:46:10,735 [82708601-a3fe-4596-8191-8774b7e6ce6f@group-1A54F29BFE76-LeaderElection82] INFO  server.RaftServerConfigKeys (ConfUtils.java:logGet(43)) - raft.server.watch.timeout.denomination = 1s (default)
2019-10-07 12:46:10,735 [9a10e594-81e5-427d-a6b7-c8c9aa6b8a40@group-B9D17F537EBE-LeaderElection81] INFO  server.RaftServerConfigKeys (ConfUtils.java:logGet(43)) - raft.server.watch.element-limit = 65536 (default)
2019-10-07 12:46:10,735 [82708601-a3fe-4596-8191-8774b7e6ce6f@group-1A54F29BFE76-LeaderElection82] INFO  server.RaftServerConfigKeys (ConfUtils.java:logGet(43)) - raft.server.watch.element-limit = 65536 (default)
2019-10-07 12:46:10,737 [9a10e594-81e5-427d-a6b7-c8c9aa6b8a40@group-B9D17F537EBE-LeaderElection81] INFO  impl.RoleInfo (RoleInfo.java:updateAndGet(143)) - 9a10e594-81e5-427d-a6b7-c8c9aa6b8a40: start LeaderState
2019-10-07 12:46:10,737 [82708601-a3fe-4596-8191-8774b7e6ce6f@group-1A54F29BFE76-LeaderElection82] INFO  impl.RoleInfo (RoleInfo.java:updateAndGet(143)) - 82708601-a3fe-4596-8191-8774b7e6ce6f: start LeaderState
2019-10-07 12:46:10,737 [9a10e594-81e5-427d-a6b7-c8c9aa6b8a40@group-B9D17F537EBE-LeaderElection81] INFO  segmented.SegmentedRaftLogWorker (SegmentedRaftLogWorker.java:startLogSegment(385)) - 9a10e594-81e5-427d-a6b7-c8c9aa6b8a40@group-B9D17F537EBE-SegmentedRaftLogWorker: Starting segment from index:0
2019-10-07 12:46:10,738 [82708601-a3fe-4596-8191-8774b7e6ce6f@group-1A54F29BFE76-LeaderElection82] INFO  segmented.SegmentedRaftLogWorker (SegmentedRaftLogWorker.java:startLogSegment(385)) - 82708601-a3fe-4596-8191-8774b7e6ce6f@group-1A54F29BFE76-SegmentedRaftLogWorker: Starting segment from index:0
2019-10-07 12:46:10,738 [9a10e594-81e5-427d-a6b7-c8c9aa6b8a40@group-B9D17F537EBE-LeaderElection81] INFO  impl.RaftServerImpl (ServerState.java:setRaftConf(356)) - 9a10e594-81e5-427d-a6b7-c8c9aa6b8a40@group-B9D17F537EBE: set configuration 0: [9a10e594-81e5-427d-a6b7-c8c9aa6b8a40:192.168.30.23:37438], old=null at 0
2019-10-07 12:46:10,738 [82708601-a3fe-4596-8191-8774b7e6ce6f@group-1A54F29BFE76-LeaderElection82] INFO  impl.RaftServerImpl (ServerState.java:setRaftConf(356)) - 82708601-a3fe-4596-8191-8774b7e6ce6f@group-1A54F29BFE76: set configuration 0: [82708601-a3fe-4596-8191-8774b7e6ce6f:192.168.30.23:34165], old=null at 0
2019-10-07 12:46:10,776 [82708601-a3fe-4596-8191-8774b7e6ce6f@group-1A54F29BFE76-SegmentedRaftLogWorker] INFO  segmented.SegmentedRaftLogWorker (SegmentedRaftLogWorker.java:execute(574)) - 82708601-a3fe-4596-8191-8774b7e6ce6f@group-1A54F29BFE76-SegmentedRaftLogWorker: created new log segment /workdir/hadoop-ozone/integration-test/target/test-dir/MiniOzoneClusterImpl-40cf4cc9-95bf-4ba1-95ee-bb8437d0a9c7/datanode-1/data/ratis/b9ece4f5-1afb-4394-944b-1a54f29bfe76/current/log_inprogress_0
2019-10-07 12:46:10,776 [9a10e594-81e5-427d-a6b7-c8c9aa6b8a40@group-B9D17F537EBE-SegmentedRaftLogWorker] INFO  segmented.SegmentedRaftLogWorker (SegmentedRaftLogWorker.java:execute(574)) - 9a10e594-81e5-427d-a6b7-c8c9aa6b8a40@group-B9D17F537EBE-SegmentedRaftLogWorker: created new log segment /workdir/hadoop-ozone/integration-test/target/test-dir/MiniOzoneClusterImpl-40cf4cc9-95bf-4ba1-95ee-bb8437d0a9c7/datanode-2/data/ratis/12dcef4b-4dd1-49bc-982f-b9d17f537ebe/current/log_inprogress_0
2019-10-07 12:46:10,826 [Thread-2333] INFO  impl.FollowerState (FollowerState.java:run(108)) - 82708601-a3fe-4596-8191-8774b7e6ce6f@group-0BD8710B21FA-FollowerState: change to CANDIDATE, lastRpcTime:5133ms, electionTimeout:5133ms
2019-10-07 12:46:10,826 [Thread-2333] INFO  impl.RoleInfo (RoleInfo.java:shutdownFollowerState(121)) - 82708601-a3fe-4596-8191-8774b7e6ce6f: shutdown FollowerState
2019-10-07 12:46:10,827 [Thread-2333] INFO  impl.RaftServerImpl (RaftServerImpl.java:setRole(170)) - 82708601-a3fe-4596-8191-8774b7e6ce6f@group-0BD8710B21FA: changes role from  FOLLOWER to CANDIDATE at term 0 for changeToCandidate
2019-10-07 12:46:10,827 [Thread-2333] INFO  impl.RoleInfo (RoleInfo.java:updateAndGet(143)) - 82708601-a3fe-4596-8191-8774b7e6ce6f: start LeaderElection
2019-10-07 12:46:10,847 [82708601-a3fe-4596-8191-8774b7e6ce6f@group-0BD8710B21FA-LeaderElection83] INFO  impl.LeaderElection (LeaderElection.java:askForVotes(178)) - 82708601-a3fe-4596-8191-8774b7e6ce6f@group-0BD8710B21FA-LeaderElection83: begin an election at term 1 for -1: [c68a69bd-486a-434f-8dc7-035c8595ac45:192.168.30.23:33219, 9a10e594-81e5-427d-a6b7-c8c9aa6b8a40:192.168.30.23:37438, 82708601-a3fe-4596-8191-8774b7e6ce6f:192.168.30.23:34165], old=null
2019-10-07 12:46:10,853 [grpc-default-executor-1] INFO  impl.RaftServerImpl (RaftServerImpl.java:setRole(170)) - c68a69bd-486a-434f-8dc7-035c8595ac45@group-0BD8710B21FA: changes role from  FOLLOWER to FOLLOWER at term 1 for recognizeCandidate:82708601-a3fe-4596-8191-8774b7e6ce6f
2019-10-07 12:46:10,853 [grpc-default-executor-6] INFO  impl.RaftServerImpl (RaftServerImpl.java:setRole(170)) - 9a10e594-81e5-427d-a6b7-c8c9aa6b8a40@group-0BD8710B21FA: changes role from  FOLLOWER to FOLLOWER at term 1 for recognizeCandidate:82708601-a3fe-4596-8191-8774b7e6ce6f
2019-10-07 12:46:10,853 [grpc-default-executor-1] INFO  impl.RoleInfo (RoleInfo.java:shutdownFollowerState(121)) - c68a69bd-486a-434f-8dc7-035c8595ac45: shutdown FollowerState
2019-10-07 12:46:10,854 [grpc-default-executor-6] INFO  impl.RoleInfo (RoleInfo.java:shutdownFollowerState(121)) - 9a10e594-81e5-427d-a6b7-c8c9aa6b8a40: shutdown FollowerState
2019-10-07 12:46:10,854 [grpc-default-executor-1] INFO  impl.RoleInfo (RoleInfo.java:updateAndGet(143)) - c68a69bd-486a-434f-8dc7-035c8595ac45: start FollowerState
2019-10-07 12:46:10,854 [grpc-default-executor-6] INFO  impl.RoleInfo (RoleInfo.java:updateAndGet(143)) - 9a10e594-81e5-427d-a6b7-c8c9aa6b8a40: start FollowerState
2019-10-07 12:46:10,854 [Thread-2337] INFO  impl.FollowerState (FollowerState.java:run(117)) - c68a69bd-486a-434f-8dc7-035c8595ac45@group-0BD8710B21FA-FollowerState was interrupted: java.lang.InterruptedException: sleep interrupted
2019-10-07 12:46:10,854 [Thread-2338] INFO  impl.FollowerState (FollowerState.java:run(117)) - 9a10e594-81e5-427d-a6b7-c8c9aa6b8a40@group-0BD8710B21FA-FollowerState was interrupted: java.lang.InterruptedException: sleep interrupted
2019-10-07 12:46:10,873 [82708601-a3fe-4596-8191-8774b7e6ce6f@group-0BD8710B21FA-LeaderElection83] INFO  impl.LeaderElection (LeaderElection.java:logAndReturn(56)) - 82708601-a3fe-4596-8191-8774b7e6ce6f@group-0BD8710B21FA-LeaderElection83: Election PASSED; received 1 response(s) [82708601-a3fe-4596-8191-8774b7e6ce6f<-c68a69bd-486a-434f-8dc7-035c8595ac45#0:OK-t1] and 0 exception(s); 82708601-a3fe-4596-8191-8774b7e6ce6f@group-0BD8710B21FA:t1, leader=null, voted=82708601-a3fe-4596-8191-8774b7e6ce6f, raftlog=82708601-a3fe-4596-8191-8774b7e6ce6f@group-0BD8710B21FA-SegmentedRaftLog:OPENED:c-1,f-1,i0, conf=-1: [c68a69bd-486a-434f-8dc7-035c8595ac45:192.168.30.23:33219, 9a10e594-81e5-427d-a6b7-c8c9aa6b8a40:192.168.30.23:37438, 82708601-a3fe-4596-8191-8774b7e6ce6f:192.168.30.23:34165], old=null
2019-10-07 12:46:10,873 [82708601-a3fe-4596-8191-8774b7e6ce6f@group-0BD8710B21FA-LeaderElection83] INFO  impl.RoleInfo (RoleInfo.java:shutdownLeaderElection(134)) - 82708601-a3fe-4596-8191-8774b7e6ce6f: shutdown LeaderElection
2019-10-07 12:46:10,873 [82708601-a3fe-4596-8191-8774b7e6ce6f@group-0BD8710B21FA-LeaderElection83] INFO  impl.RaftServerImpl (RaftServerImpl.java:setRole(170)) - 82708601-a3fe-4596-8191-8774b7e6ce6f@group-0BD8710B21FA: changes role from CANDIDATE to LEADER at term 1 for changeToLeader
2019-10-07 12:46:10,873 [82708601-a3fe-4596-8191-8774b7e6ce6f@group-0BD8710B21FA-LeaderElection83] INFO  impl.RaftServerImpl (ServerState.java:setLeader(255)) - 82708601-a3fe-4596-8191-8774b7e6ce6f@group-0BD8710B21FA: change Leader from null to 82708601-a3fe-4596-8191-8774b7e6ce6f at term 1 for becomeLeader, leader elected after 5187ms
2019-10-07 12:46:10,873 [82708601-a3fe-4596-8191-8774b7e6ce6f@group-0BD8710B21FA-LeaderElection83] INFO  server.RaftServerConfigKeys (ConfUtils.java:logGet(43)) - raft.server.staging.catchup.gap = 1000 (default)
2019-10-07 12:46:10,873 [82708601-a3fe-4596-8191-8774b7e6ce6f@group-0BD8710B21FA-LeaderElection83] INFO  server.RaftServerConfigKeys (ConfUtils.java:logGet(43)) - raft.server.rpc.sleep.time = 25ms (default)
2019-10-07 12:46:10,874 [82708601-a3fe-4596-8191-8774b7e6ce6f@group-0BD8710B21FA-LeaderElection83] INFO  server.RaftServerConfigKeys (ConfUtils.java:logGet(43)) - raft.server.write.element-limit = 4096 (default)
2019-10-07 12:46:10,874 [82708601-a3fe-4596-8191-8774b7e6ce6f@group-0BD8710B21FA-LeaderElection83] INFO  server.RaftServerConfigKeys (ConfUtils.java:logGet(43)) - raft.server.watch.timeout = 10s (default)
2019-10-07 12:46:10,874 [82708601-a3fe-4596-8191-8774b7e6ce6f@group-0BD8710B21FA-LeaderElection83] INFO  server.RaftServerConfigKeys (ConfUtils.java:logGet(43)) - raft.server.watch.timeout.denomination = 1s (default)
2019-10-07 12:46:10,874 [82708601-a3fe-4596-8191-8774b7e6ce6f@group-0BD8710B21FA-LeaderElection83] INFO  server.RaftServerConfigKeys (ConfUtils.java:logGet(43)) - raft.server.watch.element-limit = 65536 (default)
2019-10-07 12:46:10,875 [82708601-a3fe-4596-8191-8774b7e6ce6f@group-0BD8710B21FA-LeaderElection83] INFO  server.RaftServerConfigKeys (ConfUtils.java:logGet(43)) - raft.server.log.appender.snapshot.chunk.size.max = 16MB (=16777216) (default)
2019-10-07 12:46:10,876 [82708601-a3fe-4596-8191-8774b7e6ce6f@group-0BD8710B21FA-LeaderElection83] INFO  server.RaftServerConfigKeys (ConfUtils.java:logGet(43)) - raft.server.log.appender.buffer.byte-limit = 33554432 (custom)
2019-10-07 12:46:10,876 [82708601-a3fe-4596-8191-8774b7e6ce6f@group-0BD8710B21FA-LeaderElection83] INFO  server.RaftServerConfigKeys (ConfUtils.java:logGet(43)) - raft.server.log.appender.buffer.element-limit = 1 (custom)
2019-10-07 12:46:10,876 [82708601-a3fe-4596-8191-8774b7e6ce6f@group-0BD8710B21FA-LeaderElection83] INFO  grpc.GrpcConfigKeys$Server (ConfUtils.java:logGet(43)) - raft.grpc.server.leader.outstanding.appends.max = 128 (default)
2019-10-07 12:46:10,876 [82708601-a3fe-4596-8191-8774b7e6ce6f@group-0BD8710B21FA-LeaderElection83] INFO  server.RaftServerConfigKeys (ConfUtils.java:logGet(43)) - raft.server.rpc.request.timeout = 3000ms (default)
2019-10-07 12:46:10,876 [82708601-a3fe-4596-8191-8774b7e6ce6f@group-0BD8710B21FA-LeaderElection83] INFO  server.RaftServerConfigKeys (ConfUtils.java:logGet(43)) - raft.server.log.appender.install.snapshot.enabled = false (custom)
2019-10-07 12:46:10,876 [82708601-a3fe-4596-8191-8774b7e6ce6f@group-0BD8710B21FA-LeaderElection83] INFO  server.RaftServerConfigKeys (ConfUtils.java:logGet(43)) - raft.server.log.appender.snapshot.chunk.size.max = 16MB (=16777216) (default)
2019-10-07 12:46:10,877 [82708601-a3fe-4596-8191-8774b7e6ce6f@group-0BD8710B21FA-LeaderElection83] INFO  server.RaftServerConfigKeys (ConfUtils.java:logGet(43)) - raft.server.log.appender.buffer.byte-limit = 33554432 (custom)
2019-10-07 12:46:10,877 [82708601-a3fe-4596-8191-8774b7e6ce6f@group-0BD8710B21FA-LeaderElection83] INFO  server.RaftServerConfigKeys (ConfUtils.java:logGet(43)) - raft.server.log.appender.buffer.element-limit = 1 (custom)
2019-10-07 12:46:10,877 [82708601-a3fe-4596-8191-8774b7e6ce6f@group-0BD8710B21FA-LeaderElection83] INFO  grpc.GrpcConfigKeys$Server (ConfUtils.java:logGet(43)) - raft.grpc.server.leader.outstanding.appends.max = 128 (default)
2019-10-07 12:46:10,877 [82708601-a3fe-4596-8191-8774b7e6ce6f@group-0BD8710B21FA-LeaderElection83] INFO  server.RaftServerConfigKeys (ConfUtils.java:logGet(43)) - raft.server.rpc.request.timeout = 3000ms (default)
2019-10-07 12:46:10,877 [82708601-a3fe-4596-8191-8774b7e6ce6f@group-0BD8710B21FA-LeaderElection83] INFO  server.RaftServerConfigKeys (ConfUtils.java:logGet(43)) - raft.server.log.appender.install.snapshot.enabled = false (custom)
2019-10-07 12:46:10,877 [82708601-a3fe-4596-8191-8774b7e6ce6f@group-0BD8710B21FA-LeaderElection83] INFO  impl.RoleInfo (RoleInfo.java:updateAndGet(143)) - 82708601-a3fe-4596-8191-8774b7e6ce6f: start LeaderState
2019-10-07 12:46:10,877 [82708601-a3fe-4596-8191-8774b7e6ce6f@group-0BD8710B21FA-LeaderElection83] INFO  segmented.SegmentedRaftLogWorker (SegmentedRaftLogWorker.java:startLogSegment(385)) - 82708601-a3fe-4596-8191-8774b7e6ce6f@group-0BD8710B21FA-SegmentedRaftLogWorker: Starting segment from index:0
2019-10-07 12:46:10,878 [82708601-a3fe-4596-8191-8774b7e6ce6f@group-0BD8710B21FA-LeaderElection83] INFO  impl.RaftServerImpl (ServerState.java:setRaftConf(356)) - 82708601-a3fe-4596-8191-8774b7e6ce6f@group-0BD8710B21FA: set configuration 0: [c68a69bd-486a-434f-8dc7-035c8595ac45:192.168.30.23:33219, 9a10e594-81e5-427d-a6b7-c8c9aa6b8a40:192.168.30.23:37438, 82708601-a3fe-4596-8191-8774b7e6ce6f:192.168.30.23:34165], old=null at 0
2019-10-07 12:46:10,905 [grpc-default-executor-1] INFO  impl.RaftServerImpl (ServerState.java:setLeader(255)) - c68a69bd-486a-434f-8dc7-035c8595ac45@group-0BD8710B21FA: change Leader from null to 82708601-a3fe-4596-8191-8774b7e6ce6f at term 1 for appendEntries, leader elected after 5219ms
2019-10-07 12:46:10,908 [grpc-default-executor-6] INFO  impl.RaftServerImpl (ServerState.java:setLeader(255)) - 9a10e594-81e5-427d-a6b7-c8c9aa6b8a40@group-0BD8710B21FA: change Leader from null to 82708601-a3fe-4596-8191-8774b7e6ce6f at term 1 for appendEntries, leader elected after 5222ms
2019-10-07 12:46:10,911 [Thread-2342] INFO  impl.FollowerState (FollowerState.java:run(108)) - c49e0775-c550-4092-994d-f01e153db261@group-820D5432DF55-FollowerState: change to CANDIDATE, lastRpcTime:5119ms, electionTimeout:5119ms
2019-10-07 12:46:10,914 [Thread-2342] INFO  impl.RoleInfo (RoleInfo.java:shutdownFollowerState(121)) - c49e0775-c550-4092-994d-f01e153db261: shutdown FollowerState
2019-10-07 12:46:10,914 [Thread-2342] INFO  impl.RaftServerImpl (RaftServerImpl.java:setRole(170)) - c49e0775-c550-4092-994d-f01e153db261@group-820D5432DF55: changes role from  FOLLOWER to CANDIDATE at term 0 for changeToCandidate
2019-10-07 12:46:10,914 [Thread-2342] INFO  impl.RoleInfo (RoleInfo.java:updateAndGet(143)) - c49e0775-c550-4092-994d-f01e153db261: start LeaderElection
2019-10-07 12:46:10,917 [82708601-a3fe-4596-8191-8774b7e6ce6f@group-0BD8710B21FA-SegmentedRaftLogWorker] INFO  segmented.SegmentedRaftLogWorker (SegmentedRaftLogWorker.java:execute(574)) - 82708601-a3fe-4596-8191-8774b7e6ce6f@group-0BD8710B21FA-SegmentedRaftLogWorker: created new log segment /workdir/hadoop-ozone/integration-test/target/test-dir/MiniOzoneClusterImpl-40cf4cc9-95bf-4ba1-95ee-bb8437d0a9c7/datanode-1/data/ratis/c32344c5-df69-4981-a1e6-0bd8710b21fa/current/log_inprogress_0
2019-10-07 12:46:10,919 [grpc-default-executor-1] INFO  impl.RaftServerImpl (ServerState.java:setRaftConf(356)) - 9a10e594-81e5-427d-a6b7-c8c9aa6b8a40@group-0BD8710B21FA: set configuration 0: [c68a69bd-486a-434f-8dc7-035c8595ac45:192.168.30.23:33219, 9a10e594-81e5-427d-a6b7-c8c9aa6b8a40:192.168.30.23:37438, 82708601-a3fe-4596-8191-8774b7e6ce6f:192.168.30.23:34165], old=null at 0
2019-10-07 12:46:10,919 [grpc-default-executor-6] INFO  impl.RaftServerImpl (ServerState.java:setRaftConf(356)) - c68a69bd-486a-434f-8dc7-035c8595ac45@group-0BD8710B21FA: set configuration 0: [c68a69bd-486a-434f-8dc7-035c8595ac45:192.168.30.23:33219, 9a10e594-81e5-427d-a6b7-c8c9aa6b8a40:192.168.30.23:37438, 82708601-a3fe-4596-8191-8774b7e6ce6f:192.168.30.23:34165], old=null at 0
2019-10-07 12:46:10,919 [grpc-default-executor-1] INFO  segmented.SegmentedRaftLogWorker (SegmentedRaftLogWorker.java:startLogSegment(385)) - 9a10e594-81e5-427d-a6b7-c8c9aa6b8a40@group-0BD8710B21FA-SegmentedRaftLogWorker: Starting segment from index:0
2019-10-07 12:46:10,920 [grpc-default-executor-6] INFO  segmented.SegmentedRaftLogWorker (SegmentedRaftLogWorker.java:startLogSegment(385)) - c68a69bd-486a-434f-8dc7-035c8595ac45@group-0BD8710B21FA-SegmentedRaftLogWorker: Starting segment from index:0
2019-10-07 12:46:10,930 [Thread-2348] INFO  impl.FollowerState (FollowerState.java:run(108)) - 3926dbf2-5bb2-46be-ab1c-4d7e37cfed03@group-7286CE0CF55A-FollowerState: change to CANDIDATE, lastRpcTime:5052ms, electionTimeout:5052ms
2019-10-07 12:46:10,930 [Thread-2348] INFO  impl.RoleInfo (RoleInfo.java:shutdownFollowerState(121)) - 3926dbf2-5bb2-46be-ab1c-4d7e37cfed03: shutdown FollowerState
2019-10-07 12:46:10,930 [Thread-2348] INFO  impl.RaftServerImpl (RaftServerImpl.java:setRole(170)) - 3926dbf2-5bb2-46be-ab1c-4d7e37cfed03@group-7286CE0CF55A: changes role from  FOLLOWER to CANDIDATE at term 0 for changeToCandidate
2019-10-07 12:46:10,930 [Thread-2348] INFO  impl.RoleInfo (RoleInfo.java:updateAndGet(143)) - 3926dbf2-5bb2-46be-ab1c-4d7e37cfed03: start LeaderElection
2019-10-07 12:46:10,950 [Thread-2351] INFO  impl.FollowerState (FollowerState.java:run(108)) - f5de1e30-e937-4788-9a4b-bcad6b240b06@group-F679AAD3F274-FollowerState: change to CANDIDATE, lastRpcTime:5029ms, electionTimeout:5028ms
2019-10-07 12:46:10,950 [Thread-2345] INFO  impl.FollowerState (FollowerState.java:run(108)) - ea5ac44b-ceaf-40bb-90f9-b9e3668e302c@group-296DB8BB72ED-FollowerState: change to CANDIDATE, lastRpcTime:5119ms, electionTimeout:5119ms
2019-10-07 12:46:10,954 [c49e0775-c550-4092-994d-f01e153db261@group-820D5432DF55-LeaderElection84] INFO  impl.LeaderElection (LeaderElection.java:askForVotes(178)) - c49e0775-c550-4092-994d-f01e153db261@group-820D5432DF55-LeaderElection84: begin an election at term 1 for -1: [c49e0775-c550-4092-994d-f01e153db261:192.168.30.23:38401], old=null
2019-10-07 12:46:10,954 [Thread-2345] INFO  impl.RoleInfo (RoleInfo.java:shutdownFollowerState(121)) - ea5ac44b-ceaf-40bb-90f9-b9e3668e302c: shutdown FollowerState
2019-10-07 12:46:10,954 [Thread-2351] INFO  impl.RoleInfo (RoleInfo.java:shutdownFollowerState(121)) - f5de1e30-e937-4788-9a4b-bcad6b240b06: shutdown FollowerState
2019-10-07 12:46:10,954 [Thread-2345] INFO  impl.RaftServerImpl (RaftServerImpl.java:setRole(170)) - ea5ac44b-ceaf-40bb-90f9-b9e3668e302c@group-296DB8BB72ED: changes role from  FOLLOWER to CANDIDATE at term 0 for changeToCandidate
2019-10-07 12:46:10,954 [c49e0775-c550-4092-994d-f01e153db261@group-820D5432DF55-LeaderElection84] INFO  impl.RoleInfo (RoleInfo.java:shutdownLeaderElection(134)) - c49e0775-c550-4092-994d-f01e153db261: shutdown LeaderElection
2019-10-07 12:46:10,955 [Thread-2345] INFO  impl.RoleInfo (RoleInfo.java:updateAndGet(143)) - ea5ac44b-ceaf-40bb-90f9-b9e3668e302c: start LeaderElection
2019-10-07 12:46:10,954 [Thread-2351] INFO  impl.RaftServerImpl (RaftServerImpl.java:setRole(170)) - f5de1e30-e937-4788-9a4b-bcad6b240b06@group-F679AAD3F274: changes role from  FOLLOWER to CANDIDATE at term 0 for changeToCandidate
2019-10-07 12:46:10,955 [c49e0775-c550-4092-994d-f01e153db261@group-820D5432DF55-LeaderElection84] INFO  impl.RaftServerImpl (RaftServerImpl.java:setRole(170)) - c49e0775-c550-4092-994d-f01e153db261@group-820D5432DF55: changes role from CANDIDATE to LEADER at term 1 for changeToLeader
2019-10-07 12:46:10,955 [Thread-2351] INFO  impl.RoleInfo (RoleInfo.java:updateAndGet(143)) - f5de1e30-e937-4788-9a4b-bcad6b240b06: start LeaderElection
2019-10-07 12:46:10,955 [c49e0775-c550-4092-994d-f01e153db261@group-820D5432DF55-LeaderElection84] INFO  impl.RaftServerImpl (ServerState.java:setLeader(255)) - c49e0775-c550-4092-994d-f01e153db261@group-820D5432DF55: change Leader from null to c49e0775-c550-4092-994d-f01e153db261 at term 1 for becomeLeader, leader elected after 5171ms
2019-10-07 12:46:10,963 [c49e0775-c550-4092-994d-f01e153db261@group-820D5432DF55-LeaderElection84] INFO  server.RaftServerConfigKeys (ConfUtils.java:logGet(43)) - raft.server.staging.catchup.gap = 1000 (default)
2019-10-07 12:46:10,964 [3926dbf2-5bb2-46be-ab1c-4d7e37cfed03@group-7286CE0CF55A-LeaderElection85] INFO  impl.LeaderElection (LeaderElection.java:askForVotes(178)) - 3926dbf2-5bb2-46be-ab1c-4d7e37cfed03@group-7286CE0CF55A-LeaderElection85: begin an election at term 1 for -1: [3926dbf2-5bb2-46be-ab1c-4d7e37cfed03:192.168.30.23:40420], old=null
2019-10-07 12:46:10,964 [3926dbf2-5bb2-46be-ab1c-4d7e37cfed03@group-7286CE0CF55A-LeaderElection85] INFO  impl.RoleInfo (RoleInfo.java:shutdownLeaderElection(134)) - 3926dbf2-5bb2-46be-ab1c-4d7e37cfed03: shutdown LeaderElection
2019-10-07 12:46:10,964 [c49e0775-c550-4092-994d-f01e153db261@group-820D5432DF55-LeaderElection84] INFO  server.RaftServerConfigKeys (ConfUtils.java:logGet(43)) - raft.server.rpc.sleep.time = 25ms (default)
2019-10-07 12:46:10,964 [c68a69bd-486a-434f-8dc7-035c8595ac45@group-0BD8710B21FA-SegmentedRaftLogWorker] INFO  segmented.SegmentedRaftLogWorker (SegmentedRaftLogWorker.java:execute(574)) - c68a69bd-486a-434f-8dc7-035c8595ac45@group-0BD8710B21FA-SegmentedRaftLogWorker: created new log segment /workdir/hadoop-ozone/integration-test/target/test-dir/MiniOzoneClusterImpl-40cf4cc9-95bf-4ba1-95ee-bb8437d0a9c7/datanode-0/data/ratis/c32344c5-df69-4981-a1e6-0bd8710b21fa/current/log_inprogress_0
2019-10-07 12:46:10,964 [9a10e594-81e5-427d-a6b7-c8c9aa6b8a40@group-0BD8710B21FA-SegmentedRaftLogWorker] INFO  segmented.SegmentedRaftLogWorker (SegmentedRaftLogWorker.java:execute(574)) - 9a10e594-81e5-427d-a6b7-c8c9aa6b8a40@group-0BD8710B21FA-SegmentedRaftLogWorker: created new log segment /workdir/hadoop-ozone/integration-test/target/test-dir/MiniOzoneClusterImpl-40cf4cc9-95bf-4ba1-95ee-bb8437d0a9c7/datanode-2/data/ratis/c32344c5-df69-4981-a1e6-0bd8710b21fa/current/log_inprogress_0
2019-10-07 12:46:10,964 [c49e0775-c550-4092-994d-f01e153db261@group-820D5432DF55-LeaderElection84] INFO  server.RaftServerConfigKeys (ConfUtils.java:logGet(43)) - raft.server.write.element-limit = 4096 (default)
2019-10-07 12:46:10,964 [3926dbf2-5bb2-46be-ab1c-4d7e37cfed03@group-7286CE0CF55A-LeaderElection85] INFO  impl.RaftServerImpl (RaftServerImpl.java:setRole(170)) - 3926dbf2-5bb2-46be-ab1c-4d7e37cfed03@group-7286CE0CF55A: changes role from CANDIDATE to LEADER at term 1 for changeToLeader
2019-10-07 12:46:10,964 [c49e0775-c550-4092-994d-f01e153db261@group-820D5432DF55-LeaderElection84] INFO  server.RaftServerConfigKeys (ConfUtils.java:logGet(43)) - raft.server.watch.timeout = 10s (default)
2019-10-07 12:46:10,964 [3926dbf2-5bb2-46be-ab1c-4d7e37cfed03@group-7286CE0CF55A-LeaderElection85] INFO  impl.RaftServerImpl (ServerState.java:setLeader(255)) - 3926dbf2-5bb2-46be-ab1c-4d7e37cfed03@group-7286CE0CF55A: change Leader from null to 3926dbf2-5bb2-46be-ab1c-4d7e37cfed03 at term 1 for becomeLeader, leader elected after 5095ms
2019-10-07 12:46:10,964 [c49e0775-c550-4092-994d-f01e153db261@group-820D5432DF55-LeaderElection84] INFO  server.RaftServerConfigKeys (ConfUtils.java:logGet(43)) - raft.server.watch.timeout.denomination = 1s (default)
2019-10-07 12:46:10,965 [3926dbf2-5bb2-46be-ab1c-4d7e37cfed03@group-7286CE0CF55A-LeaderElection85] INFO  server.RaftServerConfigKeys (ConfUtils.java:logGet(43)) - raft.server.staging.catchup.gap = 1000 (default)
2019-10-07 12:46:10,965 [c49e0775-c550-4092-994d-f01e153db261@group-820D5432DF55-LeaderElection84] INFO  server.RaftServerConfigKeys (ConfUtils.java:logGet(43)) - raft.server.watch.element-limit = 65536 (default)
2019-10-07 12:46:10,965 [3926dbf2-5bb2-46be-ab1c-4d7e37cfed03@group-7286CE0CF55A-LeaderElection85] INFO  server.RaftServerConfigKeys (ConfUtils.java:logGet(43)) - raft.server.rpc.sleep.time = 25ms (default)
2019-10-07 12:46:10,965 [3926dbf2-5bb2-46be-ab1c-4d7e37cfed03@group-7286CE0CF55A-LeaderElection85] INFO  server.RaftServerConfigKeys (ConfUtils.java:logGet(43)) - raft.server.write.element-limit = 4096 (default)
2019-10-07 12:46:10,965 [3926dbf2-5bb2-46be-ab1c-4d7e37cfed03@group-7286CE0CF55A-LeaderElection85] INFO  server.RaftServerConfigKeys (ConfUtils.java:logGet(43)) - raft.server.watch.timeout = 10s (default)
2019-10-07 12:46:10,965 [3926dbf2-5bb2-46be-ab1c-4d7e37cfed03@group-7286CE0CF55A-LeaderElection85] INFO  server.RaftServerConfigKeys (ConfUtils.java:logGet(43)) - raft.server.watch.timeout.denomination = 1s (default)
2019-10-07 12:46:10,965 [3926dbf2-5bb2-46be-ab1c-4d7e37cfed03@group-7286CE0CF55A-LeaderElection85] INFO  server.RaftServerConfigKeys (ConfUtils.java:logGet(43)) - raft.server.watch.element-limit = 65536 (default)
2019-10-07 12:46:10,967 [c49e0775-c550-4092-994d-f01e153db261@group-820D5432DF55-LeaderElection84] INFO  impl.RoleInfo (RoleInfo.java:updateAndGet(143)) - c49e0775-c550-4092-994d-f01e153db261: start LeaderState
2019-10-07 12:46:10,967 [3926dbf2-5bb2-46be-ab1c-4d7e37cfed03@group-7286CE0CF55A-LeaderElection85] INFO  impl.RoleInfo (RoleInfo.java:updateAndGet(143)) - 3926dbf2-5bb2-46be-ab1c-4d7e37cfed03: start LeaderState
2019-10-07 12:46:10,967 [3926dbf2-5bb2-46be-ab1c-4d7e37cfed03@group-7286CE0CF55A-LeaderElection85] INFO  segmented.SegmentedRaftLogWorker (SegmentedRaftLogWorker.java:startLogSegment(385)) - 3926dbf2-5bb2-46be-ab1c-4d7e37cfed03@group-7286CE0CF55A-SegmentedRaftLogWorker: Starting segment from index:0
2019-10-07 12:46:10,967 [c49e0775-c550-4092-994d-f01e153db261@group-820D5432DF55-LeaderElection84] INFO  segmented.SegmentedRaftLogWorker (SegmentedRaftLogWorker.java:startLogSegment(385)) - c49e0775-c550-4092-994d-f01e153db261@group-820D5432DF55-SegmentedRaftLogWorker: Starting segment from index:0
2019-10-07 12:46:10,968 [3926dbf2-5bb2-46be-ab1c-4d7e37cfed03@group-7286CE0CF55A-LeaderElection85] INFO  impl.RaftServerImpl (ServerState.java:setRaftConf(356)) - 3926dbf2-5bb2-46be-ab1c-4d7e37cfed03@group-7286CE0CF55A: set configuration 0: [3926dbf2-5bb2-46be-ab1c-4d7e37cfed03:192.168.30.23:40420], old=null at 0
2019-10-07 12:46:10,968 [c49e0775-c550-4092-994d-f01e153db261@group-820D5432DF55-LeaderElection84] INFO  impl.RaftServerImpl (ServerState.java:setRaftConf(356)) - c49e0775-c550-4092-994d-f01e153db261@group-820D5432DF55: set configuration 0: [c49e0775-c550-4092-994d-f01e153db261:192.168.30.23:38401], old=null at 0
2019-10-07 12:46:10,979 [ea5ac44b-ceaf-40bb-90f9-b9e3668e302c@group-296DB8BB72ED-LeaderElection86] INFO  impl.LeaderElection (LeaderElection.java:askForVotes(178)) - ea5ac44b-ceaf-40bb-90f9-b9e3668e302c@group-296DB8BB72ED-LeaderElection86: begin an election at term 1 for -1: [ea5ac44b-ceaf-40bb-90f9-b9e3668e302c:192.168.30.23:35852], old=null
2019-10-07 12:46:10,979 [f5de1e30-e937-4788-9a4b-bcad6b240b06@group-F679AAD3F274-LeaderElection87] INFO  impl.LeaderElection (LeaderElection.java:askForVotes(178)) - f5de1e30-e937-4788-9a4b-bcad6b240b06@group-F679AAD3F274-LeaderElection87: begin an election at term 1 for -1: [f5de1e30-e937-4788-9a4b-bcad6b240b06:192.168.30.23:33926], old=null
2019-10-07 12:46:10,979 [ea5ac44b-ceaf-40bb-90f9-b9e3668e302c@group-296DB8BB72ED-LeaderElection86] INFO  impl.RoleInfo (RoleInfo.java:shutdownLeaderElection(134)) - ea5ac44b-ceaf-40bb-90f9-b9e3668e302c: shutdown LeaderElection
2019-10-07 12:46:10,979 [f5de1e30-e937-4788-9a4b-bcad6b240b06@group-F679AAD3F274-LeaderElection87] INFO  impl.RoleInfo (RoleInfo.java:shutdownLeaderElection(134)) - f5de1e30-e937-4788-9a4b-bcad6b240b06: shutdown LeaderElection
2019-10-07 12:46:10,979 [ea5ac44b-ceaf-40bb-90f9-b9e3668e302c@group-296DB8BB72ED-LeaderElection86] INFO  impl.RaftServerImpl (RaftServerImpl.java:setRole(170)) - ea5ac44b-ceaf-40bb-90f9-b9e3668e302c@group-296DB8BB72ED: changes role from CANDIDATE to LEADER at term 1 for changeToLeader
2019-10-07 12:46:10,979 [f5de1e30-e937-4788-9a4b-bcad6b240b06@group-F679AAD3F274-LeaderElection87] INFO  impl.RaftServerImpl (RaftServerImpl.java:setRole(170)) - f5de1e30-e937-4788-9a4b-bcad6b240b06@group-F679AAD3F274: changes role from CANDIDATE to LEADER at term 1 for changeToLeader
2019-10-07 12:46:10,979 [ea5ac44b-ceaf-40bb-90f9-b9e3668e302c@group-296DB8BB72ED-LeaderElection86] INFO  impl.RaftServerImpl (ServerState.java:setLeader(255)) - ea5ac44b-ceaf-40bb-90f9-b9e3668e302c@group-296DB8BB72ED: change Leader from null to ea5ac44b-ceaf-40bb-90f9-b9e3668e302c at term 1 for becomeLeader, leader elected after 5154ms
2019-10-07 12:46:10,979 [f5de1e30-e937-4788-9a4b-bcad6b240b06@group-F679AAD3F274-LeaderElection87] INFO  impl.RaftServerImpl (ServerState.java:setLeader(255)) - f5de1e30-e937-4788-9a4b-bcad6b240b06@group-F679AAD3F274: change Leader from null to f5de1e30-e937-4788-9a4b-bcad6b240b06 at term 1 for becomeLeader, leader elected after 5063ms
2019-10-07 12:46:10,980 [ea5ac44b-ceaf-40bb-90f9-b9e3668e302c@group-296DB8BB72ED-LeaderElection86] INFO  server.RaftServerConfigKeys (ConfUtils.java:logGet(43)) - raft.server.staging.catchup.gap = 1000 (default)
2019-10-07 12:46:10,980 [f5de1e30-e937-4788-9a4b-bcad6b240b06@group-F679AAD3F274-LeaderElection87] INFO  server.RaftServerConfigKeys (ConfUtils.java:logGet(43)) - raft.server.staging.catchup.gap = 1000 (default)
2019-10-07 12:46:10,980 [ea5ac44b-ceaf-40bb-90f9-b9e3668e302c@group-296DB8BB72ED-LeaderElection86] INFO  server.RaftServerConfigKeys (ConfUtils.java:logGet(43)) - raft.server.rpc.sleep.time = 25ms (default)
2019-10-07 12:46:10,980 [f5de1e30-e937-4788-9a4b-bcad6b240b06@group-F679AAD3F274-LeaderElection87] INFO  server.RaftServerConfigKeys (ConfUtils.java:logGet(43)) - raft.server.rpc.sleep.time = 25ms (default)
2019-10-07 12:46:10,980 [ea5ac44b-ceaf-40bb-90f9-b9e3668e302c@group-296DB8BB72ED-LeaderElection86] INFO  server.RaftServerConfigKeys (ConfUtils.java:logGet(43)) - raft.server.write.element-limit = 4096 (default)
2019-10-07 12:46:10,980 [f5de1e30-e937-4788-9a4b-bcad6b240b06@group-F679AAD3F274-LeaderElection87] INFO  server.RaftServerConfigKeys (ConfUtils.java:logGet(43)) - raft.server.write.element-limit = 4096 (default)
2019-10-07 12:46:10,980 [ea5ac44b-ceaf-40bb-90f9-b9e3668e302c@group-296DB8BB72ED-LeaderElection86] INFO  server.RaftServerConfigKeys (ConfUtils.java:logGet(43)) - raft.server.watch.timeout = 10s (default)
2019-10-07 12:46:10,980 [f5de1e30-e937-4788-9a4b-bcad6b240b06@group-F679AAD3F274-LeaderElection87] INFO  server.RaftServerConfigKeys (ConfUtils.java:logGet(43)) - raft.server.watch.timeout = 10s (default)
2019-10-07 12:46:10,980 [ea5ac44b-ceaf-40bb-90f9-b9e3668e302c@group-296DB8BB72ED-LeaderElection86] INFO  server.RaftServerConfigKeys (ConfUtils.java:logGet(43)) - raft.server.watch.timeout.denomination = 1s (default)
2019-10-07 12:46:10,980 [f5de1e30-e937-4788-9a4b-bcad6b240b06@group-F679AAD3F274-LeaderElection87] INFO  server.RaftServerConfigKeys (ConfUtils.java:logGet(43)) - raft.server.watch.timeout.denomination = 1s (default)
2019-10-07 12:46:10,980 [ea5ac44b-ceaf-40bb-90f9-b9e3668e302c@group-296DB8BB72ED-LeaderElection86] INFO  server.RaftServerConfigKeys (ConfUtils.java:logGet(43)) - raft.server.watch.element-limit = 65536 (default)
2019-10-07 12:46:10,980 [f5de1e30-e937-4788-9a4b-bcad6b240b06@group-F679AAD3F274-LeaderElection87] INFO  server.RaftServerConfigKeys (ConfUtils.java:logGet(43)) - raft.server.watch.element-limit = 65536 (default)
2019-10-07 12:46:10,982 [ea5ac44b-ceaf-40bb-90f9-b9e3668e302c@group-296DB8BB72ED-LeaderElection86] INFO  impl.RoleInfo (RoleInfo.java:updateAndGet(143)) - ea5ac44b-ceaf-40bb-90f9-b9e3668e302c: start LeaderState
2019-10-07 12:46:10,982 [f5de1e30-e937-4788-9a4b-bcad6b240b06@group-F679AAD3F274-LeaderElection87] INFO  impl.RoleInfo (RoleInfo.java:updateAndGet(143)) - f5de1e30-e937-4788-9a4b-bcad6b240b06: start LeaderState
2019-10-07 12:46:10,982 [ea5ac44b-ceaf-40bb-90f9-b9e3668e302c@group-296DB8BB72ED-LeaderElection86] INFO  segmented.SegmentedRaftLogWorker (SegmentedRaftLogWorker.java:startLogSegment(385)) - ea5ac44b-ceaf-40bb-90f9-b9e3668e302c@group-296DB8BB72ED-SegmentedRaftLogWorker: Starting segment from index:0
2019-10-07 12:46:10,982 [f5de1e30-e937-4788-9a4b-bcad6b240b06@group-F679AAD3F274-LeaderElection87] INFO  segmented.SegmentedRaftLogWorker (SegmentedRaftLogWorker.java:startLogSegment(385)) - f5de1e30-e937-4788-9a4b-bcad6b240b06@group-F679AAD3F274-SegmentedRaftLogWorker: Starting segment from index:0
2019-10-07 12:46:10,983 [ea5ac44b-ceaf-40bb-90f9-b9e3668e302c@group-296DB8BB72ED-LeaderElection86] INFO  impl.RaftServerImpl (ServerState.java:setRaftConf(356)) - ea5ac44b-ceaf-40bb-90f9-b9e3668e302c@group-296DB8BB72ED: set configuration 0: [ea5ac44b-ceaf-40bb-90f9-b9e3668e302c:192.168.30.23:35852], old=null at 0
2019-10-07 12:46:10,983 [f5de1e30-e937-4788-9a4b-bcad6b240b06@group-F679AAD3F274-LeaderElection87] INFO  impl.RaftServerImpl (ServerState.java:setRaftConf(356)) - f5de1e30-e937-4788-9a4b-bcad6b240b06@group-F679AAD3F274: set configuration 0: [f5de1e30-e937-4788-9a4b-bcad6b240b06:192.168.30.23:33926], old=null at 0
2019-10-07 12:46:10,997 [Thread-2354] INFO  impl.FollowerState (FollowerState.java:run(108)) - 3926dbf2-5bb2-46be-ab1c-4d7e37cfed03@group-B0511C278D9C-FollowerState: change to CANDIDATE, lastRpcTime:5023ms, electionTimeout:5023ms
2019-10-07 12:46:10,997 [Thread-2354] INFO  impl.RoleInfo (RoleInfo.java:shutdownFollowerState(121)) - 3926dbf2-5bb2-46be-ab1c-4d7e37cfed03: shutdown FollowerState
2019-10-07 12:46:10,997 [Thread-2354] INFO  impl.RaftServerImpl (RaftServerImpl.java:setRole(170)) - 3926dbf2-5bb2-46be-ab1c-4d7e37cfed03@group-B0511C278D9C: changes role from  FOLLOWER to CANDIDATE at term 0 for changeToCandidate
2019-10-07 12:46:10,998 [Thread-2354] INFO  impl.RoleInfo (RoleInfo.java:updateAndGet(143)) - 3926dbf2-5bb2-46be-ab1c-4d7e37cfed03: start LeaderElection
2019-10-07 12:46:11,023 [3926dbf2-5bb2-46be-ab1c-4d7e37cfed03@group-7286CE0CF55A-SegmentedRaftLogWorker] INFO  segmented.SegmentedRaftLogWorker (SegmentedRaftLogWorker.java:execute(574)) - 3926dbf2-5bb2-46be-ab1c-4d7e37cfed03@group-7286CE0CF55A-SegmentedRaftLogWorker: created new log segment /workdir/hadoop-ozone/integration-test/target/test-dir/MiniOzoneClusterImpl-40cf4cc9-95bf-4ba1-95ee-bb8437d0a9c7/datanode-5/data/ratis/68141b1c-2e8f-4840-9214-7286ce0cf55a/current/log_inprogress_0
2019-10-07 12:46:11,037 [f5de1e30-e937-4788-9a4b-bcad6b240b06@group-F679AAD3F274-SegmentedRaftLogWorker] INFO  segmented.SegmentedRaftLogWorker (SegmentedRaftLogWorker.java:execute(574)) - f5de1e30-e937-4788-9a4b-bcad6b240b06@group-F679AAD3F274-SegmentedRaftLogWorker: created new log segment /workdir/hadoop-ozone/integration-test/target/test-dir/MiniOzoneClusterImpl-40cf4cc9-95bf-4ba1-95ee-bb8437d0a9c7/datanode-6/data/ratis/8335192b-1040-4298-b237-f679aad3f274/current/log_inprogress_0
2019-10-07 12:46:11,037 [ea5ac44b-ceaf-40bb-90f9-b9e3668e302c@group-296DB8BB72ED-SegmentedRaftLogWorker] INFO  segmented.SegmentedRaftLogWorker (SegmentedRaftLogWorker.java:execute(574)) - ea5ac44b-ceaf-40bb-90f9-b9e3668e302c@group-296DB8BB72ED-SegmentedRaftLogWorker: created new log segment /workdir/hadoop-ozone/integration-test/target/test-dir/MiniOzoneClusterImpl-40cf4cc9-95bf-4ba1-95ee-bb8437d0a9c7/datanode-3/data/ratis/2a5aa001-2305-4425-ad54-296db8bb72ed/current/log_inprogress_0
2019-10-07 12:46:11,037 [3926dbf2-5bb2-46be-ab1c-4d7e37cfed03@group-B0511C278D9C-LeaderElection88] INFO  impl.LeaderElection (LeaderElection.java:askForVotes(178)) - 3926dbf2-5bb2-46be-ab1c-4d7e37cfed03@group-B0511C278D9C-LeaderElection88: begin an election at term 1 for -1: [c49e0775-c550-4092-994d-f01e153db261:192.168.30.23:38401, 3926dbf2-5bb2-46be-ab1c-4d7e37cfed03:192.168.30.23:40420, f5de1e30-e937-4788-9a4b-bcad6b240b06:192.168.30.23:33926], old=null
2019-10-07 12:46:11,037 [c49e0775-c550-4092-994d-f01e153db261@group-820D5432DF55-SegmentedRaftLogWorker] INFO  segmented.SegmentedRaftLogWorker (SegmentedRaftLogWorker.java:execute(574)) - c49e0775-c550-4092-994d-f01e153db261@group-820D5432DF55-SegmentedRaftLogWorker: created new log segment /workdir/hadoop-ozone/integration-test/target/test-dir/MiniOzoneClusterImpl-40cf4cc9-95bf-4ba1-95ee-bb8437d0a9c7/datanode-4/data/ratis/92f4de70-ee99-4a16-b440-820d5432df55/current/log_inprogress_0
2019-10-07 12:46:11,042 [grpc-default-executor-6] INFO  impl.RaftServerImpl (RaftServerImpl.java:setRole(170)) - f5de1e30-e937-4788-9a4b-bcad6b240b06@group-B0511C278D9C: changes role from  FOLLOWER to FOLLOWER at term 1 for recognizeCandidate:3926dbf2-5bb2-46be-ab1c-4d7e37cfed03
2019-10-07 12:46:11,042 [grpc-default-executor-6] INFO  impl.RoleInfo (RoleInfo.java:shutdownFollowerState(121)) - f5de1e30-e937-4788-9a4b-bcad6b240b06: shutdown FollowerState
2019-10-07 12:46:11,045 [grpc-default-executor-0] INFO  impl.RaftServerImpl (RaftServerImpl.java:setRole(170)) - c49e0775-c550-4092-994d-f01e153db261@group-B0511C278D9C: changes role from  FOLLOWER to FOLLOWER at term 1 for recognizeCandidate:3926dbf2-5bb2-46be-ab1c-4d7e37cfed03
2019-10-07 12:46:11,046 [Thread-2358] INFO  impl.FollowerState (FollowerState.java:run(117)) - f5de1e30-e937-4788-9a4b-bcad6b240b06@group-B0511C278D9C-FollowerState was interrupted: java.lang.InterruptedException: sleep interrupted
2019-10-07 12:46:11,045 [grpc-default-executor-6] INFO  impl.RoleInfo (RoleInfo.java:updateAndGet(143)) - f5de1e30-e937-4788-9a4b-bcad6b240b06: start FollowerState
2019-10-07 12:46:11,046 [grpc-default-executor-0] INFO  impl.RoleInfo (RoleInfo.java:shutdownFollowerState(121)) - c49e0775-c550-4092-994d-f01e153db261: shutdown FollowerState
2019-10-07 12:46:11,048 [grpc-default-executor-0] INFO  impl.RoleInfo (RoleInfo.java:updateAndGet(143)) - c49e0775-c550-4092-994d-f01e153db261: start FollowerState
2019-10-07 12:46:11,048 [Thread-2359] INFO  impl.FollowerState (FollowerState.java:run(117)) - c49e0775-c550-4092-994d-f01e153db261@group-B0511C278D9C-FollowerState was interrupted: java.lang.InterruptedException: sleep interrupted
2019-10-07 12:46:11,058 [3926dbf2-5bb2-46be-ab1c-4d7e37cfed03@group-B0511C278D9C-LeaderElection88] INFO  impl.LeaderElection (LeaderElection.java:logAndReturn(56)) - 3926dbf2-5bb2-46be-ab1c-4d7e37cfed03@group-B0511C278D9C-LeaderElection88: Election PASSED; received 1 response(s) [3926dbf2-5bb2-46be-ab1c-4d7e37cfed03<-f5de1e30-e937-4788-9a4b-bcad6b240b06#0:OK-t1] and 0 exception(s); 3926dbf2-5bb2-46be-ab1c-4d7e37cfed03@group-B0511C278D9C:t1, leader=null, voted=3926dbf2-5bb2-46be-ab1c-4d7e37cfed03, raftlog=3926dbf2-5bb2-46be-ab1c-4d7e37cfed03@group-B0511C278D9C-SegmentedRaftLog:OPENED:c-1,f-1,i0, conf=-1: [c49e0775-c550-4092-994d-f01e153db261:192.168.30.23:38401, 3926dbf2-5bb2-46be-ab1c-4d7e37cfed03:192.168.30.23:40420, f5de1e30-e937-4788-9a4b-bcad6b240b06:192.168.30.23:33926], old=null
2019-10-07 12:46:11,058 [3926dbf2-5bb2-46be-ab1c-4d7e37cfed03@group-B0511C278D9C-LeaderElection88] INFO  impl.RoleInfo (RoleInfo.java:shutdownLeaderElection(134)) - 3926dbf2-5bb2-46be-ab1c-4d7e37cfed03: shutdown LeaderElection
2019-10-07 12:46:11,058 [3926dbf2-5bb2-46be-ab1c-4d7e37cfed03@group-B0511C278D9C-LeaderElection88] INFO  impl.RaftServerImpl (RaftServerImpl.java:setRole(170)) - 3926dbf2-5bb2-46be-ab1c-4d7e37cfed03@group-B0511C278D9C: changes role from CANDIDATE to LEADER at term 1 for changeToLeader
2019-10-07 12:46:11,059 [3926dbf2-5bb2-46be-ab1c-4d7e37cfed03@group-B0511C278D9C-LeaderElection88] INFO  impl.RaftServerImpl (ServerState.java:setLeader(255)) - 3926dbf2-5bb2-46be-ab1c-4d7e37cfed03@group-B0511C278D9C: change Leader from null to 3926dbf2-5bb2-46be-ab1c-4d7e37cfed03 at term 1 for becomeLeader, leader elected after 5091ms
2019-10-07 12:46:11,059 [3926dbf2-5bb2-46be-ab1c-4d7e37cfed03@group-B0511C278D9C-LeaderElection88] INFO  server.RaftServerConfigKeys (ConfUtils.java:logGet(43)) - raft.server.staging.catchup.gap = 1000 (default)
2019-10-07 12:46:11,059 [3926dbf2-5bb2-46be-ab1c-4d7e37cfed03@group-B0511C278D9C-LeaderElection88] INFO  server.RaftServerConfigKeys (ConfUtils.java:logGet(43)) - raft.server.rpc.sleep.time = 25ms (default)
2019-10-07 12:46:11,059 [3926dbf2-5bb2-46be-ab1c-4d7e37cfed03@group-B0511C278D9C-LeaderElection88] INFO  server.RaftServerConfigKeys (ConfUtils.java:logGet(43)) - raft.server.write.element-limit = 4096 (default)
2019-10-07 12:46:11,059 [3926dbf2-5bb2-46be-ab1c-4d7e37cfed03@group-B0511C278D9C-LeaderElection88] INFO  server.RaftServerConfigKeys (ConfUtils.java:logGet(43)) - raft.server.watch.timeout = 10s (default)
2019-10-07 12:46:11,060 [3926dbf2-5bb2-46be-ab1c-4d7e37cfed03@group-B0511C278D9C-LeaderElection88] INFO  server.RaftServerConfigKeys (ConfUtils.java:logGet(43)) - raft.server.watch.timeout.denomination = 1s (default)
2019-10-07 12:46:11,060 [3926dbf2-5bb2-46be-ab1c-4d7e37cfed03@group-B0511C278D9C-LeaderElection88] INFO  server.RaftServerConfigKeys (ConfUtils.java:logGet(43)) - raft.server.watch.element-limit = 65536 (default)
2019-10-07 12:46:11,062 [3926dbf2-5bb2-46be-ab1c-4d7e37cfed03@group-B0511C278D9C-LeaderElection88] INFO  server.RaftServerConfigKeys (ConfUtils.java:logGet(43)) - raft.server.log.appender.snapshot.chunk.size.max = 16MB (=16777216) (default)
2019-10-07 12:46:11,062 [3926dbf2-5bb2-46be-ab1c-4d7e37cfed03@group-B0511C278D9C-LeaderElection88] INFO  server.RaftServerConfigKeys (ConfUtils.java:logGet(43)) - raft.server.log.appender.buffer.byte-limit = 33554432 (custom)
2019-10-07 12:46:11,062 [3926dbf2-5bb2-46be-ab1c-4d7e37cfed03@group-B0511C278D9C-LeaderElection88] INFO  server.RaftServerConfigKeys (ConfUtils.java:logGet(43)) - raft.server.log.appender.buffer.element-limit = 1 (custom)
2019-10-07 12:46:11,062 [3926dbf2-5bb2-46be-ab1c-4d7e37cfed03@group-B0511C278D9C-LeaderElection88] INFO  grpc.GrpcConfigKeys$Server (ConfUtils.java:logGet(43)) - raft.grpc.server.leader.outstanding.appends.max = 128 (default)
2019-10-07 12:46:11,062 [3926dbf2-5bb2-46be-ab1c-4d7e37cfed03@group-B0511C278D9C-LeaderElection88] INFO  server.RaftServerConfigKeys (ConfUtils.java:logGet(43)) - raft.server.rpc.request.timeout = 3000ms (default)
2019-10-07 12:46:11,062 [3926dbf2-5bb2-46be-ab1c-4d7e37cfed03@group-B0511C278D9C-LeaderElection88] INFO  server.RaftServerConfigKeys (ConfUtils.java:logGet(43)) - raft.server.log.appender.install.snapshot.enabled = false (custom)
2019-10-07 12:46:11,063 [3926dbf2-5bb2-46be-ab1c-4d7e37cfed03@group-B0511C278D9C-LeaderElection88] INFO  server.RaftServerConfigKeys (ConfUtils.java:logGet(43)) - raft.server.log.appender.snapshot.chunk.size.max = 16MB (=16777216) (default)
2019-10-07 12:46:11,063 [3926dbf2-5bb2-46be-ab1c-4d7e37cfed03@group-B0511C278D9C-LeaderElection88] INFO  server.RaftServerConfigKeys (ConfUtils.java:logGet(43)) - raft.server.log.appender.buffer.byte-limit = 33554432 (custom)
2019-10-07 12:46:11,063 [3926dbf2-5bb2-46be-ab1c-4d7e37cfed03@group-B0511C278D9C-LeaderElection88] INFO  server.RaftServerConfigKeys (ConfUtils.java:logGet(43)) - raft.server.log.appender.buffer.element-limit = 1 (custom)
2019-10-07 12:46:11,063 [3926dbf2-5bb2-46be-ab1c-4d7e37cfed03@group-B0511C278D9C-LeaderElection88] INFO  grpc.GrpcConfigKeys$Server (ConfUtils.java:logGet(43)) - raft.grpc.server.leader.outstanding.appends.max = 128 (default)
2019-10-07 12:46:11,063 [3926dbf2-5bb2-46be-ab1c-4d7e37cfed03@group-B0511C278D9C-LeaderElection88] INFO  server.RaftServerConfigKeys (ConfUtils.java:logGet(43)) - raft.server.rpc.request.timeout = 3000ms (default)
2019-10-07 12:46:11,063 [3926dbf2-5bb2-46be-ab1c-4d7e37cfed03@group-B0511C278D9C-LeaderElection88] INFO  server.RaftServerConfigKeys (ConfUtils.java:logGet(43)) - raft.server.log.appender.install.snapshot.enabled = false (custom)
2019-10-07 12:46:11,063 [3926dbf2-5bb2-46be-ab1c-4d7e37cfed03@group-B0511C278D9C-LeaderElection88] INFO  impl.RoleInfo (RoleInfo.java:updateAndGet(143)) - 3926dbf2-5bb2-46be-ab1c-4d7e37cfed03: start LeaderState
2019-10-07 12:46:11,064 [3926dbf2-5bb2-46be-ab1c-4d7e37cfed03@group-B0511C278D9C-LeaderElection88] INFO  segmented.SegmentedRaftLogWorker (SegmentedRaftLogWorker.java:startLogSegment(385)) - 3926dbf2-5bb2-46be-ab1c-4d7e37cfed03@group-B0511C278D9C-SegmentedRaftLogWorker: Starting segment from index:0
2019-10-07 12:46:11,064 [3926dbf2-5bb2-46be-ab1c-4d7e37cfed03@group-B0511C278D9C-LeaderElection88] INFO  impl.RaftServerImpl (ServerState.java:setRaftConf(356)) - 3926dbf2-5bb2-46be-ab1c-4d7e37cfed03@group-B0511C278D9C: set configuration 0: [c49e0775-c550-4092-994d-f01e153db261:192.168.30.23:38401, 3926dbf2-5bb2-46be-ab1c-4d7e37cfed03:192.168.30.23:40420, f5de1e30-e937-4788-9a4b-bcad6b240b06:192.168.30.23:33926], old=null at 0
2019-10-07 12:46:11,097 [grpc-default-executor-4] INFO  impl.RaftServerImpl (ServerState.java:setLeader(255)) - c49e0775-c550-4092-994d-f01e153db261@group-B0511C278D9C: change Leader from null to 3926dbf2-5bb2-46be-ab1c-4d7e37cfed03 at term 1 for appendEntries, leader elected after 5130ms
2019-10-07 12:46:11,101 [grpc-default-executor-6] INFO  impl.RaftServerImpl (ServerState.java:setLeader(255)) - f5de1e30-e937-4788-9a4b-bcad6b240b06@group-B0511C278D9C: change Leader from null to 3926dbf2-5bb2-46be-ab1c-4d7e37cfed03 at term 1 for appendEntries, leader elected after 5134ms
2019-10-07 12:46:11,104 [3926dbf2-5bb2-46be-ab1c-4d7e37cfed03@group-B0511C278D9C-SegmentedRaftLogWorker] INFO  segmented.SegmentedRaftLogWorker (SegmentedRaftLogWorker.java:execute(574)) - 3926dbf2-5bb2-46be-ab1c-4d7e37cfed03@group-B0511C278D9C-SegmentedRaftLogWorker: created new log segment /workdir/hadoop-ozone/integration-test/target/test-dir/MiniOzoneClusterImpl-40cf4cc9-95bf-4ba1-95ee-bb8437d0a9c7/datanode-5/data/ratis/ab7f977b-ff84-43e5-ac2a-b0511c278d9c/current/log_inprogress_0
2019-10-07 12:46:11,105 [grpc-default-executor-4] INFO  impl.RaftServerImpl (ServerState.java:setRaftConf(356)) - c49e0775-c550-4092-994d-f01e153db261@group-B0511C278D9C: set configuration 0: [c49e0775-c550-4092-994d-f01e153db261:192.168.30.23:38401, 3926dbf2-5bb2-46be-ab1c-4d7e37cfed03:192.168.30.23:40420, f5de1e30-e937-4788-9a4b-bcad6b240b06:192.168.30.23:33926], old=null at 0
2019-10-07 12:46:11,105 [grpc-default-executor-4] INFO  segmented.SegmentedRaftLogWorker (SegmentedRaftLogWorker.java:startLogSegment(385)) - c49e0775-c550-4092-994d-f01e153db261@group-B0511C278D9C-SegmentedRaftLogWorker: Starting segment from index:0
2019-10-07 12:46:11,105 [grpc-default-executor-6] INFO  impl.RaftServerImpl (ServerState.java:setRaftConf(356)) - f5de1e30-e937-4788-9a4b-bcad6b240b06@group-B0511C278D9C: set configuration 0: [c49e0775-c550-4092-994d-f01e153db261:192.168.30.23:38401, 3926dbf2-5bb2-46be-ab1c-4d7e37cfed03:192.168.30.23:40420, f5de1e30-e937-4788-9a4b-bcad6b240b06:192.168.30.23:33926], old=null at 0
2019-10-07 12:46:11,106 [grpc-default-executor-6] INFO  segmented.SegmentedRaftLogWorker (SegmentedRaftLogWorker.java:startLogSegment(385)) - f5de1e30-e937-4788-9a4b-bcad6b240b06@group-B0511C278D9C-SegmentedRaftLogWorker: Starting segment from index:0
2019-10-07 12:46:11,172 [f5de1e30-e937-4788-9a4b-bcad6b240b06@group-B0511C278D9C-SegmentedRaftLogWorker] INFO  segmented.SegmentedRaftLogWorker (SegmentedRaftLogWorker.java:execute(574)) - f5de1e30-e937-4788-9a4b-bcad6b240b06@group-B0511C278D9C-SegmentedRaftLogWorker: created new log segment /workdir/hadoop-ozone/integration-test/target/test-dir/MiniOzoneClusterImpl-40cf4cc9-95bf-4ba1-95ee-bb8437d0a9c7/datanode-6/data/ratis/ab7f977b-ff84-43e5-ac2a-b0511c278d9c/current/log_inprogress_0
2019-10-07 12:46:11,172 [c49e0775-c550-4092-994d-f01e153db261@group-B0511C278D9C-SegmentedRaftLogWorker] INFO  segmented.SegmentedRaftLogWorker (SegmentedRaftLogWorker.java:execute(574)) - c49e0775-c550-4092-994d-f01e153db261@group-B0511C278D9C-SegmentedRaftLogWorker: created new log segment /workdir/hadoop-ozone/integration-test/target/test-dir/MiniOzoneClusterImpl-40cf4cc9-95bf-4ba1-95ee-bb8437d0a9c7/datanode-4/data/ratis/ab7f977b-ff84-43e5-ac2a-b0511c278d9c/current/log_inprogress_0
2019-10-07 12:46:12,169 [Datanode State Machine Thread - 0] INFO  statemachine.DatanodeStateMachine (DatanodeStateMachine.java:lambda$startDaemon$0(350)) - Ozone container server started.
2019-10-07 12:46:16,175 [main] INFO  ozoneimpl.OzoneContainer (OzoneContainer.java:stop(231)) - Attempting to stop container services.
2019-10-07 12:46:16,176 [main] INFO  impl.RaftServerProxy (RaftServerProxy.java:lambda$close$4(314)) - 82708601-a3fe-4596-8191-8774b7e6ce6f: close
2019-10-07 12:46:16,177 [main] INFO  impl.RaftServerImpl (RaftServerImpl.java:lambda$shutdown$3(247)) - 82708601-a3fe-4596-8191-8774b7e6ce6f@group-0BD8710B21FA: shutdown
2019-10-07 12:46:16,177 [main] INFO  util.JmxRegister (JmxRegister.java:unregister(73)) - Successfully un-registered JMX Bean with object name Ratis:service=RaftServer,group=group-0BD8710B21FA,id=82708601-a3fe-4596-8191-8774b7e6ce6f
2019-10-07 12:46:16,178 [main] INFO  impl.RoleInfo (RoleInfo.java:shutdownLeaderState(104)) - 82708601-a3fe-4596-8191-8774b7e6ce6f: shutdown LeaderState
2019-10-07 12:46:16,183 [main] INFO  impl.PendingRequests (PendingRequests.java:sendNotLeaderResponses(202)) - 82708601-a3fe-4596-8191-8774b7e6ce6f@group-0BD8710B21FA-PendingRequests: sendNotLeaderResponses
2019-10-07 12:46:16,184 [org.apache.ratis.server.impl.LogAppender$AppenderDaemon$$Lambda$554/492403920@51532012] WARN  server.GrpcLogAppender (GrpcLogAppender.java:mayWait(143)) - 82708601-a3fe-4596-8191-8774b7e6ce6f@group-0BD8710B21FA->c68a69bd-486a-434f-8dc7-035c8595ac45-GrpcLogAppender: Wait interrupted by java.lang.InterruptedException
2019-10-07 12:46:16,195 [main] INFO  impl.StateMachineUpdater (StateMachineUpdater.java:stopAndJoin(136)) - 82708601-a3fe-4596-8191-8774b7e6ce6f@group-0BD8710B21FA-StateMachineUpdater: set stopIndex = 2
2019-10-07 12:46:16,183 [org.apache.ratis.server.impl.LogAppender$AppenderDaemon$$Lambda$554/492403920@1169803] WARN  server.GrpcLogAppender (GrpcLogAppender.java:mayWait(143)) - 82708601-a3fe-4596-8191-8774b7e6ce6f@group-0BD8710B21FA->9a10e594-81e5-427d-a6b7-c8c9aa6b8a40-GrpcLogAppender: Wait interrupted by java.lang.InterruptedException
2019-10-07 12:46:16,195 [grpc-default-executor-4] INFO  server.GrpcServerProtocolService (GrpcServerProtocolService.java:onCompleted(113)) - c68a69bd-486a-434f-8dc7-035c8595ac45: Completed APPEND_ENTRIES, lastRequest: 82708601-a3fe-4596-8191-8774b7e6ce6f->c68a69bd-486a-434f-8dc7-035c8595ac45#5-t1, previous=(t:1, i:2), leaderCommit=2, initializing? false, entries: <empty>
2019-10-07 12:46:16,195 [82708601-a3fe-4596-8191-8774b7e6ce6f@group-0BD8710B21FA-StateMachineUpdater] INFO  ratis.ContainerStateMachine (ContainerStateMachine.java:takeSnapshot(294)) - group-0BD8710B21FA: Taking a snapshot at:(t:1, i:2) file /workdir/hadoop-ozone/integration-test/target/test-dir/MiniOzoneClusterImpl-40cf4cc9-95bf-4ba1-95ee-bb8437d0a9c7/datanode-1/data/ratis/c32344c5-df69-4981-a1e6-0bd8710b21fa/sm/snapshot.1_2
2019-10-07 12:46:16,196 [grpc-default-executor-4] INFO  server.GrpcLogAppender (GrpcLogAppender.java:onCompleted(293)) - 82708601-a3fe-4596-8191-8774b7e6ce6f@group-0BD8710B21FA->c68a69bd-486a-434f-8dc7-035c8595ac45-AppendLogResponseHandler: follower responses appendEntries COMPLETED
2019-10-07 12:46:16,197 [grpc-default-executor-7] INFO  server.GrpcServerProtocolService (GrpcServerProtocolService.java:onCompleted(113)) - 9a10e594-81e5-427d-a6b7-c8c9aa6b8a40: Completed APPEND_ENTRIES, lastRequest: 82708601-a3fe-4596-8191-8774b7e6ce6f->9a10e594-81e5-427d-a6b7-c8c9aa6b8a40#5-t1, previous=(t:1, i:2), leaderCommit=2, initializing? false, entries: <empty>
2019-10-07 12:46:16,197 [grpc-default-executor-4] INFO  impl.FollowerInfo (FollowerInfo.java:lambda$new$0(51)) - 82708601-a3fe-4596-8191-8774b7e6ce6f@group-0BD8710B21FA->c68a69bd-486a-434f-8dc7-035c8595ac45: nextIndex: updateUnconditionally 3 -> 2
2019-10-07 12:46:16,197 [grpc-default-executor-6] INFO  server.GrpcLogAppender (GrpcLogAppender.java:onCompleted(293)) - 82708601-a3fe-4596-8191-8774b7e6ce6f@group-0BD8710B21FA->9a10e594-81e5-427d-a6b7-c8c9aa6b8a40-AppendLogResponseHandler: follower responses appendEntries COMPLETED
2019-10-07 12:46:16,198 [grpc-default-executor-6] INFO  impl.FollowerInfo (FollowerInfo.java:lambda$new$0(51)) - 82708601-a3fe-4596-8191-8774b7e6ce6f@group-0BD8710B21FA->9a10e594-81e5-427d-a6b7-c8c9aa6b8a40: nextIndex: updateUnconditionally 3 -> 2
2019-10-07 12:46:16,209 [82708601-a3fe-4596-8191-8774b7e6ce6f@group-0BD8710B21FA-StateMachineUpdater] INFO  ratis.ContainerStateMachine (ContainerStateMachine.java:takeSnapshot(305)) - group-0BD8710B21FA: Finished taking a snapshot at:(t:1, i:2) file:/workdir/hadoop-ozone/integration-test/target/test-dir/MiniOzoneClusterImpl-40cf4cc9-95bf-4ba1-95ee-bb8437d0a9c7/datanode-1/data/ratis/c32344c5-df69-4981-a1e6-0bd8710b21fa/sm/snapshot.1_2 time:14
2019-10-07 12:46:16,210 [82708601-a3fe-4596-8191-8774b7e6ce6f@group-0BD8710B21FA-StateMachineUpdater] INFO  impl.StateMachineUpdater (StateMachineUpdater.java:takeSnapshot(269)) - 82708601-a3fe-4596-8191-8774b7e6ce6f@group-0BD8710B21FA-StateMachineUpdater: Took a snapshot at index 2
2019-10-07 12:46:16,210 [82708601-a3fe-4596-8191-8774b7e6ce6f@group-0BD8710B21FA-StateMachineUpdater] INFO  impl.StateMachineUpdater (StateMachineUpdater.java:lambda$new$0(84)) - 82708601-a3fe-4596-8191-8774b7e6ce6f@group-0BD8710B21FA-StateMachineUpdater: snapshotIndex: updateIncreasingly -1 -> 2
2019-10-07 12:46:16,210 [main] INFO  impl.RaftServerImpl (ServerState.java:close(387)) - 82708601-a3fe-4596-8191-8774b7e6ce6f@group-0BD8710B21FA: closes. applyIndex: 2
2019-10-07 12:46:16,211 [82708601-a3fe-4596-8191-8774b7e6ce6f@group-0BD8710B21FA-SegmentedRaftLogWorker] INFO  segmented.SegmentedRaftLogWorker (SegmentedRaftLogWorker.java:run(316)) - 82708601-a3fe-4596-8191-8774b7e6ce6f@group-0BD8710B21FA-SegmentedRaftLogWorker was interrupted, exiting. There are 0 tasks remaining in the queue.
2019-10-07 12:46:16,213 [main] INFO  segmented.SegmentedRaftLogWorker (SegmentedRaftLogWorker.java:close(224)) - 82708601-a3fe-4596-8191-8774b7e6ce6f@group-0BD8710B21FA-SegmentedRaftLogWorker close()
2019-10-07 12:46:16,217 [main] INFO  impl.RaftServerImpl (RaftServerImpl.java:lambda$shutdown$3(247)) - 82708601-a3fe-4596-8191-8774b7e6ce6f@group-1A54F29BFE76: shutdown
2019-10-07 12:46:16,218 [main] INFO  util.JmxRegister (JmxRegister.java:unregister(73)) - Successfully un-registered JMX Bean with object name Ratis:service=RaftServer,group=group-1A54F29BFE76,id=82708601-a3fe-4596-8191-8774b7e6ce6f
2019-10-07 12:46:16,218 [main] INFO  impl.RoleInfo (RoleInfo.java:shutdownLeaderState(104)) - 82708601-a3fe-4596-8191-8774b7e6ce6f: shutdown LeaderState
2019-10-07 12:46:16,218 [main] INFO  impl.PendingRequests (PendingRequests.java:sendNotLeaderResponses(202)) - 82708601-a3fe-4596-8191-8774b7e6ce6f@group-1A54F29BFE76-PendingRequests: sendNotLeaderResponses
2019-10-07 12:46:16,219 [main] INFO  impl.StateMachineUpdater (StateMachineUpdater.java:stopAndJoin(136)) - 82708601-a3fe-4596-8191-8774b7e6ce6f@group-1A54F29BFE76-StateMachineUpdater: set stopIndex = 0
2019-10-07 12:46:16,219 [main] INFO  impl.RaftServerImpl (ServerState.java:close(387)) - 82708601-a3fe-4596-8191-8774b7e6ce6f@group-1A54F29BFE76: closes. applyIndex: 0
2019-10-07 12:46:16,220 [82708601-a3fe-4596-8191-8774b7e6ce6f@group-1A54F29BFE76-SegmentedRaftLogWorker] INFO  segmented.SegmentedRaftLogWorker (SegmentedRaftLogWorker.java:run(316)) - 82708601-a3fe-4596-8191-8774b7e6ce6f@group-1A54F29BFE76-SegmentedRaftLogWorker was interrupted, exiting. There are 0 tasks remaining in the queue.
2019-10-07 12:46:16,222 [main] INFO  segmented.SegmentedRaftLogWorker (SegmentedRaftLogWorker.java:close(224)) - 82708601-a3fe-4596-8191-8774b7e6ce6f@group-1A54F29BFE76-SegmentedRaftLogWorker close()
2019-10-07 12:46:16,225 [main] INFO  server.GrpcService (GrpcService.java:closeImpl(164)) - 82708601-a3fe-4596-8191-8774b7e6ce6f: shutdown server with port 34165 now
2019-10-07 12:46:16,226 [main] INFO  server.GrpcService (GrpcService.java:closeImpl(172)) - 82708601-a3fe-4596-8191-8774b7e6ce6f: shutdown server with port 34165 successfully
2019-10-07 12:46:16,229 [refreshUsed-/workdir/hadoop-ozone/integration-test/target/test-dir/MiniOzoneClusterImpl-40cf4cc9-95bf-4ba1-95ee-bb8437d0a9c7/datanode-1/data/containers] WARN  fs.CachingGetSpaceUsed (CachingGetSpaceUsed.java:run(183)) - Thread Interrupted waiting to refresh disk information: sleep interrupted
2019-10-07 12:46:16,249 [main] INFO  utils.BackgroundService (BackgroundService.java:shutdown(148)) - Shutting down service BlockDeletingService
2019-10-07 12:46:16,255 [main] INFO  statemachine.DatanodeStateMachine (DatanodeStateMachine.java:stopDaemon(395)) - Ozone container server stopped.
2019-10-07 12:46:16,256 [main] INFO  handler.ContextHandler (ContextHandler.java:doStop(910)) - Stopped o.e.j.w.WebAppContext@2589d787{/,null,UNAVAILABLE}{/hddsDatanode}
2019-10-07 12:46:16,257 [main] INFO  server.AbstractConnector (AbstractConnector.java:doStop(318)) - Stopped ServerConnector@1788cb61{HTTP/1.1,[http/1.1]}{0.0.0.0:0}
2019-10-07 12:46:16,258 [main] INFO  handler.ContextHandler (ContextHandler.java:doStop(910)) - Stopped o.e.j.s.ServletContextHandler@496cc217{/static,jar:file:/home/user/.m2/repository/org/apache/hadoop/hadoop-hdds-container-service/0.5.0-SNAPSHOT/hadoop-hdds-container-service-0.5.0-SNAPSHOT.jar!/webapps/static,UNAVAILABLE}
2019-10-07 12:46:16,258 [main] INFO  handler.ContextHandler (ContextHandler.java:doStop(910)) - Stopped o.e.j.s.ServletContextHandler@2ca54da9{/logs,file:///workdir/hadoop-ozone/integration-test/target/log,UNAVAILABLE}
2019-10-07 12:46:26,033 [Thread-2384] INFO  impl.FollowerState (FollowerState.java:run(108)) - 9a10e594-81e5-427d-a6b7-c8c9aa6b8a40@group-0BD8710B21FA-FollowerState: change to CANDIDATE, lastRpcTime:9922ms, electionTimeout:5087ms
2019-10-07 12:46:26,034 [Thread-2384] INFO  impl.RoleInfo (RoleInfo.java:shutdownFollowerState(121)) - 9a10e594-81e5-427d-a6b7-c8c9aa6b8a40: shutdown FollowerState
2019-10-07 12:46:26,035 [Thread-2384] INFO  impl.RaftServerImpl (RaftServerImpl.java:setRole(170)) - 9a10e594-81e5-427d-a6b7-c8c9aa6b8a40@group-0BD8710B21FA: changes role from  FOLLOWER to CANDIDATE at term 1 for changeToCandidate
2019-10-07 12:46:26,035 [Thread-2384] INFO  impl.RoleInfo (RoleInfo.java:updateAndGet(143)) - 9a10e594-81e5-427d-a6b7-c8c9aa6b8a40: start LeaderElection
2019-10-07 12:46:26,039 [9a10e594-81e5-427d-a6b7-c8c9aa6b8a40@group-0BD8710B21FA-LeaderElection89] INFO  impl.RaftServerImpl (ServerState.java:setLeader(255)) - 9a10e594-81e5-427d-a6b7-c8c9aa6b8a40@group-0BD8710B21FA: change Leader from 82708601-a3fe-4596-8191-8774b7e6ce6f to null at term 1 for initElection
2019-10-07 12:46:26,055 [9a10e594-81e5-427d-a6b7-c8c9aa6b8a40@group-0BD8710B21FA-LeaderElection89] INFO  impl.LeaderElection (LeaderElection.java:askForVotes(178)) - 9a10e594-81e5-427d-a6b7-c8c9aa6b8a40@group-0BD8710B21FA-LeaderElection89: begin an election at term 2 for 0: [c68a69bd-486a-434f-8dc7-035c8595ac45:192.168.30.23:33219, 9a10e594-81e5-427d-a6b7-c8c9aa6b8a40:192.168.30.23:37438, 82708601-a3fe-4596-8191-8774b7e6ce6f:192.168.30.23:34165], old=null
2019-10-07 12:46:26,058 [9a10e594-81e5-427d-a6b7-c8c9aa6b8a40@group-0BD8710B21FA-LeaderElection89] INFO  impl.LeaderElection (LogUtils.java:infoOrTrace(149)) - 9a10e594-81e5-427d-a6b7-c8c9aa6b8a40@group-0BD8710B21FA-LeaderElection89 got exception when requesting votes: {}
java.util.concurrent.ExecutionException: org.apache.ratis.thirdparty.io.grpc.StatusRuntimeException: UNAVAILABLE: io exception
	at java.util.concurrent.FutureTask.report(FutureTask.java:122)
	at java.util.concurrent.FutureTask.get(FutureTask.java:192)
	at org.apache.ratis.server.impl.LeaderElection.waitForResults(LeaderElection.java:259)
	at org.apache.ratis.server.impl.LeaderElection.askForVotes(LeaderElection.java:197)
	at org.apache.ratis.server.impl.LeaderElection.run(LeaderElection.java:133)
	at java.lang.Thread.run(Thread.java:748)
Caused by: org.apache.ratis.thirdparty.io.grpc.StatusRuntimeException: UNAVAILABLE: io exception
	at org.apache.ratis.thirdparty.io.grpc.stub.ClientCalls.toStatusRuntimeException(ClientCalls.java:233)
	at org.apache.ratis.thirdparty.io.grpc.stub.ClientCalls.getUnchecked(ClientCalls.java:214)
	at org.apache.ratis.thirdparty.io.grpc.stub.ClientCalls.blockingUnaryCall(ClientCalls.java:139)
	at org.apache.ratis.proto.grpc.RaftServerProtocolServiceGrpc$RaftServerProtocolServiceBlockingStub.requestVote(RaftServerProtocolServiceGrpc.java:265)
	at org.apache.ratis.grpc.server.GrpcServerProtocolClient.requestVote(GrpcServerProtocolClient.java:99)
	at org.apache.ratis.grpc.server.GrpcService.requestVote(GrpcService.java:204)
	at org.apache.ratis.server.impl.LeaderElection.lambda$submitRequests$1(LeaderElection.java:234)
	at java.util.concurrent.FutureTask.run(FutureTask.java:266)
	at java.util.concurrent.Executors$RunnableAdapter.call(Executors.java:511)
	at java.util.concurrent.FutureTask.run(FutureTask.java:266)
	at java.util.concurrent.ThreadPoolExecutor.runWorker(ThreadPoolExecutor.java:1149)
	at java.util.concurrent.ThreadPoolExecutor$Worker.run(ThreadPoolExecutor.java:624)
	... 1 more
Caused by: org.apache.ratis.thirdparty.io.netty.channel.AbstractChannel$AnnotatedConnectException: Connection refused: /192.168.30.23:34165
	at sun.nio.ch.SocketChannelImpl.checkConnect(Native Method)
	at sun.nio.ch.SocketChannelImpl.finishConnect(SocketChannelImpl.java:717)
	at org.apache.ratis.thirdparty.io.netty.channel.socket.nio.NioSocketChannel.doFinishConnect(NioSocketChannel.java:327)
	at org.apache.ratis.thirdparty.io.netty.channel.nio.AbstractNioChannel$AbstractNioUnsafe.finishConnect(AbstractNioChannel.java:340)
	at org.apache.ratis.thirdparty.io.netty.channel.nio.NioEventLoop.processSelectedKey(NioEventLoop.java:632)
	at org.apache.ratis.thirdparty.io.netty.channel.nio.NioEventLoop.processSelectedKeysOptimized(NioEventLoop.java:579)
	at org.apache.ratis.thirdparty.io.netty.channel.nio.NioEventLoop.processSelectedKeys(NioEventLoop.java:496)
	at org.apache.ratis.thirdparty.io.netty.channel.nio.NioEventLoop.run(NioEventLoop.java:458)
	at org.apache.ratis.thirdparty.io.netty.util.concurrent.SingleThreadEventExecutor$5.run(SingleThreadEventExecutor.java:897)
	at org.apache.ratis.thirdparty.io.netty.util.concurrent.FastThreadLocalRunnable.run(FastThreadLocalRunnable.java:30)
	... 1 more
Caused by: java.net.ConnectException: Connection refused
	... 11 more
2019-10-07 12:46:26,060 [grpc-default-executor-7] INFO  impl.RaftServerImpl (ServerState.java:setLeader(255)) - c68a69bd-486a-434f-8dc7-035c8595ac45@group-0BD8710B21FA: change Leader from 82708601-a3fe-4596-8191-8774b7e6ce6f to null at term 2 for updateCurrentTerm
2019-10-07 12:46:26,061 [grpc-default-executor-7] INFO  impl.RaftServerImpl (RaftServerImpl.java:setRole(170)) - c68a69bd-486a-434f-8dc7-035c8595ac45@group-0BD8710B21FA: changes role from  FOLLOWER to FOLLOWER at term 2 for recognizeCandidate:9a10e594-81e5-427d-a6b7-c8c9aa6b8a40
2019-10-07 12:46:26,061 [grpc-default-executor-7] INFO  impl.RoleInfo (RoleInfo.java:shutdownFollowerState(121)) - c68a69bd-486a-434f-8dc7-035c8595ac45: shutdown FollowerState
2019-10-07 12:46:26,061 [grpc-default-executor-7] INFO  impl.RoleInfo (RoleInfo.java:updateAndGet(143)) - c68a69bd-486a-434f-8dc7-035c8595ac45: start FollowerState
2019-10-07 12:46:26,061 [Thread-2383] INFO  impl.FollowerState (FollowerState.java:run(117)) - c68a69bd-486a-434f-8dc7-035c8595ac45@group-0BD8710B21FA-FollowerState was interrupted: java.lang.InterruptedException: sleep interrupted
2019-10-07 12:46:26,078 [9a10e594-81e5-427d-a6b7-c8c9aa6b8a40@group-0BD8710B21FA-LeaderElection89] INFO  impl.LeaderElection (LeaderElection.java:logAndReturn(56)) - 9a10e594-81e5-427d-a6b7-c8c9aa6b8a40@group-0BD8710B21FA-LeaderElection89: Election PASSED; received 1 response(s) [9a10e594-81e5-427d-a6b7-c8c9aa6b8a40<-c68a69bd-486a-434f-8dc7-035c8595ac45#0:OK-t2] and 1 exception(s); 9a10e594-81e5-427d-a6b7-c8c9aa6b8a40@group-0BD8710B21FA:t2, leader=null, voted=9a10e594-81e5-427d-a6b7-c8c9aa6b8a40, raftlog=9a10e594-81e5-427d-a6b7-c8c9aa6b8a40@group-0BD8710B21FA-SegmentedRaftLog:OPENED:c2,f2,i2, conf=0: [c68a69bd-486a-434f-8dc7-035c8595ac45:192.168.30.23:33219, 9a10e594-81e5-427d-a6b7-c8c9aa6b8a40:192.168.30.23:37438, 82708601-a3fe-4596-8191-8774b7e6ce6f:192.168.30.23:34165], old=null
2019-10-07 12:46:26,079 [9a10e594-81e5-427d-a6b7-c8c9aa6b8a40@group-0BD8710B21FA-LeaderElection89] INFO  impl.LeaderElection (LogUtils.java:infoOrTrace(149)) -   Exception 0: {}
java.util.concurrent.ExecutionException: org.apache.ratis.thirdparty.io.grpc.StatusRuntimeException: UNAVAILABLE: io exception
	at java.util.concurrent.FutureTask.report(FutureTask.java:122)
	at java.util.concurrent.FutureTask.get(FutureTask.java:192)
	at org.apache.ratis.server.impl.LeaderElection.waitForResults(LeaderElection.java:259)
	at org.apache.ratis.server.impl.LeaderElection.askForVotes(LeaderElection.java:197)
	at org.apache.ratis.server.impl.LeaderElection.run(LeaderElection.java:133)
	at java.lang.Thread.run(Thread.java:748)
Caused by: org.apache.ratis.thirdparty.io.grpc.StatusRuntimeException: UNAVAILABLE: io exception
	at org.apache.ratis.thirdparty.io.grpc.stub.ClientCalls.toStatusRuntimeException(ClientCalls.java:233)
	at org.apache.ratis.thirdparty.io.grpc.stub.ClientCalls.getUnchecked(ClientCalls.java:214)
	at org.apache.ratis.thirdparty.io.grpc.stub.ClientCalls.blockingUnaryCall(ClientCalls.java:139)
	at org.apache.ratis.proto.grpc.RaftServerProtocolServiceGrpc$RaftServerProtocolServiceBlockingStub.requestVote(RaftServerProtocolServiceGrpc.java:265)
	at org.apache.ratis.grpc.server.GrpcServerProtocolClient.requestVote(GrpcServerProtocolClient.java:99)
	at org.apache.ratis.grpc.server.GrpcService.requestVote(GrpcService.java:204)
	at org.apache.ratis.server.impl.LeaderElection.lambda$submitRequests$1(LeaderElection.java:234)
	at java.util.concurrent.FutureTask.run(FutureTask.java:266)
	at java.util.concurrent.Executors$RunnableAdapter.call(Executors.java:511)
	at java.util.concurrent.FutureTask.run(FutureTask.java:266)
	at java.util.concurrent.ThreadPoolExecutor.runWorker(ThreadPoolExecutor.java:1149)
	at java.util.concurrent.ThreadPoolExecutor$Worker.run(ThreadPoolExecutor.java:624)
	... 1 more
Caused by: org.apache.ratis.thirdparty.io.netty.channel.AbstractChannel$AnnotatedConnectException: Connection refused: /192.168.30.23:34165
	at sun.nio.ch.SocketChannelImpl.checkConnect(Native Method)
	at sun.nio.ch.SocketChannelImpl.finishConnect(SocketChannelImpl.java:717)
	at org.apache.ratis.thirdparty.io.netty.channel.socket.nio.NioSocketChannel.doFinishConnect(NioSocketChannel.java:327)
	at org.apache.ratis.thirdparty.io.netty.channel.nio.AbstractNioChannel$AbstractNioUnsafe.finishConnect(AbstractNioChannel.java:340)
	at org.apache.ratis.thirdparty.io.netty.channel.nio.NioEventLoop.processSelectedKey(NioEventLoop.java:632)
	at org.apache.ratis.thirdparty.io.netty.channel.nio.NioEventLoop.processSelectedKeysOptimized(NioEventLoop.java:579)
	at org.apache.ratis.thirdparty.io.netty.channel.nio.NioEventLoop.processSelectedKeys(NioEventLoop.java:496)
	at org.apache.ratis.thirdparty.io.netty.channel.nio.NioEventLoop.run(NioEventLoop.java:458)
	at org.apache.ratis.thirdparty.io.netty.util.concurrent.SingleThreadEventExecutor$5.run(SingleThreadEventExecutor.java:897)
	at org.apache.ratis.thirdparty.io.netty.util.concurrent.FastThreadLocalRunnable.run(FastThreadLocalRunnable.java:30)
	... 1 more
Caused by: java.net.ConnectException: Connection refused
	... 11 more
2019-10-07 12:46:26,079 [9a10e594-81e5-427d-a6b7-c8c9aa6b8a40@group-0BD8710B21FA-LeaderElection89] INFO  impl.RoleInfo (RoleInfo.java:shutdownLeaderElection(134)) - 9a10e594-81e5-427d-a6b7-c8c9aa6b8a40: shutdown LeaderElection
2019-10-07 12:46:26,079 [9a10e594-81e5-427d-a6b7-c8c9aa6b8a40@group-0BD8710B21FA-LeaderElection89] INFO  impl.RaftServerImpl (RaftServerImpl.java:setRole(170)) - 9a10e594-81e5-427d-a6b7-c8c9aa6b8a40@group-0BD8710B21FA: changes role from CANDIDATE to LEADER at term 2 for changeToLeader
2019-10-07 12:46:26,079 [9a10e594-81e5-427d-a6b7-c8c9aa6b8a40@group-0BD8710B21FA-LeaderElection89] INFO  impl.RaftServerImpl (ServerState.java:setLeader(255)) - 9a10e594-81e5-427d-a6b7-c8c9aa6b8a40@group-0BD8710B21FA: change Leader from null to 9a10e594-81e5-427d-a6b7-c8c9aa6b8a40 at term 2 for becomeLeader, leader elected after 40ms
2019-10-07 12:46:26,080 [9a10e594-81e5-427d-a6b7-c8c9aa6b8a40@group-0BD8710B21FA-LeaderElection89] INFO  server.RaftServerConfigKeys (ConfUtils.java:logGet(43)) - raft.server.staging.catchup.gap = 1000 (default)
2019-10-07 12:46:26,080 [9a10e594-81e5-427d-a6b7-c8c9aa6b8a40@group-0BD8710B21FA-LeaderElection89] INFO  server.RaftServerConfigKeys (ConfUtils.java:logGet(43)) - raft.server.rpc.sleep.time = 25ms (default)
2019-10-07 12:46:26,080 [9a10e594-81e5-427d-a6b7-c8c9aa6b8a40@group-0BD8710B21FA-LeaderElection89] INFO  server.RaftServerConfigKeys (ConfUtils.java:logGet(43)) - raft.server.write.element-limit = 4096 (default)
2019-10-07 12:46:26,080 [9a10e594-81e5-427d-a6b7-c8c9aa6b8a40@group-0BD8710B21FA-LeaderElection89] INFO  server.RaftServerConfigKeys (ConfUtils.java:logGet(43)) - raft.server.watch.timeout = 10s (default)
2019-10-07 12:46:26,080 [9a10e594-81e5-427d-a6b7-c8c9aa6b8a40@group-0BD8710B21FA-LeaderElection89] INFO  server.RaftServerConfigKeys (ConfUtils.java:logGet(43)) - raft.server.watch.timeout.denomination = 1s (default)
2019-10-07 12:46:26,081 [9a10e594-81e5-427d-a6b7-c8c9aa6b8a40@group-0BD8710B21FA-LeaderElection89] INFO  server.RaftServerConfigKeys (ConfUtils.java:logGet(43)) - raft.server.watch.element-limit = 65536 (default)
2019-10-07 12:46:26,084 [9a10e594-81e5-427d-a6b7-c8c9aa6b8a40@group-0BD8710B21FA-LeaderElection89] INFO  server.RaftServerConfigKeys (ConfUtils.java:logGet(43)) - raft.server.log.appender.snapshot.chunk.size.max = 16MB (=16777216) (default)
2019-10-07 12:46:26,084 [9a10e594-81e5-427d-a6b7-c8c9aa6b8a40@group-0BD8710B21FA-LeaderElection89] INFO  server.RaftServerConfigKeys (ConfUtils.java:logGet(43)) - raft.server.log.appender.buffer.byte-limit = 33554432 (custom)
2019-10-07 12:46:26,084 [9a10e594-81e5-427d-a6b7-c8c9aa6b8a40@group-0BD8710B21FA-LeaderElection89] INFO  server.RaftServerConfigKeys (ConfUtils.java:logGet(43)) - raft.server.log.appender.buffer.element-limit = 1 (custom)
2019-10-07 12:46:26,084 [9a10e594-81e5-427d-a6b7-c8c9aa6b8a40@group-0BD8710B21FA-LeaderElection89] INFO  grpc.GrpcConfigKeys$Server (ConfUtils.java:logGet(43)) - raft.grpc.server.leader.outstanding.appends.max = 128 (default)
2019-10-07 12:46:26,084 [9a10e594-81e5-427d-a6b7-c8c9aa6b8a40@group-0BD8710B21FA-LeaderElection89] INFO  server.RaftServerConfigKeys (ConfUtils.java:logGet(43)) - raft.server.rpc.request.timeout = 3000ms (default)
2019-10-07 12:46:26,085 [9a10e594-81e5-427d-a6b7-c8c9aa6b8a40@group-0BD8710B21FA-LeaderElection89] INFO  server.RaftServerConfigKeys (ConfUtils.java:logGet(43)) - raft.server.log.appender.install.snapshot.enabled = false (custom)
2019-10-07 12:46:26,085 [9a10e594-81e5-427d-a6b7-c8c9aa6b8a40@group-0BD8710B21FA-LeaderElection89] INFO  server.RaftServerConfigKeys (ConfUtils.java:logGet(43)) - raft.server.log.appender.snapshot.chunk.size.max = 16MB (=16777216) (default)
2019-10-07 12:46:26,085 [9a10e594-81e5-427d-a6b7-c8c9aa6b8a40@group-0BD8710B21FA-LeaderElection89] INFO  server.RaftServerConfigKeys (ConfUtils.java:logGet(43)) - raft.server.log.appender.buffer.byte-limit = 33554432 (custom)
2019-10-07 12:46:26,085 [9a10e594-81e5-427d-a6b7-c8c9aa6b8a40@group-0BD8710B21FA-LeaderElection89] INFO  server.RaftServerConfigKeys (ConfUtils.java:logGet(43)) - raft.server.log.appender.buffer.element-limit = 1 (custom)
2019-10-07 12:46:26,085 [9a10e594-81e5-427d-a6b7-c8c9aa6b8a40@group-0BD8710B21FA-LeaderElection89] INFO  grpc.GrpcConfigKeys$Server (ConfUtils.java:logGet(43)) - raft.grpc.server.leader.outstanding.appends.max = 128 (default)
2019-10-07 12:46:26,086 [9a10e594-81e5-427d-a6b7-c8c9aa6b8a40@group-0BD8710B21FA-LeaderElection89] INFO  server.RaftServerConfigKeys (ConfUtils.java:logGet(43)) - raft.server.rpc.request.timeout = 3000ms (default)
2019-10-07 12:46:26,086 [9a10e594-81e5-427d-a6b7-c8c9aa6b8a40@group-0BD8710B21FA-LeaderElection89] INFO  server.RaftServerConfigKeys (ConfUtils.java:logGet(43)) - raft.server.log.appender.install.snapshot.enabled = false (custom)
2019-10-07 12:46:26,086 [9a10e594-81e5-427d-a6b7-c8c9aa6b8a40@group-0BD8710B21FA-LeaderElection89] INFO  impl.RoleInfo (RoleInfo.java:updateAndGet(143)) - 9a10e594-81e5-427d-a6b7-c8c9aa6b8a40: start LeaderState
2019-10-07 12:46:26,087 [9a10e594-81e5-427d-a6b7-c8c9aa6b8a40@group-0BD8710B21FA-LeaderElection89] INFO  segmented.SegmentedRaftLogWorker (SegmentedRaftLogWorker.java:rollLogSegment(390)) - 9a10e594-81e5-427d-a6b7-c8c9aa6b8a40@group-0BD8710B21FA-SegmentedRaftLogWorker: Rolling segment log-0_2 to index:2
2019-10-07 12:46:26,089 [9a10e594-81e5-427d-a6b7-c8c9aa6b8a40@group-0BD8710B21FA-LeaderElection89] INFO  impl.RaftServerImpl (ServerState.java:setRaftConf(356)) - 9a10e594-81e5-427d-a6b7-c8c9aa6b8a40@group-0BD8710B21FA: set configuration 3: [c68a69bd-486a-434f-8dc7-035c8595ac45:192.168.30.23:33219, 9a10e594-81e5-427d-a6b7-c8c9aa6b8a40:192.168.30.23:37438, 82708601-a3fe-4596-8191-8774b7e6ce6f:192.168.30.23:34165], old=null at 3
2019-10-07 12:46:26,089 [9a10e594-81e5-427d-a6b7-c8c9aa6b8a40@group-0BD8710B21FA-SegmentedRaftLogWorker] INFO  segmented.SegmentedRaftLogWorker (SegmentedRaftLogWorker.java:execute(531)) - 9a10e594-81e5-427d-a6b7-c8c9aa6b8a40@group-0BD8710B21FA-SegmentedRaftLogWorker: Rolled log segment from /workdir/hadoop-ozone/integration-test/target/test-dir/MiniOzoneClusterImpl-40cf4cc9-95bf-4ba1-95ee-bb8437d0a9c7/datanode-2/data/ratis/c32344c5-df69-4981-a1e6-0bd8710b21fa/current/log_inprogress_0 to /workdir/hadoop-ozone/integration-test/target/test-dir/MiniOzoneClusterImpl-40cf4cc9-95bf-4ba1-95ee-bb8437d0a9c7/datanode-2/data/ratis/c32344c5-df69-4981-a1e6-0bd8710b21fa/current/log_0-2
2019-10-07 12:46:26,092 [grpc-default-executor-7] WARN  server.GrpcLogAppender (LogUtils.java:warn(134)) - 9a10e594-81e5-427d-a6b7-c8c9aa6b8a40@group-0BD8710B21FA->82708601-a3fe-4596-8191-8774b7e6ce6f-AppendLogResponseHandler: Failed appendEntries: org.apache.ratis.thirdparty.io.grpc.StatusRuntimeException: UNAVAILABLE: io exception
2019-10-07 12:46:26,092 [grpc-default-executor-7] INFO  impl.FollowerInfo (FollowerInfo.java:lambda$new$0(51)) - 9a10e594-81e5-427d-a6b7-c8c9aa6b8a40@group-0BD8710B21FA->82708601-a3fe-4596-8191-8774b7e6ce6f: nextIndex: updateUnconditionally 3 -> 1
2019-10-07 12:46:26,093 [grpc-default-executor-7] INFO  impl.RaftServerImpl (ServerState.java:setLeader(255)) - c68a69bd-486a-434f-8dc7-035c8595ac45@group-0BD8710B21FA: change Leader from null to 9a10e594-81e5-427d-a6b7-c8c9aa6b8a40 at term 2 for appendEntries, leader elected after 32ms
2019-10-07 12:46:26,096 [grpc-default-executor-7] INFO  impl.RaftServerImpl (ServerState.java:setRaftConf(356)) - c68a69bd-486a-434f-8dc7-035c8595ac45@group-0BD8710B21FA: set configuration 3: [c68a69bd-486a-434f-8dc7-035c8595ac45:192.168.30.23:33219, 9a10e594-81e5-427d-a6b7-c8c9aa6b8a40:192.168.30.23:37438, 82708601-a3fe-4596-8191-8774b7e6ce6f:192.168.30.23:34165], old=null at 3
2019-10-07 12:46:26,096 [grpc-default-executor-7] INFO  segmented.SegmentedRaftLogWorker (SegmentedRaftLogWorker.java:rollLogSegment(390)) - c68a69bd-486a-434f-8dc7-035c8595ac45@group-0BD8710B21FA-SegmentedRaftLogWorker: Rolling segment log-0_2 to index:2
2019-10-07 12:46:26,097 [c68a69bd-486a-434f-8dc7-035c8595ac45@group-0BD8710B21FA-SegmentedRaftLogWorker] INFO  segmented.SegmentedRaftLogWorker (SegmentedRaftLogWorker.java:execute(531)) - c68a69bd-486a-434f-8dc7-035c8595ac45@group-0BD8710B21FA-SegmentedRaftLogWorker: Rolled log segment from /workdir/hadoop-ozone/integration-test/target/test-dir/MiniOzoneClusterImpl-40cf4cc9-95bf-4ba1-95ee-bb8437d0a9c7/datanode-0/data/ratis/c32344c5-df69-4981-a1e6-0bd8710b21fa/current/log_inprogress_0 to /workdir/hadoop-ozone/integration-test/target/test-dir/MiniOzoneClusterImpl-40cf4cc9-95bf-4ba1-95ee-bb8437d0a9c7/datanode-0/data/ratis/c32344c5-df69-4981-a1e6-0bd8710b21fa/current/log_0-2
2019-10-07 12:46:26,144 [9a10e594-81e5-427d-a6b7-c8c9aa6b8a40@group-0BD8710B21FA-SegmentedRaftLogWorker] INFO  segmented.SegmentedRaftLogWorker (SegmentedRaftLogWorker.java:execute(574)) - 9a10e594-81e5-427d-a6b7-c8c9aa6b8a40@group-0BD8710B21FA-SegmentedRaftLogWorker: created new log segment /workdir/hadoop-ozone/integration-test/target/test-dir/MiniOzoneClusterImpl-40cf4cc9-95bf-4ba1-95ee-bb8437d0a9c7/datanode-2/data/ratis/c32344c5-df69-4981-a1e6-0bd8710b21fa/current/log_inprogress_3
2019-10-07 12:46:26,179 [c68a69bd-486a-434f-8dc7-035c8595ac45@group-0BD8710B21FA-SegmentedRaftLogWorker] INFO  segmented.SegmentedRaftLogWorker (SegmentedRaftLogWorker.java:execute(574)) - c68a69bd-486a-434f-8dc7-035c8595ac45@group-0BD8710B21FA-SegmentedRaftLogWorker: created new log segment /workdir/hadoop-ozone/integration-test/target/test-dir/MiniOzoneClusterImpl-40cf4cc9-95bf-4ba1-95ee-bb8437d0a9c7/datanode-0/data/ratis/c32344c5-df69-4981-a1e6-0bd8710b21fa/current/log_inprogress_3
2019-10-07 12:46:26,202 [grpc-default-executor-4] WARN  server.GrpcLogAppender (LogUtils.java:warn(134)) - 9a10e594-81e5-427d-a6b7-c8c9aa6b8a40@group-0BD8710B21FA->82708601-a3fe-4596-8191-8774b7e6ce6f-AppendLogResponseHandler: Failed appendEntries: org.apache.ratis.thirdparty.io.grpc.StatusRuntimeException: UNAVAILABLE: io exception
2019-10-07 12:46:26,203 [grpc-default-executor-4] INFO  impl.FollowerInfo (FollowerInfo.java:lambda$new$0(51)) - 9a10e594-81e5-427d-a6b7-c8c9aa6b8a40@group-0BD8710B21FA->82708601-a3fe-4596-8191-8774b7e6ce6f: nextIndex: updateUnconditionally 2 -> 1
2019-10-07 12:46:26,224 [grpc-default-executor-7] WARN  server.GrpcLogAppender (LogUtils.java:warn(134)) - 9a10e594-81e5-427d-a6b7-c8c9aa6b8a40@group-0BD8710B21FA->82708601-a3fe-4596-8191-8774b7e6ce6f-AppendLogResponseHandler: Failed appendEntries: org.apache.ratis.thirdparty.io.grpc.StatusRuntimeException: UNAVAILABLE: io exception
2019-10-07 12:46:26,225 [grpc-default-executor-7] INFO  impl.FollowerInfo (FollowerInfo.java:lambda$new$0(51)) - 9a10e594-81e5-427d-a6b7-c8c9aa6b8a40@group-0BD8710B21FA->82708601-a3fe-4596-8191-8774b7e6ce6f: nextIndex: updateUnconditionally 2 -> 1
]]></system-out>
  </testcase>
</testsuite>