<?xml version="1.0" encoding="UTF-8"?>
<testsuite xmlns:xsi="http://www.w3.org/2001/XMLSchema-instance" xsi:noNamespaceSchemaLocation="https://maven.apache.org/surefire/maven-surefire-plugin/xsd/surefire-test-report.xsd" name="org.apache.hadoop.ozone.client.rpc.TestWatchForCommit" time="249.967" tests="5" errors="1" skipped="0" failures="0">
  <properties>
    <property name="awt.toolkit" value="sun.awt.X11.XToolkit"/>
    <property name="file.encoding.pkg" value="sun.io"/>
    <property name="java.specification.version" value="1.8"/>
    <property name="sun.cpu.isalist" value=""/>
    <property name="sun.jnu.encoding" value="UTF-8"/>
    <property name="java.class.path" value="/workdir/hadoop-ozone/integration-test/target/test-classes:/workdir/hadoop-ozone/integration-test/target/classes:/home/user/.m2/repository/org/apache/hadoop/hadoop-ozone-common/0.5.0-SNAPSHOT/hadoop-ozone-common-0.5.0-SNAPSHOT.jar:/home/user/.m2/repository/org/apache/commons/commons-compress/1.4.1/commons-compress-1.4.1.jar:/home/user/.m2/repository/org/tukaani/xz/1.0/xz-1.0.jar:/home/user/.m2/repository/org/apache/hadoop/hadoop-common/3.2.0/hadoop-common-3.2.0.jar:/home/user/.m2/repository/org/apache/hadoop/hadoop-hdfs/3.2.0/hadoop-hdfs-3.2.0.jar:/home/user/.m2/repository/org/apache/hadoop/hadoop-hdfs-client/3.2.0/hadoop-hdfs-client-3.2.0.jar:/home/user/.m2/repository/com/fasterxml/jackson/core/jackson-annotations/2.9.9/jackson-annotations-2.9.9.jar:/home/user/.m2/repository/org/apache/hadoop/hadoop-hdds-common/0.5.0-SNAPSHOT/hadoop-hdds-common-0.5.0-SNAPSHOT.jar:/home/user/.m2/repository/javax/annotation/javax.annotation-api/1.2/javax.annotation-api-1.2.jar:/home/user/.m2/repository/org/apache/ratis/ratis-server/0.5.0-201fc85-SNAPSHOT/ratis-server-0.5.0-201fc85-SNAPSHOT.jar:/home/user/.m2/repository/org/apache/ratis/ratis-thirdparty-misc/0.2.0/ratis-thirdparty-misc-0.2.0.jar:/home/user/.m2/repository/org/apache/ratis/ratis-proto/0.5.0-201fc85-SNAPSHOT/ratis-proto-0.5.0-201fc85-SNAPSHOT.jar:/home/user/.m2/repository/org/apache/ratis/ratis-common/0.5.0-201fc85-SNAPSHOT/ratis-common-0.5.0-201fc85-SNAPSHOT.jar:/home/user/.m2/repository/org/apache/ratis/ratis-client/0.5.0-201fc85-SNAPSHOT/ratis-client-0.5.0-201fc85-SNAPSHOT.jar:/home/user/.m2/repository/org/apache/ratis/ratis-metrics/0.5.0-201fc85-SNAPSHOT/ratis-metrics-0.5.0-201fc85-SNAPSHOT.jar:/home/user/.m2/repository/com/github/joshelser/dropwizard-metrics-hadoop-metrics2-reporter/0.1.2/dropwizard-metrics-hadoop-metrics2-reporter-0.1.2.jar:/home/user/.m2/repository/io/dropwizard/metrics/metrics-jvm/3.2.5/metrics-jvm-3.2.5.jar:/home/user/.m2/repository/io/dropwizard/metrics/metrics-ganglia/3.2.5/metrics-ganglia-3.2.5.jar:/home/user/.m2/repository/info/ganglia/gmetric4j/gmetric4j/1.0.7/gmetric4j-1.0.7.jar:/home/user/.m2/repository/org/apache/ratis/ratis-netty/0.5.0-201fc85-SNAPSHOT/ratis-netty-0.5.0-201fc85-SNAPSHOT.jar:/home/user/.m2/repository/org/apache/ratis/ratis-grpc/0.5.0-201fc85-SNAPSHOT/ratis-grpc-0.5.0-201fc85-SNAPSHOT.jar:/home/user/.m2/repository/org/rocksdb/rocksdbjni/6.0.1/rocksdbjni-6.0.1.jar:/home/user/.m2/repository/org/apache/logging/log4j/log4j-api/2.11.0/log4j-api-2.11.0.jar:/home/user/.m2/repository/org/apache/logging/log4j/log4j-core/2.11.0/log4j-core-2.11.0.jar:/home/user/.m2/repository/com/lmax/disruptor/3.4.2/disruptor-3.4.2.jar:/home/user/.m2/repository/org/apache/commons/commons-pool2/2.6.0/commons-pool2-2.6.0.jar:/home/user/.m2/repository/org/bouncycastle/bcpkix-jdk15on/1.60/bcpkix-jdk15on-1.60.jar:/home/user/.m2/repository/commons-validator/commons-validator/1.6/commons-validator-1.6.jar:/home/user/.m2/repository/commons-digester/commons-digester/1.8.1/commons-digester-1.8.1.jar:/home/user/.m2/repository/io/jaegertracing/jaeger-client/0.34.0/jaeger-client-0.34.0.jar:/home/user/.m2/repository/io/jaegertracing/jaeger-thrift/0.34.0/jaeger-thrift-0.34.0.jar:/home/user/.m2/repository/org/apache/thrift/libthrift/0.12.0/libthrift-0.12.0.jar:/home/user/.m2/repository/com/squareup/okhttp3/okhttp/3.9.0/okhttp-3.9.0.jar:/home/user/.m2/repository/com/squareup/okio/okio/1.13.0/okio-1.13.0.jar:/home/user/.m2/repository/io/jaegertracing/jaeger-core/0.34.0/jaeger-core-0.34.0.jar:/home/user/.m2/repository/io/jaegertracing/jaeger-tracerresolver/0.34.0/jaeger-tracerresolver-0.34.0.jar:/home/user/.m2/repository/io/opentracing/contrib/opentracing-tracerresolver/0.1.5/opentracing-tracerresolver-0.1.5.jar:/home/user/.m2/repository/io/opentracing/opentracing-util/0.31.0/opentracing-util-0.31.0.jar:/home/user/.m2/repository/io/opentracing/opentracing-api/0.31.0/opentracing-api-0.31.0.jar:/home/user/.m2/repository/io/opentracing/opentracing-noop/0.31.0/opentracing-noop-0.31.0.jar:/home/user/.m2/repository/org/apache/hadoop/hadoop-hdds-server-framework/0.5.0-SNAPSHOT/hadoop-hdds-server-framework-0.5.0-SNAPSHOT.jar:/home/user/.m2/repository/org/apache/hadoop/hadoop-hdds-container-service/0.5.0-SNAPSHOT/hadoop-hdds-container-service-0.5.0-SNAPSHOT.jar:/home/user/.m2/repository/org/apache/hadoop/hadoop-hdds-client/0.5.0-SNAPSHOT/hadoop-hdds-client-0.5.0-SNAPSHOT.jar:/home/user/.m2/repository/org/apache/hadoop/hadoop-hdds-tools/0.5.0-SNAPSHOT/hadoop-hdds-tools-0.5.0-SNAPSHOT.jar:/home/user/.m2/repository/org/apache/hadoop/hadoop-hdds-server-scm/0.5.0-SNAPSHOT/hadoop-hdds-server-scm-0.5.0-SNAPSHOT.jar:/home/user/.m2/repository/org/apache/hadoop/hadoop-hdds-docs/0.5.0-SNAPSHOT/hadoop-hdds-docs-0.5.0-SNAPSHOT.jar:/home/user/.m2/repository/io/dropwizard/metrics/metrics-core/3.2.4/metrics-core-3.2.4.jar:/home/user/.m2/repository/org/hamcrest/hamcrest-all/1.3/hamcrest-all-1.3.jar:/home/user/.m2/repository/org/bouncycastle/bcprov-jdk15on/1.60/bcprov-jdk15on-1.60.jar:/home/user/.m2/repository/info/picocli/picocli/3.9.6/picocli-3.9.6.jar:/home/user/.m2/repository/com/google/protobuf/protobuf-java/2.5.0/protobuf-java-2.5.0.jar:/home/user/.m2/repository/com/google/guava/guava/11.0.2/guava-11.0.2.jar:/home/user/.m2/repository/org/apache/hadoop/hadoop-ozone-ozone-manager/0.5.0-SNAPSHOT/hadoop-ozone-ozone-manager-0.5.0-SNAPSHOT.jar:/home/user/.m2/repository/org/apache/hadoop/hadoop-minikdc/3.2.0/hadoop-minikdc-3.2.0.jar:/home/user/.m2/repository/commons-io/commons-io/2.5/commons-io-2.5.jar:/home/user/.m2/repository/org/apache/kerby/kerb-simplekdc/1.0.1/kerb-simplekdc-1.0.1.jar:/home/user/.m2/repository/org/apache/kerby/kerb-client/1.0.1/kerb-client-1.0.1.jar:/home/user/.m2/repository/org/apache/kerby/kerby-config/1.0.1/kerby-config-1.0.1.jar:/home/user/.m2/repository/org/apache/kerby/kerb-core/1.0.1/kerb-core-1.0.1.jar:/home/user/.m2/repository/org/apache/kerby/kerby-pkix/1.0.1/kerby-pkix-1.0.1.jar:/home/user/.m2/repository/org/apache/kerby/kerby-asn1/1.0.1/kerby-asn1-1.0.1.jar:/home/user/.m2/repository/org/apache/kerby/kerby-util/1.0.1/kerby-util-1.0.1.jar:/home/user/.m2/repository/org/apache/kerby/kerb-common/1.0.1/kerb-common-1.0.1.jar:/home/user/.m2/repository/org/apache/kerby/kerb-crypto/1.0.1/kerb-crypto-1.0.1.jar:/home/user/.m2/repository/org/apache/kerby/kerb-util/1.0.1/kerb-util-1.0.1.jar:/home/user/.m2/repository/org/apache/kerby/token-provider/1.0.1/token-provider-1.0.1.jar:/home/user/.m2/repository/org/apache/kerby/kerb-admin/1.0.1/kerb-admin-1.0.1.jar:/home/user/.m2/repository/org/apache/kerby/kerb-server/1.0.1/kerb-server-1.0.1.jar:/home/user/.m2/repository/org/apache/kerby/kerb-identity/1.0.1/kerb-identity-1.0.1.jar:/home/user/.m2/repository/org/apache/kerby/kerby-xdr/1.0.1/kerby-xdr-1.0.1.jar:/home/user/.m2/repository/org/slf4j/slf4j-log4j12/1.7.25/slf4j-log4j12-1.7.25.jar:/home/user/.m2/repository/org/apache/hadoop/hadoop-ozone-s3gateway/0.5.0-SNAPSHOT/hadoop-ozone-s3gateway-0.5.0-SNAPSHOT.jar:/home/user/.m2/repository/org/jboss/weld/servlet/weld-servlet/2.4.7.Final/weld-servlet-2.4.7.Final.jar:/home/user/.m2/repository/org/glassfish/jersey/containers/jersey-container-servlet-core/2.27/jersey-container-servlet-core-2.27.jar:/home/user/.m2/repository/org/glassfish/hk2/external/javax.inject/2.5.0-b42/javax.inject-2.5.0-b42.jar:/home/user/.m2/repository/org/glassfish/jersey/core/jersey-common/2.27/jersey-common-2.27.jar:/home/user/.m2/repository/org/glassfish/hk2/osgi-resource-locator/1.0.1/osgi-resource-locator-1.0.1.jar:/home/user/.m2/repository/javax/ws/rs/javax.ws.rs-api/2.1/javax.ws.rs-api-2.1.jar:/home/user/.m2/repository/org/glassfish/jersey/ext/cdi/jersey-cdi1x/2.27/jersey-cdi1x-2.27.jar:/home/user/.m2/repository/org/glassfish/jersey/inject/jersey-hk2/2.27/jersey-hk2-2.27.jar:/home/user/.m2/repository/org/glassfish/hk2/hk2-locator/2.5.0-b42/hk2-locator-2.5.0-b42.jar:/home/user/.m2/repository/org/javassist/javassist/3.22.0-CR2/javassist-3.22.0-CR2.jar:/home/user/.m2/repository/org/glassfish/hk2/hk2-api/2.5.0/hk2-api-2.5.0.jar:/home/user/.m2/repository/org/glassfish/hk2/external/jakarta.inject/2.5.0/jakarta.inject-2.5.0.jar:/home/user/.m2/repository/org/glassfish/hk2/hk2-utils/2.5.0/hk2-utils-2.5.0.jar:/home/user/.m2/repository/jakarta/annotation/jakarta.annotation-api/1.3.4/jakarta.annotation-api-1.3.4.jar:/home/user/.m2/repository/org/glassfish/hk2/external/aopalliance-repackaged/2.5.0/aopalliance-repackaged-2.5.0.jar:/home/user/.m2/repository/com/fasterxml/jackson/dataformat/jackson-dataformat-xml/2.9.0/jackson-dataformat-xml-2.9.0.jar:/home/user/.m2/repository/com/fasterxml/jackson/core/jackson-core/2.9.9/jackson-core-2.9.9.jar:/home/user/.m2/repository/com/fasterxml/jackson/module/jackson-module-jaxb-annotations/2.9.9/jackson-module-jaxb-annotations-2.9.9.jar:/home/user/.m2/repository/javax/enterprise/cdi-api/1.2/cdi-api-1.2.jar:/home/user/.m2/repository/javax/el/javax.el-api/3.0.0/javax.el-api-3.0.0.jar:/home/user/.m2/repository/javax/interceptor/javax.interceptor-api/1.2/javax.interceptor-api-1.2.jar:/home/user/.m2/repository/javax/inject/javax.inject/1/javax.inject-1.jar:/home/user/.m2/repository/com/sun/xml/bind/jaxb-impl/2.3.0.1/jaxb-impl-2.3.0.1.jar:/home/user/.m2/repository/com/sun/xml/bind/jaxb-core/2.3.0.1/jaxb-core-2.3.0.1.jar:/home/user/.m2/repository/javax/xml/bind/jaxb-api/2.3.0/jaxb-api-2.3.0.jar:/home/user/.m2/repository/javax/activation/activation/1.1.1/activation-1.1.1.jar:/home/user/.m2/repository/org/apache/hadoop/hadoop-ozone-csi/0.5.0-SNAPSHOT/hadoop-ozone-csi-0.5.0-SNAPSHOT.jar:/home/user/.m2/repository/com/google/protobuf/protobuf-java-util/3.5.1/protobuf-java-util-3.5.1.jar:/home/user/.m2/repository/org/apache/hadoop/hadoop-hdds-config/0.5.0-SNAPSHOT/hadoop-hdds-config-0.5.0-SNAPSHOT.jar:/home/user/.m2/repository/io/grpc/grpc-netty/1.17.1/grpc-netty-1.17.1.jar:/home/user/.m2/repository/io/grpc/grpc-core/1.17.1/grpc-core-1.17.1.jar:/home/user/.m2/repository/io/grpc/grpc-context/1.17.1/grpc-context-1.17.1.jar:/home/user/.m2/repository/com/google/errorprone/error_prone_annotations/2.2.0/error_prone_annotations-2.2.0.jar:/home/user/.m2/repository/org/codehaus/mojo/animal-sniffer-annotations/1.17/animal-sniffer-annotations-1.17.jar:/home/user/.m2/repository/io/opencensus/opencensus-api/0.17.0/opencensus-api-0.17.0.jar:/home/user/.m2/repository/io/opencensus/opencensus-contrib-grpc-metrics/0.17.0/opencensus-contrib-grpc-metrics-0.17.0.jar:/home/user/.m2/repository/io/netty/netty-codec-http2/4.1.30.Final/netty-codec-http2-4.1.30.Final.jar:/home/user/.m2/repository/io/netty/netty-codec-http/4.1.30.Final/netty-codec-http-4.1.30.Final.jar:/home/user/.m2/repository/io/netty/netty-codec/4.1.30.Final/netty-codec-4.1.30.Final.jar:/home/user/.m2/repository/io/netty/netty-handler/4.1.30.Final/netty-handler-4.1.30.Final.jar:/home/user/.m2/repository/io/netty/netty-handler-proxy/4.1.30.Final/netty-handler-proxy-4.1.30.Final.jar:/home/user/.m2/repository/io/netty/netty-codec-socks/4.1.30.Final/netty-codec-socks-4.1.30.Final.jar:/home/user/.m2/repository/io/netty/netty-transport-native-epoll/4.1.30.Final/netty-transport-native-epoll-4.1.30.Final.jar:/home/user/.m2/repository/io/netty/netty-common/4.1.30.Final/netty-common-4.1.30.Final.jar:/home/user/.m2/repository/io/netty/netty-buffer/4.1.30.Final/netty-buffer-4.1.30.Final.jar:/home/user/.m2/repository/io/netty/netty-transport/4.1.30.Final/netty-transport-4.1.30.Final.jar:/home/user/.m2/repository/io/netty/netty-resolver/4.1.30.Final/netty-resolver-4.1.30.Final.jar:/home/user/.m2/repository/io/netty/netty-transport-native-unix-common/4.1.30.Final/netty-transport-native-unix-common-4.1.30.Final.jar:/home/user/.m2/repository/io/grpc/grpc-protobuf/1.17.1/grpc-protobuf-1.17.1.jar:/home/user/.m2/repository/com/google/api/grpc/proto-google-common-protos/1.0.0/proto-google-common-protos-1.0.0.jar:/home/user/.m2/repository/io/grpc/grpc-protobuf-lite/1.17.1/grpc-protobuf-lite-1.17.1.jar:/home/user/.m2/repository/io/grpc/grpc-stub/1.17.1/grpc-stub-1.17.1.jar:/home/user/.m2/repository/org/apache/hadoop/hadoop-ozone-recon/0.5.0-SNAPSHOT/hadoop-ozone-recon-0.5.0-SNAPSHOT.jar:/home/user/.m2/repository/org/apache/hadoop/hadoop-ozone-reconcodegen/0.5.0-SNAPSHOT/hadoop-ozone-reconcodegen-0.5.0-SNAPSHOT.jar:/home/user/.m2/repository/com/google/inject/extensions/guice-multibindings/4.0/guice-multibindings-4.0.jar:/home/user/.m2/repository/com/google/inject/guice/4.0/guice-4.0.jar:/home/user/.m2/repository/aopalliance/aopalliance/1.0/aopalliance-1.0.jar:/home/user/.m2/repository/com/google/inject/extensions/guice-servlet/4.0/guice-servlet-4.0.jar:/home/user/.m2/repository/org/glassfish/jersey/containers/jersey-container-servlet/2.27/jersey-container-servlet-2.27.jar:/home/user/.m2/repository/org/glassfish/hk2/guice-bridge/2.5.0/guice-bridge-2.5.0.jar:/home/user/.m2/repository/org/glassfish/jersey/core/jersey-server/2.27/jersey-server-2.27.jar:/home/user/.m2/repository/org/glassfish/jersey/core/jersey-client/2.27/jersey-client-2.27.jar:/home/user/.m2/repository/org/glassfish/jersey/media/jersey-media-jaxb/2.27/jersey-media-jaxb-2.27.jar:/home/user/.m2/repository/javax/validation/validation-api/1.1.0.Final/validation-api-1.1.0.Final.jar:/home/user/.m2/repository/org/glassfish/jersey/media/jersey-media-json-jackson/2.27/jersey-media-json-jackson-2.27.jar:/home/user/.m2/repository/org/glassfish/jersey/ext/jersey-entity-filtering/2.27/jersey-entity-filtering-2.27.jar:/home/user/.m2/repository/com/google/inject/extensions/guice-assistedinject/4.0/guice-assistedinject-4.0.jar:/home/user/.m2/repository/org/jooq/jooq/3.11.10/jooq-3.11.10.jar:/home/user/.m2/repository/org/jooq/jooq-meta/3.11.10/jooq-meta-3.11.10.jar:/home/user/.m2/repository/org/jooq/jooq-codegen/3.11.10/jooq-codegen-3.11.10.jar:/home/user/.m2/repository/com/jolbox/bonecp/0.8.0.RELEASE/bonecp-0.8.0.RELEASE.jar:/home/user/.m2/repository/org/xerial/sqlite-jdbc/3.25.2/sqlite-jdbc-3.25.2.jar:/home/user/.m2/repository/org/springframework/spring-jdbc/5.1.3.RELEASE/spring-jdbc-5.1.3.RELEASE.jar:/home/user/.m2/repository/org/springframework/spring-beans/5.1.3.RELEASE/spring-beans-5.1.3.RELEASE.jar:/home/user/.m2/repository/org/springframework/spring-core/5.1.3.RELEASE/spring-core-5.1.3.RELEASE.jar:/home/user/.m2/repository/org/springframework/spring-jcl/5.1.3.RELEASE/spring-jcl-5.1.3.RELEASE.jar:/home/user/.m2/repository/org/springframework/spring-tx/5.1.3.RELEASE/spring-tx-5.1.3.RELEASE.jar:/home/user/.m2/repository/org/apache/hadoop/hadoop-ozone-client/0.5.0-SNAPSHOT/hadoop-ozone-client-0.5.0-SNAPSHOT.jar:/home/user/.m2/repository/commons-lang/commons-lang/2.6/commons-lang-2.6.jar:/home/user/.m2/repository/org/apache/hadoop/hadoop-ozone-ozone-manager/0.5.0-SNAPSHOT/hadoop-ozone-ozone-manager-0.5.0-SNAPSHOT-tests.jar:/home/user/.m2/repository/junit/junit/4.11/junit-4.11.jar:/home/user/.m2/repository/org/hamcrest/hamcrest-core/1.3/hamcrest-core-1.3.jar:/home/user/.m2/repository/org/openjdk/jmh/jmh-core/1.19/jmh-core-1.19.jar:/home/user/.m2/repository/net/sf/jopt-simple/jopt-simple/4.6/jopt-simple-4.6.jar:/home/user/.m2/repository/org/apache/commons/commons-math3/3.1.1/commons-math3-3.1.1.jar:/home/user/.m2/repository/org/openjdk/jmh/jmh-generator-annprocess/1.19/jmh-generator-annprocess-1.19.jar:/home/user/.m2/repository/org/mockito/mockito-all/1.8.5/mockito-all-1.8.5.jar:/home/user/.m2/repository/org/apache/hadoop/hadoop-kms/3.2.0/hadoop-kms-3.2.0.jar:/home/user/.m2/repository/org/apache/hadoop/hadoop-auth/3.2.0/hadoop-auth-3.2.0.jar:/home/user/.m2/repository/com/nimbusds/nimbus-jose-jwt/4.41.1/nimbus-jose-jwt-4.41.1.jar:/home/user/.m2/repository/com/github/stephenc/jcip/jcip-annotations/1.0-1/jcip-annotations-1.0-1.jar:/home/user/.m2/repository/net/minidev/json-smart/2.3/json-smart-2.3.jar:/home/user/.m2/repository/net/minidev/accessors-smart/1.2/accessors-smart-1.2.jar:/home/user/.m2/repository/org/ow2/asm/asm/5.0.4/asm-5.0.4.jar:/home/user/.m2/repository/org/apache/curator/curator-framework/2.12.0/curator-framework-2.12.0.jar:/home/user/.m2/repository/com/sun/jersey/jersey-core/1.19/jersey-core-1.19.jar:/home/user/.m2/repository/javax/ws/rs/jsr311-api/1.1.1/jsr311-api-1.1.1.jar:/home/user/.m2/repository/com/sun/jersey/jersey-server/1.19/jersey-server-1.19.jar:/home/user/.m2/repository/javax/servlet/javax.servlet-api/3.1.0/javax.servlet-api-3.1.0.jar:/home/user/.m2/repository/org/eclipse/jetty/jetty-server/9.3.25.v20180904/jetty-server-9.3.25.v20180904.jar:/home/user/.m2/repository/org/eclipse/jetty/jetty-http/9.3.25.v20180904/jetty-http-9.3.25.v20180904.jar:/home/user/.m2/repository/org/eclipse/jetty/jetty-io/9.3.25.v20180904/jetty-io-9.3.25.v20180904.jar:/home/user/.m2/repository/org/eclipse/jetty/jetty-webapp/9.3.25.v20180904/jetty-webapp-9.3.25.v20180904.jar:/home/user/.m2/repository/org/eclipse/jetty/jetty-xml/9.3.25.v20180904/jetty-xml-9.3.25.v20180904.jar:/home/user/.m2/repository/log4j/log4j/1.2.17/log4j-1.2.17.jar:/home/user/.m2/repository/org/slf4j/slf4j-api/1.7.25/slf4j-api-1.7.25.jar:/home/user/.m2/repository/org/slf4j/jul-to-slf4j/1.7.25/jul-to-slf4j-1.7.25.jar:/home/user/.m2/repository/org/eclipse/jetty/jetty-util/9.3.25.v20180904/jetty-util-9.3.25.v20180904.jar:/home/user/.m2/repository/com/fasterxml/jackson/core/jackson-databind/2.9.9/jackson-databind-2.9.9.jar:/home/user/.m2/repository/org/apache/hadoop/hadoop-kms/3.2.0/hadoop-kms-3.2.0-tests.jar:/home/user/.m2/repository/org/apache/hadoop/hadoop-hdds-server-scm/0.5.0-SNAPSHOT/hadoop-hdds-server-scm-0.5.0-SNAPSHOT-tests.jar:/home/user/.m2/repository/org/apache/hadoop/hadoop-hdds-container-service/0.5.0-SNAPSHOT/hadoop-hdds-container-service-0.5.0-SNAPSHOT-tests.jar:/home/user/.m2/repository/org/yaml/snakeyaml/1.16/snakeyaml-1.16.jar:/home/user/.m2/repository/org/apache/hadoop/hadoop-common/3.2.0/hadoop-common-3.2.0-tests.jar:/home/user/.m2/repository/org/apache/hadoop/hadoop-annotations/3.2.0/hadoop-annotations-3.2.0.jar:/usr/lib/jvm/java-1.8-openjdk/jre/../lib/tools.jar:/home/user/.m2/repository/commons-cli/commons-cli/1.2/commons-cli-1.2.jar:/home/user/.m2/repository/org/apache/httpcomponents/httpclient/4.5.2/httpclient-4.5.2.jar:/home/user/.m2/repository/org/apache/httpcomponents/httpcore/4.4.4/httpcore-4.4.4.jar:/home/user/.m2/repository/commons-codec/commons-codec/1.11/commons-codec-1.11.jar:/home/user/.m2/repository/commons-net/commons-net/3.6/commons-net-3.6.jar:/home/user/.m2/repository/commons-collections/commons-collections/3.2.2/commons-collections-3.2.2.jar:/home/user/.m2/repository/org/eclipse/jetty/jetty-servlet/9.3.25.v20180904/jetty-servlet-9.3.25.v20180904.jar:/home/user/.m2/repository/org/eclipse/jetty/jetty-security/9.3.25.v20180904/jetty-security-9.3.25.v20180904.jar:/home/user/.m2/repository/javax/servlet/jsp/jsp-api/2.1/jsp-api-2.1.jar:/home/user/.m2/repository/com/sun/jersey/jersey-servlet/1.19/jersey-servlet-1.19.jar:/home/user/.m2/repository/com/sun/jersey/jersey-json/1.19/jersey-json-1.19.jar:/home/user/.m2/repository/org/codehaus/jettison/jettison/1.1/jettison-1.1.jar:/home/user/.m2/repository/org/codehaus/jackson/jackson-core-asl/1.9.13/jackson-core-asl-1.9.13.jar:/home/user/.m2/repository/org/codehaus/jackson/jackson-mapper-asl/1.9.13/jackson-mapper-asl-1.9.13.jar:/home/user/.m2/repository/org/codehaus/jackson/jackson-jaxrs/1.9.13/jackson-jaxrs-1.9.13.jar:/home/user/.m2/repository/org/codehaus/jackson/jackson-xc/1.9.13/jackson-xc-1.9.13.jar:/home/user/.m2/repository/commons-logging/commons-logging/1.1.3/commons-logging-1.1.3.jar:/home/user/.m2/repository/commons-beanutils/commons-beanutils/1.9.4/commons-beanutils-1.9.4.jar:/home/user/.m2/repository/org/apache/commons/commons-configuration2/2.1.1/commons-configuration2-2.1.1.jar:/home/user/.m2/repository/org/apache/commons/commons-lang3/3.7/commons-lang3-3.7.jar:/home/user/.m2/repository/org/apache/commons/commons-text/1.4/commons-text-1.4.jar:/home/user/.m2/repository/org/apache/avro/avro/1.7.7/avro-1.7.7.jar:/home/user/.m2/repository/com/thoughtworks/paranamer/paranamer/2.3/paranamer-2.3.jar:/home/user/.m2/repository/org/xerial/snappy/snappy-java/1.0.5/snappy-java-1.0.5.jar:/home/user/.m2/repository/com/google/re2j/re2j/1.1/re2j-1.1.jar:/home/user/.m2/repository/com/google/code/gson/gson/2.2.4/gson-2.2.4.jar:/home/user/.m2/repository/com/jcraft/jsch/0.1.54/jsch-0.1.54.jar:/home/user/.m2/repository/org/apache/curator/curator-client/2.12.0/curator-client-2.12.0.jar:/home/user/.m2/repository/org/apache/curator/curator-recipes/2.12.0/curator-recipes-2.12.0.jar:/home/user/.m2/repository/com/google/code/findbugs/jsr305/3.0.0/jsr305-3.0.0.jar:/home/user/.m2/repository/org/apache/htrace/htrace-core4/4.1.0-incubating/htrace-core4-4.1.0-incubating.jar:/home/user/.m2/repository/org/apache/zookeeper/zookeeper/3.4.13/zookeeper-3.4.13.jar:/home/user/.m2/repository/jline/jline/0.9.94/jline-0.9.94.jar:/home/user/.m2/repository/org/apache/yetus/audience-annotations/0.5.0/audience-annotations-0.5.0.jar:/home/user/.m2/repository/org/codehaus/woodstox/stax2-api/3.1.4/stax2-api-3.1.4.jar:/home/user/.m2/repository/com/fasterxml/woodstox/woodstox-core/5.0.3/woodstox-core-5.0.3.jar:/home/user/.m2/repository/dnsjava/dnsjava/2.1.7/dnsjava-2.1.7.jar:/home/user/.m2/repository/org/apache/hadoop/hadoop-hdfs/3.2.0/hadoop-hdfs-3.2.0-tests.jar:/home/user/.m2/repository/org/eclipse/jetty/jetty-util-ajax/9.3.25.v20180904/jetty-util-ajax-9.3.25.v20180904.jar:/home/user/.m2/repository/commons-daemon/commons-daemon/1.0.13/commons-daemon-1.0.13.jar:/home/user/.m2/repository/io/netty/netty/3.10.5.Final/netty-3.10.5.Final.jar:/home/user/.m2/repository/io/netty/netty-all/4.0.52.Final/netty-all-4.0.52.Final.jar:/home/user/.m2/repository/org/fusesource/leveldbjni/leveldbjni-all/1.8/leveldbjni-all-1.8.jar:"/>
    <property name="java.vm.vendor" value="IcedTea"/>
    <property name="sun.arch.data.model" value="64"/>
    <property name="test.build.dir" value="/workdir/hadoop-ozone/integration-test/target/test-dir"/>
    <property name="test.cache.data" value=""/>
    <property name="java.vendor.url" value="https://icedtea.classpath.org"/>
    <property name="user.timezone" value=""/>
    <property name="java.vm.specification.version" value="1.8"/>
    <property name="os.name" value="Linux"/>
    <property name="test.build.data" value="/workdir/hadoop-ozone/integration-test/target/test-dir"/>
    <property name="user.country" value="US"/>
    <property name="sun.java.launcher" value="SUN_STANDARD"/>
    <property name="sun.boot.library.path" value="/usr/lib/jvm/java-1.8-openjdk/jre/lib/amd64"/>
    <property name="sun.java.command" value="/workdir/hadoop-ozone/integration-test/target/surefire/surefirebooter6880002858541421956.jar /workdir/hadoop-ozone/integration-test/target/surefire 2019-10-02T22-51-24_530-jvmRun1 surefire5572394483681138030tmp surefire_75769246064888815843tmp"/>
    <property name="test" value="!TestMiniChaosOzoneCluster"/>
    <property name="surefire.test.class.path" value="/workdir/hadoop-ozone/integration-test/target/test-classes:/workdir/hadoop-ozone/integration-test/target/classes:/home/user/.m2/repository/org/apache/hadoop/hadoop-ozone-common/0.5.0-SNAPSHOT/hadoop-ozone-common-0.5.0-SNAPSHOT.jar:/home/user/.m2/repository/org/apache/commons/commons-compress/1.4.1/commons-compress-1.4.1.jar:/home/user/.m2/repository/org/tukaani/xz/1.0/xz-1.0.jar:/home/user/.m2/repository/org/apache/hadoop/hadoop-common/3.2.0/hadoop-common-3.2.0.jar:/home/user/.m2/repository/org/apache/hadoop/hadoop-hdfs/3.2.0/hadoop-hdfs-3.2.0.jar:/home/user/.m2/repository/org/apache/hadoop/hadoop-hdfs-client/3.2.0/hadoop-hdfs-client-3.2.0.jar:/home/user/.m2/repository/com/fasterxml/jackson/core/jackson-annotations/2.9.9/jackson-annotations-2.9.9.jar:/home/user/.m2/repository/org/apache/hadoop/hadoop-hdds-common/0.5.0-SNAPSHOT/hadoop-hdds-common-0.5.0-SNAPSHOT.jar:/home/user/.m2/repository/javax/annotation/javax.annotation-api/1.2/javax.annotation-api-1.2.jar:/home/user/.m2/repository/org/apache/ratis/ratis-server/0.5.0-201fc85-SNAPSHOT/ratis-server-0.5.0-201fc85-SNAPSHOT.jar:/home/user/.m2/repository/org/apache/ratis/ratis-thirdparty-misc/0.2.0/ratis-thirdparty-misc-0.2.0.jar:/home/user/.m2/repository/org/apache/ratis/ratis-proto/0.5.0-201fc85-SNAPSHOT/ratis-proto-0.5.0-201fc85-SNAPSHOT.jar:/home/user/.m2/repository/org/apache/ratis/ratis-common/0.5.0-201fc85-SNAPSHOT/ratis-common-0.5.0-201fc85-SNAPSHOT.jar:/home/user/.m2/repository/org/apache/ratis/ratis-client/0.5.0-201fc85-SNAPSHOT/ratis-client-0.5.0-201fc85-SNAPSHOT.jar:/home/user/.m2/repository/org/apache/ratis/ratis-metrics/0.5.0-201fc85-SNAPSHOT/ratis-metrics-0.5.0-201fc85-SNAPSHOT.jar:/home/user/.m2/repository/com/github/joshelser/dropwizard-metrics-hadoop-metrics2-reporter/0.1.2/dropwizard-metrics-hadoop-metrics2-reporter-0.1.2.jar:/home/user/.m2/repository/io/dropwizard/metrics/metrics-jvm/3.2.5/metrics-jvm-3.2.5.jar:/home/user/.m2/repository/io/dropwizard/metrics/metrics-ganglia/3.2.5/metrics-ganglia-3.2.5.jar:/home/user/.m2/repository/info/ganglia/gmetric4j/gmetric4j/1.0.7/gmetric4j-1.0.7.jar:/home/user/.m2/repository/org/apache/ratis/ratis-netty/0.5.0-201fc85-SNAPSHOT/ratis-netty-0.5.0-201fc85-SNAPSHOT.jar:/home/user/.m2/repository/org/apache/ratis/ratis-grpc/0.5.0-201fc85-SNAPSHOT/ratis-grpc-0.5.0-201fc85-SNAPSHOT.jar:/home/user/.m2/repository/org/rocksdb/rocksdbjni/6.0.1/rocksdbjni-6.0.1.jar:/home/user/.m2/repository/org/apache/logging/log4j/log4j-api/2.11.0/log4j-api-2.11.0.jar:/home/user/.m2/repository/org/apache/logging/log4j/log4j-core/2.11.0/log4j-core-2.11.0.jar:/home/user/.m2/repository/com/lmax/disruptor/3.4.2/disruptor-3.4.2.jar:/home/user/.m2/repository/org/apache/commons/commons-pool2/2.6.0/commons-pool2-2.6.0.jar:/home/user/.m2/repository/org/bouncycastle/bcpkix-jdk15on/1.60/bcpkix-jdk15on-1.60.jar:/home/user/.m2/repository/commons-validator/commons-validator/1.6/commons-validator-1.6.jar:/home/user/.m2/repository/commons-digester/commons-digester/1.8.1/commons-digester-1.8.1.jar:/home/user/.m2/repository/io/jaegertracing/jaeger-client/0.34.0/jaeger-client-0.34.0.jar:/home/user/.m2/repository/io/jaegertracing/jaeger-thrift/0.34.0/jaeger-thrift-0.34.0.jar:/home/user/.m2/repository/org/apache/thrift/libthrift/0.12.0/libthrift-0.12.0.jar:/home/user/.m2/repository/com/squareup/okhttp3/okhttp/3.9.0/okhttp-3.9.0.jar:/home/user/.m2/repository/com/squareup/okio/okio/1.13.0/okio-1.13.0.jar:/home/user/.m2/repository/io/jaegertracing/jaeger-core/0.34.0/jaeger-core-0.34.0.jar:/home/user/.m2/repository/io/jaegertracing/jaeger-tracerresolver/0.34.0/jaeger-tracerresolver-0.34.0.jar:/home/user/.m2/repository/io/opentracing/contrib/opentracing-tracerresolver/0.1.5/opentracing-tracerresolver-0.1.5.jar:/home/user/.m2/repository/io/opentracing/opentracing-util/0.31.0/opentracing-util-0.31.0.jar:/home/user/.m2/repository/io/opentracing/opentracing-api/0.31.0/opentracing-api-0.31.0.jar:/home/user/.m2/repository/io/opentracing/opentracing-noop/0.31.0/opentracing-noop-0.31.0.jar:/home/user/.m2/repository/org/apache/hadoop/hadoop-hdds-server-framework/0.5.0-SNAPSHOT/hadoop-hdds-server-framework-0.5.0-SNAPSHOT.jar:/home/user/.m2/repository/org/apache/hadoop/hadoop-hdds-container-service/0.5.0-SNAPSHOT/hadoop-hdds-container-service-0.5.0-SNAPSHOT.jar:/home/user/.m2/repository/org/apache/hadoop/hadoop-hdds-client/0.5.0-SNAPSHOT/hadoop-hdds-client-0.5.0-SNAPSHOT.jar:/home/user/.m2/repository/org/apache/hadoop/hadoop-hdds-tools/0.5.0-SNAPSHOT/hadoop-hdds-tools-0.5.0-SNAPSHOT.jar:/home/user/.m2/repository/org/apache/hadoop/hadoop-hdds-server-scm/0.5.0-SNAPSHOT/hadoop-hdds-server-scm-0.5.0-SNAPSHOT.jar:/home/user/.m2/repository/org/apache/hadoop/hadoop-hdds-docs/0.5.0-SNAPSHOT/hadoop-hdds-docs-0.5.0-SNAPSHOT.jar:/home/user/.m2/repository/io/dropwizard/metrics/metrics-core/3.2.4/metrics-core-3.2.4.jar:/home/user/.m2/repository/org/hamcrest/hamcrest-all/1.3/hamcrest-all-1.3.jar:/home/user/.m2/repository/org/bouncycastle/bcprov-jdk15on/1.60/bcprov-jdk15on-1.60.jar:/home/user/.m2/repository/info/picocli/picocli/3.9.6/picocli-3.9.6.jar:/home/user/.m2/repository/com/google/protobuf/protobuf-java/2.5.0/protobuf-java-2.5.0.jar:/home/user/.m2/repository/com/google/guava/guava/11.0.2/guava-11.0.2.jar:/home/user/.m2/repository/org/apache/hadoop/hadoop-ozone-ozone-manager/0.5.0-SNAPSHOT/hadoop-ozone-ozone-manager-0.5.0-SNAPSHOT.jar:/home/user/.m2/repository/org/apache/hadoop/hadoop-minikdc/3.2.0/hadoop-minikdc-3.2.0.jar:/home/user/.m2/repository/commons-io/commons-io/2.5/commons-io-2.5.jar:/home/user/.m2/repository/org/apache/kerby/kerb-simplekdc/1.0.1/kerb-simplekdc-1.0.1.jar:/home/user/.m2/repository/org/apache/kerby/kerb-client/1.0.1/kerb-client-1.0.1.jar:/home/user/.m2/repository/org/apache/kerby/kerby-config/1.0.1/kerby-config-1.0.1.jar:/home/user/.m2/repository/org/apache/kerby/kerb-core/1.0.1/kerb-core-1.0.1.jar:/home/user/.m2/repository/org/apache/kerby/kerby-pkix/1.0.1/kerby-pkix-1.0.1.jar:/home/user/.m2/repository/org/apache/kerby/kerby-asn1/1.0.1/kerby-asn1-1.0.1.jar:/home/user/.m2/repository/org/apache/kerby/kerby-util/1.0.1/kerby-util-1.0.1.jar:/home/user/.m2/repository/org/apache/kerby/kerb-common/1.0.1/kerb-common-1.0.1.jar:/home/user/.m2/repository/org/apache/kerby/kerb-crypto/1.0.1/kerb-crypto-1.0.1.jar:/home/user/.m2/repository/org/apache/kerby/kerb-util/1.0.1/kerb-util-1.0.1.jar:/home/user/.m2/repository/org/apache/kerby/token-provider/1.0.1/token-provider-1.0.1.jar:/home/user/.m2/repository/org/apache/kerby/kerb-admin/1.0.1/kerb-admin-1.0.1.jar:/home/user/.m2/repository/org/apache/kerby/kerb-server/1.0.1/kerb-server-1.0.1.jar:/home/user/.m2/repository/org/apache/kerby/kerb-identity/1.0.1/kerb-identity-1.0.1.jar:/home/user/.m2/repository/org/apache/kerby/kerby-xdr/1.0.1/kerby-xdr-1.0.1.jar:/home/user/.m2/repository/org/slf4j/slf4j-log4j12/1.7.25/slf4j-log4j12-1.7.25.jar:/home/user/.m2/repository/org/apache/hadoop/hadoop-ozone-s3gateway/0.5.0-SNAPSHOT/hadoop-ozone-s3gateway-0.5.0-SNAPSHOT.jar:/home/user/.m2/repository/org/jboss/weld/servlet/weld-servlet/2.4.7.Final/weld-servlet-2.4.7.Final.jar:/home/user/.m2/repository/org/glassfish/jersey/containers/jersey-container-servlet-core/2.27/jersey-container-servlet-core-2.27.jar:/home/user/.m2/repository/org/glassfish/hk2/external/javax.inject/2.5.0-b42/javax.inject-2.5.0-b42.jar:/home/user/.m2/repository/org/glassfish/jersey/core/jersey-common/2.27/jersey-common-2.27.jar:/home/user/.m2/repository/org/glassfish/hk2/osgi-resource-locator/1.0.1/osgi-resource-locator-1.0.1.jar:/home/user/.m2/repository/javax/ws/rs/javax.ws.rs-api/2.1/javax.ws.rs-api-2.1.jar:/home/user/.m2/repository/org/glassfish/jersey/ext/cdi/jersey-cdi1x/2.27/jersey-cdi1x-2.27.jar:/home/user/.m2/repository/org/glassfish/jersey/inject/jersey-hk2/2.27/jersey-hk2-2.27.jar:/home/user/.m2/repository/org/glassfish/hk2/hk2-locator/2.5.0-b42/hk2-locator-2.5.0-b42.jar:/home/user/.m2/repository/org/javassist/javassist/3.22.0-CR2/javassist-3.22.0-CR2.jar:/home/user/.m2/repository/org/glassfish/hk2/hk2-api/2.5.0/hk2-api-2.5.0.jar:/home/user/.m2/repository/org/glassfish/hk2/external/jakarta.inject/2.5.0/jakarta.inject-2.5.0.jar:/home/user/.m2/repository/org/glassfish/hk2/hk2-utils/2.5.0/hk2-utils-2.5.0.jar:/home/user/.m2/repository/jakarta/annotation/jakarta.annotation-api/1.3.4/jakarta.annotation-api-1.3.4.jar:/home/user/.m2/repository/org/glassfish/hk2/external/aopalliance-repackaged/2.5.0/aopalliance-repackaged-2.5.0.jar:/home/user/.m2/repository/com/fasterxml/jackson/dataformat/jackson-dataformat-xml/2.9.0/jackson-dataformat-xml-2.9.0.jar:/home/user/.m2/repository/com/fasterxml/jackson/core/jackson-core/2.9.9/jackson-core-2.9.9.jar:/home/user/.m2/repository/com/fasterxml/jackson/module/jackson-module-jaxb-annotations/2.9.9/jackson-module-jaxb-annotations-2.9.9.jar:/home/user/.m2/repository/javax/enterprise/cdi-api/1.2/cdi-api-1.2.jar:/home/user/.m2/repository/javax/el/javax.el-api/3.0.0/javax.el-api-3.0.0.jar:/home/user/.m2/repository/javax/interceptor/javax.interceptor-api/1.2/javax.interceptor-api-1.2.jar:/home/user/.m2/repository/javax/inject/javax.inject/1/javax.inject-1.jar:/home/user/.m2/repository/com/sun/xml/bind/jaxb-impl/2.3.0.1/jaxb-impl-2.3.0.1.jar:/home/user/.m2/repository/com/sun/xml/bind/jaxb-core/2.3.0.1/jaxb-core-2.3.0.1.jar:/home/user/.m2/repository/javax/xml/bind/jaxb-api/2.3.0/jaxb-api-2.3.0.jar:/home/user/.m2/repository/javax/activation/activation/1.1.1/activation-1.1.1.jar:/home/user/.m2/repository/org/apache/hadoop/hadoop-ozone-csi/0.5.0-SNAPSHOT/hadoop-ozone-csi-0.5.0-SNAPSHOT.jar:/home/user/.m2/repository/com/google/protobuf/protobuf-java-util/3.5.1/protobuf-java-util-3.5.1.jar:/home/user/.m2/repository/org/apache/hadoop/hadoop-hdds-config/0.5.0-SNAPSHOT/hadoop-hdds-config-0.5.0-SNAPSHOT.jar:/home/user/.m2/repository/io/grpc/grpc-netty/1.17.1/grpc-netty-1.17.1.jar:/home/user/.m2/repository/io/grpc/grpc-core/1.17.1/grpc-core-1.17.1.jar:/home/user/.m2/repository/io/grpc/grpc-context/1.17.1/grpc-context-1.17.1.jar:/home/user/.m2/repository/com/google/errorprone/error_prone_annotations/2.2.0/error_prone_annotations-2.2.0.jar:/home/user/.m2/repository/org/codehaus/mojo/animal-sniffer-annotations/1.17/animal-sniffer-annotations-1.17.jar:/home/user/.m2/repository/io/opencensus/opencensus-api/0.17.0/opencensus-api-0.17.0.jar:/home/user/.m2/repository/io/opencensus/opencensus-contrib-grpc-metrics/0.17.0/opencensus-contrib-grpc-metrics-0.17.0.jar:/home/user/.m2/repository/io/netty/netty-codec-http2/4.1.30.Final/netty-codec-http2-4.1.30.Final.jar:/home/user/.m2/repository/io/netty/netty-codec-http/4.1.30.Final/netty-codec-http-4.1.30.Final.jar:/home/user/.m2/repository/io/netty/netty-codec/4.1.30.Final/netty-codec-4.1.30.Final.jar:/home/user/.m2/repository/io/netty/netty-handler/4.1.30.Final/netty-handler-4.1.30.Final.jar:/home/user/.m2/repository/io/netty/netty-handler-proxy/4.1.30.Final/netty-handler-proxy-4.1.30.Final.jar:/home/user/.m2/repository/io/netty/netty-codec-socks/4.1.30.Final/netty-codec-socks-4.1.30.Final.jar:/home/user/.m2/repository/io/netty/netty-transport-native-epoll/4.1.30.Final/netty-transport-native-epoll-4.1.30.Final.jar:/home/user/.m2/repository/io/netty/netty-common/4.1.30.Final/netty-common-4.1.30.Final.jar:/home/user/.m2/repository/io/netty/netty-buffer/4.1.30.Final/netty-buffer-4.1.30.Final.jar:/home/user/.m2/repository/io/netty/netty-transport/4.1.30.Final/netty-transport-4.1.30.Final.jar:/home/user/.m2/repository/io/netty/netty-resolver/4.1.30.Final/netty-resolver-4.1.30.Final.jar:/home/user/.m2/repository/io/netty/netty-transport-native-unix-common/4.1.30.Final/netty-transport-native-unix-common-4.1.30.Final.jar:/home/user/.m2/repository/io/grpc/grpc-protobuf/1.17.1/grpc-protobuf-1.17.1.jar:/home/user/.m2/repository/com/google/api/grpc/proto-google-common-protos/1.0.0/proto-google-common-protos-1.0.0.jar:/home/user/.m2/repository/io/grpc/grpc-protobuf-lite/1.17.1/grpc-protobuf-lite-1.17.1.jar:/home/user/.m2/repository/io/grpc/grpc-stub/1.17.1/grpc-stub-1.17.1.jar:/home/user/.m2/repository/org/apache/hadoop/hadoop-ozone-recon/0.5.0-SNAPSHOT/hadoop-ozone-recon-0.5.0-SNAPSHOT.jar:/home/user/.m2/repository/org/apache/hadoop/hadoop-ozone-reconcodegen/0.5.0-SNAPSHOT/hadoop-ozone-reconcodegen-0.5.0-SNAPSHOT.jar:/home/user/.m2/repository/com/google/inject/extensions/guice-multibindings/4.0/guice-multibindings-4.0.jar:/home/user/.m2/repository/com/google/inject/guice/4.0/guice-4.0.jar:/home/user/.m2/repository/aopalliance/aopalliance/1.0/aopalliance-1.0.jar:/home/user/.m2/repository/com/google/inject/extensions/guice-servlet/4.0/guice-servlet-4.0.jar:/home/user/.m2/repository/org/glassfish/jersey/containers/jersey-container-servlet/2.27/jersey-container-servlet-2.27.jar:/home/user/.m2/repository/org/glassfish/hk2/guice-bridge/2.5.0/guice-bridge-2.5.0.jar:/home/user/.m2/repository/org/glassfish/jersey/core/jersey-server/2.27/jersey-server-2.27.jar:/home/user/.m2/repository/org/glassfish/jersey/core/jersey-client/2.27/jersey-client-2.27.jar:/home/user/.m2/repository/org/glassfish/jersey/media/jersey-media-jaxb/2.27/jersey-media-jaxb-2.27.jar:/home/user/.m2/repository/javax/validation/validation-api/1.1.0.Final/validation-api-1.1.0.Final.jar:/home/user/.m2/repository/org/glassfish/jersey/media/jersey-media-json-jackson/2.27/jersey-media-json-jackson-2.27.jar:/home/user/.m2/repository/org/glassfish/jersey/ext/jersey-entity-filtering/2.27/jersey-entity-filtering-2.27.jar:/home/user/.m2/repository/com/google/inject/extensions/guice-assistedinject/4.0/guice-assistedinject-4.0.jar:/home/user/.m2/repository/org/jooq/jooq/3.11.10/jooq-3.11.10.jar:/home/user/.m2/repository/org/jooq/jooq-meta/3.11.10/jooq-meta-3.11.10.jar:/home/user/.m2/repository/org/jooq/jooq-codegen/3.11.10/jooq-codegen-3.11.10.jar:/home/user/.m2/repository/com/jolbox/bonecp/0.8.0.RELEASE/bonecp-0.8.0.RELEASE.jar:/home/user/.m2/repository/org/xerial/sqlite-jdbc/3.25.2/sqlite-jdbc-3.25.2.jar:/home/user/.m2/repository/org/springframework/spring-jdbc/5.1.3.RELEASE/spring-jdbc-5.1.3.RELEASE.jar:/home/user/.m2/repository/org/springframework/spring-beans/5.1.3.RELEASE/spring-beans-5.1.3.RELEASE.jar:/home/user/.m2/repository/org/springframework/spring-core/5.1.3.RELEASE/spring-core-5.1.3.RELEASE.jar:/home/user/.m2/repository/org/springframework/spring-jcl/5.1.3.RELEASE/spring-jcl-5.1.3.RELEASE.jar:/home/user/.m2/repository/org/springframework/spring-tx/5.1.3.RELEASE/spring-tx-5.1.3.RELEASE.jar:/home/user/.m2/repository/org/apache/hadoop/hadoop-ozone-client/0.5.0-SNAPSHOT/hadoop-ozone-client-0.5.0-SNAPSHOT.jar:/home/user/.m2/repository/commons-lang/commons-lang/2.6/commons-lang-2.6.jar:/home/user/.m2/repository/org/apache/hadoop/hadoop-ozone-ozone-manager/0.5.0-SNAPSHOT/hadoop-ozone-ozone-manager-0.5.0-SNAPSHOT-tests.jar:/home/user/.m2/repository/junit/junit/4.11/junit-4.11.jar:/home/user/.m2/repository/org/hamcrest/hamcrest-core/1.3/hamcrest-core-1.3.jar:/home/user/.m2/repository/org/openjdk/jmh/jmh-core/1.19/jmh-core-1.19.jar:/home/user/.m2/repository/net/sf/jopt-simple/jopt-simple/4.6/jopt-simple-4.6.jar:/home/user/.m2/repository/org/apache/commons/commons-math3/3.1.1/commons-math3-3.1.1.jar:/home/user/.m2/repository/org/openjdk/jmh/jmh-generator-annprocess/1.19/jmh-generator-annprocess-1.19.jar:/home/user/.m2/repository/org/mockito/mockito-all/1.8.5/mockito-all-1.8.5.jar:/home/user/.m2/repository/org/apache/hadoop/hadoop-kms/3.2.0/hadoop-kms-3.2.0.jar:/home/user/.m2/repository/org/apache/hadoop/hadoop-auth/3.2.0/hadoop-auth-3.2.0.jar:/home/user/.m2/repository/com/nimbusds/nimbus-jose-jwt/4.41.1/nimbus-jose-jwt-4.41.1.jar:/home/user/.m2/repository/com/github/stephenc/jcip/jcip-annotations/1.0-1/jcip-annotations-1.0-1.jar:/home/user/.m2/repository/net/minidev/json-smart/2.3/json-smart-2.3.jar:/home/user/.m2/repository/net/minidev/accessors-smart/1.2/accessors-smart-1.2.jar:/home/user/.m2/repository/org/ow2/asm/asm/5.0.4/asm-5.0.4.jar:/home/user/.m2/repository/org/apache/curator/curator-framework/2.12.0/curator-framework-2.12.0.jar:/home/user/.m2/repository/com/sun/jersey/jersey-core/1.19/jersey-core-1.19.jar:/home/user/.m2/repository/javax/ws/rs/jsr311-api/1.1.1/jsr311-api-1.1.1.jar:/home/user/.m2/repository/com/sun/jersey/jersey-server/1.19/jersey-server-1.19.jar:/home/user/.m2/repository/javax/servlet/javax.servlet-api/3.1.0/javax.servlet-api-3.1.0.jar:/home/user/.m2/repository/org/eclipse/jetty/jetty-server/9.3.25.v20180904/jetty-server-9.3.25.v20180904.jar:/home/user/.m2/repository/org/eclipse/jetty/jetty-http/9.3.25.v20180904/jetty-http-9.3.25.v20180904.jar:/home/user/.m2/repository/org/eclipse/jetty/jetty-io/9.3.25.v20180904/jetty-io-9.3.25.v20180904.jar:/home/user/.m2/repository/org/eclipse/jetty/jetty-webapp/9.3.25.v20180904/jetty-webapp-9.3.25.v20180904.jar:/home/user/.m2/repository/org/eclipse/jetty/jetty-xml/9.3.25.v20180904/jetty-xml-9.3.25.v20180904.jar:/home/user/.m2/repository/log4j/log4j/1.2.17/log4j-1.2.17.jar:/home/user/.m2/repository/org/slf4j/slf4j-api/1.7.25/slf4j-api-1.7.25.jar:/home/user/.m2/repository/org/slf4j/jul-to-slf4j/1.7.25/jul-to-slf4j-1.7.25.jar:/home/user/.m2/repository/org/eclipse/jetty/jetty-util/9.3.25.v20180904/jetty-util-9.3.25.v20180904.jar:/home/user/.m2/repository/com/fasterxml/jackson/core/jackson-databind/2.9.9/jackson-databind-2.9.9.jar:/home/user/.m2/repository/org/apache/hadoop/hadoop-kms/3.2.0/hadoop-kms-3.2.0-tests.jar:/home/user/.m2/repository/org/apache/hadoop/hadoop-hdds-server-scm/0.5.0-SNAPSHOT/hadoop-hdds-server-scm-0.5.0-SNAPSHOT-tests.jar:/home/user/.m2/repository/org/apache/hadoop/hadoop-hdds-container-service/0.5.0-SNAPSHOT/hadoop-hdds-container-service-0.5.0-SNAPSHOT-tests.jar:/home/user/.m2/repository/org/yaml/snakeyaml/1.16/snakeyaml-1.16.jar:/home/user/.m2/repository/org/apache/hadoop/hadoop-common/3.2.0/hadoop-common-3.2.0-tests.jar:/home/user/.m2/repository/org/apache/hadoop/hadoop-annotations/3.2.0/hadoop-annotations-3.2.0.jar:/usr/lib/jvm/java-1.8-openjdk/jre/../lib/tools.jar:/home/user/.m2/repository/commons-cli/commons-cli/1.2/commons-cli-1.2.jar:/home/user/.m2/repository/org/apache/httpcomponents/httpclient/4.5.2/httpclient-4.5.2.jar:/home/user/.m2/repository/org/apache/httpcomponents/httpcore/4.4.4/httpcore-4.4.4.jar:/home/user/.m2/repository/commons-codec/commons-codec/1.11/commons-codec-1.11.jar:/home/user/.m2/repository/commons-net/commons-net/3.6/commons-net-3.6.jar:/home/user/.m2/repository/commons-collections/commons-collections/3.2.2/commons-collections-3.2.2.jar:/home/user/.m2/repository/org/eclipse/jetty/jetty-servlet/9.3.25.v20180904/jetty-servlet-9.3.25.v20180904.jar:/home/user/.m2/repository/org/eclipse/jetty/jetty-security/9.3.25.v20180904/jetty-security-9.3.25.v20180904.jar:/home/user/.m2/repository/javax/servlet/jsp/jsp-api/2.1/jsp-api-2.1.jar:/home/user/.m2/repository/com/sun/jersey/jersey-servlet/1.19/jersey-servlet-1.19.jar:/home/user/.m2/repository/com/sun/jersey/jersey-json/1.19/jersey-json-1.19.jar:/home/user/.m2/repository/org/codehaus/jettison/jettison/1.1/jettison-1.1.jar:/home/user/.m2/repository/org/codehaus/jackson/jackson-core-asl/1.9.13/jackson-core-asl-1.9.13.jar:/home/user/.m2/repository/org/codehaus/jackson/jackson-mapper-asl/1.9.13/jackson-mapper-asl-1.9.13.jar:/home/user/.m2/repository/org/codehaus/jackson/jackson-jaxrs/1.9.13/jackson-jaxrs-1.9.13.jar:/home/user/.m2/repository/org/codehaus/jackson/jackson-xc/1.9.13/jackson-xc-1.9.13.jar:/home/user/.m2/repository/commons-logging/commons-logging/1.1.3/commons-logging-1.1.3.jar:/home/user/.m2/repository/commons-beanutils/commons-beanutils/1.9.4/commons-beanutils-1.9.4.jar:/home/user/.m2/repository/org/apache/commons/commons-configuration2/2.1.1/commons-configuration2-2.1.1.jar:/home/user/.m2/repository/org/apache/commons/commons-lang3/3.7/commons-lang3-3.7.jar:/home/user/.m2/repository/org/apache/commons/commons-text/1.4/commons-text-1.4.jar:/home/user/.m2/repository/org/apache/avro/avro/1.7.7/avro-1.7.7.jar:/home/user/.m2/repository/com/thoughtworks/paranamer/paranamer/2.3/paranamer-2.3.jar:/home/user/.m2/repository/org/xerial/snappy/snappy-java/1.0.5/snappy-java-1.0.5.jar:/home/user/.m2/repository/com/google/re2j/re2j/1.1/re2j-1.1.jar:/home/user/.m2/repository/com/google/code/gson/gson/2.2.4/gson-2.2.4.jar:/home/user/.m2/repository/com/jcraft/jsch/0.1.54/jsch-0.1.54.jar:/home/user/.m2/repository/org/apache/curator/curator-client/2.12.0/curator-client-2.12.0.jar:/home/user/.m2/repository/org/apache/curator/curator-recipes/2.12.0/curator-recipes-2.12.0.jar:/home/user/.m2/repository/com/google/code/findbugs/jsr305/3.0.0/jsr305-3.0.0.jar:/home/user/.m2/repository/org/apache/htrace/htrace-core4/4.1.0-incubating/htrace-core4-4.1.0-incubating.jar:/home/user/.m2/repository/org/apache/zookeeper/zookeeper/3.4.13/zookeeper-3.4.13.jar:/home/user/.m2/repository/jline/jline/0.9.94/jline-0.9.94.jar:/home/user/.m2/repository/org/apache/yetus/audience-annotations/0.5.0/audience-annotations-0.5.0.jar:/home/user/.m2/repository/org/codehaus/woodstox/stax2-api/3.1.4/stax2-api-3.1.4.jar:/home/user/.m2/repository/com/fasterxml/woodstox/woodstox-core/5.0.3/woodstox-core-5.0.3.jar:/home/user/.m2/repository/dnsjava/dnsjava/2.1.7/dnsjava-2.1.7.jar:/home/user/.m2/repository/org/apache/hadoop/hadoop-hdfs/3.2.0/hadoop-hdfs-3.2.0-tests.jar:/home/user/.m2/repository/org/eclipse/jetty/jetty-util-ajax/9.3.25.v20180904/jetty-util-ajax-9.3.25.v20180904.jar:/home/user/.m2/repository/commons-daemon/commons-daemon/1.0.13/commons-daemon-1.0.13.jar:/home/user/.m2/repository/io/netty/netty/3.10.5.Final/netty-3.10.5.Final.jar:/home/user/.m2/repository/io/netty/netty-all/4.0.52.Final/netty-all-4.0.52.Final.jar:/home/user/.m2/repository/org/fusesource/leveldbjni/leveldbjni-all/1.8/leveldbjni-all-1.8.jar:"/>
    <property name="sun.cpu.endian" value="little"/>
    <property name="user.home" value="/home/user"/>
    <property name="user.language" value="en"/>
    <property name="java.specification.vendor" value="Oracle Corporation"/>
    <property name="java.home" value="/usr/lib/jvm/java-1.8-openjdk/jre"/>
    <property name="java.security.krb5.conf" value="/workdir/hadoop-ozone/integration-test/target/test-classes/krb5.conf"/>
    <property name="basedir" value="/workdir/hadoop-ozone/integration-test"/>
    <property name="file.separator" value="/"/>
    <property name="line.separator" value="&#10;"/>
    <property name="java.vm.specification.vendor" value="Oracle Corporation"/>
    <property name="java.specification.name" value="Java Platform API Specification"/>
    <property name="java.awt.graphicsenv" value="sun.awt.X11GraphicsEnvironment"/>
    <property name="surefire.real.class.path" value="/workdir/hadoop-ozone/integration-test/target/surefire/surefirebooter6880002858541421956.jar"/>
    <property name="hadoop.log.dir" value="/workdir/hadoop-ozone/integration-test/target/log"/>
    <property name="sun.boot.class.path" value="/usr/lib/jvm/java-1.8-openjdk/jre/lib/resources.jar:/usr/lib/jvm/java-1.8-openjdk/jre/lib/rt.jar:/usr/lib/jvm/java-1.8-openjdk/jre/lib/sunrsasign.jar:/usr/lib/jvm/java-1.8-openjdk/jre/lib/jsse.jar:/usr/lib/jvm/java-1.8-openjdk/jre/lib/jce.jar:/usr/lib/jvm/java-1.8-openjdk/jre/lib/charsets.jar:/usr/lib/jvm/java-1.8-openjdk/jre/lib/jfr.jar:/usr/lib/jvm/java-1.8-openjdk/jre/classes"/>
    <property name="sun.management.compiler" value="HotSpot 64-Bit Tiered Compilers"/>
    <property name="java.runtime.version" value="1.8.0_212-b04"/>
    <property name="java.net.preferIPv4Stack" value="true"/>
    <property name="user.name" value="jenkins1000"/>
    <property name="path.separator" value=":"/>
    <property name="java.security.egd" value="file:///dev/urandom"/>
    <property name="os.version" value="3.10.0-957.12.2.el7.x86_64"/>
    <property name="java.endorsed.dirs" value="/usr/lib/jvm/java-1.8-openjdk/jre/lib/endorsed"/>
    <property name="java.runtime.name" value="OpenJDK Runtime Environment"/>
    <property name="file.encoding" value="UTF-8"/>
    <property name="java.vm.name" value="OpenJDK 64-Bit Server VM"/>
    <property name="test.build.webapps" value=""/>
    <property name="localRepository" value="/home/user/.m2/repository"/>
    <property name="java.vendor.url.bug" value="https://icedtea.classpath.org/bugzilla"/>
    <property name="java.io.tmpdir" value="/tmp"/>
    <property name="require.test.libhadoop" value=""/>
    <property name="java.version" value="1.8.0_212"/>
    <property name="user.dir" value="/workdir/hadoop-ozone/integration-test"/>
    <property name="os.arch" value="amd64"/>
    <property name="java.vm.specification.name" value="Java Virtual Machine Specification"/>
    <property name="test.build.classes" value="/workdir/hadoop-ozone/integration-test/target/test-classes"/>
    <property name="java.awt.printerjob" value="sun.print.PSPrinterJob"/>
    <property name="sun.os.patch.level" value="unknown"/>
    <property name="hadoop.tmp.dir" value="/workdir/hadoop-ozone/integration-test/target/tmp"/>
    <property name="java.library.path" value="/usr/lib/jvm/java-1.8-openjdk/jre/lib/amd64/server:/usr/lib/jvm/java-1.8-openjdk/jre/lib/amd64:/usr/lib/jvm/java-1.8-openjdk/jre/../lib/amd64:/workdir/hadoop-ozone/integration-test/target/native/target/usr/local/lib:/workdir/hadoop-ozone/integration-test/../../hadoop-common-project/hadoop-common/target/native/target/usr/local/lib:/usr/java/packages/lib/amd64:/usr/lib64:/lib64:/lib:/usr/lib"/>
    <property name="java.vm.info" value="mixed mode"/>
    <property name="java.vendor" value="IcedTea"/>
    <property name="java.vm.version" value="25.212-b04"/>
    <property name="java.ext.dirs" value="/usr/lib/jvm/java-1.8-openjdk/jre/lib/ext:/usr/java/packages/lib/ext"/>
    <property name="sun.io.unicode.encoding" value="UnicodeLittle"/>
    <property name="java.class.version" value="52.0"/>
  </properties>
  <testcase name="testWatchForCommitWithKeyWrite" classname="org.apache.hadoop.ozone.client.rpc.TestWatchForCommit" time="82.131"/>
  <testcase name="testWatchForCommitWithSmallerTimeoutValue" classname="org.apache.hadoop.ozone.client.rpc.TestWatchForCommit" time="43.253"/>
  <testcase name="testWatchForCommitForRetryfailure" classname="org.apache.hadoop.ozone.client.rpc.TestWatchForCommit" time="70.13"/>
  <testcase name="testWatchForCommitForGroupMismatchException" classname="org.apache.hadoop.ozone.client.rpc.TestWatchForCommit" time="32.215"/>
  <testcase name="test2WayCommitForTimeoutException" classname="org.apache.hadoop.ozone.client.rpc.TestWatchForCommit" time="22.172">
    <error type="java.util.concurrent.TimeoutException">java.util.concurrent.TimeoutException
	at java.util.concurrent.CompletableFuture.timedGet(CompletableFuture.java:1771)
	at java.util.concurrent.CompletableFuture.get(CompletableFuture.java:1915)
	at org.apache.hadoop.hdds.scm.XceiverClientRatis.watchForCommit(XceiverClientRatis.java:298)
	at org.apache.hadoop.ozone.client.rpc.TestWatchForCommit.test2WayCommitForTimeoutException(TestWatchForCommit.java:391)
	at sun.reflect.NativeMethodAccessorImpl.invoke0(Native Method)
	at sun.reflect.NativeMethodAccessorImpl.invoke(NativeMethodAccessorImpl.java:62)
	at sun.reflect.DelegatingMethodAccessorImpl.invoke(DelegatingMethodAccessorImpl.java:43)
	at java.lang.reflect.Method.invoke(Method.java:498)
	at org.junit.runners.model.FrameworkMethod$1.runReflectiveCall(FrameworkMethod.java:47)
	at org.junit.internal.runners.model.ReflectiveCallable.run(ReflectiveCallable.java:12)
	at org.junit.runners.model.FrameworkMethod.invokeExplosively(FrameworkMethod.java:44)
	at org.junit.internal.runners.statements.InvokeMethod.evaluate(InvokeMethod.java:17)
	at org.junit.runners.ParentRunner.runLeaf(ParentRunner.java:271)
	at org.junit.runners.BlockJUnit4ClassRunner.runChild(BlockJUnit4ClassRunner.java:70)
	at org.junit.runners.BlockJUnit4ClassRunner.runChild(BlockJUnit4ClassRunner.java:50)
	at org.junit.runners.ParentRunner$3.run(ParentRunner.java:238)
	at org.junit.runners.ParentRunner$1.schedule(ParentRunner.java:63)
	at org.junit.runners.ParentRunner.runChildren(ParentRunner.java:236)
	at org.junit.runners.ParentRunner.access$000(ParentRunner.java:53)
	at org.junit.runners.ParentRunner$2.evaluate(ParentRunner.java:229)
	at org.junit.runners.ParentRunner.run(ParentRunner.java:309)
	at org.apache.maven.surefire.junit4.JUnit4Provider.execute(JUnit4Provider.java:365)
	at org.apache.maven.surefire.junit4.JUnit4Provider.executeWithRerun(JUnit4Provider.java:273)
	at org.apache.maven.surefire.junit4.JUnit4Provider.executeTestSet(JUnit4Provider.java:238)
	at org.apache.maven.surefire.junit4.JUnit4Provider.invoke(JUnit4Provider.java:159)
	at org.apache.maven.surefire.booter.ForkedBooter.invokeProviderInSameClassLoader(ForkedBooter.java:384)
	at org.apache.maven.surefire.booter.ForkedBooter.runSuitesInProcess(ForkedBooter.java:345)
	at org.apache.maven.surefire.booter.ForkedBooter.execute(ForkedBooter.java:126)
	at org.apache.maven.surefire.booter.ForkedBooter.main(ForkedBooter.java:418)
</error>
    <system-out><![CDATA[2019-10-03 00:05:37,863 [main] WARN  server.ServerUtils (ServerUtils.java:getScmDbDir(145)) - ozone.scm.db.dirs is not configured. We recommend adding this setting. Falling back to ozone.metadata.dirs instead.
2019-10-03 00:05:37,878 [main] WARN  server.ServerUtils (ServerUtils.java:getScmDbDir(145)) - ozone.scm.db.dirs is not configured. We recommend adding this setting. Falling back to ozone.metadata.dirs instead.
2019-10-03 00:05:37,879 [main] WARN  server.ServerUtils (ServerUtils.java:getScmDbDir(145)) - ozone.scm.db.dirs is not configured. We recommend adding this setting. Falling back to ozone.metadata.dirs instead.
2019-10-03 00:05:37,880 [main] INFO  db.DBStoreBuilder (DBStoreBuilder.java:addTable(110)) - using custom profile for table: deletedBlocks
2019-10-03 00:05:37,880 [main] INFO  db.DBStoreBuilder (DBStoreBuilder.java:processTables(161)) - Using default column profile:DBProfile.DISK for Table:deletedBlocks
2019-10-03 00:05:37,880 [main] INFO  db.DBStoreBuilder (DBStoreBuilder.java:addTable(110)) - using custom profile for table: validCerts
2019-10-03 00:05:37,880 [main] INFO  db.DBStoreBuilder (DBStoreBuilder.java:processTables(161)) - Using default column profile:DBProfile.DISK for Table:validCerts
2019-10-03 00:05:37,880 [main] INFO  db.DBStoreBuilder (DBStoreBuilder.java:addTable(110)) - using custom profile for table: revokedCerts
2019-10-03 00:05:37,881 [main] INFO  db.DBStoreBuilder (DBStoreBuilder.java:processTables(161)) - Using default column profile:DBProfile.DISK for Table:revokedCerts
2019-10-03 00:05:37,881 [main] INFO  db.DBStoreBuilder (DBStoreBuilder.java:addTable(110)) - using custom profile for table: default
2019-10-03 00:05:37,881 [main] INFO  db.DBStoreBuilder (DBStoreBuilder.java:processTables(167)) - Using default column profile:DBProfile.DISK for Table:default
2019-10-03 00:05:37,881 [main] INFO  db.DBStoreBuilder (DBStoreBuilder.java:getDbProfile(198)) - Using default options. DBProfile.DISK
2019-10-03 00:05:38,035 [main] INFO  net.NodeSchemaLoader (NodeSchemaLoader.java:loadSchemaFromFile(125)) - Loading file from sun.misc.CompoundEnumeration@78c262ba
2019-10-03 00:05:38,036 [main] INFO  net.NodeSchemaLoader (NodeSchemaLoader.java:loadSchema(171)) - Loading network topology layer schema file
2019-10-03 00:05:38,041 [main] WARN  server.ServerUtils (ServerUtils.java:sanitizeUserArgs(70)) - ozone.scm.stale.node.interval value = 300000 is larger than max = 100000 based on the key value of ozone.scm.heartbeat.thread.interval, reset to the max value 100000.
2019-10-03 00:05:38,041 [main] WARN  server.ServerUtils (ServerUtils.java:sanitizeUserArgs(70)) - ozone.scm.stale.node.interval value = 300000 is larger than max = 100000 based on the key value of ozone.scm.heartbeat.thread.interval, reset to the max value 100000.
2019-10-03 00:05:38,042 [main] INFO  node.SCMNodeManager (SCMNodeManager.java:<init>(114)) - Entering startup safe mode.
2019-10-03 00:05:38,043 [main] INFO  algorithms.ContainerPlacementPolicyFactory (ContainerPlacementPolicyFactory.java:getPolicy(57)) - Create container placement policy of type org.apache.hadoop.hdds.scm.container.placement.algorithms.SCMContainerPlacementRandom
2019-10-03 00:05:38,043 [main] WARN  server.ServerUtils (ServerUtils.java:getScmDbDir(145)) - ozone.scm.db.dirs is not configured. We recommend adding this setting. Falling back to ozone.metadata.dirs instead.
2019-10-03 00:05:38,066 [main] INFO  pipeline.SCMPipelineManager (SCMPipelineManager.java:initializePipelineState(132)) - No pipeline exists in current db
2019-10-03 00:05:38,066 [main] WARN  server.ServerUtils (ServerUtils.java:getScmDbDir(145)) - ozone.scm.db.dirs is not configured. We recommend adding this setting. Falling back to ozone.metadata.dirs instead.
2019-10-03 00:05:38,090 [main] WARN  events.EventQueue (EventQueue.java:fireEvent(183)) - No event handler registered for event TypedEvent{payloadType=SafeModeStatus, name='SafeModeStatus'}
2019-10-03 00:05:38,091 [main] INFO  ipc.CallQueueManager (CallQueueManager.java:<init>(84)) - Using callQueue: class java.util.concurrent.LinkedBlockingQueue, queueCapacity: 2000, scheduler: class org.apache.hadoop.ipc.DefaultRpcScheduler, ipcBackoff: false.
2019-10-03 00:05:38,092 [Socket Reader #1 for port 43979] INFO  ipc.Server (Server.java:run(1074)) - Starting Socket Reader #1 for port 43979
2019-10-03 00:05:38,095 [main] INFO  ipc.CallQueueManager (CallQueueManager.java:<init>(84)) - Using callQueue: class java.util.concurrent.LinkedBlockingQueue, queueCapacity: 2000, scheduler: class org.apache.hadoop.ipc.DefaultRpcScheduler, ipcBackoff: false.
2019-10-03 00:05:38,095 [Socket Reader #1 for port 33343] INFO  ipc.Server (Server.java:run(1074)) - Starting Socket Reader #1 for port 33343
2019-10-03 00:05:38,097 [main] INFO  ipc.CallQueueManager (CallQueueManager.java:<init>(84)) - Using callQueue: class java.util.concurrent.LinkedBlockingQueue, queueCapacity: 2000, scheduler: class org.apache.hadoop.ipc.DefaultRpcScheduler, ipcBackoff: false.
2019-10-03 00:05:38,098 [Socket Reader #1 for port 39490] INFO  ipc.Server (Server.java:run(1074)) - Starting Socket Reader #1 for port 39490
2019-10-03 00:05:38,100 [main] INFO  hdfs.DFSUtil (DFSUtil.java:httpServerTemplateForNNAndJN(1641)) - Starting Web-server for scm at: http://0.0.0.0:0
2019-10-03 00:05:38,102 [main] INFO  server.AuthenticationFilter (AuthenticationFilter.java:constructSecretProvider(240)) - Unable to initialize FileSignerSecretProvider, falling back to use random secrets.
2019-10-03 00:05:38,103 [main] WARN  http.HttpRequestLog (HttpRequestLog.java:getRequestLog(97)) - Jetty request log can only be enabled using Log4j
2019-10-03 00:05:38,106 [main] INFO  http.HttpServer2 (HttpServer2.java:addGlobalFilter(975)) - Added global filter 'safety' (class=org.apache.hadoop.http.HttpServer2$QuotingInputFilter)
2019-10-03 00:05:38,107 [main] INFO  http.HttpServer2 (HttpServer2.java:addFilter(948)) - Added filter static_user_filter (class=org.apache.hadoop.http.lib.StaticUserWebFilter$StaticUserFilter) to context scm
2019-10-03 00:05:38,107 [main] INFO  http.HttpServer2 (HttpServer2.java:addFilter(958)) - Added filter static_user_filter (class=org.apache.hadoop.http.lib.StaticUserWebFilter$StaticUserFilter) to context static
2019-10-03 00:05:38,107 [main] INFO  http.HttpServer2 (HttpServer2.java:addFilter(958)) - Added filter static_user_filter (class=org.apache.hadoop.http.lib.StaticUserWebFilter$StaticUserFilter) to context logs
2019-10-03 00:05:38,110 [main] INFO  server.StorageContainerManager (StorageContainerManager.java:start(770)) - StorageContainerLocationProtocol RPC server is listening at /0.0.0.0:39490
2019-10-03 00:05:38,112 [main] WARN  impl.MetricsConfig (MetricsConfig.java:loadFirst(134)) - Cannot locate configuration: tried hadoop-metrics2-storagecontainermanager.properties,hadoop-metrics2.properties
2019-10-03 00:05:38,113 [main] INFO  impl.MetricsSystemImpl (MetricsSystemImpl.java:startTimer(374)) - Scheduled Metric snapshot period at 10 second(s).
2019-10-03 00:05:38,114 [main] INFO  impl.MetricsSystemImpl (MetricsSystemImpl.java:start(191)) - StorageContainerManager metrics system started
2019-10-03 00:05:38,200 [main] WARN  impl.MetricsSystemImpl (MetricsSystemImpl.java:register(276)) - Sink prometheus already exists!
2019-10-03 00:05:38,295 [main] INFO  server.SCMClientProtocolServer (SCMClientProtocolServer.java:start(150)) - RPC server for Client  is listening at /0.0.0.0:39490
2019-10-03 00:05:38,296 [IPC Server Responder] INFO  ipc.Server (Server.java:run(1314)) - IPC Server Responder: starting
2019-10-03 00:05:38,296 [IPC Server listener on 39490] INFO  ipc.Server (Server.java:run(1153)) - IPC Server listener on 39490: starting
2019-10-03 00:05:38,303 [main] INFO  server.StorageContainerManager (StorageContainerManager.java:start(780)) - ScmBlockLocationProtocol RPC server is listening at /0.0.0.0:33343
2019-10-03 00:05:38,303 [main] INFO  server.SCMBlockProtocolServer (SCMBlockProtocolServer.java:start(146)) - RPC server for Block Protocol is listening at /0.0.0.0:33343
2019-10-03 00:05:38,304 [IPC Server Responder] INFO  ipc.Server (Server.java:run(1314)) - IPC Server Responder: starting
2019-10-03 00:05:38,304 [IPC Server listener on 33343] INFO  ipc.Server (Server.java:run(1153)) - IPC Server listener on 33343: starting
2019-10-03 00:05:38,308 [main] INFO  server.StorageContainerManager (StorageContainerManager.java:start(784)) - ScmDatanodeProtocl RPC server is listening at /0.0.0.0:43979
2019-10-03 00:05:38,308 [main] INFO  server.SCMDatanodeProtocolServer (SCMDatanodeProtocolServer.java:start(191)) - RPC server for DataNodes is listening at /0.0.0.0:43979
2019-10-03 00:05:38,309 [IPC Server Responder] INFO  ipc.Server (Server.java:run(1314)) - IPC Server Responder: starting
2019-10-03 00:05:38,309 [IPC Server listener on 43979] INFO  ipc.Server (Server.java:run(1153)) - IPC Server listener on 43979: starting
2019-10-03 00:05:38,313 [main] INFO  http.HttpServer2 (HttpServer2.java:bindListener(1191)) - Jetty bound to port 36058
2019-10-03 00:05:38,313 [main] INFO  server.Server (Server.java:doStart(351)) - jetty-9.3.25.v20180904, build timestamp: 2018-09-04T21:11:46Z, git hash: 3ce520221d0240229c862b122d2b06c12a625732
2019-10-03 00:05:38,316 [main] INFO  handler.ContextHandler (ContextHandler.java:doStart(781)) - Started o.e.j.s.ServletContextHandler@3b35798{/logs,file:///workdir/hadoop-ozone/integration-test/target/log,AVAILABLE}
2019-10-03 00:05:38,316 [main] INFO  handler.ContextHandler (ContextHandler.java:doStart(781)) - Started o.e.j.s.ServletContextHandler@4702e7a5{/static,file:///workdir/hadoop-ozone/integration-test/target/test-classes/webapps/static,AVAILABLE}
2019-10-03 00:05:38,322 [main] INFO  handler.ContextHandler (ContextHandler.java:doStart(781)) - Started o.e.j.w.WebAppContext@6df4af5{/,file:///workdir/hadoop-ozone/integration-test/target/test-classes/webapps/scm/,AVAILABLE}{/scm}
2019-10-03 00:05:38,322 [main] INFO  server.AbstractConnector (AbstractConnector.java:doStart(278)) - Started ServerConnector@26e8ff8c{HTTP/1.1,[http/1.1]}{0.0.0.0:36058}
2019-10-03 00:05:38,324 [main] INFO  server.Server (Server.java:doStart(419)) - Started @228613ms
2019-10-03 00:05:38,324 [main] WARN  impl.MetricsSystemImpl (MetricsSystemImpl.java:register(276)) - Sink prometheus already exists!
2019-10-03 00:05:38,325 [main] INFO  server.BaseHttpServer (BaseHttpServer.java:updateConnectorAddress(215)) - HTTP server of SCM is listening at http://0.0.0.0:36058
2019-10-03 00:05:38,325 [main] WARN  server.ServerUtils (ServerUtils.java:getDBPath(222)) - ozone.om.db.dirs is not configured. We recommend adding this setting. Falling back to ozone.metadata.dirs instead.
2019-10-03 00:05:38,327 [org.apache.hadoop.util.JvmPauseMonitor$Monitor@590d6c76] INFO  util.JvmPauseMonitor (JvmPauseMonitor.java:run(188)) - Starting JVM pause monitor
2019-10-03 00:05:38,342 [main] WARN  server.ServerUtils (ServerUtils.java:getDBPath(222)) - ozone.om.db.dirs is not configured. We recommend adding this setting. Falling back to ozone.metadata.dirs instead.
2019-10-03 00:05:38,342 [main] WARN  server.ServerUtils (ServerUtils.java:getDBPath(222)) - ozone.om.db.dirs is not configured. We recommend adding this setting. Falling back to ozone.metadata.dirs instead.
2019-10-03 00:05:38,342 [main] INFO  om.OzoneManager (OzoneManager.java:setOMNodeDetails(652)) - OM Service ID is not set. Setting it to the default ID: omServiceIdDefault
2019-10-03 00:05:38,343 [main] INFO  om.OzoneManager (OzoneManager.java:setOMNodeDetails(658)) - OM Node ID is not set. Setting it to the OmStorage's OmID: bc656a5c-ca8b-4175-9f81-d7b195dcb373
2019-10-03 00:05:38,343 [main] INFO  om.OzoneManager (OzoneManager.java:loadOMHAConfigs(609)) - Found matching OM address with OMServiceId: null, OMNodeId: null, RPC Address: localhost:0 and Ratis port: 9872
2019-10-03 00:05:38,353 [main] WARN  server.ServerUtils (ServerUtils.java:getDBPath(222)) - ozone.om.db.dirs is not configured. We recommend adding this setting. Falling back to ozone.metadata.dirs instead.
2019-10-03 00:05:38,354 [main] INFO  db.DBStoreBuilder (DBStoreBuilder.java:addTable(110)) - using custom profile for table: userTable
2019-10-03 00:05:38,354 [main] INFO  db.DBStoreBuilder (DBStoreBuilder.java:processTables(161)) - Using default column profile:DBProfile.DISK for Table:userTable
2019-10-03 00:05:38,354 [main] INFO  db.DBStoreBuilder (DBStoreBuilder.java:addTable(110)) - using custom profile for table: volumeTable
2019-10-03 00:05:38,354 [main] INFO  db.DBStoreBuilder (DBStoreBuilder.java:processTables(161)) - Using default column profile:DBProfile.DISK for Table:volumeTable
2019-10-03 00:05:38,355 [main] INFO  db.DBStoreBuilder (DBStoreBuilder.java:addTable(110)) - using custom profile for table: bucketTable
2019-10-03 00:05:38,355 [main] INFO  db.DBStoreBuilder (DBStoreBuilder.java:processTables(161)) - Using default column profile:DBProfile.DISK for Table:bucketTable
2019-10-03 00:05:38,355 [main] INFO  db.DBStoreBuilder (DBStoreBuilder.java:addTable(110)) - using custom profile for table: keyTable
2019-10-03 00:05:38,356 [main] INFO  db.DBStoreBuilder (DBStoreBuilder.java:processTables(161)) - Using default column profile:DBProfile.DISK for Table:keyTable
2019-10-03 00:05:38,356 [main] INFO  db.DBStoreBuilder (DBStoreBuilder.java:addTable(110)) - using custom profile for table: deletedTable
2019-10-03 00:05:38,356 [main] INFO  db.DBStoreBuilder (DBStoreBuilder.java:processTables(161)) - Using default column profile:DBProfile.DISK for Table:deletedTable
2019-10-03 00:05:38,357 [main] INFO  db.DBStoreBuilder (DBStoreBuilder.java:addTable(110)) - using custom profile for table: openKeyTable
2019-10-03 00:05:38,357 [main] INFO  db.DBStoreBuilder (DBStoreBuilder.java:processTables(161)) - Using default column profile:DBProfile.DISK for Table:openKeyTable
2019-10-03 00:05:38,357 [main] INFO  db.DBStoreBuilder (DBStoreBuilder.java:addTable(110)) - using custom profile for table: s3Table
2019-10-03 00:05:38,357 [main] INFO  db.DBStoreBuilder (DBStoreBuilder.java:processTables(161)) - Using default column profile:DBProfile.DISK for Table:s3Table
2019-10-03 00:05:38,358 [main] INFO  db.DBStoreBuilder (DBStoreBuilder.java:addTable(110)) - using custom profile for table: multipartInfoTable
2019-10-03 00:05:38,358 [main] INFO  db.DBStoreBuilder (DBStoreBuilder.java:processTables(161)) - Using default column profile:DBProfile.DISK for Table:multipartInfoTable
2019-10-03 00:05:38,358 [main] INFO  db.DBStoreBuilder (DBStoreBuilder.java:addTable(110)) - using custom profile for table: dTokenTable
2019-10-03 00:05:38,358 [main] INFO  db.DBStoreBuilder (DBStoreBuilder.java:processTables(161)) - Using default column profile:DBProfile.DISK for Table:dTokenTable
2019-10-03 00:05:38,359 [main] INFO  db.DBStoreBuilder (DBStoreBuilder.java:addTable(110)) - using custom profile for table: s3SecretTable
2019-10-03 00:05:38,359 [main] INFO  db.DBStoreBuilder (DBStoreBuilder.java:processTables(161)) - Using default column profile:DBProfile.DISK for Table:s3SecretTable
2019-10-03 00:05:38,359 [main] INFO  db.DBStoreBuilder (DBStoreBuilder.java:addTable(110)) - using custom profile for table: prefixTable
2019-10-03 00:05:38,360 [main] INFO  db.DBStoreBuilder (DBStoreBuilder.java:processTables(161)) - Using default column profile:DBProfile.DISK for Table:prefixTable
2019-10-03 00:05:38,360 [main] INFO  db.DBStoreBuilder (DBStoreBuilder.java:addTable(110)) - using custom profile for table: default
2019-10-03 00:05:38,360 [main] INFO  db.DBStoreBuilder (DBStoreBuilder.java:processTables(167)) - Using default column profile:DBProfile.DISK for Table:default
2019-10-03 00:05:38,360 [main] INFO  db.DBStoreBuilder (DBStoreBuilder.java:getDbProfile(198)) - Using default options. DBProfile.DISK
2019-10-03 00:05:38,792 [main] INFO  ipc.CallQueueManager (CallQueueManager.java:<init>(84)) - Using callQueue: class java.util.concurrent.LinkedBlockingQueue, queueCapacity: 2000, scheduler: class org.apache.hadoop.ipc.DefaultRpcScheduler, ipcBackoff: false.
2019-10-03 00:05:38,793 [Socket Reader #1 for port 44766] INFO  ipc.Server (Server.java:run(1074)) - Starting Socket Reader #1 for port 44766
2019-10-03 00:05:38,809 [main] INFO  om.OzoneManager (OzoneManager.java:start(1243)) - OzoneManager RPC server is listening at localhost/127.0.0.1:44766
2019-10-03 00:05:38,810 [main] INFO  impl.MetricsSystemImpl (MetricsSystemImpl.java:init(158)) - OzoneManager metrics system started (again)
2019-10-03 00:05:38,810 [IPC Server Responder] INFO  ipc.Server (Server.java:run(1314)) - IPC Server Responder: starting
2019-10-03 00:05:38,810 [IPC Server listener on 44766] INFO  ipc.Server (Server.java:run(1153)) - IPC Server listener on 44766: starting
2019-10-03 00:05:38,817 [main] INFO  hdfs.DFSUtil (DFSUtil.java:httpServerTemplateForNNAndJN(1641)) - Starting Web-server for ozoneManager at: http://0.0.0.0:0
2019-10-03 00:05:38,819 [main] INFO  server.AuthenticationFilter (AuthenticationFilter.java:constructSecretProvider(240)) - Unable to initialize FileSignerSecretProvider, falling back to use random secrets.
2019-10-03 00:05:38,819 [main] WARN  http.HttpRequestLog (HttpRequestLog.java:getRequestLog(97)) - Jetty request log can only be enabled using Log4j
2019-10-03 00:05:38,821 [main] INFO  http.HttpServer2 (HttpServer2.java:addGlobalFilter(975)) - Added global filter 'safety' (class=org.apache.hadoop.http.HttpServer2$QuotingInputFilter)
2019-10-03 00:05:38,822 [main] INFO  http.HttpServer2 (HttpServer2.java:addFilter(948)) - Added filter static_user_filter (class=org.apache.hadoop.http.lib.StaticUserWebFilter$StaticUserFilter) to context ozoneManager
2019-10-03 00:05:38,822 [main] INFO  http.HttpServer2 (HttpServer2.java:addFilter(958)) - Added filter static_user_filter (class=org.apache.hadoop.http.lib.StaticUserWebFilter$StaticUserFilter) to context logs
2019-10-03 00:05:38,822 [main] INFO  http.HttpServer2 (HttpServer2.java:addFilter(958)) - Added filter static_user_filter (class=org.apache.hadoop.http.lib.StaticUserWebFilter$StaticUserFilter) to context static
2019-10-03 00:05:38,823 [main] INFO  http.HttpServer2 (HttpServer2.java:bindListener(1191)) - Jetty bound to port 40320
2019-10-03 00:05:38,823 [main] INFO  server.Server (Server.java:doStart(351)) - jetty-9.3.25.v20180904, build timestamp: 2018-09-04T21:11:46Z, git hash: 3ce520221d0240229c862b122d2b06c12a625732
2019-10-03 00:05:38,825 [main] INFO  handler.ContextHandler (ContextHandler.java:doStart(781)) - Started o.e.j.s.ServletContextHandler@797fcf9{/logs,file:///workdir/hadoop-ozone/integration-test/target/log,AVAILABLE}
2019-10-03 00:05:38,826 [main] INFO  handler.ContextHandler (ContextHandler.java:doStart(781)) - Started o.e.j.s.ServletContextHandler@15d114ce{/static,file:///workdir/hadoop-ozone/integration-test/target/test-classes/webapps/static,AVAILABLE}
2019-10-03 00:05:38,831 [main] INFO  handler.ContextHandler (ContextHandler.java:doStart(781)) - Started o.e.j.w.WebAppContext@7ddcb0dc{/,file:///workdir/hadoop-ozone/integration-test/target/test-classes/webapps/ozoneManager/,AVAILABLE}{/ozoneManager}
2019-10-03 00:05:38,832 [main] INFO  server.AbstractConnector (AbstractConnector.java:doStart(278)) - Started ServerConnector@f5bf288{HTTP/1.1,[http/1.1]}{0.0.0.0:40320}
2019-10-03 00:05:38,833 [main] INFO  server.Server (Server.java:doStart(419)) - Started @229122ms
2019-10-03 00:05:38,833 [main] WARN  impl.MetricsSystemImpl (MetricsSystemImpl.java:register(276)) - Sink prometheus already exists!
2019-10-03 00:05:38,834 [main] INFO  server.BaseHttpServer (BaseHttpServer.java:updateConnectorAddress(215)) - HTTP server of OZONEMANAGER is listening at http://0.0.0.0:40320
2019-10-03 00:05:38,852 [main] INFO  impl.MetricsSystemImpl (MetricsSystemImpl.java:init(158)) - HddsDatanode metrics system started (again)
2019-10-03 00:05:38,856 [main] INFO  ozone.HddsDatanodeService (HddsDatanodeService.java:start(184)) - HddsDatanodeService host:pr-hdds-2200-trunk-rmlvb-651263995 ip:192.168.151.71
2019-10-03 00:05:38,863 [main] INFO  volume.HddsVolume (HddsVolume.java:<init>(176)) - Creating Volume: /workdir/hadoop-ozone/integration-test/target/test-dir/MiniOzoneClusterImpl-5cc37e88-4648-452a-832d-c391e4d45a6b/datanode-0/data/containers/hdds of  storage type : DISK and capacity : 1482555576320
2019-10-03 00:05:38,864 [main] INFO  volume.VolumeSet (VolumeSet.java:initializeVolumeSet(170)) - Added Volume : /workdir/hadoop-ozone/integration-test/target/test-dir/MiniOzoneClusterImpl-5cc37e88-4648-452a-832d-c391e4d45a6b/datanode-0/data/containers/hdds to VolumeSet
2019-10-03 00:05:38,864 [main] INFO  volume.ThrottledAsyncChecker (ThrottledAsyncChecker.java:schedule(139)) - Scheduling a check for org.apache.hadoop.ozone.container.common.volume.HddsVolume@68631b1d
2019-10-03 00:05:38,865 [main] INFO  volume.HddsVolumeChecker (HddsVolumeChecker.java:checkAllVolumes(202)) - Scheduled health check for volume org.apache.hadoop.ozone.container.common.volume.HddsVolume@68631b1d
2019-10-03 00:05:38,880 [main] INFO  impl.RaftServerProxy (ConfUtils.java:logGet(43)) - raft.rpc.type = GRPC (default)
2019-10-03 00:05:38,881 [main] INFO  grpc.GrpcFactory (GrpcFactory.java:checkPooledByteBufAllocatorUseCacheForAllThreads(45)) - PERFORMANCE WARNING: useCacheForAllThreads is true that may cause Netty to create a lot garbage objects and, as a result, trigger GC.
	It is recommended to disable useCacheForAllThreads by setting -Dorg.apache.ratis.thirdparty.io.netty.allocator.useCacheForAllThreads=false in command line.
2019-10-03 00:05:38,881 [main] INFO  grpc.GrpcConfigKeys$Server (ConfUtils.java:logGet(43)) - raft.grpc.server.port = 0 (default)
2019-10-03 00:05:38,881 [main] INFO  server.GrpcService (ConfUtils.java:logGet(43)) - raft.grpc.message.size.max = 33570816 (custom)
2019-10-03 00:05:38,881 [main] INFO  server.RaftServerConfigKeys (ConfUtils.java:logGet(43)) - raft.server.log.appender.buffer.byte-limit = 33554432 (custom)
2019-10-03 00:05:38,881 [main] INFO  server.GrpcService (ConfUtils.java:logGet(43)) - raft.grpc.flow.control.window = 1MB (=1048576) (default)
2019-10-03 00:05:38,882 [main] INFO  server.RaftServerConfigKeys (ConfUtils.java:logGet(43)) - raft.server.rpc.request.timeout = 3000ms (default)
2019-10-03 00:05:38,882 [main] INFO  server.RaftServerConfigKeys (ConfUtils.java:logGet(43)) - raft.server.storage.dir = [/workdir/hadoop-ozone/integration-test/target/test-dir/MiniOzoneClusterImpl-5cc37e88-4648-452a-832d-c391e4d45a6b/datanode-0/data/ratis] (custom)
2019-10-03 00:05:38,884 [main] INFO  hdfs.DFSUtil (DFSUtil.java:httpServerTemplateForNNAndJN(1641)) - Starting Web-server for hddsDatanode at: http://0.0.0.0:0
2019-10-03 00:05:38,885 [main] INFO  server.AuthenticationFilter (AuthenticationFilter.java:constructSecretProvider(240)) - Unable to initialize FileSignerSecretProvider, falling back to use random secrets.
2019-10-03 00:05:38,885 [main] WARN  http.HttpRequestLog (HttpRequestLog.java:getRequestLog(97)) - Jetty request log can only be enabled using Log4j
2019-10-03 00:05:38,887 [main] INFO  http.HttpServer2 (HttpServer2.java:addGlobalFilter(975)) - Added global filter 'safety' (class=org.apache.hadoop.http.HttpServer2$QuotingInputFilter)
2019-10-03 00:05:38,888 [main] INFO  http.HttpServer2 (HttpServer2.java:addFilter(948)) - Added filter static_user_filter (class=org.apache.hadoop.http.lib.StaticUserWebFilter$StaticUserFilter) to context hddsDatanode
2019-10-03 00:05:38,888 [main] INFO  http.HttpServer2 (HttpServer2.java:addFilter(958)) - Added filter static_user_filter (class=org.apache.hadoop.http.lib.StaticUserWebFilter$StaticUserFilter) to context static
2019-10-03 00:05:38,888 [main] INFO  http.HttpServer2 (HttpServer2.java:addFilter(958)) - Added filter static_user_filter (class=org.apache.hadoop.http.lib.StaticUserWebFilter$StaticUserFilter) to context logs
2019-10-03 00:05:38,888 [main] INFO  http.HttpServer2 (HttpServer2.java:bindListener(1191)) - Jetty bound to port 39999
2019-10-03 00:05:38,889 [main] INFO  server.Server (Server.java:doStart(351)) - jetty-9.3.25.v20180904, build timestamp: 2018-09-04T21:11:46Z, git hash: 3ce520221d0240229c862b122d2b06c12a625732
2019-10-03 00:05:38,890 [main] INFO  handler.ContextHandler (ContextHandler.java:doStart(781)) - Started o.e.j.s.ServletContextHandler@3e4d40ea{/logs,file:///workdir/hadoop-ozone/integration-test/target/log,AVAILABLE}
2019-10-03 00:05:38,891 [main] INFO  handler.ContextHandler (ContextHandler.java:doStart(781)) - Started o.e.j.s.ServletContextHandler@2c9d90fc{/static,jar:file:/home/user/.m2/repository/org/apache/hadoop/hadoop-hdds-container-service/0.5.0-SNAPSHOT/hadoop-hdds-container-service-0.5.0-SNAPSHOT.jar!/webapps/static,AVAILABLE}
2019-10-03 00:05:38,919 [main] INFO  handler.ContextHandler (ContextHandler.java:doStart(781)) - Started o.e.j.w.WebAppContext@570a62a5{/,file:///tmp/jetty-0.0.0.0-39999-hddsDatanode-_-any-9079755430740721301.dir/webapp/,AVAILABLE}{/hddsDatanode}
2019-10-03 00:05:38,919 [main] INFO  server.AbstractConnector (AbstractConnector.java:doStart(278)) - Started ServerConnector@36224f93{HTTP/1.1,[http/1.1]}{0.0.0.0:39999}
2019-10-03 00:05:38,921 [main] INFO  server.Server (Server.java:doStart(419)) - Started @229211ms
2019-10-03 00:05:38,921 [main] WARN  impl.MetricsSystemImpl (MetricsSystemImpl.java:register(276)) - Sink prometheus already exists!
2019-10-03 00:05:38,922 [main] INFO  server.BaseHttpServer (BaseHttpServer.java:updateConnectorAddress(215)) - HTTP server of HDDSDATANODE is listening at http://0.0.0.0:39999
2019-10-03 00:05:38,922 [main] INFO  impl.MetricsSystemImpl (MetricsSystemImpl.java:init(158)) - HddsDatanode metrics system started (again)
2019-10-03 00:05:38,926 [org.apache.hadoop.util.JvmPauseMonitor$Monitor@2d904521] INFO  util.JvmPauseMonitor (JvmPauseMonitor.java:run(188)) - Starting JVM pause monitor
2019-10-03 00:05:38,926 [main] INFO  ozone.HddsDatanodeService (HddsDatanodeService.java:start(184)) - HddsDatanodeService host:pr-hdds-2200-trunk-rmlvb-651263995 ip:192.168.151.71
2019-10-03 00:05:38,928 [Datanode State Machine Thread - 0] INFO  datanode.InitDatanodeState (InitDatanodeState.java:persistContainerDatanodeDetails(140)) - DatanodeDetails is persisted to /workdir/hadoop-ozone/integration-test/target/test-dir/MiniOzoneClusterImpl-5cc37e88-4648-452a-832d-c391e4d45a6b/datanode-0/meta/datanode.id
2019-10-03 00:05:38,933 [main] INFO  volume.HddsVolume (HddsVolume.java:<init>(176)) - Creating Volume: /workdir/hadoop-ozone/integration-test/target/test-dir/MiniOzoneClusterImpl-5cc37e88-4648-452a-832d-c391e4d45a6b/datanode-1/data/containers/hdds of  storage type : DISK and capacity : 1482555576320
2019-10-03 00:05:38,933 [main] INFO  volume.VolumeSet (VolumeSet.java:initializeVolumeSet(170)) - Added Volume : /workdir/hadoop-ozone/integration-test/target/test-dir/MiniOzoneClusterImpl-5cc37e88-4648-452a-832d-c391e4d45a6b/datanode-1/data/containers/hdds to VolumeSet
2019-10-03 00:05:38,933 [main] INFO  volume.ThrottledAsyncChecker (ThrottledAsyncChecker.java:schedule(139)) - Scheduling a check for org.apache.hadoop.ozone.container.common.volume.HddsVolume@52abed9d
2019-10-03 00:05:38,934 [main] INFO  volume.HddsVolumeChecker (HddsVolumeChecker.java:checkAllVolumes(202)) - Scheduled health check for volume org.apache.hadoop.ozone.container.common.volume.HddsVolume@52abed9d
2019-10-03 00:05:38,946 [main] INFO  impl.RaftServerProxy (ConfUtils.java:logGet(43)) - raft.rpc.type = GRPC (default)
2019-10-03 00:05:38,947 [main] INFO  grpc.GrpcFactory (GrpcFactory.java:checkPooledByteBufAllocatorUseCacheForAllThreads(45)) - PERFORMANCE WARNING: useCacheForAllThreads is true that may cause Netty to create a lot garbage objects and, as a result, trigger GC.
	It is recommended to disable useCacheForAllThreads by setting -Dorg.apache.ratis.thirdparty.io.netty.allocator.useCacheForAllThreads=false in command line.
2019-10-03 00:05:38,947 [main] INFO  grpc.GrpcConfigKeys$Server (ConfUtils.java:logGet(43)) - raft.grpc.server.port = 0 (default)
2019-10-03 00:05:38,947 [main] INFO  server.GrpcService (ConfUtils.java:logGet(43)) - raft.grpc.message.size.max = 33570816 (custom)
2019-10-03 00:05:38,947 [main] INFO  server.RaftServerConfigKeys (ConfUtils.java:logGet(43)) - raft.server.log.appender.buffer.byte-limit = 33554432 (custom)
2019-10-03 00:05:38,947 [main] INFO  server.GrpcService (ConfUtils.java:logGet(43)) - raft.grpc.flow.control.window = 1MB (=1048576) (default)
2019-10-03 00:05:38,947 [main] INFO  server.RaftServerConfigKeys (ConfUtils.java:logGet(43)) - raft.server.rpc.request.timeout = 3000ms (default)
2019-10-03 00:05:38,948 [main] INFO  server.RaftServerConfigKeys (ConfUtils.java:logGet(43)) - raft.server.storage.dir = [/workdir/hadoop-ozone/integration-test/target/test-dir/MiniOzoneClusterImpl-5cc37e88-4648-452a-832d-c391e4d45a6b/datanode-1/data/ratis] (custom)
2019-10-03 00:05:38,949 [main] INFO  hdfs.DFSUtil (DFSUtil.java:httpServerTemplateForNNAndJN(1641)) - Starting Web-server for hddsDatanode at: http://0.0.0.0:0
2019-10-03 00:05:38,950 [main] INFO  server.AuthenticationFilter (AuthenticationFilter.java:constructSecretProvider(240)) - Unable to initialize FileSignerSecretProvider, falling back to use random secrets.
2019-10-03 00:05:38,950 [main] WARN  http.HttpRequestLog (HttpRequestLog.java:getRequestLog(97)) - Jetty request log can only be enabled using Log4j
2019-10-03 00:05:38,952 [main] INFO  http.HttpServer2 (HttpServer2.java:addGlobalFilter(975)) - Added global filter 'safety' (class=org.apache.hadoop.http.HttpServer2$QuotingInputFilter)
2019-10-03 00:05:38,952 [main] INFO  http.HttpServer2 (HttpServer2.java:addFilter(948)) - Added filter static_user_filter (class=org.apache.hadoop.http.lib.StaticUserWebFilter$StaticUserFilter) to context hddsDatanode
2019-10-03 00:05:38,952 [main] INFO  http.HttpServer2 (HttpServer2.java:addFilter(958)) - Added filter static_user_filter (class=org.apache.hadoop.http.lib.StaticUserWebFilter$StaticUserFilter) to context logs
2019-10-03 00:05:38,953 [main] INFO  http.HttpServer2 (HttpServer2.java:addFilter(958)) - Added filter static_user_filter (class=org.apache.hadoop.http.lib.StaticUserWebFilter$StaticUserFilter) to context static
2019-10-03 00:05:38,953 [main] INFO  http.HttpServer2 (HttpServer2.java:bindListener(1191)) - Jetty bound to port 41558
2019-10-03 00:05:38,953 [main] INFO  server.Server (Server.java:doStart(351)) - jetty-9.3.25.v20180904, build timestamp: 2018-09-04T21:11:46Z, git hash: 3ce520221d0240229c862b122d2b06c12a625732
2019-10-03 00:05:38,955 [main] INFO  handler.ContextHandler (ContextHandler.java:doStart(781)) - Started o.e.j.s.ServletContextHandler@1f916219{/logs,file:///workdir/hadoop-ozone/integration-test/target/log,AVAILABLE}
2019-10-03 00:05:38,956 [main] INFO  handler.ContextHandler (ContextHandler.java:doStart(781)) - Started o.e.j.s.ServletContextHandler@3b088163{/static,jar:file:/home/user/.m2/repository/org/apache/hadoop/hadoop-hdds-container-service/0.5.0-SNAPSHOT/hadoop-hdds-container-service-0.5.0-SNAPSHOT.jar!/webapps/static,AVAILABLE}
2019-10-03 00:05:38,982 [main] INFO  handler.ContextHandler (ContextHandler.java:doStart(781)) - Started o.e.j.w.WebAppContext@2a0b901c{/,file:///tmp/jetty-0.0.0.0-41558-hddsDatanode-_-any-866472550241671050.dir/webapp/,AVAILABLE}{/hddsDatanode}
2019-10-03 00:05:38,983 [main] INFO  server.AbstractConnector (AbstractConnector.java:doStart(278)) - Started ServerConnector@3d104c9b{HTTP/1.1,[http/1.1]}{0.0.0.0:41558}
2019-10-03 00:05:38,984 [main] INFO  server.Server (Server.java:doStart(419)) - Started @229274ms
2019-10-03 00:05:38,985 [main] WARN  impl.MetricsSystemImpl (MetricsSystemImpl.java:register(276)) - Sink prometheus already exists!
2019-10-03 00:05:38,985 [main] INFO  server.BaseHttpServer (BaseHttpServer.java:updateConnectorAddress(215)) - HTTP server of HDDSDATANODE is listening at http://0.0.0.0:41558
2019-10-03 00:05:38,985 [main] INFO  impl.MetricsSystemImpl (MetricsSystemImpl.java:init(158)) - HddsDatanode metrics system started (again)
2019-10-03 00:05:38,991 [org.apache.hadoop.util.JvmPauseMonitor$Monitor@33d6011d] INFO  util.JvmPauseMonitor (JvmPauseMonitor.java:run(188)) - Starting JVM pause monitor
2019-10-03 00:05:38,992 [main] INFO  ozone.HddsDatanodeService (HddsDatanodeService.java:start(184)) - HddsDatanodeService host:pr-hdds-2200-trunk-rmlvb-651263995 ip:192.168.151.71
2019-10-03 00:05:38,992 [Datanode State Machine Thread - 0] INFO  datanode.InitDatanodeState (InitDatanodeState.java:persistContainerDatanodeDetails(140)) - DatanodeDetails is persisted to /workdir/hadoop-ozone/integration-test/target/test-dir/MiniOzoneClusterImpl-5cc37e88-4648-452a-832d-c391e4d45a6b/datanode-1/meta/datanode.id
2019-10-03 00:05:39,000 [main] INFO  volume.HddsVolume (HddsVolume.java:<init>(176)) - Creating Volume: /workdir/hadoop-ozone/integration-test/target/test-dir/MiniOzoneClusterImpl-5cc37e88-4648-452a-832d-c391e4d45a6b/datanode-2/data/containers/hdds of  storage type : DISK and capacity : 1482555576320
2019-10-03 00:05:39,000 [main] INFO  volume.VolumeSet (VolumeSet.java:initializeVolumeSet(170)) - Added Volume : /workdir/hadoop-ozone/integration-test/target/test-dir/MiniOzoneClusterImpl-5cc37e88-4648-452a-832d-c391e4d45a6b/datanode-2/data/containers/hdds to VolumeSet
2019-10-03 00:05:39,001 [main] INFO  volume.ThrottledAsyncChecker (ThrottledAsyncChecker.java:schedule(139)) - Scheduling a check for org.apache.hadoop.ozone.container.common.volume.HddsVolume@51ac12ac
2019-10-03 00:05:39,001 [main] INFO  volume.HddsVolumeChecker (HddsVolumeChecker.java:checkAllVolumes(202)) - Scheduled health check for volume org.apache.hadoop.ozone.container.common.volume.HddsVolume@51ac12ac
2019-10-03 00:05:39,020 [main] INFO  impl.RaftServerProxy (ConfUtils.java:logGet(43)) - raft.rpc.type = GRPC (default)
2019-10-03 00:05:39,020 [main] INFO  grpc.GrpcFactory (GrpcFactory.java:checkPooledByteBufAllocatorUseCacheForAllThreads(45)) - PERFORMANCE WARNING: useCacheForAllThreads is true that may cause Netty to create a lot garbage objects and, as a result, trigger GC.
	It is recommended to disable useCacheForAllThreads by setting -Dorg.apache.ratis.thirdparty.io.netty.allocator.useCacheForAllThreads=false in command line.
2019-10-03 00:05:39,021 [main] INFO  grpc.GrpcConfigKeys$Server (ConfUtils.java:logGet(43)) - raft.grpc.server.port = 0 (default)
2019-10-03 00:05:39,021 [main] INFO  server.GrpcService (ConfUtils.java:logGet(43)) - raft.grpc.message.size.max = 33570816 (custom)
2019-10-03 00:05:39,021 [main] INFO  server.RaftServerConfigKeys (ConfUtils.java:logGet(43)) - raft.server.log.appender.buffer.byte-limit = 33554432 (custom)
2019-10-03 00:05:39,021 [main] INFO  server.GrpcService (ConfUtils.java:logGet(43)) - raft.grpc.flow.control.window = 1MB (=1048576) (default)
2019-10-03 00:05:39,022 [main] INFO  server.RaftServerConfigKeys (ConfUtils.java:logGet(43)) - raft.server.rpc.request.timeout = 3000ms (default)
2019-10-03 00:05:39,022 [main] INFO  server.RaftServerConfigKeys (ConfUtils.java:logGet(43)) - raft.server.storage.dir = [/workdir/hadoop-ozone/integration-test/target/test-dir/MiniOzoneClusterImpl-5cc37e88-4648-452a-832d-c391e4d45a6b/datanode-2/data/ratis] (custom)
2019-10-03 00:05:39,023 [main] INFO  hdfs.DFSUtil (DFSUtil.java:httpServerTemplateForNNAndJN(1641)) - Starting Web-server for hddsDatanode at: http://0.0.0.0:0
2019-10-03 00:05:39,025 [main] INFO  server.AuthenticationFilter (AuthenticationFilter.java:constructSecretProvider(240)) - Unable to initialize FileSignerSecretProvider, falling back to use random secrets.
2019-10-03 00:05:39,025 [main] WARN  http.HttpRequestLog (HttpRequestLog.java:getRequestLog(97)) - Jetty request log can only be enabled using Log4j
2019-10-03 00:05:39,027 [main] INFO  http.HttpServer2 (HttpServer2.java:addGlobalFilter(975)) - Added global filter 'safety' (class=org.apache.hadoop.http.HttpServer2$QuotingInputFilter)
2019-10-03 00:05:39,028 [main] INFO  http.HttpServer2 (HttpServer2.java:addFilter(948)) - Added filter static_user_filter (class=org.apache.hadoop.http.lib.StaticUserWebFilter$StaticUserFilter) to context hddsDatanode
2019-10-03 00:05:39,028 [main] INFO  http.HttpServer2 (HttpServer2.java:addFilter(958)) - Added filter static_user_filter (class=org.apache.hadoop.http.lib.StaticUserWebFilter$StaticUserFilter) to context logs
2019-10-03 00:05:39,028 [main] INFO  http.HttpServer2 (HttpServer2.java:addFilter(958)) - Added filter static_user_filter (class=org.apache.hadoop.http.lib.StaticUserWebFilter$StaticUserFilter) to context static
2019-10-03 00:05:39,029 [main] INFO  http.HttpServer2 (HttpServer2.java:bindListener(1191)) - Jetty bound to port 44451
2019-10-03 00:05:39,029 [main] INFO  server.Server (Server.java:doStart(351)) - jetty-9.3.25.v20180904, build timestamp: 2018-09-04T21:11:46Z, git hash: 3ce520221d0240229c862b122d2b06c12a625732
2019-10-03 00:05:39,031 [main] INFO  handler.ContextHandler (ContextHandler.java:doStart(781)) - Started o.e.j.s.ServletContextHandler@22a6d75c{/logs,file:///workdir/hadoop-ozone/integration-test/target/log,AVAILABLE}
2019-10-03 00:05:39,031 [main] INFO  handler.ContextHandler (ContextHandler.java:doStart(781)) - Started o.e.j.s.ServletContextHandler@7d30007d{/static,jar:file:/home/user/.m2/repository/org/apache/hadoop/hadoop-hdds-container-service/0.5.0-SNAPSHOT/hadoop-hdds-container-service-0.5.0-SNAPSHOT.jar!/webapps/static,AVAILABLE}
2019-10-03 00:05:39,068 [main] INFO  handler.ContextHandler (ContextHandler.java:doStart(781)) - Started o.e.j.w.WebAppContext@34c7232c{/,file:///tmp/jetty-0.0.0.0-44451-hddsDatanode-_-any-8889549013975211339.dir/webapp/,AVAILABLE}{/hddsDatanode}
2019-10-03 00:05:39,068 [main] INFO  server.AbstractConnector (AbstractConnector.java:doStart(278)) - Started ServerConnector@50ec4bfc{HTTP/1.1,[http/1.1]}{0.0.0.0:44451}
2019-10-03 00:05:39,070 [main] INFO  server.Server (Server.java:doStart(419)) - Started @229359ms
2019-10-03 00:05:39,070 [main] WARN  impl.MetricsSystemImpl (MetricsSystemImpl.java:register(276)) - Sink prometheus already exists!
2019-10-03 00:05:39,071 [main] INFO  server.BaseHttpServer (BaseHttpServer.java:updateConnectorAddress(215)) - HTTP server of HDDSDATANODE is listening at http://0.0.0.0:44451
2019-10-03 00:05:39,071 [main] INFO  impl.MetricsSystemImpl (MetricsSystemImpl.java:init(158)) - HddsDatanode metrics system started (again)
2019-10-03 00:05:39,076 [org.apache.hadoop.util.JvmPauseMonitor$Monitor@bd9acaf] INFO  util.JvmPauseMonitor (JvmPauseMonitor.java:run(188)) - Starting JVM pause monitor
2019-10-03 00:05:39,077 [main] INFO  ozone.HddsDatanodeService (HddsDatanodeService.java:start(184)) - HddsDatanodeService host:pr-hdds-2200-trunk-rmlvb-651263995 ip:192.168.151.71
2019-10-03 00:05:39,077 [Datanode State Machine Thread - 0] INFO  datanode.InitDatanodeState (InitDatanodeState.java:persistContainerDatanodeDetails(140)) - DatanodeDetails is persisted to /workdir/hadoop-ozone/integration-test/target/test-dir/MiniOzoneClusterImpl-5cc37e88-4648-452a-832d-c391e4d45a6b/datanode-2/meta/datanode.id
2019-10-03 00:05:39,084 [main] INFO  volume.HddsVolume (HddsVolume.java:<init>(176)) - Creating Volume: /workdir/hadoop-ozone/integration-test/target/test-dir/MiniOzoneClusterImpl-5cc37e88-4648-452a-832d-c391e4d45a6b/datanode-3/data/containers/hdds of  storage type : DISK and capacity : 1482555576320
2019-10-03 00:05:39,084 [main] INFO  volume.VolumeSet (VolumeSet.java:initializeVolumeSet(170)) - Added Volume : /workdir/hadoop-ozone/integration-test/target/test-dir/MiniOzoneClusterImpl-5cc37e88-4648-452a-832d-c391e4d45a6b/datanode-3/data/containers/hdds to VolumeSet
2019-10-03 00:05:39,084 [main] INFO  volume.ThrottledAsyncChecker (ThrottledAsyncChecker.java:schedule(139)) - Scheduling a check for org.apache.hadoop.ozone.container.common.volume.HddsVolume@27a9f025
2019-10-03 00:05:39,085 [main] INFO  volume.HddsVolumeChecker (HddsVolumeChecker.java:checkAllVolumes(202)) - Scheduled health check for volume org.apache.hadoop.ozone.container.common.volume.HddsVolume@27a9f025
2019-10-03 00:05:39,099 [main] INFO  impl.RaftServerProxy (ConfUtils.java:logGet(43)) - raft.rpc.type = GRPC (default)
2019-10-03 00:05:39,099 [main] INFO  grpc.GrpcFactory (GrpcFactory.java:checkPooledByteBufAllocatorUseCacheForAllThreads(45)) - PERFORMANCE WARNING: useCacheForAllThreads is true that may cause Netty to create a lot garbage objects and, as a result, trigger GC.
	It is recommended to disable useCacheForAllThreads by setting -Dorg.apache.ratis.thirdparty.io.netty.allocator.useCacheForAllThreads=false in command line.
2019-10-03 00:05:39,099 [main] INFO  grpc.GrpcConfigKeys$Server (ConfUtils.java:logGet(43)) - raft.grpc.server.port = 0 (default)
2019-10-03 00:05:39,100 [main] INFO  server.GrpcService (ConfUtils.java:logGet(43)) - raft.grpc.message.size.max = 33570816 (custom)
2019-10-03 00:05:39,100 [main] INFO  server.RaftServerConfigKeys (ConfUtils.java:logGet(43)) - raft.server.log.appender.buffer.byte-limit = 33554432 (custom)
2019-10-03 00:05:39,100 [main] INFO  server.GrpcService (ConfUtils.java:logGet(43)) - raft.grpc.flow.control.window = 1MB (=1048576) (default)
2019-10-03 00:05:39,100 [main] INFO  server.RaftServerConfigKeys (ConfUtils.java:logGet(43)) - raft.server.rpc.request.timeout = 3000ms (default)
2019-10-03 00:05:39,100 [main] INFO  server.RaftServerConfigKeys (ConfUtils.java:logGet(43)) - raft.server.storage.dir = [/workdir/hadoop-ozone/integration-test/target/test-dir/MiniOzoneClusterImpl-5cc37e88-4648-452a-832d-c391e4d45a6b/datanode-3/data/ratis] (custom)
2019-10-03 00:05:39,102 [main] INFO  hdfs.DFSUtil (DFSUtil.java:httpServerTemplateForNNAndJN(1641)) - Starting Web-server for hddsDatanode at: http://0.0.0.0:0
2019-10-03 00:05:39,103 [main] INFO  server.AuthenticationFilter (AuthenticationFilter.java:constructSecretProvider(240)) - Unable to initialize FileSignerSecretProvider, falling back to use random secrets.
2019-10-03 00:05:39,103 [main] WARN  http.HttpRequestLog (HttpRequestLog.java:getRequestLog(97)) - Jetty request log can only be enabled using Log4j
2019-10-03 00:05:39,104 [main] INFO  http.HttpServer2 (HttpServer2.java:addGlobalFilter(975)) - Added global filter 'safety' (class=org.apache.hadoop.http.HttpServer2$QuotingInputFilter)
2019-10-03 00:05:39,105 [main] INFO  http.HttpServer2 (HttpServer2.java:addFilter(948)) - Added filter static_user_filter (class=org.apache.hadoop.http.lib.StaticUserWebFilter$StaticUserFilter) to context hddsDatanode
2019-10-03 00:05:39,105 [main] INFO  http.HttpServer2 (HttpServer2.java:addFilter(958)) - Added filter static_user_filter (class=org.apache.hadoop.http.lib.StaticUserWebFilter$StaticUserFilter) to context logs
2019-10-03 00:05:39,105 [main] INFO  http.HttpServer2 (HttpServer2.java:addFilter(958)) - Added filter static_user_filter (class=org.apache.hadoop.http.lib.StaticUserWebFilter$StaticUserFilter) to context static
2019-10-03 00:05:39,106 [main] INFO  http.HttpServer2 (HttpServer2.java:bindListener(1191)) - Jetty bound to port 41829
2019-10-03 00:05:39,106 [main] INFO  server.Server (Server.java:doStart(351)) - jetty-9.3.25.v20180904, build timestamp: 2018-09-04T21:11:46Z, git hash: 3ce520221d0240229c862b122d2b06c12a625732
2019-10-03 00:05:39,108 [main] INFO  handler.ContextHandler (ContextHandler.java:doStart(781)) - Started o.e.j.s.ServletContextHandler@33d28f0a{/logs,file:///workdir/hadoop-ozone/integration-test/target/log,AVAILABLE}
2019-10-03 00:05:39,108 [main] INFO  handler.ContextHandler (ContextHandler.java:doStart(781)) - Started o.e.j.s.ServletContextHandler@51e7589f{/static,jar:file:/home/user/.m2/repository/org/apache/hadoop/hadoop-hdds-container-service/0.5.0-SNAPSHOT/hadoop-hdds-container-service-0.5.0-SNAPSHOT.jar!/webapps/static,AVAILABLE}
2019-10-03 00:05:39,136 [main] INFO  handler.ContextHandler (ContextHandler.java:doStart(781)) - Started o.e.j.w.WebAppContext@53d6e959{/,file:///tmp/jetty-0.0.0.0-41829-hddsDatanode-_-any-5237964223916468337.dir/webapp/,AVAILABLE}{/hddsDatanode}
2019-10-03 00:05:39,137 [main] INFO  server.AbstractConnector (AbstractConnector.java:doStart(278)) - Started ServerConnector@3caee3a8{HTTP/1.1,[http/1.1]}{0.0.0.0:41829}
2019-10-03 00:05:39,139 [main] INFO  server.Server (Server.java:doStart(419)) - Started @229428ms
2019-10-03 00:05:39,139 [main] WARN  impl.MetricsSystemImpl (MetricsSystemImpl.java:register(276)) - Sink prometheus already exists!
2019-10-03 00:05:39,140 [main] INFO  server.BaseHttpServer (BaseHttpServer.java:updateConnectorAddress(215)) - HTTP server of HDDSDATANODE is listening at http://0.0.0.0:41829
2019-10-03 00:05:39,140 [main] INFO  impl.MetricsSystemImpl (MetricsSystemImpl.java:init(158)) - HddsDatanode metrics system started (again)
2019-10-03 00:05:39,144 [org.apache.hadoop.util.JvmPauseMonitor$Monitor@546f1acf] INFO  util.JvmPauseMonitor (JvmPauseMonitor.java:run(188)) - Starting JVM pause monitor
2019-10-03 00:05:39,145 [main] INFO  ozone.HddsDatanodeService (HddsDatanodeService.java:start(184)) - HddsDatanodeService host:pr-hdds-2200-trunk-rmlvb-651263995 ip:192.168.151.71
2019-10-03 00:05:39,146 [Datanode State Machine Thread - 0] INFO  datanode.InitDatanodeState (InitDatanodeState.java:persistContainerDatanodeDetails(140)) - DatanodeDetails is persisted to /workdir/hadoop-ozone/integration-test/target/test-dir/MiniOzoneClusterImpl-5cc37e88-4648-452a-832d-c391e4d45a6b/datanode-3/meta/datanode.id
2019-10-03 00:05:39,151 [main] INFO  volume.HddsVolume (HddsVolume.java:<init>(176)) - Creating Volume: /workdir/hadoop-ozone/integration-test/target/test-dir/MiniOzoneClusterImpl-5cc37e88-4648-452a-832d-c391e4d45a6b/datanode-4/data/containers/hdds of  storage type : DISK and capacity : 1482555576320
2019-10-03 00:05:39,152 [main] INFO  volume.VolumeSet (VolumeSet.java:initializeVolumeSet(170)) - Added Volume : /workdir/hadoop-ozone/integration-test/target/test-dir/MiniOzoneClusterImpl-5cc37e88-4648-452a-832d-c391e4d45a6b/datanode-4/data/containers/hdds to VolumeSet
2019-10-03 00:05:39,152 [main] INFO  volume.ThrottledAsyncChecker (ThrottledAsyncChecker.java:schedule(139)) - Scheduling a check for org.apache.hadoop.ozone.container.common.volume.HddsVolume@2801827a
2019-10-03 00:05:39,152 [main] INFO  volume.HddsVolumeChecker (HddsVolumeChecker.java:checkAllVolumes(202)) - Scheduled health check for volume org.apache.hadoop.ozone.container.common.volume.HddsVolume@2801827a
2019-10-03 00:05:39,173 [main] INFO  impl.RaftServerProxy (ConfUtils.java:logGet(43)) - raft.rpc.type = GRPC (default)
2019-10-03 00:05:39,173 [main] INFO  grpc.GrpcFactory (GrpcFactory.java:checkPooledByteBufAllocatorUseCacheForAllThreads(45)) - PERFORMANCE WARNING: useCacheForAllThreads is true that may cause Netty to create a lot garbage objects and, as a result, trigger GC.
	It is recommended to disable useCacheForAllThreads by setting -Dorg.apache.ratis.thirdparty.io.netty.allocator.useCacheForAllThreads=false in command line.
2019-10-03 00:05:39,174 [main] INFO  grpc.GrpcConfigKeys$Server (ConfUtils.java:logGet(43)) - raft.grpc.server.port = 0 (default)
2019-10-03 00:05:39,174 [main] INFO  server.GrpcService (ConfUtils.java:logGet(43)) - raft.grpc.message.size.max = 33570816 (custom)
2019-10-03 00:05:39,174 [main] INFO  server.RaftServerConfigKeys (ConfUtils.java:logGet(43)) - raft.server.log.appender.buffer.byte-limit = 33554432 (custom)
2019-10-03 00:05:39,174 [main] INFO  server.GrpcService (ConfUtils.java:logGet(43)) - raft.grpc.flow.control.window = 1MB (=1048576) (default)
2019-10-03 00:05:39,175 [main] INFO  server.RaftServerConfigKeys (ConfUtils.java:logGet(43)) - raft.server.rpc.request.timeout = 3000ms (default)
2019-10-03 00:05:39,175 [main] INFO  server.RaftServerConfigKeys (ConfUtils.java:logGet(43)) - raft.server.storage.dir = [/workdir/hadoop-ozone/integration-test/target/test-dir/MiniOzoneClusterImpl-5cc37e88-4648-452a-832d-c391e4d45a6b/datanode-4/data/ratis] (custom)
2019-10-03 00:05:39,177 [main] INFO  hdfs.DFSUtil (DFSUtil.java:httpServerTemplateForNNAndJN(1641)) - Starting Web-server for hddsDatanode at: http://0.0.0.0:0
2019-10-03 00:05:39,178 [main] INFO  server.AuthenticationFilter (AuthenticationFilter.java:constructSecretProvider(240)) - Unable to initialize FileSignerSecretProvider, falling back to use random secrets.
2019-10-03 00:05:39,178 [main] WARN  http.HttpRequestLog (HttpRequestLog.java:getRequestLog(97)) - Jetty request log can only be enabled using Log4j
2019-10-03 00:05:39,180 [main] INFO  http.HttpServer2 (HttpServer2.java:addGlobalFilter(975)) - Added global filter 'safety' (class=org.apache.hadoop.http.HttpServer2$QuotingInputFilter)
2019-10-03 00:05:39,180 [main] INFO  http.HttpServer2 (HttpServer2.java:addFilter(948)) - Added filter static_user_filter (class=org.apache.hadoop.http.lib.StaticUserWebFilter$StaticUserFilter) to context hddsDatanode
2019-10-03 00:05:39,180 [main] INFO  http.HttpServer2 (HttpServer2.java:addFilter(958)) - Added filter static_user_filter (class=org.apache.hadoop.http.lib.StaticUserWebFilter$StaticUserFilter) to context static
2019-10-03 00:05:39,180 [main] INFO  http.HttpServer2 (HttpServer2.java:addFilter(958)) - Added filter static_user_filter (class=org.apache.hadoop.http.lib.StaticUserWebFilter$StaticUserFilter) to context logs
2019-10-03 00:05:39,181 [main] INFO  http.HttpServer2 (HttpServer2.java:bindListener(1191)) - Jetty bound to port 44366
2019-10-03 00:05:39,181 [main] INFO  server.Server (Server.java:doStart(351)) - jetty-9.3.25.v20180904, build timestamp: 2018-09-04T21:11:46Z, git hash: 3ce520221d0240229c862b122d2b06c12a625732
2019-10-03 00:05:39,183 [main] INFO  handler.ContextHandler (ContextHandler.java:doStart(781)) - Started o.e.j.s.ServletContextHandler@43d76a92{/logs,file:///workdir/hadoop-ozone/integration-test/target/log,AVAILABLE}
2019-10-03 00:05:39,183 [main] INFO  handler.ContextHandler (ContextHandler.java:doStart(781)) - Started o.e.j.s.ServletContextHandler@350323a0{/static,jar:file:/home/user/.m2/repository/org/apache/hadoop/hadoop-hdds-container-service/0.5.0-SNAPSHOT/hadoop-hdds-container-service-0.5.0-SNAPSHOT.jar!/webapps/static,AVAILABLE}
2019-10-03 00:05:39,211 [main] INFO  handler.ContextHandler (ContextHandler.java:doStart(781)) - Started o.e.j.w.WebAppContext@5a2ae1ab{/,file:///tmp/jetty-0.0.0.0-44366-hddsDatanode-_-any-3132356105948435933.dir/webapp/,AVAILABLE}{/hddsDatanode}
2019-10-03 00:05:39,211 [main] INFO  server.AbstractConnector (AbstractConnector.java:doStart(278)) - Started ServerConnector@2bec068b{HTTP/1.1,[http/1.1]}{0.0.0.0:44366}
2019-10-03 00:05:39,212 [main] INFO  server.Server (Server.java:doStart(419)) - Started @229502ms
2019-10-03 00:05:39,212 [main] WARN  impl.MetricsSystemImpl (MetricsSystemImpl.java:register(276)) - Sink prometheus already exists!
2019-10-03 00:05:39,213 [main] INFO  server.BaseHttpServer (BaseHttpServer.java:updateConnectorAddress(215)) - HTTP server of HDDSDATANODE is listening at http://0.0.0.0:44366
2019-10-03 00:05:39,213 [main] INFO  impl.MetricsSystemImpl (MetricsSystemImpl.java:init(158)) - HddsDatanode metrics system started (again)
2019-10-03 00:05:39,218 [org.apache.hadoop.util.JvmPauseMonitor$Monitor@8aa4d55] INFO  util.JvmPauseMonitor (JvmPauseMonitor.java:run(188)) - Starting JVM pause monitor
2019-10-03 00:05:39,218 [main] INFO  ozone.HddsDatanodeService (HddsDatanodeService.java:start(184)) - HddsDatanodeService host:pr-hdds-2200-trunk-rmlvb-651263995 ip:192.168.151.71
2019-10-03 00:05:39,219 [Datanode State Machine Thread - 0] INFO  datanode.InitDatanodeState (InitDatanodeState.java:persistContainerDatanodeDetails(140)) - DatanodeDetails is persisted to /workdir/hadoop-ozone/integration-test/target/test-dir/MiniOzoneClusterImpl-5cc37e88-4648-452a-832d-c391e4d45a6b/datanode-4/meta/datanode.id
2019-10-03 00:05:39,224 [main] INFO  volume.HddsVolume (HddsVolume.java:<init>(176)) - Creating Volume: /workdir/hadoop-ozone/integration-test/target/test-dir/MiniOzoneClusterImpl-5cc37e88-4648-452a-832d-c391e4d45a6b/datanode-5/data/containers/hdds of  storage type : DISK and capacity : 1482555576320
2019-10-03 00:05:39,224 [main] INFO  volume.VolumeSet (VolumeSet.java:initializeVolumeSet(170)) - Added Volume : /workdir/hadoop-ozone/integration-test/target/test-dir/MiniOzoneClusterImpl-5cc37e88-4648-452a-832d-c391e4d45a6b/datanode-5/data/containers/hdds to VolumeSet
2019-10-03 00:05:39,224 [main] INFO  volume.ThrottledAsyncChecker (ThrottledAsyncChecker.java:schedule(139)) - Scheduling a check for org.apache.hadoop.ozone.container.common.volume.HddsVolume@586cc15d
2019-10-03 00:05:39,224 [main] INFO  volume.HddsVolumeChecker (HddsVolumeChecker.java:checkAllVolumes(202)) - Scheduled health check for volume org.apache.hadoop.ozone.container.common.volume.HddsVolume@586cc15d
2019-10-03 00:05:39,236 [main] INFO  impl.RaftServerProxy (ConfUtils.java:logGet(43)) - raft.rpc.type = GRPC (default)
2019-10-03 00:05:39,236 [main] INFO  grpc.GrpcFactory (GrpcFactory.java:checkPooledByteBufAllocatorUseCacheForAllThreads(45)) - PERFORMANCE WARNING: useCacheForAllThreads is true that may cause Netty to create a lot garbage objects and, as a result, trigger GC.
	It is recommended to disable useCacheForAllThreads by setting -Dorg.apache.ratis.thirdparty.io.netty.allocator.useCacheForAllThreads=false in command line.
2019-10-03 00:05:39,236 [main] INFO  grpc.GrpcConfigKeys$Server (ConfUtils.java:logGet(43)) - raft.grpc.server.port = 0 (default)
2019-10-03 00:05:39,236 [main] INFO  server.GrpcService (ConfUtils.java:logGet(43)) - raft.grpc.message.size.max = 33570816 (custom)
2019-10-03 00:05:39,236 [main] INFO  server.RaftServerConfigKeys (ConfUtils.java:logGet(43)) - raft.server.log.appender.buffer.byte-limit = 33554432 (custom)
2019-10-03 00:05:39,237 [main] INFO  server.GrpcService (ConfUtils.java:logGet(43)) - raft.grpc.flow.control.window = 1MB (=1048576) (default)
2019-10-03 00:05:39,237 [main] INFO  server.RaftServerConfigKeys (ConfUtils.java:logGet(43)) - raft.server.rpc.request.timeout = 3000ms (default)
2019-10-03 00:05:39,237 [main] INFO  server.RaftServerConfigKeys (ConfUtils.java:logGet(43)) - raft.server.storage.dir = [/workdir/hadoop-ozone/integration-test/target/test-dir/MiniOzoneClusterImpl-5cc37e88-4648-452a-832d-c391e4d45a6b/datanode-5/data/ratis] (custom)
2019-10-03 00:05:39,238 [main] INFO  hdfs.DFSUtil (DFSUtil.java:httpServerTemplateForNNAndJN(1641)) - Starting Web-server for hddsDatanode at: http://0.0.0.0:0
2019-10-03 00:05:39,239 [main] INFO  server.AuthenticationFilter (AuthenticationFilter.java:constructSecretProvider(240)) - Unable to initialize FileSignerSecretProvider, falling back to use random secrets.
2019-10-03 00:05:39,240 [main] WARN  http.HttpRequestLog (HttpRequestLog.java:getRequestLog(97)) - Jetty request log can only be enabled using Log4j
2019-10-03 00:05:39,241 [main] INFO  http.HttpServer2 (HttpServer2.java:addGlobalFilter(975)) - Added global filter 'safety' (class=org.apache.hadoop.http.HttpServer2$QuotingInputFilter)
2019-10-03 00:05:39,241 [main] INFO  http.HttpServer2 (HttpServer2.java:addFilter(948)) - Added filter static_user_filter (class=org.apache.hadoop.http.lib.StaticUserWebFilter$StaticUserFilter) to context hddsDatanode
2019-10-03 00:05:39,241 [main] INFO  http.HttpServer2 (HttpServer2.java:addFilter(958)) - Added filter static_user_filter (class=org.apache.hadoop.http.lib.StaticUserWebFilter$StaticUserFilter) to context logs
2019-10-03 00:05:39,242 [main] INFO  http.HttpServer2 (HttpServer2.java:addFilter(958)) - Added filter static_user_filter (class=org.apache.hadoop.http.lib.StaticUserWebFilter$StaticUserFilter) to context static
2019-10-03 00:05:39,242 [main] INFO  http.HttpServer2 (HttpServer2.java:bindListener(1191)) - Jetty bound to port 43081
2019-10-03 00:05:39,242 [main] INFO  server.Server (Server.java:doStart(351)) - jetty-9.3.25.v20180904, build timestamp: 2018-09-04T21:11:46Z, git hash: 3ce520221d0240229c862b122d2b06c12a625732
2019-10-03 00:05:39,244 [main] INFO  handler.ContextHandler (ContextHandler.java:doStart(781)) - Started o.e.j.s.ServletContextHandler@33e4b9c4{/logs,file:///workdir/hadoop-ozone/integration-test/target/log,AVAILABLE}
2019-10-03 00:05:39,244 [main] INFO  handler.ContextHandler (ContextHandler.java:doStart(781)) - Started o.e.j.s.ServletContextHandler@10d18696{/static,jar:file:/home/user/.m2/repository/org/apache/hadoop/hadoop-hdds-container-service/0.5.0-SNAPSHOT/hadoop-hdds-container-service-0.5.0-SNAPSHOT.jar!/webapps/static,AVAILABLE}
2019-10-03 00:05:39,271 [main] INFO  handler.ContextHandler (ContextHandler.java:doStart(781)) - Started o.e.j.w.WebAppContext@32ae8f27{/,file:///tmp/jetty-0.0.0.0-43081-hddsDatanode-_-any-5046803176759134487.dir/webapp/,AVAILABLE}{/hddsDatanode}
2019-10-03 00:05:39,271 [main] INFO  server.AbstractConnector (AbstractConnector.java:doStart(278)) - Started ServerConnector@75e80a97{HTTP/1.1,[http/1.1]}{0.0.0.0:43081}
2019-10-03 00:05:39,273 [main] INFO  server.Server (Server.java:doStart(419)) - Started @229563ms
2019-10-03 00:05:39,273 [main] WARN  impl.MetricsSystemImpl (MetricsSystemImpl.java:register(276)) - Sink prometheus already exists!
2019-10-03 00:05:39,274 [main] INFO  server.BaseHttpServer (BaseHttpServer.java:updateConnectorAddress(215)) - HTTP server of HDDSDATANODE is listening at http://0.0.0.0:43081
2019-10-03 00:05:39,274 [main] INFO  impl.MetricsSystemImpl (MetricsSystemImpl.java:init(158)) - HddsDatanode metrics system started (again)
2019-10-03 00:05:39,279 [org.apache.hadoop.util.JvmPauseMonitor$Monitor@7d5c0788] INFO  util.JvmPauseMonitor (JvmPauseMonitor.java:run(188)) - Starting JVM pause monitor
2019-10-03 00:05:39,280 [main] INFO  ozone.HddsDatanodeService (HddsDatanodeService.java:start(184)) - HddsDatanodeService host:pr-hdds-2200-trunk-rmlvb-651263995 ip:192.168.151.71
2019-10-03 00:05:39,281 [Datanode State Machine Thread - 0] INFO  datanode.InitDatanodeState (InitDatanodeState.java:persistContainerDatanodeDetails(140)) - DatanodeDetails is persisted to /workdir/hadoop-ozone/integration-test/target/test-dir/MiniOzoneClusterImpl-5cc37e88-4648-452a-832d-c391e4d45a6b/datanode-5/meta/datanode.id
2019-10-03 00:05:39,287 [main] INFO  volume.HddsVolume (HddsVolume.java:<init>(176)) - Creating Volume: /workdir/hadoop-ozone/integration-test/target/test-dir/MiniOzoneClusterImpl-5cc37e88-4648-452a-832d-c391e4d45a6b/datanode-6/data/containers/hdds of  storage type : DISK and capacity : 1482555576320
2019-10-03 00:05:39,287 [main] INFO  volume.VolumeSet (VolumeSet.java:initializeVolumeSet(170)) - Added Volume : /workdir/hadoop-ozone/integration-test/target/test-dir/MiniOzoneClusterImpl-5cc37e88-4648-452a-832d-c391e4d45a6b/datanode-6/data/containers/hdds to VolumeSet
2019-10-03 00:05:39,287 [main] INFO  volume.ThrottledAsyncChecker (ThrottledAsyncChecker.java:schedule(139)) - Scheduling a check for org.apache.hadoop.ozone.container.common.volume.HddsVolume@686cf8ad
2019-10-03 00:05:39,288 [main] INFO  volume.HddsVolumeChecker (HddsVolumeChecker.java:checkAllVolumes(202)) - Scheduled health check for volume org.apache.hadoop.ozone.container.common.volume.HddsVolume@686cf8ad
2019-10-03 00:05:39,301 [main] INFO  impl.RaftServerProxy (ConfUtils.java:logGet(43)) - raft.rpc.type = GRPC (default)
2019-10-03 00:05:39,301 [main] INFO  grpc.GrpcFactory (GrpcFactory.java:checkPooledByteBufAllocatorUseCacheForAllThreads(45)) - PERFORMANCE WARNING: useCacheForAllThreads is true that may cause Netty to create a lot garbage objects and, as a result, trigger GC.
	It is recommended to disable useCacheForAllThreads by setting -Dorg.apache.ratis.thirdparty.io.netty.allocator.useCacheForAllThreads=false in command line.
2019-10-03 00:05:39,302 [main] INFO  grpc.GrpcConfigKeys$Server (ConfUtils.java:logGet(43)) - raft.grpc.server.port = 0 (default)
2019-10-03 00:05:39,302 [main] INFO  server.GrpcService (ConfUtils.java:logGet(43)) - raft.grpc.message.size.max = 33570816 (custom)
2019-10-03 00:05:39,302 [main] INFO  server.RaftServerConfigKeys (ConfUtils.java:logGet(43)) - raft.server.log.appender.buffer.byte-limit = 33554432 (custom)
2019-10-03 00:05:39,302 [main] INFO  server.GrpcService (ConfUtils.java:logGet(43)) - raft.grpc.flow.control.window = 1MB (=1048576) (default)
2019-10-03 00:05:39,303 [main] INFO  server.RaftServerConfigKeys (ConfUtils.java:logGet(43)) - raft.server.rpc.request.timeout = 3000ms (default)
2019-10-03 00:05:39,303 [main] INFO  server.RaftServerConfigKeys (ConfUtils.java:logGet(43)) - raft.server.storage.dir = [/workdir/hadoop-ozone/integration-test/target/test-dir/MiniOzoneClusterImpl-5cc37e88-4648-452a-832d-c391e4d45a6b/datanode-6/data/ratis] (custom)
2019-10-03 00:05:39,304 [main] INFO  hdfs.DFSUtil (DFSUtil.java:httpServerTemplateForNNAndJN(1641)) - Starting Web-server for hddsDatanode at: http://0.0.0.0:0
2019-10-03 00:05:39,305 [main] INFO  server.AuthenticationFilter (AuthenticationFilter.java:constructSecretProvider(240)) - Unable to initialize FileSignerSecretProvider, falling back to use random secrets.
2019-10-03 00:05:39,306 [main] WARN  http.HttpRequestLog (HttpRequestLog.java:getRequestLog(97)) - Jetty request log can only be enabled using Log4j
2019-10-03 00:05:39,307 [main] INFO  http.HttpServer2 (HttpServer2.java:addGlobalFilter(975)) - Added global filter 'safety' (class=org.apache.hadoop.http.HttpServer2$QuotingInputFilter)
2019-10-03 00:05:39,307 [main] INFO  http.HttpServer2 (HttpServer2.java:addFilter(948)) - Added filter static_user_filter (class=org.apache.hadoop.http.lib.StaticUserWebFilter$StaticUserFilter) to context hddsDatanode
2019-10-03 00:05:39,307 [main] INFO  http.HttpServer2 (HttpServer2.java:addFilter(958)) - Added filter static_user_filter (class=org.apache.hadoop.http.lib.StaticUserWebFilter$StaticUserFilter) to context static
2019-10-03 00:05:39,307 [main] INFO  http.HttpServer2 (HttpServer2.java:addFilter(958)) - Added filter static_user_filter (class=org.apache.hadoop.http.lib.StaticUserWebFilter$StaticUserFilter) to context logs
2019-10-03 00:05:39,308 [main] INFO  http.HttpServer2 (HttpServer2.java:bindListener(1191)) - Jetty bound to port 41818
2019-10-03 00:05:39,308 [main] INFO  server.Server (Server.java:doStart(351)) - jetty-9.3.25.v20180904, build timestamp: 2018-09-04T21:11:46Z, git hash: 3ce520221d0240229c862b122d2b06c12a625732
2019-10-03 00:05:39,309 [main] INFO  handler.ContextHandler (ContextHandler.java:doStart(781)) - Started o.e.j.s.ServletContextHandler@595f9916{/logs,file:///workdir/hadoop-ozone/integration-test/target/log,AVAILABLE}
2019-10-03 00:05:39,309 [main] INFO  handler.ContextHandler (ContextHandler.java:doStart(781)) - Started o.e.j.s.ServletContextHandler@28768e25{/static,jar:file:/home/user/.m2/repository/org/apache/hadoop/hadoop-hdds-container-service/0.5.0-SNAPSHOT/hadoop-hdds-container-service-0.5.0-SNAPSHOT.jar!/webapps/static,AVAILABLE}
2019-10-03 00:05:39,336 [main] INFO  handler.ContextHandler (ContextHandler.java:doStart(781)) - Started o.e.j.w.WebAppContext@58d4238e{/,file:///tmp/jetty-0.0.0.0-41818-hddsDatanode-_-any-8605740375745835340.dir/webapp/,AVAILABLE}{/hddsDatanode}
2019-10-03 00:05:39,336 [main] INFO  server.AbstractConnector (AbstractConnector.java:doStart(278)) - Started ServerConnector@72a8361b{HTTP/1.1,[http/1.1]}{0.0.0.0:41818}
2019-10-03 00:05:39,338 [main] INFO  server.Server (Server.java:doStart(419)) - Started @229627ms
2019-10-03 00:05:39,338 [main] WARN  impl.MetricsSystemImpl (MetricsSystemImpl.java:register(276)) - Sink prometheus already exists!
2019-10-03 00:05:39,339 [main] INFO  server.BaseHttpServer (BaseHttpServer.java:updateConnectorAddress(215)) - HTTP server of HDDSDATANODE is listening at http://0.0.0.0:41818
2019-10-03 00:05:39,339 [main] INFO  ozone.MiniOzoneClusterImpl (MiniOzoneClusterImpl.java:lambda$waitForClusterToBeReady$0(147)) - Waiting for cluster to be ready. Got 0 of 7 DN Heartbeats.
2019-10-03 00:05:39,340 [org.apache.hadoop.util.JvmPauseMonitor$Monitor@18573de7] INFO  util.JvmPauseMonitor (JvmPauseMonitor.java:run(188)) - Starting JVM pause monitor
2019-10-03 00:05:39,341 [Datanode State Machine Thread - 0] INFO  datanode.InitDatanodeState (InitDatanodeState.java:persistContainerDatanodeDetails(140)) - DatanodeDetails is persisted to /workdir/hadoop-ozone/integration-test/target/test-dir/MiniOzoneClusterImpl-5cc37e88-4648-452a-832d-c391e4d45a6b/datanode-6/meta/datanode.id
2019-10-03 00:05:40,339 [main] INFO  ozone.MiniOzoneClusterImpl (MiniOzoneClusterImpl.java:lambda$waitForClusterToBeReady$0(147)) - Waiting for cluster to be ready. Got 0 of 7 DN Heartbeats.
2019-10-03 00:05:40,976 [Datanode State Machine Thread - 0] INFO  ozoneimpl.OzoneContainer (OzoneContainer.java:start(217)) - Attempting to start container services.
2019-10-03 00:05:40,976 [Datanode State Machine Thread - 0] INFO  ozoneimpl.OzoneContainer (OzoneContainer.java:startContainerScrub(179)) - Background container scanner has been disabled.
2019-10-03 00:05:40,977 [Datanode State Machine Thread - 0] INFO  ratis.XceiverServerRatis (XceiverServerRatis.java:start(417)) - Starting XceiverServerRatis 90dee035-d673-444d-8607-eaba9f04884d at port 0
2019-10-03 00:05:40,982 [Datanode State Machine Thread - 0] INFO  impl.RaftServerProxy (RaftServerProxy.java:lambda$start$3(299)) - 90dee035-d673-444d-8607-eaba9f04884d: start RPC server
2019-10-03 00:05:40,990 [Datanode State Machine Thread - 0] INFO  server.GrpcService (GrpcService.java:startImpl(158)) - 90dee035-d673-444d-8607-eaba9f04884d: GrpcService started, listening on 0.0.0.0/0.0.0.0:45161
2019-10-03 00:05:40,991 [Datanode State Machine Thread - 0] INFO  ratis.XceiverServerRatis (XceiverServerRatis.java:start(427)) - XceiverServerRatis 90dee035-d673-444d-8607-eaba9f04884d is started using port 45161
2019-10-03 00:05:40,994 [Datanode State Machine Thread - 0] INFO  server.XceiverServerGrpc (XceiverServerGrpc.java:start(149)) - XceiverServerGrpc 90dee035-d673-444d-8607-eaba9f04884d is started using port 38586
2019-10-03 00:05:41,011 [Datanode State Machine Thread - 0] INFO  ozoneimpl.OzoneContainer (OzoneContainer.java:start(217)) - Attempting to start container services.
2019-10-03 00:05:41,011 [Datanode State Machine Thread - 0] INFO  ozoneimpl.OzoneContainer (OzoneContainer.java:startContainerScrub(179)) - Background container scanner has been disabled.
2019-10-03 00:05:41,011 [Datanode State Machine Thread - 0] INFO  ratis.XceiverServerRatis (XceiverServerRatis.java:start(417)) - Starting XceiverServerRatis e3dbfaec-2d6c-4351-b688-70ba1748dc73 at port 0
2019-10-03 00:05:41,016 [Datanode State Machine Thread - 0] INFO  impl.RaftServerProxy (RaftServerProxy.java:lambda$start$3(299)) - e3dbfaec-2d6c-4351-b688-70ba1748dc73: start RPC server
2019-10-03 00:05:41,017 [Datanode State Machine Thread - 0] INFO  server.GrpcService (GrpcService.java:startImpl(158)) - e3dbfaec-2d6c-4351-b688-70ba1748dc73: GrpcService started, listening on 0.0.0.0/0.0.0.0:35382
2019-10-03 00:05:41,017 [Datanode State Machine Thread - 0] INFO  ratis.XceiverServerRatis (XceiverServerRatis.java:start(427)) - XceiverServerRatis e3dbfaec-2d6c-4351-b688-70ba1748dc73 is started using port 35382
2019-10-03 00:05:41,019 [Datanode State Machine Thread - 0] INFO  server.XceiverServerGrpc (XceiverServerGrpc.java:start(149)) - XceiverServerGrpc e3dbfaec-2d6c-4351-b688-70ba1748dc73 is started using port 33478
2019-10-03 00:05:41,090 [Datanode State Machine Thread - 0] INFO  ozoneimpl.OzoneContainer (OzoneContainer.java:start(217)) - Attempting to start container services.
2019-10-03 00:05:41,090 [Datanode State Machine Thread - 0] INFO  ozoneimpl.OzoneContainer (OzoneContainer.java:startContainerScrub(179)) - Background container scanner has been disabled.
2019-10-03 00:05:41,090 [Datanode State Machine Thread - 0] INFO  ratis.XceiverServerRatis (XceiverServerRatis.java:start(417)) - Starting XceiverServerRatis 7a3318a1-c1ee-448e-afda-946e71b29333 at port 0
2019-10-03 00:05:41,095 [Datanode State Machine Thread - 0] INFO  impl.RaftServerProxy (RaftServerProxy.java:lambda$start$3(299)) - 7a3318a1-c1ee-448e-afda-946e71b29333: start RPC server
2019-10-03 00:05:41,098 [Datanode State Machine Thread - 0] INFO  server.GrpcService (GrpcService.java:startImpl(158)) - 7a3318a1-c1ee-448e-afda-946e71b29333: GrpcService started, listening on 0.0.0.0/0.0.0.0:42104
2019-10-03 00:05:41,098 [Datanode State Machine Thread - 0] INFO  ratis.XceiverServerRatis (XceiverServerRatis.java:start(427)) - XceiverServerRatis 7a3318a1-c1ee-448e-afda-946e71b29333 is started using port 42104
2019-10-03 00:05:41,099 [Datanode State Machine Thread - 0] INFO  server.XceiverServerGrpc (XceiverServerGrpc.java:start(149)) - XceiverServerGrpc 7a3318a1-c1ee-448e-afda-946e71b29333 is started using port 46801
2019-10-03 00:05:41,159 [Datanode State Machine Thread - 0] INFO  ozoneimpl.OzoneContainer (OzoneContainer.java:start(217)) - Attempting to start container services.
2019-10-03 00:05:41,159 [Datanode State Machine Thread - 0] INFO  ozoneimpl.OzoneContainer (OzoneContainer.java:startContainerScrub(179)) - Background container scanner has been disabled.
2019-10-03 00:05:41,160 [Datanode State Machine Thread - 0] INFO  ratis.XceiverServerRatis (XceiverServerRatis.java:start(417)) - Starting XceiverServerRatis 98071f0e-f6e2-4f1d-adef-2776e916fd00 at port 0
2019-10-03 00:05:41,166 [Datanode State Machine Thread - 0] INFO  impl.RaftServerProxy (RaftServerProxy.java:lambda$start$3(299)) - 98071f0e-f6e2-4f1d-adef-2776e916fd00: start RPC server
2019-10-03 00:05:41,169 [Datanode State Machine Thread - 0] INFO  server.GrpcService (GrpcService.java:startImpl(158)) - 98071f0e-f6e2-4f1d-adef-2776e916fd00: GrpcService started, listening on 0.0.0.0/0.0.0.0:42150
2019-10-03 00:05:41,169 [Datanode State Machine Thread - 0] INFO  ratis.XceiverServerRatis (XceiverServerRatis.java:start(427)) - XceiverServerRatis 98071f0e-f6e2-4f1d-adef-2776e916fd00 is started using port 42150
2019-10-03 00:05:41,171 [Datanode State Machine Thread - 0] INFO  server.XceiverServerGrpc (XceiverServerGrpc.java:start(149)) - XceiverServerGrpc 98071f0e-f6e2-4f1d-adef-2776e916fd00 is started using port 45007
2019-10-03 00:05:41,231 [Datanode State Machine Thread - 0] INFO  ozoneimpl.OzoneContainer (OzoneContainer.java:start(217)) - Attempting to start container services.
2019-10-03 00:05:41,231 [Datanode State Machine Thread - 0] INFO  ozoneimpl.OzoneContainer (OzoneContainer.java:startContainerScrub(179)) - Background container scanner has been disabled.
2019-10-03 00:05:41,232 [Datanode State Machine Thread - 0] INFO  ratis.XceiverServerRatis (XceiverServerRatis.java:start(417)) - Starting XceiverServerRatis 546c6a52-a3f1-4396-9be2-6fd82c1fdfd6 at port 0
2019-10-03 00:05:41,237 [Datanode State Machine Thread - 0] INFO  impl.RaftServerProxy (RaftServerProxy.java:lambda$start$3(299)) - 546c6a52-a3f1-4396-9be2-6fd82c1fdfd6: start RPC server
2019-10-03 00:05:41,237 [Datanode State Machine Thread - 0] INFO  server.GrpcService (GrpcService.java:startImpl(158)) - 546c6a52-a3f1-4396-9be2-6fd82c1fdfd6: GrpcService started, listening on 0.0.0.0/0.0.0.0:45907
2019-10-03 00:05:41,238 [Datanode State Machine Thread - 0] INFO  ratis.XceiverServerRatis (XceiverServerRatis.java:start(427)) - XceiverServerRatis 546c6a52-a3f1-4396-9be2-6fd82c1fdfd6 is started using port 45907
2019-10-03 00:05:41,238 [Datanode State Machine Thread - 0] INFO  server.XceiverServerGrpc (XceiverServerGrpc.java:start(149)) - XceiverServerGrpc 546c6a52-a3f1-4396-9be2-6fd82c1fdfd6 is started using port 42358
2019-10-03 00:05:41,293 [Datanode State Machine Thread - 0] INFO  ozoneimpl.OzoneContainer (OzoneContainer.java:start(217)) - Attempting to start container services.
2019-10-03 00:05:41,293 [Datanode State Machine Thread - 0] INFO  ozoneimpl.OzoneContainer (OzoneContainer.java:startContainerScrub(179)) - Background container scanner has been disabled.
2019-10-03 00:05:41,293 [Datanode State Machine Thread - 0] INFO  ratis.XceiverServerRatis (XceiverServerRatis.java:start(417)) - Starting XceiverServerRatis 24de5cea-3ba6-49c4-9cbc-a0b7ad2a5c29 at port 0
2019-10-03 00:05:41,302 [Datanode State Machine Thread - 0] INFO  impl.RaftServerProxy (RaftServerProxy.java:lambda$start$3(299)) - 24de5cea-3ba6-49c4-9cbc-a0b7ad2a5c29: start RPC server
2019-10-03 00:05:41,302 [Datanode State Machine Thread - 0] INFO  server.GrpcService (GrpcService.java:startImpl(158)) - 24de5cea-3ba6-49c4-9cbc-a0b7ad2a5c29: GrpcService started, listening on 0.0.0.0/0.0.0.0:44322
2019-10-03 00:05:41,303 [Datanode State Machine Thread - 0] INFO  ratis.XceiverServerRatis (XceiverServerRatis.java:start(427)) - XceiverServerRatis 24de5cea-3ba6-49c4-9cbc-a0b7ad2a5c29 is started using port 44322
2019-10-03 00:05:41,303 [Datanode State Machine Thread - 0] INFO  server.XceiverServerGrpc (XceiverServerGrpc.java:start(149)) - XceiverServerGrpc 24de5cea-3ba6-49c4-9cbc-a0b7ad2a5c29 is started using port 40543
2019-10-03 00:05:41,340 [main] INFO  ozone.MiniOzoneClusterImpl (MiniOzoneClusterImpl.java:lambda$waitForClusterToBeReady$0(147)) - Waiting for cluster to be ready. Got 0 of 7 DN Heartbeats.
2019-10-03 00:05:41,354 [Datanode State Machine Thread - 0] INFO  ozoneimpl.OzoneContainer (OzoneContainer.java:start(217)) - Attempting to start container services.
2019-10-03 00:05:41,354 [Datanode State Machine Thread - 0] INFO  ozoneimpl.OzoneContainer (OzoneContainer.java:startContainerScrub(179)) - Background container scanner has been disabled.
2019-10-03 00:05:41,355 [Datanode State Machine Thread - 0] INFO  ratis.XceiverServerRatis (XceiverServerRatis.java:start(417)) - Starting XceiverServerRatis c038034d-0890-4ef3-bcac-cfe3bef2f61c at port 0
2019-10-03 00:05:41,361 [Datanode State Machine Thread - 0] INFO  impl.RaftServerProxy (RaftServerProxy.java:lambda$start$3(299)) - c038034d-0890-4ef3-bcac-cfe3bef2f61c: start RPC server
2019-10-03 00:05:41,362 [Datanode State Machine Thread - 0] INFO  server.GrpcService (GrpcService.java:startImpl(158)) - c038034d-0890-4ef3-bcac-cfe3bef2f61c: GrpcService started, listening on 0.0.0.0/0.0.0.0:41060
2019-10-03 00:05:41,362 [Datanode State Machine Thread - 0] INFO  ratis.XceiverServerRatis (XceiverServerRatis.java:start(427)) - XceiverServerRatis c038034d-0890-4ef3-bcac-cfe3bef2f61c is started using port 41060
2019-10-03 00:05:41,363 [Datanode State Machine Thread - 0] INFO  server.XceiverServerGrpc (XceiverServerGrpc.java:start(149)) - XceiverServerGrpc c038034d-0890-4ef3-bcac-cfe3bef2f61c is started using port 45275
2019-10-03 00:05:42,341 [main] INFO  ozone.MiniOzoneClusterImpl (MiniOzoneClusterImpl.java:lambda$waitForClusterToBeReady$0(147)) - Waiting for cluster to be ready. Got 0 of 7 DN Heartbeats.
2019-10-03 00:05:42,933 [IPC Server handler 2 on 43979] INFO  net.NetworkTopology (NetworkTopologyImpl.java:add(111)) - Added a new node: /default-rack/90dee035-d673-444d-8607-eaba9f04884d
2019-10-03 00:05:42,937 [IPC Server handler 2 on 43979] INFO  node.SCMNodeManager (SCMNodeManager.java:register(266)) - Registered Data node : 90dee035-d673-444d-8607-eaba9f04884d{ip: 192.168.151.71, host: pr-hdds-2200-trunk-rmlvb-651263995, networkLocation: /default-rack, certSerialId: null}
2019-10-03 00:05:42,938 [EventQueue-NodeRegistrationContainerReportForDataNodeSafeModeRule] INFO  safemode.SCMSafeModeManager (DataNodeSafeModeRule.java:process(71)) - SCM in safe mode. 1 DataNodes registered, 1 required.
2019-10-03 00:05:42,941 [EventQueue-NodeRegistrationContainerReportForDataNodeSafeModeRule] INFO  safemode.SCMSafeModeManager (SCMSafeModeManager.java:validateSafeModeExitRules(177)) - ScmSafeModeManager, all rules are successfully validated
2019-10-03 00:05:42,941 [EventQueue-NodeRegistrationContainerReportForDataNodeSafeModeRule] INFO  safemode.SCMSafeModeManager (SCMSafeModeManager.java:exitSafeMode(193)) - SCM exiting safe mode.
2019-10-03 00:05:42,954 [grpc-default-executor-0] INFO  impl.RaftServerProxy (RaftServerProxy.java:addNew(89)) - 90dee035-d673-444d-8607-eaba9f04884d: addNew group-00F6526A42BD:[90dee035-d673-444d-8607-eaba9f04884d:192.168.151.71:45161] returns group-00F6526A42BD:java.util.concurrent.CompletableFuture@6ae2cbe8[Not completed]
2019-10-03 00:05:42,957 [pool-383-thread-1] INFO  impl.RaftServerImpl (RaftServerImpl.java:<init>(95)) - 90dee035-d673-444d-8607-eaba9f04884d: new RaftServerImpl for group-00F6526A42BD:[90dee035-d673-444d-8607-eaba9f04884d:192.168.151.71:45161] with ContainerStateMachine:uninitialized
2019-10-03 00:05:42,957 [pool-383-thread-1] INFO  server.RaftServerConfigKeys (ConfUtils.java:logGet(43)) - raft.server.rpc.timeout.min = 5s (custom)
2019-10-03 00:05:42,957 [pool-383-thread-1] INFO  server.RaftServerConfigKeys (ConfUtils.java:logGet(43)) - raft.server.rpc.timeout.max = 5200ms (custom)
2019-10-03 00:05:42,957 [pool-383-thread-1] INFO  server.RaftServerConfigKeys (ConfUtils.java:logGet(43)) - raft.server.rpcslowness.timeout = 120s (custom)
2019-10-03 00:05:42,958 [pool-383-thread-1] INFO  server.RaftServerConfigKeys (ConfUtils.java:logGet(43)) - raft.server.sleep.deviation.threshold = 300 (default)
2019-10-03 00:05:42,958 [pool-383-thread-1] INFO  server.RaftServerConfigKeys (ConfUtils.java:logGet(43)) - raft.server.log.appender.install.snapshot.enabled = false (custom)
2019-10-03 00:05:42,958 [pool-383-thread-1] INFO  impl.RaftServerImpl (ServerState.java:<init>(103)) - 90dee035-d673-444d-8607-eaba9f04884d@group-00F6526A42BD: ConfigurationManager, init=-1: [90dee035-d673-444d-8607-eaba9f04884d:192.168.151.71:45161], old=null, confs=<EMPTY_MAP>
2019-10-03 00:05:42,958 [pool-383-thread-1] INFO  server.RaftServerConfigKeys (ConfUtils.java:logGet(43)) - raft.server.storage.dir = [/workdir/hadoop-ozone/integration-test/target/test-dir/MiniOzoneClusterImpl-5cc37e88-4648-452a-832d-c391e4d45a6b/datanode-0/data/ratis] (custom)
2019-10-03 00:05:42,959 [pool-383-thread-1] INFO  server.RaftServerConfigKeys (ConfUtils.java:logGet(43)) - raft.server.log.corruption.policy = EXCEPTION (default)
2019-10-03 00:05:42,959 [pool-383-thread-1] INFO  storage.RaftStorageDirectory (RaftStorageDirectory.java:analyzeStorage(246)) - The storage directory /workdir/hadoop-ozone/integration-test/target/test-dir/MiniOzoneClusterImpl-5cc37e88-4648-452a-832d-c391e4d45a6b/datanode-0/data/ratis/3680490b-ff9d-4915-b06e-00f6526a42bd does not exist. Creating ...
2019-10-03 00:05:42,972 [pool-383-thread-1] INFO  storage.RaftStorageDirectory (RaftStorageDirectory.java:tryLock(328)) - Lock on /workdir/hadoop-ozone/integration-test/target/test-dir/MiniOzoneClusterImpl-5cc37e88-4648-452a-832d-c391e4d45a6b/datanode-0/data/ratis/3680490b-ff9d-4915-b06e-00f6526a42bd/in_use.lock acquired by nodename 24543@pr-hdds-2200-trunk-rmlvb-651263995
2019-10-03 00:05:42,986 [pool-383-thread-1] INFO  storage.RaftStorage (RaftStorage.java:format(84)) - Storage directory /workdir/hadoop-ozone/integration-test/target/test-dir/MiniOzoneClusterImpl-5cc37e88-4648-452a-832d-c391e4d45a6b/datanode-0/data/ratis/3680490b-ff9d-4915-b06e-00f6526a42bd has been successfully formatted.
2019-10-03 00:05:42,986 [pool-383-thread-1] INFO  ratis.ContainerStateMachine (ContainerStateMachine.java:loadSnapshot(230)) - group-00F6526A42BD: The snapshot info is null. Setting the last applied indexto:(t:0, i:~)
2019-10-03 00:05:42,986 [pool-383-thread-1] INFO  server.RaftServerConfigKeys (ConfUtils.java:logGet(43)) - raft.server.notification.no-leader.timeout = 120s (custom)
2019-10-03 00:05:42,986 [pool-383-thread-1] INFO  server.RaftServerConfigKeys (ConfUtils.java:logGet(43)) - raft.server.log.use.memory = false (default)
2019-10-03 00:05:42,987 [pool-383-thread-1] INFO  server.RaftServerConfigKeys (ConfUtils.java:logGet(43)) - raft.server.log.purge.gap = 1000000 (custom)
2019-10-03 00:05:42,987 [pool-383-thread-1] INFO  server.RaftServerConfigKeys (ConfUtils.java:logGet(43)) - raft.server.log.appender.buffer.byte-limit = 33554432 (custom)
2019-10-03 00:05:42,987 [pool-383-thread-1] INFO  server.RaftServerConfigKeys (ConfUtils.java:logGet(43)) - raft.server.log.segment.size.max = 1048576 (custom)
2019-10-03 00:05:42,991 [pool-383-thread-1] INFO  server.RaftServerConfigKeys (ConfUtils.java:logGet(43)) - raft.server.log.segment.cache.num.max = 2 (custom)
2019-10-03 00:05:42,991 [pool-383-thread-1] INFO  segmented.SegmentedRaftLogWorker (SegmentedRaftLogWorker.java:<init>(173)) - new 90dee035-d673-444d-8607-eaba9f04884d@group-00F6526A42BD-SegmentedRaftLogWorker for RaftStorage:Storage Directory /workdir/hadoop-ozone/integration-test/target/test-dir/MiniOzoneClusterImpl-5cc37e88-4648-452a-832d-c391e4d45a6b/datanode-0/data/ratis/3680490b-ff9d-4915-b06e-00f6526a42bd
2019-10-03 00:05:42,991 [pool-383-thread-1] INFO  server.RaftServerConfigKeys (ConfUtils.java:logGet(43)) - raft.server.log.queue.byte-limit = 2147483647 (custom)
2019-10-03 00:05:42,991 [pool-383-thread-1] INFO  server.RaftServerConfigKeys (ConfUtils.java:logGet(43)) - raft.server.log.queue.element-limit = 1024 (custom)
2019-10-03 00:05:42,991 [pool-383-thread-1] INFO  server.RaftServerConfigKeys (ConfUtils.java:logGet(43)) - raft.server.log.segment.size.max = 1048576 (custom)
2019-10-03 00:05:42,991 [pool-383-thread-1] INFO  server.RaftServerConfigKeys (ConfUtils.java:logGet(43)) - raft.server.log.preallocated.size = 16384 (custom)
2019-10-03 00:05:42,991 [pool-383-thread-1] INFO  server.RaftServerConfigKeys (ConfUtils.java:logGet(43)) - raft.server.log.write.buffer.size = 33554432 (custom)
2019-10-03 00:05:42,992 [pool-383-thread-1] INFO  server.RaftServerConfigKeys (ConfUtils.java:logGet(43)) - raft.server.log.force.sync.num = 128 (default)
2019-10-03 00:05:42,992 [pool-383-thread-1] INFO  server.RaftServerConfigKeys (ConfUtils.java:logGet(43)) - raft.server.log.statemachine.data.sync = true (default)
2019-10-03 00:05:42,992 [pool-383-thread-1] INFO  server.RaftServerConfigKeys (ConfUtils.java:logGet(43)) - raft.server.log.statemachine.data.sync.timeout = 10s (default)
2019-10-03 00:05:42,992 [pool-383-thread-1] INFO  server.RaftServerConfigKeys (ConfUtils.java:logGet(43)) - raft.server.log.statemachine.data.sync.timeout.retry = -1 (default)
2019-10-03 00:05:42,992 [IPC Server handler 3 on 43979] INFO  net.NetworkTopology (NetworkTopologyImpl.java:add(111)) - Added a new node: /default-rack/e3dbfaec-2d6c-4351-b688-70ba1748dc73
2019-10-03 00:05:42,992 [pool-383-thread-1] INFO  server.RaftServerConfigKeys (ConfUtils.java:logGet(43)) - raft.server.log.statemachine.data.caching.enabled = true (custom)
2019-10-03 00:05:42,992 [IPC Server handler 3 on 43979] INFO  node.SCMNodeManager (SCMNodeManager.java:register(266)) - Registered Data node : e3dbfaec-2d6c-4351-b688-70ba1748dc73{ip: 192.168.151.71, host: pr-hdds-2200-trunk-rmlvb-651263995, networkLocation: /default-rack, certSerialId: null}
2019-10-03 00:05:42,993 [pool-383-thread-1] INFO  segmented.SegmentedRaftLogWorker (SegmentedRaftLogWorker.java:lambda$new$0(128)) - 90dee035-d673-444d-8607-eaba9f04884d@group-00F6526A42BD-SegmentedRaftLogWorker: flushIndex: setUnconditionally 0 -> -1
2019-10-03 00:05:42,993 [pool-383-thread-1] INFO  server.RaftServerConfigKeys (ConfUtils.java:logGet(43)) - raft.server.snapshot.auto.trigger.enabled = true (custom)
2019-10-03 00:05:42,993 [pool-383-thread-1] INFO  server.RaftServerConfigKeys (ConfUtils.java:logGet(43)) - raft.server.snapshot.auto.trigger.threshold = 10000 (custom)
2019-10-03 00:05:42,993 [pool-383-thread-1] INFO  server.RaftServerConfigKeys (ConfUtils.java:logGet(43)) - raft.server.snapshot.retention.file.num = 5 (custom)
2019-10-03 00:05:42,993 [pool-383-thread-1] INFO  server.RaftServerConfigKeys (ConfUtils.java:logGet(43)) - raft.server.retrycache.expirytime = 600000ms (custom)
2019-10-03 00:05:42,995 [pool-383-thread-1] INFO  impl.RaftServerImpl (RaftServerImpl.java:start(181)) - 90dee035-d673-444d-8607-eaba9f04884d@group-00F6526A42BD: start as a follower, conf=-1: [90dee035-d673-444d-8607-eaba9f04884d:192.168.151.71:45161], old=null
2019-10-03 00:05:42,995 [pool-383-thread-1] INFO  impl.RaftServerImpl (RaftServerImpl.java:setRole(170)) - 90dee035-d673-444d-8607-eaba9f04884d@group-00F6526A42BD: changes role from      null to FOLLOWER at term 0 for startAsFollower
2019-10-03 00:05:42,996 [pool-383-thread-1] INFO  impl.RoleInfo (RoleInfo.java:updateAndGet(143)) - 90dee035-d673-444d-8607-eaba9f04884d: start FollowerState
2019-10-03 00:05:42,996 [pool-383-thread-1] INFO  util.JmxRegister (JmxRegister.java:tryRegister(44)) - Successfully registered JMX Bean with object name Ratis:service=RaftServer,group=group-00F6526A42BD,id=90dee035-d673-444d-8607-eaba9f04884d
2019-10-03 00:05:43,001 [RatisPipelineUtilsThread] INFO  pipeline.PipelineStateManager (PipelineStateManager.java:addPipeline(56)) - Created pipeline Pipeline[ Id: 3680490b-ff9d-4915-b06e-00f6526a42bd, Nodes: 90dee035-d673-444d-8607-eaba9f04884d{ip: 192.168.151.71, host: pr-hdds-2200-trunk-rmlvb-651263995, networkLocation: /default-rack, certSerialId: null}, Type:RATIS, Factor:ONE, State:OPEN]
2019-10-03 00:05:43,009 [grpc-default-executor-0] INFO  impl.RaftServerProxy (RaftServerProxy.java:addNew(89)) - e3dbfaec-2d6c-4351-b688-70ba1748dc73: addNew group-06867B641FD3:[e3dbfaec-2d6c-4351-b688-70ba1748dc73:192.168.151.71:35382] returns group-06867B641FD3:java.util.concurrent.CompletableFuture@1584c5ec[Not completed]
2019-10-03 00:05:43,011 [pool-393-thread-1] INFO  impl.RaftServerImpl (RaftServerImpl.java:<init>(95)) - e3dbfaec-2d6c-4351-b688-70ba1748dc73: new RaftServerImpl for group-06867B641FD3:[e3dbfaec-2d6c-4351-b688-70ba1748dc73:192.168.151.71:35382] with ContainerStateMachine:uninitialized
2019-10-03 00:05:43,011 [pool-393-thread-1] INFO  server.RaftServerConfigKeys (ConfUtils.java:logGet(43)) - raft.server.rpc.timeout.min = 5s (custom)
2019-10-03 00:05:43,011 [pool-393-thread-1] INFO  server.RaftServerConfigKeys (ConfUtils.java:logGet(43)) - raft.server.rpc.timeout.max = 5200ms (custom)
2019-10-03 00:05:43,011 [pool-393-thread-1] INFO  server.RaftServerConfigKeys (ConfUtils.java:logGet(43)) - raft.server.rpcslowness.timeout = 120s (custom)
2019-10-03 00:05:43,011 [pool-393-thread-1] INFO  server.RaftServerConfigKeys (ConfUtils.java:logGet(43)) - raft.server.sleep.deviation.threshold = 300 (default)
2019-10-03 00:05:43,011 [pool-393-thread-1] INFO  server.RaftServerConfigKeys (ConfUtils.java:logGet(43)) - raft.server.log.appender.install.snapshot.enabled = false (custom)
2019-10-03 00:05:43,012 [pool-393-thread-1] INFO  impl.RaftServerImpl (ServerState.java:<init>(103)) - e3dbfaec-2d6c-4351-b688-70ba1748dc73@group-06867B641FD3: ConfigurationManager, init=-1: [e3dbfaec-2d6c-4351-b688-70ba1748dc73:192.168.151.71:35382], old=null, confs=<EMPTY_MAP>
2019-10-03 00:05:43,012 [pool-393-thread-1] INFO  server.RaftServerConfigKeys (ConfUtils.java:logGet(43)) - raft.server.storage.dir = [/workdir/hadoop-ozone/integration-test/target/test-dir/MiniOzoneClusterImpl-5cc37e88-4648-452a-832d-c391e4d45a6b/datanode-1/data/ratis] (custom)
2019-10-03 00:05:43,012 [pool-393-thread-1] INFO  server.RaftServerConfigKeys (ConfUtils.java:logGet(43)) - raft.server.log.corruption.policy = EXCEPTION (default)
2019-10-03 00:05:43,012 [pool-393-thread-1] INFO  storage.RaftStorageDirectory (RaftStorageDirectory.java:analyzeStorage(246)) - The storage directory /workdir/hadoop-ozone/integration-test/target/test-dir/MiniOzoneClusterImpl-5cc37e88-4648-452a-832d-c391e4d45a6b/datanode-1/data/ratis/2483eba1-ff53-46b0-aef1-06867b641fd3 does not exist. Creating ...
2019-10-03 00:05:43,025 [pool-393-thread-1] INFO  storage.RaftStorageDirectory (RaftStorageDirectory.java:tryLock(328)) - Lock on /workdir/hadoop-ozone/integration-test/target/test-dir/MiniOzoneClusterImpl-5cc37e88-4648-452a-832d-c391e4d45a6b/datanode-1/data/ratis/2483eba1-ff53-46b0-aef1-06867b641fd3/in_use.lock acquired by nodename 24543@pr-hdds-2200-trunk-rmlvb-651263995
2019-10-03 00:05:43,039 [pool-393-thread-1] INFO  storage.RaftStorage (RaftStorage.java:format(84)) - Storage directory /workdir/hadoop-ozone/integration-test/target/test-dir/MiniOzoneClusterImpl-5cc37e88-4648-452a-832d-c391e4d45a6b/datanode-1/data/ratis/2483eba1-ff53-46b0-aef1-06867b641fd3 has been successfully formatted.
2019-10-03 00:05:43,039 [pool-393-thread-1] INFO  ratis.ContainerStateMachine (ContainerStateMachine.java:loadSnapshot(230)) - group-06867B641FD3: The snapshot info is null. Setting the last applied indexto:(t:0, i:~)
2019-10-03 00:05:43,039 [pool-393-thread-1] INFO  server.RaftServerConfigKeys (ConfUtils.java:logGet(43)) - raft.server.notification.no-leader.timeout = 120s (custom)
2019-10-03 00:05:43,039 [pool-393-thread-1] INFO  server.RaftServerConfigKeys (ConfUtils.java:logGet(43)) - raft.server.log.use.memory = false (default)
2019-10-03 00:05:43,040 [pool-393-thread-1] INFO  server.RaftServerConfigKeys (ConfUtils.java:logGet(43)) - raft.server.log.purge.gap = 1000000 (custom)
2019-10-03 00:05:43,040 [pool-393-thread-1] INFO  server.RaftServerConfigKeys (ConfUtils.java:logGet(43)) - raft.server.log.appender.buffer.byte-limit = 33554432 (custom)
2019-10-03 00:05:43,040 [pool-393-thread-1] INFO  server.RaftServerConfigKeys (ConfUtils.java:logGet(43)) - raft.server.log.segment.size.max = 1048576 (custom)
2019-10-03 00:05:43,042 [pool-393-thread-1] INFO  server.RaftServerConfigKeys (ConfUtils.java:logGet(43)) - raft.server.log.segment.cache.num.max = 2 (custom)
2019-10-03 00:05:43,043 [pool-393-thread-1] INFO  segmented.SegmentedRaftLogWorker (SegmentedRaftLogWorker.java:<init>(173)) - new e3dbfaec-2d6c-4351-b688-70ba1748dc73@group-06867B641FD3-SegmentedRaftLogWorker for RaftStorage:Storage Directory /workdir/hadoop-ozone/integration-test/target/test-dir/MiniOzoneClusterImpl-5cc37e88-4648-452a-832d-c391e4d45a6b/datanode-1/data/ratis/2483eba1-ff53-46b0-aef1-06867b641fd3
2019-10-03 00:05:43,043 [pool-393-thread-1] INFO  server.RaftServerConfigKeys (ConfUtils.java:logGet(43)) - raft.server.log.queue.byte-limit = 2147483647 (custom)
2019-10-03 00:05:43,043 [pool-393-thread-1] INFO  server.RaftServerConfigKeys (ConfUtils.java:logGet(43)) - raft.server.log.queue.element-limit = 1024 (custom)
2019-10-03 00:05:43,043 [pool-393-thread-1] INFO  server.RaftServerConfigKeys (ConfUtils.java:logGet(43)) - raft.server.log.segment.size.max = 1048576 (custom)
2019-10-03 00:05:43,043 [pool-393-thread-1] INFO  server.RaftServerConfigKeys (ConfUtils.java:logGet(43)) - raft.server.log.preallocated.size = 16384 (custom)
2019-10-03 00:05:43,044 [pool-393-thread-1] INFO  server.RaftServerConfigKeys (ConfUtils.java:logGet(43)) - raft.server.log.write.buffer.size = 33554432 (custom)
2019-10-03 00:05:43,044 [pool-393-thread-1] INFO  server.RaftServerConfigKeys (ConfUtils.java:logGet(43)) - raft.server.log.force.sync.num = 128 (default)
2019-10-03 00:05:43,044 [pool-393-thread-1] INFO  server.RaftServerConfigKeys (ConfUtils.java:logGet(43)) - raft.server.log.statemachine.data.sync = true (default)
2019-10-03 00:05:43,044 [pool-393-thread-1] INFO  server.RaftServerConfigKeys (ConfUtils.java:logGet(43)) - raft.server.log.statemachine.data.sync.timeout = 10s (default)
2019-10-03 00:05:43,044 [pool-393-thread-1] INFO  server.RaftServerConfigKeys (ConfUtils.java:logGet(43)) - raft.server.log.statemachine.data.sync.timeout.retry = -1 (default)
2019-10-03 00:05:43,045 [pool-393-thread-1] INFO  server.RaftServerConfigKeys (ConfUtils.java:logGet(43)) - raft.server.log.statemachine.data.caching.enabled = true (custom)
2019-10-03 00:05:43,045 [pool-393-thread-1] INFO  segmented.SegmentedRaftLogWorker (SegmentedRaftLogWorker.java:lambda$new$0(128)) - e3dbfaec-2d6c-4351-b688-70ba1748dc73@group-06867B641FD3-SegmentedRaftLogWorker: flushIndex: setUnconditionally 0 -> -1
2019-10-03 00:05:43,045 [pool-393-thread-1] INFO  server.RaftServerConfigKeys (ConfUtils.java:logGet(43)) - raft.server.snapshot.auto.trigger.enabled = true (custom)
2019-10-03 00:05:43,046 [pool-393-thread-1] INFO  server.RaftServerConfigKeys (ConfUtils.java:logGet(43)) - raft.server.snapshot.auto.trigger.threshold = 10000 (custom)
2019-10-03 00:05:43,046 [pool-393-thread-1] INFO  server.RaftServerConfigKeys (ConfUtils.java:logGet(43)) - raft.server.snapshot.retention.file.num = 5 (custom)
2019-10-03 00:05:43,046 [pool-393-thread-1] INFO  server.RaftServerConfigKeys (ConfUtils.java:logGet(43)) - raft.server.retrycache.expirytime = 600000ms (custom)
2019-10-03 00:05:43,048 [pool-393-thread-1] INFO  impl.RaftServerImpl (RaftServerImpl.java:start(181)) - e3dbfaec-2d6c-4351-b688-70ba1748dc73@group-06867B641FD3: start as a follower, conf=-1: [e3dbfaec-2d6c-4351-b688-70ba1748dc73:192.168.151.71:35382], old=null
2019-10-03 00:05:43,048 [pool-393-thread-1] INFO  impl.RaftServerImpl (RaftServerImpl.java:setRole(170)) - e3dbfaec-2d6c-4351-b688-70ba1748dc73@group-06867B641FD3: changes role from      null to FOLLOWER at term 0 for startAsFollower
2019-10-03 00:05:43,048 [pool-393-thread-1] INFO  impl.RoleInfo (RoleInfo.java:updateAndGet(143)) - e3dbfaec-2d6c-4351-b688-70ba1748dc73: start FollowerState
2019-10-03 00:05:43,049 [pool-393-thread-1] INFO  util.JmxRegister (JmxRegister.java:tryRegister(44)) - Successfully registered JMX Bean with object name Ratis:service=RaftServer,group=group-06867B641FD3,id=e3dbfaec-2d6c-4351-b688-70ba1748dc73
2019-10-03 00:05:43,053 [RatisPipelineUtilsThread] INFO  pipeline.PipelineStateManager (PipelineStateManager.java:addPipeline(56)) - Created pipeline Pipeline[ Id: 2483eba1-ff53-46b0-aef1-06867b641fd3, Nodes: e3dbfaec-2d6c-4351-b688-70ba1748dc73{ip: 192.168.151.71, host: pr-hdds-2200-trunk-rmlvb-651263995, networkLocation: /default-rack, certSerialId: null}, Type:RATIS, Factor:ONE, State:OPEN]
2019-10-03 00:05:43,076 [IPC Server handler 4 on 43979] INFO  net.NetworkTopology (NetworkTopologyImpl.java:add(111)) - Added a new node: /default-rack/7a3318a1-c1ee-448e-afda-946e71b29333
2019-10-03 00:05:43,076 [IPC Server handler 4 on 43979] INFO  node.SCMNodeManager (SCMNodeManager.java:register(266)) - Registered Data node : 7a3318a1-c1ee-448e-afda-946e71b29333{ip: 192.168.151.71, host: pr-hdds-2200-trunk-rmlvb-651263995, networkLocation: /default-rack, certSerialId: null}
2019-10-03 00:05:43,085 [grpc-default-executor-0] INFO  impl.RaftServerProxy (RaftServerProxy.java:addNew(89)) - 7a3318a1-c1ee-448e-afda-946e71b29333: addNew group-DB4340F507D8:[7a3318a1-c1ee-448e-afda-946e71b29333:192.168.151.71:42104] returns group-DB4340F507D8:java.util.concurrent.CompletableFuture@235f10a1[Not completed]
2019-10-03 00:05:43,086 [pool-403-thread-1] INFO  impl.RaftServerImpl (RaftServerImpl.java:<init>(95)) - 7a3318a1-c1ee-448e-afda-946e71b29333: new RaftServerImpl for group-DB4340F507D8:[7a3318a1-c1ee-448e-afda-946e71b29333:192.168.151.71:42104] with ContainerStateMachine:uninitialized
2019-10-03 00:05:43,086 [pool-403-thread-1] INFO  server.RaftServerConfigKeys (ConfUtils.java:logGet(43)) - raft.server.rpc.timeout.min = 5s (custom)
2019-10-03 00:05:43,087 [pool-403-thread-1] INFO  server.RaftServerConfigKeys (ConfUtils.java:logGet(43)) - raft.server.rpc.timeout.max = 5200ms (custom)
2019-10-03 00:05:43,087 [pool-403-thread-1] INFO  server.RaftServerConfigKeys (ConfUtils.java:logGet(43)) - raft.server.rpcslowness.timeout = 120s (custom)
2019-10-03 00:05:43,087 [pool-403-thread-1] INFO  server.RaftServerConfigKeys (ConfUtils.java:logGet(43)) - raft.server.sleep.deviation.threshold = 300 (default)
2019-10-03 00:05:43,087 [pool-403-thread-1] INFO  server.RaftServerConfigKeys (ConfUtils.java:logGet(43)) - raft.server.log.appender.install.snapshot.enabled = false (custom)
2019-10-03 00:05:43,087 [pool-403-thread-1] INFO  impl.RaftServerImpl (ServerState.java:<init>(103)) - 7a3318a1-c1ee-448e-afda-946e71b29333@group-DB4340F507D8: ConfigurationManager, init=-1: [7a3318a1-c1ee-448e-afda-946e71b29333:192.168.151.71:42104], old=null, confs=<EMPTY_MAP>
2019-10-03 00:05:43,087 [pool-403-thread-1] INFO  server.RaftServerConfigKeys (ConfUtils.java:logGet(43)) - raft.server.storage.dir = [/workdir/hadoop-ozone/integration-test/target/test-dir/MiniOzoneClusterImpl-5cc37e88-4648-452a-832d-c391e4d45a6b/datanode-2/data/ratis] (custom)
2019-10-03 00:05:43,088 [pool-403-thread-1] INFO  server.RaftServerConfigKeys (ConfUtils.java:logGet(43)) - raft.server.log.corruption.policy = EXCEPTION (default)
2019-10-03 00:05:43,088 [pool-403-thread-1] INFO  storage.RaftStorageDirectory (RaftStorageDirectory.java:analyzeStorage(246)) - The storage directory /workdir/hadoop-ozone/integration-test/target/test-dir/MiniOzoneClusterImpl-5cc37e88-4648-452a-832d-c391e4d45a6b/datanode-2/data/ratis/5d2c897a-999e-4485-91aa-db4340f507d8 does not exist. Creating ...
2019-10-03 00:05:43,101 [pool-403-thread-1] INFO  storage.RaftStorageDirectory (RaftStorageDirectory.java:tryLock(328)) - Lock on /workdir/hadoop-ozone/integration-test/target/test-dir/MiniOzoneClusterImpl-5cc37e88-4648-452a-832d-c391e4d45a6b/datanode-2/data/ratis/5d2c897a-999e-4485-91aa-db4340f507d8/in_use.lock acquired by nodename 24543@pr-hdds-2200-trunk-rmlvb-651263995
2019-10-03 00:05:43,113 [pool-403-thread-1] INFO  storage.RaftStorage (RaftStorage.java:format(84)) - Storage directory /workdir/hadoop-ozone/integration-test/target/test-dir/MiniOzoneClusterImpl-5cc37e88-4648-452a-832d-c391e4d45a6b/datanode-2/data/ratis/5d2c897a-999e-4485-91aa-db4340f507d8 has been successfully formatted.
2019-10-03 00:05:43,114 [pool-403-thread-1] INFO  ratis.ContainerStateMachine (ContainerStateMachine.java:loadSnapshot(230)) - group-DB4340F507D8: The snapshot info is null. Setting the last applied indexto:(t:0, i:~)
2019-10-03 00:05:43,114 [pool-403-thread-1] INFO  server.RaftServerConfigKeys (ConfUtils.java:logGet(43)) - raft.server.notification.no-leader.timeout = 120s (custom)
2019-10-03 00:05:43,114 [pool-403-thread-1] INFO  server.RaftServerConfigKeys (ConfUtils.java:logGet(43)) - raft.server.log.use.memory = false (default)
2019-10-03 00:05:43,114 [pool-403-thread-1] INFO  server.RaftServerConfigKeys (ConfUtils.java:logGet(43)) - raft.server.log.purge.gap = 1000000 (custom)
2019-10-03 00:05:43,114 [pool-403-thread-1] INFO  server.RaftServerConfigKeys (ConfUtils.java:logGet(43)) - raft.server.log.appender.buffer.byte-limit = 33554432 (custom)
2019-10-03 00:05:43,114 [pool-403-thread-1] INFO  server.RaftServerConfigKeys (ConfUtils.java:logGet(43)) - raft.server.log.segment.size.max = 1048576 (custom)
2019-10-03 00:05:43,116 [pool-403-thread-1] INFO  server.RaftServerConfigKeys (ConfUtils.java:logGet(43)) - raft.server.log.segment.cache.num.max = 2 (custom)
2019-10-03 00:05:43,116 [pool-403-thread-1] INFO  segmented.SegmentedRaftLogWorker (SegmentedRaftLogWorker.java:<init>(173)) - new 7a3318a1-c1ee-448e-afda-946e71b29333@group-DB4340F507D8-SegmentedRaftLogWorker for RaftStorage:Storage Directory /workdir/hadoop-ozone/integration-test/target/test-dir/MiniOzoneClusterImpl-5cc37e88-4648-452a-832d-c391e4d45a6b/datanode-2/data/ratis/5d2c897a-999e-4485-91aa-db4340f507d8
2019-10-03 00:05:43,116 [pool-403-thread-1] INFO  server.RaftServerConfigKeys (ConfUtils.java:logGet(43)) - raft.server.log.queue.byte-limit = 2147483647 (custom)
2019-10-03 00:05:43,116 [pool-403-thread-1] INFO  server.RaftServerConfigKeys (ConfUtils.java:logGet(43)) - raft.server.log.queue.element-limit = 1024 (custom)
2019-10-03 00:05:43,116 [pool-403-thread-1] INFO  server.RaftServerConfigKeys (ConfUtils.java:logGet(43)) - raft.server.log.segment.size.max = 1048576 (custom)
2019-10-03 00:05:43,117 [pool-403-thread-1] INFO  server.RaftServerConfigKeys (ConfUtils.java:logGet(43)) - raft.server.log.preallocated.size = 16384 (custom)
2019-10-03 00:05:43,117 [pool-403-thread-1] INFO  server.RaftServerConfigKeys (ConfUtils.java:logGet(43)) - raft.server.log.write.buffer.size = 33554432 (custom)
2019-10-03 00:05:43,117 [pool-403-thread-1] INFO  server.RaftServerConfigKeys (ConfUtils.java:logGet(43)) - raft.server.log.force.sync.num = 128 (default)
2019-10-03 00:05:43,117 [pool-403-thread-1] INFO  server.RaftServerConfigKeys (ConfUtils.java:logGet(43)) - raft.server.log.statemachine.data.sync = true (default)
2019-10-03 00:05:43,117 [pool-403-thread-1] INFO  server.RaftServerConfigKeys (ConfUtils.java:logGet(43)) - raft.server.log.statemachine.data.sync.timeout = 10s (default)
2019-10-03 00:05:43,117 [pool-403-thread-1] INFO  server.RaftServerConfigKeys (ConfUtils.java:logGet(43)) - raft.server.log.statemachine.data.sync.timeout.retry = -1 (default)
2019-10-03 00:05:43,117 [pool-403-thread-1] INFO  server.RaftServerConfigKeys (ConfUtils.java:logGet(43)) - raft.server.log.statemachine.data.caching.enabled = true (custom)
2019-10-03 00:05:43,118 [pool-403-thread-1] INFO  segmented.SegmentedRaftLogWorker (SegmentedRaftLogWorker.java:lambda$new$0(128)) - 7a3318a1-c1ee-448e-afda-946e71b29333@group-DB4340F507D8-SegmentedRaftLogWorker: flushIndex: setUnconditionally 0 -> -1
2019-10-03 00:05:43,118 [pool-403-thread-1] INFO  server.RaftServerConfigKeys (ConfUtils.java:logGet(43)) - raft.server.snapshot.auto.trigger.enabled = true (custom)
2019-10-03 00:05:43,118 [pool-403-thread-1] INFO  server.RaftServerConfigKeys (ConfUtils.java:logGet(43)) - raft.server.snapshot.auto.trigger.threshold = 10000 (custom)
2019-10-03 00:05:43,118 [pool-403-thread-1] INFO  server.RaftServerConfigKeys (ConfUtils.java:logGet(43)) - raft.server.snapshot.retention.file.num = 5 (custom)
2019-10-03 00:05:43,118 [pool-403-thread-1] INFO  server.RaftServerConfigKeys (ConfUtils.java:logGet(43)) - raft.server.retrycache.expirytime = 600000ms (custom)
2019-10-03 00:05:43,120 [pool-403-thread-1] INFO  impl.RaftServerImpl (RaftServerImpl.java:start(181)) - 7a3318a1-c1ee-448e-afda-946e71b29333@group-DB4340F507D8: start as a follower, conf=-1: [7a3318a1-c1ee-448e-afda-946e71b29333:192.168.151.71:42104], old=null
2019-10-03 00:05:43,120 [pool-403-thread-1] INFO  impl.RaftServerImpl (RaftServerImpl.java:setRole(170)) - 7a3318a1-c1ee-448e-afda-946e71b29333@group-DB4340F507D8: changes role from      null to FOLLOWER at term 0 for startAsFollower
2019-10-03 00:05:43,120 [pool-403-thread-1] INFO  impl.RoleInfo (RoleInfo.java:updateAndGet(143)) - 7a3318a1-c1ee-448e-afda-946e71b29333: start FollowerState
2019-10-03 00:05:43,121 [pool-403-thread-1] INFO  util.JmxRegister (JmxRegister.java:tryRegister(44)) - Successfully registered JMX Bean with object name Ratis:service=RaftServer,group=group-DB4340F507D8,id=7a3318a1-c1ee-448e-afda-946e71b29333
2019-10-03 00:05:43,125 [RatisPipelineUtilsThread] INFO  pipeline.PipelineStateManager (PipelineStateManager.java:addPipeline(56)) - Created pipeline Pipeline[ Id: 5d2c897a-999e-4485-91aa-db4340f507d8, Nodes: 7a3318a1-c1ee-448e-afda-946e71b29333{ip: 192.168.151.71, host: pr-hdds-2200-trunk-rmlvb-651263995, networkLocation: /default-rack, certSerialId: null}, Type:RATIS, Factor:ONE, State:OPEN]
2019-10-03 00:05:43,140 [grpc-default-executor-1] INFO  impl.RaftServerProxy (RaftServerProxy.java:addNew(89)) - e3dbfaec-2d6c-4351-b688-70ba1748dc73: addNew group-F2956C8F997C:[90dee035-d673-444d-8607-eaba9f04884d:192.168.151.71:45161, e3dbfaec-2d6c-4351-b688-70ba1748dc73:192.168.151.71:35382, 7a3318a1-c1ee-448e-afda-946e71b29333:192.168.151.71:42104] returns group-F2956C8F997C:java.util.concurrent.CompletableFuture@181dfe86[Not completed]
2019-10-03 00:05:43,140 [grpc-default-executor-1] INFO  impl.RaftServerProxy (RaftServerProxy.java:addNew(89)) - 7a3318a1-c1ee-448e-afda-946e71b29333: addNew group-F2956C8F997C:[90dee035-d673-444d-8607-eaba9f04884d:192.168.151.71:45161, e3dbfaec-2d6c-4351-b688-70ba1748dc73:192.168.151.71:35382, 7a3318a1-c1ee-448e-afda-946e71b29333:192.168.151.71:42104] returns group-F2956C8F997C:java.util.concurrent.CompletableFuture@6eb966d8[Not completed]
2019-10-03 00:05:43,141 [grpc-default-executor-0] INFO  impl.RaftServerProxy (RaftServerProxy.java:addNew(89)) - 90dee035-d673-444d-8607-eaba9f04884d: addNew group-F2956C8F997C:[90dee035-d673-444d-8607-eaba9f04884d:192.168.151.71:45161, e3dbfaec-2d6c-4351-b688-70ba1748dc73:192.168.151.71:35382, 7a3318a1-c1ee-448e-afda-946e71b29333:192.168.151.71:42104] returns group-F2956C8F997C:java.util.concurrent.CompletableFuture@56cd5dad[Not completed]
2019-10-03 00:05:43,141 [pool-393-thread-1] INFO  impl.RaftServerImpl (RaftServerImpl.java:<init>(95)) - e3dbfaec-2d6c-4351-b688-70ba1748dc73: new RaftServerImpl for group-F2956C8F997C:[90dee035-d673-444d-8607-eaba9f04884d:192.168.151.71:45161, e3dbfaec-2d6c-4351-b688-70ba1748dc73:192.168.151.71:35382, 7a3318a1-c1ee-448e-afda-946e71b29333:192.168.151.71:42104] with ContainerStateMachine:uninitialized
2019-10-03 00:05:43,142 [pool-393-thread-1] INFO  server.RaftServerConfigKeys (ConfUtils.java:logGet(43)) - raft.server.rpc.timeout.min = 5s (custom)
2019-10-03 00:05:43,142 [pool-393-thread-1] INFO  server.RaftServerConfigKeys (ConfUtils.java:logGet(43)) - raft.server.rpc.timeout.max = 5200ms (custom)
2019-10-03 00:05:43,142 [pool-393-thread-1] INFO  server.RaftServerConfigKeys (ConfUtils.java:logGet(43)) - raft.server.rpcslowness.timeout = 120s (custom)
2019-10-03 00:05:43,142 [pool-393-thread-1] INFO  server.RaftServerConfigKeys (ConfUtils.java:logGet(43)) - raft.server.sleep.deviation.threshold = 300 (default)
2019-10-03 00:05:43,142 [pool-393-thread-1] INFO  server.RaftServerConfigKeys (ConfUtils.java:logGet(43)) - raft.server.log.appender.install.snapshot.enabled = false (custom)
2019-10-03 00:05:43,142 [pool-383-thread-1] INFO  impl.RaftServerImpl (RaftServerImpl.java:<init>(95)) - 90dee035-d673-444d-8607-eaba9f04884d: new RaftServerImpl for group-F2956C8F997C:[90dee035-d673-444d-8607-eaba9f04884d:192.168.151.71:45161, e3dbfaec-2d6c-4351-b688-70ba1748dc73:192.168.151.71:35382, 7a3318a1-c1ee-448e-afda-946e71b29333:192.168.151.71:42104] with ContainerStateMachine:uninitialized
2019-10-03 00:05:43,142 [pool-393-thread-1] INFO  impl.RaftServerImpl (ServerState.java:<init>(103)) - e3dbfaec-2d6c-4351-b688-70ba1748dc73@group-F2956C8F997C: ConfigurationManager, init=-1: [90dee035-d673-444d-8607-eaba9f04884d:192.168.151.71:45161, e3dbfaec-2d6c-4351-b688-70ba1748dc73:192.168.151.71:35382, 7a3318a1-c1ee-448e-afda-946e71b29333:192.168.151.71:42104], old=null, confs=<EMPTY_MAP>
2019-10-03 00:05:43,142 [pool-383-thread-1] INFO  server.RaftServerConfigKeys (ConfUtils.java:logGet(43)) - raft.server.rpc.timeout.min = 5s (custom)
2019-10-03 00:05:43,142 [pool-403-thread-1] INFO  impl.RaftServerImpl (RaftServerImpl.java:<init>(95)) - 7a3318a1-c1ee-448e-afda-946e71b29333: new RaftServerImpl for group-F2956C8F997C:[90dee035-d673-444d-8607-eaba9f04884d:192.168.151.71:45161, e3dbfaec-2d6c-4351-b688-70ba1748dc73:192.168.151.71:35382, 7a3318a1-c1ee-448e-afda-946e71b29333:192.168.151.71:42104] with ContainerStateMachine:uninitialized
2019-10-03 00:05:43,142 [pool-393-thread-1] INFO  server.RaftServerConfigKeys (ConfUtils.java:logGet(43)) - raft.server.storage.dir = [/workdir/hadoop-ozone/integration-test/target/test-dir/MiniOzoneClusterImpl-5cc37e88-4648-452a-832d-c391e4d45a6b/datanode-1/data/ratis] (custom)
2019-10-03 00:05:43,143 [pool-403-thread-1] INFO  server.RaftServerConfigKeys (ConfUtils.java:logGet(43)) - raft.server.rpc.timeout.min = 5s (custom)
2019-10-03 00:05:43,143 [pool-383-thread-1] INFO  server.RaftServerConfigKeys (ConfUtils.java:logGet(43)) - raft.server.rpc.timeout.max = 5200ms (custom)
2019-10-03 00:05:43,143 [pool-393-thread-1] INFO  server.RaftServerConfigKeys (ConfUtils.java:logGet(43)) - raft.server.log.corruption.policy = EXCEPTION (default)
2019-10-03 00:05:43,143 [pool-403-thread-1] INFO  server.RaftServerConfigKeys (ConfUtils.java:logGet(43)) - raft.server.rpc.timeout.max = 5200ms (custom)
2019-10-03 00:05:43,143 [pool-393-thread-1] INFO  storage.RaftStorageDirectory (RaftStorageDirectory.java:analyzeStorage(246)) - The storage directory /workdir/hadoop-ozone/integration-test/target/test-dir/MiniOzoneClusterImpl-5cc37e88-4648-452a-832d-c391e4d45a6b/datanode-1/data/ratis/b89a824f-3882-4712-a7b4-f2956c8f997c does not exist. Creating ...
2019-10-03 00:05:43,143 [pool-383-thread-1] INFO  server.RaftServerConfigKeys (ConfUtils.java:logGet(43)) - raft.server.rpcslowness.timeout = 120s (custom)
2019-10-03 00:05:43,143 [pool-403-thread-1] INFO  server.RaftServerConfigKeys (ConfUtils.java:logGet(43)) - raft.server.rpcslowness.timeout = 120s (custom)
2019-10-03 00:05:43,143 [pool-383-thread-1] INFO  server.RaftServerConfigKeys (ConfUtils.java:logGet(43)) - raft.server.sleep.deviation.threshold = 300 (default)
2019-10-03 00:05:43,144 [pool-403-thread-1] INFO  server.RaftServerConfigKeys (ConfUtils.java:logGet(43)) - raft.server.sleep.deviation.threshold = 300 (default)
2019-10-03 00:05:43,144 [pool-383-thread-1] INFO  server.RaftServerConfigKeys (ConfUtils.java:logGet(43)) - raft.server.log.appender.install.snapshot.enabled = false (custom)
2019-10-03 00:05:43,144 [pool-403-thread-1] INFO  server.RaftServerConfigKeys (ConfUtils.java:logGet(43)) - raft.server.log.appender.install.snapshot.enabled = false (custom)
2019-10-03 00:05:43,144 [pool-383-thread-1] INFO  impl.RaftServerImpl (ServerState.java:<init>(103)) - 90dee035-d673-444d-8607-eaba9f04884d@group-F2956C8F997C: ConfigurationManager, init=-1: [90dee035-d673-444d-8607-eaba9f04884d:192.168.151.71:45161, e3dbfaec-2d6c-4351-b688-70ba1748dc73:192.168.151.71:35382, 7a3318a1-c1ee-448e-afda-946e71b29333:192.168.151.71:42104], old=null, confs=<EMPTY_MAP>
2019-10-03 00:05:43,144 [pool-403-thread-1] INFO  impl.RaftServerImpl (ServerState.java:<init>(103)) - 7a3318a1-c1ee-448e-afda-946e71b29333@group-F2956C8F997C: ConfigurationManager, init=-1: [90dee035-d673-444d-8607-eaba9f04884d:192.168.151.71:45161, e3dbfaec-2d6c-4351-b688-70ba1748dc73:192.168.151.71:35382, 7a3318a1-c1ee-448e-afda-946e71b29333:192.168.151.71:42104], old=null, confs=<EMPTY_MAP>
2019-10-03 00:05:43,144 [pool-383-thread-1] INFO  server.RaftServerConfigKeys (ConfUtils.java:logGet(43)) - raft.server.storage.dir = [/workdir/hadoop-ozone/integration-test/target/test-dir/MiniOzoneClusterImpl-5cc37e88-4648-452a-832d-c391e4d45a6b/datanode-0/data/ratis] (custom)
2019-10-03 00:05:43,144 [pool-403-thread-1] INFO  server.RaftServerConfigKeys (ConfUtils.java:logGet(43)) - raft.server.storage.dir = [/workdir/hadoop-ozone/integration-test/target/test-dir/MiniOzoneClusterImpl-5cc37e88-4648-452a-832d-c391e4d45a6b/datanode-2/data/ratis] (custom)
2019-10-03 00:05:43,145 [pool-383-thread-1] INFO  server.RaftServerConfigKeys (ConfUtils.java:logGet(43)) - raft.server.log.corruption.policy = EXCEPTION (default)
2019-10-03 00:05:43,145 [pool-403-thread-1] INFO  server.RaftServerConfigKeys (ConfUtils.java:logGet(43)) - raft.server.log.corruption.policy = EXCEPTION (default)
2019-10-03 00:05:43,145 [pool-383-thread-1] INFO  storage.RaftStorageDirectory (RaftStorageDirectory.java:analyzeStorage(246)) - The storage directory /workdir/hadoop-ozone/integration-test/target/test-dir/MiniOzoneClusterImpl-5cc37e88-4648-452a-832d-c391e4d45a6b/datanode-0/data/ratis/b89a824f-3882-4712-a7b4-f2956c8f997c does not exist. Creating ...
2019-10-03 00:05:43,145 [pool-403-thread-1] INFO  storage.RaftStorageDirectory (RaftStorageDirectory.java:analyzeStorage(246)) - The storage directory /workdir/hadoop-ozone/integration-test/target/test-dir/MiniOzoneClusterImpl-5cc37e88-4648-452a-832d-c391e4d45a6b/datanode-2/data/ratis/b89a824f-3882-4712-a7b4-f2956c8f997c does not exist. Creating ...
2019-10-03 00:05:43,146 [IPC Server handler 1 on 43979] INFO  net.NetworkTopology (NetworkTopologyImpl.java:add(111)) - Added a new node: /default-rack/98071f0e-f6e2-4f1d-adef-2776e916fd00
2019-10-03 00:05:43,146 [IPC Server handler 1 on 43979] INFO  node.SCMNodeManager (SCMNodeManager.java:register(266)) - Registered Data node : 98071f0e-f6e2-4f1d-adef-2776e916fd00{ip: 192.168.151.71, host: pr-hdds-2200-trunk-rmlvb-651263995, networkLocation: /default-rack, certSerialId: null}
2019-10-03 00:05:43,157 [pool-383-thread-1] INFO  storage.RaftStorageDirectory (RaftStorageDirectory.java:tryLock(328)) - Lock on /workdir/hadoop-ozone/integration-test/target/test-dir/MiniOzoneClusterImpl-5cc37e88-4648-452a-832d-c391e4d45a6b/datanode-0/data/ratis/b89a824f-3882-4712-a7b4-f2956c8f997c/in_use.lock acquired by nodename 24543@pr-hdds-2200-trunk-rmlvb-651263995
2019-10-03 00:05:43,157 [pool-393-thread-1] INFO  storage.RaftStorageDirectory (RaftStorageDirectory.java:tryLock(328)) - Lock on /workdir/hadoop-ozone/integration-test/target/test-dir/MiniOzoneClusterImpl-5cc37e88-4648-452a-832d-c391e4d45a6b/datanode-1/data/ratis/b89a824f-3882-4712-a7b4-f2956c8f997c/in_use.lock acquired by nodename 24543@pr-hdds-2200-trunk-rmlvb-651263995
2019-10-03 00:05:43,157 [pool-403-thread-1] INFO  storage.RaftStorageDirectory (RaftStorageDirectory.java:tryLock(328)) - Lock on /workdir/hadoop-ozone/integration-test/target/test-dir/MiniOzoneClusterImpl-5cc37e88-4648-452a-832d-c391e4d45a6b/datanode-2/data/ratis/b89a824f-3882-4712-a7b4-f2956c8f997c/in_use.lock acquired by nodename 24543@pr-hdds-2200-trunk-rmlvb-651263995
2019-10-03 00:05:43,171 [pool-393-thread-1] INFO  storage.RaftStorage (RaftStorage.java:format(84)) - Storage directory /workdir/hadoop-ozone/integration-test/target/test-dir/MiniOzoneClusterImpl-5cc37e88-4648-452a-832d-c391e4d45a6b/datanode-1/data/ratis/b89a824f-3882-4712-a7b4-f2956c8f997c has been successfully formatted.
2019-10-03 00:05:43,171 [pool-403-thread-1] INFO  storage.RaftStorage (RaftStorage.java:format(84)) - Storage directory /workdir/hadoop-ozone/integration-test/target/test-dir/MiniOzoneClusterImpl-5cc37e88-4648-452a-832d-c391e4d45a6b/datanode-2/data/ratis/b89a824f-3882-4712-a7b4-f2956c8f997c has been successfully formatted.
2019-10-03 00:05:43,171 [pool-383-thread-1] INFO  storage.RaftStorage (RaftStorage.java:format(84)) - Storage directory /workdir/hadoop-ozone/integration-test/target/test-dir/MiniOzoneClusterImpl-5cc37e88-4648-452a-832d-c391e4d45a6b/datanode-0/data/ratis/b89a824f-3882-4712-a7b4-f2956c8f997c has been successfully formatted.
2019-10-03 00:05:43,171 [pool-393-thread-1] INFO  ratis.ContainerStateMachine (ContainerStateMachine.java:loadSnapshot(230)) - group-F2956C8F997C: The snapshot info is null. Setting the last applied indexto:(t:0, i:~)
2019-10-03 00:05:43,171 [pool-383-thread-1] INFO  ratis.ContainerStateMachine (ContainerStateMachine.java:loadSnapshot(230)) - group-F2956C8F997C: The snapshot info is null. Setting the last applied indexto:(t:0, i:~)
2019-10-03 00:05:43,171 [pool-403-thread-1] INFO  ratis.ContainerStateMachine (ContainerStateMachine.java:loadSnapshot(230)) - group-F2956C8F997C: The snapshot info is null. Setting the last applied indexto:(t:0, i:~)
2019-10-03 00:05:43,172 [pool-383-thread-1] INFO  server.RaftServerConfigKeys (ConfUtils.java:logGet(43)) - raft.server.notification.no-leader.timeout = 120s (custom)
2019-10-03 00:05:43,171 [pool-393-thread-1] INFO  server.RaftServerConfigKeys (ConfUtils.java:logGet(43)) - raft.server.notification.no-leader.timeout = 120s (custom)
2019-10-03 00:05:43,172 [pool-383-thread-1] INFO  server.RaftServerConfigKeys (ConfUtils.java:logGet(43)) - raft.server.log.use.memory = false (default)
2019-10-03 00:05:43,172 [pool-403-thread-1] INFO  server.RaftServerConfigKeys (ConfUtils.java:logGet(43)) - raft.server.notification.no-leader.timeout = 120s (custom)
2019-10-03 00:05:43,172 [pool-383-thread-1] INFO  server.RaftServerConfigKeys (ConfUtils.java:logGet(43)) - raft.server.log.purge.gap = 1000000 (custom)
2019-10-03 00:05:43,172 [pool-383-thread-1] INFO  server.RaftServerConfigKeys (ConfUtils.java:logGet(43)) - raft.server.log.appender.buffer.byte-limit = 33554432 (custom)
2019-10-03 00:05:43,172 [pool-393-thread-1] INFO  server.RaftServerConfigKeys (ConfUtils.java:logGet(43)) - raft.server.log.use.memory = false (default)
2019-10-03 00:05:43,173 [pool-383-thread-1] INFO  server.RaftServerConfigKeys (ConfUtils.java:logGet(43)) - raft.server.log.segment.size.max = 1048576 (custom)
2019-10-03 00:05:43,172 [pool-403-thread-1] INFO  server.RaftServerConfigKeys (ConfUtils.java:logGet(43)) - raft.server.log.use.memory = false (default)
2019-10-03 00:05:43,173 [pool-383-thread-1] INFO  server.RaftServerConfigKeys (ConfUtils.java:logGet(43)) - raft.server.log.segment.cache.num.max = 2 (custom)
2019-10-03 00:05:43,173 [pool-393-thread-1] INFO  server.RaftServerConfigKeys (ConfUtils.java:logGet(43)) - raft.server.log.purge.gap = 1000000 (custom)
2019-10-03 00:05:43,173 [pool-383-thread-1] INFO  segmented.SegmentedRaftLogWorker (SegmentedRaftLogWorker.java:<init>(173)) - new 90dee035-d673-444d-8607-eaba9f04884d@group-F2956C8F997C-SegmentedRaftLogWorker for RaftStorage:Storage Directory /workdir/hadoop-ozone/integration-test/target/test-dir/MiniOzoneClusterImpl-5cc37e88-4648-452a-832d-c391e4d45a6b/datanode-0/data/ratis/b89a824f-3882-4712-a7b4-f2956c8f997c
2019-10-03 00:05:43,173 [pool-383-thread-1] INFO  server.RaftServerConfigKeys (ConfUtils.java:logGet(43)) - raft.server.log.queue.byte-limit = 2147483647 (custom)
2019-10-03 00:05:43,173 [pool-403-thread-1] INFO  server.RaftServerConfigKeys (ConfUtils.java:logGet(43)) - raft.server.log.purge.gap = 1000000 (custom)
2019-10-03 00:05:43,174 [pool-383-thread-1] INFO  server.RaftServerConfigKeys (ConfUtils.java:logGet(43)) - raft.server.log.queue.element-limit = 1024 (custom)
2019-10-03 00:05:43,173 [pool-393-thread-1] INFO  server.RaftServerConfigKeys (ConfUtils.java:logGet(43)) - raft.server.log.appender.buffer.byte-limit = 33554432 (custom)
2019-10-03 00:05:43,174 [pool-383-thread-1] INFO  server.RaftServerConfigKeys (ConfUtils.java:logGet(43)) - raft.server.log.segment.size.max = 1048576 (custom)
2019-10-03 00:05:43,174 [pool-383-thread-1] INFO  server.RaftServerConfigKeys (ConfUtils.java:logGet(43)) - raft.server.log.preallocated.size = 16384 (custom)
2019-10-03 00:05:43,174 [pool-403-thread-1] INFO  server.RaftServerConfigKeys (ConfUtils.java:logGet(43)) - raft.server.log.appender.buffer.byte-limit = 33554432 (custom)
2019-10-03 00:05:43,174 [pool-383-thread-1] INFO  server.RaftServerConfigKeys (ConfUtils.java:logGet(43)) - raft.server.log.write.buffer.size = 33554432 (custom)
2019-10-03 00:05:43,175 [pool-383-thread-1] INFO  server.RaftServerConfigKeys (ConfUtils.java:logGet(43)) - raft.server.log.force.sync.num = 128 (default)
2019-10-03 00:05:43,174 [pool-393-thread-1] INFO  server.RaftServerConfigKeys (ConfUtils.java:logGet(43)) - raft.server.log.segment.size.max = 1048576 (custom)
2019-10-03 00:05:43,175 [pool-383-thread-1] INFO  server.RaftServerConfigKeys (ConfUtils.java:logGet(43)) - raft.server.log.statemachine.data.sync = true (default)
2019-10-03 00:05:43,174 [pool-403-thread-1] INFO  server.RaftServerConfigKeys (ConfUtils.java:logGet(43)) - raft.server.log.segment.size.max = 1048576 (custom)
2019-10-03 00:05:43,175 [pool-383-thread-1] INFO  server.RaftServerConfigKeys (ConfUtils.java:logGet(43)) - raft.server.log.statemachine.data.sync.timeout = 10s (default)
2019-10-03 00:05:43,175 [pool-393-thread-1] INFO  server.RaftServerConfigKeys (ConfUtils.java:logGet(43)) - raft.server.log.segment.cache.num.max = 2 (custom)
2019-10-03 00:05:43,175 [pool-383-thread-1] INFO  server.RaftServerConfigKeys (ConfUtils.java:logGet(43)) - raft.server.log.statemachine.data.sync.timeout.retry = -1 (default)
2019-10-03 00:05:43,175 [pool-403-thread-1] INFO  server.RaftServerConfigKeys (ConfUtils.java:logGet(43)) - raft.server.log.segment.cache.num.max = 2 (custom)
2019-10-03 00:05:43,176 [pool-383-thread-1] INFO  server.RaftServerConfigKeys (ConfUtils.java:logGet(43)) - raft.server.log.statemachine.data.caching.enabled = true (custom)
2019-10-03 00:05:43,175 [pool-393-thread-1] INFO  segmented.SegmentedRaftLogWorker (SegmentedRaftLogWorker.java:<init>(173)) - new e3dbfaec-2d6c-4351-b688-70ba1748dc73@group-F2956C8F997C-SegmentedRaftLogWorker for RaftStorage:Storage Directory /workdir/hadoop-ozone/integration-test/target/test-dir/MiniOzoneClusterImpl-5cc37e88-4648-452a-832d-c391e4d45a6b/datanode-1/data/ratis/b89a824f-3882-4712-a7b4-f2956c8f997c
2019-10-03 00:05:43,176 [pool-403-thread-1] INFO  segmented.SegmentedRaftLogWorker (SegmentedRaftLogWorker.java:<init>(173)) - new 7a3318a1-c1ee-448e-afda-946e71b29333@group-F2956C8F997C-SegmentedRaftLogWorker for RaftStorage:Storage Directory /workdir/hadoop-ozone/integration-test/target/test-dir/MiniOzoneClusterImpl-5cc37e88-4648-452a-832d-c391e4d45a6b/datanode-2/data/ratis/b89a824f-3882-4712-a7b4-f2956c8f997c
2019-10-03 00:05:43,176 [pool-383-thread-1] INFO  segmented.SegmentedRaftLogWorker (SegmentedRaftLogWorker.java:lambda$new$0(128)) - 90dee035-d673-444d-8607-eaba9f04884d@group-F2956C8F997C-SegmentedRaftLogWorker: flushIndex: setUnconditionally 0 -> -1
2019-10-03 00:05:43,176 [pool-393-thread-1] INFO  server.RaftServerConfigKeys (ConfUtils.java:logGet(43)) - raft.server.log.queue.byte-limit = 2147483647 (custom)
2019-10-03 00:05:43,176 [pool-403-thread-1] INFO  server.RaftServerConfigKeys (ConfUtils.java:logGet(43)) - raft.server.log.queue.byte-limit = 2147483647 (custom)
2019-10-03 00:05:43,177 [pool-393-thread-1] INFO  server.RaftServerConfigKeys (ConfUtils.java:logGet(43)) - raft.server.log.queue.element-limit = 1024 (custom)
2019-10-03 00:05:43,176 [pool-383-thread-1] INFO  server.RaftServerConfigKeys (ConfUtils.java:logGet(43)) - raft.server.snapshot.auto.trigger.enabled = true (custom)
2019-10-03 00:05:43,177 [pool-393-thread-1] INFO  server.RaftServerConfigKeys (ConfUtils.java:logGet(43)) - raft.server.log.segment.size.max = 1048576 (custom)
2019-10-03 00:05:43,177 [pool-393-thread-1] INFO  server.RaftServerConfigKeys (ConfUtils.java:logGet(43)) - raft.server.log.preallocated.size = 16384 (custom)
2019-10-03 00:05:43,177 [pool-403-thread-1] INFO  server.RaftServerConfigKeys (ConfUtils.java:logGet(43)) - raft.server.log.queue.element-limit = 1024 (custom)
2019-10-03 00:05:43,177 [pool-393-thread-1] INFO  server.RaftServerConfigKeys (ConfUtils.java:logGet(43)) - raft.server.log.write.buffer.size = 33554432 (custom)
2019-10-03 00:05:43,177 [pool-383-thread-1] INFO  server.RaftServerConfigKeys (ConfUtils.java:logGet(43)) - raft.server.snapshot.auto.trigger.threshold = 10000 (custom)
2019-10-03 00:05:43,178 [pool-393-thread-1] INFO  server.RaftServerConfigKeys (ConfUtils.java:logGet(43)) - raft.server.log.force.sync.num = 128 (default)
2019-10-03 00:05:43,178 [pool-393-thread-1] INFO  server.RaftServerConfigKeys (ConfUtils.java:logGet(43)) - raft.server.log.statemachine.data.sync = true (default)
2019-10-03 00:05:43,177 [pool-403-thread-1] INFO  server.RaftServerConfigKeys (ConfUtils.java:logGet(43)) - raft.server.log.segment.size.max = 1048576 (custom)
2019-10-03 00:05:43,178 [pool-393-thread-1] INFO  server.RaftServerConfigKeys (ConfUtils.java:logGet(43)) - raft.server.log.statemachine.data.sync.timeout = 10s (default)
2019-10-03 00:05:43,178 [pool-393-thread-1] INFO  server.RaftServerConfigKeys (ConfUtils.java:logGet(43)) - raft.server.log.statemachine.data.sync.timeout.retry = -1 (default)
2019-10-03 00:05:43,178 [pool-383-thread-1] INFO  server.RaftServerConfigKeys (ConfUtils.java:logGet(43)) - raft.server.snapshot.retention.file.num = 5 (custom)
2019-10-03 00:05:43,178 [pool-393-thread-1] INFO  server.RaftServerConfigKeys (ConfUtils.java:logGet(43)) - raft.server.log.statemachine.data.caching.enabled = true (custom)
2019-10-03 00:05:43,178 [pool-403-thread-1] INFO  server.RaftServerConfigKeys (ConfUtils.java:logGet(43)) - raft.server.log.preallocated.size = 16384 (custom)
2019-10-03 00:05:43,179 [pool-393-thread-1] INFO  segmented.SegmentedRaftLogWorker (SegmentedRaftLogWorker.java:lambda$new$0(128)) - e3dbfaec-2d6c-4351-b688-70ba1748dc73@group-F2956C8F997C-SegmentedRaftLogWorker: flushIndex: setUnconditionally 0 -> -1
2019-10-03 00:05:43,179 [pool-383-thread-1] INFO  server.RaftServerConfigKeys (ConfUtils.java:logGet(43)) - raft.server.retrycache.expirytime = 600000ms (custom)
2019-10-03 00:05:43,179 [pool-403-thread-1] INFO  server.RaftServerConfigKeys (ConfUtils.java:logGet(43)) - raft.server.log.write.buffer.size = 33554432 (custom)
2019-10-03 00:05:43,179 [pool-393-thread-1] INFO  server.RaftServerConfigKeys (ConfUtils.java:logGet(43)) - raft.server.snapshot.auto.trigger.enabled = true (custom)
2019-10-03 00:05:43,179 [pool-403-thread-1] INFO  server.RaftServerConfigKeys (ConfUtils.java:logGet(43)) - raft.server.log.force.sync.num = 128 (default)
2019-10-03 00:05:43,180 [pool-393-thread-1] INFO  server.RaftServerConfigKeys (ConfUtils.java:logGet(43)) - raft.server.snapshot.auto.trigger.threshold = 10000 (custom)
2019-10-03 00:05:43,180 [pool-403-thread-1] INFO  server.RaftServerConfigKeys (ConfUtils.java:logGet(43)) - raft.server.log.statemachine.data.sync = true (default)
2019-10-03 00:05:43,180 [pool-393-thread-1] INFO  server.RaftServerConfigKeys (ConfUtils.java:logGet(43)) - raft.server.snapshot.retention.file.num = 5 (custom)
2019-10-03 00:05:43,180 [pool-403-thread-1] INFO  server.RaftServerConfigKeys (ConfUtils.java:logGet(43)) - raft.server.log.statemachine.data.sync.timeout = 10s (default)
2019-10-03 00:05:43,180 [pool-393-thread-1] INFO  server.RaftServerConfigKeys (ConfUtils.java:logGet(43)) - raft.server.retrycache.expirytime = 600000ms (custom)
2019-10-03 00:05:43,180 [pool-403-thread-1] INFO  server.RaftServerConfigKeys (ConfUtils.java:logGet(43)) - raft.server.log.statemachine.data.sync.timeout.retry = -1 (default)
2019-10-03 00:05:43,181 [pool-403-thread-1] INFO  server.RaftServerConfigKeys (ConfUtils.java:logGet(43)) - raft.server.log.statemachine.data.caching.enabled = true (custom)
2019-10-03 00:05:43,181 [pool-383-thread-1] INFO  impl.RaftServerImpl (RaftServerImpl.java:start(181)) - 90dee035-d673-444d-8607-eaba9f04884d@group-F2956C8F997C: start as a follower, conf=-1: [90dee035-d673-444d-8607-eaba9f04884d:192.168.151.71:45161, e3dbfaec-2d6c-4351-b688-70ba1748dc73:192.168.151.71:35382, 7a3318a1-c1ee-448e-afda-946e71b29333:192.168.151.71:42104], old=null
2019-10-03 00:05:43,181 [pool-383-thread-1] INFO  impl.RaftServerImpl (RaftServerImpl.java:setRole(170)) - 90dee035-d673-444d-8607-eaba9f04884d@group-F2956C8F997C: changes role from      null to FOLLOWER at term 0 for startAsFollower
2019-10-03 00:05:43,181 [pool-403-thread-1] INFO  segmented.SegmentedRaftLogWorker (SegmentedRaftLogWorker.java:lambda$new$0(128)) - 7a3318a1-c1ee-448e-afda-946e71b29333@group-F2956C8F997C-SegmentedRaftLogWorker: flushIndex: setUnconditionally 0 -> -1
2019-10-03 00:05:43,181 [pool-383-thread-1] INFO  impl.RoleInfo (RoleInfo.java:updateAndGet(143)) - 90dee035-d673-444d-8607-eaba9f04884d: start FollowerState
2019-10-03 00:05:43,181 [pool-403-thread-1] INFO  server.RaftServerConfigKeys (ConfUtils.java:logGet(43)) - raft.server.snapshot.auto.trigger.enabled = true (custom)
2019-10-03 00:05:43,182 [pool-383-thread-1] INFO  util.JmxRegister (JmxRegister.java:tryRegister(44)) - Successfully registered JMX Bean with object name Ratis:service=RaftServer,group=group-F2956C8F997C,id=90dee035-d673-444d-8607-eaba9f04884d
2019-10-03 00:05:43,182 [pool-403-thread-1] INFO  server.RaftServerConfigKeys (ConfUtils.java:logGet(43)) - raft.server.snapshot.auto.trigger.threshold = 10000 (custom)
2019-10-03 00:05:43,182 [pool-403-thread-1] INFO  server.RaftServerConfigKeys (ConfUtils.java:logGet(43)) - raft.server.snapshot.retention.file.num = 5 (custom)
2019-10-03 00:05:43,182 [pool-393-thread-1] INFO  impl.RaftServerImpl (RaftServerImpl.java:start(181)) - e3dbfaec-2d6c-4351-b688-70ba1748dc73@group-F2956C8F997C: start as a follower, conf=-1: [90dee035-d673-444d-8607-eaba9f04884d:192.168.151.71:45161, e3dbfaec-2d6c-4351-b688-70ba1748dc73:192.168.151.71:35382, 7a3318a1-c1ee-448e-afda-946e71b29333:192.168.151.71:42104], old=null
2019-10-03 00:05:43,182 [pool-403-thread-1] INFO  server.RaftServerConfigKeys (ConfUtils.java:logGet(43)) - raft.server.retrycache.expirytime = 600000ms (custom)
2019-10-03 00:05:43,182 [pool-393-thread-1] INFO  impl.RaftServerImpl (RaftServerImpl.java:setRole(170)) - e3dbfaec-2d6c-4351-b688-70ba1748dc73@group-F2956C8F997C: changes role from      null to FOLLOWER at term 0 for startAsFollower
2019-10-03 00:05:43,182 [pool-393-thread-1] INFO  impl.RoleInfo (RoleInfo.java:updateAndGet(143)) - e3dbfaec-2d6c-4351-b688-70ba1748dc73: start FollowerState
2019-10-03 00:05:43,183 [pool-393-thread-1] INFO  util.JmxRegister (JmxRegister.java:tryRegister(44)) - Successfully registered JMX Bean with object name Ratis:service=RaftServer,group=group-F2956C8F997C,id=e3dbfaec-2d6c-4351-b688-70ba1748dc73
2019-10-03 00:05:43,186 [pool-403-thread-1] INFO  impl.RaftServerImpl (RaftServerImpl.java:start(181)) - 7a3318a1-c1ee-448e-afda-946e71b29333@group-F2956C8F997C: start as a follower, conf=-1: [90dee035-d673-444d-8607-eaba9f04884d:192.168.151.71:45161, e3dbfaec-2d6c-4351-b688-70ba1748dc73:192.168.151.71:35382, 7a3318a1-c1ee-448e-afda-946e71b29333:192.168.151.71:42104], old=null
2019-10-03 00:05:43,186 [pool-403-thread-1] INFO  impl.RaftServerImpl (RaftServerImpl.java:setRole(170)) - 7a3318a1-c1ee-448e-afda-946e71b29333@group-F2956C8F997C: changes role from      null to FOLLOWER at term 0 for startAsFollower
2019-10-03 00:05:43,186 [pool-403-thread-1] INFO  impl.RoleInfo (RoleInfo.java:updateAndGet(143)) - 7a3318a1-c1ee-448e-afda-946e71b29333: start FollowerState
2019-10-03 00:05:43,187 [pool-403-thread-1] INFO  util.JmxRegister (JmxRegister.java:tryRegister(44)) - Successfully registered JMX Bean with object name Ratis:service=RaftServer,group=group-F2956C8F997C,id=7a3318a1-c1ee-448e-afda-946e71b29333
2019-10-03 00:05:43,191 [RatisPipelineUtilsThread] INFO  pipeline.PipelineStateManager (PipelineStateManager.java:addPipeline(56)) - Created pipeline Pipeline[ Id: b89a824f-3882-4712-a7b4-f2956c8f997c, Nodes: 90dee035-d673-444d-8607-eaba9f04884d{ip: 192.168.151.71, host: pr-hdds-2200-trunk-rmlvb-651263995, networkLocation: /default-rack, certSerialId: null}e3dbfaec-2d6c-4351-b688-70ba1748dc73{ip: 192.168.151.71, host: pr-hdds-2200-trunk-rmlvb-651263995, networkLocation: /default-rack, certSerialId: null}7a3318a1-c1ee-448e-afda-946e71b29333{ip: 192.168.151.71, host: pr-hdds-2200-trunk-rmlvb-651263995, networkLocation: /default-rack, certSerialId: null}, Type:RATIS, Factor:THREE, State:OPEN]
2019-10-03 00:05:43,218 [IPC Server handler 5 on 43979] INFO  net.NetworkTopology (NetworkTopologyImpl.java:add(111)) - Added a new node: /default-rack/546c6a52-a3f1-4396-9be2-6fd82c1fdfd6
2019-10-03 00:05:43,218 [IPC Server handler 5 on 43979] INFO  node.SCMNodeManager (SCMNodeManager.java:register(266)) - Registered Data node : 546c6a52-a3f1-4396-9be2-6fd82c1fdfd6{ip: 192.168.151.71, host: pr-hdds-2200-trunk-rmlvb-651263995, networkLocation: /default-rack, certSerialId: null}
2019-10-03 00:05:43,224 [grpc-default-executor-0] INFO  impl.RaftServerProxy (RaftServerProxy.java:addNew(89)) - 98071f0e-f6e2-4f1d-adef-2776e916fd00: addNew group-C4998C8A1392:[98071f0e-f6e2-4f1d-adef-2776e916fd00:192.168.151.71:42150] returns group-C4998C8A1392:java.util.concurrent.CompletableFuture@36283da6[Not completed]
2019-10-03 00:05:43,228 [pool-413-thread-1] INFO  impl.RaftServerImpl (RaftServerImpl.java:<init>(95)) - 98071f0e-f6e2-4f1d-adef-2776e916fd00: new RaftServerImpl for group-C4998C8A1392:[98071f0e-f6e2-4f1d-adef-2776e916fd00:192.168.151.71:42150] with ContainerStateMachine:uninitialized
2019-10-03 00:05:43,229 [pool-413-thread-1] INFO  server.RaftServerConfigKeys (ConfUtils.java:logGet(43)) - raft.server.rpc.timeout.min = 5s (custom)
2019-10-03 00:05:43,229 [pool-413-thread-1] INFO  server.RaftServerConfigKeys (ConfUtils.java:logGet(43)) - raft.server.rpc.timeout.max = 5200ms (custom)
2019-10-03 00:05:43,229 [pool-413-thread-1] INFO  server.RaftServerConfigKeys (ConfUtils.java:logGet(43)) - raft.server.rpcslowness.timeout = 120s (custom)
2019-10-03 00:05:43,229 [pool-413-thread-1] INFO  server.RaftServerConfigKeys (ConfUtils.java:logGet(43)) - raft.server.sleep.deviation.threshold = 300 (default)
2019-10-03 00:05:43,229 [pool-413-thread-1] INFO  server.RaftServerConfigKeys (ConfUtils.java:logGet(43)) - raft.server.log.appender.install.snapshot.enabled = false (custom)
2019-10-03 00:05:43,229 [pool-413-thread-1] INFO  impl.RaftServerImpl (ServerState.java:<init>(103)) - 98071f0e-f6e2-4f1d-adef-2776e916fd00@group-C4998C8A1392: ConfigurationManager, init=-1: [98071f0e-f6e2-4f1d-adef-2776e916fd00:192.168.151.71:42150], old=null, confs=<EMPTY_MAP>
2019-10-03 00:05:43,229 [pool-413-thread-1] INFO  server.RaftServerConfigKeys (ConfUtils.java:logGet(43)) - raft.server.storage.dir = [/workdir/hadoop-ozone/integration-test/target/test-dir/MiniOzoneClusterImpl-5cc37e88-4648-452a-832d-c391e4d45a6b/datanode-3/data/ratis] (custom)
2019-10-03 00:05:43,230 [pool-413-thread-1] INFO  server.RaftServerConfigKeys (ConfUtils.java:logGet(43)) - raft.server.log.corruption.policy = EXCEPTION (default)
2019-10-03 00:05:43,230 [pool-413-thread-1] INFO  storage.RaftStorageDirectory (RaftStorageDirectory.java:analyzeStorage(246)) - The storage directory /workdir/hadoop-ozone/integration-test/target/test-dir/MiniOzoneClusterImpl-5cc37e88-4648-452a-832d-c391e4d45a6b/datanode-3/data/ratis/a5883929-ba96-451f-a6a6-c4998c8a1392 does not exist. Creating ...
2019-10-03 00:05:43,242 [pool-413-thread-1] INFO  storage.RaftStorageDirectory (RaftStorageDirectory.java:tryLock(328)) - Lock on /workdir/hadoop-ozone/integration-test/target/test-dir/MiniOzoneClusterImpl-5cc37e88-4648-452a-832d-c391e4d45a6b/datanode-3/data/ratis/a5883929-ba96-451f-a6a6-c4998c8a1392/in_use.lock acquired by nodename 24543@pr-hdds-2200-trunk-rmlvb-651263995
2019-10-03 00:05:43,255 [pool-413-thread-1] INFO  storage.RaftStorage (RaftStorage.java:format(84)) - Storage directory /workdir/hadoop-ozone/integration-test/target/test-dir/MiniOzoneClusterImpl-5cc37e88-4648-452a-832d-c391e4d45a6b/datanode-3/data/ratis/a5883929-ba96-451f-a6a6-c4998c8a1392 has been successfully formatted.
2019-10-03 00:05:43,256 [pool-413-thread-1] INFO  ratis.ContainerStateMachine (ContainerStateMachine.java:loadSnapshot(230)) - group-C4998C8A1392: The snapshot info is null. Setting the last applied indexto:(t:0, i:~)
2019-10-03 00:05:43,256 [pool-413-thread-1] INFO  server.RaftServerConfigKeys (ConfUtils.java:logGet(43)) - raft.server.notification.no-leader.timeout = 120s (custom)
2019-10-03 00:05:43,256 [pool-413-thread-1] INFO  server.RaftServerConfigKeys (ConfUtils.java:logGet(43)) - raft.server.log.use.memory = false (default)
2019-10-03 00:05:43,256 [pool-413-thread-1] INFO  server.RaftServerConfigKeys (ConfUtils.java:logGet(43)) - raft.server.log.purge.gap = 1000000 (custom)
2019-10-03 00:05:43,256 [pool-413-thread-1] INFO  server.RaftServerConfigKeys (ConfUtils.java:logGet(43)) - raft.server.log.appender.buffer.byte-limit = 33554432 (custom)
2019-10-03 00:05:43,256 [pool-413-thread-1] INFO  server.RaftServerConfigKeys (ConfUtils.java:logGet(43)) - raft.server.log.segment.size.max = 1048576 (custom)
2019-10-03 00:05:43,258 [pool-413-thread-1] INFO  server.RaftServerConfigKeys (ConfUtils.java:logGet(43)) - raft.server.log.segment.cache.num.max = 2 (custom)
2019-10-03 00:05:43,258 [pool-413-thread-1] INFO  segmented.SegmentedRaftLogWorker (SegmentedRaftLogWorker.java:<init>(173)) - new 98071f0e-f6e2-4f1d-adef-2776e916fd00@group-C4998C8A1392-SegmentedRaftLogWorker for RaftStorage:Storage Directory /workdir/hadoop-ozone/integration-test/target/test-dir/MiniOzoneClusterImpl-5cc37e88-4648-452a-832d-c391e4d45a6b/datanode-3/data/ratis/a5883929-ba96-451f-a6a6-c4998c8a1392
2019-10-03 00:05:43,258 [pool-413-thread-1] INFO  server.RaftServerConfigKeys (ConfUtils.java:logGet(43)) - raft.server.log.queue.byte-limit = 2147483647 (custom)
2019-10-03 00:05:43,258 [pool-413-thread-1] INFO  server.RaftServerConfigKeys (ConfUtils.java:logGet(43)) - raft.server.log.queue.element-limit = 1024 (custom)
2019-10-03 00:05:43,258 [pool-413-thread-1] INFO  server.RaftServerConfigKeys (ConfUtils.java:logGet(43)) - raft.server.log.segment.size.max = 1048576 (custom)
2019-10-03 00:05:43,258 [pool-413-thread-1] INFO  server.RaftServerConfigKeys (ConfUtils.java:logGet(43)) - raft.server.log.preallocated.size = 16384 (custom)
2019-10-03 00:05:43,258 [pool-413-thread-1] INFO  server.RaftServerConfigKeys (ConfUtils.java:logGet(43)) - raft.server.log.write.buffer.size = 33554432 (custom)
2019-10-03 00:05:43,258 [pool-413-thread-1] INFO  server.RaftServerConfigKeys (ConfUtils.java:logGet(43)) - raft.server.log.force.sync.num = 128 (default)
2019-10-03 00:05:43,258 [pool-413-thread-1] INFO  server.RaftServerConfigKeys (ConfUtils.java:logGet(43)) - raft.server.log.statemachine.data.sync = true (default)
2019-10-03 00:05:43,259 [pool-413-thread-1] INFO  server.RaftServerConfigKeys (ConfUtils.java:logGet(43)) - raft.server.log.statemachine.data.sync.timeout = 10s (default)
2019-10-03 00:05:43,259 [pool-413-thread-1] INFO  server.RaftServerConfigKeys (ConfUtils.java:logGet(43)) - raft.server.log.statemachine.data.sync.timeout.retry = -1 (default)
2019-10-03 00:05:43,259 [pool-413-thread-1] INFO  server.RaftServerConfigKeys (ConfUtils.java:logGet(43)) - raft.server.log.statemachine.data.caching.enabled = true (custom)
2019-10-03 00:05:43,259 [pool-413-thread-1] INFO  segmented.SegmentedRaftLogWorker (SegmentedRaftLogWorker.java:lambda$new$0(128)) - 98071f0e-f6e2-4f1d-adef-2776e916fd00@group-C4998C8A1392-SegmentedRaftLogWorker: flushIndex: setUnconditionally 0 -> -1
2019-10-03 00:05:43,259 [pool-413-thread-1] INFO  server.RaftServerConfigKeys (ConfUtils.java:logGet(43)) - raft.server.snapshot.auto.trigger.enabled = true (custom)
2019-10-03 00:05:43,259 [pool-413-thread-1] INFO  server.RaftServerConfigKeys (ConfUtils.java:logGet(43)) - raft.server.snapshot.auto.trigger.threshold = 10000 (custom)
2019-10-03 00:05:43,260 [pool-413-thread-1] INFO  server.RaftServerConfigKeys (ConfUtils.java:logGet(43)) - raft.server.snapshot.retention.file.num = 5 (custom)
2019-10-03 00:05:43,260 [pool-413-thread-1] INFO  server.RaftServerConfigKeys (ConfUtils.java:logGet(43)) - raft.server.retrycache.expirytime = 600000ms (custom)
2019-10-03 00:05:43,261 [pool-413-thread-1] INFO  impl.RaftServerImpl (RaftServerImpl.java:start(181)) - 98071f0e-f6e2-4f1d-adef-2776e916fd00@group-C4998C8A1392: start as a follower, conf=-1: [98071f0e-f6e2-4f1d-adef-2776e916fd00:192.168.151.71:42150], old=null
2019-10-03 00:05:43,261 [pool-413-thread-1] INFO  impl.RaftServerImpl (RaftServerImpl.java:setRole(170)) - 98071f0e-f6e2-4f1d-adef-2776e916fd00@group-C4998C8A1392: changes role from      null to FOLLOWER at term 0 for startAsFollower
2019-10-03 00:05:43,261 [pool-413-thread-1] INFO  impl.RoleInfo (RoleInfo.java:updateAndGet(143)) - 98071f0e-f6e2-4f1d-adef-2776e916fd00: start FollowerState
2019-10-03 00:05:43,261 [pool-413-thread-1] INFO  util.JmxRegister (JmxRegister.java:tryRegister(44)) - Successfully registered JMX Bean with object name Ratis:service=RaftServer,group=group-C4998C8A1392,id=98071f0e-f6e2-4f1d-adef-2776e916fd00
2019-10-03 00:05:43,264 [RatisPipelineUtilsThread] INFO  pipeline.PipelineStateManager (PipelineStateManager.java:addPipeline(56)) - Created pipeline Pipeline[ Id: a5883929-ba96-451f-a6a6-c4998c8a1392, Nodes: 98071f0e-f6e2-4f1d-adef-2776e916fd00{ip: 192.168.151.71, host: pr-hdds-2200-trunk-rmlvb-651263995, networkLocation: /default-rack, certSerialId: null}, Type:RATIS, Factor:ONE, State:OPEN]
2019-10-03 00:05:43,278 [grpc-default-executor-0] INFO  impl.RaftServerProxy (RaftServerProxy.java:addNew(89)) - 546c6a52-a3f1-4396-9be2-6fd82c1fdfd6: addNew group-40B4E1AF4498:[546c6a52-a3f1-4396-9be2-6fd82c1fdfd6:192.168.151.71:45907] returns group-40B4E1AF4498:java.util.concurrent.CompletableFuture@5fb0773f[Not completed]
2019-10-03 00:05:43,279 [pool-423-thread-1] INFO  impl.RaftServerImpl (RaftServerImpl.java:<init>(95)) - 546c6a52-a3f1-4396-9be2-6fd82c1fdfd6: new RaftServerImpl for group-40B4E1AF4498:[546c6a52-a3f1-4396-9be2-6fd82c1fdfd6:192.168.151.71:45907] with ContainerStateMachine:uninitialized
2019-10-03 00:05:43,279 [pool-423-thread-1] INFO  server.RaftServerConfigKeys (ConfUtils.java:logGet(43)) - raft.server.rpc.timeout.min = 5s (custom)
2019-10-03 00:05:43,279 [pool-423-thread-1] INFO  server.RaftServerConfigKeys (ConfUtils.java:logGet(43)) - raft.server.rpc.timeout.max = 5200ms (custom)
2019-10-03 00:05:43,279 [pool-423-thread-1] INFO  server.RaftServerConfigKeys (ConfUtils.java:logGet(43)) - raft.server.rpcslowness.timeout = 120s (custom)
2019-10-03 00:05:43,280 [pool-423-thread-1] INFO  server.RaftServerConfigKeys (ConfUtils.java:logGet(43)) - raft.server.sleep.deviation.threshold = 300 (default)
2019-10-03 00:05:43,280 [pool-423-thread-1] INFO  server.RaftServerConfigKeys (ConfUtils.java:logGet(43)) - raft.server.log.appender.install.snapshot.enabled = false (custom)
2019-10-03 00:05:43,280 [pool-423-thread-1] INFO  impl.RaftServerImpl (ServerState.java:<init>(103)) - 546c6a52-a3f1-4396-9be2-6fd82c1fdfd6@group-40B4E1AF4498: ConfigurationManager, init=-1: [546c6a52-a3f1-4396-9be2-6fd82c1fdfd6:192.168.151.71:45907], old=null, confs=<EMPTY_MAP>
2019-10-03 00:05:43,280 [pool-423-thread-1] INFO  server.RaftServerConfigKeys (ConfUtils.java:logGet(43)) - raft.server.storage.dir = [/workdir/hadoop-ozone/integration-test/target/test-dir/MiniOzoneClusterImpl-5cc37e88-4648-452a-832d-c391e4d45a6b/datanode-4/data/ratis] (custom)
2019-10-03 00:05:43,280 [pool-423-thread-1] INFO  server.RaftServerConfigKeys (ConfUtils.java:logGet(43)) - raft.server.log.corruption.policy = EXCEPTION (default)
2019-10-03 00:05:43,281 [pool-423-thread-1] INFO  storage.RaftStorageDirectory (RaftStorageDirectory.java:analyzeStorage(246)) - The storage directory /workdir/hadoop-ozone/integration-test/target/test-dir/MiniOzoneClusterImpl-5cc37e88-4648-452a-832d-c391e4d45a6b/datanode-4/data/ratis/47cd7c63-fcdb-4e47-86d2-40b4e1af4498 does not exist. Creating ...
2019-10-03 00:05:43,281 [IPC Server handler 6 on 43979] INFO  net.NetworkTopology (NetworkTopologyImpl.java:add(111)) - Added a new node: /default-rack/24de5cea-3ba6-49c4-9cbc-a0b7ad2a5c29
2019-10-03 00:05:43,281 [IPC Server handler 6 on 43979] INFO  node.SCMNodeManager (SCMNodeManager.java:register(266)) - Registered Data node : 24de5cea-3ba6-49c4-9cbc-a0b7ad2a5c29{ip: 192.168.151.71, host: pr-hdds-2200-trunk-rmlvb-651263995, networkLocation: /default-rack, certSerialId: null}
2019-10-03 00:05:43,293 [pool-423-thread-1] INFO  storage.RaftStorageDirectory (RaftStorageDirectory.java:tryLock(328)) - Lock on /workdir/hadoop-ozone/integration-test/target/test-dir/MiniOzoneClusterImpl-5cc37e88-4648-452a-832d-c391e4d45a6b/datanode-4/data/ratis/47cd7c63-fcdb-4e47-86d2-40b4e1af4498/in_use.lock acquired by nodename 24543@pr-hdds-2200-trunk-rmlvb-651263995
2019-10-03 00:05:43,307 [pool-423-thread-1] INFO  storage.RaftStorage (RaftStorage.java:format(84)) - Storage directory /workdir/hadoop-ozone/integration-test/target/test-dir/MiniOzoneClusterImpl-5cc37e88-4648-452a-832d-c391e4d45a6b/datanode-4/data/ratis/47cd7c63-fcdb-4e47-86d2-40b4e1af4498 has been successfully formatted.
2019-10-03 00:05:43,307 [pool-423-thread-1] INFO  ratis.ContainerStateMachine (ContainerStateMachine.java:loadSnapshot(230)) - group-40B4E1AF4498: The snapshot info is null. Setting the last applied indexto:(t:0, i:~)
2019-10-03 00:05:43,307 [pool-423-thread-1] INFO  server.RaftServerConfigKeys (ConfUtils.java:logGet(43)) - raft.server.notification.no-leader.timeout = 120s (custom)
2019-10-03 00:05:43,307 [pool-423-thread-1] INFO  server.RaftServerConfigKeys (ConfUtils.java:logGet(43)) - raft.server.log.use.memory = false (default)
2019-10-03 00:05:43,307 [pool-423-thread-1] INFO  server.RaftServerConfigKeys (ConfUtils.java:logGet(43)) - raft.server.log.purge.gap = 1000000 (custom)
2019-10-03 00:05:43,307 [pool-423-thread-1] INFO  server.RaftServerConfigKeys (ConfUtils.java:logGet(43)) - raft.server.log.appender.buffer.byte-limit = 33554432 (custom)
2019-10-03 00:05:43,308 [pool-423-thread-1] INFO  server.RaftServerConfigKeys (ConfUtils.java:logGet(43)) - raft.server.log.segment.size.max = 1048576 (custom)
2019-10-03 00:05:43,309 [pool-423-thread-1] INFO  server.RaftServerConfigKeys (ConfUtils.java:logGet(43)) - raft.server.log.segment.cache.num.max = 2 (custom)
2019-10-03 00:05:43,309 [pool-423-thread-1] INFO  segmented.SegmentedRaftLogWorker (SegmentedRaftLogWorker.java:<init>(173)) - new 546c6a52-a3f1-4396-9be2-6fd82c1fdfd6@group-40B4E1AF4498-SegmentedRaftLogWorker for RaftStorage:Storage Directory /workdir/hadoop-ozone/integration-test/target/test-dir/MiniOzoneClusterImpl-5cc37e88-4648-452a-832d-c391e4d45a6b/datanode-4/data/ratis/47cd7c63-fcdb-4e47-86d2-40b4e1af4498
2019-10-03 00:05:43,309 [pool-423-thread-1] INFO  server.RaftServerConfigKeys (ConfUtils.java:logGet(43)) - raft.server.log.queue.byte-limit = 2147483647 (custom)
2019-10-03 00:05:43,310 [pool-423-thread-1] INFO  server.RaftServerConfigKeys (ConfUtils.java:logGet(43)) - raft.server.log.queue.element-limit = 1024 (custom)
2019-10-03 00:05:43,310 [pool-423-thread-1] INFO  server.RaftServerConfigKeys (ConfUtils.java:logGet(43)) - raft.server.log.segment.size.max = 1048576 (custom)
2019-10-03 00:05:43,310 [pool-423-thread-1] INFO  server.RaftServerConfigKeys (ConfUtils.java:logGet(43)) - raft.server.log.preallocated.size = 16384 (custom)
2019-10-03 00:05:43,310 [pool-423-thread-1] INFO  server.RaftServerConfigKeys (ConfUtils.java:logGet(43)) - raft.server.log.write.buffer.size = 33554432 (custom)
2019-10-03 00:05:43,310 [pool-423-thread-1] INFO  server.RaftServerConfigKeys (ConfUtils.java:logGet(43)) - raft.server.log.force.sync.num = 128 (default)
2019-10-03 00:05:43,310 [pool-423-thread-1] INFO  server.RaftServerConfigKeys (ConfUtils.java:logGet(43)) - raft.server.log.statemachine.data.sync = true (default)
2019-10-03 00:05:43,310 [pool-423-thread-1] INFO  server.RaftServerConfigKeys (ConfUtils.java:logGet(43)) - raft.server.log.statemachine.data.sync.timeout = 10s (default)
2019-10-03 00:05:43,310 [pool-423-thread-1] INFO  server.RaftServerConfigKeys (ConfUtils.java:logGet(43)) - raft.server.log.statemachine.data.sync.timeout.retry = -1 (default)
2019-10-03 00:05:43,311 [pool-423-thread-1] INFO  server.RaftServerConfigKeys (ConfUtils.java:logGet(43)) - raft.server.log.statemachine.data.caching.enabled = true (custom)
2019-10-03 00:05:43,311 [pool-423-thread-1] INFO  segmented.SegmentedRaftLogWorker (SegmentedRaftLogWorker.java:lambda$new$0(128)) - 546c6a52-a3f1-4396-9be2-6fd82c1fdfd6@group-40B4E1AF4498-SegmentedRaftLogWorker: flushIndex: setUnconditionally 0 -> -1
2019-10-03 00:05:43,311 [pool-423-thread-1] INFO  server.RaftServerConfigKeys (ConfUtils.java:logGet(43)) - raft.server.snapshot.auto.trigger.enabled = true (custom)
2019-10-03 00:05:43,312 [pool-423-thread-1] INFO  server.RaftServerConfigKeys (ConfUtils.java:logGet(43)) - raft.server.snapshot.auto.trigger.threshold = 10000 (custom)
2019-10-03 00:05:43,312 [pool-423-thread-1] INFO  server.RaftServerConfigKeys (ConfUtils.java:logGet(43)) - raft.server.snapshot.retention.file.num = 5 (custom)
2019-10-03 00:05:43,312 [pool-423-thread-1] INFO  server.RaftServerConfigKeys (ConfUtils.java:logGet(43)) - raft.server.retrycache.expirytime = 600000ms (custom)
2019-10-03 00:05:43,313 [pool-423-thread-1] INFO  impl.RaftServerImpl (RaftServerImpl.java:start(181)) - 546c6a52-a3f1-4396-9be2-6fd82c1fdfd6@group-40B4E1AF4498: start as a follower, conf=-1: [546c6a52-a3f1-4396-9be2-6fd82c1fdfd6:192.168.151.71:45907], old=null
2019-10-03 00:05:43,313 [pool-423-thread-1] INFO  impl.RaftServerImpl (RaftServerImpl.java:setRole(170)) - 546c6a52-a3f1-4396-9be2-6fd82c1fdfd6@group-40B4E1AF4498: changes role from      null to FOLLOWER at term 0 for startAsFollower
2019-10-03 00:05:43,314 [pool-423-thread-1] INFO  impl.RoleInfo (RoleInfo.java:updateAndGet(143)) - 546c6a52-a3f1-4396-9be2-6fd82c1fdfd6: start FollowerState
2019-10-03 00:05:43,314 [pool-423-thread-1] INFO  util.JmxRegister (JmxRegister.java:tryRegister(44)) - Successfully registered JMX Bean with object name Ratis:service=RaftServer,group=group-40B4E1AF4498,id=546c6a52-a3f1-4396-9be2-6fd82c1fdfd6
2019-10-03 00:05:43,317 [RatisPipelineUtilsThread] INFO  pipeline.PipelineStateManager (PipelineStateManager.java:addPipeline(56)) - Created pipeline Pipeline[ Id: 47cd7c63-fcdb-4e47-86d2-40b4e1af4498, Nodes: 546c6a52-a3f1-4396-9be2-6fd82c1fdfd6{ip: 192.168.151.71, host: pr-hdds-2200-trunk-rmlvb-651263995, networkLocation: /default-rack, certSerialId: null}, Type:RATIS, Factor:ONE, State:OPEN]
2019-10-03 00:05:43,326 [grpc-default-executor-0] INFO  impl.RaftServerProxy (RaftServerProxy.java:addNew(89)) - 24de5cea-3ba6-49c4-9cbc-a0b7ad2a5c29: addNew group-8F3D42DE6A0F:[24de5cea-3ba6-49c4-9cbc-a0b7ad2a5c29:192.168.151.71:44322] returns group-8F3D42DE6A0F:java.util.concurrent.CompletableFuture@272fc2f3[Not completed]
2019-10-03 00:05:43,327 [pool-433-thread-1] INFO  impl.RaftServerImpl (RaftServerImpl.java:<init>(95)) - 24de5cea-3ba6-49c4-9cbc-a0b7ad2a5c29: new RaftServerImpl for group-8F3D42DE6A0F:[24de5cea-3ba6-49c4-9cbc-a0b7ad2a5c29:192.168.151.71:44322] with ContainerStateMachine:uninitialized
2019-10-03 00:05:43,327 [pool-433-thread-1] INFO  server.RaftServerConfigKeys (ConfUtils.java:logGet(43)) - raft.server.rpc.timeout.min = 5s (custom)
2019-10-03 00:05:43,327 [pool-433-thread-1] INFO  server.RaftServerConfigKeys (ConfUtils.java:logGet(43)) - raft.server.rpc.timeout.max = 5200ms (custom)
2019-10-03 00:05:43,327 [pool-433-thread-1] INFO  server.RaftServerConfigKeys (ConfUtils.java:logGet(43)) - raft.server.rpcslowness.timeout = 120s (custom)
2019-10-03 00:05:43,327 [pool-433-thread-1] INFO  server.RaftServerConfigKeys (ConfUtils.java:logGet(43)) - raft.server.sleep.deviation.threshold = 300 (default)
2019-10-03 00:05:43,327 [pool-433-thread-1] INFO  server.RaftServerConfigKeys (ConfUtils.java:logGet(43)) - raft.server.log.appender.install.snapshot.enabled = false (custom)
2019-10-03 00:05:43,327 [pool-433-thread-1] INFO  impl.RaftServerImpl (ServerState.java:<init>(103)) - 24de5cea-3ba6-49c4-9cbc-a0b7ad2a5c29@group-8F3D42DE6A0F: ConfigurationManager, init=-1: [24de5cea-3ba6-49c4-9cbc-a0b7ad2a5c29:192.168.151.71:44322], old=null, confs=<EMPTY_MAP>
2019-10-03 00:05:43,327 [pool-433-thread-1] INFO  server.RaftServerConfigKeys (ConfUtils.java:logGet(43)) - raft.server.storage.dir = [/workdir/hadoop-ozone/integration-test/target/test-dir/MiniOzoneClusterImpl-5cc37e88-4648-452a-832d-c391e4d45a6b/datanode-5/data/ratis] (custom)
2019-10-03 00:05:43,328 [pool-433-thread-1] INFO  server.RaftServerConfigKeys (ConfUtils.java:logGet(43)) - raft.server.log.corruption.policy = EXCEPTION (default)
2019-10-03 00:05:43,328 [pool-433-thread-1] INFO  storage.RaftStorageDirectory (RaftStorageDirectory.java:analyzeStorage(246)) - The storage directory /workdir/hadoop-ozone/integration-test/target/test-dir/MiniOzoneClusterImpl-5cc37e88-4648-452a-832d-c391e4d45a6b/datanode-5/data/ratis/866b26d2-a50c-41fa-ad24-8f3d42de6a0f does not exist. Creating ...
2019-10-03 00:05:43,340 [pool-433-thread-1] INFO  storage.RaftStorageDirectory (RaftStorageDirectory.java:tryLock(328)) - Lock on /workdir/hadoop-ozone/integration-test/target/test-dir/MiniOzoneClusterImpl-5cc37e88-4648-452a-832d-c391e4d45a6b/datanode-5/data/ratis/866b26d2-a50c-41fa-ad24-8f3d42de6a0f/in_use.lock acquired by nodename 24543@pr-hdds-2200-trunk-rmlvb-651263995
2019-10-03 00:05:43,341 [IPC Server handler 0 on 43979] INFO  net.NetworkTopology (NetworkTopologyImpl.java:add(111)) - Added a new node: /default-rack/c038034d-0890-4ef3-bcac-cfe3bef2f61c
2019-10-03 00:05:43,341 [IPC Server handler 0 on 43979] INFO  node.SCMNodeManager (SCMNodeManager.java:register(266)) - Registered Data node : c038034d-0890-4ef3-bcac-cfe3bef2f61c{ip: 192.168.151.71, host: pr-hdds-2200-trunk-rmlvb-651263995, networkLocation: /default-rack, certSerialId: null}
2019-10-03 00:05:43,341 [main] INFO  ozone.MiniOzoneClusterImpl (MiniOzoneClusterImpl.java:lambda$waitForClusterToBeReady$0(147)) - Cluster is ready. Got 7 of 7 DN Heartbeats.
2019-10-03 00:05:43,353 [pool-433-thread-1] INFO  storage.RaftStorage (RaftStorage.java:format(84)) - Storage directory /workdir/hadoop-ozone/integration-test/target/test-dir/MiniOzoneClusterImpl-5cc37e88-4648-452a-832d-c391e4d45a6b/datanode-5/data/ratis/866b26d2-a50c-41fa-ad24-8f3d42de6a0f has been successfully formatted.
2019-10-03 00:05:43,354 [pool-433-thread-1] INFO  ratis.ContainerStateMachine (ContainerStateMachine.java:loadSnapshot(230)) - group-8F3D42DE6A0F: The snapshot info is null. Setting the last applied indexto:(t:0, i:~)
2019-10-03 00:05:43,356 [pool-433-thread-1] INFO  server.RaftServerConfigKeys (ConfUtils.java:logGet(43)) - raft.server.notification.no-leader.timeout = 120s (custom)
2019-10-03 00:05:43,356 [pool-433-thread-1] INFO  server.RaftServerConfigKeys (ConfUtils.java:logGet(43)) - raft.server.log.use.memory = false (default)
2019-10-03 00:05:43,356 [pool-433-thread-1] INFO  server.RaftServerConfigKeys (ConfUtils.java:logGet(43)) - raft.server.log.purge.gap = 1000000 (custom)
2019-10-03 00:05:43,356 [pool-433-thread-1] INFO  server.RaftServerConfigKeys (ConfUtils.java:logGet(43)) - raft.server.log.appender.buffer.byte-limit = 33554432 (custom)
2019-10-03 00:05:43,356 [pool-433-thread-1] INFO  server.RaftServerConfigKeys (ConfUtils.java:logGet(43)) - raft.server.log.segment.size.max = 1048576 (custom)
2019-10-03 00:05:43,371 [pool-433-thread-1] INFO  server.RaftServerConfigKeys (ConfUtils.java:logGet(43)) - raft.server.log.segment.cache.num.max = 2 (custom)
2019-10-03 00:05:43,375 [pool-433-thread-1] INFO  segmented.SegmentedRaftLogWorker (SegmentedRaftLogWorker.java:<init>(173)) - new 24de5cea-3ba6-49c4-9cbc-a0b7ad2a5c29@group-8F3D42DE6A0F-SegmentedRaftLogWorker for RaftStorage:Storage Directory /workdir/hadoop-ozone/integration-test/target/test-dir/MiniOzoneClusterImpl-5cc37e88-4648-452a-832d-c391e4d45a6b/datanode-5/data/ratis/866b26d2-a50c-41fa-ad24-8f3d42de6a0f
2019-10-03 00:05:43,375 [pool-433-thread-1] INFO  server.RaftServerConfigKeys (ConfUtils.java:logGet(43)) - raft.server.log.queue.byte-limit = 2147483647 (custom)
2019-10-03 00:05:43,376 [pool-433-thread-1] INFO  server.RaftServerConfigKeys (ConfUtils.java:logGet(43)) - raft.server.log.queue.element-limit = 1024 (custom)
2019-10-03 00:05:43,376 [pool-433-thread-1] INFO  server.RaftServerConfigKeys (ConfUtils.java:logGet(43)) - raft.server.log.segment.size.max = 1048576 (custom)
2019-10-03 00:05:43,376 [pool-433-thread-1] INFO  server.RaftServerConfigKeys (ConfUtils.java:logGet(43)) - raft.server.log.preallocated.size = 16384 (custom)
2019-10-03 00:05:43,376 [pool-433-thread-1] INFO  server.RaftServerConfigKeys (ConfUtils.java:logGet(43)) - raft.server.log.write.buffer.size = 33554432 (custom)
2019-10-03 00:05:43,376 [pool-433-thread-1] INFO  server.RaftServerConfigKeys (ConfUtils.java:logGet(43)) - raft.server.log.force.sync.num = 128 (default)
2019-10-03 00:05:43,376 [pool-433-thread-1] INFO  server.RaftServerConfigKeys (ConfUtils.java:logGet(43)) - raft.server.log.statemachine.data.sync = true (default)
2019-10-03 00:05:43,376 [pool-433-thread-1] INFO  server.RaftServerConfigKeys (ConfUtils.java:logGet(43)) - raft.server.log.statemachine.data.sync.timeout = 10s (default)
2019-10-03 00:05:43,377 [pool-433-thread-1] INFO  server.RaftServerConfigKeys (ConfUtils.java:logGet(43)) - raft.server.log.statemachine.data.sync.timeout.retry = -1 (default)
2019-10-03 00:05:43,377 [pool-433-thread-1] INFO  server.RaftServerConfigKeys (ConfUtils.java:logGet(43)) - raft.server.log.statemachine.data.caching.enabled = true (custom)
2019-10-03 00:05:43,377 [pool-433-thread-1] INFO  segmented.SegmentedRaftLogWorker (SegmentedRaftLogWorker.java:lambda$new$0(128)) - 24de5cea-3ba6-49c4-9cbc-a0b7ad2a5c29@group-8F3D42DE6A0F-SegmentedRaftLogWorker: flushIndex: setUnconditionally 0 -> -1
2019-10-03 00:05:43,378 [pool-433-thread-1] INFO  server.RaftServerConfigKeys (ConfUtils.java:logGet(43)) - raft.server.snapshot.auto.trigger.enabled = true (custom)
2019-10-03 00:05:43,378 [pool-433-thread-1] INFO  server.RaftServerConfigKeys (ConfUtils.java:logGet(43)) - raft.server.snapshot.auto.trigger.threshold = 10000 (custom)
2019-10-03 00:05:43,378 [pool-433-thread-1] INFO  server.RaftServerConfigKeys (ConfUtils.java:logGet(43)) - raft.server.snapshot.retention.file.num = 5 (custom)
2019-10-03 00:05:43,381 [pool-433-thread-1] INFO  server.RaftServerConfigKeys (ConfUtils.java:logGet(43)) - raft.server.retrycache.expirytime = 600000ms (custom)
2019-10-03 00:05:43,387 [pool-433-thread-1] INFO  impl.RaftServerImpl (RaftServerImpl.java:start(181)) - 24de5cea-3ba6-49c4-9cbc-a0b7ad2a5c29@group-8F3D42DE6A0F: start as a follower, conf=-1: [24de5cea-3ba6-49c4-9cbc-a0b7ad2a5c29:192.168.151.71:44322], old=null
2019-10-03 00:05:43,387 [pool-433-thread-1] INFO  impl.RaftServerImpl (RaftServerImpl.java:setRole(170)) - 24de5cea-3ba6-49c4-9cbc-a0b7ad2a5c29@group-8F3D42DE6A0F: changes role from      null to FOLLOWER at term 0 for startAsFollower
2019-10-03 00:05:43,387 [pool-433-thread-1] INFO  impl.RoleInfo (RoleInfo.java:updateAndGet(143)) - 24de5cea-3ba6-49c4-9cbc-a0b7ad2a5c29: start FollowerState
2019-10-03 00:05:43,388 [main] INFO  rpc.RpcClient (RpcClient.java:createVolume(276)) - Creating Volume: watchforcommithandlingtest, with jenkins1000 as owner.
2019-10-03 00:05:43,388 [pool-433-thread-1] INFO  util.JmxRegister (JmxRegister.java:tryRegister(44)) - Successfully registered JMX Bean with object name Ratis:service=RaftServer,group=group-8F3D42DE6A0F,id=24de5cea-3ba6-49c4-9cbc-a0b7ad2a5c29
2019-10-03 00:05:43,390 [IPC Server handler 4 on 44766] INFO  volume.OMVolumeCreateRequest (OMVolumeCreateRequest.java:validateAndUpdateCache(194)) - created volume:watchforcommithandlingtest for user:jenkins1000
2019-10-03 00:05:43,392 [RatisPipelineUtilsThread] INFO  pipeline.PipelineStateManager (PipelineStateManager.java:addPipeline(56)) - Created pipeline Pipeline[ Id: 866b26d2-a50c-41fa-ad24-8f3d42de6a0f, Nodes: 24de5cea-3ba6-49c4-9cbc-a0b7ad2a5c29{ip: 192.168.151.71, host: pr-hdds-2200-trunk-rmlvb-651263995, networkLocation: /default-rack, certSerialId: null}, Type:RATIS, Factor:ONE, State:OPEN]
2019-10-03 00:05:43,404 [main] INFO  rpc.RpcClient (RpcClient.java:createBucket(415)) - Creating Bucket: watchforcommithandlingtest/watchforcommithandlingtest, with Versioning false and Storage Type set to DISK and Encryption set to false 
2019-10-03 00:05:43,407 [grpc-default-executor-0] INFO  impl.RaftServerProxy (RaftServerProxy.java:addNew(89)) - c038034d-0890-4ef3-bcac-cfe3bef2f61c: addNew group-EFB28DB1F0EA:[c038034d-0890-4ef3-bcac-cfe3bef2f61c:192.168.151.71:41060] returns group-EFB28DB1F0EA:java.util.concurrent.CompletableFuture@157c77d0[Not completed]
2019-10-03 00:05:43,410 [pool-443-thread-1] INFO  impl.RaftServerImpl (RaftServerImpl.java:<init>(95)) - c038034d-0890-4ef3-bcac-cfe3bef2f61c: new RaftServerImpl for group-EFB28DB1F0EA:[c038034d-0890-4ef3-bcac-cfe3bef2f61c:192.168.151.71:41060] with ContainerStateMachine:uninitialized
2019-10-03 00:05:43,410 [pool-443-thread-1] INFO  server.RaftServerConfigKeys (ConfUtils.java:logGet(43)) - raft.server.rpc.timeout.min = 5s (custom)
2019-10-03 00:05:43,410 [pool-443-thread-1] INFO  server.RaftServerConfigKeys (ConfUtils.java:logGet(43)) - raft.server.rpc.timeout.max = 5200ms (custom)
2019-10-03 00:05:43,410 [pool-443-thread-1] INFO  server.RaftServerConfigKeys (ConfUtils.java:logGet(43)) - raft.server.rpcslowness.timeout = 120s (custom)
2019-10-03 00:05:43,410 [pool-443-thread-1] INFO  server.RaftServerConfigKeys (ConfUtils.java:logGet(43)) - raft.server.sleep.deviation.threshold = 300 (default)
2019-10-03 00:05:43,410 [pool-443-thread-1] INFO  server.RaftServerConfigKeys (ConfUtils.java:logGet(43)) - raft.server.log.appender.install.snapshot.enabled = false (custom)
2019-10-03 00:05:43,410 [pool-443-thread-1] INFO  impl.RaftServerImpl (ServerState.java:<init>(103)) - c038034d-0890-4ef3-bcac-cfe3bef2f61c@group-EFB28DB1F0EA: ConfigurationManager, init=-1: [c038034d-0890-4ef3-bcac-cfe3bef2f61c:192.168.151.71:41060], old=null, confs=<EMPTY_MAP>
2019-10-03 00:05:43,411 [pool-443-thread-1] INFO  server.RaftServerConfigKeys (ConfUtils.java:logGet(43)) - raft.server.storage.dir = [/workdir/hadoop-ozone/integration-test/target/test-dir/MiniOzoneClusterImpl-5cc37e88-4648-452a-832d-c391e4d45a6b/datanode-6/data/ratis] (custom)
2019-10-03 00:05:43,411 [main] INFO  ozone.MiniOzoneClusterImpl (MiniOzoneClusterImpl.java:getStorageContainerLocationClient(234)) - Creating StorageContainerLocationProtocol RPC client with address /0.0.0.0:39490
2019-10-03 00:05:43,411 [pool-443-thread-1] INFO  server.RaftServerConfigKeys (ConfUtils.java:logGet(43)) - raft.server.log.corruption.policy = EXCEPTION (default)
2019-10-03 00:05:43,411 [pool-443-thread-1] INFO  storage.RaftStorageDirectory (RaftStorageDirectory.java:analyzeStorage(246)) - The storage directory /workdir/hadoop-ozone/integration-test/target/test-dir/MiniOzoneClusterImpl-5cc37e88-4648-452a-832d-c391e4d45a6b/datanode-6/data/ratis/ec5c4f0a-bdc0-4396-98f4-efb28db1f0ea does not exist. Creating ...
2019-10-03 00:05:43,424 [pool-443-thread-1] INFO  storage.RaftStorageDirectory (RaftStorageDirectory.java:tryLock(328)) - Lock on /workdir/hadoop-ozone/integration-test/target/test-dir/MiniOzoneClusterImpl-5cc37e88-4648-452a-832d-c391e4d45a6b/datanode-6/data/ratis/ec5c4f0a-bdc0-4396-98f4-efb28db1f0ea/in_use.lock acquired by nodename 24543@pr-hdds-2200-trunk-rmlvb-651263995
2019-10-03 00:05:43,436 [pool-443-thread-1] INFO  storage.RaftStorage (RaftStorage.java:format(84)) - Storage directory /workdir/hadoop-ozone/integration-test/target/test-dir/MiniOzoneClusterImpl-5cc37e88-4648-452a-832d-c391e4d45a6b/datanode-6/data/ratis/ec5c4f0a-bdc0-4396-98f4-efb28db1f0ea has been successfully formatted.
2019-10-03 00:05:43,436 [pool-443-thread-1] INFO  ratis.ContainerStateMachine (ContainerStateMachine.java:loadSnapshot(230)) - group-EFB28DB1F0EA: The snapshot info is null. Setting the last applied indexto:(t:0, i:~)
2019-10-03 00:05:43,436 [pool-443-thread-1] INFO  server.RaftServerConfigKeys (ConfUtils.java:logGet(43)) - raft.server.notification.no-leader.timeout = 120s (custom)
2019-10-03 00:05:43,436 [pool-443-thread-1] INFO  server.RaftServerConfigKeys (ConfUtils.java:logGet(43)) - raft.server.log.use.memory = false (default)
2019-10-03 00:05:43,436 [pool-443-thread-1] INFO  server.RaftServerConfigKeys (ConfUtils.java:logGet(43)) - raft.server.log.purge.gap = 1000000 (custom)
2019-10-03 00:05:43,437 [pool-443-thread-1] INFO  server.RaftServerConfigKeys (ConfUtils.java:logGet(43)) - raft.server.log.appender.buffer.byte-limit = 33554432 (custom)
2019-10-03 00:05:43,437 [pool-443-thread-1] INFO  server.RaftServerConfigKeys (ConfUtils.java:logGet(43)) - raft.server.log.segment.size.max = 1048576 (custom)
2019-10-03 00:05:43,438 [pool-443-thread-1] INFO  server.RaftServerConfigKeys (ConfUtils.java:logGet(43)) - raft.server.log.segment.cache.num.max = 2 (custom)
2019-10-03 00:05:43,438 [pool-443-thread-1] INFO  segmented.SegmentedRaftLogWorker (SegmentedRaftLogWorker.java:<init>(173)) - new c038034d-0890-4ef3-bcac-cfe3bef2f61c@group-EFB28DB1F0EA-SegmentedRaftLogWorker for RaftStorage:Storage Directory /workdir/hadoop-ozone/integration-test/target/test-dir/MiniOzoneClusterImpl-5cc37e88-4648-452a-832d-c391e4d45a6b/datanode-6/data/ratis/ec5c4f0a-bdc0-4396-98f4-efb28db1f0ea
2019-10-03 00:05:43,438 [pool-443-thread-1] INFO  server.RaftServerConfigKeys (ConfUtils.java:logGet(43)) - raft.server.log.queue.byte-limit = 2147483647 (custom)
2019-10-03 00:05:43,438 [pool-443-thread-1] INFO  server.RaftServerConfigKeys (ConfUtils.java:logGet(43)) - raft.server.log.queue.element-limit = 1024 (custom)
2019-10-03 00:05:43,438 [pool-443-thread-1] INFO  server.RaftServerConfigKeys (ConfUtils.java:logGet(43)) - raft.server.log.segment.size.max = 1048576 (custom)
2019-10-03 00:05:43,438 [pool-443-thread-1] INFO  server.RaftServerConfigKeys (ConfUtils.java:logGet(43)) - raft.server.log.preallocated.size = 16384 (custom)
2019-10-03 00:05:43,438 [pool-443-thread-1] INFO  server.RaftServerConfigKeys (ConfUtils.java:logGet(43)) - raft.server.log.write.buffer.size = 33554432 (custom)
2019-10-03 00:05:43,438 [pool-443-thread-1] INFO  server.RaftServerConfigKeys (ConfUtils.java:logGet(43)) - raft.server.log.force.sync.num = 128 (default)
2019-10-03 00:05:43,438 [pool-443-thread-1] INFO  server.RaftServerConfigKeys (ConfUtils.java:logGet(43)) - raft.server.log.statemachine.data.sync = true (default)
2019-10-03 00:05:43,438 [pool-443-thread-1] INFO  server.RaftServerConfigKeys (ConfUtils.java:logGet(43)) - raft.server.log.statemachine.data.sync.timeout = 10s (default)
2019-10-03 00:05:43,439 [pool-443-thread-1] INFO  server.RaftServerConfigKeys (ConfUtils.java:logGet(43)) - raft.server.log.statemachine.data.sync.timeout.retry = -1 (default)
2019-10-03 00:05:43,439 [pool-443-thread-1] INFO  server.RaftServerConfigKeys (ConfUtils.java:logGet(43)) - raft.server.log.statemachine.data.caching.enabled = true (custom)
2019-10-03 00:05:43,439 [pool-443-thread-1] INFO  segmented.SegmentedRaftLogWorker (SegmentedRaftLogWorker.java:lambda$new$0(128)) - c038034d-0890-4ef3-bcac-cfe3bef2f61c@group-EFB28DB1F0EA-SegmentedRaftLogWorker: flushIndex: setUnconditionally 0 -> -1
2019-10-03 00:05:43,439 [pool-443-thread-1] INFO  server.RaftServerConfigKeys (ConfUtils.java:logGet(43)) - raft.server.snapshot.auto.trigger.enabled = true (custom)
2019-10-03 00:05:43,439 [pool-443-thread-1] INFO  server.RaftServerConfigKeys (ConfUtils.java:logGet(43)) - raft.server.snapshot.auto.trigger.threshold = 10000 (custom)
2019-10-03 00:05:43,439 [pool-443-thread-1] INFO  server.RaftServerConfigKeys (ConfUtils.java:logGet(43)) - raft.server.snapshot.retention.file.num = 5 (custom)
2019-10-03 00:05:43,439 [pool-443-thread-1] INFO  server.RaftServerConfigKeys (ConfUtils.java:logGet(43)) - raft.server.retrycache.expirytime = 600000ms (custom)
2019-10-03 00:05:43,440 [pool-443-thread-1] INFO  impl.RaftServerImpl (RaftServerImpl.java:start(181)) - c038034d-0890-4ef3-bcac-cfe3bef2f61c@group-EFB28DB1F0EA: start as a follower, conf=-1: [c038034d-0890-4ef3-bcac-cfe3bef2f61c:192.168.151.71:41060], old=null
2019-10-03 00:05:43,441 [pool-443-thread-1] INFO  impl.RaftServerImpl (RaftServerImpl.java:setRole(170)) - c038034d-0890-4ef3-bcac-cfe3bef2f61c@group-EFB28DB1F0EA: changes role from      null to FOLLOWER at term 0 for startAsFollower
2019-10-03 00:05:43,441 [pool-443-thread-1] INFO  impl.RoleInfo (RoleInfo.java:updateAndGet(143)) - c038034d-0890-4ef3-bcac-cfe3bef2f61c: start FollowerState
2019-10-03 00:05:43,441 [pool-443-thread-1] INFO  util.JmxRegister (JmxRegister.java:tryRegister(44)) - Successfully registered JMX Bean with object name Ratis:service=RaftServer,group=group-EFB28DB1F0EA,id=c038034d-0890-4ef3-bcac-cfe3bef2f61c
2019-10-03 00:05:43,444 [RatisPipelineUtilsThread] INFO  pipeline.PipelineStateManager (PipelineStateManager.java:addPipeline(56)) - Created pipeline Pipeline[ Id: ec5c4f0a-bdc0-4396-98f4-efb28db1f0ea, Nodes: c038034d-0890-4ef3-bcac-cfe3bef2f61c{ip: 192.168.151.71, host: pr-hdds-2200-trunk-rmlvb-651263995, networkLocation: /default-rack, certSerialId: null}, Type:RATIS, Factor:ONE, State:OPEN]
2019-10-03 00:05:43,455 [grpc-default-executor-1] INFO  impl.RaftServerProxy (RaftServerProxy.java:addNew(89)) - c038034d-0890-4ef3-bcac-cfe3bef2f61c: addNew group-A39FA696E60C:[98071f0e-f6e2-4f1d-adef-2776e916fd00:192.168.151.71:42150, 546c6a52-a3f1-4396-9be2-6fd82c1fdfd6:192.168.151.71:45907, c038034d-0890-4ef3-bcac-cfe3bef2f61c:192.168.151.71:41060] returns group-A39FA696E60C:java.util.concurrent.CompletableFuture@56485b2d[Not completed]
2019-10-03 00:05:43,455 [grpc-default-executor-5] INFO  impl.RaftServerProxy (RaftServerProxy.java:addNew(89)) - 546c6a52-a3f1-4396-9be2-6fd82c1fdfd6: addNew group-A39FA696E60C:[98071f0e-f6e2-4f1d-adef-2776e916fd00:192.168.151.71:42150, 546c6a52-a3f1-4396-9be2-6fd82c1fdfd6:192.168.151.71:45907, c038034d-0890-4ef3-bcac-cfe3bef2f61c:192.168.151.71:41060] returns group-A39FA696E60C:java.util.concurrent.CompletableFuture@32d75820[Not completed]
2019-10-03 00:05:43,455 [grpc-default-executor-0] INFO  impl.RaftServerProxy (RaftServerProxy.java:addNew(89)) - 98071f0e-f6e2-4f1d-adef-2776e916fd00: addNew group-A39FA696E60C:[98071f0e-f6e2-4f1d-adef-2776e916fd00:192.168.151.71:42150, 546c6a52-a3f1-4396-9be2-6fd82c1fdfd6:192.168.151.71:45907, c038034d-0890-4ef3-bcac-cfe3bef2f61c:192.168.151.71:41060] returns group-A39FA696E60C:java.util.concurrent.CompletableFuture@65cb1183[Not completed]
2019-10-03 00:05:43,456 [pool-443-thread-1] INFO  impl.RaftServerImpl (RaftServerImpl.java:<init>(95)) - c038034d-0890-4ef3-bcac-cfe3bef2f61c: new RaftServerImpl for group-A39FA696E60C:[98071f0e-f6e2-4f1d-adef-2776e916fd00:192.168.151.71:42150, 546c6a52-a3f1-4396-9be2-6fd82c1fdfd6:192.168.151.71:45907, c038034d-0890-4ef3-bcac-cfe3bef2f61c:192.168.151.71:41060] with ContainerStateMachine:uninitialized
2019-10-03 00:05:43,456 [pool-443-thread-1] INFO  server.RaftServerConfigKeys (ConfUtils.java:logGet(43)) - raft.server.rpc.timeout.min = 5s (custom)
2019-10-03 00:05:43,456 [pool-443-thread-1] INFO  server.RaftServerConfigKeys (ConfUtils.java:logGet(43)) - raft.server.rpc.timeout.max = 5200ms (custom)
2019-10-03 00:05:43,456 [pool-443-thread-1] INFO  server.RaftServerConfigKeys (ConfUtils.java:logGet(43)) - raft.server.rpcslowness.timeout = 120s (custom)
2019-10-03 00:05:43,456 [pool-443-thread-1] INFO  server.RaftServerConfigKeys (ConfUtils.java:logGet(43)) - raft.server.sleep.deviation.threshold = 300 (default)
2019-10-03 00:05:43,456 [pool-413-thread-1] INFO  impl.RaftServerImpl (RaftServerImpl.java:<init>(95)) - 98071f0e-f6e2-4f1d-adef-2776e916fd00: new RaftServerImpl for group-A39FA696E60C:[98071f0e-f6e2-4f1d-adef-2776e916fd00:192.168.151.71:42150, 546c6a52-a3f1-4396-9be2-6fd82c1fdfd6:192.168.151.71:45907, c038034d-0890-4ef3-bcac-cfe3bef2f61c:192.168.151.71:41060] with ContainerStateMachine:uninitialized
2019-10-03 00:05:43,456 [pool-443-thread-1] INFO  server.RaftServerConfigKeys (ConfUtils.java:logGet(43)) - raft.server.log.appender.install.snapshot.enabled = false (custom)
2019-10-03 00:05:43,456 [pool-413-thread-1] INFO  server.RaftServerConfigKeys (ConfUtils.java:logGet(43)) - raft.server.rpc.timeout.min = 5s (custom)
2019-10-03 00:05:43,456 [pool-443-thread-1] INFO  impl.RaftServerImpl (ServerState.java:<init>(103)) - c038034d-0890-4ef3-bcac-cfe3bef2f61c@group-A39FA696E60C: ConfigurationManager, init=-1: [98071f0e-f6e2-4f1d-adef-2776e916fd00:192.168.151.71:42150, 546c6a52-a3f1-4396-9be2-6fd82c1fdfd6:192.168.151.71:45907, c038034d-0890-4ef3-bcac-cfe3bef2f61c:192.168.151.71:41060], old=null, confs=<EMPTY_MAP>
2019-10-03 00:05:43,456 [pool-413-thread-1] INFO  server.RaftServerConfigKeys (ConfUtils.java:logGet(43)) - raft.server.rpc.timeout.max = 5200ms (custom)
2019-10-03 00:05:43,456 [pool-443-thread-1] INFO  server.RaftServerConfigKeys (ConfUtils.java:logGet(43)) - raft.server.storage.dir = [/workdir/hadoop-ozone/integration-test/target/test-dir/MiniOzoneClusterImpl-5cc37e88-4648-452a-832d-c391e4d45a6b/datanode-6/data/ratis] (custom)
2019-10-03 00:05:43,456 [pool-413-thread-1] INFO  server.RaftServerConfigKeys (ConfUtils.java:logGet(43)) - raft.server.rpcslowness.timeout = 120s (custom)
2019-10-03 00:05:43,457 [pool-443-thread-1] INFO  server.RaftServerConfigKeys (ConfUtils.java:logGet(43)) - raft.server.log.corruption.policy = EXCEPTION (default)
2019-10-03 00:05:43,457 [pool-423-thread-1] INFO  impl.RaftServerImpl (RaftServerImpl.java:<init>(95)) - 546c6a52-a3f1-4396-9be2-6fd82c1fdfd6: new RaftServerImpl for group-A39FA696E60C:[98071f0e-f6e2-4f1d-adef-2776e916fd00:192.168.151.71:42150, 546c6a52-a3f1-4396-9be2-6fd82c1fdfd6:192.168.151.71:45907, c038034d-0890-4ef3-bcac-cfe3bef2f61c:192.168.151.71:41060] with ContainerStateMachine:uninitialized
2019-10-03 00:05:43,457 [pool-443-thread-1] INFO  storage.RaftStorageDirectory (RaftStorageDirectory.java:analyzeStorage(246)) - The storage directory /workdir/hadoop-ozone/integration-test/target/test-dir/MiniOzoneClusterImpl-5cc37e88-4648-452a-832d-c391e4d45a6b/datanode-6/data/ratis/f6cc8a65-b6b7-4036-84af-a39fa696e60c does not exist. Creating ...
2019-10-03 00:05:43,457 [pool-413-thread-1] INFO  server.RaftServerConfigKeys (ConfUtils.java:logGet(43)) - raft.server.sleep.deviation.threshold = 300 (default)
2019-10-03 00:05:43,457 [pool-423-thread-1] INFO  server.RaftServerConfigKeys (ConfUtils.java:logGet(43)) - raft.server.rpc.timeout.min = 5s (custom)
2019-10-03 00:05:43,457 [pool-413-thread-1] INFO  server.RaftServerConfigKeys (ConfUtils.java:logGet(43)) - raft.server.log.appender.install.snapshot.enabled = false (custom)
2019-10-03 00:05:43,457 [pool-423-thread-1] INFO  server.RaftServerConfigKeys (ConfUtils.java:logGet(43)) - raft.server.rpc.timeout.max = 5200ms (custom)
2019-10-03 00:05:43,457 [pool-413-thread-1] INFO  impl.RaftServerImpl (ServerState.java:<init>(103)) - 98071f0e-f6e2-4f1d-adef-2776e916fd00@group-A39FA696E60C: ConfigurationManager, init=-1: [98071f0e-f6e2-4f1d-adef-2776e916fd00:192.168.151.71:42150, 546c6a52-a3f1-4396-9be2-6fd82c1fdfd6:192.168.151.71:45907, c038034d-0890-4ef3-bcac-cfe3bef2f61c:192.168.151.71:41060], old=null, confs=<EMPTY_MAP>
2019-10-03 00:05:43,457 [pool-423-thread-1] INFO  server.RaftServerConfigKeys (ConfUtils.java:logGet(43)) - raft.server.rpcslowness.timeout = 120s (custom)
2019-10-03 00:05:43,457 [pool-413-thread-1] INFO  server.RaftServerConfigKeys (ConfUtils.java:logGet(43)) - raft.server.storage.dir = [/workdir/hadoop-ozone/integration-test/target/test-dir/MiniOzoneClusterImpl-5cc37e88-4648-452a-832d-c391e4d45a6b/datanode-3/data/ratis] (custom)
2019-10-03 00:05:43,457 [pool-423-thread-1] INFO  server.RaftServerConfigKeys (ConfUtils.java:logGet(43)) - raft.server.sleep.deviation.threshold = 300 (default)
2019-10-03 00:05:43,458 [pool-423-thread-1] INFO  server.RaftServerConfigKeys (ConfUtils.java:logGet(43)) - raft.server.log.appender.install.snapshot.enabled = false (custom)
2019-10-03 00:05:43,458 [pool-413-thread-1] INFO  server.RaftServerConfigKeys (ConfUtils.java:logGet(43)) - raft.server.log.corruption.policy = EXCEPTION (default)
2019-10-03 00:05:43,458 [pool-423-thread-1] INFO  impl.RaftServerImpl (ServerState.java:<init>(103)) - 546c6a52-a3f1-4396-9be2-6fd82c1fdfd6@group-A39FA696E60C: ConfigurationManager, init=-1: [98071f0e-f6e2-4f1d-adef-2776e916fd00:192.168.151.71:42150, 546c6a52-a3f1-4396-9be2-6fd82c1fdfd6:192.168.151.71:45907, c038034d-0890-4ef3-bcac-cfe3bef2f61c:192.168.151.71:41060], old=null, confs=<EMPTY_MAP>
2019-10-03 00:05:43,458 [pool-413-thread-1] INFO  storage.RaftStorageDirectory (RaftStorageDirectory.java:analyzeStorage(246)) - The storage directory /workdir/hadoop-ozone/integration-test/target/test-dir/MiniOzoneClusterImpl-5cc37e88-4648-452a-832d-c391e4d45a6b/datanode-3/data/ratis/f6cc8a65-b6b7-4036-84af-a39fa696e60c does not exist. Creating ...
2019-10-03 00:05:43,458 [pool-423-thread-1] INFO  server.RaftServerConfigKeys (ConfUtils.java:logGet(43)) - raft.server.storage.dir = [/workdir/hadoop-ozone/integration-test/target/test-dir/MiniOzoneClusterImpl-5cc37e88-4648-452a-832d-c391e4d45a6b/datanode-4/data/ratis] (custom)
2019-10-03 00:05:43,458 [pool-423-thread-1] INFO  server.RaftServerConfigKeys (ConfUtils.java:logGet(43)) - raft.server.log.corruption.policy = EXCEPTION (default)
2019-10-03 00:05:43,458 [pool-423-thread-1] INFO  storage.RaftStorageDirectory (RaftStorageDirectory.java:analyzeStorage(246)) - The storage directory /workdir/hadoop-ozone/integration-test/target/test-dir/MiniOzoneClusterImpl-5cc37e88-4648-452a-832d-c391e4d45a6b/datanode-4/data/ratis/f6cc8a65-b6b7-4036-84af-a39fa696e60c does not exist. Creating ...
2019-10-03 00:05:43,470 [pool-413-thread-1] INFO  storage.RaftStorageDirectory (RaftStorageDirectory.java:tryLock(328)) - Lock on /workdir/hadoop-ozone/integration-test/target/test-dir/MiniOzoneClusterImpl-5cc37e88-4648-452a-832d-c391e4d45a6b/datanode-3/data/ratis/f6cc8a65-b6b7-4036-84af-a39fa696e60c/in_use.lock acquired by nodename 24543@pr-hdds-2200-trunk-rmlvb-651263995
2019-10-03 00:05:43,470 [pool-443-thread-1] INFO  storage.RaftStorageDirectory (RaftStorageDirectory.java:tryLock(328)) - Lock on /workdir/hadoop-ozone/integration-test/target/test-dir/MiniOzoneClusterImpl-5cc37e88-4648-452a-832d-c391e4d45a6b/datanode-6/data/ratis/f6cc8a65-b6b7-4036-84af-a39fa696e60c/in_use.lock acquired by nodename 24543@pr-hdds-2200-trunk-rmlvb-651263995
2019-10-03 00:05:43,470 [pool-423-thread-1] INFO  storage.RaftStorageDirectory (RaftStorageDirectory.java:tryLock(328)) - Lock on /workdir/hadoop-ozone/integration-test/target/test-dir/MiniOzoneClusterImpl-5cc37e88-4648-452a-832d-c391e4d45a6b/datanode-4/data/ratis/f6cc8a65-b6b7-4036-84af-a39fa696e60c/in_use.lock acquired by nodename 24543@pr-hdds-2200-trunk-rmlvb-651263995
2019-10-03 00:05:43,484 [pool-423-thread-1] INFO  storage.RaftStorage (RaftStorage.java:format(84)) - Storage directory /workdir/hadoop-ozone/integration-test/target/test-dir/MiniOzoneClusterImpl-5cc37e88-4648-452a-832d-c391e4d45a6b/datanode-4/data/ratis/f6cc8a65-b6b7-4036-84af-a39fa696e60c has been successfully formatted.
2019-10-03 00:05:43,484 [pool-443-thread-1] INFO  storage.RaftStorage (RaftStorage.java:format(84)) - Storage directory /workdir/hadoop-ozone/integration-test/target/test-dir/MiniOzoneClusterImpl-5cc37e88-4648-452a-832d-c391e4d45a6b/datanode-6/data/ratis/f6cc8a65-b6b7-4036-84af-a39fa696e60c has been successfully formatted.
2019-10-03 00:05:43,484 [pool-413-thread-1] INFO  storage.RaftStorage (RaftStorage.java:format(84)) - Storage directory /workdir/hadoop-ozone/integration-test/target/test-dir/MiniOzoneClusterImpl-5cc37e88-4648-452a-832d-c391e4d45a6b/datanode-3/data/ratis/f6cc8a65-b6b7-4036-84af-a39fa696e60c has been successfully formatted.
2019-10-03 00:05:43,484 [pool-443-thread-1] INFO  ratis.ContainerStateMachine (ContainerStateMachine.java:loadSnapshot(230)) - group-A39FA696E60C: The snapshot info is null. Setting the last applied indexto:(t:0, i:~)
2019-10-03 00:05:43,484 [pool-423-thread-1] INFO  ratis.ContainerStateMachine (ContainerStateMachine.java:loadSnapshot(230)) - group-A39FA696E60C: The snapshot info is null. Setting the last applied indexto:(t:0, i:~)
2019-10-03 00:05:43,484 [pool-413-thread-1] INFO  ratis.ContainerStateMachine (ContainerStateMachine.java:loadSnapshot(230)) - group-A39FA696E60C: The snapshot info is null. Setting the last applied indexto:(t:0, i:~)
2019-10-03 00:05:43,484 [pool-443-thread-1] INFO  server.RaftServerConfigKeys (ConfUtils.java:logGet(43)) - raft.server.notification.no-leader.timeout = 120s (custom)
2019-10-03 00:05:43,485 [pool-413-thread-1] INFO  server.RaftServerConfigKeys (ConfUtils.java:logGet(43)) - raft.server.notification.no-leader.timeout = 120s (custom)
2019-10-03 00:05:43,485 [pool-423-thread-1] INFO  server.RaftServerConfigKeys (ConfUtils.java:logGet(43)) - raft.server.notification.no-leader.timeout = 120s (custom)
2019-10-03 00:05:43,485 [pool-413-thread-1] INFO  server.RaftServerConfigKeys (ConfUtils.java:logGet(43)) - raft.server.log.use.memory = false (default)
2019-10-03 00:05:43,485 [pool-443-thread-1] INFO  server.RaftServerConfigKeys (ConfUtils.java:logGet(43)) - raft.server.log.use.memory = false (default)
2019-10-03 00:05:43,485 [pool-413-thread-1] INFO  server.RaftServerConfigKeys (ConfUtils.java:logGet(43)) - raft.server.log.purge.gap = 1000000 (custom)
2019-10-03 00:05:43,485 [pool-423-thread-1] INFO  server.RaftServerConfigKeys (ConfUtils.java:logGet(43)) - raft.server.log.use.memory = false (default)
2019-10-03 00:05:43,485 [pool-413-thread-1] INFO  server.RaftServerConfigKeys (ConfUtils.java:logGet(43)) - raft.server.log.appender.buffer.byte-limit = 33554432 (custom)
2019-10-03 00:05:43,485 [pool-443-thread-1] INFO  server.RaftServerConfigKeys (ConfUtils.java:logGet(43)) - raft.server.log.purge.gap = 1000000 (custom)
2019-10-03 00:05:43,486 [pool-413-thread-1] INFO  server.RaftServerConfigKeys (ConfUtils.java:logGet(43)) - raft.server.log.segment.size.max = 1048576 (custom)
2019-10-03 00:05:43,485 [pool-423-thread-1] INFO  server.RaftServerConfigKeys (ConfUtils.java:logGet(43)) - raft.server.log.purge.gap = 1000000 (custom)
2019-10-03 00:05:43,486 [pool-413-thread-1] INFO  server.RaftServerConfigKeys (ConfUtils.java:logGet(43)) - raft.server.log.segment.cache.num.max = 2 (custom)
2019-10-03 00:05:43,486 [pool-443-thread-1] INFO  server.RaftServerConfigKeys (ConfUtils.java:logGet(43)) - raft.server.log.appender.buffer.byte-limit = 33554432 (custom)
2019-10-03 00:05:43,486 [pool-413-thread-1] INFO  segmented.SegmentedRaftLogWorker (SegmentedRaftLogWorker.java:<init>(173)) - new 98071f0e-f6e2-4f1d-adef-2776e916fd00@group-A39FA696E60C-SegmentedRaftLogWorker for RaftStorage:Storage Directory /workdir/hadoop-ozone/integration-test/target/test-dir/MiniOzoneClusterImpl-5cc37e88-4648-452a-832d-c391e4d45a6b/datanode-3/data/ratis/f6cc8a65-b6b7-4036-84af-a39fa696e60c
2019-10-03 00:05:43,486 [pool-423-thread-1] INFO  server.RaftServerConfigKeys (ConfUtils.java:logGet(43)) - raft.server.log.appender.buffer.byte-limit = 33554432 (custom)
2019-10-03 00:05:43,486 [pool-413-thread-1] INFO  server.RaftServerConfigKeys (ConfUtils.java:logGet(43)) - raft.server.log.queue.byte-limit = 2147483647 (custom)
2019-10-03 00:05:43,487 [pool-413-thread-1] INFO  server.RaftServerConfigKeys (ConfUtils.java:logGet(43)) - raft.server.log.queue.element-limit = 1024 (custom)
2019-10-03 00:05:43,486 [pool-443-thread-1] INFO  server.RaftServerConfigKeys (ConfUtils.java:logGet(43)) - raft.server.log.segment.size.max = 1048576 (custom)
2019-10-03 00:05:43,487 [pool-413-thread-1] INFO  server.RaftServerConfigKeys (ConfUtils.java:logGet(43)) - raft.server.log.segment.size.max = 1048576 (custom)
2019-10-03 00:05:43,487 [pool-423-thread-1] INFO  server.RaftServerConfigKeys (ConfUtils.java:logGet(43)) - raft.server.log.segment.size.max = 1048576 (custom)
2019-10-03 00:05:43,487 [pool-413-thread-1] INFO  server.RaftServerConfigKeys (ConfUtils.java:logGet(43)) - raft.server.log.preallocated.size = 16384 (custom)
2019-10-03 00:05:43,487 [pool-443-thread-1] INFO  server.RaftServerConfigKeys (ConfUtils.java:logGet(43)) - raft.server.log.segment.cache.num.max = 2 (custom)
2019-10-03 00:05:43,487 [pool-413-thread-1] INFO  server.RaftServerConfigKeys (ConfUtils.java:logGet(43)) - raft.server.log.write.buffer.size = 33554432 (custom)
2019-10-03 00:05:43,487 [pool-413-thread-1] INFO  server.RaftServerConfigKeys (ConfUtils.java:logGet(43)) - raft.server.log.force.sync.num = 128 (default)
2019-10-03 00:05:43,487 [pool-423-thread-1] INFO  server.RaftServerConfigKeys (ConfUtils.java:logGet(43)) - raft.server.log.segment.cache.num.max = 2 (custom)
2019-10-03 00:05:43,488 [pool-413-thread-1] INFO  server.RaftServerConfigKeys (ConfUtils.java:logGet(43)) - raft.server.log.statemachine.data.sync = true (default)
2019-10-03 00:05:43,487 [pool-443-thread-1] INFO  segmented.SegmentedRaftLogWorker (SegmentedRaftLogWorker.java:<init>(173)) - new c038034d-0890-4ef3-bcac-cfe3bef2f61c@group-A39FA696E60C-SegmentedRaftLogWorker for RaftStorage:Storage Directory /workdir/hadoop-ozone/integration-test/target/test-dir/MiniOzoneClusterImpl-5cc37e88-4648-452a-832d-c391e4d45a6b/datanode-6/data/ratis/f6cc8a65-b6b7-4036-84af-a39fa696e60c
2019-10-03 00:05:43,488 [pool-413-thread-1] INFO  server.RaftServerConfigKeys (ConfUtils.java:logGet(43)) - raft.server.log.statemachine.data.sync.timeout = 10s (default)
2019-10-03 00:05:43,488 [pool-423-thread-1] INFO  segmented.SegmentedRaftLogWorker (SegmentedRaftLogWorker.java:<init>(173)) - new 546c6a52-a3f1-4396-9be2-6fd82c1fdfd6@group-A39FA696E60C-SegmentedRaftLogWorker for RaftStorage:Storage Directory /workdir/hadoop-ozone/integration-test/target/test-dir/MiniOzoneClusterImpl-5cc37e88-4648-452a-832d-c391e4d45a6b/datanode-4/data/ratis/f6cc8a65-b6b7-4036-84af-a39fa696e60c
2019-10-03 00:05:43,488 [pool-413-thread-1] INFO  server.RaftServerConfigKeys (ConfUtils.java:logGet(43)) - raft.server.log.statemachine.data.sync.timeout.retry = -1 (default)
2019-10-03 00:05:43,488 [pool-443-thread-1] INFO  server.RaftServerConfigKeys (ConfUtils.java:logGet(43)) - raft.server.log.queue.byte-limit = 2147483647 (custom)
2019-10-03 00:05:43,488 [pool-413-thread-1] INFO  server.RaftServerConfigKeys (ConfUtils.java:logGet(43)) - raft.server.log.statemachine.data.caching.enabled = true (custom)
2019-10-03 00:05:43,488 [pool-423-thread-1] INFO  server.RaftServerConfigKeys (ConfUtils.java:logGet(43)) - raft.server.log.queue.byte-limit = 2147483647 (custom)
2019-10-03 00:05:43,488 [pool-443-thread-1] INFO  server.RaftServerConfigKeys (ConfUtils.java:logGet(43)) - raft.server.log.queue.element-limit = 1024 (custom)
2019-10-03 00:05:43,489 [pool-413-thread-1] INFO  segmented.SegmentedRaftLogWorker (SegmentedRaftLogWorker.java:lambda$new$0(128)) - 98071f0e-f6e2-4f1d-adef-2776e916fd00@group-A39FA696E60C-SegmentedRaftLogWorker: flushIndex: setUnconditionally 0 -> -1
2019-10-03 00:05:43,489 [pool-423-thread-1] INFO  server.RaftServerConfigKeys (ConfUtils.java:logGet(43)) - raft.server.log.queue.element-limit = 1024 (custom)
2019-10-03 00:05:43,489 [pool-443-thread-1] INFO  server.RaftServerConfigKeys (ConfUtils.java:logGet(43)) - raft.server.log.segment.size.max = 1048576 (custom)
2019-10-03 00:05:43,489 [pool-423-thread-1] INFO  server.RaftServerConfigKeys (ConfUtils.java:logGet(43)) - raft.server.log.segment.size.max = 1048576 (custom)
2019-10-03 00:05:43,489 [pool-413-thread-1] INFO  server.RaftServerConfigKeys (ConfUtils.java:logGet(43)) - raft.server.snapshot.auto.trigger.enabled = true (custom)
2019-10-03 00:05:43,489 [pool-423-thread-1] INFO  server.RaftServerConfigKeys (ConfUtils.java:logGet(43)) - raft.server.log.preallocated.size = 16384 (custom)
2019-10-03 00:05:43,489 [pool-443-thread-1] INFO  server.RaftServerConfigKeys (ConfUtils.java:logGet(43)) - raft.server.log.preallocated.size = 16384 (custom)
2019-10-03 00:05:43,490 [pool-423-thread-1] INFO  server.RaftServerConfigKeys (ConfUtils.java:logGet(43)) - raft.server.log.write.buffer.size = 33554432 (custom)
2019-10-03 00:05:43,490 [pool-413-thread-1] INFO  server.RaftServerConfigKeys (ConfUtils.java:logGet(43)) - raft.server.snapshot.auto.trigger.threshold = 10000 (custom)
2019-10-03 00:05:43,490 [pool-423-thread-1] INFO  server.RaftServerConfigKeys (ConfUtils.java:logGet(43)) - raft.server.log.force.sync.num = 128 (default)
2019-10-03 00:05:43,490 [pool-443-thread-1] INFO  server.RaftServerConfigKeys (ConfUtils.java:logGet(43)) - raft.server.log.write.buffer.size = 33554432 (custom)
2019-10-03 00:05:43,490 [pool-423-thread-1] INFO  server.RaftServerConfigKeys (ConfUtils.java:logGet(43)) - raft.server.log.statemachine.data.sync = true (default)
2019-10-03 00:05:43,490 [pool-413-thread-1] INFO  server.RaftServerConfigKeys (ConfUtils.java:logGet(43)) - raft.server.snapshot.retention.file.num = 5 (custom)
2019-10-03 00:05:43,490 [pool-423-thread-1] INFO  server.RaftServerConfigKeys (ConfUtils.java:logGet(43)) - raft.server.log.statemachine.data.sync.timeout = 10s (default)
2019-10-03 00:05:43,490 [pool-443-thread-1] INFO  server.RaftServerConfigKeys (ConfUtils.java:logGet(43)) - raft.server.log.force.sync.num = 128 (default)
2019-10-03 00:05:43,491 [pool-423-thread-1] INFO  server.RaftServerConfigKeys (ConfUtils.java:logGet(43)) - raft.server.log.statemachine.data.sync.timeout.retry = -1 (default)
2019-10-03 00:05:43,491 [pool-413-thread-1] INFO  server.RaftServerConfigKeys (ConfUtils.java:logGet(43)) - raft.server.retrycache.expirytime = 600000ms (custom)
2019-10-03 00:05:43,491 [pool-423-thread-1] INFO  server.RaftServerConfigKeys (ConfUtils.java:logGet(43)) - raft.server.log.statemachine.data.caching.enabled = true (custom)
2019-10-03 00:05:43,491 [pool-443-thread-1] INFO  server.RaftServerConfigKeys (ConfUtils.java:logGet(43)) - raft.server.log.statemachine.data.sync = true (default)
2019-10-03 00:05:43,491 [pool-443-thread-1] INFO  server.RaftServerConfigKeys (ConfUtils.java:logGet(43)) - raft.server.log.statemachine.data.sync.timeout = 10s (default)
2019-10-03 00:05:43,491 [pool-423-thread-1] INFO  segmented.SegmentedRaftLogWorker (SegmentedRaftLogWorker.java:lambda$new$0(128)) - 546c6a52-a3f1-4396-9be2-6fd82c1fdfd6@group-A39FA696E60C-SegmentedRaftLogWorker: flushIndex: setUnconditionally 0 -> -1
2019-10-03 00:05:43,491 [pool-443-thread-1] INFO  server.RaftServerConfigKeys (ConfUtils.java:logGet(43)) - raft.server.log.statemachine.data.sync.timeout.retry = -1 (default)
2019-10-03 00:05:43,492 [pool-443-thread-1] INFO  server.RaftServerConfigKeys (ConfUtils.java:logGet(43)) - raft.server.log.statemachine.data.caching.enabled = true (custom)
2019-10-03 00:05:43,492 [pool-423-thread-1] INFO  server.RaftServerConfigKeys (ConfUtils.java:logGet(43)) - raft.server.snapshot.auto.trigger.enabled = true (custom)
2019-10-03 00:05:43,492 [pool-443-thread-1] INFO  segmented.SegmentedRaftLogWorker (SegmentedRaftLogWorker.java:lambda$new$0(128)) - c038034d-0890-4ef3-bcac-cfe3bef2f61c@group-A39FA696E60C-SegmentedRaftLogWorker: flushIndex: setUnconditionally 0 -> -1
2019-10-03 00:05:43,492 [pool-423-thread-1] INFO  server.RaftServerConfigKeys (ConfUtils.java:logGet(43)) - raft.server.snapshot.auto.trigger.threshold = 10000 (custom)
2019-10-03 00:05:43,492 [pool-443-thread-1] INFO  server.RaftServerConfigKeys (ConfUtils.java:logGet(43)) - raft.server.snapshot.auto.trigger.enabled = true (custom)
2019-10-03 00:05:43,492 [pool-423-thread-1] INFO  server.RaftServerConfigKeys (ConfUtils.java:logGet(43)) - raft.server.snapshot.retention.file.num = 5 (custom)
2019-10-03 00:05:43,492 [pool-443-thread-1] INFO  server.RaftServerConfigKeys (ConfUtils.java:logGet(43)) - raft.server.snapshot.auto.trigger.threshold = 10000 (custom)
2019-10-03 00:05:43,492 [pool-423-thread-1] INFO  server.RaftServerConfigKeys (ConfUtils.java:logGet(43)) - raft.server.retrycache.expirytime = 600000ms (custom)
2019-10-03 00:05:43,492 [pool-443-thread-1] INFO  server.RaftServerConfigKeys (ConfUtils.java:logGet(43)) - raft.server.snapshot.retention.file.num = 5 (custom)
2019-10-03 00:05:43,493 [pool-413-thread-1] INFO  impl.RaftServerImpl (RaftServerImpl.java:start(181)) - 98071f0e-f6e2-4f1d-adef-2776e916fd00@group-A39FA696E60C: start as a follower, conf=-1: [98071f0e-f6e2-4f1d-adef-2776e916fd00:192.168.151.71:42150, 546c6a52-a3f1-4396-9be2-6fd82c1fdfd6:192.168.151.71:45907, c038034d-0890-4ef3-bcac-cfe3bef2f61c:192.168.151.71:41060], old=null
2019-10-03 00:05:43,493 [pool-443-thread-1] INFO  server.RaftServerConfigKeys (ConfUtils.java:logGet(43)) - raft.server.retrycache.expirytime = 600000ms (custom)
2019-10-03 00:05:43,493 [pool-413-thread-1] INFO  impl.RaftServerImpl (RaftServerImpl.java:setRole(170)) - 98071f0e-f6e2-4f1d-adef-2776e916fd00@group-A39FA696E60C: changes role from      null to FOLLOWER at term 0 for startAsFollower
2019-10-03 00:05:43,493 [pool-413-thread-1] INFO  impl.RoleInfo (RoleInfo.java:updateAndGet(143)) - 98071f0e-f6e2-4f1d-adef-2776e916fd00: start FollowerState
2019-10-03 00:05:43,493 [pool-413-thread-1] INFO  util.JmxRegister (JmxRegister.java:tryRegister(44)) - Successfully registered JMX Bean with object name Ratis:service=RaftServer,group=group-A39FA696E60C,id=98071f0e-f6e2-4f1d-adef-2776e916fd00
2019-10-03 00:05:43,495 [pool-423-thread-1] INFO  impl.RaftServerImpl (RaftServerImpl.java:start(181)) - 546c6a52-a3f1-4396-9be2-6fd82c1fdfd6@group-A39FA696E60C: start as a follower, conf=-1: [98071f0e-f6e2-4f1d-adef-2776e916fd00:192.168.151.71:42150, 546c6a52-a3f1-4396-9be2-6fd82c1fdfd6:192.168.151.71:45907, c038034d-0890-4ef3-bcac-cfe3bef2f61c:192.168.151.71:41060], old=null
2019-10-03 00:05:43,495 [pool-423-thread-1] INFO  impl.RaftServerImpl (RaftServerImpl.java:setRole(170)) - 546c6a52-a3f1-4396-9be2-6fd82c1fdfd6@group-A39FA696E60C: changes role from      null to FOLLOWER at term 0 for startAsFollower
2019-10-03 00:05:43,495 [pool-443-thread-1] INFO  impl.RaftServerImpl (RaftServerImpl.java:start(181)) - c038034d-0890-4ef3-bcac-cfe3bef2f61c@group-A39FA696E60C: start as a follower, conf=-1: [98071f0e-f6e2-4f1d-adef-2776e916fd00:192.168.151.71:42150, 546c6a52-a3f1-4396-9be2-6fd82c1fdfd6:192.168.151.71:45907, c038034d-0890-4ef3-bcac-cfe3bef2f61c:192.168.151.71:41060], old=null
2019-10-03 00:05:43,495 [pool-423-thread-1] INFO  impl.RoleInfo (RoleInfo.java:updateAndGet(143)) - 546c6a52-a3f1-4396-9be2-6fd82c1fdfd6: start FollowerState
2019-10-03 00:05:43,495 [pool-443-thread-1] INFO  impl.RaftServerImpl (RaftServerImpl.java:setRole(170)) - c038034d-0890-4ef3-bcac-cfe3bef2f61c@group-A39FA696E60C: changes role from      null to FOLLOWER at term 0 for startAsFollower
2019-10-03 00:05:43,496 [pool-443-thread-1] INFO  impl.RoleInfo (RoleInfo.java:updateAndGet(143)) - c038034d-0890-4ef3-bcac-cfe3bef2f61c: start FollowerState
2019-10-03 00:05:43,496 [pool-423-thread-1] INFO  util.JmxRegister (JmxRegister.java:tryRegister(44)) - Successfully registered JMX Bean with object name Ratis:service=RaftServer,group=group-A39FA696E60C,id=546c6a52-a3f1-4396-9be2-6fd82c1fdfd6
2019-10-03 00:05:43,496 [pool-443-thread-1] INFO  util.JmxRegister (JmxRegister.java:tryRegister(44)) - Successfully registered JMX Bean with object name Ratis:service=RaftServer,group=group-A39FA696E60C,id=c038034d-0890-4ef3-bcac-cfe3bef2f61c
2019-10-03 00:05:43,501 [RatisPipelineUtilsThread] INFO  pipeline.PipelineStateManager (PipelineStateManager.java:addPipeline(56)) - Created pipeline Pipeline[ Id: f6cc8a65-b6b7-4036-84af-a39fa696e60c, Nodes: c038034d-0890-4ef3-bcac-cfe3bef2f61c{ip: 192.168.151.71, host: pr-hdds-2200-trunk-rmlvb-651263995, networkLocation: /default-rack, certSerialId: null}98071f0e-f6e2-4f1d-adef-2776e916fd00{ip: 192.168.151.71, host: pr-hdds-2200-trunk-rmlvb-651263995, networkLocation: /default-rack, certSerialId: null}546c6a52-a3f1-4396-9be2-6fd82c1fdfd6{ip: 192.168.151.71, host: pr-hdds-2200-trunk-rmlvb-651263995, networkLocation: /default-rack, certSerialId: null}, Type:RATIS, Factor:THREE, State:OPEN]
2019-10-03 00:05:45,943 [Thread-2356] INFO  container.ReplicationManager (ReplicationManager.java:start(162)) - Starting Replication Monitor Thread.
2019-10-03 00:05:45,954 [ReplicationMonitor] INFO  container.ReplicationManager (ReplicationManager.java:run(225)) - Replication Monitor Thread took 1 milliseconds for processing 1 containers.
2019-10-03 00:05:48,124 [Thread-2358] INFO  impl.FollowerState (FollowerState.java:run(108)) - 90dee035-d673-444d-8607-eaba9f04884d@group-00F6526A42BD-FollowerState: change to CANDIDATE, lastRpcTime:5128ms, electionTimeout:5128ms
2019-10-03 00:05:48,125 [Thread-2361] INFO  impl.FollowerState (FollowerState.java:run(108)) - e3dbfaec-2d6c-4351-b688-70ba1748dc73@group-06867B641FD3-FollowerState: change to CANDIDATE, lastRpcTime:5076ms, electionTimeout:5076ms
2019-10-03 00:05:48,125 [Thread-2358] INFO  impl.RoleInfo (RoleInfo.java:shutdownFollowerState(121)) - 90dee035-d673-444d-8607-eaba9f04884d: shutdown FollowerState
2019-10-03 00:05:48,125 [Thread-2361] INFO  impl.RoleInfo (RoleInfo.java:shutdownFollowerState(121)) - e3dbfaec-2d6c-4351-b688-70ba1748dc73: shutdown FollowerState
2019-10-03 00:05:48,125 [Thread-2358] INFO  impl.RaftServerImpl (RaftServerImpl.java:setRole(170)) - 90dee035-d673-444d-8607-eaba9f04884d@group-00F6526A42BD: changes role from  FOLLOWER to CANDIDATE at term 0 for changeToCandidate
2019-10-03 00:05:48,125 [Thread-2361] INFO  impl.RaftServerImpl (RaftServerImpl.java:setRole(170)) - e3dbfaec-2d6c-4351-b688-70ba1748dc73@group-06867B641FD3: changes role from  FOLLOWER to CANDIDATE at term 0 for changeToCandidate
2019-10-03 00:05:48,126 [Thread-2361] INFO  impl.RoleInfo (RoleInfo.java:updateAndGet(143)) - e3dbfaec-2d6c-4351-b688-70ba1748dc73: start LeaderElection
2019-10-03 00:05:48,126 [Thread-2358] INFO  impl.RoleInfo (RoleInfo.java:updateAndGet(143)) - 90dee035-d673-444d-8607-eaba9f04884d: start LeaderElection
2019-10-03 00:05:48,157 [90dee035-d673-444d-8607-eaba9f04884d@group-00F6526A42BD-LeaderElection65] INFO  impl.LeaderElection (LeaderElection.java:askForVotes(178)) - 90dee035-d673-444d-8607-eaba9f04884d@group-00F6526A42BD-LeaderElection65: begin an election at term 1 for -1: [90dee035-d673-444d-8607-eaba9f04884d:192.168.151.71:45161], old=null
2019-10-03 00:05:48,157 [e3dbfaec-2d6c-4351-b688-70ba1748dc73@group-06867B641FD3-LeaderElection64] INFO  impl.LeaderElection (LeaderElection.java:askForVotes(178)) - e3dbfaec-2d6c-4351-b688-70ba1748dc73@group-06867B641FD3-LeaderElection64: begin an election at term 1 for -1: [e3dbfaec-2d6c-4351-b688-70ba1748dc73:192.168.151.71:35382], old=null
2019-10-03 00:05:48,157 [e3dbfaec-2d6c-4351-b688-70ba1748dc73@group-06867B641FD3-LeaderElection64] INFO  impl.RoleInfo (RoleInfo.java:shutdownLeaderElection(134)) - e3dbfaec-2d6c-4351-b688-70ba1748dc73: shutdown LeaderElection
2019-10-03 00:05:48,157 [90dee035-d673-444d-8607-eaba9f04884d@group-00F6526A42BD-LeaderElection65] INFO  impl.RoleInfo (RoleInfo.java:shutdownLeaderElection(134)) - 90dee035-d673-444d-8607-eaba9f04884d: shutdown LeaderElection
2019-10-03 00:05:48,157 [e3dbfaec-2d6c-4351-b688-70ba1748dc73@group-06867B641FD3-LeaderElection64] INFO  impl.RaftServerImpl (RaftServerImpl.java:setRole(170)) - e3dbfaec-2d6c-4351-b688-70ba1748dc73@group-06867B641FD3: changes role from CANDIDATE to LEADER at term 1 for changeToLeader
2019-10-03 00:05:48,157 [90dee035-d673-444d-8607-eaba9f04884d@group-00F6526A42BD-LeaderElection65] INFO  impl.RaftServerImpl (RaftServerImpl.java:setRole(170)) - 90dee035-d673-444d-8607-eaba9f04884d@group-00F6526A42BD: changes role from CANDIDATE to LEADER at term 1 for changeToLeader
2019-10-03 00:05:48,158 [90dee035-d673-444d-8607-eaba9f04884d@group-00F6526A42BD-LeaderElection65] INFO  impl.RaftServerImpl (ServerState.java:setLeader(255)) - 90dee035-d673-444d-8607-eaba9f04884d@group-00F6526A42BD: change Leader from null to 90dee035-d673-444d-8607-eaba9f04884d at term 1 for becomeLeader, leader elected after 5171ms
2019-10-03 00:05:48,158 [e3dbfaec-2d6c-4351-b688-70ba1748dc73@group-06867B641FD3-LeaderElection64] INFO  impl.RaftServerImpl (ServerState.java:setLeader(255)) - e3dbfaec-2d6c-4351-b688-70ba1748dc73@group-06867B641FD3: change Leader from null to e3dbfaec-2d6c-4351-b688-70ba1748dc73 at term 1 for becomeLeader, leader elected after 5118ms
2019-10-03 00:05:48,158 [90dee035-d673-444d-8607-eaba9f04884d@group-00F6526A42BD-LeaderElection65] INFO  server.RaftServerConfigKeys (ConfUtils.java:logGet(43)) - raft.server.staging.catchup.gap = 1000 (default)
2019-10-03 00:05:48,158 [e3dbfaec-2d6c-4351-b688-70ba1748dc73@group-06867B641FD3-LeaderElection64] INFO  server.RaftServerConfigKeys (ConfUtils.java:logGet(43)) - raft.server.staging.catchup.gap = 1000 (default)
2019-10-03 00:05:48,158 [90dee035-d673-444d-8607-eaba9f04884d@group-00F6526A42BD-LeaderElection65] INFO  server.RaftServerConfigKeys (ConfUtils.java:logGet(43)) - raft.server.rpc.sleep.time = 25ms (default)
2019-10-03 00:05:48,158 [e3dbfaec-2d6c-4351-b688-70ba1748dc73@group-06867B641FD3-LeaderElection64] INFO  server.RaftServerConfigKeys (ConfUtils.java:logGet(43)) - raft.server.rpc.sleep.time = 25ms (default)
2019-10-03 00:05:48,159 [90dee035-d673-444d-8607-eaba9f04884d@group-00F6526A42BD-LeaderElection65] INFO  server.RaftServerConfigKeys (ConfUtils.java:logGet(43)) - raft.server.write.element-limit = 4096 (default)
2019-10-03 00:05:48,159 [e3dbfaec-2d6c-4351-b688-70ba1748dc73@group-06867B641FD3-LeaderElection64] INFO  server.RaftServerConfigKeys (ConfUtils.java:logGet(43)) - raft.server.write.element-limit = 4096 (default)
2019-10-03 00:05:48,159 [90dee035-d673-444d-8607-eaba9f04884d@group-00F6526A42BD-LeaderElection65] INFO  server.RaftServerConfigKeys (ConfUtils.java:logGet(43)) - raft.server.watch.timeout = 10s (default)
2019-10-03 00:05:48,159 [e3dbfaec-2d6c-4351-b688-70ba1748dc73@group-06867B641FD3-LeaderElection64] INFO  server.RaftServerConfigKeys (ConfUtils.java:logGet(43)) - raft.server.watch.timeout = 10s (default)
2019-10-03 00:05:48,159 [90dee035-d673-444d-8607-eaba9f04884d@group-00F6526A42BD-LeaderElection65] INFO  server.RaftServerConfigKeys (ConfUtils.java:logGet(43)) - raft.server.watch.timeout.denomination = 1s (default)
2019-10-03 00:05:48,159 [e3dbfaec-2d6c-4351-b688-70ba1748dc73@group-06867B641FD3-LeaderElection64] INFO  server.RaftServerConfigKeys (ConfUtils.java:logGet(43)) - raft.server.watch.timeout.denomination = 1s (default)
2019-10-03 00:05:48,160 [90dee035-d673-444d-8607-eaba9f04884d@group-00F6526A42BD-LeaderElection65] INFO  server.RaftServerConfigKeys (ConfUtils.java:logGet(43)) - raft.server.watch.element-limit = 65536 (default)
2019-10-03 00:05:48,160 [e3dbfaec-2d6c-4351-b688-70ba1748dc73@group-06867B641FD3-LeaderElection64] INFO  server.RaftServerConfigKeys (ConfUtils.java:logGet(43)) - raft.server.watch.element-limit = 65536 (default)
2019-10-03 00:05:48,164 [e3dbfaec-2d6c-4351-b688-70ba1748dc73@group-06867B641FD3-LeaderElection64] INFO  impl.RoleInfo (RoleInfo.java:updateAndGet(143)) - e3dbfaec-2d6c-4351-b688-70ba1748dc73: start LeaderState
2019-10-03 00:05:48,164 [90dee035-d673-444d-8607-eaba9f04884d@group-00F6526A42BD-LeaderElection65] INFO  impl.RoleInfo (RoleInfo.java:updateAndGet(143)) - 90dee035-d673-444d-8607-eaba9f04884d: start LeaderState
2019-10-03 00:05:48,165 [90dee035-d673-444d-8607-eaba9f04884d@group-00F6526A42BD-LeaderElection65] INFO  segmented.SegmentedRaftLogWorker (SegmentedRaftLogWorker.java:startLogSegment(385)) - 90dee035-d673-444d-8607-eaba9f04884d@group-00F6526A42BD-SegmentedRaftLogWorker: Starting segment from index:0
2019-10-03 00:05:48,165 [e3dbfaec-2d6c-4351-b688-70ba1748dc73@group-06867B641FD3-LeaderElection64] INFO  segmented.SegmentedRaftLogWorker (SegmentedRaftLogWorker.java:startLogSegment(385)) - e3dbfaec-2d6c-4351-b688-70ba1748dc73@group-06867B641FD3-SegmentedRaftLogWorker: Starting segment from index:0
2019-10-03 00:05:48,166 [90dee035-d673-444d-8607-eaba9f04884d@group-00F6526A42BD-LeaderElection65] INFO  impl.RaftServerImpl (ServerState.java:setRaftConf(356)) - 90dee035-d673-444d-8607-eaba9f04884d@group-00F6526A42BD: set configuration 0: [90dee035-d673-444d-8607-eaba9f04884d:192.168.151.71:45161], old=null at 0
2019-10-03 00:05:48,166 [e3dbfaec-2d6c-4351-b688-70ba1748dc73@group-06867B641FD3-LeaderElection64] INFO  impl.RaftServerImpl (ServerState.java:setRaftConf(356)) - e3dbfaec-2d6c-4351-b688-70ba1748dc73@group-06867B641FD3: set configuration 0: [e3dbfaec-2d6c-4351-b688-70ba1748dc73:192.168.151.71:35382], old=null at 0
2019-10-03 00:05:48,193 [Thread-2373] INFO  impl.FollowerState (FollowerState.java:run(108)) - 7a3318a1-c1ee-448e-afda-946e71b29333@group-F2956C8F997C-FollowerState: change to CANDIDATE, lastRpcTime:5006ms, electionTimeout:5006ms
2019-10-03 00:05:48,194 [Thread-2373] INFO  impl.RoleInfo (RoleInfo.java:shutdownFollowerState(121)) - 7a3318a1-c1ee-448e-afda-946e71b29333: shutdown FollowerState
2019-10-03 00:05:48,194 [Thread-2373] INFO  impl.RaftServerImpl (RaftServerImpl.java:setRole(170)) - 7a3318a1-c1ee-448e-afda-946e71b29333@group-F2956C8F997C: changes role from  FOLLOWER to CANDIDATE at term 0 for changeToCandidate
2019-10-03 00:05:48,194 [Thread-2373] INFO  impl.RoleInfo (RoleInfo.java:updateAndGet(143)) - 7a3318a1-c1ee-448e-afda-946e71b29333: start LeaderElection
2019-10-03 00:05:48,217 [90dee035-d673-444d-8607-eaba9f04884d@group-00F6526A42BD-SegmentedRaftLogWorker] INFO  segmented.SegmentedRaftLogWorker (SegmentedRaftLogWorker.java:execute(574)) - 90dee035-d673-444d-8607-eaba9f04884d@group-00F6526A42BD-SegmentedRaftLogWorker: created new log segment /workdir/hadoop-ozone/integration-test/target/test-dir/MiniOzoneClusterImpl-5cc37e88-4648-452a-832d-c391e4d45a6b/datanode-0/data/ratis/3680490b-ff9d-4915-b06e-00f6526a42bd/current/log_inprogress_0
2019-10-03 00:05:48,218 [7a3318a1-c1ee-448e-afda-946e71b29333@group-F2956C8F997C-LeaderElection66] INFO  impl.LeaderElection (LeaderElection.java:askForVotes(178)) - 7a3318a1-c1ee-448e-afda-946e71b29333@group-F2956C8F997C-LeaderElection66: begin an election at term 1 for -1: [90dee035-d673-444d-8607-eaba9f04884d:192.168.151.71:45161, e3dbfaec-2d6c-4351-b688-70ba1748dc73:192.168.151.71:35382, 7a3318a1-c1ee-448e-afda-946e71b29333:192.168.151.71:42104], old=null
2019-10-03 00:05:48,217 [e3dbfaec-2d6c-4351-b688-70ba1748dc73@group-06867B641FD3-SegmentedRaftLogWorker] INFO  segmented.SegmentedRaftLogWorker (SegmentedRaftLogWorker.java:execute(574)) - e3dbfaec-2d6c-4351-b688-70ba1748dc73@group-06867B641FD3-SegmentedRaftLogWorker: created new log segment /workdir/hadoop-ozone/integration-test/target/test-dir/MiniOzoneClusterImpl-5cc37e88-4648-452a-832d-c391e4d45a6b/datanode-1/data/ratis/2483eba1-ff53-46b0-aef1-06867b641fd3/current/log_inprogress_0
2019-10-03 00:05:48,222 [grpc-default-executor-5] INFO  impl.RaftServerImpl (RaftServerImpl.java:setRole(170)) - 90dee035-d673-444d-8607-eaba9f04884d@group-F2956C8F997C: changes role from  FOLLOWER to FOLLOWER at term 1 for recognizeCandidate:7a3318a1-c1ee-448e-afda-946e71b29333
2019-10-03 00:05:48,222 [grpc-default-executor-0] INFO  impl.RaftServerImpl (RaftServerImpl.java:setRole(170)) - e3dbfaec-2d6c-4351-b688-70ba1748dc73@group-F2956C8F997C: changes role from  FOLLOWER to FOLLOWER at term 1 for recognizeCandidate:7a3318a1-c1ee-448e-afda-946e71b29333
2019-10-03 00:05:48,222 [grpc-default-executor-5] INFO  impl.RoleInfo (RoleInfo.java:shutdownFollowerState(121)) - 90dee035-d673-444d-8607-eaba9f04884d: shutdown FollowerState
2019-10-03 00:05:48,222 [grpc-default-executor-0] INFO  impl.RoleInfo (RoleInfo.java:shutdownFollowerState(121)) - e3dbfaec-2d6c-4351-b688-70ba1748dc73: shutdown FollowerState
2019-10-03 00:05:48,222 [grpc-default-executor-5] INFO  impl.RoleInfo (RoleInfo.java:updateAndGet(143)) - 90dee035-d673-444d-8607-eaba9f04884d: start FollowerState
2019-10-03 00:05:48,223 [grpc-default-executor-0] INFO  impl.RoleInfo (RoleInfo.java:updateAndGet(143)) - e3dbfaec-2d6c-4351-b688-70ba1748dc73: start FollowerState
2019-10-03 00:05:48,223 [Thread-2368] INFO  impl.FollowerState (FollowerState.java:run(117)) - 90dee035-d673-444d-8607-eaba9f04884d@group-F2956C8F997C-FollowerState was interrupted: java.lang.InterruptedException: sleep interrupted
2019-10-03 00:05:48,223 [Thread-2370] INFO  impl.FollowerState (FollowerState.java:run(117)) - e3dbfaec-2d6c-4351-b688-70ba1748dc73@group-F2956C8F997C-FollowerState was interrupted: java.lang.InterruptedException: sleep interrupted
2019-10-03 00:05:48,232 [7a3318a1-c1ee-448e-afda-946e71b29333@group-F2956C8F997C-LeaderElection66] INFO  impl.LeaderElection (LeaderElection.java:logAndReturn(56)) - 7a3318a1-c1ee-448e-afda-946e71b29333@group-F2956C8F997C-LeaderElection66: Election PASSED; received 1 response(s) [7a3318a1-c1ee-448e-afda-946e71b29333<-e3dbfaec-2d6c-4351-b688-70ba1748dc73#0:OK-t1] and 0 exception(s); 7a3318a1-c1ee-448e-afda-946e71b29333@group-F2956C8F997C:t1, leader=null, voted=7a3318a1-c1ee-448e-afda-946e71b29333, raftlog=7a3318a1-c1ee-448e-afda-946e71b29333@group-F2956C8F997C-SegmentedRaftLog:OPENED:c-1,f-1,i0, conf=-1: [90dee035-d673-444d-8607-eaba9f04884d:192.168.151.71:45161, e3dbfaec-2d6c-4351-b688-70ba1748dc73:192.168.151.71:35382, 7a3318a1-c1ee-448e-afda-946e71b29333:192.168.151.71:42104], old=null
2019-10-03 00:05:48,232 [7a3318a1-c1ee-448e-afda-946e71b29333@group-F2956C8F997C-LeaderElection66] INFO  impl.RoleInfo (RoleInfo.java:shutdownLeaderElection(134)) - 7a3318a1-c1ee-448e-afda-946e71b29333: shutdown LeaderElection
2019-10-03 00:05:48,232 [7a3318a1-c1ee-448e-afda-946e71b29333@group-F2956C8F997C-LeaderElection66] INFO  impl.RaftServerImpl (RaftServerImpl.java:setRole(170)) - 7a3318a1-c1ee-448e-afda-946e71b29333@group-F2956C8F997C: changes role from CANDIDATE to LEADER at term 1 for changeToLeader
2019-10-03 00:05:48,232 [7a3318a1-c1ee-448e-afda-946e71b29333@group-F2956C8F997C-LeaderElection66] INFO  impl.RaftServerImpl (ServerState.java:setLeader(255)) - 7a3318a1-c1ee-448e-afda-946e71b29333@group-F2956C8F997C: change Leader from null to 7a3318a1-c1ee-448e-afda-946e71b29333 at term 1 for becomeLeader, leader elected after 5060ms
2019-10-03 00:05:48,232 [7a3318a1-c1ee-448e-afda-946e71b29333@group-F2956C8F997C-LeaderElection66] INFO  server.RaftServerConfigKeys (ConfUtils.java:logGet(43)) - raft.server.staging.catchup.gap = 1000 (default)
2019-10-03 00:05:48,232 [7a3318a1-c1ee-448e-afda-946e71b29333@group-F2956C8F997C-LeaderElection66] INFO  server.RaftServerConfigKeys (ConfUtils.java:logGet(43)) - raft.server.rpc.sleep.time = 25ms (default)
2019-10-03 00:05:48,232 [7a3318a1-c1ee-448e-afda-946e71b29333@group-F2956C8F997C-LeaderElection66] INFO  server.RaftServerConfigKeys (ConfUtils.java:logGet(43)) - raft.server.write.element-limit = 4096 (default)
2019-10-03 00:05:48,233 [7a3318a1-c1ee-448e-afda-946e71b29333@group-F2956C8F997C-LeaderElection66] INFO  server.RaftServerConfigKeys (ConfUtils.java:logGet(43)) - raft.server.watch.timeout = 10s (default)
2019-10-03 00:05:48,233 [7a3318a1-c1ee-448e-afda-946e71b29333@group-F2956C8F997C-LeaderElection66] INFO  server.RaftServerConfigKeys (ConfUtils.java:logGet(43)) - raft.server.watch.timeout.denomination = 1s (default)
2019-10-03 00:05:48,233 [7a3318a1-c1ee-448e-afda-946e71b29333@group-F2956C8F997C-LeaderElection66] INFO  server.RaftServerConfigKeys (ConfUtils.java:logGet(43)) - raft.server.watch.element-limit = 65536 (default)
2019-10-03 00:05:48,235 [7a3318a1-c1ee-448e-afda-946e71b29333@group-F2956C8F997C-LeaderElection66] INFO  server.RaftServerConfigKeys (ConfUtils.java:logGet(43)) - raft.server.log.appender.snapshot.chunk.size.max = 16MB (=16777216) (default)
2019-10-03 00:05:48,235 [7a3318a1-c1ee-448e-afda-946e71b29333@group-F2956C8F997C-LeaderElection66] INFO  server.RaftServerConfigKeys (ConfUtils.java:logGet(43)) - raft.server.log.appender.buffer.byte-limit = 33554432 (custom)
2019-10-03 00:05:48,235 [7a3318a1-c1ee-448e-afda-946e71b29333@group-F2956C8F997C-LeaderElection66] INFO  server.RaftServerConfigKeys (ConfUtils.java:logGet(43)) - raft.server.log.appender.buffer.element-limit = 1 (custom)
2019-10-03 00:05:48,235 [7a3318a1-c1ee-448e-afda-946e71b29333@group-F2956C8F997C-LeaderElection66] INFO  grpc.GrpcConfigKeys$Server (ConfUtils.java:logGet(43)) - raft.grpc.server.leader.outstanding.appends.max = 128 (default)
2019-10-03 00:05:48,236 [7a3318a1-c1ee-448e-afda-946e71b29333@group-F2956C8F997C-LeaderElection66] INFO  server.RaftServerConfigKeys (ConfUtils.java:logGet(43)) - raft.server.rpc.request.timeout = 3000ms (default)
2019-10-03 00:05:48,236 [7a3318a1-c1ee-448e-afda-946e71b29333@group-F2956C8F997C-LeaderElection66] INFO  server.RaftServerConfigKeys (ConfUtils.java:logGet(43)) - raft.server.log.appender.install.snapshot.enabled = false (custom)
2019-10-03 00:05:48,236 [7a3318a1-c1ee-448e-afda-946e71b29333@group-F2956C8F997C-LeaderElection66] INFO  server.RaftServerConfigKeys (ConfUtils.java:logGet(43)) - raft.server.log.appender.snapshot.chunk.size.max = 16MB (=16777216) (default)
2019-10-03 00:05:48,236 [7a3318a1-c1ee-448e-afda-946e71b29333@group-F2956C8F997C-LeaderElection66] INFO  server.RaftServerConfigKeys (ConfUtils.java:logGet(43)) - raft.server.log.appender.buffer.byte-limit = 33554432 (custom)
2019-10-03 00:05:48,236 [7a3318a1-c1ee-448e-afda-946e71b29333@group-F2956C8F997C-LeaderElection66] INFO  server.RaftServerConfigKeys (ConfUtils.java:logGet(43)) - raft.server.log.appender.buffer.element-limit = 1 (custom)
2019-10-03 00:05:48,236 [7a3318a1-c1ee-448e-afda-946e71b29333@group-F2956C8F997C-LeaderElection66] INFO  grpc.GrpcConfigKeys$Server (ConfUtils.java:logGet(43)) - raft.grpc.server.leader.outstanding.appends.max = 128 (default)
2019-10-03 00:05:48,237 [7a3318a1-c1ee-448e-afda-946e71b29333@group-F2956C8F997C-LeaderElection66] INFO  server.RaftServerConfigKeys (ConfUtils.java:logGet(43)) - raft.server.rpc.request.timeout = 3000ms (default)
2019-10-03 00:05:48,237 [7a3318a1-c1ee-448e-afda-946e71b29333@group-F2956C8F997C-LeaderElection66] INFO  server.RaftServerConfigKeys (ConfUtils.java:logGet(43)) - raft.server.log.appender.install.snapshot.enabled = false (custom)
2019-10-03 00:05:48,238 [7a3318a1-c1ee-448e-afda-946e71b29333@group-F2956C8F997C-LeaderElection66] INFO  impl.RoleInfo (RoleInfo.java:updateAndGet(143)) - 7a3318a1-c1ee-448e-afda-946e71b29333: start LeaderState
2019-10-03 00:05:48,239 [7a3318a1-c1ee-448e-afda-946e71b29333@group-F2956C8F997C-LeaderElection66] INFO  segmented.SegmentedRaftLogWorker (SegmentedRaftLogWorker.java:startLogSegment(385)) - 7a3318a1-c1ee-448e-afda-946e71b29333@group-F2956C8F997C-SegmentedRaftLogWorker: Starting segment from index:0
2019-10-03 00:05:48,240 [7a3318a1-c1ee-448e-afda-946e71b29333@group-F2956C8F997C-LeaderElection66] INFO  impl.RaftServerImpl (ServerState.java:setRaftConf(356)) - 7a3318a1-c1ee-448e-afda-946e71b29333@group-F2956C8F997C: set configuration 0: [90dee035-d673-444d-8607-eaba9f04884d:192.168.151.71:45161, e3dbfaec-2d6c-4351-b688-70ba1748dc73:192.168.151.71:35382, 7a3318a1-c1ee-448e-afda-946e71b29333:192.168.151.71:42104], old=null at 0
2019-10-03 00:05:48,264 [grpc-default-executor-0] INFO  impl.RaftServerImpl (ServerState.java:setLeader(255)) - 90dee035-d673-444d-8607-eaba9f04884d@group-F2956C8F997C: change Leader from null to 7a3318a1-c1ee-448e-afda-946e71b29333 at term 1 for appendEntries, leader elected after 5092ms
2019-10-03 00:05:48,268 [grpc-default-executor-5] INFO  impl.RaftServerImpl (ServerState.java:setLeader(255)) - e3dbfaec-2d6c-4351-b688-70ba1748dc73@group-F2956C8F997C: change Leader from null to 7a3318a1-c1ee-448e-afda-946e71b29333 at term 1 for appendEntries, leader elected after 5096ms
2019-10-03 00:05:48,270 [grpc-default-executor-5] INFO  impl.RaftServerImpl (ServerState.java:setRaftConf(356)) - e3dbfaec-2d6c-4351-b688-70ba1748dc73@group-F2956C8F997C: set configuration 0: [90dee035-d673-444d-8607-eaba9f04884d:192.168.151.71:45161, e3dbfaec-2d6c-4351-b688-70ba1748dc73:192.168.151.71:35382, 7a3318a1-c1ee-448e-afda-946e71b29333:192.168.151.71:42104], old=null at 0
2019-10-03 00:05:48,270 [grpc-default-executor-0] INFO  impl.RaftServerImpl (ServerState.java:setRaftConf(356)) - 90dee035-d673-444d-8607-eaba9f04884d@group-F2956C8F997C: set configuration 0: [90dee035-d673-444d-8607-eaba9f04884d:192.168.151.71:45161, e3dbfaec-2d6c-4351-b688-70ba1748dc73:192.168.151.71:35382, 7a3318a1-c1ee-448e-afda-946e71b29333:192.168.151.71:42104], old=null at 0
2019-10-03 00:05:48,271 [grpc-default-executor-5] INFO  segmented.SegmentedRaftLogWorker (SegmentedRaftLogWorker.java:startLogSegment(385)) - e3dbfaec-2d6c-4351-b688-70ba1748dc73@group-F2956C8F997C-SegmentedRaftLogWorker: Starting segment from index:0
2019-10-03 00:05:48,271 [grpc-default-executor-0] INFO  segmented.SegmentedRaftLogWorker (SegmentedRaftLogWorker.java:startLogSegment(385)) - 90dee035-d673-444d-8607-eaba9f04884d@group-F2956C8F997C-SegmentedRaftLogWorker: Starting segment from index:0
2019-10-03 00:05:48,281 [7a3318a1-c1ee-448e-afda-946e71b29333@group-F2956C8F997C-SegmentedRaftLogWorker] INFO  segmented.SegmentedRaftLogWorker (SegmentedRaftLogWorker.java:execute(574)) - 7a3318a1-c1ee-448e-afda-946e71b29333@group-F2956C8F997C-SegmentedRaftLogWorker: created new log segment /workdir/hadoop-ozone/integration-test/target/test-dir/MiniOzoneClusterImpl-5cc37e88-4648-452a-832d-c391e4d45a6b/datanode-2/data/ratis/b89a824f-3882-4712-a7b4-f2956c8f997c/current/log_inprogress_0
2019-10-03 00:05:48,308 [e3dbfaec-2d6c-4351-b688-70ba1748dc73@group-F2956C8F997C-SegmentedRaftLogWorker] INFO  segmented.SegmentedRaftLogWorker (SegmentedRaftLogWorker.java:execute(574)) - e3dbfaec-2d6c-4351-b688-70ba1748dc73@group-F2956C8F997C-SegmentedRaftLogWorker: created new log segment /workdir/hadoop-ozone/integration-test/target/test-dir/MiniOzoneClusterImpl-5cc37e88-4648-452a-832d-c391e4d45a6b/datanode-1/data/ratis/b89a824f-3882-4712-a7b4-f2956c8f997c/current/log_inprogress_0
2019-10-03 00:05:48,308 [90dee035-d673-444d-8607-eaba9f04884d@group-F2956C8F997C-SegmentedRaftLogWorker] INFO  segmented.SegmentedRaftLogWorker (SegmentedRaftLogWorker.java:execute(574)) - 90dee035-d673-444d-8607-eaba9f04884d@group-F2956C8F997C-SegmentedRaftLogWorker: created new log segment /workdir/hadoop-ozone/integration-test/target/test-dir/MiniOzoneClusterImpl-5cc37e88-4648-452a-832d-c391e4d45a6b/datanode-0/data/ratis/b89a824f-3882-4712-a7b4-f2956c8f997c/current/log_inprogress_0
2019-10-03 00:05:48,311 [Thread-2376] INFO  impl.FollowerState (FollowerState.java:run(108)) - 98071f0e-f6e2-4f1d-adef-2776e916fd00@group-C4998C8A1392-FollowerState: change to CANDIDATE, lastRpcTime:5050ms, electionTimeout:5050ms
2019-10-03 00:05:48,312 [Thread-2376] INFO  impl.RoleInfo (RoleInfo.java:shutdownFollowerState(121)) - 98071f0e-f6e2-4f1d-adef-2776e916fd00: shutdown FollowerState
2019-10-03 00:05:48,312 [Thread-2376] INFO  impl.RaftServerImpl (RaftServerImpl.java:setRole(170)) - 98071f0e-f6e2-4f1d-adef-2776e916fd00@group-C4998C8A1392: changes role from  FOLLOWER to CANDIDATE at term 0 for changeToCandidate
2019-10-03 00:05:48,312 [Thread-2376] INFO  impl.RoleInfo (RoleInfo.java:updateAndGet(143)) - 98071f0e-f6e2-4f1d-adef-2776e916fd00: start LeaderElection
2019-10-03 00:05:48,321 [Thread-2364] INFO  impl.FollowerState (FollowerState.java:run(108)) - 7a3318a1-c1ee-448e-afda-946e71b29333@group-DB4340F507D8-FollowerState: change to CANDIDATE, lastRpcTime:5200ms, electionTimeout:5200ms
2019-10-03 00:05:48,321 [Thread-2364] INFO  impl.RoleInfo (RoleInfo.java:shutdownFollowerState(121)) - 7a3318a1-c1ee-448e-afda-946e71b29333: shutdown FollowerState
2019-10-03 00:05:48,321 [Thread-2364] INFO  impl.RaftServerImpl (RaftServerImpl.java:setRole(170)) - 7a3318a1-c1ee-448e-afda-946e71b29333@group-DB4340F507D8: changes role from  FOLLOWER to CANDIDATE at term 0 for changeToCandidate
2019-10-03 00:05:48,321 [Thread-2364] INFO  impl.RoleInfo (RoleInfo.java:updateAndGet(143)) - 7a3318a1-c1ee-448e-afda-946e71b29333: start LeaderElection
2019-10-03 00:05:48,323 [98071f0e-f6e2-4f1d-adef-2776e916fd00@group-C4998C8A1392-LeaderElection67] INFO  impl.LeaderElection (LeaderElection.java:askForVotes(178)) - 98071f0e-f6e2-4f1d-adef-2776e916fd00@group-C4998C8A1392-LeaderElection67: begin an election at term 1 for -1: [98071f0e-f6e2-4f1d-adef-2776e916fd00:192.168.151.71:42150], old=null
2019-10-03 00:05:48,328 [98071f0e-f6e2-4f1d-adef-2776e916fd00@group-C4998C8A1392-LeaderElection67] INFO  impl.RoleInfo (RoleInfo.java:shutdownLeaderElection(134)) - 98071f0e-f6e2-4f1d-adef-2776e916fd00: shutdown LeaderElection
2019-10-03 00:05:48,328 [98071f0e-f6e2-4f1d-adef-2776e916fd00@group-C4998C8A1392-LeaderElection67] INFO  impl.RaftServerImpl (RaftServerImpl.java:setRole(170)) - 98071f0e-f6e2-4f1d-adef-2776e916fd00@group-C4998C8A1392: changes role from CANDIDATE to LEADER at term 1 for changeToLeader
2019-10-03 00:05:48,328 [98071f0e-f6e2-4f1d-adef-2776e916fd00@group-C4998C8A1392-LeaderElection67] INFO  impl.RaftServerImpl (ServerState.java:setLeader(255)) - 98071f0e-f6e2-4f1d-adef-2776e916fd00@group-C4998C8A1392: change Leader from null to 98071f0e-f6e2-4f1d-adef-2776e916fd00 at term 1 for becomeLeader, leader elected after 5072ms
2019-10-03 00:05:48,328 [98071f0e-f6e2-4f1d-adef-2776e916fd00@group-C4998C8A1392-LeaderElection67] INFO  server.RaftServerConfigKeys (ConfUtils.java:logGet(43)) - raft.server.staging.catchup.gap = 1000 (default)
2019-10-03 00:05:48,328 [98071f0e-f6e2-4f1d-adef-2776e916fd00@group-C4998C8A1392-LeaderElection67] INFO  server.RaftServerConfigKeys (ConfUtils.java:logGet(43)) - raft.server.rpc.sleep.time = 25ms (default)
2019-10-03 00:05:48,328 [98071f0e-f6e2-4f1d-adef-2776e916fd00@group-C4998C8A1392-LeaderElection67] INFO  server.RaftServerConfigKeys (ConfUtils.java:logGet(43)) - raft.server.write.element-limit = 4096 (default)
2019-10-03 00:05:48,329 [98071f0e-f6e2-4f1d-adef-2776e916fd00@group-C4998C8A1392-LeaderElection67] INFO  server.RaftServerConfigKeys (ConfUtils.java:logGet(43)) - raft.server.watch.timeout = 10s (default)
2019-10-03 00:05:48,329 [98071f0e-f6e2-4f1d-adef-2776e916fd00@group-C4998C8A1392-LeaderElection67] INFO  server.RaftServerConfigKeys (ConfUtils.java:logGet(43)) - raft.server.watch.timeout.denomination = 1s (default)
2019-10-03 00:05:48,329 [98071f0e-f6e2-4f1d-adef-2776e916fd00@group-C4998C8A1392-LeaderElection67] INFO  server.RaftServerConfigKeys (ConfUtils.java:logGet(43)) - raft.server.watch.element-limit = 65536 (default)
2019-10-03 00:05:48,331 [98071f0e-f6e2-4f1d-adef-2776e916fd00@group-C4998C8A1392-LeaderElection67] INFO  impl.RoleInfo (RoleInfo.java:updateAndGet(143)) - 98071f0e-f6e2-4f1d-adef-2776e916fd00: start LeaderState
2019-10-03 00:05:48,331 [98071f0e-f6e2-4f1d-adef-2776e916fd00@group-C4998C8A1392-LeaderElection67] INFO  segmented.SegmentedRaftLogWorker (SegmentedRaftLogWorker.java:startLogSegment(385)) - 98071f0e-f6e2-4f1d-adef-2776e916fd00@group-C4998C8A1392-SegmentedRaftLogWorker: Starting segment from index:0
2019-10-03 00:05:48,331 [7a3318a1-c1ee-448e-afda-946e71b29333@group-DB4340F507D8-LeaderElection68] INFO  impl.LeaderElection (LeaderElection.java:askForVotes(178)) - 7a3318a1-c1ee-448e-afda-946e71b29333@group-DB4340F507D8-LeaderElection68: begin an election at term 1 for -1: [7a3318a1-c1ee-448e-afda-946e71b29333:192.168.151.71:42104], old=null
2019-10-03 00:05:48,331 [7a3318a1-c1ee-448e-afda-946e71b29333@group-DB4340F507D8-LeaderElection68] INFO  impl.RoleInfo (RoleInfo.java:shutdownLeaderElection(134)) - 7a3318a1-c1ee-448e-afda-946e71b29333: shutdown LeaderElection
2019-10-03 00:05:48,332 [7a3318a1-c1ee-448e-afda-946e71b29333@group-DB4340F507D8-LeaderElection68] INFO  impl.RaftServerImpl (RaftServerImpl.java:setRole(170)) - 7a3318a1-c1ee-448e-afda-946e71b29333@group-DB4340F507D8: changes role from CANDIDATE to LEADER at term 1 for changeToLeader
2019-10-03 00:05:48,332 [98071f0e-f6e2-4f1d-adef-2776e916fd00@group-C4998C8A1392-LeaderElection67] INFO  impl.RaftServerImpl (ServerState.java:setRaftConf(356)) - 98071f0e-f6e2-4f1d-adef-2776e916fd00@group-C4998C8A1392: set configuration 0: [98071f0e-f6e2-4f1d-adef-2776e916fd00:192.168.151.71:42150], old=null at 0
2019-10-03 00:05:48,332 [7a3318a1-c1ee-448e-afda-946e71b29333@group-DB4340F507D8-LeaderElection68] INFO  impl.RaftServerImpl (ServerState.java:setLeader(255)) - 7a3318a1-c1ee-448e-afda-946e71b29333@group-DB4340F507D8: change Leader from null to 7a3318a1-c1ee-448e-afda-946e71b29333 at term 1 for becomeLeader, leader elected after 5217ms
2019-10-03 00:05:48,332 [7a3318a1-c1ee-448e-afda-946e71b29333@group-DB4340F507D8-LeaderElection68] INFO  server.RaftServerConfigKeys (ConfUtils.java:logGet(43)) - raft.server.staging.catchup.gap = 1000 (default)
2019-10-03 00:05:48,332 [7a3318a1-c1ee-448e-afda-946e71b29333@group-DB4340F507D8-LeaderElection68] INFO  server.RaftServerConfigKeys (ConfUtils.java:logGet(43)) - raft.server.rpc.sleep.time = 25ms (default)
2019-10-03 00:05:48,332 [7a3318a1-c1ee-448e-afda-946e71b29333@group-DB4340F507D8-LeaderElection68] INFO  server.RaftServerConfigKeys (ConfUtils.java:logGet(43)) - raft.server.write.element-limit = 4096 (default)
2019-10-03 00:05:48,332 [7a3318a1-c1ee-448e-afda-946e71b29333@group-DB4340F507D8-LeaderElection68] INFO  server.RaftServerConfigKeys (ConfUtils.java:logGet(43)) - raft.server.watch.timeout = 10s (default)
2019-10-03 00:05:48,333 [7a3318a1-c1ee-448e-afda-946e71b29333@group-DB4340F507D8-LeaderElection68] INFO  server.RaftServerConfigKeys (ConfUtils.java:logGet(43)) - raft.server.watch.timeout.denomination = 1s (default)
2019-10-03 00:05:48,333 [7a3318a1-c1ee-448e-afda-946e71b29333@group-DB4340F507D8-LeaderElection68] INFO  server.RaftServerConfigKeys (ConfUtils.java:logGet(43)) - raft.server.watch.element-limit = 65536 (default)
2019-10-03 00:05:48,334 [7a3318a1-c1ee-448e-afda-946e71b29333@group-DB4340F507D8-LeaderElection68] INFO  impl.RoleInfo (RoleInfo.java:updateAndGet(143)) - 7a3318a1-c1ee-448e-afda-946e71b29333: start LeaderState
2019-10-03 00:05:48,335 [7a3318a1-c1ee-448e-afda-946e71b29333@group-DB4340F507D8-LeaderElection68] INFO  segmented.SegmentedRaftLogWorker (SegmentedRaftLogWorker.java:startLogSegment(385)) - 7a3318a1-c1ee-448e-afda-946e71b29333@group-DB4340F507D8-SegmentedRaftLogWorker: Starting segment from index:0
2019-10-03 00:05:48,335 [7a3318a1-c1ee-448e-afda-946e71b29333@group-DB4340F507D8-LeaderElection68] INFO  impl.RaftServerImpl (ServerState.java:setRaftConf(356)) - 7a3318a1-c1ee-448e-afda-946e71b29333@group-DB4340F507D8: set configuration 0: [7a3318a1-c1ee-448e-afda-946e71b29333:192.168.151.71:42104], old=null at 0
2019-10-03 00:05:48,364 [7a3318a1-c1ee-448e-afda-946e71b29333@group-DB4340F507D8-SegmentedRaftLogWorker] INFO  segmented.SegmentedRaftLogWorker (SegmentedRaftLogWorker.java:execute(574)) - 7a3318a1-c1ee-448e-afda-946e71b29333@group-DB4340F507D8-SegmentedRaftLogWorker: created new log segment /workdir/hadoop-ozone/integration-test/target/test-dir/MiniOzoneClusterImpl-5cc37e88-4648-452a-832d-c391e4d45a6b/datanode-2/data/ratis/5d2c897a-999e-4485-91aa-db4340f507d8/current/log_inprogress_0
2019-10-03 00:05:48,364 [98071f0e-f6e2-4f1d-adef-2776e916fd00@group-C4998C8A1392-SegmentedRaftLogWorker] INFO  segmented.SegmentedRaftLogWorker (SegmentedRaftLogWorker.java:execute(574)) - 98071f0e-f6e2-4f1d-adef-2776e916fd00@group-C4998C8A1392-SegmentedRaftLogWorker: created new log segment /workdir/hadoop-ozone/integration-test/target/test-dir/MiniOzoneClusterImpl-5cc37e88-4648-452a-832d-c391e4d45a6b/datanode-3/data/ratis/a5883929-ba96-451f-a6a6-c4998c8a1392/current/log_inprogress_0
2019-10-03 00:05:48,469 [Thread-2379] INFO  impl.FollowerState (FollowerState.java:run(108)) - 546c6a52-a3f1-4396-9be2-6fd82c1fdfd6@group-40B4E1AF4498-FollowerState: change to CANDIDATE, lastRpcTime:5155ms, electionTimeout:5155ms
2019-10-03 00:05:48,469 [Thread-2379] INFO  impl.RoleInfo (RoleInfo.java:shutdownFollowerState(121)) - 546c6a52-a3f1-4396-9be2-6fd82c1fdfd6: shutdown FollowerState
2019-10-03 00:05:48,469 [Thread-2379] INFO  impl.RaftServerImpl (RaftServerImpl.java:setRole(170)) - 546c6a52-a3f1-4396-9be2-6fd82c1fdfd6@group-40B4E1AF4498: changes role from  FOLLOWER to CANDIDATE at term 0 for changeToCandidate
2019-10-03 00:05:48,470 [Thread-2379] INFO  impl.RoleInfo (RoleInfo.java:updateAndGet(143)) - 546c6a52-a3f1-4396-9be2-6fd82c1fdfd6: start LeaderElection
2019-10-03 00:05:48,488 [546c6a52-a3f1-4396-9be2-6fd82c1fdfd6@group-40B4E1AF4498-LeaderElection69] INFO  impl.LeaderElection (LeaderElection.java:askForVotes(178)) - 546c6a52-a3f1-4396-9be2-6fd82c1fdfd6@group-40B4E1AF4498-LeaderElection69: begin an election at term 1 for -1: [546c6a52-a3f1-4396-9be2-6fd82c1fdfd6:192.168.151.71:45907], old=null
2019-10-03 00:05:48,488 [546c6a52-a3f1-4396-9be2-6fd82c1fdfd6@group-40B4E1AF4498-LeaderElection69] INFO  impl.RoleInfo (RoleInfo.java:shutdownLeaderElection(134)) - 546c6a52-a3f1-4396-9be2-6fd82c1fdfd6: shutdown LeaderElection
2019-10-03 00:05:48,488 [546c6a52-a3f1-4396-9be2-6fd82c1fdfd6@group-40B4E1AF4498-LeaderElection69] INFO  impl.RaftServerImpl (RaftServerImpl.java:setRole(170)) - 546c6a52-a3f1-4396-9be2-6fd82c1fdfd6@group-40B4E1AF4498: changes role from CANDIDATE to LEADER at term 1 for changeToLeader
2019-10-03 00:05:48,488 [546c6a52-a3f1-4396-9be2-6fd82c1fdfd6@group-40B4E1AF4498-LeaderElection69] INFO  impl.RaftServerImpl (ServerState.java:setLeader(255)) - 546c6a52-a3f1-4396-9be2-6fd82c1fdfd6@group-40B4E1AF4498: change Leader from null to 546c6a52-a3f1-4396-9be2-6fd82c1fdfd6 at term 1 for becomeLeader, leader elected after 5180ms
2019-10-03 00:05:48,488 [546c6a52-a3f1-4396-9be2-6fd82c1fdfd6@group-40B4E1AF4498-LeaderElection69] INFO  server.RaftServerConfigKeys (ConfUtils.java:logGet(43)) - raft.server.staging.catchup.gap = 1000 (default)
2019-10-03 00:05:48,488 [546c6a52-a3f1-4396-9be2-6fd82c1fdfd6@group-40B4E1AF4498-LeaderElection69] INFO  server.RaftServerConfigKeys (ConfUtils.java:logGet(43)) - raft.server.rpc.sleep.time = 25ms (default)
2019-10-03 00:05:48,488 [546c6a52-a3f1-4396-9be2-6fd82c1fdfd6@group-40B4E1AF4498-LeaderElection69] INFO  server.RaftServerConfigKeys (ConfUtils.java:logGet(43)) - raft.server.write.element-limit = 4096 (default)
2019-10-03 00:05:48,488 [546c6a52-a3f1-4396-9be2-6fd82c1fdfd6@group-40B4E1AF4498-LeaderElection69] INFO  server.RaftServerConfigKeys (ConfUtils.java:logGet(43)) - raft.server.watch.timeout = 10s (default)
2019-10-03 00:05:48,488 [546c6a52-a3f1-4396-9be2-6fd82c1fdfd6@group-40B4E1AF4498-LeaderElection69] INFO  server.RaftServerConfigKeys (ConfUtils.java:logGet(43)) - raft.server.watch.timeout.denomination = 1s (default)
2019-10-03 00:05:48,488 [546c6a52-a3f1-4396-9be2-6fd82c1fdfd6@group-40B4E1AF4498-LeaderElection69] INFO  server.RaftServerConfigKeys (ConfUtils.java:logGet(43)) - raft.server.watch.element-limit = 65536 (default)
2019-10-03 00:05:48,490 [546c6a52-a3f1-4396-9be2-6fd82c1fdfd6@group-40B4E1AF4498-LeaderElection69] INFO  impl.RoleInfo (RoleInfo.java:updateAndGet(143)) - 546c6a52-a3f1-4396-9be2-6fd82c1fdfd6: start LeaderState
2019-10-03 00:05:48,490 [546c6a52-a3f1-4396-9be2-6fd82c1fdfd6@group-40B4E1AF4498-LeaderElection69] INFO  segmented.SegmentedRaftLogWorker (SegmentedRaftLogWorker.java:startLogSegment(385)) - 546c6a52-a3f1-4396-9be2-6fd82c1fdfd6@group-40B4E1AF4498-SegmentedRaftLogWorker: Starting segment from index:0
2019-10-03 00:05:48,490 [546c6a52-a3f1-4396-9be2-6fd82c1fdfd6@group-40B4E1AF4498-LeaderElection69] INFO  impl.RaftServerImpl (ServerState.java:setRaftConf(356)) - 546c6a52-a3f1-4396-9be2-6fd82c1fdfd6@group-40B4E1AF4498: set configuration 0: [546c6a52-a3f1-4396-9be2-6fd82c1fdfd6:192.168.151.71:45907], old=null at 0
2019-10-03 00:05:48,492 [Thread-2387] INFO  impl.FollowerState (FollowerState.java:run(108)) - c038034d-0890-4ef3-bcac-cfe3bef2f61c@group-EFB28DB1F0EA-FollowerState: change to CANDIDATE, lastRpcTime:5051ms, electionTimeout:5051ms
2019-10-03 00:05:48,492 [Thread-2387] INFO  impl.RoleInfo (RoleInfo.java:shutdownFollowerState(121)) - c038034d-0890-4ef3-bcac-cfe3bef2f61c: shutdown FollowerState
2019-10-03 00:05:48,492 [Thread-2387] INFO  impl.RaftServerImpl (RaftServerImpl.java:setRole(170)) - c038034d-0890-4ef3-bcac-cfe3bef2f61c@group-EFB28DB1F0EA: changes role from  FOLLOWER to CANDIDATE at term 0 for changeToCandidate
2019-10-03 00:05:48,492 [Thread-2387] INFO  impl.RoleInfo (RoleInfo.java:updateAndGet(143)) - c038034d-0890-4ef3-bcac-cfe3bef2f61c: start LeaderElection
2019-10-03 00:05:48,529 [Thread-2392] INFO  impl.FollowerState (FollowerState.java:run(108)) - 98071f0e-f6e2-4f1d-adef-2776e916fd00@group-A39FA696E60C-FollowerState: change to CANDIDATE, lastRpcTime:5036ms, electionTimeout:5036ms
2019-10-03 00:05:48,530 [Thread-2392] INFO  impl.RoleInfo (RoleInfo.java:shutdownFollowerState(121)) - 98071f0e-f6e2-4f1d-adef-2776e916fd00: shutdown FollowerState
2019-10-03 00:05:48,530 [Thread-2392] INFO  impl.RaftServerImpl (RaftServerImpl.java:setRole(170)) - 98071f0e-f6e2-4f1d-adef-2776e916fd00@group-A39FA696E60C: changes role from  FOLLOWER to CANDIDATE at term 0 for changeToCandidate
2019-10-03 00:05:48,530 [Thread-2392] INFO  impl.RoleInfo (RoleInfo.java:updateAndGet(143)) - 98071f0e-f6e2-4f1d-adef-2776e916fd00: start LeaderElection
2019-10-03 00:05:48,537 [546c6a52-a3f1-4396-9be2-6fd82c1fdfd6@group-40B4E1AF4498-SegmentedRaftLogWorker] INFO  segmented.SegmentedRaftLogWorker (SegmentedRaftLogWorker.java:execute(574)) - 546c6a52-a3f1-4396-9be2-6fd82c1fdfd6@group-40B4E1AF4498-SegmentedRaftLogWorker: created new log segment /workdir/hadoop-ozone/integration-test/target/test-dir/MiniOzoneClusterImpl-5cc37e88-4648-452a-832d-c391e4d45a6b/datanode-4/data/ratis/47cd7c63-fcdb-4e47-86d2-40b4e1af4498/current/log_inprogress_0
2019-10-03 00:05:48,537 [c038034d-0890-4ef3-bcac-cfe3bef2f61c@group-EFB28DB1F0EA-LeaderElection70] INFO  impl.LeaderElection (LeaderElection.java:askForVotes(178)) - c038034d-0890-4ef3-bcac-cfe3bef2f61c@group-EFB28DB1F0EA-LeaderElection70: begin an election at term 1 for -1: [c038034d-0890-4ef3-bcac-cfe3bef2f61c:192.168.151.71:41060], old=null
2019-10-03 00:05:48,538 [c038034d-0890-4ef3-bcac-cfe3bef2f61c@group-EFB28DB1F0EA-LeaderElection70] INFO  impl.RoleInfo (RoleInfo.java:shutdownLeaderElection(134)) - c038034d-0890-4ef3-bcac-cfe3bef2f61c: shutdown LeaderElection
2019-10-03 00:05:48,538 [c038034d-0890-4ef3-bcac-cfe3bef2f61c@group-EFB28DB1F0EA-LeaderElection70] INFO  impl.RaftServerImpl (RaftServerImpl.java:setRole(170)) - c038034d-0890-4ef3-bcac-cfe3bef2f61c@group-EFB28DB1F0EA: changes role from CANDIDATE to LEADER at term 1 for changeToLeader
2019-10-03 00:05:48,538 [c038034d-0890-4ef3-bcac-cfe3bef2f61c@group-EFB28DB1F0EA-LeaderElection70] INFO  impl.RaftServerImpl (ServerState.java:setLeader(255)) - c038034d-0890-4ef3-bcac-cfe3bef2f61c@group-EFB28DB1F0EA: change Leader from null to c038034d-0890-4ef3-bcac-cfe3bef2f61c at term 1 for becomeLeader, leader elected after 5101ms
2019-10-03 00:05:48,538 [c038034d-0890-4ef3-bcac-cfe3bef2f61c@group-EFB28DB1F0EA-LeaderElection70] INFO  server.RaftServerConfigKeys (ConfUtils.java:logGet(43)) - raft.server.staging.catchup.gap = 1000 (default)
2019-10-03 00:05:48,538 [c038034d-0890-4ef3-bcac-cfe3bef2f61c@group-EFB28DB1F0EA-LeaderElection70] INFO  server.RaftServerConfigKeys (ConfUtils.java:logGet(43)) - raft.server.rpc.sleep.time = 25ms (default)
2019-10-03 00:05:48,538 [c038034d-0890-4ef3-bcac-cfe3bef2f61c@group-EFB28DB1F0EA-LeaderElection70] INFO  server.RaftServerConfigKeys (ConfUtils.java:logGet(43)) - raft.server.write.element-limit = 4096 (default)
2019-10-03 00:05:48,539 [c038034d-0890-4ef3-bcac-cfe3bef2f61c@group-EFB28DB1F0EA-LeaderElection70] INFO  server.RaftServerConfigKeys (ConfUtils.java:logGet(43)) - raft.server.watch.timeout = 10s (default)
2019-10-03 00:05:48,539 [c038034d-0890-4ef3-bcac-cfe3bef2f61c@group-EFB28DB1F0EA-LeaderElection70] INFO  server.RaftServerConfigKeys (ConfUtils.java:logGet(43)) - raft.server.watch.timeout.denomination = 1s (default)
2019-10-03 00:05:48,539 [c038034d-0890-4ef3-bcac-cfe3bef2f61c@group-EFB28DB1F0EA-LeaderElection70] INFO  server.RaftServerConfigKeys (ConfUtils.java:logGet(43)) - raft.server.watch.element-limit = 65536 (default)
2019-10-03 00:05:48,540 [98071f0e-f6e2-4f1d-adef-2776e916fd00@group-A39FA696E60C-LeaderElection71] INFO  impl.LeaderElection (LeaderElection.java:askForVotes(178)) - 98071f0e-f6e2-4f1d-adef-2776e916fd00@group-A39FA696E60C-LeaderElection71: begin an election at term 1 for -1: [98071f0e-f6e2-4f1d-adef-2776e916fd00:192.168.151.71:42150, 546c6a52-a3f1-4396-9be2-6fd82c1fdfd6:192.168.151.71:45907, c038034d-0890-4ef3-bcac-cfe3bef2f61c:192.168.151.71:41060], old=null
2019-10-03 00:05:48,541 [c038034d-0890-4ef3-bcac-cfe3bef2f61c@group-EFB28DB1F0EA-LeaderElection70] INFO  impl.RoleInfo (RoleInfo.java:updateAndGet(143)) - c038034d-0890-4ef3-bcac-cfe3bef2f61c: start LeaderState
2019-10-03 00:05:48,541 [c038034d-0890-4ef3-bcac-cfe3bef2f61c@group-EFB28DB1F0EA-LeaderElection70] INFO  segmented.SegmentedRaftLogWorker (SegmentedRaftLogWorker.java:startLogSegment(385)) - c038034d-0890-4ef3-bcac-cfe3bef2f61c@group-EFB28DB1F0EA-SegmentedRaftLogWorker: Starting segment from index:0
2019-10-03 00:05:48,542 [c038034d-0890-4ef3-bcac-cfe3bef2f61c@group-EFB28DB1F0EA-LeaderElection70] INFO  impl.RaftServerImpl (ServerState.java:setRaftConf(356)) - c038034d-0890-4ef3-bcac-cfe3bef2f61c@group-EFB28DB1F0EA: set configuration 0: [c038034d-0890-4ef3-bcac-cfe3bef2f61c:192.168.151.71:41060], old=null at 0
2019-10-03 00:05:48,577 [grpc-default-executor-0] INFO  impl.RaftServerImpl (RaftServerImpl.java:setRole(170)) - 546c6a52-a3f1-4396-9be2-6fd82c1fdfd6@group-A39FA696E60C: changes role from  FOLLOWER to FOLLOWER at term 1 for recognizeCandidate:98071f0e-f6e2-4f1d-adef-2776e916fd00
2019-10-03 00:05:48,577 [grpc-default-executor-0] INFO  impl.RoleInfo (RoleInfo.java:shutdownFollowerState(121)) - 546c6a52-a3f1-4396-9be2-6fd82c1fdfd6: shutdown FollowerState
2019-10-03 00:05:48,578 [Thread-2384] INFO  impl.FollowerState (FollowerState.java:run(108)) - 24de5cea-3ba6-49c4-9cbc-a0b7ad2a5c29@group-8F3D42DE6A0F-FollowerState: change to CANDIDATE, lastRpcTime:5190ms, electionTimeout:5156ms
2019-10-03 00:05:48,581 [Thread-2393] INFO  impl.FollowerState (FollowerState.java:run(117)) - 546c6a52-a3f1-4396-9be2-6fd82c1fdfd6@group-A39FA696E60C-FollowerState was interrupted: java.lang.InterruptedException: sleep interrupted
2019-10-03 00:05:48,581 [grpc-default-executor-5] INFO  impl.RaftServerImpl (RaftServerImpl.java:setRole(170)) - c038034d-0890-4ef3-bcac-cfe3bef2f61c@group-A39FA696E60C: changes role from  FOLLOWER to FOLLOWER at term 1 for recognizeCandidate:98071f0e-f6e2-4f1d-adef-2776e916fd00
2019-10-03 00:05:48,585 [grpc-default-executor-5] INFO  impl.RoleInfo (RoleInfo.java:shutdownFollowerState(121)) - c038034d-0890-4ef3-bcac-cfe3bef2f61c: shutdown FollowerState
2019-10-03 00:05:48,578 [grpc-default-executor-0] INFO  impl.RoleInfo (RoleInfo.java:updateAndGet(143)) - 546c6a52-a3f1-4396-9be2-6fd82c1fdfd6: start FollowerState
2019-10-03 00:05:48,585 [grpc-default-executor-5] INFO  impl.RoleInfo (RoleInfo.java:updateAndGet(143)) - c038034d-0890-4ef3-bcac-cfe3bef2f61c: start FollowerState
2019-10-03 00:05:48,581 [Thread-2384] INFO  impl.RoleInfo (RoleInfo.java:shutdownFollowerState(121)) - 24de5cea-3ba6-49c4-9cbc-a0b7ad2a5c29: shutdown FollowerState
2019-10-03 00:05:48,585 [Thread-2394] INFO  impl.FollowerState (FollowerState.java:run(117)) - c038034d-0890-4ef3-bcac-cfe3bef2f61c@group-A39FA696E60C-FollowerState was interrupted: java.lang.InterruptedException: sleep interrupted
2019-10-03 00:05:48,585 [Thread-2384] INFO  impl.RaftServerImpl (RaftServerImpl.java:setRole(170)) - 24de5cea-3ba6-49c4-9cbc-a0b7ad2a5c29@group-8F3D42DE6A0F: changes role from  FOLLOWER to CANDIDATE at term 0 for changeToCandidate
2019-10-03 00:05:48,589 [Thread-2384] INFO  impl.RoleInfo (RoleInfo.java:updateAndGet(143)) - 24de5cea-3ba6-49c4-9cbc-a0b7ad2a5c29: start LeaderElection
2019-10-03 00:05:48,592 [c038034d-0890-4ef3-bcac-cfe3bef2f61c@group-EFB28DB1F0EA-SegmentedRaftLogWorker] INFO  segmented.SegmentedRaftLogWorker (SegmentedRaftLogWorker.java:execute(574)) - c038034d-0890-4ef3-bcac-cfe3bef2f61c@group-EFB28DB1F0EA-SegmentedRaftLogWorker: created new log segment /workdir/hadoop-ozone/integration-test/target/test-dir/MiniOzoneClusterImpl-5cc37e88-4648-452a-832d-c391e4d45a6b/datanode-6/data/ratis/ec5c4f0a-bdc0-4396-98f4-efb28db1f0ea/current/log_inprogress_0
2019-10-03 00:05:48,611 [24de5cea-3ba6-49c4-9cbc-a0b7ad2a5c29@group-8F3D42DE6A0F-LeaderElection72] INFO  impl.LeaderElection (LeaderElection.java:askForVotes(178)) - 24de5cea-3ba6-49c4-9cbc-a0b7ad2a5c29@group-8F3D42DE6A0F-LeaderElection72: begin an election at term 1 for -1: [24de5cea-3ba6-49c4-9cbc-a0b7ad2a5c29:192.168.151.71:44322], old=null
2019-10-03 00:05:48,612 [24de5cea-3ba6-49c4-9cbc-a0b7ad2a5c29@group-8F3D42DE6A0F-LeaderElection72] INFO  impl.RoleInfo (RoleInfo.java:shutdownLeaderElection(134)) - 24de5cea-3ba6-49c4-9cbc-a0b7ad2a5c29: shutdown LeaderElection
2019-10-03 00:05:48,612 [24de5cea-3ba6-49c4-9cbc-a0b7ad2a5c29@group-8F3D42DE6A0F-LeaderElection72] INFO  impl.RaftServerImpl (RaftServerImpl.java:setRole(170)) - 24de5cea-3ba6-49c4-9cbc-a0b7ad2a5c29@group-8F3D42DE6A0F: changes role from CANDIDATE to LEADER at term 1 for changeToLeader
2019-10-03 00:05:48,612 [24de5cea-3ba6-49c4-9cbc-a0b7ad2a5c29@group-8F3D42DE6A0F-LeaderElection72] INFO  impl.RaftServerImpl (ServerState.java:setLeader(255)) - 24de5cea-3ba6-49c4-9cbc-a0b7ad2a5c29@group-8F3D42DE6A0F: change Leader from null to 24de5cea-3ba6-49c4-9cbc-a0b7ad2a5c29 at term 1 for becomeLeader, leader elected after 5256ms
2019-10-03 00:05:48,612 [24de5cea-3ba6-49c4-9cbc-a0b7ad2a5c29@group-8F3D42DE6A0F-LeaderElection72] INFO  server.RaftServerConfigKeys (ConfUtils.java:logGet(43)) - raft.server.staging.catchup.gap = 1000 (default)
2019-10-03 00:05:48,612 [98071f0e-f6e2-4f1d-adef-2776e916fd00@group-A39FA696E60C-LeaderElection71] INFO  impl.LeaderElection (LeaderElection.java:logAndReturn(56)) - 98071f0e-f6e2-4f1d-adef-2776e916fd00@group-A39FA696E60C-LeaderElection71: Election PASSED; received 1 response(s) [98071f0e-f6e2-4f1d-adef-2776e916fd00<-c038034d-0890-4ef3-bcac-cfe3bef2f61c#0:OK-t1] and 0 exception(s); 98071f0e-f6e2-4f1d-adef-2776e916fd00@group-A39FA696E60C:t1, leader=null, voted=98071f0e-f6e2-4f1d-adef-2776e916fd00, raftlog=98071f0e-f6e2-4f1d-adef-2776e916fd00@group-A39FA696E60C-SegmentedRaftLog:OPENED:c-1,f-1,i0, conf=-1: [98071f0e-f6e2-4f1d-adef-2776e916fd00:192.168.151.71:42150, 546c6a52-a3f1-4396-9be2-6fd82c1fdfd6:192.168.151.71:45907, c038034d-0890-4ef3-bcac-cfe3bef2f61c:192.168.151.71:41060], old=null
2019-10-03 00:05:48,612 [24de5cea-3ba6-49c4-9cbc-a0b7ad2a5c29@group-8F3D42DE6A0F-LeaderElection72] INFO  server.RaftServerConfigKeys (ConfUtils.java:logGet(43)) - raft.server.rpc.sleep.time = 25ms (default)
2019-10-03 00:05:48,613 [98071f0e-f6e2-4f1d-adef-2776e916fd00@group-A39FA696E60C-LeaderElection71] INFO  impl.RoleInfo (RoleInfo.java:shutdownLeaderElection(134)) - 98071f0e-f6e2-4f1d-adef-2776e916fd00: shutdown LeaderElection
2019-10-03 00:05:48,616 [98071f0e-f6e2-4f1d-adef-2776e916fd00@group-A39FA696E60C-LeaderElection71] INFO  impl.RaftServerImpl (RaftServerImpl.java:setRole(170)) - 98071f0e-f6e2-4f1d-adef-2776e916fd00@group-A39FA696E60C: changes role from CANDIDATE to LEADER at term 1 for changeToLeader
2019-10-03 00:05:48,616 [98071f0e-f6e2-4f1d-adef-2776e916fd00@group-A39FA696E60C-LeaderElection71] INFO  impl.RaftServerImpl (ServerState.java:setLeader(255)) - 98071f0e-f6e2-4f1d-adef-2776e916fd00@group-A39FA696E60C: change Leader from null to 98071f0e-f6e2-4f1d-adef-2776e916fd00 at term 1 for becomeLeader, leader elected after 5131ms
2019-10-03 00:05:48,616 [98071f0e-f6e2-4f1d-adef-2776e916fd00@group-A39FA696E60C-LeaderElection71] INFO  server.RaftServerConfigKeys (ConfUtils.java:logGet(43)) - raft.server.staging.catchup.gap = 1000 (default)
2019-10-03 00:05:48,616 [98071f0e-f6e2-4f1d-adef-2776e916fd00@group-A39FA696E60C-LeaderElection71] INFO  server.RaftServerConfigKeys (ConfUtils.java:logGet(43)) - raft.server.rpc.sleep.time = 25ms (default)
2019-10-03 00:05:48,616 [24de5cea-3ba6-49c4-9cbc-a0b7ad2a5c29@group-8F3D42DE6A0F-LeaderElection72] INFO  server.RaftServerConfigKeys (ConfUtils.java:logGet(43)) - raft.server.write.element-limit = 4096 (default)
2019-10-03 00:05:48,617 [98071f0e-f6e2-4f1d-adef-2776e916fd00@group-A39FA696E60C-LeaderElection71] INFO  server.RaftServerConfigKeys (ConfUtils.java:logGet(43)) - raft.server.write.element-limit = 4096 (default)
2019-10-03 00:05:48,617 [24de5cea-3ba6-49c4-9cbc-a0b7ad2a5c29@group-8F3D42DE6A0F-LeaderElection72] INFO  server.RaftServerConfigKeys (ConfUtils.java:logGet(43)) - raft.server.watch.timeout = 10s (default)
2019-10-03 00:05:48,617 [98071f0e-f6e2-4f1d-adef-2776e916fd00@group-A39FA696E60C-LeaderElection71] INFO  server.RaftServerConfigKeys (ConfUtils.java:logGet(43)) - raft.server.watch.timeout = 10s (default)
2019-10-03 00:05:48,617 [24de5cea-3ba6-49c4-9cbc-a0b7ad2a5c29@group-8F3D42DE6A0F-LeaderElection72] INFO  server.RaftServerConfigKeys (ConfUtils.java:logGet(43)) - raft.server.watch.timeout.denomination = 1s (default)
2019-10-03 00:05:48,617 [98071f0e-f6e2-4f1d-adef-2776e916fd00@group-A39FA696E60C-LeaderElection71] INFO  server.RaftServerConfigKeys (ConfUtils.java:logGet(43)) - raft.server.watch.timeout.denomination = 1s (default)
2019-10-03 00:05:48,617 [24de5cea-3ba6-49c4-9cbc-a0b7ad2a5c29@group-8F3D42DE6A0F-LeaderElection72] INFO  server.RaftServerConfigKeys (ConfUtils.java:logGet(43)) - raft.server.watch.element-limit = 65536 (default)
2019-10-03 00:05:48,618 [98071f0e-f6e2-4f1d-adef-2776e916fd00@group-A39FA696E60C-LeaderElection71] INFO  server.RaftServerConfigKeys (ConfUtils.java:logGet(43)) - raft.server.watch.element-limit = 65536 (default)
2019-10-03 00:05:48,620 [24de5cea-3ba6-49c4-9cbc-a0b7ad2a5c29@group-8F3D42DE6A0F-LeaderElection72] INFO  impl.RoleInfo (RoleInfo.java:updateAndGet(143)) - 24de5cea-3ba6-49c4-9cbc-a0b7ad2a5c29: start LeaderState
2019-10-03 00:05:48,621 [98071f0e-f6e2-4f1d-adef-2776e916fd00@group-A39FA696E60C-LeaderElection71] INFO  server.RaftServerConfigKeys (ConfUtils.java:logGet(43)) - raft.server.log.appender.snapshot.chunk.size.max = 16MB (=16777216) (default)
2019-10-03 00:05:48,621 [98071f0e-f6e2-4f1d-adef-2776e916fd00@group-A39FA696E60C-LeaderElection71] INFO  server.RaftServerConfigKeys (ConfUtils.java:logGet(43)) - raft.server.log.appender.buffer.byte-limit = 33554432 (custom)
2019-10-03 00:05:48,621 [24de5cea-3ba6-49c4-9cbc-a0b7ad2a5c29@group-8F3D42DE6A0F-LeaderElection72] INFO  segmented.SegmentedRaftLogWorker (SegmentedRaftLogWorker.java:startLogSegment(385)) - 24de5cea-3ba6-49c4-9cbc-a0b7ad2a5c29@group-8F3D42DE6A0F-SegmentedRaftLogWorker: Starting segment from index:0
2019-10-03 00:05:48,621 [98071f0e-f6e2-4f1d-adef-2776e916fd00@group-A39FA696E60C-LeaderElection71] INFO  server.RaftServerConfigKeys (ConfUtils.java:logGet(43)) - raft.server.log.appender.buffer.element-limit = 1 (custom)
2019-10-03 00:05:48,621 [98071f0e-f6e2-4f1d-adef-2776e916fd00@group-A39FA696E60C-LeaderElection71] INFO  grpc.GrpcConfigKeys$Server (ConfUtils.java:logGet(43)) - raft.grpc.server.leader.outstanding.appends.max = 128 (default)
2019-10-03 00:05:48,622 [24de5cea-3ba6-49c4-9cbc-a0b7ad2a5c29@group-8F3D42DE6A0F-LeaderElection72] INFO  impl.RaftServerImpl (ServerState.java:setRaftConf(356)) - 24de5cea-3ba6-49c4-9cbc-a0b7ad2a5c29@group-8F3D42DE6A0F: set configuration 0: [24de5cea-3ba6-49c4-9cbc-a0b7ad2a5c29:192.168.151.71:44322], old=null at 0
2019-10-03 00:05:48,622 [98071f0e-f6e2-4f1d-adef-2776e916fd00@group-A39FA696E60C-LeaderElection71] INFO  server.RaftServerConfigKeys (ConfUtils.java:logGet(43)) - raft.server.rpc.request.timeout = 3000ms (default)
2019-10-03 00:05:48,622 [98071f0e-f6e2-4f1d-adef-2776e916fd00@group-A39FA696E60C-LeaderElection71] INFO  server.RaftServerConfigKeys (ConfUtils.java:logGet(43)) - raft.server.log.appender.install.snapshot.enabled = false (custom)
2019-10-03 00:05:48,622 [98071f0e-f6e2-4f1d-adef-2776e916fd00@group-A39FA696E60C-LeaderElection71] INFO  server.RaftServerConfigKeys (ConfUtils.java:logGet(43)) - raft.server.log.appender.snapshot.chunk.size.max = 16MB (=16777216) (default)
2019-10-03 00:05:48,622 [98071f0e-f6e2-4f1d-adef-2776e916fd00@group-A39FA696E60C-LeaderElection71] INFO  server.RaftServerConfigKeys (ConfUtils.java:logGet(43)) - raft.server.log.appender.buffer.byte-limit = 33554432 (custom)
2019-10-03 00:05:48,622 [98071f0e-f6e2-4f1d-adef-2776e916fd00@group-A39FA696E60C-LeaderElection71] INFO  server.RaftServerConfigKeys (ConfUtils.java:logGet(43)) - raft.server.log.appender.buffer.element-limit = 1 (custom)
2019-10-03 00:05:48,623 [98071f0e-f6e2-4f1d-adef-2776e916fd00@group-A39FA696E60C-LeaderElection71] INFO  grpc.GrpcConfigKeys$Server (ConfUtils.java:logGet(43)) - raft.grpc.server.leader.outstanding.appends.max = 128 (default)
2019-10-03 00:05:48,623 [98071f0e-f6e2-4f1d-adef-2776e916fd00@group-A39FA696E60C-LeaderElection71] INFO  server.RaftServerConfigKeys (ConfUtils.java:logGet(43)) - raft.server.rpc.request.timeout = 3000ms (default)
2019-10-03 00:05:48,623 [98071f0e-f6e2-4f1d-adef-2776e916fd00@group-A39FA696E60C-LeaderElection71] INFO  server.RaftServerConfigKeys (ConfUtils.java:logGet(43)) - raft.server.log.appender.install.snapshot.enabled = false (custom)
2019-10-03 00:05:48,623 [98071f0e-f6e2-4f1d-adef-2776e916fd00@group-A39FA696E60C-LeaderElection71] INFO  impl.RoleInfo (RoleInfo.java:updateAndGet(143)) - 98071f0e-f6e2-4f1d-adef-2776e916fd00: start LeaderState
2019-10-03 00:05:48,623 [98071f0e-f6e2-4f1d-adef-2776e916fd00@group-A39FA696E60C-LeaderElection71] INFO  segmented.SegmentedRaftLogWorker (SegmentedRaftLogWorker.java:startLogSegment(385)) - 98071f0e-f6e2-4f1d-adef-2776e916fd00@group-A39FA696E60C-SegmentedRaftLogWorker: Starting segment from index:0
2019-10-03 00:05:48,624 [98071f0e-f6e2-4f1d-adef-2776e916fd00@group-A39FA696E60C-LeaderElection71] INFO  impl.RaftServerImpl (ServerState.java:setRaftConf(356)) - 98071f0e-f6e2-4f1d-adef-2776e916fd00@group-A39FA696E60C: set configuration 0: [98071f0e-f6e2-4f1d-adef-2776e916fd00:192.168.151.71:42150, 546c6a52-a3f1-4396-9be2-6fd82c1fdfd6:192.168.151.71:45907, c038034d-0890-4ef3-bcac-cfe3bef2f61c:192.168.151.71:41060], old=null at 0
2019-10-03 00:05:48,625 [grpc-default-executor-0] INFO  impl.RaftServerImpl (ServerState.java:setLeader(255)) - 546c6a52-a3f1-4396-9be2-6fd82c1fdfd6@group-A39FA696E60C: change Leader from null to 98071f0e-f6e2-4f1d-adef-2776e916fd00 at term 1 for appendEntries, leader elected after 5140ms
2019-10-03 00:05:48,660 [grpc-default-executor-1] INFO  impl.RaftServerImpl (ServerState.java:setLeader(255)) - c038034d-0890-4ef3-bcac-cfe3bef2f61c@group-A39FA696E60C: change Leader from null to 98071f0e-f6e2-4f1d-adef-2776e916fd00 at term 1 for appendEntries, leader elected after 5176ms
2019-10-03 00:05:48,666 [grpc-default-executor-1] INFO  impl.RaftServerImpl (ServerState.java:setRaftConf(356)) - c038034d-0890-4ef3-bcac-cfe3bef2f61c@group-A39FA696E60C: set configuration 0: [98071f0e-f6e2-4f1d-adef-2776e916fd00:192.168.151.71:42150, 546c6a52-a3f1-4396-9be2-6fd82c1fdfd6:192.168.151.71:45907, c038034d-0890-4ef3-bcac-cfe3bef2f61c:192.168.151.71:41060], old=null at 0
2019-10-03 00:05:48,666 [grpc-default-executor-0] INFO  impl.RaftServerImpl (ServerState.java:setRaftConf(356)) - 546c6a52-a3f1-4396-9be2-6fd82c1fdfd6@group-A39FA696E60C: set configuration 0: [98071f0e-f6e2-4f1d-adef-2776e916fd00:192.168.151.71:42150, 546c6a52-a3f1-4396-9be2-6fd82c1fdfd6:192.168.151.71:45907, c038034d-0890-4ef3-bcac-cfe3bef2f61c:192.168.151.71:41060], old=null at 0
2019-10-03 00:05:48,666 [grpc-default-executor-1] INFO  segmented.SegmentedRaftLogWorker (SegmentedRaftLogWorker.java:startLogSegment(385)) - c038034d-0890-4ef3-bcac-cfe3bef2f61c@group-A39FA696E60C-SegmentedRaftLogWorker: Starting segment from index:0
2019-10-03 00:05:48,667 [grpc-default-executor-0] INFO  segmented.SegmentedRaftLogWorker (SegmentedRaftLogWorker.java:startLogSegment(385)) - 546c6a52-a3f1-4396-9be2-6fd82c1fdfd6@group-A39FA696E60C-SegmentedRaftLogWorker: Starting segment from index:0
2019-10-03 00:05:48,668 [98071f0e-f6e2-4f1d-adef-2776e916fd00@group-A39FA696E60C-SegmentedRaftLogWorker] INFO  segmented.SegmentedRaftLogWorker (SegmentedRaftLogWorker.java:execute(574)) - 98071f0e-f6e2-4f1d-adef-2776e916fd00@group-A39FA696E60C-SegmentedRaftLogWorker: created new log segment /workdir/hadoop-ozone/integration-test/target/test-dir/MiniOzoneClusterImpl-5cc37e88-4648-452a-832d-c391e4d45a6b/datanode-3/data/ratis/f6cc8a65-b6b7-4036-84af-a39fa696e60c/current/log_inprogress_0
2019-10-03 00:05:48,668 [24de5cea-3ba6-49c4-9cbc-a0b7ad2a5c29@group-8F3D42DE6A0F-SegmentedRaftLogWorker] INFO  segmented.SegmentedRaftLogWorker (SegmentedRaftLogWorker.java:execute(574)) - 24de5cea-3ba6-49c4-9cbc-a0b7ad2a5c29@group-8F3D42DE6A0F-SegmentedRaftLogWorker: created new log segment /workdir/hadoop-ozone/integration-test/target/test-dir/MiniOzoneClusterImpl-5cc37e88-4648-452a-832d-c391e4d45a6b/datanode-5/data/ratis/866b26d2-a50c-41fa-ad24-8f3d42de6a0f/current/log_inprogress_0
2019-10-03 00:05:48,701 [546c6a52-a3f1-4396-9be2-6fd82c1fdfd6@group-A39FA696E60C-SegmentedRaftLogWorker] INFO  segmented.SegmentedRaftLogWorker (SegmentedRaftLogWorker.java:execute(574)) - 546c6a52-a3f1-4396-9be2-6fd82c1fdfd6@group-A39FA696E60C-SegmentedRaftLogWorker: created new log segment /workdir/hadoop-ozone/integration-test/target/test-dir/MiniOzoneClusterImpl-5cc37e88-4648-452a-832d-c391e4d45a6b/datanode-4/data/ratis/f6cc8a65-b6b7-4036-84af-a39fa696e60c/current/log_inprogress_0
2019-10-03 00:05:48,713 [c038034d-0890-4ef3-bcac-cfe3bef2f61c@group-A39FA696E60C-SegmentedRaftLogWorker] INFO  segmented.SegmentedRaftLogWorker (SegmentedRaftLogWorker.java:execute(574)) - c038034d-0890-4ef3-bcac-cfe3bef2f61c@group-A39FA696E60C-SegmentedRaftLogWorker: created new log segment /workdir/hadoop-ozone/integration-test/target/test-dir/MiniOzoneClusterImpl-5cc37e88-4648-452a-832d-c391e4d45a6b/datanode-6/data/ratis/f6cc8a65-b6b7-4036-84af-a39fa696e60c/current/log_inprogress_0
2019-10-03 00:05:49,741 [Datanode State Machine Thread - 0] INFO  statemachine.DatanodeStateMachine (DatanodeStateMachine.java:lambda$startDaemon$0(350)) - Ozone container server started.
2019-10-03 00:05:53,752 [main] INFO  ozoneimpl.OzoneContainer (OzoneContainer.java:stop(231)) - Attempting to stop container services.
2019-10-03 00:05:53,753 [main] INFO  impl.RaftServerProxy (RaftServerProxy.java:lambda$close$4(314)) - 90dee035-d673-444d-8607-eaba9f04884d: close
2019-10-03 00:05:53,754 [main] INFO  impl.RaftServerImpl (RaftServerImpl.java:lambda$shutdown$3(247)) - 90dee035-d673-444d-8607-eaba9f04884d@group-F2956C8F997C: shutdown
2019-10-03 00:05:53,754 [ForkJoinPool.commonPool-worker-1] INFO  impl.RaftServerImpl (RaftServerImpl.java:lambda$shutdown$3(247)) - 90dee035-d673-444d-8607-eaba9f04884d@group-00F6526A42BD: shutdown
2019-10-03 00:05:53,755 [main] INFO  util.JmxRegister (JmxRegister.java:unregister(73)) - Successfully un-registered JMX Bean with object name Ratis:service=RaftServer,group=group-F2956C8F997C,id=90dee035-d673-444d-8607-eaba9f04884d
2019-10-03 00:05:53,755 [ForkJoinPool.commonPool-worker-1] INFO  util.JmxRegister (JmxRegister.java:unregister(73)) - Successfully un-registered JMX Bean with object name Ratis:service=RaftServer,group=group-00F6526A42BD,id=90dee035-d673-444d-8607-eaba9f04884d
2019-10-03 00:05:53,755 [main] INFO  impl.RoleInfo (RoleInfo.java:shutdownFollowerState(121)) - 90dee035-d673-444d-8607-eaba9f04884d: shutdown FollowerState
2019-10-03 00:05:53,755 [ForkJoinPool.commonPool-worker-1] INFO  impl.RoleInfo (RoleInfo.java:shutdownLeaderState(104)) - 90dee035-d673-444d-8607-eaba9f04884d: shutdown LeaderState
2019-10-03 00:05:53,756 [main] INFO  impl.StateMachineUpdater (StateMachineUpdater.java:stopAndJoin(136)) - 90dee035-d673-444d-8607-eaba9f04884d@group-F2956C8F997C-StateMachineUpdater: set stopIndex = 2
2019-10-03 00:05:53,756 [ForkJoinPool.commonPool-worker-1] INFO  impl.PendingRequests (PendingRequests.java:sendNotLeaderResponses(202)) - 90dee035-d673-444d-8607-eaba9f04884d@group-00F6526A42BD-PendingRequests: sendNotLeaderResponses
2019-10-03 00:05:53,756 [90dee035-d673-444d-8607-eaba9f04884d@group-F2956C8F997C-StateMachineUpdater] INFO  ratis.ContainerStateMachine (ContainerStateMachine.java:takeSnapshot(289)) - group-F2956C8F997C: Taking a snapshot at:(t:1, i:1) file /workdir/hadoop-ozone/integration-test/target/test-dir/MiniOzoneClusterImpl-5cc37e88-4648-452a-832d-c391e4d45a6b/datanode-0/data/ratis/b89a824f-3882-4712-a7b4-f2956c8f997c/sm/snapshot.1_1
2019-10-03 00:05:53,756 [Thread-2417] INFO  impl.FollowerState (FollowerState.java:run(117)) - 90dee035-d673-444d-8607-eaba9f04884d@group-F2956C8F997C-FollowerState was interrupted: java.lang.InterruptedException: sleep interrupted
2019-10-03 00:05:53,765 [ForkJoinPool.commonPool-worker-1] INFO  impl.StateMachineUpdater (StateMachineUpdater.java:stopAndJoin(136)) - 90dee035-d673-444d-8607-eaba9f04884d@group-00F6526A42BD-StateMachineUpdater: set stopIndex = 0
2019-10-03 00:05:53,766 [ForkJoinPool.commonPool-worker-1] INFO  impl.RaftServerImpl (ServerState.java:close(387)) - 90dee035-d673-444d-8607-eaba9f04884d@group-00F6526A42BD: closes. applyIndex: 0
2019-10-03 00:05:53,767 [90dee035-d673-444d-8607-eaba9f04884d@group-00F6526A42BD-SegmentedRaftLogWorker] INFO  segmented.SegmentedRaftLogWorker (SegmentedRaftLogWorker.java:run(316)) - 90dee035-d673-444d-8607-eaba9f04884d@group-00F6526A42BD-SegmentedRaftLogWorker was interrupted, exiting. There are 0 tasks remaining in the queue.
2019-10-03 00:05:53,769 [ForkJoinPool.commonPool-worker-1] INFO  segmented.SegmentedRaftLogWorker (SegmentedRaftLogWorker.java:close(224)) - 90dee035-d673-444d-8607-eaba9f04884d@group-00F6526A42BD-SegmentedRaftLogWorker close()
2019-10-03 00:05:53,772 [90dee035-d673-444d-8607-eaba9f04884d@group-F2956C8F997C-StateMachineUpdater] INFO  ratis.ContainerStateMachine (ContainerStateMachine.java:takeSnapshot(300)) - group-F2956C8F997C: Finished taking a snapshot at:(t:1, i:1) file:/workdir/hadoop-ozone/integration-test/target/test-dir/MiniOzoneClusterImpl-5cc37e88-4648-452a-832d-c391e4d45a6b/datanode-0/data/ratis/b89a824f-3882-4712-a7b4-f2956c8f997c/sm/snapshot.1_1 time:15
2019-10-03 00:05:53,772 [90dee035-d673-444d-8607-eaba9f04884d@group-F2956C8F997C-StateMachineUpdater] INFO  impl.StateMachineUpdater (StateMachineUpdater.java:takeSnapshot(269)) - 90dee035-d673-444d-8607-eaba9f04884d@group-F2956C8F997C-StateMachineUpdater: Took a snapshot at index 1
2019-10-03 00:05:53,772 [90dee035-d673-444d-8607-eaba9f04884d@group-F2956C8F997C-StateMachineUpdater] INFO  impl.StateMachineUpdater (StateMachineUpdater.java:lambda$new$0(84)) - 90dee035-d673-444d-8607-eaba9f04884d@group-F2956C8F997C-StateMachineUpdater: snapshotIndex: updateIncreasingly -1 -> 1
2019-10-03 00:05:53,773 [90dee035-d673-444d-8607-eaba9f04884d@group-F2956C8F997C-StateMachineUpdater] INFO  ratis.ContainerStateMachine (ContainerStateMachine.java:takeSnapshot(289)) - group-F2956C8F997C: Taking a snapshot at:(t:1, i:1) file /workdir/hadoop-ozone/integration-test/target/test-dir/MiniOzoneClusterImpl-5cc37e88-4648-452a-832d-c391e4d45a6b/datanode-0/data/ratis/b89a824f-3882-4712-a7b4-f2956c8f997c/sm/snapshot.1_1
2019-10-03 00:05:53,785 [90dee035-d673-444d-8607-eaba9f04884d@group-F2956C8F997C-StateMachineUpdater] INFO  ratis.ContainerStateMachine (ContainerStateMachine.java:takeSnapshot(300)) - group-F2956C8F997C: Finished taking a snapshot at:(t:1, i:1) file:/workdir/hadoop-ozone/integration-test/target/test-dir/MiniOzoneClusterImpl-5cc37e88-4648-452a-832d-c391e4d45a6b/datanode-0/data/ratis/b89a824f-3882-4712-a7b4-f2956c8f997c/sm/snapshot.1_1 time:13
2019-10-03 00:05:53,785 [90dee035-d673-444d-8607-eaba9f04884d@group-F2956C8F997C-StateMachineUpdater] INFO  impl.StateMachineUpdater (StateMachineUpdater.java:takeSnapshot(269)) - 90dee035-d673-444d-8607-eaba9f04884d@group-F2956C8F997C-StateMachineUpdater: Took a snapshot at index 1
2019-10-03 00:05:53,785 [90dee035-d673-444d-8607-eaba9f04884d@group-F2956C8F997C-StateMachineUpdater] INFO  impl.StateMachineUpdater (StateMachineUpdater.java:lambda$new$0(84)) - 90dee035-d673-444d-8607-eaba9f04884d@group-F2956C8F997C-StateMachineUpdater: snapshotIndex: updateIncreasingly 1 -> 1
2019-10-03 00:05:53,786 [main] INFO  impl.RaftServerImpl (ServerState.java:close(387)) - 90dee035-d673-444d-8607-eaba9f04884d@group-F2956C8F997C: closes. applyIndex: 2
2019-10-03 00:05:53,786 [90dee035-d673-444d-8607-eaba9f04884d@group-F2956C8F997C-SegmentedRaftLogWorker] INFO  segmented.SegmentedRaftLogWorker (SegmentedRaftLogWorker.java:run(316)) - 90dee035-d673-444d-8607-eaba9f04884d@group-F2956C8F997C-SegmentedRaftLogWorker was interrupted, exiting. There are 0 tasks remaining in the queue.
2019-10-03 00:05:53,786 [main] INFO  segmented.SegmentedRaftLogWorker (SegmentedRaftLogWorker.java:close(224)) - 90dee035-d673-444d-8607-eaba9f04884d@group-F2956C8F997C-SegmentedRaftLogWorker close()
2019-10-03 00:05:53,789 [main] INFO  server.GrpcService (GrpcService.java:closeImpl(164)) - 90dee035-d673-444d-8607-eaba9f04884d: shutdown server with port 45161 now
2019-10-03 00:05:53,791 [grpc-default-executor-1] WARN  server.GrpcServerProtocolService (LogUtils.java:warn(134)) - 90dee035-d673-444d-8607-eaba9f04884d: installSnapshot onError, lastRequest: 7a3318a1-c1ee-448e-afda-946e71b29333->90dee035-d673-444d-8607-eaba9f04884d#5-t1, previous=(t:1, i:2), leaderCommit=2, initializing? false, entries: <empty>: org.apache.ratis.thirdparty.io.grpc.StatusRuntimeException: CANCELLED: cancelled before receiving half close
2019-10-03 00:05:53,791 [grpc-default-executor-5] WARN  server.GrpcLogAppender (LogUtils.java:warn(134)) - 7a3318a1-c1ee-448e-afda-946e71b29333@group-F2956C8F997C->90dee035-d673-444d-8607-eaba9f04884d-AppendLogResponseHandler: Failed appendEntries: org.apache.ratis.thirdparty.io.grpc.StatusRuntimeException: CANCELLED: HTTP/2 error code: CANCEL
Received Rst Stream
2019-10-03 00:05:53,791 [main] INFO  server.GrpcService (GrpcService.java:closeImpl(172)) - 90dee035-d673-444d-8607-eaba9f04884d: shutdown server with port 45161 successfully
2019-10-03 00:05:53,791 [grpc-default-executor-5] INFO  impl.FollowerInfo (FollowerInfo.java:lambda$new$0(51)) - 7a3318a1-c1ee-448e-afda-946e71b29333@group-F2956C8F997C->90dee035-d673-444d-8607-eaba9f04884d: nextIndex: updateUnconditionally 3 -> 2
2019-10-03 00:05:53,794 [refreshUsed-/workdir/hadoop-ozone/integration-test/target/test-dir/MiniOzoneClusterImpl-5cc37e88-4648-452a-832d-c391e4d45a6b/datanode-0/data/containers] WARN  fs.CachingGetSpaceUsed (CachingGetSpaceUsed.java:run(183)) - Thread Interrupted waiting to refresh disk information: sleep interrupted
2019-10-03 00:05:53,816 [main] INFO  utils.BackgroundService (BackgroundService.java:shutdown(148)) - Shutting down service BlockDeletingService
2019-10-03 00:05:53,824 [main] INFO  statemachine.DatanodeStateMachine (DatanodeStateMachine.java:stopDaemon(395)) - Ozone container server stopped.
2019-10-03 00:05:53,826 [main] INFO  handler.ContextHandler (ContextHandler.java:doStop(910)) - Stopped o.e.j.w.WebAppContext@570a62a5{/,null,UNAVAILABLE}{/hddsDatanode}
2019-10-03 00:05:53,827 [main] INFO  server.AbstractConnector (AbstractConnector.java:doStop(318)) - Stopped ServerConnector@36224f93{HTTP/1.1,[http/1.1]}{0.0.0.0:0}
2019-10-03 00:05:53,827 [main] INFO  handler.ContextHandler (ContextHandler.java:doStop(910)) - Stopped o.e.j.s.ServletContextHandler@2c9d90fc{/static,jar:file:/home/user/.m2/repository/org/apache/hadoop/hadoop-hdds-container-service/0.5.0-SNAPSHOT/hadoop-hdds-container-service-0.5.0-SNAPSHOT.jar!/webapps/static,UNAVAILABLE}
2019-10-03 00:05:53,827 [main] INFO  handler.ContextHandler (ContextHandler.java:doStop(910)) - Stopped o.e.j.s.ServletContextHandler@3e4d40ea{/logs,file:///workdir/hadoop-ozone/integration-test/target/log,UNAVAILABLE}
2019-10-03 00:05:53,836 [grpc-default-executor-0] WARN  server.GrpcLogAppender (LogUtils.java:warn(134)) - 7a3318a1-c1ee-448e-afda-946e71b29333@group-F2956C8F997C->90dee035-d673-444d-8607-eaba9f04884d-AppendLogResponseHandler: Failed appendEntries: org.apache.ratis.thirdparty.io.grpc.StatusRuntimeException: UNAVAILABLE: io exception
2019-10-03 00:05:53,837 [grpc-default-executor-0] INFO  impl.FollowerInfo (FollowerInfo.java:lambda$new$0(51)) - 7a3318a1-c1ee-448e-afda-946e71b29333@group-F2956C8F997C->90dee035-d673-444d-8607-eaba9f04884d: nextIndex: updateUnconditionally 3 -> 2
2019-10-03 00:05:53,848 [grpc-default-executor-5] WARN  server.GrpcLogAppender (LogUtils.java:warn(134)) - 7a3318a1-c1ee-448e-afda-946e71b29333@group-F2956C8F997C->90dee035-d673-444d-8607-eaba9f04884d-AppendLogResponseHandler: Failed appendEntries: org.apache.ratis.thirdparty.io.grpc.StatusRuntimeException: UNAVAILABLE: io exception
2019-10-03 00:05:53,849 [grpc-default-executor-5] INFO  impl.FollowerInfo (FollowerInfo.java:lambda$new$0(51)) - 7a3318a1-c1ee-448e-afda-946e71b29333@group-F2956C8F997C->90dee035-d673-444d-8607-eaba9f04884d: nextIndex: updateUnconditionally 3 -> 2
2019-10-03 00:05:53,866 [EventQueue-IncrementalContainerReportForIncrementalContainerReportHandler] WARN  container.IncrementalContainerReportHandler (AbstractContainerReportHandler.java:updateContainerState(143)) - Container #1 is in OPEN state, but the datanode 7a3318a1-c1ee-448e-afda-946e71b29333{ip: 192.168.151.71, host: pr-hdds-2200-trunk-rmlvb-651263995, networkLocation: /default-rack, certSerialId: null} reports an CLOSING replica.
2019-10-03 00:05:53,867 [grpc-default-executor-1] WARN  server.GrpcLogAppender (LogUtils.java:warn(134)) - 7a3318a1-c1ee-448e-afda-946e71b29333@group-F2956C8F997C->90dee035-d673-444d-8607-eaba9f04884d-AppendLogResponseHandler: Failed appendEntries: org.apache.ratis.thirdparty.io.grpc.StatusRuntimeException: UNAVAILABLE: io exception
2019-10-03 00:05:53,867 [grpc-default-executor-1] INFO  impl.FollowerInfo (FollowerInfo.java:lambda$new$0(51)) - 7a3318a1-c1ee-448e-afda-946e71b29333@group-F2956C8F997C->90dee035-d673-444d-8607-eaba9f04884d: nextIndex: updateUnconditionally 3 -> 2
2019-10-03 00:05:53,879 [EventQueue-IncrementalContainerReportForIncrementalContainerReportHandler] WARN  container.IncrementalContainerReportHandler (AbstractContainerReportHandler.java:updateContainerState(143)) - Container #1 is in OPEN state, but the datanode e3dbfaec-2d6c-4351-b688-70ba1748dc73{ip: 192.168.151.71, host: pr-hdds-2200-trunk-rmlvb-651263995, networkLocation: /default-rack, certSerialId: null} reports an CLOSING replica.
2019-10-03 00:05:53,909 [RatisApplyTransactionExecutor 1] INFO  interfaces.Container (KeyValueContainer.java:flushAndSyncDB(386)) - Container 1 is synced with bcsId 0.
2019-10-03 00:05:53,953 [RatisApplyTransactionExecutor 1] INFO  interfaces.Container (KeyValueContainer.java:flushAndSyncDB(386)) - Container 1 is synced with bcsId 0.
2019-10-03 00:05:53,956 [RatisApplyTransactionExecutor 1] INFO  interfaces.Container (KeyValueContainer.java:flushAndSyncDB(386)) - Container 1 is synced with bcsId 0.
2019-10-03 00:05:53,956 [RatisApplyTransactionExecutor 1] INFO  interfaces.Container (KeyValueContainer.java:flushAndSyncDB(386)) - Container 1 is synced with bcsId 0.
2019-10-03 00:05:53,961 [RatisApplyTransactionExecutor 1] INFO  interfaces.Container (KeyValueContainer.java:close(335)) - Container 1 is closed with bcsId 0.
2019-10-03 00:05:53,961 [RatisApplyTransactionExecutor 1] INFO  interfaces.Container (KeyValueContainer.java:close(335)) - Container 1 is closed with bcsId 0.
2019-10-03 00:05:53,972 [EventQueue-IncrementalContainerReportForIncrementalContainerReportHandler] WARN  container.IncrementalContainerReportHandler (AbstractContainerReportHandler.java:updateContainerState(143)) - Container #1 is in OPEN state, but the datanode e3dbfaec-2d6c-4351-b688-70ba1748dc73{ip: 192.168.151.71, host: pr-hdds-2200-trunk-rmlvb-651263995, networkLocation: /default-rack, certSerialId: null} reports an CLOSED replica.
2019-10-03 00:05:53,973 [EventQueue-IncrementalContainerReportForIncrementalContainerReportHandler] WARN  container.IncrementalContainerReportHandler (AbstractContainerReportHandler.java:updateContainerState(143)) - Container #1 is in OPEN state, but the datanode 7a3318a1-c1ee-448e-afda-946e71b29333{ip: 192.168.151.71, host: pr-hdds-2200-trunk-rmlvb-651263995, networkLocation: /default-rack, certSerialId: null} reports an CLOSED replica.
2019-10-03 00:05:56,369 [grpc-default-executor-0] WARN  server.GrpcLogAppender (LogUtils.java:warn(134)) - 7a3318a1-c1ee-448e-afda-946e71b29333@group-F2956C8F997C->90dee035-d673-444d-8607-eaba9f04884d-AppendLogResponseHandler: Failed appendEntries: org.apache.ratis.thirdparty.io.grpc.StatusRuntimeException: UNAVAILABLE: io exception
2019-10-03 00:05:56,370 [grpc-default-executor-0] INFO  impl.FollowerInfo (FollowerInfo.java:lambda$new$0(51)) - 7a3318a1-c1ee-448e-afda-946e71b29333@group-F2956C8F997C->90dee035-d673-444d-8607-eaba9f04884d: nextIndex: updateUnconditionally 2 -> 1
2019-10-03 00:05:56,986 [main] WARN  scm.XceiverClientRatis (XceiverClientRatis.java:watchForCommit(292)) - 3 way commit failed on pipeline Pipeline[ Id: b89a824f-3882-4712-a7b4-f2956c8f997c, Nodes: 90dee035-d673-444d-8607-eaba9f04884d{ip: 192.168.151.71, host: pr-hdds-2200-trunk-rmlvb-651263995, networkLocation: /default-rack, certSerialId: null}e3dbfaec-2d6c-4351-b688-70ba1748dc73{ip: 192.168.151.71, host: pr-hdds-2200-trunk-rmlvb-651263995, networkLocation: /default-rack, certSerialId: null}7a3318a1-c1ee-448e-afda-946e71b29333{ip: 192.168.151.71, host: pr-hdds-2200-trunk-rmlvb-651263995, networkLocation: /default-rack, certSerialId: null}, Type:RATIS, Factor:THREE, State:OPEN]
java.util.concurrent.TimeoutException
	at java.util.concurrent.CompletableFuture.timedGet(CompletableFuture.java:1771)
	at java.util.concurrent.CompletableFuture.get(CompletableFuture.java:1915)
	at org.apache.hadoop.hdds.scm.XceiverClientRatis.watchForCommit(XceiverClientRatis.java:289)
	at org.apache.hadoop.ozone.client.rpc.TestWatchForCommit.test2WayCommitForTimeoutException(TestWatchForCommit.java:391)
	at sun.reflect.NativeMethodAccessorImpl.invoke0(Native Method)
	at sun.reflect.NativeMethodAccessorImpl.invoke(NativeMethodAccessorImpl.java:62)
	at sun.reflect.DelegatingMethodAccessorImpl.invoke(DelegatingMethodAccessorImpl.java:43)
	at java.lang.reflect.Method.invoke(Method.java:498)
	at org.junit.runners.model.FrameworkMethod$1.runReflectiveCall(FrameworkMethod.java:47)
	at org.junit.internal.runners.model.ReflectiveCallable.run(ReflectiveCallable.java:12)
	at org.junit.runners.model.FrameworkMethod.invokeExplosively(FrameworkMethod.java:44)
	at org.junit.internal.runners.statements.InvokeMethod.evaluate(InvokeMethod.java:17)
	at org.junit.runners.ParentRunner.runLeaf(ParentRunner.java:271)
	at org.junit.runners.BlockJUnit4ClassRunner.runChild(BlockJUnit4ClassRunner.java:70)
	at org.junit.runners.BlockJUnit4ClassRunner.runChild(BlockJUnit4ClassRunner.java:50)
	at org.junit.runners.ParentRunner$3.run(ParentRunner.java:238)
	at org.junit.runners.ParentRunner$1.schedule(ParentRunner.java:63)
	at org.junit.runners.ParentRunner.runChildren(ParentRunner.java:236)
	at org.junit.runners.ParentRunner.access$000(ParentRunner.java:53)
	at org.junit.runners.ParentRunner$2.evaluate(ParentRunner.java:229)
	at org.junit.runners.ParentRunner.run(ParentRunner.java:309)
	at org.apache.maven.surefire.junit4.JUnit4Provider.execute(JUnit4Provider.java:365)
	at org.apache.maven.surefire.junit4.JUnit4Provider.executeWithRerun(JUnit4Provider.java:273)
	at org.apache.maven.surefire.junit4.JUnit4Provider.executeTestSet(JUnit4Provider.java:238)
	at org.apache.maven.surefire.junit4.JUnit4Provider.invoke(JUnit4Provider.java:159)
	at org.apache.maven.surefire.booter.ForkedBooter.invokeProviderInSameClassLoader(ForkedBooter.java:384)
	at org.apache.maven.surefire.booter.ForkedBooter.runSuitesInProcess(ForkedBooter.java:345)
	at org.apache.maven.surefire.booter.ForkedBooter.execute(ForkedBooter.java:126)
	at org.apache.maven.surefire.booter.ForkedBooter.main(ForkedBooter.java:418)
2019-10-03 00:05:58,871 [grpc-default-executor-5] WARN  server.GrpcLogAppender (LogUtils.java:warn(134)) - 7a3318a1-c1ee-448e-afda-946e71b29333@group-F2956C8F997C->90dee035-d673-444d-8607-eaba9f04884d-AppendLogResponseHandler: Failed appendEntries: org.apache.ratis.thirdparty.io.grpc.StatusRuntimeException: UNAVAILABLE: io exception
2019-10-03 00:05:58,876 [grpc-default-executor-5] INFO  impl.FollowerInfo (FollowerInfo.java:lambda$new$0(51)) - 7a3318a1-c1ee-448e-afda-946e71b29333@group-F2956C8F997C->90dee035-d673-444d-8607-eaba9f04884d: nextIndex: updateUnconditionally 1 -> 0
]]></system-out>
    <system-err><![CDATA[Oct 03, 2019 12:05:53 AM org.apache.ratis.thirdparty.io.grpc.internal.SerializingExecutor run
SEVERE: Exception while executing runnable org.apache.ratis.thirdparty.io.grpc.internal.ServerImpl$JumpToApplicationThreadServerStreamListener$1Closed@1cb57e7d
org.apache.ratis.thirdparty.io.grpc.StatusRuntimeException: CANCELLED: call already cancelled
	at org.apache.ratis.thirdparty.io.grpc.Status.asRuntimeException(Status.java:517)
	at org.apache.ratis.thirdparty.io.grpc.stub.ServerCalls$ServerCallStreamObserverImpl.onCompleted(ServerCalls.java:356)
	at org.apache.ratis.grpc.server.GrpcServerProtocolService$ServerRequestStreamObserver.onError(GrpcServerProtocolService.java:121)
	at org.apache.ratis.thirdparty.io.grpc.stub.ServerCalls$StreamingServerCallHandler$StreamingServerCallListener.onCancel(ServerCalls.java:269)
	at org.apache.ratis.thirdparty.io.grpc.internal.ServerCallImpl$ServerStreamListenerImpl.closed(ServerCallImpl.java:293)
	at org.apache.ratis.thirdparty.io.grpc.internal.ServerImpl$JumpToApplicationThreadServerStreamListener$1Closed.runInContext(ServerImpl.java:741)
	at org.apache.ratis.thirdparty.io.grpc.internal.ContextRunnable.run(ContextRunnable.java:37)
	at org.apache.ratis.thirdparty.io.grpc.internal.SerializingExecutor.run(SerializingExecutor.java:123)
	at java.util.concurrent.ThreadPoolExecutor.runWorker(ThreadPoolExecutor.java:1149)
	at java.util.concurrent.ThreadPoolExecutor$Worker.run(ThreadPoolExecutor.java:624)
	at java.lang.Thread.run(Thread.java:748)

]]></system-err>
  </testcase>
</testsuite>