<?xml version="1.0" encoding="UTF-8"?>
<testsuite xmlns:xsi="http://www.w3.org/2001/XMLSchema-instance" xsi:noNamespaceSchemaLocation="https://maven.apache.org/surefire/maven-surefire-plugin/xsd/surefire-test-report.xsd" name="org.apache.hadoop.ozone.client.rpc.TestBlockOutputStreamWithFailures" time="729.382" tests="8" errors="0" skipped="0" failures="1">
  <properties>
    <property name="awt.toolkit" value="sun.awt.X11.XToolkit"/>
    <property name="file.encoding.pkg" value="sun.io"/>
    <property name="java.specification.version" value="1.8"/>
    <property name="sun.cpu.isalist" value=""/>
    <property name="sun.jnu.encoding" value="UTF-8"/>
    <property name="java.class.path" value="/workdir/hadoop-ozone/integration-test/target/test-classes:/workdir/hadoop-ozone/integration-test/target/classes:/home/user/.m2/repository/org/apache/hadoop/hadoop-ozone-common/0.5.0-SNAPSHOT/hadoop-ozone-common-0.5.0-SNAPSHOT.jar:/home/user/.m2/repository/org/apache/commons/commons-compress/1.4.1/commons-compress-1.4.1.jar:/home/user/.m2/repository/org/tukaani/xz/1.0/xz-1.0.jar:/home/user/.m2/repository/org/apache/hadoop/hadoop-common/3.2.0/hadoop-common-3.2.0.jar:/home/user/.m2/repository/org/apache/hadoop/hadoop-hdfs/3.2.0/hadoop-hdfs-3.2.0.jar:/home/user/.m2/repository/org/apache/hadoop/hadoop-hdfs-client/3.2.0/hadoop-hdfs-client-3.2.0.jar:/home/user/.m2/repository/com/fasterxml/jackson/core/jackson-annotations/2.9.9/jackson-annotations-2.9.9.jar:/home/user/.m2/repository/org/apache/hadoop/hadoop-hdds-common/0.5.0-SNAPSHOT/hadoop-hdds-common-0.5.0-SNAPSHOT.jar:/home/user/.m2/repository/javax/annotation/javax.annotation-api/1.2/javax.annotation-api-1.2.jar:/home/user/.m2/repository/org/apache/ratis/ratis-server/0.4.0/ratis-server-0.4.0.jar:/home/user/.m2/repository/org/apache/ratis/ratis-thirdparty-misc/0.2.0/ratis-thirdparty-misc-0.2.0.jar:/home/user/.m2/repository/org/apache/ratis/ratis-proto/0.4.0/ratis-proto-0.4.0.jar:/home/user/.m2/repository/org/apache/ratis/ratis-common/0.4.0/ratis-common-0.4.0.jar:/home/user/.m2/repository/org/apache/ratis/ratis-client/0.4.0/ratis-client-0.4.0.jar:/home/user/.m2/repository/org/apache/ratis/ratis-metrics/0.4.0/ratis-metrics-0.4.0.jar:/home/user/.m2/repository/com/github/joshelser/dropwizard-metrics-hadoop-metrics2-reporter/0.1.2/dropwizard-metrics-hadoop-metrics2-reporter-0.1.2.jar:/home/user/.m2/repository/io/dropwizard/metrics/metrics-jvm/3.2.5/metrics-jvm-3.2.5.jar:/home/user/.m2/repository/io/dropwizard/metrics/metrics-ganglia/3.2.5/metrics-ganglia-3.2.5.jar:/home/user/.m2/repository/info/ganglia/gmetric4j/gmetric4j/1.0.7/gmetric4j-1.0.7.jar:/home/user/.m2/repository/org/apache/ratis/ratis-netty/0.4.0/ratis-netty-0.4.0.jar:/home/user/.m2/repository/org/apache/ratis/ratis-grpc/0.4.0/ratis-grpc-0.4.0.jar:/home/user/.m2/repository/org/rocksdb/rocksdbjni/6.0.1/rocksdbjni-6.0.1.jar:/home/user/.m2/repository/org/apache/logging/log4j/log4j-api/2.11.0/log4j-api-2.11.0.jar:/home/user/.m2/repository/org/apache/logging/log4j/log4j-core/2.11.0/log4j-core-2.11.0.jar:/home/user/.m2/repository/com/lmax/disruptor/3.4.2/disruptor-3.4.2.jar:/home/user/.m2/repository/org/apache/commons/commons-pool2/2.6.0/commons-pool2-2.6.0.jar:/home/user/.m2/repository/org/bouncycastle/bcpkix-jdk15on/1.60/bcpkix-jdk15on-1.60.jar:/home/user/.m2/repository/commons-validator/commons-validator/1.6/commons-validator-1.6.jar:/home/user/.m2/repository/commons-digester/commons-digester/1.8.1/commons-digester-1.8.1.jar:/home/user/.m2/repository/io/jaegertracing/jaeger-client/0.34.0/jaeger-client-0.34.0.jar:/home/user/.m2/repository/io/jaegertracing/jaeger-thrift/0.34.0/jaeger-thrift-0.34.0.jar:/home/user/.m2/repository/org/apache/thrift/libthrift/0.12.0/libthrift-0.12.0.jar:/home/user/.m2/repository/com/squareup/okhttp3/okhttp/3.9.0/okhttp-3.9.0.jar:/home/user/.m2/repository/com/squareup/okio/okio/1.13.0/okio-1.13.0.jar:/home/user/.m2/repository/io/jaegertracing/jaeger-core/0.34.0/jaeger-core-0.34.0.jar:/home/user/.m2/repository/io/jaegertracing/jaeger-tracerresolver/0.34.0/jaeger-tracerresolver-0.34.0.jar:/home/user/.m2/repository/io/opentracing/contrib/opentracing-tracerresolver/0.1.5/opentracing-tracerresolver-0.1.5.jar:/home/user/.m2/repository/io/opentracing/opentracing-util/0.31.0/opentracing-util-0.31.0.jar:/home/user/.m2/repository/io/opentracing/opentracing-api/0.31.0/opentracing-api-0.31.0.jar:/home/user/.m2/repository/io/opentracing/opentracing-noop/0.31.0/opentracing-noop-0.31.0.jar:/home/user/.m2/repository/org/apache/hadoop/hadoop-hdds-server-framework/0.5.0-SNAPSHOT/hadoop-hdds-server-framework-0.5.0-SNAPSHOT.jar:/home/user/.m2/repository/org/apache/hadoop/hadoop-hdds-container-service/0.5.0-SNAPSHOT/hadoop-hdds-container-service-0.5.0-SNAPSHOT.jar:/home/user/.m2/repository/org/apache/hadoop/hadoop-hdds-client/0.5.0-SNAPSHOT/hadoop-hdds-client-0.5.0-SNAPSHOT.jar:/home/user/.m2/repository/org/apache/hadoop/hadoop-hdds-tools/0.5.0-SNAPSHOT/hadoop-hdds-tools-0.5.0-SNAPSHOT.jar:/home/user/.m2/repository/org/apache/hadoop/hadoop-hdds-server-scm/0.5.0-SNAPSHOT/hadoop-hdds-server-scm-0.5.0-SNAPSHOT.jar:/home/user/.m2/repository/org/apache/hadoop/hadoop-hdds-docs/0.5.0-SNAPSHOT/hadoop-hdds-docs-0.5.0-SNAPSHOT.jar:/home/user/.m2/repository/io/dropwizard/metrics/metrics-core/3.2.4/metrics-core-3.2.4.jar:/home/user/.m2/repository/org/hamcrest/hamcrest-all/1.3/hamcrest-all-1.3.jar:/home/user/.m2/repository/org/bouncycastle/bcprov-jdk15on/1.60/bcprov-jdk15on-1.60.jar:/home/user/.m2/repository/info/picocli/picocli/3.9.6/picocli-3.9.6.jar:/home/user/.m2/repository/com/google/protobuf/protobuf-java/2.5.0/protobuf-java-2.5.0.jar:/home/user/.m2/repository/com/google/guava/guava/11.0.2/guava-11.0.2.jar:/home/user/.m2/repository/org/apache/hadoop/hadoop-ozone-ozone-manager/0.5.0-SNAPSHOT/hadoop-ozone-ozone-manager-0.5.0-SNAPSHOT.jar:/home/user/.m2/repository/org/apache/hadoop/hadoop-minikdc/3.2.0/hadoop-minikdc-3.2.0.jar:/home/user/.m2/repository/commons-io/commons-io/2.5/commons-io-2.5.jar:/home/user/.m2/repository/org/apache/kerby/kerb-simplekdc/1.0.1/kerb-simplekdc-1.0.1.jar:/home/user/.m2/repository/org/apache/kerby/kerb-client/1.0.1/kerb-client-1.0.1.jar:/home/user/.m2/repository/org/apache/kerby/kerby-config/1.0.1/kerby-config-1.0.1.jar:/home/user/.m2/repository/org/apache/kerby/kerb-core/1.0.1/kerb-core-1.0.1.jar:/home/user/.m2/repository/org/apache/kerby/kerby-pkix/1.0.1/kerby-pkix-1.0.1.jar:/home/user/.m2/repository/org/apache/kerby/kerby-asn1/1.0.1/kerby-asn1-1.0.1.jar:/home/user/.m2/repository/org/apache/kerby/kerby-util/1.0.1/kerby-util-1.0.1.jar:/home/user/.m2/repository/org/apache/kerby/kerb-common/1.0.1/kerb-common-1.0.1.jar:/home/user/.m2/repository/org/apache/kerby/kerb-crypto/1.0.1/kerb-crypto-1.0.1.jar:/home/user/.m2/repository/org/apache/kerby/kerb-util/1.0.1/kerb-util-1.0.1.jar:/home/user/.m2/repository/org/apache/kerby/token-provider/1.0.1/token-provider-1.0.1.jar:/home/user/.m2/repository/org/apache/kerby/kerb-admin/1.0.1/kerb-admin-1.0.1.jar:/home/user/.m2/repository/org/apache/kerby/kerb-server/1.0.1/kerb-server-1.0.1.jar:/home/user/.m2/repository/org/apache/kerby/kerb-identity/1.0.1/kerb-identity-1.0.1.jar:/home/user/.m2/repository/org/apache/kerby/kerby-xdr/1.0.1/kerby-xdr-1.0.1.jar:/home/user/.m2/repository/org/slf4j/slf4j-log4j12/1.7.25/slf4j-log4j12-1.7.25.jar:/home/user/.m2/repository/org/apache/hadoop/hadoop-ozone-s3gateway/0.5.0-SNAPSHOT/hadoop-ozone-s3gateway-0.5.0-SNAPSHOT.jar:/home/user/.m2/repository/org/jboss/weld/servlet/weld-servlet/2.4.7.Final/weld-servlet-2.4.7.Final.jar:/home/user/.m2/repository/org/glassfish/jersey/containers/jersey-container-servlet-core/2.27/jersey-container-servlet-core-2.27.jar:/home/user/.m2/repository/org/glassfish/hk2/external/javax.inject/2.5.0-b42/javax.inject-2.5.0-b42.jar:/home/user/.m2/repository/org/glassfish/jersey/core/jersey-common/2.27/jersey-common-2.27.jar:/home/user/.m2/repository/org/glassfish/hk2/osgi-resource-locator/1.0.1/osgi-resource-locator-1.0.1.jar:/home/user/.m2/repository/javax/ws/rs/javax.ws.rs-api/2.1/javax.ws.rs-api-2.1.jar:/home/user/.m2/repository/org/glassfish/jersey/ext/cdi/jersey-cdi1x/2.27/jersey-cdi1x-2.27.jar:/home/user/.m2/repository/org/glassfish/jersey/inject/jersey-hk2/2.27/jersey-hk2-2.27.jar:/home/user/.m2/repository/org/glassfish/hk2/hk2-locator/2.5.0-b42/hk2-locator-2.5.0-b42.jar:/home/user/.m2/repository/org/javassist/javassist/3.22.0-CR2/javassist-3.22.0-CR2.jar:/home/user/.m2/repository/org/glassfish/hk2/hk2-api/2.5.0/hk2-api-2.5.0.jar:/home/user/.m2/repository/org/glassfish/hk2/external/jakarta.inject/2.5.0/jakarta.inject-2.5.0.jar:/home/user/.m2/repository/org/glassfish/hk2/hk2-utils/2.5.0/hk2-utils-2.5.0.jar:/home/user/.m2/repository/jakarta/annotation/jakarta.annotation-api/1.3.4/jakarta.annotation-api-1.3.4.jar:/home/user/.m2/repository/org/glassfish/hk2/external/aopalliance-repackaged/2.5.0/aopalliance-repackaged-2.5.0.jar:/home/user/.m2/repository/com/fasterxml/jackson/dataformat/jackson-dataformat-xml/2.9.0/jackson-dataformat-xml-2.9.0.jar:/home/user/.m2/repository/com/fasterxml/jackson/core/jackson-core/2.9.9/jackson-core-2.9.9.jar:/home/user/.m2/repository/com/fasterxml/jackson/module/jackson-module-jaxb-annotations/2.9.9/jackson-module-jaxb-annotations-2.9.9.jar:/home/user/.m2/repository/javax/enterprise/cdi-api/1.2/cdi-api-1.2.jar:/home/user/.m2/repository/javax/el/javax.el-api/3.0.0/javax.el-api-3.0.0.jar:/home/user/.m2/repository/javax/interceptor/javax.interceptor-api/1.2/javax.interceptor-api-1.2.jar:/home/user/.m2/repository/javax/inject/javax.inject/1/javax.inject-1.jar:/home/user/.m2/repository/com/sun/xml/bind/jaxb-impl/2.3.0.1/jaxb-impl-2.3.0.1.jar:/home/user/.m2/repository/com/sun/xml/bind/jaxb-core/2.3.0.1/jaxb-core-2.3.0.1.jar:/home/user/.m2/repository/javax/xml/bind/jaxb-api/2.3.0/jaxb-api-2.3.0.jar:/home/user/.m2/repository/javax/activation/activation/1.1.1/activation-1.1.1.jar:/home/user/.m2/repository/org/apache/hadoop/hadoop-ozone-csi/0.5.0-SNAPSHOT/hadoop-ozone-csi-0.5.0-SNAPSHOT.jar:/home/user/.m2/repository/com/google/protobuf/protobuf-java-util/3.5.1/protobuf-java-util-3.5.1.jar:/home/user/.m2/repository/org/apache/hadoop/hadoop-hdds-config/0.5.0-SNAPSHOT/hadoop-hdds-config-0.5.0-SNAPSHOT.jar:/home/user/.m2/repository/io/grpc/grpc-netty/1.17.1/grpc-netty-1.17.1.jar:/home/user/.m2/repository/io/grpc/grpc-core/1.17.1/grpc-core-1.17.1.jar:/home/user/.m2/repository/io/grpc/grpc-context/1.17.1/grpc-context-1.17.1.jar:/home/user/.m2/repository/com/google/errorprone/error_prone_annotations/2.2.0/error_prone_annotations-2.2.0.jar:/home/user/.m2/repository/org/codehaus/mojo/animal-sniffer-annotations/1.17/animal-sniffer-annotations-1.17.jar:/home/user/.m2/repository/io/opencensus/opencensus-api/0.17.0/opencensus-api-0.17.0.jar:/home/user/.m2/repository/io/opencensus/opencensus-contrib-grpc-metrics/0.17.0/opencensus-contrib-grpc-metrics-0.17.0.jar:/home/user/.m2/repository/io/netty/netty-codec-http2/4.1.30.Final/netty-codec-http2-4.1.30.Final.jar:/home/user/.m2/repository/io/netty/netty-codec-http/4.1.30.Final/netty-codec-http-4.1.30.Final.jar:/home/user/.m2/repository/io/netty/netty-codec/4.1.30.Final/netty-codec-4.1.30.Final.jar:/home/user/.m2/repository/io/netty/netty-handler/4.1.30.Final/netty-handler-4.1.30.Final.jar:/home/user/.m2/repository/io/netty/netty-handler-proxy/4.1.30.Final/netty-handler-proxy-4.1.30.Final.jar:/home/user/.m2/repository/io/netty/netty-codec-socks/4.1.30.Final/netty-codec-socks-4.1.30.Final.jar:/home/user/.m2/repository/io/netty/netty-transport-native-epoll/4.1.30.Final/netty-transport-native-epoll-4.1.30.Final.jar:/home/user/.m2/repository/io/netty/netty-common/4.1.30.Final/netty-common-4.1.30.Final.jar:/home/user/.m2/repository/io/netty/netty-buffer/4.1.30.Final/netty-buffer-4.1.30.Final.jar:/home/user/.m2/repository/io/netty/netty-transport/4.1.30.Final/netty-transport-4.1.30.Final.jar:/home/user/.m2/repository/io/netty/netty-resolver/4.1.30.Final/netty-resolver-4.1.30.Final.jar:/home/user/.m2/repository/io/netty/netty-transport-native-unix-common/4.1.30.Final/netty-transport-native-unix-common-4.1.30.Final.jar:/home/user/.m2/repository/io/grpc/grpc-protobuf/1.17.1/grpc-protobuf-1.17.1.jar:/home/user/.m2/repository/com/google/api/grpc/proto-google-common-protos/1.0.0/proto-google-common-protos-1.0.0.jar:/home/user/.m2/repository/io/grpc/grpc-protobuf-lite/1.17.1/grpc-protobuf-lite-1.17.1.jar:/home/user/.m2/repository/io/grpc/grpc-stub/1.17.1/grpc-stub-1.17.1.jar:/home/user/.m2/repository/org/apache/hadoop/hadoop-ozone-recon/0.5.0-SNAPSHOT/hadoop-ozone-recon-0.5.0-SNAPSHOT.jar:/home/user/.m2/repository/org/apache/hadoop/hadoop-ozone-reconcodegen/0.5.0-SNAPSHOT/hadoop-ozone-reconcodegen-0.5.0-SNAPSHOT.jar:/home/user/.m2/repository/com/google/inject/extensions/guice-multibindings/4.0/guice-multibindings-4.0.jar:/home/user/.m2/repository/com/google/inject/guice/4.0/guice-4.0.jar:/home/user/.m2/repository/aopalliance/aopalliance/1.0/aopalliance-1.0.jar:/home/user/.m2/repository/com/google/inject/extensions/guice-servlet/4.0/guice-servlet-4.0.jar:/home/user/.m2/repository/org/glassfish/jersey/containers/jersey-container-servlet/2.27/jersey-container-servlet-2.27.jar:/home/user/.m2/repository/org/glassfish/hk2/guice-bridge/2.5.0/guice-bridge-2.5.0.jar:/home/user/.m2/repository/org/glassfish/jersey/core/jersey-server/2.27/jersey-server-2.27.jar:/home/user/.m2/repository/org/glassfish/jersey/core/jersey-client/2.27/jersey-client-2.27.jar:/home/user/.m2/repository/org/glassfish/jersey/media/jersey-media-jaxb/2.27/jersey-media-jaxb-2.27.jar:/home/user/.m2/repository/javax/validation/validation-api/1.1.0.Final/validation-api-1.1.0.Final.jar:/home/user/.m2/repository/org/glassfish/jersey/media/jersey-media-json-jackson/2.27/jersey-media-json-jackson-2.27.jar:/home/user/.m2/repository/org/glassfish/jersey/ext/jersey-entity-filtering/2.27/jersey-entity-filtering-2.27.jar:/home/user/.m2/repository/com/google/inject/extensions/guice-assistedinject/4.0/guice-assistedinject-4.0.jar:/home/user/.m2/repository/org/jooq/jooq/3.11.10/jooq-3.11.10.jar:/home/user/.m2/repository/org/jooq/jooq-meta/3.11.10/jooq-meta-3.11.10.jar:/home/user/.m2/repository/org/jooq/jooq-codegen/3.11.10/jooq-codegen-3.11.10.jar:/home/user/.m2/repository/com/jolbox/bonecp/0.8.0.RELEASE/bonecp-0.8.0.RELEASE.jar:/home/user/.m2/repository/org/xerial/sqlite-jdbc/3.25.2/sqlite-jdbc-3.25.2.jar:/home/user/.m2/repository/org/springframework/spring-jdbc/5.1.3.RELEASE/spring-jdbc-5.1.3.RELEASE.jar:/home/user/.m2/repository/org/springframework/spring-beans/5.1.3.RELEASE/spring-beans-5.1.3.RELEASE.jar:/home/user/.m2/repository/org/springframework/spring-core/5.1.3.RELEASE/spring-core-5.1.3.RELEASE.jar:/home/user/.m2/repository/org/springframework/spring-jcl/5.1.3.RELEASE/spring-jcl-5.1.3.RELEASE.jar:/home/user/.m2/repository/org/springframework/spring-tx/5.1.3.RELEASE/spring-tx-5.1.3.RELEASE.jar:/home/user/.m2/repository/org/apache/hadoop/hadoop-ozone-client/0.5.0-SNAPSHOT/hadoop-ozone-client-0.5.0-SNAPSHOT.jar:/home/user/.m2/repository/commons-lang/commons-lang/2.6/commons-lang-2.6.jar:/home/user/.m2/repository/org/apache/hadoop/hadoop-ozone-ozone-manager/0.5.0-SNAPSHOT/hadoop-ozone-ozone-manager-0.5.0-SNAPSHOT-tests.jar:/home/user/.m2/repository/junit/junit/4.11/junit-4.11.jar:/home/user/.m2/repository/org/hamcrest/hamcrest-core/1.3/hamcrest-core-1.3.jar:/home/user/.m2/repository/org/openjdk/jmh/jmh-core/1.19/jmh-core-1.19.jar:/home/user/.m2/repository/net/sf/jopt-simple/jopt-simple/4.6/jopt-simple-4.6.jar:/home/user/.m2/repository/org/apache/commons/commons-math3/3.1.1/commons-math3-3.1.1.jar:/home/user/.m2/repository/org/openjdk/jmh/jmh-generator-annprocess/1.19/jmh-generator-annprocess-1.19.jar:/home/user/.m2/repository/org/mockito/mockito-all/1.8.5/mockito-all-1.8.5.jar:/home/user/.m2/repository/org/apache/hadoop/hadoop-kms/3.2.0/hadoop-kms-3.2.0.jar:/home/user/.m2/repository/org/apache/hadoop/hadoop-auth/3.2.0/hadoop-auth-3.2.0.jar:/home/user/.m2/repository/com/nimbusds/nimbus-jose-jwt/4.41.1/nimbus-jose-jwt-4.41.1.jar:/home/user/.m2/repository/com/github/stephenc/jcip/jcip-annotations/1.0-1/jcip-annotations-1.0-1.jar:/home/user/.m2/repository/net/minidev/json-smart/2.3/json-smart-2.3.jar:/home/user/.m2/repository/net/minidev/accessors-smart/1.2/accessors-smart-1.2.jar:/home/user/.m2/repository/org/ow2/asm/asm/5.0.4/asm-5.0.4.jar:/home/user/.m2/repository/org/apache/curator/curator-framework/2.12.0/curator-framework-2.12.0.jar:/home/user/.m2/repository/com/sun/jersey/jersey-core/1.19/jersey-core-1.19.jar:/home/user/.m2/repository/javax/ws/rs/jsr311-api/1.1.1/jsr311-api-1.1.1.jar:/home/user/.m2/repository/com/sun/jersey/jersey-server/1.19/jersey-server-1.19.jar:/home/user/.m2/repository/javax/servlet/javax.servlet-api/3.1.0/javax.servlet-api-3.1.0.jar:/home/user/.m2/repository/org/eclipse/jetty/jetty-server/9.3.25.v20180904/jetty-server-9.3.25.v20180904.jar:/home/user/.m2/repository/org/eclipse/jetty/jetty-http/9.3.25.v20180904/jetty-http-9.3.25.v20180904.jar:/home/user/.m2/repository/org/eclipse/jetty/jetty-io/9.3.25.v20180904/jetty-io-9.3.25.v20180904.jar:/home/user/.m2/repository/org/eclipse/jetty/jetty-webapp/9.3.25.v20180904/jetty-webapp-9.3.25.v20180904.jar:/home/user/.m2/repository/org/eclipse/jetty/jetty-xml/9.3.25.v20180904/jetty-xml-9.3.25.v20180904.jar:/home/user/.m2/repository/log4j/log4j/1.2.17/log4j-1.2.17.jar:/home/user/.m2/repository/org/slf4j/slf4j-api/1.7.25/slf4j-api-1.7.25.jar:/home/user/.m2/repository/org/slf4j/jul-to-slf4j/1.7.25/jul-to-slf4j-1.7.25.jar:/home/user/.m2/repository/org/eclipse/jetty/jetty-util/9.3.25.v20180904/jetty-util-9.3.25.v20180904.jar:/home/user/.m2/repository/com/fasterxml/jackson/core/jackson-databind/2.9.9/jackson-databind-2.9.9.jar:/home/user/.m2/repository/org/apache/hadoop/hadoop-kms/3.2.0/hadoop-kms-3.2.0-tests.jar:/home/user/.m2/repository/org/apache/hadoop/hadoop-hdds-server-scm/0.5.0-SNAPSHOT/hadoop-hdds-server-scm-0.5.0-SNAPSHOT-tests.jar:/home/user/.m2/repository/org/apache/hadoop/hadoop-hdds-container-service/0.5.0-SNAPSHOT/hadoop-hdds-container-service-0.5.0-SNAPSHOT-tests.jar:/home/user/.m2/repository/org/yaml/snakeyaml/1.16/snakeyaml-1.16.jar:/home/user/.m2/repository/org/apache/hadoop/hadoop-common/3.2.0/hadoop-common-3.2.0-tests.jar:/home/user/.m2/repository/org/apache/hadoop/hadoop-annotations/3.2.0/hadoop-annotations-3.2.0.jar:/usr/lib/jvm/java-1.8-openjdk/jre/../lib/tools.jar:/home/user/.m2/repository/commons-cli/commons-cli/1.2/commons-cli-1.2.jar:/home/user/.m2/repository/org/apache/httpcomponents/httpclient/4.5.2/httpclient-4.5.2.jar:/home/user/.m2/repository/org/apache/httpcomponents/httpcore/4.4.4/httpcore-4.4.4.jar:/home/user/.m2/repository/commons-codec/commons-codec/1.11/commons-codec-1.11.jar:/home/user/.m2/repository/commons-net/commons-net/3.6/commons-net-3.6.jar:/home/user/.m2/repository/commons-collections/commons-collections/3.2.2/commons-collections-3.2.2.jar:/home/user/.m2/repository/org/eclipse/jetty/jetty-servlet/9.3.25.v20180904/jetty-servlet-9.3.25.v20180904.jar:/home/user/.m2/repository/org/eclipse/jetty/jetty-security/9.3.25.v20180904/jetty-security-9.3.25.v20180904.jar:/home/user/.m2/repository/javax/servlet/jsp/jsp-api/2.1/jsp-api-2.1.jar:/home/user/.m2/repository/com/sun/jersey/jersey-servlet/1.19/jersey-servlet-1.19.jar:/home/user/.m2/repository/com/sun/jersey/jersey-json/1.19/jersey-json-1.19.jar:/home/user/.m2/repository/org/codehaus/jettison/jettison/1.1/jettison-1.1.jar:/home/user/.m2/repository/org/codehaus/jackson/jackson-core-asl/1.9.13/jackson-core-asl-1.9.13.jar:/home/user/.m2/repository/org/codehaus/jackson/jackson-mapper-asl/1.9.13/jackson-mapper-asl-1.9.13.jar:/home/user/.m2/repository/org/codehaus/jackson/jackson-jaxrs/1.9.13/jackson-jaxrs-1.9.13.jar:/home/user/.m2/repository/org/codehaus/jackson/jackson-xc/1.9.13/jackson-xc-1.9.13.jar:/home/user/.m2/repository/commons-logging/commons-logging/1.1.3/commons-logging-1.1.3.jar:/home/user/.m2/repository/commons-beanutils/commons-beanutils/1.9.4/commons-beanutils-1.9.4.jar:/home/user/.m2/repository/org/apache/commons/commons-configuration2/2.1.1/commons-configuration2-2.1.1.jar:/home/user/.m2/repository/org/apache/commons/commons-lang3/3.7/commons-lang3-3.7.jar:/home/user/.m2/repository/org/apache/commons/commons-text/1.4/commons-text-1.4.jar:/home/user/.m2/repository/org/apache/avro/avro/1.7.7/avro-1.7.7.jar:/home/user/.m2/repository/com/thoughtworks/paranamer/paranamer/2.3/paranamer-2.3.jar:/home/user/.m2/repository/org/xerial/snappy/snappy-java/1.0.5/snappy-java-1.0.5.jar:/home/user/.m2/repository/com/google/re2j/re2j/1.1/re2j-1.1.jar:/home/user/.m2/repository/com/google/code/gson/gson/2.2.4/gson-2.2.4.jar:/home/user/.m2/repository/com/jcraft/jsch/0.1.54/jsch-0.1.54.jar:/home/user/.m2/repository/org/apache/curator/curator-client/2.12.0/curator-client-2.12.0.jar:/home/user/.m2/repository/org/apache/curator/curator-recipes/2.12.0/curator-recipes-2.12.0.jar:/home/user/.m2/repository/com/google/code/findbugs/jsr305/3.0.0/jsr305-3.0.0.jar:/home/user/.m2/repository/org/apache/htrace/htrace-core4/4.1.0-incubating/htrace-core4-4.1.0-incubating.jar:/home/user/.m2/repository/org/apache/zookeeper/zookeeper/3.4.13/zookeeper-3.4.13.jar:/home/user/.m2/repository/jline/jline/0.9.94/jline-0.9.94.jar:/home/user/.m2/repository/org/apache/yetus/audience-annotations/0.5.0/audience-annotations-0.5.0.jar:/home/user/.m2/repository/org/codehaus/woodstox/stax2-api/3.1.4/stax2-api-3.1.4.jar:/home/user/.m2/repository/com/fasterxml/woodstox/woodstox-core/5.0.3/woodstox-core-5.0.3.jar:/home/user/.m2/repository/dnsjava/dnsjava/2.1.7/dnsjava-2.1.7.jar:/home/user/.m2/repository/org/apache/hadoop/hadoop-hdfs/3.2.0/hadoop-hdfs-3.2.0-tests.jar:/home/user/.m2/repository/org/eclipse/jetty/jetty-util-ajax/9.3.25.v20180904/jetty-util-ajax-9.3.25.v20180904.jar:/home/user/.m2/repository/commons-daemon/commons-daemon/1.0.13/commons-daemon-1.0.13.jar:/home/user/.m2/repository/io/netty/netty/3.10.5.Final/netty-3.10.5.Final.jar:/home/user/.m2/repository/io/netty/netty-all/4.0.52.Final/netty-all-4.0.52.Final.jar:/home/user/.m2/repository/org/fusesource/leveldbjni/leveldbjni-all/1.8/leveldbjni-all-1.8.jar:"/>
    <property name="java.vm.vendor" value="IcedTea"/>
    <property name="sun.arch.data.model" value="64"/>
    <property name="test.build.dir" value="/workdir/hadoop-ozone/integration-test/target/test-dir"/>
    <property name="test.cache.data" value=""/>
    <property name="java.vendor.url" value="https://icedtea.classpath.org"/>
    <property name="user.timezone" value=""/>
    <property name="java.vm.specification.version" value="1.8"/>
    <property name="os.name" value="Linux"/>
    <property name="test.build.data" value="/workdir/hadoop-ozone/integration-test/target/test-dir"/>
    <property name="user.country" value="US"/>
    <property name="sun.java.launcher" value="SUN_STANDARD"/>
    <property name="sun.boot.library.path" value="/usr/lib/jvm/java-1.8-openjdk/jre/lib/amd64"/>
    <property name="sun.java.command" value="/workdir/hadoop-ozone/integration-test/target/surefire/surefirebooter5732295073397783511.jar /workdir/hadoop-ozone/integration-test/target/surefire 2019-09-29T05-10-15_646-jvmRun1 surefire7386005974312242516tmp surefire_632071656986912921018tmp"/>
    <property name="test" value="!TestMiniChaosOzoneCluster"/>
    <property name="surefire.test.class.path" value="/workdir/hadoop-ozone/integration-test/target/test-classes:/workdir/hadoop-ozone/integration-test/target/classes:/home/user/.m2/repository/org/apache/hadoop/hadoop-ozone-common/0.5.0-SNAPSHOT/hadoop-ozone-common-0.5.0-SNAPSHOT.jar:/home/user/.m2/repository/org/apache/commons/commons-compress/1.4.1/commons-compress-1.4.1.jar:/home/user/.m2/repository/org/tukaani/xz/1.0/xz-1.0.jar:/home/user/.m2/repository/org/apache/hadoop/hadoop-common/3.2.0/hadoop-common-3.2.0.jar:/home/user/.m2/repository/org/apache/hadoop/hadoop-hdfs/3.2.0/hadoop-hdfs-3.2.0.jar:/home/user/.m2/repository/org/apache/hadoop/hadoop-hdfs-client/3.2.0/hadoop-hdfs-client-3.2.0.jar:/home/user/.m2/repository/com/fasterxml/jackson/core/jackson-annotations/2.9.9/jackson-annotations-2.9.9.jar:/home/user/.m2/repository/org/apache/hadoop/hadoop-hdds-common/0.5.0-SNAPSHOT/hadoop-hdds-common-0.5.0-SNAPSHOT.jar:/home/user/.m2/repository/javax/annotation/javax.annotation-api/1.2/javax.annotation-api-1.2.jar:/home/user/.m2/repository/org/apache/ratis/ratis-server/0.4.0/ratis-server-0.4.0.jar:/home/user/.m2/repository/org/apache/ratis/ratis-thirdparty-misc/0.2.0/ratis-thirdparty-misc-0.2.0.jar:/home/user/.m2/repository/org/apache/ratis/ratis-proto/0.4.0/ratis-proto-0.4.0.jar:/home/user/.m2/repository/org/apache/ratis/ratis-common/0.4.0/ratis-common-0.4.0.jar:/home/user/.m2/repository/org/apache/ratis/ratis-client/0.4.0/ratis-client-0.4.0.jar:/home/user/.m2/repository/org/apache/ratis/ratis-metrics/0.4.0/ratis-metrics-0.4.0.jar:/home/user/.m2/repository/com/github/joshelser/dropwizard-metrics-hadoop-metrics2-reporter/0.1.2/dropwizard-metrics-hadoop-metrics2-reporter-0.1.2.jar:/home/user/.m2/repository/io/dropwizard/metrics/metrics-jvm/3.2.5/metrics-jvm-3.2.5.jar:/home/user/.m2/repository/io/dropwizard/metrics/metrics-ganglia/3.2.5/metrics-ganglia-3.2.5.jar:/home/user/.m2/repository/info/ganglia/gmetric4j/gmetric4j/1.0.7/gmetric4j-1.0.7.jar:/home/user/.m2/repository/org/apache/ratis/ratis-netty/0.4.0/ratis-netty-0.4.0.jar:/home/user/.m2/repository/org/apache/ratis/ratis-grpc/0.4.0/ratis-grpc-0.4.0.jar:/home/user/.m2/repository/org/rocksdb/rocksdbjni/6.0.1/rocksdbjni-6.0.1.jar:/home/user/.m2/repository/org/apache/logging/log4j/log4j-api/2.11.0/log4j-api-2.11.0.jar:/home/user/.m2/repository/org/apache/logging/log4j/log4j-core/2.11.0/log4j-core-2.11.0.jar:/home/user/.m2/repository/com/lmax/disruptor/3.4.2/disruptor-3.4.2.jar:/home/user/.m2/repository/org/apache/commons/commons-pool2/2.6.0/commons-pool2-2.6.0.jar:/home/user/.m2/repository/org/bouncycastle/bcpkix-jdk15on/1.60/bcpkix-jdk15on-1.60.jar:/home/user/.m2/repository/commons-validator/commons-validator/1.6/commons-validator-1.6.jar:/home/user/.m2/repository/commons-digester/commons-digester/1.8.1/commons-digester-1.8.1.jar:/home/user/.m2/repository/io/jaegertracing/jaeger-client/0.34.0/jaeger-client-0.34.0.jar:/home/user/.m2/repository/io/jaegertracing/jaeger-thrift/0.34.0/jaeger-thrift-0.34.0.jar:/home/user/.m2/repository/org/apache/thrift/libthrift/0.12.0/libthrift-0.12.0.jar:/home/user/.m2/repository/com/squareup/okhttp3/okhttp/3.9.0/okhttp-3.9.0.jar:/home/user/.m2/repository/com/squareup/okio/okio/1.13.0/okio-1.13.0.jar:/home/user/.m2/repository/io/jaegertracing/jaeger-core/0.34.0/jaeger-core-0.34.0.jar:/home/user/.m2/repository/io/jaegertracing/jaeger-tracerresolver/0.34.0/jaeger-tracerresolver-0.34.0.jar:/home/user/.m2/repository/io/opentracing/contrib/opentracing-tracerresolver/0.1.5/opentracing-tracerresolver-0.1.5.jar:/home/user/.m2/repository/io/opentracing/opentracing-util/0.31.0/opentracing-util-0.31.0.jar:/home/user/.m2/repository/io/opentracing/opentracing-api/0.31.0/opentracing-api-0.31.0.jar:/home/user/.m2/repository/io/opentracing/opentracing-noop/0.31.0/opentracing-noop-0.31.0.jar:/home/user/.m2/repository/org/apache/hadoop/hadoop-hdds-server-framework/0.5.0-SNAPSHOT/hadoop-hdds-server-framework-0.5.0-SNAPSHOT.jar:/home/user/.m2/repository/org/apache/hadoop/hadoop-hdds-container-service/0.5.0-SNAPSHOT/hadoop-hdds-container-service-0.5.0-SNAPSHOT.jar:/home/user/.m2/repository/org/apache/hadoop/hadoop-hdds-client/0.5.0-SNAPSHOT/hadoop-hdds-client-0.5.0-SNAPSHOT.jar:/home/user/.m2/repository/org/apache/hadoop/hadoop-hdds-tools/0.5.0-SNAPSHOT/hadoop-hdds-tools-0.5.0-SNAPSHOT.jar:/home/user/.m2/repository/org/apache/hadoop/hadoop-hdds-server-scm/0.5.0-SNAPSHOT/hadoop-hdds-server-scm-0.5.0-SNAPSHOT.jar:/home/user/.m2/repository/org/apache/hadoop/hadoop-hdds-docs/0.5.0-SNAPSHOT/hadoop-hdds-docs-0.5.0-SNAPSHOT.jar:/home/user/.m2/repository/io/dropwizard/metrics/metrics-core/3.2.4/metrics-core-3.2.4.jar:/home/user/.m2/repository/org/hamcrest/hamcrest-all/1.3/hamcrest-all-1.3.jar:/home/user/.m2/repository/org/bouncycastle/bcprov-jdk15on/1.60/bcprov-jdk15on-1.60.jar:/home/user/.m2/repository/info/picocli/picocli/3.9.6/picocli-3.9.6.jar:/home/user/.m2/repository/com/google/protobuf/protobuf-java/2.5.0/protobuf-java-2.5.0.jar:/home/user/.m2/repository/com/google/guava/guava/11.0.2/guava-11.0.2.jar:/home/user/.m2/repository/org/apache/hadoop/hadoop-ozone-ozone-manager/0.5.0-SNAPSHOT/hadoop-ozone-ozone-manager-0.5.0-SNAPSHOT.jar:/home/user/.m2/repository/org/apache/hadoop/hadoop-minikdc/3.2.0/hadoop-minikdc-3.2.0.jar:/home/user/.m2/repository/commons-io/commons-io/2.5/commons-io-2.5.jar:/home/user/.m2/repository/org/apache/kerby/kerb-simplekdc/1.0.1/kerb-simplekdc-1.0.1.jar:/home/user/.m2/repository/org/apache/kerby/kerb-client/1.0.1/kerb-client-1.0.1.jar:/home/user/.m2/repository/org/apache/kerby/kerby-config/1.0.1/kerby-config-1.0.1.jar:/home/user/.m2/repository/org/apache/kerby/kerb-core/1.0.1/kerb-core-1.0.1.jar:/home/user/.m2/repository/org/apache/kerby/kerby-pkix/1.0.1/kerby-pkix-1.0.1.jar:/home/user/.m2/repository/org/apache/kerby/kerby-asn1/1.0.1/kerby-asn1-1.0.1.jar:/home/user/.m2/repository/org/apache/kerby/kerby-util/1.0.1/kerby-util-1.0.1.jar:/home/user/.m2/repository/org/apache/kerby/kerb-common/1.0.1/kerb-common-1.0.1.jar:/home/user/.m2/repository/org/apache/kerby/kerb-crypto/1.0.1/kerb-crypto-1.0.1.jar:/home/user/.m2/repository/org/apache/kerby/kerb-util/1.0.1/kerb-util-1.0.1.jar:/home/user/.m2/repository/org/apache/kerby/token-provider/1.0.1/token-provider-1.0.1.jar:/home/user/.m2/repository/org/apache/kerby/kerb-admin/1.0.1/kerb-admin-1.0.1.jar:/home/user/.m2/repository/org/apache/kerby/kerb-server/1.0.1/kerb-server-1.0.1.jar:/home/user/.m2/repository/org/apache/kerby/kerb-identity/1.0.1/kerb-identity-1.0.1.jar:/home/user/.m2/repository/org/apache/kerby/kerby-xdr/1.0.1/kerby-xdr-1.0.1.jar:/home/user/.m2/repository/org/slf4j/slf4j-log4j12/1.7.25/slf4j-log4j12-1.7.25.jar:/home/user/.m2/repository/org/apache/hadoop/hadoop-ozone-s3gateway/0.5.0-SNAPSHOT/hadoop-ozone-s3gateway-0.5.0-SNAPSHOT.jar:/home/user/.m2/repository/org/jboss/weld/servlet/weld-servlet/2.4.7.Final/weld-servlet-2.4.7.Final.jar:/home/user/.m2/repository/org/glassfish/jersey/containers/jersey-container-servlet-core/2.27/jersey-container-servlet-core-2.27.jar:/home/user/.m2/repository/org/glassfish/hk2/external/javax.inject/2.5.0-b42/javax.inject-2.5.0-b42.jar:/home/user/.m2/repository/org/glassfish/jersey/core/jersey-common/2.27/jersey-common-2.27.jar:/home/user/.m2/repository/org/glassfish/hk2/osgi-resource-locator/1.0.1/osgi-resource-locator-1.0.1.jar:/home/user/.m2/repository/javax/ws/rs/javax.ws.rs-api/2.1/javax.ws.rs-api-2.1.jar:/home/user/.m2/repository/org/glassfish/jersey/ext/cdi/jersey-cdi1x/2.27/jersey-cdi1x-2.27.jar:/home/user/.m2/repository/org/glassfish/jersey/inject/jersey-hk2/2.27/jersey-hk2-2.27.jar:/home/user/.m2/repository/org/glassfish/hk2/hk2-locator/2.5.0-b42/hk2-locator-2.5.0-b42.jar:/home/user/.m2/repository/org/javassist/javassist/3.22.0-CR2/javassist-3.22.0-CR2.jar:/home/user/.m2/repository/org/glassfish/hk2/hk2-api/2.5.0/hk2-api-2.5.0.jar:/home/user/.m2/repository/org/glassfish/hk2/external/jakarta.inject/2.5.0/jakarta.inject-2.5.0.jar:/home/user/.m2/repository/org/glassfish/hk2/hk2-utils/2.5.0/hk2-utils-2.5.0.jar:/home/user/.m2/repository/jakarta/annotation/jakarta.annotation-api/1.3.4/jakarta.annotation-api-1.3.4.jar:/home/user/.m2/repository/org/glassfish/hk2/external/aopalliance-repackaged/2.5.0/aopalliance-repackaged-2.5.0.jar:/home/user/.m2/repository/com/fasterxml/jackson/dataformat/jackson-dataformat-xml/2.9.0/jackson-dataformat-xml-2.9.0.jar:/home/user/.m2/repository/com/fasterxml/jackson/core/jackson-core/2.9.9/jackson-core-2.9.9.jar:/home/user/.m2/repository/com/fasterxml/jackson/module/jackson-module-jaxb-annotations/2.9.9/jackson-module-jaxb-annotations-2.9.9.jar:/home/user/.m2/repository/javax/enterprise/cdi-api/1.2/cdi-api-1.2.jar:/home/user/.m2/repository/javax/el/javax.el-api/3.0.0/javax.el-api-3.0.0.jar:/home/user/.m2/repository/javax/interceptor/javax.interceptor-api/1.2/javax.interceptor-api-1.2.jar:/home/user/.m2/repository/javax/inject/javax.inject/1/javax.inject-1.jar:/home/user/.m2/repository/com/sun/xml/bind/jaxb-impl/2.3.0.1/jaxb-impl-2.3.0.1.jar:/home/user/.m2/repository/com/sun/xml/bind/jaxb-core/2.3.0.1/jaxb-core-2.3.0.1.jar:/home/user/.m2/repository/javax/xml/bind/jaxb-api/2.3.0/jaxb-api-2.3.0.jar:/home/user/.m2/repository/javax/activation/activation/1.1.1/activation-1.1.1.jar:/home/user/.m2/repository/org/apache/hadoop/hadoop-ozone-csi/0.5.0-SNAPSHOT/hadoop-ozone-csi-0.5.0-SNAPSHOT.jar:/home/user/.m2/repository/com/google/protobuf/protobuf-java-util/3.5.1/protobuf-java-util-3.5.1.jar:/home/user/.m2/repository/org/apache/hadoop/hadoop-hdds-config/0.5.0-SNAPSHOT/hadoop-hdds-config-0.5.0-SNAPSHOT.jar:/home/user/.m2/repository/io/grpc/grpc-netty/1.17.1/grpc-netty-1.17.1.jar:/home/user/.m2/repository/io/grpc/grpc-core/1.17.1/grpc-core-1.17.1.jar:/home/user/.m2/repository/io/grpc/grpc-context/1.17.1/grpc-context-1.17.1.jar:/home/user/.m2/repository/com/google/errorprone/error_prone_annotations/2.2.0/error_prone_annotations-2.2.0.jar:/home/user/.m2/repository/org/codehaus/mojo/animal-sniffer-annotations/1.17/animal-sniffer-annotations-1.17.jar:/home/user/.m2/repository/io/opencensus/opencensus-api/0.17.0/opencensus-api-0.17.0.jar:/home/user/.m2/repository/io/opencensus/opencensus-contrib-grpc-metrics/0.17.0/opencensus-contrib-grpc-metrics-0.17.0.jar:/home/user/.m2/repository/io/netty/netty-codec-http2/4.1.30.Final/netty-codec-http2-4.1.30.Final.jar:/home/user/.m2/repository/io/netty/netty-codec-http/4.1.30.Final/netty-codec-http-4.1.30.Final.jar:/home/user/.m2/repository/io/netty/netty-codec/4.1.30.Final/netty-codec-4.1.30.Final.jar:/home/user/.m2/repository/io/netty/netty-handler/4.1.30.Final/netty-handler-4.1.30.Final.jar:/home/user/.m2/repository/io/netty/netty-handler-proxy/4.1.30.Final/netty-handler-proxy-4.1.30.Final.jar:/home/user/.m2/repository/io/netty/netty-codec-socks/4.1.30.Final/netty-codec-socks-4.1.30.Final.jar:/home/user/.m2/repository/io/netty/netty-transport-native-epoll/4.1.30.Final/netty-transport-native-epoll-4.1.30.Final.jar:/home/user/.m2/repository/io/netty/netty-common/4.1.30.Final/netty-common-4.1.30.Final.jar:/home/user/.m2/repository/io/netty/netty-buffer/4.1.30.Final/netty-buffer-4.1.30.Final.jar:/home/user/.m2/repository/io/netty/netty-transport/4.1.30.Final/netty-transport-4.1.30.Final.jar:/home/user/.m2/repository/io/netty/netty-resolver/4.1.30.Final/netty-resolver-4.1.30.Final.jar:/home/user/.m2/repository/io/netty/netty-transport-native-unix-common/4.1.30.Final/netty-transport-native-unix-common-4.1.30.Final.jar:/home/user/.m2/repository/io/grpc/grpc-protobuf/1.17.1/grpc-protobuf-1.17.1.jar:/home/user/.m2/repository/com/google/api/grpc/proto-google-common-protos/1.0.0/proto-google-common-protos-1.0.0.jar:/home/user/.m2/repository/io/grpc/grpc-protobuf-lite/1.17.1/grpc-protobuf-lite-1.17.1.jar:/home/user/.m2/repository/io/grpc/grpc-stub/1.17.1/grpc-stub-1.17.1.jar:/home/user/.m2/repository/org/apache/hadoop/hadoop-ozone-recon/0.5.0-SNAPSHOT/hadoop-ozone-recon-0.5.0-SNAPSHOT.jar:/home/user/.m2/repository/org/apache/hadoop/hadoop-ozone-reconcodegen/0.5.0-SNAPSHOT/hadoop-ozone-reconcodegen-0.5.0-SNAPSHOT.jar:/home/user/.m2/repository/com/google/inject/extensions/guice-multibindings/4.0/guice-multibindings-4.0.jar:/home/user/.m2/repository/com/google/inject/guice/4.0/guice-4.0.jar:/home/user/.m2/repository/aopalliance/aopalliance/1.0/aopalliance-1.0.jar:/home/user/.m2/repository/com/google/inject/extensions/guice-servlet/4.0/guice-servlet-4.0.jar:/home/user/.m2/repository/org/glassfish/jersey/containers/jersey-container-servlet/2.27/jersey-container-servlet-2.27.jar:/home/user/.m2/repository/org/glassfish/hk2/guice-bridge/2.5.0/guice-bridge-2.5.0.jar:/home/user/.m2/repository/org/glassfish/jersey/core/jersey-server/2.27/jersey-server-2.27.jar:/home/user/.m2/repository/org/glassfish/jersey/core/jersey-client/2.27/jersey-client-2.27.jar:/home/user/.m2/repository/org/glassfish/jersey/media/jersey-media-jaxb/2.27/jersey-media-jaxb-2.27.jar:/home/user/.m2/repository/javax/validation/validation-api/1.1.0.Final/validation-api-1.1.0.Final.jar:/home/user/.m2/repository/org/glassfish/jersey/media/jersey-media-json-jackson/2.27/jersey-media-json-jackson-2.27.jar:/home/user/.m2/repository/org/glassfish/jersey/ext/jersey-entity-filtering/2.27/jersey-entity-filtering-2.27.jar:/home/user/.m2/repository/com/google/inject/extensions/guice-assistedinject/4.0/guice-assistedinject-4.0.jar:/home/user/.m2/repository/org/jooq/jooq/3.11.10/jooq-3.11.10.jar:/home/user/.m2/repository/org/jooq/jooq-meta/3.11.10/jooq-meta-3.11.10.jar:/home/user/.m2/repository/org/jooq/jooq-codegen/3.11.10/jooq-codegen-3.11.10.jar:/home/user/.m2/repository/com/jolbox/bonecp/0.8.0.RELEASE/bonecp-0.8.0.RELEASE.jar:/home/user/.m2/repository/org/xerial/sqlite-jdbc/3.25.2/sqlite-jdbc-3.25.2.jar:/home/user/.m2/repository/org/springframework/spring-jdbc/5.1.3.RELEASE/spring-jdbc-5.1.3.RELEASE.jar:/home/user/.m2/repository/org/springframework/spring-beans/5.1.3.RELEASE/spring-beans-5.1.3.RELEASE.jar:/home/user/.m2/repository/org/springframework/spring-core/5.1.3.RELEASE/spring-core-5.1.3.RELEASE.jar:/home/user/.m2/repository/org/springframework/spring-jcl/5.1.3.RELEASE/spring-jcl-5.1.3.RELEASE.jar:/home/user/.m2/repository/org/springframework/spring-tx/5.1.3.RELEASE/spring-tx-5.1.3.RELEASE.jar:/home/user/.m2/repository/org/apache/hadoop/hadoop-ozone-client/0.5.0-SNAPSHOT/hadoop-ozone-client-0.5.0-SNAPSHOT.jar:/home/user/.m2/repository/commons-lang/commons-lang/2.6/commons-lang-2.6.jar:/home/user/.m2/repository/org/apache/hadoop/hadoop-ozone-ozone-manager/0.5.0-SNAPSHOT/hadoop-ozone-ozone-manager-0.5.0-SNAPSHOT-tests.jar:/home/user/.m2/repository/junit/junit/4.11/junit-4.11.jar:/home/user/.m2/repository/org/hamcrest/hamcrest-core/1.3/hamcrest-core-1.3.jar:/home/user/.m2/repository/org/openjdk/jmh/jmh-core/1.19/jmh-core-1.19.jar:/home/user/.m2/repository/net/sf/jopt-simple/jopt-simple/4.6/jopt-simple-4.6.jar:/home/user/.m2/repository/org/apache/commons/commons-math3/3.1.1/commons-math3-3.1.1.jar:/home/user/.m2/repository/org/openjdk/jmh/jmh-generator-annprocess/1.19/jmh-generator-annprocess-1.19.jar:/home/user/.m2/repository/org/mockito/mockito-all/1.8.5/mockito-all-1.8.5.jar:/home/user/.m2/repository/org/apache/hadoop/hadoop-kms/3.2.0/hadoop-kms-3.2.0.jar:/home/user/.m2/repository/org/apache/hadoop/hadoop-auth/3.2.0/hadoop-auth-3.2.0.jar:/home/user/.m2/repository/com/nimbusds/nimbus-jose-jwt/4.41.1/nimbus-jose-jwt-4.41.1.jar:/home/user/.m2/repository/com/github/stephenc/jcip/jcip-annotations/1.0-1/jcip-annotations-1.0-1.jar:/home/user/.m2/repository/net/minidev/json-smart/2.3/json-smart-2.3.jar:/home/user/.m2/repository/net/minidev/accessors-smart/1.2/accessors-smart-1.2.jar:/home/user/.m2/repository/org/ow2/asm/asm/5.0.4/asm-5.0.4.jar:/home/user/.m2/repository/org/apache/curator/curator-framework/2.12.0/curator-framework-2.12.0.jar:/home/user/.m2/repository/com/sun/jersey/jersey-core/1.19/jersey-core-1.19.jar:/home/user/.m2/repository/javax/ws/rs/jsr311-api/1.1.1/jsr311-api-1.1.1.jar:/home/user/.m2/repository/com/sun/jersey/jersey-server/1.19/jersey-server-1.19.jar:/home/user/.m2/repository/javax/servlet/javax.servlet-api/3.1.0/javax.servlet-api-3.1.0.jar:/home/user/.m2/repository/org/eclipse/jetty/jetty-server/9.3.25.v20180904/jetty-server-9.3.25.v20180904.jar:/home/user/.m2/repository/org/eclipse/jetty/jetty-http/9.3.25.v20180904/jetty-http-9.3.25.v20180904.jar:/home/user/.m2/repository/org/eclipse/jetty/jetty-io/9.3.25.v20180904/jetty-io-9.3.25.v20180904.jar:/home/user/.m2/repository/org/eclipse/jetty/jetty-webapp/9.3.25.v20180904/jetty-webapp-9.3.25.v20180904.jar:/home/user/.m2/repository/org/eclipse/jetty/jetty-xml/9.3.25.v20180904/jetty-xml-9.3.25.v20180904.jar:/home/user/.m2/repository/log4j/log4j/1.2.17/log4j-1.2.17.jar:/home/user/.m2/repository/org/slf4j/slf4j-api/1.7.25/slf4j-api-1.7.25.jar:/home/user/.m2/repository/org/slf4j/jul-to-slf4j/1.7.25/jul-to-slf4j-1.7.25.jar:/home/user/.m2/repository/org/eclipse/jetty/jetty-util/9.3.25.v20180904/jetty-util-9.3.25.v20180904.jar:/home/user/.m2/repository/com/fasterxml/jackson/core/jackson-databind/2.9.9/jackson-databind-2.9.9.jar:/home/user/.m2/repository/org/apache/hadoop/hadoop-kms/3.2.0/hadoop-kms-3.2.0-tests.jar:/home/user/.m2/repository/org/apache/hadoop/hadoop-hdds-server-scm/0.5.0-SNAPSHOT/hadoop-hdds-server-scm-0.5.0-SNAPSHOT-tests.jar:/home/user/.m2/repository/org/apache/hadoop/hadoop-hdds-container-service/0.5.0-SNAPSHOT/hadoop-hdds-container-service-0.5.0-SNAPSHOT-tests.jar:/home/user/.m2/repository/org/yaml/snakeyaml/1.16/snakeyaml-1.16.jar:/home/user/.m2/repository/org/apache/hadoop/hadoop-common/3.2.0/hadoop-common-3.2.0-tests.jar:/home/user/.m2/repository/org/apache/hadoop/hadoop-annotations/3.2.0/hadoop-annotations-3.2.0.jar:/usr/lib/jvm/java-1.8-openjdk/jre/../lib/tools.jar:/home/user/.m2/repository/commons-cli/commons-cli/1.2/commons-cli-1.2.jar:/home/user/.m2/repository/org/apache/httpcomponents/httpclient/4.5.2/httpclient-4.5.2.jar:/home/user/.m2/repository/org/apache/httpcomponents/httpcore/4.4.4/httpcore-4.4.4.jar:/home/user/.m2/repository/commons-codec/commons-codec/1.11/commons-codec-1.11.jar:/home/user/.m2/repository/commons-net/commons-net/3.6/commons-net-3.6.jar:/home/user/.m2/repository/commons-collections/commons-collections/3.2.2/commons-collections-3.2.2.jar:/home/user/.m2/repository/org/eclipse/jetty/jetty-servlet/9.3.25.v20180904/jetty-servlet-9.3.25.v20180904.jar:/home/user/.m2/repository/org/eclipse/jetty/jetty-security/9.3.25.v20180904/jetty-security-9.3.25.v20180904.jar:/home/user/.m2/repository/javax/servlet/jsp/jsp-api/2.1/jsp-api-2.1.jar:/home/user/.m2/repository/com/sun/jersey/jersey-servlet/1.19/jersey-servlet-1.19.jar:/home/user/.m2/repository/com/sun/jersey/jersey-json/1.19/jersey-json-1.19.jar:/home/user/.m2/repository/org/codehaus/jettison/jettison/1.1/jettison-1.1.jar:/home/user/.m2/repository/org/codehaus/jackson/jackson-core-asl/1.9.13/jackson-core-asl-1.9.13.jar:/home/user/.m2/repository/org/codehaus/jackson/jackson-mapper-asl/1.9.13/jackson-mapper-asl-1.9.13.jar:/home/user/.m2/repository/org/codehaus/jackson/jackson-jaxrs/1.9.13/jackson-jaxrs-1.9.13.jar:/home/user/.m2/repository/org/codehaus/jackson/jackson-xc/1.9.13/jackson-xc-1.9.13.jar:/home/user/.m2/repository/commons-logging/commons-logging/1.1.3/commons-logging-1.1.3.jar:/home/user/.m2/repository/commons-beanutils/commons-beanutils/1.9.4/commons-beanutils-1.9.4.jar:/home/user/.m2/repository/org/apache/commons/commons-configuration2/2.1.1/commons-configuration2-2.1.1.jar:/home/user/.m2/repository/org/apache/commons/commons-lang3/3.7/commons-lang3-3.7.jar:/home/user/.m2/repository/org/apache/commons/commons-text/1.4/commons-text-1.4.jar:/home/user/.m2/repository/org/apache/avro/avro/1.7.7/avro-1.7.7.jar:/home/user/.m2/repository/com/thoughtworks/paranamer/paranamer/2.3/paranamer-2.3.jar:/home/user/.m2/repository/org/xerial/snappy/snappy-java/1.0.5/snappy-java-1.0.5.jar:/home/user/.m2/repository/com/google/re2j/re2j/1.1/re2j-1.1.jar:/home/user/.m2/repository/com/google/code/gson/gson/2.2.4/gson-2.2.4.jar:/home/user/.m2/repository/com/jcraft/jsch/0.1.54/jsch-0.1.54.jar:/home/user/.m2/repository/org/apache/curator/curator-client/2.12.0/curator-client-2.12.0.jar:/home/user/.m2/repository/org/apache/curator/curator-recipes/2.12.0/curator-recipes-2.12.0.jar:/home/user/.m2/repository/com/google/code/findbugs/jsr305/3.0.0/jsr305-3.0.0.jar:/home/user/.m2/repository/org/apache/htrace/htrace-core4/4.1.0-incubating/htrace-core4-4.1.0-incubating.jar:/home/user/.m2/repository/org/apache/zookeeper/zookeeper/3.4.13/zookeeper-3.4.13.jar:/home/user/.m2/repository/jline/jline/0.9.94/jline-0.9.94.jar:/home/user/.m2/repository/org/apache/yetus/audience-annotations/0.5.0/audience-annotations-0.5.0.jar:/home/user/.m2/repository/org/codehaus/woodstox/stax2-api/3.1.4/stax2-api-3.1.4.jar:/home/user/.m2/repository/com/fasterxml/woodstox/woodstox-core/5.0.3/woodstox-core-5.0.3.jar:/home/user/.m2/repository/dnsjava/dnsjava/2.1.7/dnsjava-2.1.7.jar:/home/user/.m2/repository/org/apache/hadoop/hadoop-hdfs/3.2.0/hadoop-hdfs-3.2.0-tests.jar:/home/user/.m2/repository/org/eclipse/jetty/jetty-util-ajax/9.3.25.v20180904/jetty-util-ajax-9.3.25.v20180904.jar:/home/user/.m2/repository/commons-daemon/commons-daemon/1.0.13/commons-daemon-1.0.13.jar:/home/user/.m2/repository/io/netty/netty/3.10.5.Final/netty-3.10.5.Final.jar:/home/user/.m2/repository/io/netty/netty-all/4.0.52.Final/netty-all-4.0.52.Final.jar:/home/user/.m2/repository/org/fusesource/leveldbjni/leveldbjni-all/1.8/leveldbjni-all-1.8.jar:"/>
    <property name="sun.cpu.endian" value="little"/>
    <property name="user.home" value="/home/user"/>
    <property name="user.language" value="en"/>
    <property name="java.specification.vendor" value="Oracle Corporation"/>
    <property name="java.home" value="/usr/lib/jvm/java-1.8-openjdk/jre"/>
    <property name="java.security.krb5.conf" value="/workdir/hadoop-ozone/integration-test/target/test-classes/krb5.conf"/>
    <property name="basedir" value="/workdir/hadoop-ozone/integration-test"/>
    <property name="file.separator" value="/"/>
    <property name="line.separator" value="&#10;"/>
    <property name="java.vm.specification.vendor" value="Oracle Corporation"/>
    <property name="java.specification.name" value="Java Platform API Specification"/>
    <property name="java.awt.graphicsenv" value="sun.awt.X11GraphicsEnvironment"/>
    <property name="surefire.real.class.path" value="/workdir/hadoop-ozone/integration-test/target/surefire/surefirebooter5732295073397783511.jar"/>
    <property name="hadoop.log.dir" value="/workdir/hadoop-ozone/integration-test/target/log"/>
    <property name="sun.boot.class.path" value="/usr/lib/jvm/java-1.8-openjdk/jre/lib/resources.jar:/usr/lib/jvm/java-1.8-openjdk/jre/lib/rt.jar:/usr/lib/jvm/java-1.8-openjdk/jre/lib/sunrsasign.jar:/usr/lib/jvm/java-1.8-openjdk/jre/lib/jsse.jar:/usr/lib/jvm/java-1.8-openjdk/jre/lib/jce.jar:/usr/lib/jvm/java-1.8-openjdk/jre/lib/charsets.jar:/usr/lib/jvm/java-1.8-openjdk/jre/lib/jfr.jar:/usr/lib/jvm/java-1.8-openjdk/jre/classes"/>
    <property name="sun.management.compiler" value="HotSpot 64-Bit Tiered Compilers"/>
    <property name="java.runtime.version" value="1.8.0_212-b04"/>
    <property name="java.net.preferIPv4Stack" value="true"/>
    <property name="user.name" value="jenkins1000"/>
    <property name="path.separator" value=":"/>
    <property name="java.security.egd" value="file:///dev/urandom"/>
    <property name="os.version" value="3.10.0-957.12.2.el7.x86_64"/>
    <property name="java.endorsed.dirs" value="/usr/lib/jvm/java-1.8-openjdk/jre/lib/endorsed"/>
    <property name="java.runtime.name" value="OpenJDK Runtime Environment"/>
    <property name="file.encoding" value="UTF-8"/>
    <property name="java.vm.name" value="OpenJDK 64-Bit Server VM"/>
    <property name="test.build.webapps" value=""/>
    <property name="localRepository" value="/home/user/.m2/repository"/>
    <property name="java.vendor.url.bug" value="https://icedtea.classpath.org/bugzilla"/>
    <property name="java.io.tmpdir" value="/tmp"/>
    <property name="require.test.libhadoop" value=""/>
    <property name="java.version" value="1.8.0_212"/>
    <property name="user.dir" value="/workdir/hadoop-ozone/integration-test"/>
    <property name="os.arch" value="amd64"/>
    <property name="java.vm.specification.name" value="Java Virtual Machine Specification"/>
    <property name="test.build.classes" value="/workdir/hadoop-ozone/integration-test/target/test-classes"/>
    <property name="java.awt.printerjob" value="sun.print.PSPrinterJob"/>
    <property name="sun.os.patch.level" value="unknown"/>
    <property name="hadoop.tmp.dir" value="/workdir/hadoop-ozone/integration-test/target/tmp"/>
    <property name="java.library.path" value="/usr/lib/jvm/java-1.8-openjdk/jre/lib/amd64/server:/usr/lib/jvm/java-1.8-openjdk/jre/lib/amd64:/usr/lib/jvm/java-1.8-openjdk/jre/../lib/amd64:/workdir/hadoop-ozone/integration-test/target/native/target/usr/local/lib:/workdir/hadoop-ozone/integration-test/../../hadoop-common-project/hadoop-common/target/native/target/usr/local/lib:/usr/java/packages/lib/amd64:/usr/lib64:/lib64:/lib:/usr/lib"/>
    <property name="java.vm.info" value="mixed mode"/>
    <property name="java.vendor" value="IcedTea"/>
    <property name="java.vm.version" value="25.212-b04"/>
    <property name="java.ext.dirs" value="/usr/lib/jvm/java-1.8-openjdk/jre/lib/ext:/usr/java/packages/lib/ext"/>
    <property name="sun.io.unicode.encoding" value="UnicodeLittle"/>
    <property name="java.class.version" value="52.0"/>
  </properties>
  <testcase name="test2DatanodesFailure" classname="org.apache.hadoop.ozone.client.rpc.TestBlockOutputStreamWithFailures" time="103.731"/>
  <testcase name="testDatanodeFailureWithPreAllocation" classname="org.apache.hadoop.ozone.client.rpc.TestBlockOutputStreamWithFailures" time="221.361"/>
  <testcase name="testDatanodeFailureWithSingleNodeRatis" classname="org.apache.hadoop.ozone.client.rpc.TestBlockOutputStreamWithFailures" time="221.639"/>
  <testcase name="testWatchForCommitWithSingleNodeRatis" classname="org.apache.hadoop.ozone.client.rpc.TestBlockOutputStreamWithFailures" time="34.813"/>
  <testcase name="testWatchForCommitDatanodeFailure" classname="org.apache.hadoop.ozone.client.rpc.TestBlockOutputStreamWithFailures" time="33.988"/>
  <testcase name="testFailureWithPrimeSizedData" classname="org.apache.hadoop.ozone.client.rpc.TestBlockOutputStreamWithFailures" time="39.45"/>
  <testcase name="testWatchForCommitWithCloseContainerException" classname="org.apache.hadoop.ozone.client.rpc.TestBlockOutputStreamWithFailures" time="40.044"/>
  <testcase name="testExceptionDuringClose" classname="org.apache.hadoop.ozone.client.rpc.TestBlockOutputStreamWithFailures" time="34.12">
    <failure message="expected:&lt;88&gt; but was:&lt;90&gt;" type="java.lang.AssertionError"><![CDATA[java.lang.AssertionError: expected:<88> but was:<90>
	at org.junit.Assert.fail(Assert.java:88)
	at org.junit.Assert.failNotEquals(Assert.java:743)
	at org.junit.Assert.assertEquals(Assert.java:118)
	at org.junit.Assert.assertEquals(Assert.java:555)
	at org.junit.Assert.assertEquals(Assert.java:542)
	at org.apache.hadoop.ozone.client.rpc.TestBlockOutputStreamWithFailures.testExceptionDuringClose(TestBlockOutputStreamWithFailures.java:726)
	at sun.reflect.NativeMethodAccessorImpl.invoke0(Native Method)
	at sun.reflect.NativeMethodAccessorImpl.invoke(NativeMethodAccessorImpl.java:62)
	at sun.reflect.DelegatingMethodAccessorImpl.invoke(DelegatingMethodAccessorImpl.java:43)
	at java.lang.reflect.Method.invoke(Method.java:498)
	at org.junit.runners.model.FrameworkMethod$1.runReflectiveCall(FrameworkMethod.java:47)
	at org.junit.internal.runners.model.ReflectiveCallable.run(ReflectiveCallable.java:12)
	at org.junit.runners.model.FrameworkMethod.invokeExplosively(FrameworkMethod.java:44)
	at org.junit.internal.runners.statements.InvokeMethod.evaluate(InvokeMethod.java:17)
	at org.junit.internal.runners.statements.RunBefores.evaluate(RunBefores.java:26)
	at org.junit.internal.runners.statements.RunAfters.evaluate(RunAfters.java:27)
	at org.junit.runners.ParentRunner.runLeaf(ParentRunner.java:271)
	at org.junit.runners.BlockJUnit4ClassRunner.runChild(BlockJUnit4ClassRunner.java:70)
	at org.junit.runners.BlockJUnit4ClassRunner.runChild(BlockJUnit4ClassRunner.java:50)
	at org.junit.runners.ParentRunner$3.run(ParentRunner.java:238)
	at org.junit.runners.ParentRunner$1.schedule(ParentRunner.java:63)
	at org.junit.runners.ParentRunner.runChildren(ParentRunner.java:236)
	at org.junit.runners.ParentRunner.access$000(ParentRunner.java:53)
	at org.junit.runners.ParentRunner$2.evaluate(ParentRunner.java:229)
	at org.junit.runners.ParentRunner.run(ParentRunner.java:309)
	at org.apache.maven.surefire.junit4.JUnit4Provider.execute(JUnit4Provider.java:365)
	at org.apache.maven.surefire.junit4.JUnit4Provider.executeWithRerun(JUnit4Provider.java:273)
	at org.apache.maven.surefire.junit4.JUnit4Provider.executeTestSet(JUnit4Provider.java:238)
	at org.apache.maven.surefire.junit4.JUnit4Provider.invoke(JUnit4Provider.java:159)
	at org.apache.maven.surefire.booter.ForkedBooter.invokeProviderInSameClassLoader(ForkedBooter.java:384)
	at org.apache.maven.surefire.booter.ForkedBooter.runSuitesInProcess(ForkedBooter.java:345)
	at org.apache.maven.surefire.booter.ForkedBooter.execute(ForkedBooter.java:126)
	at org.apache.maven.surefire.booter.ForkedBooter.main(ForkedBooter.java:418)
]]></failure>
    <system-out><![CDATA[2019-09-29 06:07:36,592 [main] WARN  server.ServerUtils (ServerUtils.java:getScmDbDir(145)) - ozone.scm.db.dirs is not configured. We recommend adding this setting. Falling back to ozone.metadata.dirs instead.
2019-09-29 06:07:36,606 [main] WARN  server.ServerUtils (ServerUtils.java:getScmDbDir(145)) - ozone.scm.db.dirs is not configured. We recommend adding this setting. Falling back to ozone.metadata.dirs instead.
2019-09-29 06:07:36,606 [main] WARN  server.ServerUtils (ServerUtils.java:getScmDbDir(145)) - ozone.scm.db.dirs is not configured. We recommend adding this setting. Falling back to ozone.metadata.dirs instead.
2019-09-29 06:07:36,607 [main] INFO  db.DBStoreBuilder (DBStoreBuilder.java:addTable(110)) - using custom profile for table: deletedBlocks
2019-09-29 06:07:36,607 [main] INFO  db.DBStoreBuilder (DBStoreBuilder.java:processTables(161)) - Using default column profile:DBProfile.DISK for Table:deletedBlocks
2019-09-29 06:07:36,608 [main] INFO  db.DBStoreBuilder (DBStoreBuilder.java:addTable(110)) - using custom profile for table: validCerts
2019-09-29 06:07:36,608 [main] INFO  db.DBStoreBuilder (DBStoreBuilder.java:processTables(161)) - Using default column profile:DBProfile.DISK for Table:validCerts
2019-09-29 06:07:36,608 [main] INFO  db.DBStoreBuilder (DBStoreBuilder.java:addTable(110)) - using custom profile for table: revokedCerts
2019-09-29 06:07:36,609 [main] INFO  db.DBStoreBuilder (DBStoreBuilder.java:processTables(161)) - Using default column profile:DBProfile.DISK for Table:revokedCerts
2019-09-29 06:07:36,609 [main] INFO  db.DBStoreBuilder (DBStoreBuilder.java:addTable(110)) - using custom profile for table: default
2019-09-29 06:07:36,609 [main] INFO  db.DBStoreBuilder (DBStoreBuilder.java:processTables(167)) - Using default column profile:DBProfile.DISK for Table:default
2019-09-29 06:07:36,609 [main] INFO  db.DBStoreBuilder (DBStoreBuilder.java:getDbProfile(198)) - Using default options. DBProfile.DISK
2019-09-29 06:07:36,822 [main] INFO  net.NodeSchemaLoader (NodeSchemaLoader.java:loadSchemaFromFile(125)) - Loading file from sun.misc.CompoundEnumeration@657b3b
2019-09-29 06:07:36,822 [main] INFO  net.NodeSchemaLoader (NodeSchemaLoader.java:loadSchema(171)) - Loading network topology layer schema file
2019-09-29 06:07:36,828 [main] INFO  node.SCMNodeManager (SCMNodeManager.java:<init>(114)) - Entering startup safe mode.
2019-09-29 06:07:36,828 [main] INFO  algorithms.ContainerPlacementPolicyFactory (ContainerPlacementPolicyFactory.java:getPolicy(57)) - Create container placement policy of type org.apache.hadoop.hdds.scm.container.placement.algorithms.SCMContainerPlacementRandom
2019-09-29 06:07:36,829 [main] WARN  server.ServerUtils (ServerUtils.java:getScmDbDir(145)) - ozone.scm.db.dirs is not configured. We recommend adding this setting. Falling back to ozone.metadata.dirs instead.
2019-09-29 06:07:36,859 [main] INFO  pipeline.SCMPipelineManager (SCMPipelineManager.java:initializePipelineState(132)) - No pipeline exists in current db
2019-09-29 06:07:36,859 [main] WARN  server.ServerUtils (ServerUtils.java:getScmDbDir(145)) - ozone.scm.db.dirs is not configured. We recommend adding this setting. Falling back to ozone.metadata.dirs instead.
2019-09-29 06:07:36,932 [main] WARN  events.EventQueue (EventQueue.java:fireEvent(183)) - No event handler registered for event TypedEvent{payloadType=SafeModeStatus, name='SafeModeStatus'}
2019-09-29 06:07:36,933 [main] INFO  ipc.CallQueueManager (CallQueueManager.java:<init>(84)) - Using callQueue: class java.util.concurrent.LinkedBlockingQueue, queueCapacity: 2000, scheduler: class org.apache.hadoop.ipc.DefaultRpcScheduler, ipcBackoff: false.
2019-09-29 06:07:36,934 [Socket Reader #1 for port 43764] INFO  ipc.Server (Server.java:run(1074)) - Starting Socket Reader #1 for port 43764
2019-09-29 06:07:36,937 [main] INFO  ipc.CallQueueManager (CallQueueManager.java:<init>(84)) - Using callQueue: class java.util.concurrent.LinkedBlockingQueue, queueCapacity: 2000, scheduler: class org.apache.hadoop.ipc.DefaultRpcScheduler, ipcBackoff: false.
2019-09-29 06:07:36,937 [Socket Reader #1 for port 37296] INFO  ipc.Server (Server.java:run(1074)) - Starting Socket Reader #1 for port 37296
2019-09-29 06:07:36,943 [main] INFO  ipc.CallQueueManager (CallQueueManager.java:<init>(84)) - Using callQueue: class java.util.concurrent.LinkedBlockingQueue, queueCapacity: 2000, scheduler: class org.apache.hadoop.ipc.DefaultRpcScheduler, ipcBackoff: false.
2019-09-29 06:07:36,944 [Socket Reader #1 for port 40298] INFO  ipc.Server (Server.java:run(1074)) - Starting Socket Reader #1 for port 40298
2019-09-29 06:07:36,946 [main] INFO  hdfs.DFSUtil (DFSUtil.java:httpServerTemplateForNNAndJN(1641)) - Starting Web-server for scm at: http://0.0.0.0:0
2019-09-29 06:07:36,949 [main] INFO  server.AuthenticationFilter (AuthenticationFilter.java:constructSecretProvider(240)) - Unable to initialize FileSignerSecretProvider, falling back to use random secrets.
2019-09-29 06:07:36,950 [main] WARN  http.HttpRequestLog (HttpRequestLog.java:getRequestLog(97)) - Jetty request log can only be enabled using Log4j
2019-09-29 06:07:36,952 [main] INFO  http.HttpServer2 (HttpServer2.java:addGlobalFilter(975)) - Added global filter 'safety' (class=org.apache.hadoop.http.HttpServer2$QuotingInputFilter)
2019-09-29 06:07:36,953 [main] INFO  http.HttpServer2 (HttpServer2.java:addFilter(948)) - Added filter static_user_filter (class=org.apache.hadoop.http.lib.StaticUserWebFilter$StaticUserFilter) to context scm
2019-09-29 06:07:36,953 [main] INFO  http.HttpServer2 (HttpServer2.java:addFilter(958)) - Added filter static_user_filter (class=org.apache.hadoop.http.lib.StaticUserWebFilter$StaticUserFilter) to context logs
2019-09-29 06:07:36,953 [main] INFO  http.HttpServer2 (HttpServer2.java:addFilter(958)) - Added filter static_user_filter (class=org.apache.hadoop.http.lib.StaticUserWebFilter$StaticUserFilter) to context static
2019-09-29 06:07:36,955 [main] INFO  server.StorageContainerManager (StorageContainerManager.java:start(770)) - StorageContainerLocationProtocol RPC server is listening at /0.0.0.0:40298
2019-09-29 06:07:36,957 [main] WARN  impl.MetricsConfig (MetricsConfig.java:loadFirst(134)) - Cannot locate configuration: tried hadoop-metrics2-storagecontainermanager.properties,hadoop-metrics2.properties
2019-09-29 06:07:36,958 [main] INFO  impl.MetricsSystemImpl (MetricsSystemImpl.java:startTimer(374)) - Scheduled Metric snapshot period at 10 second(s).
2019-09-29 06:07:36,958 [main] INFO  impl.MetricsSystemImpl (MetricsSystemImpl.java:start(191)) - StorageContainerManager metrics system started
2019-09-29 06:07:37,141 [main] WARN  impl.MetricsSystemImpl (MetricsSystemImpl.java:register(276)) - Sink prometheus already exists!
2019-09-29 06:07:37,200 [main] INFO  server.SCMClientProtocolServer (SCMClientProtocolServer.java:start(150)) - RPC server for Client  is listening at /0.0.0.0:40298
2019-09-29 06:07:37,200 [IPC Server Responder] INFO  ipc.Server (Server.java:run(1314)) - IPC Server Responder: starting
2019-09-29 06:07:37,200 [IPC Server listener on 40298] INFO  ipc.Server (Server.java:run(1153)) - IPC Server listener on 40298: starting
2019-09-29 06:07:37,205 [main] INFO  server.StorageContainerManager (StorageContainerManager.java:start(780)) - ScmBlockLocationProtocol RPC server is listening at /0.0.0.0:37296
2019-09-29 06:07:37,206 [main] INFO  server.SCMBlockProtocolServer (SCMBlockProtocolServer.java:start(146)) - RPC server for Block Protocol is listening at /0.0.0.0:37296
2019-09-29 06:07:37,207 [IPC Server Responder] INFO  ipc.Server (Server.java:run(1314)) - IPC Server Responder: starting
2019-09-29 06:07:37,207 [IPC Server listener on 37296] INFO  ipc.Server (Server.java:run(1153)) - IPC Server listener on 37296: starting
2019-09-29 06:07:37,211 [main] INFO  server.StorageContainerManager (StorageContainerManager.java:start(784)) - ScmDatanodeProtocl RPC server is listening at /0.0.0.0:43764
2019-09-29 06:07:37,211 [main] INFO  server.SCMDatanodeProtocolServer (SCMDatanodeProtocolServer.java:start(191)) - RPC server for DataNodes is listening at /0.0.0.0:43764
2019-09-29 06:07:37,212 [IPC Server Responder] INFO  ipc.Server (Server.java:run(1314)) - IPC Server Responder: starting
2019-09-29 06:07:37,212 [IPC Server listener on 43764] INFO  ipc.Server (Server.java:run(1153)) - IPC Server listener on 43764: starting
2019-09-29 06:07:37,217 [main] INFO  http.HttpServer2 (HttpServer2.java:bindListener(1191)) - Jetty bound to port 37885
2019-09-29 06:07:37,217 [main] INFO  server.Server (Server.java:doStart(351)) - jetty-9.3.25.v20180904, build timestamp: 2018-09-04T21:11:46Z, git hash: 3ce520221d0240229c862b122d2b06c12a625732
2019-09-29 06:07:37,219 [main] INFO  handler.ContextHandler (ContextHandler.java:doStart(781)) - Started o.e.j.s.ServletContextHandler@595814a1{/logs,file:///workdir/hadoop-ozone/integration-test/target/log,AVAILABLE}
2019-09-29 06:07:37,220 [main] INFO  handler.ContextHandler (ContextHandler.java:doStart(781)) - Started o.e.j.s.ServletContextHandler@49d42faf{/static,file:///workdir/hadoop-ozone/integration-test/target/test-classes/webapps/static,AVAILABLE}
2019-09-29 06:07:37,224 [main] INFO  handler.ContextHandler (ContextHandler.java:doStart(781)) - Started o.e.j.w.WebAppContext@55053f81{/,file:///workdir/hadoop-ozone/integration-test/target/test-classes/webapps/scm/,AVAILABLE}{/scm}
2019-09-29 06:07:37,224 [main] INFO  server.AbstractConnector (AbstractConnector.java:doStart(278)) - Started ServerConnector@1fee4278{HTTP/1.1,[http/1.1]}{0.0.0.0:37885}
2019-09-29 06:07:37,227 [main] INFO  server.Server (Server.java:doStart(419)) - Started @696255ms
2019-09-29 06:07:37,228 [main] WARN  impl.MetricsSystemImpl (MetricsSystemImpl.java:register(276)) - Sink prometheus already exists!
2019-09-29 06:07:37,228 [main] INFO  server.BaseHttpServer (BaseHttpServer.java:updateConnectorAddress(215)) - HTTP server of SCM is listening at http://0.0.0.0:37885
2019-09-29 06:07:37,229 [main] WARN  server.ServerUtils (ServerUtils.java:getDBPath(222)) - ozone.om.db.dirs is not configured. We recommend adding this setting. Falling back to ozone.metadata.dirs instead.
2019-09-29 06:07:37,230 [org.apache.hadoop.util.JvmPauseMonitor$Monitor@20864cd1] INFO  util.JvmPauseMonitor (JvmPauseMonitor.java:run(188)) - Starting JVM pause monitor
2019-09-29 06:07:37,243 [main] WARN  server.ServerUtils (ServerUtils.java:getDBPath(222)) - ozone.om.db.dirs is not configured. We recommend adding this setting. Falling back to ozone.metadata.dirs instead.
2019-09-29 06:07:37,243 [main] WARN  server.ServerUtils (ServerUtils.java:getDBPath(222)) - ozone.om.db.dirs is not configured. We recommend adding this setting. Falling back to ozone.metadata.dirs instead.
2019-09-29 06:07:37,244 [main] INFO  om.OzoneManager (OzoneManager.java:setOMNodeDetails(652)) - OM Service ID is not set. Setting it to the default ID: omServiceIdDefault
2019-09-29 06:07:37,244 [main] INFO  om.OzoneManager (OzoneManager.java:setOMNodeDetails(658)) - OM Node ID is not set. Setting it to the OmStorage's OmID: e76a1949-8b0d-4833-830a-a6221bd5b148
2019-09-29 06:07:37,244 [main] INFO  om.OzoneManager (OzoneManager.java:loadOMHAConfigs(609)) - Found matching OM address with OMServiceId: null, OMNodeId: null, RPC Address: localhost:0 and Ratis port: 9872
2019-09-29 06:07:37,251 [main] WARN  server.ServerUtils (ServerUtils.java:getDBPath(222)) - ozone.om.db.dirs is not configured. We recommend adding this setting. Falling back to ozone.metadata.dirs instead.
2019-09-29 06:07:37,252 [main] INFO  db.DBStoreBuilder (DBStoreBuilder.java:addTable(110)) - using custom profile for table: userTable
2019-09-29 06:07:37,252 [main] INFO  db.DBStoreBuilder (DBStoreBuilder.java:processTables(161)) - Using default column profile:DBProfile.DISK for Table:userTable
2019-09-29 06:07:37,252 [main] INFO  db.DBStoreBuilder (DBStoreBuilder.java:addTable(110)) - using custom profile for table: volumeTable
2019-09-29 06:07:37,252 [main] INFO  db.DBStoreBuilder (DBStoreBuilder.java:processTables(161)) - Using default column profile:DBProfile.DISK for Table:volumeTable
2019-09-29 06:07:37,252 [main] INFO  db.DBStoreBuilder (DBStoreBuilder.java:addTable(110)) - using custom profile for table: bucketTable
2019-09-29 06:07:37,253 [main] INFO  db.DBStoreBuilder (DBStoreBuilder.java:processTables(161)) - Using default column profile:DBProfile.DISK for Table:bucketTable
2019-09-29 06:07:37,253 [main] INFO  db.DBStoreBuilder (DBStoreBuilder.java:addTable(110)) - using custom profile for table: keyTable
2019-09-29 06:07:37,253 [main] INFO  db.DBStoreBuilder (DBStoreBuilder.java:processTables(161)) - Using default column profile:DBProfile.DISK for Table:keyTable
2019-09-29 06:07:37,253 [main] INFO  db.DBStoreBuilder (DBStoreBuilder.java:addTable(110)) - using custom profile for table: deletedTable
2019-09-29 06:07:37,253 [main] INFO  db.DBStoreBuilder (DBStoreBuilder.java:processTables(161)) - Using default column profile:DBProfile.DISK for Table:deletedTable
2019-09-29 06:07:37,254 [main] INFO  db.DBStoreBuilder (DBStoreBuilder.java:addTable(110)) - using custom profile for table: openKeyTable
2019-09-29 06:07:37,254 [main] INFO  db.DBStoreBuilder (DBStoreBuilder.java:processTables(161)) - Using default column profile:DBProfile.DISK for Table:openKeyTable
2019-09-29 06:07:37,254 [main] INFO  db.DBStoreBuilder (DBStoreBuilder.java:addTable(110)) - using custom profile for table: s3Table
2019-09-29 06:07:37,254 [main] INFO  db.DBStoreBuilder (DBStoreBuilder.java:processTables(161)) - Using default column profile:DBProfile.DISK for Table:s3Table
2019-09-29 06:07:37,254 [main] INFO  db.DBStoreBuilder (DBStoreBuilder.java:addTable(110)) - using custom profile for table: multipartInfoTable
2019-09-29 06:07:37,255 [main] INFO  db.DBStoreBuilder (DBStoreBuilder.java:processTables(161)) - Using default column profile:DBProfile.DISK for Table:multipartInfoTable
2019-09-29 06:07:37,255 [main] INFO  db.DBStoreBuilder (DBStoreBuilder.java:addTable(110)) - using custom profile for table: dTokenTable
2019-09-29 06:07:37,255 [main] INFO  db.DBStoreBuilder (DBStoreBuilder.java:processTables(161)) - Using default column profile:DBProfile.DISK for Table:dTokenTable
2019-09-29 06:07:37,255 [main] INFO  db.DBStoreBuilder (DBStoreBuilder.java:addTable(110)) - using custom profile for table: s3SecretTable
2019-09-29 06:07:37,255 [main] INFO  db.DBStoreBuilder (DBStoreBuilder.java:processTables(161)) - Using default column profile:DBProfile.DISK for Table:s3SecretTable
2019-09-29 06:07:37,256 [main] INFO  db.DBStoreBuilder (DBStoreBuilder.java:addTable(110)) - using custom profile for table: prefixTable
2019-09-29 06:07:37,256 [main] INFO  db.DBStoreBuilder (DBStoreBuilder.java:processTables(161)) - Using default column profile:DBProfile.DISK for Table:prefixTable
2019-09-29 06:07:37,256 [main] INFO  db.DBStoreBuilder (DBStoreBuilder.java:addTable(110)) - using custom profile for table: default
2019-09-29 06:07:37,256 [main] INFO  db.DBStoreBuilder (DBStoreBuilder.java:processTables(167)) - Using default column profile:DBProfile.DISK for Table:default
2019-09-29 06:07:37,256 [main] INFO  db.DBStoreBuilder (DBStoreBuilder.java:getDbProfile(198)) - Using default options. DBProfile.DISK
2019-09-29 06:07:37,763 [main] INFO  ipc.CallQueueManager (CallQueueManager.java:<init>(84)) - Using callQueue: class java.util.concurrent.LinkedBlockingQueue, queueCapacity: 2000, scheduler: class org.apache.hadoop.ipc.DefaultRpcScheduler, ipcBackoff: false.
2019-09-29 06:07:37,764 [Socket Reader #1 for port 43888] INFO  ipc.Server (Server.java:run(1074)) - Starting Socket Reader #1 for port 43888
2019-09-29 06:07:37,781 [main] INFO  om.OzoneManager (OzoneManager.java:start(1243)) - OzoneManager RPC server is listening at localhost/127.0.0.1:43888
2019-09-29 06:07:37,781 [main] INFO  impl.MetricsSystemImpl (MetricsSystemImpl.java:init(158)) - OzoneManager metrics system started (again)
2019-09-29 06:07:37,782 [IPC Server Responder] INFO  ipc.Server (Server.java:run(1314)) - IPC Server Responder: starting
2019-09-29 06:07:37,782 [IPC Server listener on 43888] INFO  ipc.Server (Server.java:run(1153)) - IPC Server listener on 43888: starting
2019-09-29 06:07:37,790 [main] INFO  hdfs.DFSUtil (DFSUtil.java:httpServerTemplateForNNAndJN(1641)) - Starting Web-server for ozoneManager at: http://0.0.0.0:0
2019-09-29 06:07:37,792 [main] INFO  server.AuthenticationFilter (AuthenticationFilter.java:constructSecretProvider(240)) - Unable to initialize FileSignerSecretProvider, falling back to use random secrets.
2019-09-29 06:07:37,792 [main] WARN  http.HttpRequestLog (HttpRequestLog.java:getRequestLog(97)) - Jetty request log can only be enabled using Log4j
2019-09-29 06:07:37,794 [main] INFO  http.HttpServer2 (HttpServer2.java:addGlobalFilter(975)) - Added global filter 'safety' (class=org.apache.hadoop.http.HttpServer2$QuotingInputFilter)
2019-09-29 06:07:37,795 [main] INFO  http.HttpServer2 (HttpServer2.java:addFilter(948)) - Added filter static_user_filter (class=org.apache.hadoop.http.lib.StaticUserWebFilter$StaticUserFilter) to context ozoneManager
2019-09-29 06:07:37,795 [main] INFO  http.HttpServer2 (HttpServer2.java:addFilter(958)) - Added filter static_user_filter (class=org.apache.hadoop.http.lib.StaticUserWebFilter$StaticUserFilter) to context static
2019-09-29 06:07:37,796 [main] INFO  http.HttpServer2 (HttpServer2.java:addFilter(958)) - Added filter static_user_filter (class=org.apache.hadoop.http.lib.StaticUserWebFilter$StaticUserFilter) to context logs
2019-09-29 06:07:37,797 [main] INFO  http.HttpServer2 (HttpServer2.java:bindListener(1191)) - Jetty bound to port 46681
2019-09-29 06:07:37,797 [main] INFO  server.Server (Server.java:doStart(351)) - jetty-9.3.25.v20180904, build timestamp: 2018-09-04T21:11:46Z, git hash: 3ce520221d0240229c862b122d2b06c12a625732
2019-09-29 06:07:37,799 [main] INFO  handler.ContextHandler (ContextHandler.java:doStart(781)) - Started o.e.j.s.ServletContextHandler@2bfa17b0{/logs,file:///workdir/hadoop-ozone/integration-test/target/log,AVAILABLE}
2019-09-29 06:07:37,799 [main] INFO  handler.ContextHandler (ContextHandler.java:doStart(781)) - Started o.e.j.s.ServletContextHandler@559fd5ec{/static,file:///workdir/hadoop-ozone/integration-test/target/test-classes/webapps/static,AVAILABLE}
2019-09-29 06:07:37,804 [main] INFO  handler.ContextHandler (ContextHandler.java:doStart(781)) - Started o.e.j.w.WebAppContext@47c96f2c{/,file:///workdir/hadoop-ozone/integration-test/target/test-classes/webapps/ozoneManager/,AVAILABLE}{/ozoneManager}
2019-09-29 06:07:37,804 [main] INFO  server.AbstractConnector (AbstractConnector.java:doStart(278)) - Started ServerConnector@210a26b{HTTP/1.1,[http/1.1]}{0.0.0.0:46681}
2019-09-29 06:07:37,806 [main] INFO  server.Server (Server.java:doStart(419)) - Started @696833ms
2019-09-29 06:07:37,806 [main] WARN  impl.MetricsSystemImpl (MetricsSystemImpl.java:register(276)) - Sink prometheus already exists!
2019-09-29 06:07:37,807 [main] INFO  server.BaseHttpServer (BaseHttpServer.java:updateConnectorAddress(215)) - HTTP server of OZONEMANAGER is listening at http://0.0.0.0:46681
2019-09-29 06:07:37,823 [main] INFO  impl.MetricsSystemImpl (MetricsSystemImpl.java:init(158)) - HddsDatanode metrics system started (again)
2019-09-29 06:07:37,828 [main] INFO  ozone.HddsDatanodeService (HddsDatanodeService.java:start(184)) - HddsDatanodeService host:trunk-nightly-20190929-jf6dg-3667755588 ip:192.168.151.83
2019-09-29 06:07:37,838 [main] INFO  volume.HddsVolume (HddsVolume.java:<init>(176)) - Creating Volume: /workdir/hadoop-ozone/integration-test/target/test-dir/MiniOzoneClusterImpl-c65cf843-44d5-454c-a5bf-f4b8d0178419/datanode-0/data/containers/hdds of  storage type : DISK and capacity : 1482555576320
2019-09-29 06:07:37,839 [main] INFO  volume.VolumeSet (VolumeSet.java:initializeVolumeSet(170)) - Added Volume : /workdir/hadoop-ozone/integration-test/target/test-dir/MiniOzoneClusterImpl-c65cf843-44d5-454c-a5bf-f4b8d0178419/datanode-0/data/containers/hdds to VolumeSet
2019-09-29 06:07:37,839 [main] INFO  volume.ThrottledAsyncChecker (ThrottledAsyncChecker.java:schedule(139)) - Scheduling a check for org.apache.hadoop.ozone.container.common.volume.HddsVolume@3f06ebe0
2019-09-29 06:07:37,840 [main] INFO  volume.HddsVolumeChecker (HddsVolumeChecker.java:checkAllVolumes(202)) - Scheduled health check for volume org.apache.hadoop.ozone.container.common.volume.HddsVolume@3f06ebe0
2019-09-29 06:07:37,853 [main] INFO  impl.RaftServerProxy (ConfUtils.java:logGet(43)) - raft.rpc.type = GRPC (default)
2019-09-29 06:07:37,853 [main] INFO  grpc.GrpcFactory (GrpcFactory.java:checkPooledByteBufAllocatorUseCacheForAllThreads(45)) - PERFORMANCE WARNING: useCacheForAllThreads is true that may cause Netty to create a lot garbage objects and, as a result, trigger GC.
	It is recommended to disable useCacheForAllThreads by setting -Dorg.apache.ratis.thirdparty.io.netty.allocator.useCacheForAllThreads=false in command line.
2019-09-29 06:07:37,853 [main] INFO  grpc.GrpcConfigKeys$Server (ConfUtils.java:logGet(43)) - raft.grpc.server.port = 0 (default)
2019-09-29 06:07:37,854 [main] INFO  server.GrpcService (ConfUtils.java:logGet(43)) - raft.grpc.message.size.max = 33570816 (custom)
2019-09-29 06:07:37,854 [main] INFO  server.RaftServerConfigKeys (ConfUtils.java:logGet(43)) - raft.server.log.appender.buffer.byte-limit = 33554432 (custom)
2019-09-29 06:07:37,854 [main] INFO  server.GrpcService (ConfUtils.java:logGet(43)) - raft.grpc.flow.control.window = 1MB (=1048576) (default)
2019-09-29 06:07:37,854 [main] INFO  server.RaftServerConfigKeys (ConfUtils.java:logGet(43)) - raft.server.rpc.request.timeout = 3000ms (default)
2019-09-29 06:07:37,855 [main] INFO  server.RaftServerConfigKeys (ConfUtils.java:logGet(43)) - raft.server.storage.dir = [/workdir/hadoop-ozone/integration-test/target/test-dir/MiniOzoneClusterImpl-c65cf843-44d5-454c-a5bf-f4b8d0178419/datanode-0/data/ratis] (custom)
2019-09-29 06:07:37,857 [main] INFO  hdfs.DFSUtil (DFSUtil.java:httpServerTemplateForNNAndJN(1641)) - Starting Web-server for hddsDatanode at: http://0.0.0.0:0
2019-09-29 06:07:37,858 [main] INFO  server.AuthenticationFilter (AuthenticationFilter.java:constructSecretProvider(240)) - Unable to initialize FileSignerSecretProvider, falling back to use random secrets.
2019-09-29 06:07:37,859 [main] WARN  http.HttpRequestLog (HttpRequestLog.java:getRequestLog(97)) - Jetty request log can only be enabled using Log4j
2019-09-29 06:07:37,860 [main] INFO  http.HttpServer2 (HttpServer2.java:addGlobalFilter(975)) - Added global filter 'safety' (class=org.apache.hadoop.http.HttpServer2$QuotingInputFilter)
2019-09-29 06:07:37,861 [main] INFO  http.HttpServer2 (HttpServer2.java:addFilter(948)) - Added filter static_user_filter (class=org.apache.hadoop.http.lib.StaticUserWebFilter$StaticUserFilter) to context hddsDatanode
2019-09-29 06:07:37,861 [main] INFO  http.HttpServer2 (HttpServer2.java:addFilter(958)) - Added filter static_user_filter (class=org.apache.hadoop.http.lib.StaticUserWebFilter$StaticUserFilter) to context static
2019-09-29 06:07:37,861 [main] INFO  http.HttpServer2 (HttpServer2.java:addFilter(958)) - Added filter static_user_filter (class=org.apache.hadoop.http.lib.StaticUserWebFilter$StaticUserFilter) to context logs
2019-09-29 06:07:37,862 [main] INFO  http.HttpServer2 (HttpServer2.java:bindListener(1191)) - Jetty bound to port 38178
2019-09-29 06:07:37,862 [main] INFO  server.Server (Server.java:doStart(351)) - jetty-9.3.25.v20180904, build timestamp: 2018-09-04T21:11:46Z, git hash: 3ce520221d0240229c862b122d2b06c12a625732
2019-09-29 06:07:37,864 [main] INFO  handler.ContextHandler (ContextHandler.java:doStart(781)) - Started o.e.j.s.ServletContextHandler@5350ab17{/logs,file:///workdir/hadoop-ozone/integration-test/target/log,AVAILABLE}
2019-09-29 06:07:37,864 [main] INFO  handler.ContextHandler (ContextHandler.java:doStart(781)) - Started o.e.j.s.ServletContextHandler@58cda03f{/static,jar:file:/home/user/.m2/repository/org/apache/hadoop/hadoop-hdds-container-service/0.5.0-SNAPSHOT/hadoop-hdds-container-service-0.5.0-SNAPSHOT.jar!/webapps/static,AVAILABLE}
2019-09-29 06:07:37,891 [main] INFO  handler.ContextHandler (ContextHandler.java:doStart(781)) - Started o.e.j.w.WebAppContext@4005e485{/,file:///tmp/jetty-0.0.0.0-38178-hddsDatanode-_-any-5201558020820544006.dir/webapp/,AVAILABLE}{/hddsDatanode}
2019-09-29 06:07:37,891 [main] INFO  server.AbstractConnector (AbstractConnector.java:doStart(278)) - Started ServerConnector@5f5c187d{HTTP/1.1,[http/1.1]}{0.0.0.0:38178}
2019-09-29 06:07:37,893 [main] INFO  server.Server (Server.java:doStart(419)) - Started @696918ms
2019-09-29 06:07:37,893 [main] WARN  impl.MetricsSystemImpl (MetricsSystemImpl.java:register(276)) - Sink prometheus already exists!
2019-09-29 06:07:37,894 [main] INFO  server.BaseHttpServer (BaseHttpServer.java:updateConnectorAddress(215)) - HTTP server of HDDSDATANODE is listening at http://0.0.0.0:38178
2019-09-29 06:07:37,894 [main] INFO  impl.MetricsSystemImpl (MetricsSystemImpl.java:init(158)) - HddsDatanode metrics system started (again)
2019-09-29 06:07:37,899 [org.apache.hadoop.util.JvmPauseMonitor$Monitor@45b66411] INFO  util.JvmPauseMonitor (JvmPauseMonitor.java:run(188)) - Starting JVM pause monitor
2019-09-29 06:07:37,899 [main] INFO  ozone.HddsDatanodeService (HddsDatanodeService.java:start(184)) - HddsDatanodeService host:trunk-nightly-20190929-jf6dg-3667755588 ip:192.168.151.83
2019-09-29 06:07:37,901 [Datanode State Machine Thread - 0] INFO  datanode.InitDatanodeState (InitDatanodeState.java:persistContainerDatanodeDetails(140)) - DatanodeDetails is persisted to /workdir/hadoop-ozone/integration-test/target/test-dir/MiniOzoneClusterImpl-c65cf843-44d5-454c-a5bf-f4b8d0178419/datanode-0/meta/datanode.id
2019-09-29 06:07:37,906 [main] INFO  volume.HddsVolume (HddsVolume.java:<init>(176)) - Creating Volume: /workdir/hadoop-ozone/integration-test/target/test-dir/MiniOzoneClusterImpl-c65cf843-44d5-454c-a5bf-f4b8d0178419/datanode-1/data/containers/hdds of  storage type : DISK and capacity : 1482555576320
2019-09-29 06:07:37,907 [main] INFO  volume.VolumeSet (VolumeSet.java:initializeVolumeSet(170)) - Added Volume : /workdir/hadoop-ozone/integration-test/target/test-dir/MiniOzoneClusterImpl-c65cf843-44d5-454c-a5bf-f4b8d0178419/datanode-1/data/containers/hdds to VolumeSet
2019-09-29 06:07:37,907 [main] INFO  volume.ThrottledAsyncChecker (ThrottledAsyncChecker.java:schedule(139)) - Scheduling a check for org.apache.hadoop.ozone.container.common.volume.HddsVolume@7f012923
2019-09-29 06:07:37,907 [main] INFO  volume.HddsVolumeChecker (HddsVolumeChecker.java:checkAllVolumes(202)) - Scheduled health check for volume org.apache.hadoop.ozone.container.common.volume.HddsVolume@7f012923
2019-09-29 06:07:37,922 [main] INFO  impl.RaftServerProxy (ConfUtils.java:logGet(43)) - raft.rpc.type = GRPC (default)
2019-09-29 06:07:37,923 [main] INFO  grpc.GrpcFactory (GrpcFactory.java:checkPooledByteBufAllocatorUseCacheForAllThreads(45)) - PERFORMANCE WARNING: useCacheForAllThreads is true that may cause Netty to create a lot garbage objects and, as a result, trigger GC.
	It is recommended to disable useCacheForAllThreads by setting -Dorg.apache.ratis.thirdparty.io.netty.allocator.useCacheForAllThreads=false in command line.
2019-09-29 06:07:37,923 [main] INFO  grpc.GrpcConfigKeys$Server (ConfUtils.java:logGet(43)) - raft.grpc.server.port = 0 (default)
2019-09-29 06:07:37,923 [main] INFO  server.GrpcService (ConfUtils.java:logGet(43)) - raft.grpc.message.size.max = 33570816 (custom)
2019-09-29 06:07:37,923 [main] INFO  server.RaftServerConfigKeys (ConfUtils.java:logGet(43)) - raft.server.log.appender.buffer.byte-limit = 33554432 (custom)
2019-09-29 06:07:37,923 [main] INFO  server.GrpcService (ConfUtils.java:logGet(43)) - raft.grpc.flow.control.window = 1MB (=1048576) (default)
2019-09-29 06:07:37,924 [main] INFO  server.RaftServerConfigKeys (ConfUtils.java:logGet(43)) - raft.server.rpc.request.timeout = 3000ms (default)
2019-09-29 06:07:37,924 [main] INFO  server.RaftServerConfigKeys (ConfUtils.java:logGet(43)) - raft.server.storage.dir = [/workdir/hadoop-ozone/integration-test/target/test-dir/MiniOzoneClusterImpl-c65cf843-44d5-454c-a5bf-f4b8d0178419/datanode-1/data/ratis] (custom)
2019-09-29 06:07:37,925 [main] INFO  hdfs.DFSUtil (DFSUtil.java:httpServerTemplateForNNAndJN(1641)) - Starting Web-server for hddsDatanode at: http://0.0.0.0:0
2019-09-29 06:07:37,926 [main] INFO  server.AuthenticationFilter (AuthenticationFilter.java:constructSecretProvider(240)) - Unable to initialize FileSignerSecretProvider, falling back to use random secrets.
2019-09-29 06:07:37,927 [main] WARN  http.HttpRequestLog (HttpRequestLog.java:getRequestLog(97)) - Jetty request log can only be enabled using Log4j
2019-09-29 06:07:37,928 [main] INFO  http.HttpServer2 (HttpServer2.java:addGlobalFilter(975)) - Added global filter 'safety' (class=org.apache.hadoop.http.HttpServer2$QuotingInputFilter)
2019-09-29 06:07:37,928 [main] INFO  http.HttpServer2 (HttpServer2.java:addFilter(948)) - Added filter static_user_filter (class=org.apache.hadoop.http.lib.StaticUserWebFilter$StaticUserFilter) to context hddsDatanode
2019-09-29 06:07:37,928 [main] INFO  http.HttpServer2 (HttpServer2.java:addFilter(958)) - Added filter static_user_filter (class=org.apache.hadoop.http.lib.StaticUserWebFilter$StaticUserFilter) to context logs
2019-09-29 06:07:37,929 [main] INFO  http.HttpServer2 (HttpServer2.java:addFilter(958)) - Added filter static_user_filter (class=org.apache.hadoop.http.lib.StaticUserWebFilter$StaticUserFilter) to context static
2019-09-29 06:07:37,929 [main] INFO  http.HttpServer2 (HttpServer2.java:bindListener(1191)) - Jetty bound to port 38270
2019-09-29 06:07:37,929 [main] INFO  server.Server (Server.java:doStart(351)) - jetty-9.3.25.v20180904, build timestamp: 2018-09-04T21:11:46Z, git hash: 3ce520221d0240229c862b122d2b06c12a625732
2019-09-29 06:07:37,931 [main] INFO  handler.ContextHandler (ContextHandler.java:doStart(781)) - Started o.e.j.s.ServletContextHandler@260d48f5{/logs,file:///workdir/hadoop-ozone/integration-test/target/log,AVAILABLE}
2019-09-29 06:07:37,931 [main] INFO  handler.ContextHandler (ContextHandler.java:doStart(781)) - Started o.e.j.s.ServletContextHandler@6f106af8{/static,jar:file:/home/user/.m2/repository/org/apache/hadoop/hadoop-hdds-container-service/0.5.0-SNAPSHOT/hadoop-hdds-container-service-0.5.0-SNAPSHOT.jar!/webapps/static,AVAILABLE}
2019-09-29 06:07:37,963 [main] INFO  handler.ContextHandler (ContextHandler.java:doStart(781)) - Started o.e.j.w.WebAppContext@7ed8b44{/,file:///tmp/jetty-0.0.0.0-38270-hddsDatanode-_-any-7944841524339556530.dir/webapp/,AVAILABLE}{/hddsDatanode}
2019-09-29 06:07:37,964 [main] INFO  server.AbstractConnector (AbstractConnector.java:doStart(278)) - Started ServerConnector@21280cbb{HTTP/1.1,[http/1.1]}{0.0.0.0:38270}
2019-09-29 06:07:37,966 [main] INFO  server.Server (Server.java:doStart(419)) - Started @696993ms
2019-09-29 06:07:37,966 [main] WARN  impl.MetricsSystemImpl (MetricsSystemImpl.java:register(276)) - Sink prometheus already exists!
2019-09-29 06:07:37,967 [main] INFO  server.BaseHttpServer (BaseHttpServer.java:updateConnectorAddress(215)) - HTTP server of HDDSDATANODE is listening at http://0.0.0.0:38270
2019-09-29 06:07:37,967 [main] INFO  impl.MetricsSystemImpl (MetricsSystemImpl.java:init(158)) - HddsDatanode metrics system started (again)
2019-09-29 06:07:37,971 [main] INFO  ozone.HddsDatanodeService (HddsDatanodeService.java:start(184)) - HddsDatanodeService host:trunk-nightly-20190929-jf6dg-3667755588 ip:192.168.151.83
2019-09-29 06:07:37,971 [org.apache.hadoop.util.JvmPauseMonitor$Monitor@572180c0] INFO  util.JvmPauseMonitor (JvmPauseMonitor.java:run(188)) - Starting JVM pause monitor
2019-09-29 06:07:37,973 [Datanode State Machine Thread - 0] INFO  datanode.InitDatanodeState (InitDatanodeState.java:persistContainerDatanodeDetails(140)) - DatanodeDetails is persisted to /workdir/hadoop-ozone/integration-test/target/test-dir/MiniOzoneClusterImpl-c65cf843-44d5-454c-a5bf-f4b8d0178419/datanode-1/meta/datanode.id
2019-09-29 06:07:37,979 [main] INFO  volume.HddsVolume (HddsVolume.java:<init>(176)) - Creating Volume: /workdir/hadoop-ozone/integration-test/target/test-dir/MiniOzoneClusterImpl-c65cf843-44d5-454c-a5bf-f4b8d0178419/datanode-2/data/containers/hdds of  storage type : DISK and capacity : 1482555576320
2019-09-29 06:07:37,979 [main] INFO  volume.VolumeSet (VolumeSet.java:initializeVolumeSet(170)) - Added Volume : /workdir/hadoop-ozone/integration-test/target/test-dir/MiniOzoneClusterImpl-c65cf843-44d5-454c-a5bf-f4b8d0178419/datanode-2/data/containers/hdds to VolumeSet
2019-09-29 06:07:37,979 [main] INFO  volume.ThrottledAsyncChecker (ThrottledAsyncChecker.java:schedule(139)) - Scheduling a check for org.apache.hadoop.ozone.container.common.volume.HddsVolume@182cc69e
2019-09-29 06:07:37,979 [main] INFO  volume.HddsVolumeChecker (HddsVolumeChecker.java:checkAllVolumes(202)) - Scheduled health check for volume org.apache.hadoop.ozone.container.common.volume.HddsVolume@182cc69e
2019-09-29 06:07:37,992 [main] INFO  impl.RaftServerProxy (ConfUtils.java:logGet(43)) - raft.rpc.type = GRPC (default)
2019-09-29 06:07:37,992 [main] INFO  grpc.GrpcFactory (GrpcFactory.java:checkPooledByteBufAllocatorUseCacheForAllThreads(45)) - PERFORMANCE WARNING: useCacheForAllThreads is true that may cause Netty to create a lot garbage objects and, as a result, trigger GC.
	It is recommended to disable useCacheForAllThreads by setting -Dorg.apache.ratis.thirdparty.io.netty.allocator.useCacheForAllThreads=false in command line.
2019-09-29 06:07:37,992 [main] INFO  grpc.GrpcConfigKeys$Server (ConfUtils.java:logGet(43)) - raft.grpc.server.port = 0 (default)
2019-09-29 06:07:37,992 [main] INFO  server.GrpcService (ConfUtils.java:logGet(43)) - raft.grpc.message.size.max = 33570816 (custom)
2019-09-29 06:07:37,992 [main] INFO  server.RaftServerConfigKeys (ConfUtils.java:logGet(43)) - raft.server.log.appender.buffer.byte-limit = 33554432 (custom)
2019-09-29 06:07:37,993 [main] INFO  server.GrpcService (ConfUtils.java:logGet(43)) - raft.grpc.flow.control.window = 1MB (=1048576) (default)
2019-09-29 06:07:37,993 [main] INFO  server.RaftServerConfigKeys (ConfUtils.java:logGet(43)) - raft.server.rpc.request.timeout = 3000ms (default)
2019-09-29 06:07:37,993 [main] INFO  server.RaftServerConfigKeys (ConfUtils.java:logGet(43)) - raft.server.storage.dir = [/workdir/hadoop-ozone/integration-test/target/test-dir/MiniOzoneClusterImpl-c65cf843-44d5-454c-a5bf-f4b8d0178419/datanode-2/data/ratis] (custom)
2019-09-29 06:07:37,994 [main] INFO  hdfs.DFSUtil (DFSUtil.java:httpServerTemplateForNNAndJN(1641)) - Starting Web-server for hddsDatanode at: http://0.0.0.0:0
2019-09-29 06:07:37,995 [main] INFO  server.AuthenticationFilter (AuthenticationFilter.java:constructSecretProvider(240)) - Unable to initialize FileSignerSecretProvider, falling back to use random secrets.
2019-09-29 06:07:37,995 [main] WARN  http.HttpRequestLog (HttpRequestLog.java:getRequestLog(97)) - Jetty request log can only be enabled using Log4j
2019-09-29 06:07:37,996 [main] INFO  http.HttpServer2 (HttpServer2.java:addGlobalFilter(975)) - Added global filter 'safety' (class=org.apache.hadoop.http.HttpServer2$QuotingInputFilter)
2019-09-29 06:07:37,997 [main] INFO  http.HttpServer2 (HttpServer2.java:addFilter(948)) - Added filter static_user_filter (class=org.apache.hadoop.http.lib.StaticUserWebFilter$StaticUserFilter) to context hddsDatanode
2019-09-29 06:07:37,997 [main] INFO  http.HttpServer2 (HttpServer2.java:addFilter(958)) - Added filter static_user_filter (class=org.apache.hadoop.http.lib.StaticUserWebFilter$StaticUserFilter) to context static
2019-09-29 06:07:37,997 [main] INFO  http.HttpServer2 (HttpServer2.java:addFilter(958)) - Added filter static_user_filter (class=org.apache.hadoop.http.lib.StaticUserWebFilter$StaticUserFilter) to context logs
2019-09-29 06:07:37,998 [main] INFO  http.HttpServer2 (HttpServer2.java:bindListener(1191)) - Jetty bound to port 46172
2019-09-29 06:07:37,998 [main] INFO  server.Server (Server.java:doStart(351)) - jetty-9.3.25.v20180904, build timestamp: 2018-09-04T21:11:46Z, git hash: 3ce520221d0240229c862b122d2b06c12a625732
2019-09-29 06:07:37,999 [main] INFO  handler.ContextHandler (ContextHandler.java:doStart(781)) - Started o.e.j.s.ServletContextHandler@7de6549d{/logs,file:///workdir/hadoop-ozone/integration-test/target/log,AVAILABLE}
2019-09-29 06:07:38,000 [main] INFO  handler.ContextHandler (ContextHandler.java:doStart(781)) - Started o.e.j.s.ServletContextHandler@756c67cd{/static,jar:file:/home/user/.m2/repository/org/apache/hadoop/hadoop-hdds-container-service/0.5.0-SNAPSHOT/hadoop-hdds-container-service-0.5.0-SNAPSHOT.jar!/webapps/static,AVAILABLE}
2019-09-29 06:07:38,030 [main] INFO  handler.ContextHandler (ContextHandler.java:doStart(781)) - Started o.e.j.w.WebAppContext@7fac18dc{/,file:///tmp/jetty-0.0.0.0-46172-hddsDatanode-_-any-6155026173862625701.dir/webapp/,AVAILABLE}{/hddsDatanode}
2019-09-29 06:07:38,030 [main] INFO  server.AbstractConnector (AbstractConnector.java:doStart(278)) - Started ServerConnector@50bf795f{HTTP/1.1,[http/1.1]}{0.0.0.0:46172}
2019-09-29 06:07:38,032 [main] INFO  server.Server (Server.java:doStart(419)) - Started @697058ms
2019-09-29 06:07:38,033 [main] WARN  impl.MetricsSystemImpl (MetricsSystemImpl.java:register(276)) - Sink prometheus already exists!
2019-09-29 06:07:38,033 [main] INFO  server.BaseHttpServer (BaseHttpServer.java:updateConnectorAddress(215)) - HTTP server of HDDSDATANODE is listening at http://0.0.0.0:46172
2019-09-29 06:07:38,033 [main] INFO  impl.MetricsSystemImpl (MetricsSystemImpl.java:init(158)) - HddsDatanode metrics system started (again)
2019-09-29 06:07:38,039 [org.apache.hadoop.util.JvmPauseMonitor$Monitor@29f0c348] INFO  util.JvmPauseMonitor (JvmPauseMonitor.java:run(188)) - Starting JVM pause monitor
2019-09-29 06:07:38,039 [main] INFO  ozone.HddsDatanodeService (HddsDatanodeService.java:start(184)) - HddsDatanodeService host:trunk-nightly-20190929-jf6dg-3667755588 ip:192.168.151.83
2019-09-29 06:07:38,040 [Datanode State Machine Thread - 0] INFO  datanode.InitDatanodeState (InitDatanodeState.java:persistContainerDatanodeDetails(140)) - DatanodeDetails is persisted to /workdir/hadoop-ozone/integration-test/target/test-dir/MiniOzoneClusterImpl-c65cf843-44d5-454c-a5bf-f4b8d0178419/datanode-2/meta/datanode.id
2019-09-29 06:07:38,047 [main] INFO  volume.HddsVolume (HddsVolume.java:<init>(176)) - Creating Volume: /workdir/hadoop-ozone/integration-test/target/test-dir/MiniOzoneClusterImpl-c65cf843-44d5-454c-a5bf-f4b8d0178419/datanode-3/data/containers/hdds of  storage type : DISK and capacity : 1482555576320
2019-09-29 06:07:38,047 [main] INFO  volume.VolumeSet (VolumeSet.java:initializeVolumeSet(170)) - Added Volume : /workdir/hadoop-ozone/integration-test/target/test-dir/MiniOzoneClusterImpl-c65cf843-44d5-454c-a5bf-f4b8d0178419/datanode-3/data/containers/hdds to VolumeSet
2019-09-29 06:07:38,048 [main] INFO  volume.ThrottledAsyncChecker (ThrottledAsyncChecker.java:schedule(139)) - Scheduling a check for org.apache.hadoop.ozone.container.common.volume.HddsVolume@6cf047cf
2019-09-29 06:07:38,048 [main] INFO  volume.HddsVolumeChecker (HddsVolumeChecker.java:checkAllVolumes(202)) - Scheduled health check for volume org.apache.hadoop.ozone.container.common.volume.HddsVolume@6cf047cf
2019-09-29 06:07:38,061 [main] INFO  impl.RaftServerProxy (ConfUtils.java:logGet(43)) - raft.rpc.type = GRPC (default)
2019-09-29 06:07:38,061 [main] INFO  grpc.GrpcFactory (GrpcFactory.java:checkPooledByteBufAllocatorUseCacheForAllThreads(45)) - PERFORMANCE WARNING: useCacheForAllThreads is true that may cause Netty to create a lot garbage objects and, as a result, trigger GC.
	It is recommended to disable useCacheForAllThreads by setting -Dorg.apache.ratis.thirdparty.io.netty.allocator.useCacheForAllThreads=false in command line.
2019-09-29 06:07:38,061 [main] INFO  grpc.GrpcConfigKeys$Server (ConfUtils.java:logGet(43)) - raft.grpc.server.port = 0 (default)
2019-09-29 06:07:38,062 [main] INFO  server.GrpcService (ConfUtils.java:logGet(43)) - raft.grpc.message.size.max = 33570816 (custom)
2019-09-29 06:07:38,062 [main] INFO  server.RaftServerConfigKeys (ConfUtils.java:logGet(43)) - raft.server.log.appender.buffer.byte-limit = 33554432 (custom)
2019-09-29 06:07:38,062 [main] INFO  server.GrpcService (ConfUtils.java:logGet(43)) - raft.grpc.flow.control.window = 1MB (=1048576) (default)
2019-09-29 06:07:38,062 [main] INFO  server.RaftServerConfigKeys (ConfUtils.java:logGet(43)) - raft.server.rpc.request.timeout = 3000ms (default)
2019-09-29 06:07:38,062 [main] INFO  server.RaftServerConfigKeys (ConfUtils.java:logGet(43)) - raft.server.storage.dir = [/workdir/hadoop-ozone/integration-test/target/test-dir/MiniOzoneClusterImpl-c65cf843-44d5-454c-a5bf-f4b8d0178419/datanode-3/data/ratis] (custom)
2019-09-29 06:07:38,063 [main] INFO  hdfs.DFSUtil (DFSUtil.java:httpServerTemplateForNNAndJN(1641)) - Starting Web-server for hddsDatanode at: http://0.0.0.0:0
2019-09-29 06:07:38,065 [main] INFO  server.AuthenticationFilter (AuthenticationFilter.java:constructSecretProvider(240)) - Unable to initialize FileSignerSecretProvider, falling back to use random secrets.
2019-09-29 06:07:38,065 [main] WARN  http.HttpRequestLog (HttpRequestLog.java:getRequestLog(97)) - Jetty request log can only be enabled using Log4j
2019-09-29 06:07:38,066 [main] INFO  http.HttpServer2 (HttpServer2.java:addGlobalFilter(975)) - Added global filter 'safety' (class=org.apache.hadoop.http.HttpServer2$QuotingInputFilter)
2019-09-29 06:07:38,066 [main] INFO  http.HttpServer2 (HttpServer2.java:addFilter(948)) - Added filter static_user_filter (class=org.apache.hadoop.http.lib.StaticUserWebFilter$StaticUserFilter) to context hddsDatanode
2019-09-29 06:07:38,067 [main] INFO  http.HttpServer2 (HttpServer2.java:addFilter(958)) - Added filter static_user_filter (class=org.apache.hadoop.http.lib.StaticUserWebFilter$StaticUserFilter) to context static
2019-09-29 06:07:38,067 [main] INFO  http.HttpServer2 (HttpServer2.java:addFilter(958)) - Added filter static_user_filter (class=org.apache.hadoop.http.lib.StaticUserWebFilter$StaticUserFilter) to context logs
2019-09-29 06:07:38,067 [main] INFO  http.HttpServer2 (HttpServer2.java:bindListener(1191)) - Jetty bound to port 42792
2019-09-29 06:07:38,068 [main] INFO  server.Server (Server.java:doStart(351)) - jetty-9.3.25.v20180904, build timestamp: 2018-09-04T21:11:46Z, git hash: 3ce520221d0240229c862b122d2b06c12a625732
2019-09-29 06:07:38,069 [main] INFO  handler.ContextHandler (ContextHandler.java:doStart(781)) - Started o.e.j.s.ServletContextHandler@733fae8{/logs,file:///workdir/hadoop-ozone/integration-test/target/log,AVAILABLE}
2019-09-29 06:07:38,069 [main] INFO  handler.ContextHandler (ContextHandler.java:doStart(781)) - Started o.e.j.s.ServletContextHandler@74764622{/static,jar:file:/home/user/.m2/repository/org/apache/hadoop/hadoop-hdds-container-service/0.5.0-SNAPSHOT/hadoop-hdds-container-service-0.5.0-SNAPSHOT.jar!/webapps/static,AVAILABLE}
2019-09-29 06:07:38,100 [main] INFO  handler.ContextHandler (ContextHandler.java:doStart(781)) - Started o.e.j.w.WebAppContext@47be41c6{/,file:///tmp/jetty-0.0.0.0-42792-hddsDatanode-_-any-8618859578495345254.dir/webapp/,AVAILABLE}{/hddsDatanode}
2019-09-29 06:07:38,100 [main] INFO  server.AbstractConnector (AbstractConnector.java:doStart(278)) - Started ServerConnector@608b35fa{HTTP/1.1,[http/1.1]}{0.0.0.0:42792}
2019-09-29 06:07:38,102 [main] INFO  server.Server (Server.java:doStart(419)) - Started @697128ms
2019-09-29 06:07:38,103 [main] WARN  impl.MetricsSystemImpl (MetricsSystemImpl.java:register(276)) - Sink prometheus already exists!
2019-09-29 06:07:38,103 [main] INFO  server.BaseHttpServer (BaseHttpServer.java:updateConnectorAddress(215)) - HTTP server of HDDSDATANODE is listening at http://0.0.0.0:42792
2019-09-29 06:07:38,104 [main] INFO  impl.MetricsSystemImpl (MetricsSystemImpl.java:init(158)) - HddsDatanode metrics system started (again)
2019-09-29 06:07:38,109 [org.apache.hadoop.util.JvmPauseMonitor$Monitor@1bf842d7] INFO  util.JvmPauseMonitor (JvmPauseMonitor.java:run(188)) - Starting JVM pause monitor
2019-09-29 06:07:38,109 [main] INFO  ozone.HddsDatanodeService (HddsDatanodeService.java:start(184)) - HddsDatanodeService host:trunk-nightly-20190929-jf6dg-3667755588 ip:192.168.151.83
2019-09-29 06:07:38,110 [Datanode State Machine Thread - 0] INFO  datanode.InitDatanodeState (InitDatanodeState.java:persistContainerDatanodeDetails(140)) - DatanodeDetails is persisted to /workdir/hadoop-ozone/integration-test/target/test-dir/MiniOzoneClusterImpl-c65cf843-44d5-454c-a5bf-f4b8d0178419/datanode-3/meta/datanode.id
2019-09-29 06:07:38,116 [main] INFO  volume.HddsVolume (HddsVolume.java:<init>(176)) - Creating Volume: /workdir/hadoop-ozone/integration-test/target/test-dir/MiniOzoneClusterImpl-c65cf843-44d5-454c-a5bf-f4b8d0178419/datanode-4/data/containers/hdds of  storage type : DISK and capacity : 1482555576320
2019-09-29 06:07:38,116 [main] INFO  volume.VolumeSet (VolumeSet.java:initializeVolumeSet(170)) - Added Volume : /workdir/hadoop-ozone/integration-test/target/test-dir/MiniOzoneClusterImpl-c65cf843-44d5-454c-a5bf-f4b8d0178419/datanode-4/data/containers/hdds to VolumeSet
2019-09-29 06:07:38,117 [main] INFO  volume.ThrottledAsyncChecker (ThrottledAsyncChecker.java:schedule(139)) - Scheduling a check for org.apache.hadoop.ozone.container.common.volume.HddsVolume@55e91e61
2019-09-29 06:07:38,117 [main] INFO  volume.HddsVolumeChecker (HddsVolumeChecker.java:checkAllVolumes(202)) - Scheduled health check for volume org.apache.hadoop.ozone.container.common.volume.HddsVolume@55e91e61
2019-09-29 06:07:38,131 [main] INFO  impl.RaftServerProxy (ConfUtils.java:logGet(43)) - raft.rpc.type = GRPC (default)
2019-09-29 06:07:38,131 [main] INFO  grpc.GrpcFactory (GrpcFactory.java:checkPooledByteBufAllocatorUseCacheForAllThreads(45)) - PERFORMANCE WARNING: useCacheForAllThreads is true that may cause Netty to create a lot garbage objects and, as a result, trigger GC.
	It is recommended to disable useCacheForAllThreads by setting -Dorg.apache.ratis.thirdparty.io.netty.allocator.useCacheForAllThreads=false in command line.
2019-09-29 06:07:38,132 [main] INFO  grpc.GrpcConfigKeys$Server (ConfUtils.java:logGet(43)) - raft.grpc.server.port = 0 (default)
2019-09-29 06:07:38,132 [main] INFO  server.GrpcService (ConfUtils.java:logGet(43)) - raft.grpc.message.size.max = 33570816 (custom)
2019-09-29 06:07:38,132 [main] INFO  server.RaftServerConfigKeys (ConfUtils.java:logGet(43)) - raft.server.log.appender.buffer.byte-limit = 33554432 (custom)
2019-09-29 06:07:38,132 [main] INFO  server.GrpcService (ConfUtils.java:logGet(43)) - raft.grpc.flow.control.window = 1MB (=1048576) (default)
2019-09-29 06:07:38,133 [main] INFO  server.RaftServerConfigKeys (ConfUtils.java:logGet(43)) - raft.server.rpc.request.timeout = 3000ms (default)
2019-09-29 06:07:38,133 [main] INFO  server.RaftServerConfigKeys (ConfUtils.java:logGet(43)) - raft.server.storage.dir = [/workdir/hadoop-ozone/integration-test/target/test-dir/MiniOzoneClusterImpl-c65cf843-44d5-454c-a5bf-f4b8d0178419/datanode-4/data/ratis] (custom)
2019-09-29 06:07:38,134 [main] INFO  hdfs.DFSUtil (DFSUtil.java:httpServerTemplateForNNAndJN(1641)) - Starting Web-server for hddsDatanode at: http://0.0.0.0:0
2019-09-29 06:07:38,135 [main] INFO  server.AuthenticationFilter (AuthenticationFilter.java:constructSecretProvider(240)) - Unable to initialize FileSignerSecretProvider, falling back to use random secrets.
2019-09-29 06:07:38,135 [main] WARN  http.HttpRequestLog (HttpRequestLog.java:getRequestLog(97)) - Jetty request log can only be enabled using Log4j
2019-09-29 06:07:38,136 [main] INFO  http.HttpServer2 (HttpServer2.java:addGlobalFilter(975)) - Added global filter 'safety' (class=org.apache.hadoop.http.HttpServer2$QuotingInputFilter)
2019-09-29 06:07:38,136 [main] INFO  http.HttpServer2 (HttpServer2.java:addFilter(948)) - Added filter static_user_filter (class=org.apache.hadoop.http.lib.StaticUserWebFilter$StaticUserFilter) to context hddsDatanode
2019-09-29 06:07:38,136 [main] INFO  http.HttpServer2 (HttpServer2.java:addFilter(958)) - Added filter static_user_filter (class=org.apache.hadoop.http.lib.StaticUserWebFilter$StaticUserFilter) to context logs
2019-09-29 06:07:38,137 [main] INFO  http.HttpServer2 (HttpServer2.java:addFilter(958)) - Added filter static_user_filter (class=org.apache.hadoop.http.lib.StaticUserWebFilter$StaticUserFilter) to context static
2019-09-29 06:07:38,137 [main] INFO  http.HttpServer2 (HttpServer2.java:bindListener(1191)) - Jetty bound to port 42673
2019-09-29 06:07:38,137 [main] INFO  server.Server (Server.java:doStart(351)) - jetty-9.3.25.v20180904, build timestamp: 2018-09-04T21:11:46Z, git hash: 3ce520221d0240229c862b122d2b06c12a625732
2019-09-29 06:07:38,139 [main] INFO  handler.ContextHandler (ContextHandler.java:doStart(781)) - Started o.e.j.s.ServletContextHandler@2d9de284{/logs,file:///workdir/hadoop-ozone/integration-test/target/log,AVAILABLE}
2019-09-29 06:07:38,139 [main] INFO  handler.ContextHandler (ContextHandler.java:doStart(781)) - Started o.e.j.s.ServletContextHandler@7540160e{/static,jar:file:/home/user/.m2/repository/org/apache/hadoop/hadoop-hdds-container-service/0.5.0-SNAPSHOT/hadoop-hdds-container-service-0.5.0-SNAPSHOT.jar!/webapps/static,AVAILABLE}
2019-09-29 06:07:38,170 [main] INFO  handler.ContextHandler (ContextHandler.java:doStart(781)) - Started o.e.j.w.WebAppContext@45c90a05{/,file:///tmp/jetty-0.0.0.0-42673-hddsDatanode-_-any-2358145808824857970.dir/webapp/,AVAILABLE}{/hddsDatanode}
2019-09-29 06:07:38,170 [main] INFO  server.AbstractConnector (AbstractConnector.java:doStart(278)) - Started ServerConnector@296676c4{HTTP/1.1,[http/1.1]}{0.0.0.0:42673}
2019-09-29 06:07:38,172 [main] INFO  server.Server (Server.java:doStart(419)) - Started @697198ms
2019-09-29 06:07:38,172 [main] WARN  impl.MetricsSystemImpl (MetricsSystemImpl.java:register(276)) - Sink prometheus already exists!
2019-09-29 06:07:38,173 [main] INFO  server.BaseHttpServer (BaseHttpServer.java:updateConnectorAddress(215)) - HTTP server of HDDSDATANODE is listening at http://0.0.0.0:42673
2019-09-29 06:07:38,173 [main] INFO  impl.MetricsSystemImpl (MetricsSystemImpl.java:init(158)) - HddsDatanode metrics system started (again)
2019-09-29 06:07:38,181 [org.apache.hadoop.util.JvmPauseMonitor$Monitor@34fce465] INFO  util.JvmPauseMonitor (JvmPauseMonitor.java:run(188)) - Starting JVM pause monitor
2019-09-29 06:07:38,181 [main] INFO  ozone.HddsDatanodeService (HddsDatanodeService.java:start(184)) - HddsDatanodeService host:trunk-nightly-20190929-jf6dg-3667755588 ip:192.168.151.83
2019-09-29 06:07:38,182 [Datanode State Machine Thread - 0] INFO  datanode.InitDatanodeState (InitDatanodeState.java:persistContainerDatanodeDetails(140)) - DatanodeDetails is persisted to /workdir/hadoop-ozone/integration-test/target/test-dir/MiniOzoneClusterImpl-c65cf843-44d5-454c-a5bf-f4b8d0178419/datanode-4/meta/datanode.id
2019-09-29 06:07:38,190 [main] INFO  volume.HddsVolume (HddsVolume.java:<init>(176)) - Creating Volume: /workdir/hadoop-ozone/integration-test/target/test-dir/MiniOzoneClusterImpl-c65cf843-44d5-454c-a5bf-f4b8d0178419/datanode-5/data/containers/hdds of  storage type : DISK and capacity : 1482555576320
2019-09-29 06:07:38,190 [main] INFO  volume.VolumeSet (VolumeSet.java:initializeVolumeSet(170)) - Added Volume : /workdir/hadoop-ozone/integration-test/target/test-dir/MiniOzoneClusterImpl-c65cf843-44d5-454c-a5bf-f4b8d0178419/datanode-5/data/containers/hdds to VolumeSet
2019-09-29 06:07:38,190 [main] INFO  volume.ThrottledAsyncChecker (ThrottledAsyncChecker.java:schedule(139)) - Scheduling a check for org.apache.hadoop.ozone.container.common.volume.HddsVolume@31f7eb8
2019-09-29 06:07:38,191 [main] INFO  volume.HddsVolumeChecker (HddsVolumeChecker.java:checkAllVolumes(202)) - Scheduled health check for volume org.apache.hadoop.ozone.container.common.volume.HddsVolume@31f7eb8
2019-09-29 06:07:38,207 [main] INFO  impl.RaftServerProxy (ConfUtils.java:logGet(43)) - raft.rpc.type = GRPC (default)
2019-09-29 06:07:38,208 [main] INFO  grpc.GrpcFactory (GrpcFactory.java:checkPooledByteBufAllocatorUseCacheForAllThreads(45)) - PERFORMANCE WARNING: useCacheForAllThreads is true that may cause Netty to create a lot garbage objects and, as a result, trigger GC.
	It is recommended to disable useCacheForAllThreads by setting -Dorg.apache.ratis.thirdparty.io.netty.allocator.useCacheForAllThreads=false in command line.
2019-09-29 06:07:38,208 [main] INFO  grpc.GrpcConfigKeys$Server (ConfUtils.java:logGet(43)) - raft.grpc.server.port = 0 (default)
2019-09-29 06:07:38,208 [main] INFO  server.GrpcService (ConfUtils.java:logGet(43)) - raft.grpc.message.size.max = 33570816 (custom)
2019-09-29 06:07:38,209 [main] INFO  server.RaftServerConfigKeys (ConfUtils.java:logGet(43)) - raft.server.log.appender.buffer.byte-limit = 33554432 (custom)
2019-09-29 06:07:38,209 [main] INFO  server.GrpcService (ConfUtils.java:logGet(43)) - raft.grpc.flow.control.window = 1MB (=1048576) (default)
2019-09-29 06:07:38,209 [main] INFO  server.RaftServerConfigKeys (ConfUtils.java:logGet(43)) - raft.server.rpc.request.timeout = 3000ms (default)
2019-09-29 06:07:38,210 [main] INFO  server.RaftServerConfigKeys (ConfUtils.java:logGet(43)) - raft.server.storage.dir = [/workdir/hadoop-ozone/integration-test/target/test-dir/MiniOzoneClusterImpl-c65cf843-44d5-454c-a5bf-f4b8d0178419/datanode-5/data/ratis] (custom)
2019-09-29 06:07:38,211 [main] INFO  hdfs.DFSUtil (DFSUtil.java:httpServerTemplateForNNAndJN(1641)) - Starting Web-server for hddsDatanode at: http://0.0.0.0:0
2019-09-29 06:07:38,212 [main] INFO  server.AuthenticationFilter (AuthenticationFilter.java:constructSecretProvider(240)) - Unable to initialize FileSignerSecretProvider, falling back to use random secrets.
2019-09-29 06:07:38,212 [main] WARN  http.HttpRequestLog (HttpRequestLog.java:getRequestLog(97)) - Jetty request log can only be enabled using Log4j
2019-09-29 06:07:38,213 [main] INFO  http.HttpServer2 (HttpServer2.java:addGlobalFilter(975)) - Added global filter 'safety' (class=org.apache.hadoop.http.HttpServer2$QuotingInputFilter)
2019-09-29 06:07:38,213 [main] INFO  http.HttpServer2 (HttpServer2.java:addFilter(948)) - Added filter static_user_filter (class=org.apache.hadoop.http.lib.StaticUserWebFilter$StaticUserFilter) to context hddsDatanode
2019-09-29 06:07:38,214 [main] INFO  http.HttpServer2 (HttpServer2.java:addFilter(958)) - Added filter static_user_filter (class=org.apache.hadoop.http.lib.StaticUserWebFilter$StaticUserFilter) to context static
2019-09-29 06:07:38,214 [main] INFO  http.HttpServer2 (HttpServer2.java:addFilter(958)) - Added filter static_user_filter (class=org.apache.hadoop.http.lib.StaticUserWebFilter$StaticUserFilter) to context logs
2019-09-29 06:07:38,214 [main] INFO  http.HttpServer2 (HttpServer2.java:bindListener(1191)) - Jetty bound to port 38709
2019-09-29 06:07:38,215 [main] INFO  server.Server (Server.java:doStart(351)) - jetty-9.3.25.v20180904, build timestamp: 2018-09-04T21:11:46Z, git hash: 3ce520221d0240229c862b122d2b06c12a625732
2019-09-29 06:07:38,216 [main] INFO  handler.ContextHandler (ContextHandler.java:doStart(781)) - Started o.e.j.s.ServletContextHandler@2a425cf5{/logs,file:///workdir/hadoop-ozone/integration-test/target/log,AVAILABLE}
2019-09-29 06:07:38,216 [main] INFO  handler.ContextHandler (ContextHandler.java:doStart(781)) - Started o.e.j.s.ServletContextHandler@40b31a16{/static,jar:file:/home/user/.m2/repository/org/apache/hadoop/hadoop-hdds-container-service/0.5.0-SNAPSHOT/hadoop-hdds-container-service-0.5.0-SNAPSHOT.jar!/webapps/static,AVAILABLE}
2019-09-29 06:07:38,252 [main] INFO  handler.ContextHandler (ContextHandler.java:doStart(781)) - Started o.e.j.w.WebAppContext@105dc04d{/,file:///tmp/jetty-0.0.0.0-38709-hddsDatanode-_-any-3105470694824996128.dir/webapp/,AVAILABLE}{/hddsDatanode}
2019-09-29 06:07:38,252 [main] INFO  server.AbstractConnector (AbstractConnector.java:doStart(278)) - Started ServerConnector@504b8705{HTTP/1.1,[http/1.1]}{0.0.0.0:38709}
2019-09-29 06:07:38,254 [main] INFO  server.Server (Server.java:doStart(419)) - Started @697282ms
2019-09-29 06:07:38,255 [main] WARN  impl.MetricsSystemImpl (MetricsSystemImpl.java:register(276)) - Sink prometheus already exists!
2019-09-29 06:07:38,255 [main] INFO  server.BaseHttpServer (BaseHttpServer.java:updateConnectorAddress(215)) - HTTP server of HDDSDATANODE is listening at http://0.0.0.0:38709
2019-09-29 06:07:38,256 [main] INFO  impl.MetricsSystemImpl (MetricsSystemImpl.java:init(158)) - HddsDatanode metrics system started (again)
2019-09-29 06:07:38,261 [org.apache.hadoop.util.JvmPauseMonitor$Monitor@13fa0d27] INFO  util.JvmPauseMonitor (JvmPauseMonitor.java:run(188)) - Starting JVM pause monitor
2019-09-29 06:07:38,262 [main] INFO  ozone.HddsDatanodeService (HddsDatanodeService.java:start(184)) - HddsDatanodeService host:trunk-nightly-20190929-jf6dg-3667755588 ip:192.168.151.83
2019-09-29 06:07:38,263 [Datanode State Machine Thread - 0] INFO  datanode.InitDatanodeState (InitDatanodeState.java:persistContainerDatanodeDetails(140)) - DatanodeDetails is persisted to /workdir/hadoop-ozone/integration-test/target/test-dir/MiniOzoneClusterImpl-c65cf843-44d5-454c-a5bf-f4b8d0178419/datanode-5/meta/datanode.id
2019-09-29 06:07:38,269 [main] INFO  volume.HddsVolume (HddsVolume.java:<init>(176)) - Creating Volume: /workdir/hadoop-ozone/integration-test/target/test-dir/MiniOzoneClusterImpl-c65cf843-44d5-454c-a5bf-f4b8d0178419/datanode-6/data/containers/hdds of  storage type : DISK and capacity : 1482555576320
2019-09-29 06:07:38,270 [main] INFO  volume.VolumeSet (VolumeSet.java:initializeVolumeSet(170)) - Added Volume : /workdir/hadoop-ozone/integration-test/target/test-dir/MiniOzoneClusterImpl-c65cf843-44d5-454c-a5bf-f4b8d0178419/datanode-6/data/containers/hdds to VolumeSet
2019-09-29 06:07:38,270 [main] INFO  volume.ThrottledAsyncChecker (ThrottledAsyncChecker.java:schedule(139)) - Scheduling a check for org.apache.hadoop.ozone.container.common.volume.HddsVolume@386e9fd8
2019-09-29 06:07:38,270 [main] INFO  volume.HddsVolumeChecker (HddsVolumeChecker.java:checkAllVolumes(202)) - Scheduled health check for volume org.apache.hadoop.ozone.container.common.volume.HddsVolume@386e9fd8
2019-09-29 06:07:38,284 [main] INFO  impl.RaftServerProxy (ConfUtils.java:logGet(43)) - raft.rpc.type = GRPC (default)
2019-09-29 06:07:38,284 [main] INFO  grpc.GrpcFactory (GrpcFactory.java:checkPooledByteBufAllocatorUseCacheForAllThreads(45)) - PERFORMANCE WARNING: useCacheForAllThreads is true that may cause Netty to create a lot garbage objects and, as a result, trigger GC.
	It is recommended to disable useCacheForAllThreads by setting -Dorg.apache.ratis.thirdparty.io.netty.allocator.useCacheForAllThreads=false in command line.
2019-09-29 06:07:38,284 [main] INFO  grpc.GrpcConfigKeys$Server (ConfUtils.java:logGet(43)) - raft.grpc.server.port = 0 (default)
2019-09-29 06:07:38,285 [main] INFO  server.GrpcService (ConfUtils.java:logGet(43)) - raft.grpc.message.size.max = 33570816 (custom)
2019-09-29 06:07:38,285 [main] INFO  server.RaftServerConfigKeys (ConfUtils.java:logGet(43)) - raft.server.log.appender.buffer.byte-limit = 33554432 (custom)
2019-09-29 06:07:38,285 [main] INFO  server.GrpcService (ConfUtils.java:logGet(43)) - raft.grpc.flow.control.window = 1MB (=1048576) (default)
2019-09-29 06:07:38,285 [main] INFO  server.RaftServerConfigKeys (ConfUtils.java:logGet(43)) - raft.server.rpc.request.timeout = 3000ms (default)
2019-09-29 06:07:38,286 [main] INFO  server.RaftServerConfigKeys (ConfUtils.java:logGet(43)) - raft.server.storage.dir = [/workdir/hadoop-ozone/integration-test/target/test-dir/MiniOzoneClusterImpl-c65cf843-44d5-454c-a5bf-f4b8d0178419/datanode-6/data/ratis] (custom)
2019-09-29 06:07:38,287 [main] INFO  hdfs.DFSUtil (DFSUtil.java:httpServerTemplateForNNAndJN(1641)) - Starting Web-server for hddsDatanode at: http://0.0.0.0:0
2019-09-29 06:07:38,288 [main] INFO  server.AuthenticationFilter (AuthenticationFilter.java:constructSecretProvider(240)) - Unable to initialize FileSignerSecretProvider, falling back to use random secrets.
2019-09-29 06:07:38,288 [main] WARN  http.HttpRequestLog (HttpRequestLog.java:getRequestLog(97)) - Jetty request log can only be enabled using Log4j
2019-09-29 06:07:38,289 [main] INFO  http.HttpServer2 (HttpServer2.java:addGlobalFilter(975)) - Added global filter 'safety' (class=org.apache.hadoop.http.HttpServer2$QuotingInputFilter)
2019-09-29 06:07:38,290 [main] INFO  http.HttpServer2 (HttpServer2.java:addFilter(948)) - Added filter static_user_filter (class=org.apache.hadoop.http.lib.StaticUserWebFilter$StaticUserFilter) to context hddsDatanode
2019-09-29 06:07:38,290 [main] INFO  http.HttpServer2 (HttpServer2.java:addFilter(958)) - Added filter static_user_filter (class=org.apache.hadoop.http.lib.StaticUserWebFilter$StaticUserFilter) to context logs
2019-09-29 06:07:38,290 [main] INFO  http.HttpServer2 (HttpServer2.java:addFilter(958)) - Added filter static_user_filter (class=org.apache.hadoop.http.lib.StaticUserWebFilter$StaticUserFilter) to context static
2019-09-29 06:07:38,291 [main] INFO  http.HttpServer2 (HttpServer2.java:bindListener(1191)) - Jetty bound to port 38841
2019-09-29 06:07:38,291 [main] INFO  server.Server (Server.java:doStart(351)) - jetty-9.3.25.v20180904, build timestamp: 2018-09-04T21:11:46Z, git hash: 3ce520221d0240229c862b122d2b06c12a625732
2019-09-29 06:07:38,292 [main] INFO  handler.ContextHandler (ContextHandler.java:doStart(781)) - Started o.e.j.s.ServletContextHandler@4540c7{/logs,file:///workdir/hadoop-ozone/integration-test/target/log,AVAILABLE}
2019-09-29 06:07:38,293 [main] INFO  handler.ContextHandler (ContextHandler.java:doStart(781)) - Started o.e.j.s.ServletContextHandler@2bc0b8c8{/static,jar:file:/home/user/.m2/repository/org/apache/hadoop/hadoop-hdds-container-service/0.5.0-SNAPSHOT/hadoop-hdds-container-service-0.5.0-SNAPSHOT.jar!/webapps/static,AVAILABLE}
2019-09-29 06:07:38,326 [main] INFO  handler.ContextHandler (ContextHandler.java:doStart(781)) - Started o.e.j.w.WebAppContext@5f6e2ad9{/,file:///tmp/jetty-0.0.0.0-38841-hddsDatanode-_-any-3283838081624230615.dir/webapp/,AVAILABLE}{/hddsDatanode}
2019-09-29 06:07:38,326 [main] INFO  server.AbstractConnector (AbstractConnector.java:doStart(278)) - Started ServerConnector@3212bfd{HTTP/1.1,[http/1.1]}{0.0.0.0:38841}
2019-09-29 06:07:38,329 [main] INFO  server.Server (Server.java:doStart(419)) - Started @697356ms
2019-09-29 06:07:38,329 [main] WARN  impl.MetricsSystemImpl (MetricsSystemImpl.java:register(276)) - Sink prometheus already exists!
2019-09-29 06:07:38,330 [main] INFO  server.BaseHttpServer (BaseHttpServer.java:updateConnectorAddress(215)) - HTTP server of HDDSDATANODE is listening at http://0.0.0.0:38841
2019-09-29 06:07:38,330 [main] INFO  ozone.MiniOzoneClusterImpl (MiniOzoneClusterImpl.java:lambda$waitForClusterToBeReady$0(147)) - Waiting for cluster to be ready. Got 0 of 7 DN Heartbeats.
2019-09-29 06:07:38,331 [org.apache.hadoop.util.JvmPauseMonitor$Monitor@75d0cee6] INFO  util.JvmPauseMonitor (JvmPauseMonitor.java:run(188)) - Starting JVM pause monitor
2019-09-29 06:07:38,332 [Datanode State Machine Thread - 0] INFO  datanode.InitDatanodeState (InitDatanodeState.java:persistContainerDatanodeDetails(140)) - DatanodeDetails is persisted to /workdir/hadoop-ozone/integration-test/target/test-dir/MiniOzoneClusterImpl-c65cf843-44d5-454c-a5bf-f4b8d0178419/datanode-6/meta/datanode.id
2019-09-29 06:07:39,331 [main] INFO  ozone.MiniOzoneClusterImpl (MiniOzoneClusterImpl.java:lambda$waitForClusterToBeReady$0(147)) - Waiting for cluster to be ready. Got 0 of 7 DN Heartbeats.
2019-09-29 06:07:39,943 [Datanode State Machine Thread - 0] INFO  ozoneimpl.OzoneContainer (OzoneContainer.java:start(217)) - Attempting to start container services.
2019-09-29 06:07:39,944 [Datanode State Machine Thread - 0] INFO  ozoneimpl.OzoneContainer (OzoneContainer.java:startContainerScrub(179)) - Background container scanner has been disabled.
2019-09-29 06:07:39,944 [Datanode State Machine Thread - 0] INFO  ratis.XceiverServerRatis (XceiverServerRatis.java:start(411)) - Starting XceiverServerRatis 155afd32-7b7a-4b1a-9daa-13d05cf6a825 at port 0
2019-09-29 06:07:39,951 [Datanode State Machine Thread - 0] INFO  impl.RaftServerProxy (RaftServerProxy.java:lambda$start$3(299)) - 155afd32-7b7a-4b1a-9daa-13d05cf6a825: start RPC server
2019-09-29 06:07:39,953 [Datanode State Machine Thread - 0] INFO  server.GrpcService (GrpcService.java:startImpl(158)) - 155afd32-7b7a-4b1a-9daa-13d05cf6a825: GrpcService started, listening on 0.0.0.0/0.0.0.0:41995
2019-09-29 06:07:39,953 [Datanode State Machine Thread - 0] INFO  ratis.XceiverServerRatis (XceiverServerRatis.java:start(421)) - XceiverServerRatis 155afd32-7b7a-4b1a-9daa-13d05cf6a825 is started using port 41995
2019-09-29 06:07:39,965 [Datanode State Machine Thread - 0] INFO  server.XceiverServerGrpc (XceiverServerGrpc.java:start(149)) - XceiverServerGrpc 155afd32-7b7a-4b1a-9daa-13d05cf6a825 is started using port 36002
2019-09-29 06:07:39,986 [Datanode State Machine Thread - 0] INFO  ozoneimpl.OzoneContainer (OzoneContainer.java:start(217)) - Attempting to start container services.
2019-09-29 06:07:39,987 [Datanode State Machine Thread - 0] INFO  ozoneimpl.OzoneContainer (OzoneContainer.java:startContainerScrub(179)) - Background container scanner has been disabled.
2019-09-29 06:07:39,987 [Datanode State Machine Thread - 0] INFO  ratis.XceiverServerRatis (XceiverServerRatis.java:start(411)) - Starting XceiverServerRatis 4e029b57-ef99-4eb3-a202-8445721934be at port 0
2019-09-29 06:07:39,993 [Datanode State Machine Thread - 0] INFO  impl.RaftServerProxy (RaftServerProxy.java:lambda$start$3(299)) - 4e029b57-ef99-4eb3-a202-8445721934be: start RPC server
2019-09-29 06:07:39,995 [Datanode State Machine Thread - 0] INFO  server.GrpcService (GrpcService.java:startImpl(158)) - 4e029b57-ef99-4eb3-a202-8445721934be: GrpcService started, listening on 0.0.0.0/0.0.0.0:34101
2019-09-29 06:07:39,995 [Datanode State Machine Thread - 0] INFO  ratis.XceiverServerRatis (XceiverServerRatis.java:start(421)) - XceiverServerRatis 4e029b57-ef99-4eb3-a202-8445721934be is started using port 34101
2019-09-29 06:07:39,995 [Datanode State Machine Thread - 0] INFO  server.XceiverServerGrpc (XceiverServerGrpc.java:start(149)) - XceiverServerGrpc 4e029b57-ef99-4eb3-a202-8445721934be is started using port 42166
2019-09-29 06:07:40,054 [Datanode State Machine Thread - 0] INFO  ozoneimpl.OzoneContainer (OzoneContainer.java:start(217)) - Attempting to start container services.
2019-09-29 06:07:40,054 [Datanode State Machine Thread - 0] INFO  ozoneimpl.OzoneContainer (OzoneContainer.java:startContainerScrub(179)) - Background container scanner has been disabled.
2019-09-29 06:07:40,054 [Datanode State Machine Thread - 0] INFO  ratis.XceiverServerRatis (XceiverServerRatis.java:start(411)) - Starting XceiverServerRatis eb230cd1-3410-4a2d-b462-9a03cd2a50d5 at port 0
2019-09-29 06:07:40,062 [Datanode State Machine Thread - 0] INFO  impl.RaftServerProxy (RaftServerProxy.java:lambda$start$3(299)) - eb230cd1-3410-4a2d-b462-9a03cd2a50d5: start RPC server
2019-09-29 06:07:40,063 [Datanode State Machine Thread - 0] INFO  server.GrpcService (GrpcService.java:startImpl(158)) - eb230cd1-3410-4a2d-b462-9a03cd2a50d5: GrpcService started, listening on 0.0.0.0/0.0.0.0:36031
2019-09-29 06:07:40,063 [Datanode State Machine Thread - 0] INFO  ratis.XceiverServerRatis (XceiverServerRatis.java:start(421)) - XceiverServerRatis eb230cd1-3410-4a2d-b462-9a03cd2a50d5 is started using port 36031
2019-09-29 06:07:40,073 [Datanode State Machine Thread - 0] INFO  server.XceiverServerGrpc (XceiverServerGrpc.java:start(149)) - XceiverServerGrpc eb230cd1-3410-4a2d-b462-9a03cd2a50d5 is started using port 45115
2019-09-29 06:07:40,122 [Datanode State Machine Thread - 0] INFO  ozoneimpl.OzoneContainer (OzoneContainer.java:start(217)) - Attempting to start container services.
2019-09-29 06:07:40,122 [Datanode State Machine Thread - 0] INFO  ozoneimpl.OzoneContainer (OzoneContainer.java:startContainerScrub(179)) - Background container scanner has been disabled.
2019-09-29 06:07:40,122 [Datanode State Machine Thread - 0] INFO  ratis.XceiverServerRatis (XceiverServerRatis.java:start(411)) - Starting XceiverServerRatis e32827da-fefa-4c91-8e8c-7e9707bb3d63 at port 0
2019-09-29 06:07:40,130 [Datanode State Machine Thread - 0] INFO  impl.RaftServerProxy (RaftServerProxy.java:lambda$start$3(299)) - e32827da-fefa-4c91-8e8c-7e9707bb3d63: start RPC server
2019-09-29 06:07:40,133 [Datanode State Machine Thread - 0] INFO  server.GrpcService (GrpcService.java:startImpl(158)) - e32827da-fefa-4c91-8e8c-7e9707bb3d63: GrpcService started, listening on 0.0.0.0/0.0.0.0:39603
2019-09-29 06:07:40,133 [Datanode State Machine Thread - 0] INFO  ratis.XceiverServerRatis (XceiverServerRatis.java:start(421)) - XceiverServerRatis e32827da-fefa-4c91-8e8c-7e9707bb3d63 is started using port 39603
2019-09-29 06:07:40,134 [Datanode State Machine Thread - 0] INFO  server.XceiverServerGrpc (XceiverServerGrpc.java:start(149)) - XceiverServerGrpc e32827da-fefa-4c91-8e8c-7e9707bb3d63 is started using port 37211
2019-09-29 06:07:40,198 [Datanode State Machine Thread - 0] INFO  ozoneimpl.OzoneContainer (OzoneContainer.java:start(217)) - Attempting to start container services.
2019-09-29 06:07:40,198 [Datanode State Machine Thread - 0] INFO  ozoneimpl.OzoneContainer (OzoneContainer.java:startContainerScrub(179)) - Background container scanner has been disabled.
2019-09-29 06:07:40,199 [Datanode State Machine Thread - 0] INFO  ratis.XceiverServerRatis (XceiverServerRatis.java:start(411)) - Starting XceiverServerRatis 6a374731-cae4-4078-a303-24268fd38917 at port 0
2019-09-29 06:07:40,206 [Datanode State Machine Thread - 0] INFO  impl.RaftServerProxy (RaftServerProxy.java:lambda$start$3(299)) - 6a374731-cae4-4078-a303-24268fd38917: start RPC server
2019-09-29 06:07:40,207 [Datanode State Machine Thread - 0] INFO  server.GrpcService (GrpcService.java:startImpl(158)) - 6a374731-cae4-4078-a303-24268fd38917: GrpcService started, listening on 0.0.0.0/0.0.0.0:36151
2019-09-29 06:07:40,207 [Datanode State Machine Thread - 0] INFO  ratis.XceiverServerRatis (XceiverServerRatis.java:start(421)) - XceiverServerRatis 6a374731-cae4-4078-a303-24268fd38917 is started using port 36151
2019-09-29 06:07:40,208 [Datanode State Machine Thread - 0] INFO  server.XceiverServerGrpc (XceiverServerGrpc.java:start(149)) - XceiverServerGrpc 6a374731-cae4-4078-a303-24268fd38917 is started using port 39607
2019-09-29 06:07:40,277 [Datanode State Machine Thread - 0] INFO  ozoneimpl.OzoneContainer (OzoneContainer.java:start(217)) - Attempting to start container services.
2019-09-29 06:07:40,277 [Datanode State Machine Thread - 0] INFO  ozoneimpl.OzoneContainer (OzoneContainer.java:startContainerScrub(179)) - Background container scanner has been disabled.
2019-09-29 06:07:40,277 [Datanode State Machine Thread - 0] INFO  ratis.XceiverServerRatis (XceiverServerRatis.java:start(411)) - Starting XceiverServerRatis 24090ede-3c03-4fff-9b4f-9beb681f64a5 at port 0
2019-09-29 06:07:40,284 [Datanode State Machine Thread - 0] INFO  impl.RaftServerProxy (RaftServerProxy.java:lambda$start$3(299)) - 24090ede-3c03-4fff-9b4f-9beb681f64a5: start RPC server
2019-09-29 06:07:40,285 [Datanode State Machine Thread - 0] INFO  server.GrpcService (GrpcService.java:startImpl(158)) - 24090ede-3c03-4fff-9b4f-9beb681f64a5: GrpcService started, listening on 0.0.0.0/0.0.0.0:38521
2019-09-29 06:07:40,285 [Datanode State Machine Thread - 0] INFO  ratis.XceiverServerRatis (XceiverServerRatis.java:start(421)) - XceiverServerRatis 24090ede-3c03-4fff-9b4f-9beb681f64a5 is started using port 38521
2019-09-29 06:07:40,286 [Datanode State Machine Thread - 0] INFO  server.XceiverServerGrpc (XceiverServerGrpc.java:start(149)) - XceiverServerGrpc 24090ede-3c03-4fff-9b4f-9beb681f64a5 is started using port 40774
2019-09-29 06:07:40,332 [main] INFO  ozone.MiniOzoneClusterImpl (MiniOzoneClusterImpl.java:lambda$waitForClusterToBeReady$0(147)) - Waiting for cluster to be ready. Got 0 of 7 DN Heartbeats.
2019-09-29 06:07:40,345 [Datanode State Machine Thread - 0] INFO  ozoneimpl.OzoneContainer (OzoneContainer.java:start(217)) - Attempting to start container services.
2019-09-29 06:07:40,345 [Datanode State Machine Thread - 0] INFO  ozoneimpl.OzoneContainer (OzoneContainer.java:startContainerScrub(179)) - Background container scanner has been disabled.
2019-09-29 06:07:40,345 [Datanode State Machine Thread - 0] INFO  ratis.XceiverServerRatis (XceiverServerRatis.java:start(411)) - Starting XceiverServerRatis 227ddd0a-6d1c-4677-b85b-540243285816 at port 0
2019-09-29 06:07:40,352 [Datanode State Machine Thread - 0] INFO  impl.RaftServerProxy (RaftServerProxy.java:lambda$start$3(299)) - 227ddd0a-6d1c-4677-b85b-540243285816: start RPC server
2019-09-29 06:07:40,352 [Datanode State Machine Thread - 0] INFO  server.GrpcService (GrpcService.java:startImpl(158)) - 227ddd0a-6d1c-4677-b85b-540243285816: GrpcService started, listening on 0.0.0.0/0.0.0.0:40356
2019-09-29 06:07:40,352 [Datanode State Machine Thread - 0] INFO  ratis.XceiverServerRatis (XceiverServerRatis.java:start(421)) - XceiverServerRatis 227ddd0a-6d1c-4677-b85b-540243285816 is started using port 40356
2019-09-29 06:07:40,353 [Datanode State Machine Thread - 0] INFO  server.XceiverServerGrpc (XceiverServerGrpc.java:start(149)) - XceiverServerGrpc 227ddd0a-6d1c-4677-b85b-540243285816 is started using port 43448
2019-09-29 06:07:41,333 [main] INFO  ozone.MiniOzoneClusterImpl (MiniOzoneClusterImpl.java:lambda$waitForClusterToBeReady$0(147)) - Waiting for cluster to be ready. Got 0 of 7 DN Heartbeats.
2019-09-29 06:07:41,906 [IPC Server handler 3 on 43764] INFO  net.NetworkTopology (NetworkTopologyImpl.java:add(111)) - Added a new node: /default-rack/155afd32-7b7a-4b1a-9daa-13d05cf6a825
2019-09-29 06:07:41,910 [IPC Server handler 3 on 43764] INFO  node.SCMNodeManager (SCMNodeManager.java:register(266)) - Registered Data node : 155afd32-7b7a-4b1a-9daa-13d05cf6a825{ip: 192.168.151.83, host: trunk-nightly-20190929-jf6dg-3667755588, networkLocation: /default-rack, certSerialId: null}
2019-09-29 06:07:41,911 [EventQueue-NodeRegistrationContainerReportForDataNodeSafeModeRule] INFO  safemode.SCMSafeModeManager (DataNodeSafeModeRule.java:process(71)) - SCM in safe mode. 1 DataNodes registered, 1 required.
2019-09-29 06:07:41,914 [EventQueue-NodeRegistrationContainerReportForDataNodeSafeModeRule] INFO  safemode.SCMSafeModeManager (SCMSafeModeManager.java:validateSafeModeExitRules(177)) - ScmSafeModeManager, all rules are successfully validated
2019-09-29 06:07:41,914 [EventQueue-NodeRegistrationContainerReportForDataNodeSafeModeRule] INFO  safemode.SCMSafeModeManager (SCMSafeModeManager.java:exitSafeMode(193)) - SCM exiting safe mode.
2019-09-29 06:07:41,928 [grpc-default-executor-11] INFO  impl.RaftServerProxy (RaftServerProxy.java:addNew(89)) - 155afd32-7b7a-4b1a-9daa-13d05cf6a825: addNew group-842F58B975B1:[155afd32-7b7a-4b1a-9daa-13d05cf6a825:192.168.151.83:41995] returns group-842F58B975B1:java.util.concurrent.CompletableFuture@6a494e39[Not completed]
2019-09-29 06:07:41,932 [pool-679-thread-1] INFO  impl.RaftServerImpl (RaftServerImpl.java:<init>(95)) - 155afd32-7b7a-4b1a-9daa-13d05cf6a825: new RaftServerImpl for group-842F58B975B1:[155afd32-7b7a-4b1a-9daa-13d05cf6a825:192.168.151.83:41995] with ContainerStateMachine:uninitialized
2019-09-29 06:07:41,932 [pool-679-thread-1] INFO  server.RaftServerConfigKeys (ConfUtils.java:logGet(43)) - raft.server.rpc.timeout.min = 5s (custom)
2019-09-29 06:07:41,933 [pool-679-thread-1] INFO  server.RaftServerConfigKeys (ConfUtils.java:logGet(43)) - raft.server.rpc.timeout.max = 5200ms (custom)
2019-09-29 06:07:41,933 [pool-679-thread-1] INFO  server.RaftServerConfigKeys (ConfUtils.java:logGet(43)) - raft.server.rpcslowness.timeout = 120s (custom)
2019-09-29 06:07:41,933 [pool-679-thread-1] INFO  server.RaftServerConfigKeys (ConfUtils.java:logGet(43)) - raft.server.sleep.deviation.threshold = 300 (default)
2019-09-29 06:07:41,933 [pool-679-thread-1] INFO  server.RaftServerConfigKeys (ConfUtils.java:logGet(43)) - raft.server.log.appender.install.snapshot.enabled = false (custom)
2019-09-29 06:07:41,933 [pool-679-thread-1] INFO  impl.RaftServerImpl (ServerState.java:<init>(103)) - 155afd32-7b7a-4b1a-9daa-13d05cf6a825@group-842F58B975B1: ConfigurationManager, init=-1: [155afd32-7b7a-4b1a-9daa-13d05cf6a825:192.168.151.83:41995], old=null, confs=<EMPTY_MAP>
2019-09-29 06:07:41,933 [pool-679-thread-1] INFO  server.RaftServerConfigKeys (ConfUtils.java:logGet(43)) - raft.server.storage.dir = [/workdir/hadoop-ozone/integration-test/target/test-dir/MiniOzoneClusterImpl-c65cf843-44d5-454c-a5bf-f4b8d0178419/datanode-0/data/ratis] (custom)
2019-09-29 06:07:41,934 [pool-679-thread-1] INFO  storage.RaftStorageDirectory (RaftStorageDirectory.java:analyzeStorage(246)) - The storage directory /workdir/hadoop-ozone/integration-test/target/test-dir/MiniOzoneClusterImpl-c65cf843-44d5-454c-a5bf-f4b8d0178419/datanode-0/data/ratis/7b9176ce-3191-4ddb-80c6-842f58b975b1 does not exist. Creating ...
2019-09-29 06:07:41,948 [pool-679-thread-1] INFO  storage.RaftStorageDirectory (RaftStorageDirectory.java:tryLock(328)) - Lock on /workdir/hadoop-ozone/integration-test/target/test-dir/MiniOzoneClusterImpl-c65cf843-44d5-454c-a5bf-f4b8d0178419/datanode-0/data/ratis/7b9176ce-3191-4ddb-80c6-842f58b975b1/in_use.lock acquired by nodename 23005@trunk-nightly-20190929-jf6dg-3667755588
2019-09-29 06:07:41,961 [pool-679-thread-1] INFO  storage.RaftStorage (RaftStorage.java:format(72)) - Storage directory /workdir/hadoop-ozone/integration-test/target/test-dir/MiniOzoneClusterImpl-c65cf843-44d5-454c-a5bf-f4b8d0178419/datanode-0/data/ratis/7b9176ce-3191-4ddb-80c6-842f58b975b1 has been successfully formatted.
2019-09-29 06:07:41,961 [pool-679-thread-1] INFO  ratis.ContainerStateMachine (ContainerStateMachine.java:loadSnapshot(230)) - group-842F58B975B1: The snapshot info is null. Setting the last applied indexto:(t:0, i:~)
2019-09-29 06:07:41,961 [pool-679-thread-1] INFO  server.RaftServerConfigKeys (ConfUtils.java:logGet(43)) - raft.server.notification.no-leader.timeout = 120s (custom)
2019-09-29 06:07:41,961 [pool-679-thread-1] INFO  server.RaftServerConfigKeys (ConfUtils.java:logGet(43)) - raft.server.log.use.memory = false (default)
2019-09-29 06:07:41,961 [pool-679-thread-1] INFO  server.RaftServerConfigKeys (ConfUtils.java:logGet(43)) - raft.server.log.purge.gap = 1000000 (custom)
2019-09-29 06:07:41,962 [pool-679-thread-1] INFO  server.RaftServerConfigKeys (ConfUtils.java:logGet(43)) - raft.server.log.appender.buffer.byte-limit = 33554432 (custom)
2019-09-29 06:07:41,962 [pool-679-thread-1] INFO  server.RaftServerConfigKeys (ConfUtils.java:logGet(43)) - raft.server.log.segment.size.max = 1048576 (custom)
2019-09-29 06:07:41,962 [pool-679-thread-1] INFO  server.RaftServerConfigKeys (ConfUtils.java:logGet(43)) - raft.server.log.segment.cache.num.max = 2 (custom)
2019-09-29 06:07:41,962 [pool-679-thread-1] INFO  segmented.SegmentedRaftLogWorker (SegmentedRaftLogWorker.java:<init>(172)) - new 155afd32-7b7a-4b1a-9daa-13d05cf6a825@group-842F58B975B1-SegmentedRaftLogWorker for RaftStorage:Storage Directory /workdir/hadoop-ozone/integration-test/target/test-dir/MiniOzoneClusterImpl-c65cf843-44d5-454c-a5bf-f4b8d0178419/datanode-0/data/ratis/7b9176ce-3191-4ddb-80c6-842f58b975b1
2019-09-29 06:07:41,963 [pool-679-thread-1] INFO  server.RaftServerConfigKeys (ConfUtils.java:logGet(43)) - raft.server.log.queue.byte-limit = 2147483647 (custom)
2019-09-29 06:07:41,963 [pool-679-thread-1] INFO  server.RaftServerConfigKeys (ConfUtils.java:logGet(43)) - raft.server.log.queue.element-limit = 1024 (custom)
2019-09-29 06:07:41,964 [pool-679-thread-1] INFO  server.RaftServerConfigKeys (ConfUtils.java:logGet(43)) - raft.server.log.segment.size.max = 1048576 (custom)
2019-09-29 06:07:41,964 [pool-679-thread-1] INFO  server.RaftServerConfigKeys (ConfUtils.java:logGet(43)) - raft.server.log.preallocated.size = 16384 (custom)
2019-09-29 06:07:41,964 [pool-679-thread-1] INFO  server.RaftServerConfigKeys (ConfUtils.java:logGet(43)) - raft.server.log.write.buffer.size = 33554432 (custom)
2019-09-29 06:07:41,964 [pool-679-thread-1] INFO  server.RaftServerConfigKeys (ConfUtils.java:logGet(43)) - raft.server.log.force.sync.num = 128 (default)
2019-09-29 06:07:41,964 [pool-679-thread-1] INFO  server.RaftServerConfigKeys (ConfUtils.java:logGet(43)) - raft.server.log.statemachine.data.sync = true (default)
2019-09-29 06:07:41,964 [pool-679-thread-1] INFO  server.RaftServerConfigKeys (ConfUtils.java:logGet(43)) - raft.server.log.statemachine.data.sync.timeout = 10s (default)
2019-09-29 06:07:41,964 [pool-679-thread-1] INFO  server.RaftServerConfigKeys (ConfUtils.java:logGet(43)) - raft.server.log.statemachine.data.sync.timeout.retry = -1 (default)
2019-09-29 06:07:41,964 [pool-679-thread-1] INFO  server.RaftServerConfigKeys (ConfUtils.java:logGet(43)) - raft.server.log.statemachine.data.caching.enabled = true (custom)
2019-09-29 06:07:41,965 [pool-679-thread-1] INFO  segmented.SegmentedRaftLogWorker (SegmentedRaftLogWorker.java:lambda$new$0(132)) - 155afd32-7b7a-4b1a-9daa-13d05cf6a825@group-842F58B975B1-SegmentedRaftLogWorker: flushIndex: setUnconditionally 0 -> -1
2019-09-29 06:07:41,965 [pool-679-thread-1] INFO  server.RaftServerConfigKeys (ConfUtils.java:logGet(43)) - raft.server.snapshot.auto.trigger.enabled = true (custom)
2019-09-29 06:07:41,965 [pool-679-thread-1] INFO  server.RaftServerConfigKeys (ConfUtils.java:logGet(43)) - raft.server.snapshot.auto.trigger.threshold = 10000 (custom)
2019-09-29 06:07:41,965 [pool-679-thread-1] INFO  server.RaftServerConfigKeys (ConfUtils.java:logGet(43)) - raft.server.snapshot.retention.num.files = 5 (custom)
2019-09-29 06:07:41,965 [pool-679-thread-1] INFO  server.RaftServerConfigKeys (ConfUtils.java:logGet(43)) - raft.server.retrycache.expirytime = 600000ms (custom)
2019-09-29 06:07:41,966 [pool-679-thread-1] INFO  impl.RaftServerImpl (RaftServerImpl.java:start(185)) - 155afd32-7b7a-4b1a-9daa-13d05cf6a825@group-842F58B975B1: start as a follower, conf=-1: [155afd32-7b7a-4b1a-9daa-13d05cf6a825:192.168.151.83:41995], old=null
2019-09-29 06:07:41,967 [pool-679-thread-1] INFO  impl.RaftServerImpl (RaftServerImpl.java:setRole(174)) - 155afd32-7b7a-4b1a-9daa-13d05cf6a825@group-842F58B975B1: changes role from      null to FOLLOWER at term 0 for startAsFollower
2019-09-29 06:07:41,967 [pool-679-thread-1] INFO  impl.RoleInfo (RoleInfo.java:updateAndGet(143)) - 155afd32-7b7a-4b1a-9daa-13d05cf6a825: start FollowerState
2019-09-29 06:07:41,967 [pool-679-thread-1] INFO  util.JmxRegister (JmxRegister.java:tryRegister(44)) - Successfully registered JMX Bean with object name Ratis:service=RaftServer,group=group-842F58B975B1,id=155afd32-7b7a-4b1a-9daa-13d05cf6a825
2019-09-29 06:07:41,970 [RatisPipelineUtilsThread] INFO  pipeline.PipelineStateManager (PipelineStateManager.java:addPipeline(56)) - Created pipeline Pipeline[ Id: 7b9176ce-3191-4ddb-80c6-842f58b975b1, Nodes: 155afd32-7b7a-4b1a-9daa-13d05cf6a825{ip: 192.168.151.83, host: trunk-nightly-20190929-jf6dg-3667755588, networkLocation: /default-rack, certSerialId: null}, Type:RATIS, Factor:ONE, State:OPEN]
2019-09-29 06:07:41,972 [IPC Server handler 4 on 43764] INFO  net.NetworkTopology (NetworkTopologyImpl.java:add(111)) - Added a new node: /default-rack/4e029b57-ef99-4eb3-a202-8445721934be
2019-09-29 06:07:41,973 [IPC Server handler 4 on 43764] INFO  node.SCMNodeManager (SCMNodeManager.java:register(266)) - Registered Data node : 4e029b57-ef99-4eb3-a202-8445721934be{ip: 192.168.151.83, host: trunk-nightly-20190929-jf6dg-3667755588, networkLocation: /default-rack, certSerialId: null}
2019-09-29 06:07:41,979 [grpc-default-executor-11] INFO  impl.RaftServerProxy (RaftServerProxy.java:addNew(89)) - 4e029b57-ef99-4eb3-a202-8445721934be: addNew group-42B2F395208B:[4e029b57-ef99-4eb3-a202-8445721934be:192.168.151.83:34101] returns group-42B2F395208B:java.util.concurrent.CompletableFuture@26da036c[Not completed]
2019-09-29 06:07:41,981 [pool-689-thread-1] INFO  impl.RaftServerImpl (RaftServerImpl.java:<init>(95)) - 4e029b57-ef99-4eb3-a202-8445721934be: new RaftServerImpl for group-42B2F395208B:[4e029b57-ef99-4eb3-a202-8445721934be:192.168.151.83:34101] with ContainerStateMachine:uninitialized
2019-09-29 06:07:41,982 [pool-689-thread-1] INFO  server.RaftServerConfigKeys (ConfUtils.java:logGet(43)) - raft.server.rpc.timeout.min = 5s (custom)
2019-09-29 06:07:41,982 [pool-689-thread-1] INFO  server.RaftServerConfigKeys (ConfUtils.java:logGet(43)) - raft.server.rpc.timeout.max = 5200ms (custom)
2019-09-29 06:07:41,982 [pool-689-thread-1] INFO  server.RaftServerConfigKeys (ConfUtils.java:logGet(43)) - raft.server.rpcslowness.timeout = 120s (custom)
2019-09-29 06:07:41,982 [pool-689-thread-1] INFO  server.RaftServerConfigKeys (ConfUtils.java:logGet(43)) - raft.server.sleep.deviation.threshold = 300 (default)
2019-09-29 06:07:41,982 [pool-689-thread-1] INFO  server.RaftServerConfigKeys (ConfUtils.java:logGet(43)) - raft.server.log.appender.install.snapshot.enabled = false (custom)
2019-09-29 06:07:41,983 [pool-689-thread-1] INFO  impl.RaftServerImpl (ServerState.java:<init>(103)) - 4e029b57-ef99-4eb3-a202-8445721934be@group-42B2F395208B: ConfigurationManager, init=-1: [4e029b57-ef99-4eb3-a202-8445721934be:192.168.151.83:34101], old=null, confs=<EMPTY_MAP>
2019-09-29 06:07:41,983 [pool-689-thread-1] INFO  server.RaftServerConfigKeys (ConfUtils.java:logGet(43)) - raft.server.storage.dir = [/workdir/hadoop-ozone/integration-test/target/test-dir/MiniOzoneClusterImpl-c65cf843-44d5-454c-a5bf-f4b8d0178419/datanode-1/data/ratis] (custom)
2019-09-29 06:07:41,983 [pool-689-thread-1] INFO  storage.RaftStorageDirectory (RaftStorageDirectory.java:analyzeStorage(246)) - The storage directory /workdir/hadoop-ozone/integration-test/target/test-dir/MiniOzoneClusterImpl-c65cf843-44d5-454c-a5bf-f4b8d0178419/datanode-1/data/ratis/46665cae-a45b-4005-b732-42b2f395208b does not exist. Creating ...
2019-09-29 06:07:41,998 [pool-689-thread-1] INFO  storage.RaftStorageDirectory (RaftStorageDirectory.java:tryLock(328)) - Lock on /workdir/hadoop-ozone/integration-test/target/test-dir/MiniOzoneClusterImpl-c65cf843-44d5-454c-a5bf-f4b8d0178419/datanode-1/data/ratis/46665cae-a45b-4005-b732-42b2f395208b/in_use.lock acquired by nodename 23005@trunk-nightly-20190929-jf6dg-3667755588
2019-09-29 06:07:42,011 [pool-689-thread-1] INFO  storage.RaftStorage (RaftStorage.java:format(72)) - Storage directory /workdir/hadoop-ozone/integration-test/target/test-dir/MiniOzoneClusterImpl-c65cf843-44d5-454c-a5bf-f4b8d0178419/datanode-1/data/ratis/46665cae-a45b-4005-b732-42b2f395208b has been successfully formatted.
2019-09-29 06:07:42,012 [pool-689-thread-1] INFO  ratis.ContainerStateMachine (ContainerStateMachine.java:loadSnapshot(230)) - group-42B2F395208B: The snapshot info is null. Setting the last applied indexto:(t:0, i:~)
2019-09-29 06:07:42,012 [pool-689-thread-1] INFO  server.RaftServerConfigKeys (ConfUtils.java:logGet(43)) - raft.server.notification.no-leader.timeout = 120s (custom)
2019-09-29 06:07:42,012 [pool-689-thread-1] INFO  server.RaftServerConfigKeys (ConfUtils.java:logGet(43)) - raft.server.log.use.memory = false (default)
2019-09-29 06:07:42,012 [pool-689-thread-1] INFO  server.RaftServerConfigKeys (ConfUtils.java:logGet(43)) - raft.server.log.purge.gap = 1000000 (custom)
2019-09-29 06:07:42,012 [pool-689-thread-1] INFO  server.RaftServerConfigKeys (ConfUtils.java:logGet(43)) - raft.server.log.appender.buffer.byte-limit = 33554432 (custom)
2019-09-29 06:07:42,013 [pool-689-thread-1] INFO  server.RaftServerConfigKeys (ConfUtils.java:logGet(43)) - raft.server.log.segment.size.max = 1048576 (custom)
2019-09-29 06:07:42,013 [pool-689-thread-1] INFO  server.RaftServerConfigKeys (ConfUtils.java:logGet(43)) - raft.server.log.segment.cache.num.max = 2 (custom)
2019-09-29 06:07:42,013 [pool-689-thread-1] INFO  segmented.SegmentedRaftLogWorker (SegmentedRaftLogWorker.java:<init>(172)) - new 4e029b57-ef99-4eb3-a202-8445721934be@group-42B2F395208B-SegmentedRaftLogWorker for RaftStorage:Storage Directory /workdir/hadoop-ozone/integration-test/target/test-dir/MiniOzoneClusterImpl-c65cf843-44d5-454c-a5bf-f4b8d0178419/datanode-1/data/ratis/46665cae-a45b-4005-b732-42b2f395208b
2019-09-29 06:07:42,016 [pool-689-thread-1] INFO  server.RaftServerConfigKeys (ConfUtils.java:logGet(43)) - raft.server.log.queue.byte-limit = 2147483647 (custom)
2019-09-29 06:07:42,016 [pool-689-thread-1] INFO  server.RaftServerConfigKeys (ConfUtils.java:logGet(43)) - raft.server.log.queue.element-limit = 1024 (custom)
2019-09-29 06:07:42,016 [pool-689-thread-1] INFO  server.RaftServerConfigKeys (ConfUtils.java:logGet(43)) - raft.server.log.segment.size.max = 1048576 (custom)
2019-09-29 06:07:42,016 [pool-689-thread-1] INFO  server.RaftServerConfigKeys (ConfUtils.java:logGet(43)) - raft.server.log.preallocated.size = 16384 (custom)
2019-09-29 06:07:42,016 [pool-689-thread-1] INFO  server.RaftServerConfigKeys (ConfUtils.java:logGet(43)) - raft.server.log.write.buffer.size = 33554432 (custom)
2019-09-29 06:07:42,017 [pool-689-thread-1] INFO  server.RaftServerConfigKeys (ConfUtils.java:logGet(43)) - raft.server.log.force.sync.num = 128 (default)
2019-09-29 06:07:42,017 [pool-689-thread-1] INFO  server.RaftServerConfigKeys (ConfUtils.java:logGet(43)) - raft.server.log.statemachine.data.sync = true (default)
2019-09-29 06:07:42,017 [pool-689-thread-1] INFO  server.RaftServerConfigKeys (ConfUtils.java:logGet(43)) - raft.server.log.statemachine.data.sync.timeout = 10s (default)
2019-09-29 06:07:42,017 [pool-689-thread-1] INFO  server.RaftServerConfigKeys (ConfUtils.java:logGet(43)) - raft.server.log.statemachine.data.sync.timeout.retry = -1 (default)
2019-09-29 06:07:42,017 [pool-689-thread-1] INFO  server.RaftServerConfigKeys (ConfUtils.java:logGet(43)) - raft.server.log.statemachine.data.caching.enabled = true (custom)
2019-09-29 06:07:42,018 [pool-689-thread-1] INFO  segmented.SegmentedRaftLogWorker (SegmentedRaftLogWorker.java:lambda$new$0(132)) - 4e029b57-ef99-4eb3-a202-8445721934be@group-42B2F395208B-SegmentedRaftLogWorker: flushIndex: setUnconditionally 0 -> -1
2019-09-29 06:07:42,018 [pool-689-thread-1] INFO  server.RaftServerConfigKeys (ConfUtils.java:logGet(43)) - raft.server.snapshot.auto.trigger.enabled = true (custom)
2019-09-29 06:07:42,018 [pool-689-thread-1] INFO  server.RaftServerConfigKeys (ConfUtils.java:logGet(43)) - raft.server.snapshot.auto.trigger.threshold = 10000 (custom)
2019-09-29 06:07:42,018 [pool-689-thread-1] INFO  server.RaftServerConfigKeys (ConfUtils.java:logGet(43)) - raft.server.snapshot.retention.num.files = 5 (custom)
2019-09-29 06:07:42,018 [pool-689-thread-1] INFO  server.RaftServerConfigKeys (ConfUtils.java:logGet(43)) - raft.server.retrycache.expirytime = 600000ms (custom)
2019-09-29 06:07:42,020 [pool-689-thread-1] INFO  impl.RaftServerImpl (RaftServerImpl.java:start(185)) - 4e029b57-ef99-4eb3-a202-8445721934be@group-42B2F395208B: start as a follower, conf=-1: [4e029b57-ef99-4eb3-a202-8445721934be:192.168.151.83:34101], old=null
2019-09-29 06:07:42,020 [pool-689-thread-1] INFO  impl.RaftServerImpl (RaftServerImpl.java:setRole(174)) - 4e029b57-ef99-4eb3-a202-8445721934be@group-42B2F395208B: changes role from      null to FOLLOWER at term 0 for startAsFollower
2019-09-29 06:07:42,021 [pool-689-thread-1] INFO  impl.RoleInfo (RoleInfo.java:updateAndGet(143)) - 4e029b57-ef99-4eb3-a202-8445721934be: start FollowerState
2019-09-29 06:07:42,021 [pool-689-thread-1] INFO  util.JmxRegister (JmxRegister.java:tryRegister(44)) - Successfully registered JMX Bean with object name Ratis:service=RaftServer,group=group-42B2F395208B,id=4e029b57-ef99-4eb3-a202-8445721934be
2019-09-29 06:07:42,023 [RatisPipelineUtilsThread] INFO  pipeline.PipelineStateManager (PipelineStateManager.java:addPipeline(56)) - Created pipeline Pipeline[ Id: 46665cae-a45b-4005-b732-42b2f395208b, Nodes: 4e029b57-ef99-4eb3-a202-8445721934be{ip: 192.168.151.83, host: trunk-nightly-20190929-jf6dg-3667755588, networkLocation: /default-rack, certSerialId: null}, Type:RATIS, Factor:ONE, State:OPEN]
2019-09-29 06:07:42,040 [IPC Server handler 5 on 43764] INFO  net.NetworkTopology (NetworkTopologyImpl.java:add(111)) - Added a new node: /default-rack/eb230cd1-3410-4a2d-b462-9a03cd2a50d5
2019-09-29 06:07:42,040 [IPC Server handler 5 on 43764] INFO  node.SCMNodeManager (SCMNodeManager.java:register(266)) - Registered Data node : eb230cd1-3410-4a2d-b462-9a03cd2a50d5{ip: 192.168.151.83, host: trunk-nightly-20190929-jf6dg-3667755588, networkLocation: /default-rack, certSerialId: null}
2019-09-29 06:07:42,050 [grpc-default-executor-11] INFO  impl.RaftServerProxy (RaftServerProxy.java:addNew(89)) - eb230cd1-3410-4a2d-b462-9a03cd2a50d5: addNew group-5587530BF203:[eb230cd1-3410-4a2d-b462-9a03cd2a50d5:192.168.151.83:36031] returns group-5587530BF203:java.util.concurrent.CompletableFuture@1e706cdd[Not completed]
2019-09-29 06:07:42,052 [pool-699-thread-1] INFO  impl.RaftServerImpl (RaftServerImpl.java:<init>(95)) - eb230cd1-3410-4a2d-b462-9a03cd2a50d5: new RaftServerImpl for group-5587530BF203:[eb230cd1-3410-4a2d-b462-9a03cd2a50d5:192.168.151.83:36031] with ContainerStateMachine:uninitialized
2019-09-29 06:07:42,052 [pool-699-thread-1] INFO  server.RaftServerConfigKeys (ConfUtils.java:logGet(43)) - raft.server.rpc.timeout.min = 5s (custom)
2019-09-29 06:07:42,052 [pool-699-thread-1] INFO  server.RaftServerConfigKeys (ConfUtils.java:logGet(43)) - raft.server.rpc.timeout.max = 5200ms (custom)
2019-09-29 06:07:42,052 [pool-699-thread-1] INFO  server.RaftServerConfigKeys (ConfUtils.java:logGet(43)) - raft.server.rpcslowness.timeout = 120s (custom)
2019-09-29 06:07:42,052 [pool-699-thread-1] INFO  server.RaftServerConfigKeys (ConfUtils.java:logGet(43)) - raft.server.sleep.deviation.threshold = 300 (default)
2019-09-29 06:07:42,052 [pool-699-thread-1] INFO  server.RaftServerConfigKeys (ConfUtils.java:logGet(43)) - raft.server.log.appender.install.snapshot.enabled = false (custom)
2019-09-29 06:07:42,053 [pool-699-thread-1] INFO  impl.RaftServerImpl (ServerState.java:<init>(103)) - eb230cd1-3410-4a2d-b462-9a03cd2a50d5@group-5587530BF203: ConfigurationManager, init=-1: [eb230cd1-3410-4a2d-b462-9a03cd2a50d5:192.168.151.83:36031], old=null, confs=<EMPTY_MAP>
2019-09-29 06:07:42,053 [pool-699-thread-1] INFO  server.RaftServerConfigKeys (ConfUtils.java:logGet(43)) - raft.server.storage.dir = [/workdir/hadoop-ozone/integration-test/target/test-dir/MiniOzoneClusterImpl-c65cf843-44d5-454c-a5bf-f4b8d0178419/datanode-2/data/ratis] (custom)
2019-09-29 06:07:42,053 [pool-699-thread-1] INFO  storage.RaftStorageDirectory (RaftStorageDirectory.java:analyzeStorage(246)) - The storage directory /workdir/hadoop-ozone/integration-test/target/test-dir/MiniOzoneClusterImpl-c65cf843-44d5-454c-a5bf-f4b8d0178419/datanode-2/data/ratis/6c5c682e-1147-4aeb-823d-5587530bf203 does not exist. Creating ...
2019-09-29 06:07:42,066 [pool-699-thread-1] INFO  storage.RaftStorageDirectory (RaftStorageDirectory.java:tryLock(328)) - Lock on /workdir/hadoop-ozone/integration-test/target/test-dir/MiniOzoneClusterImpl-c65cf843-44d5-454c-a5bf-f4b8d0178419/datanode-2/data/ratis/6c5c682e-1147-4aeb-823d-5587530bf203/in_use.lock acquired by nodename 23005@trunk-nightly-20190929-jf6dg-3667755588
2019-09-29 06:07:42,079 [pool-699-thread-1] INFO  storage.RaftStorage (RaftStorage.java:format(72)) - Storage directory /workdir/hadoop-ozone/integration-test/target/test-dir/MiniOzoneClusterImpl-c65cf843-44d5-454c-a5bf-f4b8d0178419/datanode-2/data/ratis/6c5c682e-1147-4aeb-823d-5587530bf203 has been successfully formatted.
2019-09-29 06:07:42,079 [pool-699-thread-1] INFO  ratis.ContainerStateMachine (ContainerStateMachine.java:loadSnapshot(230)) - group-5587530BF203: The snapshot info is null. Setting the last applied indexto:(t:0, i:~)
2019-09-29 06:07:42,079 [pool-699-thread-1] INFO  server.RaftServerConfigKeys (ConfUtils.java:logGet(43)) - raft.server.notification.no-leader.timeout = 120s (custom)
2019-09-29 06:07:42,080 [pool-699-thread-1] INFO  server.RaftServerConfigKeys (ConfUtils.java:logGet(43)) - raft.server.log.use.memory = false (default)
2019-09-29 06:07:42,080 [pool-699-thread-1] INFO  server.RaftServerConfigKeys (ConfUtils.java:logGet(43)) - raft.server.log.purge.gap = 1000000 (custom)
2019-09-29 06:07:42,080 [pool-699-thread-1] INFO  server.RaftServerConfigKeys (ConfUtils.java:logGet(43)) - raft.server.log.appender.buffer.byte-limit = 33554432 (custom)
2019-09-29 06:07:42,080 [pool-699-thread-1] INFO  server.RaftServerConfigKeys (ConfUtils.java:logGet(43)) - raft.server.log.segment.size.max = 1048576 (custom)
2019-09-29 06:07:42,080 [pool-699-thread-1] INFO  server.RaftServerConfigKeys (ConfUtils.java:logGet(43)) - raft.server.log.segment.cache.num.max = 2 (custom)
2019-09-29 06:07:42,080 [pool-699-thread-1] INFO  segmented.SegmentedRaftLogWorker (SegmentedRaftLogWorker.java:<init>(172)) - new eb230cd1-3410-4a2d-b462-9a03cd2a50d5@group-5587530BF203-SegmentedRaftLogWorker for RaftStorage:Storage Directory /workdir/hadoop-ozone/integration-test/target/test-dir/MiniOzoneClusterImpl-c65cf843-44d5-454c-a5bf-f4b8d0178419/datanode-2/data/ratis/6c5c682e-1147-4aeb-823d-5587530bf203
2019-09-29 06:07:42,082 [pool-699-thread-1] INFO  server.RaftServerConfigKeys (ConfUtils.java:logGet(43)) - raft.server.log.queue.byte-limit = 2147483647 (custom)
2019-09-29 06:07:42,082 [pool-699-thread-1] INFO  server.RaftServerConfigKeys (ConfUtils.java:logGet(43)) - raft.server.log.queue.element-limit = 1024 (custom)
2019-09-29 06:07:42,082 [pool-699-thread-1] INFO  server.RaftServerConfigKeys (ConfUtils.java:logGet(43)) - raft.server.log.segment.size.max = 1048576 (custom)
2019-09-29 06:07:42,082 [pool-699-thread-1] INFO  server.RaftServerConfigKeys (ConfUtils.java:logGet(43)) - raft.server.log.preallocated.size = 16384 (custom)
2019-09-29 06:07:42,082 [pool-699-thread-1] INFO  server.RaftServerConfigKeys (ConfUtils.java:logGet(43)) - raft.server.log.write.buffer.size = 33554432 (custom)
2019-09-29 06:07:42,082 [pool-699-thread-1] INFO  server.RaftServerConfigKeys (ConfUtils.java:logGet(43)) - raft.server.log.force.sync.num = 128 (default)
2019-09-29 06:07:42,083 [pool-699-thread-1] INFO  server.RaftServerConfigKeys (ConfUtils.java:logGet(43)) - raft.server.log.statemachine.data.sync = true (default)
2019-09-29 06:07:42,083 [pool-699-thread-1] INFO  server.RaftServerConfigKeys (ConfUtils.java:logGet(43)) - raft.server.log.statemachine.data.sync.timeout = 10s (default)
2019-09-29 06:07:42,083 [pool-699-thread-1] INFO  server.RaftServerConfigKeys (ConfUtils.java:logGet(43)) - raft.server.log.statemachine.data.sync.timeout.retry = -1 (default)
2019-09-29 06:07:42,083 [pool-699-thread-1] INFO  server.RaftServerConfigKeys (ConfUtils.java:logGet(43)) - raft.server.log.statemachine.data.caching.enabled = true (custom)
2019-09-29 06:07:42,083 [pool-699-thread-1] INFO  segmented.SegmentedRaftLogWorker (SegmentedRaftLogWorker.java:lambda$new$0(132)) - eb230cd1-3410-4a2d-b462-9a03cd2a50d5@group-5587530BF203-SegmentedRaftLogWorker: flushIndex: setUnconditionally 0 -> -1
2019-09-29 06:07:42,084 [pool-699-thread-1] INFO  server.RaftServerConfigKeys (ConfUtils.java:logGet(43)) - raft.server.snapshot.auto.trigger.enabled = true (custom)
2019-09-29 06:07:42,084 [pool-699-thread-1] INFO  server.RaftServerConfigKeys (ConfUtils.java:logGet(43)) - raft.server.snapshot.auto.trigger.threshold = 10000 (custom)
2019-09-29 06:07:42,084 [pool-699-thread-1] INFO  server.RaftServerConfigKeys (ConfUtils.java:logGet(43)) - raft.server.snapshot.retention.num.files = 5 (custom)
2019-09-29 06:07:42,084 [pool-699-thread-1] INFO  server.RaftServerConfigKeys (ConfUtils.java:logGet(43)) - raft.server.retrycache.expirytime = 600000ms (custom)
2019-09-29 06:07:42,086 [pool-699-thread-1] INFO  impl.RaftServerImpl (RaftServerImpl.java:start(185)) - eb230cd1-3410-4a2d-b462-9a03cd2a50d5@group-5587530BF203: start as a follower, conf=-1: [eb230cd1-3410-4a2d-b462-9a03cd2a50d5:192.168.151.83:36031], old=null
2019-09-29 06:07:42,086 [pool-699-thread-1] INFO  impl.RaftServerImpl (RaftServerImpl.java:setRole(174)) - eb230cd1-3410-4a2d-b462-9a03cd2a50d5@group-5587530BF203: changes role from      null to FOLLOWER at term 0 for startAsFollower
2019-09-29 06:07:42,086 [pool-699-thread-1] INFO  impl.RoleInfo (RoleInfo.java:updateAndGet(143)) - eb230cd1-3410-4a2d-b462-9a03cd2a50d5: start FollowerState
2019-09-29 06:07:42,087 [pool-699-thread-1] INFO  util.JmxRegister (JmxRegister.java:tryRegister(44)) - Successfully registered JMX Bean with object name Ratis:service=RaftServer,group=group-5587530BF203,id=eb230cd1-3410-4a2d-b462-9a03cd2a50d5
2019-09-29 06:07:42,088 [RatisPipelineUtilsThread] INFO  pipeline.PipelineStateManager (PipelineStateManager.java:addPipeline(56)) - Created pipeline Pipeline[ Id: 6c5c682e-1147-4aeb-823d-5587530bf203, Nodes: eb230cd1-3410-4a2d-b462-9a03cd2a50d5{ip: 192.168.151.83, host: trunk-nightly-20190929-jf6dg-3667755588, networkLocation: /default-rack, certSerialId: null}, Type:RATIS, Factor:ONE, State:OPEN]
2019-09-29 06:07:42,098 [grpc-default-executor-8] INFO  impl.RaftServerProxy (RaftServerProxy.java:addNew(89)) - 155afd32-7b7a-4b1a-9daa-13d05cf6a825: addNew group-65B983C014FC:[4e029b57-ef99-4eb3-a202-8445721934be:192.168.151.83:34101, 155afd32-7b7a-4b1a-9daa-13d05cf6a825:192.168.151.83:41995, eb230cd1-3410-4a2d-b462-9a03cd2a50d5:192.168.151.83:36031] returns group-65B983C014FC:java.util.concurrent.CompletableFuture@28a55ba7[Not completed]
2019-09-29 06:07:42,099 [grpc-default-executor-8] INFO  impl.RaftServerProxy (RaftServerProxy.java:addNew(89)) - 4e029b57-ef99-4eb3-a202-8445721934be: addNew group-65B983C014FC:[4e029b57-ef99-4eb3-a202-8445721934be:192.168.151.83:34101, 155afd32-7b7a-4b1a-9daa-13d05cf6a825:192.168.151.83:41995, eb230cd1-3410-4a2d-b462-9a03cd2a50d5:192.168.151.83:36031] returns group-65B983C014FC:java.util.concurrent.CompletableFuture@31a65327[Not completed]
2019-09-29 06:07:42,099 [grpc-default-executor-1] INFO  impl.RaftServerProxy (RaftServerProxy.java:addNew(89)) - eb230cd1-3410-4a2d-b462-9a03cd2a50d5: addNew group-65B983C014FC:[4e029b57-ef99-4eb3-a202-8445721934be:192.168.151.83:34101, 155afd32-7b7a-4b1a-9daa-13d05cf6a825:192.168.151.83:41995, eb230cd1-3410-4a2d-b462-9a03cd2a50d5:192.168.151.83:36031] returns group-65B983C014FC:java.util.concurrent.CompletableFuture@ad70c50[Not completed]
2019-09-29 06:07:42,099 [pool-679-thread-1] INFO  impl.RaftServerImpl (RaftServerImpl.java:<init>(95)) - 155afd32-7b7a-4b1a-9daa-13d05cf6a825: new RaftServerImpl for group-65B983C014FC:[4e029b57-ef99-4eb3-a202-8445721934be:192.168.151.83:34101, 155afd32-7b7a-4b1a-9daa-13d05cf6a825:192.168.151.83:41995, eb230cd1-3410-4a2d-b462-9a03cd2a50d5:192.168.151.83:36031] with ContainerStateMachine:uninitialized
2019-09-29 06:07:42,100 [pool-679-thread-1] INFO  server.RaftServerConfigKeys (ConfUtils.java:logGet(43)) - raft.server.rpc.timeout.min = 5s (custom)
2019-09-29 06:07:42,100 [pool-679-thread-1] INFO  server.RaftServerConfigKeys (ConfUtils.java:logGet(43)) - raft.server.rpc.timeout.max = 5200ms (custom)
2019-09-29 06:07:42,100 [pool-679-thread-1] INFO  server.RaftServerConfigKeys (ConfUtils.java:logGet(43)) - raft.server.rpcslowness.timeout = 120s (custom)
2019-09-29 06:07:42,100 [pool-679-thread-1] INFO  server.RaftServerConfigKeys (ConfUtils.java:logGet(43)) - raft.server.sleep.deviation.threshold = 300 (default)
2019-09-29 06:07:42,100 [pool-679-thread-1] INFO  server.RaftServerConfigKeys (ConfUtils.java:logGet(43)) - raft.server.log.appender.install.snapshot.enabled = false (custom)
2019-09-29 06:07:42,100 [pool-699-thread-1] INFO  impl.RaftServerImpl (RaftServerImpl.java:<init>(95)) - eb230cd1-3410-4a2d-b462-9a03cd2a50d5: new RaftServerImpl for group-65B983C014FC:[4e029b57-ef99-4eb3-a202-8445721934be:192.168.151.83:34101, 155afd32-7b7a-4b1a-9daa-13d05cf6a825:192.168.151.83:41995, eb230cd1-3410-4a2d-b462-9a03cd2a50d5:192.168.151.83:36031] with ContainerStateMachine:uninitialized
2019-09-29 06:07:42,100 [pool-679-thread-1] INFO  impl.RaftServerImpl (ServerState.java:<init>(103)) - 155afd32-7b7a-4b1a-9daa-13d05cf6a825@group-65B983C014FC: ConfigurationManager, init=-1: [4e029b57-ef99-4eb3-a202-8445721934be:192.168.151.83:34101, 155afd32-7b7a-4b1a-9daa-13d05cf6a825:192.168.151.83:41995, eb230cd1-3410-4a2d-b462-9a03cd2a50d5:192.168.151.83:36031], old=null, confs=<EMPTY_MAP>
2019-09-29 06:07:42,100 [pool-699-thread-1] INFO  server.RaftServerConfigKeys (ConfUtils.java:logGet(43)) - raft.server.rpc.timeout.min = 5s (custom)
2019-09-29 06:07:42,101 [pool-679-thread-1] INFO  server.RaftServerConfigKeys (ConfUtils.java:logGet(43)) - raft.server.storage.dir = [/workdir/hadoop-ozone/integration-test/target/test-dir/MiniOzoneClusterImpl-c65cf843-44d5-454c-a5bf-f4b8d0178419/datanode-0/data/ratis] (custom)
2019-09-29 06:07:42,101 [pool-699-thread-1] INFO  server.RaftServerConfigKeys (ConfUtils.java:logGet(43)) - raft.server.rpc.timeout.max = 5200ms (custom)
2019-09-29 06:07:42,101 [pool-699-thread-1] INFO  server.RaftServerConfigKeys (ConfUtils.java:logGet(43)) - raft.server.rpcslowness.timeout = 120s (custom)
2019-09-29 06:07:42,101 [pool-689-thread-1] INFO  impl.RaftServerImpl (RaftServerImpl.java:<init>(95)) - 4e029b57-ef99-4eb3-a202-8445721934be: new RaftServerImpl for group-65B983C014FC:[4e029b57-ef99-4eb3-a202-8445721934be:192.168.151.83:34101, 155afd32-7b7a-4b1a-9daa-13d05cf6a825:192.168.151.83:41995, eb230cd1-3410-4a2d-b462-9a03cd2a50d5:192.168.151.83:36031] with ContainerStateMachine:uninitialized
2019-09-29 06:07:42,101 [pool-679-thread-1] INFO  storage.RaftStorageDirectory (RaftStorageDirectory.java:analyzeStorage(246)) - The storage directory /workdir/hadoop-ozone/integration-test/target/test-dir/MiniOzoneClusterImpl-c65cf843-44d5-454c-a5bf-f4b8d0178419/datanode-0/data/ratis/797b3b44-3a21-4892-8512-65b983c014fc does not exist. Creating ...
2019-09-29 06:07:42,101 [pool-699-thread-1] INFO  server.RaftServerConfigKeys (ConfUtils.java:logGet(43)) - raft.server.sleep.deviation.threshold = 300 (default)
2019-09-29 06:07:42,101 [pool-699-thread-1] INFO  server.RaftServerConfigKeys (ConfUtils.java:logGet(43)) - raft.server.log.appender.install.snapshot.enabled = false (custom)
2019-09-29 06:07:42,101 [pool-689-thread-1] INFO  server.RaftServerConfigKeys (ConfUtils.java:logGet(43)) - raft.server.rpc.timeout.min = 5s (custom)
2019-09-29 06:07:42,101 [pool-699-thread-1] INFO  impl.RaftServerImpl (ServerState.java:<init>(103)) - eb230cd1-3410-4a2d-b462-9a03cd2a50d5@group-65B983C014FC: ConfigurationManager, init=-1: [4e029b57-ef99-4eb3-a202-8445721934be:192.168.151.83:34101, 155afd32-7b7a-4b1a-9daa-13d05cf6a825:192.168.151.83:41995, eb230cd1-3410-4a2d-b462-9a03cd2a50d5:192.168.151.83:36031], old=null, confs=<EMPTY_MAP>
2019-09-29 06:07:42,101 [pool-689-thread-1] INFO  server.RaftServerConfigKeys (ConfUtils.java:logGet(43)) - raft.server.rpc.timeout.max = 5200ms (custom)
2019-09-29 06:07:42,101 [pool-699-thread-1] INFO  server.RaftServerConfigKeys (ConfUtils.java:logGet(43)) - raft.server.storage.dir = [/workdir/hadoop-ozone/integration-test/target/test-dir/MiniOzoneClusterImpl-c65cf843-44d5-454c-a5bf-f4b8d0178419/datanode-2/data/ratis] (custom)
2019-09-29 06:07:42,102 [pool-689-thread-1] INFO  server.RaftServerConfigKeys (ConfUtils.java:logGet(43)) - raft.server.rpcslowness.timeout = 120s (custom)
2019-09-29 06:07:42,102 [pool-699-thread-1] INFO  storage.RaftStorageDirectory (RaftStorageDirectory.java:analyzeStorage(246)) - The storage directory /workdir/hadoop-ozone/integration-test/target/test-dir/MiniOzoneClusterImpl-c65cf843-44d5-454c-a5bf-f4b8d0178419/datanode-2/data/ratis/797b3b44-3a21-4892-8512-65b983c014fc does not exist. Creating ...
2019-09-29 06:07:42,102 [pool-689-thread-1] INFO  server.RaftServerConfigKeys (ConfUtils.java:logGet(43)) - raft.server.sleep.deviation.threshold = 300 (default)
2019-09-29 06:07:42,102 [pool-689-thread-1] INFO  server.RaftServerConfigKeys (ConfUtils.java:logGet(43)) - raft.server.log.appender.install.snapshot.enabled = false (custom)
2019-09-29 06:07:42,102 [pool-689-thread-1] INFO  impl.RaftServerImpl (ServerState.java:<init>(103)) - 4e029b57-ef99-4eb3-a202-8445721934be@group-65B983C014FC: ConfigurationManager, init=-1: [4e029b57-ef99-4eb3-a202-8445721934be:192.168.151.83:34101, 155afd32-7b7a-4b1a-9daa-13d05cf6a825:192.168.151.83:41995, eb230cd1-3410-4a2d-b462-9a03cd2a50d5:192.168.151.83:36031], old=null, confs=<EMPTY_MAP>
2019-09-29 06:07:42,103 [pool-689-thread-1] INFO  server.RaftServerConfigKeys (ConfUtils.java:logGet(43)) - raft.server.storage.dir = [/workdir/hadoop-ozone/integration-test/target/test-dir/MiniOzoneClusterImpl-c65cf843-44d5-454c-a5bf-f4b8d0178419/datanode-1/data/ratis] (custom)
2019-09-29 06:07:42,103 [pool-689-thread-1] INFO  storage.RaftStorageDirectory (RaftStorageDirectory.java:analyzeStorage(246)) - The storage directory /workdir/hadoop-ozone/integration-test/target/test-dir/MiniOzoneClusterImpl-c65cf843-44d5-454c-a5bf-f4b8d0178419/datanode-1/data/ratis/797b3b44-3a21-4892-8512-65b983c014fc does not exist. Creating ...
2019-09-29 06:07:42,109 [IPC Server handler 6 on 43764] INFO  net.NetworkTopology (NetworkTopologyImpl.java:add(111)) - Added a new node: /default-rack/e32827da-fefa-4c91-8e8c-7e9707bb3d63
2019-09-29 06:07:42,109 [IPC Server handler 6 on 43764] INFO  node.SCMNodeManager (SCMNodeManager.java:register(266)) - Registered Data node : e32827da-fefa-4c91-8e8c-7e9707bb3d63{ip: 192.168.151.83, host: trunk-nightly-20190929-jf6dg-3667755588, networkLocation: /default-rack, certSerialId: null}
2019-09-29 06:07:42,126 [pool-689-thread-1] INFO  storage.RaftStorageDirectory (RaftStorageDirectory.java:tryLock(328)) - Lock on /workdir/hadoop-ozone/integration-test/target/test-dir/MiniOzoneClusterImpl-c65cf843-44d5-454c-a5bf-f4b8d0178419/datanode-1/data/ratis/797b3b44-3a21-4892-8512-65b983c014fc/in_use.lock acquired by nodename 23005@trunk-nightly-20190929-jf6dg-3667755588
2019-09-29 06:07:42,126 [pool-679-thread-1] INFO  storage.RaftStorageDirectory (RaftStorageDirectory.java:tryLock(328)) - Lock on /workdir/hadoop-ozone/integration-test/target/test-dir/MiniOzoneClusterImpl-c65cf843-44d5-454c-a5bf-f4b8d0178419/datanode-0/data/ratis/797b3b44-3a21-4892-8512-65b983c014fc/in_use.lock acquired by nodename 23005@trunk-nightly-20190929-jf6dg-3667755588
2019-09-29 06:07:42,126 [pool-699-thread-1] INFO  storage.RaftStorageDirectory (RaftStorageDirectory.java:tryLock(328)) - Lock on /workdir/hadoop-ozone/integration-test/target/test-dir/MiniOzoneClusterImpl-c65cf843-44d5-454c-a5bf-f4b8d0178419/datanode-2/data/ratis/797b3b44-3a21-4892-8512-65b983c014fc/in_use.lock acquired by nodename 23005@trunk-nightly-20190929-jf6dg-3667755588
2019-09-29 06:07:42,152 [pool-699-thread-1] INFO  storage.RaftStorage (RaftStorage.java:format(72)) - Storage directory /workdir/hadoop-ozone/integration-test/target/test-dir/MiniOzoneClusterImpl-c65cf843-44d5-454c-a5bf-f4b8d0178419/datanode-2/data/ratis/797b3b44-3a21-4892-8512-65b983c014fc has been successfully formatted.
2019-09-29 06:07:42,152 [pool-679-thread-1] INFO  storage.RaftStorage (RaftStorage.java:format(72)) - Storage directory /workdir/hadoop-ozone/integration-test/target/test-dir/MiniOzoneClusterImpl-c65cf843-44d5-454c-a5bf-f4b8d0178419/datanode-0/data/ratis/797b3b44-3a21-4892-8512-65b983c014fc has been successfully formatted.
2019-09-29 06:07:42,152 [pool-689-thread-1] INFO  storage.RaftStorage (RaftStorage.java:format(72)) - Storage directory /workdir/hadoop-ozone/integration-test/target/test-dir/MiniOzoneClusterImpl-c65cf843-44d5-454c-a5bf-f4b8d0178419/datanode-1/data/ratis/797b3b44-3a21-4892-8512-65b983c014fc has been successfully formatted.
2019-09-29 06:07:42,152 [pool-679-thread-1] INFO  ratis.ContainerStateMachine (ContainerStateMachine.java:loadSnapshot(230)) - group-65B983C014FC: The snapshot info is null. Setting the last applied indexto:(t:0, i:~)
2019-09-29 06:07:42,152 [pool-699-thread-1] INFO  ratis.ContainerStateMachine (ContainerStateMachine.java:loadSnapshot(230)) - group-65B983C014FC: The snapshot info is null. Setting the last applied indexto:(t:0, i:~)
2019-09-29 06:07:42,152 [pool-679-thread-1] INFO  server.RaftServerConfigKeys (ConfUtils.java:logGet(43)) - raft.server.notification.no-leader.timeout = 120s (custom)
2019-09-29 06:07:42,152 [pool-689-thread-1] INFO  ratis.ContainerStateMachine (ContainerStateMachine.java:loadSnapshot(230)) - group-65B983C014FC: The snapshot info is null. Setting the last applied indexto:(t:0, i:~)
2019-09-29 06:07:42,153 [pool-679-thread-1] INFO  server.RaftServerConfigKeys (ConfUtils.java:logGet(43)) - raft.server.log.use.memory = false (default)
2019-09-29 06:07:42,152 [pool-699-thread-1] INFO  server.RaftServerConfigKeys (ConfUtils.java:logGet(43)) - raft.server.notification.no-leader.timeout = 120s (custom)
2019-09-29 06:07:42,153 [pool-679-thread-1] INFO  server.RaftServerConfigKeys (ConfUtils.java:logGet(43)) - raft.server.log.purge.gap = 1000000 (custom)
2019-09-29 06:07:42,153 [pool-689-thread-1] INFO  server.RaftServerConfigKeys (ConfUtils.java:logGet(43)) - raft.server.notification.no-leader.timeout = 120s (custom)
2019-09-29 06:07:42,153 [pool-679-thread-1] INFO  server.RaftServerConfigKeys (ConfUtils.java:logGet(43)) - raft.server.log.appender.buffer.byte-limit = 33554432 (custom)
2019-09-29 06:07:42,153 [pool-699-thread-1] INFO  server.RaftServerConfigKeys (ConfUtils.java:logGet(43)) - raft.server.log.use.memory = false (default)
2019-09-29 06:07:42,153 [pool-679-thread-1] INFO  server.RaftServerConfigKeys (ConfUtils.java:logGet(43)) - raft.server.log.segment.size.max = 1048576 (custom)
2019-09-29 06:07:42,153 [pool-689-thread-1] INFO  server.RaftServerConfigKeys (ConfUtils.java:logGet(43)) - raft.server.log.use.memory = false (default)
2019-09-29 06:07:42,154 [pool-679-thread-1] INFO  server.RaftServerConfigKeys (ConfUtils.java:logGet(43)) - raft.server.log.segment.cache.num.max = 2 (custom)
2019-09-29 06:07:42,154 [pool-699-thread-1] INFO  server.RaftServerConfigKeys (ConfUtils.java:logGet(43)) - raft.server.log.purge.gap = 1000000 (custom)
2019-09-29 06:07:42,154 [pool-679-thread-1] INFO  segmented.SegmentedRaftLogWorker (SegmentedRaftLogWorker.java:<init>(172)) - new 155afd32-7b7a-4b1a-9daa-13d05cf6a825@group-65B983C014FC-SegmentedRaftLogWorker for RaftStorage:Storage Directory /workdir/hadoop-ozone/integration-test/target/test-dir/MiniOzoneClusterImpl-c65cf843-44d5-454c-a5bf-f4b8d0178419/datanode-0/data/ratis/797b3b44-3a21-4892-8512-65b983c014fc
2019-09-29 06:07:42,154 [pool-689-thread-1] INFO  server.RaftServerConfigKeys (ConfUtils.java:logGet(43)) - raft.server.log.purge.gap = 1000000 (custom)
2019-09-29 06:07:42,154 [pool-679-thread-1] INFO  server.RaftServerConfigKeys (ConfUtils.java:logGet(43)) - raft.server.log.queue.byte-limit = 2147483647 (custom)
2019-09-29 06:07:42,154 [pool-699-thread-1] INFO  server.RaftServerConfigKeys (ConfUtils.java:logGet(43)) - raft.server.log.appender.buffer.byte-limit = 33554432 (custom)
2019-09-29 06:07:42,155 [pool-679-thread-1] INFO  server.RaftServerConfigKeys (ConfUtils.java:logGet(43)) - raft.server.log.queue.element-limit = 1024 (custom)
2019-09-29 06:07:42,154 [pool-689-thread-1] INFO  server.RaftServerConfigKeys (ConfUtils.java:logGet(43)) - raft.server.log.appender.buffer.byte-limit = 33554432 (custom)
2019-09-29 06:07:42,155 [pool-679-thread-1] INFO  server.RaftServerConfigKeys (ConfUtils.java:logGet(43)) - raft.server.log.segment.size.max = 1048576 (custom)
2019-09-29 06:07:42,155 [pool-679-thread-1] INFO  server.RaftServerConfigKeys (ConfUtils.java:logGet(43)) - raft.server.log.preallocated.size = 16384 (custom)
2019-09-29 06:07:42,155 [pool-699-thread-1] INFO  server.RaftServerConfigKeys (ConfUtils.java:logGet(43)) - raft.server.log.segment.size.max = 1048576 (custom)
2019-09-29 06:07:42,155 [pool-679-thread-1] INFO  server.RaftServerConfigKeys (ConfUtils.java:logGet(43)) - raft.server.log.write.buffer.size = 33554432 (custom)
2019-09-29 06:07:42,156 [pool-679-thread-1] INFO  server.RaftServerConfigKeys (ConfUtils.java:logGet(43)) - raft.server.log.force.sync.num = 128 (default)
2019-09-29 06:07:42,155 [pool-689-thread-1] INFO  server.RaftServerConfigKeys (ConfUtils.java:logGet(43)) - raft.server.log.segment.size.max = 1048576 (custom)
2019-09-29 06:07:42,156 [pool-679-thread-1] INFO  server.RaftServerConfigKeys (ConfUtils.java:logGet(43)) - raft.server.log.statemachine.data.sync = true (default)
2019-09-29 06:07:42,156 [pool-679-thread-1] INFO  server.RaftServerConfigKeys (ConfUtils.java:logGet(43)) - raft.server.log.statemachine.data.sync.timeout = 10s (default)
2019-09-29 06:07:42,155 [pool-699-thread-1] INFO  server.RaftServerConfigKeys (ConfUtils.java:logGet(43)) - raft.server.log.segment.cache.num.max = 2 (custom)
2019-09-29 06:07:42,156 [pool-679-thread-1] INFO  server.RaftServerConfigKeys (ConfUtils.java:logGet(43)) - raft.server.log.statemachine.data.sync.timeout.retry = -1 (default)
2019-09-29 06:07:42,156 [pool-689-thread-1] INFO  server.RaftServerConfigKeys (ConfUtils.java:logGet(43)) - raft.server.log.segment.cache.num.max = 2 (custom)
2019-09-29 06:07:42,156 [pool-679-thread-1] INFO  server.RaftServerConfigKeys (ConfUtils.java:logGet(43)) - raft.server.log.statemachine.data.caching.enabled = true (custom)
2019-09-29 06:07:42,156 [pool-699-thread-1] INFO  segmented.SegmentedRaftLogWorker (SegmentedRaftLogWorker.java:<init>(172)) - new eb230cd1-3410-4a2d-b462-9a03cd2a50d5@group-65B983C014FC-SegmentedRaftLogWorker for RaftStorage:Storage Directory /workdir/hadoop-ozone/integration-test/target/test-dir/MiniOzoneClusterImpl-c65cf843-44d5-454c-a5bf-f4b8d0178419/datanode-2/data/ratis/797b3b44-3a21-4892-8512-65b983c014fc
2019-09-29 06:07:42,157 [pool-679-thread-1] INFO  segmented.SegmentedRaftLogWorker (SegmentedRaftLogWorker.java:lambda$new$0(132)) - 155afd32-7b7a-4b1a-9daa-13d05cf6a825@group-65B983C014FC-SegmentedRaftLogWorker: flushIndex: setUnconditionally 0 -> -1
2019-09-29 06:07:42,157 [pool-689-thread-1] INFO  segmented.SegmentedRaftLogWorker (SegmentedRaftLogWorker.java:<init>(172)) - new 4e029b57-ef99-4eb3-a202-8445721934be@group-65B983C014FC-SegmentedRaftLogWorker for RaftStorage:Storage Directory /workdir/hadoop-ozone/integration-test/target/test-dir/MiniOzoneClusterImpl-c65cf843-44d5-454c-a5bf-f4b8d0178419/datanode-1/data/ratis/797b3b44-3a21-4892-8512-65b983c014fc
2019-09-29 06:07:42,157 [pool-699-thread-1] INFO  server.RaftServerConfigKeys (ConfUtils.java:logGet(43)) - raft.server.log.queue.byte-limit = 2147483647 (custom)
2019-09-29 06:07:42,157 [pool-679-thread-1] INFO  server.RaftServerConfigKeys (ConfUtils.java:logGet(43)) - raft.server.snapshot.auto.trigger.enabled = true (custom)
2019-09-29 06:07:42,157 [pool-689-thread-1] INFO  server.RaftServerConfigKeys (ConfUtils.java:logGet(43)) - raft.server.log.queue.byte-limit = 2147483647 (custom)
2019-09-29 06:07:42,158 [pool-679-thread-1] INFO  server.RaftServerConfigKeys (ConfUtils.java:logGet(43)) - raft.server.snapshot.auto.trigger.threshold = 10000 (custom)
2019-09-29 06:07:42,157 [pool-699-thread-1] INFO  server.RaftServerConfigKeys (ConfUtils.java:logGet(43)) - raft.server.log.queue.element-limit = 1024 (custom)
2019-09-29 06:07:42,158 [pool-679-thread-1] INFO  server.RaftServerConfigKeys (ConfUtils.java:logGet(43)) - raft.server.snapshot.retention.num.files = 5 (custom)
2019-09-29 06:07:42,158 [pool-689-thread-1] INFO  server.RaftServerConfigKeys (ConfUtils.java:logGet(43)) - raft.server.log.queue.element-limit = 1024 (custom)
2019-09-29 06:07:42,158 [pool-679-thread-1] INFO  server.RaftServerConfigKeys (ConfUtils.java:logGet(43)) - raft.server.retrycache.expirytime = 600000ms (custom)
2019-09-29 06:07:42,158 [pool-699-thread-1] INFO  server.RaftServerConfigKeys (ConfUtils.java:logGet(43)) - raft.server.log.segment.size.max = 1048576 (custom)
2019-09-29 06:07:42,158 [pool-689-thread-1] INFO  server.RaftServerConfigKeys (ConfUtils.java:logGet(43)) - raft.server.log.segment.size.max = 1048576 (custom)
2019-09-29 06:07:42,159 [pool-699-thread-1] INFO  server.RaftServerConfigKeys (ConfUtils.java:logGet(43)) - raft.server.log.preallocated.size = 16384 (custom)
2019-09-29 06:07:42,159 [pool-689-thread-1] INFO  server.RaftServerConfigKeys (ConfUtils.java:logGet(43)) - raft.server.log.preallocated.size = 16384 (custom)
2019-09-29 06:07:42,159 [pool-699-thread-1] INFO  server.RaftServerConfigKeys (ConfUtils.java:logGet(43)) - raft.server.log.write.buffer.size = 33554432 (custom)
2019-09-29 06:07:42,159 [pool-689-thread-1] INFO  server.RaftServerConfigKeys (ConfUtils.java:logGet(43)) - raft.server.log.write.buffer.size = 33554432 (custom)
2019-09-29 06:07:42,159 [pool-699-thread-1] INFO  server.RaftServerConfigKeys (ConfUtils.java:logGet(43)) - raft.server.log.force.sync.num = 128 (default)
2019-09-29 06:07:42,159 [pool-689-thread-1] INFO  server.RaftServerConfigKeys (ConfUtils.java:logGet(43)) - raft.server.log.force.sync.num = 128 (default)
2019-09-29 06:07:42,159 [pool-699-thread-1] INFO  server.RaftServerConfigKeys (ConfUtils.java:logGet(43)) - raft.server.log.statemachine.data.sync = true (default)
2019-09-29 06:07:42,159 [pool-689-thread-1] INFO  server.RaftServerConfigKeys (ConfUtils.java:logGet(43)) - raft.server.log.statemachine.data.sync = true (default)
2019-09-29 06:07:42,160 [pool-699-thread-1] INFO  server.RaftServerConfigKeys (ConfUtils.java:logGet(43)) - raft.server.log.statemachine.data.sync.timeout = 10s (default)
2019-09-29 06:07:42,160 [pool-689-thread-1] INFO  server.RaftServerConfigKeys (ConfUtils.java:logGet(43)) - raft.server.log.statemachine.data.sync.timeout = 10s (default)
2019-09-29 06:07:42,160 [pool-699-thread-1] INFO  server.RaftServerConfigKeys (ConfUtils.java:logGet(43)) - raft.server.log.statemachine.data.sync.timeout.retry = -1 (default)
2019-09-29 06:07:42,160 [pool-679-thread-1] INFO  impl.RaftServerImpl (RaftServerImpl.java:start(185)) - 155afd32-7b7a-4b1a-9daa-13d05cf6a825@group-65B983C014FC: start as a follower, conf=-1: [4e029b57-ef99-4eb3-a202-8445721934be:192.168.151.83:34101, 155afd32-7b7a-4b1a-9daa-13d05cf6a825:192.168.151.83:41995, eb230cd1-3410-4a2d-b462-9a03cd2a50d5:192.168.151.83:36031], old=null
2019-09-29 06:07:42,160 [pool-689-thread-1] INFO  server.RaftServerConfigKeys (ConfUtils.java:logGet(43)) - raft.server.log.statemachine.data.sync.timeout.retry = -1 (default)
2019-09-29 06:07:42,160 [pool-679-thread-1] INFO  impl.RaftServerImpl (RaftServerImpl.java:setRole(174)) - 155afd32-7b7a-4b1a-9daa-13d05cf6a825@group-65B983C014FC: changes role from      null to FOLLOWER at term 0 for startAsFollower
2019-09-29 06:07:42,160 [pool-699-thread-1] INFO  server.RaftServerConfigKeys (ConfUtils.java:logGet(43)) - raft.server.log.statemachine.data.caching.enabled = true (custom)
2019-09-29 06:07:42,160 [pool-679-thread-1] INFO  impl.RoleInfo (RoleInfo.java:updateAndGet(143)) - 155afd32-7b7a-4b1a-9daa-13d05cf6a825: start FollowerState
2019-09-29 06:07:42,160 [pool-689-thread-1] INFO  server.RaftServerConfigKeys (ConfUtils.java:logGet(43)) - raft.server.log.statemachine.data.caching.enabled = true (custom)
2019-09-29 06:07:42,161 [pool-699-thread-1] INFO  segmented.SegmentedRaftLogWorker (SegmentedRaftLogWorker.java:lambda$new$0(132)) - eb230cd1-3410-4a2d-b462-9a03cd2a50d5@group-65B983C014FC-SegmentedRaftLogWorker: flushIndex: setUnconditionally 0 -> -1
2019-09-29 06:07:42,161 [pool-689-thread-1] INFO  segmented.SegmentedRaftLogWorker (SegmentedRaftLogWorker.java:lambda$new$0(132)) - 4e029b57-ef99-4eb3-a202-8445721934be@group-65B983C014FC-SegmentedRaftLogWorker: flushIndex: setUnconditionally 0 -> -1
2019-09-29 06:07:42,161 [pool-679-thread-1] INFO  util.JmxRegister (JmxRegister.java:tryRegister(44)) - Successfully registered JMX Bean with object name Ratis:service=RaftServer,group=group-65B983C014FC,id=155afd32-7b7a-4b1a-9daa-13d05cf6a825
2019-09-29 06:07:42,161 [pool-699-thread-1] INFO  server.RaftServerConfigKeys (ConfUtils.java:logGet(43)) - raft.server.snapshot.auto.trigger.enabled = true (custom)
2019-09-29 06:07:42,161 [pool-699-thread-1] INFO  server.RaftServerConfigKeys (ConfUtils.java:logGet(43)) - raft.server.snapshot.auto.trigger.threshold = 10000 (custom)
2019-09-29 06:07:42,162 [pool-699-thread-1] INFO  server.RaftServerConfigKeys (ConfUtils.java:logGet(43)) - raft.server.snapshot.retention.num.files = 5 (custom)
2019-09-29 06:07:42,161 [pool-689-thread-1] INFO  server.RaftServerConfigKeys (ConfUtils.java:logGet(43)) - raft.server.snapshot.auto.trigger.enabled = true (custom)
2019-09-29 06:07:42,162 [pool-699-thread-1] INFO  server.RaftServerConfigKeys (ConfUtils.java:logGet(43)) - raft.server.retrycache.expirytime = 600000ms (custom)
2019-09-29 06:07:42,162 [pool-689-thread-1] INFO  server.RaftServerConfigKeys (ConfUtils.java:logGet(43)) - raft.server.snapshot.auto.trigger.threshold = 10000 (custom)
2019-09-29 06:07:42,162 [pool-689-thread-1] INFO  server.RaftServerConfigKeys (ConfUtils.java:logGet(43)) - raft.server.snapshot.retention.num.files = 5 (custom)
2019-09-29 06:07:42,163 [pool-689-thread-1] INFO  server.RaftServerConfigKeys (ConfUtils.java:logGet(43)) - raft.server.retrycache.expirytime = 600000ms (custom)
2019-09-29 06:07:42,165 [pool-699-thread-1] INFO  impl.RaftServerImpl (RaftServerImpl.java:start(185)) - eb230cd1-3410-4a2d-b462-9a03cd2a50d5@group-65B983C014FC: start as a follower, conf=-1: [4e029b57-ef99-4eb3-a202-8445721934be:192.168.151.83:34101, 155afd32-7b7a-4b1a-9daa-13d05cf6a825:192.168.151.83:41995, eb230cd1-3410-4a2d-b462-9a03cd2a50d5:192.168.151.83:36031], old=null
2019-09-29 06:07:42,165 [pool-699-thread-1] INFO  impl.RaftServerImpl (RaftServerImpl.java:setRole(174)) - eb230cd1-3410-4a2d-b462-9a03cd2a50d5@group-65B983C014FC: changes role from      null to FOLLOWER at term 0 for startAsFollower
2019-09-29 06:07:42,165 [pool-699-thread-1] INFO  impl.RoleInfo (RoleInfo.java:updateAndGet(143)) - eb230cd1-3410-4a2d-b462-9a03cd2a50d5: start FollowerState
2019-09-29 06:07:42,166 [pool-689-thread-1] INFO  impl.RaftServerImpl (RaftServerImpl.java:start(185)) - 4e029b57-ef99-4eb3-a202-8445721934be@group-65B983C014FC: start as a follower, conf=-1: [4e029b57-ef99-4eb3-a202-8445721934be:192.168.151.83:34101, 155afd32-7b7a-4b1a-9daa-13d05cf6a825:192.168.151.83:41995, eb230cd1-3410-4a2d-b462-9a03cd2a50d5:192.168.151.83:36031], old=null
2019-09-29 06:07:42,166 [pool-689-thread-1] INFO  impl.RaftServerImpl (RaftServerImpl.java:setRole(174)) - 4e029b57-ef99-4eb3-a202-8445721934be@group-65B983C014FC: changes role from      null to FOLLOWER at term 0 for startAsFollower
2019-09-29 06:07:42,166 [pool-699-thread-1] INFO  util.JmxRegister (JmxRegister.java:tryRegister(44)) - Successfully registered JMX Bean with object name Ratis:service=RaftServer,group=group-65B983C014FC,id=eb230cd1-3410-4a2d-b462-9a03cd2a50d5
2019-09-29 06:07:42,166 [pool-689-thread-1] INFO  impl.RoleInfo (RoleInfo.java:updateAndGet(143)) - 4e029b57-ef99-4eb3-a202-8445721934be: start FollowerState
2019-09-29 06:07:42,166 [pool-689-thread-1] INFO  util.JmxRegister (JmxRegister.java:tryRegister(44)) - Successfully registered JMX Bean with object name Ratis:service=RaftServer,group=group-65B983C014FC,id=4e029b57-ef99-4eb3-a202-8445721934be
2019-09-29 06:07:42,185 [IPC Server handler 7 on 43764] INFO  net.NetworkTopology (NetworkTopologyImpl.java:add(111)) - Added a new node: /default-rack/6a374731-cae4-4078-a303-24268fd38917
2019-09-29 06:07:42,186 [IPC Server handler 7 on 43764] INFO  node.SCMNodeManager (SCMNodeManager.java:register(266)) - Registered Data node : 6a374731-cae4-4078-a303-24268fd38917{ip: 192.168.151.83, host: trunk-nightly-20190929-jf6dg-3667755588, networkLocation: /default-rack, certSerialId: null}
2019-09-29 06:07:42,186 [RatisPipelineUtilsThread] INFO  pipeline.PipelineStateManager (PipelineStateManager.java:addPipeline(56)) - Created pipeline Pipeline[ Id: 797b3b44-3a21-4892-8512-65b983c014fc, Nodes: 155afd32-7b7a-4b1a-9daa-13d05cf6a825{ip: 192.168.151.83, host: trunk-nightly-20190929-jf6dg-3667755588, networkLocation: /default-rack, certSerialId: null}eb230cd1-3410-4a2d-b462-9a03cd2a50d5{ip: 192.168.151.83, host: trunk-nightly-20190929-jf6dg-3667755588, networkLocation: /default-rack, certSerialId: null}4e029b57-ef99-4eb3-a202-8445721934be{ip: 192.168.151.83, host: trunk-nightly-20190929-jf6dg-3667755588, networkLocation: /default-rack, certSerialId: null}, Type:RATIS, Factor:THREE, State:OPEN]
2019-09-29 06:07:42,262 [IPC Server handler 0 on 43764] INFO  net.NetworkTopology (NetworkTopologyImpl.java:add(111)) - Added a new node: /default-rack/24090ede-3c03-4fff-9b4f-9beb681f64a5
2019-09-29 06:07:42,262 [IPC Server handler 0 on 43764] INFO  node.SCMNodeManager (SCMNodeManager.java:register(266)) - Registered Data node : 24090ede-3c03-4fff-9b4f-9beb681f64a5{ip: 192.168.151.83, host: trunk-nightly-20190929-jf6dg-3667755588, networkLocation: /default-rack, certSerialId: null}
2019-09-29 06:07:42,282 [grpc-default-executor-1] INFO  impl.RaftServerProxy (RaftServerProxy.java:addNew(89)) - 24090ede-3c03-4fff-9b4f-9beb681f64a5: addNew group-0AA3AF220FDE:[24090ede-3c03-4fff-9b4f-9beb681f64a5:192.168.151.83:38521] returns group-0AA3AF220FDE:java.util.concurrent.CompletableFuture@5173427d[Not completed]
2019-09-29 06:07:42,286 [pool-729-thread-1] INFO  impl.RaftServerImpl (RaftServerImpl.java:<init>(95)) - 24090ede-3c03-4fff-9b4f-9beb681f64a5: new RaftServerImpl for group-0AA3AF220FDE:[24090ede-3c03-4fff-9b4f-9beb681f64a5:192.168.151.83:38521] with ContainerStateMachine:uninitialized
2019-09-29 06:07:42,286 [pool-729-thread-1] INFO  server.RaftServerConfigKeys (ConfUtils.java:logGet(43)) - raft.server.rpc.timeout.min = 5s (custom)
2019-09-29 06:07:42,286 [pool-729-thread-1] INFO  server.RaftServerConfigKeys (ConfUtils.java:logGet(43)) - raft.server.rpc.timeout.max = 5200ms (custom)
2019-09-29 06:07:42,286 [pool-729-thread-1] INFO  server.RaftServerConfigKeys (ConfUtils.java:logGet(43)) - raft.server.rpcslowness.timeout = 120s (custom)
2019-09-29 06:07:42,286 [pool-729-thread-1] INFO  server.RaftServerConfigKeys (ConfUtils.java:logGet(43)) - raft.server.sleep.deviation.threshold = 300 (default)
2019-09-29 06:07:42,287 [pool-729-thread-1] INFO  server.RaftServerConfigKeys (ConfUtils.java:logGet(43)) - raft.server.log.appender.install.snapshot.enabled = false (custom)
2019-09-29 06:07:42,287 [pool-729-thread-1] INFO  impl.RaftServerImpl (ServerState.java:<init>(103)) - 24090ede-3c03-4fff-9b4f-9beb681f64a5@group-0AA3AF220FDE: ConfigurationManager, init=-1: [24090ede-3c03-4fff-9b4f-9beb681f64a5:192.168.151.83:38521], old=null, confs=<EMPTY_MAP>
2019-09-29 06:07:42,287 [pool-729-thread-1] INFO  server.RaftServerConfigKeys (ConfUtils.java:logGet(43)) - raft.server.storage.dir = [/workdir/hadoop-ozone/integration-test/target/test-dir/MiniOzoneClusterImpl-c65cf843-44d5-454c-a5bf-f4b8d0178419/datanode-5/data/ratis] (custom)
2019-09-29 06:07:42,287 [pool-729-thread-1] INFO  storage.RaftStorageDirectory (RaftStorageDirectory.java:analyzeStorage(246)) - The storage directory /workdir/hadoop-ozone/integration-test/target/test-dir/MiniOzoneClusterImpl-c65cf843-44d5-454c-a5bf-f4b8d0178419/datanode-5/data/ratis/90182557-7dd5-4c95-8d20-0aa3af220fde does not exist. Creating ...
2019-09-29 06:07:42,308 [pool-729-thread-1] INFO  storage.RaftStorageDirectory (RaftStorageDirectory.java:tryLock(328)) - Lock on /workdir/hadoop-ozone/integration-test/target/test-dir/MiniOzoneClusterImpl-c65cf843-44d5-454c-a5bf-f4b8d0178419/datanode-5/data/ratis/90182557-7dd5-4c95-8d20-0aa3af220fde/in_use.lock acquired by nodename 23005@trunk-nightly-20190929-jf6dg-3667755588
2019-09-29 06:07:42,321 [pool-729-thread-1] INFO  storage.RaftStorage (RaftStorage.java:format(72)) - Storage directory /workdir/hadoop-ozone/integration-test/target/test-dir/MiniOzoneClusterImpl-c65cf843-44d5-454c-a5bf-f4b8d0178419/datanode-5/data/ratis/90182557-7dd5-4c95-8d20-0aa3af220fde has been successfully formatted.
2019-09-29 06:07:42,321 [pool-729-thread-1] INFO  ratis.ContainerStateMachine (ContainerStateMachine.java:loadSnapshot(230)) - group-0AA3AF220FDE: The snapshot info is null. Setting the last applied indexto:(t:0, i:~)
2019-09-29 06:07:42,321 [pool-729-thread-1] INFO  server.RaftServerConfigKeys (ConfUtils.java:logGet(43)) - raft.server.notification.no-leader.timeout = 120s (custom)
2019-09-29 06:07:42,322 [pool-729-thread-1] INFO  server.RaftServerConfigKeys (ConfUtils.java:logGet(43)) - raft.server.log.use.memory = false (default)
2019-09-29 06:07:42,322 [pool-729-thread-1] INFO  server.RaftServerConfigKeys (ConfUtils.java:logGet(43)) - raft.server.log.purge.gap = 1000000 (custom)
2019-09-29 06:07:42,322 [pool-729-thread-1] INFO  server.RaftServerConfigKeys (ConfUtils.java:logGet(43)) - raft.server.log.appender.buffer.byte-limit = 33554432 (custom)
2019-09-29 06:07:42,322 [pool-729-thread-1] INFO  server.RaftServerConfigKeys (ConfUtils.java:logGet(43)) - raft.server.log.segment.size.max = 1048576 (custom)
2019-09-29 06:07:42,322 [pool-729-thread-1] INFO  server.RaftServerConfigKeys (ConfUtils.java:logGet(43)) - raft.server.log.segment.cache.num.max = 2 (custom)
2019-09-29 06:07:42,322 [pool-729-thread-1] INFO  segmented.SegmentedRaftLogWorker (SegmentedRaftLogWorker.java:<init>(172)) - new 24090ede-3c03-4fff-9b4f-9beb681f64a5@group-0AA3AF220FDE-SegmentedRaftLogWorker for RaftStorage:Storage Directory /workdir/hadoop-ozone/integration-test/target/test-dir/MiniOzoneClusterImpl-c65cf843-44d5-454c-a5bf-f4b8d0178419/datanode-5/data/ratis/90182557-7dd5-4c95-8d20-0aa3af220fde
2019-09-29 06:07:42,324 [pool-729-thread-1] INFO  server.RaftServerConfigKeys (ConfUtils.java:logGet(43)) - raft.server.log.queue.byte-limit = 2147483647 (custom)
2019-09-29 06:07:42,324 [pool-729-thread-1] INFO  server.RaftServerConfigKeys (ConfUtils.java:logGet(43)) - raft.server.log.queue.element-limit = 1024 (custom)
2019-09-29 06:07:42,324 [pool-729-thread-1] INFO  server.RaftServerConfigKeys (ConfUtils.java:logGet(43)) - raft.server.log.segment.size.max = 1048576 (custom)
2019-09-29 06:07:42,324 [pool-729-thread-1] INFO  server.RaftServerConfigKeys (ConfUtils.java:logGet(43)) - raft.server.log.preallocated.size = 16384 (custom)
2019-09-29 06:07:42,324 [pool-729-thread-1] INFO  server.RaftServerConfigKeys (ConfUtils.java:logGet(43)) - raft.server.log.write.buffer.size = 33554432 (custom)
2019-09-29 06:07:42,325 [pool-729-thread-1] INFO  server.RaftServerConfigKeys (ConfUtils.java:logGet(43)) - raft.server.log.force.sync.num = 128 (default)
2019-09-29 06:07:42,325 [pool-729-thread-1] INFO  server.RaftServerConfigKeys (ConfUtils.java:logGet(43)) - raft.server.log.statemachine.data.sync = true (default)
2019-09-29 06:07:42,325 [pool-729-thread-1] INFO  server.RaftServerConfigKeys (ConfUtils.java:logGet(43)) - raft.server.log.statemachine.data.sync.timeout = 10s (default)
2019-09-29 06:07:42,325 [pool-729-thread-1] INFO  server.RaftServerConfigKeys (ConfUtils.java:logGet(43)) - raft.server.log.statemachine.data.sync.timeout.retry = -1 (default)
2019-09-29 06:07:42,325 [pool-729-thread-1] INFO  server.RaftServerConfigKeys (ConfUtils.java:logGet(43)) - raft.server.log.statemachine.data.caching.enabled = true (custom)
2019-09-29 06:07:42,325 [pool-729-thread-1] INFO  segmented.SegmentedRaftLogWorker (SegmentedRaftLogWorker.java:lambda$new$0(132)) - 24090ede-3c03-4fff-9b4f-9beb681f64a5@group-0AA3AF220FDE-SegmentedRaftLogWorker: flushIndex: setUnconditionally 0 -> -1
2019-09-29 06:07:42,326 [pool-729-thread-1] INFO  server.RaftServerConfigKeys (ConfUtils.java:logGet(43)) - raft.server.snapshot.auto.trigger.enabled = true (custom)
2019-09-29 06:07:42,326 [pool-729-thread-1] INFO  server.RaftServerConfigKeys (ConfUtils.java:logGet(43)) - raft.server.snapshot.auto.trigger.threshold = 10000 (custom)
2019-09-29 06:07:42,326 [pool-729-thread-1] INFO  server.RaftServerConfigKeys (ConfUtils.java:logGet(43)) - raft.server.snapshot.retention.num.files = 5 (custom)
2019-09-29 06:07:42,326 [pool-729-thread-1] INFO  server.RaftServerConfigKeys (ConfUtils.java:logGet(43)) - raft.server.retrycache.expirytime = 600000ms (custom)
2019-09-29 06:07:42,327 [pool-729-thread-1] INFO  impl.RaftServerImpl (RaftServerImpl.java:start(185)) - 24090ede-3c03-4fff-9b4f-9beb681f64a5@group-0AA3AF220FDE: start as a follower, conf=-1: [24090ede-3c03-4fff-9b4f-9beb681f64a5:192.168.151.83:38521], old=null
2019-09-29 06:07:42,328 [pool-729-thread-1] INFO  impl.RaftServerImpl (RaftServerImpl.java:setRole(174)) - 24090ede-3c03-4fff-9b4f-9beb681f64a5@group-0AA3AF220FDE: changes role from      null to FOLLOWER at term 0 for startAsFollower
2019-09-29 06:07:42,328 [pool-729-thread-1] INFO  impl.RoleInfo (RoleInfo.java:updateAndGet(143)) - 24090ede-3c03-4fff-9b4f-9beb681f64a5: start FollowerState
2019-09-29 06:07:42,328 [pool-729-thread-1] INFO  util.JmxRegister (JmxRegister.java:tryRegister(44)) - Successfully registered JMX Bean with object name Ratis:service=RaftServer,group=group-0AA3AF220FDE,id=24090ede-3c03-4fff-9b4f-9beb681f64a5
2019-09-29 06:07:42,330 [RatisPipelineUtilsThread] INFO  pipeline.PipelineStateManager (PipelineStateManager.java:addPipeline(56)) - Created pipeline Pipeline[ Id: 90182557-7dd5-4c95-8d20-0aa3af220fde, Nodes: 24090ede-3c03-4fff-9b4f-9beb681f64a5{ip: 192.168.151.83, host: trunk-nightly-20190929-jf6dg-3667755588, networkLocation: /default-rack, certSerialId: null}, Type:RATIS, Factor:ONE, State:OPEN]
2019-09-29 06:07:42,332 [IPC Server handler 1 on 43764] INFO  net.NetworkTopology (NetworkTopologyImpl.java:add(111)) - Added a new node: /default-rack/227ddd0a-6d1c-4677-b85b-540243285816
2019-09-29 06:07:42,332 [IPC Server handler 1 on 43764] INFO  node.SCMNodeManager (SCMNodeManager.java:register(266)) - Registered Data node : 227ddd0a-6d1c-4677-b85b-540243285816{ip: 192.168.151.83, host: trunk-nightly-20190929-jf6dg-3667755588, networkLocation: /default-rack, certSerialId: null}
2019-09-29 06:07:42,333 [main] INFO  ozone.MiniOzoneClusterImpl (MiniOzoneClusterImpl.java:lambda$waitForClusterToBeReady$0(147)) - Cluster is ready. Got 7 of 7 DN Heartbeats.
2019-09-29 06:07:42,338 [grpc-default-executor-1] INFO  impl.RaftServerProxy (RaftServerProxy.java:addNew(89)) - e32827da-fefa-4c91-8e8c-7e9707bb3d63: addNew group-3D1AA97FB64C:[e32827da-fefa-4c91-8e8c-7e9707bb3d63:192.168.151.83:39603] returns group-3D1AA97FB64C:java.util.concurrent.CompletableFuture@1f994109[Not completed]
2019-09-29 06:07:42,340 [pool-709-thread-1] INFO  impl.RaftServerImpl (RaftServerImpl.java:<init>(95)) - e32827da-fefa-4c91-8e8c-7e9707bb3d63: new RaftServerImpl for group-3D1AA97FB64C:[e32827da-fefa-4c91-8e8c-7e9707bb3d63:192.168.151.83:39603] with ContainerStateMachine:uninitialized
2019-09-29 06:07:42,340 [pool-709-thread-1] INFO  server.RaftServerConfigKeys (ConfUtils.java:logGet(43)) - raft.server.rpc.timeout.min = 5s (custom)
2019-09-29 06:07:42,340 [pool-709-thread-1] INFO  server.RaftServerConfigKeys (ConfUtils.java:logGet(43)) - raft.server.rpc.timeout.max = 5200ms (custom)
2019-09-29 06:07:42,340 [pool-709-thread-1] INFO  server.RaftServerConfigKeys (ConfUtils.java:logGet(43)) - raft.server.rpcslowness.timeout = 120s (custom)
2019-09-29 06:07:42,341 [pool-709-thread-1] INFO  server.RaftServerConfigKeys (ConfUtils.java:logGet(43)) - raft.server.sleep.deviation.threshold = 300 (default)
2019-09-29 06:07:42,341 [pool-709-thread-1] INFO  server.RaftServerConfigKeys (ConfUtils.java:logGet(43)) - raft.server.log.appender.install.snapshot.enabled = false (custom)
2019-09-29 06:07:42,341 [pool-709-thread-1] INFO  impl.RaftServerImpl (ServerState.java:<init>(103)) - e32827da-fefa-4c91-8e8c-7e9707bb3d63@group-3D1AA97FB64C: ConfigurationManager, init=-1: [e32827da-fefa-4c91-8e8c-7e9707bb3d63:192.168.151.83:39603], old=null, confs=<EMPTY_MAP>
2019-09-29 06:07:42,341 [pool-709-thread-1] INFO  server.RaftServerConfigKeys (ConfUtils.java:logGet(43)) - raft.server.storage.dir = [/workdir/hadoop-ozone/integration-test/target/test-dir/MiniOzoneClusterImpl-c65cf843-44d5-454c-a5bf-f4b8d0178419/datanode-3/data/ratis] (custom)
2019-09-29 06:07:42,342 [pool-709-thread-1] INFO  storage.RaftStorageDirectory (RaftStorageDirectory.java:analyzeStorage(246)) - The storage directory /workdir/hadoop-ozone/integration-test/target/test-dir/MiniOzoneClusterImpl-c65cf843-44d5-454c-a5bf-f4b8d0178419/datanode-3/data/ratis/7805c625-78b8-4c99-9caf-3d1aa97fb64c does not exist. Creating ...
2019-09-29 06:07:42,360 [pool-709-thread-1] INFO  storage.RaftStorageDirectory (RaftStorageDirectory.java:tryLock(328)) - Lock on /workdir/hadoop-ozone/integration-test/target/test-dir/MiniOzoneClusterImpl-c65cf843-44d5-454c-a5bf-f4b8d0178419/datanode-3/data/ratis/7805c625-78b8-4c99-9caf-3d1aa97fb64c/in_use.lock acquired by nodename 23005@trunk-nightly-20190929-jf6dg-3667755588
2019-09-29 06:07:42,375 [main] INFO  rpc.RpcClient (RpcClient.java:createVolume(276)) - Creating Volume: testblockoutputstream, with jenkins1000 as owner.
2019-09-29 06:07:42,378 [IPC Server handler 2 on 43888] INFO  volume.OMVolumeCreateRequest (OMVolumeCreateRequest.java:validateAndUpdateCache(194)) - created volume:testblockoutputstream for user:jenkins1000
2019-09-29 06:07:42,380 [pool-709-thread-1] INFO  storage.RaftStorage (RaftStorage.java:format(72)) - Storage directory /workdir/hadoop-ozone/integration-test/target/test-dir/MiniOzoneClusterImpl-c65cf843-44d5-454c-a5bf-f4b8d0178419/datanode-3/data/ratis/7805c625-78b8-4c99-9caf-3d1aa97fb64c has been successfully formatted.
2019-09-29 06:07:42,382 [pool-709-thread-1] INFO  ratis.ContainerStateMachine (ContainerStateMachine.java:loadSnapshot(230)) - group-3D1AA97FB64C: The snapshot info is null. Setting the last applied indexto:(t:0, i:~)
2019-09-29 06:07:42,382 [pool-709-thread-1] INFO  server.RaftServerConfigKeys (ConfUtils.java:logGet(43)) - raft.server.notification.no-leader.timeout = 120s (custom)
2019-09-29 06:07:42,383 [pool-709-thread-1] INFO  server.RaftServerConfigKeys (ConfUtils.java:logGet(43)) - raft.server.log.use.memory = false (default)
2019-09-29 06:07:42,383 [pool-709-thread-1] INFO  server.RaftServerConfigKeys (ConfUtils.java:logGet(43)) - raft.server.log.purge.gap = 1000000 (custom)
2019-09-29 06:07:42,383 [pool-709-thread-1] INFO  server.RaftServerConfigKeys (ConfUtils.java:logGet(43)) - raft.server.log.appender.buffer.byte-limit = 33554432 (custom)
2019-09-29 06:07:42,394 [pool-709-thread-1] INFO  server.RaftServerConfigKeys (ConfUtils.java:logGet(43)) - raft.server.log.segment.size.max = 1048576 (custom)
2019-09-29 06:07:42,394 [pool-709-thread-1] INFO  server.RaftServerConfigKeys (ConfUtils.java:logGet(43)) - raft.server.log.segment.cache.num.max = 2 (custom)
2019-09-29 06:07:42,394 [pool-709-thread-1] INFO  segmented.SegmentedRaftLogWorker (SegmentedRaftLogWorker.java:<init>(172)) - new e32827da-fefa-4c91-8e8c-7e9707bb3d63@group-3D1AA97FB64C-SegmentedRaftLogWorker for RaftStorage:Storage Directory /workdir/hadoop-ozone/integration-test/target/test-dir/MiniOzoneClusterImpl-c65cf843-44d5-454c-a5bf-f4b8d0178419/datanode-3/data/ratis/7805c625-78b8-4c99-9caf-3d1aa97fb64c
2019-09-29 06:07:42,395 [main] INFO  rpc.RpcClient (RpcClient.java:createBucket(415)) - Creating Bucket: testblockoutputstream/testblockoutputstream, with Versioning false and Storage Type set to DISK and Encryption set to false 
2019-09-29 06:07:42,396 [pool-709-thread-1] INFO  server.RaftServerConfigKeys (ConfUtils.java:logGet(43)) - raft.server.log.queue.byte-limit = 2147483647 (custom)
2019-09-29 06:07:42,396 [pool-709-thread-1] INFO  server.RaftServerConfigKeys (ConfUtils.java:logGet(43)) - raft.server.log.queue.element-limit = 1024 (custom)
2019-09-29 06:07:42,396 [pool-709-thread-1] INFO  server.RaftServerConfigKeys (ConfUtils.java:logGet(43)) - raft.server.log.segment.size.max = 1048576 (custom)
2019-09-29 06:07:42,400 [pool-709-thread-1] INFO  server.RaftServerConfigKeys (ConfUtils.java:logGet(43)) - raft.server.log.preallocated.size = 16384 (custom)
2019-09-29 06:07:42,402 [pool-709-thread-1] INFO  server.RaftServerConfigKeys (ConfUtils.java:logGet(43)) - raft.server.log.write.buffer.size = 33554432 (custom)
2019-09-29 06:07:42,402 [pool-709-thread-1] INFO  server.RaftServerConfigKeys (ConfUtils.java:logGet(43)) - raft.server.log.force.sync.num = 128 (default)
2019-09-29 06:07:42,402 [pool-709-thread-1] INFO  server.RaftServerConfigKeys (ConfUtils.java:logGet(43)) - raft.server.log.statemachine.data.sync = true (default)
2019-09-29 06:07:42,402 [pool-709-thread-1] INFO  server.RaftServerConfigKeys (ConfUtils.java:logGet(43)) - raft.server.log.statemachine.data.sync.timeout = 10s (default)
2019-09-29 06:07:42,403 [pool-709-thread-1] INFO  server.RaftServerConfigKeys (ConfUtils.java:logGet(43)) - raft.server.log.statemachine.data.sync.timeout.retry = -1 (default)
2019-09-29 06:07:42,403 [pool-709-thread-1] INFO  server.RaftServerConfigKeys (ConfUtils.java:logGet(43)) - raft.server.log.statemachine.data.caching.enabled = true (custom)
2019-09-29 06:07:42,403 [pool-709-thread-1] INFO  segmented.SegmentedRaftLogWorker (SegmentedRaftLogWorker.java:lambda$new$0(132)) - e32827da-fefa-4c91-8e8c-7e9707bb3d63@group-3D1AA97FB64C-SegmentedRaftLogWorker: flushIndex: setUnconditionally 0 -> -1
2019-09-29 06:07:42,403 [pool-709-thread-1] INFO  server.RaftServerConfigKeys (ConfUtils.java:logGet(43)) - raft.server.snapshot.auto.trigger.enabled = true (custom)
2019-09-29 06:07:42,404 [pool-709-thread-1] INFO  server.RaftServerConfigKeys (ConfUtils.java:logGet(43)) - raft.server.snapshot.auto.trigger.threshold = 10000 (custom)
2019-09-29 06:07:42,404 [pool-709-thread-1] INFO  server.RaftServerConfigKeys (ConfUtils.java:logGet(43)) - raft.server.snapshot.retention.num.files = 5 (custom)
2019-09-29 06:07:42,404 [pool-709-thread-1] INFO  server.RaftServerConfigKeys (ConfUtils.java:logGet(43)) - raft.server.retrycache.expirytime = 600000ms (custom)
2019-09-29 06:07:42,405 [pool-709-thread-1] INFO  impl.RaftServerImpl (RaftServerImpl.java:start(185)) - e32827da-fefa-4c91-8e8c-7e9707bb3d63@group-3D1AA97FB64C: start as a follower, conf=-1: [e32827da-fefa-4c91-8e8c-7e9707bb3d63:192.168.151.83:39603], old=null
2019-09-29 06:07:42,405 [pool-709-thread-1] INFO  impl.RaftServerImpl (RaftServerImpl.java:setRole(174)) - e32827da-fefa-4c91-8e8c-7e9707bb3d63@group-3D1AA97FB64C: changes role from      null to FOLLOWER at term 0 for startAsFollower
2019-09-29 06:07:42,405 [pool-709-thread-1] INFO  impl.RoleInfo (RoleInfo.java:updateAndGet(143)) - e32827da-fefa-4c91-8e8c-7e9707bb3d63: start FollowerState
2019-09-29 06:07:42,406 [pool-709-thread-1] INFO  util.JmxRegister (JmxRegister.java:tryRegister(44)) - Successfully registered JMX Bean with object name Ratis:service=RaftServer,group=group-3D1AA97FB64C,id=e32827da-fefa-4c91-8e8c-7e9707bb3d63
2019-09-29 06:07:42,408 [RatisPipelineUtilsThread] INFO  pipeline.PipelineStateManager (PipelineStateManager.java:addPipeline(56)) - Created pipeline Pipeline[ Id: 7805c625-78b8-4c99-9caf-3d1aa97fb64c, Nodes: e32827da-fefa-4c91-8e8c-7e9707bb3d63{ip: 192.168.151.83, host: trunk-nightly-20190929-jf6dg-3667755588, networkLocation: /default-rack, certSerialId: null}, Type:RATIS, Factor:ONE, State:OPEN]
2019-09-29 06:07:42,413 [grpc-default-executor-1] INFO  impl.RaftServerProxy (RaftServerProxy.java:addNew(89)) - 6a374731-cae4-4078-a303-24268fd38917: addNew group-B6B562BBAD8F:[6a374731-cae4-4078-a303-24268fd38917:192.168.151.83:36151] returns group-B6B562BBAD8F:java.util.concurrent.CompletableFuture@1df0a920[Not completed]
2019-09-29 06:07:42,414 [pool-719-thread-1] INFO  impl.RaftServerImpl (RaftServerImpl.java:<init>(95)) - 6a374731-cae4-4078-a303-24268fd38917: new RaftServerImpl for group-B6B562BBAD8F:[6a374731-cae4-4078-a303-24268fd38917:192.168.151.83:36151] with ContainerStateMachine:uninitialized
2019-09-29 06:07:42,414 [pool-719-thread-1] INFO  server.RaftServerConfigKeys (ConfUtils.java:logGet(43)) - raft.server.rpc.timeout.min = 5s (custom)
2019-09-29 06:07:42,414 [pool-719-thread-1] INFO  server.RaftServerConfigKeys (ConfUtils.java:logGet(43)) - raft.server.rpc.timeout.max = 5200ms (custom)
2019-09-29 06:07:42,414 [pool-719-thread-1] INFO  server.RaftServerConfigKeys (ConfUtils.java:logGet(43)) - raft.server.rpcslowness.timeout = 120s (custom)
2019-09-29 06:07:42,414 [pool-719-thread-1] INFO  server.RaftServerConfigKeys (ConfUtils.java:logGet(43)) - raft.server.sleep.deviation.threshold = 300 (default)
2019-09-29 06:07:42,414 [pool-719-thread-1] INFO  server.RaftServerConfigKeys (ConfUtils.java:logGet(43)) - raft.server.log.appender.install.snapshot.enabled = false (custom)
2019-09-29 06:07:42,415 [pool-719-thread-1] INFO  impl.RaftServerImpl (ServerState.java:<init>(103)) - 6a374731-cae4-4078-a303-24268fd38917@group-B6B562BBAD8F: ConfigurationManager, init=-1: [6a374731-cae4-4078-a303-24268fd38917:192.168.151.83:36151], old=null, confs=<EMPTY_MAP>
2019-09-29 06:07:42,415 [pool-719-thread-1] INFO  server.RaftServerConfigKeys (ConfUtils.java:logGet(43)) - raft.server.storage.dir = [/workdir/hadoop-ozone/integration-test/target/test-dir/MiniOzoneClusterImpl-c65cf843-44d5-454c-a5bf-f4b8d0178419/datanode-4/data/ratis] (custom)
2019-09-29 06:07:42,415 [pool-719-thread-1] INFO  storage.RaftStorageDirectory (RaftStorageDirectory.java:analyzeStorage(246)) - The storage directory /workdir/hadoop-ozone/integration-test/target/test-dir/MiniOzoneClusterImpl-c65cf843-44d5-454c-a5bf-f4b8d0178419/datanode-4/data/ratis/5d754b36-47c5-484d-a6b9-b6b562bbad8f does not exist. Creating ...
2019-09-29 06:07:42,428 [pool-719-thread-1] INFO  storage.RaftStorageDirectory (RaftStorageDirectory.java:tryLock(328)) - Lock on /workdir/hadoop-ozone/integration-test/target/test-dir/MiniOzoneClusterImpl-c65cf843-44d5-454c-a5bf-f4b8d0178419/datanode-4/data/ratis/5d754b36-47c5-484d-a6b9-b6b562bbad8f/in_use.lock acquired by nodename 23005@trunk-nightly-20190929-jf6dg-3667755588
2019-09-29 06:07:42,440 [pool-719-thread-1] INFO  storage.RaftStorage (RaftStorage.java:format(72)) - Storage directory /workdir/hadoop-ozone/integration-test/target/test-dir/MiniOzoneClusterImpl-c65cf843-44d5-454c-a5bf-f4b8d0178419/datanode-4/data/ratis/5d754b36-47c5-484d-a6b9-b6b562bbad8f has been successfully formatted.
2019-09-29 06:07:42,440 [pool-719-thread-1] INFO  ratis.ContainerStateMachine (ContainerStateMachine.java:loadSnapshot(230)) - group-B6B562BBAD8F: The snapshot info is null. Setting the last applied indexto:(t:0, i:~)
2019-09-29 06:07:42,441 [pool-719-thread-1] INFO  server.RaftServerConfigKeys (ConfUtils.java:logGet(43)) - raft.server.notification.no-leader.timeout = 120s (custom)
2019-09-29 06:07:42,441 [pool-719-thread-1] INFO  server.RaftServerConfigKeys (ConfUtils.java:logGet(43)) - raft.server.log.use.memory = false (default)
2019-09-29 06:07:42,441 [pool-719-thread-1] INFO  server.RaftServerConfigKeys (ConfUtils.java:logGet(43)) - raft.server.log.purge.gap = 1000000 (custom)
2019-09-29 06:07:42,441 [pool-719-thread-1] INFO  server.RaftServerConfigKeys (ConfUtils.java:logGet(43)) - raft.server.log.appender.buffer.byte-limit = 33554432 (custom)
2019-09-29 06:07:42,441 [pool-719-thread-1] INFO  server.RaftServerConfigKeys (ConfUtils.java:logGet(43)) - raft.server.log.segment.size.max = 1048576 (custom)
2019-09-29 06:07:42,441 [pool-719-thread-1] INFO  server.RaftServerConfigKeys (ConfUtils.java:logGet(43)) - raft.server.log.segment.cache.num.max = 2 (custom)
2019-09-29 06:07:42,441 [pool-719-thread-1] INFO  segmented.SegmentedRaftLogWorker (SegmentedRaftLogWorker.java:<init>(172)) - new 6a374731-cae4-4078-a303-24268fd38917@group-B6B562BBAD8F-SegmentedRaftLogWorker for RaftStorage:Storage Directory /workdir/hadoop-ozone/integration-test/target/test-dir/MiniOzoneClusterImpl-c65cf843-44d5-454c-a5bf-f4b8d0178419/datanode-4/data/ratis/5d754b36-47c5-484d-a6b9-b6b562bbad8f
2019-09-29 06:07:42,442 [pool-719-thread-1] INFO  server.RaftServerConfigKeys (ConfUtils.java:logGet(43)) - raft.server.log.queue.byte-limit = 2147483647 (custom)
2019-09-29 06:07:42,442 [pool-719-thread-1] INFO  server.RaftServerConfigKeys (ConfUtils.java:logGet(43)) - raft.server.log.queue.element-limit = 1024 (custom)
2019-09-29 06:07:42,442 [pool-719-thread-1] INFO  server.RaftServerConfigKeys (ConfUtils.java:logGet(43)) - raft.server.log.segment.size.max = 1048576 (custom)
2019-09-29 06:07:42,442 [pool-719-thread-1] INFO  server.RaftServerConfigKeys (ConfUtils.java:logGet(43)) - raft.server.log.preallocated.size = 16384 (custom)
2019-09-29 06:07:42,442 [pool-719-thread-1] INFO  server.RaftServerConfigKeys (ConfUtils.java:logGet(43)) - raft.server.log.write.buffer.size = 33554432 (custom)
2019-09-29 06:07:42,443 [pool-719-thread-1] INFO  server.RaftServerConfigKeys (ConfUtils.java:logGet(43)) - raft.server.log.force.sync.num = 128 (default)
2019-09-29 06:07:42,443 [pool-719-thread-1] INFO  server.RaftServerConfigKeys (ConfUtils.java:logGet(43)) - raft.server.log.statemachine.data.sync = true (default)
2019-09-29 06:07:42,443 [pool-719-thread-1] INFO  server.RaftServerConfigKeys (ConfUtils.java:logGet(43)) - raft.server.log.statemachine.data.sync.timeout = 10s (default)
2019-09-29 06:07:42,443 [pool-719-thread-1] INFO  server.RaftServerConfigKeys (ConfUtils.java:logGet(43)) - raft.server.log.statemachine.data.sync.timeout.retry = -1 (default)
2019-09-29 06:07:42,443 [pool-719-thread-1] INFO  server.RaftServerConfigKeys (ConfUtils.java:logGet(43)) - raft.server.log.statemachine.data.caching.enabled = true (custom)
2019-09-29 06:07:42,443 [pool-719-thread-1] INFO  segmented.SegmentedRaftLogWorker (SegmentedRaftLogWorker.java:lambda$new$0(132)) - 6a374731-cae4-4078-a303-24268fd38917@group-B6B562BBAD8F-SegmentedRaftLogWorker: flushIndex: setUnconditionally 0 -> -1
2019-09-29 06:07:42,443 [pool-719-thread-1] INFO  server.RaftServerConfigKeys (ConfUtils.java:logGet(43)) - raft.server.snapshot.auto.trigger.enabled = true (custom)
2019-09-29 06:07:42,443 [pool-719-thread-1] INFO  server.RaftServerConfigKeys (ConfUtils.java:logGet(43)) - raft.server.snapshot.auto.trigger.threshold = 10000 (custom)
2019-09-29 06:07:42,443 [pool-719-thread-1] INFO  server.RaftServerConfigKeys (ConfUtils.java:logGet(43)) - raft.server.snapshot.retention.num.files = 5 (custom)
2019-09-29 06:07:42,444 [pool-719-thread-1] INFO  server.RaftServerConfigKeys (ConfUtils.java:logGet(43)) - raft.server.retrycache.expirytime = 600000ms (custom)
2019-09-29 06:07:42,444 [pool-719-thread-1] INFO  impl.RaftServerImpl (RaftServerImpl.java:start(185)) - 6a374731-cae4-4078-a303-24268fd38917@group-B6B562BBAD8F: start as a follower, conf=-1: [6a374731-cae4-4078-a303-24268fd38917:192.168.151.83:36151], old=null
2019-09-29 06:07:42,445 [pool-719-thread-1] INFO  impl.RaftServerImpl (RaftServerImpl.java:setRole(174)) - 6a374731-cae4-4078-a303-24268fd38917@group-B6B562BBAD8F: changes role from      null to FOLLOWER at term 0 for startAsFollower
2019-09-29 06:07:42,445 [pool-719-thread-1] INFO  impl.RoleInfo (RoleInfo.java:updateAndGet(143)) - 6a374731-cae4-4078-a303-24268fd38917: start FollowerState
2019-09-29 06:07:42,445 [pool-719-thread-1] INFO  util.JmxRegister (JmxRegister.java:tryRegister(44)) - Successfully registered JMX Bean with object name Ratis:service=RaftServer,group=group-B6B562BBAD8F,id=6a374731-cae4-4078-a303-24268fd38917
2019-09-29 06:07:42,446 [RatisPipelineUtilsThread] INFO  pipeline.PipelineStateManager (PipelineStateManager.java:addPipeline(56)) - Created pipeline Pipeline[ Id: 5d754b36-47c5-484d-a6b9-b6b562bbad8f, Nodes: 6a374731-cae4-4078-a303-24268fd38917{ip: 192.168.151.83, host: trunk-nightly-20190929-jf6dg-3667755588, networkLocation: /default-rack, certSerialId: null}, Type:RATIS, Factor:ONE, State:OPEN]
2019-09-29 06:07:42,453 [grpc-default-executor-1] INFO  impl.RaftServerProxy (RaftServerProxy.java:addNew(89)) - 227ddd0a-6d1c-4677-b85b-540243285816: addNew group-6CADFF541882:[227ddd0a-6d1c-4677-b85b-540243285816:192.168.151.83:40356] returns group-6CADFF541882:java.util.concurrent.CompletableFuture@4b57b1f3[Not completed]
2019-09-29 06:07:42,454 [pool-739-thread-1] INFO  impl.RaftServerImpl (RaftServerImpl.java:<init>(95)) - 227ddd0a-6d1c-4677-b85b-540243285816: new RaftServerImpl for group-6CADFF541882:[227ddd0a-6d1c-4677-b85b-540243285816:192.168.151.83:40356] with ContainerStateMachine:uninitialized
2019-09-29 06:07:42,454 [pool-739-thread-1] INFO  server.RaftServerConfigKeys (ConfUtils.java:logGet(43)) - raft.server.rpc.timeout.min = 5s (custom)
2019-09-29 06:07:42,454 [pool-739-thread-1] INFO  server.RaftServerConfigKeys (ConfUtils.java:logGet(43)) - raft.server.rpc.timeout.max = 5200ms (custom)
2019-09-29 06:07:42,454 [pool-739-thread-1] INFO  server.RaftServerConfigKeys (ConfUtils.java:logGet(43)) - raft.server.rpcslowness.timeout = 120s (custom)
2019-09-29 06:07:42,454 [pool-739-thread-1] INFO  server.RaftServerConfigKeys (ConfUtils.java:logGet(43)) - raft.server.sleep.deviation.threshold = 300 (default)
2019-09-29 06:07:42,454 [pool-739-thread-1] INFO  server.RaftServerConfigKeys (ConfUtils.java:logGet(43)) - raft.server.log.appender.install.snapshot.enabled = false (custom)
2019-09-29 06:07:42,454 [pool-739-thread-1] INFO  impl.RaftServerImpl (ServerState.java:<init>(103)) - 227ddd0a-6d1c-4677-b85b-540243285816@group-6CADFF541882: ConfigurationManager, init=-1: [227ddd0a-6d1c-4677-b85b-540243285816:192.168.151.83:40356], old=null, confs=<EMPTY_MAP>
2019-09-29 06:07:42,454 [pool-739-thread-1] INFO  server.RaftServerConfigKeys (ConfUtils.java:logGet(43)) - raft.server.storage.dir = [/workdir/hadoop-ozone/integration-test/target/test-dir/MiniOzoneClusterImpl-c65cf843-44d5-454c-a5bf-f4b8d0178419/datanode-6/data/ratis] (custom)
2019-09-29 06:07:42,454 [pool-739-thread-1] INFO  storage.RaftStorageDirectory (RaftStorageDirectory.java:analyzeStorage(246)) - The storage directory /workdir/hadoop-ozone/integration-test/target/test-dir/MiniOzoneClusterImpl-c65cf843-44d5-454c-a5bf-f4b8d0178419/datanode-6/data/ratis/e4243ac9-c381-4078-b25d-6cadff541882 does not exist. Creating ...
2019-09-29 06:07:42,468 [pool-739-thread-1] INFO  storage.RaftStorageDirectory (RaftStorageDirectory.java:tryLock(328)) - Lock on /workdir/hadoop-ozone/integration-test/target/test-dir/MiniOzoneClusterImpl-c65cf843-44d5-454c-a5bf-f4b8d0178419/datanode-6/data/ratis/e4243ac9-c381-4078-b25d-6cadff541882/in_use.lock acquired by nodename 23005@trunk-nightly-20190929-jf6dg-3667755588
2019-09-29 06:07:42,489 [pool-739-thread-1] INFO  storage.RaftStorage (RaftStorage.java:format(72)) - Storage directory /workdir/hadoop-ozone/integration-test/target/test-dir/MiniOzoneClusterImpl-c65cf843-44d5-454c-a5bf-f4b8d0178419/datanode-6/data/ratis/e4243ac9-c381-4078-b25d-6cadff541882 has been successfully formatted.
2019-09-29 06:07:42,490 [pool-739-thread-1] INFO  ratis.ContainerStateMachine (ContainerStateMachine.java:loadSnapshot(230)) - group-6CADFF541882: The snapshot info is null. Setting the last applied indexto:(t:0, i:~)
2019-09-29 06:07:42,490 [pool-739-thread-1] INFO  server.RaftServerConfigKeys (ConfUtils.java:logGet(43)) - raft.server.notification.no-leader.timeout = 120s (custom)
2019-09-29 06:07:42,490 [pool-739-thread-1] INFO  server.RaftServerConfigKeys (ConfUtils.java:logGet(43)) - raft.server.log.use.memory = false (default)
2019-09-29 06:07:42,490 [pool-739-thread-1] INFO  server.RaftServerConfigKeys (ConfUtils.java:logGet(43)) - raft.server.log.purge.gap = 1000000 (custom)
2019-09-29 06:07:42,490 [pool-739-thread-1] INFO  server.RaftServerConfigKeys (ConfUtils.java:logGet(43)) - raft.server.log.appender.buffer.byte-limit = 33554432 (custom)
2019-09-29 06:07:42,490 [pool-739-thread-1] INFO  server.RaftServerConfigKeys (ConfUtils.java:logGet(43)) - raft.server.log.segment.size.max = 1048576 (custom)
2019-09-29 06:07:42,490 [pool-739-thread-1] INFO  server.RaftServerConfigKeys (ConfUtils.java:logGet(43)) - raft.server.log.segment.cache.num.max = 2 (custom)
2019-09-29 06:07:42,490 [pool-739-thread-1] INFO  segmented.SegmentedRaftLogWorker (SegmentedRaftLogWorker.java:<init>(172)) - new 227ddd0a-6d1c-4677-b85b-540243285816@group-6CADFF541882-SegmentedRaftLogWorker for RaftStorage:Storage Directory /workdir/hadoop-ozone/integration-test/target/test-dir/MiniOzoneClusterImpl-c65cf843-44d5-454c-a5bf-f4b8d0178419/datanode-6/data/ratis/e4243ac9-c381-4078-b25d-6cadff541882
2019-09-29 06:07:42,491 [pool-739-thread-1] INFO  server.RaftServerConfigKeys (ConfUtils.java:logGet(43)) - raft.server.log.queue.byte-limit = 2147483647 (custom)
2019-09-29 06:07:42,491 [pool-739-thread-1] INFO  server.RaftServerConfigKeys (ConfUtils.java:logGet(43)) - raft.server.log.queue.element-limit = 1024 (custom)
2019-09-29 06:07:42,491 [pool-739-thread-1] INFO  server.RaftServerConfigKeys (ConfUtils.java:logGet(43)) - raft.server.log.segment.size.max = 1048576 (custom)
2019-09-29 06:07:42,491 [pool-739-thread-1] INFO  server.RaftServerConfigKeys (ConfUtils.java:logGet(43)) - raft.server.log.preallocated.size = 16384 (custom)
2019-09-29 06:07:42,491 [pool-739-thread-1] INFO  server.RaftServerConfigKeys (ConfUtils.java:logGet(43)) - raft.server.log.write.buffer.size = 33554432 (custom)
2019-09-29 06:07:42,491 [pool-739-thread-1] INFO  server.RaftServerConfigKeys (ConfUtils.java:logGet(43)) - raft.server.log.force.sync.num = 128 (default)
2019-09-29 06:07:42,492 [pool-739-thread-1] INFO  server.RaftServerConfigKeys (ConfUtils.java:logGet(43)) - raft.server.log.statemachine.data.sync = true (default)
2019-09-29 06:07:42,492 [pool-739-thread-1] INFO  server.RaftServerConfigKeys (ConfUtils.java:logGet(43)) - raft.server.log.statemachine.data.sync.timeout = 10s (default)
2019-09-29 06:07:42,492 [pool-739-thread-1] INFO  server.RaftServerConfigKeys (ConfUtils.java:logGet(43)) - raft.server.log.statemachine.data.sync.timeout.retry = -1 (default)
2019-09-29 06:07:42,492 [pool-739-thread-1] INFO  server.RaftServerConfigKeys (ConfUtils.java:logGet(43)) - raft.server.log.statemachine.data.caching.enabled = true (custom)
2019-09-29 06:07:42,492 [pool-739-thread-1] INFO  segmented.SegmentedRaftLogWorker (SegmentedRaftLogWorker.java:lambda$new$0(132)) - 227ddd0a-6d1c-4677-b85b-540243285816@group-6CADFF541882-SegmentedRaftLogWorker: flushIndex: setUnconditionally 0 -> -1
2019-09-29 06:07:42,492 [pool-739-thread-1] INFO  server.RaftServerConfigKeys (ConfUtils.java:logGet(43)) - raft.server.snapshot.auto.trigger.enabled = true (custom)
2019-09-29 06:07:42,492 [pool-739-thread-1] INFO  server.RaftServerConfigKeys (ConfUtils.java:logGet(43)) - raft.server.snapshot.auto.trigger.threshold = 10000 (custom)
2019-09-29 06:07:42,492 [pool-739-thread-1] INFO  server.RaftServerConfigKeys (ConfUtils.java:logGet(43)) - raft.server.snapshot.retention.num.files = 5 (custom)
2019-09-29 06:07:42,492 [pool-739-thread-1] INFO  server.RaftServerConfigKeys (ConfUtils.java:logGet(43)) - raft.server.retrycache.expirytime = 600000ms (custom)
2019-09-29 06:07:42,493 [pool-739-thread-1] INFO  impl.RaftServerImpl (RaftServerImpl.java:start(185)) - 227ddd0a-6d1c-4677-b85b-540243285816@group-6CADFF541882: start as a follower, conf=-1: [227ddd0a-6d1c-4677-b85b-540243285816:192.168.151.83:40356], old=null
2019-09-29 06:07:42,493 [pool-739-thread-1] INFO  impl.RaftServerImpl (RaftServerImpl.java:setRole(174)) - 227ddd0a-6d1c-4677-b85b-540243285816@group-6CADFF541882: changes role from      null to FOLLOWER at term 0 for startAsFollower
2019-09-29 06:07:42,494 [pool-739-thread-1] INFO  impl.RoleInfo (RoleInfo.java:updateAndGet(143)) - 227ddd0a-6d1c-4677-b85b-540243285816: start FollowerState
2019-09-29 06:07:42,494 [pool-739-thread-1] INFO  util.JmxRegister (JmxRegister.java:tryRegister(44)) - Successfully registered JMX Bean with object name Ratis:service=RaftServer,group=group-6CADFF541882,id=227ddd0a-6d1c-4677-b85b-540243285816
2019-09-29 06:07:42,495 [RatisPipelineUtilsThread] INFO  pipeline.PipelineStateManager (PipelineStateManager.java:addPipeline(56)) - Created pipeline Pipeline[ Id: e4243ac9-c381-4078-b25d-6cadff541882, Nodes: 227ddd0a-6d1c-4677-b85b-540243285816{ip: 192.168.151.83, host: trunk-nightly-20190929-jf6dg-3667755588, networkLocation: /default-rack, certSerialId: null}, Type:RATIS, Factor:ONE, State:OPEN]
2019-09-29 06:07:42,508 [grpc-default-executor-11] INFO  impl.RaftServerProxy (RaftServerProxy.java:addNew(89)) - e32827da-fefa-4c91-8e8c-7e9707bb3d63: addNew group-8F9F2E4B3202:[24090ede-3c03-4fff-9b4f-9beb681f64a5:192.168.151.83:38521, 6a374731-cae4-4078-a303-24268fd38917:192.168.151.83:36151, e32827da-fefa-4c91-8e8c-7e9707bb3d63:192.168.151.83:39603] returns group-8F9F2E4B3202:java.util.concurrent.CompletableFuture@499e40dc[Not completed]
2019-09-29 06:07:42,508 [grpc-default-executor-8] INFO  impl.RaftServerProxy (RaftServerProxy.java:addNew(89)) - 24090ede-3c03-4fff-9b4f-9beb681f64a5: addNew group-8F9F2E4B3202:[24090ede-3c03-4fff-9b4f-9beb681f64a5:192.168.151.83:38521, 6a374731-cae4-4078-a303-24268fd38917:192.168.151.83:36151, e32827da-fefa-4c91-8e8c-7e9707bb3d63:192.168.151.83:39603] returns group-8F9F2E4B3202:java.util.concurrent.CompletableFuture@4420f11d[Not completed]
2019-09-29 06:07:42,509 [grpc-default-executor-11] INFO  impl.RaftServerProxy (RaftServerProxy.java:addNew(89)) - 6a374731-cae4-4078-a303-24268fd38917: addNew group-8F9F2E4B3202:[24090ede-3c03-4fff-9b4f-9beb681f64a5:192.168.151.83:38521, 6a374731-cae4-4078-a303-24268fd38917:192.168.151.83:36151, e32827da-fefa-4c91-8e8c-7e9707bb3d63:192.168.151.83:39603] returns group-8F9F2E4B3202:java.util.concurrent.CompletableFuture@5495dbb6[Not completed]
2019-09-29 06:07:42,509 [pool-729-thread-1] INFO  impl.RaftServerImpl (RaftServerImpl.java:<init>(95)) - 24090ede-3c03-4fff-9b4f-9beb681f64a5: new RaftServerImpl for group-8F9F2E4B3202:[24090ede-3c03-4fff-9b4f-9beb681f64a5:192.168.151.83:38521, 6a374731-cae4-4078-a303-24268fd38917:192.168.151.83:36151, e32827da-fefa-4c91-8e8c-7e9707bb3d63:192.168.151.83:39603] with ContainerStateMachine:uninitialized
2019-09-29 06:07:42,509 [pool-729-thread-1] INFO  server.RaftServerConfigKeys (ConfUtils.java:logGet(43)) - raft.server.rpc.timeout.min = 5s (custom)
2019-09-29 06:07:42,509 [pool-729-thread-1] INFO  server.RaftServerConfigKeys (ConfUtils.java:logGet(43)) - raft.server.rpc.timeout.max = 5200ms (custom)
2019-09-29 06:07:42,509 [pool-729-thread-1] INFO  server.RaftServerConfigKeys (ConfUtils.java:logGet(43)) - raft.server.rpcslowness.timeout = 120s (custom)
2019-09-29 06:07:42,509 [pool-729-thread-1] INFO  server.RaftServerConfigKeys (ConfUtils.java:logGet(43)) - raft.server.sleep.deviation.threshold = 300 (default)
2019-09-29 06:07:42,509 [pool-729-thread-1] INFO  server.RaftServerConfigKeys (ConfUtils.java:logGet(43)) - raft.server.log.appender.install.snapshot.enabled = false (custom)
2019-09-29 06:07:42,510 [pool-729-thread-1] INFO  impl.RaftServerImpl (ServerState.java:<init>(103)) - 24090ede-3c03-4fff-9b4f-9beb681f64a5@group-8F9F2E4B3202: ConfigurationManager, init=-1: [24090ede-3c03-4fff-9b4f-9beb681f64a5:192.168.151.83:38521, 6a374731-cae4-4078-a303-24268fd38917:192.168.151.83:36151, e32827da-fefa-4c91-8e8c-7e9707bb3d63:192.168.151.83:39603], old=null, confs=<EMPTY_MAP>
2019-09-29 06:07:42,510 [pool-729-thread-1] INFO  server.RaftServerConfigKeys (ConfUtils.java:logGet(43)) - raft.server.storage.dir = [/workdir/hadoop-ozone/integration-test/target/test-dir/MiniOzoneClusterImpl-c65cf843-44d5-454c-a5bf-f4b8d0178419/datanode-5/data/ratis] (custom)
2019-09-29 06:07:42,510 [pool-719-thread-1] INFO  impl.RaftServerImpl (RaftServerImpl.java:<init>(95)) - 6a374731-cae4-4078-a303-24268fd38917: new RaftServerImpl for group-8F9F2E4B3202:[24090ede-3c03-4fff-9b4f-9beb681f64a5:192.168.151.83:38521, 6a374731-cae4-4078-a303-24268fd38917:192.168.151.83:36151, e32827da-fefa-4c91-8e8c-7e9707bb3d63:192.168.151.83:39603] with ContainerStateMachine:uninitialized
2019-09-29 06:07:42,510 [pool-719-thread-1] INFO  server.RaftServerConfigKeys (ConfUtils.java:logGet(43)) - raft.server.rpc.timeout.min = 5s (custom)
2019-09-29 06:07:42,510 [pool-719-thread-1] INFO  server.RaftServerConfigKeys (ConfUtils.java:logGet(43)) - raft.server.rpc.timeout.max = 5200ms (custom)
2019-09-29 06:07:42,510 [pool-729-thread-1] INFO  storage.RaftStorageDirectory (RaftStorageDirectory.java:analyzeStorage(246)) - The storage directory /workdir/hadoop-ozone/integration-test/target/test-dir/MiniOzoneClusterImpl-c65cf843-44d5-454c-a5bf-f4b8d0178419/datanode-5/data/ratis/89e6b6cf-9af0-446e-9293-8f9f2e4b3202 does not exist. Creating ...
2019-09-29 06:07:42,510 [pool-719-thread-1] INFO  server.RaftServerConfigKeys (ConfUtils.java:logGet(43)) - raft.server.rpcslowness.timeout = 120s (custom)
2019-09-29 06:07:42,510 [pool-709-thread-1] INFO  impl.RaftServerImpl (RaftServerImpl.java:<init>(95)) - e32827da-fefa-4c91-8e8c-7e9707bb3d63: new RaftServerImpl for group-8F9F2E4B3202:[24090ede-3c03-4fff-9b4f-9beb681f64a5:192.168.151.83:38521, 6a374731-cae4-4078-a303-24268fd38917:192.168.151.83:36151, e32827da-fefa-4c91-8e8c-7e9707bb3d63:192.168.151.83:39603] with ContainerStateMachine:uninitialized
2019-09-29 06:07:42,510 [pool-719-thread-1] INFO  server.RaftServerConfigKeys (ConfUtils.java:logGet(43)) - raft.server.sleep.deviation.threshold = 300 (default)
2019-09-29 06:07:42,510 [pool-709-thread-1] INFO  server.RaftServerConfigKeys (ConfUtils.java:logGet(43)) - raft.server.rpc.timeout.min = 5s (custom)
2019-09-29 06:07:42,510 [pool-719-thread-1] INFO  server.RaftServerConfigKeys (ConfUtils.java:logGet(43)) - raft.server.log.appender.install.snapshot.enabled = false (custom)
2019-09-29 06:07:42,510 [pool-709-thread-1] INFO  server.RaftServerConfigKeys (ConfUtils.java:logGet(43)) - raft.server.rpc.timeout.max = 5200ms (custom)
2019-09-29 06:07:42,511 [pool-719-thread-1] INFO  impl.RaftServerImpl (ServerState.java:<init>(103)) - 6a374731-cae4-4078-a303-24268fd38917@group-8F9F2E4B3202: ConfigurationManager, init=-1: [24090ede-3c03-4fff-9b4f-9beb681f64a5:192.168.151.83:38521, 6a374731-cae4-4078-a303-24268fd38917:192.168.151.83:36151, e32827da-fefa-4c91-8e8c-7e9707bb3d63:192.168.151.83:39603], old=null, confs=<EMPTY_MAP>
2019-09-29 06:07:42,511 [pool-709-thread-1] INFO  server.RaftServerConfigKeys (ConfUtils.java:logGet(43)) - raft.server.rpcslowness.timeout = 120s (custom)
2019-09-29 06:07:42,511 [pool-719-thread-1] INFO  server.RaftServerConfigKeys (ConfUtils.java:logGet(43)) - raft.server.storage.dir = [/workdir/hadoop-ozone/integration-test/target/test-dir/MiniOzoneClusterImpl-c65cf843-44d5-454c-a5bf-f4b8d0178419/datanode-4/data/ratis] (custom)
2019-09-29 06:07:42,511 [pool-709-thread-1] INFO  server.RaftServerConfigKeys (ConfUtils.java:logGet(43)) - raft.server.sleep.deviation.threshold = 300 (default)
2019-09-29 06:07:42,511 [pool-709-thread-1] INFO  server.RaftServerConfigKeys (ConfUtils.java:logGet(43)) - raft.server.log.appender.install.snapshot.enabled = false (custom)
2019-09-29 06:07:42,511 [pool-719-thread-1] INFO  storage.RaftStorageDirectory (RaftStorageDirectory.java:analyzeStorage(246)) - The storage directory /workdir/hadoop-ozone/integration-test/target/test-dir/MiniOzoneClusterImpl-c65cf843-44d5-454c-a5bf-f4b8d0178419/datanode-4/data/ratis/89e6b6cf-9af0-446e-9293-8f9f2e4b3202 does not exist. Creating ...
2019-09-29 06:07:42,511 [pool-709-thread-1] INFO  impl.RaftServerImpl (ServerState.java:<init>(103)) - e32827da-fefa-4c91-8e8c-7e9707bb3d63@group-8F9F2E4B3202: ConfigurationManager, init=-1: [24090ede-3c03-4fff-9b4f-9beb681f64a5:192.168.151.83:38521, 6a374731-cae4-4078-a303-24268fd38917:192.168.151.83:36151, e32827da-fefa-4c91-8e8c-7e9707bb3d63:192.168.151.83:39603], old=null, confs=<EMPTY_MAP>
2019-09-29 06:07:42,511 [pool-709-thread-1] INFO  server.RaftServerConfigKeys (ConfUtils.java:logGet(43)) - raft.server.storage.dir = [/workdir/hadoop-ozone/integration-test/target/test-dir/MiniOzoneClusterImpl-c65cf843-44d5-454c-a5bf-f4b8d0178419/datanode-3/data/ratis] (custom)
2019-09-29 06:07:42,512 [pool-709-thread-1] INFO  storage.RaftStorageDirectory (RaftStorageDirectory.java:analyzeStorage(246)) - The storage directory /workdir/hadoop-ozone/integration-test/target/test-dir/MiniOzoneClusterImpl-c65cf843-44d5-454c-a5bf-f4b8d0178419/datanode-3/data/ratis/89e6b6cf-9af0-446e-9293-8f9f2e4b3202 does not exist. Creating ...
2019-09-29 06:07:42,523 [pool-729-thread-1] INFO  storage.RaftStorageDirectory (RaftStorageDirectory.java:tryLock(328)) - Lock on /workdir/hadoop-ozone/integration-test/target/test-dir/MiniOzoneClusterImpl-c65cf843-44d5-454c-a5bf-f4b8d0178419/datanode-5/data/ratis/89e6b6cf-9af0-446e-9293-8f9f2e4b3202/in_use.lock acquired by nodename 23005@trunk-nightly-20190929-jf6dg-3667755588
2019-09-29 06:07:42,523 [pool-709-thread-1] INFO  storage.RaftStorageDirectory (RaftStorageDirectory.java:tryLock(328)) - Lock on /workdir/hadoop-ozone/integration-test/target/test-dir/MiniOzoneClusterImpl-c65cf843-44d5-454c-a5bf-f4b8d0178419/datanode-3/data/ratis/89e6b6cf-9af0-446e-9293-8f9f2e4b3202/in_use.lock acquired by nodename 23005@trunk-nightly-20190929-jf6dg-3667755588
2019-09-29 06:07:42,523 [pool-719-thread-1] INFO  storage.RaftStorageDirectory (RaftStorageDirectory.java:tryLock(328)) - Lock on /workdir/hadoop-ozone/integration-test/target/test-dir/MiniOzoneClusterImpl-c65cf843-44d5-454c-a5bf-f4b8d0178419/datanode-4/data/ratis/89e6b6cf-9af0-446e-9293-8f9f2e4b3202/in_use.lock acquired by nodename 23005@trunk-nightly-20190929-jf6dg-3667755588
2019-09-29 06:07:42,536 [pool-729-thread-1] INFO  storage.RaftStorage (RaftStorage.java:format(72)) - Storage directory /workdir/hadoop-ozone/integration-test/target/test-dir/MiniOzoneClusterImpl-c65cf843-44d5-454c-a5bf-f4b8d0178419/datanode-5/data/ratis/89e6b6cf-9af0-446e-9293-8f9f2e4b3202 has been successfully formatted.
2019-09-29 06:07:42,536 [pool-719-thread-1] INFO  storage.RaftStorage (RaftStorage.java:format(72)) - Storage directory /workdir/hadoop-ozone/integration-test/target/test-dir/MiniOzoneClusterImpl-c65cf843-44d5-454c-a5bf-f4b8d0178419/datanode-4/data/ratis/89e6b6cf-9af0-446e-9293-8f9f2e4b3202 has been successfully formatted.
2019-09-29 06:07:42,536 [pool-709-thread-1] INFO  storage.RaftStorage (RaftStorage.java:format(72)) - Storage directory /workdir/hadoop-ozone/integration-test/target/test-dir/MiniOzoneClusterImpl-c65cf843-44d5-454c-a5bf-f4b8d0178419/datanode-3/data/ratis/89e6b6cf-9af0-446e-9293-8f9f2e4b3202 has been successfully formatted.
2019-09-29 06:07:42,537 [pool-719-thread-1] INFO  ratis.ContainerStateMachine (ContainerStateMachine.java:loadSnapshot(230)) - group-8F9F2E4B3202: The snapshot info is null. Setting the last applied indexto:(t:0, i:~)
2019-09-29 06:07:42,536 [pool-729-thread-1] INFO  ratis.ContainerStateMachine (ContainerStateMachine.java:loadSnapshot(230)) - group-8F9F2E4B3202: The snapshot info is null. Setting the last applied indexto:(t:0, i:~)
2019-09-29 06:07:42,537 [pool-719-thread-1] INFO  server.RaftServerConfigKeys (ConfUtils.java:logGet(43)) - raft.server.notification.no-leader.timeout = 120s (custom)
2019-09-29 06:07:42,537 [pool-709-thread-1] INFO  ratis.ContainerStateMachine (ContainerStateMachine.java:loadSnapshot(230)) - group-8F9F2E4B3202: The snapshot info is null. Setting the last applied indexto:(t:0, i:~)
2019-09-29 06:07:42,537 [pool-719-thread-1] INFO  server.RaftServerConfigKeys (ConfUtils.java:logGet(43)) - raft.server.log.use.memory = false (default)
2019-09-29 06:07:42,537 [pool-729-thread-1] INFO  server.RaftServerConfigKeys (ConfUtils.java:logGet(43)) - raft.server.notification.no-leader.timeout = 120s (custom)
2019-09-29 06:07:42,537 [pool-719-thread-1] INFO  server.RaftServerConfigKeys (ConfUtils.java:logGet(43)) - raft.server.log.purge.gap = 1000000 (custom)
2019-09-29 06:07:42,537 [pool-709-thread-1] INFO  server.RaftServerConfigKeys (ConfUtils.java:logGet(43)) - raft.server.notification.no-leader.timeout = 120s (custom)
2019-09-29 06:07:42,537 [pool-719-thread-1] INFO  server.RaftServerConfigKeys (ConfUtils.java:logGet(43)) - raft.server.log.appender.buffer.byte-limit = 33554432 (custom)
2019-09-29 06:07:42,537 [pool-729-thread-1] INFO  server.RaftServerConfigKeys (ConfUtils.java:logGet(43)) - raft.server.log.use.memory = false (default)
2019-09-29 06:07:42,538 [pool-719-thread-1] INFO  server.RaftServerConfigKeys (ConfUtils.java:logGet(43)) - raft.server.log.segment.size.max = 1048576 (custom)
2019-09-29 06:07:42,538 [pool-709-thread-1] INFO  server.RaftServerConfigKeys (ConfUtils.java:logGet(43)) - raft.server.log.use.memory = false (default)
2019-09-29 06:07:42,538 [pool-719-thread-1] INFO  server.RaftServerConfigKeys (ConfUtils.java:logGet(43)) - raft.server.log.segment.cache.num.max = 2 (custom)
2019-09-29 06:07:42,538 [pool-729-thread-1] INFO  server.RaftServerConfigKeys (ConfUtils.java:logGet(43)) - raft.server.log.purge.gap = 1000000 (custom)
2019-09-29 06:07:42,538 [pool-719-thread-1] INFO  segmented.SegmentedRaftLogWorker (SegmentedRaftLogWorker.java:<init>(172)) - new 6a374731-cae4-4078-a303-24268fd38917@group-8F9F2E4B3202-SegmentedRaftLogWorker for RaftStorage:Storage Directory /workdir/hadoop-ozone/integration-test/target/test-dir/MiniOzoneClusterImpl-c65cf843-44d5-454c-a5bf-f4b8d0178419/datanode-4/data/ratis/89e6b6cf-9af0-446e-9293-8f9f2e4b3202
2019-09-29 06:07:42,538 [pool-709-thread-1] INFO  server.RaftServerConfigKeys (ConfUtils.java:logGet(43)) - raft.server.log.purge.gap = 1000000 (custom)
2019-09-29 06:07:42,538 [pool-719-thread-1] INFO  server.RaftServerConfigKeys (ConfUtils.java:logGet(43)) - raft.server.log.queue.byte-limit = 2147483647 (custom)
2019-09-29 06:07:42,538 [pool-729-thread-1] INFO  server.RaftServerConfigKeys (ConfUtils.java:logGet(43)) - raft.server.log.appender.buffer.byte-limit = 33554432 (custom)
2019-09-29 06:07:42,539 [pool-719-thread-1] INFO  server.RaftServerConfigKeys (ConfUtils.java:logGet(43)) - raft.server.log.queue.element-limit = 1024 (custom)
2019-09-29 06:07:42,539 [pool-709-thread-1] INFO  server.RaftServerConfigKeys (ConfUtils.java:logGet(43)) - raft.server.log.appender.buffer.byte-limit = 33554432 (custom)
2019-09-29 06:07:42,539 [pool-719-thread-1] INFO  server.RaftServerConfigKeys (ConfUtils.java:logGet(43)) - raft.server.log.segment.size.max = 1048576 (custom)
2019-09-29 06:07:42,539 [pool-729-thread-1] INFO  server.RaftServerConfigKeys (ConfUtils.java:logGet(43)) - raft.server.log.segment.size.max = 1048576 (custom)
2019-09-29 06:07:42,539 [pool-719-thread-1] INFO  server.RaftServerConfigKeys (ConfUtils.java:logGet(43)) - raft.server.log.preallocated.size = 16384 (custom)
2019-09-29 06:07:42,539 [pool-709-thread-1] INFO  server.RaftServerConfigKeys (ConfUtils.java:logGet(43)) - raft.server.log.segment.size.max = 1048576 (custom)
2019-09-29 06:07:42,539 [pool-719-thread-1] INFO  server.RaftServerConfigKeys (ConfUtils.java:logGet(43)) - raft.server.log.write.buffer.size = 33554432 (custom)
2019-09-29 06:07:42,539 [pool-729-thread-1] INFO  server.RaftServerConfigKeys (ConfUtils.java:logGet(43)) - raft.server.log.segment.cache.num.max = 2 (custom)
2019-09-29 06:07:42,540 [pool-719-thread-1] INFO  server.RaftServerConfigKeys (ConfUtils.java:logGet(43)) - raft.server.log.force.sync.num = 128 (default)
2019-09-29 06:07:42,539 [pool-709-thread-1] INFO  server.RaftServerConfigKeys (ConfUtils.java:logGet(43)) - raft.server.log.segment.cache.num.max = 2 (custom)
2019-09-29 06:07:42,540 [pool-719-thread-1] INFO  server.RaftServerConfigKeys (ConfUtils.java:logGet(43)) - raft.server.log.statemachine.data.sync = true (default)
2019-09-29 06:07:42,540 [pool-719-thread-1] INFO  server.RaftServerConfigKeys (ConfUtils.java:logGet(43)) - raft.server.log.statemachine.data.sync.timeout = 10s (default)
2019-09-29 06:07:42,540 [pool-729-thread-1] INFO  segmented.SegmentedRaftLogWorker (SegmentedRaftLogWorker.java:<init>(172)) - new 24090ede-3c03-4fff-9b4f-9beb681f64a5@group-8F9F2E4B3202-SegmentedRaftLogWorker for RaftStorage:Storage Directory /workdir/hadoop-ozone/integration-test/target/test-dir/MiniOzoneClusterImpl-c65cf843-44d5-454c-a5bf-f4b8d0178419/datanode-5/data/ratis/89e6b6cf-9af0-446e-9293-8f9f2e4b3202
2019-09-29 06:07:42,540 [pool-719-thread-1] INFO  server.RaftServerConfigKeys (ConfUtils.java:logGet(43)) - raft.server.log.statemachine.data.sync.timeout.retry = -1 (default)
2019-09-29 06:07:42,540 [pool-709-thread-1] INFO  segmented.SegmentedRaftLogWorker (SegmentedRaftLogWorker.java:<init>(172)) - new e32827da-fefa-4c91-8e8c-7e9707bb3d63@group-8F9F2E4B3202-SegmentedRaftLogWorker for RaftStorage:Storage Directory /workdir/hadoop-ozone/integration-test/target/test-dir/MiniOzoneClusterImpl-c65cf843-44d5-454c-a5bf-f4b8d0178419/datanode-3/data/ratis/89e6b6cf-9af0-446e-9293-8f9f2e4b3202
2019-09-29 06:07:42,541 [pool-719-thread-1] INFO  server.RaftServerConfigKeys (ConfUtils.java:logGet(43)) - raft.server.log.statemachine.data.caching.enabled = true (custom)
2019-09-29 06:07:42,540 [pool-729-thread-1] INFO  server.RaftServerConfigKeys (ConfUtils.java:logGet(43)) - raft.server.log.queue.byte-limit = 2147483647 (custom)
2019-09-29 06:07:42,541 [pool-709-thread-1] INFO  server.RaftServerConfigKeys (ConfUtils.java:logGet(43)) - raft.server.log.queue.byte-limit = 2147483647 (custom)
2019-09-29 06:07:42,541 [pool-719-thread-1] INFO  segmented.SegmentedRaftLogWorker (SegmentedRaftLogWorker.java:lambda$new$0(132)) - 6a374731-cae4-4078-a303-24268fd38917@group-8F9F2E4B3202-SegmentedRaftLogWorker: flushIndex: setUnconditionally 0 -> -1
2019-09-29 06:07:42,541 [pool-729-thread-1] INFO  server.RaftServerConfigKeys (ConfUtils.java:logGet(43)) - raft.server.log.queue.element-limit = 1024 (custom)
2019-09-29 06:07:42,541 [pool-709-thread-1] INFO  server.RaftServerConfigKeys (ConfUtils.java:logGet(43)) - raft.server.log.queue.element-limit = 1024 (custom)
2019-09-29 06:07:42,541 [pool-719-thread-1] INFO  server.RaftServerConfigKeys (ConfUtils.java:logGet(43)) - raft.server.snapshot.auto.trigger.enabled = true (custom)
2019-09-29 06:07:42,541 [pool-729-thread-1] INFO  server.RaftServerConfigKeys (ConfUtils.java:logGet(43)) - raft.server.log.segment.size.max = 1048576 (custom)
2019-09-29 06:07:42,541 [pool-719-thread-1] INFO  server.RaftServerConfigKeys (ConfUtils.java:logGet(43)) - raft.server.snapshot.auto.trigger.threshold = 10000 (custom)
2019-09-29 06:07:42,541 [pool-709-thread-1] INFO  server.RaftServerConfigKeys (ConfUtils.java:logGet(43)) - raft.server.log.segment.size.max = 1048576 (custom)
2019-09-29 06:07:42,542 [pool-719-thread-1] INFO  server.RaftServerConfigKeys (ConfUtils.java:logGet(43)) - raft.server.snapshot.retention.num.files = 5 (custom)
2019-09-29 06:07:42,541 [pool-729-thread-1] INFO  server.RaftServerConfigKeys (ConfUtils.java:logGet(43)) - raft.server.log.preallocated.size = 16384 (custom)
2019-09-29 06:07:42,542 [pool-719-thread-1] INFO  server.RaftServerConfigKeys (ConfUtils.java:logGet(43)) - raft.server.retrycache.expirytime = 600000ms (custom)
2019-09-29 06:07:42,542 [pool-709-thread-1] INFO  server.RaftServerConfigKeys (ConfUtils.java:logGet(43)) - raft.server.log.preallocated.size = 16384 (custom)
2019-09-29 06:07:42,542 [pool-729-thread-1] INFO  server.RaftServerConfigKeys (ConfUtils.java:logGet(43)) - raft.server.log.write.buffer.size = 33554432 (custom)
2019-09-29 06:07:42,542 [pool-709-thread-1] INFO  server.RaftServerConfigKeys (ConfUtils.java:logGet(43)) - raft.server.log.write.buffer.size = 33554432 (custom)
2019-09-29 06:07:42,542 [pool-729-thread-1] INFO  server.RaftServerConfigKeys (ConfUtils.java:logGet(43)) - raft.server.log.force.sync.num = 128 (default)
2019-09-29 06:07:42,542 [pool-709-thread-1] INFO  server.RaftServerConfigKeys (ConfUtils.java:logGet(43)) - raft.server.log.force.sync.num = 128 (default)
2019-09-29 06:07:42,542 [pool-729-thread-1] INFO  server.RaftServerConfigKeys (ConfUtils.java:logGet(43)) - raft.server.log.statemachine.data.sync = true (default)
2019-09-29 06:07:42,542 [pool-709-thread-1] INFO  server.RaftServerConfigKeys (ConfUtils.java:logGet(43)) - raft.server.log.statemachine.data.sync = true (default)
2019-09-29 06:07:42,543 [pool-729-thread-1] INFO  server.RaftServerConfigKeys (ConfUtils.java:logGet(43)) - raft.server.log.statemachine.data.sync.timeout = 10s (default)
2019-09-29 06:07:42,543 [pool-709-thread-1] INFO  server.RaftServerConfigKeys (ConfUtils.java:logGet(43)) - raft.server.log.statemachine.data.sync.timeout = 10s (default)
2019-09-29 06:07:42,543 [pool-729-thread-1] INFO  server.RaftServerConfigKeys (ConfUtils.java:logGet(43)) - raft.server.log.statemachine.data.sync.timeout.retry = -1 (default)
2019-09-29 06:07:42,543 [pool-709-thread-1] INFO  server.RaftServerConfigKeys (ConfUtils.java:logGet(43)) - raft.server.log.statemachine.data.sync.timeout.retry = -1 (default)
2019-09-29 06:07:42,543 [pool-729-thread-1] INFO  server.RaftServerConfigKeys (ConfUtils.java:logGet(43)) - raft.server.log.statemachine.data.caching.enabled = true (custom)
2019-09-29 06:07:42,543 [pool-709-thread-1] INFO  server.RaftServerConfigKeys (ConfUtils.java:logGet(43)) - raft.server.log.statemachine.data.caching.enabled = true (custom)
2019-09-29 06:07:42,543 [pool-729-thread-1] INFO  segmented.SegmentedRaftLogWorker (SegmentedRaftLogWorker.java:lambda$new$0(132)) - 24090ede-3c03-4fff-9b4f-9beb681f64a5@group-8F9F2E4B3202-SegmentedRaftLogWorker: flushIndex: setUnconditionally 0 -> -1
2019-09-29 06:07:42,543 [pool-709-thread-1] INFO  segmented.SegmentedRaftLogWorker (SegmentedRaftLogWorker.java:lambda$new$0(132)) - e32827da-fefa-4c91-8e8c-7e9707bb3d63@group-8F9F2E4B3202-SegmentedRaftLogWorker: flushIndex: setUnconditionally 0 -> -1
2019-09-29 06:07:42,543 [pool-729-thread-1] INFO  server.RaftServerConfigKeys (ConfUtils.java:logGet(43)) - raft.server.snapshot.auto.trigger.enabled = true (custom)
2019-09-29 06:07:42,543 [pool-719-thread-1] INFO  impl.RaftServerImpl (RaftServerImpl.java:start(185)) - 6a374731-cae4-4078-a303-24268fd38917@group-8F9F2E4B3202: start as a follower, conf=-1: [24090ede-3c03-4fff-9b4f-9beb681f64a5:192.168.151.83:38521, 6a374731-cae4-4078-a303-24268fd38917:192.168.151.83:36151, e32827da-fefa-4c91-8e8c-7e9707bb3d63:192.168.151.83:39603], old=null
2019-09-29 06:07:42,544 [pool-709-thread-1] INFO  server.RaftServerConfigKeys (ConfUtils.java:logGet(43)) - raft.server.snapshot.auto.trigger.enabled = true (custom)
2019-09-29 06:07:42,544 [pool-729-thread-1] INFO  server.RaftServerConfigKeys (ConfUtils.java:logGet(43)) - raft.server.snapshot.auto.trigger.threshold = 10000 (custom)
2019-09-29 06:07:42,544 [pool-709-thread-1] INFO  server.RaftServerConfigKeys (ConfUtils.java:logGet(43)) - raft.server.snapshot.auto.trigger.threshold = 10000 (custom)
2019-09-29 06:07:42,544 [pool-719-thread-1] INFO  impl.RaftServerImpl (RaftServerImpl.java:setRole(174)) - 6a374731-cae4-4078-a303-24268fd38917@group-8F9F2E4B3202: changes role from      null to FOLLOWER at term 0 for startAsFollower
2019-09-29 06:07:42,544 [pool-709-thread-1] INFO  server.RaftServerConfigKeys (ConfUtils.java:logGet(43)) - raft.server.snapshot.retention.num.files = 5 (custom)
2019-09-29 06:07:42,544 [pool-729-thread-1] INFO  server.RaftServerConfigKeys (ConfUtils.java:logGet(43)) - raft.server.snapshot.retention.num.files = 5 (custom)
2019-09-29 06:07:42,544 [pool-709-thread-1] INFO  server.RaftServerConfigKeys (ConfUtils.java:logGet(43)) - raft.server.retrycache.expirytime = 600000ms (custom)
2019-09-29 06:07:42,544 [pool-719-thread-1] INFO  impl.RoleInfo (RoleInfo.java:updateAndGet(143)) - 6a374731-cae4-4078-a303-24268fd38917: start FollowerState
2019-09-29 06:07:42,544 [pool-729-thread-1] INFO  server.RaftServerConfigKeys (ConfUtils.java:logGet(43)) - raft.server.retrycache.expirytime = 600000ms (custom)
2019-09-29 06:07:42,545 [pool-719-thread-1] INFO  util.JmxRegister (JmxRegister.java:tryRegister(44)) - Successfully registered JMX Bean with object name Ratis:service=RaftServer,group=group-8F9F2E4B3202,id=6a374731-cae4-4078-a303-24268fd38917
2019-09-29 06:07:42,546 [pool-709-thread-1] INFO  impl.RaftServerImpl (RaftServerImpl.java:start(185)) - e32827da-fefa-4c91-8e8c-7e9707bb3d63@group-8F9F2E4B3202: start as a follower, conf=-1: [24090ede-3c03-4fff-9b4f-9beb681f64a5:192.168.151.83:38521, 6a374731-cae4-4078-a303-24268fd38917:192.168.151.83:36151, e32827da-fefa-4c91-8e8c-7e9707bb3d63:192.168.151.83:39603], old=null
2019-09-29 06:07:42,546 [pool-709-thread-1] INFO  impl.RaftServerImpl (RaftServerImpl.java:setRole(174)) - e32827da-fefa-4c91-8e8c-7e9707bb3d63@group-8F9F2E4B3202: changes role from      null to FOLLOWER at term 0 for startAsFollower
2019-09-29 06:07:42,546 [pool-729-thread-1] INFO  impl.RaftServerImpl (RaftServerImpl.java:start(185)) - 24090ede-3c03-4fff-9b4f-9beb681f64a5@group-8F9F2E4B3202: start as a follower, conf=-1: [24090ede-3c03-4fff-9b4f-9beb681f64a5:192.168.151.83:38521, 6a374731-cae4-4078-a303-24268fd38917:192.168.151.83:36151, e32827da-fefa-4c91-8e8c-7e9707bb3d63:192.168.151.83:39603], old=null
2019-09-29 06:07:42,546 [pool-709-thread-1] INFO  impl.RoleInfo (RoleInfo.java:updateAndGet(143)) - e32827da-fefa-4c91-8e8c-7e9707bb3d63: start FollowerState
2019-09-29 06:07:42,546 [pool-729-thread-1] INFO  impl.RaftServerImpl (RaftServerImpl.java:setRole(174)) - 24090ede-3c03-4fff-9b4f-9beb681f64a5@group-8F9F2E4B3202: changes role from      null to FOLLOWER at term 0 for startAsFollower
2019-09-29 06:07:42,547 [pool-729-thread-1] INFO  impl.RoleInfo (RoleInfo.java:updateAndGet(143)) - 24090ede-3c03-4fff-9b4f-9beb681f64a5: start FollowerState
2019-09-29 06:07:42,547 [pool-709-thread-1] INFO  util.JmxRegister (JmxRegister.java:tryRegister(44)) - Successfully registered JMX Bean with object name Ratis:service=RaftServer,group=group-8F9F2E4B3202,id=e32827da-fefa-4c91-8e8c-7e9707bb3d63
2019-09-29 06:07:42,547 [pool-729-thread-1] INFO  util.JmxRegister (JmxRegister.java:tryRegister(44)) - Successfully registered JMX Bean with object name Ratis:service=RaftServer,group=group-8F9F2E4B3202,id=24090ede-3c03-4fff-9b4f-9beb681f64a5
2019-09-29 06:07:42,548 [RatisPipelineUtilsThread] INFO  pipeline.PipelineStateManager (PipelineStateManager.java:addPipeline(56)) - Created pipeline Pipeline[ Id: 89e6b6cf-9af0-446e-9293-8f9f2e4b3202, Nodes: 24090ede-3c03-4fff-9b4f-9beb681f64a5{ip: 192.168.151.83, host: trunk-nightly-20190929-jf6dg-3667755588, networkLocation: /default-rack, certSerialId: null}e32827da-fefa-4c91-8e8c-7e9707bb3d63{ip: 192.168.151.83, host: trunk-nightly-20190929-jf6dg-3667755588, networkLocation: /default-rack, certSerialId: null}6a374731-cae4-4078-a303-24268fd38917{ip: 192.168.151.83, host: trunk-nightly-20190929-jf6dg-3667755588, networkLocation: /default-rack, certSerialId: null}, Type:RATIS, Factor:THREE, State:OPEN]
2019-09-29 06:07:44,916 [Thread-4445] INFO  container.ReplicationManager (ReplicationManager.java:start(162)) - Starting Replication Monitor Thread.
2019-09-29 06:07:44,920 [ReplicationMonitor] INFO  container.ReplicationManager (ReplicationManager.java:run(225)) - Replication Monitor Thread took 1 milliseconds for processing 1 containers.
2019-09-29 06:07:47,087 [Thread-4447] INFO  impl.FollowerState (FollowerState.java:run(106)) - 155afd32-7b7a-4b1a-9daa-13d05cf6a825:group-842F58B975B1 changes to CANDIDATE, lastRpcTime:5120, electionTimeout:5120ms
2019-09-29 06:07:47,089 [Thread-4447] INFO  impl.RoleInfo (RoleInfo.java:shutdownFollowerState(121)) - 155afd32-7b7a-4b1a-9daa-13d05cf6a825: shutdown FollowerState
2019-09-29 06:07:47,090 [Thread-4447] INFO  impl.RaftServerImpl (RaftServerImpl.java:setRole(174)) - 155afd32-7b7a-4b1a-9daa-13d05cf6a825@group-842F58B975B1: changes role from  FOLLOWER to CANDIDATE at term 0 for changeToCandidate
2019-09-29 06:07:47,090 [Thread-4447] INFO  impl.RoleInfo (RoleInfo.java:updateAndGet(143)) - 155afd32-7b7a-4b1a-9daa-13d05cf6a825: start LeaderElection
2019-09-29 06:07:47,115 [155afd32-7b7a-4b1a-9daa-13d05cf6a825@group-842F58B975B1:LeaderElection109] INFO  impl.LeaderElection (LeaderElection.java:askForVotes(182)) - 155afd32-7b7a-4b1a-9daa-13d05cf6a825@group-842F58B975B1:LeaderElection109: begin an election at term 1 for -1: [155afd32-7b7a-4b1a-9daa-13d05cf6a825:192.168.151.83:41995], old=null
2019-09-29 06:07:47,115 [155afd32-7b7a-4b1a-9daa-13d05cf6a825@group-842F58B975B1:LeaderElection109] INFO  impl.RoleInfo (RoleInfo.java:shutdownLeaderElection(134)) - 155afd32-7b7a-4b1a-9daa-13d05cf6a825: shutdown LeaderElection
2019-09-29 06:07:47,116 [155afd32-7b7a-4b1a-9daa-13d05cf6a825@group-842F58B975B1:LeaderElection109] INFO  impl.RaftServerImpl (RaftServerImpl.java:setRole(174)) - 155afd32-7b7a-4b1a-9daa-13d05cf6a825@group-842F58B975B1: changes role from CANDIDATE to LEADER at term 1 for changeToLeader
2019-09-29 06:07:47,116 [155afd32-7b7a-4b1a-9daa-13d05cf6a825@group-842F58B975B1:LeaderElection109] INFO  impl.RaftServerImpl (ServerState.java:setLeader(253)) - 155afd32-7b7a-4b1a-9daa-13d05cf6a825@group-842F58B975B1: change Leader from null to 155afd32-7b7a-4b1a-9daa-13d05cf6a825 at term 1 for becomeLeader, leader elected after 5154ms
2019-09-29 06:07:47,116 [155afd32-7b7a-4b1a-9daa-13d05cf6a825@group-842F58B975B1:LeaderElection109] INFO  server.RaftServerConfigKeys (ConfUtils.java:logGet(43)) - raft.server.staging.catchup.gap = 1000 (default)
2019-09-29 06:07:47,116 [155afd32-7b7a-4b1a-9daa-13d05cf6a825@group-842F58B975B1:LeaderElection109] INFO  server.RaftServerConfigKeys (ConfUtils.java:logGet(43)) - raft.server.rpc.sleep.time = 25ms (default)
2019-09-29 06:07:47,116 [155afd32-7b7a-4b1a-9daa-13d05cf6a825@group-842F58B975B1:LeaderElection109] INFO  server.RaftServerConfigKeys (ConfUtils.java:logGet(43)) - raft.server.write.element-limit = 4096 (default)
2019-09-29 06:07:47,116 [155afd32-7b7a-4b1a-9daa-13d05cf6a825@group-842F58B975B1:LeaderElection109] INFO  server.RaftServerConfigKeys (ConfUtils.java:logGet(43)) - raft.server.watch.timeout = 10s (default)
2019-09-29 06:07:47,117 [155afd32-7b7a-4b1a-9daa-13d05cf6a825@group-842F58B975B1:LeaderElection109] INFO  server.RaftServerConfigKeys (ConfUtils.java:logGet(43)) - raft.server.watch.timeout.denomination = 1s (default)
2019-09-29 06:07:47,117 [155afd32-7b7a-4b1a-9daa-13d05cf6a825@group-842F58B975B1:LeaderElection109] INFO  server.RaftServerConfigKeys (ConfUtils.java:logGet(43)) - raft.server.watch.element-limit = 65536 (default)
2019-09-29 06:07:47,119 [155afd32-7b7a-4b1a-9daa-13d05cf6a825@group-842F58B975B1:LeaderElection109] INFO  impl.RoleInfo (RoleInfo.java:updateAndGet(143)) - 155afd32-7b7a-4b1a-9daa-13d05cf6a825: start LeaderState
2019-09-29 06:07:47,120 [155afd32-7b7a-4b1a-9daa-13d05cf6a825@group-842F58B975B1:LeaderElection109] INFO  segmented.SegmentedRaftLogWorker (SegmentedRaftLogWorker.java:startLogSegment(380)) - 155afd32-7b7a-4b1a-9daa-13d05cf6a825@group-842F58B975B1-SegmentedRaftLogWorker: Starting segment from index:0
2019-09-29 06:07:47,121 [155afd32-7b7a-4b1a-9daa-13d05cf6a825@group-842F58B975B1:LeaderElection109] INFO  impl.RaftServerImpl (ServerState.java:setRaftConf(354)) - 155afd32-7b7a-4b1a-9daa-13d05cf6a825@group-842F58B975B1: set configuration 0: [155afd32-7b7a-4b1a-9daa-13d05cf6a825:192.168.151.83:41995], old=null at 0
2019-09-29 06:07:47,147 [155afd32-7b7a-4b1a-9daa-13d05cf6a825@group-842F58B975B1-SegmentedRaftLogWorker] INFO  segmented.SegmentedRaftLogWorker (SegmentedRaftLogWorker.java:execute(569)) - 155afd32-7b7a-4b1a-9daa-13d05cf6a825@group-842F58B975B1-SegmentedRaftLogWorker: created new log segment /workdir/hadoop-ozone/integration-test/target/test-dir/MiniOzoneClusterImpl-c65cf843-44d5-454c-a5bf-f4b8d0178419/datanode-0/data/ratis/7b9176ce-3191-4ddb-80c6-842f58b975b1/current/log_inprogress_0
2019-09-29 06:07:47,177 [Thread-4461] INFO  impl.FollowerState (FollowerState.java:run(106)) - 4e029b57-ef99-4eb3-a202-8445721934be:group-65B983C014FC changes to CANDIDATE, lastRpcTime:5010, electionTimeout:5010ms
2019-09-29 06:07:47,177 [Thread-4461] INFO  impl.RoleInfo (RoleInfo.java:shutdownFollowerState(121)) - 4e029b57-ef99-4eb3-a202-8445721934be: shutdown FollowerState
2019-09-29 06:07:47,177 [Thread-4461] INFO  impl.RaftServerImpl (RaftServerImpl.java:setRole(174)) - 4e029b57-ef99-4eb3-a202-8445721934be@group-65B983C014FC: changes role from  FOLLOWER to CANDIDATE at term 0 for changeToCandidate
2019-09-29 06:07:47,177 [Thread-4461] INFO  impl.RoleInfo (RoleInfo.java:updateAndGet(143)) - 4e029b57-ef99-4eb3-a202-8445721934be: start LeaderElection
2019-09-29 06:07:47,186 [Thread-4460] INFO  impl.FollowerState (FollowerState.java:run(106)) - eb230cd1-3410-4a2d-b462-9a03cd2a50d5:group-65B983C014FC changes to CANDIDATE, lastRpcTime:5020, electionTimeout:5020ms
2019-09-29 06:07:47,186 [Thread-4460] INFO  impl.RoleInfo (RoleInfo.java:shutdownFollowerState(121)) - eb230cd1-3410-4a2d-b462-9a03cd2a50d5: shutdown FollowerState
2019-09-29 06:07:47,186 [Thread-4460] INFO  impl.RaftServerImpl (RaftServerImpl.java:setRole(174)) - eb230cd1-3410-4a2d-b462-9a03cd2a50d5@group-65B983C014FC: changes role from  FOLLOWER to CANDIDATE at term 0 for changeToCandidate
2019-09-29 06:07:47,187 [Thread-4460] INFO  impl.RoleInfo (RoleInfo.java:updateAndGet(143)) - eb230cd1-3410-4a2d-b462-9a03cd2a50d5: start LeaderElection
2019-09-29 06:07:47,210 [eb230cd1-3410-4a2d-b462-9a03cd2a50d5@group-65B983C014FC:LeaderElection111] INFO  impl.LeaderElection (LeaderElection.java:askForVotes(182)) - eb230cd1-3410-4a2d-b462-9a03cd2a50d5@group-65B983C014FC:LeaderElection111: begin an election at term 1 for -1: [4e029b57-ef99-4eb3-a202-8445721934be:192.168.151.83:34101, 155afd32-7b7a-4b1a-9daa-13d05cf6a825:192.168.151.83:41995, eb230cd1-3410-4a2d-b462-9a03cd2a50d5:192.168.151.83:36031], old=null
2019-09-29 06:07:47,210 [4e029b57-ef99-4eb3-a202-8445721934be@group-65B983C014FC:LeaderElection110] INFO  impl.LeaderElection (LeaderElection.java:askForVotes(182)) - 4e029b57-ef99-4eb3-a202-8445721934be@group-65B983C014FC:LeaderElection110: begin an election at term 1 for -1: [4e029b57-ef99-4eb3-a202-8445721934be:192.168.151.83:34101, 155afd32-7b7a-4b1a-9daa-13d05cf6a825:192.168.151.83:41995, eb230cd1-3410-4a2d-b462-9a03cd2a50d5:192.168.151.83:36031], old=null
2019-09-29 06:07:47,214 [grpc-default-executor-1] INFO  impl.RaftServerImpl (RaftServerImpl.java:setRole(174)) - 155afd32-7b7a-4b1a-9daa-13d05cf6a825@group-65B983C014FC: changes role from  FOLLOWER to FOLLOWER at term 1 for recognizeCandidate:4e029b57-ef99-4eb3-a202-8445721934be
2019-09-29 06:07:47,214 [grpc-default-executor-1] INFO  impl.RoleInfo (RoleInfo.java:shutdownFollowerState(121)) - 155afd32-7b7a-4b1a-9daa-13d05cf6a825: shutdown FollowerState
2019-09-29 06:07:47,215 [grpc-default-executor-1] INFO  impl.RoleInfo (RoleInfo.java:updateAndGet(143)) - 155afd32-7b7a-4b1a-9daa-13d05cf6a825: start FollowerState
2019-09-29 06:07:47,218 [Thread-4456] INFO  impl.FollowerState (FollowerState.java:run(115)) - 155afd32-7b7a-4b1a-9daa-13d05cf6a825: FollowerState was interrupted: java.lang.InterruptedException: sleep interrupted
2019-09-29 06:07:47,221 [Thread-4450] INFO  impl.FollowerState (FollowerState.java:run(106)) - 4e029b57-ef99-4eb3-a202-8445721934be:group-42B2F395208B changes to CANDIDATE, lastRpcTime:5200, electionTimeout:5200ms
2019-09-29 06:07:47,222 [Thread-4450] INFO  impl.RoleInfo (RoleInfo.java:shutdownFollowerState(121)) - 4e029b57-ef99-4eb3-a202-8445721934be: shutdown FollowerState
2019-09-29 06:07:47,222 [Thread-4450] INFO  impl.RaftServerImpl (RaftServerImpl.java:setRole(174)) - 4e029b57-ef99-4eb3-a202-8445721934be@group-42B2F395208B: changes role from  FOLLOWER to CANDIDATE at term 0 for changeToCandidate
2019-09-29 06:07:47,222 [Thread-4450] INFO  impl.RoleInfo (RoleInfo.java:updateAndGet(143)) - 4e029b57-ef99-4eb3-a202-8445721934be: start LeaderElection
2019-09-29 06:07:47,246 [4e029b57-ef99-4eb3-a202-8445721934be@group-42B2F395208B:LeaderElection112] INFO  impl.LeaderElection (LeaderElection.java:askForVotes(182)) - 4e029b57-ef99-4eb3-a202-8445721934be@group-42B2F395208B:LeaderElection112: begin an election at term 1 for -1: [4e029b57-ef99-4eb3-a202-8445721934be:192.168.151.83:34101], old=null
2019-09-29 06:07:47,246 [4e029b57-ef99-4eb3-a202-8445721934be@group-42B2F395208B:LeaderElection112] INFO  impl.RoleInfo (RoleInfo.java:shutdownLeaderElection(134)) - 4e029b57-ef99-4eb3-a202-8445721934be: shutdown LeaderElection
2019-09-29 06:07:47,246 [4e029b57-ef99-4eb3-a202-8445721934be@group-42B2F395208B:LeaderElection112] INFO  impl.RaftServerImpl (RaftServerImpl.java:setRole(174)) - 4e029b57-ef99-4eb3-a202-8445721934be@group-42B2F395208B: changes role from CANDIDATE to LEADER at term 1 for changeToLeader
2019-09-29 06:07:47,246 [4e029b57-ef99-4eb3-a202-8445721934be@group-42B2F395208B:LeaderElection112] INFO  impl.RaftServerImpl (ServerState.java:setLeader(253)) - 4e029b57-ef99-4eb3-a202-8445721934be@group-42B2F395208B: change Leader from null to 4e029b57-ef99-4eb3-a202-8445721934be at term 1 for becomeLeader, leader elected after 5234ms
2019-09-29 06:07:47,247 [4e029b57-ef99-4eb3-a202-8445721934be@group-42B2F395208B:LeaderElection112] INFO  server.RaftServerConfigKeys (ConfUtils.java:logGet(43)) - raft.server.staging.catchup.gap = 1000 (default)
2019-09-29 06:07:47,247 [4e029b57-ef99-4eb3-a202-8445721934be@group-42B2F395208B:LeaderElection112] INFO  server.RaftServerConfigKeys (ConfUtils.java:logGet(43)) - raft.server.rpc.sleep.time = 25ms (default)
2019-09-29 06:07:47,247 [4e029b57-ef99-4eb3-a202-8445721934be@group-42B2F395208B:LeaderElection112] INFO  server.RaftServerConfigKeys (ConfUtils.java:logGet(43)) - raft.server.write.element-limit = 4096 (default)
2019-09-29 06:07:47,247 [4e029b57-ef99-4eb3-a202-8445721934be@group-65B983C014FC:LeaderElection110] INFO  impl.LeaderElection (LeaderElection.java:logAndReturn(56)) - 4e029b57-ef99-4eb3-a202-8445721934be@group-65B983C014FC:LeaderElection110: Election PASSED; received 2 response(s) [4e029b57-ef99-4eb3-a202-8445721934be<-155afd32-7b7a-4b1a-9daa-13d05cf6a825#0:OK-t1, 4e029b57-ef99-4eb3-a202-8445721934be<-eb230cd1-3410-4a2d-b462-9a03cd2a50d5#0:FAIL-t1] and 0 exception(s); 4e029b57-ef99-4eb3-a202-8445721934be@group-65B983C014FC:t1, leader=null, voted=4e029b57-ef99-4eb3-a202-8445721934be, raftlog=4e029b57-ef99-4eb3-a202-8445721934be@group-65B983C014FC-SegmentedRaftLog:OPENED:c-1,f-1,i0, conf=-1: [4e029b57-ef99-4eb3-a202-8445721934be:192.168.151.83:34101, 155afd32-7b7a-4b1a-9daa-13d05cf6a825:192.168.151.83:41995, eb230cd1-3410-4a2d-b462-9a03cd2a50d5:192.168.151.83:36031], old=null
2019-09-29 06:07:47,247 [4e029b57-ef99-4eb3-a202-8445721934be@group-42B2F395208B:LeaderElection112] INFO  server.RaftServerConfigKeys (ConfUtils.java:logGet(43)) - raft.server.watch.timeout = 10s (default)
2019-09-29 06:07:47,247 [4e029b57-ef99-4eb3-a202-8445721934be@group-65B983C014FC:LeaderElection110] INFO  impl.RoleInfo (RoleInfo.java:shutdownLeaderElection(134)) - 4e029b57-ef99-4eb3-a202-8445721934be: shutdown LeaderElection
2019-09-29 06:07:47,247 [eb230cd1-3410-4a2d-b462-9a03cd2a50d5@group-65B983C014FC:LeaderElection111] INFO  impl.LeaderElection (LeaderElection.java:logAndReturn(56)) - eb230cd1-3410-4a2d-b462-9a03cd2a50d5@group-65B983C014FC:LeaderElection111: Election REJECTED; received 2 response(s) [eb230cd1-3410-4a2d-b462-9a03cd2a50d5<-4e029b57-ef99-4eb3-a202-8445721934be#0:FAIL-t1, eb230cd1-3410-4a2d-b462-9a03cd2a50d5<-155afd32-7b7a-4b1a-9daa-13d05cf6a825#0:FAIL-t1] and 0 exception(s); eb230cd1-3410-4a2d-b462-9a03cd2a50d5@group-65B983C014FC:t1, leader=null, voted=eb230cd1-3410-4a2d-b462-9a03cd2a50d5, raftlog=eb230cd1-3410-4a2d-b462-9a03cd2a50d5@group-65B983C014FC-SegmentedRaftLog:OPENED:c-1,f-1,i0, conf=-1: [4e029b57-ef99-4eb3-a202-8445721934be:192.168.151.83:34101, 155afd32-7b7a-4b1a-9daa-13d05cf6a825:192.168.151.83:41995, eb230cd1-3410-4a2d-b462-9a03cd2a50d5:192.168.151.83:36031], old=null
2019-09-29 06:07:47,251 [4e029b57-ef99-4eb3-a202-8445721934be@group-65B983C014FC:LeaderElection110] INFO  impl.RaftServerImpl (RaftServerImpl.java:setRole(174)) - 4e029b57-ef99-4eb3-a202-8445721934be@group-65B983C014FC: changes role from CANDIDATE to LEADER at term 1 for changeToLeader
2019-09-29 06:07:47,251 [4e029b57-ef99-4eb3-a202-8445721934be@group-65B983C014FC:LeaderElection110] INFO  impl.RaftServerImpl (ServerState.java:setLeader(253)) - 4e029b57-ef99-4eb3-a202-8445721934be@group-65B983C014FC: change Leader from null to 4e029b57-ef99-4eb3-a202-8445721934be at term 1 for becomeLeader, leader elected after 5098ms
2019-09-29 06:07:47,247 [4e029b57-ef99-4eb3-a202-8445721934be@group-42B2F395208B:LeaderElection112] INFO  server.RaftServerConfigKeys (ConfUtils.java:logGet(43)) - raft.server.watch.timeout.denomination = 1s (default)
2019-09-29 06:07:47,251 [4e029b57-ef99-4eb3-a202-8445721934be@group-65B983C014FC:LeaderElection110] INFO  server.RaftServerConfigKeys (ConfUtils.java:logGet(43)) - raft.server.staging.catchup.gap = 1000 (default)
2019-09-29 06:07:47,251 [eb230cd1-3410-4a2d-b462-9a03cd2a50d5@group-65B983C014FC:LeaderElection111] INFO  impl.RaftServerImpl (RaftServerImpl.java:setRole(174)) - eb230cd1-3410-4a2d-b462-9a03cd2a50d5@group-65B983C014FC: changes role from CANDIDATE to FOLLOWER at term 1 for DISCOVERED_A_NEW_TERM
2019-09-29 06:07:47,255 [4e029b57-ef99-4eb3-a202-8445721934be@group-65B983C014FC:LeaderElection110] INFO  server.RaftServerConfigKeys (ConfUtils.java:logGet(43)) - raft.server.rpc.sleep.time = 25ms (default)
2019-09-29 06:07:47,255 [4e029b57-ef99-4eb3-a202-8445721934be@group-42B2F395208B:LeaderElection112] INFO  server.RaftServerConfigKeys (ConfUtils.java:logGet(43)) - raft.server.watch.element-limit = 65536 (default)
2019-09-29 06:07:47,255 [4e029b57-ef99-4eb3-a202-8445721934be@group-65B983C014FC:LeaderElection110] INFO  server.RaftServerConfigKeys (ConfUtils.java:logGet(43)) - raft.server.write.element-limit = 4096 (default)
2019-09-29 06:07:47,255 [eb230cd1-3410-4a2d-b462-9a03cd2a50d5@group-65B983C014FC:LeaderElection111] INFO  impl.RoleInfo (RoleInfo.java:shutdownLeaderElection(134)) - eb230cd1-3410-4a2d-b462-9a03cd2a50d5: shutdown LeaderElection
2019-09-29 06:07:47,255 [4e029b57-ef99-4eb3-a202-8445721934be@group-65B983C014FC:LeaderElection110] INFO  server.RaftServerConfigKeys (ConfUtils.java:logGet(43)) - raft.server.watch.timeout = 10s (default)
2019-09-29 06:07:47,255 [eb230cd1-3410-4a2d-b462-9a03cd2a50d5@group-65B983C014FC:LeaderElection111] INFO  impl.RoleInfo (RoleInfo.java:updateAndGet(143)) - eb230cd1-3410-4a2d-b462-9a03cd2a50d5: start FollowerState
2019-09-29 06:07:47,255 [4e029b57-ef99-4eb3-a202-8445721934be@group-65B983C014FC:LeaderElection110] INFO  server.RaftServerConfigKeys (ConfUtils.java:logGet(43)) - raft.server.watch.timeout.denomination = 1s (default)
2019-09-29 06:07:47,256 [4e029b57-ef99-4eb3-a202-8445721934be@group-65B983C014FC:LeaderElection110] INFO  server.RaftServerConfigKeys (ConfUtils.java:logGet(43)) - raft.server.watch.element-limit = 65536 (default)
2019-09-29 06:07:47,257 [4e029b57-ef99-4eb3-a202-8445721934be@group-42B2F395208B:LeaderElection112] INFO  impl.RoleInfo (RoleInfo.java:updateAndGet(143)) - 4e029b57-ef99-4eb3-a202-8445721934be: start LeaderState
2019-09-29 06:07:47,257 [4e029b57-ef99-4eb3-a202-8445721934be@group-42B2F395208B:LeaderElection112] INFO  segmented.SegmentedRaftLogWorker (SegmentedRaftLogWorker.java:startLogSegment(380)) - 4e029b57-ef99-4eb3-a202-8445721934be@group-42B2F395208B-SegmentedRaftLogWorker: Starting segment from index:0
2019-09-29 06:07:47,258 [4e029b57-ef99-4eb3-a202-8445721934be@group-42B2F395208B:LeaderElection112] INFO  impl.RaftServerImpl (ServerState.java:setRaftConf(354)) - 4e029b57-ef99-4eb3-a202-8445721934be@group-42B2F395208B: set configuration 0: [4e029b57-ef99-4eb3-a202-8445721934be:192.168.151.83:34101], old=null at 0
2019-09-29 06:07:47,258 [4e029b57-ef99-4eb3-a202-8445721934be@group-65B983C014FC:LeaderElection110] INFO  server.RaftServerConfigKeys (ConfUtils.java:logGet(43)) - raft.server.log.appender.snapshot.chunk.size.max = 16MB (=16777216) (default)
2019-09-29 06:07:47,259 [4e029b57-ef99-4eb3-a202-8445721934be@group-65B983C014FC:LeaderElection110] INFO  server.RaftServerConfigKeys (ConfUtils.java:logGet(43)) - raft.server.log.appender.buffer.byte-limit = 33554432 (custom)
2019-09-29 06:07:47,259 [4e029b57-ef99-4eb3-a202-8445721934be@group-65B983C014FC:LeaderElection110] INFO  server.RaftServerConfigKeys (ConfUtils.java:logGet(43)) - raft.server.log.appender.buffer.element-limit = 1 (custom)
2019-09-29 06:07:47,260 [4e029b57-ef99-4eb3-a202-8445721934be@group-65B983C014FC:LeaderElection110] INFO  grpc.GrpcConfigKeys$Server (ConfUtils.java:logGet(43)) - raft.grpc.server.leader.outstanding.appends.max = 128 (default)
2019-09-29 06:07:47,260 [4e029b57-ef99-4eb3-a202-8445721934be@group-65B983C014FC:LeaderElection110] INFO  server.RaftServerConfigKeys (ConfUtils.java:logGet(43)) - raft.server.rpc.request.timeout = 3000ms (default)
2019-09-29 06:07:47,260 [4e029b57-ef99-4eb3-a202-8445721934be@group-65B983C014FC:LeaderElection110] INFO  server.RaftServerConfigKeys (ConfUtils.java:logGet(43)) - raft.server.log.appender.install.snapshot.enabled = false (custom)
2019-09-29 06:07:47,260 [4e029b57-ef99-4eb3-a202-8445721934be@group-65B983C014FC:LeaderElection110] INFO  server.RaftServerConfigKeys (ConfUtils.java:logGet(43)) - raft.server.log.appender.snapshot.chunk.size.max = 16MB (=16777216) (default)
2019-09-29 06:07:47,261 [4e029b57-ef99-4eb3-a202-8445721934be@group-65B983C014FC:LeaderElection110] INFO  server.RaftServerConfigKeys (ConfUtils.java:logGet(43)) - raft.server.log.appender.buffer.byte-limit = 33554432 (custom)
2019-09-29 06:07:47,261 [4e029b57-ef99-4eb3-a202-8445721934be@group-65B983C014FC:LeaderElection110] INFO  server.RaftServerConfigKeys (ConfUtils.java:logGet(43)) - raft.server.log.appender.buffer.element-limit = 1 (custom)
2019-09-29 06:07:47,261 [4e029b57-ef99-4eb3-a202-8445721934be@group-65B983C014FC:LeaderElection110] INFO  grpc.GrpcConfigKeys$Server (ConfUtils.java:logGet(43)) - raft.grpc.server.leader.outstanding.appends.max = 128 (default)
2019-09-29 06:07:47,261 [4e029b57-ef99-4eb3-a202-8445721934be@group-65B983C014FC:LeaderElection110] INFO  server.RaftServerConfigKeys (ConfUtils.java:logGet(43)) - raft.server.rpc.request.timeout = 3000ms (default)
2019-09-29 06:07:47,261 [4e029b57-ef99-4eb3-a202-8445721934be@group-65B983C014FC:LeaderElection110] INFO  server.RaftServerConfigKeys (ConfUtils.java:logGet(43)) - raft.server.log.appender.install.snapshot.enabled = false (custom)
2019-09-29 06:07:47,261 [4e029b57-ef99-4eb3-a202-8445721934be@group-65B983C014FC:LeaderElection110] INFO  impl.RoleInfo (RoleInfo.java:updateAndGet(143)) - 4e029b57-ef99-4eb3-a202-8445721934be: start LeaderState
2019-09-29 06:07:47,262 [4e029b57-ef99-4eb3-a202-8445721934be@group-65B983C014FC:LeaderElection110] INFO  segmented.SegmentedRaftLogWorker (SegmentedRaftLogWorker.java:startLogSegment(380)) - 4e029b57-ef99-4eb3-a202-8445721934be@group-65B983C014FC-SegmentedRaftLogWorker: Starting segment from index:0
2019-09-29 06:07:47,263 [4e029b57-ef99-4eb3-a202-8445721934be@group-65B983C014FC:LeaderElection110] INFO  impl.RaftServerImpl (ServerState.java:setRaftConf(354)) - 4e029b57-ef99-4eb3-a202-8445721934be@group-65B983C014FC: set configuration 0: [4e029b57-ef99-4eb3-a202-8445721934be:192.168.151.83:34101, 155afd32-7b7a-4b1a-9daa-13d05cf6a825:192.168.151.83:41995, eb230cd1-3410-4a2d-b462-9a03cd2a50d5:192.168.151.83:36031], old=null at 0
2019-09-29 06:07:47,283 [Thread-4453] INFO  impl.FollowerState (FollowerState.java:run(106)) - eb230cd1-3410-4a2d-b462-9a03cd2a50d5:group-5587530BF203 changes to CANDIDATE, lastRpcTime:5197, electionTimeout:5186ms
2019-09-29 06:07:47,284 [Thread-4453] INFO  impl.RoleInfo (RoleInfo.java:shutdownFollowerState(121)) - eb230cd1-3410-4a2d-b462-9a03cd2a50d5: shutdown FollowerState
2019-09-29 06:07:47,284 [Thread-4453] INFO  impl.RaftServerImpl (RaftServerImpl.java:setRole(174)) - eb230cd1-3410-4a2d-b462-9a03cd2a50d5@group-5587530BF203: changes role from  FOLLOWER to CANDIDATE at term 0 for changeToCandidate
2019-09-29 06:07:47,284 [grpc-default-executor-8] INFO  impl.RaftServerImpl (ServerState.java:setLeader(253)) - 155afd32-7b7a-4b1a-9daa-13d05cf6a825@group-65B983C014FC: change Leader from null to 4e029b57-ef99-4eb3-a202-8445721934be at term 1 for appendEntries, leader elected after 5131ms
2019-09-29 06:07:47,284 [Thread-4453] INFO  impl.RoleInfo (RoleInfo.java:updateAndGet(143)) - eb230cd1-3410-4a2d-b462-9a03cd2a50d5: start LeaderElection
2019-09-29 06:07:47,285 [grpc-default-executor-1] INFO  impl.RaftServerImpl (ServerState.java:setLeader(253)) - eb230cd1-3410-4a2d-b462-9a03cd2a50d5@group-65B983C014FC: change Leader from null to 4e029b57-ef99-4eb3-a202-8445721934be at term 1 for appendEntries, leader elected after 5132ms
2019-09-29 06:07:47,291 [4e029b57-ef99-4eb3-a202-8445721934be@group-65B983C014FC-SegmentedRaftLogWorker] INFO  segmented.SegmentedRaftLogWorker (SegmentedRaftLogWorker.java:execute(569)) - 4e029b57-ef99-4eb3-a202-8445721934be@group-65B983C014FC-SegmentedRaftLogWorker: created new log segment /workdir/hadoop-ozone/integration-test/target/test-dir/MiniOzoneClusterImpl-c65cf843-44d5-454c-a5bf-f4b8d0178419/datanode-1/data/ratis/797b3b44-3a21-4892-8512-65b983c014fc/current/log_inprogress_0
2019-09-29 06:07:47,291 [4e029b57-ef99-4eb3-a202-8445721934be@group-42B2F395208B-SegmentedRaftLogWorker] INFO  segmented.SegmentedRaftLogWorker (SegmentedRaftLogWorker.java:execute(569)) - 4e029b57-ef99-4eb3-a202-8445721934be@group-42B2F395208B-SegmentedRaftLogWorker: created new log segment /workdir/hadoop-ozone/integration-test/target/test-dir/MiniOzoneClusterImpl-c65cf843-44d5-454c-a5bf-f4b8d0178419/datanode-1/data/ratis/46665cae-a45b-4005-b732-42b2f395208b/current/log_inprogress_0
2019-09-29 06:07:47,292 [grpc-default-executor-1] INFO  impl.RaftServerImpl (ServerState.java:setRaftConf(354)) - 155afd32-7b7a-4b1a-9daa-13d05cf6a825@group-65B983C014FC: set configuration 0: [4e029b57-ef99-4eb3-a202-8445721934be:192.168.151.83:34101, 155afd32-7b7a-4b1a-9daa-13d05cf6a825:192.168.151.83:41995, eb230cd1-3410-4a2d-b462-9a03cd2a50d5:192.168.151.83:36031], old=null at 0
2019-09-29 06:07:47,292 [grpc-default-executor-8] INFO  impl.RaftServerImpl (ServerState.java:setRaftConf(354)) - eb230cd1-3410-4a2d-b462-9a03cd2a50d5@group-65B983C014FC: set configuration 0: [4e029b57-ef99-4eb3-a202-8445721934be:192.168.151.83:34101, 155afd32-7b7a-4b1a-9daa-13d05cf6a825:192.168.151.83:41995, eb230cd1-3410-4a2d-b462-9a03cd2a50d5:192.168.151.83:36031], old=null at 0
2019-09-29 06:07:47,293 [grpc-default-executor-1] INFO  segmented.SegmentedRaftLogWorker (SegmentedRaftLogWorker.java:startLogSegment(380)) - 155afd32-7b7a-4b1a-9daa-13d05cf6a825@group-65B983C014FC-SegmentedRaftLogWorker: Starting segment from index:0
2019-09-29 06:07:47,293 [grpc-default-executor-8] INFO  segmented.SegmentedRaftLogWorker (SegmentedRaftLogWorker.java:startLogSegment(380)) - eb230cd1-3410-4a2d-b462-9a03cd2a50d5@group-65B983C014FC-SegmentedRaftLogWorker: Starting segment from index:0
2019-09-29 06:07:47,296 [eb230cd1-3410-4a2d-b462-9a03cd2a50d5@group-5587530BF203:LeaderElection113] INFO  impl.LeaderElection (LeaderElection.java:askForVotes(182)) - eb230cd1-3410-4a2d-b462-9a03cd2a50d5@group-5587530BF203:LeaderElection113: begin an election at term 1 for -1: [eb230cd1-3410-4a2d-b462-9a03cd2a50d5:192.168.151.83:36031], old=null
2019-09-29 06:07:47,297 [eb230cd1-3410-4a2d-b462-9a03cd2a50d5@group-5587530BF203:LeaderElection113] INFO  impl.RoleInfo (RoleInfo.java:shutdownLeaderElection(134)) - eb230cd1-3410-4a2d-b462-9a03cd2a50d5: shutdown LeaderElection
2019-09-29 06:07:47,297 [eb230cd1-3410-4a2d-b462-9a03cd2a50d5@group-5587530BF203:LeaderElection113] INFO  impl.RaftServerImpl (RaftServerImpl.java:setRole(174)) - eb230cd1-3410-4a2d-b462-9a03cd2a50d5@group-5587530BF203: changes role from CANDIDATE to LEADER at term 1 for changeToLeader
2019-09-29 06:07:47,297 [eb230cd1-3410-4a2d-b462-9a03cd2a50d5@group-5587530BF203:LeaderElection113] INFO  impl.RaftServerImpl (ServerState.java:setLeader(253)) - eb230cd1-3410-4a2d-b462-9a03cd2a50d5@group-5587530BF203: change Leader from null to eb230cd1-3410-4a2d-b462-9a03cd2a50d5 at term 1 for becomeLeader, leader elected after 5217ms
2019-09-29 06:07:47,297 [eb230cd1-3410-4a2d-b462-9a03cd2a50d5@group-5587530BF203:LeaderElection113] INFO  server.RaftServerConfigKeys (ConfUtils.java:logGet(43)) - raft.server.staging.catchup.gap = 1000 (default)
2019-09-29 06:07:47,297 [eb230cd1-3410-4a2d-b462-9a03cd2a50d5@group-5587530BF203:LeaderElection113] INFO  server.RaftServerConfigKeys (ConfUtils.java:logGet(43)) - raft.server.rpc.sleep.time = 25ms (default)
2019-09-29 06:07:47,297 [eb230cd1-3410-4a2d-b462-9a03cd2a50d5@group-5587530BF203:LeaderElection113] INFO  server.RaftServerConfigKeys (ConfUtils.java:logGet(43)) - raft.server.write.element-limit = 4096 (default)
2019-09-29 06:07:47,297 [eb230cd1-3410-4a2d-b462-9a03cd2a50d5@group-5587530BF203:LeaderElection113] INFO  server.RaftServerConfigKeys (ConfUtils.java:logGet(43)) - raft.server.watch.timeout = 10s (default)
2019-09-29 06:07:47,297 [eb230cd1-3410-4a2d-b462-9a03cd2a50d5@group-5587530BF203:LeaderElection113] INFO  server.RaftServerConfigKeys (ConfUtils.java:logGet(43)) - raft.server.watch.timeout.denomination = 1s (default)
2019-09-29 06:07:47,298 [eb230cd1-3410-4a2d-b462-9a03cd2a50d5@group-5587530BF203:LeaderElection113] INFO  server.RaftServerConfigKeys (ConfUtils.java:logGet(43)) - raft.server.watch.element-limit = 65536 (default)
2019-09-29 06:07:47,299 [eb230cd1-3410-4a2d-b462-9a03cd2a50d5@group-5587530BF203:LeaderElection113] INFO  impl.RoleInfo (RoleInfo.java:updateAndGet(143)) - eb230cd1-3410-4a2d-b462-9a03cd2a50d5: start LeaderState
2019-09-29 06:07:47,299 [eb230cd1-3410-4a2d-b462-9a03cd2a50d5@group-5587530BF203:LeaderElection113] INFO  segmented.SegmentedRaftLogWorker (SegmentedRaftLogWorker.java:startLogSegment(380)) - eb230cd1-3410-4a2d-b462-9a03cd2a50d5@group-5587530BF203-SegmentedRaftLogWorker: Starting segment from index:0
2019-09-29 06:07:47,299 [eb230cd1-3410-4a2d-b462-9a03cd2a50d5@group-5587530BF203:LeaderElection113] INFO  impl.RaftServerImpl (ServerState.java:setRaftConf(354)) - eb230cd1-3410-4a2d-b462-9a03cd2a50d5@group-5587530BF203: set configuration 0: [eb230cd1-3410-4a2d-b462-9a03cd2a50d5:192.168.151.83:36031], old=null at 0
2019-09-29 06:07:47,324 [eb230cd1-3410-4a2d-b462-9a03cd2a50d5@group-5587530BF203-SegmentedRaftLogWorker] INFO  segmented.SegmentedRaftLogWorker (SegmentedRaftLogWorker.java:execute(569)) - eb230cd1-3410-4a2d-b462-9a03cd2a50d5@group-5587530BF203-SegmentedRaftLogWorker: created new log segment /workdir/hadoop-ozone/integration-test/target/test-dir/MiniOzoneClusterImpl-c65cf843-44d5-454c-a5bf-f4b8d0178419/datanode-2/data/ratis/6c5c682e-1147-4aeb-823d-5587530bf203/current/log_inprogress_0
2019-09-29 06:07:47,324 [155afd32-7b7a-4b1a-9daa-13d05cf6a825@group-65B983C014FC-SegmentedRaftLogWorker] INFO  segmented.SegmentedRaftLogWorker (SegmentedRaftLogWorker.java:execute(569)) - 155afd32-7b7a-4b1a-9daa-13d05cf6a825@group-65B983C014FC-SegmentedRaftLogWorker: created new log segment /workdir/hadoop-ozone/integration-test/target/test-dir/MiniOzoneClusterImpl-c65cf843-44d5-454c-a5bf-f4b8d0178419/datanode-0/data/ratis/797b3b44-3a21-4892-8512-65b983c014fc/current/log_inprogress_0
2019-09-29 06:07:47,326 [eb230cd1-3410-4a2d-b462-9a03cd2a50d5@group-65B983C014FC-SegmentedRaftLogWorker] INFO  segmented.SegmentedRaftLogWorker (SegmentedRaftLogWorker.java:execute(569)) - eb230cd1-3410-4a2d-b462-9a03cd2a50d5@group-65B983C014FC-SegmentedRaftLogWorker: created new log segment /workdir/hadoop-ozone/integration-test/target/test-dir/MiniOzoneClusterImpl-c65cf843-44d5-454c-a5bf-f4b8d0178419/datanode-2/data/ratis/797b3b44-3a21-4892-8512-65b983c014fc/current/log_inprogress_0
2019-09-29 06:07:47,486 [Thread-4470] INFO  impl.FollowerState (FollowerState.java:run(106)) - e32827da-fefa-4c91-8e8c-7e9707bb3d63:group-3D1AA97FB64C changes to CANDIDATE, lastRpcTime:5080, electionTimeout:5080ms
2019-09-29 06:07:47,486 [Thread-4470] INFO  impl.RoleInfo (RoleInfo.java:shutdownFollowerState(121)) - e32827da-fefa-4c91-8e8c-7e9707bb3d63: shutdown FollowerState
2019-09-29 06:07:47,486 [Thread-4470] INFO  impl.RaftServerImpl (RaftServerImpl.java:setRole(174)) - e32827da-fefa-4c91-8e8c-7e9707bb3d63@group-3D1AA97FB64C: changes role from  FOLLOWER to CANDIDATE at term 0 for changeToCandidate
2019-09-29 06:07:47,486 [Thread-4470] INFO  impl.RoleInfo (RoleInfo.java:updateAndGet(143)) - e32827da-fefa-4c91-8e8c-7e9707bb3d63: start LeaderElection
2019-09-29 06:07:47,494 [Thread-4465] INFO  impl.FollowerState (FollowerState.java:run(106)) - 24090ede-3c03-4fff-9b4f-9beb681f64a5:group-0AA3AF220FDE changes to CANDIDATE, lastRpcTime:5166, electionTimeout:5164ms
2019-09-29 06:07:47,494 [Thread-4465] INFO  impl.RoleInfo (RoleInfo.java:shutdownFollowerState(121)) - 24090ede-3c03-4fff-9b4f-9beb681f64a5: shutdown FollowerState
2019-09-29 06:07:47,494 [Thread-4465] INFO  impl.RaftServerImpl (RaftServerImpl.java:setRole(174)) - 24090ede-3c03-4fff-9b4f-9beb681f64a5@group-0AA3AF220FDE: changes role from  FOLLOWER to CANDIDATE at term 0 for changeToCandidate
2019-09-29 06:07:47,494 [Thread-4465] INFO  impl.RoleInfo (RoleInfo.java:updateAndGet(143)) - 24090ede-3c03-4fff-9b4f-9beb681f64a5: start LeaderElection
2019-09-29 06:07:47,509 [e32827da-fefa-4c91-8e8c-7e9707bb3d63@group-3D1AA97FB64C:LeaderElection114] INFO  impl.LeaderElection (LeaderElection.java:askForVotes(182)) - e32827da-fefa-4c91-8e8c-7e9707bb3d63@group-3D1AA97FB64C:LeaderElection114: begin an election at term 1 for -1: [e32827da-fefa-4c91-8e8c-7e9707bb3d63:192.168.151.83:39603], old=null
2019-09-29 06:07:47,509 [24090ede-3c03-4fff-9b4f-9beb681f64a5@group-0AA3AF220FDE:LeaderElection115] INFO  impl.LeaderElection (LeaderElection.java:askForVotes(182)) - 24090ede-3c03-4fff-9b4f-9beb681f64a5@group-0AA3AF220FDE:LeaderElection115: begin an election at term 1 for -1: [24090ede-3c03-4fff-9b4f-9beb681f64a5:192.168.151.83:38521], old=null
2019-09-29 06:07:47,509 [e32827da-fefa-4c91-8e8c-7e9707bb3d63@group-3D1AA97FB64C:LeaderElection114] INFO  impl.RoleInfo (RoleInfo.java:shutdownLeaderElection(134)) - e32827da-fefa-4c91-8e8c-7e9707bb3d63: shutdown LeaderElection
2019-09-29 06:07:47,509 [24090ede-3c03-4fff-9b4f-9beb681f64a5@group-0AA3AF220FDE:LeaderElection115] INFO  impl.RoleInfo (RoleInfo.java:shutdownLeaderElection(134)) - 24090ede-3c03-4fff-9b4f-9beb681f64a5: shutdown LeaderElection
2019-09-29 06:07:47,509 [e32827da-fefa-4c91-8e8c-7e9707bb3d63@group-3D1AA97FB64C:LeaderElection114] INFO  impl.RaftServerImpl (RaftServerImpl.java:setRole(174)) - e32827da-fefa-4c91-8e8c-7e9707bb3d63@group-3D1AA97FB64C: changes role from CANDIDATE to LEADER at term 1 for changeToLeader
2019-09-29 06:07:47,509 [24090ede-3c03-4fff-9b4f-9beb681f64a5@group-0AA3AF220FDE:LeaderElection115] INFO  impl.RaftServerImpl (RaftServerImpl.java:setRole(174)) - 24090ede-3c03-4fff-9b4f-9beb681f64a5@group-0AA3AF220FDE: changes role from CANDIDATE to LEADER at term 1 for changeToLeader
2019-09-29 06:07:47,509 [e32827da-fefa-4c91-8e8c-7e9707bb3d63@group-3D1AA97FB64C:LeaderElection114] INFO  impl.RaftServerImpl (ServerState.java:setLeader(253)) - e32827da-fefa-4c91-8e8c-7e9707bb3d63@group-3D1AA97FB64C: change Leader from null to e32827da-fefa-4c91-8e8c-7e9707bb3d63 at term 1 for becomeLeader, leader elected after 5126ms
2019-09-29 06:07:47,509 [24090ede-3c03-4fff-9b4f-9beb681f64a5@group-0AA3AF220FDE:LeaderElection115] INFO  impl.RaftServerImpl (ServerState.java:setLeader(253)) - 24090ede-3c03-4fff-9b4f-9beb681f64a5@group-0AA3AF220FDE: change Leader from null to 24090ede-3c03-4fff-9b4f-9beb681f64a5 at term 1 for becomeLeader, leader elected after 5187ms
2019-09-29 06:07:47,509 [e32827da-fefa-4c91-8e8c-7e9707bb3d63@group-3D1AA97FB64C:LeaderElection114] INFO  server.RaftServerConfigKeys (ConfUtils.java:logGet(43)) - raft.server.staging.catchup.gap = 1000 (default)
2019-09-29 06:07:47,510 [24090ede-3c03-4fff-9b4f-9beb681f64a5@group-0AA3AF220FDE:LeaderElection115] INFO  server.RaftServerConfigKeys (ConfUtils.java:logGet(43)) - raft.server.staging.catchup.gap = 1000 (default)
2019-09-29 06:07:47,510 [e32827da-fefa-4c91-8e8c-7e9707bb3d63@group-3D1AA97FB64C:LeaderElection114] INFO  server.RaftServerConfigKeys (ConfUtils.java:logGet(43)) - raft.server.rpc.sleep.time = 25ms (default)
2019-09-29 06:07:47,510 [24090ede-3c03-4fff-9b4f-9beb681f64a5@group-0AA3AF220FDE:LeaderElection115] INFO  server.RaftServerConfigKeys (ConfUtils.java:logGet(43)) - raft.server.rpc.sleep.time = 25ms (default)
2019-09-29 06:07:47,510 [e32827da-fefa-4c91-8e8c-7e9707bb3d63@group-3D1AA97FB64C:LeaderElection114] INFO  server.RaftServerConfigKeys (ConfUtils.java:logGet(43)) - raft.server.write.element-limit = 4096 (default)
2019-09-29 06:07:47,510 [24090ede-3c03-4fff-9b4f-9beb681f64a5@group-0AA3AF220FDE:LeaderElection115] INFO  server.RaftServerConfigKeys (ConfUtils.java:logGet(43)) - raft.server.write.element-limit = 4096 (default)
2019-09-29 06:07:47,510 [e32827da-fefa-4c91-8e8c-7e9707bb3d63@group-3D1AA97FB64C:LeaderElection114] INFO  server.RaftServerConfigKeys (ConfUtils.java:logGet(43)) - raft.server.watch.timeout = 10s (default)
2019-09-29 06:07:47,510 [24090ede-3c03-4fff-9b4f-9beb681f64a5@group-0AA3AF220FDE:LeaderElection115] INFO  server.RaftServerConfigKeys (ConfUtils.java:logGet(43)) - raft.server.watch.timeout = 10s (default)
2019-09-29 06:07:47,510 [e32827da-fefa-4c91-8e8c-7e9707bb3d63@group-3D1AA97FB64C:LeaderElection114] INFO  server.RaftServerConfigKeys (ConfUtils.java:logGet(43)) - raft.server.watch.timeout.denomination = 1s (default)
2019-09-29 06:07:47,511 [24090ede-3c03-4fff-9b4f-9beb681f64a5@group-0AA3AF220FDE:LeaderElection115] INFO  server.RaftServerConfigKeys (ConfUtils.java:logGet(43)) - raft.server.watch.timeout.denomination = 1s (default)
2019-09-29 06:07:47,511 [e32827da-fefa-4c91-8e8c-7e9707bb3d63@group-3D1AA97FB64C:LeaderElection114] INFO  server.RaftServerConfigKeys (ConfUtils.java:logGet(43)) - raft.server.watch.element-limit = 65536 (default)
2019-09-29 06:07:47,511 [24090ede-3c03-4fff-9b4f-9beb681f64a5@group-0AA3AF220FDE:LeaderElection115] INFO  server.RaftServerConfigKeys (ConfUtils.java:logGet(43)) - raft.server.watch.element-limit = 65536 (default)
2019-09-29 06:07:47,513 [e32827da-fefa-4c91-8e8c-7e9707bb3d63@group-3D1AA97FB64C:LeaderElection114] INFO  impl.RoleInfo (RoleInfo.java:updateAndGet(143)) - e32827da-fefa-4c91-8e8c-7e9707bb3d63: start LeaderState
2019-09-29 06:07:47,513 [24090ede-3c03-4fff-9b4f-9beb681f64a5@group-0AA3AF220FDE:LeaderElection115] INFO  impl.RoleInfo (RoleInfo.java:updateAndGet(143)) - 24090ede-3c03-4fff-9b4f-9beb681f64a5: start LeaderState
2019-09-29 06:07:47,513 [e32827da-fefa-4c91-8e8c-7e9707bb3d63@group-3D1AA97FB64C:LeaderElection114] INFO  segmented.SegmentedRaftLogWorker (SegmentedRaftLogWorker.java:startLogSegment(380)) - e32827da-fefa-4c91-8e8c-7e9707bb3d63@group-3D1AA97FB64C-SegmentedRaftLogWorker: Starting segment from index:0
2019-09-29 06:07:47,513 [24090ede-3c03-4fff-9b4f-9beb681f64a5@group-0AA3AF220FDE:LeaderElection115] INFO  segmented.SegmentedRaftLogWorker (SegmentedRaftLogWorker.java:startLogSegment(380)) - 24090ede-3c03-4fff-9b4f-9beb681f64a5@group-0AA3AF220FDE-SegmentedRaftLogWorker: Starting segment from index:0
2019-09-29 06:07:47,514 [e32827da-fefa-4c91-8e8c-7e9707bb3d63@group-3D1AA97FB64C:LeaderElection114] INFO  impl.RaftServerImpl (ServerState.java:setRaftConf(354)) - e32827da-fefa-4c91-8e8c-7e9707bb3d63@group-3D1AA97FB64C: set configuration 0: [e32827da-fefa-4c91-8e8c-7e9707bb3d63:192.168.151.83:39603], old=null at 0
2019-09-29 06:07:47,514 [24090ede-3c03-4fff-9b4f-9beb681f64a5@group-0AA3AF220FDE:LeaderElection115] INFO  impl.RaftServerImpl (ServerState.java:setRaftConf(354)) - 24090ede-3c03-4fff-9b4f-9beb681f64a5@group-0AA3AF220FDE: set configuration 0: [24090ede-3c03-4fff-9b4f-9beb681f64a5:192.168.151.83:38521], old=null at 0
2019-09-29 06:07:47,550 [e32827da-fefa-4c91-8e8c-7e9707bb3d63@group-3D1AA97FB64C-SegmentedRaftLogWorker] INFO  segmented.SegmentedRaftLogWorker (SegmentedRaftLogWorker.java:execute(569)) - e32827da-fefa-4c91-8e8c-7e9707bb3d63@group-3D1AA97FB64C-SegmentedRaftLogWorker: created new log segment /workdir/hadoop-ozone/integration-test/target/test-dir/MiniOzoneClusterImpl-c65cf843-44d5-454c-a5bf-f4b8d0178419/datanode-3/data/ratis/7805c625-78b8-4c99-9caf-3d1aa97fb64c/current/log_inprogress_0
2019-09-29 06:07:47,552 [24090ede-3c03-4fff-9b4f-9beb681f64a5@group-0AA3AF220FDE-SegmentedRaftLogWorker] INFO  segmented.SegmentedRaftLogWorker (SegmentedRaftLogWorker.java:execute(569)) - 24090ede-3c03-4fff-9b4f-9beb681f64a5@group-0AA3AF220FDE-SegmentedRaftLogWorker: created new log segment /workdir/hadoop-ozone/integration-test/target/test-dir/MiniOzoneClusterImpl-c65cf843-44d5-454c-a5bf-f4b8d0178419/datanode-5/data/ratis/90182557-7dd5-4c95-8d20-0aa3af220fde/current/log_inprogress_0
2019-09-29 06:07:47,584 [Thread-4473] INFO  impl.FollowerState (FollowerState.java:run(106)) - 6a374731-cae4-4078-a303-24268fd38917:group-B6B562BBAD8F changes to CANDIDATE, lastRpcTime:5139, electionTimeout:5139ms
2019-09-29 06:07:47,584 [Thread-4473] INFO  impl.RoleInfo (RoleInfo.java:shutdownFollowerState(121)) - 6a374731-cae4-4078-a303-24268fd38917: shutdown FollowerState
2019-09-29 06:07:47,584 [Thread-4473] INFO  impl.RaftServerImpl (RaftServerImpl.java:setRole(174)) - 6a374731-cae4-4078-a303-24268fd38917@group-B6B562BBAD8F: changes role from  FOLLOWER to CANDIDATE at term 0 for changeToCandidate
2019-09-29 06:07:47,585 [Thread-4473] INFO  impl.RoleInfo (RoleInfo.java:updateAndGet(143)) - 6a374731-cae4-4078-a303-24268fd38917: start LeaderElection
2019-09-29 06:07:47,603 [6a374731-cae4-4078-a303-24268fd38917@group-B6B562BBAD8F:LeaderElection116] INFO  impl.LeaderElection (LeaderElection.java:askForVotes(182)) - 6a374731-cae4-4078-a303-24268fd38917@group-B6B562BBAD8F:LeaderElection116: begin an election at term 1 for -1: [6a374731-cae4-4078-a303-24268fd38917:192.168.151.83:36151], old=null
2019-09-29 06:07:47,603 [6a374731-cae4-4078-a303-24268fd38917@group-B6B562BBAD8F:LeaderElection116] INFO  impl.RoleInfo (RoleInfo.java:shutdownLeaderElection(134)) - 6a374731-cae4-4078-a303-24268fd38917: shutdown LeaderElection
2019-09-29 06:07:47,603 [6a374731-cae4-4078-a303-24268fd38917@group-B6B562BBAD8F:LeaderElection116] INFO  impl.RaftServerImpl (RaftServerImpl.java:setRole(174)) - 6a374731-cae4-4078-a303-24268fd38917@group-B6B562BBAD8F: changes role from CANDIDATE to LEADER at term 1 for changeToLeader
2019-09-29 06:07:47,603 [6a374731-cae4-4078-a303-24268fd38917@group-B6B562BBAD8F:LeaderElection116] INFO  impl.RaftServerImpl (ServerState.java:setLeader(253)) - 6a374731-cae4-4078-a303-24268fd38917@group-B6B562BBAD8F: change Leader from null to 6a374731-cae4-4078-a303-24268fd38917 at term 1 for becomeLeader, leader elected after 5162ms
2019-09-29 06:07:47,603 [6a374731-cae4-4078-a303-24268fd38917@group-B6B562BBAD8F:LeaderElection116] INFO  server.RaftServerConfigKeys (ConfUtils.java:logGet(43)) - raft.server.staging.catchup.gap = 1000 (default)
2019-09-29 06:07:47,603 [6a374731-cae4-4078-a303-24268fd38917@group-B6B562BBAD8F:LeaderElection116] INFO  server.RaftServerConfigKeys (ConfUtils.java:logGet(43)) - raft.server.rpc.sleep.time = 25ms (default)
2019-09-29 06:07:47,603 [6a374731-cae4-4078-a303-24268fd38917@group-B6B562BBAD8F:LeaderElection116] INFO  server.RaftServerConfigKeys (ConfUtils.java:logGet(43)) - raft.server.write.element-limit = 4096 (default)
2019-09-29 06:07:47,603 [6a374731-cae4-4078-a303-24268fd38917@group-B6B562BBAD8F:LeaderElection116] INFO  server.RaftServerConfigKeys (ConfUtils.java:logGet(43)) - raft.server.watch.timeout = 10s (default)
2019-09-29 06:07:47,603 [6a374731-cae4-4078-a303-24268fd38917@group-B6B562BBAD8F:LeaderElection116] INFO  server.RaftServerConfigKeys (ConfUtils.java:logGet(43)) - raft.server.watch.timeout.denomination = 1s (default)
2019-09-29 06:07:47,603 [6a374731-cae4-4078-a303-24268fd38917@group-B6B562BBAD8F:LeaderElection116] INFO  server.RaftServerConfigKeys (ConfUtils.java:logGet(43)) - raft.server.watch.element-limit = 65536 (default)
2019-09-29 06:07:47,605 [6a374731-cae4-4078-a303-24268fd38917@group-B6B562BBAD8F:LeaderElection116] INFO  impl.RoleInfo (RoleInfo.java:updateAndGet(143)) - 6a374731-cae4-4078-a303-24268fd38917: start LeaderState
2019-09-29 06:07:47,605 [6a374731-cae4-4078-a303-24268fd38917@group-B6B562BBAD8F:LeaderElection116] INFO  segmented.SegmentedRaftLogWorker (SegmentedRaftLogWorker.java:startLogSegment(380)) - 6a374731-cae4-4078-a303-24268fd38917@group-B6B562BBAD8F-SegmentedRaftLogWorker: Starting segment from index:0
2019-09-29 06:07:47,605 [6a374731-cae4-4078-a303-24268fd38917@group-B6B562BBAD8F:LeaderElection116] INFO  impl.RaftServerImpl (ServerState.java:setRaftConf(354)) - 6a374731-cae4-4078-a303-24268fd38917@group-B6B562BBAD8F: set configuration 0: [6a374731-cae4-4078-a303-24268fd38917:192.168.151.83:36151], old=null at 0
2019-09-29 06:07:47,611 [Thread-4476] INFO  impl.FollowerState (FollowerState.java:run(106)) - 227ddd0a-6d1c-4677-b85b-540243285816:group-6CADFF541882 changes to CANDIDATE, lastRpcTime:5117, electionTimeout:5117ms
2019-09-29 06:07:47,611 [Thread-4476] INFO  impl.RoleInfo (RoleInfo.java:shutdownFollowerState(121)) - 227ddd0a-6d1c-4677-b85b-540243285816: shutdown FollowerState
2019-09-29 06:07:47,611 [Thread-4476] INFO  impl.RaftServerImpl (RaftServerImpl.java:setRole(174)) - 227ddd0a-6d1c-4677-b85b-540243285816@group-6CADFF541882: changes role from  FOLLOWER to CANDIDATE at term 0 for changeToCandidate
2019-09-29 06:07:47,611 [Thread-4476] INFO  impl.RoleInfo (RoleInfo.java:updateAndGet(143)) - 227ddd0a-6d1c-4677-b85b-540243285816: start LeaderElection
2019-09-29 06:07:47,644 [Thread-4483] INFO  impl.FollowerState (FollowerState.java:run(106)) - e32827da-fefa-4c91-8e8c-7e9707bb3d63:group-8F9F2E4B3202 changes to CANDIDATE, lastRpcTime:5097, electionTimeout:5096ms
2019-09-29 06:07:47,644 [Thread-4483] INFO  impl.RoleInfo (RoleInfo.java:shutdownFollowerState(121)) - e32827da-fefa-4c91-8e8c-7e9707bb3d63: shutdown FollowerState
2019-09-29 06:07:47,645 [Thread-4483] INFO  impl.RaftServerImpl (RaftServerImpl.java:setRole(174)) - e32827da-fefa-4c91-8e8c-7e9707bb3d63@group-8F9F2E4B3202: changes role from  FOLLOWER to CANDIDATE at term 0 for changeToCandidate
2019-09-29 06:07:47,648 [Thread-4483] INFO  impl.RoleInfo (RoleInfo.java:updateAndGet(143)) - e32827da-fefa-4c91-8e8c-7e9707bb3d63: start LeaderElection
2019-09-29 06:07:47,665 [6a374731-cae4-4078-a303-24268fd38917@group-B6B562BBAD8F-SegmentedRaftLogWorker] INFO  segmented.SegmentedRaftLogWorker (SegmentedRaftLogWorker.java:execute(569)) - 6a374731-cae4-4078-a303-24268fd38917@group-B6B562BBAD8F-SegmentedRaftLogWorker: created new log segment /workdir/hadoop-ozone/integration-test/target/test-dir/MiniOzoneClusterImpl-c65cf843-44d5-454c-a5bf-f4b8d0178419/datanode-4/data/ratis/5d754b36-47c5-484d-a6b9-b6b562bbad8f/current/log_inprogress_0
2019-09-29 06:07:47,677 [Thread-4479] INFO  impl.FollowerState (FollowerState.java:run(106)) - 6a374731-cae4-4078-a303-24268fd38917:group-8F9F2E4B3202 changes to CANDIDATE, lastRpcTime:5132, electionTimeout:5132ms
2019-09-29 06:07:47,677 [Thread-4479] INFO  impl.RoleInfo (RoleInfo.java:shutdownFollowerState(121)) - 6a374731-cae4-4078-a303-24268fd38917: shutdown FollowerState
2019-09-29 06:07:47,677 [Thread-4479] INFO  impl.RaftServerImpl (RaftServerImpl.java:setRole(174)) - 6a374731-cae4-4078-a303-24268fd38917@group-8F9F2E4B3202: changes role from  FOLLOWER to CANDIDATE at term 0 for changeToCandidate
2019-09-29 06:07:47,677 [Thread-4479] INFO  impl.RoleInfo (RoleInfo.java:updateAndGet(143)) - 6a374731-cae4-4078-a303-24268fd38917: start LeaderElection
2019-09-29 06:07:47,681 [e32827da-fefa-4c91-8e8c-7e9707bb3d63@group-8F9F2E4B3202:LeaderElection118] INFO  impl.LeaderElection (LeaderElection.java:askForVotes(182)) - e32827da-fefa-4c91-8e8c-7e9707bb3d63@group-8F9F2E4B3202:LeaderElection118: begin an election at term 1 for -1: [24090ede-3c03-4fff-9b4f-9beb681f64a5:192.168.151.83:38521, 6a374731-cae4-4078-a303-24268fd38917:192.168.151.83:36151, e32827da-fefa-4c91-8e8c-7e9707bb3d63:192.168.151.83:39603], old=null
2019-09-29 06:07:47,681 [227ddd0a-6d1c-4677-b85b-540243285816@group-6CADFF541882:LeaderElection117] INFO  impl.LeaderElection (LeaderElection.java:askForVotes(182)) - 227ddd0a-6d1c-4677-b85b-540243285816@group-6CADFF541882:LeaderElection117: begin an election at term 1 for -1: [227ddd0a-6d1c-4677-b85b-540243285816:192.168.151.83:40356], old=null
2019-09-29 06:07:47,682 [227ddd0a-6d1c-4677-b85b-540243285816@group-6CADFF541882:LeaderElection117] INFO  impl.RoleInfo (RoleInfo.java:shutdownLeaderElection(134)) - 227ddd0a-6d1c-4677-b85b-540243285816: shutdown LeaderElection
2019-09-29 06:07:47,682 [227ddd0a-6d1c-4677-b85b-540243285816@group-6CADFF541882:LeaderElection117] INFO  impl.RaftServerImpl (RaftServerImpl.java:setRole(174)) - 227ddd0a-6d1c-4677-b85b-540243285816@group-6CADFF541882: changes role from CANDIDATE to LEADER at term 1 for changeToLeader
2019-09-29 06:07:47,682 [227ddd0a-6d1c-4677-b85b-540243285816@group-6CADFF541882:LeaderElection117] INFO  impl.RaftServerImpl (ServerState.java:setLeader(253)) - 227ddd0a-6d1c-4677-b85b-540243285816@group-6CADFF541882: change Leader from null to 227ddd0a-6d1c-4677-b85b-540243285816 at term 1 for becomeLeader, leader elected after 5192ms
2019-09-29 06:07:47,688 [227ddd0a-6d1c-4677-b85b-540243285816@group-6CADFF541882:LeaderElection117] INFO  server.RaftServerConfigKeys (ConfUtils.java:logGet(43)) - raft.server.staging.catchup.gap = 1000 (default)
2019-09-29 06:07:47,688 [227ddd0a-6d1c-4677-b85b-540243285816@group-6CADFF541882:LeaderElection117] INFO  server.RaftServerConfigKeys (ConfUtils.java:logGet(43)) - raft.server.rpc.sleep.time = 25ms (default)
2019-09-29 06:07:47,688 [227ddd0a-6d1c-4677-b85b-540243285816@group-6CADFF541882:LeaderElection117] INFO  server.RaftServerConfigKeys (ConfUtils.java:logGet(43)) - raft.server.write.element-limit = 4096 (default)
2019-09-29 06:07:47,688 [227ddd0a-6d1c-4677-b85b-540243285816@group-6CADFF541882:LeaderElection117] INFO  server.RaftServerConfigKeys (ConfUtils.java:logGet(43)) - raft.server.watch.timeout = 10s (default)
2019-09-29 06:07:47,689 [227ddd0a-6d1c-4677-b85b-540243285816@group-6CADFF541882:LeaderElection117] INFO  server.RaftServerConfigKeys (ConfUtils.java:logGet(43)) - raft.server.watch.timeout.denomination = 1s (default)
2019-09-29 06:07:47,689 [227ddd0a-6d1c-4677-b85b-540243285816@group-6CADFF541882:LeaderElection117] INFO  server.RaftServerConfigKeys (ConfUtils.java:logGet(43)) - raft.server.watch.element-limit = 65536 (default)
2019-09-29 06:07:47,697 [grpc-default-executor-8] INFO  impl.RaftServerImpl (RaftServerImpl.java:setRole(174)) - 24090ede-3c03-4fff-9b4f-9beb681f64a5@group-8F9F2E4B3202: changes role from  FOLLOWER to FOLLOWER at term 1 for recognizeCandidate:e32827da-fefa-4c91-8e8c-7e9707bb3d63
2019-09-29 06:07:47,697 [grpc-default-executor-8] INFO  impl.RoleInfo (RoleInfo.java:shutdownFollowerState(121)) - 24090ede-3c03-4fff-9b4f-9beb681f64a5: shutdown FollowerState
2019-09-29 06:07:47,697 [grpc-default-executor-8] INFO  impl.RoleInfo (RoleInfo.java:updateAndGet(143)) - 24090ede-3c03-4fff-9b4f-9beb681f64a5: start FollowerState
2019-09-29 06:07:47,698 [Thread-4484] INFO  impl.FollowerState (FollowerState.java:run(115)) - 24090ede-3c03-4fff-9b4f-9beb681f64a5: FollowerState was interrupted: java.lang.InterruptedException: sleep interrupted
2019-09-29 06:07:47,701 [6a374731-cae4-4078-a303-24268fd38917@group-8F9F2E4B3202:LeaderElection119] INFO  impl.LeaderElection (LeaderElection.java:askForVotes(182)) - 6a374731-cae4-4078-a303-24268fd38917@group-8F9F2E4B3202:LeaderElection119: begin an election at term 1 for -1: [24090ede-3c03-4fff-9b4f-9beb681f64a5:192.168.151.83:38521, 6a374731-cae4-4078-a303-24268fd38917:192.168.151.83:36151, e32827da-fefa-4c91-8e8c-7e9707bb3d63:192.168.151.83:39603], old=null
2019-09-29 06:07:47,701 [227ddd0a-6d1c-4677-b85b-540243285816@group-6CADFF541882:LeaderElection117] INFO  impl.RoleInfo (RoleInfo.java:updateAndGet(143)) - 227ddd0a-6d1c-4677-b85b-540243285816: start LeaderState
2019-09-29 06:07:47,701 [227ddd0a-6d1c-4677-b85b-540243285816@group-6CADFF541882:LeaderElection117] INFO  segmented.SegmentedRaftLogWorker (SegmentedRaftLogWorker.java:startLogSegment(380)) - 227ddd0a-6d1c-4677-b85b-540243285816@group-6CADFF541882-SegmentedRaftLogWorker: Starting segment from index:0
2019-09-29 06:07:47,702 [227ddd0a-6d1c-4677-b85b-540243285816@group-6CADFF541882:LeaderElection117] INFO  impl.RaftServerImpl (ServerState.java:setRaftConf(354)) - 227ddd0a-6d1c-4677-b85b-540243285816@group-6CADFF541882: set configuration 0: [227ddd0a-6d1c-4677-b85b-540243285816:192.168.151.83:40356], old=null at 0
2019-09-29 06:07:47,743 [e32827da-fefa-4c91-8e8c-7e9707bb3d63@group-8F9F2E4B3202:LeaderElection118] INFO  impl.LeaderElection (LeaderElection.java:logAndReturn(56)) - e32827da-fefa-4c91-8e8c-7e9707bb3d63@group-8F9F2E4B3202:LeaderElection118: Election PASSED; received 2 response(s) [e32827da-fefa-4c91-8e8c-7e9707bb3d63<-6a374731-cae4-4078-a303-24268fd38917#0:FAIL-t1, e32827da-fefa-4c91-8e8c-7e9707bb3d63<-24090ede-3c03-4fff-9b4f-9beb681f64a5#0:OK-t1] and 0 exception(s); e32827da-fefa-4c91-8e8c-7e9707bb3d63@group-8F9F2E4B3202:t1, leader=null, voted=e32827da-fefa-4c91-8e8c-7e9707bb3d63, raftlog=e32827da-fefa-4c91-8e8c-7e9707bb3d63@group-8F9F2E4B3202-SegmentedRaftLog:OPENED:c-1,f-1,i0, conf=-1: [24090ede-3c03-4fff-9b4f-9beb681f64a5:192.168.151.83:38521, 6a374731-cae4-4078-a303-24268fd38917:192.168.151.83:36151, e32827da-fefa-4c91-8e8c-7e9707bb3d63:192.168.151.83:39603], old=null
2019-09-29 06:07:47,743 [6a374731-cae4-4078-a303-24268fd38917@group-8F9F2E4B3202:LeaderElection119] INFO  impl.LeaderElection (LeaderElection.java:logAndReturn(56)) - 6a374731-cae4-4078-a303-24268fd38917@group-8F9F2E4B3202:LeaderElection119: Election REJECTED; received 2 response(s) [6a374731-cae4-4078-a303-24268fd38917<-24090ede-3c03-4fff-9b4f-9beb681f64a5#0:FAIL-t1, 6a374731-cae4-4078-a303-24268fd38917<-e32827da-fefa-4c91-8e8c-7e9707bb3d63#0:FAIL-t1] and 0 exception(s); 6a374731-cae4-4078-a303-24268fd38917@group-8F9F2E4B3202:t1, leader=null, voted=6a374731-cae4-4078-a303-24268fd38917, raftlog=6a374731-cae4-4078-a303-24268fd38917@group-8F9F2E4B3202-SegmentedRaftLog:OPENED:c-1,f-1,i0, conf=-1: [24090ede-3c03-4fff-9b4f-9beb681f64a5:192.168.151.83:38521, 6a374731-cae4-4078-a303-24268fd38917:192.168.151.83:36151, e32827da-fefa-4c91-8e8c-7e9707bb3d63:192.168.151.83:39603], old=null
2019-09-29 06:07:47,743 [e32827da-fefa-4c91-8e8c-7e9707bb3d63@group-8F9F2E4B3202:LeaderElection118] INFO  impl.RoleInfo (RoleInfo.java:shutdownLeaderElection(134)) - e32827da-fefa-4c91-8e8c-7e9707bb3d63: shutdown LeaderElection
2019-09-29 06:07:47,743 [6a374731-cae4-4078-a303-24268fd38917@group-8F9F2E4B3202:LeaderElection119] INFO  impl.RaftServerImpl (RaftServerImpl.java:setRole(174)) - 6a374731-cae4-4078-a303-24268fd38917@group-8F9F2E4B3202: changes role from CANDIDATE to FOLLOWER at term 1 for DISCOVERED_A_NEW_TERM
2019-09-29 06:07:47,750 [6a374731-cae4-4078-a303-24268fd38917@group-8F9F2E4B3202:LeaderElection119] INFO  impl.RoleInfo (RoleInfo.java:shutdownLeaderElection(134)) - 6a374731-cae4-4078-a303-24268fd38917: shutdown LeaderElection
2019-09-29 06:07:47,750 [6a374731-cae4-4078-a303-24268fd38917@group-8F9F2E4B3202:LeaderElection119] INFO  impl.RoleInfo (RoleInfo.java:updateAndGet(143)) - 6a374731-cae4-4078-a303-24268fd38917: start FollowerState
2019-09-29 06:07:47,747 [e32827da-fefa-4c91-8e8c-7e9707bb3d63@group-8F9F2E4B3202:LeaderElection118] INFO  impl.RaftServerImpl (RaftServerImpl.java:setRole(174)) - e32827da-fefa-4c91-8e8c-7e9707bb3d63@group-8F9F2E4B3202: changes role from CANDIDATE to LEADER at term 1 for changeToLeader
2019-09-29 06:07:47,750 [227ddd0a-6d1c-4677-b85b-540243285816@group-6CADFF541882-SegmentedRaftLogWorker] INFO  segmented.SegmentedRaftLogWorker (SegmentedRaftLogWorker.java:execute(569)) - 227ddd0a-6d1c-4677-b85b-540243285816@group-6CADFF541882-SegmentedRaftLogWorker: created new log segment /workdir/hadoop-ozone/integration-test/target/test-dir/MiniOzoneClusterImpl-c65cf843-44d5-454c-a5bf-f4b8d0178419/datanode-6/data/ratis/e4243ac9-c381-4078-b25d-6cadff541882/current/log_inprogress_0
2019-09-29 06:07:47,750 [e32827da-fefa-4c91-8e8c-7e9707bb3d63@group-8F9F2E4B3202:LeaderElection118] INFO  impl.RaftServerImpl (ServerState.java:setLeader(253)) - e32827da-fefa-4c91-8e8c-7e9707bb3d63@group-8F9F2E4B3202: change Leader from null to e32827da-fefa-4c91-8e8c-7e9707bb3d63 at term 1 for becomeLeader, leader elected after 5213ms
2019-09-29 06:07:47,751 [e32827da-fefa-4c91-8e8c-7e9707bb3d63@group-8F9F2E4B3202:LeaderElection118] INFO  server.RaftServerConfigKeys (ConfUtils.java:logGet(43)) - raft.server.staging.catchup.gap = 1000 (default)
2019-09-29 06:07:47,751 [e32827da-fefa-4c91-8e8c-7e9707bb3d63@group-8F9F2E4B3202:LeaderElection118] INFO  server.RaftServerConfigKeys (ConfUtils.java:logGet(43)) - raft.server.rpc.sleep.time = 25ms (default)
2019-09-29 06:07:47,751 [e32827da-fefa-4c91-8e8c-7e9707bb3d63@group-8F9F2E4B3202:LeaderElection118] INFO  server.RaftServerConfigKeys (ConfUtils.java:logGet(43)) - raft.server.write.element-limit = 4096 (default)
2019-09-29 06:07:47,751 [e32827da-fefa-4c91-8e8c-7e9707bb3d63@group-8F9F2E4B3202:LeaderElection118] INFO  server.RaftServerConfigKeys (ConfUtils.java:logGet(43)) - raft.server.watch.timeout = 10s (default)
2019-09-29 06:07:47,751 [e32827da-fefa-4c91-8e8c-7e9707bb3d63@group-8F9F2E4B3202:LeaderElection118] INFO  server.RaftServerConfigKeys (ConfUtils.java:logGet(43)) - raft.server.watch.timeout.denomination = 1s (default)
2019-09-29 06:07:47,751 [e32827da-fefa-4c91-8e8c-7e9707bb3d63@group-8F9F2E4B3202:LeaderElection118] INFO  server.RaftServerConfigKeys (ConfUtils.java:logGet(43)) - raft.server.watch.element-limit = 65536 (default)
2019-09-29 06:07:47,753 [e32827da-fefa-4c91-8e8c-7e9707bb3d63@group-8F9F2E4B3202:LeaderElection118] INFO  server.RaftServerConfigKeys (ConfUtils.java:logGet(43)) - raft.server.log.appender.snapshot.chunk.size.max = 16MB (=16777216) (default)
2019-09-29 06:07:47,753 [e32827da-fefa-4c91-8e8c-7e9707bb3d63@group-8F9F2E4B3202:LeaderElection118] INFO  server.RaftServerConfigKeys (ConfUtils.java:logGet(43)) - raft.server.log.appender.buffer.byte-limit = 33554432 (custom)
2019-09-29 06:07:47,754 [e32827da-fefa-4c91-8e8c-7e9707bb3d63@group-8F9F2E4B3202:LeaderElection118] INFO  server.RaftServerConfigKeys (ConfUtils.java:logGet(43)) - raft.server.log.appender.buffer.element-limit = 1 (custom)
2019-09-29 06:07:47,754 [e32827da-fefa-4c91-8e8c-7e9707bb3d63@group-8F9F2E4B3202:LeaderElection118] INFO  grpc.GrpcConfigKeys$Server (ConfUtils.java:logGet(43)) - raft.grpc.server.leader.outstanding.appends.max = 128 (default)
2019-09-29 06:07:47,754 [e32827da-fefa-4c91-8e8c-7e9707bb3d63@group-8F9F2E4B3202:LeaderElection118] INFO  server.RaftServerConfigKeys (ConfUtils.java:logGet(43)) - raft.server.rpc.request.timeout = 3000ms (default)
2019-09-29 06:07:47,754 [e32827da-fefa-4c91-8e8c-7e9707bb3d63@group-8F9F2E4B3202:LeaderElection118] INFO  server.RaftServerConfigKeys (ConfUtils.java:logGet(43)) - raft.server.log.appender.install.snapshot.enabled = false (custom)
2019-09-29 06:07:47,754 [e32827da-fefa-4c91-8e8c-7e9707bb3d63@group-8F9F2E4B3202:LeaderElection118] INFO  server.RaftServerConfigKeys (ConfUtils.java:logGet(43)) - raft.server.log.appender.snapshot.chunk.size.max = 16MB (=16777216) (default)
2019-09-29 06:07:47,754 [e32827da-fefa-4c91-8e8c-7e9707bb3d63@group-8F9F2E4B3202:LeaderElection118] INFO  server.RaftServerConfigKeys (ConfUtils.java:logGet(43)) - raft.server.log.appender.buffer.byte-limit = 33554432 (custom)
2019-09-29 06:07:47,755 [e32827da-fefa-4c91-8e8c-7e9707bb3d63@group-8F9F2E4B3202:LeaderElection118] INFO  server.RaftServerConfigKeys (ConfUtils.java:logGet(43)) - raft.server.log.appender.buffer.element-limit = 1 (custom)
2019-09-29 06:07:47,755 [e32827da-fefa-4c91-8e8c-7e9707bb3d63@group-8F9F2E4B3202:LeaderElection118] INFO  grpc.GrpcConfigKeys$Server (ConfUtils.java:logGet(43)) - raft.grpc.server.leader.outstanding.appends.max = 128 (default)
2019-09-29 06:07:47,755 [e32827da-fefa-4c91-8e8c-7e9707bb3d63@group-8F9F2E4B3202:LeaderElection118] INFO  server.RaftServerConfigKeys (ConfUtils.java:logGet(43)) - raft.server.rpc.request.timeout = 3000ms (default)
2019-09-29 06:07:47,755 [e32827da-fefa-4c91-8e8c-7e9707bb3d63@group-8F9F2E4B3202:LeaderElection118] INFO  server.RaftServerConfigKeys (ConfUtils.java:logGet(43)) - raft.server.log.appender.install.snapshot.enabled = false (custom)
2019-09-29 06:07:47,755 [e32827da-fefa-4c91-8e8c-7e9707bb3d63@group-8F9F2E4B3202:LeaderElection118] INFO  impl.RoleInfo (RoleInfo.java:updateAndGet(143)) - e32827da-fefa-4c91-8e8c-7e9707bb3d63: start LeaderState
2019-09-29 06:07:47,762 [e32827da-fefa-4c91-8e8c-7e9707bb3d63@group-8F9F2E4B3202:LeaderElection118] INFO  segmented.SegmentedRaftLogWorker (SegmentedRaftLogWorker.java:startLogSegment(380)) - e32827da-fefa-4c91-8e8c-7e9707bb3d63@group-8F9F2E4B3202-SegmentedRaftLogWorker: Starting segment from index:0
2019-09-29 06:07:47,762 [e32827da-fefa-4c91-8e8c-7e9707bb3d63@group-8F9F2E4B3202:LeaderElection118] INFO  impl.RaftServerImpl (ServerState.java:setRaftConf(354)) - e32827da-fefa-4c91-8e8c-7e9707bb3d63@group-8F9F2E4B3202: set configuration 0: [24090ede-3c03-4fff-9b4f-9beb681f64a5:192.168.151.83:38521, 6a374731-cae4-4078-a303-24268fd38917:192.168.151.83:36151, e32827da-fefa-4c91-8e8c-7e9707bb3d63:192.168.151.83:39603], old=null at 0
2019-09-29 06:07:47,763 [grpc-default-executor-8] INFO  impl.RaftServerImpl (ServerState.java:setLeader(253)) - 24090ede-3c03-4fff-9b4f-9beb681f64a5@group-8F9F2E4B3202: change Leader from null to e32827da-fefa-4c91-8e8c-7e9707bb3d63 at term 1 for appendEntries, leader elected after 5226ms
2019-09-29 06:07:47,763 [grpc-default-executor-1] INFO  impl.RaftServerImpl (ServerState.java:setLeader(253)) - 6a374731-cae4-4078-a303-24268fd38917@group-8F9F2E4B3202: change Leader from null to e32827da-fefa-4c91-8e8c-7e9707bb3d63 at term 1 for appendEntries, leader elected after 5226ms
2019-09-29 06:07:47,765 [grpc-default-executor-1] INFO  impl.RaftServerImpl (ServerState.java:setRaftConf(354)) - 24090ede-3c03-4fff-9b4f-9beb681f64a5@group-8F9F2E4B3202: set configuration 0: [24090ede-3c03-4fff-9b4f-9beb681f64a5:192.168.151.83:38521, 6a374731-cae4-4078-a303-24268fd38917:192.168.151.83:36151, e32827da-fefa-4c91-8e8c-7e9707bb3d63:192.168.151.83:39603], old=null at 0
2019-09-29 06:07:47,765 [grpc-default-executor-8] INFO  impl.RaftServerImpl (ServerState.java:setRaftConf(354)) - 6a374731-cae4-4078-a303-24268fd38917@group-8F9F2E4B3202: set configuration 0: [24090ede-3c03-4fff-9b4f-9beb681f64a5:192.168.151.83:38521, 6a374731-cae4-4078-a303-24268fd38917:192.168.151.83:36151, e32827da-fefa-4c91-8e8c-7e9707bb3d63:192.168.151.83:39603], old=null at 0
2019-09-29 06:07:47,765 [grpc-default-executor-1] INFO  segmented.SegmentedRaftLogWorker (SegmentedRaftLogWorker.java:startLogSegment(380)) - 24090ede-3c03-4fff-9b4f-9beb681f64a5@group-8F9F2E4B3202-SegmentedRaftLogWorker: Starting segment from index:0
2019-09-29 06:07:47,765 [grpc-default-executor-8] INFO  segmented.SegmentedRaftLogWorker (SegmentedRaftLogWorker.java:startLogSegment(380)) - 6a374731-cae4-4078-a303-24268fd38917@group-8F9F2E4B3202-SegmentedRaftLogWorker: Starting segment from index:0
2019-09-29 06:07:47,829 [e32827da-fefa-4c91-8e8c-7e9707bb3d63@group-8F9F2E4B3202-SegmentedRaftLogWorker] INFO  segmented.SegmentedRaftLogWorker (SegmentedRaftLogWorker.java:execute(569)) - e32827da-fefa-4c91-8e8c-7e9707bb3d63@group-8F9F2E4B3202-SegmentedRaftLogWorker: created new log segment /workdir/hadoop-ozone/integration-test/target/test-dir/MiniOzoneClusterImpl-c65cf843-44d5-454c-a5bf-f4b8d0178419/datanode-3/data/ratis/89e6b6cf-9af0-446e-9293-8f9f2e4b3202/current/log_inprogress_0
2019-09-29 06:07:47,829 [6a374731-cae4-4078-a303-24268fd38917@group-8F9F2E4B3202-SegmentedRaftLogWorker] INFO  segmented.SegmentedRaftLogWorker (SegmentedRaftLogWorker.java:execute(569)) - 6a374731-cae4-4078-a303-24268fd38917@group-8F9F2E4B3202-SegmentedRaftLogWorker: created new log segment /workdir/hadoop-ozone/integration-test/target/test-dir/MiniOzoneClusterImpl-c65cf843-44d5-454c-a5bf-f4b8d0178419/datanode-4/data/ratis/89e6b6cf-9af0-446e-9293-8f9f2e4b3202/current/log_inprogress_0
2019-09-29 06:07:47,829 [24090ede-3c03-4fff-9b4f-9beb681f64a5@group-8F9F2E4B3202-SegmentedRaftLogWorker] INFO  segmented.SegmentedRaftLogWorker (SegmentedRaftLogWorker.java:execute(569)) - 24090ede-3c03-4fff-9b4f-9beb681f64a5@group-8F9F2E4B3202-SegmentedRaftLogWorker: created new log segment /workdir/hadoop-ozone/integration-test/target/test-dir/MiniOzoneClusterImpl-c65cf843-44d5-454c-a5bf-f4b8d0178419/datanode-5/data/ratis/89e6b6cf-9af0-446e-9293-8f9f2e4b3202/current/log_inprogress_0
2019-09-29 06:07:48,889 [main] WARN  scm.XceiverClientRatis (XceiverClientRatis.java:watchForCommit(292)) - 3 way commit failed on pipeline Pipeline[ Id: 797b3b44-3a21-4892-8512-65b983c014fc, Nodes: 155afd32-7b7a-4b1a-9daa-13d05cf6a825{ip: 192.168.151.83, host: trunk-nightly-20190929-jf6dg-3667755588, networkLocation: /default-rack, certSerialId: null}eb230cd1-3410-4a2d-b462-9a03cd2a50d5{ip: 192.168.151.83, host: trunk-nightly-20190929-jf6dg-3667755588, networkLocation: /default-rack, certSerialId: null}4e029b57-ef99-4eb3-a202-8445721934be{ip: 192.168.151.83, host: trunk-nightly-20190929-jf6dg-3667755588, networkLocation: /default-rack, certSerialId: null}, Type:RATIS, Factor:THREE, State:OPEN]
java.util.concurrent.TimeoutException
	at java.util.concurrent.CompletableFuture.timedGet(CompletableFuture.java:1771)
	at java.util.concurrent.CompletableFuture.get(CompletableFuture.java:1915)
	at org.apache.hadoop.hdds.scm.XceiverClientRatis.watchForCommit(XceiverClientRatis.java:289)
	at org.apache.hadoop.hdds.scm.storage.CommitWatcher.watchForCommit(CommitWatcher.java:194)
	at org.apache.hadoop.hdds.scm.storage.CommitWatcher.watchOnLastIndex(CommitWatcher.java:157)
	at org.apache.hadoop.hdds.scm.storage.BlockOutputStream.watchForCommit(BlockOutputStream.java:347)
	at org.apache.hadoop.hdds.scm.storage.BlockOutputStream.handleFlush(BlockOutputStream.java:479)
	at org.apache.hadoop.hdds.scm.storage.BlockOutputStream.flush(BlockOutputStream.java:428)
	at org.apache.hadoop.ozone.client.io.BlockOutputStreamEntry.flush(BlockOutputStreamEntry.java:136)
	at org.apache.hadoop.ozone.client.io.KeyOutputStream.handleFlushOrClose(KeyOutputStream.java:443)
	at org.apache.hadoop.ozone.client.io.KeyOutputStream.flush(KeyOutputStream.java:397)
	at org.apache.hadoop.ozone.client.io.OzoneOutputStream.flush(OzoneOutputStream.java:54)
	at org.apache.hadoop.ozone.client.rpc.TestBlockOutputStreamWithFailures.testExceptionDuringClose(TestBlockOutputStreamWithFailures.java:720)
	at sun.reflect.NativeMethodAccessorImpl.invoke0(Native Method)
	at sun.reflect.NativeMethodAccessorImpl.invoke(NativeMethodAccessorImpl.java:62)
	at sun.reflect.DelegatingMethodAccessorImpl.invoke(DelegatingMethodAccessorImpl.java:43)
	at java.lang.reflect.Method.invoke(Method.java:498)
	at org.junit.runners.model.FrameworkMethod$1.runReflectiveCall(FrameworkMethod.java:47)
	at org.junit.internal.runners.model.ReflectiveCallable.run(ReflectiveCallable.java:12)
	at org.junit.runners.model.FrameworkMethod.invokeExplosively(FrameworkMethod.java:44)
	at org.junit.internal.runners.statements.InvokeMethod.evaluate(InvokeMethod.java:17)
	at org.junit.internal.runners.statements.RunBefores.evaluate(RunBefores.java:26)
	at org.junit.internal.runners.statements.RunAfters.evaluate(RunAfters.java:27)
	at org.junit.runners.ParentRunner.runLeaf(ParentRunner.java:271)
	at org.junit.runners.BlockJUnit4ClassRunner.runChild(BlockJUnit4ClassRunner.java:70)
	at org.junit.runners.BlockJUnit4ClassRunner.runChild(BlockJUnit4ClassRunner.java:50)
	at org.junit.runners.ParentRunner$3.run(ParentRunner.java:238)
	at org.junit.runners.ParentRunner$1.schedule(ParentRunner.java:63)
	at org.junit.runners.ParentRunner.runChildren(ParentRunner.java:236)
	at org.junit.runners.ParentRunner.access$000(ParentRunner.java:53)
	at org.junit.runners.ParentRunner$2.evaluate(ParentRunner.java:229)
	at org.junit.runners.ParentRunner.run(ParentRunner.java:309)
	at org.apache.maven.surefire.junit4.JUnit4Provider.execute(JUnit4Provider.java:365)
	at org.apache.maven.surefire.junit4.JUnit4Provider.executeWithRerun(JUnit4Provider.java:273)
	at org.apache.maven.surefire.junit4.JUnit4Provider.executeTestSet(JUnit4Provider.java:238)
	at org.apache.maven.surefire.junit4.JUnit4Provider.invoke(JUnit4Provider.java:159)
	at org.apache.maven.surefire.booter.ForkedBooter.invokeProviderInSameClassLoader(ForkedBooter.java:384)
	at org.apache.maven.surefire.booter.ForkedBooter.runSuitesInProcess(ForkedBooter.java:345)
	at org.apache.maven.surefire.booter.ForkedBooter.execute(ForkedBooter.java:126)
	at org.apache.maven.surefire.booter.ForkedBooter.main(ForkedBooter.java:418)
2019-09-29 06:07:49,890 [main] WARN  storage.CommitWatcher (CommitWatcher.java:watchForCommit(203)) - watchForCommit failed for index 4
java.util.concurrent.TimeoutException
	at java.util.concurrent.CompletableFuture.timedGet(CompletableFuture.java:1771)
	at java.util.concurrent.CompletableFuture.get(CompletableFuture.java:1915)
	at org.apache.hadoop.hdds.scm.XceiverClientRatis.watchForCommit(XceiverClientRatis.java:298)
	at org.apache.hadoop.hdds.scm.storage.CommitWatcher.watchForCommit(CommitWatcher.java:194)
	at org.apache.hadoop.hdds.scm.storage.CommitWatcher.watchOnLastIndex(CommitWatcher.java:157)
	at org.apache.hadoop.hdds.scm.storage.BlockOutputStream.watchForCommit(BlockOutputStream.java:347)
	at org.apache.hadoop.hdds.scm.storage.BlockOutputStream.handleFlush(BlockOutputStream.java:479)
	at org.apache.hadoop.hdds.scm.storage.BlockOutputStream.flush(BlockOutputStream.java:428)
	at org.apache.hadoop.ozone.client.io.BlockOutputStreamEntry.flush(BlockOutputStreamEntry.java:136)
	at org.apache.hadoop.ozone.client.io.KeyOutputStream.handleFlushOrClose(KeyOutputStream.java:443)
	at org.apache.hadoop.ozone.client.io.KeyOutputStream.flush(KeyOutputStream.java:397)
	at org.apache.hadoop.ozone.client.io.OzoneOutputStream.flush(OzoneOutputStream.java:54)
	at org.apache.hadoop.ozone.client.rpc.TestBlockOutputStreamWithFailures.testExceptionDuringClose(TestBlockOutputStreamWithFailures.java:720)
	at sun.reflect.NativeMethodAccessorImpl.invoke0(Native Method)
	at sun.reflect.NativeMethodAccessorImpl.invoke(NativeMethodAccessorImpl.java:62)
	at sun.reflect.DelegatingMethodAccessorImpl.invoke(DelegatingMethodAccessorImpl.java:43)
	at java.lang.reflect.Method.invoke(Method.java:498)
	at org.junit.runners.model.FrameworkMethod$1.runReflectiveCall(FrameworkMethod.java:47)
	at org.junit.internal.runners.model.ReflectiveCallable.run(ReflectiveCallable.java:12)
	at org.junit.runners.model.FrameworkMethod.invokeExplosively(FrameworkMethod.java:44)
	at org.junit.internal.runners.statements.InvokeMethod.evaluate(InvokeMethod.java:17)
	at org.junit.internal.runners.statements.RunBefores.evaluate(RunBefores.java:26)
	at org.junit.internal.runners.statements.RunAfters.evaluate(RunAfters.java:27)
	at org.junit.runners.ParentRunner.runLeaf(ParentRunner.java:271)
	at org.junit.runners.BlockJUnit4ClassRunner.runChild(BlockJUnit4ClassRunner.java:70)
	at org.junit.runners.BlockJUnit4ClassRunner.runChild(BlockJUnit4ClassRunner.java:50)
	at org.junit.runners.ParentRunner$3.run(ParentRunner.java:238)
	at org.junit.runners.ParentRunner$1.schedule(ParentRunner.java:63)
	at org.junit.runners.ParentRunner.runChildren(ParentRunner.java:236)
	at org.junit.runners.ParentRunner.access$000(ParentRunner.java:53)
	at org.junit.runners.ParentRunner$2.evaluate(ParentRunner.java:229)
	at org.junit.runners.ParentRunner.run(ParentRunner.java:309)
	at org.apache.maven.surefire.junit4.JUnit4Provider.execute(JUnit4Provider.java:365)
	at org.apache.maven.surefire.junit4.JUnit4Provider.executeWithRerun(JUnit4Provider.java:273)
	at org.apache.maven.surefire.junit4.JUnit4Provider.executeTestSet(JUnit4Provider.java:238)
	at org.apache.maven.surefire.junit4.JUnit4Provider.invoke(JUnit4Provider.java:159)
	at org.apache.maven.surefire.booter.ForkedBooter.invokeProviderInSameClassLoader(ForkedBooter.java:384)
	at org.apache.maven.surefire.booter.ForkedBooter.runSuitesInProcess(ForkedBooter.java:345)
	at org.apache.maven.surefire.booter.ForkedBooter.execute(ForkedBooter.java:126)
	at org.apache.maven.surefire.booter.ForkedBooter.main(ForkedBooter.java:418)
2019-09-29 06:07:49,892 [main] WARN  io.KeyOutputStream (KeyOutputStream.java:handleException(274)) - Encountered exception java.io.IOException: Unexpected Storage Container Exception: java.io.IOException: Unexpected Storage Container Exception: java.util.concurrent.TimeoutException on the pipeline Pipeline[ Id: 797b3b44-3a21-4892-8512-65b983c014fc, Nodes: 155afd32-7b7a-4b1a-9daa-13d05cf6a825{ip: 192.168.151.83, host: trunk-nightly-20190929-jf6dg-3667755588, networkLocation: /default-rack, certSerialId: null}eb230cd1-3410-4a2d-b462-9a03cd2a50d5{ip: 192.168.151.83, host: trunk-nightly-20190929-jf6dg-3667755588, networkLocation: /default-rack, certSerialId: null}4e029b57-ef99-4eb3-a202-8445721934be{ip: 192.168.151.83, host: trunk-nightly-20190929-jf6dg-3667755588, networkLocation: /default-rack, certSerialId: null}, Type:RATIS, Factor:THREE, State:OPEN]. The last committed block length is 0, uncommitted data length is 167 retry count 0
2019-09-29 06:07:50,116 [main] INFO  ozone.MiniOzoneClusterImpl (MiniOzoneClusterImpl.java:shutdown(314)) - Shutting down the Mini Ozone Cluster
2019-09-29 06:07:50,116 [main] INFO  ozone.MiniOzoneClusterImpl (MiniOzoneClusterImpl.java:stop(330)) - Stopping the Mini Ozone Cluster
2019-09-29 06:07:50,117 [main] INFO  ozone.MiniOzoneClusterImpl (MiniOzoneClusterImpl.java:stopOM(400)) - Stopping the OzoneManager
2019-09-29 06:07:50,117 [main] INFO  ipc.Server (Server.java:stop(3082)) - Stopping server on 43888
2019-09-29 06:07:50,134 [IPC Server listener on 43888] INFO  ipc.Server (Server.java:run(1185)) - Stopping IPC Server listener on 43888
2019-09-29 06:07:50,147 [main] INFO  ratis.OzoneManagerDoubleBuffer (OzoneManagerDoubleBuffer.java:stop(248)) - Stopping OMDoubleBuffer flush thread
2019-09-29 06:07:50,148 [OMDoubleBufferFlushThread] INFO  ratis.OzoneManagerDoubleBuffer (OzoneManagerDoubleBuffer.java:flushTransactions(191)) - OMDoubleBuffer flush thread OMDoubleBufferFlushThread is interrupted and will exit. OMDoubleBufferFlushThread
2019-09-29 06:07:50,148 [IPC Server Responder] INFO  ipc.Server (Server.java:run(1319)) - Stopping IPC Server Responder
2019-09-29 06:07:50,151 [main] INFO  utils.BackgroundService (BackgroundService.java:shutdown(148)) - Shutting down service KeyDeletingService
2019-09-29 06:07:50,152 [main] INFO  handler.ContextHandler (ContextHandler.java:doStop(910)) - Stopped o.e.j.w.WebAppContext@47c96f2c{/,null,UNAVAILABLE}{/ozoneManager}
2019-09-29 06:07:50,153 [main] INFO  server.AbstractConnector (AbstractConnector.java:doStop(318)) - Stopped ServerConnector@210a26b{HTTP/1.1,[http/1.1]}{0.0.0.0:0}
2019-09-29 06:07:50,153 [main] INFO  handler.ContextHandler (ContextHandler.java:doStop(910)) - Stopped o.e.j.s.ServletContextHandler@559fd5ec{/static,file:///workdir/hadoop-ozone/integration-test/target/test-classes/webapps/static,UNAVAILABLE}
2019-09-29 06:07:50,153 [main] INFO  handler.ContextHandler (ContextHandler.java:doStop(910)) - Stopped o.e.j.s.ServletContextHandler@2bfa17b0{/logs,file:///workdir/hadoop-ozone/integration-test/target/log,UNAVAILABLE}
2019-09-29 06:07:50,155 [main] INFO  ozone.MiniOzoneClusterImpl (MiniOzoneClusterImpl.java:stopDatanodes(377)) - Stopping the HddsDatanodes
2019-09-29 06:07:50,836 [Datanode State Machine Thread - 0] INFO  statemachine.DatanodeStateMachine (DatanodeStateMachine.java:lambda$startDaemon$0(350)) - Ozone container server started.
2019-09-29 06:07:51,048 [Datanode State Machine Thread - 0] INFO  statemachine.DatanodeStateMachine (DatanodeStateMachine.java:lambda$startDaemon$0(350)) - Ozone container server started.
2019-09-29 06:07:54,875 [EventQueue-StaleNodeForStaleNodeHandler] INFO  node.StaleNodeHandler (StaleNodeHandler.java:onMessage(58)) - Datanode 4e029b57-ef99-4eb3-a202-8445721934be{ip: 192.168.151.83, host: trunk-nightly-20190929-jf6dg-3667755588, networkLocation: /default-rack, certSerialId: null} moved to stale state. Finalizing its pipelines [PipelineID=46665cae-a45b-4005-b732-42b2f395208b, PipelineID=797b3b44-3a21-4892-8512-65b983c014fc]
2019-09-29 06:07:54,877 [EventQueue-StaleNodeForStaleNodeHandler] INFO  pipeline.SCMPipelineManager (SCMPipelineManager.java:finalizeAndDestroyPipeline(315)) - destroying pipeline:Pipeline[ Id: 46665cae-a45b-4005-b732-42b2f395208b, Nodes: 4e029b57-ef99-4eb3-a202-8445721934be{ip: 192.168.151.83, host: trunk-nightly-20190929-jf6dg-3667755588, networkLocation: /default-rack, certSerialId: null}, Type:RATIS, Factor:ONE, State:OPEN]
2019-09-29 06:07:54,878 [EventQueue-StaleNodeForStaleNodeHandler] INFO  pipeline.PipelineStateManager (PipelineStateManager.java:finalizePipeline(123)) - Pipeline Pipeline[ Id: 46665cae-a45b-4005-b732-42b2f395208b, Nodes: 4e029b57-ef99-4eb3-a202-8445721934be{ip: 192.168.151.83, host: trunk-nightly-20190929-jf6dg-3667755588, networkLocation: /default-rack, certSerialId: null}, Type:RATIS, Factor:ONE, State:CLOSED] moved to CLOSED state
2019-09-29 06:07:54,879 [EventQueue-StaleNodeForStaleNodeHandler] INFO  pipeline.SCMPipelineManager (SCMPipelineManager.java:finalizeAndDestroyPipeline(315)) - destroying pipeline:Pipeline[ Id: 797b3b44-3a21-4892-8512-65b983c014fc, Nodes: 155afd32-7b7a-4b1a-9daa-13d05cf6a825{ip: 192.168.151.83, host: trunk-nightly-20190929-jf6dg-3667755588, networkLocation: /default-rack, certSerialId: null}eb230cd1-3410-4a2d-b462-9a03cd2a50d5{ip: 192.168.151.83, host: trunk-nightly-20190929-jf6dg-3667755588, networkLocation: /default-rack, certSerialId: null}4e029b57-ef99-4eb3-a202-8445721934be{ip: 192.168.151.83, host: trunk-nightly-20190929-jf6dg-3667755588, networkLocation: /default-rack, certSerialId: null}, Type:RATIS, Factor:THREE, State:OPEN]
2019-09-29 06:07:54,879 [EventQueue-StaleNodeForStaleNodeHandler] INFO  pipeline.PipelineStateManager (PipelineStateManager.java:finalizePipeline(123)) - Pipeline Pipeline[ Id: 797b3b44-3a21-4892-8512-65b983c014fc, Nodes: 155afd32-7b7a-4b1a-9daa-13d05cf6a825{ip: 192.168.151.83, host: trunk-nightly-20190929-jf6dg-3667755588, networkLocation: /default-rack, certSerialId: null}eb230cd1-3410-4a2d-b462-9a03cd2a50d5{ip: 192.168.151.83, host: trunk-nightly-20190929-jf6dg-3667755588, networkLocation: /default-rack, certSerialId: null}4e029b57-ef99-4eb3-a202-8445721934be{ip: 192.168.151.83, host: trunk-nightly-20190929-jf6dg-3667755588, networkLocation: /default-rack, certSerialId: null}, Type:RATIS, Factor:THREE, State:CLOSED] moved to CLOSED state
2019-09-29 06:07:54,882 [EventQueue-CloseContainerForCloseContainerEventHandler] INFO  container.CloseContainerEventHandler (CloseContainerEventHandler.java:onMessage(61)) - Close container Event triggered for container : #1
2019-09-29 06:07:55,075 [EventQueue-StaleNodeForStaleNodeHandler] INFO  node.StaleNodeHandler (StaleNodeHandler.java:onMessage(58)) - Datanode 6a374731-cae4-4078-a303-24268fd38917{ip: 192.168.151.83, host: trunk-nightly-20190929-jf6dg-3667755588, networkLocation: /default-rack, certSerialId: null} moved to stale state. Finalizing its pipelines [PipelineID=89e6b6cf-9af0-446e-9293-8f9f2e4b3202, PipelineID=5d754b36-47c5-484d-a6b9-b6b562bbad8f]
2019-09-29 06:07:55,077 [EventQueue-StaleNodeForStaleNodeHandler] INFO  pipeline.SCMPipelineManager (SCMPipelineManager.java:finalizeAndDestroyPipeline(315)) - destroying pipeline:Pipeline[ Id: 89e6b6cf-9af0-446e-9293-8f9f2e4b3202, Nodes: 24090ede-3c03-4fff-9b4f-9beb681f64a5{ip: 192.168.151.83, host: trunk-nightly-20190929-jf6dg-3667755588, networkLocation: /default-rack, certSerialId: null}e32827da-fefa-4c91-8e8c-7e9707bb3d63{ip: 192.168.151.83, host: trunk-nightly-20190929-jf6dg-3667755588, networkLocation: /default-rack, certSerialId: null}6a374731-cae4-4078-a303-24268fd38917{ip: 192.168.151.83, host: trunk-nightly-20190929-jf6dg-3667755588, networkLocation: /default-rack, certSerialId: null}, Type:RATIS, Factor:THREE, State:OPEN]
2019-09-29 06:07:55,077 [EventQueue-StaleNodeForStaleNodeHandler] INFO  pipeline.PipelineStateManager (PipelineStateManager.java:finalizePipeline(123)) - Pipeline Pipeline[ Id: 89e6b6cf-9af0-446e-9293-8f9f2e4b3202, Nodes: 24090ede-3c03-4fff-9b4f-9beb681f64a5{ip: 192.168.151.83, host: trunk-nightly-20190929-jf6dg-3667755588, networkLocation: /default-rack, certSerialId: null}e32827da-fefa-4c91-8e8c-7e9707bb3d63{ip: 192.168.151.83, host: trunk-nightly-20190929-jf6dg-3667755588, networkLocation: /default-rack, certSerialId: null}6a374731-cae4-4078-a303-24268fd38917{ip: 192.168.151.83, host: trunk-nightly-20190929-jf6dg-3667755588, networkLocation: /default-rack, certSerialId: null}, Type:RATIS, Factor:THREE, State:CLOSED] moved to CLOSED state
2019-09-29 06:07:55,077 [EventQueue-CloseContainerForCloseContainerEventHandler] INFO  container.CloseContainerEventHandler (CloseContainerEventHandler.java:onMessage(61)) - Close container Event triggered for container : #2
2019-09-29 06:07:55,079 [EventQueue-StaleNodeForStaleNodeHandler] INFO  pipeline.SCMPipelineManager (SCMPipelineManager.java:finalizeAndDestroyPipeline(315)) - destroying pipeline:Pipeline[ Id: 5d754b36-47c5-484d-a6b9-b6b562bbad8f, Nodes: 6a374731-cae4-4078-a303-24268fd38917{ip: 192.168.151.83, host: trunk-nightly-20190929-jf6dg-3667755588, networkLocation: /default-rack, certSerialId: null}, Type:RATIS, Factor:ONE, State:OPEN]
2019-09-29 06:07:55,080 [EventQueue-StaleNodeForStaleNodeHandler] INFO  pipeline.PipelineStateManager (PipelineStateManager.java:finalizePipeline(123)) - Pipeline Pipeline[ Id: 5d754b36-47c5-484d-a6b9-b6b562bbad8f, Nodes: 6a374731-cae4-4078-a303-24268fd38917{ip: 192.168.151.83, host: trunk-nightly-20190929-jf6dg-3667755588, networkLocation: /default-rack, certSerialId: null}, Type:RATIS, Factor:ONE, State:CLOSED] moved to CLOSED state
2019-09-29 06:07:55,157 [main] INFO  ozoneimpl.OzoneContainer (OzoneContainer.java:stop(231)) - Attempting to stop container services.
2019-09-29 06:07:55,157 [ForkJoinPool.commonPool-worker-1] INFO  ozoneimpl.OzoneContainer (OzoneContainer.java:stop(231)) - Attempting to stop container services.
2019-09-29 06:07:55,158 [main] INFO  impl.RaftServerProxy (RaftServerProxy.java:lambda$close$4(314)) - 6a374731-cae4-4078-a303-24268fd38917: close
2019-09-29 06:07:55,158 [ForkJoinPool.commonPool-worker-1] INFO  impl.RaftServerProxy (RaftServerProxy.java:lambda$close$4(314)) - 4e029b57-ef99-4eb3-a202-8445721934be: close
2019-09-29 06:07:55,159 [main] INFO  impl.RaftServerImpl (RaftServerImpl.java:lambda$shutdown$3(251)) - 6a374731-cae4-4078-a303-24268fd38917@group-8F9F2E4B3202: shutdown
2019-09-29 06:07:55,159 [ForkJoinPool.commonPool-worker-1] INFO  impl.RaftServerImpl (RaftServerImpl.java:lambda$shutdown$3(251)) - 4e029b57-ef99-4eb3-a202-8445721934be@group-42B2F395208B: shutdown
2019-09-29 06:07:55,159 [main] INFO  util.JmxRegister (JmxRegister.java:unregister(73)) - Successfully un-registered JMX Bean with object name Ratis:service=RaftServer,group=group-8F9F2E4B3202,id=6a374731-cae4-4078-a303-24268fd38917
2019-09-29 06:07:55,160 [ForkJoinPool.commonPool-worker-1] INFO  util.JmxRegister (JmxRegister.java:unregister(73)) - Successfully un-registered JMX Bean with object name Ratis:service=RaftServer,group=group-42B2F395208B,id=4e029b57-ef99-4eb3-a202-8445721934be
2019-09-29 06:07:55,160 [main] INFO  impl.RoleInfo (RoleInfo.java:shutdownFollowerState(121)) - 6a374731-cae4-4078-a303-24268fd38917: shutdown FollowerState
2019-09-29 06:07:55,160 [ForkJoinPool.commonPool-worker-1] INFO  impl.RoleInfo (RoleInfo.java:shutdownLeaderState(104)) - 4e029b57-ef99-4eb3-a202-8445721934be: shutdown LeaderState
2019-09-29 06:07:55,161 [main] INFO  impl.StateMachineUpdater (StateMachineUpdater.java:stopAndJoin(125)) - 6a374731-cae4-4078-a303-24268fd38917@group-8F9F2E4B3202-StateMachineUpdater: set stopIndex = 6
2019-09-29 06:07:55,161 [6a374731-cae4-4078-a303-24268fd38917@group-8F9F2E4B3202-StateMachineUpdater] INFO  ratis.ContainerStateMachine (ContainerStateMachine.java:takeSnapshot(289)) - group-8F9F2E4B3202: Taking a snapshot at:(t:1, i:4) file /workdir/hadoop-ozone/integration-test/target/test-dir/MiniOzoneClusterImpl-c65cf843-44d5-454c-a5bf-f4b8d0178419/datanode-4/data/ratis/89e6b6cf-9af0-446e-9293-8f9f2e4b3202/sm/snapshot.1_4
2019-09-29 06:07:55,161 [ForkJoinPool.commonPool-worker-1] INFO  impl.PendingRequests (PendingRequests.java:sendNotLeaderResponses(202)) - 4e029b57-ef99-4eb3-a202-8445721934be-PendingRequests: sendNotLeaderResponses
2019-09-29 06:07:55,161 [Thread-4540] INFO  impl.FollowerState (FollowerState.java:run(115)) - 6a374731-cae4-4078-a303-24268fd38917: FollowerState was interrupted: java.lang.InterruptedException: sleep interrupted
2019-09-29 06:07:55,165 [ForkJoinPool.commonPool-worker-1] INFO  impl.StateMachineUpdater (StateMachineUpdater.java:stopAndJoin(125)) - 4e029b57-ef99-4eb3-a202-8445721934be@group-42B2F395208B-StateMachineUpdater: set stopIndex = 0
2019-09-29 06:07:55,166 [ForkJoinPool.commonPool-worker-1] INFO  impl.RaftServerImpl (ServerState.java:close(385)) - 4e029b57-ef99-4eb3-a202-8445721934be@group-42B2F395208B: closes. applyIndex: 0
2019-09-29 06:07:55,166 [4e029b57-ef99-4eb3-a202-8445721934be@group-42B2F395208B-SegmentedRaftLogWorker] INFO  segmented.SegmentedRaftLogWorker (SegmentedRaftLogWorker.java:run(313)) - 4e029b57-ef99-4eb3-a202-8445721934be@group-42B2F395208B-SegmentedRaftLogWorker was interrupted, exiting. There are 0 tasks remaining in the queue.
2019-09-29 06:07:55,169 [ForkJoinPool.commonPool-worker-1] INFO  segmented.SegmentedRaftLogWorker (SegmentedRaftLogWorker.java:close(228)) - 4e029b57-ef99-4eb3-a202-8445721934be@group-42B2F395208B-SegmentedRaftLogWorker close()
2019-09-29 06:07:55,172 [ForkJoinPool.commonPool-worker-1] INFO  impl.RaftServerImpl (RaftServerImpl.java:lambda$shutdown$3(251)) - 4e029b57-ef99-4eb3-a202-8445721934be@group-65B983C014FC: shutdown
2019-09-29 06:07:55,173 [ForkJoinPool.commonPool-worker-1] INFO  util.JmxRegister (JmxRegister.java:unregister(73)) - Successfully un-registered JMX Bean with object name Ratis:service=RaftServer,group=group-65B983C014FC,id=4e029b57-ef99-4eb3-a202-8445721934be
2019-09-29 06:07:55,173 [ForkJoinPool.commonPool-worker-1] INFO  impl.RoleInfo (RoleInfo.java:shutdownLeaderState(104)) - 4e029b57-ef99-4eb3-a202-8445721934be: shutdown LeaderState
2019-09-29 06:07:55,176 [ForkJoinPool.commonPool-worker-1] INFO  impl.PendingRequests (PendingRequests.java:sendNotLeaderResponses(202)) - 4e029b57-ef99-4eb3-a202-8445721934be-PendingRequests: sendNotLeaderResponses
2019-09-29 06:07:55,176 [org.apache.ratis.server.impl.LogAppender$AppenderDaemon$$Lambda$488/1224020253@765be095] WARN  server.GrpcLogAppender (GrpcLogAppender.java:mayWait(143)) - 4e029b57-ef99-4eb3-a202-8445721934be@group-65B983C014FC->155afd32-7b7a-4b1a-9daa-13d05cf6a825-GrpcLogAppender: Wait interrupted by java.lang.InterruptedException
2019-09-29 06:07:55,176 [org.apache.ratis.server.impl.LogAppender$AppenderDaemon$$Lambda$488/1224020253@475403e7] WARN  server.GrpcLogAppender (GrpcLogAppender.java:mayWait(143)) - 4e029b57-ef99-4eb3-a202-8445721934be@group-65B983C014FC->eb230cd1-3410-4a2d-b462-9a03cd2a50d5-GrpcLogAppender: Wait interrupted by java.lang.InterruptedException
2019-09-29 06:07:55,194 [6a374731-cae4-4078-a303-24268fd38917@group-8F9F2E4B3202-StateMachineUpdater] INFO  ratis.ContainerStateMachine (ContainerStateMachine.java:takeSnapshot(300)) - group-8F9F2E4B3202: Finished taking a snapshot at:(t:1, i:4) file:/workdir/hadoop-ozone/integration-test/target/test-dir/MiniOzoneClusterImpl-c65cf843-44d5-454c-a5bf-f4b8d0178419/datanode-4/data/ratis/89e6b6cf-9af0-446e-9293-8f9f2e4b3202/sm/snapshot.1_4 time:33
2019-09-29 06:07:55,194 [ForkJoinPool.commonPool-worker-1] INFO  impl.StateMachineUpdater (StateMachineUpdater.java:stopAndJoin(125)) - 4e029b57-ef99-4eb3-a202-8445721934be@group-65B983C014FC-StateMachineUpdater: set stopIndex = 6
2019-09-29 06:07:55,195 [6a374731-cae4-4078-a303-24268fd38917@group-8F9F2E4B3202-StateMachineUpdater] INFO  impl.StateMachineUpdater (StateMachineUpdater.java:takeSnapshot(258)) - 6a374731-cae4-4078-a303-24268fd38917@group-8F9F2E4B3202-StateMachineUpdater: Took a snapshot at index 4
2019-09-29 06:07:55,195 [grpc-default-executor-9] INFO  server.GrpcServerProtocolService (GrpcServerProtocolService.java:onCompleted(113)) - eb230cd1-3410-4a2d-b462-9a03cd2a50d5: Completed APPEND_ENTRIES, lastRequest: 4e029b57-ef99-4eb3-a202-8445721934be->eb230cd1-3410-4a2d-b462-9a03cd2a50d5#9-t1, previous=(t:1, i:6), leaderCommit=6, initializing? false, entries: <empty>
2019-09-29 06:07:55,195 [grpc-default-executor-1] INFO  server.GrpcServerProtocolService (GrpcServerProtocolService.java:onCompleted(113)) - 155afd32-7b7a-4b1a-9daa-13d05cf6a825: Completed APPEND_ENTRIES, lastRequest: 4e029b57-ef99-4eb3-a202-8445721934be->155afd32-7b7a-4b1a-9daa-13d05cf6a825#9-t1, previous=(t:1, i:6), leaderCommit=6, initializing? false, entries: <empty>
2019-09-29 06:07:55,194 [4e029b57-ef99-4eb3-a202-8445721934be@group-65B983C014FC-StateMachineUpdater] INFO  ratis.ContainerStateMachine (ContainerStateMachine.java:takeSnapshot(289)) - group-65B983C014FC: Taking a snapshot at:(t:1, i:6) file /workdir/hadoop-ozone/integration-test/target/test-dir/MiniOzoneClusterImpl-c65cf843-44d5-454c-a5bf-f4b8d0178419/datanode-1/data/ratis/797b3b44-3a21-4892-8512-65b983c014fc/sm/snapshot.1_6
2019-09-29 06:07:55,195 [6a374731-cae4-4078-a303-24268fd38917@group-8F9F2E4B3202-StateMachineUpdater] INFO  impl.StateMachineUpdater (StateMachineUpdater.java:lambda$new$0(83)) - 6a374731-cae4-4078-a303-24268fd38917@group-8F9F2E4B3202-StateMachineUpdater: snapshotIndex: updateIncreasingly -1 -> 4
2019-09-29 06:07:55,195 [grpc-default-executor-9] INFO  server.GrpcLogAppender (GrpcLogAppender.java:onCompleted(293)) - 4e029b57-ef99-4eb3-a202-8445721934be@group-65B983C014FC->155afd32-7b7a-4b1a-9daa-13d05cf6a825-AppendLogResponseHandler: follower responses appendEntries COMPLETED
2019-09-29 06:07:55,195 [grpc-default-executor-1] INFO  server.GrpcLogAppender (GrpcLogAppender.java:onCompleted(293)) - 4e029b57-ef99-4eb3-a202-8445721934be@group-65B983C014FC->eb230cd1-3410-4a2d-b462-9a03cd2a50d5-AppendLogResponseHandler: follower responses appendEntries COMPLETED
2019-09-29 06:07:55,196 [grpc-default-executor-9] INFO  impl.FollowerInfo (FollowerInfo.java:lambda$new$0(51)) - 4e029b57-ef99-4eb3-a202-8445721934be@group-65B983C014FC->155afd32-7b7a-4b1a-9daa-13d05cf6a825: nextIndex: updateUnconditionally 7 -> 6
2019-09-29 06:07:55,196 [grpc-default-executor-1] INFO  impl.FollowerInfo (FollowerInfo.java:lambda$new$0(51)) - 4e029b57-ef99-4eb3-a202-8445721934be@group-65B983C014FC->eb230cd1-3410-4a2d-b462-9a03cd2a50d5: nextIndex: updateUnconditionally 7 -> 6
2019-09-29 06:07:55,196 [6a374731-cae4-4078-a303-24268fd38917@group-8F9F2E4B3202-StateMachineUpdater] INFO  ratis.ContainerStateMachine (ContainerStateMachine.java:takeSnapshot(289)) - group-8F9F2E4B3202: Taking a snapshot at:(t:1, i:4) file /workdir/hadoop-ozone/integration-test/target/test-dir/MiniOzoneClusterImpl-c65cf843-44d5-454c-a5bf-f4b8d0178419/datanode-4/data/ratis/89e6b6cf-9af0-446e-9293-8f9f2e4b3202/sm/snapshot.1_4
2019-09-29 06:07:55,209 [4e029b57-ef99-4eb3-a202-8445721934be@group-65B983C014FC-StateMachineUpdater] INFO  ratis.ContainerStateMachine (ContainerStateMachine.java:takeSnapshot(300)) - group-65B983C014FC: Finished taking a snapshot at:(t:1, i:6) file:/workdir/hadoop-ozone/integration-test/target/test-dir/MiniOzoneClusterImpl-c65cf843-44d5-454c-a5bf-f4b8d0178419/datanode-1/data/ratis/797b3b44-3a21-4892-8512-65b983c014fc/sm/snapshot.1_6 time:14
2019-09-29 06:07:55,209 [6a374731-cae4-4078-a303-24268fd38917@group-8F9F2E4B3202-StateMachineUpdater] INFO  ratis.ContainerStateMachine (ContainerStateMachine.java:takeSnapshot(300)) - group-8F9F2E4B3202: Finished taking a snapshot at:(t:1, i:4) file:/workdir/hadoop-ozone/integration-test/target/test-dir/MiniOzoneClusterImpl-c65cf843-44d5-454c-a5bf-f4b8d0178419/datanode-4/data/ratis/89e6b6cf-9af0-446e-9293-8f9f2e4b3202/sm/snapshot.1_4 time:12
2019-09-29 06:07:55,209 [4e029b57-ef99-4eb3-a202-8445721934be@group-65B983C014FC-StateMachineUpdater] INFO  impl.StateMachineUpdater (StateMachineUpdater.java:takeSnapshot(258)) - 4e029b57-ef99-4eb3-a202-8445721934be@group-65B983C014FC-StateMachineUpdater: Took a snapshot at index 6
2019-09-29 06:07:55,209 [4e029b57-ef99-4eb3-a202-8445721934be@group-65B983C014FC-StateMachineUpdater] INFO  impl.StateMachineUpdater (StateMachineUpdater.java:lambda$new$0(83)) - 4e029b57-ef99-4eb3-a202-8445721934be@group-65B983C014FC-StateMachineUpdater: snapshotIndex: updateIncreasingly -1 -> 6
2019-09-29 06:07:55,209 [6a374731-cae4-4078-a303-24268fd38917@group-8F9F2E4B3202-StateMachineUpdater] INFO  impl.StateMachineUpdater (StateMachineUpdater.java:takeSnapshot(258)) - 6a374731-cae4-4078-a303-24268fd38917@group-8F9F2E4B3202-StateMachineUpdater: Took a snapshot at index 4
2019-09-29 06:07:55,209 [ForkJoinPool.commonPool-worker-1] INFO  impl.RaftServerImpl (ServerState.java:close(385)) - 4e029b57-ef99-4eb3-a202-8445721934be@group-65B983C014FC: closes. applyIndex: 6
2019-09-29 06:07:55,209 [6a374731-cae4-4078-a303-24268fd38917@group-8F9F2E4B3202-StateMachineUpdater] INFO  impl.StateMachineUpdater (StateMachineUpdater.java:lambda$new$0(83)) - 6a374731-cae4-4078-a303-24268fd38917@group-8F9F2E4B3202-StateMachineUpdater: snapshotIndex: updateIncreasingly 4 -> 4
2019-09-29 06:07:55,210 [4e029b57-ef99-4eb3-a202-8445721934be@group-65B983C014FC-SegmentedRaftLogWorker] INFO  segmented.SegmentedRaftLogWorker (SegmentedRaftLogWorker.java:run(313)) - 4e029b57-ef99-4eb3-a202-8445721934be@group-65B983C014FC-SegmentedRaftLogWorker was interrupted, exiting. There are 0 tasks remaining in the queue.
2019-09-29 06:07:55,210 [main] INFO  impl.RaftServerImpl (ServerState.java:close(385)) - 6a374731-cae4-4078-a303-24268fd38917@group-8F9F2E4B3202: closes. applyIndex: 6
2019-09-29 06:07:55,212 [ForkJoinPool.commonPool-worker-1] INFO  segmented.SegmentedRaftLogWorker (SegmentedRaftLogWorker.java:close(228)) - 4e029b57-ef99-4eb3-a202-8445721934be@group-65B983C014FC-SegmentedRaftLogWorker close()
2019-09-29 06:07:55,212 [6a374731-cae4-4078-a303-24268fd38917@group-8F9F2E4B3202-SegmentedRaftLogWorker] INFO  segmented.SegmentedRaftLogWorker (SegmentedRaftLogWorker.java:run(313)) - 6a374731-cae4-4078-a303-24268fd38917@group-8F9F2E4B3202-SegmentedRaftLogWorker was interrupted, exiting. There are 0 tasks remaining in the queue.
2019-09-29 06:07:55,216 [ForkJoinPool.commonPool-worker-1] INFO  server.GrpcService (GrpcService.java:closeImpl(164)) - 4e029b57-ef99-4eb3-a202-8445721934be: shutdown server with port 34101 now
2019-09-29 06:07:55,218 [main] INFO  segmented.SegmentedRaftLogWorker (SegmentedRaftLogWorker.java:close(228)) - 6a374731-cae4-4078-a303-24268fd38917@group-8F9F2E4B3202-SegmentedRaftLogWorker close()
2019-09-29 06:07:55,221 [main] INFO  impl.RaftServerImpl (RaftServerImpl.java:lambda$shutdown$3(251)) - 6a374731-cae4-4078-a303-24268fd38917@group-B6B562BBAD8F: shutdown
2019-09-29 06:07:55,222 [main] INFO  util.JmxRegister (JmxRegister.java:unregister(73)) - Successfully un-registered JMX Bean with object name Ratis:service=RaftServer,group=group-B6B562BBAD8F,id=6a374731-cae4-4078-a303-24268fd38917
2019-09-29 06:07:55,222 [main] INFO  impl.RoleInfo (RoleInfo.java:shutdownLeaderState(104)) - 6a374731-cae4-4078-a303-24268fd38917: shutdown LeaderState
2019-09-29 06:07:55,222 [ForkJoinPool.commonPool-worker-1] INFO  server.GrpcService (GrpcService.java:closeImpl(172)) - 4e029b57-ef99-4eb3-a202-8445721934be: shutdown server with port 34101 successfully
2019-09-29 06:07:55,222 [grpc-default-executor-9] WARN  client.GrpcClientProtocolService (LogUtils.java:warn(134)) - 3-UnorderedRequestStreamObserver3: onError: org.apache.ratis.thirdparty.io.grpc.StatusRuntimeException: CANCELLED: cancelled before receiving half close
2019-09-29 06:07:55,222 [main] INFO  impl.PendingRequests (PendingRequests.java:sendNotLeaderResponses(202)) - 6a374731-cae4-4078-a303-24268fd38917-PendingRequests: sendNotLeaderResponses
2019-09-29 06:07:55,223 [main] INFO  impl.StateMachineUpdater (StateMachineUpdater.java:stopAndJoin(125)) - 6a374731-cae4-4078-a303-24268fd38917@group-B6B562BBAD8F-StateMachineUpdater: set stopIndex = 0
2019-09-29 06:07:55,224 [main] INFO  impl.RaftServerImpl (ServerState.java:close(385)) - 6a374731-cae4-4078-a303-24268fd38917@group-B6B562BBAD8F: closes. applyIndex: 0
2019-09-29 06:07:55,225 [6a374731-cae4-4078-a303-24268fd38917@group-B6B562BBAD8F-SegmentedRaftLogWorker] INFO  segmented.SegmentedRaftLogWorker (SegmentedRaftLogWorker.java:run(313)) - 6a374731-cae4-4078-a303-24268fd38917@group-B6B562BBAD8F-SegmentedRaftLogWorker was interrupted, exiting. There are 0 tasks remaining in the queue.
2019-09-29 06:07:55,227 [main] INFO  segmented.SegmentedRaftLogWorker (SegmentedRaftLogWorker.java:close(228)) - 6a374731-cae4-4078-a303-24268fd38917@group-B6B562BBAD8F-SegmentedRaftLogWorker close()
2019-09-29 06:07:55,230 [main] INFO  server.GrpcService (GrpcService.java:closeImpl(164)) - 6a374731-cae4-4078-a303-24268fd38917: shutdown server with port 36151 now
2019-09-29 06:07:55,231 [refreshUsed-/workdir/hadoop-ozone/integration-test/target/test-dir/MiniOzoneClusterImpl-c65cf843-44d5-454c-a5bf-f4b8d0178419/datanode-1/data/containers] WARN  fs.CachingGetSpaceUsed (CachingGetSpaceUsed.java:run(183)) - Thread Interrupted waiting to refresh disk information: sleep interrupted
2019-09-29 06:07:55,231 [grpc-default-executor-9] WARN  server.GrpcLogAppender (LogUtils.java:warn(134)) - e32827da-fefa-4c91-8e8c-7e9707bb3d63@group-8F9F2E4B3202->6a374731-cae4-4078-a303-24268fd38917-AppendLogResponseHandler: Failed appendEntries: org.apache.ratis.thirdparty.io.grpc.StatusRuntimeException: CANCELLED: HTTP/2 error code: CANCEL
Received Rst Stream
2019-09-29 06:07:55,231 [main] INFO  server.GrpcService (GrpcService.java:closeImpl(172)) - 6a374731-cae4-4078-a303-24268fd38917: shutdown server with port 36151 successfully
2019-09-29 06:07:55,232 [grpc-default-executor-9] INFO  impl.FollowerInfo (FollowerInfo.java:lambda$new$0(51)) - e32827da-fefa-4c91-8e8c-7e9707bb3d63@group-8F9F2E4B3202->6a374731-cae4-4078-a303-24268fd38917: nextIndex: updateUnconditionally 7 -> 6
2019-09-29 06:07:55,231 [grpc-default-executor-11] WARN  server.GrpcServerProtocolService (LogUtils.java:warn(134)) - 6a374731-cae4-4078-a303-24268fd38917: installSnapshot onError, lastRequest: e32827da-fefa-4c91-8e8c-7e9707bb3d63->6a374731-cae4-4078-a303-24268fd38917#9-t1, previous=(t:1, i:6), leaderCommit=6, initializing? false, entries: <empty>: org.apache.ratis.thirdparty.io.grpc.StatusRuntimeException: CANCELLED: cancelled before receiving half close
2019-09-29 06:07:55,234 [refreshUsed-/workdir/hadoop-ozone/integration-test/target/test-dir/MiniOzoneClusterImpl-c65cf843-44d5-454c-a5bf-f4b8d0178419/datanode-4/data/containers] WARN  fs.CachingGetSpaceUsed (CachingGetSpaceUsed.java:run(183)) - Thread Interrupted waiting to refresh disk information: sleep interrupted
2019-09-29 06:07:55,254 [ForkJoinPool.commonPool-worker-1] INFO  utils.BackgroundService (BackgroundService.java:shutdown(148)) - Shutting down service BlockDeletingService
2019-09-29 06:07:55,262 [ForkJoinPool.commonPool-worker-1] INFO  statemachine.DatanodeStateMachine (DatanodeStateMachine.java:stopDaemon(395)) - Ozone container server stopped.
2019-09-29 06:07:55,268 [ForkJoinPool.commonPool-worker-1] INFO  handler.ContextHandler (ContextHandler.java:doStop(910)) - Stopped o.e.j.w.WebAppContext@7ed8b44{/,null,UNAVAILABLE}{/hddsDatanode}
2019-09-29 06:07:55,269 [ForkJoinPool.commonPool-worker-1] INFO  server.AbstractConnector (AbstractConnector.java:doStop(318)) - Stopped ServerConnector@21280cbb{HTTP/1.1,[http/1.1]}{0.0.0.0:0}
2019-09-29 06:07:55,270 [ForkJoinPool.commonPool-worker-1] INFO  handler.ContextHandler (ContextHandler.java:doStop(910)) - Stopped o.e.j.s.ServletContextHandler@6f106af8{/static,jar:file:/home/user/.m2/repository/org/apache/hadoop/hadoop-hdds-container-service/0.5.0-SNAPSHOT/hadoop-hdds-container-service-0.5.0-SNAPSHOT.jar!/webapps/static,UNAVAILABLE}
2019-09-29 06:07:55,272 [ForkJoinPool.commonPool-worker-1] INFO  handler.ContextHandler (ContextHandler.java:doStop(910)) - Stopped o.e.j.s.ServletContextHandler@260d48f5{/logs,file:///workdir/hadoop-ozone/integration-test/target/log,UNAVAILABLE}
2019-09-29 06:07:55,274 [main] INFO  utils.BackgroundService (BackgroundService.java:shutdown(148)) - Shutting down service BlockDeletingService
2019-09-29 06:07:55,282 [main] INFO  statemachine.DatanodeStateMachine (DatanodeStateMachine.java:stopDaemon(395)) - Ozone container server stopped.
2019-09-29 06:07:55,283 [main] INFO  handler.ContextHandler (ContextHandler.java:doStop(910)) - Stopped o.e.j.w.WebAppContext@45c90a05{/,null,UNAVAILABLE}{/hddsDatanode}
2019-09-29 06:07:55,284 [main] INFO  server.AbstractConnector (AbstractConnector.java:doStop(318)) - Stopped ServerConnector@296676c4{HTTP/1.1,[http/1.1]}{0.0.0.0:0}
2019-09-29 06:07:55,284 [main] INFO  handler.ContextHandler (ContextHandler.java:doStop(910)) - Stopped o.e.j.s.ServletContextHandler@7540160e{/static,jar:file:/home/user/.m2/repository/org/apache/hadoop/hadoop-hdds-container-service/0.5.0-SNAPSHOT/hadoop-hdds-container-service-0.5.0-SNAPSHOT.jar!/webapps/static,UNAVAILABLE}
2019-09-29 06:07:55,284 [main] INFO  handler.ContextHandler (ContextHandler.java:doStop(910)) - Stopped o.e.j.s.ServletContextHandler@2d9de284{/logs,file:///workdir/hadoop-ozone/integration-test/target/log,UNAVAILABLE}
2019-09-29 06:07:55,838 [Datanode State Machine Thread - 0] INFO  statemachine.DatanodeStateMachine (DatanodeStateMachine.java:lambda$startDaemon$0(350)) - Ozone container server started.
2019-09-29 06:07:56,050 [Datanode State Machine Thread - 0] INFO  statemachine.DatanodeStateMachine (DatanodeStateMachine.java:lambda$startDaemon$0(350)) - Ozone container server started.
2019-09-29 06:07:57,596 [grpc-default-executor-9] WARN  server.GrpcLogAppender (LogUtils.java:warn(134)) - e32827da-fefa-4c91-8e8c-7e9707bb3d63@group-8F9F2E4B3202->6a374731-cae4-4078-a303-24268fd38917-AppendLogResponseHandler: Failed appendEntries: org.apache.ratis.thirdparty.io.grpc.StatusRuntimeException: UNAVAILABLE: io exception
2019-09-29 06:07:57,596 [grpc-default-executor-9] INFO  impl.FollowerInfo (FollowerInfo.java:lambda$new$0(51)) - e32827da-fefa-4c91-8e8c-7e9707bb3d63@group-8F9F2E4B3202->6a374731-cae4-4078-a303-24268fd38917: nextIndex: updateUnconditionally 6 -> 5
2019-09-29 06:07:59,887 [EventQueue-StaleNodeForStaleNodeHandler] INFO  node.StaleNodeHandler (StaleNodeHandler.java:onMessage(58)) - Datanode eb230cd1-3410-4a2d-b462-9a03cd2a50d5{ip: 192.168.151.83, host: trunk-nightly-20190929-jf6dg-3667755588, networkLocation: /default-rack, certSerialId: null} moved to stale state. Finalizing its pipelines [PipelineID=797b3b44-3a21-4892-8512-65b983c014fc, PipelineID=6c5c682e-1147-4aeb-823d-5587530bf203]
2019-09-29 06:07:59,887 [EventQueue-StaleNodeForStaleNodeHandler] INFO  pipeline.SCMPipelineManager (SCMPipelineManager.java:finalizeAndDestroyPipeline(315)) - destroying pipeline:Pipeline[ Id: 797b3b44-3a21-4892-8512-65b983c014fc, Nodes: 155afd32-7b7a-4b1a-9daa-13d05cf6a825{ip: 192.168.151.83, host: trunk-nightly-20190929-jf6dg-3667755588, networkLocation: /default-rack, certSerialId: null}eb230cd1-3410-4a2d-b462-9a03cd2a50d5{ip: 192.168.151.83, host: trunk-nightly-20190929-jf6dg-3667755588, networkLocation: /default-rack, certSerialId: null}4e029b57-ef99-4eb3-a202-8445721934be{ip: 192.168.151.83, host: trunk-nightly-20190929-jf6dg-3667755588, networkLocation: /default-rack, certSerialId: null}, Type:RATIS, Factor:THREE, State:CLOSED]
2019-09-29 06:07:59,887 [EventQueue-StaleNodeForStaleNodeHandler] INFO  pipeline.SCMPipelineManager (SCMPipelineManager.java:finalizeAndDestroyPipeline(315)) - destroying pipeline:Pipeline[ Id: 6c5c682e-1147-4aeb-823d-5587530bf203, Nodes: eb230cd1-3410-4a2d-b462-9a03cd2a50d5{ip: 192.168.151.83, host: trunk-nightly-20190929-jf6dg-3667755588, networkLocation: /default-rack, certSerialId: null}, Type:RATIS, Factor:ONE, State:OPEN]
2019-09-29 06:07:59,888 [EventQueue-StaleNodeForStaleNodeHandler] INFO  pipeline.PipelineStateManager (PipelineStateManager.java:finalizePipeline(123)) - Pipeline Pipeline[ Id: 6c5c682e-1147-4aeb-823d-5587530bf203, Nodes: eb230cd1-3410-4a2d-b462-9a03cd2a50d5{ip: 192.168.151.83, host: trunk-nightly-20190929-jf6dg-3667755588, networkLocation: /default-rack, certSerialId: null}, Type:RATIS, Factor:ONE, State:CLOSED] moved to CLOSED state
2019-09-29 06:08:00,087 [EventQueue-StaleNodeForStaleNodeHandler] INFO  node.StaleNodeHandler (StaleNodeHandler.java:onMessage(58)) - Datanode e32827da-fefa-4c91-8e8c-7e9707bb3d63{ip: 192.168.151.83, host: trunk-nightly-20190929-jf6dg-3667755588, networkLocation: /default-rack, certSerialId: null} moved to stale state. Finalizing its pipelines [PipelineID=89e6b6cf-9af0-446e-9293-8f9f2e4b3202, PipelineID=7805c625-78b8-4c99-9caf-3d1aa97fb64c]
2019-09-29 06:08:00,087 [EventQueue-StaleNodeForStaleNodeHandler] INFO  pipeline.SCMPipelineManager (SCMPipelineManager.java:finalizeAndDestroyPipeline(315)) - destroying pipeline:Pipeline[ Id: 89e6b6cf-9af0-446e-9293-8f9f2e4b3202, Nodes: 24090ede-3c03-4fff-9b4f-9beb681f64a5{ip: 192.168.151.83, host: trunk-nightly-20190929-jf6dg-3667755588, networkLocation: /default-rack, certSerialId: null}e32827da-fefa-4c91-8e8c-7e9707bb3d63{ip: 192.168.151.83, host: trunk-nightly-20190929-jf6dg-3667755588, networkLocation: /default-rack, certSerialId: null}6a374731-cae4-4078-a303-24268fd38917{ip: 192.168.151.83, host: trunk-nightly-20190929-jf6dg-3667755588, networkLocation: /default-rack, certSerialId: null}, Type:RATIS, Factor:THREE, State:CLOSED]
2019-09-29 06:08:00,087 [EventQueue-StaleNodeForStaleNodeHandler] INFO  pipeline.SCMPipelineManager (SCMPipelineManager.java:finalizeAndDestroyPipeline(315)) - destroying pipeline:Pipeline[ Id: 7805c625-78b8-4c99-9caf-3d1aa97fb64c, Nodes: e32827da-fefa-4c91-8e8c-7e9707bb3d63{ip: 192.168.151.83, host: trunk-nightly-20190929-jf6dg-3667755588, networkLocation: /default-rack, certSerialId: null}, Type:RATIS, Factor:ONE, State:OPEN]
2019-09-29 06:08:00,087 [EventQueue-StaleNodeForStaleNodeHandler] INFO  pipeline.PipelineStateManager (PipelineStateManager.java:finalizePipeline(123)) - Pipeline Pipeline[ Id: 7805c625-78b8-4c99-9caf-3d1aa97fb64c, Nodes: e32827da-fefa-4c91-8e8c-7e9707bb3d63{ip: 192.168.151.83, host: trunk-nightly-20190929-jf6dg-3667755588, networkLocation: /default-rack, certSerialId: null}, Type:RATIS, Factor:ONE, State:CLOSED] moved to CLOSED state
2019-09-29 06:08:00,096 [grpc-default-executor-9] WARN  server.GrpcLogAppender (LogUtils.java:warn(134)) - e32827da-fefa-4c91-8e8c-7e9707bb3d63@group-8F9F2E4B3202->6a374731-cae4-4078-a303-24268fd38917-AppendLogResponseHandler: Failed appendEntries: org.apache.ratis.thirdparty.io.grpc.StatusRuntimeException: UNAVAILABLE: io exception
2019-09-29 06:08:00,100 [grpc-default-executor-9] INFO  impl.FollowerInfo (FollowerInfo.java:lambda$new$0(51)) - e32827da-fefa-4c91-8e8c-7e9707bb3d63@group-8F9F2E4B3202->6a374731-cae4-4078-a303-24268fd38917: nextIndex: updateUnconditionally 5 -> 4
2019-09-29 06:08:00,274 [ForkJoinPool.commonPool-worker-1] INFO  ozoneimpl.OzoneContainer (OzoneContainer.java:stop(231)) - Attempting to stop container services.
2019-09-29 06:08:00,274 [ForkJoinPool.commonPool-worker-1] INFO  impl.RaftServerProxy (RaftServerProxy.java:lambda$close$4(314)) - eb230cd1-3410-4a2d-b462-9a03cd2a50d5: close
2019-09-29 06:08:00,274 [ForkJoinPool.commonPool-worker-1] INFO  impl.RaftServerImpl (RaftServerImpl.java:lambda$shutdown$3(251)) - eb230cd1-3410-4a2d-b462-9a03cd2a50d5@group-65B983C014FC: shutdown
2019-09-29 06:08:00,275 [ForkJoinPool.commonPool-worker-1] INFO  util.JmxRegister (JmxRegister.java:unregister(73)) - Successfully un-registered JMX Bean with object name Ratis:service=RaftServer,group=group-65B983C014FC,id=eb230cd1-3410-4a2d-b462-9a03cd2a50d5
2019-09-29 06:08:00,275 [ForkJoinPool.commonPool-worker-1] INFO  impl.RoleInfo (RoleInfo.java:shutdownFollowerState(121)) - eb230cd1-3410-4a2d-b462-9a03cd2a50d5: shutdown FollowerState
2019-09-29 06:08:00,275 [ForkJoinPool.commonPool-worker-1] INFO  impl.StateMachineUpdater (StateMachineUpdater.java:stopAndJoin(125)) - eb230cd1-3410-4a2d-b462-9a03cd2a50d5@group-65B983C014FC-StateMachineUpdater: set stopIndex = 6
2019-09-29 06:08:00,275 [Thread-4511] INFO  impl.FollowerState (FollowerState.java:run(115)) - eb230cd1-3410-4a2d-b462-9a03cd2a50d5: FollowerState was interrupted: java.lang.InterruptedException: sleep interrupted
2019-09-29 06:08:00,275 [eb230cd1-3410-4a2d-b462-9a03cd2a50d5@group-65B983C014FC-StateMachineUpdater] INFO  ratis.ContainerStateMachine (ContainerStateMachine.java:takeSnapshot(289)) - group-65B983C014FC: Taking a snapshot at:(t:1, i:6) file /workdir/hadoop-ozone/integration-test/target/test-dir/MiniOzoneClusterImpl-c65cf843-44d5-454c-a5bf-f4b8d0178419/datanode-2/data/ratis/797b3b44-3a21-4892-8512-65b983c014fc/sm/snapshot.1_6
2019-09-29 06:08:00,286 [main] INFO  ozoneimpl.OzoneContainer (OzoneContainer.java:stop(231)) - Attempting to stop container services.
2019-09-29 06:08:00,286 [main] INFO  impl.RaftServerProxy (RaftServerProxy.java:lambda$close$4(314)) - e32827da-fefa-4c91-8e8c-7e9707bb3d63: close
2019-09-29 06:08:00,287 [main] INFO  impl.RaftServerImpl (RaftServerImpl.java:lambda$shutdown$3(251)) - e32827da-fefa-4c91-8e8c-7e9707bb3d63@group-8F9F2E4B3202: shutdown
2019-09-29 06:08:00,287 [main] INFO  util.JmxRegister (JmxRegister.java:unregister(73)) - Successfully un-registered JMX Bean with object name Ratis:service=RaftServer,group=group-8F9F2E4B3202,id=e32827da-fefa-4c91-8e8c-7e9707bb3d63
2019-09-29 06:08:00,287 [main] INFO  impl.RoleInfo (RoleInfo.java:shutdownLeaderState(104)) - e32827da-fefa-4c91-8e8c-7e9707bb3d63: shutdown LeaderState
2019-09-29 06:08:00,305 [org.apache.ratis.server.impl.LogAppender$AppenderDaemon$$Lambda$488/1224020253@7900e06f] WARN  server.GrpcLogAppender (GrpcLogAppender.java:mayWait(143)) - e32827da-fefa-4c91-8e8c-7e9707bb3d63@group-8F9F2E4B3202->6a374731-cae4-4078-a303-24268fd38917-GrpcLogAppender: Wait interrupted by java.lang.InterruptedException
2019-09-29 06:08:00,305 [main] INFO  impl.PendingRequests (PendingRequests.java:sendNotLeaderResponses(202)) - e32827da-fefa-4c91-8e8c-7e9707bb3d63-PendingRequests: sendNotLeaderResponses
2019-09-29 06:08:00,305 [org.apache.ratis.server.impl.LogAppender$AppenderDaemon$$Lambda$488/1224020253@58bc2dc1] WARN  server.GrpcLogAppender (GrpcLogAppender.java:mayWait(143)) - e32827da-fefa-4c91-8e8c-7e9707bb3d63@group-8F9F2E4B3202->24090ede-3c03-4fff-9b4f-9beb681f64a5-GrpcLogAppender: Wait interrupted by java.lang.InterruptedException
2019-09-29 06:08:00,305 [eb230cd1-3410-4a2d-b462-9a03cd2a50d5@group-65B983C014FC-StateMachineUpdater] INFO  ratis.ContainerStateMachine (ContainerStateMachine.java:takeSnapshot(300)) - group-65B983C014FC: Finished taking a snapshot at:(t:1, i:6) file:/workdir/hadoop-ozone/integration-test/target/test-dir/MiniOzoneClusterImpl-c65cf843-44d5-454c-a5bf-f4b8d0178419/datanode-2/data/ratis/797b3b44-3a21-4892-8512-65b983c014fc/sm/snapshot.1_6 time:30
2019-09-29 06:08:00,308 [main] INFO  impl.StateMachineUpdater (StateMachineUpdater.java:stopAndJoin(125)) - e32827da-fefa-4c91-8e8c-7e9707bb3d63@group-8F9F2E4B3202-StateMachineUpdater: set stopIndex = 6
2019-09-29 06:08:00,308 [e32827da-fefa-4c91-8e8c-7e9707bb3d63@group-8F9F2E4B3202-StateMachineUpdater] INFO  ratis.ContainerStateMachine (ContainerStateMachine.java:takeSnapshot(289)) - group-8F9F2E4B3202: Taking a snapshot at:(t:1, i:6) file /workdir/hadoop-ozone/integration-test/target/test-dir/MiniOzoneClusterImpl-c65cf843-44d5-454c-a5bf-f4b8d0178419/datanode-3/data/ratis/89e6b6cf-9af0-446e-9293-8f9f2e4b3202/sm/snapshot.1_6
2019-09-29 06:08:00,308 [eb230cd1-3410-4a2d-b462-9a03cd2a50d5@group-65B983C014FC-StateMachineUpdater] INFO  impl.StateMachineUpdater (StateMachineUpdater.java:takeSnapshot(258)) - eb230cd1-3410-4a2d-b462-9a03cd2a50d5@group-65B983C014FC-StateMachineUpdater: Took a snapshot at index 6
2019-09-29 06:08:00,309 [grpc-default-executor-9] INFO  server.GrpcServerProtocolService (GrpcServerProtocolService.java:onCompleted(113)) - 24090ede-3c03-4fff-9b4f-9beb681f64a5: Completed APPEND_ENTRIES, lastRequest: e32827da-fefa-4c91-8e8c-7e9707bb3d63->24090ede-3c03-4fff-9b4f-9beb681f64a5#11-t1, previous=(t:1, i:6), leaderCommit=6, initializing? false, entries: <empty>
2019-09-29 06:08:00,309 [eb230cd1-3410-4a2d-b462-9a03cd2a50d5@group-65B983C014FC-StateMachineUpdater] INFO  impl.StateMachineUpdater (StateMachineUpdater.java:lambda$new$0(83)) - eb230cd1-3410-4a2d-b462-9a03cd2a50d5@group-65B983C014FC-StateMachineUpdater: snapshotIndex: updateIncreasingly -1 -> 6
2019-09-29 06:08:00,309 [grpc-default-executor-1] INFO  server.GrpcLogAppender (GrpcLogAppender.java:onCompleted(293)) - e32827da-fefa-4c91-8e8c-7e9707bb3d63@group-8F9F2E4B3202->24090ede-3c03-4fff-9b4f-9beb681f64a5-AppendLogResponseHandler: follower responses appendEntries COMPLETED
2019-09-29 06:08:00,309 [ForkJoinPool.commonPool-worker-1] INFO  impl.RaftServerImpl (ServerState.java:close(385)) - eb230cd1-3410-4a2d-b462-9a03cd2a50d5@group-65B983C014FC: closes. applyIndex: 6
2019-09-29 06:08:00,310 [grpc-default-executor-1] INFO  impl.FollowerInfo (FollowerInfo.java:lambda$new$0(51)) - e32827da-fefa-4c91-8e8c-7e9707bb3d63@group-8F9F2E4B3202->24090ede-3c03-4fff-9b4f-9beb681f64a5: nextIndex: updateUnconditionally 7 -> 6
2019-09-29 06:08:00,310 [eb230cd1-3410-4a2d-b462-9a03cd2a50d5@group-65B983C014FC-SegmentedRaftLogWorker] INFO  segmented.SegmentedRaftLogWorker (SegmentedRaftLogWorker.java:run(313)) - eb230cd1-3410-4a2d-b462-9a03cd2a50d5@group-65B983C014FC-SegmentedRaftLogWorker was interrupted, exiting. There are 0 tasks remaining in the queue.
2019-09-29 06:08:00,312 [ForkJoinPool.commonPool-worker-1] INFO  segmented.SegmentedRaftLogWorker (SegmentedRaftLogWorker.java:close(228)) - eb230cd1-3410-4a2d-b462-9a03cd2a50d5@group-65B983C014FC-SegmentedRaftLogWorker close()
2019-09-29 06:08:00,317 [ForkJoinPool.commonPool-worker-1] INFO  impl.RaftServerImpl (RaftServerImpl.java:lambda$shutdown$3(251)) - eb230cd1-3410-4a2d-b462-9a03cd2a50d5@group-5587530BF203: shutdown
2019-09-29 06:08:00,317 [ForkJoinPool.commonPool-worker-1] INFO  util.JmxRegister (JmxRegister.java:unregister(73)) - Successfully un-registered JMX Bean with object name Ratis:service=RaftServer,group=group-5587530BF203,id=eb230cd1-3410-4a2d-b462-9a03cd2a50d5
2019-09-29 06:08:00,318 [ForkJoinPool.commonPool-worker-1] INFO  impl.RoleInfo (RoleInfo.java:shutdownLeaderState(104)) - eb230cd1-3410-4a2d-b462-9a03cd2a50d5: shutdown LeaderState
2019-09-29 06:08:00,318 [ForkJoinPool.commonPool-worker-1] INFO  impl.PendingRequests (PendingRequests.java:sendNotLeaderResponses(202)) - eb230cd1-3410-4a2d-b462-9a03cd2a50d5-PendingRequests: sendNotLeaderResponses
2019-09-29 06:08:00,318 [ForkJoinPool.commonPool-worker-1] INFO  impl.StateMachineUpdater (StateMachineUpdater.java:stopAndJoin(125)) - eb230cd1-3410-4a2d-b462-9a03cd2a50d5@group-5587530BF203-StateMachineUpdater: set stopIndex = 0
2019-09-29 06:08:00,319 [ForkJoinPool.commonPool-worker-1] INFO  impl.RaftServerImpl (ServerState.java:close(385)) - eb230cd1-3410-4a2d-b462-9a03cd2a50d5@group-5587530BF203: closes. applyIndex: 0
2019-09-29 06:08:00,319 [eb230cd1-3410-4a2d-b462-9a03cd2a50d5@group-5587530BF203-SegmentedRaftLogWorker] INFO  segmented.SegmentedRaftLogWorker (SegmentedRaftLogWorker.java:run(313)) - eb230cd1-3410-4a2d-b462-9a03cd2a50d5@group-5587530BF203-SegmentedRaftLogWorker was interrupted, exiting. There are 0 tasks remaining in the queue.
2019-09-29 06:08:00,321 [ForkJoinPool.commonPool-worker-1] INFO  segmented.SegmentedRaftLogWorker (SegmentedRaftLogWorker.java:close(228)) - eb230cd1-3410-4a2d-b462-9a03cd2a50d5@group-5587530BF203-SegmentedRaftLogWorker close()
2019-09-29 06:08:00,325 [ForkJoinPool.commonPool-worker-1] INFO  server.GrpcService (GrpcService.java:closeImpl(164)) - eb230cd1-3410-4a2d-b462-9a03cd2a50d5: shutdown server with port 36031 now
2019-09-29 06:08:00,325 [ForkJoinPool.commonPool-worker-1] INFO  server.GrpcService (GrpcService.java:closeImpl(172)) - eb230cd1-3410-4a2d-b462-9a03cd2a50d5: shutdown server with port 36031 successfully
2019-09-29 06:08:00,327 [refreshUsed-/workdir/hadoop-ozone/integration-test/target/test-dir/MiniOzoneClusterImpl-c65cf843-44d5-454c-a5bf-f4b8d0178419/datanode-2/data/containers] WARN  fs.CachingGetSpaceUsed (CachingGetSpaceUsed.java:run(183)) - Thread Interrupted waiting to refresh disk information: sleep interrupted
2019-09-29 06:08:00,339 [ForkJoinPool.commonPool-worker-1] INFO  utils.BackgroundService (BackgroundService.java:shutdown(148)) - Shutting down service BlockDeletingService
2019-09-29 06:08:00,344 [ForkJoinPool.commonPool-worker-1] INFO  statemachine.DatanodeStateMachine (DatanodeStateMachine.java:stopDaemon(395)) - Ozone container server stopped.
2019-09-29 06:08:00,350 [ForkJoinPool.commonPool-worker-1] INFO  handler.ContextHandler (ContextHandler.java:doStop(910)) - Stopped o.e.j.w.WebAppContext@7fac18dc{/,null,UNAVAILABLE}{/hddsDatanode}
2019-09-29 06:08:00,350 [e32827da-fefa-4c91-8e8c-7e9707bb3d63@group-8F9F2E4B3202-StateMachineUpdater] INFO  ratis.ContainerStateMachine (ContainerStateMachine.java:takeSnapshot(300)) - group-8F9F2E4B3202: Finished taking a snapshot at:(t:1, i:6) file:/workdir/hadoop-ozone/integration-test/target/test-dir/MiniOzoneClusterImpl-c65cf843-44d5-454c-a5bf-f4b8d0178419/datanode-3/data/ratis/89e6b6cf-9af0-446e-9293-8f9f2e4b3202/sm/snapshot.1_6 time:41
2019-09-29 06:08:00,350 [e32827da-fefa-4c91-8e8c-7e9707bb3d63@group-8F9F2E4B3202-StateMachineUpdater] INFO  impl.StateMachineUpdater (StateMachineUpdater.java:takeSnapshot(258)) - e32827da-fefa-4c91-8e8c-7e9707bb3d63@group-8F9F2E4B3202-StateMachineUpdater: Took a snapshot at index 6
2019-09-29 06:08:00,350 [e32827da-fefa-4c91-8e8c-7e9707bb3d63@group-8F9F2E4B3202-StateMachineUpdater] INFO  impl.StateMachineUpdater (StateMachineUpdater.java:lambda$new$0(83)) - e32827da-fefa-4c91-8e8c-7e9707bb3d63@group-8F9F2E4B3202-StateMachineUpdater: snapshotIndex: updateIncreasingly -1 -> 6
2019-09-29 06:08:00,350 [ForkJoinPool.commonPool-worker-1] INFO  server.AbstractConnector (AbstractConnector.java:doStop(318)) - Stopped ServerConnector@50bf795f{HTTP/1.1,[http/1.1]}{0.0.0.0:0}
2019-09-29 06:08:00,350 [main] INFO  impl.RaftServerImpl (ServerState.java:close(385)) - e32827da-fefa-4c91-8e8c-7e9707bb3d63@group-8F9F2E4B3202: closes. applyIndex: 6
2019-09-29 06:08:00,352 [ForkJoinPool.commonPool-worker-1] INFO  handler.ContextHandler (ContextHandler.java:doStop(910)) - Stopped o.e.j.s.ServletContextHandler@756c67cd{/static,jar:file:/home/user/.m2/repository/org/apache/hadoop/hadoop-hdds-container-service/0.5.0-SNAPSHOT/hadoop-hdds-container-service-0.5.0-SNAPSHOT.jar!/webapps/static,UNAVAILABLE}
2019-09-29 06:08:00,352 [e32827da-fefa-4c91-8e8c-7e9707bb3d63@group-8F9F2E4B3202-SegmentedRaftLogWorker] INFO  segmented.SegmentedRaftLogWorker (SegmentedRaftLogWorker.java:run(313)) - e32827da-fefa-4c91-8e8c-7e9707bb3d63@group-8F9F2E4B3202-SegmentedRaftLogWorker was interrupted, exiting. There are 0 tasks remaining in the queue.
2019-09-29 06:08:00,354 [ForkJoinPool.commonPool-worker-1] INFO  handler.ContextHandler (ContextHandler.java:doStop(910)) - Stopped o.e.j.s.ServletContextHandler@7de6549d{/logs,file:///workdir/hadoop-ozone/integration-test/target/log,UNAVAILABLE}
2019-09-29 06:08:00,356 [main] INFO  segmented.SegmentedRaftLogWorker (SegmentedRaftLogWorker.java:close(228)) - e32827da-fefa-4c91-8e8c-7e9707bb3d63@group-8F9F2E4B3202-SegmentedRaftLogWorker close()
2019-09-29 06:08:00,363 [main] INFO  impl.RaftServerImpl (RaftServerImpl.java:lambda$shutdown$3(251)) - e32827da-fefa-4c91-8e8c-7e9707bb3d63@group-3D1AA97FB64C: shutdown
2019-09-29 06:08:00,364 [main] INFO  util.JmxRegister (JmxRegister.java:unregister(73)) - Successfully un-registered JMX Bean with object name Ratis:service=RaftServer,group=group-3D1AA97FB64C,id=e32827da-fefa-4c91-8e8c-7e9707bb3d63
2019-09-29 06:08:00,364 [main] INFO  impl.RoleInfo (RoleInfo.java:shutdownLeaderState(104)) - e32827da-fefa-4c91-8e8c-7e9707bb3d63: shutdown LeaderState
2019-09-29 06:08:00,364 [main] INFO  impl.PendingRequests (PendingRequests.java:sendNotLeaderResponses(202)) - e32827da-fefa-4c91-8e8c-7e9707bb3d63-PendingRequests: sendNotLeaderResponses
2019-09-29 06:08:00,365 [main] INFO  impl.StateMachineUpdater (StateMachineUpdater.java:stopAndJoin(125)) - e32827da-fefa-4c91-8e8c-7e9707bb3d63@group-3D1AA97FB64C-StateMachineUpdater: set stopIndex = 0
2019-09-29 06:08:00,365 [main] INFO  impl.RaftServerImpl (ServerState.java:close(385)) - e32827da-fefa-4c91-8e8c-7e9707bb3d63@group-3D1AA97FB64C: closes. applyIndex: 0
2019-09-29 06:08:00,366 [e32827da-fefa-4c91-8e8c-7e9707bb3d63@group-3D1AA97FB64C-SegmentedRaftLogWorker] INFO  segmented.SegmentedRaftLogWorker (SegmentedRaftLogWorker.java:run(313)) - e32827da-fefa-4c91-8e8c-7e9707bb3d63@group-3D1AA97FB64C-SegmentedRaftLogWorker was interrupted, exiting. There are 0 tasks remaining in the queue.
2019-09-29 06:08:00,367 [main] INFO  segmented.SegmentedRaftLogWorker (SegmentedRaftLogWorker.java:close(228)) - e32827da-fefa-4c91-8e8c-7e9707bb3d63@group-3D1AA97FB64C-SegmentedRaftLogWorker close()
2019-09-29 06:08:00,369 [main] INFO  server.GrpcService (GrpcService.java:closeImpl(164)) - e32827da-fefa-4c91-8e8c-7e9707bb3d63: shutdown server with port 39603 now
2019-09-29 06:08:00,369 [main] INFO  server.GrpcService (GrpcService.java:closeImpl(172)) - e32827da-fefa-4c91-8e8c-7e9707bb3d63: shutdown server with port 39603 successfully
2019-09-29 06:08:00,371 [refreshUsed-/workdir/hadoop-ozone/integration-test/target/test-dir/MiniOzoneClusterImpl-c65cf843-44d5-454c-a5bf-f4b8d0178419/datanode-3/data/containers] WARN  fs.CachingGetSpaceUsed (CachingGetSpaceUsed.java:run(183)) - Thread Interrupted waiting to refresh disk information: sleep interrupted
2019-09-29 06:08:00,383 [main] INFO  utils.BackgroundService (BackgroundService.java:shutdown(148)) - Shutting down service BlockDeletingService
2019-09-29 06:08:00,388 [main] INFO  statemachine.DatanodeStateMachine (DatanodeStateMachine.java:stopDaemon(395)) - Ozone container server stopped.
2019-09-29 06:08:00,398 [main] INFO  handler.ContextHandler (ContextHandler.java:doStop(910)) - Stopped o.e.j.w.WebAppContext@47be41c6{/,null,UNAVAILABLE}{/hddsDatanode}
2019-09-29 06:08:00,398 [main] INFO  server.AbstractConnector (AbstractConnector.java:doStop(318)) - Stopped ServerConnector@608b35fa{HTTP/1.1,[http/1.1]}{0.0.0.0:0}
2019-09-29 06:08:00,399 [main] INFO  handler.ContextHandler (ContextHandler.java:doStop(910)) - Stopped o.e.j.s.ServletContextHandler@74764622{/static,jar:file:/home/user/.m2/repository/org/apache/hadoop/hadoop-hdds-container-service/0.5.0-SNAPSHOT/hadoop-hdds-container-service-0.5.0-SNAPSHOT.jar!/webapps/static,UNAVAILABLE}
2019-09-29 06:08:00,399 [main] INFO  handler.ContextHandler (ContextHandler.java:doStop(910)) - Stopped o.e.j.s.ServletContextHandler@733fae8{/logs,file:///workdir/hadoop-ozone/integration-test/target/log,UNAVAILABLE}
2019-09-29 06:08:00,825 [Datanode State Machine Thread - 0] INFO  statemachine.DatanodeStateMachine (DatanodeStateMachine.java:lambda$startDaemon$0(350)) - Ozone container server started.
2019-09-29 06:08:01,333 [Datanode State Machine Thread - 0] INFO  statemachine.DatanodeStateMachine (DatanodeStateMachine.java:lambda$startDaemon$0(350)) - Ozone container server started.
2019-09-29 06:08:02,470 [Thread-4507] INFO  impl.FollowerState (FollowerState.java:run(106)) - 155afd32-7b7a-4b1a-9daa-13d05cf6a825:group-65B983C014FC changes to CANDIDATE, lastRpcTime:9589, electionTimeout:5144ms
2019-09-29 06:08:02,470 [Thread-4507] INFO  impl.RoleInfo (RoleInfo.java:shutdownFollowerState(121)) - 155afd32-7b7a-4b1a-9daa-13d05cf6a825: shutdown FollowerState
2019-09-29 06:08:02,470 [Thread-4507] INFO  impl.RaftServerImpl (RaftServerImpl.java:setRole(174)) - 155afd32-7b7a-4b1a-9daa-13d05cf6a825@group-65B983C014FC: changes role from  FOLLOWER to CANDIDATE at term 1 for changeToCandidate
2019-09-29 06:08:02,470 [Thread-4507] INFO  impl.RoleInfo (RoleInfo.java:updateAndGet(143)) - 155afd32-7b7a-4b1a-9daa-13d05cf6a825: start LeaderElection
2019-09-29 06:08:02,475 [155afd32-7b7a-4b1a-9daa-13d05cf6a825@group-65B983C014FC:LeaderElection120] INFO  impl.RaftServerImpl (ServerState.java:setLeader(253)) - 155afd32-7b7a-4b1a-9daa-13d05cf6a825@group-65B983C014FC: change Leader from 4e029b57-ef99-4eb3-a202-8445721934be to null at term 1 for initElection
2019-09-29 06:08:02,498 [155afd32-7b7a-4b1a-9daa-13d05cf6a825@group-65B983C014FC:LeaderElection120] INFO  impl.LeaderElection (LeaderElection.java:askForVotes(182)) - 155afd32-7b7a-4b1a-9daa-13d05cf6a825@group-65B983C014FC:LeaderElection120: begin an election at term 2 for 0: [4e029b57-ef99-4eb3-a202-8445721934be:192.168.151.83:34101, 155afd32-7b7a-4b1a-9daa-13d05cf6a825:192.168.151.83:41995, eb230cd1-3410-4a2d-b462-9a03cd2a50d5:192.168.151.83:36031], old=null
2019-09-29 06:08:02,502 [155afd32-7b7a-4b1a-9daa-13d05cf6a825@group-65B983C014FC:LeaderElection120] INFO  impl.LeaderElection (LogUtils.java:infoOrTrace(149)) - 155afd32-7b7a-4b1a-9daa-13d05cf6a825@group-65B983C014FC:LeaderElection120 got exception when requesting votes: {}
java.util.concurrent.ExecutionException: org.apache.ratis.thirdparty.io.grpc.StatusRuntimeException: UNAVAILABLE: io exception
	at java.util.concurrent.FutureTask.report(FutureTask.java:122)
	at java.util.concurrent.FutureTask.get(FutureTask.java:192)
	at org.apache.ratis.server.impl.LeaderElection.waitForResults(LeaderElection.java:263)
	at org.apache.ratis.server.impl.LeaderElection.askForVotes(LeaderElection.java:201)
	at org.apache.ratis.server.impl.LeaderElection.run(LeaderElection.java:133)
	at java.lang.Thread.run(Thread.java:748)
Caused by: org.apache.ratis.thirdparty.io.grpc.StatusRuntimeException: UNAVAILABLE: io exception
	at org.apache.ratis.thirdparty.io.grpc.stub.ClientCalls.toStatusRuntimeException(ClientCalls.java:233)
	at org.apache.ratis.thirdparty.io.grpc.stub.ClientCalls.getUnchecked(ClientCalls.java:214)
	at org.apache.ratis.thirdparty.io.grpc.stub.ClientCalls.blockingUnaryCall(ClientCalls.java:139)
	at org.apache.ratis.proto.grpc.RaftServerProtocolServiceGrpc$RaftServerProtocolServiceBlockingStub.requestVote(RaftServerProtocolServiceGrpc.java:265)
	at org.apache.ratis.grpc.server.GrpcServerProtocolClient.requestVote(GrpcServerProtocolClient.java:90)
	at org.apache.ratis.grpc.server.GrpcService.requestVote(GrpcService.java:204)
	at org.apache.ratis.server.impl.LeaderElection.lambda$submitRequests$1(LeaderElection.java:238)
	at java.util.concurrent.FutureTask.run(FutureTask.java:266)
	at java.util.concurrent.Executors$RunnableAdapter.call(Executors.java:511)
	at java.util.concurrent.FutureTask.run(FutureTask.java:266)
	at java.util.concurrent.ThreadPoolExecutor.runWorker(ThreadPoolExecutor.java:1149)
	at java.util.concurrent.ThreadPoolExecutor$Worker.run(ThreadPoolExecutor.java:624)
	... 1 more
Caused by: org.apache.ratis.thirdparty.io.netty.channel.AbstractChannel$AnnotatedConnectException: Connection refused: /192.168.151.83:36031
	at sun.nio.ch.SocketChannelImpl.checkConnect(Native Method)
	at sun.nio.ch.SocketChannelImpl.finishConnect(SocketChannelImpl.java:717)
	at org.apache.ratis.thirdparty.io.netty.channel.socket.nio.NioSocketChannel.doFinishConnect(NioSocketChannel.java:327)
	at org.apache.ratis.thirdparty.io.netty.channel.nio.AbstractNioChannel$AbstractNioUnsafe.finishConnect(AbstractNioChannel.java:340)
	at org.apache.ratis.thirdparty.io.netty.channel.nio.NioEventLoop.processSelectedKey(NioEventLoop.java:632)
	at org.apache.ratis.thirdparty.io.netty.channel.nio.NioEventLoop.processSelectedKeysOptimized(NioEventLoop.java:579)
	at org.apache.ratis.thirdparty.io.netty.channel.nio.NioEventLoop.processSelectedKeys(NioEventLoop.java:496)
	at org.apache.ratis.thirdparty.io.netty.channel.nio.NioEventLoop.run(NioEventLoop.java:458)
	at org.apache.ratis.thirdparty.io.netty.util.concurrent.SingleThreadEventExecutor$5.run(SingleThreadEventExecutor.java:897)
	at org.apache.ratis.thirdparty.io.netty.util.concurrent.FastThreadLocalRunnable.run(FastThreadLocalRunnable.java:30)
	... 1 more
Caused by: java.net.ConnectException: Connection refused
	... 11 more
2019-09-29 06:08:02,505 [155afd32-7b7a-4b1a-9daa-13d05cf6a825@group-65B983C014FC:LeaderElection120] INFO  impl.LeaderElection (LogUtils.java:infoOrTrace(149)) - 155afd32-7b7a-4b1a-9daa-13d05cf6a825@group-65B983C014FC:LeaderElection120 got exception when requesting votes: {}
java.util.concurrent.ExecutionException: org.apache.ratis.thirdparty.io.grpc.StatusRuntimeException: UNAVAILABLE: io exception
	at java.util.concurrent.FutureTask.report(FutureTask.java:122)
	at java.util.concurrent.FutureTask.get(FutureTask.java:192)
	at org.apache.ratis.server.impl.LeaderElection.waitForResults(LeaderElection.java:263)
	at org.apache.ratis.server.impl.LeaderElection.askForVotes(LeaderElection.java:201)
	at org.apache.ratis.server.impl.LeaderElection.run(LeaderElection.java:133)
	at java.lang.Thread.run(Thread.java:748)
Caused by: org.apache.ratis.thirdparty.io.grpc.StatusRuntimeException: UNAVAILABLE: io exception
	at org.apache.ratis.thirdparty.io.grpc.stub.ClientCalls.toStatusRuntimeException(ClientCalls.java:233)
	at org.apache.ratis.thirdparty.io.grpc.stub.ClientCalls.getUnchecked(ClientCalls.java:214)
	at org.apache.ratis.thirdparty.io.grpc.stub.ClientCalls.blockingUnaryCall(ClientCalls.java:139)
	at org.apache.ratis.proto.grpc.RaftServerProtocolServiceGrpc$RaftServerProtocolServiceBlockingStub.requestVote(RaftServerProtocolServiceGrpc.java:265)
	at org.apache.ratis.grpc.server.GrpcServerProtocolClient.requestVote(GrpcServerProtocolClient.java:90)
	at org.apache.ratis.grpc.server.GrpcService.requestVote(GrpcService.java:204)
	at org.apache.ratis.server.impl.LeaderElection.lambda$submitRequests$1(LeaderElection.java:238)
	at java.util.concurrent.FutureTask.run(FutureTask.java:266)
	at java.util.concurrent.Executors$RunnableAdapter.call(Executors.java:511)
	at java.util.concurrent.FutureTask.run(FutureTask.java:266)
	at java.util.concurrent.ThreadPoolExecutor.runWorker(ThreadPoolExecutor.java:1149)
	at java.util.concurrent.ThreadPoolExecutor$Worker.run(ThreadPoolExecutor.java:624)
	... 1 more
Caused by: org.apache.ratis.thirdparty.io.netty.channel.AbstractChannel$AnnotatedConnectException: Connection refused: /192.168.151.83:34101
	at sun.nio.ch.SocketChannelImpl.checkConnect(Native Method)
	at sun.nio.ch.SocketChannelImpl.finishConnect(SocketChannelImpl.java:717)
	at org.apache.ratis.thirdparty.io.netty.channel.socket.nio.NioSocketChannel.doFinishConnect(NioSocketChannel.java:327)
	at org.apache.ratis.thirdparty.io.netty.channel.nio.AbstractNioChannel$AbstractNioUnsafe.finishConnect(AbstractNioChannel.java:340)
	at org.apache.ratis.thirdparty.io.netty.channel.nio.NioEventLoop.processSelectedKey(NioEventLoop.java:632)
	at org.apache.ratis.thirdparty.io.netty.channel.nio.NioEventLoop.processSelectedKeysOptimized(NioEventLoop.java:579)
	at org.apache.ratis.thirdparty.io.netty.channel.nio.NioEventLoop.processSelectedKeys(NioEventLoop.java:496)
	at org.apache.ratis.thirdparty.io.netty.channel.nio.NioEventLoop.run(NioEventLoop.java:458)
	at org.apache.ratis.thirdparty.io.netty.util.concurrent.SingleThreadEventExecutor$5.run(SingleThreadEventExecutor.java:897)
	at org.apache.ratis.thirdparty.io.netty.util.concurrent.FastThreadLocalRunnable.run(FastThreadLocalRunnable.java:30)
	... 1 more
Caused by: java.net.ConnectException: Connection refused
	... 11 more
2019-09-29 06:08:02,508 [155afd32-7b7a-4b1a-9daa-13d05cf6a825@group-65B983C014FC:LeaderElection120] INFO  impl.LeaderElection (LeaderElection.java:logAndReturn(56)) - 155afd32-7b7a-4b1a-9daa-13d05cf6a825@group-65B983C014FC:LeaderElection120: Election REJECTED; received 0 response(s) [] and 2 exception(s); 155afd32-7b7a-4b1a-9daa-13d05cf6a825@group-65B983C014FC:t2, leader=null, voted=155afd32-7b7a-4b1a-9daa-13d05cf6a825, raftlog=155afd32-7b7a-4b1a-9daa-13d05cf6a825@group-65B983C014FC-SegmentedRaftLog:OPENED:c6,f6,i6, conf=0: [4e029b57-ef99-4eb3-a202-8445721934be:192.168.151.83:34101, 155afd32-7b7a-4b1a-9daa-13d05cf6a825:192.168.151.83:41995, eb230cd1-3410-4a2d-b462-9a03cd2a50d5:192.168.151.83:36031], old=null
2019-09-29 06:08:02,508 [155afd32-7b7a-4b1a-9daa-13d05cf6a825@group-65B983C014FC:LeaderElection120] INFO  impl.LeaderElection (LogUtils.java:infoOrTrace(149)) -   Exception 0: {}
java.util.concurrent.ExecutionException: org.apache.ratis.thirdparty.io.grpc.StatusRuntimeException: UNAVAILABLE: io exception
	at java.util.concurrent.FutureTask.report(FutureTask.java:122)
	at java.util.concurrent.FutureTask.get(FutureTask.java:192)
	at org.apache.ratis.server.impl.LeaderElection.waitForResults(LeaderElection.java:263)
	at org.apache.ratis.server.impl.LeaderElection.askForVotes(LeaderElection.java:201)
	at org.apache.ratis.server.impl.LeaderElection.run(LeaderElection.java:133)
	at java.lang.Thread.run(Thread.java:748)
Caused by: org.apache.ratis.thirdparty.io.grpc.StatusRuntimeException: UNAVAILABLE: io exception
	at org.apache.ratis.thirdparty.io.grpc.stub.ClientCalls.toStatusRuntimeException(ClientCalls.java:233)
	at org.apache.ratis.thirdparty.io.grpc.stub.ClientCalls.getUnchecked(ClientCalls.java:214)
	at org.apache.ratis.thirdparty.io.grpc.stub.ClientCalls.blockingUnaryCall(ClientCalls.java:139)
	at org.apache.ratis.proto.grpc.RaftServerProtocolServiceGrpc$RaftServerProtocolServiceBlockingStub.requestVote(RaftServerProtocolServiceGrpc.java:265)
	at org.apache.ratis.grpc.server.GrpcServerProtocolClient.requestVote(GrpcServerProtocolClient.java:90)
	at org.apache.ratis.grpc.server.GrpcService.requestVote(GrpcService.java:204)
	at org.apache.ratis.server.impl.LeaderElection.lambda$submitRequests$1(LeaderElection.java:238)
	at java.util.concurrent.FutureTask.run(FutureTask.java:266)
	at java.util.concurrent.Executors$RunnableAdapter.call(Executors.java:511)
	at java.util.concurrent.FutureTask.run(FutureTask.java:266)
	at java.util.concurrent.ThreadPoolExecutor.runWorker(ThreadPoolExecutor.java:1149)
	at java.util.concurrent.ThreadPoolExecutor$Worker.run(ThreadPoolExecutor.java:624)
	... 1 more
Caused by: org.apache.ratis.thirdparty.io.netty.channel.AbstractChannel$AnnotatedConnectException: Connection refused: /192.168.151.83:36031
	at sun.nio.ch.SocketChannelImpl.checkConnect(Native Method)
	at sun.nio.ch.SocketChannelImpl.finishConnect(SocketChannelImpl.java:717)
	at org.apache.ratis.thirdparty.io.netty.channel.socket.nio.NioSocketChannel.doFinishConnect(NioSocketChannel.java:327)
	at org.apache.ratis.thirdparty.io.netty.channel.nio.AbstractNioChannel$AbstractNioUnsafe.finishConnect(AbstractNioChannel.java:340)
	at org.apache.ratis.thirdparty.io.netty.channel.nio.NioEventLoop.processSelectedKey(NioEventLoop.java:632)
	at org.apache.ratis.thirdparty.io.netty.channel.nio.NioEventLoop.processSelectedKeysOptimized(NioEventLoop.java:579)
	at org.apache.ratis.thirdparty.io.netty.channel.nio.NioEventLoop.processSelectedKeys(NioEventLoop.java:496)
	at org.apache.ratis.thirdparty.io.netty.channel.nio.NioEventLoop.run(NioEventLoop.java:458)
	at org.apache.ratis.thirdparty.io.netty.util.concurrent.SingleThreadEventExecutor$5.run(SingleThreadEventExecutor.java:897)
	at org.apache.ratis.thirdparty.io.netty.util.concurrent.FastThreadLocalRunnable.run(FastThreadLocalRunnable.java:30)
	... 1 more
Caused by: java.net.ConnectException: Connection refused
	... 11 more
2019-09-29 06:08:02,508 [155afd32-7b7a-4b1a-9daa-13d05cf6a825@group-65B983C014FC:LeaderElection120] INFO  impl.LeaderElection (LogUtils.java:infoOrTrace(149)) -   Exception 1: {}
java.util.concurrent.ExecutionException: org.apache.ratis.thirdparty.io.grpc.StatusRuntimeException: UNAVAILABLE: io exception
	at java.util.concurrent.FutureTask.report(FutureTask.java:122)
	at java.util.concurrent.FutureTask.get(FutureTask.java:192)
	at org.apache.ratis.server.impl.LeaderElection.waitForResults(LeaderElection.java:263)
	at org.apache.ratis.server.impl.LeaderElection.askForVotes(LeaderElection.java:201)
	at org.apache.ratis.server.impl.LeaderElection.run(LeaderElection.java:133)
	at java.lang.Thread.run(Thread.java:748)
Caused by: org.apache.ratis.thirdparty.io.grpc.StatusRuntimeException: UNAVAILABLE: io exception
	at org.apache.ratis.thirdparty.io.grpc.stub.ClientCalls.toStatusRuntimeException(ClientCalls.java:233)
	at org.apache.ratis.thirdparty.io.grpc.stub.ClientCalls.getUnchecked(ClientCalls.java:214)
	at org.apache.ratis.thirdparty.io.grpc.stub.ClientCalls.blockingUnaryCall(ClientCalls.java:139)
	at org.apache.ratis.proto.grpc.RaftServerProtocolServiceGrpc$RaftServerProtocolServiceBlockingStub.requestVote(RaftServerProtocolServiceGrpc.java:265)
	at org.apache.ratis.grpc.server.GrpcServerProtocolClient.requestVote(GrpcServerProtocolClient.java:90)
	at org.apache.ratis.grpc.server.GrpcService.requestVote(GrpcService.java:204)
	at org.apache.ratis.server.impl.LeaderElection.lambda$submitRequests$1(LeaderElection.java:238)
	at java.util.concurrent.FutureTask.run(FutureTask.java:266)
	at java.util.concurrent.Executors$RunnableAdapter.call(Executors.java:511)
	at java.util.concurrent.FutureTask.run(FutureTask.java:266)
	at java.util.concurrent.ThreadPoolExecutor.runWorker(ThreadPoolExecutor.java:1149)
	at java.util.concurrent.ThreadPoolExecutor$Worker.run(ThreadPoolExecutor.java:624)
	... 1 more
Caused by: org.apache.ratis.thirdparty.io.netty.channel.AbstractChannel$AnnotatedConnectException: Connection refused: /192.168.151.83:34101
	at sun.nio.ch.SocketChannelImpl.checkConnect(Native Method)
	at sun.nio.ch.SocketChannelImpl.finishConnect(SocketChannelImpl.java:717)
	at org.apache.ratis.thirdparty.io.netty.channel.socket.nio.NioSocketChannel.doFinishConnect(NioSocketChannel.java:327)
	at org.apache.ratis.thirdparty.io.netty.channel.nio.AbstractNioChannel$AbstractNioUnsafe.finishConnect(AbstractNioChannel.java:340)
	at org.apache.ratis.thirdparty.io.netty.channel.nio.NioEventLoop.processSelectedKey(NioEventLoop.java:632)
	at org.apache.ratis.thirdparty.io.netty.channel.nio.NioEventLoop.processSelectedKeysOptimized(NioEventLoop.java:579)
	at org.apache.ratis.thirdparty.io.netty.channel.nio.NioEventLoop.processSelectedKeys(NioEventLoop.java:496)
	at org.apache.ratis.thirdparty.io.netty.channel.nio.NioEventLoop.run(NioEventLoop.java:458)
	at org.apache.ratis.thirdparty.io.netty.util.concurrent.SingleThreadEventExecutor$5.run(SingleThreadEventExecutor.java:897)
	at org.apache.ratis.thirdparty.io.netty.util.concurrent.FastThreadLocalRunnable.run(FastThreadLocalRunnable.java:30)
	... 1 more
Caused by: java.net.ConnectException: Connection refused
	... 11 more
2019-09-29 06:08:02,508 [155afd32-7b7a-4b1a-9daa-13d05cf6a825@group-65B983C014FC:LeaderElection120] INFO  impl.RaftServerImpl (RaftServerImpl.java:setRole(174)) - 155afd32-7b7a-4b1a-9daa-13d05cf6a825@group-65B983C014FC: changes role from CANDIDATE to FOLLOWER at term 2 for DISCOVERED_A_NEW_TERM
2019-09-29 06:08:02,509 [155afd32-7b7a-4b1a-9daa-13d05cf6a825@group-65B983C014FC:LeaderElection120] INFO  impl.RoleInfo (RoleInfo.java:shutdownLeaderElection(134)) - 155afd32-7b7a-4b1a-9daa-13d05cf6a825: shutdown LeaderElection
2019-09-29 06:08:02,509 [155afd32-7b7a-4b1a-9daa-13d05cf6a825@group-65B983C014FC:LeaderElection120] INFO  impl.RoleInfo (RoleInfo.java:updateAndGet(143)) - 155afd32-7b7a-4b1a-9daa-13d05cf6a825: start FollowerState
2019-09-29 06:08:04,895 [EventQueue-StaleNodeForStaleNodeHandler] INFO  node.StaleNodeHandler (StaleNodeHandler.java:onMessage(58)) - Datanode 155afd32-7b7a-4b1a-9daa-13d05cf6a825{ip: 192.168.151.83, host: trunk-nightly-20190929-jf6dg-3667755588, networkLocation: /default-rack, certSerialId: null} moved to stale state. Finalizing its pipelines [PipelineID=7b9176ce-3191-4ddb-80c6-842f58b975b1, PipelineID=797b3b44-3a21-4892-8512-65b983c014fc]
2019-09-29 06:08:04,902 [EventQueue-StaleNodeForStaleNodeHandler] INFO  pipeline.SCMPipelineManager (SCMPipelineManager.java:finalizeAndDestroyPipeline(315)) - destroying pipeline:Pipeline[ Id: 7b9176ce-3191-4ddb-80c6-842f58b975b1, Nodes: 155afd32-7b7a-4b1a-9daa-13d05cf6a825{ip: 192.168.151.83, host: trunk-nightly-20190929-jf6dg-3667755588, networkLocation: /default-rack, certSerialId: null}, Type:RATIS, Factor:ONE, State:OPEN]
2019-09-29 06:08:04,903 [EventQueue-StaleNodeForStaleNodeHandler] INFO  pipeline.PipelineStateManager (PipelineStateManager.java:finalizePipeline(123)) - Pipeline Pipeline[ Id: 7b9176ce-3191-4ddb-80c6-842f58b975b1, Nodes: 155afd32-7b7a-4b1a-9daa-13d05cf6a825{ip: 192.168.151.83, host: trunk-nightly-20190929-jf6dg-3667755588, networkLocation: /default-rack, certSerialId: null}, Type:RATIS, Factor:ONE, State:CLOSED] moved to CLOSED state
2019-09-29 06:08:04,903 [EventQueue-StaleNodeForStaleNodeHandler] INFO  pipeline.SCMPipelineManager (SCMPipelineManager.java:finalizeAndDestroyPipeline(315)) - destroying pipeline:Pipeline[ Id: 797b3b44-3a21-4892-8512-65b983c014fc, Nodes: 155afd32-7b7a-4b1a-9daa-13d05cf6a825{ip: 192.168.151.83, host: trunk-nightly-20190929-jf6dg-3667755588, networkLocation: /default-rack, certSerialId: null}eb230cd1-3410-4a2d-b462-9a03cd2a50d5{ip: 192.168.151.83, host: trunk-nightly-20190929-jf6dg-3667755588, networkLocation: /default-rack, certSerialId: null}4e029b57-ef99-4eb3-a202-8445721934be{ip: 192.168.151.83, host: trunk-nightly-20190929-jf6dg-3667755588, networkLocation: /default-rack, certSerialId: null}, Type:RATIS, Factor:THREE, State:CLOSED]
2019-09-29 06:08:05,365 [ForkJoinPool.commonPool-worker-1] INFO  ozoneimpl.OzoneContainer (OzoneContainer.java:stop(231)) - Attempting to stop container services.
2019-09-29 06:08:05,366 [ForkJoinPool.commonPool-worker-1] INFO  impl.RaftServerProxy (RaftServerProxy.java:lambda$close$4(314)) - 155afd32-7b7a-4b1a-9daa-13d05cf6a825: close
2019-09-29 06:08:05,367 [ForkJoinPool.commonPool-worker-1] INFO  impl.RaftServerImpl (RaftServerImpl.java:lambda$shutdown$3(251)) - 155afd32-7b7a-4b1a-9daa-13d05cf6a825@group-842F58B975B1: shutdown
2019-09-29 06:08:05,367 [ForkJoinPool.commonPool-worker-1] INFO  util.JmxRegister (JmxRegister.java:unregister(73)) - Successfully un-registered JMX Bean with object name Ratis:service=RaftServer,group=group-842F58B975B1,id=155afd32-7b7a-4b1a-9daa-13d05cf6a825
2019-09-29 06:08:05,367 [ForkJoinPool.commonPool-worker-1] INFO  impl.RoleInfo (RoleInfo.java:shutdownLeaderState(104)) - 155afd32-7b7a-4b1a-9daa-13d05cf6a825: shutdown LeaderState
2019-09-29 06:08:05,368 [ForkJoinPool.commonPool-worker-1] INFO  impl.PendingRequests (PendingRequests.java:sendNotLeaderResponses(202)) - 155afd32-7b7a-4b1a-9daa-13d05cf6a825-PendingRequests: sendNotLeaderResponses
2019-09-29 06:08:05,369 [ForkJoinPool.commonPool-worker-1] INFO  impl.StateMachineUpdater (StateMachineUpdater.java:stopAndJoin(125)) - 155afd32-7b7a-4b1a-9daa-13d05cf6a825@group-842F58B975B1-StateMachineUpdater: set stopIndex = 0
2019-09-29 06:08:05,370 [ForkJoinPool.commonPool-worker-1] INFO  impl.RaftServerImpl (ServerState.java:close(385)) - 155afd32-7b7a-4b1a-9daa-13d05cf6a825@group-842F58B975B1: closes. applyIndex: 0
2019-09-29 06:08:05,371 [155afd32-7b7a-4b1a-9daa-13d05cf6a825@group-842F58B975B1-SegmentedRaftLogWorker] INFO  segmented.SegmentedRaftLogWorker (SegmentedRaftLogWorker.java:run(313)) - 155afd32-7b7a-4b1a-9daa-13d05cf6a825@group-842F58B975B1-SegmentedRaftLogWorker was interrupted, exiting. There are 0 tasks remaining in the queue.
2019-09-29 06:08:05,377 [ForkJoinPool.commonPool-worker-1] INFO  segmented.SegmentedRaftLogWorker (SegmentedRaftLogWorker.java:close(228)) - 155afd32-7b7a-4b1a-9daa-13d05cf6a825@group-842F58B975B1-SegmentedRaftLogWorker close()
2019-09-29 06:08:05,380 [ForkJoinPool.commonPool-worker-1] INFO  impl.RaftServerImpl (RaftServerImpl.java:lambda$shutdown$3(251)) - 155afd32-7b7a-4b1a-9daa-13d05cf6a825@group-65B983C014FC: shutdown
2019-09-29 06:08:05,380 [ForkJoinPool.commonPool-worker-1] INFO  util.JmxRegister (JmxRegister.java:unregister(73)) - Successfully un-registered JMX Bean with object name Ratis:service=RaftServer,group=group-65B983C014FC,id=155afd32-7b7a-4b1a-9daa-13d05cf6a825
2019-09-29 06:08:05,381 [ForkJoinPool.commonPool-worker-1] INFO  impl.RoleInfo (RoleInfo.java:shutdownFollowerState(121)) - 155afd32-7b7a-4b1a-9daa-13d05cf6a825: shutdown FollowerState
2019-09-29 06:08:05,381 [ForkJoinPool.commonPool-worker-1] INFO  impl.StateMachineUpdater (StateMachineUpdater.java:stopAndJoin(125)) - 155afd32-7b7a-4b1a-9daa-13d05cf6a825@group-65B983C014FC-StateMachineUpdater: set stopIndex = 6
2019-09-29 06:08:05,381 [Thread-4612] INFO  impl.FollowerState (FollowerState.java:run(115)) - 155afd32-7b7a-4b1a-9daa-13d05cf6a825: FollowerState was interrupted: java.lang.InterruptedException: sleep interrupted
2019-09-29 06:08:05,381 [155afd32-7b7a-4b1a-9daa-13d05cf6a825@group-65B983C014FC-StateMachineUpdater] INFO  ratis.ContainerStateMachine (ContainerStateMachine.java:takeSnapshot(289)) - group-65B983C014FC: Taking a snapshot at:(t:1, i:6) file /workdir/hadoop-ozone/integration-test/target/test-dir/MiniOzoneClusterImpl-c65cf843-44d5-454c-a5bf-f4b8d0178419/datanode-0/data/ratis/797b3b44-3a21-4892-8512-65b983c014fc/sm/snapshot.1_6
2019-09-29 06:08:05,395 [EventQueue-StaleNodeForStaleNodeHandler] INFO  node.StaleNodeHandler (StaleNodeHandler.java:onMessage(58)) - Datanode 227ddd0a-6d1c-4677-b85b-540243285816{ip: 192.168.151.83, host: trunk-nightly-20190929-jf6dg-3667755588, networkLocation: /default-rack, certSerialId: null} moved to stale state. Finalizing its pipelines [PipelineID=e4243ac9-c381-4078-b25d-6cadff541882]
2019-09-29 06:08:05,396 [EventQueue-StaleNodeForStaleNodeHandler] INFO  pipeline.SCMPipelineManager (SCMPipelineManager.java:finalizeAndDestroyPipeline(315)) - destroying pipeline:Pipeline[ Id: e4243ac9-c381-4078-b25d-6cadff541882, Nodes: 227ddd0a-6d1c-4677-b85b-540243285816{ip: 192.168.151.83, host: trunk-nightly-20190929-jf6dg-3667755588, networkLocation: /default-rack, certSerialId: null}, Type:RATIS, Factor:ONE, State:OPEN]
2019-09-29 06:08:05,396 [EventQueue-StaleNodeForStaleNodeHandler] INFO  pipeline.PipelineStateManager (PipelineStateManager.java:finalizePipeline(123)) - Pipeline Pipeline[ Id: e4243ac9-c381-4078-b25d-6cadff541882, Nodes: 227ddd0a-6d1c-4677-b85b-540243285816{ip: 192.168.151.83, host: trunk-nightly-20190929-jf6dg-3667755588, networkLocation: /default-rack, certSerialId: null}, Type:RATIS, Factor:ONE, State:CLOSED] moved to CLOSED state
2019-09-29 06:08:05,398 [155afd32-7b7a-4b1a-9daa-13d05cf6a825@group-65B983C014FC-StateMachineUpdater] INFO  ratis.ContainerStateMachine (ContainerStateMachine.java:takeSnapshot(300)) - group-65B983C014FC: Finished taking a snapshot at:(t:1, i:6) file:/workdir/hadoop-ozone/integration-test/target/test-dir/MiniOzoneClusterImpl-c65cf843-44d5-454c-a5bf-f4b8d0178419/datanode-0/data/ratis/797b3b44-3a21-4892-8512-65b983c014fc/sm/snapshot.1_6 time:17
2019-09-29 06:08:05,398 [155afd32-7b7a-4b1a-9daa-13d05cf6a825@group-65B983C014FC-StateMachineUpdater] INFO  impl.StateMachineUpdater (StateMachineUpdater.java:takeSnapshot(258)) - 155afd32-7b7a-4b1a-9daa-13d05cf6a825@group-65B983C014FC-StateMachineUpdater: Took a snapshot at index 6
2019-09-29 06:08:05,398 [155afd32-7b7a-4b1a-9daa-13d05cf6a825@group-65B983C014FC-StateMachineUpdater] INFO  impl.StateMachineUpdater (StateMachineUpdater.java:lambda$new$0(83)) - 155afd32-7b7a-4b1a-9daa-13d05cf6a825@group-65B983C014FC-StateMachineUpdater: snapshotIndex: updateIncreasingly -1 -> 6
2019-09-29 06:08:05,399 [ForkJoinPool.commonPool-worker-1] INFO  impl.RaftServerImpl (ServerState.java:close(385)) - 155afd32-7b7a-4b1a-9daa-13d05cf6a825@group-65B983C014FC: closes. applyIndex: 6
2019-09-29 06:08:05,399 [155afd32-7b7a-4b1a-9daa-13d05cf6a825@group-65B983C014FC-SegmentedRaftLogWorker] INFO  segmented.SegmentedRaftLogWorker (SegmentedRaftLogWorker.java:run(313)) - 155afd32-7b7a-4b1a-9daa-13d05cf6a825@group-65B983C014FC-SegmentedRaftLogWorker was interrupted, exiting. There are 0 tasks remaining in the queue.
2019-09-29 06:08:05,401 [ForkJoinPool.commonPool-worker-1] INFO  segmented.SegmentedRaftLogWorker (SegmentedRaftLogWorker.java:close(228)) - 155afd32-7b7a-4b1a-9daa-13d05cf6a825@group-65B983C014FC-SegmentedRaftLogWorker close()
2019-09-29 06:08:05,416 [ForkJoinPool.commonPool-worker-1] INFO  server.GrpcService (GrpcService.java:closeImpl(164)) - 155afd32-7b7a-4b1a-9daa-13d05cf6a825: shutdown server with port 41995 now
2019-09-29 06:08:05,417 [main] INFO  ozoneimpl.OzoneContainer (OzoneContainer.java:stop(231)) - Attempting to stop container services.
2019-09-29 06:08:05,417 [ForkJoinPool.commonPool-worker-1] INFO  server.GrpcService (GrpcService.java:closeImpl(172)) - 155afd32-7b7a-4b1a-9daa-13d05cf6a825: shutdown server with port 41995 successfully
2019-09-29 06:08:05,417 [main] INFO  impl.RaftServerProxy (RaftServerProxy.java:lambda$close$4(314)) - 227ddd0a-6d1c-4677-b85b-540243285816: close
2019-09-29 06:08:05,418 [main] INFO  impl.RaftServerImpl (RaftServerImpl.java:lambda$shutdown$3(251)) - 227ddd0a-6d1c-4677-b85b-540243285816@group-6CADFF541882: shutdown
2019-09-29 06:08:05,418 [main] INFO  util.JmxRegister (JmxRegister.java:unregister(73)) - Successfully un-registered JMX Bean with object name Ratis:service=RaftServer,group=group-6CADFF541882,id=227ddd0a-6d1c-4677-b85b-540243285816
2019-09-29 06:08:05,419 [main] INFO  impl.RoleInfo (RoleInfo.java:shutdownLeaderState(104)) - 227ddd0a-6d1c-4677-b85b-540243285816: shutdown LeaderState
2019-09-29 06:08:05,419 [main] INFO  impl.PendingRequests (PendingRequests.java:sendNotLeaderResponses(202)) - 227ddd0a-6d1c-4677-b85b-540243285816-PendingRequests: sendNotLeaderResponses
2019-09-29 06:08:05,420 [main] INFO  impl.StateMachineUpdater (StateMachineUpdater.java:stopAndJoin(125)) - 227ddd0a-6d1c-4677-b85b-540243285816@group-6CADFF541882-StateMachineUpdater: set stopIndex = 0
2019-09-29 06:08:05,420 [main] INFO  impl.RaftServerImpl (ServerState.java:close(385)) - 227ddd0a-6d1c-4677-b85b-540243285816@group-6CADFF541882: closes. applyIndex: 0
2019-09-29 06:08:05,421 [227ddd0a-6d1c-4677-b85b-540243285816@group-6CADFF541882-SegmentedRaftLogWorker] INFO  segmented.SegmentedRaftLogWorker (SegmentedRaftLogWorker.java:run(313)) - 227ddd0a-6d1c-4677-b85b-540243285816@group-6CADFF541882-SegmentedRaftLogWorker was interrupted, exiting. There are 0 tasks remaining in the queue.
2019-09-29 06:08:05,422 [main] INFO  segmented.SegmentedRaftLogWorker (SegmentedRaftLogWorker.java:close(228)) - 227ddd0a-6d1c-4677-b85b-540243285816@group-6CADFF541882-SegmentedRaftLogWorker close()
2019-09-29 06:08:05,422 [main] INFO  server.GrpcService (GrpcService.java:closeImpl(164)) - 227ddd0a-6d1c-4677-b85b-540243285816: shutdown server with port 40356 now
2019-09-29 06:08:05,425 [main] INFO  server.GrpcService (GrpcService.java:closeImpl(172)) - 227ddd0a-6d1c-4677-b85b-540243285816: shutdown server with port 40356 successfully
2019-09-29 06:08:05,425 [refreshUsed-/workdir/hadoop-ozone/integration-test/target/test-dir/MiniOzoneClusterImpl-c65cf843-44d5-454c-a5bf-f4b8d0178419/datanode-0/data/containers] WARN  fs.CachingGetSpaceUsed (CachingGetSpaceUsed.java:run(183)) - Thread Interrupted waiting to refresh disk information: sleep interrupted
2019-09-29 06:08:05,427 [refreshUsed-/workdir/hadoop-ozone/integration-test/target/test-dir/MiniOzoneClusterImpl-c65cf843-44d5-454c-a5bf-f4b8d0178419/datanode-6/data/containers] WARN  fs.CachingGetSpaceUsed (CachingGetSpaceUsed.java:run(183)) - Thread Interrupted waiting to refresh disk information: sleep interrupted
2019-09-29 06:08:05,443 [main] INFO  utils.BackgroundService (BackgroundService.java:shutdown(148)) - Shutting down service BlockDeletingService
2019-09-29 06:08:05,446 [ForkJoinPool.commonPool-worker-1] INFO  utils.BackgroundService (BackgroundService.java:shutdown(148)) - Shutting down service BlockDeletingService
2019-09-29 06:08:05,449 [main] INFO  statemachine.DatanodeStateMachine (DatanodeStateMachine.java:stopDaemon(395)) - Ozone container server stopped.
2019-09-29 06:08:05,454 [ForkJoinPool.commonPool-worker-1] INFO  statemachine.DatanodeStateMachine (DatanodeStateMachine.java:stopDaemon(395)) - Ozone container server stopped.
2019-09-29 06:08:05,459 [main] INFO  handler.ContextHandler (ContextHandler.java:doStop(910)) - Stopped o.e.j.w.WebAppContext@5f6e2ad9{/,null,UNAVAILABLE}{/hddsDatanode}
2019-09-29 06:08:05,459 [ForkJoinPool.commonPool-worker-1] INFO  handler.ContextHandler (ContextHandler.java:doStop(910)) - Stopped o.e.j.w.WebAppContext@4005e485{/,null,UNAVAILABLE}{/hddsDatanode}
2019-09-29 06:08:05,460 [main] INFO  server.AbstractConnector (AbstractConnector.java:doStop(318)) - Stopped ServerConnector@3212bfd{HTTP/1.1,[http/1.1]}{0.0.0.0:0}
2019-09-29 06:08:05,460 [ForkJoinPool.commonPool-worker-1] INFO  server.AbstractConnector (AbstractConnector.java:doStop(318)) - Stopped ServerConnector@5f5c187d{HTTP/1.1,[http/1.1]}{0.0.0.0:0}
2019-09-29 06:08:05,460 [main] INFO  handler.ContextHandler (ContextHandler.java:doStop(910)) - Stopped o.e.j.s.ServletContextHandler@2bc0b8c8{/static,jar:file:/home/user/.m2/repository/org/apache/hadoop/hadoop-hdds-container-service/0.5.0-SNAPSHOT/hadoop-hdds-container-service-0.5.0-SNAPSHOT.jar!/webapps/static,UNAVAILABLE}
2019-09-29 06:08:05,461 [ForkJoinPool.commonPool-worker-1] INFO  handler.ContextHandler (ContextHandler.java:doStop(910)) - Stopped o.e.j.s.ServletContextHandler@58cda03f{/static,jar:file:/home/user/.m2/repository/org/apache/hadoop/hadoop-hdds-container-service/0.5.0-SNAPSHOT/hadoop-hdds-container-service-0.5.0-SNAPSHOT.jar!/webapps/static,UNAVAILABLE}
2019-09-29 06:08:05,462 [main] INFO  handler.ContextHandler (ContextHandler.java:doStop(910)) - Stopped o.e.j.s.ServletContextHandler@4540c7{/logs,file:///workdir/hadoop-ozone/integration-test/target/log,UNAVAILABLE}
2019-09-29 06:08:05,463 [ForkJoinPool.commonPool-worker-1] INFO  handler.ContextHandler (ContextHandler.java:doStop(910)) - Stopped o.e.j.s.ServletContextHandler@5350ab17{/logs,file:///workdir/hadoop-ozone/integration-test/target/log,UNAVAILABLE}
2019-09-29 06:08:06,078 [Datanode State Machine Thread - 0] INFO  statemachine.DatanodeStateMachine (DatanodeStateMachine.java:lambda$startDaemon$0(350)) - Ozone container server started.
2019-09-29 06:08:08,250 [Thread-4537] INFO  impl.FollowerState (FollowerState.java:run(106)) - 24090ede-3c03-4fff-9b4f-9beb681f64a5:group-8F9F2E4B3202 changes to CANDIDATE, lastRpcTime:8154, electionTimeout:5199ms
2019-09-29 06:08:08,250 [Thread-4537] INFO  impl.RoleInfo (RoleInfo.java:shutdownFollowerState(121)) - 24090ede-3c03-4fff-9b4f-9beb681f64a5: shutdown FollowerState
2019-09-29 06:08:08,250 [Thread-4537] INFO  impl.RaftServerImpl (RaftServerImpl.java:setRole(174)) - 24090ede-3c03-4fff-9b4f-9beb681f64a5@group-8F9F2E4B3202: changes role from  FOLLOWER to CANDIDATE at term 1 for changeToCandidate
2019-09-29 06:08:08,250 [Thread-4537] INFO  impl.RoleInfo (RoleInfo.java:updateAndGet(143)) - 24090ede-3c03-4fff-9b4f-9beb681f64a5: start LeaderElection
2019-09-29 06:08:08,252 [24090ede-3c03-4fff-9b4f-9beb681f64a5@group-8F9F2E4B3202:LeaderElection121] INFO  impl.RaftServerImpl (ServerState.java:setLeader(253)) - 24090ede-3c03-4fff-9b4f-9beb681f64a5@group-8F9F2E4B3202: change Leader from e32827da-fefa-4c91-8e8c-7e9707bb3d63 to null at term 1 for initElection
2019-09-29 06:08:08,279 [24090ede-3c03-4fff-9b4f-9beb681f64a5@group-8F9F2E4B3202:LeaderElection121] INFO  impl.LeaderElection (LeaderElection.java:askForVotes(182)) - 24090ede-3c03-4fff-9b4f-9beb681f64a5@group-8F9F2E4B3202:LeaderElection121: begin an election at term 2 for 0: [24090ede-3c03-4fff-9b4f-9beb681f64a5:192.168.151.83:38521, 6a374731-cae4-4078-a303-24268fd38917:192.168.151.83:36151, e32827da-fefa-4c91-8e8c-7e9707bb3d63:192.168.151.83:39603], old=null
2019-09-29 06:08:08,283 [24090ede-3c03-4fff-9b4f-9beb681f64a5@group-8F9F2E4B3202:LeaderElection121] INFO  impl.LeaderElection (LogUtils.java:infoOrTrace(149)) - 24090ede-3c03-4fff-9b4f-9beb681f64a5@group-8F9F2E4B3202:LeaderElection121 got exception when requesting votes: {}
java.util.concurrent.ExecutionException: org.apache.ratis.thirdparty.io.grpc.StatusRuntimeException: UNAVAILABLE: io exception
	at java.util.concurrent.FutureTask.report(FutureTask.java:122)
	at java.util.concurrent.FutureTask.get(FutureTask.java:192)
	at org.apache.ratis.server.impl.LeaderElection.waitForResults(LeaderElection.java:263)
	at org.apache.ratis.server.impl.LeaderElection.askForVotes(LeaderElection.java:201)
	at org.apache.ratis.server.impl.LeaderElection.run(LeaderElection.java:133)
	at java.lang.Thread.run(Thread.java:748)
Caused by: org.apache.ratis.thirdparty.io.grpc.StatusRuntimeException: UNAVAILABLE: io exception
	at org.apache.ratis.thirdparty.io.grpc.stub.ClientCalls.toStatusRuntimeException(ClientCalls.java:233)
	at org.apache.ratis.thirdparty.io.grpc.stub.ClientCalls.getUnchecked(ClientCalls.java:214)
	at org.apache.ratis.thirdparty.io.grpc.stub.ClientCalls.blockingUnaryCall(ClientCalls.java:139)
	at org.apache.ratis.proto.grpc.RaftServerProtocolServiceGrpc$RaftServerProtocolServiceBlockingStub.requestVote(RaftServerProtocolServiceGrpc.java:265)
	at org.apache.ratis.grpc.server.GrpcServerProtocolClient.requestVote(GrpcServerProtocolClient.java:90)
	at org.apache.ratis.grpc.server.GrpcService.requestVote(GrpcService.java:204)
	at org.apache.ratis.server.impl.LeaderElection.lambda$submitRequests$1(LeaderElection.java:238)
	at java.util.concurrent.FutureTask.run(FutureTask.java:266)
	at java.util.concurrent.Executors$RunnableAdapter.call(Executors.java:511)
	at java.util.concurrent.FutureTask.run(FutureTask.java:266)
	at java.util.concurrent.ThreadPoolExecutor.runWorker(ThreadPoolExecutor.java:1149)
	at java.util.concurrent.ThreadPoolExecutor$Worker.run(ThreadPoolExecutor.java:624)
	... 1 more
Caused by: org.apache.ratis.thirdparty.io.netty.channel.AbstractChannel$AnnotatedConnectException: Connection refused: /192.168.151.83:36151
	at sun.nio.ch.SocketChannelImpl.checkConnect(Native Method)
	at sun.nio.ch.SocketChannelImpl.finishConnect(SocketChannelImpl.java:717)
	at org.apache.ratis.thirdparty.io.netty.channel.socket.nio.NioSocketChannel.doFinishConnect(NioSocketChannel.java:327)
	at org.apache.ratis.thirdparty.io.netty.channel.nio.AbstractNioChannel$AbstractNioUnsafe.finishConnect(AbstractNioChannel.java:340)
	at org.apache.ratis.thirdparty.io.netty.channel.nio.NioEventLoop.processSelectedKey(NioEventLoop.java:632)
	at org.apache.ratis.thirdparty.io.netty.channel.nio.NioEventLoop.processSelectedKeysOptimized(NioEventLoop.java:579)
	at org.apache.ratis.thirdparty.io.netty.channel.nio.NioEventLoop.processSelectedKeys(NioEventLoop.java:496)
	at org.apache.ratis.thirdparty.io.netty.channel.nio.NioEventLoop.run(NioEventLoop.java:458)
	at org.apache.ratis.thirdparty.io.netty.util.concurrent.SingleThreadEventExecutor$5.run(SingleThreadEventExecutor.java:897)
	at org.apache.ratis.thirdparty.io.netty.util.concurrent.FastThreadLocalRunnable.run(FastThreadLocalRunnable.java:30)
	... 1 more
Caused by: java.net.ConnectException: Connection refused
	... 11 more
2019-09-29 06:08:08,284 [24090ede-3c03-4fff-9b4f-9beb681f64a5@group-8F9F2E4B3202:LeaderElection121] INFO  impl.LeaderElection (LogUtils.java:infoOrTrace(149)) - 24090ede-3c03-4fff-9b4f-9beb681f64a5@group-8F9F2E4B3202:LeaderElection121 got exception when requesting votes: {}
java.util.concurrent.ExecutionException: org.apache.ratis.thirdparty.io.grpc.StatusRuntimeException: UNAVAILABLE: io exception
	at java.util.concurrent.FutureTask.report(FutureTask.java:122)
	at java.util.concurrent.FutureTask.get(FutureTask.java:192)
	at org.apache.ratis.server.impl.LeaderElection.waitForResults(LeaderElection.java:263)
	at org.apache.ratis.server.impl.LeaderElection.askForVotes(LeaderElection.java:201)
	at org.apache.ratis.server.impl.LeaderElection.run(LeaderElection.java:133)
	at java.lang.Thread.run(Thread.java:748)
Caused by: org.apache.ratis.thirdparty.io.grpc.StatusRuntimeException: UNAVAILABLE: io exception
	at org.apache.ratis.thirdparty.io.grpc.stub.ClientCalls.toStatusRuntimeException(ClientCalls.java:233)
	at org.apache.ratis.thirdparty.io.grpc.stub.ClientCalls.getUnchecked(ClientCalls.java:214)
	at org.apache.ratis.thirdparty.io.grpc.stub.ClientCalls.blockingUnaryCall(ClientCalls.java:139)
	at org.apache.ratis.proto.grpc.RaftServerProtocolServiceGrpc$RaftServerProtocolServiceBlockingStub.requestVote(RaftServerProtocolServiceGrpc.java:265)
	at org.apache.ratis.grpc.server.GrpcServerProtocolClient.requestVote(GrpcServerProtocolClient.java:90)
	at org.apache.ratis.grpc.server.GrpcService.requestVote(GrpcService.java:204)
	at org.apache.ratis.server.impl.LeaderElection.lambda$submitRequests$1(LeaderElection.java:238)
	at java.util.concurrent.FutureTask.run(FutureTask.java:266)
	at java.util.concurrent.Executors$RunnableAdapter.call(Executors.java:511)
	at java.util.concurrent.FutureTask.run(FutureTask.java:266)
	at java.util.concurrent.ThreadPoolExecutor.runWorker(ThreadPoolExecutor.java:1149)
	at java.util.concurrent.ThreadPoolExecutor$Worker.run(ThreadPoolExecutor.java:624)
	... 1 more
Caused by: org.apache.ratis.thirdparty.io.netty.channel.AbstractChannel$AnnotatedConnectException: Connection refused: /192.168.151.83:39603
	at sun.nio.ch.SocketChannelImpl.checkConnect(Native Method)
	at sun.nio.ch.SocketChannelImpl.finishConnect(SocketChannelImpl.java:717)
	at org.apache.ratis.thirdparty.io.netty.channel.socket.nio.NioSocketChannel.doFinishConnect(NioSocketChannel.java:327)
	at org.apache.ratis.thirdparty.io.netty.channel.nio.AbstractNioChannel$AbstractNioUnsafe.finishConnect(AbstractNioChannel.java:340)
	at org.apache.ratis.thirdparty.io.netty.channel.nio.NioEventLoop.processSelectedKey(NioEventLoop.java:632)
	at org.apache.ratis.thirdparty.io.netty.channel.nio.NioEventLoop.processSelectedKeysOptimized(NioEventLoop.java:579)
	at org.apache.ratis.thirdparty.io.netty.channel.nio.NioEventLoop.processSelectedKeys(NioEventLoop.java:496)
	at org.apache.ratis.thirdparty.io.netty.channel.nio.NioEventLoop.run(NioEventLoop.java:458)
	at org.apache.ratis.thirdparty.io.netty.util.concurrent.SingleThreadEventExecutor$5.run(SingleThreadEventExecutor.java:897)
	at org.apache.ratis.thirdparty.io.netty.util.concurrent.FastThreadLocalRunnable.run(FastThreadLocalRunnable.java:30)
	... 1 more
Caused by: java.net.ConnectException: Connection refused
	... 11 more
2019-09-29 06:08:08,286 [24090ede-3c03-4fff-9b4f-9beb681f64a5@group-8F9F2E4B3202:LeaderElection121] INFO  impl.LeaderElection (LeaderElection.java:logAndReturn(56)) - 24090ede-3c03-4fff-9b4f-9beb681f64a5@group-8F9F2E4B3202:LeaderElection121: Election REJECTED; received 0 response(s) [] and 2 exception(s); 24090ede-3c03-4fff-9b4f-9beb681f64a5@group-8F9F2E4B3202:t2, leader=null, voted=24090ede-3c03-4fff-9b4f-9beb681f64a5, raftlog=24090ede-3c03-4fff-9b4f-9beb681f64a5@group-8F9F2E4B3202-SegmentedRaftLog:OPENED:c6,f6,i6, conf=0: [24090ede-3c03-4fff-9b4f-9beb681f64a5:192.168.151.83:38521, 6a374731-cae4-4078-a303-24268fd38917:192.168.151.83:36151, e32827da-fefa-4c91-8e8c-7e9707bb3d63:192.168.151.83:39603], old=null
2019-09-29 06:08:08,286 [24090ede-3c03-4fff-9b4f-9beb681f64a5@group-8F9F2E4B3202:LeaderElection121] INFO  impl.LeaderElection (LogUtils.java:infoOrTrace(149)) -   Exception 0: {}
java.util.concurrent.ExecutionException: org.apache.ratis.thirdparty.io.grpc.StatusRuntimeException: UNAVAILABLE: io exception
	at java.util.concurrent.FutureTask.report(FutureTask.java:122)
	at java.util.concurrent.FutureTask.get(FutureTask.java:192)
	at org.apache.ratis.server.impl.LeaderElection.waitForResults(LeaderElection.java:263)
	at org.apache.ratis.server.impl.LeaderElection.askForVotes(LeaderElection.java:201)
	at org.apache.ratis.server.impl.LeaderElection.run(LeaderElection.java:133)
	at java.lang.Thread.run(Thread.java:748)
Caused by: org.apache.ratis.thirdparty.io.grpc.StatusRuntimeException: UNAVAILABLE: io exception
	at org.apache.ratis.thirdparty.io.grpc.stub.ClientCalls.toStatusRuntimeException(ClientCalls.java:233)
	at org.apache.ratis.thirdparty.io.grpc.stub.ClientCalls.getUnchecked(ClientCalls.java:214)
	at org.apache.ratis.thirdparty.io.grpc.stub.ClientCalls.blockingUnaryCall(ClientCalls.java:139)
	at org.apache.ratis.proto.grpc.RaftServerProtocolServiceGrpc$RaftServerProtocolServiceBlockingStub.requestVote(RaftServerProtocolServiceGrpc.java:265)
	at org.apache.ratis.grpc.server.GrpcServerProtocolClient.requestVote(GrpcServerProtocolClient.java:90)
	at org.apache.ratis.grpc.server.GrpcService.requestVote(GrpcService.java:204)
	at org.apache.ratis.server.impl.LeaderElection.lambda$submitRequests$1(LeaderElection.java:238)
	at java.util.concurrent.FutureTask.run(FutureTask.java:266)
	at java.util.concurrent.Executors$RunnableAdapter.call(Executors.java:511)
	at java.util.concurrent.FutureTask.run(FutureTask.java:266)
	at java.util.concurrent.ThreadPoolExecutor.runWorker(ThreadPoolExecutor.java:1149)
	at java.util.concurrent.ThreadPoolExecutor$Worker.run(ThreadPoolExecutor.java:624)
	... 1 more
Caused by: org.apache.ratis.thirdparty.io.netty.channel.AbstractChannel$AnnotatedConnectException: Connection refused: /192.168.151.83:36151
	at sun.nio.ch.SocketChannelImpl.checkConnect(Native Method)
	at sun.nio.ch.SocketChannelImpl.finishConnect(SocketChannelImpl.java:717)
	at org.apache.ratis.thirdparty.io.netty.channel.socket.nio.NioSocketChannel.doFinishConnect(NioSocketChannel.java:327)
	at org.apache.ratis.thirdparty.io.netty.channel.nio.AbstractNioChannel$AbstractNioUnsafe.finishConnect(AbstractNioChannel.java:340)
	at org.apache.ratis.thirdparty.io.netty.channel.nio.NioEventLoop.processSelectedKey(NioEventLoop.java:632)
	at org.apache.ratis.thirdparty.io.netty.channel.nio.NioEventLoop.processSelectedKeysOptimized(NioEventLoop.java:579)
	at org.apache.ratis.thirdparty.io.netty.channel.nio.NioEventLoop.processSelectedKeys(NioEventLoop.java:496)
	at org.apache.ratis.thirdparty.io.netty.channel.nio.NioEventLoop.run(NioEventLoop.java:458)
	at org.apache.ratis.thirdparty.io.netty.util.concurrent.SingleThreadEventExecutor$5.run(SingleThreadEventExecutor.java:897)
	at org.apache.ratis.thirdparty.io.netty.util.concurrent.FastThreadLocalRunnable.run(FastThreadLocalRunnable.java:30)
	... 1 more
Caused by: java.net.ConnectException: Connection refused
	... 11 more
2019-09-29 06:08:08,286 [24090ede-3c03-4fff-9b4f-9beb681f64a5@group-8F9F2E4B3202:LeaderElection121] INFO  impl.LeaderElection (LogUtils.java:infoOrTrace(149)) -   Exception 1: {}
java.util.concurrent.ExecutionException: org.apache.ratis.thirdparty.io.grpc.StatusRuntimeException: UNAVAILABLE: io exception
	at java.util.concurrent.FutureTask.report(FutureTask.java:122)
	at java.util.concurrent.FutureTask.get(FutureTask.java:192)
	at org.apache.ratis.server.impl.LeaderElection.waitForResults(LeaderElection.java:263)
	at org.apache.ratis.server.impl.LeaderElection.askForVotes(LeaderElection.java:201)
	at org.apache.ratis.server.impl.LeaderElection.run(LeaderElection.java:133)
	at java.lang.Thread.run(Thread.java:748)
Caused by: org.apache.ratis.thirdparty.io.grpc.StatusRuntimeException: UNAVAILABLE: io exception
	at org.apache.ratis.thirdparty.io.grpc.stub.ClientCalls.toStatusRuntimeException(ClientCalls.java:233)
	at org.apache.ratis.thirdparty.io.grpc.stub.ClientCalls.getUnchecked(ClientCalls.java:214)
	at org.apache.ratis.thirdparty.io.grpc.stub.ClientCalls.blockingUnaryCall(ClientCalls.java:139)
	at org.apache.ratis.proto.grpc.RaftServerProtocolServiceGrpc$RaftServerProtocolServiceBlockingStub.requestVote(RaftServerProtocolServiceGrpc.java:265)
	at org.apache.ratis.grpc.server.GrpcServerProtocolClient.requestVote(GrpcServerProtocolClient.java:90)
	at org.apache.ratis.grpc.server.GrpcService.requestVote(GrpcService.java:204)
	at org.apache.ratis.server.impl.LeaderElection.lambda$submitRequests$1(LeaderElection.java:238)
	at java.util.concurrent.FutureTask.run(FutureTask.java:266)
	at java.util.concurrent.Executors$RunnableAdapter.call(Executors.java:511)
	at java.util.concurrent.FutureTask.run(FutureTask.java:266)
	at java.util.concurrent.ThreadPoolExecutor.runWorker(ThreadPoolExecutor.java:1149)
	at java.util.concurrent.ThreadPoolExecutor$Worker.run(ThreadPoolExecutor.java:624)
	... 1 more
Caused by: org.apache.ratis.thirdparty.io.netty.channel.AbstractChannel$AnnotatedConnectException: Connection refused: /192.168.151.83:39603
	at sun.nio.ch.SocketChannelImpl.checkConnect(Native Method)
	at sun.nio.ch.SocketChannelImpl.finishConnect(SocketChannelImpl.java:717)
	at org.apache.ratis.thirdparty.io.netty.channel.socket.nio.NioSocketChannel.doFinishConnect(NioSocketChannel.java:327)
	at org.apache.ratis.thirdparty.io.netty.channel.nio.AbstractNioChannel$AbstractNioUnsafe.finishConnect(AbstractNioChannel.java:340)
	at org.apache.ratis.thirdparty.io.netty.channel.nio.NioEventLoop.processSelectedKey(NioEventLoop.java:632)
	at org.apache.ratis.thirdparty.io.netty.channel.nio.NioEventLoop.processSelectedKeysOptimized(NioEventLoop.java:579)
	at org.apache.ratis.thirdparty.io.netty.channel.nio.NioEventLoop.processSelectedKeys(NioEventLoop.java:496)
	at org.apache.ratis.thirdparty.io.netty.channel.nio.NioEventLoop.run(NioEventLoop.java:458)
	at org.apache.ratis.thirdparty.io.netty.util.concurrent.SingleThreadEventExecutor$5.run(SingleThreadEventExecutor.java:897)
	at org.apache.ratis.thirdparty.io.netty.util.concurrent.FastThreadLocalRunnable.run(FastThreadLocalRunnable.java:30)
	... 1 more
Caused by: java.net.ConnectException: Connection refused
	... 11 more
2019-09-29 06:08:08,287 [24090ede-3c03-4fff-9b4f-9beb681f64a5@group-8F9F2E4B3202:LeaderElection121] INFO  impl.RaftServerImpl (RaftServerImpl.java:setRole(174)) - 24090ede-3c03-4fff-9b4f-9beb681f64a5@group-8F9F2E4B3202: changes role from CANDIDATE to FOLLOWER at term 2 for DISCOVERED_A_NEW_TERM
2019-09-29 06:08:08,287 [24090ede-3c03-4fff-9b4f-9beb681f64a5@group-8F9F2E4B3202:LeaderElection121] INFO  impl.RoleInfo (RoleInfo.java:shutdownLeaderElection(134)) - 24090ede-3c03-4fff-9b4f-9beb681f64a5: shutdown LeaderElection
2019-09-29 06:08:08,287 [24090ede-3c03-4fff-9b4f-9beb681f64a5@group-8F9F2E4B3202:LeaderElection121] INFO  impl.RoleInfo (RoleInfo.java:updateAndGet(143)) - 24090ede-3c03-4fff-9b4f-9beb681f64a5: start FollowerState
2019-09-29 06:08:10,101 [EventQueue-StaleNodeForStaleNodeHandler] INFO  node.StaleNodeHandler (StaleNodeHandler.java:onMessage(58)) - Datanode 24090ede-3c03-4fff-9b4f-9beb681f64a5{ip: 192.168.151.83, host: trunk-nightly-20190929-jf6dg-3667755588, networkLocation: /default-rack, certSerialId: null} moved to stale state. Finalizing its pipelines [PipelineID=90182557-7dd5-4c95-8d20-0aa3af220fde, PipelineID=89e6b6cf-9af0-446e-9293-8f9f2e4b3202]
2019-09-29 06:08:10,104 [EventQueue-StaleNodeForStaleNodeHandler] INFO  pipeline.SCMPipelineManager (SCMPipelineManager.java:finalizeAndDestroyPipeline(315)) - destroying pipeline:Pipeline[ Id: 90182557-7dd5-4c95-8d20-0aa3af220fde, Nodes: 24090ede-3c03-4fff-9b4f-9beb681f64a5{ip: 192.168.151.83, host: trunk-nightly-20190929-jf6dg-3667755588, networkLocation: /default-rack, certSerialId: null}, Type:RATIS, Factor:ONE, State:OPEN]
2019-09-29 06:08:10,104 [EventQueue-StaleNodeForStaleNodeHandler] INFO  pipeline.PipelineStateManager (PipelineStateManager.java:finalizePipeline(123)) - Pipeline Pipeline[ Id: 90182557-7dd5-4c95-8d20-0aa3af220fde, Nodes: 24090ede-3c03-4fff-9b4f-9beb681f64a5{ip: 192.168.151.83, host: trunk-nightly-20190929-jf6dg-3667755588, networkLocation: /default-rack, certSerialId: null}, Type:RATIS, Factor:ONE, State:CLOSED] moved to CLOSED state
2019-09-29 06:08:10,105 [EventQueue-StaleNodeForStaleNodeHandler] INFO  pipeline.SCMPipelineManager (SCMPipelineManager.java:finalizeAndDestroyPipeline(315)) - destroying pipeline:Pipeline[ Id: 89e6b6cf-9af0-446e-9293-8f9f2e4b3202, Nodes: 24090ede-3c03-4fff-9b4f-9beb681f64a5{ip: 192.168.151.83, host: trunk-nightly-20190929-jf6dg-3667755588, networkLocation: /default-rack, certSerialId: null}e32827da-fefa-4c91-8e8c-7e9707bb3d63{ip: 192.168.151.83, host: trunk-nightly-20190929-jf6dg-3667755588, networkLocation: /default-rack, certSerialId: null}6a374731-cae4-4078-a303-24268fd38917{ip: 192.168.151.83, host: trunk-nightly-20190929-jf6dg-3667755588, networkLocation: /default-rack, certSerialId: null}, Type:RATIS, Factor:THREE, State:CLOSED]
2019-09-29 06:08:10,465 [main] INFO  ozoneimpl.OzoneContainer (OzoneContainer.java:stop(231)) - Attempting to stop container services.
2019-09-29 06:08:10,466 [main] INFO  impl.RaftServerProxy (RaftServerProxy.java:lambda$close$4(314)) - 24090ede-3c03-4fff-9b4f-9beb681f64a5: close
2019-09-29 06:08:10,466 [main] INFO  impl.RaftServerImpl (RaftServerImpl.java:lambda$shutdown$3(251)) - 24090ede-3c03-4fff-9b4f-9beb681f64a5@group-0AA3AF220FDE: shutdown
2019-09-29 06:08:10,467 [main] INFO  util.JmxRegister (JmxRegister.java:unregister(73)) - Successfully un-registered JMX Bean with object name Ratis:service=RaftServer,group=group-0AA3AF220FDE,id=24090ede-3c03-4fff-9b4f-9beb681f64a5
2019-09-29 06:08:10,467 [main] INFO  impl.RoleInfo (RoleInfo.java:shutdownLeaderState(104)) - 24090ede-3c03-4fff-9b4f-9beb681f64a5: shutdown LeaderState
2019-09-29 06:08:10,467 [main] INFO  impl.PendingRequests (PendingRequests.java:sendNotLeaderResponses(202)) - 24090ede-3c03-4fff-9b4f-9beb681f64a5-PendingRequests: sendNotLeaderResponses
2019-09-29 06:08:10,468 [main] INFO  impl.StateMachineUpdater (StateMachineUpdater.java:stopAndJoin(125)) - 24090ede-3c03-4fff-9b4f-9beb681f64a5@group-0AA3AF220FDE-StateMachineUpdater: set stopIndex = 0
2019-09-29 06:08:10,468 [main] INFO  impl.RaftServerImpl (ServerState.java:close(385)) - 24090ede-3c03-4fff-9b4f-9beb681f64a5@group-0AA3AF220FDE: closes. applyIndex: 0
2019-09-29 06:08:10,468 [24090ede-3c03-4fff-9b4f-9beb681f64a5@group-0AA3AF220FDE-SegmentedRaftLogWorker] INFO  segmented.SegmentedRaftLogWorker (SegmentedRaftLogWorker.java:run(313)) - 24090ede-3c03-4fff-9b4f-9beb681f64a5@group-0AA3AF220FDE-SegmentedRaftLogWorker was interrupted, exiting. There are 0 tasks remaining in the queue.
2019-09-29 06:08:10,471 [main] INFO  segmented.SegmentedRaftLogWorker (SegmentedRaftLogWorker.java:close(228)) - 24090ede-3c03-4fff-9b4f-9beb681f64a5@group-0AA3AF220FDE-SegmentedRaftLogWorker close()
2019-09-29 06:08:10,471 [main] INFO  impl.RaftServerImpl (RaftServerImpl.java:lambda$shutdown$3(251)) - 24090ede-3c03-4fff-9b4f-9beb681f64a5@group-8F9F2E4B3202: shutdown
2019-09-29 06:08:10,471 [main] INFO  util.JmxRegister (JmxRegister.java:unregister(73)) - Successfully un-registered JMX Bean with object name Ratis:service=RaftServer,group=group-8F9F2E4B3202,id=24090ede-3c03-4fff-9b4f-9beb681f64a5
2019-09-29 06:08:10,472 [main] INFO  impl.RoleInfo (RoleInfo.java:shutdownFollowerState(121)) - 24090ede-3c03-4fff-9b4f-9beb681f64a5: shutdown FollowerState
2019-09-29 06:08:10,472 [main] INFO  impl.StateMachineUpdater (StateMachineUpdater.java:stopAndJoin(125)) - 24090ede-3c03-4fff-9b4f-9beb681f64a5@group-8F9F2E4B3202-StateMachineUpdater: set stopIndex = 6
2019-09-29 06:08:10,472 [Thread-4616] INFO  impl.FollowerState (FollowerState.java:run(115)) - 24090ede-3c03-4fff-9b4f-9beb681f64a5: FollowerState was interrupted: java.lang.InterruptedException: sleep interrupted
2019-09-29 06:08:10,472 [24090ede-3c03-4fff-9b4f-9beb681f64a5@group-8F9F2E4B3202-StateMachineUpdater] INFO  ratis.ContainerStateMachine (ContainerStateMachine.java:takeSnapshot(289)) - group-8F9F2E4B3202: Taking a snapshot at:(t:1, i:4) file /workdir/hadoop-ozone/integration-test/target/test-dir/MiniOzoneClusterImpl-c65cf843-44d5-454c-a5bf-f4b8d0178419/datanode-5/data/ratis/89e6b6cf-9af0-446e-9293-8f9f2e4b3202/sm/snapshot.1_4
2019-09-29 06:08:10,486 [24090ede-3c03-4fff-9b4f-9beb681f64a5@group-8F9F2E4B3202-StateMachineUpdater] INFO  ratis.ContainerStateMachine (ContainerStateMachine.java:takeSnapshot(300)) - group-8F9F2E4B3202: Finished taking a snapshot at:(t:1, i:4) file:/workdir/hadoop-ozone/integration-test/target/test-dir/MiniOzoneClusterImpl-c65cf843-44d5-454c-a5bf-f4b8d0178419/datanode-5/data/ratis/89e6b6cf-9af0-446e-9293-8f9f2e4b3202/sm/snapshot.1_4 time:14
2019-09-29 06:08:10,487 [24090ede-3c03-4fff-9b4f-9beb681f64a5@group-8F9F2E4B3202-StateMachineUpdater] INFO  impl.StateMachineUpdater (StateMachineUpdater.java:takeSnapshot(258)) - 24090ede-3c03-4fff-9b4f-9beb681f64a5@group-8F9F2E4B3202-StateMachineUpdater: Took a snapshot at index 4
2019-09-29 06:08:10,487 [24090ede-3c03-4fff-9b4f-9beb681f64a5@group-8F9F2E4B3202-StateMachineUpdater] INFO  impl.StateMachineUpdater (StateMachineUpdater.java:lambda$new$0(83)) - 24090ede-3c03-4fff-9b4f-9beb681f64a5@group-8F9F2E4B3202-StateMachineUpdater: snapshotIndex: updateIncreasingly -1 -> 4
2019-09-29 06:08:10,487 [24090ede-3c03-4fff-9b4f-9beb681f64a5@group-8F9F2E4B3202-StateMachineUpdater] INFO  ratis.ContainerStateMachine (ContainerStateMachine.java:takeSnapshot(289)) - group-8F9F2E4B3202: Taking a snapshot at:(t:1, i:4) file /workdir/hadoop-ozone/integration-test/target/test-dir/MiniOzoneClusterImpl-c65cf843-44d5-454c-a5bf-f4b8d0178419/datanode-5/data/ratis/89e6b6cf-9af0-446e-9293-8f9f2e4b3202/sm/snapshot.1_4
2019-09-29 06:08:10,499 [24090ede-3c03-4fff-9b4f-9beb681f64a5@group-8F9F2E4B3202-StateMachineUpdater] INFO  ratis.ContainerStateMachine (ContainerStateMachine.java:takeSnapshot(300)) - group-8F9F2E4B3202: Finished taking a snapshot at:(t:1, i:4) file:/workdir/hadoop-ozone/integration-test/target/test-dir/MiniOzoneClusterImpl-c65cf843-44d5-454c-a5bf-f4b8d0178419/datanode-5/data/ratis/89e6b6cf-9af0-446e-9293-8f9f2e4b3202/sm/snapshot.1_4 time:12
2019-09-29 06:08:10,499 [24090ede-3c03-4fff-9b4f-9beb681f64a5@group-8F9F2E4B3202-StateMachineUpdater] INFO  impl.StateMachineUpdater (StateMachineUpdater.java:takeSnapshot(258)) - 24090ede-3c03-4fff-9b4f-9beb681f64a5@group-8F9F2E4B3202-StateMachineUpdater: Took a snapshot at index 4
2019-09-29 06:08:10,499 [24090ede-3c03-4fff-9b4f-9beb681f64a5@group-8F9F2E4B3202-StateMachineUpdater] INFO  impl.StateMachineUpdater (StateMachineUpdater.java:lambda$new$0(83)) - 24090ede-3c03-4fff-9b4f-9beb681f64a5@group-8F9F2E4B3202-StateMachineUpdater: snapshotIndex: updateIncreasingly 4 -> 4
2019-09-29 06:08:10,499 [main] INFO  impl.RaftServerImpl (ServerState.java:close(385)) - 24090ede-3c03-4fff-9b4f-9beb681f64a5@group-8F9F2E4B3202: closes. applyIndex: 6
2019-09-29 06:08:10,500 [24090ede-3c03-4fff-9b4f-9beb681f64a5@group-8F9F2E4B3202-SegmentedRaftLogWorker] INFO  segmented.SegmentedRaftLogWorker (SegmentedRaftLogWorker.java:run(313)) - 24090ede-3c03-4fff-9b4f-9beb681f64a5@group-8F9F2E4B3202-SegmentedRaftLogWorker was interrupted, exiting. There are 0 tasks remaining in the queue.
2019-09-29 06:08:10,500 [main] INFO  segmented.SegmentedRaftLogWorker (SegmentedRaftLogWorker.java:close(228)) - 24090ede-3c03-4fff-9b4f-9beb681f64a5@group-8F9F2E4B3202-SegmentedRaftLogWorker close()
2019-09-29 06:08:10,500 [main] INFO  server.GrpcService (GrpcService.java:closeImpl(164)) - 24090ede-3c03-4fff-9b4f-9beb681f64a5: shutdown server with port 38521 now
2019-09-29 06:08:10,501 [main] INFO  server.GrpcService (GrpcService.java:closeImpl(172)) - 24090ede-3c03-4fff-9b4f-9beb681f64a5: shutdown server with port 38521 successfully
2019-09-29 06:08:10,506 [refreshUsed-/workdir/hadoop-ozone/integration-test/target/test-dir/MiniOzoneClusterImpl-c65cf843-44d5-454c-a5bf-f4b8d0178419/datanode-5/data/containers] WARN  fs.CachingGetSpaceUsed (CachingGetSpaceUsed.java:run(183)) - Thread Interrupted waiting to refresh disk information: sleep interrupted
2019-09-29 06:08:10,513 [main] INFO  utils.BackgroundService (BackgroundService.java:shutdown(148)) - Shutting down service BlockDeletingService
2019-09-29 06:08:10,517 [main] INFO  statemachine.DatanodeStateMachine (DatanodeStateMachine.java:stopDaemon(395)) - Ozone container server stopped.
2019-09-29 06:08:10,518 [main] INFO  handler.ContextHandler (ContextHandler.java:doStop(910)) - Stopped o.e.j.w.WebAppContext@105dc04d{/,null,UNAVAILABLE}{/hddsDatanode}
2019-09-29 06:08:10,518 [main] INFO  server.AbstractConnector (AbstractConnector.java:doStop(318)) - Stopped ServerConnector@504b8705{HTTP/1.1,[http/1.1]}{0.0.0.0:0}
2019-09-29 06:08:10,519 [main] INFO  handler.ContextHandler (ContextHandler.java:doStop(910)) - Stopped o.e.j.s.ServletContextHandler@40b31a16{/static,jar:file:/home/user/.m2/repository/org/apache/hadoop/hadoop-hdds-container-service/0.5.0-SNAPSHOT/hadoop-hdds-container-service-0.5.0-SNAPSHOT.jar!/webapps/static,UNAVAILABLE}
2019-09-29 06:08:10,519 [main] INFO  handler.ContextHandler (ContextHandler.java:doStop(910)) - Stopped o.e.j.s.ServletContextHandler@2a425cf5{/logs,file:///workdir/hadoop-ozone/integration-test/target/log,UNAVAILABLE}
2019-09-29 06:08:10,520 [main] INFO  ozone.MiniOzoneClusterImpl (MiniOzoneClusterImpl.java:stopSCM(392)) - Stopping the StorageContainerManager
2019-09-29 06:08:10,520 [main] INFO  server.StorageContainerManager (StorageContainerManager.java:stop(808)) - Stopping Replication Manager Service.
2019-09-29 06:08:10,520 [main] INFO  container.ReplicationManager (ReplicationManager.java:stop(203)) - Stopping Replication Monitor Thread.
2019-09-29 06:08:10,520 [main] INFO  server.StorageContainerManager (StorageContainerManager.java:stop(815)) - Stopping Lease Manager of the command watchers
2019-09-29 06:08:10,520 [main] INFO  server.StorageContainerManager (StorageContainerManager.java:stop(822)) - Stopping datanode service RPC server
2019-09-29 06:08:10,520 [main] INFO  server.SCMDatanodeProtocolServer (SCMDatanodeProtocolServer.java:stop(367)) - Stopping the RPC server for DataNodes
2019-09-29 06:08:10,521 [main] INFO  ipc.Server (Server.java:stop(3082)) - Stopping server on 43764
2019-09-29 06:08:10,523 [IPC Server listener on 43764] INFO  ipc.Server (Server.java:run(1185)) - Stopping IPC Server listener on 43764
2019-09-29 06:08:10,523 [IPC Server Responder] INFO  ipc.Server (Server.java:run(1319)) - Stopping IPC Server Responder
2019-09-29 06:08:10,602 [SCM Heartbeat Processing Thread - 0] WARN  node.NodeStateManager (NodeStateManager.java:scheduleNextHealthCheck(646)) - Current Thread is interrupted, shutting down HB processing thread for Node Manager.
2019-09-29 06:08:10,602 [main] INFO  server.StorageContainerManager (StorageContainerManager.java:stop(830)) - Stopping block service RPC server
2019-09-29 06:08:10,602 [main] INFO  server.SCMBlockProtocolServer (SCMBlockProtocolServer.java:stop(155)) - Stopping the RPC server for Block Protocol
2019-09-29 06:08:10,602 [main] INFO  ipc.Server (Server.java:stop(3082)) - Stopping server on 37296
2019-09-29 06:08:10,605 [main] INFO  server.StorageContainerManager (StorageContainerManager.java:stop(837)) - Stopping the StorageContainerLocationProtocol RPC server
2019-09-29 06:08:10,605 [IPC Server listener on 37296] INFO  ipc.Server (Server.java:run(1185)) - Stopping IPC Server listener on 37296
2019-09-29 06:08:10,605 [main] INFO  server.SCMClientProtocolServer (SCMClientProtocolServer.java:stop(158)) - Stopping the RPC server for Client Protocol
2019-09-29 06:08:10,605 [IPC Server Responder] INFO  ipc.Server (Server.java:run(1319)) - Stopping IPC Server Responder
2019-09-29 06:08:10,607 [main] INFO  ipc.Server (Server.java:stop(3082)) - Stopping server on 40298
2019-09-29 06:08:10,613 [main] INFO  server.StorageContainerManager (StorageContainerManager.java:stop(844)) - Stopping Storage Container Manager HTTP server.
2019-09-29 06:08:10,615 [IPC Server listener on 40298] INFO  ipc.Server (Server.java:run(1185)) - Stopping IPC Server listener on 40298
2019-09-29 06:08:10,617 [IPC Server Responder] INFO  ipc.Server (Server.java:run(1319)) - Stopping IPC Server Responder
2019-09-29 06:08:10,617 [main] INFO  handler.ContextHandler (ContextHandler.java:doStop(910)) - Stopped o.e.j.w.WebAppContext@55053f81{/,null,UNAVAILABLE}{/scm}
2019-09-29 06:08:10,619 [main] INFO  server.AbstractConnector (AbstractConnector.java:doStop(318)) - Stopped ServerConnector@1fee4278{HTTP/1.1,[http/1.1]}{0.0.0.0:0}
2019-09-29 06:08:10,619 [main] INFO  handler.ContextHandler (ContextHandler.java:doStop(910)) - Stopped o.e.j.s.ServletContextHandler@49d42faf{/static,file:///workdir/hadoop-ozone/integration-test/target/test-classes/webapps/static,UNAVAILABLE}
2019-09-29 06:08:10,619 [main] INFO  handler.ContextHandler (ContextHandler.java:doStop(910)) - Stopped o.e.j.s.ServletContextHandler@595814a1{/logs,file:///workdir/hadoop-ozone/integration-test/target/log,UNAVAILABLE}
2019-09-29 06:08:10,620 [main] INFO  server.StorageContainerManager (StorageContainerManager.java:stop(855)) - Stopping Block Manager Service.
2019-09-29 06:08:10,621 [main] INFO  utils.BackgroundService (BackgroundService.java:shutdown(148)) - Shutting down service SCMBlockDeletingService
2019-09-29 06:08:10,621 [main] INFO  utils.BackgroundService (BackgroundService.java:shutdown(148)) - Shutting down service SCMBlockDeletingService
2019-09-29 06:08:10,621 [main] INFO  server.StorageContainerManager (StorageContainerManager.java:stop(877)) - Stopping SCM Event Queue.
2019-09-29 06:08:10,627 [main] INFO  impl.MetricsSystemImpl (MetricsSystemImpl.java:stop(210)) - Stopping HddsDatanode metrics system...
2019-09-29 06:08:10,651 [main] INFO  impl.MetricsSystemImpl (MetricsSystemImpl.java:stop(216)) - HddsDatanode metrics system stopped.
]]></system-out>
    <system-err><![CDATA[Sep 29, 2019 6:07:55 AM org.apache.ratis.thirdparty.io.grpc.internal.SerializingExecutor run
SEVERE: Exception while executing runnable org.apache.ratis.thirdparty.io.grpc.internal.ServerImpl$JumpToApplicationThreadServerStreamListener$1Closed@2922032b
org.apache.ratis.thirdparty.io.grpc.StatusRuntimeException: CANCELLED: call already cancelled
	at org.apache.ratis.thirdparty.io.grpc.Status.asRuntimeException(Status.java:517)
	at org.apache.ratis.thirdparty.io.grpc.stub.ServerCalls$ServerCallStreamObserverImpl.onCompleted(ServerCalls.java:356)
	at org.apache.ratis.grpc.server.GrpcServerProtocolService$ServerRequestStreamObserver.onError(GrpcServerProtocolService.java:121)
	at org.apache.ratis.thirdparty.io.grpc.stub.ServerCalls$StreamingServerCallHandler$StreamingServerCallListener.onCancel(ServerCalls.java:269)
	at org.apache.ratis.thirdparty.io.grpc.internal.ServerCallImpl$ServerStreamListenerImpl.closed(ServerCallImpl.java:293)
	at org.apache.ratis.thirdparty.io.grpc.internal.ServerImpl$JumpToApplicationThreadServerStreamListener$1Closed.runInContext(ServerImpl.java:741)
	at org.apache.ratis.thirdparty.io.grpc.internal.ContextRunnable.run(ContextRunnable.java:37)
	at org.apache.ratis.thirdparty.io.grpc.internal.SerializingExecutor.run(SerializingExecutor.java:123)
	at java.util.concurrent.ThreadPoolExecutor.runWorker(ThreadPoolExecutor.java:1149)
	at java.util.concurrent.ThreadPoolExecutor$Worker.run(ThreadPoolExecutor.java:624)
	at java.lang.Thread.run(Thread.java:748)

]]></system-err>
  </testcase>
</testsuite>