<?xml version="1.0" encoding="UTF-8"?>
<testsuite xmlns:xsi="http://www.w3.org/2001/XMLSchema-instance" xsi:noNamespaceSchemaLocation="https://maven.apache.org/surefire/maven-surefire-plugin/xsd/surefire-test-report.xsd" name="org.apache.hadoop.ozone.client.rpc.TestWatchForCommit" time="303" tests="5" errors="0" skipped="0" failures="1">
  <properties>
    <property name="awt.toolkit" value="sun.awt.X11.XToolkit"/>
    <property name="file.encoding.pkg" value="sun.io"/>
    <property name="java.specification.version" value="1.8"/>
    <property name="sun.cpu.isalist" value=""/>
    <property name="sun.jnu.encoding" value="UTF-8"/>
    <property name="java.class.path" value="/workdir/hadoop-ozone/integration-test/target/test-classes:/workdir/hadoop-ozone/integration-test/target/classes:/home/user/.m2/repository/org/apache/hadoop/hadoop-ozone-common/0.5.0-SNAPSHOT/hadoop-ozone-common-0.5.0-SNAPSHOT.jar:/home/user/.m2/repository/org/apache/commons/commons-compress/1.4.1/commons-compress-1.4.1.jar:/home/user/.m2/repository/org/tukaani/xz/1.0/xz-1.0.jar:/home/user/.m2/repository/org/apache/hadoop/hadoop-common/3.2.0/hadoop-common-3.2.0.jar:/home/user/.m2/repository/org/apache/hadoop/hadoop-hdfs/3.2.0/hadoop-hdfs-3.2.0.jar:/home/user/.m2/repository/org/apache/hadoop/hadoop-hdfs-client/3.2.0/hadoop-hdfs-client-3.2.0.jar:/home/user/.m2/repository/com/fasterxml/jackson/core/jackson-annotations/2.9.9/jackson-annotations-2.9.9.jar:/home/user/.m2/repository/org/apache/hadoop/hadoop-hdds-common/0.5.0-SNAPSHOT/hadoop-hdds-common-0.5.0-SNAPSHOT.jar:/home/user/.m2/repository/javax/annotation/javax.annotation-api/1.2/javax.annotation-api-1.2.jar:/home/user/.m2/repository/org/apache/ratis/ratis-server/0.4.0/ratis-server-0.4.0.jar:/home/user/.m2/repository/org/apache/ratis/ratis-thirdparty-misc/0.2.0/ratis-thirdparty-misc-0.2.0.jar:/home/user/.m2/repository/org/apache/ratis/ratis-proto/0.4.0/ratis-proto-0.4.0.jar:/home/user/.m2/repository/org/apache/ratis/ratis-common/0.4.0/ratis-common-0.4.0.jar:/home/user/.m2/repository/org/apache/ratis/ratis-client/0.4.0/ratis-client-0.4.0.jar:/home/user/.m2/repository/org/apache/ratis/ratis-metrics/0.4.0/ratis-metrics-0.4.0.jar:/home/user/.m2/repository/com/github/joshelser/dropwizard-metrics-hadoop-metrics2-reporter/0.1.2/dropwizard-metrics-hadoop-metrics2-reporter-0.1.2.jar:/home/user/.m2/repository/io/dropwizard/metrics/metrics-jvm/3.2.5/metrics-jvm-3.2.5.jar:/home/user/.m2/repository/io/dropwizard/metrics/metrics-ganglia/3.2.5/metrics-ganglia-3.2.5.jar:/home/user/.m2/repository/info/ganglia/gmetric4j/gmetric4j/1.0.7/gmetric4j-1.0.7.jar:/home/user/.m2/repository/org/apache/ratis/ratis-netty/0.4.0/ratis-netty-0.4.0.jar:/home/user/.m2/repository/org/apache/ratis/ratis-grpc/0.4.0/ratis-grpc-0.4.0.jar:/home/user/.m2/repository/org/rocksdb/rocksdbjni/6.0.1/rocksdbjni-6.0.1.jar:/home/user/.m2/repository/org/apache/logging/log4j/log4j-api/2.11.0/log4j-api-2.11.0.jar:/home/user/.m2/repository/org/apache/logging/log4j/log4j-core/2.11.0/log4j-core-2.11.0.jar:/home/user/.m2/repository/com/lmax/disruptor/3.4.2/disruptor-3.4.2.jar:/home/user/.m2/repository/org/apache/commons/commons-pool2/2.6.0/commons-pool2-2.6.0.jar:/home/user/.m2/repository/org/bouncycastle/bcpkix-jdk15on/1.60/bcpkix-jdk15on-1.60.jar:/home/user/.m2/repository/commons-validator/commons-validator/1.6/commons-validator-1.6.jar:/home/user/.m2/repository/commons-digester/commons-digester/1.8.1/commons-digester-1.8.1.jar:/home/user/.m2/repository/io/jaegertracing/jaeger-client/0.34.0/jaeger-client-0.34.0.jar:/home/user/.m2/repository/io/jaegertracing/jaeger-thrift/0.34.0/jaeger-thrift-0.34.0.jar:/home/user/.m2/repository/org/apache/thrift/libthrift/0.12.0/libthrift-0.12.0.jar:/home/user/.m2/repository/com/squareup/okhttp3/okhttp/3.9.0/okhttp-3.9.0.jar:/home/user/.m2/repository/com/squareup/okio/okio/1.13.0/okio-1.13.0.jar:/home/user/.m2/repository/io/jaegertracing/jaeger-core/0.34.0/jaeger-core-0.34.0.jar:/home/user/.m2/repository/io/jaegertracing/jaeger-tracerresolver/0.34.0/jaeger-tracerresolver-0.34.0.jar:/home/user/.m2/repository/io/opentracing/contrib/opentracing-tracerresolver/0.1.5/opentracing-tracerresolver-0.1.5.jar:/home/user/.m2/repository/io/opentracing/opentracing-util/0.31.0/opentracing-util-0.31.0.jar:/home/user/.m2/repository/io/opentracing/opentracing-api/0.31.0/opentracing-api-0.31.0.jar:/home/user/.m2/repository/io/opentracing/opentracing-noop/0.31.0/opentracing-noop-0.31.0.jar:/home/user/.m2/repository/org/apache/hadoop/hadoop-hdds-server-framework/0.5.0-SNAPSHOT/hadoop-hdds-server-framework-0.5.0-SNAPSHOT.jar:/home/user/.m2/repository/org/apache/hadoop/hadoop-hdds-container-service/0.5.0-SNAPSHOT/hadoop-hdds-container-service-0.5.0-SNAPSHOT.jar:/home/user/.m2/repository/org/apache/hadoop/hadoop-hdds-client/0.5.0-SNAPSHOT/hadoop-hdds-client-0.5.0-SNAPSHOT.jar:/home/user/.m2/repository/org/apache/hadoop/hadoop-hdds-tools/0.5.0-SNAPSHOT/hadoop-hdds-tools-0.5.0-SNAPSHOT.jar:/home/user/.m2/repository/org/apache/hadoop/hadoop-hdds-server-scm/0.5.0-SNAPSHOT/hadoop-hdds-server-scm-0.5.0-SNAPSHOT.jar:/home/user/.m2/repository/org/apache/hadoop/hadoop-hdds-docs/0.5.0-SNAPSHOT/hadoop-hdds-docs-0.5.0-SNAPSHOT.jar:/home/user/.m2/repository/io/dropwizard/metrics/metrics-core/3.2.4/metrics-core-3.2.4.jar:/home/user/.m2/repository/org/hamcrest/hamcrest-all/1.3/hamcrest-all-1.3.jar:/home/user/.m2/repository/org/bouncycastle/bcprov-jdk15on/1.60/bcprov-jdk15on-1.60.jar:/home/user/.m2/repository/info/picocli/picocli/3.9.6/picocli-3.9.6.jar:/home/user/.m2/repository/com/google/protobuf/protobuf-java/2.5.0/protobuf-java-2.5.0.jar:/home/user/.m2/repository/com/google/guava/guava/11.0.2/guava-11.0.2.jar:/home/user/.m2/repository/org/apache/hadoop/hadoop-ozone-ozone-manager/0.5.0-SNAPSHOT/hadoop-ozone-ozone-manager-0.5.0-SNAPSHOT.jar:/home/user/.m2/repository/org/apache/hadoop/hadoop-minikdc/3.2.0/hadoop-minikdc-3.2.0.jar:/home/user/.m2/repository/commons-io/commons-io/2.5/commons-io-2.5.jar:/home/user/.m2/repository/org/apache/kerby/kerb-simplekdc/1.0.1/kerb-simplekdc-1.0.1.jar:/home/user/.m2/repository/org/apache/kerby/kerb-client/1.0.1/kerb-client-1.0.1.jar:/home/user/.m2/repository/org/apache/kerby/kerby-config/1.0.1/kerby-config-1.0.1.jar:/home/user/.m2/repository/org/apache/kerby/kerb-core/1.0.1/kerb-core-1.0.1.jar:/home/user/.m2/repository/org/apache/kerby/kerby-pkix/1.0.1/kerby-pkix-1.0.1.jar:/home/user/.m2/repository/org/apache/kerby/kerby-asn1/1.0.1/kerby-asn1-1.0.1.jar:/home/user/.m2/repository/org/apache/kerby/kerby-util/1.0.1/kerby-util-1.0.1.jar:/home/user/.m2/repository/org/apache/kerby/kerb-common/1.0.1/kerb-common-1.0.1.jar:/home/user/.m2/repository/org/apache/kerby/kerb-crypto/1.0.1/kerb-crypto-1.0.1.jar:/home/user/.m2/repository/org/apache/kerby/kerb-util/1.0.1/kerb-util-1.0.1.jar:/home/user/.m2/repository/org/apache/kerby/token-provider/1.0.1/token-provider-1.0.1.jar:/home/user/.m2/repository/org/apache/kerby/kerb-admin/1.0.1/kerb-admin-1.0.1.jar:/home/user/.m2/repository/org/apache/kerby/kerb-server/1.0.1/kerb-server-1.0.1.jar:/home/user/.m2/repository/org/apache/kerby/kerb-identity/1.0.1/kerb-identity-1.0.1.jar:/home/user/.m2/repository/org/apache/kerby/kerby-xdr/1.0.1/kerby-xdr-1.0.1.jar:/home/user/.m2/repository/org/slf4j/slf4j-log4j12/1.7.25/slf4j-log4j12-1.7.25.jar:/home/user/.m2/repository/org/apache/hadoop/hadoop-ozone-s3gateway/0.5.0-SNAPSHOT/hadoop-ozone-s3gateway-0.5.0-SNAPSHOT.jar:/home/user/.m2/repository/org/jboss/weld/servlet/weld-servlet/2.4.7.Final/weld-servlet-2.4.7.Final.jar:/home/user/.m2/repository/org/glassfish/jersey/containers/jersey-container-servlet-core/2.27/jersey-container-servlet-core-2.27.jar:/home/user/.m2/repository/org/glassfish/hk2/external/javax.inject/2.5.0-b42/javax.inject-2.5.0-b42.jar:/home/user/.m2/repository/org/glassfish/jersey/core/jersey-common/2.27/jersey-common-2.27.jar:/home/user/.m2/repository/org/glassfish/hk2/osgi-resource-locator/1.0.1/osgi-resource-locator-1.0.1.jar:/home/user/.m2/repository/javax/ws/rs/javax.ws.rs-api/2.1/javax.ws.rs-api-2.1.jar:/home/user/.m2/repository/org/glassfish/jersey/ext/cdi/jersey-cdi1x/2.27/jersey-cdi1x-2.27.jar:/home/user/.m2/repository/org/glassfish/jersey/inject/jersey-hk2/2.27/jersey-hk2-2.27.jar:/home/user/.m2/repository/org/glassfish/hk2/hk2-locator/2.5.0-b42/hk2-locator-2.5.0-b42.jar:/home/user/.m2/repository/org/javassist/javassist/3.22.0-CR2/javassist-3.22.0-CR2.jar:/home/user/.m2/repository/org/glassfish/hk2/hk2-api/2.5.0/hk2-api-2.5.0.jar:/home/user/.m2/repository/org/glassfish/hk2/external/jakarta.inject/2.5.0/jakarta.inject-2.5.0.jar:/home/user/.m2/repository/org/glassfish/hk2/hk2-utils/2.5.0/hk2-utils-2.5.0.jar:/home/user/.m2/repository/jakarta/annotation/jakarta.annotation-api/1.3.4/jakarta.annotation-api-1.3.4.jar:/home/user/.m2/repository/org/glassfish/hk2/external/aopalliance-repackaged/2.5.0/aopalliance-repackaged-2.5.0.jar:/home/user/.m2/repository/com/fasterxml/jackson/dataformat/jackson-dataformat-xml/2.9.0/jackson-dataformat-xml-2.9.0.jar:/home/user/.m2/repository/com/fasterxml/jackson/core/jackson-core/2.9.9/jackson-core-2.9.9.jar:/home/user/.m2/repository/com/fasterxml/jackson/module/jackson-module-jaxb-annotations/2.9.9/jackson-module-jaxb-annotations-2.9.9.jar:/home/user/.m2/repository/javax/enterprise/cdi-api/1.2/cdi-api-1.2.jar:/home/user/.m2/repository/javax/el/javax.el-api/3.0.0/javax.el-api-3.0.0.jar:/home/user/.m2/repository/javax/interceptor/javax.interceptor-api/1.2/javax.interceptor-api-1.2.jar:/home/user/.m2/repository/javax/inject/javax.inject/1/javax.inject-1.jar:/home/user/.m2/repository/com/sun/xml/bind/jaxb-impl/2.3.0.1/jaxb-impl-2.3.0.1.jar:/home/user/.m2/repository/com/sun/xml/bind/jaxb-core/2.3.0.1/jaxb-core-2.3.0.1.jar:/home/user/.m2/repository/javax/xml/bind/jaxb-api/2.3.0/jaxb-api-2.3.0.jar:/home/user/.m2/repository/javax/activation/activation/1.1.1/activation-1.1.1.jar:/home/user/.m2/repository/org/apache/hadoop/hadoop-ozone-csi/0.5.0-SNAPSHOT/hadoop-ozone-csi-0.5.0-SNAPSHOT.jar:/home/user/.m2/repository/com/google/protobuf/protobuf-java-util/3.5.1/protobuf-java-util-3.5.1.jar:/home/user/.m2/repository/org/apache/hadoop/hadoop-hdds-config/0.5.0-SNAPSHOT/hadoop-hdds-config-0.5.0-SNAPSHOT.jar:/home/user/.m2/repository/io/grpc/grpc-netty/1.17.1/grpc-netty-1.17.1.jar:/home/user/.m2/repository/io/grpc/grpc-core/1.17.1/grpc-core-1.17.1.jar:/home/user/.m2/repository/io/grpc/grpc-context/1.17.1/grpc-context-1.17.1.jar:/home/user/.m2/repository/com/google/errorprone/error_prone_annotations/2.2.0/error_prone_annotations-2.2.0.jar:/home/user/.m2/repository/org/codehaus/mojo/animal-sniffer-annotations/1.17/animal-sniffer-annotations-1.17.jar:/home/user/.m2/repository/io/opencensus/opencensus-api/0.17.0/opencensus-api-0.17.0.jar:/home/user/.m2/repository/io/opencensus/opencensus-contrib-grpc-metrics/0.17.0/opencensus-contrib-grpc-metrics-0.17.0.jar:/home/user/.m2/repository/io/netty/netty-codec-http2/4.1.30.Final/netty-codec-http2-4.1.30.Final.jar:/home/user/.m2/repository/io/netty/netty-codec-http/4.1.30.Final/netty-codec-http-4.1.30.Final.jar:/home/user/.m2/repository/io/netty/netty-codec/4.1.30.Final/netty-codec-4.1.30.Final.jar:/home/user/.m2/repository/io/netty/netty-handler/4.1.30.Final/netty-handler-4.1.30.Final.jar:/home/user/.m2/repository/io/netty/netty-handler-proxy/4.1.30.Final/netty-handler-proxy-4.1.30.Final.jar:/home/user/.m2/repository/io/netty/netty-codec-socks/4.1.30.Final/netty-codec-socks-4.1.30.Final.jar:/home/user/.m2/repository/io/netty/netty-transport-native-epoll/4.1.30.Final/netty-transport-native-epoll-4.1.30.Final.jar:/home/user/.m2/repository/io/netty/netty-common/4.1.30.Final/netty-common-4.1.30.Final.jar:/home/user/.m2/repository/io/netty/netty-buffer/4.1.30.Final/netty-buffer-4.1.30.Final.jar:/home/user/.m2/repository/io/netty/netty-transport/4.1.30.Final/netty-transport-4.1.30.Final.jar:/home/user/.m2/repository/io/netty/netty-resolver/4.1.30.Final/netty-resolver-4.1.30.Final.jar:/home/user/.m2/repository/io/netty/netty-transport-native-unix-common/4.1.30.Final/netty-transport-native-unix-common-4.1.30.Final.jar:/home/user/.m2/repository/io/grpc/grpc-protobuf/1.17.1/grpc-protobuf-1.17.1.jar:/home/user/.m2/repository/com/google/api/grpc/proto-google-common-protos/1.0.0/proto-google-common-protos-1.0.0.jar:/home/user/.m2/repository/io/grpc/grpc-protobuf-lite/1.17.1/grpc-protobuf-lite-1.17.1.jar:/home/user/.m2/repository/io/grpc/grpc-stub/1.17.1/grpc-stub-1.17.1.jar:/home/user/.m2/repository/org/apache/hadoop/hadoop-ozone-recon/0.5.0-SNAPSHOT/hadoop-ozone-recon-0.5.0-SNAPSHOT.jar:/home/user/.m2/repository/org/apache/hadoop/hadoop-ozone-reconcodegen/0.5.0-SNAPSHOT/hadoop-ozone-reconcodegen-0.5.0-SNAPSHOT.jar:/home/user/.m2/repository/com/google/inject/extensions/guice-multibindings/4.0/guice-multibindings-4.0.jar:/home/user/.m2/repository/com/google/inject/guice/4.0/guice-4.0.jar:/home/user/.m2/repository/aopalliance/aopalliance/1.0/aopalliance-1.0.jar:/home/user/.m2/repository/com/google/inject/extensions/guice-servlet/4.0/guice-servlet-4.0.jar:/home/user/.m2/repository/org/glassfish/jersey/containers/jersey-container-servlet/2.27/jersey-container-servlet-2.27.jar:/home/user/.m2/repository/org/glassfish/hk2/guice-bridge/2.5.0/guice-bridge-2.5.0.jar:/home/user/.m2/repository/org/glassfish/jersey/core/jersey-server/2.27/jersey-server-2.27.jar:/home/user/.m2/repository/org/glassfish/jersey/core/jersey-client/2.27/jersey-client-2.27.jar:/home/user/.m2/repository/org/glassfish/jersey/media/jersey-media-jaxb/2.27/jersey-media-jaxb-2.27.jar:/home/user/.m2/repository/javax/validation/validation-api/1.1.0.Final/validation-api-1.1.0.Final.jar:/home/user/.m2/repository/org/glassfish/jersey/media/jersey-media-json-jackson/2.27/jersey-media-json-jackson-2.27.jar:/home/user/.m2/repository/org/glassfish/jersey/ext/jersey-entity-filtering/2.27/jersey-entity-filtering-2.27.jar:/home/user/.m2/repository/com/google/inject/extensions/guice-assistedinject/4.0/guice-assistedinject-4.0.jar:/home/user/.m2/repository/org/jooq/jooq/3.11.10/jooq-3.11.10.jar:/home/user/.m2/repository/org/jooq/jooq-meta/3.11.10/jooq-meta-3.11.10.jar:/home/user/.m2/repository/org/jooq/jooq-codegen/3.11.10/jooq-codegen-3.11.10.jar:/home/user/.m2/repository/com/jolbox/bonecp/0.8.0.RELEASE/bonecp-0.8.0.RELEASE.jar:/home/user/.m2/repository/org/xerial/sqlite-jdbc/3.25.2/sqlite-jdbc-3.25.2.jar:/home/user/.m2/repository/org/springframework/spring-jdbc/5.1.3.RELEASE/spring-jdbc-5.1.3.RELEASE.jar:/home/user/.m2/repository/org/springframework/spring-beans/5.1.3.RELEASE/spring-beans-5.1.3.RELEASE.jar:/home/user/.m2/repository/org/springframework/spring-core/5.1.3.RELEASE/spring-core-5.1.3.RELEASE.jar:/home/user/.m2/repository/org/springframework/spring-jcl/5.1.3.RELEASE/spring-jcl-5.1.3.RELEASE.jar:/home/user/.m2/repository/org/springframework/spring-tx/5.1.3.RELEASE/spring-tx-5.1.3.RELEASE.jar:/home/user/.m2/repository/org/apache/hadoop/hadoop-ozone-client/0.5.0-SNAPSHOT/hadoop-ozone-client-0.5.0-SNAPSHOT.jar:/home/user/.m2/repository/commons-lang/commons-lang/2.6/commons-lang-2.6.jar:/home/user/.m2/repository/org/apache/hadoop/hadoop-ozone-ozone-manager/0.5.0-SNAPSHOT/hadoop-ozone-ozone-manager-0.5.0-SNAPSHOT-tests.jar:/home/user/.m2/repository/junit/junit/4.11/junit-4.11.jar:/home/user/.m2/repository/org/hamcrest/hamcrest-core/1.3/hamcrest-core-1.3.jar:/home/user/.m2/repository/org/openjdk/jmh/jmh-core/1.19/jmh-core-1.19.jar:/home/user/.m2/repository/net/sf/jopt-simple/jopt-simple/4.6/jopt-simple-4.6.jar:/home/user/.m2/repository/org/apache/commons/commons-math3/3.1.1/commons-math3-3.1.1.jar:/home/user/.m2/repository/org/openjdk/jmh/jmh-generator-annprocess/1.19/jmh-generator-annprocess-1.19.jar:/home/user/.m2/repository/org/mockito/mockito-all/1.8.5/mockito-all-1.8.5.jar:/home/user/.m2/repository/org/apache/hadoop/hadoop-kms/3.2.0/hadoop-kms-3.2.0.jar:/home/user/.m2/repository/org/apache/hadoop/hadoop-auth/3.2.0/hadoop-auth-3.2.0.jar:/home/user/.m2/repository/com/nimbusds/nimbus-jose-jwt/4.41.1/nimbus-jose-jwt-4.41.1.jar:/home/user/.m2/repository/com/github/stephenc/jcip/jcip-annotations/1.0-1/jcip-annotations-1.0-1.jar:/home/user/.m2/repository/net/minidev/json-smart/2.3/json-smart-2.3.jar:/home/user/.m2/repository/net/minidev/accessors-smart/1.2/accessors-smart-1.2.jar:/home/user/.m2/repository/org/ow2/asm/asm/5.0.4/asm-5.0.4.jar:/home/user/.m2/repository/org/apache/curator/curator-framework/2.12.0/curator-framework-2.12.0.jar:/home/user/.m2/repository/com/sun/jersey/jersey-core/1.19/jersey-core-1.19.jar:/home/user/.m2/repository/javax/ws/rs/jsr311-api/1.1.1/jsr311-api-1.1.1.jar:/home/user/.m2/repository/com/sun/jersey/jersey-server/1.19/jersey-server-1.19.jar:/home/user/.m2/repository/javax/servlet/javax.servlet-api/3.1.0/javax.servlet-api-3.1.0.jar:/home/user/.m2/repository/org/eclipse/jetty/jetty-server/9.3.25.v20180904/jetty-server-9.3.25.v20180904.jar:/home/user/.m2/repository/org/eclipse/jetty/jetty-http/9.3.25.v20180904/jetty-http-9.3.25.v20180904.jar:/home/user/.m2/repository/org/eclipse/jetty/jetty-io/9.3.25.v20180904/jetty-io-9.3.25.v20180904.jar:/home/user/.m2/repository/org/eclipse/jetty/jetty-webapp/9.3.25.v20180904/jetty-webapp-9.3.25.v20180904.jar:/home/user/.m2/repository/org/eclipse/jetty/jetty-xml/9.3.25.v20180904/jetty-xml-9.3.25.v20180904.jar:/home/user/.m2/repository/log4j/log4j/1.2.17/log4j-1.2.17.jar:/home/user/.m2/repository/org/slf4j/slf4j-api/1.7.25/slf4j-api-1.7.25.jar:/home/user/.m2/repository/org/slf4j/jul-to-slf4j/1.7.25/jul-to-slf4j-1.7.25.jar:/home/user/.m2/repository/org/eclipse/jetty/jetty-util/9.3.25.v20180904/jetty-util-9.3.25.v20180904.jar:/home/user/.m2/repository/com/fasterxml/jackson/core/jackson-databind/2.9.9/jackson-databind-2.9.9.jar:/home/user/.m2/repository/org/apache/hadoop/hadoop-kms/3.2.0/hadoop-kms-3.2.0-tests.jar:/home/user/.m2/repository/org/apache/hadoop/hadoop-hdds-server-scm/0.5.0-SNAPSHOT/hadoop-hdds-server-scm-0.5.0-SNAPSHOT-tests.jar:/home/user/.m2/repository/org/apache/hadoop/hadoop-hdds-container-service/0.5.0-SNAPSHOT/hadoop-hdds-container-service-0.5.0-SNAPSHOT-tests.jar:/home/user/.m2/repository/org/yaml/snakeyaml/1.16/snakeyaml-1.16.jar:/home/user/.m2/repository/org/apache/hadoop/hadoop-common/3.2.0/hadoop-common-3.2.0-tests.jar:/home/user/.m2/repository/org/apache/hadoop/hadoop-annotations/3.2.0/hadoop-annotations-3.2.0.jar:/usr/lib/jvm/java-1.8-openjdk/jre/../lib/tools.jar:/home/user/.m2/repository/commons-cli/commons-cli/1.2/commons-cli-1.2.jar:/home/user/.m2/repository/org/apache/httpcomponents/httpclient/4.5.2/httpclient-4.5.2.jar:/home/user/.m2/repository/org/apache/httpcomponents/httpcore/4.4.4/httpcore-4.4.4.jar:/home/user/.m2/repository/commons-codec/commons-codec/1.11/commons-codec-1.11.jar:/home/user/.m2/repository/commons-net/commons-net/3.6/commons-net-3.6.jar:/home/user/.m2/repository/commons-collections/commons-collections/3.2.2/commons-collections-3.2.2.jar:/home/user/.m2/repository/org/eclipse/jetty/jetty-servlet/9.3.25.v20180904/jetty-servlet-9.3.25.v20180904.jar:/home/user/.m2/repository/org/eclipse/jetty/jetty-security/9.3.25.v20180904/jetty-security-9.3.25.v20180904.jar:/home/user/.m2/repository/javax/servlet/jsp/jsp-api/2.1/jsp-api-2.1.jar:/home/user/.m2/repository/com/sun/jersey/jersey-servlet/1.19/jersey-servlet-1.19.jar:/home/user/.m2/repository/com/sun/jersey/jersey-json/1.19/jersey-json-1.19.jar:/home/user/.m2/repository/org/codehaus/jettison/jettison/1.1/jettison-1.1.jar:/home/user/.m2/repository/org/codehaus/jackson/jackson-core-asl/1.9.13/jackson-core-asl-1.9.13.jar:/home/user/.m2/repository/org/codehaus/jackson/jackson-mapper-asl/1.9.13/jackson-mapper-asl-1.9.13.jar:/home/user/.m2/repository/org/codehaus/jackson/jackson-jaxrs/1.9.13/jackson-jaxrs-1.9.13.jar:/home/user/.m2/repository/org/codehaus/jackson/jackson-xc/1.9.13/jackson-xc-1.9.13.jar:/home/user/.m2/repository/commons-logging/commons-logging/1.1.3/commons-logging-1.1.3.jar:/home/user/.m2/repository/commons-beanutils/commons-beanutils/1.9.4/commons-beanutils-1.9.4.jar:/home/user/.m2/repository/org/apache/commons/commons-configuration2/2.1.1/commons-configuration2-2.1.1.jar:/home/user/.m2/repository/org/apache/commons/commons-lang3/3.7/commons-lang3-3.7.jar:/home/user/.m2/repository/org/apache/commons/commons-text/1.4/commons-text-1.4.jar:/home/user/.m2/repository/org/apache/avro/avro/1.7.7/avro-1.7.7.jar:/home/user/.m2/repository/com/thoughtworks/paranamer/paranamer/2.3/paranamer-2.3.jar:/home/user/.m2/repository/org/xerial/snappy/snappy-java/1.0.5/snappy-java-1.0.5.jar:/home/user/.m2/repository/com/google/re2j/re2j/1.1/re2j-1.1.jar:/home/user/.m2/repository/com/google/code/gson/gson/2.2.4/gson-2.2.4.jar:/home/user/.m2/repository/com/jcraft/jsch/0.1.54/jsch-0.1.54.jar:/home/user/.m2/repository/org/apache/curator/curator-client/2.12.0/curator-client-2.12.0.jar:/home/user/.m2/repository/org/apache/curator/curator-recipes/2.12.0/curator-recipes-2.12.0.jar:/home/user/.m2/repository/com/google/code/findbugs/jsr305/3.0.0/jsr305-3.0.0.jar:/home/user/.m2/repository/org/apache/htrace/htrace-core4/4.1.0-incubating/htrace-core4-4.1.0-incubating.jar:/home/user/.m2/repository/org/apache/zookeeper/zookeeper/3.4.13/zookeeper-3.4.13.jar:/home/user/.m2/repository/jline/jline/0.9.94/jline-0.9.94.jar:/home/user/.m2/repository/org/apache/yetus/audience-annotations/0.5.0/audience-annotations-0.5.0.jar:/home/user/.m2/repository/org/codehaus/woodstox/stax2-api/3.1.4/stax2-api-3.1.4.jar:/home/user/.m2/repository/com/fasterxml/woodstox/woodstox-core/5.0.3/woodstox-core-5.0.3.jar:/home/user/.m2/repository/dnsjava/dnsjava/2.1.7/dnsjava-2.1.7.jar:/home/user/.m2/repository/org/apache/hadoop/hadoop-hdfs/3.2.0/hadoop-hdfs-3.2.0-tests.jar:/home/user/.m2/repository/org/eclipse/jetty/jetty-util-ajax/9.3.25.v20180904/jetty-util-ajax-9.3.25.v20180904.jar:/home/user/.m2/repository/commons-daemon/commons-daemon/1.0.13/commons-daemon-1.0.13.jar:/home/user/.m2/repository/io/netty/netty/3.10.5.Final/netty-3.10.5.Final.jar:/home/user/.m2/repository/io/netty/netty-all/4.0.52.Final/netty-all-4.0.52.Final.jar:/home/user/.m2/repository/org/fusesource/leveldbjni/leveldbjni-all/1.8/leveldbjni-all-1.8.jar:"/>
    <property name="java.vm.vendor" value="IcedTea"/>
    <property name="sun.arch.data.model" value="64"/>
    <property name="test.build.dir" value="/workdir/hadoop-ozone/integration-test/target/test-dir"/>
    <property name="test.cache.data" value=""/>
    <property name="java.vendor.url" value="https://icedtea.classpath.org"/>
    <property name="user.timezone" value=""/>
    <property name="java.vm.specification.version" value="1.8"/>
    <property name="os.name" value="Linux"/>
    <property name="test.build.data" value="/workdir/hadoop-ozone/integration-test/target/test-dir"/>
    <property name="user.country" value="US"/>
    <property name="sun.java.launcher" value="SUN_STANDARD"/>
    <property name="sun.boot.library.path" value="/usr/lib/jvm/java-1.8-openjdk/jre/lib/amd64"/>
    <property name="sun.java.command" value="/workdir/hadoop-ozone/integration-test/target/surefire/surefirebooter6738894028847263295.jar /workdir/hadoop-ozone/integration-test/target/surefire 2019-10-14T14-26-17_211-jvmRun1 surefire8411060437627647023tmp surefire_208369484307606348970tmp"/>
    <property name="test" value="!TestMiniChaosOzoneCluster"/>
    <property name="surefire.test.class.path" value="/workdir/hadoop-ozone/integration-test/target/test-classes:/workdir/hadoop-ozone/integration-test/target/classes:/home/user/.m2/repository/org/apache/hadoop/hadoop-ozone-common/0.5.0-SNAPSHOT/hadoop-ozone-common-0.5.0-SNAPSHOT.jar:/home/user/.m2/repository/org/apache/commons/commons-compress/1.4.1/commons-compress-1.4.1.jar:/home/user/.m2/repository/org/tukaani/xz/1.0/xz-1.0.jar:/home/user/.m2/repository/org/apache/hadoop/hadoop-common/3.2.0/hadoop-common-3.2.0.jar:/home/user/.m2/repository/org/apache/hadoop/hadoop-hdfs/3.2.0/hadoop-hdfs-3.2.0.jar:/home/user/.m2/repository/org/apache/hadoop/hadoop-hdfs-client/3.2.0/hadoop-hdfs-client-3.2.0.jar:/home/user/.m2/repository/com/fasterxml/jackson/core/jackson-annotations/2.9.9/jackson-annotations-2.9.9.jar:/home/user/.m2/repository/org/apache/hadoop/hadoop-hdds-common/0.5.0-SNAPSHOT/hadoop-hdds-common-0.5.0-SNAPSHOT.jar:/home/user/.m2/repository/javax/annotation/javax.annotation-api/1.2/javax.annotation-api-1.2.jar:/home/user/.m2/repository/org/apache/ratis/ratis-server/0.4.0/ratis-server-0.4.0.jar:/home/user/.m2/repository/org/apache/ratis/ratis-thirdparty-misc/0.2.0/ratis-thirdparty-misc-0.2.0.jar:/home/user/.m2/repository/org/apache/ratis/ratis-proto/0.4.0/ratis-proto-0.4.0.jar:/home/user/.m2/repository/org/apache/ratis/ratis-common/0.4.0/ratis-common-0.4.0.jar:/home/user/.m2/repository/org/apache/ratis/ratis-client/0.4.0/ratis-client-0.4.0.jar:/home/user/.m2/repository/org/apache/ratis/ratis-metrics/0.4.0/ratis-metrics-0.4.0.jar:/home/user/.m2/repository/com/github/joshelser/dropwizard-metrics-hadoop-metrics2-reporter/0.1.2/dropwizard-metrics-hadoop-metrics2-reporter-0.1.2.jar:/home/user/.m2/repository/io/dropwizard/metrics/metrics-jvm/3.2.5/metrics-jvm-3.2.5.jar:/home/user/.m2/repository/io/dropwizard/metrics/metrics-ganglia/3.2.5/metrics-ganglia-3.2.5.jar:/home/user/.m2/repository/info/ganglia/gmetric4j/gmetric4j/1.0.7/gmetric4j-1.0.7.jar:/home/user/.m2/repository/org/apache/ratis/ratis-netty/0.4.0/ratis-netty-0.4.0.jar:/home/user/.m2/repository/org/apache/ratis/ratis-grpc/0.4.0/ratis-grpc-0.4.0.jar:/home/user/.m2/repository/org/rocksdb/rocksdbjni/6.0.1/rocksdbjni-6.0.1.jar:/home/user/.m2/repository/org/apache/logging/log4j/log4j-api/2.11.0/log4j-api-2.11.0.jar:/home/user/.m2/repository/org/apache/logging/log4j/log4j-core/2.11.0/log4j-core-2.11.0.jar:/home/user/.m2/repository/com/lmax/disruptor/3.4.2/disruptor-3.4.2.jar:/home/user/.m2/repository/org/apache/commons/commons-pool2/2.6.0/commons-pool2-2.6.0.jar:/home/user/.m2/repository/org/bouncycastle/bcpkix-jdk15on/1.60/bcpkix-jdk15on-1.60.jar:/home/user/.m2/repository/commons-validator/commons-validator/1.6/commons-validator-1.6.jar:/home/user/.m2/repository/commons-digester/commons-digester/1.8.1/commons-digester-1.8.1.jar:/home/user/.m2/repository/io/jaegertracing/jaeger-client/0.34.0/jaeger-client-0.34.0.jar:/home/user/.m2/repository/io/jaegertracing/jaeger-thrift/0.34.0/jaeger-thrift-0.34.0.jar:/home/user/.m2/repository/org/apache/thrift/libthrift/0.12.0/libthrift-0.12.0.jar:/home/user/.m2/repository/com/squareup/okhttp3/okhttp/3.9.0/okhttp-3.9.0.jar:/home/user/.m2/repository/com/squareup/okio/okio/1.13.0/okio-1.13.0.jar:/home/user/.m2/repository/io/jaegertracing/jaeger-core/0.34.0/jaeger-core-0.34.0.jar:/home/user/.m2/repository/io/jaegertracing/jaeger-tracerresolver/0.34.0/jaeger-tracerresolver-0.34.0.jar:/home/user/.m2/repository/io/opentracing/contrib/opentracing-tracerresolver/0.1.5/opentracing-tracerresolver-0.1.5.jar:/home/user/.m2/repository/io/opentracing/opentracing-util/0.31.0/opentracing-util-0.31.0.jar:/home/user/.m2/repository/io/opentracing/opentracing-api/0.31.0/opentracing-api-0.31.0.jar:/home/user/.m2/repository/io/opentracing/opentracing-noop/0.31.0/opentracing-noop-0.31.0.jar:/home/user/.m2/repository/org/apache/hadoop/hadoop-hdds-server-framework/0.5.0-SNAPSHOT/hadoop-hdds-server-framework-0.5.0-SNAPSHOT.jar:/home/user/.m2/repository/org/apache/hadoop/hadoop-hdds-container-service/0.5.0-SNAPSHOT/hadoop-hdds-container-service-0.5.0-SNAPSHOT.jar:/home/user/.m2/repository/org/apache/hadoop/hadoop-hdds-client/0.5.0-SNAPSHOT/hadoop-hdds-client-0.5.0-SNAPSHOT.jar:/home/user/.m2/repository/org/apache/hadoop/hadoop-hdds-tools/0.5.0-SNAPSHOT/hadoop-hdds-tools-0.5.0-SNAPSHOT.jar:/home/user/.m2/repository/org/apache/hadoop/hadoop-hdds-server-scm/0.5.0-SNAPSHOT/hadoop-hdds-server-scm-0.5.0-SNAPSHOT.jar:/home/user/.m2/repository/org/apache/hadoop/hadoop-hdds-docs/0.5.0-SNAPSHOT/hadoop-hdds-docs-0.5.0-SNAPSHOT.jar:/home/user/.m2/repository/io/dropwizard/metrics/metrics-core/3.2.4/metrics-core-3.2.4.jar:/home/user/.m2/repository/org/hamcrest/hamcrest-all/1.3/hamcrest-all-1.3.jar:/home/user/.m2/repository/org/bouncycastle/bcprov-jdk15on/1.60/bcprov-jdk15on-1.60.jar:/home/user/.m2/repository/info/picocli/picocli/3.9.6/picocli-3.9.6.jar:/home/user/.m2/repository/com/google/protobuf/protobuf-java/2.5.0/protobuf-java-2.5.0.jar:/home/user/.m2/repository/com/google/guava/guava/11.0.2/guava-11.0.2.jar:/home/user/.m2/repository/org/apache/hadoop/hadoop-ozone-ozone-manager/0.5.0-SNAPSHOT/hadoop-ozone-ozone-manager-0.5.0-SNAPSHOT.jar:/home/user/.m2/repository/org/apache/hadoop/hadoop-minikdc/3.2.0/hadoop-minikdc-3.2.0.jar:/home/user/.m2/repository/commons-io/commons-io/2.5/commons-io-2.5.jar:/home/user/.m2/repository/org/apache/kerby/kerb-simplekdc/1.0.1/kerb-simplekdc-1.0.1.jar:/home/user/.m2/repository/org/apache/kerby/kerb-client/1.0.1/kerb-client-1.0.1.jar:/home/user/.m2/repository/org/apache/kerby/kerby-config/1.0.1/kerby-config-1.0.1.jar:/home/user/.m2/repository/org/apache/kerby/kerb-core/1.0.1/kerb-core-1.0.1.jar:/home/user/.m2/repository/org/apache/kerby/kerby-pkix/1.0.1/kerby-pkix-1.0.1.jar:/home/user/.m2/repository/org/apache/kerby/kerby-asn1/1.0.1/kerby-asn1-1.0.1.jar:/home/user/.m2/repository/org/apache/kerby/kerby-util/1.0.1/kerby-util-1.0.1.jar:/home/user/.m2/repository/org/apache/kerby/kerb-common/1.0.1/kerb-common-1.0.1.jar:/home/user/.m2/repository/org/apache/kerby/kerb-crypto/1.0.1/kerb-crypto-1.0.1.jar:/home/user/.m2/repository/org/apache/kerby/kerb-util/1.0.1/kerb-util-1.0.1.jar:/home/user/.m2/repository/org/apache/kerby/token-provider/1.0.1/token-provider-1.0.1.jar:/home/user/.m2/repository/org/apache/kerby/kerb-admin/1.0.1/kerb-admin-1.0.1.jar:/home/user/.m2/repository/org/apache/kerby/kerb-server/1.0.1/kerb-server-1.0.1.jar:/home/user/.m2/repository/org/apache/kerby/kerb-identity/1.0.1/kerb-identity-1.0.1.jar:/home/user/.m2/repository/org/apache/kerby/kerby-xdr/1.0.1/kerby-xdr-1.0.1.jar:/home/user/.m2/repository/org/slf4j/slf4j-log4j12/1.7.25/slf4j-log4j12-1.7.25.jar:/home/user/.m2/repository/org/apache/hadoop/hadoop-ozone-s3gateway/0.5.0-SNAPSHOT/hadoop-ozone-s3gateway-0.5.0-SNAPSHOT.jar:/home/user/.m2/repository/org/jboss/weld/servlet/weld-servlet/2.4.7.Final/weld-servlet-2.4.7.Final.jar:/home/user/.m2/repository/org/glassfish/jersey/containers/jersey-container-servlet-core/2.27/jersey-container-servlet-core-2.27.jar:/home/user/.m2/repository/org/glassfish/hk2/external/javax.inject/2.5.0-b42/javax.inject-2.5.0-b42.jar:/home/user/.m2/repository/org/glassfish/jersey/core/jersey-common/2.27/jersey-common-2.27.jar:/home/user/.m2/repository/org/glassfish/hk2/osgi-resource-locator/1.0.1/osgi-resource-locator-1.0.1.jar:/home/user/.m2/repository/javax/ws/rs/javax.ws.rs-api/2.1/javax.ws.rs-api-2.1.jar:/home/user/.m2/repository/org/glassfish/jersey/ext/cdi/jersey-cdi1x/2.27/jersey-cdi1x-2.27.jar:/home/user/.m2/repository/org/glassfish/jersey/inject/jersey-hk2/2.27/jersey-hk2-2.27.jar:/home/user/.m2/repository/org/glassfish/hk2/hk2-locator/2.5.0-b42/hk2-locator-2.5.0-b42.jar:/home/user/.m2/repository/org/javassist/javassist/3.22.0-CR2/javassist-3.22.0-CR2.jar:/home/user/.m2/repository/org/glassfish/hk2/hk2-api/2.5.0/hk2-api-2.5.0.jar:/home/user/.m2/repository/org/glassfish/hk2/external/jakarta.inject/2.5.0/jakarta.inject-2.5.0.jar:/home/user/.m2/repository/org/glassfish/hk2/hk2-utils/2.5.0/hk2-utils-2.5.0.jar:/home/user/.m2/repository/jakarta/annotation/jakarta.annotation-api/1.3.4/jakarta.annotation-api-1.3.4.jar:/home/user/.m2/repository/org/glassfish/hk2/external/aopalliance-repackaged/2.5.0/aopalliance-repackaged-2.5.0.jar:/home/user/.m2/repository/com/fasterxml/jackson/dataformat/jackson-dataformat-xml/2.9.0/jackson-dataformat-xml-2.9.0.jar:/home/user/.m2/repository/com/fasterxml/jackson/core/jackson-core/2.9.9/jackson-core-2.9.9.jar:/home/user/.m2/repository/com/fasterxml/jackson/module/jackson-module-jaxb-annotations/2.9.9/jackson-module-jaxb-annotations-2.9.9.jar:/home/user/.m2/repository/javax/enterprise/cdi-api/1.2/cdi-api-1.2.jar:/home/user/.m2/repository/javax/el/javax.el-api/3.0.0/javax.el-api-3.0.0.jar:/home/user/.m2/repository/javax/interceptor/javax.interceptor-api/1.2/javax.interceptor-api-1.2.jar:/home/user/.m2/repository/javax/inject/javax.inject/1/javax.inject-1.jar:/home/user/.m2/repository/com/sun/xml/bind/jaxb-impl/2.3.0.1/jaxb-impl-2.3.0.1.jar:/home/user/.m2/repository/com/sun/xml/bind/jaxb-core/2.3.0.1/jaxb-core-2.3.0.1.jar:/home/user/.m2/repository/javax/xml/bind/jaxb-api/2.3.0/jaxb-api-2.3.0.jar:/home/user/.m2/repository/javax/activation/activation/1.1.1/activation-1.1.1.jar:/home/user/.m2/repository/org/apache/hadoop/hadoop-ozone-csi/0.5.0-SNAPSHOT/hadoop-ozone-csi-0.5.0-SNAPSHOT.jar:/home/user/.m2/repository/com/google/protobuf/protobuf-java-util/3.5.1/protobuf-java-util-3.5.1.jar:/home/user/.m2/repository/org/apache/hadoop/hadoop-hdds-config/0.5.0-SNAPSHOT/hadoop-hdds-config-0.5.0-SNAPSHOT.jar:/home/user/.m2/repository/io/grpc/grpc-netty/1.17.1/grpc-netty-1.17.1.jar:/home/user/.m2/repository/io/grpc/grpc-core/1.17.1/grpc-core-1.17.1.jar:/home/user/.m2/repository/io/grpc/grpc-context/1.17.1/grpc-context-1.17.1.jar:/home/user/.m2/repository/com/google/errorprone/error_prone_annotations/2.2.0/error_prone_annotations-2.2.0.jar:/home/user/.m2/repository/org/codehaus/mojo/animal-sniffer-annotations/1.17/animal-sniffer-annotations-1.17.jar:/home/user/.m2/repository/io/opencensus/opencensus-api/0.17.0/opencensus-api-0.17.0.jar:/home/user/.m2/repository/io/opencensus/opencensus-contrib-grpc-metrics/0.17.0/opencensus-contrib-grpc-metrics-0.17.0.jar:/home/user/.m2/repository/io/netty/netty-codec-http2/4.1.30.Final/netty-codec-http2-4.1.30.Final.jar:/home/user/.m2/repository/io/netty/netty-codec-http/4.1.30.Final/netty-codec-http-4.1.30.Final.jar:/home/user/.m2/repository/io/netty/netty-codec/4.1.30.Final/netty-codec-4.1.30.Final.jar:/home/user/.m2/repository/io/netty/netty-handler/4.1.30.Final/netty-handler-4.1.30.Final.jar:/home/user/.m2/repository/io/netty/netty-handler-proxy/4.1.30.Final/netty-handler-proxy-4.1.30.Final.jar:/home/user/.m2/repository/io/netty/netty-codec-socks/4.1.30.Final/netty-codec-socks-4.1.30.Final.jar:/home/user/.m2/repository/io/netty/netty-transport-native-epoll/4.1.30.Final/netty-transport-native-epoll-4.1.30.Final.jar:/home/user/.m2/repository/io/netty/netty-common/4.1.30.Final/netty-common-4.1.30.Final.jar:/home/user/.m2/repository/io/netty/netty-buffer/4.1.30.Final/netty-buffer-4.1.30.Final.jar:/home/user/.m2/repository/io/netty/netty-transport/4.1.30.Final/netty-transport-4.1.30.Final.jar:/home/user/.m2/repository/io/netty/netty-resolver/4.1.30.Final/netty-resolver-4.1.30.Final.jar:/home/user/.m2/repository/io/netty/netty-transport-native-unix-common/4.1.30.Final/netty-transport-native-unix-common-4.1.30.Final.jar:/home/user/.m2/repository/io/grpc/grpc-protobuf/1.17.1/grpc-protobuf-1.17.1.jar:/home/user/.m2/repository/com/google/api/grpc/proto-google-common-protos/1.0.0/proto-google-common-protos-1.0.0.jar:/home/user/.m2/repository/io/grpc/grpc-protobuf-lite/1.17.1/grpc-protobuf-lite-1.17.1.jar:/home/user/.m2/repository/io/grpc/grpc-stub/1.17.1/grpc-stub-1.17.1.jar:/home/user/.m2/repository/org/apache/hadoop/hadoop-ozone-recon/0.5.0-SNAPSHOT/hadoop-ozone-recon-0.5.0-SNAPSHOT.jar:/home/user/.m2/repository/org/apache/hadoop/hadoop-ozone-reconcodegen/0.5.0-SNAPSHOT/hadoop-ozone-reconcodegen-0.5.0-SNAPSHOT.jar:/home/user/.m2/repository/com/google/inject/extensions/guice-multibindings/4.0/guice-multibindings-4.0.jar:/home/user/.m2/repository/com/google/inject/guice/4.0/guice-4.0.jar:/home/user/.m2/repository/aopalliance/aopalliance/1.0/aopalliance-1.0.jar:/home/user/.m2/repository/com/google/inject/extensions/guice-servlet/4.0/guice-servlet-4.0.jar:/home/user/.m2/repository/org/glassfish/jersey/containers/jersey-container-servlet/2.27/jersey-container-servlet-2.27.jar:/home/user/.m2/repository/org/glassfish/hk2/guice-bridge/2.5.0/guice-bridge-2.5.0.jar:/home/user/.m2/repository/org/glassfish/jersey/core/jersey-server/2.27/jersey-server-2.27.jar:/home/user/.m2/repository/org/glassfish/jersey/core/jersey-client/2.27/jersey-client-2.27.jar:/home/user/.m2/repository/org/glassfish/jersey/media/jersey-media-jaxb/2.27/jersey-media-jaxb-2.27.jar:/home/user/.m2/repository/javax/validation/validation-api/1.1.0.Final/validation-api-1.1.0.Final.jar:/home/user/.m2/repository/org/glassfish/jersey/media/jersey-media-json-jackson/2.27/jersey-media-json-jackson-2.27.jar:/home/user/.m2/repository/org/glassfish/jersey/ext/jersey-entity-filtering/2.27/jersey-entity-filtering-2.27.jar:/home/user/.m2/repository/com/google/inject/extensions/guice-assistedinject/4.0/guice-assistedinject-4.0.jar:/home/user/.m2/repository/org/jooq/jooq/3.11.10/jooq-3.11.10.jar:/home/user/.m2/repository/org/jooq/jooq-meta/3.11.10/jooq-meta-3.11.10.jar:/home/user/.m2/repository/org/jooq/jooq-codegen/3.11.10/jooq-codegen-3.11.10.jar:/home/user/.m2/repository/com/jolbox/bonecp/0.8.0.RELEASE/bonecp-0.8.0.RELEASE.jar:/home/user/.m2/repository/org/xerial/sqlite-jdbc/3.25.2/sqlite-jdbc-3.25.2.jar:/home/user/.m2/repository/org/springframework/spring-jdbc/5.1.3.RELEASE/spring-jdbc-5.1.3.RELEASE.jar:/home/user/.m2/repository/org/springframework/spring-beans/5.1.3.RELEASE/spring-beans-5.1.3.RELEASE.jar:/home/user/.m2/repository/org/springframework/spring-core/5.1.3.RELEASE/spring-core-5.1.3.RELEASE.jar:/home/user/.m2/repository/org/springframework/spring-jcl/5.1.3.RELEASE/spring-jcl-5.1.3.RELEASE.jar:/home/user/.m2/repository/org/springframework/spring-tx/5.1.3.RELEASE/spring-tx-5.1.3.RELEASE.jar:/home/user/.m2/repository/org/apache/hadoop/hadoop-ozone-client/0.5.0-SNAPSHOT/hadoop-ozone-client-0.5.0-SNAPSHOT.jar:/home/user/.m2/repository/commons-lang/commons-lang/2.6/commons-lang-2.6.jar:/home/user/.m2/repository/org/apache/hadoop/hadoop-ozone-ozone-manager/0.5.0-SNAPSHOT/hadoop-ozone-ozone-manager-0.5.0-SNAPSHOT-tests.jar:/home/user/.m2/repository/junit/junit/4.11/junit-4.11.jar:/home/user/.m2/repository/org/hamcrest/hamcrest-core/1.3/hamcrest-core-1.3.jar:/home/user/.m2/repository/org/openjdk/jmh/jmh-core/1.19/jmh-core-1.19.jar:/home/user/.m2/repository/net/sf/jopt-simple/jopt-simple/4.6/jopt-simple-4.6.jar:/home/user/.m2/repository/org/apache/commons/commons-math3/3.1.1/commons-math3-3.1.1.jar:/home/user/.m2/repository/org/openjdk/jmh/jmh-generator-annprocess/1.19/jmh-generator-annprocess-1.19.jar:/home/user/.m2/repository/org/mockito/mockito-all/1.8.5/mockito-all-1.8.5.jar:/home/user/.m2/repository/org/apache/hadoop/hadoop-kms/3.2.0/hadoop-kms-3.2.0.jar:/home/user/.m2/repository/org/apache/hadoop/hadoop-auth/3.2.0/hadoop-auth-3.2.0.jar:/home/user/.m2/repository/com/nimbusds/nimbus-jose-jwt/4.41.1/nimbus-jose-jwt-4.41.1.jar:/home/user/.m2/repository/com/github/stephenc/jcip/jcip-annotations/1.0-1/jcip-annotations-1.0-1.jar:/home/user/.m2/repository/net/minidev/json-smart/2.3/json-smart-2.3.jar:/home/user/.m2/repository/net/minidev/accessors-smart/1.2/accessors-smart-1.2.jar:/home/user/.m2/repository/org/ow2/asm/asm/5.0.4/asm-5.0.4.jar:/home/user/.m2/repository/org/apache/curator/curator-framework/2.12.0/curator-framework-2.12.0.jar:/home/user/.m2/repository/com/sun/jersey/jersey-core/1.19/jersey-core-1.19.jar:/home/user/.m2/repository/javax/ws/rs/jsr311-api/1.1.1/jsr311-api-1.1.1.jar:/home/user/.m2/repository/com/sun/jersey/jersey-server/1.19/jersey-server-1.19.jar:/home/user/.m2/repository/javax/servlet/javax.servlet-api/3.1.0/javax.servlet-api-3.1.0.jar:/home/user/.m2/repository/org/eclipse/jetty/jetty-server/9.3.25.v20180904/jetty-server-9.3.25.v20180904.jar:/home/user/.m2/repository/org/eclipse/jetty/jetty-http/9.3.25.v20180904/jetty-http-9.3.25.v20180904.jar:/home/user/.m2/repository/org/eclipse/jetty/jetty-io/9.3.25.v20180904/jetty-io-9.3.25.v20180904.jar:/home/user/.m2/repository/org/eclipse/jetty/jetty-webapp/9.3.25.v20180904/jetty-webapp-9.3.25.v20180904.jar:/home/user/.m2/repository/org/eclipse/jetty/jetty-xml/9.3.25.v20180904/jetty-xml-9.3.25.v20180904.jar:/home/user/.m2/repository/log4j/log4j/1.2.17/log4j-1.2.17.jar:/home/user/.m2/repository/org/slf4j/slf4j-api/1.7.25/slf4j-api-1.7.25.jar:/home/user/.m2/repository/org/slf4j/jul-to-slf4j/1.7.25/jul-to-slf4j-1.7.25.jar:/home/user/.m2/repository/org/eclipse/jetty/jetty-util/9.3.25.v20180904/jetty-util-9.3.25.v20180904.jar:/home/user/.m2/repository/com/fasterxml/jackson/core/jackson-databind/2.9.9/jackson-databind-2.9.9.jar:/home/user/.m2/repository/org/apache/hadoop/hadoop-kms/3.2.0/hadoop-kms-3.2.0-tests.jar:/home/user/.m2/repository/org/apache/hadoop/hadoop-hdds-server-scm/0.5.0-SNAPSHOT/hadoop-hdds-server-scm-0.5.0-SNAPSHOT-tests.jar:/home/user/.m2/repository/org/apache/hadoop/hadoop-hdds-container-service/0.5.0-SNAPSHOT/hadoop-hdds-container-service-0.5.0-SNAPSHOT-tests.jar:/home/user/.m2/repository/org/yaml/snakeyaml/1.16/snakeyaml-1.16.jar:/home/user/.m2/repository/org/apache/hadoop/hadoop-common/3.2.0/hadoop-common-3.2.0-tests.jar:/home/user/.m2/repository/org/apache/hadoop/hadoop-annotations/3.2.0/hadoop-annotations-3.2.0.jar:/usr/lib/jvm/java-1.8-openjdk/jre/../lib/tools.jar:/home/user/.m2/repository/commons-cli/commons-cli/1.2/commons-cli-1.2.jar:/home/user/.m2/repository/org/apache/httpcomponents/httpclient/4.5.2/httpclient-4.5.2.jar:/home/user/.m2/repository/org/apache/httpcomponents/httpcore/4.4.4/httpcore-4.4.4.jar:/home/user/.m2/repository/commons-codec/commons-codec/1.11/commons-codec-1.11.jar:/home/user/.m2/repository/commons-net/commons-net/3.6/commons-net-3.6.jar:/home/user/.m2/repository/commons-collections/commons-collections/3.2.2/commons-collections-3.2.2.jar:/home/user/.m2/repository/org/eclipse/jetty/jetty-servlet/9.3.25.v20180904/jetty-servlet-9.3.25.v20180904.jar:/home/user/.m2/repository/org/eclipse/jetty/jetty-security/9.3.25.v20180904/jetty-security-9.3.25.v20180904.jar:/home/user/.m2/repository/javax/servlet/jsp/jsp-api/2.1/jsp-api-2.1.jar:/home/user/.m2/repository/com/sun/jersey/jersey-servlet/1.19/jersey-servlet-1.19.jar:/home/user/.m2/repository/com/sun/jersey/jersey-json/1.19/jersey-json-1.19.jar:/home/user/.m2/repository/org/codehaus/jettison/jettison/1.1/jettison-1.1.jar:/home/user/.m2/repository/org/codehaus/jackson/jackson-core-asl/1.9.13/jackson-core-asl-1.9.13.jar:/home/user/.m2/repository/org/codehaus/jackson/jackson-mapper-asl/1.9.13/jackson-mapper-asl-1.9.13.jar:/home/user/.m2/repository/org/codehaus/jackson/jackson-jaxrs/1.9.13/jackson-jaxrs-1.9.13.jar:/home/user/.m2/repository/org/codehaus/jackson/jackson-xc/1.9.13/jackson-xc-1.9.13.jar:/home/user/.m2/repository/commons-logging/commons-logging/1.1.3/commons-logging-1.1.3.jar:/home/user/.m2/repository/commons-beanutils/commons-beanutils/1.9.4/commons-beanutils-1.9.4.jar:/home/user/.m2/repository/org/apache/commons/commons-configuration2/2.1.1/commons-configuration2-2.1.1.jar:/home/user/.m2/repository/org/apache/commons/commons-lang3/3.7/commons-lang3-3.7.jar:/home/user/.m2/repository/org/apache/commons/commons-text/1.4/commons-text-1.4.jar:/home/user/.m2/repository/org/apache/avro/avro/1.7.7/avro-1.7.7.jar:/home/user/.m2/repository/com/thoughtworks/paranamer/paranamer/2.3/paranamer-2.3.jar:/home/user/.m2/repository/org/xerial/snappy/snappy-java/1.0.5/snappy-java-1.0.5.jar:/home/user/.m2/repository/com/google/re2j/re2j/1.1/re2j-1.1.jar:/home/user/.m2/repository/com/google/code/gson/gson/2.2.4/gson-2.2.4.jar:/home/user/.m2/repository/com/jcraft/jsch/0.1.54/jsch-0.1.54.jar:/home/user/.m2/repository/org/apache/curator/curator-client/2.12.0/curator-client-2.12.0.jar:/home/user/.m2/repository/org/apache/curator/curator-recipes/2.12.0/curator-recipes-2.12.0.jar:/home/user/.m2/repository/com/google/code/findbugs/jsr305/3.0.0/jsr305-3.0.0.jar:/home/user/.m2/repository/org/apache/htrace/htrace-core4/4.1.0-incubating/htrace-core4-4.1.0-incubating.jar:/home/user/.m2/repository/org/apache/zookeeper/zookeeper/3.4.13/zookeeper-3.4.13.jar:/home/user/.m2/repository/jline/jline/0.9.94/jline-0.9.94.jar:/home/user/.m2/repository/org/apache/yetus/audience-annotations/0.5.0/audience-annotations-0.5.0.jar:/home/user/.m2/repository/org/codehaus/woodstox/stax2-api/3.1.4/stax2-api-3.1.4.jar:/home/user/.m2/repository/com/fasterxml/woodstox/woodstox-core/5.0.3/woodstox-core-5.0.3.jar:/home/user/.m2/repository/dnsjava/dnsjava/2.1.7/dnsjava-2.1.7.jar:/home/user/.m2/repository/org/apache/hadoop/hadoop-hdfs/3.2.0/hadoop-hdfs-3.2.0-tests.jar:/home/user/.m2/repository/org/eclipse/jetty/jetty-util-ajax/9.3.25.v20180904/jetty-util-ajax-9.3.25.v20180904.jar:/home/user/.m2/repository/commons-daemon/commons-daemon/1.0.13/commons-daemon-1.0.13.jar:/home/user/.m2/repository/io/netty/netty/3.10.5.Final/netty-3.10.5.Final.jar:/home/user/.m2/repository/io/netty/netty-all/4.0.52.Final/netty-all-4.0.52.Final.jar:/home/user/.m2/repository/org/fusesource/leveldbjni/leveldbjni-all/1.8/leveldbjni-all-1.8.jar:"/>
    <property name="sun.cpu.endian" value="little"/>
    <property name="user.home" value="/home/user"/>
    <property name="user.language" value="en"/>
    <property name="java.specification.vendor" value="Oracle Corporation"/>
    <property name="java.home" value="/usr/lib/jvm/java-1.8-openjdk/jre"/>
    <property name="java.security.krb5.conf" value="/workdir/hadoop-ozone/integration-test/target/test-classes/krb5.conf"/>
    <property name="basedir" value="/workdir/hadoop-ozone/integration-test"/>
    <property name="file.separator" value="/"/>
    <property name="line.separator" value="&#10;"/>
    <property name="java.vm.specification.vendor" value="Oracle Corporation"/>
    <property name="java.specification.name" value="Java Platform API Specification"/>
    <property name="java.awt.graphicsenv" value="sun.awt.X11GraphicsEnvironment"/>
    <property name="surefire.real.class.path" value="/workdir/hadoop-ozone/integration-test/target/surefire/surefirebooter6738894028847263295.jar"/>
    <property name="hadoop.log.dir" value="/workdir/hadoop-ozone/integration-test/target/log"/>
    <property name="sun.boot.class.path" value="/usr/lib/jvm/java-1.8-openjdk/jre/lib/resources.jar:/usr/lib/jvm/java-1.8-openjdk/jre/lib/rt.jar:/usr/lib/jvm/java-1.8-openjdk/jre/lib/sunrsasign.jar:/usr/lib/jvm/java-1.8-openjdk/jre/lib/jsse.jar:/usr/lib/jvm/java-1.8-openjdk/jre/lib/jce.jar:/usr/lib/jvm/java-1.8-openjdk/jre/lib/charsets.jar:/usr/lib/jvm/java-1.8-openjdk/jre/lib/jfr.jar:/usr/lib/jvm/java-1.8-openjdk/jre/classes"/>
    <property name="sun.management.compiler" value="HotSpot 64-Bit Tiered Compilers"/>
    <property name="java.runtime.version" value="1.8.0_212-b04"/>
    <property name="java.net.preferIPv4Stack" value="true"/>
    <property name="user.name" value="jenkins1000"/>
    <property name="path.separator" value=":"/>
    <property name="java.security.egd" value="file:///dev/urandom"/>
    <property name="os.version" value="3.10.0-957.12.2.el7.x86_64"/>
    <property name="java.endorsed.dirs" value="/usr/lib/jvm/java-1.8-openjdk/jre/lib/endorsed"/>
    <property name="java.runtime.name" value="OpenJDK Runtime Environment"/>
    <property name="file.encoding" value="UTF-8"/>
    <property name="java.vm.name" value="OpenJDK 64-Bit Server VM"/>
    <property name="test.build.webapps" value=""/>
    <property name="localRepository" value="/home/user/.m2/repository"/>
    <property name="java.vendor.url.bug" value="https://icedtea.classpath.org/bugzilla"/>
    <property name="java.io.tmpdir" value="/tmp"/>
    <property name="require.test.libhadoop" value=""/>
    <property name="java.version" value="1.8.0_212"/>
    <property name="user.dir" value="/workdir/hadoop-ozone/integration-test"/>
    <property name="os.arch" value="amd64"/>
    <property name="java.vm.specification.name" value="Java Virtual Machine Specification"/>
    <property name="test.build.classes" value="/workdir/hadoop-ozone/integration-test/target/test-classes"/>
    <property name="java.awt.printerjob" value="sun.print.PSPrinterJob"/>
    <property name="sun.os.patch.level" value="unknown"/>
    <property name="hadoop.tmp.dir" value="/workdir/hadoop-ozone/integration-test/target/tmp"/>
    <property name="java.library.path" value="/usr/lib/jvm/java-1.8-openjdk/jre/lib/amd64/server:/usr/lib/jvm/java-1.8-openjdk/jre/lib/amd64:/usr/lib/jvm/java-1.8-openjdk/jre/../lib/amd64:/workdir/hadoop-ozone/integration-test/target/native/target/usr/local/lib:/workdir/hadoop-ozone/integration-test/../../hadoop-common-project/hadoop-common/target/native/target/usr/local/lib:/usr/java/packages/lib/amd64:/usr/lib64:/lib64:/lib:/usr/lib"/>
    <property name="java.vm.info" value="mixed mode"/>
    <property name="java.vendor" value="IcedTea"/>
    <property name="java.vm.version" value="25.212-b04"/>
    <property name="java.ext.dirs" value="/usr/lib/jvm/java-1.8-openjdk/jre/lib/ext:/usr/java/packages/lib/ext"/>
    <property name="sun.io.unicode.encoding" value="UnicodeLittle"/>
    <property name="java.class.version" value="52.0"/>
  </properties>
  <testcase name="testWatchForCommitWithKeyWrite" classname="org.apache.hadoop.ozone.client.rpc.TestWatchForCommit" time="77.592">
    <failure message="expected:&lt;2&gt; but was:&lt;3&gt;" type="java.lang.AssertionError"><![CDATA[java.lang.AssertionError: expected:<2> but was:<3>
	at org.junit.Assert.fail(Assert.java:88)
	at org.junit.Assert.failNotEquals(Assert.java:743)
	at org.junit.Assert.assertEquals(Assert.java:118)
	at org.junit.Assert.assertEquals(Assert.java:555)
	at org.junit.Assert.assertEquals(Assert.java:542)
	at org.apache.hadoop.ozone.client.rpc.TestWatchForCommit.testWatchForCommitWithKeyWrite(TestWatchForCommit.java:245)
	at sun.reflect.NativeMethodAccessorImpl.invoke0(Native Method)
	at sun.reflect.NativeMethodAccessorImpl.invoke(NativeMethodAccessorImpl.java:62)
	at sun.reflect.DelegatingMethodAccessorImpl.invoke(DelegatingMethodAccessorImpl.java:43)
	at java.lang.reflect.Method.invoke(Method.java:498)
	at org.junit.runners.model.FrameworkMethod$1.runReflectiveCall(FrameworkMethod.java:47)
	at org.junit.internal.runners.model.ReflectiveCallable.run(ReflectiveCallable.java:12)
	at org.junit.runners.model.FrameworkMethod.invokeExplosively(FrameworkMethod.java:44)
	at org.junit.internal.runners.statements.InvokeMethod.evaluate(InvokeMethod.java:17)
	at org.junit.runners.ParentRunner.runLeaf(ParentRunner.java:271)
	at org.junit.runners.BlockJUnit4ClassRunner.runChild(BlockJUnit4ClassRunner.java:70)
	at org.junit.runners.BlockJUnit4ClassRunner.runChild(BlockJUnit4ClassRunner.java:50)
	at org.junit.runners.ParentRunner$3.run(ParentRunner.java:238)
	at org.junit.runners.ParentRunner$1.schedule(ParentRunner.java:63)
	at org.junit.runners.ParentRunner.runChildren(ParentRunner.java:236)
	at org.junit.runners.ParentRunner.access$000(ParentRunner.java:53)
	at org.junit.runners.ParentRunner$2.evaluate(ParentRunner.java:229)
	at org.junit.runners.ParentRunner.run(ParentRunner.java:309)
	at org.apache.maven.surefire.junit4.JUnit4Provider.execute(JUnit4Provider.java:365)
	at org.apache.maven.surefire.junit4.JUnit4Provider.executeWithRerun(JUnit4Provider.java:273)
	at org.apache.maven.surefire.junit4.JUnit4Provider.executeTestSet(JUnit4Provider.java:238)
	at org.apache.maven.surefire.junit4.JUnit4Provider.invoke(JUnit4Provider.java:159)
	at org.apache.maven.surefire.booter.ForkedBooter.invokeProviderInSameClassLoader(ForkedBooter.java:384)
	at org.apache.maven.surefire.booter.ForkedBooter.runSuitesInProcess(ForkedBooter.java:345)
	at org.apache.maven.surefire.booter.ForkedBooter.execute(ForkedBooter.java:126)
	at org.apache.maven.surefire.booter.ForkedBooter.main(ForkedBooter.java:418)
]]></failure>
    <system-out><![CDATA[2019-10-14 14:42:08,707 [main] WARN  server.ServerUtils (ServerUtils.java:getScmDbDir(145)) - ozone.scm.db.dirs is not configured. We recommend adding this setting. Falling back to ozone.metadata.dirs instead.
2019-10-14 14:42:08,844 [main] WARN  server.ServerUtils (ServerUtils.java:getScmDbDir(145)) - ozone.scm.db.dirs is not configured. We recommend adding this setting. Falling back to ozone.metadata.dirs instead.
2019-10-14 14:42:08,847 [main] WARN  server.ServerUtils (ServerUtils.java:getScmDbDir(145)) - ozone.scm.db.dirs is not configured. We recommend adding this setting. Falling back to ozone.metadata.dirs instead.
2019-10-14 14:42:08,871 [main] INFO  util.log (Log.java:initialized(192)) - Logging initialized @912ms
2019-10-14 14:42:08,986 [main] INFO  db.DBStoreBuilder (DBStoreBuilder.java:addTable(110)) - using custom profile for table: deletedBlocks
2019-10-14 14:42:08,986 [main] INFO  db.DBStoreBuilder (DBStoreBuilder.java:processTables(161)) - Using default column profile:DBProfile.DISK for Table:deletedBlocks
2019-10-14 14:42:08,987 [main] INFO  db.DBStoreBuilder (DBStoreBuilder.java:addTable(110)) - using custom profile for table: validCerts
2019-10-14 14:42:08,987 [main] INFO  db.DBStoreBuilder (DBStoreBuilder.java:processTables(161)) - Using default column profile:DBProfile.DISK for Table:validCerts
2019-10-14 14:42:08,987 [main] INFO  db.DBStoreBuilder (DBStoreBuilder.java:addTable(110)) - using custom profile for table: revokedCerts
2019-10-14 14:42:08,987 [main] INFO  db.DBStoreBuilder (DBStoreBuilder.java:processTables(161)) - Using default column profile:DBProfile.DISK for Table:revokedCerts
2019-10-14 14:42:09,000 [main] INFO  db.DBStoreBuilder (DBStoreBuilder.java:addTable(110)) - using custom profile for table: default
2019-10-14 14:42:09,001 [main] INFO  db.DBStoreBuilder (DBStoreBuilder.java:processTables(167)) - Using default column profile:DBProfile.DISK for Table:default
2019-10-14 14:42:09,003 [main] INFO  db.DBStoreBuilder (DBStoreBuilder.java:getDbProfile(198)) - Using default options. DBProfile.DISK
2019-10-14 14:42:09,265 [main] INFO  net.NodeSchemaLoader (NodeSchemaLoader.java:loadSchemaFromFile(125)) - Loading file from sun.misc.CompoundEnumeration@4802796d
2019-10-14 14:42:09,267 [main] INFO  net.NodeSchemaLoader (NodeSchemaLoader.java:loadSchema(171)) - Loading network topology layer schema file
2019-10-14 14:42:09,359 [main] WARN  server.ServerUtils (ServerUtils.java:sanitizeUserArgs(70)) - ozone.scm.stale.node.interval value = 300000 is larger than max = 100000 based on the key value of ozone.scm.heartbeat.thread.interval, reset to the max value 100000.
2019-10-14 14:42:09,361 [main] WARN  server.ServerUtils (ServerUtils.java:sanitizeUserArgs(70)) - ozone.scm.stale.node.interval value = 300000 is larger than max = 100000 based on the key value of ozone.scm.heartbeat.thread.interval, reset to the max value 100000.
2019-10-14 14:42:09,364 [main] INFO  node.SCMNodeManager (SCMNodeManager.java:<init>(114)) - Entering startup safe mode.
2019-10-14 14:42:09,437 [main] INFO  algorithms.ContainerPlacementPolicyFactory (ContainerPlacementPolicyFactory.java:getPolicy(59)) - Create container placement policy of type org.apache.hadoop.hdds.scm.container.placement.algorithms.SCMContainerPlacementRandom
2019-10-14 14:42:09,452 [main] WARN  server.ServerUtils (ServerUtils.java:getScmDbDir(145)) - ozone.scm.db.dirs is not configured. We recommend adding this setting. Falling back to ozone.metadata.dirs instead.
2019-10-14 14:42:09,516 [main] INFO  pipeline.SCMPipelineManager (SCMPipelineManager.java:initializePipelineState(137)) - No pipeline exists in current db
2019-10-14 14:42:09,518 [main] WARN  server.ServerUtils (ServerUtils.java:getScmDbDir(145)) - ozone.scm.db.dirs is not configured. We recommend adding this setting. Falling back to ozone.metadata.dirs instead.
2019-10-14 14:42:09,645 [main] WARN  events.EventQueue (EventQueue.java:fireEvent(183)) - No event handler registered for event TypedEvent{payloadType=SafeModeStatus, name='SafeModeStatus'}
2019-10-14 14:42:10,002 [main] INFO  ipc.CallQueueManager (CallQueueManager.java:<init>(84)) - Using callQueue: class java.util.concurrent.LinkedBlockingQueue, queueCapacity: 2000, scheduler: class org.apache.hadoop.ipc.DefaultRpcScheduler, ipcBackoff: false.
2019-10-14 14:42:10,029 [Socket Reader #1 for port 38839] INFO  ipc.Server (Server.java:run(1074)) - Starting Socket Reader #1 for port 38839
2019-10-14 14:42:10,184 [main] INFO  ipc.CallQueueManager (CallQueueManager.java:<init>(84)) - Using callQueue: class java.util.concurrent.LinkedBlockingQueue, queueCapacity: 2000, scheduler: class org.apache.hadoop.ipc.DefaultRpcScheduler, ipcBackoff: false.
2019-10-14 14:42:10,185 [Socket Reader #1 for port 44558] INFO  ipc.Server (Server.java:run(1074)) - Starting Socket Reader #1 for port 44558
2019-10-14 14:42:10,196 [main] INFO  ipc.CallQueueManager (CallQueueManager.java:<init>(84)) - Using callQueue: class java.util.concurrent.LinkedBlockingQueue, queueCapacity: 2000, scheduler: class org.apache.hadoop.ipc.DefaultRpcScheduler, ipcBackoff: false.
2019-10-14 14:42:10,197 [Socket Reader #1 for port 43321] INFO  ipc.Server (Server.java:run(1074)) - Starting Socket Reader #1 for port 43321
2019-10-14 14:42:10,224 [main] INFO  hdfs.DFSUtil (DFSUtil.java:httpServerTemplateForNNAndJN(1641)) - Starting Web-server for scm at: http://0.0.0.0:0
2019-10-14 14:42:10,365 [main] INFO  server.AuthenticationFilter (AuthenticationFilter.java:constructSecretProvider(240)) - Unable to initialize FileSignerSecretProvider, falling back to use random secrets.
2019-10-14 14:42:10,374 [main] WARN  http.HttpRequestLog (HttpRequestLog.java:getRequestLog(97)) - Jetty request log can only be enabled using Log4j
2019-10-14 14:42:10,383 [main] INFO  http.HttpServer2 (HttpServer2.java:addGlobalFilter(975)) - Added global filter 'safety' (class=org.apache.hadoop.http.HttpServer2$QuotingInputFilter)
2019-10-14 14:42:10,386 [main] INFO  http.HttpServer2 (HttpServer2.java:addFilter(948)) - Added filter static_user_filter (class=org.apache.hadoop.http.lib.StaticUserWebFilter$StaticUserFilter) to context scm
2019-10-14 14:42:10,386 [main] INFO  http.HttpServer2 (HttpServer2.java:addFilter(958)) - Added filter static_user_filter (class=org.apache.hadoop.http.lib.StaticUserWebFilter$StaticUserFilter) to context logs
2019-10-14 14:42:10,386 [main] INFO  http.HttpServer2 (HttpServer2.java:addFilter(958)) - Added filter static_user_filter (class=org.apache.hadoop.http.lib.StaticUserWebFilter$StaticUserFilter) to context static
2019-10-14 14:42:10,421 [main] INFO  server.StorageContainerManager (StorageContainerManager.java:start(770)) - StorageContainerLocationProtocol RPC server is listening at /0.0.0.0:43321
2019-10-14 14:42:10,503 [main] WARN  impl.MetricsConfig (MetricsConfig.java:loadFirst(134)) - Cannot locate configuration: tried hadoop-metrics2-storagecontainermanager.properties,hadoop-metrics2.properties
2019-10-14 14:42:10,517 [main] INFO  impl.MetricsSystemImpl (MetricsSystemImpl.java:startTimer(374)) - Scheduled Metric snapshot period at 10 second(s).
2019-10-14 14:42:10,517 [main] INFO  impl.MetricsSystemImpl (MetricsSystemImpl.java:start(191)) - StorageContainerManager metrics system started
2019-10-14 14:42:10,742 [main] INFO  server.SCMClientProtocolServer (SCMClientProtocolServer.java:start(151)) - RPC server for Client  is listening at /0.0.0.0:43321
2019-10-14 14:42:10,743 [IPC Server Responder] INFO  ipc.Server (Server.java:run(1314)) - IPC Server Responder: starting
2019-10-14 14:42:10,743 [IPC Server listener on 43321] INFO  ipc.Server (Server.java:run(1153)) - IPC Server listener on 43321: starting
2019-10-14 14:42:10,745 [main] INFO  server.StorageContainerManager (StorageContainerManager.java:start(780)) - ScmBlockLocationProtocol RPC server is listening at /0.0.0.0:44558
2019-10-14 14:42:10,747 [main] INFO  server.SCMBlockProtocolServer (SCMBlockProtocolServer.java:start(146)) - RPC server for Block Protocol is listening at /0.0.0.0:44558
2019-10-14 14:42:10,747 [IPC Server Responder] INFO  ipc.Server (Server.java:run(1314)) - IPC Server Responder: starting
2019-10-14 14:42:10,747 [IPC Server listener on 44558] INFO  ipc.Server (Server.java:run(1153)) - IPC Server listener on 44558: starting
2019-10-14 14:42:10,749 [main] INFO  server.StorageContainerManager (StorageContainerManager.java:start(784)) - ScmDatanodeProtocl RPC server is listening at /0.0.0.0:38839
2019-10-14 14:42:10,749 [main] INFO  server.SCMDatanodeProtocolServer (SCMDatanodeProtocolServer.java:start(191)) - RPC server for DataNodes is listening at /0.0.0.0:38839
2019-10-14 14:42:10,749 [IPC Server Responder] INFO  ipc.Server (Server.java:run(1314)) - IPC Server Responder: starting
2019-10-14 14:42:10,749 [IPC Server listener on 38839] INFO  ipc.Server (Server.java:run(1153)) - IPC Server listener on 38839: starting
2019-10-14 14:42:10,752 [main] INFO  http.HttpServer2 (HttpServer2.java:bindListener(1191)) - Jetty bound to port 32876
2019-10-14 14:42:10,754 [main] INFO  server.Server (Server.java:doStart(351)) - jetty-9.3.25.v20180904, build timestamp: 2018-09-04T21:11:46Z, git hash: 3ce520221d0240229c862b122d2b06c12a625732
2019-10-14 14:42:10,790 [main] INFO  handler.ContextHandler (ContextHandler.java:doStart(781)) - Started o.e.j.s.ServletContextHandler@4fce136b{/logs,file:///workdir/hadoop-ozone/integration-test/target/log,AVAILABLE}
2019-10-14 14:42:10,791 [main] INFO  handler.ContextHandler (ContextHandler.java:doStart(781)) - Started o.e.j.s.ServletContextHandler@43b6123e{/static,file:///workdir/hadoop-ozone/integration-test/target/test-classes/webapps/static,AVAILABLE}
2019-10-14 14:42:10,824 [main] INFO  handler.ContextHandler (ContextHandler.java:doStart(781)) - Started o.e.j.w.WebAppContext@6db66836{/,file:///workdir/hadoop-ozone/integration-test/target/test-classes/webapps/scm/,AVAILABLE}{/scm}
2019-10-14 14:42:10,830 [main] INFO  server.AbstractConnector (AbstractConnector.java:doStart(278)) - Started ServerConnector@1ee4730{HTTP/1.1,[http/1.1]}{0.0.0.0:32876}
2019-10-14 14:42:10,830 [main] INFO  server.Server (Server.java:doStart(419)) - Started @2872ms
2019-10-14 14:42:10,833 [main] INFO  impl.MetricsSinkAdapter (MetricsSinkAdapter.java:start(204)) - Sink prometheus started
2019-10-14 14:42:10,833 [main] INFO  impl.MetricsSystemImpl (MetricsSystemImpl.java:registerSink(301)) - Registered sink prometheus
2019-10-14 14:42:10,834 [main] INFO  server.BaseHttpServer (BaseHttpServer.java:updateConnectorAddress(215)) - HTTP server of SCM is listening at http://0.0.0.0:32876
2019-10-14 14:42:10,839 [org.apache.hadoop.util.JvmPauseMonitor$Monitor@51f49060] INFO  util.JvmPauseMonitor (JvmPauseMonitor.java:run(188)) - Starting JVM pause monitor
2019-10-14 14:42:10,842 [main] WARN  server.ServerUtils (ServerUtils.java:getDBPath(222)) - ozone.om.db.dirs is not configured. We recommend adding this setting. Falling back to ozone.metadata.dirs instead.
2019-10-14 14:42:10,942 [main] WARN  server.ServerUtils (ServerUtils.java:getDBPath(222)) - ozone.om.db.dirs is not configured. We recommend adding this setting. Falling back to ozone.metadata.dirs instead.
2019-10-14 14:42:10,943 [main] WARN  server.ServerUtils (ServerUtils.java:getDBPath(222)) - ozone.om.db.dirs is not configured. We recommend adding this setting. Falling back to ozone.metadata.dirs instead.
2019-10-14 14:42:10,944 [main] INFO  om.OzoneManager (OzoneManager.java:setOMNodeDetails(652)) - OM Service ID is not set. Setting it to the default ID: omServiceIdDefault
2019-10-14 14:42:10,944 [main] INFO  om.OzoneManager (OzoneManager.java:setOMNodeDetails(658)) - OM Node ID is not set. Setting it to the OmStorage's OmID: cd092615-1338-48c6-a224-bd0ba8cf407b
2019-10-14 14:42:10,945 [main] INFO  om.OzoneManager (OzoneManager.java:loadOMHAConfigs(609)) - Found matching OM address with OMServiceId: null, OMNodeId: null, RPC Address: localhost:0 and Ratis port: 9872
2019-10-14 14:42:11,699 [main] WARN  server.ServerUtils (ServerUtils.java:getDBPath(222)) - ozone.om.db.dirs is not configured. We recommend adding this setting. Falling back to ozone.metadata.dirs instead.
2019-10-14 14:42:11,706 [main] INFO  db.DBStoreBuilder (DBStoreBuilder.java:addTable(110)) - using custom profile for table: userTable
2019-10-14 14:42:11,707 [main] INFO  db.DBStoreBuilder (DBStoreBuilder.java:processTables(161)) - Using default column profile:DBProfile.DISK for Table:userTable
2019-10-14 14:42:11,707 [main] INFO  db.DBStoreBuilder (DBStoreBuilder.java:addTable(110)) - using custom profile for table: volumeTable
2019-10-14 14:42:11,707 [main] INFO  db.DBStoreBuilder (DBStoreBuilder.java:processTables(161)) - Using default column profile:DBProfile.DISK for Table:volumeTable
2019-10-14 14:42:11,707 [main] INFO  db.DBStoreBuilder (DBStoreBuilder.java:addTable(110)) - using custom profile for table: bucketTable
2019-10-14 14:42:11,708 [main] INFO  db.DBStoreBuilder (DBStoreBuilder.java:processTables(161)) - Using default column profile:DBProfile.DISK for Table:bucketTable
2019-10-14 14:42:11,708 [main] INFO  db.DBStoreBuilder (DBStoreBuilder.java:addTable(110)) - using custom profile for table: keyTable
2019-10-14 14:42:11,708 [main] INFO  db.DBStoreBuilder (DBStoreBuilder.java:processTables(161)) - Using default column profile:DBProfile.DISK for Table:keyTable
2019-10-14 14:42:11,708 [main] INFO  db.DBStoreBuilder (DBStoreBuilder.java:addTable(110)) - using custom profile for table: deletedTable
2019-10-14 14:42:11,709 [main] INFO  db.DBStoreBuilder (DBStoreBuilder.java:processTables(161)) - Using default column profile:DBProfile.DISK for Table:deletedTable
2019-10-14 14:42:11,709 [main] INFO  db.DBStoreBuilder (DBStoreBuilder.java:addTable(110)) - using custom profile for table: openKeyTable
2019-10-14 14:42:11,709 [main] INFO  db.DBStoreBuilder (DBStoreBuilder.java:processTables(161)) - Using default column profile:DBProfile.DISK for Table:openKeyTable
2019-10-14 14:42:11,709 [main] INFO  db.DBStoreBuilder (DBStoreBuilder.java:addTable(110)) - using custom profile for table: s3Table
2019-10-14 14:42:11,710 [main] INFO  db.DBStoreBuilder (DBStoreBuilder.java:processTables(161)) - Using default column profile:DBProfile.DISK for Table:s3Table
2019-10-14 14:42:11,710 [main] INFO  db.DBStoreBuilder (DBStoreBuilder.java:addTable(110)) - using custom profile for table: multipartInfoTable
2019-10-14 14:42:11,710 [main] INFO  db.DBStoreBuilder (DBStoreBuilder.java:processTables(161)) - Using default column profile:DBProfile.DISK for Table:multipartInfoTable
2019-10-14 14:42:11,710 [main] INFO  db.DBStoreBuilder (DBStoreBuilder.java:addTable(110)) - using custom profile for table: dTokenTable
2019-10-14 14:42:11,711 [main] INFO  db.DBStoreBuilder (DBStoreBuilder.java:processTables(161)) - Using default column profile:DBProfile.DISK for Table:dTokenTable
2019-10-14 14:42:11,711 [main] INFO  db.DBStoreBuilder (DBStoreBuilder.java:addTable(110)) - using custom profile for table: s3SecretTable
2019-10-14 14:42:11,711 [main] INFO  db.DBStoreBuilder (DBStoreBuilder.java:processTables(161)) - Using default column profile:DBProfile.DISK for Table:s3SecretTable
2019-10-14 14:42:11,711 [main] INFO  db.DBStoreBuilder (DBStoreBuilder.java:addTable(110)) - using custom profile for table: prefixTable
2019-10-14 14:42:11,712 [main] INFO  db.DBStoreBuilder (DBStoreBuilder.java:processTables(161)) - Using default column profile:DBProfile.DISK for Table:prefixTable
2019-10-14 14:42:11,712 [main] INFO  db.DBStoreBuilder (DBStoreBuilder.java:addTable(110)) - using custom profile for table: default
2019-10-14 14:42:11,712 [main] INFO  db.DBStoreBuilder (DBStoreBuilder.java:processTables(167)) - Using default column profile:DBProfile.DISK for Table:default
2019-10-14 14:42:11,712 [main] INFO  db.DBStoreBuilder (DBStoreBuilder.java:getDbProfile(198)) - Using default options. DBProfile.DISK
2019-10-14 14:42:12,250 [main] INFO  ipc.CallQueueManager (CallQueueManager.java:<init>(84)) - Using callQueue: class java.util.concurrent.LinkedBlockingQueue, queueCapacity: 2000, scheduler: class org.apache.hadoop.ipc.DefaultRpcScheduler, ipcBackoff: false.
2019-10-14 14:42:12,251 [Socket Reader #1 for port 39816] INFO  ipc.Server (Server.java:run(1074)) - Starting Socket Reader #1 for port 39816
2019-10-14 14:42:12,272 [main] INFO  om.OzoneManager (OzoneManager.java:start(1243)) - OzoneManager RPC server is listening at localhost/127.0.0.1:39816
2019-10-14 14:42:12,272 [main] INFO  impl.MetricsSystemImpl (MetricsSystemImpl.java:init(158)) - OzoneManager metrics system started (again)
2019-10-14 14:42:12,274 [IPC Server Responder] INFO  ipc.Server (Server.java:run(1314)) - IPC Server Responder: starting
2019-10-14 14:42:12,274 [IPC Server listener on 39816] INFO  ipc.Server (Server.java:run(1153)) - IPC Server listener on 39816: starting
2019-10-14 14:42:12,279 [main] INFO  hdfs.DFSUtil (DFSUtil.java:httpServerTemplateForNNAndJN(1641)) - Starting Web-server for ozoneManager at: http://0.0.0.0:0
2019-10-14 14:42:12,281 [main] INFO  server.AuthenticationFilter (AuthenticationFilter.java:constructSecretProvider(240)) - Unable to initialize FileSignerSecretProvider, falling back to use random secrets.
2019-10-14 14:42:12,282 [main] WARN  http.HttpRequestLog (HttpRequestLog.java:getRequestLog(97)) - Jetty request log can only be enabled using Log4j
2019-10-14 14:42:12,286 [main] INFO  http.HttpServer2 (HttpServer2.java:addGlobalFilter(975)) - Added global filter 'safety' (class=org.apache.hadoop.http.HttpServer2$QuotingInputFilter)
2019-10-14 14:42:12,288 [main] INFO  http.HttpServer2 (HttpServer2.java:addFilter(948)) - Added filter static_user_filter (class=org.apache.hadoop.http.lib.StaticUserWebFilter$StaticUserFilter) to context ozoneManager
2019-10-14 14:42:12,288 [main] INFO  http.HttpServer2 (HttpServer2.java:addFilter(958)) - Added filter static_user_filter (class=org.apache.hadoop.http.lib.StaticUserWebFilter$StaticUserFilter) to context static
2019-10-14 14:42:12,289 [main] INFO  http.HttpServer2 (HttpServer2.java:addFilter(958)) - Added filter static_user_filter (class=org.apache.hadoop.http.lib.StaticUserWebFilter$StaticUserFilter) to context logs
2019-10-14 14:42:12,292 [main] INFO  http.HttpServer2 (HttpServer2.java:bindListener(1191)) - Jetty bound to port 42340
2019-10-14 14:42:12,293 [main] INFO  server.Server (Server.java:doStart(351)) - jetty-9.3.25.v20180904, build timestamp: 2018-09-04T21:11:46Z, git hash: 3ce520221d0240229c862b122d2b06c12a625732
2019-10-14 14:42:12,296 [main] INFO  handler.ContextHandler (ContextHandler.java:doStart(781)) - Started o.e.j.s.ServletContextHandler@58cec85b{/logs,file:///workdir/hadoop-ozone/integration-test/target/log,AVAILABLE}
2019-10-14 14:42:12,297 [main] INFO  handler.ContextHandler (ContextHandler.java:doStart(781)) - Started o.e.j.s.ServletContextHandler@1542af63{/static,file:///workdir/hadoop-ozone/integration-test/target/test-classes/webapps/static,AVAILABLE}
2019-10-14 14:42:12,305 [main] INFO  handler.ContextHandler (ContextHandler.java:doStart(781)) - Started o.e.j.w.WebAppContext@529cfee5{/,file:///workdir/hadoop-ozone/integration-test/target/test-classes/webapps/ozoneManager/,AVAILABLE}{/ozoneManager}
2019-10-14 14:42:12,306 [main] INFO  server.AbstractConnector (AbstractConnector.java:doStart(278)) - Started ServerConnector@7ca0863b{HTTP/1.1,[http/1.1]}{0.0.0.0:42340}
2019-10-14 14:42:12,307 [main] INFO  server.Server (Server.java:doStart(419)) - Started @4349ms
2019-10-14 14:42:12,307 [main] WARN  impl.MetricsSystemImpl (MetricsSystemImpl.java:register(276)) - Sink prometheus already exists!
2019-10-14 14:42:12,308 [main] INFO  server.BaseHttpServer (BaseHttpServer.java:updateConnectorAddress(215)) - HTTP server of OZONEMANAGER is listening at http://0.0.0.0:42340
2019-10-14 14:42:12,665 [main] INFO  impl.MetricsSystemImpl (MetricsSystemImpl.java:init(158)) - HddsDatanode metrics system started (again)
2019-10-14 14:42:12,726 [main] INFO  ozone.HddsDatanodeService (HddsDatanodeService.java:start(184)) - HddsDatanodeService host:pr-hdds-1569-fwkxq-874464227 ip:192.168.5.159
2019-10-14 14:42:12,764 [main] INFO  volume.HddsVolume (HddsVolume.java:<init>(176)) - Creating Volume: /workdir/hadoop-ozone/integration-test/target/test-dir/MiniOzoneClusterImpl-669d0a42-2836-47aa-b55b-95c9a6dd1017/datanode-0/data/containers/hdds of  storage type : DISK and capacity : 1482555576320
2019-10-14 14:42:12,766 [main] INFO  volume.VolumeSet (VolumeSet.java:initializeVolumeSet(170)) - Added Volume : /workdir/hadoop-ozone/integration-test/target/test-dir/MiniOzoneClusterImpl-669d0a42-2836-47aa-b55b-95c9a6dd1017/datanode-0/data/containers/hdds to VolumeSet
2019-10-14 14:42:12,769 [main] INFO  volume.ThrottledAsyncChecker (ThrottledAsyncChecker.java:schedule(139)) - Scheduling a check for org.apache.hadoop.ozone.container.common.volume.HddsVolume@290aeb20
2019-10-14 14:42:12,787 [main] INFO  volume.HddsVolumeChecker (HddsVolumeChecker.java:checkAllVolumes(202)) - Scheduled health check for volume org.apache.hadoop.ozone.container.common.volume.HddsVolume@290aeb20
2019-10-14 14:42:12,901 [main] INFO  impl.RaftServerProxy (ConfUtils.java:logGet(43)) - raft.rpc.type = GRPC (default)
2019-10-14 14:42:12,966 [main] INFO  grpc.GrpcFactory (GrpcFactory.java:checkPooledByteBufAllocatorUseCacheForAllThreads(45)) - PERFORMANCE WARNING: useCacheForAllThreads is true that may cause Netty to create a lot garbage objects and, as a result, trigger GC.
	It is recommended to disable useCacheForAllThreads by setting -Dorg.apache.ratis.thirdparty.io.netty.allocator.useCacheForAllThreads=false in command line.
2019-10-14 14:42:12,971 [main] INFO  grpc.GrpcConfigKeys$Server (ConfUtils.java:logGet(43)) - raft.grpc.server.port = 0 (default)
2019-10-14 14:42:12,972 [main] INFO  server.GrpcService (ConfUtils.java:logGet(43)) - raft.grpc.message.size.max = 33570816 (custom)
2019-10-14 14:42:12,973 [main] INFO  server.RaftServerConfigKeys (ConfUtils.java:logGet(43)) - raft.server.log.appender.buffer.byte-limit = 33554432 (custom)
2019-10-14 14:42:12,974 [main] INFO  server.GrpcService (ConfUtils.java:logGet(43)) - raft.grpc.flow.control.window = 1MB (=1048576) (default)
2019-10-14 14:42:12,975 [main] INFO  server.RaftServerConfigKeys (ConfUtils.java:logGet(43)) - raft.server.rpc.request.timeout = 3000ms (default)
2019-10-14 14:42:13,131 [main] INFO  server.RaftServerConfigKeys (ConfUtils.java:logGet(43)) - raft.server.storage.dir = [/workdir/hadoop-ozone/integration-test/target/test-dir/MiniOzoneClusterImpl-669d0a42-2836-47aa-b55b-95c9a6dd1017/datanode-0/data/ratis] (custom)
2019-10-14 14:42:13,206 [main] INFO  hdfs.DFSUtil (DFSUtil.java:httpServerTemplateForNNAndJN(1641)) - Starting Web-server for hddsDatanode at: http://0.0.0.0:0
2019-10-14 14:42:13,209 [main] INFO  server.AuthenticationFilter (AuthenticationFilter.java:constructSecretProvider(240)) - Unable to initialize FileSignerSecretProvider, falling back to use random secrets.
2019-10-14 14:42:13,210 [main] WARN  http.HttpRequestLog (HttpRequestLog.java:getRequestLog(97)) - Jetty request log can only be enabled using Log4j
2019-10-14 14:42:13,214 [main] INFO  http.HttpServer2 (HttpServer2.java:addGlobalFilter(975)) - Added global filter 'safety' (class=org.apache.hadoop.http.HttpServer2$QuotingInputFilter)
2019-10-14 14:42:13,215 [main] INFO  http.HttpServer2 (HttpServer2.java:addFilter(948)) - Added filter static_user_filter (class=org.apache.hadoop.http.lib.StaticUserWebFilter$StaticUserFilter) to context hddsDatanode
2019-10-14 14:42:13,216 [main] INFO  http.HttpServer2 (HttpServer2.java:addFilter(958)) - Added filter static_user_filter (class=org.apache.hadoop.http.lib.StaticUserWebFilter$StaticUserFilter) to context logs
2019-10-14 14:42:13,216 [main] INFO  http.HttpServer2 (HttpServer2.java:addFilter(958)) - Added filter static_user_filter (class=org.apache.hadoop.http.lib.StaticUserWebFilter$StaticUserFilter) to context static
2019-10-14 14:42:13,218 [main] INFO  http.HttpServer2 (HttpServer2.java:bindListener(1191)) - Jetty bound to port 44171
2019-10-14 14:42:13,218 [main] INFO  server.Server (Server.java:doStart(351)) - jetty-9.3.25.v20180904, build timestamp: 2018-09-04T21:11:46Z, git hash: 3ce520221d0240229c862b122d2b06c12a625732
2019-10-14 14:42:13,221 [main] INFO  handler.ContextHandler (ContextHandler.java:doStart(781)) - Started o.e.j.s.ServletContextHandler@26dc9bd5{/logs,file:///workdir/hadoop-ozone/integration-test/target/log,AVAILABLE}
2019-10-14 14:42:13,222 [main] INFO  handler.ContextHandler (ContextHandler.java:doStart(781)) - Started o.e.j.s.ServletContextHandler@43045f9f{/static,jar:file:/home/user/.m2/repository/org/apache/hadoop/hadoop-hdds-container-service/0.5.0-SNAPSHOT/hadoop-hdds-container-service-0.5.0-SNAPSHOT.jar!/webapps/static,AVAILABLE}
2019-10-14 14:42:13,253 [main] INFO  handler.ContextHandler (ContextHandler.java:doStart(781)) - Started o.e.j.w.WebAppContext@122d6c22{/,file:///tmp/jetty-0.0.0.0-44171-hddsDatanode-_-any-4978194584902416695.dir/webapp/,AVAILABLE}{/hddsDatanode}
2019-10-14 14:42:13,253 [main] INFO  server.AbstractConnector (AbstractConnector.java:doStart(278)) - Started ServerConnector@2f5ac102{HTTP/1.1,[http/1.1]}{0.0.0.0:44171}
2019-10-14 14:42:13,254 [main] INFO  server.Server (Server.java:doStart(419)) - Started @5296ms
2019-10-14 14:42:13,254 [main] WARN  impl.MetricsSystemImpl (MetricsSystemImpl.java:register(276)) - Sink prometheus already exists!
2019-10-14 14:42:13,256 [main] INFO  server.BaseHttpServer (BaseHttpServer.java:updateConnectorAddress(215)) - HTTP server of HDDSDATANODE is listening at http://0.0.0.0:44171
2019-10-14 14:42:13,257 [main] INFO  impl.MetricsSystemImpl (MetricsSystemImpl.java:init(158)) - HddsDatanode metrics system started (again)
2019-10-14 14:42:13,260 [main] INFO  ozone.HddsDatanodeService (HddsDatanodeService.java:start(184)) - HddsDatanodeService host:pr-hdds-1569-fwkxq-874464227 ip:192.168.5.159
2019-10-14 14:42:13,263 [org.apache.hadoop.util.JvmPauseMonitor$Monitor@ad3c870] INFO  util.JvmPauseMonitor (JvmPauseMonitor.java:run(188)) - Starting JVM pause monitor
2019-10-14 14:42:13,270 [main] INFO  volume.HddsVolume (HddsVolume.java:<init>(176)) - Creating Volume: /workdir/hadoop-ozone/integration-test/target/test-dir/MiniOzoneClusterImpl-669d0a42-2836-47aa-b55b-95c9a6dd1017/datanode-1/data/containers/hdds of  storage type : DISK and capacity : 1482555576320
2019-10-14 14:42:13,271 [main] INFO  volume.VolumeSet (VolumeSet.java:initializeVolumeSet(170)) - Added Volume : /workdir/hadoop-ozone/integration-test/target/test-dir/MiniOzoneClusterImpl-669d0a42-2836-47aa-b55b-95c9a6dd1017/datanode-1/data/containers/hdds to VolumeSet
2019-10-14 14:42:13,272 [main] INFO  volume.ThrottledAsyncChecker (ThrottledAsyncChecker.java:schedule(139)) - Scheduling a check for org.apache.hadoop.ozone.container.common.volume.HddsVolume@7e74a380
2019-10-14 14:42:13,273 [main] INFO  volume.HddsVolumeChecker (HddsVolumeChecker.java:checkAllVolumes(202)) - Scheduled health check for volume org.apache.hadoop.ozone.container.common.volume.HddsVolume@7e74a380
2019-10-14 14:42:13,290 [main] INFO  impl.RaftServerProxy (ConfUtils.java:logGet(43)) - raft.rpc.type = GRPC (default)
2019-10-14 14:42:13,291 [main] INFO  grpc.GrpcFactory (GrpcFactory.java:checkPooledByteBufAllocatorUseCacheForAllThreads(45)) - PERFORMANCE WARNING: useCacheForAllThreads is true that may cause Netty to create a lot garbage objects and, as a result, trigger GC.
	It is recommended to disable useCacheForAllThreads by setting -Dorg.apache.ratis.thirdparty.io.netty.allocator.useCacheForAllThreads=false in command line.
2019-10-14 14:42:13,291 [main] INFO  grpc.GrpcConfigKeys$Server (ConfUtils.java:logGet(43)) - raft.grpc.server.port = 0 (default)
2019-10-14 14:42:13,291 [main] INFO  server.GrpcService (ConfUtils.java:logGet(43)) - raft.grpc.message.size.max = 33570816 (custom)
2019-10-14 14:42:13,292 [main] INFO  server.RaftServerConfigKeys (ConfUtils.java:logGet(43)) - raft.server.log.appender.buffer.byte-limit = 33554432 (custom)
2019-10-14 14:42:13,292 [main] INFO  server.GrpcService (ConfUtils.java:logGet(43)) - raft.grpc.flow.control.window = 1MB (=1048576) (default)
2019-10-14 14:42:13,292 [main] INFO  server.RaftServerConfigKeys (ConfUtils.java:logGet(43)) - raft.server.rpc.request.timeout = 3000ms (default)
2019-10-14 14:42:13,293 [main] INFO  server.RaftServerConfigKeys (ConfUtils.java:logGet(43)) - raft.server.storage.dir = [/workdir/hadoop-ozone/integration-test/target/test-dir/MiniOzoneClusterImpl-669d0a42-2836-47aa-b55b-95c9a6dd1017/datanode-1/data/ratis] (custom)
2019-10-14 14:42:13,295 [main] INFO  hdfs.DFSUtil (DFSUtil.java:httpServerTemplateForNNAndJN(1641)) - Starting Web-server for hddsDatanode at: http://0.0.0.0:0
2019-10-14 14:42:13,296 [main] INFO  server.AuthenticationFilter (AuthenticationFilter.java:constructSecretProvider(240)) - Unable to initialize FileSignerSecretProvider, falling back to use random secrets.
2019-10-14 14:42:13,297 [main] WARN  http.HttpRequestLog (HttpRequestLog.java:getRequestLog(97)) - Jetty request log can only be enabled using Log4j
2019-10-14 14:42:13,300 [main] INFO  http.HttpServer2 (HttpServer2.java:addGlobalFilter(975)) - Added global filter 'safety' (class=org.apache.hadoop.http.HttpServer2$QuotingInputFilter)
2019-10-14 14:42:13,300 [main] INFO  http.HttpServer2 (HttpServer2.java:addFilter(948)) - Added filter static_user_filter (class=org.apache.hadoop.http.lib.StaticUserWebFilter$StaticUserFilter) to context hddsDatanode
2019-10-14 14:42:13,301 [main] INFO  http.HttpServer2 (HttpServer2.java:addFilter(958)) - Added filter static_user_filter (class=org.apache.hadoop.http.lib.StaticUserWebFilter$StaticUserFilter) to context logs
2019-10-14 14:42:13,301 [main] INFO  http.HttpServer2 (HttpServer2.java:addFilter(958)) - Added filter static_user_filter (class=org.apache.hadoop.http.lib.StaticUserWebFilter$StaticUserFilter) to context static
2019-10-14 14:42:13,302 [main] INFO  http.HttpServer2 (HttpServer2.java:bindListener(1191)) - Jetty bound to port 42377
2019-10-14 14:42:13,302 [main] INFO  server.Server (Server.java:doStart(351)) - jetty-9.3.25.v20180904, build timestamp: 2018-09-04T21:11:46Z, git hash: 3ce520221d0240229c862b122d2b06c12a625732
2019-10-14 14:42:13,308 [main] INFO  handler.ContextHandler (ContextHandler.java:doStart(781)) - Started o.e.j.s.ServletContextHandler@2f1d0bbc{/logs,file:///workdir/hadoop-ozone/integration-test/target/log,AVAILABLE}
2019-10-14 14:42:13,309 [main] INFO  handler.ContextHandler (ContextHandler.java:doStart(781)) - Started o.e.j.s.ServletContextHandler@a9f023e{/static,jar:file:/home/user/.m2/repository/org/apache/hadoop/hadoop-hdds-container-service/0.5.0-SNAPSHOT/hadoop-hdds-container-service-0.5.0-SNAPSHOT.jar!/webapps/static,AVAILABLE}
2019-10-14 14:42:13,343 [main] INFO  handler.ContextHandler (ContextHandler.java:doStart(781)) - Started o.e.j.w.WebAppContext@a92be4f{/,file:///tmp/jetty-0.0.0.0-42377-hddsDatanode-_-any-3268404290052628067.dir/webapp/,AVAILABLE}{/hddsDatanode}
2019-10-14 14:42:13,343 [main] INFO  server.AbstractConnector (AbstractConnector.java:doStart(278)) - Started ServerConnector@53e800f9{HTTP/1.1,[http/1.1]}{0.0.0.0:42377}
2019-10-14 14:42:13,344 [main] INFO  server.Server (Server.java:doStart(419)) - Started @5386ms
2019-10-14 14:42:13,345 [main] WARN  impl.MetricsSystemImpl (MetricsSystemImpl.java:register(276)) - Sink prometheus already exists!
2019-10-14 14:42:13,346 [main] INFO  server.BaseHttpServer (BaseHttpServer.java:updateConnectorAddress(215)) - HTTP server of HDDSDATANODE is listening at http://0.0.0.0:42377
2019-10-14 14:42:13,347 [main] INFO  impl.MetricsSystemImpl (MetricsSystemImpl.java:init(158)) - HddsDatanode metrics system started (again)
2019-10-14 14:42:13,350 [org.apache.hadoop.util.JvmPauseMonitor$Monitor@61e93343] INFO  util.JvmPauseMonitor (JvmPauseMonitor.java:run(188)) - Starting JVM pause monitor
2019-10-14 14:42:13,350 [main] INFO  ozone.HddsDatanodeService (HddsDatanodeService.java:start(184)) - HddsDatanodeService host:pr-hdds-1569-fwkxq-874464227 ip:192.168.5.159
2019-10-14 14:42:13,357 [main] INFO  volume.HddsVolume (HddsVolume.java:<init>(176)) - Creating Volume: /workdir/hadoop-ozone/integration-test/target/test-dir/MiniOzoneClusterImpl-669d0a42-2836-47aa-b55b-95c9a6dd1017/datanode-2/data/containers/hdds of  storage type : DISK and capacity : 1482555576320
2019-10-14 14:42:13,358 [main] INFO  volume.VolumeSet (VolumeSet.java:initializeVolumeSet(170)) - Added Volume : /workdir/hadoop-ozone/integration-test/target/test-dir/MiniOzoneClusterImpl-669d0a42-2836-47aa-b55b-95c9a6dd1017/datanode-2/data/containers/hdds to VolumeSet
2019-10-14 14:42:13,359 [main] INFO  volume.ThrottledAsyncChecker (ThrottledAsyncChecker.java:schedule(139)) - Scheduling a check for org.apache.hadoop.ozone.container.common.volume.HddsVolume@7fe82967
2019-10-14 14:42:13,359 [main] INFO  volume.HddsVolumeChecker (HddsVolumeChecker.java:checkAllVolumes(202)) - Scheduled health check for volume org.apache.hadoop.ozone.container.common.volume.HddsVolume@7fe82967
2019-10-14 14:42:13,373 [main] INFO  impl.RaftServerProxy (ConfUtils.java:logGet(43)) - raft.rpc.type = GRPC (default)
2019-10-14 14:42:13,373 [main] INFO  grpc.GrpcFactory (GrpcFactory.java:checkPooledByteBufAllocatorUseCacheForAllThreads(45)) - PERFORMANCE WARNING: useCacheForAllThreads is true that may cause Netty to create a lot garbage objects and, as a result, trigger GC.
	It is recommended to disable useCacheForAllThreads by setting -Dorg.apache.ratis.thirdparty.io.netty.allocator.useCacheForAllThreads=false in command line.
2019-10-14 14:42:13,374 [main] INFO  grpc.GrpcConfigKeys$Server (ConfUtils.java:logGet(43)) - raft.grpc.server.port = 0 (default)
2019-10-14 14:42:13,374 [main] INFO  server.GrpcService (ConfUtils.java:logGet(43)) - raft.grpc.message.size.max = 33570816 (custom)
2019-10-14 14:42:13,374 [main] INFO  server.RaftServerConfigKeys (ConfUtils.java:logGet(43)) - raft.server.log.appender.buffer.byte-limit = 33554432 (custom)
2019-10-14 14:42:13,374 [main] INFO  server.GrpcService (ConfUtils.java:logGet(43)) - raft.grpc.flow.control.window = 1MB (=1048576) (default)
2019-10-14 14:42:13,375 [main] INFO  server.RaftServerConfigKeys (ConfUtils.java:logGet(43)) - raft.server.rpc.request.timeout = 3000ms (default)
2019-10-14 14:42:13,375 [main] INFO  server.RaftServerConfigKeys (ConfUtils.java:logGet(43)) - raft.server.storage.dir = [/workdir/hadoop-ozone/integration-test/target/test-dir/MiniOzoneClusterImpl-669d0a42-2836-47aa-b55b-95c9a6dd1017/datanode-2/data/ratis] (custom)
2019-10-14 14:42:13,377 [main] INFO  hdfs.DFSUtil (DFSUtil.java:httpServerTemplateForNNAndJN(1641)) - Starting Web-server for hddsDatanode at: http://0.0.0.0:0
2019-10-14 14:42:13,380 [main] INFO  server.AuthenticationFilter (AuthenticationFilter.java:constructSecretProvider(240)) - Unable to initialize FileSignerSecretProvider, falling back to use random secrets.
2019-10-14 14:42:13,380 [main] WARN  http.HttpRequestLog (HttpRequestLog.java:getRequestLog(97)) - Jetty request log can only be enabled using Log4j
2019-10-14 14:42:13,382 [main] INFO  http.HttpServer2 (HttpServer2.java:addGlobalFilter(975)) - Added global filter 'safety' (class=org.apache.hadoop.http.HttpServer2$QuotingInputFilter)
2019-10-14 14:42:13,382 [main] INFO  http.HttpServer2 (HttpServer2.java:addFilter(948)) - Added filter static_user_filter (class=org.apache.hadoop.http.lib.StaticUserWebFilter$StaticUserFilter) to context hddsDatanode
2019-10-14 14:42:13,383 [main] INFO  http.HttpServer2 (HttpServer2.java:addFilter(958)) - Added filter static_user_filter (class=org.apache.hadoop.http.lib.StaticUserWebFilter$StaticUserFilter) to context static
2019-10-14 14:42:13,383 [main] INFO  http.HttpServer2 (HttpServer2.java:addFilter(958)) - Added filter static_user_filter (class=org.apache.hadoop.http.lib.StaticUserWebFilter$StaticUserFilter) to context logs
2019-10-14 14:42:13,383 [main] INFO  http.HttpServer2 (HttpServer2.java:bindListener(1191)) - Jetty bound to port 44757
2019-10-14 14:42:13,384 [main] INFO  server.Server (Server.java:doStart(351)) - jetty-9.3.25.v20180904, build timestamp: 2018-09-04T21:11:46Z, git hash: 3ce520221d0240229c862b122d2b06c12a625732
2019-10-14 14:42:13,385 [Datanode State Machine Thread - 0] INFO  datanode.InitDatanodeState (InitDatanodeState.java:persistContainerDatanodeDetails(140)) - DatanodeDetails is persisted to /workdir/hadoop-ozone/integration-test/target/test-dir/MiniOzoneClusterImpl-669d0a42-2836-47aa-b55b-95c9a6dd1017/datanode-0/meta/datanode.id
2019-10-14 14:42:13,387 [main] INFO  handler.ContextHandler (ContextHandler.java:doStart(781)) - Started o.e.j.s.ServletContextHandler@4d21c56e{/logs,file:///workdir/hadoop-ozone/integration-test/target/log,AVAILABLE}
2019-10-14 14:42:13,388 [main] INFO  handler.ContextHandler (ContextHandler.java:doStart(781)) - Started o.e.j.s.ServletContextHandler@7100dea{/static,jar:file:/home/user/.m2/repository/org/apache/hadoop/hadoop-hdds-container-service/0.5.0-SNAPSHOT/hadoop-hdds-container-service-0.5.0-SNAPSHOT.jar!/webapps/static,AVAILABLE}
2019-10-14 14:42:13,389 [Datanode State Machine Thread - 0] INFO  datanode.InitDatanodeState (InitDatanodeState.java:persistContainerDatanodeDetails(140)) - DatanodeDetails is persisted to /workdir/hadoop-ozone/integration-test/target/test-dir/MiniOzoneClusterImpl-669d0a42-2836-47aa-b55b-95c9a6dd1017/datanode-1/meta/datanode.id
2019-10-14 14:42:13,418 [main] INFO  handler.ContextHandler (ContextHandler.java:doStart(781)) - Started o.e.j.w.WebAppContext@6b350309{/,file:///tmp/jetty-0.0.0.0-44757-hddsDatanode-_-any-8518894643488482607.dir/webapp/,AVAILABLE}{/hddsDatanode}
2019-10-14 14:42:13,419 [main] INFO  server.AbstractConnector (AbstractConnector.java:doStart(278)) - Started ServerConnector@7ecec90d{HTTP/1.1,[http/1.1]}{0.0.0.0:44757}
2019-10-14 14:42:13,420 [main] INFO  server.Server (Server.java:doStart(419)) - Started @5462ms
2019-10-14 14:42:13,420 [main] WARN  impl.MetricsSystemImpl (MetricsSystemImpl.java:register(276)) - Sink prometheus already exists!
2019-10-14 14:42:13,421 [main] INFO  server.BaseHttpServer (BaseHttpServer.java:updateConnectorAddress(215)) - HTTP server of HDDSDATANODE is listening at http://0.0.0.0:44757
2019-10-14 14:42:13,422 [main] INFO  impl.MetricsSystemImpl (MetricsSystemImpl.java:init(158)) - HddsDatanode metrics system started (again)
2019-10-14 14:42:13,424 [main] INFO  ozone.HddsDatanodeService (HddsDatanodeService.java:start(184)) - HddsDatanodeService host:pr-hdds-1569-fwkxq-874464227 ip:192.168.5.159
2019-10-14 14:42:13,425 [org.apache.hadoop.util.JvmPauseMonitor$Monitor@382d44f0] INFO  util.JvmPauseMonitor (JvmPauseMonitor.java:run(188)) - Starting JVM pause monitor
2019-10-14 14:42:13,428 [Datanode State Machine Thread - 0] INFO  datanode.InitDatanodeState (InitDatanodeState.java:persistContainerDatanodeDetails(140)) - DatanodeDetails is persisted to /workdir/hadoop-ozone/integration-test/target/test-dir/MiniOzoneClusterImpl-669d0a42-2836-47aa-b55b-95c9a6dd1017/datanode-2/meta/datanode.id
2019-10-14 14:42:13,432 [main] INFO  volume.HddsVolume (HddsVolume.java:<init>(176)) - Creating Volume: /workdir/hadoop-ozone/integration-test/target/test-dir/MiniOzoneClusterImpl-669d0a42-2836-47aa-b55b-95c9a6dd1017/datanode-3/data/containers/hdds of  storage type : DISK and capacity : 1482555576320
2019-10-14 14:42:13,433 [main] INFO  volume.VolumeSet (VolumeSet.java:initializeVolumeSet(170)) - Added Volume : /workdir/hadoop-ozone/integration-test/target/test-dir/MiniOzoneClusterImpl-669d0a42-2836-47aa-b55b-95c9a6dd1017/datanode-3/data/containers/hdds to VolumeSet
2019-10-14 14:42:13,433 [main] INFO  volume.ThrottledAsyncChecker (ThrottledAsyncChecker.java:schedule(139)) - Scheduling a check for org.apache.hadoop.ozone.container.common.volume.HddsVolume@bc042d5
2019-10-14 14:42:13,434 [main] INFO  volume.HddsVolumeChecker (HddsVolumeChecker.java:checkAllVolumes(202)) - Scheduled health check for volume org.apache.hadoop.ozone.container.common.volume.HddsVolume@bc042d5
2019-10-14 14:42:13,448 [main] INFO  impl.RaftServerProxy (ConfUtils.java:logGet(43)) - raft.rpc.type = GRPC (default)
2019-10-14 14:42:13,448 [main] INFO  grpc.GrpcFactory (GrpcFactory.java:checkPooledByteBufAllocatorUseCacheForAllThreads(45)) - PERFORMANCE WARNING: useCacheForAllThreads is true that may cause Netty to create a lot garbage objects and, as a result, trigger GC.
	It is recommended to disable useCacheForAllThreads by setting -Dorg.apache.ratis.thirdparty.io.netty.allocator.useCacheForAllThreads=false in command line.
2019-10-14 14:42:13,448 [main] INFO  grpc.GrpcConfigKeys$Server (ConfUtils.java:logGet(43)) - raft.grpc.server.port = 0 (default)
2019-10-14 14:42:13,448 [main] INFO  server.GrpcService (ConfUtils.java:logGet(43)) - raft.grpc.message.size.max = 33570816 (custom)
2019-10-14 14:42:13,448 [main] INFO  server.RaftServerConfigKeys (ConfUtils.java:logGet(43)) - raft.server.log.appender.buffer.byte-limit = 33554432 (custom)
2019-10-14 14:42:13,449 [main] INFO  server.GrpcService (ConfUtils.java:logGet(43)) - raft.grpc.flow.control.window = 1MB (=1048576) (default)
2019-10-14 14:42:13,449 [main] INFO  server.RaftServerConfigKeys (ConfUtils.java:logGet(43)) - raft.server.rpc.request.timeout = 3000ms (default)
2019-10-14 14:42:13,449 [main] INFO  server.RaftServerConfigKeys (ConfUtils.java:logGet(43)) - raft.server.storage.dir = [/workdir/hadoop-ozone/integration-test/target/test-dir/MiniOzoneClusterImpl-669d0a42-2836-47aa-b55b-95c9a6dd1017/datanode-3/data/ratis] (custom)
2019-10-14 14:42:13,451 [main] INFO  hdfs.DFSUtil (DFSUtil.java:httpServerTemplateForNNAndJN(1641)) - Starting Web-server for hddsDatanode at: http://0.0.0.0:0
2019-10-14 14:42:13,452 [main] INFO  server.AuthenticationFilter (AuthenticationFilter.java:constructSecretProvider(240)) - Unable to initialize FileSignerSecretProvider, falling back to use random secrets.
2019-10-14 14:42:13,453 [main] WARN  http.HttpRequestLog (HttpRequestLog.java:getRequestLog(97)) - Jetty request log can only be enabled using Log4j
2019-10-14 14:42:13,454 [main] INFO  http.HttpServer2 (HttpServer2.java:addGlobalFilter(975)) - Added global filter 'safety' (class=org.apache.hadoop.http.HttpServer2$QuotingInputFilter)
2019-10-14 14:42:13,455 [main] INFO  http.HttpServer2 (HttpServer2.java:addFilter(948)) - Added filter static_user_filter (class=org.apache.hadoop.http.lib.StaticUserWebFilter$StaticUserFilter) to context hddsDatanode
2019-10-14 14:42:13,455 [main] INFO  http.HttpServer2 (HttpServer2.java:addFilter(958)) - Added filter static_user_filter (class=org.apache.hadoop.http.lib.StaticUserWebFilter$StaticUserFilter) to context logs
2019-10-14 14:42:13,455 [main] INFO  http.HttpServer2 (HttpServer2.java:addFilter(958)) - Added filter static_user_filter (class=org.apache.hadoop.http.lib.StaticUserWebFilter$StaticUserFilter) to context static
2019-10-14 14:42:13,456 [main] INFO  http.HttpServer2 (HttpServer2.java:bindListener(1191)) - Jetty bound to port 45713
2019-10-14 14:42:13,456 [main] INFO  server.Server (Server.java:doStart(351)) - jetty-9.3.25.v20180904, build timestamp: 2018-09-04T21:11:46Z, git hash: 3ce520221d0240229c862b122d2b06c12a625732
2019-10-14 14:42:13,461 [main] INFO  handler.ContextHandler (ContextHandler.java:doStart(781)) - Started o.e.j.s.ServletContextHandler@5e7c141d{/logs,file:///workdir/hadoop-ozone/integration-test/target/log,AVAILABLE}
2019-10-14 14:42:13,462 [main] INFO  handler.ContextHandler (ContextHandler.java:doStart(781)) - Started o.e.j.s.ServletContextHandler@1305c126{/static,jar:file:/home/user/.m2/repository/org/apache/hadoop/hadoop-hdds-container-service/0.5.0-SNAPSHOT/hadoop-hdds-container-service-0.5.0-SNAPSHOT.jar!/webapps/static,AVAILABLE}
2019-10-14 14:42:13,492 [main] INFO  handler.ContextHandler (ContextHandler.java:doStart(781)) - Started o.e.j.w.WebAppContext@518bfd90{/,file:///tmp/jetty-0.0.0.0-45713-hddsDatanode-_-any-2854273762804932280.dir/webapp/,AVAILABLE}{/hddsDatanode}
2019-10-14 14:42:13,492 [main] INFO  server.AbstractConnector (AbstractConnector.java:doStart(278)) - Started ServerConnector@317a118b{HTTP/1.1,[http/1.1]}{0.0.0.0:45713}
2019-10-14 14:42:13,494 [main] INFO  server.Server (Server.java:doStart(419)) - Started @5535ms
2019-10-14 14:42:13,495 [main] WARN  impl.MetricsSystemImpl (MetricsSystemImpl.java:register(276)) - Sink prometheus already exists!
2019-10-14 14:42:13,496 [main] INFO  server.BaseHttpServer (BaseHttpServer.java:updateConnectorAddress(215)) - HTTP server of HDDSDATANODE is listening at http://0.0.0.0:45713
2019-10-14 14:42:13,496 [main] INFO  impl.MetricsSystemImpl (MetricsSystemImpl.java:init(158)) - HddsDatanode metrics system started (again)
2019-10-14 14:42:13,504 [org.apache.hadoop.util.JvmPauseMonitor$Monitor@1acc0e6b] INFO  util.JvmPauseMonitor (JvmPauseMonitor.java:run(188)) - Starting JVM pause monitor
2019-10-14 14:42:13,505 [main] INFO  ozone.HddsDatanodeService (HddsDatanodeService.java:start(184)) - HddsDatanodeService host:pr-hdds-1569-fwkxq-874464227 ip:192.168.5.159
2019-10-14 14:42:13,510 [Datanode State Machine Thread - 0] INFO  datanode.InitDatanodeState (InitDatanodeState.java:persistContainerDatanodeDetails(140)) - DatanodeDetails is persisted to /workdir/hadoop-ozone/integration-test/target/test-dir/MiniOzoneClusterImpl-669d0a42-2836-47aa-b55b-95c9a6dd1017/datanode-3/meta/datanode.id
2019-10-14 14:42:13,515 [main] INFO  volume.HddsVolume (HddsVolume.java:<init>(176)) - Creating Volume: /workdir/hadoop-ozone/integration-test/target/test-dir/MiniOzoneClusterImpl-669d0a42-2836-47aa-b55b-95c9a6dd1017/datanode-4/data/containers/hdds of  storage type : DISK and capacity : 1482555576320
2019-10-14 14:42:13,517 [main] INFO  volume.VolumeSet (VolumeSet.java:initializeVolumeSet(170)) - Added Volume : /workdir/hadoop-ozone/integration-test/target/test-dir/MiniOzoneClusterImpl-669d0a42-2836-47aa-b55b-95c9a6dd1017/datanode-4/data/containers/hdds to VolumeSet
2019-10-14 14:42:13,517 [main] INFO  volume.ThrottledAsyncChecker (ThrottledAsyncChecker.java:schedule(139)) - Scheduling a check for org.apache.hadoop.ozone.container.common.volume.HddsVolume@d5d5353
2019-10-14 14:42:13,517 [main] INFO  volume.HddsVolumeChecker (HddsVolumeChecker.java:checkAllVolumes(202)) - Scheduled health check for volume org.apache.hadoop.ozone.container.common.volume.HddsVolume@d5d5353
2019-10-14 14:42:13,537 [main] INFO  impl.RaftServerProxy (ConfUtils.java:logGet(43)) - raft.rpc.type = GRPC (default)
2019-10-14 14:42:13,538 [main] INFO  grpc.GrpcFactory (GrpcFactory.java:checkPooledByteBufAllocatorUseCacheForAllThreads(45)) - PERFORMANCE WARNING: useCacheForAllThreads is true that may cause Netty to create a lot garbage objects and, as a result, trigger GC.
	It is recommended to disable useCacheForAllThreads by setting -Dorg.apache.ratis.thirdparty.io.netty.allocator.useCacheForAllThreads=false in command line.
2019-10-14 14:42:13,538 [main] INFO  grpc.GrpcConfigKeys$Server (ConfUtils.java:logGet(43)) - raft.grpc.server.port = 0 (default)
2019-10-14 14:42:13,538 [main] INFO  server.GrpcService (ConfUtils.java:logGet(43)) - raft.grpc.message.size.max = 33570816 (custom)
2019-10-14 14:42:13,539 [main] INFO  server.RaftServerConfigKeys (ConfUtils.java:logGet(43)) - raft.server.log.appender.buffer.byte-limit = 33554432 (custom)
2019-10-14 14:42:13,539 [main] INFO  server.GrpcService (ConfUtils.java:logGet(43)) - raft.grpc.flow.control.window = 1MB (=1048576) (default)
2019-10-14 14:42:13,539 [main] INFO  server.RaftServerConfigKeys (ConfUtils.java:logGet(43)) - raft.server.rpc.request.timeout = 3000ms (default)
2019-10-14 14:42:13,540 [main] INFO  server.RaftServerConfigKeys (ConfUtils.java:logGet(43)) - raft.server.storage.dir = [/workdir/hadoop-ozone/integration-test/target/test-dir/MiniOzoneClusterImpl-669d0a42-2836-47aa-b55b-95c9a6dd1017/datanode-4/data/ratis] (custom)
2019-10-14 14:42:13,541 [main] INFO  hdfs.DFSUtil (DFSUtil.java:httpServerTemplateForNNAndJN(1641)) - Starting Web-server for hddsDatanode at: http://0.0.0.0:0
2019-10-14 14:42:13,543 [main] INFO  server.AuthenticationFilter (AuthenticationFilter.java:constructSecretProvider(240)) - Unable to initialize FileSignerSecretProvider, falling back to use random secrets.
2019-10-14 14:42:13,543 [main] WARN  http.HttpRequestLog (HttpRequestLog.java:getRequestLog(97)) - Jetty request log can only be enabled using Log4j
2019-10-14 14:42:13,545 [main] INFO  http.HttpServer2 (HttpServer2.java:addGlobalFilter(975)) - Added global filter 'safety' (class=org.apache.hadoop.http.HttpServer2$QuotingInputFilter)
2019-10-14 14:42:13,546 [main] INFO  http.HttpServer2 (HttpServer2.java:addFilter(948)) - Added filter static_user_filter (class=org.apache.hadoop.http.lib.StaticUserWebFilter$StaticUserFilter) to context hddsDatanode
2019-10-14 14:42:13,546 [main] INFO  http.HttpServer2 (HttpServer2.java:addFilter(958)) - Added filter static_user_filter (class=org.apache.hadoop.http.lib.StaticUserWebFilter$StaticUserFilter) to context logs
2019-10-14 14:42:13,546 [main] INFO  http.HttpServer2 (HttpServer2.java:addFilter(958)) - Added filter static_user_filter (class=org.apache.hadoop.http.lib.StaticUserWebFilter$StaticUserFilter) to context static
2019-10-14 14:42:13,547 [main] INFO  http.HttpServer2 (HttpServer2.java:bindListener(1191)) - Jetty bound to port 42016
2019-10-14 14:42:13,547 [main] INFO  server.Server (Server.java:doStart(351)) - jetty-9.3.25.v20180904, build timestamp: 2018-09-04T21:11:46Z, git hash: 3ce520221d0240229c862b122d2b06c12a625732
2019-10-14 14:42:13,550 [main] INFO  handler.ContextHandler (ContextHandler.java:doStart(781)) - Started o.e.j.s.ServletContextHandler@50fb33a{/logs,file:///workdir/hadoop-ozone/integration-test/target/log,AVAILABLE}
2019-10-14 14:42:13,550 [main] INFO  handler.ContextHandler (ContextHandler.java:doStart(781)) - Started o.e.j.s.ServletContextHandler@1457fde{/static,jar:file:/home/user/.m2/repository/org/apache/hadoop/hadoop-hdds-container-service/0.5.0-SNAPSHOT/hadoop-hdds-container-service-0.5.0-SNAPSHOT.jar!/webapps/static,AVAILABLE}
2019-10-14 14:42:13,579 [main] INFO  handler.ContextHandler (ContextHandler.java:doStart(781)) - Started o.e.j.w.WebAppContext@7b306b9f{/,file:///tmp/jetty-0.0.0.0-42016-hddsDatanode-_-any-3281984641568032668.dir/webapp/,AVAILABLE}{/hddsDatanode}
2019-10-14 14:42:13,581 [main] INFO  server.AbstractConnector (AbstractConnector.java:doStart(278)) - Started ServerConnector@142213d5{HTTP/1.1,[http/1.1]}{0.0.0.0:42016}
2019-10-14 14:42:13,581 [main] INFO  server.Server (Server.java:doStart(419)) - Started @5623ms
2019-10-14 14:42:13,583 [main] WARN  impl.MetricsSystemImpl (MetricsSystemImpl.java:register(276)) - Sink prometheus already exists!
2019-10-14 14:42:13,584 [main] INFO  server.BaseHttpServer (BaseHttpServer.java:updateConnectorAddress(215)) - HTTP server of HDDSDATANODE is listening at http://0.0.0.0:42016
2019-10-14 14:42:13,585 [main] INFO  impl.MetricsSystemImpl (MetricsSystemImpl.java:init(158)) - HddsDatanode metrics system started (again)
2019-10-14 14:42:13,588 [main] INFO  ozone.HddsDatanodeService (HddsDatanodeService.java:start(184)) - HddsDatanodeService host:pr-hdds-1569-fwkxq-874464227 ip:192.168.5.159
2019-10-14 14:42:13,588 [org.apache.hadoop.util.JvmPauseMonitor$Monitor@1691f4bd] INFO  util.JvmPauseMonitor (JvmPauseMonitor.java:run(188)) - Starting JVM pause monitor
2019-10-14 14:42:13,591 [Datanode State Machine Thread - 0] INFO  datanode.InitDatanodeState (InitDatanodeState.java:persistContainerDatanodeDetails(140)) - DatanodeDetails is persisted to /workdir/hadoop-ozone/integration-test/target/test-dir/MiniOzoneClusterImpl-669d0a42-2836-47aa-b55b-95c9a6dd1017/datanode-4/meta/datanode.id
2019-10-14 14:42:13,596 [main] INFO  volume.HddsVolume (HddsVolume.java:<init>(176)) - Creating Volume: /workdir/hadoop-ozone/integration-test/target/test-dir/MiniOzoneClusterImpl-669d0a42-2836-47aa-b55b-95c9a6dd1017/datanode-5/data/containers/hdds of  storage type : DISK and capacity : 1482555576320
2019-10-14 14:42:13,597 [main] INFO  volume.VolumeSet (VolumeSet.java:initializeVolumeSet(170)) - Added Volume : /workdir/hadoop-ozone/integration-test/target/test-dir/MiniOzoneClusterImpl-669d0a42-2836-47aa-b55b-95c9a6dd1017/datanode-5/data/containers/hdds to VolumeSet
2019-10-14 14:42:13,597 [main] INFO  volume.ThrottledAsyncChecker (ThrottledAsyncChecker.java:schedule(139)) - Scheduling a check for org.apache.hadoop.ozone.container.common.volume.HddsVolume@48b4a043
2019-10-14 14:42:13,598 [main] INFO  volume.HddsVolumeChecker (HddsVolumeChecker.java:checkAllVolumes(202)) - Scheduled health check for volume org.apache.hadoop.ozone.container.common.volume.HddsVolume@48b4a043
2019-10-14 14:42:13,615 [main] INFO  impl.RaftServerProxy (ConfUtils.java:logGet(43)) - raft.rpc.type = GRPC (default)
2019-10-14 14:42:13,616 [main] INFO  grpc.GrpcFactory (GrpcFactory.java:checkPooledByteBufAllocatorUseCacheForAllThreads(45)) - PERFORMANCE WARNING: useCacheForAllThreads is true that may cause Netty to create a lot garbage objects and, as a result, trigger GC.
	It is recommended to disable useCacheForAllThreads by setting -Dorg.apache.ratis.thirdparty.io.netty.allocator.useCacheForAllThreads=false in command line.
2019-10-14 14:42:13,616 [main] INFO  grpc.GrpcConfigKeys$Server (ConfUtils.java:logGet(43)) - raft.grpc.server.port = 0 (default)
2019-10-14 14:42:13,616 [main] INFO  server.GrpcService (ConfUtils.java:logGet(43)) - raft.grpc.message.size.max = 33570816 (custom)
2019-10-14 14:42:13,617 [main] INFO  server.RaftServerConfigKeys (ConfUtils.java:logGet(43)) - raft.server.log.appender.buffer.byte-limit = 33554432 (custom)
2019-10-14 14:42:13,617 [main] INFO  server.GrpcService (ConfUtils.java:logGet(43)) - raft.grpc.flow.control.window = 1MB (=1048576) (default)
2019-10-14 14:42:13,617 [main] INFO  server.RaftServerConfigKeys (ConfUtils.java:logGet(43)) - raft.server.rpc.request.timeout = 3000ms (default)
2019-10-14 14:42:13,618 [main] INFO  server.RaftServerConfigKeys (ConfUtils.java:logGet(43)) - raft.server.storage.dir = [/workdir/hadoop-ozone/integration-test/target/test-dir/MiniOzoneClusterImpl-669d0a42-2836-47aa-b55b-95c9a6dd1017/datanode-5/data/ratis] (custom)
2019-10-14 14:42:13,619 [main] INFO  hdfs.DFSUtil (DFSUtil.java:httpServerTemplateForNNAndJN(1641)) - Starting Web-server for hddsDatanode at: http://0.0.0.0:0
2019-10-14 14:42:13,621 [main] INFO  server.AuthenticationFilter (AuthenticationFilter.java:constructSecretProvider(240)) - Unable to initialize FileSignerSecretProvider, falling back to use random secrets.
2019-10-14 14:42:13,621 [main] WARN  http.HttpRequestLog (HttpRequestLog.java:getRequestLog(97)) - Jetty request log can only be enabled using Log4j
2019-10-14 14:42:13,623 [main] INFO  http.HttpServer2 (HttpServer2.java:addGlobalFilter(975)) - Added global filter 'safety' (class=org.apache.hadoop.http.HttpServer2$QuotingInputFilter)
2019-10-14 14:42:13,623 [main] INFO  http.HttpServer2 (HttpServer2.java:addFilter(948)) - Added filter static_user_filter (class=org.apache.hadoop.http.lib.StaticUserWebFilter$StaticUserFilter) to context hddsDatanode
2019-10-14 14:42:13,623 [main] INFO  http.HttpServer2 (HttpServer2.java:addFilter(958)) - Added filter static_user_filter (class=org.apache.hadoop.http.lib.StaticUserWebFilter$StaticUserFilter) to context static
2019-10-14 14:42:13,623 [main] INFO  http.HttpServer2 (HttpServer2.java:addFilter(958)) - Added filter static_user_filter (class=org.apache.hadoop.http.lib.StaticUserWebFilter$StaticUserFilter) to context logs
2019-10-14 14:42:13,624 [main] INFO  http.HttpServer2 (HttpServer2.java:bindListener(1191)) - Jetty bound to port 36201
2019-10-14 14:42:13,624 [main] INFO  server.Server (Server.java:doStart(351)) - jetty-9.3.25.v20180904, build timestamp: 2018-09-04T21:11:46Z, git hash: 3ce520221d0240229c862b122d2b06c12a625732
2019-10-14 14:42:13,626 [main] INFO  handler.ContextHandler (ContextHandler.java:doStart(781)) - Started o.e.j.s.ServletContextHandler@58fef7f7{/logs,file:///workdir/hadoop-ozone/integration-test/target/log,AVAILABLE}
2019-10-14 14:42:13,627 [main] INFO  handler.ContextHandler (ContextHandler.java:doStart(781)) - Started o.e.j.s.ServletContextHandler@12eedfee{/static,jar:file:/home/user/.m2/repository/org/apache/hadoop/hadoop-hdds-container-service/0.5.0-SNAPSHOT/hadoop-hdds-container-service-0.5.0-SNAPSHOT.jar!/webapps/static,AVAILABLE}
2019-10-14 14:42:13,657 [main] INFO  handler.ContextHandler (ContextHandler.java:doStart(781)) - Started o.e.j.w.WebAppContext@268cbb86{/,file:///tmp/jetty-0.0.0.0-36201-hddsDatanode-_-any-1779309809179083666.dir/webapp/,AVAILABLE}{/hddsDatanode}
2019-10-14 14:42:13,657 [main] INFO  server.AbstractConnector (AbstractConnector.java:doStart(278)) - Started ServerConnector@10f7918f{HTTP/1.1,[http/1.1]}{0.0.0.0:36201}
2019-10-14 14:42:13,659 [main] INFO  server.Server (Server.java:doStart(419)) - Started @5701ms
2019-10-14 14:42:13,659 [main] WARN  impl.MetricsSystemImpl (MetricsSystemImpl.java:register(276)) - Sink prometheus already exists!
2019-10-14 14:42:13,660 [main] INFO  server.BaseHttpServer (BaseHttpServer.java:updateConnectorAddress(215)) - HTTP server of HDDSDATANODE is listening at http://0.0.0.0:36201
2019-10-14 14:42:13,660 [main] INFO  impl.MetricsSystemImpl (MetricsSystemImpl.java:init(158)) - HddsDatanode metrics system started (again)
2019-10-14 14:42:13,664 [main] INFO  ozone.HddsDatanodeService (HddsDatanodeService.java:start(184)) - HddsDatanodeService host:pr-hdds-1569-fwkxq-874464227 ip:192.168.5.159
2019-10-14 14:42:13,664 [org.apache.hadoop.util.JvmPauseMonitor$Monitor@11553c7d] INFO  util.JvmPauseMonitor (JvmPauseMonitor.java:run(188)) - Starting JVM pause monitor
2019-10-14 14:42:13,668 [Datanode State Machine Thread - 0] INFO  datanode.InitDatanodeState (InitDatanodeState.java:persistContainerDatanodeDetails(140)) - DatanodeDetails is persisted to /workdir/hadoop-ozone/integration-test/target/test-dir/MiniOzoneClusterImpl-669d0a42-2836-47aa-b55b-95c9a6dd1017/datanode-5/meta/datanode.id
2019-10-14 14:42:13,672 [main] INFO  volume.HddsVolume (HddsVolume.java:<init>(176)) - Creating Volume: /workdir/hadoop-ozone/integration-test/target/test-dir/MiniOzoneClusterImpl-669d0a42-2836-47aa-b55b-95c9a6dd1017/datanode-6/data/containers/hdds of  storage type : DISK and capacity : 1482555576320
2019-10-14 14:42:13,672 [main] INFO  volume.VolumeSet (VolumeSet.java:initializeVolumeSet(170)) - Added Volume : /workdir/hadoop-ozone/integration-test/target/test-dir/MiniOzoneClusterImpl-669d0a42-2836-47aa-b55b-95c9a6dd1017/datanode-6/data/containers/hdds to VolumeSet
2019-10-14 14:42:13,672 [main] INFO  volume.ThrottledAsyncChecker (ThrottledAsyncChecker.java:schedule(139)) - Scheduling a check for org.apache.hadoop.ozone.container.common.volume.HddsVolume@7afc4db9
2019-10-14 14:42:13,673 [main] INFO  volume.HddsVolumeChecker (HddsVolumeChecker.java:checkAllVolumes(202)) - Scheduled health check for volume org.apache.hadoop.ozone.container.common.volume.HddsVolume@7afc4db9
2019-10-14 14:42:13,687 [main] INFO  impl.RaftServerProxy (ConfUtils.java:logGet(43)) - raft.rpc.type = GRPC (default)
2019-10-14 14:42:13,687 [main] INFO  grpc.GrpcFactory (GrpcFactory.java:checkPooledByteBufAllocatorUseCacheForAllThreads(45)) - PERFORMANCE WARNING: useCacheForAllThreads is true that may cause Netty to create a lot garbage objects and, as a result, trigger GC.
	It is recommended to disable useCacheForAllThreads by setting -Dorg.apache.ratis.thirdparty.io.netty.allocator.useCacheForAllThreads=false in command line.
2019-10-14 14:42:13,688 [main] INFO  grpc.GrpcConfigKeys$Server (ConfUtils.java:logGet(43)) - raft.grpc.server.port = 0 (default)
2019-10-14 14:42:13,688 [main] INFO  server.GrpcService (ConfUtils.java:logGet(43)) - raft.grpc.message.size.max = 33570816 (custom)
2019-10-14 14:42:13,688 [main] INFO  server.RaftServerConfigKeys (ConfUtils.java:logGet(43)) - raft.server.log.appender.buffer.byte-limit = 33554432 (custom)
2019-10-14 14:42:13,688 [main] INFO  server.GrpcService (ConfUtils.java:logGet(43)) - raft.grpc.flow.control.window = 1MB (=1048576) (default)
2019-10-14 14:42:13,689 [main] INFO  server.RaftServerConfigKeys (ConfUtils.java:logGet(43)) - raft.server.rpc.request.timeout = 3000ms (default)
2019-10-14 14:42:13,689 [main] INFO  server.RaftServerConfigKeys (ConfUtils.java:logGet(43)) - raft.server.storage.dir = [/workdir/hadoop-ozone/integration-test/target/test-dir/MiniOzoneClusterImpl-669d0a42-2836-47aa-b55b-95c9a6dd1017/datanode-6/data/ratis] (custom)
2019-10-14 14:42:13,691 [main] INFO  hdfs.DFSUtil (DFSUtil.java:httpServerTemplateForNNAndJN(1641)) - Starting Web-server for hddsDatanode at: http://0.0.0.0:0
2019-10-14 14:42:13,692 [main] INFO  server.AuthenticationFilter (AuthenticationFilter.java:constructSecretProvider(240)) - Unable to initialize FileSignerSecretProvider, falling back to use random secrets.
2019-10-14 14:42:13,692 [main] WARN  http.HttpRequestLog (HttpRequestLog.java:getRequestLog(97)) - Jetty request log can only be enabled using Log4j
2019-10-14 14:42:13,694 [main] INFO  http.HttpServer2 (HttpServer2.java:addGlobalFilter(975)) - Added global filter 'safety' (class=org.apache.hadoop.http.HttpServer2$QuotingInputFilter)
2019-10-14 14:42:13,694 [main] INFO  http.HttpServer2 (HttpServer2.java:addFilter(948)) - Added filter static_user_filter (class=org.apache.hadoop.http.lib.StaticUserWebFilter$StaticUserFilter) to context hddsDatanode
2019-10-14 14:42:13,695 [main] INFO  http.HttpServer2 (HttpServer2.java:addFilter(958)) - Added filter static_user_filter (class=org.apache.hadoop.http.lib.StaticUserWebFilter$StaticUserFilter) to context logs
2019-10-14 14:42:13,695 [main] INFO  http.HttpServer2 (HttpServer2.java:addFilter(958)) - Added filter static_user_filter (class=org.apache.hadoop.http.lib.StaticUserWebFilter$StaticUserFilter) to context static
2019-10-14 14:42:13,695 [main] INFO  http.HttpServer2 (HttpServer2.java:bindListener(1191)) - Jetty bound to port 37644
2019-10-14 14:42:13,696 [main] INFO  server.Server (Server.java:doStart(351)) - jetty-9.3.25.v20180904, build timestamp: 2018-09-04T21:11:46Z, git hash: 3ce520221d0240229c862b122d2b06c12a625732
2019-10-14 14:42:13,697 [main] INFO  handler.ContextHandler (ContextHandler.java:doStart(781)) - Started o.e.j.s.ServletContextHandler@1ab5f08a{/logs,file:///workdir/hadoop-ozone/integration-test/target/log,AVAILABLE}
2019-10-14 14:42:13,698 [main] INFO  handler.ContextHandler (ContextHandler.java:doStart(781)) - Started o.e.j.s.ServletContextHandler@79a04e5f{/static,jar:file:/home/user/.m2/repository/org/apache/hadoop/hadoop-hdds-container-service/0.5.0-SNAPSHOT/hadoop-hdds-container-service-0.5.0-SNAPSHOT.jar!/webapps/static,AVAILABLE}
2019-10-14 14:42:13,728 [main] INFO  handler.ContextHandler (ContextHandler.java:doStart(781)) - Started o.e.j.w.WebAppContext@5a08efdc{/,file:///tmp/jetty-0.0.0.0-37644-hddsDatanode-_-any-7814566706676487594.dir/webapp/,AVAILABLE}{/hddsDatanode}
2019-10-14 14:42:13,728 [main] INFO  server.AbstractConnector (AbstractConnector.java:doStart(278)) - Started ServerConnector@57272109{HTTP/1.1,[http/1.1]}{0.0.0.0:37644}
2019-10-14 14:42:13,729 [main] INFO  server.Server (Server.java:doStart(419)) - Started @5771ms
2019-10-14 14:42:13,729 [main] WARN  impl.MetricsSystemImpl (MetricsSystemImpl.java:register(276)) - Sink prometheus already exists!
2019-10-14 14:42:13,730 [main] INFO  server.BaseHttpServer (BaseHttpServer.java:updateConnectorAddress(215)) - HTTP server of HDDSDATANODE is listening at http://0.0.0.0:37644
2019-10-14 14:42:13,732 [main] INFO  ozone.MiniOzoneClusterImpl (MiniOzoneClusterImpl.java:lambda$waitForClusterToBeReady$0(147)) - Waiting for cluster to be ready. Got 0 of 7 DN Heartbeats.
2019-10-14 14:42:13,733 [org.apache.hadoop.util.JvmPauseMonitor$Monitor@5c3d74b8] INFO  util.JvmPauseMonitor (JvmPauseMonitor.java:run(188)) - Starting JVM pause monitor
2019-10-14 14:42:13,737 [Datanode State Machine Thread - 0] INFO  datanode.InitDatanodeState (InitDatanodeState.java:persistContainerDatanodeDetails(140)) - DatanodeDetails is persisted to /workdir/hadoop-ozone/integration-test/target/test-dir/MiniOzoneClusterImpl-669d0a42-2836-47aa-b55b-95c9a6dd1017/datanode-6/meta/datanode.id
2019-10-14 14:42:14,733 [main] INFO  ozone.MiniOzoneClusterImpl (MiniOzoneClusterImpl.java:lambda$waitForClusterToBeReady$0(147)) - Waiting for cluster to be ready. Got 0 of 7 DN Heartbeats.
2019-10-14 14:42:15,324 [Datanode State Machine Thread - 0] INFO  ozoneimpl.OzoneContainer (OzoneContainer.java:start(217)) - Attempting to start container services.
2019-10-14 14:42:15,328 [Datanode State Machine Thread - 0] INFO  ozoneimpl.OzoneContainer (OzoneContainer.java:startContainerScrub(179)) - Background container scanner has been disabled.
2019-10-14 14:42:15,328 [Datanode State Machine Thread - 0] INFO  ratis.XceiverServerRatis (XceiverServerRatis.java:start(411)) - Starting XceiverServerRatis 8ca3ec46-7319-4283-b207-b730019dde55 at port 0
2019-10-14 14:42:15,357 [Datanode State Machine Thread - 0] INFO  impl.RaftServerProxy (RaftServerProxy.java:lambda$start$3(299)) - 8ca3ec46-7319-4283-b207-b730019dde55: start RPC server
2019-10-14 14:42:15,374 [Datanode State Machine Thread - 0] INFO  ozoneimpl.OzoneContainer (OzoneContainer.java:start(217)) - Attempting to start container services.
2019-10-14 14:42:15,381 [Datanode State Machine Thread - 0] INFO  ozoneimpl.OzoneContainer (OzoneContainer.java:startContainerScrub(179)) - Background container scanner has been disabled.
2019-10-14 14:42:15,382 [Datanode State Machine Thread - 0] INFO  ratis.XceiverServerRatis (XceiverServerRatis.java:start(411)) - Starting XceiverServerRatis 07a15819-e4fc-4072-82ac-b3e77a99d12a at port 0
2019-10-14 14:42:15,394 [Datanode State Machine Thread - 0] INFO  impl.RaftServerProxy (RaftServerProxy.java:lambda$start$3(299)) - 07a15819-e4fc-4072-82ac-b3e77a99d12a: start RPC server
2019-10-14 14:42:15,441 [Datanode State Machine Thread - 0] INFO  ozoneimpl.OzoneContainer (OzoneContainer.java:start(217)) - Attempting to start container services.
2019-10-14 14:42:15,446 [Datanode State Machine Thread - 0] INFO  ozoneimpl.OzoneContainer (OzoneContainer.java:startContainerScrub(179)) - Background container scanner has been disabled.
2019-10-14 14:42:15,446 [Datanode State Machine Thread - 0] INFO  ratis.XceiverServerRatis (XceiverServerRatis.java:start(411)) - Starting XceiverServerRatis caa892f0-76ff-4c1e-b30f-b7c59842badc at port 0
2019-10-14 14:42:15,455 [Datanode State Machine Thread - 0] INFO  impl.RaftServerProxy (RaftServerProxy.java:lambda$start$3(299)) - caa892f0-76ff-4c1e-b30f-b7c59842badc: start RPC server
2019-10-14 14:42:15,523 [Datanode State Machine Thread - 0] INFO  server.GrpcService (GrpcService.java:startImpl(158)) - 07a15819-e4fc-4072-82ac-b3e77a99d12a: GrpcService started, listening on 0.0.0.0/0.0.0.0:45599
2019-10-14 14:42:15,523 [Datanode State Machine Thread - 0] INFO  server.GrpcService (GrpcService.java:startImpl(158)) - 8ca3ec46-7319-4283-b207-b730019dde55: GrpcService started, listening on 0.0.0.0/0.0.0.0:46312
2019-10-14 14:42:15,524 [Datanode State Machine Thread - 0] INFO  ratis.XceiverServerRatis (XceiverServerRatis.java:start(421)) - XceiverServerRatis 07a15819-e4fc-4072-82ac-b3e77a99d12a is started using port 45599
2019-10-14 14:42:15,523 [Datanode State Machine Thread - 0] INFO  server.GrpcService (GrpcService.java:startImpl(158)) - caa892f0-76ff-4c1e-b30f-b7c59842badc: GrpcService started, listening on 0.0.0.0/0.0.0.0:39406
2019-10-14 14:42:15,525 [Datanode State Machine Thread - 0] INFO  ratis.XceiverServerRatis (XceiverServerRatis.java:start(421)) - XceiverServerRatis 8ca3ec46-7319-4283-b207-b730019dde55 is started using port 46312
2019-10-14 14:42:15,525 [Datanode State Machine Thread - 0] INFO  ratis.XceiverServerRatis (XceiverServerRatis.java:start(421)) - XceiverServerRatis caa892f0-76ff-4c1e-b30f-b7c59842badc is started using port 39406
2019-10-14 14:42:15,525 [Datanode State Machine Thread - 0] INFO  ozoneimpl.OzoneContainer (OzoneContainer.java:start(217)) - Attempting to start container services.
2019-10-14 14:42:15,526 [Datanode State Machine Thread - 0] INFO  ozoneimpl.OzoneContainer (OzoneContainer.java:startContainerScrub(179)) - Background container scanner has been disabled.
2019-10-14 14:42:15,527 [Datanode State Machine Thread - 0] INFO  ratis.XceiverServerRatis (XceiverServerRatis.java:start(411)) - Starting XceiverServerRatis f9748ec4-5d8a-4dfc-8690-85b8cdac3f5d at port 0
2019-10-14 14:42:15,532 [Datanode State Machine Thread - 0] INFO  server.XceiverServerGrpc (XceiverServerGrpc.java:start(149)) - XceiverServerGrpc 07a15819-e4fc-4072-82ac-b3e77a99d12a is started using port 45452
2019-10-14 14:42:15,533 [Datanode State Machine Thread - 0] INFO  server.XceiverServerGrpc (XceiverServerGrpc.java:start(149)) - XceiverServerGrpc 8ca3ec46-7319-4283-b207-b730019dde55 is started using port 39572
2019-10-14 14:42:15,532 [Datanode State Machine Thread - 0] INFO  server.XceiverServerGrpc (XceiverServerGrpc.java:start(149)) - XceiverServerGrpc caa892f0-76ff-4c1e-b30f-b7c59842badc is started using port 37708
2019-10-14 14:42:15,547 [Datanode State Machine Thread - 0] INFO  impl.RaftServerProxy (RaftServerProxy.java:lambda$start$3(299)) - f9748ec4-5d8a-4dfc-8690-85b8cdac3f5d: start RPC server
2019-10-14 14:42:15,549 [Datanode State Machine Thread - 0] INFO  server.GrpcService (GrpcService.java:startImpl(158)) - f9748ec4-5d8a-4dfc-8690-85b8cdac3f5d: GrpcService started, listening on 0.0.0.0/0.0.0.0:44598
2019-10-14 14:42:15,550 [Datanode State Machine Thread - 0] INFO  ratis.XceiverServerRatis (XceiverServerRatis.java:start(421)) - XceiverServerRatis f9748ec4-5d8a-4dfc-8690-85b8cdac3f5d is started using port 44598
2019-10-14 14:42:15,552 [Datanode State Machine Thread - 0] INFO  server.XceiverServerGrpc (XceiverServerGrpc.java:start(149)) - XceiverServerGrpc f9748ec4-5d8a-4dfc-8690-85b8cdac3f5d is started using port 36809
2019-10-14 14:42:15,605 [Datanode State Machine Thread - 0] INFO  ozoneimpl.OzoneContainer (OzoneContainer.java:start(217)) - Attempting to start container services.
2019-10-14 14:42:15,606 [Datanode State Machine Thread - 0] INFO  ozoneimpl.OzoneContainer (OzoneContainer.java:startContainerScrub(179)) - Background container scanner has been disabled.
2019-10-14 14:42:15,606 [Datanode State Machine Thread - 0] INFO  ratis.XceiverServerRatis (XceiverServerRatis.java:start(411)) - Starting XceiverServerRatis b5473c3a-58c1-45a3-8583-afed2a32f44c at port 0
2019-10-14 14:42:15,614 [Datanode State Machine Thread - 0] INFO  impl.RaftServerProxy (RaftServerProxy.java:lambda$start$3(299)) - b5473c3a-58c1-45a3-8583-afed2a32f44c: start RPC server
2019-10-14 14:42:15,617 [Datanode State Machine Thread - 0] INFO  server.GrpcService (GrpcService.java:startImpl(158)) - b5473c3a-58c1-45a3-8583-afed2a32f44c: GrpcService started, listening on 0.0.0.0/0.0.0.0:42233
2019-10-14 14:42:15,618 [Datanode State Machine Thread - 0] INFO  ratis.XceiverServerRatis (XceiverServerRatis.java:start(421)) - XceiverServerRatis b5473c3a-58c1-45a3-8583-afed2a32f44c is started using port 42233
2019-10-14 14:42:15,621 [Datanode State Machine Thread - 0] INFO  server.XceiverServerGrpc (XceiverServerGrpc.java:start(149)) - XceiverServerGrpc b5473c3a-58c1-45a3-8583-afed2a32f44c is started using port 32863
2019-10-14 14:42:15,681 [Datanode State Machine Thread - 0] INFO  ozoneimpl.OzoneContainer (OzoneContainer.java:start(217)) - Attempting to start container services.
2019-10-14 14:42:15,681 [Datanode State Machine Thread - 0] INFO  ozoneimpl.OzoneContainer (OzoneContainer.java:startContainerScrub(179)) - Background container scanner has been disabled.
2019-10-14 14:42:15,681 [Datanode State Machine Thread - 0] INFO  ratis.XceiverServerRatis (XceiverServerRatis.java:start(411)) - Starting XceiverServerRatis 9a6c87f6-096e-4769-9132-289fb1aab8c2 at port 0
2019-10-14 14:42:15,690 [Datanode State Machine Thread - 0] INFO  impl.RaftServerProxy (RaftServerProxy.java:lambda$start$3(299)) - 9a6c87f6-096e-4769-9132-289fb1aab8c2: start RPC server
2019-10-14 14:42:15,700 [Datanode State Machine Thread - 0] INFO  server.GrpcService (GrpcService.java:startImpl(158)) - 9a6c87f6-096e-4769-9132-289fb1aab8c2: GrpcService started, listening on 0.0.0.0/0.0.0.0:46771
2019-10-14 14:42:15,701 [Datanode State Machine Thread - 0] INFO  ratis.XceiverServerRatis (XceiverServerRatis.java:start(421)) - XceiverServerRatis 9a6c87f6-096e-4769-9132-289fb1aab8c2 is started using port 46771
2019-10-14 14:42:15,705 [Datanode State Machine Thread - 0] INFO  server.XceiverServerGrpc (XceiverServerGrpc.java:start(149)) - XceiverServerGrpc 9a6c87f6-096e-4769-9132-289fb1aab8c2 is started using port 39004
2019-10-14 14:42:15,733 [main] INFO  ozone.MiniOzoneClusterImpl (MiniOzoneClusterImpl.java:lambda$waitForClusterToBeReady$0(147)) - Waiting for cluster to be ready. Got 0 of 7 DN Heartbeats.
2019-10-14 14:42:15,751 [Datanode State Machine Thread - 0] INFO  ozoneimpl.OzoneContainer (OzoneContainer.java:start(217)) - Attempting to start container services.
2019-10-14 14:42:15,751 [Datanode State Machine Thread - 0] INFO  ozoneimpl.OzoneContainer (OzoneContainer.java:startContainerScrub(179)) - Background container scanner has been disabled.
2019-10-14 14:42:15,752 [Datanode State Machine Thread - 0] INFO  ratis.XceiverServerRatis (XceiverServerRatis.java:start(411)) - Starting XceiverServerRatis b63a5968-b034-497d-a723-e18a7363a3f1 at port 0
2019-10-14 14:42:15,760 [Datanode State Machine Thread - 0] INFO  impl.RaftServerProxy (RaftServerProxy.java:lambda$start$3(299)) - b63a5968-b034-497d-a723-e18a7363a3f1: start RPC server
2019-10-14 14:42:15,765 [Datanode State Machine Thread - 0] INFO  server.GrpcService (GrpcService.java:startImpl(158)) - b63a5968-b034-497d-a723-e18a7363a3f1: GrpcService started, listening on 0.0.0.0/0.0.0.0:39007
2019-10-14 14:42:15,765 [Datanode State Machine Thread - 0] INFO  ratis.XceiverServerRatis (XceiverServerRatis.java:start(421)) - XceiverServerRatis b63a5968-b034-497d-a723-e18a7363a3f1 is started using port 39007
2019-10-14 14:42:15,769 [Datanode State Machine Thread - 0] INFO  server.XceiverServerGrpc (XceiverServerGrpc.java:start(149)) - XceiverServerGrpc b63a5968-b034-497d-a723-e18a7363a3f1 is started using port 33357
2019-10-14 14:42:16,736 [main] INFO  ozone.MiniOzoneClusterImpl (MiniOzoneClusterImpl.java:lambda$waitForClusterToBeReady$0(147)) - Waiting for cluster to be ready. Got 0 of 7 DN Heartbeats.
2019-10-14 14:42:17,296 [IPC Server handler 0 on 38839] INFO  net.NetworkTopology (NetworkTopologyImpl.java:add(111)) - Added a new node: /default-rack/8ca3ec46-7319-4283-b207-b730019dde55
2019-10-14 14:42:17,297 [IPC Server handler 0 on 38839] INFO  node.SCMNodeManager (SCMNodeManager.java:register(266)) - Registered Data node : 8ca3ec46-7319-4283-b207-b730019dde55{ip: 192.168.5.159, host: pr-hdds-1569-fwkxq-874464227, networkLocation: /default-rack, certSerialId: null}
2019-10-14 14:42:17,301 [EventQueue-NodeRegistrationContainerReportForDataNodeSafeModeRule] INFO  safemode.SCMSafeModeManager (DataNodeSafeModeRule.java:process(71)) - SCM in safe mode. 1 DataNodes registered, 1 required.
2019-10-14 14:42:17,302 [EventQueue-NodeRegistrationContainerReportForDataNodeSafeModeRule] INFO  safemode.SCMSafeModeManager (SCMSafeModeManager.java:validateSafeModeExitRules(177)) - ScmSafeModeManager, all rules are successfully validated
2019-10-14 14:42:17,302 [EventQueue-NodeRegistrationContainerReportForDataNodeSafeModeRule] INFO  safemode.SCMSafeModeManager (SCMSafeModeManager.java:exitSafeMode(193)) - SCM exiting safe mode.
2019-10-14 14:42:17,354 [IPC Server handler 1 on 38839] INFO  net.NetworkTopology (NetworkTopologyImpl.java:add(111)) - Added a new node: /default-rack/07a15819-e4fc-4072-82ac-b3e77a99d12a
2019-10-14 14:42:17,354 [IPC Server handler 1 on 38839] INFO  node.SCMNodeManager (SCMNodeManager.java:register(266)) - Registered Data node : 07a15819-e4fc-4072-82ac-b3e77a99d12a{ip: 192.168.5.159, host: pr-hdds-1569-fwkxq-874464227, networkLocation: /default-rack, certSerialId: null}
2019-10-14 14:42:17,428 [IPC Server handler 2 on 38839] INFO  net.NetworkTopology (NetworkTopologyImpl.java:add(111)) - Added a new node: /default-rack/caa892f0-76ff-4c1e-b30f-b7c59842badc
2019-10-14 14:42:17,429 [IPC Server handler 2 on 38839] INFO  node.SCMNodeManager (SCMNodeManager.java:register(266)) - Registered Data node : caa892f0-76ff-4c1e-b30f-b7c59842badc{ip: 192.168.5.159, host: pr-hdds-1569-fwkxq-874464227, networkLocation: /default-rack, certSerialId: null}
2019-10-14 14:42:17,509 [IPC Server handler 3 on 38839] INFO  net.NetworkTopology (NetworkTopologyImpl.java:add(111)) - Added a new node: /default-rack/f9748ec4-5d8a-4dfc-8690-85b8cdac3f5d
2019-10-14 14:42:17,509 [IPC Server handler 3 on 38839] INFO  node.SCMNodeManager (SCMNodeManager.java:register(266)) - Registered Data node : f9748ec4-5d8a-4dfc-8690-85b8cdac3f5d{ip: 192.168.5.159, host: pr-hdds-1569-fwkxq-874464227, networkLocation: /default-rack, certSerialId: null}
2019-10-14 14:42:17,594 [IPC Server handler 5 on 38839] INFO  net.NetworkTopology (NetworkTopologyImpl.java:add(111)) - Added a new node: /default-rack/b5473c3a-58c1-45a3-8583-afed2a32f44c
2019-10-14 14:42:17,594 [IPC Server handler 5 on 38839] INFO  node.SCMNodeManager (SCMNodeManager.java:register(266)) - Registered Data node : b5473c3a-58c1-45a3-8583-afed2a32f44c{ip: 192.168.5.159, host: pr-hdds-1569-fwkxq-874464227, networkLocation: /default-rack, certSerialId: null}
2019-10-14 14:42:17,668 [IPC Server handler 7 on 38839] INFO  net.NetworkTopology (NetworkTopologyImpl.java:add(111)) - Added a new node: /default-rack/9a6c87f6-096e-4769-9132-289fb1aab8c2
2019-10-14 14:42:17,668 [IPC Server handler 7 on 38839] INFO  node.SCMNodeManager (SCMNodeManager.java:register(266)) - Registered Data node : 9a6c87f6-096e-4769-9132-289fb1aab8c2{ip: 192.168.5.159, host: pr-hdds-1569-fwkxq-874464227, networkLocation: /default-rack, certSerialId: null}
2019-10-14 14:42:17,737 [main] INFO  ozone.MiniOzoneClusterImpl (MiniOzoneClusterImpl.java:lambda$waitForClusterToBeReady$0(147)) - Waiting for cluster to be ready. Got 6 of 7 DN Heartbeats.
2019-10-14 14:42:17,737 [IPC Server handler 9 on 38839] INFO  net.NetworkTopology (NetworkTopologyImpl.java:add(111)) - Added a new node: /default-rack/b63a5968-b034-497d-a723-e18a7363a3f1
2019-10-14 14:42:17,738 [IPC Server handler 9 on 38839] INFO  node.SCMNodeManager (SCMNodeManager.java:register(266)) - Registered Data node : b63a5968-b034-497d-a723-e18a7363a3f1{ip: 192.168.5.159, host: pr-hdds-1569-fwkxq-874464227, networkLocation: /default-rack, certSerialId: null}
2019-10-14 14:42:17,812 [grpc-default-executor-0] INFO  impl.RaftServerProxy (RaftServerProxy.java:addNew(89)) - 8ca3ec46-7319-4283-b207-b730019dde55: addNew group-2502542E7A07:[8ca3ec46-7319-4283-b207-b730019dde55:192.168.5.159:46312] returns group-2502542E7A07:java.util.concurrent.CompletableFuture@c0f66a6[Not completed]
2019-10-14 14:42:17,828 [pool-27-thread-1] INFO  impl.RaftServerImpl (RaftServerImpl.java:<init>(95)) - 8ca3ec46-7319-4283-b207-b730019dde55: new RaftServerImpl for group-2502542E7A07:[8ca3ec46-7319-4283-b207-b730019dde55:192.168.5.159:46312] with ContainerStateMachine:uninitialized
2019-10-14 14:42:17,829 [pool-27-thread-1] INFO  server.RaftServerConfigKeys (ConfUtils.java:logGet(43)) - raft.server.rpc.timeout.min = 1s (custom)
2019-10-14 14:42:17,831 [pool-27-thread-1] INFO  server.RaftServerConfigKeys (ConfUtils.java:logGet(43)) - raft.server.rpc.timeout.max = 1200ms (custom)
2019-10-14 14:42:17,831 [pool-27-thread-1] INFO  server.RaftServerConfigKeys (ConfUtils.java:logGet(43)) - raft.server.rpcslowness.timeout = 120s (custom)
2019-10-14 14:42:17,832 [pool-27-thread-1] INFO  server.RaftServerConfigKeys (ConfUtils.java:logGet(43)) - raft.server.sleep.deviation.threshold = 300 (default)
2019-10-14 14:42:17,832 [pool-27-thread-1] INFO  server.RaftServerConfigKeys (ConfUtils.java:logGet(43)) - raft.server.log.appender.install.snapshot.enabled = false (custom)
2019-10-14 14:42:17,839 [pool-27-thread-1] INFO  impl.RaftServerImpl (ServerState.java:<init>(103)) - 8ca3ec46-7319-4283-b207-b730019dde55@group-2502542E7A07: ConfigurationManager, init=-1: [8ca3ec46-7319-4283-b207-b730019dde55:192.168.5.159:46312], old=null, confs=<EMPTY_MAP>
2019-10-14 14:42:17,839 [pool-27-thread-1] INFO  server.RaftServerConfigKeys (ConfUtils.java:logGet(43)) - raft.server.storage.dir = [/workdir/hadoop-ozone/integration-test/target/test-dir/MiniOzoneClusterImpl-669d0a42-2836-47aa-b55b-95c9a6dd1017/datanode-0/data/ratis] (custom)
2019-10-14 14:42:17,845 [pool-27-thread-1] INFO  storage.RaftStorageDirectory (RaftStorageDirectory.java:analyzeStorage(246)) - The storage directory /workdir/hadoop-ozone/integration-test/target/test-dir/MiniOzoneClusterImpl-669d0a42-2836-47aa-b55b-95c9a6dd1017/datanode-0/data/ratis/1651fa6d-b0c2-4b64-941e-2502542e7a07 does not exist. Creating ...
2019-10-14 14:42:17,852 [pool-27-thread-1] INFO  storage.RaftStorageDirectory (RaftStorageDirectory.java:tryLock(328)) - Lock on /workdir/hadoop-ozone/integration-test/target/test-dir/MiniOzoneClusterImpl-669d0a42-2836-47aa-b55b-95c9a6dd1017/datanode-0/data/ratis/1651fa6d-b0c2-4b64-941e-2502542e7a07/in_use.lock acquired by nodename 25093@pr-hdds-1569-fwkxq-874464227
2019-10-14 14:42:17,868 [pool-27-thread-1] INFO  storage.RaftStorage (RaftStorage.java:format(72)) - Storage directory /workdir/hadoop-ozone/integration-test/target/test-dir/MiniOzoneClusterImpl-669d0a42-2836-47aa-b55b-95c9a6dd1017/datanode-0/data/ratis/1651fa6d-b0c2-4b64-941e-2502542e7a07 has been successfully formatted.
2019-10-14 14:42:17,870 [pool-27-thread-1] INFO  ratis.ContainerStateMachine (ContainerStateMachine.java:loadSnapshot(230)) - group-2502542E7A07: The snapshot info is null. Setting the last applied indexto:(t:0, i:~)
2019-10-14 14:42:17,870 [pool-27-thread-1] INFO  server.RaftServerConfigKeys (ConfUtils.java:logGet(43)) - raft.server.notification.no-leader.timeout = 120s (custom)
2019-10-14 14:42:17,871 [pool-27-thread-1] INFO  server.RaftServerConfigKeys (ConfUtils.java:logGet(43)) - raft.server.log.use.memory = false (default)
2019-10-14 14:42:17,876 [pool-27-thread-1] INFO  server.RaftServerConfigKeys (ConfUtils.java:logGet(43)) - raft.server.log.purge.gap = 1000000 (custom)
2019-10-14 14:42:17,876 [pool-27-thread-1] INFO  server.RaftServerConfigKeys (ConfUtils.java:logGet(43)) - raft.server.log.appender.buffer.byte-limit = 33554432 (custom)
2019-10-14 14:42:17,878 [pool-27-thread-1] INFO  server.RaftServerConfigKeys (ConfUtils.java:logGet(43)) - raft.server.log.segment.size.max = 1048576 (custom)
2019-10-14 14:42:17,881 [pool-27-thread-1] INFO  server.RaftServerConfigKeys (ConfUtils.java:logGet(43)) - raft.server.log.segment.cache.num.max = 2 (custom)
2019-10-14 14:42:17,886 [pool-27-thread-1] INFO  segmented.SegmentedRaftLogWorker (SegmentedRaftLogWorker.java:<init>(172)) - new 8ca3ec46-7319-4283-b207-b730019dde55@group-2502542E7A07-SegmentedRaftLogWorker for RaftStorage:Storage Directory /workdir/hadoop-ozone/integration-test/target/test-dir/MiniOzoneClusterImpl-669d0a42-2836-47aa-b55b-95c9a6dd1017/datanode-0/data/ratis/1651fa6d-b0c2-4b64-941e-2502542e7a07
2019-10-14 14:42:17,887 [pool-27-thread-1] INFO  impl.MetricsSystemImpl (MetricsSystemImpl.java:init(158)) - ratis metrics system started (again)
2019-10-14 14:42:17,893 [pool-27-thread-1] INFO  metrics.MetricRegistries (MetricRegistriesLoader.java:load(64)) - Loaded MetricRegistries class org.apache.ratis.metrics.impl.MetricRegistriesImpl
2019-10-14 14:42:17,921 [pool-27-thread-1] INFO  server.RaftServerConfigKeys (ConfUtils.java:logGet(43)) - raft.server.log.queue.byte-limit = 2147483647 (custom)
2019-10-14 14:42:17,921 [pool-27-thread-1] INFO  server.RaftServerConfigKeys (ConfUtils.java:logGet(43)) - raft.server.log.queue.element-limit = 1024 (custom)
2019-10-14 14:42:17,924 [pool-27-thread-1] INFO  server.RaftServerConfigKeys (ConfUtils.java:logGet(43)) - raft.server.log.segment.size.max = 1048576 (custom)
2019-10-14 14:42:17,924 [pool-27-thread-1] INFO  server.RaftServerConfigKeys (ConfUtils.java:logGet(43)) - raft.server.log.preallocated.size = 16384 (custom)
2019-10-14 14:42:17,925 [pool-27-thread-1] INFO  server.RaftServerConfigKeys (ConfUtils.java:logGet(43)) - raft.server.log.write.buffer.size = 33554432 (custom)
2019-10-14 14:42:17,925 [pool-27-thread-1] INFO  server.RaftServerConfigKeys (ConfUtils.java:logGet(43)) - raft.server.log.force.sync.num = 128 (default)
2019-10-14 14:42:17,926 [pool-27-thread-1] INFO  server.RaftServerConfigKeys (ConfUtils.java:logGet(43)) - raft.server.log.statemachine.data.sync = true (default)
2019-10-14 14:42:17,926 [pool-27-thread-1] INFO  server.RaftServerConfigKeys (ConfUtils.java:logGet(43)) - raft.server.log.statemachine.data.sync.timeout = 10s (default)
2019-10-14 14:42:17,927 [pool-27-thread-1] INFO  server.RaftServerConfigKeys (ConfUtils.java:logGet(43)) - raft.server.log.statemachine.data.sync.timeout.retry = -1 (default)
2019-10-14 14:42:17,934 [pool-27-thread-1] INFO  server.RaftServerConfigKeys (ConfUtils.java:logGet(43)) - raft.server.log.statemachine.data.caching.enabled = true (custom)
2019-10-14 14:42:17,937 [pool-27-thread-1] INFO  segmented.SegmentedRaftLogWorker (SegmentedRaftLogWorker.java:lambda$new$0(132)) - 8ca3ec46-7319-4283-b207-b730019dde55@group-2502542E7A07-SegmentedRaftLogWorker: flushIndex: setUnconditionally 0 -> -1
2019-10-14 14:42:17,941 [pool-27-thread-1] INFO  server.RaftServerConfigKeys (ConfUtils.java:logGet(43)) - raft.server.snapshot.auto.trigger.enabled = true (custom)
2019-10-14 14:42:17,942 [pool-27-thread-1] INFO  server.RaftServerConfigKeys (ConfUtils.java:logGet(43)) - raft.server.snapshot.auto.trigger.threshold = 10000 (custom)
2019-10-14 14:42:17,942 [pool-27-thread-1] INFO  server.RaftServerConfigKeys (ConfUtils.java:logGet(43)) - raft.server.snapshot.retention.num.files = 5 (custom)
2019-10-14 14:42:17,943 [pool-27-thread-1] INFO  server.RaftServerConfigKeys (ConfUtils.java:logGet(43)) - raft.server.retrycache.expirytime = 600000ms (custom)
2019-10-14 14:42:17,965 [pool-27-thread-1] INFO  impl.RaftServerImpl (RaftServerImpl.java:start(185)) - 8ca3ec46-7319-4283-b207-b730019dde55@group-2502542E7A07: start as a follower, conf=-1: [8ca3ec46-7319-4283-b207-b730019dde55:192.168.5.159:46312], old=null
2019-10-14 14:42:17,966 [pool-27-thread-1] INFO  impl.RaftServerImpl (RaftServerImpl.java:setRole(174)) - 8ca3ec46-7319-4283-b207-b730019dde55@group-2502542E7A07: changes role from      null to FOLLOWER at term 0 for startAsFollower
2019-10-14 14:42:17,967 [pool-27-thread-1] INFO  impl.RoleInfo (RoleInfo.java:updateAndGet(143)) - 8ca3ec46-7319-4283-b207-b730019dde55: start FollowerState
2019-10-14 14:42:17,968 [pool-27-thread-1] INFO  util.JmxRegister (JmxRegister.java:tryRegister(44)) - Successfully registered JMX Bean with object name Ratis:service=RaftServer,group=group-2502542E7A07,id=8ca3ec46-7319-4283-b207-b730019dde55
2019-10-14 14:42:18,021 [RatisPipelineUtilsThread] INFO  pipeline.PipelineStateManager (PipelineStateManager.java:addPipeline(56)) - Created pipeline Pipeline[ Id: 1651fa6d-b0c2-4b64-941e-2502542e7a07, Nodes: 8ca3ec46-7319-4283-b207-b730019dde55{ip: 192.168.5.159, host: pr-hdds-1569-fwkxq-874464227, networkLocation: /default-rack, certSerialId: null}, Type:RATIS, Factor:ONE, State:OPEN]
2019-10-14 14:42:18,051 [grpc-default-executor-0] INFO  impl.RaftServerProxy (RaftServerProxy.java:addNew(89)) - b63a5968-b034-497d-a723-e18a7363a3f1: addNew group-E9E18C041C43:[b63a5968-b034-497d-a723-e18a7363a3f1:192.168.5.159:39007] returns group-E9E18C041C43:java.util.concurrent.CompletableFuture@6ac18142[Not completed]
2019-10-14 14:42:18,106 [pool-87-thread-1] INFO  impl.RaftServerImpl (RaftServerImpl.java:<init>(95)) - b63a5968-b034-497d-a723-e18a7363a3f1: new RaftServerImpl for group-E9E18C041C43:[b63a5968-b034-497d-a723-e18a7363a3f1:192.168.5.159:39007] with ContainerStateMachine:uninitialized
2019-10-14 14:42:18,108 [pool-87-thread-1] INFO  server.RaftServerConfigKeys (ConfUtils.java:logGet(43)) - raft.server.rpc.timeout.min = 1s (custom)
2019-10-14 14:42:18,108 [pool-87-thread-1] INFO  server.RaftServerConfigKeys (ConfUtils.java:logGet(43)) - raft.server.rpc.timeout.max = 1200ms (custom)
2019-10-14 14:42:18,108 [pool-87-thread-1] INFO  server.RaftServerConfigKeys (ConfUtils.java:logGet(43)) - raft.server.rpcslowness.timeout = 120s (custom)
2019-10-14 14:42:18,108 [pool-87-thread-1] INFO  server.RaftServerConfigKeys (ConfUtils.java:logGet(43)) - raft.server.sleep.deviation.threshold = 300 (default)
2019-10-14 14:42:18,108 [pool-87-thread-1] INFO  server.RaftServerConfigKeys (ConfUtils.java:logGet(43)) - raft.server.log.appender.install.snapshot.enabled = false (custom)
2019-10-14 14:42:18,108 [pool-87-thread-1] INFO  impl.RaftServerImpl (ServerState.java:<init>(103)) - b63a5968-b034-497d-a723-e18a7363a3f1@group-E9E18C041C43: ConfigurationManager, init=-1: [b63a5968-b034-497d-a723-e18a7363a3f1:192.168.5.159:39007], old=null, confs=<EMPTY_MAP>
2019-10-14 14:42:18,109 [pool-87-thread-1] INFO  server.RaftServerConfigKeys (ConfUtils.java:logGet(43)) - raft.server.storage.dir = [/workdir/hadoop-ozone/integration-test/target/test-dir/MiniOzoneClusterImpl-669d0a42-2836-47aa-b55b-95c9a6dd1017/datanode-6/data/ratis] (custom)
2019-10-14 14:42:18,109 [pool-87-thread-1] INFO  storage.RaftStorageDirectory (RaftStorageDirectory.java:analyzeStorage(246)) - The storage directory /workdir/hadoop-ozone/integration-test/target/test-dir/MiniOzoneClusterImpl-669d0a42-2836-47aa-b55b-95c9a6dd1017/datanode-6/data/ratis/2016483d-7ab4-4005-b551-e9e18c041c43 does not exist. Creating ...
2019-10-14 14:42:18,123 [pool-87-thread-1] INFO  storage.RaftStorageDirectory (RaftStorageDirectory.java:tryLock(328)) - Lock on /workdir/hadoop-ozone/integration-test/target/test-dir/MiniOzoneClusterImpl-669d0a42-2836-47aa-b55b-95c9a6dd1017/datanode-6/data/ratis/2016483d-7ab4-4005-b551-e9e18c041c43/in_use.lock acquired by nodename 25093@pr-hdds-1569-fwkxq-874464227
2019-10-14 14:42:18,137 [pool-87-thread-1] INFO  storage.RaftStorage (RaftStorage.java:format(72)) - Storage directory /workdir/hadoop-ozone/integration-test/target/test-dir/MiniOzoneClusterImpl-669d0a42-2836-47aa-b55b-95c9a6dd1017/datanode-6/data/ratis/2016483d-7ab4-4005-b551-e9e18c041c43 has been successfully formatted.
2019-10-14 14:42:18,138 [pool-87-thread-1] INFO  ratis.ContainerStateMachine (ContainerStateMachine.java:loadSnapshot(230)) - group-E9E18C041C43: The snapshot info is null. Setting the last applied indexto:(t:0, i:~)
2019-10-14 14:42:18,139 [pool-87-thread-1] INFO  server.RaftServerConfigKeys (ConfUtils.java:logGet(43)) - raft.server.notification.no-leader.timeout = 120s (custom)
2019-10-14 14:42:18,139 [pool-87-thread-1] INFO  server.RaftServerConfigKeys (ConfUtils.java:logGet(43)) - raft.server.log.use.memory = false (default)
2019-10-14 14:42:18,139 [pool-87-thread-1] INFO  server.RaftServerConfigKeys (ConfUtils.java:logGet(43)) - raft.server.log.purge.gap = 1000000 (custom)
2019-10-14 14:42:18,139 [pool-87-thread-1] INFO  server.RaftServerConfigKeys (ConfUtils.java:logGet(43)) - raft.server.log.appender.buffer.byte-limit = 33554432 (custom)
2019-10-14 14:42:18,140 [pool-87-thread-1] INFO  server.RaftServerConfigKeys (ConfUtils.java:logGet(43)) - raft.server.log.segment.size.max = 1048576 (custom)
2019-10-14 14:42:18,140 [pool-87-thread-1] INFO  server.RaftServerConfigKeys (ConfUtils.java:logGet(43)) - raft.server.log.segment.cache.num.max = 2 (custom)
2019-10-14 14:42:18,140 [pool-87-thread-1] INFO  segmented.SegmentedRaftLogWorker (SegmentedRaftLogWorker.java:<init>(172)) - new b63a5968-b034-497d-a723-e18a7363a3f1@group-E9E18C041C43-SegmentedRaftLogWorker for RaftStorage:Storage Directory /workdir/hadoop-ozone/integration-test/target/test-dir/MiniOzoneClusterImpl-669d0a42-2836-47aa-b55b-95c9a6dd1017/datanode-6/data/ratis/2016483d-7ab4-4005-b551-e9e18c041c43
2019-10-14 14:42:18,145 [pool-87-thread-1] INFO  server.RaftServerConfigKeys (ConfUtils.java:logGet(43)) - raft.server.log.queue.byte-limit = 2147483647 (custom)
2019-10-14 14:42:18,145 [pool-87-thread-1] INFO  server.RaftServerConfigKeys (ConfUtils.java:logGet(43)) - raft.server.log.queue.element-limit = 1024 (custom)
2019-10-14 14:42:18,145 [pool-87-thread-1] INFO  server.RaftServerConfigKeys (ConfUtils.java:logGet(43)) - raft.server.log.segment.size.max = 1048576 (custom)
2019-10-14 14:42:18,146 [pool-87-thread-1] INFO  server.RaftServerConfigKeys (ConfUtils.java:logGet(43)) - raft.server.log.preallocated.size = 16384 (custom)
2019-10-14 14:42:18,146 [pool-87-thread-1] INFO  server.RaftServerConfigKeys (ConfUtils.java:logGet(43)) - raft.server.log.write.buffer.size = 33554432 (custom)
2019-10-14 14:42:18,146 [pool-87-thread-1] INFO  server.RaftServerConfigKeys (ConfUtils.java:logGet(43)) - raft.server.log.force.sync.num = 128 (default)
2019-10-14 14:42:18,146 [pool-87-thread-1] INFO  server.RaftServerConfigKeys (ConfUtils.java:logGet(43)) - raft.server.log.statemachine.data.sync = true (default)
2019-10-14 14:42:18,146 [pool-87-thread-1] INFO  server.RaftServerConfigKeys (ConfUtils.java:logGet(43)) - raft.server.log.statemachine.data.sync.timeout = 10s (default)
2019-10-14 14:42:18,146 [pool-87-thread-1] INFO  server.RaftServerConfigKeys (ConfUtils.java:logGet(43)) - raft.server.log.statemachine.data.sync.timeout.retry = -1 (default)
2019-10-14 14:42:18,147 [pool-87-thread-1] INFO  server.RaftServerConfigKeys (ConfUtils.java:logGet(43)) - raft.server.log.statemachine.data.caching.enabled = true (custom)
2019-10-14 14:42:18,147 [pool-87-thread-1] INFO  segmented.SegmentedRaftLogWorker (SegmentedRaftLogWorker.java:lambda$new$0(132)) - b63a5968-b034-497d-a723-e18a7363a3f1@group-E9E18C041C43-SegmentedRaftLogWorker: flushIndex: setUnconditionally 0 -> -1
2019-10-14 14:42:18,147 [pool-87-thread-1] INFO  server.RaftServerConfigKeys (ConfUtils.java:logGet(43)) - raft.server.snapshot.auto.trigger.enabled = true (custom)
2019-10-14 14:42:18,147 [pool-87-thread-1] INFO  server.RaftServerConfigKeys (ConfUtils.java:logGet(43)) - raft.server.snapshot.auto.trigger.threshold = 10000 (custom)
2019-10-14 14:42:18,147 [pool-87-thread-1] INFO  server.RaftServerConfigKeys (ConfUtils.java:logGet(43)) - raft.server.snapshot.retention.num.files = 5 (custom)
2019-10-14 14:42:18,148 [pool-87-thread-1] INFO  server.RaftServerConfigKeys (ConfUtils.java:logGet(43)) - raft.server.retrycache.expirytime = 600000ms (custom)
2019-10-14 14:42:18,152 [pool-87-thread-1] INFO  impl.RaftServerImpl (RaftServerImpl.java:start(185)) - b63a5968-b034-497d-a723-e18a7363a3f1@group-E9E18C041C43: start as a follower, conf=-1: [b63a5968-b034-497d-a723-e18a7363a3f1:192.168.5.159:39007], old=null
2019-10-14 14:42:18,152 [pool-87-thread-1] INFO  impl.RaftServerImpl (RaftServerImpl.java:setRole(174)) - b63a5968-b034-497d-a723-e18a7363a3f1@group-E9E18C041C43: changes role from      null to FOLLOWER at term 0 for startAsFollower
2019-10-14 14:42:18,152 [pool-87-thread-1] INFO  impl.RoleInfo (RoleInfo.java:updateAndGet(143)) - b63a5968-b034-497d-a723-e18a7363a3f1: start FollowerState
2019-10-14 14:42:18,153 [pool-87-thread-1] INFO  util.JmxRegister (JmxRegister.java:tryRegister(44)) - Successfully registered JMX Bean with object name Ratis:service=RaftServer,group=group-E9E18C041C43,id=b63a5968-b034-497d-a723-e18a7363a3f1
2019-10-14 14:42:18,167 [RatisPipelineUtilsThread] INFO  pipeline.PipelineStateManager (PipelineStateManager.java:addPipeline(56)) - Created pipeline Pipeline[ Id: 2016483d-7ab4-4005-b551-e9e18c041c43, Nodes: b63a5968-b034-497d-a723-e18a7363a3f1{ip: 192.168.5.159, host: pr-hdds-1569-fwkxq-874464227, networkLocation: /default-rack, certSerialId: null}, Type:RATIS, Factor:ONE, State:OPEN]
2019-10-14 14:42:18,191 [grpc-default-executor-0] INFO  impl.RaftServerProxy (RaftServerProxy.java:addNew(89)) - 9a6c87f6-096e-4769-9132-289fb1aab8c2: addNew group-BE36695BA8B9:[9a6c87f6-096e-4769-9132-289fb1aab8c2:192.168.5.159:46771] returns group-BE36695BA8B9:java.util.concurrent.CompletableFuture@6f4f877b[Not completed]
2019-10-14 14:42:18,221 [pool-77-thread-1] INFO  impl.RaftServerImpl (RaftServerImpl.java:<init>(95)) - 9a6c87f6-096e-4769-9132-289fb1aab8c2: new RaftServerImpl for group-BE36695BA8B9:[9a6c87f6-096e-4769-9132-289fb1aab8c2:192.168.5.159:46771] with ContainerStateMachine:uninitialized
2019-10-14 14:42:18,221 [pool-77-thread-1] INFO  server.RaftServerConfigKeys (ConfUtils.java:logGet(43)) - raft.server.rpc.timeout.min = 1s (custom)
2019-10-14 14:42:18,221 [pool-77-thread-1] INFO  server.RaftServerConfigKeys (ConfUtils.java:logGet(43)) - raft.server.rpc.timeout.max = 1200ms (custom)
2019-10-14 14:42:18,222 [pool-77-thread-1] INFO  server.RaftServerConfigKeys (ConfUtils.java:logGet(43)) - raft.server.rpcslowness.timeout = 120s (custom)
2019-10-14 14:42:18,222 [pool-77-thread-1] INFO  server.RaftServerConfigKeys (ConfUtils.java:logGet(43)) - raft.server.sleep.deviation.threshold = 300 (default)
2019-10-14 14:42:18,222 [pool-77-thread-1] INFO  server.RaftServerConfigKeys (ConfUtils.java:logGet(43)) - raft.server.log.appender.install.snapshot.enabled = false (custom)
2019-10-14 14:42:18,222 [pool-77-thread-1] INFO  impl.RaftServerImpl (ServerState.java:<init>(103)) - 9a6c87f6-096e-4769-9132-289fb1aab8c2@group-BE36695BA8B9: ConfigurationManager, init=-1: [9a6c87f6-096e-4769-9132-289fb1aab8c2:192.168.5.159:46771], old=null, confs=<EMPTY_MAP>
2019-10-14 14:42:18,222 [pool-77-thread-1] INFO  server.RaftServerConfigKeys (ConfUtils.java:logGet(43)) - raft.server.storage.dir = [/workdir/hadoop-ozone/integration-test/target/test-dir/MiniOzoneClusterImpl-669d0a42-2836-47aa-b55b-95c9a6dd1017/datanode-5/data/ratis] (custom)
2019-10-14 14:42:18,223 [pool-77-thread-1] INFO  storage.RaftStorageDirectory (RaftStorageDirectory.java:analyzeStorage(246)) - The storage directory /workdir/hadoop-ozone/integration-test/target/test-dir/MiniOzoneClusterImpl-669d0a42-2836-47aa-b55b-95c9a6dd1017/datanode-5/data/ratis/3f396000-81db-4e8c-aa7e-be36695ba8b9 does not exist. Creating ...
2019-10-14 14:42:18,236 [pool-77-thread-1] INFO  storage.RaftStorageDirectory (RaftStorageDirectory.java:tryLock(328)) - Lock on /workdir/hadoop-ozone/integration-test/target/test-dir/MiniOzoneClusterImpl-669d0a42-2836-47aa-b55b-95c9a6dd1017/datanode-5/data/ratis/3f396000-81db-4e8c-aa7e-be36695ba8b9/in_use.lock acquired by nodename 25093@pr-hdds-1569-fwkxq-874464227
2019-10-14 14:42:18,249 [pool-77-thread-1] INFO  storage.RaftStorage (RaftStorage.java:format(72)) - Storage directory /workdir/hadoop-ozone/integration-test/target/test-dir/MiniOzoneClusterImpl-669d0a42-2836-47aa-b55b-95c9a6dd1017/datanode-5/data/ratis/3f396000-81db-4e8c-aa7e-be36695ba8b9 has been successfully formatted.
2019-10-14 14:42:18,249 [pool-77-thread-1] INFO  ratis.ContainerStateMachine (ContainerStateMachine.java:loadSnapshot(230)) - group-BE36695BA8B9: The snapshot info is null. Setting the last applied indexto:(t:0, i:~)
2019-10-14 14:42:18,249 [pool-77-thread-1] INFO  server.RaftServerConfigKeys (ConfUtils.java:logGet(43)) - raft.server.notification.no-leader.timeout = 120s (custom)
2019-10-14 14:42:18,249 [pool-77-thread-1] INFO  server.RaftServerConfigKeys (ConfUtils.java:logGet(43)) - raft.server.log.use.memory = false (default)
2019-10-14 14:42:18,250 [pool-77-thread-1] INFO  server.RaftServerConfigKeys (ConfUtils.java:logGet(43)) - raft.server.log.purge.gap = 1000000 (custom)
2019-10-14 14:42:18,250 [pool-77-thread-1] INFO  server.RaftServerConfigKeys (ConfUtils.java:logGet(43)) - raft.server.log.appender.buffer.byte-limit = 33554432 (custom)
2019-10-14 14:42:18,250 [pool-77-thread-1] INFO  server.RaftServerConfigKeys (ConfUtils.java:logGet(43)) - raft.server.log.segment.size.max = 1048576 (custom)
2019-10-14 14:42:18,250 [pool-77-thread-1] INFO  server.RaftServerConfigKeys (ConfUtils.java:logGet(43)) - raft.server.log.segment.cache.num.max = 2 (custom)
2019-10-14 14:42:18,250 [pool-77-thread-1] INFO  segmented.SegmentedRaftLogWorker (SegmentedRaftLogWorker.java:<init>(172)) - new 9a6c87f6-096e-4769-9132-289fb1aab8c2@group-BE36695BA8B9-SegmentedRaftLogWorker for RaftStorage:Storage Directory /workdir/hadoop-ozone/integration-test/target/test-dir/MiniOzoneClusterImpl-669d0a42-2836-47aa-b55b-95c9a6dd1017/datanode-5/data/ratis/3f396000-81db-4e8c-aa7e-be36695ba8b9
2019-10-14 14:42:18,294 [pool-77-thread-1] INFO  server.RaftServerConfigKeys (ConfUtils.java:logGet(43)) - raft.server.log.queue.byte-limit = 2147483647 (custom)
2019-10-14 14:42:18,295 [pool-77-thread-1] INFO  server.RaftServerConfigKeys (ConfUtils.java:logGet(43)) - raft.server.log.queue.element-limit = 1024 (custom)
2019-10-14 14:42:18,295 [pool-77-thread-1] INFO  server.RaftServerConfigKeys (ConfUtils.java:logGet(43)) - raft.server.log.segment.size.max = 1048576 (custom)
2019-10-14 14:42:18,295 [pool-77-thread-1] INFO  server.RaftServerConfigKeys (ConfUtils.java:logGet(43)) - raft.server.log.preallocated.size = 16384 (custom)
2019-10-14 14:42:18,296 [pool-77-thread-1] INFO  server.RaftServerConfigKeys (ConfUtils.java:logGet(43)) - raft.server.log.write.buffer.size = 33554432 (custom)
2019-10-14 14:42:18,296 [pool-77-thread-1] INFO  server.RaftServerConfigKeys (ConfUtils.java:logGet(43)) - raft.server.log.force.sync.num = 128 (default)
2019-10-14 14:42:18,296 [pool-77-thread-1] INFO  server.RaftServerConfigKeys (ConfUtils.java:logGet(43)) - raft.server.log.statemachine.data.sync = true (default)
2019-10-14 14:42:18,296 [pool-77-thread-1] INFO  server.RaftServerConfigKeys (ConfUtils.java:logGet(43)) - raft.server.log.statemachine.data.sync.timeout = 10s (default)
2019-10-14 14:42:18,296 [pool-77-thread-1] INFO  server.RaftServerConfigKeys (ConfUtils.java:logGet(43)) - raft.server.log.statemachine.data.sync.timeout.retry = -1 (default)
2019-10-14 14:42:18,297 [pool-77-thread-1] INFO  server.RaftServerConfigKeys (ConfUtils.java:logGet(43)) - raft.server.log.statemachine.data.caching.enabled = true (custom)
2019-10-14 14:42:18,297 [pool-77-thread-1] INFO  segmented.SegmentedRaftLogWorker (SegmentedRaftLogWorker.java:lambda$new$0(132)) - 9a6c87f6-096e-4769-9132-289fb1aab8c2@group-BE36695BA8B9-SegmentedRaftLogWorker: flushIndex: setUnconditionally 0 -> -1
2019-10-14 14:42:18,298 [pool-77-thread-1] INFO  server.RaftServerConfigKeys (ConfUtils.java:logGet(43)) - raft.server.snapshot.auto.trigger.enabled = true (custom)
2019-10-14 14:42:18,298 [pool-77-thread-1] INFO  server.RaftServerConfigKeys (ConfUtils.java:logGet(43)) - raft.server.snapshot.auto.trigger.threshold = 10000 (custom)
2019-10-14 14:42:18,298 [pool-77-thread-1] INFO  server.RaftServerConfigKeys (ConfUtils.java:logGet(43)) - raft.server.snapshot.retention.num.files = 5 (custom)
2019-10-14 14:42:18,298 [pool-77-thread-1] INFO  server.RaftServerConfigKeys (ConfUtils.java:logGet(43)) - raft.server.retrycache.expirytime = 600000ms (custom)
2019-10-14 14:42:18,305 [pool-77-thread-1] INFO  impl.RaftServerImpl (RaftServerImpl.java:start(185)) - 9a6c87f6-096e-4769-9132-289fb1aab8c2@group-BE36695BA8B9: start as a follower, conf=-1: [9a6c87f6-096e-4769-9132-289fb1aab8c2:192.168.5.159:46771], old=null
2019-10-14 14:42:18,305 [pool-77-thread-1] INFO  impl.RaftServerImpl (RaftServerImpl.java:setRole(174)) - 9a6c87f6-096e-4769-9132-289fb1aab8c2@group-BE36695BA8B9: changes role from      null to FOLLOWER at term 0 for startAsFollower
2019-10-14 14:42:18,306 [pool-77-thread-1] INFO  impl.RoleInfo (RoleInfo.java:updateAndGet(143)) - 9a6c87f6-096e-4769-9132-289fb1aab8c2: start FollowerState
2019-10-14 14:42:18,306 [pool-77-thread-1] INFO  util.JmxRegister (JmxRegister.java:tryRegister(44)) - Successfully registered JMX Bean with object name Ratis:service=RaftServer,group=group-BE36695BA8B9,id=9a6c87f6-096e-4769-9132-289fb1aab8c2
2019-10-14 14:42:18,317 [RatisPipelineUtilsThread] INFO  pipeline.PipelineStateManager (PipelineStateManager.java:addPipeline(56)) - Created pipeline Pipeline[ Id: 3f396000-81db-4e8c-aa7e-be36695ba8b9, Nodes: 9a6c87f6-096e-4769-9132-289fb1aab8c2{ip: 192.168.5.159, host: pr-hdds-1569-fwkxq-874464227, networkLocation: /default-rack, certSerialId: null}, Type:RATIS, Factor:ONE, State:OPEN]
2019-10-14 14:42:18,335 [grpc-default-executor-0] INFO  impl.RaftServerProxy (RaftServerProxy.java:addNew(89)) - caa892f0-76ff-4c1e-b30f-b7c59842badc: addNew group-1858E7B6172A:[caa892f0-76ff-4c1e-b30f-b7c59842badc:192.168.5.159:39406] returns group-1858E7B6172A:java.util.concurrent.CompletableFuture@5fccccd8[Not completed]
2019-10-14 14:42:18,339 [pool-47-thread-1] INFO  impl.RaftServerImpl (RaftServerImpl.java:<init>(95)) - caa892f0-76ff-4c1e-b30f-b7c59842badc: new RaftServerImpl for group-1858E7B6172A:[caa892f0-76ff-4c1e-b30f-b7c59842badc:192.168.5.159:39406] with ContainerStateMachine:uninitialized
2019-10-14 14:42:18,339 [pool-47-thread-1] INFO  server.RaftServerConfigKeys (ConfUtils.java:logGet(43)) - raft.server.rpc.timeout.min = 1s (custom)
2019-10-14 14:42:18,339 [pool-47-thread-1] INFO  server.RaftServerConfigKeys (ConfUtils.java:logGet(43)) - raft.server.rpc.timeout.max = 1200ms (custom)
2019-10-14 14:42:18,339 [pool-47-thread-1] INFO  server.RaftServerConfigKeys (ConfUtils.java:logGet(43)) - raft.server.rpcslowness.timeout = 120s (custom)
2019-10-14 14:42:18,339 [pool-47-thread-1] INFO  server.RaftServerConfigKeys (ConfUtils.java:logGet(43)) - raft.server.sleep.deviation.threshold = 300 (default)
2019-10-14 14:42:18,339 [pool-47-thread-1] INFO  server.RaftServerConfigKeys (ConfUtils.java:logGet(43)) - raft.server.log.appender.install.snapshot.enabled = false (custom)
2019-10-14 14:42:18,339 [pool-47-thread-1] INFO  impl.RaftServerImpl (ServerState.java:<init>(103)) - caa892f0-76ff-4c1e-b30f-b7c59842badc@group-1858E7B6172A: ConfigurationManager, init=-1: [caa892f0-76ff-4c1e-b30f-b7c59842badc:192.168.5.159:39406], old=null, confs=<EMPTY_MAP>
2019-10-14 14:42:18,339 [pool-47-thread-1] INFO  server.RaftServerConfigKeys (ConfUtils.java:logGet(43)) - raft.server.storage.dir = [/workdir/hadoop-ozone/integration-test/target/test-dir/MiniOzoneClusterImpl-669d0a42-2836-47aa-b55b-95c9a6dd1017/datanode-2/data/ratis] (custom)
2019-10-14 14:42:18,340 [pool-47-thread-1] INFO  storage.RaftStorageDirectory (RaftStorageDirectory.java:analyzeStorage(246)) - The storage directory /workdir/hadoop-ozone/integration-test/target/test-dir/MiniOzoneClusterImpl-669d0a42-2836-47aa-b55b-95c9a6dd1017/datanode-2/data/ratis/e1d61cf8-7884-4f46-b783-1858e7b6172a does not exist. Creating ...
2019-10-14 14:42:18,353 [pool-47-thread-1] INFO  storage.RaftStorageDirectory (RaftStorageDirectory.java:tryLock(328)) - Lock on /workdir/hadoop-ozone/integration-test/target/test-dir/MiniOzoneClusterImpl-669d0a42-2836-47aa-b55b-95c9a6dd1017/datanode-2/data/ratis/e1d61cf8-7884-4f46-b783-1858e7b6172a/in_use.lock acquired by nodename 25093@pr-hdds-1569-fwkxq-874464227
2019-10-14 14:42:18,366 [pool-47-thread-1] INFO  storage.RaftStorage (RaftStorage.java:format(72)) - Storage directory /workdir/hadoop-ozone/integration-test/target/test-dir/MiniOzoneClusterImpl-669d0a42-2836-47aa-b55b-95c9a6dd1017/datanode-2/data/ratis/e1d61cf8-7884-4f46-b783-1858e7b6172a has been successfully formatted.
2019-10-14 14:42:18,367 [pool-47-thread-1] INFO  ratis.ContainerStateMachine (ContainerStateMachine.java:loadSnapshot(230)) - group-1858E7B6172A: The snapshot info is null. Setting the last applied indexto:(t:0, i:~)
2019-10-14 14:42:18,367 [pool-47-thread-1] INFO  server.RaftServerConfigKeys (ConfUtils.java:logGet(43)) - raft.server.notification.no-leader.timeout = 120s (custom)
2019-10-14 14:42:18,367 [pool-47-thread-1] INFO  server.RaftServerConfigKeys (ConfUtils.java:logGet(43)) - raft.server.log.use.memory = false (default)
2019-10-14 14:42:18,367 [pool-47-thread-1] INFO  server.RaftServerConfigKeys (ConfUtils.java:logGet(43)) - raft.server.log.purge.gap = 1000000 (custom)
2019-10-14 14:42:18,367 [pool-47-thread-1] INFO  server.RaftServerConfigKeys (ConfUtils.java:logGet(43)) - raft.server.log.appender.buffer.byte-limit = 33554432 (custom)
2019-10-14 14:42:18,367 [pool-47-thread-1] INFO  server.RaftServerConfigKeys (ConfUtils.java:logGet(43)) - raft.server.log.segment.size.max = 1048576 (custom)
2019-10-14 14:42:18,367 [pool-47-thread-1] INFO  server.RaftServerConfigKeys (ConfUtils.java:logGet(43)) - raft.server.log.segment.cache.num.max = 2 (custom)
2019-10-14 14:42:18,368 [pool-47-thread-1] INFO  segmented.SegmentedRaftLogWorker (SegmentedRaftLogWorker.java:<init>(172)) - new caa892f0-76ff-4c1e-b30f-b7c59842badc@group-1858E7B6172A-SegmentedRaftLogWorker for RaftStorage:Storage Directory /workdir/hadoop-ozone/integration-test/target/test-dir/MiniOzoneClusterImpl-669d0a42-2836-47aa-b55b-95c9a6dd1017/datanode-2/data/ratis/e1d61cf8-7884-4f46-b783-1858e7b6172a
2019-10-14 14:42:18,371 [pool-47-thread-1] INFO  server.RaftServerConfigKeys (ConfUtils.java:logGet(43)) - raft.server.log.queue.byte-limit = 2147483647 (custom)
2019-10-14 14:42:18,371 [pool-47-thread-1] INFO  server.RaftServerConfigKeys (ConfUtils.java:logGet(43)) - raft.server.log.queue.element-limit = 1024 (custom)
2019-10-14 14:42:18,372 [pool-47-thread-1] INFO  server.RaftServerConfigKeys (ConfUtils.java:logGet(43)) - raft.server.log.segment.size.max = 1048576 (custom)
2019-10-14 14:42:18,372 [pool-47-thread-1] INFO  server.RaftServerConfigKeys (ConfUtils.java:logGet(43)) - raft.server.log.preallocated.size = 16384 (custom)
2019-10-14 14:42:18,372 [pool-47-thread-1] INFO  server.RaftServerConfigKeys (ConfUtils.java:logGet(43)) - raft.server.log.write.buffer.size = 33554432 (custom)
2019-10-14 14:42:18,372 [pool-47-thread-1] INFO  server.RaftServerConfigKeys (ConfUtils.java:logGet(43)) - raft.server.log.force.sync.num = 128 (default)
2019-10-14 14:42:18,372 [pool-47-thread-1] INFO  server.RaftServerConfigKeys (ConfUtils.java:logGet(43)) - raft.server.log.statemachine.data.sync = true (default)
2019-10-14 14:42:18,372 [pool-47-thread-1] INFO  server.RaftServerConfigKeys (ConfUtils.java:logGet(43)) - raft.server.log.statemachine.data.sync.timeout = 10s (default)
2019-10-14 14:42:18,372 [pool-47-thread-1] INFO  server.RaftServerConfigKeys (ConfUtils.java:logGet(43)) - raft.server.log.statemachine.data.sync.timeout.retry = -1 (default)
2019-10-14 14:42:18,373 [pool-47-thread-1] INFO  server.RaftServerConfigKeys (ConfUtils.java:logGet(43)) - raft.server.log.statemachine.data.caching.enabled = true (custom)
2019-10-14 14:42:18,373 [pool-47-thread-1] INFO  segmented.SegmentedRaftLogWorker (SegmentedRaftLogWorker.java:lambda$new$0(132)) - caa892f0-76ff-4c1e-b30f-b7c59842badc@group-1858E7B6172A-SegmentedRaftLogWorker: flushIndex: setUnconditionally 0 -> -1
2019-10-14 14:42:18,373 [pool-47-thread-1] INFO  server.RaftServerConfigKeys (ConfUtils.java:logGet(43)) - raft.server.snapshot.auto.trigger.enabled = true (custom)
2019-10-14 14:42:18,373 [pool-47-thread-1] INFO  server.RaftServerConfigKeys (ConfUtils.java:logGet(43)) - raft.server.snapshot.auto.trigger.threshold = 10000 (custom)
2019-10-14 14:42:18,373 [pool-47-thread-1] INFO  server.RaftServerConfigKeys (ConfUtils.java:logGet(43)) - raft.server.snapshot.retention.num.files = 5 (custom)
2019-10-14 14:42:18,373 [pool-47-thread-1] INFO  server.RaftServerConfigKeys (ConfUtils.java:logGet(43)) - raft.server.retrycache.expirytime = 600000ms (custom)
2019-10-14 14:42:18,377 [pool-47-thread-1] INFO  impl.RaftServerImpl (RaftServerImpl.java:start(185)) - caa892f0-76ff-4c1e-b30f-b7c59842badc@group-1858E7B6172A: start as a follower, conf=-1: [caa892f0-76ff-4c1e-b30f-b7c59842badc:192.168.5.159:39406], old=null
2019-10-14 14:42:18,377 [pool-47-thread-1] INFO  impl.RaftServerImpl (RaftServerImpl.java:setRole(174)) - caa892f0-76ff-4c1e-b30f-b7c59842badc@group-1858E7B6172A: changes role from      null to FOLLOWER at term 0 for startAsFollower
2019-10-14 14:42:18,378 [pool-47-thread-1] INFO  impl.RoleInfo (RoleInfo.java:updateAndGet(143)) - caa892f0-76ff-4c1e-b30f-b7c59842badc: start FollowerState
2019-10-14 14:42:18,378 [pool-47-thread-1] INFO  util.JmxRegister (JmxRegister.java:tryRegister(44)) - Successfully registered JMX Bean with object name Ratis:service=RaftServer,group=group-1858E7B6172A,id=caa892f0-76ff-4c1e-b30f-b7c59842badc
2019-10-14 14:42:18,392 [RatisPipelineUtilsThread] INFO  pipeline.PipelineStateManager (PipelineStateManager.java:addPipeline(56)) - Created pipeline Pipeline[ Id: e1d61cf8-7884-4f46-b783-1858e7b6172a, Nodes: caa892f0-76ff-4c1e-b30f-b7c59842badc{ip: 192.168.5.159, host: pr-hdds-1569-fwkxq-874464227, networkLocation: /default-rack, certSerialId: null}, Type:RATIS, Factor:ONE, State:OPEN]
2019-10-14 14:42:18,415 [grpc-default-executor-0] INFO  impl.RaftServerProxy (RaftServerProxy.java:addNew(89)) - 07a15819-e4fc-4072-82ac-b3e77a99d12a: addNew group-942654BE9B20:[07a15819-e4fc-4072-82ac-b3e77a99d12a:192.168.5.159:45599] returns group-942654BE9B20:java.util.concurrent.CompletableFuture@5ebd28e3[Not completed]
2019-10-14 14:42:18,417 [pool-37-thread-1] INFO  impl.RaftServerImpl (RaftServerImpl.java:<init>(95)) - 07a15819-e4fc-4072-82ac-b3e77a99d12a: new RaftServerImpl for group-942654BE9B20:[07a15819-e4fc-4072-82ac-b3e77a99d12a:192.168.5.159:45599] with ContainerStateMachine:uninitialized
2019-10-14 14:42:18,417 [pool-37-thread-1] INFO  server.RaftServerConfigKeys (ConfUtils.java:logGet(43)) - raft.server.rpc.timeout.min = 1s (custom)
2019-10-14 14:42:18,417 [pool-37-thread-1] INFO  server.RaftServerConfigKeys (ConfUtils.java:logGet(43)) - raft.server.rpc.timeout.max = 1200ms (custom)
2019-10-14 14:42:18,417 [pool-37-thread-1] INFO  server.RaftServerConfigKeys (ConfUtils.java:logGet(43)) - raft.server.rpcslowness.timeout = 120s (custom)
2019-10-14 14:42:18,417 [pool-37-thread-1] INFO  server.RaftServerConfigKeys (ConfUtils.java:logGet(43)) - raft.server.sleep.deviation.threshold = 300 (default)
2019-10-14 14:42:18,417 [pool-37-thread-1] INFO  server.RaftServerConfigKeys (ConfUtils.java:logGet(43)) - raft.server.log.appender.install.snapshot.enabled = false (custom)
2019-10-14 14:42:18,417 [pool-37-thread-1] INFO  impl.RaftServerImpl (ServerState.java:<init>(103)) - 07a15819-e4fc-4072-82ac-b3e77a99d12a@group-942654BE9B20: ConfigurationManager, init=-1: [07a15819-e4fc-4072-82ac-b3e77a99d12a:192.168.5.159:45599], old=null, confs=<EMPTY_MAP>
2019-10-14 14:42:18,418 [pool-37-thread-1] INFO  server.RaftServerConfigKeys (ConfUtils.java:logGet(43)) - raft.server.storage.dir = [/workdir/hadoop-ozone/integration-test/target/test-dir/MiniOzoneClusterImpl-669d0a42-2836-47aa-b55b-95c9a6dd1017/datanode-1/data/ratis] (custom)
2019-10-14 14:42:18,418 [pool-37-thread-1] INFO  storage.RaftStorageDirectory (RaftStorageDirectory.java:analyzeStorage(246)) - The storage directory /workdir/hadoop-ozone/integration-test/target/test-dir/MiniOzoneClusterImpl-669d0a42-2836-47aa-b55b-95c9a6dd1017/datanode-1/data/ratis/ac28a0cb-0f71-4307-9666-942654be9b20 does not exist. Creating ...
2019-10-14 14:42:18,431 [pool-37-thread-1] INFO  storage.RaftStorageDirectory (RaftStorageDirectory.java:tryLock(328)) - Lock on /workdir/hadoop-ozone/integration-test/target/test-dir/MiniOzoneClusterImpl-669d0a42-2836-47aa-b55b-95c9a6dd1017/datanode-1/data/ratis/ac28a0cb-0f71-4307-9666-942654be9b20/in_use.lock acquired by nodename 25093@pr-hdds-1569-fwkxq-874464227
2019-10-14 14:42:18,444 [pool-37-thread-1] INFO  storage.RaftStorage (RaftStorage.java:format(72)) - Storage directory /workdir/hadoop-ozone/integration-test/target/test-dir/MiniOzoneClusterImpl-669d0a42-2836-47aa-b55b-95c9a6dd1017/datanode-1/data/ratis/ac28a0cb-0f71-4307-9666-942654be9b20 has been successfully formatted.
2019-10-14 14:42:18,444 [pool-37-thread-1] INFO  ratis.ContainerStateMachine (ContainerStateMachine.java:loadSnapshot(230)) - group-942654BE9B20: The snapshot info is null. Setting the last applied indexto:(t:0, i:~)
2019-10-14 14:42:18,444 [pool-37-thread-1] INFO  server.RaftServerConfigKeys (ConfUtils.java:logGet(43)) - raft.server.notification.no-leader.timeout = 120s (custom)
2019-10-14 14:42:18,444 [pool-37-thread-1] INFO  server.RaftServerConfigKeys (ConfUtils.java:logGet(43)) - raft.server.log.use.memory = false (default)
2019-10-14 14:42:18,444 [pool-37-thread-1] INFO  server.RaftServerConfigKeys (ConfUtils.java:logGet(43)) - raft.server.log.purge.gap = 1000000 (custom)
2019-10-14 14:42:18,445 [pool-37-thread-1] INFO  server.RaftServerConfigKeys (ConfUtils.java:logGet(43)) - raft.server.log.appender.buffer.byte-limit = 33554432 (custom)
2019-10-14 14:42:18,445 [pool-37-thread-1] INFO  server.RaftServerConfigKeys (ConfUtils.java:logGet(43)) - raft.server.log.segment.size.max = 1048576 (custom)
2019-10-14 14:42:18,445 [pool-37-thread-1] INFO  server.RaftServerConfigKeys (ConfUtils.java:logGet(43)) - raft.server.log.segment.cache.num.max = 2 (custom)
2019-10-14 14:42:18,445 [pool-37-thread-1] INFO  segmented.SegmentedRaftLogWorker (SegmentedRaftLogWorker.java:<init>(172)) - new 07a15819-e4fc-4072-82ac-b3e77a99d12a@group-942654BE9B20-SegmentedRaftLogWorker for RaftStorage:Storage Directory /workdir/hadoop-ozone/integration-test/target/test-dir/MiniOzoneClusterImpl-669d0a42-2836-47aa-b55b-95c9a6dd1017/datanode-1/data/ratis/ac28a0cb-0f71-4307-9666-942654be9b20
2019-10-14 14:42:18,448 [pool-37-thread-1] INFO  server.RaftServerConfigKeys (ConfUtils.java:logGet(43)) - raft.server.log.queue.byte-limit = 2147483647 (custom)
2019-10-14 14:42:18,448 [pool-37-thread-1] INFO  server.RaftServerConfigKeys (ConfUtils.java:logGet(43)) - raft.server.log.queue.element-limit = 1024 (custom)
2019-10-14 14:42:18,448 [pool-37-thread-1] INFO  server.RaftServerConfigKeys (ConfUtils.java:logGet(43)) - raft.server.log.segment.size.max = 1048576 (custom)
2019-10-14 14:42:18,449 [pool-37-thread-1] INFO  server.RaftServerConfigKeys (ConfUtils.java:logGet(43)) - raft.server.log.preallocated.size = 16384 (custom)
2019-10-14 14:42:18,449 [pool-37-thread-1] INFO  server.RaftServerConfigKeys (ConfUtils.java:logGet(43)) - raft.server.log.write.buffer.size = 33554432 (custom)
2019-10-14 14:42:18,449 [pool-37-thread-1] INFO  server.RaftServerConfigKeys (ConfUtils.java:logGet(43)) - raft.server.log.force.sync.num = 128 (default)
2019-10-14 14:42:18,449 [pool-37-thread-1] INFO  server.RaftServerConfigKeys (ConfUtils.java:logGet(43)) - raft.server.log.statemachine.data.sync = true (default)
2019-10-14 14:42:18,449 [pool-37-thread-1] INFO  server.RaftServerConfigKeys (ConfUtils.java:logGet(43)) - raft.server.log.statemachine.data.sync.timeout = 10s (default)
2019-10-14 14:42:18,449 [pool-37-thread-1] INFO  server.RaftServerConfigKeys (ConfUtils.java:logGet(43)) - raft.server.log.statemachine.data.sync.timeout.retry = -1 (default)
2019-10-14 14:42:18,449 [pool-37-thread-1] INFO  server.RaftServerConfigKeys (ConfUtils.java:logGet(43)) - raft.server.log.statemachine.data.caching.enabled = true (custom)
2019-10-14 14:42:18,450 [pool-37-thread-1] INFO  segmented.SegmentedRaftLogWorker (SegmentedRaftLogWorker.java:lambda$new$0(132)) - 07a15819-e4fc-4072-82ac-b3e77a99d12a@group-942654BE9B20-SegmentedRaftLogWorker: flushIndex: setUnconditionally 0 -> -1
2019-10-14 14:42:18,450 [pool-37-thread-1] INFO  server.RaftServerConfigKeys (ConfUtils.java:logGet(43)) - raft.server.snapshot.auto.trigger.enabled = true (custom)
2019-10-14 14:42:18,450 [pool-37-thread-1] INFO  server.RaftServerConfigKeys (ConfUtils.java:logGet(43)) - raft.server.snapshot.auto.trigger.threshold = 10000 (custom)
2019-10-14 14:42:18,450 [pool-37-thread-1] INFO  server.RaftServerConfigKeys (ConfUtils.java:logGet(43)) - raft.server.snapshot.retention.num.files = 5 (custom)
2019-10-14 14:42:18,450 [pool-37-thread-1] INFO  server.RaftServerConfigKeys (ConfUtils.java:logGet(43)) - raft.server.retrycache.expirytime = 600000ms (custom)
2019-10-14 14:42:18,453 [pool-37-thread-1] INFO  impl.RaftServerImpl (RaftServerImpl.java:start(185)) - 07a15819-e4fc-4072-82ac-b3e77a99d12a@group-942654BE9B20: start as a follower, conf=-1: [07a15819-e4fc-4072-82ac-b3e77a99d12a:192.168.5.159:45599], old=null
2019-10-14 14:42:18,453 [pool-37-thread-1] INFO  impl.RaftServerImpl (RaftServerImpl.java:setRole(174)) - 07a15819-e4fc-4072-82ac-b3e77a99d12a@group-942654BE9B20: changes role from      null to FOLLOWER at term 0 for startAsFollower
2019-10-14 14:42:18,454 [pool-37-thread-1] INFO  impl.RoleInfo (RoleInfo.java:updateAndGet(143)) - 07a15819-e4fc-4072-82ac-b3e77a99d12a: start FollowerState
2019-10-14 14:42:18,454 [pool-37-thread-1] INFO  util.JmxRegister (JmxRegister.java:tryRegister(44)) - Successfully registered JMX Bean with object name Ratis:service=RaftServer,group=group-942654BE9B20,id=07a15819-e4fc-4072-82ac-b3e77a99d12a
2019-10-14 14:42:18,469 [RatisPipelineUtilsThread] INFO  pipeline.PipelineStateManager (PipelineStateManager.java:addPipeline(56)) - Created pipeline Pipeline[ Id: ac28a0cb-0f71-4307-9666-942654be9b20, Nodes: 07a15819-e4fc-4072-82ac-b3e77a99d12a{ip: 192.168.5.159, host: pr-hdds-1569-fwkxq-874464227, networkLocation: /default-rack, certSerialId: null}, Type:RATIS, Factor:ONE, State:OPEN]
2019-10-14 14:42:18,488 [grpc-default-executor-1] INFO  impl.RaftServerProxy (RaftServerProxy.java:addNew(89)) - f9748ec4-5d8a-4dfc-8690-85b8cdac3f5d: addNew group-71A15BF1B0A3:[f9748ec4-5d8a-4dfc-8690-85b8cdac3f5d:192.168.5.159:44598] returns group-71A15BF1B0A3:java.util.concurrent.CompletableFuture@57e1b01b[Not completed]
2019-10-14 14:42:18,493 [pool-57-thread-1] INFO  impl.RaftServerImpl (RaftServerImpl.java:<init>(95)) - f9748ec4-5d8a-4dfc-8690-85b8cdac3f5d: new RaftServerImpl for group-71A15BF1B0A3:[f9748ec4-5d8a-4dfc-8690-85b8cdac3f5d:192.168.5.159:44598] with ContainerStateMachine:uninitialized
2019-10-14 14:42:18,494 [pool-57-thread-1] INFO  server.RaftServerConfigKeys (ConfUtils.java:logGet(43)) - raft.server.rpc.timeout.min = 1s (custom)
2019-10-14 14:42:18,494 [pool-57-thread-1] INFO  server.RaftServerConfigKeys (ConfUtils.java:logGet(43)) - raft.server.rpc.timeout.max = 1200ms (custom)
2019-10-14 14:42:18,494 [pool-57-thread-1] INFO  server.RaftServerConfigKeys (ConfUtils.java:logGet(43)) - raft.server.rpcslowness.timeout = 120s (custom)
2019-10-14 14:42:18,494 [pool-57-thread-1] INFO  server.RaftServerConfigKeys (ConfUtils.java:logGet(43)) - raft.server.sleep.deviation.threshold = 300 (default)
2019-10-14 14:42:18,494 [pool-57-thread-1] INFO  server.RaftServerConfigKeys (ConfUtils.java:logGet(43)) - raft.server.log.appender.install.snapshot.enabled = false (custom)
2019-10-14 14:42:18,495 [pool-57-thread-1] INFO  impl.RaftServerImpl (ServerState.java:<init>(103)) - f9748ec4-5d8a-4dfc-8690-85b8cdac3f5d@group-71A15BF1B0A3: ConfigurationManager, init=-1: [f9748ec4-5d8a-4dfc-8690-85b8cdac3f5d:192.168.5.159:44598], old=null, confs=<EMPTY_MAP>
2019-10-14 14:42:18,495 [pool-57-thread-1] INFO  server.RaftServerConfigKeys (ConfUtils.java:logGet(43)) - raft.server.storage.dir = [/workdir/hadoop-ozone/integration-test/target/test-dir/MiniOzoneClusterImpl-669d0a42-2836-47aa-b55b-95c9a6dd1017/datanode-3/data/ratis] (custom)
2019-10-14 14:42:18,495 [pool-57-thread-1] INFO  storage.RaftStorageDirectory (RaftStorageDirectory.java:analyzeStorage(246)) - The storage directory /workdir/hadoop-ozone/integration-test/target/test-dir/MiniOzoneClusterImpl-669d0a42-2836-47aa-b55b-95c9a6dd1017/datanode-3/data/ratis/f048b984-b31f-4e17-a91a-71a15bf1b0a3 does not exist. Creating ...
2019-10-14 14:42:18,509 [pool-57-thread-1] INFO  storage.RaftStorageDirectory (RaftStorageDirectory.java:tryLock(328)) - Lock on /workdir/hadoop-ozone/integration-test/target/test-dir/MiniOzoneClusterImpl-669d0a42-2836-47aa-b55b-95c9a6dd1017/datanode-3/data/ratis/f048b984-b31f-4e17-a91a-71a15bf1b0a3/in_use.lock acquired by nodename 25093@pr-hdds-1569-fwkxq-874464227
2019-10-14 14:42:18,522 [pool-57-thread-1] INFO  storage.RaftStorage (RaftStorage.java:format(72)) - Storage directory /workdir/hadoop-ozone/integration-test/target/test-dir/MiniOzoneClusterImpl-669d0a42-2836-47aa-b55b-95c9a6dd1017/datanode-3/data/ratis/f048b984-b31f-4e17-a91a-71a15bf1b0a3 has been successfully formatted.
2019-10-14 14:42:18,523 [pool-57-thread-1] INFO  ratis.ContainerStateMachine (ContainerStateMachine.java:loadSnapshot(230)) - group-71A15BF1B0A3: The snapshot info is null. Setting the last applied indexto:(t:0, i:~)
2019-10-14 14:42:18,523 [pool-57-thread-1] INFO  server.RaftServerConfigKeys (ConfUtils.java:logGet(43)) - raft.server.notification.no-leader.timeout = 120s (custom)
2019-10-14 14:42:18,523 [pool-57-thread-1] INFO  server.RaftServerConfigKeys (ConfUtils.java:logGet(43)) - raft.server.log.use.memory = false (default)
2019-10-14 14:42:18,523 [pool-57-thread-1] INFO  server.RaftServerConfigKeys (ConfUtils.java:logGet(43)) - raft.server.log.purge.gap = 1000000 (custom)
2019-10-14 14:42:18,523 [pool-57-thread-1] INFO  server.RaftServerConfigKeys (ConfUtils.java:logGet(43)) - raft.server.log.appender.buffer.byte-limit = 33554432 (custom)
2019-10-14 14:42:18,524 [pool-57-thread-1] INFO  server.RaftServerConfigKeys (ConfUtils.java:logGet(43)) - raft.server.log.segment.size.max = 1048576 (custom)
2019-10-14 14:42:18,524 [pool-57-thread-1] INFO  server.RaftServerConfigKeys (ConfUtils.java:logGet(43)) - raft.server.log.segment.cache.num.max = 2 (custom)
2019-10-14 14:42:18,524 [pool-57-thread-1] INFO  segmented.SegmentedRaftLogWorker (SegmentedRaftLogWorker.java:<init>(172)) - new f9748ec4-5d8a-4dfc-8690-85b8cdac3f5d@group-71A15BF1B0A3-SegmentedRaftLogWorker for RaftStorage:Storage Directory /workdir/hadoop-ozone/integration-test/target/test-dir/MiniOzoneClusterImpl-669d0a42-2836-47aa-b55b-95c9a6dd1017/datanode-3/data/ratis/f048b984-b31f-4e17-a91a-71a15bf1b0a3
2019-10-14 14:42:18,529 [pool-57-thread-1] INFO  server.RaftServerConfigKeys (ConfUtils.java:logGet(43)) - raft.server.log.queue.byte-limit = 2147483647 (custom)
2019-10-14 14:42:18,529 [pool-57-thread-1] INFO  server.RaftServerConfigKeys (ConfUtils.java:logGet(43)) - raft.server.log.queue.element-limit = 1024 (custom)
2019-10-14 14:42:18,529 [pool-57-thread-1] INFO  server.RaftServerConfigKeys (ConfUtils.java:logGet(43)) - raft.server.log.segment.size.max = 1048576 (custom)
2019-10-14 14:42:18,529 [pool-57-thread-1] INFO  server.RaftServerConfigKeys (ConfUtils.java:logGet(43)) - raft.server.log.preallocated.size = 16384 (custom)
2019-10-14 14:42:18,529 [pool-57-thread-1] INFO  server.RaftServerConfigKeys (ConfUtils.java:logGet(43)) - raft.server.log.write.buffer.size = 33554432 (custom)
2019-10-14 14:42:18,530 [pool-57-thread-1] INFO  server.RaftServerConfigKeys (ConfUtils.java:logGet(43)) - raft.server.log.force.sync.num = 128 (default)
2019-10-14 14:42:18,530 [pool-57-thread-1] INFO  server.RaftServerConfigKeys (ConfUtils.java:logGet(43)) - raft.server.log.statemachine.data.sync = true (default)
2019-10-14 14:42:18,530 [pool-57-thread-1] INFO  server.RaftServerConfigKeys (ConfUtils.java:logGet(43)) - raft.server.log.statemachine.data.sync.timeout = 10s (default)
2019-10-14 14:42:18,530 [pool-57-thread-1] INFO  server.RaftServerConfigKeys (ConfUtils.java:logGet(43)) - raft.server.log.statemachine.data.sync.timeout.retry = -1 (default)
2019-10-14 14:42:18,530 [pool-57-thread-1] INFO  server.RaftServerConfigKeys (ConfUtils.java:logGet(43)) - raft.server.log.statemachine.data.caching.enabled = true (custom)
2019-10-14 14:42:18,531 [pool-57-thread-1] INFO  segmented.SegmentedRaftLogWorker (SegmentedRaftLogWorker.java:lambda$new$0(132)) - f9748ec4-5d8a-4dfc-8690-85b8cdac3f5d@group-71A15BF1B0A3-SegmentedRaftLogWorker: flushIndex: setUnconditionally 0 -> -1
2019-10-14 14:42:18,531 [pool-57-thread-1] INFO  server.RaftServerConfigKeys (ConfUtils.java:logGet(43)) - raft.server.snapshot.auto.trigger.enabled = true (custom)
2019-10-14 14:42:18,531 [pool-57-thread-1] INFO  server.RaftServerConfigKeys (ConfUtils.java:logGet(43)) - raft.server.snapshot.auto.trigger.threshold = 10000 (custom)
2019-10-14 14:42:18,532 [pool-57-thread-1] INFO  server.RaftServerConfigKeys (ConfUtils.java:logGet(43)) - raft.server.snapshot.retention.num.files = 5 (custom)
2019-10-14 14:42:18,532 [pool-57-thread-1] INFO  server.RaftServerConfigKeys (ConfUtils.java:logGet(43)) - raft.server.retrycache.expirytime = 600000ms (custom)
2019-10-14 14:42:18,535 [pool-57-thread-1] INFO  impl.RaftServerImpl (RaftServerImpl.java:start(185)) - f9748ec4-5d8a-4dfc-8690-85b8cdac3f5d@group-71A15BF1B0A3: start as a follower, conf=-1: [f9748ec4-5d8a-4dfc-8690-85b8cdac3f5d:192.168.5.159:44598], old=null
2019-10-14 14:42:18,535 [pool-57-thread-1] INFO  impl.RaftServerImpl (RaftServerImpl.java:setRole(174)) - f9748ec4-5d8a-4dfc-8690-85b8cdac3f5d@group-71A15BF1B0A3: changes role from      null to FOLLOWER at term 0 for startAsFollower
2019-10-14 14:42:18,536 [pool-57-thread-1] INFO  impl.RoleInfo (RoleInfo.java:updateAndGet(143)) - f9748ec4-5d8a-4dfc-8690-85b8cdac3f5d: start FollowerState
2019-10-14 14:42:18,536 [pool-57-thread-1] INFO  util.JmxRegister (JmxRegister.java:tryRegister(44)) - Successfully registered JMX Bean with object name Ratis:service=RaftServer,group=group-71A15BF1B0A3,id=f9748ec4-5d8a-4dfc-8690-85b8cdac3f5d
2019-10-14 14:42:18,549 [RatisPipelineUtilsThread] INFO  pipeline.PipelineStateManager (PipelineStateManager.java:addPipeline(56)) - Created pipeline Pipeline[ Id: f048b984-b31f-4e17-a91a-71a15bf1b0a3, Nodes: f9748ec4-5d8a-4dfc-8690-85b8cdac3f5d{ip: 192.168.5.159, host: pr-hdds-1569-fwkxq-874464227, networkLocation: /default-rack, certSerialId: null}, Type:RATIS, Factor:ONE, State:OPEN]
2019-10-14 14:42:18,566 [grpc-default-executor-1] INFO  impl.RaftServerProxy (RaftServerProxy.java:addNew(89)) - b5473c3a-58c1-45a3-8583-afed2a32f44c: addNew group-B45722534A6F:[b5473c3a-58c1-45a3-8583-afed2a32f44c:192.168.5.159:42233] returns group-B45722534A6F:java.util.concurrent.CompletableFuture@7dbb1999[Not completed]
2019-10-14 14:42:18,572 [pool-67-thread-1] INFO  impl.RaftServerImpl (RaftServerImpl.java:<init>(95)) - b5473c3a-58c1-45a3-8583-afed2a32f44c: new RaftServerImpl for group-B45722534A6F:[b5473c3a-58c1-45a3-8583-afed2a32f44c:192.168.5.159:42233] with ContainerStateMachine:uninitialized
2019-10-14 14:42:18,572 [pool-67-thread-1] INFO  server.RaftServerConfigKeys (ConfUtils.java:logGet(43)) - raft.server.rpc.timeout.min = 1s (custom)
2019-10-14 14:42:18,572 [pool-67-thread-1] INFO  server.RaftServerConfigKeys (ConfUtils.java:logGet(43)) - raft.server.rpc.timeout.max = 1200ms (custom)
2019-10-14 14:42:18,572 [pool-67-thread-1] INFO  server.RaftServerConfigKeys (ConfUtils.java:logGet(43)) - raft.server.rpcslowness.timeout = 120s (custom)
2019-10-14 14:42:18,572 [pool-67-thread-1] INFO  server.RaftServerConfigKeys (ConfUtils.java:logGet(43)) - raft.server.sleep.deviation.threshold = 300 (default)
2019-10-14 14:42:18,572 [pool-67-thread-1] INFO  server.RaftServerConfigKeys (ConfUtils.java:logGet(43)) - raft.server.log.appender.install.snapshot.enabled = false (custom)
2019-10-14 14:42:18,572 [pool-67-thread-1] INFO  impl.RaftServerImpl (ServerState.java:<init>(103)) - b5473c3a-58c1-45a3-8583-afed2a32f44c@group-B45722534A6F: ConfigurationManager, init=-1: [b5473c3a-58c1-45a3-8583-afed2a32f44c:192.168.5.159:42233], old=null, confs=<EMPTY_MAP>
2019-10-14 14:42:18,573 [pool-67-thread-1] INFO  server.RaftServerConfigKeys (ConfUtils.java:logGet(43)) - raft.server.storage.dir = [/workdir/hadoop-ozone/integration-test/target/test-dir/MiniOzoneClusterImpl-669d0a42-2836-47aa-b55b-95c9a6dd1017/datanode-4/data/ratis] (custom)
2019-10-14 14:42:18,573 [pool-67-thread-1] INFO  storage.RaftStorageDirectory (RaftStorageDirectory.java:analyzeStorage(246)) - The storage directory /workdir/hadoop-ozone/integration-test/target/test-dir/MiniOzoneClusterImpl-669d0a42-2836-47aa-b55b-95c9a6dd1017/datanode-4/data/ratis/8856b527-c939-43b6-a9a1-b45722534a6f does not exist. Creating ...
2019-10-14 14:42:18,592 [pool-67-thread-1] INFO  storage.RaftStorageDirectory (RaftStorageDirectory.java:tryLock(328)) - Lock on /workdir/hadoop-ozone/integration-test/target/test-dir/MiniOzoneClusterImpl-669d0a42-2836-47aa-b55b-95c9a6dd1017/datanode-4/data/ratis/8856b527-c939-43b6-a9a1-b45722534a6f/in_use.lock acquired by nodename 25093@pr-hdds-1569-fwkxq-874464227
2019-10-14 14:42:18,606 [pool-67-thread-1] INFO  storage.RaftStorage (RaftStorage.java:format(72)) - Storage directory /workdir/hadoop-ozone/integration-test/target/test-dir/MiniOzoneClusterImpl-669d0a42-2836-47aa-b55b-95c9a6dd1017/datanode-4/data/ratis/8856b527-c939-43b6-a9a1-b45722534a6f has been successfully formatted.
2019-10-14 14:42:18,606 [pool-67-thread-1] INFO  ratis.ContainerStateMachine (ContainerStateMachine.java:loadSnapshot(230)) - group-B45722534A6F: The snapshot info is null. Setting the last applied indexto:(t:0, i:~)
2019-10-14 14:42:18,606 [pool-67-thread-1] INFO  server.RaftServerConfigKeys (ConfUtils.java:logGet(43)) - raft.server.notification.no-leader.timeout = 120s (custom)
2019-10-14 14:42:18,606 [pool-67-thread-1] INFO  server.RaftServerConfigKeys (ConfUtils.java:logGet(43)) - raft.server.log.use.memory = false (default)
2019-10-14 14:42:18,607 [pool-67-thread-1] INFO  server.RaftServerConfigKeys (ConfUtils.java:logGet(43)) - raft.server.log.purge.gap = 1000000 (custom)
2019-10-14 14:42:18,607 [pool-67-thread-1] INFO  server.RaftServerConfigKeys (ConfUtils.java:logGet(43)) - raft.server.log.appender.buffer.byte-limit = 33554432 (custom)
2019-10-14 14:42:18,607 [pool-67-thread-1] INFO  server.RaftServerConfigKeys (ConfUtils.java:logGet(43)) - raft.server.log.segment.size.max = 1048576 (custom)
2019-10-14 14:42:18,607 [pool-67-thread-1] INFO  server.RaftServerConfigKeys (ConfUtils.java:logGet(43)) - raft.server.log.segment.cache.num.max = 2 (custom)
2019-10-14 14:42:18,607 [pool-67-thread-1] INFO  segmented.SegmentedRaftLogWorker (SegmentedRaftLogWorker.java:<init>(172)) - new b5473c3a-58c1-45a3-8583-afed2a32f44c@group-B45722534A6F-SegmentedRaftLogWorker for RaftStorage:Storage Directory /workdir/hadoop-ozone/integration-test/target/test-dir/MiniOzoneClusterImpl-669d0a42-2836-47aa-b55b-95c9a6dd1017/datanode-4/data/ratis/8856b527-c939-43b6-a9a1-b45722534a6f
2019-10-14 14:42:18,610 [pool-67-thread-1] INFO  server.RaftServerConfigKeys (ConfUtils.java:logGet(43)) - raft.server.log.queue.byte-limit = 2147483647 (custom)
2019-10-14 14:42:18,610 [pool-67-thread-1] INFO  server.RaftServerConfigKeys (ConfUtils.java:logGet(43)) - raft.server.log.queue.element-limit = 1024 (custom)
2019-10-14 14:42:18,610 [pool-67-thread-1] INFO  server.RaftServerConfigKeys (ConfUtils.java:logGet(43)) - raft.server.log.segment.size.max = 1048576 (custom)
2019-10-14 14:42:18,610 [pool-67-thread-1] INFO  server.RaftServerConfigKeys (ConfUtils.java:logGet(43)) - raft.server.log.preallocated.size = 16384 (custom)
2019-10-14 14:42:18,610 [pool-67-thread-1] INFO  server.RaftServerConfigKeys (ConfUtils.java:logGet(43)) - raft.server.log.write.buffer.size = 33554432 (custom)
2019-10-14 14:42:18,611 [pool-67-thread-1] INFO  server.RaftServerConfigKeys (ConfUtils.java:logGet(43)) - raft.server.log.force.sync.num = 128 (default)
2019-10-14 14:42:18,611 [pool-67-thread-1] INFO  server.RaftServerConfigKeys (ConfUtils.java:logGet(43)) - raft.server.log.statemachine.data.sync = true (default)
2019-10-14 14:42:18,611 [pool-67-thread-1] INFO  server.RaftServerConfigKeys (ConfUtils.java:logGet(43)) - raft.server.log.statemachine.data.sync.timeout = 10s (default)
2019-10-14 14:42:18,611 [pool-67-thread-1] INFO  server.RaftServerConfigKeys (ConfUtils.java:logGet(43)) - raft.server.log.statemachine.data.sync.timeout.retry = -1 (default)
2019-10-14 14:42:18,611 [pool-67-thread-1] INFO  server.RaftServerConfigKeys (ConfUtils.java:logGet(43)) - raft.server.log.statemachine.data.caching.enabled = true (custom)
2019-10-14 14:42:18,611 [pool-67-thread-1] INFO  segmented.SegmentedRaftLogWorker (SegmentedRaftLogWorker.java:lambda$new$0(132)) - b5473c3a-58c1-45a3-8583-afed2a32f44c@group-B45722534A6F-SegmentedRaftLogWorker: flushIndex: setUnconditionally 0 -> -1
2019-10-14 14:42:18,612 [pool-67-thread-1] INFO  server.RaftServerConfigKeys (ConfUtils.java:logGet(43)) - raft.server.snapshot.auto.trigger.enabled = true (custom)
2019-10-14 14:42:18,612 [pool-67-thread-1] INFO  server.RaftServerConfigKeys (ConfUtils.java:logGet(43)) - raft.server.snapshot.auto.trigger.threshold = 10000 (custom)
2019-10-14 14:42:18,612 [pool-67-thread-1] INFO  server.RaftServerConfigKeys (ConfUtils.java:logGet(43)) - raft.server.snapshot.retention.num.files = 5 (custom)
2019-10-14 14:42:18,612 [pool-67-thread-1] INFO  server.RaftServerConfigKeys (ConfUtils.java:logGet(43)) - raft.server.retrycache.expirytime = 600000ms (custom)
2019-10-14 14:42:18,615 [pool-67-thread-1] INFO  impl.RaftServerImpl (RaftServerImpl.java:start(185)) - b5473c3a-58c1-45a3-8583-afed2a32f44c@group-B45722534A6F: start as a follower, conf=-1: [b5473c3a-58c1-45a3-8583-afed2a32f44c:192.168.5.159:42233], old=null
2019-10-14 14:42:18,615 [pool-67-thread-1] INFO  impl.RaftServerImpl (RaftServerImpl.java:setRole(174)) - b5473c3a-58c1-45a3-8583-afed2a32f44c@group-B45722534A6F: changes role from      null to FOLLOWER at term 0 for startAsFollower
2019-10-14 14:42:18,615 [pool-67-thread-1] INFO  impl.RoleInfo (RoleInfo.java:updateAndGet(143)) - b5473c3a-58c1-45a3-8583-afed2a32f44c: start FollowerState
2019-10-14 14:42:18,615 [pool-67-thread-1] INFO  util.JmxRegister (JmxRegister.java:tryRegister(44)) - Successfully registered JMX Bean with object name Ratis:service=RaftServer,group=group-B45722534A6F,id=b5473c3a-58c1-45a3-8583-afed2a32f44c
2019-10-14 14:42:18,633 [RatisPipelineUtilsThread] INFO  pipeline.PipelineStateManager (PipelineStateManager.java:addPipeline(56)) - Created pipeline Pipeline[ Id: 8856b527-c939-43b6-a9a1-b45722534a6f, Nodes: b5473c3a-58c1-45a3-8583-afed2a32f44c{ip: 192.168.5.159, host: pr-hdds-1569-fwkxq-874464227, networkLocation: /default-rack, certSerialId: null}, Type:RATIS, Factor:ONE, State:OPEN]
2019-10-14 14:42:18,635 [RatisPipelineUtilsThread] ERROR pipeline.SCMPipelineManager (SCMPipelineManager.java:createPipeline(193)) - Pipeline creation failed.
org.apache.hadoop.hdds.scm.exceptions.SCMException: Cannot create pipeline of factor 1 using 0 nodes. Used 7 nodes. Healthy nodes 7
	at org.apache.hadoop.hdds.scm.pipeline.RatisPipelineProvider.pickNodesNeverUsed(RatisPipelineProvider.java:116)
	at org.apache.hadoop.hdds.scm.pipeline.RatisPipelineProvider.create(RatisPipelineProvider.java:128)
	at org.apache.hadoop.hdds.scm.pipeline.PipelineFactory.create(PipelineFactory.java:58)
	at org.apache.hadoop.hdds.scm.pipeline.SCMPipelineManager.createPipeline(SCMPipelineManager.java:183)
	at org.apache.hadoop.hdds.scm.pipeline.BackgroundPipelineCreator.createPipelines(BackgroundPipelineCreator.java:100)
	at java.util.concurrent.Executors$RunnableAdapter.call(Executors.java:511)
	at java.util.concurrent.FutureTask.run(FutureTask.java:266)
	at java.util.concurrent.ScheduledThreadPoolExecutor$ScheduledFutureTask.access$201(ScheduledThreadPoolExecutor.java:180)
	at java.util.concurrent.ScheduledThreadPoolExecutor$ScheduledFutureTask.run(ScheduledThreadPoolExecutor.java:293)
	at java.util.concurrent.ThreadPoolExecutor.runWorker(ThreadPoolExecutor.java:1149)
	at java.util.concurrent.ThreadPoolExecutor$Worker.run(ThreadPoolExecutor.java:624)
	at java.lang.Thread.run(Thread.java:748)
2019-10-14 14:42:18,680 [grpc-default-executor-2] INFO  impl.RaftServerProxy (RaftServerProxy.java:addNew(89)) - b63a5968-b034-497d-a723-e18a7363a3f1: addNew group-49BAC8692D39:[8ca3ec46-7319-4283-b207-b730019dde55:192.168.5.159:46312, 9a6c87f6-096e-4769-9132-289fb1aab8c2:192.168.5.159:46771, b63a5968-b034-497d-a723-e18a7363a3f1:192.168.5.159:39007] returns group-49BAC8692D39:java.util.concurrent.CompletableFuture@776a24db[Not completed]
2019-10-14 14:42:18,683 [grpc-default-executor-1] INFO  impl.RaftServerProxy (RaftServerProxy.java:addNew(89)) - 9a6c87f6-096e-4769-9132-289fb1aab8c2: addNew group-49BAC8692D39:[8ca3ec46-7319-4283-b207-b730019dde55:192.168.5.159:46312, 9a6c87f6-096e-4769-9132-289fb1aab8c2:192.168.5.159:46771, b63a5968-b034-497d-a723-e18a7363a3f1:192.168.5.159:39007] returns group-49BAC8692D39:java.util.concurrent.CompletableFuture@76f3456f[Not completed]
2019-10-14 14:42:18,683 [grpc-default-executor-2] INFO  impl.RaftServerProxy (RaftServerProxy.java:addNew(89)) - 8ca3ec46-7319-4283-b207-b730019dde55: addNew group-49BAC8692D39:[8ca3ec46-7319-4283-b207-b730019dde55:192.168.5.159:46312, 9a6c87f6-096e-4769-9132-289fb1aab8c2:192.168.5.159:46771, b63a5968-b034-497d-a723-e18a7363a3f1:192.168.5.159:39007] returns group-49BAC8692D39:java.util.concurrent.CompletableFuture@3268a452[Not completed]
2019-10-14 14:42:18,684 [pool-87-thread-1] INFO  impl.RaftServerImpl (RaftServerImpl.java:<init>(95)) - b63a5968-b034-497d-a723-e18a7363a3f1: new RaftServerImpl for group-49BAC8692D39:[8ca3ec46-7319-4283-b207-b730019dde55:192.168.5.159:46312, 9a6c87f6-096e-4769-9132-289fb1aab8c2:192.168.5.159:46771, b63a5968-b034-497d-a723-e18a7363a3f1:192.168.5.159:39007] with ContainerStateMachine:uninitialized
2019-10-14 14:42:18,684 [pool-87-thread-1] INFO  server.RaftServerConfigKeys (ConfUtils.java:logGet(43)) - raft.server.rpc.timeout.min = 1s (custom)
2019-10-14 14:42:18,684 [pool-87-thread-1] INFO  server.RaftServerConfigKeys (ConfUtils.java:logGet(43)) - raft.server.rpc.timeout.max = 1200ms (custom)
2019-10-14 14:42:18,684 [pool-27-thread-1] INFO  impl.RaftServerImpl (RaftServerImpl.java:<init>(95)) - 8ca3ec46-7319-4283-b207-b730019dde55: new RaftServerImpl for group-49BAC8692D39:[8ca3ec46-7319-4283-b207-b730019dde55:192.168.5.159:46312, 9a6c87f6-096e-4769-9132-289fb1aab8c2:192.168.5.159:46771, b63a5968-b034-497d-a723-e18a7363a3f1:192.168.5.159:39007] with ContainerStateMachine:uninitialized
2019-10-14 14:42:18,684 [pool-87-thread-1] INFO  server.RaftServerConfigKeys (ConfUtils.java:logGet(43)) - raft.server.rpcslowness.timeout = 120s (custom)
2019-10-14 14:42:18,685 [pool-27-thread-1] INFO  server.RaftServerConfigKeys (ConfUtils.java:logGet(43)) - raft.server.rpc.timeout.min = 1s (custom)
2019-10-14 14:42:18,685 [pool-87-thread-1] INFO  server.RaftServerConfigKeys (ConfUtils.java:logGet(43)) - raft.server.sleep.deviation.threshold = 300 (default)
2019-10-14 14:42:18,685 [pool-27-thread-1] INFO  server.RaftServerConfigKeys (ConfUtils.java:logGet(43)) - raft.server.rpc.timeout.max = 1200ms (custom)
2019-10-14 14:42:18,685 [pool-87-thread-1] INFO  server.RaftServerConfigKeys (ConfUtils.java:logGet(43)) - raft.server.log.appender.install.snapshot.enabled = false (custom)
2019-10-14 14:42:18,685 [pool-27-thread-1] INFO  server.RaftServerConfigKeys (ConfUtils.java:logGet(43)) - raft.server.rpcslowness.timeout = 120s (custom)
2019-10-14 14:42:18,685 [pool-87-thread-1] INFO  impl.RaftServerImpl (ServerState.java:<init>(103)) - b63a5968-b034-497d-a723-e18a7363a3f1@group-49BAC8692D39: ConfigurationManager, init=-1: [8ca3ec46-7319-4283-b207-b730019dde55:192.168.5.159:46312, 9a6c87f6-096e-4769-9132-289fb1aab8c2:192.168.5.159:46771, b63a5968-b034-497d-a723-e18a7363a3f1:192.168.5.159:39007], old=null, confs=<EMPTY_MAP>
2019-10-14 14:42:18,685 [pool-27-thread-1] INFO  server.RaftServerConfigKeys (ConfUtils.java:logGet(43)) - raft.server.sleep.deviation.threshold = 300 (default)
2019-10-14 14:42:18,685 [pool-27-thread-1] INFO  server.RaftServerConfigKeys (ConfUtils.java:logGet(43)) - raft.server.log.appender.install.snapshot.enabled = false (custom)
2019-10-14 14:42:18,685 [pool-87-thread-1] INFO  server.RaftServerConfigKeys (ConfUtils.java:logGet(43)) - raft.server.storage.dir = [/workdir/hadoop-ozone/integration-test/target/test-dir/MiniOzoneClusterImpl-669d0a42-2836-47aa-b55b-95c9a6dd1017/datanode-6/data/ratis] (custom)
2019-10-14 14:42:18,685 [pool-27-thread-1] INFO  impl.RaftServerImpl (ServerState.java:<init>(103)) - 8ca3ec46-7319-4283-b207-b730019dde55@group-49BAC8692D39: ConfigurationManager, init=-1: [8ca3ec46-7319-4283-b207-b730019dde55:192.168.5.159:46312, 9a6c87f6-096e-4769-9132-289fb1aab8c2:192.168.5.159:46771, b63a5968-b034-497d-a723-e18a7363a3f1:192.168.5.159:39007], old=null, confs=<EMPTY_MAP>
2019-10-14 14:42:18,686 [pool-27-thread-1] INFO  server.RaftServerConfigKeys (ConfUtils.java:logGet(43)) - raft.server.storage.dir = [/workdir/hadoop-ozone/integration-test/target/test-dir/MiniOzoneClusterImpl-669d0a42-2836-47aa-b55b-95c9a6dd1017/datanode-0/data/ratis] (custom)
2019-10-14 14:42:18,686 [pool-77-thread-1] INFO  impl.RaftServerImpl (RaftServerImpl.java:<init>(95)) - 9a6c87f6-096e-4769-9132-289fb1aab8c2: new RaftServerImpl for group-49BAC8692D39:[8ca3ec46-7319-4283-b207-b730019dde55:192.168.5.159:46312, 9a6c87f6-096e-4769-9132-289fb1aab8c2:192.168.5.159:46771, b63a5968-b034-497d-a723-e18a7363a3f1:192.168.5.159:39007] with ContainerStateMachine:uninitialized
2019-10-14 14:42:18,686 [pool-27-thread-1] INFO  storage.RaftStorageDirectory (RaftStorageDirectory.java:analyzeStorage(246)) - The storage directory /workdir/hadoop-ozone/integration-test/target/test-dir/MiniOzoneClusterImpl-669d0a42-2836-47aa-b55b-95c9a6dd1017/datanode-0/data/ratis/21aac647-5f17-49d7-b10b-49bac8692d39 does not exist. Creating ...
2019-10-14 14:42:18,686 [pool-77-thread-1] INFO  server.RaftServerConfigKeys (ConfUtils.java:logGet(43)) - raft.server.rpc.timeout.min = 1s (custom)
2019-10-14 14:42:18,686 [pool-87-thread-1] INFO  storage.RaftStorageDirectory (RaftStorageDirectory.java:analyzeStorage(246)) - The storage directory /workdir/hadoop-ozone/integration-test/target/test-dir/MiniOzoneClusterImpl-669d0a42-2836-47aa-b55b-95c9a6dd1017/datanode-6/data/ratis/21aac647-5f17-49d7-b10b-49bac8692d39 does not exist. Creating ...
2019-10-14 14:42:18,686 [pool-77-thread-1] INFO  server.RaftServerConfigKeys (ConfUtils.java:logGet(43)) - raft.server.rpc.timeout.max = 1200ms (custom)
2019-10-14 14:42:18,687 [pool-77-thread-1] INFO  server.RaftServerConfigKeys (ConfUtils.java:logGet(43)) - raft.server.rpcslowness.timeout = 120s (custom)
2019-10-14 14:42:18,687 [pool-77-thread-1] INFO  server.RaftServerConfigKeys (ConfUtils.java:logGet(43)) - raft.server.sleep.deviation.threshold = 300 (default)
2019-10-14 14:42:18,687 [pool-77-thread-1] INFO  server.RaftServerConfigKeys (ConfUtils.java:logGet(43)) - raft.server.log.appender.install.snapshot.enabled = false (custom)
2019-10-14 14:42:18,687 [pool-77-thread-1] INFO  impl.RaftServerImpl (ServerState.java:<init>(103)) - 9a6c87f6-096e-4769-9132-289fb1aab8c2@group-49BAC8692D39: ConfigurationManager, init=-1: [8ca3ec46-7319-4283-b207-b730019dde55:192.168.5.159:46312, 9a6c87f6-096e-4769-9132-289fb1aab8c2:192.168.5.159:46771, b63a5968-b034-497d-a723-e18a7363a3f1:192.168.5.159:39007], old=null, confs=<EMPTY_MAP>
2019-10-14 14:42:18,687 [pool-77-thread-1] INFO  server.RaftServerConfigKeys (ConfUtils.java:logGet(43)) - raft.server.storage.dir = [/workdir/hadoop-ozone/integration-test/target/test-dir/MiniOzoneClusterImpl-669d0a42-2836-47aa-b55b-95c9a6dd1017/datanode-5/data/ratis] (custom)
2019-10-14 14:42:18,688 [pool-77-thread-1] INFO  storage.RaftStorageDirectory (RaftStorageDirectory.java:analyzeStorage(246)) - The storage directory /workdir/hadoop-ozone/integration-test/target/test-dir/MiniOzoneClusterImpl-669d0a42-2836-47aa-b55b-95c9a6dd1017/datanode-5/data/ratis/21aac647-5f17-49d7-b10b-49bac8692d39 does not exist. Creating ...
2019-10-14 14:42:18,700 [pool-87-thread-1] INFO  storage.RaftStorageDirectory (RaftStorageDirectory.java:tryLock(328)) - Lock on /workdir/hadoop-ozone/integration-test/target/test-dir/MiniOzoneClusterImpl-669d0a42-2836-47aa-b55b-95c9a6dd1017/datanode-6/data/ratis/21aac647-5f17-49d7-b10b-49bac8692d39/in_use.lock acquired by nodename 25093@pr-hdds-1569-fwkxq-874464227
2019-10-14 14:42:18,700 [pool-77-thread-1] INFO  storage.RaftStorageDirectory (RaftStorageDirectory.java:tryLock(328)) - Lock on /workdir/hadoop-ozone/integration-test/target/test-dir/MiniOzoneClusterImpl-669d0a42-2836-47aa-b55b-95c9a6dd1017/datanode-5/data/ratis/21aac647-5f17-49d7-b10b-49bac8692d39/in_use.lock acquired by nodename 25093@pr-hdds-1569-fwkxq-874464227
2019-10-14 14:42:18,700 [pool-27-thread-1] INFO  storage.RaftStorageDirectory (RaftStorageDirectory.java:tryLock(328)) - Lock on /workdir/hadoop-ozone/integration-test/target/test-dir/MiniOzoneClusterImpl-669d0a42-2836-47aa-b55b-95c9a6dd1017/datanode-0/data/ratis/21aac647-5f17-49d7-b10b-49bac8692d39/in_use.lock acquired by nodename 25093@pr-hdds-1569-fwkxq-874464227
2019-10-14 14:42:18,714 [pool-77-thread-1] INFO  storage.RaftStorage (RaftStorage.java:format(72)) - Storage directory /workdir/hadoop-ozone/integration-test/target/test-dir/MiniOzoneClusterImpl-669d0a42-2836-47aa-b55b-95c9a6dd1017/datanode-5/data/ratis/21aac647-5f17-49d7-b10b-49bac8692d39 has been successfully formatted.
2019-10-14 14:42:18,714 [pool-87-thread-1] INFO  storage.RaftStorage (RaftStorage.java:format(72)) - Storage directory /workdir/hadoop-ozone/integration-test/target/test-dir/MiniOzoneClusterImpl-669d0a42-2836-47aa-b55b-95c9a6dd1017/datanode-6/data/ratis/21aac647-5f17-49d7-b10b-49bac8692d39 has been successfully formatted.
2019-10-14 14:42:18,714 [pool-27-thread-1] INFO  storage.RaftStorage (RaftStorage.java:format(72)) - Storage directory /workdir/hadoop-ozone/integration-test/target/test-dir/MiniOzoneClusterImpl-669d0a42-2836-47aa-b55b-95c9a6dd1017/datanode-0/data/ratis/21aac647-5f17-49d7-b10b-49bac8692d39 has been successfully formatted.
2019-10-14 14:42:18,714 [pool-87-thread-1] INFO  ratis.ContainerStateMachine (ContainerStateMachine.java:loadSnapshot(230)) - group-49BAC8692D39: The snapshot info is null. Setting the last applied indexto:(t:0, i:~)
2019-10-14 14:42:18,714 [pool-77-thread-1] INFO  ratis.ContainerStateMachine (ContainerStateMachine.java:loadSnapshot(230)) - group-49BAC8692D39: The snapshot info is null. Setting the last applied indexto:(t:0, i:~)
2019-10-14 14:42:18,715 [pool-87-thread-1] INFO  server.RaftServerConfigKeys (ConfUtils.java:logGet(43)) - raft.server.notification.no-leader.timeout = 120s (custom)
2019-10-14 14:42:18,715 [pool-27-thread-1] INFO  ratis.ContainerStateMachine (ContainerStateMachine.java:loadSnapshot(230)) - group-49BAC8692D39: The snapshot info is null. Setting the last applied indexto:(t:0, i:~)
2019-10-14 14:42:18,715 [pool-87-thread-1] INFO  server.RaftServerConfigKeys (ConfUtils.java:logGet(43)) - raft.server.log.use.memory = false (default)
2019-10-14 14:42:18,715 [pool-77-thread-1] INFO  server.RaftServerConfigKeys (ConfUtils.java:logGet(43)) - raft.server.notification.no-leader.timeout = 120s (custom)
2019-10-14 14:42:18,715 [pool-87-thread-1] INFO  server.RaftServerConfigKeys (ConfUtils.java:logGet(43)) - raft.server.log.purge.gap = 1000000 (custom)
2019-10-14 14:42:18,715 [pool-27-thread-1] INFO  server.RaftServerConfigKeys (ConfUtils.java:logGet(43)) - raft.server.notification.no-leader.timeout = 120s (custom)
2019-10-14 14:42:18,715 [pool-87-thread-1] INFO  server.RaftServerConfigKeys (ConfUtils.java:logGet(43)) - raft.server.log.appender.buffer.byte-limit = 33554432 (custom)
2019-10-14 14:42:18,715 [pool-77-thread-1] INFO  server.RaftServerConfigKeys (ConfUtils.java:logGet(43)) - raft.server.log.use.memory = false (default)
2019-10-14 14:42:18,716 [pool-87-thread-1] INFO  server.RaftServerConfigKeys (ConfUtils.java:logGet(43)) - raft.server.log.segment.size.max = 1048576 (custom)
2019-10-14 14:42:18,715 [pool-27-thread-1] INFO  server.RaftServerConfigKeys (ConfUtils.java:logGet(43)) - raft.server.log.use.memory = false (default)
2019-10-14 14:42:18,716 [pool-87-thread-1] INFO  server.RaftServerConfigKeys (ConfUtils.java:logGet(43)) - raft.server.log.segment.cache.num.max = 2 (custom)
2019-10-14 14:42:18,716 [pool-77-thread-1] INFO  server.RaftServerConfigKeys (ConfUtils.java:logGet(43)) - raft.server.log.purge.gap = 1000000 (custom)
2019-10-14 14:42:18,716 [pool-87-thread-1] INFO  segmented.SegmentedRaftLogWorker (SegmentedRaftLogWorker.java:<init>(172)) - new b63a5968-b034-497d-a723-e18a7363a3f1@group-49BAC8692D39-SegmentedRaftLogWorker for RaftStorage:Storage Directory /workdir/hadoop-ozone/integration-test/target/test-dir/MiniOzoneClusterImpl-669d0a42-2836-47aa-b55b-95c9a6dd1017/datanode-6/data/ratis/21aac647-5f17-49d7-b10b-49bac8692d39
2019-10-14 14:42:18,716 [pool-27-thread-1] INFO  server.RaftServerConfigKeys (ConfUtils.java:logGet(43)) - raft.server.log.purge.gap = 1000000 (custom)
2019-10-14 14:42:18,716 [pool-87-thread-1] INFO  server.RaftServerConfigKeys (ConfUtils.java:logGet(43)) - raft.server.log.queue.byte-limit = 2147483647 (custom)
2019-10-14 14:42:18,716 [pool-77-thread-1] INFO  server.RaftServerConfigKeys (ConfUtils.java:logGet(43)) - raft.server.log.appender.buffer.byte-limit = 33554432 (custom)
2019-10-14 14:42:18,717 [pool-87-thread-1] INFO  server.RaftServerConfigKeys (ConfUtils.java:logGet(43)) - raft.server.log.queue.element-limit = 1024 (custom)
2019-10-14 14:42:18,716 [pool-27-thread-1] INFO  server.RaftServerConfigKeys (ConfUtils.java:logGet(43)) - raft.server.log.appender.buffer.byte-limit = 33554432 (custom)
2019-10-14 14:42:18,717 [pool-87-thread-1] INFO  server.RaftServerConfigKeys (ConfUtils.java:logGet(43)) - raft.server.log.segment.size.max = 1048576 (custom)
2019-10-14 14:42:18,717 [pool-77-thread-1] INFO  server.RaftServerConfigKeys (ConfUtils.java:logGet(43)) - raft.server.log.segment.size.max = 1048576 (custom)
2019-10-14 14:42:18,717 [pool-87-thread-1] INFO  server.RaftServerConfigKeys (ConfUtils.java:logGet(43)) - raft.server.log.preallocated.size = 16384 (custom)
2019-10-14 14:42:18,717 [pool-27-thread-1] INFO  server.RaftServerConfigKeys (ConfUtils.java:logGet(43)) - raft.server.log.segment.size.max = 1048576 (custom)
2019-10-14 14:42:18,717 [pool-87-thread-1] INFO  server.RaftServerConfigKeys (ConfUtils.java:logGet(43)) - raft.server.log.write.buffer.size = 33554432 (custom)
2019-10-14 14:42:18,717 [pool-77-thread-1] INFO  server.RaftServerConfigKeys (ConfUtils.java:logGet(43)) - raft.server.log.segment.cache.num.max = 2 (custom)
2019-10-14 14:42:18,718 [pool-87-thread-1] INFO  server.RaftServerConfigKeys (ConfUtils.java:logGet(43)) - raft.server.log.force.sync.num = 128 (default)
2019-10-14 14:42:18,718 [pool-27-thread-1] INFO  server.RaftServerConfigKeys (ConfUtils.java:logGet(43)) - raft.server.log.segment.cache.num.max = 2 (custom)
2019-10-14 14:42:18,718 [pool-87-thread-1] INFO  server.RaftServerConfigKeys (ConfUtils.java:logGet(43)) - raft.server.log.statemachine.data.sync = true (default)
2019-10-14 14:42:18,718 [pool-77-thread-1] INFO  segmented.SegmentedRaftLogWorker (SegmentedRaftLogWorker.java:<init>(172)) - new 9a6c87f6-096e-4769-9132-289fb1aab8c2@group-49BAC8692D39-SegmentedRaftLogWorker for RaftStorage:Storage Directory /workdir/hadoop-ozone/integration-test/target/test-dir/MiniOzoneClusterImpl-669d0a42-2836-47aa-b55b-95c9a6dd1017/datanode-5/data/ratis/21aac647-5f17-49d7-b10b-49bac8692d39
2019-10-14 14:42:18,718 [pool-87-thread-1] INFO  server.RaftServerConfigKeys (ConfUtils.java:logGet(43)) - raft.server.log.statemachine.data.sync.timeout = 10s (default)
2019-10-14 14:42:18,718 [pool-27-thread-1] INFO  segmented.SegmentedRaftLogWorker (SegmentedRaftLogWorker.java:<init>(172)) - new 8ca3ec46-7319-4283-b207-b730019dde55@group-49BAC8692D39-SegmentedRaftLogWorker for RaftStorage:Storage Directory /workdir/hadoop-ozone/integration-test/target/test-dir/MiniOzoneClusterImpl-669d0a42-2836-47aa-b55b-95c9a6dd1017/datanode-0/data/ratis/21aac647-5f17-49d7-b10b-49bac8692d39
2019-10-14 14:42:18,719 [pool-87-thread-1] INFO  server.RaftServerConfigKeys (ConfUtils.java:logGet(43)) - raft.server.log.statemachine.data.sync.timeout.retry = -1 (default)
2019-10-14 14:42:18,718 [pool-77-thread-1] INFO  server.RaftServerConfigKeys (ConfUtils.java:logGet(43)) - raft.server.log.queue.byte-limit = 2147483647 (custom)
2019-10-14 14:42:18,719 [pool-87-thread-1] INFO  server.RaftServerConfigKeys (ConfUtils.java:logGet(43)) - raft.server.log.statemachine.data.caching.enabled = true (custom)
2019-10-14 14:42:18,719 [pool-77-thread-1] INFO  server.RaftServerConfigKeys (ConfUtils.java:logGet(43)) - raft.server.log.queue.element-limit = 1024 (custom)
2019-10-14 14:42:18,719 [pool-87-thread-1] INFO  segmented.SegmentedRaftLogWorker (SegmentedRaftLogWorker.java:lambda$new$0(132)) - b63a5968-b034-497d-a723-e18a7363a3f1@group-49BAC8692D39-SegmentedRaftLogWorker: flushIndex: setUnconditionally 0 -> -1
2019-10-14 14:42:18,719 [pool-27-thread-1] INFO  server.RaftServerConfigKeys (ConfUtils.java:logGet(43)) - raft.server.log.queue.byte-limit = 2147483647 (custom)
2019-10-14 14:42:18,719 [pool-77-thread-1] INFO  server.RaftServerConfigKeys (ConfUtils.java:logGet(43)) - raft.server.log.segment.size.max = 1048576 (custom)
2019-10-14 14:42:18,720 [pool-87-thread-1] INFO  server.RaftServerConfigKeys (ConfUtils.java:logGet(43)) - raft.server.snapshot.auto.trigger.enabled = true (custom)
2019-10-14 14:42:18,720 [pool-27-thread-1] INFO  server.RaftServerConfigKeys (ConfUtils.java:logGet(43)) - raft.server.log.queue.element-limit = 1024 (custom)
2019-10-14 14:42:18,720 [pool-87-thread-1] INFO  server.RaftServerConfigKeys (ConfUtils.java:logGet(43)) - raft.server.snapshot.auto.trigger.threshold = 10000 (custom)
2019-10-14 14:42:18,720 [pool-77-thread-1] INFO  server.RaftServerConfigKeys (ConfUtils.java:logGet(43)) - raft.server.log.preallocated.size = 16384 (custom)
2019-10-14 14:42:18,720 [pool-87-thread-1] INFO  server.RaftServerConfigKeys (ConfUtils.java:logGet(43)) - raft.server.snapshot.retention.num.files = 5 (custom)
2019-10-14 14:42:18,720 [pool-27-thread-1] INFO  server.RaftServerConfigKeys (ConfUtils.java:logGet(43)) - raft.server.log.segment.size.max = 1048576 (custom)
2019-10-14 14:42:18,720 [pool-77-thread-1] INFO  server.RaftServerConfigKeys (ConfUtils.java:logGet(43)) - raft.server.log.write.buffer.size = 33554432 (custom)
2019-10-14 14:42:18,721 [pool-87-thread-1] INFO  server.RaftServerConfigKeys (ConfUtils.java:logGet(43)) - raft.server.retrycache.expirytime = 600000ms (custom)
2019-10-14 14:42:18,721 [pool-27-thread-1] INFO  server.RaftServerConfigKeys (ConfUtils.java:logGet(43)) - raft.server.log.preallocated.size = 16384 (custom)
2019-10-14 14:42:18,721 [pool-77-thread-1] INFO  server.RaftServerConfigKeys (ConfUtils.java:logGet(43)) - raft.server.log.force.sync.num = 128 (default)
2019-10-14 14:42:18,721 [pool-27-thread-1] INFO  server.RaftServerConfigKeys (ConfUtils.java:logGet(43)) - raft.server.log.write.buffer.size = 33554432 (custom)
2019-10-14 14:42:18,721 [pool-77-thread-1] INFO  server.RaftServerConfigKeys (ConfUtils.java:logGet(43)) - raft.server.log.statemachine.data.sync = true (default)
2019-10-14 14:42:18,721 [pool-27-thread-1] INFO  server.RaftServerConfigKeys (ConfUtils.java:logGet(43)) - raft.server.log.force.sync.num = 128 (default)
2019-10-14 14:42:18,722 [pool-77-thread-1] INFO  server.RaftServerConfigKeys (ConfUtils.java:logGet(43)) - raft.server.log.statemachine.data.sync.timeout = 10s (default)
2019-10-14 14:42:18,722 [pool-27-thread-1] INFO  server.RaftServerConfigKeys (ConfUtils.java:logGet(43)) - raft.server.log.statemachine.data.sync = true (default)
2019-10-14 14:42:18,722 [pool-77-thread-1] INFO  server.RaftServerConfigKeys (ConfUtils.java:logGet(43)) - raft.server.log.statemachine.data.sync.timeout.retry = -1 (default)
2019-10-14 14:42:18,722 [pool-27-thread-1] INFO  server.RaftServerConfigKeys (ConfUtils.java:logGet(43)) - raft.server.log.statemachine.data.sync.timeout = 10s (default)
2019-10-14 14:42:18,722 [pool-27-thread-1] INFO  server.RaftServerConfigKeys (ConfUtils.java:logGet(43)) - raft.server.log.statemachine.data.sync.timeout.retry = -1 (default)
2019-10-14 14:42:18,722 [pool-77-thread-1] INFO  server.RaftServerConfigKeys (ConfUtils.java:logGet(43)) - raft.server.log.statemachine.data.caching.enabled = true (custom)
2019-10-14 14:42:18,723 [pool-27-thread-1] INFO  server.RaftServerConfigKeys (ConfUtils.java:logGet(43)) - raft.server.log.statemachine.data.caching.enabled = true (custom)
2019-10-14 14:42:18,723 [pool-27-thread-1] INFO  segmented.SegmentedRaftLogWorker (SegmentedRaftLogWorker.java:lambda$new$0(132)) - 8ca3ec46-7319-4283-b207-b730019dde55@group-49BAC8692D39-SegmentedRaftLogWorker: flushIndex: setUnconditionally 0 -> -1
2019-10-14 14:42:18,723 [pool-77-thread-1] INFO  segmented.SegmentedRaftLogWorker (SegmentedRaftLogWorker.java:lambda$new$0(132)) - 9a6c87f6-096e-4769-9132-289fb1aab8c2@group-49BAC8692D39-SegmentedRaftLogWorker: flushIndex: setUnconditionally 0 -> -1
2019-10-14 14:42:18,723 [pool-27-thread-1] INFO  server.RaftServerConfigKeys (ConfUtils.java:logGet(43)) - raft.server.snapshot.auto.trigger.enabled = true (custom)
2019-10-14 14:42:18,724 [pool-27-thread-1] INFO  server.RaftServerConfigKeys (ConfUtils.java:logGet(43)) - raft.server.snapshot.auto.trigger.threshold = 10000 (custom)
2019-10-14 14:42:18,724 [pool-77-thread-1] INFO  server.RaftServerConfigKeys (ConfUtils.java:logGet(43)) - raft.server.snapshot.auto.trigger.enabled = true (custom)
2019-10-14 14:42:18,724 [pool-27-thread-1] INFO  server.RaftServerConfigKeys (ConfUtils.java:logGet(43)) - raft.server.snapshot.retention.num.files = 5 (custom)
2019-10-14 14:42:18,724 [pool-77-thread-1] INFO  server.RaftServerConfigKeys (ConfUtils.java:logGet(43)) - raft.server.snapshot.auto.trigger.threshold = 10000 (custom)
2019-10-14 14:42:18,724 [pool-27-thread-1] INFO  server.RaftServerConfigKeys (ConfUtils.java:logGet(43)) - raft.server.retrycache.expirytime = 600000ms (custom)
2019-10-14 14:42:18,724 [pool-77-thread-1] INFO  server.RaftServerConfigKeys (ConfUtils.java:logGet(43)) - raft.server.snapshot.retention.num.files = 5 (custom)
2019-10-14 14:42:18,724 [pool-87-thread-1] INFO  impl.RaftServerImpl (RaftServerImpl.java:start(185)) - b63a5968-b034-497d-a723-e18a7363a3f1@group-49BAC8692D39: start as a follower, conf=-1: [8ca3ec46-7319-4283-b207-b730019dde55:192.168.5.159:46312, 9a6c87f6-096e-4769-9132-289fb1aab8c2:192.168.5.159:46771, b63a5968-b034-497d-a723-e18a7363a3f1:192.168.5.159:39007], old=null
2019-10-14 14:42:18,725 [pool-87-thread-1] INFO  impl.RaftServerImpl (RaftServerImpl.java:setRole(174)) - b63a5968-b034-497d-a723-e18a7363a3f1@group-49BAC8692D39: changes role from      null to FOLLOWER at term 0 for startAsFollower
2019-10-14 14:42:18,725 [pool-77-thread-1] INFO  server.RaftServerConfigKeys (ConfUtils.java:logGet(43)) - raft.server.retrycache.expirytime = 600000ms (custom)
2019-10-14 14:42:18,725 [pool-87-thread-1] INFO  impl.RoleInfo (RoleInfo.java:updateAndGet(143)) - b63a5968-b034-497d-a723-e18a7363a3f1: start FollowerState
2019-10-14 14:42:18,725 [pool-87-thread-1] INFO  util.JmxRegister (JmxRegister.java:tryRegister(44)) - Successfully registered JMX Bean with object name Ratis:service=RaftServer,group=group-49BAC8692D39,id=b63a5968-b034-497d-a723-e18a7363a3f1
2019-10-14 14:42:18,731 [pool-27-thread-1] INFO  impl.RaftServerImpl (RaftServerImpl.java:start(185)) - 8ca3ec46-7319-4283-b207-b730019dde55@group-49BAC8692D39: start as a follower, conf=-1: [8ca3ec46-7319-4283-b207-b730019dde55:192.168.5.159:46312, 9a6c87f6-096e-4769-9132-289fb1aab8c2:192.168.5.159:46771, b63a5968-b034-497d-a723-e18a7363a3f1:192.168.5.159:39007], old=null
2019-10-14 14:42:18,731 [pool-27-thread-1] INFO  impl.RaftServerImpl (RaftServerImpl.java:setRole(174)) - 8ca3ec46-7319-4283-b207-b730019dde55@group-49BAC8692D39: changes role from      null to FOLLOWER at term 0 for startAsFollower
2019-10-14 14:42:18,731 [pool-27-thread-1] INFO  impl.RoleInfo (RoleInfo.java:updateAndGet(143)) - 8ca3ec46-7319-4283-b207-b730019dde55: start FollowerState
2019-10-14 14:42:18,732 [pool-27-thread-1] INFO  util.JmxRegister (JmxRegister.java:tryRegister(44)) - Successfully registered JMX Bean with object name Ratis:service=RaftServer,group=group-49BAC8692D39,id=8ca3ec46-7319-4283-b207-b730019dde55
2019-10-14 14:42:18,732 [pool-77-thread-1] INFO  impl.RaftServerImpl (RaftServerImpl.java:start(185)) - 9a6c87f6-096e-4769-9132-289fb1aab8c2@group-49BAC8692D39: start as a follower, conf=-1: [8ca3ec46-7319-4283-b207-b730019dde55:192.168.5.159:46312, 9a6c87f6-096e-4769-9132-289fb1aab8c2:192.168.5.159:46771, b63a5968-b034-497d-a723-e18a7363a3f1:192.168.5.159:39007], old=null
2019-10-14 14:42:18,732 [pool-77-thread-1] INFO  impl.RaftServerImpl (RaftServerImpl.java:setRole(174)) - 9a6c87f6-096e-4769-9132-289fb1aab8c2@group-49BAC8692D39: changes role from      null to FOLLOWER at term 0 for startAsFollower
2019-10-14 14:42:18,733 [pool-77-thread-1] INFO  impl.RoleInfo (RoleInfo.java:updateAndGet(143)) - 9a6c87f6-096e-4769-9132-289fb1aab8c2: start FollowerState
2019-10-14 14:42:18,733 [pool-77-thread-1] INFO  util.JmxRegister (JmxRegister.java:tryRegister(44)) - Successfully registered JMX Bean with object name Ratis:service=RaftServer,group=group-49BAC8692D39,id=9a6c87f6-096e-4769-9132-289fb1aab8c2
2019-10-14 14:42:18,737 [main] INFO  ozone.MiniOzoneClusterImpl (MiniOzoneClusterImpl.java:lambda$waitForClusterToBeReady$0(147)) - Cluster is ready. Got 7 of 7 DN Heartbeats.
2019-10-14 14:42:18,749 [RatisPipelineUtilsThread] INFO  pipeline.PipelineStateManager (PipelineStateManager.java:addPipeline(56)) - Created pipeline Pipeline[ Id: 21aac647-5f17-49d7-b10b-49bac8692d39, Nodes: b63a5968-b034-497d-a723-e18a7363a3f1{ip: 192.168.5.159, host: pr-hdds-1569-fwkxq-874464227, networkLocation: /default-rack, certSerialId: null}9a6c87f6-096e-4769-9132-289fb1aab8c2{ip: 192.168.5.159, host: pr-hdds-1569-fwkxq-874464227, networkLocation: /default-rack, certSerialId: null}8ca3ec46-7319-4283-b207-b730019dde55{ip: 192.168.5.159, host: pr-hdds-1569-fwkxq-874464227, networkLocation: /default-rack, certSerialId: null}, Type:RATIS, Factor:THREE, State:OPEN]
2019-10-14 14:42:18,775 [grpc-default-executor-1] INFO  impl.RaftServerProxy (RaftServerProxy.java:addNew(89)) - 9a6c87f6-096e-4769-9132-289fb1aab8c2: addNew group-E4C6DCC22999:[8ca3ec46-7319-4283-b207-b730019dde55:192.168.5.159:46312, 9a6c87f6-096e-4769-9132-289fb1aab8c2:192.168.5.159:46771, b63a5968-b034-497d-a723-e18a7363a3f1:192.168.5.159:39007] returns group-E4C6DCC22999:java.util.concurrent.CompletableFuture@74fcfa37[Not completed]
2019-10-14 14:42:18,778 [grpc-default-executor-0] INFO  impl.RaftServerProxy (RaftServerProxy.java:addNew(89)) - 8ca3ec46-7319-4283-b207-b730019dde55: addNew group-E4C6DCC22999:[8ca3ec46-7319-4283-b207-b730019dde55:192.168.5.159:46312, 9a6c87f6-096e-4769-9132-289fb1aab8c2:192.168.5.159:46771, b63a5968-b034-497d-a723-e18a7363a3f1:192.168.5.159:39007] returns group-E4C6DCC22999:java.util.concurrent.CompletableFuture@2164e919[Not completed]
2019-10-14 14:42:18,779 [grpc-default-executor-1] INFO  impl.RaftServerProxy (RaftServerProxy.java:addNew(89)) - b63a5968-b034-497d-a723-e18a7363a3f1: addNew group-E4C6DCC22999:[8ca3ec46-7319-4283-b207-b730019dde55:192.168.5.159:46312, 9a6c87f6-096e-4769-9132-289fb1aab8c2:192.168.5.159:46771, b63a5968-b034-497d-a723-e18a7363a3f1:192.168.5.159:39007] returns group-E4C6DCC22999:java.util.concurrent.CompletableFuture@1e0939ae[Not completed]
2019-10-14 14:42:18,781 [pool-77-thread-1] INFO  impl.RaftServerImpl (RaftServerImpl.java:<init>(95)) - 9a6c87f6-096e-4769-9132-289fb1aab8c2: new RaftServerImpl for group-E4C6DCC22999:[8ca3ec46-7319-4283-b207-b730019dde55:192.168.5.159:46312, 9a6c87f6-096e-4769-9132-289fb1aab8c2:192.168.5.159:46771, b63a5968-b034-497d-a723-e18a7363a3f1:192.168.5.159:39007] with ContainerStateMachine:uninitialized
2019-10-14 14:42:18,782 [pool-77-thread-1] INFO  server.RaftServerConfigKeys (ConfUtils.java:logGet(43)) - raft.server.rpc.timeout.min = 1s (custom)
2019-10-14 14:42:18,782 [pool-77-thread-1] INFO  server.RaftServerConfigKeys (ConfUtils.java:logGet(43)) - raft.server.rpc.timeout.max = 1200ms (custom)
2019-10-14 14:42:18,782 [pool-87-thread-1] INFO  impl.RaftServerImpl (RaftServerImpl.java:<init>(95)) - b63a5968-b034-497d-a723-e18a7363a3f1: new RaftServerImpl for group-E4C6DCC22999:[8ca3ec46-7319-4283-b207-b730019dde55:192.168.5.159:46312, 9a6c87f6-096e-4769-9132-289fb1aab8c2:192.168.5.159:46771, b63a5968-b034-497d-a723-e18a7363a3f1:192.168.5.159:39007] with ContainerStateMachine:uninitialized
2019-10-14 14:42:18,782 [pool-77-thread-1] INFO  server.RaftServerConfigKeys (ConfUtils.java:logGet(43)) - raft.server.rpcslowness.timeout = 120s (custom)
2019-10-14 14:42:18,782 [pool-87-thread-1] INFO  server.RaftServerConfigKeys (ConfUtils.java:logGet(43)) - raft.server.rpc.timeout.min = 1s (custom)
2019-10-14 14:42:18,782 [pool-77-thread-1] INFO  server.RaftServerConfigKeys (ConfUtils.java:logGet(43)) - raft.server.sleep.deviation.threshold = 300 (default)
2019-10-14 14:42:18,782 [pool-87-thread-1] INFO  server.RaftServerConfigKeys (ConfUtils.java:logGet(43)) - raft.server.rpc.timeout.max = 1200ms (custom)
2019-10-14 14:42:18,783 [pool-77-thread-1] INFO  server.RaftServerConfigKeys (ConfUtils.java:logGet(43)) - raft.server.log.appender.install.snapshot.enabled = false (custom)
2019-10-14 14:42:18,783 [pool-87-thread-1] INFO  server.RaftServerConfigKeys (ConfUtils.java:logGet(43)) - raft.server.rpcslowness.timeout = 120s (custom)
2019-10-14 14:42:18,783 [pool-87-thread-1] INFO  server.RaftServerConfigKeys (ConfUtils.java:logGet(43)) - raft.server.sleep.deviation.threshold = 300 (default)
2019-10-14 14:42:18,783 [pool-77-thread-1] INFO  impl.RaftServerImpl (ServerState.java:<init>(103)) - 9a6c87f6-096e-4769-9132-289fb1aab8c2@group-E4C6DCC22999: ConfigurationManager, init=-1: [8ca3ec46-7319-4283-b207-b730019dde55:192.168.5.159:46312, 9a6c87f6-096e-4769-9132-289fb1aab8c2:192.168.5.159:46771, b63a5968-b034-497d-a723-e18a7363a3f1:192.168.5.159:39007], old=null, confs=<EMPTY_MAP>
2019-10-14 14:42:18,783 [pool-27-thread-1] INFO  impl.RaftServerImpl (RaftServerImpl.java:<init>(95)) - 8ca3ec46-7319-4283-b207-b730019dde55: new RaftServerImpl for group-E4C6DCC22999:[8ca3ec46-7319-4283-b207-b730019dde55:192.168.5.159:46312, 9a6c87f6-096e-4769-9132-289fb1aab8c2:192.168.5.159:46771, b63a5968-b034-497d-a723-e18a7363a3f1:192.168.5.159:39007] with ContainerStateMachine:uninitialized
2019-10-14 14:42:18,783 [pool-87-thread-1] INFO  server.RaftServerConfigKeys (ConfUtils.java:logGet(43)) - raft.server.log.appender.install.snapshot.enabled = false (custom)
2019-10-14 14:42:18,783 [pool-27-thread-1] INFO  server.RaftServerConfigKeys (ConfUtils.java:logGet(43)) - raft.server.rpc.timeout.min = 1s (custom)
2019-10-14 14:42:18,783 [pool-87-thread-1] INFO  impl.RaftServerImpl (ServerState.java:<init>(103)) - b63a5968-b034-497d-a723-e18a7363a3f1@group-E4C6DCC22999: ConfigurationManager, init=-1: [8ca3ec46-7319-4283-b207-b730019dde55:192.168.5.159:46312, 9a6c87f6-096e-4769-9132-289fb1aab8c2:192.168.5.159:46771, b63a5968-b034-497d-a723-e18a7363a3f1:192.168.5.159:39007], old=null, confs=<EMPTY_MAP>
2019-10-14 14:42:18,783 [pool-77-thread-1] INFO  server.RaftServerConfigKeys (ConfUtils.java:logGet(43)) - raft.server.storage.dir = [/workdir/hadoop-ozone/integration-test/target/test-dir/MiniOzoneClusterImpl-669d0a42-2836-47aa-b55b-95c9a6dd1017/datanode-5/data/ratis] (custom)
2019-10-14 14:42:18,783 [pool-87-thread-1] INFO  server.RaftServerConfigKeys (ConfUtils.java:logGet(43)) - raft.server.storage.dir = [/workdir/hadoop-ozone/integration-test/target/test-dir/MiniOzoneClusterImpl-669d0a42-2836-47aa-b55b-95c9a6dd1017/datanode-6/data/ratis] (custom)
2019-10-14 14:42:18,783 [pool-27-thread-1] INFO  server.RaftServerConfigKeys (ConfUtils.java:logGet(43)) - raft.server.rpc.timeout.max = 1200ms (custom)
2019-10-14 14:42:18,784 [pool-27-thread-1] INFO  server.RaftServerConfigKeys (ConfUtils.java:logGet(43)) - raft.server.rpcslowness.timeout = 120s (custom)
2019-10-14 14:42:18,784 [pool-87-thread-1] INFO  storage.RaftStorageDirectory (RaftStorageDirectory.java:analyzeStorage(246)) - The storage directory /workdir/hadoop-ozone/integration-test/target/test-dir/MiniOzoneClusterImpl-669d0a42-2836-47aa-b55b-95c9a6dd1017/datanode-6/data/ratis/3cc10a8f-c0b8-4891-9f86-e4c6dcc22999 does not exist. Creating ...
2019-10-14 14:42:18,784 [pool-77-thread-1] INFO  storage.RaftStorageDirectory (RaftStorageDirectory.java:analyzeStorage(246)) - The storage directory /workdir/hadoop-ozone/integration-test/target/test-dir/MiniOzoneClusterImpl-669d0a42-2836-47aa-b55b-95c9a6dd1017/datanode-5/data/ratis/3cc10a8f-c0b8-4891-9f86-e4c6dcc22999 does not exist. Creating ...
2019-10-14 14:42:18,784 [pool-27-thread-1] INFO  server.RaftServerConfigKeys (ConfUtils.java:logGet(43)) - raft.server.sleep.deviation.threshold = 300 (default)
2019-10-14 14:42:18,784 [pool-27-thread-1] INFO  server.RaftServerConfigKeys (ConfUtils.java:logGet(43)) - raft.server.log.appender.install.snapshot.enabled = false (custom)
2019-10-14 14:42:18,784 [pool-27-thread-1] INFO  impl.RaftServerImpl (ServerState.java:<init>(103)) - 8ca3ec46-7319-4283-b207-b730019dde55@group-E4C6DCC22999: ConfigurationManager, init=-1: [8ca3ec46-7319-4283-b207-b730019dde55:192.168.5.159:46312, 9a6c87f6-096e-4769-9132-289fb1aab8c2:192.168.5.159:46771, b63a5968-b034-497d-a723-e18a7363a3f1:192.168.5.159:39007], old=null, confs=<EMPTY_MAP>
2019-10-14 14:42:18,785 [pool-27-thread-1] INFO  server.RaftServerConfigKeys (ConfUtils.java:logGet(43)) - raft.server.storage.dir = [/workdir/hadoop-ozone/integration-test/target/test-dir/MiniOzoneClusterImpl-669d0a42-2836-47aa-b55b-95c9a6dd1017/datanode-0/data/ratis] (custom)
2019-10-14 14:42:18,785 [pool-27-thread-1] INFO  storage.RaftStorageDirectory (RaftStorageDirectory.java:analyzeStorage(246)) - The storage directory /workdir/hadoop-ozone/integration-test/target/test-dir/MiniOzoneClusterImpl-669d0a42-2836-47aa-b55b-95c9a6dd1017/datanode-0/data/ratis/3cc10a8f-c0b8-4891-9f86-e4c6dcc22999 does not exist. Creating ...
2019-10-14 14:42:18,796 [pool-27-thread-1] INFO  storage.RaftStorageDirectory (RaftStorageDirectory.java:tryLock(328)) - Lock on /workdir/hadoop-ozone/integration-test/target/test-dir/MiniOzoneClusterImpl-669d0a42-2836-47aa-b55b-95c9a6dd1017/datanode-0/data/ratis/3cc10a8f-c0b8-4891-9f86-e4c6dcc22999/in_use.lock acquired by nodename 25093@pr-hdds-1569-fwkxq-874464227
2019-10-14 14:42:18,796 [pool-77-thread-1] INFO  storage.RaftStorageDirectory (RaftStorageDirectory.java:tryLock(328)) - Lock on /workdir/hadoop-ozone/integration-test/target/test-dir/MiniOzoneClusterImpl-669d0a42-2836-47aa-b55b-95c9a6dd1017/datanode-5/data/ratis/3cc10a8f-c0b8-4891-9f86-e4c6dcc22999/in_use.lock acquired by nodename 25093@pr-hdds-1569-fwkxq-874464227
2019-10-14 14:42:18,796 [pool-87-thread-1] INFO  storage.RaftStorageDirectory (RaftStorageDirectory.java:tryLock(328)) - Lock on /workdir/hadoop-ozone/integration-test/target/test-dir/MiniOzoneClusterImpl-669d0a42-2836-47aa-b55b-95c9a6dd1017/datanode-6/data/ratis/3cc10a8f-c0b8-4891-9f86-e4c6dcc22999/in_use.lock acquired by nodename 25093@pr-hdds-1569-fwkxq-874464227
2019-10-14 14:42:18,809 [pool-27-thread-1] INFO  storage.RaftStorage (RaftStorage.java:format(72)) - Storage directory /workdir/hadoop-ozone/integration-test/target/test-dir/MiniOzoneClusterImpl-669d0a42-2836-47aa-b55b-95c9a6dd1017/datanode-0/data/ratis/3cc10a8f-c0b8-4891-9f86-e4c6dcc22999 has been successfully formatted.
2019-10-14 14:42:18,809 [pool-87-thread-1] INFO  storage.RaftStorage (RaftStorage.java:format(72)) - Storage directory /workdir/hadoop-ozone/integration-test/target/test-dir/MiniOzoneClusterImpl-669d0a42-2836-47aa-b55b-95c9a6dd1017/datanode-6/data/ratis/3cc10a8f-c0b8-4891-9f86-e4c6dcc22999 has been successfully formatted.
2019-10-14 14:42:18,809 [pool-77-thread-1] INFO  storage.RaftStorage (RaftStorage.java:format(72)) - Storage directory /workdir/hadoop-ozone/integration-test/target/test-dir/MiniOzoneClusterImpl-669d0a42-2836-47aa-b55b-95c9a6dd1017/datanode-5/data/ratis/3cc10a8f-c0b8-4891-9f86-e4c6dcc22999 has been successfully formatted.
2019-10-14 14:42:18,809 [pool-27-thread-1] INFO  ratis.ContainerStateMachine (ContainerStateMachine.java:loadSnapshot(230)) - group-E4C6DCC22999: The snapshot info is null. Setting the last applied indexto:(t:0, i:~)
2019-10-14 14:42:18,809 [pool-87-thread-1] INFO  ratis.ContainerStateMachine (ContainerStateMachine.java:loadSnapshot(230)) - group-E4C6DCC22999: The snapshot info is null. Setting the last applied indexto:(t:0, i:~)
2019-10-14 14:42:18,809 [pool-77-thread-1] INFO  ratis.ContainerStateMachine (ContainerStateMachine.java:loadSnapshot(230)) - group-E4C6DCC22999: The snapshot info is null. Setting the last applied indexto:(t:0, i:~)
2019-10-14 14:42:18,809 [pool-27-thread-1] INFO  server.RaftServerConfigKeys (ConfUtils.java:logGet(43)) - raft.server.notification.no-leader.timeout = 120s (custom)
2019-10-14 14:42:18,809 [pool-77-thread-1] INFO  server.RaftServerConfigKeys (ConfUtils.java:logGet(43)) - raft.server.notification.no-leader.timeout = 120s (custom)
2019-10-14 14:42:18,809 [pool-87-thread-1] INFO  server.RaftServerConfigKeys (ConfUtils.java:logGet(43)) - raft.server.notification.no-leader.timeout = 120s (custom)
2019-10-14 14:42:18,810 [pool-77-thread-1] INFO  server.RaftServerConfigKeys (ConfUtils.java:logGet(43)) - raft.server.log.use.memory = false (default)
2019-10-14 14:42:18,809 [pool-27-thread-1] INFO  server.RaftServerConfigKeys (ConfUtils.java:logGet(43)) - raft.server.log.use.memory = false (default)
2019-10-14 14:42:18,810 [pool-77-thread-1] INFO  server.RaftServerConfigKeys (ConfUtils.java:logGet(43)) - raft.server.log.purge.gap = 1000000 (custom)
2019-10-14 14:42:18,810 [pool-87-thread-1] INFO  server.RaftServerConfigKeys (ConfUtils.java:logGet(43)) - raft.server.log.use.memory = false (default)
2019-10-14 14:42:18,810 [pool-77-thread-1] INFO  server.RaftServerConfigKeys (ConfUtils.java:logGet(43)) - raft.server.log.appender.buffer.byte-limit = 33554432 (custom)
2019-10-14 14:42:18,810 [pool-27-thread-1] INFO  server.RaftServerConfigKeys (ConfUtils.java:logGet(43)) - raft.server.log.purge.gap = 1000000 (custom)
2019-10-14 14:42:18,810 [pool-77-thread-1] INFO  server.RaftServerConfigKeys (ConfUtils.java:logGet(43)) - raft.server.log.segment.size.max = 1048576 (custom)
2019-10-14 14:42:18,810 [pool-87-thread-1] INFO  server.RaftServerConfigKeys (ConfUtils.java:logGet(43)) - raft.server.log.purge.gap = 1000000 (custom)
2019-10-14 14:42:18,810 [pool-77-thread-1] INFO  server.RaftServerConfigKeys (ConfUtils.java:logGet(43)) - raft.server.log.segment.cache.num.max = 2 (custom)
2019-10-14 14:42:18,810 [pool-27-thread-1] INFO  server.RaftServerConfigKeys (ConfUtils.java:logGet(43)) - raft.server.log.appender.buffer.byte-limit = 33554432 (custom)
2019-10-14 14:42:18,811 [pool-77-thread-1] INFO  segmented.SegmentedRaftLogWorker (SegmentedRaftLogWorker.java:<init>(172)) - new 9a6c87f6-096e-4769-9132-289fb1aab8c2@group-E4C6DCC22999-SegmentedRaftLogWorker for RaftStorage:Storage Directory /workdir/hadoop-ozone/integration-test/target/test-dir/MiniOzoneClusterImpl-669d0a42-2836-47aa-b55b-95c9a6dd1017/datanode-5/data/ratis/3cc10a8f-c0b8-4891-9f86-e4c6dcc22999
2019-10-14 14:42:18,810 [pool-87-thread-1] INFO  server.RaftServerConfigKeys (ConfUtils.java:logGet(43)) - raft.server.log.appender.buffer.byte-limit = 33554432 (custom)
2019-10-14 14:42:18,811 [pool-77-thread-1] INFO  server.RaftServerConfigKeys (ConfUtils.java:logGet(43)) - raft.server.log.queue.byte-limit = 2147483647 (custom)
2019-10-14 14:42:18,811 [pool-27-thread-1] INFO  server.RaftServerConfigKeys (ConfUtils.java:logGet(43)) - raft.server.log.segment.size.max = 1048576 (custom)
2019-10-14 14:42:18,811 [pool-77-thread-1] INFO  server.RaftServerConfigKeys (ConfUtils.java:logGet(43)) - raft.server.log.queue.element-limit = 1024 (custom)
2019-10-14 14:42:18,811 [pool-87-thread-1] INFO  server.RaftServerConfigKeys (ConfUtils.java:logGet(43)) - raft.server.log.segment.size.max = 1048576 (custom)
2019-10-14 14:42:18,811 [pool-77-thread-1] INFO  server.RaftServerConfigKeys (ConfUtils.java:logGet(43)) - raft.server.log.segment.size.max = 1048576 (custom)
2019-10-14 14:42:18,811 [pool-27-thread-1] INFO  server.RaftServerConfigKeys (ConfUtils.java:logGet(43)) - raft.server.log.segment.cache.num.max = 2 (custom)
2019-10-14 14:42:18,811 [pool-77-thread-1] INFO  server.RaftServerConfigKeys (ConfUtils.java:logGet(43)) - raft.server.log.preallocated.size = 16384 (custom)
2019-10-14 14:42:18,811 [pool-87-thread-1] INFO  server.RaftServerConfigKeys (ConfUtils.java:logGet(43)) - raft.server.log.segment.cache.num.max = 2 (custom)
2019-10-14 14:42:18,812 [pool-77-thread-1] INFO  server.RaftServerConfigKeys (ConfUtils.java:logGet(43)) - raft.server.log.write.buffer.size = 33554432 (custom)
2019-10-14 14:42:18,811 [pool-27-thread-1] INFO  segmented.SegmentedRaftLogWorker (SegmentedRaftLogWorker.java:<init>(172)) - new 8ca3ec46-7319-4283-b207-b730019dde55@group-E4C6DCC22999-SegmentedRaftLogWorker for RaftStorage:Storage Directory /workdir/hadoop-ozone/integration-test/target/test-dir/MiniOzoneClusterImpl-669d0a42-2836-47aa-b55b-95c9a6dd1017/datanode-0/data/ratis/3cc10a8f-c0b8-4891-9f86-e4c6dcc22999
2019-10-14 14:42:18,812 [pool-77-thread-1] INFO  server.RaftServerConfigKeys (ConfUtils.java:logGet(43)) - raft.server.log.force.sync.num = 128 (default)
2019-10-14 14:42:18,812 [pool-87-thread-1] INFO  segmented.SegmentedRaftLogWorker (SegmentedRaftLogWorker.java:<init>(172)) - new b63a5968-b034-497d-a723-e18a7363a3f1@group-E4C6DCC22999-SegmentedRaftLogWorker for RaftStorage:Storage Directory /workdir/hadoop-ozone/integration-test/target/test-dir/MiniOzoneClusterImpl-669d0a42-2836-47aa-b55b-95c9a6dd1017/datanode-6/data/ratis/3cc10a8f-c0b8-4891-9f86-e4c6dcc22999
2019-10-14 14:42:18,812 [pool-77-thread-1] INFO  server.RaftServerConfigKeys (ConfUtils.java:logGet(43)) - raft.server.log.statemachine.data.sync = true (default)
2019-10-14 14:42:18,812 [pool-27-thread-1] INFO  server.RaftServerConfigKeys (ConfUtils.java:logGet(43)) - raft.server.log.queue.byte-limit = 2147483647 (custom)
2019-10-14 14:42:18,812 [pool-77-thread-1] INFO  server.RaftServerConfigKeys (ConfUtils.java:logGet(43)) - raft.server.log.statemachine.data.sync.timeout = 10s (default)
2019-10-14 14:42:18,812 [pool-87-thread-1] INFO  server.RaftServerConfigKeys (ConfUtils.java:logGet(43)) - raft.server.log.queue.byte-limit = 2147483647 (custom)
2019-10-14 14:42:18,812 [pool-77-thread-1] INFO  server.RaftServerConfigKeys (ConfUtils.java:logGet(43)) - raft.server.log.statemachine.data.sync.timeout.retry = -1 (default)
2019-10-14 14:42:18,812 [pool-27-thread-1] INFO  server.RaftServerConfigKeys (ConfUtils.java:logGet(43)) - raft.server.log.queue.element-limit = 1024 (custom)
2019-10-14 14:42:18,812 [pool-87-thread-1] INFO  server.RaftServerConfigKeys (ConfUtils.java:logGet(43)) - raft.server.log.queue.element-limit = 1024 (custom)
2019-10-14 14:42:18,813 [pool-27-thread-1] INFO  server.RaftServerConfigKeys (ConfUtils.java:logGet(43)) - raft.server.log.segment.size.max = 1048576 (custom)
2019-10-14 14:42:18,813 [pool-77-thread-1] INFO  server.RaftServerConfigKeys (ConfUtils.java:logGet(43)) - raft.server.log.statemachine.data.caching.enabled = true (custom)
2019-10-14 14:42:18,813 [pool-27-thread-1] INFO  server.RaftServerConfigKeys (ConfUtils.java:logGet(43)) - raft.server.log.preallocated.size = 16384 (custom)
2019-10-14 14:42:18,813 [pool-87-thread-1] INFO  server.RaftServerConfigKeys (ConfUtils.java:logGet(43)) - raft.server.log.segment.size.max = 1048576 (custom)
2019-10-14 14:42:18,813 [pool-27-thread-1] INFO  server.RaftServerConfigKeys (ConfUtils.java:logGet(43)) - raft.server.log.write.buffer.size = 33554432 (custom)
2019-10-14 14:42:18,813 [pool-77-thread-1] INFO  segmented.SegmentedRaftLogWorker (SegmentedRaftLogWorker.java:lambda$new$0(132)) - 9a6c87f6-096e-4769-9132-289fb1aab8c2@group-E4C6DCC22999-SegmentedRaftLogWorker: flushIndex: setUnconditionally 0 -> -1
2019-10-14 14:42:18,813 [pool-87-thread-1] INFO  server.RaftServerConfigKeys (ConfUtils.java:logGet(43)) - raft.server.log.preallocated.size = 16384 (custom)
2019-10-14 14:42:18,813 [pool-27-thread-1] INFO  server.RaftServerConfigKeys (ConfUtils.java:logGet(43)) - raft.server.log.force.sync.num = 128 (default)
2019-10-14 14:42:18,813 [pool-77-thread-1] INFO  server.RaftServerConfigKeys (ConfUtils.java:logGet(43)) - raft.server.snapshot.auto.trigger.enabled = true (custom)
2019-10-14 14:42:18,813 [pool-87-thread-1] INFO  server.RaftServerConfigKeys (ConfUtils.java:logGet(43)) - raft.server.log.write.buffer.size = 33554432 (custom)
2019-10-14 14:42:18,814 [pool-77-thread-1] INFO  server.RaftServerConfigKeys (ConfUtils.java:logGet(43)) - raft.server.snapshot.auto.trigger.threshold = 10000 (custom)
2019-10-14 14:42:18,814 [pool-27-thread-1] INFO  server.RaftServerConfigKeys (ConfUtils.java:logGet(43)) - raft.server.log.statemachine.data.sync = true (default)
2019-10-14 14:42:18,814 [pool-77-thread-1] INFO  server.RaftServerConfigKeys (ConfUtils.java:logGet(43)) - raft.server.snapshot.retention.num.files = 5 (custom)
2019-10-14 14:42:18,814 [pool-87-thread-1] INFO  server.RaftServerConfigKeys (ConfUtils.java:logGet(43)) - raft.server.log.force.sync.num = 128 (default)
2019-10-14 14:42:18,814 [pool-77-thread-1] INFO  server.RaftServerConfigKeys (ConfUtils.java:logGet(43)) - raft.server.retrycache.expirytime = 600000ms (custom)
2019-10-14 14:42:18,814 [pool-27-thread-1] INFO  server.RaftServerConfigKeys (ConfUtils.java:logGet(43)) - raft.server.log.statemachine.data.sync.timeout = 10s (default)
2019-10-14 14:42:18,814 [pool-87-thread-1] INFO  server.RaftServerConfigKeys (ConfUtils.java:logGet(43)) - raft.server.log.statemachine.data.sync = true (default)
2019-10-14 14:42:18,814 [pool-27-thread-1] INFO  server.RaftServerConfigKeys (ConfUtils.java:logGet(43)) - raft.server.log.statemachine.data.sync.timeout.retry = -1 (default)
2019-10-14 14:42:18,814 [pool-87-thread-1] INFO  server.RaftServerConfigKeys (ConfUtils.java:logGet(43)) - raft.server.log.statemachine.data.sync.timeout = 10s (default)
2019-10-14 14:42:18,815 [pool-27-thread-1] INFO  server.RaftServerConfigKeys (ConfUtils.java:logGet(43)) - raft.server.log.statemachine.data.caching.enabled = true (custom)
2019-10-14 14:42:18,815 [pool-87-thread-1] INFO  server.RaftServerConfigKeys (ConfUtils.java:logGet(43)) - raft.server.log.statemachine.data.sync.timeout.retry = -1 (default)
2019-10-14 14:42:18,815 [pool-27-thread-1] INFO  segmented.SegmentedRaftLogWorker (SegmentedRaftLogWorker.java:lambda$new$0(132)) - 8ca3ec46-7319-4283-b207-b730019dde55@group-E4C6DCC22999-SegmentedRaftLogWorker: flushIndex: setUnconditionally 0 -> -1
2019-10-14 14:42:18,815 [pool-87-thread-1] INFO  server.RaftServerConfigKeys (ConfUtils.java:logGet(43)) - raft.server.log.statemachine.data.caching.enabled = true (custom)
2019-10-14 14:42:18,815 [pool-27-thread-1] INFO  server.RaftServerConfigKeys (ConfUtils.java:logGet(43)) - raft.server.snapshot.auto.trigger.enabled = true (custom)
2019-10-14 14:42:18,815 [pool-27-thread-1] INFO  server.RaftServerConfigKeys (ConfUtils.java:logGet(43)) - raft.server.snapshot.auto.trigger.threshold = 10000 (custom)
2019-10-14 14:42:18,815 [pool-27-thread-1] INFO  server.RaftServerConfigKeys (ConfUtils.java:logGet(43)) - raft.server.snapshot.retention.num.files = 5 (custom)
2019-10-14 14:42:18,815 [pool-87-thread-1] INFO  segmented.SegmentedRaftLogWorker (SegmentedRaftLogWorker.java:lambda$new$0(132)) - b63a5968-b034-497d-a723-e18a7363a3f1@group-E4C6DCC22999-SegmentedRaftLogWorker: flushIndex: setUnconditionally 0 -> -1
2019-10-14 14:42:18,815 [pool-27-thread-1] INFO  server.RaftServerConfigKeys (ConfUtils.java:logGet(43)) - raft.server.retrycache.expirytime = 600000ms (custom)
2019-10-14 14:42:18,816 [pool-87-thread-1] INFO  server.RaftServerConfigKeys (ConfUtils.java:logGet(43)) - raft.server.snapshot.auto.trigger.enabled = true (custom)
2019-10-14 14:42:18,816 [pool-87-thread-1] INFO  server.RaftServerConfigKeys (ConfUtils.java:logGet(43)) - raft.server.snapshot.auto.trigger.threshold = 10000 (custom)
2019-10-14 14:42:18,816 [pool-87-thread-1] INFO  server.RaftServerConfigKeys (ConfUtils.java:logGet(43)) - raft.server.snapshot.retention.num.files = 5 (custom)
2019-10-14 14:42:18,816 [pool-87-thread-1] INFO  server.RaftServerConfigKeys (ConfUtils.java:logGet(43)) - raft.server.retrycache.expirytime = 600000ms (custom)
2019-10-14 14:42:18,817 [pool-77-thread-1] INFO  impl.RaftServerImpl (RaftServerImpl.java:start(185)) - 9a6c87f6-096e-4769-9132-289fb1aab8c2@group-E4C6DCC22999: start as a follower, conf=-1: [8ca3ec46-7319-4283-b207-b730019dde55:192.168.5.159:46312, 9a6c87f6-096e-4769-9132-289fb1aab8c2:192.168.5.159:46771, b63a5968-b034-497d-a723-e18a7363a3f1:192.168.5.159:39007], old=null
2019-10-14 14:42:18,817 [pool-77-thread-1] INFO  impl.RaftServerImpl (RaftServerImpl.java:setRole(174)) - 9a6c87f6-096e-4769-9132-289fb1aab8c2@group-E4C6DCC22999: changes role from      null to FOLLOWER at term 0 for startAsFollower
2019-10-14 14:42:18,817 [pool-77-thread-1] INFO  impl.RoleInfo (RoleInfo.java:updateAndGet(143)) - 9a6c87f6-096e-4769-9132-289fb1aab8c2: start FollowerState
2019-10-14 14:42:18,818 [pool-77-thread-1] INFO  util.JmxRegister (JmxRegister.java:tryRegister(44)) - Successfully registered JMX Bean with object name Ratis:service=RaftServer,group=group-E4C6DCC22999,id=9a6c87f6-096e-4769-9132-289fb1aab8c2
2019-10-14 14:42:18,818 [pool-27-thread-1] INFO  impl.RaftServerImpl (RaftServerImpl.java:start(185)) - 8ca3ec46-7319-4283-b207-b730019dde55@group-E4C6DCC22999: start as a follower, conf=-1: [8ca3ec46-7319-4283-b207-b730019dde55:192.168.5.159:46312, 9a6c87f6-096e-4769-9132-289fb1aab8c2:192.168.5.159:46771, b63a5968-b034-497d-a723-e18a7363a3f1:192.168.5.159:39007], old=null
2019-10-14 14:42:18,818 [pool-27-thread-1] INFO  impl.RaftServerImpl (RaftServerImpl.java:setRole(174)) - 8ca3ec46-7319-4283-b207-b730019dde55@group-E4C6DCC22999: changes role from      null to FOLLOWER at term 0 for startAsFollower
2019-10-14 14:42:18,818 [pool-27-thread-1] INFO  impl.RoleInfo (RoleInfo.java:updateAndGet(143)) - 8ca3ec46-7319-4283-b207-b730019dde55: start FollowerState
2019-10-14 14:42:18,819 [pool-87-thread-1] INFO  impl.RaftServerImpl (RaftServerImpl.java:start(185)) - b63a5968-b034-497d-a723-e18a7363a3f1@group-E4C6DCC22999: start as a follower, conf=-1: [8ca3ec46-7319-4283-b207-b730019dde55:192.168.5.159:46312, 9a6c87f6-096e-4769-9132-289fb1aab8c2:192.168.5.159:46771, b63a5968-b034-497d-a723-e18a7363a3f1:192.168.5.159:39007], old=null
2019-10-14 14:42:18,819 [pool-87-thread-1] INFO  impl.RaftServerImpl (RaftServerImpl.java:setRole(174)) - b63a5968-b034-497d-a723-e18a7363a3f1@group-E4C6DCC22999: changes role from      null to FOLLOWER at term 0 for startAsFollower
2019-10-14 14:42:18,819 [pool-27-thread-1] INFO  util.JmxRegister (JmxRegister.java:tryRegister(44)) - Successfully registered JMX Bean with object name Ratis:service=RaftServer,group=group-E4C6DCC22999,id=8ca3ec46-7319-4283-b207-b730019dde55
2019-10-14 14:42:18,819 [pool-87-thread-1] INFO  impl.RoleInfo (RoleInfo.java:updateAndGet(143)) - b63a5968-b034-497d-a723-e18a7363a3f1: start FollowerState
2019-10-14 14:42:18,819 [pool-87-thread-1] INFO  util.JmxRegister (JmxRegister.java:tryRegister(44)) - Successfully registered JMX Bean with object name Ratis:service=RaftServer,group=group-E4C6DCC22999,id=b63a5968-b034-497d-a723-e18a7363a3f1
2019-10-14 14:42:18,837 [RatisPipelineUtilsThread] INFO  pipeline.PipelineStateManager (PipelineStateManager.java:addPipeline(56)) - Created pipeline Pipeline[ Id: 3cc10a8f-c0b8-4891-9f86-e4c6dcc22999, Nodes: 9a6c87f6-096e-4769-9132-289fb1aab8c2{ip: 192.168.5.159, host: pr-hdds-1569-fwkxq-874464227, networkLocation: /default-rack, certSerialId: null}b63a5968-b034-497d-a723-e18a7363a3f1{ip: 192.168.5.159, host: pr-hdds-1569-fwkxq-874464227, networkLocation: /default-rack, certSerialId: null}8ca3ec46-7319-4283-b207-b730019dde55{ip: 192.168.5.159, host: pr-hdds-1569-fwkxq-874464227, networkLocation: /default-rack, certSerialId: null}, Type:RATIS, Factor:THREE, State:OPEN]
2019-10-14 14:42:18,860 [grpc-default-executor-2] INFO  impl.RaftServerProxy (RaftServerProxy.java:addNew(89)) - b63a5968-b034-497d-a723-e18a7363a3f1: addNew group-E2F208E51DED:[8ca3ec46-7319-4283-b207-b730019dde55:192.168.5.159:46312, 9a6c87f6-096e-4769-9132-289fb1aab8c2:192.168.5.159:46771, b63a5968-b034-497d-a723-e18a7363a3f1:192.168.5.159:39007] returns group-E2F208E51DED:java.util.concurrent.CompletableFuture@52475b1d[Not completed]
2019-10-14 14:42:18,860 [grpc-default-executor-1] INFO  impl.RaftServerProxy (RaftServerProxy.java:addNew(89)) - 8ca3ec46-7319-4283-b207-b730019dde55: addNew group-E2F208E51DED:[8ca3ec46-7319-4283-b207-b730019dde55:192.168.5.159:46312, 9a6c87f6-096e-4769-9132-289fb1aab8c2:192.168.5.159:46771, b63a5968-b034-497d-a723-e18a7363a3f1:192.168.5.159:39007] returns group-E2F208E51DED:java.util.concurrent.CompletableFuture@2e2faaa6[Not completed]
2019-10-14 14:42:18,861 [grpc-default-executor-0] INFO  impl.RaftServerProxy (RaftServerProxy.java:addNew(89)) - 9a6c87f6-096e-4769-9132-289fb1aab8c2: addNew group-E2F208E51DED:[8ca3ec46-7319-4283-b207-b730019dde55:192.168.5.159:46312, 9a6c87f6-096e-4769-9132-289fb1aab8c2:192.168.5.159:46771, b63a5968-b034-497d-a723-e18a7363a3f1:192.168.5.159:39007] returns group-E2F208E51DED:java.util.concurrent.CompletableFuture@3d0937ac[Not completed]
2019-10-14 14:42:18,864 [pool-87-thread-1] INFO  impl.RaftServerImpl (RaftServerImpl.java:<init>(95)) - b63a5968-b034-497d-a723-e18a7363a3f1: new RaftServerImpl for group-E2F208E51DED:[8ca3ec46-7319-4283-b207-b730019dde55:192.168.5.159:46312, 9a6c87f6-096e-4769-9132-289fb1aab8c2:192.168.5.159:46771, b63a5968-b034-497d-a723-e18a7363a3f1:192.168.5.159:39007] with ContainerStateMachine:uninitialized
2019-10-14 14:42:18,865 [pool-87-thread-1] INFO  server.RaftServerConfigKeys (ConfUtils.java:logGet(43)) - raft.server.rpc.timeout.min = 1s (custom)
2019-10-14 14:42:18,865 [pool-87-thread-1] INFO  server.RaftServerConfigKeys (ConfUtils.java:logGet(43)) - raft.server.rpc.timeout.max = 1200ms (custom)
2019-10-14 14:42:18,865 [pool-87-thread-1] INFO  server.RaftServerConfigKeys (ConfUtils.java:logGet(43)) - raft.server.rpcslowness.timeout = 120s (custom)
2019-10-14 14:42:18,865 [pool-87-thread-1] INFO  server.RaftServerConfigKeys (ConfUtils.java:logGet(43)) - raft.server.sleep.deviation.threshold = 300 (default)
2019-10-14 14:42:18,865 [pool-87-thread-1] INFO  server.RaftServerConfigKeys (ConfUtils.java:logGet(43)) - raft.server.log.appender.install.snapshot.enabled = false (custom)
2019-10-14 14:42:18,865 [pool-87-thread-1] INFO  impl.RaftServerImpl (ServerState.java:<init>(103)) - b63a5968-b034-497d-a723-e18a7363a3f1@group-E2F208E51DED: ConfigurationManager, init=-1: [8ca3ec46-7319-4283-b207-b730019dde55:192.168.5.159:46312, 9a6c87f6-096e-4769-9132-289fb1aab8c2:192.168.5.159:46771, b63a5968-b034-497d-a723-e18a7363a3f1:192.168.5.159:39007], old=null, confs=<EMPTY_MAP>
2019-10-14 14:42:18,865 [pool-77-thread-1] INFO  impl.RaftServerImpl (RaftServerImpl.java:<init>(95)) - 9a6c87f6-096e-4769-9132-289fb1aab8c2: new RaftServerImpl for group-E2F208E51DED:[8ca3ec46-7319-4283-b207-b730019dde55:192.168.5.159:46312, 9a6c87f6-096e-4769-9132-289fb1aab8c2:192.168.5.159:46771, b63a5968-b034-497d-a723-e18a7363a3f1:192.168.5.159:39007] with ContainerStateMachine:uninitialized
2019-10-14 14:42:18,865 [pool-87-thread-1] INFO  server.RaftServerConfigKeys (ConfUtils.java:logGet(43)) - raft.server.storage.dir = [/workdir/hadoop-ozone/integration-test/target/test-dir/MiniOzoneClusterImpl-669d0a42-2836-47aa-b55b-95c9a6dd1017/datanode-6/data/ratis] (custom)
2019-10-14 14:42:18,866 [pool-77-thread-1] INFO  server.RaftServerConfigKeys (ConfUtils.java:logGet(43)) - raft.server.rpc.timeout.min = 1s (custom)
2019-10-14 14:42:18,866 [pool-77-thread-1] INFO  server.RaftServerConfigKeys (ConfUtils.java:logGet(43)) - raft.server.rpc.timeout.max = 1200ms (custom)
2019-10-14 14:42:18,866 [pool-87-thread-1] INFO  storage.RaftStorageDirectory (RaftStorageDirectory.java:analyzeStorage(246)) - The storage directory /workdir/hadoop-ozone/integration-test/target/test-dir/MiniOzoneClusterImpl-669d0a42-2836-47aa-b55b-95c9a6dd1017/datanode-6/data/ratis/ec0b1142-b9a8-4012-a3e0-e2f208e51ded does not exist. Creating ...
2019-10-14 14:42:18,866 [pool-77-thread-1] INFO  server.RaftServerConfigKeys (ConfUtils.java:logGet(43)) - raft.server.rpcslowness.timeout = 120s (custom)
2019-10-14 14:42:18,866 [pool-27-thread-1] INFO  impl.RaftServerImpl (RaftServerImpl.java:<init>(95)) - 8ca3ec46-7319-4283-b207-b730019dde55: new RaftServerImpl for group-E2F208E51DED:[8ca3ec46-7319-4283-b207-b730019dde55:192.168.5.159:46312, 9a6c87f6-096e-4769-9132-289fb1aab8c2:192.168.5.159:46771, b63a5968-b034-497d-a723-e18a7363a3f1:192.168.5.159:39007] with ContainerStateMachine:uninitialized
2019-10-14 14:42:18,866 [pool-77-thread-1] INFO  server.RaftServerConfigKeys (ConfUtils.java:logGet(43)) - raft.server.sleep.deviation.threshold = 300 (default)
2019-10-14 14:42:18,866 [pool-27-thread-1] INFO  server.RaftServerConfigKeys (ConfUtils.java:logGet(43)) - raft.server.rpc.timeout.min = 1s (custom)
2019-10-14 14:42:18,866 [pool-77-thread-1] INFO  server.RaftServerConfigKeys (ConfUtils.java:logGet(43)) - raft.server.log.appender.install.snapshot.enabled = false (custom)
2019-10-14 14:42:18,866 [pool-27-thread-1] INFO  server.RaftServerConfigKeys (ConfUtils.java:logGet(43)) - raft.server.rpc.timeout.max = 1200ms (custom)
2019-10-14 14:42:18,866 [pool-77-thread-1] INFO  impl.RaftServerImpl (ServerState.java:<init>(103)) - 9a6c87f6-096e-4769-9132-289fb1aab8c2@group-E2F208E51DED: ConfigurationManager, init=-1: [8ca3ec46-7319-4283-b207-b730019dde55:192.168.5.159:46312, 9a6c87f6-096e-4769-9132-289fb1aab8c2:192.168.5.159:46771, b63a5968-b034-497d-a723-e18a7363a3f1:192.168.5.159:39007], old=null, confs=<EMPTY_MAP>
2019-10-14 14:42:18,866 [pool-27-thread-1] INFO  server.RaftServerConfigKeys (ConfUtils.java:logGet(43)) - raft.server.rpcslowness.timeout = 120s (custom)
2019-10-14 14:42:18,867 [pool-27-thread-1] INFO  server.RaftServerConfigKeys (ConfUtils.java:logGet(43)) - raft.server.sleep.deviation.threshold = 300 (default)
2019-10-14 14:42:18,867 [pool-77-thread-1] INFO  server.RaftServerConfigKeys (ConfUtils.java:logGet(43)) - raft.server.storage.dir = [/workdir/hadoop-ozone/integration-test/target/test-dir/MiniOzoneClusterImpl-669d0a42-2836-47aa-b55b-95c9a6dd1017/datanode-5/data/ratis] (custom)
2019-10-14 14:42:18,867 [pool-27-thread-1] INFO  server.RaftServerConfigKeys (ConfUtils.java:logGet(43)) - raft.server.log.appender.install.snapshot.enabled = false (custom)
2019-10-14 14:42:18,867 [pool-27-thread-1] INFO  impl.RaftServerImpl (ServerState.java:<init>(103)) - 8ca3ec46-7319-4283-b207-b730019dde55@group-E2F208E51DED: ConfigurationManager, init=-1: [8ca3ec46-7319-4283-b207-b730019dde55:192.168.5.159:46312, 9a6c87f6-096e-4769-9132-289fb1aab8c2:192.168.5.159:46771, b63a5968-b034-497d-a723-e18a7363a3f1:192.168.5.159:39007], old=null, confs=<EMPTY_MAP>
2019-10-14 14:42:18,867 [pool-77-thread-1] INFO  storage.RaftStorageDirectory (RaftStorageDirectory.java:analyzeStorage(246)) - The storage directory /workdir/hadoop-ozone/integration-test/target/test-dir/MiniOzoneClusterImpl-669d0a42-2836-47aa-b55b-95c9a6dd1017/datanode-5/data/ratis/ec0b1142-b9a8-4012-a3e0-e2f208e51ded does not exist. Creating ...
2019-10-14 14:42:18,867 [pool-27-thread-1] INFO  server.RaftServerConfigKeys (ConfUtils.java:logGet(43)) - raft.server.storage.dir = [/workdir/hadoop-ozone/integration-test/target/test-dir/MiniOzoneClusterImpl-669d0a42-2836-47aa-b55b-95c9a6dd1017/datanode-0/data/ratis] (custom)
2019-10-14 14:42:18,867 [pool-27-thread-1] INFO  storage.RaftStorageDirectory (RaftStorageDirectory.java:analyzeStorage(246)) - The storage directory /workdir/hadoop-ozone/integration-test/target/test-dir/MiniOzoneClusterImpl-669d0a42-2836-47aa-b55b-95c9a6dd1017/datanode-0/data/ratis/ec0b1142-b9a8-4012-a3e0-e2f208e51ded does not exist. Creating ...
2019-10-14 14:42:18,879 [pool-27-thread-1] INFO  storage.RaftStorageDirectory (RaftStorageDirectory.java:tryLock(328)) - Lock on /workdir/hadoop-ozone/integration-test/target/test-dir/MiniOzoneClusterImpl-669d0a42-2836-47aa-b55b-95c9a6dd1017/datanode-0/data/ratis/ec0b1142-b9a8-4012-a3e0-e2f208e51ded/in_use.lock acquired by nodename 25093@pr-hdds-1569-fwkxq-874464227
2019-10-14 14:42:18,879 [pool-87-thread-1] INFO  storage.RaftStorageDirectory (RaftStorageDirectory.java:tryLock(328)) - Lock on /workdir/hadoop-ozone/integration-test/target/test-dir/MiniOzoneClusterImpl-669d0a42-2836-47aa-b55b-95c9a6dd1017/datanode-6/data/ratis/ec0b1142-b9a8-4012-a3e0-e2f208e51ded/in_use.lock acquired by nodename 25093@pr-hdds-1569-fwkxq-874464227
2019-10-14 14:42:18,879 [pool-77-thread-1] INFO  storage.RaftStorageDirectory (RaftStorageDirectory.java:tryLock(328)) - Lock on /workdir/hadoop-ozone/integration-test/target/test-dir/MiniOzoneClusterImpl-669d0a42-2836-47aa-b55b-95c9a6dd1017/datanode-5/data/ratis/ec0b1142-b9a8-4012-a3e0-e2f208e51ded/in_use.lock acquired by nodename 25093@pr-hdds-1569-fwkxq-874464227
2019-10-14 14:42:18,883 [pool-27-thread-1] INFO  storage.RaftStorage (RaftStorage.java:format(72)) - Storage directory /workdir/hadoop-ozone/integration-test/target/test-dir/MiniOzoneClusterImpl-669d0a42-2836-47aa-b55b-95c9a6dd1017/datanode-0/data/ratis/ec0b1142-b9a8-4012-a3e0-e2f208e51ded has been successfully formatted.
2019-10-14 14:42:18,884 [pool-27-thread-1] INFO  ratis.ContainerStateMachine (ContainerStateMachine.java:loadSnapshot(230)) - group-E2F208E51DED: The snapshot info is null. Setting the last applied indexto:(t:0, i:~)
2019-10-14 14:42:18,884 [pool-27-thread-1] INFO  server.RaftServerConfigKeys (ConfUtils.java:logGet(43)) - raft.server.notification.no-leader.timeout = 120s (custom)
2019-10-14 14:42:18,884 [pool-27-thread-1] INFO  server.RaftServerConfigKeys (ConfUtils.java:logGet(43)) - raft.server.log.use.memory = false (default)
2019-10-14 14:42:18,884 [pool-27-thread-1] INFO  server.RaftServerConfigKeys (ConfUtils.java:logGet(43)) - raft.server.log.purge.gap = 1000000 (custom)
2019-10-14 14:42:18,884 [pool-27-thread-1] INFO  server.RaftServerConfigKeys (ConfUtils.java:logGet(43)) - raft.server.log.appender.buffer.byte-limit = 33554432 (custom)
2019-10-14 14:42:18,884 [pool-27-thread-1] INFO  server.RaftServerConfigKeys (ConfUtils.java:logGet(43)) - raft.server.log.segment.size.max = 1048576 (custom)
2019-10-14 14:42:18,885 [pool-27-thread-1] INFO  server.RaftServerConfigKeys (ConfUtils.java:logGet(43)) - raft.server.log.segment.cache.num.max = 2 (custom)
2019-10-14 14:42:18,885 [pool-27-thread-1] INFO  segmented.SegmentedRaftLogWorker (SegmentedRaftLogWorker.java:<init>(172)) - new 8ca3ec46-7319-4283-b207-b730019dde55@group-E2F208E51DED-SegmentedRaftLogWorker for RaftStorage:Storage Directory /workdir/hadoop-ozone/integration-test/target/test-dir/MiniOzoneClusterImpl-669d0a42-2836-47aa-b55b-95c9a6dd1017/datanode-0/data/ratis/ec0b1142-b9a8-4012-a3e0-e2f208e51ded
2019-10-14 14:42:18,885 [pool-87-thread-1] INFO  storage.RaftStorage (RaftStorage.java:format(72)) - Storage directory /workdir/hadoop-ozone/integration-test/target/test-dir/MiniOzoneClusterImpl-669d0a42-2836-47aa-b55b-95c9a6dd1017/datanode-6/data/ratis/ec0b1142-b9a8-4012-a3e0-e2f208e51ded has been successfully formatted.
2019-10-14 14:42:18,885 [pool-77-thread-1] INFO  storage.RaftStorage (RaftStorage.java:format(72)) - Storage directory /workdir/hadoop-ozone/integration-test/target/test-dir/MiniOzoneClusterImpl-669d0a42-2836-47aa-b55b-95c9a6dd1017/datanode-5/data/ratis/ec0b1142-b9a8-4012-a3e0-e2f208e51ded has been successfully formatted.
2019-10-14 14:42:18,885 [pool-27-thread-1] INFO  server.RaftServerConfigKeys (ConfUtils.java:logGet(43)) - raft.server.log.queue.byte-limit = 2147483647 (custom)
2019-10-14 14:42:18,885 [pool-87-thread-1] INFO  ratis.ContainerStateMachine (ContainerStateMachine.java:loadSnapshot(230)) - group-E2F208E51DED: The snapshot info is null. Setting the last applied indexto:(t:0, i:~)
2019-10-14 14:42:18,885 [pool-77-thread-1] INFO  ratis.ContainerStateMachine (ContainerStateMachine.java:loadSnapshot(230)) - group-E2F208E51DED: The snapshot info is null. Setting the last applied indexto:(t:0, i:~)
2019-10-14 14:42:18,885 [pool-87-thread-1] INFO  server.RaftServerConfigKeys (ConfUtils.java:logGet(43)) - raft.server.notification.no-leader.timeout = 120s (custom)
2019-10-14 14:42:18,885 [pool-27-thread-1] INFO  server.RaftServerConfigKeys (ConfUtils.java:logGet(43)) - raft.server.log.queue.element-limit = 1024 (custom)
2019-10-14 14:42:18,885 [pool-87-thread-1] INFO  server.RaftServerConfigKeys (ConfUtils.java:logGet(43)) - raft.server.log.use.memory = false (default)
2019-10-14 14:42:18,885 [pool-77-thread-1] INFO  server.RaftServerConfigKeys (ConfUtils.java:logGet(43)) - raft.server.notification.no-leader.timeout = 120s (custom)
2019-10-14 14:42:18,886 [pool-27-thread-1] INFO  server.RaftServerConfigKeys (ConfUtils.java:logGet(43)) - raft.server.log.segment.size.max = 1048576 (custom)
2019-10-14 14:42:18,886 [pool-77-thread-1] INFO  server.RaftServerConfigKeys (ConfUtils.java:logGet(43)) - raft.server.log.use.memory = false (default)
2019-10-14 14:42:18,886 [pool-87-thread-1] INFO  server.RaftServerConfigKeys (ConfUtils.java:logGet(43)) - raft.server.log.purge.gap = 1000000 (custom)
2019-10-14 14:42:18,886 [pool-77-thread-1] INFO  server.RaftServerConfigKeys (ConfUtils.java:logGet(43)) - raft.server.log.purge.gap = 1000000 (custom)
2019-10-14 14:42:18,886 [pool-27-thread-1] INFO  server.RaftServerConfigKeys (ConfUtils.java:logGet(43)) - raft.server.log.preallocated.size = 16384 (custom)
2019-10-14 14:42:18,886 [pool-77-thread-1] INFO  server.RaftServerConfigKeys (ConfUtils.java:logGet(43)) - raft.server.log.appender.buffer.byte-limit = 33554432 (custom)
2019-10-14 14:42:18,886 [pool-87-thread-1] INFO  server.RaftServerConfigKeys (ConfUtils.java:logGet(43)) - raft.server.log.appender.buffer.byte-limit = 33554432 (custom)
2019-10-14 14:42:18,887 [pool-77-thread-1] INFO  server.RaftServerConfigKeys (ConfUtils.java:logGet(43)) - raft.server.log.segment.size.max = 1048576 (custom)
2019-10-14 14:42:18,886 [pool-27-thread-1] INFO  server.RaftServerConfigKeys (ConfUtils.java:logGet(43)) - raft.server.log.write.buffer.size = 33554432 (custom)
2019-10-14 14:42:18,887 [pool-77-thread-1] INFO  server.RaftServerConfigKeys (ConfUtils.java:logGet(43)) - raft.server.log.segment.cache.num.max = 2 (custom)
2019-10-14 14:42:18,887 [pool-87-thread-1] INFO  server.RaftServerConfigKeys (ConfUtils.java:logGet(43)) - raft.server.log.segment.size.max = 1048576 (custom)
2019-10-14 14:42:18,887 [pool-77-thread-1] INFO  segmented.SegmentedRaftLogWorker (SegmentedRaftLogWorker.java:<init>(172)) - new 9a6c87f6-096e-4769-9132-289fb1aab8c2@group-E2F208E51DED-SegmentedRaftLogWorker for RaftStorage:Storage Directory /workdir/hadoop-ozone/integration-test/target/test-dir/MiniOzoneClusterImpl-669d0a42-2836-47aa-b55b-95c9a6dd1017/datanode-5/data/ratis/ec0b1142-b9a8-4012-a3e0-e2f208e51ded
2019-10-14 14:42:18,887 [pool-27-thread-1] INFO  server.RaftServerConfigKeys (ConfUtils.java:logGet(43)) - raft.server.log.force.sync.num = 128 (default)
2019-10-14 14:42:18,887 [pool-77-thread-1] INFO  server.RaftServerConfigKeys (ConfUtils.java:logGet(43)) - raft.server.log.queue.byte-limit = 2147483647 (custom)
2019-10-14 14:42:18,888 [pool-27-thread-1] INFO  server.RaftServerConfigKeys (ConfUtils.java:logGet(43)) - raft.server.log.statemachine.data.sync = true (default)
2019-10-14 14:42:18,887 [pool-87-thread-1] INFO  server.RaftServerConfigKeys (ConfUtils.java:logGet(43)) - raft.server.log.segment.cache.num.max = 2 (custom)
2019-10-14 14:42:18,888 [pool-27-thread-1] INFO  server.RaftServerConfigKeys (ConfUtils.java:logGet(43)) - raft.server.log.statemachine.data.sync.timeout = 10s (default)
2019-10-14 14:42:18,888 [pool-77-thread-1] INFO  server.RaftServerConfigKeys (ConfUtils.java:logGet(43)) - raft.server.log.queue.element-limit = 1024 (custom)
2019-10-14 14:42:18,888 [pool-27-thread-1] INFO  server.RaftServerConfigKeys (ConfUtils.java:logGet(43)) - raft.server.log.statemachine.data.sync.timeout.retry = -1 (default)
2019-10-14 14:42:18,888 [pool-87-thread-1] INFO  segmented.SegmentedRaftLogWorker (SegmentedRaftLogWorker.java:<init>(172)) - new b63a5968-b034-497d-a723-e18a7363a3f1@group-E2F208E51DED-SegmentedRaftLogWorker for RaftStorage:Storage Directory /workdir/hadoop-ozone/integration-test/target/test-dir/MiniOzoneClusterImpl-669d0a42-2836-47aa-b55b-95c9a6dd1017/datanode-6/data/ratis/ec0b1142-b9a8-4012-a3e0-e2f208e51ded
2019-10-14 14:42:18,888 [pool-77-thread-1] INFO  server.RaftServerConfigKeys (ConfUtils.java:logGet(43)) - raft.server.log.segment.size.max = 1048576 (custom)
2019-10-14 14:42:18,888 [pool-87-thread-1] INFO  server.RaftServerConfigKeys (ConfUtils.java:logGet(43)) - raft.server.log.queue.byte-limit = 2147483647 (custom)
2019-10-14 14:42:18,888 [pool-27-thread-1] INFO  server.RaftServerConfigKeys (ConfUtils.java:logGet(43)) - raft.server.log.statemachine.data.caching.enabled = true (custom)
2019-10-14 14:42:18,889 [pool-87-thread-1] INFO  server.RaftServerConfigKeys (ConfUtils.java:logGet(43)) - raft.server.log.queue.element-limit = 1024 (custom)
2019-10-14 14:42:18,889 [pool-77-thread-1] INFO  server.RaftServerConfigKeys (ConfUtils.java:logGet(43)) - raft.server.log.preallocated.size = 16384 (custom)
2019-10-14 14:42:18,889 [pool-27-thread-1] INFO  segmented.SegmentedRaftLogWorker (SegmentedRaftLogWorker.java:lambda$new$0(132)) - 8ca3ec46-7319-4283-b207-b730019dde55@group-E2F208E51DED-SegmentedRaftLogWorker: flushIndex: setUnconditionally 0 -> -1
2019-10-14 14:42:18,889 [pool-87-thread-1] INFO  server.RaftServerConfigKeys (ConfUtils.java:logGet(43)) - raft.server.log.segment.size.max = 1048576 (custom)
2019-10-14 14:42:18,889 [pool-77-thread-1] INFO  server.RaftServerConfigKeys (ConfUtils.java:logGet(43)) - raft.server.log.write.buffer.size = 33554432 (custom)
2019-10-14 14:42:18,889 [pool-27-thread-1] INFO  server.RaftServerConfigKeys (ConfUtils.java:logGet(43)) - raft.server.snapshot.auto.trigger.enabled = true (custom)
2019-10-14 14:42:18,889 [pool-87-thread-1] INFO  server.RaftServerConfigKeys (ConfUtils.java:logGet(43)) - raft.server.log.preallocated.size = 16384 (custom)
2019-10-14 14:42:18,890 [pool-27-thread-1] INFO  server.RaftServerConfigKeys (ConfUtils.java:logGet(43)) - raft.server.snapshot.auto.trigger.threshold = 10000 (custom)
2019-10-14 14:42:18,889 [pool-77-thread-1] INFO  server.RaftServerConfigKeys (ConfUtils.java:logGet(43)) - raft.server.log.force.sync.num = 128 (default)
2019-10-14 14:42:18,890 [pool-87-thread-1] INFO  server.RaftServerConfigKeys (ConfUtils.java:logGet(43)) - raft.server.log.write.buffer.size = 33554432 (custom)
2019-10-14 14:42:18,890 [pool-27-thread-1] INFO  server.RaftServerConfigKeys (ConfUtils.java:logGet(43)) - raft.server.snapshot.retention.num.files = 5 (custom)
2019-10-14 14:42:18,890 [pool-77-thread-1] INFO  server.RaftServerConfigKeys (ConfUtils.java:logGet(43)) - raft.server.log.statemachine.data.sync = true (default)
2019-10-14 14:42:18,890 [pool-27-thread-1] INFO  server.RaftServerConfigKeys (ConfUtils.java:logGet(43)) - raft.server.retrycache.expirytime = 600000ms (custom)
2019-10-14 14:42:18,890 [pool-77-thread-1] INFO  server.RaftServerConfigKeys (ConfUtils.java:logGet(43)) - raft.server.log.statemachine.data.sync.timeout = 10s (default)
2019-10-14 14:42:18,890 [pool-87-thread-1] INFO  server.RaftServerConfigKeys (ConfUtils.java:logGet(43)) - raft.server.log.force.sync.num = 128 (default)
2019-10-14 14:42:18,891 [pool-77-thread-1] INFO  server.RaftServerConfigKeys (ConfUtils.java:logGet(43)) - raft.server.log.statemachine.data.sync.timeout.retry = -1 (default)
2019-10-14 14:42:18,891 [pool-87-thread-1] INFO  server.RaftServerConfigKeys (ConfUtils.java:logGet(43)) - raft.server.log.statemachine.data.sync = true (default)
2019-10-14 14:42:18,891 [pool-77-thread-1] INFO  server.RaftServerConfigKeys (ConfUtils.java:logGet(43)) - raft.server.log.statemachine.data.caching.enabled = true (custom)
2019-10-14 14:42:18,891 [pool-87-thread-1] INFO  server.RaftServerConfigKeys (ConfUtils.java:logGet(43)) - raft.server.log.statemachine.data.sync.timeout = 10s (default)
2019-10-14 14:42:18,891 [pool-87-thread-1] INFO  server.RaftServerConfigKeys (ConfUtils.java:logGet(43)) - raft.server.log.statemachine.data.sync.timeout.retry = -1 (default)
2019-10-14 14:42:18,891 [pool-77-thread-1] INFO  segmented.SegmentedRaftLogWorker (SegmentedRaftLogWorker.java:lambda$new$0(132)) - 9a6c87f6-096e-4769-9132-289fb1aab8c2@group-E2F208E51DED-SegmentedRaftLogWorker: flushIndex: setUnconditionally 0 -> -1
2019-10-14 14:42:18,891 [pool-87-thread-1] INFO  server.RaftServerConfigKeys (ConfUtils.java:logGet(43)) - raft.server.log.statemachine.data.caching.enabled = true (custom)
2019-10-14 14:42:18,892 [pool-77-thread-1] INFO  server.RaftServerConfigKeys (ConfUtils.java:logGet(43)) - raft.server.snapshot.auto.trigger.enabled = true (custom)
2019-10-14 14:42:18,892 [pool-77-thread-1] INFO  server.RaftServerConfigKeys (ConfUtils.java:logGet(43)) - raft.server.snapshot.auto.trigger.threshold = 10000 (custom)
2019-10-14 14:42:18,892 [pool-87-thread-1] INFO  segmented.SegmentedRaftLogWorker (SegmentedRaftLogWorker.java:lambda$new$0(132)) - b63a5968-b034-497d-a723-e18a7363a3f1@group-E2F208E51DED-SegmentedRaftLogWorker: flushIndex: setUnconditionally 0 -> -1
2019-10-14 14:42:18,892 [pool-77-thread-1] INFO  server.RaftServerConfigKeys (ConfUtils.java:logGet(43)) - raft.server.snapshot.retention.num.files = 5 (custom)
2019-10-14 14:42:18,892 [pool-87-thread-1] INFO  server.RaftServerConfigKeys (ConfUtils.java:logGet(43)) - raft.server.snapshot.auto.trigger.enabled = true (custom)
2019-10-14 14:42:18,892 [pool-77-thread-1] INFO  server.RaftServerConfigKeys (ConfUtils.java:logGet(43)) - raft.server.retrycache.expirytime = 600000ms (custom)
2019-10-14 14:42:18,893 [pool-87-thread-1] INFO  server.RaftServerConfigKeys (ConfUtils.java:logGet(43)) - raft.server.snapshot.auto.trigger.threshold = 10000 (custom)
2019-10-14 14:42:18,893 [pool-87-thread-1] INFO  server.RaftServerConfigKeys (ConfUtils.java:logGet(43)) - raft.server.snapshot.retention.num.files = 5 (custom)
2019-10-14 14:42:18,893 [pool-87-thread-1] INFO  server.RaftServerConfigKeys (ConfUtils.java:logGet(43)) - raft.server.retrycache.expirytime = 600000ms (custom)
2019-10-14 14:42:18,894 [pool-27-thread-1] INFO  impl.RaftServerImpl (RaftServerImpl.java:start(185)) - 8ca3ec46-7319-4283-b207-b730019dde55@group-E2F208E51DED: start as a follower, conf=-1: [8ca3ec46-7319-4283-b207-b730019dde55:192.168.5.159:46312, 9a6c87f6-096e-4769-9132-289fb1aab8c2:192.168.5.159:46771, b63a5968-b034-497d-a723-e18a7363a3f1:192.168.5.159:39007], old=null
2019-10-14 14:42:18,894 [pool-27-thread-1] INFO  impl.RaftServerImpl (RaftServerImpl.java:setRole(174)) - 8ca3ec46-7319-4283-b207-b730019dde55@group-E2F208E51DED: changes role from      null to FOLLOWER at term 0 for startAsFollower
2019-10-14 14:42:18,894 [pool-27-thread-1] INFO  impl.RoleInfo (RoleInfo.java:updateAndGet(143)) - 8ca3ec46-7319-4283-b207-b730019dde55: start FollowerState
2019-10-14 14:42:18,894 [pool-27-thread-1] INFO  util.JmxRegister (JmxRegister.java:tryRegister(44)) - Successfully registered JMX Bean with object name Ratis:service=RaftServer,group=group-E2F208E51DED,id=8ca3ec46-7319-4283-b207-b730019dde55
2019-10-14 14:42:18,905 [pool-77-thread-1] INFO  impl.RaftServerImpl (RaftServerImpl.java:start(185)) - 9a6c87f6-096e-4769-9132-289fb1aab8c2@group-E2F208E51DED: start as a follower, conf=-1: [8ca3ec46-7319-4283-b207-b730019dde55:192.168.5.159:46312, 9a6c87f6-096e-4769-9132-289fb1aab8c2:192.168.5.159:46771, b63a5968-b034-497d-a723-e18a7363a3f1:192.168.5.159:39007], old=null
2019-10-14 14:42:18,906 [pool-77-thread-1] INFO  impl.RaftServerImpl (RaftServerImpl.java:setRole(174)) - 9a6c87f6-096e-4769-9132-289fb1aab8c2@group-E2F208E51DED: changes role from      null to FOLLOWER at term 0 for startAsFollower
2019-10-14 14:42:18,906 [pool-77-thread-1] INFO  impl.RoleInfo (RoleInfo.java:updateAndGet(143)) - 9a6c87f6-096e-4769-9132-289fb1aab8c2: start FollowerState
2019-10-14 14:42:18,906 [pool-87-thread-1] INFO  impl.RaftServerImpl (RaftServerImpl.java:start(185)) - b63a5968-b034-497d-a723-e18a7363a3f1@group-E2F208E51DED: start as a follower, conf=-1: [8ca3ec46-7319-4283-b207-b730019dde55:192.168.5.159:46312, 9a6c87f6-096e-4769-9132-289fb1aab8c2:192.168.5.159:46771, b63a5968-b034-497d-a723-e18a7363a3f1:192.168.5.159:39007], old=null
2019-10-14 14:42:18,906 [pool-87-thread-1] INFO  impl.RaftServerImpl (RaftServerImpl.java:setRole(174)) - b63a5968-b034-497d-a723-e18a7363a3f1@group-E2F208E51DED: changes role from      null to FOLLOWER at term 0 for startAsFollower
2019-10-14 14:42:18,906 [pool-77-thread-1] INFO  util.JmxRegister (JmxRegister.java:tryRegister(44)) - Successfully registered JMX Bean with object name Ratis:service=RaftServer,group=group-E2F208E51DED,id=9a6c87f6-096e-4769-9132-289fb1aab8c2
2019-10-14 14:42:18,906 [pool-87-thread-1] INFO  impl.RoleInfo (RoleInfo.java:updateAndGet(143)) - b63a5968-b034-497d-a723-e18a7363a3f1: start FollowerState
2019-10-14 14:42:18,907 [pool-87-thread-1] INFO  util.JmxRegister (JmxRegister.java:tryRegister(44)) - Successfully registered JMX Bean with object name Ratis:service=RaftServer,group=group-E2F208E51DED,id=b63a5968-b034-497d-a723-e18a7363a3f1
2019-10-14 14:42:18,913 [RatisPipelineUtilsThread] INFO  pipeline.PipelineStateManager (PipelineStateManager.java:addPipeline(56)) - Created pipeline Pipeline[ Id: ec0b1142-b9a8-4012-a3e0-e2f208e51ded, Nodes: 9a6c87f6-096e-4769-9132-289fb1aab8c2{ip: 192.168.5.159, host: pr-hdds-1569-fwkxq-874464227, networkLocation: /default-rack, certSerialId: null}8ca3ec46-7319-4283-b207-b730019dde55{ip: 192.168.5.159, host: pr-hdds-1569-fwkxq-874464227, networkLocation: /default-rack, certSerialId: null}b63a5968-b034-497d-a723-e18a7363a3f1{ip: 192.168.5.159, host: pr-hdds-1569-fwkxq-874464227, networkLocation: /default-rack, certSerialId: null}, Type:RATIS, Factor:THREE, State:OPEN]
2019-10-14 14:42:18,929 [grpc-default-executor-1] INFO  impl.RaftServerProxy (RaftServerProxy.java:addNew(89)) - b63a5968-b034-497d-a723-e18a7363a3f1: addNew group-F0A1E4AD654E:[8ca3ec46-7319-4283-b207-b730019dde55:192.168.5.159:46312, 9a6c87f6-096e-4769-9132-289fb1aab8c2:192.168.5.159:46771, b63a5968-b034-497d-a723-e18a7363a3f1:192.168.5.159:39007] returns group-F0A1E4AD654E:java.util.concurrent.CompletableFuture@76da2409[Not completed]
2019-10-14 14:42:18,929 [grpc-default-executor-0] INFO  impl.RaftServerProxy (RaftServerProxy.java:addNew(89)) - 8ca3ec46-7319-4283-b207-b730019dde55: addNew group-F0A1E4AD654E:[8ca3ec46-7319-4283-b207-b730019dde55:192.168.5.159:46312, 9a6c87f6-096e-4769-9132-289fb1aab8c2:192.168.5.159:46771, b63a5968-b034-497d-a723-e18a7363a3f1:192.168.5.159:39007] returns group-F0A1E4AD654E:java.util.concurrent.CompletableFuture@5f56e45d[Not completed]
2019-10-14 14:42:18,931 [grpc-default-executor-2] INFO  impl.RaftServerProxy (RaftServerProxy.java:addNew(89)) - 9a6c87f6-096e-4769-9132-289fb1aab8c2: addNew group-F0A1E4AD654E:[8ca3ec46-7319-4283-b207-b730019dde55:192.168.5.159:46312, 9a6c87f6-096e-4769-9132-289fb1aab8c2:192.168.5.159:46771, b63a5968-b034-497d-a723-e18a7363a3f1:192.168.5.159:39007] returns group-F0A1E4AD654E:java.util.concurrent.CompletableFuture@3e7ede8a[Not completed]
2019-10-14 14:42:18,933 [pool-87-thread-1] INFO  impl.RaftServerImpl (RaftServerImpl.java:<init>(95)) - b63a5968-b034-497d-a723-e18a7363a3f1: new RaftServerImpl for group-F0A1E4AD654E:[8ca3ec46-7319-4283-b207-b730019dde55:192.168.5.159:46312, 9a6c87f6-096e-4769-9132-289fb1aab8c2:192.168.5.159:46771, b63a5968-b034-497d-a723-e18a7363a3f1:192.168.5.159:39007] with ContainerStateMachine:uninitialized
2019-10-14 14:42:18,933 [pool-87-thread-1] INFO  server.RaftServerConfigKeys (ConfUtils.java:logGet(43)) - raft.server.rpc.timeout.min = 1s (custom)
2019-10-14 14:42:18,933 [pool-87-thread-1] INFO  server.RaftServerConfigKeys (ConfUtils.java:logGet(43)) - raft.server.rpc.timeout.max = 1200ms (custom)
2019-10-14 14:42:18,933 [pool-87-thread-1] INFO  server.RaftServerConfigKeys (ConfUtils.java:logGet(43)) - raft.server.rpcslowness.timeout = 120s (custom)
2019-10-14 14:42:18,933 [pool-87-thread-1] INFO  server.RaftServerConfigKeys (ConfUtils.java:logGet(43)) - raft.server.sleep.deviation.threshold = 300 (default)
2019-10-14 14:42:18,934 [pool-87-thread-1] INFO  server.RaftServerConfigKeys (ConfUtils.java:logGet(43)) - raft.server.log.appender.install.snapshot.enabled = false (custom)
2019-10-14 14:42:18,934 [pool-87-thread-1] INFO  impl.RaftServerImpl (ServerState.java:<init>(103)) - b63a5968-b034-497d-a723-e18a7363a3f1@group-F0A1E4AD654E: ConfigurationManager, init=-1: [8ca3ec46-7319-4283-b207-b730019dde55:192.168.5.159:46312, 9a6c87f6-096e-4769-9132-289fb1aab8c2:192.168.5.159:46771, b63a5968-b034-497d-a723-e18a7363a3f1:192.168.5.159:39007], old=null, confs=<EMPTY_MAP>
2019-10-14 14:42:18,934 [pool-77-thread-1] INFO  impl.RaftServerImpl (RaftServerImpl.java:<init>(95)) - 9a6c87f6-096e-4769-9132-289fb1aab8c2: new RaftServerImpl for group-F0A1E4AD654E:[8ca3ec46-7319-4283-b207-b730019dde55:192.168.5.159:46312, 9a6c87f6-096e-4769-9132-289fb1aab8c2:192.168.5.159:46771, b63a5968-b034-497d-a723-e18a7363a3f1:192.168.5.159:39007] with ContainerStateMachine:uninitialized
2019-10-14 14:42:18,934 [pool-87-thread-1] INFO  server.RaftServerConfigKeys (ConfUtils.java:logGet(43)) - raft.server.storage.dir = [/workdir/hadoop-ozone/integration-test/target/test-dir/MiniOzoneClusterImpl-669d0a42-2836-47aa-b55b-95c9a6dd1017/datanode-6/data/ratis] (custom)
2019-10-14 14:42:18,934 [pool-77-thread-1] INFO  server.RaftServerConfigKeys (ConfUtils.java:logGet(43)) - raft.server.rpc.timeout.min = 1s (custom)
2019-10-14 14:42:18,934 [pool-77-thread-1] INFO  server.RaftServerConfigKeys (ConfUtils.java:logGet(43)) - raft.server.rpc.timeout.max = 1200ms (custom)
2019-10-14 14:42:18,935 [pool-87-thread-1] INFO  storage.RaftStorageDirectory (RaftStorageDirectory.java:analyzeStorage(246)) - The storage directory /workdir/hadoop-ozone/integration-test/target/test-dir/MiniOzoneClusterImpl-669d0a42-2836-47aa-b55b-95c9a6dd1017/datanode-6/data/ratis/ce44e97b-42fd-46e9-bd50-f0a1e4ad654e does not exist. Creating ...
2019-10-14 14:42:18,935 [pool-77-thread-1] INFO  server.RaftServerConfigKeys (ConfUtils.java:logGet(43)) - raft.server.rpcslowness.timeout = 120s (custom)
2019-10-14 14:42:18,935 [pool-27-thread-1] INFO  impl.RaftServerImpl (RaftServerImpl.java:<init>(95)) - 8ca3ec46-7319-4283-b207-b730019dde55: new RaftServerImpl for group-F0A1E4AD654E:[8ca3ec46-7319-4283-b207-b730019dde55:192.168.5.159:46312, 9a6c87f6-096e-4769-9132-289fb1aab8c2:192.168.5.159:46771, b63a5968-b034-497d-a723-e18a7363a3f1:192.168.5.159:39007] with ContainerStateMachine:uninitialized
2019-10-14 14:42:18,935 [pool-77-thread-1] INFO  server.RaftServerConfigKeys (ConfUtils.java:logGet(43)) - raft.server.sleep.deviation.threshold = 300 (default)
2019-10-14 14:42:18,935 [pool-27-thread-1] INFO  server.RaftServerConfigKeys (ConfUtils.java:logGet(43)) - raft.server.rpc.timeout.min = 1s (custom)
2019-10-14 14:42:18,935 [pool-77-thread-1] INFO  server.RaftServerConfigKeys (ConfUtils.java:logGet(43)) - raft.server.log.appender.install.snapshot.enabled = false (custom)
2019-10-14 14:42:18,935 [pool-27-thread-1] INFO  server.RaftServerConfigKeys (ConfUtils.java:logGet(43)) - raft.server.rpc.timeout.max = 1200ms (custom)
2019-10-14 14:42:18,935 [pool-77-thread-1] INFO  impl.RaftServerImpl (ServerState.java:<init>(103)) - 9a6c87f6-096e-4769-9132-289fb1aab8c2@group-F0A1E4AD654E: ConfigurationManager, init=-1: [8ca3ec46-7319-4283-b207-b730019dde55:192.168.5.159:46312, 9a6c87f6-096e-4769-9132-289fb1aab8c2:192.168.5.159:46771, b63a5968-b034-497d-a723-e18a7363a3f1:192.168.5.159:39007], old=null, confs=<EMPTY_MAP>
2019-10-14 14:42:18,935 [pool-27-thread-1] INFO  server.RaftServerConfigKeys (ConfUtils.java:logGet(43)) - raft.server.rpcslowness.timeout = 120s (custom)
2019-10-14 14:42:18,935 [pool-77-thread-1] INFO  server.RaftServerConfigKeys (ConfUtils.java:logGet(43)) - raft.server.storage.dir = [/workdir/hadoop-ozone/integration-test/target/test-dir/MiniOzoneClusterImpl-669d0a42-2836-47aa-b55b-95c9a6dd1017/datanode-5/data/ratis] (custom)
2019-10-14 14:42:18,935 [pool-27-thread-1] INFO  server.RaftServerConfigKeys (ConfUtils.java:logGet(43)) - raft.server.sleep.deviation.threshold = 300 (default)
2019-10-14 14:42:18,936 [pool-27-thread-1] INFO  server.RaftServerConfigKeys (ConfUtils.java:logGet(43)) - raft.server.log.appender.install.snapshot.enabled = false (custom)
2019-10-14 14:42:18,936 [pool-77-thread-1] INFO  storage.RaftStorageDirectory (RaftStorageDirectory.java:analyzeStorage(246)) - The storage directory /workdir/hadoop-ozone/integration-test/target/test-dir/MiniOzoneClusterImpl-669d0a42-2836-47aa-b55b-95c9a6dd1017/datanode-5/data/ratis/ce44e97b-42fd-46e9-bd50-f0a1e4ad654e does not exist. Creating ...
2019-10-14 14:42:18,936 [pool-27-thread-1] INFO  impl.RaftServerImpl (ServerState.java:<init>(103)) - 8ca3ec46-7319-4283-b207-b730019dde55@group-F0A1E4AD654E: ConfigurationManager, init=-1: [8ca3ec46-7319-4283-b207-b730019dde55:192.168.5.159:46312, 9a6c87f6-096e-4769-9132-289fb1aab8c2:192.168.5.159:46771, b63a5968-b034-497d-a723-e18a7363a3f1:192.168.5.159:39007], old=null, confs=<EMPTY_MAP>
2019-10-14 14:42:18,936 [pool-27-thread-1] INFO  server.RaftServerConfigKeys (ConfUtils.java:logGet(43)) - raft.server.storage.dir = [/workdir/hadoop-ozone/integration-test/target/test-dir/MiniOzoneClusterImpl-669d0a42-2836-47aa-b55b-95c9a6dd1017/datanode-0/data/ratis] (custom)
2019-10-14 14:42:18,936 [pool-27-thread-1] INFO  storage.RaftStorageDirectory (RaftStorageDirectory.java:analyzeStorage(246)) - The storage directory /workdir/hadoop-ozone/integration-test/target/test-dir/MiniOzoneClusterImpl-669d0a42-2836-47aa-b55b-95c9a6dd1017/datanode-0/data/ratis/ce44e97b-42fd-46e9-bd50-f0a1e4ad654e does not exist. Creating ...
2019-10-14 14:42:18,937 [pool-87-thread-1] INFO  storage.RaftStorageDirectory (RaftStorageDirectory.java:tryLock(328)) - Lock on /workdir/hadoop-ozone/integration-test/target/test-dir/MiniOzoneClusterImpl-669d0a42-2836-47aa-b55b-95c9a6dd1017/datanode-6/data/ratis/ce44e97b-42fd-46e9-bd50-f0a1e4ad654e/in_use.lock acquired by nodename 25093@pr-hdds-1569-fwkxq-874464227
2019-10-14 14:42:18,940 [pool-77-thread-1] INFO  storage.RaftStorageDirectory (RaftStorageDirectory.java:tryLock(328)) - Lock on /workdir/hadoop-ozone/integration-test/target/test-dir/MiniOzoneClusterImpl-669d0a42-2836-47aa-b55b-95c9a6dd1017/datanode-5/data/ratis/ce44e97b-42fd-46e9-bd50-f0a1e4ad654e/in_use.lock acquired by nodename 25093@pr-hdds-1569-fwkxq-874464227
2019-10-14 14:42:18,940 [pool-27-thread-1] INFO  storage.RaftStorageDirectory (RaftStorageDirectory.java:tryLock(328)) - Lock on /workdir/hadoop-ozone/integration-test/target/test-dir/MiniOzoneClusterImpl-669d0a42-2836-47aa-b55b-95c9a6dd1017/datanode-0/data/ratis/ce44e97b-42fd-46e9-bd50-f0a1e4ad654e/in_use.lock acquired by nodename 25093@pr-hdds-1569-fwkxq-874464227
2019-10-14 14:42:18,943 [pool-87-thread-1] INFO  storage.RaftStorage (RaftStorage.java:format(72)) - Storage directory /workdir/hadoop-ozone/integration-test/target/test-dir/MiniOzoneClusterImpl-669d0a42-2836-47aa-b55b-95c9a6dd1017/datanode-6/data/ratis/ce44e97b-42fd-46e9-bd50-f0a1e4ad654e has been successfully formatted.
2019-10-14 14:42:18,943 [pool-87-thread-1] INFO  ratis.ContainerStateMachine (ContainerStateMachine.java:loadSnapshot(230)) - group-F0A1E4AD654E: The snapshot info is null. Setting the last applied indexto:(t:0, i:~)
2019-10-14 14:42:18,943 [pool-87-thread-1] INFO  server.RaftServerConfigKeys (ConfUtils.java:logGet(43)) - raft.server.notification.no-leader.timeout = 120s (custom)
2019-10-14 14:42:18,944 [pool-87-thread-1] INFO  server.RaftServerConfigKeys (ConfUtils.java:logGet(43)) - raft.server.log.use.memory = false (default)
2019-10-14 14:42:18,944 [pool-87-thread-1] INFO  server.RaftServerConfigKeys (ConfUtils.java:logGet(43)) - raft.server.log.purge.gap = 1000000 (custom)
2019-10-14 14:42:18,944 [pool-87-thread-1] INFO  server.RaftServerConfigKeys (ConfUtils.java:logGet(43)) - raft.server.log.appender.buffer.byte-limit = 33554432 (custom)
2019-10-14 14:42:18,944 [pool-87-thread-1] INFO  server.RaftServerConfigKeys (ConfUtils.java:logGet(43)) - raft.server.log.segment.size.max = 1048576 (custom)
2019-10-14 14:42:18,944 [pool-87-thread-1] INFO  server.RaftServerConfigKeys (ConfUtils.java:logGet(43)) - raft.server.log.segment.cache.num.max = 2 (custom)
2019-10-14 14:42:18,944 [pool-87-thread-1] INFO  segmented.SegmentedRaftLogWorker (SegmentedRaftLogWorker.java:<init>(172)) - new b63a5968-b034-497d-a723-e18a7363a3f1@group-F0A1E4AD654E-SegmentedRaftLogWorker for RaftStorage:Storage Directory /workdir/hadoop-ozone/integration-test/target/test-dir/MiniOzoneClusterImpl-669d0a42-2836-47aa-b55b-95c9a6dd1017/datanode-6/data/ratis/ce44e97b-42fd-46e9-bd50-f0a1e4ad654e
2019-10-14 14:42:18,944 [pool-87-thread-1] INFO  server.RaftServerConfigKeys (ConfUtils.java:logGet(43)) - raft.server.log.queue.byte-limit = 2147483647 (custom)
2019-10-14 14:42:18,944 [pool-87-thread-1] INFO  server.RaftServerConfigKeys (ConfUtils.java:logGet(43)) - raft.server.log.queue.element-limit = 1024 (custom)
2019-10-14 14:42:18,945 [pool-87-thread-1] INFO  server.RaftServerConfigKeys (ConfUtils.java:logGet(43)) - raft.server.log.segment.size.max = 1048576 (custom)
2019-10-14 14:42:18,945 [pool-87-thread-1] INFO  server.RaftServerConfigKeys (ConfUtils.java:logGet(43)) - raft.server.log.preallocated.size = 16384 (custom)
2019-10-14 14:42:18,945 [pool-87-thread-1] INFO  server.RaftServerConfigKeys (ConfUtils.java:logGet(43)) - raft.server.log.write.buffer.size = 33554432 (custom)
2019-10-14 14:42:18,945 [pool-87-thread-1] INFO  server.RaftServerConfigKeys (ConfUtils.java:logGet(43)) - raft.server.log.force.sync.num = 128 (default)
2019-10-14 14:42:18,945 [pool-87-thread-1] INFO  server.RaftServerConfigKeys (ConfUtils.java:logGet(43)) - raft.server.log.statemachine.data.sync = true (default)
2019-10-14 14:42:18,945 [pool-87-thread-1] INFO  server.RaftServerConfigKeys (ConfUtils.java:logGet(43)) - raft.server.log.statemachine.data.sync.timeout = 10s (default)
2019-10-14 14:42:18,945 [pool-87-thread-1] INFO  server.RaftServerConfigKeys (ConfUtils.java:logGet(43)) - raft.server.log.statemachine.data.sync.timeout.retry = -1 (default)
2019-10-14 14:42:18,945 [pool-87-thread-1] INFO  server.RaftServerConfigKeys (ConfUtils.java:logGet(43)) - raft.server.log.statemachine.data.caching.enabled = true (custom)
2019-10-14 14:42:18,947 [pool-77-thread-1] INFO  storage.RaftStorage (RaftStorage.java:format(72)) - Storage directory /workdir/hadoop-ozone/integration-test/target/test-dir/MiniOzoneClusterImpl-669d0a42-2836-47aa-b55b-95c9a6dd1017/datanode-5/data/ratis/ce44e97b-42fd-46e9-bd50-f0a1e4ad654e has been successfully formatted.
2019-10-14 14:42:18,947 [pool-87-thread-1] INFO  segmented.SegmentedRaftLogWorker (SegmentedRaftLogWorker.java:lambda$new$0(132)) - b63a5968-b034-497d-a723-e18a7363a3f1@group-F0A1E4AD654E-SegmentedRaftLogWorker: flushIndex: setUnconditionally 0 -> -1
2019-10-14 14:42:18,948 [pool-77-thread-1] INFO  ratis.ContainerStateMachine (ContainerStateMachine.java:loadSnapshot(230)) - group-F0A1E4AD654E: The snapshot info is null. Setting the last applied indexto:(t:0, i:~)
2019-10-14 14:42:18,947 [pool-27-thread-1] INFO  storage.RaftStorage (RaftStorage.java:format(72)) - Storage directory /workdir/hadoop-ozone/integration-test/target/test-dir/MiniOzoneClusterImpl-669d0a42-2836-47aa-b55b-95c9a6dd1017/datanode-0/data/ratis/ce44e97b-42fd-46e9-bd50-f0a1e4ad654e has been successfully formatted.
2019-10-14 14:42:18,948 [pool-87-thread-1] INFO  server.RaftServerConfigKeys (ConfUtils.java:logGet(43)) - raft.server.snapshot.auto.trigger.enabled = true (custom)
2019-10-14 14:42:18,948 [pool-77-thread-1] INFO  server.RaftServerConfigKeys (ConfUtils.java:logGet(43)) - raft.server.notification.no-leader.timeout = 120s (custom)
2019-10-14 14:42:18,948 [pool-27-thread-1] INFO  ratis.ContainerStateMachine (ContainerStateMachine.java:loadSnapshot(230)) - group-F0A1E4AD654E: The snapshot info is null. Setting the last applied indexto:(t:0, i:~)
2019-10-14 14:42:18,948 [pool-77-thread-1] INFO  server.RaftServerConfigKeys (ConfUtils.java:logGet(43)) - raft.server.log.use.memory = false (default)
2019-10-14 14:42:18,948 [pool-87-thread-1] INFO  server.RaftServerConfigKeys (ConfUtils.java:logGet(43)) - raft.server.snapshot.auto.trigger.threshold = 10000 (custom)
2019-10-14 14:42:18,948 [pool-77-thread-1] INFO  server.RaftServerConfigKeys (ConfUtils.java:logGet(43)) - raft.server.log.purge.gap = 1000000 (custom)
2019-10-14 14:42:18,948 [pool-27-thread-1] INFO  server.RaftServerConfigKeys (ConfUtils.java:logGet(43)) - raft.server.notification.no-leader.timeout = 120s (custom)
2019-10-14 14:42:18,949 [pool-77-thread-1] INFO  server.RaftServerConfigKeys (ConfUtils.java:logGet(43)) - raft.server.log.appender.buffer.byte-limit = 33554432 (custom)
2019-10-14 14:42:18,948 [pool-87-thread-1] INFO  server.RaftServerConfigKeys (ConfUtils.java:logGet(43)) - raft.server.snapshot.retention.num.files = 5 (custom)
2019-10-14 14:42:18,949 [pool-77-thread-1] INFO  server.RaftServerConfigKeys (ConfUtils.java:logGet(43)) - raft.server.log.segment.size.max = 1048576 (custom)
2019-10-14 14:42:18,949 [pool-27-thread-1] INFO  server.RaftServerConfigKeys (ConfUtils.java:logGet(43)) - raft.server.log.use.memory = false (default)
2019-10-14 14:42:18,949 [pool-77-thread-1] INFO  server.RaftServerConfigKeys (ConfUtils.java:logGet(43)) - raft.server.log.segment.cache.num.max = 2 (custom)
2019-10-14 14:42:18,949 [pool-87-thread-1] INFO  server.RaftServerConfigKeys (ConfUtils.java:logGet(43)) - raft.server.retrycache.expirytime = 600000ms (custom)
2019-10-14 14:42:18,949 [pool-77-thread-1] INFO  segmented.SegmentedRaftLogWorker (SegmentedRaftLogWorker.java:<init>(172)) - new 9a6c87f6-096e-4769-9132-289fb1aab8c2@group-F0A1E4AD654E-SegmentedRaftLogWorker for RaftStorage:Storage Directory /workdir/hadoop-ozone/integration-test/target/test-dir/MiniOzoneClusterImpl-669d0a42-2836-47aa-b55b-95c9a6dd1017/datanode-5/data/ratis/ce44e97b-42fd-46e9-bd50-f0a1e4ad654e
2019-10-14 14:42:18,949 [pool-27-thread-1] INFO  server.RaftServerConfigKeys (ConfUtils.java:logGet(43)) - raft.server.log.purge.gap = 1000000 (custom)
2019-10-14 14:42:18,950 [pool-77-thread-1] INFO  server.RaftServerConfigKeys (ConfUtils.java:logGet(43)) - raft.server.log.queue.byte-limit = 2147483647 (custom)
2019-10-14 14:42:18,950 [pool-27-thread-1] INFO  server.RaftServerConfigKeys (ConfUtils.java:logGet(43)) - raft.server.log.appender.buffer.byte-limit = 33554432 (custom)
2019-10-14 14:42:18,950 [pool-77-thread-1] INFO  server.RaftServerConfigKeys (ConfUtils.java:logGet(43)) - raft.server.log.queue.element-limit = 1024 (custom)
2019-10-14 14:42:18,950 [pool-27-thread-1] INFO  server.RaftServerConfigKeys (ConfUtils.java:logGet(43)) - raft.server.log.segment.size.max = 1048576 (custom)
2019-10-14 14:42:18,950 [pool-77-thread-1] INFO  server.RaftServerConfigKeys (ConfUtils.java:logGet(43)) - raft.server.log.segment.size.max = 1048576 (custom)
2019-10-14 14:42:18,950 [pool-27-thread-1] INFO  server.RaftServerConfigKeys (ConfUtils.java:logGet(43)) - raft.server.log.segment.cache.num.max = 2 (custom)
2019-10-14 14:42:18,951 [pool-77-thread-1] INFO  server.RaftServerConfigKeys (ConfUtils.java:logGet(43)) - raft.server.log.preallocated.size = 16384 (custom)
2019-10-14 14:42:18,951 [pool-27-thread-1] INFO  segmented.SegmentedRaftLogWorker (SegmentedRaftLogWorker.java:<init>(172)) - new 8ca3ec46-7319-4283-b207-b730019dde55@group-F0A1E4AD654E-SegmentedRaftLogWorker for RaftStorage:Storage Directory /workdir/hadoop-ozone/integration-test/target/test-dir/MiniOzoneClusterImpl-669d0a42-2836-47aa-b55b-95c9a6dd1017/datanode-0/data/ratis/ce44e97b-42fd-46e9-bd50-f0a1e4ad654e
2019-10-14 14:42:18,953 [pool-77-thread-1] INFO  server.RaftServerConfigKeys (ConfUtils.java:logGet(43)) - raft.server.log.write.buffer.size = 33554432 (custom)
2019-10-14 14:42:18,953 [pool-27-thread-1] INFO  server.RaftServerConfigKeys (ConfUtils.java:logGet(43)) - raft.server.log.queue.byte-limit = 2147483647 (custom)
2019-10-14 14:42:18,953 [pool-77-thread-1] INFO  server.RaftServerConfigKeys (ConfUtils.java:logGet(43)) - raft.server.log.force.sync.num = 128 (default)
2019-10-14 14:42:18,953 [pool-27-thread-1] INFO  server.RaftServerConfigKeys (ConfUtils.java:logGet(43)) - raft.server.log.queue.element-limit = 1024 (custom)
2019-10-14 14:42:18,953 [pool-77-thread-1] INFO  server.RaftServerConfigKeys (ConfUtils.java:logGet(43)) - raft.server.log.statemachine.data.sync = true (default)
2019-10-14 14:42:18,953 [pool-27-thread-1] INFO  server.RaftServerConfigKeys (ConfUtils.java:logGet(43)) - raft.server.log.segment.size.max = 1048576 (custom)
2019-10-14 14:42:18,953 [pool-77-thread-1] INFO  server.RaftServerConfigKeys (ConfUtils.java:logGet(43)) - raft.server.log.statemachine.data.sync.timeout = 10s (default)
2019-10-14 14:42:18,954 [pool-27-thread-1] INFO  server.RaftServerConfigKeys (ConfUtils.java:logGet(43)) - raft.server.log.preallocated.size = 16384 (custom)
2019-10-14 14:42:18,954 [pool-77-thread-1] INFO  server.RaftServerConfigKeys (ConfUtils.java:logGet(43)) - raft.server.log.statemachine.data.sync.timeout.retry = -1 (default)
2019-10-14 14:42:18,954 [pool-27-thread-1] INFO  server.RaftServerConfigKeys (ConfUtils.java:logGet(43)) - raft.server.log.write.buffer.size = 33554432 (custom)
2019-10-14 14:42:18,954 [pool-77-thread-1] INFO  server.RaftServerConfigKeys (ConfUtils.java:logGet(43)) - raft.server.log.statemachine.data.caching.enabled = true (custom)
2019-10-14 14:42:18,954 [pool-27-thread-1] INFO  server.RaftServerConfigKeys (ConfUtils.java:logGet(43)) - raft.server.log.force.sync.num = 128 (default)
2019-10-14 14:42:18,954 [pool-27-thread-1] INFO  server.RaftServerConfigKeys (ConfUtils.java:logGet(43)) - raft.server.log.statemachine.data.sync = true (default)
2019-10-14 14:42:18,954 [pool-77-thread-1] INFO  segmented.SegmentedRaftLogWorker (SegmentedRaftLogWorker.java:lambda$new$0(132)) - 9a6c87f6-096e-4769-9132-289fb1aab8c2@group-F0A1E4AD654E-SegmentedRaftLogWorker: flushIndex: setUnconditionally 0 -> -1
2019-10-14 14:42:18,955 [pool-87-thread-1] INFO  impl.RaftServerImpl (RaftServerImpl.java:start(185)) - b63a5968-b034-497d-a723-e18a7363a3f1@group-F0A1E4AD654E: start as a follower, conf=-1: [8ca3ec46-7319-4283-b207-b730019dde55:192.168.5.159:46312, 9a6c87f6-096e-4769-9132-289fb1aab8c2:192.168.5.159:46771, b63a5968-b034-497d-a723-e18a7363a3f1:192.168.5.159:39007], old=null
2019-10-14 14:42:18,955 [pool-27-thread-1] INFO  server.RaftServerConfigKeys (ConfUtils.java:logGet(43)) - raft.server.log.statemachine.data.sync.timeout = 10s (default)
2019-10-14 14:42:18,955 [pool-77-thread-1] INFO  server.RaftServerConfigKeys (ConfUtils.java:logGet(43)) - raft.server.snapshot.auto.trigger.enabled = true (custom)
2019-10-14 14:42:18,955 [pool-87-thread-1] INFO  impl.RaftServerImpl (RaftServerImpl.java:setRole(174)) - b63a5968-b034-497d-a723-e18a7363a3f1@group-F0A1E4AD654E: changes role from      null to FOLLOWER at term 0 for startAsFollower
2019-10-14 14:42:18,955 [pool-77-thread-1] INFO  server.RaftServerConfigKeys (ConfUtils.java:logGet(43)) - raft.server.snapshot.auto.trigger.threshold = 10000 (custom)
2019-10-14 14:42:18,955 [pool-27-thread-1] INFO  server.RaftServerConfigKeys (ConfUtils.java:logGet(43)) - raft.server.log.statemachine.data.sync.timeout.retry = -1 (default)
2019-10-14 14:42:18,955 [pool-77-thread-1] INFO  server.RaftServerConfigKeys (ConfUtils.java:logGet(43)) - raft.server.snapshot.retention.num.files = 5 (custom)
2019-10-14 14:42:18,955 [pool-87-thread-1] INFO  impl.RoleInfo (RoleInfo.java:updateAndGet(143)) - b63a5968-b034-497d-a723-e18a7363a3f1: start FollowerState
2019-10-14 14:42:18,956 [pool-77-thread-1] INFO  server.RaftServerConfigKeys (ConfUtils.java:logGet(43)) - raft.server.retrycache.expirytime = 600000ms (custom)
2019-10-14 14:42:18,956 [pool-27-thread-1] INFO  server.RaftServerConfigKeys (ConfUtils.java:logGet(43)) - raft.server.log.statemachine.data.caching.enabled = true (custom)
2019-10-14 14:42:18,956 [pool-87-thread-1] INFO  util.JmxRegister (JmxRegister.java:tryRegister(44)) - Successfully registered JMX Bean with object name Ratis:service=RaftServer,group=group-F0A1E4AD654E,id=b63a5968-b034-497d-a723-e18a7363a3f1
2019-10-14 14:42:18,956 [pool-27-thread-1] INFO  segmented.SegmentedRaftLogWorker (SegmentedRaftLogWorker.java:lambda$new$0(132)) - 8ca3ec46-7319-4283-b207-b730019dde55@group-F0A1E4AD654E-SegmentedRaftLogWorker: flushIndex: setUnconditionally 0 -> -1
2019-10-14 14:42:18,957 [pool-27-thread-1] INFO  server.RaftServerConfigKeys (ConfUtils.java:logGet(43)) - raft.server.snapshot.auto.trigger.enabled = true (custom)
2019-10-14 14:42:18,957 [pool-27-thread-1] INFO  server.RaftServerConfigKeys (ConfUtils.java:logGet(43)) - raft.server.snapshot.auto.trigger.threshold = 10000 (custom)
2019-10-14 14:42:18,957 [pool-27-thread-1] INFO  server.RaftServerConfigKeys (ConfUtils.java:logGet(43)) - raft.server.snapshot.retention.num.files = 5 (custom)
2019-10-14 14:42:18,957 [pool-27-thread-1] INFO  server.RaftServerConfigKeys (ConfUtils.java:logGet(43)) - raft.server.retrycache.expirytime = 600000ms (custom)
2019-10-14 14:42:18,958 [pool-77-thread-1] INFO  impl.RaftServerImpl (RaftServerImpl.java:start(185)) - 9a6c87f6-096e-4769-9132-289fb1aab8c2@group-F0A1E4AD654E: start as a follower, conf=-1: [8ca3ec46-7319-4283-b207-b730019dde55:192.168.5.159:46312, 9a6c87f6-096e-4769-9132-289fb1aab8c2:192.168.5.159:46771, b63a5968-b034-497d-a723-e18a7363a3f1:192.168.5.159:39007], old=null
2019-10-14 14:42:18,958 [pool-77-thread-1] INFO  impl.RaftServerImpl (RaftServerImpl.java:setRole(174)) - 9a6c87f6-096e-4769-9132-289fb1aab8c2@group-F0A1E4AD654E: changes role from      null to FOLLOWER at term 0 for startAsFollower
2019-10-14 14:42:18,961 [pool-77-thread-1] INFO  impl.RoleInfo (RoleInfo.java:updateAndGet(143)) - 9a6c87f6-096e-4769-9132-289fb1aab8c2: start FollowerState
2019-10-14 14:42:18,961 [pool-77-thread-1] INFO  util.JmxRegister (JmxRegister.java:tryRegister(44)) - Successfully registered JMX Bean with object name Ratis:service=RaftServer,group=group-F0A1E4AD654E,id=9a6c87f6-096e-4769-9132-289fb1aab8c2
2019-10-14 14:42:18,965 [pool-27-thread-1] INFO  impl.RaftServerImpl (RaftServerImpl.java:start(185)) - 8ca3ec46-7319-4283-b207-b730019dde55@group-F0A1E4AD654E: start as a follower, conf=-1: [8ca3ec46-7319-4283-b207-b730019dde55:192.168.5.159:46312, 9a6c87f6-096e-4769-9132-289fb1aab8c2:192.168.5.159:46771, b63a5968-b034-497d-a723-e18a7363a3f1:192.168.5.159:39007], old=null
2019-10-14 14:42:18,965 [pool-27-thread-1] INFO  impl.RaftServerImpl (RaftServerImpl.java:setRole(174)) - 8ca3ec46-7319-4283-b207-b730019dde55@group-F0A1E4AD654E: changes role from      null to FOLLOWER at term 0 for startAsFollower
2019-10-14 14:42:18,965 [pool-27-thread-1] INFO  impl.RoleInfo (RoleInfo.java:updateAndGet(143)) - 8ca3ec46-7319-4283-b207-b730019dde55: start FollowerState
2019-10-14 14:42:18,966 [pool-27-thread-1] INFO  util.JmxRegister (JmxRegister.java:tryRegister(44)) - Successfully registered JMX Bean with object name Ratis:service=RaftServer,group=group-F0A1E4AD654E,id=8ca3ec46-7319-4283-b207-b730019dde55
2019-10-14 14:42:18,971 [RatisPipelineUtilsThread] INFO  pipeline.PipelineStateManager (PipelineStateManager.java:addPipeline(56)) - Created pipeline Pipeline[ Id: ce44e97b-42fd-46e9-bd50-f0a1e4ad654e, Nodes: 9a6c87f6-096e-4769-9132-289fb1aab8c2{ip: 192.168.5.159, host: pr-hdds-1569-fwkxq-874464227, networkLocation: /default-rack, certSerialId: null}b63a5968-b034-497d-a723-e18a7363a3f1{ip: 192.168.5.159, host: pr-hdds-1569-fwkxq-874464227, networkLocation: /default-rack, certSerialId: null}8ca3ec46-7319-4283-b207-b730019dde55{ip: 192.168.5.159, host: pr-hdds-1569-fwkxq-874464227, networkLocation: /default-rack, certSerialId: null}, Type:RATIS, Factor:THREE, State:OPEN]
2019-10-14 14:42:18,972 [RatisPipelineUtilsThread] INFO  pipeline.PipelinePlacementPolicy (PipelinePlacementPolicy.java:meetCriteria(104)) - Pipeline Placement: can't place more pipeline on heavy datanode： 8ca3ec46-7319-4283-b207-b730019dde55 Heaviness: 5 limit: 5
2019-10-14 14:42:18,972 [RatisPipelineUtilsThread] INFO  pipeline.PipelinePlacementPolicy (PipelinePlacementPolicy.java:meetCriteria(104)) - Pipeline Placement: can't place more pipeline on heavy datanode： b63a5968-b034-497d-a723-e18a7363a3f1 Heaviness: 5 limit: 5
2019-10-14 14:42:18,972 [RatisPipelineUtilsThread] INFO  pipeline.PipelinePlacementPolicy (PipelinePlacementPolicy.java:meetCriteria(104)) - Pipeline Placement: can't place more pipeline on heavy datanode： 9a6c87f6-096e-4769-9132-289fb1aab8c2 Heaviness: 5 limit: 5
2019-10-14 14:42:18,996 [grpc-default-executor-1] INFO  impl.RaftServerProxy (RaftServerProxy.java:addNew(89)) - caa892f0-76ff-4c1e-b30f-b7c59842badc: addNew group-E0B7C1D5C8D3:[07a15819-e4fc-4072-82ac-b3e77a99d12a:192.168.5.159:45599, f9748ec4-5d8a-4dfc-8690-85b8cdac3f5d:192.168.5.159:44598, caa892f0-76ff-4c1e-b30f-b7c59842badc:192.168.5.159:39406] returns group-E0B7C1D5C8D3:java.util.concurrent.CompletableFuture@16d1af36[Not completed]
2019-10-14 14:42:18,998 [grpc-default-executor-0] INFO  impl.RaftServerProxy (RaftServerProxy.java:addNew(89)) - f9748ec4-5d8a-4dfc-8690-85b8cdac3f5d: addNew group-E0B7C1D5C8D3:[07a15819-e4fc-4072-82ac-b3e77a99d12a:192.168.5.159:45599, f9748ec4-5d8a-4dfc-8690-85b8cdac3f5d:192.168.5.159:44598, caa892f0-76ff-4c1e-b30f-b7c59842badc:192.168.5.159:39406] returns group-E0B7C1D5C8D3:java.util.concurrent.CompletableFuture@28944c3e[Not completed]
2019-10-14 14:42:18,998 [grpc-default-executor-2] INFO  impl.RaftServerProxy (RaftServerProxy.java:addNew(89)) - 07a15819-e4fc-4072-82ac-b3e77a99d12a: addNew group-E0B7C1D5C8D3:[07a15819-e4fc-4072-82ac-b3e77a99d12a:192.168.5.159:45599, f9748ec4-5d8a-4dfc-8690-85b8cdac3f5d:192.168.5.159:44598, caa892f0-76ff-4c1e-b30f-b7c59842badc:192.168.5.159:39406] returns group-E0B7C1D5C8D3:java.util.concurrent.CompletableFuture@327de100[Not completed]
2019-10-14 14:42:18,999 [pool-47-thread-1] INFO  impl.RaftServerImpl (RaftServerImpl.java:<init>(95)) - caa892f0-76ff-4c1e-b30f-b7c59842badc: new RaftServerImpl for group-E0B7C1D5C8D3:[07a15819-e4fc-4072-82ac-b3e77a99d12a:192.168.5.159:45599, f9748ec4-5d8a-4dfc-8690-85b8cdac3f5d:192.168.5.159:44598, caa892f0-76ff-4c1e-b30f-b7c59842badc:192.168.5.159:39406] with ContainerStateMachine:uninitialized
2019-10-14 14:42:18,999 [pool-47-thread-1] INFO  server.RaftServerConfigKeys (ConfUtils.java:logGet(43)) - raft.server.rpc.timeout.min = 1s (custom)
2019-10-14 14:42:19,000 [pool-47-thread-1] INFO  server.RaftServerConfigKeys (ConfUtils.java:logGet(43)) - raft.server.rpc.timeout.max = 1200ms (custom)
2019-10-14 14:42:19,000 [pool-47-thread-1] INFO  server.RaftServerConfigKeys (ConfUtils.java:logGet(43)) - raft.server.rpcslowness.timeout = 120s (custom)
2019-10-14 14:42:19,000 [pool-47-thread-1] INFO  server.RaftServerConfigKeys (ConfUtils.java:logGet(43)) - raft.server.sleep.deviation.threshold = 300 (default)
2019-10-14 14:42:19,000 [pool-47-thread-1] INFO  server.RaftServerConfigKeys (ConfUtils.java:logGet(43)) - raft.server.log.appender.install.snapshot.enabled = false (custom)
2019-10-14 14:42:19,000 [pool-47-thread-1] INFO  impl.RaftServerImpl (ServerState.java:<init>(103)) - caa892f0-76ff-4c1e-b30f-b7c59842badc@group-E0B7C1D5C8D3: ConfigurationManager, init=-1: [07a15819-e4fc-4072-82ac-b3e77a99d12a:192.168.5.159:45599, f9748ec4-5d8a-4dfc-8690-85b8cdac3f5d:192.168.5.159:44598, caa892f0-76ff-4c1e-b30f-b7c59842badc:192.168.5.159:39406], old=null, confs=<EMPTY_MAP>
2019-10-14 14:42:19,000 [pool-47-thread-1] INFO  server.RaftServerConfigKeys (ConfUtils.java:logGet(43)) - raft.server.storage.dir = [/workdir/hadoop-ozone/integration-test/target/test-dir/MiniOzoneClusterImpl-669d0a42-2836-47aa-b55b-95c9a6dd1017/datanode-2/data/ratis] (custom)
2019-10-14 14:42:19,000 [pool-57-thread-1] INFO  impl.RaftServerImpl (RaftServerImpl.java:<init>(95)) - f9748ec4-5d8a-4dfc-8690-85b8cdac3f5d: new RaftServerImpl for group-E0B7C1D5C8D3:[07a15819-e4fc-4072-82ac-b3e77a99d12a:192.168.5.159:45599, f9748ec4-5d8a-4dfc-8690-85b8cdac3f5d:192.168.5.159:44598, caa892f0-76ff-4c1e-b30f-b7c59842badc:192.168.5.159:39406] with ContainerStateMachine:uninitialized
2019-10-14 14:42:19,001 [pool-57-thread-1] INFO  server.RaftServerConfigKeys (ConfUtils.java:logGet(43)) - raft.server.rpc.timeout.min = 1s (custom)
2019-10-14 14:42:19,001 [pool-47-thread-1] INFO  storage.RaftStorageDirectory (RaftStorageDirectory.java:analyzeStorage(246)) - The storage directory /workdir/hadoop-ozone/integration-test/target/test-dir/MiniOzoneClusterImpl-669d0a42-2836-47aa-b55b-95c9a6dd1017/datanode-2/data/ratis/d5f59709-eaf8-40d1-9a28-e0b7c1d5c8d3 does not exist. Creating ...
2019-10-14 14:42:19,001 [pool-57-thread-1] INFO  server.RaftServerConfigKeys (ConfUtils.java:logGet(43)) - raft.server.rpc.timeout.max = 1200ms (custom)
2019-10-14 14:42:19,001 [pool-57-thread-1] INFO  server.RaftServerConfigKeys (ConfUtils.java:logGet(43)) - raft.server.rpcslowness.timeout = 120s (custom)
2019-10-14 14:42:19,001 [pool-37-thread-1] INFO  impl.RaftServerImpl (RaftServerImpl.java:<init>(95)) - 07a15819-e4fc-4072-82ac-b3e77a99d12a: new RaftServerImpl for group-E0B7C1D5C8D3:[07a15819-e4fc-4072-82ac-b3e77a99d12a:192.168.5.159:45599, f9748ec4-5d8a-4dfc-8690-85b8cdac3f5d:192.168.5.159:44598, caa892f0-76ff-4c1e-b30f-b7c59842badc:192.168.5.159:39406] with ContainerStateMachine:uninitialized
2019-10-14 14:42:19,001 [pool-57-thread-1] INFO  server.RaftServerConfigKeys (ConfUtils.java:logGet(43)) - raft.server.sleep.deviation.threshold = 300 (default)
2019-10-14 14:42:19,002 [pool-37-thread-1] INFO  server.RaftServerConfigKeys (ConfUtils.java:logGet(43)) - raft.server.rpc.timeout.min = 1s (custom)
2019-10-14 14:42:19,002 [pool-57-thread-1] INFO  server.RaftServerConfigKeys (ConfUtils.java:logGet(43)) - raft.server.log.appender.install.snapshot.enabled = false (custom)
2019-10-14 14:42:19,002 [pool-37-thread-1] INFO  server.RaftServerConfigKeys (ConfUtils.java:logGet(43)) - raft.server.rpc.timeout.max = 1200ms (custom)
2019-10-14 14:42:19,002 [pool-57-thread-1] INFO  impl.RaftServerImpl (ServerState.java:<init>(103)) - f9748ec4-5d8a-4dfc-8690-85b8cdac3f5d@group-E0B7C1D5C8D3: ConfigurationManager, init=-1: [07a15819-e4fc-4072-82ac-b3e77a99d12a:192.168.5.159:45599, f9748ec4-5d8a-4dfc-8690-85b8cdac3f5d:192.168.5.159:44598, caa892f0-76ff-4c1e-b30f-b7c59842badc:192.168.5.159:39406], old=null, confs=<EMPTY_MAP>
2019-10-14 14:42:19,002 [pool-37-thread-1] INFO  server.RaftServerConfigKeys (ConfUtils.java:logGet(43)) - raft.server.rpcslowness.timeout = 120s (custom)
2019-10-14 14:42:19,002 [pool-37-thread-1] INFO  server.RaftServerConfigKeys (ConfUtils.java:logGet(43)) - raft.server.sleep.deviation.threshold = 300 (default)
2019-10-14 14:42:19,002 [pool-57-thread-1] INFO  server.RaftServerConfigKeys (ConfUtils.java:logGet(43)) - raft.server.storage.dir = [/workdir/hadoop-ozone/integration-test/target/test-dir/MiniOzoneClusterImpl-669d0a42-2836-47aa-b55b-95c9a6dd1017/datanode-3/data/ratis] (custom)
2019-10-14 14:42:19,002 [pool-37-thread-1] INFO  server.RaftServerConfigKeys (ConfUtils.java:logGet(43)) - raft.server.log.appender.install.snapshot.enabled = false (custom)
2019-10-14 14:42:19,003 [pool-37-thread-1] INFO  impl.RaftServerImpl (ServerState.java:<init>(103)) - 07a15819-e4fc-4072-82ac-b3e77a99d12a@group-E0B7C1D5C8D3: ConfigurationManager, init=-1: [07a15819-e4fc-4072-82ac-b3e77a99d12a:192.168.5.159:45599, f9748ec4-5d8a-4dfc-8690-85b8cdac3f5d:192.168.5.159:44598, caa892f0-76ff-4c1e-b30f-b7c59842badc:192.168.5.159:39406], old=null, confs=<EMPTY_MAP>
2019-10-14 14:42:19,003 [pool-37-thread-1] INFO  server.RaftServerConfigKeys (ConfUtils.java:logGet(43)) - raft.server.storage.dir = [/workdir/hadoop-ozone/integration-test/target/test-dir/MiniOzoneClusterImpl-669d0a42-2836-47aa-b55b-95c9a6dd1017/datanode-1/data/ratis] (custom)
2019-10-14 14:42:19,003 [pool-57-thread-1] INFO  storage.RaftStorageDirectory (RaftStorageDirectory.java:analyzeStorage(246)) - The storage directory /workdir/hadoop-ozone/integration-test/target/test-dir/MiniOzoneClusterImpl-669d0a42-2836-47aa-b55b-95c9a6dd1017/datanode-3/data/ratis/d5f59709-eaf8-40d1-9a28-e0b7c1d5c8d3 does not exist. Creating ...
2019-10-14 14:42:19,003 [pool-37-thread-1] INFO  storage.RaftStorageDirectory (RaftStorageDirectory.java:analyzeStorage(246)) - The storage directory /workdir/hadoop-ozone/integration-test/target/test-dir/MiniOzoneClusterImpl-669d0a42-2836-47aa-b55b-95c9a6dd1017/datanode-1/data/ratis/d5f59709-eaf8-40d1-9a28-e0b7c1d5c8d3 does not exist. Creating ...
2019-10-14 14:42:19,014 [pool-57-thread-1] INFO  storage.RaftStorageDirectory (RaftStorageDirectory.java:tryLock(328)) - Lock on /workdir/hadoop-ozone/integration-test/target/test-dir/MiniOzoneClusterImpl-669d0a42-2836-47aa-b55b-95c9a6dd1017/datanode-3/data/ratis/d5f59709-eaf8-40d1-9a28-e0b7c1d5c8d3/in_use.lock acquired by nodename 25093@pr-hdds-1569-fwkxq-874464227
2019-10-14 14:42:19,014 [pool-47-thread-1] INFO  storage.RaftStorageDirectory (RaftStorageDirectory.java:tryLock(328)) - Lock on /workdir/hadoop-ozone/integration-test/target/test-dir/MiniOzoneClusterImpl-669d0a42-2836-47aa-b55b-95c9a6dd1017/datanode-2/data/ratis/d5f59709-eaf8-40d1-9a28-e0b7c1d5c8d3/in_use.lock acquired by nodename 25093@pr-hdds-1569-fwkxq-874464227
2019-10-14 14:42:19,014 [pool-37-thread-1] INFO  storage.RaftStorageDirectory (RaftStorageDirectory.java:tryLock(328)) - Lock on /workdir/hadoop-ozone/integration-test/target/test-dir/MiniOzoneClusterImpl-669d0a42-2836-47aa-b55b-95c9a6dd1017/datanode-1/data/ratis/d5f59709-eaf8-40d1-9a28-e0b7c1d5c8d3/in_use.lock acquired by nodename 25093@pr-hdds-1569-fwkxq-874464227
2019-10-14 14:42:19,021 [Thread-240] INFO  impl.FollowerState (FollowerState.java:run(106)) - 8ca3ec46-7319-4283-b207-b730019dde55:group-2502542E7A07 changes to CANDIDATE, lastRpcTime:1053, electionTimeout:1053ms
2019-10-14 14:42:19,024 [Thread-240] INFO  impl.RoleInfo (RoleInfo.java:shutdownFollowerState(121)) - 8ca3ec46-7319-4283-b207-b730019dde55: shutdown FollowerState
2019-10-14 14:42:19,024 [Thread-240] INFO  impl.RaftServerImpl (RaftServerImpl.java:setRole(174)) - 8ca3ec46-7319-4283-b207-b730019dde55@group-2502542E7A07: changes role from  FOLLOWER to CANDIDATE at term 0 for changeToCandidate
2019-10-14 14:42:19,028 [pool-47-thread-1] INFO  storage.RaftStorage (RaftStorage.java:format(72)) - Storage directory /workdir/hadoop-ozone/integration-test/target/test-dir/MiniOzoneClusterImpl-669d0a42-2836-47aa-b55b-95c9a6dd1017/datanode-2/data/ratis/d5f59709-eaf8-40d1-9a28-e0b7c1d5c8d3 has been successfully formatted.
2019-10-14 14:42:19,028 [pool-57-thread-1] INFO  storage.RaftStorage (RaftStorage.java:format(72)) - Storage directory /workdir/hadoop-ozone/integration-test/target/test-dir/MiniOzoneClusterImpl-669d0a42-2836-47aa-b55b-95c9a6dd1017/datanode-3/data/ratis/d5f59709-eaf8-40d1-9a28-e0b7c1d5c8d3 has been successfully formatted.
2019-10-14 14:42:19,029 [pool-47-thread-1] INFO  ratis.ContainerStateMachine (ContainerStateMachine.java:loadSnapshot(230)) - group-E0B7C1D5C8D3: The snapshot info is null. Setting the last applied indexto:(t:0, i:~)
2019-10-14 14:42:19,028 [pool-37-thread-1] INFO  storage.RaftStorage (RaftStorage.java:format(72)) - Storage directory /workdir/hadoop-ozone/integration-test/target/test-dir/MiniOzoneClusterImpl-669d0a42-2836-47aa-b55b-95c9a6dd1017/datanode-1/data/ratis/d5f59709-eaf8-40d1-9a28-e0b7c1d5c8d3 has been successfully formatted.
2019-10-14 14:42:19,029 [pool-57-thread-1] INFO  ratis.ContainerStateMachine (ContainerStateMachine.java:loadSnapshot(230)) - group-E0B7C1D5C8D3: The snapshot info is null. Setting the last applied indexto:(t:0, i:~)
2019-10-14 14:42:19,029 [pool-47-thread-1] INFO  server.RaftServerConfigKeys (ConfUtils.java:logGet(43)) - raft.server.notification.no-leader.timeout = 120s (custom)
2019-10-14 14:42:19,029 [pool-57-thread-1] INFO  server.RaftServerConfigKeys (ConfUtils.java:logGet(43)) - raft.server.notification.no-leader.timeout = 120s (custom)
2019-10-14 14:42:19,029 [pool-37-thread-1] INFO  ratis.ContainerStateMachine (ContainerStateMachine.java:loadSnapshot(230)) - group-E0B7C1D5C8D3: The snapshot info is null. Setting the last applied indexto:(t:0, i:~)
2019-10-14 14:42:19,029 [pool-57-thread-1] INFO  server.RaftServerConfigKeys (ConfUtils.java:logGet(43)) - raft.server.log.use.memory = false (default)
2019-10-14 14:42:19,029 [pool-47-thread-1] INFO  server.RaftServerConfigKeys (ConfUtils.java:logGet(43)) - raft.server.log.use.memory = false (default)
2019-10-14 14:42:19,029 [pool-57-thread-1] INFO  server.RaftServerConfigKeys (ConfUtils.java:logGet(43)) - raft.server.log.purge.gap = 1000000 (custom)
2019-10-14 14:42:19,029 [pool-37-thread-1] INFO  server.RaftServerConfigKeys (ConfUtils.java:logGet(43)) - raft.server.notification.no-leader.timeout = 120s (custom)
2019-10-14 14:42:19,030 [pool-57-thread-1] INFO  server.RaftServerConfigKeys (ConfUtils.java:logGet(43)) - raft.server.log.appender.buffer.byte-limit = 33554432 (custom)
2019-10-14 14:42:19,030 [pool-47-thread-1] INFO  server.RaftServerConfigKeys (ConfUtils.java:logGet(43)) - raft.server.log.purge.gap = 1000000 (custom)
2019-10-14 14:42:19,030 [pool-57-thread-1] INFO  server.RaftServerConfigKeys (ConfUtils.java:logGet(43)) - raft.server.log.segment.size.max = 1048576 (custom)
2019-10-14 14:42:19,030 [pool-37-thread-1] INFO  server.RaftServerConfigKeys (ConfUtils.java:logGet(43)) - raft.server.log.use.memory = false (default)
2019-10-14 14:42:19,030 [pool-57-thread-1] INFO  server.RaftServerConfigKeys (ConfUtils.java:logGet(43)) - raft.server.log.segment.cache.num.max = 2 (custom)
2019-10-14 14:42:19,030 [pool-47-thread-1] INFO  server.RaftServerConfigKeys (ConfUtils.java:logGet(43)) - raft.server.log.appender.buffer.byte-limit = 33554432 (custom)
2019-10-14 14:42:19,034 [pool-57-thread-1] INFO  segmented.SegmentedRaftLogWorker (SegmentedRaftLogWorker.java:<init>(172)) - new f9748ec4-5d8a-4dfc-8690-85b8cdac3f5d@group-E0B7C1D5C8D3-SegmentedRaftLogWorker for RaftStorage:Storage Directory /workdir/hadoop-ozone/integration-test/target/test-dir/MiniOzoneClusterImpl-669d0a42-2836-47aa-b55b-95c9a6dd1017/datanode-3/data/ratis/d5f59709-eaf8-40d1-9a28-e0b7c1d5c8d3
2019-10-14 14:42:19,030 [pool-37-thread-1] INFO  server.RaftServerConfigKeys (ConfUtils.java:logGet(43)) - raft.server.log.purge.gap = 1000000 (custom)
2019-10-14 14:42:19,034 [pool-57-thread-1] INFO  server.RaftServerConfigKeys (ConfUtils.java:logGet(43)) - raft.server.log.queue.byte-limit = 2147483647 (custom)
2019-10-14 14:42:19,034 [Thread-240] INFO  impl.RoleInfo (RoleInfo.java:updateAndGet(143)) - 8ca3ec46-7319-4283-b207-b730019dde55: start LeaderElection
2019-10-14 14:42:19,034 [pool-47-thread-1] INFO  server.RaftServerConfigKeys (ConfUtils.java:logGet(43)) - raft.server.log.segment.size.max = 1048576 (custom)
2019-10-14 14:42:19,034 [pool-57-thread-1] INFO  server.RaftServerConfigKeys (ConfUtils.java:logGet(43)) - raft.server.log.queue.element-limit = 1024 (custom)
2019-10-14 14:42:19,034 [pool-37-thread-1] INFO  server.RaftServerConfigKeys (ConfUtils.java:logGet(43)) - raft.server.log.appender.buffer.byte-limit = 33554432 (custom)
2019-10-14 14:42:19,036 [pool-57-thread-1] INFO  server.RaftServerConfigKeys (ConfUtils.java:logGet(43)) - raft.server.log.segment.size.max = 1048576 (custom)
2019-10-14 14:42:19,035 [pool-47-thread-1] INFO  server.RaftServerConfigKeys (ConfUtils.java:logGet(43)) - raft.server.log.segment.cache.num.max = 2 (custom)
2019-10-14 14:42:19,041 [pool-57-thread-1] INFO  server.RaftServerConfigKeys (ConfUtils.java:logGet(43)) - raft.server.log.preallocated.size = 16384 (custom)
2019-10-14 14:42:19,041 [pool-37-thread-1] INFO  server.RaftServerConfigKeys (ConfUtils.java:logGet(43)) - raft.server.log.segment.size.max = 1048576 (custom)
2019-10-14 14:42:19,041 [pool-57-thread-1] INFO  server.RaftServerConfigKeys (ConfUtils.java:logGet(43)) - raft.server.log.write.buffer.size = 33554432 (custom)
2019-10-14 14:42:19,041 [pool-47-thread-1] INFO  segmented.SegmentedRaftLogWorker (SegmentedRaftLogWorker.java:<init>(172)) - new caa892f0-76ff-4c1e-b30f-b7c59842badc@group-E0B7C1D5C8D3-SegmentedRaftLogWorker for RaftStorage:Storage Directory /workdir/hadoop-ozone/integration-test/target/test-dir/MiniOzoneClusterImpl-669d0a42-2836-47aa-b55b-95c9a6dd1017/datanode-2/data/ratis/d5f59709-eaf8-40d1-9a28-e0b7c1d5c8d3
2019-10-14 14:42:19,041 [pool-57-thread-1] INFO  server.RaftServerConfigKeys (ConfUtils.java:logGet(43)) - raft.server.log.force.sync.num = 128 (default)
2019-10-14 14:42:19,041 [pool-37-thread-1] INFO  server.RaftServerConfigKeys (ConfUtils.java:logGet(43)) - raft.server.log.segment.cache.num.max = 2 (custom)
2019-10-14 14:42:19,041 [pool-57-thread-1] INFO  server.RaftServerConfigKeys (ConfUtils.java:logGet(43)) - raft.server.log.statemachine.data.sync = true (default)
2019-10-14 14:42:19,041 [pool-47-thread-1] INFO  server.RaftServerConfigKeys (ConfUtils.java:logGet(43)) - raft.server.log.queue.byte-limit = 2147483647 (custom)
2019-10-14 14:42:19,042 [pool-57-thread-1] INFO  server.RaftServerConfigKeys (ConfUtils.java:logGet(43)) - raft.server.log.statemachine.data.sync.timeout = 10s (default)
2019-10-14 14:42:19,042 [pool-57-thread-1] INFO  server.RaftServerConfigKeys (ConfUtils.java:logGet(43)) - raft.server.log.statemachine.data.sync.timeout.retry = -1 (default)
2019-10-14 14:42:19,042 [pool-37-thread-1] INFO  segmented.SegmentedRaftLogWorker (SegmentedRaftLogWorker.java:<init>(172)) - new 07a15819-e4fc-4072-82ac-b3e77a99d12a@group-E0B7C1D5C8D3-SegmentedRaftLogWorker for RaftStorage:Storage Directory /workdir/hadoop-ozone/integration-test/target/test-dir/MiniOzoneClusterImpl-669d0a42-2836-47aa-b55b-95c9a6dd1017/datanode-1/data/ratis/d5f59709-eaf8-40d1-9a28-e0b7c1d5c8d3
2019-10-14 14:42:19,042 [pool-57-thread-1] INFO  server.RaftServerConfigKeys (ConfUtils.java:logGet(43)) - raft.server.log.statemachine.data.caching.enabled = true (custom)
2019-10-14 14:42:19,042 [pool-47-thread-1] INFO  server.RaftServerConfigKeys (ConfUtils.java:logGet(43)) - raft.server.log.queue.element-limit = 1024 (custom)
2019-10-14 14:42:19,042 [pool-37-thread-1] INFO  server.RaftServerConfigKeys (ConfUtils.java:logGet(43)) - raft.server.log.queue.byte-limit = 2147483647 (custom)
2019-10-14 14:42:19,043 [pool-47-thread-1] INFO  server.RaftServerConfigKeys (ConfUtils.java:logGet(43)) - raft.server.log.segment.size.max = 1048576 (custom)
2019-10-14 14:42:19,043 [pool-37-thread-1] INFO  server.RaftServerConfigKeys (ConfUtils.java:logGet(43)) - raft.server.log.queue.element-limit = 1024 (custom)
2019-10-14 14:42:19,043 [pool-57-thread-1] INFO  segmented.SegmentedRaftLogWorker (SegmentedRaftLogWorker.java:lambda$new$0(132)) - f9748ec4-5d8a-4dfc-8690-85b8cdac3f5d@group-E0B7C1D5C8D3-SegmentedRaftLogWorker: flushIndex: setUnconditionally 0 -> -1
2019-10-14 14:42:19,043 [pool-37-thread-1] INFO  server.RaftServerConfigKeys (ConfUtils.java:logGet(43)) - raft.server.log.segment.size.max = 1048576 (custom)
2019-10-14 14:42:19,043 [pool-37-thread-1] INFO  server.RaftServerConfigKeys (ConfUtils.java:logGet(43)) - raft.server.log.preallocated.size = 16384 (custom)
2019-10-14 14:42:19,043 [pool-47-thread-1] INFO  server.RaftServerConfigKeys (ConfUtils.java:logGet(43)) - raft.server.log.preallocated.size = 16384 (custom)
2019-10-14 14:42:19,043 [pool-57-thread-1] INFO  server.RaftServerConfigKeys (ConfUtils.java:logGet(43)) - raft.server.snapshot.auto.trigger.enabled = true (custom)
2019-10-14 14:42:19,043 [pool-37-thread-1] INFO  server.RaftServerConfigKeys (ConfUtils.java:logGet(43)) - raft.server.log.write.buffer.size = 33554432 (custom)
2019-10-14 14:42:19,044 [pool-57-thread-1] INFO  server.RaftServerConfigKeys (ConfUtils.java:logGet(43)) - raft.server.snapshot.auto.trigger.threshold = 10000 (custom)
2019-10-14 14:42:19,043 [pool-47-thread-1] INFO  server.RaftServerConfigKeys (ConfUtils.java:logGet(43)) - raft.server.log.write.buffer.size = 33554432 (custom)
2019-10-14 14:42:19,044 [pool-57-thread-1] INFO  server.RaftServerConfigKeys (ConfUtils.java:logGet(43)) - raft.server.snapshot.retention.num.files = 5 (custom)
2019-10-14 14:42:19,044 [pool-37-thread-1] INFO  server.RaftServerConfigKeys (ConfUtils.java:logGet(43)) - raft.server.log.force.sync.num = 128 (default)
2019-10-14 14:42:19,044 [pool-57-thread-1] INFO  server.RaftServerConfigKeys (ConfUtils.java:logGet(43)) - raft.server.retrycache.expirytime = 600000ms (custom)
2019-10-14 14:42:19,044 [pool-47-thread-1] INFO  server.RaftServerConfigKeys (ConfUtils.java:logGet(43)) - raft.server.log.force.sync.num = 128 (default)
2019-10-14 14:42:19,044 [pool-37-thread-1] INFO  server.RaftServerConfigKeys (ConfUtils.java:logGet(43)) - raft.server.log.statemachine.data.sync = true (default)
2019-10-14 14:42:19,044 [pool-47-thread-1] INFO  server.RaftServerConfigKeys (ConfUtils.java:logGet(43)) - raft.server.log.statemachine.data.sync = true (default)
2019-10-14 14:42:19,044 [pool-37-thread-1] INFO  server.RaftServerConfigKeys (ConfUtils.java:logGet(43)) - raft.server.log.statemachine.data.sync.timeout = 10s (default)
2019-10-14 14:42:19,045 [pool-47-thread-1] INFO  server.RaftServerConfigKeys (ConfUtils.java:logGet(43)) - raft.server.log.statemachine.data.sync.timeout = 10s (default)
2019-10-14 14:42:19,045 [pool-37-thread-1] INFO  server.RaftServerConfigKeys (ConfUtils.java:logGet(43)) - raft.server.log.statemachine.data.sync.timeout.retry = -1 (default)
2019-10-14 14:42:19,045 [pool-47-thread-1] INFO  server.RaftServerConfigKeys (ConfUtils.java:logGet(43)) - raft.server.log.statemachine.data.sync.timeout.retry = -1 (default)
2019-10-14 14:42:19,045 [pool-37-thread-1] INFO  server.RaftServerConfigKeys (ConfUtils.java:logGet(43)) - raft.server.log.statemachine.data.caching.enabled = true (custom)
2019-10-14 14:42:19,045 [pool-47-thread-1] INFO  server.RaftServerConfigKeys (ConfUtils.java:logGet(43)) - raft.server.log.statemachine.data.caching.enabled = true (custom)
2019-10-14 14:42:19,045 [pool-37-thread-1] INFO  segmented.SegmentedRaftLogWorker (SegmentedRaftLogWorker.java:lambda$new$0(132)) - 07a15819-e4fc-4072-82ac-b3e77a99d12a@group-E0B7C1D5C8D3-SegmentedRaftLogWorker: flushIndex: setUnconditionally 0 -> -1
2019-10-14 14:42:19,045 [pool-47-thread-1] INFO  segmented.SegmentedRaftLogWorker (SegmentedRaftLogWorker.java:lambda$new$0(132)) - caa892f0-76ff-4c1e-b30f-b7c59842badc@group-E0B7C1D5C8D3-SegmentedRaftLogWorker: flushIndex: setUnconditionally 0 -> -1
2019-10-14 14:42:19,046 [pool-37-thread-1] INFO  server.RaftServerConfigKeys (ConfUtils.java:logGet(43)) - raft.server.snapshot.auto.trigger.enabled = true (custom)
2019-10-14 14:42:19,046 [pool-37-thread-1] INFO  server.RaftServerConfigKeys (ConfUtils.java:logGet(43)) - raft.server.snapshot.auto.trigger.threshold = 10000 (custom)
2019-10-14 14:42:19,046 [pool-47-thread-1] INFO  server.RaftServerConfigKeys (ConfUtils.java:logGet(43)) - raft.server.snapshot.auto.trigger.enabled = true (custom)
2019-10-14 14:42:19,046 [pool-37-thread-1] INFO  server.RaftServerConfigKeys (ConfUtils.java:logGet(43)) - raft.server.snapshot.retention.num.files = 5 (custom)
2019-10-14 14:42:19,046 [pool-47-thread-1] INFO  server.RaftServerConfigKeys (ConfUtils.java:logGet(43)) - raft.server.snapshot.auto.trigger.threshold = 10000 (custom)
2019-10-14 14:42:19,046 [pool-37-thread-1] INFO  server.RaftServerConfigKeys (ConfUtils.java:logGet(43)) - raft.server.retrycache.expirytime = 600000ms (custom)
2019-10-14 14:42:19,046 [pool-47-thread-1] INFO  server.RaftServerConfigKeys (ConfUtils.java:logGet(43)) - raft.server.snapshot.retention.num.files = 5 (custom)
2019-10-14 14:42:19,046 [pool-47-thread-1] INFO  server.RaftServerConfigKeys (ConfUtils.java:logGet(43)) - raft.server.retrycache.expirytime = 600000ms (custom)
2019-10-14 14:42:19,047 [pool-57-thread-1] INFO  impl.RaftServerImpl (RaftServerImpl.java:start(185)) - f9748ec4-5d8a-4dfc-8690-85b8cdac3f5d@group-E0B7C1D5C8D3: start as a follower, conf=-1: [07a15819-e4fc-4072-82ac-b3e77a99d12a:192.168.5.159:45599, f9748ec4-5d8a-4dfc-8690-85b8cdac3f5d:192.168.5.159:44598, caa892f0-76ff-4c1e-b30f-b7c59842badc:192.168.5.159:39406], old=null
2019-10-14 14:42:19,047 [pool-57-thread-1] INFO  impl.RaftServerImpl (RaftServerImpl.java:setRole(174)) - f9748ec4-5d8a-4dfc-8690-85b8cdac3f5d@group-E0B7C1D5C8D3: changes role from      null to FOLLOWER at term 0 for startAsFollower
2019-10-14 14:42:19,047 [pool-57-thread-1] INFO  impl.RoleInfo (RoleInfo.java:updateAndGet(143)) - f9748ec4-5d8a-4dfc-8690-85b8cdac3f5d: start FollowerState
2019-10-14 14:42:19,057 [pool-57-thread-1] INFO  util.JmxRegister (JmxRegister.java:tryRegister(44)) - Successfully registered JMX Bean with object name Ratis:service=RaftServer,group=group-E0B7C1D5C8D3,id=f9748ec4-5d8a-4dfc-8690-85b8cdac3f5d
2019-10-14 14:42:19,057 [8ca3ec46-7319-4283-b207-b730019dde55@group-2502542E7A07:LeaderElection1] INFO  impl.LeaderElection (LeaderElection.java:askForVotes(182)) - 8ca3ec46-7319-4283-b207-b730019dde55@group-2502542E7A07:LeaderElection1: begin an election at term 1 for -1: [8ca3ec46-7319-4283-b207-b730019dde55:192.168.5.159:46312], old=null
2019-10-14 14:42:19,064 [pool-37-thread-1] INFO  impl.RaftServerImpl (RaftServerImpl.java:start(185)) - 07a15819-e4fc-4072-82ac-b3e77a99d12a@group-E0B7C1D5C8D3: start as a follower, conf=-1: [07a15819-e4fc-4072-82ac-b3e77a99d12a:192.168.5.159:45599, f9748ec4-5d8a-4dfc-8690-85b8cdac3f5d:192.168.5.159:44598, caa892f0-76ff-4c1e-b30f-b7c59842badc:192.168.5.159:39406], old=null
2019-10-14 14:42:19,064 [pool-37-thread-1] INFO  impl.RaftServerImpl (RaftServerImpl.java:setRole(174)) - 07a15819-e4fc-4072-82ac-b3e77a99d12a@group-E0B7C1D5C8D3: changes role from      null to FOLLOWER at term 0 for startAsFollower
2019-10-14 14:42:19,064 [pool-47-thread-1] INFO  impl.RaftServerImpl (RaftServerImpl.java:start(185)) - caa892f0-76ff-4c1e-b30f-b7c59842badc@group-E0B7C1D5C8D3: start as a follower, conf=-1: [07a15819-e4fc-4072-82ac-b3e77a99d12a:192.168.5.159:45599, f9748ec4-5d8a-4dfc-8690-85b8cdac3f5d:192.168.5.159:44598, caa892f0-76ff-4c1e-b30f-b7c59842badc:192.168.5.159:39406], old=null
2019-10-14 14:42:19,064 [pool-37-thread-1] INFO  impl.RoleInfo (RoleInfo.java:updateAndGet(143)) - 07a15819-e4fc-4072-82ac-b3e77a99d12a: start FollowerState
2019-10-14 14:42:19,064 [pool-47-thread-1] INFO  impl.RaftServerImpl (RaftServerImpl.java:setRole(174)) - caa892f0-76ff-4c1e-b30f-b7c59842badc@group-E0B7C1D5C8D3: changes role from      null to FOLLOWER at term 0 for startAsFollower
2019-10-14 14:42:19,065 [pool-47-thread-1] INFO  impl.RoleInfo (RoleInfo.java:updateAndGet(143)) - caa892f0-76ff-4c1e-b30f-b7c59842badc: start FollowerState
2019-10-14 14:42:19,065 [8ca3ec46-7319-4283-b207-b730019dde55@group-2502542E7A07:LeaderElection1] INFO  impl.RoleInfo (RoleInfo.java:shutdownLeaderElection(134)) - 8ca3ec46-7319-4283-b207-b730019dde55: shutdown LeaderElection
2019-10-14 14:42:19,065 [pool-37-thread-1] INFO  util.JmxRegister (JmxRegister.java:tryRegister(44)) - Successfully registered JMX Bean with object name Ratis:service=RaftServer,group=group-E0B7C1D5C8D3,id=07a15819-e4fc-4072-82ac-b3e77a99d12a
2019-10-14 14:42:19,065 [pool-47-thread-1] INFO  util.JmxRegister (JmxRegister.java:tryRegister(44)) - Successfully registered JMX Bean with object name Ratis:service=RaftServer,group=group-E0B7C1D5C8D3,id=caa892f0-76ff-4c1e-b30f-b7c59842badc
2019-10-14 14:42:19,065 [8ca3ec46-7319-4283-b207-b730019dde55@group-2502542E7A07:LeaderElection1] INFO  impl.RaftServerImpl (RaftServerImpl.java:setRole(174)) - 8ca3ec46-7319-4283-b207-b730019dde55@group-2502542E7A07: changes role from CANDIDATE to LEADER at term 1 for changeToLeader
2019-10-14 14:42:19,067 [8ca3ec46-7319-4283-b207-b730019dde55@group-2502542E7A07:LeaderElection1] INFO  impl.RaftServerImpl (ServerState.java:setLeader(253)) - 8ca3ec46-7319-4283-b207-b730019dde55@group-2502542E7A07: change Leader from null to 8ca3ec46-7319-4283-b207-b730019dde55 at term 1 for becomeLeader, leader elected after 1195ms
2019-10-14 14:42:19,081 [RatisPipelineUtilsThread] INFO  pipeline.PipelineStateManager (PipelineStateManager.java:addPipeline(56)) - Created pipeline Pipeline[ Id: d5f59709-eaf8-40d1-9a28-e0b7c1d5c8d3, Nodes: 07a15819-e4fc-4072-82ac-b3e77a99d12a{ip: 192.168.5.159, host: pr-hdds-1569-fwkxq-874464227, networkLocation: /default-rack, certSerialId: null}caa892f0-76ff-4c1e-b30f-b7c59842badc{ip: 192.168.5.159, host: pr-hdds-1569-fwkxq-874464227, networkLocation: /default-rack, certSerialId: null}f9748ec4-5d8a-4dfc-8690-85b8cdac3f5d{ip: 192.168.5.159, host: pr-hdds-1569-fwkxq-874464227, networkLocation: /default-rack, certSerialId: null}, Type:RATIS, Factor:THREE, State:OPEN]
2019-10-14 14:42:19,082 [RatisPipelineUtilsThread] INFO  pipeline.PipelinePlacementPolicy (PipelinePlacementPolicy.java:meetCriteria(104)) - Pipeline Placement: can't place more pipeline on heavy datanode： 8ca3ec46-7319-4283-b207-b730019dde55 Heaviness: 5 limit: 5
2019-10-14 14:42:19,082 [RatisPipelineUtilsThread] INFO  pipeline.PipelinePlacementPolicy (PipelinePlacementPolicy.java:meetCriteria(104)) - Pipeline Placement: can't place more pipeline on heavy datanode： b63a5968-b034-497d-a723-e18a7363a3f1 Heaviness: 5 limit: 5
2019-10-14 14:42:19,084 [8ca3ec46-7319-4283-b207-b730019dde55@group-2502542E7A07:LeaderElection1] INFO  server.RaftServerConfigKeys (ConfUtils.java:logGet(43)) - raft.server.staging.catchup.gap = 1000 (default)
2019-10-14 14:42:19,085 [RatisPipelineUtilsThread] INFO  pipeline.PipelinePlacementPolicy (PipelinePlacementPolicy.java:meetCriteria(104)) - Pipeline Placement: can't place more pipeline on heavy datanode： 9a6c87f6-096e-4769-9132-289fb1aab8c2 Heaviness: 5 limit: 5
2019-10-14 14:42:19,085 [8ca3ec46-7319-4283-b207-b730019dde55@group-2502542E7A07:LeaderElection1] INFO  server.RaftServerConfigKeys (ConfUtils.java:logGet(43)) - raft.server.rpc.sleep.time = 25ms (default)
2019-10-14 14:42:19,093 [8ca3ec46-7319-4283-b207-b730019dde55@group-2502542E7A07:LeaderElection1] INFO  server.RaftServerConfigKeys (ConfUtils.java:logGet(43)) - raft.server.write.element-limit = 4096 (default)
2019-10-14 14:42:19,097 [8ca3ec46-7319-4283-b207-b730019dde55@group-2502542E7A07:LeaderElection1] INFO  server.RaftServerConfigKeys (ConfUtils.java:logGet(43)) - raft.server.watch.timeout = 10s (default)
2019-10-14 14:42:19,097 [8ca3ec46-7319-4283-b207-b730019dde55@group-2502542E7A07:LeaderElection1] INFO  server.RaftServerConfigKeys (ConfUtils.java:logGet(43)) - raft.server.watch.timeout.denomination = 1s (default)
2019-10-14 14:42:19,098 [8ca3ec46-7319-4283-b207-b730019dde55@group-2502542E7A07:LeaderElection1] INFO  server.RaftServerConfigKeys (ConfUtils.java:logGet(43)) - raft.server.watch.element-limit = 65536 (default)
2019-10-14 14:42:19,101 [grpc-default-executor-0] INFO  impl.RaftServerProxy (RaftServerProxy.java:addNew(89)) - f9748ec4-5d8a-4dfc-8690-85b8cdac3f5d: addNew group-026CFA11C8A1:[07a15819-e4fc-4072-82ac-b3e77a99d12a:192.168.5.159:45599, f9748ec4-5d8a-4dfc-8690-85b8cdac3f5d:192.168.5.159:44598, caa892f0-76ff-4c1e-b30f-b7c59842badc:192.168.5.159:39406] returns group-026CFA11C8A1:java.util.concurrent.CompletableFuture@1523ee0c[Not completed]
2019-10-14 14:42:19,101 [grpc-default-executor-2] INFO  impl.RaftServerProxy (RaftServerProxy.java:addNew(89)) - 07a15819-e4fc-4072-82ac-b3e77a99d12a: addNew group-026CFA11C8A1:[07a15819-e4fc-4072-82ac-b3e77a99d12a:192.168.5.159:45599, f9748ec4-5d8a-4dfc-8690-85b8cdac3f5d:192.168.5.159:44598, caa892f0-76ff-4c1e-b30f-b7c59842badc:192.168.5.159:39406] returns group-026CFA11C8A1:java.util.concurrent.CompletableFuture@456a2a4c[Not completed]
2019-10-14 14:42:19,103 [grpc-default-executor-2] INFO  impl.RaftServerProxy (RaftServerProxy.java:addNew(89)) - caa892f0-76ff-4c1e-b30f-b7c59842badc: addNew group-026CFA11C8A1:[07a15819-e4fc-4072-82ac-b3e77a99d12a:192.168.5.159:45599, f9748ec4-5d8a-4dfc-8690-85b8cdac3f5d:192.168.5.159:44598, caa892f0-76ff-4c1e-b30f-b7c59842badc:192.168.5.159:39406] returns group-026CFA11C8A1:java.util.concurrent.CompletableFuture@5c55a9b7[Not completed]
2019-10-14 14:42:19,106 [pool-37-thread-1] INFO  impl.RaftServerImpl (RaftServerImpl.java:<init>(95)) - 07a15819-e4fc-4072-82ac-b3e77a99d12a: new RaftServerImpl for group-026CFA11C8A1:[07a15819-e4fc-4072-82ac-b3e77a99d12a:192.168.5.159:45599, f9748ec4-5d8a-4dfc-8690-85b8cdac3f5d:192.168.5.159:44598, caa892f0-76ff-4c1e-b30f-b7c59842badc:192.168.5.159:39406] with ContainerStateMachine:uninitialized
2019-10-14 14:42:19,106 [pool-37-thread-1] INFO  server.RaftServerConfigKeys (ConfUtils.java:logGet(43)) - raft.server.rpc.timeout.min = 1s (custom)
2019-10-14 14:42:19,106 [pool-37-thread-1] INFO  server.RaftServerConfigKeys (ConfUtils.java:logGet(43)) - raft.server.rpc.timeout.max = 1200ms (custom)
2019-10-14 14:42:19,106 [pool-37-thread-1] INFO  server.RaftServerConfigKeys (ConfUtils.java:logGet(43)) - raft.server.rpcslowness.timeout = 120s (custom)
2019-10-14 14:42:19,106 [pool-37-thread-1] INFO  server.RaftServerConfigKeys (ConfUtils.java:logGet(43)) - raft.server.sleep.deviation.threshold = 300 (default)
2019-10-14 14:42:19,107 [pool-37-thread-1] INFO  server.RaftServerConfigKeys (ConfUtils.java:logGet(43)) - raft.server.log.appender.install.snapshot.enabled = false (custom)
2019-10-14 14:42:19,107 [pool-37-thread-1] INFO  impl.RaftServerImpl (ServerState.java:<init>(103)) - 07a15819-e4fc-4072-82ac-b3e77a99d12a@group-026CFA11C8A1: ConfigurationManager, init=-1: [07a15819-e4fc-4072-82ac-b3e77a99d12a:192.168.5.159:45599, f9748ec4-5d8a-4dfc-8690-85b8cdac3f5d:192.168.5.159:44598, caa892f0-76ff-4c1e-b30f-b7c59842badc:192.168.5.159:39406], old=null, confs=<EMPTY_MAP>
2019-10-14 14:42:19,107 [pool-47-thread-1] INFO  impl.RaftServerImpl (RaftServerImpl.java:<init>(95)) - caa892f0-76ff-4c1e-b30f-b7c59842badc: new RaftServerImpl for group-026CFA11C8A1:[07a15819-e4fc-4072-82ac-b3e77a99d12a:192.168.5.159:45599, f9748ec4-5d8a-4dfc-8690-85b8cdac3f5d:192.168.5.159:44598, caa892f0-76ff-4c1e-b30f-b7c59842badc:192.168.5.159:39406] with ContainerStateMachine:uninitialized
2019-10-14 14:42:19,107 [pool-37-thread-1] INFO  server.RaftServerConfigKeys (ConfUtils.java:logGet(43)) - raft.server.storage.dir = [/workdir/hadoop-ozone/integration-test/target/test-dir/MiniOzoneClusterImpl-669d0a42-2836-47aa-b55b-95c9a6dd1017/datanode-1/data/ratis] (custom)
2019-10-14 14:42:19,107 [pool-47-thread-1] INFO  server.RaftServerConfigKeys (ConfUtils.java:logGet(43)) - raft.server.rpc.timeout.min = 1s (custom)
2019-10-14 14:42:19,107 [pool-47-thread-1] INFO  server.RaftServerConfigKeys (ConfUtils.java:logGet(43)) - raft.server.rpc.timeout.max = 1200ms (custom)
2019-10-14 14:42:19,107 [pool-37-thread-1] INFO  storage.RaftStorageDirectory (RaftStorageDirectory.java:analyzeStorage(246)) - The storage directory /workdir/hadoop-ozone/integration-test/target/test-dir/MiniOzoneClusterImpl-669d0a42-2836-47aa-b55b-95c9a6dd1017/datanode-1/data/ratis/206cc71b-1139-4967-bb05-026cfa11c8a1 does not exist. Creating ...
2019-10-14 14:42:19,107 [pool-47-thread-1] INFO  server.RaftServerConfigKeys (ConfUtils.java:logGet(43)) - raft.server.rpcslowness.timeout = 120s (custom)
2019-10-14 14:42:19,107 [pool-47-thread-1] INFO  server.RaftServerConfigKeys (ConfUtils.java:logGet(43)) - raft.server.sleep.deviation.threshold = 300 (default)
2019-10-14 14:42:19,108 [pool-47-thread-1] INFO  server.RaftServerConfigKeys (ConfUtils.java:logGet(43)) - raft.server.log.appender.install.snapshot.enabled = false (custom)
2019-10-14 14:42:19,108 [pool-47-thread-1] INFO  impl.RaftServerImpl (ServerState.java:<init>(103)) - caa892f0-76ff-4c1e-b30f-b7c59842badc@group-026CFA11C8A1: ConfigurationManager, init=-1: [07a15819-e4fc-4072-82ac-b3e77a99d12a:192.168.5.159:45599, f9748ec4-5d8a-4dfc-8690-85b8cdac3f5d:192.168.5.159:44598, caa892f0-76ff-4c1e-b30f-b7c59842badc:192.168.5.159:39406], old=null, confs=<EMPTY_MAP>
2019-10-14 14:42:19,108 [pool-47-thread-1] INFO  server.RaftServerConfigKeys (ConfUtils.java:logGet(43)) - raft.server.storage.dir = [/workdir/hadoop-ozone/integration-test/target/test-dir/MiniOzoneClusterImpl-669d0a42-2836-47aa-b55b-95c9a6dd1017/datanode-2/data/ratis] (custom)
2019-10-14 14:42:19,108 [pool-57-thread-1] INFO  impl.RaftServerImpl (RaftServerImpl.java:<init>(95)) - f9748ec4-5d8a-4dfc-8690-85b8cdac3f5d: new RaftServerImpl for group-026CFA11C8A1:[07a15819-e4fc-4072-82ac-b3e77a99d12a:192.168.5.159:45599, f9748ec4-5d8a-4dfc-8690-85b8cdac3f5d:192.168.5.159:44598, caa892f0-76ff-4c1e-b30f-b7c59842badc:192.168.5.159:39406] with ContainerStateMachine:uninitialized
2019-10-14 14:42:19,110 [pool-47-thread-1] INFO  storage.RaftStorageDirectory (RaftStorageDirectory.java:analyzeStorage(246)) - The storage directory /workdir/hadoop-ozone/integration-test/target/test-dir/MiniOzoneClusterImpl-669d0a42-2836-47aa-b55b-95c9a6dd1017/datanode-2/data/ratis/206cc71b-1139-4967-bb05-026cfa11c8a1 does not exist. Creating ...
2019-10-14 14:42:19,110 [pool-57-thread-1] INFO  server.RaftServerConfigKeys (ConfUtils.java:logGet(43)) - raft.server.rpc.timeout.min = 1s (custom)
2019-10-14 14:42:19,110 [pool-57-thread-1] INFO  server.RaftServerConfigKeys (ConfUtils.java:logGet(43)) - raft.server.rpc.timeout.max = 1200ms (custom)
2019-10-14 14:42:19,110 [pool-57-thread-1] INFO  server.RaftServerConfigKeys (ConfUtils.java:logGet(43)) - raft.server.rpcslowness.timeout = 120s (custom)
2019-10-14 14:42:19,110 [pool-57-thread-1] INFO  server.RaftServerConfigKeys (ConfUtils.java:logGet(43)) - raft.server.sleep.deviation.threshold = 300 (default)
2019-10-14 14:42:19,110 [pool-57-thread-1] INFO  server.RaftServerConfigKeys (ConfUtils.java:logGet(43)) - raft.server.log.appender.install.snapshot.enabled = false (custom)
2019-10-14 14:42:19,110 [pool-57-thread-1] INFO  impl.RaftServerImpl (ServerState.java:<init>(103)) - f9748ec4-5d8a-4dfc-8690-85b8cdac3f5d@group-026CFA11C8A1: ConfigurationManager, init=-1: [07a15819-e4fc-4072-82ac-b3e77a99d12a:192.168.5.159:45599, f9748ec4-5d8a-4dfc-8690-85b8cdac3f5d:192.168.5.159:44598, caa892f0-76ff-4c1e-b30f-b7c59842badc:192.168.5.159:39406], old=null, confs=<EMPTY_MAP>
2019-10-14 14:42:19,111 [pool-57-thread-1] INFO  server.RaftServerConfigKeys (ConfUtils.java:logGet(43)) - raft.server.storage.dir = [/workdir/hadoop-ozone/integration-test/target/test-dir/MiniOzoneClusterImpl-669d0a42-2836-47aa-b55b-95c9a6dd1017/datanode-3/data/ratis] (custom)
2019-10-14 14:42:19,111 [pool-57-thread-1] INFO  storage.RaftStorageDirectory (RaftStorageDirectory.java:analyzeStorage(246)) - The storage directory /workdir/hadoop-ozone/integration-test/target/test-dir/MiniOzoneClusterImpl-669d0a42-2836-47aa-b55b-95c9a6dd1017/datanode-3/data/ratis/206cc71b-1139-4967-bb05-026cfa11c8a1 does not exist. Creating ...
2019-10-14 14:42:19,116 [8ca3ec46-7319-4283-b207-b730019dde55@group-2502542E7A07:LeaderElection1] INFO  impl.RoleInfo (RoleInfo.java:updateAndGet(143)) - 8ca3ec46-7319-4283-b207-b730019dde55: start LeaderState
2019-10-14 14:42:19,121 [pool-47-thread-1] INFO  storage.RaftStorageDirectory (RaftStorageDirectory.java:tryLock(328)) - Lock on /workdir/hadoop-ozone/integration-test/target/test-dir/MiniOzoneClusterImpl-669d0a42-2836-47aa-b55b-95c9a6dd1017/datanode-2/data/ratis/206cc71b-1139-4967-bb05-026cfa11c8a1/in_use.lock acquired by nodename 25093@pr-hdds-1569-fwkxq-874464227
2019-10-14 14:42:19,121 [pool-57-thread-1] INFO  storage.RaftStorageDirectory (RaftStorageDirectory.java:tryLock(328)) - Lock on /workdir/hadoop-ozone/integration-test/target/test-dir/MiniOzoneClusterImpl-669d0a42-2836-47aa-b55b-95c9a6dd1017/datanode-3/data/ratis/206cc71b-1139-4967-bb05-026cfa11c8a1/in_use.lock acquired by nodename 25093@pr-hdds-1569-fwkxq-874464227
2019-10-14 14:42:19,121 [pool-37-thread-1] INFO  storage.RaftStorageDirectory (RaftStorageDirectory.java:tryLock(328)) - Lock on /workdir/hadoop-ozone/integration-test/target/test-dir/MiniOzoneClusterImpl-669d0a42-2836-47aa-b55b-95c9a6dd1017/datanode-1/data/ratis/206cc71b-1139-4967-bb05-026cfa11c8a1/in_use.lock acquired by nodename 25093@pr-hdds-1569-fwkxq-874464227
2019-10-14 14:42:19,135 [pool-37-thread-1] INFO  storage.RaftStorage (RaftStorage.java:format(72)) - Storage directory /workdir/hadoop-ozone/integration-test/target/test-dir/MiniOzoneClusterImpl-669d0a42-2836-47aa-b55b-95c9a6dd1017/datanode-1/data/ratis/206cc71b-1139-4967-bb05-026cfa11c8a1 has been successfully formatted.
2019-10-14 14:42:19,135 [pool-57-thread-1] INFO  storage.RaftStorage (RaftStorage.java:format(72)) - Storage directory /workdir/hadoop-ozone/integration-test/target/test-dir/MiniOzoneClusterImpl-669d0a42-2836-47aa-b55b-95c9a6dd1017/datanode-3/data/ratis/206cc71b-1139-4967-bb05-026cfa11c8a1 has been successfully formatted.
2019-10-14 14:42:19,135 [pool-47-thread-1] INFO  storage.RaftStorage (RaftStorage.java:format(72)) - Storage directory /workdir/hadoop-ozone/integration-test/target/test-dir/MiniOzoneClusterImpl-669d0a42-2836-47aa-b55b-95c9a6dd1017/datanode-2/data/ratis/206cc71b-1139-4967-bb05-026cfa11c8a1 has been successfully formatted.
2019-10-14 14:42:19,135 [pool-37-thread-1] INFO  ratis.ContainerStateMachine (ContainerStateMachine.java:loadSnapshot(230)) - group-026CFA11C8A1: The snapshot info is null. Setting the last applied indexto:(t:0, i:~)
2019-10-14 14:42:19,135 [pool-57-thread-1] INFO  ratis.ContainerStateMachine (ContainerStateMachine.java:loadSnapshot(230)) - group-026CFA11C8A1: The snapshot info is null. Setting the last applied indexto:(t:0, i:~)
2019-10-14 14:42:19,135 [pool-37-thread-1] INFO  server.RaftServerConfigKeys (ConfUtils.java:logGet(43)) - raft.server.notification.no-leader.timeout = 120s (custom)
2019-10-14 14:42:19,135 [pool-47-thread-1] INFO  ratis.ContainerStateMachine (ContainerStateMachine.java:loadSnapshot(230)) - group-026CFA11C8A1: The snapshot info is null. Setting the last applied indexto:(t:0, i:~)
2019-10-14 14:42:19,135 [pool-37-thread-1] INFO  server.RaftServerConfigKeys (ConfUtils.java:logGet(43)) - raft.server.log.use.memory = false (default)
2019-10-14 14:42:19,135 [pool-57-thread-1] INFO  server.RaftServerConfigKeys (ConfUtils.java:logGet(43)) - raft.server.notification.no-leader.timeout = 120s (custom)
2019-10-14 14:42:19,135 [pool-37-thread-1] INFO  server.RaftServerConfigKeys (ConfUtils.java:logGet(43)) - raft.server.log.purge.gap = 1000000 (custom)
2019-10-14 14:42:19,135 [pool-47-thread-1] INFO  server.RaftServerConfigKeys (ConfUtils.java:logGet(43)) - raft.server.notification.no-leader.timeout = 120s (custom)
2019-10-14 14:42:19,136 [pool-37-thread-1] INFO  server.RaftServerConfigKeys (ConfUtils.java:logGet(43)) - raft.server.log.appender.buffer.byte-limit = 33554432 (custom)
2019-10-14 14:42:19,135 [pool-57-thread-1] INFO  server.RaftServerConfigKeys (ConfUtils.java:logGet(43)) - raft.server.log.use.memory = false (default)
2019-10-14 14:42:19,136 [pool-37-thread-1] INFO  server.RaftServerConfigKeys (ConfUtils.java:logGet(43)) - raft.server.log.segment.size.max = 1048576 (custom)
2019-10-14 14:42:19,136 [pool-47-thread-1] INFO  server.RaftServerConfigKeys (ConfUtils.java:logGet(43)) - raft.server.log.use.memory = false (default)
2019-10-14 14:42:19,136 [pool-37-thread-1] INFO  server.RaftServerConfigKeys (ConfUtils.java:logGet(43)) - raft.server.log.segment.cache.num.max = 2 (custom)
2019-10-14 14:42:19,136 [pool-57-thread-1] INFO  server.RaftServerConfigKeys (ConfUtils.java:logGet(43)) - raft.server.log.purge.gap = 1000000 (custom)
2019-10-14 14:42:19,136 [pool-37-thread-1] INFO  segmented.SegmentedRaftLogWorker (SegmentedRaftLogWorker.java:<init>(172)) - new 07a15819-e4fc-4072-82ac-b3e77a99d12a@group-026CFA11C8A1-SegmentedRaftLogWorker for RaftStorage:Storage Directory /workdir/hadoop-ozone/integration-test/target/test-dir/MiniOzoneClusterImpl-669d0a42-2836-47aa-b55b-95c9a6dd1017/datanode-1/data/ratis/206cc71b-1139-4967-bb05-026cfa11c8a1
2019-10-14 14:42:19,136 [pool-47-thread-1] INFO  server.RaftServerConfigKeys (ConfUtils.java:logGet(43)) - raft.server.log.purge.gap = 1000000 (custom)
2019-10-14 14:42:19,140 [pool-37-thread-1] INFO  server.RaftServerConfigKeys (ConfUtils.java:logGet(43)) - raft.server.log.queue.byte-limit = 2147483647 (custom)
2019-10-14 14:42:19,140 [pool-57-thread-1] INFO  server.RaftServerConfigKeys (ConfUtils.java:logGet(43)) - raft.server.log.appender.buffer.byte-limit = 33554432 (custom)
2019-10-14 14:42:19,140 [pool-37-thread-1] INFO  server.RaftServerConfigKeys (ConfUtils.java:logGet(43)) - raft.server.log.queue.element-limit = 1024 (custom)
2019-10-14 14:42:19,140 [pool-47-thread-1] INFO  server.RaftServerConfigKeys (ConfUtils.java:logGet(43)) - raft.server.log.appender.buffer.byte-limit = 33554432 (custom)
2019-10-14 14:42:19,141 [pool-37-thread-1] INFO  server.RaftServerConfigKeys (ConfUtils.java:logGet(43)) - raft.server.log.segment.size.max = 1048576 (custom)
2019-10-14 14:42:19,141 [pool-37-thread-1] INFO  server.RaftServerConfigKeys (ConfUtils.java:logGet(43)) - raft.server.log.preallocated.size = 16384 (custom)
2019-10-14 14:42:19,140 [pool-57-thread-1] INFO  server.RaftServerConfigKeys (ConfUtils.java:logGet(43)) - raft.server.log.segment.size.max = 1048576 (custom)
2019-10-14 14:42:19,141 [pool-37-thread-1] INFO  server.RaftServerConfigKeys (ConfUtils.java:logGet(43)) - raft.server.log.write.buffer.size = 33554432 (custom)
2019-10-14 14:42:19,141 [pool-47-thread-1] INFO  server.RaftServerConfigKeys (ConfUtils.java:logGet(43)) - raft.server.log.segment.size.max = 1048576 (custom)
2019-10-14 14:42:19,141 [8ca3ec46-7319-4283-b207-b730019dde55@group-2502542E7A07:LeaderElection1] INFO  segmented.SegmentedRaftLogWorker (SegmentedRaftLogWorker.java:startLogSegment(380)) - 8ca3ec46-7319-4283-b207-b730019dde55@group-2502542E7A07-SegmentedRaftLogWorker: Starting segment from index:0
2019-10-14 14:42:19,141 [pool-37-thread-1] INFO  server.RaftServerConfigKeys (ConfUtils.java:logGet(43)) - raft.server.log.force.sync.num = 128 (default)
2019-10-14 14:42:19,142 [pool-37-thread-1] INFO  server.RaftServerConfigKeys (ConfUtils.java:logGet(43)) - raft.server.log.statemachine.data.sync = true (default)
2019-10-14 14:42:19,141 [pool-57-thread-1] INFO  server.RaftServerConfigKeys (ConfUtils.java:logGet(43)) - raft.server.log.segment.cache.num.max = 2 (custom)
2019-10-14 14:42:19,142 [pool-37-thread-1] INFO  server.RaftServerConfigKeys (ConfUtils.java:logGet(43)) - raft.server.log.statemachine.data.sync.timeout = 10s (default)
2019-10-14 14:42:19,142 [pool-37-thread-1] INFO  server.RaftServerConfigKeys (ConfUtils.java:logGet(43)) - raft.server.log.statemachine.data.sync.timeout.retry = -1 (default)
2019-10-14 14:42:19,141 [pool-47-thread-1] INFO  server.RaftServerConfigKeys (ConfUtils.java:logGet(43)) - raft.server.log.segment.cache.num.max = 2 (custom)
2019-10-14 14:42:19,142 [pool-37-thread-1] INFO  server.RaftServerConfigKeys (ConfUtils.java:logGet(43)) - raft.server.log.statemachine.data.caching.enabled = true (custom)
2019-10-14 14:42:19,142 [pool-57-thread-1] INFO  segmented.SegmentedRaftLogWorker (SegmentedRaftLogWorker.java:<init>(172)) - new f9748ec4-5d8a-4dfc-8690-85b8cdac3f5d@group-026CFA11C8A1-SegmentedRaftLogWorker for RaftStorage:Storage Directory /workdir/hadoop-ozone/integration-test/target/test-dir/MiniOzoneClusterImpl-669d0a42-2836-47aa-b55b-95c9a6dd1017/datanode-3/data/ratis/206cc71b-1139-4967-bb05-026cfa11c8a1
2019-10-14 14:42:19,142 [pool-37-thread-1] INFO  segmented.SegmentedRaftLogWorker (SegmentedRaftLogWorker.java:lambda$new$0(132)) - 07a15819-e4fc-4072-82ac-b3e77a99d12a@group-026CFA11C8A1-SegmentedRaftLogWorker: flushIndex: setUnconditionally 0 -> -1
2019-10-14 14:42:19,142 [pool-47-thread-1] INFO  segmented.SegmentedRaftLogWorker (SegmentedRaftLogWorker.java:<init>(172)) - new caa892f0-76ff-4c1e-b30f-b7c59842badc@group-026CFA11C8A1-SegmentedRaftLogWorker for RaftStorage:Storage Directory /workdir/hadoop-ozone/integration-test/target/test-dir/MiniOzoneClusterImpl-669d0a42-2836-47aa-b55b-95c9a6dd1017/datanode-2/data/ratis/206cc71b-1139-4967-bb05-026cfa11c8a1
2019-10-14 14:42:19,143 [pool-57-thread-1] INFO  server.RaftServerConfigKeys (ConfUtils.java:logGet(43)) - raft.server.log.queue.byte-limit = 2147483647 (custom)
2019-10-14 14:42:19,143 [pool-37-thread-1] INFO  server.RaftServerConfigKeys (ConfUtils.java:logGet(43)) - raft.server.snapshot.auto.trigger.enabled = true (custom)
2019-10-14 14:42:19,143 [pool-47-thread-1] INFO  server.RaftServerConfigKeys (ConfUtils.java:logGet(43)) - raft.server.log.queue.byte-limit = 2147483647 (custom)
2019-10-14 14:42:19,143 [pool-37-thread-1] INFO  server.RaftServerConfigKeys (ConfUtils.java:logGet(43)) - raft.server.snapshot.auto.trigger.threshold = 10000 (custom)
2019-10-14 14:42:19,143 [pool-37-thread-1] INFO  server.RaftServerConfigKeys (ConfUtils.java:logGet(43)) - raft.server.snapshot.retention.num.files = 5 (custom)
2019-10-14 14:42:19,143 [pool-57-thread-1] INFO  server.RaftServerConfigKeys (ConfUtils.java:logGet(43)) - raft.server.log.queue.element-limit = 1024 (custom)
2019-10-14 14:42:19,143 [pool-37-thread-1] INFO  server.RaftServerConfigKeys (ConfUtils.java:logGet(43)) - raft.server.retrycache.expirytime = 600000ms (custom)
2019-10-14 14:42:19,143 [pool-47-thread-1] INFO  server.RaftServerConfigKeys (ConfUtils.java:logGet(43)) - raft.server.log.queue.element-limit = 1024 (custom)
2019-10-14 14:42:19,144 [pool-57-thread-1] INFO  server.RaftServerConfigKeys (ConfUtils.java:logGet(43)) - raft.server.log.segment.size.max = 1048576 (custom)
2019-10-14 14:42:19,144 [pool-47-thread-1] INFO  server.RaftServerConfigKeys (ConfUtils.java:logGet(43)) - raft.server.log.segment.size.max = 1048576 (custom)
2019-10-14 14:42:19,144 [pool-57-thread-1] INFO  server.RaftServerConfigKeys (ConfUtils.java:logGet(43)) - raft.server.log.preallocated.size = 16384 (custom)
2019-10-14 14:42:19,144 [pool-47-thread-1] INFO  server.RaftServerConfigKeys (ConfUtils.java:logGet(43)) - raft.server.log.preallocated.size = 16384 (custom)
2019-10-14 14:42:19,144 [pool-57-thread-1] INFO  server.RaftServerConfigKeys (ConfUtils.java:logGet(43)) - raft.server.log.write.buffer.size = 33554432 (custom)
2019-10-14 14:42:19,144 [pool-47-thread-1] INFO  server.RaftServerConfigKeys (ConfUtils.java:logGet(43)) - raft.server.log.write.buffer.size = 33554432 (custom)
2019-10-14 14:42:19,144 [pool-57-thread-1] INFO  server.RaftServerConfigKeys (ConfUtils.java:logGet(43)) - raft.server.log.force.sync.num = 128 (default)
2019-10-14 14:42:19,145 [pool-47-thread-1] INFO  server.RaftServerConfigKeys (ConfUtils.java:logGet(43)) - raft.server.log.force.sync.num = 128 (default)
2019-10-14 14:42:19,145 [pool-57-thread-1] INFO  server.RaftServerConfigKeys (ConfUtils.java:logGet(43)) - raft.server.log.statemachine.data.sync = true (default)
2019-10-14 14:42:19,145 [pool-47-thread-1] INFO  server.RaftServerConfigKeys (ConfUtils.java:logGet(43)) - raft.server.log.statemachine.data.sync = true (default)
2019-10-14 14:42:19,145 [pool-57-thread-1] INFO  server.RaftServerConfigKeys (ConfUtils.java:logGet(43)) - raft.server.log.statemachine.data.sync.timeout = 10s (default)
2019-10-14 14:42:19,145 [pool-47-thread-1] INFO  server.RaftServerConfigKeys (ConfUtils.java:logGet(43)) - raft.server.log.statemachine.data.sync.timeout = 10s (default)
2019-10-14 14:42:19,145 [pool-57-thread-1] INFO  server.RaftServerConfigKeys (ConfUtils.java:logGet(43)) - raft.server.log.statemachine.data.sync.timeout.retry = -1 (default)
2019-10-14 14:42:19,145 [pool-47-thread-1] INFO  server.RaftServerConfigKeys (ConfUtils.java:logGet(43)) - raft.server.log.statemachine.data.sync.timeout.retry = -1 (default)
2019-10-14 14:42:19,146 [pool-57-thread-1] INFO  server.RaftServerConfigKeys (ConfUtils.java:logGet(43)) - raft.server.log.statemachine.data.caching.enabled = true (custom)
2019-10-14 14:42:19,146 [pool-37-thread-1] INFO  impl.RaftServerImpl (RaftServerImpl.java:start(185)) - 07a15819-e4fc-4072-82ac-b3e77a99d12a@group-026CFA11C8A1: start as a follower, conf=-1: [07a15819-e4fc-4072-82ac-b3e77a99d12a:192.168.5.159:45599, f9748ec4-5d8a-4dfc-8690-85b8cdac3f5d:192.168.5.159:44598, caa892f0-76ff-4c1e-b30f-b7c59842badc:192.168.5.159:39406], old=null
2019-10-14 14:42:19,146 [pool-47-thread-1] INFO  server.RaftServerConfigKeys (ConfUtils.java:logGet(43)) - raft.server.log.statemachine.data.caching.enabled = true (custom)
2019-10-14 14:42:19,146 [pool-37-thread-1] INFO  impl.RaftServerImpl (RaftServerImpl.java:setRole(174)) - 07a15819-e4fc-4072-82ac-b3e77a99d12a@group-026CFA11C8A1: changes role from      null to FOLLOWER at term 0 for startAsFollower
2019-10-14 14:42:19,146 [pool-57-thread-1] INFO  segmented.SegmentedRaftLogWorker (SegmentedRaftLogWorker.java:lambda$new$0(132)) - f9748ec4-5d8a-4dfc-8690-85b8cdac3f5d@group-026CFA11C8A1-SegmentedRaftLogWorker: flushIndex: setUnconditionally 0 -> -1
2019-10-14 14:42:19,146 [pool-47-thread-1] INFO  segmented.SegmentedRaftLogWorker (SegmentedRaftLogWorker.java:lambda$new$0(132)) - caa892f0-76ff-4c1e-b30f-b7c59842badc@group-026CFA11C8A1-SegmentedRaftLogWorker: flushIndex: setUnconditionally 0 -> -1
2019-10-14 14:42:19,146 [pool-37-thread-1] INFO  impl.RoleInfo (RoleInfo.java:updateAndGet(143)) - 07a15819-e4fc-4072-82ac-b3e77a99d12a: start FollowerState
2019-10-14 14:42:19,146 [pool-57-thread-1] INFO  server.RaftServerConfigKeys (ConfUtils.java:logGet(43)) - raft.server.snapshot.auto.trigger.enabled = true (custom)
2019-10-14 14:42:19,147 [pool-47-thread-1] INFO  server.RaftServerConfigKeys (ConfUtils.java:logGet(43)) - raft.server.snapshot.auto.trigger.enabled = true (custom)
2019-10-14 14:42:19,147 [pool-57-thread-1] INFO  server.RaftServerConfigKeys (ConfUtils.java:logGet(43)) - raft.server.snapshot.auto.trigger.threshold = 10000 (custom)
2019-10-14 14:42:19,147 [pool-37-thread-1] INFO  util.JmxRegister (JmxRegister.java:tryRegister(44)) - Successfully registered JMX Bean with object name Ratis:service=RaftServer,group=group-026CFA11C8A1,id=07a15819-e4fc-4072-82ac-b3e77a99d12a
2019-10-14 14:42:19,147 [pool-47-thread-1] INFO  server.RaftServerConfigKeys (ConfUtils.java:logGet(43)) - raft.server.snapshot.auto.trigger.threshold = 10000 (custom)
2019-10-14 14:42:19,147 [pool-57-thread-1] INFO  server.RaftServerConfigKeys (ConfUtils.java:logGet(43)) - raft.server.snapshot.retention.num.files = 5 (custom)
2019-10-14 14:42:19,147 [pool-47-thread-1] INFO  server.RaftServerConfigKeys (ConfUtils.java:logGet(43)) - raft.server.snapshot.retention.num.files = 5 (custom)
2019-10-14 14:42:19,147 [pool-57-thread-1] INFO  server.RaftServerConfigKeys (ConfUtils.java:logGet(43)) - raft.server.retrycache.expirytime = 600000ms (custom)
2019-10-14 14:42:19,147 [pool-47-thread-1] INFO  server.RaftServerConfigKeys (ConfUtils.java:logGet(43)) - raft.server.retrycache.expirytime = 600000ms (custom)
2019-10-14 14:42:19,149 [8ca3ec46-7319-4283-b207-b730019dde55@group-2502542E7A07:LeaderElection1] INFO  impl.RaftServerImpl (ServerState.java:setRaftConf(354)) - 8ca3ec46-7319-4283-b207-b730019dde55@group-2502542E7A07: set configuration 0: [8ca3ec46-7319-4283-b207-b730019dde55:192.168.5.159:46312], old=null at 0
2019-10-14 14:42:19,154 [pool-47-thread-1] INFO  impl.RaftServerImpl (RaftServerImpl.java:start(185)) - caa892f0-76ff-4c1e-b30f-b7c59842badc@group-026CFA11C8A1: start as a follower, conf=-1: [07a15819-e4fc-4072-82ac-b3e77a99d12a:192.168.5.159:45599, f9748ec4-5d8a-4dfc-8690-85b8cdac3f5d:192.168.5.159:44598, caa892f0-76ff-4c1e-b30f-b7c59842badc:192.168.5.159:39406], old=null
2019-10-14 14:42:19,154 [pool-47-thread-1] INFO  impl.RaftServerImpl (RaftServerImpl.java:setRole(174)) - caa892f0-76ff-4c1e-b30f-b7c59842badc@group-026CFA11C8A1: changes role from      null to FOLLOWER at term 0 for startAsFollower
2019-10-14 14:42:19,154 [pool-47-thread-1] INFO  impl.RoleInfo (RoleInfo.java:updateAndGet(143)) - caa892f0-76ff-4c1e-b30f-b7c59842badc: start FollowerState
2019-10-14 14:42:19,155 [pool-47-thread-1] INFO  util.JmxRegister (JmxRegister.java:tryRegister(44)) - Successfully registered JMX Bean with object name Ratis:service=RaftServer,group=group-026CFA11C8A1,id=caa892f0-76ff-4c1e-b30f-b7c59842badc
2019-10-14 14:42:19,155 [pool-57-thread-1] INFO  impl.RaftServerImpl (RaftServerImpl.java:start(185)) - f9748ec4-5d8a-4dfc-8690-85b8cdac3f5d@group-026CFA11C8A1: start as a follower, conf=-1: [07a15819-e4fc-4072-82ac-b3e77a99d12a:192.168.5.159:45599, f9748ec4-5d8a-4dfc-8690-85b8cdac3f5d:192.168.5.159:44598, caa892f0-76ff-4c1e-b30f-b7c59842badc:192.168.5.159:39406], old=null
2019-10-14 14:42:19,156 [pool-57-thread-1] INFO  impl.RaftServerImpl (RaftServerImpl.java:setRole(174)) - f9748ec4-5d8a-4dfc-8690-85b8cdac3f5d@group-026CFA11C8A1: changes role from      null to FOLLOWER at term 0 for startAsFollower
2019-10-14 14:42:19,156 [pool-57-thread-1] INFO  impl.RoleInfo (RoleInfo.java:updateAndGet(143)) - f9748ec4-5d8a-4dfc-8690-85b8cdac3f5d: start FollowerState
2019-10-14 14:42:19,156 [pool-57-thread-1] INFO  util.JmxRegister (JmxRegister.java:tryRegister(44)) - Successfully registered JMX Bean with object name Ratis:service=RaftServer,group=group-026CFA11C8A1,id=f9748ec4-5d8a-4dfc-8690-85b8cdac3f5d
2019-10-14 14:42:19,163 [RatisPipelineUtilsThread] INFO  pipeline.PipelineStateManager (PipelineStateManager.java:addPipeline(56)) - Created pipeline Pipeline[ Id: 206cc71b-1139-4967-bb05-026cfa11c8a1, Nodes: caa892f0-76ff-4c1e-b30f-b7c59842badc{ip: 192.168.5.159, host: pr-hdds-1569-fwkxq-874464227, networkLocation: /default-rack, certSerialId: null}f9748ec4-5d8a-4dfc-8690-85b8cdac3f5d{ip: 192.168.5.159, host: pr-hdds-1569-fwkxq-874464227, networkLocation: /default-rack, certSerialId: null}07a15819-e4fc-4072-82ac-b3e77a99d12a{ip: 192.168.5.159, host: pr-hdds-1569-fwkxq-874464227, networkLocation: /default-rack, certSerialId: null}, Type:RATIS, Factor:THREE, State:OPEN]
2019-10-14 14:42:19,163 [RatisPipelineUtilsThread] INFO  pipeline.PipelinePlacementPolicy (PipelinePlacementPolicy.java:meetCriteria(104)) - Pipeline Placement: can't place more pipeline on heavy datanode： 8ca3ec46-7319-4283-b207-b730019dde55 Heaviness: 5 limit: 5
2019-10-14 14:42:19,163 [RatisPipelineUtilsThread] INFO  pipeline.PipelinePlacementPolicy (PipelinePlacementPolicy.java:meetCriteria(104)) - Pipeline Placement: can't place more pipeline on heavy datanode： b63a5968-b034-497d-a723-e18a7363a3f1 Heaviness: 5 limit: 5
2019-10-14 14:42:19,163 [RatisPipelineUtilsThread] INFO  pipeline.PipelinePlacementPolicy (PipelinePlacementPolicy.java:meetCriteria(104)) - Pipeline Placement: can't place more pipeline on heavy datanode： 9a6c87f6-096e-4769-9132-289fb1aab8c2 Heaviness: 5 limit: 5
2019-10-14 14:42:19,180 [grpc-default-executor-1] INFO  impl.RaftServerProxy (RaftServerProxy.java:addNew(89)) - f9748ec4-5d8a-4dfc-8690-85b8cdac3f5d: addNew group-382452901537:[07a15819-e4fc-4072-82ac-b3e77a99d12a:192.168.5.159:45599, f9748ec4-5d8a-4dfc-8690-85b8cdac3f5d:192.168.5.159:44598, caa892f0-76ff-4c1e-b30f-b7c59842badc:192.168.5.159:39406] returns group-382452901537:java.util.concurrent.CompletableFuture@72bbb337[Not completed]
2019-10-14 14:42:19,185 [grpc-default-executor-1] INFO  impl.RaftServerProxy (RaftServerProxy.java:addNew(89)) - caa892f0-76ff-4c1e-b30f-b7c59842badc: addNew group-382452901537:[07a15819-e4fc-4072-82ac-b3e77a99d12a:192.168.5.159:45599, f9748ec4-5d8a-4dfc-8690-85b8cdac3f5d:192.168.5.159:44598, caa892f0-76ff-4c1e-b30f-b7c59842badc:192.168.5.159:39406] returns group-382452901537:java.util.concurrent.CompletableFuture@69080a49[Not completed]
2019-10-14 14:42:19,185 [grpc-default-executor-2] INFO  impl.RaftServerProxy (RaftServerProxy.java:addNew(89)) - 07a15819-e4fc-4072-82ac-b3e77a99d12a: addNew group-382452901537:[07a15819-e4fc-4072-82ac-b3e77a99d12a:192.168.5.159:45599, f9748ec4-5d8a-4dfc-8690-85b8cdac3f5d:192.168.5.159:44598, caa892f0-76ff-4c1e-b30f-b7c59842badc:192.168.5.159:39406] returns group-382452901537:java.util.concurrent.CompletableFuture@4de6b6d9[Not completed]
2019-10-14 14:42:19,186 [pool-57-thread-1] INFO  impl.RaftServerImpl (RaftServerImpl.java:<init>(95)) - f9748ec4-5d8a-4dfc-8690-85b8cdac3f5d: new RaftServerImpl for group-382452901537:[07a15819-e4fc-4072-82ac-b3e77a99d12a:192.168.5.159:45599, f9748ec4-5d8a-4dfc-8690-85b8cdac3f5d:192.168.5.159:44598, caa892f0-76ff-4c1e-b30f-b7c59842badc:192.168.5.159:39406] with ContainerStateMachine:uninitialized
2019-10-14 14:42:19,186 [pool-57-thread-1] INFO  server.RaftServerConfigKeys (ConfUtils.java:logGet(43)) - raft.server.rpc.timeout.min = 1s (custom)
2019-10-14 14:42:19,186 [pool-57-thread-1] INFO  server.RaftServerConfigKeys (ConfUtils.java:logGet(43)) - raft.server.rpc.timeout.max = 1200ms (custom)
2019-10-14 14:42:19,186 [pool-57-thread-1] INFO  server.RaftServerConfigKeys (ConfUtils.java:logGet(43)) - raft.server.rpcslowness.timeout = 120s (custom)
2019-10-14 14:42:19,186 [pool-57-thread-1] INFO  server.RaftServerConfigKeys (ConfUtils.java:logGet(43)) - raft.server.sleep.deviation.threshold = 300 (default)
2019-10-14 14:42:19,186 [pool-57-thread-1] INFO  server.RaftServerConfigKeys (ConfUtils.java:logGet(43)) - raft.server.log.appender.install.snapshot.enabled = false (custom)
2019-10-14 14:42:19,186 [pool-57-thread-1] INFO  impl.RaftServerImpl (ServerState.java:<init>(103)) - f9748ec4-5d8a-4dfc-8690-85b8cdac3f5d@group-382452901537: ConfigurationManager, init=-1: [07a15819-e4fc-4072-82ac-b3e77a99d12a:192.168.5.159:45599, f9748ec4-5d8a-4dfc-8690-85b8cdac3f5d:192.168.5.159:44598, caa892f0-76ff-4c1e-b30f-b7c59842badc:192.168.5.159:39406], old=null, confs=<EMPTY_MAP>
2019-10-14 14:42:19,186 [pool-57-thread-1] INFO  server.RaftServerConfigKeys (ConfUtils.java:logGet(43)) - raft.server.storage.dir = [/workdir/hadoop-ozone/integration-test/target/test-dir/MiniOzoneClusterImpl-669d0a42-2836-47aa-b55b-95c9a6dd1017/datanode-3/data/ratis] (custom)
2019-10-14 14:42:19,186 [pool-37-thread-1] INFO  impl.RaftServerImpl (RaftServerImpl.java:<init>(95)) - 07a15819-e4fc-4072-82ac-b3e77a99d12a: new RaftServerImpl for group-382452901537:[07a15819-e4fc-4072-82ac-b3e77a99d12a:192.168.5.159:45599, f9748ec4-5d8a-4dfc-8690-85b8cdac3f5d:192.168.5.159:44598, caa892f0-76ff-4c1e-b30f-b7c59842badc:192.168.5.159:39406] with ContainerStateMachine:uninitialized
2019-10-14 14:42:19,187 [pool-37-thread-1] INFO  server.RaftServerConfigKeys (ConfUtils.java:logGet(43)) - raft.server.rpc.timeout.min = 1s (custom)
2019-10-14 14:42:19,187 [pool-57-thread-1] INFO  storage.RaftStorageDirectory (RaftStorageDirectory.java:analyzeStorage(246)) - The storage directory /workdir/hadoop-ozone/integration-test/target/test-dir/MiniOzoneClusterImpl-669d0a42-2836-47aa-b55b-95c9a6dd1017/datanode-3/data/ratis/4a092d65-b68d-4e6f-90c8-382452901537 does not exist. Creating ...
2019-10-14 14:42:19,187 [pool-37-thread-1] INFO  server.RaftServerConfigKeys (ConfUtils.java:logGet(43)) - raft.server.rpc.timeout.max = 1200ms (custom)
2019-10-14 14:42:19,187 [pool-47-thread-1] INFO  impl.RaftServerImpl (RaftServerImpl.java:<init>(95)) - caa892f0-76ff-4c1e-b30f-b7c59842badc: new RaftServerImpl for group-382452901537:[07a15819-e4fc-4072-82ac-b3e77a99d12a:192.168.5.159:45599, f9748ec4-5d8a-4dfc-8690-85b8cdac3f5d:192.168.5.159:44598, caa892f0-76ff-4c1e-b30f-b7c59842badc:192.168.5.159:39406] with ContainerStateMachine:uninitialized
2019-10-14 14:42:19,187 [pool-37-thread-1] INFO  server.RaftServerConfigKeys (ConfUtils.java:logGet(43)) - raft.server.rpcslowness.timeout = 120s (custom)
2019-10-14 14:42:19,187 [pool-47-thread-1] INFO  server.RaftServerConfigKeys (ConfUtils.java:logGet(43)) - raft.server.rpc.timeout.min = 1s (custom)
2019-10-14 14:42:19,187 [pool-37-thread-1] INFO  server.RaftServerConfigKeys (ConfUtils.java:logGet(43)) - raft.server.sleep.deviation.threshold = 300 (default)
2019-10-14 14:42:19,187 [pool-47-thread-1] INFO  server.RaftServerConfigKeys (ConfUtils.java:logGet(43)) - raft.server.rpc.timeout.max = 1200ms (custom)
2019-10-14 14:42:19,187 [pool-37-thread-1] INFO  server.RaftServerConfigKeys (ConfUtils.java:logGet(43)) - raft.server.log.appender.install.snapshot.enabled = false (custom)
2019-10-14 14:42:19,187 [pool-47-thread-1] INFO  server.RaftServerConfigKeys (ConfUtils.java:logGet(43)) - raft.server.rpcslowness.timeout = 120s (custom)
2019-10-14 14:42:19,188 [pool-37-thread-1] INFO  impl.RaftServerImpl (ServerState.java:<init>(103)) - 07a15819-e4fc-4072-82ac-b3e77a99d12a@group-382452901537: ConfigurationManager, init=-1: [07a15819-e4fc-4072-82ac-b3e77a99d12a:192.168.5.159:45599, f9748ec4-5d8a-4dfc-8690-85b8cdac3f5d:192.168.5.159:44598, caa892f0-76ff-4c1e-b30f-b7c59842badc:192.168.5.159:39406], old=null, confs=<EMPTY_MAP>
2019-10-14 14:42:19,188 [pool-47-thread-1] INFO  server.RaftServerConfigKeys (ConfUtils.java:logGet(43)) - raft.server.sleep.deviation.threshold = 300 (default)
2019-10-14 14:42:19,188 [pool-37-thread-1] INFO  server.RaftServerConfigKeys (ConfUtils.java:logGet(43)) - raft.server.storage.dir = [/workdir/hadoop-ozone/integration-test/target/test-dir/MiniOzoneClusterImpl-669d0a42-2836-47aa-b55b-95c9a6dd1017/datanode-1/data/ratis] (custom)
2019-10-14 14:42:19,188 [pool-47-thread-1] INFO  server.RaftServerConfigKeys (ConfUtils.java:logGet(43)) - raft.server.log.appender.install.snapshot.enabled = false (custom)
2019-10-14 14:42:19,188 [pool-47-thread-1] INFO  impl.RaftServerImpl (ServerState.java:<init>(103)) - caa892f0-76ff-4c1e-b30f-b7c59842badc@group-382452901537: ConfigurationManager, init=-1: [07a15819-e4fc-4072-82ac-b3e77a99d12a:192.168.5.159:45599, f9748ec4-5d8a-4dfc-8690-85b8cdac3f5d:192.168.5.159:44598, caa892f0-76ff-4c1e-b30f-b7c59842badc:192.168.5.159:39406], old=null, confs=<EMPTY_MAP>
2019-10-14 14:42:19,188 [pool-37-thread-1] INFO  storage.RaftStorageDirectory (RaftStorageDirectory.java:analyzeStorage(246)) - The storage directory /workdir/hadoop-ozone/integration-test/target/test-dir/MiniOzoneClusterImpl-669d0a42-2836-47aa-b55b-95c9a6dd1017/datanode-1/data/ratis/4a092d65-b68d-4e6f-90c8-382452901537 does not exist. Creating ...
2019-10-14 14:42:19,188 [pool-47-thread-1] INFO  server.RaftServerConfigKeys (ConfUtils.java:logGet(43)) - raft.server.storage.dir = [/workdir/hadoop-ozone/integration-test/target/test-dir/MiniOzoneClusterImpl-669d0a42-2836-47aa-b55b-95c9a6dd1017/datanode-2/data/ratis] (custom)
2019-10-14 14:42:19,188 [pool-47-thread-1] INFO  storage.RaftStorageDirectory (RaftStorageDirectory.java:analyzeStorage(246)) - The storage directory /workdir/hadoop-ozone/integration-test/target/test-dir/MiniOzoneClusterImpl-669d0a42-2836-47aa-b55b-95c9a6dd1017/datanode-2/data/ratis/4a092d65-b68d-4e6f-90c8-382452901537 does not exist. Creating ...
2019-10-14 14:42:19,217 [pool-57-thread-1] INFO  storage.RaftStorageDirectory (RaftStorageDirectory.java:tryLock(328)) - Lock on /workdir/hadoop-ozone/integration-test/target/test-dir/MiniOzoneClusterImpl-669d0a42-2836-47aa-b55b-95c9a6dd1017/datanode-3/data/ratis/4a092d65-b68d-4e6f-90c8-382452901537/in_use.lock acquired by nodename 25093@pr-hdds-1569-fwkxq-874464227
2019-10-14 14:42:19,217 [pool-47-thread-1] INFO  storage.RaftStorageDirectory (RaftStorageDirectory.java:tryLock(328)) - Lock on /workdir/hadoop-ozone/integration-test/target/test-dir/MiniOzoneClusterImpl-669d0a42-2836-47aa-b55b-95c9a6dd1017/datanode-2/data/ratis/4a092d65-b68d-4e6f-90c8-382452901537/in_use.lock acquired by nodename 25093@pr-hdds-1569-fwkxq-874464227
2019-10-14 14:42:19,217 [pool-37-thread-1] INFO  storage.RaftStorageDirectory (RaftStorageDirectory.java:tryLock(328)) - Lock on /workdir/hadoop-ozone/integration-test/target/test-dir/MiniOzoneClusterImpl-669d0a42-2836-47aa-b55b-95c9a6dd1017/datanode-1/data/ratis/4a092d65-b68d-4e6f-90c8-382452901537/in_use.lock acquired by nodename 25093@pr-hdds-1569-fwkxq-874464227
2019-10-14 14:42:19,231 [pool-37-thread-1] INFO  storage.RaftStorage (RaftStorage.java:format(72)) - Storage directory /workdir/hadoop-ozone/integration-test/target/test-dir/MiniOzoneClusterImpl-669d0a42-2836-47aa-b55b-95c9a6dd1017/datanode-1/data/ratis/4a092d65-b68d-4e6f-90c8-382452901537 has been successfully formatted.
2019-10-14 14:42:19,231 [pool-57-thread-1] INFO  storage.RaftStorage (RaftStorage.java:format(72)) - Storage directory /workdir/hadoop-ozone/integration-test/target/test-dir/MiniOzoneClusterImpl-669d0a42-2836-47aa-b55b-95c9a6dd1017/datanode-3/data/ratis/4a092d65-b68d-4e6f-90c8-382452901537 has been successfully formatted.
2019-10-14 14:42:19,231 [pool-47-thread-1] INFO  storage.RaftStorage (RaftStorage.java:format(72)) - Storage directory /workdir/hadoop-ozone/integration-test/target/test-dir/MiniOzoneClusterImpl-669d0a42-2836-47aa-b55b-95c9a6dd1017/datanode-2/data/ratis/4a092d65-b68d-4e6f-90c8-382452901537 has been successfully formatted.
2019-10-14 14:42:19,232 [pool-37-thread-1] INFO  ratis.ContainerStateMachine (ContainerStateMachine.java:loadSnapshot(230)) - group-382452901537: The snapshot info is null. Setting the last applied indexto:(t:0, i:~)
2019-10-14 14:42:19,232 [pool-57-thread-1] INFO  ratis.ContainerStateMachine (ContainerStateMachine.java:loadSnapshot(230)) - group-382452901537: The snapshot info is null. Setting the last applied indexto:(t:0, i:~)
2019-10-14 14:42:19,232 [pool-37-thread-1] INFO  server.RaftServerConfigKeys (ConfUtils.java:logGet(43)) - raft.server.notification.no-leader.timeout = 120s (custom)
2019-10-14 14:42:19,232 [pool-47-thread-1] INFO  ratis.ContainerStateMachine (ContainerStateMachine.java:loadSnapshot(230)) - group-382452901537: The snapshot info is null. Setting the last applied indexto:(t:0, i:~)
2019-10-14 14:42:19,232 [pool-37-thread-1] INFO  server.RaftServerConfigKeys (ConfUtils.java:logGet(43)) - raft.server.log.use.memory = false (default)
2019-10-14 14:42:19,232 [pool-57-thread-1] INFO  server.RaftServerConfigKeys (ConfUtils.java:logGet(43)) - raft.server.notification.no-leader.timeout = 120s (custom)
2019-10-14 14:42:19,232 [pool-37-thread-1] INFO  server.RaftServerConfigKeys (ConfUtils.java:logGet(43)) - raft.server.log.purge.gap = 1000000 (custom)
2019-10-14 14:42:19,232 [pool-47-thread-1] INFO  server.RaftServerConfigKeys (ConfUtils.java:logGet(43)) - raft.server.notification.no-leader.timeout = 120s (custom)
2019-10-14 14:42:19,232 [pool-37-thread-1] INFO  server.RaftServerConfigKeys (ConfUtils.java:logGet(43)) - raft.server.log.appender.buffer.byte-limit = 33554432 (custom)
2019-10-14 14:42:19,232 [pool-57-thread-1] INFO  server.RaftServerConfigKeys (ConfUtils.java:logGet(43)) - raft.server.log.use.memory = false (default)
2019-10-14 14:42:19,233 [pool-37-thread-1] INFO  server.RaftServerConfigKeys (ConfUtils.java:logGet(43)) - raft.server.log.segment.size.max = 1048576 (custom)
2019-10-14 14:42:19,232 [pool-47-thread-1] INFO  server.RaftServerConfigKeys (ConfUtils.java:logGet(43)) - raft.server.log.use.memory = false (default)
2019-10-14 14:42:19,233 [pool-37-thread-1] INFO  server.RaftServerConfigKeys (ConfUtils.java:logGet(43)) - raft.server.log.segment.cache.num.max = 2 (custom)
2019-10-14 14:42:19,233 [pool-57-thread-1] INFO  server.RaftServerConfigKeys (ConfUtils.java:logGet(43)) - raft.server.log.purge.gap = 1000000 (custom)
2019-10-14 14:42:19,233 [pool-37-thread-1] INFO  segmented.SegmentedRaftLogWorker (SegmentedRaftLogWorker.java:<init>(172)) - new 07a15819-e4fc-4072-82ac-b3e77a99d12a@group-382452901537-SegmentedRaftLogWorker for RaftStorage:Storage Directory /workdir/hadoop-ozone/integration-test/target/test-dir/MiniOzoneClusterImpl-669d0a42-2836-47aa-b55b-95c9a6dd1017/datanode-1/data/ratis/4a092d65-b68d-4e6f-90c8-382452901537
2019-10-14 14:42:19,233 [pool-47-thread-1] INFO  server.RaftServerConfigKeys (ConfUtils.java:logGet(43)) - raft.server.log.purge.gap = 1000000 (custom)
2019-10-14 14:42:19,233 [pool-37-thread-1] INFO  server.RaftServerConfigKeys (ConfUtils.java:logGet(43)) - raft.server.log.queue.byte-limit = 2147483647 (custom)
2019-10-14 14:42:19,233 [pool-57-thread-1] INFO  server.RaftServerConfigKeys (ConfUtils.java:logGet(43)) - raft.server.log.appender.buffer.byte-limit = 33554432 (custom)
2019-10-14 14:42:19,233 [pool-37-thread-1] INFO  server.RaftServerConfigKeys (ConfUtils.java:logGet(43)) - raft.server.log.queue.element-limit = 1024 (custom)
2019-10-14 14:42:19,233 [pool-47-thread-1] INFO  server.RaftServerConfigKeys (ConfUtils.java:logGet(43)) - raft.server.log.appender.buffer.byte-limit = 33554432 (custom)
2019-10-14 14:42:19,234 [pool-37-thread-1] INFO  server.RaftServerConfigKeys (ConfUtils.java:logGet(43)) - raft.server.log.segment.size.max = 1048576 (custom)
2019-10-14 14:42:19,233 [pool-57-thread-1] INFO  server.RaftServerConfigKeys (ConfUtils.java:logGet(43)) - raft.server.log.segment.size.max = 1048576 (custom)
2019-10-14 14:42:19,234 [pool-37-thread-1] INFO  server.RaftServerConfigKeys (ConfUtils.java:logGet(43)) - raft.server.log.preallocated.size = 16384 (custom)
2019-10-14 14:42:19,234 [pool-47-thread-1] INFO  server.RaftServerConfigKeys (ConfUtils.java:logGet(43)) - raft.server.log.segment.size.max = 1048576 (custom)
2019-10-14 14:42:19,234 [pool-37-thread-1] INFO  server.RaftServerConfigKeys (ConfUtils.java:logGet(43)) - raft.server.log.write.buffer.size = 33554432 (custom)
2019-10-14 14:42:19,234 [pool-57-thread-1] INFO  server.RaftServerConfigKeys (ConfUtils.java:logGet(43)) - raft.server.log.segment.cache.num.max = 2 (custom)
2019-10-14 14:42:19,234 [pool-37-thread-1] INFO  server.RaftServerConfigKeys (ConfUtils.java:logGet(43)) - raft.server.log.force.sync.num = 128 (default)
2019-10-14 14:42:19,234 [pool-47-thread-1] INFO  server.RaftServerConfigKeys (ConfUtils.java:logGet(43)) - raft.server.log.segment.cache.num.max = 2 (custom)
2019-10-14 14:42:19,234 [pool-37-thread-1] INFO  server.RaftServerConfigKeys (ConfUtils.java:logGet(43)) - raft.server.log.statemachine.data.sync = true (default)
2019-10-14 14:42:19,234 [pool-57-thread-1] INFO  segmented.SegmentedRaftLogWorker (SegmentedRaftLogWorker.java:<init>(172)) - new f9748ec4-5d8a-4dfc-8690-85b8cdac3f5d@group-382452901537-SegmentedRaftLogWorker for RaftStorage:Storage Directory /workdir/hadoop-ozone/integration-test/target/test-dir/MiniOzoneClusterImpl-669d0a42-2836-47aa-b55b-95c9a6dd1017/datanode-3/data/ratis/4a092d65-b68d-4e6f-90c8-382452901537
2019-10-14 14:42:19,234 [pool-37-thread-1] INFO  server.RaftServerConfigKeys (ConfUtils.java:logGet(43)) - raft.server.log.statemachine.data.sync.timeout = 10s (default)
2019-10-14 14:42:19,234 [pool-47-thread-1] INFO  segmented.SegmentedRaftLogWorker (SegmentedRaftLogWorker.java:<init>(172)) - new caa892f0-76ff-4c1e-b30f-b7c59842badc@group-382452901537-SegmentedRaftLogWorker for RaftStorage:Storage Directory /workdir/hadoop-ozone/integration-test/target/test-dir/MiniOzoneClusterImpl-669d0a42-2836-47aa-b55b-95c9a6dd1017/datanode-2/data/ratis/4a092d65-b68d-4e6f-90c8-382452901537
2019-10-14 14:42:19,235 [pool-37-thread-1] INFO  server.RaftServerConfigKeys (ConfUtils.java:logGet(43)) - raft.server.log.statemachine.data.sync.timeout.retry = -1 (default)
2019-10-14 14:42:19,235 [pool-57-thread-1] INFO  server.RaftServerConfigKeys (ConfUtils.java:logGet(43)) - raft.server.log.queue.byte-limit = 2147483647 (custom)
2019-10-14 14:42:19,235 [pool-37-thread-1] INFO  server.RaftServerConfigKeys (ConfUtils.java:logGet(43)) - raft.server.log.statemachine.data.caching.enabled = true (custom)
2019-10-14 14:42:19,235 [pool-47-thread-1] INFO  server.RaftServerConfigKeys (ConfUtils.java:logGet(43)) - raft.server.log.queue.byte-limit = 2147483647 (custom)
2019-10-14 14:42:19,235 [pool-57-thread-1] INFO  server.RaftServerConfigKeys (ConfUtils.java:logGet(43)) - raft.server.log.queue.element-limit = 1024 (custom)
2019-10-14 14:42:19,235 [pool-37-thread-1] INFO  segmented.SegmentedRaftLogWorker (SegmentedRaftLogWorker.java:lambda$new$0(132)) - 07a15819-e4fc-4072-82ac-b3e77a99d12a@group-382452901537-SegmentedRaftLogWorker: flushIndex: setUnconditionally 0 -> -1
2019-10-14 14:42:19,235 [pool-47-thread-1] INFO  server.RaftServerConfigKeys (ConfUtils.java:logGet(43)) - raft.server.log.queue.element-limit = 1024 (custom)
2019-10-14 14:42:19,235 [pool-57-thread-1] INFO  server.RaftServerConfigKeys (ConfUtils.java:logGet(43)) - raft.server.log.segment.size.max = 1048576 (custom)
2019-10-14 14:42:19,235 [pool-47-thread-1] INFO  server.RaftServerConfigKeys (ConfUtils.java:logGet(43)) - raft.server.log.segment.size.max = 1048576 (custom)
2019-10-14 14:42:19,235 [pool-37-thread-1] INFO  server.RaftServerConfigKeys (ConfUtils.java:logGet(43)) - raft.server.snapshot.auto.trigger.enabled = true (custom)
2019-10-14 14:42:19,236 [pool-47-thread-1] INFO  server.RaftServerConfigKeys (ConfUtils.java:logGet(43)) - raft.server.log.preallocated.size = 16384 (custom)
2019-10-14 14:42:19,236 [pool-57-thread-1] INFO  server.RaftServerConfigKeys (ConfUtils.java:logGet(43)) - raft.server.log.preallocated.size = 16384 (custom)
2019-10-14 14:42:19,236 [pool-47-thread-1] INFO  server.RaftServerConfigKeys (ConfUtils.java:logGet(43)) - raft.server.log.write.buffer.size = 33554432 (custom)
2019-10-14 14:42:19,236 [pool-37-thread-1] INFO  server.RaftServerConfigKeys (ConfUtils.java:logGet(43)) - raft.server.snapshot.auto.trigger.threshold = 10000 (custom)
2019-10-14 14:42:19,236 [pool-47-thread-1] INFO  server.RaftServerConfigKeys (ConfUtils.java:logGet(43)) - raft.server.log.force.sync.num = 128 (default)
2019-10-14 14:42:19,236 [pool-57-thread-1] INFO  server.RaftServerConfigKeys (ConfUtils.java:logGet(43)) - raft.server.log.write.buffer.size = 33554432 (custom)
2019-10-14 14:42:19,236 [pool-47-thread-1] INFO  server.RaftServerConfigKeys (ConfUtils.java:logGet(43)) - raft.server.log.statemachine.data.sync = true (default)
2019-10-14 14:42:19,236 [pool-37-thread-1] INFO  server.RaftServerConfigKeys (ConfUtils.java:logGet(43)) - raft.server.snapshot.retention.num.files = 5 (custom)
2019-10-14 14:42:19,236 [pool-47-thread-1] INFO  server.RaftServerConfigKeys (ConfUtils.java:logGet(43)) - raft.server.log.statemachine.data.sync.timeout = 10s (default)
2019-10-14 14:42:19,237 [pool-37-thread-1] INFO  server.RaftServerConfigKeys (ConfUtils.java:logGet(43)) - raft.server.retrycache.expirytime = 600000ms (custom)
2019-10-14 14:42:19,236 [pool-57-thread-1] INFO  server.RaftServerConfigKeys (ConfUtils.java:logGet(43)) - raft.server.log.force.sync.num = 128 (default)
2019-10-14 14:42:19,237 [pool-47-thread-1] INFO  server.RaftServerConfigKeys (ConfUtils.java:logGet(43)) - raft.server.log.statemachine.data.sync.timeout.retry = -1 (default)
2019-10-14 14:42:19,237 [pool-57-thread-1] INFO  server.RaftServerConfigKeys (ConfUtils.java:logGet(43)) - raft.server.log.statemachine.data.sync = true (default)
2019-10-14 14:42:19,237 [pool-47-thread-1] INFO  server.RaftServerConfigKeys (ConfUtils.java:logGet(43)) - raft.server.log.statemachine.data.caching.enabled = true (custom)
2019-10-14 14:42:19,237 [pool-57-thread-1] INFO  server.RaftServerConfigKeys (ConfUtils.java:logGet(43)) - raft.server.log.statemachine.data.sync.timeout = 10s (default)
2019-10-14 14:42:19,237 [pool-47-thread-1] INFO  segmented.SegmentedRaftLogWorker (SegmentedRaftLogWorker.java:lambda$new$0(132)) - caa892f0-76ff-4c1e-b30f-b7c59842badc@group-382452901537-SegmentedRaftLogWorker: flushIndex: setUnconditionally 0 -> -1
2019-10-14 14:42:19,237 [pool-57-thread-1] INFO  server.RaftServerConfigKeys (ConfUtils.java:logGet(43)) - raft.server.log.statemachine.data.sync.timeout.retry = -1 (default)
2019-10-14 14:42:19,238 [pool-47-thread-1] INFO  server.RaftServerConfigKeys (ConfUtils.java:logGet(43)) - raft.server.snapshot.auto.trigger.enabled = true (custom)
2019-10-14 14:42:19,238 [pool-57-thread-1] INFO  server.RaftServerConfigKeys (ConfUtils.java:logGet(43)) - raft.server.log.statemachine.data.caching.enabled = true (custom)
2019-10-14 14:42:19,238 [pool-47-thread-1] INFO  server.RaftServerConfigKeys (ConfUtils.java:logGet(43)) - raft.server.snapshot.auto.trigger.threshold = 10000 (custom)
2019-10-14 14:42:19,238 [pool-47-thread-1] INFO  server.RaftServerConfigKeys (ConfUtils.java:logGet(43)) - raft.server.snapshot.retention.num.files = 5 (custom)
2019-10-14 14:42:19,238 [pool-57-thread-1] INFO  segmented.SegmentedRaftLogWorker (SegmentedRaftLogWorker.java:lambda$new$0(132)) - f9748ec4-5d8a-4dfc-8690-85b8cdac3f5d@group-382452901537-SegmentedRaftLogWorker: flushIndex: setUnconditionally 0 -> -1
2019-10-14 14:42:19,238 [pool-47-thread-1] INFO  server.RaftServerConfigKeys (ConfUtils.java:logGet(43)) - raft.server.retrycache.expirytime = 600000ms (custom)
2019-10-14 14:42:19,238 [pool-57-thread-1] INFO  server.RaftServerConfigKeys (ConfUtils.java:logGet(43)) - raft.server.snapshot.auto.trigger.enabled = true (custom)
2019-10-14 14:42:19,239 [pool-57-thread-1] INFO  server.RaftServerConfigKeys (ConfUtils.java:logGet(43)) - raft.server.snapshot.auto.trigger.threshold = 10000 (custom)
2019-10-14 14:42:19,239 [pool-57-thread-1] INFO  server.RaftServerConfigKeys (ConfUtils.java:logGet(43)) - raft.server.snapshot.retention.num.files = 5 (custom)
2019-10-14 14:42:19,239 [pool-57-thread-1] INFO  server.RaftServerConfigKeys (ConfUtils.java:logGet(43)) - raft.server.retrycache.expirytime = 600000ms (custom)
2019-10-14 14:42:19,239 [pool-37-thread-1] INFO  impl.RaftServerImpl (RaftServerImpl.java:start(185)) - 07a15819-e4fc-4072-82ac-b3e77a99d12a@group-382452901537: start as a follower, conf=-1: [07a15819-e4fc-4072-82ac-b3e77a99d12a:192.168.5.159:45599, f9748ec4-5d8a-4dfc-8690-85b8cdac3f5d:192.168.5.159:44598, caa892f0-76ff-4c1e-b30f-b7c59842badc:192.168.5.159:39406], old=null
2019-10-14 14:42:19,239 [pool-37-thread-1] INFO  impl.RaftServerImpl (RaftServerImpl.java:setRole(174)) - 07a15819-e4fc-4072-82ac-b3e77a99d12a@group-382452901537: changes role from      null to FOLLOWER at term 0 for startAsFollower
2019-10-14 14:42:19,239 [pool-37-thread-1] INFO  impl.RoleInfo (RoleInfo.java:updateAndGet(143)) - 07a15819-e4fc-4072-82ac-b3e77a99d12a: start FollowerState
2019-10-14 14:42:19,240 [pool-37-thread-1] INFO  util.JmxRegister (JmxRegister.java:tryRegister(44)) - Successfully registered JMX Bean with object name Ratis:service=RaftServer,group=group-382452901537,id=07a15819-e4fc-4072-82ac-b3e77a99d12a
2019-10-14 14:42:19,240 [pool-47-thread-1] INFO  impl.RaftServerImpl (RaftServerImpl.java:start(185)) - caa892f0-76ff-4c1e-b30f-b7c59842badc@group-382452901537: start as a follower, conf=-1: [07a15819-e4fc-4072-82ac-b3e77a99d12a:192.168.5.159:45599, f9748ec4-5d8a-4dfc-8690-85b8cdac3f5d:192.168.5.159:44598, caa892f0-76ff-4c1e-b30f-b7c59842badc:192.168.5.159:39406], old=null
2019-10-14 14:42:19,241 [pool-47-thread-1] INFO  impl.RaftServerImpl (RaftServerImpl.java:setRole(174)) - caa892f0-76ff-4c1e-b30f-b7c59842badc@group-382452901537: changes role from      null to FOLLOWER at term 0 for startAsFollower
2019-10-14 14:42:19,241 [pool-47-thread-1] INFO  impl.RoleInfo (RoleInfo.java:updateAndGet(143)) - caa892f0-76ff-4c1e-b30f-b7c59842badc: start FollowerState
2019-10-14 14:42:19,241 [pool-47-thread-1] INFO  util.JmxRegister (JmxRegister.java:tryRegister(44)) - Successfully registered JMX Bean with object name Ratis:service=RaftServer,group=group-382452901537,id=caa892f0-76ff-4c1e-b30f-b7c59842badc
2019-10-14 14:42:19,243 [pool-57-thread-1] INFO  impl.RaftServerImpl (RaftServerImpl.java:start(185)) - f9748ec4-5d8a-4dfc-8690-85b8cdac3f5d@group-382452901537: start as a follower, conf=-1: [07a15819-e4fc-4072-82ac-b3e77a99d12a:192.168.5.159:45599, f9748ec4-5d8a-4dfc-8690-85b8cdac3f5d:192.168.5.159:44598, caa892f0-76ff-4c1e-b30f-b7c59842badc:192.168.5.159:39406], old=null
2019-10-14 14:42:19,244 [pool-57-thread-1] INFO  impl.RaftServerImpl (RaftServerImpl.java:setRole(174)) - f9748ec4-5d8a-4dfc-8690-85b8cdac3f5d@group-382452901537: changes role from      null to FOLLOWER at term 0 for startAsFollower
2019-10-14 14:42:19,244 [pool-57-thread-1] INFO  impl.RoleInfo (RoleInfo.java:updateAndGet(143)) - f9748ec4-5d8a-4dfc-8690-85b8cdac3f5d: start FollowerState
2019-10-14 14:42:19,245 [pool-57-thread-1] INFO  util.JmxRegister (JmxRegister.java:tryRegister(44)) - Successfully registered JMX Bean with object name Ratis:service=RaftServer,group=group-382452901537,id=f9748ec4-5d8a-4dfc-8690-85b8cdac3f5d
2019-10-14 14:42:19,250 [RatisPipelineUtilsThread] INFO  pipeline.PipelineStateManager (PipelineStateManager.java:addPipeline(56)) - Created pipeline Pipeline[ Id: 4a092d65-b68d-4e6f-90c8-382452901537, Nodes: f9748ec4-5d8a-4dfc-8690-85b8cdac3f5d{ip: 192.168.5.159, host: pr-hdds-1569-fwkxq-874464227, networkLocation: /default-rack, certSerialId: null}caa892f0-76ff-4c1e-b30f-b7c59842badc{ip: 192.168.5.159, host: pr-hdds-1569-fwkxq-874464227, networkLocation: /default-rack, certSerialId: null}07a15819-e4fc-4072-82ac-b3e77a99d12a{ip: 192.168.5.159, host: pr-hdds-1569-fwkxq-874464227, networkLocation: /default-rack, certSerialId: null}, Type:RATIS, Factor:THREE, State:OPEN]
2019-10-14 14:42:19,250 [RatisPipelineUtilsThread] INFO  pipeline.PipelinePlacementPolicy (PipelinePlacementPolicy.java:meetCriteria(104)) - Pipeline Placement: can't place more pipeline on heavy datanode： 8ca3ec46-7319-4283-b207-b730019dde55 Heaviness: 5 limit: 5
2019-10-14 14:42:19,250 [RatisPipelineUtilsThread] INFO  pipeline.PipelinePlacementPolicy (PipelinePlacementPolicy.java:meetCriteria(104)) - Pipeline Placement: can't place more pipeline on heavy datanode： b63a5968-b034-497d-a723-e18a7363a3f1 Heaviness: 5 limit: 5
2019-10-14 14:42:19,250 [RatisPipelineUtilsThread] INFO  pipeline.PipelinePlacementPolicy (PipelinePlacementPolicy.java:meetCriteria(104)) - Pipeline Placement: can't place more pipeline on heavy datanode： 9a6c87f6-096e-4769-9132-289fb1aab8c2 Heaviness: 5 limit: 5
2019-10-14 14:42:19,264 [grpc-default-executor-2] INFO  impl.RaftServerProxy (RaftServerProxy.java:addNew(89)) - f9748ec4-5d8a-4dfc-8690-85b8cdac3f5d: addNew group-EA752D978E74:[07a15819-e4fc-4072-82ac-b3e77a99d12a:192.168.5.159:45599, f9748ec4-5d8a-4dfc-8690-85b8cdac3f5d:192.168.5.159:44598, caa892f0-76ff-4c1e-b30f-b7c59842badc:192.168.5.159:39406] returns group-EA752D978E74:java.util.concurrent.CompletableFuture@2823dfec[Not completed]
2019-10-14 14:42:19,264 [grpc-default-executor-1] INFO  impl.RaftServerProxy (RaftServerProxy.java:addNew(89)) - 07a15819-e4fc-4072-82ac-b3e77a99d12a: addNew group-EA752D978E74:[07a15819-e4fc-4072-82ac-b3e77a99d12a:192.168.5.159:45599, f9748ec4-5d8a-4dfc-8690-85b8cdac3f5d:192.168.5.159:44598, caa892f0-76ff-4c1e-b30f-b7c59842badc:192.168.5.159:39406] returns group-EA752D978E74:java.util.concurrent.CompletableFuture@224355dc[Not completed]
2019-10-14 14:42:19,266 [grpc-default-executor-0] INFO  impl.RaftServerProxy (RaftServerProxy.java:addNew(89)) - caa892f0-76ff-4c1e-b30f-b7c59842badc: addNew group-EA752D978E74:[07a15819-e4fc-4072-82ac-b3e77a99d12a:192.168.5.159:45599, f9748ec4-5d8a-4dfc-8690-85b8cdac3f5d:192.168.5.159:44598, caa892f0-76ff-4c1e-b30f-b7c59842badc:192.168.5.159:39406] returns group-EA752D978E74:java.util.concurrent.CompletableFuture@54285f6[Not completed]
2019-10-14 14:42:19,267 [pool-57-thread-1] INFO  impl.RaftServerImpl (RaftServerImpl.java:<init>(95)) - f9748ec4-5d8a-4dfc-8690-85b8cdac3f5d: new RaftServerImpl for group-EA752D978E74:[07a15819-e4fc-4072-82ac-b3e77a99d12a:192.168.5.159:45599, f9748ec4-5d8a-4dfc-8690-85b8cdac3f5d:192.168.5.159:44598, caa892f0-76ff-4c1e-b30f-b7c59842badc:192.168.5.159:39406] with ContainerStateMachine:uninitialized
2019-10-14 14:42:19,267 [pool-57-thread-1] INFO  server.RaftServerConfigKeys (ConfUtils.java:logGet(43)) - raft.server.rpc.timeout.min = 1s (custom)
2019-10-14 14:42:19,267 [pool-57-thread-1] INFO  server.RaftServerConfigKeys (ConfUtils.java:logGet(43)) - raft.server.rpc.timeout.max = 1200ms (custom)
2019-10-14 14:42:19,267 [pool-57-thread-1] INFO  server.RaftServerConfigKeys (ConfUtils.java:logGet(43)) - raft.server.rpcslowness.timeout = 120s (custom)
2019-10-14 14:42:19,268 [pool-57-thread-1] INFO  server.RaftServerConfigKeys (ConfUtils.java:logGet(43)) - raft.server.sleep.deviation.threshold = 300 (default)
2019-10-14 14:42:19,268 [pool-57-thread-1] INFO  server.RaftServerConfigKeys (ConfUtils.java:logGet(43)) - raft.server.log.appender.install.snapshot.enabled = false (custom)
2019-10-14 14:42:19,268 [pool-57-thread-1] INFO  impl.RaftServerImpl (ServerState.java:<init>(103)) - f9748ec4-5d8a-4dfc-8690-85b8cdac3f5d@group-EA752D978E74: ConfigurationManager, init=-1: [07a15819-e4fc-4072-82ac-b3e77a99d12a:192.168.5.159:45599, f9748ec4-5d8a-4dfc-8690-85b8cdac3f5d:192.168.5.159:44598, caa892f0-76ff-4c1e-b30f-b7c59842badc:192.168.5.159:39406], old=null, confs=<EMPTY_MAP>
2019-10-14 14:42:19,268 [pool-57-thread-1] INFO  server.RaftServerConfigKeys (ConfUtils.java:logGet(43)) - raft.server.storage.dir = [/workdir/hadoop-ozone/integration-test/target/test-dir/MiniOzoneClusterImpl-669d0a42-2836-47aa-b55b-95c9a6dd1017/datanode-3/data/ratis] (custom)
2019-10-14 14:42:19,268 [pool-57-thread-1] INFO  storage.RaftStorageDirectory (RaftStorageDirectory.java:analyzeStorage(246)) - The storage directory /workdir/hadoop-ozone/integration-test/target/test-dir/MiniOzoneClusterImpl-669d0a42-2836-47aa-b55b-95c9a6dd1017/datanode-3/data/ratis/b3ee6bb5-4f08-43b7-8ba8-ea752d978e74 does not exist. Creating ...
2019-10-14 14:42:19,268 [pool-37-thread-1] INFO  impl.RaftServerImpl (RaftServerImpl.java:<init>(95)) - 07a15819-e4fc-4072-82ac-b3e77a99d12a: new RaftServerImpl for group-EA752D978E74:[07a15819-e4fc-4072-82ac-b3e77a99d12a:192.168.5.159:45599, f9748ec4-5d8a-4dfc-8690-85b8cdac3f5d:192.168.5.159:44598, caa892f0-76ff-4c1e-b30f-b7c59842badc:192.168.5.159:39406] with ContainerStateMachine:uninitialized
2019-10-14 14:42:19,268 [pool-37-thread-1] INFO  server.RaftServerConfigKeys (ConfUtils.java:logGet(43)) - raft.server.rpc.timeout.min = 1s (custom)
2019-10-14 14:42:19,269 [pool-37-thread-1] INFO  server.RaftServerConfigKeys (ConfUtils.java:logGet(43)) - raft.server.rpc.timeout.max = 1200ms (custom)
2019-10-14 14:42:19,269 [pool-37-thread-1] INFO  server.RaftServerConfigKeys (ConfUtils.java:logGet(43)) - raft.server.rpcslowness.timeout = 120s (custom)
2019-10-14 14:42:19,269 [pool-37-thread-1] INFO  server.RaftServerConfigKeys (ConfUtils.java:logGet(43)) - raft.server.sleep.deviation.threshold = 300 (default)
2019-10-14 14:42:19,269 [pool-37-thread-1] INFO  server.RaftServerConfigKeys (ConfUtils.java:logGet(43)) - raft.server.log.appender.install.snapshot.enabled = false (custom)
2019-10-14 14:42:19,269 [pool-47-thread-1] INFO  impl.RaftServerImpl (RaftServerImpl.java:<init>(95)) - caa892f0-76ff-4c1e-b30f-b7c59842badc: new RaftServerImpl for group-EA752D978E74:[07a15819-e4fc-4072-82ac-b3e77a99d12a:192.168.5.159:45599, f9748ec4-5d8a-4dfc-8690-85b8cdac3f5d:192.168.5.159:44598, caa892f0-76ff-4c1e-b30f-b7c59842badc:192.168.5.159:39406] with ContainerStateMachine:uninitialized
2019-10-14 14:42:19,269 [pool-37-thread-1] INFO  impl.RaftServerImpl (ServerState.java:<init>(103)) - 07a15819-e4fc-4072-82ac-b3e77a99d12a@group-EA752D978E74: ConfigurationManager, init=-1: [07a15819-e4fc-4072-82ac-b3e77a99d12a:192.168.5.159:45599, f9748ec4-5d8a-4dfc-8690-85b8cdac3f5d:192.168.5.159:44598, caa892f0-76ff-4c1e-b30f-b7c59842badc:192.168.5.159:39406], old=null, confs=<EMPTY_MAP>
2019-10-14 14:42:19,269 [pool-47-thread-1] INFO  server.RaftServerConfigKeys (ConfUtils.java:logGet(43)) - raft.server.rpc.timeout.min = 1s (custom)
2019-10-14 14:42:19,270 [pool-37-thread-1] INFO  server.RaftServerConfigKeys (ConfUtils.java:logGet(43)) - raft.server.storage.dir = [/workdir/hadoop-ozone/integration-test/target/test-dir/MiniOzoneClusterImpl-669d0a42-2836-47aa-b55b-95c9a6dd1017/datanode-1/data/ratis] (custom)
2019-10-14 14:42:19,270 [pool-47-thread-1] INFO  server.RaftServerConfigKeys (ConfUtils.java:logGet(43)) - raft.server.rpc.timeout.max = 1200ms (custom)
2019-10-14 14:42:19,270 [pool-47-thread-1] INFO  server.RaftServerConfigKeys (ConfUtils.java:logGet(43)) - raft.server.rpcslowness.timeout = 120s (custom)
2019-10-14 14:42:19,270 [pool-37-thread-1] INFO  storage.RaftStorageDirectory (RaftStorageDirectory.java:analyzeStorage(246)) - The storage directory /workdir/hadoop-ozone/integration-test/target/test-dir/MiniOzoneClusterImpl-669d0a42-2836-47aa-b55b-95c9a6dd1017/datanode-1/data/ratis/b3ee6bb5-4f08-43b7-8ba8-ea752d978e74 does not exist. Creating ...
2019-10-14 14:42:19,270 [pool-47-thread-1] INFO  server.RaftServerConfigKeys (ConfUtils.java:logGet(43)) - raft.server.sleep.deviation.threshold = 300 (default)
2019-10-14 14:42:19,270 [pool-47-thread-1] INFO  server.RaftServerConfigKeys (ConfUtils.java:logGet(43)) - raft.server.log.appender.install.snapshot.enabled = false (custom)
2019-10-14 14:42:19,270 [pool-47-thread-1] INFO  impl.RaftServerImpl (ServerState.java:<init>(103)) - caa892f0-76ff-4c1e-b30f-b7c59842badc@group-EA752D978E74: ConfigurationManager, init=-1: [07a15819-e4fc-4072-82ac-b3e77a99d12a:192.168.5.159:45599, f9748ec4-5d8a-4dfc-8690-85b8cdac3f5d:192.168.5.159:44598, caa892f0-76ff-4c1e-b30f-b7c59842badc:192.168.5.159:39406], old=null, confs=<EMPTY_MAP>
2019-10-14 14:42:19,271 [pool-47-thread-1] INFO  server.RaftServerConfigKeys (ConfUtils.java:logGet(43)) - raft.server.storage.dir = [/workdir/hadoop-ozone/integration-test/target/test-dir/MiniOzoneClusterImpl-669d0a42-2836-47aa-b55b-95c9a6dd1017/datanode-2/data/ratis] (custom)
2019-10-14 14:42:19,271 [pool-47-thread-1] INFO  storage.RaftStorageDirectory (RaftStorageDirectory.java:analyzeStorage(246)) - The storage directory /workdir/hadoop-ozone/integration-test/target/test-dir/MiniOzoneClusterImpl-669d0a42-2836-47aa-b55b-95c9a6dd1017/datanode-2/data/ratis/b3ee6bb5-4f08-43b7-8ba8-ea752d978e74 does not exist. Creating ...
2019-10-14 14:42:19,282 [pool-47-thread-1] INFO  storage.RaftStorageDirectory (RaftStorageDirectory.java:tryLock(328)) - Lock on /workdir/hadoop-ozone/integration-test/target/test-dir/MiniOzoneClusterImpl-669d0a42-2836-47aa-b55b-95c9a6dd1017/datanode-2/data/ratis/b3ee6bb5-4f08-43b7-8ba8-ea752d978e74/in_use.lock acquired by nodename 25093@pr-hdds-1569-fwkxq-874464227
2019-10-14 14:42:19,282 [pool-37-thread-1] INFO  storage.RaftStorageDirectory (RaftStorageDirectory.java:tryLock(328)) - Lock on /workdir/hadoop-ozone/integration-test/target/test-dir/MiniOzoneClusterImpl-669d0a42-2836-47aa-b55b-95c9a6dd1017/datanode-1/data/ratis/b3ee6bb5-4f08-43b7-8ba8-ea752d978e74/in_use.lock acquired by nodename 25093@pr-hdds-1569-fwkxq-874464227
2019-10-14 14:42:19,282 [pool-57-thread-1] INFO  storage.RaftStorageDirectory (RaftStorageDirectory.java:tryLock(328)) - Lock on /workdir/hadoop-ozone/integration-test/target/test-dir/MiniOzoneClusterImpl-669d0a42-2836-47aa-b55b-95c9a6dd1017/datanode-3/data/ratis/b3ee6bb5-4f08-43b7-8ba8-ea752d978e74/in_use.lock acquired by nodename 25093@pr-hdds-1569-fwkxq-874464227
2019-10-14 14:42:19,289 [Thread-243] INFO  impl.FollowerState (FollowerState.java:run(106)) - b63a5968-b034-497d-a723-e18a7363a3f1:group-E9E18C041C43 changes to CANDIDATE, lastRpcTime:1137, electionTimeout:1136ms
2019-10-14 14:42:19,292 [Thread-243] INFO  impl.RoleInfo (RoleInfo.java:shutdownFollowerState(121)) - b63a5968-b034-497d-a723-e18a7363a3f1: shutdown FollowerState
2019-10-14 14:42:19,292 [Thread-243] INFO  impl.RaftServerImpl (RaftServerImpl.java:setRole(174)) - b63a5968-b034-497d-a723-e18a7363a3f1@group-E9E18C041C43: changes role from  FOLLOWER to CANDIDATE at term 0 for changeToCandidate
2019-10-14 14:42:19,292 [Thread-243] INFO  impl.RoleInfo (RoleInfo.java:updateAndGet(143)) - b63a5968-b034-497d-a723-e18a7363a3f1: start LeaderElection
2019-10-14 14:42:19,296 [pool-47-thread-1] INFO  storage.RaftStorage (RaftStorage.java:format(72)) - Storage directory /workdir/hadoop-ozone/integration-test/target/test-dir/MiniOzoneClusterImpl-669d0a42-2836-47aa-b55b-95c9a6dd1017/datanode-2/data/ratis/b3ee6bb5-4f08-43b7-8ba8-ea752d978e74 has been successfully formatted.
2019-10-14 14:42:19,296 [pool-37-thread-1] INFO  storage.RaftStorage (RaftStorage.java:format(72)) - Storage directory /workdir/hadoop-ozone/integration-test/target/test-dir/MiniOzoneClusterImpl-669d0a42-2836-47aa-b55b-95c9a6dd1017/datanode-1/data/ratis/b3ee6bb5-4f08-43b7-8ba8-ea752d978e74 has been successfully formatted.
2019-10-14 14:42:19,296 [pool-57-thread-1] INFO  storage.RaftStorage (RaftStorage.java:format(72)) - Storage directory /workdir/hadoop-ozone/integration-test/target/test-dir/MiniOzoneClusterImpl-669d0a42-2836-47aa-b55b-95c9a6dd1017/datanode-3/data/ratis/b3ee6bb5-4f08-43b7-8ba8-ea752d978e74 has been successfully formatted.
2019-10-14 14:42:19,297 [pool-47-thread-1] INFO  ratis.ContainerStateMachine (ContainerStateMachine.java:loadSnapshot(230)) - group-EA752D978E74: The snapshot info is null. Setting the last applied indexto:(t:0, i:~)
2019-10-14 14:42:19,297 [pool-57-thread-1] INFO  ratis.ContainerStateMachine (ContainerStateMachine.java:loadSnapshot(230)) - group-EA752D978E74: The snapshot info is null. Setting the last applied indexto:(t:0, i:~)
2019-10-14 14:42:19,297 [pool-37-thread-1] INFO  ratis.ContainerStateMachine (ContainerStateMachine.java:loadSnapshot(230)) - group-EA752D978E74: The snapshot info is null. Setting the last applied indexto:(t:0, i:~)
2019-10-14 14:42:19,298 [pool-57-thread-1] INFO  server.RaftServerConfigKeys (ConfUtils.java:logGet(43)) - raft.server.notification.no-leader.timeout = 120s (custom)
2019-10-14 14:42:19,298 [pool-47-thread-1] INFO  server.RaftServerConfigKeys (ConfUtils.java:logGet(43)) - raft.server.notification.no-leader.timeout = 120s (custom)
2019-10-14 14:42:19,298 [pool-57-thread-1] INFO  server.RaftServerConfigKeys (ConfUtils.java:logGet(43)) - raft.server.log.use.memory = false (default)
2019-10-14 14:42:19,298 [pool-37-thread-1] INFO  server.RaftServerConfigKeys (ConfUtils.java:logGet(43)) - raft.server.notification.no-leader.timeout = 120s (custom)
2019-10-14 14:42:19,298 [pool-57-thread-1] INFO  server.RaftServerConfigKeys (ConfUtils.java:logGet(43)) - raft.server.log.purge.gap = 1000000 (custom)
2019-10-14 14:42:19,298 [pool-47-thread-1] INFO  server.RaftServerConfigKeys (ConfUtils.java:logGet(43)) - raft.server.log.use.memory = false (default)
2019-10-14 14:42:19,299 [pool-57-thread-1] INFO  server.RaftServerConfigKeys (ConfUtils.java:logGet(43)) - raft.server.log.appender.buffer.byte-limit = 33554432 (custom)
2019-10-14 14:42:19,298 [pool-37-thread-1] INFO  server.RaftServerConfigKeys (ConfUtils.java:logGet(43)) - raft.server.log.use.memory = false (default)
2019-10-14 14:42:19,299 [pool-57-thread-1] INFO  server.RaftServerConfigKeys (ConfUtils.java:logGet(43)) - raft.server.log.segment.size.max = 1048576 (custom)
2019-10-14 14:42:19,299 [pool-47-thread-1] INFO  server.RaftServerConfigKeys (ConfUtils.java:logGet(43)) - raft.server.log.purge.gap = 1000000 (custom)
2019-10-14 14:42:19,299 [pool-57-thread-1] INFO  server.RaftServerConfigKeys (ConfUtils.java:logGet(43)) - raft.server.log.segment.cache.num.max = 2 (custom)
2019-10-14 14:42:19,299 [pool-37-thread-1] INFO  server.RaftServerConfigKeys (ConfUtils.java:logGet(43)) - raft.server.log.purge.gap = 1000000 (custom)
2019-10-14 14:42:19,299 [pool-57-thread-1] INFO  segmented.SegmentedRaftLogWorker (SegmentedRaftLogWorker.java:<init>(172)) - new f9748ec4-5d8a-4dfc-8690-85b8cdac3f5d@group-EA752D978E74-SegmentedRaftLogWorker for RaftStorage:Storage Directory /workdir/hadoop-ozone/integration-test/target/test-dir/MiniOzoneClusterImpl-669d0a42-2836-47aa-b55b-95c9a6dd1017/datanode-3/data/ratis/b3ee6bb5-4f08-43b7-8ba8-ea752d978e74
2019-10-14 14:42:19,299 [pool-47-thread-1] INFO  server.RaftServerConfigKeys (ConfUtils.java:logGet(43)) - raft.server.log.appender.buffer.byte-limit = 33554432 (custom)
2019-10-14 14:42:19,300 [pool-57-thread-1] INFO  server.RaftServerConfigKeys (ConfUtils.java:logGet(43)) - raft.server.log.queue.byte-limit = 2147483647 (custom)
2019-10-14 14:42:19,299 [pool-37-thread-1] INFO  server.RaftServerConfigKeys (ConfUtils.java:logGet(43)) - raft.server.log.appender.buffer.byte-limit = 33554432 (custom)
2019-10-14 14:42:19,300 [pool-57-thread-1] INFO  server.RaftServerConfigKeys (ConfUtils.java:logGet(43)) - raft.server.log.queue.element-limit = 1024 (custom)
2019-10-14 14:42:19,300 [pool-47-thread-1] INFO  server.RaftServerConfigKeys (ConfUtils.java:logGet(43)) - raft.server.log.segment.size.max = 1048576 (custom)
2019-10-14 14:42:19,300 [pool-57-thread-1] INFO  server.RaftServerConfigKeys (ConfUtils.java:logGet(43)) - raft.server.log.segment.size.max = 1048576 (custom)
2019-10-14 14:42:19,300 [pool-37-thread-1] INFO  server.RaftServerConfigKeys (ConfUtils.java:logGet(43)) - raft.server.log.segment.size.max = 1048576 (custom)
2019-10-14 14:42:19,300 [pool-57-thread-1] INFO  server.RaftServerConfigKeys (ConfUtils.java:logGet(43)) - raft.server.log.preallocated.size = 16384 (custom)
2019-10-14 14:42:19,300 [pool-47-thread-1] INFO  server.RaftServerConfigKeys (ConfUtils.java:logGet(43)) - raft.server.log.segment.cache.num.max = 2 (custom)
2019-10-14 14:42:19,302 [pool-57-thread-1] INFO  server.RaftServerConfigKeys (ConfUtils.java:logGet(43)) - raft.server.log.write.buffer.size = 33554432 (custom)
2019-10-14 14:42:19,301 [b63a5968-b034-497d-a723-e18a7363a3f1@group-E9E18C041C43:LeaderElection2] INFO  impl.LeaderElection (LeaderElection.java:askForVotes(182)) - b63a5968-b034-497d-a723-e18a7363a3f1@group-E9E18C041C43:LeaderElection2: begin an election at term 1 for -1: [b63a5968-b034-497d-a723-e18a7363a3f1:192.168.5.159:39007], old=null
2019-10-14 14:42:19,300 [pool-37-thread-1] INFO  server.RaftServerConfigKeys (ConfUtils.java:logGet(43)) - raft.server.log.segment.cache.num.max = 2 (custom)
2019-10-14 14:42:19,302 [b63a5968-b034-497d-a723-e18a7363a3f1@group-E9E18C041C43:LeaderElection2] INFO  impl.RoleInfo (RoleInfo.java:shutdownLeaderElection(134)) - b63a5968-b034-497d-a723-e18a7363a3f1: shutdown LeaderElection
2019-10-14 14:42:19,302 [pool-57-thread-1] INFO  server.RaftServerConfigKeys (ConfUtils.java:logGet(43)) - raft.server.log.force.sync.num = 128 (default)
2019-10-14 14:42:19,302 [pool-47-thread-1] INFO  segmented.SegmentedRaftLogWorker (SegmentedRaftLogWorker.java:<init>(172)) - new caa892f0-76ff-4c1e-b30f-b7c59842badc@group-EA752D978E74-SegmentedRaftLogWorker for RaftStorage:Storage Directory /workdir/hadoop-ozone/integration-test/target/test-dir/MiniOzoneClusterImpl-669d0a42-2836-47aa-b55b-95c9a6dd1017/datanode-2/data/ratis/b3ee6bb5-4f08-43b7-8ba8-ea752d978e74
2019-10-14 14:42:19,303 [pool-57-thread-1] INFO  server.RaftServerConfigKeys (ConfUtils.java:logGet(43)) - raft.server.log.statemachine.data.sync = true (default)
2019-10-14 14:42:19,302 [b63a5968-b034-497d-a723-e18a7363a3f1@group-E9E18C041C43:LeaderElection2] INFO  impl.RaftServerImpl (RaftServerImpl.java:setRole(174)) - b63a5968-b034-497d-a723-e18a7363a3f1@group-E9E18C041C43: changes role from CANDIDATE to LEADER at term 1 for changeToLeader
2019-10-14 14:42:19,302 [pool-37-thread-1] INFO  segmented.SegmentedRaftLogWorker (SegmentedRaftLogWorker.java:<init>(172)) - new 07a15819-e4fc-4072-82ac-b3e77a99d12a@group-EA752D978E74-SegmentedRaftLogWorker for RaftStorage:Storage Directory /workdir/hadoop-ozone/integration-test/target/test-dir/MiniOzoneClusterImpl-669d0a42-2836-47aa-b55b-95c9a6dd1017/datanode-1/data/ratis/b3ee6bb5-4f08-43b7-8ba8-ea752d978e74
2019-10-14 14:42:19,303 [pool-57-thread-1] INFO  server.RaftServerConfigKeys (ConfUtils.java:logGet(43)) - raft.server.log.statemachine.data.sync.timeout = 10s (default)
2019-10-14 14:42:19,303 [b63a5968-b034-497d-a723-e18a7363a3f1@group-E9E18C041C43:LeaderElection2] INFO  impl.RaftServerImpl (ServerState.java:setLeader(253)) - b63a5968-b034-497d-a723-e18a7363a3f1@group-E9E18C041C43: change Leader from null to b63a5968-b034-497d-a723-e18a7363a3f1 at term 1 for becomeLeader, leader elected after 1163ms
2019-10-14 14:42:19,303 [pool-47-thread-1] INFO  server.RaftServerConfigKeys (ConfUtils.java:logGet(43)) - raft.server.log.queue.byte-limit = 2147483647 (custom)
2019-10-14 14:42:19,304 [b63a5968-b034-497d-a723-e18a7363a3f1@group-E9E18C041C43:LeaderElection2] INFO  server.RaftServerConfigKeys (ConfUtils.java:logGet(43)) - raft.server.staging.catchup.gap = 1000 (default)
2019-10-14 14:42:19,303 [pool-57-thread-1] INFO  server.RaftServerConfigKeys (ConfUtils.java:logGet(43)) - raft.server.log.statemachine.data.sync.timeout.retry = -1 (default)
2019-10-14 14:42:19,303 [pool-37-thread-1] INFO  server.RaftServerConfigKeys (ConfUtils.java:logGet(43)) - raft.server.log.queue.byte-limit = 2147483647 (custom)
2019-10-14 14:42:19,305 [pool-57-thread-1] INFO  server.RaftServerConfigKeys (ConfUtils.java:logGet(43)) - raft.server.log.statemachine.data.caching.enabled = true (custom)
2019-10-14 14:42:19,305 [b63a5968-b034-497d-a723-e18a7363a3f1@group-E9E18C041C43:LeaderElection2] INFO  server.RaftServerConfigKeys (ConfUtils.java:logGet(43)) - raft.server.rpc.sleep.time = 25ms (default)
2019-10-14 14:42:19,305 [pool-47-thread-1] INFO  server.RaftServerConfigKeys (ConfUtils.java:logGet(43)) - raft.server.log.queue.element-limit = 1024 (custom)
2019-10-14 14:42:19,305 [b63a5968-b034-497d-a723-e18a7363a3f1@group-E9E18C041C43:LeaderElection2] INFO  server.RaftServerConfigKeys (ConfUtils.java:logGet(43)) - raft.server.write.element-limit = 4096 (default)
2019-10-14 14:42:19,305 [pool-37-thread-1] INFO  server.RaftServerConfigKeys (ConfUtils.java:logGet(43)) - raft.server.log.queue.element-limit = 1024 (custom)
2019-10-14 14:42:19,305 [b63a5968-b034-497d-a723-e18a7363a3f1@group-E9E18C041C43:LeaderElection2] INFO  server.RaftServerConfigKeys (ConfUtils.java:logGet(43)) - raft.server.watch.timeout = 10s (default)
2019-10-14 14:42:19,305 [pool-47-thread-1] INFO  server.RaftServerConfigKeys (ConfUtils.java:logGet(43)) - raft.server.log.segment.size.max = 1048576 (custom)
2019-10-14 14:42:19,305 [pool-57-thread-1] INFO  segmented.SegmentedRaftLogWorker (SegmentedRaftLogWorker.java:lambda$new$0(132)) - f9748ec4-5d8a-4dfc-8690-85b8cdac3f5d@group-EA752D978E74-SegmentedRaftLogWorker: flushIndex: setUnconditionally 0 -> -1
2019-10-14 14:42:19,306 [pool-47-thread-1] INFO  server.RaftServerConfigKeys (ConfUtils.java:logGet(43)) - raft.server.log.preallocated.size = 16384 (custom)
2019-10-14 14:42:19,306 [b63a5968-b034-497d-a723-e18a7363a3f1@group-E9E18C041C43:LeaderElection2] INFO  server.RaftServerConfigKeys (ConfUtils.java:logGet(43)) - raft.server.watch.timeout.denomination = 1s (default)
2019-10-14 14:42:19,306 [pool-57-thread-1] INFO  server.RaftServerConfigKeys (ConfUtils.java:logGet(43)) - raft.server.snapshot.auto.trigger.enabled = true (custom)
2019-10-14 14:42:19,305 [pool-37-thread-1] INFO  server.RaftServerConfigKeys (ConfUtils.java:logGet(43)) - raft.server.log.segment.size.max = 1048576 (custom)
2019-10-14 14:42:19,306 [pool-57-thread-1] INFO  server.RaftServerConfigKeys (ConfUtils.java:logGet(43)) - raft.server.snapshot.auto.trigger.threshold = 10000 (custom)
2019-10-14 14:42:19,306 [b63a5968-b034-497d-a723-e18a7363a3f1@group-E9E18C041C43:LeaderElection2] INFO  server.RaftServerConfigKeys (ConfUtils.java:logGet(43)) - raft.server.watch.element-limit = 65536 (default)
2019-10-14 14:42:19,306 [pool-47-thread-1] INFO  server.RaftServerConfigKeys (ConfUtils.java:logGet(43)) - raft.server.log.write.buffer.size = 33554432 (custom)
2019-10-14 14:42:19,306 [pool-57-thread-1] INFO  server.RaftServerConfigKeys (ConfUtils.java:logGet(43)) - raft.server.snapshot.retention.num.files = 5 (custom)
2019-10-14 14:42:19,306 [pool-37-thread-1] INFO  server.RaftServerConfigKeys (ConfUtils.java:logGet(43)) - raft.server.log.preallocated.size = 16384 (custom)
2019-10-14 14:42:19,307 [pool-57-thread-1] INFO  server.RaftServerConfigKeys (ConfUtils.java:logGet(43)) - raft.server.retrycache.expirytime = 600000ms (custom)
2019-10-14 14:42:19,306 [pool-47-thread-1] INFO  server.RaftServerConfigKeys (ConfUtils.java:logGet(43)) - raft.server.log.force.sync.num = 128 (default)
2019-10-14 14:42:19,307 [pool-37-thread-1] INFO  server.RaftServerConfigKeys (ConfUtils.java:logGet(43)) - raft.server.log.write.buffer.size = 33554432 (custom)
2019-10-14 14:42:19,307 [pool-47-thread-1] INFO  server.RaftServerConfigKeys (ConfUtils.java:logGet(43)) - raft.server.log.statemachine.data.sync = true (default)
2019-10-14 14:42:19,307 [pool-37-thread-1] INFO  server.RaftServerConfigKeys (ConfUtils.java:logGet(43)) - raft.server.log.force.sync.num = 128 (default)
2019-10-14 14:42:19,307 [pool-47-thread-1] INFO  server.RaftServerConfigKeys (ConfUtils.java:logGet(43)) - raft.server.log.statemachine.data.sync.timeout = 10s (default)
2019-10-14 14:42:19,307 [pool-37-thread-1] INFO  server.RaftServerConfigKeys (ConfUtils.java:logGet(43)) - raft.server.log.statemachine.data.sync = true (default)
2019-10-14 14:42:19,307 [pool-47-thread-1] INFO  server.RaftServerConfigKeys (ConfUtils.java:logGet(43)) - raft.server.log.statemachine.data.sync.timeout.retry = -1 (default)
2019-10-14 14:42:19,307 [pool-37-thread-1] INFO  server.RaftServerConfigKeys (ConfUtils.java:logGet(43)) - raft.server.log.statemachine.data.sync.timeout = 10s (default)
2019-10-14 14:42:19,308 [pool-47-thread-1] INFO  server.RaftServerConfigKeys (ConfUtils.java:logGet(43)) - raft.server.log.statemachine.data.caching.enabled = true (custom)
2019-10-14 14:42:19,308 [pool-37-thread-1] INFO  server.RaftServerConfigKeys (ConfUtils.java:logGet(43)) - raft.server.log.statemachine.data.sync.timeout.retry = -1 (default)
2019-10-14 14:42:19,308 [pool-37-thread-1] INFO  server.RaftServerConfigKeys (ConfUtils.java:logGet(43)) - raft.server.log.statemachine.data.caching.enabled = true (custom)
2019-10-14 14:42:19,308 [pool-47-thread-1] INFO  segmented.SegmentedRaftLogWorker (SegmentedRaftLogWorker.java:lambda$new$0(132)) - caa892f0-76ff-4c1e-b30f-b7c59842badc@group-EA752D978E74-SegmentedRaftLogWorker: flushIndex: setUnconditionally 0 -> -1
2019-10-14 14:42:19,308 [pool-37-thread-1] INFO  segmented.SegmentedRaftLogWorker (SegmentedRaftLogWorker.java:lambda$new$0(132)) - 07a15819-e4fc-4072-82ac-b3e77a99d12a@group-EA752D978E74-SegmentedRaftLogWorker: flushIndex: setUnconditionally 0 -> -1
2019-10-14 14:42:19,308 [pool-37-thread-1] INFO  server.RaftServerConfigKeys (ConfUtils.java:logGet(43)) - raft.server.snapshot.auto.trigger.enabled = true (custom)
2019-10-14 14:42:19,308 [pool-47-thread-1] INFO  server.RaftServerConfigKeys (ConfUtils.java:logGet(43)) - raft.server.snapshot.auto.trigger.enabled = true (custom)
2019-10-14 14:42:19,308 [pool-37-thread-1] INFO  server.RaftServerConfigKeys (ConfUtils.java:logGet(43)) - raft.server.snapshot.auto.trigger.threshold = 10000 (custom)
2019-10-14 14:42:19,309 [pool-47-thread-1] INFO  server.RaftServerConfigKeys (ConfUtils.java:logGet(43)) - raft.server.snapshot.auto.trigger.threshold = 10000 (custom)
2019-10-14 14:42:19,309 [pool-37-thread-1] INFO  server.RaftServerConfigKeys (ConfUtils.java:logGet(43)) - raft.server.snapshot.retention.num.files = 5 (custom)
2019-10-14 14:42:19,309 [pool-47-thread-1] INFO  server.RaftServerConfigKeys (ConfUtils.java:logGet(43)) - raft.server.snapshot.retention.num.files = 5 (custom)
2019-10-14 14:42:19,309 [b63a5968-b034-497d-a723-e18a7363a3f1@group-E9E18C041C43:LeaderElection2] INFO  impl.RoleInfo (RoleInfo.java:updateAndGet(143)) - b63a5968-b034-497d-a723-e18a7363a3f1: start LeaderState
2019-10-14 14:42:19,309 [pool-37-thread-1] INFO  server.RaftServerConfigKeys (ConfUtils.java:logGet(43)) - raft.server.retrycache.expirytime = 600000ms (custom)
2019-10-14 14:42:19,309 [pool-47-thread-1] INFO  server.RaftServerConfigKeys (ConfUtils.java:logGet(43)) - raft.server.retrycache.expirytime = 600000ms (custom)
2019-10-14 14:42:19,309 [b63a5968-b034-497d-a723-e18a7363a3f1@group-E9E18C041C43:LeaderElection2] INFO  segmented.SegmentedRaftLogWorker (SegmentedRaftLogWorker.java:startLogSegment(380)) - b63a5968-b034-497d-a723-e18a7363a3f1@group-E9E18C041C43-SegmentedRaftLogWorker: Starting segment from index:0
2019-10-14 14:42:19,309 [pool-57-thread-1] INFO  impl.RaftServerImpl (RaftServerImpl.java:start(185)) - f9748ec4-5d8a-4dfc-8690-85b8cdac3f5d@group-EA752D978E74: start as a follower, conf=-1: [07a15819-e4fc-4072-82ac-b3e77a99d12a:192.168.5.159:45599, f9748ec4-5d8a-4dfc-8690-85b8cdac3f5d:192.168.5.159:44598, caa892f0-76ff-4c1e-b30f-b7c59842badc:192.168.5.159:39406], old=null
2019-10-14 14:42:19,310 [pool-57-thread-1] INFO  impl.RaftServerImpl (RaftServerImpl.java:setRole(174)) - f9748ec4-5d8a-4dfc-8690-85b8cdac3f5d@group-EA752D978E74: changes role from      null to FOLLOWER at term 0 for startAsFollower
2019-10-14 14:42:19,310 [b63a5968-b034-497d-a723-e18a7363a3f1@group-E9E18C041C43:LeaderElection2] INFO  impl.RaftServerImpl (ServerState.java:setRaftConf(354)) - b63a5968-b034-497d-a723-e18a7363a3f1@group-E9E18C041C43: set configuration 0: [b63a5968-b034-497d-a723-e18a7363a3f1:192.168.5.159:39007], old=null at 0
2019-10-14 14:42:19,310 [pool-57-thread-1] INFO  impl.RoleInfo (RoleInfo.java:updateAndGet(143)) - f9748ec4-5d8a-4dfc-8690-85b8cdac3f5d: start FollowerState
2019-10-14 14:42:19,311 [pool-57-thread-1] INFO  util.JmxRegister (JmxRegister.java:tryRegister(44)) - Successfully registered JMX Bean with object name Ratis:service=RaftServer,group=group-EA752D978E74,id=f9748ec4-5d8a-4dfc-8690-85b8cdac3f5d
2019-10-14 14:42:19,403 [Thread-246] INFO  impl.FollowerState (FollowerState.java:run(106)) - 9a6c87f6-096e-4769-9132-289fb1aab8c2:group-BE36695BA8B9 changes to CANDIDATE, lastRpcTime:1097, electionTimeout:1081ms
2019-10-14 14:42:19,403 [Thread-246] INFO  impl.RoleInfo (RoleInfo.java:shutdownFollowerState(121)) - 9a6c87f6-096e-4769-9132-289fb1aab8c2: shutdown FollowerState
2019-10-14 14:42:19,406 [Thread-246] INFO  impl.RaftServerImpl (RaftServerImpl.java:setRole(174)) - 9a6c87f6-096e-4769-9132-289fb1aab8c2@group-BE36695BA8B9: changes role from  FOLLOWER to CANDIDATE at term 0 for changeToCandidate
2019-10-14 14:42:19,407 [Thread-246] INFO  impl.RoleInfo (RoleInfo.java:updateAndGet(143)) - 9a6c87f6-096e-4769-9132-289fb1aab8c2: start LeaderElection
2019-10-14 14:42:19,407 [pool-37-thread-1] INFO  impl.RaftServerImpl (RaftServerImpl.java:start(185)) - 07a15819-e4fc-4072-82ac-b3e77a99d12a@group-EA752D978E74: start as a follower, conf=-1: [07a15819-e4fc-4072-82ac-b3e77a99d12a:192.168.5.159:45599, f9748ec4-5d8a-4dfc-8690-85b8cdac3f5d:192.168.5.159:44598, caa892f0-76ff-4c1e-b30f-b7c59842badc:192.168.5.159:39406], old=null
2019-10-14 14:42:19,412 [pool-37-thread-1] INFO  impl.RaftServerImpl (RaftServerImpl.java:setRole(174)) - 07a15819-e4fc-4072-82ac-b3e77a99d12a@group-EA752D978E74: changes role from      null to FOLLOWER at term 0 for startAsFollower
2019-10-14 14:42:19,417 [pool-37-thread-1] INFO  impl.RoleInfo (RoleInfo.java:updateAndGet(143)) - 07a15819-e4fc-4072-82ac-b3e77a99d12a: start FollowerState
2019-10-14 14:42:19,417 [pool-47-thread-1] INFO  impl.RaftServerImpl (RaftServerImpl.java:start(185)) - caa892f0-76ff-4c1e-b30f-b7c59842badc@group-EA752D978E74: start as a follower, conf=-1: [07a15819-e4fc-4072-82ac-b3e77a99d12a:192.168.5.159:45599, f9748ec4-5d8a-4dfc-8690-85b8cdac3f5d:192.168.5.159:44598, caa892f0-76ff-4c1e-b30f-b7c59842badc:192.168.5.159:39406], old=null
2019-10-14 14:42:19,419 [pool-47-thread-1] INFO  impl.RaftServerImpl (RaftServerImpl.java:setRole(174)) - caa892f0-76ff-4c1e-b30f-b7c59842badc@group-EA752D978E74: changes role from      null to FOLLOWER at term 0 for startAsFollower
2019-10-14 14:42:19,419 [pool-37-thread-1] INFO  util.JmxRegister (JmxRegister.java:tryRegister(44)) - Successfully registered JMX Bean with object name Ratis:service=RaftServer,group=group-EA752D978E74,id=07a15819-e4fc-4072-82ac-b3e77a99d12a
2019-10-14 14:42:19,422 [pool-47-thread-1] INFO  impl.RoleInfo (RoleInfo.java:updateAndGet(143)) - caa892f0-76ff-4c1e-b30f-b7c59842badc: start FollowerState
2019-10-14 14:42:19,428 [pool-47-thread-1] INFO  util.JmxRegister (JmxRegister.java:tryRegister(44)) - Successfully registered JMX Bean with object name Ratis:service=RaftServer,group=group-EA752D978E74,id=caa892f0-76ff-4c1e-b30f-b7c59842badc
2019-10-14 14:42:19,439 [9a6c87f6-096e-4769-9132-289fb1aab8c2@group-BE36695BA8B9:LeaderElection3] INFO  impl.LeaderElection (LeaderElection.java:askForVotes(182)) - 9a6c87f6-096e-4769-9132-289fb1aab8c2@group-BE36695BA8B9:LeaderElection3: begin an election at term 1 for -1: [9a6c87f6-096e-4769-9132-289fb1aab8c2:192.168.5.159:46771], old=null
2019-10-14 14:42:19,468 [9a6c87f6-096e-4769-9132-289fb1aab8c2@group-BE36695BA8B9:LeaderElection3] INFO  impl.RoleInfo (RoleInfo.java:shutdownLeaderElection(134)) - 9a6c87f6-096e-4769-9132-289fb1aab8c2: shutdown LeaderElection
2019-10-14 14:42:19,469 [9a6c87f6-096e-4769-9132-289fb1aab8c2@group-BE36695BA8B9:LeaderElection3] INFO  impl.RaftServerImpl (RaftServerImpl.java:setRole(174)) - 9a6c87f6-096e-4769-9132-289fb1aab8c2@group-BE36695BA8B9: changes role from CANDIDATE to LEADER at term 1 for changeToLeader
2019-10-14 14:42:19,471 [9a6c87f6-096e-4769-9132-289fb1aab8c2@group-BE36695BA8B9:LeaderElection3] INFO  impl.RaftServerImpl (ServerState.java:setLeader(253)) - 9a6c87f6-096e-4769-9132-289fb1aab8c2@group-BE36695BA8B9: change Leader from null to 9a6c87f6-096e-4769-9132-289fb1aab8c2 at term 1 for becomeLeader, leader elected after 1221ms
2019-10-14 14:42:19,472 [9a6c87f6-096e-4769-9132-289fb1aab8c2@group-BE36695BA8B9:LeaderElection3] INFO  server.RaftServerConfigKeys (ConfUtils.java:logGet(43)) - raft.server.staging.catchup.gap = 1000 (default)
2019-10-14 14:42:19,473 [9a6c87f6-096e-4769-9132-289fb1aab8c2@group-BE36695BA8B9:LeaderElection3] INFO  server.RaftServerConfigKeys (ConfUtils.java:logGet(43)) - raft.server.rpc.sleep.time = 25ms (default)
2019-10-14 14:42:19,473 [9a6c87f6-096e-4769-9132-289fb1aab8c2@group-BE36695BA8B9:LeaderElection3] INFO  server.RaftServerConfigKeys (ConfUtils.java:logGet(43)) - raft.server.write.element-limit = 4096 (default)
2019-10-14 14:42:19,473 [9a6c87f6-096e-4769-9132-289fb1aab8c2@group-BE36695BA8B9:LeaderElection3] INFO  server.RaftServerConfigKeys (ConfUtils.java:logGet(43)) - raft.server.watch.timeout = 10s (default)
2019-10-14 14:42:19,473 [9a6c87f6-096e-4769-9132-289fb1aab8c2@group-BE36695BA8B9:LeaderElection3] INFO  server.RaftServerConfigKeys (ConfUtils.java:logGet(43)) - raft.server.watch.timeout.denomination = 1s (default)
2019-10-14 14:42:19,473 [RatisPipelineUtilsThread] INFO  pipeline.PipelineStateManager (PipelineStateManager.java:addPipeline(56)) - Created pipeline Pipeline[ Id: b3ee6bb5-4f08-43b7-8ba8-ea752d978e74, Nodes: 07a15819-e4fc-4072-82ac-b3e77a99d12a{ip: 192.168.5.159, host: pr-hdds-1569-fwkxq-874464227, networkLocation: /default-rack, certSerialId: null}f9748ec4-5d8a-4dfc-8690-85b8cdac3f5d{ip: 192.168.5.159, host: pr-hdds-1569-fwkxq-874464227, networkLocation: /default-rack, certSerialId: null}caa892f0-76ff-4c1e-b30f-b7c59842badc{ip: 192.168.5.159, host: pr-hdds-1569-fwkxq-874464227, networkLocation: /default-rack, certSerialId: null}, Type:RATIS, Factor:THREE, State:OPEN]
2019-10-14 14:42:19,474 [9a6c87f6-096e-4769-9132-289fb1aab8c2@group-BE36695BA8B9:LeaderElection3] INFO  server.RaftServerConfigKeys (ConfUtils.java:logGet(43)) - raft.server.watch.element-limit = 65536 (default)
2019-10-14 14:42:19,474 [RatisPipelineUtilsThread] INFO  pipeline.PipelinePlacementPolicy (PipelinePlacementPolicy.java:meetCriteria(104)) - Pipeline Placement: can't place more pipeline on heavy datanode： 8ca3ec46-7319-4283-b207-b730019dde55 Heaviness: 5 limit: 5
2019-10-14 14:42:19,476 [Thread-249] INFO  impl.FollowerState (FollowerState.java:run(106)) - caa892f0-76ff-4c1e-b30f-b7c59842badc:group-1858E7B6172A changes to CANDIDATE, lastRpcTime:1096, electionTimeout:1096ms
2019-10-14 14:42:19,476 [RatisPipelineUtilsThread] INFO  pipeline.PipelinePlacementPolicy (PipelinePlacementPolicy.java:meetCriteria(104)) - Pipeline Placement: can't place more pipeline on heavy datanode： b63a5968-b034-497d-a723-e18a7363a3f1 Heaviness: 5 limit: 5
2019-10-14 14:42:19,476 [Thread-249] INFO  impl.RoleInfo (RoleInfo.java:shutdownFollowerState(121)) - caa892f0-76ff-4c1e-b30f-b7c59842badc: shutdown FollowerState
2019-10-14 14:42:19,476 [RatisPipelineUtilsThread] INFO  pipeline.PipelinePlacementPolicy (PipelinePlacementPolicy.java:meetCriteria(104)) - Pipeline Placement: can't place more pipeline on heavy datanode： 9a6c87f6-096e-4769-9132-289fb1aab8c2 Heaviness: 5 limit: 5
2019-10-14 14:42:19,476 [Thread-249] INFO  impl.RaftServerImpl (RaftServerImpl.java:setRole(174)) - caa892f0-76ff-4c1e-b30f-b7c59842badc@group-1858E7B6172A: changes role from  FOLLOWER to CANDIDATE at term 0 for changeToCandidate
2019-10-14 14:42:19,477 [RatisPipelineUtilsThread] INFO  pipeline.PipelinePlacementPolicy (PipelinePlacementPolicy.java:meetCriteria(104)) - Pipeline Placement: can't place more pipeline on heavy datanode： caa892f0-76ff-4c1e-b30f-b7c59842badc Heaviness: 5 limit: 5
2019-10-14 14:42:19,477 [Thread-249] INFO  impl.RoleInfo (RoleInfo.java:updateAndGet(143)) - caa892f0-76ff-4c1e-b30f-b7c59842badc: start LeaderElection
2019-10-14 14:42:19,477 [RatisPipelineUtilsThread] INFO  pipeline.PipelinePlacementPolicy (PipelinePlacementPolicy.java:meetCriteria(104)) - Pipeline Placement: can't place more pipeline on heavy datanode： 07a15819-e4fc-4072-82ac-b3e77a99d12a Heaviness: 5 limit: 5
2019-10-14 14:42:19,479 [RatisPipelineUtilsThread] INFO  pipeline.PipelinePlacementPolicy (PipelinePlacementPolicy.java:meetCriteria(104)) - Pipeline Placement: can't place more pipeline on heavy datanode： f9748ec4-5d8a-4dfc-8690-85b8cdac3f5d Heaviness: 5 limit: 5
2019-10-14 14:42:19,482 [9a6c87f6-096e-4769-9132-289fb1aab8c2@group-BE36695BA8B9:LeaderElection3] INFO  impl.RoleInfo (RoleInfo.java:updateAndGet(143)) - 9a6c87f6-096e-4769-9132-289fb1aab8c2: start LeaderState
2019-10-14 14:42:19,483 [RatisPipelineUtilsThread] ERROR pipeline.PipelinePlacementPolicy (PipelinePlacementPolicy.java:filterViableNodes(162)) - Unable to find enough nodes that meet the criteria that cannot engage in more than 5 pipelines. Nodes required: 3 Found: 1, healthy nodes count in NodeManager: 7.
2019-10-14 14:42:19,483 [9a6c87f6-096e-4769-9132-289fb1aab8c2@group-BE36695BA8B9:LeaderElection3] INFO  segmented.SegmentedRaftLogWorker (SegmentedRaftLogWorker.java:startLogSegment(380)) - 9a6c87f6-096e-4769-9132-289fb1aab8c2@group-BE36695BA8B9-SegmentedRaftLogWorker: Starting segment from index:0
2019-10-14 14:42:19,483 [RatisPipelineUtilsThread] ERROR pipeline.SCMPipelineManager (SCMPipelineManager.java:createPipeline(193)) - Pipeline creation failed.
org.apache.hadoop.hdds.scm.exceptions.SCMException: Unable to find enough nodes that meet the criteria that cannot engage in more than 5 pipelines. Nodes required: 3 Found: 1, healthy nodes count in NodeManager: 7.
	at org.apache.hadoop.hdds.scm.pipeline.PipelinePlacementPolicy.filterViableNodes(PipelinePlacementPolicy.java:163)
	at org.apache.hadoop.hdds.scm.pipeline.PipelinePlacementPolicy.chooseDatanodes(PipelinePlacementPolicy.java:186)
	at org.apache.hadoop.hdds.scm.pipeline.RatisPipelineProvider.create(RatisPipelineProvider.java:131)
	at org.apache.hadoop.hdds.scm.pipeline.PipelineFactory.create(PipelineFactory.java:58)
	at org.apache.hadoop.hdds.scm.pipeline.SCMPipelineManager.createPipeline(SCMPipelineManager.java:183)
	at org.apache.hadoop.hdds.scm.pipeline.BackgroundPipelineCreator.createPipelines(BackgroundPipelineCreator.java:100)
	at java.util.concurrent.Executors$RunnableAdapter.call(Executors.java:511)
	at java.util.concurrent.FutureTask.run(FutureTask.java:266)
	at java.util.concurrent.ScheduledThreadPoolExecutor$ScheduledFutureTask.access$201(ScheduledThreadPoolExecutor.java:180)
	at java.util.concurrent.ScheduledThreadPoolExecutor$ScheduledFutureTask.run(ScheduledThreadPoolExecutor.java:293)
	at java.util.concurrent.ThreadPoolExecutor.runWorker(ThreadPoolExecutor.java:1149)
	at java.util.concurrent.ThreadPoolExecutor$Worker.run(ThreadPoolExecutor.java:624)
	at java.lang.Thread.run(Thread.java:748)
2019-10-14 14:42:19,483 [9a6c87f6-096e-4769-9132-289fb1aab8c2@group-BE36695BA8B9:LeaderElection3] INFO  impl.RaftServerImpl (ServerState.java:setRaftConf(354)) - 9a6c87f6-096e-4769-9132-289fb1aab8c2@group-BE36695BA8B9: set configuration 0: [9a6c87f6-096e-4769-9132-289fb1aab8c2:192.168.5.159:46771], old=null at 0
2019-10-14 14:42:19,486 [RatisPipelineUtilsThread] INFO  pipeline.PipelinePlacementPolicy (PipelinePlacementPolicy.java:meetCriteria(104)) - Pipeline Placement: can't place more pipeline on heavy datanode： 8ca3ec46-7319-4283-b207-b730019dde55 Heaviness: 5 limit: 5
2019-10-14 14:42:19,486 [RatisPipelineUtilsThread] INFO  pipeline.PipelinePlacementPolicy (PipelinePlacementPolicy.java:meetCriteria(104)) - Pipeline Placement: can't place more pipeline on heavy datanode： b63a5968-b034-497d-a723-e18a7363a3f1 Heaviness: 5 limit: 5
2019-10-14 14:42:19,486 [RatisPipelineUtilsThread] INFO  pipeline.PipelinePlacementPolicy (PipelinePlacementPolicy.java:meetCriteria(104)) - Pipeline Placement: can't place more pipeline on heavy datanode： 9a6c87f6-096e-4769-9132-289fb1aab8c2 Heaviness: 5 limit: 5
2019-10-14 14:42:19,486 [RatisPipelineUtilsThread] INFO  pipeline.PipelinePlacementPolicy (PipelinePlacementPolicy.java:meetCriteria(104)) - Pipeline Placement: can't place more pipeline on heavy datanode： caa892f0-76ff-4c1e-b30f-b7c59842badc Heaviness: 5 limit: 5
2019-10-14 14:42:19,487 [RatisPipelineUtilsThread] INFO  pipeline.PipelinePlacementPolicy (PipelinePlacementPolicy.java:meetCriteria(104)) - Pipeline Placement: can't place more pipeline on heavy datanode： 07a15819-e4fc-4072-82ac-b3e77a99d12a Heaviness: 5 limit: 5
2019-10-14 14:42:19,487 [RatisPipelineUtilsThread] INFO  pipeline.PipelinePlacementPolicy (PipelinePlacementPolicy.java:meetCriteria(104)) - Pipeline Placement: can't place more pipeline on heavy datanode： f9748ec4-5d8a-4dfc-8690-85b8cdac3f5d Heaviness: 5 limit: 5
2019-10-14 14:42:19,487 [RatisPipelineUtilsThread] ERROR pipeline.PipelinePlacementPolicy (PipelinePlacementPolicy.java:filterViableNodes(162)) - Unable to find enough nodes that meet the criteria that cannot engage in more than 5 pipelines. Nodes required: 3 Found: 1, healthy nodes count in NodeManager: 7.
2019-10-14 14:42:19,487 [RatisPipelineUtilsThread] ERROR pipeline.SCMPipelineManager (SCMPipelineManager.java:createPipeline(193)) - Pipeline creation failed.
org.apache.hadoop.hdds.scm.exceptions.SCMException: Unable to find enough nodes that meet the criteria that cannot engage in more than 5 pipelines. Nodes required: 3 Found: 1, healthy nodes count in NodeManager: 7.
	at org.apache.hadoop.hdds.scm.pipeline.PipelinePlacementPolicy.filterViableNodes(PipelinePlacementPolicy.java:163)
	at org.apache.hadoop.hdds.scm.pipeline.PipelinePlacementPolicy.chooseDatanodes(PipelinePlacementPolicy.java:186)
	at org.apache.hadoop.hdds.scm.pipeline.RatisPipelineProvider.create(RatisPipelineProvider.java:131)
	at org.apache.hadoop.hdds.scm.pipeline.PipelineFactory.create(PipelineFactory.java:58)
	at org.apache.hadoop.hdds.scm.pipeline.SCMPipelineManager.createPipeline(SCMPipelineManager.java:183)
	at org.apache.hadoop.hdds.scm.pipeline.BackgroundPipelineCreator.createPipelines(BackgroundPipelineCreator.java:100)
	at org.apache.hadoop.hdds.scm.pipeline.BackgroundPipelineCreator.lambda$startFixedIntervalPipelineCreator$0(BackgroundPipelineCreator.java:70)
	at java.util.concurrent.Executors$RunnableAdapter.call(Executors.java:511)
	at java.util.concurrent.FutureTask.runAndReset(FutureTask.java:308)
	at java.util.concurrent.ScheduledThreadPoolExecutor$ScheduledFutureTask.access$301(ScheduledThreadPoolExecutor.java:180)
	at java.util.concurrent.ScheduledThreadPoolExecutor$ScheduledFutureTask.run(ScheduledThreadPoolExecutor.java:294)
	at java.util.concurrent.ThreadPoolExecutor.runWorker(ThreadPoolExecutor.java:1149)
	at java.util.concurrent.ThreadPoolExecutor$Worker.run(ThreadPoolExecutor.java:624)
	at java.lang.Thread.run(Thread.java:748)
2019-10-14 14:42:19,495 [caa892f0-76ff-4c1e-b30f-b7c59842badc@group-1858E7B6172A:LeaderElection4] INFO  impl.LeaderElection (LeaderElection.java:askForVotes(182)) - caa892f0-76ff-4c1e-b30f-b7c59842badc@group-1858E7B6172A:LeaderElection4: begin an election at term 1 for -1: [caa892f0-76ff-4c1e-b30f-b7c59842badc:192.168.5.159:39406], old=null
2019-10-14 14:42:19,495 [caa892f0-76ff-4c1e-b30f-b7c59842badc@group-1858E7B6172A:LeaderElection4] INFO  impl.RoleInfo (RoleInfo.java:shutdownLeaderElection(134)) - caa892f0-76ff-4c1e-b30f-b7c59842badc: shutdown LeaderElection
2019-10-14 14:42:19,495 [caa892f0-76ff-4c1e-b30f-b7c59842badc@group-1858E7B6172A:LeaderElection4] INFO  impl.RaftServerImpl (RaftServerImpl.java:setRole(174)) - caa892f0-76ff-4c1e-b30f-b7c59842badc@group-1858E7B6172A: changes role from CANDIDATE to LEADER at term 1 for changeToLeader
2019-10-14 14:42:19,495 [caa892f0-76ff-4c1e-b30f-b7c59842badc@group-1858E7B6172A:LeaderElection4] INFO  impl.RaftServerImpl (ServerState.java:setLeader(253)) - caa892f0-76ff-4c1e-b30f-b7c59842badc@group-1858E7B6172A: change Leader from null to caa892f0-76ff-4c1e-b30f-b7c59842badc at term 1 for becomeLeader, leader elected after 1128ms
2019-10-14 14:42:19,507 [caa892f0-76ff-4c1e-b30f-b7c59842badc@group-1858E7B6172A:LeaderElection4] INFO  server.RaftServerConfigKeys (ConfUtils.java:logGet(43)) - raft.server.staging.catchup.gap = 1000 (default)
2019-10-14 14:42:19,507 [caa892f0-76ff-4c1e-b30f-b7c59842badc@group-1858E7B6172A:LeaderElection4] INFO  server.RaftServerConfigKeys (ConfUtils.java:logGet(43)) - raft.server.rpc.sleep.time = 25ms (default)
2019-10-14 14:42:19,507 [caa892f0-76ff-4c1e-b30f-b7c59842badc@group-1858E7B6172A:LeaderElection4] INFO  server.RaftServerConfigKeys (ConfUtils.java:logGet(43)) - raft.server.write.element-limit = 4096 (default)
2019-10-14 14:42:19,507 [caa892f0-76ff-4c1e-b30f-b7c59842badc@group-1858E7B6172A:LeaderElection4] INFO  server.RaftServerConfigKeys (ConfUtils.java:logGet(43)) - raft.server.watch.timeout = 10s (default)
2019-10-14 14:42:19,509 [caa892f0-76ff-4c1e-b30f-b7c59842badc@group-1858E7B6172A:LeaderElection4] INFO  server.RaftServerConfigKeys (ConfUtils.java:logGet(43)) - raft.server.watch.timeout.denomination = 1s (default)
2019-10-14 14:42:19,509 [caa892f0-76ff-4c1e-b30f-b7c59842badc@group-1858E7B6172A:LeaderElection4] INFO  server.RaftServerConfigKeys (ConfUtils.java:logGet(43)) - raft.server.watch.element-limit = 65536 (default)
2019-10-14 14:42:19,513 [caa892f0-76ff-4c1e-b30f-b7c59842badc@group-1858E7B6172A:LeaderElection4] INFO  impl.RoleInfo (RoleInfo.java:updateAndGet(143)) - caa892f0-76ff-4c1e-b30f-b7c59842badc: start LeaderState
2019-10-14 14:42:19,513 [caa892f0-76ff-4c1e-b30f-b7c59842badc@group-1858E7B6172A:LeaderElection4] INFO  segmented.SegmentedRaftLogWorker (SegmentedRaftLogWorker.java:startLogSegment(380)) - caa892f0-76ff-4c1e-b30f-b7c59842badc@group-1858E7B6172A-SegmentedRaftLogWorker: Starting segment from index:0
2019-10-14 14:42:19,514 [caa892f0-76ff-4c1e-b30f-b7c59842badc@group-1858E7B6172A:LeaderElection4] INFO  impl.RaftServerImpl (ServerState.java:setRaftConf(354)) - caa892f0-76ff-4c1e-b30f-b7c59842badc@group-1858E7B6172A: set configuration 0: [caa892f0-76ff-4c1e-b30f-b7c59842badc:192.168.5.159:39406], old=null at 0
2019-10-14 14:42:19,591 [Thread-252] INFO  impl.FollowerState (FollowerState.java:run(106)) - 07a15819-e4fc-4072-82ac-b3e77a99d12a:group-942654BE9B20 changes to CANDIDATE, lastRpcTime:1137, electionTimeout:1135ms
2019-10-14 14:42:19,591 [Thread-252] INFO  impl.RoleInfo (RoleInfo.java:shutdownFollowerState(121)) - 07a15819-e4fc-4072-82ac-b3e77a99d12a: shutdown FollowerState
2019-10-14 14:42:19,592 [Thread-252] INFO  impl.RaftServerImpl (RaftServerImpl.java:setRole(174)) - 07a15819-e4fc-4072-82ac-b3e77a99d12a@group-942654BE9B20: changes role from  FOLLOWER to CANDIDATE at term 0 for changeToCandidate
2019-10-14 14:42:19,604 [Thread-252] INFO  impl.RoleInfo (RoleInfo.java:updateAndGet(143)) - 07a15819-e4fc-4072-82ac-b3e77a99d12a: start LeaderElection
2019-10-14 14:42:19,639 [9a6c87f6-096e-4769-9132-289fb1aab8c2@group-BE36695BA8B9-SegmentedRaftLogWorker] INFO  segmented.SegmentedRaftLogWorker (SegmentedRaftLogWorker.java:execute(569)) - 9a6c87f6-096e-4769-9132-289fb1aab8c2@group-BE36695BA8B9-SegmentedRaftLogWorker: created new log segment /workdir/hadoop-ozone/integration-test/target/test-dir/MiniOzoneClusterImpl-669d0a42-2836-47aa-b55b-95c9a6dd1017/datanode-5/data/ratis/3f396000-81db-4e8c-aa7e-be36695ba8b9/current/log_inprogress_0
2019-10-14 14:42:19,639 [b63a5968-b034-497d-a723-e18a7363a3f1@group-E9E18C041C43-SegmentedRaftLogWorker] INFO  segmented.SegmentedRaftLogWorker (SegmentedRaftLogWorker.java:execute(569)) - b63a5968-b034-497d-a723-e18a7363a3f1@group-E9E18C041C43-SegmentedRaftLogWorker: created new log segment /workdir/hadoop-ozone/integration-test/target/test-dir/MiniOzoneClusterImpl-669d0a42-2836-47aa-b55b-95c9a6dd1017/datanode-6/data/ratis/2016483d-7ab4-4005-b551-e9e18c041c43/current/log_inprogress_0
2019-10-14 14:42:19,639 [07a15819-e4fc-4072-82ac-b3e77a99d12a@group-942654BE9B20:LeaderElection5] INFO  impl.LeaderElection (LeaderElection.java:askForVotes(182)) - 07a15819-e4fc-4072-82ac-b3e77a99d12a@group-942654BE9B20:LeaderElection5: begin an election at term 1 for -1: [07a15819-e4fc-4072-82ac-b3e77a99d12a:192.168.5.159:45599], old=null
2019-10-14 14:42:19,639 [caa892f0-76ff-4c1e-b30f-b7c59842badc@group-1858E7B6172A-SegmentedRaftLogWorker] INFO  segmented.SegmentedRaftLogWorker (SegmentedRaftLogWorker.java:execute(569)) - caa892f0-76ff-4c1e-b30f-b7c59842badc@group-1858E7B6172A-SegmentedRaftLogWorker: created new log segment /workdir/hadoop-ozone/integration-test/target/test-dir/MiniOzoneClusterImpl-669d0a42-2836-47aa-b55b-95c9a6dd1017/datanode-2/data/ratis/e1d61cf8-7884-4f46-b783-1858e7b6172a/current/log_inprogress_0
2019-10-14 14:42:19,639 [8ca3ec46-7319-4283-b207-b730019dde55@group-2502542E7A07-SegmentedRaftLogWorker] INFO  segmented.SegmentedRaftLogWorker (SegmentedRaftLogWorker.java:execute(569)) - 8ca3ec46-7319-4283-b207-b730019dde55@group-2502542E7A07-SegmentedRaftLogWorker: created new log segment /workdir/hadoop-ozone/integration-test/target/test-dir/MiniOzoneClusterImpl-669d0a42-2836-47aa-b55b-95c9a6dd1017/datanode-0/data/ratis/1651fa6d-b0c2-4b64-941e-2502542e7a07/current/log_inprogress_0
2019-10-14 14:42:19,640 [07a15819-e4fc-4072-82ac-b3e77a99d12a@group-942654BE9B20:LeaderElection5] INFO  impl.RoleInfo (RoleInfo.java:shutdownLeaderElection(134)) - 07a15819-e4fc-4072-82ac-b3e77a99d12a: shutdown LeaderElection
2019-10-14 14:42:19,640 [07a15819-e4fc-4072-82ac-b3e77a99d12a@group-942654BE9B20:LeaderElection5] INFO  impl.RaftServerImpl (RaftServerImpl.java:setRole(174)) - 07a15819-e4fc-4072-82ac-b3e77a99d12a@group-942654BE9B20: changes role from CANDIDATE to LEADER at term 1 for changeToLeader
2019-10-14 14:42:19,640 [07a15819-e4fc-4072-82ac-b3e77a99d12a@group-942654BE9B20:LeaderElection5] INFO  impl.RaftServerImpl (ServerState.java:setLeader(253)) - 07a15819-e4fc-4072-82ac-b3e77a99d12a@group-942654BE9B20: change Leader from null to 07a15819-e4fc-4072-82ac-b3e77a99d12a at term 1 for becomeLeader, leader elected after 1195ms
2019-10-14 14:42:19,642 [07a15819-e4fc-4072-82ac-b3e77a99d12a@group-942654BE9B20:LeaderElection5] INFO  server.RaftServerConfigKeys (ConfUtils.java:logGet(43)) - raft.server.staging.catchup.gap = 1000 (default)
2019-10-14 14:42:19,642 [07a15819-e4fc-4072-82ac-b3e77a99d12a@group-942654BE9B20:LeaderElection5] INFO  server.RaftServerConfigKeys (ConfUtils.java:logGet(43)) - raft.server.rpc.sleep.time = 25ms (default)
2019-10-14 14:42:19,642 [07a15819-e4fc-4072-82ac-b3e77a99d12a@group-942654BE9B20:LeaderElection5] INFO  server.RaftServerConfigKeys (ConfUtils.java:logGet(43)) - raft.server.write.element-limit = 4096 (default)
2019-10-14 14:42:19,642 [07a15819-e4fc-4072-82ac-b3e77a99d12a@group-942654BE9B20:LeaderElection5] INFO  server.RaftServerConfigKeys (ConfUtils.java:logGet(43)) - raft.server.watch.timeout = 10s (default)
2019-10-14 14:42:19,643 [07a15819-e4fc-4072-82ac-b3e77a99d12a@group-942654BE9B20:LeaderElection5] INFO  server.RaftServerConfigKeys (ConfUtils.java:logGet(43)) - raft.server.watch.timeout.denomination = 1s (default)
2019-10-14 14:42:19,643 [07a15819-e4fc-4072-82ac-b3e77a99d12a@group-942654BE9B20:LeaderElection5] INFO  server.RaftServerConfigKeys (ConfUtils.java:logGet(43)) - raft.server.watch.element-limit = 65536 (default)
2019-10-14 14:42:19,646 [07a15819-e4fc-4072-82ac-b3e77a99d12a@group-942654BE9B20:LeaderElection5] INFO  impl.RoleInfo (RoleInfo.java:updateAndGet(143)) - 07a15819-e4fc-4072-82ac-b3e77a99d12a: start LeaderState
2019-10-14 14:42:19,646 [07a15819-e4fc-4072-82ac-b3e77a99d12a@group-942654BE9B20:LeaderElection5] INFO  segmented.SegmentedRaftLogWorker (SegmentedRaftLogWorker.java:startLogSegment(380)) - 07a15819-e4fc-4072-82ac-b3e77a99d12a@group-942654BE9B20-SegmentedRaftLogWorker: Starting segment from index:0
2019-10-14 14:42:19,647 [07a15819-e4fc-4072-82ac-b3e77a99d12a@group-942654BE9B20:LeaderElection5] INFO  impl.RaftServerImpl (ServerState.java:setRaftConf(354)) - 07a15819-e4fc-4072-82ac-b3e77a99d12a@group-942654BE9B20: set configuration 0: [07a15819-e4fc-4072-82ac-b3e77a99d12a:192.168.5.159:45599], old=null at 0
2019-10-14 14:42:19,683 [07a15819-e4fc-4072-82ac-b3e77a99d12a@group-942654BE9B20-SegmentedRaftLogWorker] INFO  segmented.SegmentedRaftLogWorker (SegmentedRaftLogWorker.java:execute(569)) - 07a15819-e4fc-4072-82ac-b3e77a99d12a@group-942654BE9B20-SegmentedRaftLogWorker: created new log segment /workdir/hadoop-ozone/integration-test/target/test-dir/MiniOzoneClusterImpl-669d0a42-2836-47aa-b55b-95c9a6dd1017/datanode-1/data/ratis/ac28a0cb-0f71-4307-9666-942654be9b20/current/log_inprogress_0
2019-10-14 14:42:19,739 [Thread-255] INFO  impl.FollowerState (FollowerState.java:run(106)) - f9748ec4-5d8a-4dfc-8690-85b8cdac3f5d:group-71A15BF1B0A3 changes to CANDIDATE, lastRpcTime:1203, electionTimeout:1199ms
2019-10-14 14:42:19,747 [Thread-258] INFO  impl.FollowerState (FollowerState.java:run(106)) - b5473c3a-58c1-45a3-8583-afed2a32f44c:group-B45722534A6F changes to CANDIDATE, lastRpcTime:1132, electionTimeout:1123ms
2019-10-14 14:42:19,750 [Thread-255] INFO  impl.RoleInfo (RoleInfo.java:shutdownFollowerState(121)) - f9748ec4-5d8a-4dfc-8690-85b8cdac3f5d: shutdown FollowerState
2019-10-14 14:42:19,754 [Thread-258] INFO  impl.RoleInfo (RoleInfo.java:shutdownFollowerState(121)) - b5473c3a-58c1-45a3-8583-afed2a32f44c: shutdown FollowerState
2019-10-14 14:42:19,754 [Thread-255] INFO  impl.RaftServerImpl (RaftServerImpl.java:setRole(174)) - f9748ec4-5d8a-4dfc-8690-85b8cdac3f5d@group-71A15BF1B0A3: changes role from  FOLLOWER to CANDIDATE at term 0 for changeToCandidate
2019-10-14 14:42:19,754 [Thread-258] INFO  impl.RaftServerImpl (RaftServerImpl.java:setRole(174)) - b5473c3a-58c1-45a3-8583-afed2a32f44c@group-B45722534A6F: changes role from  FOLLOWER to CANDIDATE at term 0 for changeToCandidate
2019-10-14 14:42:19,754 [Thread-255] INFO  impl.RoleInfo (RoleInfo.java:updateAndGet(143)) - f9748ec4-5d8a-4dfc-8690-85b8cdac3f5d: start LeaderElection
2019-10-14 14:42:19,754 [Thread-258] INFO  impl.RoleInfo (RoleInfo.java:updateAndGet(143)) - b5473c3a-58c1-45a3-8583-afed2a32f44c: start LeaderElection
2019-10-14 14:42:19,770 [main] INFO  rpc.RpcClient (RpcClient.java:createVolume(276)) - Creating Volume: watchforcommithandlingtest, with jenkins1000 as owner.
2019-10-14 14:42:19,779 [f9748ec4-5d8a-4dfc-8690-85b8cdac3f5d@group-71A15BF1B0A3:LeaderElection6] INFO  impl.LeaderElection (LeaderElection.java:askForVotes(182)) - f9748ec4-5d8a-4dfc-8690-85b8cdac3f5d@group-71A15BF1B0A3:LeaderElection6: begin an election at term 1 for -1: [f9748ec4-5d8a-4dfc-8690-85b8cdac3f5d:192.168.5.159:44598], old=null
2019-10-14 14:42:19,779 [b5473c3a-58c1-45a3-8583-afed2a32f44c@group-B45722534A6F:LeaderElection7] INFO  impl.LeaderElection (LeaderElection.java:askForVotes(182)) - b5473c3a-58c1-45a3-8583-afed2a32f44c@group-B45722534A6F:LeaderElection7: begin an election at term 1 for -1: [b5473c3a-58c1-45a3-8583-afed2a32f44c:192.168.5.159:42233], old=null
2019-10-14 14:42:19,779 [f9748ec4-5d8a-4dfc-8690-85b8cdac3f5d@group-71A15BF1B0A3:LeaderElection6] INFO  impl.RoleInfo (RoleInfo.java:shutdownLeaderElection(134)) - f9748ec4-5d8a-4dfc-8690-85b8cdac3f5d: shutdown LeaderElection
2019-10-14 14:42:19,779 [b5473c3a-58c1-45a3-8583-afed2a32f44c@group-B45722534A6F:LeaderElection7] INFO  impl.RoleInfo (RoleInfo.java:shutdownLeaderElection(134)) - b5473c3a-58c1-45a3-8583-afed2a32f44c: shutdown LeaderElection
2019-10-14 14:42:19,779 [f9748ec4-5d8a-4dfc-8690-85b8cdac3f5d@group-71A15BF1B0A3:LeaderElection6] INFO  impl.RaftServerImpl (RaftServerImpl.java:setRole(174)) - f9748ec4-5d8a-4dfc-8690-85b8cdac3f5d@group-71A15BF1B0A3: changes role from CANDIDATE to LEADER at term 1 for changeToLeader
2019-10-14 14:42:19,779 [b5473c3a-58c1-45a3-8583-afed2a32f44c@group-B45722534A6F:LeaderElection7] INFO  impl.RaftServerImpl (RaftServerImpl.java:setRole(174)) - b5473c3a-58c1-45a3-8583-afed2a32f44c@group-B45722534A6F: changes role from CANDIDATE to LEADER at term 1 for changeToLeader
2019-10-14 14:42:19,779 [f9748ec4-5d8a-4dfc-8690-85b8cdac3f5d@group-71A15BF1B0A3:LeaderElection6] INFO  impl.RaftServerImpl (ServerState.java:setLeader(253)) - f9748ec4-5d8a-4dfc-8690-85b8cdac3f5d@group-71A15BF1B0A3: change Leader from null to f9748ec4-5d8a-4dfc-8690-85b8cdac3f5d at term 1 for becomeLeader, leader elected after 1256ms
2019-10-14 14:42:19,779 [b5473c3a-58c1-45a3-8583-afed2a32f44c@group-B45722534A6F:LeaderElection7] INFO  impl.RaftServerImpl (ServerState.java:setLeader(253)) - b5473c3a-58c1-45a3-8583-afed2a32f44c@group-B45722534A6F: change Leader from null to b5473c3a-58c1-45a3-8583-afed2a32f44c at term 1 for becomeLeader, leader elected after 1173ms
2019-10-14 14:42:19,781 [f9748ec4-5d8a-4dfc-8690-85b8cdac3f5d@group-71A15BF1B0A3:LeaderElection6] INFO  server.RaftServerConfigKeys (ConfUtils.java:logGet(43)) - raft.server.staging.catchup.gap = 1000 (default)
2019-10-14 14:42:19,783 [b5473c3a-58c1-45a3-8583-afed2a32f44c@group-B45722534A6F:LeaderElection7] INFO  server.RaftServerConfigKeys (ConfUtils.java:logGet(43)) - raft.server.staging.catchup.gap = 1000 (default)
2019-10-14 14:42:19,783 [f9748ec4-5d8a-4dfc-8690-85b8cdac3f5d@group-71A15BF1B0A3:LeaderElection6] INFO  server.RaftServerConfigKeys (ConfUtils.java:logGet(43)) - raft.server.rpc.sleep.time = 25ms (default)
2019-10-14 14:42:19,783 [b5473c3a-58c1-45a3-8583-afed2a32f44c@group-B45722534A6F:LeaderElection7] INFO  server.RaftServerConfigKeys (ConfUtils.java:logGet(43)) - raft.server.rpc.sleep.time = 25ms (default)
2019-10-14 14:42:19,784 [f9748ec4-5d8a-4dfc-8690-85b8cdac3f5d@group-71A15BF1B0A3:LeaderElection6] INFO  server.RaftServerConfigKeys (ConfUtils.java:logGet(43)) - raft.server.write.element-limit = 4096 (default)
2019-10-14 14:42:19,784 [b5473c3a-58c1-45a3-8583-afed2a32f44c@group-B45722534A6F:LeaderElection7] INFO  server.RaftServerConfigKeys (ConfUtils.java:logGet(43)) - raft.server.write.element-limit = 4096 (default)
2019-10-14 14:42:19,784 [f9748ec4-5d8a-4dfc-8690-85b8cdac3f5d@group-71A15BF1B0A3:LeaderElection6] INFO  server.RaftServerConfigKeys (ConfUtils.java:logGet(43)) - raft.server.watch.timeout = 10s (default)
2019-10-14 14:42:19,784 [b5473c3a-58c1-45a3-8583-afed2a32f44c@group-B45722534A6F:LeaderElection7] INFO  server.RaftServerConfigKeys (ConfUtils.java:logGet(43)) - raft.server.watch.timeout = 10s (default)
2019-10-14 14:42:19,784 [f9748ec4-5d8a-4dfc-8690-85b8cdac3f5d@group-71A15BF1B0A3:LeaderElection6] INFO  server.RaftServerConfigKeys (ConfUtils.java:logGet(43)) - raft.server.watch.timeout.denomination = 1s (default)
2019-10-14 14:42:19,784 [b5473c3a-58c1-45a3-8583-afed2a32f44c@group-B45722534A6F:LeaderElection7] INFO  server.RaftServerConfigKeys (ConfUtils.java:logGet(43)) - raft.server.watch.timeout.denomination = 1s (default)
2019-10-14 14:42:19,784 [f9748ec4-5d8a-4dfc-8690-85b8cdac3f5d@group-71A15BF1B0A3:LeaderElection6] INFO  server.RaftServerConfigKeys (ConfUtils.java:logGet(43)) - raft.server.watch.element-limit = 65536 (default)
2019-10-14 14:42:19,784 [b5473c3a-58c1-45a3-8583-afed2a32f44c@group-B45722534A6F:LeaderElection7] INFO  server.RaftServerConfigKeys (ConfUtils.java:logGet(43)) - raft.server.watch.element-limit = 65536 (default)
2019-10-14 14:42:19,787 [f9748ec4-5d8a-4dfc-8690-85b8cdac3f5d@group-71A15BF1B0A3:LeaderElection6] INFO  impl.RoleInfo (RoleInfo.java:updateAndGet(143)) - f9748ec4-5d8a-4dfc-8690-85b8cdac3f5d: start LeaderState
2019-10-14 14:42:19,787 [b5473c3a-58c1-45a3-8583-afed2a32f44c@group-B45722534A6F:LeaderElection7] INFO  impl.RoleInfo (RoleInfo.java:updateAndGet(143)) - b5473c3a-58c1-45a3-8583-afed2a32f44c: start LeaderState
2019-10-14 14:42:19,787 [f9748ec4-5d8a-4dfc-8690-85b8cdac3f5d@group-71A15BF1B0A3:LeaderElection6] INFO  segmented.SegmentedRaftLogWorker (SegmentedRaftLogWorker.java:startLogSegment(380)) - f9748ec4-5d8a-4dfc-8690-85b8cdac3f5d@group-71A15BF1B0A3-SegmentedRaftLogWorker: Starting segment from index:0
2019-10-14 14:42:19,787 [b5473c3a-58c1-45a3-8583-afed2a32f44c@group-B45722534A6F:LeaderElection7] INFO  segmented.SegmentedRaftLogWorker (SegmentedRaftLogWorker.java:startLogSegment(380)) - b5473c3a-58c1-45a3-8583-afed2a32f44c@group-B45722534A6F-SegmentedRaftLogWorker: Starting segment from index:0
2019-10-14 14:42:19,787 [f9748ec4-5d8a-4dfc-8690-85b8cdac3f5d@group-71A15BF1B0A3:LeaderElection6] INFO  impl.RaftServerImpl (ServerState.java:setRaftConf(354)) - f9748ec4-5d8a-4dfc-8690-85b8cdac3f5d@group-71A15BF1B0A3: set configuration 0: [f9748ec4-5d8a-4dfc-8690-85b8cdac3f5d:192.168.5.159:44598], old=null at 0
2019-10-14 14:42:19,788 [b5473c3a-58c1-45a3-8583-afed2a32f44c@group-B45722534A6F:LeaderElection7] INFO  impl.RaftServerImpl (ServerState.java:setRaftConf(354)) - b5473c3a-58c1-45a3-8583-afed2a32f44c@group-B45722534A6F: set configuration 0: [b5473c3a-58c1-45a3-8583-afed2a32f44c:192.168.5.159:42233], old=null at 0
2019-10-14 14:42:19,833 [Thread-267] INFO  impl.FollowerState (FollowerState.java:run(106)) - 9a6c87f6-096e-4769-9132-289fb1aab8c2:group-49BAC8692D39 changes to CANDIDATE, lastRpcTime:1100, electionTimeout:1100ms
2019-10-14 14:42:19,834 [Thread-267] INFO  impl.RoleInfo (RoleInfo.java:shutdownFollowerState(121)) - 9a6c87f6-096e-4769-9132-289fb1aab8c2: shutdown FollowerState
2019-10-14 14:42:19,834 [Thread-267] INFO  impl.RaftServerImpl (RaftServerImpl.java:setRole(174)) - 9a6c87f6-096e-4769-9132-289fb1aab8c2@group-49BAC8692D39: changes role from  FOLLOWER to CANDIDATE at term 0 for changeToCandidate
2019-10-14 14:42:19,834 [Thread-267] INFO  impl.RoleInfo (RoleInfo.java:updateAndGet(143)) - 9a6c87f6-096e-4769-9132-289fb1aab8c2: start LeaderElection
2019-10-14 14:42:19,840 [b5473c3a-58c1-45a3-8583-afed2a32f44c@group-B45722534A6F-SegmentedRaftLogWorker] INFO  segmented.SegmentedRaftLogWorker (SegmentedRaftLogWorker.java:execute(569)) - b5473c3a-58c1-45a3-8583-afed2a32f44c@group-B45722534A6F-SegmentedRaftLogWorker: created new log segment /workdir/hadoop-ozone/integration-test/target/test-dir/MiniOzoneClusterImpl-669d0a42-2836-47aa-b55b-95c9a6dd1017/datanode-4/data/ratis/8856b527-c939-43b6-a9a1-b45722534a6f/current/log_inprogress_0
2019-10-14 14:42:19,840 [f9748ec4-5d8a-4dfc-8690-85b8cdac3f5d@group-71A15BF1B0A3-SegmentedRaftLogWorker] INFO  segmented.SegmentedRaftLogWorker (SegmentedRaftLogWorker.java:execute(569)) - f9748ec4-5d8a-4dfc-8690-85b8cdac3f5d@group-71A15BF1B0A3-SegmentedRaftLogWorker: created new log segment /workdir/hadoop-ozone/integration-test/target/test-dir/MiniOzoneClusterImpl-669d0a42-2836-47aa-b55b-95c9a6dd1017/datanode-3/data/ratis/f048b984-b31f-4e17-a91a-71a15bf1b0a3/current/log_inprogress_0
2019-10-14 14:42:19,843 [9a6c87f6-096e-4769-9132-289fb1aab8c2@group-49BAC8692D39:LeaderElection8] INFO  impl.LeaderElection (LeaderElection.java:askForVotes(182)) - 9a6c87f6-096e-4769-9132-289fb1aab8c2@group-49BAC8692D39:LeaderElection8: begin an election at term 1 for -1: [8ca3ec46-7319-4283-b207-b730019dde55:192.168.5.159:46312, 9a6c87f6-096e-4769-9132-289fb1aab8c2:192.168.5.159:46771, b63a5968-b034-497d-a723-e18a7363a3f1:192.168.5.159:39007], old=null
2019-10-14 14:42:20,156 [Thread-302] INFO  impl.FollowerState (FollowerState.java:run(106)) - 07a15819-e4fc-4072-82ac-b3e77a99d12a:group-E0B7C1D5C8D3 changes to CANDIDATE, lastRpcTime:1091, electionTimeout:1090ms
2019-10-14 14:42:20,164 [Thread-303] INFO  impl.FollowerState (FollowerState.java:run(106)) - caa892f0-76ff-4c1e-b30f-b7c59842badc:group-E0B7C1D5C8D3 changes to CANDIDATE, lastRpcTime:1099, electionTimeout:1071ms
2019-10-14 14:42:20,159 [Thread-294] INFO  impl.FollowerState (FollowerState.java:run(106)) - 8ca3ec46-7319-4283-b207-b730019dde55:group-F0A1E4AD654E changes to CANDIDATE, lastRpcTime:1193, electionTimeout:1065ms
2019-10-14 14:42:20,164 [Thread-303] INFO  impl.RoleInfo (RoleInfo.java:shutdownFollowerState(121)) - caa892f0-76ff-4c1e-b30f-b7c59842badc: shutdown FollowerState
2019-10-14 14:42:20,163 [Thread-274] WARN  util.JavaUtils (JavaUtils.java:sleep(250)) - Unexpected long sleep: sleep(1039ms) actually took 1344ms which is over the threshold 300ms
2019-10-14 14:42:20,161 [Thread-272] INFO  impl.FollowerState (FollowerState.java:run(106)) - 9a6c87f6-096e-4769-9132-289fb1aab8c2:group-E4C6DCC22999 changes to CANDIDATE, lastRpcTime:1343, electionTimeout:1152ms
2019-10-14 14:42:20,163 [Thread-265] INFO  impl.FollowerState (FollowerState.java:run(106)) - 8ca3ec46-7319-4283-b207-b730019dde55:group-49BAC8692D39 changes to CANDIDATE, lastRpcTime:1432, electionTimeout:1138ms
2019-10-14 14:42:20,163 [Thread-263] INFO  impl.FollowerState (FollowerState.java:run(106)) - b63a5968-b034-497d-a723-e18a7363a3f1:group-49BAC8692D39 changes to CANDIDATE, lastRpcTime:1438, electionTimeout:1155ms
2019-10-14 14:42:20,161 [Thread-292] INFO  impl.FollowerState (FollowerState.java:run(106)) - 9a6c87f6-096e-4769-9132-289fb1aab8c2:group-F0A1E4AD654E changes to CANDIDATE, lastRpcTime:1202, electionTimeout:1016ms
2019-10-14 14:42:20,161 [Thread-275] INFO  impl.FollowerState (FollowerState.java:run(106)) - b63a5968-b034-497d-a723-e18a7363a3f1:group-E4C6DCC22999 changes to CANDIDATE, lastRpcTime:1341, electionTimeout:1161ms
2019-10-14 14:42:20,161 [Thread-281] INFO  impl.FollowerState (FollowerState.java:run(106)) - 8ca3ec46-7319-4283-b207-b730019dde55:group-E2F208E51DED changes to CANDIDATE, lastRpcTime:1266, electionTimeout:1086ms
2019-10-14 14:42:20,161 [Thread-284] INFO  impl.FollowerState (FollowerState.java:run(106)) - b63a5968-b034-497d-a723-e18a7363a3f1:group-E2F208E51DED changes to CANDIDATE, lastRpcTime:1254, electionTimeout:1094ms
2019-10-14 14:42:20,166 [Thread-281] INFO  impl.RoleInfo (RoleInfo.java:shutdownFollowerState(121)) - 8ca3ec46-7319-4283-b207-b730019dde55: shutdown FollowerState
2019-10-14 14:42:20,158 [Thread-288] INFO  impl.FollowerState (FollowerState.java:run(106)) - b63a5968-b034-497d-a723-e18a7363a3f1:group-F0A1E4AD654E changes to CANDIDATE, lastRpcTime:1203, electionTimeout:1093ms
2019-10-14 14:42:20,158 [Thread-300] INFO  impl.FollowerState (FollowerState.java:run(106)) - f9748ec4-5d8a-4dfc-8690-85b8cdac3f5d:group-E0B7C1D5C8D3 changes to CANDIDATE, lastRpcTime:1110, electionTimeout:1036ms
2019-10-14 14:42:20,158 [Thread-283] INFO  impl.FollowerState (FollowerState.java:run(106)) - 9a6c87f6-096e-4769-9132-289fb1aab8c2:group-E2F208E51DED changes to CANDIDATE, lastRpcTime:1252, electionTimeout:1165ms
2019-10-14 14:42:20,166 [Thread-288] INFO  impl.RoleInfo (RoleInfo.java:shutdownFollowerState(121)) - b63a5968-b034-497d-a723-e18a7363a3f1: shutdown FollowerState
2019-10-14 14:42:20,166 [Thread-281] INFO  impl.RaftServerImpl (RaftServerImpl.java:setRole(174)) - 8ca3ec46-7319-4283-b207-b730019dde55@group-E2F208E51DED: changes role from  FOLLOWER to CANDIDATE at term 0 for changeToCandidate
2019-10-14 14:42:20,166 [Thread-284] INFO  impl.RoleInfo (RoleInfo.java:shutdownFollowerState(121)) - b63a5968-b034-497d-a723-e18a7363a3f1: shutdown FollowerState
2019-10-14 14:42:20,166 [Thread-284] INFO  impl.RaftServerImpl (RaftServerImpl.java:setRole(174)) - b63a5968-b034-497d-a723-e18a7363a3f1@group-E2F208E51DED: changes role from  FOLLOWER to CANDIDATE at term 0 for changeToCandidate
2019-10-14 14:42:20,165 [Thread-275] INFO  impl.RoleInfo (RoleInfo.java:shutdownFollowerState(121)) - b63a5968-b034-497d-a723-e18a7363a3f1: shutdown FollowerState
2019-10-14 14:42:20,165 [Thread-292] INFO  impl.RoleInfo (RoleInfo.java:shutdownFollowerState(121)) - 9a6c87f6-096e-4769-9132-289fb1aab8c2: shutdown FollowerState
2019-10-14 14:42:20,165 [Thread-263] INFO  impl.RoleInfo (RoleInfo.java:shutdownFollowerState(121)) - b63a5968-b034-497d-a723-e18a7363a3f1: shutdown FollowerState
2019-10-14 14:42:20,165 [Thread-265] INFO  impl.RoleInfo (RoleInfo.java:shutdownFollowerState(121)) - 8ca3ec46-7319-4283-b207-b730019dde55: shutdown FollowerState
2019-10-14 14:42:20,167 [Thread-265] INFO  impl.RaftServerImpl (RaftServerImpl.java:setRole(174)) - 8ca3ec46-7319-4283-b207-b730019dde55@group-49BAC8692D39: changes role from  FOLLOWER to CANDIDATE at term 0 for changeToCandidate
2019-10-14 14:42:20,165 [Thread-272] INFO  impl.RoleInfo (RoleInfo.java:shutdownFollowerState(121)) - 9a6c87f6-096e-4769-9132-289fb1aab8c2: shutdown FollowerState
2019-10-14 14:42:20,167 [Thread-272] INFO  impl.RaftServerImpl (RaftServerImpl.java:setRole(174)) - 9a6c87f6-096e-4769-9132-289fb1aab8c2@group-E4C6DCC22999: changes role from  FOLLOWER to CANDIDATE at term 0 for changeToCandidate
2019-10-14 14:42:20,165 [Thread-303] INFO  impl.RaftServerImpl (RaftServerImpl.java:setRole(174)) - caa892f0-76ff-4c1e-b30f-b7c59842badc@group-E0B7C1D5C8D3: changes role from  FOLLOWER to CANDIDATE at term 0 for changeToCandidate
2019-10-14 14:42:20,164 [Thread-294] INFO  impl.RoleInfo (RoleInfo.java:shutdownFollowerState(121)) - 8ca3ec46-7319-4283-b207-b730019dde55: shutdown FollowerState
2019-10-14 14:42:20,164 [Thread-302] INFO  impl.RoleInfo (RoleInfo.java:shutdownFollowerState(121)) - 07a15819-e4fc-4072-82ac-b3e77a99d12a: shutdown FollowerState
2019-10-14 14:42:20,168 [Thread-303] INFO  impl.RoleInfo (RoleInfo.java:updateAndGet(143)) - caa892f0-76ff-4c1e-b30f-b7c59842badc: start LeaderElection
2019-10-14 14:42:20,167 [Thread-272] INFO  impl.RoleInfo (RoleInfo.java:updateAndGet(143)) - 9a6c87f6-096e-4769-9132-289fb1aab8c2: start LeaderElection
2019-10-14 14:42:20,167 [Thread-265] INFO  impl.RoleInfo (RoleInfo.java:updateAndGet(143)) - 8ca3ec46-7319-4283-b207-b730019dde55: start LeaderElection
2019-10-14 14:42:20,167 [Thread-263] INFO  impl.RaftServerImpl (RaftServerImpl.java:setRole(174)) - b63a5968-b034-497d-a723-e18a7363a3f1@group-49BAC8692D39: changes role from  FOLLOWER to CANDIDATE at term 0 for changeToCandidate
2019-10-14 14:42:20,167 [Thread-292] INFO  impl.RaftServerImpl (RaftServerImpl.java:setRole(174)) - 9a6c87f6-096e-4769-9132-289fb1aab8c2@group-F0A1E4AD654E: changes role from  FOLLOWER to CANDIDATE at term 0 for changeToCandidate
2019-10-14 14:42:20,167 [Thread-275] INFO  impl.RaftServerImpl (RaftServerImpl.java:setRole(174)) - b63a5968-b034-497d-a723-e18a7363a3f1@group-E4C6DCC22999: changes role from  FOLLOWER to CANDIDATE at term 0 for changeToCandidate
2019-10-14 14:42:20,173 [Thread-292] INFO  impl.RoleInfo (RoleInfo.java:updateAndGet(143)) - 9a6c87f6-096e-4769-9132-289fb1aab8c2: start LeaderElection
2019-10-14 14:42:20,173 [Thread-275] INFO  impl.RoleInfo (RoleInfo.java:updateAndGet(143)) - b63a5968-b034-497d-a723-e18a7363a3f1: start LeaderElection
2019-10-14 14:42:20,167 [Thread-284] INFO  impl.RoleInfo (RoleInfo.java:updateAndGet(143)) - b63a5968-b034-497d-a723-e18a7363a3f1: start LeaderElection
2019-10-14 14:42:20,167 [Thread-281] INFO  impl.RoleInfo (RoleInfo.java:updateAndGet(143)) - 8ca3ec46-7319-4283-b207-b730019dde55: start LeaderElection
2019-10-14 14:42:20,166 [Thread-288] INFO  impl.RaftServerImpl (RaftServerImpl.java:setRole(174)) - b63a5968-b034-497d-a723-e18a7363a3f1@group-F0A1E4AD654E: changes role from  FOLLOWER to CANDIDATE at term 0 for changeToCandidate
2019-10-14 14:42:20,166 [Thread-283] INFO  impl.RoleInfo (RoleInfo.java:shutdownFollowerState(121)) - 9a6c87f6-096e-4769-9132-289fb1aab8c2: shutdown FollowerState
2019-10-14 14:42:20,166 [Thread-300] INFO  impl.RoleInfo (RoleInfo.java:shutdownFollowerState(121)) - f9748ec4-5d8a-4dfc-8690-85b8cdac3f5d: shutdown FollowerState
2019-10-14 14:42:20,186 [Thread-283] INFO  impl.RaftServerImpl (RaftServerImpl.java:setRole(174)) - 9a6c87f6-096e-4769-9132-289fb1aab8c2@group-E2F208E51DED: changes role from  FOLLOWER to CANDIDATE at term 0 for changeToCandidate
2019-10-14 14:42:20,186 [Thread-288] INFO  impl.RoleInfo (RoleInfo.java:updateAndGet(143)) - b63a5968-b034-497d-a723-e18a7363a3f1: start LeaderElection
2019-10-14 14:42:20,173 [Thread-263] INFO  impl.RoleInfo (RoleInfo.java:updateAndGet(143)) - b63a5968-b034-497d-a723-e18a7363a3f1: start LeaderElection
2019-10-14 14:42:20,168 [Thread-302] INFO  impl.RaftServerImpl (RaftServerImpl.java:setRole(174)) - 07a15819-e4fc-4072-82ac-b3e77a99d12a@group-E0B7C1D5C8D3: changes role from  FOLLOWER to CANDIDATE at term 0 for changeToCandidate
2019-10-14 14:42:20,168 [Thread-294] INFO  impl.RaftServerImpl (RaftServerImpl.java:setRole(174)) - 8ca3ec46-7319-4283-b207-b730019dde55@group-F0A1E4AD654E: changes role from  FOLLOWER to CANDIDATE at term 0 for changeToCandidate
2019-10-14 14:42:20,188 [Thread-283] INFO  impl.RoleInfo (RoleInfo.java:updateAndGet(143)) - 9a6c87f6-096e-4769-9132-289fb1aab8c2: start LeaderElection
2019-10-14 14:42:20,186 [Thread-300] INFO  impl.RaftServerImpl (RaftServerImpl.java:setRole(174)) - f9748ec4-5d8a-4dfc-8690-85b8cdac3f5d@group-E0B7C1D5C8D3: changes role from  FOLLOWER to CANDIDATE at term 0 for changeToCandidate
2019-10-14 14:42:20,191 [Thread-302] INFO  impl.RoleInfo (RoleInfo.java:updateAndGet(143)) - 07a15819-e4fc-4072-82ac-b3e77a99d12a: start LeaderElection
2019-10-14 14:42:20,193 [Thread-300] INFO  impl.RoleInfo (RoleInfo.java:updateAndGet(143)) - f9748ec4-5d8a-4dfc-8690-85b8cdac3f5d: start LeaderElection
2019-10-14 14:42:20,193 [Thread-294] INFO  impl.RoleInfo (RoleInfo.java:updateAndGet(143)) - 8ca3ec46-7319-4283-b207-b730019dde55: start LeaderElection
2019-10-14 14:42:20,195 [caa892f0-76ff-4c1e-b30f-b7c59842badc@group-E0B7C1D5C8D3:LeaderElection13] INFO  impl.LeaderElection (LeaderElection.java:askForVotes(182)) - caa892f0-76ff-4c1e-b30f-b7c59842badc@group-E0B7C1D5C8D3:LeaderElection13: begin an election at term 1 for -1: [07a15819-e4fc-4072-82ac-b3e77a99d12a:192.168.5.159:45599, f9748ec4-5d8a-4dfc-8690-85b8cdac3f5d:192.168.5.159:44598, caa892f0-76ff-4c1e-b30f-b7c59842badc:192.168.5.159:39406], old=null
2019-10-14 14:42:20,196 [8ca3ec46-7319-4283-b207-b730019dde55@group-49BAC8692D39:LeaderElection11] INFO  impl.LeaderElection (LeaderElection.java:askForVotes(182)) - 8ca3ec46-7319-4283-b207-b730019dde55@group-49BAC8692D39:LeaderElection11: begin an election at term 1 for -1: [8ca3ec46-7319-4283-b207-b730019dde55:192.168.5.159:46312, 9a6c87f6-096e-4769-9132-289fb1aab8c2:192.168.5.159:46771, b63a5968-b034-497d-a723-e18a7363a3f1:192.168.5.159:39007], old=null
2019-10-14 14:42:20,196 [9a6c87f6-096e-4769-9132-289fb1aab8c2@group-F0A1E4AD654E:LeaderElection15] INFO  impl.LeaderElection (LeaderElection.java:askForVotes(182)) - 9a6c87f6-096e-4769-9132-289fb1aab8c2@group-F0A1E4AD654E:LeaderElection15: begin an election at term 1 for -1: [8ca3ec46-7319-4283-b207-b730019dde55:192.168.5.159:46312, 9a6c87f6-096e-4769-9132-289fb1aab8c2:192.168.5.159:46771, b63a5968-b034-497d-a723-e18a7363a3f1:192.168.5.159:39007], old=null
2019-10-14 14:42:20,196 [9a6c87f6-096e-4769-9132-289fb1aab8c2@group-E4C6DCC22999:LeaderElection12] INFO  impl.LeaderElection (LeaderElection.java:askForVotes(182)) - 9a6c87f6-096e-4769-9132-289fb1aab8c2@group-E4C6DCC22999:LeaderElection12: begin an election at term 1 for -1: [8ca3ec46-7319-4283-b207-b730019dde55:192.168.5.159:46312, 9a6c87f6-096e-4769-9132-289fb1aab8c2:192.168.5.159:46771, b63a5968-b034-497d-a723-e18a7363a3f1:192.168.5.159:39007], old=null
2019-10-14 14:42:20,210 [8ca3ec46-7319-4283-b207-b730019dde55@group-E2F208E51DED:LeaderElection9] INFO  impl.LeaderElection (LeaderElection.java:askForVotes(182)) - 8ca3ec46-7319-4283-b207-b730019dde55@group-E2F208E51DED:LeaderElection9: begin an election at term 1 for -1: [8ca3ec46-7319-4283-b207-b730019dde55:192.168.5.159:46312, 9a6c87f6-096e-4769-9132-289fb1aab8c2:192.168.5.159:46771, b63a5968-b034-497d-a723-e18a7363a3f1:192.168.5.159:39007], old=null
2019-10-14 14:42:20,210 [b63a5968-b034-497d-a723-e18a7363a3f1@group-E2F208E51DED:LeaderElection10] INFO  impl.LeaderElection (LeaderElection.java:askForVotes(182)) - b63a5968-b034-497d-a723-e18a7363a3f1@group-E2F208E51DED:LeaderElection10: begin an election at term 1 for -1: [8ca3ec46-7319-4283-b207-b730019dde55:192.168.5.159:46312, 9a6c87f6-096e-4769-9132-289fb1aab8c2:192.168.5.159:46771, b63a5968-b034-497d-a723-e18a7363a3f1:192.168.5.159:39007], old=null
2019-10-14 14:42:20,210 [b63a5968-b034-497d-a723-e18a7363a3f1@group-E4C6DCC22999:LeaderElection16] INFO  impl.LeaderElection (LeaderElection.java:askForVotes(182)) - b63a5968-b034-497d-a723-e18a7363a3f1@group-E4C6DCC22999:LeaderElection16: begin an election at term 1 for -1: [8ca3ec46-7319-4283-b207-b730019dde55:192.168.5.159:46312, 9a6c87f6-096e-4769-9132-289fb1aab8c2:192.168.5.159:46771, b63a5968-b034-497d-a723-e18a7363a3f1:192.168.5.159:39007], old=null
2019-10-14 14:42:20,218 [Thread-315] INFO  impl.FollowerState (FollowerState.java:run(106)) - f9748ec4-5d8a-4dfc-8690-85b8cdac3f5d:group-026CFA11C8A1 changes to CANDIDATE, lastRpcTime:1062, electionTimeout:1057ms
2019-10-14 14:42:20,221 [Thread-315] INFO  impl.RoleInfo (RoleInfo.java:shutdownFollowerState(121)) - f9748ec4-5d8a-4dfc-8690-85b8cdac3f5d: shutdown FollowerState
2019-10-14 14:42:20,221 [Thread-315] INFO  impl.RaftServerImpl (RaftServerImpl.java:setRole(174)) - f9748ec4-5d8a-4dfc-8690-85b8cdac3f5d@group-026CFA11C8A1: changes role from  FOLLOWER to CANDIDATE at term 0 for changeToCandidate
2019-10-14 14:42:20,221 [Thread-315] INFO  impl.RoleInfo (RoleInfo.java:updateAndGet(143)) - f9748ec4-5d8a-4dfc-8690-85b8cdac3f5d: start LeaderElection
2019-10-14 14:42:20,224 [b63a5968-b034-497d-a723-e18a7363a3f1@group-49BAC8692D39:LeaderElection14] INFO  impl.LeaderElection (LeaderElection.java:askForVotes(182)) - b63a5968-b034-497d-a723-e18a7363a3f1@group-49BAC8692D39:LeaderElection14: begin an election at term 1 for -1: [8ca3ec46-7319-4283-b207-b730019dde55:192.168.5.159:46312, 9a6c87f6-096e-4769-9132-289fb1aab8c2:192.168.5.159:46771, b63a5968-b034-497d-a723-e18a7363a3f1:192.168.5.159:39007], old=null
2019-10-14 14:42:20,224 [b63a5968-b034-497d-a723-e18a7363a3f1@group-F0A1E4AD654E:LeaderElection17] INFO  impl.LeaderElection (LeaderElection.java:askForVotes(182)) - b63a5968-b034-497d-a723-e18a7363a3f1@group-F0A1E4AD654E:LeaderElection17: begin an election at term 1 for -1: [8ca3ec46-7319-4283-b207-b730019dde55:192.168.5.159:46312, 9a6c87f6-096e-4769-9132-289fb1aab8c2:192.168.5.159:46771, b63a5968-b034-497d-a723-e18a7363a3f1:192.168.5.159:39007], old=null
2019-10-14 14:42:20,240 [07a15819-e4fc-4072-82ac-b3e77a99d12a@group-E0B7C1D5C8D3:LeaderElection19] INFO  impl.LeaderElection (LeaderElection.java:askForVotes(182)) - 07a15819-e4fc-4072-82ac-b3e77a99d12a@group-E0B7C1D5C8D3:LeaderElection19: begin an election at term 1 for -1: [07a15819-e4fc-4072-82ac-b3e77a99d12a:192.168.5.159:45599, f9748ec4-5d8a-4dfc-8690-85b8cdac3f5d:192.168.5.159:44598, caa892f0-76ff-4c1e-b30f-b7c59842badc:192.168.5.159:39406], old=null
2019-10-14 14:42:20,240 [f9748ec4-5d8a-4dfc-8690-85b8cdac3f5d@group-E0B7C1D5C8D3:LeaderElection21] INFO  impl.LeaderElection (LeaderElection.java:askForVotes(182)) - f9748ec4-5d8a-4dfc-8690-85b8cdac3f5d@group-E0B7C1D5C8D3:LeaderElection21: begin an election at term 1 for -1: [07a15819-e4fc-4072-82ac-b3e77a99d12a:192.168.5.159:45599, f9748ec4-5d8a-4dfc-8690-85b8cdac3f5d:192.168.5.159:44598, caa892f0-76ff-4c1e-b30f-b7c59842badc:192.168.5.159:39406], old=null
2019-10-14 14:42:20,240 [9a6c87f6-096e-4769-9132-289fb1aab8c2@group-E2F208E51DED:LeaderElection18] INFO  impl.LeaderElection (LeaderElection.java:askForVotes(182)) - 9a6c87f6-096e-4769-9132-289fb1aab8c2@group-E2F208E51DED:LeaderElection18: begin an election at term 1 for -1: [8ca3ec46-7319-4283-b207-b730019dde55:192.168.5.159:46312, 9a6c87f6-096e-4769-9132-289fb1aab8c2:192.168.5.159:46771, b63a5968-b034-497d-a723-e18a7363a3f1:192.168.5.159:39007], old=null
2019-10-14 14:42:20,240 [8ca3ec46-7319-4283-b207-b730019dde55@group-F0A1E4AD654E:LeaderElection20] INFO  impl.LeaderElection (LeaderElection.java:askForVotes(182)) - 8ca3ec46-7319-4283-b207-b730019dde55@group-F0A1E4AD654E:LeaderElection20: begin an election at term 1 for -1: [8ca3ec46-7319-4283-b207-b730019dde55:192.168.5.159:46312, 9a6c87f6-096e-4769-9132-289fb1aab8c2:192.168.5.159:46771, b63a5968-b034-497d-a723-e18a7363a3f1:192.168.5.159:39007], old=null
2019-10-14 14:42:20,240 [f9748ec4-5d8a-4dfc-8690-85b8cdac3f5d@group-026CFA11C8A1:LeaderElection22] INFO  impl.LeaderElection (LeaderElection.java:askForVotes(182)) - f9748ec4-5d8a-4dfc-8690-85b8cdac3f5d@group-026CFA11C8A1:LeaderElection22: begin an election at term 1 for -1: [07a15819-e4fc-4072-82ac-b3e77a99d12a:192.168.5.159:45599, f9748ec4-5d8a-4dfc-8690-85b8cdac3f5d:192.168.5.159:44598, caa892f0-76ff-4c1e-b30f-b7c59842badc:192.168.5.159:39406], old=null
2019-10-14 14:42:20,253 [Thread-320] INFO  impl.FollowerState (FollowerState.java:run(106)) - 07a15819-e4fc-4072-82ac-b3e77a99d12a:group-382452901537 changes to CANDIDATE, lastRpcTime:1013, electionTimeout:1012ms
2019-10-14 14:42:20,253 [Thread-320] INFO  impl.RoleInfo (RoleInfo.java:shutdownFollowerState(121)) - 07a15819-e4fc-4072-82ac-b3e77a99d12a: shutdown FollowerState
2019-10-14 14:42:20,253 [Thread-320] INFO  impl.RaftServerImpl (RaftServerImpl.java:setRole(174)) - 07a15819-e4fc-4072-82ac-b3e77a99d12a@group-382452901537: changes role from  FOLLOWER to CANDIDATE at term 0 for changeToCandidate
2019-10-14 14:42:20,255 [Thread-322] INFO  impl.FollowerState (FollowerState.java:run(106)) - caa892f0-76ff-4c1e-b30f-b7c59842badc:group-382452901537 changes to CANDIDATE, lastRpcTime:1014, electionTimeout:1013ms
2019-10-14 14:42:20,255 [Thread-322] INFO  impl.RoleInfo (RoleInfo.java:shutdownFollowerState(121)) - caa892f0-76ff-4c1e-b30f-b7c59842badc: shutdown FollowerState
2019-10-14 14:42:20,255 [Thread-320] INFO  impl.RoleInfo (RoleInfo.java:updateAndGet(143)) - 07a15819-e4fc-4072-82ac-b3e77a99d12a: start LeaderElection
2019-10-14 14:42:20,255 [Thread-322] INFO  impl.RaftServerImpl (RaftServerImpl.java:setRole(174)) - caa892f0-76ff-4c1e-b30f-b7c59842badc@group-382452901537: changes role from  FOLLOWER to CANDIDATE at term 0 for changeToCandidate
2019-10-14 14:42:20,256 [Thread-322] INFO  impl.RoleInfo (RoleInfo.java:updateAndGet(143)) - caa892f0-76ff-4c1e-b30f-b7c59842badc: start LeaderElection
2019-10-14 14:42:20,264 [Thread-309] INFO  impl.FollowerState (FollowerState.java:run(106)) - 07a15819-e4fc-4072-82ac-b3e77a99d12a:group-026CFA11C8A1 changes to CANDIDATE, lastRpcTime:1117, electionTimeout:1116ms
2019-10-14 14:42:20,266 [Thread-309] INFO  impl.RoleInfo (RoleInfo.java:shutdownFollowerState(121)) - 07a15819-e4fc-4072-82ac-b3e77a99d12a: shutdown FollowerState
2019-10-14 14:42:20,266 [Thread-309] INFO  impl.RaftServerImpl (RaftServerImpl.java:setRole(174)) - 07a15819-e4fc-4072-82ac-b3e77a99d12a@group-026CFA11C8A1: changes role from  FOLLOWER to CANDIDATE at term 0 for changeToCandidate
2019-10-14 14:42:20,266 [Thread-309] INFO  impl.RoleInfo (RoleInfo.java:updateAndGet(143)) - 07a15819-e4fc-4072-82ac-b3e77a99d12a: start LeaderElection
2019-10-14 14:42:20,268 [grpc-default-executor-2] INFO  impl.RaftServerImpl (RaftServerImpl.java:setRole(174)) - 8ca3ec46-7319-4283-b207-b730019dde55@group-E4C6DCC22999: changes role from  FOLLOWER to FOLLOWER at term 1 for recognizeCandidate:b63a5968-b034-497d-a723-e18a7363a3f1
2019-10-14 14:42:20,268 [grpc-default-executor-2] INFO  impl.RoleInfo (RoleInfo.java:shutdownFollowerState(121)) - 8ca3ec46-7319-4283-b207-b730019dde55: shutdown FollowerState
2019-10-14 14:42:20,270 [grpc-default-executor-2] INFO  impl.RoleInfo (RoleInfo.java:updateAndGet(143)) - 8ca3ec46-7319-4283-b207-b730019dde55: start FollowerState
2019-10-14 14:42:20,271 [Thread-313] INFO  impl.FollowerState (FollowerState.java:run(106)) - caa892f0-76ff-4c1e-b30f-b7c59842badc:group-026CFA11C8A1 changes to CANDIDATE, lastRpcTime:1116, electionTimeout:1114ms
2019-10-14 14:42:20,271 [Thread-274] INFO  impl.FollowerState (FollowerState.java:run(115)) - 8ca3ec46-7319-4283-b207-b730019dde55: FollowerState was interrupted: java.lang.InterruptedException: sleep interrupted
2019-10-14 14:42:20,271 [Thread-313] INFO  impl.RoleInfo (RoleInfo.java:shutdownFollowerState(121)) - caa892f0-76ff-4c1e-b30f-b7c59842badc: shutdown FollowerState
2019-10-14 14:42:20,271 [Thread-313] INFO  impl.RaftServerImpl (RaftServerImpl.java:setRole(174)) - caa892f0-76ff-4c1e-b30f-b7c59842badc@group-026CFA11C8A1: changes role from  FOLLOWER to CANDIDATE at term 0 for changeToCandidate
2019-10-14 14:42:20,271 [Thread-313] INFO  impl.RoleInfo (RoleInfo.java:updateAndGet(143)) - caa892f0-76ff-4c1e-b30f-b7c59842badc: start LeaderElection
2019-10-14 14:42:20,278 [07a15819-e4fc-4072-82ac-b3e77a99d12a@group-026CFA11C8A1:LeaderElection25] INFO  impl.LeaderElection (LeaderElection.java:askForVotes(182)) - 07a15819-e4fc-4072-82ac-b3e77a99d12a@group-026CFA11C8A1:LeaderElection25: begin an election at term 1 for -1: [07a15819-e4fc-4072-82ac-b3e77a99d12a:192.168.5.159:45599, f9748ec4-5d8a-4dfc-8690-85b8cdac3f5d:192.168.5.159:44598, caa892f0-76ff-4c1e-b30f-b7c59842badc:192.168.5.159:39406], old=null
2019-10-14 14:42:20,278 [07a15819-e4fc-4072-82ac-b3e77a99d12a@group-382452901537:LeaderElection23] INFO  impl.LeaderElection (LeaderElection.java:askForVotes(182)) - 07a15819-e4fc-4072-82ac-b3e77a99d12a@group-382452901537:LeaderElection23: begin an election at term 1 for -1: [07a15819-e4fc-4072-82ac-b3e77a99d12a:192.168.5.159:45599, f9748ec4-5d8a-4dfc-8690-85b8cdac3f5d:192.168.5.159:44598, caa892f0-76ff-4c1e-b30f-b7c59842badc:192.168.5.159:39406], old=null
2019-10-14 14:42:20,278 [caa892f0-76ff-4c1e-b30f-b7c59842badc@group-382452901537:LeaderElection24] INFO  impl.LeaderElection (LeaderElection.java:askForVotes(182)) - caa892f0-76ff-4c1e-b30f-b7c59842badc@group-382452901537:LeaderElection24: begin an election at term 1 for -1: [07a15819-e4fc-4072-82ac-b3e77a99d12a:192.168.5.159:45599, f9748ec4-5d8a-4dfc-8690-85b8cdac3f5d:192.168.5.159:44598, caa892f0-76ff-4c1e-b30f-b7c59842badc:192.168.5.159:39406], old=null
2019-10-14 14:42:20,298 [caa892f0-76ff-4c1e-b30f-b7c59842badc@group-026CFA11C8A1:LeaderElection26] INFO  impl.LeaderElection (LeaderElection.java:askForVotes(182)) - caa892f0-76ff-4c1e-b30f-b7c59842badc@group-026CFA11C8A1:LeaderElection26: begin an election at term 1 for -1: [07a15819-e4fc-4072-82ac-b3e77a99d12a:192.168.5.159:45599, f9748ec4-5d8a-4dfc-8690-85b8cdac3f5d:192.168.5.159:44598, caa892f0-76ff-4c1e-b30f-b7c59842badc:192.168.5.159:39406], old=null
2019-10-14 14:42:20,315 [grpc-default-executor-2] INFO  impl.RaftServerImpl (RaftServerImpl.java:setRole(174)) - f9748ec4-5d8a-4dfc-8690-85b8cdac3f5d@group-382452901537: changes role from  FOLLOWER to FOLLOWER at term 1 for recognizeCandidate:caa892f0-76ff-4c1e-b30f-b7c59842badc
2019-10-14 14:42:20,315 [caa892f0-76ff-4c1e-b30f-b7c59842badc@group-E0B7C1D5C8D3:LeaderElection13] INFO  impl.LeaderElection (LeaderElection.java:logAndReturn(56)) - caa892f0-76ff-4c1e-b30f-b7c59842badc@group-E0B7C1D5C8D3:LeaderElection13: Election REJECTED; received 2 response(s) [caa892f0-76ff-4c1e-b30f-b7c59842badc<-07a15819-e4fc-4072-82ac-b3e77a99d12a#0:FAIL-t1, caa892f0-76ff-4c1e-b30f-b7c59842badc<-f9748ec4-5d8a-4dfc-8690-85b8cdac3f5d#0:FAIL-t1] and 0 exception(s); caa892f0-76ff-4c1e-b30f-b7c59842badc@group-E0B7C1D5C8D3:t1, leader=null, voted=caa892f0-76ff-4c1e-b30f-b7c59842badc, raftlog=caa892f0-76ff-4c1e-b30f-b7c59842badc@group-E0B7C1D5C8D3-SegmentedRaftLog:OPENED:c-1,f-1,i0, conf=-1: [07a15819-e4fc-4072-82ac-b3e77a99d12a:192.168.5.159:45599, f9748ec4-5d8a-4dfc-8690-85b8cdac3f5d:192.168.5.159:44598, caa892f0-76ff-4c1e-b30f-b7c59842badc:192.168.5.159:39406], old=null
2019-10-14 14:42:20,316 [caa892f0-76ff-4c1e-b30f-b7c59842badc@group-E0B7C1D5C8D3:LeaderElection13] INFO  impl.RaftServerImpl (RaftServerImpl.java:setRole(174)) - caa892f0-76ff-4c1e-b30f-b7c59842badc@group-E0B7C1D5C8D3: changes role from CANDIDATE to FOLLOWER at term 1 for DISCOVERED_A_NEW_TERM
2019-10-14 14:42:20,315 [8ca3ec46-7319-4283-b207-b730019dde55@group-F0A1E4AD654E:LeaderElection20] INFO  impl.LeaderElection (LeaderElection.java:logAndReturn(56)) - 8ca3ec46-7319-4283-b207-b730019dde55@group-F0A1E4AD654E:LeaderElection20: Election REJECTED; received 2 response(s) [8ca3ec46-7319-4283-b207-b730019dde55<-9a6c87f6-096e-4769-9132-289fb1aab8c2#0:FAIL-t1, 8ca3ec46-7319-4283-b207-b730019dde55<-b63a5968-b034-497d-a723-e18a7363a3f1#0:FAIL-t1] and 0 exception(s); 8ca3ec46-7319-4283-b207-b730019dde55@group-F0A1E4AD654E:t1, leader=null, voted=8ca3ec46-7319-4283-b207-b730019dde55, raftlog=8ca3ec46-7319-4283-b207-b730019dde55@group-F0A1E4AD654E-SegmentedRaftLog:OPENED:c-1,f-1,i0, conf=-1: [8ca3ec46-7319-4283-b207-b730019dde55:192.168.5.159:46312, 9a6c87f6-096e-4769-9132-289fb1aab8c2:192.168.5.159:46771, b63a5968-b034-497d-a723-e18a7363a3f1:192.168.5.159:39007], old=null
2019-10-14 14:42:20,315 [grpc-default-executor-2] INFO  impl.RoleInfo (RoleInfo.java:shutdownFollowerState(121)) - f9748ec4-5d8a-4dfc-8690-85b8cdac3f5d: shutdown FollowerState
2019-10-14 14:42:20,315 [8ca3ec46-7319-4283-b207-b730019dde55@group-49BAC8692D39:LeaderElection11] INFO  impl.LeaderElection (LeaderElection.java:logAndReturn(56)) - 8ca3ec46-7319-4283-b207-b730019dde55@group-49BAC8692D39:LeaderElection11: Election REJECTED; received 2 response(s) [8ca3ec46-7319-4283-b207-b730019dde55<-9a6c87f6-096e-4769-9132-289fb1aab8c2#0:FAIL-t1, 8ca3ec46-7319-4283-b207-b730019dde55<-b63a5968-b034-497d-a723-e18a7363a3f1#0:FAIL-t1] and 0 exception(s); 8ca3ec46-7319-4283-b207-b730019dde55@group-49BAC8692D39:t1, leader=null, voted=8ca3ec46-7319-4283-b207-b730019dde55, raftlog=8ca3ec46-7319-4283-b207-b730019dde55@group-49BAC8692D39-SegmentedRaftLog:OPENED:c-1,f-1,i0, conf=-1: [8ca3ec46-7319-4283-b207-b730019dde55:192.168.5.159:46312, 9a6c87f6-096e-4769-9132-289fb1aab8c2:192.168.5.159:46771, b63a5968-b034-497d-a723-e18a7363a3f1:192.168.5.159:39007], old=null
2019-10-14 14:42:20,323 [b63a5968-b034-497d-a723-e18a7363a3f1@group-E2F208E51DED:LeaderElection10] INFO  impl.LeaderElection (LeaderElection.java:logAndReturn(56)) - b63a5968-b034-497d-a723-e18a7363a3f1@group-E2F208E51DED:LeaderElection10: Election REJECTED; received 2 response(s) [b63a5968-b034-497d-a723-e18a7363a3f1<-8ca3ec46-7319-4283-b207-b730019dde55#0:FAIL-t1, b63a5968-b034-497d-a723-e18a7363a3f1<-9a6c87f6-096e-4769-9132-289fb1aab8c2#0:FAIL-t1] and 0 exception(s); b63a5968-b034-497d-a723-e18a7363a3f1@group-E2F208E51DED:t1, leader=null, voted=b63a5968-b034-497d-a723-e18a7363a3f1, raftlog=b63a5968-b034-497d-a723-e18a7363a3f1@group-E2F208E51DED-SegmentedRaftLog:OPENED:c-1,f-1,i0, conf=-1: [8ca3ec46-7319-4283-b207-b730019dde55:192.168.5.159:46312, 9a6c87f6-096e-4769-9132-289fb1aab8c2:192.168.5.159:46771, b63a5968-b034-497d-a723-e18a7363a3f1:192.168.5.159:39007], old=null
2019-10-14 14:42:20,323 [b63a5968-b034-497d-a723-e18a7363a3f1@group-F0A1E4AD654E:LeaderElection17] INFO  impl.LeaderElection (LeaderElection.java:logAndReturn(56)) - b63a5968-b034-497d-a723-e18a7363a3f1@group-F0A1E4AD654E:LeaderElection17: Election REJECTED; received 2 response(s) [b63a5968-b034-497d-a723-e18a7363a3f1<-8ca3ec46-7319-4283-b207-b730019dde55#0:FAIL-t1, b63a5968-b034-497d-a723-e18a7363a3f1<-9a6c87f6-096e-4769-9132-289fb1aab8c2#0:FAIL-t1] and 0 exception(s); b63a5968-b034-497d-a723-e18a7363a3f1@group-F0A1E4AD654E:t1, leader=null, voted=b63a5968-b034-497d-a723-e18a7363a3f1, raftlog=b63a5968-b034-497d-a723-e18a7363a3f1@group-F0A1E4AD654E-SegmentedRaftLog:OPENED:c-1,f-1,i0, conf=-1: [8ca3ec46-7319-4283-b207-b730019dde55:192.168.5.159:46312, 9a6c87f6-096e-4769-9132-289fb1aab8c2:192.168.5.159:46771, b63a5968-b034-497d-a723-e18a7363a3f1:192.168.5.159:39007], old=null
2019-10-14 14:42:20,323 [8ca3ec46-7319-4283-b207-b730019dde55@group-F0A1E4AD654E:LeaderElection20] INFO  impl.RaftServerImpl (RaftServerImpl.java:setRole(174)) - 8ca3ec46-7319-4283-b207-b730019dde55@group-F0A1E4AD654E: changes role from CANDIDATE to FOLLOWER at term 1 for DISCOVERED_A_NEW_TERM
2019-10-14 14:42:20,321 [8ca3ec46-7319-4283-b207-b730019dde55@group-E2F208E51DED:LeaderElection9] INFO  impl.LeaderElection (LeaderElection.java:logAndReturn(56)) - 8ca3ec46-7319-4283-b207-b730019dde55@group-E2F208E51DED:LeaderElection9: Election REJECTED; received 2 response(s) [8ca3ec46-7319-4283-b207-b730019dde55<-9a6c87f6-096e-4769-9132-289fb1aab8c2#0:FAIL-t1, 8ca3ec46-7319-4283-b207-b730019dde55<-b63a5968-b034-497d-a723-e18a7363a3f1#0:FAIL-t1] and 0 exception(s); 8ca3ec46-7319-4283-b207-b730019dde55@group-E2F208E51DED:t1, leader=null, voted=8ca3ec46-7319-4283-b207-b730019dde55, raftlog=8ca3ec46-7319-4283-b207-b730019dde55@group-E2F208E51DED-SegmentedRaftLog:OPENED:c-1,f-1,i0, conf=-1: [8ca3ec46-7319-4283-b207-b730019dde55:192.168.5.159:46312, 9a6c87f6-096e-4769-9132-289fb1aab8c2:192.168.5.159:46771, b63a5968-b034-497d-a723-e18a7363a3f1:192.168.5.159:39007], old=null
2019-10-14 14:42:20,320 [caa892f0-76ff-4c1e-b30f-b7c59842badc@group-E0B7C1D5C8D3:LeaderElection13] INFO  impl.RoleInfo (RoleInfo.java:shutdownLeaderElection(134)) - caa892f0-76ff-4c1e-b30f-b7c59842badc: shutdown LeaderElection
2019-10-14 14:42:20,336 [b63a5968-b034-497d-a723-e18a7363a3f1@group-F0A1E4AD654E:LeaderElection17] INFO  impl.RaftServerImpl (RaftServerImpl.java:setRole(174)) - b63a5968-b034-497d-a723-e18a7363a3f1@group-F0A1E4AD654E: changes role from CANDIDATE to FOLLOWER at term 1 for DISCOVERED_A_NEW_TERM
2019-10-14 14:42:20,337 [b63a5968-b034-497d-a723-e18a7363a3f1@group-F0A1E4AD654E:LeaderElection17] INFO  impl.RoleInfo (RoleInfo.java:shutdownLeaderElection(134)) - b63a5968-b034-497d-a723-e18a7363a3f1: shutdown LeaderElection
2019-10-14 14:42:20,336 [Thread-238] INFO  container.ReplicationManager (ReplicationManager.java:start(163)) - Starting Replication Monitor Thread.
2019-10-14 14:42:20,334 [8ca3ec46-7319-4283-b207-b730019dde55@group-E2F208E51DED:LeaderElection9] INFO  impl.RaftServerImpl (RaftServerImpl.java:setRole(174)) - 8ca3ec46-7319-4283-b207-b730019dde55@group-E2F208E51DED: changes role from CANDIDATE to FOLLOWER at term 1 for DISCOVERED_A_NEW_TERM
2019-10-14 14:42:20,329 [8ca3ec46-7319-4283-b207-b730019dde55@group-F0A1E4AD654E:LeaderElection20] INFO  impl.RoleInfo (RoleInfo.java:shutdownLeaderElection(134)) - 8ca3ec46-7319-4283-b207-b730019dde55: shutdown LeaderElection
2019-10-14 14:42:20,329 [b63a5968-b034-497d-a723-e18a7363a3f1@group-E2F208E51DED:LeaderElection10] INFO  impl.RaftServerImpl (RaftServerImpl.java:setRole(174)) - b63a5968-b034-497d-a723-e18a7363a3f1@group-E2F208E51DED: changes role from CANDIDATE to FOLLOWER at term 1 for DISCOVERED_A_NEW_TERM
2019-10-14 14:42:20,339 [8ca3ec46-7319-4283-b207-b730019dde55@group-F0A1E4AD654E:LeaderElection20] INFO  impl.RoleInfo (RoleInfo.java:updateAndGet(143)) - 8ca3ec46-7319-4283-b207-b730019dde55: start FollowerState
2019-10-14 14:42:20,339 [b63a5968-b034-497d-a723-e18a7363a3f1@group-E4C6DCC22999:LeaderElection16] INFO  impl.LeaderElection (LeaderElection.java:logAndReturn(56)) - b63a5968-b034-497d-a723-e18a7363a3f1@group-E4C6DCC22999:LeaderElection16: Election PASSED; received 2 response(s) [b63a5968-b034-497d-a723-e18a7363a3f1<-8ca3ec46-7319-4283-b207-b730019dde55#0:OK-t1, b63a5968-b034-497d-a723-e18a7363a3f1<-9a6c87f6-096e-4769-9132-289fb1aab8c2#0:FAIL-t1] and 0 exception(s); b63a5968-b034-497d-a723-e18a7363a3f1@group-E4C6DCC22999:t1, leader=null, voted=b63a5968-b034-497d-a723-e18a7363a3f1, raftlog=b63a5968-b034-497d-a723-e18a7363a3f1@group-E4C6DCC22999-SegmentedRaftLog:OPENED:c-1,f-1,i0, conf=-1: [8ca3ec46-7319-4283-b207-b730019dde55:192.168.5.159:46312, 9a6c87f6-096e-4769-9132-289fb1aab8c2:192.168.5.159:46771, b63a5968-b034-497d-a723-e18a7363a3f1:192.168.5.159:39007], old=null
2019-10-14 14:42:20,326 [b63a5968-b034-497d-a723-e18a7363a3f1@group-49BAC8692D39:LeaderElection14] INFO  impl.LeaderElection (LeaderElection.java:logAndReturn(56)) - b63a5968-b034-497d-a723-e18a7363a3f1@group-49BAC8692D39:LeaderElection14: Election REJECTED; received 2 response(s) [b63a5968-b034-497d-a723-e18a7363a3f1<-8ca3ec46-7319-4283-b207-b730019dde55#0:FAIL-t1, b63a5968-b034-497d-a723-e18a7363a3f1<-9a6c87f6-096e-4769-9132-289fb1aab8c2#0:FAIL-t1] and 0 exception(s); b63a5968-b034-497d-a723-e18a7363a3f1@group-49BAC8692D39:t1, leader=null, voted=b63a5968-b034-497d-a723-e18a7363a3f1, raftlog=b63a5968-b034-497d-a723-e18a7363a3f1@group-49BAC8692D39-SegmentedRaftLog:OPENED:c-1,f-1,i0, conf=-1: [8ca3ec46-7319-4283-b207-b730019dde55:192.168.5.159:46312, 9a6c87f6-096e-4769-9132-289fb1aab8c2:192.168.5.159:46771, b63a5968-b034-497d-a723-e18a7363a3f1:192.168.5.159:39007], old=null
2019-10-14 14:42:20,324 [8ca3ec46-7319-4283-b207-b730019dde55@group-49BAC8692D39:LeaderElection11] INFO  impl.RaftServerImpl (RaftServerImpl.java:setRole(174)) - 8ca3ec46-7319-4283-b207-b730019dde55@group-49BAC8692D39: changes role from CANDIDATE to FOLLOWER at term 1 for DISCOVERED_A_NEW_TERM
2019-10-14 14:42:20,348 [8ca3ec46-7319-4283-b207-b730019dde55@group-49BAC8692D39:LeaderElection11] INFO  impl.RoleInfo (RoleInfo.java:shutdownLeaderElection(134)) - 8ca3ec46-7319-4283-b207-b730019dde55: shutdown LeaderElection
2019-10-14 14:42:20,324 [grpc-default-executor-2] INFO  impl.RoleInfo (RoleInfo.java:updateAndGet(143)) - f9748ec4-5d8a-4dfc-8690-85b8cdac3f5d: start FollowerState
2019-10-14 14:42:20,324 [Thread-324] INFO  impl.FollowerState (FollowerState.java:run(115)) - f9748ec4-5d8a-4dfc-8690-85b8cdac3f5d: FollowerState was interrupted: java.lang.InterruptedException: sleep interrupted
2019-10-14 14:42:20,348 [b63a5968-b034-497d-a723-e18a7363a3f1@group-49BAC8692D39:LeaderElection14] INFO  impl.RaftServerImpl (RaftServerImpl.java:setRole(174)) - b63a5968-b034-497d-a723-e18a7363a3f1@group-49BAC8692D39: changes role from CANDIDATE to FOLLOWER at term 1 for DISCOVERED_A_NEW_TERM
2019-10-14 14:42:20,340 [b63a5968-b034-497d-a723-e18a7363a3f1@group-E4C6DCC22999:LeaderElection16] INFO  impl.RoleInfo (RoleInfo.java:shutdownLeaderElection(134)) - b63a5968-b034-497d-a723-e18a7363a3f1: shutdown LeaderElection
2019-10-14 14:42:20,339 [b63a5968-b034-497d-a723-e18a7363a3f1@group-E2F208E51DED:LeaderElection10] INFO  impl.RoleInfo (RoleInfo.java:shutdownLeaderElection(134)) - b63a5968-b034-497d-a723-e18a7363a3f1: shutdown LeaderElection
2019-10-14 14:42:20,339 [8ca3ec46-7319-4283-b207-b730019dde55@group-E2F208E51DED:LeaderElection9] INFO  impl.RoleInfo (RoleInfo.java:shutdownLeaderElection(134)) - 8ca3ec46-7319-4283-b207-b730019dde55: shutdown LeaderElection
2019-10-14 14:42:20,350 [b63a5968-b034-497d-a723-e18a7363a3f1@group-E2F208E51DED:LeaderElection10] INFO  impl.RoleInfo (RoleInfo.java:updateAndGet(143)) - b63a5968-b034-497d-a723-e18a7363a3f1: start FollowerState
2019-10-14 14:42:20,350 [8ca3ec46-7319-4283-b207-b730019dde55@group-E2F208E51DED:LeaderElection9] INFO  impl.RoleInfo (RoleInfo.java:updateAndGet(143)) - 8ca3ec46-7319-4283-b207-b730019dde55: start FollowerState
2019-10-14 14:42:20,339 [b63a5968-b034-497d-a723-e18a7363a3f1@group-F0A1E4AD654E:LeaderElection17] INFO  impl.RoleInfo (RoleInfo.java:updateAndGet(143)) - b63a5968-b034-497d-a723-e18a7363a3f1: start FollowerState
2019-10-14 14:42:20,339 [caa892f0-76ff-4c1e-b30f-b7c59842badc@group-E0B7C1D5C8D3:LeaderElection13] INFO  impl.RoleInfo (RoleInfo.java:updateAndGet(143)) - caa892f0-76ff-4c1e-b30f-b7c59842badc: start FollowerState
2019-10-14 14:42:20,350 [9a6c87f6-096e-4769-9132-289fb1aab8c2@group-E4C6DCC22999:LeaderElection12] INFO  impl.LeaderElection (LeaderElection.java:logAndReturn(56)) - 9a6c87f6-096e-4769-9132-289fb1aab8c2@group-E4C6DCC22999:LeaderElection12: Election REJECTED; received 2 response(s) [9a6c87f6-096e-4769-9132-289fb1aab8c2<-8ca3ec46-7319-4283-b207-b730019dde55#0:FAIL-t1, 9a6c87f6-096e-4769-9132-289fb1aab8c2<-b63a5968-b034-497d-a723-e18a7363a3f1#0:FAIL-t1] and 0 exception(s); 9a6c87f6-096e-4769-9132-289fb1aab8c2@group-E4C6DCC22999:t1, leader=null, voted=9a6c87f6-096e-4769-9132-289fb1aab8c2, raftlog=9a6c87f6-096e-4769-9132-289fb1aab8c2@group-E4C6DCC22999-SegmentedRaftLog:OPENED:c-1,f-1,i0, conf=-1: [8ca3ec46-7319-4283-b207-b730019dde55:192.168.5.159:46312, 9a6c87f6-096e-4769-9132-289fb1aab8c2:192.168.5.159:46771, b63a5968-b034-497d-a723-e18a7363a3f1:192.168.5.159:39007], old=null
2019-10-14 14:42:20,350 [9a6c87f6-096e-4769-9132-289fb1aab8c2@group-E2F208E51DED:LeaderElection18] INFO  impl.LeaderElection (LeaderElection.java:logAndReturn(56)) - 9a6c87f6-096e-4769-9132-289fb1aab8c2@group-E2F208E51DED:LeaderElection18: Election REJECTED; received 2 response(s) [9a6c87f6-096e-4769-9132-289fb1aab8c2<-8ca3ec46-7319-4283-b207-b730019dde55#0:FAIL-t1, 9a6c87f6-096e-4769-9132-289fb1aab8c2<-b63a5968-b034-497d-a723-e18a7363a3f1#0:FAIL-t1] and 0 exception(s); 9a6c87f6-096e-4769-9132-289fb1aab8c2@group-E2F208E51DED:t1, leader=null, voted=9a6c87f6-096e-4769-9132-289fb1aab8c2, raftlog=9a6c87f6-096e-4769-9132-289fb1aab8c2@group-E2F208E51DED-SegmentedRaftLog:OPENED:c-1,f-1,i0, conf=-1: [8ca3ec46-7319-4283-b207-b730019dde55:192.168.5.159:46312, 9a6c87f6-096e-4769-9132-289fb1aab8c2:192.168.5.159:46771, b63a5968-b034-497d-a723-e18a7363a3f1:192.168.5.159:39007], old=null
2019-10-14 14:42:20,350 [ReplicationMonitor] INFO  container.ReplicationManager (ReplicationManager.java:run(226)) - Replication Monitor Thread took 1 milliseconds for processing 0 containers.
2019-10-14 14:42:20,350 [b63a5968-b034-497d-a723-e18a7363a3f1@group-E4C6DCC22999:LeaderElection16] INFO  impl.RaftServerImpl (RaftServerImpl.java:setRole(174)) - b63a5968-b034-497d-a723-e18a7363a3f1@group-E4C6DCC22999: changes role from CANDIDATE to LEADER at term 1 for changeToLeader
2019-10-14 14:42:20,355 [9a6c87f6-096e-4769-9132-289fb1aab8c2@group-E4C6DCC22999:LeaderElection12] INFO  impl.RaftServerImpl (RaftServerImpl.java:setRole(174)) - 9a6c87f6-096e-4769-9132-289fb1aab8c2@group-E4C6DCC22999: changes role from CANDIDATE to FOLLOWER at term 1 for DISCOVERED_A_NEW_TERM
2019-10-14 14:42:20,350 [b63a5968-b034-497d-a723-e18a7363a3f1@group-49BAC8692D39:LeaderElection14] INFO  impl.RoleInfo (RoleInfo.java:shutdownLeaderElection(134)) - b63a5968-b034-497d-a723-e18a7363a3f1: shutdown LeaderElection
2019-10-14 14:42:20,350 [8ca3ec46-7319-4283-b207-b730019dde55@group-49BAC8692D39:LeaderElection11] INFO  impl.RoleInfo (RoleInfo.java:updateAndGet(143)) - 8ca3ec46-7319-4283-b207-b730019dde55: start FollowerState
2019-10-14 14:42:20,355 [b63a5968-b034-497d-a723-e18a7363a3f1@group-49BAC8692D39:LeaderElection14] INFO  impl.RoleInfo (RoleInfo.java:updateAndGet(143)) - b63a5968-b034-497d-a723-e18a7363a3f1: start FollowerState
2019-10-14 14:42:20,355 [9a6c87f6-096e-4769-9132-289fb1aab8c2@group-E4C6DCC22999:LeaderElection12] INFO  impl.RoleInfo (RoleInfo.java:shutdownLeaderElection(134)) - 9a6c87f6-096e-4769-9132-289fb1aab8c2: shutdown LeaderElection
2019-10-14 14:42:20,355 [9a6c87f6-096e-4769-9132-289fb1aab8c2@group-F0A1E4AD654E:LeaderElection15] INFO  impl.LeaderElection (LeaderElection.java:logAndReturn(56)) - 9a6c87f6-096e-4769-9132-289fb1aab8c2@group-F0A1E4AD654E:LeaderElection15: Election REJECTED; received 2 response(s) [9a6c87f6-096e-4769-9132-289fb1aab8c2<-8ca3ec46-7319-4283-b207-b730019dde55#0:FAIL-t1, 9a6c87f6-096e-4769-9132-289fb1aab8c2<-b63a5968-b034-497d-a723-e18a7363a3f1#0:FAIL-t1] and 0 exception(s); 9a6c87f6-096e-4769-9132-289fb1aab8c2@group-F0A1E4AD654E:t1, leader=null, voted=9a6c87f6-096e-4769-9132-289fb1aab8c2, raftlog=9a6c87f6-096e-4769-9132-289fb1aab8c2@group-F0A1E4AD654E-SegmentedRaftLog:OPENED:c-1,f-1,i0, conf=-1: [8ca3ec46-7319-4283-b207-b730019dde55:192.168.5.159:46312, 9a6c87f6-096e-4769-9132-289fb1aab8c2:192.168.5.159:46771, b63a5968-b034-497d-a723-e18a7363a3f1:192.168.5.159:39007], old=null
2019-10-14 14:42:20,355 [b63a5968-b034-497d-a723-e18a7363a3f1@group-E4C6DCC22999:LeaderElection16] INFO  impl.RaftServerImpl (ServerState.java:setLeader(253)) - b63a5968-b034-497d-a723-e18a7363a3f1@group-E4C6DCC22999: change Leader from null to b63a5968-b034-497d-a723-e18a7363a3f1 at term 1 for becomeLeader, leader elected after 1545ms
2019-10-14 14:42:20,355 [9a6c87f6-096e-4769-9132-289fb1aab8c2@group-E2F208E51DED:LeaderElection18] INFO  impl.RaftServerImpl (RaftServerImpl.java:setRole(174)) - 9a6c87f6-096e-4769-9132-289fb1aab8c2@group-E2F208E51DED: changes role from CANDIDATE to FOLLOWER at term 1 for DISCOVERED_A_NEW_TERM
2019-10-14 14:42:20,357 [b63a5968-b034-497d-a723-e18a7363a3f1@group-E4C6DCC22999:LeaderElection16] INFO  server.RaftServerConfigKeys (ConfUtils.java:logGet(43)) - raft.server.staging.catchup.gap = 1000 (default)
2019-10-14 14:42:20,357 [9a6c87f6-096e-4769-9132-289fb1aab8c2@group-E2F208E51DED:LeaderElection18] INFO  impl.RoleInfo (RoleInfo.java:shutdownLeaderElection(134)) - 9a6c87f6-096e-4769-9132-289fb1aab8c2: shutdown LeaderElection
2019-10-14 14:42:20,356 [9a6c87f6-096e-4769-9132-289fb1aab8c2@group-F0A1E4AD654E:LeaderElection15] INFO  impl.RaftServerImpl (RaftServerImpl.java:setRole(174)) - 9a6c87f6-096e-4769-9132-289fb1aab8c2@group-F0A1E4AD654E: changes role from CANDIDATE to FOLLOWER at term 1 for DISCOVERED_A_NEW_TERM
2019-10-14 14:42:20,355 [9a6c87f6-096e-4769-9132-289fb1aab8c2@group-E4C6DCC22999:LeaderElection12] INFO  impl.RoleInfo (RoleInfo.java:updateAndGet(143)) - 9a6c87f6-096e-4769-9132-289fb1aab8c2: start FollowerState
2019-10-14 14:42:20,355 [9a6c87f6-096e-4769-9132-289fb1aab8c2@group-49BAC8692D39:LeaderElection8] INFO  impl.LeaderElection (LeaderElection.java:logAndReturn(56)) - 9a6c87f6-096e-4769-9132-289fb1aab8c2@group-49BAC8692D39:LeaderElection8: Election REJECTED; received 2 response(s) [9a6c87f6-096e-4769-9132-289fb1aab8c2<-8ca3ec46-7319-4283-b207-b730019dde55#0:FAIL-t1, 9a6c87f6-096e-4769-9132-289fb1aab8c2<-b63a5968-b034-497d-a723-e18a7363a3f1#0:FAIL-t1] and 0 exception(s); 9a6c87f6-096e-4769-9132-289fb1aab8c2@group-49BAC8692D39:t1, leader=null, voted=9a6c87f6-096e-4769-9132-289fb1aab8c2, raftlog=9a6c87f6-096e-4769-9132-289fb1aab8c2@group-49BAC8692D39-SegmentedRaftLog:OPENED:c-1,f-1,i0, conf=-1: [8ca3ec46-7319-4283-b207-b730019dde55:192.168.5.159:46312, 9a6c87f6-096e-4769-9132-289fb1aab8c2:192.168.5.159:46771, b63a5968-b034-497d-a723-e18a7363a3f1:192.168.5.159:39007], old=null
2019-10-14 14:42:20,358 [caa892f0-76ff-4c1e-b30f-b7c59842badc@group-026CFA11C8A1:LeaderElection26] INFO  impl.LeaderElection (LeaderElection.java:logAndReturn(56)) - caa892f0-76ff-4c1e-b30f-b7c59842badc@group-026CFA11C8A1:LeaderElection26: Election REJECTED; received 2 response(s) [caa892f0-76ff-4c1e-b30f-b7c59842badc<-07a15819-e4fc-4072-82ac-b3e77a99d12a#0:FAIL-t1, caa892f0-76ff-4c1e-b30f-b7c59842badc<-f9748ec4-5d8a-4dfc-8690-85b8cdac3f5d#0:FAIL-t1] and 0 exception(s); caa892f0-76ff-4c1e-b30f-b7c59842badc@group-026CFA11C8A1:t1, leader=null, voted=caa892f0-76ff-4c1e-b30f-b7c59842badc, raftlog=caa892f0-76ff-4c1e-b30f-b7c59842badc@group-026CFA11C8A1-SegmentedRaftLog:OPENED:c-1,f-1,i0, conf=-1: [07a15819-e4fc-4072-82ac-b3e77a99d12a:192.168.5.159:45599, f9748ec4-5d8a-4dfc-8690-85b8cdac3f5d:192.168.5.159:44598, caa892f0-76ff-4c1e-b30f-b7c59842badc:192.168.5.159:39406], old=null
2019-10-14 14:42:20,358 [9a6c87f6-096e-4769-9132-289fb1aab8c2@group-F0A1E4AD654E:LeaderElection15] INFO  impl.RoleInfo (RoleInfo.java:shutdownLeaderElection(134)) - 9a6c87f6-096e-4769-9132-289fb1aab8c2: shutdown LeaderElection
2019-10-14 14:42:20,357 [9a6c87f6-096e-4769-9132-289fb1aab8c2@group-E2F208E51DED:LeaderElection18] INFO  impl.RoleInfo (RoleInfo.java:updateAndGet(143)) - 9a6c87f6-096e-4769-9132-289fb1aab8c2: start FollowerState
2019-10-14 14:42:20,357 [b63a5968-b034-497d-a723-e18a7363a3f1@group-E4C6DCC22999:LeaderElection16] INFO  server.RaftServerConfigKeys (ConfUtils.java:logGet(43)) - raft.server.rpc.sleep.time = 25ms (default)
2019-10-14 14:42:20,358 [9a6c87f6-096e-4769-9132-289fb1aab8c2@group-49BAC8692D39:LeaderElection8] INFO  impl.RaftServerImpl (RaftServerImpl.java:setRole(174)) - 9a6c87f6-096e-4769-9132-289fb1aab8c2@group-49BAC8692D39: changes role from CANDIDATE to FOLLOWER at term 1 for DISCOVERED_A_NEW_TERM
2019-10-14 14:42:20,366 [9a6c87f6-096e-4769-9132-289fb1aab8c2@group-F0A1E4AD654E:LeaderElection15] INFO  impl.RoleInfo (RoleInfo.java:updateAndGet(143)) - 9a6c87f6-096e-4769-9132-289fb1aab8c2: start FollowerState
2019-10-14 14:42:20,366 [b63a5968-b034-497d-a723-e18a7363a3f1@group-E4C6DCC22999:LeaderElection16] INFO  server.RaftServerConfigKeys (ConfUtils.java:logGet(43)) - raft.server.write.element-limit = 4096 (default)
2019-10-14 14:42:20,365 [caa892f0-76ff-4c1e-b30f-b7c59842badc@group-026CFA11C8A1:LeaderElection26] INFO  impl.RaftServerImpl (RaftServerImpl.java:setRole(174)) - caa892f0-76ff-4c1e-b30f-b7c59842badc@group-026CFA11C8A1: changes role from CANDIDATE to FOLLOWER at term 1 for DISCOVERED_A_NEW_TERM
2019-10-14 14:42:20,366 [b63a5968-b034-497d-a723-e18a7363a3f1@group-E4C6DCC22999:LeaderElection16] INFO  server.RaftServerConfigKeys (ConfUtils.java:logGet(43)) - raft.server.watch.timeout = 10s (default)
2019-10-14 14:42:20,366 [9a6c87f6-096e-4769-9132-289fb1aab8c2@group-49BAC8692D39:LeaderElection8] INFO  impl.RoleInfo (RoleInfo.java:shutdownLeaderElection(134)) - 9a6c87f6-096e-4769-9132-289fb1aab8c2: shutdown LeaderElection
2019-10-14 14:42:20,366 [b63a5968-b034-497d-a723-e18a7363a3f1@group-E4C6DCC22999:LeaderElection16] INFO  server.RaftServerConfigKeys (ConfUtils.java:logGet(43)) - raft.server.watch.timeout.denomination = 1s (default)
2019-10-14 14:42:20,366 [b63a5968-b034-497d-a723-e18a7363a3f1@group-E4C6DCC22999:LeaderElection16] INFO  server.RaftServerConfigKeys (ConfUtils.java:logGet(43)) - raft.server.watch.element-limit = 65536 (default)
2019-10-14 14:42:20,366 [caa892f0-76ff-4c1e-b30f-b7c59842badc@group-026CFA11C8A1:LeaderElection26] INFO  impl.RoleInfo (RoleInfo.java:shutdownLeaderElection(134)) - caa892f0-76ff-4c1e-b30f-b7c59842badc: shutdown LeaderElection
2019-10-14 14:42:20,366 [9a6c87f6-096e-4769-9132-289fb1aab8c2@group-49BAC8692D39:LeaderElection8] INFO  impl.RoleInfo (RoleInfo.java:updateAndGet(143)) - 9a6c87f6-096e-4769-9132-289fb1aab8c2: start FollowerState
2019-10-14 14:42:20,366 [caa892f0-76ff-4c1e-b30f-b7c59842badc@group-026CFA11C8A1:LeaderElection26] INFO  impl.RoleInfo (RoleInfo.java:updateAndGet(143)) - caa892f0-76ff-4c1e-b30f-b7c59842badc: start FollowerState
2019-10-14 14:42:20,367 [caa892f0-76ff-4c1e-b30f-b7c59842badc@group-382452901537:LeaderElection24] INFO  impl.LeaderElection (LeaderElection.java:logAndReturn(56)) - caa892f0-76ff-4c1e-b30f-b7c59842badc@group-382452901537:LeaderElection24: Election PASSED; received 2 response(s) [caa892f0-76ff-4c1e-b30f-b7c59842badc<-07a15819-e4fc-4072-82ac-b3e77a99d12a#0:FAIL-t1, caa892f0-76ff-4c1e-b30f-b7c59842badc<-f9748ec4-5d8a-4dfc-8690-85b8cdac3f5d#0:OK-t1] and 0 exception(s); caa892f0-76ff-4c1e-b30f-b7c59842badc@group-382452901537:t1, leader=null, voted=caa892f0-76ff-4c1e-b30f-b7c59842badc, raftlog=caa892f0-76ff-4c1e-b30f-b7c59842badc@group-382452901537-SegmentedRaftLog:OPENED:c-1,f-1,i0, conf=-1: [07a15819-e4fc-4072-82ac-b3e77a99d12a:192.168.5.159:45599, f9748ec4-5d8a-4dfc-8690-85b8cdac3f5d:192.168.5.159:44598, caa892f0-76ff-4c1e-b30f-b7c59842badc:192.168.5.159:39406], old=null
2019-10-14 14:42:20,367 [caa892f0-76ff-4c1e-b30f-b7c59842badc@group-382452901537:LeaderElection24] INFO  impl.RoleInfo (RoleInfo.java:shutdownLeaderElection(134)) - caa892f0-76ff-4c1e-b30f-b7c59842badc: shutdown LeaderElection
2019-10-14 14:42:20,367 [caa892f0-76ff-4c1e-b30f-b7c59842badc@group-382452901537:LeaderElection24] INFO  impl.RaftServerImpl (RaftServerImpl.java:setRole(174)) - caa892f0-76ff-4c1e-b30f-b7c59842badc@group-382452901537: changes role from CANDIDATE to LEADER at term 1 for changeToLeader
2019-10-14 14:42:20,367 [caa892f0-76ff-4c1e-b30f-b7c59842badc@group-382452901537:LeaderElection24] INFO  impl.RaftServerImpl (ServerState.java:setLeader(253)) - caa892f0-76ff-4c1e-b30f-b7c59842badc@group-382452901537: change Leader from null to caa892f0-76ff-4c1e-b30f-b7c59842badc at term 1 for becomeLeader, leader elected after 1135ms
2019-10-14 14:42:20,368 [caa892f0-76ff-4c1e-b30f-b7c59842badc@group-382452901537:LeaderElection24] INFO  server.RaftServerConfigKeys (ConfUtils.java:logGet(43)) - raft.server.staging.catchup.gap = 1000 (default)
2019-10-14 14:42:20,368 [caa892f0-76ff-4c1e-b30f-b7c59842badc@group-382452901537:LeaderElection24] INFO  server.RaftServerConfigKeys (ConfUtils.java:logGet(43)) - raft.server.rpc.sleep.time = 25ms (default)
2019-10-14 14:42:20,368 [caa892f0-76ff-4c1e-b30f-b7c59842badc@group-382452901537:LeaderElection24] INFO  server.RaftServerConfigKeys (ConfUtils.java:logGet(43)) - raft.server.write.element-limit = 4096 (default)
2019-10-14 14:42:20,368 [caa892f0-76ff-4c1e-b30f-b7c59842badc@group-382452901537:LeaderElection24] INFO  server.RaftServerConfigKeys (ConfUtils.java:logGet(43)) - raft.server.watch.timeout = 10s (default)
2019-10-14 14:42:20,368 [caa892f0-76ff-4c1e-b30f-b7c59842badc@group-382452901537:LeaderElection24] INFO  server.RaftServerConfigKeys (ConfUtils.java:logGet(43)) - raft.server.watch.timeout.denomination = 1s (default)
2019-10-14 14:42:20,368 [caa892f0-76ff-4c1e-b30f-b7c59842badc@group-382452901537:LeaderElection24] INFO  server.RaftServerConfigKeys (ConfUtils.java:logGet(43)) - raft.server.watch.element-limit = 65536 (default)
2019-10-14 14:42:20,369 [b63a5968-b034-497d-a723-e18a7363a3f1@group-E4C6DCC22999:LeaderElection16] INFO  server.RaftServerConfigKeys (ConfUtils.java:logGet(43)) - raft.server.log.appender.snapshot.chunk.size.max = 16MB (=16777216) (default)
2019-10-14 14:42:20,371 [b63a5968-b034-497d-a723-e18a7363a3f1@group-E4C6DCC22999:LeaderElection16] INFO  server.RaftServerConfigKeys (ConfUtils.java:logGet(43)) - raft.server.log.appender.buffer.byte-limit = 33554432 (custom)
2019-10-14 14:42:20,372 [b63a5968-b034-497d-a723-e18a7363a3f1@group-E4C6DCC22999:LeaderElection16] INFO  server.RaftServerConfigKeys (ConfUtils.java:logGet(43)) - raft.server.log.appender.buffer.element-limit = 1 (custom)
2019-10-14 14:42:20,372 [caa892f0-76ff-4c1e-b30f-b7c59842badc@group-382452901537:LeaderElection24] INFO  server.RaftServerConfigKeys (ConfUtils.java:logGet(43)) - raft.server.log.appender.snapshot.chunk.size.max = 16MB (=16777216) (default)
2019-10-14 14:42:20,372 [caa892f0-76ff-4c1e-b30f-b7c59842badc@group-382452901537:LeaderElection24] INFO  server.RaftServerConfigKeys (ConfUtils.java:logGet(43)) - raft.server.log.appender.buffer.byte-limit = 33554432 (custom)
2019-10-14 14:42:20,372 [caa892f0-76ff-4c1e-b30f-b7c59842badc@group-382452901537:LeaderElection24] INFO  server.RaftServerConfigKeys (ConfUtils.java:logGet(43)) - raft.server.log.appender.buffer.element-limit = 1 (custom)
2019-10-14 14:42:20,375 [f9748ec4-5d8a-4dfc-8690-85b8cdac3f5d@group-E0B7C1D5C8D3:LeaderElection21] INFO  impl.LeaderElection (LeaderElection.java:logAndReturn(56)) - f9748ec4-5d8a-4dfc-8690-85b8cdac3f5d@group-E0B7C1D5C8D3:LeaderElection21: Election REJECTED; received 2 response(s) [f9748ec4-5d8a-4dfc-8690-85b8cdac3f5d<-07a15819-e4fc-4072-82ac-b3e77a99d12a#0:FAIL-t1, f9748ec4-5d8a-4dfc-8690-85b8cdac3f5d<-caa892f0-76ff-4c1e-b30f-b7c59842badc#0:FAIL-t1] and 0 exception(s); f9748ec4-5d8a-4dfc-8690-85b8cdac3f5d@group-E0B7C1D5C8D3:t1, leader=null, voted=f9748ec4-5d8a-4dfc-8690-85b8cdac3f5d, raftlog=f9748ec4-5d8a-4dfc-8690-85b8cdac3f5d@group-E0B7C1D5C8D3-SegmentedRaftLog:OPENED:c-1,f-1,i0, conf=-1: [07a15819-e4fc-4072-82ac-b3e77a99d12a:192.168.5.159:45599, f9748ec4-5d8a-4dfc-8690-85b8cdac3f5d:192.168.5.159:44598, caa892f0-76ff-4c1e-b30f-b7c59842badc:192.168.5.159:39406], old=null
2019-10-14 14:42:20,376 [f9748ec4-5d8a-4dfc-8690-85b8cdac3f5d@group-026CFA11C8A1:LeaderElection22] INFO  impl.LeaderElection (LeaderElection.java:logAndReturn(56)) - f9748ec4-5d8a-4dfc-8690-85b8cdac3f5d@group-026CFA11C8A1:LeaderElection22: Election REJECTED; received 2 response(s) [f9748ec4-5d8a-4dfc-8690-85b8cdac3f5d<-07a15819-e4fc-4072-82ac-b3e77a99d12a#0:FAIL-t1, f9748ec4-5d8a-4dfc-8690-85b8cdac3f5d<-caa892f0-76ff-4c1e-b30f-b7c59842badc#0:FAIL-t1] and 0 exception(s); f9748ec4-5d8a-4dfc-8690-85b8cdac3f5d@group-026CFA11C8A1:t1, leader=null, voted=f9748ec4-5d8a-4dfc-8690-85b8cdac3f5d, raftlog=f9748ec4-5d8a-4dfc-8690-85b8cdac3f5d@group-026CFA11C8A1-SegmentedRaftLog:OPENED:c-1,f-1,i0, conf=-1: [07a15819-e4fc-4072-82ac-b3e77a99d12a:192.168.5.159:45599, f9748ec4-5d8a-4dfc-8690-85b8cdac3f5d:192.168.5.159:44598, caa892f0-76ff-4c1e-b30f-b7c59842badc:192.168.5.159:39406], old=null
2019-10-14 14:42:20,376 [f9748ec4-5d8a-4dfc-8690-85b8cdac3f5d@group-E0B7C1D5C8D3:LeaderElection21] INFO  impl.RaftServerImpl (RaftServerImpl.java:setRole(174)) - f9748ec4-5d8a-4dfc-8690-85b8cdac3f5d@group-E0B7C1D5C8D3: changes role from CANDIDATE to FOLLOWER at term 1 for DISCOVERED_A_NEW_TERM
2019-10-14 14:42:20,377 [f9748ec4-5d8a-4dfc-8690-85b8cdac3f5d@group-E0B7C1D5C8D3:LeaderElection21] INFO  impl.RoleInfo (RoleInfo.java:shutdownLeaderElection(134)) - f9748ec4-5d8a-4dfc-8690-85b8cdac3f5d: shutdown LeaderElection
2019-10-14 14:42:20,377 [f9748ec4-5d8a-4dfc-8690-85b8cdac3f5d@group-026CFA11C8A1:LeaderElection22] INFO  impl.RaftServerImpl (RaftServerImpl.java:setRole(174)) - f9748ec4-5d8a-4dfc-8690-85b8cdac3f5d@group-026CFA11C8A1: changes role from CANDIDATE to FOLLOWER at term 1 for DISCOVERED_A_NEW_TERM
2019-10-14 14:42:20,379 [f9748ec4-5d8a-4dfc-8690-85b8cdac3f5d@group-E0B7C1D5C8D3:LeaderElection21] INFO  impl.RoleInfo (RoleInfo.java:updateAndGet(143)) - f9748ec4-5d8a-4dfc-8690-85b8cdac3f5d: start FollowerState
2019-10-14 14:42:20,379 [f9748ec4-5d8a-4dfc-8690-85b8cdac3f5d@group-026CFA11C8A1:LeaderElection22] INFO  impl.RoleInfo (RoleInfo.java:shutdownLeaderElection(134)) - f9748ec4-5d8a-4dfc-8690-85b8cdac3f5d: shutdown LeaderElection
2019-10-14 14:42:20,379 [f9748ec4-5d8a-4dfc-8690-85b8cdac3f5d@group-026CFA11C8A1:LeaderElection22] INFO  impl.RoleInfo (RoleInfo.java:updateAndGet(143)) - f9748ec4-5d8a-4dfc-8690-85b8cdac3f5d: start FollowerState
2019-10-14 14:42:20,380 [07a15819-e4fc-4072-82ac-b3e77a99d12a@group-026CFA11C8A1:LeaderElection25] INFO  impl.LeaderElection (LeaderElection.java:logAndReturn(56)) - 07a15819-e4fc-4072-82ac-b3e77a99d12a@group-026CFA11C8A1:LeaderElection25: Election REJECTED; received 2 response(s) [07a15819-e4fc-4072-82ac-b3e77a99d12a<-f9748ec4-5d8a-4dfc-8690-85b8cdac3f5d#0:FAIL-t1, 07a15819-e4fc-4072-82ac-b3e77a99d12a<-caa892f0-76ff-4c1e-b30f-b7c59842badc#0:FAIL-t1] and 0 exception(s); 07a15819-e4fc-4072-82ac-b3e77a99d12a@group-026CFA11C8A1:t1, leader=null, voted=07a15819-e4fc-4072-82ac-b3e77a99d12a, raftlog=07a15819-e4fc-4072-82ac-b3e77a99d12a@group-026CFA11C8A1-SegmentedRaftLog:OPENED:c-1,f-1,i0, conf=-1: [07a15819-e4fc-4072-82ac-b3e77a99d12a:192.168.5.159:45599, f9748ec4-5d8a-4dfc-8690-85b8cdac3f5d:192.168.5.159:44598, caa892f0-76ff-4c1e-b30f-b7c59842badc:192.168.5.159:39406], old=null
2019-10-14 14:42:20,380 [caa892f0-76ff-4c1e-b30f-b7c59842badc@group-382452901537:LeaderElection24] INFO  grpc.GrpcConfigKeys$Server (ConfUtils.java:logGet(43)) - raft.grpc.server.leader.outstanding.appends.max = 128 (default)
2019-10-14 14:42:20,380 [b63a5968-b034-497d-a723-e18a7363a3f1@group-E4C6DCC22999:LeaderElection16] INFO  grpc.GrpcConfigKeys$Server (ConfUtils.java:logGet(43)) - raft.grpc.server.leader.outstanding.appends.max = 128 (default)
2019-10-14 14:42:20,388 [07a15819-e4fc-4072-82ac-b3e77a99d12a@group-E0B7C1D5C8D3:LeaderElection19] INFO  impl.LeaderElection (LeaderElection.java:logAndReturn(56)) - 07a15819-e4fc-4072-82ac-b3e77a99d12a@group-E0B7C1D5C8D3:LeaderElection19: Election REJECTED; received 2 response(s) [07a15819-e4fc-4072-82ac-b3e77a99d12a<-f9748ec4-5d8a-4dfc-8690-85b8cdac3f5d#0:FAIL-t1, 07a15819-e4fc-4072-82ac-b3e77a99d12a<-caa892f0-76ff-4c1e-b30f-b7c59842badc#0:FAIL-t1] and 0 exception(s); 07a15819-e4fc-4072-82ac-b3e77a99d12a@group-E0B7C1D5C8D3:t1, leader=null, voted=07a15819-e4fc-4072-82ac-b3e77a99d12a, raftlog=07a15819-e4fc-4072-82ac-b3e77a99d12a@group-E0B7C1D5C8D3-SegmentedRaftLog:OPENED:c-1,f-1,i0, conf=-1: [07a15819-e4fc-4072-82ac-b3e77a99d12a:192.168.5.159:45599, f9748ec4-5d8a-4dfc-8690-85b8cdac3f5d:192.168.5.159:44598, caa892f0-76ff-4c1e-b30f-b7c59842badc:192.168.5.159:39406], old=null
2019-10-14 14:42:20,388 [caa892f0-76ff-4c1e-b30f-b7c59842badc@group-382452901537:LeaderElection24] INFO  server.RaftServerConfigKeys (ConfUtils.java:logGet(43)) - raft.server.rpc.request.timeout = 3000ms (default)
2019-10-14 14:42:20,387 [07a15819-e4fc-4072-82ac-b3e77a99d12a@group-026CFA11C8A1:LeaderElection25] INFO  impl.RaftServerImpl (RaftServerImpl.java:setRole(174)) - 07a15819-e4fc-4072-82ac-b3e77a99d12a@group-026CFA11C8A1: changes role from CANDIDATE to FOLLOWER at term 1 for DISCOVERED_A_NEW_TERM
2019-10-14 14:42:20,390 [caa892f0-76ff-4c1e-b30f-b7c59842badc@group-382452901537:LeaderElection24] INFO  server.RaftServerConfigKeys (ConfUtils.java:logGet(43)) - raft.server.log.appender.install.snapshot.enabled = false (custom)
2019-10-14 14:42:20,389 [07a15819-e4fc-4072-82ac-b3e77a99d12a@group-E0B7C1D5C8D3:LeaderElection19] INFO  impl.RaftServerImpl (RaftServerImpl.java:setRole(174)) - 07a15819-e4fc-4072-82ac-b3e77a99d12a@group-E0B7C1D5C8D3: changes role from CANDIDATE to FOLLOWER at term 1 for DISCOVERED_A_NEW_TERM
2019-10-14 14:42:20,390 [07a15819-e4fc-4072-82ac-b3e77a99d12a@group-E0B7C1D5C8D3:LeaderElection19] INFO  impl.RoleInfo (RoleInfo.java:shutdownLeaderElection(134)) - 07a15819-e4fc-4072-82ac-b3e77a99d12a: shutdown LeaderElection
2019-10-14 14:42:20,388 [b63a5968-b034-497d-a723-e18a7363a3f1@group-E4C6DCC22999:LeaderElection16] INFO  server.RaftServerConfigKeys (ConfUtils.java:logGet(43)) - raft.server.rpc.request.timeout = 3000ms (default)
2019-10-14 14:42:20,390 [07a15819-e4fc-4072-82ac-b3e77a99d12a@group-E0B7C1D5C8D3:LeaderElection19] INFO  impl.RoleInfo (RoleInfo.java:updateAndGet(143)) - 07a15819-e4fc-4072-82ac-b3e77a99d12a: start FollowerState
2019-10-14 14:42:20,390 [07a15819-e4fc-4072-82ac-b3e77a99d12a@group-026CFA11C8A1:LeaderElection25] INFO  impl.RoleInfo (RoleInfo.java:shutdownLeaderElection(134)) - 07a15819-e4fc-4072-82ac-b3e77a99d12a: shutdown LeaderElection
2019-10-14 14:42:20,390 [b63a5968-b034-497d-a723-e18a7363a3f1@group-E4C6DCC22999:LeaderElection16] INFO  server.RaftServerConfigKeys (ConfUtils.java:logGet(43)) - raft.server.log.appender.install.snapshot.enabled = false (custom)
2019-10-14 14:42:20,391 [07a15819-e4fc-4072-82ac-b3e77a99d12a@group-026CFA11C8A1:LeaderElection25] INFO  impl.RoleInfo (RoleInfo.java:updateAndGet(143)) - 07a15819-e4fc-4072-82ac-b3e77a99d12a: start FollowerState
2019-10-14 14:42:20,391 [caa892f0-76ff-4c1e-b30f-b7c59842badc@group-382452901537:LeaderElection24] INFO  server.RaftServerConfigKeys (ConfUtils.java:logGet(43)) - raft.server.log.appender.snapshot.chunk.size.max = 16MB (=16777216) (default)
2019-10-14 14:42:20,391 [b63a5968-b034-497d-a723-e18a7363a3f1@group-E4C6DCC22999:LeaderElection16] INFO  server.RaftServerConfigKeys (ConfUtils.java:logGet(43)) - raft.server.log.appender.snapshot.chunk.size.max = 16MB (=16777216) (default)
2019-10-14 14:42:20,391 [caa892f0-76ff-4c1e-b30f-b7c59842badc@group-382452901537:LeaderElection24] INFO  server.RaftServerConfigKeys (ConfUtils.java:logGet(43)) - raft.server.log.appender.buffer.byte-limit = 33554432 (custom)
2019-10-14 14:42:20,391 [b63a5968-b034-497d-a723-e18a7363a3f1@group-E4C6DCC22999:LeaderElection16] INFO  server.RaftServerConfigKeys (ConfUtils.java:logGet(43)) - raft.server.log.appender.buffer.byte-limit = 33554432 (custom)
2019-10-14 14:42:20,391 [caa892f0-76ff-4c1e-b30f-b7c59842badc@group-382452901537:LeaderElection24] INFO  server.RaftServerConfigKeys (ConfUtils.java:logGet(43)) - raft.server.log.appender.buffer.element-limit = 1 (custom)
2019-10-14 14:42:20,392 [Thread-331] INFO  impl.FollowerState (FollowerState.java:run(106)) - f9748ec4-5d8a-4dfc-8690-85b8cdac3f5d:group-EA752D978E74 changes to CANDIDATE, lastRpcTime:1081, electionTimeout:1080ms
2019-10-14 14:42:20,392 [caa892f0-76ff-4c1e-b30f-b7c59842badc@group-382452901537:LeaderElection24] INFO  grpc.GrpcConfigKeys$Server (ConfUtils.java:logGet(43)) - raft.grpc.server.leader.outstanding.appends.max = 128 (default)
2019-10-14 14:42:20,391 [b63a5968-b034-497d-a723-e18a7363a3f1@group-E4C6DCC22999:LeaderElection16] INFO  server.RaftServerConfigKeys (ConfUtils.java:logGet(43)) - raft.server.log.appender.buffer.element-limit = 1 (custom)
2019-10-14 14:42:20,392 [caa892f0-76ff-4c1e-b30f-b7c59842badc@group-382452901537:LeaderElection24] INFO  server.RaftServerConfigKeys (ConfUtils.java:logGet(43)) - raft.server.rpc.request.timeout = 3000ms (default)
2019-10-14 14:42:20,392 [b63a5968-b034-497d-a723-e18a7363a3f1@group-E4C6DCC22999:LeaderElection16] INFO  grpc.GrpcConfigKeys$Server (ConfUtils.java:logGet(43)) - raft.grpc.server.leader.outstanding.appends.max = 128 (default)
2019-10-14 14:42:20,392 [Thread-331] INFO  impl.RoleInfo (RoleInfo.java:shutdownFollowerState(121)) - f9748ec4-5d8a-4dfc-8690-85b8cdac3f5d: shutdown FollowerState
2019-10-14 14:42:20,392 [b63a5968-b034-497d-a723-e18a7363a3f1@group-E4C6DCC22999:LeaderElection16] INFO  server.RaftServerConfigKeys (ConfUtils.java:logGet(43)) - raft.server.rpc.request.timeout = 3000ms (default)
2019-10-14 14:42:20,392 [caa892f0-76ff-4c1e-b30f-b7c59842badc@group-382452901537:LeaderElection24] INFO  server.RaftServerConfigKeys (ConfUtils.java:logGet(43)) - raft.server.log.appender.install.snapshot.enabled = false (custom)
2019-10-14 14:42:20,392 [b63a5968-b034-497d-a723-e18a7363a3f1@group-E4C6DCC22999:LeaderElection16] INFO  server.RaftServerConfigKeys (ConfUtils.java:logGet(43)) - raft.server.log.appender.install.snapshot.enabled = false (custom)
2019-10-14 14:42:20,392 [Thread-331] INFO  impl.RaftServerImpl (RaftServerImpl.java:setRole(174)) - f9748ec4-5d8a-4dfc-8690-85b8cdac3f5d@group-EA752D978E74: changes role from  FOLLOWER to CANDIDATE at term 0 for changeToCandidate
2019-10-14 14:42:20,393 [Thread-331] INFO  impl.RoleInfo (RoleInfo.java:updateAndGet(143)) - f9748ec4-5d8a-4dfc-8690-85b8cdac3f5d: start LeaderElection
2019-10-14 14:42:20,396 [b63a5968-b034-497d-a723-e18a7363a3f1@group-E4C6DCC22999:LeaderElection16] INFO  impl.RoleInfo (RoleInfo.java:updateAndGet(143)) - b63a5968-b034-497d-a723-e18a7363a3f1: start LeaderState
2019-10-14 14:42:20,396 [caa892f0-76ff-4c1e-b30f-b7c59842badc@group-382452901537:LeaderElection24] INFO  impl.RoleInfo (RoleInfo.java:updateAndGet(143)) - caa892f0-76ff-4c1e-b30f-b7c59842badc: start LeaderState
2019-10-14 14:42:20,397 [b63a5968-b034-497d-a723-e18a7363a3f1@group-E4C6DCC22999:LeaderElection16] INFO  segmented.SegmentedRaftLogWorker (SegmentedRaftLogWorker.java:startLogSegment(380)) - b63a5968-b034-497d-a723-e18a7363a3f1@group-E4C6DCC22999-SegmentedRaftLogWorker: Starting segment from index:0
2019-10-14 14:42:20,397 [caa892f0-76ff-4c1e-b30f-b7c59842badc@group-382452901537:LeaderElection24] INFO  segmented.SegmentedRaftLogWorker (SegmentedRaftLogWorker.java:startLogSegment(380)) - caa892f0-76ff-4c1e-b30f-b7c59842badc@group-382452901537-SegmentedRaftLogWorker: Starting segment from index:0
2019-10-14 14:42:20,397 [b63a5968-b034-497d-a723-e18a7363a3f1@group-E4C6DCC22999:LeaderElection16] INFO  impl.RaftServerImpl (ServerState.java:setRaftConf(354)) - b63a5968-b034-497d-a723-e18a7363a3f1@group-E4C6DCC22999: set configuration 0: [8ca3ec46-7319-4283-b207-b730019dde55:192.168.5.159:46312, 9a6c87f6-096e-4769-9132-289fb1aab8c2:192.168.5.159:46771, b63a5968-b034-497d-a723-e18a7363a3f1:192.168.5.159:39007], old=null at 0
2019-10-14 14:42:20,398 [caa892f0-76ff-4c1e-b30f-b7c59842badc@group-382452901537:LeaderElection24] INFO  impl.RaftServerImpl (ServerState.java:setRaftConf(354)) - caa892f0-76ff-4c1e-b30f-b7c59842badc@group-382452901537: set configuration 0: [07a15819-e4fc-4072-82ac-b3e77a99d12a:192.168.5.159:45599, f9748ec4-5d8a-4dfc-8690-85b8cdac3f5d:192.168.5.159:44598, caa892f0-76ff-4c1e-b30f-b7c59842badc:192.168.5.159:39406], old=null at 0
2019-10-14 14:42:20,423 [grpc-default-executor-3] INFO  impl.RaftServerImpl (RaftServerImpl.java:requestVote(758)) - caa892f0-76ff-4c1e-b30f-b7c59842badc@group-382452901537-   LEADER: Withhold vote from candidate 07a15819-e4fc-4072-82ac-b3e77a99d12a with term 1. State: leader=caa892f0-76ff-4c1e-b30f-b7c59842badc, term=1, lastRpcElapsed=null
2019-10-14 14:42:20,424 [f9748ec4-5d8a-4dfc-8690-85b8cdac3f5d@group-EA752D978E74:LeaderElection27] INFO  impl.LeaderElection (LeaderElection.java:askForVotes(182)) - f9748ec4-5d8a-4dfc-8690-85b8cdac3f5d@group-EA752D978E74:LeaderElection27: begin an election at term 1 for -1: [07a15819-e4fc-4072-82ac-b3e77a99d12a:192.168.5.159:45599, f9748ec4-5d8a-4dfc-8690-85b8cdac3f5d:192.168.5.159:44598, caa892f0-76ff-4c1e-b30f-b7c59842badc:192.168.5.159:39406], old=null
2019-10-14 14:42:20,429 [07a15819-e4fc-4072-82ac-b3e77a99d12a@group-382452901537:LeaderElection23] INFO  impl.LeaderElection (LeaderElection.java:logAndReturn(56)) - 07a15819-e4fc-4072-82ac-b3e77a99d12a@group-382452901537:LeaderElection23: Election REJECTED; received 2 response(s) [07a15819-e4fc-4072-82ac-b3e77a99d12a<-f9748ec4-5d8a-4dfc-8690-85b8cdac3f5d#0:FAIL-t1, 07a15819-e4fc-4072-82ac-b3e77a99d12a<-caa892f0-76ff-4c1e-b30f-b7c59842badc#0:FAIL-t1] and 0 exception(s); 07a15819-e4fc-4072-82ac-b3e77a99d12a@group-382452901537:t1, leader=null, voted=07a15819-e4fc-4072-82ac-b3e77a99d12a, raftlog=07a15819-e4fc-4072-82ac-b3e77a99d12a@group-382452901537-SegmentedRaftLog:OPENED:c-1,f-1,i0, conf=-1: [07a15819-e4fc-4072-82ac-b3e77a99d12a:192.168.5.159:45599, f9748ec4-5d8a-4dfc-8690-85b8cdac3f5d:192.168.5.159:44598, caa892f0-76ff-4c1e-b30f-b7c59842badc:192.168.5.159:39406], old=null
2019-10-14 14:42:20,429 [07a15819-e4fc-4072-82ac-b3e77a99d12a@group-382452901537:LeaderElection23] INFO  impl.RaftServerImpl (RaftServerImpl.java:setRole(174)) - 07a15819-e4fc-4072-82ac-b3e77a99d12a@group-382452901537: changes role from CANDIDATE to FOLLOWER at term 1 for DISCOVERED_A_NEW_TERM
2019-10-14 14:42:20,429 [07a15819-e4fc-4072-82ac-b3e77a99d12a@group-382452901537:LeaderElection23] INFO  impl.RoleInfo (RoleInfo.java:shutdownLeaderElection(134)) - 07a15819-e4fc-4072-82ac-b3e77a99d12a: shutdown LeaderElection
2019-10-14 14:42:20,429 [07a15819-e4fc-4072-82ac-b3e77a99d12a@group-382452901537:LeaderElection23] INFO  impl.RoleInfo (RoleInfo.java:updateAndGet(143)) - 07a15819-e4fc-4072-82ac-b3e77a99d12a: start FollowerState
2019-10-14 14:42:20,430 [grpc-default-executor-2] INFO  impl.RaftServerImpl (RaftServerImpl.java:setRole(174)) - 07a15819-e4fc-4072-82ac-b3e77a99d12a@group-EA752D978E74: changes role from  FOLLOWER to FOLLOWER at term 1 for recognizeCandidate:f9748ec4-5d8a-4dfc-8690-85b8cdac3f5d
2019-10-14 14:42:20,432 [grpc-default-executor-3] INFO  impl.RaftServerImpl (RaftServerImpl.java:setRole(174)) - caa892f0-76ff-4c1e-b30f-b7c59842badc@group-EA752D978E74: changes role from  FOLLOWER to FOLLOWER at term 1 for recognizeCandidate:f9748ec4-5d8a-4dfc-8690-85b8cdac3f5d
2019-10-14 14:42:20,432 [grpc-default-executor-2] INFO  impl.RoleInfo (RoleInfo.java:shutdownFollowerState(121)) - 07a15819-e4fc-4072-82ac-b3e77a99d12a: shutdown FollowerState
2019-10-14 14:42:20,433 [grpc-default-executor-3] INFO  impl.RoleInfo (RoleInfo.java:shutdownFollowerState(121)) - caa892f0-76ff-4c1e-b30f-b7c59842badc: shutdown FollowerState
2019-10-14 14:42:20,433 [grpc-default-executor-2] INFO  impl.RoleInfo (RoleInfo.java:updateAndGet(143)) - 07a15819-e4fc-4072-82ac-b3e77a99d12a: start FollowerState
2019-10-14 14:42:20,433 [Thread-334] INFO  impl.FollowerState (FollowerState.java:run(115)) - 07a15819-e4fc-4072-82ac-b3e77a99d12a: FollowerState was interrupted: java.lang.InterruptedException: sleep interrupted
2019-10-14 14:42:20,433 [Thread-335] INFO  impl.FollowerState (FollowerState.java:run(115)) - caa892f0-76ff-4c1e-b30f-b7c59842badc: FollowerState was interrupted: java.lang.InterruptedException: sleep interrupted
2019-10-14 14:42:20,433 [grpc-default-executor-3] INFO  impl.RoleInfo (RoleInfo.java:updateAndGet(143)) - caa892f0-76ff-4c1e-b30f-b7c59842badc: start FollowerState
2019-10-14 14:42:20,437 [caa892f0-76ff-4c1e-b30f-b7c59842badc@group-382452901537-SegmentedRaftLogWorker] INFO  segmented.SegmentedRaftLogWorker (SegmentedRaftLogWorker.java:execute(569)) - caa892f0-76ff-4c1e-b30f-b7c59842badc@group-382452901537-SegmentedRaftLogWorker: created new log segment /workdir/hadoop-ozone/integration-test/target/test-dir/MiniOzoneClusterImpl-669d0a42-2836-47aa-b55b-95c9a6dd1017/datanode-2/data/ratis/4a092d65-b68d-4e6f-90c8-382452901537/current/log_inprogress_0
2019-10-14 14:42:20,437 [b63a5968-b034-497d-a723-e18a7363a3f1@group-E4C6DCC22999-SegmentedRaftLogWorker] INFO  segmented.SegmentedRaftLogWorker (SegmentedRaftLogWorker.java:execute(569)) - b63a5968-b034-497d-a723-e18a7363a3f1@group-E4C6DCC22999-SegmentedRaftLogWorker: created new log segment /workdir/hadoop-ozone/integration-test/target/test-dir/MiniOzoneClusterImpl-669d0a42-2836-47aa-b55b-95c9a6dd1017/datanode-6/data/ratis/3cc10a8f-c0b8-4891-9f86-e4c6dcc22999/current/log_inprogress_0
2019-10-14 14:42:20,442 [f9748ec4-5d8a-4dfc-8690-85b8cdac3f5d@group-EA752D978E74:LeaderElection27] INFO  impl.LeaderElection (LeaderElection.java:logAndReturn(56)) - f9748ec4-5d8a-4dfc-8690-85b8cdac3f5d@group-EA752D978E74:LeaderElection27: Election PASSED; received 1 response(s) [f9748ec4-5d8a-4dfc-8690-85b8cdac3f5d<-07a15819-e4fc-4072-82ac-b3e77a99d12a#0:OK-t1] and 0 exception(s); f9748ec4-5d8a-4dfc-8690-85b8cdac3f5d@group-EA752D978E74:t1, leader=null, voted=f9748ec4-5d8a-4dfc-8690-85b8cdac3f5d, raftlog=f9748ec4-5d8a-4dfc-8690-85b8cdac3f5d@group-EA752D978E74-SegmentedRaftLog:OPENED:c-1,f-1,i0, conf=-1: [07a15819-e4fc-4072-82ac-b3e77a99d12a:192.168.5.159:45599, f9748ec4-5d8a-4dfc-8690-85b8cdac3f5d:192.168.5.159:44598, caa892f0-76ff-4c1e-b30f-b7c59842badc:192.168.5.159:39406], old=null
2019-10-14 14:42:20,445 [f9748ec4-5d8a-4dfc-8690-85b8cdac3f5d@group-EA752D978E74:LeaderElection27] INFO  impl.RoleInfo (RoleInfo.java:shutdownLeaderElection(134)) - f9748ec4-5d8a-4dfc-8690-85b8cdac3f5d: shutdown LeaderElection
2019-10-14 14:42:20,446 [f9748ec4-5d8a-4dfc-8690-85b8cdac3f5d@group-EA752D978E74:LeaderElection27] INFO  impl.RaftServerImpl (RaftServerImpl.java:setRole(174)) - f9748ec4-5d8a-4dfc-8690-85b8cdac3f5d@group-EA752D978E74: changes role from CANDIDATE to LEADER at term 1 for changeToLeader
2019-10-14 14:42:20,446 [f9748ec4-5d8a-4dfc-8690-85b8cdac3f5d@group-EA752D978E74:LeaderElection27] INFO  impl.RaftServerImpl (ServerState.java:setLeader(253)) - f9748ec4-5d8a-4dfc-8690-85b8cdac3f5d@group-EA752D978E74: change Leader from null to f9748ec4-5d8a-4dfc-8690-85b8cdac3f5d at term 1 for becomeLeader, leader elected after 1148ms
2019-10-14 14:42:20,447 [f9748ec4-5d8a-4dfc-8690-85b8cdac3f5d@group-EA752D978E74:LeaderElection27] INFO  server.RaftServerConfigKeys (ConfUtils.java:logGet(43)) - raft.server.staging.catchup.gap = 1000 (default)
2019-10-14 14:42:20,447 [f9748ec4-5d8a-4dfc-8690-85b8cdac3f5d@group-EA752D978E74:LeaderElection27] INFO  server.RaftServerConfigKeys (ConfUtils.java:logGet(43)) - raft.server.rpc.sleep.time = 25ms (default)
2019-10-14 14:42:20,447 [f9748ec4-5d8a-4dfc-8690-85b8cdac3f5d@group-EA752D978E74:LeaderElection27] INFO  server.RaftServerConfigKeys (ConfUtils.java:logGet(43)) - raft.server.write.element-limit = 4096 (default)
2019-10-14 14:42:20,447 [f9748ec4-5d8a-4dfc-8690-85b8cdac3f5d@group-EA752D978E74:LeaderElection27] INFO  server.RaftServerConfigKeys (ConfUtils.java:logGet(43)) - raft.server.watch.timeout = 10s (default)
2019-10-14 14:42:20,447 [f9748ec4-5d8a-4dfc-8690-85b8cdac3f5d@group-EA752D978E74:LeaderElection27] INFO  server.RaftServerConfigKeys (ConfUtils.java:logGet(43)) - raft.server.watch.timeout.denomination = 1s (default)
2019-10-14 14:42:20,447 [f9748ec4-5d8a-4dfc-8690-85b8cdac3f5d@group-EA752D978E74:LeaderElection27] INFO  server.RaftServerConfigKeys (ConfUtils.java:logGet(43)) - raft.server.watch.element-limit = 65536 (default)
2019-10-14 14:42:20,450 [f9748ec4-5d8a-4dfc-8690-85b8cdac3f5d@group-EA752D978E74:LeaderElection27] INFO  server.RaftServerConfigKeys (ConfUtils.java:logGet(43)) - raft.server.log.appender.snapshot.chunk.size.max = 16MB (=16777216) (default)
2019-10-14 14:42:20,451 [f9748ec4-5d8a-4dfc-8690-85b8cdac3f5d@group-EA752D978E74:LeaderElection27] INFO  server.RaftServerConfigKeys (ConfUtils.java:logGet(43)) - raft.server.log.appender.buffer.byte-limit = 33554432 (custom)
2019-10-14 14:42:20,451 [f9748ec4-5d8a-4dfc-8690-85b8cdac3f5d@group-EA752D978E74:LeaderElection27] INFO  server.RaftServerConfigKeys (ConfUtils.java:logGet(43)) - raft.server.log.appender.buffer.element-limit = 1 (custom)
2019-10-14 14:42:20,451 [f9748ec4-5d8a-4dfc-8690-85b8cdac3f5d@group-EA752D978E74:LeaderElection27] INFO  grpc.GrpcConfigKeys$Server (ConfUtils.java:logGet(43)) - raft.grpc.server.leader.outstanding.appends.max = 128 (default)
2019-10-14 14:42:20,451 [f9748ec4-5d8a-4dfc-8690-85b8cdac3f5d@group-EA752D978E74:LeaderElection27] INFO  server.RaftServerConfigKeys (ConfUtils.java:logGet(43)) - raft.server.rpc.request.timeout = 3000ms (default)
2019-10-14 14:42:20,454 [f9748ec4-5d8a-4dfc-8690-85b8cdac3f5d@group-EA752D978E74:LeaderElection27] INFO  server.RaftServerConfigKeys (ConfUtils.java:logGet(43)) - raft.server.log.appender.install.snapshot.enabled = false (custom)
2019-10-14 14:42:20,454 [grpc-default-executor-3] INFO  impl.RaftServerImpl (ServerState.java:setLeader(253)) - 8ca3ec46-7319-4283-b207-b730019dde55@group-E4C6DCC22999: change Leader from null to b63a5968-b034-497d-a723-e18a7363a3f1 at term 1 for appendEntries, leader elected after 1644ms
2019-10-14 14:42:20,455 [f9748ec4-5d8a-4dfc-8690-85b8cdac3f5d@group-EA752D978E74:LeaderElection27] INFO  server.RaftServerConfigKeys (ConfUtils.java:logGet(43)) - raft.server.log.appender.snapshot.chunk.size.max = 16MB (=16777216) (default)
2019-10-14 14:42:20,455 [grpc-default-executor-7] INFO  impl.RaftServerImpl (ServerState.java:setLeader(253)) - 9a6c87f6-096e-4769-9132-289fb1aab8c2@group-E4C6DCC22999: change Leader from null to b63a5968-b034-497d-a723-e18a7363a3f1 at term 1 for appendEntries, leader elected after 1646ms
2019-10-14 14:42:20,455 [grpc-default-executor-9] INFO  impl.RaftServerImpl (ServerState.java:setLeader(253)) - f9748ec4-5d8a-4dfc-8690-85b8cdac3f5d@group-382452901537: change Leader from null to caa892f0-76ff-4c1e-b30f-b7c59842badc at term 1 for appendEntries, leader elected after 1223ms
2019-10-14 14:42:20,455 [grpc-default-executor-8] INFO  impl.RaftServerImpl (ServerState.java:setLeader(253)) - 07a15819-e4fc-4072-82ac-b3e77a99d12a@group-382452901537: change Leader from null to caa892f0-76ff-4c1e-b30f-b7c59842badc at term 1 for appendEntries, leader elected after 1223ms
2019-10-14 14:42:20,455 [f9748ec4-5d8a-4dfc-8690-85b8cdac3f5d@group-EA752D978E74:LeaderElection27] INFO  server.RaftServerConfigKeys (ConfUtils.java:logGet(43)) - raft.server.log.appender.buffer.byte-limit = 33554432 (custom)
2019-10-14 14:42:20,456 [f9748ec4-5d8a-4dfc-8690-85b8cdac3f5d@group-EA752D978E74:LeaderElection27] INFO  server.RaftServerConfigKeys (ConfUtils.java:logGet(43)) - raft.server.log.appender.buffer.element-limit = 1 (custom)
2019-10-14 14:42:20,456 [f9748ec4-5d8a-4dfc-8690-85b8cdac3f5d@group-EA752D978E74:LeaderElection27] INFO  grpc.GrpcConfigKeys$Server (ConfUtils.java:logGet(43)) - raft.grpc.server.leader.outstanding.appends.max = 128 (default)
2019-10-14 14:42:20,456 [f9748ec4-5d8a-4dfc-8690-85b8cdac3f5d@group-EA752D978E74:LeaderElection27] INFO  server.RaftServerConfigKeys (ConfUtils.java:logGet(43)) - raft.server.rpc.request.timeout = 3000ms (default)
2019-10-14 14:42:20,456 [f9748ec4-5d8a-4dfc-8690-85b8cdac3f5d@group-EA752D978E74:LeaderElection27] INFO  server.RaftServerConfigKeys (ConfUtils.java:logGet(43)) - raft.server.log.appender.install.snapshot.enabled = false (custom)
2019-10-14 14:42:20,457 [f9748ec4-5d8a-4dfc-8690-85b8cdac3f5d@group-EA752D978E74:LeaderElection27] INFO  impl.RoleInfo (RoleInfo.java:updateAndGet(143)) - f9748ec4-5d8a-4dfc-8690-85b8cdac3f5d: start LeaderState
2019-10-14 14:42:20,457 [f9748ec4-5d8a-4dfc-8690-85b8cdac3f5d@group-EA752D978E74:LeaderElection27] INFO  segmented.SegmentedRaftLogWorker (SegmentedRaftLogWorker.java:startLogSegment(380)) - f9748ec4-5d8a-4dfc-8690-85b8cdac3f5d@group-EA752D978E74-SegmentedRaftLogWorker: Starting segment from index:0
2019-10-14 14:42:20,459 [f9748ec4-5d8a-4dfc-8690-85b8cdac3f5d@group-EA752D978E74:LeaderElection27] INFO  impl.RaftServerImpl (ServerState.java:setRaftConf(354)) - f9748ec4-5d8a-4dfc-8690-85b8cdac3f5d@group-EA752D978E74: set configuration 0: [07a15819-e4fc-4072-82ac-b3e77a99d12a:192.168.5.159:45599, f9748ec4-5d8a-4dfc-8690-85b8cdac3f5d:192.168.5.159:44598, caa892f0-76ff-4c1e-b30f-b7c59842badc:192.168.5.159:39406], old=null at 0
2019-10-14 14:42:20,490 [grpc-default-executor-4] INFO  impl.RaftServerImpl (ServerState.java:setLeader(253)) - caa892f0-76ff-4c1e-b30f-b7c59842badc@group-EA752D978E74: change Leader from null to f9748ec4-5d8a-4dfc-8690-85b8cdac3f5d at term 1 for appendEntries, leader elected after 1192ms
2019-10-14 14:42:20,490 [grpc-default-executor-2] INFO  impl.RaftServerImpl (ServerState.java:setLeader(253)) - 07a15819-e4fc-4072-82ac-b3e77a99d12a@group-EA752D978E74: change Leader from null to f9748ec4-5d8a-4dfc-8690-85b8cdac3f5d at term 1 for appendEntries, leader elected after 1191ms
2019-10-14 14:42:20,495 [f9748ec4-5d8a-4dfc-8690-85b8cdac3f5d@group-EA752D978E74-SegmentedRaftLogWorker] INFO  segmented.SegmentedRaftLogWorker (SegmentedRaftLogWorker.java:execute(569)) - f9748ec4-5d8a-4dfc-8690-85b8cdac3f5d@group-EA752D978E74-SegmentedRaftLogWorker: created new log segment /workdir/hadoop-ozone/integration-test/target/test-dir/MiniOzoneClusterImpl-669d0a42-2836-47aa-b55b-95c9a6dd1017/datanode-3/data/ratis/b3ee6bb5-4f08-43b7-8ba8-ea752d978e74/current/log_inprogress_0
2019-10-14 14:42:20,509 [IPC Server handler 13 on 39816] INFO  volume.OMVolumeCreateRequest (OMVolumeCreateRequest.java:validateAndUpdateCache(189)) - created volume:watchforcommithandlingtest for user:jenkins1000
2019-10-14 14:42:20,511 [grpc-default-executor-4] INFO  impl.RaftServerImpl (ServerState.java:setRaftConf(354)) - 9a6c87f6-096e-4769-9132-289fb1aab8c2@group-E4C6DCC22999: set configuration 0: [8ca3ec46-7319-4283-b207-b730019dde55:192.168.5.159:46312, 9a6c87f6-096e-4769-9132-289fb1aab8c2:192.168.5.159:46771, b63a5968-b034-497d-a723-e18a7363a3f1:192.168.5.159:39007], old=null at 0
2019-10-14 14:42:20,511 [grpc-default-executor-2] INFO  impl.RaftServerImpl (ServerState.java:setRaftConf(354)) - 07a15819-e4fc-4072-82ac-b3e77a99d12a@group-EA752D978E74: set configuration 0: [07a15819-e4fc-4072-82ac-b3e77a99d12a:192.168.5.159:45599, f9748ec4-5d8a-4dfc-8690-85b8cdac3f5d:192.168.5.159:44598, caa892f0-76ff-4c1e-b30f-b7c59842badc:192.168.5.159:39406], old=null at 0
2019-10-14 14:42:20,511 [grpc-default-executor-4] INFO  segmented.SegmentedRaftLogWorker (SegmentedRaftLogWorker.java:startLogSegment(380)) - 9a6c87f6-096e-4769-9132-289fb1aab8c2@group-E4C6DCC22999-SegmentedRaftLogWorker: Starting segment from index:0
2019-10-14 14:42:20,511 [grpc-default-executor-9] INFO  impl.RaftServerImpl (ServerState.java:setRaftConf(354)) - 07a15819-e4fc-4072-82ac-b3e77a99d12a@group-382452901537: set configuration 0: [07a15819-e4fc-4072-82ac-b3e77a99d12a:192.168.5.159:45599, f9748ec4-5d8a-4dfc-8690-85b8cdac3f5d:192.168.5.159:44598, caa892f0-76ff-4c1e-b30f-b7c59842badc:192.168.5.159:39406], old=null at 0
2019-10-14 14:42:20,511 [grpc-default-executor-7] INFO  impl.RaftServerImpl (ServerState.java:setRaftConf(354)) - caa892f0-76ff-4c1e-b30f-b7c59842badc@group-EA752D978E74: set configuration 0: [07a15819-e4fc-4072-82ac-b3e77a99d12a:192.168.5.159:45599, f9748ec4-5d8a-4dfc-8690-85b8cdac3f5d:192.168.5.159:44598, caa892f0-76ff-4c1e-b30f-b7c59842badc:192.168.5.159:39406], old=null at 0
2019-10-14 14:42:20,511 [grpc-default-executor-8] INFO  impl.RaftServerImpl (ServerState.java:setRaftConf(354)) - f9748ec4-5d8a-4dfc-8690-85b8cdac3f5d@group-382452901537: set configuration 0: [07a15819-e4fc-4072-82ac-b3e77a99d12a:192.168.5.159:45599, f9748ec4-5d8a-4dfc-8690-85b8cdac3f5d:192.168.5.159:44598, caa892f0-76ff-4c1e-b30f-b7c59842badc:192.168.5.159:39406], old=null at 0
2019-10-14 14:42:20,511 [grpc-default-executor-3] INFO  impl.RaftServerImpl (ServerState.java:setRaftConf(354)) - 8ca3ec46-7319-4283-b207-b730019dde55@group-E4C6DCC22999: set configuration 0: [8ca3ec46-7319-4283-b207-b730019dde55:192.168.5.159:46312, 9a6c87f6-096e-4769-9132-289fb1aab8c2:192.168.5.159:46771, b63a5968-b034-497d-a723-e18a7363a3f1:192.168.5.159:39007], old=null at 0
2019-10-14 14:42:20,512 [grpc-default-executor-8] INFO  segmented.SegmentedRaftLogWorker (SegmentedRaftLogWorker.java:startLogSegment(380)) - f9748ec4-5d8a-4dfc-8690-85b8cdac3f5d@group-382452901537-SegmentedRaftLogWorker: Starting segment from index:0
2019-10-14 14:42:20,511 [grpc-default-executor-7] INFO  segmented.SegmentedRaftLogWorker (SegmentedRaftLogWorker.java:startLogSegment(380)) - caa892f0-76ff-4c1e-b30f-b7c59842badc@group-EA752D978E74-SegmentedRaftLogWorker: Starting segment from index:0
2019-10-14 14:42:20,511 [grpc-default-executor-9] INFO  segmented.SegmentedRaftLogWorker (SegmentedRaftLogWorker.java:startLogSegment(380)) - 07a15819-e4fc-4072-82ac-b3e77a99d12a@group-382452901537-SegmentedRaftLogWorker: Starting segment from index:0
2019-10-14 14:42:20,511 [grpc-default-executor-2] INFO  segmented.SegmentedRaftLogWorker (SegmentedRaftLogWorker.java:startLogSegment(380)) - 07a15819-e4fc-4072-82ac-b3e77a99d12a@group-EA752D978E74-SegmentedRaftLogWorker: Starting segment from index:0
2019-10-14 14:42:20,512 [grpc-default-executor-3] INFO  segmented.SegmentedRaftLogWorker (SegmentedRaftLogWorker.java:startLogSegment(380)) - 8ca3ec46-7319-4283-b207-b730019dde55@group-E4C6DCC22999-SegmentedRaftLogWorker: Starting segment from index:0
2019-10-14 14:42:20,573 [8ca3ec46-7319-4283-b207-b730019dde55@group-E4C6DCC22999-SegmentedRaftLogWorker] INFO  segmented.SegmentedRaftLogWorker (SegmentedRaftLogWorker.java:execute(569)) - 8ca3ec46-7319-4283-b207-b730019dde55@group-E4C6DCC22999-SegmentedRaftLogWorker: created new log segment /workdir/hadoop-ozone/integration-test/target/test-dir/MiniOzoneClusterImpl-669d0a42-2836-47aa-b55b-95c9a6dd1017/datanode-0/data/ratis/3cc10a8f-c0b8-4891-9f86-e4c6dcc22999/current/log_inprogress_0
2019-10-14 14:42:20,582 [caa892f0-76ff-4c1e-b30f-b7c59842badc@group-EA752D978E74-SegmentedRaftLogWorker] INFO  segmented.SegmentedRaftLogWorker (SegmentedRaftLogWorker.java:execute(569)) - caa892f0-76ff-4c1e-b30f-b7c59842badc@group-EA752D978E74-SegmentedRaftLogWorker: created new log segment /workdir/hadoop-ozone/integration-test/target/test-dir/MiniOzoneClusterImpl-669d0a42-2836-47aa-b55b-95c9a6dd1017/datanode-2/data/ratis/b3ee6bb5-4f08-43b7-8ba8-ea752d978e74/current/log_inprogress_0
2019-10-14 14:42:20,582 [9a6c87f6-096e-4769-9132-289fb1aab8c2@group-E4C6DCC22999-SegmentedRaftLogWorker] INFO  segmented.SegmentedRaftLogWorker (SegmentedRaftLogWorker.java:execute(569)) - 9a6c87f6-096e-4769-9132-289fb1aab8c2@group-E4C6DCC22999-SegmentedRaftLogWorker: created new log segment /workdir/hadoop-ozone/integration-test/target/test-dir/MiniOzoneClusterImpl-669d0a42-2836-47aa-b55b-95c9a6dd1017/datanode-5/data/ratis/3cc10a8f-c0b8-4891-9f86-e4c6dcc22999/current/log_inprogress_0
2019-10-14 14:42:20,582 [07a15819-e4fc-4072-82ac-b3e77a99d12a@group-382452901537-SegmentedRaftLogWorker] INFO  segmented.SegmentedRaftLogWorker (SegmentedRaftLogWorker.java:execute(569)) - 07a15819-e4fc-4072-82ac-b3e77a99d12a@group-382452901537-SegmentedRaftLogWorker: created new log segment /workdir/hadoop-ozone/integration-test/target/test-dir/MiniOzoneClusterImpl-669d0a42-2836-47aa-b55b-95c9a6dd1017/datanode-1/data/ratis/4a092d65-b68d-4e6f-90c8-382452901537/current/log_inprogress_0
2019-10-14 14:42:20,575 [f9748ec4-5d8a-4dfc-8690-85b8cdac3f5d@group-382452901537-SegmentedRaftLogWorker] INFO  segmented.SegmentedRaftLogWorker (SegmentedRaftLogWorker.java:execute(569)) - f9748ec4-5d8a-4dfc-8690-85b8cdac3f5d@group-382452901537-SegmentedRaftLogWorker: created new log segment /workdir/hadoop-ozone/integration-test/target/test-dir/MiniOzoneClusterImpl-669d0a42-2836-47aa-b55b-95c9a6dd1017/datanode-3/data/ratis/4a092d65-b68d-4e6f-90c8-382452901537/current/log_inprogress_0
2019-10-14 14:42:20,576 [07a15819-e4fc-4072-82ac-b3e77a99d12a@group-EA752D978E74-SegmentedRaftLogWorker] INFO  segmented.SegmentedRaftLogWorker (SegmentedRaftLogWorker.java:execute(569)) - 07a15819-e4fc-4072-82ac-b3e77a99d12a@group-EA752D978E74-SegmentedRaftLogWorker: created new log segment /workdir/hadoop-ozone/integration-test/target/test-dir/MiniOzoneClusterImpl-669d0a42-2836-47aa-b55b-95c9a6dd1017/datanode-1/data/ratis/b3ee6bb5-4f08-43b7-8ba8-ea752d978e74/current/log_inprogress_0
2019-10-14 14:42:20,634 [main] INFO  rpc.RpcClient (RpcClient.java:createBucket(415)) - Creating Bucket: watchforcommithandlingtest/watchforcommithandlingtest, with Versioning false and Storage Type set to DISK and Encryption set to false 
2019-10-14 14:42:20,719 [main] INFO  ozone.MiniOzoneClusterImpl (MiniOzoneClusterImpl.java:getStorageContainerLocationClient(234)) - Creating StorageContainerLocationProtocol RPC client with address /0.0.0.0:43321
2019-10-14 14:42:20,838 [main] INFO  impl.MetricsSystemImpl (MetricsSystemImpl.java:init(158)) - XceiverClientMetrics metrics system started (again)
2019-10-14 14:42:21,360 [Thread-412] INFO  impl.FollowerState (FollowerState.java:run(106)) - 8ca3ec46-7319-4283-b207-b730019dde55:group-49BAC8692D39 changes to CANDIDATE, lastRpcTime:1010, electionTimeout:1003ms
2019-10-14 14:42:21,361 [Thread-412] INFO  impl.RoleInfo (RoleInfo.java:shutdownFollowerState(121)) - 8ca3ec46-7319-4283-b207-b730019dde55: shutdown FollowerState
2019-10-14 14:42:21,361 [Thread-412] INFO  impl.RaftServerImpl (RaftServerImpl.java:setRole(174)) - 8ca3ec46-7319-4283-b207-b730019dde55@group-49BAC8692D39: changes role from  FOLLOWER to CANDIDATE at term 1 for changeToCandidate
2019-10-14 14:42:21,361 [Thread-412] INFO  impl.RoleInfo (RoleInfo.java:updateAndGet(143)) - 8ca3ec46-7319-4283-b207-b730019dde55: start LeaderElection
2019-10-14 14:42:21,379 [Thread-410] INFO  impl.FollowerState (FollowerState.java:run(106)) - 8ca3ec46-7319-4283-b207-b730019dde55:group-F0A1E4AD654E changes to CANDIDATE, lastRpcTime:1039, electionTimeout:1038ms
2019-10-14 14:42:21,379 [Thread-410] INFO  impl.RoleInfo (RoleInfo.java:shutdownFollowerState(121)) - 8ca3ec46-7319-4283-b207-b730019dde55: shutdown FollowerState
2019-10-14 14:42:21,379 [Thread-410] INFO  impl.RaftServerImpl (RaftServerImpl.java:setRole(174)) - 8ca3ec46-7319-4283-b207-b730019dde55@group-F0A1E4AD654E: changes role from  FOLLOWER to CANDIDATE at term 1 for changeToCandidate
2019-10-14 14:42:21,379 [Thread-410] INFO  impl.RoleInfo (RoleInfo.java:updateAndGet(143)) - 8ca3ec46-7319-4283-b207-b730019dde55: start LeaderElection
2019-10-14 14:42:21,387 [8ca3ec46-7319-4283-b207-b730019dde55@group-F0A1E4AD654E:LeaderElection29] INFO  impl.LeaderElection (LeaderElection.java:askForVotes(182)) - 8ca3ec46-7319-4283-b207-b730019dde55@group-F0A1E4AD654E:LeaderElection29: begin an election at term 2 for -1: [8ca3ec46-7319-4283-b207-b730019dde55:192.168.5.159:46312, 9a6c87f6-096e-4769-9132-289fb1aab8c2:192.168.5.159:46771, b63a5968-b034-497d-a723-e18a7363a3f1:192.168.5.159:39007], old=null
2019-10-14 14:42:21,387 [8ca3ec46-7319-4283-b207-b730019dde55@group-49BAC8692D39:LeaderElection28] INFO  impl.LeaderElection (LeaderElection.java:askForVotes(182)) - 8ca3ec46-7319-4283-b207-b730019dde55@group-49BAC8692D39:LeaderElection28: begin an election at term 2 for -1: [8ca3ec46-7319-4283-b207-b730019dde55:192.168.5.159:46312, 9a6c87f6-096e-4769-9132-289fb1aab8c2:192.168.5.159:46771, b63a5968-b034-497d-a723-e18a7363a3f1:192.168.5.159:39007], old=null
2019-10-14 14:42:21,397 [Thread-423] INFO  impl.FollowerState (FollowerState.java:run(106)) - f9748ec4-5d8a-4dfc-8690-85b8cdac3f5d:group-E0B7C1D5C8D3 changes to CANDIDATE, lastRpcTime:1019, electionTimeout:1012ms
2019-10-14 14:42:21,400 [Thread-415] INFO  impl.FollowerState (FollowerState.java:run(106)) - b63a5968-b034-497d-a723-e18a7363a3f1:group-49BAC8692D39 changes to CANDIDATE, lastRpcTime:1045, electionTimeout:1043ms
2019-10-14 14:42:21,400 [Thread-423] INFO  impl.RoleInfo (RoleInfo.java:shutdownFollowerState(121)) - f9748ec4-5d8a-4dfc-8690-85b8cdac3f5d: shutdown FollowerState
2019-10-14 14:42:21,400 [Thread-415] INFO  impl.RoleInfo (RoleInfo.java:shutdownFollowerState(121)) - b63a5968-b034-497d-a723-e18a7363a3f1: shutdown FollowerState
2019-10-14 14:42:21,401 [Thread-423] INFO  impl.RaftServerImpl (RaftServerImpl.java:setRole(174)) - f9748ec4-5d8a-4dfc-8690-85b8cdac3f5d@group-E0B7C1D5C8D3: changes role from  FOLLOWER to CANDIDATE at term 1 for changeToCandidate
2019-10-14 14:42:21,401 [Thread-415] INFO  impl.RaftServerImpl (RaftServerImpl.java:setRole(174)) - b63a5968-b034-497d-a723-e18a7363a3f1@group-49BAC8692D39: changes role from  FOLLOWER to CANDIDATE at term 1 for changeToCandidate
2019-10-14 14:42:21,401 [Thread-423] INFO  impl.RoleInfo (RoleInfo.java:updateAndGet(143)) - f9748ec4-5d8a-4dfc-8690-85b8cdac3f5d: start LeaderElection
2019-10-14 14:42:21,401 [Thread-415] INFO  impl.RoleInfo (RoleInfo.java:updateAndGet(143)) - b63a5968-b034-497d-a723-e18a7363a3f1: start LeaderElection
2019-10-14 14:42:21,406 [grpc-default-executor-9] INFO  impl.RaftServerImpl (RaftServerImpl.java:setRole(174)) - b63a5968-b034-497d-a723-e18a7363a3f1@group-F0A1E4AD654E: changes role from  FOLLOWER to FOLLOWER at term 2 for recognizeCandidate:8ca3ec46-7319-4283-b207-b730019dde55
2019-10-14 14:42:21,406 [grpc-default-executor-3] INFO  impl.RaftServerImpl (RaftServerImpl.java:setRole(174)) - 9a6c87f6-096e-4769-9132-289fb1aab8c2@group-F0A1E4AD654E: changes role from  FOLLOWER to FOLLOWER at term 2 for recognizeCandidate:8ca3ec46-7319-4283-b207-b730019dde55
2019-10-14 14:42:21,406 [grpc-default-executor-3] INFO  impl.RoleInfo (RoleInfo.java:shutdownFollowerState(121)) - 9a6c87f6-096e-4769-9132-289fb1aab8c2: shutdown FollowerState
2019-10-14 14:42:21,406 [grpc-default-executor-0] INFO  impl.RaftServerImpl (RaftServerImpl.java:setRole(174)) - 9a6c87f6-096e-4769-9132-289fb1aab8c2@group-49BAC8692D39: changes role from  FOLLOWER to FOLLOWER at term 2 for recognizeCandidate:8ca3ec46-7319-4283-b207-b730019dde55
2019-10-14 14:42:21,406 [Thread-418] INFO  impl.FollowerState (FollowerState.java:run(115)) - 9a6c87f6-096e-4769-9132-289fb1aab8c2: FollowerState was interrupted: java.lang.InterruptedException: sleep interrupted
2019-10-14 14:42:21,406 [grpc-default-executor-3] INFO  impl.RoleInfo (RoleInfo.java:updateAndGet(143)) - 9a6c87f6-096e-4769-9132-289fb1aab8c2: start FollowerState
2019-10-14 14:42:21,406 [grpc-default-executor-9] INFO  impl.RoleInfo (RoleInfo.java:shutdownFollowerState(121)) - b63a5968-b034-497d-a723-e18a7363a3f1: shutdown FollowerState
2019-10-14 14:42:21,406 [grpc-default-executor-0] INFO  impl.RoleInfo (RoleInfo.java:shutdownFollowerState(121)) - 9a6c87f6-096e-4769-9132-289fb1aab8c2: shutdown FollowerState
2019-10-14 14:42:21,409 [Thread-409] INFO  impl.FollowerState (FollowerState.java:run(115)) - b63a5968-b034-497d-a723-e18a7363a3f1: FollowerState was interrupted: java.lang.InterruptedException: sleep interrupted
2019-10-14 14:42:21,409 [grpc-default-executor-0] INFO  impl.RoleInfo (RoleInfo.java:updateAndGet(143)) - 9a6c87f6-096e-4769-9132-289fb1aab8c2: start FollowerState
2019-10-14 14:42:21,409 [grpc-default-executor-9] INFO  impl.RoleInfo (RoleInfo.java:updateAndGet(143)) - b63a5968-b034-497d-a723-e18a7363a3f1: start FollowerState
2019-10-14 14:42:21,409 [Thread-420] INFO  impl.FollowerState (FollowerState.java:run(115)) - 9a6c87f6-096e-4769-9132-289fb1aab8c2: FollowerState was interrupted: java.lang.InterruptedException: sleep interrupted
2019-10-14 14:42:21,412 [f9748ec4-5d8a-4dfc-8690-85b8cdac3f5d@group-E0B7C1D5C8D3:LeaderElection30] INFO  impl.LeaderElection (LeaderElection.java:askForVotes(182)) - f9748ec4-5d8a-4dfc-8690-85b8cdac3f5d@group-E0B7C1D5C8D3:LeaderElection30: begin an election at term 2 for -1: [07a15819-e4fc-4072-82ac-b3e77a99d12a:192.168.5.159:45599, f9748ec4-5d8a-4dfc-8690-85b8cdac3f5d:192.168.5.159:44598, caa892f0-76ff-4c1e-b30f-b7c59842badc:192.168.5.159:39406], old=null
2019-10-14 14:42:21,412 [b63a5968-b034-497d-a723-e18a7363a3f1@group-49BAC8692D39:LeaderElection31] INFO  impl.LeaderElection (LeaderElection.java:askForVotes(182)) - b63a5968-b034-497d-a723-e18a7363a3f1@group-49BAC8692D39:LeaderElection31: begin an election at term 2 for -1: [8ca3ec46-7319-4283-b207-b730019dde55:192.168.5.159:46312, 9a6c87f6-096e-4769-9132-289fb1aab8c2:192.168.5.159:46771, b63a5968-b034-497d-a723-e18a7363a3f1:192.168.5.159:39007], old=null
2019-10-14 14:42:21,419 [Thread-413] INFO  impl.FollowerState (FollowerState.java:run(106)) - b63a5968-b034-497d-a723-e18a7363a3f1:group-E2F208E51DED changes to CANDIDATE, lastRpcTime:1069, electionTimeout:1069ms
2019-10-14 14:42:21,420 [Thread-413] INFO  impl.RoleInfo (RoleInfo.java:shutdownFollowerState(121)) - b63a5968-b034-497d-a723-e18a7363a3f1: shutdown FollowerState
2019-10-14 14:42:21,420 [Thread-413] INFO  impl.RaftServerImpl (RaftServerImpl.java:setRole(174)) - b63a5968-b034-497d-a723-e18a7363a3f1@group-E2F208E51DED: changes role from  FOLLOWER to CANDIDATE at term 1 for changeToCandidate
2019-10-14 14:42:21,420 [Thread-413] INFO  impl.RoleInfo (RoleInfo.java:updateAndGet(143)) - b63a5968-b034-497d-a723-e18a7363a3f1: start LeaderElection
2019-10-14 14:42:21,425 [grpc-default-executor-2] INFO  impl.RaftServerImpl (RaftServerImpl.java:setRole(174)) - caa892f0-76ff-4c1e-b30f-b7c59842badc@group-E0B7C1D5C8D3: changes role from  FOLLOWER to FOLLOWER at term 2 for recognizeCandidate:f9748ec4-5d8a-4dfc-8690-85b8cdac3f5d
2019-10-14 14:42:21,426 [grpc-default-executor-2] INFO  impl.RoleInfo (RoleInfo.java:shutdownFollowerState(121)) - caa892f0-76ff-4c1e-b30f-b7c59842badc: shutdown FollowerState
2019-10-14 14:42:21,426 [grpc-default-executor-2] INFO  impl.RoleInfo (RoleInfo.java:updateAndGet(143)) - caa892f0-76ff-4c1e-b30f-b7c59842badc: start FollowerState
2019-10-14 14:42:21,426 [Thread-408] INFO  impl.FollowerState (FollowerState.java:run(115)) - caa892f0-76ff-4c1e-b30f-b7c59842badc: FollowerState was interrupted: java.lang.InterruptedException: sleep interrupted
2019-10-14 14:42:21,428 [grpc-default-executor-8] INFO  impl.RaftServerImpl (RaftServerImpl.java:setRole(174)) - 07a15819-e4fc-4072-82ac-b3e77a99d12a@group-E0B7C1D5C8D3: changes role from  FOLLOWER to FOLLOWER at term 2 for recognizeCandidate:f9748ec4-5d8a-4dfc-8690-85b8cdac3f5d
2019-10-14 14:42:21,430 [b63a5968-b034-497d-a723-e18a7363a3f1@group-E2F208E51DED:LeaderElection32] INFO  impl.LeaderElection (LeaderElection.java:askForVotes(182)) - b63a5968-b034-497d-a723-e18a7363a3f1@group-E2F208E51DED:LeaderElection32: begin an election at term 2 for -1: [8ca3ec46-7319-4283-b207-b730019dde55:192.168.5.159:46312, 9a6c87f6-096e-4769-9132-289fb1aab8c2:192.168.5.159:46771, b63a5968-b034-497d-a723-e18a7363a3f1:192.168.5.159:39007], old=null
2019-10-14 14:42:21,430 [grpc-default-executor-8] INFO  impl.RoleInfo (RoleInfo.java:shutdownFollowerState(121)) - 07a15819-e4fc-4072-82ac-b3e77a99d12a: shutdown FollowerState
2019-10-14 14:42:21,430 [grpc-default-executor-8] INFO  impl.RoleInfo (RoleInfo.java:updateAndGet(143)) - 07a15819-e4fc-4072-82ac-b3e77a99d12a: start FollowerState
2019-10-14 14:42:21,430 [Thread-427] INFO  impl.FollowerState (FollowerState.java:run(115)) - 07a15819-e4fc-4072-82ac-b3e77a99d12a: FollowerState was interrupted: java.lang.InterruptedException: sleep interrupted
2019-10-14 14:42:21,433 [8ca3ec46-7319-4283-b207-b730019dde55@group-F0A1E4AD654E:LeaderElection29] INFO  impl.LeaderElection (LeaderElection.java:logAndReturn(56)) - 8ca3ec46-7319-4283-b207-b730019dde55@group-F0A1E4AD654E:LeaderElection29: Election PASSED; received 1 response(s) [8ca3ec46-7319-4283-b207-b730019dde55<-b63a5968-b034-497d-a723-e18a7363a3f1#0:OK-t2] and 0 exception(s); 8ca3ec46-7319-4283-b207-b730019dde55@group-F0A1E4AD654E:t2, leader=null, voted=8ca3ec46-7319-4283-b207-b730019dde55, raftlog=8ca3ec46-7319-4283-b207-b730019dde55@group-F0A1E4AD654E-SegmentedRaftLog:OPENED:c-1,f-1,i0, conf=-1: [8ca3ec46-7319-4283-b207-b730019dde55:192.168.5.159:46312, 9a6c87f6-096e-4769-9132-289fb1aab8c2:192.168.5.159:46771, b63a5968-b034-497d-a723-e18a7363a3f1:192.168.5.159:39007], old=null
2019-10-14 14:42:21,433 [8ca3ec46-7319-4283-b207-b730019dde55@group-F0A1E4AD654E:LeaderElection29] INFO  impl.RoleInfo (RoleInfo.java:shutdownLeaderElection(134)) - 8ca3ec46-7319-4283-b207-b730019dde55: shutdown LeaderElection
2019-10-14 14:42:21,436 [8ca3ec46-7319-4283-b207-b730019dde55@group-49BAC8692D39:LeaderElection28] INFO  impl.LeaderElection (LeaderElection.java:logAndReturn(56)) - 8ca3ec46-7319-4283-b207-b730019dde55@group-49BAC8692D39:LeaderElection28: Election PASSED; received 2 response(s) [8ca3ec46-7319-4283-b207-b730019dde55<-9a6c87f6-096e-4769-9132-289fb1aab8c2#0:OK-t2, 8ca3ec46-7319-4283-b207-b730019dde55<-b63a5968-b034-497d-a723-e18a7363a3f1#0:FAIL-t2] and 0 exception(s); 8ca3ec46-7319-4283-b207-b730019dde55@group-49BAC8692D39:t2, leader=null, voted=8ca3ec46-7319-4283-b207-b730019dde55, raftlog=8ca3ec46-7319-4283-b207-b730019dde55@group-49BAC8692D39-SegmentedRaftLog:OPENED:c-1,f-1,i0, conf=-1: [8ca3ec46-7319-4283-b207-b730019dde55:192.168.5.159:46312, 9a6c87f6-096e-4769-9132-289fb1aab8c2:192.168.5.159:46771, b63a5968-b034-497d-a723-e18a7363a3f1:192.168.5.159:39007], old=null
2019-10-14 14:42:21,436 [Thread-417] INFO  impl.FollowerState (FollowerState.java:run(106)) - 9a6c87f6-096e-4769-9132-289fb1aab8c2:group-E2F208E51DED changes to CANDIDATE, lastRpcTime:1078, electionTimeout:1070ms
2019-10-14 14:42:21,439 [8ca3ec46-7319-4283-b207-b730019dde55@group-F0A1E4AD654E:LeaderElection29] INFO  impl.RaftServerImpl (RaftServerImpl.java:setRole(174)) - 8ca3ec46-7319-4283-b207-b730019dde55@group-F0A1E4AD654E: changes role from CANDIDATE to LEADER at term 2 for changeToLeader
2019-10-14 14:42:21,442 [8ca3ec46-7319-4283-b207-b730019dde55@group-F0A1E4AD654E:LeaderElection29] INFO  impl.RaftServerImpl (ServerState.java:setLeader(253)) - 8ca3ec46-7319-4283-b207-b730019dde55@group-F0A1E4AD654E: change Leader from null to 8ca3ec46-7319-4283-b207-b730019dde55 at term 2 for becomeLeader, leader elected after 2494ms
2019-10-14 14:42:21,443 [8ca3ec46-7319-4283-b207-b730019dde55@group-F0A1E4AD654E:LeaderElection29] INFO  server.RaftServerConfigKeys (ConfUtils.java:logGet(43)) - raft.server.staging.catchup.gap = 1000 (default)
2019-10-14 14:42:21,443 [8ca3ec46-7319-4283-b207-b730019dde55@group-F0A1E4AD654E:LeaderElection29] INFO  server.RaftServerConfigKeys (ConfUtils.java:logGet(43)) - raft.server.rpc.sleep.time = 25ms (default)
2019-10-14 14:42:21,443 [8ca3ec46-7319-4283-b207-b730019dde55@group-F0A1E4AD654E:LeaderElection29] INFO  server.RaftServerConfigKeys (ConfUtils.java:logGet(43)) - raft.server.write.element-limit = 4096 (default)
2019-10-14 14:42:21,443 [8ca3ec46-7319-4283-b207-b730019dde55@group-F0A1E4AD654E:LeaderElection29] INFO  server.RaftServerConfigKeys (ConfUtils.java:logGet(43)) - raft.server.watch.timeout = 10s (default)
2019-10-14 14:42:21,443 [8ca3ec46-7319-4283-b207-b730019dde55@group-F0A1E4AD654E:LeaderElection29] INFO  server.RaftServerConfigKeys (ConfUtils.java:logGet(43)) - raft.server.watch.timeout.denomination = 1s (default)
2019-10-14 14:42:21,443 [8ca3ec46-7319-4283-b207-b730019dde55@group-F0A1E4AD654E:LeaderElection29] INFO  server.RaftServerConfigKeys (ConfUtils.java:logGet(43)) - raft.server.watch.element-limit = 65536 (default)
2019-10-14 14:42:21,439 [8ca3ec46-7319-4283-b207-b730019dde55@group-49BAC8692D39:LeaderElection28] INFO  impl.RoleInfo (RoleInfo.java:shutdownLeaderElection(134)) - 8ca3ec46-7319-4283-b207-b730019dde55: shutdown LeaderElection
2019-10-14 14:42:21,437 [b63a5968-b034-497d-a723-e18a7363a3f1@group-49BAC8692D39:LeaderElection31] INFO  impl.LeaderElection (LeaderElection.java:logAndReturn(56)) - b63a5968-b034-497d-a723-e18a7363a3f1@group-49BAC8692D39:LeaderElection31: Election REJECTED; received 2 response(s) [b63a5968-b034-497d-a723-e18a7363a3f1<-8ca3ec46-7319-4283-b207-b730019dde55#0:FAIL-t2, b63a5968-b034-497d-a723-e18a7363a3f1<-9a6c87f6-096e-4769-9132-289fb1aab8c2#0:FAIL-t2] and 0 exception(s); b63a5968-b034-497d-a723-e18a7363a3f1@group-49BAC8692D39:t2, leader=null, voted=b63a5968-b034-497d-a723-e18a7363a3f1, raftlog=b63a5968-b034-497d-a723-e18a7363a3f1@group-49BAC8692D39-SegmentedRaftLog:OPENED:c-1,f-1,i0, conf=-1: [8ca3ec46-7319-4283-b207-b730019dde55:192.168.5.159:46312, 9a6c87f6-096e-4769-9132-289fb1aab8c2:192.168.5.159:46771, b63a5968-b034-497d-a723-e18a7363a3f1:192.168.5.159:39007], old=null
2019-10-14 14:42:21,453 [8ca3ec46-7319-4283-b207-b730019dde55@group-49BAC8692D39:LeaderElection28] INFO  impl.RaftServerImpl (RaftServerImpl.java:setRole(174)) - 8ca3ec46-7319-4283-b207-b730019dde55@group-49BAC8692D39: changes role from CANDIDATE to LEADER at term 2 for changeToLeader
2019-10-14 14:42:21,453 [b63a5968-b034-497d-a723-e18a7363a3f1@group-49BAC8692D39:LeaderElection31] INFO  impl.RaftServerImpl (RaftServerImpl.java:setRole(174)) - b63a5968-b034-497d-a723-e18a7363a3f1@group-49BAC8692D39: changes role from CANDIDATE to FOLLOWER at term 2 for DISCOVERED_A_NEW_TERM
2019-10-14 14:42:21,450 [grpc-default-executor-0] INFO  impl.RaftServerImpl (RaftServerImpl.java:setRole(174)) - 8ca3ec46-7319-4283-b207-b730019dde55@group-E2F208E51DED: changes role from  FOLLOWER to FOLLOWER at term 2 for recognizeCandidate:b63a5968-b034-497d-a723-e18a7363a3f1
2019-10-14 14:42:21,449 [Thread-417] INFO  impl.RoleInfo (RoleInfo.java:shutdownFollowerState(121)) - 9a6c87f6-096e-4769-9132-289fb1aab8c2: shutdown FollowerState
2019-10-14 14:42:21,449 [Thread-424] INFO  impl.FollowerState (FollowerState.java:run(106)) - f9748ec4-5d8a-4dfc-8690-85b8cdac3f5d:group-026CFA11C8A1 changes to CANDIDATE, lastRpcTime:1069, electionTimeout:1069ms
2019-10-14 14:42:21,464 [Thread-417] INFO  impl.RaftServerImpl (RaftServerImpl.java:setRole(174)) - 9a6c87f6-096e-4769-9132-289fb1aab8c2@group-E2F208E51DED: changes role from  FOLLOWER to CANDIDATE at term 1 for changeToCandidate
2019-10-14 14:42:21,464 [grpc-default-executor-0] INFO  impl.RoleInfo (RoleInfo.java:shutdownFollowerState(121)) - 8ca3ec46-7319-4283-b207-b730019dde55: shutdown FollowerState
2019-10-14 14:42:21,464 [b63a5968-b034-497d-a723-e18a7363a3f1@group-49BAC8692D39:LeaderElection31] INFO  impl.RoleInfo (RoleInfo.java:shutdownLeaderElection(134)) - b63a5968-b034-497d-a723-e18a7363a3f1: shutdown LeaderElection
2019-10-14 14:42:21,465 [grpc-default-executor-0] INFO  impl.RoleInfo (RoleInfo.java:updateAndGet(143)) - 8ca3ec46-7319-4283-b207-b730019dde55: start FollowerState
2019-10-14 14:42:21,466 [Thread-417] INFO  impl.RoleInfo (RoleInfo.java:updateAndGet(143)) - 9a6c87f6-096e-4769-9132-289fb1aab8c2: start LeaderElection
2019-10-14 14:42:21,453 [8ca3ec46-7319-4283-b207-b730019dde55@group-49BAC8692D39:LeaderElection28] INFO  impl.RaftServerImpl (ServerState.java:setLeader(253)) - 8ca3ec46-7319-4283-b207-b730019dde55@group-49BAC8692D39: change Leader from null to 8ca3ec46-7319-4283-b207-b730019dde55 at term 2 for becomeLeader, leader elected after 2738ms
2019-10-14 14:42:21,465 [b63a5968-b034-497d-a723-e18a7363a3f1@group-49BAC8692D39:LeaderElection31] INFO  impl.RoleInfo (RoleInfo.java:updateAndGet(143)) - b63a5968-b034-497d-a723-e18a7363a3f1: start FollowerState
2019-10-14 14:42:21,465 [Thread-414] INFO  impl.FollowerState (FollowerState.java:run(115)) - 8ca3ec46-7319-4283-b207-b730019dde55: FollowerState was interrupted: java.lang.InterruptedException: sleep interrupted
2019-10-14 14:42:21,464 [Thread-424] INFO  impl.RoleInfo (RoleInfo.java:shutdownFollowerState(121)) - f9748ec4-5d8a-4dfc-8690-85b8cdac3f5d: shutdown FollowerState
2019-10-14 14:42:21,473 [grpc-default-executor-9] INFO  impl.RaftServerImpl (RaftServerImpl.java:setRole(174)) - 9a6c87f6-096e-4769-9132-289fb1aab8c2@group-E2F208E51DED: changes role from CANDIDATE to FOLLOWER at term 2 for recognizeCandidate:b63a5968-b034-497d-a723-e18a7363a3f1
2019-10-14 14:42:21,466 [8ca3ec46-7319-4283-b207-b730019dde55@group-49BAC8692D39:LeaderElection28] INFO  server.RaftServerConfigKeys (ConfUtils.java:logGet(43)) - raft.server.staging.catchup.gap = 1000 (default)
2019-10-14 14:42:21,476 [grpc-default-executor-9] INFO  impl.RoleInfo (RoleInfo.java:shutdownLeaderElection(134)) - 9a6c87f6-096e-4769-9132-289fb1aab8c2: shutdown LeaderElection
2019-10-14 14:42:21,475 [Thread-421] INFO  impl.FollowerState (FollowerState.java:run(106)) - caa892f0-76ff-4c1e-b30f-b7c59842badc:group-026CFA11C8A1 changes to CANDIDATE, lastRpcTime:1108, electionTimeout:1107ms
2019-10-14 14:42:21,473 [f9748ec4-5d8a-4dfc-8690-85b8cdac3f5d@group-E0B7C1D5C8D3:LeaderElection30] INFO  impl.LeaderElection (LeaderElection.java:logAndReturn(56)) - f9748ec4-5d8a-4dfc-8690-85b8cdac3f5d@group-E0B7C1D5C8D3:LeaderElection30: Election PASSED; received 1 response(s) [f9748ec4-5d8a-4dfc-8690-85b8cdac3f5d<-07a15819-e4fc-4072-82ac-b3e77a99d12a#0:OK-t2] and 0 exception(s); f9748ec4-5d8a-4dfc-8690-85b8cdac3f5d@group-E0B7C1D5C8D3:t2, leader=null, voted=f9748ec4-5d8a-4dfc-8690-85b8cdac3f5d, raftlog=f9748ec4-5d8a-4dfc-8690-85b8cdac3f5d@group-E0B7C1D5C8D3-SegmentedRaftLog:OPENED:c-1,f-1,i0, conf=-1: [07a15819-e4fc-4072-82ac-b3e77a99d12a:192.168.5.159:45599, f9748ec4-5d8a-4dfc-8690-85b8cdac3f5d:192.168.5.159:44598, caa892f0-76ff-4c1e-b30f-b7c59842badc:192.168.5.159:39406], old=null
2019-10-14 14:42:21,473 [Thread-424] INFO  impl.RaftServerImpl (RaftServerImpl.java:setRole(174)) - f9748ec4-5d8a-4dfc-8690-85b8cdac3f5d@group-026CFA11C8A1: changes role from  FOLLOWER to CANDIDATE at term 1 for changeToCandidate
2019-10-14 14:42:21,481 [8ca3ec46-7319-4283-b207-b730019dde55@group-F0A1E4AD654E:LeaderElection29] INFO  server.RaftServerConfigKeys (ConfUtils.java:logGet(43)) - raft.server.log.appender.snapshot.chunk.size.max = 16MB (=16777216) (default)
2019-10-14 14:42:21,484 [Thread-424] INFO  impl.RoleInfo (RoleInfo.java:updateAndGet(143)) - f9748ec4-5d8a-4dfc-8690-85b8cdac3f5d: start LeaderElection
2019-10-14 14:42:21,481 [f9748ec4-5d8a-4dfc-8690-85b8cdac3f5d@group-E0B7C1D5C8D3:LeaderElection30] INFO  impl.RoleInfo (RoleInfo.java:shutdownLeaderElection(134)) - f9748ec4-5d8a-4dfc-8690-85b8cdac3f5d: shutdown LeaderElection
2019-10-14 14:42:21,481 [Thread-421] INFO  impl.RoleInfo (RoleInfo.java:shutdownFollowerState(121)) - caa892f0-76ff-4c1e-b30f-b7c59842badc: shutdown FollowerState
2019-10-14 14:42:21,481 [grpc-default-executor-9] INFO  impl.RoleInfo (RoleInfo.java:updateAndGet(143)) - 9a6c87f6-096e-4769-9132-289fb1aab8c2: start FollowerState
2019-10-14 14:42:21,481 [8ca3ec46-7319-4283-b207-b730019dde55@group-49BAC8692D39:LeaderElection28] INFO  server.RaftServerConfigKeys (ConfUtils.java:logGet(43)) - raft.server.rpc.sleep.time = 25ms (default)
2019-10-14 14:42:21,490 [Thread-421] INFO  impl.RaftServerImpl (RaftServerImpl.java:setRole(174)) - caa892f0-76ff-4c1e-b30f-b7c59842badc@group-026CFA11C8A1: changes role from  FOLLOWER to CANDIDATE at term 1 for changeToCandidate
2019-10-14 14:42:21,487 [f9748ec4-5d8a-4dfc-8690-85b8cdac3f5d@group-E0B7C1D5C8D3:LeaderElection30] INFO  impl.RaftServerImpl (RaftServerImpl.java:setRole(174)) - f9748ec4-5d8a-4dfc-8690-85b8cdac3f5d@group-E0B7C1D5C8D3: changes role from CANDIDATE to LEADER at term 2 for changeToLeader
2019-10-14 14:42:21,484 [8ca3ec46-7319-4283-b207-b730019dde55@group-F0A1E4AD654E:LeaderElection29] INFO  server.RaftServerConfigKeys (ConfUtils.java:logGet(43)) - raft.server.log.appender.buffer.byte-limit = 33554432 (custom)
2019-10-14 14:42:21,490 [8ca3ec46-7319-4283-b207-b730019dde55@group-F0A1E4AD654E:LeaderElection29] INFO  server.RaftServerConfigKeys (ConfUtils.java:logGet(43)) - raft.server.log.appender.buffer.element-limit = 1 (custom)
2019-10-14 14:42:21,490 [f9748ec4-5d8a-4dfc-8690-85b8cdac3f5d@group-E0B7C1D5C8D3:LeaderElection30] INFO  impl.RaftServerImpl (ServerState.java:setLeader(253)) - f9748ec4-5d8a-4dfc-8690-85b8cdac3f5d@group-E0B7C1D5C8D3: change Leader from null to f9748ec4-5d8a-4dfc-8690-85b8cdac3f5d at term 2 for becomeLeader, leader elected after 2461ms
2019-10-14 14:42:21,491 [8ca3ec46-7319-4283-b207-b730019dde55@group-F0A1E4AD654E:LeaderElection29] INFO  grpc.GrpcConfigKeys$Server (ConfUtils.java:logGet(43)) - raft.grpc.server.leader.outstanding.appends.max = 128 (default)
2019-10-14 14:42:21,490 [Thread-421] INFO  impl.RoleInfo (RoleInfo.java:updateAndGet(143)) - caa892f0-76ff-4c1e-b30f-b7c59842badc: start LeaderElection
2019-10-14 14:42:21,490 [8ca3ec46-7319-4283-b207-b730019dde55@group-49BAC8692D39:LeaderElection28] INFO  server.RaftServerConfigKeys (ConfUtils.java:logGet(43)) - raft.server.write.element-limit = 4096 (default)
2019-10-14 14:42:21,493 [f9748ec4-5d8a-4dfc-8690-85b8cdac3f5d@group-026CFA11C8A1:LeaderElection34] INFO  impl.LeaderElection (LeaderElection.java:askForVotes(182)) - f9748ec4-5d8a-4dfc-8690-85b8cdac3f5d@group-026CFA11C8A1:LeaderElection34: begin an election at term 2 for -1: [07a15819-e4fc-4072-82ac-b3e77a99d12a:192.168.5.159:45599, f9748ec4-5d8a-4dfc-8690-85b8cdac3f5d:192.168.5.159:44598, caa892f0-76ff-4c1e-b30f-b7c59842badc:192.168.5.159:39406], old=null
2019-10-14 14:42:21,494 [8ca3ec46-7319-4283-b207-b730019dde55@group-49BAC8692D39:LeaderElection28] INFO  server.RaftServerConfigKeys (ConfUtils.java:logGet(43)) - raft.server.watch.timeout = 10s (default)
2019-10-14 14:42:21,493 [8ca3ec46-7319-4283-b207-b730019dde55@group-F0A1E4AD654E:LeaderElection29] INFO  server.RaftServerConfigKeys (ConfUtils.java:logGet(43)) - raft.server.rpc.request.timeout = 3000ms (default)
2019-10-14 14:42:21,491 [f9748ec4-5d8a-4dfc-8690-85b8cdac3f5d@group-E0B7C1D5C8D3:LeaderElection30] INFO  server.RaftServerConfigKeys (ConfUtils.java:logGet(43)) - raft.server.staging.catchup.gap = 1000 (default)
2019-10-14 14:42:21,496 [f9748ec4-5d8a-4dfc-8690-85b8cdac3f5d@group-E0B7C1D5C8D3:LeaderElection30] INFO  server.RaftServerConfigKeys (ConfUtils.java:logGet(43)) - raft.server.rpc.sleep.time = 25ms (default)
2019-10-14 14:42:21,496 [f9748ec4-5d8a-4dfc-8690-85b8cdac3f5d@group-E0B7C1D5C8D3:LeaderElection30] INFO  server.RaftServerConfigKeys (ConfUtils.java:logGet(43)) - raft.server.write.element-limit = 4096 (default)
2019-10-14 14:42:21,497 [f9748ec4-5d8a-4dfc-8690-85b8cdac3f5d@group-E0B7C1D5C8D3:LeaderElection30] INFO  server.RaftServerConfigKeys (ConfUtils.java:logGet(43)) - raft.server.watch.timeout = 10s (default)
2019-10-14 14:42:21,496 [8ca3ec46-7319-4283-b207-b730019dde55@group-F0A1E4AD654E:LeaderElection29] INFO  server.RaftServerConfigKeys (ConfUtils.java:logGet(43)) - raft.server.log.appender.install.snapshot.enabled = false (custom)
2019-10-14 14:42:21,494 [8ca3ec46-7319-4283-b207-b730019dde55@group-49BAC8692D39:LeaderElection28] INFO  server.RaftServerConfigKeys (ConfUtils.java:logGet(43)) - raft.server.watch.timeout.denomination = 1s (default)
2019-10-14 14:42:21,497 [8ca3ec46-7319-4283-b207-b730019dde55@group-F0A1E4AD654E:LeaderElection29] INFO  server.RaftServerConfigKeys (ConfUtils.java:logGet(43)) - raft.server.log.appender.snapshot.chunk.size.max = 16MB (=16777216) (default)
2019-10-14 14:42:21,497 [f9748ec4-5d8a-4dfc-8690-85b8cdac3f5d@group-E0B7C1D5C8D3:LeaderElection30] INFO  server.RaftServerConfigKeys (ConfUtils.java:logGet(43)) - raft.server.watch.timeout.denomination = 1s (default)
2019-10-14 14:42:21,497 [b63a5968-b034-497d-a723-e18a7363a3f1@group-E2F208E51DED:LeaderElection32] INFO  impl.LeaderElection (LeaderElection.java:logAndReturn(56)) - b63a5968-b034-497d-a723-e18a7363a3f1@group-E2F208E51DED:LeaderElection32: Election PASSED; received 2 response(s) [b63a5968-b034-497d-a723-e18a7363a3f1<-8ca3ec46-7319-4283-b207-b730019dde55#0:OK-t2, b63a5968-b034-497d-a723-e18a7363a3f1<-9a6c87f6-096e-4769-9132-289fb1aab8c2#0:FAIL-t2] and 0 exception(s); b63a5968-b034-497d-a723-e18a7363a3f1@group-E2F208E51DED:t2, leader=null, voted=b63a5968-b034-497d-a723-e18a7363a3f1, raftlog=b63a5968-b034-497d-a723-e18a7363a3f1@group-E2F208E51DED-SegmentedRaftLog:OPENED:c-1,f-1,i0, conf=-1: [8ca3ec46-7319-4283-b207-b730019dde55:192.168.5.159:46312, 9a6c87f6-096e-4769-9132-289fb1aab8c2:192.168.5.159:46771, b63a5968-b034-497d-a723-e18a7363a3f1:192.168.5.159:39007], old=null
2019-10-14 14:42:21,497 [8ca3ec46-7319-4283-b207-b730019dde55@group-F0A1E4AD654E:LeaderElection29] INFO  server.RaftServerConfigKeys (ConfUtils.java:logGet(43)) - raft.server.log.appender.buffer.byte-limit = 33554432 (custom)
2019-10-14 14:42:21,497 [8ca3ec46-7319-4283-b207-b730019dde55@group-49BAC8692D39:LeaderElection28] INFO  server.RaftServerConfigKeys (ConfUtils.java:logGet(43)) - raft.server.watch.element-limit = 65536 (default)
2019-10-14 14:42:21,498 [8ca3ec46-7319-4283-b207-b730019dde55@group-F0A1E4AD654E:LeaderElection29] INFO  server.RaftServerConfigKeys (ConfUtils.java:logGet(43)) - raft.server.log.appender.buffer.element-limit = 1 (custom)
2019-10-14 14:42:21,500 [Thread-428] INFO  impl.FollowerState (FollowerState.java:run(106)) - 07a15819-e4fc-4072-82ac-b3e77a99d12a:group-026CFA11C8A1 changes to CANDIDATE, lastRpcTime:1109, electionTimeout:1109ms
2019-10-14 14:42:21,498 [b63a5968-b034-497d-a723-e18a7363a3f1@group-E2F208E51DED:LeaderElection32] INFO  impl.RoleInfo (RoleInfo.java:shutdownLeaderElection(134)) - b63a5968-b034-497d-a723-e18a7363a3f1: shutdown LeaderElection
2019-10-14 14:42:21,498 [f9748ec4-5d8a-4dfc-8690-85b8cdac3f5d@group-E0B7C1D5C8D3:LeaderElection30] INFO  server.RaftServerConfigKeys (ConfUtils.java:logGet(43)) - raft.server.watch.element-limit = 65536 (default)
2019-10-14 14:42:21,503 [b63a5968-b034-497d-a723-e18a7363a3f1@group-E2F208E51DED:LeaderElection32] INFO  impl.RaftServerImpl (RaftServerImpl.java:setRole(174)) - b63a5968-b034-497d-a723-e18a7363a3f1@group-E2F208E51DED: changes role from CANDIDATE to LEADER at term 2 for changeToLeader
2019-10-14 14:42:21,503 [Thread-428] INFO  impl.RoleInfo (RoleInfo.java:shutdownFollowerState(121)) - 07a15819-e4fc-4072-82ac-b3e77a99d12a: shutdown FollowerState
2019-10-14 14:42:21,503 [8ca3ec46-7319-4283-b207-b730019dde55@group-F0A1E4AD654E:LeaderElection29] INFO  grpc.GrpcConfigKeys$Server (ConfUtils.java:logGet(43)) - raft.grpc.server.leader.outstanding.appends.max = 128 (default)
2019-10-14 14:42:21,503 [Thread-428] INFO  impl.RaftServerImpl (RaftServerImpl.java:setRole(174)) - 07a15819-e4fc-4072-82ac-b3e77a99d12a@group-026CFA11C8A1: changes role from  FOLLOWER to CANDIDATE at term 1 for changeToCandidate
2019-10-14 14:42:21,503 [b63a5968-b034-497d-a723-e18a7363a3f1@group-E2F208E51DED:LeaderElection32] INFO  impl.RaftServerImpl (ServerState.java:setLeader(253)) - b63a5968-b034-497d-a723-e18a7363a3f1@group-E2F208E51DED: change Leader from null to b63a5968-b034-497d-a723-e18a7363a3f1 at term 2 for becomeLeader, leader elected after 2617ms
2019-10-14 14:42:21,504 [8ca3ec46-7319-4283-b207-b730019dde55@group-F0A1E4AD654E:LeaderElection29] INFO  server.RaftServerConfigKeys (ConfUtils.java:logGet(43)) - raft.server.rpc.request.timeout = 3000ms (default)
2019-10-14 14:42:21,504 [8ca3ec46-7319-4283-b207-b730019dde55@group-F0A1E4AD654E:LeaderElection29] INFO  server.RaftServerConfigKeys (ConfUtils.java:logGet(43)) - raft.server.log.appender.install.snapshot.enabled = false (custom)
2019-10-14 14:42:21,504 [Thread-428] INFO  impl.RoleInfo (RoleInfo.java:updateAndGet(143)) - 07a15819-e4fc-4072-82ac-b3e77a99d12a: start LeaderElection
2019-10-14 14:42:21,504 [8ca3ec46-7319-4283-b207-b730019dde55@group-F0A1E4AD654E:LeaderElection29] INFO  impl.RoleInfo (RoleInfo.java:updateAndGet(143)) - 8ca3ec46-7319-4283-b207-b730019dde55: start LeaderState
2019-10-14 14:42:21,504 [b63a5968-b034-497d-a723-e18a7363a3f1@group-E2F208E51DED:LeaderElection32] INFO  server.RaftServerConfigKeys (ConfUtils.java:logGet(43)) - raft.server.staging.catchup.gap = 1000 (default)
2019-10-14 14:42:21,507 [8ca3ec46-7319-4283-b207-b730019dde55@group-F0A1E4AD654E:LeaderElection29] INFO  segmented.SegmentedRaftLogWorker (SegmentedRaftLogWorker.java:startLogSegment(380)) - 8ca3ec46-7319-4283-b207-b730019dde55@group-F0A1E4AD654E-SegmentedRaftLogWorker: Starting segment from index:0
2019-10-14 14:42:21,507 [grpc-default-executor-4] INFO  impl.RaftServerImpl (RaftServerImpl.java:setRole(174)) - 07a15819-e4fc-4072-82ac-b3e77a99d12a@group-026CFA11C8A1: changes role from CANDIDATE to FOLLOWER at term 2 for recognizeCandidate:f9748ec4-5d8a-4dfc-8690-85b8cdac3f5d
2019-10-14 14:42:21,507 [grpc-default-executor-4] INFO  impl.RoleInfo (RoleInfo.java:shutdownLeaderElection(134)) - 07a15819-e4fc-4072-82ac-b3e77a99d12a: shutdown LeaderElection
2019-10-14 14:42:21,507 [b63a5968-b034-497d-a723-e18a7363a3f1@group-E2F208E51DED:LeaderElection32] INFO  server.RaftServerConfigKeys (ConfUtils.java:logGet(43)) - raft.server.rpc.sleep.time = 25ms (default)
2019-10-14 14:42:21,508 [b63a5968-b034-497d-a723-e18a7363a3f1@group-E2F208E51DED:LeaderElection32] INFO  server.RaftServerConfigKeys (ConfUtils.java:logGet(43)) - raft.server.write.element-limit = 4096 (default)
2019-10-14 14:42:21,508 [8ca3ec46-7319-4283-b207-b730019dde55@group-F0A1E4AD654E:LeaderElection29] INFO  impl.RaftServerImpl (ServerState.java:setRaftConf(354)) - 8ca3ec46-7319-4283-b207-b730019dde55@group-F0A1E4AD654E: set configuration 0: [8ca3ec46-7319-4283-b207-b730019dde55:192.168.5.159:46312, 9a6c87f6-096e-4769-9132-289fb1aab8c2:192.168.5.159:46771, b63a5968-b034-497d-a723-e18a7363a3f1:192.168.5.159:39007], old=null at 0
2019-10-14 14:42:21,508 [grpc-default-executor-4] INFO  impl.RoleInfo (RoleInfo.java:updateAndGet(143)) - 07a15819-e4fc-4072-82ac-b3e77a99d12a: start FollowerState
2019-10-14 14:42:21,511 [8ca3ec46-7319-4283-b207-b730019dde55@group-49BAC8692D39:LeaderElection28] INFO  server.RaftServerConfigKeys (ConfUtils.java:logGet(43)) - raft.server.log.appender.snapshot.chunk.size.max = 16MB (=16777216) (default)
2019-10-14 14:42:21,512 [8ca3ec46-7319-4283-b207-b730019dde55@group-49BAC8692D39:LeaderElection28] INFO  server.RaftServerConfigKeys (ConfUtils.java:logGet(43)) - raft.server.log.appender.buffer.byte-limit = 33554432 (custom)
2019-10-14 14:42:21,512 [8ca3ec46-7319-4283-b207-b730019dde55@group-49BAC8692D39:LeaderElection28] INFO  server.RaftServerConfigKeys (ConfUtils.java:logGet(43)) - raft.server.log.appender.buffer.element-limit = 1 (custom)
2019-10-14 14:42:21,512 [8ca3ec46-7319-4283-b207-b730019dde55@group-49BAC8692D39:LeaderElection28] INFO  grpc.GrpcConfigKeys$Server (ConfUtils.java:logGet(43)) - raft.grpc.server.leader.outstanding.appends.max = 128 (default)
2019-10-14 14:42:21,512 [8ca3ec46-7319-4283-b207-b730019dde55@group-49BAC8692D39:LeaderElection28] INFO  server.RaftServerConfigKeys (ConfUtils.java:logGet(43)) - raft.server.rpc.request.timeout = 3000ms (default)
2019-10-14 14:42:21,513 [8ca3ec46-7319-4283-b207-b730019dde55@group-49BAC8692D39:LeaderElection28] INFO  server.RaftServerConfigKeys (ConfUtils.java:logGet(43)) - raft.server.log.appender.install.snapshot.enabled = false (custom)
2019-10-14 14:42:21,510 [caa892f0-76ff-4c1e-b30f-b7c59842badc@group-026CFA11C8A1:LeaderElection35] INFO  impl.LeaderElection (LeaderElection.java:askForVotes(182)) - caa892f0-76ff-4c1e-b30f-b7c59842badc@group-026CFA11C8A1:LeaderElection35: begin an election at term 2 for -1: [07a15819-e4fc-4072-82ac-b3e77a99d12a:192.168.5.159:45599, f9748ec4-5d8a-4dfc-8690-85b8cdac3f5d:192.168.5.159:44598, caa892f0-76ff-4c1e-b30f-b7c59842badc:192.168.5.159:39406], old=null
2019-10-14 14:42:21,510 [9a6c87f6-096e-4769-9132-289fb1aab8c2@group-E2F208E51DED:LeaderElection33] INFO  impl.LeaderElection (LeaderElection.java:askForVotes(182)) - 9a6c87f6-096e-4769-9132-289fb1aab8c2@group-E2F208E51DED:LeaderElection33: begin an election at term 3 for -1: [8ca3ec46-7319-4283-b207-b730019dde55:192.168.5.159:46312, 9a6c87f6-096e-4769-9132-289fb1aab8c2:192.168.5.159:46771, b63a5968-b034-497d-a723-e18a7363a3f1:192.168.5.159:39007], old=null
2019-10-14 14:42:21,508 [b63a5968-b034-497d-a723-e18a7363a3f1@group-E2F208E51DED:LeaderElection32] INFO  server.RaftServerConfigKeys (ConfUtils.java:logGet(43)) - raft.server.watch.timeout = 10s (default)
2019-10-14 14:42:21,513 [8ca3ec46-7319-4283-b207-b730019dde55@group-49BAC8692D39:LeaderElection28] INFO  server.RaftServerConfigKeys (ConfUtils.java:logGet(43)) - raft.server.log.appender.snapshot.chunk.size.max = 16MB (=16777216) (default)
2019-10-14 14:42:21,512 [f9748ec4-5d8a-4dfc-8690-85b8cdac3f5d@group-E0B7C1D5C8D3:LeaderElection30] INFO  server.RaftServerConfigKeys (ConfUtils.java:logGet(43)) - raft.server.log.appender.snapshot.chunk.size.max = 16MB (=16777216) (default)
2019-10-14 14:42:21,512 [grpc-default-executor-7] INFO  impl.RaftServerImpl (ServerState.java:setLeader(253)) - 9a6c87f6-096e-4769-9132-289fb1aab8c2@group-F0A1E4AD654E: change Leader from null to 8ca3ec46-7319-4283-b207-b730019dde55 at term 2 for appendEntries, leader elected after 2564ms
2019-10-14 14:42:21,512 [grpc-default-executor-3] INFO  impl.RaftServerImpl (ServerState.java:setLeader(253)) - b63a5968-b034-497d-a723-e18a7363a3f1@group-F0A1E4AD654E: change Leader from null to 8ca3ec46-7319-4283-b207-b730019dde55 at term 2 for appendEntries, leader elected after 2568ms
2019-10-14 14:42:21,514 [9a6c87f6-096e-4769-9132-289fb1aab8c2@group-E2F208E51DED:LeaderElection33] INFO  impl.LeaderElection (LeaderElection.java:logAndReturn(56)) - 9a6c87f6-096e-4769-9132-289fb1aab8c2@group-E2F208E51DED:LeaderElection33: Election REJECTED; received 0 response(s) [] and 0 exception(s); 9a6c87f6-096e-4769-9132-289fb1aab8c2@group-E2F208E51DED:t3, leader=null, voted=9a6c87f6-096e-4769-9132-289fb1aab8c2, raftlog=9a6c87f6-096e-4769-9132-289fb1aab8c2@group-E2F208E51DED-SegmentedRaftLog:OPENED:c-1,f-1,i0, conf=-1: [8ca3ec46-7319-4283-b207-b730019dde55:192.168.5.159:46312, 9a6c87f6-096e-4769-9132-289fb1aab8c2:192.168.5.159:46771, b63a5968-b034-497d-a723-e18a7363a3f1:192.168.5.159:39007], old=null
2019-10-14 14:42:21,513 [f9748ec4-5d8a-4dfc-8690-85b8cdac3f5d@group-E0B7C1D5C8D3:LeaderElection30] INFO  server.RaftServerConfigKeys (ConfUtils.java:logGet(43)) - raft.server.log.appender.buffer.byte-limit = 33554432 (custom)
2019-10-14 14:42:21,513 [8ca3ec46-7319-4283-b207-b730019dde55@group-49BAC8692D39:LeaderElection28] INFO  server.RaftServerConfigKeys (ConfUtils.java:logGet(43)) - raft.server.log.appender.buffer.byte-limit = 33554432 (custom)
2019-10-14 14:42:21,513 [b63a5968-b034-497d-a723-e18a7363a3f1@group-E2F208E51DED:LeaderElection32] INFO  server.RaftServerConfigKeys (ConfUtils.java:logGet(43)) - raft.server.watch.timeout.denomination = 1s (default)
2019-10-14 14:42:21,539 [8ca3ec46-7319-4283-b207-b730019dde55@group-49BAC8692D39:LeaderElection28] INFO  server.RaftServerConfigKeys (ConfUtils.java:logGet(43)) - raft.server.log.appender.buffer.element-limit = 1 (custom)
2019-10-14 14:42:21,539 [b63a5968-b034-497d-a723-e18a7363a3f1@group-E2F208E51DED:LeaderElection32] INFO  server.RaftServerConfigKeys (ConfUtils.java:logGet(43)) - raft.server.watch.element-limit = 65536 (default)
2019-10-14 14:42:21,539 [8ca3ec46-7319-4283-b207-b730019dde55@group-49BAC8692D39:LeaderElection28] INFO  grpc.GrpcConfigKeys$Server (ConfUtils.java:logGet(43)) - raft.grpc.server.leader.outstanding.appends.max = 128 (default)
2019-10-14 14:42:21,539 [f9748ec4-5d8a-4dfc-8690-85b8cdac3f5d@group-E0B7C1D5C8D3:LeaderElection30] INFO  server.RaftServerConfigKeys (ConfUtils.java:logGet(43)) - raft.server.log.appender.buffer.element-limit = 1 (custom)
2019-10-14 14:42:21,540 [8ca3ec46-7319-4283-b207-b730019dde55@group-49BAC8692D39:LeaderElection28] INFO  server.RaftServerConfigKeys (ConfUtils.java:logGet(43)) - raft.server.rpc.request.timeout = 3000ms (default)
2019-10-14 14:42:21,540 [f9748ec4-5d8a-4dfc-8690-85b8cdac3f5d@group-E0B7C1D5C8D3:LeaderElection30] INFO  grpc.GrpcConfigKeys$Server (ConfUtils.java:logGet(43)) - raft.grpc.server.leader.outstanding.appends.max = 128 (default)
2019-10-14 14:42:21,540 [8ca3ec46-7319-4283-b207-b730019dde55@group-49BAC8692D39:LeaderElection28] INFO  server.RaftServerConfigKeys (ConfUtils.java:logGet(43)) - raft.server.log.appender.install.snapshot.enabled = false (custom)
2019-10-14 14:42:21,540 [f9748ec4-5d8a-4dfc-8690-85b8cdac3f5d@group-E0B7C1D5C8D3:LeaderElection30] INFO  server.RaftServerConfigKeys (ConfUtils.java:logGet(43)) - raft.server.rpc.request.timeout = 3000ms (default)
2019-10-14 14:42:21,540 [f9748ec4-5d8a-4dfc-8690-85b8cdac3f5d@group-E0B7C1D5C8D3:LeaderElection30] INFO  server.RaftServerConfigKeys (ConfUtils.java:logGet(43)) - raft.server.log.appender.install.snapshot.enabled = false (custom)
2019-10-14 14:42:21,541 [8ca3ec46-7319-4283-b207-b730019dde55@group-49BAC8692D39:LeaderElection28] INFO  impl.RoleInfo (RoleInfo.java:updateAndGet(143)) - 8ca3ec46-7319-4283-b207-b730019dde55: start LeaderState
2019-10-14 14:42:21,541 [f9748ec4-5d8a-4dfc-8690-85b8cdac3f5d@group-E0B7C1D5C8D3:LeaderElection30] INFO  server.RaftServerConfigKeys (ConfUtils.java:logGet(43)) - raft.server.log.appender.snapshot.chunk.size.max = 16MB (=16777216) (default)
2019-10-14 14:42:21,541 [8ca3ec46-7319-4283-b207-b730019dde55@group-49BAC8692D39:LeaderElection28] INFO  segmented.SegmentedRaftLogWorker (SegmentedRaftLogWorker.java:startLogSegment(380)) - 8ca3ec46-7319-4283-b207-b730019dde55@group-49BAC8692D39-SegmentedRaftLogWorker: Starting segment from index:0
2019-10-14 14:42:21,541 [f9748ec4-5d8a-4dfc-8690-85b8cdac3f5d@group-E0B7C1D5C8D3:LeaderElection30] INFO  server.RaftServerConfigKeys (ConfUtils.java:logGet(43)) - raft.server.log.appender.buffer.byte-limit = 33554432 (custom)
2019-10-14 14:42:21,541 [f9748ec4-5d8a-4dfc-8690-85b8cdac3f5d@group-E0B7C1D5C8D3:LeaderElection30] INFO  server.RaftServerConfigKeys (ConfUtils.java:logGet(43)) - raft.server.log.appender.buffer.element-limit = 1 (custom)
2019-10-14 14:42:21,542 [grpc-default-executor-3] INFO  impl.RaftServerImpl (ServerState.java:setRaftConf(354)) - b63a5968-b034-497d-a723-e18a7363a3f1@group-F0A1E4AD654E: set configuration 0: [8ca3ec46-7319-4283-b207-b730019dde55:192.168.5.159:46312, 9a6c87f6-096e-4769-9132-289fb1aab8c2:192.168.5.159:46771, b63a5968-b034-497d-a723-e18a7363a3f1:192.168.5.159:39007], old=null at 0
2019-10-14 14:42:21,542 [f9748ec4-5d8a-4dfc-8690-85b8cdac3f5d@group-E0B7C1D5C8D3:LeaderElection30] INFO  grpc.GrpcConfigKeys$Server (ConfUtils.java:logGet(43)) - raft.grpc.server.leader.outstanding.appends.max = 128 (default)
2019-10-14 14:42:21,542 [grpc-default-executor-3] INFO  segmented.SegmentedRaftLogWorker (SegmentedRaftLogWorker.java:startLogSegment(380)) - b63a5968-b034-497d-a723-e18a7363a3f1@group-F0A1E4AD654E-SegmentedRaftLogWorker: Starting segment from index:0
2019-10-14 14:42:21,542 [grpc-default-executor-7] INFO  impl.RaftServerImpl (RaftServerImpl.java:setRole(174)) - 8ca3ec46-7319-4283-b207-b730019dde55@group-E2F208E51DED: changes role from  FOLLOWER to FOLLOWER at term 3 for recognizeCandidate:9a6c87f6-096e-4769-9132-289fb1aab8c2
2019-10-14 14:42:21,542 [f9748ec4-5d8a-4dfc-8690-85b8cdac3f5d@group-026CFA11C8A1:LeaderElection34] INFO  impl.LeaderElection (LeaderElection.java:logAndReturn(56)) - f9748ec4-5d8a-4dfc-8690-85b8cdac3f5d@group-026CFA11C8A1:LeaderElection34: Election REJECTED; received 2 response(s) [f9748ec4-5d8a-4dfc-8690-85b8cdac3f5d<-07a15819-e4fc-4072-82ac-b3e77a99d12a#0:FAIL-t2, f9748ec4-5d8a-4dfc-8690-85b8cdac3f5d<-caa892f0-76ff-4c1e-b30f-b7c59842badc#0:FAIL-t2] and 0 exception(s); f9748ec4-5d8a-4dfc-8690-85b8cdac3f5d@group-026CFA11C8A1:t2, leader=null, voted=f9748ec4-5d8a-4dfc-8690-85b8cdac3f5d, raftlog=f9748ec4-5d8a-4dfc-8690-85b8cdac3f5d@group-026CFA11C8A1-SegmentedRaftLog:OPENED:c-1,f-1,i0, conf=-1: [07a15819-e4fc-4072-82ac-b3e77a99d12a:192.168.5.159:45599, f9748ec4-5d8a-4dfc-8690-85b8cdac3f5d:192.168.5.159:44598, caa892f0-76ff-4c1e-b30f-b7c59842badc:192.168.5.159:39406], old=null
2019-10-14 14:42:21,543 [grpc-default-executor-7] INFO  impl.RoleInfo (RoleInfo.java:shutdownFollowerState(121)) - 8ca3ec46-7319-4283-b207-b730019dde55: shutdown FollowerState
2019-10-14 14:42:21,542 [f9748ec4-5d8a-4dfc-8690-85b8cdac3f5d@group-E0B7C1D5C8D3:LeaderElection30] INFO  server.RaftServerConfigKeys (ConfUtils.java:logGet(43)) - raft.server.rpc.request.timeout = 3000ms (default)
2019-10-14 14:42:21,568 [07a15819-e4fc-4072-82ac-b3e77a99d12a@group-026CFA11C8A1:LeaderElection36] INFO  impl.LeaderElection (LeaderElection.java:askForVotes(182)) - 07a15819-e4fc-4072-82ac-b3e77a99d12a@group-026CFA11C8A1:LeaderElection36: begin an election at term 3 for -1: [07a15819-e4fc-4072-82ac-b3e77a99d12a:192.168.5.159:45599, f9748ec4-5d8a-4dfc-8690-85b8cdac3f5d:192.168.5.159:44598, caa892f0-76ff-4c1e-b30f-b7c59842badc:192.168.5.159:39406], old=null
2019-10-14 14:42:21,567 [8ca3ec46-7319-4283-b207-b730019dde55@group-F0A1E4AD654E-SegmentedRaftLogWorker] INFO  segmented.SegmentedRaftLogWorker (SegmentedRaftLogWorker.java:execute(569)) - 8ca3ec46-7319-4283-b207-b730019dde55@group-F0A1E4AD654E-SegmentedRaftLogWorker: created new log segment /workdir/hadoop-ozone/integration-test/target/test-dir/MiniOzoneClusterImpl-669d0a42-2836-47aa-b55b-95c9a6dd1017/datanode-0/data/ratis/ce44e97b-42fd-46e9-bd50-f0a1e4ad654e/current/log_inprogress_0
2019-10-14 14:42:21,543 [f9748ec4-5d8a-4dfc-8690-85b8cdac3f5d@group-026CFA11C8A1:LeaderElection34] INFO  impl.RaftServerImpl (RaftServerImpl.java:setRole(174)) - f9748ec4-5d8a-4dfc-8690-85b8cdac3f5d@group-026CFA11C8A1: changes role from CANDIDATE to FOLLOWER at term 2 for DISCOVERED_A_NEW_TERM
2019-10-14 14:42:21,543 [8ca3ec46-7319-4283-b207-b730019dde55@group-49BAC8692D39:LeaderElection28] INFO  impl.RaftServerImpl (ServerState.java:setRaftConf(354)) - 8ca3ec46-7319-4283-b207-b730019dde55@group-49BAC8692D39: set configuration 0: [8ca3ec46-7319-4283-b207-b730019dde55:192.168.5.159:46312, 9a6c87f6-096e-4769-9132-289fb1aab8c2:192.168.5.159:46771, b63a5968-b034-497d-a723-e18a7363a3f1:192.168.5.159:39007], old=null at 0
2019-10-14 14:42:21,578 [07a15819-e4fc-4072-82ac-b3e77a99d12a@group-026CFA11C8A1:LeaderElection36] INFO  impl.LeaderElection (LeaderElection.java:logAndReturn(56)) - 07a15819-e4fc-4072-82ac-b3e77a99d12a@group-026CFA11C8A1:LeaderElection36: Election REJECTED; received 0 response(s) [] and 0 exception(s); 07a15819-e4fc-4072-82ac-b3e77a99d12a@group-026CFA11C8A1:t3, leader=null, voted=07a15819-e4fc-4072-82ac-b3e77a99d12a, raftlog=07a15819-e4fc-4072-82ac-b3e77a99d12a@group-026CFA11C8A1-SegmentedRaftLog:OPENED:c-1,f-1,i0, conf=-1: [07a15819-e4fc-4072-82ac-b3e77a99d12a:192.168.5.159:45599, f9748ec4-5d8a-4dfc-8690-85b8cdac3f5d:192.168.5.159:44598, caa892f0-76ff-4c1e-b30f-b7c59842badc:192.168.5.159:39406], old=null
2019-10-14 14:42:21,577 [f9748ec4-5d8a-4dfc-8690-85b8cdac3f5d@group-026CFA11C8A1:LeaderElection34] INFO  impl.RoleInfo (RoleInfo.java:shutdownLeaderElection(134)) - f9748ec4-5d8a-4dfc-8690-85b8cdac3f5d: shutdown LeaderElection
2019-10-14 14:42:21,578 [f9748ec4-5d8a-4dfc-8690-85b8cdac3f5d@group-026CFA11C8A1:LeaderElection34] INFO  impl.RoleInfo (RoleInfo.java:updateAndGet(143)) - f9748ec4-5d8a-4dfc-8690-85b8cdac3f5d: start FollowerState
2019-10-14 14:42:21,577 [8ca3ec46-7319-4283-b207-b730019dde55@group-49BAC8692D39-SegmentedRaftLogWorker] INFO  segmented.SegmentedRaftLogWorker (SegmentedRaftLogWorker.java:execute(569)) - 8ca3ec46-7319-4283-b207-b730019dde55@group-49BAC8692D39-SegmentedRaftLogWorker: created new log segment /workdir/hadoop-ozone/integration-test/target/test-dir/MiniOzoneClusterImpl-669d0a42-2836-47aa-b55b-95c9a6dd1017/datanode-0/data/ratis/21aac647-5f17-49d7-b10b-49bac8692d39/current/log_inprogress_0
2019-10-14 14:42:21,576 [Thread-500] INFO  impl.FollowerState (FollowerState.java:run(115)) - 8ca3ec46-7319-4283-b207-b730019dde55: FollowerState was interrupted: java.lang.InterruptedException: sleep interrupted
2019-10-14 14:42:21,576 [grpc-default-executor-7] INFO  impl.RoleInfo (RoleInfo.java:updateAndGet(143)) - 8ca3ec46-7319-4283-b207-b730019dde55: start FollowerState
2019-10-14 14:42:21,570 [f9748ec4-5d8a-4dfc-8690-85b8cdac3f5d@group-E0B7C1D5C8D3:LeaderElection30] INFO  server.RaftServerConfigKeys (ConfUtils.java:logGet(43)) - raft.server.log.appender.install.snapshot.enabled = false (custom)
2019-10-14 14:42:21,605 [caa892f0-76ff-4c1e-b30f-b7c59842badc@group-026CFA11C8A1:LeaderElection35] INFO  impl.LeaderElection (LeaderElection.java:logAndReturn(56)) - caa892f0-76ff-4c1e-b30f-b7c59842badc@group-026CFA11C8A1:LeaderElection35: Election DISCOVERED_A_NEW_TERM; received 1 response(s) [caa892f0-76ff-4c1e-b30f-b7c59842badc<-07a15819-e4fc-4072-82ac-b3e77a99d12a#0:FAIL-t3] and 0 exception(s); caa892f0-76ff-4c1e-b30f-b7c59842badc@group-026CFA11C8A1:t2, leader=null, voted=caa892f0-76ff-4c1e-b30f-b7c59842badc, raftlog=caa892f0-76ff-4c1e-b30f-b7c59842badc@group-026CFA11C8A1-SegmentedRaftLog:OPENED:c-1,f-1,i0, conf=-1: [07a15819-e4fc-4072-82ac-b3e77a99d12a:192.168.5.159:45599, f9748ec4-5d8a-4dfc-8690-85b8cdac3f5d:192.168.5.159:44598, caa892f0-76ff-4c1e-b30f-b7c59842badc:192.168.5.159:39406], old=null
2019-10-14 14:42:21,581 [grpc-default-executor-0] INFO  impl.RaftServerImpl (ServerState.java:setLeader(253)) - b63a5968-b034-497d-a723-e18a7363a3f1@group-49BAC8692D39: change Leader from null to 8ca3ec46-7319-4283-b207-b730019dde55 at term 2 for appendEntries, leader elected after 2866ms
2019-10-14 14:42:21,580 [grpc-default-executor-3] INFO  impl.RaftServerImpl (ServerState.java:setRaftConf(354)) - 9a6c87f6-096e-4769-9132-289fb1aab8c2@group-F0A1E4AD654E: set configuration 0: [8ca3ec46-7319-4283-b207-b730019dde55:192.168.5.159:46312, 9a6c87f6-096e-4769-9132-289fb1aab8c2:192.168.5.159:46771, b63a5968-b034-497d-a723-e18a7363a3f1:192.168.5.159:39007], old=null at 0
2019-10-14 14:42:21,579 [b63a5968-b034-497d-a723-e18a7363a3f1@group-E2F208E51DED:LeaderElection32] INFO  server.RaftServerConfigKeys (ConfUtils.java:logGet(43)) - raft.server.log.appender.snapshot.chunk.size.max = 16MB (=16777216) (default)
2019-10-14 14:42:21,611 [grpc-default-executor-3] INFO  segmented.SegmentedRaftLogWorker (SegmentedRaftLogWorker.java:startLogSegment(380)) - 9a6c87f6-096e-4769-9132-289fb1aab8c2@group-F0A1E4AD654E-SegmentedRaftLogWorker: Starting segment from index:0
2019-10-14 14:42:21,611 [b63a5968-b034-497d-a723-e18a7363a3f1@group-F0A1E4AD654E-SegmentedRaftLogWorker] INFO  segmented.SegmentedRaftLogWorker (SegmentedRaftLogWorker.java:execute(569)) - b63a5968-b034-497d-a723-e18a7363a3f1@group-F0A1E4AD654E-SegmentedRaftLogWorker: created new log segment /workdir/hadoop-ozone/integration-test/target/test-dir/MiniOzoneClusterImpl-669d0a42-2836-47aa-b55b-95c9a6dd1017/datanode-6/data/ratis/ce44e97b-42fd-46e9-bd50-f0a1e4ad654e/current/log_inprogress_0
2019-10-14 14:42:21,608 [grpc-default-executor-9] INFO  impl.RaftServerImpl (ServerState.java:setLeader(253)) - 9a6c87f6-096e-4769-9132-289fb1aab8c2@group-49BAC8692D39: change Leader from null to 8ca3ec46-7319-4283-b207-b730019dde55 at term 2 for appendEntries, leader elected after 2893ms
2019-10-14 14:42:21,608 [caa892f0-76ff-4c1e-b30f-b7c59842badc@group-026CFA11C8A1:LeaderElection35] INFO  impl.RaftServerImpl (RaftServerImpl.java:setRole(174)) - caa892f0-76ff-4c1e-b30f-b7c59842badc@group-026CFA11C8A1: changes role from CANDIDATE to FOLLOWER at term 3 for DISCOVERED_A_NEW_TERM
2019-10-14 14:42:21,608 [f9748ec4-5d8a-4dfc-8690-85b8cdac3f5d@group-E0B7C1D5C8D3:LeaderElection30] INFO  impl.RoleInfo (RoleInfo.java:updateAndGet(143)) - f9748ec4-5d8a-4dfc-8690-85b8cdac3f5d: start LeaderState
2019-10-14 14:42:21,612 [caa892f0-76ff-4c1e-b30f-b7c59842badc@group-026CFA11C8A1:LeaderElection35] INFO  impl.RoleInfo (RoleInfo.java:shutdownLeaderElection(134)) - caa892f0-76ff-4c1e-b30f-b7c59842badc: shutdown LeaderElection
2019-10-14 14:42:21,611 [b63a5968-b034-497d-a723-e18a7363a3f1@group-E2F208E51DED:LeaderElection32] INFO  server.RaftServerConfigKeys (ConfUtils.java:logGet(43)) - raft.server.log.appender.buffer.byte-limit = 33554432 (custom)
2019-10-14 14:42:21,612 [caa892f0-76ff-4c1e-b30f-b7c59842badc@group-026CFA11C8A1:LeaderElection35] INFO  impl.RoleInfo (RoleInfo.java:updateAndGet(143)) - caa892f0-76ff-4c1e-b30f-b7c59842badc: start FollowerState
2019-10-14 14:42:21,612 [grpc-default-executor-9] INFO  impl.RaftServerImpl (RaftServerImpl.java:setRole(174)) - f9748ec4-5d8a-4dfc-8690-85b8cdac3f5d@group-026CFA11C8A1: changes role from  FOLLOWER to FOLLOWER at term 3 for recognizeCandidate:07a15819-e4fc-4072-82ac-b3e77a99d12a
2019-10-14 14:42:21,612 [f9748ec4-5d8a-4dfc-8690-85b8cdac3f5d@group-E0B7C1D5C8D3:LeaderElection30] INFO  segmented.SegmentedRaftLogWorker (SegmentedRaftLogWorker.java:startLogSegment(380)) - f9748ec4-5d8a-4dfc-8690-85b8cdac3f5d@group-E0B7C1D5C8D3-SegmentedRaftLogWorker: Starting segment from index:0
2019-10-14 14:42:21,613 [grpc-default-executor-9] INFO  impl.RoleInfo (RoleInfo.java:shutdownFollowerState(121)) - f9748ec4-5d8a-4dfc-8690-85b8cdac3f5d: shutdown FollowerState
2019-10-14 14:42:21,612 [b63a5968-b034-497d-a723-e18a7363a3f1@group-E2F208E51DED:LeaderElection32] INFO  server.RaftServerConfigKeys (ConfUtils.java:logGet(43)) - raft.server.log.appender.buffer.element-limit = 1 (custom)
2019-10-14 14:42:21,613 [Thread-545] INFO  impl.FollowerState (FollowerState.java:run(115)) - f9748ec4-5d8a-4dfc-8690-85b8cdac3f5d: FollowerState was interrupted: java.lang.InterruptedException: sleep interrupted
2019-10-14 14:42:21,613 [grpc-default-executor-9] INFO  impl.RoleInfo (RoleInfo.java:updateAndGet(143)) - f9748ec4-5d8a-4dfc-8690-85b8cdac3f5d: start FollowerState
2019-10-14 14:42:21,639 [f9748ec4-5d8a-4dfc-8690-85b8cdac3f5d@group-E0B7C1D5C8D3:LeaderElection30] INFO  impl.RaftServerImpl (ServerState.java:setRaftConf(354)) - f9748ec4-5d8a-4dfc-8690-85b8cdac3f5d@group-E0B7C1D5C8D3: set configuration 0: [07a15819-e4fc-4072-82ac-b3e77a99d12a:192.168.5.159:45599, f9748ec4-5d8a-4dfc-8690-85b8cdac3f5d:192.168.5.159:44598, caa892f0-76ff-4c1e-b30f-b7c59842badc:192.168.5.159:39406], old=null at 0
2019-10-14 14:42:21,638 [b63a5968-b034-497d-a723-e18a7363a3f1@group-E2F208E51DED:LeaderElection32] INFO  grpc.GrpcConfigKeys$Server (ConfUtils.java:logGet(43)) - raft.grpc.server.leader.outstanding.appends.max = 128 (default)
2019-10-14 14:42:21,639 [grpc-default-executor-3] INFO  impl.RaftServerImpl (RaftServerImpl.java:setRole(174)) - caa892f0-76ff-4c1e-b30f-b7c59842badc@group-026CFA11C8A1: changes role from  FOLLOWER to FOLLOWER at term 3 for recognizeCandidate:07a15819-e4fc-4072-82ac-b3e77a99d12a
2019-10-14 14:42:21,639 [b63a5968-b034-497d-a723-e18a7363a3f1@group-E2F208E51DED:LeaderElection32] INFO  server.RaftServerConfigKeys (ConfUtils.java:logGet(43)) - raft.server.rpc.request.timeout = 3000ms (default)
2019-10-14 14:42:21,639 [grpc-default-executor-3] INFO  impl.RoleInfo (RoleInfo.java:shutdownFollowerState(121)) - caa892f0-76ff-4c1e-b30f-b7c59842badc: shutdown FollowerState
2019-10-14 14:42:21,640 [b63a5968-b034-497d-a723-e18a7363a3f1@group-E2F208E51DED:LeaderElection32] INFO  server.RaftServerConfigKeys (ConfUtils.java:logGet(43)) - raft.server.log.appender.install.snapshot.enabled = false (custom)
2019-10-14 14:42:21,640 [Thread-552] INFO  impl.FollowerState (FollowerState.java:run(115)) - caa892f0-76ff-4c1e-b30f-b7c59842badc: FollowerState was interrupted: java.lang.InterruptedException: sleep interrupted
2019-10-14 14:42:21,640 [b63a5968-b034-497d-a723-e18a7363a3f1@group-E2F208E51DED:LeaderElection32] INFO  server.RaftServerConfigKeys (ConfUtils.java:logGet(43)) - raft.server.log.appender.snapshot.chunk.size.max = 16MB (=16777216) (default)
2019-10-14 14:42:21,640 [grpc-default-executor-3] INFO  impl.RoleInfo (RoleInfo.java:updateAndGet(143)) - caa892f0-76ff-4c1e-b30f-b7c59842badc: start FollowerState
2019-10-14 14:42:21,641 [b63a5968-b034-497d-a723-e18a7363a3f1@group-E2F208E51DED:LeaderElection32] INFO  server.RaftServerConfigKeys (ConfUtils.java:logGet(43)) - raft.server.log.appender.buffer.byte-limit = 33554432 (custom)
2019-10-14 14:42:21,645 [grpc-default-executor-0] INFO  impl.RaftServerImpl (ServerState.java:setLeader(253)) - 07a15819-e4fc-4072-82ac-b3e77a99d12a@group-E0B7C1D5C8D3: change Leader from null to f9748ec4-5d8a-4dfc-8690-85b8cdac3f5d at term 2 for appendEntries, leader elected after 2615ms
2019-10-14 14:42:21,645 [grpc-default-executor-8] INFO  impl.RaftServerImpl (ServerState.java:setLeader(253)) - caa892f0-76ff-4c1e-b30f-b7c59842badc@group-E0B7C1D5C8D3: change Leader from null to f9748ec4-5d8a-4dfc-8690-85b8cdac3f5d at term 2 for appendEntries, leader elected after 2616ms
2019-10-14 14:42:21,645 [b63a5968-b034-497d-a723-e18a7363a3f1@group-E2F208E51DED:LeaderElection32] INFO  server.RaftServerConfigKeys (ConfUtils.java:logGet(43)) - raft.server.log.appender.buffer.element-limit = 1 (custom)
2019-10-14 14:42:21,646 [grpc-default-executor-7] INFO  impl.RaftServerImpl (ServerState.java:setRaftConf(354)) - b63a5968-b034-497d-a723-e18a7363a3f1@group-49BAC8692D39: set configuration 0: [8ca3ec46-7319-4283-b207-b730019dde55:192.168.5.159:46312, 9a6c87f6-096e-4769-9132-289fb1aab8c2:192.168.5.159:46771, b63a5968-b034-497d-a723-e18a7363a3f1:192.168.5.159:39007], old=null at 0
2019-10-14 14:42:21,646 [b63a5968-b034-497d-a723-e18a7363a3f1@group-E2F208E51DED:LeaderElection32] INFO  grpc.GrpcConfigKeys$Server (ConfUtils.java:logGet(43)) - raft.grpc.server.leader.outstanding.appends.max = 128 (default)
2019-10-14 14:42:21,648 [grpc-default-executor-7] INFO  segmented.SegmentedRaftLogWorker (SegmentedRaftLogWorker.java:startLogSegment(380)) - b63a5968-b034-497d-a723-e18a7363a3f1@group-49BAC8692D39-SegmentedRaftLogWorker: Starting segment from index:0
2019-10-14 14:42:21,648 [grpc-default-executor-0] INFO  impl.RaftServerImpl (ServerState.java:setRaftConf(354)) - 9a6c87f6-096e-4769-9132-289fb1aab8c2@group-49BAC8692D39: set configuration 0: [8ca3ec46-7319-4283-b207-b730019dde55:192.168.5.159:46312, 9a6c87f6-096e-4769-9132-289fb1aab8c2:192.168.5.159:46771, b63a5968-b034-497d-a723-e18a7363a3f1:192.168.5.159:39007], old=null at 0
2019-10-14 14:42:21,648 [9a6c87f6-096e-4769-9132-289fb1aab8c2@group-F0A1E4AD654E-SegmentedRaftLogWorker] INFO  segmented.SegmentedRaftLogWorker (SegmentedRaftLogWorker.java:execute(569)) - 9a6c87f6-096e-4769-9132-289fb1aab8c2@group-F0A1E4AD654E-SegmentedRaftLogWorker: created new log segment /workdir/hadoop-ozone/integration-test/target/test-dir/MiniOzoneClusterImpl-669d0a42-2836-47aa-b55b-95c9a6dd1017/datanode-5/data/ratis/ce44e97b-42fd-46e9-bd50-f0a1e4ad654e/current/log_inprogress_0
2019-10-14 14:42:21,648 [f9748ec4-5d8a-4dfc-8690-85b8cdac3f5d@group-E0B7C1D5C8D3-SegmentedRaftLogWorker] INFO  segmented.SegmentedRaftLogWorker (SegmentedRaftLogWorker.java:execute(569)) - f9748ec4-5d8a-4dfc-8690-85b8cdac3f5d@group-E0B7C1D5C8D3-SegmentedRaftLogWorker: created new log segment /workdir/hadoop-ozone/integration-test/target/test-dir/MiniOzoneClusterImpl-669d0a42-2836-47aa-b55b-95c9a6dd1017/datanode-3/data/ratis/d5f59709-eaf8-40d1-9a28-e0b7c1d5c8d3/current/log_inprogress_0
2019-10-14 14:42:21,652 [grpc-default-executor-0] INFO  segmented.SegmentedRaftLogWorker (SegmentedRaftLogWorker.java:startLogSegment(380)) - 9a6c87f6-096e-4769-9132-289fb1aab8c2@group-49BAC8692D39-SegmentedRaftLogWorker: Starting segment from index:0
2019-10-14 14:42:21,651 [b63a5968-b034-497d-a723-e18a7363a3f1@group-E2F208E51DED:LeaderElection32] INFO  server.RaftServerConfigKeys (ConfUtils.java:logGet(43)) - raft.server.rpc.request.timeout = 3000ms (default)
2019-10-14 14:42:21,652 [b63a5968-b034-497d-a723-e18a7363a3f1@group-E2F208E51DED:LeaderElection32] INFO  server.RaftServerConfigKeys (ConfUtils.java:logGet(43)) - raft.server.log.appender.install.snapshot.enabled = false (custom)
2019-10-14 14:42:21,653 [b63a5968-b034-497d-a723-e18a7363a3f1@group-E2F208E51DED:LeaderElection32] INFO  impl.RoleInfo (RoleInfo.java:updateAndGet(143)) - b63a5968-b034-497d-a723-e18a7363a3f1: start LeaderState
2019-10-14 14:42:21,653 [b63a5968-b034-497d-a723-e18a7363a3f1@group-E2F208E51DED:LeaderElection32] INFO  segmented.SegmentedRaftLogWorker (SegmentedRaftLogWorker.java:startLogSegment(380)) - b63a5968-b034-497d-a723-e18a7363a3f1@group-E2F208E51DED-SegmentedRaftLogWorker: Starting segment from index:0
2019-10-14 14:42:21,654 [grpc-default-executor-0] INFO  impl.RaftServerImpl (ServerState.java:setRaftConf(354)) - caa892f0-76ff-4c1e-b30f-b7c59842badc@group-E0B7C1D5C8D3: set configuration 0: [07a15819-e4fc-4072-82ac-b3e77a99d12a:192.168.5.159:45599, f9748ec4-5d8a-4dfc-8690-85b8cdac3f5d:192.168.5.159:44598, caa892f0-76ff-4c1e-b30f-b7c59842badc:192.168.5.159:39406], old=null at 0
2019-10-14 14:42:21,654 [b63a5968-b034-497d-a723-e18a7363a3f1@group-E2F208E51DED:LeaderElection32] INFO  impl.RaftServerImpl (ServerState.java:setRaftConf(354)) - b63a5968-b034-497d-a723-e18a7363a3f1@group-E2F208E51DED: set configuration 0: [8ca3ec46-7319-4283-b207-b730019dde55:192.168.5.159:46312, 9a6c87f6-096e-4769-9132-289fb1aab8c2:192.168.5.159:46771, b63a5968-b034-497d-a723-e18a7363a3f1:192.168.5.159:39007], old=null at 0
2019-10-14 14:42:21,654 [grpc-default-executor-9] INFO  impl.RaftServerImpl (ServerState.java:setRaftConf(354)) - 07a15819-e4fc-4072-82ac-b3e77a99d12a@group-E0B7C1D5C8D3: set configuration 0: [07a15819-e4fc-4072-82ac-b3e77a99d12a:192.168.5.159:45599, f9748ec4-5d8a-4dfc-8690-85b8cdac3f5d:192.168.5.159:44598, caa892f0-76ff-4c1e-b30f-b7c59842badc:192.168.5.159:39406], old=null at 0
2019-10-14 14:42:21,654 [grpc-default-executor-0] INFO  segmented.SegmentedRaftLogWorker (SegmentedRaftLogWorker.java:startLogSegment(380)) - caa892f0-76ff-4c1e-b30f-b7c59842badc@group-E0B7C1D5C8D3-SegmentedRaftLogWorker: Starting segment from index:0
2019-10-14 14:42:21,654 [grpc-default-executor-4] INFO  impl.RaftServerImpl (ServerState.java:setLeader(253)) - b63a5968-b034-497d-a723-e18a7363a3f1@group-E2F208E51DED: change Leader from b63a5968-b034-497d-a723-e18a7363a3f1 to null at term 3 for updateCurrentTerm
2019-10-14 14:42:21,654 [grpc-default-executor-9] INFO  segmented.SegmentedRaftLogWorker (SegmentedRaftLogWorker.java:startLogSegment(380)) - 07a15819-e4fc-4072-82ac-b3e77a99d12a@group-E0B7C1D5C8D3-SegmentedRaftLogWorker: Starting segment from index:0
2019-10-14 14:42:21,655 [grpc-default-executor-4] INFO  impl.RaftServerImpl (RaftServerImpl.java:setRole(174)) - b63a5968-b034-497d-a723-e18a7363a3f1@group-E2F208E51DED: changes role from    LEADER to FOLLOWER at term 3 for recognizeCandidate:9a6c87f6-096e-4769-9132-289fb1aab8c2
2019-10-14 14:42:21,655 [grpc-default-executor-4] INFO  impl.RoleInfo (RoleInfo.java:shutdownLeaderState(104)) - b63a5968-b034-497d-a723-e18a7363a3f1: shutdown LeaderState
2019-10-14 14:42:21,682 [org.apache.ratis.server.impl.LogAppender$AppenderDaemon$$Lambda$455/1364555379@450accfd] WARN  server.GrpcLogAppender (GrpcLogAppender.java:mayWait(143)) - b63a5968-b034-497d-a723-e18a7363a3f1@group-E2F208E51DED->9a6c87f6-096e-4769-9132-289fb1aab8c2-GrpcLogAppender: Wait interrupted by java.lang.InterruptedException
2019-10-14 14:42:21,682 [grpc-default-executor-4] INFO  impl.PendingRequests (PendingRequests.java:sendNotLeaderResponses(202)) - b63a5968-b034-497d-a723-e18a7363a3f1-PendingRequests: sendNotLeaderResponses
2019-10-14 14:42:21,710 [b63a5968-b034-497d-a723-e18a7363a3f1@group-49BAC8692D39-SegmentedRaftLogWorker] INFO  segmented.SegmentedRaftLogWorker (SegmentedRaftLogWorker.java:execute(569)) - b63a5968-b034-497d-a723-e18a7363a3f1@group-49BAC8692D39-SegmentedRaftLogWorker: created new log segment /workdir/hadoop-ozone/integration-test/target/test-dir/MiniOzoneClusterImpl-669d0a42-2836-47aa-b55b-95c9a6dd1017/datanode-6/data/ratis/21aac647-5f17-49d7-b10b-49bac8692d39/current/log_inprogress_0
2019-10-14 14:42:21,710 [9a6c87f6-096e-4769-9132-289fb1aab8c2@group-49BAC8692D39-SegmentedRaftLogWorker] INFO  segmented.SegmentedRaftLogWorker (SegmentedRaftLogWorker.java:execute(569)) - 9a6c87f6-096e-4769-9132-289fb1aab8c2@group-49BAC8692D39-SegmentedRaftLogWorker: created new log segment /workdir/hadoop-ozone/integration-test/target/test-dir/MiniOzoneClusterImpl-669d0a42-2836-47aa-b55b-95c9a6dd1017/datanode-5/data/ratis/21aac647-5f17-49d7-b10b-49bac8692d39/current/log_inprogress_0
2019-10-14 14:42:21,682 [org.apache.ratis.server.impl.LogAppender$AppenderDaemon$$Lambda$455/1364555379@3ddbab0e] WARN  server.GrpcLogAppender (GrpcLogAppender.java:mayWait(143)) - b63a5968-b034-497d-a723-e18a7363a3f1@group-E2F208E51DED->8ca3ec46-7319-4283-b207-b730019dde55-GrpcLogAppender: Wait interrupted by java.lang.InterruptedException
2019-10-14 14:42:21,712 [grpc-default-executor-4] INFO  impl.RoleInfo (RoleInfo.java:updateAndGet(143)) - b63a5968-b034-497d-a723-e18a7363a3f1: start FollowerState
2019-10-14 14:42:21,712 [grpc-default-executor-3] INFO  server.GrpcServerProtocolService (GrpcServerProtocolService.java:onCompleted(113)) - 9a6c87f6-096e-4769-9132-289fb1aab8c2: Completed APPEND_ENTRIES, lastRequest: b63a5968-b034-497d-a723-e18a7363a3f1->9a6c87f6-096e-4769-9132-289fb1aab8c2#0-t2, previous=(t:0, i:0), leaderCommit=-1, initializing? false, entries: <empty>
2019-10-14 14:42:21,712 [grpc-default-executor-0] INFO  server.GrpcServerProtocolService (GrpcServerProtocolService.java:onCompleted(113)) - 8ca3ec46-7319-4283-b207-b730019dde55: Completed APPEND_ENTRIES, lastRequest: b63a5968-b034-497d-a723-e18a7363a3f1->8ca3ec46-7319-4283-b207-b730019dde55#0-t2, previous=(t:0, i:0), leaderCommit=-1, initializing? false, entries: <empty>
2019-10-14 14:42:21,716 [07a15819-e4fc-4072-82ac-b3e77a99d12a@group-E0B7C1D5C8D3-SegmentedRaftLogWorker] INFO  segmented.SegmentedRaftLogWorker (SegmentedRaftLogWorker.java:execute(569)) - 07a15819-e4fc-4072-82ac-b3e77a99d12a@group-E0B7C1D5C8D3-SegmentedRaftLogWorker: created new log segment /workdir/hadoop-ozone/integration-test/target/test-dir/MiniOzoneClusterImpl-669d0a42-2836-47aa-b55b-95c9a6dd1017/datanode-1/data/ratis/d5f59709-eaf8-40d1-9a28-e0b7c1d5c8d3/current/log_inprogress_0
2019-10-14 14:42:21,716 [b63a5968-b034-497d-a723-e18a7363a3f1@group-E2F208E51DED-SegmentedRaftLogWorker] INFO  segmented.SegmentedRaftLogWorker (SegmentedRaftLogWorker.java:execute(569)) - b63a5968-b034-497d-a723-e18a7363a3f1@group-E2F208E51DED-SegmentedRaftLogWorker: created new log segment /workdir/hadoop-ozone/integration-test/target/test-dir/MiniOzoneClusterImpl-669d0a42-2836-47aa-b55b-95c9a6dd1017/datanode-6/data/ratis/ec0b1142-b9a8-4012-a3e0-e2f208e51ded/current/log_inprogress_0
2019-10-14 14:42:21,716 [caa892f0-76ff-4c1e-b30f-b7c59842badc@group-E0B7C1D5C8D3-SegmentedRaftLogWorker] INFO  segmented.SegmentedRaftLogWorker (SegmentedRaftLogWorker.java:execute(569)) - caa892f0-76ff-4c1e-b30f-b7c59842badc@group-E0B7C1D5C8D3-SegmentedRaftLogWorker: created new log segment /workdir/hadoop-ozone/integration-test/target/test-dir/MiniOzoneClusterImpl-669d0a42-2836-47aa-b55b-95c9a6dd1017/datanode-2/data/ratis/d5f59709-eaf8-40d1-9a28-e0b7c1d5c8d3/current/log_inprogress_0
2019-10-14 14:42:21,732 [grpc-default-executor-9] INFO  server.GrpcLogAppender (GrpcLogAppender.java:onCompleted(293)) - b63a5968-b034-497d-a723-e18a7363a3f1@group-E2F208E51DED->9a6c87f6-096e-4769-9132-289fb1aab8c2-AppendLogResponseHandler: follower responses appendEntries COMPLETED
2019-10-14 14:42:21,732 [grpc-default-executor-2] INFO  server.GrpcLogAppender (GrpcLogAppender.java:onCompleted(293)) - b63a5968-b034-497d-a723-e18a7363a3f1@group-E2F208E51DED->8ca3ec46-7319-4283-b207-b730019dde55-AppendLogResponseHandler: follower responses appendEntries COMPLETED
2019-10-14 14:42:21,735 [grpc-default-executor-9] INFO  impl.FollowerInfo (FollowerInfo.java:lambda$new$0(51)) - b63a5968-b034-497d-a723-e18a7363a3f1@group-E2F208E51DED->9a6c87f6-096e-4769-9132-289fb1aab8c2: nextIndex: updateUnconditionally 0 -> 0
2019-10-14 14:42:21,736 [grpc-default-executor-4] WARN  server.GrpcLogAppender (LogUtils.java:warn(134)) - b63a5968-b034-497d-a723-e18a7363a3f1@group-E4C6DCC22999->9a6c87f6-096e-4769-9132-289fb1aab8c2-AppendLogResponseHandler: Failed appendEntries: org.apache.ratis.thirdparty.io.grpc.StatusRuntimeException: UNAVAILABLE: Channel shutdownNow invoked
2019-10-14 14:42:21,736 [grpc-default-executor-3] WARN  server.GrpcLogAppender (LogUtils.java:warn(134)) - b63a5968-b034-497d-a723-e18a7363a3f1@group-E4C6DCC22999->8ca3ec46-7319-4283-b207-b730019dde55-AppendLogResponseHandler: Failed appendEntries: org.apache.ratis.thirdparty.io.grpc.StatusRuntimeException: UNAVAILABLE: Channel shutdownNow invoked
2019-10-14 14:42:21,735 [grpc-default-executor-2] INFO  impl.FollowerInfo (FollowerInfo.java:lambda$new$0(51)) - b63a5968-b034-497d-a723-e18a7363a3f1@group-E2F208E51DED->8ca3ec46-7319-4283-b207-b730019dde55: nextIndex: updateUnconditionally 0 -> 0
2019-10-14 14:42:21,737 [grpc-default-executor-3] INFO  impl.FollowerInfo (FollowerInfo.java:lambda$new$0(51)) - b63a5968-b034-497d-a723-e18a7363a3f1@group-E4C6DCC22999->8ca3ec46-7319-4283-b207-b730019dde55: nextIndex: updateUnconditionally 1 -> 0
2019-10-14 14:42:21,737 [grpc-default-executor-4] INFO  impl.FollowerInfo (FollowerInfo.java:lambda$new$0(51)) - b63a5968-b034-497d-a723-e18a7363a3f1@group-E4C6DCC22999->9a6c87f6-096e-4769-9132-289fb1aab8c2: nextIndex: updateUnconditionally 1 -> 0
2019-10-14 14:42:21,738 [grpc-default-executor-7] WARN  server.GrpcServerProtocolService (LogUtils.java:warn(134)) - 9a6c87f6-096e-4769-9132-289fb1aab8c2: installSnapshot onError, lastRequest: b63a5968-b034-497d-a723-e18a7363a3f1->9a6c87f6-096e-4769-9132-289fb1aab8c2#3-t1, previous=(t:1, i:0), leaderCommit=0, initializing? false, entries: <empty>: org.apache.ratis.thirdparty.io.grpc.StatusRuntimeException: CANCELLED: cancelled before receiving half close
2019-10-14 14:42:21,738 [grpc-default-executor-8] WARN  server.GrpcServerProtocolService (LogUtils.java:warn(134)) - 8ca3ec46-7319-4283-b207-b730019dde55: installSnapshot onError, lastRequest: b63a5968-b034-497d-a723-e18a7363a3f1->8ca3ec46-7319-4283-b207-b730019dde55#3-t1, previous=(t:1, i:0), leaderCommit=0, initializing? false, entries: <empty>: org.apache.ratis.thirdparty.io.grpc.StatusRuntimeException: CANCELLED: cancelled before receiving half close
2019-10-14 14:42:22,158 [grpc-default-executor-7] INFO  impl.RaftServerImpl (ServerState.java:setRaftConf(354)) - 9a6c87f6-096e-4769-9132-289fb1aab8c2@group-E4C6DCC22999: set configuration 0: [8ca3ec46-7319-4283-b207-b730019dde55:192.168.5.159:46312, 9a6c87f6-096e-4769-9132-289fb1aab8c2:192.168.5.159:46771, b63a5968-b034-497d-a723-e18a7363a3f1:192.168.5.159:39007], old=null at 0
2019-10-14 14:42:22,161 [grpc-default-executor-7] INFO  impl.RaftServerImpl (ServerState.java:setRaftConf(354)) - 8ca3ec46-7319-4283-b207-b730019dde55@group-E4C6DCC22999: set configuration 0: [8ca3ec46-7319-4283-b207-b730019dde55:192.168.5.159:46312, 9a6c87f6-096e-4769-9132-289fb1aab8c2:192.168.5.159:46771, b63a5968-b034-497d-a723-e18a7363a3f1:192.168.5.159:39007], old=null at 0
2019-10-14 14:42:22,317 [Datanode State Machine Thread - 0] INFO  statemachine.DatanodeStateMachine (DatanodeStateMachine.java:lambda$startDaemon$0(350)) - Ozone container server started.
2019-10-14 14:42:22,648 [Thread-518] INFO  impl.FollowerState (FollowerState.java:run(106)) - 07a15819-e4fc-4072-82ac-b3e77a99d12a:group-026CFA11C8A1 changes to CANDIDATE, lastRpcTime:1140, electionTimeout:1137ms
2019-10-14 14:42:22,648 [Thread-503] INFO  impl.FollowerState (FollowerState.java:run(106)) - 9a6c87f6-096e-4769-9132-289fb1aab8c2:group-E2F208E51DED changes to CANDIDATE, lastRpcTime:1167, electionTimeout:1158ms
2019-10-14 14:42:22,648 [Thread-518] INFO  impl.RoleInfo (RoleInfo.java:shutdownFollowerState(121)) - 07a15819-e4fc-4072-82ac-b3e77a99d12a: shutdown FollowerState
2019-10-14 14:42:22,648 [Thread-503] INFO  impl.RoleInfo (RoleInfo.java:shutdownFollowerState(121)) - 9a6c87f6-096e-4769-9132-289fb1aab8c2: shutdown FollowerState
2019-10-14 14:42:22,648 [Thread-518] INFO  impl.RaftServerImpl (RaftServerImpl.java:setRole(174)) - 07a15819-e4fc-4072-82ac-b3e77a99d12a@group-026CFA11C8A1: changes role from  FOLLOWER to CANDIDATE at term 3 for changeToCandidate
2019-10-14 14:42:22,649 [Thread-503] INFO  impl.RaftServerImpl (RaftServerImpl.java:setRole(174)) - 9a6c87f6-096e-4769-9132-289fb1aab8c2@group-E2F208E51DED: changes role from  FOLLOWER to CANDIDATE at term 3 for changeToCandidate
2019-10-14 14:42:22,649 [Thread-503] INFO  impl.RoleInfo (RoleInfo.java:updateAndGet(143)) - 9a6c87f6-096e-4769-9132-289fb1aab8c2: start LeaderElection
2019-10-14 14:42:22,649 [Thread-518] INFO  impl.RoleInfo (RoleInfo.java:updateAndGet(143)) - 07a15819-e4fc-4072-82ac-b3e77a99d12a: start LeaderElection
2019-10-14 14:42:22,659 [Thread-559] INFO  impl.FollowerState (FollowerState.java:run(106)) - caa892f0-76ff-4c1e-b30f-b7c59842badc:group-026CFA11C8A1 changes to CANDIDATE, lastRpcTime:1018, electionTimeout:1013ms
2019-10-14 14:42:22,659 [Thread-559] INFO  impl.RoleInfo (RoleInfo.java:shutdownFollowerState(121)) - caa892f0-76ff-4c1e-b30f-b7c59842badc: shutdown FollowerState
2019-10-14 14:42:22,659 [Thread-559] INFO  impl.RaftServerImpl (RaftServerImpl.java:setRole(174)) - caa892f0-76ff-4c1e-b30f-b7c59842badc@group-026CFA11C8A1: changes role from  FOLLOWER to CANDIDATE at term 3 for changeToCandidate
2019-10-14 14:42:22,659 [Thread-559] INFO  impl.RoleInfo (RoleInfo.java:updateAndGet(143)) - caa892f0-76ff-4c1e-b30f-b7c59842badc: start LeaderElection
2019-10-14 14:42:22,673 [caa892f0-76ff-4c1e-b30f-b7c59842badc@group-026CFA11C8A1:LeaderElection39] INFO  impl.LeaderElection (LeaderElection.java:askForVotes(182)) - caa892f0-76ff-4c1e-b30f-b7c59842badc@group-026CFA11C8A1:LeaderElection39: begin an election at term 4 for -1: [07a15819-e4fc-4072-82ac-b3e77a99d12a:192.168.5.159:45599, f9748ec4-5d8a-4dfc-8690-85b8cdac3f5d:192.168.5.159:44598, caa892f0-76ff-4c1e-b30f-b7c59842badc:192.168.5.159:39406], old=null
2019-10-14 14:42:22,673 [07a15819-e4fc-4072-82ac-b3e77a99d12a@group-026CFA11C8A1:LeaderElection37] INFO  impl.LeaderElection (LeaderElection.java:askForVotes(182)) - 07a15819-e4fc-4072-82ac-b3e77a99d12a@group-026CFA11C8A1:LeaderElection37: begin an election at term 4 for -1: [07a15819-e4fc-4072-82ac-b3e77a99d12a:192.168.5.159:45599, f9748ec4-5d8a-4dfc-8690-85b8cdac3f5d:192.168.5.159:44598, caa892f0-76ff-4c1e-b30f-b7c59842badc:192.168.5.159:39406], old=null
2019-10-14 14:42:22,673 [9a6c87f6-096e-4769-9132-289fb1aab8c2@group-E2F208E51DED:LeaderElection38] INFO  impl.LeaderElection (LeaderElection.java:askForVotes(182)) - 9a6c87f6-096e-4769-9132-289fb1aab8c2@group-E2F208E51DED:LeaderElection38: begin an election at term 4 for -1: [8ca3ec46-7319-4283-b207-b730019dde55:192.168.5.159:46312, 9a6c87f6-096e-4769-9132-289fb1aab8c2:192.168.5.159:46771, b63a5968-b034-497d-a723-e18a7363a3f1:192.168.5.159:39007], old=null
2019-10-14 14:42:22,676 [grpc-default-executor-7] INFO  impl.RaftServerImpl (RaftServerImpl.java:setRole(174)) - f9748ec4-5d8a-4dfc-8690-85b8cdac3f5d@group-026CFA11C8A1: changes role from  FOLLOWER to FOLLOWER at term 4 for recognizeCandidate:caa892f0-76ff-4c1e-b30f-b7c59842badc
2019-10-14 14:42:22,676 [grpc-default-executor-7] INFO  impl.RoleInfo (RoleInfo.java:shutdownFollowerState(121)) - f9748ec4-5d8a-4dfc-8690-85b8cdac3f5d: shutdown FollowerState
2019-10-14 14:42:22,676 [grpc-default-executor-7] INFO  impl.RoleInfo (RoleInfo.java:updateAndGet(143)) - f9748ec4-5d8a-4dfc-8690-85b8cdac3f5d: start FollowerState
2019-10-14 14:42:22,676 [Thread-553] INFO  impl.FollowerState (FollowerState.java:run(115)) - f9748ec4-5d8a-4dfc-8690-85b8cdac3f5d: FollowerState was interrupted: java.lang.InterruptedException: sleep interrupted
2019-10-14 14:42:22,677 [grpc-default-executor-2] INFO  impl.RaftServerImpl (RaftServerImpl.java:setRole(174)) - b63a5968-b034-497d-a723-e18a7363a3f1@group-E2F208E51DED: changes role from  FOLLOWER to FOLLOWER at term 4 for recognizeCandidate:9a6c87f6-096e-4769-9132-289fb1aab8c2
2019-10-14 14:42:22,677 [grpc-default-executor-2] INFO  impl.RoleInfo (RoleInfo.java:shutdownFollowerState(121)) - b63a5968-b034-497d-a723-e18a7363a3f1: shutdown FollowerState
2019-10-14 14:42:22,677 [grpc-default-executor-9] INFO  impl.RaftServerImpl (RaftServerImpl.java:setRole(174)) - 8ca3ec46-7319-4283-b207-b730019dde55@group-E2F208E51DED: changes role from  FOLLOWER to FOLLOWER at term 4 for recognizeCandidate:9a6c87f6-096e-4769-9132-289fb1aab8c2
2019-10-14 14:42:22,678 [Thread-571] INFO  impl.FollowerState (FollowerState.java:run(115)) - b63a5968-b034-497d-a723-e18a7363a3f1: FollowerState was interrupted: java.lang.InterruptedException: sleep interrupted
2019-10-14 14:42:22,678 [grpc-default-executor-2] INFO  impl.RoleInfo (RoleInfo.java:updateAndGet(143)) - b63a5968-b034-497d-a723-e18a7363a3f1: start FollowerState
2019-10-14 14:42:22,678 [grpc-default-executor-9] INFO  impl.RoleInfo (RoleInfo.java:shutdownFollowerState(121)) - 8ca3ec46-7319-4283-b207-b730019dde55: shutdown FollowerState
2019-10-14 14:42:22,678 [grpc-default-executor-9] INFO  impl.RoleInfo (RoleInfo.java:updateAndGet(143)) - 8ca3ec46-7319-4283-b207-b730019dde55: start FollowerState
2019-10-14 14:42:22,679 [Thread-542] INFO  impl.FollowerState (FollowerState.java:run(115)) - 8ca3ec46-7319-4283-b207-b730019dde55: FollowerState was interrupted: java.lang.InterruptedException: sleep interrupted
2019-10-14 14:42:22,694 [caa892f0-76ff-4c1e-b30f-b7c59842badc@group-026CFA11C8A1:LeaderElection39] INFO  impl.LeaderElection (LeaderElection.java:logAndReturn(56)) - caa892f0-76ff-4c1e-b30f-b7c59842badc@group-026CFA11C8A1:LeaderElection39: Election PASSED; received 2 response(s) [caa892f0-76ff-4c1e-b30f-b7c59842badc<-07a15819-e4fc-4072-82ac-b3e77a99d12a#0:FAIL-t4, caa892f0-76ff-4c1e-b30f-b7c59842badc<-f9748ec4-5d8a-4dfc-8690-85b8cdac3f5d#0:OK-t4] and 0 exception(s); caa892f0-76ff-4c1e-b30f-b7c59842badc@group-026CFA11C8A1:t4, leader=null, voted=caa892f0-76ff-4c1e-b30f-b7c59842badc, raftlog=caa892f0-76ff-4c1e-b30f-b7c59842badc@group-026CFA11C8A1-SegmentedRaftLog:OPENED:c-1,f-1,i0, conf=-1: [07a15819-e4fc-4072-82ac-b3e77a99d12a:192.168.5.159:45599, f9748ec4-5d8a-4dfc-8690-85b8cdac3f5d:192.168.5.159:44598, caa892f0-76ff-4c1e-b30f-b7c59842badc:192.168.5.159:39406], old=null
2019-10-14 14:42:22,694 [caa892f0-76ff-4c1e-b30f-b7c59842badc@group-026CFA11C8A1:LeaderElection39] INFO  impl.RoleInfo (RoleInfo.java:shutdownLeaderElection(134)) - caa892f0-76ff-4c1e-b30f-b7c59842badc: shutdown LeaderElection
2019-10-14 14:42:22,695 [caa892f0-76ff-4c1e-b30f-b7c59842badc@group-026CFA11C8A1:LeaderElection39] INFO  impl.RaftServerImpl (RaftServerImpl.java:setRole(174)) - caa892f0-76ff-4c1e-b30f-b7c59842badc@group-026CFA11C8A1: changes role from CANDIDATE to LEADER at term 4 for changeToLeader
2019-10-14 14:42:22,695 [9a6c87f6-096e-4769-9132-289fb1aab8c2@group-E2F208E51DED:LeaderElection38] INFO  impl.LeaderElection (LeaderElection.java:logAndReturn(56)) - 9a6c87f6-096e-4769-9132-289fb1aab8c2@group-E2F208E51DED:LeaderElection38: Election PASSED; received 1 response(s) [9a6c87f6-096e-4769-9132-289fb1aab8c2<-8ca3ec46-7319-4283-b207-b730019dde55#0:OK-t4] and 0 exception(s); 9a6c87f6-096e-4769-9132-289fb1aab8c2@group-E2F208E51DED:t4, leader=null, voted=9a6c87f6-096e-4769-9132-289fb1aab8c2, raftlog=9a6c87f6-096e-4769-9132-289fb1aab8c2@group-E2F208E51DED-SegmentedRaftLog:OPENED:c-1,f-1,i0, conf=-1: [8ca3ec46-7319-4283-b207-b730019dde55:192.168.5.159:46312, 9a6c87f6-096e-4769-9132-289fb1aab8c2:192.168.5.159:46771, b63a5968-b034-497d-a723-e18a7363a3f1:192.168.5.159:39007], old=null
2019-10-14 14:42:22,695 [caa892f0-76ff-4c1e-b30f-b7c59842badc@group-026CFA11C8A1:LeaderElection39] INFO  impl.RaftServerImpl (ServerState.java:setLeader(253)) - caa892f0-76ff-4c1e-b30f-b7c59842badc@group-026CFA11C8A1: change Leader from null to caa892f0-76ff-4c1e-b30f-b7c59842badc at term 4 for becomeLeader, leader elected after 3559ms
2019-10-14 14:42:22,698 [9a6c87f6-096e-4769-9132-289fb1aab8c2@group-E2F208E51DED:LeaderElection38] INFO  impl.RoleInfo (RoleInfo.java:shutdownLeaderElection(134)) - 9a6c87f6-096e-4769-9132-289fb1aab8c2: shutdown LeaderElection
2019-10-14 14:42:22,700 [caa892f0-76ff-4c1e-b30f-b7c59842badc@group-026CFA11C8A1:LeaderElection39] INFO  server.RaftServerConfigKeys (ConfUtils.java:logGet(43)) - raft.server.staging.catchup.gap = 1000 (default)
2019-10-14 14:42:22,700 [07a15819-e4fc-4072-82ac-b3e77a99d12a@group-026CFA11C8A1:LeaderElection37] INFO  impl.LeaderElection (LeaderElection.java:logAndReturn(56)) - 07a15819-e4fc-4072-82ac-b3e77a99d12a@group-026CFA11C8A1:LeaderElection37: Election REJECTED; received 2 response(s) [07a15819-e4fc-4072-82ac-b3e77a99d12a<-f9748ec4-5d8a-4dfc-8690-85b8cdac3f5d#0:FAIL-t4, 07a15819-e4fc-4072-82ac-b3e77a99d12a<-caa892f0-76ff-4c1e-b30f-b7c59842badc#0:FAIL-t4] and 0 exception(s); 07a15819-e4fc-4072-82ac-b3e77a99d12a@group-026CFA11C8A1:t4, leader=null, voted=07a15819-e4fc-4072-82ac-b3e77a99d12a, raftlog=07a15819-e4fc-4072-82ac-b3e77a99d12a@group-026CFA11C8A1-SegmentedRaftLog:OPENED:c-1,f-1,i0, conf=-1: [07a15819-e4fc-4072-82ac-b3e77a99d12a:192.168.5.159:45599, f9748ec4-5d8a-4dfc-8690-85b8cdac3f5d:192.168.5.159:44598, caa892f0-76ff-4c1e-b30f-b7c59842badc:192.168.5.159:39406], old=null
2019-10-14 14:42:22,700 [9a6c87f6-096e-4769-9132-289fb1aab8c2@group-E2F208E51DED:LeaderElection38] INFO  impl.RaftServerImpl (RaftServerImpl.java:setRole(174)) - 9a6c87f6-096e-4769-9132-289fb1aab8c2@group-E2F208E51DED: changes role from CANDIDATE to LEADER at term 4 for changeToLeader
2019-10-14 14:42:22,700 [07a15819-e4fc-4072-82ac-b3e77a99d12a@group-026CFA11C8A1:LeaderElection37] INFO  impl.RaftServerImpl (RaftServerImpl.java:setRole(174)) - 07a15819-e4fc-4072-82ac-b3e77a99d12a@group-026CFA11C8A1: changes role from CANDIDATE to FOLLOWER at term 4 for DISCOVERED_A_NEW_TERM
2019-10-14 14:42:22,708 [07a15819-e4fc-4072-82ac-b3e77a99d12a@group-026CFA11C8A1:LeaderElection37] INFO  impl.RoleInfo (RoleInfo.java:shutdownLeaderElection(134)) - 07a15819-e4fc-4072-82ac-b3e77a99d12a: shutdown LeaderElection
2019-10-14 14:42:22,700 [caa892f0-76ff-4c1e-b30f-b7c59842badc@group-026CFA11C8A1:LeaderElection39] INFO  server.RaftServerConfigKeys (ConfUtils.java:logGet(43)) - raft.server.rpc.sleep.time = 25ms (default)
2019-10-14 14:42:22,708 [07a15819-e4fc-4072-82ac-b3e77a99d12a@group-026CFA11C8A1:LeaderElection37] INFO  impl.RoleInfo (RoleInfo.java:updateAndGet(143)) - 07a15819-e4fc-4072-82ac-b3e77a99d12a: start FollowerState
2019-10-14 14:42:22,700 [9a6c87f6-096e-4769-9132-289fb1aab8c2@group-E2F208E51DED:LeaderElection38] INFO  impl.RaftServerImpl (ServerState.java:setLeader(253)) - 9a6c87f6-096e-4769-9132-289fb1aab8c2@group-E2F208E51DED: change Leader from null to 9a6c87f6-096e-4769-9132-289fb1aab8c2 at term 4 for becomeLeader, leader elected after 3814ms
2019-10-14 14:42:22,708 [caa892f0-76ff-4c1e-b30f-b7c59842badc@group-026CFA11C8A1:LeaderElection39] INFO  server.RaftServerConfigKeys (ConfUtils.java:logGet(43)) - raft.server.write.element-limit = 4096 (default)
2019-10-14 14:42:22,708 [9a6c87f6-096e-4769-9132-289fb1aab8c2@group-E2F208E51DED:LeaderElection38] INFO  server.RaftServerConfigKeys (ConfUtils.java:logGet(43)) - raft.server.staging.catchup.gap = 1000 (default)
2019-10-14 14:42:22,708 [caa892f0-76ff-4c1e-b30f-b7c59842badc@group-026CFA11C8A1:LeaderElection39] INFO  server.RaftServerConfigKeys (ConfUtils.java:logGet(43)) - raft.server.watch.timeout = 10s (default)
2019-10-14 14:42:22,709 [9a6c87f6-096e-4769-9132-289fb1aab8c2@group-E2F208E51DED:LeaderElection38] INFO  server.RaftServerConfigKeys (ConfUtils.java:logGet(43)) - raft.server.rpc.sleep.time = 25ms (default)
2019-10-14 14:42:22,709 [caa892f0-76ff-4c1e-b30f-b7c59842badc@group-026CFA11C8A1:LeaderElection39] INFO  server.RaftServerConfigKeys (ConfUtils.java:logGet(43)) - raft.server.watch.timeout.denomination = 1s (default)
2019-10-14 14:42:22,709 [9a6c87f6-096e-4769-9132-289fb1aab8c2@group-E2F208E51DED:LeaderElection38] INFO  server.RaftServerConfigKeys (ConfUtils.java:logGet(43)) - raft.server.write.element-limit = 4096 (default)
2019-10-14 14:42:22,709 [caa892f0-76ff-4c1e-b30f-b7c59842badc@group-026CFA11C8A1:LeaderElection39] INFO  server.RaftServerConfigKeys (ConfUtils.java:logGet(43)) - raft.server.watch.element-limit = 65536 (default)
2019-10-14 14:42:22,709 [9a6c87f6-096e-4769-9132-289fb1aab8c2@group-E2F208E51DED:LeaderElection38] INFO  server.RaftServerConfigKeys (ConfUtils.java:logGet(43)) - raft.server.watch.timeout = 10s (default)
2019-10-14 14:42:22,709 [9a6c87f6-096e-4769-9132-289fb1aab8c2@group-E2F208E51DED:LeaderElection38] INFO  server.RaftServerConfigKeys (ConfUtils.java:logGet(43)) - raft.server.watch.timeout.denomination = 1s (default)
2019-10-14 14:42:22,709 [9a6c87f6-096e-4769-9132-289fb1aab8c2@group-E2F208E51DED:LeaderElection38] INFO  server.RaftServerConfigKeys (ConfUtils.java:logGet(43)) - raft.server.watch.element-limit = 65536 (default)
2019-10-14 14:42:22,712 [caa892f0-76ff-4c1e-b30f-b7c59842badc@group-026CFA11C8A1:LeaderElection39] INFO  server.RaftServerConfigKeys (ConfUtils.java:logGet(43)) - raft.server.log.appender.snapshot.chunk.size.max = 16MB (=16777216) (default)
2019-10-14 14:42:22,712 [caa892f0-76ff-4c1e-b30f-b7c59842badc@group-026CFA11C8A1:LeaderElection39] INFO  server.RaftServerConfigKeys (ConfUtils.java:logGet(43)) - raft.server.log.appender.buffer.byte-limit = 33554432 (custom)
2019-10-14 14:42:22,712 [caa892f0-76ff-4c1e-b30f-b7c59842badc@group-026CFA11C8A1:LeaderElection39] INFO  server.RaftServerConfigKeys (ConfUtils.java:logGet(43)) - raft.server.log.appender.buffer.element-limit = 1 (custom)
2019-10-14 14:42:22,712 [caa892f0-76ff-4c1e-b30f-b7c59842badc@group-026CFA11C8A1:LeaderElection39] INFO  grpc.GrpcConfigKeys$Server (ConfUtils.java:logGet(43)) - raft.grpc.server.leader.outstanding.appends.max = 128 (default)
2019-10-14 14:42:22,713 [caa892f0-76ff-4c1e-b30f-b7c59842badc@group-026CFA11C8A1:LeaderElection39] INFO  server.RaftServerConfigKeys (ConfUtils.java:logGet(43)) - raft.server.rpc.request.timeout = 3000ms (default)
2019-10-14 14:42:22,713 [caa892f0-76ff-4c1e-b30f-b7c59842badc@group-026CFA11C8A1:LeaderElection39] INFO  server.RaftServerConfigKeys (ConfUtils.java:logGet(43)) - raft.server.log.appender.install.snapshot.enabled = false (custom)
2019-10-14 14:42:22,713 [9a6c87f6-096e-4769-9132-289fb1aab8c2@group-E2F208E51DED:LeaderElection38] INFO  server.RaftServerConfigKeys (ConfUtils.java:logGet(43)) - raft.server.log.appender.snapshot.chunk.size.max = 16MB (=16777216) (default)
2019-10-14 14:42:22,713 [caa892f0-76ff-4c1e-b30f-b7c59842badc@group-026CFA11C8A1:LeaderElection39] INFO  server.RaftServerConfigKeys (ConfUtils.java:logGet(43)) - raft.server.log.appender.snapshot.chunk.size.max = 16MB (=16777216) (default)
2019-10-14 14:42:22,713 [9a6c87f6-096e-4769-9132-289fb1aab8c2@group-E2F208E51DED:LeaderElection38] INFO  server.RaftServerConfigKeys (ConfUtils.java:logGet(43)) - raft.server.log.appender.buffer.byte-limit = 33554432 (custom)
2019-10-14 14:42:22,713 [caa892f0-76ff-4c1e-b30f-b7c59842badc@group-026CFA11C8A1:LeaderElection39] INFO  server.RaftServerConfigKeys (ConfUtils.java:logGet(43)) - raft.server.log.appender.buffer.byte-limit = 33554432 (custom)
2019-10-14 14:42:22,713 [9a6c87f6-096e-4769-9132-289fb1aab8c2@group-E2F208E51DED:LeaderElection38] INFO  server.RaftServerConfigKeys (ConfUtils.java:logGet(43)) - raft.server.log.appender.buffer.element-limit = 1 (custom)
2019-10-14 14:42:22,713 [caa892f0-76ff-4c1e-b30f-b7c59842badc@group-026CFA11C8A1:LeaderElection39] INFO  server.RaftServerConfigKeys (ConfUtils.java:logGet(43)) - raft.server.log.appender.buffer.element-limit = 1 (custom)
2019-10-14 14:42:22,714 [9a6c87f6-096e-4769-9132-289fb1aab8c2@group-E2F208E51DED:LeaderElection38] INFO  grpc.GrpcConfigKeys$Server (ConfUtils.java:logGet(43)) - raft.grpc.server.leader.outstanding.appends.max = 128 (default)
2019-10-14 14:42:22,714 [caa892f0-76ff-4c1e-b30f-b7c59842badc@group-026CFA11C8A1:LeaderElection39] INFO  grpc.GrpcConfigKeys$Server (ConfUtils.java:logGet(43)) - raft.grpc.server.leader.outstanding.appends.max = 128 (default)
2019-10-14 14:42:22,714 [9a6c87f6-096e-4769-9132-289fb1aab8c2@group-E2F208E51DED:LeaderElection38] INFO  server.RaftServerConfigKeys (ConfUtils.java:logGet(43)) - raft.server.rpc.request.timeout = 3000ms (default)
2019-10-14 14:42:22,714 [caa892f0-76ff-4c1e-b30f-b7c59842badc@group-026CFA11C8A1:LeaderElection39] INFO  server.RaftServerConfigKeys (ConfUtils.java:logGet(43)) - raft.server.rpc.request.timeout = 3000ms (default)
2019-10-14 14:42:22,714 [9a6c87f6-096e-4769-9132-289fb1aab8c2@group-E2F208E51DED:LeaderElection38] INFO  server.RaftServerConfigKeys (ConfUtils.java:logGet(43)) - raft.server.log.appender.install.snapshot.enabled = false (custom)
2019-10-14 14:42:22,714 [caa892f0-76ff-4c1e-b30f-b7c59842badc@group-026CFA11C8A1:LeaderElection39] INFO  server.RaftServerConfigKeys (ConfUtils.java:logGet(43)) - raft.server.log.appender.install.snapshot.enabled = false (custom)
2019-10-14 14:42:22,715 [9a6c87f6-096e-4769-9132-289fb1aab8c2@group-E2F208E51DED:LeaderElection38] INFO  server.RaftServerConfigKeys (ConfUtils.java:logGet(43)) - raft.server.log.appender.snapshot.chunk.size.max = 16MB (=16777216) (default)
2019-10-14 14:42:22,715 [caa892f0-76ff-4c1e-b30f-b7c59842badc@group-026CFA11C8A1:LeaderElection39] INFO  impl.RoleInfo (RoleInfo.java:updateAndGet(143)) - caa892f0-76ff-4c1e-b30f-b7c59842badc: start LeaderState
2019-10-14 14:42:22,715 [9a6c87f6-096e-4769-9132-289fb1aab8c2@group-E2F208E51DED:LeaderElection38] INFO  server.RaftServerConfigKeys (ConfUtils.java:logGet(43)) - raft.server.log.appender.buffer.byte-limit = 33554432 (custom)
2019-10-14 14:42:22,715 [caa892f0-76ff-4c1e-b30f-b7c59842badc@group-026CFA11C8A1:LeaderElection39] INFO  segmented.SegmentedRaftLogWorker (SegmentedRaftLogWorker.java:startLogSegment(380)) - caa892f0-76ff-4c1e-b30f-b7c59842badc@group-026CFA11C8A1-SegmentedRaftLogWorker: Starting segment from index:0
2019-10-14 14:42:22,715 [9a6c87f6-096e-4769-9132-289fb1aab8c2@group-E2F208E51DED:LeaderElection38] INFO  server.RaftServerConfigKeys (ConfUtils.java:logGet(43)) - raft.server.log.appender.buffer.element-limit = 1 (custom)
2019-10-14 14:42:22,715 [9a6c87f6-096e-4769-9132-289fb1aab8c2@group-E2F208E51DED:LeaderElection38] INFO  grpc.GrpcConfigKeys$Server (ConfUtils.java:logGet(43)) - raft.grpc.server.leader.outstanding.appends.max = 128 (default)
2019-10-14 14:42:22,715 [9a6c87f6-096e-4769-9132-289fb1aab8c2@group-E2F208E51DED:LeaderElection38] INFO  server.RaftServerConfigKeys (ConfUtils.java:logGet(43)) - raft.server.rpc.request.timeout = 3000ms (default)
2019-10-14 14:42:22,716 [caa892f0-76ff-4c1e-b30f-b7c59842badc@group-026CFA11C8A1:LeaderElection39] INFO  impl.RaftServerImpl (ServerState.java:setRaftConf(354)) - caa892f0-76ff-4c1e-b30f-b7c59842badc@group-026CFA11C8A1: set configuration 0: [07a15819-e4fc-4072-82ac-b3e77a99d12a:192.168.5.159:45599, f9748ec4-5d8a-4dfc-8690-85b8cdac3f5d:192.168.5.159:44598, caa892f0-76ff-4c1e-b30f-b7c59842badc:192.168.5.159:39406], old=null at 0
2019-10-14 14:42:22,716 [9a6c87f6-096e-4769-9132-289fb1aab8c2@group-E2F208E51DED:LeaderElection38] INFO  server.RaftServerConfigKeys (ConfUtils.java:logGet(43)) - raft.server.log.appender.install.snapshot.enabled = false (custom)
2019-10-14 14:42:22,745 [9a6c87f6-096e-4769-9132-289fb1aab8c2@group-E2F208E51DED:LeaderElection38] INFO  impl.RoleInfo (RoleInfo.java:updateAndGet(143)) - 9a6c87f6-096e-4769-9132-289fb1aab8c2: start LeaderState
2019-10-14 14:42:22,746 [9a6c87f6-096e-4769-9132-289fb1aab8c2@group-E2F208E51DED:LeaderElection38] INFO  segmented.SegmentedRaftLogWorker (SegmentedRaftLogWorker.java:startLogSegment(380)) - 9a6c87f6-096e-4769-9132-289fb1aab8c2@group-E2F208E51DED-SegmentedRaftLogWorker: Starting segment from index:0
2019-10-14 14:42:22,746 [9a6c87f6-096e-4769-9132-289fb1aab8c2@group-E2F208E51DED:LeaderElection38] INFO  impl.RaftServerImpl (ServerState.java:setRaftConf(354)) - 9a6c87f6-096e-4769-9132-289fb1aab8c2@group-E2F208E51DED: set configuration 0: [8ca3ec46-7319-4283-b207-b730019dde55:192.168.5.159:46312, 9a6c87f6-096e-4769-9132-289fb1aab8c2:192.168.5.159:46771, b63a5968-b034-497d-a723-e18a7363a3f1:192.168.5.159:39007], old=null at 0
2019-10-14 14:42:22,747 [grpc-default-executor-3] INFO  impl.RaftServerImpl (ServerState.java:setLeader(253)) - 07a15819-e4fc-4072-82ac-b3e77a99d12a@group-026CFA11C8A1: change Leader from null to caa892f0-76ff-4c1e-b30f-b7c59842badc at term 4 for appendEntries, leader elected after 3612ms
2019-10-14 14:42:22,748 [grpc-default-executor-9] INFO  impl.RaftServerImpl (ServerState.java:setLeader(253)) - f9748ec4-5d8a-4dfc-8690-85b8cdac3f5d@group-026CFA11C8A1: change Leader from null to caa892f0-76ff-4c1e-b30f-b7c59842badc at term 4 for appendEntries, leader elected after 3612ms
2019-10-14 14:42:22,748 [grpc-default-executor-8] INFO  impl.RaftServerImpl (ServerState.java:setLeader(253)) - 8ca3ec46-7319-4283-b207-b730019dde55@group-E2F208E51DED: change Leader from null to 9a6c87f6-096e-4769-9132-289fb1aab8c2 at term 4 for appendEntries, leader elected after 3864ms
2019-10-14 14:42:22,750 [grpc-default-executor-3] INFO  impl.RaftServerImpl (ServerState.java:setRaftConf(354)) - 07a15819-e4fc-4072-82ac-b3e77a99d12a@group-026CFA11C8A1: set configuration 0: [07a15819-e4fc-4072-82ac-b3e77a99d12a:192.168.5.159:45599, f9748ec4-5d8a-4dfc-8690-85b8cdac3f5d:192.168.5.159:44598, caa892f0-76ff-4c1e-b30f-b7c59842badc:192.168.5.159:39406], old=null at 0
2019-10-14 14:42:22,750 [grpc-default-executor-8] INFO  impl.RaftServerImpl (ServerState.java:setLeader(253)) - b63a5968-b034-497d-a723-e18a7363a3f1@group-E2F208E51DED: change Leader from null to 9a6c87f6-096e-4769-9132-289fb1aab8c2 at term 4 for appendEntries, leader elected after 1096ms
2019-10-14 14:42:22,751 [grpc-default-executor-3] INFO  segmented.SegmentedRaftLogWorker (SegmentedRaftLogWorker.java:startLogSegment(380)) - 07a15819-e4fc-4072-82ac-b3e77a99d12a@group-026CFA11C8A1-SegmentedRaftLogWorker: Starting segment from index:0
2019-10-14 14:42:22,751 [grpc-default-executor-8] INFO  impl.RaftServerImpl (ServerState.java:setRaftConf(354)) - 8ca3ec46-7319-4283-b207-b730019dde55@group-E2F208E51DED: set configuration 0: [8ca3ec46-7319-4283-b207-b730019dde55:192.168.5.159:46312, 9a6c87f6-096e-4769-9132-289fb1aab8c2:192.168.5.159:46771, b63a5968-b034-497d-a723-e18a7363a3f1:192.168.5.159:39007], old=null at 0
2019-10-14 14:42:22,752 [grpc-default-executor-3] INFO  impl.RaftServerImpl (ServerState.java:setRaftConf(354)) - f9748ec4-5d8a-4dfc-8690-85b8cdac3f5d@group-026CFA11C8A1: set configuration 0: [07a15819-e4fc-4072-82ac-b3e77a99d12a:192.168.5.159:45599, f9748ec4-5d8a-4dfc-8690-85b8cdac3f5d:192.168.5.159:44598, caa892f0-76ff-4c1e-b30f-b7c59842badc:192.168.5.159:39406], old=null at 0
2019-10-14 14:42:22,752 [grpc-default-executor-8] INFO  segmented.SegmentedRaftLogWorker (SegmentedRaftLogWorker.java:startLogSegment(380)) - 8ca3ec46-7319-4283-b207-b730019dde55@group-E2F208E51DED-SegmentedRaftLogWorker: Starting segment from index:0
2019-10-14 14:42:22,752 [grpc-default-executor-3] INFO  segmented.SegmentedRaftLogWorker (SegmentedRaftLogWorker.java:startLogSegment(380)) - f9748ec4-5d8a-4dfc-8690-85b8cdac3f5d@group-026CFA11C8A1-SegmentedRaftLogWorker: Starting segment from index:0
2019-10-14 14:42:22,753 [grpc-default-executor-3] INFO  impl.RaftServerImpl (ServerState.java:setRaftConf(354)) - b63a5968-b034-497d-a723-e18a7363a3f1@group-E2F208E51DED: set configuration 0: [8ca3ec46-7319-4283-b207-b730019dde55:192.168.5.159:46312, 9a6c87f6-096e-4769-9132-289fb1aab8c2:192.168.5.159:46771, b63a5968-b034-497d-a723-e18a7363a3f1:192.168.5.159:39007], old=null at 0
2019-10-14 14:42:22,756 [grpc-default-executor-3] INFO  segmented.SegmentedRaftLogWorker (SegmentedRaftLogWorker.java:truncate(396)) - b63a5968-b034-497d-a723-e18a7363a3f1@group-E2F208E51DED-SegmentedRaftLogWorker: Truncating segments toTruncate: null
  toDelete: [(0, 0) isOpen? true, length=0, newEndIndex=-1], start index 0
2019-10-14 14:42:22,756 [grpc-default-executor-3] INFO  segmented.SegmentedRaftLogWorker (SegmentedRaftLogWorker.java:startLogSegment(380)) - b63a5968-b034-497d-a723-e18a7363a3f1@group-E2F208E51DED-SegmentedRaftLogWorker: Starting segment from index:0
2019-10-14 14:42:22,758 [caa892f0-76ff-4c1e-b30f-b7c59842badc@group-026CFA11C8A1-SegmentedRaftLogWorker] INFO  segmented.SegmentedRaftLogWorker (SegmentedRaftLogWorker.java:execute(569)) - caa892f0-76ff-4c1e-b30f-b7c59842badc@group-026CFA11C8A1-SegmentedRaftLogWorker: created new log segment /workdir/hadoop-ozone/integration-test/target/test-dir/MiniOzoneClusterImpl-669d0a42-2836-47aa-b55b-95c9a6dd1017/datanode-2/data/ratis/206cc71b-1139-4967-bb05-026cfa11c8a1/current/log_inprogress_0
2019-10-14 14:42:22,758 [b63a5968-b034-497d-a723-e18a7363a3f1@group-E2F208E51DED-SegmentedRaftLogWorker] INFO  segmented.SegmentedRaftLogWorker (SegmentedRaftLogWorker.java:execute(633)) - b63a5968-b034-497d-a723-e18a7363a3f1@group-E2F208E51DED-SegmentedRaftLogWorker: Deleted log file /workdir/hadoop-ozone/integration-test/target/test-dir/MiniOzoneClusterImpl-669d0a42-2836-47aa-b55b-95c9a6dd1017/datanode-6/data/ratis/ec0b1142-b9a8-4012-a3e0-e2f208e51ded/current/log_inprogress_0
2019-10-14 14:42:22,759 [b63a5968-b034-497d-a723-e18a7363a3f1@group-E2F208E51DED-SegmentedRaftLogWorker] INFO  segmented.SegmentedRaftLogWorker (SegmentedRaftLogWorker.java:lambda$new$0(132)) - b63a5968-b034-497d-a723-e18a7363a3f1@group-E2F208E51DED-SegmentedRaftLogWorker: flushIndex: setUnconditionally 0 -> -1
2019-10-14 14:42:22,786 [07a15819-e4fc-4072-82ac-b3e77a99d12a@group-026CFA11C8A1-SegmentedRaftLogWorker] INFO  segmented.SegmentedRaftLogWorker (SegmentedRaftLogWorker.java:execute(569)) - 07a15819-e4fc-4072-82ac-b3e77a99d12a@group-026CFA11C8A1-SegmentedRaftLogWorker: created new log segment /workdir/hadoop-ozone/integration-test/target/test-dir/MiniOzoneClusterImpl-669d0a42-2836-47aa-b55b-95c9a6dd1017/datanode-1/data/ratis/206cc71b-1139-4967-bb05-026cfa11c8a1/current/log_inprogress_0
2019-10-14 14:42:22,786 [8ca3ec46-7319-4283-b207-b730019dde55@group-E2F208E51DED-SegmentedRaftLogWorker] INFO  segmented.SegmentedRaftLogWorker (SegmentedRaftLogWorker.java:execute(569)) - 8ca3ec46-7319-4283-b207-b730019dde55@group-E2F208E51DED-SegmentedRaftLogWorker: created new log segment /workdir/hadoop-ozone/integration-test/target/test-dir/MiniOzoneClusterImpl-669d0a42-2836-47aa-b55b-95c9a6dd1017/datanode-0/data/ratis/ec0b1142-b9a8-4012-a3e0-e2f208e51ded/current/log_inprogress_0
2019-10-14 14:42:22,786 [9a6c87f6-096e-4769-9132-289fb1aab8c2@group-E2F208E51DED-SegmentedRaftLogWorker] INFO  segmented.SegmentedRaftLogWorker (SegmentedRaftLogWorker.java:execute(569)) - 9a6c87f6-096e-4769-9132-289fb1aab8c2@group-E2F208E51DED-SegmentedRaftLogWorker: created new log segment /workdir/hadoop-ozone/integration-test/target/test-dir/MiniOzoneClusterImpl-669d0a42-2836-47aa-b55b-95c9a6dd1017/datanode-5/data/ratis/ec0b1142-b9a8-4012-a3e0-e2f208e51ded/current/log_inprogress_0
2019-10-14 14:42:22,799 [f9748ec4-5d8a-4dfc-8690-85b8cdac3f5d@group-026CFA11C8A1-SegmentedRaftLogWorker] INFO  segmented.SegmentedRaftLogWorker (SegmentedRaftLogWorker.java:execute(569)) - f9748ec4-5d8a-4dfc-8690-85b8cdac3f5d@group-026CFA11C8A1-SegmentedRaftLogWorker: created new log segment /workdir/hadoop-ozone/integration-test/target/test-dir/MiniOzoneClusterImpl-669d0a42-2836-47aa-b55b-95c9a6dd1017/datanode-3/data/ratis/206cc71b-1139-4967-bb05-026cfa11c8a1/current/log_inprogress_0
2019-10-14 14:42:22,799 [b63a5968-b034-497d-a723-e18a7363a3f1@group-E2F208E51DED-SegmentedRaftLogWorker] INFO  segmented.SegmentedRaftLogWorker (SegmentedRaftLogWorker.java:execute(569)) - b63a5968-b034-497d-a723-e18a7363a3f1@group-E2F208E51DED-SegmentedRaftLogWorker: created new log segment /workdir/hadoop-ozone/integration-test/target/test-dir/MiniOzoneClusterImpl-669d0a42-2836-47aa-b55b-95c9a6dd1017/datanode-6/data/ratis/ec0b1142-b9a8-4012-a3e0-e2f208e51ded/current/log_inprogress_0
2019-10-14 14:42:26,793 [main] INFO  ozoneimpl.OzoneContainer (OzoneContainer.java:stop(231)) - Attempting to stop container services.
2019-10-14 14:42:26,794 [main] INFO  impl.RaftServerProxy (RaftServerProxy.java:lambda$close$4(314)) - 07a15819-e4fc-4072-82ac-b3e77a99d12a: close
2019-10-14 14:42:26,795 [main] INFO  impl.RaftServerImpl (RaftServerImpl.java:lambda$shutdown$3(251)) - 07a15819-e4fc-4072-82ac-b3e77a99d12a@group-382452901537: shutdown
2019-10-14 14:42:26,796 [ForkJoinPool.commonPool-worker-1] INFO  impl.RaftServerImpl (RaftServerImpl.java:lambda$shutdown$3(251)) - 07a15819-e4fc-4072-82ac-b3e77a99d12a@group-EA752D978E74: shutdown
2019-10-14 14:42:26,796 [main] INFO  util.JmxRegister (JmxRegister.java:unregister(73)) - Successfully un-registered JMX Bean with object name Ratis:service=RaftServer,group=group-382452901537,id=07a15819-e4fc-4072-82ac-b3e77a99d12a
2019-10-14 14:42:26,796 [ForkJoinPool.commonPool-worker-1] INFO  util.JmxRegister (JmxRegister.java:unregister(73)) - Successfully un-registered JMX Bean with object name Ratis:service=RaftServer,group=group-EA752D978E74,id=07a15819-e4fc-4072-82ac-b3e77a99d12a
2019-10-14 14:42:26,796 [main] INFO  impl.RoleInfo (RoleInfo.java:shutdownFollowerState(121)) - 07a15819-e4fc-4072-82ac-b3e77a99d12a: shutdown FollowerState
2019-10-14 14:42:26,796 [ForkJoinPool.commonPool-worker-1] INFO  impl.RoleInfo (RoleInfo.java:shutdownFollowerState(121)) - 07a15819-e4fc-4072-82ac-b3e77a99d12a: shutdown FollowerState
2019-10-14 14:42:26,797 [Thread-434] INFO  impl.FollowerState (FollowerState.java:run(115)) - 07a15819-e4fc-4072-82ac-b3e77a99d12a: FollowerState was interrupted: java.lang.InterruptedException: sleep interrupted
2019-10-14 14:42:26,797 [main] INFO  impl.StateMachineUpdater (StateMachineUpdater.java:stopAndJoin(125)) - 07a15819-e4fc-4072-82ac-b3e77a99d12a@group-382452901537-StateMachineUpdater: set stopIndex = 0
2019-10-14 14:42:26,801 [main] INFO  impl.RaftServerImpl (ServerState.java:close(385)) - 07a15819-e4fc-4072-82ac-b3e77a99d12a@group-382452901537: closes. applyIndex: 0
2019-10-14 14:42:26,801 [07a15819-e4fc-4072-82ac-b3e77a99d12a@group-EA752D978E74-StateMachineUpdater] INFO  ratis.ContainerStateMachine (ContainerStateMachine.java:takeSnapshot(289)) - group-EA752D978E74: Taking a snapshot at:(t:1, i:14) file /workdir/hadoop-ozone/integration-test/target/test-dir/MiniOzoneClusterImpl-669d0a42-2836-47aa-b55b-95c9a6dd1017/datanode-1/data/ratis/b3ee6bb5-4f08-43b7-8ba8-ea752d978e74/sm/snapshot.1_14
2019-10-14 14:42:26,801 [Thread-435] INFO  impl.FollowerState (FollowerState.java:run(115)) - 07a15819-e4fc-4072-82ac-b3e77a99d12a: FollowerState was interrupted: java.lang.InterruptedException: sleep interrupted
2019-10-14 14:42:26,797 [ForkJoinPool.commonPool-worker-1] INFO  impl.StateMachineUpdater (StateMachineUpdater.java:stopAndJoin(125)) - 07a15819-e4fc-4072-82ac-b3e77a99d12a@group-EA752D978E74-StateMachineUpdater: set stopIndex = 16
2019-10-14 14:42:26,802 [07a15819-e4fc-4072-82ac-b3e77a99d12a@group-382452901537-SegmentedRaftLogWorker] INFO  segmented.SegmentedRaftLogWorker (SegmentedRaftLogWorker.java:run(313)) - 07a15819-e4fc-4072-82ac-b3e77a99d12a@group-382452901537-SegmentedRaftLogWorker was interrupted, exiting. There are 0 tasks remaining in the queue.
2019-10-14 14:42:26,806 [main] INFO  segmented.SegmentedRaftLogWorker (SegmentedRaftLogWorker.java:close(228)) - 07a15819-e4fc-4072-82ac-b3e77a99d12a@group-382452901537-SegmentedRaftLogWorker close()
2019-10-14 14:42:26,811 [main] INFO  impl.RaftServerImpl (RaftServerImpl.java:lambda$shutdown$3(251)) - 07a15819-e4fc-4072-82ac-b3e77a99d12a@group-026CFA11C8A1: shutdown
2019-10-14 14:42:26,811 [main] INFO  util.JmxRegister (JmxRegister.java:unregister(73)) - Successfully un-registered JMX Bean with object name Ratis:service=RaftServer,group=group-026CFA11C8A1,id=07a15819-e4fc-4072-82ac-b3e77a99d12a
2019-10-14 14:42:26,811 [main] INFO  impl.RoleInfo (RoleInfo.java:shutdownFollowerState(121)) - 07a15819-e4fc-4072-82ac-b3e77a99d12a: shutdown FollowerState
2019-10-14 14:42:26,812 [main] INFO  impl.StateMachineUpdater (StateMachineUpdater.java:stopAndJoin(125)) - 07a15819-e4fc-4072-82ac-b3e77a99d12a@group-026CFA11C8A1-StateMachineUpdater: set stopIndex = 0
2019-10-14 14:42:26,812 [Thread-624] INFO  impl.FollowerState (FollowerState.java:run(115)) - 07a15819-e4fc-4072-82ac-b3e77a99d12a: FollowerState was interrupted: java.lang.InterruptedException: sleep interrupted
2019-10-14 14:42:26,812 [main] INFO  impl.RaftServerImpl (ServerState.java:close(385)) - 07a15819-e4fc-4072-82ac-b3e77a99d12a@group-026CFA11C8A1: closes. applyIndex: 0
2019-10-14 14:42:26,813 [07a15819-e4fc-4072-82ac-b3e77a99d12a@group-026CFA11C8A1-SegmentedRaftLogWorker] INFO  segmented.SegmentedRaftLogWorker (SegmentedRaftLogWorker.java:run(313)) - 07a15819-e4fc-4072-82ac-b3e77a99d12a@group-026CFA11C8A1-SegmentedRaftLogWorker was interrupted, exiting. There are 0 tasks remaining in the queue.
2019-10-14 14:42:26,815 [main] INFO  segmented.SegmentedRaftLogWorker (SegmentedRaftLogWorker.java:close(228)) - 07a15819-e4fc-4072-82ac-b3e77a99d12a@group-026CFA11C8A1-SegmentedRaftLogWorker close()
2019-10-14 14:42:26,820 [main] INFO  impl.RaftServerImpl (RaftServerImpl.java:lambda$shutdown$3(251)) - 07a15819-e4fc-4072-82ac-b3e77a99d12a@group-E0B7C1D5C8D3: shutdown
2019-10-14 14:42:26,820 [main] INFO  util.JmxRegister (JmxRegister.java:unregister(73)) - Successfully un-registered JMX Bean with object name Ratis:service=RaftServer,group=group-E0B7C1D5C8D3,id=07a15819-e4fc-4072-82ac-b3e77a99d12a
2019-10-14 14:42:26,820 [main] INFO  impl.RoleInfo (RoleInfo.java:shutdownFollowerState(121)) - 07a15819-e4fc-4072-82ac-b3e77a99d12a: shutdown FollowerState
2019-10-14 14:42:26,821 [main] INFO  impl.StateMachineUpdater (StateMachineUpdater.java:stopAndJoin(125)) - 07a15819-e4fc-4072-82ac-b3e77a99d12a@group-E0B7C1D5C8D3-StateMachineUpdater: set stopIndex = 0
2019-10-14 14:42:26,821 [Thread-495] INFO  impl.FollowerState (FollowerState.java:run(115)) - 07a15819-e4fc-4072-82ac-b3e77a99d12a: FollowerState was interrupted: java.lang.InterruptedException: sleep interrupted
2019-10-14 14:42:26,821 [main] INFO  impl.RaftServerImpl (ServerState.java:close(385)) - 07a15819-e4fc-4072-82ac-b3e77a99d12a@group-E0B7C1D5C8D3: closes. applyIndex: 0
2019-10-14 14:42:26,822 [07a15819-e4fc-4072-82ac-b3e77a99d12a@group-E0B7C1D5C8D3-SegmentedRaftLogWorker] INFO  segmented.SegmentedRaftLogWorker (SegmentedRaftLogWorker.java:run(313)) - 07a15819-e4fc-4072-82ac-b3e77a99d12a@group-E0B7C1D5C8D3-SegmentedRaftLogWorker was interrupted, exiting. There are 0 tasks remaining in the queue.
2019-10-14 14:42:26,824 [main] INFO  segmented.SegmentedRaftLogWorker (SegmentedRaftLogWorker.java:close(228)) - 07a15819-e4fc-4072-82ac-b3e77a99d12a@group-E0B7C1D5C8D3-SegmentedRaftLogWorker close()
2019-10-14 14:42:26,856 [07a15819-e4fc-4072-82ac-b3e77a99d12a@group-EA752D978E74-StateMachineUpdater] INFO  ratis.ContainerStateMachine (ContainerStateMachine.java:takeSnapshot(300)) - group-EA752D978E74: Finished taking a snapshot at:(t:1, i:14) file:/workdir/hadoop-ozone/integration-test/target/test-dir/MiniOzoneClusterImpl-669d0a42-2836-47aa-b55b-95c9a6dd1017/datanode-1/data/ratis/b3ee6bb5-4f08-43b7-8ba8-ea752d978e74/sm/snapshot.1_14 time:55
2019-10-14 14:42:26,858 [07a15819-e4fc-4072-82ac-b3e77a99d12a@group-EA752D978E74-StateMachineUpdater] INFO  impl.StateMachineUpdater (StateMachineUpdater.java:takeSnapshot(258)) - 07a15819-e4fc-4072-82ac-b3e77a99d12a@group-EA752D978E74-StateMachineUpdater: Took a snapshot at index 14
2019-10-14 14:42:26,859 [07a15819-e4fc-4072-82ac-b3e77a99d12a@group-EA752D978E74-StateMachineUpdater] INFO  impl.StateMachineUpdater (StateMachineUpdater.java:lambda$new$0(83)) - 07a15819-e4fc-4072-82ac-b3e77a99d12a@group-EA752D978E74-StateMachineUpdater: snapshotIndex: updateIncreasingly -1 -> 14
2019-10-14 14:42:26,864 [07a15819-e4fc-4072-82ac-b3e77a99d12a@group-EA752D978E74-StateMachineUpdater] INFO  ratis.ContainerStateMachine (ContainerStateMachine.java:takeSnapshot(289)) - group-EA752D978E74: Taking a snapshot at:(t:1, i:14) file /workdir/hadoop-ozone/integration-test/target/test-dir/MiniOzoneClusterImpl-669d0a42-2836-47aa-b55b-95c9a6dd1017/datanode-1/data/ratis/b3ee6bb5-4f08-43b7-8ba8-ea752d978e74/sm/snapshot.1_14
2019-10-14 14:42:26,877 [07a15819-e4fc-4072-82ac-b3e77a99d12a@group-EA752D978E74-StateMachineUpdater] INFO  ratis.ContainerStateMachine (ContainerStateMachine.java:takeSnapshot(300)) - group-EA752D978E74: Finished taking a snapshot at:(t:1, i:14) file:/workdir/hadoop-ozone/integration-test/target/test-dir/MiniOzoneClusterImpl-669d0a42-2836-47aa-b55b-95c9a6dd1017/datanode-1/data/ratis/b3ee6bb5-4f08-43b7-8ba8-ea752d978e74/sm/snapshot.1_14 time:13
2019-10-14 14:42:26,877 [07a15819-e4fc-4072-82ac-b3e77a99d12a@group-EA752D978E74-StateMachineUpdater] INFO  impl.StateMachineUpdater (StateMachineUpdater.java:takeSnapshot(258)) - 07a15819-e4fc-4072-82ac-b3e77a99d12a@group-EA752D978E74-StateMachineUpdater: Took a snapshot at index 14
2019-10-14 14:42:26,877 [07a15819-e4fc-4072-82ac-b3e77a99d12a@group-EA752D978E74-StateMachineUpdater] INFO  impl.StateMachineUpdater (StateMachineUpdater.java:lambda$new$0(83)) - 07a15819-e4fc-4072-82ac-b3e77a99d12a@group-EA752D978E74-StateMachineUpdater: snapshotIndex: updateIncreasingly 14 -> 14
2019-10-14 14:42:26,878 [ForkJoinPool.commonPool-worker-1] INFO  impl.RaftServerImpl (ServerState.java:close(385)) - 07a15819-e4fc-4072-82ac-b3e77a99d12a@group-EA752D978E74: closes. applyIndex: 16
2019-10-14 14:42:26,878 [07a15819-e4fc-4072-82ac-b3e77a99d12a@group-EA752D978E74-SegmentedRaftLogWorker] INFO  segmented.SegmentedRaftLogWorker (SegmentedRaftLogWorker.java:run(313)) - 07a15819-e4fc-4072-82ac-b3e77a99d12a@group-EA752D978E74-SegmentedRaftLogWorker was interrupted, exiting. There are 0 tasks remaining in the queue.
2019-10-14 14:42:26,882 [ForkJoinPool.commonPool-worker-1] INFO  segmented.SegmentedRaftLogWorker (SegmentedRaftLogWorker.java:close(228)) - 07a15819-e4fc-4072-82ac-b3e77a99d12a@group-EA752D978E74-SegmentedRaftLogWorker close()
2019-10-14 14:42:26,886 [ForkJoinPool.commonPool-worker-1] INFO  impl.RaftServerImpl (RaftServerImpl.java:lambda$shutdown$3(251)) - 07a15819-e4fc-4072-82ac-b3e77a99d12a@group-942654BE9B20: shutdown
2019-10-14 14:42:26,886 [ForkJoinPool.commonPool-worker-1] INFO  util.JmxRegister (JmxRegister.java:unregister(73)) - Successfully un-registered JMX Bean with object name Ratis:service=RaftServer,group=group-942654BE9B20,id=07a15819-e4fc-4072-82ac-b3e77a99d12a
2019-10-14 14:42:26,886 [ForkJoinPool.commonPool-worker-1] INFO  impl.RoleInfo (RoleInfo.java:shutdownLeaderState(104)) - 07a15819-e4fc-4072-82ac-b3e77a99d12a: shutdown LeaderState
2019-10-14 14:42:26,886 [ForkJoinPool.commonPool-worker-1] INFO  impl.PendingRequests (PendingRequests.java:sendNotLeaderResponses(202)) - 07a15819-e4fc-4072-82ac-b3e77a99d12a-PendingRequests: sendNotLeaderResponses
2019-10-14 14:42:26,888 [ForkJoinPool.commonPool-worker-1] INFO  impl.StateMachineUpdater (StateMachineUpdater.java:stopAndJoin(125)) - 07a15819-e4fc-4072-82ac-b3e77a99d12a@group-942654BE9B20-StateMachineUpdater: set stopIndex = 0
2019-10-14 14:42:26,889 [ForkJoinPool.commonPool-worker-1] INFO  impl.RaftServerImpl (ServerState.java:close(385)) - 07a15819-e4fc-4072-82ac-b3e77a99d12a@group-942654BE9B20: closes. applyIndex: 0
2019-10-14 14:42:26,889 [07a15819-e4fc-4072-82ac-b3e77a99d12a@group-942654BE9B20-SegmentedRaftLogWorker] INFO  segmented.SegmentedRaftLogWorker (SegmentedRaftLogWorker.java:run(313)) - 07a15819-e4fc-4072-82ac-b3e77a99d12a@group-942654BE9B20-SegmentedRaftLogWorker was interrupted, exiting. There are 0 tasks remaining in the queue.
2019-10-14 14:42:26,891 [ForkJoinPool.commonPool-worker-1] INFO  segmented.SegmentedRaftLogWorker (SegmentedRaftLogWorker.java:close(228)) - 07a15819-e4fc-4072-82ac-b3e77a99d12a@group-942654BE9B20-SegmentedRaftLogWorker close()
2019-10-14 14:42:26,894 [main] INFO  server.GrpcService (GrpcService.java:closeImpl(164)) - 07a15819-e4fc-4072-82ac-b3e77a99d12a: shutdown server with port 45599 now
2019-10-14 14:42:26,902 [grpc-default-executor-7] WARN  server.GrpcServerProtocolService (LogUtils.java:warn(134)) - 07a15819-e4fc-4072-82ac-b3e77a99d12a: installSnapshot onError, lastRequest: f9748ec4-5d8a-4dfc-8690-85b8cdac3f5d->07a15819-e4fc-4072-82ac-b3e77a99d12a#28-t1, previous=(t:1, i:16), leaderCommit=16, initializing? false, entries: <empty>: org.apache.ratis.thirdparty.io.grpc.StatusRuntimeException: CANCELLED: cancelled before receiving half close
2019-10-14 14:42:26,902 [grpc-default-executor-8] WARN  server.GrpcServerProtocolService (LogUtils.java:warn(134)) - 07a15819-e4fc-4072-82ac-b3e77a99d12a: installSnapshot onError, lastRequest: caa892f0-76ff-4c1e-b30f-b7c59842badc->07a15819-e4fc-4072-82ac-b3e77a99d12a#13-t1, previous=(t:1, i:0), leaderCommit=0, initializing? false, entries: <empty>: org.apache.ratis.thirdparty.io.grpc.StatusRuntimeException: CANCELLED: cancelled before receiving half close
2019-10-14 14:42:26,902 [grpc-default-executor-2] WARN  server.GrpcServerProtocolService (LogUtils.java:warn(134)) - 07a15819-e4fc-4072-82ac-b3e77a99d12a: installSnapshot onError, lastRequest: caa892f0-76ff-4c1e-b30f-b7c59842badc->07a15819-e4fc-4072-82ac-b3e77a99d12a#9-t4, previous=(t:4, i:0), leaderCommit=0, initializing? false, entries: <empty>: org.apache.ratis.thirdparty.io.grpc.StatusRuntimeException: CANCELLED: cancelled before receiving half close
2019-10-14 14:42:26,902 [grpc-default-executor-9] WARN  server.GrpcServerProtocolService (LogUtils.java:warn(134)) - 07a15819-e4fc-4072-82ac-b3e77a99d12a: installSnapshot onError, lastRequest: f9748ec4-5d8a-4dfc-8690-85b8cdac3f5d->07a15819-e4fc-4072-82ac-b3e77a99d12a#11-t2, previous=(t:2, i:0), leaderCommit=0, initializing? false, entries: <empty>: org.apache.ratis.thirdparty.io.grpc.StatusRuntimeException: CANCELLED: cancelled before receiving half close
2019-10-14 14:42:26,902 [main] INFO  server.GrpcService (GrpcService.java:closeImpl(172)) - 07a15819-e4fc-4072-82ac-b3e77a99d12a: shutdown server with port 45599 successfully
2019-10-14 14:42:26,903 [grpc-default-executor-4] WARN  server.GrpcLogAppender (LogUtils.java:warn(134)) - caa892f0-76ff-4c1e-b30f-b7c59842badc@group-382452901537->07a15819-e4fc-4072-82ac-b3e77a99d12a-AppendLogResponseHandler: Failed appendEntries: org.apache.ratis.thirdparty.io.grpc.StatusRuntimeException: CANCELLED: HTTP/2 error code: CANCEL
Received Rst Stream
2019-10-14 14:42:26,904 [grpc-default-executor-12] WARN  server.GrpcLogAppender (LogUtils.java:warn(134)) - f9748ec4-5d8a-4dfc-8690-85b8cdac3f5d@group-E0B7C1D5C8D3->07a15819-e4fc-4072-82ac-b3e77a99d12a-AppendLogResponseHandler: Failed appendEntries: org.apache.ratis.thirdparty.io.grpc.StatusRuntimeException: CANCELLED: HTTP/2 error code: CANCEL
Received Rst Stream
2019-10-14 14:42:26,903 [grpc-default-executor-0] WARN  server.GrpcLogAppender (LogUtils.java:warn(134)) - caa892f0-76ff-4c1e-b30f-b7c59842badc@group-026CFA11C8A1->07a15819-e4fc-4072-82ac-b3e77a99d12a-AppendLogResponseHandler: Failed appendEntries: org.apache.ratis.thirdparty.io.grpc.StatusRuntimeException: CANCELLED: HTTP/2 error code: CANCEL
Received Rst Stream
2019-10-14 14:42:26,903 [grpc-default-executor-3] WARN  server.GrpcLogAppender (LogUtils.java:warn(134)) - f9748ec4-5d8a-4dfc-8690-85b8cdac3f5d@group-EA752D978E74->07a15819-e4fc-4072-82ac-b3e77a99d12a-AppendLogResponseHandler: Failed appendEntries: org.apache.ratis.thirdparty.io.grpc.StatusRuntimeException: CANCELLED: HTTP/2 error code: CANCEL
Received Rst Stream
2019-10-14 14:42:26,908 [grpc-default-executor-0] INFO  impl.FollowerInfo (FollowerInfo.java:lambda$new$0(51)) - caa892f0-76ff-4c1e-b30f-b7c59842badc@group-026CFA11C8A1->07a15819-e4fc-4072-82ac-b3e77a99d12a: nextIndex: updateUnconditionally 1 -> 0
2019-10-14 14:42:26,908 [refreshUsed-/workdir/hadoop-ozone/integration-test/target/test-dir/MiniOzoneClusterImpl-669d0a42-2836-47aa-b55b-95c9a6dd1017/datanode-1/data/containers] WARN  fs.CachingGetSpaceUsed (CachingGetSpaceUsed.java:run(183)) - Thread Interrupted waiting to refresh disk information: sleep interrupted
2019-10-14 14:42:26,908 [grpc-default-executor-12] INFO  impl.FollowerInfo (FollowerInfo.java:lambda$new$0(51)) - f9748ec4-5d8a-4dfc-8690-85b8cdac3f5d@group-E0B7C1D5C8D3->07a15819-e4fc-4072-82ac-b3e77a99d12a: nextIndex: updateUnconditionally 1 -> 0
2019-10-14 14:42:26,906 [grpc-default-executor-4] INFO  impl.FollowerInfo (FollowerInfo.java:lambda$new$0(51)) - caa892f0-76ff-4c1e-b30f-b7c59842badc@group-382452901537->07a15819-e4fc-4072-82ac-b3e77a99d12a: nextIndex: updateUnconditionally 1 -> 0
2019-10-14 14:42:26,908 [grpc-default-executor-3] INFO  impl.FollowerInfo (FollowerInfo.java:lambda$new$0(51)) - f9748ec4-5d8a-4dfc-8690-85b8cdac3f5d@group-EA752D978E74->07a15819-e4fc-4072-82ac-b3e77a99d12a: nextIndex: updateUnconditionally 17 -> 16
2019-10-14 14:42:26,929 [main] INFO  utils.BackgroundService (BackgroundService.java:shutdown(148)) - Shutting down service BlockDeletingService
2019-10-14 14:42:26,935 [main] INFO  statemachine.DatanodeStateMachine (DatanodeStateMachine.java:stopDaemon(395)) - Ozone container server stopped.
2019-10-14 14:42:26,939 [main] INFO  handler.ContextHandler (ContextHandler.java:doStop(910)) - Stopped o.e.j.w.WebAppContext@a92be4f{/,null,UNAVAILABLE}{/hddsDatanode}
2019-10-14 14:42:26,945 [main] INFO  server.AbstractConnector (AbstractConnector.java:doStop(318)) - Stopped ServerConnector@53e800f9{HTTP/1.1,[http/1.1]}{0.0.0.0:0}
2019-10-14 14:42:26,945 [main] INFO  handler.ContextHandler (ContextHandler.java:doStop(910)) - Stopped o.e.j.s.ServletContextHandler@a9f023e{/static,jar:file:/home/user/.m2/repository/org/apache/hadoop/hadoop-hdds-container-service/0.5.0-SNAPSHOT/hadoop-hdds-container-service-0.5.0-SNAPSHOT.jar!/webapps/static,UNAVAILABLE}
2019-10-14 14:42:26,945 [main] INFO  handler.ContextHandler (ContextHandler.java:doStop(910)) - Stopped o.e.j.s.ServletContextHandler@2f1d0bbc{/logs,file:///workdir/hadoop-ozone/integration-test/target/log,UNAVAILABLE}
2019-10-14 14:42:27,272 [grpc-default-executor-2] WARN  server.GrpcLogAppender (LogUtils.java:warn(134)) - caa892f0-76ff-4c1e-b30f-b7c59842badc@group-382452901537->07a15819-e4fc-4072-82ac-b3e77a99d12a-AppendLogResponseHandler: Failed appendEntries: org.apache.ratis.thirdparty.io.grpc.StatusRuntimeException: UNAVAILABLE: io exception
2019-10-14 14:42:27,276 [grpc-default-executor-2] INFO  impl.FollowerInfo (FollowerInfo.java:lambda$new$0(51)) - caa892f0-76ff-4c1e-b30f-b7c59842badc@group-382452901537->07a15819-e4fc-4072-82ac-b3e77a99d12a: nextIndex: updateUnconditionally 0 -> 0
2019-10-14 14:42:27,278 [grpc-default-executor-3] WARN  server.GrpcLogAppender (LogUtils.java:warn(134)) - f9748ec4-5d8a-4dfc-8690-85b8cdac3f5d@group-E0B7C1D5C8D3->07a15819-e4fc-4072-82ac-b3e77a99d12a-AppendLogResponseHandler: Failed appendEntries: org.apache.ratis.thirdparty.io.grpc.StatusRuntimeException: UNAVAILABLE: io exception
2019-10-14 14:42:27,281 [grpc-default-executor-3] INFO  impl.FollowerInfo (FollowerInfo.java:lambda$new$0(51)) - f9748ec4-5d8a-4dfc-8690-85b8cdac3f5d@group-E0B7C1D5C8D3->07a15819-e4fc-4072-82ac-b3e77a99d12a: nextIndex: updateUnconditionally 0 -> 0
2019-10-14 14:42:27,292 [Datanode State Machine Thread - 0] INFO  statemachine.DatanodeStateMachine (DatanodeStateMachine.java:lambda$startDaemon$0(350)) - Ozone container server started.
2019-10-14 14:42:27,318 [grpc-default-executor-3] WARN  server.GrpcLogAppender (LogUtils.java:warn(134)) - caa892f0-76ff-4c1e-b30f-b7c59842badc@group-026CFA11C8A1->07a15819-e4fc-4072-82ac-b3e77a99d12a-AppendLogResponseHandler: Failed appendEntries: org.apache.ratis.thirdparty.io.grpc.StatusRuntimeException: UNAVAILABLE: io exception
2019-10-14 14:42:27,318 [grpc-default-executor-2] WARN  server.GrpcLogAppender (LogUtils.java:warn(134)) - f9748ec4-5d8a-4dfc-8690-85b8cdac3f5d@group-EA752D978E74->07a15819-e4fc-4072-82ac-b3e77a99d12a-AppendLogResponseHandler: Failed appendEntries: org.apache.ratis.thirdparty.io.grpc.StatusRuntimeException: UNAVAILABLE: io exception
2019-10-14 14:42:27,321 [grpc-default-executor-3] INFO  impl.FollowerInfo (FollowerInfo.java:lambda$new$0(51)) - caa892f0-76ff-4c1e-b30f-b7c59842badc@group-026CFA11C8A1->07a15819-e4fc-4072-82ac-b3e77a99d12a: nextIndex: updateUnconditionally 0 -> 0
2019-10-14 14:42:27,324 [grpc-default-executor-2] INFO  impl.FollowerInfo (FollowerInfo.java:lambda$new$0(51)) - f9748ec4-5d8a-4dfc-8690-85b8cdac3f5d@group-EA752D978E74->07a15819-e4fc-4072-82ac-b3e77a99d12a: nextIndex: updateUnconditionally 16 -> 15
2019-10-14 14:42:27,770 [grpc-default-executor-0] WARN  server.GrpcLogAppender (LogUtils.java:warn(134)) - caa892f0-76ff-4c1e-b30f-b7c59842badc@group-382452901537->07a15819-e4fc-4072-82ac-b3e77a99d12a-AppendLogResponseHandler: Failed appendEntries: org.apache.ratis.thirdparty.io.grpc.StatusRuntimeException: UNAVAILABLE: io exception
2019-10-14 14:42:27,772 [grpc-default-executor-0] INFO  impl.FollowerInfo (FollowerInfo.java:lambda$new$0(51)) - caa892f0-76ff-4c1e-b30f-b7c59842badc@group-382452901537->07a15819-e4fc-4072-82ac-b3e77a99d12a: nextIndex: updateUnconditionally 0 -> 0
2019-10-14 14:42:27,779 [grpc-default-executor-0] WARN  server.GrpcLogAppender (LogUtils.java:warn(134)) - f9748ec4-5d8a-4dfc-8690-85b8cdac3f5d@group-E0B7C1D5C8D3->07a15819-e4fc-4072-82ac-b3e77a99d12a-AppendLogResponseHandler: Failed appendEntries: org.apache.ratis.thirdparty.io.grpc.StatusRuntimeException: UNAVAILABLE: io exception
2019-10-14 14:42:27,781 [grpc-default-executor-0] INFO  impl.FollowerInfo (FollowerInfo.java:lambda$new$0(51)) - f9748ec4-5d8a-4dfc-8690-85b8cdac3f5d@group-E0B7C1D5C8D3->07a15819-e4fc-4072-82ac-b3e77a99d12a: nextIndex: updateUnconditionally 0 -> 0
2019-10-14 14:42:27,819 [grpc-default-executor-2] WARN  server.GrpcLogAppender (LogUtils.java:warn(134)) - caa892f0-76ff-4c1e-b30f-b7c59842badc@group-026CFA11C8A1->07a15819-e4fc-4072-82ac-b3e77a99d12a-AppendLogResponseHandler: Failed appendEntries: org.apache.ratis.thirdparty.io.grpc.StatusRuntimeException: UNAVAILABLE: io exception
2019-10-14 14:42:27,819 [grpc-default-executor-4] WARN  server.GrpcLogAppender (LogUtils.java:warn(134)) - f9748ec4-5d8a-4dfc-8690-85b8cdac3f5d@group-EA752D978E74->07a15819-e4fc-4072-82ac-b3e77a99d12a-AppendLogResponseHandler: Failed appendEntries: org.apache.ratis.thirdparty.io.grpc.StatusRuntimeException: UNAVAILABLE: io exception
2019-10-14 14:42:27,823 [grpc-default-executor-2] INFO  impl.FollowerInfo (FollowerInfo.java:lambda$new$0(51)) - caa892f0-76ff-4c1e-b30f-b7c59842badc@group-026CFA11C8A1->07a15819-e4fc-4072-82ac-b3e77a99d12a: nextIndex: updateUnconditionally 0 -> 0
2019-10-14 14:42:27,823 [grpc-default-executor-4] INFO  impl.FollowerInfo (FollowerInfo.java:lambda$new$0(51)) - f9748ec4-5d8a-4dfc-8690-85b8cdac3f5d@group-EA752D978E74->07a15819-e4fc-4072-82ac-b3e77a99d12a: nextIndex: updateUnconditionally 15 -> 14
2019-10-14 14:42:28,265 [grpc-default-executor-3] WARN  server.GrpcLogAppender (LogUtils.java:warn(134)) - caa892f0-76ff-4c1e-b30f-b7c59842badc@group-382452901537->07a15819-e4fc-4072-82ac-b3e77a99d12a-AppendLogResponseHandler: Failed appendEntries: org.apache.ratis.thirdparty.io.grpc.StatusRuntimeException: UNAVAILABLE: io exception
2019-10-14 14:42:28,280 [grpc-default-executor-3] INFO  impl.FollowerInfo (FollowerInfo.java:lambda$new$0(51)) - caa892f0-76ff-4c1e-b30f-b7c59842badc@group-382452901537->07a15819-e4fc-4072-82ac-b3e77a99d12a: nextIndex: updateUnconditionally 0 -> 0
2019-10-14 14:42:28,283 [grpc-default-executor-7] WARN  server.GrpcLogAppender (LogUtils.java:warn(134)) - f9748ec4-5d8a-4dfc-8690-85b8cdac3f5d@group-E0B7C1D5C8D3->07a15819-e4fc-4072-82ac-b3e77a99d12a-AppendLogResponseHandler: Failed appendEntries: org.apache.ratis.thirdparty.io.grpc.StatusRuntimeException: UNAVAILABLE: io exception
2019-10-14 14:42:28,287 [grpc-default-executor-7] INFO  impl.FollowerInfo (FollowerInfo.java:lambda$new$0(51)) - f9748ec4-5d8a-4dfc-8690-85b8cdac3f5d@group-E0B7C1D5C8D3->07a15819-e4fc-4072-82ac-b3e77a99d12a: nextIndex: updateUnconditionally 0 -> 0
2019-10-14 14:42:28,320 [grpc-default-executor-4] WARN  server.GrpcLogAppender (LogUtils.java:warn(134)) - f9748ec4-5d8a-4dfc-8690-85b8cdac3f5d@group-EA752D978E74->07a15819-e4fc-4072-82ac-b3e77a99d12a-AppendLogResponseHandler: Failed appendEntries: org.apache.ratis.thirdparty.io.grpc.StatusRuntimeException: UNAVAILABLE: io exception
2019-10-14 14:42:28,320 [grpc-default-executor-12] WARN  server.GrpcLogAppender (LogUtils.java:warn(134)) - caa892f0-76ff-4c1e-b30f-b7c59842badc@group-026CFA11C8A1->07a15819-e4fc-4072-82ac-b3e77a99d12a-AppendLogResponseHandler: Failed appendEntries: org.apache.ratis.thirdparty.io.grpc.StatusRuntimeException: UNAVAILABLE: io exception
2019-10-14 14:42:28,322 [grpc-default-executor-4] INFO  impl.FollowerInfo (FollowerInfo.java:lambda$new$0(51)) - f9748ec4-5d8a-4dfc-8690-85b8cdac3f5d@group-EA752D978E74->07a15819-e4fc-4072-82ac-b3e77a99d12a: nextIndex: updateUnconditionally 14 -> 13
2019-10-14 14:42:28,325 [grpc-default-executor-12] INFO  impl.FollowerInfo (FollowerInfo.java:lambda$new$0(51)) - caa892f0-76ff-4c1e-b30f-b7c59842badc@group-026CFA11C8A1->07a15819-e4fc-4072-82ac-b3e77a99d12a: nextIndex: updateUnconditionally 0 -> 0
2019-10-14 14:42:28,766 [grpc-default-executor-7] WARN  server.GrpcLogAppender (LogUtils.java:warn(134)) - caa892f0-76ff-4c1e-b30f-b7c59842badc@group-382452901537->07a15819-e4fc-4072-82ac-b3e77a99d12a-AppendLogResponseHandler: Failed appendEntries: org.apache.ratis.thirdparty.io.grpc.StatusRuntimeException: UNAVAILABLE: io exception
2019-10-14 14:42:28,770 [grpc-default-executor-7] INFO  impl.FollowerInfo (FollowerInfo.java:lambda$new$0(51)) - caa892f0-76ff-4c1e-b30f-b7c59842badc@group-382452901537->07a15819-e4fc-4072-82ac-b3e77a99d12a: nextIndex: updateUnconditionally 0 -> 0
2019-10-14 14:42:28,784 [grpc-default-executor-0] WARN  server.GrpcLogAppender (LogUtils.java:warn(134)) - f9748ec4-5d8a-4dfc-8690-85b8cdac3f5d@group-E0B7C1D5C8D3->07a15819-e4fc-4072-82ac-b3e77a99d12a-AppendLogResponseHandler: Failed appendEntries: org.apache.ratis.thirdparty.io.grpc.StatusRuntimeException: UNAVAILABLE: io exception
2019-10-14 14:42:28,786 [grpc-default-executor-0] INFO  impl.FollowerInfo (FollowerInfo.java:lambda$new$0(51)) - f9748ec4-5d8a-4dfc-8690-85b8cdac3f5d@group-E0B7C1D5C8D3->07a15819-e4fc-4072-82ac-b3e77a99d12a: nextIndex: updateUnconditionally 0 -> 0
2019-10-14 14:42:28,821 [grpc-default-executor-0] WARN  server.GrpcLogAppender (LogUtils.java:warn(134)) - f9748ec4-5d8a-4dfc-8690-85b8cdac3f5d@group-EA752D978E74->07a15819-e4fc-4072-82ac-b3e77a99d12a-AppendLogResponseHandler: Failed appendEntries: org.apache.ratis.thirdparty.io.grpc.StatusRuntimeException: UNAVAILABLE: io exception
2019-10-14 14:42:28,821 [grpc-default-executor-3] WARN  server.GrpcLogAppender (LogUtils.java:warn(134)) - caa892f0-76ff-4c1e-b30f-b7c59842badc@group-026CFA11C8A1->07a15819-e4fc-4072-82ac-b3e77a99d12a-AppendLogResponseHandler: Failed appendEntries: org.apache.ratis.thirdparty.io.grpc.StatusRuntimeException: UNAVAILABLE: io exception
2019-10-14 14:42:28,824 [grpc-default-executor-0] INFO  impl.FollowerInfo (FollowerInfo.java:lambda$new$0(51)) - f9748ec4-5d8a-4dfc-8690-85b8cdac3f5d@group-EA752D978E74->07a15819-e4fc-4072-82ac-b3e77a99d12a: nextIndex: updateUnconditionally 13 -> 12
2019-10-14 14:42:28,827 [grpc-default-executor-3] INFO  impl.FollowerInfo (FollowerInfo.java:lambda$new$0(51)) - caa892f0-76ff-4c1e-b30f-b7c59842badc@group-026CFA11C8A1->07a15819-e4fc-4072-82ac-b3e77a99d12a: nextIndex: updateUnconditionally 0 -> 0
2019-10-14 14:42:29,268 [grpc-default-executor-7] WARN  server.GrpcLogAppender (LogUtils.java:warn(134)) - caa892f0-76ff-4c1e-b30f-b7c59842badc@group-382452901537->07a15819-e4fc-4072-82ac-b3e77a99d12a-AppendLogResponseHandler: Failed appendEntries: org.apache.ratis.thirdparty.io.grpc.StatusRuntimeException: UNAVAILABLE: io exception
2019-10-14 14:42:29,280 [grpc-default-executor-7] INFO  impl.FollowerInfo (FollowerInfo.java:lambda$new$0(51)) - caa892f0-76ff-4c1e-b30f-b7c59842badc@group-382452901537->07a15819-e4fc-4072-82ac-b3e77a99d12a: nextIndex: updateUnconditionally 0 -> 0
2019-10-14 14:42:29,285 [grpc-default-executor-0] WARN  server.GrpcLogAppender (LogUtils.java:warn(134)) - f9748ec4-5d8a-4dfc-8690-85b8cdac3f5d@group-E0B7C1D5C8D3->07a15819-e4fc-4072-82ac-b3e77a99d12a-AppendLogResponseHandler: Failed appendEntries: org.apache.ratis.thirdparty.io.grpc.StatusRuntimeException: UNAVAILABLE: io exception
2019-10-14 14:42:29,287 [grpc-default-executor-0] INFO  impl.FollowerInfo (FollowerInfo.java:lambda$new$0(51)) - f9748ec4-5d8a-4dfc-8690-85b8cdac3f5d@group-E0B7C1D5C8D3->07a15819-e4fc-4072-82ac-b3e77a99d12a: nextIndex: updateUnconditionally 0 -> 0
2019-10-14 14:42:29,322 [grpc-default-executor-3] WARN  server.GrpcLogAppender (LogUtils.java:warn(134)) - caa892f0-76ff-4c1e-b30f-b7c59842badc@group-026CFA11C8A1->07a15819-e4fc-4072-82ac-b3e77a99d12a-AppendLogResponseHandler: Failed appendEntries: org.apache.ratis.thirdparty.io.grpc.StatusRuntimeException: UNAVAILABLE: io exception
2019-10-14 14:42:29,353 [grpc-default-executor-3] INFO  impl.FollowerInfo (FollowerInfo.java:lambda$new$0(51)) - caa892f0-76ff-4c1e-b30f-b7c59842badc@group-026CFA11C8A1->07a15819-e4fc-4072-82ac-b3e77a99d12a: nextIndex: updateUnconditionally 0 -> 0
2019-10-14 14:42:29,354 [grpc-default-executor-12] WARN  server.GrpcLogAppender (LogUtils.java:warn(134)) - f9748ec4-5d8a-4dfc-8690-85b8cdac3f5d@group-EA752D978E74->07a15819-e4fc-4072-82ac-b3e77a99d12a-AppendLogResponseHandler: Failed appendEntries: org.apache.ratis.thirdparty.io.grpc.StatusRuntimeException: UNAVAILABLE: io exception
2019-10-14 14:42:29,356 [grpc-default-executor-12] INFO  impl.FollowerInfo (FollowerInfo.java:lambda$new$0(51)) - f9748ec4-5d8a-4dfc-8690-85b8cdac3f5d@group-EA752D978E74->07a15819-e4fc-4072-82ac-b3e77a99d12a: nextIndex: updateUnconditionally 12 -> 11
2019-10-14 14:42:29,768 [grpc-default-executor-3] WARN  server.GrpcLogAppender (LogUtils.java:warn(134)) - caa892f0-76ff-4c1e-b30f-b7c59842badc@group-382452901537->07a15819-e4fc-4072-82ac-b3e77a99d12a-AppendLogResponseHandler: Failed appendEntries: org.apache.ratis.thirdparty.io.grpc.StatusRuntimeException: UNAVAILABLE: io exception
2019-10-14 14:42:29,771 [grpc-default-executor-3] INFO  impl.FollowerInfo (FollowerInfo.java:lambda$new$0(51)) - caa892f0-76ff-4c1e-b30f-b7c59842badc@group-382452901537->07a15819-e4fc-4072-82ac-b3e77a99d12a: nextIndex: updateUnconditionally 0 -> 0
2019-10-14 14:42:29,789 [grpc-default-executor-12] WARN  server.GrpcLogAppender (LogUtils.java:warn(134)) - f9748ec4-5d8a-4dfc-8690-85b8cdac3f5d@group-E0B7C1D5C8D3->07a15819-e4fc-4072-82ac-b3e77a99d12a-AppendLogResponseHandler: Failed appendEntries: org.apache.ratis.thirdparty.io.grpc.StatusRuntimeException: UNAVAILABLE: io exception
2019-10-14 14:42:29,791 [grpc-default-executor-12] INFO  impl.FollowerInfo (FollowerInfo.java:lambda$new$0(51)) - f9748ec4-5d8a-4dfc-8690-85b8cdac3f5d@group-E0B7C1D5C8D3->07a15819-e4fc-4072-82ac-b3e77a99d12a: nextIndex: updateUnconditionally 0 -> 0
2019-10-14 14:42:29,823 [grpc-default-executor-12] WARN  server.GrpcLogAppender (LogUtils.java:warn(134)) - caa892f0-76ff-4c1e-b30f-b7c59842badc@group-026CFA11C8A1->07a15819-e4fc-4072-82ac-b3e77a99d12a-AppendLogResponseHandler: Failed appendEntries: org.apache.ratis.thirdparty.io.grpc.StatusRuntimeException: UNAVAILABLE: io exception
2019-10-14 14:42:29,823 [grpc-default-executor-4] WARN  server.GrpcLogAppender (LogUtils.java:warn(134)) - f9748ec4-5d8a-4dfc-8690-85b8cdac3f5d@group-EA752D978E74->07a15819-e4fc-4072-82ac-b3e77a99d12a-AppendLogResponseHandler: Failed appendEntries: org.apache.ratis.thirdparty.io.grpc.StatusRuntimeException: UNAVAILABLE: io exception
2019-10-14 14:42:29,825 [grpc-default-executor-12] INFO  impl.FollowerInfo (FollowerInfo.java:lambda$new$0(51)) - caa892f0-76ff-4c1e-b30f-b7c59842badc@group-026CFA11C8A1->07a15819-e4fc-4072-82ac-b3e77a99d12a: nextIndex: updateUnconditionally 0 -> 0
2019-10-14 14:42:29,827 [grpc-default-executor-4] INFO  impl.FollowerInfo (FollowerInfo.java:lambda$new$0(51)) - f9748ec4-5d8a-4dfc-8690-85b8cdac3f5d@group-EA752D978E74->07a15819-e4fc-4072-82ac-b3e77a99d12a: nextIndex: updateUnconditionally 11 -> 10
2019-10-14 14:42:30,270 [grpc-default-executor-0] WARN  server.GrpcLogAppender (LogUtils.java:warn(134)) - caa892f0-76ff-4c1e-b30f-b7c59842badc@group-382452901537->07a15819-e4fc-4072-82ac-b3e77a99d12a-AppendLogResponseHandler: Failed appendEntries: org.apache.ratis.thirdparty.io.grpc.StatusRuntimeException: UNAVAILABLE: io exception
2019-10-14 14:42:30,274 [grpc-default-executor-0] INFO  impl.FollowerInfo (FollowerInfo.java:lambda$new$0(51)) - caa892f0-76ff-4c1e-b30f-b7c59842badc@group-382452901537->07a15819-e4fc-4072-82ac-b3e77a99d12a: nextIndex: updateUnconditionally 0 -> 0
2019-10-14 14:42:30,290 [grpc-default-executor-4] WARN  server.GrpcLogAppender (LogUtils.java:warn(134)) - f9748ec4-5d8a-4dfc-8690-85b8cdac3f5d@group-E0B7C1D5C8D3->07a15819-e4fc-4072-82ac-b3e77a99d12a-AppendLogResponseHandler: Failed appendEntries: org.apache.ratis.thirdparty.io.grpc.StatusRuntimeException: UNAVAILABLE: io exception
2019-10-14 14:42:30,293 [grpc-default-executor-4] INFO  impl.FollowerInfo (FollowerInfo.java:lambda$new$0(51)) - f9748ec4-5d8a-4dfc-8690-85b8cdac3f5d@group-E0B7C1D5C8D3->07a15819-e4fc-4072-82ac-b3e77a99d12a: nextIndex: updateUnconditionally 0 -> 0
2019-10-14 14:42:30,323 [grpc-default-executor-12] WARN  server.GrpcLogAppender (LogUtils.java:warn(134)) - caa892f0-76ff-4c1e-b30f-b7c59842badc@group-026CFA11C8A1->07a15819-e4fc-4072-82ac-b3e77a99d12a-AppendLogResponseHandler: Failed appendEntries: org.apache.ratis.thirdparty.io.grpc.StatusRuntimeException: UNAVAILABLE: io exception
2019-10-14 14:42:30,324 [grpc-default-executor-3] WARN  server.GrpcLogAppender (LogUtils.java:warn(134)) - f9748ec4-5d8a-4dfc-8690-85b8cdac3f5d@group-EA752D978E74->07a15819-e4fc-4072-82ac-b3e77a99d12a-AppendLogResponseHandler: Failed appendEntries: org.apache.ratis.thirdparty.io.grpc.StatusRuntimeException: UNAVAILABLE: io exception
2019-10-14 14:42:30,327 [grpc-default-executor-12] INFO  impl.FollowerInfo (FollowerInfo.java:lambda$new$0(51)) - caa892f0-76ff-4c1e-b30f-b7c59842badc@group-026CFA11C8A1->07a15819-e4fc-4072-82ac-b3e77a99d12a: nextIndex: updateUnconditionally 0 -> 0
2019-10-14 14:42:30,329 [grpc-default-executor-3] INFO  impl.FollowerInfo (FollowerInfo.java:lambda$new$0(51)) - f9748ec4-5d8a-4dfc-8690-85b8cdac3f5d@group-EA752D978E74->07a15819-e4fc-4072-82ac-b3e77a99d12a: nextIndex: updateUnconditionally 10 -> 9
2019-10-14 14:42:30,770 [grpc-default-executor-0] WARN  server.GrpcLogAppender (LogUtils.java:warn(134)) - caa892f0-76ff-4c1e-b30f-b7c59842badc@group-382452901537->07a15819-e4fc-4072-82ac-b3e77a99d12a-AppendLogResponseHandler: Failed appendEntries: org.apache.ratis.thirdparty.io.grpc.StatusRuntimeException: UNAVAILABLE: io exception
2019-10-14 14:42:30,778 [grpc-default-executor-0] INFO  impl.FollowerInfo (FollowerInfo.java:lambda$new$0(51)) - caa892f0-76ff-4c1e-b30f-b7c59842badc@group-382452901537->07a15819-e4fc-4072-82ac-b3e77a99d12a: nextIndex: updateUnconditionally 0 -> 0
2019-10-14 14:42:30,791 [grpc-default-executor-3] WARN  server.GrpcLogAppender (LogUtils.java:warn(134)) - f9748ec4-5d8a-4dfc-8690-85b8cdac3f5d@group-E0B7C1D5C8D3->07a15819-e4fc-4072-82ac-b3e77a99d12a-AppendLogResponseHandler: Failed appendEntries: org.apache.ratis.thirdparty.io.grpc.StatusRuntimeException: UNAVAILABLE: io exception
2019-10-14 14:42:30,791 [grpc-default-executor-3] INFO  impl.FollowerInfo (FollowerInfo.java:lambda$new$0(51)) - f9748ec4-5d8a-4dfc-8690-85b8cdac3f5d@group-E0B7C1D5C8D3->07a15819-e4fc-4072-82ac-b3e77a99d12a: nextIndex: updateUnconditionally 0 -> 0
2019-10-14 14:42:30,824 [grpc-default-executor-3] WARN  server.GrpcLogAppender (LogUtils.java:warn(134)) - caa892f0-76ff-4c1e-b30f-b7c59842badc@group-026CFA11C8A1->07a15819-e4fc-4072-82ac-b3e77a99d12a-AppendLogResponseHandler: Failed appendEntries: org.apache.ratis.thirdparty.io.grpc.StatusRuntimeException: UNAVAILABLE: io exception
2019-10-14 14:42:30,824 [grpc-default-executor-4] WARN  server.GrpcLogAppender (LogUtils.java:warn(134)) - f9748ec4-5d8a-4dfc-8690-85b8cdac3f5d@group-EA752D978E74->07a15819-e4fc-4072-82ac-b3e77a99d12a-AppendLogResponseHandler: Failed appendEntries: org.apache.ratis.thirdparty.io.grpc.StatusRuntimeException: UNAVAILABLE: io exception
2019-10-14 14:42:30,824 [grpc-default-executor-3] INFO  impl.FollowerInfo (FollowerInfo.java:lambda$new$0(51)) - caa892f0-76ff-4c1e-b30f-b7c59842badc@group-026CFA11C8A1->07a15819-e4fc-4072-82ac-b3e77a99d12a: nextIndex: updateUnconditionally 0 -> 0
2019-10-14 14:42:30,824 [grpc-default-executor-4] INFO  impl.FollowerInfo (FollowerInfo.java:lambda$new$0(51)) - f9748ec4-5d8a-4dfc-8690-85b8cdac3f5d@group-EA752D978E74->07a15819-e4fc-4072-82ac-b3e77a99d12a: nextIndex: updateUnconditionally 9 -> 8
2019-10-14 14:42:31,271 [grpc-default-executor-0] WARN  server.GrpcLogAppender (LogUtils.java:warn(134)) - caa892f0-76ff-4c1e-b30f-b7c59842badc@group-382452901537->07a15819-e4fc-4072-82ac-b3e77a99d12a-AppendLogResponseHandler: Failed appendEntries: org.apache.ratis.thirdparty.io.grpc.StatusRuntimeException: UNAVAILABLE: io exception
2019-10-14 14:42:31,272 [grpc-default-executor-0] INFO  impl.FollowerInfo (FollowerInfo.java:lambda$new$0(51)) - caa892f0-76ff-4c1e-b30f-b7c59842badc@group-382452901537->07a15819-e4fc-4072-82ac-b3e77a99d12a: nextIndex: updateUnconditionally 0 -> 0
2019-10-14 14:42:31,292 [grpc-default-executor-0] WARN  server.GrpcLogAppender (LogUtils.java:warn(134)) - f9748ec4-5d8a-4dfc-8690-85b8cdac3f5d@group-E0B7C1D5C8D3->07a15819-e4fc-4072-82ac-b3e77a99d12a-AppendLogResponseHandler: Failed appendEntries: org.apache.ratis.thirdparty.io.grpc.StatusRuntimeException: UNAVAILABLE: io exception
2019-10-14 14:42:31,292 [grpc-default-executor-0] INFO  impl.FollowerInfo (FollowerInfo.java:lambda$new$0(51)) - f9748ec4-5d8a-4dfc-8690-85b8cdac3f5d@group-E0B7C1D5C8D3->07a15819-e4fc-4072-82ac-b3e77a99d12a: nextIndex: updateUnconditionally 0 -> 0
2019-10-14 14:42:31,325 [grpc-default-executor-7] WARN  server.GrpcLogAppender (LogUtils.java:warn(134)) - caa892f0-76ff-4c1e-b30f-b7c59842badc@group-026CFA11C8A1->07a15819-e4fc-4072-82ac-b3e77a99d12a-AppendLogResponseHandler: Failed appendEntries: org.apache.ratis.thirdparty.io.grpc.StatusRuntimeException: UNAVAILABLE: io exception
2019-10-14 14:42:31,325 [grpc-default-executor-3] WARN  server.GrpcLogAppender (LogUtils.java:warn(134)) - f9748ec4-5d8a-4dfc-8690-85b8cdac3f5d@group-EA752D978E74->07a15819-e4fc-4072-82ac-b3e77a99d12a-AppendLogResponseHandler: Failed appendEntries: org.apache.ratis.thirdparty.io.grpc.StatusRuntimeException: UNAVAILABLE: io exception
2019-10-14 14:42:31,326 [grpc-default-executor-7] INFO  impl.FollowerInfo (FollowerInfo.java:lambda$new$0(51)) - caa892f0-76ff-4c1e-b30f-b7c59842badc@group-026CFA11C8A1->07a15819-e4fc-4072-82ac-b3e77a99d12a: nextIndex: updateUnconditionally 0 -> 0
2019-10-14 14:42:31,326 [grpc-default-executor-3] INFO  impl.FollowerInfo (FollowerInfo.java:lambda$new$0(51)) - f9748ec4-5d8a-4dfc-8690-85b8cdac3f5d@group-EA752D978E74->07a15819-e4fc-4072-82ac-b3e77a99d12a: nextIndex: updateUnconditionally 8 -> 7
2019-10-14 14:42:31,773 [grpc-default-executor-3] WARN  server.GrpcLogAppender (LogUtils.java:warn(134)) - caa892f0-76ff-4c1e-b30f-b7c59842badc@group-382452901537->07a15819-e4fc-4072-82ac-b3e77a99d12a-AppendLogResponseHandler: Failed appendEntries: org.apache.ratis.thirdparty.io.grpc.StatusRuntimeException: UNAVAILABLE: io exception
2019-10-14 14:42:31,774 [grpc-default-executor-3] INFO  impl.FollowerInfo (FollowerInfo.java:lambda$new$0(51)) - caa892f0-76ff-4c1e-b30f-b7c59842badc@group-382452901537->07a15819-e4fc-4072-82ac-b3e77a99d12a: nextIndex: updateUnconditionally 0 -> 0
2019-10-14 14:42:31,794 [grpc-default-executor-7] WARN  server.GrpcLogAppender (LogUtils.java:warn(134)) - f9748ec4-5d8a-4dfc-8690-85b8cdac3f5d@group-E0B7C1D5C8D3->07a15819-e4fc-4072-82ac-b3e77a99d12a-AppendLogResponseHandler: Failed appendEntries: org.apache.ratis.thirdparty.io.grpc.StatusRuntimeException: UNAVAILABLE: io exception
2019-10-14 14:42:31,795 [grpc-default-executor-7] INFO  impl.FollowerInfo (FollowerInfo.java:lambda$new$0(51)) - f9748ec4-5d8a-4dfc-8690-85b8cdac3f5d@group-E0B7C1D5C8D3->07a15819-e4fc-4072-82ac-b3e77a99d12a: nextIndex: updateUnconditionally 0 -> 0
2019-10-14 14:42:31,843 [grpc-default-executor-8] WARN  server.GrpcLogAppender (LogUtils.java:warn(134)) - caa892f0-76ff-4c1e-b30f-b7c59842badc@group-026CFA11C8A1->07a15819-e4fc-4072-82ac-b3e77a99d12a-AppendLogResponseHandler: Failed appendEntries: org.apache.ratis.thirdparty.io.grpc.StatusRuntimeException: UNAVAILABLE: io exception
2019-10-14 14:42:31,843 [grpc-default-executor-7] WARN  server.GrpcLogAppender (LogUtils.java:warn(134)) - f9748ec4-5d8a-4dfc-8690-85b8cdac3f5d@group-EA752D978E74->07a15819-e4fc-4072-82ac-b3e77a99d12a-AppendLogResponseHandler: Failed appendEntries: org.apache.ratis.thirdparty.io.grpc.StatusRuntimeException: UNAVAILABLE: io exception
2019-10-14 14:42:31,843 [grpc-default-executor-8] INFO  impl.FollowerInfo (FollowerInfo.java:lambda$new$0(51)) - caa892f0-76ff-4c1e-b30f-b7c59842badc@group-026CFA11C8A1->07a15819-e4fc-4072-82ac-b3e77a99d12a: nextIndex: updateUnconditionally 0 -> 0
2019-10-14 14:42:31,843 [grpc-default-executor-7] INFO  impl.FollowerInfo (FollowerInfo.java:lambda$new$0(51)) - f9748ec4-5d8a-4dfc-8690-85b8cdac3f5d@group-EA752D978E74->07a15819-e4fc-4072-82ac-b3e77a99d12a: nextIndex: updateUnconditionally 7 -> 6
2019-10-14 14:42:31,948 [main] INFO  ozoneimpl.OzoneContainer (OzoneContainer.java:stop(231)) - Attempting to stop container services.
2019-10-14 14:42:31,949 [main] INFO  impl.RaftServerProxy (RaftServerProxy.java:lambda$close$4(314)) - f9748ec4-5d8a-4dfc-8690-85b8cdac3f5d: close
2019-10-14 14:42:31,949 [main] INFO  impl.RaftServerImpl (RaftServerImpl.java:lambda$shutdown$3(251)) - f9748ec4-5d8a-4dfc-8690-85b8cdac3f5d@group-382452901537: shutdown
2019-10-14 14:42:31,950 [ForkJoinPool.commonPool-worker-0] INFO  impl.RaftServerImpl (RaftServerImpl.java:lambda$shutdown$3(251)) - f9748ec4-5d8a-4dfc-8690-85b8cdac3f5d@group-EA752D978E74: shutdown
2019-10-14 14:42:31,950 [main] INFO  util.JmxRegister (JmxRegister.java:unregister(73)) - Successfully un-registered JMX Bean with object name Ratis:service=RaftServer,group=group-382452901537,id=f9748ec4-5d8a-4dfc-8690-85b8cdac3f5d
2019-10-14 14:42:31,950 [ForkJoinPool.commonPool-worker-0] INFO  util.JmxRegister (JmxRegister.java:unregister(73)) - Successfully un-registered JMX Bean with object name Ratis:service=RaftServer,group=group-EA752D978E74,id=f9748ec4-5d8a-4dfc-8690-85b8cdac3f5d
2019-10-14 14:42:31,950 [main] INFO  impl.RoleInfo (RoleInfo.java:shutdownFollowerState(121)) - f9748ec4-5d8a-4dfc-8690-85b8cdac3f5d: shutdown FollowerState
2019-10-14 14:42:31,951 [ForkJoinPool.commonPool-worker-0] INFO  impl.RoleInfo (RoleInfo.java:shutdownLeaderState(104)) - f9748ec4-5d8a-4dfc-8690-85b8cdac3f5d: shutdown LeaderState
2019-10-14 14:42:31,951 [Thread-407] INFO  impl.FollowerState (FollowerState.java:run(115)) - f9748ec4-5d8a-4dfc-8690-85b8cdac3f5d: FollowerState was interrupted: java.lang.InterruptedException: sleep interrupted
2019-10-14 14:42:31,951 [main] INFO  impl.StateMachineUpdater (StateMachineUpdater.java:stopAndJoin(125)) - f9748ec4-5d8a-4dfc-8690-85b8cdac3f5d@group-382452901537-StateMachineUpdater: set stopIndex = 0
2019-10-14 14:42:31,956 [org.apache.ratis.server.impl.LogAppender$AppenderDaemon$$Lambda$455/1364555379@7b77a319] WARN  server.GrpcLogAppender (GrpcLogAppender.java:mayWait(143)) - f9748ec4-5d8a-4dfc-8690-85b8cdac3f5d@group-EA752D978E74->caa892f0-76ff-4c1e-b30f-b7c59842badc-GrpcLogAppender: Wait interrupted by java.lang.InterruptedException
2019-10-14 14:42:31,956 [org.apache.ratis.server.impl.LogAppender$AppenderDaemon$$Lambda$455/1364555379@1efc636f] WARN  server.GrpcLogAppender (GrpcLogAppender.java:mayWait(143)) - f9748ec4-5d8a-4dfc-8690-85b8cdac3f5d@group-EA752D978E74->07a15819-e4fc-4072-82ac-b3e77a99d12a-GrpcLogAppender: Wait interrupted by java.lang.InterruptedException
2019-10-14 14:42:31,956 [ForkJoinPool.commonPool-worker-0] INFO  impl.PendingRequests (PendingRequests.java:sendNotLeaderResponses(202)) - f9748ec4-5d8a-4dfc-8690-85b8cdac3f5d-PendingRequests: sendNotLeaderResponses
2019-10-14 14:42:31,956 [main] INFO  impl.RaftServerImpl (ServerState.java:close(385)) - f9748ec4-5d8a-4dfc-8690-85b8cdac3f5d@group-382452901537: closes. applyIndex: 0
2019-10-14 14:42:31,957 [f9748ec4-5d8a-4dfc-8690-85b8cdac3f5d@group-382452901537-SegmentedRaftLogWorker] INFO  segmented.SegmentedRaftLogWorker (SegmentedRaftLogWorker.java:run(313)) - f9748ec4-5d8a-4dfc-8690-85b8cdac3f5d@group-382452901537-SegmentedRaftLogWorker was interrupted, exiting. There are 0 tasks remaining in the queue.
2019-10-14 14:42:31,958 [main] INFO  segmented.SegmentedRaftLogWorker (SegmentedRaftLogWorker.java:close(228)) - f9748ec4-5d8a-4dfc-8690-85b8cdac3f5d@group-382452901537-SegmentedRaftLogWorker close()
2019-10-14 14:42:31,962 [main] INFO  impl.RaftServerImpl (RaftServerImpl.java:lambda$shutdown$3(251)) - f9748ec4-5d8a-4dfc-8690-85b8cdac3f5d@group-026CFA11C8A1: shutdown
2019-10-14 14:42:31,962 [grpc-default-executor-7] INFO  server.GrpcServerProtocolService (GrpcServerProtocolService.java:onCompleted(113)) - caa892f0-76ff-4c1e-b30f-b7c59842badc: Completed APPEND_ENTRIES, lastRequest: f9748ec4-5d8a-4dfc-8690-85b8cdac3f5d->caa892f0-76ff-4c1e-b30f-b7c59842badc#38-t1, previous=(t:1, i:16), leaderCommit=16, initializing? false, entries: <empty>
2019-10-14 14:42:31,962 [main] INFO  util.JmxRegister (JmxRegister.java:unregister(73)) - Successfully un-registered JMX Bean with object name Ratis:service=RaftServer,group=group-026CFA11C8A1,id=f9748ec4-5d8a-4dfc-8690-85b8cdac3f5d
2019-10-14 14:42:31,963 [main] INFO  impl.RoleInfo (RoleInfo.java:shutdownFollowerState(121)) - f9748ec4-5d8a-4dfc-8690-85b8cdac3f5d: shutdown FollowerState
2019-10-14 14:42:31,963 [main] INFO  impl.StateMachineUpdater (StateMachineUpdater.java:stopAndJoin(125)) - f9748ec4-5d8a-4dfc-8690-85b8cdac3f5d@group-026CFA11C8A1-StateMachineUpdater: set stopIndex = 0
2019-10-14 14:42:31,963 [grpc-default-executor-7] INFO  server.GrpcLogAppender (GrpcLogAppender.java:onCompleted(293)) - f9748ec4-5d8a-4dfc-8690-85b8cdac3f5d@group-EA752D978E74->caa892f0-76ff-4c1e-b30f-b7c59842badc-AppendLogResponseHandler: follower responses appendEntries COMPLETED
2019-10-14 14:42:31,963 [Thread-621] INFO  impl.FollowerState (FollowerState.java:run(115)) - f9748ec4-5d8a-4dfc-8690-85b8cdac3f5d: FollowerState was interrupted: java.lang.InterruptedException: sleep interrupted
2019-10-14 14:42:31,963 [main] INFO  impl.RaftServerImpl (ServerState.java:close(385)) - f9748ec4-5d8a-4dfc-8690-85b8cdac3f5d@group-026CFA11C8A1: closes. applyIndex: 0
2019-10-14 14:42:31,964 [grpc-default-executor-7] INFO  impl.FollowerInfo (FollowerInfo.java:lambda$new$0(51)) - f9748ec4-5d8a-4dfc-8690-85b8cdac3f5d@group-EA752D978E74->caa892f0-76ff-4c1e-b30f-b7c59842badc: nextIndex: updateUnconditionally 17 -> 16
2019-10-14 14:42:31,964 [grpc-default-executor-8] WARN  server.GrpcLogAppender (LogUtils.java:warn(134)) - f9748ec4-5d8a-4dfc-8690-85b8cdac3f5d@group-E0B7C1D5C8D3->caa892f0-76ff-4c1e-b30f-b7c59842badc-AppendLogResponseHandler: Failed appendEntries: org.apache.ratis.thirdparty.io.grpc.StatusRuntimeException: UNAVAILABLE: Channel shutdownNow invoked
2019-10-14 14:42:31,968 [grpc-default-executor-8] INFO  impl.FollowerInfo (FollowerInfo.java:lambda$new$0(51)) - f9748ec4-5d8a-4dfc-8690-85b8cdac3f5d@group-E0B7C1D5C8D3->caa892f0-76ff-4c1e-b30f-b7c59842badc: nextIndex: updateUnconditionally 1 -> 0
2019-10-14 14:42:31,964 [f9748ec4-5d8a-4dfc-8690-85b8cdac3f5d@group-026CFA11C8A1-SegmentedRaftLogWorker] INFO  segmented.SegmentedRaftLogWorker (SegmentedRaftLogWorker.java:run(313)) - f9748ec4-5d8a-4dfc-8690-85b8cdac3f5d@group-026CFA11C8A1-SegmentedRaftLogWorker was interrupted, exiting. There are 0 tasks remaining in the queue.
2019-10-14 14:42:31,967 [f9748ec4-5d8a-4dfc-8690-85b8cdac3f5d@group-EA752D978E74-StateMachineUpdater] INFO  ratis.ContainerStateMachine (ContainerStateMachine.java:takeSnapshot(289)) - group-EA752D978E74: Taking a snapshot at:(t:1, i:15) file /workdir/hadoop-ozone/integration-test/target/test-dir/MiniOzoneClusterImpl-669d0a42-2836-47aa-b55b-95c9a6dd1017/datanode-3/data/ratis/b3ee6bb5-4f08-43b7-8ba8-ea752d978e74/sm/snapshot.1_15
2019-10-14 14:42:31,967 [grpc-default-executor-4] WARN  server.GrpcServerProtocolService (LogUtils.java:warn(134)) - caa892f0-76ff-4c1e-b30f-b7c59842badc: installSnapshot onError, lastRequest: f9748ec4-5d8a-4dfc-8690-85b8cdac3f5d->caa892f0-76ff-4c1e-b30f-b7c59842badc#21-t2, previous=(t:2, i:0), leaderCommit=0, initializing? false, entries: <empty>: org.apache.ratis.thirdparty.io.grpc.StatusRuntimeException: CANCELLED: cancelled before receiving half close
2019-10-14 14:42:31,967 [ForkJoinPool.commonPool-worker-0] INFO  impl.StateMachineUpdater (StateMachineUpdater.java:stopAndJoin(125)) - f9748ec4-5d8a-4dfc-8690-85b8cdac3f5d@group-EA752D978E74-StateMachineUpdater: set stopIndex = 16
2019-10-14 14:42:31,969 [main] INFO  segmented.SegmentedRaftLogWorker (SegmentedRaftLogWorker.java:close(228)) - f9748ec4-5d8a-4dfc-8690-85b8cdac3f5d@group-026CFA11C8A1-SegmentedRaftLogWorker close()
2019-10-14 14:42:31,972 [main] INFO  impl.RaftServerImpl (RaftServerImpl.java:lambda$shutdown$3(251)) - f9748ec4-5d8a-4dfc-8690-85b8cdac3f5d@group-E0B7C1D5C8D3: shutdown
2019-10-14 14:42:31,973 [main] INFO  util.JmxRegister (JmxRegister.java:unregister(73)) - Successfully un-registered JMX Bean with object name Ratis:service=RaftServer,group=group-E0B7C1D5C8D3,id=f9748ec4-5d8a-4dfc-8690-85b8cdac3f5d
2019-10-14 14:42:31,973 [main] INFO  impl.RoleInfo (RoleInfo.java:shutdownLeaderState(104)) - f9748ec4-5d8a-4dfc-8690-85b8cdac3f5d: shutdown LeaderState
2019-10-14 14:42:31,975 [main] INFO  impl.PendingRequests (PendingRequests.java:sendNotLeaderResponses(202)) - f9748ec4-5d8a-4dfc-8690-85b8cdac3f5d-PendingRequests: sendNotLeaderResponses
2019-10-14 14:42:31,975 [org.apache.ratis.server.impl.LogAppender$AppenderDaemon$$Lambda$455/1364555379@4399ef5e] WARN  server.GrpcLogAppender (GrpcLogAppender.java:mayWait(143)) - f9748ec4-5d8a-4dfc-8690-85b8cdac3f5d@group-E0B7C1D5C8D3->07a15819-e4fc-4072-82ac-b3e77a99d12a-GrpcLogAppender: Wait interrupted by java.lang.InterruptedException
2019-10-14 14:42:31,975 [org.apache.ratis.server.impl.LogAppender$AppenderDaemon$$Lambda$455/1364555379@573a1276] WARN  server.GrpcLogAppender (GrpcLogAppender.java:mayWait(143)) - f9748ec4-5d8a-4dfc-8690-85b8cdac3f5d@group-E0B7C1D5C8D3->caa892f0-76ff-4c1e-b30f-b7c59842badc-GrpcLogAppender: Wait interrupted by java.lang.InterruptedException
2019-10-14 14:42:31,976 [main] INFO  impl.StateMachineUpdater (StateMachineUpdater.java:stopAndJoin(125)) - f9748ec4-5d8a-4dfc-8690-85b8cdac3f5d@group-E0B7C1D5C8D3-StateMachineUpdater: set stopIndex = 0
2019-10-14 14:42:31,976 [main] INFO  impl.RaftServerImpl (ServerState.java:close(385)) - f9748ec4-5d8a-4dfc-8690-85b8cdac3f5d@group-E0B7C1D5C8D3: closes. applyIndex: 0
2019-10-14 14:42:31,977 [f9748ec4-5d8a-4dfc-8690-85b8cdac3f5d@group-E0B7C1D5C8D3-SegmentedRaftLogWorker] INFO  segmented.SegmentedRaftLogWorker (SegmentedRaftLogWorker.java:run(313)) - f9748ec4-5d8a-4dfc-8690-85b8cdac3f5d@group-E0B7C1D5C8D3-SegmentedRaftLogWorker was interrupted, exiting. There are 0 tasks remaining in the queue.
2019-10-14 14:42:31,978 [main] INFO  segmented.SegmentedRaftLogWorker (SegmentedRaftLogWorker.java:close(228)) - f9748ec4-5d8a-4dfc-8690-85b8cdac3f5d@group-E0B7C1D5C8D3-SegmentedRaftLogWorker close()
2019-10-14 14:42:31,981 [main] INFO  impl.RaftServerImpl (RaftServerImpl.java:lambda$shutdown$3(251)) - f9748ec4-5d8a-4dfc-8690-85b8cdac3f5d@group-71A15BF1B0A3: shutdown
2019-10-14 14:42:31,981 [main] INFO  util.JmxRegister (JmxRegister.java:unregister(73)) - Successfully un-registered JMX Bean with object name Ratis:service=RaftServer,group=group-71A15BF1B0A3,id=f9748ec4-5d8a-4dfc-8690-85b8cdac3f5d
2019-10-14 14:42:31,981 [main] INFO  impl.RoleInfo (RoleInfo.java:shutdownLeaderState(104)) - f9748ec4-5d8a-4dfc-8690-85b8cdac3f5d: shutdown LeaderState
2019-10-14 14:42:31,981 [main] INFO  impl.PendingRequests (PendingRequests.java:sendNotLeaderResponses(202)) - f9748ec4-5d8a-4dfc-8690-85b8cdac3f5d-PendingRequests: sendNotLeaderResponses
2019-10-14 14:42:31,982 [main] INFO  impl.StateMachineUpdater (StateMachineUpdater.java:stopAndJoin(125)) - f9748ec4-5d8a-4dfc-8690-85b8cdac3f5d@group-71A15BF1B0A3-StateMachineUpdater: set stopIndex = 0
2019-10-14 14:42:31,982 [main] INFO  impl.RaftServerImpl (ServerState.java:close(385)) - f9748ec4-5d8a-4dfc-8690-85b8cdac3f5d@group-71A15BF1B0A3: closes. applyIndex: 0
2019-10-14 14:42:31,983 [f9748ec4-5d8a-4dfc-8690-85b8cdac3f5d@group-71A15BF1B0A3-SegmentedRaftLogWorker] INFO  segmented.SegmentedRaftLogWorker (SegmentedRaftLogWorker.java:run(313)) - f9748ec4-5d8a-4dfc-8690-85b8cdac3f5d@group-71A15BF1B0A3-SegmentedRaftLogWorker was interrupted, exiting. There are 0 tasks remaining in the queue.
2019-10-14 14:42:31,984 [f9748ec4-5d8a-4dfc-8690-85b8cdac3f5d@group-EA752D978E74-StateMachineUpdater] INFO  ratis.ContainerStateMachine (ContainerStateMachine.java:takeSnapshot(300)) - group-EA752D978E74: Finished taking a snapshot at:(t:1, i:15) file:/workdir/hadoop-ozone/integration-test/target/test-dir/MiniOzoneClusterImpl-669d0a42-2836-47aa-b55b-95c9a6dd1017/datanode-3/data/ratis/b3ee6bb5-4f08-43b7-8ba8-ea752d978e74/sm/snapshot.1_15 time:17
2019-10-14 14:42:31,984 [main] INFO  segmented.SegmentedRaftLogWorker (SegmentedRaftLogWorker.java:close(228)) - f9748ec4-5d8a-4dfc-8690-85b8cdac3f5d@group-71A15BF1B0A3-SegmentedRaftLogWorker close()
2019-10-14 14:42:31,984 [f9748ec4-5d8a-4dfc-8690-85b8cdac3f5d@group-EA752D978E74-StateMachineUpdater] INFO  impl.StateMachineUpdater (StateMachineUpdater.java:takeSnapshot(258)) - f9748ec4-5d8a-4dfc-8690-85b8cdac3f5d@group-EA752D978E74-StateMachineUpdater: Took a snapshot at index 15
2019-10-14 14:42:31,988 [f9748ec4-5d8a-4dfc-8690-85b8cdac3f5d@group-EA752D978E74-StateMachineUpdater] INFO  impl.StateMachineUpdater (StateMachineUpdater.java:lambda$new$0(83)) - f9748ec4-5d8a-4dfc-8690-85b8cdac3f5d@group-EA752D978E74-StateMachineUpdater: snapshotIndex: updateIncreasingly -1 -> 15
2019-10-14 14:42:31,988 [f9748ec4-5d8a-4dfc-8690-85b8cdac3f5d@group-EA752D978E74-StateMachineUpdater] INFO  ratis.ContainerStateMachine (ContainerStateMachine.java:takeSnapshot(289)) - group-EA752D978E74: Taking a snapshot at:(t:1, i:15) file /workdir/hadoop-ozone/integration-test/target/test-dir/MiniOzoneClusterImpl-669d0a42-2836-47aa-b55b-95c9a6dd1017/datanode-3/data/ratis/b3ee6bb5-4f08-43b7-8ba8-ea752d978e74/sm/snapshot.1_15
2019-10-14 14:42:32,001 [f9748ec4-5d8a-4dfc-8690-85b8cdac3f5d@group-EA752D978E74-StateMachineUpdater] INFO  ratis.ContainerStateMachine (ContainerStateMachine.java:takeSnapshot(300)) - group-EA752D978E74: Finished taking a snapshot at:(t:1, i:15) file:/workdir/hadoop-ozone/integration-test/target/test-dir/MiniOzoneClusterImpl-669d0a42-2836-47aa-b55b-95c9a6dd1017/datanode-3/data/ratis/b3ee6bb5-4f08-43b7-8ba8-ea752d978e74/sm/snapshot.1_15 time:12
2019-10-14 14:42:32,001 [f9748ec4-5d8a-4dfc-8690-85b8cdac3f5d@group-EA752D978E74-StateMachineUpdater] INFO  impl.StateMachineUpdater (StateMachineUpdater.java:takeSnapshot(258)) - f9748ec4-5d8a-4dfc-8690-85b8cdac3f5d@group-EA752D978E74-StateMachineUpdater: Took a snapshot at index 15
2019-10-14 14:42:32,001 [f9748ec4-5d8a-4dfc-8690-85b8cdac3f5d@group-EA752D978E74-StateMachineUpdater] INFO  impl.StateMachineUpdater (StateMachineUpdater.java:lambda$new$0(83)) - f9748ec4-5d8a-4dfc-8690-85b8cdac3f5d@group-EA752D978E74-StateMachineUpdater: snapshotIndex: updateIncreasingly 15 -> 15
2019-10-14 14:42:32,001 [ForkJoinPool.commonPool-worker-0] INFO  impl.RaftServerImpl (ServerState.java:close(385)) - f9748ec4-5d8a-4dfc-8690-85b8cdac3f5d@group-EA752D978E74: closes. applyIndex: 16
2019-10-14 14:42:32,003 [f9748ec4-5d8a-4dfc-8690-85b8cdac3f5d@group-EA752D978E74-SegmentedRaftLogWorker] INFO  segmented.SegmentedRaftLogWorker (SegmentedRaftLogWorker.java:run(313)) - f9748ec4-5d8a-4dfc-8690-85b8cdac3f5d@group-EA752D978E74-SegmentedRaftLogWorker was interrupted, exiting. There are 0 tasks remaining in the queue.
2019-10-14 14:42:32,006 [ForkJoinPool.commonPool-worker-0] INFO  segmented.SegmentedRaftLogWorker (SegmentedRaftLogWorker.java:close(228)) - f9748ec4-5d8a-4dfc-8690-85b8cdac3f5d@group-EA752D978E74-SegmentedRaftLogWorker close()
2019-10-14 14:42:32,012 [main] INFO  server.GrpcService (GrpcService.java:closeImpl(164)) - f9748ec4-5d8a-4dfc-8690-85b8cdac3f5d: shutdown server with port 44598 now
2019-10-14 14:42:32,016 [grpc-default-executor-0] WARN  server.GrpcServerProtocolService (LogUtils.java:warn(134)) - f9748ec4-5d8a-4dfc-8690-85b8cdac3f5d: installSnapshot onError, lastRequest: caa892f0-76ff-4c1e-b30f-b7c59842badc->f9748ec4-5d8a-4dfc-8690-85b8cdac3f5d#19-t4, previous=(t:4, i:0), leaderCommit=0, initializing? false, entries: <empty>: org.apache.ratis.thirdparty.io.grpc.StatusRuntimeException: CANCELLED: cancelled before receiving half close
2019-10-14 14:42:32,016 [grpc-default-executor-8] WARN  client.GrpcClientProtocolService (LogUtils.java:warn(134)) - 1-UnorderedRequestStreamObserver1: onError: org.apache.ratis.thirdparty.io.grpc.StatusRuntimeException: CANCELLED: cancelled before receiving half close
2019-10-14 14:42:32,016 [grpc-default-executor-4] WARN  server.GrpcLogAppender (LogUtils.java:warn(134)) - caa892f0-76ff-4c1e-b30f-b7c59842badc@group-026CFA11C8A1->f9748ec4-5d8a-4dfc-8690-85b8cdac3f5d-AppendLogResponseHandler: Failed appendEntries: org.apache.ratis.thirdparty.io.grpc.StatusRuntimeException: CANCELLED: HTTP/2 error code: CANCEL
Received Rst Stream
2019-10-14 14:42:32,016 [grpc-default-executor-12] WARN  server.GrpcLogAppender (LogUtils.java:warn(134)) - caa892f0-76ff-4c1e-b30f-b7c59842badc@group-382452901537->f9748ec4-5d8a-4dfc-8690-85b8cdac3f5d-AppendLogResponseHandler: Failed appendEntries: org.apache.ratis.thirdparty.io.grpc.StatusRuntimeException: CANCELLED: HTTP/2 error code: CANCEL
Received Rst Stream
2019-10-14 14:42:32,016 [main] INFO  server.GrpcService (GrpcService.java:closeImpl(172)) - f9748ec4-5d8a-4dfc-8690-85b8cdac3f5d: shutdown server with port 44598 successfully
2019-10-14 14:42:32,016 [grpc-default-executor-7] WARN  server.GrpcServerProtocolService (LogUtils.java:warn(134)) - f9748ec4-5d8a-4dfc-8690-85b8cdac3f5d: installSnapshot onError, lastRequest: caa892f0-76ff-4c1e-b30f-b7c59842badc->f9748ec4-5d8a-4dfc-8690-85b8cdac3f5d#23-t1, previous=(t:1, i:0), leaderCommit=0, initializing? false, entries: <empty>: org.apache.ratis.thirdparty.io.grpc.StatusRuntimeException: CANCELLED: cancelled before receiving half close
2019-10-14 14:42:32,016 [grpc-default-executor-12] INFO  impl.FollowerInfo (FollowerInfo.java:lambda$new$0(51)) - caa892f0-76ff-4c1e-b30f-b7c59842badc@group-382452901537->f9748ec4-5d8a-4dfc-8690-85b8cdac3f5d: nextIndex: updateUnconditionally 1 -> 0
2019-10-14 14:42:32,016 [grpc-default-executor-4] INFO  impl.FollowerInfo (FollowerInfo.java:lambda$new$0(51)) - caa892f0-76ff-4c1e-b30f-b7c59842badc@group-026CFA11C8A1->f9748ec4-5d8a-4dfc-8690-85b8cdac3f5d: nextIndex: updateUnconditionally 1 -> 0
2019-10-14 14:42:32,022 [refreshUsed-/workdir/hadoop-ozone/integration-test/target/test-dir/MiniOzoneClusterImpl-669d0a42-2836-47aa-b55b-95c9a6dd1017/datanode-3/data/containers] WARN  fs.CachingGetSpaceUsed (CachingGetSpaceUsed.java:run(183)) - Thread Interrupted waiting to refresh disk information: sleep interrupted
2019-10-14 14:42:32,045 [main] INFO  utils.BackgroundService (BackgroundService.java:shutdown(148)) - Shutting down service BlockDeletingService
2019-10-14 14:42:32,051 [main] INFO  statemachine.DatanodeStateMachine (DatanodeStateMachine.java:stopDaemon(395)) - Ozone container server stopped.
2019-10-14 14:42:32,053 [main] INFO  handler.ContextHandler (ContextHandler.java:doStop(910)) - Stopped o.e.j.w.WebAppContext@518bfd90{/,null,UNAVAILABLE}{/hddsDatanode}
2019-10-14 14:42:32,053 [main] INFO  server.AbstractConnector (AbstractConnector.java:doStop(318)) - Stopped ServerConnector@317a118b{HTTP/1.1,[http/1.1]}{0.0.0.0:0}
2019-10-14 14:42:32,054 [main] INFO  handler.ContextHandler (ContextHandler.java:doStop(910)) - Stopped o.e.j.s.ServletContextHandler@1305c126{/static,jar:file:/home/user/.m2/repository/org/apache/hadoop/hadoop-hdds-container-service/0.5.0-SNAPSHOT/hadoop-hdds-container-service-0.5.0-SNAPSHOT.jar!/webapps/static,UNAVAILABLE}
2019-10-14 14:42:32,054 [main] INFO  handler.ContextHandler (ContextHandler.java:doStop(910)) - Stopped o.e.j.s.ServletContextHandler@5e7c141d{/logs,file:///workdir/hadoop-ozone/integration-test/target/log,UNAVAILABLE}
2019-10-14 14:42:32,273 [grpc-default-executor-12] WARN  server.GrpcLogAppender (LogUtils.java:warn(134)) - caa892f0-76ff-4c1e-b30f-b7c59842badc@group-382452901537->07a15819-e4fc-4072-82ac-b3e77a99d12a-AppendLogResponseHandler: Failed appendEntries: org.apache.ratis.thirdparty.io.grpc.StatusRuntimeException: UNAVAILABLE: io exception
2019-10-14 14:42:32,274 [grpc-default-executor-12] INFO  impl.FollowerInfo (FollowerInfo.java:lambda$new$0(51)) - caa892f0-76ff-4c1e-b30f-b7c59842badc@group-382452901537->07a15819-e4fc-4072-82ac-b3e77a99d12a: nextIndex: updateUnconditionally 0 -> 0
2019-10-14 14:42:32,312 [grpc-default-executor-12] WARN  server.GrpcLogAppender (LogUtils.java:warn(134)) - caa892f0-76ff-4c1e-b30f-b7c59842badc@group-382452901537->f9748ec4-5d8a-4dfc-8690-85b8cdac3f5d-AppendLogResponseHandler: Failed appendEntries: org.apache.ratis.thirdparty.io.grpc.StatusRuntimeException: UNAVAILABLE: io exception
2019-10-14 14:42:32,313 [grpc-default-executor-12] INFO  impl.FollowerInfo (FollowerInfo.java:lambda$new$0(51)) - caa892f0-76ff-4c1e-b30f-b7c59842badc@group-382452901537->f9748ec4-5d8a-4dfc-8690-85b8cdac3f5d: nextIndex: updateUnconditionally 0 -> 0
2019-10-14 14:42:32,327 [grpc-default-executor-3] WARN  server.GrpcLogAppender (LogUtils.java:warn(134)) - caa892f0-76ff-4c1e-b30f-b7c59842badc@group-026CFA11C8A1->07a15819-e4fc-4072-82ac-b3e77a99d12a-AppendLogResponseHandler: Failed appendEntries: org.apache.ratis.thirdparty.io.grpc.StatusRuntimeException: UNAVAILABLE: io exception
2019-10-14 14:42:32,327 [grpc-default-executor-3] INFO  impl.FollowerInfo (FollowerInfo.java:lambda$new$0(51)) - caa892f0-76ff-4c1e-b30f-b7c59842badc@group-026CFA11C8A1->07a15819-e4fc-4072-82ac-b3e77a99d12a: nextIndex: updateUnconditionally 0 -> 0
2019-10-14 14:42:32,375 [grpc-default-executor-9] WARN  server.GrpcLogAppender (LogUtils.java:warn(134)) - caa892f0-76ff-4c1e-b30f-b7c59842badc@group-026CFA11C8A1->f9748ec4-5d8a-4dfc-8690-85b8cdac3f5d-AppendLogResponseHandler: Failed appendEntries: org.apache.ratis.thirdparty.io.grpc.StatusRuntimeException: UNAVAILABLE: io exception
2019-10-14 14:42:32,375 [grpc-default-executor-9] INFO  impl.FollowerInfo (FollowerInfo.java:lambda$new$0(51)) - caa892f0-76ff-4c1e-b30f-b7c59842badc@group-026CFA11C8A1->f9748ec4-5d8a-4dfc-8690-85b8cdac3f5d: nextIndex: updateUnconditionally 0 -> 0
2019-10-14 14:42:32,775 [grpc-default-executor-3] WARN  server.GrpcLogAppender (LogUtils.java:warn(134)) - caa892f0-76ff-4c1e-b30f-b7c59842badc@group-382452901537->07a15819-e4fc-4072-82ac-b3e77a99d12a-AppendLogResponseHandler: Failed appendEntries: org.apache.ratis.thirdparty.io.grpc.StatusRuntimeException: UNAVAILABLE: io exception
2019-10-14 14:42:32,776 [grpc-default-executor-3] INFO  impl.FollowerInfo (FollowerInfo.java:lambda$new$0(51)) - caa892f0-76ff-4c1e-b30f-b7c59842badc@group-382452901537->07a15819-e4fc-4072-82ac-b3e77a99d12a: nextIndex: updateUnconditionally 0 -> 0
2019-10-14 14:42:32,814 [grpc-default-executor-12] WARN  server.GrpcLogAppender (LogUtils.java:warn(134)) - caa892f0-76ff-4c1e-b30f-b7c59842badc@group-382452901537->f9748ec4-5d8a-4dfc-8690-85b8cdac3f5d-AppendLogResponseHandler: Failed appendEntries: org.apache.ratis.thirdparty.io.grpc.StatusRuntimeException: UNAVAILABLE: io exception
2019-10-14 14:42:32,815 [grpc-default-executor-12] INFO  impl.FollowerInfo (FollowerInfo.java:lambda$new$0(51)) - caa892f0-76ff-4c1e-b30f-b7c59842badc@group-382452901537->f9748ec4-5d8a-4dfc-8690-85b8cdac3f5d: nextIndex: updateUnconditionally 0 -> 0
2019-10-14 14:42:32,828 [grpc-default-executor-9] WARN  server.GrpcLogAppender (LogUtils.java:warn(134)) - caa892f0-76ff-4c1e-b30f-b7c59842badc@group-026CFA11C8A1->07a15819-e4fc-4072-82ac-b3e77a99d12a-AppendLogResponseHandler: Failed appendEntries: org.apache.ratis.thirdparty.io.grpc.StatusRuntimeException: UNAVAILABLE: io exception
2019-10-14 14:42:32,828 [grpc-default-executor-9] INFO  impl.FollowerInfo (FollowerInfo.java:lambda$new$0(51)) - caa892f0-76ff-4c1e-b30f-b7c59842badc@group-026CFA11C8A1->07a15819-e4fc-4072-82ac-b3e77a99d12a: nextIndex: updateUnconditionally 0 -> 0
2019-10-14 14:42:32,876 [grpc-default-executor-9] WARN  server.GrpcLogAppender (LogUtils.java:warn(134)) - caa892f0-76ff-4c1e-b30f-b7c59842badc@group-026CFA11C8A1->f9748ec4-5d8a-4dfc-8690-85b8cdac3f5d-AppendLogResponseHandler: Failed appendEntries: org.apache.ratis.thirdparty.io.grpc.StatusRuntimeException: UNAVAILABLE: io exception
2019-10-14 14:42:32,877 [grpc-default-executor-9] INFO  impl.FollowerInfo (FollowerInfo.java:lambda$new$0(51)) - caa892f0-76ff-4c1e-b30f-b7c59842badc@group-026CFA11C8A1->f9748ec4-5d8a-4dfc-8690-85b8cdac3f5d: nextIndex: updateUnconditionally 0 -> 0
2019-10-14 14:42:33,276 [grpc-default-executor-9] WARN  server.GrpcLogAppender (LogUtils.java:warn(134)) - caa892f0-76ff-4c1e-b30f-b7c59842badc@group-382452901537->07a15819-e4fc-4072-82ac-b3e77a99d12a-AppendLogResponseHandler: Failed appendEntries: org.apache.ratis.thirdparty.io.grpc.StatusRuntimeException: UNAVAILABLE: io exception
2019-10-14 14:42:33,277 [grpc-default-executor-9] INFO  impl.FollowerInfo (FollowerInfo.java:lambda$new$0(51)) - caa892f0-76ff-4c1e-b30f-b7c59842badc@group-382452901537->07a15819-e4fc-4072-82ac-b3e77a99d12a: nextIndex: updateUnconditionally 0 -> 0
2019-10-14 14:42:33,314 [grpc-default-executor-3] WARN  server.GrpcLogAppender (LogUtils.java:warn(134)) - caa892f0-76ff-4c1e-b30f-b7c59842badc@group-382452901537->f9748ec4-5d8a-4dfc-8690-85b8cdac3f5d-AppendLogResponseHandler: Failed appendEntries: org.apache.ratis.thirdparty.io.grpc.StatusRuntimeException: UNAVAILABLE: io exception
2019-10-14 14:42:33,315 [grpc-default-executor-3] INFO  impl.FollowerInfo (FollowerInfo.java:lambda$new$0(51)) - caa892f0-76ff-4c1e-b30f-b7c59842badc@group-382452901537->f9748ec4-5d8a-4dfc-8690-85b8cdac3f5d: nextIndex: updateUnconditionally 0 -> 0
2019-10-14 14:42:33,329 [grpc-default-executor-9] WARN  server.GrpcLogAppender (LogUtils.java:warn(134)) - caa892f0-76ff-4c1e-b30f-b7c59842badc@group-026CFA11C8A1->07a15819-e4fc-4072-82ac-b3e77a99d12a-AppendLogResponseHandler: Failed appendEntries: org.apache.ratis.thirdparty.io.grpc.StatusRuntimeException: UNAVAILABLE: io exception
2019-10-14 14:42:33,329 [grpc-default-executor-9] INFO  impl.FollowerInfo (FollowerInfo.java:lambda$new$0(51)) - caa892f0-76ff-4c1e-b30f-b7c59842badc@group-026CFA11C8A1->07a15819-e4fc-4072-82ac-b3e77a99d12a: nextIndex: updateUnconditionally 0 -> 0
2019-10-14 14:42:33,378 [grpc-default-executor-7] WARN  server.GrpcLogAppender (LogUtils.java:warn(134)) - caa892f0-76ff-4c1e-b30f-b7c59842badc@group-026CFA11C8A1->f9748ec4-5d8a-4dfc-8690-85b8cdac3f5d-AppendLogResponseHandler: Failed appendEntries: org.apache.ratis.thirdparty.io.grpc.StatusRuntimeException: UNAVAILABLE: io exception
2019-10-14 14:42:33,378 [grpc-default-executor-7] INFO  impl.FollowerInfo (FollowerInfo.java:lambda$new$0(51)) - caa892f0-76ff-4c1e-b30f-b7c59842badc@group-026CFA11C8A1->f9748ec4-5d8a-4dfc-8690-85b8cdac3f5d: nextIndex: updateUnconditionally 0 -> 0
2019-10-14 14:42:33,745 [Thread-493] INFO  impl.FollowerState (FollowerState.java:run(106)) - caa892f0-76ff-4c1e-b30f-b7c59842badc:group-E0B7C1D5C8D3 changes to CANDIDATE, lastRpcTime:1937, electionTimeout:1072ms
2019-10-14 14:42:33,746 [Thread-493] INFO  impl.RoleInfo (RoleInfo.java:shutdownFollowerState(121)) - caa892f0-76ff-4c1e-b30f-b7c59842badc: shutdown FollowerState
2019-10-14 14:42:33,746 [Thread-493] INFO  impl.RaftServerImpl (RaftServerImpl.java:setRole(174)) - caa892f0-76ff-4c1e-b30f-b7c59842badc@group-E0B7C1D5C8D3: changes role from  FOLLOWER to CANDIDATE at term 2 for changeToCandidate
2019-10-14 14:42:33,746 [Thread-493] INFO  impl.RoleInfo (RoleInfo.java:updateAndGet(143)) - caa892f0-76ff-4c1e-b30f-b7c59842badc: start LeaderElection
2019-10-14 14:42:33,747 [caa892f0-76ff-4c1e-b30f-b7c59842badc@group-E0B7C1D5C8D3:LeaderElection40] INFO  impl.RaftServerImpl (ServerState.java:setLeader(253)) - caa892f0-76ff-4c1e-b30f-b7c59842badc@group-E0B7C1D5C8D3: change Leader from f9748ec4-5d8a-4dfc-8690-85b8cdac3f5d to null at term 2 for initElection
2019-10-14 14:42:33,761 [caa892f0-76ff-4c1e-b30f-b7c59842badc@group-E0B7C1D5C8D3:LeaderElection40] INFO  impl.LeaderElection (LeaderElection.java:askForVotes(182)) - caa892f0-76ff-4c1e-b30f-b7c59842badc@group-E0B7C1D5C8D3:LeaderElection40: begin an election at term 3 for 0: [07a15819-e4fc-4072-82ac-b3e77a99d12a:192.168.5.159:45599, f9748ec4-5d8a-4dfc-8690-85b8cdac3f5d:192.168.5.159:44598, caa892f0-76ff-4c1e-b30f-b7c59842badc:192.168.5.159:39406], old=null
2019-10-14 14:42:33,768 [caa892f0-76ff-4c1e-b30f-b7c59842badc@group-E0B7C1D5C8D3:LeaderElection40] INFO  impl.LeaderElection (LogUtils.java:infoOrTrace(149)) - caa892f0-76ff-4c1e-b30f-b7c59842badc@group-E0B7C1D5C8D3:LeaderElection40 got exception when requesting votes: {}
java.util.concurrent.ExecutionException: org.apache.ratis.thirdparty.io.grpc.StatusRuntimeException: UNAVAILABLE: io exception
	at java.util.concurrent.FutureTask.report(FutureTask.java:122)
	at java.util.concurrent.FutureTask.get(FutureTask.java:192)
	at org.apache.ratis.server.impl.LeaderElection.waitForResults(LeaderElection.java:263)
	at org.apache.ratis.server.impl.LeaderElection.askForVotes(LeaderElection.java:201)
	at org.apache.ratis.server.impl.LeaderElection.run(LeaderElection.java:133)
	at java.lang.Thread.run(Thread.java:748)
Caused by: org.apache.ratis.thirdparty.io.grpc.StatusRuntimeException: UNAVAILABLE: io exception
	at org.apache.ratis.thirdparty.io.grpc.stub.ClientCalls.toStatusRuntimeException(ClientCalls.java:233)
	at org.apache.ratis.thirdparty.io.grpc.stub.ClientCalls.getUnchecked(ClientCalls.java:214)
	at org.apache.ratis.thirdparty.io.grpc.stub.ClientCalls.blockingUnaryCall(ClientCalls.java:139)
	at org.apache.ratis.proto.grpc.RaftServerProtocolServiceGrpc$RaftServerProtocolServiceBlockingStub.requestVote(RaftServerProtocolServiceGrpc.java:265)
	at org.apache.ratis.grpc.server.GrpcServerProtocolClient.requestVote(GrpcServerProtocolClient.java:90)
	at org.apache.ratis.grpc.server.GrpcService.requestVote(GrpcService.java:204)
	at org.apache.ratis.server.impl.LeaderElection.lambda$submitRequests$1(LeaderElection.java:238)
	at java.util.concurrent.FutureTask.run(FutureTask.java:266)
	at java.util.concurrent.Executors$RunnableAdapter.call(Executors.java:511)
	at java.util.concurrent.FutureTask.run(FutureTask.java:266)
	at java.util.concurrent.ThreadPoolExecutor.runWorker(ThreadPoolExecutor.java:1149)
	at java.util.concurrent.ThreadPoolExecutor$Worker.run(ThreadPoolExecutor.java:624)
	... 1 more
Caused by: org.apache.ratis.thirdparty.io.netty.channel.AbstractChannel$AnnotatedConnectException: Connection refused: /192.168.5.159:45599
	at sun.nio.ch.SocketChannelImpl.checkConnect(Native Method)
	at sun.nio.ch.SocketChannelImpl.finishConnect(SocketChannelImpl.java:717)
	at org.apache.ratis.thirdparty.io.netty.channel.socket.nio.NioSocketChannel.doFinishConnect(NioSocketChannel.java:327)
	at org.apache.ratis.thirdparty.io.netty.channel.nio.AbstractNioChannel$AbstractNioUnsafe.finishConnect(AbstractNioChannel.java:340)
	at org.apache.ratis.thirdparty.io.netty.channel.nio.NioEventLoop.processSelectedKey(NioEventLoop.java:632)
	at org.apache.ratis.thirdparty.io.netty.channel.nio.NioEventLoop.processSelectedKeysOptimized(NioEventLoop.java:579)
	at org.apache.ratis.thirdparty.io.netty.channel.nio.NioEventLoop.processSelectedKeys(NioEventLoop.java:496)
	at org.apache.ratis.thirdparty.io.netty.channel.nio.NioEventLoop.run(NioEventLoop.java:458)
	at org.apache.ratis.thirdparty.io.netty.util.concurrent.SingleThreadEventExecutor$5.run(SingleThreadEventExecutor.java:897)
	at org.apache.ratis.thirdparty.io.netty.util.concurrent.FastThreadLocalRunnable.run(FastThreadLocalRunnable.java:30)
	... 1 more
Caused by: java.net.ConnectException: Connection refused
	... 11 more
2019-10-14 14:42:33,772 [caa892f0-76ff-4c1e-b30f-b7c59842badc@group-E0B7C1D5C8D3:LeaderElection40] INFO  impl.LeaderElection (LogUtils.java:infoOrTrace(149)) - caa892f0-76ff-4c1e-b30f-b7c59842badc@group-E0B7C1D5C8D3:LeaderElection40 got exception when requesting votes: {}
java.util.concurrent.ExecutionException: org.apache.ratis.thirdparty.io.grpc.StatusRuntimeException: UNAVAILABLE: io exception
	at java.util.concurrent.FutureTask.report(FutureTask.java:122)
	at java.util.concurrent.FutureTask.get(FutureTask.java:192)
	at org.apache.ratis.server.impl.LeaderElection.waitForResults(LeaderElection.java:263)
	at org.apache.ratis.server.impl.LeaderElection.askForVotes(LeaderElection.java:201)
	at org.apache.ratis.server.impl.LeaderElection.run(LeaderElection.java:133)
	at java.lang.Thread.run(Thread.java:748)
Caused by: org.apache.ratis.thirdparty.io.grpc.StatusRuntimeException: UNAVAILABLE: io exception
	at org.apache.ratis.thirdparty.io.grpc.stub.ClientCalls.toStatusRuntimeException(ClientCalls.java:233)
	at org.apache.ratis.thirdparty.io.grpc.stub.ClientCalls.getUnchecked(ClientCalls.java:214)
	at org.apache.ratis.thirdparty.io.grpc.stub.ClientCalls.blockingUnaryCall(ClientCalls.java:139)
	at org.apache.ratis.proto.grpc.RaftServerProtocolServiceGrpc$RaftServerProtocolServiceBlockingStub.requestVote(RaftServerProtocolServiceGrpc.java:265)
	at org.apache.ratis.grpc.server.GrpcServerProtocolClient.requestVote(GrpcServerProtocolClient.java:90)
	at org.apache.ratis.grpc.server.GrpcService.requestVote(GrpcService.java:204)
	at org.apache.ratis.server.impl.LeaderElection.lambda$submitRequests$1(LeaderElection.java:238)
	at java.util.concurrent.FutureTask.run(FutureTask.java:266)
	at java.util.concurrent.Executors$RunnableAdapter.call(Executors.java:511)
	at java.util.concurrent.FutureTask.run(FutureTask.java:266)
	at java.util.concurrent.ThreadPoolExecutor.runWorker(ThreadPoolExecutor.java:1149)
	at java.util.concurrent.ThreadPoolExecutor$Worker.run(ThreadPoolExecutor.java:624)
	... 1 more
Caused by: org.apache.ratis.thirdparty.io.netty.channel.AbstractChannel$AnnotatedConnectException: Connection refused: /192.168.5.159:44598
	at sun.nio.ch.SocketChannelImpl.checkConnect(Native Method)
	at sun.nio.ch.SocketChannelImpl.finishConnect(SocketChannelImpl.java:717)
	at org.apache.ratis.thirdparty.io.netty.channel.socket.nio.NioSocketChannel.doFinishConnect(NioSocketChannel.java:327)
	at org.apache.ratis.thirdparty.io.netty.channel.nio.AbstractNioChannel$AbstractNioUnsafe.finishConnect(AbstractNioChannel.java:340)
	at org.apache.ratis.thirdparty.io.netty.channel.nio.NioEventLoop.processSelectedKey(NioEventLoop.java:632)
	at org.apache.ratis.thirdparty.io.netty.channel.nio.NioEventLoop.processSelectedKeysOptimized(NioEventLoop.java:579)
	at org.apache.ratis.thirdparty.io.netty.channel.nio.NioEventLoop.processSelectedKeys(NioEventLoop.java:496)
	at org.apache.ratis.thirdparty.io.netty.channel.nio.NioEventLoop.run(NioEventLoop.java:458)
	at org.apache.ratis.thirdparty.io.netty.util.concurrent.SingleThreadEventExecutor$5.run(SingleThreadEventExecutor.java:897)
	at org.apache.ratis.thirdparty.io.netty.util.concurrent.FastThreadLocalRunnable.run(FastThreadLocalRunnable.java:30)
	... 1 more
Caused by: java.net.ConnectException: Connection refused
	... 11 more
2019-10-14 14:42:33,774 [caa892f0-76ff-4c1e-b30f-b7c59842badc@group-E0B7C1D5C8D3:LeaderElection40] INFO  impl.LeaderElection (LeaderElection.java:logAndReturn(56)) - caa892f0-76ff-4c1e-b30f-b7c59842badc@group-E0B7C1D5C8D3:LeaderElection40: Election REJECTED; received 0 response(s) [] and 2 exception(s); caa892f0-76ff-4c1e-b30f-b7c59842badc@group-E0B7C1D5C8D3:t3, leader=null, voted=caa892f0-76ff-4c1e-b30f-b7c59842badc, raftlog=caa892f0-76ff-4c1e-b30f-b7c59842badc@group-E0B7C1D5C8D3-SegmentedRaftLog:OPENED:c0,f0,i0, conf=0: [07a15819-e4fc-4072-82ac-b3e77a99d12a:192.168.5.159:45599, f9748ec4-5d8a-4dfc-8690-85b8cdac3f5d:192.168.5.159:44598, caa892f0-76ff-4c1e-b30f-b7c59842badc:192.168.5.159:39406], old=null
2019-10-14 14:42:33,774 [grpc-default-executor-7] WARN  server.GrpcLogAppender (LogUtils.java:warn(134)) - caa892f0-76ff-4c1e-b30f-b7c59842badc@group-382452901537->07a15819-e4fc-4072-82ac-b3e77a99d12a-AppendLogResponseHandler: Failed appendEntries: org.apache.ratis.thirdparty.io.grpc.StatusRuntimeException: UNAVAILABLE: io exception
2019-10-14 14:42:33,775 [caa892f0-76ff-4c1e-b30f-b7c59842badc@group-E0B7C1D5C8D3:LeaderElection40] INFO  impl.LeaderElection (LogUtils.java:infoOrTrace(149)) -   Exception 0: {}
java.util.concurrent.ExecutionException: org.apache.ratis.thirdparty.io.grpc.StatusRuntimeException: UNAVAILABLE: io exception
	at java.util.concurrent.FutureTask.report(FutureTask.java:122)
	at java.util.concurrent.FutureTask.get(FutureTask.java:192)
	at org.apache.ratis.server.impl.LeaderElection.waitForResults(LeaderElection.java:263)
	at org.apache.ratis.server.impl.LeaderElection.askForVotes(LeaderElection.java:201)
	at org.apache.ratis.server.impl.LeaderElection.run(LeaderElection.java:133)
	at java.lang.Thread.run(Thread.java:748)
Caused by: org.apache.ratis.thirdparty.io.grpc.StatusRuntimeException: UNAVAILABLE: io exception
	at org.apache.ratis.thirdparty.io.grpc.stub.ClientCalls.toStatusRuntimeException(ClientCalls.java:233)
	at org.apache.ratis.thirdparty.io.grpc.stub.ClientCalls.getUnchecked(ClientCalls.java:214)
	at org.apache.ratis.thirdparty.io.grpc.stub.ClientCalls.blockingUnaryCall(ClientCalls.java:139)
	at org.apache.ratis.proto.grpc.RaftServerProtocolServiceGrpc$RaftServerProtocolServiceBlockingStub.requestVote(RaftServerProtocolServiceGrpc.java:265)
	at org.apache.ratis.grpc.server.GrpcServerProtocolClient.requestVote(GrpcServerProtocolClient.java:90)
	at org.apache.ratis.grpc.server.GrpcService.requestVote(GrpcService.java:204)
	at org.apache.ratis.server.impl.LeaderElection.lambda$submitRequests$1(LeaderElection.java:238)
	at java.util.concurrent.FutureTask.run(FutureTask.java:266)
	at java.util.concurrent.Executors$RunnableAdapter.call(Executors.java:511)
	at java.util.concurrent.FutureTask.run(FutureTask.java:266)
	at java.util.concurrent.ThreadPoolExecutor.runWorker(ThreadPoolExecutor.java:1149)
	at java.util.concurrent.ThreadPoolExecutor$Worker.run(ThreadPoolExecutor.java:624)
	... 1 more
Caused by: org.apache.ratis.thirdparty.io.netty.channel.AbstractChannel$AnnotatedConnectException: Connection refused: /192.168.5.159:45599
	at sun.nio.ch.SocketChannelImpl.checkConnect(Native Method)
	at sun.nio.ch.SocketChannelImpl.finishConnect(SocketChannelImpl.java:717)
	at org.apache.ratis.thirdparty.io.netty.channel.socket.nio.NioSocketChannel.doFinishConnect(NioSocketChannel.java:327)
	at org.apache.ratis.thirdparty.io.netty.channel.nio.AbstractNioChannel$AbstractNioUnsafe.finishConnect(AbstractNioChannel.java:340)
	at org.apache.ratis.thirdparty.io.netty.channel.nio.NioEventLoop.processSelectedKey(NioEventLoop.java:632)
	at org.apache.ratis.thirdparty.io.netty.channel.nio.NioEventLoop.processSelectedKeysOptimized(NioEventLoop.java:579)
	at org.apache.ratis.thirdparty.io.netty.channel.nio.NioEventLoop.processSelectedKeys(NioEventLoop.java:496)
	at org.apache.ratis.thirdparty.io.netty.channel.nio.NioEventLoop.run(NioEventLoop.java:458)
	at org.apache.ratis.thirdparty.io.netty.util.concurrent.SingleThreadEventExecutor$5.run(SingleThreadEventExecutor.java:897)
	at org.apache.ratis.thirdparty.io.netty.util.concurrent.FastThreadLocalRunnable.run(FastThreadLocalRunnable.java:30)
	... 1 more
Caused by: java.net.ConnectException: Connection refused
	... 11 more
2019-10-14 14:42:33,775 [grpc-default-executor-7] INFO  impl.FollowerInfo (FollowerInfo.java:lambda$new$0(51)) - caa892f0-76ff-4c1e-b30f-b7c59842badc@group-382452901537->07a15819-e4fc-4072-82ac-b3e77a99d12a: nextIndex: updateUnconditionally 0 -> 0
2019-10-14 14:42:33,775 [caa892f0-76ff-4c1e-b30f-b7c59842badc@group-E0B7C1D5C8D3:LeaderElection40] INFO  impl.LeaderElection (LogUtils.java:infoOrTrace(149)) -   Exception 1: {}
java.util.concurrent.ExecutionException: org.apache.ratis.thirdparty.io.grpc.StatusRuntimeException: UNAVAILABLE: io exception
	at java.util.concurrent.FutureTask.report(FutureTask.java:122)
	at java.util.concurrent.FutureTask.get(FutureTask.java:192)
	at org.apache.ratis.server.impl.LeaderElection.waitForResults(LeaderElection.java:263)
	at org.apache.ratis.server.impl.LeaderElection.askForVotes(LeaderElection.java:201)
	at org.apache.ratis.server.impl.LeaderElection.run(LeaderElection.java:133)
	at java.lang.Thread.run(Thread.java:748)
Caused by: org.apache.ratis.thirdparty.io.grpc.StatusRuntimeException: UNAVAILABLE: io exception
	at org.apache.ratis.thirdparty.io.grpc.stub.ClientCalls.toStatusRuntimeException(ClientCalls.java:233)
	at org.apache.ratis.thirdparty.io.grpc.stub.ClientCalls.getUnchecked(ClientCalls.java:214)
	at org.apache.ratis.thirdparty.io.grpc.stub.ClientCalls.blockingUnaryCall(ClientCalls.java:139)
	at org.apache.ratis.proto.grpc.RaftServerProtocolServiceGrpc$RaftServerProtocolServiceBlockingStub.requestVote(RaftServerProtocolServiceGrpc.java:265)
	at org.apache.ratis.grpc.server.GrpcServerProtocolClient.requestVote(GrpcServerProtocolClient.java:90)
	at org.apache.ratis.grpc.server.GrpcService.requestVote(GrpcService.java:204)
	at org.apache.ratis.server.impl.LeaderElection.lambda$submitRequests$1(LeaderElection.java:238)
	at java.util.concurrent.FutureTask.run(FutureTask.java:266)
	at java.util.concurrent.Executors$RunnableAdapter.call(Executors.java:511)
	at java.util.concurrent.FutureTask.run(FutureTask.java:266)
	at java.util.concurrent.ThreadPoolExecutor.runWorker(ThreadPoolExecutor.java:1149)
	at java.util.concurrent.ThreadPoolExecutor$Worker.run(ThreadPoolExecutor.java:624)
	... 1 more
Caused by: org.apache.ratis.thirdparty.io.netty.channel.AbstractChannel$AnnotatedConnectException: Connection refused: /192.168.5.159:44598
	at sun.nio.ch.SocketChannelImpl.checkConnect(Native Method)
	at sun.nio.ch.SocketChannelImpl.finishConnect(SocketChannelImpl.java:717)
	at org.apache.ratis.thirdparty.io.netty.channel.socket.nio.NioSocketChannel.doFinishConnect(NioSocketChannel.java:327)
	at org.apache.ratis.thirdparty.io.netty.channel.nio.AbstractNioChannel$AbstractNioUnsafe.finishConnect(AbstractNioChannel.java:340)
	at org.apache.ratis.thirdparty.io.netty.channel.nio.NioEventLoop.processSelectedKey(NioEventLoop.java:632)
	at org.apache.ratis.thirdparty.io.netty.channel.nio.NioEventLoop.processSelectedKeysOptimized(NioEventLoop.java:579)
	at org.apache.ratis.thirdparty.io.netty.channel.nio.NioEventLoop.processSelectedKeys(NioEventLoop.java:496)
	at org.apache.ratis.thirdparty.io.netty.channel.nio.NioEventLoop.run(NioEventLoop.java:458)
	at org.apache.ratis.thirdparty.io.netty.util.concurrent.SingleThreadEventExecutor$5.run(SingleThreadEventExecutor.java:897)
	at org.apache.ratis.thirdparty.io.netty.util.concurrent.FastThreadLocalRunnable.run(FastThreadLocalRunnable.java:30)
	... 1 more
Caused by: java.net.ConnectException: Connection refused
	... 11 more
2019-10-14 14:42:33,776 [caa892f0-76ff-4c1e-b30f-b7c59842badc@group-E0B7C1D5C8D3:LeaderElection40] INFO  impl.RaftServerImpl (RaftServerImpl.java:setRole(174)) - caa892f0-76ff-4c1e-b30f-b7c59842badc@group-E0B7C1D5C8D3: changes role from CANDIDATE to FOLLOWER at term 3 for DISCOVERED_A_NEW_TERM
2019-10-14 14:42:33,776 [caa892f0-76ff-4c1e-b30f-b7c59842badc@group-E0B7C1D5C8D3:LeaderElection40] INFO  impl.RoleInfo (RoleInfo.java:shutdownLeaderElection(134)) - caa892f0-76ff-4c1e-b30f-b7c59842badc: shutdown LeaderElection
2019-10-14 14:42:33,777 [caa892f0-76ff-4c1e-b30f-b7c59842badc@group-E0B7C1D5C8D3:LeaderElection40] INFO  impl.RoleInfo (RoleInfo.java:updateAndGet(143)) - caa892f0-76ff-4c1e-b30f-b7c59842badc: start FollowerState
2019-10-14 14:42:33,779 [Thread-436] INFO  impl.FollowerState (FollowerState.java:run(106)) - caa892f0-76ff-4c1e-b30f-b7c59842badc:group-EA752D978E74 changes to CANDIDATE, lastRpcTime:1907, electionTimeout:1017ms
2019-10-14 14:42:33,780 [Thread-436] INFO  impl.RoleInfo (RoleInfo.java:shutdownFollowerState(121)) - caa892f0-76ff-4c1e-b30f-b7c59842badc: shutdown FollowerState
2019-10-14 14:42:33,780 [Thread-436] INFO  impl.RaftServerImpl (RaftServerImpl.java:setRole(174)) - caa892f0-76ff-4c1e-b30f-b7c59842badc@group-EA752D978E74: changes role from  FOLLOWER to CANDIDATE at term 1 for changeToCandidate
2019-10-14 14:42:33,780 [Thread-436] INFO  impl.RoleInfo (RoleInfo.java:updateAndGet(143)) - caa892f0-76ff-4c1e-b30f-b7c59842badc: start LeaderElection
2019-10-14 14:42:33,780 [caa892f0-76ff-4c1e-b30f-b7c59842badc@group-EA752D978E74:LeaderElection41] INFO  impl.RaftServerImpl (ServerState.java:setLeader(253)) - caa892f0-76ff-4c1e-b30f-b7c59842badc@group-EA752D978E74: change Leader from f9748ec4-5d8a-4dfc-8690-85b8cdac3f5d to null at term 1 for initElection
2019-10-14 14:42:33,794 [caa892f0-76ff-4c1e-b30f-b7c59842badc@group-EA752D978E74:LeaderElection41] INFO  impl.LeaderElection (LeaderElection.java:askForVotes(182)) - caa892f0-76ff-4c1e-b30f-b7c59842badc@group-EA752D978E74:LeaderElection41: begin an election at term 2 for 0: [07a15819-e4fc-4072-82ac-b3e77a99d12a:192.168.5.159:45599, f9748ec4-5d8a-4dfc-8690-85b8cdac3f5d:192.168.5.159:44598, caa892f0-76ff-4c1e-b30f-b7c59842badc:192.168.5.159:39406], old=null
2019-10-14 14:42:33,795 [caa892f0-76ff-4c1e-b30f-b7c59842badc@group-EA752D978E74:LeaderElection41] INFO  impl.LeaderElection (LogUtils.java:infoOrTrace(149)) - caa892f0-76ff-4c1e-b30f-b7c59842badc@group-EA752D978E74:LeaderElection41 got exception when requesting votes: {}
java.util.concurrent.ExecutionException: org.apache.ratis.thirdparty.io.grpc.StatusRuntimeException: UNAVAILABLE: io exception
	at java.util.concurrent.FutureTask.report(FutureTask.java:122)
	at java.util.concurrent.FutureTask.get(FutureTask.java:192)
	at org.apache.ratis.server.impl.LeaderElection.waitForResults(LeaderElection.java:263)
	at org.apache.ratis.server.impl.LeaderElection.askForVotes(LeaderElection.java:201)
	at org.apache.ratis.server.impl.LeaderElection.run(LeaderElection.java:133)
	at java.lang.Thread.run(Thread.java:748)
Caused by: org.apache.ratis.thirdparty.io.grpc.StatusRuntimeException: UNAVAILABLE: io exception
	at org.apache.ratis.thirdparty.io.grpc.stub.ClientCalls.toStatusRuntimeException(ClientCalls.java:233)
	at org.apache.ratis.thirdparty.io.grpc.stub.ClientCalls.getUnchecked(ClientCalls.java:214)
	at org.apache.ratis.thirdparty.io.grpc.stub.ClientCalls.blockingUnaryCall(ClientCalls.java:139)
	at org.apache.ratis.proto.grpc.RaftServerProtocolServiceGrpc$RaftServerProtocolServiceBlockingStub.requestVote(RaftServerProtocolServiceGrpc.java:265)
	at org.apache.ratis.grpc.server.GrpcServerProtocolClient.requestVote(GrpcServerProtocolClient.java:90)
	at org.apache.ratis.grpc.server.GrpcService.requestVote(GrpcService.java:204)
	at org.apache.ratis.server.impl.LeaderElection.lambda$submitRequests$1(LeaderElection.java:238)
	at java.util.concurrent.FutureTask.run(FutureTask.java:266)
	at java.util.concurrent.Executors$RunnableAdapter.call(Executors.java:511)
	at java.util.concurrent.FutureTask.run(FutureTask.java:266)
	at java.util.concurrent.ThreadPoolExecutor.runWorker(ThreadPoolExecutor.java:1149)
	at java.util.concurrent.ThreadPoolExecutor$Worker.run(ThreadPoolExecutor.java:624)
	... 1 more
Caused by: org.apache.ratis.thirdparty.io.netty.channel.AbstractChannel$AnnotatedConnectException: Connection refused: /192.168.5.159:44598
	at sun.nio.ch.SocketChannelImpl.checkConnect(Native Method)
	at sun.nio.ch.SocketChannelImpl.finishConnect(SocketChannelImpl.java:717)
	at org.apache.ratis.thirdparty.io.netty.channel.socket.nio.NioSocketChannel.doFinishConnect(NioSocketChannel.java:327)
	at org.apache.ratis.thirdparty.io.netty.channel.nio.AbstractNioChannel$AbstractNioUnsafe.finishConnect(AbstractNioChannel.java:340)
	at org.apache.ratis.thirdparty.io.netty.channel.nio.NioEventLoop.processSelectedKey(NioEventLoop.java:632)
	at org.apache.ratis.thirdparty.io.netty.channel.nio.NioEventLoop.processSelectedKeysOptimized(NioEventLoop.java:579)
	at org.apache.ratis.thirdparty.io.netty.channel.nio.NioEventLoop.processSelectedKeys(NioEventLoop.java:496)
	at org.apache.ratis.thirdparty.io.netty.channel.nio.NioEventLoop.run(NioEventLoop.java:458)
	at org.apache.ratis.thirdparty.io.netty.util.concurrent.SingleThreadEventExecutor$5.run(SingleThreadEventExecutor.java:897)
	at org.apache.ratis.thirdparty.io.netty.util.concurrent.FastThreadLocalRunnable.run(FastThreadLocalRunnable.java:30)
	... 1 more
Caused by: java.net.ConnectException: Connection refused
	... 11 more
2019-10-14 14:42:33,799 [caa892f0-76ff-4c1e-b30f-b7c59842badc@group-EA752D978E74:LeaderElection41] INFO  impl.LeaderElection (LogUtils.java:infoOrTrace(149)) - caa892f0-76ff-4c1e-b30f-b7c59842badc@group-EA752D978E74:LeaderElection41 got exception when requesting votes: {}
java.util.concurrent.ExecutionException: org.apache.ratis.thirdparty.io.grpc.StatusRuntimeException: UNAVAILABLE: io exception
	at java.util.concurrent.FutureTask.report(FutureTask.java:122)
	at java.util.concurrent.FutureTask.get(FutureTask.java:192)
	at org.apache.ratis.server.impl.LeaderElection.waitForResults(LeaderElection.java:263)
	at org.apache.ratis.server.impl.LeaderElection.askForVotes(LeaderElection.java:201)
	at org.apache.ratis.server.impl.LeaderElection.run(LeaderElection.java:133)
	at java.lang.Thread.run(Thread.java:748)
Caused by: org.apache.ratis.thirdparty.io.grpc.StatusRuntimeException: UNAVAILABLE: io exception
	at org.apache.ratis.thirdparty.io.grpc.stub.ClientCalls.toStatusRuntimeException(ClientCalls.java:233)
	at org.apache.ratis.thirdparty.io.grpc.stub.ClientCalls.getUnchecked(ClientCalls.java:214)
	at org.apache.ratis.thirdparty.io.grpc.stub.ClientCalls.blockingUnaryCall(ClientCalls.java:139)
	at org.apache.ratis.proto.grpc.RaftServerProtocolServiceGrpc$RaftServerProtocolServiceBlockingStub.requestVote(RaftServerProtocolServiceGrpc.java:265)
	at org.apache.ratis.grpc.server.GrpcServerProtocolClient.requestVote(GrpcServerProtocolClient.java:90)
	at org.apache.ratis.grpc.server.GrpcService.requestVote(GrpcService.java:204)
	at org.apache.ratis.server.impl.LeaderElection.lambda$submitRequests$1(LeaderElection.java:238)
	at java.util.concurrent.FutureTask.run(FutureTask.java:266)
	at java.util.concurrent.Executors$RunnableAdapter.call(Executors.java:511)
	at java.util.concurrent.FutureTask.run(FutureTask.java:266)
	at java.util.concurrent.ThreadPoolExecutor.runWorker(ThreadPoolExecutor.java:1149)
	at java.util.concurrent.ThreadPoolExecutor$Worker.run(ThreadPoolExecutor.java:624)
	... 1 more
Caused by: org.apache.ratis.thirdparty.io.netty.channel.AbstractChannel$AnnotatedConnectException: Connection refused: /192.168.5.159:45599
	at sun.nio.ch.SocketChannelImpl.checkConnect(Native Method)
	at sun.nio.ch.SocketChannelImpl.finishConnect(SocketChannelImpl.java:717)
	at org.apache.ratis.thirdparty.io.netty.channel.socket.nio.NioSocketChannel.doFinishConnect(NioSocketChannel.java:327)
	at org.apache.ratis.thirdparty.io.netty.channel.nio.AbstractNioChannel$AbstractNioUnsafe.finishConnect(AbstractNioChannel.java:340)
	at org.apache.ratis.thirdparty.io.netty.channel.nio.NioEventLoop.processSelectedKey(NioEventLoop.java:632)
	at org.apache.ratis.thirdparty.io.netty.channel.nio.NioEventLoop.processSelectedKeysOptimized(NioEventLoop.java:579)
	at org.apache.ratis.thirdparty.io.netty.channel.nio.NioEventLoop.processSelectedKeys(NioEventLoop.java:496)
	at org.apache.ratis.thirdparty.io.netty.channel.nio.NioEventLoop.run(NioEventLoop.java:458)
	at org.apache.ratis.thirdparty.io.netty.util.concurrent.SingleThreadEventExecutor$5.run(SingleThreadEventExecutor.java:897)
	at org.apache.ratis.thirdparty.io.netty.util.concurrent.FastThreadLocalRunnable.run(FastThreadLocalRunnable.java:30)
	... 1 more
Caused by: java.net.ConnectException: Connection refused
	... 11 more
2019-10-14 14:42:33,801 [caa892f0-76ff-4c1e-b30f-b7c59842badc@group-EA752D978E74:LeaderElection41] INFO  impl.LeaderElection (LeaderElection.java:logAndReturn(56)) - caa892f0-76ff-4c1e-b30f-b7c59842badc@group-EA752D978E74:LeaderElection41: Election REJECTED; received 0 response(s) [] and 2 exception(s); caa892f0-76ff-4c1e-b30f-b7c59842badc@group-EA752D978E74:t2, leader=null, voted=caa892f0-76ff-4c1e-b30f-b7c59842badc, raftlog=caa892f0-76ff-4c1e-b30f-b7c59842badc@group-EA752D978E74-SegmentedRaftLog:OPENED:c16,f16,i16, conf=0: [07a15819-e4fc-4072-82ac-b3e77a99d12a:192.168.5.159:45599, f9748ec4-5d8a-4dfc-8690-85b8cdac3f5d:192.168.5.159:44598, caa892f0-76ff-4c1e-b30f-b7c59842badc:192.168.5.159:39406], old=null
2019-10-14 14:42:33,801 [caa892f0-76ff-4c1e-b30f-b7c59842badc@group-EA752D978E74:LeaderElection41] INFO  impl.LeaderElection (LogUtils.java:infoOrTrace(149)) -   Exception 0: {}
java.util.concurrent.ExecutionException: org.apache.ratis.thirdparty.io.grpc.StatusRuntimeException: UNAVAILABLE: io exception
	at java.util.concurrent.FutureTask.report(FutureTask.java:122)
	at java.util.concurrent.FutureTask.get(FutureTask.java:192)
	at org.apache.ratis.server.impl.LeaderElection.waitForResults(LeaderElection.java:263)
	at org.apache.ratis.server.impl.LeaderElection.askForVotes(LeaderElection.java:201)
	at org.apache.ratis.server.impl.LeaderElection.run(LeaderElection.java:133)
	at java.lang.Thread.run(Thread.java:748)
Caused by: org.apache.ratis.thirdparty.io.grpc.StatusRuntimeException: UNAVAILABLE: io exception
	at org.apache.ratis.thirdparty.io.grpc.stub.ClientCalls.toStatusRuntimeException(ClientCalls.java:233)
	at org.apache.ratis.thirdparty.io.grpc.stub.ClientCalls.getUnchecked(ClientCalls.java:214)
	at org.apache.ratis.thirdparty.io.grpc.stub.ClientCalls.blockingUnaryCall(ClientCalls.java:139)
	at org.apache.ratis.proto.grpc.RaftServerProtocolServiceGrpc$RaftServerProtocolServiceBlockingStub.requestVote(RaftServerProtocolServiceGrpc.java:265)
	at org.apache.ratis.grpc.server.GrpcServerProtocolClient.requestVote(GrpcServerProtocolClient.java:90)
	at org.apache.ratis.grpc.server.GrpcService.requestVote(GrpcService.java:204)
	at org.apache.ratis.server.impl.LeaderElection.lambda$submitRequests$1(LeaderElection.java:238)
	at java.util.concurrent.FutureTask.run(FutureTask.java:266)
	at java.util.concurrent.Executors$RunnableAdapter.call(Executors.java:511)
	at java.util.concurrent.FutureTask.run(FutureTask.java:266)
	at java.util.concurrent.ThreadPoolExecutor.runWorker(ThreadPoolExecutor.java:1149)
	at java.util.concurrent.ThreadPoolExecutor$Worker.run(ThreadPoolExecutor.java:624)
	... 1 more
Caused by: org.apache.ratis.thirdparty.io.netty.channel.AbstractChannel$AnnotatedConnectException: Connection refused: /192.168.5.159:44598
	at sun.nio.ch.SocketChannelImpl.checkConnect(Native Method)
	at sun.nio.ch.SocketChannelImpl.finishConnect(SocketChannelImpl.java:717)
	at org.apache.ratis.thirdparty.io.netty.channel.socket.nio.NioSocketChannel.doFinishConnect(NioSocketChannel.java:327)
	at org.apache.ratis.thirdparty.io.netty.channel.nio.AbstractNioChannel$AbstractNioUnsafe.finishConnect(AbstractNioChannel.java:340)
	at org.apache.ratis.thirdparty.io.netty.channel.nio.NioEventLoop.processSelectedKey(NioEventLoop.java:632)
	at org.apache.ratis.thirdparty.io.netty.channel.nio.NioEventLoop.processSelectedKeysOptimized(NioEventLoop.java:579)
	at org.apache.ratis.thirdparty.io.netty.channel.nio.NioEventLoop.processSelectedKeys(NioEventLoop.java:496)
	at org.apache.ratis.thirdparty.io.netty.channel.nio.NioEventLoop.run(NioEventLoop.java:458)
	at org.apache.ratis.thirdparty.io.netty.util.concurrent.SingleThreadEventExecutor$5.run(SingleThreadEventExecutor.java:897)
	at org.apache.ratis.thirdparty.io.netty.util.concurrent.FastThreadLocalRunnable.run(FastThreadLocalRunnable.java:30)
	... 1 more
Caused by: java.net.ConnectException: Connection refused
	... 11 more
2019-10-14 14:42:33,802 [caa892f0-76ff-4c1e-b30f-b7c59842badc@group-EA752D978E74:LeaderElection41] INFO  impl.LeaderElection (LogUtils.java:infoOrTrace(149)) -   Exception 1: {}
java.util.concurrent.ExecutionException: org.apache.ratis.thirdparty.io.grpc.StatusRuntimeException: UNAVAILABLE: io exception
	at java.util.concurrent.FutureTask.report(FutureTask.java:122)
	at java.util.concurrent.FutureTask.get(FutureTask.java:192)
	at org.apache.ratis.server.impl.LeaderElection.waitForResults(LeaderElection.java:263)
	at org.apache.ratis.server.impl.LeaderElection.askForVotes(LeaderElection.java:201)
	at org.apache.ratis.server.impl.LeaderElection.run(LeaderElection.java:133)
	at java.lang.Thread.run(Thread.java:748)
Caused by: org.apache.ratis.thirdparty.io.grpc.StatusRuntimeException: UNAVAILABLE: io exception
	at org.apache.ratis.thirdparty.io.grpc.stub.ClientCalls.toStatusRuntimeException(ClientCalls.java:233)
	at org.apache.ratis.thirdparty.io.grpc.stub.ClientCalls.getUnchecked(ClientCalls.java:214)
	at org.apache.ratis.thirdparty.io.grpc.stub.ClientCalls.blockingUnaryCall(ClientCalls.java:139)
	at org.apache.ratis.proto.grpc.RaftServerProtocolServiceGrpc$RaftServerProtocolServiceBlockingStub.requestVote(RaftServerProtocolServiceGrpc.java:265)
	at org.apache.ratis.grpc.server.GrpcServerProtocolClient.requestVote(GrpcServerProtocolClient.java:90)
	at org.apache.ratis.grpc.server.GrpcService.requestVote(GrpcService.java:204)
	at org.apache.ratis.server.impl.LeaderElection.lambda$submitRequests$1(LeaderElection.java:238)
	at java.util.concurrent.FutureTask.run(FutureTask.java:266)
	at java.util.concurrent.Executors$RunnableAdapter.call(Executors.java:511)
	at java.util.concurrent.FutureTask.run(FutureTask.java:266)
	at java.util.concurrent.ThreadPoolExecutor.runWorker(ThreadPoolExecutor.java:1149)
	at java.util.concurrent.ThreadPoolExecutor$Worker.run(ThreadPoolExecutor.java:624)
	... 1 more
Caused by: org.apache.ratis.thirdparty.io.netty.channel.AbstractChannel$AnnotatedConnectException: Connection refused: /192.168.5.159:45599
	at sun.nio.ch.SocketChannelImpl.checkConnect(Native Method)
	at sun.nio.ch.SocketChannelImpl.finishConnect(SocketChannelImpl.java:717)
	at org.apache.ratis.thirdparty.io.netty.channel.socket.nio.NioSocketChannel.doFinishConnect(NioSocketChannel.java:327)
	at org.apache.ratis.thirdparty.io.netty.channel.nio.AbstractNioChannel$AbstractNioUnsafe.finishConnect(AbstractNioChannel.java:340)
	at org.apache.ratis.thirdparty.io.netty.channel.nio.NioEventLoop.processSelectedKey(NioEventLoop.java:632)
	at org.apache.ratis.thirdparty.io.netty.channel.nio.NioEventLoop.processSelectedKeysOptimized(NioEventLoop.java:579)
	at org.apache.ratis.thirdparty.io.netty.channel.nio.NioEventLoop.processSelectedKeys(NioEventLoop.java:496)
	at org.apache.ratis.thirdparty.io.netty.channel.nio.NioEventLoop.run(NioEventLoop.java:458)
	at org.apache.ratis.thirdparty.io.netty.util.concurrent.SingleThreadEventExecutor$5.run(SingleThreadEventExecutor.java:897)
	at org.apache.ratis.thirdparty.io.netty.util.concurrent.FastThreadLocalRunnable.run(FastThreadLocalRunnable.java:30)
	... 1 more
Caused by: java.net.ConnectException: Connection refused
	... 11 more
2019-10-14 14:42:33,802 [caa892f0-76ff-4c1e-b30f-b7c59842badc@group-EA752D978E74:LeaderElection41] INFO  impl.RaftServerImpl (RaftServerImpl.java:setRole(174)) - caa892f0-76ff-4c1e-b30f-b7c59842badc@group-EA752D978E74: changes role from CANDIDATE to FOLLOWER at term 2 for DISCOVERED_A_NEW_TERM
2019-10-14 14:42:33,802 [caa892f0-76ff-4c1e-b30f-b7c59842badc@group-EA752D978E74:LeaderElection41] INFO  impl.RoleInfo (RoleInfo.java:shutdownLeaderElection(134)) - caa892f0-76ff-4c1e-b30f-b7c59842badc: shutdown LeaderElection
2019-10-14 14:42:33,803 [caa892f0-76ff-4c1e-b30f-b7c59842badc@group-EA752D978E74:LeaderElection41] INFO  impl.RoleInfo (RoleInfo.java:updateAndGet(143)) - caa892f0-76ff-4c1e-b30f-b7c59842badc: start FollowerState
2019-10-14 14:42:33,813 [grpc-default-executor-7] WARN  server.GrpcLogAppender (LogUtils.java:warn(134)) - caa892f0-76ff-4c1e-b30f-b7c59842badc@group-382452901537->f9748ec4-5d8a-4dfc-8690-85b8cdac3f5d-AppendLogResponseHandler: Failed appendEntries: org.apache.ratis.thirdparty.io.grpc.StatusRuntimeException: UNAVAILABLE: io exception
2019-10-14 14:42:33,813 [grpc-default-executor-7] INFO  impl.FollowerInfo (FollowerInfo.java:lambda$new$0(51)) - caa892f0-76ff-4c1e-b30f-b7c59842badc@group-382452901537->f9748ec4-5d8a-4dfc-8690-85b8cdac3f5d: nextIndex: updateUnconditionally 0 -> 0
2019-10-14 14:42:33,827 [grpc-default-executor-12] WARN  server.GrpcLogAppender (LogUtils.java:warn(134)) - caa892f0-76ff-4c1e-b30f-b7c59842badc@group-026CFA11C8A1->07a15819-e4fc-4072-82ac-b3e77a99d12a-AppendLogResponseHandler: Failed appendEntries: org.apache.ratis.thirdparty.io.grpc.StatusRuntimeException: UNAVAILABLE: io exception
2019-10-14 14:42:33,828 [grpc-default-executor-12] INFO  impl.FollowerInfo (FollowerInfo.java:lambda$new$0(51)) - caa892f0-76ff-4c1e-b30f-b7c59842badc@group-026CFA11C8A1->07a15819-e4fc-4072-82ac-b3e77a99d12a: nextIndex: updateUnconditionally 0 -> 0
2019-10-14 14:42:33,878 [grpc-default-executor-8] WARN  server.GrpcLogAppender (LogUtils.java:warn(134)) - caa892f0-76ff-4c1e-b30f-b7c59842badc@group-026CFA11C8A1->f9748ec4-5d8a-4dfc-8690-85b8cdac3f5d-AppendLogResponseHandler: Failed appendEntries: org.apache.ratis.thirdparty.io.grpc.StatusRuntimeException: UNAVAILABLE: io exception
2019-10-14 14:42:33,879 [grpc-default-executor-8] INFO  impl.FollowerInfo (FollowerInfo.java:lambda$new$0(51)) - caa892f0-76ff-4c1e-b30f-b7c59842badc@group-026CFA11C8A1->f9748ec4-5d8a-4dfc-8690-85b8cdac3f5d: nextIndex: updateUnconditionally 0 -> 0
2019-10-14 14:42:34,281 [grpc-default-executor-12] WARN  server.GrpcLogAppender (LogUtils.java:warn(134)) - caa892f0-76ff-4c1e-b30f-b7c59842badc@group-382452901537->07a15819-e4fc-4072-82ac-b3e77a99d12a-AppendLogResponseHandler: Failed appendEntries: org.apache.ratis.thirdparty.io.grpc.StatusRuntimeException: UNAVAILABLE: io exception
2019-10-14 14:42:34,282 [grpc-default-executor-12] INFO  impl.FollowerInfo (FollowerInfo.java:lambda$new$0(51)) - caa892f0-76ff-4c1e-b30f-b7c59842badc@group-382452901537->07a15819-e4fc-4072-82ac-b3e77a99d12a: nextIndex: updateUnconditionally 0 -> 0
2019-10-14 14:42:34,315 [grpc-default-executor-8] WARN  server.GrpcLogAppender (LogUtils.java:warn(134)) - caa892f0-76ff-4c1e-b30f-b7c59842badc@group-382452901537->f9748ec4-5d8a-4dfc-8690-85b8cdac3f5d-AppendLogResponseHandler: Failed appendEntries: org.apache.ratis.thirdparty.io.grpc.StatusRuntimeException: UNAVAILABLE: io exception
2019-10-14 14:42:34,316 [grpc-default-executor-8] INFO  impl.FollowerInfo (FollowerInfo.java:lambda$new$0(51)) - caa892f0-76ff-4c1e-b30f-b7c59842badc@group-382452901537->f9748ec4-5d8a-4dfc-8690-85b8cdac3f5d: nextIndex: updateUnconditionally 0 -> 0
2019-10-14 14:42:34,329 [grpc-default-executor-3] WARN  server.GrpcLogAppender (LogUtils.java:warn(134)) - caa892f0-76ff-4c1e-b30f-b7c59842badc@group-026CFA11C8A1->07a15819-e4fc-4072-82ac-b3e77a99d12a-AppendLogResponseHandler: Failed appendEntries: org.apache.ratis.thirdparty.io.grpc.StatusRuntimeException: UNAVAILABLE: io exception
2019-10-14 14:42:34,330 [grpc-default-executor-3] INFO  impl.FollowerInfo (FollowerInfo.java:lambda$new$0(51)) - caa892f0-76ff-4c1e-b30f-b7c59842badc@group-026CFA11C8A1->07a15819-e4fc-4072-82ac-b3e77a99d12a: nextIndex: updateUnconditionally 0 -> 0
2019-10-14 14:42:34,379 [grpc-default-executor-12] WARN  server.GrpcLogAppender (LogUtils.java:warn(134)) - caa892f0-76ff-4c1e-b30f-b7c59842badc@group-026CFA11C8A1->f9748ec4-5d8a-4dfc-8690-85b8cdac3f5d-AppendLogResponseHandler: Failed appendEntries: org.apache.ratis.thirdparty.io.grpc.StatusRuntimeException: UNAVAILABLE: io exception
2019-10-14 14:42:34,380 [grpc-default-executor-12] INFO  impl.FollowerInfo (FollowerInfo.java:lambda$new$0(51)) - caa892f0-76ff-4c1e-b30f-b7c59842badc@group-026CFA11C8A1->f9748ec4-5d8a-4dfc-8690-85b8cdac3f5d: nextIndex: updateUnconditionally 0 -> 0
2019-10-14 14:42:34,780 [grpc-default-executor-7] WARN  server.GrpcLogAppender (LogUtils.java:warn(134)) - caa892f0-76ff-4c1e-b30f-b7c59842badc@group-382452901537->07a15819-e4fc-4072-82ac-b3e77a99d12a-AppendLogResponseHandler: Failed appendEntries: org.apache.ratis.thirdparty.io.grpc.StatusRuntimeException: UNAVAILABLE: io exception
2019-10-14 14:42:34,780 [grpc-default-executor-7] INFO  impl.FollowerInfo (FollowerInfo.java:lambda$new$0(51)) - caa892f0-76ff-4c1e-b30f-b7c59842badc@group-382452901537->07a15819-e4fc-4072-82ac-b3e77a99d12a: nextIndex: updateUnconditionally 0 -> 0
2019-10-14 14:42:34,805 [Thread-928] INFO  impl.FollowerState (FollowerState.java:run(106)) - caa892f0-76ff-4c1e-b30f-b7c59842badc:group-EA752D978E74 changes to CANDIDATE, lastRpcTime:1002, electionTimeout:1002ms
2019-10-14 14:42:34,805 [Thread-928] INFO  impl.RoleInfo (RoleInfo.java:shutdownFollowerState(121)) - caa892f0-76ff-4c1e-b30f-b7c59842badc: shutdown FollowerState
2019-10-14 14:42:34,806 [Thread-928] INFO  impl.RaftServerImpl (RaftServerImpl.java:setRole(174)) - caa892f0-76ff-4c1e-b30f-b7c59842badc@group-EA752D978E74: changes role from  FOLLOWER to CANDIDATE at term 2 for changeToCandidate
2019-10-14 14:42:34,806 [Thread-928] INFO  impl.RoleInfo (RoleInfo.java:updateAndGet(143)) - caa892f0-76ff-4c1e-b30f-b7c59842badc: start LeaderElection
2019-10-14 14:42:34,816 [grpc-default-executor-3] WARN  server.GrpcLogAppender (LogUtils.java:warn(134)) - caa892f0-76ff-4c1e-b30f-b7c59842badc@group-382452901537->f9748ec4-5d8a-4dfc-8690-85b8cdac3f5d-AppendLogResponseHandler: Failed appendEntries: org.apache.ratis.thirdparty.io.grpc.StatusRuntimeException: UNAVAILABLE: io exception
2019-10-14 14:42:34,817 [grpc-default-executor-3] INFO  impl.FollowerInfo (FollowerInfo.java:lambda$new$0(51)) - caa892f0-76ff-4c1e-b30f-b7c59842badc@group-382452901537->f9748ec4-5d8a-4dfc-8690-85b8cdac3f5d: nextIndex: updateUnconditionally 0 -> 0
2019-10-14 14:42:34,820 [caa892f0-76ff-4c1e-b30f-b7c59842badc@group-EA752D978E74:LeaderElection42] INFO  impl.LeaderElection (LeaderElection.java:askForVotes(182)) - caa892f0-76ff-4c1e-b30f-b7c59842badc@group-EA752D978E74:LeaderElection42: begin an election at term 3 for 0: [07a15819-e4fc-4072-82ac-b3e77a99d12a:192.168.5.159:45599, f9748ec4-5d8a-4dfc-8690-85b8cdac3f5d:192.168.5.159:44598, caa892f0-76ff-4c1e-b30f-b7c59842badc:192.168.5.159:39406], old=null
2019-10-14 14:42:34,824 [caa892f0-76ff-4c1e-b30f-b7c59842badc@group-EA752D978E74:LeaderElection42] INFO  impl.LeaderElection (LogUtils.java:infoOrTrace(149)) - caa892f0-76ff-4c1e-b30f-b7c59842badc@group-EA752D978E74:LeaderElection42 got exception when requesting votes: {}
java.util.concurrent.ExecutionException: org.apache.ratis.thirdparty.io.grpc.StatusRuntimeException: UNAVAILABLE: io exception
	at java.util.concurrent.FutureTask.report(FutureTask.java:122)
	at java.util.concurrent.FutureTask.get(FutureTask.java:192)
	at org.apache.ratis.server.impl.LeaderElection.waitForResults(LeaderElection.java:263)
	at org.apache.ratis.server.impl.LeaderElection.askForVotes(LeaderElection.java:201)
	at org.apache.ratis.server.impl.LeaderElection.run(LeaderElection.java:133)
	at java.lang.Thread.run(Thread.java:748)
Caused by: org.apache.ratis.thirdparty.io.grpc.StatusRuntimeException: UNAVAILABLE: io exception
	at org.apache.ratis.thirdparty.io.grpc.stub.ClientCalls.toStatusRuntimeException(ClientCalls.java:233)
	at org.apache.ratis.thirdparty.io.grpc.stub.ClientCalls.getUnchecked(ClientCalls.java:214)
	at org.apache.ratis.thirdparty.io.grpc.stub.ClientCalls.blockingUnaryCall(ClientCalls.java:139)
	at org.apache.ratis.proto.grpc.RaftServerProtocolServiceGrpc$RaftServerProtocolServiceBlockingStub.requestVote(RaftServerProtocolServiceGrpc.java:265)
	at org.apache.ratis.grpc.server.GrpcServerProtocolClient.requestVote(GrpcServerProtocolClient.java:90)
	at org.apache.ratis.grpc.server.GrpcService.requestVote(GrpcService.java:204)
	at org.apache.ratis.server.impl.LeaderElection.lambda$submitRequests$1(LeaderElection.java:238)
	at java.util.concurrent.FutureTask.run(FutureTask.java:266)
	at java.util.concurrent.Executors$RunnableAdapter.call(Executors.java:511)
	at java.util.concurrent.FutureTask.run(FutureTask.java:266)
	at java.util.concurrent.ThreadPoolExecutor.runWorker(ThreadPoolExecutor.java:1149)
	at java.util.concurrent.ThreadPoolExecutor$Worker.run(ThreadPoolExecutor.java:624)
	... 1 more
Caused by: org.apache.ratis.thirdparty.io.netty.channel.AbstractChannel$AnnotatedConnectException: Connection refused: /192.168.5.159:45599
	at sun.nio.ch.SocketChannelImpl.checkConnect(Native Method)
	at sun.nio.ch.SocketChannelImpl.finishConnect(SocketChannelImpl.java:717)
	at org.apache.ratis.thirdparty.io.netty.channel.socket.nio.NioSocketChannel.doFinishConnect(NioSocketChannel.java:327)
	at org.apache.ratis.thirdparty.io.netty.channel.nio.AbstractNioChannel$AbstractNioUnsafe.finishConnect(AbstractNioChannel.java:340)
	at org.apache.ratis.thirdparty.io.netty.channel.nio.NioEventLoop.processSelectedKey(NioEventLoop.java:632)
	at org.apache.ratis.thirdparty.io.netty.channel.nio.NioEventLoop.processSelectedKeysOptimized(NioEventLoop.java:579)
	at org.apache.ratis.thirdparty.io.netty.channel.nio.NioEventLoop.processSelectedKeys(NioEventLoop.java:496)
	at org.apache.ratis.thirdparty.io.netty.channel.nio.NioEventLoop.run(NioEventLoop.java:458)
	at org.apache.ratis.thirdparty.io.netty.util.concurrent.SingleThreadEventExecutor$5.run(SingleThreadEventExecutor.java:897)
	at org.apache.ratis.thirdparty.io.netty.util.concurrent.FastThreadLocalRunnable.run(FastThreadLocalRunnable.java:30)
	... 1 more
Caused by: java.net.ConnectException: Connection refused
	... 11 more
2019-10-14 14:42:34,828 [caa892f0-76ff-4c1e-b30f-b7c59842badc@group-EA752D978E74:LeaderElection42] INFO  impl.LeaderElection (LogUtils.java:infoOrTrace(149)) - caa892f0-76ff-4c1e-b30f-b7c59842badc@group-EA752D978E74:LeaderElection42 got exception when requesting votes: {}
java.util.concurrent.ExecutionException: org.apache.ratis.thirdparty.io.grpc.StatusRuntimeException: UNAVAILABLE: io exception
	at java.util.concurrent.FutureTask.report(FutureTask.java:122)
	at java.util.concurrent.FutureTask.get(FutureTask.java:192)
	at org.apache.ratis.server.impl.LeaderElection.waitForResults(LeaderElection.java:263)
	at org.apache.ratis.server.impl.LeaderElection.askForVotes(LeaderElection.java:201)
	at org.apache.ratis.server.impl.LeaderElection.run(LeaderElection.java:133)
	at java.lang.Thread.run(Thread.java:748)
Caused by: org.apache.ratis.thirdparty.io.grpc.StatusRuntimeException: UNAVAILABLE: io exception
	at org.apache.ratis.thirdparty.io.grpc.stub.ClientCalls.toStatusRuntimeException(ClientCalls.java:233)
	at org.apache.ratis.thirdparty.io.grpc.stub.ClientCalls.getUnchecked(ClientCalls.java:214)
	at org.apache.ratis.thirdparty.io.grpc.stub.ClientCalls.blockingUnaryCall(ClientCalls.java:139)
	at org.apache.ratis.proto.grpc.RaftServerProtocolServiceGrpc$RaftServerProtocolServiceBlockingStub.requestVote(RaftServerProtocolServiceGrpc.java:265)
	at org.apache.ratis.grpc.server.GrpcServerProtocolClient.requestVote(GrpcServerProtocolClient.java:90)
	at org.apache.ratis.grpc.server.GrpcService.requestVote(GrpcService.java:204)
	at org.apache.ratis.server.impl.LeaderElection.lambda$submitRequests$1(LeaderElection.java:238)
	at java.util.concurrent.FutureTask.run(FutureTask.java:266)
	at java.util.concurrent.Executors$RunnableAdapter.call(Executors.java:511)
	at java.util.concurrent.FutureTask.run(FutureTask.java:266)
	at java.util.concurrent.ThreadPoolExecutor.runWorker(ThreadPoolExecutor.java:1149)
	at java.util.concurrent.ThreadPoolExecutor$Worker.run(ThreadPoolExecutor.java:624)
	... 1 more
Caused by: org.apache.ratis.thirdparty.io.netty.channel.AbstractChannel$AnnotatedConnectException: Connection refused: /192.168.5.159:44598
	at sun.nio.ch.SocketChannelImpl.checkConnect(Native Method)
	at sun.nio.ch.SocketChannelImpl.finishConnect(SocketChannelImpl.java:717)
	at org.apache.ratis.thirdparty.io.netty.channel.socket.nio.NioSocketChannel.doFinishConnect(NioSocketChannel.java:327)
	at org.apache.ratis.thirdparty.io.netty.channel.nio.AbstractNioChannel$AbstractNioUnsafe.finishConnect(AbstractNioChannel.java:340)
	at org.apache.ratis.thirdparty.io.netty.channel.nio.NioEventLoop.processSelectedKey(NioEventLoop.java:632)
	at org.apache.ratis.thirdparty.io.netty.channel.nio.NioEventLoop.processSelectedKeysOptimized(NioEventLoop.java:579)
	at org.apache.ratis.thirdparty.io.netty.channel.nio.NioEventLoop.processSelectedKeys(NioEventLoop.java:496)
	at org.apache.ratis.thirdparty.io.netty.channel.nio.NioEventLoop.run(NioEventLoop.java:458)
	at org.apache.ratis.thirdparty.io.netty.util.concurrent.SingleThreadEventExecutor$5.run(SingleThreadEventExecutor.java:897)
	at org.apache.ratis.thirdparty.io.netty.util.concurrent.FastThreadLocalRunnable.run(FastThreadLocalRunnable.java:30)
	... 1 more
Caused by: java.net.ConnectException: Connection refused
	... 11 more
2019-10-14 14:42:34,828 [grpc-default-executor-7] WARN  server.GrpcLogAppender (LogUtils.java:warn(134)) - caa892f0-76ff-4c1e-b30f-b7c59842badc@group-026CFA11C8A1->07a15819-e4fc-4072-82ac-b3e77a99d12a-AppendLogResponseHandler: Failed appendEntries: org.apache.ratis.thirdparty.io.grpc.StatusRuntimeException: UNAVAILABLE: io exception
2019-10-14 14:42:34,833 [caa892f0-76ff-4c1e-b30f-b7c59842badc@group-EA752D978E74:LeaderElection42] INFO  impl.LeaderElection (LeaderElection.java:logAndReturn(56)) - caa892f0-76ff-4c1e-b30f-b7c59842badc@group-EA752D978E74:LeaderElection42: Election REJECTED; received 0 response(s) [] and 2 exception(s); caa892f0-76ff-4c1e-b30f-b7c59842badc@group-EA752D978E74:t3, leader=null, voted=caa892f0-76ff-4c1e-b30f-b7c59842badc, raftlog=caa892f0-76ff-4c1e-b30f-b7c59842badc@group-EA752D978E74-SegmentedRaftLog:OPENED:c16,f16,i16, conf=0: [07a15819-e4fc-4072-82ac-b3e77a99d12a:192.168.5.159:45599, f9748ec4-5d8a-4dfc-8690-85b8cdac3f5d:192.168.5.159:44598, caa892f0-76ff-4c1e-b30f-b7c59842badc:192.168.5.159:39406], old=null
2019-10-14 14:42:34,833 [grpc-default-executor-7] INFO  impl.FollowerInfo (FollowerInfo.java:lambda$new$0(51)) - caa892f0-76ff-4c1e-b30f-b7c59842badc@group-026CFA11C8A1->07a15819-e4fc-4072-82ac-b3e77a99d12a: nextIndex: updateUnconditionally 0 -> 0
2019-10-14 14:42:34,833 [caa892f0-76ff-4c1e-b30f-b7c59842badc@group-EA752D978E74:LeaderElection42] INFO  impl.LeaderElection (LogUtils.java:infoOrTrace(149)) -   Exception 0: {}
java.util.concurrent.ExecutionException: org.apache.ratis.thirdparty.io.grpc.StatusRuntimeException: UNAVAILABLE: io exception
	at java.util.concurrent.FutureTask.report(FutureTask.java:122)
	at java.util.concurrent.FutureTask.get(FutureTask.java:192)
	at org.apache.ratis.server.impl.LeaderElection.waitForResults(LeaderElection.java:263)
	at org.apache.ratis.server.impl.LeaderElection.askForVotes(LeaderElection.java:201)
	at org.apache.ratis.server.impl.LeaderElection.run(LeaderElection.java:133)
	at java.lang.Thread.run(Thread.java:748)
Caused by: org.apache.ratis.thirdparty.io.grpc.StatusRuntimeException: UNAVAILABLE: io exception
	at org.apache.ratis.thirdparty.io.grpc.stub.ClientCalls.toStatusRuntimeException(ClientCalls.java:233)
	at org.apache.ratis.thirdparty.io.grpc.stub.ClientCalls.getUnchecked(ClientCalls.java:214)
	at org.apache.ratis.thirdparty.io.grpc.stub.ClientCalls.blockingUnaryCall(ClientCalls.java:139)
	at org.apache.ratis.proto.grpc.RaftServerProtocolServiceGrpc$RaftServerProtocolServiceBlockingStub.requestVote(RaftServerProtocolServiceGrpc.java:265)
	at org.apache.ratis.grpc.server.GrpcServerProtocolClient.requestVote(GrpcServerProtocolClient.java:90)
	at org.apache.ratis.grpc.server.GrpcService.requestVote(GrpcService.java:204)
	at org.apache.ratis.server.impl.LeaderElection.lambda$submitRequests$1(LeaderElection.java:238)
	at java.util.concurrent.FutureTask.run(FutureTask.java:266)
	at java.util.concurrent.Executors$RunnableAdapter.call(Executors.java:511)
	at java.util.concurrent.FutureTask.run(FutureTask.java:266)
	at java.util.concurrent.ThreadPoolExecutor.runWorker(ThreadPoolExecutor.java:1149)
	at java.util.concurrent.ThreadPoolExecutor$Worker.run(ThreadPoolExecutor.java:624)
	... 1 more
Caused by: org.apache.ratis.thirdparty.io.netty.channel.AbstractChannel$AnnotatedConnectException: Connection refused: /192.168.5.159:45599
	at sun.nio.ch.SocketChannelImpl.checkConnect(Native Method)
	at sun.nio.ch.SocketChannelImpl.finishConnect(SocketChannelImpl.java:717)
	at org.apache.ratis.thirdparty.io.netty.channel.socket.nio.NioSocketChannel.doFinishConnect(NioSocketChannel.java:327)
	at org.apache.ratis.thirdparty.io.netty.channel.nio.AbstractNioChannel$AbstractNioUnsafe.finishConnect(AbstractNioChannel.java:340)
	at org.apache.ratis.thirdparty.io.netty.channel.nio.NioEventLoop.processSelectedKey(NioEventLoop.java:632)
	at org.apache.ratis.thirdparty.io.netty.channel.nio.NioEventLoop.processSelectedKeysOptimized(NioEventLoop.java:579)
	at org.apache.ratis.thirdparty.io.netty.channel.nio.NioEventLoop.processSelectedKeys(NioEventLoop.java:496)
	at org.apache.ratis.thirdparty.io.netty.channel.nio.NioEventLoop.run(NioEventLoop.java:458)
	at org.apache.ratis.thirdparty.io.netty.util.concurrent.SingleThreadEventExecutor$5.run(SingleThreadEventExecutor.java:897)
	at org.apache.ratis.thirdparty.io.netty.util.concurrent.FastThreadLocalRunnable.run(FastThreadLocalRunnable.java:30)
	... 1 more
Caused by: java.net.ConnectException: Connection refused
	... 11 more
2019-10-14 14:42:34,834 [caa892f0-76ff-4c1e-b30f-b7c59842badc@group-EA752D978E74:LeaderElection42] INFO  impl.LeaderElection (LogUtils.java:infoOrTrace(149)) -   Exception 1: {}
java.util.concurrent.ExecutionException: org.apache.ratis.thirdparty.io.grpc.StatusRuntimeException: UNAVAILABLE: io exception
	at java.util.concurrent.FutureTask.report(FutureTask.java:122)
	at java.util.concurrent.FutureTask.get(FutureTask.java:192)
	at org.apache.ratis.server.impl.LeaderElection.waitForResults(LeaderElection.java:263)
	at org.apache.ratis.server.impl.LeaderElection.askForVotes(LeaderElection.java:201)
	at org.apache.ratis.server.impl.LeaderElection.run(LeaderElection.java:133)
	at java.lang.Thread.run(Thread.java:748)
Caused by: org.apache.ratis.thirdparty.io.grpc.StatusRuntimeException: UNAVAILABLE: io exception
	at org.apache.ratis.thirdparty.io.grpc.stub.ClientCalls.toStatusRuntimeException(ClientCalls.java:233)
	at org.apache.ratis.thirdparty.io.grpc.stub.ClientCalls.getUnchecked(ClientCalls.java:214)
	at org.apache.ratis.thirdparty.io.grpc.stub.ClientCalls.blockingUnaryCall(ClientCalls.java:139)
	at org.apache.ratis.proto.grpc.RaftServerProtocolServiceGrpc$RaftServerProtocolServiceBlockingStub.requestVote(RaftServerProtocolServiceGrpc.java:265)
	at org.apache.ratis.grpc.server.GrpcServerProtocolClient.requestVote(GrpcServerProtocolClient.java:90)
	at org.apache.ratis.grpc.server.GrpcService.requestVote(GrpcService.java:204)
	at org.apache.ratis.server.impl.LeaderElection.lambda$submitRequests$1(LeaderElection.java:238)
	at java.util.concurrent.FutureTask.run(FutureTask.java:266)
	at java.util.concurrent.Executors$RunnableAdapter.call(Executors.java:511)
	at java.util.concurrent.FutureTask.run(FutureTask.java:266)
	at java.util.concurrent.ThreadPoolExecutor.runWorker(ThreadPoolExecutor.java:1149)
	at java.util.concurrent.ThreadPoolExecutor$Worker.run(ThreadPoolExecutor.java:624)
	... 1 more
Caused by: org.apache.ratis.thirdparty.io.netty.channel.AbstractChannel$AnnotatedConnectException: Connection refused: /192.168.5.159:44598
	at sun.nio.ch.SocketChannelImpl.checkConnect(Native Method)
	at sun.nio.ch.SocketChannelImpl.finishConnect(SocketChannelImpl.java:717)
	at org.apache.ratis.thirdparty.io.netty.channel.socket.nio.NioSocketChannel.doFinishConnect(NioSocketChannel.java:327)
	at org.apache.ratis.thirdparty.io.netty.channel.nio.AbstractNioChannel$AbstractNioUnsafe.finishConnect(AbstractNioChannel.java:340)
	at org.apache.ratis.thirdparty.io.netty.channel.nio.NioEventLoop.processSelectedKey(NioEventLoop.java:632)
	at org.apache.ratis.thirdparty.io.netty.channel.nio.NioEventLoop.processSelectedKeysOptimized(NioEventLoop.java:579)
	at org.apache.ratis.thirdparty.io.netty.channel.nio.NioEventLoop.processSelectedKeys(NioEventLoop.java:496)
	at org.apache.ratis.thirdparty.io.netty.channel.nio.NioEventLoop.run(NioEventLoop.java:458)
	at org.apache.ratis.thirdparty.io.netty.util.concurrent.SingleThreadEventExecutor$5.run(SingleThreadEventExecutor.java:897)
	at org.apache.ratis.thirdparty.io.netty.util.concurrent.FastThreadLocalRunnable.run(FastThreadLocalRunnable.java:30)
	... 1 more
Caused by: java.net.ConnectException: Connection refused
	... 11 more
2019-10-14 14:42:34,835 [caa892f0-76ff-4c1e-b30f-b7c59842badc@group-EA752D978E74:LeaderElection42] INFO  impl.RaftServerImpl (RaftServerImpl.java:setRole(174)) - caa892f0-76ff-4c1e-b30f-b7c59842badc@group-EA752D978E74: changes role from CANDIDATE to FOLLOWER at term 3 for DISCOVERED_A_NEW_TERM
2019-10-14 14:42:34,835 [caa892f0-76ff-4c1e-b30f-b7c59842badc@group-EA752D978E74:LeaderElection42] INFO  impl.RoleInfo (RoleInfo.java:shutdownLeaderElection(134)) - caa892f0-76ff-4c1e-b30f-b7c59842badc: shutdown LeaderElection
2019-10-14 14:42:34,835 [caa892f0-76ff-4c1e-b30f-b7c59842badc@group-EA752D978E74:LeaderElection42] INFO  impl.RoleInfo (RoleInfo.java:updateAndGet(143)) - caa892f0-76ff-4c1e-b30f-b7c59842badc: start FollowerState
2019-10-14 14:42:34,878 [grpc-default-executor-7] WARN  server.GrpcLogAppender (LogUtils.java:warn(134)) - caa892f0-76ff-4c1e-b30f-b7c59842badc@group-026CFA11C8A1->f9748ec4-5d8a-4dfc-8690-85b8cdac3f5d-AppendLogResponseHandler: Failed appendEntries: org.apache.ratis.thirdparty.io.grpc.StatusRuntimeException: UNAVAILABLE: io exception
2019-10-14 14:42:34,879 [grpc-default-executor-7] INFO  impl.FollowerInfo (FollowerInfo.java:lambda$new$0(51)) - caa892f0-76ff-4c1e-b30f-b7c59842badc@group-026CFA11C8A1->f9748ec4-5d8a-4dfc-8690-85b8cdac3f5d: nextIndex: updateUnconditionally 0 -> 0
2019-10-14 14:42:34,953 [Thread-924] INFO  impl.FollowerState (FollowerState.java:run(106)) - caa892f0-76ff-4c1e-b30f-b7c59842badc:group-E0B7C1D5C8D3 changes to CANDIDATE, lastRpcTime:1176, electionTimeout:1176ms
2019-10-14 14:42:34,954 [Thread-924] INFO  impl.RoleInfo (RoleInfo.java:shutdownFollowerState(121)) - caa892f0-76ff-4c1e-b30f-b7c59842badc: shutdown FollowerState
2019-10-14 14:42:34,954 [Thread-924] INFO  impl.RaftServerImpl (RaftServerImpl.java:setRole(174)) - caa892f0-76ff-4c1e-b30f-b7c59842badc@group-E0B7C1D5C8D3: changes role from  FOLLOWER to CANDIDATE at term 3 for changeToCandidate
2019-10-14 14:42:34,954 [Thread-924] INFO  impl.RoleInfo (RoleInfo.java:updateAndGet(143)) - caa892f0-76ff-4c1e-b30f-b7c59842badc: start LeaderElection
2019-10-14 14:42:34,968 [caa892f0-76ff-4c1e-b30f-b7c59842badc@group-E0B7C1D5C8D3:LeaderElection43] INFO  impl.LeaderElection (LeaderElection.java:askForVotes(182)) - caa892f0-76ff-4c1e-b30f-b7c59842badc@group-E0B7C1D5C8D3:LeaderElection43: begin an election at term 4 for 0: [07a15819-e4fc-4072-82ac-b3e77a99d12a:192.168.5.159:45599, f9748ec4-5d8a-4dfc-8690-85b8cdac3f5d:192.168.5.159:44598, caa892f0-76ff-4c1e-b30f-b7c59842badc:192.168.5.159:39406], old=null
2019-10-14 14:42:34,972 [caa892f0-76ff-4c1e-b30f-b7c59842badc@group-E0B7C1D5C8D3:LeaderElection43] INFO  impl.LeaderElection (LogUtils.java:infoOrTrace(149)) - caa892f0-76ff-4c1e-b30f-b7c59842badc@group-E0B7C1D5C8D3:LeaderElection43 got exception when requesting votes: {}
java.util.concurrent.ExecutionException: org.apache.ratis.thirdparty.io.grpc.StatusRuntimeException: UNAVAILABLE: io exception
	at java.util.concurrent.FutureTask.report(FutureTask.java:122)
	at java.util.concurrent.FutureTask.get(FutureTask.java:192)
	at org.apache.ratis.server.impl.LeaderElection.waitForResults(LeaderElection.java:263)
	at org.apache.ratis.server.impl.LeaderElection.askForVotes(LeaderElection.java:201)
	at org.apache.ratis.server.impl.LeaderElection.run(LeaderElection.java:133)
	at java.lang.Thread.run(Thread.java:748)
Caused by: org.apache.ratis.thirdparty.io.grpc.StatusRuntimeException: UNAVAILABLE: io exception
	at org.apache.ratis.thirdparty.io.grpc.stub.ClientCalls.toStatusRuntimeException(ClientCalls.java:233)
	at org.apache.ratis.thirdparty.io.grpc.stub.ClientCalls.getUnchecked(ClientCalls.java:214)
	at org.apache.ratis.thirdparty.io.grpc.stub.ClientCalls.blockingUnaryCall(ClientCalls.java:139)
	at org.apache.ratis.proto.grpc.RaftServerProtocolServiceGrpc$RaftServerProtocolServiceBlockingStub.requestVote(RaftServerProtocolServiceGrpc.java:265)
	at org.apache.ratis.grpc.server.GrpcServerProtocolClient.requestVote(GrpcServerProtocolClient.java:90)
	at org.apache.ratis.grpc.server.GrpcService.requestVote(GrpcService.java:204)
	at org.apache.ratis.server.impl.LeaderElection.lambda$submitRequests$1(LeaderElection.java:238)
	at java.util.concurrent.FutureTask.run(FutureTask.java:266)
	at java.util.concurrent.Executors$RunnableAdapter.call(Executors.java:511)
	at java.util.concurrent.FutureTask.run(FutureTask.java:266)
	at java.util.concurrent.ThreadPoolExecutor.runWorker(ThreadPoolExecutor.java:1149)
	at java.util.concurrent.ThreadPoolExecutor$Worker.run(ThreadPoolExecutor.java:624)
	... 1 more
Caused by: org.apache.ratis.thirdparty.io.netty.channel.AbstractChannel$AnnotatedConnectException: Connection refused: /192.168.5.159:45599
	at sun.nio.ch.SocketChannelImpl.checkConnect(Native Method)
	at sun.nio.ch.SocketChannelImpl.finishConnect(SocketChannelImpl.java:717)
	at org.apache.ratis.thirdparty.io.netty.channel.socket.nio.NioSocketChannel.doFinishConnect(NioSocketChannel.java:327)
	at org.apache.ratis.thirdparty.io.netty.channel.nio.AbstractNioChannel$AbstractNioUnsafe.finishConnect(AbstractNioChannel.java:340)
	at org.apache.ratis.thirdparty.io.netty.channel.nio.NioEventLoop.processSelectedKey(NioEventLoop.java:632)
	at org.apache.ratis.thirdparty.io.netty.channel.nio.NioEventLoop.processSelectedKeysOptimized(NioEventLoop.java:579)
	at org.apache.ratis.thirdparty.io.netty.channel.nio.NioEventLoop.processSelectedKeys(NioEventLoop.java:496)
	at org.apache.ratis.thirdparty.io.netty.channel.nio.NioEventLoop.run(NioEventLoop.java:458)
	at org.apache.ratis.thirdparty.io.netty.util.concurrent.SingleThreadEventExecutor$5.run(SingleThreadEventExecutor.java:897)
	at org.apache.ratis.thirdparty.io.netty.util.concurrent.FastThreadLocalRunnable.run(FastThreadLocalRunnable.java:30)
	... 1 more
Caused by: java.net.ConnectException: Connection refused
	... 11 more
2019-10-14 14:42:34,976 [caa892f0-76ff-4c1e-b30f-b7c59842badc@group-E0B7C1D5C8D3:LeaderElection43] INFO  impl.LeaderElection (LogUtils.java:infoOrTrace(149)) - caa892f0-76ff-4c1e-b30f-b7c59842badc@group-E0B7C1D5C8D3:LeaderElection43 got exception when requesting votes: {}
java.util.concurrent.ExecutionException: org.apache.ratis.thirdparty.io.grpc.StatusRuntimeException: UNAVAILABLE: io exception
	at java.util.concurrent.FutureTask.report(FutureTask.java:122)
	at java.util.concurrent.FutureTask.get(FutureTask.java:192)
	at org.apache.ratis.server.impl.LeaderElection.waitForResults(LeaderElection.java:263)
	at org.apache.ratis.server.impl.LeaderElection.askForVotes(LeaderElection.java:201)
	at org.apache.ratis.server.impl.LeaderElection.run(LeaderElection.java:133)
	at java.lang.Thread.run(Thread.java:748)
Caused by: org.apache.ratis.thirdparty.io.grpc.StatusRuntimeException: UNAVAILABLE: io exception
	at org.apache.ratis.thirdparty.io.grpc.stub.ClientCalls.toStatusRuntimeException(ClientCalls.java:233)
	at org.apache.ratis.thirdparty.io.grpc.stub.ClientCalls.getUnchecked(ClientCalls.java:214)
	at org.apache.ratis.thirdparty.io.grpc.stub.ClientCalls.blockingUnaryCall(ClientCalls.java:139)
	at org.apache.ratis.proto.grpc.RaftServerProtocolServiceGrpc$RaftServerProtocolServiceBlockingStub.requestVote(RaftServerProtocolServiceGrpc.java:265)
	at org.apache.ratis.grpc.server.GrpcServerProtocolClient.requestVote(GrpcServerProtocolClient.java:90)
	at org.apache.ratis.grpc.server.GrpcService.requestVote(GrpcService.java:204)
	at org.apache.ratis.server.impl.LeaderElection.lambda$submitRequests$1(LeaderElection.java:238)
	at java.util.concurrent.FutureTask.run(FutureTask.java:266)
	at java.util.concurrent.Executors$RunnableAdapter.call(Executors.java:511)
	at java.util.concurrent.FutureTask.run(FutureTask.java:266)
	at java.util.concurrent.ThreadPoolExecutor.runWorker(ThreadPoolExecutor.java:1149)
	at java.util.concurrent.ThreadPoolExecutor$Worker.run(ThreadPoolExecutor.java:624)
	... 1 more
Caused by: org.apache.ratis.thirdparty.io.netty.channel.AbstractChannel$AnnotatedConnectException: Connection refused: /192.168.5.159:44598
	at sun.nio.ch.SocketChannelImpl.checkConnect(Native Method)
	at sun.nio.ch.SocketChannelImpl.finishConnect(SocketChannelImpl.java:717)
	at org.apache.ratis.thirdparty.io.netty.channel.socket.nio.NioSocketChannel.doFinishConnect(NioSocketChannel.java:327)
	at org.apache.ratis.thirdparty.io.netty.channel.nio.AbstractNioChannel$AbstractNioUnsafe.finishConnect(AbstractNioChannel.java:340)
	at org.apache.ratis.thirdparty.io.netty.channel.nio.NioEventLoop.processSelectedKey(NioEventLoop.java:632)
	at org.apache.ratis.thirdparty.io.netty.channel.nio.NioEventLoop.processSelectedKeysOptimized(NioEventLoop.java:579)
	at org.apache.ratis.thirdparty.io.netty.channel.nio.NioEventLoop.processSelectedKeys(NioEventLoop.java:496)
	at org.apache.ratis.thirdparty.io.netty.channel.nio.NioEventLoop.run(NioEventLoop.java:458)
	at org.apache.ratis.thirdparty.io.netty.util.concurrent.SingleThreadEventExecutor$5.run(SingleThreadEventExecutor.java:897)
	at org.apache.ratis.thirdparty.io.netty.util.concurrent.FastThreadLocalRunnable.run(FastThreadLocalRunnable.java:30)
	... 1 more
Caused by: java.net.ConnectException: Connection refused
	... 11 more
2019-10-14 14:42:34,979 [caa892f0-76ff-4c1e-b30f-b7c59842badc@group-E0B7C1D5C8D3:LeaderElection43] INFO  impl.LeaderElection (LeaderElection.java:logAndReturn(56)) - caa892f0-76ff-4c1e-b30f-b7c59842badc@group-E0B7C1D5C8D3:LeaderElection43: Election REJECTED; received 0 response(s) [] and 2 exception(s); caa892f0-76ff-4c1e-b30f-b7c59842badc@group-E0B7C1D5C8D3:t4, leader=null, voted=caa892f0-76ff-4c1e-b30f-b7c59842badc, raftlog=caa892f0-76ff-4c1e-b30f-b7c59842badc@group-E0B7C1D5C8D3-SegmentedRaftLog:OPENED:c0,f0,i0, conf=0: [07a15819-e4fc-4072-82ac-b3e77a99d12a:192.168.5.159:45599, f9748ec4-5d8a-4dfc-8690-85b8cdac3f5d:192.168.5.159:44598, caa892f0-76ff-4c1e-b30f-b7c59842badc:192.168.5.159:39406], old=null
2019-10-14 14:42:34,979 [caa892f0-76ff-4c1e-b30f-b7c59842badc@group-E0B7C1D5C8D3:LeaderElection43] INFO  impl.LeaderElection (LogUtils.java:infoOrTrace(149)) -   Exception 0: {}
java.util.concurrent.ExecutionException: org.apache.ratis.thirdparty.io.grpc.StatusRuntimeException: UNAVAILABLE: io exception
	at java.util.concurrent.FutureTask.report(FutureTask.java:122)
	at java.util.concurrent.FutureTask.get(FutureTask.java:192)
	at org.apache.ratis.server.impl.LeaderElection.waitForResults(LeaderElection.java:263)
	at org.apache.ratis.server.impl.LeaderElection.askForVotes(LeaderElection.java:201)
	at org.apache.ratis.server.impl.LeaderElection.run(LeaderElection.java:133)
	at java.lang.Thread.run(Thread.java:748)
Caused by: org.apache.ratis.thirdparty.io.grpc.StatusRuntimeException: UNAVAILABLE: io exception
	at org.apache.ratis.thirdparty.io.grpc.stub.ClientCalls.toStatusRuntimeException(ClientCalls.java:233)
	at org.apache.ratis.thirdparty.io.grpc.stub.ClientCalls.getUnchecked(ClientCalls.java:214)
	at org.apache.ratis.thirdparty.io.grpc.stub.ClientCalls.blockingUnaryCall(ClientCalls.java:139)
	at org.apache.ratis.proto.grpc.RaftServerProtocolServiceGrpc$RaftServerProtocolServiceBlockingStub.requestVote(RaftServerProtocolServiceGrpc.java:265)
	at org.apache.ratis.grpc.server.GrpcServerProtocolClient.requestVote(GrpcServerProtocolClient.java:90)
	at org.apache.ratis.grpc.server.GrpcService.requestVote(GrpcService.java:204)
	at org.apache.ratis.server.impl.LeaderElection.lambda$submitRequests$1(LeaderElection.java:238)
	at java.util.concurrent.FutureTask.run(FutureTask.java:266)
	at java.util.concurrent.Executors$RunnableAdapter.call(Executors.java:511)
	at java.util.concurrent.FutureTask.run(FutureTask.java:266)
	at java.util.concurrent.ThreadPoolExecutor.runWorker(ThreadPoolExecutor.java:1149)
	at java.util.concurrent.ThreadPoolExecutor$Worker.run(ThreadPoolExecutor.java:624)
	... 1 more
Caused by: org.apache.ratis.thirdparty.io.netty.channel.AbstractChannel$AnnotatedConnectException: Connection refused: /192.168.5.159:45599
	at sun.nio.ch.SocketChannelImpl.checkConnect(Native Method)
	at sun.nio.ch.SocketChannelImpl.finishConnect(SocketChannelImpl.java:717)
	at org.apache.ratis.thirdparty.io.netty.channel.socket.nio.NioSocketChannel.doFinishConnect(NioSocketChannel.java:327)
	at org.apache.ratis.thirdparty.io.netty.channel.nio.AbstractNioChannel$AbstractNioUnsafe.finishConnect(AbstractNioChannel.java:340)
	at org.apache.ratis.thirdparty.io.netty.channel.nio.NioEventLoop.processSelectedKey(NioEventLoop.java:632)
	at org.apache.ratis.thirdparty.io.netty.channel.nio.NioEventLoop.processSelectedKeysOptimized(NioEventLoop.java:579)
	at org.apache.ratis.thirdparty.io.netty.channel.nio.NioEventLoop.processSelectedKeys(NioEventLoop.java:496)
	at org.apache.ratis.thirdparty.io.netty.channel.nio.NioEventLoop.run(NioEventLoop.java:458)
	at org.apache.ratis.thirdparty.io.netty.util.concurrent.SingleThreadEventExecutor$5.run(SingleThreadEventExecutor.java:897)
	at org.apache.ratis.thirdparty.io.netty.util.concurrent.FastThreadLocalRunnable.run(FastThreadLocalRunnable.java:30)
	... 1 more
Caused by: java.net.ConnectException: Connection refused
	... 11 more
2019-10-14 14:42:34,980 [caa892f0-76ff-4c1e-b30f-b7c59842badc@group-E0B7C1D5C8D3:LeaderElection43] INFO  impl.LeaderElection (LogUtils.java:infoOrTrace(149)) -   Exception 1: {}
java.util.concurrent.ExecutionException: org.apache.ratis.thirdparty.io.grpc.StatusRuntimeException: UNAVAILABLE: io exception
	at java.util.concurrent.FutureTask.report(FutureTask.java:122)
	at java.util.concurrent.FutureTask.get(FutureTask.java:192)
	at org.apache.ratis.server.impl.LeaderElection.waitForResults(LeaderElection.java:263)
	at org.apache.ratis.server.impl.LeaderElection.askForVotes(LeaderElection.java:201)
	at org.apache.ratis.server.impl.LeaderElection.run(LeaderElection.java:133)
	at java.lang.Thread.run(Thread.java:748)
Caused by: org.apache.ratis.thirdparty.io.grpc.StatusRuntimeException: UNAVAILABLE: io exception
	at org.apache.ratis.thirdparty.io.grpc.stub.ClientCalls.toStatusRuntimeException(ClientCalls.java:233)
	at org.apache.ratis.thirdparty.io.grpc.stub.ClientCalls.getUnchecked(ClientCalls.java:214)
	at org.apache.ratis.thirdparty.io.grpc.stub.ClientCalls.blockingUnaryCall(ClientCalls.java:139)
	at org.apache.ratis.proto.grpc.RaftServerProtocolServiceGrpc$RaftServerProtocolServiceBlockingStub.requestVote(RaftServerProtocolServiceGrpc.java:265)
	at org.apache.ratis.grpc.server.GrpcServerProtocolClient.requestVote(GrpcServerProtocolClient.java:90)
	at org.apache.ratis.grpc.server.GrpcService.requestVote(GrpcService.java:204)
	at org.apache.ratis.server.impl.LeaderElection.lambda$submitRequests$1(LeaderElection.java:238)
	at java.util.concurrent.FutureTask.run(FutureTask.java:266)
	at java.util.concurrent.Executors$RunnableAdapter.call(Executors.java:511)
	at java.util.concurrent.FutureTask.run(FutureTask.java:266)
	at java.util.concurrent.ThreadPoolExecutor.runWorker(ThreadPoolExecutor.java:1149)
	at java.util.concurrent.ThreadPoolExecutor$Worker.run(ThreadPoolExecutor.java:624)
	... 1 more
Caused by: org.apache.ratis.thirdparty.io.netty.channel.AbstractChannel$AnnotatedConnectException: Connection refused: /192.168.5.159:44598
	at sun.nio.ch.SocketChannelImpl.checkConnect(Native Method)
	at sun.nio.ch.SocketChannelImpl.finishConnect(SocketChannelImpl.java:717)
	at org.apache.ratis.thirdparty.io.netty.channel.socket.nio.NioSocketChannel.doFinishConnect(NioSocketChannel.java:327)
	at org.apache.ratis.thirdparty.io.netty.channel.nio.AbstractNioChannel$AbstractNioUnsafe.finishConnect(AbstractNioChannel.java:340)
	at org.apache.ratis.thirdparty.io.netty.channel.nio.NioEventLoop.processSelectedKey(NioEventLoop.java:632)
	at org.apache.ratis.thirdparty.io.netty.channel.nio.NioEventLoop.processSelectedKeysOptimized(NioEventLoop.java:579)
	at org.apache.ratis.thirdparty.io.netty.channel.nio.NioEventLoop.processSelectedKeys(NioEventLoop.java:496)
	at org.apache.ratis.thirdparty.io.netty.channel.nio.NioEventLoop.run(NioEventLoop.java:458)
	at org.apache.ratis.thirdparty.io.netty.util.concurrent.SingleThreadEventExecutor$5.run(SingleThreadEventExecutor.java:897)
	at org.apache.ratis.thirdparty.io.netty.util.concurrent.FastThreadLocalRunnable.run(FastThreadLocalRunnable.java:30)
	... 1 more
Caused by: java.net.ConnectException: Connection refused
	... 11 more
2019-10-14 14:42:34,981 [caa892f0-76ff-4c1e-b30f-b7c59842badc@group-E0B7C1D5C8D3:LeaderElection43] INFO  impl.RaftServerImpl (RaftServerImpl.java:setRole(174)) - caa892f0-76ff-4c1e-b30f-b7c59842badc@group-E0B7C1D5C8D3: changes role from CANDIDATE to FOLLOWER at term 4 for DISCOVERED_A_NEW_TERM
2019-10-14 14:42:34,981 [caa892f0-76ff-4c1e-b30f-b7c59842badc@group-E0B7C1D5C8D3:LeaderElection43] INFO  impl.RoleInfo (RoleInfo.java:shutdownLeaderElection(134)) - caa892f0-76ff-4c1e-b30f-b7c59842badc: shutdown LeaderElection
2019-10-14 14:42:34,981 [caa892f0-76ff-4c1e-b30f-b7c59842badc@group-E0B7C1D5C8D3:LeaderElection43] INFO  impl.RoleInfo (RoleInfo.java:updateAndGet(143)) - caa892f0-76ff-4c1e-b30f-b7c59842badc: start FollowerState
2019-10-14 14:42:35,278 [grpc-default-executor-9] WARN  server.GrpcLogAppender (LogUtils.java:warn(134)) - caa892f0-76ff-4c1e-b30f-b7c59842badc@group-382452901537->07a15819-e4fc-4072-82ac-b3e77a99d12a-AppendLogResponseHandler: Failed appendEntries: org.apache.ratis.thirdparty.io.grpc.StatusRuntimeException: UNAVAILABLE: io exception
2019-10-14 14:42:35,279 [grpc-default-executor-9] INFO  impl.FollowerInfo (FollowerInfo.java:lambda$new$0(51)) - caa892f0-76ff-4c1e-b30f-b7c59842badc@group-382452901537->07a15819-e4fc-4072-82ac-b3e77a99d12a: nextIndex: updateUnconditionally 0 -> 0
2019-10-14 14:42:35,315 [grpc-default-executor-9] WARN  server.GrpcLogAppender (LogUtils.java:warn(134)) - caa892f0-76ff-4c1e-b30f-b7c59842badc@group-382452901537->f9748ec4-5d8a-4dfc-8690-85b8cdac3f5d-AppendLogResponseHandler: Failed appendEntries: org.apache.ratis.thirdparty.io.grpc.StatusRuntimeException: UNAVAILABLE: io exception
2019-10-14 14:42:35,315 [grpc-default-executor-9] INFO  impl.FollowerInfo (FollowerInfo.java:lambda$new$0(51)) - caa892f0-76ff-4c1e-b30f-b7c59842badc@group-382452901537->f9748ec4-5d8a-4dfc-8690-85b8cdac3f5d: nextIndex: updateUnconditionally 0 -> 0
2019-10-14 14:42:35,331 [grpc-default-executor-7] WARN  server.GrpcLogAppender (LogUtils.java:warn(134)) - caa892f0-76ff-4c1e-b30f-b7c59842badc@group-026CFA11C8A1->07a15819-e4fc-4072-82ac-b3e77a99d12a-AppendLogResponseHandler: Failed appendEntries: org.apache.ratis.thirdparty.io.grpc.StatusRuntimeException: UNAVAILABLE: io exception
2019-10-14 14:42:35,332 [grpc-default-executor-7] INFO  impl.FollowerInfo (FollowerInfo.java:lambda$new$0(51)) - caa892f0-76ff-4c1e-b30f-b7c59842badc@group-026CFA11C8A1->07a15819-e4fc-4072-82ac-b3e77a99d12a: nextIndex: updateUnconditionally 0 -> 0
2019-10-14 14:42:35,381 [grpc-default-executor-0] WARN  server.GrpcLogAppender (LogUtils.java:warn(134)) - caa892f0-76ff-4c1e-b30f-b7c59842badc@group-026CFA11C8A1->f9748ec4-5d8a-4dfc-8690-85b8cdac3f5d-AppendLogResponseHandler: Failed appendEntries: org.apache.ratis.thirdparty.io.grpc.StatusRuntimeException: UNAVAILABLE: io exception
2019-10-14 14:42:35,381 [grpc-default-executor-0] INFO  impl.FollowerInfo (FollowerInfo.java:lambda$new$0(51)) - caa892f0-76ff-4c1e-b30f-b7c59842badc@group-026CFA11C8A1->f9748ec4-5d8a-4dfc-8690-85b8cdac3f5d: nextIndex: updateUnconditionally 0 -> 0
2019-10-14 14:42:35,781 [grpc-default-executor-8] WARN  server.GrpcLogAppender (LogUtils.java:warn(134)) - caa892f0-76ff-4c1e-b30f-b7c59842badc@group-382452901537->07a15819-e4fc-4072-82ac-b3e77a99d12a-AppendLogResponseHandler: Failed appendEntries: org.apache.ratis.thirdparty.io.grpc.StatusRuntimeException: UNAVAILABLE: io exception
2019-10-14 14:42:35,782 [grpc-default-executor-8] INFO  impl.FollowerInfo (FollowerInfo.java:lambda$new$0(51)) - caa892f0-76ff-4c1e-b30f-b7c59842badc@group-382452901537->07a15819-e4fc-4072-82ac-b3e77a99d12a: nextIndex: updateUnconditionally 0 -> 0
2019-10-14 14:42:35,818 [grpc-default-executor-0] WARN  server.GrpcLogAppender (LogUtils.java:warn(134)) - caa892f0-76ff-4c1e-b30f-b7c59842badc@group-382452901537->f9748ec4-5d8a-4dfc-8690-85b8cdac3f5d-AppendLogResponseHandler: Failed appendEntries: org.apache.ratis.thirdparty.io.grpc.StatusRuntimeException: UNAVAILABLE: io exception
2019-10-14 14:42:35,818 [grpc-default-executor-0] INFO  impl.FollowerInfo (FollowerInfo.java:lambda$new$0(51)) - caa892f0-76ff-4c1e-b30f-b7c59842badc@group-382452901537->f9748ec4-5d8a-4dfc-8690-85b8cdac3f5d: nextIndex: updateUnconditionally 0 -> 0
2019-10-14 14:42:35,831 [grpc-default-executor-7] WARN  server.GrpcLogAppender (LogUtils.java:warn(134)) - caa892f0-76ff-4c1e-b30f-b7c59842badc@group-026CFA11C8A1->07a15819-e4fc-4072-82ac-b3e77a99d12a-AppendLogResponseHandler: Failed appendEntries: org.apache.ratis.thirdparty.io.grpc.StatusRuntimeException: UNAVAILABLE: io exception
2019-10-14 14:42:35,831 [grpc-default-executor-7] INFO  impl.FollowerInfo (FollowerInfo.java:lambda$new$0(51)) - caa892f0-76ff-4c1e-b30f-b7c59842badc@group-026CFA11C8A1->07a15819-e4fc-4072-82ac-b3e77a99d12a: nextIndex: updateUnconditionally 0 -> 0
2019-10-14 14:42:35,881 [grpc-default-executor-8] WARN  server.GrpcLogAppender (LogUtils.java:warn(134)) - caa892f0-76ff-4c1e-b30f-b7c59842badc@group-026CFA11C8A1->f9748ec4-5d8a-4dfc-8690-85b8cdac3f5d-AppendLogResponseHandler: Failed appendEntries: org.apache.ratis.thirdparty.io.grpc.StatusRuntimeException: UNAVAILABLE: io exception
2019-10-14 14:42:35,882 [grpc-default-executor-8] INFO  impl.FollowerInfo (FollowerInfo.java:lambda$new$0(51)) - caa892f0-76ff-4c1e-b30f-b7c59842badc@group-026CFA11C8A1->f9748ec4-5d8a-4dfc-8690-85b8cdac3f5d: nextIndex: updateUnconditionally 0 -> 0
2019-10-14 14:42:36,014 [Thread-956] INFO  impl.FollowerState (FollowerState.java:run(106)) - caa892f0-76ff-4c1e-b30f-b7c59842badc:group-EA752D978E74 changes to CANDIDATE, lastRpcTime:1178, electionTimeout:1178ms
2019-10-14 14:42:36,014 [Thread-956] INFO  impl.RoleInfo (RoleInfo.java:shutdownFollowerState(121)) - caa892f0-76ff-4c1e-b30f-b7c59842badc: shutdown FollowerState
2019-10-14 14:42:36,014 [Thread-956] INFO  impl.RaftServerImpl (RaftServerImpl.java:setRole(174)) - caa892f0-76ff-4c1e-b30f-b7c59842badc@group-EA752D978E74: changes role from  FOLLOWER to CANDIDATE at term 3 for changeToCandidate
2019-10-14 14:42:36,015 [Thread-956] INFO  impl.RoleInfo (RoleInfo.java:updateAndGet(143)) - caa892f0-76ff-4c1e-b30f-b7c59842badc: start LeaderElection
2019-10-14 14:42:36,029 [caa892f0-76ff-4c1e-b30f-b7c59842badc@group-EA752D978E74:LeaderElection44] INFO  impl.LeaderElection (LeaderElection.java:askForVotes(182)) - caa892f0-76ff-4c1e-b30f-b7c59842badc@group-EA752D978E74:LeaderElection44: begin an election at term 4 for 0: [07a15819-e4fc-4072-82ac-b3e77a99d12a:192.168.5.159:45599, f9748ec4-5d8a-4dfc-8690-85b8cdac3f5d:192.168.5.159:44598, caa892f0-76ff-4c1e-b30f-b7c59842badc:192.168.5.159:39406], old=null
2019-10-14 14:42:36,033 [caa892f0-76ff-4c1e-b30f-b7c59842badc@group-EA752D978E74:LeaderElection44] INFO  impl.LeaderElection (LogUtils.java:infoOrTrace(149)) - caa892f0-76ff-4c1e-b30f-b7c59842badc@group-EA752D978E74:LeaderElection44 got exception when requesting votes: {}
java.util.concurrent.ExecutionException: org.apache.ratis.thirdparty.io.grpc.StatusRuntimeException: UNAVAILABLE: io exception
	at java.util.concurrent.FutureTask.report(FutureTask.java:122)
	at java.util.concurrent.FutureTask.get(FutureTask.java:192)
	at org.apache.ratis.server.impl.LeaderElection.waitForResults(LeaderElection.java:263)
	at org.apache.ratis.server.impl.LeaderElection.askForVotes(LeaderElection.java:201)
	at org.apache.ratis.server.impl.LeaderElection.run(LeaderElection.java:133)
	at java.lang.Thread.run(Thread.java:748)
Caused by: org.apache.ratis.thirdparty.io.grpc.StatusRuntimeException: UNAVAILABLE: io exception
	at org.apache.ratis.thirdparty.io.grpc.stub.ClientCalls.toStatusRuntimeException(ClientCalls.java:233)
	at org.apache.ratis.thirdparty.io.grpc.stub.ClientCalls.getUnchecked(ClientCalls.java:214)
	at org.apache.ratis.thirdparty.io.grpc.stub.ClientCalls.blockingUnaryCall(ClientCalls.java:139)
	at org.apache.ratis.proto.grpc.RaftServerProtocolServiceGrpc$RaftServerProtocolServiceBlockingStub.requestVote(RaftServerProtocolServiceGrpc.java:265)
	at org.apache.ratis.grpc.server.GrpcServerProtocolClient.requestVote(GrpcServerProtocolClient.java:90)
	at org.apache.ratis.grpc.server.GrpcService.requestVote(GrpcService.java:204)
	at org.apache.ratis.server.impl.LeaderElection.lambda$submitRequests$1(LeaderElection.java:238)
	at java.util.concurrent.FutureTask.run(FutureTask.java:266)
	at java.util.concurrent.Executors$RunnableAdapter.call(Executors.java:511)
	at java.util.concurrent.FutureTask.run(FutureTask.java:266)
	at java.util.concurrent.ThreadPoolExecutor.runWorker(ThreadPoolExecutor.java:1149)
	at java.util.concurrent.ThreadPoolExecutor$Worker.run(ThreadPoolExecutor.java:624)
	... 1 more
Caused by: org.apache.ratis.thirdparty.io.netty.channel.AbstractChannel$AnnotatedConnectException: Connection refused: /192.168.5.159:45599
	at sun.nio.ch.SocketChannelImpl.checkConnect(Native Method)
	at sun.nio.ch.SocketChannelImpl.finishConnect(SocketChannelImpl.java:717)
	at org.apache.ratis.thirdparty.io.netty.channel.socket.nio.NioSocketChannel.doFinishConnect(NioSocketChannel.java:327)
	at org.apache.ratis.thirdparty.io.netty.channel.nio.AbstractNioChannel$AbstractNioUnsafe.finishConnect(AbstractNioChannel.java:340)
	at org.apache.ratis.thirdparty.io.netty.channel.nio.NioEventLoop.processSelectedKey(NioEventLoop.java:632)
	at org.apache.ratis.thirdparty.io.netty.channel.nio.NioEventLoop.processSelectedKeysOptimized(NioEventLoop.java:579)
	at org.apache.ratis.thirdparty.io.netty.channel.nio.NioEventLoop.processSelectedKeys(NioEventLoop.java:496)
	at org.apache.ratis.thirdparty.io.netty.channel.nio.NioEventLoop.run(NioEventLoop.java:458)
	at org.apache.ratis.thirdparty.io.netty.util.concurrent.SingleThreadEventExecutor$5.run(SingleThreadEventExecutor.java:897)
	at org.apache.ratis.thirdparty.io.netty.util.concurrent.FastThreadLocalRunnable.run(FastThreadLocalRunnable.java:30)
	... 1 more
Caused by: java.net.ConnectException: Connection refused
	... 11 more
2019-10-14 14:42:36,037 [caa892f0-76ff-4c1e-b30f-b7c59842badc@group-EA752D978E74:LeaderElection44] INFO  impl.LeaderElection (LogUtils.java:infoOrTrace(149)) - caa892f0-76ff-4c1e-b30f-b7c59842badc@group-EA752D978E74:LeaderElection44 got exception when requesting votes: {}
java.util.concurrent.ExecutionException: org.apache.ratis.thirdparty.io.grpc.StatusRuntimeException: UNAVAILABLE: io exception
	at java.util.concurrent.FutureTask.report(FutureTask.java:122)
	at java.util.concurrent.FutureTask.get(FutureTask.java:192)
	at org.apache.ratis.server.impl.LeaderElection.waitForResults(LeaderElection.java:263)
	at org.apache.ratis.server.impl.LeaderElection.askForVotes(LeaderElection.java:201)
	at org.apache.ratis.server.impl.LeaderElection.run(LeaderElection.java:133)
	at java.lang.Thread.run(Thread.java:748)
Caused by: org.apache.ratis.thirdparty.io.grpc.StatusRuntimeException: UNAVAILABLE: io exception
	at org.apache.ratis.thirdparty.io.grpc.stub.ClientCalls.toStatusRuntimeException(ClientCalls.java:233)
	at org.apache.ratis.thirdparty.io.grpc.stub.ClientCalls.getUnchecked(ClientCalls.java:214)
	at org.apache.ratis.thirdparty.io.grpc.stub.ClientCalls.blockingUnaryCall(ClientCalls.java:139)
	at org.apache.ratis.proto.grpc.RaftServerProtocolServiceGrpc$RaftServerProtocolServiceBlockingStub.requestVote(RaftServerProtocolServiceGrpc.java:265)
	at org.apache.ratis.grpc.server.GrpcServerProtocolClient.requestVote(GrpcServerProtocolClient.java:90)
	at org.apache.ratis.grpc.server.GrpcService.requestVote(GrpcService.java:204)
	at org.apache.ratis.server.impl.LeaderElection.lambda$submitRequests$1(LeaderElection.java:238)
	at java.util.concurrent.FutureTask.run(FutureTask.java:266)
	at java.util.concurrent.Executors$RunnableAdapter.call(Executors.java:511)
	at java.util.concurrent.FutureTask.run(FutureTask.java:266)
	at java.util.concurrent.ThreadPoolExecutor.runWorker(ThreadPoolExecutor.java:1149)
	at java.util.concurrent.ThreadPoolExecutor$Worker.run(ThreadPoolExecutor.java:624)
	... 1 more
Caused by: org.apache.ratis.thirdparty.io.netty.channel.AbstractChannel$AnnotatedConnectException: Connection refused: /192.168.5.159:44598
	at sun.nio.ch.SocketChannelImpl.checkConnect(Native Method)
	at sun.nio.ch.SocketChannelImpl.finishConnect(SocketChannelImpl.java:717)
	at org.apache.ratis.thirdparty.io.netty.channel.socket.nio.NioSocketChannel.doFinishConnect(NioSocketChannel.java:327)
	at org.apache.ratis.thirdparty.io.netty.channel.nio.AbstractNioChannel$AbstractNioUnsafe.finishConnect(AbstractNioChannel.java:340)
	at org.apache.ratis.thirdparty.io.netty.channel.nio.NioEventLoop.processSelectedKey(NioEventLoop.java:632)
	at org.apache.ratis.thirdparty.io.netty.channel.nio.NioEventLoop.processSelectedKeysOptimized(NioEventLoop.java:579)
	at org.apache.ratis.thirdparty.io.netty.channel.nio.NioEventLoop.processSelectedKeys(NioEventLoop.java:496)
	at org.apache.ratis.thirdparty.io.netty.channel.nio.NioEventLoop.run(NioEventLoop.java:458)
	at org.apache.ratis.thirdparty.io.netty.util.concurrent.SingleThreadEventExecutor$5.run(SingleThreadEventExecutor.java:897)
	at org.apache.ratis.thirdparty.io.netty.util.concurrent.FastThreadLocalRunnable.run(FastThreadLocalRunnable.java:30)
	... 1 more
Caused by: java.net.ConnectException: Connection refused
	... 11 more
2019-10-14 14:42:36,041 [caa892f0-76ff-4c1e-b30f-b7c59842badc@group-EA752D978E74:LeaderElection44] INFO  impl.LeaderElection (LeaderElection.java:logAndReturn(56)) - caa892f0-76ff-4c1e-b30f-b7c59842badc@group-EA752D978E74:LeaderElection44: Election REJECTED; received 0 response(s) [] and 2 exception(s); caa892f0-76ff-4c1e-b30f-b7c59842badc@group-EA752D978E74:t4, leader=null, voted=caa892f0-76ff-4c1e-b30f-b7c59842badc, raftlog=caa892f0-76ff-4c1e-b30f-b7c59842badc@group-EA752D978E74-SegmentedRaftLog:OPENED:c16,f16,i16, conf=0: [07a15819-e4fc-4072-82ac-b3e77a99d12a:192.168.5.159:45599, f9748ec4-5d8a-4dfc-8690-85b8cdac3f5d:192.168.5.159:44598, caa892f0-76ff-4c1e-b30f-b7c59842badc:192.168.5.159:39406], old=null
2019-10-14 14:42:36,041 [caa892f0-76ff-4c1e-b30f-b7c59842badc@group-EA752D978E74:LeaderElection44] INFO  impl.LeaderElection (LogUtils.java:infoOrTrace(149)) -   Exception 0: {}
java.util.concurrent.ExecutionException: org.apache.ratis.thirdparty.io.grpc.StatusRuntimeException: UNAVAILABLE: io exception
	at java.util.concurrent.FutureTask.report(FutureTask.java:122)
	at java.util.concurrent.FutureTask.get(FutureTask.java:192)
	at org.apache.ratis.server.impl.LeaderElection.waitForResults(LeaderElection.java:263)
	at org.apache.ratis.server.impl.LeaderElection.askForVotes(LeaderElection.java:201)
	at org.apache.ratis.server.impl.LeaderElection.run(LeaderElection.java:133)
	at java.lang.Thread.run(Thread.java:748)
Caused by: org.apache.ratis.thirdparty.io.grpc.StatusRuntimeException: UNAVAILABLE: io exception
	at org.apache.ratis.thirdparty.io.grpc.stub.ClientCalls.toStatusRuntimeException(ClientCalls.java:233)
	at org.apache.ratis.thirdparty.io.grpc.stub.ClientCalls.getUnchecked(ClientCalls.java:214)
	at org.apache.ratis.thirdparty.io.grpc.stub.ClientCalls.blockingUnaryCall(ClientCalls.java:139)
	at org.apache.ratis.proto.grpc.RaftServerProtocolServiceGrpc$RaftServerProtocolServiceBlockingStub.requestVote(RaftServerProtocolServiceGrpc.java:265)
	at org.apache.ratis.grpc.server.GrpcServerProtocolClient.requestVote(GrpcServerProtocolClient.java:90)
	at org.apache.ratis.grpc.server.GrpcService.requestVote(GrpcService.java:204)
	at org.apache.ratis.server.impl.LeaderElection.lambda$submitRequests$1(LeaderElection.java:238)
	at java.util.concurrent.FutureTask.run(FutureTask.java:266)
	at java.util.concurrent.Executors$RunnableAdapter.call(Executors.java:511)
	at java.util.concurrent.FutureTask.run(FutureTask.java:266)
	at java.util.concurrent.ThreadPoolExecutor.runWorker(ThreadPoolExecutor.java:1149)
	at java.util.concurrent.ThreadPoolExecutor$Worker.run(ThreadPoolExecutor.java:624)
	... 1 more
Caused by: org.apache.ratis.thirdparty.io.netty.channel.AbstractChannel$AnnotatedConnectException: Connection refused: /192.168.5.159:45599
	at sun.nio.ch.SocketChannelImpl.checkConnect(Native Method)
	at sun.nio.ch.SocketChannelImpl.finishConnect(SocketChannelImpl.java:717)
	at org.apache.ratis.thirdparty.io.netty.channel.socket.nio.NioSocketChannel.doFinishConnect(NioSocketChannel.java:327)
	at org.apache.ratis.thirdparty.io.netty.channel.nio.AbstractNioChannel$AbstractNioUnsafe.finishConnect(AbstractNioChannel.java:340)
	at org.apache.ratis.thirdparty.io.netty.channel.nio.NioEventLoop.processSelectedKey(NioEventLoop.java:632)
	at org.apache.ratis.thirdparty.io.netty.channel.nio.NioEventLoop.processSelectedKeysOptimized(NioEventLoop.java:579)
	at org.apache.ratis.thirdparty.io.netty.channel.nio.NioEventLoop.processSelectedKeys(NioEventLoop.java:496)
	at org.apache.ratis.thirdparty.io.netty.channel.nio.NioEventLoop.run(NioEventLoop.java:458)
	at org.apache.ratis.thirdparty.io.netty.util.concurrent.SingleThreadEventExecutor$5.run(SingleThreadEventExecutor.java:897)
	at org.apache.ratis.thirdparty.io.netty.util.concurrent.FastThreadLocalRunnable.run(FastThreadLocalRunnable.java:30)
	... 1 more
Caused by: java.net.ConnectException: Connection refused
	... 11 more
2019-10-14 14:42:36,041 [caa892f0-76ff-4c1e-b30f-b7c59842badc@group-EA752D978E74:LeaderElection44] INFO  impl.LeaderElection (LogUtils.java:infoOrTrace(149)) -   Exception 1: {}
java.util.concurrent.ExecutionException: org.apache.ratis.thirdparty.io.grpc.StatusRuntimeException: UNAVAILABLE: io exception
	at java.util.concurrent.FutureTask.report(FutureTask.java:122)
	at java.util.concurrent.FutureTask.get(FutureTask.java:192)
	at org.apache.ratis.server.impl.LeaderElection.waitForResults(LeaderElection.java:263)
	at org.apache.ratis.server.impl.LeaderElection.askForVotes(LeaderElection.java:201)
	at org.apache.ratis.server.impl.LeaderElection.run(LeaderElection.java:133)
	at java.lang.Thread.run(Thread.java:748)
Caused by: org.apache.ratis.thirdparty.io.grpc.StatusRuntimeException: UNAVAILABLE: io exception
	at org.apache.ratis.thirdparty.io.grpc.stub.ClientCalls.toStatusRuntimeException(ClientCalls.java:233)
	at org.apache.ratis.thirdparty.io.grpc.stub.ClientCalls.getUnchecked(ClientCalls.java:214)
	at org.apache.ratis.thirdparty.io.grpc.stub.ClientCalls.blockingUnaryCall(ClientCalls.java:139)
	at org.apache.ratis.proto.grpc.RaftServerProtocolServiceGrpc$RaftServerProtocolServiceBlockingStub.requestVote(RaftServerProtocolServiceGrpc.java:265)
	at org.apache.ratis.grpc.server.GrpcServerProtocolClient.requestVote(GrpcServerProtocolClient.java:90)
	at org.apache.ratis.grpc.server.GrpcService.requestVote(GrpcService.java:204)
	at org.apache.ratis.server.impl.LeaderElection.lambda$submitRequests$1(LeaderElection.java:238)
	at java.util.concurrent.FutureTask.run(FutureTask.java:266)
	at java.util.concurrent.Executors$RunnableAdapter.call(Executors.java:511)
	at java.util.concurrent.FutureTask.run(FutureTask.java:266)
	at java.util.concurrent.ThreadPoolExecutor.runWorker(ThreadPoolExecutor.java:1149)
	at java.util.concurrent.ThreadPoolExecutor$Worker.run(ThreadPoolExecutor.java:624)
	... 1 more
Caused by: org.apache.ratis.thirdparty.io.netty.channel.AbstractChannel$AnnotatedConnectException: Connection refused: /192.168.5.159:44598
	at sun.nio.ch.SocketChannelImpl.checkConnect(Native Method)
	at sun.nio.ch.SocketChannelImpl.finishConnect(SocketChannelImpl.java:717)
	at org.apache.ratis.thirdparty.io.netty.channel.socket.nio.NioSocketChannel.doFinishConnect(NioSocketChannel.java:327)
	at org.apache.ratis.thirdparty.io.netty.channel.nio.AbstractNioChannel$AbstractNioUnsafe.finishConnect(AbstractNioChannel.java:340)
	at org.apache.ratis.thirdparty.io.netty.channel.nio.NioEventLoop.processSelectedKey(NioEventLoop.java:632)
	at org.apache.ratis.thirdparty.io.netty.channel.nio.NioEventLoop.processSelectedKeysOptimized(NioEventLoop.java:579)
	at org.apache.ratis.thirdparty.io.netty.channel.nio.NioEventLoop.processSelectedKeys(NioEventLoop.java:496)
	at org.apache.ratis.thirdparty.io.netty.channel.nio.NioEventLoop.run(NioEventLoop.java:458)
	at org.apache.ratis.thirdparty.io.netty.util.concurrent.SingleThreadEventExecutor$5.run(SingleThreadEventExecutor.java:897)
	at org.apache.ratis.thirdparty.io.netty.util.concurrent.FastThreadLocalRunnable.run(FastThreadLocalRunnable.java:30)
	... 1 more
Caused by: java.net.ConnectException: Connection refused
	... 11 more
2019-10-14 14:42:36,042 [caa892f0-76ff-4c1e-b30f-b7c59842badc@group-EA752D978E74:LeaderElection44] INFO  impl.RaftServerImpl (RaftServerImpl.java:setRole(174)) - caa892f0-76ff-4c1e-b30f-b7c59842badc@group-EA752D978E74: changes role from CANDIDATE to FOLLOWER at term 4 for DISCOVERED_A_NEW_TERM
2019-10-14 14:42:36,042 [caa892f0-76ff-4c1e-b30f-b7c59842badc@group-EA752D978E74:LeaderElection44] INFO  impl.RoleInfo (RoleInfo.java:shutdownLeaderElection(134)) - caa892f0-76ff-4c1e-b30f-b7c59842badc: shutdown LeaderElection
2019-10-14 14:42:36,042 [caa892f0-76ff-4c1e-b30f-b7c59842badc@group-EA752D978E74:LeaderElection44] INFO  impl.RoleInfo (RoleInfo.java:updateAndGet(143)) - caa892f0-76ff-4c1e-b30f-b7c59842badc: start FollowerState
2019-10-14 14:42:36,112 [Thread-962] INFO  impl.FollowerState (FollowerState.java:run(106)) - caa892f0-76ff-4c1e-b30f-b7c59842badc:group-E0B7C1D5C8D3 changes to CANDIDATE, lastRpcTime:1131, electionTimeout:1128ms
2019-10-14 14:42:36,112 [Thread-962] INFO  impl.RoleInfo (RoleInfo.java:shutdownFollowerState(121)) - caa892f0-76ff-4c1e-b30f-b7c59842badc: shutdown FollowerState
2019-10-14 14:42:36,112 [Thread-962] INFO  impl.RaftServerImpl (RaftServerImpl.java:setRole(174)) - caa892f0-76ff-4c1e-b30f-b7c59842badc@group-E0B7C1D5C8D3: changes role from  FOLLOWER to CANDIDATE at term 4 for changeToCandidate
2019-10-14 14:42:36,115 [Thread-962] INFO  impl.RoleInfo (RoleInfo.java:updateAndGet(143)) - caa892f0-76ff-4c1e-b30f-b7c59842badc: start LeaderElection
2019-10-14 14:42:36,128 [caa892f0-76ff-4c1e-b30f-b7c59842badc@group-E0B7C1D5C8D3:LeaderElection45] INFO  impl.LeaderElection (LeaderElection.java:askForVotes(182)) - caa892f0-76ff-4c1e-b30f-b7c59842badc@group-E0B7C1D5C8D3:LeaderElection45: begin an election at term 5 for 0: [07a15819-e4fc-4072-82ac-b3e77a99d12a:192.168.5.159:45599, f9748ec4-5d8a-4dfc-8690-85b8cdac3f5d:192.168.5.159:44598, caa892f0-76ff-4c1e-b30f-b7c59842badc:192.168.5.159:39406], old=null
2019-10-14 14:42:36,129 [caa892f0-76ff-4c1e-b30f-b7c59842badc@group-E0B7C1D5C8D3:LeaderElection45] INFO  impl.LeaderElection (LogUtils.java:infoOrTrace(149)) - caa892f0-76ff-4c1e-b30f-b7c59842badc@group-E0B7C1D5C8D3:LeaderElection45 got exception when requesting votes: {}
java.util.concurrent.ExecutionException: org.apache.ratis.thirdparty.io.grpc.StatusRuntimeException: UNAVAILABLE: io exception
	at java.util.concurrent.FutureTask.report(FutureTask.java:122)
	at java.util.concurrent.FutureTask.get(FutureTask.java:192)
	at org.apache.ratis.server.impl.LeaderElection.waitForResults(LeaderElection.java:263)
	at org.apache.ratis.server.impl.LeaderElection.askForVotes(LeaderElection.java:201)
	at org.apache.ratis.server.impl.LeaderElection.run(LeaderElection.java:133)
	at java.lang.Thread.run(Thread.java:748)
Caused by: org.apache.ratis.thirdparty.io.grpc.StatusRuntimeException: UNAVAILABLE: io exception
	at org.apache.ratis.thirdparty.io.grpc.stub.ClientCalls.toStatusRuntimeException(ClientCalls.java:233)
	at org.apache.ratis.thirdparty.io.grpc.stub.ClientCalls.getUnchecked(ClientCalls.java:214)
	at org.apache.ratis.thirdparty.io.grpc.stub.ClientCalls.blockingUnaryCall(ClientCalls.java:139)
	at org.apache.ratis.proto.grpc.RaftServerProtocolServiceGrpc$RaftServerProtocolServiceBlockingStub.requestVote(RaftServerProtocolServiceGrpc.java:265)
	at org.apache.ratis.grpc.server.GrpcServerProtocolClient.requestVote(GrpcServerProtocolClient.java:90)
	at org.apache.ratis.grpc.server.GrpcService.requestVote(GrpcService.java:204)
	at org.apache.ratis.server.impl.LeaderElection.lambda$submitRequests$1(LeaderElection.java:238)
	at java.util.concurrent.FutureTask.run(FutureTask.java:266)
	at java.util.concurrent.Executors$RunnableAdapter.call(Executors.java:511)
	at java.util.concurrent.FutureTask.run(FutureTask.java:266)
	at java.util.concurrent.ThreadPoolExecutor.runWorker(ThreadPoolExecutor.java:1149)
	at java.util.concurrent.ThreadPoolExecutor$Worker.run(ThreadPoolExecutor.java:624)
	... 1 more
Caused by: org.apache.ratis.thirdparty.io.netty.channel.AbstractChannel$AnnotatedConnectException: Connection refused: /192.168.5.159:45599
	at sun.nio.ch.SocketChannelImpl.checkConnect(Native Method)
	at sun.nio.ch.SocketChannelImpl.finishConnect(SocketChannelImpl.java:717)
	at org.apache.ratis.thirdparty.io.netty.channel.socket.nio.NioSocketChannel.doFinishConnect(NioSocketChannel.java:327)
	at org.apache.ratis.thirdparty.io.netty.channel.nio.AbstractNioChannel$AbstractNioUnsafe.finishConnect(AbstractNioChannel.java:340)
	at org.apache.ratis.thirdparty.io.netty.channel.nio.NioEventLoop.processSelectedKey(NioEventLoop.java:632)
	at org.apache.ratis.thirdparty.io.netty.channel.nio.NioEventLoop.processSelectedKeysOptimized(NioEventLoop.java:579)
	at org.apache.ratis.thirdparty.io.netty.channel.nio.NioEventLoop.processSelectedKeys(NioEventLoop.java:496)
	at org.apache.ratis.thirdparty.io.netty.channel.nio.NioEventLoop.run(NioEventLoop.java:458)
	at org.apache.ratis.thirdparty.io.netty.util.concurrent.SingleThreadEventExecutor$5.run(SingleThreadEventExecutor.java:897)
	at org.apache.ratis.thirdparty.io.netty.util.concurrent.FastThreadLocalRunnable.run(FastThreadLocalRunnable.java:30)
	... 1 more
Caused by: java.net.ConnectException: Connection refused
	... 11 more
2019-10-14 14:42:36,138 [caa892f0-76ff-4c1e-b30f-b7c59842badc@group-E0B7C1D5C8D3:LeaderElection45] INFO  impl.LeaderElection (LogUtils.java:infoOrTrace(149)) - caa892f0-76ff-4c1e-b30f-b7c59842badc@group-E0B7C1D5C8D3:LeaderElection45 got exception when requesting votes: {}
java.util.concurrent.ExecutionException: org.apache.ratis.thirdparty.io.grpc.StatusRuntimeException: UNAVAILABLE: io exception
	at java.util.concurrent.FutureTask.report(FutureTask.java:122)
	at java.util.concurrent.FutureTask.get(FutureTask.java:192)
	at org.apache.ratis.server.impl.LeaderElection.waitForResults(LeaderElection.java:263)
	at org.apache.ratis.server.impl.LeaderElection.askForVotes(LeaderElection.java:201)
	at org.apache.ratis.server.impl.LeaderElection.run(LeaderElection.java:133)
	at java.lang.Thread.run(Thread.java:748)
Caused by: org.apache.ratis.thirdparty.io.grpc.StatusRuntimeException: UNAVAILABLE: io exception
	at org.apache.ratis.thirdparty.io.grpc.stub.ClientCalls.toStatusRuntimeException(ClientCalls.java:233)
	at org.apache.ratis.thirdparty.io.grpc.stub.ClientCalls.getUnchecked(ClientCalls.java:214)
	at org.apache.ratis.thirdparty.io.grpc.stub.ClientCalls.blockingUnaryCall(ClientCalls.java:139)
	at org.apache.ratis.proto.grpc.RaftServerProtocolServiceGrpc$RaftServerProtocolServiceBlockingStub.requestVote(RaftServerProtocolServiceGrpc.java:265)
	at org.apache.ratis.grpc.server.GrpcServerProtocolClient.requestVote(GrpcServerProtocolClient.java:90)
	at org.apache.ratis.grpc.server.GrpcService.requestVote(GrpcService.java:204)
	at org.apache.ratis.server.impl.LeaderElection.lambda$submitRequests$1(LeaderElection.java:238)
	at java.util.concurrent.FutureTask.run(FutureTask.java:266)
	at java.util.concurrent.Executors$RunnableAdapter.call(Executors.java:511)
	at java.util.concurrent.FutureTask.run(FutureTask.java:266)
	at java.util.concurrent.ThreadPoolExecutor.runWorker(ThreadPoolExecutor.java:1149)
	at java.util.concurrent.ThreadPoolExecutor$Worker.run(ThreadPoolExecutor.java:624)
	... 1 more
Caused by: org.apache.ratis.thirdparty.io.netty.channel.AbstractChannel$AnnotatedConnectException: Connection refused: /192.168.5.159:44598
	at sun.nio.ch.SocketChannelImpl.checkConnect(Native Method)
	at sun.nio.ch.SocketChannelImpl.finishConnect(SocketChannelImpl.java:717)
	at org.apache.ratis.thirdparty.io.netty.channel.socket.nio.NioSocketChannel.doFinishConnect(NioSocketChannel.java:327)
	at org.apache.ratis.thirdparty.io.netty.channel.nio.AbstractNioChannel$AbstractNioUnsafe.finishConnect(AbstractNioChannel.java:340)
	at org.apache.ratis.thirdparty.io.netty.channel.nio.NioEventLoop.processSelectedKey(NioEventLoop.java:632)
	at org.apache.ratis.thirdparty.io.netty.channel.nio.NioEventLoop.processSelectedKeysOptimized(NioEventLoop.java:579)
	at org.apache.ratis.thirdparty.io.netty.channel.nio.NioEventLoop.processSelectedKeys(NioEventLoop.java:496)
	at org.apache.ratis.thirdparty.io.netty.channel.nio.NioEventLoop.run(NioEventLoop.java:458)
	at org.apache.ratis.thirdparty.io.netty.util.concurrent.SingleThreadEventExecutor$5.run(SingleThreadEventExecutor.java:897)
	at org.apache.ratis.thirdparty.io.netty.util.concurrent.FastThreadLocalRunnable.run(FastThreadLocalRunnable.java:30)
	... 1 more
Caused by: java.net.ConnectException: Connection refused
	... 11 more
2019-10-14 14:42:36,138 [caa892f0-76ff-4c1e-b30f-b7c59842badc@group-E0B7C1D5C8D3:LeaderElection45] INFO  impl.LeaderElection (LeaderElection.java:logAndReturn(56)) - caa892f0-76ff-4c1e-b30f-b7c59842badc@group-E0B7C1D5C8D3:LeaderElection45: Election REJECTED; received 0 response(s) [] and 2 exception(s); caa892f0-76ff-4c1e-b30f-b7c59842badc@group-E0B7C1D5C8D3:t5, leader=null, voted=caa892f0-76ff-4c1e-b30f-b7c59842badc, raftlog=caa892f0-76ff-4c1e-b30f-b7c59842badc@group-E0B7C1D5C8D3-SegmentedRaftLog:OPENED:c0,f0,i0, conf=0: [07a15819-e4fc-4072-82ac-b3e77a99d12a:192.168.5.159:45599, f9748ec4-5d8a-4dfc-8690-85b8cdac3f5d:192.168.5.159:44598, caa892f0-76ff-4c1e-b30f-b7c59842badc:192.168.5.159:39406], old=null
2019-10-14 14:42:36,138 [caa892f0-76ff-4c1e-b30f-b7c59842badc@group-E0B7C1D5C8D3:LeaderElection45] INFO  impl.LeaderElection (LogUtils.java:infoOrTrace(149)) -   Exception 0: {}
java.util.concurrent.ExecutionException: org.apache.ratis.thirdparty.io.grpc.StatusRuntimeException: UNAVAILABLE: io exception
	at java.util.concurrent.FutureTask.report(FutureTask.java:122)
	at java.util.concurrent.FutureTask.get(FutureTask.java:192)
	at org.apache.ratis.server.impl.LeaderElection.waitForResults(LeaderElection.java:263)
	at org.apache.ratis.server.impl.LeaderElection.askForVotes(LeaderElection.java:201)
	at org.apache.ratis.server.impl.LeaderElection.run(LeaderElection.java:133)
	at java.lang.Thread.run(Thread.java:748)
Caused by: org.apache.ratis.thirdparty.io.grpc.StatusRuntimeException: UNAVAILABLE: io exception
	at org.apache.ratis.thirdparty.io.grpc.stub.ClientCalls.toStatusRuntimeException(ClientCalls.java:233)
	at org.apache.ratis.thirdparty.io.grpc.stub.ClientCalls.getUnchecked(ClientCalls.java:214)
	at org.apache.ratis.thirdparty.io.grpc.stub.ClientCalls.blockingUnaryCall(ClientCalls.java:139)
	at org.apache.ratis.proto.grpc.RaftServerProtocolServiceGrpc$RaftServerProtocolServiceBlockingStub.requestVote(RaftServerProtocolServiceGrpc.java:265)
	at org.apache.ratis.grpc.server.GrpcServerProtocolClient.requestVote(GrpcServerProtocolClient.java:90)
	at org.apache.ratis.grpc.server.GrpcService.requestVote(GrpcService.java:204)
	at org.apache.ratis.server.impl.LeaderElection.lambda$submitRequests$1(LeaderElection.java:238)
	at java.util.concurrent.FutureTask.run(FutureTask.java:266)
	at java.util.concurrent.Executors$RunnableAdapter.call(Executors.java:511)
	at java.util.concurrent.FutureTask.run(FutureTask.java:266)
	at java.util.concurrent.ThreadPoolExecutor.runWorker(ThreadPoolExecutor.java:1149)
	at java.util.concurrent.ThreadPoolExecutor$Worker.run(ThreadPoolExecutor.java:624)
	... 1 more
Caused by: org.apache.ratis.thirdparty.io.netty.channel.AbstractChannel$AnnotatedConnectException: Connection refused: /192.168.5.159:45599
	at sun.nio.ch.SocketChannelImpl.checkConnect(Native Method)
	at sun.nio.ch.SocketChannelImpl.finishConnect(SocketChannelImpl.java:717)
	at org.apache.ratis.thirdparty.io.netty.channel.socket.nio.NioSocketChannel.doFinishConnect(NioSocketChannel.java:327)
	at org.apache.ratis.thirdparty.io.netty.channel.nio.AbstractNioChannel$AbstractNioUnsafe.finishConnect(AbstractNioChannel.java:340)
	at org.apache.ratis.thirdparty.io.netty.channel.nio.NioEventLoop.processSelectedKey(NioEventLoop.java:632)
	at org.apache.ratis.thirdparty.io.netty.channel.nio.NioEventLoop.processSelectedKeysOptimized(NioEventLoop.java:579)
	at org.apache.ratis.thirdparty.io.netty.channel.nio.NioEventLoop.processSelectedKeys(NioEventLoop.java:496)
	at org.apache.ratis.thirdparty.io.netty.channel.nio.NioEventLoop.run(NioEventLoop.java:458)
	at org.apache.ratis.thirdparty.io.netty.util.concurrent.SingleThreadEventExecutor$5.run(SingleThreadEventExecutor.java:897)
	at org.apache.ratis.thirdparty.io.netty.util.concurrent.FastThreadLocalRunnable.run(FastThreadLocalRunnable.java:30)
	... 1 more
Caused by: java.net.ConnectException: Connection refused
	... 11 more
2019-10-14 14:42:36,139 [caa892f0-76ff-4c1e-b30f-b7c59842badc@group-E0B7C1D5C8D3:LeaderElection45] INFO  impl.LeaderElection (LogUtils.java:infoOrTrace(149)) -   Exception 1: {}
java.util.concurrent.ExecutionException: org.apache.ratis.thirdparty.io.grpc.StatusRuntimeException: UNAVAILABLE: io exception
	at java.util.concurrent.FutureTask.report(FutureTask.java:122)
	at java.util.concurrent.FutureTask.get(FutureTask.java:192)
	at org.apache.ratis.server.impl.LeaderElection.waitForResults(LeaderElection.java:263)
	at org.apache.ratis.server.impl.LeaderElection.askForVotes(LeaderElection.java:201)
	at org.apache.ratis.server.impl.LeaderElection.run(LeaderElection.java:133)
	at java.lang.Thread.run(Thread.java:748)
Caused by: org.apache.ratis.thirdparty.io.grpc.StatusRuntimeException: UNAVAILABLE: io exception
	at org.apache.ratis.thirdparty.io.grpc.stub.ClientCalls.toStatusRuntimeException(ClientCalls.java:233)
	at org.apache.ratis.thirdparty.io.grpc.stub.ClientCalls.getUnchecked(ClientCalls.java:214)
	at org.apache.ratis.thirdparty.io.grpc.stub.ClientCalls.blockingUnaryCall(ClientCalls.java:139)
	at org.apache.ratis.proto.grpc.RaftServerProtocolServiceGrpc$RaftServerProtocolServiceBlockingStub.requestVote(RaftServerProtocolServiceGrpc.java:265)
	at org.apache.ratis.grpc.server.GrpcServerProtocolClient.requestVote(GrpcServerProtocolClient.java:90)
	at org.apache.ratis.grpc.server.GrpcService.requestVote(GrpcService.java:204)
	at org.apache.ratis.server.impl.LeaderElection.lambda$submitRequests$1(LeaderElection.java:238)
	at java.util.concurrent.FutureTask.run(FutureTask.java:266)
	at java.util.concurrent.Executors$RunnableAdapter.call(Executors.java:511)
	at java.util.concurrent.FutureTask.run(FutureTask.java:266)
	at java.util.concurrent.ThreadPoolExecutor.runWorker(ThreadPoolExecutor.java:1149)
	at java.util.concurrent.ThreadPoolExecutor$Worker.run(ThreadPoolExecutor.java:624)
	... 1 more
Caused by: org.apache.ratis.thirdparty.io.netty.channel.AbstractChannel$AnnotatedConnectException: Connection refused: /192.168.5.159:44598
	at sun.nio.ch.SocketChannelImpl.checkConnect(Native Method)
	at sun.nio.ch.SocketChannelImpl.finishConnect(SocketChannelImpl.java:717)
	at org.apache.ratis.thirdparty.io.netty.channel.socket.nio.NioSocketChannel.doFinishConnect(NioSocketChannel.java:327)
	at org.apache.ratis.thirdparty.io.netty.channel.nio.AbstractNioChannel$AbstractNioUnsafe.finishConnect(AbstractNioChannel.java:340)
	at org.apache.ratis.thirdparty.io.netty.channel.nio.NioEventLoop.processSelectedKey(NioEventLoop.java:632)
	at org.apache.ratis.thirdparty.io.netty.channel.nio.NioEventLoop.processSelectedKeysOptimized(NioEventLoop.java:579)
	at org.apache.ratis.thirdparty.io.netty.channel.nio.NioEventLoop.processSelectedKeys(NioEventLoop.java:496)
	at org.apache.ratis.thirdparty.io.netty.channel.nio.NioEventLoop.run(NioEventLoop.java:458)
	at org.apache.ratis.thirdparty.io.netty.util.concurrent.SingleThreadEventExecutor$5.run(SingleThreadEventExecutor.java:897)
	at org.apache.ratis.thirdparty.io.netty.util.concurrent.FastThreadLocalRunnable.run(FastThreadLocalRunnable.java:30)
	... 1 more
Caused by: java.net.ConnectException: Connection refused
	... 11 more
2019-10-14 14:42:36,140 [caa892f0-76ff-4c1e-b30f-b7c59842badc@group-E0B7C1D5C8D3:LeaderElection45] INFO  impl.RaftServerImpl (RaftServerImpl.java:setRole(174)) - caa892f0-76ff-4c1e-b30f-b7c59842badc@group-E0B7C1D5C8D3: changes role from CANDIDATE to FOLLOWER at term 5 for DISCOVERED_A_NEW_TERM
2019-10-14 14:42:36,140 [caa892f0-76ff-4c1e-b30f-b7c59842badc@group-E0B7C1D5C8D3:LeaderElection45] INFO  impl.RoleInfo (RoleInfo.java:shutdownLeaderElection(134)) - caa892f0-76ff-4c1e-b30f-b7c59842badc: shutdown LeaderElection
2019-10-14 14:42:36,140 [caa892f0-76ff-4c1e-b30f-b7c59842badc@group-E0B7C1D5C8D3:LeaderElection45] INFO  impl.RoleInfo (RoleInfo.java:updateAndGet(143)) - caa892f0-76ff-4c1e-b30f-b7c59842badc: start FollowerState
2019-10-14 14:42:36,280 [grpc-default-executor-0] WARN  server.GrpcLogAppender (LogUtils.java:warn(134)) - caa892f0-76ff-4c1e-b30f-b7c59842badc@group-382452901537->07a15819-e4fc-4072-82ac-b3e77a99d12a-AppendLogResponseHandler: Failed appendEntries: org.apache.ratis.thirdparty.io.grpc.StatusRuntimeException: UNAVAILABLE: io exception
2019-10-14 14:42:36,280 [grpc-default-executor-0] INFO  impl.FollowerInfo (FollowerInfo.java:lambda$new$0(51)) - caa892f0-76ff-4c1e-b30f-b7c59842badc@group-382452901537->07a15819-e4fc-4072-82ac-b3e77a99d12a: nextIndex: updateUnconditionally 0 -> 0
2019-10-14 14:42:36,316 [grpc-default-executor-0] WARN  server.GrpcLogAppender (LogUtils.java:warn(134)) - caa892f0-76ff-4c1e-b30f-b7c59842badc@group-382452901537->f9748ec4-5d8a-4dfc-8690-85b8cdac3f5d-AppendLogResponseHandler: Failed appendEntries: org.apache.ratis.thirdparty.io.grpc.StatusRuntimeException: UNAVAILABLE: io exception
2019-10-14 14:42:36,317 [grpc-default-executor-0] INFO  impl.FollowerInfo (FollowerInfo.java:lambda$new$0(51)) - caa892f0-76ff-4c1e-b30f-b7c59842badc@group-382452901537->f9748ec4-5d8a-4dfc-8690-85b8cdac3f5d: nextIndex: updateUnconditionally 0 -> 0
2019-10-14 14:42:36,333 [grpc-default-executor-7] WARN  server.GrpcLogAppender (LogUtils.java:warn(134)) - caa892f0-76ff-4c1e-b30f-b7c59842badc@group-026CFA11C8A1->07a15819-e4fc-4072-82ac-b3e77a99d12a-AppendLogResponseHandler: Failed appendEntries: org.apache.ratis.thirdparty.io.grpc.StatusRuntimeException: UNAVAILABLE: io exception
2019-10-14 14:42:36,334 [grpc-default-executor-7] INFO  impl.FollowerInfo (FollowerInfo.java:lambda$new$0(51)) - caa892f0-76ff-4c1e-b30f-b7c59842badc@group-026CFA11C8A1->07a15819-e4fc-4072-82ac-b3e77a99d12a: nextIndex: updateUnconditionally 0 -> 0
2019-10-14 14:42:36,383 [grpc-default-executor-7] WARN  server.GrpcLogAppender (LogUtils.java:warn(134)) - caa892f0-76ff-4c1e-b30f-b7c59842badc@group-026CFA11C8A1->f9748ec4-5d8a-4dfc-8690-85b8cdac3f5d-AppendLogResponseHandler: Failed appendEntries: org.apache.ratis.thirdparty.io.grpc.StatusRuntimeException: UNAVAILABLE: io exception
2019-10-14 14:42:36,383 [grpc-default-executor-7] INFO  impl.FollowerInfo (FollowerInfo.java:lambda$new$0(51)) - caa892f0-76ff-4c1e-b30f-b7c59842badc@group-026CFA11C8A1->f9748ec4-5d8a-4dfc-8690-85b8cdac3f5d: nextIndex: updateUnconditionally 0 -> 0
2019-10-14 14:42:36,785 [grpc-default-executor-7] WARN  server.GrpcLogAppender (LogUtils.java:warn(134)) - caa892f0-76ff-4c1e-b30f-b7c59842badc@group-382452901537->07a15819-e4fc-4072-82ac-b3e77a99d12a-AppendLogResponseHandler: Failed appendEntries: org.apache.ratis.thirdparty.io.grpc.StatusRuntimeException: UNAVAILABLE: io exception
2019-10-14 14:42:36,785 [grpc-default-executor-7] INFO  impl.FollowerInfo (FollowerInfo.java:lambda$new$0(51)) - caa892f0-76ff-4c1e-b30f-b7c59842badc@group-382452901537->07a15819-e4fc-4072-82ac-b3e77a99d12a: nextIndex: updateUnconditionally 0 -> 0
2019-10-14 14:42:36,820 [grpc-default-executor-12] WARN  server.GrpcLogAppender (LogUtils.java:warn(134)) - caa892f0-76ff-4c1e-b30f-b7c59842badc@group-382452901537->f9748ec4-5d8a-4dfc-8690-85b8cdac3f5d-AppendLogResponseHandler: Failed appendEntries: org.apache.ratis.thirdparty.io.grpc.StatusRuntimeException: UNAVAILABLE: io exception
2019-10-14 14:42:36,820 [grpc-default-executor-12] INFO  impl.FollowerInfo (FollowerInfo.java:lambda$new$0(51)) - caa892f0-76ff-4c1e-b30f-b7c59842badc@group-382452901537->f9748ec4-5d8a-4dfc-8690-85b8cdac3f5d: nextIndex: updateUnconditionally 0 -> 0
2019-10-14 14:42:36,834 [grpc-default-executor-9] WARN  server.GrpcLogAppender (LogUtils.java:warn(134)) - caa892f0-76ff-4c1e-b30f-b7c59842badc@group-026CFA11C8A1->07a15819-e4fc-4072-82ac-b3e77a99d12a-AppendLogResponseHandler: Failed appendEntries: org.apache.ratis.thirdparty.io.grpc.StatusRuntimeException: UNAVAILABLE: io exception
2019-10-14 14:42:36,834 [grpc-default-executor-9] INFO  impl.FollowerInfo (FollowerInfo.java:lambda$new$0(51)) - caa892f0-76ff-4c1e-b30f-b7c59842badc@group-026CFA11C8A1->07a15819-e4fc-4072-82ac-b3e77a99d12a: nextIndex: updateUnconditionally 0 -> 0
2019-10-14 14:42:36,884 [grpc-default-executor-12] WARN  server.GrpcLogAppender (LogUtils.java:warn(134)) - caa892f0-76ff-4c1e-b30f-b7c59842badc@group-026CFA11C8A1->f9748ec4-5d8a-4dfc-8690-85b8cdac3f5d-AppendLogResponseHandler: Failed appendEntries: org.apache.ratis.thirdparty.io.grpc.StatusRuntimeException: UNAVAILABLE: io exception
2019-10-14 14:42:36,885 [grpc-default-executor-12] INFO  impl.FollowerInfo (FollowerInfo.java:lambda$new$0(51)) - caa892f0-76ff-4c1e-b30f-b7c59842badc@group-026CFA11C8A1->f9748ec4-5d8a-4dfc-8690-85b8cdac3f5d: nextIndex: updateUnconditionally 0 -> 0
2019-10-14 14:42:37,183 [Thread-983] INFO  impl.FollowerState (FollowerState.java:run(106)) - caa892f0-76ff-4c1e-b30f-b7c59842badc:group-EA752D978E74 changes to CANDIDATE, lastRpcTime:1140, electionTimeout:1140ms
2019-10-14 14:42:37,183 [Thread-983] INFO  impl.RoleInfo (RoleInfo.java:shutdownFollowerState(121)) - caa892f0-76ff-4c1e-b30f-b7c59842badc: shutdown FollowerState
2019-10-14 14:42:37,183 [Thread-983] INFO  impl.RaftServerImpl (RaftServerImpl.java:setRole(174)) - caa892f0-76ff-4c1e-b30f-b7c59842badc@group-EA752D978E74: changes role from  FOLLOWER to CANDIDATE at term 4 for changeToCandidate
2019-10-14 14:42:37,184 [Thread-983] INFO  impl.RoleInfo (RoleInfo.java:updateAndGet(143)) - caa892f0-76ff-4c1e-b30f-b7c59842badc: start LeaderElection
2019-10-14 14:42:37,199 [caa892f0-76ff-4c1e-b30f-b7c59842badc@group-EA752D978E74:LeaderElection46] INFO  impl.LeaderElection (LeaderElection.java:askForVotes(182)) - caa892f0-76ff-4c1e-b30f-b7c59842badc@group-EA752D978E74:LeaderElection46: begin an election at term 5 for 0: [07a15819-e4fc-4072-82ac-b3e77a99d12a:192.168.5.159:45599, f9748ec4-5d8a-4dfc-8690-85b8cdac3f5d:192.168.5.159:44598, caa892f0-76ff-4c1e-b30f-b7c59842badc:192.168.5.159:39406], old=null
2019-10-14 14:42:37,203 [caa892f0-76ff-4c1e-b30f-b7c59842badc@group-EA752D978E74:LeaderElection46] INFO  impl.LeaderElection (LogUtils.java:infoOrTrace(149)) - caa892f0-76ff-4c1e-b30f-b7c59842badc@group-EA752D978E74:LeaderElection46 got exception when requesting votes: {}
java.util.concurrent.ExecutionException: org.apache.ratis.thirdparty.io.grpc.StatusRuntimeException: UNAVAILABLE: io exception
	at java.util.concurrent.FutureTask.report(FutureTask.java:122)
	at java.util.concurrent.FutureTask.get(FutureTask.java:192)
	at org.apache.ratis.server.impl.LeaderElection.waitForResults(LeaderElection.java:263)
	at org.apache.ratis.server.impl.LeaderElection.askForVotes(LeaderElection.java:201)
	at org.apache.ratis.server.impl.LeaderElection.run(LeaderElection.java:133)
	at java.lang.Thread.run(Thread.java:748)
Caused by: org.apache.ratis.thirdparty.io.grpc.StatusRuntimeException: UNAVAILABLE: io exception
	at org.apache.ratis.thirdparty.io.grpc.stub.ClientCalls.toStatusRuntimeException(ClientCalls.java:233)
	at org.apache.ratis.thirdparty.io.grpc.stub.ClientCalls.getUnchecked(ClientCalls.java:214)
	at org.apache.ratis.thirdparty.io.grpc.stub.ClientCalls.blockingUnaryCall(ClientCalls.java:139)
	at org.apache.ratis.proto.grpc.RaftServerProtocolServiceGrpc$RaftServerProtocolServiceBlockingStub.requestVote(RaftServerProtocolServiceGrpc.java:265)
	at org.apache.ratis.grpc.server.GrpcServerProtocolClient.requestVote(GrpcServerProtocolClient.java:90)
	at org.apache.ratis.grpc.server.GrpcService.requestVote(GrpcService.java:204)
	at org.apache.ratis.server.impl.LeaderElection.lambda$submitRequests$1(LeaderElection.java:238)
	at java.util.concurrent.FutureTask.run(FutureTask.java:266)
	at java.util.concurrent.Executors$RunnableAdapter.call(Executors.java:511)
	at java.util.concurrent.FutureTask.run(FutureTask.java:266)
	at java.util.concurrent.ThreadPoolExecutor.runWorker(ThreadPoolExecutor.java:1149)
	at java.util.concurrent.ThreadPoolExecutor$Worker.run(ThreadPoolExecutor.java:624)
	... 1 more
Caused by: org.apache.ratis.thirdparty.io.netty.channel.AbstractChannel$AnnotatedConnectException: Connection refused: /192.168.5.159:45599
	at sun.nio.ch.SocketChannelImpl.checkConnect(Native Method)
	at sun.nio.ch.SocketChannelImpl.finishConnect(SocketChannelImpl.java:717)
	at org.apache.ratis.thirdparty.io.netty.channel.socket.nio.NioSocketChannel.doFinishConnect(NioSocketChannel.java:327)
	at org.apache.ratis.thirdparty.io.netty.channel.nio.AbstractNioChannel$AbstractNioUnsafe.finishConnect(AbstractNioChannel.java:340)
	at org.apache.ratis.thirdparty.io.netty.channel.nio.NioEventLoop.processSelectedKey(NioEventLoop.java:632)
	at org.apache.ratis.thirdparty.io.netty.channel.nio.NioEventLoop.processSelectedKeysOptimized(NioEventLoop.java:579)
	at org.apache.ratis.thirdparty.io.netty.channel.nio.NioEventLoop.processSelectedKeys(NioEventLoop.java:496)
	at org.apache.ratis.thirdparty.io.netty.channel.nio.NioEventLoop.run(NioEventLoop.java:458)
	at org.apache.ratis.thirdparty.io.netty.util.concurrent.SingleThreadEventExecutor$5.run(SingleThreadEventExecutor.java:897)
	at org.apache.ratis.thirdparty.io.netty.util.concurrent.FastThreadLocalRunnable.run(FastThreadLocalRunnable.java:30)
	... 1 more
Caused by: java.net.ConnectException: Connection refused
	... 11 more
2019-10-14 14:42:37,207 [caa892f0-76ff-4c1e-b30f-b7c59842badc@group-EA752D978E74:LeaderElection46] INFO  impl.LeaderElection (LogUtils.java:infoOrTrace(149)) - caa892f0-76ff-4c1e-b30f-b7c59842badc@group-EA752D978E74:LeaderElection46 got exception when requesting votes: {}
java.util.concurrent.ExecutionException: org.apache.ratis.thirdparty.io.grpc.StatusRuntimeException: UNAVAILABLE: io exception
	at java.util.concurrent.FutureTask.report(FutureTask.java:122)
	at java.util.concurrent.FutureTask.get(FutureTask.java:192)
	at org.apache.ratis.server.impl.LeaderElection.waitForResults(LeaderElection.java:263)
	at org.apache.ratis.server.impl.LeaderElection.askForVotes(LeaderElection.java:201)
	at org.apache.ratis.server.impl.LeaderElection.run(LeaderElection.java:133)
	at java.lang.Thread.run(Thread.java:748)
Caused by: org.apache.ratis.thirdparty.io.grpc.StatusRuntimeException: UNAVAILABLE: io exception
	at org.apache.ratis.thirdparty.io.grpc.stub.ClientCalls.toStatusRuntimeException(ClientCalls.java:233)
	at org.apache.ratis.thirdparty.io.grpc.stub.ClientCalls.getUnchecked(ClientCalls.java:214)
	at org.apache.ratis.thirdparty.io.grpc.stub.ClientCalls.blockingUnaryCall(ClientCalls.java:139)
	at org.apache.ratis.proto.grpc.RaftServerProtocolServiceGrpc$RaftServerProtocolServiceBlockingStub.requestVote(RaftServerProtocolServiceGrpc.java:265)
	at org.apache.ratis.grpc.server.GrpcServerProtocolClient.requestVote(GrpcServerProtocolClient.java:90)
	at org.apache.ratis.grpc.server.GrpcService.requestVote(GrpcService.java:204)
	at org.apache.ratis.server.impl.LeaderElection.lambda$submitRequests$1(LeaderElection.java:238)
	at java.util.concurrent.FutureTask.run(FutureTask.java:266)
	at java.util.concurrent.Executors$RunnableAdapter.call(Executors.java:511)
	at java.util.concurrent.FutureTask.run(FutureTask.java:266)
	at java.util.concurrent.ThreadPoolExecutor.runWorker(ThreadPoolExecutor.java:1149)
	at java.util.concurrent.ThreadPoolExecutor$Worker.run(ThreadPoolExecutor.java:624)
	... 1 more
Caused by: org.apache.ratis.thirdparty.io.netty.channel.AbstractChannel$AnnotatedConnectException: Connection refused: /192.168.5.159:44598
	at sun.nio.ch.SocketChannelImpl.checkConnect(Native Method)
	at sun.nio.ch.SocketChannelImpl.finishConnect(SocketChannelImpl.java:717)
	at org.apache.ratis.thirdparty.io.netty.channel.socket.nio.NioSocketChannel.doFinishConnect(NioSocketChannel.java:327)
	at org.apache.ratis.thirdparty.io.netty.channel.nio.AbstractNioChannel$AbstractNioUnsafe.finishConnect(AbstractNioChannel.java:340)
	at org.apache.ratis.thirdparty.io.netty.channel.nio.NioEventLoop.processSelectedKey(NioEventLoop.java:632)
	at org.apache.ratis.thirdparty.io.netty.channel.nio.NioEventLoop.processSelectedKeysOptimized(NioEventLoop.java:579)
	at org.apache.ratis.thirdparty.io.netty.channel.nio.NioEventLoop.processSelectedKeys(NioEventLoop.java:496)
	at org.apache.ratis.thirdparty.io.netty.channel.nio.NioEventLoop.run(NioEventLoop.java:458)
	at org.apache.ratis.thirdparty.io.netty.util.concurrent.SingleThreadEventExecutor$5.run(SingleThreadEventExecutor.java:897)
	at org.apache.ratis.thirdparty.io.netty.util.concurrent.FastThreadLocalRunnable.run(FastThreadLocalRunnable.java:30)
	... 1 more
Caused by: java.net.ConnectException: Connection refused
	... 11 more
2019-10-14 14:42:37,207 [Thread-989] INFO  impl.FollowerState (FollowerState.java:run(106)) - caa892f0-76ff-4c1e-b30f-b7c59842badc:group-E0B7C1D5C8D3 changes to CANDIDATE, lastRpcTime:1067, electionTimeout:1067ms
2019-10-14 14:42:37,210 [caa892f0-76ff-4c1e-b30f-b7c59842badc@group-EA752D978E74:LeaderElection46] INFO  impl.LeaderElection (LeaderElection.java:logAndReturn(56)) - caa892f0-76ff-4c1e-b30f-b7c59842badc@group-EA752D978E74:LeaderElection46: Election REJECTED; received 0 response(s) [] and 2 exception(s); caa892f0-76ff-4c1e-b30f-b7c59842badc@group-EA752D978E74:t5, leader=null, voted=caa892f0-76ff-4c1e-b30f-b7c59842badc, raftlog=caa892f0-76ff-4c1e-b30f-b7c59842badc@group-EA752D978E74-SegmentedRaftLog:OPENED:c16,f16,i16, conf=0: [07a15819-e4fc-4072-82ac-b3e77a99d12a:192.168.5.159:45599, f9748ec4-5d8a-4dfc-8690-85b8cdac3f5d:192.168.5.159:44598, caa892f0-76ff-4c1e-b30f-b7c59842badc:192.168.5.159:39406], old=null
2019-10-14 14:42:37,210 [Thread-989] INFO  impl.RoleInfo (RoleInfo.java:shutdownFollowerState(121)) - caa892f0-76ff-4c1e-b30f-b7c59842badc: shutdown FollowerState
2019-10-14 14:42:37,211 [caa892f0-76ff-4c1e-b30f-b7c59842badc@group-EA752D978E74:LeaderElection46] INFO  impl.LeaderElection (LogUtils.java:infoOrTrace(149)) -   Exception 0: {}
java.util.concurrent.ExecutionException: org.apache.ratis.thirdparty.io.grpc.StatusRuntimeException: UNAVAILABLE: io exception
	at java.util.concurrent.FutureTask.report(FutureTask.java:122)
	at java.util.concurrent.FutureTask.get(FutureTask.java:192)
	at org.apache.ratis.server.impl.LeaderElection.waitForResults(LeaderElection.java:263)
	at org.apache.ratis.server.impl.LeaderElection.askForVotes(LeaderElection.java:201)
	at org.apache.ratis.server.impl.LeaderElection.run(LeaderElection.java:133)
	at java.lang.Thread.run(Thread.java:748)
Caused by: org.apache.ratis.thirdparty.io.grpc.StatusRuntimeException: UNAVAILABLE: io exception
	at org.apache.ratis.thirdparty.io.grpc.stub.ClientCalls.toStatusRuntimeException(ClientCalls.java:233)
	at org.apache.ratis.thirdparty.io.grpc.stub.ClientCalls.getUnchecked(ClientCalls.java:214)
	at org.apache.ratis.thirdparty.io.grpc.stub.ClientCalls.blockingUnaryCall(ClientCalls.java:139)
	at org.apache.ratis.proto.grpc.RaftServerProtocolServiceGrpc$RaftServerProtocolServiceBlockingStub.requestVote(RaftServerProtocolServiceGrpc.java:265)
	at org.apache.ratis.grpc.server.GrpcServerProtocolClient.requestVote(GrpcServerProtocolClient.java:90)
	at org.apache.ratis.grpc.server.GrpcService.requestVote(GrpcService.java:204)
	at org.apache.ratis.server.impl.LeaderElection.lambda$submitRequests$1(LeaderElection.java:238)
	at java.util.concurrent.FutureTask.run(FutureTask.java:266)
	at java.util.concurrent.Executors$RunnableAdapter.call(Executors.java:511)
	at java.util.concurrent.FutureTask.run(FutureTask.java:266)
	at java.util.concurrent.ThreadPoolExecutor.runWorker(ThreadPoolExecutor.java:1149)
	at java.util.concurrent.ThreadPoolExecutor$Worker.run(ThreadPoolExecutor.java:624)
	... 1 more
Caused by: org.apache.ratis.thirdparty.io.netty.channel.AbstractChannel$AnnotatedConnectException: Connection refused: /192.168.5.159:45599
	at sun.nio.ch.SocketChannelImpl.checkConnect(Native Method)
	at sun.nio.ch.SocketChannelImpl.finishConnect(SocketChannelImpl.java:717)
	at org.apache.ratis.thirdparty.io.netty.channel.socket.nio.NioSocketChannel.doFinishConnect(NioSocketChannel.java:327)
	at org.apache.ratis.thirdparty.io.netty.channel.nio.AbstractNioChannel$AbstractNioUnsafe.finishConnect(AbstractNioChannel.java:340)
	at org.apache.ratis.thirdparty.io.netty.channel.nio.NioEventLoop.processSelectedKey(NioEventLoop.java:632)
	at org.apache.ratis.thirdparty.io.netty.channel.nio.NioEventLoop.processSelectedKeysOptimized(NioEventLoop.java:579)
	at org.apache.ratis.thirdparty.io.netty.channel.nio.NioEventLoop.processSelectedKeys(NioEventLoop.java:496)
	at org.apache.ratis.thirdparty.io.netty.channel.nio.NioEventLoop.run(NioEventLoop.java:458)
	at org.apache.ratis.thirdparty.io.netty.util.concurrent.SingleThreadEventExecutor$5.run(SingleThreadEventExecutor.java:897)
	at org.apache.ratis.thirdparty.io.netty.util.concurrent.FastThreadLocalRunnable.run(FastThreadLocalRunnable.java:30)
	... 1 more
Caused by: java.net.ConnectException: Connection refused
	... 11 more
2019-10-14 14:42:37,211 [Thread-989] INFO  impl.RaftServerImpl (RaftServerImpl.java:setRole(174)) - caa892f0-76ff-4c1e-b30f-b7c59842badc@group-E0B7C1D5C8D3: changes role from  FOLLOWER to CANDIDATE at term 5 for changeToCandidate
2019-10-14 14:42:37,211 [caa892f0-76ff-4c1e-b30f-b7c59842badc@group-EA752D978E74:LeaderElection46] INFO  impl.LeaderElection (LogUtils.java:infoOrTrace(149)) -   Exception 1: {}
java.util.concurrent.ExecutionException: org.apache.ratis.thirdparty.io.grpc.StatusRuntimeException: UNAVAILABLE: io exception
	at java.util.concurrent.FutureTask.report(FutureTask.java:122)
	at java.util.concurrent.FutureTask.get(FutureTask.java:192)
	at org.apache.ratis.server.impl.LeaderElection.waitForResults(LeaderElection.java:263)
	at org.apache.ratis.server.impl.LeaderElection.askForVotes(LeaderElection.java:201)
	at org.apache.ratis.server.impl.LeaderElection.run(LeaderElection.java:133)
	at java.lang.Thread.run(Thread.java:748)
Caused by: org.apache.ratis.thirdparty.io.grpc.StatusRuntimeException: UNAVAILABLE: io exception
	at org.apache.ratis.thirdparty.io.grpc.stub.ClientCalls.toStatusRuntimeException(ClientCalls.java:233)
	at org.apache.ratis.thirdparty.io.grpc.stub.ClientCalls.getUnchecked(ClientCalls.java:214)
	at org.apache.ratis.thirdparty.io.grpc.stub.ClientCalls.blockingUnaryCall(ClientCalls.java:139)
	at org.apache.ratis.proto.grpc.RaftServerProtocolServiceGrpc$RaftServerProtocolServiceBlockingStub.requestVote(RaftServerProtocolServiceGrpc.java:265)
	at org.apache.ratis.grpc.server.GrpcServerProtocolClient.requestVote(GrpcServerProtocolClient.java:90)
	at org.apache.ratis.grpc.server.GrpcService.requestVote(GrpcService.java:204)
	at org.apache.ratis.server.impl.LeaderElection.lambda$submitRequests$1(LeaderElection.java:238)
	at java.util.concurrent.FutureTask.run(FutureTask.java:266)
	at java.util.concurrent.Executors$RunnableAdapter.call(Executors.java:511)
	at java.util.concurrent.FutureTask.run(FutureTask.java:266)
	at java.util.concurrent.ThreadPoolExecutor.runWorker(ThreadPoolExecutor.java:1149)
	at java.util.concurrent.ThreadPoolExecutor$Worker.run(ThreadPoolExecutor.java:624)
	... 1 more
Caused by: org.apache.ratis.thirdparty.io.netty.channel.AbstractChannel$AnnotatedConnectException: Connection refused: /192.168.5.159:44598
	at sun.nio.ch.SocketChannelImpl.checkConnect(Native Method)
	at sun.nio.ch.SocketChannelImpl.finishConnect(SocketChannelImpl.java:717)
	at org.apache.ratis.thirdparty.io.netty.channel.socket.nio.NioSocketChannel.doFinishConnect(NioSocketChannel.java:327)
	at org.apache.ratis.thirdparty.io.netty.channel.nio.AbstractNioChannel$AbstractNioUnsafe.finishConnect(AbstractNioChannel.java:340)
	at org.apache.ratis.thirdparty.io.netty.channel.nio.NioEventLoop.processSelectedKey(NioEventLoop.java:632)
	at org.apache.ratis.thirdparty.io.netty.channel.nio.NioEventLoop.processSelectedKeysOptimized(NioEventLoop.java:579)
	at org.apache.ratis.thirdparty.io.netty.channel.nio.NioEventLoop.processSelectedKeys(NioEventLoop.java:496)
	at org.apache.ratis.thirdparty.io.netty.channel.nio.NioEventLoop.run(NioEventLoop.java:458)
	at org.apache.ratis.thirdparty.io.netty.util.concurrent.SingleThreadEventExecutor$5.run(SingleThreadEventExecutor.java:897)
	at org.apache.ratis.thirdparty.io.netty.util.concurrent.FastThreadLocalRunnable.run(FastThreadLocalRunnable.java:30)
	... 1 more
Caused by: java.net.ConnectException: Connection refused
	... 11 more
2019-10-14 14:42:37,212 [Thread-989] INFO  impl.RoleInfo (RoleInfo.java:updateAndGet(143)) - caa892f0-76ff-4c1e-b30f-b7c59842badc: start LeaderElection
2019-10-14 14:42:37,212 [caa892f0-76ff-4c1e-b30f-b7c59842badc@group-EA752D978E74:LeaderElection46] INFO  impl.RaftServerImpl (RaftServerImpl.java:setRole(174)) - caa892f0-76ff-4c1e-b30f-b7c59842badc@group-EA752D978E74: changes role from CANDIDATE to FOLLOWER at term 5 for DISCOVERED_A_NEW_TERM
2019-10-14 14:42:37,212 [caa892f0-76ff-4c1e-b30f-b7c59842badc@group-EA752D978E74:LeaderElection46] INFO  impl.RoleInfo (RoleInfo.java:shutdownLeaderElection(134)) - caa892f0-76ff-4c1e-b30f-b7c59842badc: shutdown LeaderElection
2019-10-14 14:42:37,213 [caa892f0-76ff-4c1e-b30f-b7c59842badc@group-EA752D978E74:LeaderElection46] INFO  impl.RoleInfo (RoleInfo.java:updateAndGet(143)) - caa892f0-76ff-4c1e-b30f-b7c59842badc: start FollowerState
2019-10-14 14:42:37,226 [caa892f0-76ff-4c1e-b30f-b7c59842badc@group-E0B7C1D5C8D3:LeaderElection47] INFO  impl.LeaderElection (LeaderElection.java:askForVotes(182)) - caa892f0-76ff-4c1e-b30f-b7c59842badc@group-E0B7C1D5C8D3:LeaderElection47: begin an election at term 6 for 0: [07a15819-e4fc-4072-82ac-b3e77a99d12a:192.168.5.159:45599, f9748ec4-5d8a-4dfc-8690-85b8cdac3f5d:192.168.5.159:44598, caa892f0-76ff-4c1e-b30f-b7c59842badc:192.168.5.159:39406], old=null
2019-10-14 14:42:37,227 [caa892f0-76ff-4c1e-b30f-b7c59842badc@group-E0B7C1D5C8D3:LeaderElection47] INFO  impl.LeaderElection (LogUtils.java:infoOrTrace(149)) - caa892f0-76ff-4c1e-b30f-b7c59842badc@group-E0B7C1D5C8D3:LeaderElection47 got exception when requesting votes: {}
java.util.concurrent.ExecutionException: org.apache.ratis.thirdparty.io.grpc.StatusRuntimeException: UNAVAILABLE: io exception
	at java.util.concurrent.FutureTask.report(FutureTask.java:122)
	at java.util.concurrent.FutureTask.get(FutureTask.java:192)
	at org.apache.ratis.server.impl.LeaderElection.waitForResults(LeaderElection.java:263)
	at org.apache.ratis.server.impl.LeaderElection.askForVotes(LeaderElection.java:201)
	at org.apache.ratis.server.impl.LeaderElection.run(LeaderElection.java:133)
	at java.lang.Thread.run(Thread.java:748)
Caused by: org.apache.ratis.thirdparty.io.grpc.StatusRuntimeException: UNAVAILABLE: io exception
	at org.apache.ratis.thirdparty.io.grpc.stub.ClientCalls.toStatusRuntimeException(ClientCalls.java:233)
	at org.apache.ratis.thirdparty.io.grpc.stub.ClientCalls.getUnchecked(ClientCalls.java:214)
	at org.apache.ratis.thirdparty.io.grpc.stub.ClientCalls.blockingUnaryCall(ClientCalls.java:139)
	at org.apache.ratis.proto.grpc.RaftServerProtocolServiceGrpc$RaftServerProtocolServiceBlockingStub.requestVote(RaftServerProtocolServiceGrpc.java:265)
	at org.apache.ratis.grpc.server.GrpcServerProtocolClient.requestVote(GrpcServerProtocolClient.java:90)
	at org.apache.ratis.grpc.server.GrpcService.requestVote(GrpcService.java:204)
	at org.apache.ratis.server.impl.LeaderElection.lambda$submitRequests$1(LeaderElection.java:238)
	at java.util.concurrent.FutureTask.run(FutureTask.java:266)
	at java.util.concurrent.Executors$RunnableAdapter.call(Executors.java:511)
	at java.util.concurrent.FutureTask.run(FutureTask.java:266)
	at java.util.concurrent.ThreadPoolExecutor.runWorker(ThreadPoolExecutor.java:1149)
	at java.util.concurrent.ThreadPoolExecutor$Worker.run(ThreadPoolExecutor.java:624)
	... 1 more
Caused by: org.apache.ratis.thirdparty.io.netty.channel.AbstractChannel$AnnotatedConnectException: Connection refused: /192.168.5.159:45599
	at sun.nio.ch.SocketChannelImpl.checkConnect(Native Method)
	at sun.nio.ch.SocketChannelImpl.finishConnect(SocketChannelImpl.java:717)
	at org.apache.ratis.thirdparty.io.netty.channel.socket.nio.NioSocketChannel.doFinishConnect(NioSocketChannel.java:327)
	at org.apache.ratis.thirdparty.io.netty.channel.nio.AbstractNioChannel$AbstractNioUnsafe.finishConnect(AbstractNioChannel.java:340)
	at org.apache.ratis.thirdparty.io.netty.channel.nio.NioEventLoop.processSelectedKey(NioEventLoop.java:632)
	at org.apache.ratis.thirdparty.io.netty.channel.nio.NioEventLoop.processSelectedKeysOptimized(NioEventLoop.java:579)
	at org.apache.ratis.thirdparty.io.netty.channel.nio.NioEventLoop.processSelectedKeys(NioEventLoop.java:496)
	at org.apache.ratis.thirdparty.io.netty.channel.nio.NioEventLoop.run(NioEventLoop.java:458)
	at org.apache.ratis.thirdparty.io.netty.util.concurrent.SingleThreadEventExecutor$5.run(SingleThreadEventExecutor.java:897)
	at org.apache.ratis.thirdparty.io.netty.util.concurrent.FastThreadLocalRunnable.run(FastThreadLocalRunnable.java:30)
	... 1 more
Caused by: java.net.ConnectException: Connection refused
	... 11 more
2019-10-14 14:42:37,230 [caa892f0-76ff-4c1e-b30f-b7c59842badc@group-E0B7C1D5C8D3:LeaderElection47] INFO  impl.LeaderElection (LogUtils.java:infoOrTrace(149)) - caa892f0-76ff-4c1e-b30f-b7c59842badc@group-E0B7C1D5C8D3:LeaderElection47 got exception when requesting votes: {}
java.util.concurrent.ExecutionException: org.apache.ratis.thirdparty.io.grpc.StatusRuntimeException: UNAVAILABLE: io exception
	at java.util.concurrent.FutureTask.report(FutureTask.java:122)
	at java.util.concurrent.FutureTask.get(FutureTask.java:192)
	at org.apache.ratis.server.impl.LeaderElection.waitForResults(LeaderElection.java:263)
	at org.apache.ratis.server.impl.LeaderElection.askForVotes(LeaderElection.java:201)
	at org.apache.ratis.server.impl.LeaderElection.run(LeaderElection.java:133)
	at java.lang.Thread.run(Thread.java:748)
Caused by: org.apache.ratis.thirdparty.io.grpc.StatusRuntimeException: UNAVAILABLE: io exception
	at org.apache.ratis.thirdparty.io.grpc.stub.ClientCalls.toStatusRuntimeException(ClientCalls.java:233)
	at org.apache.ratis.thirdparty.io.grpc.stub.ClientCalls.getUnchecked(ClientCalls.java:214)
	at org.apache.ratis.thirdparty.io.grpc.stub.ClientCalls.blockingUnaryCall(ClientCalls.java:139)
	at org.apache.ratis.proto.grpc.RaftServerProtocolServiceGrpc$RaftServerProtocolServiceBlockingStub.requestVote(RaftServerProtocolServiceGrpc.java:265)
	at org.apache.ratis.grpc.server.GrpcServerProtocolClient.requestVote(GrpcServerProtocolClient.java:90)
	at org.apache.ratis.grpc.server.GrpcService.requestVote(GrpcService.java:204)
	at org.apache.ratis.server.impl.LeaderElection.lambda$submitRequests$1(LeaderElection.java:238)
	at java.util.concurrent.FutureTask.run(FutureTask.java:266)
	at java.util.concurrent.Executors$RunnableAdapter.call(Executors.java:511)
	at java.util.concurrent.FutureTask.run(FutureTask.java:266)
	at java.util.concurrent.ThreadPoolExecutor.runWorker(ThreadPoolExecutor.java:1149)
	at java.util.concurrent.ThreadPoolExecutor$Worker.run(ThreadPoolExecutor.java:624)
	... 1 more
Caused by: org.apache.ratis.thirdparty.io.netty.channel.AbstractChannel$AnnotatedConnectException: Connection refused: /192.168.5.159:44598
	at sun.nio.ch.SocketChannelImpl.checkConnect(Native Method)
	at sun.nio.ch.SocketChannelImpl.finishConnect(SocketChannelImpl.java:717)
	at org.apache.ratis.thirdparty.io.netty.channel.socket.nio.NioSocketChannel.doFinishConnect(NioSocketChannel.java:327)
	at org.apache.ratis.thirdparty.io.netty.channel.nio.AbstractNioChannel$AbstractNioUnsafe.finishConnect(AbstractNioChannel.java:340)
	at org.apache.ratis.thirdparty.io.netty.channel.nio.NioEventLoop.processSelectedKey(NioEventLoop.java:632)
	at org.apache.ratis.thirdparty.io.netty.channel.nio.NioEventLoop.processSelectedKeysOptimized(NioEventLoop.java:579)
	at org.apache.ratis.thirdparty.io.netty.channel.nio.NioEventLoop.processSelectedKeys(NioEventLoop.java:496)
	at org.apache.ratis.thirdparty.io.netty.channel.nio.NioEventLoop.run(NioEventLoop.java:458)
	at org.apache.ratis.thirdparty.io.netty.util.concurrent.SingleThreadEventExecutor$5.run(SingleThreadEventExecutor.java:897)
	at org.apache.ratis.thirdparty.io.netty.util.concurrent.FastThreadLocalRunnable.run(FastThreadLocalRunnable.java:30)
	... 1 more
Caused by: java.net.ConnectException: Connection refused
	... 11 more
2019-10-14 14:42:37,233 [caa892f0-76ff-4c1e-b30f-b7c59842badc@group-E0B7C1D5C8D3:LeaderElection47] INFO  impl.LeaderElection (LeaderElection.java:logAndReturn(56)) - caa892f0-76ff-4c1e-b30f-b7c59842badc@group-E0B7C1D5C8D3:LeaderElection47: Election REJECTED; received 0 response(s) [] and 2 exception(s); caa892f0-76ff-4c1e-b30f-b7c59842badc@group-E0B7C1D5C8D3:t6, leader=null, voted=caa892f0-76ff-4c1e-b30f-b7c59842badc, raftlog=caa892f0-76ff-4c1e-b30f-b7c59842badc@group-E0B7C1D5C8D3-SegmentedRaftLog:OPENED:c0,f0,i0, conf=0: [07a15819-e4fc-4072-82ac-b3e77a99d12a:192.168.5.159:45599, f9748ec4-5d8a-4dfc-8690-85b8cdac3f5d:192.168.5.159:44598, caa892f0-76ff-4c1e-b30f-b7c59842badc:192.168.5.159:39406], old=null
2019-10-14 14:42:37,233 [caa892f0-76ff-4c1e-b30f-b7c59842badc@group-E0B7C1D5C8D3:LeaderElection47] INFO  impl.LeaderElection (LogUtils.java:infoOrTrace(149)) -   Exception 0: {}
java.util.concurrent.ExecutionException: org.apache.ratis.thirdparty.io.grpc.StatusRuntimeException: UNAVAILABLE: io exception
	at java.util.concurrent.FutureTask.report(FutureTask.java:122)
	at java.util.concurrent.FutureTask.get(FutureTask.java:192)
	at org.apache.ratis.server.impl.LeaderElection.waitForResults(LeaderElection.java:263)
	at org.apache.ratis.server.impl.LeaderElection.askForVotes(LeaderElection.java:201)
	at org.apache.ratis.server.impl.LeaderElection.run(LeaderElection.java:133)
	at java.lang.Thread.run(Thread.java:748)
Caused by: org.apache.ratis.thirdparty.io.grpc.StatusRuntimeException: UNAVAILABLE: io exception
	at org.apache.ratis.thirdparty.io.grpc.stub.ClientCalls.toStatusRuntimeException(ClientCalls.java:233)
	at org.apache.ratis.thirdparty.io.grpc.stub.ClientCalls.getUnchecked(ClientCalls.java:214)
	at org.apache.ratis.thirdparty.io.grpc.stub.ClientCalls.blockingUnaryCall(ClientCalls.java:139)
	at org.apache.ratis.proto.grpc.RaftServerProtocolServiceGrpc$RaftServerProtocolServiceBlockingStub.requestVote(RaftServerProtocolServiceGrpc.java:265)
	at org.apache.ratis.grpc.server.GrpcServerProtocolClient.requestVote(GrpcServerProtocolClient.java:90)
	at org.apache.ratis.grpc.server.GrpcService.requestVote(GrpcService.java:204)
	at org.apache.ratis.server.impl.LeaderElection.lambda$submitRequests$1(LeaderElection.java:238)
	at java.util.concurrent.FutureTask.run(FutureTask.java:266)
	at java.util.concurrent.Executors$RunnableAdapter.call(Executors.java:511)
	at java.util.concurrent.FutureTask.run(FutureTask.java:266)
	at java.util.concurrent.ThreadPoolExecutor.runWorker(ThreadPoolExecutor.java:1149)
	at java.util.concurrent.ThreadPoolExecutor$Worker.run(ThreadPoolExecutor.java:624)
	... 1 more
Caused by: org.apache.ratis.thirdparty.io.netty.channel.AbstractChannel$AnnotatedConnectException: Connection refused: /192.168.5.159:45599
	at sun.nio.ch.SocketChannelImpl.checkConnect(Native Method)
	at sun.nio.ch.SocketChannelImpl.finishConnect(SocketChannelImpl.java:717)
	at org.apache.ratis.thirdparty.io.netty.channel.socket.nio.NioSocketChannel.doFinishConnect(NioSocketChannel.java:327)
	at org.apache.ratis.thirdparty.io.netty.channel.nio.AbstractNioChannel$AbstractNioUnsafe.finishConnect(AbstractNioChannel.java:340)
	at org.apache.ratis.thirdparty.io.netty.channel.nio.NioEventLoop.processSelectedKey(NioEventLoop.java:632)
	at org.apache.ratis.thirdparty.io.netty.channel.nio.NioEventLoop.processSelectedKeysOptimized(NioEventLoop.java:579)
	at org.apache.ratis.thirdparty.io.netty.channel.nio.NioEventLoop.processSelectedKeys(NioEventLoop.java:496)
	at org.apache.ratis.thirdparty.io.netty.channel.nio.NioEventLoop.run(NioEventLoop.java:458)
	at org.apache.ratis.thirdparty.io.netty.util.concurrent.SingleThreadEventExecutor$5.run(SingleThreadEventExecutor.java:897)
	at org.apache.ratis.thirdparty.io.netty.util.concurrent.FastThreadLocalRunnable.run(FastThreadLocalRunnable.java:30)
	... 1 more
Caused by: java.net.ConnectException: Connection refused
	... 11 more
2019-10-14 14:42:37,234 [caa892f0-76ff-4c1e-b30f-b7c59842badc@group-E0B7C1D5C8D3:LeaderElection47] INFO  impl.LeaderElection (LogUtils.java:infoOrTrace(149)) -   Exception 1: {}
java.util.concurrent.ExecutionException: org.apache.ratis.thirdparty.io.grpc.StatusRuntimeException: UNAVAILABLE: io exception
	at java.util.concurrent.FutureTask.report(FutureTask.java:122)
	at java.util.concurrent.FutureTask.get(FutureTask.java:192)
	at org.apache.ratis.server.impl.LeaderElection.waitForResults(LeaderElection.java:263)
	at org.apache.ratis.server.impl.LeaderElection.askForVotes(LeaderElection.java:201)
	at org.apache.ratis.server.impl.LeaderElection.run(LeaderElection.java:133)
	at java.lang.Thread.run(Thread.java:748)
Caused by: org.apache.ratis.thirdparty.io.grpc.StatusRuntimeException: UNAVAILABLE: io exception
	at org.apache.ratis.thirdparty.io.grpc.stub.ClientCalls.toStatusRuntimeException(ClientCalls.java:233)
	at org.apache.ratis.thirdparty.io.grpc.stub.ClientCalls.getUnchecked(ClientCalls.java:214)
	at org.apache.ratis.thirdparty.io.grpc.stub.ClientCalls.blockingUnaryCall(ClientCalls.java:139)
	at org.apache.ratis.proto.grpc.RaftServerProtocolServiceGrpc$RaftServerProtocolServiceBlockingStub.requestVote(RaftServerProtocolServiceGrpc.java:265)
	at org.apache.ratis.grpc.server.GrpcServerProtocolClient.requestVote(GrpcServerProtocolClient.java:90)
	at org.apache.ratis.grpc.server.GrpcService.requestVote(GrpcService.java:204)
	at org.apache.ratis.server.impl.LeaderElection.lambda$submitRequests$1(LeaderElection.java:238)
	at java.util.concurrent.FutureTask.run(FutureTask.java:266)
	at java.util.concurrent.Executors$RunnableAdapter.call(Executors.java:511)
	at java.util.concurrent.FutureTask.run(FutureTask.java:266)
	at java.util.concurrent.ThreadPoolExecutor.runWorker(ThreadPoolExecutor.java:1149)
	at java.util.concurrent.ThreadPoolExecutor$Worker.run(ThreadPoolExecutor.java:624)
	... 1 more
Caused by: org.apache.ratis.thirdparty.io.netty.channel.AbstractChannel$AnnotatedConnectException: Connection refused: /192.168.5.159:44598
	at sun.nio.ch.SocketChannelImpl.checkConnect(Native Method)
	at sun.nio.ch.SocketChannelImpl.finishConnect(SocketChannelImpl.java:717)
	at org.apache.ratis.thirdparty.io.netty.channel.socket.nio.NioSocketChannel.doFinishConnect(NioSocketChannel.java:327)
	at org.apache.ratis.thirdparty.io.netty.channel.nio.AbstractNioChannel$AbstractNioUnsafe.finishConnect(AbstractNioChannel.java:340)
	at org.apache.ratis.thirdparty.io.netty.channel.nio.NioEventLoop.processSelectedKey(NioEventLoop.java:632)
	at org.apache.ratis.thirdparty.io.netty.channel.nio.NioEventLoop.processSelectedKeysOptimized(NioEventLoop.java:579)
	at org.apache.ratis.thirdparty.io.netty.channel.nio.NioEventLoop.processSelectedKeys(NioEventLoop.java:496)
	at org.apache.ratis.thirdparty.io.netty.channel.nio.NioEventLoop.run(NioEventLoop.java:458)
	at org.apache.ratis.thirdparty.io.netty.util.concurrent.SingleThreadEventExecutor$5.run(SingleThreadEventExecutor.java:897)
	at org.apache.ratis.thirdparty.io.netty.util.concurrent.FastThreadLocalRunnable.run(FastThreadLocalRunnable.java:30)
	... 1 more
Caused by: java.net.ConnectException: Connection refused
	... 11 more
2019-10-14 14:42:37,235 [caa892f0-76ff-4c1e-b30f-b7c59842badc@group-E0B7C1D5C8D3:LeaderElection47] INFO  impl.RaftServerImpl (RaftServerImpl.java:setRole(174)) - caa892f0-76ff-4c1e-b30f-b7c59842badc@group-E0B7C1D5C8D3: changes role from CANDIDATE to FOLLOWER at term 6 for DISCOVERED_A_NEW_TERM
2019-10-14 14:42:37,235 [caa892f0-76ff-4c1e-b30f-b7c59842badc@group-E0B7C1D5C8D3:LeaderElection47] INFO  impl.RoleInfo (RoleInfo.java:shutdownLeaderElection(134)) - caa892f0-76ff-4c1e-b30f-b7c59842badc: shutdown LeaderElection
2019-10-14 14:42:37,235 [caa892f0-76ff-4c1e-b30f-b7c59842badc@group-E0B7C1D5C8D3:LeaderElection47] INFO  impl.RoleInfo (RoleInfo.java:updateAndGet(143)) - caa892f0-76ff-4c1e-b30f-b7c59842badc: start FollowerState
2019-10-14 14:42:37,283 [grpc-default-executor-12] WARN  server.GrpcLogAppender (LogUtils.java:warn(134)) - caa892f0-76ff-4c1e-b30f-b7c59842badc@group-382452901537->07a15819-e4fc-4072-82ac-b3e77a99d12a-AppendLogResponseHandler: Failed appendEntries: org.apache.ratis.thirdparty.io.grpc.StatusRuntimeException: UNAVAILABLE: io exception
2019-10-14 14:42:37,284 [grpc-default-executor-12] INFO  impl.FollowerInfo (FollowerInfo.java:lambda$new$0(51)) - caa892f0-76ff-4c1e-b30f-b7c59842badc@group-382452901537->07a15819-e4fc-4072-82ac-b3e77a99d12a: nextIndex: updateUnconditionally 0 -> 0
2019-10-14 14:42:37,318 [grpc-default-executor-12] WARN  server.GrpcLogAppender (LogUtils.java:warn(134)) - caa892f0-76ff-4c1e-b30f-b7c59842badc@group-382452901537->f9748ec4-5d8a-4dfc-8690-85b8cdac3f5d-AppendLogResponseHandler: Failed appendEntries: org.apache.ratis.thirdparty.io.grpc.StatusRuntimeException: UNAVAILABLE: io exception
2019-10-14 14:42:37,319 [grpc-default-executor-12] INFO  impl.FollowerInfo (FollowerInfo.java:lambda$new$0(51)) - caa892f0-76ff-4c1e-b30f-b7c59842badc@group-382452901537->f9748ec4-5d8a-4dfc-8690-85b8cdac3f5d: nextIndex: updateUnconditionally 0 -> 0
2019-10-14 14:42:37,335 [grpc-default-executor-9] WARN  server.GrpcLogAppender (LogUtils.java:warn(134)) - caa892f0-76ff-4c1e-b30f-b7c59842badc@group-026CFA11C8A1->07a15819-e4fc-4072-82ac-b3e77a99d12a-AppendLogResponseHandler: Failed appendEntries: org.apache.ratis.thirdparty.io.grpc.StatusRuntimeException: UNAVAILABLE: io exception
2019-10-14 14:42:37,335 [grpc-default-executor-9] INFO  impl.FollowerInfo (FollowerInfo.java:lambda$new$0(51)) - caa892f0-76ff-4c1e-b30f-b7c59842badc@group-026CFA11C8A1->07a15819-e4fc-4072-82ac-b3e77a99d12a: nextIndex: updateUnconditionally 0 -> 0
2019-10-14 14:42:37,385 [grpc-default-executor-8] WARN  server.GrpcLogAppender (LogUtils.java:warn(134)) - caa892f0-76ff-4c1e-b30f-b7c59842badc@group-026CFA11C8A1->f9748ec4-5d8a-4dfc-8690-85b8cdac3f5d-AppendLogResponseHandler: Failed appendEntries: org.apache.ratis.thirdparty.io.grpc.StatusRuntimeException: UNAVAILABLE: io exception
2019-10-14 14:42:37,385 [grpc-default-executor-8] INFO  impl.FollowerInfo (FollowerInfo.java:lambda$new$0(51)) - caa892f0-76ff-4c1e-b30f-b7c59842badc@group-026CFA11C8A1->f9748ec4-5d8a-4dfc-8690-85b8cdac3f5d: nextIndex: updateUnconditionally 0 -> 0
2019-10-14 14:42:37,789 [grpc-default-executor-12] WARN  server.GrpcLogAppender (LogUtils.java:warn(134)) - caa892f0-76ff-4c1e-b30f-b7c59842badc@group-382452901537->07a15819-e4fc-4072-82ac-b3e77a99d12a-AppendLogResponseHandler: Failed appendEntries: org.apache.ratis.thirdparty.io.grpc.StatusRuntimeException: UNAVAILABLE: io exception
2019-10-14 14:42:37,790 [grpc-default-executor-12] INFO  impl.FollowerInfo (FollowerInfo.java:lambda$new$0(51)) - caa892f0-76ff-4c1e-b30f-b7c59842badc@group-382452901537->07a15819-e4fc-4072-82ac-b3e77a99d12a: nextIndex: updateUnconditionally 0 -> 0
2019-10-14 14:42:37,822 [grpc-default-executor-9] WARN  server.GrpcLogAppender (LogUtils.java:warn(134)) - caa892f0-76ff-4c1e-b30f-b7c59842badc@group-382452901537->f9748ec4-5d8a-4dfc-8690-85b8cdac3f5d-AppendLogResponseHandler: Failed appendEntries: org.apache.ratis.thirdparty.io.grpc.StatusRuntimeException: UNAVAILABLE: io exception
2019-10-14 14:42:37,822 [grpc-default-executor-9] INFO  impl.FollowerInfo (FollowerInfo.java:lambda$new$0(51)) - caa892f0-76ff-4c1e-b30f-b7c59842badc@group-382452901537->f9748ec4-5d8a-4dfc-8690-85b8cdac3f5d: nextIndex: updateUnconditionally 0 -> 0
2019-10-14 14:42:37,835 [grpc-default-executor-8] WARN  server.GrpcLogAppender (LogUtils.java:warn(134)) - caa892f0-76ff-4c1e-b30f-b7c59842badc@group-026CFA11C8A1->07a15819-e4fc-4072-82ac-b3e77a99d12a-AppendLogResponseHandler: Failed appendEntries: org.apache.ratis.thirdparty.io.grpc.StatusRuntimeException: UNAVAILABLE: io exception
2019-10-14 14:42:37,835 [grpc-default-executor-8] INFO  impl.FollowerInfo (FollowerInfo.java:lambda$new$0(51)) - caa892f0-76ff-4c1e-b30f-b7c59842badc@group-026CFA11C8A1->07a15819-e4fc-4072-82ac-b3e77a99d12a: nextIndex: updateUnconditionally 0 -> 0
2019-10-14 14:42:37,885 [grpc-default-executor-9] WARN  server.GrpcLogAppender (LogUtils.java:warn(134)) - caa892f0-76ff-4c1e-b30f-b7c59842badc@group-026CFA11C8A1->f9748ec4-5d8a-4dfc-8690-85b8cdac3f5d-AppendLogResponseHandler: Failed appendEntries: org.apache.ratis.thirdparty.io.grpc.StatusRuntimeException: UNAVAILABLE: io exception
2019-10-14 14:42:37,886 [grpc-default-executor-9] INFO  impl.FollowerInfo (FollowerInfo.java:lambda$new$0(51)) - caa892f0-76ff-4c1e-b30f-b7c59842badc@group-026CFA11C8A1->f9748ec4-5d8a-4dfc-8690-85b8cdac3f5d: nextIndex: updateUnconditionally 0 -> 0
2019-10-14 14:42:38,245 [Thread-1011] INFO  impl.FollowerState (FollowerState.java:run(106)) - caa892f0-76ff-4c1e-b30f-b7c59842badc:group-EA752D978E74 changes to CANDIDATE, lastRpcTime:1032, electionTimeout:1032ms
2019-10-14 14:42:38,246 [Thread-1011] INFO  impl.RoleInfo (RoleInfo.java:shutdownFollowerState(121)) - caa892f0-76ff-4c1e-b30f-b7c59842badc: shutdown FollowerState
2019-10-14 14:42:38,246 [Thread-1011] INFO  impl.RaftServerImpl (RaftServerImpl.java:setRole(174)) - caa892f0-76ff-4c1e-b30f-b7c59842badc@group-EA752D978E74: changes role from  FOLLOWER to CANDIDATE at term 5 for changeToCandidate
2019-10-14 14:42:38,247 [Thread-1011] INFO  impl.RoleInfo (RoleInfo.java:updateAndGet(143)) - caa892f0-76ff-4c1e-b30f-b7c59842badc: start LeaderElection
2019-10-14 14:42:38,261 [caa892f0-76ff-4c1e-b30f-b7c59842badc@group-EA752D978E74:LeaderElection48] INFO  impl.LeaderElection (LeaderElection.java:askForVotes(182)) - caa892f0-76ff-4c1e-b30f-b7c59842badc@group-EA752D978E74:LeaderElection48: begin an election at term 6 for 0: [07a15819-e4fc-4072-82ac-b3e77a99d12a:192.168.5.159:45599, f9748ec4-5d8a-4dfc-8690-85b8cdac3f5d:192.168.5.159:44598, caa892f0-76ff-4c1e-b30f-b7c59842badc:192.168.5.159:39406], old=null
2019-10-14 14:42:38,265 [caa892f0-76ff-4c1e-b30f-b7c59842badc@group-EA752D978E74:LeaderElection48] INFO  impl.LeaderElection (LogUtils.java:infoOrTrace(149)) - caa892f0-76ff-4c1e-b30f-b7c59842badc@group-EA752D978E74:LeaderElection48 got exception when requesting votes: {}
java.util.concurrent.ExecutionException: org.apache.ratis.thirdparty.io.grpc.StatusRuntimeException: UNAVAILABLE: io exception
	at java.util.concurrent.FutureTask.report(FutureTask.java:122)
	at java.util.concurrent.FutureTask.get(FutureTask.java:192)
	at org.apache.ratis.server.impl.LeaderElection.waitForResults(LeaderElection.java:263)
	at org.apache.ratis.server.impl.LeaderElection.askForVotes(LeaderElection.java:201)
	at org.apache.ratis.server.impl.LeaderElection.run(LeaderElection.java:133)
	at java.lang.Thread.run(Thread.java:748)
Caused by: org.apache.ratis.thirdparty.io.grpc.StatusRuntimeException: UNAVAILABLE: io exception
	at org.apache.ratis.thirdparty.io.grpc.stub.ClientCalls.toStatusRuntimeException(ClientCalls.java:233)
	at org.apache.ratis.thirdparty.io.grpc.stub.ClientCalls.getUnchecked(ClientCalls.java:214)
	at org.apache.ratis.thirdparty.io.grpc.stub.ClientCalls.blockingUnaryCall(ClientCalls.java:139)
	at org.apache.ratis.proto.grpc.RaftServerProtocolServiceGrpc$RaftServerProtocolServiceBlockingStub.requestVote(RaftServerProtocolServiceGrpc.java:265)
	at org.apache.ratis.grpc.server.GrpcServerProtocolClient.requestVote(GrpcServerProtocolClient.java:90)
	at org.apache.ratis.grpc.server.GrpcService.requestVote(GrpcService.java:204)
	at org.apache.ratis.server.impl.LeaderElection.lambda$submitRequests$1(LeaderElection.java:238)
	at java.util.concurrent.FutureTask.run(FutureTask.java:266)
	at java.util.concurrent.Executors$RunnableAdapter.call(Executors.java:511)
	at java.util.concurrent.FutureTask.run(FutureTask.java:266)
	at java.util.concurrent.ThreadPoolExecutor.runWorker(ThreadPoolExecutor.java:1149)
	at java.util.concurrent.ThreadPoolExecutor$Worker.run(ThreadPoolExecutor.java:624)
	... 1 more
Caused by: org.apache.ratis.thirdparty.io.netty.channel.AbstractChannel$AnnotatedConnectException: Connection refused: /192.168.5.159:45599
	at sun.nio.ch.SocketChannelImpl.checkConnect(Native Method)
	at sun.nio.ch.SocketChannelImpl.finishConnect(SocketChannelImpl.java:717)
	at org.apache.ratis.thirdparty.io.netty.channel.socket.nio.NioSocketChannel.doFinishConnect(NioSocketChannel.java:327)
	at org.apache.ratis.thirdparty.io.netty.channel.nio.AbstractNioChannel$AbstractNioUnsafe.finishConnect(AbstractNioChannel.java:340)
	at org.apache.ratis.thirdparty.io.netty.channel.nio.NioEventLoop.processSelectedKey(NioEventLoop.java:632)
	at org.apache.ratis.thirdparty.io.netty.channel.nio.NioEventLoop.processSelectedKeysOptimized(NioEventLoop.java:579)
	at org.apache.ratis.thirdparty.io.netty.channel.nio.NioEventLoop.processSelectedKeys(NioEventLoop.java:496)
	at org.apache.ratis.thirdparty.io.netty.channel.nio.NioEventLoop.run(NioEventLoop.java:458)
	at org.apache.ratis.thirdparty.io.netty.util.concurrent.SingleThreadEventExecutor$5.run(SingleThreadEventExecutor.java:897)
	at org.apache.ratis.thirdparty.io.netty.util.concurrent.FastThreadLocalRunnable.run(FastThreadLocalRunnable.java:30)
	... 1 more
Caused by: java.net.ConnectException: Connection refused
	... 11 more
2019-10-14 14:42:38,269 [caa892f0-76ff-4c1e-b30f-b7c59842badc@group-EA752D978E74:LeaderElection48] INFO  impl.LeaderElection (LogUtils.java:infoOrTrace(149)) - caa892f0-76ff-4c1e-b30f-b7c59842badc@group-EA752D978E74:LeaderElection48 got exception when requesting votes: {}
java.util.concurrent.ExecutionException: org.apache.ratis.thirdparty.io.grpc.StatusRuntimeException: UNAVAILABLE: io exception
	at java.util.concurrent.FutureTask.report(FutureTask.java:122)
	at java.util.concurrent.FutureTask.get(FutureTask.java:192)
	at org.apache.ratis.server.impl.LeaderElection.waitForResults(LeaderElection.java:263)
	at org.apache.ratis.server.impl.LeaderElection.askForVotes(LeaderElection.java:201)
	at org.apache.ratis.server.impl.LeaderElection.run(LeaderElection.java:133)
	at java.lang.Thread.run(Thread.java:748)
Caused by: org.apache.ratis.thirdparty.io.grpc.StatusRuntimeException: UNAVAILABLE: io exception
	at org.apache.ratis.thirdparty.io.grpc.stub.ClientCalls.toStatusRuntimeException(ClientCalls.java:233)
	at org.apache.ratis.thirdparty.io.grpc.stub.ClientCalls.getUnchecked(ClientCalls.java:214)
	at org.apache.ratis.thirdparty.io.grpc.stub.ClientCalls.blockingUnaryCall(ClientCalls.java:139)
	at org.apache.ratis.proto.grpc.RaftServerProtocolServiceGrpc$RaftServerProtocolServiceBlockingStub.requestVote(RaftServerProtocolServiceGrpc.java:265)
	at org.apache.ratis.grpc.server.GrpcServerProtocolClient.requestVote(GrpcServerProtocolClient.java:90)
	at org.apache.ratis.grpc.server.GrpcService.requestVote(GrpcService.java:204)
	at org.apache.ratis.server.impl.LeaderElection.lambda$submitRequests$1(LeaderElection.java:238)
	at java.util.concurrent.FutureTask.run(FutureTask.java:266)
	at java.util.concurrent.Executors$RunnableAdapter.call(Executors.java:511)
	at java.util.concurrent.FutureTask.run(FutureTask.java:266)
	at java.util.concurrent.ThreadPoolExecutor.runWorker(ThreadPoolExecutor.java:1149)
	at java.util.concurrent.ThreadPoolExecutor$Worker.run(ThreadPoolExecutor.java:624)
	... 1 more
Caused by: org.apache.ratis.thirdparty.io.netty.channel.AbstractChannel$AnnotatedConnectException: Connection refused: /192.168.5.159:44598
	at sun.nio.ch.SocketChannelImpl.checkConnect(Native Method)
	at sun.nio.ch.SocketChannelImpl.finishConnect(SocketChannelImpl.java:717)
	at org.apache.ratis.thirdparty.io.netty.channel.socket.nio.NioSocketChannel.doFinishConnect(NioSocketChannel.java:327)
	at org.apache.ratis.thirdparty.io.netty.channel.nio.AbstractNioChannel$AbstractNioUnsafe.finishConnect(AbstractNioChannel.java:340)
	at org.apache.ratis.thirdparty.io.netty.channel.nio.NioEventLoop.processSelectedKey(NioEventLoop.java:632)
	at org.apache.ratis.thirdparty.io.netty.channel.nio.NioEventLoop.processSelectedKeysOptimized(NioEventLoop.java:579)
	at org.apache.ratis.thirdparty.io.netty.channel.nio.NioEventLoop.processSelectedKeys(NioEventLoop.java:496)
	at org.apache.ratis.thirdparty.io.netty.channel.nio.NioEventLoop.run(NioEventLoop.java:458)
	at org.apache.ratis.thirdparty.io.netty.util.concurrent.SingleThreadEventExecutor$5.run(SingleThreadEventExecutor.java:897)
	at org.apache.ratis.thirdparty.io.netty.util.concurrent.FastThreadLocalRunnable.run(FastThreadLocalRunnable.java:30)
	... 1 more
Caused by: java.net.ConnectException: Connection refused
	... 11 more
2019-10-14 14:42:38,271 [caa892f0-76ff-4c1e-b30f-b7c59842badc@group-EA752D978E74:LeaderElection48] INFO  impl.LeaderElection (LeaderElection.java:logAndReturn(56)) - caa892f0-76ff-4c1e-b30f-b7c59842badc@group-EA752D978E74:LeaderElection48: Election REJECTED; received 0 response(s) [] and 2 exception(s); caa892f0-76ff-4c1e-b30f-b7c59842badc@group-EA752D978E74:t6, leader=null, voted=caa892f0-76ff-4c1e-b30f-b7c59842badc, raftlog=caa892f0-76ff-4c1e-b30f-b7c59842badc@group-EA752D978E74-SegmentedRaftLog:OPENED:c16,f16,i16, conf=0: [07a15819-e4fc-4072-82ac-b3e77a99d12a:192.168.5.159:45599, f9748ec4-5d8a-4dfc-8690-85b8cdac3f5d:192.168.5.159:44598, caa892f0-76ff-4c1e-b30f-b7c59842badc:192.168.5.159:39406], old=null
2019-10-14 14:42:38,271 [caa892f0-76ff-4c1e-b30f-b7c59842badc@group-EA752D978E74:LeaderElection48] INFO  impl.LeaderElection (LogUtils.java:infoOrTrace(149)) -   Exception 0: {}
java.util.concurrent.ExecutionException: org.apache.ratis.thirdparty.io.grpc.StatusRuntimeException: UNAVAILABLE: io exception
	at java.util.concurrent.FutureTask.report(FutureTask.java:122)
	at java.util.concurrent.FutureTask.get(FutureTask.java:192)
	at org.apache.ratis.server.impl.LeaderElection.waitForResults(LeaderElection.java:263)
	at org.apache.ratis.server.impl.LeaderElection.askForVotes(LeaderElection.java:201)
	at org.apache.ratis.server.impl.LeaderElection.run(LeaderElection.java:133)
	at java.lang.Thread.run(Thread.java:748)
Caused by: org.apache.ratis.thirdparty.io.grpc.StatusRuntimeException: UNAVAILABLE: io exception
	at org.apache.ratis.thirdparty.io.grpc.stub.ClientCalls.toStatusRuntimeException(ClientCalls.java:233)
	at org.apache.ratis.thirdparty.io.grpc.stub.ClientCalls.getUnchecked(ClientCalls.java:214)
	at org.apache.ratis.thirdparty.io.grpc.stub.ClientCalls.blockingUnaryCall(ClientCalls.java:139)
	at org.apache.ratis.proto.grpc.RaftServerProtocolServiceGrpc$RaftServerProtocolServiceBlockingStub.requestVote(RaftServerProtocolServiceGrpc.java:265)
	at org.apache.ratis.grpc.server.GrpcServerProtocolClient.requestVote(GrpcServerProtocolClient.java:90)
	at org.apache.ratis.grpc.server.GrpcService.requestVote(GrpcService.java:204)
	at org.apache.ratis.server.impl.LeaderElection.lambda$submitRequests$1(LeaderElection.java:238)
	at java.util.concurrent.FutureTask.run(FutureTask.java:266)
	at java.util.concurrent.Executors$RunnableAdapter.call(Executors.java:511)
	at java.util.concurrent.FutureTask.run(FutureTask.java:266)
	at java.util.concurrent.ThreadPoolExecutor.runWorker(ThreadPoolExecutor.java:1149)
	at java.util.concurrent.ThreadPoolExecutor$Worker.run(ThreadPoolExecutor.java:624)
	... 1 more
Caused by: org.apache.ratis.thirdparty.io.netty.channel.AbstractChannel$AnnotatedConnectException: Connection refused: /192.168.5.159:45599
	at sun.nio.ch.SocketChannelImpl.checkConnect(Native Method)
	at sun.nio.ch.SocketChannelImpl.finishConnect(SocketChannelImpl.java:717)
	at org.apache.ratis.thirdparty.io.netty.channel.socket.nio.NioSocketChannel.doFinishConnect(NioSocketChannel.java:327)
	at org.apache.ratis.thirdparty.io.netty.channel.nio.AbstractNioChannel$AbstractNioUnsafe.finishConnect(AbstractNioChannel.java:340)
	at org.apache.ratis.thirdparty.io.netty.channel.nio.NioEventLoop.processSelectedKey(NioEventLoop.java:632)
	at org.apache.ratis.thirdparty.io.netty.channel.nio.NioEventLoop.processSelectedKeysOptimized(NioEventLoop.java:579)
	at org.apache.ratis.thirdparty.io.netty.channel.nio.NioEventLoop.processSelectedKeys(NioEventLoop.java:496)
	at org.apache.ratis.thirdparty.io.netty.channel.nio.NioEventLoop.run(NioEventLoop.java:458)
	at org.apache.ratis.thirdparty.io.netty.util.concurrent.SingleThreadEventExecutor$5.run(SingleThreadEventExecutor.java:897)
	at org.apache.ratis.thirdparty.io.netty.util.concurrent.FastThreadLocalRunnable.run(FastThreadLocalRunnable.java:30)
	... 1 more
Caused by: java.net.ConnectException: Connection refused
	... 11 more
2019-10-14 14:42:38,272 [caa892f0-76ff-4c1e-b30f-b7c59842badc@group-EA752D978E74:LeaderElection48] INFO  impl.LeaderElection (LogUtils.java:infoOrTrace(149)) -   Exception 1: {}
java.util.concurrent.ExecutionException: org.apache.ratis.thirdparty.io.grpc.StatusRuntimeException: UNAVAILABLE: io exception
	at java.util.concurrent.FutureTask.report(FutureTask.java:122)
	at java.util.concurrent.FutureTask.get(FutureTask.java:192)
	at org.apache.ratis.server.impl.LeaderElection.waitForResults(LeaderElection.java:263)
	at org.apache.ratis.server.impl.LeaderElection.askForVotes(LeaderElection.java:201)
	at org.apache.ratis.server.impl.LeaderElection.run(LeaderElection.java:133)
	at java.lang.Thread.run(Thread.java:748)
Caused by: org.apache.ratis.thirdparty.io.grpc.StatusRuntimeException: UNAVAILABLE: io exception
	at org.apache.ratis.thirdparty.io.grpc.stub.ClientCalls.toStatusRuntimeException(ClientCalls.java:233)
	at org.apache.ratis.thirdparty.io.grpc.stub.ClientCalls.getUnchecked(ClientCalls.java:214)
	at org.apache.ratis.thirdparty.io.grpc.stub.ClientCalls.blockingUnaryCall(ClientCalls.java:139)
	at org.apache.ratis.proto.grpc.RaftServerProtocolServiceGrpc$RaftServerProtocolServiceBlockingStub.requestVote(RaftServerProtocolServiceGrpc.java:265)
	at org.apache.ratis.grpc.server.GrpcServerProtocolClient.requestVote(GrpcServerProtocolClient.java:90)
	at org.apache.ratis.grpc.server.GrpcService.requestVote(GrpcService.java:204)
	at org.apache.ratis.server.impl.LeaderElection.lambda$submitRequests$1(LeaderElection.java:238)
	at java.util.concurrent.FutureTask.run(FutureTask.java:266)
	at java.util.concurrent.Executors$RunnableAdapter.call(Executors.java:511)
	at java.util.concurrent.FutureTask.run(FutureTask.java:266)
	at java.util.concurrent.ThreadPoolExecutor.runWorker(ThreadPoolExecutor.java:1149)
	at java.util.concurrent.ThreadPoolExecutor$Worker.run(ThreadPoolExecutor.java:624)
	... 1 more
Caused by: org.apache.ratis.thirdparty.io.netty.channel.AbstractChannel$AnnotatedConnectException: Connection refused: /192.168.5.159:44598
	at sun.nio.ch.SocketChannelImpl.checkConnect(Native Method)
	at sun.nio.ch.SocketChannelImpl.finishConnect(SocketChannelImpl.java:717)
	at org.apache.ratis.thirdparty.io.netty.channel.socket.nio.NioSocketChannel.doFinishConnect(NioSocketChannel.java:327)
	at org.apache.ratis.thirdparty.io.netty.channel.nio.AbstractNioChannel$AbstractNioUnsafe.finishConnect(AbstractNioChannel.java:340)
	at org.apache.ratis.thirdparty.io.netty.channel.nio.NioEventLoop.processSelectedKey(NioEventLoop.java:632)
	at org.apache.ratis.thirdparty.io.netty.channel.nio.NioEventLoop.processSelectedKeysOptimized(NioEventLoop.java:579)
	at org.apache.ratis.thirdparty.io.netty.channel.nio.NioEventLoop.processSelectedKeys(NioEventLoop.java:496)
	at org.apache.ratis.thirdparty.io.netty.channel.nio.NioEventLoop.run(NioEventLoop.java:458)
	at org.apache.ratis.thirdparty.io.netty.util.concurrent.SingleThreadEventExecutor$5.run(SingleThreadEventExecutor.java:897)
	at org.apache.ratis.thirdparty.io.netty.util.concurrent.FastThreadLocalRunnable.run(FastThreadLocalRunnable.java:30)
	... 1 more
Caused by: java.net.ConnectException: Connection refused
	... 11 more
2019-10-14 14:42:38,272 [caa892f0-76ff-4c1e-b30f-b7c59842badc@group-EA752D978E74:LeaderElection48] INFO  impl.RaftServerImpl (RaftServerImpl.java:setRole(174)) - caa892f0-76ff-4c1e-b30f-b7c59842badc@group-EA752D978E74: changes role from CANDIDATE to FOLLOWER at term 6 for DISCOVERED_A_NEW_TERM
2019-10-14 14:42:38,273 [caa892f0-76ff-4c1e-b30f-b7c59842badc@group-EA752D978E74:LeaderElection48] INFO  impl.RoleInfo (RoleInfo.java:shutdownLeaderElection(134)) - caa892f0-76ff-4c1e-b30f-b7c59842badc: shutdown LeaderElection
2019-10-14 14:42:38,273 [caa892f0-76ff-4c1e-b30f-b7c59842badc@group-EA752D978E74:LeaderElection48] INFO  impl.RoleInfo (RoleInfo.java:updateAndGet(143)) - caa892f0-76ff-4c1e-b30f-b7c59842badc: start FollowerState
2019-10-14 14:42:38,287 [grpc-default-executor-0] WARN  server.GrpcLogAppender (LogUtils.java:warn(134)) - caa892f0-76ff-4c1e-b30f-b7c59842badc@group-382452901537->07a15819-e4fc-4072-82ac-b3e77a99d12a-AppendLogResponseHandler: Failed appendEntries: org.apache.ratis.thirdparty.io.grpc.StatusRuntimeException: UNAVAILABLE: io exception
2019-10-14 14:42:38,287 [grpc-default-executor-0] INFO  impl.FollowerInfo (FollowerInfo.java:lambda$new$0(51)) - caa892f0-76ff-4c1e-b30f-b7c59842badc@group-382452901537->07a15819-e4fc-4072-82ac-b3e77a99d12a: nextIndex: updateUnconditionally 0 -> 0
2019-10-14 14:42:38,320 [grpc-default-executor-0] WARN  server.GrpcLogAppender (LogUtils.java:warn(134)) - caa892f0-76ff-4c1e-b30f-b7c59842badc@group-382452901537->f9748ec4-5d8a-4dfc-8690-85b8cdac3f5d-AppendLogResponseHandler: Failed appendEntries: org.apache.ratis.thirdparty.io.grpc.StatusRuntimeException: UNAVAILABLE: io exception
2019-10-14 14:42:38,320 [grpc-default-executor-0] INFO  impl.FollowerInfo (FollowerInfo.java:lambda$new$0(51)) - caa892f0-76ff-4c1e-b30f-b7c59842badc@group-382452901537->f9748ec4-5d8a-4dfc-8690-85b8cdac3f5d: nextIndex: updateUnconditionally 0 -> 0
2019-10-14 14:42:38,336 [grpc-default-executor-8] WARN  server.GrpcLogAppender (LogUtils.java:warn(134)) - caa892f0-76ff-4c1e-b30f-b7c59842badc@group-026CFA11C8A1->07a15819-e4fc-4072-82ac-b3e77a99d12a-AppendLogResponseHandler: Failed appendEntries: org.apache.ratis.thirdparty.io.grpc.StatusRuntimeException: UNAVAILABLE: io exception
2019-10-14 14:42:38,336 [grpc-default-executor-8] INFO  impl.FollowerInfo (FollowerInfo.java:lambda$new$0(51)) - caa892f0-76ff-4c1e-b30f-b7c59842badc@group-026CFA11C8A1->07a15819-e4fc-4072-82ac-b3e77a99d12a: nextIndex: updateUnconditionally 0 -> 0
2019-10-14 14:42:38,339 [Thread-1014] INFO  impl.FollowerState (FollowerState.java:run(106)) - caa892f0-76ff-4c1e-b30f-b7c59842badc:group-E0B7C1D5C8D3 changes to CANDIDATE, lastRpcTime:1103, electionTimeout:1103ms
2019-10-14 14:42:38,339 [Thread-1014] INFO  impl.RoleInfo (RoleInfo.java:shutdownFollowerState(121)) - caa892f0-76ff-4c1e-b30f-b7c59842badc: shutdown FollowerState
2019-10-14 14:42:38,339 [Thread-1014] INFO  impl.RaftServerImpl (RaftServerImpl.java:setRole(174)) - caa892f0-76ff-4c1e-b30f-b7c59842badc@group-E0B7C1D5C8D3: changes role from  FOLLOWER to CANDIDATE at term 6 for changeToCandidate
2019-10-14 14:42:38,339 [Thread-1014] INFO  impl.RoleInfo (RoleInfo.java:updateAndGet(143)) - caa892f0-76ff-4c1e-b30f-b7c59842badc: start LeaderElection
2019-10-14 14:42:38,354 [caa892f0-76ff-4c1e-b30f-b7c59842badc@group-E0B7C1D5C8D3:LeaderElection49] INFO  impl.LeaderElection (LeaderElection.java:askForVotes(182)) - caa892f0-76ff-4c1e-b30f-b7c59842badc@group-E0B7C1D5C8D3:LeaderElection49: begin an election at term 7 for 0: [07a15819-e4fc-4072-82ac-b3e77a99d12a:192.168.5.159:45599, f9748ec4-5d8a-4dfc-8690-85b8cdac3f5d:192.168.5.159:44598, caa892f0-76ff-4c1e-b30f-b7c59842badc:192.168.5.159:39406], old=null
2019-10-14 14:42:38,357 [caa892f0-76ff-4c1e-b30f-b7c59842badc@group-E0B7C1D5C8D3:LeaderElection49] INFO  impl.LeaderElection (LogUtils.java:infoOrTrace(149)) - caa892f0-76ff-4c1e-b30f-b7c59842badc@group-E0B7C1D5C8D3:LeaderElection49 got exception when requesting votes: {}
java.util.concurrent.ExecutionException: org.apache.ratis.thirdparty.io.grpc.StatusRuntimeException: UNAVAILABLE: io exception
	at java.util.concurrent.FutureTask.report(FutureTask.java:122)
	at java.util.concurrent.FutureTask.get(FutureTask.java:192)
	at org.apache.ratis.server.impl.LeaderElection.waitForResults(LeaderElection.java:263)
	at org.apache.ratis.server.impl.LeaderElection.askForVotes(LeaderElection.java:201)
	at org.apache.ratis.server.impl.LeaderElection.run(LeaderElection.java:133)
	at java.lang.Thread.run(Thread.java:748)
Caused by: org.apache.ratis.thirdparty.io.grpc.StatusRuntimeException: UNAVAILABLE: io exception
	at org.apache.ratis.thirdparty.io.grpc.stub.ClientCalls.toStatusRuntimeException(ClientCalls.java:233)
	at org.apache.ratis.thirdparty.io.grpc.stub.ClientCalls.getUnchecked(ClientCalls.java:214)
	at org.apache.ratis.thirdparty.io.grpc.stub.ClientCalls.blockingUnaryCall(ClientCalls.java:139)
	at org.apache.ratis.proto.grpc.RaftServerProtocolServiceGrpc$RaftServerProtocolServiceBlockingStub.requestVote(RaftServerProtocolServiceGrpc.java:265)
	at org.apache.ratis.grpc.server.GrpcServerProtocolClient.requestVote(GrpcServerProtocolClient.java:90)
	at org.apache.ratis.grpc.server.GrpcService.requestVote(GrpcService.java:204)
	at org.apache.ratis.server.impl.LeaderElection.lambda$submitRequests$1(LeaderElection.java:238)
	at java.util.concurrent.FutureTask.run(FutureTask.java:266)
	at java.util.concurrent.Executors$RunnableAdapter.call(Executors.java:511)
	at java.util.concurrent.FutureTask.run(FutureTask.java:266)
	at java.util.concurrent.ThreadPoolExecutor.runWorker(ThreadPoolExecutor.java:1149)
	at java.util.concurrent.ThreadPoolExecutor$Worker.run(ThreadPoolExecutor.java:624)
	... 1 more
Caused by: org.apache.ratis.thirdparty.io.netty.channel.AbstractChannel$AnnotatedConnectException: Connection refused: /192.168.5.159:44598
	at sun.nio.ch.SocketChannelImpl.checkConnect(Native Method)
	at sun.nio.ch.SocketChannelImpl.finishConnect(SocketChannelImpl.java:717)
	at org.apache.ratis.thirdparty.io.netty.channel.socket.nio.NioSocketChannel.doFinishConnect(NioSocketChannel.java:327)
	at org.apache.ratis.thirdparty.io.netty.channel.nio.AbstractNioChannel$AbstractNioUnsafe.finishConnect(AbstractNioChannel.java:340)
	at org.apache.ratis.thirdparty.io.netty.channel.nio.NioEventLoop.processSelectedKey(NioEventLoop.java:632)
	at org.apache.ratis.thirdparty.io.netty.channel.nio.NioEventLoop.processSelectedKeysOptimized(NioEventLoop.java:579)
	at org.apache.ratis.thirdparty.io.netty.channel.nio.NioEventLoop.processSelectedKeys(NioEventLoop.java:496)
	at org.apache.ratis.thirdparty.io.netty.channel.nio.NioEventLoop.run(NioEventLoop.java:458)
	at org.apache.ratis.thirdparty.io.netty.util.concurrent.SingleThreadEventExecutor$5.run(SingleThreadEventExecutor.java:897)
	at org.apache.ratis.thirdparty.io.netty.util.concurrent.FastThreadLocalRunnable.run(FastThreadLocalRunnable.java:30)
	... 1 more
Caused by: java.net.ConnectException: Connection refused
	... 11 more
2019-10-14 14:42:38,361 [caa892f0-76ff-4c1e-b30f-b7c59842badc@group-E0B7C1D5C8D3:LeaderElection49] INFO  impl.LeaderElection (LogUtils.java:infoOrTrace(149)) - caa892f0-76ff-4c1e-b30f-b7c59842badc@group-E0B7C1D5C8D3:LeaderElection49 got exception when requesting votes: {}
java.util.concurrent.ExecutionException: org.apache.ratis.thirdparty.io.grpc.StatusRuntimeException: UNAVAILABLE: io exception
	at java.util.concurrent.FutureTask.report(FutureTask.java:122)
	at java.util.concurrent.FutureTask.get(FutureTask.java:192)
	at org.apache.ratis.server.impl.LeaderElection.waitForResults(LeaderElection.java:263)
	at org.apache.ratis.server.impl.LeaderElection.askForVotes(LeaderElection.java:201)
	at org.apache.ratis.server.impl.LeaderElection.run(LeaderElection.java:133)
	at java.lang.Thread.run(Thread.java:748)
Caused by: org.apache.ratis.thirdparty.io.grpc.StatusRuntimeException: UNAVAILABLE: io exception
	at org.apache.ratis.thirdparty.io.grpc.stub.ClientCalls.toStatusRuntimeException(ClientCalls.java:233)
	at org.apache.ratis.thirdparty.io.grpc.stub.ClientCalls.getUnchecked(ClientCalls.java:214)
	at org.apache.ratis.thirdparty.io.grpc.stub.ClientCalls.blockingUnaryCall(ClientCalls.java:139)
	at org.apache.ratis.proto.grpc.RaftServerProtocolServiceGrpc$RaftServerProtocolServiceBlockingStub.requestVote(RaftServerProtocolServiceGrpc.java:265)
	at org.apache.ratis.grpc.server.GrpcServerProtocolClient.requestVote(GrpcServerProtocolClient.java:90)
	at org.apache.ratis.grpc.server.GrpcService.requestVote(GrpcService.java:204)
	at org.apache.ratis.server.impl.LeaderElection.lambda$submitRequests$1(LeaderElection.java:238)
	at java.util.concurrent.FutureTask.run(FutureTask.java:266)
	at java.util.concurrent.Executors$RunnableAdapter.call(Executors.java:511)
	at java.util.concurrent.FutureTask.run(FutureTask.java:266)
	at java.util.concurrent.ThreadPoolExecutor.runWorker(ThreadPoolExecutor.java:1149)
	at java.util.concurrent.ThreadPoolExecutor$Worker.run(ThreadPoolExecutor.java:624)
	... 1 more
Caused by: org.apache.ratis.thirdparty.io.netty.channel.AbstractChannel$AnnotatedConnectException: Connection refused: /192.168.5.159:45599
	at sun.nio.ch.SocketChannelImpl.checkConnect(Native Method)
	at sun.nio.ch.SocketChannelImpl.finishConnect(SocketChannelImpl.java:717)
	at org.apache.ratis.thirdparty.io.netty.channel.socket.nio.NioSocketChannel.doFinishConnect(NioSocketChannel.java:327)
	at org.apache.ratis.thirdparty.io.netty.channel.nio.AbstractNioChannel$AbstractNioUnsafe.finishConnect(AbstractNioChannel.java:340)
	at org.apache.ratis.thirdparty.io.netty.channel.nio.NioEventLoop.processSelectedKey(NioEventLoop.java:632)
	at org.apache.ratis.thirdparty.io.netty.channel.nio.NioEventLoop.processSelectedKeysOptimized(NioEventLoop.java:579)
	at org.apache.ratis.thirdparty.io.netty.channel.nio.NioEventLoop.processSelectedKeys(NioEventLoop.java:496)
	at org.apache.ratis.thirdparty.io.netty.channel.nio.NioEventLoop.run(NioEventLoop.java:458)
	at org.apache.ratis.thirdparty.io.netty.util.concurrent.SingleThreadEventExecutor$5.run(SingleThreadEventExecutor.java:897)
	at org.apache.ratis.thirdparty.io.netty.util.concurrent.FastThreadLocalRunnable.run(FastThreadLocalRunnable.java:30)
	... 1 more
Caused by: java.net.ConnectException: Connection refused
	... 11 more
2019-10-14 14:42:38,373 [caa892f0-76ff-4c1e-b30f-b7c59842badc@group-E0B7C1D5C8D3:LeaderElection49] INFO  impl.LeaderElection (LeaderElection.java:logAndReturn(56)) - caa892f0-76ff-4c1e-b30f-b7c59842badc@group-E0B7C1D5C8D3:LeaderElection49: Election REJECTED; received 0 response(s) [] and 2 exception(s); caa892f0-76ff-4c1e-b30f-b7c59842badc@group-E0B7C1D5C8D3:t7, leader=null, voted=caa892f0-76ff-4c1e-b30f-b7c59842badc, raftlog=caa892f0-76ff-4c1e-b30f-b7c59842badc@group-E0B7C1D5C8D3-SegmentedRaftLog:OPENED:c0,f0,i0, conf=0: [07a15819-e4fc-4072-82ac-b3e77a99d12a:192.168.5.159:45599, f9748ec4-5d8a-4dfc-8690-85b8cdac3f5d:192.168.5.159:44598, caa892f0-76ff-4c1e-b30f-b7c59842badc:192.168.5.159:39406], old=null
2019-10-14 14:42:38,373 [caa892f0-76ff-4c1e-b30f-b7c59842badc@group-E0B7C1D5C8D3:LeaderElection49] INFO  impl.LeaderElection (LogUtils.java:infoOrTrace(149)) -   Exception 0: {}
java.util.concurrent.ExecutionException: org.apache.ratis.thirdparty.io.grpc.StatusRuntimeException: UNAVAILABLE: io exception
	at java.util.concurrent.FutureTask.report(FutureTask.java:122)
	at java.util.concurrent.FutureTask.get(FutureTask.java:192)
	at org.apache.ratis.server.impl.LeaderElection.waitForResults(LeaderElection.java:263)
	at org.apache.ratis.server.impl.LeaderElection.askForVotes(LeaderElection.java:201)
	at org.apache.ratis.server.impl.LeaderElection.run(LeaderElection.java:133)
	at java.lang.Thread.run(Thread.java:748)
Caused by: org.apache.ratis.thirdparty.io.grpc.StatusRuntimeException: UNAVAILABLE: io exception
	at org.apache.ratis.thirdparty.io.grpc.stub.ClientCalls.toStatusRuntimeException(ClientCalls.java:233)
	at org.apache.ratis.thirdparty.io.grpc.stub.ClientCalls.getUnchecked(ClientCalls.java:214)
	at org.apache.ratis.thirdparty.io.grpc.stub.ClientCalls.blockingUnaryCall(ClientCalls.java:139)
	at org.apache.ratis.proto.grpc.RaftServerProtocolServiceGrpc$RaftServerProtocolServiceBlockingStub.requestVote(RaftServerProtocolServiceGrpc.java:265)
	at org.apache.ratis.grpc.server.GrpcServerProtocolClient.requestVote(GrpcServerProtocolClient.java:90)
	at org.apache.ratis.grpc.server.GrpcService.requestVote(GrpcService.java:204)
	at org.apache.ratis.server.impl.LeaderElection.lambda$submitRequests$1(LeaderElection.java:238)
	at java.util.concurrent.FutureTask.run(FutureTask.java:266)
	at java.util.concurrent.Executors$RunnableAdapter.call(Executors.java:511)
	at java.util.concurrent.FutureTask.run(FutureTask.java:266)
	at java.util.concurrent.ThreadPoolExecutor.runWorker(ThreadPoolExecutor.java:1149)
	at java.util.concurrent.ThreadPoolExecutor$Worker.run(ThreadPoolExecutor.java:624)
	... 1 more
Caused by: org.apache.ratis.thirdparty.io.netty.channel.AbstractChannel$AnnotatedConnectException: Connection refused: /192.168.5.159:44598
	at sun.nio.ch.SocketChannelImpl.checkConnect(Native Method)
	at sun.nio.ch.SocketChannelImpl.finishConnect(SocketChannelImpl.java:717)
	at org.apache.ratis.thirdparty.io.netty.channel.socket.nio.NioSocketChannel.doFinishConnect(NioSocketChannel.java:327)
	at org.apache.ratis.thirdparty.io.netty.channel.nio.AbstractNioChannel$AbstractNioUnsafe.finishConnect(AbstractNioChannel.java:340)
	at org.apache.ratis.thirdparty.io.netty.channel.nio.NioEventLoop.processSelectedKey(NioEventLoop.java:632)
	at org.apache.ratis.thirdparty.io.netty.channel.nio.NioEventLoop.processSelectedKeysOptimized(NioEventLoop.java:579)
	at org.apache.ratis.thirdparty.io.netty.channel.nio.NioEventLoop.processSelectedKeys(NioEventLoop.java:496)
	at org.apache.ratis.thirdparty.io.netty.channel.nio.NioEventLoop.run(NioEventLoop.java:458)
	at org.apache.ratis.thirdparty.io.netty.util.concurrent.SingleThreadEventExecutor$5.run(SingleThreadEventExecutor.java:897)
	at org.apache.ratis.thirdparty.io.netty.util.concurrent.FastThreadLocalRunnable.run(FastThreadLocalRunnable.java:30)
	... 1 more
Caused by: java.net.ConnectException: Connection refused
	... 11 more
2019-10-14 14:42:38,374 [caa892f0-76ff-4c1e-b30f-b7c59842badc@group-E0B7C1D5C8D3:LeaderElection49] INFO  impl.LeaderElection (LogUtils.java:infoOrTrace(149)) -   Exception 1: {}
java.util.concurrent.ExecutionException: org.apache.ratis.thirdparty.io.grpc.StatusRuntimeException: UNAVAILABLE: io exception
	at java.util.concurrent.FutureTask.report(FutureTask.java:122)
	at java.util.concurrent.FutureTask.get(FutureTask.java:192)
	at org.apache.ratis.server.impl.LeaderElection.waitForResults(LeaderElection.java:263)
	at org.apache.ratis.server.impl.LeaderElection.askForVotes(LeaderElection.java:201)
	at org.apache.ratis.server.impl.LeaderElection.run(LeaderElection.java:133)
	at java.lang.Thread.run(Thread.java:748)
Caused by: org.apache.ratis.thirdparty.io.grpc.StatusRuntimeException: UNAVAILABLE: io exception
	at org.apache.ratis.thirdparty.io.grpc.stub.ClientCalls.toStatusRuntimeException(ClientCalls.java:233)
	at org.apache.ratis.thirdparty.io.grpc.stub.ClientCalls.getUnchecked(ClientCalls.java:214)
	at org.apache.ratis.thirdparty.io.grpc.stub.ClientCalls.blockingUnaryCall(ClientCalls.java:139)
	at org.apache.ratis.proto.grpc.RaftServerProtocolServiceGrpc$RaftServerProtocolServiceBlockingStub.requestVote(RaftServerProtocolServiceGrpc.java:265)
	at org.apache.ratis.grpc.server.GrpcServerProtocolClient.requestVote(GrpcServerProtocolClient.java:90)
	at org.apache.ratis.grpc.server.GrpcService.requestVote(GrpcService.java:204)
	at org.apache.ratis.server.impl.LeaderElection.lambda$submitRequests$1(LeaderElection.java:238)
	at java.util.concurrent.FutureTask.run(FutureTask.java:266)
	at java.util.concurrent.Executors$RunnableAdapter.call(Executors.java:511)
	at java.util.concurrent.FutureTask.run(FutureTask.java:266)
	at java.util.concurrent.ThreadPoolExecutor.runWorker(ThreadPoolExecutor.java:1149)
	at java.util.concurrent.ThreadPoolExecutor$Worker.run(ThreadPoolExecutor.java:624)
	... 1 more
Caused by: org.apache.ratis.thirdparty.io.netty.channel.AbstractChannel$AnnotatedConnectException: Connection refused: /192.168.5.159:45599
	at sun.nio.ch.SocketChannelImpl.checkConnect(Native Method)
	at sun.nio.ch.SocketChannelImpl.finishConnect(SocketChannelImpl.java:717)
	at org.apache.ratis.thirdparty.io.netty.channel.socket.nio.NioSocketChannel.doFinishConnect(NioSocketChannel.java:327)
	at org.apache.ratis.thirdparty.io.netty.channel.nio.AbstractNioChannel$AbstractNioUnsafe.finishConnect(AbstractNioChannel.java:340)
	at org.apache.ratis.thirdparty.io.netty.channel.nio.NioEventLoop.processSelectedKey(NioEventLoop.java:632)
	at org.apache.ratis.thirdparty.io.netty.channel.nio.NioEventLoop.processSelectedKeysOptimized(NioEventLoop.java:579)
	at org.apache.ratis.thirdparty.io.netty.channel.nio.NioEventLoop.processSelectedKeys(NioEventLoop.java:496)
	at org.apache.ratis.thirdparty.io.netty.channel.nio.NioEventLoop.run(NioEventLoop.java:458)
	at org.apache.ratis.thirdparty.io.netty.util.concurrent.SingleThreadEventExecutor$5.run(SingleThreadEventExecutor.java:897)
	at org.apache.ratis.thirdparty.io.netty.util.concurrent.FastThreadLocalRunnable.run(FastThreadLocalRunnable.java:30)
	... 1 more
Caused by: java.net.ConnectException: Connection refused
	... 11 more
2019-10-14 14:42:38,374 [caa892f0-76ff-4c1e-b30f-b7c59842badc@group-E0B7C1D5C8D3:LeaderElection49] INFO  impl.RaftServerImpl (RaftServerImpl.java:setRole(174)) - caa892f0-76ff-4c1e-b30f-b7c59842badc@group-E0B7C1D5C8D3: changes role from CANDIDATE to FOLLOWER at term 7 for DISCOVERED_A_NEW_TERM
2019-10-14 14:42:38,374 [caa892f0-76ff-4c1e-b30f-b7c59842badc@group-E0B7C1D5C8D3:LeaderElection49] INFO  impl.RoleInfo (RoleInfo.java:shutdownLeaderElection(134)) - caa892f0-76ff-4c1e-b30f-b7c59842badc: shutdown LeaderElection
2019-10-14 14:42:38,375 [caa892f0-76ff-4c1e-b30f-b7c59842badc@group-E0B7C1D5C8D3:LeaderElection49] INFO  impl.RoleInfo (RoleInfo.java:updateAndGet(143)) - caa892f0-76ff-4c1e-b30f-b7c59842badc: start FollowerState
2019-10-14 14:42:38,384 [grpc-default-executor-8] WARN  server.GrpcLogAppender (LogUtils.java:warn(134)) - caa892f0-76ff-4c1e-b30f-b7c59842badc@group-026CFA11C8A1->f9748ec4-5d8a-4dfc-8690-85b8cdac3f5d-AppendLogResponseHandler: Failed appendEntries: org.apache.ratis.thirdparty.io.grpc.StatusRuntimeException: UNAVAILABLE: io exception
2019-10-14 14:42:38,384 [grpc-default-executor-8] INFO  impl.FollowerInfo (FollowerInfo.java:lambda$new$0(51)) - caa892f0-76ff-4c1e-b30f-b7c59842badc@group-026CFA11C8A1->f9748ec4-5d8a-4dfc-8690-85b8cdac3f5d: nextIndex: updateUnconditionally 0 -> 0
2019-10-14 14:42:38,787 [grpc-default-executor-9] WARN  server.GrpcLogAppender (LogUtils.java:warn(134)) - caa892f0-76ff-4c1e-b30f-b7c59842badc@group-382452901537->07a15819-e4fc-4072-82ac-b3e77a99d12a-AppendLogResponseHandler: Failed appendEntries: org.apache.ratis.thirdparty.io.grpc.StatusRuntimeException: UNAVAILABLE: io exception
2019-10-14 14:42:38,788 [grpc-default-executor-9] INFO  impl.FollowerInfo (FollowerInfo.java:lambda$new$0(51)) - caa892f0-76ff-4c1e-b30f-b7c59842badc@group-382452901537->07a15819-e4fc-4072-82ac-b3e77a99d12a: nextIndex: updateUnconditionally 0 -> 0
2019-10-14 14:42:38,822 [grpc-default-executor-0] WARN  server.GrpcLogAppender (LogUtils.java:warn(134)) - caa892f0-76ff-4c1e-b30f-b7c59842badc@group-382452901537->f9748ec4-5d8a-4dfc-8690-85b8cdac3f5d-AppendLogResponseHandler: Failed appendEntries: org.apache.ratis.thirdparty.io.grpc.StatusRuntimeException: UNAVAILABLE: io exception
2019-10-14 14:42:38,823 [grpc-default-executor-0] INFO  impl.FollowerInfo (FollowerInfo.java:lambda$new$0(51)) - caa892f0-76ff-4c1e-b30f-b7c59842badc@group-382452901537->f9748ec4-5d8a-4dfc-8690-85b8cdac3f5d: nextIndex: updateUnconditionally 0 -> 0
2019-10-14 14:42:38,836 [grpc-default-executor-8] WARN  server.GrpcLogAppender (LogUtils.java:warn(134)) - caa892f0-76ff-4c1e-b30f-b7c59842badc@group-026CFA11C8A1->07a15819-e4fc-4072-82ac-b3e77a99d12a-AppendLogResponseHandler: Failed appendEntries: org.apache.ratis.thirdparty.io.grpc.StatusRuntimeException: UNAVAILABLE: io exception
2019-10-14 14:42:38,836 [grpc-default-executor-8] INFO  impl.FollowerInfo (FollowerInfo.java:lambda$new$0(51)) - caa892f0-76ff-4c1e-b30f-b7c59842badc@group-026CFA11C8A1->07a15819-e4fc-4072-82ac-b3e77a99d12a: nextIndex: updateUnconditionally 0 -> 0
2019-10-14 14:42:38,886 [grpc-default-executor-8] WARN  server.GrpcLogAppender (LogUtils.java:warn(134)) - caa892f0-76ff-4c1e-b30f-b7c59842badc@group-026CFA11C8A1->f9748ec4-5d8a-4dfc-8690-85b8cdac3f5d-AppendLogResponseHandler: Failed appendEntries: org.apache.ratis.thirdparty.io.grpc.StatusRuntimeException: UNAVAILABLE: io exception
2019-10-14 14:42:38,886 [grpc-default-executor-8] INFO  impl.FollowerInfo (FollowerInfo.java:lambda$new$0(51)) - caa892f0-76ff-4c1e-b30f-b7c59842badc@group-026CFA11C8A1->f9748ec4-5d8a-4dfc-8690-85b8cdac3f5d: nextIndex: updateUnconditionally 0 -> 0
2019-10-14 14:42:39,289 [grpc-default-executor-7] WARN  server.GrpcLogAppender (LogUtils.java:warn(134)) - caa892f0-76ff-4c1e-b30f-b7c59842badc@group-382452901537->07a15819-e4fc-4072-82ac-b3e77a99d12a-AppendLogResponseHandler: Failed appendEntries: org.apache.ratis.thirdparty.io.grpc.StatusRuntimeException: UNAVAILABLE: io exception
2019-10-14 14:42:39,290 [grpc-default-executor-7] INFO  impl.FollowerInfo (FollowerInfo.java:lambda$new$0(51)) - caa892f0-76ff-4c1e-b30f-b7c59842badc@group-382452901537->07a15819-e4fc-4072-82ac-b3e77a99d12a: nextIndex: updateUnconditionally 0 -> 0
2019-10-14 14:42:39,324 [grpc-default-executor-8] WARN  server.GrpcLogAppender (LogUtils.java:warn(134)) - caa892f0-76ff-4c1e-b30f-b7c59842badc@group-382452901537->f9748ec4-5d8a-4dfc-8690-85b8cdac3f5d-AppendLogResponseHandler: Failed appendEntries: org.apache.ratis.thirdparty.io.grpc.StatusRuntimeException: UNAVAILABLE: io exception
2019-10-14 14:42:39,324 [grpc-default-executor-8] INFO  impl.FollowerInfo (FollowerInfo.java:lambda$new$0(51)) - caa892f0-76ff-4c1e-b30f-b7c59842badc@group-382452901537->f9748ec4-5d8a-4dfc-8690-85b8cdac3f5d: nextIndex: updateUnconditionally 0 -> 0
2019-10-14 14:42:39,336 [grpc-default-executor-9] WARN  server.GrpcLogAppender (LogUtils.java:warn(134)) - caa892f0-76ff-4c1e-b30f-b7c59842badc@group-026CFA11C8A1->07a15819-e4fc-4072-82ac-b3e77a99d12a-AppendLogResponseHandler: Failed appendEntries: org.apache.ratis.thirdparty.io.grpc.StatusRuntimeException: UNAVAILABLE: io exception
2019-10-14 14:42:39,337 [grpc-default-executor-9] INFO  impl.FollowerInfo (FollowerInfo.java:lambda$new$0(51)) - caa892f0-76ff-4c1e-b30f-b7c59842badc@group-026CFA11C8A1->07a15819-e4fc-4072-82ac-b3e77a99d12a: nextIndex: updateUnconditionally 0 -> 0
2019-10-14 14:42:39,345 [Thread-1036] INFO  impl.FollowerState (FollowerState.java:run(106)) - caa892f0-76ff-4c1e-b30f-b7c59842badc:group-EA752D978E74 changes to CANDIDATE, lastRpcTime:1072, electionTimeout:1072ms
2019-10-14 14:42:39,346 [Thread-1036] INFO  impl.RoleInfo (RoleInfo.java:shutdownFollowerState(121)) - caa892f0-76ff-4c1e-b30f-b7c59842badc: shutdown FollowerState
2019-10-14 14:42:39,346 [Thread-1036] INFO  impl.RaftServerImpl (RaftServerImpl.java:setRole(174)) - caa892f0-76ff-4c1e-b30f-b7c59842badc@group-EA752D978E74: changes role from  FOLLOWER to CANDIDATE at term 6 for changeToCandidate
2019-10-14 14:42:39,346 [Thread-1036] INFO  impl.RoleInfo (RoleInfo.java:updateAndGet(143)) - caa892f0-76ff-4c1e-b30f-b7c59842badc: start LeaderElection
2019-10-14 14:42:39,355 [caa892f0-76ff-4c1e-b30f-b7c59842badc@group-EA752D978E74:LeaderElection50] INFO  impl.LeaderElection (LeaderElection.java:askForVotes(182)) - caa892f0-76ff-4c1e-b30f-b7c59842badc@group-EA752D978E74:LeaderElection50: begin an election at term 7 for 0: [07a15819-e4fc-4072-82ac-b3e77a99d12a:192.168.5.159:45599, f9748ec4-5d8a-4dfc-8690-85b8cdac3f5d:192.168.5.159:44598, caa892f0-76ff-4c1e-b30f-b7c59842badc:192.168.5.159:39406], old=null
2019-10-14 14:42:39,357 [caa892f0-76ff-4c1e-b30f-b7c59842badc@group-EA752D978E74:LeaderElection50] INFO  impl.LeaderElection (LogUtils.java:infoOrTrace(149)) - caa892f0-76ff-4c1e-b30f-b7c59842badc@group-EA752D978E74:LeaderElection50 got exception when requesting votes: {}
java.util.concurrent.ExecutionException: org.apache.ratis.thirdparty.io.grpc.StatusRuntimeException: UNAVAILABLE: io exception
	at java.util.concurrent.FutureTask.report(FutureTask.java:122)
	at java.util.concurrent.FutureTask.get(FutureTask.java:192)
	at org.apache.ratis.server.impl.LeaderElection.waitForResults(LeaderElection.java:263)
	at org.apache.ratis.server.impl.LeaderElection.askForVotes(LeaderElection.java:201)
	at org.apache.ratis.server.impl.LeaderElection.run(LeaderElection.java:133)
	at java.lang.Thread.run(Thread.java:748)
Caused by: org.apache.ratis.thirdparty.io.grpc.StatusRuntimeException: UNAVAILABLE: io exception
	at org.apache.ratis.thirdparty.io.grpc.stub.ClientCalls.toStatusRuntimeException(ClientCalls.java:233)
	at org.apache.ratis.thirdparty.io.grpc.stub.ClientCalls.getUnchecked(ClientCalls.java:214)
	at org.apache.ratis.thirdparty.io.grpc.stub.ClientCalls.blockingUnaryCall(ClientCalls.java:139)
	at org.apache.ratis.proto.grpc.RaftServerProtocolServiceGrpc$RaftServerProtocolServiceBlockingStub.requestVote(RaftServerProtocolServiceGrpc.java:265)
	at org.apache.ratis.grpc.server.GrpcServerProtocolClient.requestVote(GrpcServerProtocolClient.java:90)
	at org.apache.ratis.grpc.server.GrpcService.requestVote(GrpcService.java:204)
	at org.apache.ratis.server.impl.LeaderElection.lambda$submitRequests$1(LeaderElection.java:238)
	at java.util.concurrent.FutureTask.run(FutureTask.java:266)
	at java.util.concurrent.Executors$RunnableAdapter.call(Executors.java:511)
	at java.util.concurrent.FutureTask.run(FutureTask.java:266)
	at java.util.concurrent.ThreadPoolExecutor.runWorker(ThreadPoolExecutor.java:1149)
	at java.util.concurrent.ThreadPoolExecutor$Worker.run(ThreadPoolExecutor.java:624)
	... 1 more
Caused by: org.apache.ratis.thirdparty.io.netty.channel.AbstractChannel$AnnotatedConnectException: Connection refused: /192.168.5.159:44598
	at sun.nio.ch.SocketChannelImpl.checkConnect(Native Method)
	at sun.nio.ch.SocketChannelImpl.finishConnect(SocketChannelImpl.java:717)
	at org.apache.ratis.thirdparty.io.netty.channel.socket.nio.NioSocketChannel.doFinishConnect(NioSocketChannel.java:327)
	at org.apache.ratis.thirdparty.io.netty.channel.nio.AbstractNioChannel$AbstractNioUnsafe.finishConnect(AbstractNioChannel.java:340)
	at org.apache.ratis.thirdparty.io.netty.channel.nio.NioEventLoop.processSelectedKey(NioEventLoop.java:632)
	at org.apache.ratis.thirdparty.io.netty.channel.nio.NioEventLoop.processSelectedKeysOptimized(NioEventLoop.java:579)
	at org.apache.ratis.thirdparty.io.netty.channel.nio.NioEventLoop.processSelectedKeys(NioEventLoop.java:496)
	at org.apache.ratis.thirdparty.io.netty.channel.nio.NioEventLoop.run(NioEventLoop.java:458)
	at org.apache.ratis.thirdparty.io.netty.util.concurrent.SingleThreadEventExecutor$5.run(SingleThreadEventExecutor.java:897)
	at org.apache.ratis.thirdparty.io.netty.util.concurrent.FastThreadLocalRunnable.run(FastThreadLocalRunnable.java:30)
	... 1 more
Caused by: java.net.ConnectException: Connection refused
	... 11 more
2019-10-14 14:42:39,360 [caa892f0-76ff-4c1e-b30f-b7c59842badc@group-EA752D978E74:LeaderElection50] INFO  impl.LeaderElection (LogUtils.java:infoOrTrace(149)) - caa892f0-76ff-4c1e-b30f-b7c59842badc@group-EA752D978E74:LeaderElection50 got exception when requesting votes: {}
java.util.concurrent.ExecutionException: org.apache.ratis.thirdparty.io.grpc.StatusRuntimeException: UNAVAILABLE: io exception
	at java.util.concurrent.FutureTask.report(FutureTask.java:122)
	at java.util.concurrent.FutureTask.get(FutureTask.java:192)
	at org.apache.ratis.server.impl.LeaderElection.waitForResults(LeaderElection.java:263)
	at org.apache.ratis.server.impl.LeaderElection.askForVotes(LeaderElection.java:201)
	at org.apache.ratis.server.impl.LeaderElection.run(LeaderElection.java:133)
	at java.lang.Thread.run(Thread.java:748)
Caused by: org.apache.ratis.thirdparty.io.grpc.StatusRuntimeException: UNAVAILABLE: io exception
	at org.apache.ratis.thirdparty.io.grpc.stub.ClientCalls.toStatusRuntimeException(ClientCalls.java:233)
	at org.apache.ratis.thirdparty.io.grpc.stub.ClientCalls.getUnchecked(ClientCalls.java:214)
	at org.apache.ratis.thirdparty.io.grpc.stub.ClientCalls.blockingUnaryCall(ClientCalls.java:139)
	at org.apache.ratis.proto.grpc.RaftServerProtocolServiceGrpc$RaftServerProtocolServiceBlockingStub.requestVote(RaftServerProtocolServiceGrpc.java:265)
	at org.apache.ratis.grpc.server.GrpcServerProtocolClient.requestVote(GrpcServerProtocolClient.java:90)
	at org.apache.ratis.grpc.server.GrpcService.requestVote(GrpcService.java:204)
	at org.apache.ratis.server.impl.LeaderElection.lambda$submitRequests$1(LeaderElection.java:238)
	at java.util.concurrent.FutureTask.run(FutureTask.java:266)
	at java.util.concurrent.Executors$RunnableAdapter.call(Executors.java:511)
	at java.util.concurrent.FutureTask.run(FutureTask.java:266)
	at java.util.concurrent.ThreadPoolExecutor.runWorker(ThreadPoolExecutor.java:1149)
	at java.util.concurrent.ThreadPoolExecutor$Worker.run(ThreadPoolExecutor.java:624)
	... 1 more
Caused by: org.apache.ratis.thirdparty.io.netty.channel.AbstractChannel$AnnotatedConnectException: Connection refused: /192.168.5.159:45599
	at sun.nio.ch.SocketChannelImpl.checkConnect(Native Method)
	at sun.nio.ch.SocketChannelImpl.finishConnect(SocketChannelImpl.java:717)
	at org.apache.ratis.thirdparty.io.netty.channel.socket.nio.NioSocketChannel.doFinishConnect(NioSocketChannel.java:327)
	at org.apache.ratis.thirdparty.io.netty.channel.nio.AbstractNioChannel$AbstractNioUnsafe.finishConnect(AbstractNioChannel.java:340)
	at org.apache.ratis.thirdparty.io.netty.channel.nio.NioEventLoop.processSelectedKey(NioEventLoop.java:632)
	at org.apache.ratis.thirdparty.io.netty.channel.nio.NioEventLoop.processSelectedKeysOptimized(NioEventLoop.java:579)
	at org.apache.ratis.thirdparty.io.netty.channel.nio.NioEventLoop.processSelectedKeys(NioEventLoop.java:496)
	at org.apache.ratis.thirdparty.io.netty.channel.nio.NioEventLoop.run(NioEventLoop.java:458)
	at org.apache.ratis.thirdparty.io.netty.util.concurrent.SingleThreadEventExecutor$5.run(SingleThreadEventExecutor.java:897)
	at org.apache.ratis.thirdparty.io.netty.util.concurrent.FastThreadLocalRunnable.run(FastThreadLocalRunnable.java:30)
	... 1 more
Caused by: java.net.ConnectException: Connection refused
	... 11 more
2019-10-14 14:42:39,362 [caa892f0-76ff-4c1e-b30f-b7c59842badc@group-EA752D978E74:LeaderElection50] INFO  impl.LeaderElection (LeaderElection.java:logAndReturn(56)) - caa892f0-76ff-4c1e-b30f-b7c59842badc@group-EA752D978E74:LeaderElection50: Election REJECTED; received 0 response(s) [] and 2 exception(s); caa892f0-76ff-4c1e-b30f-b7c59842badc@group-EA752D978E74:t7, leader=null, voted=caa892f0-76ff-4c1e-b30f-b7c59842badc, raftlog=caa892f0-76ff-4c1e-b30f-b7c59842badc@group-EA752D978E74-SegmentedRaftLog:OPENED:c16,f16,i16, conf=0: [07a15819-e4fc-4072-82ac-b3e77a99d12a:192.168.5.159:45599, f9748ec4-5d8a-4dfc-8690-85b8cdac3f5d:192.168.5.159:44598, caa892f0-76ff-4c1e-b30f-b7c59842badc:192.168.5.159:39406], old=null
2019-10-14 14:42:39,362 [caa892f0-76ff-4c1e-b30f-b7c59842badc@group-EA752D978E74:LeaderElection50] INFO  impl.LeaderElection (LogUtils.java:infoOrTrace(149)) -   Exception 0: {}
java.util.concurrent.ExecutionException: org.apache.ratis.thirdparty.io.grpc.StatusRuntimeException: UNAVAILABLE: io exception
	at java.util.concurrent.FutureTask.report(FutureTask.java:122)
	at java.util.concurrent.FutureTask.get(FutureTask.java:192)
	at org.apache.ratis.server.impl.LeaderElection.waitForResults(LeaderElection.java:263)
	at org.apache.ratis.server.impl.LeaderElection.askForVotes(LeaderElection.java:201)
	at org.apache.ratis.server.impl.LeaderElection.run(LeaderElection.java:133)
	at java.lang.Thread.run(Thread.java:748)
Caused by: org.apache.ratis.thirdparty.io.grpc.StatusRuntimeException: UNAVAILABLE: io exception
	at org.apache.ratis.thirdparty.io.grpc.stub.ClientCalls.toStatusRuntimeException(ClientCalls.java:233)
	at org.apache.ratis.thirdparty.io.grpc.stub.ClientCalls.getUnchecked(ClientCalls.java:214)
	at org.apache.ratis.thirdparty.io.grpc.stub.ClientCalls.blockingUnaryCall(ClientCalls.java:139)
	at org.apache.ratis.proto.grpc.RaftServerProtocolServiceGrpc$RaftServerProtocolServiceBlockingStub.requestVote(RaftServerProtocolServiceGrpc.java:265)
	at org.apache.ratis.grpc.server.GrpcServerProtocolClient.requestVote(GrpcServerProtocolClient.java:90)
	at org.apache.ratis.grpc.server.GrpcService.requestVote(GrpcService.java:204)
	at org.apache.ratis.server.impl.LeaderElection.lambda$submitRequests$1(LeaderElection.java:238)
	at java.util.concurrent.FutureTask.run(FutureTask.java:266)
	at java.util.concurrent.Executors$RunnableAdapter.call(Executors.java:511)
	at java.util.concurrent.FutureTask.run(FutureTask.java:266)
	at java.util.concurrent.ThreadPoolExecutor.runWorker(ThreadPoolExecutor.java:1149)
	at java.util.concurrent.ThreadPoolExecutor$Worker.run(ThreadPoolExecutor.java:624)
	... 1 more
Caused by: org.apache.ratis.thirdparty.io.netty.channel.AbstractChannel$AnnotatedConnectException: Connection refused: /192.168.5.159:44598
	at sun.nio.ch.SocketChannelImpl.checkConnect(Native Method)
	at sun.nio.ch.SocketChannelImpl.finishConnect(SocketChannelImpl.java:717)
	at org.apache.ratis.thirdparty.io.netty.channel.socket.nio.NioSocketChannel.doFinishConnect(NioSocketChannel.java:327)
	at org.apache.ratis.thirdparty.io.netty.channel.nio.AbstractNioChannel$AbstractNioUnsafe.finishConnect(AbstractNioChannel.java:340)
	at org.apache.ratis.thirdparty.io.netty.channel.nio.NioEventLoop.processSelectedKey(NioEventLoop.java:632)
	at org.apache.ratis.thirdparty.io.netty.channel.nio.NioEventLoop.processSelectedKeysOptimized(NioEventLoop.java:579)
	at org.apache.ratis.thirdparty.io.netty.channel.nio.NioEventLoop.processSelectedKeys(NioEventLoop.java:496)
	at org.apache.ratis.thirdparty.io.netty.channel.nio.NioEventLoop.run(NioEventLoop.java:458)
	at org.apache.ratis.thirdparty.io.netty.util.concurrent.SingleThreadEventExecutor$5.run(SingleThreadEventExecutor.java:897)
	at org.apache.ratis.thirdparty.io.netty.util.concurrent.FastThreadLocalRunnable.run(FastThreadLocalRunnable.java:30)
	... 1 more
Caused by: java.net.ConnectException: Connection refused
	... 11 more
2019-10-14 14:42:39,362 [caa892f0-76ff-4c1e-b30f-b7c59842badc@group-EA752D978E74:LeaderElection50] INFO  impl.LeaderElection (LogUtils.java:infoOrTrace(149)) -   Exception 1: {}
java.util.concurrent.ExecutionException: org.apache.ratis.thirdparty.io.grpc.StatusRuntimeException: UNAVAILABLE: io exception
	at java.util.concurrent.FutureTask.report(FutureTask.java:122)
	at java.util.concurrent.FutureTask.get(FutureTask.java:192)
	at org.apache.ratis.server.impl.LeaderElection.waitForResults(LeaderElection.java:263)
	at org.apache.ratis.server.impl.LeaderElection.askForVotes(LeaderElection.java:201)
	at org.apache.ratis.server.impl.LeaderElection.run(LeaderElection.java:133)
	at java.lang.Thread.run(Thread.java:748)
Caused by: org.apache.ratis.thirdparty.io.grpc.StatusRuntimeException: UNAVAILABLE: io exception
	at org.apache.ratis.thirdparty.io.grpc.stub.ClientCalls.toStatusRuntimeException(ClientCalls.java:233)
	at org.apache.ratis.thirdparty.io.grpc.stub.ClientCalls.getUnchecked(ClientCalls.java:214)
	at org.apache.ratis.thirdparty.io.grpc.stub.ClientCalls.blockingUnaryCall(ClientCalls.java:139)
	at org.apache.ratis.proto.grpc.RaftServerProtocolServiceGrpc$RaftServerProtocolServiceBlockingStub.requestVote(RaftServerProtocolServiceGrpc.java:265)
	at org.apache.ratis.grpc.server.GrpcServerProtocolClient.requestVote(GrpcServerProtocolClient.java:90)
	at org.apache.ratis.grpc.server.GrpcService.requestVote(GrpcService.java:204)
	at org.apache.ratis.server.impl.LeaderElection.lambda$submitRequests$1(LeaderElection.java:238)
	at java.util.concurrent.FutureTask.run(FutureTask.java:266)
	at java.util.concurrent.Executors$RunnableAdapter.call(Executors.java:511)
	at java.util.concurrent.FutureTask.run(FutureTask.java:266)
	at java.util.concurrent.ThreadPoolExecutor.runWorker(ThreadPoolExecutor.java:1149)
	at java.util.concurrent.ThreadPoolExecutor$Worker.run(ThreadPoolExecutor.java:624)
	... 1 more
Caused by: org.apache.ratis.thirdparty.io.netty.channel.AbstractChannel$AnnotatedConnectException: Connection refused: /192.168.5.159:45599
	at sun.nio.ch.SocketChannelImpl.checkConnect(Native Method)
	at sun.nio.ch.SocketChannelImpl.finishConnect(SocketChannelImpl.java:717)
	at org.apache.ratis.thirdparty.io.netty.channel.socket.nio.NioSocketChannel.doFinishConnect(NioSocketChannel.java:327)
	at org.apache.ratis.thirdparty.io.netty.channel.nio.AbstractNioChannel$AbstractNioUnsafe.finishConnect(AbstractNioChannel.java:340)
	at org.apache.ratis.thirdparty.io.netty.channel.nio.NioEventLoop.processSelectedKey(NioEventLoop.java:632)
	at org.apache.ratis.thirdparty.io.netty.channel.nio.NioEventLoop.processSelectedKeysOptimized(NioEventLoop.java:579)
	at org.apache.ratis.thirdparty.io.netty.channel.nio.NioEventLoop.processSelectedKeys(NioEventLoop.java:496)
	at org.apache.ratis.thirdparty.io.netty.channel.nio.NioEventLoop.run(NioEventLoop.java:458)
	at org.apache.ratis.thirdparty.io.netty.util.concurrent.SingleThreadEventExecutor$5.run(SingleThreadEventExecutor.java:897)
	at org.apache.ratis.thirdparty.io.netty.util.concurrent.FastThreadLocalRunnable.run(FastThreadLocalRunnable.java:30)
	... 1 more
Caused by: java.net.ConnectException: Connection refused
	... 11 more
2019-10-14 14:42:39,362 [caa892f0-76ff-4c1e-b30f-b7c59842badc@group-EA752D978E74:LeaderElection50] INFO  impl.RaftServerImpl (RaftServerImpl.java:setRole(174)) - caa892f0-76ff-4c1e-b30f-b7c59842badc@group-EA752D978E74: changes role from CANDIDATE to FOLLOWER at term 7 for DISCOVERED_A_NEW_TERM
2019-10-14 14:42:39,362 [caa892f0-76ff-4c1e-b30f-b7c59842badc@group-EA752D978E74:LeaderElection50] INFO  impl.RoleInfo (RoleInfo.java:shutdownLeaderElection(134)) - caa892f0-76ff-4c1e-b30f-b7c59842badc: shutdown LeaderElection
2019-10-14 14:42:39,362 [caa892f0-76ff-4c1e-b30f-b7c59842badc@group-EA752D978E74:LeaderElection50] INFO  impl.RoleInfo (RoleInfo.java:updateAndGet(143)) - caa892f0-76ff-4c1e-b30f-b7c59842badc: start FollowerState
2019-10-14 14:42:39,385 [grpc-default-executor-8] WARN  server.GrpcLogAppender (LogUtils.java:warn(134)) - caa892f0-76ff-4c1e-b30f-b7c59842badc@group-026CFA11C8A1->f9748ec4-5d8a-4dfc-8690-85b8cdac3f5d-AppendLogResponseHandler: Failed appendEntries: org.apache.ratis.thirdparty.io.grpc.StatusRuntimeException: UNAVAILABLE: io exception
2019-10-14 14:42:39,385 [grpc-default-executor-8] INFO  impl.FollowerInfo (FollowerInfo.java:lambda$new$0(51)) - caa892f0-76ff-4c1e-b30f-b7c59842badc@group-026CFA11C8A1->f9748ec4-5d8a-4dfc-8690-85b8cdac3f5d: nextIndex: updateUnconditionally 0 -> 0
2019-10-14 14:42:39,424 [Thread-1043] INFO  impl.FollowerState (FollowerState.java:run(106)) - caa892f0-76ff-4c1e-b30f-b7c59842badc:group-E0B7C1D5C8D3 changes to CANDIDATE, lastRpcTime:1049, electionTimeout:1049ms
2019-10-14 14:42:39,425 [Thread-1043] INFO  impl.RoleInfo (RoleInfo.java:shutdownFollowerState(121)) - caa892f0-76ff-4c1e-b30f-b7c59842badc: shutdown FollowerState
2019-10-14 14:42:39,425 [Thread-1043] INFO  impl.RaftServerImpl (RaftServerImpl.java:setRole(174)) - caa892f0-76ff-4c1e-b30f-b7c59842badc@group-E0B7C1D5C8D3: changes role from  FOLLOWER to CANDIDATE at term 7 for changeToCandidate
2019-10-14 14:42:39,425 [Thread-1043] INFO  impl.RoleInfo (RoleInfo.java:updateAndGet(143)) - caa892f0-76ff-4c1e-b30f-b7c59842badc: start LeaderElection
2019-10-14 14:42:39,430 [caa892f0-76ff-4c1e-b30f-b7c59842badc@group-E0B7C1D5C8D3:LeaderElection51] INFO  impl.LeaderElection (LeaderElection.java:askForVotes(182)) - caa892f0-76ff-4c1e-b30f-b7c59842badc@group-E0B7C1D5C8D3:LeaderElection51: begin an election at term 8 for 0: [07a15819-e4fc-4072-82ac-b3e77a99d12a:192.168.5.159:45599, f9748ec4-5d8a-4dfc-8690-85b8cdac3f5d:192.168.5.159:44598, caa892f0-76ff-4c1e-b30f-b7c59842badc:192.168.5.159:39406], old=null
2019-10-14 14:42:39,432 [caa892f0-76ff-4c1e-b30f-b7c59842badc@group-E0B7C1D5C8D3:LeaderElection51] INFO  impl.LeaderElection (LogUtils.java:infoOrTrace(149)) - caa892f0-76ff-4c1e-b30f-b7c59842badc@group-E0B7C1D5C8D3:LeaderElection51 got exception when requesting votes: {}
java.util.concurrent.ExecutionException: org.apache.ratis.thirdparty.io.grpc.StatusRuntimeException: UNAVAILABLE: io exception
	at java.util.concurrent.FutureTask.report(FutureTask.java:122)
	at java.util.concurrent.FutureTask.get(FutureTask.java:192)
	at org.apache.ratis.server.impl.LeaderElection.waitForResults(LeaderElection.java:263)
	at org.apache.ratis.server.impl.LeaderElection.askForVotes(LeaderElection.java:201)
	at org.apache.ratis.server.impl.LeaderElection.run(LeaderElection.java:133)
	at java.lang.Thread.run(Thread.java:748)
Caused by: org.apache.ratis.thirdparty.io.grpc.StatusRuntimeException: UNAVAILABLE: io exception
	at org.apache.ratis.thirdparty.io.grpc.stub.ClientCalls.toStatusRuntimeException(ClientCalls.java:233)
	at org.apache.ratis.thirdparty.io.grpc.stub.ClientCalls.getUnchecked(ClientCalls.java:214)
	at org.apache.ratis.thirdparty.io.grpc.stub.ClientCalls.blockingUnaryCall(ClientCalls.java:139)
	at org.apache.ratis.proto.grpc.RaftServerProtocolServiceGrpc$RaftServerProtocolServiceBlockingStub.requestVote(RaftServerProtocolServiceGrpc.java:265)
	at org.apache.ratis.grpc.server.GrpcServerProtocolClient.requestVote(GrpcServerProtocolClient.java:90)
	at org.apache.ratis.grpc.server.GrpcService.requestVote(GrpcService.java:204)
	at org.apache.ratis.server.impl.LeaderElection.lambda$submitRequests$1(LeaderElection.java:238)
	at java.util.concurrent.FutureTask.run(FutureTask.java:266)
	at java.util.concurrent.Executors$RunnableAdapter.call(Executors.java:511)
	at java.util.concurrent.FutureTask.run(FutureTask.java:266)
	at java.util.concurrent.ThreadPoolExecutor.runWorker(ThreadPoolExecutor.java:1149)
	at java.util.concurrent.ThreadPoolExecutor$Worker.run(ThreadPoolExecutor.java:624)
	... 1 more
Caused by: org.apache.ratis.thirdparty.io.netty.channel.AbstractChannel$AnnotatedConnectException: Connection refused: /192.168.5.159:45599
	at sun.nio.ch.SocketChannelImpl.checkConnect(Native Method)
	at sun.nio.ch.SocketChannelImpl.finishConnect(SocketChannelImpl.java:717)
	at org.apache.ratis.thirdparty.io.netty.channel.socket.nio.NioSocketChannel.doFinishConnect(NioSocketChannel.java:327)
	at org.apache.ratis.thirdparty.io.netty.channel.nio.AbstractNioChannel$AbstractNioUnsafe.finishConnect(AbstractNioChannel.java:340)
	at org.apache.ratis.thirdparty.io.netty.channel.nio.NioEventLoop.processSelectedKey(NioEventLoop.java:632)
	at org.apache.ratis.thirdparty.io.netty.channel.nio.NioEventLoop.processSelectedKeysOptimized(NioEventLoop.java:579)
	at org.apache.ratis.thirdparty.io.netty.channel.nio.NioEventLoop.processSelectedKeys(NioEventLoop.java:496)
	at org.apache.ratis.thirdparty.io.netty.channel.nio.NioEventLoop.run(NioEventLoop.java:458)
	at org.apache.ratis.thirdparty.io.netty.util.concurrent.SingleThreadEventExecutor$5.run(SingleThreadEventExecutor.java:897)
	at org.apache.ratis.thirdparty.io.netty.util.concurrent.FastThreadLocalRunnable.run(FastThreadLocalRunnable.java:30)
	... 1 more
Caused by: java.net.ConnectException: Connection refused
	... 11 more
2019-10-14 14:42:39,436 [caa892f0-76ff-4c1e-b30f-b7c59842badc@group-E0B7C1D5C8D3:LeaderElection51] INFO  impl.LeaderElection (LogUtils.java:infoOrTrace(149)) - caa892f0-76ff-4c1e-b30f-b7c59842badc@group-E0B7C1D5C8D3:LeaderElection51 got exception when requesting votes: {}
java.util.concurrent.ExecutionException: org.apache.ratis.thirdparty.io.grpc.StatusRuntimeException: UNAVAILABLE: io exception
	at java.util.concurrent.FutureTask.report(FutureTask.java:122)
	at java.util.concurrent.FutureTask.get(FutureTask.java:192)
	at org.apache.ratis.server.impl.LeaderElection.waitForResults(LeaderElection.java:263)
	at org.apache.ratis.server.impl.LeaderElection.askForVotes(LeaderElection.java:201)
	at org.apache.ratis.server.impl.LeaderElection.run(LeaderElection.java:133)
	at java.lang.Thread.run(Thread.java:748)
Caused by: org.apache.ratis.thirdparty.io.grpc.StatusRuntimeException: UNAVAILABLE: io exception
	at org.apache.ratis.thirdparty.io.grpc.stub.ClientCalls.toStatusRuntimeException(ClientCalls.java:233)
	at org.apache.ratis.thirdparty.io.grpc.stub.ClientCalls.getUnchecked(ClientCalls.java:214)
	at org.apache.ratis.thirdparty.io.grpc.stub.ClientCalls.blockingUnaryCall(ClientCalls.java:139)
	at org.apache.ratis.proto.grpc.RaftServerProtocolServiceGrpc$RaftServerProtocolServiceBlockingStub.requestVote(RaftServerProtocolServiceGrpc.java:265)
	at org.apache.ratis.grpc.server.GrpcServerProtocolClient.requestVote(GrpcServerProtocolClient.java:90)
	at org.apache.ratis.grpc.server.GrpcService.requestVote(GrpcService.java:204)
	at org.apache.ratis.server.impl.LeaderElection.lambda$submitRequests$1(LeaderElection.java:238)
	at java.util.concurrent.FutureTask.run(FutureTask.java:266)
	at java.util.concurrent.Executors$RunnableAdapter.call(Executors.java:511)
	at java.util.concurrent.FutureTask.run(FutureTask.java:266)
	at java.util.concurrent.ThreadPoolExecutor.runWorker(ThreadPoolExecutor.java:1149)
	at java.util.concurrent.ThreadPoolExecutor$Worker.run(ThreadPoolExecutor.java:624)
	... 1 more
Caused by: org.apache.ratis.thirdparty.io.netty.channel.AbstractChannel$AnnotatedConnectException: Connection refused: /192.168.5.159:44598
	at sun.nio.ch.SocketChannelImpl.checkConnect(Native Method)
	at sun.nio.ch.SocketChannelImpl.finishConnect(SocketChannelImpl.java:717)
	at org.apache.ratis.thirdparty.io.netty.channel.socket.nio.NioSocketChannel.doFinishConnect(NioSocketChannel.java:327)
	at org.apache.ratis.thirdparty.io.netty.channel.nio.AbstractNioChannel$AbstractNioUnsafe.finishConnect(AbstractNioChannel.java:340)
	at org.apache.ratis.thirdparty.io.netty.channel.nio.NioEventLoop.processSelectedKey(NioEventLoop.java:632)
	at org.apache.ratis.thirdparty.io.netty.channel.nio.NioEventLoop.processSelectedKeysOptimized(NioEventLoop.java:579)
	at org.apache.ratis.thirdparty.io.netty.channel.nio.NioEventLoop.processSelectedKeys(NioEventLoop.java:496)
	at org.apache.ratis.thirdparty.io.netty.channel.nio.NioEventLoop.run(NioEventLoop.java:458)
	at org.apache.ratis.thirdparty.io.netty.util.concurrent.SingleThreadEventExecutor$5.run(SingleThreadEventExecutor.java:897)
	at org.apache.ratis.thirdparty.io.netty.util.concurrent.FastThreadLocalRunnable.run(FastThreadLocalRunnable.java:30)
	... 1 more
Caused by: java.net.ConnectException: Connection refused
	... 11 more
2019-10-14 14:42:39,438 [caa892f0-76ff-4c1e-b30f-b7c59842badc@group-E0B7C1D5C8D3:LeaderElection51] INFO  impl.LeaderElection (LeaderElection.java:logAndReturn(56)) - caa892f0-76ff-4c1e-b30f-b7c59842badc@group-E0B7C1D5C8D3:LeaderElection51: Election REJECTED; received 0 response(s) [] and 2 exception(s); caa892f0-76ff-4c1e-b30f-b7c59842badc@group-E0B7C1D5C8D3:t8, leader=null, voted=caa892f0-76ff-4c1e-b30f-b7c59842badc, raftlog=caa892f0-76ff-4c1e-b30f-b7c59842badc@group-E0B7C1D5C8D3-SegmentedRaftLog:OPENED:c0,f0,i0, conf=0: [07a15819-e4fc-4072-82ac-b3e77a99d12a:192.168.5.159:45599, f9748ec4-5d8a-4dfc-8690-85b8cdac3f5d:192.168.5.159:44598, caa892f0-76ff-4c1e-b30f-b7c59842badc:192.168.5.159:39406], old=null
2019-10-14 14:42:39,438 [caa892f0-76ff-4c1e-b30f-b7c59842badc@group-E0B7C1D5C8D3:LeaderElection51] INFO  impl.LeaderElection (LogUtils.java:infoOrTrace(149)) -   Exception 0: {}
java.util.concurrent.ExecutionException: org.apache.ratis.thirdparty.io.grpc.StatusRuntimeException: UNAVAILABLE: io exception
	at java.util.concurrent.FutureTask.report(FutureTask.java:122)
	at java.util.concurrent.FutureTask.get(FutureTask.java:192)
	at org.apache.ratis.server.impl.LeaderElection.waitForResults(LeaderElection.java:263)
	at org.apache.ratis.server.impl.LeaderElection.askForVotes(LeaderElection.java:201)
	at org.apache.ratis.server.impl.LeaderElection.run(LeaderElection.java:133)
	at java.lang.Thread.run(Thread.java:748)
Caused by: org.apache.ratis.thirdparty.io.grpc.StatusRuntimeException: UNAVAILABLE: io exception
	at org.apache.ratis.thirdparty.io.grpc.stub.ClientCalls.toStatusRuntimeException(ClientCalls.java:233)
	at org.apache.ratis.thirdparty.io.grpc.stub.ClientCalls.getUnchecked(ClientCalls.java:214)
	at org.apache.ratis.thirdparty.io.grpc.stub.ClientCalls.blockingUnaryCall(ClientCalls.java:139)
	at org.apache.ratis.proto.grpc.RaftServerProtocolServiceGrpc$RaftServerProtocolServiceBlockingStub.requestVote(RaftServerProtocolServiceGrpc.java:265)
	at org.apache.ratis.grpc.server.GrpcServerProtocolClient.requestVote(GrpcServerProtocolClient.java:90)
	at org.apache.ratis.grpc.server.GrpcService.requestVote(GrpcService.java:204)
	at org.apache.ratis.server.impl.LeaderElection.lambda$submitRequests$1(LeaderElection.java:238)
	at java.util.concurrent.FutureTask.run(FutureTask.java:266)
	at java.util.concurrent.Executors$RunnableAdapter.call(Executors.java:511)
	at java.util.concurrent.FutureTask.run(FutureTask.java:266)
	at java.util.concurrent.ThreadPoolExecutor.runWorker(ThreadPoolExecutor.java:1149)
	at java.util.concurrent.ThreadPoolExecutor$Worker.run(ThreadPoolExecutor.java:624)
	... 1 more
Caused by: org.apache.ratis.thirdparty.io.netty.channel.AbstractChannel$AnnotatedConnectException: Connection refused: /192.168.5.159:45599
	at sun.nio.ch.SocketChannelImpl.checkConnect(Native Method)
	at sun.nio.ch.SocketChannelImpl.finishConnect(SocketChannelImpl.java:717)
	at org.apache.ratis.thirdparty.io.netty.channel.socket.nio.NioSocketChannel.doFinishConnect(NioSocketChannel.java:327)
	at org.apache.ratis.thirdparty.io.netty.channel.nio.AbstractNioChannel$AbstractNioUnsafe.finishConnect(AbstractNioChannel.java:340)
	at org.apache.ratis.thirdparty.io.netty.channel.nio.NioEventLoop.processSelectedKey(NioEventLoop.java:632)
	at org.apache.ratis.thirdparty.io.netty.channel.nio.NioEventLoop.processSelectedKeysOptimized(NioEventLoop.java:579)
	at org.apache.ratis.thirdparty.io.netty.channel.nio.NioEventLoop.processSelectedKeys(NioEventLoop.java:496)
	at org.apache.ratis.thirdparty.io.netty.channel.nio.NioEventLoop.run(NioEventLoop.java:458)
	at org.apache.ratis.thirdparty.io.netty.util.concurrent.SingleThreadEventExecutor$5.run(SingleThreadEventExecutor.java:897)
	at org.apache.ratis.thirdparty.io.netty.util.concurrent.FastThreadLocalRunnable.run(FastThreadLocalRunnable.java:30)
	... 1 more
Caused by: java.net.ConnectException: Connection refused
	... 11 more
2019-10-14 14:42:39,439 [caa892f0-76ff-4c1e-b30f-b7c59842badc@group-E0B7C1D5C8D3:LeaderElection51] INFO  impl.LeaderElection (LogUtils.java:infoOrTrace(149)) -   Exception 1: {}
java.util.concurrent.ExecutionException: org.apache.ratis.thirdparty.io.grpc.StatusRuntimeException: UNAVAILABLE: io exception
	at java.util.concurrent.FutureTask.report(FutureTask.java:122)
	at java.util.concurrent.FutureTask.get(FutureTask.java:192)
	at org.apache.ratis.server.impl.LeaderElection.waitForResults(LeaderElection.java:263)
	at org.apache.ratis.server.impl.LeaderElection.askForVotes(LeaderElection.java:201)
	at org.apache.ratis.server.impl.LeaderElection.run(LeaderElection.java:133)
	at java.lang.Thread.run(Thread.java:748)
Caused by: org.apache.ratis.thirdparty.io.grpc.StatusRuntimeException: UNAVAILABLE: io exception
	at org.apache.ratis.thirdparty.io.grpc.stub.ClientCalls.toStatusRuntimeException(ClientCalls.java:233)
	at org.apache.ratis.thirdparty.io.grpc.stub.ClientCalls.getUnchecked(ClientCalls.java:214)
	at org.apache.ratis.thirdparty.io.grpc.stub.ClientCalls.blockingUnaryCall(ClientCalls.java:139)
	at org.apache.ratis.proto.grpc.RaftServerProtocolServiceGrpc$RaftServerProtocolServiceBlockingStub.requestVote(RaftServerProtocolServiceGrpc.java:265)
	at org.apache.ratis.grpc.server.GrpcServerProtocolClient.requestVote(GrpcServerProtocolClient.java:90)
	at org.apache.ratis.grpc.server.GrpcService.requestVote(GrpcService.java:204)
	at org.apache.ratis.server.impl.LeaderElection.lambda$submitRequests$1(LeaderElection.java:238)
	at java.util.concurrent.FutureTask.run(FutureTask.java:266)
	at java.util.concurrent.Executors$RunnableAdapter.call(Executors.java:511)
	at java.util.concurrent.FutureTask.run(FutureTask.java:266)
	at java.util.concurrent.ThreadPoolExecutor.runWorker(ThreadPoolExecutor.java:1149)
	at java.util.concurrent.ThreadPoolExecutor$Worker.run(ThreadPoolExecutor.java:624)
	... 1 more
Caused by: org.apache.ratis.thirdparty.io.netty.channel.AbstractChannel$AnnotatedConnectException: Connection refused: /192.168.5.159:44598
	at sun.nio.ch.SocketChannelImpl.checkConnect(Native Method)
	at sun.nio.ch.SocketChannelImpl.finishConnect(SocketChannelImpl.java:717)
	at org.apache.ratis.thirdparty.io.netty.channel.socket.nio.NioSocketChannel.doFinishConnect(NioSocketChannel.java:327)
	at org.apache.ratis.thirdparty.io.netty.channel.nio.AbstractNioChannel$AbstractNioUnsafe.finishConnect(AbstractNioChannel.java:340)
	at org.apache.ratis.thirdparty.io.netty.channel.nio.NioEventLoop.processSelectedKey(NioEventLoop.java:632)
	at org.apache.ratis.thirdparty.io.netty.channel.nio.NioEventLoop.processSelectedKeysOptimized(NioEventLoop.java:579)
	at org.apache.ratis.thirdparty.io.netty.channel.nio.NioEventLoop.processSelectedKeys(NioEventLoop.java:496)
	at org.apache.ratis.thirdparty.io.netty.channel.nio.NioEventLoop.run(NioEventLoop.java:458)
	at org.apache.ratis.thirdparty.io.netty.util.concurrent.SingleThreadEventExecutor$5.run(SingleThreadEventExecutor.java:897)
	at org.apache.ratis.thirdparty.io.netty.util.concurrent.FastThreadLocalRunnable.run(FastThreadLocalRunnable.java:30)
	... 1 more
Caused by: java.net.ConnectException: Connection refused
	... 11 more
2019-10-14 14:42:39,439 [caa892f0-76ff-4c1e-b30f-b7c59842badc@group-E0B7C1D5C8D3:LeaderElection51] INFO  impl.RaftServerImpl (RaftServerImpl.java:setRole(174)) - caa892f0-76ff-4c1e-b30f-b7c59842badc@group-E0B7C1D5C8D3: changes role from CANDIDATE to FOLLOWER at term 8 for DISCOVERED_A_NEW_TERM
2019-10-14 14:42:39,439 [caa892f0-76ff-4c1e-b30f-b7c59842badc@group-E0B7C1D5C8D3:LeaderElection51] INFO  impl.RoleInfo (RoleInfo.java:shutdownLeaderElection(134)) - caa892f0-76ff-4c1e-b30f-b7c59842badc: shutdown LeaderElection
2019-10-14 14:42:39,440 [caa892f0-76ff-4c1e-b30f-b7c59842badc@group-E0B7C1D5C8D3:LeaderElection51] INFO  impl.RoleInfo (RoleInfo.java:updateAndGet(143)) - caa892f0-76ff-4c1e-b30f-b7c59842badc: start FollowerState
2019-10-14 14:42:39,788 [grpc-default-executor-9] WARN  server.GrpcLogAppender (LogUtils.java:warn(134)) - caa892f0-76ff-4c1e-b30f-b7c59842badc@group-382452901537->07a15819-e4fc-4072-82ac-b3e77a99d12a-AppendLogResponseHandler: Failed appendEntries: org.apache.ratis.thirdparty.io.grpc.StatusRuntimeException: UNAVAILABLE: io exception
2019-10-14 14:42:39,789 [grpc-default-executor-9] INFO  impl.FollowerInfo (FollowerInfo.java:lambda$new$0(51)) - caa892f0-76ff-4c1e-b30f-b7c59842badc@group-382452901537->07a15819-e4fc-4072-82ac-b3e77a99d12a: nextIndex: updateUnconditionally 0 -> 0
2019-10-14 14:42:39,822 [grpc-default-executor-9] WARN  server.GrpcLogAppender (LogUtils.java:warn(134)) - caa892f0-76ff-4c1e-b30f-b7c59842badc@group-382452901537->f9748ec4-5d8a-4dfc-8690-85b8cdac3f5d-AppendLogResponseHandler: Failed appendEntries: org.apache.ratis.thirdparty.io.grpc.StatusRuntimeException: UNAVAILABLE: io exception
2019-10-14 14:42:39,822 [grpc-default-executor-9] INFO  impl.FollowerInfo (FollowerInfo.java:lambda$new$0(51)) - caa892f0-76ff-4c1e-b30f-b7c59842badc@group-382452901537->f9748ec4-5d8a-4dfc-8690-85b8cdac3f5d: nextIndex: updateUnconditionally 0 -> 0
2019-10-14 14:42:39,837 [grpc-default-executor-9] WARN  server.GrpcLogAppender (LogUtils.java:warn(134)) - caa892f0-76ff-4c1e-b30f-b7c59842badc@group-026CFA11C8A1->07a15819-e4fc-4072-82ac-b3e77a99d12a-AppendLogResponseHandler: Failed appendEntries: org.apache.ratis.thirdparty.io.grpc.StatusRuntimeException: UNAVAILABLE: io exception
2019-10-14 14:42:39,837 [grpc-default-executor-9] INFO  impl.FollowerInfo (FollowerInfo.java:lambda$new$0(51)) - caa892f0-76ff-4c1e-b30f-b7c59842badc@group-026CFA11C8A1->07a15819-e4fc-4072-82ac-b3e77a99d12a: nextIndex: updateUnconditionally 0 -> 0
2019-10-14 14:42:39,887 [grpc-default-executor-9] WARN  server.GrpcLogAppender (LogUtils.java:warn(134)) - caa892f0-76ff-4c1e-b30f-b7c59842badc@group-026CFA11C8A1->f9748ec4-5d8a-4dfc-8690-85b8cdac3f5d-AppendLogResponseHandler: Failed appendEntries: org.apache.ratis.thirdparty.io.grpc.StatusRuntimeException: UNAVAILABLE: io exception
2019-10-14 14:42:39,887 [grpc-default-executor-9] INFO  impl.FollowerInfo (FollowerInfo.java:lambda$new$0(51)) - caa892f0-76ff-4c1e-b30f-b7c59842badc@group-026CFA11C8A1->f9748ec4-5d8a-4dfc-8690-85b8cdac3f5d: nextIndex: updateUnconditionally 0 -> 0
2019-10-14 14:42:40,291 [grpc-default-executor-7] WARN  server.GrpcLogAppender (LogUtils.java:warn(134)) - caa892f0-76ff-4c1e-b30f-b7c59842badc@group-382452901537->07a15819-e4fc-4072-82ac-b3e77a99d12a-AppendLogResponseHandler: Failed appendEntries: org.apache.ratis.thirdparty.io.grpc.StatusRuntimeException: UNAVAILABLE: io exception
2019-10-14 14:42:40,291 [grpc-default-executor-7] INFO  impl.FollowerInfo (FollowerInfo.java:lambda$new$0(51)) - caa892f0-76ff-4c1e-b30f-b7c59842badc@group-382452901537->07a15819-e4fc-4072-82ac-b3e77a99d12a: nextIndex: updateUnconditionally 0 -> 0
2019-10-14 14:42:40,324 [grpc-default-executor-8] WARN  server.GrpcLogAppender (LogUtils.java:warn(134)) - caa892f0-76ff-4c1e-b30f-b7c59842badc@group-382452901537->f9748ec4-5d8a-4dfc-8690-85b8cdac3f5d-AppendLogResponseHandler: Failed appendEntries: org.apache.ratis.thirdparty.io.grpc.StatusRuntimeException: UNAVAILABLE: io exception
2019-10-14 14:42:40,325 [grpc-default-executor-8] INFO  impl.FollowerInfo (FollowerInfo.java:lambda$new$0(51)) - caa892f0-76ff-4c1e-b30f-b7c59842badc@group-382452901537->f9748ec4-5d8a-4dfc-8690-85b8cdac3f5d: nextIndex: updateUnconditionally 0 -> 0
2019-10-14 14:42:40,338 [grpc-default-executor-9] WARN  server.GrpcLogAppender (LogUtils.java:warn(134)) - caa892f0-76ff-4c1e-b30f-b7c59842badc@group-026CFA11C8A1->07a15819-e4fc-4072-82ac-b3e77a99d12a-AppendLogResponseHandler: Failed appendEntries: org.apache.ratis.thirdparty.io.grpc.StatusRuntimeException: UNAVAILABLE: io exception
2019-10-14 14:42:40,338 [grpc-default-executor-9] INFO  impl.FollowerInfo (FollowerInfo.java:lambda$new$0(51)) - caa892f0-76ff-4c1e-b30f-b7c59842badc@group-026CFA11C8A1->07a15819-e4fc-4072-82ac-b3e77a99d12a: nextIndex: updateUnconditionally 0 -> 0
2019-10-14 14:42:40,367 [Thread-1061] INFO  impl.FollowerState (FollowerState.java:run(106)) - caa892f0-76ff-4c1e-b30f-b7c59842badc:group-EA752D978E74 changes to CANDIDATE, lastRpcTime:1004, electionTimeout:1004ms
2019-10-14 14:42:40,367 [Thread-1061] INFO  impl.RoleInfo (RoleInfo.java:shutdownFollowerState(121)) - caa892f0-76ff-4c1e-b30f-b7c59842badc: shutdown FollowerState
2019-10-14 14:42:40,367 [Thread-1061] INFO  impl.RaftServerImpl (RaftServerImpl.java:setRole(174)) - caa892f0-76ff-4c1e-b30f-b7c59842badc@group-EA752D978E74: changes role from  FOLLOWER to CANDIDATE at term 7 for changeToCandidate
2019-10-14 14:42:40,367 [Thread-1061] INFO  impl.RoleInfo (RoleInfo.java:updateAndGet(143)) - caa892f0-76ff-4c1e-b30f-b7c59842badc: start LeaderElection
2019-10-14 14:42:40,380 [caa892f0-76ff-4c1e-b30f-b7c59842badc@group-EA752D978E74:LeaderElection52] INFO  impl.LeaderElection (LeaderElection.java:askForVotes(182)) - caa892f0-76ff-4c1e-b30f-b7c59842badc@group-EA752D978E74:LeaderElection52: begin an election at term 8 for 0: [07a15819-e4fc-4072-82ac-b3e77a99d12a:192.168.5.159:45599, f9748ec4-5d8a-4dfc-8690-85b8cdac3f5d:192.168.5.159:44598, caa892f0-76ff-4c1e-b30f-b7c59842badc:192.168.5.159:39406], old=null
2019-10-14 14:42:40,382 [caa892f0-76ff-4c1e-b30f-b7c59842badc@group-EA752D978E74:LeaderElection52] INFO  impl.LeaderElection (LogUtils.java:infoOrTrace(149)) - caa892f0-76ff-4c1e-b30f-b7c59842badc@group-EA752D978E74:LeaderElection52 got exception when requesting votes: {}
java.util.concurrent.ExecutionException: org.apache.ratis.thirdparty.io.grpc.StatusRuntimeException: UNAVAILABLE: io exception
	at java.util.concurrent.FutureTask.report(FutureTask.java:122)
	at java.util.concurrent.FutureTask.get(FutureTask.java:192)
	at org.apache.ratis.server.impl.LeaderElection.waitForResults(LeaderElection.java:263)
	at org.apache.ratis.server.impl.LeaderElection.askForVotes(LeaderElection.java:201)
	at org.apache.ratis.server.impl.LeaderElection.run(LeaderElection.java:133)
	at java.lang.Thread.run(Thread.java:748)
Caused by: org.apache.ratis.thirdparty.io.grpc.StatusRuntimeException: UNAVAILABLE: io exception
	at org.apache.ratis.thirdparty.io.grpc.stub.ClientCalls.toStatusRuntimeException(ClientCalls.java:233)
	at org.apache.ratis.thirdparty.io.grpc.stub.ClientCalls.getUnchecked(ClientCalls.java:214)
	at org.apache.ratis.thirdparty.io.grpc.stub.ClientCalls.blockingUnaryCall(ClientCalls.java:139)
	at org.apache.ratis.proto.grpc.RaftServerProtocolServiceGrpc$RaftServerProtocolServiceBlockingStub.requestVote(RaftServerProtocolServiceGrpc.java:265)
	at org.apache.ratis.grpc.server.GrpcServerProtocolClient.requestVote(GrpcServerProtocolClient.java:90)
	at org.apache.ratis.grpc.server.GrpcService.requestVote(GrpcService.java:204)
	at org.apache.ratis.server.impl.LeaderElection.lambda$submitRequests$1(LeaderElection.java:238)
	at java.util.concurrent.FutureTask.run(FutureTask.java:266)
	at java.util.concurrent.Executors$RunnableAdapter.call(Executors.java:511)
	at java.util.concurrent.FutureTask.run(FutureTask.java:266)
	at java.util.concurrent.ThreadPoolExecutor.runWorker(ThreadPoolExecutor.java:1149)
	at java.util.concurrent.ThreadPoolExecutor$Worker.run(ThreadPoolExecutor.java:624)
	... 1 more
Caused by: org.apache.ratis.thirdparty.io.netty.channel.AbstractChannel$AnnotatedConnectException: Connection refused: /192.168.5.159:44598
	at sun.nio.ch.SocketChannelImpl.checkConnect(Native Method)
	at sun.nio.ch.SocketChannelImpl.finishConnect(SocketChannelImpl.java:717)
	at org.apache.ratis.thirdparty.io.netty.channel.socket.nio.NioSocketChannel.doFinishConnect(NioSocketChannel.java:327)
	at org.apache.ratis.thirdparty.io.netty.channel.nio.AbstractNioChannel$AbstractNioUnsafe.finishConnect(AbstractNioChannel.java:340)
	at org.apache.ratis.thirdparty.io.netty.channel.nio.NioEventLoop.processSelectedKey(NioEventLoop.java:632)
	at org.apache.ratis.thirdparty.io.netty.channel.nio.NioEventLoop.processSelectedKeysOptimized(NioEventLoop.java:579)
	at org.apache.ratis.thirdparty.io.netty.channel.nio.NioEventLoop.processSelectedKeys(NioEventLoop.java:496)
	at org.apache.ratis.thirdparty.io.netty.channel.nio.NioEventLoop.run(NioEventLoop.java:458)
	at org.apache.ratis.thirdparty.io.netty.util.concurrent.SingleThreadEventExecutor$5.run(SingleThreadEventExecutor.java:897)
	at org.apache.ratis.thirdparty.io.netty.util.concurrent.FastThreadLocalRunnable.run(FastThreadLocalRunnable.java:30)
	... 1 more
Caused by: java.net.ConnectException: Connection refused
	... 11 more
2019-10-14 14:42:40,386 [grpc-default-executor-8] WARN  server.GrpcLogAppender (LogUtils.java:warn(134)) - caa892f0-76ff-4c1e-b30f-b7c59842badc@group-026CFA11C8A1->f9748ec4-5d8a-4dfc-8690-85b8cdac3f5d-AppendLogResponseHandler: Failed appendEntries: org.apache.ratis.thirdparty.io.grpc.StatusRuntimeException: UNAVAILABLE: io exception
2019-10-14 14:42:40,386 [caa892f0-76ff-4c1e-b30f-b7c59842badc@group-EA752D978E74:LeaderElection52] INFO  impl.LeaderElection (LogUtils.java:infoOrTrace(149)) - caa892f0-76ff-4c1e-b30f-b7c59842badc@group-EA752D978E74:LeaderElection52 got exception when requesting votes: {}
java.util.concurrent.ExecutionException: org.apache.ratis.thirdparty.io.grpc.StatusRuntimeException: UNAVAILABLE: io exception
	at java.util.concurrent.FutureTask.report(FutureTask.java:122)
	at java.util.concurrent.FutureTask.get(FutureTask.java:192)
	at org.apache.ratis.server.impl.LeaderElection.waitForResults(LeaderElection.java:263)
	at org.apache.ratis.server.impl.LeaderElection.askForVotes(LeaderElection.java:201)
	at org.apache.ratis.server.impl.LeaderElection.run(LeaderElection.java:133)
	at java.lang.Thread.run(Thread.java:748)
Caused by: org.apache.ratis.thirdparty.io.grpc.StatusRuntimeException: UNAVAILABLE: io exception
	at org.apache.ratis.thirdparty.io.grpc.stub.ClientCalls.toStatusRuntimeException(ClientCalls.java:233)
	at org.apache.ratis.thirdparty.io.grpc.stub.ClientCalls.getUnchecked(ClientCalls.java:214)
	at org.apache.ratis.thirdparty.io.grpc.stub.ClientCalls.blockingUnaryCall(ClientCalls.java:139)
	at org.apache.ratis.proto.grpc.RaftServerProtocolServiceGrpc$RaftServerProtocolServiceBlockingStub.requestVote(RaftServerProtocolServiceGrpc.java:265)
	at org.apache.ratis.grpc.server.GrpcServerProtocolClient.requestVote(GrpcServerProtocolClient.java:90)
	at org.apache.ratis.grpc.server.GrpcService.requestVote(GrpcService.java:204)
	at org.apache.ratis.server.impl.LeaderElection.lambda$submitRequests$1(LeaderElection.java:238)
	at java.util.concurrent.FutureTask.run(FutureTask.java:266)
	at java.util.concurrent.Executors$RunnableAdapter.call(Executors.java:511)
	at java.util.concurrent.FutureTask.run(FutureTask.java:266)
	at java.util.concurrent.ThreadPoolExecutor.runWorker(ThreadPoolExecutor.java:1149)
	at java.util.concurrent.ThreadPoolExecutor$Worker.run(ThreadPoolExecutor.java:624)
	... 1 more
Caused by: org.apache.ratis.thirdparty.io.netty.channel.AbstractChannel$AnnotatedConnectException: Connection refused: /192.168.5.159:45599
	at sun.nio.ch.SocketChannelImpl.checkConnect(Native Method)
	at sun.nio.ch.SocketChannelImpl.finishConnect(SocketChannelImpl.java:717)
	at org.apache.ratis.thirdparty.io.netty.channel.socket.nio.NioSocketChannel.doFinishConnect(NioSocketChannel.java:327)
	at org.apache.ratis.thirdparty.io.netty.channel.nio.AbstractNioChannel$AbstractNioUnsafe.finishConnect(AbstractNioChannel.java:340)
	at org.apache.ratis.thirdparty.io.netty.channel.nio.NioEventLoop.processSelectedKey(NioEventLoop.java:632)
	at org.apache.ratis.thirdparty.io.netty.channel.nio.NioEventLoop.processSelectedKeysOptimized(NioEventLoop.java:579)
	at org.apache.ratis.thirdparty.io.netty.channel.nio.NioEventLoop.processSelectedKeys(NioEventLoop.java:496)
	at org.apache.ratis.thirdparty.io.netty.channel.nio.NioEventLoop.run(NioEventLoop.java:458)
	at org.apache.ratis.thirdparty.io.netty.util.concurrent.SingleThreadEventExecutor$5.run(SingleThreadEventExecutor.java:897)
	at org.apache.ratis.thirdparty.io.netty.util.concurrent.FastThreadLocalRunnable.run(FastThreadLocalRunnable.java:30)
	... 1 more
Caused by: java.net.ConnectException: Connection refused
	... 11 more
2019-10-14 14:42:40,386 [grpc-default-executor-8] INFO  impl.FollowerInfo (FollowerInfo.java:lambda$new$0(51)) - caa892f0-76ff-4c1e-b30f-b7c59842badc@group-026CFA11C8A1->f9748ec4-5d8a-4dfc-8690-85b8cdac3f5d: nextIndex: updateUnconditionally 0 -> 0
2019-10-14 14:42:40,399 [caa892f0-76ff-4c1e-b30f-b7c59842badc@group-EA752D978E74:LeaderElection52] INFO  impl.LeaderElection (LeaderElection.java:logAndReturn(56)) - caa892f0-76ff-4c1e-b30f-b7c59842badc@group-EA752D978E74:LeaderElection52: Election REJECTED; received 0 response(s) [] and 2 exception(s); caa892f0-76ff-4c1e-b30f-b7c59842badc@group-EA752D978E74:t8, leader=null, voted=caa892f0-76ff-4c1e-b30f-b7c59842badc, raftlog=caa892f0-76ff-4c1e-b30f-b7c59842badc@group-EA752D978E74-SegmentedRaftLog:OPENED:c16,f16,i16, conf=0: [07a15819-e4fc-4072-82ac-b3e77a99d12a:192.168.5.159:45599, f9748ec4-5d8a-4dfc-8690-85b8cdac3f5d:192.168.5.159:44598, caa892f0-76ff-4c1e-b30f-b7c59842badc:192.168.5.159:39406], old=null
2019-10-14 14:42:40,399 [caa892f0-76ff-4c1e-b30f-b7c59842badc@group-EA752D978E74:LeaderElection52] INFO  impl.LeaderElection (LogUtils.java:infoOrTrace(149)) -   Exception 0: {}
java.util.concurrent.ExecutionException: org.apache.ratis.thirdparty.io.grpc.StatusRuntimeException: UNAVAILABLE: io exception
	at java.util.concurrent.FutureTask.report(FutureTask.java:122)
	at java.util.concurrent.FutureTask.get(FutureTask.java:192)
	at org.apache.ratis.server.impl.LeaderElection.waitForResults(LeaderElection.java:263)
	at org.apache.ratis.server.impl.LeaderElection.askForVotes(LeaderElection.java:201)
	at org.apache.ratis.server.impl.LeaderElection.run(LeaderElection.java:133)
	at java.lang.Thread.run(Thread.java:748)
Caused by: org.apache.ratis.thirdparty.io.grpc.StatusRuntimeException: UNAVAILABLE: io exception
	at org.apache.ratis.thirdparty.io.grpc.stub.ClientCalls.toStatusRuntimeException(ClientCalls.java:233)
	at org.apache.ratis.thirdparty.io.grpc.stub.ClientCalls.getUnchecked(ClientCalls.java:214)
	at org.apache.ratis.thirdparty.io.grpc.stub.ClientCalls.blockingUnaryCall(ClientCalls.java:139)
	at org.apache.ratis.proto.grpc.RaftServerProtocolServiceGrpc$RaftServerProtocolServiceBlockingStub.requestVote(RaftServerProtocolServiceGrpc.java:265)
	at org.apache.ratis.grpc.server.GrpcServerProtocolClient.requestVote(GrpcServerProtocolClient.java:90)
	at org.apache.ratis.grpc.server.GrpcService.requestVote(GrpcService.java:204)
	at org.apache.ratis.server.impl.LeaderElection.lambda$submitRequests$1(LeaderElection.java:238)
	at java.util.concurrent.FutureTask.run(FutureTask.java:266)
	at java.util.concurrent.Executors$RunnableAdapter.call(Executors.java:511)
	at java.util.concurrent.FutureTask.run(FutureTask.java:266)
	at java.util.concurrent.ThreadPoolExecutor.runWorker(ThreadPoolExecutor.java:1149)
	at java.util.concurrent.ThreadPoolExecutor$Worker.run(ThreadPoolExecutor.java:624)
	... 1 more
Caused by: org.apache.ratis.thirdparty.io.netty.channel.AbstractChannel$AnnotatedConnectException: Connection refused: /192.168.5.159:44598
	at sun.nio.ch.SocketChannelImpl.checkConnect(Native Method)
	at sun.nio.ch.SocketChannelImpl.finishConnect(SocketChannelImpl.java:717)
	at org.apache.ratis.thirdparty.io.netty.channel.socket.nio.NioSocketChannel.doFinishConnect(NioSocketChannel.java:327)
	at org.apache.ratis.thirdparty.io.netty.channel.nio.AbstractNioChannel$AbstractNioUnsafe.finishConnect(AbstractNioChannel.java:340)
	at org.apache.ratis.thirdparty.io.netty.channel.nio.NioEventLoop.processSelectedKey(NioEventLoop.java:632)
	at org.apache.ratis.thirdparty.io.netty.channel.nio.NioEventLoop.processSelectedKeysOptimized(NioEventLoop.java:579)
	at org.apache.ratis.thirdparty.io.netty.channel.nio.NioEventLoop.processSelectedKeys(NioEventLoop.java:496)
	at org.apache.ratis.thirdparty.io.netty.channel.nio.NioEventLoop.run(NioEventLoop.java:458)
	at org.apache.ratis.thirdparty.io.netty.util.concurrent.SingleThreadEventExecutor$5.run(SingleThreadEventExecutor.java:897)
	at org.apache.ratis.thirdparty.io.netty.util.concurrent.FastThreadLocalRunnable.run(FastThreadLocalRunnable.java:30)
	... 1 more
Caused by: java.net.ConnectException: Connection refused
	... 11 more
2019-10-14 14:42:40,400 [caa892f0-76ff-4c1e-b30f-b7c59842badc@group-EA752D978E74:LeaderElection52] INFO  impl.LeaderElection (LogUtils.java:infoOrTrace(149)) -   Exception 1: {}
java.util.concurrent.ExecutionException: org.apache.ratis.thirdparty.io.grpc.StatusRuntimeException: UNAVAILABLE: io exception
	at java.util.concurrent.FutureTask.report(FutureTask.java:122)
	at java.util.concurrent.FutureTask.get(FutureTask.java:192)
	at org.apache.ratis.server.impl.LeaderElection.waitForResults(LeaderElection.java:263)
	at org.apache.ratis.server.impl.LeaderElection.askForVotes(LeaderElection.java:201)
	at org.apache.ratis.server.impl.LeaderElection.run(LeaderElection.java:133)
	at java.lang.Thread.run(Thread.java:748)
Caused by: org.apache.ratis.thirdparty.io.grpc.StatusRuntimeException: UNAVAILABLE: io exception
	at org.apache.ratis.thirdparty.io.grpc.stub.ClientCalls.toStatusRuntimeException(ClientCalls.java:233)
	at org.apache.ratis.thirdparty.io.grpc.stub.ClientCalls.getUnchecked(ClientCalls.java:214)
	at org.apache.ratis.thirdparty.io.grpc.stub.ClientCalls.blockingUnaryCall(ClientCalls.java:139)
	at org.apache.ratis.proto.grpc.RaftServerProtocolServiceGrpc$RaftServerProtocolServiceBlockingStub.requestVote(RaftServerProtocolServiceGrpc.java:265)
	at org.apache.ratis.grpc.server.GrpcServerProtocolClient.requestVote(GrpcServerProtocolClient.java:90)
	at org.apache.ratis.grpc.server.GrpcService.requestVote(GrpcService.java:204)
	at org.apache.ratis.server.impl.LeaderElection.lambda$submitRequests$1(LeaderElection.java:238)
	at java.util.concurrent.FutureTask.run(FutureTask.java:266)
	at java.util.concurrent.Executors$RunnableAdapter.call(Executors.java:511)
	at java.util.concurrent.FutureTask.run(FutureTask.java:266)
	at java.util.concurrent.ThreadPoolExecutor.runWorker(ThreadPoolExecutor.java:1149)
	at java.util.concurrent.ThreadPoolExecutor$Worker.run(ThreadPoolExecutor.java:624)
	... 1 more
Caused by: org.apache.ratis.thirdparty.io.netty.channel.AbstractChannel$AnnotatedConnectException: Connection refused: /192.168.5.159:45599
	at sun.nio.ch.SocketChannelImpl.checkConnect(Native Method)
	at sun.nio.ch.SocketChannelImpl.finishConnect(SocketChannelImpl.java:717)
	at org.apache.ratis.thirdparty.io.netty.channel.socket.nio.NioSocketChannel.doFinishConnect(NioSocketChannel.java:327)
	at org.apache.ratis.thirdparty.io.netty.channel.nio.AbstractNioChannel$AbstractNioUnsafe.finishConnect(AbstractNioChannel.java:340)
	at org.apache.ratis.thirdparty.io.netty.channel.nio.NioEventLoop.processSelectedKey(NioEventLoop.java:632)
	at org.apache.ratis.thirdparty.io.netty.channel.nio.NioEventLoop.processSelectedKeysOptimized(NioEventLoop.java:579)
	at org.apache.ratis.thirdparty.io.netty.channel.nio.NioEventLoop.processSelectedKeys(NioEventLoop.java:496)
	at org.apache.ratis.thirdparty.io.netty.channel.nio.NioEventLoop.run(NioEventLoop.java:458)
	at org.apache.ratis.thirdparty.io.netty.util.concurrent.SingleThreadEventExecutor$5.run(SingleThreadEventExecutor.java:897)
	at org.apache.ratis.thirdparty.io.netty.util.concurrent.FastThreadLocalRunnable.run(FastThreadLocalRunnable.java:30)
	... 1 more
Caused by: java.net.ConnectException: Connection refused
	... 11 more
2019-10-14 14:42:40,400 [caa892f0-76ff-4c1e-b30f-b7c59842badc@group-EA752D978E74:LeaderElection52] INFO  impl.RaftServerImpl (RaftServerImpl.java:setRole(174)) - caa892f0-76ff-4c1e-b30f-b7c59842badc@group-EA752D978E74: changes role from CANDIDATE to FOLLOWER at term 8 for DISCOVERED_A_NEW_TERM
2019-10-14 14:42:40,401 [caa892f0-76ff-4c1e-b30f-b7c59842badc@group-EA752D978E74:LeaderElection52] INFO  impl.RoleInfo (RoleInfo.java:shutdownLeaderElection(134)) - caa892f0-76ff-4c1e-b30f-b7c59842badc: shutdown LeaderElection
2019-10-14 14:42:40,401 [caa892f0-76ff-4c1e-b30f-b7c59842badc@group-EA752D978E74:LeaderElection52] INFO  impl.RoleInfo (RoleInfo.java:updateAndGet(143)) - caa892f0-76ff-4c1e-b30f-b7c59842badc: start FollowerState
2019-10-14 14:42:40,514 [Thread-1073] INFO  impl.FollowerState (FollowerState.java:run(106)) - caa892f0-76ff-4c1e-b30f-b7c59842badc:group-E0B7C1D5C8D3 changes to CANDIDATE, lastRpcTime:1074, electionTimeout:1074ms
2019-10-14 14:42:40,514 [Thread-1073] INFO  impl.RoleInfo (RoleInfo.java:shutdownFollowerState(121)) - caa892f0-76ff-4c1e-b30f-b7c59842badc: shutdown FollowerState
2019-10-14 14:42:40,514 [Thread-1073] INFO  impl.RaftServerImpl (RaftServerImpl.java:setRole(174)) - caa892f0-76ff-4c1e-b30f-b7c59842badc@group-E0B7C1D5C8D3: changes role from  FOLLOWER to CANDIDATE at term 8 for changeToCandidate
2019-10-14 14:42:40,515 [Thread-1073] INFO  impl.RoleInfo (RoleInfo.java:updateAndGet(143)) - caa892f0-76ff-4c1e-b30f-b7c59842badc: start LeaderElection
2019-10-14 14:42:40,529 [caa892f0-76ff-4c1e-b30f-b7c59842badc@group-E0B7C1D5C8D3:LeaderElection53] INFO  impl.LeaderElection (LeaderElection.java:askForVotes(182)) - caa892f0-76ff-4c1e-b30f-b7c59842badc@group-E0B7C1D5C8D3:LeaderElection53: begin an election at term 9 for 0: [07a15819-e4fc-4072-82ac-b3e77a99d12a:192.168.5.159:45599, f9748ec4-5d8a-4dfc-8690-85b8cdac3f5d:192.168.5.159:44598, caa892f0-76ff-4c1e-b30f-b7c59842badc:192.168.5.159:39406], old=null
2019-10-14 14:42:40,534 [caa892f0-76ff-4c1e-b30f-b7c59842badc@group-E0B7C1D5C8D3:LeaderElection53] INFO  impl.LeaderElection (LogUtils.java:infoOrTrace(149)) - caa892f0-76ff-4c1e-b30f-b7c59842badc@group-E0B7C1D5C8D3:LeaderElection53 got exception when requesting votes: {}
java.util.concurrent.ExecutionException: org.apache.ratis.thirdparty.io.grpc.StatusRuntimeException: UNAVAILABLE: io exception
	at java.util.concurrent.FutureTask.report(FutureTask.java:122)
	at java.util.concurrent.FutureTask.get(FutureTask.java:192)
	at org.apache.ratis.server.impl.LeaderElection.waitForResults(LeaderElection.java:263)
	at org.apache.ratis.server.impl.LeaderElection.askForVotes(LeaderElection.java:201)
	at org.apache.ratis.server.impl.LeaderElection.run(LeaderElection.java:133)
	at java.lang.Thread.run(Thread.java:748)
Caused by: org.apache.ratis.thirdparty.io.grpc.StatusRuntimeException: UNAVAILABLE: io exception
	at org.apache.ratis.thirdparty.io.grpc.stub.ClientCalls.toStatusRuntimeException(ClientCalls.java:233)
	at org.apache.ratis.thirdparty.io.grpc.stub.ClientCalls.getUnchecked(ClientCalls.java:214)
	at org.apache.ratis.thirdparty.io.grpc.stub.ClientCalls.blockingUnaryCall(ClientCalls.java:139)
	at org.apache.ratis.proto.grpc.RaftServerProtocolServiceGrpc$RaftServerProtocolServiceBlockingStub.requestVote(RaftServerProtocolServiceGrpc.java:265)
	at org.apache.ratis.grpc.server.GrpcServerProtocolClient.requestVote(GrpcServerProtocolClient.java:90)
	at org.apache.ratis.grpc.server.GrpcService.requestVote(GrpcService.java:204)
	at org.apache.ratis.server.impl.LeaderElection.lambda$submitRequests$1(LeaderElection.java:238)
	at java.util.concurrent.FutureTask.run(FutureTask.java:266)
	at java.util.concurrent.Executors$RunnableAdapter.call(Executors.java:511)
	at java.util.concurrent.FutureTask.run(FutureTask.java:266)
	at java.util.concurrent.ThreadPoolExecutor.runWorker(ThreadPoolExecutor.java:1149)
	at java.util.concurrent.ThreadPoolExecutor$Worker.run(ThreadPoolExecutor.java:624)
	... 1 more
Caused by: org.apache.ratis.thirdparty.io.netty.channel.AbstractChannel$AnnotatedConnectException: Connection refused: /192.168.5.159:45599
	at sun.nio.ch.SocketChannelImpl.checkConnect(Native Method)
	at sun.nio.ch.SocketChannelImpl.finishConnect(SocketChannelImpl.java:717)
	at org.apache.ratis.thirdparty.io.netty.channel.socket.nio.NioSocketChannel.doFinishConnect(NioSocketChannel.java:327)
	at org.apache.ratis.thirdparty.io.netty.channel.nio.AbstractNioChannel$AbstractNioUnsafe.finishConnect(AbstractNioChannel.java:340)
	at org.apache.ratis.thirdparty.io.netty.channel.nio.NioEventLoop.processSelectedKey(NioEventLoop.java:632)
	at org.apache.ratis.thirdparty.io.netty.channel.nio.NioEventLoop.processSelectedKeysOptimized(NioEventLoop.java:579)
	at org.apache.ratis.thirdparty.io.netty.channel.nio.NioEventLoop.processSelectedKeys(NioEventLoop.java:496)
	at org.apache.ratis.thirdparty.io.netty.channel.nio.NioEventLoop.run(NioEventLoop.java:458)
	at org.apache.ratis.thirdparty.io.netty.util.concurrent.SingleThreadEventExecutor$5.run(SingleThreadEventExecutor.java:897)
	at org.apache.ratis.thirdparty.io.netty.util.concurrent.FastThreadLocalRunnable.run(FastThreadLocalRunnable.java:30)
	... 1 more
Caused by: java.net.ConnectException: Connection refused
	... 11 more
2019-10-14 14:42:40,538 [caa892f0-76ff-4c1e-b30f-b7c59842badc@group-E0B7C1D5C8D3:LeaderElection53] INFO  impl.LeaderElection (LogUtils.java:infoOrTrace(149)) - caa892f0-76ff-4c1e-b30f-b7c59842badc@group-E0B7C1D5C8D3:LeaderElection53 got exception when requesting votes: {}
java.util.concurrent.ExecutionException: org.apache.ratis.thirdparty.io.grpc.StatusRuntimeException: UNAVAILABLE: io exception
	at java.util.concurrent.FutureTask.report(FutureTask.java:122)
	at java.util.concurrent.FutureTask.get(FutureTask.java:192)
	at org.apache.ratis.server.impl.LeaderElection.waitForResults(LeaderElection.java:263)
	at org.apache.ratis.server.impl.LeaderElection.askForVotes(LeaderElection.java:201)
	at org.apache.ratis.server.impl.LeaderElection.run(LeaderElection.java:133)
	at java.lang.Thread.run(Thread.java:748)
Caused by: org.apache.ratis.thirdparty.io.grpc.StatusRuntimeException: UNAVAILABLE: io exception
	at org.apache.ratis.thirdparty.io.grpc.stub.ClientCalls.toStatusRuntimeException(ClientCalls.java:233)
	at org.apache.ratis.thirdparty.io.grpc.stub.ClientCalls.getUnchecked(ClientCalls.java:214)
	at org.apache.ratis.thirdparty.io.grpc.stub.ClientCalls.blockingUnaryCall(ClientCalls.java:139)
	at org.apache.ratis.proto.grpc.RaftServerProtocolServiceGrpc$RaftServerProtocolServiceBlockingStub.requestVote(RaftServerProtocolServiceGrpc.java:265)
	at org.apache.ratis.grpc.server.GrpcServerProtocolClient.requestVote(GrpcServerProtocolClient.java:90)
	at org.apache.ratis.grpc.server.GrpcService.requestVote(GrpcService.java:204)
	at org.apache.ratis.server.impl.LeaderElection.lambda$submitRequests$1(LeaderElection.java:238)
	at java.util.concurrent.FutureTask.run(FutureTask.java:266)
	at java.util.concurrent.Executors$RunnableAdapter.call(Executors.java:511)
	at java.util.concurrent.FutureTask.run(FutureTask.java:266)
	at java.util.concurrent.ThreadPoolExecutor.runWorker(ThreadPoolExecutor.java:1149)
	at java.util.concurrent.ThreadPoolExecutor$Worker.run(ThreadPoolExecutor.java:624)
	... 1 more
Caused by: org.apache.ratis.thirdparty.io.netty.channel.AbstractChannel$AnnotatedConnectException: Connection refused: /192.168.5.159:44598
	at sun.nio.ch.SocketChannelImpl.checkConnect(Native Method)
	at sun.nio.ch.SocketChannelImpl.finishConnect(SocketChannelImpl.java:717)
	at org.apache.ratis.thirdparty.io.netty.channel.socket.nio.NioSocketChannel.doFinishConnect(NioSocketChannel.java:327)
	at org.apache.ratis.thirdparty.io.netty.channel.nio.AbstractNioChannel$AbstractNioUnsafe.finishConnect(AbstractNioChannel.java:340)
	at org.apache.ratis.thirdparty.io.netty.channel.nio.NioEventLoop.processSelectedKey(NioEventLoop.java:632)
	at org.apache.ratis.thirdparty.io.netty.channel.nio.NioEventLoop.processSelectedKeysOptimized(NioEventLoop.java:579)
	at org.apache.ratis.thirdparty.io.netty.channel.nio.NioEventLoop.processSelectedKeys(NioEventLoop.java:496)
	at org.apache.ratis.thirdparty.io.netty.channel.nio.NioEventLoop.run(NioEventLoop.java:458)
	at org.apache.ratis.thirdparty.io.netty.util.concurrent.SingleThreadEventExecutor$5.run(SingleThreadEventExecutor.java:897)
	at org.apache.ratis.thirdparty.io.netty.util.concurrent.FastThreadLocalRunnable.run(FastThreadLocalRunnable.java:30)
	... 1 more
Caused by: java.net.ConnectException: Connection refused
	... 11 more
2019-10-14 14:42:40,541 [caa892f0-76ff-4c1e-b30f-b7c59842badc@group-E0B7C1D5C8D3:LeaderElection53] INFO  impl.LeaderElection (LeaderElection.java:logAndReturn(56)) - caa892f0-76ff-4c1e-b30f-b7c59842badc@group-E0B7C1D5C8D3:LeaderElection53: Election REJECTED; received 0 response(s) [] and 2 exception(s); caa892f0-76ff-4c1e-b30f-b7c59842badc@group-E0B7C1D5C8D3:t9, leader=null, voted=caa892f0-76ff-4c1e-b30f-b7c59842badc, raftlog=caa892f0-76ff-4c1e-b30f-b7c59842badc@group-E0B7C1D5C8D3-SegmentedRaftLog:OPENED:c0,f0,i0, conf=0: [07a15819-e4fc-4072-82ac-b3e77a99d12a:192.168.5.159:45599, f9748ec4-5d8a-4dfc-8690-85b8cdac3f5d:192.168.5.159:44598, caa892f0-76ff-4c1e-b30f-b7c59842badc:192.168.5.159:39406], old=null
2019-10-14 14:42:40,541 [caa892f0-76ff-4c1e-b30f-b7c59842badc@group-E0B7C1D5C8D3:LeaderElection53] INFO  impl.LeaderElection (LogUtils.java:infoOrTrace(149)) -   Exception 0: {}
java.util.concurrent.ExecutionException: org.apache.ratis.thirdparty.io.grpc.StatusRuntimeException: UNAVAILABLE: io exception
	at java.util.concurrent.FutureTask.report(FutureTask.java:122)
	at java.util.concurrent.FutureTask.get(FutureTask.java:192)
	at org.apache.ratis.server.impl.LeaderElection.waitForResults(LeaderElection.java:263)
	at org.apache.ratis.server.impl.LeaderElection.askForVotes(LeaderElection.java:201)
	at org.apache.ratis.server.impl.LeaderElection.run(LeaderElection.java:133)
	at java.lang.Thread.run(Thread.java:748)
Caused by: org.apache.ratis.thirdparty.io.grpc.StatusRuntimeException: UNAVAILABLE: io exception
	at org.apache.ratis.thirdparty.io.grpc.stub.ClientCalls.toStatusRuntimeException(ClientCalls.java:233)
	at org.apache.ratis.thirdparty.io.grpc.stub.ClientCalls.getUnchecked(ClientCalls.java:214)
	at org.apache.ratis.thirdparty.io.grpc.stub.ClientCalls.blockingUnaryCall(ClientCalls.java:139)
	at org.apache.ratis.proto.grpc.RaftServerProtocolServiceGrpc$RaftServerProtocolServiceBlockingStub.requestVote(RaftServerProtocolServiceGrpc.java:265)
	at org.apache.ratis.grpc.server.GrpcServerProtocolClient.requestVote(GrpcServerProtocolClient.java:90)
	at org.apache.ratis.grpc.server.GrpcService.requestVote(GrpcService.java:204)
	at org.apache.ratis.server.impl.LeaderElection.lambda$submitRequests$1(LeaderElection.java:238)
	at java.util.concurrent.FutureTask.run(FutureTask.java:266)
	at java.util.concurrent.Executors$RunnableAdapter.call(Executors.java:511)
	at java.util.concurrent.FutureTask.run(FutureTask.java:266)
	at java.util.concurrent.ThreadPoolExecutor.runWorker(ThreadPoolExecutor.java:1149)
	at java.util.concurrent.ThreadPoolExecutor$Worker.run(ThreadPoolExecutor.java:624)
	... 1 more
Caused by: org.apache.ratis.thirdparty.io.netty.channel.AbstractChannel$AnnotatedConnectException: Connection refused: /192.168.5.159:45599
	at sun.nio.ch.SocketChannelImpl.checkConnect(Native Method)
	at sun.nio.ch.SocketChannelImpl.finishConnect(SocketChannelImpl.java:717)
	at org.apache.ratis.thirdparty.io.netty.channel.socket.nio.NioSocketChannel.doFinishConnect(NioSocketChannel.java:327)
	at org.apache.ratis.thirdparty.io.netty.channel.nio.AbstractNioChannel$AbstractNioUnsafe.finishConnect(AbstractNioChannel.java:340)
	at org.apache.ratis.thirdparty.io.netty.channel.nio.NioEventLoop.processSelectedKey(NioEventLoop.java:632)
	at org.apache.ratis.thirdparty.io.netty.channel.nio.NioEventLoop.processSelectedKeysOptimized(NioEventLoop.java:579)
	at org.apache.ratis.thirdparty.io.netty.channel.nio.NioEventLoop.processSelectedKeys(NioEventLoop.java:496)
	at org.apache.ratis.thirdparty.io.netty.channel.nio.NioEventLoop.run(NioEventLoop.java:458)
	at org.apache.ratis.thirdparty.io.netty.util.concurrent.SingleThreadEventExecutor$5.run(SingleThreadEventExecutor.java:897)
	at org.apache.ratis.thirdparty.io.netty.util.concurrent.FastThreadLocalRunnable.run(FastThreadLocalRunnable.java:30)
	... 1 more
Caused by: java.net.ConnectException: Connection refused
	... 11 more
2019-10-14 14:42:40,541 [caa892f0-76ff-4c1e-b30f-b7c59842badc@group-E0B7C1D5C8D3:LeaderElection53] INFO  impl.LeaderElection (LogUtils.java:infoOrTrace(149)) -   Exception 1: {}
java.util.concurrent.ExecutionException: org.apache.ratis.thirdparty.io.grpc.StatusRuntimeException: UNAVAILABLE: io exception
	at java.util.concurrent.FutureTask.report(FutureTask.java:122)
	at java.util.concurrent.FutureTask.get(FutureTask.java:192)
	at org.apache.ratis.server.impl.LeaderElection.waitForResults(LeaderElection.java:263)
	at org.apache.ratis.server.impl.LeaderElection.askForVotes(LeaderElection.java:201)
	at org.apache.ratis.server.impl.LeaderElection.run(LeaderElection.java:133)
	at java.lang.Thread.run(Thread.java:748)
Caused by: org.apache.ratis.thirdparty.io.grpc.StatusRuntimeException: UNAVAILABLE: io exception
	at org.apache.ratis.thirdparty.io.grpc.stub.ClientCalls.toStatusRuntimeException(ClientCalls.java:233)
	at org.apache.ratis.thirdparty.io.grpc.stub.ClientCalls.getUnchecked(ClientCalls.java:214)
	at org.apache.ratis.thirdparty.io.grpc.stub.ClientCalls.blockingUnaryCall(ClientCalls.java:139)
	at org.apache.ratis.proto.grpc.RaftServerProtocolServiceGrpc$RaftServerProtocolServiceBlockingStub.requestVote(RaftServerProtocolServiceGrpc.java:265)
	at org.apache.ratis.grpc.server.GrpcServerProtocolClient.requestVote(GrpcServerProtocolClient.java:90)
	at org.apache.ratis.grpc.server.GrpcService.requestVote(GrpcService.java:204)
	at org.apache.ratis.server.impl.LeaderElection.lambda$submitRequests$1(LeaderElection.java:238)
	at java.util.concurrent.FutureTask.run(FutureTask.java:266)
	at java.util.concurrent.Executors$RunnableAdapter.call(Executors.java:511)
	at java.util.concurrent.FutureTask.run(FutureTask.java:266)
	at java.util.concurrent.ThreadPoolExecutor.runWorker(ThreadPoolExecutor.java:1149)
	at java.util.concurrent.ThreadPoolExecutor$Worker.run(ThreadPoolExecutor.java:624)
	... 1 more
Caused by: org.apache.ratis.thirdparty.io.netty.channel.AbstractChannel$AnnotatedConnectException: Connection refused: /192.168.5.159:44598
	at sun.nio.ch.SocketChannelImpl.checkConnect(Native Method)
	at sun.nio.ch.SocketChannelImpl.finishConnect(SocketChannelImpl.java:717)
	at org.apache.ratis.thirdparty.io.netty.channel.socket.nio.NioSocketChannel.doFinishConnect(NioSocketChannel.java:327)
	at org.apache.ratis.thirdparty.io.netty.channel.nio.AbstractNioChannel$AbstractNioUnsafe.finishConnect(AbstractNioChannel.java:340)
	at org.apache.ratis.thirdparty.io.netty.channel.nio.NioEventLoop.processSelectedKey(NioEventLoop.java:632)
	at org.apache.ratis.thirdparty.io.netty.channel.nio.NioEventLoop.processSelectedKeysOptimized(NioEventLoop.java:579)
	at org.apache.ratis.thirdparty.io.netty.channel.nio.NioEventLoop.processSelectedKeys(NioEventLoop.java:496)
	at org.apache.ratis.thirdparty.io.netty.channel.nio.NioEventLoop.run(NioEventLoop.java:458)
	at org.apache.ratis.thirdparty.io.netty.util.concurrent.SingleThreadEventExecutor$5.run(SingleThreadEventExecutor.java:897)
	at org.apache.ratis.thirdparty.io.netty.util.concurrent.FastThreadLocalRunnable.run(FastThreadLocalRunnable.java:30)
	... 1 more
Caused by: java.net.ConnectException: Connection refused
	... 11 more
2019-10-14 14:42:40,542 [caa892f0-76ff-4c1e-b30f-b7c59842badc@group-E0B7C1D5C8D3:LeaderElection53] INFO  impl.RaftServerImpl (RaftServerImpl.java:setRole(174)) - caa892f0-76ff-4c1e-b30f-b7c59842badc@group-E0B7C1D5C8D3: changes role from CANDIDATE to FOLLOWER at term 9 for DISCOVERED_A_NEW_TERM
2019-10-14 14:42:40,542 [caa892f0-76ff-4c1e-b30f-b7c59842badc@group-E0B7C1D5C8D3:LeaderElection53] INFO  impl.RoleInfo (RoleInfo.java:shutdownLeaderElection(134)) - caa892f0-76ff-4c1e-b30f-b7c59842badc: shutdown LeaderElection
2019-10-14 14:42:40,542 [caa892f0-76ff-4c1e-b30f-b7c59842badc@group-E0B7C1D5C8D3:LeaderElection53] INFO  impl.RoleInfo (RoleInfo.java:updateAndGet(143)) - caa892f0-76ff-4c1e-b30f-b7c59842badc: start FollowerState
2019-10-14 14:42:40,790 [grpc-default-executor-8] WARN  server.GrpcLogAppender (LogUtils.java:warn(134)) - caa892f0-76ff-4c1e-b30f-b7c59842badc@group-382452901537->07a15819-e4fc-4072-82ac-b3e77a99d12a-AppendLogResponseHandler: Failed appendEntries: org.apache.ratis.thirdparty.io.grpc.StatusRuntimeException: UNAVAILABLE: io exception
2019-10-14 14:42:40,790 [grpc-default-executor-8] INFO  impl.FollowerInfo (FollowerInfo.java:lambda$new$0(51)) - caa892f0-76ff-4c1e-b30f-b7c59842badc@group-382452901537->07a15819-e4fc-4072-82ac-b3e77a99d12a: nextIndex: updateUnconditionally 0 -> 0
2019-10-14 14:42:40,823 [grpc-default-executor-8] WARN  server.GrpcLogAppender (LogUtils.java:warn(134)) - caa892f0-76ff-4c1e-b30f-b7c59842badc@group-382452901537->f9748ec4-5d8a-4dfc-8690-85b8cdac3f5d-AppendLogResponseHandler: Failed appendEntries: org.apache.ratis.thirdparty.io.grpc.StatusRuntimeException: UNAVAILABLE: io exception
2019-10-14 14:42:40,824 [grpc-default-executor-8] INFO  impl.FollowerInfo (FollowerInfo.java:lambda$new$0(51)) - caa892f0-76ff-4c1e-b30f-b7c59842badc@group-382452901537->f9748ec4-5d8a-4dfc-8690-85b8cdac3f5d: nextIndex: updateUnconditionally 0 -> 0
2019-10-14 14:42:40,839 [grpc-default-executor-8] WARN  server.GrpcLogAppender (LogUtils.java:warn(134)) - caa892f0-76ff-4c1e-b30f-b7c59842badc@group-026CFA11C8A1->07a15819-e4fc-4072-82ac-b3e77a99d12a-AppendLogResponseHandler: Failed appendEntries: org.apache.ratis.thirdparty.io.grpc.StatusRuntimeException: UNAVAILABLE: io exception
2019-10-14 14:42:40,839 [grpc-default-executor-8] INFO  impl.FollowerInfo (FollowerInfo.java:lambda$new$0(51)) - caa892f0-76ff-4c1e-b30f-b7c59842badc@group-026CFA11C8A1->07a15819-e4fc-4072-82ac-b3e77a99d12a: nextIndex: updateUnconditionally 0 -> 0
2019-10-14 14:42:40,888 [grpc-default-executor-0] WARN  server.GrpcLogAppender (LogUtils.java:warn(134)) - caa892f0-76ff-4c1e-b30f-b7c59842badc@group-026CFA11C8A1->f9748ec4-5d8a-4dfc-8690-85b8cdac3f5d-AppendLogResponseHandler: Failed appendEntries: org.apache.ratis.thirdparty.io.grpc.StatusRuntimeException: UNAVAILABLE: io exception
2019-10-14 14:42:40,888 [grpc-default-executor-0] INFO  impl.FollowerInfo (FollowerInfo.java:lambda$new$0(51)) - caa892f0-76ff-4c1e-b30f-b7c59842badc@group-026CFA11C8A1->f9748ec4-5d8a-4dfc-8690-85b8cdac3f5d: nextIndex: updateUnconditionally 0 -> 0
2019-10-14 14:42:41,293 [grpc-default-executor-7] WARN  server.GrpcLogAppender (LogUtils.java:warn(134)) - caa892f0-76ff-4c1e-b30f-b7c59842badc@group-382452901537->07a15819-e4fc-4072-82ac-b3e77a99d12a-AppendLogResponseHandler: Failed appendEntries: org.apache.ratis.thirdparty.io.grpc.StatusRuntimeException: UNAVAILABLE: io exception
2019-10-14 14:42:41,293 [grpc-default-executor-7] INFO  impl.FollowerInfo (FollowerInfo.java:lambda$new$0(51)) - caa892f0-76ff-4c1e-b30f-b7c59842badc@group-382452901537->07a15819-e4fc-4072-82ac-b3e77a99d12a: nextIndex: updateUnconditionally 0 -> 0
2019-10-14 14:42:41,324 [grpc-default-executor-9] WARN  server.GrpcLogAppender (LogUtils.java:warn(134)) - caa892f0-76ff-4c1e-b30f-b7c59842badc@group-382452901537->f9748ec4-5d8a-4dfc-8690-85b8cdac3f5d-AppendLogResponseHandler: Failed appendEntries: org.apache.ratis.thirdparty.io.grpc.StatusRuntimeException: UNAVAILABLE: io exception
2019-10-14 14:42:41,325 [grpc-default-executor-9] INFO  impl.FollowerInfo (FollowerInfo.java:lambda$new$0(51)) - caa892f0-76ff-4c1e-b30f-b7c59842badc@group-382452901537->f9748ec4-5d8a-4dfc-8690-85b8cdac3f5d: nextIndex: updateUnconditionally 0 -> 0
2019-10-14 14:42:41,339 [grpc-default-executor-12] WARN  server.GrpcLogAppender (LogUtils.java:warn(134)) - caa892f0-76ff-4c1e-b30f-b7c59842badc@group-026CFA11C8A1->07a15819-e4fc-4072-82ac-b3e77a99d12a-AppendLogResponseHandler: Failed appendEntries: org.apache.ratis.thirdparty.io.grpc.StatusRuntimeException: UNAVAILABLE: io exception
2019-10-14 14:42:41,340 [grpc-default-executor-12] INFO  impl.FollowerInfo (FollowerInfo.java:lambda$new$0(51)) - caa892f0-76ff-4c1e-b30f-b7c59842badc@group-026CFA11C8A1->07a15819-e4fc-4072-82ac-b3e77a99d12a: nextIndex: updateUnconditionally 0 -> 0
2019-10-14 14:42:41,388 [grpc-default-executor-7] WARN  server.GrpcLogAppender (LogUtils.java:warn(134)) - caa892f0-76ff-4c1e-b30f-b7c59842badc@group-026CFA11C8A1->f9748ec4-5d8a-4dfc-8690-85b8cdac3f5d-AppendLogResponseHandler: Failed appendEntries: org.apache.ratis.thirdparty.io.grpc.StatusRuntimeException: UNAVAILABLE: io exception
2019-10-14 14:42:41,389 [grpc-default-executor-7] INFO  impl.FollowerInfo (FollowerInfo.java:lambda$new$0(51)) - caa892f0-76ff-4c1e-b30f-b7c59842badc@group-026CFA11C8A1->f9748ec4-5d8a-4dfc-8690-85b8cdac3f5d: nextIndex: updateUnconditionally 0 -> 0
2019-10-14 14:42:41,435 [Thread-1093] INFO  impl.FollowerState (FollowerState.java:run(106)) - caa892f0-76ff-4c1e-b30f-b7c59842badc:group-EA752D978E74 changes to CANDIDATE, lastRpcTime:1033, electionTimeout:1033ms
2019-10-14 14:42:41,435 [Thread-1093] INFO  impl.RoleInfo (RoleInfo.java:shutdownFollowerState(121)) - caa892f0-76ff-4c1e-b30f-b7c59842badc: shutdown FollowerState
2019-10-14 14:42:41,435 [Thread-1093] INFO  impl.RaftServerImpl (RaftServerImpl.java:setRole(174)) - caa892f0-76ff-4c1e-b30f-b7c59842badc@group-EA752D978E74: changes role from  FOLLOWER to CANDIDATE at term 8 for changeToCandidate
2019-10-14 14:42:41,435 [Thread-1093] INFO  impl.RoleInfo (RoleInfo.java:updateAndGet(143)) - caa892f0-76ff-4c1e-b30f-b7c59842badc: start LeaderElection
2019-10-14 14:42:41,441 [caa892f0-76ff-4c1e-b30f-b7c59842badc@group-EA752D978E74:LeaderElection54] INFO  impl.LeaderElection (LeaderElection.java:askForVotes(182)) - caa892f0-76ff-4c1e-b30f-b7c59842badc@group-EA752D978E74:LeaderElection54: begin an election at term 9 for 0: [07a15819-e4fc-4072-82ac-b3e77a99d12a:192.168.5.159:45599, f9748ec4-5d8a-4dfc-8690-85b8cdac3f5d:192.168.5.159:44598, caa892f0-76ff-4c1e-b30f-b7c59842badc:192.168.5.159:39406], old=null
2019-10-14 14:42:41,444 [caa892f0-76ff-4c1e-b30f-b7c59842badc@group-EA752D978E74:LeaderElection54] INFO  impl.LeaderElection (LogUtils.java:infoOrTrace(149)) - caa892f0-76ff-4c1e-b30f-b7c59842badc@group-EA752D978E74:LeaderElection54 got exception when requesting votes: {}
java.util.concurrent.ExecutionException: org.apache.ratis.thirdparty.io.grpc.StatusRuntimeException: UNAVAILABLE: io exception
	at java.util.concurrent.FutureTask.report(FutureTask.java:122)
	at java.util.concurrent.FutureTask.get(FutureTask.java:192)
	at org.apache.ratis.server.impl.LeaderElection.waitForResults(LeaderElection.java:263)
	at org.apache.ratis.server.impl.LeaderElection.askForVotes(LeaderElection.java:201)
	at org.apache.ratis.server.impl.LeaderElection.run(LeaderElection.java:133)
	at java.lang.Thread.run(Thread.java:748)
Caused by: org.apache.ratis.thirdparty.io.grpc.StatusRuntimeException: UNAVAILABLE: io exception
	at org.apache.ratis.thirdparty.io.grpc.stub.ClientCalls.toStatusRuntimeException(ClientCalls.java:233)
	at org.apache.ratis.thirdparty.io.grpc.stub.ClientCalls.getUnchecked(ClientCalls.java:214)
	at org.apache.ratis.thirdparty.io.grpc.stub.ClientCalls.blockingUnaryCall(ClientCalls.java:139)
	at org.apache.ratis.proto.grpc.RaftServerProtocolServiceGrpc$RaftServerProtocolServiceBlockingStub.requestVote(RaftServerProtocolServiceGrpc.java:265)
	at org.apache.ratis.grpc.server.GrpcServerProtocolClient.requestVote(GrpcServerProtocolClient.java:90)
	at org.apache.ratis.grpc.server.GrpcService.requestVote(GrpcService.java:204)
	at org.apache.ratis.server.impl.LeaderElection.lambda$submitRequests$1(LeaderElection.java:238)
	at java.util.concurrent.FutureTask.run(FutureTask.java:266)
	at java.util.concurrent.Executors$RunnableAdapter.call(Executors.java:511)
	at java.util.concurrent.FutureTask.run(FutureTask.java:266)
	at java.util.concurrent.ThreadPoolExecutor.runWorker(ThreadPoolExecutor.java:1149)
	at java.util.concurrent.ThreadPoolExecutor$Worker.run(ThreadPoolExecutor.java:624)
	... 1 more
Caused by: org.apache.ratis.thirdparty.io.netty.channel.AbstractChannel$AnnotatedConnectException: Connection refused: /192.168.5.159:44598
	at sun.nio.ch.SocketChannelImpl.checkConnect(Native Method)
	at sun.nio.ch.SocketChannelImpl.finishConnect(SocketChannelImpl.java:717)
	at org.apache.ratis.thirdparty.io.netty.channel.socket.nio.NioSocketChannel.doFinishConnect(NioSocketChannel.java:327)
	at org.apache.ratis.thirdparty.io.netty.channel.nio.AbstractNioChannel$AbstractNioUnsafe.finishConnect(AbstractNioChannel.java:340)
	at org.apache.ratis.thirdparty.io.netty.channel.nio.NioEventLoop.processSelectedKey(NioEventLoop.java:632)
	at org.apache.ratis.thirdparty.io.netty.channel.nio.NioEventLoop.processSelectedKeysOptimized(NioEventLoop.java:579)
	at org.apache.ratis.thirdparty.io.netty.channel.nio.NioEventLoop.processSelectedKeys(NioEventLoop.java:496)
	at org.apache.ratis.thirdparty.io.netty.channel.nio.NioEventLoop.run(NioEventLoop.java:458)
	at org.apache.ratis.thirdparty.io.netty.util.concurrent.SingleThreadEventExecutor$5.run(SingleThreadEventExecutor.java:897)
	at org.apache.ratis.thirdparty.io.netty.util.concurrent.FastThreadLocalRunnable.run(FastThreadLocalRunnable.java:30)
	... 1 more
Caused by: java.net.ConnectException: Connection refused
	... 11 more
2019-10-14 14:42:41,447 [caa892f0-76ff-4c1e-b30f-b7c59842badc@group-EA752D978E74:LeaderElection54] INFO  impl.LeaderElection (LogUtils.java:infoOrTrace(149)) - caa892f0-76ff-4c1e-b30f-b7c59842badc@group-EA752D978E74:LeaderElection54 got exception when requesting votes: {}
java.util.concurrent.ExecutionException: org.apache.ratis.thirdparty.io.grpc.StatusRuntimeException: UNAVAILABLE: io exception
	at java.util.concurrent.FutureTask.report(FutureTask.java:122)
	at java.util.concurrent.FutureTask.get(FutureTask.java:192)
	at org.apache.ratis.server.impl.LeaderElection.waitForResults(LeaderElection.java:263)
	at org.apache.ratis.server.impl.LeaderElection.askForVotes(LeaderElection.java:201)
	at org.apache.ratis.server.impl.LeaderElection.run(LeaderElection.java:133)
	at java.lang.Thread.run(Thread.java:748)
Caused by: org.apache.ratis.thirdparty.io.grpc.StatusRuntimeException: UNAVAILABLE: io exception
	at org.apache.ratis.thirdparty.io.grpc.stub.ClientCalls.toStatusRuntimeException(ClientCalls.java:233)
	at org.apache.ratis.thirdparty.io.grpc.stub.ClientCalls.getUnchecked(ClientCalls.java:214)
	at org.apache.ratis.thirdparty.io.grpc.stub.ClientCalls.blockingUnaryCall(ClientCalls.java:139)
	at org.apache.ratis.proto.grpc.RaftServerProtocolServiceGrpc$RaftServerProtocolServiceBlockingStub.requestVote(RaftServerProtocolServiceGrpc.java:265)
	at org.apache.ratis.grpc.server.GrpcServerProtocolClient.requestVote(GrpcServerProtocolClient.java:90)
	at org.apache.ratis.grpc.server.GrpcService.requestVote(GrpcService.java:204)
	at org.apache.ratis.server.impl.LeaderElection.lambda$submitRequests$1(LeaderElection.java:238)
	at java.util.concurrent.FutureTask.run(FutureTask.java:266)
	at java.util.concurrent.Executors$RunnableAdapter.call(Executors.java:511)
	at java.util.concurrent.FutureTask.run(FutureTask.java:266)
	at java.util.concurrent.ThreadPoolExecutor.runWorker(ThreadPoolExecutor.java:1149)
	at java.util.concurrent.ThreadPoolExecutor$Worker.run(ThreadPoolExecutor.java:624)
	... 1 more
Caused by: org.apache.ratis.thirdparty.io.netty.channel.AbstractChannel$AnnotatedConnectException: Connection refused: /192.168.5.159:45599
	at sun.nio.ch.SocketChannelImpl.checkConnect(Native Method)
	at sun.nio.ch.SocketChannelImpl.finishConnect(SocketChannelImpl.java:717)
	at org.apache.ratis.thirdparty.io.netty.channel.socket.nio.NioSocketChannel.doFinishConnect(NioSocketChannel.java:327)
	at org.apache.ratis.thirdparty.io.netty.channel.nio.AbstractNioChannel$AbstractNioUnsafe.finishConnect(AbstractNioChannel.java:340)
	at org.apache.ratis.thirdparty.io.netty.channel.nio.NioEventLoop.processSelectedKey(NioEventLoop.java:632)
	at org.apache.ratis.thirdparty.io.netty.channel.nio.NioEventLoop.processSelectedKeysOptimized(NioEventLoop.java:579)
	at org.apache.ratis.thirdparty.io.netty.channel.nio.NioEventLoop.processSelectedKeys(NioEventLoop.java:496)
	at org.apache.ratis.thirdparty.io.netty.channel.nio.NioEventLoop.run(NioEventLoop.java:458)
	at org.apache.ratis.thirdparty.io.netty.util.concurrent.SingleThreadEventExecutor$5.run(SingleThreadEventExecutor.java:897)
	at org.apache.ratis.thirdparty.io.netty.util.concurrent.FastThreadLocalRunnable.run(FastThreadLocalRunnable.java:30)
	... 1 more
Caused by: java.net.ConnectException: Connection refused
	... 11 more
2019-10-14 14:42:41,449 [caa892f0-76ff-4c1e-b30f-b7c59842badc@group-EA752D978E74:LeaderElection54] INFO  impl.LeaderElection (LeaderElection.java:logAndReturn(56)) - caa892f0-76ff-4c1e-b30f-b7c59842badc@group-EA752D978E74:LeaderElection54: Election REJECTED; received 0 response(s) [] and 2 exception(s); caa892f0-76ff-4c1e-b30f-b7c59842badc@group-EA752D978E74:t9, leader=null, voted=caa892f0-76ff-4c1e-b30f-b7c59842badc, raftlog=caa892f0-76ff-4c1e-b30f-b7c59842badc@group-EA752D978E74-SegmentedRaftLog:OPENED:c16,f16,i16, conf=0: [07a15819-e4fc-4072-82ac-b3e77a99d12a:192.168.5.159:45599, f9748ec4-5d8a-4dfc-8690-85b8cdac3f5d:192.168.5.159:44598, caa892f0-76ff-4c1e-b30f-b7c59842badc:192.168.5.159:39406], old=null
2019-10-14 14:42:41,449 [caa892f0-76ff-4c1e-b30f-b7c59842badc@group-EA752D978E74:LeaderElection54] INFO  impl.LeaderElection (LogUtils.java:infoOrTrace(149)) -   Exception 0: {}
java.util.concurrent.ExecutionException: org.apache.ratis.thirdparty.io.grpc.StatusRuntimeException: UNAVAILABLE: io exception
	at java.util.concurrent.FutureTask.report(FutureTask.java:122)
	at java.util.concurrent.FutureTask.get(FutureTask.java:192)
	at org.apache.ratis.server.impl.LeaderElection.waitForResults(LeaderElection.java:263)
	at org.apache.ratis.server.impl.LeaderElection.askForVotes(LeaderElection.java:201)
	at org.apache.ratis.server.impl.LeaderElection.run(LeaderElection.java:133)
	at java.lang.Thread.run(Thread.java:748)
Caused by: org.apache.ratis.thirdparty.io.grpc.StatusRuntimeException: UNAVAILABLE: io exception
	at org.apache.ratis.thirdparty.io.grpc.stub.ClientCalls.toStatusRuntimeException(ClientCalls.java:233)
	at org.apache.ratis.thirdparty.io.grpc.stub.ClientCalls.getUnchecked(ClientCalls.java:214)
	at org.apache.ratis.thirdparty.io.grpc.stub.ClientCalls.blockingUnaryCall(ClientCalls.java:139)
	at org.apache.ratis.proto.grpc.RaftServerProtocolServiceGrpc$RaftServerProtocolServiceBlockingStub.requestVote(RaftServerProtocolServiceGrpc.java:265)
	at org.apache.ratis.grpc.server.GrpcServerProtocolClient.requestVote(GrpcServerProtocolClient.java:90)
	at org.apache.ratis.grpc.server.GrpcService.requestVote(GrpcService.java:204)
	at org.apache.ratis.server.impl.LeaderElection.lambda$submitRequests$1(LeaderElection.java:238)
	at java.util.concurrent.FutureTask.run(FutureTask.java:266)
	at java.util.concurrent.Executors$RunnableAdapter.call(Executors.java:511)
	at java.util.concurrent.FutureTask.run(FutureTask.java:266)
	at java.util.concurrent.ThreadPoolExecutor.runWorker(ThreadPoolExecutor.java:1149)
	at java.util.concurrent.ThreadPoolExecutor$Worker.run(ThreadPoolExecutor.java:624)
	... 1 more
Caused by: org.apache.ratis.thirdparty.io.netty.channel.AbstractChannel$AnnotatedConnectException: Connection refused: /192.168.5.159:44598
	at sun.nio.ch.SocketChannelImpl.checkConnect(Native Method)
	at sun.nio.ch.SocketChannelImpl.finishConnect(SocketChannelImpl.java:717)
	at org.apache.ratis.thirdparty.io.netty.channel.socket.nio.NioSocketChannel.doFinishConnect(NioSocketChannel.java:327)
	at org.apache.ratis.thirdparty.io.netty.channel.nio.AbstractNioChannel$AbstractNioUnsafe.finishConnect(AbstractNioChannel.java:340)
	at org.apache.ratis.thirdparty.io.netty.channel.nio.NioEventLoop.processSelectedKey(NioEventLoop.java:632)
	at org.apache.ratis.thirdparty.io.netty.channel.nio.NioEventLoop.processSelectedKeysOptimized(NioEventLoop.java:579)
	at org.apache.ratis.thirdparty.io.netty.channel.nio.NioEventLoop.processSelectedKeys(NioEventLoop.java:496)
	at org.apache.ratis.thirdparty.io.netty.channel.nio.NioEventLoop.run(NioEventLoop.java:458)
	at org.apache.ratis.thirdparty.io.netty.util.concurrent.SingleThreadEventExecutor$5.run(SingleThreadEventExecutor.java:897)
	at org.apache.ratis.thirdparty.io.netty.util.concurrent.FastThreadLocalRunnable.run(FastThreadLocalRunnable.java:30)
	... 1 more
Caused by: java.net.ConnectException: Connection refused
	... 11 more
2019-10-14 14:42:41,450 [caa892f0-76ff-4c1e-b30f-b7c59842badc@group-EA752D978E74:LeaderElection54] INFO  impl.LeaderElection (LogUtils.java:infoOrTrace(149)) -   Exception 1: {}
java.util.concurrent.ExecutionException: org.apache.ratis.thirdparty.io.grpc.StatusRuntimeException: UNAVAILABLE: io exception
	at java.util.concurrent.FutureTask.report(FutureTask.java:122)
	at java.util.concurrent.FutureTask.get(FutureTask.java:192)
	at org.apache.ratis.server.impl.LeaderElection.waitForResults(LeaderElection.java:263)
	at org.apache.ratis.server.impl.LeaderElection.askForVotes(LeaderElection.java:201)
	at org.apache.ratis.server.impl.LeaderElection.run(LeaderElection.java:133)
	at java.lang.Thread.run(Thread.java:748)
Caused by: org.apache.ratis.thirdparty.io.grpc.StatusRuntimeException: UNAVAILABLE: io exception
	at org.apache.ratis.thirdparty.io.grpc.stub.ClientCalls.toStatusRuntimeException(ClientCalls.java:233)
	at org.apache.ratis.thirdparty.io.grpc.stub.ClientCalls.getUnchecked(ClientCalls.java:214)
	at org.apache.ratis.thirdparty.io.grpc.stub.ClientCalls.blockingUnaryCall(ClientCalls.java:139)
	at org.apache.ratis.proto.grpc.RaftServerProtocolServiceGrpc$RaftServerProtocolServiceBlockingStub.requestVote(RaftServerProtocolServiceGrpc.java:265)
	at org.apache.ratis.grpc.server.GrpcServerProtocolClient.requestVote(GrpcServerProtocolClient.java:90)
	at org.apache.ratis.grpc.server.GrpcService.requestVote(GrpcService.java:204)
	at org.apache.ratis.server.impl.LeaderElection.lambda$submitRequests$1(LeaderElection.java:238)
	at java.util.concurrent.FutureTask.run(FutureTask.java:266)
	at java.util.concurrent.Executors$RunnableAdapter.call(Executors.java:511)
	at java.util.concurrent.FutureTask.run(FutureTask.java:266)
	at java.util.concurrent.ThreadPoolExecutor.runWorker(ThreadPoolExecutor.java:1149)
	at java.util.concurrent.ThreadPoolExecutor$Worker.run(ThreadPoolExecutor.java:624)
	... 1 more
Caused by: org.apache.ratis.thirdparty.io.netty.channel.AbstractChannel$AnnotatedConnectException: Connection refused: /192.168.5.159:45599
	at sun.nio.ch.SocketChannelImpl.checkConnect(Native Method)
	at sun.nio.ch.SocketChannelImpl.finishConnect(SocketChannelImpl.java:717)
	at org.apache.ratis.thirdparty.io.netty.channel.socket.nio.NioSocketChannel.doFinishConnect(NioSocketChannel.java:327)
	at org.apache.ratis.thirdparty.io.netty.channel.nio.AbstractNioChannel$AbstractNioUnsafe.finishConnect(AbstractNioChannel.java:340)
	at org.apache.ratis.thirdparty.io.netty.channel.nio.NioEventLoop.processSelectedKey(NioEventLoop.java:632)
	at org.apache.ratis.thirdparty.io.netty.channel.nio.NioEventLoop.processSelectedKeysOptimized(NioEventLoop.java:579)
	at org.apache.ratis.thirdparty.io.netty.channel.nio.NioEventLoop.processSelectedKeys(NioEventLoop.java:496)
	at org.apache.ratis.thirdparty.io.netty.channel.nio.NioEventLoop.run(NioEventLoop.java:458)
	at org.apache.ratis.thirdparty.io.netty.util.concurrent.SingleThreadEventExecutor$5.run(SingleThreadEventExecutor.java:897)
	at org.apache.ratis.thirdparty.io.netty.util.concurrent.FastThreadLocalRunnable.run(FastThreadLocalRunnable.java:30)
	... 1 more
Caused by: java.net.ConnectException: Connection refused
	... 11 more
2019-10-14 14:42:41,450 [caa892f0-76ff-4c1e-b30f-b7c59842badc@group-EA752D978E74:LeaderElection54] INFO  impl.RaftServerImpl (RaftServerImpl.java:setRole(174)) - caa892f0-76ff-4c1e-b30f-b7c59842badc@group-EA752D978E74: changes role from CANDIDATE to FOLLOWER at term 9 for DISCOVERED_A_NEW_TERM
2019-10-14 14:42:41,450 [caa892f0-76ff-4c1e-b30f-b7c59842badc@group-EA752D978E74:LeaderElection54] INFO  impl.RoleInfo (RoleInfo.java:shutdownLeaderElection(134)) - caa892f0-76ff-4c1e-b30f-b7c59842badc: shutdown LeaderElection
2019-10-14 14:42:41,450 [caa892f0-76ff-4c1e-b30f-b7c59842badc@group-EA752D978E74:LeaderElection54] INFO  impl.RoleInfo (RoleInfo.java:updateAndGet(143)) - caa892f0-76ff-4c1e-b30f-b7c59842badc: start FollowerState
2019-10-14 14:42:41,718 [Thread-1099] INFO  impl.FollowerState (FollowerState.java:run(106)) - caa892f0-76ff-4c1e-b30f-b7c59842badc:group-E0B7C1D5C8D3 changes to CANDIDATE, lastRpcTime:1175, electionTimeout:1175ms
2019-10-14 14:42:41,718 [Thread-1099] INFO  impl.RoleInfo (RoleInfo.java:shutdownFollowerState(121)) - caa892f0-76ff-4c1e-b30f-b7c59842badc: shutdown FollowerState
2019-10-14 14:42:41,718 [Thread-1099] INFO  impl.RaftServerImpl (RaftServerImpl.java:setRole(174)) - caa892f0-76ff-4c1e-b30f-b7c59842badc@group-E0B7C1D5C8D3: changes role from  FOLLOWER to CANDIDATE at term 9 for changeToCandidate
2019-10-14 14:42:41,718 [Thread-1099] INFO  impl.RoleInfo (RoleInfo.java:updateAndGet(143)) - caa892f0-76ff-4c1e-b30f-b7c59842badc: start LeaderElection
2019-10-14 14:42:41,734 [caa892f0-76ff-4c1e-b30f-b7c59842badc@group-E0B7C1D5C8D3:LeaderElection55] INFO  impl.LeaderElection (LeaderElection.java:askForVotes(182)) - caa892f0-76ff-4c1e-b30f-b7c59842badc@group-E0B7C1D5C8D3:LeaderElection55: begin an election at term 10 for 0: [07a15819-e4fc-4072-82ac-b3e77a99d12a:192.168.5.159:45599, f9748ec4-5d8a-4dfc-8690-85b8cdac3f5d:192.168.5.159:44598, caa892f0-76ff-4c1e-b30f-b7c59842badc:192.168.5.159:39406], old=null
2019-10-14 14:42:41,735 [caa892f0-76ff-4c1e-b30f-b7c59842badc@group-E0B7C1D5C8D3:LeaderElection55] INFO  impl.LeaderElection (LogUtils.java:infoOrTrace(149)) - caa892f0-76ff-4c1e-b30f-b7c59842badc@group-E0B7C1D5C8D3:LeaderElection55 got exception when requesting votes: {}
java.util.concurrent.ExecutionException: org.apache.ratis.thirdparty.io.grpc.StatusRuntimeException: UNAVAILABLE: io exception
	at java.util.concurrent.FutureTask.report(FutureTask.java:122)
	at java.util.concurrent.FutureTask.get(FutureTask.java:192)
	at org.apache.ratis.server.impl.LeaderElection.waitForResults(LeaderElection.java:263)
	at org.apache.ratis.server.impl.LeaderElection.askForVotes(LeaderElection.java:201)
	at org.apache.ratis.server.impl.LeaderElection.run(LeaderElection.java:133)
	at java.lang.Thread.run(Thread.java:748)
Caused by: org.apache.ratis.thirdparty.io.grpc.StatusRuntimeException: UNAVAILABLE: io exception
	at org.apache.ratis.thirdparty.io.grpc.stub.ClientCalls.toStatusRuntimeException(ClientCalls.java:233)
	at org.apache.ratis.thirdparty.io.grpc.stub.ClientCalls.getUnchecked(ClientCalls.java:214)
	at org.apache.ratis.thirdparty.io.grpc.stub.ClientCalls.blockingUnaryCall(ClientCalls.java:139)
	at org.apache.ratis.proto.grpc.RaftServerProtocolServiceGrpc$RaftServerProtocolServiceBlockingStub.requestVote(RaftServerProtocolServiceGrpc.java:265)
	at org.apache.ratis.grpc.server.GrpcServerProtocolClient.requestVote(GrpcServerProtocolClient.java:90)
	at org.apache.ratis.grpc.server.GrpcService.requestVote(GrpcService.java:204)
	at org.apache.ratis.server.impl.LeaderElection.lambda$submitRequests$1(LeaderElection.java:238)
	at java.util.concurrent.FutureTask.run(FutureTask.java:266)
	at java.util.concurrent.Executors$RunnableAdapter.call(Executors.java:511)
	at java.util.concurrent.FutureTask.run(FutureTask.java:266)
	at java.util.concurrent.ThreadPoolExecutor.runWorker(ThreadPoolExecutor.java:1149)
	at java.util.concurrent.ThreadPoolExecutor$Worker.run(ThreadPoolExecutor.java:624)
	... 1 more
Caused by: org.apache.ratis.thirdparty.io.netty.channel.AbstractChannel$AnnotatedConnectException: Connection refused: /192.168.5.159:44598
	at sun.nio.ch.SocketChannelImpl.checkConnect(Native Method)
	at sun.nio.ch.SocketChannelImpl.finishConnect(SocketChannelImpl.java:717)
	at org.apache.ratis.thirdparty.io.netty.channel.socket.nio.NioSocketChannel.doFinishConnect(NioSocketChannel.java:327)
	at org.apache.ratis.thirdparty.io.netty.channel.nio.AbstractNioChannel$AbstractNioUnsafe.finishConnect(AbstractNioChannel.java:340)
	at org.apache.ratis.thirdparty.io.netty.channel.nio.NioEventLoop.processSelectedKey(NioEventLoop.java:632)
	at org.apache.ratis.thirdparty.io.netty.channel.nio.NioEventLoop.processSelectedKeysOptimized(NioEventLoop.java:579)
	at org.apache.ratis.thirdparty.io.netty.channel.nio.NioEventLoop.processSelectedKeys(NioEventLoop.java:496)
	at org.apache.ratis.thirdparty.io.netty.channel.nio.NioEventLoop.run(NioEventLoop.java:458)
	at org.apache.ratis.thirdparty.io.netty.util.concurrent.SingleThreadEventExecutor$5.run(SingleThreadEventExecutor.java:897)
	at org.apache.ratis.thirdparty.io.netty.util.concurrent.FastThreadLocalRunnable.run(FastThreadLocalRunnable.java:30)
	... 1 more
Caused by: java.net.ConnectException: Connection refused
	... 11 more
2019-10-14 14:42:41,738 [caa892f0-76ff-4c1e-b30f-b7c59842badc@group-E0B7C1D5C8D3:LeaderElection55] INFO  impl.LeaderElection (LogUtils.java:infoOrTrace(149)) - caa892f0-76ff-4c1e-b30f-b7c59842badc@group-E0B7C1D5C8D3:LeaderElection55 got exception when requesting votes: {}
java.util.concurrent.ExecutionException: org.apache.ratis.thirdparty.io.grpc.StatusRuntimeException: UNAVAILABLE: io exception
	at java.util.concurrent.FutureTask.report(FutureTask.java:122)
	at java.util.concurrent.FutureTask.get(FutureTask.java:192)
	at org.apache.ratis.server.impl.LeaderElection.waitForResults(LeaderElection.java:263)
	at org.apache.ratis.server.impl.LeaderElection.askForVotes(LeaderElection.java:201)
	at org.apache.ratis.server.impl.LeaderElection.run(LeaderElection.java:133)
	at java.lang.Thread.run(Thread.java:748)
Caused by: org.apache.ratis.thirdparty.io.grpc.StatusRuntimeException: UNAVAILABLE: io exception
	at org.apache.ratis.thirdparty.io.grpc.stub.ClientCalls.toStatusRuntimeException(ClientCalls.java:233)
	at org.apache.ratis.thirdparty.io.grpc.stub.ClientCalls.getUnchecked(ClientCalls.java:214)
	at org.apache.ratis.thirdparty.io.grpc.stub.ClientCalls.blockingUnaryCall(ClientCalls.java:139)
	at org.apache.ratis.proto.grpc.RaftServerProtocolServiceGrpc$RaftServerProtocolServiceBlockingStub.requestVote(RaftServerProtocolServiceGrpc.java:265)
	at org.apache.ratis.grpc.server.GrpcServerProtocolClient.requestVote(GrpcServerProtocolClient.java:90)
	at org.apache.ratis.grpc.server.GrpcService.requestVote(GrpcService.java:204)
	at org.apache.ratis.server.impl.LeaderElection.lambda$submitRequests$1(LeaderElection.java:238)
	at java.util.concurrent.FutureTask.run(FutureTask.java:266)
	at java.util.concurrent.Executors$RunnableAdapter.call(Executors.java:511)
	at java.util.concurrent.FutureTask.run(FutureTask.java:266)
	at java.util.concurrent.ThreadPoolExecutor.runWorker(ThreadPoolExecutor.java:1149)
	at java.util.concurrent.ThreadPoolExecutor$Worker.run(ThreadPoolExecutor.java:624)
	... 1 more
Caused by: org.apache.ratis.thirdparty.io.netty.channel.AbstractChannel$AnnotatedConnectException: Connection refused: /192.168.5.159:45599
	at sun.nio.ch.SocketChannelImpl.checkConnect(Native Method)
	at sun.nio.ch.SocketChannelImpl.finishConnect(SocketChannelImpl.java:717)
	at org.apache.ratis.thirdparty.io.netty.channel.socket.nio.NioSocketChannel.doFinishConnect(NioSocketChannel.java:327)
	at org.apache.ratis.thirdparty.io.netty.channel.nio.AbstractNioChannel$AbstractNioUnsafe.finishConnect(AbstractNioChannel.java:340)
	at org.apache.ratis.thirdparty.io.netty.channel.nio.NioEventLoop.processSelectedKey(NioEventLoop.java:632)
	at org.apache.ratis.thirdparty.io.netty.channel.nio.NioEventLoop.processSelectedKeysOptimized(NioEventLoop.java:579)
	at org.apache.ratis.thirdparty.io.netty.channel.nio.NioEventLoop.processSelectedKeys(NioEventLoop.java:496)
	at org.apache.ratis.thirdparty.io.netty.channel.nio.NioEventLoop.run(NioEventLoop.java:458)
	at org.apache.ratis.thirdparty.io.netty.util.concurrent.SingleThreadEventExecutor$5.run(SingleThreadEventExecutor.java:897)
	at org.apache.ratis.thirdparty.io.netty.util.concurrent.FastThreadLocalRunnable.run(FastThreadLocalRunnable.java:30)
	... 1 more
Caused by: java.net.ConnectException: Connection refused
	... 11 more
2019-10-14 14:42:41,746 [caa892f0-76ff-4c1e-b30f-b7c59842badc@group-E0B7C1D5C8D3:LeaderElection55] INFO  impl.LeaderElection (LeaderElection.java:logAndReturn(56)) - caa892f0-76ff-4c1e-b30f-b7c59842badc@group-E0B7C1D5C8D3:LeaderElection55: Election REJECTED; received 0 response(s) [] and 2 exception(s); caa892f0-76ff-4c1e-b30f-b7c59842badc@group-E0B7C1D5C8D3:t10, leader=null, voted=caa892f0-76ff-4c1e-b30f-b7c59842badc, raftlog=caa892f0-76ff-4c1e-b30f-b7c59842badc@group-E0B7C1D5C8D3-SegmentedRaftLog:OPENED:c0,f0,i0, conf=0: [07a15819-e4fc-4072-82ac-b3e77a99d12a:192.168.5.159:45599, f9748ec4-5d8a-4dfc-8690-85b8cdac3f5d:192.168.5.159:44598, caa892f0-76ff-4c1e-b30f-b7c59842badc:192.168.5.159:39406], old=null
2019-10-14 14:42:41,746 [caa892f0-76ff-4c1e-b30f-b7c59842badc@group-E0B7C1D5C8D3:LeaderElection55] INFO  impl.LeaderElection (LogUtils.java:infoOrTrace(149)) -   Exception 0: {}
java.util.concurrent.ExecutionException: org.apache.ratis.thirdparty.io.grpc.StatusRuntimeException: UNAVAILABLE: io exception
	at java.util.concurrent.FutureTask.report(FutureTask.java:122)
	at java.util.concurrent.FutureTask.get(FutureTask.java:192)
	at org.apache.ratis.server.impl.LeaderElection.waitForResults(LeaderElection.java:263)
	at org.apache.ratis.server.impl.LeaderElection.askForVotes(LeaderElection.java:201)
	at org.apache.ratis.server.impl.LeaderElection.run(LeaderElection.java:133)
	at java.lang.Thread.run(Thread.java:748)
Caused by: org.apache.ratis.thirdparty.io.grpc.StatusRuntimeException: UNAVAILABLE: io exception
	at org.apache.ratis.thirdparty.io.grpc.stub.ClientCalls.toStatusRuntimeException(ClientCalls.java:233)
	at org.apache.ratis.thirdparty.io.grpc.stub.ClientCalls.getUnchecked(ClientCalls.java:214)
	at org.apache.ratis.thirdparty.io.grpc.stub.ClientCalls.blockingUnaryCall(ClientCalls.java:139)
	at org.apache.ratis.proto.grpc.RaftServerProtocolServiceGrpc$RaftServerProtocolServiceBlockingStub.requestVote(RaftServerProtocolServiceGrpc.java:265)
	at org.apache.ratis.grpc.server.GrpcServerProtocolClient.requestVote(GrpcServerProtocolClient.java:90)
	at org.apache.ratis.grpc.server.GrpcService.requestVote(GrpcService.java:204)
	at org.apache.ratis.server.impl.LeaderElection.lambda$submitRequests$1(LeaderElection.java:238)
	at java.util.concurrent.FutureTask.run(FutureTask.java:266)
	at java.util.concurrent.Executors$RunnableAdapter.call(Executors.java:511)
	at java.util.concurrent.FutureTask.run(FutureTask.java:266)
	at java.util.concurrent.ThreadPoolExecutor.runWorker(ThreadPoolExecutor.java:1149)
	at java.util.concurrent.ThreadPoolExecutor$Worker.run(ThreadPoolExecutor.java:624)
	... 1 more
Caused by: org.apache.ratis.thirdparty.io.netty.channel.AbstractChannel$AnnotatedConnectException: Connection refused: /192.168.5.159:44598
	at sun.nio.ch.SocketChannelImpl.checkConnect(Native Method)
	at sun.nio.ch.SocketChannelImpl.finishConnect(SocketChannelImpl.java:717)
	at org.apache.ratis.thirdparty.io.netty.channel.socket.nio.NioSocketChannel.doFinishConnect(NioSocketChannel.java:327)
	at org.apache.ratis.thirdparty.io.netty.channel.nio.AbstractNioChannel$AbstractNioUnsafe.finishConnect(AbstractNioChannel.java:340)
	at org.apache.ratis.thirdparty.io.netty.channel.nio.NioEventLoop.processSelectedKey(NioEventLoop.java:632)
	at org.apache.ratis.thirdparty.io.netty.channel.nio.NioEventLoop.processSelectedKeysOptimized(NioEventLoop.java:579)
	at org.apache.ratis.thirdparty.io.netty.channel.nio.NioEventLoop.processSelectedKeys(NioEventLoop.java:496)
	at org.apache.ratis.thirdparty.io.netty.channel.nio.NioEventLoop.run(NioEventLoop.java:458)
	at org.apache.ratis.thirdparty.io.netty.util.concurrent.SingleThreadEventExecutor$5.run(SingleThreadEventExecutor.java:897)
	at org.apache.ratis.thirdparty.io.netty.util.concurrent.FastThreadLocalRunnable.run(FastThreadLocalRunnable.java:30)
	... 1 more
Caused by: java.net.ConnectException: Connection refused
	... 11 more
2019-10-14 14:42:41,747 [caa892f0-76ff-4c1e-b30f-b7c59842badc@group-E0B7C1D5C8D3:LeaderElection55] INFO  impl.LeaderElection (LogUtils.java:infoOrTrace(149)) -   Exception 1: {}
java.util.concurrent.ExecutionException: org.apache.ratis.thirdparty.io.grpc.StatusRuntimeException: UNAVAILABLE: io exception
	at java.util.concurrent.FutureTask.report(FutureTask.java:122)
	at java.util.concurrent.FutureTask.get(FutureTask.java:192)
	at org.apache.ratis.server.impl.LeaderElection.waitForResults(LeaderElection.java:263)
	at org.apache.ratis.server.impl.LeaderElection.askForVotes(LeaderElection.java:201)
	at org.apache.ratis.server.impl.LeaderElection.run(LeaderElection.java:133)
	at java.lang.Thread.run(Thread.java:748)
Caused by: org.apache.ratis.thirdparty.io.grpc.StatusRuntimeException: UNAVAILABLE: io exception
	at org.apache.ratis.thirdparty.io.grpc.stub.ClientCalls.toStatusRuntimeException(ClientCalls.java:233)
	at org.apache.ratis.thirdparty.io.grpc.stub.ClientCalls.getUnchecked(ClientCalls.java:214)
	at org.apache.ratis.thirdparty.io.grpc.stub.ClientCalls.blockingUnaryCall(ClientCalls.java:139)
	at org.apache.ratis.proto.grpc.RaftServerProtocolServiceGrpc$RaftServerProtocolServiceBlockingStub.requestVote(RaftServerProtocolServiceGrpc.java:265)
	at org.apache.ratis.grpc.server.GrpcServerProtocolClient.requestVote(GrpcServerProtocolClient.java:90)
	at org.apache.ratis.grpc.server.GrpcService.requestVote(GrpcService.java:204)
	at org.apache.ratis.server.impl.LeaderElection.lambda$submitRequests$1(LeaderElection.java:238)
	at java.util.concurrent.FutureTask.run(FutureTask.java:266)
	at java.util.concurrent.Executors$RunnableAdapter.call(Executors.java:511)
	at java.util.concurrent.FutureTask.run(FutureTask.java:266)
	at java.util.concurrent.ThreadPoolExecutor.runWorker(ThreadPoolExecutor.java:1149)
	at java.util.concurrent.ThreadPoolExecutor$Worker.run(ThreadPoolExecutor.java:624)
	... 1 more
Caused by: org.apache.ratis.thirdparty.io.netty.channel.AbstractChannel$AnnotatedConnectException: Connection refused: /192.168.5.159:45599
	at sun.nio.ch.SocketChannelImpl.checkConnect(Native Method)
	at sun.nio.ch.SocketChannelImpl.finishConnect(SocketChannelImpl.java:717)
	at org.apache.ratis.thirdparty.io.netty.channel.socket.nio.NioSocketChannel.doFinishConnect(NioSocketChannel.java:327)
	at org.apache.ratis.thirdparty.io.netty.channel.nio.AbstractNioChannel$AbstractNioUnsafe.finishConnect(AbstractNioChannel.java:340)
	at org.apache.ratis.thirdparty.io.netty.channel.nio.NioEventLoop.processSelectedKey(NioEventLoop.java:632)
	at org.apache.ratis.thirdparty.io.netty.channel.nio.NioEventLoop.processSelectedKeysOptimized(NioEventLoop.java:579)
	at org.apache.ratis.thirdparty.io.netty.channel.nio.NioEventLoop.processSelectedKeys(NioEventLoop.java:496)
	at org.apache.ratis.thirdparty.io.netty.channel.nio.NioEventLoop.run(NioEventLoop.java:458)
	at org.apache.ratis.thirdparty.io.netty.util.concurrent.SingleThreadEventExecutor$5.run(SingleThreadEventExecutor.java:897)
	at org.apache.ratis.thirdparty.io.netty.util.concurrent.FastThreadLocalRunnable.run(FastThreadLocalRunnable.java:30)
	... 1 more
Caused by: java.net.ConnectException: Connection refused
	... 11 more
2019-10-14 14:42:41,748 [caa892f0-76ff-4c1e-b30f-b7c59842badc@group-E0B7C1D5C8D3:LeaderElection55] INFO  impl.RaftServerImpl (RaftServerImpl.java:setRole(174)) - caa892f0-76ff-4c1e-b30f-b7c59842badc@group-E0B7C1D5C8D3: changes role from CANDIDATE to FOLLOWER at term 10 for DISCOVERED_A_NEW_TERM
2019-10-14 14:42:41,748 [caa892f0-76ff-4c1e-b30f-b7c59842badc@group-E0B7C1D5C8D3:LeaderElection55] INFO  impl.RoleInfo (RoleInfo.java:shutdownLeaderElection(134)) - caa892f0-76ff-4c1e-b30f-b7c59842badc: shutdown LeaderElection
2019-10-14 14:42:41,748 [caa892f0-76ff-4c1e-b30f-b7c59842badc@group-E0B7C1D5C8D3:LeaderElection55] INFO  impl.RoleInfo (RoleInfo.java:updateAndGet(143)) - caa892f0-76ff-4c1e-b30f-b7c59842badc: start FollowerState
2019-10-14 14:42:41,791 [grpc-default-executor-12] WARN  server.GrpcLogAppender (LogUtils.java:warn(134)) - caa892f0-76ff-4c1e-b30f-b7c59842badc@group-382452901537->07a15819-e4fc-4072-82ac-b3e77a99d12a-AppendLogResponseHandler: Failed appendEntries: org.apache.ratis.thirdparty.io.grpc.StatusRuntimeException: UNAVAILABLE: io exception
2019-10-14 14:42:41,791 [grpc-default-executor-12] INFO  impl.FollowerInfo (FollowerInfo.java:lambda$new$0(51)) - caa892f0-76ff-4c1e-b30f-b7c59842badc@group-382452901537->07a15819-e4fc-4072-82ac-b3e77a99d12a: nextIndex: updateUnconditionally 0 -> 0
2019-10-14 14:42:41,824 [grpc-default-executor-12] WARN  server.GrpcLogAppender (LogUtils.java:warn(134)) - caa892f0-76ff-4c1e-b30f-b7c59842badc@group-382452901537->f9748ec4-5d8a-4dfc-8690-85b8cdac3f5d-AppendLogResponseHandler: Failed appendEntries: org.apache.ratis.thirdparty.io.grpc.StatusRuntimeException: UNAVAILABLE: io exception
2019-10-14 14:42:41,825 [grpc-default-executor-12] INFO  impl.FollowerInfo (FollowerInfo.java:lambda$new$0(51)) - caa892f0-76ff-4c1e-b30f-b7c59842badc@group-382452901537->f9748ec4-5d8a-4dfc-8690-85b8cdac3f5d: nextIndex: updateUnconditionally 0 -> 0
2019-10-14 14:42:41,840 [grpc-default-executor-8] WARN  server.GrpcLogAppender (LogUtils.java:warn(134)) - caa892f0-76ff-4c1e-b30f-b7c59842badc@group-026CFA11C8A1->07a15819-e4fc-4072-82ac-b3e77a99d12a-AppendLogResponseHandler: Failed appendEntries: org.apache.ratis.thirdparty.io.grpc.StatusRuntimeException: UNAVAILABLE: io exception
2019-10-14 14:42:41,841 [grpc-default-executor-8] INFO  impl.FollowerInfo (FollowerInfo.java:lambda$new$0(51)) - caa892f0-76ff-4c1e-b30f-b7c59842badc@group-026CFA11C8A1->07a15819-e4fc-4072-82ac-b3e77a99d12a: nextIndex: updateUnconditionally 0 -> 0
2019-10-14 14:42:41,889 [grpc-default-executor-0] WARN  server.GrpcLogAppender (LogUtils.java:warn(134)) - caa892f0-76ff-4c1e-b30f-b7c59842badc@group-026CFA11C8A1->f9748ec4-5d8a-4dfc-8690-85b8cdac3f5d-AppendLogResponseHandler: Failed appendEntries: org.apache.ratis.thirdparty.io.grpc.StatusRuntimeException: UNAVAILABLE: io exception
2019-10-14 14:42:41,890 [grpc-default-executor-0] INFO  impl.FollowerInfo (FollowerInfo.java:lambda$new$0(51)) - caa892f0-76ff-4c1e-b30f-b7c59842badc@group-026CFA11C8A1->f9748ec4-5d8a-4dfc-8690-85b8cdac3f5d: nextIndex: updateUnconditionally 0 -> 0
2019-10-14 14:42:42,294 [grpc-default-executor-12] WARN  server.GrpcLogAppender (LogUtils.java:warn(134)) - caa892f0-76ff-4c1e-b30f-b7c59842badc@group-382452901537->07a15819-e4fc-4072-82ac-b3e77a99d12a-AppendLogResponseHandler: Failed appendEntries: org.apache.ratis.thirdparty.io.grpc.StatusRuntimeException: UNAVAILABLE: io exception
2019-10-14 14:42:42,294 [grpc-default-executor-12] INFO  impl.FollowerInfo (FollowerInfo.java:lambda$new$0(51)) - caa892f0-76ff-4c1e-b30f-b7c59842badc@group-382452901537->07a15819-e4fc-4072-82ac-b3e77a99d12a: nextIndex: updateUnconditionally 0 -> 0
2019-10-14 14:42:42,326 [grpc-default-executor-8] WARN  server.GrpcLogAppender (LogUtils.java:warn(134)) - caa892f0-76ff-4c1e-b30f-b7c59842badc@group-382452901537->f9748ec4-5d8a-4dfc-8690-85b8cdac3f5d-AppendLogResponseHandler: Failed appendEntries: org.apache.ratis.thirdparty.io.grpc.StatusRuntimeException: UNAVAILABLE: io exception
2019-10-14 14:42:42,327 [grpc-default-executor-8] INFO  impl.FollowerInfo (FollowerInfo.java:lambda$new$0(51)) - caa892f0-76ff-4c1e-b30f-b7c59842badc@group-382452901537->f9748ec4-5d8a-4dfc-8690-85b8cdac3f5d: nextIndex: updateUnconditionally 0 -> 0
2019-10-14 14:42:42,341 [grpc-default-executor-0] WARN  server.GrpcLogAppender (LogUtils.java:warn(134)) - caa892f0-76ff-4c1e-b30f-b7c59842badc@group-026CFA11C8A1->07a15819-e4fc-4072-82ac-b3e77a99d12a-AppendLogResponseHandler: Failed appendEntries: org.apache.ratis.thirdparty.io.grpc.StatusRuntimeException: UNAVAILABLE: io exception
2019-10-14 14:42:42,341 [grpc-default-executor-0] INFO  impl.FollowerInfo (FollowerInfo.java:lambda$new$0(51)) - caa892f0-76ff-4c1e-b30f-b7c59842badc@group-026CFA11C8A1->07a15819-e4fc-4072-82ac-b3e77a99d12a: nextIndex: updateUnconditionally 0 -> 0
2019-10-14 14:42:42,394 [grpc-default-executor-12] WARN  server.GrpcLogAppender (LogUtils.java:warn(134)) - caa892f0-76ff-4c1e-b30f-b7c59842badc@group-026CFA11C8A1->f9748ec4-5d8a-4dfc-8690-85b8cdac3f5d-AppendLogResponseHandler: Failed appendEntries: org.apache.ratis.thirdparty.io.grpc.StatusRuntimeException: UNAVAILABLE: io exception
2019-10-14 14:42:42,394 [grpc-default-executor-12] INFO  impl.FollowerInfo (FollowerInfo.java:lambda$new$0(51)) - caa892f0-76ff-4c1e-b30f-b7c59842badc@group-026CFA11C8A1->f9748ec4-5d8a-4dfc-8690-85b8cdac3f5d: nextIndex: updateUnconditionally 0 -> 0
2019-10-14 14:42:42,497 [Thread-1120] INFO  impl.FollowerState (FollowerState.java:run(106)) - caa892f0-76ff-4c1e-b30f-b7c59842badc:group-EA752D978E74 changes to CANDIDATE, lastRpcTime:1046, electionTimeout:1046ms
2019-10-14 14:42:42,497 [Thread-1120] INFO  impl.RoleInfo (RoleInfo.java:shutdownFollowerState(121)) - caa892f0-76ff-4c1e-b30f-b7c59842badc: shutdown FollowerState
2019-10-14 14:42:42,497 [Thread-1120] INFO  impl.RaftServerImpl (RaftServerImpl.java:setRole(174)) - caa892f0-76ff-4c1e-b30f-b7c59842badc@group-EA752D978E74: changes role from  FOLLOWER to CANDIDATE at term 9 for changeToCandidate
2019-10-14 14:42:42,497 [Thread-1120] INFO  impl.RoleInfo (RoleInfo.java:updateAndGet(143)) - caa892f0-76ff-4c1e-b30f-b7c59842badc: start LeaderElection
2019-10-14 14:42:42,505 [caa892f0-76ff-4c1e-b30f-b7c59842badc@group-EA752D978E74:LeaderElection56] INFO  impl.LeaderElection (LeaderElection.java:askForVotes(182)) - caa892f0-76ff-4c1e-b30f-b7c59842badc@group-EA752D978E74:LeaderElection56: begin an election at term 10 for 0: [07a15819-e4fc-4072-82ac-b3e77a99d12a:192.168.5.159:45599, f9748ec4-5d8a-4dfc-8690-85b8cdac3f5d:192.168.5.159:44598, caa892f0-76ff-4c1e-b30f-b7c59842badc:192.168.5.159:39406], old=null
2019-10-14 14:42:42,508 [caa892f0-76ff-4c1e-b30f-b7c59842badc@group-EA752D978E74:LeaderElection56] INFO  impl.LeaderElection (LogUtils.java:infoOrTrace(149)) - caa892f0-76ff-4c1e-b30f-b7c59842badc@group-EA752D978E74:LeaderElection56 got exception when requesting votes: {}
java.util.concurrent.ExecutionException: org.apache.ratis.thirdparty.io.grpc.StatusRuntimeException: UNAVAILABLE: io exception
	at java.util.concurrent.FutureTask.report(FutureTask.java:122)
	at java.util.concurrent.FutureTask.get(FutureTask.java:192)
	at org.apache.ratis.server.impl.LeaderElection.waitForResults(LeaderElection.java:263)
	at org.apache.ratis.server.impl.LeaderElection.askForVotes(LeaderElection.java:201)
	at org.apache.ratis.server.impl.LeaderElection.run(LeaderElection.java:133)
	at java.lang.Thread.run(Thread.java:748)
Caused by: org.apache.ratis.thirdparty.io.grpc.StatusRuntimeException: UNAVAILABLE: io exception
	at org.apache.ratis.thirdparty.io.grpc.stub.ClientCalls.toStatusRuntimeException(ClientCalls.java:233)
	at org.apache.ratis.thirdparty.io.grpc.stub.ClientCalls.getUnchecked(ClientCalls.java:214)
	at org.apache.ratis.thirdparty.io.grpc.stub.ClientCalls.blockingUnaryCall(ClientCalls.java:139)
	at org.apache.ratis.proto.grpc.RaftServerProtocolServiceGrpc$RaftServerProtocolServiceBlockingStub.requestVote(RaftServerProtocolServiceGrpc.java:265)
	at org.apache.ratis.grpc.server.GrpcServerProtocolClient.requestVote(GrpcServerProtocolClient.java:90)
	at org.apache.ratis.grpc.server.GrpcService.requestVote(GrpcService.java:204)
	at org.apache.ratis.server.impl.LeaderElection.lambda$submitRequests$1(LeaderElection.java:238)
	at java.util.concurrent.FutureTask.run(FutureTask.java:266)
	at java.util.concurrent.Executors$RunnableAdapter.call(Executors.java:511)
	at java.util.concurrent.FutureTask.run(FutureTask.java:266)
	at java.util.concurrent.ThreadPoolExecutor.runWorker(ThreadPoolExecutor.java:1149)
	at java.util.concurrent.ThreadPoolExecutor$Worker.run(ThreadPoolExecutor.java:624)
	... 1 more
Caused by: org.apache.ratis.thirdparty.io.netty.channel.AbstractChannel$AnnotatedConnectException: Connection refused: /192.168.5.159:45599
	at sun.nio.ch.SocketChannelImpl.checkConnect(Native Method)
	at sun.nio.ch.SocketChannelImpl.finishConnect(SocketChannelImpl.java:717)
	at org.apache.ratis.thirdparty.io.netty.channel.socket.nio.NioSocketChannel.doFinishConnect(NioSocketChannel.java:327)
	at org.apache.ratis.thirdparty.io.netty.channel.nio.AbstractNioChannel$AbstractNioUnsafe.finishConnect(AbstractNioChannel.java:340)
	at org.apache.ratis.thirdparty.io.netty.channel.nio.NioEventLoop.processSelectedKey(NioEventLoop.java:632)
	at org.apache.ratis.thirdparty.io.netty.channel.nio.NioEventLoop.processSelectedKeysOptimized(NioEventLoop.java:579)
	at org.apache.ratis.thirdparty.io.netty.channel.nio.NioEventLoop.processSelectedKeys(NioEventLoop.java:496)
	at org.apache.ratis.thirdparty.io.netty.channel.nio.NioEventLoop.run(NioEventLoop.java:458)
	at org.apache.ratis.thirdparty.io.netty.util.concurrent.SingleThreadEventExecutor$5.run(SingleThreadEventExecutor.java:897)
	at org.apache.ratis.thirdparty.io.netty.util.concurrent.FastThreadLocalRunnable.run(FastThreadLocalRunnable.java:30)
	... 1 more
Caused by: java.net.ConnectException: Connection refused
	... 11 more
2019-10-14 14:42:42,508 [caa892f0-76ff-4c1e-b30f-b7c59842badc@group-EA752D978E74:LeaderElection56] INFO  impl.LeaderElection (LogUtils.java:infoOrTrace(149)) - caa892f0-76ff-4c1e-b30f-b7c59842badc@group-EA752D978E74:LeaderElection56 got exception when requesting votes: {}
java.util.concurrent.ExecutionException: org.apache.ratis.thirdparty.io.grpc.StatusRuntimeException: UNAVAILABLE: io exception
	at java.util.concurrent.FutureTask.report(FutureTask.java:122)
	at java.util.concurrent.FutureTask.get(FutureTask.java:192)
	at org.apache.ratis.server.impl.LeaderElection.waitForResults(LeaderElection.java:263)
	at org.apache.ratis.server.impl.LeaderElection.askForVotes(LeaderElection.java:201)
	at org.apache.ratis.server.impl.LeaderElection.run(LeaderElection.java:133)
	at java.lang.Thread.run(Thread.java:748)
Caused by: org.apache.ratis.thirdparty.io.grpc.StatusRuntimeException: UNAVAILABLE: io exception
	at org.apache.ratis.thirdparty.io.grpc.stub.ClientCalls.toStatusRuntimeException(ClientCalls.java:233)
	at org.apache.ratis.thirdparty.io.grpc.stub.ClientCalls.getUnchecked(ClientCalls.java:214)
	at org.apache.ratis.thirdparty.io.grpc.stub.ClientCalls.blockingUnaryCall(ClientCalls.java:139)
	at org.apache.ratis.proto.grpc.RaftServerProtocolServiceGrpc$RaftServerProtocolServiceBlockingStub.requestVote(RaftServerProtocolServiceGrpc.java:265)
	at org.apache.ratis.grpc.server.GrpcServerProtocolClient.requestVote(GrpcServerProtocolClient.java:90)
	at org.apache.ratis.grpc.server.GrpcService.requestVote(GrpcService.java:204)
	at org.apache.ratis.server.impl.LeaderElection.lambda$submitRequests$1(LeaderElection.java:238)
	at java.util.concurrent.FutureTask.run(FutureTask.java:266)
	at java.util.concurrent.Executors$RunnableAdapter.call(Executors.java:511)
	at java.util.concurrent.FutureTask.run(FutureTask.java:266)
	at java.util.concurrent.ThreadPoolExecutor.runWorker(ThreadPoolExecutor.java:1149)
	at java.util.concurrent.ThreadPoolExecutor$Worker.run(ThreadPoolExecutor.java:624)
	... 1 more
Caused by: org.apache.ratis.thirdparty.io.netty.channel.AbstractChannel$AnnotatedConnectException: Connection refused: /192.168.5.159:44598
	at sun.nio.ch.SocketChannelImpl.checkConnect(Native Method)
	at sun.nio.ch.SocketChannelImpl.finishConnect(SocketChannelImpl.java:717)
	at org.apache.ratis.thirdparty.io.netty.channel.socket.nio.NioSocketChannel.doFinishConnect(NioSocketChannel.java:327)
	at org.apache.ratis.thirdparty.io.netty.channel.nio.AbstractNioChannel$AbstractNioUnsafe.finishConnect(AbstractNioChannel.java:340)
	at org.apache.ratis.thirdparty.io.netty.channel.nio.NioEventLoop.processSelectedKey(NioEventLoop.java:632)
	at org.apache.ratis.thirdparty.io.netty.channel.nio.NioEventLoop.processSelectedKeysOptimized(NioEventLoop.java:579)
	at org.apache.ratis.thirdparty.io.netty.channel.nio.NioEventLoop.processSelectedKeys(NioEventLoop.java:496)
	at org.apache.ratis.thirdparty.io.netty.channel.nio.NioEventLoop.run(NioEventLoop.java:458)
	at org.apache.ratis.thirdparty.io.netty.util.concurrent.SingleThreadEventExecutor$5.run(SingleThreadEventExecutor.java:897)
	at org.apache.ratis.thirdparty.io.netty.util.concurrent.FastThreadLocalRunnable.run(FastThreadLocalRunnable.java:30)
	... 1 more
Caused by: java.net.ConnectException: Connection refused
	... 11 more
2019-10-14 14:42:42,509 [caa892f0-76ff-4c1e-b30f-b7c59842badc@group-EA752D978E74:LeaderElection56] INFO  impl.LeaderElection (LeaderElection.java:logAndReturn(56)) - caa892f0-76ff-4c1e-b30f-b7c59842badc@group-EA752D978E74:LeaderElection56: Election REJECTED; received 0 response(s) [] and 2 exception(s); caa892f0-76ff-4c1e-b30f-b7c59842badc@group-EA752D978E74:t10, leader=null, voted=caa892f0-76ff-4c1e-b30f-b7c59842badc, raftlog=caa892f0-76ff-4c1e-b30f-b7c59842badc@group-EA752D978E74-SegmentedRaftLog:OPENED:c16,f16,i16, conf=0: [07a15819-e4fc-4072-82ac-b3e77a99d12a:192.168.5.159:45599, f9748ec4-5d8a-4dfc-8690-85b8cdac3f5d:192.168.5.159:44598, caa892f0-76ff-4c1e-b30f-b7c59842badc:192.168.5.159:39406], old=null
2019-10-14 14:42:42,509 [caa892f0-76ff-4c1e-b30f-b7c59842badc@group-EA752D978E74:LeaderElection56] INFO  impl.LeaderElection (LogUtils.java:infoOrTrace(149)) -   Exception 0: {}
java.util.concurrent.ExecutionException: org.apache.ratis.thirdparty.io.grpc.StatusRuntimeException: UNAVAILABLE: io exception
	at java.util.concurrent.FutureTask.report(FutureTask.java:122)
	at java.util.concurrent.FutureTask.get(FutureTask.java:192)
	at org.apache.ratis.server.impl.LeaderElection.waitForResults(LeaderElection.java:263)
	at org.apache.ratis.server.impl.LeaderElection.askForVotes(LeaderElection.java:201)
	at org.apache.ratis.server.impl.LeaderElection.run(LeaderElection.java:133)
	at java.lang.Thread.run(Thread.java:748)
Caused by: org.apache.ratis.thirdparty.io.grpc.StatusRuntimeException: UNAVAILABLE: io exception
	at org.apache.ratis.thirdparty.io.grpc.stub.ClientCalls.toStatusRuntimeException(ClientCalls.java:233)
	at org.apache.ratis.thirdparty.io.grpc.stub.ClientCalls.getUnchecked(ClientCalls.java:214)
	at org.apache.ratis.thirdparty.io.grpc.stub.ClientCalls.blockingUnaryCall(ClientCalls.java:139)
	at org.apache.ratis.proto.grpc.RaftServerProtocolServiceGrpc$RaftServerProtocolServiceBlockingStub.requestVote(RaftServerProtocolServiceGrpc.java:265)
	at org.apache.ratis.grpc.server.GrpcServerProtocolClient.requestVote(GrpcServerProtocolClient.java:90)
	at org.apache.ratis.grpc.server.GrpcService.requestVote(GrpcService.java:204)
	at org.apache.ratis.server.impl.LeaderElection.lambda$submitRequests$1(LeaderElection.java:238)
	at java.util.concurrent.FutureTask.run(FutureTask.java:266)
	at java.util.concurrent.Executors$RunnableAdapter.call(Executors.java:511)
	at java.util.concurrent.FutureTask.run(FutureTask.java:266)
	at java.util.concurrent.ThreadPoolExecutor.runWorker(ThreadPoolExecutor.java:1149)
	at java.util.concurrent.ThreadPoolExecutor$Worker.run(ThreadPoolExecutor.java:624)
	... 1 more
Caused by: org.apache.ratis.thirdparty.io.netty.channel.AbstractChannel$AnnotatedConnectException: Connection refused: /192.168.5.159:45599
	at sun.nio.ch.SocketChannelImpl.checkConnect(Native Method)
	at sun.nio.ch.SocketChannelImpl.finishConnect(SocketChannelImpl.java:717)
	at org.apache.ratis.thirdparty.io.netty.channel.socket.nio.NioSocketChannel.doFinishConnect(NioSocketChannel.java:327)
	at org.apache.ratis.thirdparty.io.netty.channel.nio.AbstractNioChannel$AbstractNioUnsafe.finishConnect(AbstractNioChannel.java:340)
	at org.apache.ratis.thirdparty.io.netty.channel.nio.NioEventLoop.processSelectedKey(NioEventLoop.java:632)
	at org.apache.ratis.thirdparty.io.netty.channel.nio.NioEventLoop.processSelectedKeysOptimized(NioEventLoop.java:579)
	at org.apache.ratis.thirdparty.io.netty.channel.nio.NioEventLoop.processSelectedKeys(NioEventLoop.java:496)
	at org.apache.ratis.thirdparty.io.netty.channel.nio.NioEventLoop.run(NioEventLoop.java:458)
	at org.apache.ratis.thirdparty.io.netty.util.concurrent.SingleThreadEventExecutor$5.run(SingleThreadEventExecutor.java:897)
	at org.apache.ratis.thirdparty.io.netty.util.concurrent.FastThreadLocalRunnable.run(FastThreadLocalRunnable.java:30)
	... 1 more
Caused by: java.net.ConnectException: Connection refused
	... 11 more
2019-10-14 14:42:42,509 [caa892f0-76ff-4c1e-b30f-b7c59842badc@group-EA752D978E74:LeaderElection56] INFO  impl.LeaderElection (LogUtils.java:infoOrTrace(149)) -   Exception 1: {}
java.util.concurrent.ExecutionException: org.apache.ratis.thirdparty.io.grpc.StatusRuntimeException: UNAVAILABLE: io exception
	at java.util.concurrent.FutureTask.report(FutureTask.java:122)
	at java.util.concurrent.FutureTask.get(FutureTask.java:192)
	at org.apache.ratis.server.impl.LeaderElection.waitForResults(LeaderElection.java:263)
	at org.apache.ratis.server.impl.LeaderElection.askForVotes(LeaderElection.java:201)
	at org.apache.ratis.server.impl.LeaderElection.run(LeaderElection.java:133)
	at java.lang.Thread.run(Thread.java:748)
Caused by: org.apache.ratis.thirdparty.io.grpc.StatusRuntimeException: UNAVAILABLE: io exception
	at org.apache.ratis.thirdparty.io.grpc.stub.ClientCalls.toStatusRuntimeException(ClientCalls.java:233)
	at org.apache.ratis.thirdparty.io.grpc.stub.ClientCalls.getUnchecked(ClientCalls.java:214)
	at org.apache.ratis.thirdparty.io.grpc.stub.ClientCalls.blockingUnaryCall(ClientCalls.java:139)
	at org.apache.ratis.proto.grpc.RaftServerProtocolServiceGrpc$RaftServerProtocolServiceBlockingStub.requestVote(RaftServerProtocolServiceGrpc.java:265)
	at org.apache.ratis.grpc.server.GrpcServerProtocolClient.requestVote(GrpcServerProtocolClient.java:90)
	at org.apache.ratis.grpc.server.GrpcService.requestVote(GrpcService.java:204)
	at org.apache.ratis.server.impl.LeaderElection.lambda$submitRequests$1(LeaderElection.java:238)
	at java.util.concurrent.FutureTask.run(FutureTask.java:266)
	at java.util.concurrent.Executors$RunnableAdapter.call(Executors.java:511)
	at java.util.concurrent.FutureTask.run(FutureTask.java:266)
	at java.util.concurrent.ThreadPoolExecutor.runWorker(ThreadPoolExecutor.java:1149)
	at java.util.concurrent.ThreadPoolExecutor$Worker.run(ThreadPoolExecutor.java:624)
	... 1 more
Caused by: org.apache.ratis.thirdparty.io.netty.channel.AbstractChannel$AnnotatedConnectException: Connection refused: /192.168.5.159:44598
	at sun.nio.ch.SocketChannelImpl.checkConnect(Native Method)
	at sun.nio.ch.SocketChannelImpl.finishConnect(SocketChannelImpl.java:717)
	at org.apache.ratis.thirdparty.io.netty.channel.socket.nio.NioSocketChannel.doFinishConnect(NioSocketChannel.java:327)
	at org.apache.ratis.thirdparty.io.netty.channel.nio.AbstractNioChannel$AbstractNioUnsafe.finishConnect(AbstractNioChannel.java:340)
	at org.apache.ratis.thirdparty.io.netty.channel.nio.NioEventLoop.processSelectedKey(NioEventLoop.java:632)
	at org.apache.ratis.thirdparty.io.netty.channel.nio.NioEventLoop.processSelectedKeysOptimized(NioEventLoop.java:579)
	at org.apache.ratis.thirdparty.io.netty.channel.nio.NioEventLoop.processSelectedKeys(NioEventLoop.java:496)
	at org.apache.ratis.thirdparty.io.netty.channel.nio.NioEventLoop.run(NioEventLoop.java:458)
	at org.apache.ratis.thirdparty.io.netty.util.concurrent.SingleThreadEventExecutor$5.run(SingleThreadEventExecutor.java:897)
	at org.apache.ratis.thirdparty.io.netty.util.concurrent.FastThreadLocalRunnable.run(FastThreadLocalRunnable.java:30)
	... 1 more
Caused by: java.net.ConnectException: Connection refused
	... 11 more
2019-10-14 14:42:42,510 [caa892f0-76ff-4c1e-b30f-b7c59842badc@group-EA752D978E74:LeaderElection56] INFO  impl.RaftServerImpl (RaftServerImpl.java:setRole(174)) - caa892f0-76ff-4c1e-b30f-b7c59842badc@group-EA752D978E74: changes role from CANDIDATE to FOLLOWER at term 10 for DISCOVERED_A_NEW_TERM
2019-10-14 14:42:42,510 [caa892f0-76ff-4c1e-b30f-b7c59842badc@group-EA752D978E74:LeaderElection56] INFO  impl.RoleInfo (RoleInfo.java:shutdownLeaderElection(134)) - caa892f0-76ff-4c1e-b30f-b7c59842badc: shutdown LeaderElection
2019-10-14 14:42:42,510 [caa892f0-76ff-4c1e-b30f-b7c59842badc@group-EA752D978E74:LeaderElection56] INFO  impl.RoleInfo (RoleInfo.java:updateAndGet(143)) - caa892f0-76ff-4c1e-b30f-b7c59842badc: start FollowerState
2019-10-14 14:42:42,792 [grpc-default-executor-9] WARN  server.GrpcLogAppender (LogUtils.java:warn(134)) - caa892f0-76ff-4c1e-b30f-b7c59842badc@group-382452901537->07a15819-e4fc-4072-82ac-b3e77a99d12a-AppendLogResponseHandler: Failed appendEntries: org.apache.ratis.thirdparty.io.grpc.StatusRuntimeException: UNAVAILABLE: io exception
2019-10-14 14:42:42,792 [grpc-default-executor-9] INFO  impl.FollowerInfo (FollowerInfo.java:lambda$new$0(51)) - caa892f0-76ff-4c1e-b30f-b7c59842badc@group-382452901537->07a15819-e4fc-4072-82ac-b3e77a99d12a: nextIndex: updateUnconditionally 0 -> 0
2019-10-14 14:42:42,825 [grpc-default-executor-9] WARN  server.GrpcLogAppender (LogUtils.java:warn(134)) - caa892f0-76ff-4c1e-b30f-b7c59842badc@group-382452901537->f9748ec4-5d8a-4dfc-8690-85b8cdac3f5d-AppendLogResponseHandler: Failed appendEntries: org.apache.ratis.thirdparty.io.grpc.StatusRuntimeException: UNAVAILABLE: io exception
2019-10-14 14:42:42,826 [grpc-default-executor-9] INFO  impl.FollowerInfo (FollowerInfo.java:lambda$new$0(51)) - caa892f0-76ff-4c1e-b30f-b7c59842badc@group-382452901537->f9748ec4-5d8a-4dfc-8690-85b8cdac3f5d: nextIndex: updateUnconditionally 0 -> 0
2019-10-14 14:42:42,842 [grpc-default-executor-9] WARN  server.GrpcLogAppender (LogUtils.java:warn(134)) - caa892f0-76ff-4c1e-b30f-b7c59842badc@group-026CFA11C8A1->07a15819-e4fc-4072-82ac-b3e77a99d12a-AppendLogResponseHandler: Failed appendEntries: org.apache.ratis.thirdparty.io.grpc.StatusRuntimeException: UNAVAILABLE: io exception
2019-10-14 14:42:42,843 [grpc-default-executor-9] INFO  impl.FollowerInfo (FollowerInfo.java:lambda$new$0(51)) - caa892f0-76ff-4c1e-b30f-b7c59842badc@group-026CFA11C8A1->07a15819-e4fc-4072-82ac-b3e77a99d12a: nextIndex: updateUnconditionally 0 -> 0
2019-10-14 14:42:42,869 [Thread-1124] INFO  impl.FollowerState (FollowerState.java:run(106)) - caa892f0-76ff-4c1e-b30f-b7c59842badc:group-E0B7C1D5C8D3 changes to CANDIDATE, lastRpcTime:1121, electionTimeout:1121ms
2019-10-14 14:42:42,870 [Thread-1124] INFO  impl.RoleInfo (RoleInfo.java:shutdownFollowerState(121)) - caa892f0-76ff-4c1e-b30f-b7c59842badc: shutdown FollowerState
2019-10-14 14:42:42,870 [Thread-1124] INFO  impl.RaftServerImpl (RaftServerImpl.java:setRole(174)) - caa892f0-76ff-4c1e-b30f-b7c59842badc@group-E0B7C1D5C8D3: changes role from  FOLLOWER to CANDIDATE at term 10 for changeToCandidate
2019-10-14 14:42:42,870 [Thread-1124] INFO  impl.RoleInfo (RoleInfo.java:updateAndGet(143)) - caa892f0-76ff-4c1e-b30f-b7c59842badc: start LeaderElection
2019-10-14 14:42:42,877 [caa892f0-76ff-4c1e-b30f-b7c59842badc@group-E0B7C1D5C8D3:LeaderElection57] INFO  impl.LeaderElection (LeaderElection.java:askForVotes(182)) - caa892f0-76ff-4c1e-b30f-b7c59842badc@group-E0B7C1D5C8D3:LeaderElection57: begin an election at term 11 for 0: [07a15819-e4fc-4072-82ac-b3e77a99d12a:192.168.5.159:45599, f9748ec4-5d8a-4dfc-8690-85b8cdac3f5d:192.168.5.159:44598, caa892f0-76ff-4c1e-b30f-b7c59842badc:192.168.5.159:39406], old=null
2019-10-14 14:42:42,880 [caa892f0-76ff-4c1e-b30f-b7c59842badc@group-E0B7C1D5C8D3:LeaderElection57] INFO  impl.LeaderElection (LogUtils.java:infoOrTrace(149)) - caa892f0-76ff-4c1e-b30f-b7c59842badc@group-E0B7C1D5C8D3:LeaderElection57 got exception when requesting votes: {}
java.util.concurrent.ExecutionException: org.apache.ratis.thirdparty.io.grpc.StatusRuntimeException: UNAVAILABLE: io exception
	at java.util.concurrent.FutureTask.report(FutureTask.java:122)
	at java.util.concurrent.FutureTask.get(FutureTask.java:192)
	at org.apache.ratis.server.impl.LeaderElection.waitForResults(LeaderElection.java:263)
	at org.apache.ratis.server.impl.LeaderElection.askForVotes(LeaderElection.java:201)
	at org.apache.ratis.server.impl.LeaderElection.run(LeaderElection.java:133)
	at java.lang.Thread.run(Thread.java:748)
Caused by: org.apache.ratis.thirdparty.io.grpc.StatusRuntimeException: UNAVAILABLE: io exception
	at org.apache.ratis.thirdparty.io.grpc.stub.ClientCalls.toStatusRuntimeException(ClientCalls.java:233)
	at org.apache.ratis.thirdparty.io.grpc.stub.ClientCalls.getUnchecked(ClientCalls.java:214)
	at org.apache.ratis.thirdparty.io.grpc.stub.ClientCalls.blockingUnaryCall(ClientCalls.java:139)
	at org.apache.ratis.proto.grpc.RaftServerProtocolServiceGrpc$RaftServerProtocolServiceBlockingStub.requestVote(RaftServerProtocolServiceGrpc.java:265)
	at org.apache.ratis.grpc.server.GrpcServerProtocolClient.requestVote(GrpcServerProtocolClient.java:90)
	at org.apache.ratis.grpc.server.GrpcService.requestVote(GrpcService.java:204)
	at org.apache.ratis.server.impl.LeaderElection.lambda$submitRequests$1(LeaderElection.java:238)
	at java.util.concurrent.FutureTask.run(FutureTask.java:266)
	at java.util.concurrent.Executors$RunnableAdapter.call(Executors.java:511)
	at java.util.concurrent.FutureTask.run(FutureTask.java:266)
	at java.util.concurrent.ThreadPoolExecutor.runWorker(ThreadPoolExecutor.java:1149)
	at java.util.concurrent.ThreadPoolExecutor$Worker.run(ThreadPoolExecutor.java:624)
	... 1 more
Caused by: org.apache.ratis.thirdparty.io.netty.channel.AbstractChannel$AnnotatedConnectException: Connection refused: /192.168.5.159:45599
	at sun.nio.ch.SocketChannelImpl.checkConnect(Native Method)
	at sun.nio.ch.SocketChannelImpl.finishConnect(SocketChannelImpl.java:717)
	at org.apache.ratis.thirdparty.io.netty.channel.socket.nio.NioSocketChannel.doFinishConnect(NioSocketChannel.java:327)
	at org.apache.ratis.thirdparty.io.netty.channel.nio.AbstractNioChannel$AbstractNioUnsafe.finishConnect(AbstractNioChannel.java:340)
	at org.apache.ratis.thirdparty.io.netty.channel.nio.NioEventLoop.processSelectedKey(NioEventLoop.java:632)
	at org.apache.ratis.thirdparty.io.netty.channel.nio.NioEventLoop.processSelectedKeysOptimized(NioEventLoop.java:579)
	at org.apache.ratis.thirdparty.io.netty.channel.nio.NioEventLoop.processSelectedKeys(NioEventLoop.java:496)
	at org.apache.ratis.thirdparty.io.netty.channel.nio.NioEventLoop.run(NioEventLoop.java:458)
	at org.apache.ratis.thirdparty.io.netty.util.concurrent.SingleThreadEventExecutor$5.run(SingleThreadEventExecutor.java:897)
	at org.apache.ratis.thirdparty.io.netty.util.concurrent.FastThreadLocalRunnable.run(FastThreadLocalRunnable.java:30)
	... 1 more
Caused by: java.net.ConnectException: Connection refused
	... 11 more
2019-10-14 14:42:42,880 [caa892f0-76ff-4c1e-b30f-b7c59842badc@group-E0B7C1D5C8D3:LeaderElection57] INFO  impl.LeaderElection (LogUtils.java:infoOrTrace(149)) - caa892f0-76ff-4c1e-b30f-b7c59842badc@group-E0B7C1D5C8D3:LeaderElection57 got exception when requesting votes: {}
java.util.concurrent.ExecutionException: org.apache.ratis.thirdparty.io.grpc.StatusRuntimeException: UNAVAILABLE: io exception
	at java.util.concurrent.FutureTask.report(FutureTask.java:122)
	at java.util.concurrent.FutureTask.get(FutureTask.java:192)
	at org.apache.ratis.server.impl.LeaderElection.waitForResults(LeaderElection.java:263)
	at org.apache.ratis.server.impl.LeaderElection.askForVotes(LeaderElection.java:201)
	at org.apache.ratis.server.impl.LeaderElection.run(LeaderElection.java:133)
	at java.lang.Thread.run(Thread.java:748)
Caused by: org.apache.ratis.thirdparty.io.grpc.StatusRuntimeException: UNAVAILABLE: io exception
	at org.apache.ratis.thirdparty.io.grpc.stub.ClientCalls.toStatusRuntimeException(ClientCalls.java:233)
	at org.apache.ratis.thirdparty.io.grpc.stub.ClientCalls.getUnchecked(ClientCalls.java:214)
	at org.apache.ratis.thirdparty.io.grpc.stub.ClientCalls.blockingUnaryCall(ClientCalls.java:139)
	at org.apache.ratis.proto.grpc.RaftServerProtocolServiceGrpc$RaftServerProtocolServiceBlockingStub.requestVote(RaftServerProtocolServiceGrpc.java:265)
	at org.apache.ratis.grpc.server.GrpcServerProtocolClient.requestVote(GrpcServerProtocolClient.java:90)
	at org.apache.ratis.grpc.server.GrpcService.requestVote(GrpcService.java:204)
	at org.apache.ratis.server.impl.LeaderElection.lambda$submitRequests$1(LeaderElection.java:238)
	at java.util.concurrent.FutureTask.run(FutureTask.java:266)
	at java.util.concurrent.Executors$RunnableAdapter.call(Executors.java:511)
	at java.util.concurrent.FutureTask.run(FutureTask.java:266)
	at java.util.concurrent.ThreadPoolExecutor.runWorker(ThreadPoolExecutor.java:1149)
	at java.util.concurrent.ThreadPoolExecutor$Worker.run(ThreadPoolExecutor.java:624)
	... 1 more
Caused by: org.apache.ratis.thirdparty.io.netty.channel.AbstractChannel$AnnotatedConnectException: Connection refused: /192.168.5.159:44598
	at sun.nio.ch.SocketChannelImpl.checkConnect(Native Method)
	at sun.nio.ch.SocketChannelImpl.finishConnect(SocketChannelImpl.java:717)
	at org.apache.ratis.thirdparty.io.netty.channel.socket.nio.NioSocketChannel.doFinishConnect(NioSocketChannel.java:327)
	at org.apache.ratis.thirdparty.io.netty.channel.nio.AbstractNioChannel$AbstractNioUnsafe.finishConnect(AbstractNioChannel.java:340)
	at org.apache.ratis.thirdparty.io.netty.channel.nio.NioEventLoop.processSelectedKey(NioEventLoop.java:632)
	at org.apache.ratis.thirdparty.io.netty.channel.nio.NioEventLoop.processSelectedKeysOptimized(NioEventLoop.java:579)
	at org.apache.ratis.thirdparty.io.netty.channel.nio.NioEventLoop.processSelectedKeys(NioEventLoop.java:496)
	at org.apache.ratis.thirdparty.io.netty.channel.nio.NioEventLoop.run(NioEventLoop.java:458)
	at org.apache.ratis.thirdparty.io.netty.util.concurrent.SingleThreadEventExecutor$5.run(SingleThreadEventExecutor.java:897)
	at org.apache.ratis.thirdparty.io.netty.util.concurrent.FastThreadLocalRunnable.run(FastThreadLocalRunnable.java:30)
	... 1 more
Caused by: java.net.ConnectException: Connection refused
	... 11 more
2019-10-14 14:42:42,880 [caa892f0-76ff-4c1e-b30f-b7c59842badc@group-E0B7C1D5C8D3:LeaderElection57] INFO  impl.LeaderElection (LeaderElection.java:logAndReturn(56)) - caa892f0-76ff-4c1e-b30f-b7c59842badc@group-E0B7C1D5C8D3:LeaderElection57: Election REJECTED; received 0 response(s) [] and 2 exception(s); caa892f0-76ff-4c1e-b30f-b7c59842badc@group-E0B7C1D5C8D3:t11, leader=null, voted=caa892f0-76ff-4c1e-b30f-b7c59842badc, raftlog=caa892f0-76ff-4c1e-b30f-b7c59842badc@group-E0B7C1D5C8D3-SegmentedRaftLog:OPENED:c0,f0,i0, conf=0: [07a15819-e4fc-4072-82ac-b3e77a99d12a:192.168.5.159:45599, f9748ec4-5d8a-4dfc-8690-85b8cdac3f5d:192.168.5.159:44598, caa892f0-76ff-4c1e-b30f-b7c59842badc:192.168.5.159:39406], old=null
2019-10-14 14:42:42,880 [caa892f0-76ff-4c1e-b30f-b7c59842badc@group-E0B7C1D5C8D3:LeaderElection57] INFO  impl.LeaderElection (LogUtils.java:infoOrTrace(149)) -   Exception 0: {}
java.util.concurrent.ExecutionException: org.apache.ratis.thirdparty.io.grpc.StatusRuntimeException: UNAVAILABLE: io exception
	at java.util.concurrent.FutureTask.report(FutureTask.java:122)
	at java.util.concurrent.FutureTask.get(FutureTask.java:192)
	at org.apache.ratis.server.impl.LeaderElection.waitForResults(LeaderElection.java:263)
	at org.apache.ratis.server.impl.LeaderElection.askForVotes(LeaderElection.java:201)
	at org.apache.ratis.server.impl.LeaderElection.run(LeaderElection.java:133)
	at java.lang.Thread.run(Thread.java:748)
Caused by: org.apache.ratis.thirdparty.io.grpc.StatusRuntimeException: UNAVAILABLE: io exception
	at org.apache.ratis.thirdparty.io.grpc.stub.ClientCalls.toStatusRuntimeException(ClientCalls.java:233)
	at org.apache.ratis.thirdparty.io.grpc.stub.ClientCalls.getUnchecked(ClientCalls.java:214)
	at org.apache.ratis.thirdparty.io.grpc.stub.ClientCalls.blockingUnaryCall(ClientCalls.java:139)
	at org.apache.ratis.proto.grpc.RaftServerProtocolServiceGrpc$RaftServerProtocolServiceBlockingStub.requestVote(RaftServerProtocolServiceGrpc.java:265)
	at org.apache.ratis.grpc.server.GrpcServerProtocolClient.requestVote(GrpcServerProtocolClient.java:90)
	at org.apache.ratis.grpc.server.GrpcService.requestVote(GrpcService.java:204)
	at org.apache.ratis.server.impl.LeaderElection.lambda$submitRequests$1(LeaderElection.java:238)
	at java.util.concurrent.FutureTask.run(FutureTask.java:266)
	at java.util.concurrent.Executors$RunnableAdapter.call(Executors.java:511)
	at java.util.concurrent.FutureTask.run(FutureTask.java:266)
	at java.util.concurrent.ThreadPoolExecutor.runWorker(ThreadPoolExecutor.java:1149)
	at java.util.concurrent.ThreadPoolExecutor$Worker.run(ThreadPoolExecutor.java:624)
	... 1 more
Caused by: org.apache.ratis.thirdparty.io.netty.channel.AbstractChannel$AnnotatedConnectException: Connection refused: /192.168.5.159:45599
	at sun.nio.ch.SocketChannelImpl.checkConnect(Native Method)
	at sun.nio.ch.SocketChannelImpl.finishConnect(SocketChannelImpl.java:717)
	at org.apache.ratis.thirdparty.io.netty.channel.socket.nio.NioSocketChannel.doFinishConnect(NioSocketChannel.java:327)
	at org.apache.ratis.thirdparty.io.netty.channel.nio.AbstractNioChannel$AbstractNioUnsafe.finishConnect(AbstractNioChannel.java:340)
	at org.apache.ratis.thirdparty.io.netty.channel.nio.NioEventLoop.processSelectedKey(NioEventLoop.java:632)
	at org.apache.ratis.thirdparty.io.netty.channel.nio.NioEventLoop.processSelectedKeysOptimized(NioEventLoop.java:579)
	at org.apache.ratis.thirdparty.io.netty.channel.nio.NioEventLoop.processSelectedKeys(NioEventLoop.java:496)
	at org.apache.ratis.thirdparty.io.netty.channel.nio.NioEventLoop.run(NioEventLoop.java:458)
	at org.apache.ratis.thirdparty.io.netty.util.concurrent.SingleThreadEventExecutor$5.run(SingleThreadEventExecutor.java:897)
	at org.apache.ratis.thirdparty.io.netty.util.concurrent.FastThreadLocalRunnable.run(FastThreadLocalRunnable.java:30)
	... 1 more
Caused by: java.net.ConnectException: Connection refused
	... 11 more
2019-10-14 14:42:42,881 [caa892f0-76ff-4c1e-b30f-b7c59842badc@group-E0B7C1D5C8D3:LeaderElection57] INFO  impl.LeaderElection (LogUtils.java:infoOrTrace(149)) -   Exception 1: {}
java.util.concurrent.ExecutionException: org.apache.ratis.thirdparty.io.grpc.StatusRuntimeException: UNAVAILABLE: io exception
	at java.util.concurrent.FutureTask.report(FutureTask.java:122)
	at java.util.concurrent.FutureTask.get(FutureTask.java:192)
	at org.apache.ratis.server.impl.LeaderElection.waitForResults(LeaderElection.java:263)
	at org.apache.ratis.server.impl.LeaderElection.askForVotes(LeaderElection.java:201)
	at org.apache.ratis.server.impl.LeaderElection.run(LeaderElection.java:133)
	at java.lang.Thread.run(Thread.java:748)
Caused by: org.apache.ratis.thirdparty.io.grpc.StatusRuntimeException: UNAVAILABLE: io exception
	at org.apache.ratis.thirdparty.io.grpc.stub.ClientCalls.toStatusRuntimeException(ClientCalls.java:233)
	at org.apache.ratis.thirdparty.io.grpc.stub.ClientCalls.getUnchecked(ClientCalls.java:214)
	at org.apache.ratis.thirdparty.io.grpc.stub.ClientCalls.blockingUnaryCall(ClientCalls.java:139)
	at org.apache.ratis.proto.grpc.RaftServerProtocolServiceGrpc$RaftServerProtocolServiceBlockingStub.requestVote(RaftServerProtocolServiceGrpc.java:265)
	at org.apache.ratis.grpc.server.GrpcServerProtocolClient.requestVote(GrpcServerProtocolClient.java:90)
	at org.apache.ratis.grpc.server.GrpcService.requestVote(GrpcService.java:204)
	at org.apache.ratis.server.impl.LeaderElection.lambda$submitRequests$1(LeaderElection.java:238)
	at java.util.concurrent.FutureTask.run(FutureTask.java:266)
	at java.util.concurrent.Executors$RunnableAdapter.call(Executors.java:511)
	at java.util.concurrent.FutureTask.run(FutureTask.java:266)
	at java.util.concurrent.ThreadPoolExecutor.runWorker(ThreadPoolExecutor.java:1149)
	at java.util.concurrent.ThreadPoolExecutor$Worker.run(ThreadPoolExecutor.java:624)
	... 1 more
Caused by: org.apache.ratis.thirdparty.io.netty.channel.AbstractChannel$AnnotatedConnectException: Connection refused: /192.168.5.159:44598
	at sun.nio.ch.SocketChannelImpl.checkConnect(Native Method)
	at sun.nio.ch.SocketChannelImpl.finishConnect(SocketChannelImpl.java:717)
	at org.apache.ratis.thirdparty.io.netty.channel.socket.nio.NioSocketChannel.doFinishConnect(NioSocketChannel.java:327)
	at org.apache.ratis.thirdparty.io.netty.channel.nio.AbstractNioChannel$AbstractNioUnsafe.finishConnect(AbstractNioChannel.java:340)
	at org.apache.ratis.thirdparty.io.netty.channel.nio.NioEventLoop.processSelectedKey(NioEventLoop.java:632)
	at org.apache.ratis.thirdparty.io.netty.channel.nio.NioEventLoop.processSelectedKeysOptimized(NioEventLoop.java:579)
	at org.apache.ratis.thirdparty.io.netty.channel.nio.NioEventLoop.processSelectedKeys(NioEventLoop.java:496)
	at org.apache.ratis.thirdparty.io.netty.channel.nio.NioEventLoop.run(NioEventLoop.java:458)
	at org.apache.ratis.thirdparty.io.netty.util.concurrent.SingleThreadEventExecutor$5.run(SingleThreadEventExecutor.java:897)
	at org.apache.ratis.thirdparty.io.netty.util.concurrent.FastThreadLocalRunnable.run(FastThreadLocalRunnable.java:30)
	... 1 more
Caused by: java.net.ConnectException: Connection refused
	... 11 more
2019-10-14 14:42:42,881 [caa892f0-76ff-4c1e-b30f-b7c59842badc@group-E0B7C1D5C8D3:LeaderElection57] INFO  impl.RaftServerImpl (RaftServerImpl.java:setRole(174)) - caa892f0-76ff-4c1e-b30f-b7c59842badc@group-E0B7C1D5C8D3: changes role from CANDIDATE to FOLLOWER at term 11 for DISCOVERED_A_NEW_TERM
2019-10-14 14:42:42,881 [caa892f0-76ff-4c1e-b30f-b7c59842badc@group-E0B7C1D5C8D3:LeaderElection57] INFO  impl.RoleInfo (RoleInfo.java:shutdownLeaderElection(134)) - caa892f0-76ff-4c1e-b30f-b7c59842badc: shutdown LeaderElection
2019-10-14 14:42:42,881 [caa892f0-76ff-4c1e-b30f-b7c59842badc@group-E0B7C1D5C8D3:LeaderElection57] INFO  impl.RoleInfo (RoleInfo.java:updateAndGet(143)) - caa892f0-76ff-4c1e-b30f-b7c59842badc: start FollowerState
2019-10-14 14:42:42,889 [grpc-default-executor-9] WARN  server.GrpcLogAppender (LogUtils.java:warn(134)) - caa892f0-76ff-4c1e-b30f-b7c59842badc@group-026CFA11C8A1->f9748ec4-5d8a-4dfc-8690-85b8cdac3f5d-AppendLogResponseHandler: Failed appendEntries: org.apache.ratis.thirdparty.io.grpc.StatusRuntimeException: UNAVAILABLE: io exception
2019-10-14 14:42:42,889 [grpc-default-executor-9] INFO  impl.FollowerInfo (FollowerInfo.java:lambda$new$0(51)) - caa892f0-76ff-4c1e-b30f-b7c59842badc@group-026CFA11C8A1->f9748ec4-5d8a-4dfc-8690-85b8cdac3f5d: nextIndex: updateUnconditionally 0 -> 0
2019-10-14 14:42:43,292 [grpc-default-executor-8] WARN  server.GrpcLogAppender (LogUtils.java:warn(134)) - caa892f0-76ff-4c1e-b30f-b7c59842badc@group-382452901537->07a15819-e4fc-4072-82ac-b3e77a99d12a-AppendLogResponseHandler: Failed appendEntries: org.apache.ratis.thirdparty.io.grpc.StatusRuntimeException: UNAVAILABLE: io exception
2019-10-14 14:42:43,293 [grpc-default-executor-8] INFO  impl.FollowerInfo (FollowerInfo.java:lambda$new$0(51)) - caa892f0-76ff-4c1e-b30f-b7c59842badc@group-382452901537->07a15819-e4fc-4072-82ac-b3e77a99d12a: nextIndex: updateUnconditionally 0 -> 0
2019-10-14 14:42:43,327 [grpc-default-executor-0] WARN  server.GrpcLogAppender (LogUtils.java:warn(134)) - caa892f0-76ff-4c1e-b30f-b7c59842badc@group-382452901537->f9748ec4-5d8a-4dfc-8690-85b8cdac3f5d-AppendLogResponseHandler: Failed appendEntries: org.apache.ratis.thirdparty.io.grpc.StatusRuntimeException: UNAVAILABLE: io exception
2019-10-14 14:42:43,327 [grpc-default-executor-0] INFO  impl.FollowerInfo (FollowerInfo.java:lambda$new$0(51)) - caa892f0-76ff-4c1e-b30f-b7c59842badc@group-382452901537->f9748ec4-5d8a-4dfc-8690-85b8cdac3f5d: nextIndex: updateUnconditionally 0 -> 0
2019-10-14 14:42:43,341 [grpc-default-executor-9] WARN  server.GrpcLogAppender (LogUtils.java:warn(134)) - caa892f0-76ff-4c1e-b30f-b7c59842badc@group-026CFA11C8A1->07a15819-e4fc-4072-82ac-b3e77a99d12a-AppendLogResponseHandler: Failed appendEntries: org.apache.ratis.thirdparty.io.grpc.StatusRuntimeException: UNAVAILABLE: io exception
2019-10-14 14:42:43,342 [grpc-default-executor-9] INFO  impl.FollowerInfo (FollowerInfo.java:lambda$new$0(51)) - caa892f0-76ff-4c1e-b30f-b7c59842badc@group-026CFA11C8A1->07a15819-e4fc-4072-82ac-b3e77a99d12a: nextIndex: updateUnconditionally 0 -> 0
2019-10-14 14:42:43,391 [grpc-default-executor-8] WARN  server.GrpcLogAppender (LogUtils.java:warn(134)) - caa892f0-76ff-4c1e-b30f-b7c59842badc@group-026CFA11C8A1->f9748ec4-5d8a-4dfc-8690-85b8cdac3f5d-AppendLogResponseHandler: Failed appendEntries: org.apache.ratis.thirdparty.io.grpc.StatusRuntimeException: UNAVAILABLE: io exception
2019-10-14 14:42:43,392 [grpc-default-executor-8] INFO  impl.FollowerInfo (FollowerInfo.java:lambda$new$0(51)) - caa892f0-76ff-4c1e-b30f-b7c59842badc@group-026CFA11C8A1->f9748ec4-5d8a-4dfc-8690-85b8cdac3f5d: nextIndex: updateUnconditionally 0 -> 0
2019-10-14 14:42:43,678 [Thread-1146] INFO  impl.FollowerState (FollowerState.java:run(106)) - caa892f0-76ff-4c1e-b30f-b7c59842badc:group-EA752D978E74 changes to CANDIDATE, lastRpcTime:1168, electionTimeout:1168ms
2019-10-14 14:42:43,679 [Thread-1146] INFO  impl.RoleInfo (RoleInfo.java:shutdownFollowerState(121)) - caa892f0-76ff-4c1e-b30f-b7c59842badc: shutdown FollowerState
2019-10-14 14:42:43,679 [Thread-1146] INFO  impl.RaftServerImpl (RaftServerImpl.java:setRole(174)) - caa892f0-76ff-4c1e-b30f-b7c59842badc@group-EA752D978E74: changes role from  FOLLOWER to CANDIDATE at term 10 for changeToCandidate
2019-10-14 14:42:43,679 [Thread-1146] INFO  impl.RoleInfo (RoleInfo.java:updateAndGet(143)) - caa892f0-76ff-4c1e-b30f-b7c59842badc: start LeaderElection
2019-10-14 14:42:43,685 [caa892f0-76ff-4c1e-b30f-b7c59842badc@group-EA752D978E74:LeaderElection58] INFO  impl.LeaderElection (LeaderElection.java:askForVotes(182)) - caa892f0-76ff-4c1e-b30f-b7c59842badc@group-EA752D978E74:LeaderElection58: begin an election at term 11 for 0: [07a15819-e4fc-4072-82ac-b3e77a99d12a:192.168.5.159:45599, f9748ec4-5d8a-4dfc-8690-85b8cdac3f5d:192.168.5.159:44598, caa892f0-76ff-4c1e-b30f-b7c59842badc:192.168.5.159:39406], old=null
2019-10-14 14:42:43,688 [caa892f0-76ff-4c1e-b30f-b7c59842badc@group-EA752D978E74:LeaderElection58] INFO  impl.LeaderElection (LogUtils.java:infoOrTrace(149)) - caa892f0-76ff-4c1e-b30f-b7c59842badc@group-EA752D978E74:LeaderElection58 got exception when requesting votes: {}
java.util.concurrent.ExecutionException: org.apache.ratis.thirdparty.io.grpc.StatusRuntimeException: UNAVAILABLE: io exception
	at java.util.concurrent.FutureTask.report(FutureTask.java:122)
	at java.util.concurrent.FutureTask.get(FutureTask.java:192)
	at org.apache.ratis.server.impl.LeaderElection.waitForResults(LeaderElection.java:263)
	at org.apache.ratis.server.impl.LeaderElection.askForVotes(LeaderElection.java:201)
	at org.apache.ratis.server.impl.LeaderElection.run(LeaderElection.java:133)
	at java.lang.Thread.run(Thread.java:748)
Caused by: org.apache.ratis.thirdparty.io.grpc.StatusRuntimeException: UNAVAILABLE: io exception
	at org.apache.ratis.thirdparty.io.grpc.stub.ClientCalls.toStatusRuntimeException(ClientCalls.java:233)
	at org.apache.ratis.thirdparty.io.grpc.stub.ClientCalls.getUnchecked(ClientCalls.java:214)
	at org.apache.ratis.thirdparty.io.grpc.stub.ClientCalls.blockingUnaryCall(ClientCalls.java:139)
	at org.apache.ratis.proto.grpc.RaftServerProtocolServiceGrpc$RaftServerProtocolServiceBlockingStub.requestVote(RaftServerProtocolServiceGrpc.java:265)
	at org.apache.ratis.grpc.server.GrpcServerProtocolClient.requestVote(GrpcServerProtocolClient.java:90)
	at org.apache.ratis.grpc.server.GrpcService.requestVote(GrpcService.java:204)
	at org.apache.ratis.server.impl.LeaderElection.lambda$submitRequests$1(LeaderElection.java:238)
	at java.util.concurrent.FutureTask.run(FutureTask.java:266)
	at java.util.concurrent.Executors$RunnableAdapter.call(Executors.java:511)
	at java.util.concurrent.FutureTask.run(FutureTask.java:266)
	at java.util.concurrent.ThreadPoolExecutor.runWorker(ThreadPoolExecutor.java:1149)
	at java.util.concurrent.ThreadPoolExecutor$Worker.run(ThreadPoolExecutor.java:624)
	... 1 more
Caused by: org.apache.ratis.thirdparty.io.netty.channel.AbstractChannel$AnnotatedConnectException: Connection refused: /192.168.5.159:44598
	at sun.nio.ch.SocketChannelImpl.checkConnect(Native Method)
	at sun.nio.ch.SocketChannelImpl.finishConnect(SocketChannelImpl.java:717)
	at org.apache.ratis.thirdparty.io.netty.channel.socket.nio.NioSocketChannel.doFinishConnect(NioSocketChannel.java:327)
	at org.apache.ratis.thirdparty.io.netty.channel.nio.AbstractNioChannel$AbstractNioUnsafe.finishConnect(AbstractNioChannel.java:340)
	at org.apache.ratis.thirdparty.io.netty.channel.nio.NioEventLoop.processSelectedKey(NioEventLoop.java:632)
	at org.apache.ratis.thirdparty.io.netty.channel.nio.NioEventLoop.processSelectedKeysOptimized(NioEventLoop.java:579)
	at org.apache.ratis.thirdparty.io.netty.channel.nio.NioEventLoop.processSelectedKeys(NioEventLoop.java:496)
	at org.apache.ratis.thirdparty.io.netty.channel.nio.NioEventLoop.run(NioEventLoop.java:458)
	at org.apache.ratis.thirdparty.io.netty.util.concurrent.SingleThreadEventExecutor$5.run(SingleThreadEventExecutor.java:897)
	at org.apache.ratis.thirdparty.io.netty.util.concurrent.FastThreadLocalRunnable.run(FastThreadLocalRunnable.java:30)
	... 1 more
Caused by: java.net.ConnectException: Connection refused
	... 11 more
2019-10-14 14:42:43,689 [caa892f0-76ff-4c1e-b30f-b7c59842badc@group-EA752D978E74:LeaderElection58] INFO  impl.LeaderElection (LogUtils.java:infoOrTrace(149)) - caa892f0-76ff-4c1e-b30f-b7c59842badc@group-EA752D978E74:LeaderElection58 got exception when requesting votes: {}
java.util.concurrent.ExecutionException: org.apache.ratis.thirdparty.io.grpc.StatusRuntimeException: UNAVAILABLE: io exception
	at java.util.concurrent.FutureTask.report(FutureTask.java:122)
	at java.util.concurrent.FutureTask.get(FutureTask.java:192)
	at org.apache.ratis.server.impl.LeaderElection.waitForResults(LeaderElection.java:263)
	at org.apache.ratis.server.impl.LeaderElection.askForVotes(LeaderElection.java:201)
	at org.apache.ratis.server.impl.LeaderElection.run(LeaderElection.java:133)
	at java.lang.Thread.run(Thread.java:748)
Caused by: org.apache.ratis.thirdparty.io.grpc.StatusRuntimeException: UNAVAILABLE: io exception
	at org.apache.ratis.thirdparty.io.grpc.stub.ClientCalls.toStatusRuntimeException(ClientCalls.java:233)
	at org.apache.ratis.thirdparty.io.grpc.stub.ClientCalls.getUnchecked(ClientCalls.java:214)
	at org.apache.ratis.thirdparty.io.grpc.stub.ClientCalls.blockingUnaryCall(ClientCalls.java:139)
	at org.apache.ratis.proto.grpc.RaftServerProtocolServiceGrpc$RaftServerProtocolServiceBlockingStub.requestVote(RaftServerProtocolServiceGrpc.java:265)
	at org.apache.ratis.grpc.server.GrpcServerProtocolClient.requestVote(GrpcServerProtocolClient.java:90)
	at org.apache.ratis.grpc.server.GrpcService.requestVote(GrpcService.java:204)
	at org.apache.ratis.server.impl.LeaderElection.lambda$submitRequests$1(LeaderElection.java:238)
	at java.util.concurrent.FutureTask.run(FutureTask.java:266)
	at java.util.concurrent.Executors$RunnableAdapter.call(Executors.java:511)
	at java.util.concurrent.FutureTask.run(FutureTask.java:266)
	at java.util.concurrent.ThreadPoolExecutor.runWorker(ThreadPoolExecutor.java:1149)
	at java.util.concurrent.ThreadPoolExecutor$Worker.run(ThreadPoolExecutor.java:624)
	... 1 more
Caused by: org.apache.ratis.thirdparty.io.netty.channel.AbstractChannel$AnnotatedConnectException: Connection refused: /192.168.5.159:45599
	at sun.nio.ch.SocketChannelImpl.checkConnect(Native Method)
	at sun.nio.ch.SocketChannelImpl.finishConnect(SocketChannelImpl.java:717)
	at org.apache.ratis.thirdparty.io.netty.channel.socket.nio.NioSocketChannel.doFinishConnect(NioSocketChannel.java:327)
	at org.apache.ratis.thirdparty.io.netty.channel.nio.AbstractNioChannel$AbstractNioUnsafe.finishConnect(AbstractNioChannel.java:340)
	at org.apache.ratis.thirdparty.io.netty.channel.nio.NioEventLoop.processSelectedKey(NioEventLoop.java:632)
	at org.apache.ratis.thirdparty.io.netty.channel.nio.NioEventLoop.processSelectedKeysOptimized(NioEventLoop.java:579)
	at org.apache.ratis.thirdparty.io.netty.channel.nio.NioEventLoop.processSelectedKeys(NioEventLoop.java:496)
	at org.apache.ratis.thirdparty.io.netty.channel.nio.NioEventLoop.run(NioEventLoop.java:458)
	at org.apache.ratis.thirdparty.io.netty.util.concurrent.SingleThreadEventExecutor$5.run(SingleThreadEventExecutor.java:897)
	at org.apache.ratis.thirdparty.io.netty.util.concurrent.FastThreadLocalRunnable.run(FastThreadLocalRunnable.java:30)
	... 1 more
Caused by: java.net.ConnectException: Connection refused
	... 11 more
2019-10-14 14:42:43,689 [caa892f0-76ff-4c1e-b30f-b7c59842badc@group-EA752D978E74:LeaderElection58] INFO  impl.LeaderElection (LeaderElection.java:logAndReturn(56)) - caa892f0-76ff-4c1e-b30f-b7c59842badc@group-EA752D978E74:LeaderElection58: Election REJECTED; received 0 response(s) [] and 2 exception(s); caa892f0-76ff-4c1e-b30f-b7c59842badc@group-EA752D978E74:t11, leader=null, voted=caa892f0-76ff-4c1e-b30f-b7c59842badc, raftlog=caa892f0-76ff-4c1e-b30f-b7c59842badc@group-EA752D978E74-SegmentedRaftLog:OPENED:c16,f16,i16, conf=0: [07a15819-e4fc-4072-82ac-b3e77a99d12a:192.168.5.159:45599, f9748ec4-5d8a-4dfc-8690-85b8cdac3f5d:192.168.5.159:44598, caa892f0-76ff-4c1e-b30f-b7c59842badc:192.168.5.159:39406], old=null
2019-10-14 14:42:43,689 [caa892f0-76ff-4c1e-b30f-b7c59842badc@group-EA752D978E74:LeaderElection58] INFO  impl.LeaderElection (LogUtils.java:infoOrTrace(149)) -   Exception 0: {}
java.util.concurrent.ExecutionException: org.apache.ratis.thirdparty.io.grpc.StatusRuntimeException: UNAVAILABLE: io exception
	at java.util.concurrent.FutureTask.report(FutureTask.java:122)
	at java.util.concurrent.FutureTask.get(FutureTask.java:192)
	at org.apache.ratis.server.impl.LeaderElection.waitForResults(LeaderElection.java:263)
	at org.apache.ratis.server.impl.LeaderElection.askForVotes(LeaderElection.java:201)
	at org.apache.ratis.server.impl.LeaderElection.run(LeaderElection.java:133)
	at java.lang.Thread.run(Thread.java:748)
Caused by: org.apache.ratis.thirdparty.io.grpc.StatusRuntimeException: UNAVAILABLE: io exception
	at org.apache.ratis.thirdparty.io.grpc.stub.ClientCalls.toStatusRuntimeException(ClientCalls.java:233)
	at org.apache.ratis.thirdparty.io.grpc.stub.ClientCalls.getUnchecked(ClientCalls.java:214)
	at org.apache.ratis.thirdparty.io.grpc.stub.ClientCalls.blockingUnaryCall(ClientCalls.java:139)
	at org.apache.ratis.proto.grpc.RaftServerProtocolServiceGrpc$RaftServerProtocolServiceBlockingStub.requestVote(RaftServerProtocolServiceGrpc.java:265)
	at org.apache.ratis.grpc.server.GrpcServerProtocolClient.requestVote(GrpcServerProtocolClient.java:90)
	at org.apache.ratis.grpc.server.GrpcService.requestVote(GrpcService.java:204)
	at org.apache.ratis.server.impl.LeaderElection.lambda$submitRequests$1(LeaderElection.java:238)
	at java.util.concurrent.FutureTask.run(FutureTask.java:266)
	at java.util.concurrent.Executors$RunnableAdapter.call(Executors.java:511)
	at java.util.concurrent.FutureTask.run(FutureTask.java:266)
	at java.util.concurrent.ThreadPoolExecutor.runWorker(ThreadPoolExecutor.java:1149)
	at java.util.concurrent.ThreadPoolExecutor$Worker.run(ThreadPoolExecutor.java:624)
	... 1 more
Caused by: org.apache.ratis.thirdparty.io.netty.channel.AbstractChannel$AnnotatedConnectException: Connection refused: /192.168.5.159:44598
	at sun.nio.ch.SocketChannelImpl.checkConnect(Native Method)
	at sun.nio.ch.SocketChannelImpl.finishConnect(SocketChannelImpl.java:717)
	at org.apache.ratis.thirdparty.io.netty.channel.socket.nio.NioSocketChannel.doFinishConnect(NioSocketChannel.java:327)
	at org.apache.ratis.thirdparty.io.netty.channel.nio.AbstractNioChannel$AbstractNioUnsafe.finishConnect(AbstractNioChannel.java:340)
	at org.apache.ratis.thirdparty.io.netty.channel.nio.NioEventLoop.processSelectedKey(NioEventLoop.java:632)
	at org.apache.ratis.thirdparty.io.netty.channel.nio.NioEventLoop.processSelectedKeysOptimized(NioEventLoop.java:579)
	at org.apache.ratis.thirdparty.io.netty.channel.nio.NioEventLoop.processSelectedKeys(NioEventLoop.java:496)
	at org.apache.ratis.thirdparty.io.netty.channel.nio.NioEventLoop.run(NioEventLoop.java:458)
	at org.apache.ratis.thirdparty.io.netty.util.concurrent.SingleThreadEventExecutor$5.run(SingleThreadEventExecutor.java:897)
	at org.apache.ratis.thirdparty.io.netty.util.concurrent.FastThreadLocalRunnable.run(FastThreadLocalRunnable.java:30)
	... 1 more
Caused by: java.net.ConnectException: Connection refused
	... 11 more
2019-10-14 14:42:43,690 [caa892f0-76ff-4c1e-b30f-b7c59842badc@group-EA752D978E74:LeaderElection58] INFO  impl.LeaderElection (LogUtils.java:infoOrTrace(149)) -   Exception 1: {}
java.util.concurrent.ExecutionException: org.apache.ratis.thirdparty.io.grpc.StatusRuntimeException: UNAVAILABLE: io exception
	at java.util.concurrent.FutureTask.report(FutureTask.java:122)
	at java.util.concurrent.FutureTask.get(FutureTask.java:192)
	at org.apache.ratis.server.impl.LeaderElection.waitForResults(LeaderElection.java:263)
	at org.apache.ratis.server.impl.LeaderElection.askForVotes(LeaderElection.java:201)
	at org.apache.ratis.server.impl.LeaderElection.run(LeaderElection.java:133)
	at java.lang.Thread.run(Thread.java:748)
Caused by: org.apache.ratis.thirdparty.io.grpc.StatusRuntimeException: UNAVAILABLE: io exception
	at org.apache.ratis.thirdparty.io.grpc.stub.ClientCalls.toStatusRuntimeException(ClientCalls.java:233)
	at org.apache.ratis.thirdparty.io.grpc.stub.ClientCalls.getUnchecked(ClientCalls.java:214)
	at org.apache.ratis.thirdparty.io.grpc.stub.ClientCalls.blockingUnaryCall(ClientCalls.java:139)
	at org.apache.ratis.proto.grpc.RaftServerProtocolServiceGrpc$RaftServerProtocolServiceBlockingStub.requestVote(RaftServerProtocolServiceGrpc.java:265)
	at org.apache.ratis.grpc.server.GrpcServerProtocolClient.requestVote(GrpcServerProtocolClient.java:90)
	at org.apache.ratis.grpc.server.GrpcService.requestVote(GrpcService.java:204)
	at org.apache.ratis.server.impl.LeaderElection.lambda$submitRequests$1(LeaderElection.java:238)
	at java.util.concurrent.FutureTask.run(FutureTask.java:266)
	at java.util.concurrent.Executors$RunnableAdapter.call(Executors.java:511)
	at java.util.concurrent.FutureTask.run(FutureTask.java:266)
	at java.util.concurrent.ThreadPoolExecutor.runWorker(ThreadPoolExecutor.java:1149)
	at java.util.concurrent.ThreadPoolExecutor$Worker.run(ThreadPoolExecutor.java:624)
	... 1 more
Caused by: org.apache.ratis.thirdparty.io.netty.channel.AbstractChannel$AnnotatedConnectException: Connection refused: /192.168.5.159:45599
	at sun.nio.ch.SocketChannelImpl.checkConnect(Native Method)
	at sun.nio.ch.SocketChannelImpl.finishConnect(SocketChannelImpl.java:717)
	at org.apache.ratis.thirdparty.io.netty.channel.socket.nio.NioSocketChannel.doFinishConnect(NioSocketChannel.java:327)
	at org.apache.ratis.thirdparty.io.netty.channel.nio.AbstractNioChannel$AbstractNioUnsafe.finishConnect(AbstractNioChannel.java:340)
	at org.apache.ratis.thirdparty.io.netty.channel.nio.NioEventLoop.processSelectedKey(NioEventLoop.java:632)
	at org.apache.ratis.thirdparty.io.netty.channel.nio.NioEventLoop.processSelectedKeysOptimized(NioEventLoop.java:579)
	at org.apache.ratis.thirdparty.io.netty.channel.nio.NioEventLoop.processSelectedKeys(NioEventLoop.java:496)
	at org.apache.ratis.thirdparty.io.netty.channel.nio.NioEventLoop.run(NioEventLoop.java:458)
	at org.apache.ratis.thirdparty.io.netty.util.concurrent.SingleThreadEventExecutor$5.run(SingleThreadEventExecutor.java:897)
	at org.apache.ratis.thirdparty.io.netty.util.concurrent.FastThreadLocalRunnable.run(FastThreadLocalRunnable.java:30)
	... 1 more
Caused by: java.net.ConnectException: Connection refused
	... 11 more
2019-10-14 14:42:43,690 [caa892f0-76ff-4c1e-b30f-b7c59842badc@group-EA752D978E74:LeaderElection58] INFO  impl.RaftServerImpl (RaftServerImpl.java:setRole(174)) - caa892f0-76ff-4c1e-b30f-b7c59842badc@group-EA752D978E74: changes role from CANDIDATE to FOLLOWER at term 11 for DISCOVERED_A_NEW_TERM
2019-10-14 14:42:43,690 [caa892f0-76ff-4c1e-b30f-b7c59842badc@group-EA752D978E74:LeaderElection58] INFO  impl.RoleInfo (RoleInfo.java:shutdownLeaderElection(134)) - caa892f0-76ff-4c1e-b30f-b7c59842badc: shutdown LeaderElection
2019-10-14 14:42:43,690 [caa892f0-76ff-4c1e-b30f-b7c59842badc@group-EA752D978E74:LeaderElection58] INFO  impl.RoleInfo (RoleInfo.java:updateAndGet(143)) - caa892f0-76ff-4c1e-b30f-b7c59842badc: start FollowerState
2019-10-14 14:42:43,793 [grpc-default-executor-8] WARN  server.GrpcLogAppender (LogUtils.java:warn(134)) - caa892f0-76ff-4c1e-b30f-b7c59842badc@group-382452901537->07a15819-e4fc-4072-82ac-b3e77a99d12a-AppendLogResponseHandler: Failed appendEntries: org.apache.ratis.thirdparty.io.grpc.StatusRuntimeException: UNAVAILABLE: io exception
2019-10-14 14:42:43,793 [grpc-default-executor-8] INFO  impl.FollowerInfo (FollowerInfo.java:lambda$new$0(51)) - caa892f0-76ff-4c1e-b30f-b7c59842badc@group-382452901537->07a15819-e4fc-4072-82ac-b3e77a99d12a: nextIndex: updateUnconditionally 0 -> 0
2019-10-14 14:42:43,826 [grpc-default-executor-8] WARN  server.GrpcLogAppender (LogUtils.java:warn(134)) - caa892f0-76ff-4c1e-b30f-b7c59842badc@group-382452901537->f9748ec4-5d8a-4dfc-8690-85b8cdac3f5d-AppendLogResponseHandler: Failed appendEntries: org.apache.ratis.thirdparty.io.grpc.StatusRuntimeException: UNAVAILABLE: io exception
2019-10-14 14:42:43,827 [grpc-default-executor-8] INFO  impl.FollowerInfo (FollowerInfo.java:lambda$new$0(51)) - caa892f0-76ff-4c1e-b30f-b7c59842badc@group-382452901537->f9748ec4-5d8a-4dfc-8690-85b8cdac3f5d: nextIndex: updateUnconditionally 0 -> 0
2019-10-14 14:42:43,843 [grpc-default-executor-8] WARN  server.GrpcLogAppender (LogUtils.java:warn(134)) - caa892f0-76ff-4c1e-b30f-b7c59842badc@group-026CFA11C8A1->07a15819-e4fc-4072-82ac-b3e77a99d12a-AppendLogResponseHandler: Failed appendEntries: org.apache.ratis.thirdparty.io.grpc.StatusRuntimeException: UNAVAILABLE: io exception
2019-10-14 14:42:43,844 [grpc-default-executor-8] INFO  impl.FollowerInfo (FollowerInfo.java:lambda$new$0(51)) - caa892f0-76ff-4c1e-b30f-b7c59842badc@group-026CFA11C8A1->07a15819-e4fc-4072-82ac-b3e77a99d12a: nextIndex: updateUnconditionally 0 -> 0
2019-10-14 14:42:43,892 [grpc-default-executor-8] WARN  server.GrpcLogAppender (LogUtils.java:warn(134)) - caa892f0-76ff-4c1e-b30f-b7c59842badc@group-026CFA11C8A1->f9748ec4-5d8a-4dfc-8690-85b8cdac3f5d-AppendLogResponseHandler: Failed appendEntries: org.apache.ratis.thirdparty.io.grpc.StatusRuntimeException: UNAVAILABLE: io exception
2019-10-14 14:42:43,893 [grpc-default-executor-8] INFO  impl.FollowerInfo (FollowerInfo.java:lambda$new$0(51)) - caa892f0-76ff-4c1e-b30f-b7c59842badc@group-026CFA11C8A1->f9748ec4-5d8a-4dfc-8690-85b8cdac3f5d: nextIndex: updateUnconditionally 0 -> 0
2019-10-14 14:42:43,988 [Thread-1150] INFO  impl.FollowerState (FollowerState.java:run(106)) - caa892f0-76ff-4c1e-b30f-b7c59842badc:group-E0B7C1D5C8D3 changes to CANDIDATE, lastRpcTime:1106, electionTimeout:1106ms
2019-10-14 14:42:43,988 [Thread-1150] INFO  impl.RoleInfo (RoleInfo.java:shutdownFollowerState(121)) - caa892f0-76ff-4c1e-b30f-b7c59842badc: shutdown FollowerState
2019-10-14 14:42:43,988 [Thread-1150] INFO  impl.RaftServerImpl (RaftServerImpl.java:setRole(174)) - caa892f0-76ff-4c1e-b30f-b7c59842badc@group-E0B7C1D5C8D3: changes role from  FOLLOWER to CANDIDATE at term 11 for changeToCandidate
2019-10-14 14:42:43,989 [Thread-1150] INFO  impl.RoleInfo (RoleInfo.java:updateAndGet(143)) - caa892f0-76ff-4c1e-b30f-b7c59842badc: start LeaderElection
2019-10-14 14:42:43,997 [caa892f0-76ff-4c1e-b30f-b7c59842badc@group-E0B7C1D5C8D3:LeaderElection59] INFO  impl.LeaderElection (LeaderElection.java:askForVotes(182)) - caa892f0-76ff-4c1e-b30f-b7c59842badc@group-E0B7C1D5C8D3:LeaderElection59: begin an election at term 12 for 0: [07a15819-e4fc-4072-82ac-b3e77a99d12a:192.168.5.159:45599, f9748ec4-5d8a-4dfc-8690-85b8cdac3f5d:192.168.5.159:44598, caa892f0-76ff-4c1e-b30f-b7c59842badc:192.168.5.159:39406], old=null
2019-10-14 14:42:44,000 [caa892f0-76ff-4c1e-b30f-b7c59842badc@group-E0B7C1D5C8D3:LeaderElection59] INFO  impl.LeaderElection (LogUtils.java:infoOrTrace(149)) - caa892f0-76ff-4c1e-b30f-b7c59842badc@group-E0B7C1D5C8D3:LeaderElection59 got exception when requesting votes: {}
java.util.concurrent.ExecutionException: org.apache.ratis.thirdparty.io.grpc.StatusRuntimeException: UNAVAILABLE: io exception
	at java.util.concurrent.FutureTask.report(FutureTask.java:122)
	at java.util.concurrent.FutureTask.get(FutureTask.java:192)
	at org.apache.ratis.server.impl.LeaderElection.waitForResults(LeaderElection.java:263)
	at org.apache.ratis.server.impl.LeaderElection.askForVotes(LeaderElection.java:201)
	at org.apache.ratis.server.impl.LeaderElection.run(LeaderElection.java:133)
	at java.lang.Thread.run(Thread.java:748)
Caused by: org.apache.ratis.thirdparty.io.grpc.StatusRuntimeException: UNAVAILABLE: io exception
	at org.apache.ratis.thirdparty.io.grpc.stub.ClientCalls.toStatusRuntimeException(ClientCalls.java:233)
	at org.apache.ratis.thirdparty.io.grpc.stub.ClientCalls.getUnchecked(ClientCalls.java:214)
	at org.apache.ratis.thirdparty.io.grpc.stub.ClientCalls.blockingUnaryCall(ClientCalls.java:139)
	at org.apache.ratis.proto.grpc.RaftServerProtocolServiceGrpc$RaftServerProtocolServiceBlockingStub.requestVote(RaftServerProtocolServiceGrpc.java:265)
	at org.apache.ratis.grpc.server.GrpcServerProtocolClient.requestVote(GrpcServerProtocolClient.java:90)
	at org.apache.ratis.grpc.server.GrpcService.requestVote(GrpcService.java:204)
	at org.apache.ratis.server.impl.LeaderElection.lambda$submitRequests$1(LeaderElection.java:238)
	at java.util.concurrent.FutureTask.run(FutureTask.java:266)
	at java.util.concurrent.Executors$RunnableAdapter.call(Executors.java:511)
	at java.util.concurrent.FutureTask.run(FutureTask.java:266)
	at java.util.concurrent.ThreadPoolExecutor.runWorker(ThreadPoolExecutor.java:1149)
	at java.util.concurrent.ThreadPoolExecutor$Worker.run(ThreadPoolExecutor.java:624)
	... 1 more
Caused by: org.apache.ratis.thirdparty.io.netty.channel.AbstractChannel$AnnotatedConnectException: Connection refused: /192.168.5.159:45599
	at sun.nio.ch.SocketChannelImpl.checkConnect(Native Method)
	at sun.nio.ch.SocketChannelImpl.finishConnect(SocketChannelImpl.java:717)
	at org.apache.ratis.thirdparty.io.netty.channel.socket.nio.NioSocketChannel.doFinishConnect(NioSocketChannel.java:327)
	at org.apache.ratis.thirdparty.io.netty.channel.nio.AbstractNioChannel$AbstractNioUnsafe.finishConnect(AbstractNioChannel.java:340)
	at org.apache.ratis.thirdparty.io.netty.channel.nio.NioEventLoop.processSelectedKey(NioEventLoop.java:632)
	at org.apache.ratis.thirdparty.io.netty.channel.nio.NioEventLoop.processSelectedKeysOptimized(NioEventLoop.java:579)
	at org.apache.ratis.thirdparty.io.netty.channel.nio.NioEventLoop.processSelectedKeys(NioEventLoop.java:496)
	at org.apache.ratis.thirdparty.io.netty.channel.nio.NioEventLoop.run(NioEventLoop.java:458)
	at org.apache.ratis.thirdparty.io.netty.util.concurrent.SingleThreadEventExecutor$5.run(SingleThreadEventExecutor.java:897)
	at org.apache.ratis.thirdparty.io.netty.util.concurrent.FastThreadLocalRunnable.run(FastThreadLocalRunnable.java:30)
	... 1 more
Caused by: java.net.ConnectException: Connection refused
	... 11 more
2019-10-14 14:42:44,001 [caa892f0-76ff-4c1e-b30f-b7c59842badc@group-E0B7C1D5C8D3:LeaderElection59] INFO  impl.LeaderElection (LogUtils.java:infoOrTrace(149)) - caa892f0-76ff-4c1e-b30f-b7c59842badc@group-E0B7C1D5C8D3:LeaderElection59 got exception when requesting votes: {}
java.util.concurrent.ExecutionException: org.apache.ratis.thirdparty.io.grpc.StatusRuntimeException: UNAVAILABLE: io exception
	at java.util.concurrent.FutureTask.report(FutureTask.java:122)
	at java.util.concurrent.FutureTask.get(FutureTask.java:192)
	at org.apache.ratis.server.impl.LeaderElection.waitForResults(LeaderElection.java:263)
	at org.apache.ratis.server.impl.LeaderElection.askForVotes(LeaderElection.java:201)
	at org.apache.ratis.server.impl.LeaderElection.run(LeaderElection.java:133)
	at java.lang.Thread.run(Thread.java:748)
Caused by: org.apache.ratis.thirdparty.io.grpc.StatusRuntimeException: UNAVAILABLE: io exception
	at org.apache.ratis.thirdparty.io.grpc.stub.ClientCalls.toStatusRuntimeException(ClientCalls.java:233)
	at org.apache.ratis.thirdparty.io.grpc.stub.ClientCalls.getUnchecked(ClientCalls.java:214)
	at org.apache.ratis.thirdparty.io.grpc.stub.ClientCalls.blockingUnaryCall(ClientCalls.java:139)
	at org.apache.ratis.proto.grpc.RaftServerProtocolServiceGrpc$RaftServerProtocolServiceBlockingStub.requestVote(RaftServerProtocolServiceGrpc.java:265)
	at org.apache.ratis.grpc.server.GrpcServerProtocolClient.requestVote(GrpcServerProtocolClient.java:90)
	at org.apache.ratis.grpc.server.GrpcService.requestVote(GrpcService.java:204)
	at org.apache.ratis.server.impl.LeaderElection.lambda$submitRequests$1(LeaderElection.java:238)
	at java.util.concurrent.FutureTask.run(FutureTask.java:266)
	at java.util.concurrent.Executors$RunnableAdapter.call(Executors.java:511)
	at java.util.concurrent.FutureTask.run(FutureTask.java:266)
	at java.util.concurrent.ThreadPoolExecutor.runWorker(ThreadPoolExecutor.java:1149)
	at java.util.concurrent.ThreadPoolExecutor$Worker.run(ThreadPoolExecutor.java:624)
	... 1 more
Caused by: org.apache.ratis.thirdparty.io.netty.channel.AbstractChannel$AnnotatedConnectException: Connection refused: /192.168.5.159:44598
	at sun.nio.ch.SocketChannelImpl.checkConnect(Native Method)
	at sun.nio.ch.SocketChannelImpl.finishConnect(SocketChannelImpl.java:717)
	at org.apache.ratis.thirdparty.io.netty.channel.socket.nio.NioSocketChannel.doFinishConnect(NioSocketChannel.java:327)
	at org.apache.ratis.thirdparty.io.netty.channel.nio.AbstractNioChannel$AbstractNioUnsafe.finishConnect(AbstractNioChannel.java:340)
	at org.apache.ratis.thirdparty.io.netty.channel.nio.NioEventLoop.processSelectedKey(NioEventLoop.java:632)
	at org.apache.ratis.thirdparty.io.netty.channel.nio.NioEventLoop.processSelectedKeysOptimized(NioEventLoop.java:579)
	at org.apache.ratis.thirdparty.io.netty.channel.nio.NioEventLoop.processSelectedKeys(NioEventLoop.java:496)
	at org.apache.ratis.thirdparty.io.netty.channel.nio.NioEventLoop.run(NioEventLoop.java:458)
	at org.apache.ratis.thirdparty.io.netty.util.concurrent.SingleThreadEventExecutor$5.run(SingleThreadEventExecutor.java:897)
	at org.apache.ratis.thirdparty.io.netty.util.concurrent.FastThreadLocalRunnable.run(FastThreadLocalRunnable.java:30)
	... 1 more
Caused by: java.net.ConnectException: Connection refused
	... 11 more
2019-10-14 14:42:44,009 [caa892f0-76ff-4c1e-b30f-b7c59842badc@group-E0B7C1D5C8D3:LeaderElection59] INFO  impl.LeaderElection (LeaderElection.java:logAndReturn(56)) - caa892f0-76ff-4c1e-b30f-b7c59842badc@group-E0B7C1D5C8D3:LeaderElection59: Election REJECTED; received 0 response(s) [] and 2 exception(s); caa892f0-76ff-4c1e-b30f-b7c59842badc@group-E0B7C1D5C8D3:t12, leader=null, voted=caa892f0-76ff-4c1e-b30f-b7c59842badc, raftlog=caa892f0-76ff-4c1e-b30f-b7c59842badc@group-E0B7C1D5C8D3-SegmentedRaftLog:OPENED:c0,f0,i0, conf=0: [07a15819-e4fc-4072-82ac-b3e77a99d12a:192.168.5.159:45599, f9748ec4-5d8a-4dfc-8690-85b8cdac3f5d:192.168.5.159:44598, caa892f0-76ff-4c1e-b30f-b7c59842badc:192.168.5.159:39406], old=null
2019-10-14 14:42:44,009 [caa892f0-76ff-4c1e-b30f-b7c59842badc@group-E0B7C1D5C8D3:LeaderElection59] INFO  impl.LeaderElection (LogUtils.java:infoOrTrace(149)) -   Exception 0: {}
java.util.concurrent.ExecutionException: org.apache.ratis.thirdparty.io.grpc.StatusRuntimeException: UNAVAILABLE: io exception
	at java.util.concurrent.FutureTask.report(FutureTask.java:122)
	at java.util.concurrent.FutureTask.get(FutureTask.java:192)
	at org.apache.ratis.server.impl.LeaderElection.waitForResults(LeaderElection.java:263)
	at org.apache.ratis.server.impl.LeaderElection.askForVotes(LeaderElection.java:201)
	at org.apache.ratis.server.impl.LeaderElection.run(LeaderElection.java:133)
	at java.lang.Thread.run(Thread.java:748)
Caused by: org.apache.ratis.thirdparty.io.grpc.StatusRuntimeException: UNAVAILABLE: io exception
	at org.apache.ratis.thirdparty.io.grpc.stub.ClientCalls.toStatusRuntimeException(ClientCalls.java:233)
	at org.apache.ratis.thirdparty.io.grpc.stub.ClientCalls.getUnchecked(ClientCalls.java:214)
	at org.apache.ratis.thirdparty.io.grpc.stub.ClientCalls.blockingUnaryCall(ClientCalls.java:139)
	at org.apache.ratis.proto.grpc.RaftServerProtocolServiceGrpc$RaftServerProtocolServiceBlockingStub.requestVote(RaftServerProtocolServiceGrpc.java:265)
	at org.apache.ratis.grpc.server.GrpcServerProtocolClient.requestVote(GrpcServerProtocolClient.java:90)
	at org.apache.ratis.grpc.server.GrpcService.requestVote(GrpcService.java:204)
	at org.apache.ratis.server.impl.LeaderElection.lambda$submitRequests$1(LeaderElection.java:238)
	at java.util.concurrent.FutureTask.run(FutureTask.java:266)
	at java.util.concurrent.Executors$RunnableAdapter.call(Executors.java:511)
	at java.util.concurrent.FutureTask.run(FutureTask.java:266)
	at java.util.concurrent.ThreadPoolExecutor.runWorker(ThreadPoolExecutor.java:1149)
	at java.util.concurrent.ThreadPoolExecutor$Worker.run(ThreadPoolExecutor.java:624)
	... 1 more
Caused by: org.apache.ratis.thirdparty.io.netty.channel.AbstractChannel$AnnotatedConnectException: Connection refused: /192.168.5.159:45599
	at sun.nio.ch.SocketChannelImpl.checkConnect(Native Method)
	at sun.nio.ch.SocketChannelImpl.finishConnect(SocketChannelImpl.java:717)
	at org.apache.ratis.thirdparty.io.netty.channel.socket.nio.NioSocketChannel.doFinishConnect(NioSocketChannel.java:327)
	at org.apache.ratis.thirdparty.io.netty.channel.nio.AbstractNioChannel$AbstractNioUnsafe.finishConnect(AbstractNioChannel.java:340)
	at org.apache.ratis.thirdparty.io.netty.channel.nio.NioEventLoop.processSelectedKey(NioEventLoop.java:632)
	at org.apache.ratis.thirdparty.io.netty.channel.nio.NioEventLoop.processSelectedKeysOptimized(NioEventLoop.java:579)
	at org.apache.ratis.thirdparty.io.netty.channel.nio.NioEventLoop.processSelectedKeys(NioEventLoop.java:496)
	at org.apache.ratis.thirdparty.io.netty.channel.nio.NioEventLoop.run(NioEventLoop.java:458)
	at org.apache.ratis.thirdparty.io.netty.util.concurrent.SingleThreadEventExecutor$5.run(SingleThreadEventExecutor.java:897)
	at org.apache.ratis.thirdparty.io.netty.util.concurrent.FastThreadLocalRunnable.run(FastThreadLocalRunnable.java:30)
	... 1 more
Caused by: java.net.ConnectException: Connection refused
	... 11 more
2019-10-14 14:42:44,009 [caa892f0-76ff-4c1e-b30f-b7c59842badc@group-E0B7C1D5C8D3:LeaderElection59] INFO  impl.LeaderElection (LogUtils.java:infoOrTrace(149)) -   Exception 1: {}
java.util.concurrent.ExecutionException: org.apache.ratis.thirdparty.io.grpc.StatusRuntimeException: UNAVAILABLE: io exception
	at java.util.concurrent.FutureTask.report(FutureTask.java:122)
	at java.util.concurrent.FutureTask.get(FutureTask.java:192)
	at org.apache.ratis.server.impl.LeaderElection.waitForResults(LeaderElection.java:263)
	at org.apache.ratis.server.impl.LeaderElection.askForVotes(LeaderElection.java:201)
	at org.apache.ratis.server.impl.LeaderElection.run(LeaderElection.java:133)
	at java.lang.Thread.run(Thread.java:748)
Caused by: org.apache.ratis.thirdparty.io.grpc.StatusRuntimeException: UNAVAILABLE: io exception
	at org.apache.ratis.thirdparty.io.grpc.stub.ClientCalls.toStatusRuntimeException(ClientCalls.java:233)
	at org.apache.ratis.thirdparty.io.grpc.stub.ClientCalls.getUnchecked(ClientCalls.java:214)
	at org.apache.ratis.thirdparty.io.grpc.stub.ClientCalls.blockingUnaryCall(ClientCalls.java:139)
	at org.apache.ratis.proto.grpc.RaftServerProtocolServiceGrpc$RaftServerProtocolServiceBlockingStub.requestVote(RaftServerProtocolServiceGrpc.java:265)
	at org.apache.ratis.grpc.server.GrpcServerProtocolClient.requestVote(GrpcServerProtocolClient.java:90)
	at org.apache.ratis.grpc.server.GrpcService.requestVote(GrpcService.java:204)
	at org.apache.ratis.server.impl.LeaderElection.lambda$submitRequests$1(LeaderElection.java:238)
	at java.util.concurrent.FutureTask.run(FutureTask.java:266)
	at java.util.concurrent.Executors$RunnableAdapter.call(Executors.java:511)
	at java.util.concurrent.FutureTask.run(FutureTask.java:266)
	at java.util.concurrent.ThreadPoolExecutor.runWorker(ThreadPoolExecutor.java:1149)
	at java.util.concurrent.ThreadPoolExecutor$Worker.run(ThreadPoolExecutor.java:624)
	... 1 more
Caused by: org.apache.ratis.thirdparty.io.netty.channel.AbstractChannel$AnnotatedConnectException: Connection refused: /192.168.5.159:44598
	at sun.nio.ch.SocketChannelImpl.checkConnect(Native Method)
	at sun.nio.ch.SocketChannelImpl.finishConnect(SocketChannelImpl.java:717)
	at org.apache.ratis.thirdparty.io.netty.channel.socket.nio.NioSocketChannel.doFinishConnect(NioSocketChannel.java:327)
	at org.apache.ratis.thirdparty.io.netty.channel.nio.AbstractNioChannel$AbstractNioUnsafe.finishConnect(AbstractNioChannel.java:340)
	at org.apache.ratis.thirdparty.io.netty.channel.nio.NioEventLoop.processSelectedKey(NioEventLoop.java:632)
	at org.apache.ratis.thirdparty.io.netty.channel.nio.NioEventLoop.processSelectedKeysOptimized(NioEventLoop.java:579)
	at org.apache.ratis.thirdparty.io.netty.channel.nio.NioEventLoop.processSelectedKeys(NioEventLoop.java:496)
	at org.apache.ratis.thirdparty.io.netty.channel.nio.NioEventLoop.run(NioEventLoop.java:458)
	at org.apache.ratis.thirdparty.io.netty.util.concurrent.SingleThreadEventExecutor$5.run(SingleThreadEventExecutor.java:897)
	at org.apache.ratis.thirdparty.io.netty.util.concurrent.FastThreadLocalRunnable.run(FastThreadLocalRunnable.java:30)
	... 1 more
Caused by: java.net.ConnectException: Connection refused
	... 11 more
2019-10-14 14:42:44,010 [caa892f0-76ff-4c1e-b30f-b7c59842badc@group-E0B7C1D5C8D3:LeaderElection59] INFO  impl.RaftServerImpl (RaftServerImpl.java:setRole(174)) - caa892f0-76ff-4c1e-b30f-b7c59842badc@group-E0B7C1D5C8D3: changes role from CANDIDATE to FOLLOWER at term 12 for DISCOVERED_A_NEW_TERM
2019-10-14 14:42:44,010 [caa892f0-76ff-4c1e-b30f-b7c59842badc@group-E0B7C1D5C8D3:LeaderElection59] INFO  impl.RoleInfo (RoleInfo.java:shutdownLeaderElection(134)) - caa892f0-76ff-4c1e-b30f-b7c59842badc: shutdown LeaderElection
2019-10-14 14:42:44,010 [caa892f0-76ff-4c1e-b30f-b7c59842badc@group-E0B7C1D5C8D3:LeaderElection59] INFO  impl.RoleInfo (RoleInfo.java:updateAndGet(143)) - caa892f0-76ff-4c1e-b30f-b7c59842badc: start FollowerState
2019-10-14 14:42:44,293 [grpc-default-executor-8] WARN  server.GrpcLogAppender (LogUtils.java:warn(134)) - caa892f0-76ff-4c1e-b30f-b7c59842badc@group-382452901537->07a15819-e4fc-4072-82ac-b3e77a99d12a-AppendLogResponseHandler: Failed appendEntries: org.apache.ratis.thirdparty.io.grpc.StatusRuntimeException: UNAVAILABLE: io exception
2019-10-14 14:42:44,293 [grpc-default-executor-8] INFO  impl.FollowerInfo (FollowerInfo.java:lambda$new$0(51)) - caa892f0-76ff-4c1e-b30f-b7c59842badc@group-382452901537->07a15819-e4fc-4072-82ac-b3e77a99d12a: nextIndex: updateUnconditionally 0 -> 0
2019-10-14 14:42:44,327 [grpc-default-executor-8] WARN  server.GrpcLogAppender (LogUtils.java:warn(134)) - caa892f0-76ff-4c1e-b30f-b7c59842badc@group-382452901537->f9748ec4-5d8a-4dfc-8690-85b8cdac3f5d-AppendLogResponseHandler: Failed appendEntries: org.apache.ratis.thirdparty.io.grpc.StatusRuntimeException: UNAVAILABLE: io exception
2019-10-14 14:42:44,327 [grpc-default-executor-8] INFO  impl.FollowerInfo (FollowerInfo.java:lambda$new$0(51)) - caa892f0-76ff-4c1e-b30f-b7c59842badc@group-382452901537->f9748ec4-5d8a-4dfc-8690-85b8cdac3f5d: nextIndex: updateUnconditionally 0 -> 0
2019-10-14 14:42:44,344 [grpc-default-executor-0] WARN  server.GrpcLogAppender (LogUtils.java:warn(134)) - caa892f0-76ff-4c1e-b30f-b7c59842badc@group-026CFA11C8A1->07a15819-e4fc-4072-82ac-b3e77a99d12a-AppendLogResponseHandler: Failed appendEntries: org.apache.ratis.thirdparty.io.grpc.StatusRuntimeException: UNAVAILABLE: io exception
2019-10-14 14:42:44,344 [grpc-default-executor-0] INFO  impl.FollowerInfo (FollowerInfo.java:lambda$new$0(51)) - caa892f0-76ff-4c1e-b30f-b7c59842badc@group-026CFA11C8A1->07a15819-e4fc-4072-82ac-b3e77a99d12a: nextIndex: updateUnconditionally 0 -> 0
2019-10-14 14:42:44,393 [grpc-default-executor-9] WARN  server.GrpcLogAppender (LogUtils.java:warn(134)) - caa892f0-76ff-4c1e-b30f-b7c59842badc@group-026CFA11C8A1->f9748ec4-5d8a-4dfc-8690-85b8cdac3f5d-AppendLogResponseHandler: Failed appendEntries: org.apache.ratis.thirdparty.io.grpc.StatusRuntimeException: UNAVAILABLE: io exception
2019-10-14 14:42:44,393 [grpc-default-executor-9] INFO  impl.FollowerInfo (FollowerInfo.java:lambda$new$0(51)) - caa892f0-76ff-4c1e-b30f-b7c59842badc@group-026CFA11C8A1->f9748ec4-5d8a-4dfc-8690-85b8cdac3f5d: nextIndex: updateUnconditionally 0 -> 0
2019-10-14 14:42:44,795 [grpc-default-executor-0] WARN  server.GrpcLogAppender (LogUtils.java:warn(134)) - caa892f0-76ff-4c1e-b30f-b7c59842badc@group-382452901537->07a15819-e4fc-4072-82ac-b3e77a99d12a-AppendLogResponseHandler: Failed appendEntries: org.apache.ratis.thirdparty.io.grpc.StatusRuntimeException: UNAVAILABLE: io exception
2019-10-14 14:42:44,796 [grpc-default-executor-0] INFO  impl.FollowerInfo (FollowerInfo.java:lambda$new$0(51)) - caa892f0-76ff-4c1e-b30f-b7c59842badc@group-382452901537->07a15819-e4fc-4072-82ac-b3e77a99d12a: nextIndex: updateUnconditionally 0 -> 0
2019-10-14 14:42:44,829 [grpc-default-executor-8] WARN  server.GrpcLogAppender (LogUtils.java:warn(134)) - caa892f0-76ff-4c1e-b30f-b7c59842badc@group-382452901537->f9748ec4-5d8a-4dfc-8690-85b8cdac3f5d-AppendLogResponseHandler: Failed appendEntries: org.apache.ratis.thirdparty.io.grpc.StatusRuntimeException: UNAVAILABLE: io exception
2019-10-14 14:42:44,829 [grpc-default-executor-8] INFO  impl.FollowerInfo (FollowerInfo.java:lambda$new$0(51)) - caa892f0-76ff-4c1e-b30f-b7c59842badc@group-382452901537->f9748ec4-5d8a-4dfc-8690-85b8cdac3f5d: nextIndex: updateUnconditionally 0 -> 0
2019-10-14 14:42:44,830 [Thread-1171] INFO  impl.FollowerState (FollowerState.java:run(106)) - caa892f0-76ff-4c1e-b30f-b7c59842badc:group-EA752D978E74 changes to CANDIDATE, lastRpcTime:1139, electionTimeout:1139ms
2019-10-14 14:42:44,830 [Thread-1171] INFO  impl.RoleInfo (RoleInfo.java:shutdownFollowerState(121)) - caa892f0-76ff-4c1e-b30f-b7c59842badc: shutdown FollowerState
2019-10-14 14:42:44,830 [Thread-1171] INFO  impl.RaftServerImpl (RaftServerImpl.java:setRole(174)) - caa892f0-76ff-4c1e-b30f-b7c59842badc@group-EA752D978E74: changes role from  FOLLOWER to CANDIDATE at term 11 for changeToCandidate
2019-10-14 14:42:44,830 [Thread-1171] INFO  impl.RoleInfo (RoleInfo.java:updateAndGet(143)) - caa892f0-76ff-4c1e-b30f-b7c59842badc: start LeaderElection
2019-10-14 14:42:44,837 [caa892f0-76ff-4c1e-b30f-b7c59842badc@group-EA752D978E74:LeaderElection60] INFO  impl.LeaderElection (LeaderElection.java:askForVotes(182)) - caa892f0-76ff-4c1e-b30f-b7c59842badc@group-EA752D978E74:LeaderElection60: begin an election at term 12 for 0: [07a15819-e4fc-4072-82ac-b3e77a99d12a:192.168.5.159:45599, f9748ec4-5d8a-4dfc-8690-85b8cdac3f5d:192.168.5.159:44598, caa892f0-76ff-4c1e-b30f-b7c59842badc:192.168.5.159:39406], old=null
2019-10-14 14:42:44,840 [caa892f0-76ff-4c1e-b30f-b7c59842badc@group-EA752D978E74:LeaderElection60] INFO  impl.LeaderElection (LogUtils.java:infoOrTrace(149)) - caa892f0-76ff-4c1e-b30f-b7c59842badc@group-EA752D978E74:LeaderElection60 got exception when requesting votes: {}
java.util.concurrent.ExecutionException: org.apache.ratis.thirdparty.io.grpc.StatusRuntimeException: UNAVAILABLE: io exception
	at java.util.concurrent.FutureTask.report(FutureTask.java:122)
	at java.util.concurrent.FutureTask.get(FutureTask.java:192)
	at org.apache.ratis.server.impl.LeaderElection.waitForResults(LeaderElection.java:263)
	at org.apache.ratis.server.impl.LeaderElection.askForVotes(LeaderElection.java:201)
	at org.apache.ratis.server.impl.LeaderElection.run(LeaderElection.java:133)
	at java.lang.Thread.run(Thread.java:748)
Caused by: org.apache.ratis.thirdparty.io.grpc.StatusRuntimeException: UNAVAILABLE: io exception
	at org.apache.ratis.thirdparty.io.grpc.stub.ClientCalls.toStatusRuntimeException(ClientCalls.java:233)
	at org.apache.ratis.thirdparty.io.grpc.stub.ClientCalls.getUnchecked(ClientCalls.java:214)
	at org.apache.ratis.thirdparty.io.grpc.stub.ClientCalls.blockingUnaryCall(ClientCalls.java:139)
	at org.apache.ratis.proto.grpc.RaftServerProtocolServiceGrpc$RaftServerProtocolServiceBlockingStub.requestVote(RaftServerProtocolServiceGrpc.java:265)
	at org.apache.ratis.grpc.server.GrpcServerProtocolClient.requestVote(GrpcServerProtocolClient.java:90)
	at org.apache.ratis.grpc.server.GrpcService.requestVote(GrpcService.java:204)
	at org.apache.ratis.server.impl.LeaderElection.lambda$submitRequests$1(LeaderElection.java:238)
	at java.util.concurrent.FutureTask.run(FutureTask.java:266)
	at java.util.concurrent.Executors$RunnableAdapter.call(Executors.java:511)
	at java.util.concurrent.FutureTask.run(FutureTask.java:266)
	at java.util.concurrent.ThreadPoolExecutor.runWorker(ThreadPoolExecutor.java:1149)
	at java.util.concurrent.ThreadPoolExecutor$Worker.run(ThreadPoolExecutor.java:624)
	... 1 more
Caused by: org.apache.ratis.thirdparty.io.netty.channel.AbstractChannel$AnnotatedConnectException: Connection refused: /192.168.5.159:45599
	at sun.nio.ch.SocketChannelImpl.checkConnect(Native Method)
	at sun.nio.ch.SocketChannelImpl.finishConnect(SocketChannelImpl.java:717)
	at org.apache.ratis.thirdparty.io.netty.channel.socket.nio.NioSocketChannel.doFinishConnect(NioSocketChannel.java:327)
	at org.apache.ratis.thirdparty.io.netty.channel.nio.AbstractNioChannel$AbstractNioUnsafe.finishConnect(AbstractNioChannel.java:340)
	at org.apache.ratis.thirdparty.io.netty.channel.nio.NioEventLoop.processSelectedKey(NioEventLoop.java:632)
	at org.apache.ratis.thirdparty.io.netty.channel.nio.NioEventLoop.processSelectedKeysOptimized(NioEventLoop.java:579)
	at org.apache.ratis.thirdparty.io.netty.channel.nio.NioEventLoop.processSelectedKeys(NioEventLoop.java:496)
	at org.apache.ratis.thirdparty.io.netty.channel.nio.NioEventLoop.run(NioEventLoop.java:458)
	at org.apache.ratis.thirdparty.io.netty.util.concurrent.SingleThreadEventExecutor$5.run(SingleThreadEventExecutor.java:897)
	at org.apache.ratis.thirdparty.io.netty.util.concurrent.FastThreadLocalRunnable.run(FastThreadLocalRunnable.java:30)
	... 1 more
Caused by: java.net.ConnectException: Connection refused
	... 11 more
2019-10-14 14:42:44,841 [caa892f0-76ff-4c1e-b30f-b7c59842badc@group-EA752D978E74:LeaderElection60] INFO  impl.LeaderElection (LogUtils.java:infoOrTrace(149)) - caa892f0-76ff-4c1e-b30f-b7c59842badc@group-EA752D978E74:LeaderElection60 got exception when requesting votes: {}
java.util.concurrent.ExecutionException: org.apache.ratis.thirdparty.io.grpc.StatusRuntimeException: UNAVAILABLE: io exception
	at java.util.concurrent.FutureTask.report(FutureTask.java:122)
	at java.util.concurrent.FutureTask.get(FutureTask.java:192)
	at org.apache.ratis.server.impl.LeaderElection.waitForResults(LeaderElection.java:263)
	at org.apache.ratis.server.impl.LeaderElection.askForVotes(LeaderElection.java:201)
	at org.apache.ratis.server.impl.LeaderElection.run(LeaderElection.java:133)
	at java.lang.Thread.run(Thread.java:748)
Caused by: org.apache.ratis.thirdparty.io.grpc.StatusRuntimeException: UNAVAILABLE: io exception
	at org.apache.ratis.thirdparty.io.grpc.stub.ClientCalls.toStatusRuntimeException(ClientCalls.java:233)
	at org.apache.ratis.thirdparty.io.grpc.stub.ClientCalls.getUnchecked(ClientCalls.java:214)
	at org.apache.ratis.thirdparty.io.grpc.stub.ClientCalls.blockingUnaryCall(ClientCalls.java:139)
	at org.apache.ratis.proto.grpc.RaftServerProtocolServiceGrpc$RaftServerProtocolServiceBlockingStub.requestVote(RaftServerProtocolServiceGrpc.java:265)
	at org.apache.ratis.grpc.server.GrpcServerProtocolClient.requestVote(GrpcServerProtocolClient.java:90)
	at org.apache.ratis.grpc.server.GrpcService.requestVote(GrpcService.java:204)
	at org.apache.ratis.server.impl.LeaderElection.lambda$submitRequests$1(LeaderElection.java:238)
	at java.util.concurrent.FutureTask.run(FutureTask.java:266)
	at java.util.concurrent.Executors$RunnableAdapter.call(Executors.java:511)
	at java.util.concurrent.FutureTask.run(FutureTask.java:266)
	at java.util.concurrent.ThreadPoolExecutor.runWorker(ThreadPoolExecutor.java:1149)
	at java.util.concurrent.ThreadPoolExecutor$Worker.run(ThreadPoolExecutor.java:624)
	... 1 more
Caused by: org.apache.ratis.thirdparty.io.netty.channel.AbstractChannel$AnnotatedConnectException: Connection refused: /192.168.5.159:44598
	at sun.nio.ch.SocketChannelImpl.checkConnect(Native Method)
	at sun.nio.ch.SocketChannelImpl.finishConnect(SocketChannelImpl.java:717)
	at org.apache.ratis.thirdparty.io.netty.channel.socket.nio.NioSocketChannel.doFinishConnect(NioSocketChannel.java:327)
	at org.apache.ratis.thirdparty.io.netty.channel.nio.AbstractNioChannel$AbstractNioUnsafe.finishConnect(AbstractNioChannel.java:340)
	at org.apache.ratis.thirdparty.io.netty.channel.nio.NioEventLoop.processSelectedKey(NioEventLoop.java:632)
	at org.apache.ratis.thirdparty.io.netty.channel.nio.NioEventLoop.processSelectedKeysOptimized(NioEventLoop.java:579)
	at org.apache.ratis.thirdparty.io.netty.channel.nio.NioEventLoop.processSelectedKeys(NioEventLoop.java:496)
	at org.apache.ratis.thirdparty.io.netty.channel.nio.NioEventLoop.run(NioEventLoop.java:458)
	at org.apache.ratis.thirdparty.io.netty.util.concurrent.SingleThreadEventExecutor$5.run(SingleThreadEventExecutor.java:897)
	at org.apache.ratis.thirdparty.io.netty.util.concurrent.FastThreadLocalRunnable.run(FastThreadLocalRunnable.java:30)
	... 1 more
Caused by: java.net.ConnectException: Connection refused
	... 11 more
2019-10-14 14:42:44,841 [caa892f0-76ff-4c1e-b30f-b7c59842badc@group-EA752D978E74:LeaderElection60] INFO  impl.LeaderElection (LeaderElection.java:logAndReturn(56)) - caa892f0-76ff-4c1e-b30f-b7c59842badc@group-EA752D978E74:LeaderElection60: Election REJECTED; received 0 response(s) [] and 2 exception(s); caa892f0-76ff-4c1e-b30f-b7c59842badc@group-EA752D978E74:t12, leader=null, voted=caa892f0-76ff-4c1e-b30f-b7c59842badc, raftlog=caa892f0-76ff-4c1e-b30f-b7c59842badc@group-EA752D978E74-SegmentedRaftLog:OPENED:c16,f16,i16, conf=0: [07a15819-e4fc-4072-82ac-b3e77a99d12a:192.168.5.159:45599, f9748ec4-5d8a-4dfc-8690-85b8cdac3f5d:192.168.5.159:44598, caa892f0-76ff-4c1e-b30f-b7c59842badc:192.168.5.159:39406], old=null
2019-10-14 14:42:44,841 [caa892f0-76ff-4c1e-b30f-b7c59842badc@group-EA752D978E74:LeaderElection60] INFO  impl.LeaderElection (LogUtils.java:infoOrTrace(149)) -   Exception 0: {}
java.util.concurrent.ExecutionException: org.apache.ratis.thirdparty.io.grpc.StatusRuntimeException: UNAVAILABLE: io exception
	at java.util.concurrent.FutureTask.report(FutureTask.java:122)
	at java.util.concurrent.FutureTask.get(FutureTask.java:192)
	at org.apache.ratis.server.impl.LeaderElection.waitForResults(LeaderElection.java:263)
	at org.apache.ratis.server.impl.LeaderElection.askForVotes(LeaderElection.java:201)
	at org.apache.ratis.server.impl.LeaderElection.run(LeaderElection.java:133)
	at java.lang.Thread.run(Thread.java:748)
Caused by: org.apache.ratis.thirdparty.io.grpc.StatusRuntimeException: UNAVAILABLE: io exception
	at org.apache.ratis.thirdparty.io.grpc.stub.ClientCalls.toStatusRuntimeException(ClientCalls.java:233)
	at org.apache.ratis.thirdparty.io.grpc.stub.ClientCalls.getUnchecked(ClientCalls.java:214)
	at org.apache.ratis.thirdparty.io.grpc.stub.ClientCalls.blockingUnaryCall(ClientCalls.java:139)
	at org.apache.ratis.proto.grpc.RaftServerProtocolServiceGrpc$RaftServerProtocolServiceBlockingStub.requestVote(RaftServerProtocolServiceGrpc.java:265)
	at org.apache.ratis.grpc.server.GrpcServerProtocolClient.requestVote(GrpcServerProtocolClient.java:90)
	at org.apache.ratis.grpc.server.GrpcService.requestVote(GrpcService.java:204)
	at org.apache.ratis.server.impl.LeaderElection.lambda$submitRequests$1(LeaderElection.java:238)
	at java.util.concurrent.FutureTask.run(FutureTask.java:266)
	at java.util.concurrent.Executors$RunnableAdapter.call(Executors.java:511)
	at java.util.concurrent.FutureTask.run(FutureTask.java:266)
	at java.util.concurrent.ThreadPoolExecutor.runWorker(ThreadPoolExecutor.java:1149)
	at java.util.concurrent.ThreadPoolExecutor$Worker.run(ThreadPoolExecutor.java:624)
	... 1 more
Caused by: org.apache.ratis.thirdparty.io.netty.channel.AbstractChannel$AnnotatedConnectException: Connection refused: /192.168.5.159:45599
	at sun.nio.ch.SocketChannelImpl.checkConnect(Native Method)
	at sun.nio.ch.SocketChannelImpl.finishConnect(SocketChannelImpl.java:717)
	at org.apache.ratis.thirdparty.io.netty.channel.socket.nio.NioSocketChannel.doFinishConnect(NioSocketChannel.java:327)
	at org.apache.ratis.thirdparty.io.netty.channel.nio.AbstractNioChannel$AbstractNioUnsafe.finishConnect(AbstractNioChannel.java:340)
	at org.apache.ratis.thirdparty.io.netty.channel.nio.NioEventLoop.processSelectedKey(NioEventLoop.java:632)
	at org.apache.ratis.thirdparty.io.netty.channel.nio.NioEventLoop.processSelectedKeysOptimized(NioEventLoop.java:579)
	at org.apache.ratis.thirdparty.io.netty.channel.nio.NioEventLoop.processSelectedKeys(NioEventLoop.java:496)
	at org.apache.ratis.thirdparty.io.netty.channel.nio.NioEventLoop.run(NioEventLoop.java:458)
	at org.apache.ratis.thirdparty.io.netty.util.concurrent.SingleThreadEventExecutor$5.run(SingleThreadEventExecutor.java:897)
	at org.apache.ratis.thirdparty.io.netty.util.concurrent.FastThreadLocalRunnable.run(FastThreadLocalRunnable.java:30)
	... 1 more
Caused by: java.net.ConnectException: Connection refused
	... 11 more
2019-10-14 14:42:44,842 [caa892f0-76ff-4c1e-b30f-b7c59842badc@group-EA752D978E74:LeaderElection60] INFO  impl.LeaderElection (LogUtils.java:infoOrTrace(149)) -   Exception 1: {}
java.util.concurrent.ExecutionException: org.apache.ratis.thirdparty.io.grpc.StatusRuntimeException: UNAVAILABLE: io exception
	at java.util.concurrent.FutureTask.report(FutureTask.java:122)
	at java.util.concurrent.FutureTask.get(FutureTask.java:192)
	at org.apache.ratis.server.impl.LeaderElection.waitForResults(LeaderElection.java:263)
	at org.apache.ratis.server.impl.LeaderElection.askForVotes(LeaderElection.java:201)
	at org.apache.ratis.server.impl.LeaderElection.run(LeaderElection.java:133)
	at java.lang.Thread.run(Thread.java:748)
Caused by: org.apache.ratis.thirdparty.io.grpc.StatusRuntimeException: UNAVAILABLE: io exception
	at org.apache.ratis.thirdparty.io.grpc.stub.ClientCalls.toStatusRuntimeException(ClientCalls.java:233)
	at org.apache.ratis.thirdparty.io.grpc.stub.ClientCalls.getUnchecked(ClientCalls.java:214)
	at org.apache.ratis.thirdparty.io.grpc.stub.ClientCalls.blockingUnaryCall(ClientCalls.java:139)
	at org.apache.ratis.proto.grpc.RaftServerProtocolServiceGrpc$RaftServerProtocolServiceBlockingStub.requestVote(RaftServerProtocolServiceGrpc.java:265)
	at org.apache.ratis.grpc.server.GrpcServerProtocolClient.requestVote(GrpcServerProtocolClient.java:90)
	at org.apache.ratis.grpc.server.GrpcService.requestVote(GrpcService.java:204)
	at org.apache.ratis.server.impl.LeaderElection.lambda$submitRequests$1(LeaderElection.java:238)
	at java.util.concurrent.FutureTask.run(FutureTask.java:266)
	at java.util.concurrent.Executors$RunnableAdapter.call(Executors.java:511)
	at java.util.concurrent.FutureTask.run(FutureTask.java:266)
	at java.util.concurrent.ThreadPoolExecutor.runWorker(ThreadPoolExecutor.java:1149)
	at java.util.concurrent.ThreadPoolExecutor$Worker.run(ThreadPoolExecutor.java:624)
	... 1 more
Caused by: org.apache.ratis.thirdparty.io.netty.channel.AbstractChannel$AnnotatedConnectException: Connection refused: /192.168.5.159:44598
	at sun.nio.ch.SocketChannelImpl.checkConnect(Native Method)
	at sun.nio.ch.SocketChannelImpl.finishConnect(SocketChannelImpl.java:717)
	at org.apache.ratis.thirdparty.io.netty.channel.socket.nio.NioSocketChannel.doFinishConnect(NioSocketChannel.java:327)
	at org.apache.ratis.thirdparty.io.netty.channel.nio.AbstractNioChannel$AbstractNioUnsafe.finishConnect(AbstractNioChannel.java:340)
	at org.apache.ratis.thirdparty.io.netty.channel.nio.NioEventLoop.processSelectedKey(NioEventLoop.java:632)
	at org.apache.ratis.thirdparty.io.netty.channel.nio.NioEventLoop.processSelectedKeysOptimized(NioEventLoop.java:579)
	at org.apache.ratis.thirdparty.io.netty.channel.nio.NioEventLoop.processSelectedKeys(NioEventLoop.java:496)
	at org.apache.ratis.thirdparty.io.netty.channel.nio.NioEventLoop.run(NioEventLoop.java:458)
	at org.apache.ratis.thirdparty.io.netty.util.concurrent.SingleThreadEventExecutor$5.run(SingleThreadEventExecutor.java:897)
	at org.apache.ratis.thirdparty.io.netty.util.concurrent.FastThreadLocalRunnable.run(FastThreadLocalRunnable.java:30)
	... 1 more
Caused by: java.net.ConnectException: Connection refused
	... 11 more
2019-10-14 14:42:44,842 [caa892f0-76ff-4c1e-b30f-b7c59842badc@group-EA752D978E74:LeaderElection60] INFO  impl.RaftServerImpl (RaftServerImpl.java:setRole(174)) - caa892f0-76ff-4c1e-b30f-b7c59842badc@group-EA752D978E74: changes role from CANDIDATE to FOLLOWER at term 12 for DISCOVERED_A_NEW_TERM
2019-10-14 14:42:44,843 [caa892f0-76ff-4c1e-b30f-b7c59842badc@group-EA752D978E74:LeaderElection60] INFO  impl.RoleInfo (RoleInfo.java:shutdownLeaderElection(134)) - caa892f0-76ff-4c1e-b30f-b7c59842badc: shutdown LeaderElection
2019-10-14 14:42:44,843 [caa892f0-76ff-4c1e-b30f-b7c59842badc@group-EA752D978E74:LeaderElection60] INFO  impl.RoleInfo (RoleInfo.java:updateAndGet(143)) - caa892f0-76ff-4c1e-b30f-b7c59842badc: start FollowerState
2019-10-14 14:42:44,844 [grpc-default-executor-0] WARN  server.GrpcLogAppender (LogUtils.java:warn(134)) - caa892f0-76ff-4c1e-b30f-b7c59842badc@group-026CFA11C8A1->07a15819-e4fc-4072-82ac-b3e77a99d12a-AppendLogResponseHandler: Failed appendEntries: org.apache.ratis.thirdparty.io.grpc.StatusRuntimeException: UNAVAILABLE: io exception
2019-10-14 14:42:44,844 [grpc-default-executor-0] INFO  impl.FollowerInfo (FollowerInfo.java:lambda$new$0(51)) - caa892f0-76ff-4c1e-b30f-b7c59842badc@group-026CFA11C8A1->07a15819-e4fc-4072-82ac-b3e77a99d12a: nextIndex: updateUnconditionally 0 -> 0
2019-10-14 14:42:44,892 [grpc-default-executor-0] WARN  server.GrpcLogAppender (LogUtils.java:warn(134)) - caa892f0-76ff-4c1e-b30f-b7c59842badc@group-026CFA11C8A1->f9748ec4-5d8a-4dfc-8690-85b8cdac3f5d-AppendLogResponseHandler: Failed appendEntries: org.apache.ratis.thirdparty.io.grpc.StatusRuntimeException: UNAVAILABLE: io exception
2019-10-14 14:42:44,892 [grpc-default-executor-0] INFO  impl.FollowerInfo (FollowerInfo.java:lambda$new$0(51)) - caa892f0-76ff-4c1e-b30f-b7c59842badc@group-026CFA11C8A1->f9748ec4-5d8a-4dfc-8690-85b8cdac3f5d: nextIndex: updateUnconditionally 0 -> 0
2019-10-14 14:42:45,019 [Thread-1183] INFO  impl.FollowerState (FollowerState.java:run(106)) - caa892f0-76ff-4c1e-b30f-b7c59842badc:group-E0B7C1D5C8D3 changes to CANDIDATE, lastRpcTime:1008, electionTimeout:1008ms
2019-10-14 14:42:45,019 [Thread-1183] INFO  impl.RoleInfo (RoleInfo.java:shutdownFollowerState(121)) - caa892f0-76ff-4c1e-b30f-b7c59842badc: shutdown FollowerState
2019-10-14 14:42:45,020 [Thread-1183] INFO  impl.RaftServerImpl (RaftServerImpl.java:setRole(174)) - caa892f0-76ff-4c1e-b30f-b7c59842badc@group-E0B7C1D5C8D3: changes role from  FOLLOWER to CANDIDATE at term 12 for changeToCandidate
2019-10-14 14:42:45,020 [Thread-1183] INFO  impl.RoleInfo (RoleInfo.java:updateAndGet(143)) - caa892f0-76ff-4c1e-b30f-b7c59842badc: start LeaderElection
2019-10-14 14:42:45,038 [caa892f0-76ff-4c1e-b30f-b7c59842badc@group-E0B7C1D5C8D3:LeaderElection61] INFO  impl.LeaderElection (LeaderElection.java:askForVotes(182)) - caa892f0-76ff-4c1e-b30f-b7c59842badc@group-E0B7C1D5C8D3:LeaderElection61: begin an election at term 13 for 0: [07a15819-e4fc-4072-82ac-b3e77a99d12a:192.168.5.159:45599, f9748ec4-5d8a-4dfc-8690-85b8cdac3f5d:192.168.5.159:44598, caa892f0-76ff-4c1e-b30f-b7c59842badc:192.168.5.159:39406], old=null
2019-10-14 14:42:45,041 [caa892f0-76ff-4c1e-b30f-b7c59842badc@group-E0B7C1D5C8D3:LeaderElection61] INFO  impl.LeaderElection (LogUtils.java:infoOrTrace(149)) - caa892f0-76ff-4c1e-b30f-b7c59842badc@group-E0B7C1D5C8D3:LeaderElection61 got exception when requesting votes: {}
java.util.concurrent.ExecutionException: org.apache.ratis.thirdparty.io.grpc.StatusRuntimeException: UNAVAILABLE: io exception
	at java.util.concurrent.FutureTask.report(FutureTask.java:122)
	at java.util.concurrent.FutureTask.get(FutureTask.java:192)
	at org.apache.ratis.server.impl.LeaderElection.waitForResults(LeaderElection.java:263)
	at org.apache.ratis.server.impl.LeaderElection.askForVotes(LeaderElection.java:201)
	at org.apache.ratis.server.impl.LeaderElection.run(LeaderElection.java:133)
	at java.lang.Thread.run(Thread.java:748)
Caused by: org.apache.ratis.thirdparty.io.grpc.StatusRuntimeException: UNAVAILABLE: io exception
	at org.apache.ratis.thirdparty.io.grpc.stub.ClientCalls.toStatusRuntimeException(ClientCalls.java:233)
	at org.apache.ratis.thirdparty.io.grpc.stub.ClientCalls.getUnchecked(ClientCalls.java:214)
	at org.apache.ratis.thirdparty.io.grpc.stub.ClientCalls.blockingUnaryCall(ClientCalls.java:139)
	at org.apache.ratis.proto.grpc.RaftServerProtocolServiceGrpc$RaftServerProtocolServiceBlockingStub.requestVote(RaftServerProtocolServiceGrpc.java:265)
	at org.apache.ratis.grpc.server.GrpcServerProtocolClient.requestVote(GrpcServerProtocolClient.java:90)
	at org.apache.ratis.grpc.server.GrpcService.requestVote(GrpcService.java:204)
	at org.apache.ratis.server.impl.LeaderElection.lambda$submitRequests$1(LeaderElection.java:238)
	at java.util.concurrent.FutureTask.run(FutureTask.java:266)
	at java.util.concurrent.Executors$RunnableAdapter.call(Executors.java:511)
	at java.util.concurrent.FutureTask.run(FutureTask.java:266)
	at java.util.concurrent.ThreadPoolExecutor.runWorker(ThreadPoolExecutor.java:1149)
	at java.util.concurrent.ThreadPoolExecutor$Worker.run(ThreadPoolExecutor.java:624)
	... 1 more
Caused by: org.apache.ratis.thirdparty.io.netty.channel.AbstractChannel$AnnotatedConnectException: Connection refused: /192.168.5.159:45599
	at sun.nio.ch.SocketChannelImpl.checkConnect(Native Method)
	at sun.nio.ch.SocketChannelImpl.finishConnect(SocketChannelImpl.java:717)
	at org.apache.ratis.thirdparty.io.netty.channel.socket.nio.NioSocketChannel.doFinishConnect(NioSocketChannel.java:327)
	at org.apache.ratis.thirdparty.io.netty.channel.nio.AbstractNioChannel$AbstractNioUnsafe.finishConnect(AbstractNioChannel.java:340)
	at org.apache.ratis.thirdparty.io.netty.channel.nio.NioEventLoop.processSelectedKey(NioEventLoop.java:632)
	at org.apache.ratis.thirdparty.io.netty.channel.nio.NioEventLoop.processSelectedKeysOptimized(NioEventLoop.java:579)
	at org.apache.ratis.thirdparty.io.netty.channel.nio.NioEventLoop.processSelectedKeys(NioEventLoop.java:496)
	at org.apache.ratis.thirdparty.io.netty.channel.nio.NioEventLoop.run(NioEventLoop.java:458)
	at org.apache.ratis.thirdparty.io.netty.util.concurrent.SingleThreadEventExecutor$5.run(SingleThreadEventExecutor.java:897)
	at org.apache.ratis.thirdparty.io.netty.util.concurrent.FastThreadLocalRunnable.run(FastThreadLocalRunnable.java:30)
	... 1 more
Caused by: java.net.ConnectException: Connection refused
	... 11 more
2019-10-14 14:42:45,041 [caa892f0-76ff-4c1e-b30f-b7c59842badc@group-E0B7C1D5C8D3:LeaderElection61] INFO  impl.LeaderElection (LogUtils.java:infoOrTrace(149)) - caa892f0-76ff-4c1e-b30f-b7c59842badc@group-E0B7C1D5C8D3:LeaderElection61 got exception when requesting votes: {}
java.util.concurrent.ExecutionException: org.apache.ratis.thirdparty.io.grpc.StatusRuntimeException: UNAVAILABLE: io exception
	at java.util.concurrent.FutureTask.report(FutureTask.java:122)
	at java.util.concurrent.FutureTask.get(FutureTask.java:192)
	at org.apache.ratis.server.impl.LeaderElection.waitForResults(LeaderElection.java:263)
	at org.apache.ratis.server.impl.LeaderElection.askForVotes(LeaderElection.java:201)
	at org.apache.ratis.server.impl.LeaderElection.run(LeaderElection.java:133)
	at java.lang.Thread.run(Thread.java:748)
Caused by: org.apache.ratis.thirdparty.io.grpc.StatusRuntimeException: UNAVAILABLE: io exception
	at org.apache.ratis.thirdparty.io.grpc.stub.ClientCalls.toStatusRuntimeException(ClientCalls.java:233)
	at org.apache.ratis.thirdparty.io.grpc.stub.ClientCalls.getUnchecked(ClientCalls.java:214)
	at org.apache.ratis.thirdparty.io.grpc.stub.ClientCalls.blockingUnaryCall(ClientCalls.java:139)
	at org.apache.ratis.proto.grpc.RaftServerProtocolServiceGrpc$RaftServerProtocolServiceBlockingStub.requestVote(RaftServerProtocolServiceGrpc.java:265)
	at org.apache.ratis.grpc.server.GrpcServerProtocolClient.requestVote(GrpcServerProtocolClient.java:90)
	at org.apache.ratis.grpc.server.GrpcService.requestVote(GrpcService.java:204)
	at org.apache.ratis.server.impl.LeaderElection.lambda$submitRequests$1(LeaderElection.java:238)
	at java.util.concurrent.FutureTask.run(FutureTask.java:266)
	at java.util.concurrent.Executors$RunnableAdapter.call(Executors.java:511)
	at java.util.concurrent.FutureTask.run(FutureTask.java:266)
	at java.util.concurrent.ThreadPoolExecutor.runWorker(ThreadPoolExecutor.java:1149)
	at java.util.concurrent.ThreadPoolExecutor$Worker.run(ThreadPoolExecutor.java:624)
	... 1 more
Caused by: org.apache.ratis.thirdparty.io.netty.channel.AbstractChannel$AnnotatedConnectException: Connection refused: /192.168.5.159:44598
	at sun.nio.ch.SocketChannelImpl.checkConnect(Native Method)
	at sun.nio.ch.SocketChannelImpl.finishConnect(SocketChannelImpl.java:717)
	at org.apache.ratis.thirdparty.io.netty.channel.socket.nio.NioSocketChannel.doFinishConnect(NioSocketChannel.java:327)
	at org.apache.ratis.thirdparty.io.netty.channel.nio.AbstractNioChannel$AbstractNioUnsafe.finishConnect(AbstractNioChannel.java:340)
	at org.apache.ratis.thirdparty.io.netty.channel.nio.NioEventLoop.processSelectedKey(NioEventLoop.java:632)
	at org.apache.ratis.thirdparty.io.netty.channel.nio.NioEventLoop.processSelectedKeysOptimized(NioEventLoop.java:579)
	at org.apache.ratis.thirdparty.io.netty.channel.nio.NioEventLoop.processSelectedKeys(NioEventLoop.java:496)
	at org.apache.ratis.thirdparty.io.netty.channel.nio.NioEventLoop.run(NioEventLoop.java:458)
	at org.apache.ratis.thirdparty.io.netty.util.concurrent.SingleThreadEventExecutor$5.run(SingleThreadEventExecutor.java:897)
	at org.apache.ratis.thirdparty.io.netty.util.concurrent.FastThreadLocalRunnable.run(FastThreadLocalRunnable.java:30)
	... 1 more
Caused by: java.net.ConnectException: Connection refused
	... 11 more
2019-10-14 14:42:45,042 [caa892f0-76ff-4c1e-b30f-b7c59842badc@group-E0B7C1D5C8D3:LeaderElection61] INFO  impl.LeaderElection (LeaderElection.java:logAndReturn(56)) - caa892f0-76ff-4c1e-b30f-b7c59842badc@group-E0B7C1D5C8D3:LeaderElection61: Election REJECTED; received 0 response(s) [] and 2 exception(s); caa892f0-76ff-4c1e-b30f-b7c59842badc@group-E0B7C1D5C8D3:t13, leader=null, voted=caa892f0-76ff-4c1e-b30f-b7c59842badc, raftlog=caa892f0-76ff-4c1e-b30f-b7c59842badc@group-E0B7C1D5C8D3-SegmentedRaftLog:OPENED:c0,f0,i0, conf=0: [07a15819-e4fc-4072-82ac-b3e77a99d12a:192.168.5.159:45599, f9748ec4-5d8a-4dfc-8690-85b8cdac3f5d:192.168.5.159:44598, caa892f0-76ff-4c1e-b30f-b7c59842badc:192.168.5.159:39406], old=null
2019-10-14 14:42:45,042 [caa892f0-76ff-4c1e-b30f-b7c59842badc@group-E0B7C1D5C8D3:LeaderElection61] INFO  impl.LeaderElection (LogUtils.java:infoOrTrace(149)) -   Exception 0: {}
java.util.concurrent.ExecutionException: org.apache.ratis.thirdparty.io.grpc.StatusRuntimeException: UNAVAILABLE: io exception
	at java.util.concurrent.FutureTask.report(FutureTask.java:122)
	at java.util.concurrent.FutureTask.get(FutureTask.java:192)
	at org.apache.ratis.server.impl.LeaderElection.waitForResults(LeaderElection.java:263)
	at org.apache.ratis.server.impl.LeaderElection.askForVotes(LeaderElection.java:201)
	at org.apache.ratis.server.impl.LeaderElection.run(LeaderElection.java:133)
	at java.lang.Thread.run(Thread.java:748)
Caused by: org.apache.ratis.thirdparty.io.grpc.StatusRuntimeException: UNAVAILABLE: io exception
	at org.apache.ratis.thirdparty.io.grpc.stub.ClientCalls.toStatusRuntimeException(ClientCalls.java:233)
	at org.apache.ratis.thirdparty.io.grpc.stub.ClientCalls.getUnchecked(ClientCalls.java:214)
	at org.apache.ratis.thirdparty.io.grpc.stub.ClientCalls.blockingUnaryCall(ClientCalls.java:139)
	at org.apache.ratis.proto.grpc.RaftServerProtocolServiceGrpc$RaftServerProtocolServiceBlockingStub.requestVote(RaftServerProtocolServiceGrpc.java:265)
	at org.apache.ratis.grpc.server.GrpcServerProtocolClient.requestVote(GrpcServerProtocolClient.java:90)
	at org.apache.ratis.grpc.server.GrpcService.requestVote(GrpcService.java:204)
	at org.apache.ratis.server.impl.LeaderElection.lambda$submitRequests$1(LeaderElection.java:238)
	at java.util.concurrent.FutureTask.run(FutureTask.java:266)
	at java.util.concurrent.Executors$RunnableAdapter.call(Executors.java:511)
	at java.util.concurrent.FutureTask.run(FutureTask.java:266)
	at java.util.concurrent.ThreadPoolExecutor.runWorker(ThreadPoolExecutor.java:1149)
	at java.util.concurrent.ThreadPoolExecutor$Worker.run(ThreadPoolExecutor.java:624)
	... 1 more
Caused by: org.apache.ratis.thirdparty.io.netty.channel.AbstractChannel$AnnotatedConnectException: Connection refused: /192.168.5.159:45599
	at sun.nio.ch.SocketChannelImpl.checkConnect(Native Method)
	at sun.nio.ch.SocketChannelImpl.finishConnect(SocketChannelImpl.java:717)
	at org.apache.ratis.thirdparty.io.netty.channel.socket.nio.NioSocketChannel.doFinishConnect(NioSocketChannel.java:327)
	at org.apache.ratis.thirdparty.io.netty.channel.nio.AbstractNioChannel$AbstractNioUnsafe.finishConnect(AbstractNioChannel.java:340)
	at org.apache.ratis.thirdparty.io.netty.channel.nio.NioEventLoop.processSelectedKey(NioEventLoop.java:632)
	at org.apache.ratis.thirdparty.io.netty.channel.nio.NioEventLoop.processSelectedKeysOptimized(NioEventLoop.java:579)
	at org.apache.ratis.thirdparty.io.netty.channel.nio.NioEventLoop.processSelectedKeys(NioEventLoop.java:496)
	at org.apache.ratis.thirdparty.io.netty.channel.nio.NioEventLoop.run(NioEventLoop.java:458)
	at org.apache.ratis.thirdparty.io.netty.util.concurrent.SingleThreadEventExecutor$5.run(SingleThreadEventExecutor.java:897)
	at org.apache.ratis.thirdparty.io.netty.util.concurrent.FastThreadLocalRunnable.run(FastThreadLocalRunnable.java:30)
	... 1 more
Caused by: java.net.ConnectException: Connection refused
	... 11 more
2019-10-14 14:42:45,042 [caa892f0-76ff-4c1e-b30f-b7c59842badc@group-E0B7C1D5C8D3:LeaderElection61] INFO  impl.LeaderElection (LogUtils.java:infoOrTrace(149)) -   Exception 1: {}
java.util.concurrent.ExecutionException: org.apache.ratis.thirdparty.io.grpc.StatusRuntimeException: UNAVAILABLE: io exception
	at java.util.concurrent.FutureTask.report(FutureTask.java:122)
	at java.util.concurrent.FutureTask.get(FutureTask.java:192)
	at org.apache.ratis.server.impl.LeaderElection.waitForResults(LeaderElection.java:263)
	at org.apache.ratis.server.impl.LeaderElection.askForVotes(LeaderElection.java:201)
	at org.apache.ratis.server.impl.LeaderElection.run(LeaderElection.java:133)
	at java.lang.Thread.run(Thread.java:748)
Caused by: org.apache.ratis.thirdparty.io.grpc.StatusRuntimeException: UNAVAILABLE: io exception
	at org.apache.ratis.thirdparty.io.grpc.stub.ClientCalls.toStatusRuntimeException(ClientCalls.java:233)
	at org.apache.ratis.thirdparty.io.grpc.stub.ClientCalls.getUnchecked(ClientCalls.java:214)
	at org.apache.ratis.thirdparty.io.grpc.stub.ClientCalls.blockingUnaryCall(ClientCalls.java:139)
	at org.apache.ratis.proto.grpc.RaftServerProtocolServiceGrpc$RaftServerProtocolServiceBlockingStub.requestVote(RaftServerProtocolServiceGrpc.java:265)
	at org.apache.ratis.grpc.server.GrpcServerProtocolClient.requestVote(GrpcServerProtocolClient.java:90)
	at org.apache.ratis.grpc.server.GrpcService.requestVote(GrpcService.java:204)
	at org.apache.ratis.server.impl.LeaderElection.lambda$submitRequests$1(LeaderElection.java:238)
	at java.util.concurrent.FutureTask.run(FutureTask.java:266)
	at java.util.concurrent.Executors$RunnableAdapter.call(Executors.java:511)
	at java.util.concurrent.FutureTask.run(FutureTask.java:266)
	at java.util.concurrent.ThreadPoolExecutor.runWorker(ThreadPoolExecutor.java:1149)
	at java.util.concurrent.ThreadPoolExecutor$Worker.run(ThreadPoolExecutor.java:624)
	... 1 more
Caused by: org.apache.ratis.thirdparty.io.netty.channel.AbstractChannel$AnnotatedConnectException: Connection refused: /192.168.5.159:44598
	at sun.nio.ch.SocketChannelImpl.checkConnect(Native Method)
	at sun.nio.ch.SocketChannelImpl.finishConnect(SocketChannelImpl.java:717)
	at org.apache.ratis.thirdparty.io.netty.channel.socket.nio.NioSocketChannel.doFinishConnect(NioSocketChannel.java:327)
	at org.apache.ratis.thirdparty.io.netty.channel.nio.AbstractNioChannel$AbstractNioUnsafe.finishConnect(AbstractNioChannel.java:340)
	at org.apache.ratis.thirdparty.io.netty.channel.nio.NioEventLoop.processSelectedKey(NioEventLoop.java:632)
	at org.apache.ratis.thirdparty.io.netty.channel.nio.NioEventLoop.processSelectedKeysOptimized(NioEventLoop.java:579)
	at org.apache.ratis.thirdparty.io.netty.channel.nio.NioEventLoop.processSelectedKeys(NioEventLoop.java:496)
	at org.apache.ratis.thirdparty.io.netty.channel.nio.NioEventLoop.run(NioEventLoop.java:458)
	at org.apache.ratis.thirdparty.io.netty.util.concurrent.SingleThreadEventExecutor$5.run(SingleThreadEventExecutor.java:897)
	at org.apache.ratis.thirdparty.io.netty.util.concurrent.FastThreadLocalRunnable.run(FastThreadLocalRunnable.java:30)
	... 1 more
Caused by: java.net.ConnectException: Connection refused
	... 11 more
2019-10-14 14:42:45,042 [caa892f0-76ff-4c1e-b30f-b7c59842badc@group-E0B7C1D5C8D3:LeaderElection61] INFO  impl.RaftServerImpl (RaftServerImpl.java:setRole(174)) - caa892f0-76ff-4c1e-b30f-b7c59842badc@group-E0B7C1D5C8D3: changes role from CANDIDATE to FOLLOWER at term 13 for DISCOVERED_A_NEW_TERM
2019-10-14 14:42:45,042 [caa892f0-76ff-4c1e-b30f-b7c59842badc@group-E0B7C1D5C8D3:LeaderElection61] INFO  impl.RoleInfo (RoleInfo.java:shutdownLeaderElection(134)) - caa892f0-76ff-4c1e-b30f-b7c59842badc: shutdown LeaderElection
2019-10-14 14:42:45,042 [caa892f0-76ff-4c1e-b30f-b7c59842badc@group-E0B7C1D5C8D3:LeaderElection61] INFO  impl.RoleInfo (RoleInfo.java:updateAndGet(143)) - caa892f0-76ff-4c1e-b30f-b7c59842badc: start FollowerState
2019-10-14 14:42:45,294 [grpc-default-executor-8] WARN  server.GrpcLogAppender (LogUtils.java:warn(134)) - caa892f0-76ff-4c1e-b30f-b7c59842badc@group-382452901537->07a15819-e4fc-4072-82ac-b3e77a99d12a-AppendLogResponseHandler: Failed appendEntries: org.apache.ratis.thirdparty.io.grpc.StatusRuntimeException: UNAVAILABLE: io exception
2019-10-14 14:42:45,295 [grpc-default-executor-8] INFO  impl.FollowerInfo (FollowerInfo.java:lambda$new$0(51)) - caa892f0-76ff-4c1e-b30f-b7c59842badc@group-382452901537->07a15819-e4fc-4072-82ac-b3e77a99d12a: nextIndex: updateUnconditionally 0 -> 0
2019-10-14 14:42:45,328 [grpc-default-executor-8] WARN  server.GrpcLogAppender (LogUtils.java:warn(134)) - caa892f0-76ff-4c1e-b30f-b7c59842badc@group-382452901537->f9748ec4-5d8a-4dfc-8690-85b8cdac3f5d-AppendLogResponseHandler: Failed appendEntries: org.apache.ratis.thirdparty.io.grpc.StatusRuntimeException: UNAVAILABLE: io exception
2019-10-14 14:42:45,328 [grpc-default-executor-8] INFO  impl.FollowerInfo (FollowerInfo.java:lambda$new$0(51)) - caa892f0-76ff-4c1e-b30f-b7c59842badc@group-382452901537->f9748ec4-5d8a-4dfc-8690-85b8cdac3f5d: nextIndex: updateUnconditionally 0 -> 0
2019-10-14 14:42:45,344 [grpc-default-executor-8] WARN  server.GrpcLogAppender (LogUtils.java:warn(134)) - caa892f0-76ff-4c1e-b30f-b7c59842badc@group-026CFA11C8A1->07a15819-e4fc-4072-82ac-b3e77a99d12a-AppendLogResponseHandler: Failed appendEntries: org.apache.ratis.thirdparty.io.grpc.StatusRuntimeException: UNAVAILABLE: io exception
2019-10-14 14:42:45,345 [grpc-default-executor-8] INFO  impl.FollowerInfo (FollowerInfo.java:lambda$new$0(51)) - caa892f0-76ff-4c1e-b30f-b7c59842badc@group-026CFA11C8A1->07a15819-e4fc-4072-82ac-b3e77a99d12a: nextIndex: updateUnconditionally 0 -> 0
2019-10-14 14:42:45,394 [grpc-default-executor-0] WARN  server.GrpcLogAppender (LogUtils.java:warn(134)) - caa892f0-76ff-4c1e-b30f-b7c59842badc@group-026CFA11C8A1->f9748ec4-5d8a-4dfc-8690-85b8cdac3f5d-AppendLogResponseHandler: Failed appendEntries: org.apache.ratis.thirdparty.io.grpc.StatusRuntimeException: UNAVAILABLE: io exception
2019-10-14 14:42:45,394 [grpc-default-executor-0] INFO  impl.FollowerInfo (FollowerInfo.java:lambda$new$0(51)) - caa892f0-76ff-4c1e-b30f-b7c59842badc@group-026CFA11C8A1->f9748ec4-5d8a-4dfc-8690-85b8cdac3f5d: nextIndex: updateUnconditionally 0 -> 0
2019-10-14 14:42:45,798 [grpc-default-executor-0] WARN  server.GrpcLogAppender (LogUtils.java:warn(134)) - caa892f0-76ff-4c1e-b30f-b7c59842badc@group-382452901537->07a15819-e4fc-4072-82ac-b3e77a99d12a-AppendLogResponseHandler: Failed appendEntries: org.apache.ratis.thirdparty.io.grpc.StatusRuntimeException: UNAVAILABLE: io exception
2019-10-14 14:42:45,798 [grpc-default-executor-0] INFO  impl.FollowerInfo (FollowerInfo.java:lambda$new$0(51)) - caa892f0-76ff-4c1e-b30f-b7c59842badc@group-382452901537->07a15819-e4fc-4072-82ac-b3e77a99d12a: nextIndex: updateUnconditionally 0 -> 0
2019-10-14 14:42:45,830 [grpc-default-executor-9] WARN  server.GrpcLogAppender (LogUtils.java:warn(134)) - caa892f0-76ff-4c1e-b30f-b7c59842badc@group-382452901537->f9748ec4-5d8a-4dfc-8690-85b8cdac3f5d-AppendLogResponseHandler: Failed appendEntries: org.apache.ratis.thirdparty.io.grpc.StatusRuntimeException: UNAVAILABLE: io exception
2019-10-14 14:42:45,831 [grpc-default-executor-9] INFO  impl.FollowerInfo (FollowerInfo.java:lambda$new$0(51)) - caa892f0-76ff-4c1e-b30f-b7c59842badc@group-382452901537->f9748ec4-5d8a-4dfc-8690-85b8cdac3f5d: nextIndex: updateUnconditionally 0 -> 0
2019-10-14 14:42:45,845 [grpc-default-executor-9] WARN  server.GrpcLogAppender (LogUtils.java:warn(134)) - caa892f0-76ff-4c1e-b30f-b7c59842badc@group-026CFA11C8A1->07a15819-e4fc-4072-82ac-b3e77a99d12a-AppendLogResponseHandler: Failed appendEntries: org.apache.ratis.thirdparty.io.grpc.StatusRuntimeException: UNAVAILABLE: io exception
2019-10-14 14:42:45,845 [grpc-default-executor-9] INFO  impl.FollowerInfo (FollowerInfo.java:lambda$new$0(51)) - caa892f0-76ff-4c1e-b30f-b7c59842badc@group-026CFA11C8A1->07a15819-e4fc-4072-82ac-b3e77a99d12a: nextIndex: updateUnconditionally 0 -> 0
2019-10-14 14:42:45,895 [grpc-default-executor-8] WARN  server.GrpcLogAppender (LogUtils.java:warn(134)) - caa892f0-76ff-4c1e-b30f-b7c59842badc@group-026CFA11C8A1->f9748ec4-5d8a-4dfc-8690-85b8cdac3f5d-AppendLogResponseHandler: Failed appendEntries: org.apache.ratis.thirdparty.io.grpc.StatusRuntimeException: UNAVAILABLE: io exception
2019-10-14 14:42:45,895 [grpc-default-executor-8] INFO  impl.FollowerInfo (FollowerInfo.java:lambda$new$0(51)) - caa892f0-76ff-4c1e-b30f-b7c59842badc@group-026CFA11C8A1->f9748ec4-5d8a-4dfc-8690-85b8cdac3f5d: nextIndex: updateUnconditionally 0 -> 0
2019-10-14 14:42:45,984 [Thread-1196] INFO  impl.FollowerState (FollowerState.java:run(106)) - caa892f0-76ff-4c1e-b30f-b7c59842badc:group-EA752D978E74 changes to CANDIDATE, lastRpcTime:1140, electionTimeout:1140ms
2019-10-14 14:42:45,984 [Thread-1196] INFO  impl.RoleInfo (RoleInfo.java:shutdownFollowerState(121)) - caa892f0-76ff-4c1e-b30f-b7c59842badc: shutdown FollowerState
2019-10-14 14:42:45,984 [Thread-1196] INFO  impl.RaftServerImpl (RaftServerImpl.java:setRole(174)) - caa892f0-76ff-4c1e-b30f-b7c59842badc@group-EA752D978E74: changes role from  FOLLOWER to CANDIDATE at term 12 for changeToCandidate
2019-10-14 14:42:45,984 [Thread-1196] INFO  impl.RoleInfo (RoleInfo.java:updateAndGet(143)) - caa892f0-76ff-4c1e-b30f-b7c59842badc: start LeaderElection
2019-10-14 14:42:45,989 [caa892f0-76ff-4c1e-b30f-b7c59842badc@group-EA752D978E74:LeaderElection62] INFO  impl.LeaderElection (LeaderElection.java:askForVotes(182)) - caa892f0-76ff-4c1e-b30f-b7c59842badc@group-EA752D978E74:LeaderElection62: begin an election at term 13 for 0: [07a15819-e4fc-4072-82ac-b3e77a99d12a:192.168.5.159:45599, f9748ec4-5d8a-4dfc-8690-85b8cdac3f5d:192.168.5.159:44598, caa892f0-76ff-4c1e-b30f-b7c59842badc:192.168.5.159:39406], old=null
2019-10-14 14:42:45,991 [caa892f0-76ff-4c1e-b30f-b7c59842badc@group-EA752D978E74:LeaderElection62] INFO  impl.LeaderElection (LogUtils.java:infoOrTrace(149)) - caa892f0-76ff-4c1e-b30f-b7c59842badc@group-EA752D978E74:LeaderElection62 got exception when requesting votes: {}
java.util.concurrent.ExecutionException: org.apache.ratis.thirdparty.io.grpc.StatusRuntimeException: UNAVAILABLE: io exception
	at java.util.concurrent.FutureTask.report(FutureTask.java:122)
	at java.util.concurrent.FutureTask.get(FutureTask.java:192)
	at org.apache.ratis.server.impl.LeaderElection.waitForResults(LeaderElection.java:263)
	at org.apache.ratis.server.impl.LeaderElection.askForVotes(LeaderElection.java:201)
	at org.apache.ratis.server.impl.LeaderElection.run(LeaderElection.java:133)
	at java.lang.Thread.run(Thread.java:748)
Caused by: org.apache.ratis.thirdparty.io.grpc.StatusRuntimeException: UNAVAILABLE: io exception
	at org.apache.ratis.thirdparty.io.grpc.stub.ClientCalls.toStatusRuntimeException(ClientCalls.java:233)
	at org.apache.ratis.thirdparty.io.grpc.stub.ClientCalls.getUnchecked(ClientCalls.java:214)
	at org.apache.ratis.thirdparty.io.grpc.stub.ClientCalls.blockingUnaryCall(ClientCalls.java:139)
	at org.apache.ratis.proto.grpc.RaftServerProtocolServiceGrpc$RaftServerProtocolServiceBlockingStub.requestVote(RaftServerProtocolServiceGrpc.java:265)
	at org.apache.ratis.grpc.server.GrpcServerProtocolClient.requestVote(GrpcServerProtocolClient.java:90)
	at org.apache.ratis.grpc.server.GrpcService.requestVote(GrpcService.java:204)
	at org.apache.ratis.server.impl.LeaderElection.lambda$submitRequests$1(LeaderElection.java:238)
	at java.util.concurrent.FutureTask.run(FutureTask.java:266)
	at java.util.concurrent.Executors$RunnableAdapter.call(Executors.java:511)
	at java.util.concurrent.FutureTask.run(FutureTask.java:266)
	at java.util.concurrent.ThreadPoolExecutor.runWorker(ThreadPoolExecutor.java:1149)
	at java.util.concurrent.ThreadPoolExecutor$Worker.run(ThreadPoolExecutor.java:624)
	... 1 more
Caused by: org.apache.ratis.thirdparty.io.netty.channel.AbstractChannel$AnnotatedConnectException: Connection refused: /192.168.5.159:44598
	at sun.nio.ch.SocketChannelImpl.checkConnect(Native Method)
	at sun.nio.ch.SocketChannelImpl.finishConnect(SocketChannelImpl.java:717)
	at org.apache.ratis.thirdparty.io.netty.channel.socket.nio.NioSocketChannel.doFinishConnect(NioSocketChannel.java:327)
	at org.apache.ratis.thirdparty.io.netty.channel.nio.AbstractNioChannel$AbstractNioUnsafe.finishConnect(AbstractNioChannel.java:340)
	at org.apache.ratis.thirdparty.io.netty.channel.nio.NioEventLoop.processSelectedKey(NioEventLoop.java:632)
	at org.apache.ratis.thirdparty.io.netty.channel.nio.NioEventLoop.processSelectedKeysOptimized(NioEventLoop.java:579)
	at org.apache.ratis.thirdparty.io.netty.channel.nio.NioEventLoop.processSelectedKeys(NioEventLoop.java:496)
	at org.apache.ratis.thirdparty.io.netty.channel.nio.NioEventLoop.run(NioEventLoop.java:458)
	at org.apache.ratis.thirdparty.io.netty.util.concurrent.SingleThreadEventExecutor$5.run(SingleThreadEventExecutor.java:897)
	at org.apache.ratis.thirdparty.io.netty.util.concurrent.FastThreadLocalRunnable.run(FastThreadLocalRunnable.java:30)
	... 1 more
Caused by: java.net.ConnectException: Connection refused
	... 11 more
2019-10-14 14:42:45,992 [caa892f0-76ff-4c1e-b30f-b7c59842badc@group-EA752D978E74:LeaderElection62] INFO  impl.LeaderElection (LogUtils.java:infoOrTrace(149)) - caa892f0-76ff-4c1e-b30f-b7c59842badc@group-EA752D978E74:LeaderElection62 got exception when requesting votes: {}
java.util.concurrent.ExecutionException: org.apache.ratis.thirdparty.io.grpc.StatusRuntimeException: UNAVAILABLE: io exception
	at java.util.concurrent.FutureTask.report(FutureTask.java:122)
	at java.util.concurrent.FutureTask.get(FutureTask.java:192)
	at org.apache.ratis.server.impl.LeaderElection.waitForResults(LeaderElection.java:263)
	at org.apache.ratis.server.impl.LeaderElection.askForVotes(LeaderElection.java:201)
	at org.apache.ratis.server.impl.LeaderElection.run(LeaderElection.java:133)
	at java.lang.Thread.run(Thread.java:748)
Caused by: org.apache.ratis.thirdparty.io.grpc.StatusRuntimeException: UNAVAILABLE: io exception
	at org.apache.ratis.thirdparty.io.grpc.stub.ClientCalls.toStatusRuntimeException(ClientCalls.java:233)
	at org.apache.ratis.thirdparty.io.grpc.stub.ClientCalls.getUnchecked(ClientCalls.java:214)
	at org.apache.ratis.thirdparty.io.grpc.stub.ClientCalls.blockingUnaryCall(ClientCalls.java:139)
	at org.apache.ratis.proto.grpc.RaftServerProtocolServiceGrpc$RaftServerProtocolServiceBlockingStub.requestVote(RaftServerProtocolServiceGrpc.java:265)
	at org.apache.ratis.grpc.server.GrpcServerProtocolClient.requestVote(GrpcServerProtocolClient.java:90)
	at org.apache.ratis.grpc.server.GrpcService.requestVote(GrpcService.java:204)
	at org.apache.ratis.server.impl.LeaderElection.lambda$submitRequests$1(LeaderElection.java:238)
	at java.util.concurrent.FutureTask.run(FutureTask.java:266)
	at java.util.concurrent.Executors$RunnableAdapter.call(Executors.java:511)
	at java.util.concurrent.FutureTask.run(FutureTask.java:266)
	at java.util.concurrent.ThreadPoolExecutor.runWorker(ThreadPoolExecutor.java:1149)
	at java.util.concurrent.ThreadPoolExecutor$Worker.run(ThreadPoolExecutor.java:624)
	... 1 more
Caused by: org.apache.ratis.thirdparty.io.netty.channel.AbstractChannel$AnnotatedConnectException: Connection refused: /192.168.5.159:45599
	at sun.nio.ch.SocketChannelImpl.checkConnect(Native Method)
	at sun.nio.ch.SocketChannelImpl.finishConnect(SocketChannelImpl.java:717)
	at org.apache.ratis.thirdparty.io.netty.channel.socket.nio.NioSocketChannel.doFinishConnect(NioSocketChannel.java:327)
	at org.apache.ratis.thirdparty.io.netty.channel.nio.AbstractNioChannel$AbstractNioUnsafe.finishConnect(AbstractNioChannel.java:340)
	at org.apache.ratis.thirdparty.io.netty.channel.nio.NioEventLoop.processSelectedKey(NioEventLoop.java:632)
	at org.apache.ratis.thirdparty.io.netty.channel.nio.NioEventLoop.processSelectedKeysOptimized(NioEventLoop.java:579)
	at org.apache.ratis.thirdparty.io.netty.channel.nio.NioEventLoop.processSelectedKeys(NioEventLoop.java:496)
	at org.apache.ratis.thirdparty.io.netty.channel.nio.NioEventLoop.run(NioEventLoop.java:458)
	at org.apache.ratis.thirdparty.io.netty.util.concurrent.SingleThreadEventExecutor$5.run(SingleThreadEventExecutor.java:897)
	at org.apache.ratis.thirdparty.io.netty.util.concurrent.FastThreadLocalRunnable.run(FastThreadLocalRunnable.java:30)
	... 1 more
Caused by: java.net.ConnectException: Connection refused
	... 11 more
2019-10-14 14:42:45,993 [caa892f0-76ff-4c1e-b30f-b7c59842badc@group-EA752D978E74:LeaderElection62] INFO  impl.LeaderElection (LeaderElection.java:logAndReturn(56)) - caa892f0-76ff-4c1e-b30f-b7c59842badc@group-EA752D978E74:LeaderElection62: Election REJECTED; received 0 response(s) [] and 2 exception(s); caa892f0-76ff-4c1e-b30f-b7c59842badc@group-EA752D978E74:t13, leader=null, voted=caa892f0-76ff-4c1e-b30f-b7c59842badc, raftlog=caa892f0-76ff-4c1e-b30f-b7c59842badc@group-EA752D978E74-SegmentedRaftLog:OPENED:c16,f16,i16, conf=0: [07a15819-e4fc-4072-82ac-b3e77a99d12a:192.168.5.159:45599, f9748ec4-5d8a-4dfc-8690-85b8cdac3f5d:192.168.5.159:44598, caa892f0-76ff-4c1e-b30f-b7c59842badc:192.168.5.159:39406], old=null
2019-10-14 14:42:45,993 [caa892f0-76ff-4c1e-b30f-b7c59842badc@group-EA752D978E74:LeaderElection62] INFO  impl.LeaderElection (LogUtils.java:infoOrTrace(149)) -   Exception 0: {}
java.util.concurrent.ExecutionException: org.apache.ratis.thirdparty.io.grpc.StatusRuntimeException: UNAVAILABLE: io exception
	at java.util.concurrent.FutureTask.report(FutureTask.java:122)
	at java.util.concurrent.FutureTask.get(FutureTask.java:192)
	at org.apache.ratis.server.impl.LeaderElection.waitForResults(LeaderElection.java:263)
	at org.apache.ratis.server.impl.LeaderElection.askForVotes(LeaderElection.java:201)
	at org.apache.ratis.server.impl.LeaderElection.run(LeaderElection.java:133)
	at java.lang.Thread.run(Thread.java:748)
Caused by: org.apache.ratis.thirdparty.io.grpc.StatusRuntimeException: UNAVAILABLE: io exception
	at org.apache.ratis.thirdparty.io.grpc.stub.ClientCalls.toStatusRuntimeException(ClientCalls.java:233)
	at org.apache.ratis.thirdparty.io.grpc.stub.ClientCalls.getUnchecked(ClientCalls.java:214)
	at org.apache.ratis.thirdparty.io.grpc.stub.ClientCalls.blockingUnaryCall(ClientCalls.java:139)
	at org.apache.ratis.proto.grpc.RaftServerProtocolServiceGrpc$RaftServerProtocolServiceBlockingStub.requestVote(RaftServerProtocolServiceGrpc.java:265)
	at org.apache.ratis.grpc.server.GrpcServerProtocolClient.requestVote(GrpcServerProtocolClient.java:90)
	at org.apache.ratis.grpc.server.GrpcService.requestVote(GrpcService.java:204)
	at org.apache.ratis.server.impl.LeaderElection.lambda$submitRequests$1(LeaderElection.java:238)
	at java.util.concurrent.FutureTask.run(FutureTask.java:266)
	at java.util.concurrent.Executors$RunnableAdapter.call(Executors.java:511)
	at java.util.concurrent.FutureTask.run(FutureTask.java:266)
	at java.util.concurrent.ThreadPoolExecutor.runWorker(ThreadPoolExecutor.java:1149)
	at java.util.concurrent.ThreadPoolExecutor$Worker.run(ThreadPoolExecutor.java:624)
	... 1 more
Caused by: org.apache.ratis.thirdparty.io.netty.channel.AbstractChannel$AnnotatedConnectException: Connection refused: /192.168.5.159:44598
	at sun.nio.ch.SocketChannelImpl.checkConnect(Native Method)
	at sun.nio.ch.SocketChannelImpl.finishConnect(SocketChannelImpl.java:717)
	at org.apache.ratis.thirdparty.io.netty.channel.socket.nio.NioSocketChannel.doFinishConnect(NioSocketChannel.java:327)
	at org.apache.ratis.thirdparty.io.netty.channel.nio.AbstractNioChannel$AbstractNioUnsafe.finishConnect(AbstractNioChannel.java:340)
	at org.apache.ratis.thirdparty.io.netty.channel.nio.NioEventLoop.processSelectedKey(NioEventLoop.java:632)
	at org.apache.ratis.thirdparty.io.netty.channel.nio.NioEventLoop.processSelectedKeysOptimized(NioEventLoop.java:579)
	at org.apache.ratis.thirdparty.io.netty.channel.nio.NioEventLoop.processSelectedKeys(NioEventLoop.java:496)
	at org.apache.ratis.thirdparty.io.netty.channel.nio.NioEventLoop.run(NioEventLoop.java:458)
	at org.apache.ratis.thirdparty.io.netty.util.concurrent.SingleThreadEventExecutor$5.run(SingleThreadEventExecutor.java:897)
	at org.apache.ratis.thirdparty.io.netty.util.concurrent.FastThreadLocalRunnable.run(FastThreadLocalRunnable.java:30)
	... 1 more
Caused by: java.net.ConnectException: Connection refused
	... 11 more
2019-10-14 14:42:45,994 [caa892f0-76ff-4c1e-b30f-b7c59842badc@group-EA752D978E74:LeaderElection62] INFO  impl.LeaderElection (LogUtils.java:infoOrTrace(149)) -   Exception 1: {}
java.util.concurrent.ExecutionException: org.apache.ratis.thirdparty.io.grpc.StatusRuntimeException: UNAVAILABLE: io exception
	at java.util.concurrent.FutureTask.report(FutureTask.java:122)
	at java.util.concurrent.FutureTask.get(FutureTask.java:192)
	at org.apache.ratis.server.impl.LeaderElection.waitForResults(LeaderElection.java:263)
	at org.apache.ratis.server.impl.LeaderElection.askForVotes(LeaderElection.java:201)
	at org.apache.ratis.server.impl.LeaderElection.run(LeaderElection.java:133)
	at java.lang.Thread.run(Thread.java:748)
Caused by: org.apache.ratis.thirdparty.io.grpc.StatusRuntimeException: UNAVAILABLE: io exception
	at org.apache.ratis.thirdparty.io.grpc.stub.ClientCalls.toStatusRuntimeException(ClientCalls.java:233)
	at org.apache.ratis.thirdparty.io.grpc.stub.ClientCalls.getUnchecked(ClientCalls.java:214)
	at org.apache.ratis.thirdparty.io.grpc.stub.ClientCalls.blockingUnaryCall(ClientCalls.java:139)
	at org.apache.ratis.proto.grpc.RaftServerProtocolServiceGrpc$RaftServerProtocolServiceBlockingStub.requestVote(RaftServerProtocolServiceGrpc.java:265)
	at org.apache.ratis.grpc.server.GrpcServerProtocolClient.requestVote(GrpcServerProtocolClient.java:90)
	at org.apache.ratis.grpc.server.GrpcService.requestVote(GrpcService.java:204)
	at org.apache.ratis.server.impl.LeaderElection.lambda$submitRequests$1(LeaderElection.java:238)
	at java.util.concurrent.FutureTask.run(FutureTask.java:266)
	at java.util.concurrent.Executors$RunnableAdapter.call(Executors.java:511)
	at java.util.concurrent.FutureTask.run(FutureTask.java:266)
	at java.util.concurrent.ThreadPoolExecutor.runWorker(ThreadPoolExecutor.java:1149)
	at java.util.concurrent.ThreadPoolExecutor$Worker.run(ThreadPoolExecutor.java:624)
	... 1 more
Caused by: org.apache.ratis.thirdparty.io.netty.channel.AbstractChannel$AnnotatedConnectException: Connection refused: /192.168.5.159:45599
	at sun.nio.ch.SocketChannelImpl.checkConnect(Native Method)
	at sun.nio.ch.SocketChannelImpl.finishConnect(SocketChannelImpl.java:717)
	at org.apache.ratis.thirdparty.io.netty.channel.socket.nio.NioSocketChannel.doFinishConnect(NioSocketChannel.java:327)
	at org.apache.ratis.thirdparty.io.netty.channel.nio.AbstractNioChannel$AbstractNioUnsafe.finishConnect(AbstractNioChannel.java:340)
	at org.apache.ratis.thirdparty.io.netty.channel.nio.NioEventLoop.processSelectedKey(NioEventLoop.java:632)
	at org.apache.ratis.thirdparty.io.netty.channel.nio.NioEventLoop.processSelectedKeysOptimized(NioEventLoop.java:579)
	at org.apache.ratis.thirdparty.io.netty.channel.nio.NioEventLoop.processSelectedKeys(NioEventLoop.java:496)
	at org.apache.ratis.thirdparty.io.netty.channel.nio.NioEventLoop.run(NioEventLoop.java:458)
	at org.apache.ratis.thirdparty.io.netty.util.concurrent.SingleThreadEventExecutor$5.run(SingleThreadEventExecutor.java:897)
	at org.apache.ratis.thirdparty.io.netty.util.concurrent.FastThreadLocalRunnable.run(FastThreadLocalRunnable.java:30)
	... 1 more
Caused by: java.net.ConnectException: Connection refused
	... 11 more
2019-10-14 14:42:45,994 [caa892f0-76ff-4c1e-b30f-b7c59842badc@group-EA752D978E74:LeaderElection62] INFO  impl.RaftServerImpl (RaftServerImpl.java:setRole(174)) - caa892f0-76ff-4c1e-b30f-b7c59842badc@group-EA752D978E74: changes role from CANDIDATE to FOLLOWER at term 13 for DISCOVERED_A_NEW_TERM
2019-10-14 14:42:45,994 [caa892f0-76ff-4c1e-b30f-b7c59842badc@group-EA752D978E74:LeaderElection62] INFO  impl.RoleInfo (RoleInfo.java:shutdownLeaderElection(134)) - caa892f0-76ff-4c1e-b30f-b7c59842badc: shutdown LeaderElection
2019-10-14 14:42:45,995 [caa892f0-76ff-4c1e-b30f-b7c59842badc@group-EA752D978E74:LeaderElection62] INFO  impl.RoleInfo (RoleInfo.java:updateAndGet(143)) - caa892f0-76ff-4c1e-b30f-b7c59842badc: start FollowerState
2019-10-14 14:42:46,064 [Thread-1208] INFO  impl.FollowerState (FollowerState.java:run(106)) - caa892f0-76ff-4c1e-b30f-b7c59842badc:group-E0B7C1D5C8D3 changes to CANDIDATE, lastRpcTime:1021, electionTimeout:1021ms
2019-10-14 14:42:46,064 [Thread-1208] INFO  impl.RoleInfo (RoleInfo.java:shutdownFollowerState(121)) - caa892f0-76ff-4c1e-b30f-b7c59842badc: shutdown FollowerState
2019-10-14 14:42:46,065 [Thread-1208] INFO  impl.RaftServerImpl (RaftServerImpl.java:setRole(174)) - caa892f0-76ff-4c1e-b30f-b7c59842badc@group-E0B7C1D5C8D3: changes role from  FOLLOWER to CANDIDATE at term 13 for changeToCandidate
2019-10-14 14:42:46,065 [Thread-1208] INFO  impl.RoleInfo (RoleInfo.java:updateAndGet(143)) - caa892f0-76ff-4c1e-b30f-b7c59842badc: start LeaderElection
2019-10-14 14:42:46,073 [caa892f0-76ff-4c1e-b30f-b7c59842badc@group-E0B7C1D5C8D3:LeaderElection63] INFO  impl.LeaderElection (LeaderElection.java:askForVotes(182)) - caa892f0-76ff-4c1e-b30f-b7c59842badc@group-E0B7C1D5C8D3:LeaderElection63: begin an election at term 14 for 0: [07a15819-e4fc-4072-82ac-b3e77a99d12a:192.168.5.159:45599, f9748ec4-5d8a-4dfc-8690-85b8cdac3f5d:192.168.5.159:44598, caa892f0-76ff-4c1e-b30f-b7c59842badc:192.168.5.159:39406], old=null
2019-10-14 14:42:46,075 [caa892f0-76ff-4c1e-b30f-b7c59842badc@group-E0B7C1D5C8D3:LeaderElection63] INFO  impl.LeaderElection (LogUtils.java:infoOrTrace(149)) - caa892f0-76ff-4c1e-b30f-b7c59842badc@group-E0B7C1D5C8D3:LeaderElection63 got exception when requesting votes: {}
java.util.concurrent.ExecutionException: org.apache.ratis.thirdparty.io.grpc.StatusRuntimeException: UNAVAILABLE: io exception
	at java.util.concurrent.FutureTask.report(FutureTask.java:122)
	at java.util.concurrent.FutureTask.get(FutureTask.java:192)
	at org.apache.ratis.server.impl.LeaderElection.waitForResults(LeaderElection.java:263)
	at org.apache.ratis.server.impl.LeaderElection.askForVotes(LeaderElection.java:201)
	at org.apache.ratis.server.impl.LeaderElection.run(LeaderElection.java:133)
	at java.lang.Thread.run(Thread.java:748)
Caused by: org.apache.ratis.thirdparty.io.grpc.StatusRuntimeException: UNAVAILABLE: io exception
	at org.apache.ratis.thirdparty.io.grpc.stub.ClientCalls.toStatusRuntimeException(ClientCalls.java:233)
	at org.apache.ratis.thirdparty.io.grpc.stub.ClientCalls.getUnchecked(ClientCalls.java:214)
	at org.apache.ratis.thirdparty.io.grpc.stub.ClientCalls.blockingUnaryCall(ClientCalls.java:139)
	at org.apache.ratis.proto.grpc.RaftServerProtocolServiceGrpc$RaftServerProtocolServiceBlockingStub.requestVote(RaftServerProtocolServiceGrpc.java:265)
	at org.apache.ratis.grpc.server.GrpcServerProtocolClient.requestVote(GrpcServerProtocolClient.java:90)
	at org.apache.ratis.grpc.server.GrpcService.requestVote(GrpcService.java:204)
	at org.apache.ratis.server.impl.LeaderElection.lambda$submitRequests$1(LeaderElection.java:238)
	at java.util.concurrent.FutureTask.run(FutureTask.java:266)
	at java.util.concurrent.Executors$RunnableAdapter.call(Executors.java:511)
	at java.util.concurrent.FutureTask.run(FutureTask.java:266)
	at java.util.concurrent.ThreadPoolExecutor.runWorker(ThreadPoolExecutor.java:1149)
	at java.util.concurrent.ThreadPoolExecutor$Worker.run(ThreadPoolExecutor.java:624)
	... 1 more
Caused by: org.apache.ratis.thirdparty.io.netty.channel.AbstractChannel$AnnotatedConnectException: Connection refused: /192.168.5.159:45599
	at sun.nio.ch.SocketChannelImpl.checkConnect(Native Method)
	at sun.nio.ch.SocketChannelImpl.finishConnect(SocketChannelImpl.java:717)
	at org.apache.ratis.thirdparty.io.netty.channel.socket.nio.NioSocketChannel.doFinishConnect(NioSocketChannel.java:327)
	at org.apache.ratis.thirdparty.io.netty.channel.nio.AbstractNioChannel$AbstractNioUnsafe.finishConnect(AbstractNioChannel.java:340)
	at org.apache.ratis.thirdparty.io.netty.channel.nio.NioEventLoop.processSelectedKey(NioEventLoop.java:632)
	at org.apache.ratis.thirdparty.io.netty.channel.nio.NioEventLoop.processSelectedKeysOptimized(NioEventLoop.java:579)
	at org.apache.ratis.thirdparty.io.netty.channel.nio.NioEventLoop.processSelectedKeys(NioEventLoop.java:496)
	at org.apache.ratis.thirdparty.io.netty.channel.nio.NioEventLoop.run(NioEventLoop.java:458)
	at org.apache.ratis.thirdparty.io.netty.util.concurrent.SingleThreadEventExecutor$5.run(SingleThreadEventExecutor.java:897)
	at org.apache.ratis.thirdparty.io.netty.util.concurrent.FastThreadLocalRunnable.run(FastThreadLocalRunnable.java:30)
	... 1 more
Caused by: java.net.ConnectException: Connection refused
	... 11 more
2019-10-14 14:42:46,075 [caa892f0-76ff-4c1e-b30f-b7c59842badc@group-E0B7C1D5C8D3:LeaderElection63] INFO  impl.LeaderElection (LogUtils.java:infoOrTrace(149)) - caa892f0-76ff-4c1e-b30f-b7c59842badc@group-E0B7C1D5C8D3:LeaderElection63 got exception when requesting votes: {}
java.util.concurrent.ExecutionException: org.apache.ratis.thirdparty.io.grpc.StatusRuntimeException: UNAVAILABLE: io exception
	at java.util.concurrent.FutureTask.report(FutureTask.java:122)
	at java.util.concurrent.FutureTask.get(FutureTask.java:192)
	at org.apache.ratis.server.impl.LeaderElection.waitForResults(LeaderElection.java:263)
	at org.apache.ratis.server.impl.LeaderElection.askForVotes(LeaderElection.java:201)
	at org.apache.ratis.server.impl.LeaderElection.run(LeaderElection.java:133)
	at java.lang.Thread.run(Thread.java:748)
Caused by: org.apache.ratis.thirdparty.io.grpc.StatusRuntimeException: UNAVAILABLE: io exception
	at org.apache.ratis.thirdparty.io.grpc.stub.ClientCalls.toStatusRuntimeException(ClientCalls.java:233)
	at org.apache.ratis.thirdparty.io.grpc.stub.ClientCalls.getUnchecked(ClientCalls.java:214)
	at org.apache.ratis.thirdparty.io.grpc.stub.ClientCalls.blockingUnaryCall(ClientCalls.java:139)
	at org.apache.ratis.proto.grpc.RaftServerProtocolServiceGrpc$RaftServerProtocolServiceBlockingStub.requestVote(RaftServerProtocolServiceGrpc.java:265)
	at org.apache.ratis.grpc.server.GrpcServerProtocolClient.requestVote(GrpcServerProtocolClient.java:90)
	at org.apache.ratis.grpc.server.GrpcService.requestVote(GrpcService.java:204)
	at org.apache.ratis.server.impl.LeaderElection.lambda$submitRequests$1(LeaderElection.java:238)
	at java.util.concurrent.FutureTask.run(FutureTask.java:266)
	at java.util.concurrent.Executors$RunnableAdapter.call(Executors.java:511)
	at java.util.concurrent.FutureTask.run(FutureTask.java:266)
	at java.util.concurrent.ThreadPoolExecutor.runWorker(ThreadPoolExecutor.java:1149)
	at java.util.concurrent.ThreadPoolExecutor$Worker.run(ThreadPoolExecutor.java:624)
	... 1 more
Caused by: org.apache.ratis.thirdparty.io.netty.channel.AbstractChannel$AnnotatedConnectException: Connection refused: /192.168.5.159:44598
	at sun.nio.ch.SocketChannelImpl.checkConnect(Native Method)
	at sun.nio.ch.SocketChannelImpl.finishConnect(SocketChannelImpl.java:717)
	at org.apache.ratis.thirdparty.io.netty.channel.socket.nio.NioSocketChannel.doFinishConnect(NioSocketChannel.java:327)
	at org.apache.ratis.thirdparty.io.netty.channel.nio.AbstractNioChannel$AbstractNioUnsafe.finishConnect(AbstractNioChannel.java:340)
	at org.apache.ratis.thirdparty.io.netty.channel.nio.NioEventLoop.processSelectedKey(NioEventLoop.java:632)
	at org.apache.ratis.thirdparty.io.netty.channel.nio.NioEventLoop.processSelectedKeysOptimized(NioEventLoop.java:579)
	at org.apache.ratis.thirdparty.io.netty.channel.nio.NioEventLoop.processSelectedKeys(NioEventLoop.java:496)
	at org.apache.ratis.thirdparty.io.netty.channel.nio.NioEventLoop.run(NioEventLoop.java:458)
	at org.apache.ratis.thirdparty.io.netty.util.concurrent.SingleThreadEventExecutor$5.run(SingleThreadEventExecutor.java:897)
	at org.apache.ratis.thirdparty.io.netty.util.concurrent.FastThreadLocalRunnable.run(FastThreadLocalRunnable.java:30)
	... 1 more
Caused by: java.net.ConnectException: Connection refused
	... 11 more
2019-10-14 14:42:46,075 [caa892f0-76ff-4c1e-b30f-b7c59842badc@group-E0B7C1D5C8D3:LeaderElection63] INFO  impl.LeaderElection (LeaderElection.java:logAndReturn(56)) - caa892f0-76ff-4c1e-b30f-b7c59842badc@group-E0B7C1D5C8D3:LeaderElection63: Election REJECTED; received 0 response(s) [] and 2 exception(s); caa892f0-76ff-4c1e-b30f-b7c59842badc@group-E0B7C1D5C8D3:t14, leader=null, voted=caa892f0-76ff-4c1e-b30f-b7c59842badc, raftlog=caa892f0-76ff-4c1e-b30f-b7c59842badc@group-E0B7C1D5C8D3-SegmentedRaftLog:OPENED:c0,f0,i0, conf=0: [07a15819-e4fc-4072-82ac-b3e77a99d12a:192.168.5.159:45599, f9748ec4-5d8a-4dfc-8690-85b8cdac3f5d:192.168.5.159:44598, caa892f0-76ff-4c1e-b30f-b7c59842badc:192.168.5.159:39406], old=null
2019-10-14 14:42:46,076 [caa892f0-76ff-4c1e-b30f-b7c59842badc@group-E0B7C1D5C8D3:LeaderElection63] INFO  impl.LeaderElection (LogUtils.java:infoOrTrace(149)) -   Exception 0: {}
java.util.concurrent.ExecutionException: org.apache.ratis.thirdparty.io.grpc.StatusRuntimeException: UNAVAILABLE: io exception
	at java.util.concurrent.FutureTask.report(FutureTask.java:122)
	at java.util.concurrent.FutureTask.get(FutureTask.java:192)
	at org.apache.ratis.server.impl.LeaderElection.waitForResults(LeaderElection.java:263)
	at org.apache.ratis.server.impl.LeaderElection.askForVotes(LeaderElection.java:201)
	at org.apache.ratis.server.impl.LeaderElection.run(LeaderElection.java:133)
	at java.lang.Thread.run(Thread.java:748)
Caused by: org.apache.ratis.thirdparty.io.grpc.StatusRuntimeException: UNAVAILABLE: io exception
	at org.apache.ratis.thirdparty.io.grpc.stub.ClientCalls.toStatusRuntimeException(ClientCalls.java:233)
	at org.apache.ratis.thirdparty.io.grpc.stub.ClientCalls.getUnchecked(ClientCalls.java:214)
	at org.apache.ratis.thirdparty.io.grpc.stub.ClientCalls.blockingUnaryCall(ClientCalls.java:139)
	at org.apache.ratis.proto.grpc.RaftServerProtocolServiceGrpc$RaftServerProtocolServiceBlockingStub.requestVote(RaftServerProtocolServiceGrpc.java:265)
	at org.apache.ratis.grpc.server.GrpcServerProtocolClient.requestVote(GrpcServerProtocolClient.java:90)
	at org.apache.ratis.grpc.server.GrpcService.requestVote(GrpcService.java:204)
	at org.apache.ratis.server.impl.LeaderElection.lambda$submitRequests$1(LeaderElection.java:238)
	at java.util.concurrent.FutureTask.run(FutureTask.java:266)
	at java.util.concurrent.Executors$RunnableAdapter.call(Executors.java:511)
	at java.util.concurrent.FutureTask.run(FutureTask.java:266)
	at java.util.concurrent.ThreadPoolExecutor.runWorker(ThreadPoolExecutor.java:1149)
	at java.util.concurrent.ThreadPoolExecutor$Worker.run(ThreadPoolExecutor.java:624)
	... 1 more
Caused by: org.apache.ratis.thirdparty.io.netty.channel.AbstractChannel$AnnotatedConnectException: Connection refused: /192.168.5.159:45599
	at sun.nio.ch.SocketChannelImpl.checkConnect(Native Method)
	at sun.nio.ch.SocketChannelImpl.finishConnect(SocketChannelImpl.java:717)
	at org.apache.ratis.thirdparty.io.netty.channel.socket.nio.NioSocketChannel.doFinishConnect(NioSocketChannel.java:327)
	at org.apache.ratis.thirdparty.io.netty.channel.nio.AbstractNioChannel$AbstractNioUnsafe.finishConnect(AbstractNioChannel.java:340)
	at org.apache.ratis.thirdparty.io.netty.channel.nio.NioEventLoop.processSelectedKey(NioEventLoop.java:632)
	at org.apache.ratis.thirdparty.io.netty.channel.nio.NioEventLoop.processSelectedKeysOptimized(NioEventLoop.java:579)
	at org.apache.ratis.thirdparty.io.netty.channel.nio.NioEventLoop.processSelectedKeys(NioEventLoop.java:496)
	at org.apache.ratis.thirdparty.io.netty.channel.nio.NioEventLoop.run(NioEventLoop.java:458)
	at org.apache.ratis.thirdparty.io.netty.util.concurrent.SingleThreadEventExecutor$5.run(SingleThreadEventExecutor.java:897)
	at org.apache.ratis.thirdparty.io.netty.util.concurrent.FastThreadLocalRunnable.run(FastThreadLocalRunnable.java:30)
	... 1 more
Caused by: java.net.ConnectException: Connection refused
	... 11 more
2019-10-14 14:42:46,076 [caa892f0-76ff-4c1e-b30f-b7c59842badc@group-E0B7C1D5C8D3:LeaderElection63] INFO  impl.LeaderElection (LogUtils.java:infoOrTrace(149)) -   Exception 1: {}
java.util.concurrent.ExecutionException: org.apache.ratis.thirdparty.io.grpc.StatusRuntimeException: UNAVAILABLE: io exception
	at java.util.concurrent.FutureTask.report(FutureTask.java:122)
	at java.util.concurrent.FutureTask.get(FutureTask.java:192)
	at org.apache.ratis.server.impl.LeaderElection.waitForResults(LeaderElection.java:263)
	at org.apache.ratis.server.impl.LeaderElection.askForVotes(LeaderElection.java:201)
	at org.apache.ratis.server.impl.LeaderElection.run(LeaderElection.java:133)
	at java.lang.Thread.run(Thread.java:748)
Caused by: org.apache.ratis.thirdparty.io.grpc.StatusRuntimeException: UNAVAILABLE: io exception
	at org.apache.ratis.thirdparty.io.grpc.stub.ClientCalls.toStatusRuntimeException(ClientCalls.java:233)
	at org.apache.ratis.thirdparty.io.grpc.stub.ClientCalls.getUnchecked(ClientCalls.java:214)
	at org.apache.ratis.thirdparty.io.grpc.stub.ClientCalls.blockingUnaryCall(ClientCalls.java:139)
	at org.apache.ratis.proto.grpc.RaftServerProtocolServiceGrpc$RaftServerProtocolServiceBlockingStub.requestVote(RaftServerProtocolServiceGrpc.java:265)
	at org.apache.ratis.grpc.server.GrpcServerProtocolClient.requestVote(GrpcServerProtocolClient.java:90)
	at org.apache.ratis.grpc.server.GrpcService.requestVote(GrpcService.java:204)
	at org.apache.ratis.server.impl.LeaderElection.lambda$submitRequests$1(LeaderElection.java:238)
	at java.util.concurrent.FutureTask.run(FutureTask.java:266)
	at java.util.concurrent.Executors$RunnableAdapter.call(Executors.java:511)
	at java.util.concurrent.FutureTask.run(FutureTask.java:266)
	at java.util.concurrent.ThreadPoolExecutor.runWorker(ThreadPoolExecutor.java:1149)
	at java.util.concurrent.ThreadPoolExecutor$Worker.run(ThreadPoolExecutor.java:624)
	... 1 more
Caused by: org.apache.ratis.thirdparty.io.netty.channel.AbstractChannel$AnnotatedConnectException: Connection refused: /192.168.5.159:44598
	at sun.nio.ch.SocketChannelImpl.checkConnect(Native Method)
	at sun.nio.ch.SocketChannelImpl.finishConnect(SocketChannelImpl.java:717)
	at org.apache.ratis.thirdparty.io.netty.channel.socket.nio.NioSocketChannel.doFinishConnect(NioSocketChannel.java:327)
	at org.apache.ratis.thirdparty.io.netty.channel.nio.AbstractNioChannel$AbstractNioUnsafe.finishConnect(AbstractNioChannel.java:340)
	at org.apache.ratis.thirdparty.io.netty.channel.nio.NioEventLoop.processSelectedKey(NioEventLoop.java:632)
	at org.apache.ratis.thirdparty.io.netty.channel.nio.NioEventLoop.processSelectedKeysOptimized(NioEventLoop.java:579)
	at org.apache.ratis.thirdparty.io.netty.channel.nio.NioEventLoop.processSelectedKeys(NioEventLoop.java:496)
	at org.apache.ratis.thirdparty.io.netty.channel.nio.NioEventLoop.run(NioEventLoop.java:458)
	at org.apache.ratis.thirdparty.io.netty.util.concurrent.SingleThreadEventExecutor$5.run(SingleThreadEventExecutor.java:897)
	at org.apache.ratis.thirdparty.io.netty.util.concurrent.FastThreadLocalRunnable.run(FastThreadLocalRunnable.java:30)
	... 1 more
Caused by: java.net.ConnectException: Connection refused
	... 11 more
2019-10-14 14:42:46,076 [caa892f0-76ff-4c1e-b30f-b7c59842badc@group-E0B7C1D5C8D3:LeaderElection63] INFO  impl.RaftServerImpl (RaftServerImpl.java:setRole(174)) - caa892f0-76ff-4c1e-b30f-b7c59842badc@group-E0B7C1D5C8D3: changes role from CANDIDATE to FOLLOWER at term 14 for DISCOVERED_A_NEW_TERM
2019-10-14 14:42:46,076 [caa892f0-76ff-4c1e-b30f-b7c59842badc@group-E0B7C1D5C8D3:LeaderElection63] INFO  impl.RoleInfo (RoleInfo.java:shutdownLeaderElection(134)) - caa892f0-76ff-4c1e-b30f-b7c59842badc: shutdown LeaderElection
2019-10-14 14:42:46,076 [caa892f0-76ff-4c1e-b30f-b7c59842badc@group-E0B7C1D5C8D3:LeaderElection63] INFO  impl.RoleInfo (RoleInfo.java:updateAndGet(143)) - caa892f0-76ff-4c1e-b30f-b7c59842badc: start FollowerState
2019-10-14 14:42:46,295 [grpc-default-executor-9] WARN  server.GrpcLogAppender (LogUtils.java:warn(134)) - caa892f0-76ff-4c1e-b30f-b7c59842badc@group-382452901537->07a15819-e4fc-4072-82ac-b3e77a99d12a-AppendLogResponseHandler: Failed appendEntries: org.apache.ratis.thirdparty.io.grpc.StatusRuntimeException: UNAVAILABLE: io exception
2019-10-14 14:42:46,296 [grpc-default-executor-9] INFO  impl.FollowerInfo (FollowerInfo.java:lambda$new$0(51)) - caa892f0-76ff-4c1e-b30f-b7c59842badc@group-382452901537->07a15819-e4fc-4072-82ac-b3e77a99d12a: nextIndex: updateUnconditionally 0 -> 0
2019-10-14 14:42:46,329 [grpc-default-executor-9] WARN  server.GrpcLogAppender (LogUtils.java:warn(134)) - caa892f0-76ff-4c1e-b30f-b7c59842badc@group-382452901537->f9748ec4-5d8a-4dfc-8690-85b8cdac3f5d-AppendLogResponseHandler: Failed appendEntries: org.apache.ratis.thirdparty.io.grpc.StatusRuntimeException: UNAVAILABLE: io exception
2019-10-14 14:42:46,329 [grpc-default-executor-9] INFO  impl.FollowerInfo (FollowerInfo.java:lambda$new$0(51)) - caa892f0-76ff-4c1e-b30f-b7c59842badc@group-382452901537->f9748ec4-5d8a-4dfc-8690-85b8cdac3f5d: nextIndex: updateUnconditionally 0 -> 0
2019-10-14 14:42:46,346 [grpc-default-executor-0] WARN  server.GrpcLogAppender (LogUtils.java:warn(134)) - caa892f0-76ff-4c1e-b30f-b7c59842badc@group-026CFA11C8A1->07a15819-e4fc-4072-82ac-b3e77a99d12a-AppendLogResponseHandler: Failed appendEntries: org.apache.ratis.thirdparty.io.grpc.StatusRuntimeException: UNAVAILABLE: io exception
2019-10-14 14:42:46,347 [grpc-default-executor-0] INFO  impl.FollowerInfo (FollowerInfo.java:lambda$new$0(51)) - caa892f0-76ff-4c1e-b30f-b7c59842badc@group-026CFA11C8A1->07a15819-e4fc-4072-82ac-b3e77a99d12a: nextIndex: updateUnconditionally 0 -> 0
2019-10-14 14:42:46,395 [grpc-default-executor-8] WARN  server.GrpcLogAppender (LogUtils.java:warn(134)) - caa892f0-76ff-4c1e-b30f-b7c59842badc@group-026CFA11C8A1->f9748ec4-5d8a-4dfc-8690-85b8cdac3f5d-AppendLogResponseHandler: Failed appendEntries: org.apache.ratis.thirdparty.io.grpc.StatusRuntimeException: UNAVAILABLE: io exception
2019-10-14 14:42:46,395 [grpc-default-executor-8] INFO  impl.FollowerInfo (FollowerInfo.java:lambda$new$0(51)) - caa892f0-76ff-4c1e-b30f-b7c59842badc@group-026CFA11C8A1->f9748ec4-5d8a-4dfc-8690-85b8cdac3f5d: nextIndex: updateUnconditionally 0 -> 0
2019-10-14 14:42:46,799 [grpc-default-executor-0] WARN  server.GrpcLogAppender (LogUtils.java:warn(134)) - caa892f0-76ff-4c1e-b30f-b7c59842badc@group-382452901537->07a15819-e4fc-4072-82ac-b3e77a99d12a-AppendLogResponseHandler: Failed appendEntries: org.apache.ratis.thirdparty.io.grpc.StatusRuntimeException: UNAVAILABLE: io exception
2019-10-14 14:42:46,800 [grpc-default-executor-0] INFO  impl.FollowerInfo (FollowerInfo.java:lambda$new$0(51)) - caa892f0-76ff-4c1e-b30f-b7c59842badc@group-382452901537->07a15819-e4fc-4072-82ac-b3e77a99d12a: nextIndex: updateUnconditionally 0 -> 0
2019-10-14 14:42:46,831 [grpc-default-executor-12] WARN  server.GrpcLogAppender (LogUtils.java:warn(134)) - caa892f0-76ff-4c1e-b30f-b7c59842badc@group-382452901537->f9748ec4-5d8a-4dfc-8690-85b8cdac3f5d-AppendLogResponseHandler: Failed appendEntries: org.apache.ratis.thirdparty.io.grpc.StatusRuntimeException: UNAVAILABLE: io exception
2019-10-14 14:42:46,832 [grpc-default-executor-12] INFO  impl.FollowerInfo (FollowerInfo.java:lambda$new$0(51)) - caa892f0-76ff-4c1e-b30f-b7c59842badc@group-382452901537->f9748ec4-5d8a-4dfc-8690-85b8cdac3f5d: nextIndex: updateUnconditionally 0 -> 0
2019-10-14 14:42:46,847 [grpc-default-executor-12] WARN  server.GrpcLogAppender (LogUtils.java:warn(134)) - caa892f0-76ff-4c1e-b30f-b7c59842badc@group-026CFA11C8A1->07a15819-e4fc-4072-82ac-b3e77a99d12a-AppendLogResponseHandler: Failed appendEntries: org.apache.ratis.thirdparty.io.grpc.StatusRuntimeException: UNAVAILABLE: io exception
2019-10-14 14:42:46,847 [grpc-default-executor-12] INFO  impl.FollowerInfo (FollowerInfo.java:lambda$new$0(51)) - caa892f0-76ff-4c1e-b30f-b7c59842badc@group-026CFA11C8A1->07a15819-e4fc-4072-82ac-b3e77a99d12a: nextIndex: updateUnconditionally 0 -> 0
2019-10-14 14:42:46,896 [grpc-default-executor-12] WARN  server.GrpcLogAppender (LogUtils.java:warn(134)) - caa892f0-76ff-4c1e-b30f-b7c59842badc@group-026CFA11C8A1->f9748ec4-5d8a-4dfc-8690-85b8cdac3f5d-AppendLogResponseHandler: Failed appendEntries: org.apache.ratis.thirdparty.io.grpc.StatusRuntimeException: UNAVAILABLE: io exception
2019-10-14 14:42:46,896 [grpc-default-executor-12] INFO  impl.FollowerInfo (FollowerInfo.java:lambda$new$0(51)) - caa892f0-76ff-4c1e-b30f-b7c59842badc@group-026CFA11C8A1->f9748ec4-5d8a-4dfc-8690-85b8cdac3f5d: nextIndex: updateUnconditionally 0 -> 0
2019-10-14 14:42:47,062 [Thread-1229] INFO  impl.FollowerState (FollowerState.java:run(106)) - caa892f0-76ff-4c1e-b30f-b7c59842badc:group-EA752D978E74 changes to CANDIDATE, lastRpcTime:1067, electionTimeout:1067ms
2019-10-14 14:42:47,062 [Thread-1229] INFO  impl.RoleInfo (RoleInfo.java:shutdownFollowerState(121)) - caa892f0-76ff-4c1e-b30f-b7c59842badc: shutdown FollowerState
2019-10-14 14:42:47,063 [Thread-1229] INFO  impl.RaftServerImpl (RaftServerImpl.java:setRole(174)) - caa892f0-76ff-4c1e-b30f-b7c59842badc@group-EA752D978E74: changes role from  FOLLOWER to CANDIDATE at term 13 for changeToCandidate
2019-10-14 14:42:47,063 [Thread-1229] INFO  impl.RoleInfo (RoleInfo.java:updateAndGet(143)) - caa892f0-76ff-4c1e-b30f-b7c59842badc: start LeaderElection
2019-10-14 14:42:47,072 [caa892f0-76ff-4c1e-b30f-b7c59842badc@group-EA752D978E74:LeaderElection64] INFO  impl.LeaderElection (LeaderElection.java:askForVotes(182)) - caa892f0-76ff-4c1e-b30f-b7c59842badc@group-EA752D978E74:LeaderElection64: begin an election at term 14 for 0: [07a15819-e4fc-4072-82ac-b3e77a99d12a:192.168.5.159:45599, f9748ec4-5d8a-4dfc-8690-85b8cdac3f5d:192.168.5.159:44598, caa892f0-76ff-4c1e-b30f-b7c59842badc:192.168.5.159:39406], old=null
2019-10-14 14:42:47,074 [caa892f0-76ff-4c1e-b30f-b7c59842badc@group-EA752D978E74:LeaderElection64] INFO  impl.LeaderElection (LogUtils.java:infoOrTrace(149)) - caa892f0-76ff-4c1e-b30f-b7c59842badc@group-EA752D978E74:LeaderElection64 got exception when requesting votes: {}
java.util.concurrent.ExecutionException: org.apache.ratis.thirdparty.io.grpc.StatusRuntimeException: UNAVAILABLE: io exception
	at java.util.concurrent.FutureTask.report(FutureTask.java:122)
	at java.util.concurrent.FutureTask.get(FutureTask.java:192)
	at org.apache.ratis.server.impl.LeaderElection.waitForResults(LeaderElection.java:263)
	at org.apache.ratis.server.impl.LeaderElection.askForVotes(LeaderElection.java:201)
	at org.apache.ratis.server.impl.LeaderElection.run(LeaderElection.java:133)
	at java.lang.Thread.run(Thread.java:748)
Caused by: org.apache.ratis.thirdparty.io.grpc.StatusRuntimeException: UNAVAILABLE: io exception
	at org.apache.ratis.thirdparty.io.grpc.stub.ClientCalls.toStatusRuntimeException(ClientCalls.java:233)
	at org.apache.ratis.thirdparty.io.grpc.stub.ClientCalls.getUnchecked(ClientCalls.java:214)
	at org.apache.ratis.thirdparty.io.grpc.stub.ClientCalls.blockingUnaryCall(ClientCalls.java:139)
	at org.apache.ratis.proto.grpc.RaftServerProtocolServiceGrpc$RaftServerProtocolServiceBlockingStub.requestVote(RaftServerProtocolServiceGrpc.java:265)
	at org.apache.ratis.grpc.server.GrpcServerProtocolClient.requestVote(GrpcServerProtocolClient.java:90)
	at org.apache.ratis.grpc.server.GrpcService.requestVote(GrpcService.java:204)
	at org.apache.ratis.server.impl.LeaderElection.lambda$submitRequests$1(LeaderElection.java:238)
	at java.util.concurrent.FutureTask.run(FutureTask.java:266)
	at java.util.concurrent.Executors$RunnableAdapter.call(Executors.java:511)
	at java.util.concurrent.FutureTask.run(FutureTask.java:266)
	at java.util.concurrent.ThreadPoolExecutor.runWorker(ThreadPoolExecutor.java:1149)
	at java.util.concurrent.ThreadPoolExecutor$Worker.run(ThreadPoolExecutor.java:624)
	... 1 more
Caused by: org.apache.ratis.thirdparty.io.netty.channel.AbstractChannel$AnnotatedConnectException: Connection refused: /192.168.5.159:45599
	at sun.nio.ch.SocketChannelImpl.checkConnect(Native Method)
	at sun.nio.ch.SocketChannelImpl.finishConnect(SocketChannelImpl.java:717)
	at org.apache.ratis.thirdparty.io.netty.channel.socket.nio.NioSocketChannel.doFinishConnect(NioSocketChannel.java:327)
	at org.apache.ratis.thirdparty.io.netty.channel.nio.AbstractNioChannel$AbstractNioUnsafe.finishConnect(AbstractNioChannel.java:340)
	at org.apache.ratis.thirdparty.io.netty.channel.nio.NioEventLoop.processSelectedKey(NioEventLoop.java:632)
	at org.apache.ratis.thirdparty.io.netty.channel.nio.NioEventLoop.processSelectedKeysOptimized(NioEventLoop.java:579)
	at org.apache.ratis.thirdparty.io.netty.channel.nio.NioEventLoop.processSelectedKeys(NioEventLoop.java:496)
	at org.apache.ratis.thirdparty.io.netty.channel.nio.NioEventLoop.run(NioEventLoop.java:458)
	at org.apache.ratis.thirdparty.io.netty.util.concurrent.SingleThreadEventExecutor$5.run(SingleThreadEventExecutor.java:897)
	at org.apache.ratis.thirdparty.io.netty.util.concurrent.FastThreadLocalRunnable.run(FastThreadLocalRunnable.java:30)
	... 1 more
Caused by: java.net.ConnectException: Connection refused
	... 11 more
2019-10-14 14:42:47,075 [caa892f0-76ff-4c1e-b30f-b7c59842badc@group-EA752D978E74:LeaderElection64] INFO  impl.LeaderElection (LogUtils.java:infoOrTrace(149)) - caa892f0-76ff-4c1e-b30f-b7c59842badc@group-EA752D978E74:LeaderElection64 got exception when requesting votes: {}
java.util.concurrent.ExecutionException: org.apache.ratis.thirdparty.io.grpc.StatusRuntimeException: UNAVAILABLE: io exception
	at java.util.concurrent.FutureTask.report(FutureTask.java:122)
	at java.util.concurrent.FutureTask.get(FutureTask.java:192)
	at org.apache.ratis.server.impl.LeaderElection.waitForResults(LeaderElection.java:263)
	at org.apache.ratis.server.impl.LeaderElection.askForVotes(LeaderElection.java:201)
	at org.apache.ratis.server.impl.LeaderElection.run(LeaderElection.java:133)
	at java.lang.Thread.run(Thread.java:748)
Caused by: org.apache.ratis.thirdparty.io.grpc.StatusRuntimeException: UNAVAILABLE: io exception
	at org.apache.ratis.thirdparty.io.grpc.stub.ClientCalls.toStatusRuntimeException(ClientCalls.java:233)
	at org.apache.ratis.thirdparty.io.grpc.stub.ClientCalls.getUnchecked(ClientCalls.java:214)
	at org.apache.ratis.thirdparty.io.grpc.stub.ClientCalls.blockingUnaryCall(ClientCalls.java:139)
	at org.apache.ratis.proto.grpc.RaftServerProtocolServiceGrpc$RaftServerProtocolServiceBlockingStub.requestVote(RaftServerProtocolServiceGrpc.java:265)
	at org.apache.ratis.grpc.server.GrpcServerProtocolClient.requestVote(GrpcServerProtocolClient.java:90)
	at org.apache.ratis.grpc.server.GrpcService.requestVote(GrpcService.java:204)
	at org.apache.ratis.server.impl.LeaderElection.lambda$submitRequests$1(LeaderElection.java:238)
	at java.util.concurrent.FutureTask.run(FutureTask.java:266)
	at java.util.concurrent.Executors$RunnableAdapter.call(Executors.java:511)
	at java.util.concurrent.FutureTask.run(FutureTask.java:266)
	at java.util.concurrent.ThreadPoolExecutor.runWorker(ThreadPoolExecutor.java:1149)
	at java.util.concurrent.ThreadPoolExecutor$Worker.run(ThreadPoolExecutor.java:624)
	... 1 more
Caused by: org.apache.ratis.thirdparty.io.netty.channel.AbstractChannel$AnnotatedConnectException: Connection refused: /192.168.5.159:44598
	at sun.nio.ch.SocketChannelImpl.checkConnect(Native Method)
	at sun.nio.ch.SocketChannelImpl.finishConnect(SocketChannelImpl.java:717)
	at org.apache.ratis.thirdparty.io.netty.channel.socket.nio.NioSocketChannel.doFinishConnect(NioSocketChannel.java:327)
	at org.apache.ratis.thirdparty.io.netty.channel.nio.AbstractNioChannel$AbstractNioUnsafe.finishConnect(AbstractNioChannel.java:340)
	at org.apache.ratis.thirdparty.io.netty.channel.nio.NioEventLoop.processSelectedKey(NioEventLoop.java:632)
	at org.apache.ratis.thirdparty.io.netty.channel.nio.NioEventLoop.processSelectedKeysOptimized(NioEventLoop.java:579)
	at org.apache.ratis.thirdparty.io.netty.channel.nio.NioEventLoop.processSelectedKeys(NioEventLoop.java:496)
	at org.apache.ratis.thirdparty.io.netty.channel.nio.NioEventLoop.run(NioEventLoop.java:458)
	at org.apache.ratis.thirdparty.io.netty.util.concurrent.SingleThreadEventExecutor$5.run(SingleThreadEventExecutor.java:897)
	at org.apache.ratis.thirdparty.io.netty.util.concurrent.FastThreadLocalRunnable.run(FastThreadLocalRunnable.java:30)
	... 1 more
Caused by: java.net.ConnectException: Connection refused
	... 11 more
2019-10-14 14:42:47,076 [caa892f0-76ff-4c1e-b30f-b7c59842badc@group-EA752D978E74:LeaderElection64] INFO  impl.LeaderElection (LeaderElection.java:logAndReturn(56)) - caa892f0-76ff-4c1e-b30f-b7c59842badc@group-EA752D978E74:LeaderElection64: Election REJECTED; received 0 response(s) [] and 2 exception(s); caa892f0-76ff-4c1e-b30f-b7c59842badc@group-EA752D978E74:t14, leader=null, voted=caa892f0-76ff-4c1e-b30f-b7c59842badc, raftlog=caa892f0-76ff-4c1e-b30f-b7c59842badc@group-EA752D978E74-SegmentedRaftLog:OPENED:c16,f16,i16, conf=0: [07a15819-e4fc-4072-82ac-b3e77a99d12a:192.168.5.159:45599, f9748ec4-5d8a-4dfc-8690-85b8cdac3f5d:192.168.5.159:44598, caa892f0-76ff-4c1e-b30f-b7c59842badc:192.168.5.159:39406], old=null
2019-10-14 14:42:47,076 [caa892f0-76ff-4c1e-b30f-b7c59842badc@group-EA752D978E74:LeaderElection64] INFO  impl.LeaderElection (LogUtils.java:infoOrTrace(149)) -   Exception 0: {}
java.util.concurrent.ExecutionException: org.apache.ratis.thirdparty.io.grpc.StatusRuntimeException: UNAVAILABLE: io exception
	at java.util.concurrent.FutureTask.report(FutureTask.java:122)
	at java.util.concurrent.FutureTask.get(FutureTask.java:192)
	at org.apache.ratis.server.impl.LeaderElection.waitForResults(LeaderElection.java:263)
	at org.apache.ratis.server.impl.LeaderElection.askForVotes(LeaderElection.java:201)
	at org.apache.ratis.server.impl.LeaderElection.run(LeaderElection.java:133)
	at java.lang.Thread.run(Thread.java:748)
Caused by: org.apache.ratis.thirdparty.io.grpc.StatusRuntimeException: UNAVAILABLE: io exception
	at org.apache.ratis.thirdparty.io.grpc.stub.ClientCalls.toStatusRuntimeException(ClientCalls.java:233)
	at org.apache.ratis.thirdparty.io.grpc.stub.ClientCalls.getUnchecked(ClientCalls.java:214)
	at org.apache.ratis.thirdparty.io.grpc.stub.ClientCalls.blockingUnaryCall(ClientCalls.java:139)
	at org.apache.ratis.proto.grpc.RaftServerProtocolServiceGrpc$RaftServerProtocolServiceBlockingStub.requestVote(RaftServerProtocolServiceGrpc.java:265)
	at org.apache.ratis.grpc.server.GrpcServerProtocolClient.requestVote(GrpcServerProtocolClient.java:90)
	at org.apache.ratis.grpc.server.GrpcService.requestVote(GrpcService.java:204)
	at org.apache.ratis.server.impl.LeaderElection.lambda$submitRequests$1(LeaderElection.java:238)
	at java.util.concurrent.FutureTask.run(FutureTask.java:266)
	at java.util.concurrent.Executors$RunnableAdapter.call(Executors.java:511)
	at java.util.concurrent.FutureTask.run(FutureTask.java:266)
	at java.util.concurrent.ThreadPoolExecutor.runWorker(ThreadPoolExecutor.java:1149)
	at java.util.concurrent.ThreadPoolExecutor$Worker.run(ThreadPoolExecutor.java:624)
	... 1 more
Caused by: org.apache.ratis.thirdparty.io.netty.channel.AbstractChannel$AnnotatedConnectException: Connection refused: /192.168.5.159:45599
	at sun.nio.ch.SocketChannelImpl.checkConnect(Native Method)
	at sun.nio.ch.SocketChannelImpl.finishConnect(SocketChannelImpl.java:717)
	at org.apache.ratis.thirdparty.io.netty.channel.socket.nio.NioSocketChannel.doFinishConnect(NioSocketChannel.java:327)
	at org.apache.ratis.thirdparty.io.netty.channel.nio.AbstractNioChannel$AbstractNioUnsafe.finishConnect(AbstractNioChannel.java:340)
	at org.apache.ratis.thirdparty.io.netty.channel.nio.NioEventLoop.processSelectedKey(NioEventLoop.java:632)
	at org.apache.ratis.thirdparty.io.netty.channel.nio.NioEventLoop.processSelectedKeysOptimized(NioEventLoop.java:579)
	at org.apache.ratis.thirdparty.io.netty.channel.nio.NioEventLoop.processSelectedKeys(NioEventLoop.java:496)
	at org.apache.ratis.thirdparty.io.netty.channel.nio.NioEventLoop.run(NioEventLoop.java:458)
	at org.apache.ratis.thirdparty.io.netty.util.concurrent.SingleThreadEventExecutor$5.run(SingleThreadEventExecutor.java:897)
	at org.apache.ratis.thirdparty.io.netty.util.concurrent.FastThreadLocalRunnable.run(FastThreadLocalRunnable.java:30)
	... 1 more
Caused by: java.net.ConnectException: Connection refused
	... 11 more
2019-10-14 14:42:47,076 [caa892f0-76ff-4c1e-b30f-b7c59842badc@group-EA752D978E74:LeaderElection64] INFO  impl.LeaderElection (LogUtils.java:infoOrTrace(149)) -   Exception 1: {}
java.util.concurrent.ExecutionException: org.apache.ratis.thirdparty.io.grpc.StatusRuntimeException: UNAVAILABLE: io exception
	at java.util.concurrent.FutureTask.report(FutureTask.java:122)
	at java.util.concurrent.FutureTask.get(FutureTask.java:192)
	at org.apache.ratis.server.impl.LeaderElection.waitForResults(LeaderElection.java:263)
	at org.apache.ratis.server.impl.LeaderElection.askForVotes(LeaderElection.java:201)
	at org.apache.ratis.server.impl.LeaderElection.run(LeaderElection.java:133)
	at java.lang.Thread.run(Thread.java:748)
Caused by: org.apache.ratis.thirdparty.io.grpc.StatusRuntimeException: UNAVAILABLE: io exception
	at org.apache.ratis.thirdparty.io.grpc.stub.ClientCalls.toStatusRuntimeException(ClientCalls.java:233)
	at org.apache.ratis.thirdparty.io.grpc.stub.ClientCalls.getUnchecked(ClientCalls.java:214)
	at org.apache.ratis.thirdparty.io.grpc.stub.ClientCalls.blockingUnaryCall(ClientCalls.java:139)
	at org.apache.ratis.proto.grpc.RaftServerProtocolServiceGrpc$RaftServerProtocolServiceBlockingStub.requestVote(RaftServerProtocolServiceGrpc.java:265)
	at org.apache.ratis.grpc.server.GrpcServerProtocolClient.requestVote(GrpcServerProtocolClient.java:90)
	at org.apache.ratis.grpc.server.GrpcService.requestVote(GrpcService.java:204)
	at org.apache.ratis.server.impl.LeaderElection.lambda$submitRequests$1(LeaderElection.java:238)
	at java.util.concurrent.FutureTask.run(FutureTask.java:266)
	at java.util.concurrent.Executors$RunnableAdapter.call(Executors.java:511)
	at java.util.concurrent.FutureTask.run(FutureTask.java:266)
	at java.util.concurrent.ThreadPoolExecutor.runWorker(ThreadPoolExecutor.java:1149)
	at java.util.concurrent.ThreadPoolExecutor$Worker.run(ThreadPoolExecutor.java:624)
	... 1 more
Caused by: org.apache.ratis.thirdparty.io.netty.channel.AbstractChannel$AnnotatedConnectException: Connection refused: /192.168.5.159:44598
	at sun.nio.ch.SocketChannelImpl.checkConnect(Native Method)
	at sun.nio.ch.SocketChannelImpl.finishConnect(SocketChannelImpl.java:717)
	at org.apache.ratis.thirdparty.io.netty.channel.socket.nio.NioSocketChannel.doFinishConnect(NioSocketChannel.java:327)
	at org.apache.ratis.thirdparty.io.netty.channel.nio.AbstractNioChannel$AbstractNioUnsafe.finishConnect(AbstractNioChannel.java:340)
	at org.apache.ratis.thirdparty.io.netty.channel.nio.NioEventLoop.processSelectedKey(NioEventLoop.java:632)
	at org.apache.ratis.thirdparty.io.netty.channel.nio.NioEventLoop.processSelectedKeysOptimized(NioEventLoop.java:579)
	at org.apache.ratis.thirdparty.io.netty.channel.nio.NioEventLoop.processSelectedKeys(NioEventLoop.java:496)
	at org.apache.ratis.thirdparty.io.netty.channel.nio.NioEventLoop.run(NioEventLoop.java:458)
	at org.apache.ratis.thirdparty.io.netty.util.concurrent.SingleThreadEventExecutor$5.run(SingleThreadEventExecutor.java:897)
	at org.apache.ratis.thirdparty.io.netty.util.concurrent.FastThreadLocalRunnable.run(FastThreadLocalRunnable.java:30)
	... 1 more
Caused by: java.net.ConnectException: Connection refused
	... 11 more
2019-10-14 14:42:47,077 [caa892f0-76ff-4c1e-b30f-b7c59842badc@group-EA752D978E74:LeaderElection64] INFO  impl.RaftServerImpl (RaftServerImpl.java:setRole(174)) - caa892f0-76ff-4c1e-b30f-b7c59842badc@group-EA752D978E74: changes role from CANDIDATE to FOLLOWER at term 14 for DISCOVERED_A_NEW_TERM
2019-10-14 14:42:47,077 [caa892f0-76ff-4c1e-b30f-b7c59842badc@group-EA752D978E74:LeaderElection64] INFO  impl.RoleInfo (RoleInfo.java:shutdownLeaderElection(134)) - caa892f0-76ff-4c1e-b30f-b7c59842badc: shutdown LeaderElection
2019-10-14 14:42:47,077 [caa892f0-76ff-4c1e-b30f-b7c59842badc@group-EA752D978E74:LeaderElection64] INFO  impl.RoleInfo (RoleInfo.java:updateAndGet(143)) - caa892f0-76ff-4c1e-b30f-b7c59842badc: start FollowerState
2019-10-14 14:42:47,149 [Thread-1233] INFO  impl.FollowerState (FollowerState.java:run(106)) - caa892f0-76ff-4c1e-b30f-b7c59842badc:group-E0B7C1D5C8D3 changes to CANDIDATE, lastRpcTime:1072, electionTimeout:1072ms
2019-10-14 14:42:47,149 [Thread-1233] INFO  impl.RoleInfo (RoleInfo.java:shutdownFollowerState(121)) - caa892f0-76ff-4c1e-b30f-b7c59842badc: shutdown FollowerState
2019-10-14 14:42:47,149 [Thread-1233] INFO  impl.RaftServerImpl (RaftServerImpl.java:setRole(174)) - caa892f0-76ff-4c1e-b30f-b7c59842badc@group-E0B7C1D5C8D3: changes role from  FOLLOWER to CANDIDATE at term 14 for changeToCandidate
2019-10-14 14:42:47,150 [Thread-1233] INFO  impl.RoleInfo (RoleInfo.java:updateAndGet(143)) - caa892f0-76ff-4c1e-b30f-b7c59842badc: start LeaderElection
2019-10-14 14:42:47,154 [caa892f0-76ff-4c1e-b30f-b7c59842badc@group-E0B7C1D5C8D3:LeaderElection65] INFO  impl.LeaderElection (LeaderElection.java:askForVotes(182)) - caa892f0-76ff-4c1e-b30f-b7c59842badc@group-E0B7C1D5C8D3:LeaderElection65: begin an election at term 15 for 0: [07a15819-e4fc-4072-82ac-b3e77a99d12a:192.168.5.159:45599, f9748ec4-5d8a-4dfc-8690-85b8cdac3f5d:192.168.5.159:44598, caa892f0-76ff-4c1e-b30f-b7c59842badc:192.168.5.159:39406], old=null
2019-10-14 14:42:47,155 [caa892f0-76ff-4c1e-b30f-b7c59842badc@group-E0B7C1D5C8D3:LeaderElection65] INFO  impl.LeaderElection (LogUtils.java:infoOrTrace(149)) - caa892f0-76ff-4c1e-b30f-b7c59842badc@group-E0B7C1D5C8D3:LeaderElection65 got exception when requesting votes: {}
java.util.concurrent.ExecutionException: org.apache.ratis.thirdparty.io.grpc.StatusRuntimeException: UNAVAILABLE: io exception
	at java.util.concurrent.FutureTask.report(FutureTask.java:122)
	at java.util.concurrent.FutureTask.get(FutureTask.java:192)
	at org.apache.ratis.server.impl.LeaderElection.waitForResults(LeaderElection.java:263)
	at org.apache.ratis.server.impl.LeaderElection.askForVotes(LeaderElection.java:201)
	at org.apache.ratis.server.impl.LeaderElection.run(LeaderElection.java:133)
	at java.lang.Thread.run(Thread.java:748)
Caused by: org.apache.ratis.thirdparty.io.grpc.StatusRuntimeException: UNAVAILABLE: io exception
	at org.apache.ratis.thirdparty.io.grpc.stub.ClientCalls.toStatusRuntimeException(ClientCalls.java:233)
	at org.apache.ratis.thirdparty.io.grpc.stub.ClientCalls.getUnchecked(ClientCalls.java:214)
	at org.apache.ratis.thirdparty.io.grpc.stub.ClientCalls.blockingUnaryCall(ClientCalls.java:139)
	at org.apache.ratis.proto.grpc.RaftServerProtocolServiceGrpc$RaftServerProtocolServiceBlockingStub.requestVote(RaftServerProtocolServiceGrpc.java:265)
	at org.apache.ratis.grpc.server.GrpcServerProtocolClient.requestVote(GrpcServerProtocolClient.java:90)
	at org.apache.ratis.grpc.server.GrpcService.requestVote(GrpcService.java:204)
	at org.apache.ratis.server.impl.LeaderElection.lambda$submitRequests$1(LeaderElection.java:238)
	at java.util.concurrent.FutureTask.run(FutureTask.java:266)
	at java.util.concurrent.Executors$RunnableAdapter.call(Executors.java:511)
	at java.util.concurrent.FutureTask.run(FutureTask.java:266)
	at java.util.concurrent.ThreadPoolExecutor.runWorker(ThreadPoolExecutor.java:1149)
	at java.util.concurrent.ThreadPoolExecutor$Worker.run(ThreadPoolExecutor.java:624)
	... 1 more
Caused by: org.apache.ratis.thirdparty.io.netty.channel.AbstractChannel$AnnotatedConnectException: Connection refused: /192.168.5.159:44598
	at sun.nio.ch.SocketChannelImpl.checkConnect(Native Method)
	at sun.nio.ch.SocketChannelImpl.finishConnect(SocketChannelImpl.java:717)
	at org.apache.ratis.thirdparty.io.netty.channel.socket.nio.NioSocketChannel.doFinishConnect(NioSocketChannel.java:327)
	at org.apache.ratis.thirdparty.io.netty.channel.nio.AbstractNioChannel$AbstractNioUnsafe.finishConnect(AbstractNioChannel.java:340)
	at org.apache.ratis.thirdparty.io.netty.channel.nio.NioEventLoop.processSelectedKey(NioEventLoop.java:632)
	at org.apache.ratis.thirdparty.io.netty.channel.nio.NioEventLoop.processSelectedKeysOptimized(NioEventLoop.java:579)
	at org.apache.ratis.thirdparty.io.netty.channel.nio.NioEventLoop.processSelectedKeys(NioEventLoop.java:496)
	at org.apache.ratis.thirdparty.io.netty.channel.nio.NioEventLoop.run(NioEventLoop.java:458)
	at org.apache.ratis.thirdparty.io.netty.util.concurrent.SingleThreadEventExecutor$5.run(SingleThreadEventExecutor.java:897)
	at org.apache.ratis.thirdparty.io.netty.util.concurrent.FastThreadLocalRunnable.run(FastThreadLocalRunnable.java:30)
	... 1 more
Caused by: java.net.ConnectException: Connection refused
	... 11 more
2019-10-14 14:42:47,156 [caa892f0-76ff-4c1e-b30f-b7c59842badc@group-E0B7C1D5C8D3:LeaderElection65] INFO  impl.LeaderElection (LogUtils.java:infoOrTrace(149)) - caa892f0-76ff-4c1e-b30f-b7c59842badc@group-E0B7C1D5C8D3:LeaderElection65 got exception when requesting votes: {}
java.util.concurrent.ExecutionException: org.apache.ratis.thirdparty.io.grpc.StatusRuntimeException: UNAVAILABLE: io exception
	at java.util.concurrent.FutureTask.report(FutureTask.java:122)
	at java.util.concurrent.FutureTask.get(FutureTask.java:192)
	at org.apache.ratis.server.impl.LeaderElection.waitForResults(LeaderElection.java:263)
	at org.apache.ratis.server.impl.LeaderElection.askForVotes(LeaderElection.java:201)
	at org.apache.ratis.server.impl.LeaderElection.run(LeaderElection.java:133)
	at java.lang.Thread.run(Thread.java:748)
Caused by: org.apache.ratis.thirdparty.io.grpc.StatusRuntimeException: UNAVAILABLE: io exception
	at org.apache.ratis.thirdparty.io.grpc.stub.ClientCalls.toStatusRuntimeException(ClientCalls.java:233)
	at org.apache.ratis.thirdparty.io.grpc.stub.ClientCalls.getUnchecked(ClientCalls.java:214)
	at org.apache.ratis.thirdparty.io.grpc.stub.ClientCalls.blockingUnaryCall(ClientCalls.java:139)
	at org.apache.ratis.proto.grpc.RaftServerProtocolServiceGrpc$RaftServerProtocolServiceBlockingStub.requestVote(RaftServerProtocolServiceGrpc.java:265)
	at org.apache.ratis.grpc.server.GrpcServerProtocolClient.requestVote(GrpcServerProtocolClient.java:90)
	at org.apache.ratis.grpc.server.GrpcService.requestVote(GrpcService.java:204)
	at org.apache.ratis.server.impl.LeaderElection.lambda$submitRequests$1(LeaderElection.java:238)
	at java.util.concurrent.FutureTask.run(FutureTask.java:266)
	at java.util.concurrent.Executors$RunnableAdapter.call(Executors.java:511)
	at java.util.concurrent.FutureTask.run(FutureTask.java:266)
	at java.util.concurrent.ThreadPoolExecutor.runWorker(ThreadPoolExecutor.java:1149)
	at java.util.concurrent.ThreadPoolExecutor$Worker.run(ThreadPoolExecutor.java:624)
	... 1 more
Caused by: org.apache.ratis.thirdparty.io.netty.channel.AbstractChannel$AnnotatedConnectException: Connection refused: /192.168.5.159:45599
	at sun.nio.ch.SocketChannelImpl.checkConnect(Native Method)
	at sun.nio.ch.SocketChannelImpl.finishConnect(SocketChannelImpl.java:717)
	at org.apache.ratis.thirdparty.io.netty.channel.socket.nio.NioSocketChannel.doFinishConnect(NioSocketChannel.java:327)
	at org.apache.ratis.thirdparty.io.netty.channel.nio.AbstractNioChannel$AbstractNioUnsafe.finishConnect(AbstractNioChannel.java:340)
	at org.apache.ratis.thirdparty.io.netty.channel.nio.NioEventLoop.processSelectedKey(NioEventLoop.java:632)
	at org.apache.ratis.thirdparty.io.netty.channel.nio.NioEventLoop.processSelectedKeysOptimized(NioEventLoop.java:579)
	at org.apache.ratis.thirdparty.io.netty.channel.nio.NioEventLoop.processSelectedKeys(NioEventLoop.java:496)
	at org.apache.ratis.thirdparty.io.netty.channel.nio.NioEventLoop.run(NioEventLoop.java:458)
	at org.apache.ratis.thirdparty.io.netty.util.concurrent.SingleThreadEventExecutor$5.run(SingleThreadEventExecutor.java:897)
	at org.apache.ratis.thirdparty.io.netty.util.concurrent.FastThreadLocalRunnable.run(FastThreadLocalRunnable.java:30)
	... 1 more
Caused by: java.net.ConnectException: Connection refused
	... 11 more
2019-10-14 14:42:47,157 [caa892f0-76ff-4c1e-b30f-b7c59842badc@group-E0B7C1D5C8D3:LeaderElection65] INFO  impl.LeaderElection (LeaderElection.java:logAndReturn(56)) - caa892f0-76ff-4c1e-b30f-b7c59842badc@group-E0B7C1D5C8D3:LeaderElection65: Election REJECTED; received 0 response(s) [] and 2 exception(s); caa892f0-76ff-4c1e-b30f-b7c59842badc@group-E0B7C1D5C8D3:t15, leader=null, voted=caa892f0-76ff-4c1e-b30f-b7c59842badc, raftlog=caa892f0-76ff-4c1e-b30f-b7c59842badc@group-E0B7C1D5C8D3-SegmentedRaftLog:OPENED:c0,f0,i0, conf=0: [07a15819-e4fc-4072-82ac-b3e77a99d12a:192.168.5.159:45599, f9748ec4-5d8a-4dfc-8690-85b8cdac3f5d:192.168.5.159:44598, caa892f0-76ff-4c1e-b30f-b7c59842badc:192.168.5.159:39406], old=null
2019-10-14 14:42:47,157 [caa892f0-76ff-4c1e-b30f-b7c59842badc@group-E0B7C1D5C8D3:LeaderElection65] INFO  impl.LeaderElection (LogUtils.java:infoOrTrace(149)) -   Exception 0: {}
java.util.concurrent.ExecutionException: org.apache.ratis.thirdparty.io.grpc.StatusRuntimeException: UNAVAILABLE: io exception
	at java.util.concurrent.FutureTask.report(FutureTask.java:122)
	at java.util.concurrent.FutureTask.get(FutureTask.java:192)
	at org.apache.ratis.server.impl.LeaderElection.waitForResults(LeaderElection.java:263)
	at org.apache.ratis.server.impl.LeaderElection.askForVotes(LeaderElection.java:201)
	at org.apache.ratis.server.impl.LeaderElection.run(LeaderElection.java:133)
	at java.lang.Thread.run(Thread.java:748)
Caused by: org.apache.ratis.thirdparty.io.grpc.StatusRuntimeException: UNAVAILABLE: io exception
	at org.apache.ratis.thirdparty.io.grpc.stub.ClientCalls.toStatusRuntimeException(ClientCalls.java:233)
	at org.apache.ratis.thirdparty.io.grpc.stub.ClientCalls.getUnchecked(ClientCalls.java:214)
	at org.apache.ratis.thirdparty.io.grpc.stub.ClientCalls.blockingUnaryCall(ClientCalls.java:139)
	at org.apache.ratis.proto.grpc.RaftServerProtocolServiceGrpc$RaftServerProtocolServiceBlockingStub.requestVote(RaftServerProtocolServiceGrpc.java:265)
	at org.apache.ratis.grpc.server.GrpcServerProtocolClient.requestVote(GrpcServerProtocolClient.java:90)
	at org.apache.ratis.grpc.server.GrpcService.requestVote(GrpcService.java:204)
	at org.apache.ratis.server.impl.LeaderElection.lambda$submitRequests$1(LeaderElection.java:238)
	at java.util.concurrent.FutureTask.run(FutureTask.java:266)
	at java.util.concurrent.Executors$RunnableAdapter.call(Executors.java:511)
	at java.util.concurrent.FutureTask.run(FutureTask.java:266)
	at java.util.concurrent.ThreadPoolExecutor.runWorker(ThreadPoolExecutor.java:1149)
	at java.util.concurrent.ThreadPoolExecutor$Worker.run(ThreadPoolExecutor.java:624)
	... 1 more
Caused by: org.apache.ratis.thirdparty.io.netty.channel.AbstractChannel$AnnotatedConnectException: Connection refused: /192.168.5.159:44598
	at sun.nio.ch.SocketChannelImpl.checkConnect(Native Method)
	at sun.nio.ch.SocketChannelImpl.finishConnect(SocketChannelImpl.java:717)
	at org.apache.ratis.thirdparty.io.netty.channel.socket.nio.NioSocketChannel.doFinishConnect(NioSocketChannel.java:327)
	at org.apache.ratis.thirdparty.io.netty.channel.nio.AbstractNioChannel$AbstractNioUnsafe.finishConnect(AbstractNioChannel.java:340)
	at org.apache.ratis.thirdparty.io.netty.channel.nio.NioEventLoop.processSelectedKey(NioEventLoop.java:632)
	at org.apache.ratis.thirdparty.io.netty.channel.nio.NioEventLoop.processSelectedKeysOptimized(NioEventLoop.java:579)
	at org.apache.ratis.thirdparty.io.netty.channel.nio.NioEventLoop.processSelectedKeys(NioEventLoop.java:496)
	at org.apache.ratis.thirdparty.io.netty.channel.nio.NioEventLoop.run(NioEventLoop.java:458)
	at org.apache.ratis.thirdparty.io.netty.util.concurrent.SingleThreadEventExecutor$5.run(SingleThreadEventExecutor.java:897)
	at org.apache.ratis.thirdparty.io.netty.util.concurrent.FastThreadLocalRunnable.run(FastThreadLocalRunnable.java:30)
	... 1 more
Caused by: java.net.ConnectException: Connection refused
	... 11 more
2019-10-14 14:42:47,157 [caa892f0-76ff-4c1e-b30f-b7c59842badc@group-E0B7C1D5C8D3:LeaderElection65] INFO  impl.LeaderElection (LogUtils.java:infoOrTrace(149)) -   Exception 1: {}
java.util.concurrent.ExecutionException: org.apache.ratis.thirdparty.io.grpc.StatusRuntimeException: UNAVAILABLE: io exception
	at java.util.concurrent.FutureTask.report(FutureTask.java:122)
	at java.util.concurrent.FutureTask.get(FutureTask.java:192)
	at org.apache.ratis.server.impl.LeaderElection.waitForResults(LeaderElection.java:263)
	at org.apache.ratis.server.impl.LeaderElection.askForVotes(LeaderElection.java:201)
	at org.apache.ratis.server.impl.LeaderElection.run(LeaderElection.java:133)
	at java.lang.Thread.run(Thread.java:748)
Caused by: org.apache.ratis.thirdparty.io.grpc.StatusRuntimeException: UNAVAILABLE: io exception
	at org.apache.ratis.thirdparty.io.grpc.stub.ClientCalls.toStatusRuntimeException(ClientCalls.java:233)
	at org.apache.ratis.thirdparty.io.grpc.stub.ClientCalls.getUnchecked(ClientCalls.java:214)
	at org.apache.ratis.thirdparty.io.grpc.stub.ClientCalls.blockingUnaryCall(ClientCalls.java:139)
	at org.apache.ratis.proto.grpc.RaftServerProtocolServiceGrpc$RaftServerProtocolServiceBlockingStub.requestVote(RaftServerProtocolServiceGrpc.java:265)
	at org.apache.ratis.grpc.server.GrpcServerProtocolClient.requestVote(GrpcServerProtocolClient.java:90)
	at org.apache.ratis.grpc.server.GrpcService.requestVote(GrpcService.java:204)
	at org.apache.ratis.server.impl.LeaderElection.lambda$submitRequests$1(LeaderElection.java:238)
	at java.util.concurrent.FutureTask.run(FutureTask.java:266)
	at java.util.concurrent.Executors$RunnableAdapter.call(Executors.java:511)
	at java.util.concurrent.FutureTask.run(FutureTask.java:266)
	at java.util.concurrent.ThreadPoolExecutor.runWorker(ThreadPoolExecutor.java:1149)
	at java.util.concurrent.ThreadPoolExecutor$Worker.run(ThreadPoolExecutor.java:624)
	... 1 more
Caused by: org.apache.ratis.thirdparty.io.netty.channel.AbstractChannel$AnnotatedConnectException: Connection refused: /192.168.5.159:45599
	at sun.nio.ch.SocketChannelImpl.checkConnect(Native Method)
	at sun.nio.ch.SocketChannelImpl.finishConnect(SocketChannelImpl.java:717)
	at org.apache.ratis.thirdparty.io.netty.channel.socket.nio.NioSocketChannel.doFinishConnect(NioSocketChannel.java:327)
	at org.apache.ratis.thirdparty.io.netty.channel.nio.AbstractNioChannel$AbstractNioUnsafe.finishConnect(AbstractNioChannel.java:340)
	at org.apache.ratis.thirdparty.io.netty.channel.nio.NioEventLoop.processSelectedKey(NioEventLoop.java:632)
	at org.apache.ratis.thirdparty.io.netty.channel.nio.NioEventLoop.processSelectedKeysOptimized(NioEventLoop.java:579)
	at org.apache.ratis.thirdparty.io.netty.channel.nio.NioEventLoop.processSelectedKeys(NioEventLoop.java:496)
	at org.apache.ratis.thirdparty.io.netty.channel.nio.NioEventLoop.run(NioEventLoop.java:458)
	at org.apache.ratis.thirdparty.io.netty.util.concurrent.SingleThreadEventExecutor$5.run(SingleThreadEventExecutor.java:897)
	at org.apache.ratis.thirdparty.io.netty.util.concurrent.FastThreadLocalRunnable.run(FastThreadLocalRunnable.java:30)
	... 1 more
Caused by: java.net.ConnectException: Connection refused
	... 11 more
2019-10-14 14:42:47,157 [caa892f0-76ff-4c1e-b30f-b7c59842badc@group-E0B7C1D5C8D3:LeaderElection65] INFO  impl.RaftServerImpl (RaftServerImpl.java:setRole(174)) - caa892f0-76ff-4c1e-b30f-b7c59842badc@group-E0B7C1D5C8D3: changes role from CANDIDATE to FOLLOWER at term 15 for DISCOVERED_A_NEW_TERM
2019-10-14 14:42:47,157 [caa892f0-76ff-4c1e-b30f-b7c59842badc@group-E0B7C1D5C8D3:LeaderElection65] INFO  impl.RoleInfo (RoleInfo.java:shutdownLeaderElection(134)) - caa892f0-76ff-4c1e-b30f-b7c59842badc: shutdown LeaderElection
2019-10-14 14:42:47,158 [caa892f0-76ff-4c1e-b30f-b7c59842badc@group-E0B7C1D5C8D3:LeaderElection65] INFO  impl.RoleInfo (RoleInfo.java:updateAndGet(143)) - caa892f0-76ff-4c1e-b30f-b7c59842badc: start FollowerState
2019-10-14 14:42:47,297 [grpc-default-executor-0] WARN  server.GrpcLogAppender (LogUtils.java:warn(134)) - caa892f0-76ff-4c1e-b30f-b7c59842badc@group-382452901537->07a15819-e4fc-4072-82ac-b3e77a99d12a-AppendLogResponseHandler: Failed appendEntries: org.apache.ratis.thirdparty.io.grpc.StatusRuntimeException: UNAVAILABLE: io exception
2019-10-14 14:42:47,297 [grpc-default-executor-0] INFO  impl.FollowerInfo (FollowerInfo.java:lambda$new$0(51)) - caa892f0-76ff-4c1e-b30f-b7c59842badc@group-382452901537->07a15819-e4fc-4072-82ac-b3e77a99d12a: nextIndex: updateUnconditionally 0 -> 0
2019-10-14 14:42:47,330 [grpc-default-executor-0] WARN  server.GrpcLogAppender (LogUtils.java:warn(134)) - caa892f0-76ff-4c1e-b30f-b7c59842badc@group-382452901537->f9748ec4-5d8a-4dfc-8690-85b8cdac3f5d-AppendLogResponseHandler: Failed appendEntries: org.apache.ratis.thirdparty.io.grpc.StatusRuntimeException: UNAVAILABLE: io exception
2019-10-14 14:42:47,331 [grpc-default-executor-0] INFO  impl.FollowerInfo (FollowerInfo.java:lambda$new$0(51)) - caa892f0-76ff-4c1e-b30f-b7c59842badc@group-382452901537->f9748ec4-5d8a-4dfc-8690-85b8cdac3f5d: nextIndex: updateUnconditionally 0 -> 0
2019-10-14 14:42:47,347 [grpc-default-executor-8] WARN  server.GrpcLogAppender (LogUtils.java:warn(134)) - caa892f0-76ff-4c1e-b30f-b7c59842badc@group-026CFA11C8A1->07a15819-e4fc-4072-82ac-b3e77a99d12a-AppendLogResponseHandler: Failed appendEntries: org.apache.ratis.thirdparty.io.grpc.StatusRuntimeException: UNAVAILABLE: io exception
2019-10-14 14:42:47,348 [grpc-default-executor-8] INFO  impl.FollowerInfo (FollowerInfo.java:lambda$new$0(51)) - caa892f0-76ff-4c1e-b30f-b7c59842badc@group-026CFA11C8A1->07a15819-e4fc-4072-82ac-b3e77a99d12a: nextIndex: updateUnconditionally 0 -> 0
2019-10-14 14:42:47,397 [grpc-default-executor-8] WARN  server.GrpcLogAppender (LogUtils.java:warn(134)) - caa892f0-76ff-4c1e-b30f-b7c59842badc@group-026CFA11C8A1->f9748ec4-5d8a-4dfc-8690-85b8cdac3f5d-AppendLogResponseHandler: Failed appendEntries: org.apache.ratis.thirdparty.io.grpc.StatusRuntimeException: UNAVAILABLE: io exception
2019-10-14 14:42:47,398 [grpc-default-executor-8] INFO  impl.FollowerInfo (FollowerInfo.java:lambda$new$0(51)) - caa892f0-76ff-4c1e-b30f-b7c59842badc@group-026CFA11C8A1->f9748ec4-5d8a-4dfc-8690-85b8cdac3f5d: nextIndex: updateUnconditionally 0 -> 0
2019-10-14 14:42:47,800 [grpc-default-executor-0] WARN  server.GrpcLogAppender (LogUtils.java:warn(134)) - caa892f0-76ff-4c1e-b30f-b7c59842badc@group-382452901537->07a15819-e4fc-4072-82ac-b3e77a99d12a-AppendLogResponseHandler: Failed appendEntries: org.apache.ratis.thirdparty.io.grpc.StatusRuntimeException: UNAVAILABLE: io exception
2019-10-14 14:42:47,800 [grpc-default-executor-0] INFO  impl.FollowerInfo (FollowerInfo.java:lambda$new$0(51)) - caa892f0-76ff-4c1e-b30f-b7c59842badc@group-382452901537->07a15819-e4fc-4072-82ac-b3e77a99d12a: nextIndex: updateUnconditionally 0 -> 0
2019-10-14 14:42:47,832 [grpc-default-executor-8] WARN  server.GrpcLogAppender (LogUtils.java:warn(134)) - caa892f0-76ff-4c1e-b30f-b7c59842badc@group-382452901537->f9748ec4-5d8a-4dfc-8690-85b8cdac3f5d-AppendLogResponseHandler: Failed appendEntries: org.apache.ratis.thirdparty.io.grpc.StatusRuntimeException: UNAVAILABLE: io exception
2019-10-14 14:42:47,833 [grpc-default-executor-8] INFO  impl.FollowerInfo (FollowerInfo.java:lambda$new$0(51)) - caa892f0-76ff-4c1e-b30f-b7c59842badc@group-382452901537->f9748ec4-5d8a-4dfc-8690-85b8cdac3f5d: nextIndex: updateUnconditionally 0 -> 0
2019-10-14 14:42:47,848 [grpc-default-executor-8] WARN  server.GrpcLogAppender (LogUtils.java:warn(134)) - caa892f0-76ff-4c1e-b30f-b7c59842badc@group-026CFA11C8A1->07a15819-e4fc-4072-82ac-b3e77a99d12a-AppendLogResponseHandler: Failed appendEntries: org.apache.ratis.thirdparty.io.grpc.StatusRuntimeException: UNAVAILABLE: io exception
2019-10-14 14:42:47,849 [grpc-default-executor-8] INFO  impl.FollowerInfo (FollowerInfo.java:lambda$new$0(51)) - caa892f0-76ff-4c1e-b30f-b7c59842badc@group-026CFA11C8A1->07a15819-e4fc-4072-82ac-b3e77a99d12a: nextIndex: updateUnconditionally 0 -> 0
2019-10-14 14:42:47,897 [grpc-default-executor-8] WARN  server.GrpcLogAppender (LogUtils.java:warn(134)) - caa892f0-76ff-4c1e-b30f-b7c59842badc@group-026CFA11C8A1->f9748ec4-5d8a-4dfc-8690-85b8cdac3f5d-AppendLogResponseHandler: Failed appendEntries: org.apache.ratis.thirdparty.io.grpc.StatusRuntimeException: UNAVAILABLE: io exception
2019-10-14 14:42:47,898 [grpc-default-executor-8] INFO  impl.FollowerInfo (FollowerInfo.java:lambda$new$0(51)) - caa892f0-76ff-4c1e-b30f-b7c59842badc@group-026CFA11C8A1->f9748ec4-5d8a-4dfc-8690-85b8cdac3f5d: nextIndex: updateUnconditionally 0 -> 0
2019-10-14 14:42:48,151 [Thread-1255] INFO  impl.FollowerState (FollowerState.java:run(106)) - caa892f0-76ff-4c1e-b30f-b7c59842badc:group-EA752D978E74 changes to CANDIDATE, lastRpcTime:1073, electionTimeout:1073ms
2019-10-14 14:42:48,151 [Thread-1255] INFO  impl.RoleInfo (RoleInfo.java:shutdownFollowerState(121)) - caa892f0-76ff-4c1e-b30f-b7c59842badc: shutdown FollowerState
2019-10-14 14:42:48,151 [Thread-1255] INFO  impl.RaftServerImpl (RaftServerImpl.java:setRole(174)) - caa892f0-76ff-4c1e-b30f-b7c59842badc@group-EA752D978E74: changes role from  FOLLOWER to CANDIDATE at term 14 for changeToCandidate
2019-10-14 14:42:48,151 [Thread-1255] INFO  impl.RoleInfo (RoleInfo.java:updateAndGet(143)) - caa892f0-76ff-4c1e-b30f-b7c59842badc: start LeaderElection
2019-10-14 14:42:48,162 [caa892f0-76ff-4c1e-b30f-b7c59842badc@group-EA752D978E74:LeaderElection66] INFO  impl.LeaderElection (LeaderElection.java:askForVotes(182)) - caa892f0-76ff-4c1e-b30f-b7c59842badc@group-EA752D978E74:LeaderElection66: begin an election at term 15 for 0: [07a15819-e4fc-4072-82ac-b3e77a99d12a:192.168.5.159:45599, f9748ec4-5d8a-4dfc-8690-85b8cdac3f5d:192.168.5.159:44598, caa892f0-76ff-4c1e-b30f-b7c59842badc:192.168.5.159:39406], old=null
2019-10-14 14:42:48,166 [caa892f0-76ff-4c1e-b30f-b7c59842badc@group-EA752D978E74:LeaderElection66] INFO  impl.LeaderElection (LogUtils.java:infoOrTrace(149)) - caa892f0-76ff-4c1e-b30f-b7c59842badc@group-EA752D978E74:LeaderElection66 got exception when requesting votes: {}
java.util.concurrent.ExecutionException: org.apache.ratis.thirdparty.io.grpc.StatusRuntimeException: UNAVAILABLE: io exception
	at java.util.concurrent.FutureTask.report(FutureTask.java:122)
	at java.util.concurrent.FutureTask.get(FutureTask.java:192)
	at org.apache.ratis.server.impl.LeaderElection.waitForResults(LeaderElection.java:263)
	at org.apache.ratis.server.impl.LeaderElection.askForVotes(LeaderElection.java:201)
	at org.apache.ratis.server.impl.LeaderElection.run(LeaderElection.java:133)
	at java.lang.Thread.run(Thread.java:748)
Caused by: org.apache.ratis.thirdparty.io.grpc.StatusRuntimeException: UNAVAILABLE: io exception
	at org.apache.ratis.thirdparty.io.grpc.stub.ClientCalls.toStatusRuntimeException(ClientCalls.java:233)
	at org.apache.ratis.thirdparty.io.grpc.stub.ClientCalls.getUnchecked(ClientCalls.java:214)
	at org.apache.ratis.thirdparty.io.grpc.stub.ClientCalls.blockingUnaryCall(ClientCalls.java:139)
	at org.apache.ratis.proto.grpc.RaftServerProtocolServiceGrpc$RaftServerProtocolServiceBlockingStub.requestVote(RaftServerProtocolServiceGrpc.java:265)
	at org.apache.ratis.grpc.server.GrpcServerProtocolClient.requestVote(GrpcServerProtocolClient.java:90)
	at org.apache.ratis.grpc.server.GrpcService.requestVote(GrpcService.java:204)
	at org.apache.ratis.server.impl.LeaderElection.lambda$submitRequests$1(LeaderElection.java:238)
	at java.util.concurrent.FutureTask.run(FutureTask.java:266)
	at java.util.concurrent.Executors$RunnableAdapter.call(Executors.java:511)
	at java.util.concurrent.FutureTask.run(FutureTask.java:266)
	at java.util.concurrent.ThreadPoolExecutor.runWorker(ThreadPoolExecutor.java:1149)
	at java.util.concurrent.ThreadPoolExecutor$Worker.run(ThreadPoolExecutor.java:624)
	... 1 more
Caused by: org.apache.ratis.thirdparty.io.netty.channel.AbstractChannel$AnnotatedConnectException: Connection refused: /192.168.5.159:45599
	at sun.nio.ch.SocketChannelImpl.checkConnect(Native Method)
	at sun.nio.ch.SocketChannelImpl.finishConnect(SocketChannelImpl.java:717)
	at org.apache.ratis.thirdparty.io.netty.channel.socket.nio.NioSocketChannel.doFinishConnect(NioSocketChannel.java:327)
	at org.apache.ratis.thirdparty.io.netty.channel.nio.AbstractNioChannel$AbstractNioUnsafe.finishConnect(AbstractNioChannel.java:340)
	at org.apache.ratis.thirdparty.io.netty.channel.nio.NioEventLoop.processSelectedKey(NioEventLoop.java:632)
	at org.apache.ratis.thirdparty.io.netty.channel.nio.NioEventLoop.processSelectedKeysOptimized(NioEventLoop.java:579)
	at org.apache.ratis.thirdparty.io.netty.channel.nio.NioEventLoop.processSelectedKeys(NioEventLoop.java:496)
	at org.apache.ratis.thirdparty.io.netty.channel.nio.NioEventLoop.run(NioEventLoop.java:458)
	at org.apache.ratis.thirdparty.io.netty.util.concurrent.SingleThreadEventExecutor$5.run(SingleThreadEventExecutor.java:897)
	at org.apache.ratis.thirdparty.io.netty.util.concurrent.FastThreadLocalRunnable.run(FastThreadLocalRunnable.java:30)
	... 1 more
Caused by: java.net.ConnectException: Connection refused
	... 11 more
2019-10-14 14:42:48,167 [caa892f0-76ff-4c1e-b30f-b7c59842badc@group-EA752D978E74:LeaderElection66] INFO  impl.LeaderElection (LogUtils.java:infoOrTrace(149)) - caa892f0-76ff-4c1e-b30f-b7c59842badc@group-EA752D978E74:LeaderElection66 got exception when requesting votes: {}
java.util.concurrent.ExecutionException: org.apache.ratis.thirdparty.io.grpc.StatusRuntimeException: UNAVAILABLE: io exception
	at java.util.concurrent.FutureTask.report(FutureTask.java:122)
	at java.util.concurrent.FutureTask.get(FutureTask.java:192)
	at org.apache.ratis.server.impl.LeaderElection.waitForResults(LeaderElection.java:263)
	at org.apache.ratis.server.impl.LeaderElection.askForVotes(LeaderElection.java:201)
	at org.apache.ratis.server.impl.LeaderElection.run(LeaderElection.java:133)
	at java.lang.Thread.run(Thread.java:748)
Caused by: org.apache.ratis.thirdparty.io.grpc.StatusRuntimeException: UNAVAILABLE: io exception
	at org.apache.ratis.thirdparty.io.grpc.stub.ClientCalls.toStatusRuntimeException(ClientCalls.java:233)
	at org.apache.ratis.thirdparty.io.grpc.stub.ClientCalls.getUnchecked(ClientCalls.java:214)
	at org.apache.ratis.thirdparty.io.grpc.stub.ClientCalls.blockingUnaryCall(ClientCalls.java:139)
	at org.apache.ratis.proto.grpc.RaftServerProtocolServiceGrpc$RaftServerProtocolServiceBlockingStub.requestVote(RaftServerProtocolServiceGrpc.java:265)
	at org.apache.ratis.grpc.server.GrpcServerProtocolClient.requestVote(GrpcServerProtocolClient.java:90)
	at org.apache.ratis.grpc.server.GrpcService.requestVote(GrpcService.java:204)
	at org.apache.ratis.server.impl.LeaderElection.lambda$submitRequests$1(LeaderElection.java:238)
	at java.util.concurrent.FutureTask.run(FutureTask.java:266)
	at java.util.concurrent.Executors$RunnableAdapter.call(Executors.java:511)
	at java.util.concurrent.FutureTask.run(FutureTask.java:266)
	at java.util.concurrent.ThreadPoolExecutor.runWorker(ThreadPoolExecutor.java:1149)
	at java.util.concurrent.ThreadPoolExecutor$Worker.run(ThreadPoolExecutor.java:624)
	... 1 more
Caused by: org.apache.ratis.thirdparty.io.netty.channel.AbstractChannel$AnnotatedConnectException: Connection refused: /192.168.5.159:44598
	at sun.nio.ch.SocketChannelImpl.checkConnect(Native Method)
	at sun.nio.ch.SocketChannelImpl.finishConnect(SocketChannelImpl.java:717)
	at org.apache.ratis.thirdparty.io.netty.channel.socket.nio.NioSocketChannel.doFinishConnect(NioSocketChannel.java:327)
	at org.apache.ratis.thirdparty.io.netty.channel.nio.AbstractNioChannel$AbstractNioUnsafe.finishConnect(AbstractNioChannel.java:340)
	at org.apache.ratis.thirdparty.io.netty.channel.nio.NioEventLoop.processSelectedKey(NioEventLoop.java:632)
	at org.apache.ratis.thirdparty.io.netty.channel.nio.NioEventLoop.processSelectedKeysOptimized(NioEventLoop.java:579)
	at org.apache.ratis.thirdparty.io.netty.channel.nio.NioEventLoop.processSelectedKeys(NioEventLoop.java:496)
	at org.apache.ratis.thirdparty.io.netty.channel.nio.NioEventLoop.run(NioEventLoop.java:458)
	at org.apache.ratis.thirdparty.io.netty.util.concurrent.SingleThreadEventExecutor$5.run(SingleThreadEventExecutor.java:897)
	at org.apache.ratis.thirdparty.io.netty.util.concurrent.FastThreadLocalRunnable.run(FastThreadLocalRunnable.java:30)
	... 1 more
Caused by: java.net.ConnectException: Connection refused
	... 11 more
2019-10-14 14:42:48,168 [caa892f0-76ff-4c1e-b30f-b7c59842badc@group-EA752D978E74:LeaderElection66] INFO  impl.LeaderElection (LeaderElection.java:logAndReturn(56)) - caa892f0-76ff-4c1e-b30f-b7c59842badc@group-EA752D978E74:LeaderElection66: Election REJECTED; received 0 response(s) [] and 2 exception(s); caa892f0-76ff-4c1e-b30f-b7c59842badc@group-EA752D978E74:t15, leader=null, voted=caa892f0-76ff-4c1e-b30f-b7c59842badc, raftlog=caa892f0-76ff-4c1e-b30f-b7c59842badc@group-EA752D978E74-SegmentedRaftLog:OPENED:c16,f16,i16, conf=0: [07a15819-e4fc-4072-82ac-b3e77a99d12a:192.168.5.159:45599, f9748ec4-5d8a-4dfc-8690-85b8cdac3f5d:192.168.5.159:44598, caa892f0-76ff-4c1e-b30f-b7c59842badc:192.168.5.159:39406], old=null
2019-10-14 14:42:48,168 [caa892f0-76ff-4c1e-b30f-b7c59842badc@group-EA752D978E74:LeaderElection66] INFO  impl.LeaderElection (LogUtils.java:infoOrTrace(149)) -   Exception 0: {}
java.util.concurrent.ExecutionException: org.apache.ratis.thirdparty.io.grpc.StatusRuntimeException: UNAVAILABLE: io exception
	at java.util.concurrent.FutureTask.report(FutureTask.java:122)
	at java.util.concurrent.FutureTask.get(FutureTask.java:192)
	at org.apache.ratis.server.impl.LeaderElection.waitForResults(LeaderElection.java:263)
	at org.apache.ratis.server.impl.LeaderElection.askForVotes(LeaderElection.java:201)
	at org.apache.ratis.server.impl.LeaderElection.run(LeaderElection.java:133)
	at java.lang.Thread.run(Thread.java:748)
Caused by: org.apache.ratis.thirdparty.io.grpc.StatusRuntimeException: UNAVAILABLE: io exception
	at org.apache.ratis.thirdparty.io.grpc.stub.ClientCalls.toStatusRuntimeException(ClientCalls.java:233)
	at org.apache.ratis.thirdparty.io.grpc.stub.ClientCalls.getUnchecked(ClientCalls.java:214)
	at org.apache.ratis.thirdparty.io.grpc.stub.ClientCalls.blockingUnaryCall(ClientCalls.java:139)
	at org.apache.ratis.proto.grpc.RaftServerProtocolServiceGrpc$RaftServerProtocolServiceBlockingStub.requestVote(RaftServerProtocolServiceGrpc.java:265)
	at org.apache.ratis.grpc.server.GrpcServerProtocolClient.requestVote(GrpcServerProtocolClient.java:90)
	at org.apache.ratis.grpc.server.GrpcService.requestVote(GrpcService.java:204)
	at org.apache.ratis.server.impl.LeaderElection.lambda$submitRequests$1(LeaderElection.java:238)
	at java.util.concurrent.FutureTask.run(FutureTask.java:266)
	at java.util.concurrent.Executors$RunnableAdapter.call(Executors.java:511)
	at java.util.concurrent.FutureTask.run(FutureTask.java:266)
	at java.util.concurrent.ThreadPoolExecutor.runWorker(ThreadPoolExecutor.java:1149)
	at java.util.concurrent.ThreadPoolExecutor$Worker.run(ThreadPoolExecutor.java:624)
	... 1 more
Caused by: org.apache.ratis.thirdparty.io.netty.channel.AbstractChannel$AnnotatedConnectException: Connection refused: /192.168.5.159:45599
	at sun.nio.ch.SocketChannelImpl.checkConnect(Native Method)
	at sun.nio.ch.SocketChannelImpl.finishConnect(SocketChannelImpl.java:717)
	at org.apache.ratis.thirdparty.io.netty.channel.socket.nio.NioSocketChannel.doFinishConnect(NioSocketChannel.java:327)
	at org.apache.ratis.thirdparty.io.netty.channel.nio.AbstractNioChannel$AbstractNioUnsafe.finishConnect(AbstractNioChannel.java:340)
	at org.apache.ratis.thirdparty.io.netty.channel.nio.NioEventLoop.processSelectedKey(NioEventLoop.java:632)
	at org.apache.ratis.thirdparty.io.netty.channel.nio.NioEventLoop.processSelectedKeysOptimized(NioEventLoop.java:579)
	at org.apache.ratis.thirdparty.io.netty.channel.nio.NioEventLoop.processSelectedKeys(NioEventLoop.java:496)
	at org.apache.ratis.thirdparty.io.netty.channel.nio.NioEventLoop.run(NioEventLoop.java:458)
	at org.apache.ratis.thirdparty.io.netty.util.concurrent.SingleThreadEventExecutor$5.run(SingleThreadEventExecutor.java:897)
	at org.apache.ratis.thirdparty.io.netty.util.concurrent.FastThreadLocalRunnable.run(FastThreadLocalRunnable.java:30)
	... 1 more
Caused by: java.net.ConnectException: Connection refused
	... 11 more
2019-10-14 14:42:48,168 [caa892f0-76ff-4c1e-b30f-b7c59842badc@group-EA752D978E74:LeaderElection66] INFO  impl.LeaderElection (LogUtils.java:infoOrTrace(149)) -   Exception 1: {}
java.util.concurrent.ExecutionException: org.apache.ratis.thirdparty.io.grpc.StatusRuntimeException: UNAVAILABLE: io exception
	at java.util.concurrent.FutureTask.report(FutureTask.java:122)
	at java.util.concurrent.FutureTask.get(FutureTask.java:192)
	at org.apache.ratis.server.impl.LeaderElection.waitForResults(LeaderElection.java:263)
	at org.apache.ratis.server.impl.LeaderElection.askForVotes(LeaderElection.java:201)
	at org.apache.ratis.server.impl.LeaderElection.run(LeaderElection.java:133)
	at java.lang.Thread.run(Thread.java:748)
Caused by: org.apache.ratis.thirdparty.io.grpc.StatusRuntimeException: UNAVAILABLE: io exception
	at org.apache.ratis.thirdparty.io.grpc.stub.ClientCalls.toStatusRuntimeException(ClientCalls.java:233)
	at org.apache.ratis.thirdparty.io.grpc.stub.ClientCalls.getUnchecked(ClientCalls.java:214)
	at org.apache.ratis.thirdparty.io.grpc.stub.ClientCalls.blockingUnaryCall(ClientCalls.java:139)
	at org.apache.ratis.proto.grpc.RaftServerProtocolServiceGrpc$RaftServerProtocolServiceBlockingStub.requestVote(RaftServerProtocolServiceGrpc.java:265)
	at org.apache.ratis.grpc.server.GrpcServerProtocolClient.requestVote(GrpcServerProtocolClient.java:90)
	at org.apache.ratis.grpc.server.GrpcService.requestVote(GrpcService.java:204)
	at org.apache.ratis.server.impl.LeaderElection.lambda$submitRequests$1(LeaderElection.java:238)
	at java.util.concurrent.FutureTask.run(FutureTask.java:266)
	at java.util.concurrent.Executors$RunnableAdapter.call(Executors.java:511)
	at java.util.concurrent.FutureTask.run(FutureTask.java:266)
	at java.util.concurrent.ThreadPoolExecutor.runWorker(ThreadPoolExecutor.java:1149)
	at java.util.concurrent.ThreadPoolExecutor$Worker.run(ThreadPoolExecutor.java:624)
	... 1 more
Caused by: org.apache.ratis.thirdparty.io.netty.channel.AbstractChannel$AnnotatedConnectException: Connection refused: /192.168.5.159:44598
	at sun.nio.ch.SocketChannelImpl.checkConnect(Native Method)
	at sun.nio.ch.SocketChannelImpl.finishConnect(SocketChannelImpl.java:717)
	at org.apache.ratis.thirdparty.io.netty.channel.socket.nio.NioSocketChannel.doFinishConnect(NioSocketChannel.java:327)
	at org.apache.ratis.thirdparty.io.netty.channel.nio.AbstractNioChannel$AbstractNioUnsafe.finishConnect(AbstractNioChannel.java:340)
	at org.apache.ratis.thirdparty.io.netty.channel.nio.NioEventLoop.processSelectedKey(NioEventLoop.java:632)
	at org.apache.ratis.thirdparty.io.netty.channel.nio.NioEventLoop.processSelectedKeysOptimized(NioEventLoop.java:579)
	at org.apache.ratis.thirdparty.io.netty.channel.nio.NioEventLoop.processSelectedKeys(NioEventLoop.java:496)
	at org.apache.ratis.thirdparty.io.netty.channel.nio.NioEventLoop.run(NioEventLoop.java:458)
	at org.apache.ratis.thirdparty.io.netty.util.concurrent.SingleThreadEventExecutor$5.run(SingleThreadEventExecutor.java:897)
	at org.apache.ratis.thirdparty.io.netty.util.concurrent.FastThreadLocalRunnable.run(FastThreadLocalRunnable.java:30)
	... 1 more
Caused by: java.net.ConnectException: Connection refused
	... 11 more
2019-10-14 14:42:48,169 [caa892f0-76ff-4c1e-b30f-b7c59842badc@group-EA752D978E74:LeaderElection66] INFO  impl.RaftServerImpl (RaftServerImpl.java:setRole(174)) - caa892f0-76ff-4c1e-b30f-b7c59842badc@group-EA752D978E74: changes role from CANDIDATE to FOLLOWER at term 15 for DISCOVERED_A_NEW_TERM
2019-10-14 14:42:48,169 [caa892f0-76ff-4c1e-b30f-b7c59842badc@group-EA752D978E74:LeaderElection66] INFO  impl.RoleInfo (RoleInfo.java:shutdownLeaderElection(134)) - caa892f0-76ff-4c1e-b30f-b7c59842badc: shutdown LeaderElection
2019-10-14 14:42:48,169 [caa892f0-76ff-4c1e-b30f-b7c59842badc@group-EA752D978E74:LeaderElection66] INFO  impl.RoleInfo (RoleInfo.java:updateAndGet(143)) - caa892f0-76ff-4c1e-b30f-b7c59842badc: start FollowerState
2019-10-14 14:42:48,289 [Thread-1259] INFO  impl.FollowerState (FollowerState.java:run(106)) - caa892f0-76ff-4c1e-b30f-b7c59842badc:group-E0B7C1D5C8D3 changes to CANDIDATE, lastRpcTime:1131, electionTimeout:1131ms
2019-10-14 14:42:48,289 [Thread-1259] INFO  impl.RoleInfo (RoleInfo.java:shutdownFollowerState(121)) - caa892f0-76ff-4c1e-b30f-b7c59842badc: shutdown FollowerState
2019-10-14 14:42:48,290 [Thread-1259] INFO  impl.RaftServerImpl (RaftServerImpl.java:setRole(174)) - caa892f0-76ff-4c1e-b30f-b7c59842badc@group-E0B7C1D5C8D3: changes role from  FOLLOWER to CANDIDATE at term 15 for changeToCandidate
2019-10-14 14:42:48,290 [Thread-1259] INFO  impl.RoleInfo (RoleInfo.java:updateAndGet(143)) - caa892f0-76ff-4c1e-b30f-b7c59842badc: start LeaderElection
2019-10-14 14:42:48,298 [grpc-default-executor-7] WARN  server.GrpcLogAppender (LogUtils.java:warn(134)) - caa892f0-76ff-4c1e-b30f-b7c59842badc@group-382452901537->07a15819-e4fc-4072-82ac-b3e77a99d12a-AppendLogResponseHandler: Failed appendEntries: org.apache.ratis.thirdparty.io.grpc.StatusRuntimeException: UNAVAILABLE: io exception
2019-10-14 14:42:48,298 [grpc-default-executor-7] INFO  impl.FollowerInfo (FollowerInfo.java:lambda$new$0(51)) - caa892f0-76ff-4c1e-b30f-b7c59842badc@group-382452901537->07a15819-e4fc-4072-82ac-b3e77a99d12a: nextIndex: updateUnconditionally 0 -> 0
2019-10-14 14:42:48,302 [caa892f0-76ff-4c1e-b30f-b7c59842badc@group-E0B7C1D5C8D3:LeaderElection67] INFO  impl.LeaderElection (LeaderElection.java:askForVotes(182)) - caa892f0-76ff-4c1e-b30f-b7c59842badc@group-E0B7C1D5C8D3:LeaderElection67: begin an election at term 16 for 0: [07a15819-e4fc-4072-82ac-b3e77a99d12a:192.168.5.159:45599, f9748ec4-5d8a-4dfc-8690-85b8cdac3f5d:192.168.5.159:44598, caa892f0-76ff-4c1e-b30f-b7c59842badc:192.168.5.159:39406], old=null
2019-10-14 14:42:48,303 [caa892f0-76ff-4c1e-b30f-b7c59842badc@group-E0B7C1D5C8D3:LeaderElection67] INFO  impl.LeaderElection (LogUtils.java:infoOrTrace(149)) - caa892f0-76ff-4c1e-b30f-b7c59842badc@group-E0B7C1D5C8D3:LeaderElection67 got exception when requesting votes: {}
java.util.concurrent.ExecutionException: org.apache.ratis.thirdparty.io.grpc.StatusRuntimeException: UNAVAILABLE: io exception
	at java.util.concurrent.FutureTask.report(FutureTask.java:122)
	at java.util.concurrent.FutureTask.get(FutureTask.java:192)
	at org.apache.ratis.server.impl.LeaderElection.waitForResults(LeaderElection.java:263)
	at org.apache.ratis.server.impl.LeaderElection.askForVotes(LeaderElection.java:201)
	at org.apache.ratis.server.impl.LeaderElection.run(LeaderElection.java:133)
	at java.lang.Thread.run(Thread.java:748)
Caused by: org.apache.ratis.thirdparty.io.grpc.StatusRuntimeException: UNAVAILABLE: io exception
	at org.apache.ratis.thirdparty.io.grpc.stub.ClientCalls.toStatusRuntimeException(ClientCalls.java:233)
	at org.apache.ratis.thirdparty.io.grpc.stub.ClientCalls.getUnchecked(ClientCalls.java:214)
	at org.apache.ratis.thirdparty.io.grpc.stub.ClientCalls.blockingUnaryCall(ClientCalls.java:139)
	at org.apache.ratis.proto.grpc.RaftServerProtocolServiceGrpc$RaftServerProtocolServiceBlockingStub.requestVote(RaftServerProtocolServiceGrpc.java:265)
	at org.apache.ratis.grpc.server.GrpcServerProtocolClient.requestVote(GrpcServerProtocolClient.java:90)
	at org.apache.ratis.grpc.server.GrpcService.requestVote(GrpcService.java:204)
	at org.apache.ratis.server.impl.LeaderElection.lambda$submitRequests$1(LeaderElection.java:238)
	at java.util.concurrent.FutureTask.run(FutureTask.java:266)
	at java.util.concurrent.Executors$RunnableAdapter.call(Executors.java:511)
	at java.util.concurrent.FutureTask.run(FutureTask.java:266)
	at java.util.concurrent.ThreadPoolExecutor.runWorker(ThreadPoolExecutor.java:1149)
	at java.util.concurrent.ThreadPoolExecutor$Worker.run(ThreadPoolExecutor.java:624)
	... 1 more
Caused by: org.apache.ratis.thirdparty.io.netty.channel.AbstractChannel$AnnotatedConnectException: Connection refused: /192.168.5.159:44598
	at sun.nio.ch.SocketChannelImpl.checkConnect(Native Method)
	at sun.nio.ch.SocketChannelImpl.finishConnect(SocketChannelImpl.java:717)
	at org.apache.ratis.thirdparty.io.netty.channel.socket.nio.NioSocketChannel.doFinishConnect(NioSocketChannel.java:327)
	at org.apache.ratis.thirdparty.io.netty.channel.nio.AbstractNioChannel$AbstractNioUnsafe.finishConnect(AbstractNioChannel.java:340)
	at org.apache.ratis.thirdparty.io.netty.channel.nio.NioEventLoop.processSelectedKey(NioEventLoop.java:632)
	at org.apache.ratis.thirdparty.io.netty.channel.nio.NioEventLoop.processSelectedKeysOptimized(NioEventLoop.java:579)
	at org.apache.ratis.thirdparty.io.netty.channel.nio.NioEventLoop.processSelectedKeys(NioEventLoop.java:496)
	at org.apache.ratis.thirdparty.io.netty.channel.nio.NioEventLoop.run(NioEventLoop.java:458)
	at org.apache.ratis.thirdparty.io.netty.util.concurrent.SingleThreadEventExecutor$5.run(SingleThreadEventExecutor.java:897)
	at org.apache.ratis.thirdparty.io.netty.util.concurrent.FastThreadLocalRunnable.run(FastThreadLocalRunnable.java:30)
	... 1 more
Caused by: java.net.ConnectException: Connection refused
	... 11 more
2019-10-14 14:42:48,305 [caa892f0-76ff-4c1e-b30f-b7c59842badc@group-E0B7C1D5C8D3:LeaderElection67] INFO  impl.LeaderElection (LogUtils.java:infoOrTrace(149)) - caa892f0-76ff-4c1e-b30f-b7c59842badc@group-E0B7C1D5C8D3:LeaderElection67 got exception when requesting votes: {}
java.util.concurrent.ExecutionException: org.apache.ratis.thirdparty.io.grpc.StatusRuntimeException: UNAVAILABLE: io exception
	at java.util.concurrent.FutureTask.report(FutureTask.java:122)
	at java.util.concurrent.FutureTask.get(FutureTask.java:192)
	at org.apache.ratis.server.impl.LeaderElection.waitForResults(LeaderElection.java:263)
	at org.apache.ratis.server.impl.LeaderElection.askForVotes(LeaderElection.java:201)
	at org.apache.ratis.server.impl.LeaderElection.run(LeaderElection.java:133)
	at java.lang.Thread.run(Thread.java:748)
Caused by: org.apache.ratis.thirdparty.io.grpc.StatusRuntimeException: UNAVAILABLE: io exception
	at org.apache.ratis.thirdparty.io.grpc.stub.ClientCalls.toStatusRuntimeException(ClientCalls.java:233)
	at org.apache.ratis.thirdparty.io.grpc.stub.ClientCalls.getUnchecked(ClientCalls.java:214)
	at org.apache.ratis.thirdparty.io.grpc.stub.ClientCalls.blockingUnaryCall(ClientCalls.java:139)
	at org.apache.ratis.proto.grpc.RaftServerProtocolServiceGrpc$RaftServerProtocolServiceBlockingStub.requestVote(RaftServerProtocolServiceGrpc.java:265)
	at org.apache.ratis.grpc.server.GrpcServerProtocolClient.requestVote(GrpcServerProtocolClient.java:90)
	at org.apache.ratis.grpc.server.GrpcService.requestVote(GrpcService.java:204)
	at org.apache.ratis.server.impl.LeaderElection.lambda$submitRequests$1(LeaderElection.java:238)
	at java.util.concurrent.FutureTask.run(FutureTask.java:266)
	at java.util.concurrent.Executors$RunnableAdapter.call(Executors.java:511)
	at java.util.concurrent.FutureTask.run(FutureTask.java:266)
	at java.util.concurrent.ThreadPoolExecutor.runWorker(ThreadPoolExecutor.java:1149)
	at java.util.concurrent.ThreadPoolExecutor$Worker.run(ThreadPoolExecutor.java:624)
	... 1 more
Caused by: org.apache.ratis.thirdparty.io.netty.channel.AbstractChannel$AnnotatedConnectException: Connection refused: /192.168.5.159:45599
	at sun.nio.ch.SocketChannelImpl.checkConnect(Native Method)
	at sun.nio.ch.SocketChannelImpl.finishConnect(SocketChannelImpl.java:717)
	at org.apache.ratis.thirdparty.io.netty.channel.socket.nio.NioSocketChannel.doFinishConnect(NioSocketChannel.java:327)
	at org.apache.ratis.thirdparty.io.netty.channel.nio.AbstractNioChannel$AbstractNioUnsafe.finishConnect(AbstractNioChannel.java:340)
	at org.apache.ratis.thirdparty.io.netty.channel.nio.NioEventLoop.processSelectedKey(NioEventLoop.java:632)
	at org.apache.ratis.thirdparty.io.netty.channel.nio.NioEventLoop.processSelectedKeysOptimized(NioEventLoop.java:579)
	at org.apache.ratis.thirdparty.io.netty.channel.nio.NioEventLoop.processSelectedKeys(NioEventLoop.java:496)
	at org.apache.ratis.thirdparty.io.netty.channel.nio.NioEventLoop.run(NioEventLoop.java:458)
	at org.apache.ratis.thirdparty.io.netty.util.concurrent.SingleThreadEventExecutor$5.run(SingleThreadEventExecutor.java:897)
	at org.apache.ratis.thirdparty.io.netty.util.concurrent.FastThreadLocalRunnable.run(FastThreadLocalRunnable.java:30)
	... 1 more
Caused by: java.net.ConnectException: Connection refused
	... 11 more
2019-10-14 14:42:48,305 [caa892f0-76ff-4c1e-b30f-b7c59842badc@group-E0B7C1D5C8D3:LeaderElection67] INFO  impl.LeaderElection (LeaderElection.java:logAndReturn(56)) - caa892f0-76ff-4c1e-b30f-b7c59842badc@group-E0B7C1D5C8D3:LeaderElection67: Election REJECTED; received 0 response(s) [] and 2 exception(s); caa892f0-76ff-4c1e-b30f-b7c59842badc@group-E0B7C1D5C8D3:t16, leader=null, voted=caa892f0-76ff-4c1e-b30f-b7c59842badc, raftlog=caa892f0-76ff-4c1e-b30f-b7c59842badc@group-E0B7C1D5C8D3-SegmentedRaftLog:OPENED:c0,f0,i0, conf=0: [07a15819-e4fc-4072-82ac-b3e77a99d12a:192.168.5.159:45599, f9748ec4-5d8a-4dfc-8690-85b8cdac3f5d:192.168.5.159:44598, caa892f0-76ff-4c1e-b30f-b7c59842badc:192.168.5.159:39406], old=null
2019-10-14 14:42:48,305 [caa892f0-76ff-4c1e-b30f-b7c59842badc@group-E0B7C1D5C8D3:LeaderElection67] INFO  impl.LeaderElection (LogUtils.java:infoOrTrace(149)) -   Exception 0: {}
java.util.concurrent.ExecutionException: org.apache.ratis.thirdparty.io.grpc.StatusRuntimeException: UNAVAILABLE: io exception
	at java.util.concurrent.FutureTask.report(FutureTask.java:122)
	at java.util.concurrent.FutureTask.get(FutureTask.java:192)
	at org.apache.ratis.server.impl.LeaderElection.waitForResults(LeaderElection.java:263)
	at org.apache.ratis.server.impl.LeaderElection.askForVotes(LeaderElection.java:201)
	at org.apache.ratis.server.impl.LeaderElection.run(LeaderElection.java:133)
	at java.lang.Thread.run(Thread.java:748)
Caused by: org.apache.ratis.thirdparty.io.grpc.StatusRuntimeException: UNAVAILABLE: io exception
	at org.apache.ratis.thirdparty.io.grpc.stub.ClientCalls.toStatusRuntimeException(ClientCalls.java:233)
	at org.apache.ratis.thirdparty.io.grpc.stub.ClientCalls.getUnchecked(ClientCalls.java:214)
	at org.apache.ratis.thirdparty.io.grpc.stub.ClientCalls.blockingUnaryCall(ClientCalls.java:139)
	at org.apache.ratis.proto.grpc.RaftServerProtocolServiceGrpc$RaftServerProtocolServiceBlockingStub.requestVote(RaftServerProtocolServiceGrpc.java:265)
	at org.apache.ratis.grpc.server.GrpcServerProtocolClient.requestVote(GrpcServerProtocolClient.java:90)
	at org.apache.ratis.grpc.server.GrpcService.requestVote(GrpcService.java:204)
	at org.apache.ratis.server.impl.LeaderElection.lambda$submitRequests$1(LeaderElection.java:238)
	at java.util.concurrent.FutureTask.run(FutureTask.java:266)
	at java.util.concurrent.Executors$RunnableAdapter.call(Executors.java:511)
	at java.util.concurrent.FutureTask.run(FutureTask.java:266)
	at java.util.concurrent.ThreadPoolExecutor.runWorker(ThreadPoolExecutor.java:1149)
	at java.util.concurrent.ThreadPoolExecutor$Worker.run(ThreadPoolExecutor.java:624)
	... 1 more
Caused by: org.apache.ratis.thirdparty.io.netty.channel.AbstractChannel$AnnotatedConnectException: Connection refused: /192.168.5.159:44598
	at sun.nio.ch.SocketChannelImpl.checkConnect(Native Method)
	at sun.nio.ch.SocketChannelImpl.finishConnect(SocketChannelImpl.java:717)
	at org.apache.ratis.thirdparty.io.netty.channel.socket.nio.NioSocketChannel.doFinishConnect(NioSocketChannel.java:327)
	at org.apache.ratis.thirdparty.io.netty.channel.nio.AbstractNioChannel$AbstractNioUnsafe.finishConnect(AbstractNioChannel.java:340)
	at org.apache.ratis.thirdparty.io.netty.channel.nio.NioEventLoop.processSelectedKey(NioEventLoop.java:632)
	at org.apache.ratis.thirdparty.io.netty.channel.nio.NioEventLoop.processSelectedKeysOptimized(NioEventLoop.java:579)
	at org.apache.ratis.thirdparty.io.netty.channel.nio.NioEventLoop.processSelectedKeys(NioEventLoop.java:496)
	at org.apache.ratis.thirdparty.io.netty.channel.nio.NioEventLoop.run(NioEventLoop.java:458)
	at org.apache.ratis.thirdparty.io.netty.util.concurrent.SingleThreadEventExecutor$5.run(SingleThreadEventExecutor.java:897)
	at org.apache.ratis.thirdparty.io.netty.util.concurrent.FastThreadLocalRunnable.run(FastThreadLocalRunnable.java:30)
	... 1 more
Caused by: java.net.ConnectException: Connection refused
	... 11 more
2019-10-14 14:42:48,306 [caa892f0-76ff-4c1e-b30f-b7c59842badc@group-E0B7C1D5C8D3:LeaderElection67] INFO  impl.LeaderElection (LogUtils.java:infoOrTrace(149)) -   Exception 1: {}
java.util.concurrent.ExecutionException: org.apache.ratis.thirdparty.io.grpc.StatusRuntimeException: UNAVAILABLE: io exception
	at java.util.concurrent.FutureTask.report(FutureTask.java:122)
	at java.util.concurrent.FutureTask.get(FutureTask.java:192)
	at org.apache.ratis.server.impl.LeaderElection.waitForResults(LeaderElection.java:263)
	at org.apache.ratis.server.impl.LeaderElection.askForVotes(LeaderElection.java:201)
	at org.apache.ratis.server.impl.LeaderElection.run(LeaderElection.java:133)
	at java.lang.Thread.run(Thread.java:748)
Caused by: org.apache.ratis.thirdparty.io.grpc.StatusRuntimeException: UNAVAILABLE: io exception
	at org.apache.ratis.thirdparty.io.grpc.stub.ClientCalls.toStatusRuntimeException(ClientCalls.java:233)
	at org.apache.ratis.thirdparty.io.grpc.stub.ClientCalls.getUnchecked(ClientCalls.java:214)
	at org.apache.ratis.thirdparty.io.grpc.stub.ClientCalls.blockingUnaryCall(ClientCalls.java:139)
	at org.apache.ratis.proto.grpc.RaftServerProtocolServiceGrpc$RaftServerProtocolServiceBlockingStub.requestVote(RaftServerProtocolServiceGrpc.java:265)
	at org.apache.ratis.grpc.server.GrpcServerProtocolClient.requestVote(GrpcServerProtocolClient.java:90)
	at org.apache.ratis.grpc.server.GrpcService.requestVote(GrpcService.java:204)
	at org.apache.ratis.server.impl.LeaderElection.lambda$submitRequests$1(LeaderElection.java:238)
	at java.util.concurrent.FutureTask.run(FutureTask.java:266)
	at java.util.concurrent.Executors$RunnableAdapter.call(Executors.java:511)
	at java.util.concurrent.FutureTask.run(FutureTask.java:266)
	at java.util.concurrent.ThreadPoolExecutor.runWorker(ThreadPoolExecutor.java:1149)
	at java.util.concurrent.ThreadPoolExecutor$Worker.run(ThreadPoolExecutor.java:624)
	... 1 more
Caused by: org.apache.ratis.thirdparty.io.netty.channel.AbstractChannel$AnnotatedConnectException: Connection refused: /192.168.5.159:45599
	at sun.nio.ch.SocketChannelImpl.checkConnect(Native Method)
	at sun.nio.ch.SocketChannelImpl.finishConnect(SocketChannelImpl.java:717)
	at org.apache.ratis.thirdparty.io.netty.channel.socket.nio.NioSocketChannel.doFinishConnect(NioSocketChannel.java:327)
	at org.apache.ratis.thirdparty.io.netty.channel.nio.AbstractNioChannel$AbstractNioUnsafe.finishConnect(AbstractNioChannel.java:340)
	at org.apache.ratis.thirdparty.io.netty.channel.nio.NioEventLoop.processSelectedKey(NioEventLoop.java:632)
	at org.apache.ratis.thirdparty.io.netty.channel.nio.NioEventLoop.processSelectedKeysOptimized(NioEventLoop.java:579)
	at org.apache.ratis.thirdparty.io.netty.channel.nio.NioEventLoop.processSelectedKeys(NioEventLoop.java:496)
	at org.apache.ratis.thirdparty.io.netty.channel.nio.NioEventLoop.run(NioEventLoop.java:458)
	at org.apache.ratis.thirdparty.io.netty.util.concurrent.SingleThreadEventExecutor$5.run(SingleThreadEventExecutor.java:897)
	at org.apache.ratis.thirdparty.io.netty.util.concurrent.FastThreadLocalRunnable.run(FastThreadLocalRunnable.java:30)
	... 1 more
Caused by: java.net.ConnectException: Connection refused
	... 11 more
2019-10-14 14:42:48,307 [caa892f0-76ff-4c1e-b30f-b7c59842badc@group-E0B7C1D5C8D3:LeaderElection67] INFO  impl.RaftServerImpl (RaftServerImpl.java:setRole(174)) - caa892f0-76ff-4c1e-b30f-b7c59842badc@group-E0B7C1D5C8D3: changes role from CANDIDATE to FOLLOWER at term 16 for DISCOVERED_A_NEW_TERM
2019-10-14 14:42:48,307 [caa892f0-76ff-4c1e-b30f-b7c59842badc@group-E0B7C1D5C8D3:LeaderElection67] INFO  impl.RoleInfo (RoleInfo.java:shutdownLeaderElection(134)) - caa892f0-76ff-4c1e-b30f-b7c59842badc: shutdown LeaderElection
2019-10-14 14:42:48,307 [caa892f0-76ff-4c1e-b30f-b7c59842badc@group-E0B7C1D5C8D3:LeaderElection67] INFO  impl.RoleInfo (RoleInfo.java:updateAndGet(143)) - caa892f0-76ff-4c1e-b30f-b7c59842badc: start FollowerState
2019-10-14 14:42:48,332 [grpc-default-executor-7] WARN  server.GrpcLogAppender (LogUtils.java:warn(134)) - caa892f0-76ff-4c1e-b30f-b7c59842badc@group-382452901537->f9748ec4-5d8a-4dfc-8690-85b8cdac3f5d-AppendLogResponseHandler: Failed appendEntries: org.apache.ratis.thirdparty.io.grpc.StatusRuntimeException: UNAVAILABLE: io exception
2019-10-14 14:42:48,332 [grpc-default-executor-7] INFO  impl.FollowerInfo (FollowerInfo.java:lambda$new$0(51)) - caa892f0-76ff-4c1e-b30f-b7c59842badc@group-382452901537->f9748ec4-5d8a-4dfc-8690-85b8cdac3f5d: nextIndex: updateUnconditionally 0 -> 0
2019-10-14 14:42:48,347 [grpc-default-executor-7] WARN  server.GrpcLogAppender (LogUtils.java:warn(134)) - caa892f0-76ff-4c1e-b30f-b7c59842badc@group-026CFA11C8A1->07a15819-e4fc-4072-82ac-b3e77a99d12a-AppendLogResponseHandler: Failed appendEntries: org.apache.ratis.thirdparty.io.grpc.StatusRuntimeException: UNAVAILABLE: io exception
2019-10-14 14:42:48,348 [grpc-default-executor-7] INFO  impl.FollowerInfo (FollowerInfo.java:lambda$new$0(51)) - caa892f0-76ff-4c1e-b30f-b7c59842badc@group-026CFA11C8A1->07a15819-e4fc-4072-82ac-b3e77a99d12a: nextIndex: updateUnconditionally 0 -> 0
2019-10-14 14:42:48,400 [grpc-default-executor-7] WARN  server.GrpcLogAppender (LogUtils.java:warn(134)) - caa892f0-76ff-4c1e-b30f-b7c59842badc@group-026CFA11C8A1->f9748ec4-5d8a-4dfc-8690-85b8cdac3f5d-AppendLogResponseHandler: Failed appendEntries: org.apache.ratis.thirdparty.io.grpc.StatusRuntimeException: UNAVAILABLE: io exception
2019-10-14 14:42:48,401 [grpc-default-executor-7] INFO  impl.FollowerInfo (FollowerInfo.java:lambda$new$0(51)) - caa892f0-76ff-4c1e-b30f-b7c59842badc@group-026CFA11C8A1->f9748ec4-5d8a-4dfc-8690-85b8cdac3f5d: nextIndex: updateUnconditionally 0 -> 0
2019-10-14 14:42:48,800 [grpc-default-executor-3] WARN  server.GrpcLogAppender (LogUtils.java:warn(134)) - caa892f0-76ff-4c1e-b30f-b7c59842badc@group-382452901537->07a15819-e4fc-4072-82ac-b3e77a99d12a-AppendLogResponseHandler: Failed appendEntries: org.apache.ratis.thirdparty.io.grpc.StatusRuntimeException: UNAVAILABLE: io exception
2019-10-14 14:42:48,801 [grpc-default-executor-3] INFO  impl.FollowerInfo (FollowerInfo.java:lambda$new$0(51)) - caa892f0-76ff-4c1e-b30f-b7c59842badc@group-382452901537->07a15819-e4fc-4072-82ac-b3e77a99d12a: nextIndex: updateUnconditionally 0 -> 0
2019-10-14 14:42:48,834 [grpc-default-executor-8] WARN  server.GrpcLogAppender (LogUtils.java:warn(134)) - caa892f0-76ff-4c1e-b30f-b7c59842badc@group-382452901537->f9748ec4-5d8a-4dfc-8690-85b8cdac3f5d-AppendLogResponseHandler: Failed appendEntries: org.apache.ratis.thirdparty.io.grpc.StatusRuntimeException: UNAVAILABLE: io exception
2019-10-14 14:42:48,835 [grpc-default-executor-8] INFO  impl.FollowerInfo (FollowerInfo.java:lambda$new$0(51)) - caa892f0-76ff-4c1e-b30f-b7c59842badc@group-382452901537->f9748ec4-5d8a-4dfc-8690-85b8cdac3f5d: nextIndex: updateUnconditionally 0 -> 0
2019-10-14 14:42:48,849 [grpc-default-executor-8] WARN  server.GrpcLogAppender (LogUtils.java:warn(134)) - caa892f0-76ff-4c1e-b30f-b7c59842badc@group-026CFA11C8A1->07a15819-e4fc-4072-82ac-b3e77a99d12a-AppendLogResponseHandler: Failed appendEntries: org.apache.ratis.thirdparty.io.grpc.StatusRuntimeException: UNAVAILABLE: io exception
2019-10-14 14:42:48,849 [grpc-default-executor-8] INFO  impl.FollowerInfo (FollowerInfo.java:lambda$new$0(51)) - caa892f0-76ff-4c1e-b30f-b7c59842badc@group-026CFA11C8A1->07a15819-e4fc-4072-82ac-b3e77a99d12a: nextIndex: updateUnconditionally 0 -> 0
2019-10-14 14:42:48,900 [grpc-default-executor-8] WARN  server.GrpcLogAppender (LogUtils.java:warn(134)) - caa892f0-76ff-4c1e-b30f-b7c59842badc@group-026CFA11C8A1->f9748ec4-5d8a-4dfc-8690-85b8cdac3f5d-AppendLogResponseHandler: Failed appendEntries: org.apache.ratis.thirdparty.io.grpc.StatusRuntimeException: UNAVAILABLE: io exception
2019-10-14 14:42:48,901 [grpc-default-executor-8] INFO  impl.FollowerInfo (FollowerInfo.java:lambda$new$0(51)) - caa892f0-76ff-4c1e-b30f-b7c59842badc@group-026CFA11C8A1->f9748ec4-5d8a-4dfc-8690-85b8cdac3f5d: nextIndex: updateUnconditionally 0 -> 0
2019-10-14 14:42:49,301 [grpc-default-executor-8] WARN  server.GrpcLogAppender (LogUtils.java:warn(134)) - caa892f0-76ff-4c1e-b30f-b7c59842badc@group-382452901537->07a15819-e4fc-4072-82ac-b3e77a99d12a-AppendLogResponseHandler: Failed appendEntries: org.apache.ratis.thirdparty.io.grpc.StatusRuntimeException: UNAVAILABLE: io exception
2019-10-14 14:42:49,301 [grpc-default-executor-8] INFO  impl.FollowerInfo (FollowerInfo.java:lambda$new$0(51)) - caa892f0-76ff-4c1e-b30f-b7c59842badc@group-382452901537->07a15819-e4fc-4072-82ac-b3e77a99d12a: nextIndex: updateUnconditionally 0 -> 0
2019-10-14 14:42:49,335 [grpc-default-executor-9] WARN  server.GrpcLogAppender (LogUtils.java:warn(134)) - caa892f0-76ff-4c1e-b30f-b7c59842badc@group-382452901537->f9748ec4-5d8a-4dfc-8690-85b8cdac3f5d-AppendLogResponseHandler: Failed appendEntries: org.apache.ratis.thirdparty.io.grpc.StatusRuntimeException: UNAVAILABLE: io exception
2019-10-14 14:42:49,335 [grpc-default-executor-9] INFO  impl.FollowerInfo (FollowerInfo.java:lambda$new$0(51)) - caa892f0-76ff-4c1e-b30f-b7c59842badc@group-382452901537->f9748ec4-5d8a-4dfc-8690-85b8cdac3f5d: nextIndex: updateUnconditionally 0 -> 0
2019-10-14 14:42:49,347 [Thread-1285] INFO  impl.FollowerState (FollowerState.java:run(106)) - caa892f0-76ff-4c1e-b30f-b7c59842badc:group-E0B7C1D5C8D3 changes to CANDIDATE, lastRpcTime:1039, electionTimeout:1039ms
2019-10-14 14:42:49,347 [Thread-1285] INFO  impl.RoleInfo (RoleInfo.java:shutdownFollowerState(121)) - caa892f0-76ff-4c1e-b30f-b7c59842badc: shutdown FollowerState
2019-10-14 14:42:49,347 [Thread-1285] INFO  impl.RaftServerImpl (RaftServerImpl.java:setRole(174)) - caa892f0-76ff-4c1e-b30f-b7c59842badc@group-E0B7C1D5C8D3: changes role from  FOLLOWER to CANDIDATE at term 16 for changeToCandidate
2019-10-14 14:42:49,347 [Thread-1285] INFO  impl.RoleInfo (RoleInfo.java:updateAndGet(143)) - caa892f0-76ff-4c1e-b30f-b7c59842badc: start LeaderElection
2019-10-14 14:42:49,349 [Thread-1280] INFO  impl.FollowerState (FollowerState.java:run(106)) - caa892f0-76ff-4c1e-b30f-b7c59842badc:group-EA752D978E74 changes to CANDIDATE, lastRpcTime:1179, electionTimeout:1179ms
2019-10-14 14:42:49,349 [Thread-1280] INFO  impl.RoleInfo (RoleInfo.java:shutdownFollowerState(121)) - caa892f0-76ff-4c1e-b30f-b7c59842badc: shutdown FollowerState
2019-10-14 14:42:49,349 [Thread-1280] INFO  impl.RaftServerImpl (RaftServerImpl.java:setRole(174)) - caa892f0-76ff-4c1e-b30f-b7c59842badc@group-EA752D978E74: changes role from  FOLLOWER to CANDIDATE at term 15 for changeToCandidate
2019-10-14 14:42:49,349 [Thread-1280] INFO  impl.RoleInfo (RoleInfo.java:updateAndGet(143)) - caa892f0-76ff-4c1e-b30f-b7c59842badc: start LeaderElection
2019-10-14 14:42:49,350 [grpc-default-executor-8] WARN  server.GrpcLogAppender (LogUtils.java:warn(134)) - caa892f0-76ff-4c1e-b30f-b7c59842badc@group-026CFA11C8A1->07a15819-e4fc-4072-82ac-b3e77a99d12a-AppendLogResponseHandler: Failed appendEntries: org.apache.ratis.thirdparty.io.grpc.StatusRuntimeException: UNAVAILABLE: io exception
2019-10-14 14:42:49,351 [grpc-default-executor-8] INFO  impl.FollowerInfo (FollowerInfo.java:lambda$new$0(51)) - caa892f0-76ff-4c1e-b30f-b7c59842badc@group-026CFA11C8A1->07a15819-e4fc-4072-82ac-b3e77a99d12a: nextIndex: updateUnconditionally 0 -> 0
2019-10-14 14:42:49,384 [caa892f0-76ff-4c1e-b30f-b7c59842badc@group-EA752D978E74:LeaderElection69] INFO  impl.LeaderElection (LeaderElection.java:askForVotes(182)) - caa892f0-76ff-4c1e-b30f-b7c59842badc@group-EA752D978E74:LeaderElection69: begin an election at term 16 for 0: [07a15819-e4fc-4072-82ac-b3e77a99d12a:192.168.5.159:45599, f9748ec4-5d8a-4dfc-8690-85b8cdac3f5d:192.168.5.159:44598, caa892f0-76ff-4c1e-b30f-b7c59842badc:192.168.5.159:39406], old=null
2019-10-14 14:42:49,384 [caa892f0-76ff-4c1e-b30f-b7c59842badc@group-E0B7C1D5C8D3:LeaderElection68] INFO  impl.LeaderElection (LeaderElection.java:askForVotes(182)) - caa892f0-76ff-4c1e-b30f-b7c59842badc@group-E0B7C1D5C8D3:LeaderElection68: begin an election at term 17 for 0: [07a15819-e4fc-4072-82ac-b3e77a99d12a:192.168.5.159:45599, f9748ec4-5d8a-4dfc-8690-85b8cdac3f5d:192.168.5.159:44598, caa892f0-76ff-4c1e-b30f-b7c59842badc:192.168.5.159:39406], old=null
2019-10-14 14:42:49,386 [caa892f0-76ff-4c1e-b30f-b7c59842badc@group-EA752D978E74:LeaderElection69] INFO  impl.LeaderElection (LogUtils.java:infoOrTrace(149)) - caa892f0-76ff-4c1e-b30f-b7c59842badc@group-EA752D978E74:LeaderElection69 got exception when requesting votes: {}
java.util.concurrent.ExecutionException: org.apache.ratis.thirdparty.io.grpc.StatusRuntimeException: UNAVAILABLE: io exception
	at java.util.concurrent.FutureTask.report(FutureTask.java:122)
	at java.util.concurrent.FutureTask.get(FutureTask.java:192)
	at org.apache.ratis.server.impl.LeaderElection.waitForResults(LeaderElection.java:263)
	at org.apache.ratis.server.impl.LeaderElection.askForVotes(LeaderElection.java:201)
	at org.apache.ratis.server.impl.LeaderElection.run(LeaderElection.java:133)
	at java.lang.Thread.run(Thread.java:748)
Caused by: org.apache.ratis.thirdparty.io.grpc.StatusRuntimeException: UNAVAILABLE: io exception
	at org.apache.ratis.thirdparty.io.grpc.stub.ClientCalls.toStatusRuntimeException(ClientCalls.java:233)
	at org.apache.ratis.thirdparty.io.grpc.stub.ClientCalls.getUnchecked(ClientCalls.java:214)
	at org.apache.ratis.thirdparty.io.grpc.stub.ClientCalls.blockingUnaryCall(ClientCalls.java:139)
	at org.apache.ratis.proto.grpc.RaftServerProtocolServiceGrpc$RaftServerProtocolServiceBlockingStub.requestVote(RaftServerProtocolServiceGrpc.java:265)
	at org.apache.ratis.grpc.server.GrpcServerProtocolClient.requestVote(GrpcServerProtocolClient.java:90)
	at org.apache.ratis.grpc.server.GrpcService.requestVote(GrpcService.java:204)
	at org.apache.ratis.server.impl.LeaderElection.lambda$submitRequests$1(LeaderElection.java:238)
	at java.util.concurrent.FutureTask.run(FutureTask.java:266)
	at java.util.concurrent.Executors$RunnableAdapter.call(Executors.java:511)
	at java.util.concurrent.FutureTask.run(FutureTask.java:266)
	at java.util.concurrent.ThreadPoolExecutor.runWorker(ThreadPoolExecutor.java:1149)
	at java.util.concurrent.ThreadPoolExecutor$Worker.run(ThreadPoolExecutor.java:624)
	... 1 more
Caused by: org.apache.ratis.thirdparty.io.netty.channel.AbstractChannel$AnnotatedConnectException: Connection refused: /192.168.5.159:45599
	at sun.nio.ch.SocketChannelImpl.checkConnect(Native Method)
	at sun.nio.ch.SocketChannelImpl.finishConnect(SocketChannelImpl.java:717)
	at org.apache.ratis.thirdparty.io.netty.channel.socket.nio.NioSocketChannel.doFinishConnect(NioSocketChannel.java:327)
	at org.apache.ratis.thirdparty.io.netty.channel.nio.AbstractNioChannel$AbstractNioUnsafe.finishConnect(AbstractNioChannel.java:340)
	at org.apache.ratis.thirdparty.io.netty.channel.nio.NioEventLoop.processSelectedKey(NioEventLoop.java:632)
	at org.apache.ratis.thirdparty.io.netty.channel.nio.NioEventLoop.processSelectedKeysOptimized(NioEventLoop.java:579)
	at org.apache.ratis.thirdparty.io.netty.channel.nio.NioEventLoop.processSelectedKeys(NioEventLoop.java:496)
	at org.apache.ratis.thirdparty.io.netty.channel.nio.NioEventLoop.run(NioEventLoop.java:458)
	at org.apache.ratis.thirdparty.io.netty.util.concurrent.SingleThreadEventExecutor$5.run(SingleThreadEventExecutor.java:897)
	at org.apache.ratis.thirdparty.io.netty.util.concurrent.FastThreadLocalRunnable.run(FastThreadLocalRunnable.java:30)
	... 1 more
Caused by: java.net.ConnectException: Connection refused
	... 11 more
2019-10-14 14:42:49,386 [caa892f0-76ff-4c1e-b30f-b7c59842badc@group-E0B7C1D5C8D3:LeaderElection68] INFO  impl.LeaderElection (LogUtils.java:infoOrTrace(149)) - caa892f0-76ff-4c1e-b30f-b7c59842badc@group-E0B7C1D5C8D3:LeaderElection68 got exception when requesting votes: {}
java.util.concurrent.ExecutionException: org.apache.ratis.thirdparty.io.grpc.StatusRuntimeException: UNAVAILABLE: io exception
	at java.util.concurrent.FutureTask.report(FutureTask.java:122)
	at java.util.concurrent.FutureTask.get(FutureTask.java:192)
	at org.apache.ratis.server.impl.LeaderElection.waitForResults(LeaderElection.java:263)
	at org.apache.ratis.server.impl.LeaderElection.askForVotes(LeaderElection.java:201)
	at org.apache.ratis.server.impl.LeaderElection.run(LeaderElection.java:133)
	at java.lang.Thread.run(Thread.java:748)
Caused by: org.apache.ratis.thirdparty.io.grpc.StatusRuntimeException: UNAVAILABLE: io exception
	at org.apache.ratis.thirdparty.io.grpc.stub.ClientCalls.toStatusRuntimeException(ClientCalls.java:233)
	at org.apache.ratis.thirdparty.io.grpc.stub.ClientCalls.getUnchecked(ClientCalls.java:214)
	at org.apache.ratis.thirdparty.io.grpc.stub.ClientCalls.blockingUnaryCall(ClientCalls.java:139)
	at org.apache.ratis.proto.grpc.RaftServerProtocolServiceGrpc$RaftServerProtocolServiceBlockingStub.requestVote(RaftServerProtocolServiceGrpc.java:265)
	at org.apache.ratis.grpc.server.GrpcServerProtocolClient.requestVote(GrpcServerProtocolClient.java:90)
	at org.apache.ratis.grpc.server.GrpcService.requestVote(GrpcService.java:204)
	at org.apache.ratis.server.impl.LeaderElection.lambda$submitRequests$1(LeaderElection.java:238)
	at java.util.concurrent.FutureTask.run(FutureTask.java:266)
	at java.util.concurrent.Executors$RunnableAdapter.call(Executors.java:511)
	at java.util.concurrent.FutureTask.run(FutureTask.java:266)
	at java.util.concurrent.ThreadPoolExecutor.runWorker(ThreadPoolExecutor.java:1149)
	at java.util.concurrent.ThreadPoolExecutor$Worker.run(ThreadPoolExecutor.java:624)
	... 1 more
Caused by: org.apache.ratis.thirdparty.io.netty.channel.AbstractChannel$AnnotatedConnectException: Connection refused: /192.168.5.159:45599
	at sun.nio.ch.SocketChannelImpl.checkConnect(Native Method)
	at sun.nio.ch.SocketChannelImpl.finishConnect(SocketChannelImpl.java:717)
	at org.apache.ratis.thirdparty.io.netty.channel.socket.nio.NioSocketChannel.doFinishConnect(NioSocketChannel.java:327)
	at org.apache.ratis.thirdparty.io.netty.channel.nio.AbstractNioChannel$AbstractNioUnsafe.finishConnect(AbstractNioChannel.java:340)
	at org.apache.ratis.thirdparty.io.netty.channel.nio.NioEventLoop.processSelectedKey(NioEventLoop.java:632)
	at org.apache.ratis.thirdparty.io.netty.channel.nio.NioEventLoop.processSelectedKeysOptimized(NioEventLoop.java:579)
	at org.apache.ratis.thirdparty.io.netty.channel.nio.NioEventLoop.processSelectedKeys(NioEventLoop.java:496)
	at org.apache.ratis.thirdparty.io.netty.channel.nio.NioEventLoop.run(NioEventLoop.java:458)
	at org.apache.ratis.thirdparty.io.netty.util.concurrent.SingleThreadEventExecutor$5.run(SingleThreadEventExecutor.java:897)
	at org.apache.ratis.thirdparty.io.netty.util.concurrent.FastThreadLocalRunnable.run(FastThreadLocalRunnable.java:30)
	... 1 more
Caused by: java.net.ConnectException: Connection refused
	... 11 more
2019-10-14 14:42:49,387 [caa892f0-76ff-4c1e-b30f-b7c59842badc@group-EA752D978E74:LeaderElection69] INFO  impl.LeaderElection (LogUtils.java:infoOrTrace(149)) - caa892f0-76ff-4c1e-b30f-b7c59842badc@group-EA752D978E74:LeaderElection69 got exception when requesting votes: {}
java.util.concurrent.ExecutionException: org.apache.ratis.thirdparty.io.grpc.StatusRuntimeException: UNAVAILABLE: io exception
	at java.util.concurrent.FutureTask.report(FutureTask.java:122)
	at java.util.concurrent.FutureTask.get(FutureTask.java:192)
	at org.apache.ratis.server.impl.LeaderElection.waitForResults(LeaderElection.java:263)
	at org.apache.ratis.server.impl.LeaderElection.askForVotes(LeaderElection.java:201)
	at org.apache.ratis.server.impl.LeaderElection.run(LeaderElection.java:133)
	at java.lang.Thread.run(Thread.java:748)
Caused by: org.apache.ratis.thirdparty.io.grpc.StatusRuntimeException: UNAVAILABLE: io exception
	at org.apache.ratis.thirdparty.io.grpc.stub.ClientCalls.toStatusRuntimeException(ClientCalls.java:233)
	at org.apache.ratis.thirdparty.io.grpc.stub.ClientCalls.getUnchecked(ClientCalls.java:214)
	at org.apache.ratis.thirdparty.io.grpc.stub.ClientCalls.blockingUnaryCall(ClientCalls.java:139)
	at org.apache.ratis.proto.grpc.RaftServerProtocolServiceGrpc$RaftServerProtocolServiceBlockingStub.requestVote(RaftServerProtocolServiceGrpc.java:265)
	at org.apache.ratis.grpc.server.GrpcServerProtocolClient.requestVote(GrpcServerProtocolClient.java:90)
	at org.apache.ratis.grpc.server.GrpcService.requestVote(GrpcService.java:204)
	at org.apache.ratis.server.impl.LeaderElection.lambda$submitRequests$1(LeaderElection.java:238)
	at java.util.concurrent.FutureTask.run(FutureTask.java:266)
	at java.util.concurrent.Executors$RunnableAdapter.call(Executors.java:511)
	at java.util.concurrent.FutureTask.run(FutureTask.java:266)
	at java.util.concurrent.ThreadPoolExecutor.runWorker(ThreadPoolExecutor.java:1149)
	at java.util.concurrent.ThreadPoolExecutor$Worker.run(ThreadPoolExecutor.java:624)
	... 1 more
Caused by: org.apache.ratis.thirdparty.io.netty.channel.AbstractChannel$AnnotatedConnectException: Connection refused: /192.168.5.159:44598
	at sun.nio.ch.SocketChannelImpl.checkConnect(Native Method)
	at sun.nio.ch.SocketChannelImpl.finishConnect(SocketChannelImpl.java:717)
	at org.apache.ratis.thirdparty.io.netty.channel.socket.nio.NioSocketChannel.doFinishConnect(NioSocketChannel.java:327)
	at org.apache.ratis.thirdparty.io.netty.channel.nio.AbstractNioChannel$AbstractNioUnsafe.finishConnect(AbstractNioChannel.java:340)
	at org.apache.ratis.thirdparty.io.netty.channel.nio.NioEventLoop.processSelectedKey(NioEventLoop.java:632)
	at org.apache.ratis.thirdparty.io.netty.channel.nio.NioEventLoop.processSelectedKeysOptimized(NioEventLoop.java:579)
	at org.apache.ratis.thirdparty.io.netty.channel.nio.NioEventLoop.processSelectedKeys(NioEventLoop.java:496)
	at org.apache.ratis.thirdparty.io.netty.channel.nio.NioEventLoop.run(NioEventLoop.java:458)
	at org.apache.ratis.thirdparty.io.netty.util.concurrent.SingleThreadEventExecutor$5.run(SingleThreadEventExecutor.java:897)
	at org.apache.ratis.thirdparty.io.netty.util.concurrent.FastThreadLocalRunnable.run(FastThreadLocalRunnable.java:30)
	... 1 more
Caused by: java.net.ConnectException: Connection refused
	... 11 more
2019-10-14 14:42:49,387 [caa892f0-76ff-4c1e-b30f-b7c59842badc@group-E0B7C1D5C8D3:LeaderElection68] INFO  impl.LeaderElection (LogUtils.java:infoOrTrace(149)) - caa892f0-76ff-4c1e-b30f-b7c59842badc@group-E0B7C1D5C8D3:LeaderElection68 got exception when requesting votes: {}
java.util.concurrent.ExecutionException: org.apache.ratis.thirdparty.io.grpc.StatusRuntimeException: UNAVAILABLE: io exception
	at java.util.concurrent.FutureTask.report(FutureTask.java:122)
	at java.util.concurrent.FutureTask.get(FutureTask.java:192)
	at org.apache.ratis.server.impl.LeaderElection.waitForResults(LeaderElection.java:263)
	at org.apache.ratis.server.impl.LeaderElection.askForVotes(LeaderElection.java:201)
	at org.apache.ratis.server.impl.LeaderElection.run(LeaderElection.java:133)
	at java.lang.Thread.run(Thread.java:748)
Caused by: org.apache.ratis.thirdparty.io.grpc.StatusRuntimeException: UNAVAILABLE: io exception
	at org.apache.ratis.thirdparty.io.grpc.stub.ClientCalls.toStatusRuntimeException(ClientCalls.java:233)
	at org.apache.ratis.thirdparty.io.grpc.stub.ClientCalls.getUnchecked(ClientCalls.java:214)
	at org.apache.ratis.thirdparty.io.grpc.stub.ClientCalls.blockingUnaryCall(ClientCalls.java:139)
	at org.apache.ratis.proto.grpc.RaftServerProtocolServiceGrpc$RaftServerProtocolServiceBlockingStub.requestVote(RaftServerProtocolServiceGrpc.java:265)
	at org.apache.ratis.grpc.server.GrpcServerProtocolClient.requestVote(GrpcServerProtocolClient.java:90)
	at org.apache.ratis.grpc.server.GrpcService.requestVote(GrpcService.java:204)
	at org.apache.ratis.server.impl.LeaderElection.lambda$submitRequests$1(LeaderElection.java:238)
	at java.util.concurrent.FutureTask.run(FutureTask.java:266)
	at java.util.concurrent.Executors$RunnableAdapter.call(Executors.java:511)
	at java.util.concurrent.FutureTask.run(FutureTask.java:266)
	at java.util.concurrent.ThreadPoolExecutor.runWorker(ThreadPoolExecutor.java:1149)
	at java.util.concurrent.ThreadPoolExecutor$Worker.run(ThreadPoolExecutor.java:624)
	... 1 more
Caused by: org.apache.ratis.thirdparty.io.netty.channel.AbstractChannel$AnnotatedConnectException: Connection refused: /192.168.5.159:44598
	at sun.nio.ch.SocketChannelImpl.checkConnect(Native Method)
	at sun.nio.ch.SocketChannelImpl.finishConnect(SocketChannelImpl.java:717)
	at org.apache.ratis.thirdparty.io.netty.channel.socket.nio.NioSocketChannel.doFinishConnect(NioSocketChannel.java:327)
	at org.apache.ratis.thirdparty.io.netty.channel.nio.AbstractNioChannel$AbstractNioUnsafe.finishConnect(AbstractNioChannel.java:340)
	at org.apache.ratis.thirdparty.io.netty.channel.nio.NioEventLoop.processSelectedKey(NioEventLoop.java:632)
	at org.apache.ratis.thirdparty.io.netty.channel.nio.NioEventLoop.processSelectedKeysOptimized(NioEventLoop.java:579)
	at org.apache.ratis.thirdparty.io.netty.channel.nio.NioEventLoop.processSelectedKeys(NioEventLoop.java:496)
	at org.apache.ratis.thirdparty.io.netty.channel.nio.NioEventLoop.run(NioEventLoop.java:458)
	at org.apache.ratis.thirdparty.io.netty.util.concurrent.SingleThreadEventExecutor$5.run(SingleThreadEventExecutor.java:897)
	at org.apache.ratis.thirdparty.io.netty.util.concurrent.FastThreadLocalRunnable.run(FastThreadLocalRunnable.java:30)
	... 1 more
Caused by: java.net.ConnectException: Connection refused
	... 11 more
2019-10-14 14:42:49,388 [caa892f0-76ff-4c1e-b30f-b7c59842badc@group-EA752D978E74:LeaderElection69] INFO  impl.LeaderElection (LeaderElection.java:logAndReturn(56)) - caa892f0-76ff-4c1e-b30f-b7c59842badc@group-EA752D978E74:LeaderElection69: Election REJECTED; received 0 response(s) [] and 2 exception(s); caa892f0-76ff-4c1e-b30f-b7c59842badc@group-EA752D978E74:t16, leader=null, voted=caa892f0-76ff-4c1e-b30f-b7c59842badc, raftlog=caa892f0-76ff-4c1e-b30f-b7c59842badc@group-EA752D978E74-SegmentedRaftLog:OPENED:c16,f16,i16, conf=0: [07a15819-e4fc-4072-82ac-b3e77a99d12a:192.168.5.159:45599, f9748ec4-5d8a-4dfc-8690-85b8cdac3f5d:192.168.5.159:44598, caa892f0-76ff-4c1e-b30f-b7c59842badc:192.168.5.159:39406], old=null
2019-10-14 14:42:49,388 [caa892f0-76ff-4c1e-b30f-b7c59842badc@group-E0B7C1D5C8D3:LeaderElection68] INFO  impl.LeaderElection (LeaderElection.java:logAndReturn(56)) - caa892f0-76ff-4c1e-b30f-b7c59842badc@group-E0B7C1D5C8D3:LeaderElection68: Election REJECTED; received 0 response(s) [] and 2 exception(s); caa892f0-76ff-4c1e-b30f-b7c59842badc@group-E0B7C1D5C8D3:t17, leader=null, voted=caa892f0-76ff-4c1e-b30f-b7c59842badc, raftlog=caa892f0-76ff-4c1e-b30f-b7c59842badc@group-E0B7C1D5C8D3-SegmentedRaftLog:OPENED:c0,f0,i0, conf=0: [07a15819-e4fc-4072-82ac-b3e77a99d12a:192.168.5.159:45599, f9748ec4-5d8a-4dfc-8690-85b8cdac3f5d:192.168.5.159:44598, caa892f0-76ff-4c1e-b30f-b7c59842badc:192.168.5.159:39406], old=null
2019-10-14 14:42:49,388 [caa892f0-76ff-4c1e-b30f-b7c59842badc@group-EA752D978E74:LeaderElection69] INFO  impl.LeaderElection (LogUtils.java:infoOrTrace(149)) -   Exception 0: {}
java.util.concurrent.ExecutionException: org.apache.ratis.thirdparty.io.grpc.StatusRuntimeException: UNAVAILABLE: io exception
	at java.util.concurrent.FutureTask.report(FutureTask.java:122)
	at java.util.concurrent.FutureTask.get(FutureTask.java:192)
	at org.apache.ratis.server.impl.LeaderElection.waitForResults(LeaderElection.java:263)
	at org.apache.ratis.server.impl.LeaderElection.askForVotes(LeaderElection.java:201)
	at org.apache.ratis.server.impl.LeaderElection.run(LeaderElection.java:133)
	at java.lang.Thread.run(Thread.java:748)
Caused by: org.apache.ratis.thirdparty.io.grpc.StatusRuntimeException: UNAVAILABLE: io exception
	at org.apache.ratis.thirdparty.io.grpc.stub.ClientCalls.toStatusRuntimeException(ClientCalls.java:233)
	at org.apache.ratis.thirdparty.io.grpc.stub.ClientCalls.getUnchecked(ClientCalls.java:214)
	at org.apache.ratis.thirdparty.io.grpc.stub.ClientCalls.blockingUnaryCall(ClientCalls.java:139)
	at org.apache.ratis.proto.grpc.RaftServerProtocolServiceGrpc$RaftServerProtocolServiceBlockingStub.requestVote(RaftServerProtocolServiceGrpc.java:265)
	at org.apache.ratis.grpc.server.GrpcServerProtocolClient.requestVote(GrpcServerProtocolClient.java:90)
	at org.apache.ratis.grpc.server.GrpcService.requestVote(GrpcService.java:204)
	at org.apache.ratis.server.impl.LeaderElection.lambda$submitRequests$1(LeaderElection.java:238)
	at java.util.concurrent.FutureTask.run(FutureTask.java:266)
	at java.util.concurrent.Executors$RunnableAdapter.call(Executors.java:511)
	at java.util.concurrent.FutureTask.run(FutureTask.java:266)
	at java.util.concurrent.ThreadPoolExecutor.runWorker(ThreadPoolExecutor.java:1149)
	at java.util.concurrent.ThreadPoolExecutor$Worker.run(ThreadPoolExecutor.java:624)
	... 1 more
Caused by: org.apache.ratis.thirdparty.io.netty.channel.AbstractChannel$AnnotatedConnectException: Connection refused: /192.168.5.159:45599
	at sun.nio.ch.SocketChannelImpl.checkConnect(Native Method)
	at sun.nio.ch.SocketChannelImpl.finishConnect(SocketChannelImpl.java:717)
	at org.apache.ratis.thirdparty.io.netty.channel.socket.nio.NioSocketChannel.doFinishConnect(NioSocketChannel.java:327)
	at org.apache.ratis.thirdparty.io.netty.channel.nio.AbstractNioChannel$AbstractNioUnsafe.finishConnect(AbstractNioChannel.java:340)
	at org.apache.ratis.thirdparty.io.netty.channel.nio.NioEventLoop.processSelectedKey(NioEventLoop.java:632)
	at org.apache.ratis.thirdparty.io.netty.channel.nio.NioEventLoop.processSelectedKeysOptimized(NioEventLoop.java:579)
	at org.apache.ratis.thirdparty.io.netty.channel.nio.NioEventLoop.processSelectedKeys(NioEventLoop.java:496)
	at org.apache.ratis.thirdparty.io.netty.channel.nio.NioEventLoop.run(NioEventLoop.java:458)
	at org.apache.ratis.thirdparty.io.netty.util.concurrent.SingleThreadEventExecutor$5.run(SingleThreadEventExecutor.java:897)
	at org.apache.ratis.thirdparty.io.netty.util.concurrent.FastThreadLocalRunnable.run(FastThreadLocalRunnable.java:30)
	... 1 more
Caused by: java.net.ConnectException: Connection refused
	... 11 more
2019-10-14 14:42:49,388 [caa892f0-76ff-4c1e-b30f-b7c59842badc@group-E0B7C1D5C8D3:LeaderElection68] INFO  impl.LeaderElection (LogUtils.java:infoOrTrace(149)) -   Exception 0: {}
java.util.concurrent.ExecutionException: org.apache.ratis.thirdparty.io.grpc.StatusRuntimeException: UNAVAILABLE: io exception
	at java.util.concurrent.FutureTask.report(FutureTask.java:122)
	at java.util.concurrent.FutureTask.get(FutureTask.java:192)
	at org.apache.ratis.server.impl.LeaderElection.waitForResults(LeaderElection.java:263)
	at org.apache.ratis.server.impl.LeaderElection.askForVotes(LeaderElection.java:201)
	at org.apache.ratis.server.impl.LeaderElection.run(LeaderElection.java:133)
	at java.lang.Thread.run(Thread.java:748)
Caused by: org.apache.ratis.thirdparty.io.grpc.StatusRuntimeException: UNAVAILABLE: io exception
	at org.apache.ratis.thirdparty.io.grpc.stub.ClientCalls.toStatusRuntimeException(ClientCalls.java:233)
	at org.apache.ratis.thirdparty.io.grpc.stub.ClientCalls.getUnchecked(ClientCalls.java:214)
	at org.apache.ratis.thirdparty.io.grpc.stub.ClientCalls.blockingUnaryCall(ClientCalls.java:139)
	at org.apache.ratis.proto.grpc.RaftServerProtocolServiceGrpc$RaftServerProtocolServiceBlockingStub.requestVote(RaftServerProtocolServiceGrpc.java:265)
	at org.apache.ratis.grpc.server.GrpcServerProtocolClient.requestVote(GrpcServerProtocolClient.java:90)
	at org.apache.ratis.grpc.server.GrpcService.requestVote(GrpcService.java:204)
	at org.apache.ratis.server.impl.LeaderElection.lambda$submitRequests$1(LeaderElection.java:238)
	at java.util.concurrent.FutureTask.run(FutureTask.java:266)
	at java.util.concurrent.Executors$RunnableAdapter.call(Executors.java:511)
	at java.util.concurrent.FutureTask.run(FutureTask.java:266)
	at java.util.concurrent.ThreadPoolExecutor.runWorker(ThreadPoolExecutor.java:1149)
	at java.util.concurrent.ThreadPoolExecutor$Worker.run(ThreadPoolExecutor.java:624)
	... 1 more
Caused by: org.apache.ratis.thirdparty.io.netty.channel.AbstractChannel$AnnotatedConnectException: Connection refused: /192.168.5.159:45599
	at sun.nio.ch.SocketChannelImpl.checkConnect(Native Method)
	at sun.nio.ch.SocketChannelImpl.finishConnect(SocketChannelImpl.java:717)
	at org.apache.ratis.thirdparty.io.netty.channel.socket.nio.NioSocketChannel.doFinishConnect(NioSocketChannel.java:327)
	at org.apache.ratis.thirdparty.io.netty.channel.nio.AbstractNioChannel$AbstractNioUnsafe.finishConnect(AbstractNioChannel.java:340)
	at org.apache.ratis.thirdparty.io.netty.channel.nio.NioEventLoop.processSelectedKey(NioEventLoop.java:632)
	at org.apache.ratis.thirdparty.io.netty.channel.nio.NioEventLoop.processSelectedKeysOptimized(NioEventLoop.java:579)
	at org.apache.ratis.thirdparty.io.netty.channel.nio.NioEventLoop.processSelectedKeys(NioEventLoop.java:496)
	at org.apache.ratis.thirdparty.io.netty.channel.nio.NioEventLoop.run(NioEventLoop.java:458)
	at org.apache.ratis.thirdparty.io.netty.util.concurrent.SingleThreadEventExecutor$5.run(SingleThreadEventExecutor.java:897)
	at org.apache.ratis.thirdparty.io.netty.util.concurrent.FastThreadLocalRunnable.run(FastThreadLocalRunnable.java:30)
	... 1 more
Caused by: java.net.ConnectException: Connection refused
	... 11 more
2019-10-14 14:42:49,388 [caa892f0-76ff-4c1e-b30f-b7c59842badc@group-EA752D978E74:LeaderElection69] INFO  impl.LeaderElection (LogUtils.java:infoOrTrace(149)) -   Exception 1: {}
java.util.concurrent.ExecutionException: org.apache.ratis.thirdparty.io.grpc.StatusRuntimeException: UNAVAILABLE: io exception
	at java.util.concurrent.FutureTask.report(FutureTask.java:122)
	at java.util.concurrent.FutureTask.get(FutureTask.java:192)
	at org.apache.ratis.server.impl.LeaderElection.waitForResults(LeaderElection.java:263)
	at org.apache.ratis.server.impl.LeaderElection.askForVotes(LeaderElection.java:201)
	at org.apache.ratis.server.impl.LeaderElection.run(LeaderElection.java:133)
	at java.lang.Thread.run(Thread.java:748)
Caused by: org.apache.ratis.thirdparty.io.grpc.StatusRuntimeException: UNAVAILABLE: io exception
	at org.apache.ratis.thirdparty.io.grpc.stub.ClientCalls.toStatusRuntimeException(ClientCalls.java:233)
	at org.apache.ratis.thirdparty.io.grpc.stub.ClientCalls.getUnchecked(ClientCalls.java:214)
	at org.apache.ratis.thirdparty.io.grpc.stub.ClientCalls.blockingUnaryCall(ClientCalls.java:139)
	at org.apache.ratis.proto.grpc.RaftServerProtocolServiceGrpc$RaftServerProtocolServiceBlockingStub.requestVote(RaftServerProtocolServiceGrpc.java:265)
	at org.apache.ratis.grpc.server.GrpcServerProtocolClient.requestVote(GrpcServerProtocolClient.java:90)
	at org.apache.ratis.grpc.server.GrpcService.requestVote(GrpcService.java:204)
	at org.apache.ratis.server.impl.LeaderElection.lambda$submitRequests$1(LeaderElection.java:238)
	at java.util.concurrent.FutureTask.run(FutureTask.java:266)
	at java.util.concurrent.Executors$RunnableAdapter.call(Executors.java:511)
	at java.util.concurrent.FutureTask.run(FutureTask.java:266)
	at java.util.concurrent.ThreadPoolExecutor.runWorker(ThreadPoolExecutor.java:1149)
	at java.util.concurrent.ThreadPoolExecutor$Worker.run(ThreadPoolExecutor.java:624)
	... 1 more
Caused by: org.apache.ratis.thirdparty.io.netty.channel.AbstractChannel$AnnotatedConnectException: Connection refused: /192.168.5.159:44598
	at sun.nio.ch.SocketChannelImpl.checkConnect(Native Method)
	at sun.nio.ch.SocketChannelImpl.finishConnect(SocketChannelImpl.java:717)
	at org.apache.ratis.thirdparty.io.netty.channel.socket.nio.NioSocketChannel.doFinishConnect(NioSocketChannel.java:327)
	at org.apache.ratis.thirdparty.io.netty.channel.nio.AbstractNioChannel$AbstractNioUnsafe.finishConnect(AbstractNioChannel.java:340)
	at org.apache.ratis.thirdparty.io.netty.channel.nio.NioEventLoop.processSelectedKey(NioEventLoop.java:632)
	at org.apache.ratis.thirdparty.io.netty.channel.nio.NioEventLoop.processSelectedKeysOptimized(NioEventLoop.java:579)
	at org.apache.ratis.thirdparty.io.netty.channel.nio.NioEventLoop.processSelectedKeys(NioEventLoop.java:496)
	at org.apache.ratis.thirdparty.io.netty.channel.nio.NioEventLoop.run(NioEventLoop.java:458)
	at org.apache.ratis.thirdparty.io.netty.util.concurrent.SingleThreadEventExecutor$5.run(SingleThreadEventExecutor.java:897)
	at org.apache.ratis.thirdparty.io.netty.util.concurrent.FastThreadLocalRunnable.run(FastThreadLocalRunnable.java:30)
	... 1 more
Caused by: java.net.ConnectException: Connection refused
	... 11 more
2019-10-14 14:42:49,389 [caa892f0-76ff-4c1e-b30f-b7c59842badc@group-E0B7C1D5C8D3:LeaderElection68] INFO  impl.LeaderElection (LogUtils.java:infoOrTrace(149)) -   Exception 1: {}
java.util.concurrent.ExecutionException: org.apache.ratis.thirdparty.io.grpc.StatusRuntimeException: UNAVAILABLE: io exception
	at java.util.concurrent.FutureTask.report(FutureTask.java:122)
	at java.util.concurrent.FutureTask.get(FutureTask.java:192)
	at org.apache.ratis.server.impl.LeaderElection.waitForResults(LeaderElection.java:263)
	at org.apache.ratis.server.impl.LeaderElection.askForVotes(LeaderElection.java:201)
	at org.apache.ratis.server.impl.LeaderElection.run(LeaderElection.java:133)
	at java.lang.Thread.run(Thread.java:748)
Caused by: org.apache.ratis.thirdparty.io.grpc.StatusRuntimeException: UNAVAILABLE: io exception
	at org.apache.ratis.thirdparty.io.grpc.stub.ClientCalls.toStatusRuntimeException(ClientCalls.java:233)
	at org.apache.ratis.thirdparty.io.grpc.stub.ClientCalls.getUnchecked(ClientCalls.java:214)
	at org.apache.ratis.thirdparty.io.grpc.stub.ClientCalls.blockingUnaryCall(ClientCalls.java:139)
	at org.apache.ratis.proto.grpc.RaftServerProtocolServiceGrpc$RaftServerProtocolServiceBlockingStub.requestVote(RaftServerProtocolServiceGrpc.java:265)
	at org.apache.ratis.grpc.server.GrpcServerProtocolClient.requestVote(GrpcServerProtocolClient.java:90)
	at org.apache.ratis.grpc.server.GrpcService.requestVote(GrpcService.java:204)
	at org.apache.ratis.server.impl.LeaderElection.lambda$submitRequests$1(LeaderElection.java:238)
	at java.util.concurrent.FutureTask.run(FutureTask.java:266)
	at java.util.concurrent.Executors$RunnableAdapter.call(Executors.java:511)
	at java.util.concurrent.FutureTask.run(FutureTask.java:266)
	at java.util.concurrent.ThreadPoolExecutor.runWorker(ThreadPoolExecutor.java:1149)
	at java.util.concurrent.ThreadPoolExecutor$Worker.run(ThreadPoolExecutor.java:624)
	... 1 more
Caused by: org.apache.ratis.thirdparty.io.netty.channel.AbstractChannel$AnnotatedConnectException: Connection refused: /192.168.5.159:44598
	at sun.nio.ch.SocketChannelImpl.checkConnect(Native Method)
	at sun.nio.ch.SocketChannelImpl.finishConnect(SocketChannelImpl.java:717)
	at org.apache.ratis.thirdparty.io.netty.channel.socket.nio.NioSocketChannel.doFinishConnect(NioSocketChannel.java:327)
	at org.apache.ratis.thirdparty.io.netty.channel.nio.AbstractNioChannel$AbstractNioUnsafe.finishConnect(AbstractNioChannel.java:340)
	at org.apache.ratis.thirdparty.io.netty.channel.nio.NioEventLoop.processSelectedKey(NioEventLoop.java:632)
	at org.apache.ratis.thirdparty.io.netty.channel.nio.NioEventLoop.processSelectedKeysOptimized(NioEventLoop.java:579)
	at org.apache.ratis.thirdparty.io.netty.channel.nio.NioEventLoop.processSelectedKeys(NioEventLoop.java:496)
	at org.apache.ratis.thirdparty.io.netty.channel.nio.NioEventLoop.run(NioEventLoop.java:458)
	at org.apache.ratis.thirdparty.io.netty.util.concurrent.SingleThreadEventExecutor$5.run(SingleThreadEventExecutor.java:897)
	at org.apache.ratis.thirdparty.io.netty.util.concurrent.FastThreadLocalRunnable.run(FastThreadLocalRunnable.java:30)
	... 1 more
Caused by: java.net.ConnectException: Connection refused
	... 11 more
2019-10-14 14:42:49,389 [caa892f0-76ff-4c1e-b30f-b7c59842badc@group-EA752D978E74:LeaderElection69] INFO  impl.RaftServerImpl (RaftServerImpl.java:setRole(174)) - caa892f0-76ff-4c1e-b30f-b7c59842badc@group-EA752D978E74: changes role from CANDIDATE to FOLLOWER at term 16 for DISCOVERED_A_NEW_TERM
2019-10-14 14:42:49,390 [caa892f0-76ff-4c1e-b30f-b7c59842badc@group-E0B7C1D5C8D3:LeaderElection68] INFO  impl.RaftServerImpl (RaftServerImpl.java:setRole(174)) - caa892f0-76ff-4c1e-b30f-b7c59842badc@group-E0B7C1D5C8D3: changes role from CANDIDATE to FOLLOWER at term 17 for DISCOVERED_A_NEW_TERM
2019-10-14 14:42:49,390 [caa892f0-76ff-4c1e-b30f-b7c59842badc@group-EA752D978E74:LeaderElection69] INFO  impl.RoleInfo (RoleInfo.java:shutdownLeaderElection(134)) - caa892f0-76ff-4c1e-b30f-b7c59842badc: shutdown LeaderElection
2019-10-14 14:42:49,390 [caa892f0-76ff-4c1e-b30f-b7c59842badc@group-E0B7C1D5C8D3:LeaderElection68] INFO  impl.RoleInfo (RoleInfo.java:shutdownLeaderElection(134)) - caa892f0-76ff-4c1e-b30f-b7c59842badc: shutdown LeaderElection
2019-10-14 14:42:49,390 [caa892f0-76ff-4c1e-b30f-b7c59842badc@group-EA752D978E74:LeaderElection69] INFO  impl.RoleInfo (RoleInfo.java:updateAndGet(143)) - caa892f0-76ff-4c1e-b30f-b7c59842badc: start FollowerState
2019-10-14 14:42:49,390 [caa892f0-76ff-4c1e-b30f-b7c59842badc@group-E0B7C1D5C8D3:LeaderElection68] INFO  impl.RoleInfo (RoleInfo.java:updateAndGet(143)) - caa892f0-76ff-4c1e-b30f-b7c59842badc: start FollowerState
2019-10-14 14:42:49,399 [grpc-default-executor-9] WARN  server.GrpcLogAppender (LogUtils.java:warn(134)) - caa892f0-76ff-4c1e-b30f-b7c59842badc@group-026CFA11C8A1->f9748ec4-5d8a-4dfc-8690-85b8cdac3f5d-AppendLogResponseHandler: Failed appendEntries: org.apache.ratis.thirdparty.io.grpc.StatusRuntimeException: UNAVAILABLE: io exception
2019-10-14 14:42:49,400 [grpc-default-executor-9] INFO  impl.FollowerInfo (FollowerInfo.java:lambda$new$0(51)) - caa892f0-76ff-4c1e-b30f-b7c59842badc@group-026CFA11C8A1->f9748ec4-5d8a-4dfc-8690-85b8cdac3f5d: nextIndex: updateUnconditionally 0 -> 0
2019-10-14 14:42:49,800 [grpc-default-executor-8] WARN  server.GrpcLogAppender (LogUtils.java:warn(134)) - caa892f0-76ff-4c1e-b30f-b7c59842badc@group-382452901537->07a15819-e4fc-4072-82ac-b3e77a99d12a-AppendLogResponseHandler: Failed appendEntries: org.apache.ratis.thirdparty.io.grpc.StatusRuntimeException: UNAVAILABLE: io exception
2019-10-14 14:42:49,800 [grpc-default-executor-8] INFO  impl.FollowerInfo (FollowerInfo.java:lambda$new$0(51)) - caa892f0-76ff-4c1e-b30f-b7c59842badc@group-382452901537->07a15819-e4fc-4072-82ac-b3e77a99d12a: nextIndex: updateUnconditionally 0 -> 0
2019-10-14 14:42:49,835 [grpc-default-executor-0] WARN  server.GrpcLogAppender (LogUtils.java:warn(134)) - caa892f0-76ff-4c1e-b30f-b7c59842badc@group-382452901537->f9748ec4-5d8a-4dfc-8690-85b8cdac3f5d-AppendLogResponseHandler: Failed appendEntries: org.apache.ratis.thirdparty.io.grpc.StatusRuntimeException: UNAVAILABLE: io exception
2019-10-14 14:42:49,836 [grpc-default-executor-0] INFO  impl.FollowerInfo (FollowerInfo.java:lambda$new$0(51)) - caa892f0-76ff-4c1e-b30f-b7c59842badc@group-382452901537->f9748ec4-5d8a-4dfc-8690-85b8cdac3f5d: nextIndex: updateUnconditionally 0 -> 0
2019-10-14 14:42:49,851 [grpc-default-executor-0] WARN  server.GrpcLogAppender (LogUtils.java:warn(134)) - caa892f0-76ff-4c1e-b30f-b7c59842badc@group-026CFA11C8A1->07a15819-e4fc-4072-82ac-b3e77a99d12a-AppendLogResponseHandler: Failed appendEntries: org.apache.ratis.thirdparty.io.grpc.StatusRuntimeException: UNAVAILABLE: io exception
2019-10-14 14:42:49,852 [grpc-default-executor-0] INFO  impl.FollowerInfo (FollowerInfo.java:lambda$new$0(51)) - caa892f0-76ff-4c1e-b30f-b7c59842badc@group-026CFA11C8A1->07a15819-e4fc-4072-82ac-b3e77a99d12a: nextIndex: updateUnconditionally 0 -> 0
2019-10-14 14:42:49,901 [grpc-default-executor-8] WARN  server.GrpcLogAppender (LogUtils.java:warn(134)) - caa892f0-76ff-4c1e-b30f-b7c59842badc@group-026CFA11C8A1->f9748ec4-5d8a-4dfc-8690-85b8cdac3f5d-AppendLogResponseHandler: Failed appendEntries: org.apache.ratis.thirdparty.io.grpc.StatusRuntimeException: UNAVAILABLE: io exception
2019-10-14 14:42:49,902 [grpc-default-executor-8] INFO  impl.FollowerInfo (FollowerInfo.java:lambda$new$0(51)) - caa892f0-76ff-4c1e-b30f-b7c59842badc@group-026CFA11C8A1->f9748ec4-5d8a-4dfc-8690-85b8cdac3f5d: nextIndex: updateUnconditionally 0 -> 0
2019-10-14 14:42:50,302 [grpc-default-executor-9] WARN  server.GrpcLogAppender (LogUtils.java:warn(134)) - caa892f0-76ff-4c1e-b30f-b7c59842badc@group-382452901537->07a15819-e4fc-4072-82ac-b3e77a99d12a-AppendLogResponseHandler: Failed appendEntries: org.apache.ratis.thirdparty.io.grpc.StatusRuntimeException: UNAVAILABLE: io exception
2019-10-14 14:42:50,302 [grpc-default-executor-9] INFO  impl.FollowerInfo (FollowerInfo.java:lambda$new$0(51)) - caa892f0-76ff-4c1e-b30f-b7c59842badc@group-382452901537->07a15819-e4fc-4072-82ac-b3e77a99d12a: nextIndex: updateUnconditionally 0 -> 0
2019-10-14 14:42:50,336 [grpc-default-executor-0] WARN  server.GrpcLogAppender (LogUtils.java:warn(134)) - caa892f0-76ff-4c1e-b30f-b7c59842badc@group-382452901537->f9748ec4-5d8a-4dfc-8690-85b8cdac3f5d-AppendLogResponseHandler: Failed appendEntries: org.apache.ratis.thirdparty.io.grpc.StatusRuntimeException: UNAVAILABLE: io exception
2019-10-14 14:42:50,337 [grpc-default-executor-0] INFO  impl.FollowerInfo (FollowerInfo.java:lambda$new$0(51)) - caa892f0-76ff-4c1e-b30f-b7c59842badc@group-382452901537->f9748ec4-5d8a-4dfc-8690-85b8cdac3f5d: nextIndex: updateUnconditionally 0 -> 0
2019-10-14 14:42:50,351 [grpc-default-executor-0] WARN  server.GrpcLogAppender (LogUtils.java:warn(134)) - caa892f0-76ff-4c1e-b30f-b7c59842badc@group-026CFA11C8A1->07a15819-e4fc-4072-82ac-b3e77a99d12a-AppendLogResponseHandler: Failed appendEntries: org.apache.ratis.thirdparty.io.grpc.StatusRuntimeException: UNAVAILABLE: io exception
2019-10-14 14:42:50,352 [grpc-default-executor-0] INFO  impl.FollowerInfo (FollowerInfo.java:lambda$new$0(51)) - caa892f0-76ff-4c1e-b30f-b7c59842badc@group-026CFA11C8A1->07a15819-e4fc-4072-82ac-b3e77a99d12a: nextIndex: updateUnconditionally 0 -> 0
2019-10-14 14:42:50,402 [grpc-default-executor-0] WARN  server.GrpcLogAppender (LogUtils.java:warn(134)) - caa892f0-76ff-4c1e-b30f-b7c59842badc@group-026CFA11C8A1->f9748ec4-5d8a-4dfc-8690-85b8cdac3f5d-AppendLogResponseHandler: Failed appendEntries: org.apache.ratis.thirdparty.io.grpc.StatusRuntimeException: UNAVAILABLE: io exception
2019-10-14 14:42:50,402 [grpc-default-executor-0] INFO  impl.FollowerInfo (FollowerInfo.java:lambda$new$0(51)) - caa892f0-76ff-4c1e-b30f-b7c59842badc@group-026CFA11C8A1->f9748ec4-5d8a-4dfc-8690-85b8cdac3f5d: nextIndex: updateUnconditionally 0 -> 0
2019-10-14 14:42:50,482 [Thread-1310] INFO  impl.FollowerState (FollowerState.java:run(106)) - caa892f0-76ff-4c1e-b30f-b7c59842badc:group-EA752D978E74 changes to CANDIDATE, lastRpcTime:1091, electionTimeout:1091ms
2019-10-14 14:42:50,482 [Thread-1310] INFO  impl.RoleInfo (RoleInfo.java:shutdownFollowerState(121)) - caa892f0-76ff-4c1e-b30f-b7c59842badc: shutdown FollowerState
2019-10-14 14:42:50,482 [Thread-1310] INFO  impl.RaftServerImpl (RaftServerImpl.java:setRole(174)) - caa892f0-76ff-4c1e-b30f-b7c59842badc@group-EA752D978E74: changes role from  FOLLOWER to CANDIDATE at term 16 for changeToCandidate
2019-10-14 14:42:50,482 [Thread-1310] INFO  impl.RoleInfo (RoleInfo.java:updateAndGet(143)) - caa892f0-76ff-4c1e-b30f-b7c59842badc: start LeaderElection
2019-10-14 14:42:50,487 [caa892f0-76ff-4c1e-b30f-b7c59842badc@group-EA752D978E74:LeaderElection70] INFO  impl.LeaderElection (LeaderElection.java:askForVotes(182)) - caa892f0-76ff-4c1e-b30f-b7c59842badc@group-EA752D978E74:LeaderElection70: begin an election at term 17 for 0: [07a15819-e4fc-4072-82ac-b3e77a99d12a:192.168.5.159:45599, f9748ec4-5d8a-4dfc-8690-85b8cdac3f5d:192.168.5.159:44598, caa892f0-76ff-4c1e-b30f-b7c59842badc:192.168.5.159:39406], old=null
2019-10-14 14:42:50,490 [caa892f0-76ff-4c1e-b30f-b7c59842badc@group-EA752D978E74:LeaderElection70] INFO  impl.LeaderElection (LogUtils.java:infoOrTrace(149)) - caa892f0-76ff-4c1e-b30f-b7c59842badc@group-EA752D978E74:LeaderElection70 got exception when requesting votes: {}
java.util.concurrent.ExecutionException: org.apache.ratis.thirdparty.io.grpc.StatusRuntimeException: UNAVAILABLE: io exception
	at java.util.concurrent.FutureTask.report(FutureTask.java:122)
	at java.util.concurrent.FutureTask.get(FutureTask.java:192)
	at org.apache.ratis.server.impl.LeaderElection.waitForResults(LeaderElection.java:263)
	at org.apache.ratis.server.impl.LeaderElection.askForVotes(LeaderElection.java:201)
	at org.apache.ratis.server.impl.LeaderElection.run(LeaderElection.java:133)
	at java.lang.Thread.run(Thread.java:748)
Caused by: org.apache.ratis.thirdparty.io.grpc.StatusRuntimeException: UNAVAILABLE: io exception
	at org.apache.ratis.thirdparty.io.grpc.stub.ClientCalls.toStatusRuntimeException(ClientCalls.java:233)
	at org.apache.ratis.thirdparty.io.grpc.stub.ClientCalls.getUnchecked(ClientCalls.java:214)
	at org.apache.ratis.thirdparty.io.grpc.stub.ClientCalls.blockingUnaryCall(ClientCalls.java:139)
	at org.apache.ratis.proto.grpc.RaftServerProtocolServiceGrpc$RaftServerProtocolServiceBlockingStub.requestVote(RaftServerProtocolServiceGrpc.java:265)
	at org.apache.ratis.grpc.server.GrpcServerProtocolClient.requestVote(GrpcServerProtocolClient.java:90)
	at org.apache.ratis.grpc.server.GrpcService.requestVote(GrpcService.java:204)
	at org.apache.ratis.server.impl.LeaderElection.lambda$submitRequests$1(LeaderElection.java:238)
	at java.util.concurrent.FutureTask.run(FutureTask.java:266)
	at java.util.concurrent.Executors$RunnableAdapter.call(Executors.java:511)
	at java.util.concurrent.FutureTask.run(FutureTask.java:266)
	at java.util.concurrent.ThreadPoolExecutor.runWorker(ThreadPoolExecutor.java:1149)
	at java.util.concurrent.ThreadPoolExecutor$Worker.run(ThreadPoolExecutor.java:624)
	... 1 more
Caused by: org.apache.ratis.thirdparty.io.netty.channel.AbstractChannel$AnnotatedConnectException: Connection refused: /192.168.5.159:44598
	at sun.nio.ch.SocketChannelImpl.checkConnect(Native Method)
	at sun.nio.ch.SocketChannelImpl.finishConnect(SocketChannelImpl.java:717)
	at org.apache.ratis.thirdparty.io.netty.channel.socket.nio.NioSocketChannel.doFinishConnect(NioSocketChannel.java:327)
	at org.apache.ratis.thirdparty.io.netty.channel.nio.AbstractNioChannel$AbstractNioUnsafe.finishConnect(AbstractNioChannel.java:340)
	at org.apache.ratis.thirdparty.io.netty.channel.nio.NioEventLoop.processSelectedKey(NioEventLoop.java:632)
	at org.apache.ratis.thirdparty.io.netty.channel.nio.NioEventLoop.processSelectedKeysOptimized(NioEventLoop.java:579)
	at org.apache.ratis.thirdparty.io.netty.channel.nio.NioEventLoop.processSelectedKeys(NioEventLoop.java:496)
	at org.apache.ratis.thirdparty.io.netty.channel.nio.NioEventLoop.run(NioEventLoop.java:458)
	at org.apache.ratis.thirdparty.io.netty.util.concurrent.SingleThreadEventExecutor$5.run(SingleThreadEventExecutor.java:897)
	at org.apache.ratis.thirdparty.io.netty.util.concurrent.FastThreadLocalRunnable.run(FastThreadLocalRunnable.java:30)
	... 1 more
Caused by: java.net.ConnectException: Connection refused
	... 11 more
2019-10-14 14:42:50,490 [caa892f0-76ff-4c1e-b30f-b7c59842badc@group-EA752D978E74:LeaderElection70] INFO  impl.LeaderElection (LogUtils.java:infoOrTrace(149)) - caa892f0-76ff-4c1e-b30f-b7c59842badc@group-EA752D978E74:LeaderElection70 got exception when requesting votes: {}
java.util.concurrent.ExecutionException: org.apache.ratis.thirdparty.io.grpc.StatusRuntimeException: UNAVAILABLE: io exception
	at java.util.concurrent.FutureTask.report(FutureTask.java:122)
	at java.util.concurrent.FutureTask.get(FutureTask.java:192)
	at org.apache.ratis.server.impl.LeaderElection.waitForResults(LeaderElection.java:263)
	at org.apache.ratis.server.impl.LeaderElection.askForVotes(LeaderElection.java:201)
	at org.apache.ratis.server.impl.LeaderElection.run(LeaderElection.java:133)
	at java.lang.Thread.run(Thread.java:748)
Caused by: org.apache.ratis.thirdparty.io.grpc.StatusRuntimeException: UNAVAILABLE: io exception
	at org.apache.ratis.thirdparty.io.grpc.stub.ClientCalls.toStatusRuntimeException(ClientCalls.java:233)
	at org.apache.ratis.thirdparty.io.grpc.stub.ClientCalls.getUnchecked(ClientCalls.java:214)
	at org.apache.ratis.thirdparty.io.grpc.stub.ClientCalls.blockingUnaryCall(ClientCalls.java:139)
	at org.apache.ratis.proto.grpc.RaftServerProtocolServiceGrpc$RaftServerProtocolServiceBlockingStub.requestVote(RaftServerProtocolServiceGrpc.java:265)
	at org.apache.ratis.grpc.server.GrpcServerProtocolClient.requestVote(GrpcServerProtocolClient.java:90)
	at org.apache.ratis.grpc.server.GrpcService.requestVote(GrpcService.java:204)
	at org.apache.ratis.server.impl.LeaderElection.lambda$submitRequests$1(LeaderElection.java:238)
	at java.util.concurrent.FutureTask.run(FutureTask.java:266)
	at java.util.concurrent.Executors$RunnableAdapter.call(Executors.java:511)
	at java.util.concurrent.FutureTask.run(FutureTask.java:266)
	at java.util.concurrent.ThreadPoolExecutor.runWorker(ThreadPoolExecutor.java:1149)
	at java.util.concurrent.ThreadPoolExecutor$Worker.run(ThreadPoolExecutor.java:624)
	... 1 more
Caused by: org.apache.ratis.thirdparty.io.netty.channel.AbstractChannel$AnnotatedConnectException: Connection refused: /192.168.5.159:45599
	at sun.nio.ch.SocketChannelImpl.checkConnect(Native Method)
	at sun.nio.ch.SocketChannelImpl.finishConnect(SocketChannelImpl.java:717)
	at org.apache.ratis.thirdparty.io.netty.channel.socket.nio.NioSocketChannel.doFinishConnect(NioSocketChannel.java:327)
	at org.apache.ratis.thirdparty.io.netty.channel.nio.AbstractNioChannel$AbstractNioUnsafe.finishConnect(AbstractNioChannel.java:340)
	at org.apache.ratis.thirdparty.io.netty.channel.nio.NioEventLoop.processSelectedKey(NioEventLoop.java:632)
	at org.apache.ratis.thirdparty.io.netty.channel.nio.NioEventLoop.processSelectedKeysOptimized(NioEventLoop.java:579)
	at org.apache.ratis.thirdparty.io.netty.channel.nio.NioEventLoop.processSelectedKeys(NioEventLoop.java:496)
	at org.apache.ratis.thirdparty.io.netty.channel.nio.NioEventLoop.run(NioEventLoop.java:458)
	at org.apache.ratis.thirdparty.io.netty.util.concurrent.SingleThreadEventExecutor$5.run(SingleThreadEventExecutor.java:897)
	at org.apache.ratis.thirdparty.io.netty.util.concurrent.FastThreadLocalRunnable.run(FastThreadLocalRunnable.java:30)
	... 1 more
Caused by: java.net.ConnectException: Connection refused
	... 11 more
2019-10-14 14:42:50,491 [caa892f0-76ff-4c1e-b30f-b7c59842badc@group-EA752D978E74:LeaderElection70] INFO  impl.LeaderElection (LeaderElection.java:logAndReturn(56)) - caa892f0-76ff-4c1e-b30f-b7c59842badc@group-EA752D978E74:LeaderElection70: Election REJECTED; received 0 response(s) [] and 2 exception(s); caa892f0-76ff-4c1e-b30f-b7c59842badc@group-EA752D978E74:t17, leader=null, voted=caa892f0-76ff-4c1e-b30f-b7c59842badc, raftlog=caa892f0-76ff-4c1e-b30f-b7c59842badc@group-EA752D978E74-SegmentedRaftLog:OPENED:c16,f16,i16, conf=0: [07a15819-e4fc-4072-82ac-b3e77a99d12a:192.168.5.159:45599, f9748ec4-5d8a-4dfc-8690-85b8cdac3f5d:192.168.5.159:44598, caa892f0-76ff-4c1e-b30f-b7c59842badc:192.168.5.159:39406], old=null
2019-10-14 14:42:50,491 [caa892f0-76ff-4c1e-b30f-b7c59842badc@group-EA752D978E74:LeaderElection70] INFO  impl.LeaderElection (LogUtils.java:infoOrTrace(149)) -   Exception 0: {}
java.util.concurrent.ExecutionException: org.apache.ratis.thirdparty.io.grpc.StatusRuntimeException: UNAVAILABLE: io exception
	at java.util.concurrent.FutureTask.report(FutureTask.java:122)
	at java.util.concurrent.FutureTask.get(FutureTask.java:192)
	at org.apache.ratis.server.impl.LeaderElection.waitForResults(LeaderElection.java:263)
	at org.apache.ratis.server.impl.LeaderElection.askForVotes(LeaderElection.java:201)
	at org.apache.ratis.server.impl.LeaderElection.run(LeaderElection.java:133)
	at java.lang.Thread.run(Thread.java:748)
Caused by: org.apache.ratis.thirdparty.io.grpc.StatusRuntimeException: UNAVAILABLE: io exception
	at org.apache.ratis.thirdparty.io.grpc.stub.ClientCalls.toStatusRuntimeException(ClientCalls.java:233)
	at org.apache.ratis.thirdparty.io.grpc.stub.ClientCalls.getUnchecked(ClientCalls.java:214)
	at org.apache.ratis.thirdparty.io.grpc.stub.ClientCalls.blockingUnaryCall(ClientCalls.java:139)
	at org.apache.ratis.proto.grpc.RaftServerProtocolServiceGrpc$RaftServerProtocolServiceBlockingStub.requestVote(RaftServerProtocolServiceGrpc.java:265)
	at org.apache.ratis.grpc.server.GrpcServerProtocolClient.requestVote(GrpcServerProtocolClient.java:90)
	at org.apache.ratis.grpc.server.GrpcService.requestVote(GrpcService.java:204)
	at org.apache.ratis.server.impl.LeaderElection.lambda$submitRequests$1(LeaderElection.java:238)
	at java.util.concurrent.FutureTask.run(FutureTask.java:266)
	at java.util.concurrent.Executors$RunnableAdapter.call(Executors.java:511)
	at java.util.concurrent.FutureTask.run(FutureTask.java:266)
	at java.util.concurrent.ThreadPoolExecutor.runWorker(ThreadPoolExecutor.java:1149)
	at java.util.concurrent.ThreadPoolExecutor$Worker.run(ThreadPoolExecutor.java:624)
	... 1 more
Caused by: org.apache.ratis.thirdparty.io.netty.channel.AbstractChannel$AnnotatedConnectException: Connection refused: /192.168.5.159:44598
	at sun.nio.ch.SocketChannelImpl.checkConnect(Native Method)
	at sun.nio.ch.SocketChannelImpl.finishConnect(SocketChannelImpl.java:717)
	at org.apache.ratis.thirdparty.io.netty.channel.socket.nio.NioSocketChannel.doFinishConnect(NioSocketChannel.java:327)
	at org.apache.ratis.thirdparty.io.netty.channel.nio.AbstractNioChannel$AbstractNioUnsafe.finishConnect(AbstractNioChannel.java:340)
	at org.apache.ratis.thirdparty.io.netty.channel.nio.NioEventLoop.processSelectedKey(NioEventLoop.java:632)
	at org.apache.ratis.thirdparty.io.netty.channel.nio.NioEventLoop.processSelectedKeysOptimized(NioEventLoop.java:579)
	at org.apache.ratis.thirdparty.io.netty.channel.nio.NioEventLoop.processSelectedKeys(NioEventLoop.java:496)
	at org.apache.ratis.thirdparty.io.netty.channel.nio.NioEventLoop.run(NioEventLoop.java:458)
	at org.apache.ratis.thirdparty.io.netty.util.concurrent.SingleThreadEventExecutor$5.run(SingleThreadEventExecutor.java:897)
	at org.apache.ratis.thirdparty.io.netty.util.concurrent.FastThreadLocalRunnable.run(FastThreadLocalRunnable.java:30)
	... 1 more
Caused by: java.net.ConnectException: Connection refused
	... 11 more
2019-10-14 14:42:50,491 [caa892f0-76ff-4c1e-b30f-b7c59842badc@group-EA752D978E74:LeaderElection70] INFO  impl.LeaderElection (LogUtils.java:infoOrTrace(149)) -   Exception 1: {}
java.util.concurrent.ExecutionException: org.apache.ratis.thirdparty.io.grpc.StatusRuntimeException: UNAVAILABLE: io exception
	at java.util.concurrent.FutureTask.report(FutureTask.java:122)
	at java.util.concurrent.FutureTask.get(FutureTask.java:192)
	at org.apache.ratis.server.impl.LeaderElection.waitForResults(LeaderElection.java:263)
	at org.apache.ratis.server.impl.LeaderElection.askForVotes(LeaderElection.java:201)
	at org.apache.ratis.server.impl.LeaderElection.run(LeaderElection.java:133)
	at java.lang.Thread.run(Thread.java:748)
Caused by: org.apache.ratis.thirdparty.io.grpc.StatusRuntimeException: UNAVAILABLE: io exception
	at org.apache.ratis.thirdparty.io.grpc.stub.ClientCalls.toStatusRuntimeException(ClientCalls.java:233)
	at org.apache.ratis.thirdparty.io.grpc.stub.ClientCalls.getUnchecked(ClientCalls.java:214)
	at org.apache.ratis.thirdparty.io.grpc.stub.ClientCalls.blockingUnaryCall(ClientCalls.java:139)
	at org.apache.ratis.proto.grpc.RaftServerProtocolServiceGrpc$RaftServerProtocolServiceBlockingStub.requestVote(RaftServerProtocolServiceGrpc.java:265)
	at org.apache.ratis.grpc.server.GrpcServerProtocolClient.requestVote(GrpcServerProtocolClient.java:90)
	at org.apache.ratis.grpc.server.GrpcService.requestVote(GrpcService.java:204)
	at org.apache.ratis.server.impl.LeaderElection.lambda$submitRequests$1(LeaderElection.java:238)
	at java.util.concurrent.FutureTask.run(FutureTask.java:266)
	at java.util.concurrent.Executors$RunnableAdapter.call(Executors.java:511)
	at java.util.concurrent.FutureTask.run(FutureTask.java:266)
	at java.util.concurrent.ThreadPoolExecutor.runWorker(ThreadPoolExecutor.java:1149)
	at java.util.concurrent.ThreadPoolExecutor$Worker.run(ThreadPoolExecutor.java:624)
	... 1 more
Caused by: org.apache.ratis.thirdparty.io.netty.channel.AbstractChannel$AnnotatedConnectException: Connection refused: /192.168.5.159:45599
	at sun.nio.ch.SocketChannelImpl.checkConnect(Native Method)
	at sun.nio.ch.SocketChannelImpl.finishConnect(SocketChannelImpl.java:717)
	at org.apache.ratis.thirdparty.io.netty.channel.socket.nio.NioSocketChannel.doFinishConnect(NioSocketChannel.java:327)
	at org.apache.ratis.thirdparty.io.netty.channel.nio.AbstractNioChannel$AbstractNioUnsafe.finishConnect(AbstractNioChannel.java:340)
	at org.apache.ratis.thirdparty.io.netty.channel.nio.NioEventLoop.processSelectedKey(NioEventLoop.java:632)
	at org.apache.ratis.thirdparty.io.netty.channel.nio.NioEventLoop.processSelectedKeysOptimized(NioEventLoop.java:579)
	at org.apache.ratis.thirdparty.io.netty.channel.nio.NioEventLoop.processSelectedKeys(NioEventLoop.java:496)
	at org.apache.ratis.thirdparty.io.netty.channel.nio.NioEventLoop.run(NioEventLoop.java:458)
	at org.apache.ratis.thirdparty.io.netty.util.concurrent.SingleThreadEventExecutor$5.run(SingleThreadEventExecutor.java:897)
	at org.apache.ratis.thirdparty.io.netty.util.concurrent.FastThreadLocalRunnable.run(FastThreadLocalRunnable.java:30)
	... 1 more
Caused by: java.net.ConnectException: Connection refused
	... 11 more
2019-10-14 14:42:50,491 [caa892f0-76ff-4c1e-b30f-b7c59842badc@group-EA752D978E74:LeaderElection70] INFO  impl.RaftServerImpl (RaftServerImpl.java:setRole(174)) - caa892f0-76ff-4c1e-b30f-b7c59842badc@group-EA752D978E74: changes role from CANDIDATE to FOLLOWER at term 17 for DISCOVERED_A_NEW_TERM
2019-10-14 14:42:50,491 [caa892f0-76ff-4c1e-b30f-b7c59842badc@group-EA752D978E74:LeaderElection70] INFO  impl.RoleInfo (RoleInfo.java:shutdownLeaderElection(134)) - caa892f0-76ff-4c1e-b30f-b7c59842badc: shutdown LeaderElection
2019-10-14 14:42:50,491 [caa892f0-76ff-4c1e-b30f-b7c59842badc@group-EA752D978E74:LeaderElection70] INFO  impl.RoleInfo (RoleInfo.java:updateAndGet(143)) - caa892f0-76ff-4c1e-b30f-b7c59842badc: start FollowerState
2019-10-14 14:42:50,493 [Thread-1311] INFO  impl.FollowerState (FollowerState.java:run(106)) - caa892f0-76ff-4c1e-b30f-b7c59842badc:group-E0B7C1D5C8D3 changes to CANDIDATE, lastRpcTime:1102, electionTimeout:1102ms
2019-10-14 14:42:50,493 [Thread-1311] INFO  impl.RoleInfo (RoleInfo.java:shutdownFollowerState(121)) - caa892f0-76ff-4c1e-b30f-b7c59842badc: shutdown FollowerState
2019-10-14 14:42:50,493 [Thread-1311] INFO  impl.RaftServerImpl (RaftServerImpl.java:setRole(174)) - caa892f0-76ff-4c1e-b30f-b7c59842badc@group-E0B7C1D5C8D3: changes role from  FOLLOWER to CANDIDATE at term 17 for changeToCandidate
2019-10-14 14:42:50,493 [Thread-1311] INFO  impl.RoleInfo (RoleInfo.java:updateAndGet(143)) - caa892f0-76ff-4c1e-b30f-b7c59842badc: start LeaderElection
2019-10-14 14:42:50,503 [caa892f0-76ff-4c1e-b30f-b7c59842badc@group-E0B7C1D5C8D3:LeaderElection71] INFO  impl.LeaderElection (LeaderElection.java:askForVotes(182)) - caa892f0-76ff-4c1e-b30f-b7c59842badc@group-E0B7C1D5C8D3:LeaderElection71: begin an election at term 18 for 0: [07a15819-e4fc-4072-82ac-b3e77a99d12a:192.168.5.159:45599, f9748ec4-5d8a-4dfc-8690-85b8cdac3f5d:192.168.5.159:44598, caa892f0-76ff-4c1e-b30f-b7c59842badc:192.168.5.159:39406], old=null
2019-10-14 14:42:50,504 [caa892f0-76ff-4c1e-b30f-b7c59842badc@group-E0B7C1D5C8D3:LeaderElection71] INFO  impl.LeaderElection (LogUtils.java:infoOrTrace(149)) - caa892f0-76ff-4c1e-b30f-b7c59842badc@group-E0B7C1D5C8D3:LeaderElection71 got exception when requesting votes: {}
java.util.concurrent.ExecutionException: org.apache.ratis.thirdparty.io.grpc.StatusRuntimeException: UNAVAILABLE: io exception
	at java.util.concurrent.FutureTask.report(FutureTask.java:122)
	at java.util.concurrent.FutureTask.get(FutureTask.java:192)
	at org.apache.ratis.server.impl.LeaderElection.waitForResults(LeaderElection.java:263)
	at org.apache.ratis.server.impl.LeaderElection.askForVotes(LeaderElection.java:201)
	at org.apache.ratis.server.impl.LeaderElection.run(LeaderElection.java:133)
	at java.lang.Thread.run(Thread.java:748)
Caused by: org.apache.ratis.thirdparty.io.grpc.StatusRuntimeException: UNAVAILABLE: io exception
	at org.apache.ratis.thirdparty.io.grpc.stub.ClientCalls.toStatusRuntimeException(ClientCalls.java:233)
	at org.apache.ratis.thirdparty.io.grpc.stub.ClientCalls.getUnchecked(ClientCalls.java:214)
	at org.apache.ratis.thirdparty.io.grpc.stub.ClientCalls.blockingUnaryCall(ClientCalls.java:139)
	at org.apache.ratis.proto.grpc.RaftServerProtocolServiceGrpc$RaftServerProtocolServiceBlockingStub.requestVote(RaftServerProtocolServiceGrpc.java:265)
	at org.apache.ratis.grpc.server.GrpcServerProtocolClient.requestVote(GrpcServerProtocolClient.java:90)
	at org.apache.ratis.grpc.server.GrpcService.requestVote(GrpcService.java:204)
	at org.apache.ratis.server.impl.LeaderElection.lambda$submitRequests$1(LeaderElection.java:238)
	at java.util.concurrent.FutureTask.run(FutureTask.java:266)
	at java.util.concurrent.Executors$RunnableAdapter.call(Executors.java:511)
	at java.util.concurrent.FutureTask.run(FutureTask.java:266)
	at java.util.concurrent.ThreadPoolExecutor.runWorker(ThreadPoolExecutor.java:1149)
	at java.util.concurrent.ThreadPoolExecutor$Worker.run(ThreadPoolExecutor.java:624)
	... 1 more
Caused by: org.apache.ratis.thirdparty.io.netty.channel.AbstractChannel$AnnotatedConnectException: Connection refused: /192.168.5.159:44598
	at sun.nio.ch.SocketChannelImpl.checkConnect(Native Method)
	at sun.nio.ch.SocketChannelImpl.finishConnect(SocketChannelImpl.java:717)
	at org.apache.ratis.thirdparty.io.netty.channel.socket.nio.NioSocketChannel.doFinishConnect(NioSocketChannel.java:327)
	at org.apache.ratis.thirdparty.io.netty.channel.nio.AbstractNioChannel$AbstractNioUnsafe.finishConnect(AbstractNioChannel.java:340)
	at org.apache.ratis.thirdparty.io.netty.channel.nio.NioEventLoop.processSelectedKey(NioEventLoop.java:632)
	at org.apache.ratis.thirdparty.io.netty.channel.nio.NioEventLoop.processSelectedKeysOptimized(NioEventLoop.java:579)
	at org.apache.ratis.thirdparty.io.netty.channel.nio.NioEventLoop.processSelectedKeys(NioEventLoop.java:496)
	at org.apache.ratis.thirdparty.io.netty.channel.nio.NioEventLoop.run(NioEventLoop.java:458)
	at org.apache.ratis.thirdparty.io.netty.util.concurrent.SingleThreadEventExecutor$5.run(SingleThreadEventExecutor.java:897)
	at org.apache.ratis.thirdparty.io.netty.util.concurrent.FastThreadLocalRunnable.run(FastThreadLocalRunnable.java:30)
	... 1 more
Caused by: java.net.ConnectException: Connection refused
	... 11 more
2019-10-14 14:42:50,504 [caa892f0-76ff-4c1e-b30f-b7c59842badc@group-E0B7C1D5C8D3:LeaderElection71] INFO  impl.LeaderElection (LogUtils.java:infoOrTrace(149)) - caa892f0-76ff-4c1e-b30f-b7c59842badc@group-E0B7C1D5C8D3:LeaderElection71 got exception when requesting votes: {}
java.util.concurrent.ExecutionException: org.apache.ratis.thirdparty.io.grpc.StatusRuntimeException: UNAVAILABLE: io exception
	at java.util.concurrent.FutureTask.report(FutureTask.java:122)
	at java.util.concurrent.FutureTask.get(FutureTask.java:192)
	at org.apache.ratis.server.impl.LeaderElection.waitForResults(LeaderElection.java:263)
	at org.apache.ratis.server.impl.LeaderElection.askForVotes(LeaderElection.java:201)
	at org.apache.ratis.server.impl.LeaderElection.run(LeaderElection.java:133)
	at java.lang.Thread.run(Thread.java:748)
Caused by: org.apache.ratis.thirdparty.io.grpc.StatusRuntimeException: UNAVAILABLE: io exception
	at org.apache.ratis.thirdparty.io.grpc.stub.ClientCalls.toStatusRuntimeException(ClientCalls.java:233)
	at org.apache.ratis.thirdparty.io.grpc.stub.ClientCalls.getUnchecked(ClientCalls.java:214)
	at org.apache.ratis.thirdparty.io.grpc.stub.ClientCalls.blockingUnaryCall(ClientCalls.java:139)
	at org.apache.ratis.proto.grpc.RaftServerProtocolServiceGrpc$RaftServerProtocolServiceBlockingStub.requestVote(RaftServerProtocolServiceGrpc.java:265)
	at org.apache.ratis.grpc.server.GrpcServerProtocolClient.requestVote(GrpcServerProtocolClient.java:90)
	at org.apache.ratis.grpc.server.GrpcService.requestVote(GrpcService.java:204)
	at org.apache.ratis.server.impl.LeaderElection.lambda$submitRequests$1(LeaderElection.java:238)
	at java.util.concurrent.FutureTask.run(FutureTask.java:266)
	at java.util.concurrent.Executors$RunnableAdapter.call(Executors.java:511)
	at java.util.concurrent.FutureTask.run(FutureTask.java:266)
	at java.util.concurrent.ThreadPoolExecutor.runWorker(ThreadPoolExecutor.java:1149)
	at java.util.concurrent.ThreadPoolExecutor$Worker.run(ThreadPoolExecutor.java:624)
	... 1 more
Caused by: org.apache.ratis.thirdparty.io.netty.channel.AbstractChannel$AnnotatedConnectException: Connection refused: /192.168.5.159:45599
	at sun.nio.ch.SocketChannelImpl.checkConnect(Native Method)
	at sun.nio.ch.SocketChannelImpl.finishConnect(SocketChannelImpl.java:717)
	at org.apache.ratis.thirdparty.io.netty.channel.socket.nio.NioSocketChannel.doFinishConnect(NioSocketChannel.java:327)
	at org.apache.ratis.thirdparty.io.netty.channel.nio.AbstractNioChannel$AbstractNioUnsafe.finishConnect(AbstractNioChannel.java:340)
	at org.apache.ratis.thirdparty.io.netty.channel.nio.NioEventLoop.processSelectedKey(NioEventLoop.java:632)
	at org.apache.ratis.thirdparty.io.netty.channel.nio.NioEventLoop.processSelectedKeysOptimized(NioEventLoop.java:579)
	at org.apache.ratis.thirdparty.io.netty.channel.nio.NioEventLoop.processSelectedKeys(NioEventLoop.java:496)
	at org.apache.ratis.thirdparty.io.netty.channel.nio.NioEventLoop.run(NioEventLoop.java:458)
	at org.apache.ratis.thirdparty.io.netty.util.concurrent.SingleThreadEventExecutor$5.run(SingleThreadEventExecutor.java:897)
	at org.apache.ratis.thirdparty.io.netty.util.concurrent.FastThreadLocalRunnable.run(FastThreadLocalRunnable.java:30)
	... 1 more
Caused by: java.net.ConnectException: Connection refused
	... 11 more
2019-10-14 14:42:50,505 [caa892f0-76ff-4c1e-b30f-b7c59842badc@group-E0B7C1D5C8D3:LeaderElection71] INFO  impl.LeaderElection (LeaderElection.java:logAndReturn(56)) - caa892f0-76ff-4c1e-b30f-b7c59842badc@group-E0B7C1D5C8D3:LeaderElection71: Election REJECTED; received 0 response(s) [] and 2 exception(s); caa892f0-76ff-4c1e-b30f-b7c59842badc@group-E0B7C1D5C8D3:t18, leader=null, voted=caa892f0-76ff-4c1e-b30f-b7c59842badc, raftlog=caa892f0-76ff-4c1e-b30f-b7c59842badc@group-E0B7C1D5C8D3-SegmentedRaftLog:OPENED:c0,f0,i0, conf=0: [07a15819-e4fc-4072-82ac-b3e77a99d12a:192.168.5.159:45599, f9748ec4-5d8a-4dfc-8690-85b8cdac3f5d:192.168.5.159:44598, caa892f0-76ff-4c1e-b30f-b7c59842badc:192.168.5.159:39406], old=null
2019-10-14 14:42:50,505 [caa892f0-76ff-4c1e-b30f-b7c59842badc@group-E0B7C1D5C8D3:LeaderElection71] INFO  impl.LeaderElection (LogUtils.java:infoOrTrace(149)) -   Exception 0: {}
java.util.concurrent.ExecutionException: org.apache.ratis.thirdparty.io.grpc.StatusRuntimeException: UNAVAILABLE: io exception
	at java.util.concurrent.FutureTask.report(FutureTask.java:122)
	at java.util.concurrent.FutureTask.get(FutureTask.java:192)
	at org.apache.ratis.server.impl.LeaderElection.waitForResults(LeaderElection.java:263)
	at org.apache.ratis.server.impl.LeaderElection.askForVotes(LeaderElection.java:201)
	at org.apache.ratis.server.impl.LeaderElection.run(LeaderElection.java:133)
	at java.lang.Thread.run(Thread.java:748)
Caused by: org.apache.ratis.thirdparty.io.grpc.StatusRuntimeException: UNAVAILABLE: io exception
	at org.apache.ratis.thirdparty.io.grpc.stub.ClientCalls.toStatusRuntimeException(ClientCalls.java:233)
	at org.apache.ratis.thirdparty.io.grpc.stub.ClientCalls.getUnchecked(ClientCalls.java:214)
	at org.apache.ratis.thirdparty.io.grpc.stub.ClientCalls.blockingUnaryCall(ClientCalls.java:139)
	at org.apache.ratis.proto.grpc.RaftServerProtocolServiceGrpc$RaftServerProtocolServiceBlockingStub.requestVote(RaftServerProtocolServiceGrpc.java:265)
	at org.apache.ratis.grpc.server.GrpcServerProtocolClient.requestVote(GrpcServerProtocolClient.java:90)
	at org.apache.ratis.grpc.server.GrpcService.requestVote(GrpcService.java:204)
	at org.apache.ratis.server.impl.LeaderElection.lambda$submitRequests$1(LeaderElection.java:238)
	at java.util.concurrent.FutureTask.run(FutureTask.java:266)
	at java.util.concurrent.Executors$RunnableAdapter.call(Executors.java:511)
	at java.util.concurrent.FutureTask.run(FutureTask.java:266)
	at java.util.concurrent.ThreadPoolExecutor.runWorker(ThreadPoolExecutor.java:1149)
	at java.util.concurrent.ThreadPoolExecutor$Worker.run(ThreadPoolExecutor.java:624)
	... 1 more
Caused by: org.apache.ratis.thirdparty.io.netty.channel.AbstractChannel$AnnotatedConnectException: Connection refused: /192.168.5.159:44598
	at sun.nio.ch.SocketChannelImpl.checkConnect(Native Method)
	at sun.nio.ch.SocketChannelImpl.finishConnect(SocketChannelImpl.java:717)
	at org.apache.ratis.thirdparty.io.netty.channel.socket.nio.NioSocketChannel.doFinishConnect(NioSocketChannel.java:327)
	at org.apache.ratis.thirdparty.io.netty.channel.nio.AbstractNioChannel$AbstractNioUnsafe.finishConnect(AbstractNioChannel.java:340)
	at org.apache.ratis.thirdparty.io.netty.channel.nio.NioEventLoop.processSelectedKey(NioEventLoop.java:632)
	at org.apache.ratis.thirdparty.io.netty.channel.nio.NioEventLoop.processSelectedKeysOptimized(NioEventLoop.java:579)
	at org.apache.ratis.thirdparty.io.netty.channel.nio.NioEventLoop.processSelectedKeys(NioEventLoop.java:496)
	at org.apache.ratis.thirdparty.io.netty.channel.nio.NioEventLoop.run(NioEventLoop.java:458)
	at org.apache.ratis.thirdparty.io.netty.util.concurrent.SingleThreadEventExecutor$5.run(SingleThreadEventExecutor.java:897)
	at org.apache.ratis.thirdparty.io.netty.util.concurrent.FastThreadLocalRunnable.run(FastThreadLocalRunnable.java:30)
	... 1 more
Caused by: java.net.ConnectException: Connection refused
	... 11 more
2019-10-14 14:42:50,505 [caa892f0-76ff-4c1e-b30f-b7c59842badc@group-E0B7C1D5C8D3:LeaderElection71] INFO  impl.LeaderElection (LogUtils.java:infoOrTrace(149)) -   Exception 1: {}
java.util.concurrent.ExecutionException: org.apache.ratis.thirdparty.io.grpc.StatusRuntimeException: UNAVAILABLE: io exception
	at java.util.concurrent.FutureTask.report(FutureTask.java:122)
	at java.util.concurrent.FutureTask.get(FutureTask.java:192)
	at org.apache.ratis.server.impl.LeaderElection.waitForResults(LeaderElection.java:263)
	at org.apache.ratis.server.impl.LeaderElection.askForVotes(LeaderElection.java:201)
	at org.apache.ratis.server.impl.LeaderElection.run(LeaderElection.java:133)
	at java.lang.Thread.run(Thread.java:748)
Caused by: org.apache.ratis.thirdparty.io.grpc.StatusRuntimeException: UNAVAILABLE: io exception
	at org.apache.ratis.thirdparty.io.grpc.stub.ClientCalls.toStatusRuntimeException(ClientCalls.java:233)
	at org.apache.ratis.thirdparty.io.grpc.stub.ClientCalls.getUnchecked(ClientCalls.java:214)
	at org.apache.ratis.thirdparty.io.grpc.stub.ClientCalls.blockingUnaryCall(ClientCalls.java:139)
	at org.apache.ratis.proto.grpc.RaftServerProtocolServiceGrpc$RaftServerProtocolServiceBlockingStub.requestVote(RaftServerProtocolServiceGrpc.java:265)
	at org.apache.ratis.grpc.server.GrpcServerProtocolClient.requestVote(GrpcServerProtocolClient.java:90)
	at org.apache.ratis.grpc.server.GrpcService.requestVote(GrpcService.java:204)
	at org.apache.ratis.server.impl.LeaderElection.lambda$submitRequests$1(LeaderElection.java:238)
	at java.util.concurrent.FutureTask.run(FutureTask.java:266)
	at java.util.concurrent.Executors$RunnableAdapter.call(Executors.java:511)
	at java.util.concurrent.FutureTask.run(FutureTask.java:266)
	at java.util.concurrent.ThreadPoolExecutor.runWorker(ThreadPoolExecutor.java:1149)
	at java.util.concurrent.ThreadPoolExecutor$Worker.run(ThreadPoolExecutor.java:624)
	... 1 more
Caused by: org.apache.ratis.thirdparty.io.netty.channel.AbstractChannel$AnnotatedConnectException: Connection refused: /192.168.5.159:45599
	at sun.nio.ch.SocketChannelImpl.checkConnect(Native Method)
	at sun.nio.ch.SocketChannelImpl.finishConnect(SocketChannelImpl.java:717)
	at org.apache.ratis.thirdparty.io.netty.channel.socket.nio.NioSocketChannel.doFinishConnect(NioSocketChannel.java:327)
	at org.apache.ratis.thirdparty.io.netty.channel.nio.AbstractNioChannel$AbstractNioUnsafe.finishConnect(AbstractNioChannel.java:340)
	at org.apache.ratis.thirdparty.io.netty.channel.nio.NioEventLoop.processSelectedKey(NioEventLoop.java:632)
	at org.apache.ratis.thirdparty.io.netty.channel.nio.NioEventLoop.processSelectedKeysOptimized(NioEventLoop.java:579)
	at org.apache.ratis.thirdparty.io.netty.channel.nio.NioEventLoop.processSelectedKeys(NioEventLoop.java:496)
	at org.apache.ratis.thirdparty.io.netty.channel.nio.NioEventLoop.run(NioEventLoop.java:458)
	at org.apache.ratis.thirdparty.io.netty.util.concurrent.SingleThreadEventExecutor$5.run(SingleThreadEventExecutor.java:897)
	at org.apache.ratis.thirdparty.io.netty.util.concurrent.FastThreadLocalRunnable.run(FastThreadLocalRunnable.java:30)
	... 1 more
Caused by: java.net.ConnectException: Connection refused
	... 11 more
2019-10-14 14:42:50,506 [caa892f0-76ff-4c1e-b30f-b7c59842badc@group-E0B7C1D5C8D3:LeaderElection71] INFO  impl.RaftServerImpl (RaftServerImpl.java:setRole(174)) - caa892f0-76ff-4c1e-b30f-b7c59842badc@group-E0B7C1D5C8D3: changes role from CANDIDATE to FOLLOWER at term 18 for DISCOVERED_A_NEW_TERM
2019-10-14 14:42:50,506 [caa892f0-76ff-4c1e-b30f-b7c59842badc@group-E0B7C1D5C8D3:LeaderElection71] INFO  impl.RoleInfo (RoleInfo.java:shutdownLeaderElection(134)) - caa892f0-76ff-4c1e-b30f-b7c59842badc: shutdown LeaderElection
2019-10-14 14:42:50,506 [caa892f0-76ff-4c1e-b30f-b7c59842badc@group-E0B7C1D5C8D3:LeaderElection71] INFO  impl.RoleInfo (RoleInfo.java:updateAndGet(143)) - caa892f0-76ff-4c1e-b30f-b7c59842badc: start FollowerState
2019-10-14 14:42:50,801 [grpc-default-executor-0] WARN  server.GrpcLogAppender (LogUtils.java:warn(134)) - caa892f0-76ff-4c1e-b30f-b7c59842badc@group-382452901537->07a15819-e4fc-4072-82ac-b3e77a99d12a-AppendLogResponseHandler: Failed appendEntries: org.apache.ratis.thirdparty.io.grpc.StatusRuntimeException: UNAVAILABLE: io exception
2019-10-14 14:42:50,802 [grpc-default-executor-0] INFO  impl.FollowerInfo (FollowerInfo.java:lambda$new$0(51)) - caa892f0-76ff-4c1e-b30f-b7c59842badc@group-382452901537->07a15819-e4fc-4072-82ac-b3e77a99d12a: nextIndex: updateUnconditionally 0 -> 0
2019-10-14 14:42:50,836 [grpc-default-executor-0] WARN  server.GrpcLogAppender (LogUtils.java:warn(134)) - caa892f0-76ff-4c1e-b30f-b7c59842badc@group-382452901537->f9748ec4-5d8a-4dfc-8690-85b8cdac3f5d-AppendLogResponseHandler: Failed appendEntries: org.apache.ratis.thirdparty.io.grpc.StatusRuntimeException: UNAVAILABLE: io exception
2019-10-14 14:42:50,836 [grpc-default-executor-0] INFO  impl.FollowerInfo (FollowerInfo.java:lambda$new$0(51)) - caa892f0-76ff-4c1e-b30f-b7c59842badc@group-382452901537->f9748ec4-5d8a-4dfc-8690-85b8cdac3f5d: nextIndex: updateUnconditionally 0 -> 0
2019-10-14 14:42:50,852 [grpc-default-executor-8] WARN  server.GrpcLogAppender (LogUtils.java:warn(134)) - caa892f0-76ff-4c1e-b30f-b7c59842badc@group-026CFA11C8A1->07a15819-e4fc-4072-82ac-b3e77a99d12a-AppendLogResponseHandler: Failed appendEntries: org.apache.ratis.thirdparty.io.grpc.StatusRuntimeException: UNAVAILABLE: io exception
2019-10-14 14:42:50,852 [grpc-default-executor-8] INFO  impl.FollowerInfo (FollowerInfo.java:lambda$new$0(51)) - caa892f0-76ff-4c1e-b30f-b7c59842badc@group-026CFA11C8A1->07a15819-e4fc-4072-82ac-b3e77a99d12a: nextIndex: updateUnconditionally 0 -> 0
2019-10-14 14:42:50,903 [grpc-default-executor-8] WARN  server.GrpcLogAppender (LogUtils.java:warn(134)) - caa892f0-76ff-4c1e-b30f-b7c59842badc@group-026CFA11C8A1->f9748ec4-5d8a-4dfc-8690-85b8cdac3f5d-AppendLogResponseHandler: Failed appendEntries: org.apache.ratis.thirdparty.io.grpc.StatusRuntimeException: UNAVAILABLE: io exception
2019-10-14 14:42:50,903 [grpc-default-executor-8] INFO  impl.FollowerInfo (FollowerInfo.java:lambda$new$0(51)) - caa892f0-76ff-4c1e-b30f-b7c59842badc@group-026CFA11C8A1->f9748ec4-5d8a-4dfc-8690-85b8cdac3f5d: nextIndex: updateUnconditionally 0 -> 0
2019-10-14 14:42:51,304 [grpc-default-executor-8] WARN  server.GrpcLogAppender (LogUtils.java:warn(134)) - caa892f0-76ff-4c1e-b30f-b7c59842badc@group-382452901537->07a15819-e4fc-4072-82ac-b3e77a99d12a-AppendLogResponseHandler: Failed appendEntries: org.apache.ratis.thirdparty.io.grpc.StatusRuntimeException: UNAVAILABLE: io exception
2019-10-14 14:42:51,304 [grpc-default-executor-8] INFO  impl.FollowerInfo (FollowerInfo.java:lambda$new$0(51)) - caa892f0-76ff-4c1e-b30f-b7c59842badc@group-382452901537->07a15819-e4fc-4072-82ac-b3e77a99d12a: nextIndex: updateUnconditionally 0 -> 0
2019-10-14 14:42:51,311 [main] WARN  io.KeyOutputStream (KeyOutputStream.java:handleException(274)) - Encountered exception java.io.IOException: Unexpected Storage Container Exception: java.util.concurrent.CompletionException: java.util.concurrent.CompletionException: org.apache.ratis.protocol.RaftRetryFailureException: Failed RaftClientRequest:client-7D89E0AAA964->f9748ec4-5d8a-4dfc-8690-85b8cdac3f5d@group-EA752D978E74, cid=40, seq=9*, RW, org.apache.hadoop.hdds.scm.XceiverClientRatis$$Lambda$655/1445384588@1c562412 for 20 attempts with RetryLimited(maxAttempts=20, sleepTime=1000ms) on the pipeline Pipeline[ Id: b3ee6bb5-4f08-43b7-8ba8-ea752d978e74, Nodes: 07a15819-e4fc-4072-82ac-b3e77a99d12a{ip: 192.168.5.159, host: pr-hdds-1569-fwkxq-874464227, networkLocation: /default-rack, certSerialId: null}f9748ec4-5d8a-4dfc-8690-85b8cdac3f5d{ip: 192.168.5.159, host: pr-hdds-1569-fwkxq-874464227, networkLocation: /default-rack, certSerialId: null}caa892f0-76ff-4c1e-b30f-b7c59842badc{ip: 192.168.5.159, host: pr-hdds-1569-fwkxq-874464227, networkLocation: /default-rack, certSerialId: null}, Type:RATIS, Factor:THREE, State:OPEN]. The last committed block length is 450, uncommitted data length is 350 retry count 0
2019-10-14 14:42:51,343 [grpc-default-executor-3] WARN  server.GrpcLogAppender (LogUtils.java:warn(134)) - caa892f0-76ff-4c1e-b30f-b7c59842badc@group-382452901537->f9748ec4-5d8a-4dfc-8690-85b8cdac3f5d-AppendLogResponseHandler: Failed appendEntries: org.apache.ratis.thirdparty.io.grpc.StatusRuntimeException: UNAVAILABLE: io exception
2019-10-14 14:42:51,343 [grpc-default-executor-3] INFO  impl.FollowerInfo (FollowerInfo.java:lambda$new$0(51)) - caa892f0-76ff-4c1e-b30f-b7c59842badc@group-382452901537->f9748ec4-5d8a-4dfc-8690-85b8cdac3f5d: nextIndex: updateUnconditionally 0 -> 0
2019-10-14 14:42:51,353 [grpc-default-executor-3] WARN  server.GrpcLogAppender (LogUtils.java:warn(134)) - caa892f0-76ff-4c1e-b30f-b7c59842badc@group-026CFA11C8A1->07a15819-e4fc-4072-82ac-b3e77a99d12a-AppendLogResponseHandler: Failed appendEntries: org.apache.ratis.thirdparty.io.grpc.StatusRuntimeException: UNAVAILABLE: io exception
2019-10-14 14:42:51,353 [grpc-default-executor-3] INFO  impl.FollowerInfo (FollowerInfo.java:lambda$new$0(51)) - caa892f0-76ff-4c1e-b30f-b7c59842badc@group-026CFA11C8A1->07a15819-e4fc-4072-82ac-b3e77a99d12a: nextIndex: updateUnconditionally 0 -> 0
2019-10-14 14:42:51,362 [grpc-default-executor-8] WARN  server.GrpcLogAppender (LogUtils.java:warn(134)) - caa892f0-76ff-4c1e-b30f-b7c59842badc@group-026CFA11C8A1->f9748ec4-5d8a-4dfc-8690-85b8cdac3f5d-AppendLogResponseHandler: Failed appendEntries: org.apache.ratis.thirdparty.io.grpc.StatusRuntimeException: UNAVAILABLE: io exception
2019-10-14 14:42:51,362 [grpc-default-executor-7] WARN  server.GrpcLogAppender (LogUtils.java:warn(134)) - caa892f0-76ff-4c1e-b30f-b7c59842badc@group-026CFA11C8A1->07a15819-e4fc-4072-82ac-b3e77a99d12a-AppendLogResponseHandler: Failed appendEntries: org.apache.ratis.thirdparty.io.grpc.StatusRuntimeException: UNAVAILABLE: io exception
2019-10-14 14:42:51,362 [grpc-default-executor-8] INFO  impl.FollowerInfo (FollowerInfo.java:lambda$new$0(51)) - caa892f0-76ff-4c1e-b30f-b7c59842badc@group-026CFA11C8A1->f9748ec4-5d8a-4dfc-8690-85b8cdac3f5d: nextIndex: updateUnconditionally 1 -> 0
2019-10-14 14:42:51,362 [grpc-default-executor-7] INFO  impl.FollowerInfo (FollowerInfo.java:lambda$new$0(51)) - caa892f0-76ff-4c1e-b30f-b7c59842badc@group-026CFA11C8A1->07a15819-e4fc-4072-82ac-b3e77a99d12a: nextIndex: updateUnconditionally 1 -> 0
2019-10-14 14:42:51,560 [Thread-1344] INFO  impl.FollowerState (FollowerState.java:run(106)) - caa892f0-76ff-4c1e-b30f-b7c59842badc:group-E0B7C1D5C8D3 changes to CANDIDATE, lastRpcTime:1053, electionTimeout:1053ms
2019-10-14 14:42:51,560 [Thread-1344] INFO  impl.RoleInfo (RoleInfo.java:shutdownFollowerState(121)) - caa892f0-76ff-4c1e-b30f-b7c59842badc: shutdown FollowerState
2019-10-14 14:42:51,560 [Thread-1344] INFO  impl.RaftServerImpl (RaftServerImpl.java:setRole(174)) - caa892f0-76ff-4c1e-b30f-b7c59842badc@group-E0B7C1D5C8D3: changes role from  FOLLOWER to CANDIDATE at term 18 for changeToCandidate
2019-10-14 14:42:51,560 [Thread-1344] INFO  impl.RoleInfo (RoleInfo.java:updateAndGet(143)) - caa892f0-76ff-4c1e-b30f-b7c59842badc: start LeaderElection
2019-10-14 14:42:51,574 [caa892f0-76ff-4c1e-b30f-b7c59842badc@group-E0B7C1D5C8D3:LeaderElection72] INFO  impl.LeaderElection (LeaderElection.java:askForVotes(182)) - caa892f0-76ff-4c1e-b30f-b7c59842badc@group-E0B7C1D5C8D3:LeaderElection72: begin an election at term 19 for 0: [07a15819-e4fc-4072-82ac-b3e77a99d12a:192.168.5.159:45599, f9748ec4-5d8a-4dfc-8690-85b8cdac3f5d:192.168.5.159:44598, caa892f0-76ff-4c1e-b30f-b7c59842badc:192.168.5.159:39406], old=null
2019-10-14 14:42:51,576 [caa892f0-76ff-4c1e-b30f-b7c59842badc@group-E0B7C1D5C8D3:LeaderElection72] INFO  impl.LeaderElection (LogUtils.java:infoOrTrace(149)) - caa892f0-76ff-4c1e-b30f-b7c59842badc@group-E0B7C1D5C8D3:LeaderElection72 got exception when requesting votes: {}
java.util.concurrent.ExecutionException: org.apache.ratis.thirdparty.io.grpc.StatusRuntimeException: UNAVAILABLE: io exception
	at java.util.concurrent.FutureTask.report(FutureTask.java:122)
	at java.util.concurrent.FutureTask.get(FutureTask.java:192)
	at org.apache.ratis.server.impl.LeaderElection.waitForResults(LeaderElection.java:263)
	at org.apache.ratis.server.impl.LeaderElection.askForVotes(LeaderElection.java:201)
	at org.apache.ratis.server.impl.LeaderElection.run(LeaderElection.java:133)
	at java.lang.Thread.run(Thread.java:748)
Caused by: org.apache.ratis.thirdparty.io.grpc.StatusRuntimeException: UNAVAILABLE: io exception
	at org.apache.ratis.thirdparty.io.grpc.stub.ClientCalls.toStatusRuntimeException(ClientCalls.java:233)
	at org.apache.ratis.thirdparty.io.grpc.stub.ClientCalls.getUnchecked(ClientCalls.java:214)
	at org.apache.ratis.thirdparty.io.grpc.stub.ClientCalls.blockingUnaryCall(ClientCalls.java:139)
	at org.apache.ratis.proto.grpc.RaftServerProtocolServiceGrpc$RaftServerProtocolServiceBlockingStub.requestVote(RaftServerProtocolServiceGrpc.java:265)
	at org.apache.ratis.grpc.server.GrpcServerProtocolClient.requestVote(GrpcServerProtocolClient.java:90)
	at org.apache.ratis.grpc.server.GrpcService.requestVote(GrpcService.java:204)
	at org.apache.ratis.server.impl.LeaderElection.lambda$submitRequests$1(LeaderElection.java:238)
	at java.util.concurrent.FutureTask.run(FutureTask.java:266)
	at java.util.concurrent.Executors$RunnableAdapter.call(Executors.java:511)
	at java.util.concurrent.FutureTask.run(FutureTask.java:266)
	at java.util.concurrent.ThreadPoolExecutor.runWorker(ThreadPoolExecutor.java:1149)
	at java.util.concurrent.ThreadPoolExecutor$Worker.run(ThreadPoolExecutor.java:624)
	... 1 more
Caused by: org.apache.ratis.thirdparty.io.netty.channel.AbstractChannel$AnnotatedConnectException: Connection refused: /192.168.5.159:44598
	at sun.nio.ch.SocketChannelImpl.checkConnect(Native Method)
	at sun.nio.ch.SocketChannelImpl.finishConnect(SocketChannelImpl.java:717)
	at org.apache.ratis.thirdparty.io.netty.channel.socket.nio.NioSocketChannel.doFinishConnect(NioSocketChannel.java:327)
	at org.apache.ratis.thirdparty.io.netty.channel.nio.AbstractNioChannel$AbstractNioUnsafe.finishConnect(AbstractNioChannel.java:340)
	at org.apache.ratis.thirdparty.io.netty.channel.nio.NioEventLoop.processSelectedKey(NioEventLoop.java:632)
	at org.apache.ratis.thirdparty.io.netty.channel.nio.NioEventLoop.processSelectedKeysOptimized(NioEventLoop.java:579)
	at org.apache.ratis.thirdparty.io.netty.channel.nio.NioEventLoop.processSelectedKeys(NioEventLoop.java:496)
	at org.apache.ratis.thirdparty.io.netty.channel.nio.NioEventLoop.run(NioEventLoop.java:458)
	at org.apache.ratis.thirdparty.io.netty.util.concurrent.SingleThreadEventExecutor$5.run(SingleThreadEventExecutor.java:897)
	at org.apache.ratis.thirdparty.io.netty.util.concurrent.FastThreadLocalRunnable.run(FastThreadLocalRunnable.java:30)
	... 1 more
Caused by: java.net.ConnectException: Connection refused
	... 11 more
2019-10-14 14:42:51,576 [caa892f0-76ff-4c1e-b30f-b7c59842badc@group-E0B7C1D5C8D3:LeaderElection72] INFO  impl.LeaderElection (LogUtils.java:infoOrTrace(149)) - caa892f0-76ff-4c1e-b30f-b7c59842badc@group-E0B7C1D5C8D3:LeaderElection72 got exception when requesting votes: {}
java.util.concurrent.ExecutionException: org.apache.ratis.thirdparty.io.grpc.StatusRuntimeException: UNAVAILABLE: io exception
	at java.util.concurrent.FutureTask.report(FutureTask.java:122)
	at java.util.concurrent.FutureTask.get(FutureTask.java:192)
	at org.apache.ratis.server.impl.LeaderElection.waitForResults(LeaderElection.java:263)
	at org.apache.ratis.server.impl.LeaderElection.askForVotes(LeaderElection.java:201)
	at org.apache.ratis.server.impl.LeaderElection.run(LeaderElection.java:133)
	at java.lang.Thread.run(Thread.java:748)
Caused by: org.apache.ratis.thirdparty.io.grpc.StatusRuntimeException: UNAVAILABLE: io exception
	at org.apache.ratis.thirdparty.io.grpc.stub.ClientCalls.toStatusRuntimeException(ClientCalls.java:233)
	at org.apache.ratis.thirdparty.io.grpc.stub.ClientCalls.getUnchecked(ClientCalls.java:214)
	at org.apache.ratis.thirdparty.io.grpc.stub.ClientCalls.blockingUnaryCall(ClientCalls.java:139)
	at org.apache.ratis.proto.grpc.RaftServerProtocolServiceGrpc$RaftServerProtocolServiceBlockingStub.requestVote(RaftServerProtocolServiceGrpc.java:265)
	at org.apache.ratis.grpc.server.GrpcServerProtocolClient.requestVote(GrpcServerProtocolClient.java:90)
	at org.apache.ratis.grpc.server.GrpcService.requestVote(GrpcService.java:204)
	at org.apache.ratis.server.impl.LeaderElection.lambda$submitRequests$1(LeaderElection.java:238)
	at java.util.concurrent.FutureTask.run(FutureTask.java:266)
	at java.util.concurrent.Executors$RunnableAdapter.call(Executors.java:511)
	at java.util.concurrent.FutureTask.run(FutureTask.java:266)
	at java.util.concurrent.ThreadPoolExecutor.runWorker(ThreadPoolExecutor.java:1149)
	at java.util.concurrent.ThreadPoolExecutor$Worker.run(ThreadPoolExecutor.java:624)
	... 1 more
Caused by: org.apache.ratis.thirdparty.io.netty.channel.AbstractChannel$AnnotatedConnectException: Connection refused: /192.168.5.159:45599
	at sun.nio.ch.SocketChannelImpl.checkConnect(Native Method)
	at sun.nio.ch.SocketChannelImpl.finishConnect(SocketChannelImpl.java:717)
	at org.apache.ratis.thirdparty.io.netty.channel.socket.nio.NioSocketChannel.doFinishConnect(NioSocketChannel.java:327)
	at org.apache.ratis.thirdparty.io.netty.channel.nio.AbstractNioChannel$AbstractNioUnsafe.finishConnect(AbstractNioChannel.java:340)
	at org.apache.ratis.thirdparty.io.netty.channel.nio.NioEventLoop.processSelectedKey(NioEventLoop.java:632)
	at org.apache.ratis.thirdparty.io.netty.channel.nio.NioEventLoop.processSelectedKeysOptimized(NioEventLoop.java:579)
	at org.apache.ratis.thirdparty.io.netty.channel.nio.NioEventLoop.processSelectedKeys(NioEventLoop.java:496)
	at org.apache.ratis.thirdparty.io.netty.channel.nio.NioEventLoop.run(NioEventLoop.java:458)
	at org.apache.ratis.thirdparty.io.netty.util.concurrent.SingleThreadEventExecutor$5.run(SingleThreadEventExecutor.java:897)
	at org.apache.ratis.thirdparty.io.netty.util.concurrent.FastThreadLocalRunnable.run(FastThreadLocalRunnable.java:30)
	... 1 more
Caused by: java.net.ConnectException: Connection refused
	... 11 more
2019-10-14 14:42:51,577 [caa892f0-76ff-4c1e-b30f-b7c59842badc@group-E0B7C1D5C8D3:LeaderElection72] INFO  impl.LeaderElection (LeaderElection.java:logAndReturn(56)) - caa892f0-76ff-4c1e-b30f-b7c59842badc@group-E0B7C1D5C8D3:LeaderElection72: Election REJECTED; received 0 response(s) [] and 2 exception(s); caa892f0-76ff-4c1e-b30f-b7c59842badc@group-E0B7C1D5C8D3:t19, leader=null, voted=caa892f0-76ff-4c1e-b30f-b7c59842badc, raftlog=caa892f0-76ff-4c1e-b30f-b7c59842badc@group-E0B7C1D5C8D3-SegmentedRaftLog:OPENED:c0,f0,i0, conf=0: [07a15819-e4fc-4072-82ac-b3e77a99d12a:192.168.5.159:45599, f9748ec4-5d8a-4dfc-8690-85b8cdac3f5d:192.168.5.159:44598, caa892f0-76ff-4c1e-b30f-b7c59842badc:192.168.5.159:39406], old=null
2019-10-14 14:42:51,577 [caa892f0-76ff-4c1e-b30f-b7c59842badc@group-E0B7C1D5C8D3:LeaderElection72] INFO  impl.LeaderElection (LogUtils.java:infoOrTrace(149)) -   Exception 0: {}
java.util.concurrent.ExecutionException: org.apache.ratis.thirdparty.io.grpc.StatusRuntimeException: UNAVAILABLE: io exception
	at java.util.concurrent.FutureTask.report(FutureTask.java:122)
	at java.util.concurrent.FutureTask.get(FutureTask.java:192)
	at org.apache.ratis.server.impl.LeaderElection.waitForResults(LeaderElection.java:263)
	at org.apache.ratis.server.impl.LeaderElection.askForVotes(LeaderElection.java:201)
	at org.apache.ratis.server.impl.LeaderElection.run(LeaderElection.java:133)
	at java.lang.Thread.run(Thread.java:748)
Caused by: org.apache.ratis.thirdparty.io.grpc.StatusRuntimeException: UNAVAILABLE: io exception
	at org.apache.ratis.thirdparty.io.grpc.stub.ClientCalls.toStatusRuntimeException(ClientCalls.java:233)
	at org.apache.ratis.thirdparty.io.grpc.stub.ClientCalls.getUnchecked(ClientCalls.java:214)
	at org.apache.ratis.thirdparty.io.grpc.stub.ClientCalls.blockingUnaryCall(ClientCalls.java:139)
	at org.apache.ratis.proto.grpc.RaftServerProtocolServiceGrpc$RaftServerProtocolServiceBlockingStub.requestVote(RaftServerProtocolServiceGrpc.java:265)
	at org.apache.ratis.grpc.server.GrpcServerProtocolClient.requestVote(GrpcServerProtocolClient.java:90)
	at org.apache.ratis.grpc.server.GrpcService.requestVote(GrpcService.java:204)
	at org.apache.ratis.server.impl.LeaderElection.lambda$submitRequests$1(LeaderElection.java:238)
	at java.util.concurrent.FutureTask.run(FutureTask.java:266)
	at java.util.concurrent.Executors$RunnableAdapter.call(Executors.java:511)
	at java.util.concurrent.FutureTask.run(FutureTask.java:266)
	at java.util.concurrent.ThreadPoolExecutor.runWorker(ThreadPoolExecutor.java:1149)
	at java.util.concurrent.ThreadPoolExecutor$Worker.run(ThreadPoolExecutor.java:624)
	... 1 more
Caused by: org.apache.ratis.thirdparty.io.netty.channel.AbstractChannel$AnnotatedConnectException: Connection refused: /192.168.5.159:44598
	at sun.nio.ch.SocketChannelImpl.checkConnect(Native Method)
	at sun.nio.ch.SocketChannelImpl.finishConnect(SocketChannelImpl.java:717)
	at org.apache.ratis.thirdparty.io.netty.channel.socket.nio.NioSocketChannel.doFinishConnect(NioSocketChannel.java:327)
	at org.apache.ratis.thirdparty.io.netty.channel.nio.AbstractNioChannel$AbstractNioUnsafe.finishConnect(AbstractNioChannel.java:340)
	at org.apache.ratis.thirdparty.io.netty.channel.nio.NioEventLoop.processSelectedKey(NioEventLoop.java:632)
	at org.apache.ratis.thirdparty.io.netty.channel.nio.NioEventLoop.processSelectedKeysOptimized(NioEventLoop.java:579)
	at org.apache.ratis.thirdparty.io.netty.channel.nio.NioEventLoop.processSelectedKeys(NioEventLoop.java:496)
	at org.apache.ratis.thirdparty.io.netty.channel.nio.NioEventLoop.run(NioEventLoop.java:458)
	at org.apache.ratis.thirdparty.io.netty.util.concurrent.SingleThreadEventExecutor$5.run(SingleThreadEventExecutor.java:897)
	at org.apache.ratis.thirdparty.io.netty.util.concurrent.FastThreadLocalRunnable.run(FastThreadLocalRunnable.java:30)
	... 1 more
Caused by: java.net.ConnectException: Connection refused
	... 11 more
2019-10-14 14:42:51,577 [caa892f0-76ff-4c1e-b30f-b7c59842badc@group-E0B7C1D5C8D3:LeaderElection72] INFO  impl.LeaderElection (LogUtils.java:infoOrTrace(149)) -   Exception 1: {}
java.util.concurrent.ExecutionException: org.apache.ratis.thirdparty.io.grpc.StatusRuntimeException: UNAVAILABLE: io exception
	at java.util.concurrent.FutureTask.report(FutureTask.java:122)
	at java.util.concurrent.FutureTask.get(FutureTask.java:192)
	at org.apache.ratis.server.impl.LeaderElection.waitForResults(LeaderElection.java:263)
	at org.apache.ratis.server.impl.LeaderElection.askForVotes(LeaderElection.java:201)
	at org.apache.ratis.server.impl.LeaderElection.run(LeaderElection.java:133)
	at java.lang.Thread.run(Thread.java:748)
Caused by: org.apache.ratis.thirdparty.io.grpc.StatusRuntimeException: UNAVAILABLE: io exception
	at org.apache.ratis.thirdparty.io.grpc.stub.ClientCalls.toStatusRuntimeException(ClientCalls.java:233)
	at org.apache.ratis.thirdparty.io.grpc.stub.ClientCalls.getUnchecked(ClientCalls.java:214)
	at org.apache.ratis.thirdparty.io.grpc.stub.ClientCalls.blockingUnaryCall(ClientCalls.java:139)
	at org.apache.ratis.proto.grpc.RaftServerProtocolServiceGrpc$RaftServerProtocolServiceBlockingStub.requestVote(RaftServerProtocolServiceGrpc.java:265)
	at org.apache.ratis.grpc.server.GrpcServerProtocolClient.requestVote(GrpcServerProtocolClient.java:90)
	at org.apache.ratis.grpc.server.GrpcService.requestVote(GrpcService.java:204)
	at org.apache.ratis.server.impl.LeaderElection.lambda$submitRequests$1(LeaderElection.java:238)
	at java.util.concurrent.FutureTask.run(FutureTask.java:266)
	at java.util.concurrent.Executors$RunnableAdapter.call(Executors.java:511)
	at java.util.concurrent.FutureTask.run(FutureTask.java:266)
	at java.util.concurrent.ThreadPoolExecutor.runWorker(ThreadPoolExecutor.java:1149)
	at java.util.concurrent.ThreadPoolExecutor$Worker.run(ThreadPoolExecutor.java:624)
	... 1 more
Caused by: org.apache.ratis.thirdparty.io.netty.channel.AbstractChannel$AnnotatedConnectException: Connection refused: /192.168.5.159:45599
	at sun.nio.ch.SocketChannelImpl.checkConnect(Native Method)
	at sun.nio.ch.SocketChannelImpl.finishConnect(SocketChannelImpl.java:717)
	at org.apache.ratis.thirdparty.io.netty.channel.socket.nio.NioSocketChannel.doFinishConnect(NioSocketChannel.java:327)
	at org.apache.ratis.thirdparty.io.netty.channel.nio.AbstractNioChannel$AbstractNioUnsafe.finishConnect(AbstractNioChannel.java:340)
	at org.apache.ratis.thirdparty.io.netty.channel.nio.NioEventLoop.processSelectedKey(NioEventLoop.java:632)
	at org.apache.ratis.thirdparty.io.netty.channel.nio.NioEventLoop.processSelectedKeysOptimized(NioEventLoop.java:579)
	at org.apache.ratis.thirdparty.io.netty.channel.nio.NioEventLoop.processSelectedKeys(NioEventLoop.java:496)
	at org.apache.ratis.thirdparty.io.netty.channel.nio.NioEventLoop.run(NioEventLoop.java:458)
	at org.apache.ratis.thirdparty.io.netty.util.concurrent.SingleThreadEventExecutor$5.run(SingleThreadEventExecutor.java:897)
	at org.apache.ratis.thirdparty.io.netty.util.concurrent.FastThreadLocalRunnable.run(FastThreadLocalRunnable.java:30)
	... 1 more
Caused by: java.net.ConnectException: Connection refused
	... 11 more
2019-10-14 14:42:51,577 [caa892f0-76ff-4c1e-b30f-b7c59842badc@group-E0B7C1D5C8D3:LeaderElection72] INFO  impl.RaftServerImpl (RaftServerImpl.java:setRole(174)) - caa892f0-76ff-4c1e-b30f-b7c59842badc@group-E0B7C1D5C8D3: changes role from CANDIDATE to FOLLOWER at term 19 for DISCOVERED_A_NEW_TERM
2019-10-14 14:42:51,578 [caa892f0-76ff-4c1e-b30f-b7c59842badc@group-E0B7C1D5C8D3:LeaderElection72] INFO  impl.RoleInfo (RoleInfo.java:shutdownLeaderElection(134)) - caa892f0-76ff-4c1e-b30f-b7c59842badc: shutdown LeaderElection
2019-10-14 14:42:51,578 [caa892f0-76ff-4c1e-b30f-b7c59842badc@group-E0B7C1D5C8D3:LeaderElection72] INFO  impl.RoleInfo (RoleInfo.java:updateAndGet(143)) - caa892f0-76ff-4c1e-b30f-b7c59842badc: start FollowerState
2019-10-14 14:42:51,692 [Thread-1340] INFO  impl.FollowerState (FollowerState.java:run(106)) - caa892f0-76ff-4c1e-b30f-b7c59842badc:group-EA752D978E74 changes to CANDIDATE, lastRpcTime:1200, electionTimeout:1200ms
2019-10-14 14:42:51,692 [Thread-1340] INFO  impl.RoleInfo (RoleInfo.java:shutdownFollowerState(121)) - caa892f0-76ff-4c1e-b30f-b7c59842badc: shutdown FollowerState
2019-10-14 14:42:51,692 [Thread-1340] INFO  impl.RaftServerImpl (RaftServerImpl.java:setRole(174)) - caa892f0-76ff-4c1e-b30f-b7c59842badc@group-EA752D978E74: changes role from  FOLLOWER to CANDIDATE at term 17 for changeToCandidate
2019-10-14 14:42:51,692 [Thread-1340] INFO  impl.RoleInfo (RoleInfo.java:updateAndGet(143)) - caa892f0-76ff-4c1e-b30f-b7c59842badc: start LeaderElection
2019-10-14 14:42:51,696 [caa892f0-76ff-4c1e-b30f-b7c59842badc@group-EA752D978E74:LeaderElection73] INFO  impl.LeaderElection (LeaderElection.java:askForVotes(182)) - caa892f0-76ff-4c1e-b30f-b7c59842badc@group-EA752D978E74:LeaderElection73: begin an election at term 18 for 0: [07a15819-e4fc-4072-82ac-b3e77a99d12a:192.168.5.159:45599, f9748ec4-5d8a-4dfc-8690-85b8cdac3f5d:192.168.5.159:44598, caa892f0-76ff-4c1e-b30f-b7c59842badc:192.168.5.159:39406], old=null
2019-10-14 14:42:51,697 [caa892f0-76ff-4c1e-b30f-b7c59842badc@group-EA752D978E74:LeaderElection73] INFO  impl.LeaderElection (LogUtils.java:infoOrTrace(149)) - caa892f0-76ff-4c1e-b30f-b7c59842badc@group-EA752D978E74:LeaderElection73 got exception when requesting votes: {}
java.util.concurrent.ExecutionException: org.apache.ratis.thirdparty.io.grpc.StatusRuntimeException: UNAVAILABLE: io exception
	at java.util.concurrent.FutureTask.report(FutureTask.java:122)
	at java.util.concurrent.FutureTask.get(FutureTask.java:192)
	at org.apache.ratis.server.impl.LeaderElection.waitForResults(LeaderElection.java:263)
	at org.apache.ratis.server.impl.LeaderElection.askForVotes(LeaderElection.java:201)
	at org.apache.ratis.server.impl.LeaderElection.run(LeaderElection.java:133)
	at java.lang.Thread.run(Thread.java:748)
Caused by: org.apache.ratis.thirdparty.io.grpc.StatusRuntimeException: UNAVAILABLE: io exception
	at org.apache.ratis.thirdparty.io.grpc.stub.ClientCalls.toStatusRuntimeException(ClientCalls.java:233)
	at org.apache.ratis.thirdparty.io.grpc.stub.ClientCalls.getUnchecked(ClientCalls.java:214)
	at org.apache.ratis.thirdparty.io.grpc.stub.ClientCalls.blockingUnaryCall(ClientCalls.java:139)
	at org.apache.ratis.proto.grpc.RaftServerProtocolServiceGrpc$RaftServerProtocolServiceBlockingStub.requestVote(RaftServerProtocolServiceGrpc.java:265)
	at org.apache.ratis.grpc.server.GrpcServerProtocolClient.requestVote(GrpcServerProtocolClient.java:90)
	at org.apache.ratis.grpc.server.GrpcService.requestVote(GrpcService.java:204)
	at org.apache.ratis.server.impl.LeaderElection.lambda$submitRequests$1(LeaderElection.java:238)
	at java.util.concurrent.FutureTask.run(FutureTask.java:266)
	at java.util.concurrent.Executors$RunnableAdapter.call(Executors.java:511)
	at java.util.concurrent.FutureTask.run(FutureTask.java:266)
	at java.util.concurrent.ThreadPoolExecutor.runWorker(ThreadPoolExecutor.java:1149)
	at java.util.concurrent.ThreadPoolExecutor$Worker.run(ThreadPoolExecutor.java:624)
	... 1 more
Caused by: org.apache.ratis.thirdparty.io.netty.channel.AbstractChannel$AnnotatedConnectException: Connection refused: /192.168.5.159:45599
	at sun.nio.ch.SocketChannelImpl.checkConnect(Native Method)
	at sun.nio.ch.SocketChannelImpl.finishConnect(SocketChannelImpl.java:717)
	at org.apache.ratis.thirdparty.io.netty.channel.socket.nio.NioSocketChannel.doFinishConnect(NioSocketChannel.java:327)
	at org.apache.ratis.thirdparty.io.netty.channel.nio.AbstractNioChannel$AbstractNioUnsafe.finishConnect(AbstractNioChannel.java:340)
	at org.apache.ratis.thirdparty.io.netty.channel.nio.NioEventLoop.processSelectedKey(NioEventLoop.java:632)
	at org.apache.ratis.thirdparty.io.netty.channel.nio.NioEventLoop.processSelectedKeysOptimized(NioEventLoop.java:579)
	at org.apache.ratis.thirdparty.io.netty.channel.nio.NioEventLoop.processSelectedKeys(NioEventLoop.java:496)
	at org.apache.ratis.thirdparty.io.netty.channel.nio.NioEventLoop.run(NioEventLoop.java:458)
	at org.apache.ratis.thirdparty.io.netty.util.concurrent.SingleThreadEventExecutor$5.run(SingleThreadEventExecutor.java:897)
	at org.apache.ratis.thirdparty.io.netty.util.concurrent.FastThreadLocalRunnable.run(FastThreadLocalRunnable.java:30)
	... 1 more
Caused by: java.net.ConnectException: Connection refused
	... 11 more
2019-10-14 14:42:51,698 [caa892f0-76ff-4c1e-b30f-b7c59842badc@group-EA752D978E74:LeaderElection73] INFO  impl.LeaderElection (LogUtils.java:infoOrTrace(149)) - caa892f0-76ff-4c1e-b30f-b7c59842badc@group-EA752D978E74:LeaderElection73 got exception when requesting votes: {}
java.util.concurrent.ExecutionException: org.apache.ratis.thirdparty.io.grpc.StatusRuntimeException: UNAVAILABLE: io exception
	at java.util.concurrent.FutureTask.report(FutureTask.java:122)
	at java.util.concurrent.FutureTask.get(FutureTask.java:192)
	at org.apache.ratis.server.impl.LeaderElection.waitForResults(LeaderElection.java:263)
	at org.apache.ratis.server.impl.LeaderElection.askForVotes(LeaderElection.java:201)
	at org.apache.ratis.server.impl.LeaderElection.run(LeaderElection.java:133)
	at java.lang.Thread.run(Thread.java:748)
Caused by: org.apache.ratis.thirdparty.io.grpc.StatusRuntimeException: UNAVAILABLE: io exception
	at org.apache.ratis.thirdparty.io.grpc.stub.ClientCalls.toStatusRuntimeException(ClientCalls.java:233)
	at org.apache.ratis.thirdparty.io.grpc.stub.ClientCalls.getUnchecked(ClientCalls.java:214)
	at org.apache.ratis.thirdparty.io.grpc.stub.ClientCalls.blockingUnaryCall(ClientCalls.java:139)
	at org.apache.ratis.proto.grpc.RaftServerProtocolServiceGrpc$RaftServerProtocolServiceBlockingStub.requestVote(RaftServerProtocolServiceGrpc.java:265)
	at org.apache.ratis.grpc.server.GrpcServerProtocolClient.requestVote(GrpcServerProtocolClient.java:90)
	at org.apache.ratis.grpc.server.GrpcService.requestVote(GrpcService.java:204)
	at org.apache.ratis.server.impl.LeaderElection.lambda$submitRequests$1(LeaderElection.java:238)
	at java.util.concurrent.FutureTask.run(FutureTask.java:266)
	at java.util.concurrent.Executors$RunnableAdapter.call(Executors.java:511)
	at java.util.concurrent.FutureTask.run(FutureTask.java:266)
	at java.util.concurrent.ThreadPoolExecutor.runWorker(ThreadPoolExecutor.java:1149)
	at java.util.concurrent.ThreadPoolExecutor$Worker.run(ThreadPoolExecutor.java:624)
	... 1 more
Caused by: org.apache.ratis.thirdparty.io.netty.channel.AbstractChannel$AnnotatedConnectException: Connection refused: /192.168.5.159:44598
	at sun.nio.ch.SocketChannelImpl.checkConnect(Native Method)
	at sun.nio.ch.SocketChannelImpl.finishConnect(SocketChannelImpl.java:717)
	at org.apache.ratis.thirdparty.io.netty.channel.socket.nio.NioSocketChannel.doFinishConnect(NioSocketChannel.java:327)
	at org.apache.ratis.thirdparty.io.netty.channel.nio.AbstractNioChannel$AbstractNioUnsafe.finishConnect(AbstractNioChannel.java:340)
	at org.apache.ratis.thirdparty.io.netty.channel.nio.NioEventLoop.processSelectedKey(NioEventLoop.java:632)
	at org.apache.ratis.thirdparty.io.netty.channel.nio.NioEventLoop.processSelectedKeysOptimized(NioEventLoop.java:579)
	at org.apache.ratis.thirdparty.io.netty.channel.nio.NioEventLoop.processSelectedKeys(NioEventLoop.java:496)
	at org.apache.ratis.thirdparty.io.netty.channel.nio.NioEventLoop.run(NioEventLoop.java:458)
	at org.apache.ratis.thirdparty.io.netty.util.concurrent.SingleThreadEventExecutor$5.run(SingleThreadEventExecutor.java:897)
	at org.apache.ratis.thirdparty.io.netty.util.concurrent.FastThreadLocalRunnable.run(FastThreadLocalRunnable.java:30)
	... 1 more
Caused by: java.net.ConnectException: Connection refused
	... 11 more
2019-10-14 14:42:51,698 [caa892f0-76ff-4c1e-b30f-b7c59842badc@group-EA752D978E74:LeaderElection73] INFO  impl.LeaderElection (LeaderElection.java:logAndReturn(56)) - caa892f0-76ff-4c1e-b30f-b7c59842badc@group-EA752D978E74:LeaderElection73: Election REJECTED; received 0 response(s) [] and 2 exception(s); caa892f0-76ff-4c1e-b30f-b7c59842badc@group-EA752D978E74:t18, leader=null, voted=caa892f0-76ff-4c1e-b30f-b7c59842badc, raftlog=caa892f0-76ff-4c1e-b30f-b7c59842badc@group-EA752D978E74-SegmentedRaftLog:OPENED:c16,f16,i16, conf=0: [07a15819-e4fc-4072-82ac-b3e77a99d12a:192.168.5.159:45599, f9748ec4-5d8a-4dfc-8690-85b8cdac3f5d:192.168.5.159:44598, caa892f0-76ff-4c1e-b30f-b7c59842badc:192.168.5.159:39406], old=null
2019-10-14 14:42:51,698 [caa892f0-76ff-4c1e-b30f-b7c59842badc@group-EA752D978E74:LeaderElection73] INFO  impl.LeaderElection (LogUtils.java:infoOrTrace(149)) -   Exception 0: {}
java.util.concurrent.ExecutionException: org.apache.ratis.thirdparty.io.grpc.StatusRuntimeException: UNAVAILABLE: io exception
	at java.util.concurrent.FutureTask.report(FutureTask.java:122)
	at java.util.concurrent.FutureTask.get(FutureTask.java:192)
	at org.apache.ratis.server.impl.LeaderElection.waitForResults(LeaderElection.java:263)
	at org.apache.ratis.server.impl.LeaderElection.askForVotes(LeaderElection.java:201)
	at org.apache.ratis.server.impl.LeaderElection.run(LeaderElection.java:133)
	at java.lang.Thread.run(Thread.java:748)
Caused by: org.apache.ratis.thirdparty.io.grpc.StatusRuntimeException: UNAVAILABLE: io exception
	at org.apache.ratis.thirdparty.io.grpc.stub.ClientCalls.toStatusRuntimeException(ClientCalls.java:233)
	at org.apache.ratis.thirdparty.io.grpc.stub.ClientCalls.getUnchecked(ClientCalls.java:214)
	at org.apache.ratis.thirdparty.io.grpc.stub.ClientCalls.blockingUnaryCall(ClientCalls.java:139)
	at org.apache.ratis.proto.grpc.RaftServerProtocolServiceGrpc$RaftServerProtocolServiceBlockingStub.requestVote(RaftServerProtocolServiceGrpc.java:265)
	at org.apache.ratis.grpc.server.GrpcServerProtocolClient.requestVote(GrpcServerProtocolClient.java:90)
	at org.apache.ratis.grpc.server.GrpcService.requestVote(GrpcService.java:204)
	at org.apache.ratis.server.impl.LeaderElection.lambda$submitRequests$1(LeaderElection.java:238)
	at java.util.concurrent.FutureTask.run(FutureTask.java:266)
	at java.util.concurrent.Executors$RunnableAdapter.call(Executors.java:511)
	at java.util.concurrent.FutureTask.run(FutureTask.java:266)
	at java.util.concurrent.ThreadPoolExecutor.runWorker(ThreadPoolExecutor.java:1149)
	at java.util.concurrent.ThreadPoolExecutor$Worker.run(ThreadPoolExecutor.java:624)
	... 1 more
Caused by: org.apache.ratis.thirdparty.io.netty.channel.AbstractChannel$AnnotatedConnectException: Connection refused: /192.168.5.159:45599
	at sun.nio.ch.SocketChannelImpl.checkConnect(Native Method)
	at sun.nio.ch.SocketChannelImpl.finishConnect(SocketChannelImpl.java:717)
	at org.apache.ratis.thirdparty.io.netty.channel.socket.nio.NioSocketChannel.doFinishConnect(NioSocketChannel.java:327)
	at org.apache.ratis.thirdparty.io.netty.channel.nio.AbstractNioChannel$AbstractNioUnsafe.finishConnect(AbstractNioChannel.java:340)
	at org.apache.ratis.thirdparty.io.netty.channel.nio.NioEventLoop.processSelectedKey(NioEventLoop.java:632)
	at org.apache.ratis.thirdparty.io.netty.channel.nio.NioEventLoop.processSelectedKeysOptimized(NioEventLoop.java:579)
	at org.apache.ratis.thirdparty.io.netty.channel.nio.NioEventLoop.processSelectedKeys(NioEventLoop.java:496)
	at org.apache.ratis.thirdparty.io.netty.channel.nio.NioEventLoop.run(NioEventLoop.java:458)
	at org.apache.ratis.thirdparty.io.netty.util.concurrent.SingleThreadEventExecutor$5.run(SingleThreadEventExecutor.java:897)
	at org.apache.ratis.thirdparty.io.netty.util.concurrent.FastThreadLocalRunnable.run(FastThreadLocalRunnable.java:30)
	... 1 more
Caused by: java.net.ConnectException: Connection refused
	... 11 more
2019-10-14 14:42:51,699 [caa892f0-76ff-4c1e-b30f-b7c59842badc@group-EA752D978E74:LeaderElection73] INFO  impl.LeaderElection (LogUtils.java:infoOrTrace(149)) -   Exception 1: {}
java.util.concurrent.ExecutionException: org.apache.ratis.thirdparty.io.grpc.StatusRuntimeException: UNAVAILABLE: io exception
	at java.util.concurrent.FutureTask.report(FutureTask.java:122)
	at java.util.concurrent.FutureTask.get(FutureTask.java:192)
	at org.apache.ratis.server.impl.LeaderElection.waitForResults(LeaderElection.java:263)
	at org.apache.ratis.server.impl.LeaderElection.askForVotes(LeaderElection.java:201)
	at org.apache.ratis.server.impl.LeaderElection.run(LeaderElection.java:133)
	at java.lang.Thread.run(Thread.java:748)
Caused by: org.apache.ratis.thirdparty.io.grpc.StatusRuntimeException: UNAVAILABLE: io exception
	at org.apache.ratis.thirdparty.io.grpc.stub.ClientCalls.toStatusRuntimeException(ClientCalls.java:233)
	at org.apache.ratis.thirdparty.io.grpc.stub.ClientCalls.getUnchecked(ClientCalls.java:214)
	at org.apache.ratis.thirdparty.io.grpc.stub.ClientCalls.blockingUnaryCall(ClientCalls.java:139)
	at org.apache.ratis.proto.grpc.RaftServerProtocolServiceGrpc$RaftServerProtocolServiceBlockingStub.requestVote(RaftServerProtocolServiceGrpc.java:265)
	at org.apache.ratis.grpc.server.GrpcServerProtocolClient.requestVote(GrpcServerProtocolClient.java:90)
	at org.apache.ratis.grpc.server.GrpcService.requestVote(GrpcService.java:204)
	at org.apache.ratis.server.impl.LeaderElection.lambda$submitRequests$1(LeaderElection.java:238)
	at java.util.concurrent.FutureTask.run(FutureTask.java:266)
	at java.util.concurrent.Executors$RunnableAdapter.call(Executors.java:511)
	at java.util.concurrent.FutureTask.run(FutureTask.java:266)
	at java.util.concurrent.ThreadPoolExecutor.runWorker(ThreadPoolExecutor.java:1149)
	at java.util.concurrent.ThreadPoolExecutor$Worker.run(ThreadPoolExecutor.java:624)
	... 1 more
Caused by: org.apache.ratis.thirdparty.io.netty.channel.AbstractChannel$AnnotatedConnectException: Connection refused: /192.168.5.159:44598
	at sun.nio.ch.SocketChannelImpl.checkConnect(Native Method)
	at sun.nio.ch.SocketChannelImpl.finishConnect(SocketChannelImpl.java:717)
	at org.apache.ratis.thirdparty.io.netty.channel.socket.nio.NioSocketChannel.doFinishConnect(NioSocketChannel.java:327)
	at org.apache.ratis.thirdparty.io.netty.channel.nio.AbstractNioChannel$AbstractNioUnsafe.finishConnect(AbstractNioChannel.java:340)
	at org.apache.ratis.thirdparty.io.netty.channel.nio.NioEventLoop.processSelectedKey(NioEventLoop.java:632)
	at org.apache.ratis.thirdparty.io.netty.channel.nio.NioEventLoop.processSelectedKeysOptimized(NioEventLoop.java:579)
	at org.apache.ratis.thirdparty.io.netty.channel.nio.NioEventLoop.processSelectedKeys(NioEventLoop.java:496)
	at org.apache.ratis.thirdparty.io.netty.channel.nio.NioEventLoop.run(NioEventLoop.java:458)
	at org.apache.ratis.thirdparty.io.netty.util.concurrent.SingleThreadEventExecutor$5.run(SingleThreadEventExecutor.java:897)
	at org.apache.ratis.thirdparty.io.netty.util.concurrent.FastThreadLocalRunnable.run(FastThreadLocalRunnable.java:30)
	... 1 more
Caused by: java.net.ConnectException: Connection refused
	... 11 more
2019-10-14 14:42:51,699 [caa892f0-76ff-4c1e-b30f-b7c59842badc@group-EA752D978E74:LeaderElection73] INFO  impl.RaftServerImpl (RaftServerImpl.java:setRole(174)) - caa892f0-76ff-4c1e-b30f-b7c59842badc@group-EA752D978E74: changes role from CANDIDATE to FOLLOWER at term 18 for DISCOVERED_A_NEW_TERM
2019-10-14 14:42:51,699 [caa892f0-76ff-4c1e-b30f-b7c59842badc@group-EA752D978E74:LeaderElection73] INFO  impl.RoleInfo (RoleInfo.java:shutdownLeaderElection(134)) - caa892f0-76ff-4c1e-b30f-b7c59842badc: shutdown LeaderElection
2019-10-14 14:42:51,699 [caa892f0-76ff-4c1e-b30f-b7c59842badc@group-EA752D978E74:LeaderElection73] INFO  impl.RoleInfo (RoleInfo.java:updateAndGet(143)) - caa892f0-76ff-4c1e-b30f-b7c59842badc: start FollowerState
2019-10-14 14:42:51,802 [grpc-default-executor-7] WARN  server.GrpcLogAppender (LogUtils.java:warn(134)) - caa892f0-76ff-4c1e-b30f-b7c59842badc@group-382452901537->07a15819-e4fc-4072-82ac-b3e77a99d12a-AppendLogResponseHandler: Failed appendEntries: org.apache.ratis.thirdparty.io.grpc.StatusRuntimeException: UNAVAILABLE: io exception
2019-10-14 14:42:51,803 [grpc-default-executor-7] INFO  impl.FollowerInfo (FollowerInfo.java:lambda$new$0(51)) - caa892f0-76ff-4c1e-b30f-b7c59842badc@group-382452901537->07a15819-e4fc-4072-82ac-b3e77a99d12a: nextIndex: updateUnconditionally 0 -> 0
2019-10-14 14:42:51,842 [grpc-default-executor-7] WARN  server.GrpcLogAppender (LogUtils.java:warn(134)) - caa892f0-76ff-4c1e-b30f-b7c59842badc@group-382452901537->f9748ec4-5d8a-4dfc-8690-85b8cdac3f5d-AppendLogResponseHandler: Failed appendEntries: org.apache.ratis.thirdparty.io.grpc.StatusRuntimeException: UNAVAILABLE: io exception
2019-10-14 14:42:51,842 [grpc-default-executor-7] INFO  impl.FollowerInfo (FollowerInfo.java:lambda$new$0(51)) - caa892f0-76ff-4c1e-b30f-b7c59842badc@group-382452901537->f9748ec4-5d8a-4dfc-8690-85b8cdac3f5d: nextIndex: updateUnconditionally 0 -> 0
2019-10-14 14:42:51,862 [grpc-default-executor-8] WARN  server.GrpcLogAppender (LogUtils.java:warn(134)) - caa892f0-76ff-4c1e-b30f-b7c59842badc@group-026CFA11C8A1->07a15819-e4fc-4072-82ac-b3e77a99d12a-AppendLogResponseHandler: Failed appendEntries: org.apache.ratis.thirdparty.io.grpc.StatusRuntimeException: UNAVAILABLE: io exception
2019-10-14 14:42:51,862 [grpc-default-executor-3] WARN  server.GrpcLogAppender (LogUtils.java:warn(134)) - caa892f0-76ff-4c1e-b30f-b7c59842badc@group-026CFA11C8A1->f9748ec4-5d8a-4dfc-8690-85b8cdac3f5d-AppendLogResponseHandler: Failed appendEntries: org.apache.ratis.thirdparty.io.grpc.StatusRuntimeException: UNAVAILABLE: io exception
2019-10-14 14:42:51,863 [grpc-default-executor-8] INFO  impl.FollowerInfo (FollowerInfo.java:lambda$new$0(51)) - caa892f0-76ff-4c1e-b30f-b7c59842badc@group-026CFA11C8A1->07a15819-e4fc-4072-82ac-b3e77a99d12a: nextIndex: updateUnconditionally 0 -> 0
2019-10-14 14:42:51,863 [grpc-default-executor-3] INFO  impl.FollowerInfo (FollowerInfo.java:lambda$new$0(51)) - caa892f0-76ff-4c1e-b30f-b7c59842badc@group-026CFA11C8A1->f9748ec4-5d8a-4dfc-8690-85b8cdac3f5d: nextIndex: updateUnconditionally 0 -> 0
2019-10-14 14:42:52,304 [grpc-default-executor-9] WARN  server.GrpcLogAppender (LogUtils.java:warn(134)) - caa892f0-76ff-4c1e-b30f-b7c59842badc@group-382452901537->07a15819-e4fc-4072-82ac-b3e77a99d12a-AppendLogResponseHandler: Failed appendEntries: org.apache.ratis.thirdparty.io.grpc.StatusRuntimeException: UNAVAILABLE: io exception
2019-10-14 14:42:52,304 [grpc-default-executor-9] INFO  impl.FollowerInfo (FollowerInfo.java:lambda$new$0(51)) - caa892f0-76ff-4c1e-b30f-b7c59842badc@group-382452901537->07a15819-e4fc-4072-82ac-b3e77a99d12a: nextIndex: updateUnconditionally 0 -> 0
2019-10-14 14:42:52,344 [grpc-default-executor-8] WARN  server.GrpcLogAppender (LogUtils.java:warn(134)) - caa892f0-76ff-4c1e-b30f-b7c59842badc@group-382452901537->f9748ec4-5d8a-4dfc-8690-85b8cdac3f5d-AppendLogResponseHandler: Failed appendEntries: org.apache.ratis.thirdparty.io.grpc.StatusRuntimeException: UNAVAILABLE: io exception
2019-10-14 14:42:52,345 [grpc-default-executor-8] INFO  impl.FollowerInfo (FollowerInfo.java:lambda$new$0(51)) - caa892f0-76ff-4c1e-b30f-b7c59842badc@group-382452901537->f9748ec4-5d8a-4dfc-8690-85b8cdac3f5d: nextIndex: updateUnconditionally 0 -> 0
2019-10-14 14:42:52,363 [grpc-default-executor-3] WARN  server.GrpcLogAppender (LogUtils.java:warn(134)) - caa892f0-76ff-4c1e-b30f-b7c59842badc@group-026CFA11C8A1->f9748ec4-5d8a-4dfc-8690-85b8cdac3f5d-AppendLogResponseHandler: Failed appendEntries: org.apache.ratis.thirdparty.io.grpc.StatusRuntimeException: UNAVAILABLE: io exception
2019-10-14 14:42:52,363 [grpc-default-executor-7] WARN  server.GrpcLogAppender (LogUtils.java:warn(134)) - caa892f0-76ff-4c1e-b30f-b7c59842badc@group-026CFA11C8A1->07a15819-e4fc-4072-82ac-b3e77a99d12a-AppendLogResponseHandler: Failed appendEntries: org.apache.ratis.thirdparty.io.grpc.StatusRuntimeException: UNAVAILABLE: io exception
2019-10-14 14:42:52,363 [grpc-default-executor-3] INFO  impl.FollowerInfo (FollowerInfo.java:lambda$new$0(51)) - caa892f0-76ff-4c1e-b30f-b7c59842badc@group-026CFA11C8A1->f9748ec4-5d8a-4dfc-8690-85b8cdac3f5d: nextIndex: updateUnconditionally 0 -> 0
2019-10-14 14:42:52,363 [grpc-default-executor-7] INFO  impl.FollowerInfo (FollowerInfo.java:lambda$new$0(51)) - caa892f0-76ff-4c1e-b30f-b7c59842badc@group-026CFA11C8A1->07a15819-e4fc-4072-82ac-b3e77a99d12a: nextIndex: updateUnconditionally 0 -> 0
2019-10-14 14:42:52,602 [Thread-1368] INFO  impl.FollowerState (FollowerState.java:run(106)) - caa892f0-76ff-4c1e-b30f-b7c59842badc:group-E0B7C1D5C8D3 changes to CANDIDATE, lastRpcTime:1024, electionTimeout:1024ms
2019-10-14 14:42:52,602 [Thread-1368] INFO  impl.RoleInfo (RoleInfo.java:shutdownFollowerState(121)) - caa892f0-76ff-4c1e-b30f-b7c59842badc: shutdown FollowerState
2019-10-14 14:42:52,603 [Thread-1368] INFO  impl.RaftServerImpl (RaftServerImpl.java:setRole(174)) - caa892f0-76ff-4c1e-b30f-b7c59842badc@group-E0B7C1D5C8D3: changes role from  FOLLOWER to CANDIDATE at term 19 for changeToCandidate
2019-10-14 14:42:52,603 [Thread-1368] INFO  impl.RoleInfo (RoleInfo.java:updateAndGet(143)) - caa892f0-76ff-4c1e-b30f-b7c59842badc: start LeaderElection
2019-10-14 14:42:52,616 [caa892f0-76ff-4c1e-b30f-b7c59842badc@group-E0B7C1D5C8D3:LeaderElection74] INFO  impl.LeaderElection (LeaderElection.java:askForVotes(182)) - caa892f0-76ff-4c1e-b30f-b7c59842badc@group-E0B7C1D5C8D3:LeaderElection74: begin an election at term 20 for 0: [07a15819-e4fc-4072-82ac-b3e77a99d12a:192.168.5.159:45599, f9748ec4-5d8a-4dfc-8690-85b8cdac3f5d:192.168.5.159:44598, caa892f0-76ff-4c1e-b30f-b7c59842badc:192.168.5.159:39406], old=null
2019-10-14 14:42:52,619 [caa892f0-76ff-4c1e-b30f-b7c59842badc@group-E0B7C1D5C8D3:LeaderElection74] INFO  impl.LeaderElection (LogUtils.java:infoOrTrace(149)) - caa892f0-76ff-4c1e-b30f-b7c59842badc@group-E0B7C1D5C8D3:LeaderElection74 got exception when requesting votes: {}
java.util.concurrent.ExecutionException: org.apache.ratis.thirdparty.io.grpc.StatusRuntimeException: UNAVAILABLE: io exception
	at java.util.concurrent.FutureTask.report(FutureTask.java:122)
	at java.util.concurrent.FutureTask.get(FutureTask.java:192)
	at org.apache.ratis.server.impl.LeaderElection.waitForResults(LeaderElection.java:263)
	at org.apache.ratis.server.impl.LeaderElection.askForVotes(LeaderElection.java:201)
	at org.apache.ratis.server.impl.LeaderElection.run(LeaderElection.java:133)
	at java.lang.Thread.run(Thread.java:748)
Caused by: org.apache.ratis.thirdparty.io.grpc.StatusRuntimeException: UNAVAILABLE: io exception
	at org.apache.ratis.thirdparty.io.grpc.stub.ClientCalls.toStatusRuntimeException(ClientCalls.java:233)
	at org.apache.ratis.thirdparty.io.grpc.stub.ClientCalls.getUnchecked(ClientCalls.java:214)
	at org.apache.ratis.thirdparty.io.grpc.stub.ClientCalls.blockingUnaryCall(ClientCalls.java:139)
	at org.apache.ratis.proto.grpc.RaftServerProtocolServiceGrpc$RaftServerProtocolServiceBlockingStub.requestVote(RaftServerProtocolServiceGrpc.java:265)
	at org.apache.ratis.grpc.server.GrpcServerProtocolClient.requestVote(GrpcServerProtocolClient.java:90)
	at org.apache.ratis.grpc.server.GrpcService.requestVote(GrpcService.java:204)
	at org.apache.ratis.server.impl.LeaderElection.lambda$submitRequests$1(LeaderElection.java:238)
	at java.util.concurrent.FutureTask.run(FutureTask.java:266)
	at java.util.concurrent.Executors$RunnableAdapter.call(Executors.java:511)
	at java.util.concurrent.FutureTask.run(FutureTask.java:266)
	at java.util.concurrent.ThreadPoolExecutor.runWorker(ThreadPoolExecutor.java:1149)
	at java.util.concurrent.ThreadPoolExecutor$Worker.run(ThreadPoolExecutor.java:624)
	... 1 more
Caused by: org.apache.ratis.thirdparty.io.netty.channel.AbstractChannel$AnnotatedConnectException: Connection refused: /192.168.5.159:44598
	at sun.nio.ch.SocketChannelImpl.checkConnect(Native Method)
	at sun.nio.ch.SocketChannelImpl.finishConnect(SocketChannelImpl.java:717)
	at org.apache.ratis.thirdparty.io.netty.channel.socket.nio.NioSocketChannel.doFinishConnect(NioSocketChannel.java:327)
	at org.apache.ratis.thirdparty.io.netty.channel.nio.AbstractNioChannel$AbstractNioUnsafe.finishConnect(AbstractNioChannel.java:340)
	at org.apache.ratis.thirdparty.io.netty.channel.nio.NioEventLoop.processSelectedKey(NioEventLoop.java:632)
	at org.apache.ratis.thirdparty.io.netty.channel.nio.NioEventLoop.processSelectedKeysOptimized(NioEventLoop.java:579)
	at org.apache.ratis.thirdparty.io.netty.channel.nio.NioEventLoop.processSelectedKeys(NioEventLoop.java:496)
	at org.apache.ratis.thirdparty.io.netty.channel.nio.NioEventLoop.run(NioEventLoop.java:458)
	at org.apache.ratis.thirdparty.io.netty.util.concurrent.SingleThreadEventExecutor$5.run(SingleThreadEventExecutor.java:897)
	at org.apache.ratis.thirdparty.io.netty.util.concurrent.FastThreadLocalRunnable.run(FastThreadLocalRunnable.java:30)
	... 1 more
Caused by: java.net.ConnectException: Connection refused
	... 11 more
2019-10-14 14:42:52,619 [caa892f0-76ff-4c1e-b30f-b7c59842badc@group-E0B7C1D5C8D3:LeaderElection74] INFO  impl.LeaderElection (LogUtils.java:infoOrTrace(149)) - caa892f0-76ff-4c1e-b30f-b7c59842badc@group-E0B7C1D5C8D3:LeaderElection74 got exception when requesting votes: {}
java.util.concurrent.ExecutionException: org.apache.ratis.thirdparty.io.grpc.StatusRuntimeException: UNAVAILABLE: io exception
	at java.util.concurrent.FutureTask.report(FutureTask.java:122)
	at java.util.concurrent.FutureTask.get(FutureTask.java:192)
	at org.apache.ratis.server.impl.LeaderElection.waitForResults(LeaderElection.java:263)
	at org.apache.ratis.server.impl.LeaderElection.askForVotes(LeaderElection.java:201)
	at org.apache.ratis.server.impl.LeaderElection.run(LeaderElection.java:133)
	at java.lang.Thread.run(Thread.java:748)
Caused by: org.apache.ratis.thirdparty.io.grpc.StatusRuntimeException: UNAVAILABLE: io exception
	at org.apache.ratis.thirdparty.io.grpc.stub.ClientCalls.toStatusRuntimeException(ClientCalls.java:233)
	at org.apache.ratis.thirdparty.io.grpc.stub.ClientCalls.getUnchecked(ClientCalls.java:214)
	at org.apache.ratis.thirdparty.io.grpc.stub.ClientCalls.blockingUnaryCall(ClientCalls.java:139)
	at org.apache.ratis.proto.grpc.RaftServerProtocolServiceGrpc$RaftServerProtocolServiceBlockingStub.requestVote(RaftServerProtocolServiceGrpc.java:265)
	at org.apache.ratis.grpc.server.GrpcServerProtocolClient.requestVote(GrpcServerProtocolClient.java:90)
	at org.apache.ratis.grpc.server.GrpcService.requestVote(GrpcService.java:204)
	at org.apache.ratis.server.impl.LeaderElection.lambda$submitRequests$1(LeaderElection.java:238)
	at java.util.concurrent.FutureTask.run(FutureTask.java:266)
	at java.util.concurrent.Executors$RunnableAdapter.call(Executors.java:511)
	at java.util.concurrent.FutureTask.run(FutureTask.java:266)
	at java.util.concurrent.ThreadPoolExecutor.runWorker(ThreadPoolExecutor.java:1149)
	at java.util.concurrent.ThreadPoolExecutor$Worker.run(ThreadPoolExecutor.java:624)
	... 1 more
Caused by: org.apache.ratis.thirdparty.io.netty.channel.AbstractChannel$AnnotatedConnectException: Connection refused: /192.168.5.159:45599
	at sun.nio.ch.SocketChannelImpl.checkConnect(Native Method)
	at sun.nio.ch.SocketChannelImpl.finishConnect(SocketChannelImpl.java:717)
	at org.apache.ratis.thirdparty.io.netty.channel.socket.nio.NioSocketChannel.doFinishConnect(NioSocketChannel.java:327)
	at org.apache.ratis.thirdparty.io.netty.channel.nio.AbstractNioChannel$AbstractNioUnsafe.finishConnect(AbstractNioChannel.java:340)
	at org.apache.ratis.thirdparty.io.netty.channel.nio.NioEventLoop.processSelectedKey(NioEventLoop.java:632)
	at org.apache.ratis.thirdparty.io.netty.channel.nio.NioEventLoop.processSelectedKeysOptimized(NioEventLoop.java:579)
	at org.apache.ratis.thirdparty.io.netty.channel.nio.NioEventLoop.processSelectedKeys(NioEventLoop.java:496)
	at org.apache.ratis.thirdparty.io.netty.channel.nio.NioEventLoop.run(NioEventLoop.java:458)
	at org.apache.ratis.thirdparty.io.netty.util.concurrent.SingleThreadEventExecutor$5.run(SingleThreadEventExecutor.java:897)
	at org.apache.ratis.thirdparty.io.netty.util.concurrent.FastThreadLocalRunnable.run(FastThreadLocalRunnable.java:30)
	... 1 more
Caused by: java.net.ConnectException: Connection refused
	... 11 more
2019-10-14 14:42:52,620 [caa892f0-76ff-4c1e-b30f-b7c59842badc@group-E0B7C1D5C8D3:LeaderElection74] INFO  impl.LeaderElection (LeaderElection.java:logAndReturn(56)) - caa892f0-76ff-4c1e-b30f-b7c59842badc@group-E0B7C1D5C8D3:LeaderElection74: Election REJECTED; received 0 response(s) [] and 2 exception(s); caa892f0-76ff-4c1e-b30f-b7c59842badc@group-E0B7C1D5C8D3:t20, leader=null, voted=caa892f0-76ff-4c1e-b30f-b7c59842badc, raftlog=caa892f0-76ff-4c1e-b30f-b7c59842badc@group-E0B7C1D5C8D3-SegmentedRaftLog:OPENED:c0,f0,i0, conf=0: [07a15819-e4fc-4072-82ac-b3e77a99d12a:192.168.5.159:45599, f9748ec4-5d8a-4dfc-8690-85b8cdac3f5d:192.168.5.159:44598, caa892f0-76ff-4c1e-b30f-b7c59842badc:192.168.5.159:39406], old=null
2019-10-14 14:42:52,620 [caa892f0-76ff-4c1e-b30f-b7c59842badc@group-E0B7C1D5C8D3:LeaderElection74] INFO  impl.LeaderElection (LogUtils.java:infoOrTrace(149)) -   Exception 0: {}
java.util.concurrent.ExecutionException: org.apache.ratis.thirdparty.io.grpc.StatusRuntimeException: UNAVAILABLE: io exception
	at java.util.concurrent.FutureTask.report(FutureTask.java:122)
	at java.util.concurrent.FutureTask.get(FutureTask.java:192)
	at org.apache.ratis.server.impl.LeaderElection.waitForResults(LeaderElection.java:263)
	at org.apache.ratis.server.impl.LeaderElection.askForVotes(LeaderElection.java:201)
	at org.apache.ratis.server.impl.LeaderElection.run(LeaderElection.java:133)
	at java.lang.Thread.run(Thread.java:748)
Caused by: org.apache.ratis.thirdparty.io.grpc.StatusRuntimeException: UNAVAILABLE: io exception
	at org.apache.ratis.thirdparty.io.grpc.stub.ClientCalls.toStatusRuntimeException(ClientCalls.java:233)
	at org.apache.ratis.thirdparty.io.grpc.stub.ClientCalls.getUnchecked(ClientCalls.java:214)
	at org.apache.ratis.thirdparty.io.grpc.stub.ClientCalls.blockingUnaryCall(ClientCalls.java:139)
	at org.apache.ratis.proto.grpc.RaftServerProtocolServiceGrpc$RaftServerProtocolServiceBlockingStub.requestVote(RaftServerProtocolServiceGrpc.java:265)
	at org.apache.ratis.grpc.server.GrpcServerProtocolClient.requestVote(GrpcServerProtocolClient.java:90)
	at org.apache.ratis.grpc.server.GrpcService.requestVote(GrpcService.java:204)
	at org.apache.ratis.server.impl.LeaderElection.lambda$submitRequests$1(LeaderElection.java:238)
	at java.util.concurrent.FutureTask.run(FutureTask.java:266)
	at java.util.concurrent.Executors$RunnableAdapter.call(Executors.java:511)
	at java.util.concurrent.FutureTask.run(FutureTask.java:266)
	at java.util.concurrent.ThreadPoolExecutor.runWorker(ThreadPoolExecutor.java:1149)
	at java.util.concurrent.ThreadPoolExecutor$Worker.run(ThreadPoolExecutor.java:624)
	... 1 more
Caused by: org.apache.ratis.thirdparty.io.netty.channel.AbstractChannel$AnnotatedConnectException: Connection refused: /192.168.5.159:44598
	at sun.nio.ch.SocketChannelImpl.checkConnect(Native Method)
	at sun.nio.ch.SocketChannelImpl.finishConnect(SocketChannelImpl.java:717)
	at org.apache.ratis.thirdparty.io.netty.channel.socket.nio.NioSocketChannel.doFinishConnect(NioSocketChannel.java:327)
	at org.apache.ratis.thirdparty.io.netty.channel.nio.AbstractNioChannel$AbstractNioUnsafe.finishConnect(AbstractNioChannel.java:340)
	at org.apache.ratis.thirdparty.io.netty.channel.nio.NioEventLoop.processSelectedKey(NioEventLoop.java:632)
	at org.apache.ratis.thirdparty.io.netty.channel.nio.NioEventLoop.processSelectedKeysOptimized(NioEventLoop.java:579)
	at org.apache.ratis.thirdparty.io.netty.channel.nio.NioEventLoop.processSelectedKeys(NioEventLoop.java:496)
	at org.apache.ratis.thirdparty.io.netty.channel.nio.NioEventLoop.run(NioEventLoop.java:458)
	at org.apache.ratis.thirdparty.io.netty.util.concurrent.SingleThreadEventExecutor$5.run(SingleThreadEventExecutor.java:897)
	at org.apache.ratis.thirdparty.io.netty.util.concurrent.FastThreadLocalRunnable.run(FastThreadLocalRunnable.java:30)
	... 1 more
Caused by: java.net.ConnectException: Connection refused
	... 11 more
2019-10-14 14:42:52,620 [caa892f0-76ff-4c1e-b30f-b7c59842badc@group-E0B7C1D5C8D3:LeaderElection74] INFO  impl.LeaderElection (LogUtils.java:infoOrTrace(149)) -   Exception 1: {}
java.util.concurrent.ExecutionException: org.apache.ratis.thirdparty.io.grpc.StatusRuntimeException: UNAVAILABLE: io exception
	at java.util.concurrent.FutureTask.report(FutureTask.java:122)
	at java.util.concurrent.FutureTask.get(FutureTask.java:192)
	at org.apache.ratis.server.impl.LeaderElection.waitForResults(LeaderElection.java:263)
	at org.apache.ratis.server.impl.LeaderElection.askForVotes(LeaderElection.java:201)
	at org.apache.ratis.server.impl.LeaderElection.run(LeaderElection.java:133)
	at java.lang.Thread.run(Thread.java:748)
Caused by: org.apache.ratis.thirdparty.io.grpc.StatusRuntimeException: UNAVAILABLE: io exception
	at org.apache.ratis.thirdparty.io.grpc.stub.ClientCalls.toStatusRuntimeException(ClientCalls.java:233)
	at org.apache.ratis.thirdparty.io.grpc.stub.ClientCalls.getUnchecked(ClientCalls.java:214)
	at org.apache.ratis.thirdparty.io.grpc.stub.ClientCalls.blockingUnaryCall(ClientCalls.java:139)
	at org.apache.ratis.proto.grpc.RaftServerProtocolServiceGrpc$RaftServerProtocolServiceBlockingStub.requestVote(RaftServerProtocolServiceGrpc.java:265)
	at org.apache.ratis.grpc.server.GrpcServerProtocolClient.requestVote(GrpcServerProtocolClient.java:90)
	at org.apache.ratis.grpc.server.GrpcService.requestVote(GrpcService.java:204)
	at org.apache.ratis.server.impl.LeaderElection.lambda$submitRequests$1(LeaderElection.java:238)
	at java.util.concurrent.FutureTask.run(FutureTask.java:266)
	at java.util.concurrent.Executors$RunnableAdapter.call(Executors.java:511)
	at java.util.concurrent.FutureTask.run(FutureTask.java:266)
	at java.util.concurrent.ThreadPoolExecutor.runWorker(ThreadPoolExecutor.java:1149)
	at java.util.concurrent.ThreadPoolExecutor$Worker.run(ThreadPoolExecutor.java:624)
	... 1 more
Caused by: org.apache.ratis.thirdparty.io.netty.channel.AbstractChannel$AnnotatedConnectException: Connection refused: /192.168.5.159:45599
	at sun.nio.ch.SocketChannelImpl.checkConnect(Native Method)
	at sun.nio.ch.SocketChannelImpl.finishConnect(SocketChannelImpl.java:717)
	at org.apache.ratis.thirdparty.io.netty.channel.socket.nio.NioSocketChannel.doFinishConnect(NioSocketChannel.java:327)
	at org.apache.ratis.thirdparty.io.netty.channel.nio.AbstractNioChannel$AbstractNioUnsafe.finishConnect(AbstractNioChannel.java:340)
	at org.apache.ratis.thirdparty.io.netty.channel.nio.NioEventLoop.processSelectedKey(NioEventLoop.java:632)
	at org.apache.ratis.thirdparty.io.netty.channel.nio.NioEventLoop.processSelectedKeysOptimized(NioEventLoop.java:579)
	at org.apache.ratis.thirdparty.io.netty.channel.nio.NioEventLoop.processSelectedKeys(NioEventLoop.java:496)
	at org.apache.ratis.thirdparty.io.netty.channel.nio.NioEventLoop.run(NioEventLoop.java:458)
	at org.apache.ratis.thirdparty.io.netty.util.concurrent.SingleThreadEventExecutor$5.run(SingleThreadEventExecutor.java:897)
	at org.apache.ratis.thirdparty.io.netty.util.concurrent.FastThreadLocalRunnable.run(FastThreadLocalRunnable.java:30)
	... 1 more
Caused by: java.net.ConnectException: Connection refused
	... 11 more
2019-10-14 14:42:52,620 [caa892f0-76ff-4c1e-b30f-b7c59842badc@group-E0B7C1D5C8D3:LeaderElection74] INFO  impl.RaftServerImpl (RaftServerImpl.java:setRole(174)) - caa892f0-76ff-4c1e-b30f-b7c59842badc@group-E0B7C1D5C8D3: changes role from CANDIDATE to FOLLOWER at term 20 for DISCOVERED_A_NEW_TERM
2019-10-14 14:42:52,620 [caa892f0-76ff-4c1e-b30f-b7c59842badc@group-E0B7C1D5C8D3:LeaderElection74] INFO  impl.RoleInfo (RoleInfo.java:shutdownLeaderElection(134)) - caa892f0-76ff-4c1e-b30f-b7c59842badc: shutdown LeaderElection
2019-10-14 14:42:52,621 [caa892f0-76ff-4c1e-b30f-b7c59842badc@group-E0B7C1D5C8D3:LeaderElection74] INFO  impl.RoleInfo (RoleInfo.java:updateAndGet(143)) - caa892f0-76ff-4c1e-b30f-b7c59842badc: start FollowerState
2019-10-14 14:42:52,788 [Thread-1372] INFO  impl.FollowerState (FollowerState.java:run(106)) - caa892f0-76ff-4c1e-b30f-b7c59842badc:group-EA752D978E74 changes to CANDIDATE, lastRpcTime:1088, electionTimeout:1088ms
2019-10-14 14:42:52,788 [Thread-1372] INFO  impl.RoleInfo (RoleInfo.java:shutdownFollowerState(121)) - caa892f0-76ff-4c1e-b30f-b7c59842badc: shutdown FollowerState
2019-10-14 14:42:52,788 [Thread-1372] INFO  impl.RaftServerImpl (RaftServerImpl.java:setRole(174)) - caa892f0-76ff-4c1e-b30f-b7c59842badc@group-EA752D978E74: changes role from  FOLLOWER to CANDIDATE at term 18 for changeToCandidate
2019-10-14 14:42:52,788 [Thread-1372] INFO  impl.RoleInfo (RoleInfo.java:updateAndGet(143)) - caa892f0-76ff-4c1e-b30f-b7c59842badc: start LeaderElection
2019-10-14 14:42:53,101 [caa892f0-76ff-4c1e-b30f-b7c59842badc@group-EA752D978E74:LeaderElection75] INFO  impl.LeaderElection (LeaderElection.java:askForVotes(182)) - caa892f0-76ff-4c1e-b30f-b7c59842badc@group-EA752D978E74:LeaderElection75: begin an election at term 19 for 0: [07a15819-e4fc-4072-82ac-b3e77a99d12a:192.168.5.159:45599, f9748ec4-5d8a-4dfc-8690-85b8cdac3f5d:192.168.5.159:44598, caa892f0-76ff-4c1e-b30f-b7c59842badc:192.168.5.159:39406], old=null
2019-10-14 14:42:53,104 [grpc-default-executor-3] WARN  server.GrpcLogAppender (LogUtils.java:warn(134)) - caa892f0-76ff-4c1e-b30f-b7c59842badc@group-026CFA11C8A1->07a15819-e4fc-4072-82ac-b3e77a99d12a-AppendLogResponseHandler: Failed appendEntries: org.apache.ratis.thirdparty.io.grpc.StatusRuntimeException: UNAVAILABLE: io exception
2019-10-14 14:42:53,104 [grpc-default-executor-7] WARN  server.GrpcLogAppender (LogUtils.java:warn(134)) - caa892f0-76ff-4c1e-b30f-b7c59842badc@group-382452901537->07a15819-e4fc-4072-82ac-b3e77a99d12a-AppendLogResponseHandler: Failed appendEntries: org.apache.ratis.thirdparty.io.grpc.StatusRuntimeException: UNAVAILABLE: io exception
2019-10-14 14:42:53,104 [grpc-default-executor-8] WARN  server.GrpcLogAppender (LogUtils.java:warn(134)) - caa892f0-76ff-4c1e-b30f-b7c59842badc@group-382452901537->f9748ec4-5d8a-4dfc-8690-85b8cdac3f5d-AppendLogResponseHandler: Failed appendEntries: org.apache.ratis.thirdparty.io.grpc.StatusRuntimeException: UNAVAILABLE: io exception
2019-10-14 14:42:53,104 [grpc-default-executor-9] WARN  server.GrpcLogAppender (LogUtils.java:warn(134)) - caa892f0-76ff-4c1e-b30f-b7c59842badc@group-026CFA11C8A1->f9748ec4-5d8a-4dfc-8690-85b8cdac3f5d-AppendLogResponseHandler: Failed appendEntries: org.apache.ratis.thirdparty.io.grpc.StatusRuntimeException: UNAVAILABLE: io exception
2019-10-14 14:42:53,118 [caa892f0-76ff-4c1e-b30f-b7c59842badc@group-EA752D978E74:LeaderElection75] INFO  impl.LeaderElection (LogUtils.java:infoOrTrace(149)) - caa892f0-76ff-4c1e-b30f-b7c59842badc@group-EA752D978E74:LeaderElection75 got exception when requesting votes: {}
java.util.concurrent.ExecutionException: org.apache.ratis.thirdparty.io.grpc.StatusRuntimeException: UNAVAILABLE: Channel shutdown invoked
	at java.util.concurrent.FutureTask.report(FutureTask.java:122)
	at java.util.concurrent.FutureTask.get(FutureTask.java:192)
	at org.apache.ratis.server.impl.LeaderElection.waitForResults(LeaderElection.java:263)
	at org.apache.ratis.server.impl.LeaderElection.askForVotes(LeaderElection.java:201)
	at org.apache.ratis.server.impl.LeaderElection.run(LeaderElection.java:133)
	at java.lang.Thread.run(Thread.java:748)
Caused by: org.apache.ratis.thirdparty.io.grpc.StatusRuntimeException: UNAVAILABLE: Channel shutdown invoked
	at org.apache.ratis.thirdparty.io.grpc.stub.ClientCalls.toStatusRuntimeException(ClientCalls.java:233)
	at org.apache.ratis.thirdparty.io.grpc.stub.ClientCalls.getUnchecked(ClientCalls.java:214)
	at org.apache.ratis.thirdparty.io.grpc.stub.ClientCalls.blockingUnaryCall(ClientCalls.java:139)
	at org.apache.ratis.proto.grpc.RaftServerProtocolServiceGrpc$RaftServerProtocolServiceBlockingStub.requestVote(RaftServerProtocolServiceGrpc.java:265)
	at org.apache.ratis.grpc.server.GrpcServerProtocolClient.requestVote(GrpcServerProtocolClient.java:90)
	at org.apache.ratis.grpc.server.GrpcService.requestVote(GrpcService.java:204)
	at org.apache.ratis.server.impl.LeaderElection.lambda$submitRequests$1(LeaderElection.java:238)
	at java.util.concurrent.FutureTask.run(FutureTask.java:266)
	at java.util.concurrent.Executors$RunnableAdapter.call(Executors.java:511)
	at java.util.concurrent.FutureTask.run(FutureTask.java:266)
	at java.util.concurrent.ThreadPoolExecutor.runWorker(ThreadPoolExecutor.java:1149)
	at java.util.concurrent.ThreadPoolExecutor$Worker.run(ThreadPoolExecutor.java:624)
	... 1 more
2019-10-14 14:42:53,112 [grpc-default-executor-8] INFO  impl.FollowerInfo (FollowerInfo.java:lambda$new$0(51)) - caa892f0-76ff-4c1e-b30f-b7c59842badc@group-382452901537->f9748ec4-5d8a-4dfc-8690-85b8cdac3f5d: nextIndex: updateUnconditionally 0 -> 0
2019-10-14 14:42:53,111 [grpc-default-executor-7] INFO  impl.FollowerInfo (FollowerInfo.java:lambda$new$0(51)) - caa892f0-76ff-4c1e-b30f-b7c59842badc@group-382452901537->07a15819-e4fc-4072-82ac-b3e77a99d12a: nextIndex: updateUnconditionally 0 -> 0
2019-10-14 14:42:53,111 [grpc-default-executor-3] INFO  impl.FollowerInfo (FollowerInfo.java:lambda$new$0(51)) - caa892f0-76ff-4c1e-b30f-b7c59842badc@group-026CFA11C8A1->07a15819-e4fc-4072-82ac-b3e77a99d12a: nextIndex: updateUnconditionally 0 -> 0
2019-10-14 14:42:53,128 [caa892f0-76ff-4c1e-b30f-b7c59842badc@group-EA752D978E74:LeaderElection75] INFO  impl.LeaderElection (LogUtils.java:infoOrTrace(149)) - caa892f0-76ff-4c1e-b30f-b7c59842badc@group-EA752D978E74:LeaderElection75 got exception when requesting votes: {}
java.util.concurrent.ExecutionException: org.apache.ratis.thirdparty.io.grpc.StatusRuntimeException: UNAVAILABLE: io exception
	at java.util.concurrent.FutureTask.report(FutureTask.java:122)
	at java.util.concurrent.FutureTask.get(FutureTask.java:192)
	at org.apache.ratis.server.impl.LeaderElection.waitForResults(LeaderElection.java:263)
	at org.apache.ratis.server.impl.LeaderElection.askForVotes(LeaderElection.java:201)
	at org.apache.ratis.server.impl.LeaderElection.run(LeaderElection.java:133)
	at java.lang.Thread.run(Thread.java:748)
Caused by: org.apache.ratis.thirdparty.io.grpc.StatusRuntimeException: UNAVAILABLE: io exception
	at org.apache.ratis.thirdparty.io.grpc.stub.ClientCalls.toStatusRuntimeException(ClientCalls.java:233)
	at org.apache.ratis.thirdparty.io.grpc.stub.ClientCalls.getUnchecked(ClientCalls.java:214)
	at org.apache.ratis.thirdparty.io.grpc.stub.ClientCalls.blockingUnaryCall(ClientCalls.java:139)
	at org.apache.ratis.proto.grpc.RaftServerProtocolServiceGrpc$RaftServerProtocolServiceBlockingStub.requestVote(RaftServerProtocolServiceGrpc.java:265)
	at org.apache.ratis.grpc.server.GrpcServerProtocolClient.requestVote(GrpcServerProtocolClient.java:90)
	at org.apache.ratis.grpc.server.GrpcService.requestVote(GrpcService.java:204)
	at org.apache.ratis.server.impl.LeaderElection.lambda$submitRequests$1(LeaderElection.java:238)
	at java.util.concurrent.FutureTask.run(FutureTask.java:266)
	at java.util.concurrent.Executors$RunnableAdapter.call(Executors.java:511)
	at java.util.concurrent.FutureTask.run(FutureTask.java:266)
	at java.util.concurrent.ThreadPoolExecutor.runWorker(ThreadPoolExecutor.java:1149)
	at java.util.concurrent.ThreadPoolExecutor$Worker.run(ThreadPoolExecutor.java:624)
	... 1 more
Caused by: org.apache.ratis.thirdparty.io.netty.channel.AbstractChannel$AnnotatedConnectException: Connection refused: /192.168.5.159:44598
	at sun.nio.ch.SocketChannelImpl.checkConnect(Native Method)
	at sun.nio.ch.SocketChannelImpl.finishConnect(SocketChannelImpl.java:717)
	at org.apache.ratis.thirdparty.io.netty.channel.socket.nio.NioSocketChannel.doFinishConnect(NioSocketChannel.java:327)
	at org.apache.ratis.thirdparty.io.netty.channel.nio.AbstractNioChannel$AbstractNioUnsafe.finishConnect(AbstractNioChannel.java:340)
	at org.apache.ratis.thirdparty.io.netty.channel.nio.NioEventLoop.processSelectedKey(NioEventLoop.java:632)
	at org.apache.ratis.thirdparty.io.netty.channel.nio.NioEventLoop.processSelectedKeysOptimized(NioEventLoop.java:579)
	at org.apache.ratis.thirdparty.io.netty.channel.nio.NioEventLoop.processSelectedKeys(NioEventLoop.java:496)
	at org.apache.ratis.thirdparty.io.netty.channel.nio.NioEventLoop.run(NioEventLoop.java:458)
	at org.apache.ratis.thirdparty.io.netty.util.concurrent.SingleThreadEventExecutor$5.run(SingleThreadEventExecutor.java:897)
	at org.apache.ratis.thirdparty.io.netty.util.concurrent.FastThreadLocalRunnable.run(FastThreadLocalRunnable.java:30)
	... 1 more
Caused by: java.net.ConnectException: Connection refused
	... 11 more
2019-10-14 14:42:53,127 [grpc-default-executor-9] INFO  impl.FollowerInfo (FollowerInfo.java:lambda$new$0(51)) - caa892f0-76ff-4c1e-b30f-b7c59842badc@group-026CFA11C8A1->f9748ec4-5d8a-4dfc-8690-85b8cdac3f5d: nextIndex: updateUnconditionally 0 -> 0
2019-10-14 14:42:53,128 [caa892f0-76ff-4c1e-b30f-b7c59842badc@group-EA752D978E74:LeaderElection75] INFO  impl.LeaderElection (LeaderElection.java:logAndReturn(56)) - caa892f0-76ff-4c1e-b30f-b7c59842badc@group-EA752D978E74:LeaderElection75: Election REJECTED; received 0 response(s) [] and 2 exception(s); caa892f0-76ff-4c1e-b30f-b7c59842badc@group-EA752D978E74:t19, leader=null, voted=caa892f0-76ff-4c1e-b30f-b7c59842badc, raftlog=caa892f0-76ff-4c1e-b30f-b7c59842badc@group-EA752D978E74-SegmentedRaftLog:OPENED:c16,f16,i16, conf=0: [07a15819-e4fc-4072-82ac-b3e77a99d12a:192.168.5.159:45599, f9748ec4-5d8a-4dfc-8690-85b8cdac3f5d:192.168.5.159:44598, caa892f0-76ff-4c1e-b30f-b7c59842badc:192.168.5.159:39406], old=null
2019-10-14 14:42:53,129 [caa892f0-76ff-4c1e-b30f-b7c59842badc@group-EA752D978E74:LeaderElection75] INFO  impl.LeaderElection (LogUtils.java:infoOrTrace(149)) -   Exception 0: {}
java.util.concurrent.ExecutionException: org.apache.ratis.thirdparty.io.grpc.StatusRuntimeException: UNAVAILABLE: Channel shutdown invoked
	at java.util.concurrent.FutureTask.report(FutureTask.java:122)
	at java.util.concurrent.FutureTask.get(FutureTask.java:192)
	at org.apache.ratis.server.impl.LeaderElection.waitForResults(LeaderElection.java:263)
	at org.apache.ratis.server.impl.LeaderElection.askForVotes(LeaderElection.java:201)
	at org.apache.ratis.server.impl.LeaderElection.run(LeaderElection.java:133)
	at java.lang.Thread.run(Thread.java:748)
Caused by: org.apache.ratis.thirdparty.io.grpc.StatusRuntimeException: UNAVAILABLE: Channel shutdown invoked
	at org.apache.ratis.thirdparty.io.grpc.stub.ClientCalls.toStatusRuntimeException(ClientCalls.java:233)
	at org.apache.ratis.thirdparty.io.grpc.stub.ClientCalls.getUnchecked(ClientCalls.java:214)
	at org.apache.ratis.thirdparty.io.grpc.stub.ClientCalls.blockingUnaryCall(ClientCalls.java:139)
	at org.apache.ratis.proto.grpc.RaftServerProtocolServiceGrpc$RaftServerProtocolServiceBlockingStub.requestVote(RaftServerProtocolServiceGrpc.java:265)
	at org.apache.ratis.grpc.server.GrpcServerProtocolClient.requestVote(GrpcServerProtocolClient.java:90)
	at org.apache.ratis.grpc.server.GrpcService.requestVote(GrpcService.java:204)
	at org.apache.ratis.server.impl.LeaderElection.lambda$submitRequests$1(LeaderElection.java:238)
	at java.util.concurrent.FutureTask.run(FutureTask.java:266)
	at java.util.concurrent.Executors$RunnableAdapter.call(Executors.java:511)
	at java.util.concurrent.FutureTask.run(FutureTask.java:266)
	at java.util.concurrent.ThreadPoolExecutor.runWorker(ThreadPoolExecutor.java:1149)
	at java.util.concurrent.ThreadPoolExecutor$Worker.run(ThreadPoolExecutor.java:624)
	... 1 more
2019-10-14 14:42:53,129 [caa892f0-76ff-4c1e-b30f-b7c59842badc@group-EA752D978E74:LeaderElection75] INFO  impl.LeaderElection (LogUtils.java:infoOrTrace(149)) -   Exception 1: {}
java.util.concurrent.ExecutionException: org.apache.ratis.thirdparty.io.grpc.StatusRuntimeException: UNAVAILABLE: io exception
	at java.util.concurrent.FutureTask.report(FutureTask.java:122)
	at java.util.concurrent.FutureTask.get(FutureTask.java:192)
	at org.apache.ratis.server.impl.LeaderElection.waitForResults(LeaderElection.java:263)
	at org.apache.ratis.server.impl.LeaderElection.askForVotes(LeaderElection.java:201)
	at org.apache.ratis.server.impl.LeaderElection.run(LeaderElection.java:133)
	at java.lang.Thread.run(Thread.java:748)
Caused by: org.apache.ratis.thirdparty.io.grpc.StatusRuntimeException: UNAVAILABLE: io exception
	at org.apache.ratis.thirdparty.io.grpc.stub.ClientCalls.toStatusRuntimeException(ClientCalls.java:233)
	at org.apache.ratis.thirdparty.io.grpc.stub.ClientCalls.getUnchecked(ClientCalls.java:214)
	at org.apache.ratis.thirdparty.io.grpc.stub.ClientCalls.blockingUnaryCall(ClientCalls.java:139)
	at org.apache.ratis.proto.grpc.RaftServerProtocolServiceGrpc$RaftServerProtocolServiceBlockingStub.requestVote(RaftServerProtocolServiceGrpc.java:265)
	at org.apache.ratis.grpc.server.GrpcServerProtocolClient.requestVote(GrpcServerProtocolClient.java:90)
	at org.apache.ratis.grpc.server.GrpcService.requestVote(GrpcService.java:204)
	at org.apache.ratis.server.impl.LeaderElection.lambda$submitRequests$1(LeaderElection.java:238)
	at java.util.concurrent.FutureTask.run(FutureTask.java:266)
	at java.util.concurrent.Executors$RunnableAdapter.call(Executors.java:511)
	at java.util.concurrent.FutureTask.run(FutureTask.java:266)
	at java.util.concurrent.ThreadPoolExecutor.runWorker(ThreadPoolExecutor.java:1149)
	at java.util.concurrent.ThreadPoolExecutor$Worker.run(ThreadPoolExecutor.java:624)
	... 1 more
Caused by: org.apache.ratis.thirdparty.io.netty.channel.AbstractChannel$AnnotatedConnectException: Connection refused: /192.168.5.159:44598
	at sun.nio.ch.SocketChannelImpl.checkConnect(Native Method)
	at sun.nio.ch.SocketChannelImpl.finishConnect(SocketChannelImpl.java:717)
	at org.apache.ratis.thirdparty.io.netty.channel.socket.nio.NioSocketChannel.doFinishConnect(NioSocketChannel.java:327)
	at org.apache.ratis.thirdparty.io.netty.channel.nio.AbstractNioChannel$AbstractNioUnsafe.finishConnect(AbstractNioChannel.java:340)
	at org.apache.ratis.thirdparty.io.netty.channel.nio.NioEventLoop.processSelectedKey(NioEventLoop.java:632)
	at org.apache.ratis.thirdparty.io.netty.channel.nio.NioEventLoop.processSelectedKeysOptimized(NioEventLoop.java:579)
	at org.apache.ratis.thirdparty.io.netty.channel.nio.NioEventLoop.processSelectedKeys(NioEventLoop.java:496)
	at org.apache.ratis.thirdparty.io.netty.channel.nio.NioEventLoop.run(NioEventLoop.java:458)
	at org.apache.ratis.thirdparty.io.netty.util.concurrent.SingleThreadEventExecutor$5.run(SingleThreadEventExecutor.java:897)
	at org.apache.ratis.thirdparty.io.netty.util.concurrent.FastThreadLocalRunnable.run(FastThreadLocalRunnable.java:30)
	... 1 more
Caused by: java.net.ConnectException: Connection refused
	... 11 more
2019-10-14 14:42:53,129 [caa892f0-76ff-4c1e-b30f-b7c59842badc@group-EA752D978E74:LeaderElection75] INFO  impl.RaftServerImpl (RaftServerImpl.java:setRole(174)) - caa892f0-76ff-4c1e-b30f-b7c59842badc@group-EA752D978E74: changes role from CANDIDATE to FOLLOWER at term 19 for DISCOVERED_A_NEW_TERM
2019-10-14 14:42:53,129 [caa892f0-76ff-4c1e-b30f-b7c59842badc@group-EA752D978E74:LeaderElection75] INFO  impl.RoleInfo (RoleInfo.java:shutdownLeaderElection(134)) - caa892f0-76ff-4c1e-b30f-b7c59842badc: shutdown LeaderElection
2019-10-14 14:42:53,130 [caa892f0-76ff-4c1e-b30f-b7c59842badc@group-EA752D978E74:LeaderElection75] INFO  impl.RoleInfo (RoleInfo.java:updateAndGet(143)) - caa892f0-76ff-4c1e-b30f-b7c59842badc: start FollowerState
2019-10-14 14:42:53,601 [grpc-default-executor-2] WARN  server.GrpcLogAppender (LogUtils.java:warn(134)) - caa892f0-76ff-4c1e-b30f-b7c59842badc@group-026CFA11C8A1->07a15819-e4fc-4072-82ac-b3e77a99d12a-AppendLogResponseHandler: Failed appendEntries: org.apache.ratis.thirdparty.io.grpc.StatusRuntimeException: UNAVAILABLE: io exception
2019-10-14 14:42:53,601 [grpc-default-executor-4] WARN  server.GrpcLogAppender (LogUtils.java:warn(134)) - caa892f0-76ff-4c1e-b30f-b7c59842badc@group-382452901537->f9748ec4-5d8a-4dfc-8690-85b8cdac3f5d-AppendLogResponseHandler: Failed appendEntries: org.apache.ratis.thirdparty.io.grpc.StatusRuntimeException: UNAVAILABLE: io exception
2019-10-14 14:42:53,601 [grpc-default-executor-8] WARN  server.GrpcLogAppender (LogUtils.java:warn(134)) - caa892f0-76ff-4c1e-b30f-b7c59842badc@group-382452901537->07a15819-e4fc-4072-82ac-b3e77a99d12a-AppendLogResponseHandler: Failed appendEntries: org.apache.ratis.thirdparty.io.grpc.StatusRuntimeException: UNAVAILABLE: io exception
2019-10-14 14:42:53,602 [grpc-default-executor-4] INFO  impl.FollowerInfo (FollowerInfo.java:lambda$new$0(51)) - caa892f0-76ff-4c1e-b30f-b7c59842badc@group-382452901537->f9748ec4-5d8a-4dfc-8690-85b8cdac3f5d: nextIndex: updateUnconditionally 0 -> 0
2019-10-14 14:42:53,601 [grpc-default-executor-2] INFO  impl.FollowerInfo (FollowerInfo.java:lambda$new$0(51)) - caa892f0-76ff-4c1e-b30f-b7c59842badc@group-026CFA11C8A1->07a15819-e4fc-4072-82ac-b3e77a99d12a: nextIndex: updateUnconditionally 0 -> 0
2019-10-14 14:42:53,601 [grpc-default-executor-1] WARN  server.GrpcLogAppender (LogUtils.java:warn(134)) - caa892f0-76ff-4c1e-b30f-b7c59842badc@group-026CFA11C8A1->f9748ec4-5d8a-4dfc-8690-85b8cdac3f5d-AppendLogResponseHandler: Failed appendEntries: org.apache.ratis.thirdparty.io.grpc.StatusRuntimeException: UNAVAILABLE: io exception
2019-10-14 14:42:53,602 [grpc-default-executor-8] INFO  impl.FollowerInfo (FollowerInfo.java:lambda$new$0(51)) - caa892f0-76ff-4c1e-b30f-b7c59842badc@group-382452901537->07a15819-e4fc-4072-82ac-b3e77a99d12a: nextIndex: updateUnconditionally 0 -> 0
2019-10-14 14:42:53,603 [grpc-default-executor-1] INFO  impl.FollowerInfo (FollowerInfo.java:lambda$new$0(51)) - caa892f0-76ff-4c1e-b30f-b7c59842badc@group-026CFA11C8A1->f9748ec4-5d8a-4dfc-8690-85b8cdac3f5d: nextIndex: updateUnconditionally 0 -> 0
2019-10-14 14:42:53,658 [Thread-1392] INFO  impl.FollowerState (FollowerState.java:run(106)) - caa892f0-76ff-4c1e-b30f-b7c59842badc:group-E0B7C1D5C8D3 changes to CANDIDATE, lastRpcTime:1037, electionTimeout:1037ms
2019-10-14 14:42:53,658 [Thread-1392] INFO  impl.RoleInfo (RoleInfo.java:shutdownFollowerState(121)) - caa892f0-76ff-4c1e-b30f-b7c59842badc: shutdown FollowerState
2019-10-14 14:42:53,658 [Thread-1392] INFO  impl.RaftServerImpl (RaftServerImpl.java:setRole(174)) - caa892f0-76ff-4c1e-b30f-b7c59842badc@group-E0B7C1D5C8D3: changes role from  FOLLOWER to CANDIDATE at term 20 for changeToCandidate
2019-10-14 14:42:53,658 [Thread-1392] INFO  impl.RoleInfo (RoleInfo.java:updateAndGet(143)) - caa892f0-76ff-4c1e-b30f-b7c59842badc: start LeaderElection
2019-10-14 14:42:53,687 [caa892f0-76ff-4c1e-b30f-b7c59842badc@group-E0B7C1D5C8D3:LeaderElection76] INFO  impl.LeaderElection (LeaderElection.java:askForVotes(182)) - caa892f0-76ff-4c1e-b30f-b7c59842badc@group-E0B7C1D5C8D3:LeaderElection76: begin an election at term 21 for 0: [07a15819-e4fc-4072-82ac-b3e77a99d12a:192.168.5.159:45599, f9748ec4-5d8a-4dfc-8690-85b8cdac3f5d:192.168.5.159:44598, caa892f0-76ff-4c1e-b30f-b7c59842badc:192.168.5.159:39406], old=null
2019-10-14 14:42:53,689 [caa892f0-76ff-4c1e-b30f-b7c59842badc@group-E0B7C1D5C8D3:LeaderElection76] INFO  impl.LeaderElection (LogUtils.java:infoOrTrace(149)) - caa892f0-76ff-4c1e-b30f-b7c59842badc@group-E0B7C1D5C8D3:LeaderElection76 got exception when requesting votes: {}
java.util.concurrent.ExecutionException: org.apache.ratis.thirdparty.io.grpc.StatusRuntimeException: UNAVAILABLE: io exception
	at java.util.concurrent.FutureTask.report(FutureTask.java:122)
	at java.util.concurrent.FutureTask.get(FutureTask.java:192)
	at org.apache.ratis.server.impl.LeaderElection.waitForResults(LeaderElection.java:263)
	at org.apache.ratis.server.impl.LeaderElection.askForVotes(LeaderElection.java:201)
	at org.apache.ratis.server.impl.LeaderElection.run(LeaderElection.java:133)
	at java.lang.Thread.run(Thread.java:748)
Caused by: org.apache.ratis.thirdparty.io.grpc.StatusRuntimeException: UNAVAILABLE: io exception
	at org.apache.ratis.thirdparty.io.grpc.stub.ClientCalls.toStatusRuntimeException(ClientCalls.java:233)
	at org.apache.ratis.thirdparty.io.grpc.stub.ClientCalls.getUnchecked(ClientCalls.java:214)
	at org.apache.ratis.thirdparty.io.grpc.stub.ClientCalls.blockingUnaryCall(ClientCalls.java:139)
	at org.apache.ratis.proto.grpc.RaftServerProtocolServiceGrpc$RaftServerProtocolServiceBlockingStub.requestVote(RaftServerProtocolServiceGrpc.java:265)
	at org.apache.ratis.grpc.server.GrpcServerProtocolClient.requestVote(GrpcServerProtocolClient.java:90)
	at org.apache.ratis.grpc.server.GrpcService.requestVote(GrpcService.java:204)
	at org.apache.ratis.server.impl.LeaderElection.lambda$submitRequests$1(LeaderElection.java:238)
	at java.util.concurrent.FutureTask.run(FutureTask.java:266)
	at java.util.concurrent.Executors$RunnableAdapter.call(Executors.java:511)
	at java.util.concurrent.FutureTask.run(FutureTask.java:266)
	at java.util.concurrent.ThreadPoolExecutor.runWorker(ThreadPoolExecutor.java:1149)
	at java.util.concurrent.ThreadPoolExecutor$Worker.run(ThreadPoolExecutor.java:624)
	... 1 more
Caused by: org.apache.ratis.thirdparty.io.netty.channel.AbstractChannel$AnnotatedConnectException: Connection refused: /192.168.5.159:45599
	at sun.nio.ch.SocketChannelImpl.checkConnect(Native Method)
	at sun.nio.ch.SocketChannelImpl.finishConnect(SocketChannelImpl.java:717)
	at org.apache.ratis.thirdparty.io.netty.channel.socket.nio.NioSocketChannel.doFinishConnect(NioSocketChannel.java:327)
	at org.apache.ratis.thirdparty.io.netty.channel.nio.AbstractNioChannel$AbstractNioUnsafe.finishConnect(AbstractNioChannel.java:340)
	at org.apache.ratis.thirdparty.io.netty.channel.nio.NioEventLoop.processSelectedKey(NioEventLoop.java:632)
	at org.apache.ratis.thirdparty.io.netty.channel.nio.NioEventLoop.processSelectedKeysOptimized(NioEventLoop.java:579)
	at org.apache.ratis.thirdparty.io.netty.channel.nio.NioEventLoop.processSelectedKeys(NioEventLoop.java:496)
	at org.apache.ratis.thirdparty.io.netty.channel.nio.NioEventLoop.run(NioEventLoop.java:458)
	at org.apache.ratis.thirdparty.io.netty.util.concurrent.SingleThreadEventExecutor$5.run(SingleThreadEventExecutor.java:897)
	at org.apache.ratis.thirdparty.io.netty.util.concurrent.FastThreadLocalRunnable.run(FastThreadLocalRunnable.java:30)
	... 1 more
Caused by: java.net.ConnectException: Connection refused
	... 11 more
2019-10-14 14:42:53,690 [caa892f0-76ff-4c1e-b30f-b7c59842badc@group-E0B7C1D5C8D3:LeaderElection76] INFO  impl.LeaderElection (LogUtils.java:infoOrTrace(149)) - caa892f0-76ff-4c1e-b30f-b7c59842badc@group-E0B7C1D5C8D3:LeaderElection76 got exception when requesting votes: {}
java.util.concurrent.ExecutionException: org.apache.ratis.thirdparty.io.grpc.StatusRuntimeException: UNAVAILABLE: io exception
	at java.util.concurrent.FutureTask.report(FutureTask.java:122)
	at java.util.concurrent.FutureTask.get(FutureTask.java:192)
	at org.apache.ratis.server.impl.LeaderElection.waitForResults(LeaderElection.java:263)
	at org.apache.ratis.server.impl.LeaderElection.askForVotes(LeaderElection.java:201)
	at org.apache.ratis.server.impl.LeaderElection.run(LeaderElection.java:133)
	at java.lang.Thread.run(Thread.java:748)
Caused by: org.apache.ratis.thirdparty.io.grpc.StatusRuntimeException: UNAVAILABLE: io exception
	at org.apache.ratis.thirdparty.io.grpc.stub.ClientCalls.toStatusRuntimeException(ClientCalls.java:233)
	at org.apache.ratis.thirdparty.io.grpc.stub.ClientCalls.getUnchecked(ClientCalls.java:214)
	at org.apache.ratis.thirdparty.io.grpc.stub.ClientCalls.blockingUnaryCall(ClientCalls.java:139)
	at org.apache.ratis.proto.grpc.RaftServerProtocolServiceGrpc$RaftServerProtocolServiceBlockingStub.requestVote(RaftServerProtocolServiceGrpc.java:265)
	at org.apache.ratis.grpc.server.GrpcServerProtocolClient.requestVote(GrpcServerProtocolClient.java:90)
	at org.apache.ratis.grpc.server.GrpcService.requestVote(GrpcService.java:204)
	at org.apache.ratis.server.impl.LeaderElection.lambda$submitRequests$1(LeaderElection.java:238)
	at java.util.concurrent.FutureTask.run(FutureTask.java:266)
	at java.util.concurrent.Executors$RunnableAdapter.call(Executors.java:511)
	at java.util.concurrent.FutureTask.run(FutureTask.java:266)
	at java.util.concurrent.ThreadPoolExecutor.runWorker(ThreadPoolExecutor.java:1149)
	at java.util.concurrent.ThreadPoolExecutor$Worker.run(ThreadPoolExecutor.java:624)
	... 1 more
Caused by: org.apache.ratis.thirdparty.io.netty.channel.AbstractChannel$AnnotatedConnectException: Connection refused: /192.168.5.159:44598
	at sun.nio.ch.SocketChannelImpl.checkConnect(Native Method)
	at sun.nio.ch.SocketChannelImpl.finishConnect(SocketChannelImpl.java:717)
	at org.apache.ratis.thirdparty.io.netty.channel.socket.nio.NioSocketChannel.doFinishConnect(NioSocketChannel.java:327)
	at org.apache.ratis.thirdparty.io.netty.channel.nio.AbstractNioChannel$AbstractNioUnsafe.finishConnect(AbstractNioChannel.java:340)
	at org.apache.ratis.thirdparty.io.netty.channel.nio.NioEventLoop.processSelectedKey(NioEventLoop.java:632)
	at org.apache.ratis.thirdparty.io.netty.channel.nio.NioEventLoop.processSelectedKeysOptimized(NioEventLoop.java:579)
	at org.apache.ratis.thirdparty.io.netty.channel.nio.NioEventLoop.processSelectedKeys(NioEventLoop.java:496)
	at org.apache.ratis.thirdparty.io.netty.channel.nio.NioEventLoop.run(NioEventLoop.java:458)
	at org.apache.ratis.thirdparty.io.netty.util.concurrent.SingleThreadEventExecutor$5.run(SingleThreadEventExecutor.java:897)
	at org.apache.ratis.thirdparty.io.netty.util.concurrent.FastThreadLocalRunnable.run(FastThreadLocalRunnable.java:30)
	... 1 more
Caused by: java.net.ConnectException: Connection refused
	... 11 more
2019-10-14 14:42:53,690 [caa892f0-76ff-4c1e-b30f-b7c59842badc@group-E0B7C1D5C8D3:LeaderElection76] INFO  impl.LeaderElection (LeaderElection.java:logAndReturn(56)) - caa892f0-76ff-4c1e-b30f-b7c59842badc@group-E0B7C1D5C8D3:LeaderElection76: Election REJECTED; received 0 response(s) [] and 2 exception(s); caa892f0-76ff-4c1e-b30f-b7c59842badc@group-E0B7C1D5C8D3:t21, leader=null, voted=caa892f0-76ff-4c1e-b30f-b7c59842badc, raftlog=caa892f0-76ff-4c1e-b30f-b7c59842badc@group-E0B7C1D5C8D3-SegmentedRaftLog:OPENED:c0,f0,i0, conf=0: [07a15819-e4fc-4072-82ac-b3e77a99d12a:192.168.5.159:45599, f9748ec4-5d8a-4dfc-8690-85b8cdac3f5d:192.168.5.159:44598, caa892f0-76ff-4c1e-b30f-b7c59842badc:192.168.5.159:39406], old=null
2019-10-14 14:42:53,690 [caa892f0-76ff-4c1e-b30f-b7c59842badc@group-E0B7C1D5C8D3:LeaderElection76] INFO  impl.LeaderElection (LogUtils.java:infoOrTrace(149)) -   Exception 0: {}
java.util.concurrent.ExecutionException: org.apache.ratis.thirdparty.io.grpc.StatusRuntimeException: UNAVAILABLE: io exception
	at java.util.concurrent.FutureTask.report(FutureTask.java:122)
	at java.util.concurrent.FutureTask.get(FutureTask.java:192)
	at org.apache.ratis.server.impl.LeaderElection.waitForResults(LeaderElection.java:263)
	at org.apache.ratis.server.impl.LeaderElection.askForVotes(LeaderElection.java:201)
	at org.apache.ratis.server.impl.LeaderElection.run(LeaderElection.java:133)
	at java.lang.Thread.run(Thread.java:748)
Caused by: org.apache.ratis.thirdparty.io.grpc.StatusRuntimeException: UNAVAILABLE: io exception
	at org.apache.ratis.thirdparty.io.grpc.stub.ClientCalls.toStatusRuntimeException(ClientCalls.java:233)
	at org.apache.ratis.thirdparty.io.grpc.stub.ClientCalls.getUnchecked(ClientCalls.java:214)
	at org.apache.ratis.thirdparty.io.grpc.stub.ClientCalls.blockingUnaryCall(ClientCalls.java:139)
	at org.apache.ratis.proto.grpc.RaftServerProtocolServiceGrpc$RaftServerProtocolServiceBlockingStub.requestVote(RaftServerProtocolServiceGrpc.java:265)
	at org.apache.ratis.grpc.server.GrpcServerProtocolClient.requestVote(GrpcServerProtocolClient.java:90)
	at org.apache.ratis.grpc.server.GrpcService.requestVote(GrpcService.java:204)
	at org.apache.ratis.server.impl.LeaderElection.lambda$submitRequests$1(LeaderElection.java:238)
	at java.util.concurrent.FutureTask.run(FutureTask.java:266)
	at java.util.concurrent.Executors$RunnableAdapter.call(Executors.java:511)
	at java.util.concurrent.FutureTask.run(FutureTask.java:266)
	at java.util.concurrent.ThreadPoolExecutor.runWorker(ThreadPoolExecutor.java:1149)
	at java.util.concurrent.ThreadPoolExecutor$Worker.run(ThreadPoolExecutor.java:624)
	... 1 more
Caused by: org.apache.ratis.thirdparty.io.netty.channel.AbstractChannel$AnnotatedConnectException: Connection refused: /192.168.5.159:45599
	at sun.nio.ch.SocketChannelImpl.checkConnect(Native Method)
	at sun.nio.ch.SocketChannelImpl.finishConnect(SocketChannelImpl.java:717)
	at org.apache.ratis.thirdparty.io.netty.channel.socket.nio.NioSocketChannel.doFinishConnect(NioSocketChannel.java:327)
	at org.apache.ratis.thirdparty.io.netty.channel.nio.AbstractNioChannel$AbstractNioUnsafe.finishConnect(AbstractNioChannel.java:340)
	at org.apache.ratis.thirdparty.io.netty.channel.nio.NioEventLoop.processSelectedKey(NioEventLoop.java:632)
	at org.apache.ratis.thirdparty.io.netty.channel.nio.NioEventLoop.processSelectedKeysOptimized(NioEventLoop.java:579)
	at org.apache.ratis.thirdparty.io.netty.channel.nio.NioEventLoop.processSelectedKeys(NioEventLoop.java:496)
	at org.apache.ratis.thirdparty.io.netty.channel.nio.NioEventLoop.run(NioEventLoop.java:458)
	at org.apache.ratis.thirdparty.io.netty.util.concurrent.SingleThreadEventExecutor$5.run(SingleThreadEventExecutor.java:897)
	at org.apache.ratis.thirdparty.io.netty.util.concurrent.FastThreadLocalRunnable.run(FastThreadLocalRunnable.java:30)
	... 1 more
Caused by: java.net.ConnectException: Connection refused
	... 11 more
2019-10-14 14:42:53,691 [caa892f0-76ff-4c1e-b30f-b7c59842badc@group-E0B7C1D5C8D3:LeaderElection76] INFO  impl.LeaderElection (LogUtils.java:infoOrTrace(149)) -   Exception 1: {}
java.util.concurrent.ExecutionException: org.apache.ratis.thirdparty.io.grpc.StatusRuntimeException: UNAVAILABLE: io exception
	at java.util.concurrent.FutureTask.report(FutureTask.java:122)
	at java.util.concurrent.FutureTask.get(FutureTask.java:192)
	at org.apache.ratis.server.impl.LeaderElection.waitForResults(LeaderElection.java:263)
	at org.apache.ratis.server.impl.LeaderElection.askForVotes(LeaderElection.java:201)
	at org.apache.ratis.server.impl.LeaderElection.run(LeaderElection.java:133)
	at java.lang.Thread.run(Thread.java:748)
Caused by: org.apache.ratis.thirdparty.io.grpc.StatusRuntimeException: UNAVAILABLE: io exception
	at org.apache.ratis.thirdparty.io.grpc.stub.ClientCalls.toStatusRuntimeException(ClientCalls.java:233)
	at org.apache.ratis.thirdparty.io.grpc.stub.ClientCalls.getUnchecked(ClientCalls.java:214)
	at org.apache.ratis.thirdparty.io.grpc.stub.ClientCalls.blockingUnaryCall(ClientCalls.java:139)
	at org.apache.ratis.proto.grpc.RaftServerProtocolServiceGrpc$RaftServerProtocolServiceBlockingStub.requestVote(RaftServerProtocolServiceGrpc.java:265)
	at org.apache.ratis.grpc.server.GrpcServerProtocolClient.requestVote(GrpcServerProtocolClient.java:90)
	at org.apache.ratis.grpc.server.GrpcService.requestVote(GrpcService.java:204)
	at org.apache.ratis.server.impl.LeaderElection.lambda$submitRequests$1(LeaderElection.java:238)
	at java.util.concurrent.FutureTask.run(FutureTask.java:266)
	at java.util.concurrent.Executors$RunnableAdapter.call(Executors.java:511)
	at java.util.concurrent.FutureTask.run(FutureTask.java:266)
	at java.util.concurrent.ThreadPoolExecutor.runWorker(ThreadPoolExecutor.java:1149)
	at java.util.concurrent.ThreadPoolExecutor$Worker.run(ThreadPoolExecutor.java:624)
	... 1 more
Caused by: org.apache.ratis.thirdparty.io.netty.channel.AbstractChannel$AnnotatedConnectException: Connection refused: /192.168.5.159:44598
	at sun.nio.ch.SocketChannelImpl.checkConnect(Native Method)
	at sun.nio.ch.SocketChannelImpl.finishConnect(SocketChannelImpl.java:717)
	at org.apache.ratis.thirdparty.io.netty.channel.socket.nio.NioSocketChannel.doFinishConnect(NioSocketChannel.java:327)
	at org.apache.ratis.thirdparty.io.netty.channel.nio.AbstractNioChannel$AbstractNioUnsafe.finishConnect(AbstractNioChannel.java:340)
	at org.apache.ratis.thirdparty.io.netty.channel.nio.NioEventLoop.processSelectedKey(NioEventLoop.java:632)
	at org.apache.ratis.thirdparty.io.netty.channel.nio.NioEventLoop.processSelectedKeysOptimized(NioEventLoop.java:579)
	at org.apache.ratis.thirdparty.io.netty.channel.nio.NioEventLoop.processSelectedKeys(NioEventLoop.java:496)
	at org.apache.ratis.thirdparty.io.netty.channel.nio.NioEventLoop.run(NioEventLoop.java:458)
	at org.apache.ratis.thirdparty.io.netty.util.concurrent.SingleThreadEventExecutor$5.run(SingleThreadEventExecutor.java:897)
	at org.apache.ratis.thirdparty.io.netty.util.concurrent.FastThreadLocalRunnable.run(FastThreadLocalRunnable.java:30)
	... 1 more
Caused by: java.net.ConnectException: Connection refused
	... 11 more
2019-10-14 14:42:53,691 [caa892f0-76ff-4c1e-b30f-b7c59842badc@group-E0B7C1D5C8D3:LeaderElection76] INFO  impl.RaftServerImpl (RaftServerImpl.java:setRole(174)) - caa892f0-76ff-4c1e-b30f-b7c59842badc@group-E0B7C1D5C8D3: changes role from CANDIDATE to FOLLOWER at term 21 for DISCOVERED_A_NEW_TERM
2019-10-14 14:42:53,691 [caa892f0-76ff-4c1e-b30f-b7c59842badc@group-E0B7C1D5C8D3:LeaderElection76] INFO  impl.RoleInfo (RoleInfo.java:shutdownLeaderElection(134)) - caa892f0-76ff-4c1e-b30f-b7c59842badc: shutdown LeaderElection
2019-10-14 14:42:53,691 [caa892f0-76ff-4c1e-b30f-b7c59842badc@group-E0B7C1D5C8D3:LeaderElection76] INFO  impl.RoleInfo (RoleInfo.java:updateAndGet(143)) - caa892f0-76ff-4c1e-b30f-b7c59842badc: start FollowerState
2019-10-14 14:42:54,100 [grpc-default-executor-2] WARN  server.GrpcLogAppender (LogUtils.java:warn(134)) - caa892f0-76ff-4c1e-b30f-b7c59842badc@group-026CFA11C8A1->07a15819-e4fc-4072-82ac-b3e77a99d12a-AppendLogResponseHandler: Failed appendEntries: org.apache.ratis.thirdparty.io.grpc.StatusRuntimeException: UNAVAILABLE: io exception
2019-10-14 14:42:54,100 [grpc-default-executor-8] WARN  server.GrpcLogAppender (LogUtils.java:warn(134)) - caa892f0-76ff-4c1e-b30f-b7c59842badc@group-382452901537->07a15819-e4fc-4072-82ac-b3e77a99d12a-AppendLogResponseHandler: Failed appendEntries: org.apache.ratis.thirdparty.io.grpc.StatusRuntimeException: UNAVAILABLE: io exception
2019-10-14 14:42:54,100 [grpc-default-executor-1] WARN  server.GrpcLogAppender (LogUtils.java:warn(134)) - caa892f0-76ff-4c1e-b30f-b7c59842badc@group-026CFA11C8A1->f9748ec4-5d8a-4dfc-8690-85b8cdac3f5d-AppendLogResponseHandler: Failed appendEntries: org.apache.ratis.thirdparty.io.grpc.StatusRuntimeException: UNAVAILABLE: io exception
2019-10-14 14:42:54,100 [grpc-default-executor-4] WARN  server.GrpcLogAppender (LogUtils.java:warn(134)) - caa892f0-76ff-4c1e-b30f-b7c59842badc@group-382452901537->f9748ec4-5d8a-4dfc-8690-85b8cdac3f5d-AppendLogResponseHandler: Failed appendEntries: org.apache.ratis.thirdparty.io.grpc.StatusRuntimeException: UNAVAILABLE: io exception
2019-10-14 14:42:54,101 [grpc-default-executor-1] INFO  impl.FollowerInfo (FollowerInfo.java:lambda$new$0(51)) - caa892f0-76ff-4c1e-b30f-b7c59842badc@group-026CFA11C8A1->f9748ec4-5d8a-4dfc-8690-85b8cdac3f5d: nextIndex: updateUnconditionally 0 -> 0
2019-10-14 14:42:54,100 [grpc-default-executor-2] INFO  impl.FollowerInfo (FollowerInfo.java:lambda$new$0(51)) - caa892f0-76ff-4c1e-b30f-b7c59842badc@group-026CFA11C8A1->07a15819-e4fc-4072-82ac-b3e77a99d12a: nextIndex: updateUnconditionally 0 -> 0
2019-10-14 14:42:54,100 [grpc-default-executor-8] INFO  impl.FollowerInfo (FollowerInfo.java:lambda$new$0(51)) - caa892f0-76ff-4c1e-b30f-b7c59842badc@group-382452901537->07a15819-e4fc-4072-82ac-b3e77a99d12a: nextIndex: updateUnconditionally 0 -> 0
2019-10-14 14:42:54,101 [grpc-default-executor-4] INFO  impl.FollowerInfo (FollowerInfo.java:lambda$new$0(51)) - caa892f0-76ff-4c1e-b30f-b7c59842badc@group-382452901537->f9748ec4-5d8a-4dfc-8690-85b8cdac3f5d: nextIndex: updateUnconditionally 0 -> 0
2019-10-14 14:42:54,240 [Thread-1404] INFO  impl.FollowerState (FollowerState.java:run(106)) - caa892f0-76ff-4c1e-b30f-b7c59842badc:group-EA752D978E74 changes to CANDIDATE, lastRpcTime:1110, electionTimeout:1110ms
2019-10-14 14:42:54,240 [Thread-1404] INFO  impl.RoleInfo (RoleInfo.java:shutdownFollowerState(121)) - caa892f0-76ff-4c1e-b30f-b7c59842badc: shutdown FollowerState
2019-10-14 14:42:54,240 [Thread-1404] INFO  impl.RaftServerImpl (RaftServerImpl.java:setRole(174)) - caa892f0-76ff-4c1e-b30f-b7c59842badc@group-EA752D978E74: changes role from  FOLLOWER to CANDIDATE at term 19 for changeToCandidate
2019-10-14 14:42:54,240 [Thread-1404] INFO  impl.RoleInfo (RoleInfo.java:updateAndGet(143)) - caa892f0-76ff-4c1e-b30f-b7c59842badc: start LeaderElection
2019-10-14 14:42:54,255 [caa892f0-76ff-4c1e-b30f-b7c59842badc@group-EA752D978E74:LeaderElection77] INFO  impl.LeaderElection (LeaderElection.java:askForVotes(182)) - caa892f0-76ff-4c1e-b30f-b7c59842badc@group-EA752D978E74:LeaderElection77: begin an election at term 20 for 0: [07a15819-e4fc-4072-82ac-b3e77a99d12a:192.168.5.159:45599, f9748ec4-5d8a-4dfc-8690-85b8cdac3f5d:192.168.5.159:44598, caa892f0-76ff-4c1e-b30f-b7c59842badc:192.168.5.159:39406], old=null
2019-10-14 14:42:54,257 [caa892f0-76ff-4c1e-b30f-b7c59842badc@group-EA752D978E74:LeaderElection77] INFO  impl.LeaderElection (LogUtils.java:infoOrTrace(149)) - caa892f0-76ff-4c1e-b30f-b7c59842badc@group-EA752D978E74:LeaderElection77 got exception when requesting votes: {}
java.util.concurrent.ExecutionException: org.apache.ratis.thirdparty.io.grpc.StatusRuntimeException: UNAVAILABLE: io exception
	at java.util.concurrent.FutureTask.report(FutureTask.java:122)
	at java.util.concurrent.FutureTask.get(FutureTask.java:192)
	at org.apache.ratis.server.impl.LeaderElection.waitForResults(LeaderElection.java:263)
	at org.apache.ratis.server.impl.LeaderElection.askForVotes(LeaderElection.java:201)
	at org.apache.ratis.server.impl.LeaderElection.run(LeaderElection.java:133)
	at java.lang.Thread.run(Thread.java:748)
Caused by: org.apache.ratis.thirdparty.io.grpc.StatusRuntimeException: UNAVAILABLE: io exception
	at org.apache.ratis.thirdparty.io.grpc.stub.ClientCalls.toStatusRuntimeException(ClientCalls.java:233)
	at org.apache.ratis.thirdparty.io.grpc.stub.ClientCalls.getUnchecked(ClientCalls.java:214)
	at org.apache.ratis.thirdparty.io.grpc.stub.ClientCalls.blockingUnaryCall(ClientCalls.java:139)
	at org.apache.ratis.proto.grpc.RaftServerProtocolServiceGrpc$RaftServerProtocolServiceBlockingStub.requestVote(RaftServerProtocolServiceGrpc.java:265)
	at org.apache.ratis.grpc.server.GrpcServerProtocolClient.requestVote(GrpcServerProtocolClient.java:90)
	at org.apache.ratis.grpc.server.GrpcService.requestVote(GrpcService.java:204)
	at org.apache.ratis.server.impl.LeaderElection.lambda$submitRequests$1(LeaderElection.java:238)
	at java.util.concurrent.FutureTask.run(FutureTask.java:266)
	at java.util.concurrent.Executors$RunnableAdapter.call(Executors.java:511)
	at java.util.concurrent.FutureTask.run(FutureTask.java:266)
	at java.util.concurrent.ThreadPoolExecutor.runWorker(ThreadPoolExecutor.java:1149)
	at java.util.concurrent.ThreadPoolExecutor$Worker.run(ThreadPoolExecutor.java:624)
	... 1 more
Caused by: org.apache.ratis.thirdparty.io.netty.channel.AbstractChannel$AnnotatedConnectException: Connection refused: /192.168.5.159:44598
	at sun.nio.ch.SocketChannelImpl.checkConnect(Native Method)
	at sun.nio.ch.SocketChannelImpl.finishConnect(SocketChannelImpl.java:717)
	at org.apache.ratis.thirdparty.io.netty.channel.socket.nio.NioSocketChannel.doFinishConnect(NioSocketChannel.java:327)
	at org.apache.ratis.thirdparty.io.netty.channel.nio.AbstractNioChannel$AbstractNioUnsafe.finishConnect(AbstractNioChannel.java:340)
	at org.apache.ratis.thirdparty.io.netty.channel.nio.NioEventLoop.processSelectedKey(NioEventLoop.java:632)
	at org.apache.ratis.thirdparty.io.netty.channel.nio.NioEventLoop.processSelectedKeysOptimized(NioEventLoop.java:579)
	at org.apache.ratis.thirdparty.io.netty.channel.nio.NioEventLoop.processSelectedKeys(NioEventLoop.java:496)
	at org.apache.ratis.thirdparty.io.netty.channel.nio.NioEventLoop.run(NioEventLoop.java:458)
	at org.apache.ratis.thirdparty.io.netty.util.concurrent.SingleThreadEventExecutor$5.run(SingleThreadEventExecutor.java:897)
	at org.apache.ratis.thirdparty.io.netty.util.concurrent.FastThreadLocalRunnable.run(FastThreadLocalRunnable.java:30)
	... 1 more
Caused by: java.net.ConnectException: Connection refused
	... 11 more
2019-10-14 14:42:54,258 [caa892f0-76ff-4c1e-b30f-b7c59842badc@group-EA752D978E74:LeaderElection77] INFO  impl.LeaderElection (LogUtils.java:infoOrTrace(149)) - caa892f0-76ff-4c1e-b30f-b7c59842badc@group-EA752D978E74:LeaderElection77 got exception when requesting votes: {}
java.util.concurrent.ExecutionException: org.apache.ratis.thirdparty.io.grpc.StatusRuntimeException: UNAVAILABLE: io exception
	at java.util.concurrent.FutureTask.report(FutureTask.java:122)
	at java.util.concurrent.FutureTask.get(FutureTask.java:192)
	at org.apache.ratis.server.impl.LeaderElection.waitForResults(LeaderElection.java:263)
	at org.apache.ratis.server.impl.LeaderElection.askForVotes(LeaderElection.java:201)
	at org.apache.ratis.server.impl.LeaderElection.run(LeaderElection.java:133)
	at java.lang.Thread.run(Thread.java:748)
Caused by: org.apache.ratis.thirdparty.io.grpc.StatusRuntimeException: UNAVAILABLE: io exception
	at org.apache.ratis.thirdparty.io.grpc.stub.ClientCalls.toStatusRuntimeException(ClientCalls.java:233)
	at org.apache.ratis.thirdparty.io.grpc.stub.ClientCalls.getUnchecked(ClientCalls.java:214)
	at org.apache.ratis.thirdparty.io.grpc.stub.ClientCalls.blockingUnaryCall(ClientCalls.java:139)
	at org.apache.ratis.proto.grpc.RaftServerProtocolServiceGrpc$RaftServerProtocolServiceBlockingStub.requestVote(RaftServerProtocolServiceGrpc.java:265)
	at org.apache.ratis.grpc.server.GrpcServerProtocolClient.requestVote(GrpcServerProtocolClient.java:90)
	at org.apache.ratis.grpc.server.GrpcService.requestVote(GrpcService.java:204)
	at org.apache.ratis.server.impl.LeaderElection.lambda$submitRequests$1(LeaderElection.java:238)
	at java.util.concurrent.FutureTask.run(FutureTask.java:266)
	at java.util.concurrent.Executors$RunnableAdapter.call(Executors.java:511)
	at java.util.concurrent.FutureTask.run(FutureTask.java:266)
	at java.util.concurrent.ThreadPoolExecutor.runWorker(ThreadPoolExecutor.java:1149)
	at java.util.concurrent.ThreadPoolExecutor$Worker.run(ThreadPoolExecutor.java:624)
	... 1 more
Caused by: org.apache.ratis.thirdparty.io.netty.channel.AbstractChannel$AnnotatedConnectException: Connection refused: /192.168.5.159:45599
	at sun.nio.ch.SocketChannelImpl.checkConnect(Native Method)
	at sun.nio.ch.SocketChannelImpl.finishConnect(SocketChannelImpl.java:717)
	at org.apache.ratis.thirdparty.io.netty.channel.socket.nio.NioSocketChannel.doFinishConnect(NioSocketChannel.java:327)
	at org.apache.ratis.thirdparty.io.netty.channel.nio.AbstractNioChannel$AbstractNioUnsafe.finishConnect(AbstractNioChannel.java:340)
	at org.apache.ratis.thirdparty.io.netty.channel.nio.NioEventLoop.processSelectedKey(NioEventLoop.java:632)
	at org.apache.ratis.thirdparty.io.netty.channel.nio.NioEventLoop.processSelectedKeysOptimized(NioEventLoop.java:579)
	at org.apache.ratis.thirdparty.io.netty.channel.nio.NioEventLoop.processSelectedKeys(NioEventLoop.java:496)
	at org.apache.ratis.thirdparty.io.netty.channel.nio.NioEventLoop.run(NioEventLoop.java:458)
	at org.apache.ratis.thirdparty.io.netty.util.concurrent.SingleThreadEventExecutor$5.run(SingleThreadEventExecutor.java:897)
	at org.apache.ratis.thirdparty.io.netty.util.concurrent.FastThreadLocalRunnable.run(FastThreadLocalRunnable.java:30)
	... 1 more
Caused by: java.net.ConnectException: Connection refused
	... 11 more
2019-10-14 14:42:54,258 [caa892f0-76ff-4c1e-b30f-b7c59842badc@group-EA752D978E74:LeaderElection77] INFO  impl.LeaderElection (LeaderElection.java:logAndReturn(56)) - caa892f0-76ff-4c1e-b30f-b7c59842badc@group-EA752D978E74:LeaderElection77: Election REJECTED; received 0 response(s) [] and 2 exception(s); caa892f0-76ff-4c1e-b30f-b7c59842badc@group-EA752D978E74:t20, leader=null, voted=caa892f0-76ff-4c1e-b30f-b7c59842badc, raftlog=caa892f0-76ff-4c1e-b30f-b7c59842badc@group-EA752D978E74-SegmentedRaftLog:OPENED:c16,f16,i16, conf=0: [07a15819-e4fc-4072-82ac-b3e77a99d12a:192.168.5.159:45599, f9748ec4-5d8a-4dfc-8690-85b8cdac3f5d:192.168.5.159:44598, caa892f0-76ff-4c1e-b30f-b7c59842badc:192.168.5.159:39406], old=null
2019-10-14 14:42:54,258 [caa892f0-76ff-4c1e-b30f-b7c59842badc@group-EA752D978E74:LeaderElection77] INFO  impl.LeaderElection (LogUtils.java:infoOrTrace(149)) -   Exception 0: {}
java.util.concurrent.ExecutionException: org.apache.ratis.thirdparty.io.grpc.StatusRuntimeException: UNAVAILABLE: io exception
	at java.util.concurrent.FutureTask.report(FutureTask.java:122)
	at java.util.concurrent.FutureTask.get(FutureTask.java:192)
	at org.apache.ratis.server.impl.LeaderElection.waitForResults(LeaderElection.java:263)
	at org.apache.ratis.server.impl.LeaderElection.askForVotes(LeaderElection.java:201)
	at org.apache.ratis.server.impl.LeaderElection.run(LeaderElection.java:133)
	at java.lang.Thread.run(Thread.java:748)
Caused by: org.apache.ratis.thirdparty.io.grpc.StatusRuntimeException: UNAVAILABLE: io exception
	at org.apache.ratis.thirdparty.io.grpc.stub.ClientCalls.toStatusRuntimeException(ClientCalls.java:233)
	at org.apache.ratis.thirdparty.io.grpc.stub.ClientCalls.getUnchecked(ClientCalls.java:214)
	at org.apache.ratis.thirdparty.io.grpc.stub.ClientCalls.blockingUnaryCall(ClientCalls.java:139)
	at org.apache.ratis.proto.grpc.RaftServerProtocolServiceGrpc$RaftServerProtocolServiceBlockingStub.requestVote(RaftServerProtocolServiceGrpc.java:265)
	at org.apache.ratis.grpc.server.GrpcServerProtocolClient.requestVote(GrpcServerProtocolClient.java:90)
	at org.apache.ratis.grpc.server.GrpcService.requestVote(GrpcService.java:204)
	at org.apache.ratis.server.impl.LeaderElection.lambda$submitRequests$1(LeaderElection.java:238)
	at java.util.concurrent.FutureTask.run(FutureTask.java:266)
	at java.util.concurrent.Executors$RunnableAdapter.call(Executors.java:511)
	at java.util.concurrent.FutureTask.run(FutureTask.java:266)
	at java.util.concurrent.ThreadPoolExecutor.runWorker(ThreadPoolExecutor.java:1149)
	at java.util.concurrent.ThreadPoolExecutor$Worker.run(ThreadPoolExecutor.java:624)
	... 1 more
Caused by: org.apache.ratis.thirdparty.io.netty.channel.AbstractChannel$AnnotatedConnectException: Connection refused: /192.168.5.159:44598
	at sun.nio.ch.SocketChannelImpl.checkConnect(Native Method)
	at sun.nio.ch.SocketChannelImpl.finishConnect(SocketChannelImpl.java:717)
	at org.apache.ratis.thirdparty.io.netty.channel.socket.nio.NioSocketChannel.doFinishConnect(NioSocketChannel.java:327)
	at org.apache.ratis.thirdparty.io.netty.channel.nio.AbstractNioChannel$AbstractNioUnsafe.finishConnect(AbstractNioChannel.java:340)
	at org.apache.ratis.thirdparty.io.netty.channel.nio.NioEventLoop.processSelectedKey(NioEventLoop.java:632)
	at org.apache.ratis.thirdparty.io.netty.channel.nio.NioEventLoop.processSelectedKeysOptimized(NioEventLoop.java:579)
	at org.apache.ratis.thirdparty.io.netty.channel.nio.NioEventLoop.processSelectedKeys(NioEventLoop.java:496)
	at org.apache.ratis.thirdparty.io.netty.channel.nio.NioEventLoop.run(NioEventLoop.java:458)
	at org.apache.ratis.thirdparty.io.netty.util.concurrent.SingleThreadEventExecutor$5.run(SingleThreadEventExecutor.java:897)
	at org.apache.ratis.thirdparty.io.netty.util.concurrent.FastThreadLocalRunnable.run(FastThreadLocalRunnable.java:30)
	... 1 more
Caused by: java.net.ConnectException: Connection refused
	... 11 more
2019-10-14 14:42:54,259 [caa892f0-76ff-4c1e-b30f-b7c59842badc@group-EA752D978E74:LeaderElection77] INFO  impl.LeaderElection (LogUtils.java:infoOrTrace(149)) -   Exception 1: {}
java.util.concurrent.ExecutionException: org.apache.ratis.thirdparty.io.grpc.StatusRuntimeException: UNAVAILABLE: io exception
	at java.util.concurrent.FutureTask.report(FutureTask.java:122)
	at java.util.concurrent.FutureTask.get(FutureTask.java:192)
	at org.apache.ratis.server.impl.LeaderElection.waitForResults(LeaderElection.java:263)
	at org.apache.ratis.server.impl.LeaderElection.askForVotes(LeaderElection.java:201)
	at org.apache.ratis.server.impl.LeaderElection.run(LeaderElection.java:133)
	at java.lang.Thread.run(Thread.java:748)
Caused by: org.apache.ratis.thirdparty.io.grpc.StatusRuntimeException: UNAVAILABLE: io exception
	at org.apache.ratis.thirdparty.io.grpc.stub.ClientCalls.toStatusRuntimeException(ClientCalls.java:233)
	at org.apache.ratis.thirdparty.io.grpc.stub.ClientCalls.getUnchecked(ClientCalls.java:214)
	at org.apache.ratis.thirdparty.io.grpc.stub.ClientCalls.blockingUnaryCall(ClientCalls.java:139)
	at org.apache.ratis.proto.grpc.RaftServerProtocolServiceGrpc$RaftServerProtocolServiceBlockingStub.requestVote(RaftServerProtocolServiceGrpc.java:265)
	at org.apache.ratis.grpc.server.GrpcServerProtocolClient.requestVote(GrpcServerProtocolClient.java:90)
	at org.apache.ratis.grpc.server.GrpcService.requestVote(GrpcService.java:204)
	at org.apache.ratis.server.impl.LeaderElection.lambda$submitRequests$1(LeaderElection.java:238)
	at java.util.concurrent.FutureTask.run(FutureTask.java:266)
	at java.util.concurrent.Executors$RunnableAdapter.call(Executors.java:511)
	at java.util.concurrent.FutureTask.run(FutureTask.java:266)
	at java.util.concurrent.ThreadPoolExecutor.runWorker(ThreadPoolExecutor.java:1149)
	at java.util.concurrent.ThreadPoolExecutor$Worker.run(ThreadPoolExecutor.java:624)
	... 1 more
Caused by: org.apache.ratis.thirdparty.io.netty.channel.AbstractChannel$AnnotatedConnectException: Connection refused: /192.168.5.159:45599
	at sun.nio.ch.SocketChannelImpl.checkConnect(Native Method)
	at sun.nio.ch.SocketChannelImpl.finishConnect(SocketChannelImpl.java:717)
	at org.apache.ratis.thirdparty.io.netty.channel.socket.nio.NioSocketChannel.doFinishConnect(NioSocketChannel.java:327)
	at org.apache.ratis.thirdparty.io.netty.channel.nio.AbstractNioChannel$AbstractNioUnsafe.finishConnect(AbstractNioChannel.java:340)
	at org.apache.ratis.thirdparty.io.netty.channel.nio.NioEventLoop.processSelectedKey(NioEventLoop.java:632)
	at org.apache.ratis.thirdparty.io.netty.channel.nio.NioEventLoop.processSelectedKeysOptimized(NioEventLoop.java:579)
	at org.apache.ratis.thirdparty.io.netty.channel.nio.NioEventLoop.processSelectedKeys(NioEventLoop.java:496)
	at org.apache.ratis.thirdparty.io.netty.channel.nio.NioEventLoop.run(NioEventLoop.java:458)
	at org.apache.ratis.thirdparty.io.netty.util.concurrent.SingleThreadEventExecutor$5.run(SingleThreadEventExecutor.java:897)
	at org.apache.ratis.thirdparty.io.netty.util.concurrent.FastThreadLocalRunnable.run(FastThreadLocalRunnable.java:30)
	... 1 more
Caused by: java.net.ConnectException: Connection refused
	... 11 more
2019-10-14 14:42:54,259 [caa892f0-76ff-4c1e-b30f-b7c59842badc@group-EA752D978E74:LeaderElection77] INFO  impl.RaftServerImpl (RaftServerImpl.java:setRole(174)) - caa892f0-76ff-4c1e-b30f-b7c59842badc@group-EA752D978E74: changes role from CANDIDATE to FOLLOWER at term 20 for DISCOVERED_A_NEW_TERM
2019-10-14 14:42:54,259 [caa892f0-76ff-4c1e-b30f-b7c59842badc@group-EA752D978E74:LeaderElection77] INFO  impl.RoleInfo (RoleInfo.java:shutdownLeaderElection(134)) - caa892f0-76ff-4c1e-b30f-b7c59842badc: shutdown LeaderElection
2019-10-14 14:42:54,259 [caa892f0-76ff-4c1e-b30f-b7c59842badc@group-EA752D978E74:LeaderElection77] INFO  impl.RoleInfo (RoleInfo.java:updateAndGet(143)) - caa892f0-76ff-4c1e-b30f-b7c59842badc: start FollowerState
2019-10-14 14:42:54,600 [grpc-default-executor-4] WARN  server.GrpcLogAppender (LogUtils.java:warn(134)) - caa892f0-76ff-4c1e-b30f-b7c59842badc@group-026CFA11C8A1->f9748ec4-5d8a-4dfc-8690-85b8cdac3f5d-AppendLogResponseHandler: Failed appendEntries: org.apache.ratis.thirdparty.io.grpc.StatusRuntimeException: UNAVAILABLE: io exception
2019-10-14 14:42:54,600 [grpc-default-executor-1] WARN  server.GrpcLogAppender (LogUtils.java:warn(134)) - caa892f0-76ff-4c1e-b30f-b7c59842badc@group-382452901537->f9748ec4-5d8a-4dfc-8690-85b8cdac3f5d-AppendLogResponseHandler: Failed appendEntries: org.apache.ratis.thirdparty.io.grpc.StatusRuntimeException: UNAVAILABLE: io exception
2019-10-14 14:42:54,600 [grpc-default-executor-8] WARN  server.GrpcLogAppender (LogUtils.java:warn(134)) - caa892f0-76ff-4c1e-b30f-b7c59842badc@group-026CFA11C8A1->07a15819-e4fc-4072-82ac-b3e77a99d12a-AppendLogResponseHandler: Failed appendEntries: org.apache.ratis.thirdparty.io.grpc.StatusRuntimeException: UNAVAILABLE: io exception
2019-10-14 14:42:54,600 [grpc-default-executor-2] WARN  server.GrpcLogAppender (LogUtils.java:warn(134)) - caa892f0-76ff-4c1e-b30f-b7c59842badc@group-382452901537->07a15819-e4fc-4072-82ac-b3e77a99d12a-AppendLogResponseHandler: Failed appendEntries: org.apache.ratis.thirdparty.io.grpc.StatusRuntimeException: UNAVAILABLE: io exception
2019-10-14 14:42:54,601 [grpc-default-executor-8] INFO  impl.FollowerInfo (FollowerInfo.java:lambda$new$0(51)) - caa892f0-76ff-4c1e-b30f-b7c59842badc@group-026CFA11C8A1->07a15819-e4fc-4072-82ac-b3e77a99d12a: nextIndex: updateUnconditionally 0 -> 0
2019-10-14 14:42:54,601 [grpc-default-executor-1] INFO  impl.FollowerInfo (FollowerInfo.java:lambda$new$0(51)) - caa892f0-76ff-4c1e-b30f-b7c59842badc@group-382452901537->f9748ec4-5d8a-4dfc-8690-85b8cdac3f5d: nextIndex: updateUnconditionally 0 -> 0
2019-10-14 14:42:54,601 [grpc-default-executor-4] INFO  impl.FollowerInfo (FollowerInfo.java:lambda$new$0(51)) - caa892f0-76ff-4c1e-b30f-b7c59842badc@group-026CFA11C8A1->f9748ec4-5d8a-4dfc-8690-85b8cdac3f5d: nextIndex: updateUnconditionally 0 -> 0
2019-10-14 14:42:54,601 [grpc-default-executor-2] INFO  impl.FollowerInfo (FollowerInfo.java:lambda$new$0(51)) - caa892f0-76ff-4c1e-b30f-b7c59842badc@group-382452901537->07a15819-e4fc-4072-82ac-b3e77a99d12a: nextIndex: updateUnconditionally 0 -> 0
2019-10-14 14:42:54,738 [Thread-1416] INFO  impl.FollowerState (FollowerState.java:run(106)) - caa892f0-76ff-4c1e-b30f-b7c59842badc:group-E0B7C1D5C8D3 changes to CANDIDATE, lastRpcTime:1046, electionTimeout:1046ms
2019-10-14 14:42:54,738 [Thread-1416] INFO  impl.RoleInfo (RoleInfo.java:shutdownFollowerState(121)) - caa892f0-76ff-4c1e-b30f-b7c59842badc: shutdown FollowerState
2019-10-14 14:42:54,738 [Thread-1416] INFO  impl.RaftServerImpl (RaftServerImpl.java:setRole(174)) - caa892f0-76ff-4c1e-b30f-b7c59842badc@group-E0B7C1D5C8D3: changes role from  FOLLOWER to CANDIDATE at term 21 for changeToCandidate
2019-10-14 14:42:54,738 [Thread-1416] INFO  impl.RoleInfo (RoleInfo.java:updateAndGet(143)) - caa892f0-76ff-4c1e-b30f-b7c59842badc: start LeaderElection
2019-10-14 14:42:54,752 [caa892f0-76ff-4c1e-b30f-b7c59842badc@group-E0B7C1D5C8D3:LeaderElection78] INFO  impl.LeaderElection (LeaderElection.java:askForVotes(182)) - caa892f0-76ff-4c1e-b30f-b7c59842badc@group-E0B7C1D5C8D3:LeaderElection78: begin an election at term 22 for 0: [07a15819-e4fc-4072-82ac-b3e77a99d12a:192.168.5.159:45599, f9748ec4-5d8a-4dfc-8690-85b8cdac3f5d:192.168.5.159:44598, caa892f0-76ff-4c1e-b30f-b7c59842badc:192.168.5.159:39406], old=null
2019-10-14 14:42:54,755 [caa892f0-76ff-4c1e-b30f-b7c59842badc@group-E0B7C1D5C8D3:LeaderElection78] INFO  impl.LeaderElection (LogUtils.java:infoOrTrace(149)) - caa892f0-76ff-4c1e-b30f-b7c59842badc@group-E0B7C1D5C8D3:LeaderElection78 got exception when requesting votes: {}
java.util.concurrent.ExecutionException: org.apache.ratis.thirdparty.io.grpc.StatusRuntimeException: UNAVAILABLE: io exception
	at java.util.concurrent.FutureTask.report(FutureTask.java:122)
	at java.util.concurrent.FutureTask.get(FutureTask.java:192)
	at org.apache.ratis.server.impl.LeaderElection.waitForResults(LeaderElection.java:263)
	at org.apache.ratis.server.impl.LeaderElection.askForVotes(LeaderElection.java:201)
	at org.apache.ratis.server.impl.LeaderElection.run(LeaderElection.java:133)
	at java.lang.Thread.run(Thread.java:748)
Caused by: org.apache.ratis.thirdparty.io.grpc.StatusRuntimeException: UNAVAILABLE: io exception
	at org.apache.ratis.thirdparty.io.grpc.stub.ClientCalls.toStatusRuntimeException(ClientCalls.java:233)
	at org.apache.ratis.thirdparty.io.grpc.stub.ClientCalls.getUnchecked(ClientCalls.java:214)
	at org.apache.ratis.thirdparty.io.grpc.stub.ClientCalls.blockingUnaryCall(ClientCalls.java:139)
	at org.apache.ratis.proto.grpc.RaftServerProtocolServiceGrpc$RaftServerProtocolServiceBlockingStub.requestVote(RaftServerProtocolServiceGrpc.java:265)
	at org.apache.ratis.grpc.server.GrpcServerProtocolClient.requestVote(GrpcServerProtocolClient.java:90)
	at org.apache.ratis.grpc.server.GrpcService.requestVote(GrpcService.java:204)
	at org.apache.ratis.server.impl.LeaderElection.lambda$submitRequests$1(LeaderElection.java:238)
	at java.util.concurrent.FutureTask.run(FutureTask.java:266)
	at java.util.concurrent.Executors$RunnableAdapter.call(Executors.java:511)
	at java.util.concurrent.FutureTask.run(FutureTask.java:266)
	at java.util.concurrent.ThreadPoolExecutor.runWorker(ThreadPoolExecutor.java:1149)
	at java.util.concurrent.ThreadPoolExecutor$Worker.run(ThreadPoolExecutor.java:624)
	... 1 more
Caused by: org.apache.ratis.thirdparty.io.netty.channel.AbstractChannel$AnnotatedConnectException: Connection refused: /192.168.5.159:44598
	at sun.nio.ch.SocketChannelImpl.checkConnect(Native Method)
	at sun.nio.ch.SocketChannelImpl.finishConnect(SocketChannelImpl.java:717)
	at org.apache.ratis.thirdparty.io.netty.channel.socket.nio.NioSocketChannel.doFinishConnect(NioSocketChannel.java:327)
	at org.apache.ratis.thirdparty.io.netty.channel.nio.AbstractNioChannel$AbstractNioUnsafe.finishConnect(AbstractNioChannel.java:340)
	at org.apache.ratis.thirdparty.io.netty.channel.nio.NioEventLoop.processSelectedKey(NioEventLoop.java:632)
	at org.apache.ratis.thirdparty.io.netty.channel.nio.NioEventLoop.processSelectedKeysOptimized(NioEventLoop.java:579)
	at org.apache.ratis.thirdparty.io.netty.channel.nio.NioEventLoop.processSelectedKeys(NioEventLoop.java:496)
	at org.apache.ratis.thirdparty.io.netty.channel.nio.NioEventLoop.run(NioEventLoop.java:458)
	at org.apache.ratis.thirdparty.io.netty.util.concurrent.SingleThreadEventExecutor$5.run(SingleThreadEventExecutor.java:897)
	at org.apache.ratis.thirdparty.io.netty.util.concurrent.FastThreadLocalRunnable.run(FastThreadLocalRunnable.java:30)
	... 1 more
Caused by: java.net.ConnectException: Connection refused
	... 11 more
2019-10-14 14:42:54,755 [caa892f0-76ff-4c1e-b30f-b7c59842badc@group-E0B7C1D5C8D3:LeaderElection78] INFO  impl.LeaderElection (LogUtils.java:infoOrTrace(149)) - caa892f0-76ff-4c1e-b30f-b7c59842badc@group-E0B7C1D5C8D3:LeaderElection78 got exception when requesting votes: {}
java.util.concurrent.ExecutionException: org.apache.ratis.thirdparty.io.grpc.StatusRuntimeException: UNAVAILABLE: io exception
	at java.util.concurrent.FutureTask.report(FutureTask.java:122)
	at java.util.concurrent.FutureTask.get(FutureTask.java:192)
	at org.apache.ratis.server.impl.LeaderElection.waitForResults(LeaderElection.java:263)
	at org.apache.ratis.server.impl.LeaderElection.askForVotes(LeaderElection.java:201)
	at org.apache.ratis.server.impl.LeaderElection.run(LeaderElection.java:133)
	at java.lang.Thread.run(Thread.java:748)
Caused by: org.apache.ratis.thirdparty.io.grpc.StatusRuntimeException: UNAVAILABLE: io exception
	at org.apache.ratis.thirdparty.io.grpc.stub.ClientCalls.toStatusRuntimeException(ClientCalls.java:233)
	at org.apache.ratis.thirdparty.io.grpc.stub.ClientCalls.getUnchecked(ClientCalls.java:214)
	at org.apache.ratis.thirdparty.io.grpc.stub.ClientCalls.blockingUnaryCall(ClientCalls.java:139)
	at org.apache.ratis.proto.grpc.RaftServerProtocolServiceGrpc$RaftServerProtocolServiceBlockingStub.requestVote(RaftServerProtocolServiceGrpc.java:265)
	at org.apache.ratis.grpc.server.GrpcServerProtocolClient.requestVote(GrpcServerProtocolClient.java:90)
	at org.apache.ratis.grpc.server.GrpcService.requestVote(GrpcService.java:204)
	at org.apache.ratis.server.impl.LeaderElection.lambda$submitRequests$1(LeaderElection.java:238)
	at java.util.concurrent.FutureTask.run(FutureTask.java:266)
	at java.util.concurrent.Executors$RunnableAdapter.call(Executors.java:511)
	at java.util.concurrent.FutureTask.run(FutureTask.java:266)
	at java.util.concurrent.ThreadPoolExecutor.runWorker(ThreadPoolExecutor.java:1149)
	at java.util.concurrent.ThreadPoolExecutor$Worker.run(ThreadPoolExecutor.java:624)
	... 1 more
Caused by: org.apache.ratis.thirdparty.io.netty.channel.AbstractChannel$AnnotatedConnectException: Connection refused: /192.168.5.159:45599
	at sun.nio.ch.SocketChannelImpl.checkConnect(Native Method)
	at sun.nio.ch.SocketChannelImpl.finishConnect(SocketChannelImpl.java:717)
	at org.apache.ratis.thirdparty.io.netty.channel.socket.nio.NioSocketChannel.doFinishConnect(NioSocketChannel.java:327)
	at org.apache.ratis.thirdparty.io.netty.channel.nio.AbstractNioChannel$AbstractNioUnsafe.finishConnect(AbstractNioChannel.java:340)
	at org.apache.ratis.thirdparty.io.netty.channel.nio.NioEventLoop.processSelectedKey(NioEventLoop.java:632)
	at org.apache.ratis.thirdparty.io.netty.channel.nio.NioEventLoop.processSelectedKeysOptimized(NioEventLoop.java:579)
	at org.apache.ratis.thirdparty.io.netty.channel.nio.NioEventLoop.processSelectedKeys(NioEventLoop.java:496)
	at org.apache.ratis.thirdparty.io.netty.channel.nio.NioEventLoop.run(NioEventLoop.java:458)
	at org.apache.ratis.thirdparty.io.netty.util.concurrent.SingleThreadEventExecutor$5.run(SingleThreadEventExecutor.java:897)
	at org.apache.ratis.thirdparty.io.netty.util.concurrent.FastThreadLocalRunnable.run(FastThreadLocalRunnable.java:30)
	... 1 more
Caused by: java.net.ConnectException: Connection refused
	... 11 more
2019-10-14 14:42:54,755 [caa892f0-76ff-4c1e-b30f-b7c59842badc@group-E0B7C1D5C8D3:LeaderElection78] INFO  impl.LeaderElection (LeaderElection.java:logAndReturn(56)) - caa892f0-76ff-4c1e-b30f-b7c59842badc@group-E0B7C1D5C8D3:LeaderElection78: Election REJECTED; received 0 response(s) [] and 2 exception(s); caa892f0-76ff-4c1e-b30f-b7c59842badc@group-E0B7C1D5C8D3:t22, leader=null, voted=caa892f0-76ff-4c1e-b30f-b7c59842badc, raftlog=caa892f0-76ff-4c1e-b30f-b7c59842badc@group-E0B7C1D5C8D3-SegmentedRaftLog:OPENED:c0,f0,i0, conf=0: [07a15819-e4fc-4072-82ac-b3e77a99d12a:192.168.5.159:45599, f9748ec4-5d8a-4dfc-8690-85b8cdac3f5d:192.168.5.159:44598, caa892f0-76ff-4c1e-b30f-b7c59842badc:192.168.5.159:39406], old=null
2019-10-14 14:42:54,755 [caa892f0-76ff-4c1e-b30f-b7c59842badc@group-E0B7C1D5C8D3:LeaderElection78] INFO  impl.LeaderElection (LogUtils.java:infoOrTrace(149)) -   Exception 0: {}
java.util.concurrent.ExecutionException: org.apache.ratis.thirdparty.io.grpc.StatusRuntimeException: UNAVAILABLE: io exception
	at java.util.concurrent.FutureTask.report(FutureTask.java:122)
	at java.util.concurrent.FutureTask.get(FutureTask.java:192)
	at org.apache.ratis.server.impl.LeaderElection.waitForResults(LeaderElection.java:263)
	at org.apache.ratis.server.impl.LeaderElection.askForVotes(LeaderElection.java:201)
	at org.apache.ratis.server.impl.LeaderElection.run(LeaderElection.java:133)
	at java.lang.Thread.run(Thread.java:748)
Caused by: org.apache.ratis.thirdparty.io.grpc.StatusRuntimeException: UNAVAILABLE: io exception
	at org.apache.ratis.thirdparty.io.grpc.stub.ClientCalls.toStatusRuntimeException(ClientCalls.java:233)
	at org.apache.ratis.thirdparty.io.grpc.stub.ClientCalls.getUnchecked(ClientCalls.java:214)
	at org.apache.ratis.thirdparty.io.grpc.stub.ClientCalls.blockingUnaryCall(ClientCalls.java:139)
	at org.apache.ratis.proto.grpc.RaftServerProtocolServiceGrpc$RaftServerProtocolServiceBlockingStub.requestVote(RaftServerProtocolServiceGrpc.java:265)
	at org.apache.ratis.grpc.server.GrpcServerProtocolClient.requestVote(GrpcServerProtocolClient.java:90)
	at org.apache.ratis.grpc.server.GrpcService.requestVote(GrpcService.java:204)
	at org.apache.ratis.server.impl.LeaderElection.lambda$submitRequests$1(LeaderElection.java:238)
	at java.util.concurrent.FutureTask.run(FutureTask.java:266)
	at java.util.concurrent.Executors$RunnableAdapter.call(Executors.java:511)
	at java.util.concurrent.FutureTask.run(FutureTask.java:266)
	at java.util.concurrent.ThreadPoolExecutor.runWorker(ThreadPoolExecutor.java:1149)
	at java.util.concurrent.ThreadPoolExecutor$Worker.run(ThreadPoolExecutor.java:624)
	... 1 more
Caused by: org.apache.ratis.thirdparty.io.netty.channel.AbstractChannel$AnnotatedConnectException: Connection refused: /192.168.5.159:44598
	at sun.nio.ch.SocketChannelImpl.checkConnect(Native Method)
	at sun.nio.ch.SocketChannelImpl.finishConnect(SocketChannelImpl.java:717)
	at org.apache.ratis.thirdparty.io.netty.channel.socket.nio.NioSocketChannel.doFinishConnect(NioSocketChannel.java:327)
	at org.apache.ratis.thirdparty.io.netty.channel.nio.AbstractNioChannel$AbstractNioUnsafe.finishConnect(AbstractNioChannel.java:340)
	at org.apache.ratis.thirdparty.io.netty.channel.nio.NioEventLoop.processSelectedKey(NioEventLoop.java:632)
	at org.apache.ratis.thirdparty.io.netty.channel.nio.NioEventLoop.processSelectedKeysOptimized(NioEventLoop.java:579)
	at org.apache.ratis.thirdparty.io.netty.channel.nio.NioEventLoop.processSelectedKeys(NioEventLoop.java:496)
	at org.apache.ratis.thirdparty.io.netty.channel.nio.NioEventLoop.run(NioEventLoop.java:458)
	at org.apache.ratis.thirdparty.io.netty.util.concurrent.SingleThreadEventExecutor$5.run(SingleThreadEventExecutor.java:897)
	at org.apache.ratis.thirdparty.io.netty.util.concurrent.FastThreadLocalRunnable.run(FastThreadLocalRunnable.java:30)
	... 1 more
Caused by: java.net.ConnectException: Connection refused
	... 11 more
2019-10-14 14:42:54,756 [caa892f0-76ff-4c1e-b30f-b7c59842badc@group-E0B7C1D5C8D3:LeaderElection78] INFO  impl.LeaderElection (LogUtils.java:infoOrTrace(149)) -   Exception 1: {}
java.util.concurrent.ExecutionException: org.apache.ratis.thirdparty.io.grpc.StatusRuntimeException: UNAVAILABLE: io exception
	at java.util.concurrent.FutureTask.report(FutureTask.java:122)
	at java.util.concurrent.FutureTask.get(FutureTask.java:192)
	at org.apache.ratis.server.impl.LeaderElection.waitForResults(LeaderElection.java:263)
	at org.apache.ratis.server.impl.LeaderElection.askForVotes(LeaderElection.java:201)
	at org.apache.ratis.server.impl.LeaderElection.run(LeaderElection.java:133)
	at java.lang.Thread.run(Thread.java:748)
Caused by: org.apache.ratis.thirdparty.io.grpc.StatusRuntimeException: UNAVAILABLE: io exception
	at org.apache.ratis.thirdparty.io.grpc.stub.ClientCalls.toStatusRuntimeException(ClientCalls.java:233)
	at org.apache.ratis.thirdparty.io.grpc.stub.ClientCalls.getUnchecked(ClientCalls.java:214)
	at org.apache.ratis.thirdparty.io.grpc.stub.ClientCalls.blockingUnaryCall(ClientCalls.java:139)
	at org.apache.ratis.proto.grpc.RaftServerProtocolServiceGrpc$RaftServerProtocolServiceBlockingStub.requestVote(RaftServerProtocolServiceGrpc.java:265)
	at org.apache.ratis.grpc.server.GrpcServerProtocolClient.requestVote(GrpcServerProtocolClient.java:90)
	at org.apache.ratis.grpc.server.GrpcService.requestVote(GrpcService.java:204)
	at org.apache.ratis.server.impl.LeaderElection.lambda$submitRequests$1(LeaderElection.java:238)
	at java.util.concurrent.FutureTask.run(FutureTask.java:266)
	at java.util.concurrent.Executors$RunnableAdapter.call(Executors.java:511)
	at java.util.concurrent.FutureTask.run(FutureTask.java:266)
	at java.util.concurrent.ThreadPoolExecutor.runWorker(ThreadPoolExecutor.java:1149)
	at java.util.concurrent.ThreadPoolExecutor$Worker.run(ThreadPoolExecutor.java:624)
	... 1 more
Caused by: org.apache.ratis.thirdparty.io.netty.channel.AbstractChannel$AnnotatedConnectException: Connection refused: /192.168.5.159:45599
	at sun.nio.ch.SocketChannelImpl.checkConnect(Native Method)
	at sun.nio.ch.SocketChannelImpl.finishConnect(SocketChannelImpl.java:717)
	at org.apache.ratis.thirdparty.io.netty.channel.socket.nio.NioSocketChannel.doFinishConnect(NioSocketChannel.java:327)
	at org.apache.ratis.thirdparty.io.netty.channel.nio.AbstractNioChannel$AbstractNioUnsafe.finishConnect(AbstractNioChannel.java:340)
	at org.apache.ratis.thirdparty.io.netty.channel.nio.NioEventLoop.processSelectedKey(NioEventLoop.java:632)
	at org.apache.ratis.thirdparty.io.netty.channel.nio.NioEventLoop.processSelectedKeysOptimized(NioEventLoop.java:579)
	at org.apache.ratis.thirdparty.io.netty.channel.nio.NioEventLoop.processSelectedKeys(NioEventLoop.java:496)
	at org.apache.ratis.thirdparty.io.netty.channel.nio.NioEventLoop.run(NioEventLoop.java:458)
	at org.apache.ratis.thirdparty.io.netty.util.concurrent.SingleThreadEventExecutor$5.run(SingleThreadEventExecutor.java:897)
	at org.apache.ratis.thirdparty.io.netty.util.concurrent.FastThreadLocalRunnable.run(FastThreadLocalRunnable.java:30)
	... 1 more
Caused by: java.net.ConnectException: Connection refused
	... 11 more
2019-10-14 14:42:54,756 [caa892f0-76ff-4c1e-b30f-b7c59842badc@group-E0B7C1D5C8D3:LeaderElection78] INFO  impl.RaftServerImpl (RaftServerImpl.java:setRole(174)) - caa892f0-76ff-4c1e-b30f-b7c59842badc@group-E0B7C1D5C8D3: changes role from CANDIDATE to FOLLOWER at term 22 for DISCOVERED_A_NEW_TERM
2019-10-14 14:42:54,756 [caa892f0-76ff-4c1e-b30f-b7c59842badc@group-E0B7C1D5C8D3:LeaderElection78] INFO  impl.RoleInfo (RoleInfo.java:shutdownLeaderElection(134)) - caa892f0-76ff-4c1e-b30f-b7c59842badc: shutdown LeaderElection
2019-10-14 14:42:54,756 [caa892f0-76ff-4c1e-b30f-b7c59842badc@group-E0B7C1D5C8D3:LeaderElection78] INFO  impl.RoleInfo (RoleInfo.java:updateAndGet(143)) - caa892f0-76ff-4c1e-b30f-b7c59842badc: start FollowerState
2019-10-14 14:42:55,101 [grpc-default-executor-2] WARN  server.GrpcLogAppender (LogUtils.java:warn(134)) - caa892f0-76ff-4c1e-b30f-b7c59842badc@group-382452901537->07a15819-e4fc-4072-82ac-b3e77a99d12a-AppendLogResponseHandler: Failed appendEntries: org.apache.ratis.thirdparty.io.grpc.StatusRuntimeException: UNAVAILABLE: io exception
2019-10-14 14:42:55,101 [grpc-default-executor-8] WARN  server.GrpcLogAppender (LogUtils.java:warn(134)) - caa892f0-76ff-4c1e-b30f-b7c59842badc@group-382452901537->f9748ec4-5d8a-4dfc-8690-85b8cdac3f5d-AppendLogResponseHandler: Failed appendEntries: org.apache.ratis.thirdparty.io.grpc.StatusRuntimeException: UNAVAILABLE: io exception
2019-10-14 14:42:55,101 [grpc-default-executor-1] WARN  server.GrpcLogAppender (LogUtils.java:warn(134)) - caa892f0-76ff-4c1e-b30f-b7c59842badc@group-026CFA11C8A1->f9748ec4-5d8a-4dfc-8690-85b8cdac3f5d-AppendLogResponseHandler: Failed appendEntries: org.apache.ratis.thirdparty.io.grpc.StatusRuntimeException: UNAVAILABLE: io exception
2019-10-14 14:42:55,101 [grpc-default-executor-4] WARN  server.GrpcLogAppender (LogUtils.java:warn(134)) - caa892f0-76ff-4c1e-b30f-b7c59842badc@group-026CFA11C8A1->07a15819-e4fc-4072-82ac-b3e77a99d12a-AppendLogResponseHandler: Failed appendEntries: org.apache.ratis.thirdparty.io.grpc.StatusRuntimeException: UNAVAILABLE: io exception
2019-10-14 14:42:55,102 [grpc-default-executor-1] INFO  impl.FollowerInfo (FollowerInfo.java:lambda$new$0(51)) - caa892f0-76ff-4c1e-b30f-b7c59842badc@group-026CFA11C8A1->f9748ec4-5d8a-4dfc-8690-85b8cdac3f5d: nextIndex: updateUnconditionally 0 -> 0
2019-10-14 14:42:55,101 [grpc-default-executor-8] INFO  impl.FollowerInfo (FollowerInfo.java:lambda$new$0(51)) - caa892f0-76ff-4c1e-b30f-b7c59842badc@group-382452901537->f9748ec4-5d8a-4dfc-8690-85b8cdac3f5d: nextIndex: updateUnconditionally 0 -> 0
2019-10-14 14:42:55,101 [grpc-default-executor-2] INFO  impl.FollowerInfo (FollowerInfo.java:lambda$new$0(51)) - caa892f0-76ff-4c1e-b30f-b7c59842badc@group-382452901537->07a15819-e4fc-4072-82ac-b3e77a99d12a: nextIndex: updateUnconditionally 0 -> 0
2019-10-14 14:42:55,102 [grpc-default-executor-4] INFO  impl.FollowerInfo (FollowerInfo.java:lambda$new$0(51)) - caa892f0-76ff-4c1e-b30f-b7c59842badc@group-026CFA11C8A1->07a15819-e4fc-4072-82ac-b3e77a99d12a: nextIndex: updateUnconditionally 0 -> 0
2019-10-14 14:42:55,396 [Thread-1428] INFO  impl.FollowerState (FollowerState.java:run(106)) - caa892f0-76ff-4c1e-b30f-b7c59842badc:group-EA752D978E74 changes to CANDIDATE, lastRpcTime:1136, electionTimeout:1136ms
2019-10-14 14:42:55,396 [Thread-1428] INFO  impl.RoleInfo (RoleInfo.java:shutdownFollowerState(121)) - caa892f0-76ff-4c1e-b30f-b7c59842badc: shutdown FollowerState
2019-10-14 14:42:55,396 [Thread-1428] INFO  impl.RaftServerImpl (RaftServerImpl.java:setRole(174)) - caa892f0-76ff-4c1e-b30f-b7c59842badc@group-EA752D978E74: changes role from  FOLLOWER to CANDIDATE at term 20 for changeToCandidate
2019-10-14 14:42:55,396 [Thread-1428] INFO  impl.RoleInfo (RoleInfo.java:updateAndGet(143)) - caa892f0-76ff-4c1e-b30f-b7c59842badc: start LeaderElection
2019-10-14 14:42:55,411 [caa892f0-76ff-4c1e-b30f-b7c59842badc@group-EA752D978E74:LeaderElection79] INFO  impl.LeaderElection (LeaderElection.java:askForVotes(182)) - caa892f0-76ff-4c1e-b30f-b7c59842badc@group-EA752D978E74:LeaderElection79: begin an election at term 21 for 0: [07a15819-e4fc-4072-82ac-b3e77a99d12a:192.168.5.159:45599, f9748ec4-5d8a-4dfc-8690-85b8cdac3f5d:192.168.5.159:44598, caa892f0-76ff-4c1e-b30f-b7c59842badc:192.168.5.159:39406], old=null
2019-10-14 14:42:55,414 [caa892f0-76ff-4c1e-b30f-b7c59842badc@group-EA752D978E74:LeaderElection79] INFO  impl.LeaderElection (LogUtils.java:infoOrTrace(149)) - caa892f0-76ff-4c1e-b30f-b7c59842badc@group-EA752D978E74:LeaderElection79 got exception when requesting votes: {}
java.util.concurrent.ExecutionException: org.apache.ratis.thirdparty.io.grpc.StatusRuntimeException: UNAVAILABLE: io exception
	at java.util.concurrent.FutureTask.report(FutureTask.java:122)
	at java.util.concurrent.FutureTask.get(FutureTask.java:192)
	at org.apache.ratis.server.impl.LeaderElection.waitForResults(LeaderElection.java:263)
	at org.apache.ratis.server.impl.LeaderElection.askForVotes(LeaderElection.java:201)
	at org.apache.ratis.server.impl.LeaderElection.run(LeaderElection.java:133)
	at java.lang.Thread.run(Thread.java:748)
Caused by: org.apache.ratis.thirdparty.io.grpc.StatusRuntimeException: UNAVAILABLE: io exception
	at org.apache.ratis.thirdparty.io.grpc.stub.ClientCalls.toStatusRuntimeException(ClientCalls.java:233)
	at org.apache.ratis.thirdparty.io.grpc.stub.ClientCalls.getUnchecked(ClientCalls.java:214)
	at org.apache.ratis.thirdparty.io.grpc.stub.ClientCalls.blockingUnaryCall(ClientCalls.java:139)
	at org.apache.ratis.proto.grpc.RaftServerProtocolServiceGrpc$RaftServerProtocolServiceBlockingStub.requestVote(RaftServerProtocolServiceGrpc.java:265)
	at org.apache.ratis.grpc.server.GrpcServerProtocolClient.requestVote(GrpcServerProtocolClient.java:90)
	at org.apache.ratis.grpc.server.GrpcService.requestVote(GrpcService.java:204)
	at org.apache.ratis.server.impl.LeaderElection.lambda$submitRequests$1(LeaderElection.java:238)
	at java.util.concurrent.FutureTask.run(FutureTask.java:266)
	at java.util.concurrent.Executors$RunnableAdapter.call(Executors.java:511)
	at java.util.concurrent.FutureTask.run(FutureTask.java:266)
	at java.util.concurrent.ThreadPoolExecutor.runWorker(ThreadPoolExecutor.java:1149)
	at java.util.concurrent.ThreadPoolExecutor$Worker.run(ThreadPoolExecutor.java:624)
	... 1 more
Caused by: org.apache.ratis.thirdparty.io.netty.channel.AbstractChannel$AnnotatedConnectException: Connection refused: /192.168.5.159:45599
	at sun.nio.ch.SocketChannelImpl.checkConnect(Native Method)
	at sun.nio.ch.SocketChannelImpl.finishConnect(SocketChannelImpl.java:717)
	at org.apache.ratis.thirdparty.io.netty.channel.socket.nio.NioSocketChannel.doFinishConnect(NioSocketChannel.java:327)
	at org.apache.ratis.thirdparty.io.netty.channel.nio.AbstractNioChannel$AbstractNioUnsafe.finishConnect(AbstractNioChannel.java:340)
	at org.apache.ratis.thirdparty.io.netty.channel.nio.NioEventLoop.processSelectedKey(NioEventLoop.java:632)
	at org.apache.ratis.thirdparty.io.netty.channel.nio.NioEventLoop.processSelectedKeysOptimized(NioEventLoop.java:579)
	at org.apache.ratis.thirdparty.io.netty.channel.nio.NioEventLoop.processSelectedKeys(NioEventLoop.java:496)
	at org.apache.ratis.thirdparty.io.netty.channel.nio.NioEventLoop.run(NioEventLoop.java:458)
	at org.apache.ratis.thirdparty.io.netty.util.concurrent.SingleThreadEventExecutor$5.run(SingleThreadEventExecutor.java:897)
	at org.apache.ratis.thirdparty.io.netty.util.concurrent.FastThreadLocalRunnable.run(FastThreadLocalRunnable.java:30)
	... 1 more
Caused by: java.net.ConnectException: Connection refused
	... 11 more
2019-10-14 14:42:55,414 [caa892f0-76ff-4c1e-b30f-b7c59842badc@group-EA752D978E74:LeaderElection79] INFO  impl.LeaderElection (LogUtils.java:infoOrTrace(149)) - caa892f0-76ff-4c1e-b30f-b7c59842badc@group-EA752D978E74:LeaderElection79 got exception when requesting votes: {}
java.util.concurrent.ExecutionException: org.apache.ratis.thirdparty.io.grpc.StatusRuntimeException: UNAVAILABLE: io exception
	at java.util.concurrent.FutureTask.report(FutureTask.java:122)
	at java.util.concurrent.FutureTask.get(FutureTask.java:192)
	at org.apache.ratis.server.impl.LeaderElection.waitForResults(LeaderElection.java:263)
	at org.apache.ratis.server.impl.LeaderElection.askForVotes(LeaderElection.java:201)
	at org.apache.ratis.server.impl.LeaderElection.run(LeaderElection.java:133)
	at java.lang.Thread.run(Thread.java:748)
Caused by: org.apache.ratis.thirdparty.io.grpc.StatusRuntimeException: UNAVAILABLE: io exception
	at org.apache.ratis.thirdparty.io.grpc.stub.ClientCalls.toStatusRuntimeException(ClientCalls.java:233)
	at org.apache.ratis.thirdparty.io.grpc.stub.ClientCalls.getUnchecked(ClientCalls.java:214)
	at org.apache.ratis.thirdparty.io.grpc.stub.ClientCalls.blockingUnaryCall(ClientCalls.java:139)
	at org.apache.ratis.proto.grpc.RaftServerProtocolServiceGrpc$RaftServerProtocolServiceBlockingStub.requestVote(RaftServerProtocolServiceGrpc.java:265)
	at org.apache.ratis.grpc.server.GrpcServerProtocolClient.requestVote(GrpcServerProtocolClient.java:90)
	at org.apache.ratis.grpc.server.GrpcService.requestVote(GrpcService.java:204)
	at org.apache.ratis.server.impl.LeaderElection.lambda$submitRequests$1(LeaderElection.java:238)
	at java.util.concurrent.FutureTask.run(FutureTask.java:266)
	at java.util.concurrent.Executors$RunnableAdapter.call(Executors.java:511)
	at java.util.concurrent.FutureTask.run(FutureTask.java:266)
	at java.util.concurrent.ThreadPoolExecutor.runWorker(ThreadPoolExecutor.java:1149)
	at java.util.concurrent.ThreadPoolExecutor$Worker.run(ThreadPoolExecutor.java:624)
	... 1 more
Caused by: org.apache.ratis.thirdparty.io.netty.channel.AbstractChannel$AnnotatedConnectException: Connection refused: /192.168.5.159:44598
	at sun.nio.ch.SocketChannelImpl.checkConnect(Native Method)
	at sun.nio.ch.SocketChannelImpl.finishConnect(SocketChannelImpl.java:717)
	at org.apache.ratis.thirdparty.io.netty.channel.socket.nio.NioSocketChannel.doFinishConnect(NioSocketChannel.java:327)
	at org.apache.ratis.thirdparty.io.netty.channel.nio.AbstractNioChannel$AbstractNioUnsafe.finishConnect(AbstractNioChannel.java:340)
	at org.apache.ratis.thirdparty.io.netty.channel.nio.NioEventLoop.processSelectedKey(NioEventLoop.java:632)
	at org.apache.ratis.thirdparty.io.netty.channel.nio.NioEventLoop.processSelectedKeysOptimized(NioEventLoop.java:579)
	at org.apache.ratis.thirdparty.io.netty.channel.nio.NioEventLoop.processSelectedKeys(NioEventLoop.java:496)
	at org.apache.ratis.thirdparty.io.netty.channel.nio.NioEventLoop.run(NioEventLoop.java:458)
	at org.apache.ratis.thirdparty.io.netty.util.concurrent.SingleThreadEventExecutor$5.run(SingleThreadEventExecutor.java:897)
	at org.apache.ratis.thirdparty.io.netty.util.concurrent.FastThreadLocalRunnable.run(FastThreadLocalRunnable.java:30)
	... 1 more
Caused by: java.net.ConnectException: Connection refused
	... 11 more
2019-10-14 14:42:55,415 [caa892f0-76ff-4c1e-b30f-b7c59842badc@group-EA752D978E74:LeaderElection79] INFO  impl.LeaderElection (LeaderElection.java:logAndReturn(56)) - caa892f0-76ff-4c1e-b30f-b7c59842badc@group-EA752D978E74:LeaderElection79: Election REJECTED; received 0 response(s) [] and 2 exception(s); caa892f0-76ff-4c1e-b30f-b7c59842badc@group-EA752D978E74:t21, leader=null, voted=caa892f0-76ff-4c1e-b30f-b7c59842badc, raftlog=caa892f0-76ff-4c1e-b30f-b7c59842badc@group-EA752D978E74-SegmentedRaftLog:OPENED:c16,f16,i16, conf=0: [07a15819-e4fc-4072-82ac-b3e77a99d12a:192.168.5.159:45599, f9748ec4-5d8a-4dfc-8690-85b8cdac3f5d:192.168.5.159:44598, caa892f0-76ff-4c1e-b30f-b7c59842badc:192.168.5.159:39406], old=null
2019-10-14 14:42:55,415 [caa892f0-76ff-4c1e-b30f-b7c59842badc@group-EA752D978E74:LeaderElection79] INFO  impl.LeaderElection (LogUtils.java:infoOrTrace(149)) -   Exception 0: {}
java.util.concurrent.ExecutionException: org.apache.ratis.thirdparty.io.grpc.StatusRuntimeException: UNAVAILABLE: io exception
	at java.util.concurrent.FutureTask.report(FutureTask.java:122)
	at java.util.concurrent.FutureTask.get(FutureTask.java:192)
	at org.apache.ratis.server.impl.LeaderElection.waitForResults(LeaderElection.java:263)
	at org.apache.ratis.server.impl.LeaderElection.askForVotes(LeaderElection.java:201)
	at org.apache.ratis.server.impl.LeaderElection.run(LeaderElection.java:133)
	at java.lang.Thread.run(Thread.java:748)
Caused by: org.apache.ratis.thirdparty.io.grpc.StatusRuntimeException: UNAVAILABLE: io exception
	at org.apache.ratis.thirdparty.io.grpc.stub.ClientCalls.toStatusRuntimeException(ClientCalls.java:233)
	at org.apache.ratis.thirdparty.io.grpc.stub.ClientCalls.getUnchecked(ClientCalls.java:214)
	at org.apache.ratis.thirdparty.io.grpc.stub.ClientCalls.blockingUnaryCall(ClientCalls.java:139)
	at org.apache.ratis.proto.grpc.RaftServerProtocolServiceGrpc$RaftServerProtocolServiceBlockingStub.requestVote(RaftServerProtocolServiceGrpc.java:265)
	at org.apache.ratis.grpc.server.GrpcServerProtocolClient.requestVote(GrpcServerProtocolClient.java:90)
	at org.apache.ratis.grpc.server.GrpcService.requestVote(GrpcService.java:204)
	at org.apache.ratis.server.impl.LeaderElection.lambda$submitRequests$1(LeaderElection.java:238)
	at java.util.concurrent.FutureTask.run(FutureTask.java:266)
	at java.util.concurrent.Executors$RunnableAdapter.call(Executors.java:511)
	at java.util.concurrent.FutureTask.run(FutureTask.java:266)
	at java.util.concurrent.ThreadPoolExecutor.runWorker(ThreadPoolExecutor.java:1149)
	at java.util.concurrent.ThreadPoolExecutor$Worker.run(ThreadPoolExecutor.java:624)
	... 1 more
Caused by: org.apache.ratis.thirdparty.io.netty.channel.AbstractChannel$AnnotatedConnectException: Connection refused: /192.168.5.159:45599
	at sun.nio.ch.SocketChannelImpl.checkConnect(Native Method)
	at sun.nio.ch.SocketChannelImpl.finishConnect(SocketChannelImpl.java:717)
	at org.apache.ratis.thirdparty.io.netty.channel.socket.nio.NioSocketChannel.doFinishConnect(NioSocketChannel.java:327)
	at org.apache.ratis.thirdparty.io.netty.channel.nio.AbstractNioChannel$AbstractNioUnsafe.finishConnect(AbstractNioChannel.java:340)
	at org.apache.ratis.thirdparty.io.netty.channel.nio.NioEventLoop.processSelectedKey(NioEventLoop.java:632)
	at org.apache.ratis.thirdparty.io.netty.channel.nio.NioEventLoop.processSelectedKeysOptimized(NioEventLoop.java:579)
	at org.apache.ratis.thirdparty.io.netty.channel.nio.NioEventLoop.processSelectedKeys(NioEventLoop.java:496)
	at org.apache.ratis.thirdparty.io.netty.channel.nio.NioEventLoop.run(NioEventLoop.java:458)
	at org.apache.ratis.thirdparty.io.netty.util.concurrent.SingleThreadEventExecutor$5.run(SingleThreadEventExecutor.java:897)
	at org.apache.ratis.thirdparty.io.netty.util.concurrent.FastThreadLocalRunnable.run(FastThreadLocalRunnable.java:30)
	... 1 more
Caused by: java.net.ConnectException: Connection refused
	... 11 more
2019-10-14 14:42:55,416 [caa892f0-76ff-4c1e-b30f-b7c59842badc@group-EA752D978E74:LeaderElection79] INFO  impl.LeaderElection (LogUtils.java:infoOrTrace(149)) -   Exception 1: {}
java.util.concurrent.ExecutionException: org.apache.ratis.thirdparty.io.grpc.StatusRuntimeException: UNAVAILABLE: io exception
	at java.util.concurrent.FutureTask.report(FutureTask.java:122)
	at java.util.concurrent.FutureTask.get(FutureTask.java:192)
	at org.apache.ratis.server.impl.LeaderElection.waitForResults(LeaderElection.java:263)
	at org.apache.ratis.server.impl.LeaderElection.askForVotes(LeaderElection.java:201)
	at org.apache.ratis.server.impl.LeaderElection.run(LeaderElection.java:133)
	at java.lang.Thread.run(Thread.java:748)
Caused by: org.apache.ratis.thirdparty.io.grpc.StatusRuntimeException: UNAVAILABLE: io exception
	at org.apache.ratis.thirdparty.io.grpc.stub.ClientCalls.toStatusRuntimeException(ClientCalls.java:233)
	at org.apache.ratis.thirdparty.io.grpc.stub.ClientCalls.getUnchecked(ClientCalls.java:214)
	at org.apache.ratis.thirdparty.io.grpc.stub.ClientCalls.blockingUnaryCall(ClientCalls.java:139)
	at org.apache.ratis.proto.grpc.RaftServerProtocolServiceGrpc$RaftServerProtocolServiceBlockingStub.requestVote(RaftServerProtocolServiceGrpc.java:265)
	at org.apache.ratis.grpc.server.GrpcServerProtocolClient.requestVote(GrpcServerProtocolClient.java:90)
	at org.apache.ratis.grpc.server.GrpcService.requestVote(GrpcService.java:204)
	at org.apache.ratis.server.impl.LeaderElection.lambda$submitRequests$1(LeaderElection.java:238)
	at java.util.concurrent.FutureTask.run(FutureTask.java:266)
	at java.util.concurrent.Executors$RunnableAdapter.call(Executors.java:511)
	at java.util.concurrent.FutureTask.run(FutureTask.java:266)
	at java.util.concurrent.ThreadPoolExecutor.runWorker(ThreadPoolExecutor.java:1149)
	at java.util.concurrent.ThreadPoolExecutor$Worker.run(ThreadPoolExecutor.java:624)
	... 1 more
Caused by: org.apache.ratis.thirdparty.io.netty.channel.AbstractChannel$AnnotatedConnectException: Connection refused: /192.168.5.159:44598
	at sun.nio.ch.SocketChannelImpl.checkConnect(Native Method)
	at sun.nio.ch.SocketChannelImpl.finishConnect(SocketChannelImpl.java:717)
	at org.apache.ratis.thirdparty.io.netty.channel.socket.nio.NioSocketChannel.doFinishConnect(NioSocketChannel.java:327)
	at org.apache.ratis.thirdparty.io.netty.channel.nio.AbstractNioChannel$AbstractNioUnsafe.finishConnect(AbstractNioChannel.java:340)
	at org.apache.ratis.thirdparty.io.netty.channel.nio.NioEventLoop.processSelectedKey(NioEventLoop.java:632)
	at org.apache.ratis.thirdparty.io.netty.channel.nio.NioEventLoop.processSelectedKeysOptimized(NioEventLoop.java:579)
	at org.apache.ratis.thirdparty.io.netty.channel.nio.NioEventLoop.processSelectedKeys(NioEventLoop.java:496)
	at org.apache.ratis.thirdparty.io.netty.channel.nio.NioEventLoop.run(NioEventLoop.java:458)
	at org.apache.ratis.thirdparty.io.netty.util.concurrent.SingleThreadEventExecutor$5.run(SingleThreadEventExecutor.java:897)
	at org.apache.ratis.thirdparty.io.netty.util.concurrent.FastThreadLocalRunnable.run(FastThreadLocalRunnable.java:30)
	... 1 more
Caused by: java.net.ConnectException: Connection refused
	... 11 more
2019-10-14 14:42:55,416 [caa892f0-76ff-4c1e-b30f-b7c59842badc@group-EA752D978E74:LeaderElection79] INFO  impl.RaftServerImpl (RaftServerImpl.java:setRole(174)) - caa892f0-76ff-4c1e-b30f-b7c59842badc@group-EA752D978E74: changes role from CANDIDATE to FOLLOWER at term 21 for DISCOVERED_A_NEW_TERM
2019-10-14 14:42:55,416 [caa892f0-76ff-4c1e-b30f-b7c59842badc@group-EA752D978E74:LeaderElection79] INFO  impl.RoleInfo (RoleInfo.java:shutdownLeaderElection(134)) - caa892f0-76ff-4c1e-b30f-b7c59842badc: shutdown LeaderElection
2019-10-14 14:42:55,417 [caa892f0-76ff-4c1e-b30f-b7c59842badc@group-EA752D978E74:LeaderElection79] INFO  impl.RoleInfo (RoleInfo.java:updateAndGet(143)) - caa892f0-76ff-4c1e-b30f-b7c59842badc: start FollowerState
2019-10-14 14:42:55,601 [grpc-default-executor-8] WARN  server.GrpcLogAppender (LogUtils.java:warn(134)) - caa892f0-76ff-4c1e-b30f-b7c59842badc@group-382452901537->07a15819-e4fc-4072-82ac-b3e77a99d12a-AppendLogResponseHandler: Failed appendEntries: org.apache.ratis.thirdparty.io.grpc.StatusRuntimeException: UNAVAILABLE: io exception
2019-10-14 14:42:55,601 [grpc-default-executor-1] WARN  server.GrpcLogAppender (LogUtils.java:warn(134)) - caa892f0-76ff-4c1e-b30f-b7c59842badc@group-382452901537->f9748ec4-5d8a-4dfc-8690-85b8cdac3f5d-AppendLogResponseHandler: Failed appendEntries: org.apache.ratis.thirdparty.io.grpc.StatusRuntimeException: UNAVAILABLE: io exception
2019-10-14 14:42:55,601 [grpc-default-executor-2] WARN  server.GrpcLogAppender (LogUtils.java:warn(134)) - caa892f0-76ff-4c1e-b30f-b7c59842badc@group-026CFA11C8A1->07a15819-e4fc-4072-82ac-b3e77a99d12a-AppendLogResponseHandler: Failed appendEntries: org.apache.ratis.thirdparty.io.grpc.StatusRuntimeException: UNAVAILABLE: io exception
2019-10-14 14:42:55,601 [grpc-default-executor-4] WARN  server.GrpcLogAppender (LogUtils.java:warn(134)) - caa892f0-76ff-4c1e-b30f-b7c59842badc@group-026CFA11C8A1->f9748ec4-5d8a-4dfc-8690-85b8cdac3f5d-AppendLogResponseHandler: Failed appendEntries: org.apache.ratis.thirdparty.io.grpc.StatusRuntimeException: UNAVAILABLE: io exception
2019-10-14 14:42:55,602 [grpc-default-executor-2] INFO  impl.FollowerInfo (FollowerInfo.java:lambda$new$0(51)) - caa892f0-76ff-4c1e-b30f-b7c59842badc@group-026CFA11C8A1->07a15819-e4fc-4072-82ac-b3e77a99d12a: nextIndex: updateUnconditionally 0 -> 0
2019-10-14 14:42:55,602 [grpc-default-executor-1] INFO  impl.FollowerInfo (FollowerInfo.java:lambda$new$0(51)) - caa892f0-76ff-4c1e-b30f-b7c59842badc@group-382452901537->f9748ec4-5d8a-4dfc-8690-85b8cdac3f5d: nextIndex: updateUnconditionally 0 -> 0
2019-10-14 14:42:55,602 [grpc-default-executor-8] INFO  impl.FollowerInfo (FollowerInfo.java:lambda$new$0(51)) - caa892f0-76ff-4c1e-b30f-b7c59842badc@group-382452901537->07a15819-e4fc-4072-82ac-b3e77a99d12a: nextIndex: updateUnconditionally 0 -> 0
2019-10-14 14:42:55,602 [grpc-default-executor-4] INFO  impl.FollowerInfo (FollowerInfo.java:lambda$new$0(51)) - caa892f0-76ff-4c1e-b30f-b7c59842badc@group-026CFA11C8A1->f9748ec4-5d8a-4dfc-8690-85b8cdac3f5d: nextIndex: updateUnconditionally 0 -> 0
2019-10-14 14:42:55,890 [Thread-1441] INFO  impl.FollowerState (FollowerState.java:run(106)) - caa892f0-76ff-4c1e-b30f-b7c59842badc:group-E0B7C1D5C8D3 changes to CANDIDATE, lastRpcTime:1133, electionTimeout:1133ms
2019-10-14 14:42:55,890 [Thread-1441] INFO  impl.RoleInfo (RoleInfo.java:shutdownFollowerState(121)) - caa892f0-76ff-4c1e-b30f-b7c59842badc: shutdown FollowerState
2019-10-14 14:42:55,890 [Thread-1441] INFO  impl.RaftServerImpl (RaftServerImpl.java:setRole(174)) - caa892f0-76ff-4c1e-b30f-b7c59842badc@group-E0B7C1D5C8D3: changes role from  FOLLOWER to CANDIDATE at term 22 for changeToCandidate
2019-10-14 14:42:55,890 [Thread-1441] INFO  impl.RoleInfo (RoleInfo.java:updateAndGet(143)) - caa892f0-76ff-4c1e-b30f-b7c59842badc: start LeaderElection
2019-10-14 14:42:55,904 [caa892f0-76ff-4c1e-b30f-b7c59842badc@group-E0B7C1D5C8D3:LeaderElection80] INFO  impl.LeaderElection (LeaderElection.java:askForVotes(182)) - caa892f0-76ff-4c1e-b30f-b7c59842badc@group-E0B7C1D5C8D3:LeaderElection80: begin an election at term 23 for 0: [07a15819-e4fc-4072-82ac-b3e77a99d12a:192.168.5.159:45599, f9748ec4-5d8a-4dfc-8690-85b8cdac3f5d:192.168.5.159:44598, caa892f0-76ff-4c1e-b30f-b7c59842badc:192.168.5.159:39406], old=null
2019-10-14 14:42:55,908 [caa892f0-76ff-4c1e-b30f-b7c59842badc@group-E0B7C1D5C8D3:LeaderElection80] INFO  impl.LeaderElection (LogUtils.java:infoOrTrace(149)) - caa892f0-76ff-4c1e-b30f-b7c59842badc@group-E0B7C1D5C8D3:LeaderElection80 got exception when requesting votes: {}
java.util.concurrent.ExecutionException: org.apache.ratis.thirdparty.io.grpc.StatusRuntimeException: UNAVAILABLE: io exception
	at java.util.concurrent.FutureTask.report(FutureTask.java:122)
	at java.util.concurrent.FutureTask.get(FutureTask.java:192)
	at org.apache.ratis.server.impl.LeaderElection.waitForResults(LeaderElection.java:263)
	at org.apache.ratis.server.impl.LeaderElection.askForVotes(LeaderElection.java:201)
	at org.apache.ratis.server.impl.LeaderElection.run(LeaderElection.java:133)
	at java.lang.Thread.run(Thread.java:748)
Caused by: org.apache.ratis.thirdparty.io.grpc.StatusRuntimeException: UNAVAILABLE: io exception
	at org.apache.ratis.thirdparty.io.grpc.stub.ClientCalls.toStatusRuntimeException(ClientCalls.java:233)
	at org.apache.ratis.thirdparty.io.grpc.stub.ClientCalls.getUnchecked(ClientCalls.java:214)
	at org.apache.ratis.thirdparty.io.grpc.stub.ClientCalls.blockingUnaryCall(ClientCalls.java:139)
	at org.apache.ratis.proto.grpc.RaftServerProtocolServiceGrpc$RaftServerProtocolServiceBlockingStub.requestVote(RaftServerProtocolServiceGrpc.java:265)
	at org.apache.ratis.grpc.server.GrpcServerProtocolClient.requestVote(GrpcServerProtocolClient.java:90)
	at org.apache.ratis.grpc.server.GrpcService.requestVote(GrpcService.java:204)
	at org.apache.ratis.server.impl.LeaderElection.lambda$submitRequests$1(LeaderElection.java:238)
	at java.util.concurrent.FutureTask.run(FutureTask.java:266)
	at java.util.concurrent.Executors$RunnableAdapter.call(Executors.java:511)
	at java.util.concurrent.FutureTask.run(FutureTask.java:266)
	at java.util.concurrent.ThreadPoolExecutor.runWorker(ThreadPoolExecutor.java:1149)
	at java.util.concurrent.ThreadPoolExecutor$Worker.run(ThreadPoolExecutor.java:624)
	... 1 more
Caused by: org.apache.ratis.thirdparty.io.netty.channel.AbstractChannel$AnnotatedConnectException: Connection refused: /192.168.5.159:45599
	at sun.nio.ch.SocketChannelImpl.checkConnect(Native Method)
	at sun.nio.ch.SocketChannelImpl.finishConnect(SocketChannelImpl.java:717)
	at org.apache.ratis.thirdparty.io.netty.channel.socket.nio.NioSocketChannel.doFinishConnect(NioSocketChannel.java:327)
	at org.apache.ratis.thirdparty.io.netty.channel.nio.AbstractNioChannel$AbstractNioUnsafe.finishConnect(AbstractNioChannel.java:340)
	at org.apache.ratis.thirdparty.io.netty.channel.nio.NioEventLoop.processSelectedKey(NioEventLoop.java:632)
	at org.apache.ratis.thirdparty.io.netty.channel.nio.NioEventLoop.processSelectedKeysOptimized(NioEventLoop.java:579)
	at org.apache.ratis.thirdparty.io.netty.channel.nio.NioEventLoop.processSelectedKeys(NioEventLoop.java:496)
	at org.apache.ratis.thirdparty.io.netty.channel.nio.NioEventLoop.run(NioEventLoop.java:458)
	at org.apache.ratis.thirdparty.io.netty.util.concurrent.SingleThreadEventExecutor$5.run(SingleThreadEventExecutor.java:897)
	at org.apache.ratis.thirdparty.io.netty.util.concurrent.FastThreadLocalRunnable.run(FastThreadLocalRunnable.java:30)
	... 1 more
Caused by: java.net.ConnectException: Connection refused
	... 11 more
2019-10-14 14:42:55,909 [caa892f0-76ff-4c1e-b30f-b7c59842badc@group-E0B7C1D5C8D3:LeaderElection80] INFO  impl.LeaderElection (LogUtils.java:infoOrTrace(149)) - caa892f0-76ff-4c1e-b30f-b7c59842badc@group-E0B7C1D5C8D3:LeaderElection80 got exception when requesting votes: {}
java.util.concurrent.ExecutionException: org.apache.ratis.thirdparty.io.grpc.StatusRuntimeException: UNAVAILABLE: io exception
	at java.util.concurrent.FutureTask.report(FutureTask.java:122)
	at java.util.concurrent.FutureTask.get(FutureTask.java:192)
	at org.apache.ratis.server.impl.LeaderElection.waitForResults(LeaderElection.java:263)
	at org.apache.ratis.server.impl.LeaderElection.askForVotes(LeaderElection.java:201)
	at org.apache.ratis.server.impl.LeaderElection.run(LeaderElection.java:133)
	at java.lang.Thread.run(Thread.java:748)
Caused by: org.apache.ratis.thirdparty.io.grpc.StatusRuntimeException: UNAVAILABLE: io exception
	at org.apache.ratis.thirdparty.io.grpc.stub.ClientCalls.toStatusRuntimeException(ClientCalls.java:233)
	at org.apache.ratis.thirdparty.io.grpc.stub.ClientCalls.getUnchecked(ClientCalls.java:214)
	at org.apache.ratis.thirdparty.io.grpc.stub.ClientCalls.blockingUnaryCall(ClientCalls.java:139)
	at org.apache.ratis.proto.grpc.RaftServerProtocolServiceGrpc$RaftServerProtocolServiceBlockingStub.requestVote(RaftServerProtocolServiceGrpc.java:265)
	at org.apache.ratis.grpc.server.GrpcServerProtocolClient.requestVote(GrpcServerProtocolClient.java:90)
	at org.apache.ratis.grpc.server.GrpcService.requestVote(GrpcService.java:204)
	at org.apache.ratis.server.impl.LeaderElection.lambda$submitRequests$1(LeaderElection.java:238)
	at java.util.concurrent.FutureTask.run(FutureTask.java:266)
	at java.util.concurrent.Executors$RunnableAdapter.call(Executors.java:511)
	at java.util.concurrent.FutureTask.run(FutureTask.java:266)
	at java.util.concurrent.ThreadPoolExecutor.runWorker(ThreadPoolExecutor.java:1149)
	at java.util.concurrent.ThreadPoolExecutor$Worker.run(ThreadPoolExecutor.java:624)
	... 1 more
Caused by: org.apache.ratis.thirdparty.io.netty.channel.AbstractChannel$AnnotatedConnectException: Connection refused: /192.168.5.159:44598
	at sun.nio.ch.SocketChannelImpl.checkConnect(Native Method)
	at sun.nio.ch.SocketChannelImpl.finishConnect(SocketChannelImpl.java:717)
	at org.apache.ratis.thirdparty.io.netty.channel.socket.nio.NioSocketChannel.doFinishConnect(NioSocketChannel.java:327)
	at org.apache.ratis.thirdparty.io.netty.channel.nio.AbstractNioChannel$AbstractNioUnsafe.finishConnect(AbstractNioChannel.java:340)
	at org.apache.ratis.thirdparty.io.netty.channel.nio.NioEventLoop.processSelectedKey(NioEventLoop.java:632)
	at org.apache.ratis.thirdparty.io.netty.channel.nio.NioEventLoop.processSelectedKeysOptimized(NioEventLoop.java:579)
	at org.apache.ratis.thirdparty.io.netty.channel.nio.NioEventLoop.processSelectedKeys(NioEventLoop.java:496)
	at org.apache.ratis.thirdparty.io.netty.channel.nio.NioEventLoop.run(NioEventLoop.java:458)
	at org.apache.ratis.thirdparty.io.netty.util.concurrent.SingleThreadEventExecutor$5.run(SingleThreadEventExecutor.java:897)
	at org.apache.ratis.thirdparty.io.netty.util.concurrent.FastThreadLocalRunnable.run(FastThreadLocalRunnable.java:30)
	... 1 more
Caused by: java.net.ConnectException: Connection refused
	... 11 more
2019-10-14 14:42:55,909 [caa892f0-76ff-4c1e-b30f-b7c59842badc@group-E0B7C1D5C8D3:LeaderElection80] INFO  impl.LeaderElection (LeaderElection.java:logAndReturn(56)) - caa892f0-76ff-4c1e-b30f-b7c59842badc@group-E0B7C1D5C8D3:LeaderElection80: Election REJECTED; received 0 response(s) [] and 2 exception(s); caa892f0-76ff-4c1e-b30f-b7c59842badc@group-E0B7C1D5C8D3:t23, leader=null, voted=caa892f0-76ff-4c1e-b30f-b7c59842badc, raftlog=caa892f0-76ff-4c1e-b30f-b7c59842badc@group-E0B7C1D5C8D3-SegmentedRaftLog:OPENED:c0,f0,i0, conf=0: [07a15819-e4fc-4072-82ac-b3e77a99d12a:192.168.5.159:45599, f9748ec4-5d8a-4dfc-8690-85b8cdac3f5d:192.168.5.159:44598, caa892f0-76ff-4c1e-b30f-b7c59842badc:192.168.5.159:39406], old=null
2019-10-14 14:42:55,909 [caa892f0-76ff-4c1e-b30f-b7c59842badc@group-E0B7C1D5C8D3:LeaderElection80] INFO  impl.LeaderElection (LogUtils.java:infoOrTrace(149)) -   Exception 0: {}
java.util.concurrent.ExecutionException: org.apache.ratis.thirdparty.io.grpc.StatusRuntimeException: UNAVAILABLE: io exception
	at java.util.concurrent.FutureTask.report(FutureTask.java:122)
	at java.util.concurrent.FutureTask.get(FutureTask.java:192)
	at org.apache.ratis.server.impl.LeaderElection.waitForResults(LeaderElection.java:263)
	at org.apache.ratis.server.impl.LeaderElection.askForVotes(LeaderElection.java:201)
	at org.apache.ratis.server.impl.LeaderElection.run(LeaderElection.java:133)
	at java.lang.Thread.run(Thread.java:748)
Caused by: org.apache.ratis.thirdparty.io.grpc.StatusRuntimeException: UNAVAILABLE: io exception
	at org.apache.ratis.thirdparty.io.grpc.stub.ClientCalls.toStatusRuntimeException(ClientCalls.java:233)
	at org.apache.ratis.thirdparty.io.grpc.stub.ClientCalls.getUnchecked(ClientCalls.java:214)
	at org.apache.ratis.thirdparty.io.grpc.stub.ClientCalls.blockingUnaryCall(ClientCalls.java:139)
	at org.apache.ratis.proto.grpc.RaftServerProtocolServiceGrpc$RaftServerProtocolServiceBlockingStub.requestVote(RaftServerProtocolServiceGrpc.java:265)
	at org.apache.ratis.grpc.server.GrpcServerProtocolClient.requestVote(GrpcServerProtocolClient.java:90)
	at org.apache.ratis.grpc.server.GrpcService.requestVote(GrpcService.java:204)
	at org.apache.ratis.server.impl.LeaderElection.lambda$submitRequests$1(LeaderElection.java:238)
	at java.util.concurrent.FutureTask.run(FutureTask.java:266)
	at java.util.concurrent.Executors$RunnableAdapter.call(Executors.java:511)
	at java.util.concurrent.FutureTask.run(FutureTask.java:266)
	at java.util.concurrent.ThreadPoolExecutor.runWorker(ThreadPoolExecutor.java:1149)
	at java.util.concurrent.ThreadPoolExecutor$Worker.run(ThreadPoolExecutor.java:624)
	... 1 more
Caused by: org.apache.ratis.thirdparty.io.netty.channel.AbstractChannel$AnnotatedConnectException: Connection refused: /192.168.5.159:45599
	at sun.nio.ch.SocketChannelImpl.checkConnect(Native Method)
	at sun.nio.ch.SocketChannelImpl.finishConnect(SocketChannelImpl.java:717)
	at org.apache.ratis.thirdparty.io.netty.channel.socket.nio.NioSocketChannel.doFinishConnect(NioSocketChannel.java:327)
	at org.apache.ratis.thirdparty.io.netty.channel.nio.AbstractNioChannel$AbstractNioUnsafe.finishConnect(AbstractNioChannel.java:340)
	at org.apache.ratis.thirdparty.io.netty.channel.nio.NioEventLoop.processSelectedKey(NioEventLoop.java:632)
	at org.apache.ratis.thirdparty.io.netty.channel.nio.NioEventLoop.processSelectedKeysOptimized(NioEventLoop.java:579)
	at org.apache.ratis.thirdparty.io.netty.channel.nio.NioEventLoop.processSelectedKeys(NioEventLoop.java:496)
	at org.apache.ratis.thirdparty.io.netty.channel.nio.NioEventLoop.run(NioEventLoop.java:458)
	at org.apache.ratis.thirdparty.io.netty.util.concurrent.SingleThreadEventExecutor$5.run(SingleThreadEventExecutor.java:897)
	at org.apache.ratis.thirdparty.io.netty.util.concurrent.FastThreadLocalRunnable.run(FastThreadLocalRunnable.java:30)
	... 1 more
Caused by: java.net.ConnectException: Connection refused
	... 11 more
2019-10-14 14:42:55,910 [caa892f0-76ff-4c1e-b30f-b7c59842badc@group-E0B7C1D5C8D3:LeaderElection80] INFO  impl.LeaderElection (LogUtils.java:infoOrTrace(149)) -   Exception 1: {}
java.util.concurrent.ExecutionException: org.apache.ratis.thirdparty.io.grpc.StatusRuntimeException: UNAVAILABLE: io exception
	at java.util.concurrent.FutureTask.report(FutureTask.java:122)
	at java.util.concurrent.FutureTask.get(FutureTask.java:192)
	at org.apache.ratis.server.impl.LeaderElection.waitForResults(LeaderElection.java:263)
	at org.apache.ratis.server.impl.LeaderElection.askForVotes(LeaderElection.java:201)
	at org.apache.ratis.server.impl.LeaderElection.run(LeaderElection.java:133)
	at java.lang.Thread.run(Thread.java:748)
Caused by: org.apache.ratis.thirdparty.io.grpc.StatusRuntimeException: UNAVAILABLE: io exception
	at org.apache.ratis.thirdparty.io.grpc.stub.ClientCalls.toStatusRuntimeException(ClientCalls.java:233)
	at org.apache.ratis.thirdparty.io.grpc.stub.ClientCalls.getUnchecked(ClientCalls.java:214)
	at org.apache.ratis.thirdparty.io.grpc.stub.ClientCalls.blockingUnaryCall(ClientCalls.java:139)
	at org.apache.ratis.proto.grpc.RaftServerProtocolServiceGrpc$RaftServerProtocolServiceBlockingStub.requestVote(RaftServerProtocolServiceGrpc.java:265)
	at org.apache.ratis.grpc.server.GrpcServerProtocolClient.requestVote(GrpcServerProtocolClient.java:90)
	at org.apache.ratis.grpc.server.GrpcService.requestVote(GrpcService.java:204)
	at org.apache.ratis.server.impl.LeaderElection.lambda$submitRequests$1(LeaderElection.java:238)
	at java.util.concurrent.FutureTask.run(FutureTask.java:266)
	at java.util.concurrent.Executors$RunnableAdapter.call(Executors.java:511)
	at java.util.concurrent.FutureTask.run(FutureTask.java:266)
	at java.util.concurrent.ThreadPoolExecutor.runWorker(ThreadPoolExecutor.java:1149)
	at java.util.concurrent.ThreadPoolExecutor$Worker.run(ThreadPoolExecutor.java:624)
	... 1 more
Caused by: org.apache.ratis.thirdparty.io.netty.channel.AbstractChannel$AnnotatedConnectException: Connection refused: /192.168.5.159:44598
	at sun.nio.ch.SocketChannelImpl.checkConnect(Native Method)
	at sun.nio.ch.SocketChannelImpl.finishConnect(SocketChannelImpl.java:717)
	at org.apache.ratis.thirdparty.io.netty.channel.socket.nio.NioSocketChannel.doFinishConnect(NioSocketChannel.java:327)
	at org.apache.ratis.thirdparty.io.netty.channel.nio.AbstractNioChannel$AbstractNioUnsafe.finishConnect(AbstractNioChannel.java:340)
	at org.apache.ratis.thirdparty.io.netty.channel.nio.NioEventLoop.processSelectedKey(NioEventLoop.java:632)
	at org.apache.ratis.thirdparty.io.netty.channel.nio.NioEventLoop.processSelectedKeysOptimized(NioEventLoop.java:579)
	at org.apache.ratis.thirdparty.io.netty.channel.nio.NioEventLoop.processSelectedKeys(NioEventLoop.java:496)
	at org.apache.ratis.thirdparty.io.netty.channel.nio.NioEventLoop.run(NioEventLoop.java:458)
	at org.apache.ratis.thirdparty.io.netty.util.concurrent.SingleThreadEventExecutor$5.run(SingleThreadEventExecutor.java:897)
	at org.apache.ratis.thirdparty.io.netty.util.concurrent.FastThreadLocalRunnable.run(FastThreadLocalRunnable.java:30)
	... 1 more
Caused by: java.net.ConnectException: Connection refused
	... 11 more
2019-10-14 14:42:55,910 [caa892f0-76ff-4c1e-b30f-b7c59842badc@group-E0B7C1D5C8D3:LeaderElection80] INFO  impl.RaftServerImpl (RaftServerImpl.java:setRole(174)) - caa892f0-76ff-4c1e-b30f-b7c59842badc@group-E0B7C1D5C8D3: changes role from CANDIDATE to FOLLOWER at term 23 for DISCOVERED_A_NEW_TERM
2019-10-14 14:42:55,910 [caa892f0-76ff-4c1e-b30f-b7c59842badc@group-E0B7C1D5C8D3:LeaderElection80] INFO  impl.RoleInfo (RoleInfo.java:shutdownLeaderElection(134)) - caa892f0-76ff-4c1e-b30f-b7c59842badc: shutdown LeaderElection
2019-10-14 14:42:55,910 [caa892f0-76ff-4c1e-b30f-b7c59842badc@group-E0B7C1D5C8D3:LeaderElection80] INFO  impl.RoleInfo (RoleInfo.java:updateAndGet(143)) - caa892f0-76ff-4c1e-b30f-b7c59842badc: start FollowerState
2019-10-14 14:42:56,102 [grpc-default-executor-8] WARN  server.GrpcLogAppender (LogUtils.java:warn(134)) - caa892f0-76ff-4c1e-b30f-b7c59842badc@group-026CFA11C8A1->07a15819-e4fc-4072-82ac-b3e77a99d12a-AppendLogResponseHandler: Failed appendEntries: org.apache.ratis.thirdparty.io.grpc.StatusRuntimeException: UNAVAILABLE: io exception
2019-10-14 14:42:56,102 [grpc-default-executor-2] WARN  server.GrpcLogAppender (LogUtils.java:warn(134)) - caa892f0-76ff-4c1e-b30f-b7c59842badc@group-382452901537->07a15819-e4fc-4072-82ac-b3e77a99d12a-AppendLogResponseHandler: Failed appendEntries: org.apache.ratis.thirdparty.io.grpc.StatusRuntimeException: UNAVAILABLE: io exception
2019-10-14 14:42:56,102 [grpc-default-executor-4] WARN  server.GrpcLogAppender (LogUtils.java:warn(134)) - caa892f0-76ff-4c1e-b30f-b7c59842badc@group-026CFA11C8A1->f9748ec4-5d8a-4dfc-8690-85b8cdac3f5d-AppendLogResponseHandler: Failed appendEntries: org.apache.ratis.thirdparty.io.grpc.StatusRuntimeException: UNAVAILABLE: io exception
2019-10-14 14:42:56,102 [grpc-default-executor-1] WARN  server.GrpcLogAppender (LogUtils.java:warn(134)) - caa892f0-76ff-4c1e-b30f-b7c59842badc@group-382452901537->f9748ec4-5d8a-4dfc-8690-85b8cdac3f5d-AppendLogResponseHandler: Failed appendEntries: org.apache.ratis.thirdparty.io.grpc.StatusRuntimeException: UNAVAILABLE: io exception
2019-10-14 14:42:56,103 [grpc-default-executor-4] INFO  impl.FollowerInfo (FollowerInfo.java:lambda$new$0(51)) - caa892f0-76ff-4c1e-b30f-b7c59842badc@group-026CFA11C8A1->f9748ec4-5d8a-4dfc-8690-85b8cdac3f5d: nextIndex: updateUnconditionally 0 -> 0
2019-10-14 14:42:56,103 [grpc-default-executor-2] INFO  impl.FollowerInfo (FollowerInfo.java:lambda$new$0(51)) - caa892f0-76ff-4c1e-b30f-b7c59842badc@group-382452901537->07a15819-e4fc-4072-82ac-b3e77a99d12a: nextIndex: updateUnconditionally 0 -> 0
2019-10-14 14:42:56,103 [grpc-default-executor-8] INFO  impl.FollowerInfo (FollowerInfo.java:lambda$new$0(51)) - caa892f0-76ff-4c1e-b30f-b7c59842badc@group-026CFA11C8A1->07a15819-e4fc-4072-82ac-b3e77a99d12a: nextIndex: updateUnconditionally 0 -> 0
2019-10-14 14:42:56,103 [grpc-default-executor-1] INFO  impl.FollowerInfo (FollowerInfo.java:lambda$new$0(51)) - caa892f0-76ff-4c1e-b30f-b7c59842badc@group-382452901537->f9748ec4-5d8a-4dfc-8690-85b8cdac3f5d: nextIndex: updateUnconditionally 0 -> 0
2019-10-14 14:42:56,417 [Thread-1453] INFO  impl.FollowerState (FollowerState.java:run(106)) - caa892f0-76ff-4c1e-b30f-b7c59842badc:group-EA752D978E74 changes to CANDIDATE, lastRpcTime:1000, electionTimeout:1000ms
2019-10-14 14:42:56,418 [Thread-1453] INFO  impl.RoleInfo (RoleInfo.java:shutdownFollowerState(121)) - caa892f0-76ff-4c1e-b30f-b7c59842badc: shutdown FollowerState
2019-10-14 14:42:56,418 [Thread-1453] INFO  impl.RaftServerImpl (RaftServerImpl.java:setRole(174)) - caa892f0-76ff-4c1e-b30f-b7c59842badc@group-EA752D978E74: changes role from  FOLLOWER to CANDIDATE at term 21 for changeToCandidate
2019-10-14 14:42:56,418 [Thread-1453] INFO  impl.RoleInfo (RoleInfo.java:updateAndGet(143)) - caa892f0-76ff-4c1e-b30f-b7c59842badc: start LeaderElection
2019-10-14 14:42:56,435 [caa892f0-76ff-4c1e-b30f-b7c59842badc@group-EA752D978E74:LeaderElection81] INFO  impl.LeaderElection (LeaderElection.java:askForVotes(182)) - caa892f0-76ff-4c1e-b30f-b7c59842badc@group-EA752D978E74:LeaderElection81: begin an election at term 22 for 0: [07a15819-e4fc-4072-82ac-b3e77a99d12a:192.168.5.159:45599, f9748ec4-5d8a-4dfc-8690-85b8cdac3f5d:192.168.5.159:44598, caa892f0-76ff-4c1e-b30f-b7c59842badc:192.168.5.159:39406], old=null
2019-10-14 14:42:56,438 [caa892f0-76ff-4c1e-b30f-b7c59842badc@group-EA752D978E74:LeaderElection81] INFO  impl.LeaderElection (LogUtils.java:infoOrTrace(149)) - caa892f0-76ff-4c1e-b30f-b7c59842badc@group-EA752D978E74:LeaderElection81 got exception when requesting votes: {}
java.util.concurrent.ExecutionException: org.apache.ratis.thirdparty.io.grpc.StatusRuntimeException: UNAVAILABLE: io exception
	at java.util.concurrent.FutureTask.report(FutureTask.java:122)
	at java.util.concurrent.FutureTask.get(FutureTask.java:192)
	at org.apache.ratis.server.impl.LeaderElection.waitForResults(LeaderElection.java:263)
	at org.apache.ratis.server.impl.LeaderElection.askForVotes(LeaderElection.java:201)
	at org.apache.ratis.server.impl.LeaderElection.run(LeaderElection.java:133)
	at java.lang.Thread.run(Thread.java:748)
Caused by: org.apache.ratis.thirdparty.io.grpc.StatusRuntimeException: UNAVAILABLE: io exception
	at org.apache.ratis.thirdparty.io.grpc.stub.ClientCalls.toStatusRuntimeException(ClientCalls.java:233)
	at org.apache.ratis.thirdparty.io.grpc.stub.ClientCalls.getUnchecked(ClientCalls.java:214)
	at org.apache.ratis.thirdparty.io.grpc.stub.ClientCalls.blockingUnaryCall(ClientCalls.java:139)
	at org.apache.ratis.proto.grpc.RaftServerProtocolServiceGrpc$RaftServerProtocolServiceBlockingStub.requestVote(RaftServerProtocolServiceGrpc.java:265)
	at org.apache.ratis.grpc.server.GrpcServerProtocolClient.requestVote(GrpcServerProtocolClient.java:90)
	at org.apache.ratis.grpc.server.GrpcService.requestVote(GrpcService.java:204)
	at org.apache.ratis.server.impl.LeaderElection.lambda$submitRequests$1(LeaderElection.java:238)
	at java.util.concurrent.FutureTask.run(FutureTask.java:266)
	at java.util.concurrent.Executors$RunnableAdapter.call(Executors.java:511)
	at java.util.concurrent.FutureTask.run(FutureTask.java:266)
	at java.util.concurrent.ThreadPoolExecutor.runWorker(ThreadPoolExecutor.java:1149)
	at java.util.concurrent.ThreadPoolExecutor$Worker.run(ThreadPoolExecutor.java:624)
	... 1 more
Caused by: org.apache.ratis.thirdparty.io.netty.channel.AbstractChannel$AnnotatedConnectException: Connection refused: /192.168.5.159:44598
	at sun.nio.ch.SocketChannelImpl.checkConnect(Native Method)
	at sun.nio.ch.SocketChannelImpl.finishConnect(SocketChannelImpl.java:717)
	at org.apache.ratis.thirdparty.io.netty.channel.socket.nio.NioSocketChannel.doFinishConnect(NioSocketChannel.java:327)
	at org.apache.ratis.thirdparty.io.netty.channel.nio.AbstractNioChannel$AbstractNioUnsafe.finishConnect(AbstractNioChannel.java:340)
	at org.apache.ratis.thirdparty.io.netty.channel.nio.NioEventLoop.processSelectedKey(NioEventLoop.java:632)
	at org.apache.ratis.thirdparty.io.netty.channel.nio.NioEventLoop.processSelectedKeysOptimized(NioEventLoop.java:579)
	at org.apache.ratis.thirdparty.io.netty.channel.nio.NioEventLoop.processSelectedKeys(NioEventLoop.java:496)
	at org.apache.ratis.thirdparty.io.netty.channel.nio.NioEventLoop.run(NioEventLoop.java:458)
	at org.apache.ratis.thirdparty.io.netty.util.concurrent.SingleThreadEventExecutor$5.run(SingleThreadEventExecutor.java:897)
	at org.apache.ratis.thirdparty.io.netty.util.concurrent.FastThreadLocalRunnable.run(FastThreadLocalRunnable.java:30)
	... 1 more
Caused by: java.net.ConnectException: Connection refused
	... 11 more
2019-10-14 14:42:56,438 [caa892f0-76ff-4c1e-b30f-b7c59842badc@group-EA752D978E74:LeaderElection81] INFO  impl.LeaderElection (LogUtils.java:infoOrTrace(149)) - caa892f0-76ff-4c1e-b30f-b7c59842badc@group-EA752D978E74:LeaderElection81 got exception when requesting votes: {}
java.util.concurrent.ExecutionException: org.apache.ratis.thirdparty.io.grpc.StatusRuntimeException: UNAVAILABLE: io exception
	at java.util.concurrent.FutureTask.report(FutureTask.java:122)
	at java.util.concurrent.FutureTask.get(FutureTask.java:192)
	at org.apache.ratis.server.impl.LeaderElection.waitForResults(LeaderElection.java:263)
	at org.apache.ratis.server.impl.LeaderElection.askForVotes(LeaderElection.java:201)
	at org.apache.ratis.server.impl.LeaderElection.run(LeaderElection.java:133)
	at java.lang.Thread.run(Thread.java:748)
Caused by: org.apache.ratis.thirdparty.io.grpc.StatusRuntimeException: UNAVAILABLE: io exception
	at org.apache.ratis.thirdparty.io.grpc.stub.ClientCalls.toStatusRuntimeException(ClientCalls.java:233)
	at org.apache.ratis.thirdparty.io.grpc.stub.ClientCalls.getUnchecked(ClientCalls.java:214)
	at org.apache.ratis.thirdparty.io.grpc.stub.ClientCalls.blockingUnaryCall(ClientCalls.java:139)
	at org.apache.ratis.proto.grpc.RaftServerProtocolServiceGrpc$RaftServerProtocolServiceBlockingStub.requestVote(RaftServerProtocolServiceGrpc.java:265)
	at org.apache.ratis.grpc.server.GrpcServerProtocolClient.requestVote(GrpcServerProtocolClient.java:90)
	at org.apache.ratis.grpc.server.GrpcService.requestVote(GrpcService.java:204)
	at org.apache.ratis.server.impl.LeaderElection.lambda$submitRequests$1(LeaderElection.java:238)
	at java.util.concurrent.FutureTask.run(FutureTask.java:266)
	at java.util.concurrent.Executors$RunnableAdapter.call(Executors.java:511)
	at java.util.concurrent.FutureTask.run(FutureTask.java:266)
	at java.util.concurrent.ThreadPoolExecutor.runWorker(ThreadPoolExecutor.java:1149)
	at java.util.concurrent.ThreadPoolExecutor$Worker.run(ThreadPoolExecutor.java:624)
	... 1 more
Caused by: org.apache.ratis.thirdparty.io.netty.channel.AbstractChannel$AnnotatedConnectException: Connection refused: /192.168.5.159:45599
	at sun.nio.ch.SocketChannelImpl.checkConnect(Native Method)
	at sun.nio.ch.SocketChannelImpl.finishConnect(SocketChannelImpl.java:717)
	at org.apache.ratis.thirdparty.io.netty.channel.socket.nio.NioSocketChannel.doFinishConnect(NioSocketChannel.java:327)
	at org.apache.ratis.thirdparty.io.netty.channel.nio.AbstractNioChannel$AbstractNioUnsafe.finishConnect(AbstractNioChannel.java:340)
	at org.apache.ratis.thirdparty.io.netty.channel.nio.NioEventLoop.processSelectedKey(NioEventLoop.java:632)
	at org.apache.ratis.thirdparty.io.netty.channel.nio.NioEventLoop.processSelectedKeysOptimized(NioEventLoop.java:579)
	at org.apache.ratis.thirdparty.io.netty.channel.nio.NioEventLoop.processSelectedKeys(NioEventLoop.java:496)
	at org.apache.ratis.thirdparty.io.netty.channel.nio.NioEventLoop.run(NioEventLoop.java:458)
	at org.apache.ratis.thirdparty.io.netty.util.concurrent.SingleThreadEventExecutor$5.run(SingleThreadEventExecutor.java:897)
	at org.apache.ratis.thirdparty.io.netty.util.concurrent.FastThreadLocalRunnable.run(FastThreadLocalRunnable.java:30)
	... 1 more
Caused by: java.net.ConnectException: Connection refused
	... 11 more
2019-10-14 14:42:56,438 [caa892f0-76ff-4c1e-b30f-b7c59842badc@group-EA752D978E74:LeaderElection81] INFO  impl.LeaderElection (LeaderElection.java:logAndReturn(56)) - caa892f0-76ff-4c1e-b30f-b7c59842badc@group-EA752D978E74:LeaderElection81: Election REJECTED; received 0 response(s) [] and 2 exception(s); caa892f0-76ff-4c1e-b30f-b7c59842badc@group-EA752D978E74:t22, leader=null, voted=caa892f0-76ff-4c1e-b30f-b7c59842badc, raftlog=caa892f0-76ff-4c1e-b30f-b7c59842badc@group-EA752D978E74-SegmentedRaftLog:OPENED:c16,f16,i16, conf=0: [07a15819-e4fc-4072-82ac-b3e77a99d12a:192.168.5.159:45599, f9748ec4-5d8a-4dfc-8690-85b8cdac3f5d:192.168.5.159:44598, caa892f0-76ff-4c1e-b30f-b7c59842badc:192.168.5.159:39406], old=null
2019-10-14 14:42:56,439 [caa892f0-76ff-4c1e-b30f-b7c59842badc@group-EA752D978E74:LeaderElection81] INFO  impl.LeaderElection (LogUtils.java:infoOrTrace(149)) -   Exception 0: {}
java.util.concurrent.ExecutionException: org.apache.ratis.thirdparty.io.grpc.StatusRuntimeException: UNAVAILABLE: io exception
	at java.util.concurrent.FutureTask.report(FutureTask.java:122)
	at java.util.concurrent.FutureTask.get(FutureTask.java:192)
	at org.apache.ratis.server.impl.LeaderElection.waitForResults(LeaderElection.java:263)
	at org.apache.ratis.server.impl.LeaderElection.askForVotes(LeaderElection.java:201)
	at org.apache.ratis.server.impl.LeaderElection.run(LeaderElection.java:133)
	at java.lang.Thread.run(Thread.java:748)
Caused by: org.apache.ratis.thirdparty.io.grpc.StatusRuntimeException: UNAVAILABLE: io exception
	at org.apache.ratis.thirdparty.io.grpc.stub.ClientCalls.toStatusRuntimeException(ClientCalls.java:233)
	at org.apache.ratis.thirdparty.io.grpc.stub.ClientCalls.getUnchecked(ClientCalls.java:214)
	at org.apache.ratis.thirdparty.io.grpc.stub.ClientCalls.blockingUnaryCall(ClientCalls.java:139)
	at org.apache.ratis.proto.grpc.RaftServerProtocolServiceGrpc$RaftServerProtocolServiceBlockingStub.requestVote(RaftServerProtocolServiceGrpc.java:265)
	at org.apache.ratis.grpc.server.GrpcServerProtocolClient.requestVote(GrpcServerProtocolClient.java:90)
	at org.apache.ratis.grpc.server.GrpcService.requestVote(GrpcService.java:204)
	at org.apache.ratis.server.impl.LeaderElection.lambda$submitRequests$1(LeaderElection.java:238)
	at java.util.concurrent.FutureTask.run(FutureTask.java:266)
	at java.util.concurrent.Executors$RunnableAdapter.call(Executors.java:511)
	at java.util.concurrent.FutureTask.run(FutureTask.java:266)
	at java.util.concurrent.ThreadPoolExecutor.runWorker(ThreadPoolExecutor.java:1149)
	at java.util.concurrent.ThreadPoolExecutor$Worker.run(ThreadPoolExecutor.java:624)
	... 1 more
Caused by: org.apache.ratis.thirdparty.io.netty.channel.AbstractChannel$AnnotatedConnectException: Connection refused: /192.168.5.159:44598
	at sun.nio.ch.SocketChannelImpl.checkConnect(Native Method)
	at sun.nio.ch.SocketChannelImpl.finishConnect(SocketChannelImpl.java:717)
	at org.apache.ratis.thirdparty.io.netty.channel.socket.nio.NioSocketChannel.doFinishConnect(NioSocketChannel.java:327)
	at org.apache.ratis.thirdparty.io.netty.channel.nio.AbstractNioChannel$AbstractNioUnsafe.finishConnect(AbstractNioChannel.java:340)
	at org.apache.ratis.thirdparty.io.netty.channel.nio.NioEventLoop.processSelectedKey(NioEventLoop.java:632)
	at org.apache.ratis.thirdparty.io.netty.channel.nio.NioEventLoop.processSelectedKeysOptimized(NioEventLoop.java:579)
	at org.apache.ratis.thirdparty.io.netty.channel.nio.NioEventLoop.processSelectedKeys(NioEventLoop.java:496)
	at org.apache.ratis.thirdparty.io.netty.channel.nio.NioEventLoop.run(NioEventLoop.java:458)
	at org.apache.ratis.thirdparty.io.netty.util.concurrent.SingleThreadEventExecutor$5.run(SingleThreadEventExecutor.java:897)
	at org.apache.ratis.thirdparty.io.netty.util.concurrent.FastThreadLocalRunnable.run(FastThreadLocalRunnable.java:30)
	... 1 more
Caused by: java.net.ConnectException: Connection refused
	... 11 more
2019-10-14 14:42:56,439 [caa892f0-76ff-4c1e-b30f-b7c59842badc@group-EA752D978E74:LeaderElection81] INFO  impl.LeaderElection (LogUtils.java:infoOrTrace(149)) -   Exception 1: {}
java.util.concurrent.ExecutionException: org.apache.ratis.thirdparty.io.grpc.StatusRuntimeException: UNAVAILABLE: io exception
	at java.util.concurrent.FutureTask.report(FutureTask.java:122)
	at java.util.concurrent.FutureTask.get(FutureTask.java:192)
	at org.apache.ratis.server.impl.LeaderElection.waitForResults(LeaderElection.java:263)
	at org.apache.ratis.server.impl.LeaderElection.askForVotes(LeaderElection.java:201)
	at org.apache.ratis.server.impl.LeaderElection.run(LeaderElection.java:133)
	at java.lang.Thread.run(Thread.java:748)
Caused by: org.apache.ratis.thirdparty.io.grpc.StatusRuntimeException: UNAVAILABLE: io exception
	at org.apache.ratis.thirdparty.io.grpc.stub.ClientCalls.toStatusRuntimeException(ClientCalls.java:233)
	at org.apache.ratis.thirdparty.io.grpc.stub.ClientCalls.getUnchecked(ClientCalls.java:214)
	at org.apache.ratis.thirdparty.io.grpc.stub.ClientCalls.blockingUnaryCall(ClientCalls.java:139)
	at org.apache.ratis.proto.grpc.RaftServerProtocolServiceGrpc$RaftServerProtocolServiceBlockingStub.requestVote(RaftServerProtocolServiceGrpc.java:265)
	at org.apache.ratis.grpc.server.GrpcServerProtocolClient.requestVote(GrpcServerProtocolClient.java:90)
	at org.apache.ratis.grpc.server.GrpcService.requestVote(GrpcService.java:204)
	at org.apache.ratis.server.impl.LeaderElection.lambda$submitRequests$1(LeaderElection.java:238)
	at java.util.concurrent.FutureTask.run(FutureTask.java:266)
	at java.util.concurrent.Executors$RunnableAdapter.call(Executors.java:511)
	at java.util.concurrent.FutureTask.run(FutureTask.java:266)
	at java.util.concurrent.ThreadPoolExecutor.runWorker(ThreadPoolExecutor.java:1149)
	at java.util.concurrent.ThreadPoolExecutor$Worker.run(ThreadPoolExecutor.java:624)
	... 1 more
Caused by: org.apache.ratis.thirdparty.io.netty.channel.AbstractChannel$AnnotatedConnectException: Connection refused: /192.168.5.159:45599
	at sun.nio.ch.SocketChannelImpl.checkConnect(Native Method)
	at sun.nio.ch.SocketChannelImpl.finishConnect(SocketChannelImpl.java:717)
	at org.apache.ratis.thirdparty.io.netty.channel.socket.nio.NioSocketChannel.doFinishConnect(NioSocketChannel.java:327)
	at org.apache.ratis.thirdparty.io.netty.channel.nio.AbstractNioChannel$AbstractNioUnsafe.finishConnect(AbstractNioChannel.java:340)
	at org.apache.ratis.thirdparty.io.netty.channel.nio.NioEventLoop.processSelectedKey(NioEventLoop.java:632)
	at org.apache.ratis.thirdparty.io.netty.channel.nio.NioEventLoop.processSelectedKeysOptimized(NioEventLoop.java:579)
	at org.apache.ratis.thirdparty.io.netty.channel.nio.NioEventLoop.processSelectedKeys(NioEventLoop.java:496)
	at org.apache.ratis.thirdparty.io.netty.channel.nio.NioEventLoop.run(NioEventLoop.java:458)
	at org.apache.ratis.thirdparty.io.netty.util.concurrent.SingleThreadEventExecutor$5.run(SingleThreadEventExecutor.java:897)
	at org.apache.ratis.thirdparty.io.netty.util.concurrent.FastThreadLocalRunnable.run(FastThreadLocalRunnable.java:30)
	... 1 more
Caused by: java.net.ConnectException: Connection refused
	... 11 more
2019-10-14 14:42:56,439 [caa892f0-76ff-4c1e-b30f-b7c59842badc@group-EA752D978E74:LeaderElection81] INFO  impl.RaftServerImpl (RaftServerImpl.java:setRole(174)) - caa892f0-76ff-4c1e-b30f-b7c59842badc@group-EA752D978E74: changes role from CANDIDATE to FOLLOWER at term 22 for DISCOVERED_A_NEW_TERM
2019-10-14 14:42:56,439 [caa892f0-76ff-4c1e-b30f-b7c59842badc@group-EA752D978E74:LeaderElection81] INFO  impl.RoleInfo (RoleInfo.java:shutdownLeaderElection(134)) - caa892f0-76ff-4c1e-b30f-b7c59842badc: shutdown LeaderElection
2019-10-14 14:42:56,440 [caa892f0-76ff-4c1e-b30f-b7c59842badc@group-EA752D978E74:LeaderElection81] INFO  impl.RoleInfo (RoleInfo.java:updateAndGet(143)) - caa892f0-76ff-4c1e-b30f-b7c59842badc: start FollowerState
2019-10-14 14:42:56,602 [grpc-default-executor-8] WARN  server.GrpcLogAppender (LogUtils.java:warn(134)) - caa892f0-76ff-4c1e-b30f-b7c59842badc@group-026CFA11C8A1->f9748ec4-5d8a-4dfc-8690-85b8cdac3f5d-AppendLogResponseHandler: Failed appendEntries: org.apache.ratis.thirdparty.io.grpc.StatusRuntimeException: UNAVAILABLE: io exception
2019-10-14 14:42:56,603 [grpc-default-executor-2] WARN  server.GrpcLogAppender (LogUtils.java:warn(134)) - caa892f0-76ff-4c1e-b30f-b7c59842badc@group-382452901537->07a15819-e4fc-4072-82ac-b3e77a99d12a-AppendLogResponseHandler: Failed appendEntries: org.apache.ratis.thirdparty.io.grpc.StatusRuntimeException: UNAVAILABLE: io exception
2019-10-14 14:42:56,603 [grpc-default-executor-8] INFO  impl.FollowerInfo (FollowerInfo.java:lambda$new$0(51)) - caa892f0-76ff-4c1e-b30f-b7c59842badc@group-026CFA11C8A1->f9748ec4-5d8a-4dfc-8690-85b8cdac3f5d: nextIndex: updateUnconditionally 0 -> 0
2019-10-14 14:42:56,602 [grpc-default-executor-4] WARN  server.GrpcLogAppender (LogUtils.java:warn(134)) - caa892f0-76ff-4c1e-b30f-b7c59842badc@group-382452901537->f9748ec4-5d8a-4dfc-8690-85b8cdac3f5d-AppendLogResponseHandler: Failed appendEntries: org.apache.ratis.thirdparty.io.grpc.StatusRuntimeException: UNAVAILABLE: io exception
2019-10-14 14:42:56,602 [grpc-default-executor-1] WARN  server.GrpcLogAppender (LogUtils.java:warn(134)) - caa892f0-76ff-4c1e-b30f-b7c59842badc@group-026CFA11C8A1->07a15819-e4fc-4072-82ac-b3e77a99d12a-AppendLogResponseHandler: Failed appendEntries: org.apache.ratis.thirdparty.io.grpc.StatusRuntimeException: UNAVAILABLE: io exception
2019-10-14 14:42:56,603 [grpc-default-executor-4] INFO  impl.FollowerInfo (FollowerInfo.java:lambda$new$0(51)) - caa892f0-76ff-4c1e-b30f-b7c59842badc@group-382452901537->f9748ec4-5d8a-4dfc-8690-85b8cdac3f5d: nextIndex: updateUnconditionally 0 -> 0
2019-10-14 14:42:56,603 [grpc-default-executor-2] INFO  impl.FollowerInfo (FollowerInfo.java:lambda$new$0(51)) - caa892f0-76ff-4c1e-b30f-b7c59842badc@group-382452901537->07a15819-e4fc-4072-82ac-b3e77a99d12a: nextIndex: updateUnconditionally 0 -> 0
2019-10-14 14:42:56,604 [grpc-default-executor-1] INFO  impl.FollowerInfo (FollowerInfo.java:lambda$new$0(51)) - caa892f0-76ff-4c1e-b30f-b7c59842badc@group-026CFA11C8A1->07a15819-e4fc-4072-82ac-b3e77a99d12a: nextIndex: updateUnconditionally 0 -> 0
2019-10-14 14:42:57,002 [Thread-1465] INFO  impl.FollowerState (FollowerState.java:run(106)) - caa892f0-76ff-4c1e-b30f-b7c59842badc:group-E0B7C1D5C8D3 changes to CANDIDATE, lastRpcTime:1091, electionTimeout:1091ms
2019-10-14 14:42:57,003 [Thread-1465] INFO  impl.RoleInfo (RoleInfo.java:shutdownFollowerState(121)) - caa892f0-76ff-4c1e-b30f-b7c59842badc: shutdown FollowerState
2019-10-14 14:42:57,003 [Thread-1465] INFO  impl.RaftServerImpl (RaftServerImpl.java:setRole(174)) - caa892f0-76ff-4c1e-b30f-b7c59842badc@group-E0B7C1D5C8D3: changes role from  FOLLOWER to CANDIDATE at term 23 for changeToCandidate
2019-10-14 14:42:57,003 [Thread-1465] INFO  impl.RoleInfo (RoleInfo.java:updateAndGet(143)) - caa892f0-76ff-4c1e-b30f-b7c59842badc: start LeaderElection
2019-10-14 14:42:57,019 [caa892f0-76ff-4c1e-b30f-b7c59842badc@group-E0B7C1D5C8D3:LeaderElection82] INFO  impl.LeaderElection (LeaderElection.java:askForVotes(182)) - caa892f0-76ff-4c1e-b30f-b7c59842badc@group-E0B7C1D5C8D3:LeaderElection82: begin an election at term 24 for 0: [07a15819-e4fc-4072-82ac-b3e77a99d12a:192.168.5.159:45599, f9748ec4-5d8a-4dfc-8690-85b8cdac3f5d:192.168.5.159:44598, caa892f0-76ff-4c1e-b30f-b7c59842badc:192.168.5.159:39406], old=null
2019-10-14 14:42:57,025 [caa892f0-76ff-4c1e-b30f-b7c59842badc@group-E0B7C1D5C8D3:LeaderElection82] INFO  impl.LeaderElection (LogUtils.java:infoOrTrace(149)) - caa892f0-76ff-4c1e-b30f-b7c59842badc@group-E0B7C1D5C8D3:LeaderElection82 got exception when requesting votes: {}
java.util.concurrent.ExecutionException: org.apache.ratis.thirdparty.io.grpc.StatusRuntimeException: UNAVAILABLE: io exception
	at java.util.concurrent.FutureTask.report(FutureTask.java:122)
	at java.util.concurrent.FutureTask.get(FutureTask.java:192)
	at org.apache.ratis.server.impl.LeaderElection.waitForResults(LeaderElection.java:263)
	at org.apache.ratis.server.impl.LeaderElection.askForVotes(LeaderElection.java:201)
	at org.apache.ratis.server.impl.LeaderElection.run(LeaderElection.java:133)
	at java.lang.Thread.run(Thread.java:748)
Caused by: org.apache.ratis.thirdparty.io.grpc.StatusRuntimeException: UNAVAILABLE: io exception
	at org.apache.ratis.thirdparty.io.grpc.stub.ClientCalls.toStatusRuntimeException(ClientCalls.java:233)
	at org.apache.ratis.thirdparty.io.grpc.stub.ClientCalls.getUnchecked(ClientCalls.java:214)
	at org.apache.ratis.thirdparty.io.grpc.stub.ClientCalls.blockingUnaryCall(ClientCalls.java:139)
	at org.apache.ratis.proto.grpc.RaftServerProtocolServiceGrpc$RaftServerProtocolServiceBlockingStub.requestVote(RaftServerProtocolServiceGrpc.java:265)
	at org.apache.ratis.grpc.server.GrpcServerProtocolClient.requestVote(GrpcServerProtocolClient.java:90)
	at org.apache.ratis.grpc.server.GrpcService.requestVote(GrpcService.java:204)
	at org.apache.ratis.server.impl.LeaderElection.lambda$submitRequests$1(LeaderElection.java:238)
	at java.util.concurrent.FutureTask.run(FutureTask.java:266)
	at java.util.concurrent.Executors$RunnableAdapter.call(Executors.java:511)
	at java.util.concurrent.FutureTask.run(FutureTask.java:266)
	at java.util.concurrent.ThreadPoolExecutor.runWorker(ThreadPoolExecutor.java:1149)
	at java.util.concurrent.ThreadPoolExecutor$Worker.run(ThreadPoolExecutor.java:624)
	... 1 more
Caused by: org.apache.ratis.thirdparty.io.netty.channel.AbstractChannel$AnnotatedConnectException: Connection refused: /192.168.5.159:45599
	at sun.nio.ch.SocketChannelImpl.checkConnect(Native Method)
	at sun.nio.ch.SocketChannelImpl.finishConnect(SocketChannelImpl.java:717)
	at org.apache.ratis.thirdparty.io.netty.channel.socket.nio.NioSocketChannel.doFinishConnect(NioSocketChannel.java:327)
	at org.apache.ratis.thirdparty.io.netty.channel.nio.AbstractNioChannel$AbstractNioUnsafe.finishConnect(AbstractNioChannel.java:340)
	at org.apache.ratis.thirdparty.io.netty.channel.nio.NioEventLoop.processSelectedKey(NioEventLoop.java:632)
	at org.apache.ratis.thirdparty.io.netty.channel.nio.NioEventLoop.processSelectedKeysOptimized(NioEventLoop.java:579)
	at org.apache.ratis.thirdparty.io.netty.channel.nio.NioEventLoop.processSelectedKeys(NioEventLoop.java:496)
	at org.apache.ratis.thirdparty.io.netty.channel.nio.NioEventLoop.run(NioEventLoop.java:458)
	at org.apache.ratis.thirdparty.io.netty.util.concurrent.SingleThreadEventExecutor$5.run(SingleThreadEventExecutor.java:897)
	at org.apache.ratis.thirdparty.io.netty.util.concurrent.FastThreadLocalRunnable.run(FastThreadLocalRunnable.java:30)
	... 1 more
Caused by: java.net.ConnectException: Connection refused
	... 11 more
2019-10-14 14:42:57,026 [caa892f0-76ff-4c1e-b30f-b7c59842badc@group-E0B7C1D5C8D3:LeaderElection82] INFO  impl.LeaderElection (LogUtils.java:infoOrTrace(149)) - caa892f0-76ff-4c1e-b30f-b7c59842badc@group-E0B7C1D5C8D3:LeaderElection82 got exception when requesting votes: {}
java.util.concurrent.ExecutionException: org.apache.ratis.thirdparty.io.grpc.StatusRuntimeException: UNAVAILABLE: io exception
	at java.util.concurrent.FutureTask.report(FutureTask.java:122)
	at java.util.concurrent.FutureTask.get(FutureTask.java:192)
	at org.apache.ratis.server.impl.LeaderElection.waitForResults(LeaderElection.java:263)
	at org.apache.ratis.server.impl.LeaderElection.askForVotes(LeaderElection.java:201)
	at org.apache.ratis.server.impl.LeaderElection.run(LeaderElection.java:133)
	at java.lang.Thread.run(Thread.java:748)
Caused by: org.apache.ratis.thirdparty.io.grpc.StatusRuntimeException: UNAVAILABLE: io exception
	at org.apache.ratis.thirdparty.io.grpc.stub.ClientCalls.toStatusRuntimeException(ClientCalls.java:233)
	at org.apache.ratis.thirdparty.io.grpc.stub.ClientCalls.getUnchecked(ClientCalls.java:214)
	at org.apache.ratis.thirdparty.io.grpc.stub.ClientCalls.blockingUnaryCall(ClientCalls.java:139)
	at org.apache.ratis.proto.grpc.RaftServerProtocolServiceGrpc$RaftServerProtocolServiceBlockingStub.requestVote(RaftServerProtocolServiceGrpc.java:265)
	at org.apache.ratis.grpc.server.GrpcServerProtocolClient.requestVote(GrpcServerProtocolClient.java:90)
	at org.apache.ratis.grpc.server.GrpcService.requestVote(GrpcService.java:204)
	at org.apache.ratis.server.impl.LeaderElection.lambda$submitRequests$1(LeaderElection.java:238)
	at java.util.concurrent.FutureTask.run(FutureTask.java:266)
	at java.util.concurrent.Executors$RunnableAdapter.call(Executors.java:511)
	at java.util.concurrent.FutureTask.run(FutureTask.java:266)
	at java.util.concurrent.ThreadPoolExecutor.runWorker(ThreadPoolExecutor.java:1149)
	at java.util.concurrent.ThreadPoolExecutor$Worker.run(ThreadPoolExecutor.java:624)
	... 1 more
Caused by: org.apache.ratis.thirdparty.io.netty.channel.AbstractChannel$AnnotatedConnectException: Connection refused: /192.168.5.159:44598
	at sun.nio.ch.SocketChannelImpl.checkConnect(Native Method)
	at sun.nio.ch.SocketChannelImpl.finishConnect(SocketChannelImpl.java:717)
	at org.apache.ratis.thirdparty.io.netty.channel.socket.nio.NioSocketChannel.doFinishConnect(NioSocketChannel.java:327)
	at org.apache.ratis.thirdparty.io.netty.channel.nio.AbstractNioChannel$AbstractNioUnsafe.finishConnect(AbstractNioChannel.java:340)
	at org.apache.ratis.thirdparty.io.netty.channel.nio.NioEventLoop.processSelectedKey(NioEventLoop.java:632)
	at org.apache.ratis.thirdparty.io.netty.channel.nio.NioEventLoop.processSelectedKeysOptimized(NioEventLoop.java:579)
	at org.apache.ratis.thirdparty.io.netty.channel.nio.NioEventLoop.processSelectedKeys(NioEventLoop.java:496)
	at org.apache.ratis.thirdparty.io.netty.channel.nio.NioEventLoop.run(NioEventLoop.java:458)
	at org.apache.ratis.thirdparty.io.netty.util.concurrent.SingleThreadEventExecutor$5.run(SingleThreadEventExecutor.java:897)
	at org.apache.ratis.thirdparty.io.netty.util.concurrent.FastThreadLocalRunnable.run(FastThreadLocalRunnable.java:30)
	... 1 more
Caused by: java.net.ConnectException: Connection refused
	... 11 more
2019-10-14 14:42:57,027 [caa892f0-76ff-4c1e-b30f-b7c59842badc@group-E0B7C1D5C8D3:LeaderElection82] INFO  impl.LeaderElection (LeaderElection.java:logAndReturn(56)) - caa892f0-76ff-4c1e-b30f-b7c59842badc@group-E0B7C1D5C8D3:LeaderElection82: Election REJECTED; received 0 response(s) [] and 2 exception(s); caa892f0-76ff-4c1e-b30f-b7c59842badc@group-E0B7C1D5C8D3:t24, leader=null, voted=caa892f0-76ff-4c1e-b30f-b7c59842badc, raftlog=caa892f0-76ff-4c1e-b30f-b7c59842badc@group-E0B7C1D5C8D3-SegmentedRaftLog:OPENED:c0,f0,i0, conf=0: [07a15819-e4fc-4072-82ac-b3e77a99d12a:192.168.5.159:45599, f9748ec4-5d8a-4dfc-8690-85b8cdac3f5d:192.168.5.159:44598, caa892f0-76ff-4c1e-b30f-b7c59842badc:192.168.5.159:39406], old=null
2019-10-14 14:42:57,027 [caa892f0-76ff-4c1e-b30f-b7c59842badc@group-E0B7C1D5C8D3:LeaderElection82] INFO  impl.LeaderElection (LogUtils.java:infoOrTrace(149)) -   Exception 0: {}
java.util.concurrent.ExecutionException: org.apache.ratis.thirdparty.io.grpc.StatusRuntimeException: UNAVAILABLE: io exception
	at java.util.concurrent.FutureTask.report(FutureTask.java:122)
	at java.util.concurrent.FutureTask.get(FutureTask.java:192)
	at org.apache.ratis.server.impl.LeaderElection.waitForResults(LeaderElection.java:263)
	at org.apache.ratis.server.impl.LeaderElection.askForVotes(LeaderElection.java:201)
	at org.apache.ratis.server.impl.LeaderElection.run(LeaderElection.java:133)
	at java.lang.Thread.run(Thread.java:748)
Caused by: org.apache.ratis.thirdparty.io.grpc.StatusRuntimeException: UNAVAILABLE: io exception
	at org.apache.ratis.thirdparty.io.grpc.stub.ClientCalls.toStatusRuntimeException(ClientCalls.java:233)
	at org.apache.ratis.thirdparty.io.grpc.stub.ClientCalls.getUnchecked(ClientCalls.java:214)
	at org.apache.ratis.thirdparty.io.grpc.stub.ClientCalls.blockingUnaryCall(ClientCalls.java:139)
	at org.apache.ratis.proto.grpc.RaftServerProtocolServiceGrpc$RaftServerProtocolServiceBlockingStub.requestVote(RaftServerProtocolServiceGrpc.java:265)
	at org.apache.ratis.grpc.server.GrpcServerProtocolClient.requestVote(GrpcServerProtocolClient.java:90)
	at org.apache.ratis.grpc.server.GrpcService.requestVote(GrpcService.java:204)
	at org.apache.ratis.server.impl.LeaderElection.lambda$submitRequests$1(LeaderElection.java:238)
	at java.util.concurrent.FutureTask.run(FutureTask.java:266)
	at java.util.concurrent.Executors$RunnableAdapter.call(Executors.java:511)
	at java.util.concurrent.FutureTask.run(FutureTask.java:266)
	at java.util.concurrent.ThreadPoolExecutor.runWorker(ThreadPoolExecutor.java:1149)
	at java.util.concurrent.ThreadPoolExecutor$Worker.run(ThreadPoolExecutor.java:624)
	... 1 more
Caused by: org.apache.ratis.thirdparty.io.netty.channel.AbstractChannel$AnnotatedConnectException: Connection refused: /192.168.5.159:45599
	at sun.nio.ch.SocketChannelImpl.checkConnect(Native Method)
	at sun.nio.ch.SocketChannelImpl.finishConnect(SocketChannelImpl.java:717)
	at org.apache.ratis.thirdparty.io.netty.channel.socket.nio.NioSocketChannel.doFinishConnect(NioSocketChannel.java:327)
	at org.apache.ratis.thirdparty.io.netty.channel.nio.AbstractNioChannel$AbstractNioUnsafe.finishConnect(AbstractNioChannel.java:340)
	at org.apache.ratis.thirdparty.io.netty.channel.nio.NioEventLoop.processSelectedKey(NioEventLoop.java:632)
	at org.apache.ratis.thirdparty.io.netty.channel.nio.NioEventLoop.processSelectedKeysOptimized(NioEventLoop.java:579)
	at org.apache.ratis.thirdparty.io.netty.channel.nio.NioEventLoop.processSelectedKeys(NioEventLoop.java:496)
	at org.apache.ratis.thirdparty.io.netty.channel.nio.NioEventLoop.run(NioEventLoop.java:458)
	at org.apache.ratis.thirdparty.io.netty.util.concurrent.SingleThreadEventExecutor$5.run(SingleThreadEventExecutor.java:897)
	at org.apache.ratis.thirdparty.io.netty.util.concurrent.FastThreadLocalRunnable.run(FastThreadLocalRunnable.java:30)
	... 1 more
Caused by: java.net.ConnectException: Connection refused
	... 11 more
2019-10-14 14:42:57,027 [caa892f0-76ff-4c1e-b30f-b7c59842badc@group-E0B7C1D5C8D3:LeaderElection82] INFO  impl.LeaderElection (LogUtils.java:infoOrTrace(149)) -   Exception 1: {}
java.util.concurrent.ExecutionException: org.apache.ratis.thirdparty.io.grpc.StatusRuntimeException: UNAVAILABLE: io exception
	at java.util.concurrent.FutureTask.report(FutureTask.java:122)
	at java.util.concurrent.FutureTask.get(FutureTask.java:192)
	at org.apache.ratis.server.impl.LeaderElection.waitForResults(LeaderElection.java:263)
	at org.apache.ratis.server.impl.LeaderElection.askForVotes(LeaderElection.java:201)
	at org.apache.ratis.server.impl.LeaderElection.run(LeaderElection.java:133)
	at java.lang.Thread.run(Thread.java:748)
Caused by: org.apache.ratis.thirdparty.io.grpc.StatusRuntimeException: UNAVAILABLE: io exception
	at org.apache.ratis.thirdparty.io.grpc.stub.ClientCalls.toStatusRuntimeException(ClientCalls.java:233)
	at org.apache.ratis.thirdparty.io.grpc.stub.ClientCalls.getUnchecked(ClientCalls.java:214)
	at org.apache.ratis.thirdparty.io.grpc.stub.ClientCalls.blockingUnaryCall(ClientCalls.java:139)
	at org.apache.ratis.proto.grpc.RaftServerProtocolServiceGrpc$RaftServerProtocolServiceBlockingStub.requestVote(RaftServerProtocolServiceGrpc.java:265)
	at org.apache.ratis.grpc.server.GrpcServerProtocolClient.requestVote(GrpcServerProtocolClient.java:90)
	at org.apache.ratis.grpc.server.GrpcService.requestVote(GrpcService.java:204)
	at org.apache.ratis.server.impl.LeaderElection.lambda$submitRequests$1(LeaderElection.java:238)
	at java.util.concurrent.FutureTask.run(FutureTask.java:266)
	at java.util.concurrent.Executors$RunnableAdapter.call(Executors.java:511)
	at java.util.concurrent.FutureTask.run(FutureTask.java:266)
	at java.util.concurrent.ThreadPoolExecutor.runWorker(ThreadPoolExecutor.java:1149)
	at java.util.concurrent.ThreadPoolExecutor$Worker.run(ThreadPoolExecutor.java:624)
	... 1 more
Caused by: org.apache.ratis.thirdparty.io.netty.channel.AbstractChannel$AnnotatedConnectException: Connection refused: /192.168.5.159:44598
	at sun.nio.ch.SocketChannelImpl.checkConnect(Native Method)
	at sun.nio.ch.SocketChannelImpl.finishConnect(SocketChannelImpl.java:717)
	at org.apache.ratis.thirdparty.io.netty.channel.socket.nio.NioSocketChannel.doFinishConnect(NioSocketChannel.java:327)
	at org.apache.ratis.thirdparty.io.netty.channel.nio.AbstractNioChannel$AbstractNioUnsafe.finishConnect(AbstractNioChannel.java:340)
	at org.apache.ratis.thirdparty.io.netty.channel.nio.NioEventLoop.processSelectedKey(NioEventLoop.java:632)
	at org.apache.ratis.thirdparty.io.netty.channel.nio.NioEventLoop.processSelectedKeysOptimized(NioEventLoop.java:579)
	at org.apache.ratis.thirdparty.io.netty.channel.nio.NioEventLoop.processSelectedKeys(NioEventLoop.java:496)
	at org.apache.ratis.thirdparty.io.netty.channel.nio.NioEventLoop.run(NioEventLoop.java:458)
	at org.apache.ratis.thirdparty.io.netty.util.concurrent.SingleThreadEventExecutor$5.run(SingleThreadEventExecutor.java:897)
	at org.apache.ratis.thirdparty.io.netty.util.concurrent.FastThreadLocalRunnable.run(FastThreadLocalRunnable.java:30)
	... 1 more
Caused by: java.net.ConnectException: Connection refused
	... 11 more
2019-10-14 14:42:57,028 [caa892f0-76ff-4c1e-b30f-b7c59842badc@group-E0B7C1D5C8D3:LeaderElection82] INFO  impl.RaftServerImpl (RaftServerImpl.java:setRole(174)) - caa892f0-76ff-4c1e-b30f-b7c59842badc@group-E0B7C1D5C8D3: changes role from CANDIDATE to FOLLOWER at term 24 for DISCOVERED_A_NEW_TERM
2019-10-14 14:42:57,028 [caa892f0-76ff-4c1e-b30f-b7c59842badc@group-E0B7C1D5C8D3:LeaderElection82] INFO  impl.RoleInfo (RoleInfo.java:shutdownLeaderElection(134)) - caa892f0-76ff-4c1e-b30f-b7c59842badc: shutdown LeaderElection
2019-10-14 14:42:57,028 [caa892f0-76ff-4c1e-b30f-b7c59842badc@group-E0B7C1D5C8D3:LeaderElection82] INFO  impl.RoleInfo (RoleInfo.java:updateAndGet(143)) - caa892f0-76ff-4c1e-b30f-b7c59842badc: start FollowerState
2019-10-14 14:42:57,103 [grpc-default-executor-4] WARN  server.GrpcLogAppender (LogUtils.java:warn(134)) - caa892f0-76ff-4c1e-b30f-b7c59842badc@group-026CFA11C8A1->f9748ec4-5d8a-4dfc-8690-85b8cdac3f5d-AppendLogResponseHandler: Failed appendEntries: org.apache.ratis.thirdparty.io.grpc.StatusRuntimeException: UNAVAILABLE: io exception
2019-10-14 14:42:57,103 [grpc-default-executor-2] WARN  server.GrpcLogAppender (LogUtils.java:warn(134)) - caa892f0-76ff-4c1e-b30f-b7c59842badc@group-382452901537->07a15819-e4fc-4072-82ac-b3e77a99d12a-AppendLogResponseHandler: Failed appendEntries: org.apache.ratis.thirdparty.io.grpc.StatusRuntimeException: UNAVAILABLE: io exception
2019-10-14 14:42:57,103 [grpc-default-executor-1] WARN  server.GrpcLogAppender (LogUtils.java:warn(134)) - caa892f0-76ff-4c1e-b30f-b7c59842badc@group-382452901537->f9748ec4-5d8a-4dfc-8690-85b8cdac3f5d-AppendLogResponseHandler: Failed appendEntries: org.apache.ratis.thirdparty.io.grpc.StatusRuntimeException: UNAVAILABLE: io exception
2019-10-14 14:42:57,103 [grpc-default-executor-9] WARN  server.GrpcLogAppender (LogUtils.java:warn(134)) - caa892f0-76ff-4c1e-b30f-b7c59842badc@group-026CFA11C8A1->07a15819-e4fc-4072-82ac-b3e77a99d12a-AppendLogResponseHandler: Failed appendEntries: org.apache.ratis.thirdparty.io.grpc.StatusRuntimeException: UNAVAILABLE: io exception
2019-10-14 14:42:57,103 [grpc-default-executor-1] INFO  impl.FollowerInfo (FollowerInfo.java:lambda$new$0(51)) - caa892f0-76ff-4c1e-b30f-b7c59842badc@group-382452901537->f9748ec4-5d8a-4dfc-8690-85b8cdac3f5d: nextIndex: updateUnconditionally 0 -> 0
2019-10-14 14:42:57,103 [grpc-default-executor-2] INFO  impl.FollowerInfo (FollowerInfo.java:lambda$new$0(51)) - caa892f0-76ff-4c1e-b30f-b7c59842badc@group-382452901537->07a15819-e4fc-4072-82ac-b3e77a99d12a: nextIndex: updateUnconditionally 0 -> 0
2019-10-14 14:42:57,103 [grpc-default-executor-4] INFO  impl.FollowerInfo (FollowerInfo.java:lambda$new$0(51)) - caa892f0-76ff-4c1e-b30f-b7c59842badc@group-026CFA11C8A1->f9748ec4-5d8a-4dfc-8690-85b8cdac3f5d: nextIndex: updateUnconditionally 0 -> 0
2019-10-14 14:42:57,104 [grpc-default-executor-9] INFO  impl.FollowerInfo (FollowerInfo.java:lambda$new$0(51)) - caa892f0-76ff-4c1e-b30f-b7c59842badc@group-026CFA11C8A1->07a15819-e4fc-4072-82ac-b3e77a99d12a: nextIndex: updateUnconditionally 0 -> 0
2019-10-14 14:42:57,591 [Thread-1478] INFO  impl.FollowerState (FollowerState.java:run(106)) - caa892f0-76ff-4c1e-b30f-b7c59842badc:group-EA752D978E74 changes to CANDIDATE, lastRpcTime:1151, electionTimeout:1151ms
2019-10-14 14:42:57,592 [Thread-1478] INFO  impl.RoleInfo (RoleInfo.java:shutdownFollowerState(121)) - caa892f0-76ff-4c1e-b30f-b7c59842badc: shutdown FollowerState
2019-10-14 14:42:57,593 [Thread-1478] INFO  impl.RaftServerImpl (RaftServerImpl.java:setRole(174)) - caa892f0-76ff-4c1e-b30f-b7c59842badc@group-EA752D978E74: changes role from  FOLLOWER to CANDIDATE at term 22 for changeToCandidate
2019-10-14 14:42:57,593 [Thread-1478] INFO  impl.RoleInfo (RoleInfo.java:updateAndGet(143)) - caa892f0-76ff-4c1e-b30f-b7c59842badc: start LeaderElection
2019-10-14 14:42:57,605 [grpc-default-executor-9] WARN  server.GrpcLogAppender (LogUtils.java:warn(134)) - caa892f0-76ff-4c1e-b30f-b7c59842badc@group-026CFA11C8A1->f9748ec4-5d8a-4dfc-8690-85b8cdac3f5d-AppendLogResponseHandler: Failed appendEntries: org.apache.ratis.thirdparty.io.grpc.StatusRuntimeException: UNAVAILABLE: io exception
2019-10-14 14:42:57,606 [grpc-default-executor-3] WARN  server.GrpcLogAppender (LogUtils.java:warn(134)) - caa892f0-76ff-4c1e-b30f-b7c59842badc@group-382452901537->f9748ec4-5d8a-4dfc-8690-85b8cdac3f5d-AppendLogResponseHandler: Failed appendEntries: org.apache.ratis.thirdparty.io.grpc.StatusRuntimeException: UNAVAILABLE: io exception
2019-10-14 14:42:57,606 [grpc-default-executor-1] WARN  server.GrpcLogAppender (LogUtils.java:warn(134)) - caa892f0-76ff-4c1e-b30f-b7c59842badc@group-382452901537->07a15819-e4fc-4072-82ac-b3e77a99d12a-AppendLogResponseHandler: Failed appendEntries: org.apache.ratis.thirdparty.io.grpc.StatusRuntimeException: UNAVAILABLE: io exception
2019-10-14 14:42:57,605 [grpc-default-executor-2] WARN  server.GrpcLogAppender (LogUtils.java:warn(134)) - caa892f0-76ff-4c1e-b30f-b7c59842badc@group-026CFA11C8A1->07a15819-e4fc-4072-82ac-b3e77a99d12a-AppendLogResponseHandler: Failed appendEntries: org.apache.ratis.thirdparty.io.grpc.StatusRuntimeException: UNAVAILABLE: io exception
2019-10-14 14:42:57,606 [grpc-default-executor-1] INFO  impl.FollowerInfo (FollowerInfo.java:lambda$new$0(51)) - caa892f0-76ff-4c1e-b30f-b7c59842badc@group-382452901537->07a15819-e4fc-4072-82ac-b3e77a99d12a: nextIndex: updateUnconditionally 0 -> 0
2019-10-14 14:42:57,606 [grpc-default-executor-3] INFO  impl.FollowerInfo (FollowerInfo.java:lambda$new$0(51)) - caa892f0-76ff-4c1e-b30f-b7c59842badc@group-382452901537->f9748ec4-5d8a-4dfc-8690-85b8cdac3f5d: nextIndex: updateUnconditionally 0 -> 0
2019-10-14 14:42:57,606 [grpc-default-executor-9] INFO  impl.FollowerInfo (FollowerInfo.java:lambda$new$0(51)) - caa892f0-76ff-4c1e-b30f-b7c59842badc@group-026CFA11C8A1->f9748ec4-5d8a-4dfc-8690-85b8cdac3f5d: nextIndex: updateUnconditionally 0 -> 0
2019-10-14 14:42:57,606 [grpc-default-executor-2] INFO  impl.FollowerInfo (FollowerInfo.java:lambda$new$0(51)) - caa892f0-76ff-4c1e-b30f-b7c59842badc@group-026CFA11C8A1->07a15819-e4fc-4072-82ac-b3e77a99d12a: nextIndex: updateUnconditionally 0 -> 0
2019-10-14 14:42:57,608 [caa892f0-76ff-4c1e-b30f-b7c59842badc@group-EA752D978E74:LeaderElection83] INFO  impl.LeaderElection (LeaderElection.java:askForVotes(182)) - caa892f0-76ff-4c1e-b30f-b7c59842badc@group-EA752D978E74:LeaderElection83: begin an election at term 23 for 0: [07a15819-e4fc-4072-82ac-b3e77a99d12a:192.168.5.159:45599, f9748ec4-5d8a-4dfc-8690-85b8cdac3f5d:192.168.5.159:44598, caa892f0-76ff-4c1e-b30f-b7c59842badc:192.168.5.159:39406], old=null
2019-10-14 14:42:57,610 [caa892f0-76ff-4c1e-b30f-b7c59842badc@group-EA752D978E74:LeaderElection83] INFO  impl.LeaderElection (LogUtils.java:infoOrTrace(149)) - caa892f0-76ff-4c1e-b30f-b7c59842badc@group-EA752D978E74:LeaderElection83 got exception when requesting votes: {}
java.util.concurrent.ExecutionException: org.apache.ratis.thirdparty.io.grpc.StatusRuntimeException: UNAVAILABLE: io exception
	at java.util.concurrent.FutureTask.report(FutureTask.java:122)
	at java.util.concurrent.FutureTask.get(FutureTask.java:192)
	at org.apache.ratis.server.impl.LeaderElection.waitForResults(LeaderElection.java:263)
	at org.apache.ratis.server.impl.LeaderElection.askForVotes(LeaderElection.java:201)
	at org.apache.ratis.server.impl.LeaderElection.run(LeaderElection.java:133)
	at java.lang.Thread.run(Thread.java:748)
Caused by: org.apache.ratis.thirdparty.io.grpc.StatusRuntimeException: UNAVAILABLE: io exception
	at org.apache.ratis.thirdparty.io.grpc.stub.ClientCalls.toStatusRuntimeException(ClientCalls.java:233)
	at org.apache.ratis.thirdparty.io.grpc.stub.ClientCalls.getUnchecked(ClientCalls.java:214)
	at org.apache.ratis.thirdparty.io.grpc.stub.ClientCalls.blockingUnaryCall(ClientCalls.java:139)
	at org.apache.ratis.proto.grpc.RaftServerProtocolServiceGrpc$RaftServerProtocolServiceBlockingStub.requestVote(RaftServerProtocolServiceGrpc.java:265)
	at org.apache.ratis.grpc.server.GrpcServerProtocolClient.requestVote(GrpcServerProtocolClient.java:90)
	at org.apache.ratis.grpc.server.GrpcService.requestVote(GrpcService.java:204)
	at org.apache.ratis.server.impl.LeaderElection.lambda$submitRequests$1(LeaderElection.java:238)
	at java.util.concurrent.FutureTask.run(FutureTask.java:266)
	at java.util.concurrent.Executors$RunnableAdapter.call(Executors.java:511)
	at java.util.concurrent.FutureTask.run(FutureTask.java:266)
	at java.util.concurrent.ThreadPoolExecutor.runWorker(ThreadPoolExecutor.java:1149)
	at java.util.concurrent.ThreadPoolExecutor$Worker.run(ThreadPoolExecutor.java:624)
	... 1 more
Caused by: org.apache.ratis.thirdparty.io.netty.channel.AbstractChannel$AnnotatedConnectException: Connection refused: /192.168.5.159:45599
	at sun.nio.ch.SocketChannelImpl.checkConnect(Native Method)
	at sun.nio.ch.SocketChannelImpl.finishConnect(SocketChannelImpl.java:717)
	at org.apache.ratis.thirdparty.io.netty.channel.socket.nio.NioSocketChannel.doFinishConnect(NioSocketChannel.java:327)
	at org.apache.ratis.thirdparty.io.netty.channel.nio.AbstractNioChannel$AbstractNioUnsafe.finishConnect(AbstractNioChannel.java:340)
	at org.apache.ratis.thirdparty.io.netty.channel.nio.NioEventLoop.processSelectedKey(NioEventLoop.java:632)
	at org.apache.ratis.thirdparty.io.netty.channel.nio.NioEventLoop.processSelectedKeysOptimized(NioEventLoop.java:579)
	at org.apache.ratis.thirdparty.io.netty.channel.nio.NioEventLoop.processSelectedKeys(NioEventLoop.java:496)
	at org.apache.ratis.thirdparty.io.netty.channel.nio.NioEventLoop.run(NioEventLoop.java:458)
	at org.apache.ratis.thirdparty.io.netty.util.concurrent.SingleThreadEventExecutor$5.run(SingleThreadEventExecutor.java:897)
	at org.apache.ratis.thirdparty.io.netty.util.concurrent.FastThreadLocalRunnable.run(FastThreadLocalRunnable.java:30)
	... 1 more
Caused by: java.net.ConnectException: Connection refused
	... 11 more
2019-10-14 14:42:57,610 [caa892f0-76ff-4c1e-b30f-b7c59842badc@group-EA752D978E74:LeaderElection83] INFO  impl.LeaderElection (LogUtils.java:infoOrTrace(149)) - caa892f0-76ff-4c1e-b30f-b7c59842badc@group-EA752D978E74:LeaderElection83 got exception when requesting votes: {}
java.util.concurrent.ExecutionException: org.apache.ratis.thirdparty.io.grpc.StatusRuntimeException: UNAVAILABLE: io exception
	at java.util.concurrent.FutureTask.report(FutureTask.java:122)
	at java.util.concurrent.FutureTask.get(FutureTask.java:192)
	at org.apache.ratis.server.impl.LeaderElection.waitForResults(LeaderElection.java:263)
	at org.apache.ratis.server.impl.LeaderElection.askForVotes(LeaderElection.java:201)
	at org.apache.ratis.server.impl.LeaderElection.run(LeaderElection.java:133)
	at java.lang.Thread.run(Thread.java:748)
Caused by: org.apache.ratis.thirdparty.io.grpc.StatusRuntimeException: UNAVAILABLE: io exception
	at org.apache.ratis.thirdparty.io.grpc.stub.ClientCalls.toStatusRuntimeException(ClientCalls.java:233)
	at org.apache.ratis.thirdparty.io.grpc.stub.ClientCalls.getUnchecked(ClientCalls.java:214)
	at org.apache.ratis.thirdparty.io.grpc.stub.ClientCalls.blockingUnaryCall(ClientCalls.java:139)
	at org.apache.ratis.proto.grpc.RaftServerProtocolServiceGrpc$RaftServerProtocolServiceBlockingStub.requestVote(RaftServerProtocolServiceGrpc.java:265)
	at org.apache.ratis.grpc.server.GrpcServerProtocolClient.requestVote(GrpcServerProtocolClient.java:90)
	at org.apache.ratis.grpc.server.GrpcService.requestVote(GrpcService.java:204)
	at org.apache.ratis.server.impl.LeaderElection.lambda$submitRequests$1(LeaderElection.java:238)
	at java.util.concurrent.FutureTask.run(FutureTask.java:266)
	at java.util.concurrent.Executors$RunnableAdapter.call(Executors.java:511)
	at java.util.concurrent.FutureTask.run(FutureTask.java:266)
	at java.util.concurrent.ThreadPoolExecutor.runWorker(ThreadPoolExecutor.java:1149)
	at java.util.concurrent.ThreadPoolExecutor$Worker.run(ThreadPoolExecutor.java:624)
	... 1 more
Caused by: org.apache.ratis.thirdparty.io.netty.channel.AbstractChannel$AnnotatedConnectException: Connection refused: /192.168.5.159:44598
	at sun.nio.ch.SocketChannelImpl.checkConnect(Native Method)
	at sun.nio.ch.SocketChannelImpl.finishConnect(SocketChannelImpl.java:717)
	at org.apache.ratis.thirdparty.io.netty.channel.socket.nio.NioSocketChannel.doFinishConnect(NioSocketChannel.java:327)
	at org.apache.ratis.thirdparty.io.netty.channel.nio.AbstractNioChannel$AbstractNioUnsafe.finishConnect(AbstractNioChannel.java:340)
	at org.apache.ratis.thirdparty.io.netty.channel.nio.NioEventLoop.processSelectedKey(NioEventLoop.java:632)
	at org.apache.ratis.thirdparty.io.netty.channel.nio.NioEventLoop.processSelectedKeysOptimized(NioEventLoop.java:579)
	at org.apache.ratis.thirdparty.io.netty.channel.nio.NioEventLoop.processSelectedKeys(NioEventLoop.java:496)
	at org.apache.ratis.thirdparty.io.netty.channel.nio.NioEventLoop.run(NioEventLoop.java:458)
	at org.apache.ratis.thirdparty.io.netty.util.concurrent.SingleThreadEventExecutor$5.run(SingleThreadEventExecutor.java:897)
	at org.apache.ratis.thirdparty.io.netty.util.concurrent.FastThreadLocalRunnable.run(FastThreadLocalRunnable.java:30)
	... 1 more
Caused by: java.net.ConnectException: Connection refused
	... 11 more
2019-10-14 14:42:57,611 [caa892f0-76ff-4c1e-b30f-b7c59842badc@group-EA752D978E74:LeaderElection83] INFO  impl.LeaderElection (LeaderElection.java:logAndReturn(56)) - caa892f0-76ff-4c1e-b30f-b7c59842badc@group-EA752D978E74:LeaderElection83: Election REJECTED; received 0 response(s) [] and 2 exception(s); caa892f0-76ff-4c1e-b30f-b7c59842badc@group-EA752D978E74:t23, leader=null, voted=caa892f0-76ff-4c1e-b30f-b7c59842badc, raftlog=caa892f0-76ff-4c1e-b30f-b7c59842badc@group-EA752D978E74-SegmentedRaftLog:OPENED:c16,f16,i16, conf=0: [07a15819-e4fc-4072-82ac-b3e77a99d12a:192.168.5.159:45599, f9748ec4-5d8a-4dfc-8690-85b8cdac3f5d:192.168.5.159:44598, caa892f0-76ff-4c1e-b30f-b7c59842badc:192.168.5.159:39406], old=null
2019-10-14 14:42:57,611 [caa892f0-76ff-4c1e-b30f-b7c59842badc@group-EA752D978E74:LeaderElection83] INFO  impl.LeaderElection (LogUtils.java:infoOrTrace(149)) -   Exception 0: {}
java.util.concurrent.ExecutionException: org.apache.ratis.thirdparty.io.grpc.StatusRuntimeException: UNAVAILABLE: io exception
	at java.util.concurrent.FutureTask.report(FutureTask.java:122)
	at java.util.concurrent.FutureTask.get(FutureTask.java:192)
	at org.apache.ratis.server.impl.LeaderElection.waitForResults(LeaderElection.java:263)
	at org.apache.ratis.server.impl.LeaderElection.askForVotes(LeaderElection.java:201)
	at org.apache.ratis.server.impl.LeaderElection.run(LeaderElection.java:133)
	at java.lang.Thread.run(Thread.java:748)
Caused by: org.apache.ratis.thirdparty.io.grpc.StatusRuntimeException: UNAVAILABLE: io exception
	at org.apache.ratis.thirdparty.io.grpc.stub.ClientCalls.toStatusRuntimeException(ClientCalls.java:233)
	at org.apache.ratis.thirdparty.io.grpc.stub.ClientCalls.getUnchecked(ClientCalls.java:214)
	at org.apache.ratis.thirdparty.io.grpc.stub.ClientCalls.blockingUnaryCall(ClientCalls.java:139)
	at org.apache.ratis.proto.grpc.RaftServerProtocolServiceGrpc$RaftServerProtocolServiceBlockingStub.requestVote(RaftServerProtocolServiceGrpc.java:265)
	at org.apache.ratis.grpc.server.GrpcServerProtocolClient.requestVote(GrpcServerProtocolClient.java:90)
	at org.apache.ratis.grpc.server.GrpcService.requestVote(GrpcService.java:204)
	at org.apache.ratis.server.impl.LeaderElection.lambda$submitRequests$1(LeaderElection.java:238)
	at java.util.concurrent.FutureTask.run(FutureTask.java:266)
	at java.util.concurrent.Executors$RunnableAdapter.call(Executors.java:511)
	at java.util.concurrent.FutureTask.run(FutureTask.java:266)
	at java.util.concurrent.ThreadPoolExecutor.runWorker(ThreadPoolExecutor.java:1149)
	at java.util.concurrent.ThreadPoolExecutor$Worker.run(ThreadPoolExecutor.java:624)
	... 1 more
Caused by: org.apache.ratis.thirdparty.io.netty.channel.AbstractChannel$AnnotatedConnectException: Connection refused: /192.168.5.159:45599
	at sun.nio.ch.SocketChannelImpl.checkConnect(Native Method)
	at sun.nio.ch.SocketChannelImpl.finishConnect(SocketChannelImpl.java:717)
	at org.apache.ratis.thirdparty.io.netty.channel.socket.nio.NioSocketChannel.doFinishConnect(NioSocketChannel.java:327)
	at org.apache.ratis.thirdparty.io.netty.channel.nio.AbstractNioChannel$AbstractNioUnsafe.finishConnect(AbstractNioChannel.java:340)
	at org.apache.ratis.thirdparty.io.netty.channel.nio.NioEventLoop.processSelectedKey(NioEventLoop.java:632)
	at org.apache.ratis.thirdparty.io.netty.channel.nio.NioEventLoop.processSelectedKeysOptimized(NioEventLoop.java:579)
	at org.apache.ratis.thirdparty.io.netty.channel.nio.NioEventLoop.processSelectedKeys(NioEventLoop.java:496)
	at org.apache.ratis.thirdparty.io.netty.channel.nio.NioEventLoop.run(NioEventLoop.java:458)
	at org.apache.ratis.thirdparty.io.netty.util.concurrent.SingleThreadEventExecutor$5.run(SingleThreadEventExecutor.java:897)
	at org.apache.ratis.thirdparty.io.netty.util.concurrent.FastThreadLocalRunnable.run(FastThreadLocalRunnable.java:30)
	... 1 more
Caused by: java.net.ConnectException: Connection refused
	... 11 more
2019-10-14 14:42:57,611 [caa892f0-76ff-4c1e-b30f-b7c59842badc@group-EA752D978E74:LeaderElection83] INFO  impl.LeaderElection (LogUtils.java:infoOrTrace(149)) -   Exception 1: {}
java.util.concurrent.ExecutionException: org.apache.ratis.thirdparty.io.grpc.StatusRuntimeException: UNAVAILABLE: io exception
	at java.util.concurrent.FutureTask.report(FutureTask.java:122)
	at java.util.concurrent.FutureTask.get(FutureTask.java:192)
	at org.apache.ratis.server.impl.LeaderElection.waitForResults(LeaderElection.java:263)
	at org.apache.ratis.server.impl.LeaderElection.askForVotes(LeaderElection.java:201)
	at org.apache.ratis.server.impl.LeaderElection.run(LeaderElection.java:133)
	at java.lang.Thread.run(Thread.java:748)
Caused by: org.apache.ratis.thirdparty.io.grpc.StatusRuntimeException: UNAVAILABLE: io exception
	at org.apache.ratis.thirdparty.io.grpc.stub.ClientCalls.toStatusRuntimeException(ClientCalls.java:233)
	at org.apache.ratis.thirdparty.io.grpc.stub.ClientCalls.getUnchecked(ClientCalls.java:214)
	at org.apache.ratis.thirdparty.io.grpc.stub.ClientCalls.blockingUnaryCall(ClientCalls.java:139)
	at org.apache.ratis.proto.grpc.RaftServerProtocolServiceGrpc$RaftServerProtocolServiceBlockingStub.requestVote(RaftServerProtocolServiceGrpc.java:265)
	at org.apache.ratis.grpc.server.GrpcServerProtocolClient.requestVote(GrpcServerProtocolClient.java:90)
	at org.apache.ratis.grpc.server.GrpcService.requestVote(GrpcService.java:204)
	at org.apache.ratis.server.impl.LeaderElection.lambda$submitRequests$1(LeaderElection.java:238)
	at java.util.concurrent.FutureTask.run(FutureTask.java:266)
	at java.util.concurrent.Executors$RunnableAdapter.call(Executors.java:511)
	at java.util.concurrent.FutureTask.run(FutureTask.java:266)
	at java.util.concurrent.ThreadPoolExecutor.runWorker(ThreadPoolExecutor.java:1149)
	at java.util.concurrent.ThreadPoolExecutor$Worker.run(ThreadPoolExecutor.java:624)
	... 1 more
Caused by: org.apache.ratis.thirdparty.io.netty.channel.AbstractChannel$AnnotatedConnectException: Connection refused: /192.168.5.159:44598
	at sun.nio.ch.SocketChannelImpl.checkConnect(Native Method)
	at sun.nio.ch.SocketChannelImpl.finishConnect(SocketChannelImpl.java:717)
	at org.apache.ratis.thirdparty.io.netty.channel.socket.nio.NioSocketChannel.doFinishConnect(NioSocketChannel.java:327)
	at org.apache.ratis.thirdparty.io.netty.channel.nio.AbstractNioChannel$AbstractNioUnsafe.finishConnect(AbstractNioChannel.java:340)
	at org.apache.ratis.thirdparty.io.netty.channel.nio.NioEventLoop.processSelectedKey(NioEventLoop.java:632)
	at org.apache.ratis.thirdparty.io.netty.channel.nio.NioEventLoop.processSelectedKeysOptimized(NioEventLoop.java:579)
	at org.apache.ratis.thirdparty.io.netty.channel.nio.NioEventLoop.processSelectedKeys(NioEventLoop.java:496)
	at org.apache.ratis.thirdparty.io.netty.channel.nio.NioEventLoop.run(NioEventLoop.java:458)
	at org.apache.ratis.thirdparty.io.netty.util.concurrent.SingleThreadEventExecutor$5.run(SingleThreadEventExecutor.java:897)
	at org.apache.ratis.thirdparty.io.netty.util.concurrent.FastThreadLocalRunnable.run(FastThreadLocalRunnable.java:30)
	... 1 more
Caused by: java.net.ConnectException: Connection refused
	... 11 more
2019-10-14 14:42:57,612 [caa892f0-76ff-4c1e-b30f-b7c59842badc@group-EA752D978E74:LeaderElection83] INFO  impl.RaftServerImpl (RaftServerImpl.java:setRole(174)) - caa892f0-76ff-4c1e-b30f-b7c59842badc@group-EA752D978E74: changes role from CANDIDATE to FOLLOWER at term 23 for DISCOVERED_A_NEW_TERM
2019-10-14 14:42:57,612 [caa892f0-76ff-4c1e-b30f-b7c59842badc@group-EA752D978E74:LeaderElection83] INFO  impl.RoleInfo (RoleInfo.java:shutdownLeaderElection(134)) - caa892f0-76ff-4c1e-b30f-b7c59842badc: shutdown LeaderElection
2019-10-14 14:42:57,612 [caa892f0-76ff-4c1e-b30f-b7c59842badc@group-EA752D978E74:LeaderElection83] INFO  impl.RoleInfo (RoleInfo.java:updateAndGet(143)) - caa892f0-76ff-4c1e-b30f-b7c59842badc: start FollowerState
2019-10-14 14:42:58,104 [grpc-default-executor-2] WARN  server.GrpcLogAppender (LogUtils.java:warn(134)) - caa892f0-76ff-4c1e-b30f-b7c59842badc@group-382452901537->07a15819-e4fc-4072-82ac-b3e77a99d12a-AppendLogResponseHandler: Failed appendEntries: org.apache.ratis.thirdparty.io.grpc.StatusRuntimeException: UNAVAILABLE: io exception
2019-10-14 14:42:58,104 [grpc-default-executor-9] WARN  server.GrpcLogAppender (LogUtils.java:warn(134)) - caa892f0-76ff-4c1e-b30f-b7c59842badc@group-026CFA11C8A1->07a15819-e4fc-4072-82ac-b3e77a99d12a-AppendLogResponseHandler: Failed appendEntries: org.apache.ratis.thirdparty.io.grpc.StatusRuntimeException: UNAVAILABLE: io exception
2019-10-14 14:42:58,104 [grpc-default-executor-3] WARN  server.GrpcLogAppender (LogUtils.java:warn(134)) - caa892f0-76ff-4c1e-b30f-b7c59842badc@group-026CFA11C8A1->f9748ec4-5d8a-4dfc-8690-85b8cdac3f5d-AppendLogResponseHandler: Failed appendEntries: org.apache.ratis.thirdparty.io.grpc.StatusRuntimeException: UNAVAILABLE: io exception
2019-10-14 14:42:58,104 [grpc-default-executor-1] WARN  server.GrpcLogAppender (LogUtils.java:warn(134)) - caa892f0-76ff-4c1e-b30f-b7c59842badc@group-382452901537->f9748ec4-5d8a-4dfc-8690-85b8cdac3f5d-AppendLogResponseHandler: Failed appendEntries: org.apache.ratis.thirdparty.io.grpc.StatusRuntimeException: UNAVAILABLE: io exception
2019-10-14 14:42:58,105 [grpc-default-executor-2] INFO  impl.FollowerInfo (FollowerInfo.java:lambda$new$0(51)) - caa892f0-76ff-4c1e-b30f-b7c59842badc@group-382452901537->07a15819-e4fc-4072-82ac-b3e77a99d12a: nextIndex: updateUnconditionally 0 -> 0
2019-10-14 14:42:58,105 [grpc-default-executor-9] INFO  impl.FollowerInfo (FollowerInfo.java:lambda$new$0(51)) - caa892f0-76ff-4c1e-b30f-b7c59842badc@group-026CFA11C8A1->07a15819-e4fc-4072-82ac-b3e77a99d12a: nextIndex: updateUnconditionally 0 -> 0
2019-10-14 14:42:58,106 [grpc-default-executor-3] INFO  impl.FollowerInfo (FollowerInfo.java:lambda$new$0(51)) - caa892f0-76ff-4c1e-b30f-b7c59842badc@group-026CFA11C8A1->f9748ec4-5d8a-4dfc-8690-85b8cdac3f5d: nextIndex: updateUnconditionally 0 -> 0
2019-10-14 14:42:58,106 [grpc-default-executor-1] INFO  impl.FollowerInfo (FollowerInfo.java:lambda$new$0(51)) - caa892f0-76ff-4c1e-b30f-b7c59842badc@group-382452901537->f9748ec4-5d8a-4dfc-8690-85b8cdac3f5d: nextIndex: updateUnconditionally 0 -> 0
2019-10-14 14:42:58,167 [Thread-1490] INFO  impl.FollowerState (FollowerState.java:run(106)) - caa892f0-76ff-4c1e-b30f-b7c59842badc:group-E0B7C1D5C8D3 changes to CANDIDATE, lastRpcTime:1138, electionTimeout:1138ms
2019-10-14 14:42:58,167 [Thread-1490] INFO  impl.RoleInfo (RoleInfo.java:shutdownFollowerState(121)) - caa892f0-76ff-4c1e-b30f-b7c59842badc: shutdown FollowerState
2019-10-14 14:42:58,168 [Thread-1490] INFO  impl.RaftServerImpl (RaftServerImpl.java:setRole(174)) - caa892f0-76ff-4c1e-b30f-b7c59842badc@group-E0B7C1D5C8D3: changes role from  FOLLOWER to CANDIDATE at term 24 for changeToCandidate
2019-10-14 14:42:58,168 [Thread-1490] INFO  impl.RoleInfo (RoleInfo.java:updateAndGet(143)) - caa892f0-76ff-4c1e-b30f-b7c59842badc: start LeaderElection
2019-10-14 14:42:58,182 [caa892f0-76ff-4c1e-b30f-b7c59842badc@group-E0B7C1D5C8D3:LeaderElection84] INFO  impl.LeaderElection (LeaderElection.java:askForVotes(182)) - caa892f0-76ff-4c1e-b30f-b7c59842badc@group-E0B7C1D5C8D3:LeaderElection84: begin an election at term 25 for 0: [07a15819-e4fc-4072-82ac-b3e77a99d12a:192.168.5.159:45599, f9748ec4-5d8a-4dfc-8690-85b8cdac3f5d:192.168.5.159:44598, caa892f0-76ff-4c1e-b30f-b7c59842badc:192.168.5.159:39406], old=null
2019-10-14 14:42:58,185 [caa892f0-76ff-4c1e-b30f-b7c59842badc@group-E0B7C1D5C8D3:LeaderElection84] INFO  impl.LeaderElection (LogUtils.java:infoOrTrace(149)) - caa892f0-76ff-4c1e-b30f-b7c59842badc@group-E0B7C1D5C8D3:LeaderElection84 got exception when requesting votes: {}
java.util.concurrent.ExecutionException: org.apache.ratis.thirdparty.io.grpc.StatusRuntimeException: UNAVAILABLE: io exception
	at java.util.concurrent.FutureTask.report(FutureTask.java:122)
	at java.util.concurrent.FutureTask.get(FutureTask.java:192)
	at org.apache.ratis.server.impl.LeaderElection.waitForResults(LeaderElection.java:263)
	at org.apache.ratis.server.impl.LeaderElection.askForVotes(LeaderElection.java:201)
	at org.apache.ratis.server.impl.LeaderElection.run(LeaderElection.java:133)
	at java.lang.Thread.run(Thread.java:748)
Caused by: org.apache.ratis.thirdparty.io.grpc.StatusRuntimeException: UNAVAILABLE: io exception
	at org.apache.ratis.thirdparty.io.grpc.stub.ClientCalls.toStatusRuntimeException(ClientCalls.java:233)
	at org.apache.ratis.thirdparty.io.grpc.stub.ClientCalls.getUnchecked(ClientCalls.java:214)
	at org.apache.ratis.thirdparty.io.grpc.stub.ClientCalls.blockingUnaryCall(ClientCalls.java:139)
	at org.apache.ratis.proto.grpc.RaftServerProtocolServiceGrpc$RaftServerProtocolServiceBlockingStub.requestVote(RaftServerProtocolServiceGrpc.java:265)
	at org.apache.ratis.grpc.server.GrpcServerProtocolClient.requestVote(GrpcServerProtocolClient.java:90)
	at org.apache.ratis.grpc.server.GrpcService.requestVote(GrpcService.java:204)
	at org.apache.ratis.server.impl.LeaderElection.lambda$submitRequests$1(LeaderElection.java:238)
	at java.util.concurrent.FutureTask.run(FutureTask.java:266)
	at java.util.concurrent.Executors$RunnableAdapter.call(Executors.java:511)
	at java.util.concurrent.FutureTask.run(FutureTask.java:266)
	at java.util.concurrent.ThreadPoolExecutor.runWorker(ThreadPoolExecutor.java:1149)
	at java.util.concurrent.ThreadPoolExecutor$Worker.run(ThreadPoolExecutor.java:624)
	... 1 more
Caused by: org.apache.ratis.thirdparty.io.netty.channel.AbstractChannel$AnnotatedConnectException: Connection refused: /192.168.5.159:44598
	at sun.nio.ch.SocketChannelImpl.checkConnect(Native Method)
	at sun.nio.ch.SocketChannelImpl.finishConnect(SocketChannelImpl.java:717)
	at org.apache.ratis.thirdparty.io.netty.channel.socket.nio.NioSocketChannel.doFinishConnect(NioSocketChannel.java:327)
	at org.apache.ratis.thirdparty.io.netty.channel.nio.AbstractNioChannel$AbstractNioUnsafe.finishConnect(AbstractNioChannel.java:340)
	at org.apache.ratis.thirdparty.io.netty.channel.nio.NioEventLoop.processSelectedKey(NioEventLoop.java:632)
	at org.apache.ratis.thirdparty.io.netty.channel.nio.NioEventLoop.processSelectedKeysOptimized(NioEventLoop.java:579)
	at org.apache.ratis.thirdparty.io.netty.channel.nio.NioEventLoop.processSelectedKeys(NioEventLoop.java:496)
	at org.apache.ratis.thirdparty.io.netty.channel.nio.NioEventLoop.run(NioEventLoop.java:458)
	at org.apache.ratis.thirdparty.io.netty.util.concurrent.SingleThreadEventExecutor$5.run(SingleThreadEventExecutor.java:897)
	at org.apache.ratis.thirdparty.io.netty.util.concurrent.FastThreadLocalRunnable.run(FastThreadLocalRunnable.java:30)
	... 1 more
Caused by: java.net.ConnectException: Connection refused
	... 11 more
2019-10-14 14:42:58,185 [caa892f0-76ff-4c1e-b30f-b7c59842badc@group-E0B7C1D5C8D3:LeaderElection84] INFO  impl.LeaderElection (LogUtils.java:infoOrTrace(149)) - caa892f0-76ff-4c1e-b30f-b7c59842badc@group-E0B7C1D5C8D3:LeaderElection84 got exception when requesting votes: {}
java.util.concurrent.ExecutionException: org.apache.ratis.thirdparty.io.grpc.StatusRuntimeException: UNAVAILABLE: io exception
	at java.util.concurrent.FutureTask.report(FutureTask.java:122)
	at java.util.concurrent.FutureTask.get(FutureTask.java:192)
	at org.apache.ratis.server.impl.LeaderElection.waitForResults(LeaderElection.java:263)
	at org.apache.ratis.server.impl.LeaderElection.askForVotes(LeaderElection.java:201)
	at org.apache.ratis.server.impl.LeaderElection.run(LeaderElection.java:133)
	at java.lang.Thread.run(Thread.java:748)
Caused by: org.apache.ratis.thirdparty.io.grpc.StatusRuntimeException: UNAVAILABLE: io exception
	at org.apache.ratis.thirdparty.io.grpc.stub.ClientCalls.toStatusRuntimeException(ClientCalls.java:233)
	at org.apache.ratis.thirdparty.io.grpc.stub.ClientCalls.getUnchecked(ClientCalls.java:214)
	at org.apache.ratis.thirdparty.io.grpc.stub.ClientCalls.blockingUnaryCall(ClientCalls.java:139)
	at org.apache.ratis.proto.grpc.RaftServerProtocolServiceGrpc$RaftServerProtocolServiceBlockingStub.requestVote(RaftServerProtocolServiceGrpc.java:265)
	at org.apache.ratis.grpc.server.GrpcServerProtocolClient.requestVote(GrpcServerProtocolClient.java:90)
	at org.apache.ratis.grpc.server.GrpcService.requestVote(GrpcService.java:204)
	at org.apache.ratis.server.impl.LeaderElection.lambda$submitRequests$1(LeaderElection.java:238)
	at java.util.concurrent.FutureTask.run(FutureTask.java:266)
	at java.util.concurrent.Executors$RunnableAdapter.call(Executors.java:511)
	at java.util.concurrent.FutureTask.run(FutureTask.java:266)
	at java.util.concurrent.ThreadPoolExecutor.runWorker(ThreadPoolExecutor.java:1149)
	at java.util.concurrent.ThreadPoolExecutor$Worker.run(ThreadPoolExecutor.java:624)
	... 1 more
Caused by: org.apache.ratis.thirdparty.io.netty.channel.AbstractChannel$AnnotatedConnectException: Connection refused: /192.168.5.159:45599
	at sun.nio.ch.SocketChannelImpl.checkConnect(Native Method)
	at sun.nio.ch.SocketChannelImpl.finishConnect(SocketChannelImpl.java:717)
	at org.apache.ratis.thirdparty.io.netty.channel.socket.nio.NioSocketChannel.doFinishConnect(NioSocketChannel.java:327)
	at org.apache.ratis.thirdparty.io.netty.channel.nio.AbstractNioChannel$AbstractNioUnsafe.finishConnect(AbstractNioChannel.java:340)
	at org.apache.ratis.thirdparty.io.netty.channel.nio.NioEventLoop.processSelectedKey(NioEventLoop.java:632)
	at org.apache.ratis.thirdparty.io.netty.channel.nio.NioEventLoop.processSelectedKeysOptimized(NioEventLoop.java:579)
	at org.apache.ratis.thirdparty.io.netty.channel.nio.NioEventLoop.processSelectedKeys(NioEventLoop.java:496)
	at org.apache.ratis.thirdparty.io.netty.channel.nio.NioEventLoop.run(NioEventLoop.java:458)
	at org.apache.ratis.thirdparty.io.netty.util.concurrent.SingleThreadEventExecutor$5.run(SingleThreadEventExecutor.java:897)
	at org.apache.ratis.thirdparty.io.netty.util.concurrent.FastThreadLocalRunnable.run(FastThreadLocalRunnable.java:30)
	... 1 more
Caused by: java.net.ConnectException: Connection refused
	... 11 more
2019-10-14 14:42:58,186 [caa892f0-76ff-4c1e-b30f-b7c59842badc@group-E0B7C1D5C8D3:LeaderElection84] INFO  impl.LeaderElection (LeaderElection.java:logAndReturn(56)) - caa892f0-76ff-4c1e-b30f-b7c59842badc@group-E0B7C1D5C8D3:LeaderElection84: Election REJECTED; received 0 response(s) [] and 2 exception(s); caa892f0-76ff-4c1e-b30f-b7c59842badc@group-E0B7C1D5C8D3:t25, leader=null, voted=caa892f0-76ff-4c1e-b30f-b7c59842badc, raftlog=caa892f0-76ff-4c1e-b30f-b7c59842badc@group-E0B7C1D5C8D3-SegmentedRaftLog:OPENED:c0,f0,i0, conf=0: [07a15819-e4fc-4072-82ac-b3e77a99d12a:192.168.5.159:45599, f9748ec4-5d8a-4dfc-8690-85b8cdac3f5d:192.168.5.159:44598, caa892f0-76ff-4c1e-b30f-b7c59842badc:192.168.5.159:39406], old=null
2019-10-14 14:42:58,186 [caa892f0-76ff-4c1e-b30f-b7c59842badc@group-E0B7C1D5C8D3:LeaderElection84] INFO  impl.LeaderElection (LogUtils.java:infoOrTrace(149)) -   Exception 0: {}
java.util.concurrent.ExecutionException: org.apache.ratis.thirdparty.io.grpc.StatusRuntimeException: UNAVAILABLE: io exception
	at java.util.concurrent.FutureTask.report(FutureTask.java:122)
	at java.util.concurrent.FutureTask.get(FutureTask.java:192)
	at org.apache.ratis.server.impl.LeaderElection.waitForResults(LeaderElection.java:263)
	at org.apache.ratis.server.impl.LeaderElection.askForVotes(LeaderElection.java:201)
	at org.apache.ratis.server.impl.LeaderElection.run(LeaderElection.java:133)
	at java.lang.Thread.run(Thread.java:748)
Caused by: org.apache.ratis.thirdparty.io.grpc.StatusRuntimeException: UNAVAILABLE: io exception
	at org.apache.ratis.thirdparty.io.grpc.stub.ClientCalls.toStatusRuntimeException(ClientCalls.java:233)
	at org.apache.ratis.thirdparty.io.grpc.stub.ClientCalls.getUnchecked(ClientCalls.java:214)
	at org.apache.ratis.thirdparty.io.grpc.stub.ClientCalls.blockingUnaryCall(ClientCalls.java:139)
	at org.apache.ratis.proto.grpc.RaftServerProtocolServiceGrpc$RaftServerProtocolServiceBlockingStub.requestVote(RaftServerProtocolServiceGrpc.java:265)
	at org.apache.ratis.grpc.server.GrpcServerProtocolClient.requestVote(GrpcServerProtocolClient.java:90)
	at org.apache.ratis.grpc.server.GrpcService.requestVote(GrpcService.java:204)
	at org.apache.ratis.server.impl.LeaderElection.lambda$submitRequests$1(LeaderElection.java:238)
	at java.util.concurrent.FutureTask.run(FutureTask.java:266)
	at java.util.concurrent.Executors$RunnableAdapter.call(Executors.java:511)
	at java.util.concurrent.FutureTask.run(FutureTask.java:266)
	at java.util.concurrent.ThreadPoolExecutor.runWorker(ThreadPoolExecutor.java:1149)
	at java.util.concurrent.ThreadPoolExecutor$Worker.run(ThreadPoolExecutor.java:624)
	... 1 more
Caused by: org.apache.ratis.thirdparty.io.netty.channel.AbstractChannel$AnnotatedConnectException: Connection refused: /192.168.5.159:44598
	at sun.nio.ch.SocketChannelImpl.checkConnect(Native Method)
	at sun.nio.ch.SocketChannelImpl.finishConnect(SocketChannelImpl.java:717)
	at org.apache.ratis.thirdparty.io.netty.channel.socket.nio.NioSocketChannel.doFinishConnect(NioSocketChannel.java:327)
	at org.apache.ratis.thirdparty.io.netty.channel.nio.AbstractNioChannel$AbstractNioUnsafe.finishConnect(AbstractNioChannel.java:340)
	at org.apache.ratis.thirdparty.io.netty.channel.nio.NioEventLoop.processSelectedKey(NioEventLoop.java:632)
	at org.apache.ratis.thirdparty.io.netty.channel.nio.NioEventLoop.processSelectedKeysOptimized(NioEventLoop.java:579)
	at org.apache.ratis.thirdparty.io.netty.channel.nio.NioEventLoop.processSelectedKeys(NioEventLoop.java:496)
	at org.apache.ratis.thirdparty.io.netty.channel.nio.NioEventLoop.run(NioEventLoop.java:458)
	at org.apache.ratis.thirdparty.io.netty.util.concurrent.SingleThreadEventExecutor$5.run(SingleThreadEventExecutor.java:897)
	at org.apache.ratis.thirdparty.io.netty.util.concurrent.FastThreadLocalRunnable.run(FastThreadLocalRunnable.java:30)
	... 1 more
Caused by: java.net.ConnectException: Connection refused
	... 11 more
2019-10-14 14:42:58,186 [caa892f0-76ff-4c1e-b30f-b7c59842badc@group-E0B7C1D5C8D3:LeaderElection84] INFO  impl.LeaderElection (LogUtils.java:infoOrTrace(149)) -   Exception 1: {}
java.util.concurrent.ExecutionException: org.apache.ratis.thirdparty.io.grpc.StatusRuntimeException: UNAVAILABLE: io exception
	at java.util.concurrent.FutureTask.report(FutureTask.java:122)
	at java.util.concurrent.FutureTask.get(FutureTask.java:192)
	at org.apache.ratis.server.impl.LeaderElection.waitForResults(LeaderElection.java:263)
	at org.apache.ratis.server.impl.LeaderElection.askForVotes(LeaderElection.java:201)
	at org.apache.ratis.server.impl.LeaderElection.run(LeaderElection.java:133)
	at java.lang.Thread.run(Thread.java:748)
Caused by: org.apache.ratis.thirdparty.io.grpc.StatusRuntimeException: UNAVAILABLE: io exception
	at org.apache.ratis.thirdparty.io.grpc.stub.ClientCalls.toStatusRuntimeException(ClientCalls.java:233)
	at org.apache.ratis.thirdparty.io.grpc.stub.ClientCalls.getUnchecked(ClientCalls.java:214)
	at org.apache.ratis.thirdparty.io.grpc.stub.ClientCalls.blockingUnaryCall(ClientCalls.java:139)
	at org.apache.ratis.proto.grpc.RaftServerProtocolServiceGrpc$RaftServerProtocolServiceBlockingStub.requestVote(RaftServerProtocolServiceGrpc.java:265)
	at org.apache.ratis.grpc.server.GrpcServerProtocolClient.requestVote(GrpcServerProtocolClient.java:90)
	at org.apache.ratis.grpc.server.GrpcService.requestVote(GrpcService.java:204)
	at org.apache.ratis.server.impl.LeaderElection.lambda$submitRequests$1(LeaderElection.java:238)
	at java.util.concurrent.FutureTask.run(FutureTask.java:266)
	at java.util.concurrent.Executors$RunnableAdapter.call(Executors.java:511)
	at java.util.concurrent.FutureTask.run(FutureTask.java:266)
	at java.util.concurrent.ThreadPoolExecutor.runWorker(ThreadPoolExecutor.java:1149)
	at java.util.concurrent.ThreadPoolExecutor$Worker.run(ThreadPoolExecutor.java:624)
	... 1 more
Caused by: org.apache.ratis.thirdparty.io.netty.channel.AbstractChannel$AnnotatedConnectException: Connection refused: /192.168.5.159:45599
	at sun.nio.ch.SocketChannelImpl.checkConnect(Native Method)
	at sun.nio.ch.SocketChannelImpl.finishConnect(SocketChannelImpl.java:717)
	at org.apache.ratis.thirdparty.io.netty.channel.socket.nio.NioSocketChannel.doFinishConnect(NioSocketChannel.java:327)
	at org.apache.ratis.thirdparty.io.netty.channel.nio.AbstractNioChannel$AbstractNioUnsafe.finishConnect(AbstractNioChannel.java:340)
	at org.apache.ratis.thirdparty.io.netty.channel.nio.NioEventLoop.processSelectedKey(NioEventLoop.java:632)
	at org.apache.ratis.thirdparty.io.netty.channel.nio.NioEventLoop.processSelectedKeysOptimized(NioEventLoop.java:579)
	at org.apache.ratis.thirdparty.io.netty.channel.nio.NioEventLoop.processSelectedKeys(NioEventLoop.java:496)
	at org.apache.ratis.thirdparty.io.netty.channel.nio.NioEventLoop.run(NioEventLoop.java:458)
	at org.apache.ratis.thirdparty.io.netty.util.concurrent.SingleThreadEventExecutor$5.run(SingleThreadEventExecutor.java:897)
	at org.apache.ratis.thirdparty.io.netty.util.concurrent.FastThreadLocalRunnable.run(FastThreadLocalRunnable.java:30)
	... 1 more
Caused by: java.net.ConnectException: Connection refused
	... 11 more
2019-10-14 14:42:58,186 [caa892f0-76ff-4c1e-b30f-b7c59842badc@group-E0B7C1D5C8D3:LeaderElection84] INFO  impl.RaftServerImpl (RaftServerImpl.java:setRole(174)) - caa892f0-76ff-4c1e-b30f-b7c59842badc@group-E0B7C1D5C8D3: changes role from CANDIDATE to FOLLOWER at term 25 for DISCOVERED_A_NEW_TERM
2019-10-14 14:42:58,186 [caa892f0-76ff-4c1e-b30f-b7c59842badc@group-E0B7C1D5C8D3:LeaderElection84] INFO  impl.RoleInfo (RoleInfo.java:shutdownLeaderElection(134)) - caa892f0-76ff-4c1e-b30f-b7c59842badc: shutdown LeaderElection
2019-10-14 14:42:58,186 [caa892f0-76ff-4c1e-b30f-b7c59842badc@group-E0B7C1D5C8D3:LeaderElection84] INFO  impl.RoleInfo (RoleInfo.java:updateAndGet(143)) - caa892f0-76ff-4c1e-b30f-b7c59842badc: start FollowerState
2019-10-14 14:42:58,605 [grpc-default-executor-9] WARN  server.GrpcLogAppender (LogUtils.java:warn(134)) - caa892f0-76ff-4c1e-b30f-b7c59842badc@group-382452901537->07a15819-e4fc-4072-82ac-b3e77a99d12a-AppendLogResponseHandler: Failed appendEntries: org.apache.ratis.thirdparty.io.grpc.StatusRuntimeException: UNAVAILABLE: io exception
2019-10-14 14:42:58,605 [grpc-default-executor-4] WARN  server.GrpcLogAppender (LogUtils.java:warn(134)) - caa892f0-76ff-4c1e-b30f-b7c59842badc@group-382452901537->f9748ec4-5d8a-4dfc-8690-85b8cdac3f5d-AppendLogResponseHandler: Failed appendEntries: org.apache.ratis.thirdparty.io.grpc.StatusRuntimeException: UNAVAILABLE: io exception
2019-10-14 14:42:58,605 [grpc-default-executor-9] INFO  impl.FollowerInfo (FollowerInfo.java:lambda$new$0(51)) - caa892f0-76ff-4c1e-b30f-b7c59842badc@group-382452901537->07a15819-e4fc-4072-82ac-b3e77a99d12a: nextIndex: updateUnconditionally 0 -> 0
2019-10-14 14:42:58,605 [grpc-default-executor-2] WARN  server.GrpcLogAppender (LogUtils.java:warn(134)) - caa892f0-76ff-4c1e-b30f-b7c59842badc@group-026CFA11C8A1->f9748ec4-5d8a-4dfc-8690-85b8cdac3f5d-AppendLogResponseHandler: Failed appendEntries: org.apache.ratis.thirdparty.io.grpc.StatusRuntimeException: UNAVAILABLE: io exception
2019-10-14 14:42:58,605 [grpc-default-executor-3] WARN  server.GrpcLogAppender (LogUtils.java:warn(134)) - caa892f0-76ff-4c1e-b30f-b7c59842badc@group-026CFA11C8A1->07a15819-e4fc-4072-82ac-b3e77a99d12a-AppendLogResponseHandler: Failed appendEntries: org.apache.ratis.thirdparty.io.grpc.StatusRuntimeException: UNAVAILABLE: io exception
2019-10-14 14:42:58,606 [grpc-default-executor-2] INFO  impl.FollowerInfo (FollowerInfo.java:lambda$new$0(51)) - caa892f0-76ff-4c1e-b30f-b7c59842badc@group-026CFA11C8A1->f9748ec4-5d8a-4dfc-8690-85b8cdac3f5d: nextIndex: updateUnconditionally 0 -> 0
2019-10-14 14:42:58,606 [grpc-default-executor-4] INFO  impl.FollowerInfo (FollowerInfo.java:lambda$new$0(51)) - caa892f0-76ff-4c1e-b30f-b7c59842badc@group-382452901537->f9748ec4-5d8a-4dfc-8690-85b8cdac3f5d: nextIndex: updateUnconditionally 0 -> 0
2019-10-14 14:42:58,606 [grpc-default-executor-3] INFO  impl.FollowerInfo (FollowerInfo.java:lambda$new$0(51)) - caa892f0-76ff-4c1e-b30f-b7c59842badc@group-026CFA11C8A1->07a15819-e4fc-4072-82ac-b3e77a99d12a: nextIndex: updateUnconditionally 0 -> 0
2019-10-14 14:42:58,808 [Thread-1503] INFO  impl.FollowerState (FollowerState.java:run(106)) - caa892f0-76ff-4c1e-b30f-b7c59842badc:group-EA752D978E74 changes to CANDIDATE, lastRpcTime:1195, electionTimeout:1195ms
2019-10-14 14:42:58,808 [Thread-1503] INFO  impl.RoleInfo (RoleInfo.java:shutdownFollowerState(121)) - caa892f0-76ff-4c1e-b30f-b7c59842badc: shutdown FollowerState
2019-10-14 14:42:58,808 [Thread-1503] INFO  impl.RaftServerImpl (RaftServerImpl.java:setRole(174)) - caa892f0-76ff-4c1e-b30f-b7c59842badc@group-EA752D978E74: changes role from  FOLLOWER to CANDIDATE at term 23 for changeToCandidate
2019-10-14 14:42:58,808 [Thread-1503] INFO  impl.RoleInfo (RoleInfo.java:updateAndGet(143)) - caa892f0-76ff-4c1e-b30f-b7c59842badc: start LeaderElection
2019-10-14 14:42:58,834 [caa892f0-76ff-4c1e-b30f-b7c59842badc@group-EA752D978E74:LeaderElection85] INFO  impl.LeaderElection (LeaderElection.java:askForVotes(182)) - caa892f0-76ff-4c1e-b30f-b7c59842badc@group-EA752D978E74:LeaderElection85: begin an election at term 24 for 0: [07a15819-e4fc-4072-82ac-b3e77a99d12a:192.168.5.159:45599, f9748ec4-5d8a-4dfc-8690-85b8cdac3f5d:192.168.5.159:44598, caa892f0-76ff-4c1e-b30f-b7c59842badc:192.168.5.159:39406], old=null
2019-10-14 14:42:58,837 [caa892f0-76ff-4c1e-b30f-b7c59842badc@group-EA752D978E74:LeaderElection85] INFO  impl.LeaderElection (LogUtils.java:infoOrTrace(149)) - caa892f0-76ff-4c1e-b30f-b7c59842badc@group-EA752D978E74:LeaderElection85 got exception when requesting votes: {}
java.util.concurrent.ExecutionException: org.apache.ratis.thirdparty.io.grpc.StatusRuntimeException: UNAVAILABLE: io exception
	at java.util.concurrent.FutureTask.report(FutureTask.java:122)
	at java.util.concurrent.FutureTask.get(FutureTask.java:192)
	at org.apache.ratis.server.impl.LeaderElection.waitForResults(LeaderElection.java:263)
	at org.apache.ratis.server.impl.LeaderElection.askForVotes(LeaderElection.java:201)
	at org.apache.ratis.server.impl.LeaderElection.run(LeaderElection.java:133)
	at java.lang.Thread.run(Thread.java:748)
Caused by: org.apache.ratis.thirdparty.io.grpc.StatusRuntimeException: UNAVAILABLE: io exception
	at org.apache.ratis.thirdparty.io.grpc.stub.ClientCalls.toStatusRuntimeException(ClientCalls.java:233)
	at org.apache.ratis.thirdparty.io.grpc.stub.ClientCalls.getUnchecked(ClientCalls.java:214)
	at org.apache.ratis.thirdparty.io.grpc.stub.ClientCalls.blockingUnaryCall(ClientCalls.java:139)
	at org.apache.ratis.proto.grpc.RaftServerProtocolServiceGrpc$RaftServerProtocolServiceBlockingStub.requestVote(RaftServerProtocolServiceGrpc.java:265)
	at org.apache.ratis.grpc.server.GrpcServerProtocolClient.requestVote(GrpcServerProtocolClient.java:90)
	at org.apache.ratis.grpc.server.GrpcService.requestVote(GrpcService.java:204)
	at org.apache.ratis.server.impl.LeaderElection.lambda$submitRequests$1(LeaderElection.java:238)
	at java.util.concurrent.FutureTask.run(FutureTask.java:266)
	at java.util.concurrent.Executors$RunnableAdapter.call(Executors.java:511)
	at java.util.concurrent.FutureTask.run(FutureTask.java:266)
	at java.util.concurrent.ThreadPoolExecutor.runWorker(ThreadPoolExecutor.java:1149)
	at java.util.concurrent.ThreadPoolExecutor$Worker.run(ThreadPoolExecutor.java:624)
	... 1 more
Caused by: org.apache.ratis.thirdparty.io.netty.channel.AbstractChannel$AnnotatedConnectException: Connection refused: /192.168.5.159:44598
	at sun.nio.ch.SocketChannelImpl.checkConnect(Native Method)
	at sun.nio.ch.SocketChannelImpl.finishConnect(SocketChannelImpl.java:717)
	at org.apache.ratis.thirdparty.io.netty.channel.socket.nio.NioSocketChannel.doFinishConnect(NioSocketChannel.java:327)
	at org.apache.ratis.thirdparty.io.netty.channel.nio.AbstractNioChannel$AbstractNioUnsafe.finishConnect(AbstractNioChannel.java:340)
	at org.apache.ratis.thirdparty.io.netty.channel.nio.NioEventLoop.processSelectedKey(NioEventLoop.java:632)
	at org.apache.ratis.thirdparty.io.netty.channel.nio.NioEventLoop.processSelectedKeysOptimized(NioEventLoop.java:579)
	at org.apache.ratis.thirdparty.io.netty.channel.nio.NioEventLoop.processSelectedKeys(NioEventLoop.java:496)
	at org.apache.ratis.thirdparty.io.netty.channel.nio.NioEventLoop.run(NioEventLoop.java:458)
	at org.apache.ratis.thirdparty.io.netty.util.concurrent.SingleThreadEventExecutor$5.run(SingleThreadEventExecutor.java:897)
	at org.apache.ratis.thirdparty.io.netty.util.concurrent.FastThreadLocalRunnable.run(FastThreadLocalRunnable.java:30)
	... 1 more
Caused by: java.net.ConnectException: Connection refused
	... 11 more
2019-10-14 14:42:58,838 [caa892f0-76ff-4c1e-b30f-b7c59842badc@group-EA752D978E74:LeaderElection85] INFO  impl.LeaderElection (LogUtils.java:infoOrTrace(149)) - caa892f0-76ff-4c1e-b30f-b7c59842badc@group-EA752D978E74:LeaderElection85 got exception when requesting votes: {}
java.util.concurrent.ExecutionException: org.apache.ratis.thirdparty.io.grpc.StatusRuntimeException: UNAVAILABLE: io exception
	at java.util.concurrent.FutureTask.report(FutureTask.java:122)
	at java.util.concurrent.FutureTask.get(FutureTask.java:192)
	at org.apache.ratis.server.impl.LeaderElection.waitForResults(LeaderElection.java:263)
	at org.apache.ratis.server.impl.LeaderElection.askForVotes(LeaderElection.java:201)
	at org.apache.ratis.server.impl.LeaderElection.run(LeaderElection.java:133)
	at java.lang.Thread.run(Thread.java:748)
Caused by: org.apache.ratis.thirdparty.io.grpc.StatusRuntimeException: UNAVAILABLE: io exception
	at org.apache.ratis.thirdparty.io.grpc.stub.ClientCalls.toStatusRuntimeException(ClientCalls.java:233)
	at org.apache.ratis.thirdparty.io.grpc.stub.ClientCalls.getUnchecked(ClientCalls.java:214)
	at org.apache.ratis.thirdparty.io.grpc.stub.ClientCalls.blockingUnaryCall(ClientCalls.java:139)
	at org.apache.ratis.proto.grpc.RaftServerProtocolServiceGrpc$RaftServerProtocolServiceBlockingStub.requestVote(RaftServerProtocolServiceGrpc.java:265)
	at org.apache.ratis.grpc.server.GrpcServerProtocolClient.requestVote(GrpcServerProtocolClient.java:90)
	at org.apache.ratis.grpc.server.GrpcService.requestVote(GrpcService.java:204)
	at org.apache.ratis.server.impl.LeaderElection.lambda$submitRequests$1(LeaderElection.java:238)
	at java.util.concurrent.FutureTask.run(FutureTask.java:266)
	at java.util.concurrent.Executors$RunnableAdapter.call(Executors.java:511)
	at java.util.concurrent.FutureTask.run(FutureTask.java:266)
	at java.util.concurrent.ThreadPoolExecutor.runWorker(ThreadPoolExecutor.java:1149)
	at java.util.concurrent.ThreadPoolExecutor$Worker.run(ThreadPoolExecutor.java:624)
	... 1 more
Caused by: org.apache.ratis.thirdparty.io.netty.channel.AbstractChannel$AnnotatedConnectException: Connection refused: /192.168.5.159:45599
	at sun.nio.ch.SocketChannelImpl.checkConnect(Native Method)
	at sun.nio.ch.SocketChannelImpl.finishConnect(SocketChannelImpl.java:717)
	at org.apache.ratis.thirdparty.io.netty.channel.socket.nio.NioSocketChannel.doFinishConnect(NioSocketChannel.java:327)
	at org.apache.ratis.thirdparty.io.netty.channel.nio.AbstractNioChannel$AbstractNioUnsafe.finishConnect(AbstractNioChannel.java:340)
	at org.apache.ratis.thirdparty.io.netty.channel.nio.NioEventLoop.processSelectedKey(NioEventLoop.java:632)
	at org.apache.ratis.thirdparty.io.netty.channel.nio.NioEventLoop.processSelectedKeysOptimized(NioEventLoop.java:579)
	at org.apache.ratis.thirdparty.io.netty.channel.nio.NioEventLoop.processSelectedKeys(NioEventLoop.java:496)
	at org.apache.ratis.thirdparty.io.netty.channel.nio.NioEventLoop.run(NioEventLoop.java:458)
	at org.apache.ratis.thirdparty.io.netty.util.concurrent.SingleThreadEventExecutor$5.run(SingleThreadEventExecutor.java:897)
	at org.apache.ratis.thirdparty.io.netty.util.concurrent.FastThreadLocalRunnable.run(FastThreadLocalRunnable.java:30)
	... 1 more
Caused by: java.net.ConnectException: Connection refused
	... 11 more
2019-10-14 14:42:58,838 [caa892f0-76ff-4c1e-b30f-b7c59842badc@group-EA752D978E74:LeaderElection85] INFO  impl.LeaderElection (LeaderElection.java:logAndReturn(56)) - caa892f0-76ff-4c1e-b30f-b7c59842badc@group-EA752D978E74:LeaderElection85: Election REJECTED; received 0 response(s) [] and 2 exception(s); caa892f0-76ff-4c1e-b30f-b7c59842badc@group-EA752D978E74:t24, leader=null, voted=caa892f0-76ff-4c1e-b30f-b7c59842badc, raftlog=caa892f0-76ff-4c1e-b30f-b7c59842badc@group-EA752D978E74-SegmentedRaftLog:OPENED:c16,f16,i16, conf=0: [07a15819-e4fc-4072-82ac-b3e77a99d12a:192.168.5.159:45599, f9748ec4-5d8a-4dfc-8690-85b8cdac3f5d:192.168.5.159:44598, caa892f0-76ff-4c1e-b30f-b7c59842badc:192.168.5.159:39406], old=null
2019-10-14 14:42:58,838 [caa892f0-76ff-4c1e-b30f-b7c59842badc@group-EA752D978E74:LeaderElection85] INFO  impl.LeaderElection (LogUtils.java:infoOrTrace(149)) -   Exception 0: {}
java.util.concurrent.ExecutionException: org.apache.ratis.thirdparty.io.grpc.StatusRuntimeException: UNAVAILABLE: io exception
	at java.util.concurrent.FutureTask.report(FutureTask.java:122)
	at java.util.concurrent.FutureTask.get(FutureTask.java:192)
	at org.apache.ratis.server.impl.LeaderElection.waitForResults(LeaderElection.java:263)
	at org.apache.ratis.server.impl.LeaderElection.askForVotes(LeaderElection.java:201)
	at org.apache.ratis.server.impl.LeaderElection.run(LeaderElection.java:133)
	at java.lang.Thread.run(Thread.java:748)
Caused by: org.apache.ratis.thirdparty.io.grpc.StatusRuntimeException: UNAVAILABLE: io exception
	at org.apache.ratis.thirdparty.io.grpc.stub.ClientCalls.toStatusRuntimeException(ClientCalls.java:233)
	at org.apache.ratis.thirdparty.io.grpc.stub.ClientCalls.getUnchecked(ClientCalls.java:214)
	at org.apache.ratis.thirdparty.io.grpc.stub.ClientCalls.blockingUnaryCall(ClientCalls.java:139)
	at org.apache.ratis.proto.grpc.RaftServerProtocolServiceGrpc$RaftServerProtocolServiceBlockingStub.requestVote(RaftServerProtocolServiceGrpc.java:265)
	at org.apache.ratis.grpc.server.GrpcServerProtocolClient.requestVote(GrpcServerProtocolClient.java:90)
	at org.apache.ratis.grpc.server.GrpcService.requestVote(GrpcService.java:204)
	at org.apache.ratis.server.impl.LeaderElection.lambda$submitRequests$1(LeaderElection.java:238)
	at java.util.concurrent.FutureTask.run(FutureTask.java:266)
	at java.util.concurrent.Executors$RunnableAdapter.call(Executors.java:511)
	at java.util.concurrent.FutureTask.run(FutureTask.java:266)
	at java.util.concurrent.ThreadPoolExecutor.runWorker(ThreadPoolExecutor.java:1149)
	at java.util.concurrent.ThreadPoolExecutor$Worker.run(ThreadPoolExecutor.java:624)
	... 1 more
Caused by: org.apache.ratis.thirdparty.io.netty.channel.AbstractChannel$AnnotatedConnectException: Connection refused: /192.168.5.159:44598
	at sun.nio.ch.SocketChannelImpl.checkConnect(Native Method)
	at sun.nio.ch.SocketChannelImpl.finishConnect(SocketChannelImpl.java:717)
	at org.apache.ratis.thirdparty.io.netty.channel.socket.nio.NioSocketChannel.doFinishConnect(NioSocketChannel.java:327)
	at org.apache.ratis.thirdparty.io.netty.channel.nio.AbstractNioChannel$AbstractNioUnsafe.finishConnect(AbstractNioChannel.java:340)
	at org.apache.ratis.thirdparty.io.netty.channel.nio.NioEventLoop.processSelectedKey(NioEventLoop.java:632)
	at org.apache.ratis.thirdparty.io.netty.channel.nio.NioEventLoop.processSelectedKeysOptimized(NioEventLoop.java:579)
	at org.apache.ratis.thirdparty.io.netty.channel.nio.NioEventLoop.processSelectedKeys(NioEventLoop.java:496)
	at org.apache.ratis.thirdparty.io.netty.channel.nio.NioEventLoop.run(NioEventLoop.java:458)
	at org.apache.ratis.thirdparty.io.netty.util.concurrent.SingleThreadEventExecutor$5.run(SingleThreadEventExecutor.java:897)
	at org.apache.ratis.thirdparty.io.netty.util.concurrent.FastThreadLocalRunnable.run(FastThreadLocalRunnable.java:30)
	... 1 more
Caused by: java.net.ConnectException: Connection refused
	... 11 more
2019-10-14 14:42:58,839 [caa892f0-76ff-4c1e-b30f-b7c59842badc@group-EA752D978E74:LeaderElection85] INFO  impl.LeaderElection (LogUtils.java:infoOrTrace(149)) -   Exception 1: {}
java.util.concurrent.ExecutionException: org.apache.ratis.thirdparty.io.grpc.StatusRuntimeException: UNAVAILABLE: io exception
	at java.util.concurrent.FutureTask.report(FutureTask.java:122)
	at java.util.concurrent.FutureTask.get(FutureTask.java:192)
	at org.apache.ratis.server.impl.LeaderElection.waitForResults(LeaderElection.java:263)
	at org.apache.ratis.server.impl.LeaderElection.askForVotes(LeaderElection.java:201)
	at org.apache.ratis.server.impl.LeaderElection.run(LeaderElection.java:133)
	at java.lang.Thread.run(Thread.java:748)
Caused by: org.apache.ratis.thirdparty.io.grpc.StatusRuntimeException: UNAVAILABLE: io exception
	at org.apache.ratis.thirdparty.io.grpc.stub.ClientCalls.toStatusRuntimeException(ClientCalls.java:233)
	at org.apache.ratis.thirdparty.io.grpc.stub.ClientCalls.getUnchecked(ClientCalls.java:214)
	at org.apache.ratis.thirdparty.io.grpc.stub.ClientCalls.blockingUnaryCall(ClientCalls.java:139)
	at org.apache.ratis.proto.grpc.RaftServerProtocolServiceGrpc$RaftServerProtocolServiceBlockingStub.requestVote(RaftServerProtocolServiceGrpc.java:265)
	at org.apache.ratis.grpc.server.GrpcServerProtocolClient.requestVote(GrpcServerProtocolClient.java:90)
	at org.apache.ratis.grpc.server.GrpcService.requestVote(GrpcService.java:204)
	at org.apache.ratis.server.impl.LeaderElection.lambda$submitRequests$1(LeaderElection.java:238)
	at java.util.concurrent.FutureTask.run(FutureTask.java:266)
	at java.util.concurrent.Executors$RunnableAdapter.call(Executors.java:511)
	at java.util.concurrent.FutureTask.run(FutureTask.java:266)
	at java.util.concurrent.ThreadPoolExecutor.runWorker(ThreadPoolExecutor.java:1149)
	at java.util.concurrent.ThreadPoolExecutor$Worker.run(ThreadPoolExecutor.java:624)
	... 1 more
Caused by: org.apache.ratis.thirdparty.io.netty.channel.AbstractChannel$AnnotatedConnectException: Connection refused: /192.168.5.159:45599
	at sun.nio.ch.SocketChannelImpl.checkConnect(Native Method)
	at sun.nio.ch.SocketChannelImpl.finishConnect(SocketChannelImpl.java:717)
	at org.apache.ratis.thirdparty.io.netty.channel.socket.nio.NioSocketChannel.doFinishConnect(NioSocketChannel.java:327)
	at org.apache.ratis.thirdparty.io.netty.channel.nio.AbstractNioChannel$AbstractNioUnsafe.finishConnect(AbstractNioChannel.java:340)
	at org.apache.ratis.thirdparty.io.netty.channel.nio.NioEventLoop.processSelectedKey(NioEventLoop.java:632)
	at org.apache.ratis.thirdparty.io.netty.channel.nio.NioEventLoop.processSelectedKeysOptimized(NioEventLoop.java:579)
	at org.apache.ratis.thirdparty.io.netty.channel.nio.NioEventLoop.processSelectedKeys(NioEventLoop.java:496)
	at org.apache.ratis.thirdparty.io.netty.channel.nio.NioEventLoop.run(NioEventLoop.java:458)
	at org.apache.ratis.thirdparty.io.netty.util.concurrent.SingleThreadEventExecutor$5.run(SingleThreadEventExecutor.java:897)
	at org.apache.ratis.thirdparty.io.netty.util.concurrent.FastThreadLocalRunnable.run(FastThreadLocalRunnable.java:30)
	... 1 more
Caused by: java.net.ConnectException: Connection refused
	... 11 more
2019-10-14 14:42:58,839 [caa892f0-76ff-4c1e-b30f-b7c59842badc@group-EA752D978E74:LeaderElection85] INFO  impl.RaftServerImpl (RaftServerImpl.java:setRole(174)) - caa892f0-76ff-4c1e-b30f-b7c59842badc@group-EA752D978E74: changes role from CANDIDATE to FOLLOWER at term 24 for DISCOVERED_A_NEW_TERM
2019-10-14 14:42:58,839 [caa892f0-76ff-4c1e-b30f-b7c59842badc@group-EA752D978E74:LeaderElection85] INFO  impl.RoleInfo (RoleInfo.java:shutdownLeaderElection(134)) - caa892f0-76ff-4c1e-b30f-b7c59842badc: shutdown LeaderElection
2019-10-14 14:42:58,839 [caa892f0-76ff-4c1e-b30f-b7c59842badc@group-EA752D978E74:LeaderElection85] INFO  impl.RoleInfo (RoleInfo.java:updateAndGet(143)) - caa892f0-76ff-4c1e-b30f-b7c59842badc: start FollowerState
2019-10-14 14:42:59,105 [grpc-default-executor-9] WARN  server.GrpcLogAppender (LogUtils.java:warn(134)) - caa892f0-76ff-4c1e-b30f-b7c59842badc@group-382452901537->07a15819-e4fc-4072-82ac-b3e77a99d12a-AppendLogResponseHandler: Failed appendEntries: org.apache.ratis.thirdparty.io.grpc.StatusRuntimeException: UNAVAILABLE: io exception
2019-10-14 14:42:59,105 [grpc-default-executor-7] WARN  server.GrpcLogAppender (LogUtils.java:warn(134)) - caa892f0-76ff-4c1e-b30f-b7c59842badc@group-382452901537->f9748ec4-5d8a-4dfc-8690-85b8cdac3f5d-AppendLogResponseHandler: Failed appendEntries: org.apache.ratis.thirdparty.io.grpc.StatusRuntimeException: UNAVAILABLE: io exception
2019-10-14 14:42:59,105 [grpc-default-executor-2] WARN  server.GrpcLogAppender (LogUtils.java:warn(134)) - caa892f0-76ff-4c1e-b30f-b7c59842badc@group-026CFA11C8A1->07a15819-e4fc-4072-82ac-b3e77a99d12a-AppendLogResponseHandler: Failed appendEntries: org.apache.ratis.thirdparty.io.grpc.StatusRuntimeException: UNAVAILABLE: io exception
2019-10-14 14:42:59,105 [grpc-default-executor-1] WARN  server.GrpcLogAppender (LogUtils.java:warn(134)) - caa892f0-76ff-4c1e-b30f-b7c59842badc@group-026CFA11C8A1->f9748ec4-5d8a-4dfc-8690-85b8cdac3f5d-AppendLogResponseHandler: Failed appendEntries: org.apache.ratis.thirdparty.io.grpc.StatusRuntimeException: UNAVAILABLE: io exception
2019-10-14 14:42:59,106 [grpc-default-executor-2] INFO  impl.FollowerInfo (FollowerInfo.java:lambda$new$0(51)) - caa892f0-76ff-4c1e-b30f-b7c59842badc@group-026CFA11C8A1->07a15819-e4fc-4072-82ac-b3e77a99d12a: nextIndex: updateUnconditionally 0 -> 0
2019-10-14 14:42:59,106 [grpc-default-executor-7] INFO  impl.FollowerInfo (FollowerInfo.java:lambda$new$0(51)) - caa892f0-76ff-4c1e-b30f-b7c59842badc@group-382452901537->f9748ec4-5d8a-4dfc-8690-85b8cdac3f5d: nextIndex: updateUnconditionally 0 -> 0
2019-10-14 14:42:59,106 [grpc-default-executor-9] INFO  impl.FollowerInfo (FollowerInfo.java:lambda$new$0(51)) - caa892f0-76ff-4c1e-b30f-b7c59842badc@group-382452901537->07a15819-e4fc-4072-82ac-b3e77a99d12a: nextIndex: updateUnconditionally 0 -> 0
2019-10-14 14:42:59,106 [grpc-default-executor-1] INFO  impl.FollowerInfo (FollowerInfo.java:lambda$new$0(51)) - caa892f0-76ff-4c1e-b30f-b7c59842badc@group-026CFA11C8A1->f9748ec4-5d8a-4dfc-8690-85b8cdac3f5d: nextIndex: updateUnconditionally 0 -> 0
2019-10-14 14:42:59,340 [Thread-1523] INFO  impl.FollowerState (FollowerState.java:run(106)) - caa892f0-76ff-4c1e-b30f-b7c59842badc:group-E0B7C1D5C8D3 changes to CANDIDATE, lastRpcTime:1153, electionTimeout:1153ms
2019-10-14 14:42:59,340 [Thread-1523] INFO  impl.RoleInfo (RoleInfo.java:shutdownFollowerState(121)) - caa892f0-76ff-4c1e-b30f-b7c59842badc: shutdown FollowerState
2019-10-14 14:42:59,340 [Thread-1523] INFO  impl.RaftServerImpl (RaftServerImpl.java:setRole(174)) - caa892f0-76ff-4c1e-b30f-b7c59842badc@group-E0B7C1D5C8D3: changes role from  FOLLOWER to CANDIDATE at term 25 for changeToCandidate
2019-10-14 14:42:59,341 [Thread-1523] INFO  impl.RoleInfo (RoleInfo.java:updateAndGet(143)) - caa892f0-76ff-4c1e-b30f-b7c59842badc: start LeaderElection
2019-10-14 14:42:59,357 [caa892f0-76ff-4c1e-b30f-b7c59842badc@group-E0B7C1D5C8D3:LeaderElection86] INFO  impl.LeaderElection (LeaderElection.java:askForVotes(182)) - caa892f0-76ff-4c1e-b30f-b7c59842badc@group-E0B7C1D5C8D3:LeaderElection86: begin an election at term 26 for 0: [07a15819-e4fc-4072-82ac-b3e77a99d12a:192.168.5.159:45599, f9748ec4-5d8a-4dfc-8690-85b8cdac3f5d:192.168.5.159:44598, caa892f0-76ff-4c1e-b30f-b7c59842badc:192.168.5.159:39406], old=null
2019-10-14 14:42:59,363 [caa892f0-76ff-4c1e-b30f-b7c59842badc@group-E0B7C1D5C8D3:LeaderElection86] INFO  impl.LeaderElection (LogUtils.java:infoOrTrace(149)) - caa892f0-76ff-4c1e-b30f-b7c59842badc@group-E0B7C1D5C8D3:LeaderElection86 got exception when requesting votes: {}
java.util.concurrent.ExecutionException: org.apache.ratis.thirdparty.io.grpc.StatusRuntimeException: UNAVAILABLE: io exception
	at java.util.concurrent.FutureTask.report(FutureTask.java:122)
	at java.util.concurrent.FutureTask.get(FutureTask.java:192)
	at org.apache.ratis.server.impl.LeaderElection.waitForResults(LeaderElection.java:263)
	at org.apache.ratis.server.impl.LeaderElection.askForVotes(LeaderElection.java:201)
	at org.apache.ratis.server.impl.LeaderElection.run(LeaderElection.java:133)
	at java.lang.Thread.run(Thread.java:748)
Caused by: org.apache.ratis.thirdparty.io.grpc.StatusRuntimeException: UNAVAILABLE: io exception
	at org.apache.ratis.thirdparty.io.grpc.stub.ClientCalls.toStatusRuntimeException(ClientCalls.java:233)
	at org.apache.ratis.thirdparty.io.grpc.stub.ClientCalls.getUnchecked(ClientCalls.java:214)
	at org.apache.ratis.thirdparty.io.grpc.stub.ClientCalls.blockingUnaryCall(ClientCalls.java:139)
	at org.apache.ratis.proto.grpc.RaftServerProtocolServiceGrpc$RaftServerProtocolServiceBlockingStub.requestVote(RaftServerProtocolServiceGrpc.java:265)
	at org.apache.ratis.grpc.server.GrpcServerProtocolClient.requestVote(GrpcServerProtocolClient.java:90)
	at org.apache.ratis.grpc.server.GrpcService.requestVote(GrpcService.java:204)
	at org.apache.ratis.server.impl.LeaderElection.lambda$submitRequests$1(LeaderElection.java:238)
	at java.util.concurrent.FutureTask.run(FutureTask.java:266)
	at java.util.concurrent.Executors$RunnableAdapter.call(Executors.java:511)
	at java.util.concurrent.FutureTask.run(FutureTask.java:266)
	at java.util.concurrent.ThreadPoolExecutor.runWorker(ThreadPoolExecutor.java:1149)
	at java.util.concurrent.ThreadPoolExecutor$Worker.run(ThreadPoolExecutor.java:624)
	... 1 more
Caused by: org.apache.ratis.thirdparty.io.netty.channel.AbstractChannel$AnnotatedConnectException: Connection refused: /192.168.5.159:45599
	at sun.nio.ch.SocketChannelImpl.checkConnect(Native Method)
	at sun.nio.ch.SocketChannelImpl.finishConnect(SocketChannelImpl.java:717)
	at org.apache.ratis.thirdparty.io.netty.channel.socket.nio.NioSocketChannel.doFinishConnect(NioSocketChannel.java:327)
	at org.apache.ratis.thirdparty.io.netty.channel.nio.AbstractNioChannel$AbstractNioUnsafe.finishConnect(AbstractNioChannel.java:340)
	at org.apache.ratis.thirdparty.io.netty.channel.nio.NioEventLoop.processSelectedKey(NioEventLoop.java:632)
	at org.apache.ratis.thirdparty.io.netty.channel.nio.NioEventLoop.processSelectedKeysOptimized(NioEventLoop.java:579)
	at org.apache.ratis.thirdparty.io.netty.channel.nio.NioEventLoop.processSelectedKeys(NioEventLoop.java:496)
	at org.apache.ratis.thirdparty.io.netty.channel.nio.NioEventLoop.run(NioEventLoop.java:458)
	at org.apache.ratis.thirdparty.io.netty.util.concurrent.SingleThreadEventExecutor$5.run(SingleThreadEventExecutor.java:897)
	at org.apache.ratis.thirdparty.io.netty.util.concurrent.FastThreadLocalRunnable.run(FastThreadLocalRunnable.java:30)
	... 1 more
Caused by: java.net.ConnectException: Connection refused
	... 11 more
2019-10-14 14:42:59,364 [caa892f0-76ff-4c1e-b30f-b7c59842badc@group-E0B7C1D5C8D3:LeaderElection86] INFO  impl.LeaderElection (LogUtils.java:infoOrTrace(149)) - caa892f0-76ff-4c1e-b30f-b7c59842badc@group-E0B7C1D5C8D3:LeaderElection86 got exception when requesting votes: {}
java.util.concurrent.ExecutionException: org.apache.ratis.thirdparty.io.grpc.StatusRuntimeException: UNAVAILABLE: io exception
	at java.util.concurrent.FutureTask.report(FutureTask.java:122)
	at java.util.concurrent.FutureTask.get(FutureTask.java:192)
	at org.apache.ratis.server.impl.LeaderElection.waitForResults(LeaderElection.java:263)
	at org.apache.ratis.server.impl.LeaderElection.askForVotes(LeaderElection.java:201)
	at org.apache.ratis.server.impl.LeaderElection.run(LeaderElection.java:133)
	at java.lang.Thread.run(Thread.java:748)
Caused by: org.apache.ratis.thirdparty.io.grpc.StatusRuntimeException: UNAVAILABLE: io exception
	at org.apache.ratis.thirdparty.io.grpc.stub.ClientCalls.toStatusRuntimeException(ClientCalls.java:233)
	at org.apache.ratis.thirdparty.io.grpc.stub.ClientCalls.getUnchecked(ClientCalls.java:214)
	at org.apache.ratis.thirdparty.io.grpc.stub.ClientCalls.blockingUnaryCall(ClientCalls.java:139)
	at org.apache.ratis.proto.grpc.RaftServerProtocolServiceGrpc$RaftServerProtocolServiceBlockingStub.requestVote(RaftServerProtocolServiceGrpc.java:265)
	at org.apache.ratis.grpc.server.GrpcServerProtocolClient.requestVote(GrpcServerProtocolClient.java:90)
	at org.apache.ratis.grpc.server.GrpcService.requestVote(GrpcService.java:204)
	at org.apache.ratis.server.impl.LeaderElection.lambda$submitRequests$1(LeaderElection.java:238)
	at java.util.concurrent.FutureTask.run(FutureTask.java:266)
	at java.util.concurrent.Executors$RunnableAdapter.call(Executors.java:511)
	at java.util.concurrent.FutureTask.run(FutureTask.java:266)
	at java.util.concurrent.ThreadPoolExecutor.runWorker(ThreadPoolExecutor.java:1149)
	at java.util.concurrent.ThreadPoolExecutor$Worker.run(ThreadPoolExecutor.java:624)
	... 1 more
Caused by: org.apache.ratis.thirdparty.io.netty.channel.AbstractChannel$AnnotatedConnectException: Connection refused: /192.168.5.159:44598
	at sun.nio.ch.SocketChannelImpl.checkConnect(Native Method)
	at sun.nio.ch.SocketChannelImpl.finishConnect(SocketChannelImpl.java:717)
	at org.apache.ratis.thirdparty.io.netty.channel.socket.nio.NioSocketChannel.doFinishConnect(NioSocketChannel.java:327)
	at org.apache.ratis.thirdparty.io.netty.channel.nio.AbstractNioChannel$AbstractNioUnsafe.finishConnect(AbstractNioChannel.java:340)
	at org.apache.ratis.thirdparty.io.netty.channel.nio.NioEventLoop.processSelectedKey(NioEventLoop.java:632)
	at org.apache.ratis.thirdparty.io.netty.channel.nio.NioEventLoop.processSelectedKeysOptimized(NioEventLoop.java:579)
	at org.apache.ratis.thirdparty.io.netty.channel.nio.NioEventLoop.processSelectedKeys(NioEventLoop.java:496)
	at org.apache.ratis.thirdparty.io.netty.channel.nio.NioEventLoop.run(NioEventLoop.java:458)
	at org.apache.ratis.thirdparty.io.netty.util.concurrent.SingleThreadEventExecutor$5.run(SingleThreadEventExecutor.java:897)
	at org.apache.ratis.thirdparty.io.netty.util.concurrent.FastThreadLocalRunnable.run(FastThreadLocalRunnable.java:30)
	... 1 more
Caused by: java.net.ConnectException: Connection refused
	... 11 more
2019-10-14 14:42:59,364 [caa892f0-76ff-4c1e-b30f-b7c59842badc@group-E0B7C1D5C8D3:LeaderElection86] INFO  impl.LeaderElection (LeaderElection.java:logAndReturn(56)) - caa892f0-76ff-4c1e-b30f-b7c59842badc@group-E0B7C1D5C8D3:LeaderElection86: Election REJECTED; received 0 response(s) [] and 2 exception(s); caa892f0-76ff-4c1e-b30f-b7c59842badc@group-E0B7C1D5C8D3:t26, leader=null, voted=caa892f0-76ff-4c1e-b30f-b7c59842badc, raftlog=caa892f0-76ff-4c1e-b30f-b7c59842badc@group-E0B7C1D5C8D3-SegmentedRaftLog:OPENED:c0,f0,i0, conf=0: [07a15819-e4fc-4072-82ac-b3e77a99d12a:192.168.5.159:45599, f9748ec4-5d8a-4dfc-8690-85b8cdac3f5d:192.168.5.159:44598, caa892f0-76ff-4c1e-b30f-b7c59842badc:192.168.5.159:39406], old=null
2019-10-14 14:42:59,364 [caa892f0-76ff-4c1e-b30f-b7c59842badc@group-E0B7C1D5C8D3:LeaderElection86] INFO  impl.LeaderElection (LogUtils.java:infoOrTrace(149)) -   Exception 0: {}
java.util.concurrent.ExecutionException: org.apache.ratis.thirdparty.io.grpc.StatusRuntimeException: UNAVAILABLE: io exception
	at java.util.concurrent.FutureTask.report(FutureTask.java:122)
	at java.util.concurrent.FutureTask.get(FutureTask.java:192)
	at org.apache.ratis.server.impl.LeaderElection.waitForResults(LeaderElection.java:263)
	at org.apache.ratis.server.impl.LeaderElection.askForVotes(LeaderElection.java:201)
	at org.apache.ratis.server.impl.LeaderElection.run(LeaderElection.java:133)
	at java.lang.Thread.run(Thread.java:748)
Caused by: org.apache.ratis.thirdparty.io.grpc.StatusRuntimeException: UNAVAILABLE: io exception
	at org.apache.ratis.thirdparty.io.grpc.stub.ClientCalls.toStatusRuntimeException(ClientCalls.java:233)
	at org.apache.ratis.thirdparty.io.grpc.stub.ClientCalls.getUnchecked(ClientCalls.java:214)
	at org.apache.ratis.thirdparty.io.grpc.stub.ClientCalls.blockingUnaryCall(ClientCalls.java:139)
	at org.apache.ratis.proto.grpc.RaftServerProtocolServiceGrpc$RaftServerProtocolServiceBlockingStub.requestVote(RaftServerProtocolServiceGrpc.java:265)
	at org.apache.ratis.grpc.server.GrpcServerProtocolClient.requestVote(GrpcServerProtocolClient.java:90)
	at org.apache.ratis.grpc.server.GrpcService.requestVote(GrpcService.java:204)
	at org.apache.ratis.server.impl.LeaderElection.lambda$submitRequests$1(LeaderElection.java:238)
	at java.util.concurrent.FutureTask.run(FutureTask.java:266)
	at java.util.concurrent.Executors$RunnableAdapter.call(Executors.java:511)
	at java.util.concurrent.FutureTask.run(FutureTask.java:266)
	at java.util.concurrent.ThreadPoolExecutor.runWorker(ThreadPoolExecutor.java:1149)
	at java.util.concurrent.ThreadPoolExecutor$Worker.run(ThreadPoolExecutor.java:624)
	... 1 more
Caused by: org.apache.ratis.thirdparty.io.netty.channel.AbstractChannel$AnnotatedConnectException: Connection refused: /192.168.5.159:45599
	at sun.nio.ch.SocketChannelImpl.checkConnect(Native Method)
	at sun.nio.ch.SocketChannelImpl.finishConnect(SocketChannelImpl.java:717)
	at org.apache.ratis.thirdparty.io.netty.channel.socket.nio.NioSocketChannel.doFinishConnect(NioSocketChannel.java:327)
	at org.apache.ratis.thirdparty.io.netty.channel.nio.AbstractNioChannel$AbstractNioUnsafe.finishConnect(AbstractNioChannel.java:340)
	at org.apache.ratis.thirdparty.io.netty.channel.nio.NioEventLoop.processSelectedKey(NioEventLoop.java:632)
	at org.apache.ratis.thirdparty.io.netty.channel.nio.NioEventLoop.processSelectedKeysOptimized(NioEventLoop.java:579)
	at org.apache.ratis.thirdparty.io.netty.channel.nio.NioEventLoop.processSelectedKeys(NioEventLoop.java:496)
	at org.apache.ratis.thirdparty.io.netty.channel.nio.NioEventLoop.run(NioEventLoop.java:458)
	at org.apache.ratis.thirdparty.io.netty.util.concurrent.SingleThreadEventExecutor$5.run(SingleThreadEventExecutor.java:897)
	at org.apache.ratis.thirdparty.io.netty.util.concurrent.FastThreadLocalRunnable.run(FastThreadLocalRunnable.java:30)
	... 1 more
Caused by: java.net.ConnectException: Connection refused
	... 11 more
2019-10-14 14:42:59,365 [caa892f0-76ff-4c1e-b30f-b7c59842badc@group-E0B7C1D5C8D3:LeaderElection86] INFO  impl.LeaderElection (LogUtils.java:infoOrTrace(149)) -   Exception 1: {}
java.util.concurrent.ExecutionException: org.apache.ratis.thirdparty.io.grpc.StatusRuntimeException: UNAVAILABLE: io exception
	at java.util.concurrent.FutureTask.report(FutureTask.java:122)
	at java.util.concurrent.FutureTask.get(FutureTask.java:192)
	at org.apache.ratis.server.impl.LeaderElection.waitForResults(LeaderElection.java:263)
	at org.apache.ratis.server.impl.LeaderElection.askForVotes(LeaderElection.java:201)
	at org.apache.ratis.server.impl.LeaderElection.run(LeaderElection.java:133)
	at java.lang.Thread.run(Thread.java:748)
Caused by: org.apache.ratis.thirdparty.io.grpc.StatusRuntimeException: UNAVAILABLE: io exception
	at org.apache.ratis.thirdparty.io.grpc.stub.ClientCalls.toStatusRuntimeException(ClientCalls.java:233)
	at org.apache.ratis.thirdparty.io.grpc.stub.ClientCalls.getUnchecked(ClientCalls.java:214)
	at org.apache.ratis.thirdparty.io.grpc.stub.ClientCalls.blockingUnaryCall(ClientCalls.java:139)
	at org.apache.ratis.proto.grpc.RaftServerProtocolServiceGrpc$RaftServerProtocolServiceBlockingStub.requestVote(RaftServerProtocolServiceGrpc.java:265)
	at org.apache.ratis.grpc.server.GrpcServerProtocolClient.requestVote(GrpcServerProtocolClient.java:90)
	at org.apache.ratis.grpc.server.GrpcService.requestVote(GrpcService.java:204)
	at org.apache.ratis.server.impl.LeaderElection.lambda$submitRequests$1(LeaderElection.java:238)
	at java.util.concurrent.FutureTask.run(FutureTask.java:266)
	at java.util.concurrent.Executors$RunnableAdapter.call(Executors.java:511)
	at java.util.concurrent.FutureTask.run(FutureTask.java:266)
	at java.util.concurrent.ThreadPoolExecutor.runWorker(ThreadPoolExecutor.java:1149)
	at java.util.concurrent.ThreadPoolExecutor$Worker.run(ThreadPoolExecutor.java:624)
	... 1 more
Caused by: org.apache.ratis.thirdparty.io.netty.channel.AbstractChannel$AnnotatedConnectException: Connection refused: /192.168.5.159:44598
	at sun.nio.ch.SocketChannelImpl.checkConnect(Native Method)
	at sun.nio.ch.SocketChannelImpl.finishConnect(SocketChannelImpl.java:717)
	at org.apache.ratis.thirdparty.io.netty.channel.socket.nio.NioSocketChannel.doFinishConnect(NioSocketChannel.java:327)
	at org.apache.ratis.thirdparty.io.netty.channel.nio.AbstractNioChannel$AbstractNioUnsafe.finishConnect(AbstractNioChannel.java:340)
	at org.apache.ratis.thirdparty.io.netty.channel.nio.NioEventLoop.processSelectedKey(NioEventLoop.java:632)
	at org.apache.ratis.thirdparty.io.netty.channel.nio.NioEventLoop.processSelectedKeysOptimized(NioEventLoop.java:579)
	at org.apache.ratis.thirdparty.io.netty.channel.nio.NioEventLoop.processSelectedKeys(NioEventLoop.java:496)
	at org.apache.ratis.thirdparty.io.netty.channel.nio.NioEventLoop.run(NioEventLoop.java:458)
	at org.apache.ratis.thirdparty.io.netty.util.concurrent.SingleThreadEventExecutor$5.run(SingleThreadEventExecutor.java:897)
	at org.apache.ratis.thirdparty.io.netty.util.concurrent.FastThreadLocalRunnable.run(FastThreadLocalRunnable.java:30)
	... 1 more
Caused by: java.net.ConnectException: Connection refused
	... 11 more
2019-10-14 14:42:59,365 [caa892f0-76ff-4c1e-b30f-b7c59842badc@group-E0B7C1D5C8D3:LeaderElection86] INFO  impl.RaftServerImpl (RaftServerImpl.java:setRole(174)) - caa892f0-76ff-4c1e-b30f-b7c59842badc@group-E0B7C1D5C8D3: changes role from CANDIDATE to FOLLOWER at term 26 for DISCOVERED_A_NEW_TERM
2019-10-14 14:42:59,365 [caa892f0-76ff-4c1e-b30f-b7c59842badc@group-E0B7C1D5C8D3:LeaderElection86] INFO  impl.RoleInfo (RoleInfo.java:shutdownLeaderElection(134)) - caa892f0-76ff-4c1e-b30f-b7c59842badc: shutdown LeaderElection
2019-10-14 14:42:59,366 [caa892f0-76ff-4c1e-b30f-b7c59842badc@group-E0B7C1D5C8D3:LeaderElection86] INFO  impl.RoleInfo (RoleInfo.java:updateAndGet(143)) - caa892f0-76ff-4c1e-b30f-b7c59842badc: start FollowerState
2019-10-14 14:42:59,606 [grpc-default-executor-2] WARN  server.GrpcLogAppender (LogUtils.java:warn(134)) - caa892f0-76ff-4c1e-b30f-b7c59842badc@group-382452901537->f9748ec4-5d8a-4dfc-8690-85b8cdac3f5d-AppendLogResponseHandler: Failed appendEntries: org.apache.ratis.thirdparty.io.grpc.StatusRuntimeException: UNAVAILABLE: io exception
2019-10-14 14:42:59,606 [grpc-default-executor-9] WARN  server.GrpcLogAppender (LogUtils.java:warn(134)) - caa892f0-76ff-4c1e-b30f-b7c59842badc@group-026CFA11C8A1->07a15819-e4fc-4072-82ac-b3e77a99d12a-AppendLogResponseHandler: Failed appendEntries: org.apache.ratis.thirdparty.io.grpc.StatusRuntimeException: UNAVAILABLE: io exception
2019-10-14 14:42:59,607 [grpc-default-executor-2] INFO  impl.FollowerInfo (FollowerInfo.java:lambda$new$0(51)) - caa892f0-76ff-4c1e-b30f-b7c59842badc@group-382452901537->f9748ec4-5d8a-4dfc-8690-85b8cdac3f5d: nextIndex: updateUnconditionally 0 -> 0
2019-10-14 14:42:59,606 [grpc-default-executor-1] WARN  server.GrpcLogAppender (LogUtils.java:warn(134)) - caa892f0-76ff-4c1e-b30f-b7c59842badc@group-026CFA11C8A1->f9748ec4-5d8a-4dfc-8690-85b8cdac3f5d-AppendLogResponseHandler: Failed appendEntries: org.apache.ratis.thirdparty.io.grpc.StatusRuntimeException: UNAVAILABLE: io exception
2019-10-14 14:42:59,606 [grpc-default-executor-7] WARN  server.GrpcLogAppender (LogUtils.java:warn(134)) - caa892f0-76ff-4c1e-b30f-b7c59842badc@group-382452901537->07a15819-e4fc-4072-82ac-b3e77a99d12a-AppendLogResponseHandler: Failed appendEntries: org.apache.ratis.thirdparty.io.grpc.StatusRuntimeException: UNAVAILABLE: io exception
2019-10-14 14:42:59,607 [grpc-default-executor-1] INFO  impl.FollowerInfo (FollowerInfo.java:lambda$new$0(51)) - caa892f0-76ff-4c1e-b30f-b7c59842badc@group-026CFA11C8A1->f9748ec4-5d8a-4dfc-8690-85b8cdac3f5d: nextIndex: updateUnconditionally 0 -> 0
2019-10-14 14:42:59,607 [grpc-default-executor-9] INFO  impl.FollowerInfo (FollowerInfo.java:lambda$new$0(51)) - caa892f0-76ff-4c1e-b30f-b7c59842badc@group-026CFA11C8A1->07a15819-e4fc-4072-82ac-b3e77a99d12a: nextIndex: updateUnconditionally 0 -> 0
2019-10-14 14:42:59,607 [grpc-default-executor-7] INFO  impl.FollowerInfo (FollowerInfo.java:lambda$new$0(51)) - caa892f0-76ff-4c1e-b30f-b7c59842badc@group-382452901537->07a15819-e4fc-4072-82ac-b3e77a99d12a: nextIndex: updateUnconditionally 0 -> 0
2019-10-14 14:42:59,900 [Thread-1536] INFO  impl.FollowerState (FollowerState.java:run(106)) - caa892f0-76ff-4c1e-b30f-b7c59842badc:group-EA752D978E74 changes to CANDIDATE, lastRpcTime:1060, electionTimeout:1060ms
2019-10-14 14:42:59,900 [Thread-1536] INFO  impl.RoleInfo (RoleInfo.java:shutdownFollowerState(121)) - caa892f0-76ff-4c1e-b30f-b7c59842badc: shutdown FollowerState
2019-10-14 14:42:59,900 [Thread-1536] INFO  impl.RaftServerImpl (RaftServerImpl.java:setRole(174)) - caa892f0-76ff-4c1e-b30f-b7c59842badc@group-EA752D978E74: changes role from  FOLLOWER to CANDIDATE at term 24 for changeToCandidate
2019-10-14 14:42:59,900 [Thread-1536] INFO  impl.RoleInfo (RoleInfo.java:updateAndGet(143)) - caa892f0-76ff-4c1e-b30f-b7c59842badc: start LeaderElection
2019-10-14 14:42:59,914 [caa892f0-76ff-4c1e-b30f-b7c59842badc@group-EA752D978E74:LeaderElection87] INFO  impl.LeaderElection (LeaderElection.java:askForVotes(182)) - caa892f0-76ff-4c1e-b30f-b7c59842badc@group-EA752D978E74:LeaderElection87: begin an election at term 25 for 0: [07a15819-e4fc-4072-82ac-b3e77a99d12a:192.168.5.159:45599, f9748ec4-5d8a-4dfc-8690-85b8cdac3f5d:192.168.5.159:44598, caa892f0-76ff-4c1e-b30f-b7c59842badc:192.168.5.159:39406], old=null
2019-10-14 14:42:59,918 [caa892f0-76ff-4c1e-b30f-b7c59842badc@group-EA752D978E74:LeaderElection87] INFO  impl.LeaderElection (LogUtils.java:infoOrTrace(149)) - caa892f0-76ff-4c1e-b30f-b7c59842badc@group-EA752D978E74:LeaderElection87 got exception when requesting votes: {}
java.util.concurrent.ExecutionException: org.apache.ratis.thirdparty.io.grpc.StatusRuntimeException: UNAVAILABLE: io exception
	at java.util.concurrent.FutureTask.report(FutureTask.java:122)
	at java.util.concurrent.FutureTask.get(FutureTask.java:192)
	at org.apache.ratis.server.impl.LeaderElection.waitForResults(LeaderElection.java:263)
	at org.apache.ratis.server.impl.LeaderElection.askForVotes(LeaderElection.java:201)
	at org.apache.ratis.server.impl.LeaderElection.run(LeaderElection.java:133)
	at java.lang.Thread.run(Thread.java:748)
Caused by: org.apache.ratis.thirdparty.io.grpc.StatusRuntimeException: UNAVAILABLE: io exception
	at org.apache.ratis.thirdparty.io.grpc.stub.ClientCalls.toStatusRuntimeException(ClientCalls.java:233)
	at org.apache.ratis.thirdparty.io.grpc.stub.ClientCalls.getUnchecked(ClientCalls.java:214)
	at org.apache.ratis.thirdparty.io.grpc.stub.ClientCalls.blockingUnaryCall(ClientCalls.java:139)
	at org.apache.ratis.proto.grpc.RaftServerProtocolServiceGrpc$RaftServerProtocolServiceBlockingStub.requestVote(RaftServerProtocolServiceGrpc.java:265)
	at org.apache.ratis.grpc.server.GrpcServerProtocolClient.requestVote(GrpcServerProtocolClient.java:90)
	at org.apache.ratis.grpc.server.GrpcService.requestVote(GrpcService.java:204)
	at org.apache.ratis.server.impl.LeaderElection.lambda$submitRequests$1(LeaderElection.java:238)
	at java.util.concurrent.FutureTask.run(FutureTask.java:266)
	at java.util.concurrent.Executors$RunnableAdapter.call(Executors.java:511)
	at java.util.concurrent.FutureTask.run(FutureTask.java:266)
	at java.util.concurrent.ThreadPoolExecutor.runWorker(ThreadPoolExecutor.java:1149)
	at java.util.concurrent.ThreadPoolExecutor$Worker.run(ThreadPoolExecutor.java:624)
	... 1 more
Caused by: org.apache.ratis.thirdparty.io.netty.channel.AbstractChannel$AnnotatedConnectException: Connection refused: /192.168.5.159:44598
	at sun.nio.ch.SocketChannelImpl.checkConnect(Native Method)
	at sun.nio.ch.SocketChannelImpl.finishConnect(SocketChannelImpl.java:717)
	at org.apache.ratis.thirdparty.io.netty.channel.socket.nio.NioSocketChannel.doFinishConnect(NioSocketChannel.java:327)
	at org.apache.ratis.thirdparty.io.netty.channel.nio.AbstractNioChannel$AbstractNioUnsafe.finishConnect(AbstractNioChannel.java:340)
	at org.apache.ratis.thirdparty.io.netty.channel.nio.NioEventLoop.processSelectedKey(NioEventLoop.java:632)
	at org.apache.ratis.thirdparty.io.netty.channel.nio.NioEventLoop.processSelectedKeysOptimized(NioEventLoop.java:579)
	at org.apache.ratis.thirdparty.io.netty.channel.nio.NioEventLoop.processSelectedKeys(NioEventLoop.java:496)
	at org.apache.ratis.thirdparty.io.netty.channel.nio.NioEventLoop.run(NioEventLoop.java:458)
	at org.apache.ratis.thirdparty.io.netty.util.concurrent.SingleThreadEventExecutor$5.run(SingleThreadEventExecutor.java:897)
	at org.apache.ratis.thirdparty.io.netty.util.concurrent.FastThreadLocalRunnable.run(FastThreadLocalRunnable.java:30)
	... 1 more
Caused by: java.net.ConnectException: Connection refused
	... 11 more
2019-10-14 14:42:59,919 [caa892f0-76ff-4c1e-b30f-b7c59842badc@group-EA752D978E74:LeaderElection87] INFO  impl.LeaderElection (LogUtils.java:infoOrTrace(149)) - caa892f0-76ff-4c1e-b30f-b7c59842badc@group-EA752D978E74:LeaderElection87 got exception when requesting votes: {}
java.util.concurrent.ExecutionException: org.apache.ratis.thirdparty.io.grpc.StatusRuntimeException: UNAVAILABLE: io exception
	at java.util.concurrent.FutureTask.report(FutureTask.java:122)
	at java.util.concurrent.FutureTask.get(FutureTask.java:192)
	at org.apache.ratis.server.impl.LeaderElection.waitForResults(LeaderElection.java:263)
	at org.apache.ratis.server.impl.LeaderElection.askForVotes(LeaderElection.java:201)
	at org.apache.ratis.server.impl.LeaderElection.run(LeaderElection.java:133)
	at java.lang.Thread.run(Thread.java:748)
Caused by: org.apache.ratis.thirdparty.io.grpc.StatusRuntimeException: UNAVAILABLE: io exception
	at org.apache.ratis.thirdparty.io.grpc.stub.ClientCalls.toStatusRuntimeException(ClientCalls.java:233)
	at org.apache.ratis.thirdparty.io.grpc.stub.ClientCalls.getUnchecked(ClientCalls.java:214)
	at org.apache.ratis.thirdparty.io.grpc.stub.ClientCalls.blockingUnaryCall(ClientCalls.java:139)
	at org.apache.ratis.proto.grpc.RaftServerProtocolServiceGrpc$RaftServerProtocolServiceBlockingStub.requestVote(RaftServerProtocolServiceGrpc.java:265)
	at org.apache.ratis.grpc.server.GrpcServerProtocolClient.requestVote(GrpcServerProtocolClient.java:90)
	at org.apache.ratis.grpc.server.GrpcService.requestVote(GrpcService.java:204)
	at org.apache.ratis.server.impl.LeaderElection.lambda$submitRequests$1(LeaderElection.java:238)
	at java.util.concurrent.FutureTask.run(FutureTask.java:266)
	at java.util.concurrent.Executors$RunnableAdapter.call(Executors.java:511)
	at java.util.concurrent.FutureTask.run(FutureTask.java:266)
	at java.util.concurrent.ThreadPoolExecutor.runWorker(ThreadPoolExecutor.java:1149)
	at java.util.concurrent.ThreadPoolExecutor$Worker.run(ThreadPoolExecutor.java:624)
	... 1 more
Caused by: org.apache.ratis.thirdparty.io.netty.channel.AbstractChannel$AnnotatedConnectException: Connection refused: /192.168.5.159:45599
	at sun.nio.ch.SocketChannelImpl.checkConnect(Native Method)
	at sun.nio.ch.SocketChannelImpl.finishConnect(SocketChannelImpl.java:717)
	at org.apache.ratis.thirdparty.io.netty.channel.socket.nio.NioSocketChannel.doFinishConnect(NioSocketChannel.java:327)
	at org.apache.ratis.thirdparty.io.netty.channel.nio.AbstractNioChannel$AbstractNioUnsafe.finishConnect(AbstractNioChannel.java:340)
	at org.apache.ratis.thirdparty.io.netty.channel.nio.NioEventLoop.processSelectedKey(NioEventLoop.java:632)
	at org.apache.ratis.thirdparty.io.netty.channel.nio.NioEventLoop.processSelectedKeysOptimized(NioEventLoop.java:579)
	at org.apache.ratis.thirdparty.io.netty.channel.nio.NioEventLoop.processSelectedKeys(NioEventLoop.java:496)
	at org.apache.ratis.thirdparty.io.netty.channel.nio.NioEventLoop.run(NioEventLoop.java:458)
	at org.apache.ratis.thirdparty.io.netty.util.concurrent.SingleThreadEventExecutor$5.run(SingleThreadEventExecutor.java:897)
	at org.apache.ratis.thirdparty.io.netty.util.concurrent.FastThreadLocalRunnable.run(FastThreadLocalRunnable.java:30)
	... 1 more
Caused by: java.net.ConnectException: Connection refused
	... 11 more
2019-10-14 14:42:59,919 [caa892f0-76ff-4c1e-b30f-b7c59842badc@group-EA752D978E74:LeaderElection87] INFO  impl.LeaderElection (LeaderElection.java:logAndReturn(56)) - caa892f0-76ff-4c1e-b30f-b7c59842badc@group-EA752D978E74:LeaderElection87: Election REJECTED; received 0 response(s) [] and 2 exception(s); caa892f0-76ff-4c1e-b30f-b7c59842badc@group-EA752D978E74:t25, leader=null, voted=caa892f0-76ff-4c1e-b30f-b7c59842badc, raftlog=caa892f0-76ff-4c1e-b30f-b7c59842badc@group-EA752D978E74-SegmentedRaftLog:OPENED:c16,f16,i16, conf=0: [07a15819-e4fc-4072-82ac-b3e77a99d12a:192.168.5.159:45599, f9748ec4-5d8a-4dfc-8690-85b8cdac3f5d:192.168.5.159:44598, caa892f0-76ff-4c1e-b30f-b7c59842badc:192.168.5.159:39406], old=null
2019-10-14 14:42:59,919 [caa892f0-76ff-4c1e-b30f-b7c59842badc@group-EA752D978E74:LeaderElection87] INFO  impl.LeaderElection (LogUtils.java:infoOrTrace(149)) -   Exception 0: {}
java.util.concurrent.ExecutionException: org.apache.ratis.thirdparty.io.grpc.StatusRuntimeException: UNAVAILABLE: io exception
	at java.util.concurrent.FutureTask.report(FutureTask.java:122)
	at java.util.concurrent.FutureTask.get(FutureTask.java:192)
	at org.apache.ratis.server.impl.LeaderElection.waitForResults(LeaderElection.java:263)
	at org.apache.ratis.server.impl.LeaderElection.askForVotes(LeaderElection.java:201)
	at org.apache.ratis.server.impl.LeaderElection.run(LeaderElection.java:133)
	at java.lang.Thread.run(Thread.java:748)
Caused by: org.apache.ratis.thirdparty.io.grpc.StatusRuntimeException: UNAVAILABLE: io exception
	at org.apache.ratis.thirdparty.io.grpc.stub.ClientCalls.toStatusRuntimeException(ClientCalls.java:233)
	at org.apache.ratis.thirdparty.io.grpc.stub.ClientCalls.getUnchecked(ClientCalls.java:214)
	at org.apache.ratis.thirdparty.io.grpc.stub.ClientCalls.blockingUnaryCall(ClientCalls.java:139)
	at org.apache.ratis.proto.grpc.RaftServerProtocolServiceGrpc$RaftServerProtocolServiceBlockingStub.requestVote(RaftServerProtocolServiceGrpc.java:265)
	at org.apache.ratis.grpc.server.GrpcServerProtocolClient.requestVote(GrpcServerProtocolClient.java:90)
	at org.apache.ratis.grpc.server.GrpcService.requestVote(GrpcService.java:204)
	at org.apache.ratis.server.impl.LeaderElection.lambda$submitRequests$1(LeaderElection.java:238)
	at java.util.concurrent.FutureTask.run(FutureTask.java:266)
	at java.util.concurrent.Executors$RunnableAdapter.call(Executors.java:511)
	at java.util.concurrent.FutureTask.run(FutureTask.java:266)
	at java.util.concurrent.ThreadPoolExecutor.runWorker(ThreadPoolExecutor.java:1149)
	at java.util.concurrent.ThreadPoolExecutor$Worker.run(ThreadPoolExecutor.java:624)
	... 1 more
Caused by: org.apache.ratis.thirdparty.io.netty.channel.AbstractChannel$AnnotatedConnectException: Connection refused: /192.168.5.159:44598
	at sun.nio.ch.SocketChannelImpl.checkConnect(Native Method)
	at sun.nio.ch.SocketChannelImpl.finishConnect(SocketChannelImpl.java:717)
	at org.apache.ratis.thirdparty.io.netty.channel.socket.nio.NioSocketChannel.doFinishConnect(NioSocketChannel.java:327)
	at org.apache.ratis.thirdparty.io.netty.channel.nio.AbstractNioChannel$AbstractNioUnsafe.finishConnect(AbstractNioChannel.java:340)
	at org.apache.ratis.thirdparty.io.netty.channel.nio.NioEventLoop.processSelectedKey(NioEventLoop.java:632)
	at org.apache.ratis.thirdparty.io.netty.channel.nio.NioEventLoop.processSelectedKeysOptimized(NioEventLoop.java:579)
	at org.apache.ratis.thirdparty.io.netty.channel.nio.NioEventLoop.processSelectedKeys(NioEventLoop.java:496)
	at org.apache.ratis.thirdparty.io.netty.channel.nio.NioEventLoop.run(NioEventLoop.java:458)
	at org.apache.ratis.thirdparty.io.netty.util.concurrent.SingleThreadEventExecutor$5.run(SingleThreadEventExecutor.java:897)
	at org.apache.ratis.thirdparty.io.netty.util.concurrent.FastThreadLocalRunnable.run(FastThreadLocalRunnable.java:30)
	... 1 more
Caused by: java.net.ConnectException: Connection refused
	... 11 more
2019-10-14 14:42:59,920 [caa892f0-76ff-4c1e-b30f-b7c59842badc@group-EA752D978E74:LeaderElection87] INFO  impl.LeaderElection (LogUtils.java:infoOrTrace(149)) -   Exception 1: {}
java.util.concurrent.ExecutionException: org.apache.ratis.thirdparty.io.grpc.StatusRuntimeException: UNAVAILABLE: io exception
	at java.util.concurrent.FutureTask.report(FutureTask.java:122)
	at java.util.concurrent.FutureTask.get(FutureTask.java:192)
	at org.apache.ratis.server.impl.LeaderElection.waitForResults(LeaderElection.java:263)
	at org.apache.ratis.server.impl.LeaderElection.askForVotes(LeaderElection.java:201)
	at org.apache.ratis.server.impl.LeaderElection.run(LeaderElection.java:133)
	at java.lang.Thread.run(Thread.java:748)
Caused by: org.apache.ratis.thirdparty.io.grpc.StatusRuntimeException: UNAVAILABLE: io exception
	at org.apache.ratis.thirdparty.io.grpc.stub.ClientCalls.toStatusRuntimeException(ClientCalls.java:233)
	at org.apache.ratis.thirdparty.io.grpc.stub.ClientCalls.getUnchecked(ClientCalls.java:214)
	at org.apache.ratis.thirdparty.io.grpc.stub.ClientCalls.blockingUnaryCall(ClientCalls.java:139)
	at org.apache.ratis.proto.grpc.RaftServerProtocolServiceGrpc$RaftServerProtocolServiceBlockingStub.requestVote(RaftServerProtocolServiceGrpc.java:265)
	at org.apache.ratis.grpc.server.GrpcServerProtocolClient.requestVote(GrpcServerProtocolClient.java:90)
	at org.apache.ratis.grpc.server.GrpcService.requestVote(GrpcService.java:204)
	at org.apache.ratis.server.impl.LeaderElection.lambda$submitRequests$1(LeaderElection.java:238)
	at java.util.concurrent.FutureTask.run(FutureTask.java:266)
	at java.util.concurrent.Executors$RunnableAdapter.call(Executors.java:511)
	at java.util.concurrent.FutureTask.run(FutureTask.java:266)
	at java.util.concurrent.ThreadPoolExecutor.runWorker(ThreadPoolExecutor.java:1149)
	at java.util.concurrent.ThreadPoolExecutor$Worker.run(ThreadPoolExecutor.java:624)
	... 1 more
Caused by: org.apache.ratis.thirdparty.io.netty.channel.AbstractChannel$AnnotatedConnectException: Connection refused: /192.168.5.159:45599
	at sun.nio.ch.SocketChannelImpl.checkConnect(Native Method)
	at sun.nio.ch.SocketChannelImpl.finishConnect(SocketChannelImpl.java:717)
	at org.apache.ratis.thirdparty.io.netty.channel.socket.nio.NioSocketChannel.doFinishConnect(NioSocketChannel.java:327)
	at org.apache.ratis.thirdparty.io.netty.channel.nio.AbstractNioChannel$AbstractNioUnsafe.finishConnect(AbstractNioChannel.java:340)
	at org.apache.ratis.thirdparty.io.netty.channel.nio.NioEventLoop.processSelectedKey(NioEventLoop.java:632)
	at org.apache.ratis.thirdparty.io.netty.channel.nio.NioEventLoop.processSelectedKeysOptimized(NioEventLoop.java:579)
	at org.apache.ratis.thirdparty.io.netty.channel.nio.NioEventLoop.processSelectedKeys(NioEventLoop.java:496)
	at org.apache.ratis.thirdparty.io.netty.channel.nio.NioEventLoop.run(NioEventLoop.java:458)
	at org.apache.ratis.thirdparty.io.netty.util.concurrent.SingleThreadEventExecutor$5.run(SingleThreadEventExecutor.java:897)
	at org.apache.ratis.thirdparty.io.netty.util.concurrent.FastThreadLocalRunnable.run(FastThreadLocalRunnable.java:30)
	... 1 more
Caused by: java.net.ConnectException: Connection refused
	... 11 more
2019-10-14 14:42:59,920 [caa892f0-76ff-4c1e-b30f-b7c59842badc@group-EA752D978E74:LeaderElection87] INFO  impl.RaftServerImpl (RaftServerImpl.java:setRole(174)) - caa892f0-76ff-4c1e-b30f-b7c59842badc@group-EA752D978E74: changes role from CANDIDATE to FOLLOWER at term 25 for DISCOVERED_A_NEW_TERM
2019-10-14 14:42:59,920 [caa892f0-76ff-4c1e-b30f-b7c59842badc@group-EA752D978E74:LeaderElection87] INFO  impl.RoleInfo (RoleInfo.java:shutdownLeaderElection(134)) - caa892f0-76ff-4c1e-b30f-b7c59842badc: shutdown LeaderElection
2019-10-14 14:42:59,920 [caa892f0-76ff-4c1e-b30f-b7c59842badc@group-EA752D978E74:LeaderElection87] INFO  impl.RoleInfo (RoleInfo.java:updateAndGet(143)) - caa892f0-76ff-4c1e-b30f-b7c59842badc: start FollowerState
2019-10-14 14:43:00,107 [grpc-default-executor-2] WARN  server.GrpcLogAppender (LogUtils.java:warn(134)) - caa892f0-76ff-4c1e-b30f-b7c59842badc@group-382452901537->07a15819-e4fc-4072-82ac-b3e77a99d12a-AppendLogResponseHandler: Failed appendEntries: org.apache.ratis.thirdparty.io.grpc.StatusRuntimeException: UNAVAILABLE: io exception
2019-10-14 14:43:00,107 [grpc-default-executor-4] WARN  server.GrpcLogAppender (LogUtils.java:warn(134)) - caa892f0-76ff-4c1e-b30f-b7c59842badc@group-026CFA11C8A1->f9748ec4-5d8a-4dfc-8690-85b8cdac3f5d-AppendLogResponseHandler: Failed appendEntries: org.apache.ratis.thirdparty.io.grpc.StatusRuntimeException: UNAVAILABLE: io exception
2019-10-14 14:43:00,107 [grpc-default-executor-7] WARN  server.GrpcLogAppender (LogUtils.java:warn(134)) - caa892f0-76ff-4c1e-b30f-b7c59842badc@group-026CFA11C8A1->07a15819-e4fc-4072-82ac-b3e77a99d12a-AppendLogResponseHandler: Failed appendEntries: org.apache.ratis.thirdparty.io.grpc.StatusRuntimeException: UNAVAILABLE: io exception
2019-10-14 14:43:00,107 [grpc-default-executor-9] WARN  server.GrpcLogAppender (LogUtils.java:warn(134)) - caa892f0-76ff-4c1e-b30f-b7c59842badc@group-382452901537->f9748ec4-5d8a-4dfc-8690-85b8cdac3f5d-AppendLogResponseHandler: Failed appendEntries: org.apache.ratis.thirdparty.io.grpc.StatusRuntimeException: UNAVAILABLE: io exception
2019-10-14 14:43:00,108 [grpc-default-executor-7] INFO  impl.FollowerInfo (FollowerInfo.java:lambda$new$0(51)) - caa892f0-76ff-4c1e-b30f-b7c59842badc@group-026CFA11C8A1->07a15819-e4fc-4072-82ac-b3e77a99d12a: nextIndex: updateUnconditionally 0 -> 0
2019-10-14 14:43:00,108 [grpc-default-executor-4] INFO  impl.FollowerInfo (FollowerInfo.java:lambda$new$0(51)) - caa892f0-76ff-4c1e-b30f-b7c59842badc@group-026CFA11C8A1->f9748ec4-5d8a-4dfc-8690-85b8cdac3f5d: nextIndex: updateUnconditionally 0 -> 0
2019-10-14 14:43:00,107 [grpc-default-executor-2] INFO  impl.FollowerInfo (FollowerInfo.java:lambda$new$0(51)) - caa892f0-76ff-4c1e-b30f-b7c59842badc@group-382452901537->07a15819-e4fc-4072-82ac-b3e77a99d12a: nextIndex: updateUnconditionally 0 -> 0
2019-10-14 14:43:00,108 [grpc-default-executor-9] INFO  impl.FollowerInfo (FollowerInfo.java:lambda$new$0(51)) - caa892f0-76ff-4c1e-b30f-b7c59842badc@group-382452901537->f9748ec4-5d8a-4dfc-8690-85b8cdac3f5d: nextIndex: updateUnconditionally 0 -> 0
2019-10-14 14:43:00,461 [Thread-1548] INFO  impl.FollowerState (FollowerState.java:run(106)) - caa892f0-76ff-4c1e-b30f-b7c59842badc:group-E0B7C1D5C8D3 changes to CANDIDATE, lastRpcTime:1094, electionTimeout:1094ms
2019-10-14 14:43:00,462 [Thread-1548] INFO  impl.RoleInfo (RoleInfo.java:shutdownFollowerState(121)) - caa892f0-76ff-4c1e-b30f-b7c59842badc: shutdown FollowerState
2019-10-14 14:43:00,462 [Thread-1548] INFO  impl.RaftServerImpl (RaftServerImpl.java:setRole(174)) - caa892f0-76ff-4c1e-b30f-b7c59842badc@group-E0B7C1D5C8D3: changes role from  FOLLOWER to CANDIDATE at term 26 for changeToCandidate
2019-10-14 14:43:00,463 [Thread-1548] INFO  impl.RoleInfo (RoleInfo.java:updateAndGet(143)) - caa892f0-76ff-4c1e-b30f-b7c59842badc: start LeaderElection
2019-10-14 14:43:00,478 [caa892f0-76ff-4c1e-b30f-b7c59842badc@group-E0B7C1D5C8D3:LeaderElection88] INFO  impl.LeaderElection (LeaderElection.java:askForVotes(182)) - caa892f0-76ff-4c1e-b30f-b7c59842badc@group-E0B7C1D5C8D3:LeaderElection88: begin an election at term 27 for 0: [07a15819-e4fc-4072-82ac-b3e77a99d12a:192.168.5.159:45599, f9748ec4-5d8a-4dfc-8690-85b8cdac3f5d:192.168.5.159:44598, caa892f0-76ff-4c1e-b30f-b7c59842badc:192.168.5.159:39406], old=null
2019-10-14 14:43:00,483 [caa892f0-76ff-4c1e-b30f-b7c59842badc@group-E0B7C1D5C8D3:LeaderElection88] INFO  impl.LeaderElection (LogUtils.java:infoOrTrace(149)) - caa892f0-76ff-4c1e-b30f-b7c59842badc@group-E0B7C1D5C8D3:LeaderElection88 got exception when requesting votes: {}
java.util.concurrent.ExecutionException: org.apache.ratis.thirdparty.io.grpc.StatusRuntimeException: UNAVAILABLE: io exception
	at java.util.concurrent.FutureTask.report(FutureTask.java:122)
	at java.util.concurrent.FutureTask.get(FutureTask.java:192)
	at org.apache.ratis.server.impl.LeaderElection.waitForResults(LeaderElection.java:263)
	at org.apache.ratis.server.impl.LeaderElection.askForVotes(LeaderElection.java:201)
	at org.apache.ratis.server.impl.LeaderElection.run(LeaderElection.java:133)
	at java.lang.Thread.run(Thread.java:748)
Caused by: org.apache.ratis.thirdparty.io.grpc.StatusRuntimeException: UNAVAILABLE: io exception
	at org.apache.ratis.thirdparty.io.grpc.stub.ClientCalls.toStatusRuntimeException(ClientCalls.java:233)
	at org.apache.ratis.thirdparty.io.grpc.stub.ClientCalls.getUnchecked(ClientCalls.java:214)
	at org.apache.ratis.thirdparty.io.grpc.stub.ClientCalls.blockingUnaryCall(ClientCalls.java:139)
	at org.apache.ratis.proto.grpc.RaftServerProtocolServiceGrpc$RaftServerProtocolServiceBlockingStub.requestVote(RaftServerProtocolServiceGrpc.java:265)
	at org.apache.ratis.grpc.server.GrpcServerProtocolClient.requestVote(GrpcServerProtocolClient.java:90)
	at org.apache.ratis.grpc.server.GrpcService.requestVote(GrpcService.java:204)
	at org.apache.ratis.server.impl.LeaderElection.lambda$submitRequests$1(LeaderElection.java:238)
	at java.util.concurrent.FutureTask.run(FutureTask.java:266)
	at java.util.concurrent.Executors$RunnableAdapter.call(Executors.java:511)
	at java.util.concurrent.FutureTask.run(FutureTask.java:266)
	at java.util.concurrent.ThreadPoolExecutor.runWorker(ThreadPoolExecutor.java:1149)
	at java.util.concurrent.ThreadPoolExecutor$Worker.run(ThreadPoolExecutor.java:624)
	... 1 more
Caused by: org.apache.ratis.thirdparty.io.netty.channel.AbstractChannel$AnnotatedConnectException: Connection refused: /192.168.5.159:45599
	at sun.nio.ch.SocketChannelImpl.checkConnect(Native Method)
	at sun.nio.ch.SocketChannelImpl.finishConnect(SocketChannelImpl.java:717)
	at org.apache.ratis.thirdparty.io.netty.channel.socket.nio.NioSocketChannel.doFinishConnect(NioSocketChannel.java:327)
	at org.apache.ratis.thirdparty.io.netty.channel.nio.AbstractNioChannel$AbstractNioUnsafe.finishConnect(AbstractNioChannel.java:340)
	at org.apache.ratis.thirdparty.io.netty.channel.nio.NioEventLoop.processSelectedKey(NioEventLoop.java:632)
	at org.apache.ratis.thirdparty.io.netty.channel.nio.NioEventLoop.processSelectedKeysOptimized(NioEventLoop.java:579)
	at org.apache.ratis.thirdparty.io.netty.channel.nio.NioEventLoop.processSelectedKeys(NioEventLoop.java:496)
	at org.apache.ratis.thirdparty.io.netty.channel.nio.NioEventLoop.run(NioEventLoop.java:458)
	at org.apache.ratis.thirdparty.io.netty.util.concurrent.SingleThreadEventExecutor$5.run(SingleThreadEventExecutor.java:897)
	at org.apache.ratis.thirdparty.io.netty.util.concurrent.FastThreadLocalRunnable.run(FastThreadLocalRunnable.java:30)
	... 1 more
Caused by: java.net.ConnectException: Connection refused
	... 11 more
2019-10-14 14:43:00,484 [caa892f0-76ff-4c1e-b30f-b7c59842badc@group-E0B7C1D5C8D3:LeaderElection88] INFO  impl.LeaderElection (LogUtils.java:infoOrTrace(149)) - caa892f0-76ff-4c1e-b30f-b7c59842badc@group-E0B7C1D5C8D3:LeaderElection88 got exception when requesting votes: {}
java.util.concurrent.ExecutionException: org.apache.ratis.thirdparty.io.grpc.StatusRuntimeException: UNAVAILABLE: io exception
	at java.util.concurrent.FutureTask.report(FutureTask.java:122)
	at java.util.concurrent.FutureTask.get(FutureTask.java:192)
	at org.apache.ratis.server.impl.LeaderElection.waitForResults(LeaderElection.java:263)
	at org.apache.ratis.server.impl.LeaderElection.askForVotes(LeaderElection.java:201)
	at org.apache.ratis.server.impl.LeaderElection.run(LeaderElection.java:133)
	at java.lang.Thread.run(Thread.java:748)
Caused by: org.apache.ratis.thirdparty.io.grpc.StatusRuntimeException: UNAVAILABLE: io exception
	at org.apache.ratis.thirdparty.io.grpc.stub.ClientCalls.toStatusRuntimeException(ClientCalls.java:233)
	at org.apache.ratis.thirdparty.io.grpc.stub.ClientCalls.getUnchecked(ClientCalls.java:214)
	at org.apache.ratis.thirdparty.io.grpc.stub.ClientCalls.blockingUnaryCall(ClientCalls.java:139)
	at org.apache.ratis.proto.grpc.RaftServerProtocolServiceGrpc$RaftServerProtocolServiceBlockingStub.requestVote(RaftServerProtocolServiceGrpc.java:265)
	at org.apache.ratis.grpc.server.GrpcServerProtocolClient.requestVote(GrpcServerProtocolClient.java:90)
	at org.apache.ratis.grpc.server.GrpcService.requestVote(GrpcService.java:204)
	at org.apache.ratis.server.impl.LeaderElection.lambda$submitRequests$1(LeaderElection.java:238)
	at java.util.concurrent.FutureTask.run(FutureTask.java:266)
	at java.util.concurrent.Executors$RunnableAdapter.call(Executors.java:511)
	at java.util.concurrent.FutureTask.run(FutureTask.java:266)
	at java.util.concurrent.ThreadPoolExecutor.runWorker(ThreadPoolExecutor.java:1149)
	at java.util.concurrent.ThreadPoolExecutor$Worker.run(ThreadPoolExecutor.java:624)
	... 1 more
Caused by: org.apache.ratis.thirdparty.io.netty.channel.AbstractChannel$AnnotatedConnectException: Connection refused: /192.168.5.159:44598
	at sun.nio.ch.SocketChannelImpl.checkConnect(Native Method)
	at sun.nio.ch.SocketChannelImpl.finishConnect(SocketChannelImpl.java:717)
	at org.apache.ratis.thirdparty.io.netty.channel.socket.nio.NioSocketChannel.doFinishConnect(NioSocketChannel.java:327)
	at org.apache.ratis.thirdparty.io.netty.channel.nio.AbstractNioChannel$AbstractNioUnsafe.finishConnect(AbstractNioChannel.java:340)
	at org.apache.ratis.thirdparty.io.netty.channel.nio.NioEventLoop.processSelectedKey(NioEventLoop.java:632)
	at org.apache.ratis.thirdparty.io.netty.channel.nio.NioEventLoop.processSelectedKeysOptimized(NioEventLoop.java:579)
	at org.apache.ratis.thirdparty.io.netty.channel.nio.NioEventLoop.processSelectedKeys(NioEventLoop.java:496)
	at org.apache.ratis.thirdparty.io.netty.channel.nio.NioEventLoop.run(NioEventLoop.java:458)
	at org.apache.ratis.thirdparty.io.netty.util.concurrent.SingleThreadEventExecutor$5.run(SingleThreadEventExecutor.java:897)
	at org.apache.ratis.thirdparty.io.netty.util.concurrent.FastThreadLocalRunnable.run(FastThreadLocalRunnable.java:30)
	... 1 more
Caused by: java.net.ConnectException: Connection refused
	... 11 more
2019-10-14 14:43:00,484 [caa892f0-76ff-4c1e-b30f-b7c59842badc@group-E0B7C1D5C8D3:LeaderElection88] INFO  impl.LeaderElection (LeaderElection.java:logAndReturn(56)) - caa892f0-76ff-4c1e-b30f-b7c59842badc@group-E0B7C1D5C8D3:LeaderElection88: Election REJECTED; received 0 response(s) [] and 2 exception(s); caa892f0-76ff-4c1e-b30f-b7c59842badc@group-E0B7C1D5C8D3:t27, leader=null, voted=caa892f0-76ff-4c1e-b30f-b7c59842badc, raftlog=caa892f0-76ff-4c1e-b30f-b7c59842badc@group-E0B7C1D5C8D3-SegmentedRaftLog:OPENED:c0,f0,i0, conf=0: [07a15819-e4fc-4072-82ac-b3e77a99d12a:192.168.5.159:45599, f9748ec4-5d8a-4dfc-8690-85b8cdac3f5d:192.168.5.159:44598, caa892f0-76ff-4c1e-b30f-b7c59842badc:192.168.5.159:39406], old=null
2019-10-14 14:43:00,485 [caa892f0-76ff-4c1e-b30f-b7c59842badc@group-E0B7C1D5C8D3:LeaderElection88] INFO  impl.LeaderElection (LogUtils.java:infoOrTrace(149)) -   Exception 0: {}
java.util.concurrent.ExecutionException: org.apache.ratis.thirdparty.io.grpc.StatusRuntimeException: UNAVAILABLE: io exception
	at java.util.concurrent.FutureTask.report(FutureTask.java:122)
	at java.util.concurrent.FutureTask.get(FutureTask.java:192)
	at org.apache.ratis.server.impl.LeaderElection.waitForResults(LeaderElection.java:263)
	at org.apache.ratis.server.impl.LeaderElection.askForVotes(LeaderElection.java:201)
	at org.apache.ratis.server.impl.LeaderElection.run(LeaderElection.java:133)
	at java.lang.Thread.run(Thread.java:748)
Caused by: org.apache.ratis.thirdparty.io.grpc.StatusRuntimeException: UNAVAILABLE: io exception
	at org.apache.ratis.thirdparty.io.grpc.stub.ClientCalls.toStatusRuntimeException(ClientCalls.java:233)
	at org.apache.ratis.thirdparty.io.grpc.stub.ClientCalls.getUnchecked(ClientCalls.java:214)
	at org.apache.ratis.thirdparty.io.grpc.stub.ClientCalls.blockingUnaryCall(ClientCalls.java:139)
	at org.apache.ratis.proto.grpc.RaftServerProtocolServiceGrpc$RaftServerProtocolServiceBlockingStub.requestVote(RaftServerProtocolServiceGrpc.java:265)
	at org.apache.ratis.grpc.server.GrpcServerProtocolClient.requestVote(GrpcServerProtocolClient.java:90)
	at org.apache.ratis.grpc.server.GrpcService.requestVote(GrpcService.java:204)
	at org.apache.ratis.server.impl.LeaderElection.lambda$submitRequests$1(LeaderElection.java:238)
	at java.util.concurrent.FutureTask.run(FutureTask.java:266)
	at java.util.concurrent.Executors$RunnableAdapter.call(Executors.java:511)
	at java.util.concurrent.FutureTask.run(FutureTask.java:266)
	at java.util.concurrent.ThreadPoolExecutor.runWorker(ThreadPoolExecutor.java:1149)
	at java.util.concurrent.ThreadPoolExecutor$Worker.run(ThreadPoolExecutor.java:624)
	... 1 more
Caused by: org.apache.ratis.thirdparty.io.netty.channel.AbstractChannel$AnnotatedConnectException: Connection refused: /192.168.5.159:45599
	at sun.nio.ch.SocketChannelImpl.checkConnect(Native Method)
	at sun.nio.ch.SocketChannelImpl.finishConnect(SocketChannelImpl.java:717)
	at org.apache.ratis.thirdparty.io.netty.channel.socket.nio.NioSocketChannel.doFinishConnect(NioSocketChannel.java:327)
	at org.apache.ratis.thirdparty.io.netty.channel.nio.AbstractNioChannel$AbstractNioUnsafe.finishConnect(AbstractNioChannel.java:340)
	at org.apache.ratis.thirdparty.io.netty.channel.nio.NioEventLoop.processSelectedKey(NioEventLoop.java:632)
	at org.apache.ratis.thirdparty.io.netty.channel.nio.NioEventLoop.processSelectedKeysOptimized(NioEventLoop.java:579)
	at org.apache.ratis.thirdparty.io.netty.channel.nio.NioEventLoop.processSelectedKeys(NioEventLoop.java:496)
	at org.apache.ratis.thirdparty.io.netty.channel.nio.NioEventLoop.run(NioEventLoop.java:458)
	at org.apache.ratis.thirdparty.io.netty.util.concurrent.SingleThreadEventExecutor$5.run(SingleThreadEventExecutor.java:897)
	at org.apache.ratis.thirdparty.io.netty.util.concurrent.FastThreadLocalRunnable.run(FastThreadLocalRunnable.java:30)
	... 1 more
Caused by: java.net.ConnectException: Connection refused
	... 11 more
2019-10-14 14:43:00,485 [caa892f0-76ff-4c1e-b30f-b7c59842badc@group-E0B7C1D5C8D3:LeaderElection88] INFO  impl.LeaderElection (LogUtils.java:infoOrTrace(149)) -   Exception 1: {}
java.util.concurrent.ExecutionException: org.apache.ratis.thirdparty.io.grpc.StatusRuntimeException: UNAVAILABLE: io exception
	at java.util.concurrent.FutureTask.report(FutureTask.java:122)
	at java.util.concurrent.FutureTask.get(FutureTask.java:192)
	at org.apache.ratis.server.impl.LeaderElection.waitForResults(LeaderElection.java:263)
	at org.apache.ratis.server.impl.LeaderElection.askForVotes(LeaderElection.java:201)
	at org.apache.ratis.server.impl.LeaderElection.run(LeaderElection.java:133)
	at java.lang.Thread.run(Thread.java:748)
Caused by: org.apache.ratis.thirdparty.io.grpc.StatusRuntimeException: UNAVAILABLE: io exception
	at org.apache.ratis.thirdparty.io.grpc.stub.ClientCalls.toStatusRuntimeException(ClientCalls.java:233)
	at org.apache.ratis.thirdparty.io.grpc.stub.ClientCalls.getUnchecked(ClientCalls.java:214)
	at org.apache.ratis.thirdparty.io.grpc.stub.ClientCalls.blockingUnaryCall(ClientCalls.java:139)
	at org.apache.ratis.proto.grpc.RaftServerProtocolServiceGrpc$RaftServerProtocolServiceBlockingStub.requestVote(RaftServerProtocolServiceGrpc.java:265)
	at org.apache.ratis.grpc.server.GrpcServerProtocolClient.requestVote(GrpcServerProtocolClient.java:90)
	at org.apache.ratis.grpc.server.GrpcService.requestVote(GrpcService.java:204)
	at org.apache.ratis.server.impl.LeaderElection.lambda$submitRequests$1(LeaderElection.java:238)
	at java.util.concurrent.FutureTask.run(FutureTask.java:266)
	at java.util.concurrent.Executors$RunnableAdapter.call(Executors.java:511)
	at java.util.concurrent.FutureTask.run(FutureTask.java:266)
	at java.util.concurrent.ThreadPoolExecutor.runWorker(ThreadPoolExecutor.java:1149)
	at java.util.concurrent.ThreadPoolExecutor$Worker.run(ThreadPoolExecutor.java:624)
	... 1 more
Caused by: org.apache.ratis.thirdparty.io.netty.channel.AbstractChannel$AnnotatedConnectException: Connection refused: /192.168.5.159:44598
	at sun.nio.ch.SocketChannelImpl.checkConnect(Native Method)
	at sun.nio.ch.SocketChannelImpl.finishConnect(SocketChannelImpl.java:717)
	at org.apache.ratis.thirdparty.io.netty.channel.socket.nio.NioSocketChannel.doFinishConnect(NioSocketChannel.java:327)
	at org.apache.ratis.thirdparty.io.netty.channel.nio.AbstractNioChannel$AbstractNioUnsafe.finishConnect(AbstractNioChannel.java:340)
	at org.apache.ratis.thirdparty.io.netty.channel.nio.NioEventLoop.processSelectedKey(NioEventLoop.java:632)
	at org.apache.ratis.thirdparty.io.netty.channel.nio.NioEventLoop.processSelectedKeysOptimized(NioEventLoop.java:579)
	at org.apache.ratis.thirdparty.io.netty.channel.nio.NioEventLoop.processSelectedKeys(NioEventLoop.java:496)
	at org.apache.ratis.thirdparty.io.netty.channel.nio.NioEventLoop.run(NioEventLoop.java:458)
	at org.apache.ratis.thirdparty.io.netty.util.concurrent.SingleThreadEventExecutor$5.run(SingleThreadEventExecutor.java:897)
	at org.apache.ratis.thirdparty.io.netty.util.concurrent.FastThreadLocalRunnable.run(FastThreadLocalRunnable.java:30)
	... 1 more
Caused by: java.net.ConnectException: Connection refused
	... 11 more
2019-10-14 14:43:00,485 [caa892f0-76ff-4c1e-b30f-b7c59842badc@group-E0B7C1D5C8D3:LeaderElection88] INFO  impl.RaftServerImpl (RaftServerImpl.java:setRole(174)) - caa892f0-76ff-4c1e-b30f-b7c59842badc@group-E0B7C1D5C8D3: changes role from CANDIDATE to FOLLOWER at term 27 for DISCOVERED_A_NEW_TERM
2019-10-14 14:43:00,486 [caa892f0-76ff-4c1e-b30f-b7c59842badc@group-E0B7C1D5C8D3:LeaderElection88] INFO  impl.RoleInfo (RoleInfo.java:shutdownLeaderElection(134)) - caa892f0-76ff-4c1e-b30f-b7c59842badc: shutdown LeaderElection
2019-10-14 14:43:00,486 [caa892f0-76ff-4c1e-b30f-b7c59842badc@group-E0B7C1D5C8D3:LeaderElection88] INFO  impl.RoleInfo (RoleInfo.java:updateAndGet(143)) - caa892f0-76ff-4c1e-b30f-b7c59842badc: start FollowerState
2019-10-14 14:43:00,607 [grpc-default-executor-2] WARN  server.GrpcLogAppender (LogUtils.java:warn(134)) - caa892f0-76ff-4c1e-b30f-b7c59842badc@group-382452901537->f9748ec4-5d8a-4dfc-8690-85b8cdac3f5d-AppendLogResponseHandler: Failed appendEntries: org.apache.ratis.thirdparty.io.grpc.StatusRuntimeException: UNAVAILABLE: io exception
2019-10-14 14:43:00,607 [grpc-default-executor-4] WARN  server.GrpcLogAppender (LogUtils.java:warn(134)) - caa892f0-76ff-4c1e-b30f-b7c59842badc@group-026CFA11C8A1->f9748ec4-5d8a-4dfc-8690-85b8cdac3f5d-AppendLogResponseHandler: Failed appendEntries: org.apache.ratis.thirdparty.io.grpc.StatusRuntimeException: UNAVAILABLE: io exception
2019-10-14 14:43:00,607 [grpc-default-executor-9] WARN  server.GrpcLogAppender (LogUtils.java:warn(134)) - caa892f0-76ff-4c1e-b30f-b7c59842badc@group-026CFA11C8A1->07a15819-e4fc-4072-82ac-b3e77a99d12a-AppendLogResponseHandler: Failed appendEntries: org.apache.ratis.thirdparty.io.grpc.StatusRuntimeException: UNAVAILABLE: io exception
2019-10-14 14:43:00,607 [grpc-default-executor-7] WARN  server.GrpcLogAppender (LogUtils.java:warn(134)) - caa892f0-76ff-4c1e-b30f-b7c59842badc@group-382452901537->07a15819-e4fc-4072-82ac-b3e77a99d12a-AppendLogResponseHandler: Failed appendEntries: org.apache.ratis.thirdparty.io.grpc.StatusRuntimeException: UNAVAILABLE: io exception
2019-10-14 14:43:00,608 [grpc-default-executor-4] INFO  impl.FollowerInfo (FollowerInfo.java:lambda$new$0(51)) - caa892f0-76ff-4c1e-b30f-b7c59842badc@group-026CFA11C8A1->f9748ec4-5d8a-4dfc-8690-85b8cdac3f5d: nextIndex: updateUnconditionally 0 -> 0
2019-10-14 14:43:00,608 [grpc-default-executor-2] INFO  impl.FollowerInfo (FollowerInfo.java:lambda$new$0(51)) - caa892f0-76ff-4c1e-b30f-b7c59842badc@group-382452901537->f9748ec4-5d8a-4dfc-8690-85b8cdac3f5d: nextIndex: updateUnconditionally 0 -> 0
2019-10-14 14:43:00,608 [grpc-default-executor-7] INFO  impl.FollowerInfo (FollowerInfo.java:lambda$new$0(51)) - caa892f0-76ff-4c1e-b30f-b7c59842badc@group-382452901537->07a15819-e4fc-4072-82ac-b3e77a99d12a: nextIndex: updateUnconditionally 0 -> 0
2019-10-14 14:43:00,608 [grpc-default-executor-9] INFO  impl.FollowerInfo (FollowerInfo.java:lambda$new$0(51)) - caa892f0-76ff-4c1e-b30f-b7c59842badc@group-026CFA11C8A1->07a15819-e4fc-4072-82ac-b3e77a99d12a: nextIndex: updateUnconditionally 0 -> 0
2019-10-14 14:43:00,922 [Thread-1560] INFO  impl.FollowerState (FollowerState.java:run(106)) - caa892f0-76ff-4c1e-b30f-b7c59842badc:group-EA752D978E74 changes to CANDIDATE, lastRpcTime:1001, electionTimeout:1001ms
2019-10-14 14:43:00,922 [Thread-1560] INFO  impl.RoleInfo (RoleInfo.java:shutdownFollowerState(121)) - caa892f0-76ff-4c1e-b30f-b7c59842badc: shutdown FollowerState
2019-10-14 14:43:00,922 [Thread-1560] INFO  impl.RaftServerImpl (RaftServerImpl.java:setRole(174)) - caa892f0-76ff-4c1e-b30f-b7c59842badc@group-EA752D978E74: changes role from  FOLLOWER to CANDIDATE at term 25 for changeToCandidate
2019-10-14 14:43:00,922 [Thread-1560] INFO  impl.RoleInfo (RoleInfo.java:updateAndGet(143)) - caa892f0-76ff-4c1e-b30f-b7c59842badc: start LeaderElection
2019-10-14 14:43:00,936 [caa892f0-76ff-4c1e-b30f-b7c59842badc@group-EA752D978E74:LeaderElection89] INFO  impl.LeaderElection (LeaderElection.java:askForVotes(182)) - caa892f0-76ff-4c1e-b30f-b7c59842badc@group-EA752D978E74:LeaderElection89: begin an election at term 26 for 0: [07a15819-e4fc-4072-82ac-b3e77a99d12a:192.168.5.159:45599, f9748ec4-5d8a-4dfc-8690-85b8cdac3f5d:192.168.5.159:44598, caa892f0-76ff-4c1e-b30f-b7c59842badc:192.168.5.159:39406], old=null
2019-10-14 14:43:00,939 [caa892f0-76ff-4c1e-b30f-b7c59842badc@group-EA752D978E74:LeaderElection89] INFO  impl.LeaderElection (LogUtils.java:infoOrTrace(149)) - caa892f0-76ff-4c1e-b30f-b7c59842badc@group-EA752D978E74:LeaderElection89 got exception when requesting votes: {}
java.util.concurrent.ExecutionException: org.apache.ratis.thirdparty.io.grpc.StatusRuntimeException: UNAVAILABLE: io exception
	at java.util.concurrent.FutureTask.report(FutureTask.java:122)
	at java.util.concurrent.FutureTask.get(FutureTask.java:192)
	at org.apache.ratis.server.impl.LeaderElection.waitForResults(LeaderElection.java:263)
	at org.apache.ratis.server.impl.LeaderElection.askForVotes(LeaderElection.java:201)
	at org.apache.ratis.server.impl.LeaderElection.run(LeaderElection.java:133)
	at java.lang.Thread.run(Thread.java:748)
Caused by: org.apache.ratis.thirdparty.io.grpc.StatusRuntimeException: UNAVAILABLE: io exception
	at org.apache.ratis.thirdparty.io.grpc.stub.ClientCalls.toStatusRuntimeException(ClientCalls.java:233)
	at org.apache.ratis.thirdparty.io.grpc.stub.ClientCalls.getUnchecked(ClientCalls.java:214)
	at org.apache.ratis.thirdparty.io.grpc.stub.ClientCalls.blockingUnaryCall(ClientCalls.java:139)
	at org.apache.ratis.proto.grpc.RaftServerProtocolServiceGrpc$RaftServerProtocolServiceBlockingStub.requestVote(RaftServerProtocolServiceGrpc.java:265)
	at org.apache.ratis.grpc.server.GrpcServerProtocolClient.requestVote(GrpcServerProtocolClient.java:90)
	at org.apache.ratis.grpc.server.GrpcService.requestVote(GrpcService.java:204)
	at org.apache.ratis.server.impl.LeaderElection.lambda$submitRequests$1(LeaderElection.java:238)
	at java.util.concurrent.FutureTask.run(FutureTask.java:266)
	at java.util.concurrent.Executors$RunnableAdapter.call(Executors.java:511)
	at java.util.concurrent.FutureTask.run(FutureTask.java:266)
	at java.util.concurrent.ThreadPoolExecutor.runWorker(ThreadPoolExecutor.java:1149)
	at java.util.concurrent.ThreadPoolExecutor$Worker.run(ThreadPoolExecutor.java:624)
	... 1 more
Caused by: org.apache.ratis.thirdparty.io.netty.channel.AbstractChannel$AnnotatedConnectException: Connection refused: /192.168.5.159:44598
	at sun.nio.ch.SocketChannelImpl.checkConnect(Native Method)
	at sun.nio.ch.SocketChannelImpl.finishConnect(SocketChannelImpl.java:717)
	at org.apache.ratis.thirdparty.io.netty.channel.socket.nio.NioSocketChannel.doFinishConnect(NioSocketChannel.java:327)
	at org.apache.ratis.thirdparty.io.netty.channel.nio.AbstractNioChannel$AbstractNioUnsafe.finishConnect(AbstractNioChannel.java:340)
	at org.apache.ratis.thirdparty.io.netty.channel.nio.NioEventLoop.processSelectedKey(NioEventLoop.java:632)
	at org.apache.ratis.thirdparty.io.netty.channel.nio.NioEventLoop.processSelectedKeysOptimized(NioEventLoop.java:579)
	at org.apache.ratis.thirdparty.io.netty.channel.nio.NioEventLoop.processSelectedKeys(NioEventLoop.java:496)
	at org.apache.ratis.thirdparty.io.netty.channel.nio.NioEventLoop.run(NioEventLoop.java:458)
	at org.apache.ratis.thirdparty.io.netty.util.concurrent.SingleThreadEventExecutor$5.run(SingleThreadEventExecutor.java:897)
	at org.apache.ratis.thirdparty.io.netty.util.concurrent.FastThreadLocalRunnable.run(FastThreadLocalRunnable.java:30)
	... 1 more
Caused by: java.net.ConnectException: Connection refused
	... 11 more
2019-10-14 14:43:00,940 [caa892f0-76ff-4c1e-b30f-b7c59842badc@group-EA752D978E74:LeaderElection89] INFO  impl.LeaderElection (LogUtils.java:infoOrTrace(149)) - caa892f0-76ff-4c1e-b30f-b7c59842badc@group-EA752D978E74:LeaderElection89 got exception when requesting votes: {}
java.util.concurrent.ExecutionException: org.apache.ratis.thirdparty.io.grpc.StatusRuntimeException: UNAVAILABLE: io exception
	at java.util.concurrent.FutureTask.report(FutureTask.java:122)
	at java.util.concurrent.FutureTask.get(FutureTask.java:192)
	at org.apache.ratis.server.impl.LeaderElection.waitForResults(LeaderElection.java:263)
	at org.apache.ratis.server.impl.LeaderElection.askForVotes(LeaderElection.java:201)
	at org.apache.ratis.server.impl.LeaderElection.run(LeaderElection.java:133)
	at java.lang.Thread.run(Thread.java:748)
Caused by: org.apache.ratis.thirdparty.io.grpc.StatusRuntimeException: UNAVAILABLE: io exception
	at org.apache.ratis.thirdparty.io.grpc.stub.ClientCalls.toStatusRuntimeException(ClientCalls.java:233)
	at org.apache.ratis.thirdparty.io.grpc.stub.ClientCalls.getUnchecked(ClientCalls.java:214)
	at org.apache.ratis.thirdparty.io.grpc.stub.ClientCalls.blockingUnaryCall(ClientCalls.java:139)
	at org.apache.ratis.proto.grpc.RaftServerProtocolServiceGrpc$RaftServerProtocolServiceBlockingStub.requestVote(RaftServerProtocolServiceGrpc.java:265)
	at org.apache.ratis.grpc.server.GrpcServerProtocolClient.requestVote(GrpcServerProtocolClient.java:90)
	at org.apache.ratis.grpc.server.GrpcService.requestVote(GrpcService.java:204)
	at org.apache.ratis.server.impl.LeaderElection.lambda$submitRequests$1(LeaderElection.java:238)
	at java.util.concurrent.FutureTask.run(FutureTask.java:266)
	at java.util.concurrent.Executors$RunnableAdapter.call(Executors.java:511)
	at java.util.concurrent.FutureTask.run(FutureTask.java:266)
	at java.util.concurrent.ThreadPoolExecutor.runWorker(ThreadPoolExecutor.java:1149)
	at java.util.concurrent.ThreadPoolExecutor$Worker.run(ThreadPoolExecutor.java:624)
	... 1 more
Caused by: org.apache.ratis.thirdparty.io.netty.channel.AbstractChannel$AnnotatedConnectException: Connection refused: /192.168.5.159:45599
	at sun.nio.ch.SocketChannelImpl.checkConnect(Native Method)
	at sun.nio.ch.SocketChannelImpl.finishConnect(SocketChannelImpl.java:717)
	at org.apache.ratis.thirdparty.io.netty.channel.socket.nio.NioSocketChannel.doFinishConnect(NioSocketChannel.java:327)
	at org.apache.ratis.thirdparty.io.netty.channel.nio.AbstractNioChannel$AbstractNioUnsafe.finishConnect(AbstractNioChannel.java:340)
	at org.apache.ratis.thirdparty.io.netty.channel.nio.NioEventLoop.processSelectedKey(NioEventLoop.java:632)
	at org.apache.ratis.thirdparty.io.netty.channel.nio.NioEventLoop.processSelectedKeysOptimized(NioEventLoop.java:579)
	at org.apache.ratis.thirdparty.io.netty.channel.nio.NioEventLoop.processSelectedKeys(NioEventLoop.java:496)
	at org.apache.ratis.thirdparty.io.netty.channel.nio.NioEventLoop.run(NioEventLoop.java:458)
	at org.apache.ratis.thirdparty.io.netty.util.concurrent.SingleThreadEventExecutor$5.run(SingleThreadEventExecutor.java:897)
	at org.apache.ratis.thirdparty.io.netty.util.concurrent.FastThreadLocalRunnable.run(FastThreadLocalRunnable.java:30)
	... 1 more
Caused by: java.net.ConnectException: Connection refused
	... 11 more
2019-10-14 14:43:00,941 [caa892f0-76ff-4c1e-b30f-b7c59842badc@group-EA752D978E74:LeaderElection89] INFO  impl.LeaderElection (LeaderElection.java:logAndReturn(56)) - caa892f0-76ff-4c1e-b30f-b7c59842badc@group-EA752D978E74:LeaderElection89: Election REJECTED; received 0 response(s) [] and 2 exception(s); caa892f0-76ff-4c1e-b30f-b7c59842badc@group-EA752D978E74:t26, leader=null, voted=caa892f0-76ff-4c1e-b30f-b7c59842badc, raftlog=caa892f0-76ff-4c1e-b30f-b7c59842badc@group-EA752D978E74-SegmentedRaftLog:OPENED:c16,f16,i16, conf=0: [07a15819-e4fc-4072-82ac-b3e77a99d12a:192.168.5.159:45599, f9748ec4-5d8a-4dfc-8690-85b8cdac3f5d:192.168.5.159:44598, caa892f0-76ff-4c1e-b30f-b7c59842badc:192.168.5.159:39406], old=null
2019-10-14 14:43:00,941 [caa892f0-76ff-4c1e-b30f-b7c59842badc@group-EA752D978E74:LeaderElection89] INFO  impl.LeaderElection (LogUtils.java:infoOrTrace(149)) -   Exception 0: {}
java.util.concurrent.ExecutionException: org.apache.ratis.thirdparty.io.grpc.StatusRuntimeException: UNAVAILABLE: io exception
	at java.util.concurrent.FutureTask.report(FutureTask.java:122)
	at java.util.concurrent.FutureTask.get(FutureTask.java:192)
	at org.apache.ratis.server.impl.LeaderElection.waitForResults(LeaderElection.java:263)
	at org.apache.ratis.server.impl.LeaderElection.askForVotes(LeaderElection.java:201)
	at org.apache.ratis.server.impl.LeaderElection.run(LeaderElection.java:133)
	at java.lang.Thread.run(Thread.java:748)
Caused by: org.apache.ratis.thirdparty.io.grpc.StatusRuntimeException: UNAVAILABLE: io exception
	at org.apache.ratis.thirdparty.io.grpc.stub.ClientCalls.toStatusRuntimeException(ClientCalls.java:233)
	at org.apache.ratis.thirdparty.io.grpc.stub.ClientCalls.getUnchecked(ClientCalls.java:214)
	at org.apache.ratis.thirdparty.io.grpc.stub.ClientCalls.blockingUnaryCall(ClientCalls.java:139)
	at org.apache.ratis.proto.grpc.RaftServerProtocolServiceGrpc$RaftServerProtocolServiceBlockingStub.requestVote(RaftServerProtocolServiceGrpc.java:265)
	at org.apache.ratis.grpc.server.GrpcServerProtocolClient.requestVote(GrpcServerProtocolClient.java:90)
	at org.apache.ratis.grpc.server.GrpcService.requestVote(GrpcService.java:204)
	at org.apache.ratis.server.impl.LeaderElection.lambda$submitRequests$1(LeaderElection.java:238)
	at java.util.concurrent.FutureTask.run(FutureTask.java:266)
	at java.util.concurrent.Executors$RunnableAdapter.call(Executors.java:511)
	at java.util.concurrent.FutureTask.run(FutureTask.java:266)
	at java.util.concurrent.ThreadPoolExecutor.runWorker(ThreadPoolExecutor.java:1149)
	at java.util.concurrent.ThreadPoolExecutor$Worker.run(ThreadPoolExecutor.java:624)
	... 1 more
Caused by: org.apache.ratis.thirdparty.io.netty.channel.AbstractChannel$AnnotatedConnectException: Connection refused: /192.168.5.159:44598
	at sun.nio.ch.SocketChannelImpl.checkConnect(Native Method)
	at sun.nio.ch.SocketChannelImpl.finishConnect(SocketChannelImpl.java:717)
	at org.apache.ratis.thirdparty.io.netty.channel.socket.nio.NioSocketChannel.doFinishConnect(NioSocketChannel.java:327)
	at org.apache.ratis.thirdparty.io.netty.channel.nio.AbstractNioChannel$AbstractNioUnsafe.finishConnect(AbstractNioChannel.java:340)
	at org.apache.ratis.thirdparty.io.netty.channel.nio.NioEventLoop.processSelectedKey(NioEventLoop.java:632)
	at org.apache.ratis.thirdparty.io.netty.channel.nio.NioEventLoop.processSelectedKeysOptimized(NioEventLoop.java:579)
	at org.apache.ratis.thirdparty.io.netty.channel.nio.NioEventLoop.processSelectedKeys(NioEventLoop.java:496)
	at org.apache.ratis.thirdparty.io.netty.channel.nio.NioEventLoop.run(NioEventLoop.java:458)
	at org.apache.ratis.thirdparty.io.netty.util.concurrent.SingleThreadEventExecutor$5.run(SingleThreadEventExecutor.java:897)
	at org.apache.ratis.thirdparty.io.netty.util.concurrent.FastThreadLocalRunnable.run(FastThreadLocalRunnable.java:30)
	... 1 more
Caused by: java.net.ConnectException: Connection refused
	... 11 more
2019-10-14 14:43:00,942 [caa892f0-76ff-4c1e-b30f-b7c59842badc@group-EA752D978E74:LeaderElection89] INFO  impl.LeaderElection (LogUtils.java:infoOrTrace(149)) -   Exception 1: {}
java.util.concurrent.ExecutionException: org.apache.ratis.thirdparty.io.grpc.StatusRuntimeException: UNAVAILABLE: io exception
	at java.util.concurrent.FutureTask.report(FutureTask.java:122)
	at java.util.concurrent.FutureTask.get(FutureTask.java:192)
	at org.apache.ratis.server.impl.LeaderElection.waitForResults(LeaderElection.java:263)
	at org.apache.ratis.server.impl.LeaderElection.askForVotes(LeaderElection.java:201)
	at org.apache.ratis.server.impl.LeaderElection.run(LeaderElection.java:133)
	at java.lang.Thread.run(Thread.java:748)
Caused by: org.apache.ratis.thirdparty.io.grpc.StatusRuntimeException: UNAVAILABLE: io exception
	at org.apache.ratis.thirdparty.io.grpc.stub.ClientCalls.toStatusRuntimeException(ClientCalls.java:233)
	at org.apache.ratis.thirdparty.io.grpc.stub.ClientCalls.getUnchecked(ClientCalls.java:214)
	at org.apache.ratis.thirdparty.io.grpc.stub.ClientCalls.blockingUnaryCall(ClientCalls.java:139)
	at org.apache.ratis.proto.grpc.RaftServerProtocolServiceGrpc$RaftServerProtocolServiceBlockingStub.requestVote(RaftServerProtocolServiceGrpc.java:265)
	at org.apache.ratis.grpc.server.GrpcServerProtocolClient.requestVote(GrpcServerProtocolClient.java:90)
	at org.apache.ratis.grpc.server.GrpcService.requestVote(GrpcService.java:204)
	at org.apache.ratis.server.impl.LeaderElection.lambda$submitRequests$1(LeaderElection.java:238)
	at java.util.concurrent.FutureTask.run(FutureTask.java:266)
	at java.util.concurrent.Executors$RunnableAdapter.call(Executors.java:511)
	at java.util.concurrent.FutureTask.run(FutureTask.java:266)
	at java.util.concurrent.ThreadPoolExecutor.runWorker(ThreadPoolExecutor.java:1149)
	at java.util.concurrent.ThreadPoolExecutor$Worker.run(ThreadPoolExecutor.java:624)
	... 1 more
Caused by: org.apache.ratis.thirdparty.io.netty.channel.AbstractChannel$AnnotatedConnectException: Connection refused: /192.168.5.159:45599
	at sun.nio.ch.SocketChannelImpl.checkConnect(Native Method)
	at sun.nio.ch.SocketChannelImpl.finishConnect(SocketChannelImpl.java:717)
	at org.apache.ratis.thirdparty.io.netty.channel.socket.nio.NioSocketChannel.doFinishConnect(NioSocketChannel.java:327)
	at org.apache.ratis.thirdparty.io.netty.channel.nio.AbstractNioChannel$AbstractNioUnsafe.finishConnect(AbstractNioChannel.java:340)
	at org.apache.ratis.thirdparty.io.netty.channel.nio.NioEventLoop.processSelectedKey(NioEventLoop.java:632)
	at org.apache.ratis.thirdparty.io.netty.channel.nio.NioEventLoop.processSelectedKeysOptimized(NioEventLoop.java:579)
	at org.apache.ratis.thirdparty.io.netty.channel.nio.NioEventLoop.processSelectedKeys(NioEventLoop.java:496)
	at org.apache.ratis.thirdparty.io.netty.channel.nio.NioEventLoop.run(NioEventLoop.java:458)
	at org.apache.ratis.thirdparty.io.netty.util.concurrent.SingleThreadEventExecutor$5.run(SingleThreadEventExecutor.java:897)
	at org.apache.ratis.thirdparty.io.netty.util.concurrent.FastThreadLocalRunnable.run(FastThreadLocalRunnable.java:30)
	... 1 more
Caused by: java.net.ConnectException: Connection refused
	... 11 more
2019-10-14 14:43:00,942 [caa892f0-76ff-4c1e-b30f-b7c59842badc@group-EA752D978E74:LeaderElection89] INFO  impl.RaftServerImpl (RaftServerImpl.java:setRole(174)) - caa892f0-76ff-4c1e-b30f-b7c59842badc@group-EA752D978E74: changes role from CANDIDATE to FOLLOWER at term 26 for DISCOVERED_A_NEW_TERM
2019-10-14 14:43:00,943 [caa892f0-76ff-4c1e-b30f-b7c59842badc@group-EA752D978E74:LeaderElection89] INFO  impl.RoleInfo (RoleInfo.java:shutdownLeaderElection(134)) - caa892f0-76ff-4c1e-b30f-b7c59842badc: shutdown LeaderElection
2019-10-14 14:43:00,943 [caa892f0-76ff-4c1e-b30f-b7c59842badc@group-EA752D978E74:LeaderElection89] INFO  impl.RoleInfo (RoleInfo.java:updateAndGet(143)) - caa892f0-76ff-4c1e-b30f-b7c59842badc: start FollowerState
2019-10-14 14:43:01,108 [grpc-default-executor-7] WARN  server.GrpcLogAppender (LogUtils.java:warn(134)) - caa892f0-76ff-4c1e-b30f-b7c59842badc@group-026CFA11C8A1->f9748ec4-5d8a-4dfc-8690-85b8cdac3f5d-AppendLogResponseHandler: Failed appendEntries: org.apache.ratis.thirdparty.io.grpc.StatusRuntimeException: UNAVAILABLE: io exception
2019-10-14 14:43:01,108 [grpc-default-executor-2] WARN  server.GrpcLogAppender (LogUtils.java:warn(134)) - caa892f0-76ff-4c1e-b30f-b7c59842badc@group-382452901537->07a15819-e4fc-4072-82ac-b3e77a99d12a-AppendLogResponseHandler: Failed appendEntries: org.apache.ratis.thirdparty.io.grpc.StatusRuntimeException: UNAVAILABLE: io exception
2019-10-14 14:43:01,109 [grpc-default-executor-7] INFO  impl.FollowerInfo (FollowerInfo.java:lambda$new$0(51)) - caa892f0-76ff-4c1e-b30f-b7c59842badc@group-026CFA11C8A1->f9748ec4-5d8a-4dfc-8690-85b8cdac3f5d: nextIndex: updateUnconditionally 0 -> 0
2019-10-14 14:43:01,108 [grpc-default-executor-5] WARN  server.GrpcLogAppender (LogUtils.java:warn(134)) - caa892f0-76ff-4c1e-b30f-b7c59842badc@group-382452901537->f9748ec4-5d8a-4dfc-8690-85b8cdac3f5d-AppendLogResponseHandler: Failed appendEntries: org.apache.ratis.thirdparty.io.grpc.StatusRuntimeException: UNAVAILABLE: io exception
2019-10-14 14:43:01,108 [grpc-default-executor-1] WARN  server.GrpcLogAppender (LogUtils.java:warn(134)) - caa892f0-76ff-4c1e-b30f-b7c59842badc@group-026CFA11C8A1->07a15819-e4fc-4072-82ac-b3e77a99d12a-AppendLogResponseHandler: Failed appendEntries: org.apache.ratis.thirdparty.io.grpc.StatusRuntimeException: UNAVAILABLE: io exception
2019-10-14 14:43:01,109 [grpc-default-executor-5] INFO  impl.FollowerInfo (FollowerInfo.java:lambda$new$0(51)) - caa892f0-76ff-4c1e-b30f-b7c59842badc@group-382452901537->f9748ec4-5d8a-4dfc-8690-85b8cdac3f5d: nextIndex: updateUnconditionally 0 -> 0
2019-10-14 14:43:01,109 [grpc-default-executor-2] INFO  impl.FollowerInfo (FollowerInfo.java:lambda$new$0(51)) - caa892f0-76ff-4c1e-b30f-b7c59842badc@group-382452901537->07a15819-e4fc-4072-82ac-b3e77a99d12a: nextIndex: updateUnconditionally 0 -> 0
2019-10-14 14:43:01,110 [grpc-default-executor-1] INFO  impl.FollowerInfo (FollowerInfo.java:lambda$new$0(51)) - caa892f0-76ff-4c1e-b30f-b7c59842badc@group-026CFA11C8A1->07a15819-e4fc-4072-82ac-b3e77a99d12a: nextIndex: updateUnconditionally 0 -> 0
2019-10-14 14:43:01,611 [grpc-default-executor-3] WARN  server.GrpcLogAppender (LogUtils.java:warn(134)) - caa892f0-76ff-4c1e-b30f-b7c59842badc@group-382452901537->07a15819-e4fc-4072-82ac-b3e77a99d12a-AppendLogResponseHandler: Failed appendEntries: org.apache.ratis.thirdparty.io.grpc.StatusRuntimeException: UNAVAILABLE: io exception
2019-10-14 14:43:01,611 [grpc-default-executor-5] WARN  server.GrpcLogAppender (LogUtils.java:warn(134)) - caa892f0-76ff-4c1e-b30f-b7c59842badc@group-026CFA11C8A1->07a15819-e4fc-4072-82ac-b3e77a99d12a-AppendLogResponseHandler: Failed appendEntries: org.apache.ratis.thirdparty.io.grpc.StatusRuntimeException: UNAVAILABLE: io exception
2019-10-14 14:43:01,611 [grpc-default-executor-8] WARN  server.GrpcLogAppender (LogUtils.java:warn(134)) - caa892f0-76ff-4c1e-b30f-b7c59842badc@group-026CFA11C8A1->f9748ec4-5d8a-4dfc-8690-85b8cdac3f5d-AppendLogResponseHandler: Failed appendEntries: org.apache.ratis.thirdparty.io.grpc.StatusRuntimeException: UNAVAILABLE: io exception
2019-10-14 14:43:01,611 [grpc-default-executor-2] WARN  server.GrpcLogAppender (LogUtils.java:warn(134)) - caa892f0-76ff-4c1e-b30f-b7c59842badc@group-382452901537->f9748ec4-5d8a-4dfc-8690-85b8cdac3f5d-AppendLogResponseHandler: Failed appendEntries: org.apache.ratis.thirdparty.io.grpc.StatusRuntimeException: UNAVAILABLE: io exception
2019-10-14 14:43:01,611 [grpc-default-executor-8] INFO  impl.FollowerInfo (FollowerInfo.java:lambda$new$0(51)) - caa892f0-76ff-4c1e-b30f-b7c59842badc@group-026CFA11C8A1->f9748ec4-5d8a-4dfc-8690-85b8cdac3f5d: nextIndex: updateUnconditionally 0 -> 0
2019-10-14 14:43:01,611 [grpc-default-executor-5] INFO  impl.FollowerInfo (FollowerInfo.java:lambda$new$0(51)) - caa892f0-76ff-4c1e-b30f-b7c59842badc@group-026CFA11C8A1->07a15819-e4fc-4072-82ac-b3e77a99d12a: nextIndex: updateUnconditionally 0 -> 0
2019-10-14 14:43:01,611 [grpc-default-executor-3] INFO  impl.FollowerInfo (FollowerInfo.java:lambda$new$0(51)) - caa892f0-76ff-4c1e-b30f-b7c59842badc@group-382452901537->07a15819-e4fc-4072-82ac-b3e77a99d12a: nextIndex: updateUnconditionally 0 -> 0
2019-10-14 14:43:01,612 [grpc-default-executor-2] INFO  impl.FollowerInfo (FollowerInfo.java:lambda$new$0(51)) - caa892f0-76ff-4c1e-b30f-b7c59842badc@group-382452901537->f9748ec4-5d8a-4dfc-8690-85b8cdac3f5d: nextIndex: updateUnconditionally 0 -> 0
2019-10-14 14:43:01,618 [Thread-1572] INFO  impl.FollowerState (FollowerState.java:run(106)) - caa892f0-76ff-4c1e-b30f-b7c59842badc:group-E0B7C1D5C8D3 changes to CANDIDATE, lastRpcTime:1132, electionTimeout:1132ms
2019-10-14 14:43:01,618 [Thread-1572] INFO  impl.RoleInfo (RoleInfo.java:shutdownFollowerState(121)) - caa892f0-76ff-4c1e-b30f-b7c59842badc: shutdown FollowerState
2019-10-14 14:43:01,619 [Thread-1572] INFO  impl.RaftServerImpl (RaftServerImpl.java:setRole(174)) - caa892f0-76ff-4c1e-b30f-b7c59842badc@group-E0B7C1D5C8D3: changes role from  FOLLOWER to CANDIDATE at term 27 for changeToCandidate
2019-10-14 14:43:01,619 [Thread-1572] INFO  impl.RoleInfo (RoleInfo.java:updateAndGet(143)) - caa892f0-76ff-4c1e-b30f-b7c59842badc: start LeaderElection
2019-10-14 14:43:01,636 [caa892f0-76ff-4c1e-b30f-b7c59842badc@group-E0B7C1D5C8D3:LeaderElection90] INFO  impl.LeaderElection (LeaderElection.java:askForVotes(182)) - caa892f0-76ff-4c1e-b30f-b7c59842badc@group-E0B7C1D5C8D3:LeaderElection90: begin an election at term 28 for 0: [07a15819-e4fc-4072-82ac-b3e77a99d12a:192.168.5.159:45599, f9748ec4-5d8a-4dfc-8690-85b8cdac3f5d:192.168.5.159:44598, caa892f0-76ff-4c1e-b30f-b7c59842badc:192.168.5.159:39406], old=null
2019-10-14 14:43:01,638 [caa892f0-76ff-4c1e-b30f-b7c59842badc@group-E0B7C1D5C8D3:LeaderElection90] INFO  impl.LeaderElection (LogUtils.java:infoOrTrace(149)) - caa892f0-76ff-4c1e-b30f-b7c59842badc@group-E0B7C1D5C8D3:LeaderElection90 got exception when requesting votes: {}
java.util.concurrent.ExecutionException: org.apache.ratis.thirdparty.io.grpc.StatusRuntimeException: UNAVAILABLE: io exception
	at java.util.concurrent.FutureTask.report(FutureTask.java:122)
	at java.util.concurrent.FutureTask.get(FutureTask.java:192)
	at org.apache.ratis.server.impl.LeaderElection.waitForResults(LeaderElection.java:263)
	at org.apache.ratis.server.impl.LeaderElection.askForVotes(LeaderElection.java:201)
	at org.apache.ratis.server.impl.LeaderElection.run(LeaderElection.java:133)
	at java.lang.Thread.run(Thread.java:748)
Caused by: org.apache.ratis.thirdparty.io.grpc.StatusRuntimeException: UNAVAILABLE: io exception
	at org.apache.ratis.thirdparty.io.grpc.stub.ClientCalls.toStatusRuntimeException(ClientCalls.java:233)
	at org.apache.ratis.thirdparty.io.grpc.stub.ClientCalls.getUnchecked(ClientCalls.java:214)
	at org.apache.ratis.thirdparty.io.grpc.stub.ClientCalls.blockingUnaryCall(ClientCalls.java:139)
	at org.apache.ratis.proto.grpc.RaftServerProtocolServiceGrpc$RaftServerProtocolServiceBlockingStub.requestVote(RaftServerProtocolServiceGrpc.java:265)
	at org.apache.ratis.grpc.server.GrpcServerProtocolClient.requestVote(GrpcServerProtocolClient.java:90)
	at org.apache.ratis.grpc.server.GrpcService.requestVote(GrpcService.java:204)
	at org.apache.ratis.server.impl.LeaderElection.lambda$submitRequests$1(LeaderElection.java:238)
	at java.util.concurrent.FutureTask.run(FutureTask.java:266)
	at java.util.concurrent.Executors$RunnableAdapter.call(Executors.java:511)
	at java.util.concurrent.FutureTask.run(FutureTask.java:266)
	at java.util.concurrent.ThreadPoolExecutor.runWorker(ThreadPoolExecutor.java:1149)
	at java.util.concurrent.ThreadPoolExecutor$Worker.run(ThreadPoolExecutor.java:624)
	... 1 more
Caused by: org.apache.ratis.thirdparty.io.netty.channel.AbstractChannel$AnnotatedConnectException: Connection refused: /192.168.5.159:45599
	at sun.nio.ch.SocketChannelImpl.checkConnect(Native Method)
	at sun.nio.ch.SocketChannelImpl.finishConnect(SocketChannelImpl.java:717)
	at org.apache.ratis.thirdparty.io.netty.channel.socket.nio.NioSocketChannel.doFinishConnect(NioSocketChannel.java:327)
	at org.apache.ratis.thirdparty.io.netty.channel.nio.AbstractNioChannel$AbstractNioUnsafe.finishConnect(AbstractNioChannel.java:340)
	at org.apache.ratis.thirdparty.io.netty.channel.nio.NioEventLoop.processSelectedKey(NioEventLoop.java:632)
	at org.apache.ratis.thirdparty.io.netty.channel.nio.NioEventLoop.processSelectedKeysOptimized(NioEventLoop.java:579)
	at org.apache.ratis.thirdparty.io.netty.channel.nio.NioEventLoop.processSelectedKeys(NioEventLoop.java:496)
	at org.apache.ratis.thirdparty.io.netty.channel.nio.NioEventLoop.run(NioEventLoop.java:458)
	at org.apache.ratis.thirdparty.io.netty.util.concurrent.SingleThreadEventExecutor$5.run(SingleThreadEventExecutor.java:897)
	at org.apache.ratis.thirdparty.io.netty.util.concurrent.FastThreadLocalRunnable.run(FastThreadLocalRunnable.java:30)
	... 1 more
Caused by: java.net.ConnectException: Connection refused
	... 11 more
2019-10-14 14:43:01,639 [caa892f0-76ff-4c1e-b30f-b7c59842badc@group-E0B7C1D5C8D3:LeaderElection90] INFO  impl.LeaderElection (LogUtils.java:infoOrTrace(149)) - caa892f0-76ff-4c1e-b30f-b7c59842badc@group-E0B7C1D5C8D3:LeaderElection90 got exception when requesting votes: {}
java.util.concurrent.ExecutionException: org.apache.ratis.thirdparty.io.grpc.StatusRuntimeException: UNAVAILABLE: io exception
	at java.util.concurrent.FutureTask.report(FutureTask.java:122)
	at java.util.concurrent.FutureTask.get(FutureTask.java:192)
	at org.apache.ratis.server.impl.LeaderElection.waitForResults(LeaderElection.java:263)
	at org.apache.ratis.server.impl.LeaderElection.askForVotes(LeaderElection.java:201)
	at org.apache.ratis.server.impl.LeaderElection.run(LeaderElection.java:133)
	at java.lang.Thread.run(Thread.java:748)
Caused by: org.apache.ratis.thirdparty.io.grpc.StatusRuntimeException: UNAVAILABLE: io exception
	at org.apache.ratis.thirdparty.io.grpc.stub.ClientCalls.toStatusRuntimeException(ClientCalls.java:233)
	at org.apache.ratis.thirdparty.io.grpc.stub.ClientCalls.getUnchecked(ClientCalls.java:214)
	at org.apache.ratis.thirdparty.io.grpc.stub.ClientCalls.blockingUnaryCall(ClientCalls.java:139)
	at org.apache.ratis.proto.grpc.RaftServerProtocolServiceGrpc$RaftServerProtocolServiceBlockingStub.requestVote(RaftServerProtocolServiceGrpc.java:265)
	at org.apache.ratis.grpc.server.GrpcServerProtocolClient.requestVote(GrpcServerProtocolClient.java:90)
	at org.apache.ratis.grpc.server.GrpcService.requestVote(GrpcService.java:204)
	at org.apache.ratis.server.impl.LeaderElection.lambda$submitRequests$1(LeaderElection.java:238)
	at java.util.concurrent.FutureTask.run(FutureTask.java:266)
	at java.util.concurrent.Executors$RunnableAdapter.call(Executors.java:511)
	at java.util.concurrent.FutureTask.run(FutureTask.java:266)
	at java.util.concurrent.ThreadPoolExecutor.runWorker(ThreadPoolExecutor.java:1149)
	at java.util.concurrent.ThreadPoolExecutor$Worker.run(ThreadPoolExecutor.java:624)
	... 1 more
Caused by: org.apache.ratis.thirdparty.io.netty.channel.AbstractChannel$AnnotatedConnectException: Connection refused: /192.168.5.159:44598
	at sun.nio.ch.SocketChannelImpl.checkConnect(Native Method)
	at sun.nio.ch.SocketChannelImpl.finishConnect(SocketChannelImpl.java:717)
	at org.apache.ratis.thirdparty.io.netty.channel.socket.nio.NioSocketChannel.doFinishConnect(NioSocketChannel.java:327)
	at org.apache.ratis.thirdparty.io.netty.channel.nio.AbstractNioChannel$AbstractNioUnsafe.finishConnect(AbstractNioChannel.java:340)
	at org.apache.ratis.thirdparty.io.netty.channel.nio.NioEventLoop.processSelectedKey(NioEventLoop.java:632)
	at org.apache.ratis.thirdparty.io.netty.channel.nio.NioEventLoop.processSelectedKeysOptimized(NioEventLoop.java:579)
	at org.apache.ratis.thirdparty.io.netty.channel.nio.NioEventLoop.processSelectedKeys(NioEventLoop.java:496)
	at org.apache.ratis.thirdparty.io.netty.channel.nio.NioEventLoop.run(NioEventLoop.java:458)
	at org.apache.ratis.thirdparty.io.netty.util.concurrent.SingleThreadEventExecutor$5.run(SingleThreadEventExecutor.java:897)
	at org.apache.ratis.thirdparty.io.netty.util.concurrent.FastThreadLocalRunnable.run(FastThreadLocalRunnable.java:30)
	... 1 more
Caused by: java.net.ConnectException: Connection refused
	... 11 more
2019-10-14 14:43:01,640 [caa892f0-76ff-4c1e-b30f-b7c59842badc@group-E0B7C1D5C8D3:LeaderElection90] INFO  impl.LeaderElection (LeaderElection.java:logAndReturn(56)) - caa892f0-76ff-4c1e-b30f-b7c59842badc@group-E0B7C1D5C8D3:LeaderElection90: Election REJECTED; received 0 response(s) [] and 2 exception(s); caa892f0-76ff-4c1e-b30f-b7c59842badc@group-E0B7C1D5C8D3:t28, leader=null, voted=caa892f0-76ff-4c1e-b30f-b7c59842badc, raftlog=caa892f0-76ff-4c1e-b30f-b7c59842badc@group-E0B7C1D5C8D3-SegmentedRaftLog:OPENED:c0,f0,i0, conf=0: [07a15819-e4fc-4072-82ac-b3e77a99d12a:192.168.5.159:45599, f9748ec4-5d8a-4dfc-8690-85b8cdac3f5d:192.168.5.159:44598, caa892f0-76ff-4c1e-b30f-b7c59842badc:192.168.5.159:39406], old=null
2019-10-14 14:43:01,640 [caa892f0-76ff-4c1e-b30f-b7c59842badc@group-E0B7C1D5C8D3:LeaderElection90] INFO  impl.LeaderElection (LogUtils.java:infoOrTrace(149)) -   Exception 0: {}
java.util.concurrent.ExecutionException: org.apache.ratis.thirdparty.io.grpc.StatusRuntimeException: UNAVAILABLE: io exception
	at java.util.concurrent.FutureTask.report(FutureTask.java:122)
	at java.util.concurrent.FutureTask.get(FutureTask.java:192)
	at org.apache.ratis.server.impl.LeaderElection.waitForResults(LeaderElection.java:263)
	at org.apache.ratis.server.impl.LeaderElection.askForVotes(LeaderElection.java:201)
	at org.apache.ratis.server.impl.LeaderElection.run(LeaderElection.java:133)
	at java.lang.Thread.run(Thread.java:748)
Caused by: org.apache.ratis.thirdparty.io.grpc.StatusRuntimeException: UNAVAILABLE: io exception
	at org.apache.ratis.thirdparty.io.grpc.stub.ClientCalls.toStatusRuntimeException(ClientCalls.java:233)
	at org.apache.ratis.thirdparty.io.grpc.stub.ClientCalls.getUnchecked(ClientCalls.java:214)
	at org.apache.ratis.thirdparty.io.grpc.stub.ClientCalls.blockingUnaryCall(ClientCalls.java:139)
	at org.apache.ratis.proto.grpc.RaftServerProtocolServiceGrpc$RaftServerProtocolServiceBlockingStub.requestVote(RaftServerProtocolServiceGrpc.java:265)
	at org.apache.ratis.grpc.server.GrpcServerProtocolClient.requestVote(GrpcServerProtocolClient.java:90)
	at org.apache.ratis.grpc.server.GrpcService.requestVote(GrpcService.java:204)
	at org.apache.ratis.server.impl.LeaderElection.lambda$submitRequests$1(LeaderElection.java:238)
	at java.util.concurrent.FutureTask.run(FutureTask.java:266)
	at java.util.concurrent.Executors$RunnableAdapter.call(Executors.java:511)
	at java.util.concurrent.FutureTask.run(FutureTask.java:266)
	at java.util.concurrent.ThreadPoolExecutor.runWorker(ThreadPoolExecutor.java:1149)
	at java.util.concurrent.ThreadPoolExecutor$Worker.run(ThreadPoolExecutor.java:624)
	... 1 more
Caused by: org.apache.ratis.thirdparty.io.netty.channel.AbstractChannel$AnnotatedConnectException: Connection refused: /192.168.5.159:45599
	at sun.nio.ch.SocketChannelImpl.checkConnect(Native Method)
	at sun.nio.ch.SocketChannelImpl.finishConnect(SocketChannelImpl.java:717)
	at org.apache.ratis.thirdparty.io.netty.channel.socket.nio.NioSocketChannel.doFinishConnect(NioSocketChannel.java:327)
	at org.apache.ratis.thirdparty.io.netty.channel.nio.AbstractNioChannel$AbstractNioUnsafe.finishConnect(AbstractNioChannel.java:340)
	at org.apache.ratis.thirdparty.io.netty.channel.nio.NioEventLoop.processSelectedKey(NioEventLoop.java:632)
	at org.apache.ratis.thirdparty.io.netty.channel.nio.NioEventLoop.processSelectedKeysOptimized(NioEventLoop.java:579)
	at org.apache.ratis.thirdparty.io.netty.channel.nio.NioEventLoop.processSelectedKeys(NioEventLoop.java:496)
	at org.apache.ratis.thirdparty.io.netty.channel.nio.NioEventLoop.run(NioEventLoop.java:458)
	at org.apache.ratis.thirdparty.io.netty.util.concurrent.SingleThreadEventExecutor$5.run(SingleThreadEventExecutor.java:897)
	at org.apache.ratis.thirdparty.io.netty.util.concurrent.FastThreadLocalRunnable.run(FastThreadLocalRunnable.java:30)
	... 1 more
Caused by: java.net.ConnectException: Connection refused
	... 11 more
2019-10-14 14:43:01,640 [caa892f0-76ff-4c1e-b30f-b7c59842badc@group-E0B7C1D5C8D3:LeaderElection90] INFO  impl.LeaderElection (LogUtils.java:infoOrTrace(149)) -   Exception 1: {}
java.util.concurrent.ExecutionException: org.apache.ratis.thirdparty.io.grpc.StatusRuntimeException: UNAVAILABLE: io exception
	at java.util.concurrent.FutureTask.report(FutureTask.java:122)
	at java.util.concurrent.FutureTask.get(FutureTask.java:192)
	at org.apache.ratis.server.impl.LeaderElection.waitForResults(LeaderElection.java:263)
	at org.apache.ratis.server.impl.LeaderElection.askForVotes(LeaderElection.java:201)
	at org.apache.ratis.server.impl.LeaderElection.run(LeaderElection.java:133)
	at java.lang.Thread.run(Thread.java:748)
Caused by: org.apache.ratis.thirdparty.io.grpc.StatusRuntimeException: UNAVAILABLE: io exception
	at org.apache.ratis.thirdparty.io.grpc.stub.ClientCalls.toStatusRuntimeException(ClientCalls.java:233)
	at org.apache.ratis.thirdparty.io.grpc.stub.ClientCalls.getUnchecked(ClientCalls.java:214)
	at org.apache.ratis.thirdparty.io.grpc.stub.ClientCalls.blockingUnaryCall(ClientCalls.java:139)
	at org.apache.ratis.proto.grpc.RaftServerProtocolServiceGrpc$RaftServerProtocolServiceBlockingStub.requestVote(RaftServerProtocolServiceGrpc.java:265)
	at org.apache.ratis.grpc.server.GrpcServerProtocolClient.requestVote(GrpcServerProtocolClient.java:90)
	at org.apache.ratis.grpc.server.GrpcService.requestVote(GrpcService.java:204)
	at org.apache.ratis.server.impl.LeaderElection.lambda$submitRequests$1(LeaderElection.java:238)
	at java.util.concurrent.FutureTask.run(FutureTask.java:266)
	at java.util.concurrent.Executors$RunnableAdapter.call(Executors.java:511)
	at java.util.concurrent.FutureTask.run(FutureTask.java:266)
	at java.util.concurrent.ThreadPoolExecutor.runWorker(ThreadPoolExecutor.java:1149)
	at java.util.concurrent.ThreadPoolExecutor$Worker.run(ThreadPoolExecutor.java:624)
	... 1 more
Caused by: org.apache.ratis.thirdparty.io.netty.channel.AbstractChannel$AnnotatedConnectException: Connection refused: /192.168.5.159:44598
	at sun.nio.ch.SocketChannelImpl.checkConnect(Native Method)
	at sun.nio.ch.SocketChannelImpl.finishConnect(SocketChannelImpl.java:717)
	at org.apache.ratis.thirdparty.io.netty.channel.socket.nio.NioSocketChannel.doFinishConnect(NioSocketChannel.java:327)
	at org.apache.ratis.thirdparty.io.netty.channel.nio.AbstractNioChannel$AbstractNioUnsafe.finishConnect(AbstractNioChannel.java:340)
	at org.apache.ratis.thirdparty.io.netty.channel.nio.NioEventLoop.processSelectedKey(NioEventLoop.java:632)
	at org.apache.ratis.thirdparty.io.netty.channel.nio.NioEventLoop.processSelectedKeysOptimized(NioEventLoop.java:579)
	at org.apache.ratis.thirdparty.io.netty.channel.nio.NioEventLoop.processSelectedKeys(NioEventLoop.java:496)
	at org.apache.ratis.thirdparty.io.netty.channel.nio.NioEventLoop.run(NioEventLoop.java:458)
	at org.apache.ratis.thirdparty.io.netty.util.concurrent.SingleThreadEventExecutor$5.run(SingleThreadEventExecutor.java:897)
	at org.apache.ratis.thirdparty.io.netty.util.concurrent.FastThreadLocalRunnable.run(FastThreadLocalRunnable.java:30)
	... 1 more
Caused by: java.net.ConnectException: Connection refused
	... 11 more
2019-10-14 14:43:01,641 [caa892f0-76ff-4c1e-b30f-b7c59842badc@group-E0B7C1D5C8D3:LeaderElection90] INFO  impl.RaftServerImpl (RaftServerImpl.java:setRole(174)) - caa892f0-76ff-4c1e-b30f-b7c59842badc@group-E0B7C1D5C8D3: changes role from CANDIDATE to FOLLOWER at term 28 for DISCOVERED_A_NEW_TERM
2019-10-14 14:43:01,641 [caa892f0-76ff-4c1e-b30f-b7c59842badc@group-E0B7C1D5C8D3:LeaderElection90] INFO  impl.RoleInfo (RoleInfo.java:shutdownLeaderElection(134)) - caa892f0-76ff-4c1e-b30f-b7c59842badc: shutdown LeaderElection
2019-10-14 14:43:01,641 [caa892f0-76ff-4c1e-b30f-b7c59842badc@group-E0B7C1D5C8D3:LeaderElection90] INFO  impl.RoleInfo (RoleInfo.java:updateAndGet(143)) - caa892f0-76ff-4c1e-b30f-b7c59842badc: start FollowerState
2019-10-14 14:43:02,015 [Thread-1584] INFO  impl.FollowerState (FollowerState.java:run(106)) - caa892f0-76ff-4c1e-b30f-b7c59842badc:group-EA752D978E74 changes to CANDIDATE, lastRpcTime:1072, electionTimeout:1072ms
2019-10-14 14:43:02,016 [Thread-1584] INFO  impl.RoleInfo (RoleInfo.java:shutdownFollowerState(121)) - caa892f0-76ff-4c1e-b30f-b7c59842badc: shutdown FollowerState
2019-10-14 14:43:02,016 [Thread-1584] INFO  impl.RaftServerImpl (RaftServerImpl.java:setRole(174)) - caa892f0-76ff-4c1e-b30f-b7c59842badc@group-EA752D978E74: changes role from  FOLLOWER to CANDIDATE at term 26 for changeToCandidate
2019-10-14 14:43:02,016 [Thread-1584] INFO  impl.RoleInfo (RoleInfo.java:updateAndGet(143)) - caa892f0-76ff-4c1e-b30f-b7c59842badc: start LeaderElection
2019-10-14 14:43:02,031 [caa892f0-76ff-4c1e-b30f-b7c59842badc@group-EA752D978E74:LeaderElection91] INFO  impl.LeaderElection (LeaderElection.java:askForVotes(182)) - caa892f0-76ff-4c1e-b30f-b7c59842badc@group-EA752D978E74:LeaderElection91: begin an election at term 27 for 0: [07a15819-e4fc-4072-82ac-b3e77a99d12a:192.168.5.159:45599, f9748ec4-5d8a-4dfc-8690-85b8cdac3f5d:192.168.5.159:44598, caa892f0-76ff-4c1e-b30f-b7c59842badc:192.168.5.159:39406], old=null
2019-10-14 14:43:02,033 [caa892f0-76ff-4c1e-b30f-b7c59842badc@group-EA752D978E74:LeaderElection91] INFO  impl.LeaderElection (LogUtils.java:infoOrTrace(149)) - caa892f0-76ff-4c1e-b30f-b7c59842badc@group-EA752D978E74:LeaderElection91 got exception when requesting votes: {}
java.util.concurrent.ExecutionException: org.apache.ratis.thirdparty.io.grpc.StatusRuntimeException: UNAVAILABLE: io exception
	at java.util.concurrent.FutureTask.report(FutureTask.java:122)
	at java.util.concurrent.FutureTask.get(FutureTask.java:192)
	at org.apache.ratis.server.impl.LeaderElection.waitForResults(LeaderElection.java:263)
	at org.apache.ratis.server.impl.LeaderElection.askForVotes(LeaderElection.java:201)
	at org.apache.ratis.server.impl.LeaderElection.run(LeaderElection.java:133)
	at java.lang.Thread.run(Thread.java:748)
Caused by: org.apache.ratis.thirdparty.io.grpc.StatusRuntimeException: UNAVAILABLE: io exception
	at org.apache.ratis.thirdparty.io.grpc.stub.ClientCalls.toStatusRuntimeException(ClientCalls.java:233)
	at org.apache.ratis.thirdparty.io.grpc.stub.ClientCalls.getUnchecked(ClientCalls.java:214)
	at org.apache.ratis.thirdparty.io.grpc.stub.ClientCalls.blockingUnaryCall(ClientCalls.java:139)
	at org.apache.ratis.proto.grpc.RaftServerProtocolServiceGrpc$RaftServerProtocolServiceBlockingStub.requestVote(RaftServerProtocolServiceGrpc.java:265)
	at org.apache.ratis.grpc.server.GrpcServerProtocolClient.requestVote(GrpcServerProtocolClient.java:90)
	at org.apache.ratis.grpc.server.GrpcService.requestVote(GrpcService.java:204)
	at org.apache.ratis.server.impl.LeaderElection.lambda$submitRequests$1(LeaderElection.java:238)
	at java.util.concurrent.FutureTask.run(FutureTask.java:266)
	at java.util.concurrent.Executors$RunnableAdapter.call(Executors.java:511)
	at java.util.concurrent.FutureTask.run(FutureTask.java:266)
	at java.util.concurrent.ThreadPoolExecutor.runWorker(ThreadPoolExecutor.java:1149)
	at java.util.concurrent.ThreadPoolExecutor$Worker.run(ThreadPoolExecutor.java:624)
	... 1 more
Caused by: org.apache.ratis.thirdparty.io.netty.channel.AbstractChannel$AnnotatedConnectException: Connection refused: /192.168.5.159:45599
	at sun.nio.ch.SocketChannelImpl.checkConnect(Native Method)
	at sun.nio.ch.SocketChannelImpl.finishConnect(SocketChannelImpl.java:717)
	at org.apache.ratis.thirdparty.io.netty.channel.socket.nio.NioSocketChannel.doFinishConnect(NioSocketChannel.java:327)
	at org.apache.ratis.thirdparty.io.netty.channel.nio.AbstractNioChannel$AbstractNioUnsafe.finishConnect(AbstractNioChannel.java:340)
	at org.apache.ratis.thirdparty.io.netty.channel.nio.NioEventLoop.processSelectedKey(NioEventLoop.java:632)
	at org.apache.ratis.thirdparty.io.netty.channel.nio.NioEventLoop.processSelectedKeysOptimized(NioEventLoop.java:579)
	at org.apache.ratis.thirdparty.io.netty.channel.nio.NioEventLoop.processSelectedKeys(NioEventLoop.java:496)
	at org.apache.ratis.thirdparty.io.netty.channel.nio.NioEventLoop.run(NioEventLoop.java:458)
	at org.apache.ratis.thirdparty.io.netty.util.concurrent.SingleThreadEventExecutor$5.run(SingleThreadEventExecutor.java:897)
	at org.apache.ratis.thirdparty.io.netty.util.concurrent.FastThreadLocalRunnable.run(FastThreadLocalRunnable.java:30)
	... 1 more
Caused by: java.net.ConnectException: Connection refused
	... 11 more
2019-10-14 14:43:02,034 [caa892f0-76ff-4c1e-b30f-b7c59842badc@group-EA752D978E74:LeaderElection91] INFO  impl.LeaderElection (LogUtils.java:infoOrTrace(149)) - caa892f0-76ff-4c1e-b30f-b7c59842badc@group-EA752D978E74:LeaderElection91 got exception when requesting votes: {}
java.util.concurrent.ExecutionException: org.apache.ratis.thirdparty.io.grpc.StatusRuntimeException: UNAVAILABLE: io exception
	at java.util.concurrent.FutureTask.report(FutureTask.java:122)
	at java.util.concurrent.FutureTask.get(FutureTask.java:192)
	at org.apache.ratis.server.impl.LeaderElection.waitForResults(LeaderElection.java:263)
	at org.apache.ratis.server.impl.LeaderElection.askForVotes(LeaderElection.java:201)
	at org.apache.ratis.server.impl.LeaderElection.run(LeaderElection.java:133)
	at java.lang.Thread.run(Thread.java:748)
Caused by: org.apache.ratis.thirdparty.io.grpc.StatusRuntimeException: UNAVAILABLE: io exception
	at org.apache.ratis.thirdparty.io.grpc.stub.ClientCalls.toStatusRuntimeException(ClientCalls.java:233)
	at org.apache.ratis.thirdparty.io.grpc.stub.ClientCalls.getUnchecked(ClientCalls.java:214)
	at org.apache.ratis.thirdparty.io.grpc.stub.ClientCalls.blockingUnaryCall(ClientCalls.java:139)
	at org.apache.ratis.proto.grpc.RaftServerProtocolServiceGrpc$RaftServerProtocolServiceBlockingStub.requestVote(RaftServerProtocolServiceGrpc.java:265)
	at org.apache.ratis.grpc.server.GrpcServerProtocolClient.requestVote(GrpcServerProtocolClient.java:90)
	at org.apache.ratis.grpc.server.GrpcService.requestVote(GrpcService.java:204)
	at org.apache.ratis.server.impl.LeaderElection.lambda$submitRequests$1(LeaderElection.java:238)
	at java.util.concurrent.FutureTask.run(FutureTask.java:266)
	at java.util.concurrent.Executors$RunnableAdapter.call(Executors.java:511)
	at java.util.concurrent.FutureTask.run(FutureTask.java:266)
	at java.util.concurrent.ThreadPoolExecutor.runWorker(ThreadPoolExecutor.java:1149)
	at java.util.concurrent.ThreadPoolExecutor$Worker.run(ThreadPoolExecutor.java:624)
	... 1 more
Caused by: org.apache.ratis.thirdparty.io.netty.channel.AbstractChannel$AnnotatedConnectException: Connection refused: /192.168.5.159:44598
	at sun.nio.ch.SocketChannelImpl.checkConnect(Native Method)
	at sun.nio.ch.SocketChannelImpl.finishConnect(SocketChannelImpl.java:717)
	at org.apache.ratis.thirdparty.io.netty.channel.socket.nio.NioSocketChannel.doFinishConnect(NioSocketChannel.java:327)
	at org.apache.ratis.thirdparty.io.netty.channel.nio.AbstractNioChannel$AbstractNioUnsafe.finishConnect(AbstractNioChannel.java:340)
	at org.apache.ratis.thirdparty.io.netty.channel.nio.NioEventLoop.processSelectedKey(NioEventLoop.java:632)
	at org.apache.ratis.thirdparty.io.netty.channel.nio.NioEventLoop.processSelectedKeysOptimized(NioEventLoop.java:579)
	at org.apache.ratis.thirdparty.io.netty.channel.nio.NioEventLoop.processSelectedKeys(NioEventLoop.java:496)
	at org.apache.ratis.thirdparty.io.netty.channel.nio.NioEventLoop.run(NioEventLoop.java:458)
	at org.apache.ratis.thirdparty.io.netty.util.concurrent.SingleThreadEventExecutor$5.run(SingleThreadEventExecutor.java:897)
	at org.apache.ratis.thirdparty.io.netty.util.concurrent.FastThreadLocalRunnable.run(FastThreadLocalRunnable.java:30)
	... 1 more
Caused by: java.net.ConnectException: Connection refused
	... 11 more
2019-10-14 14:43:02,035 [caa892f0-76ff-4c1e-b30f-b7c59842badc@group-EA752D978E74:LeaderElection91] INFO  impl.LeaderElection (LeaderElection.java:logAndReturn(56)) - caa892f0-76ff-4c1e-b30f-b7c59842badc@group-EA752D978E74:LeaderElection91: Election REJECTED; received 0 response(s) [] and 2 exception(s); caa892f0-76ff-4c1e-b30f-b7c59842badc@group-EA752D978E74:t27, leader=null, voted=caa892f0-76ff-4c1e-b30f-b7c59842badc, raftlog=caa892f0-76ff-4c1e-b30f-b7c59842badc@group-EA752D978E74-SegmentedRaftLog:OPENED:c16,f16,i16, conf=0: [07a15819-e4fc-4072-82ac-b3e77a99d12a:192.168.5.159:45599, f9748ec4-5d8a-4dfc-8690-85b8cdac3f5d:192.168.5.159:44598, caa892f0-76ff-4c1e-b30f-b7c59842badc:192.168.5.159:39406], old=null
2019-10-14 14:43:02,035 [caa892f0-76ff-4c1e-b30f-b7c59842badc@group-EA752D978E74:LeaderElection91] INFO  impl.LeaderElection (LogUtils.java:infoOrTrace(149)) -   Exception 0: {}
java.util.concurrent.ExecutionException: org.apache.ratis.thirdparty.io.grpc.StatusRuntimeException: UNAVAILABLE: io exception
	at java.util.concurrent.FutureTask.report(FutureTask.java:122)
	at java.util.concurrent.FutureTask.get(FutureTask.java:192)
	at org.apache.ratis.server.impl.LeaderElection.waitForResults(LeaderElection.java:263)
	at org.apache.ratis.server.impl.LeaderElection.askForVotes(LeaderElection.java:201)
	at org.apache.ratis.server.impl.LeaderElection.run(LeaderElection.java:133)
	at java.lang.Thread.run(Thread.java:748)
Caused by: org.apache.ratis.thirdparty.io.grpc.StatusRuntimeException: UNAVAILABLE: io exception
	at org.apache.ratis.thirdparty.io.grpc.stub.ClientCalls.toStatusRuntimeException(ClientCalls.java:233)
	at org.apache.ratis.thirdparty.io.grpc.stub.ClientCalls.getUnchecked(ClientCalls.java:214)
	at org.apache.ratis.thirdparty.io.grpc.stub.ClientCalls.blockingUnaryCall(ClientCalls.java:139)
	at org.apache.ratis.proto.grpc.RaftServerProtocolServiceGrpc$RaftServerProtocolServiceBlockingStub.requestVote(RaftServerProtocolServiceGrpc.java:265)
	at org.apache.ratis.grpc.server.GrpcServerProtocolClient.requestVote(GrpcServerProtocolClient.java:90)
	at org.apache.ratis.grpc.server.GrpcService.requestVote(GrpcService.java:204)
	at org.apache.ratis.server.impl.LeaderElection.lambda$submitRequests$1(LeaderElection.java:238)
	at java.util.concurrent.FutureTask.run(FutureTask.java:266)
	at java.util.concurrent.Executors$RunnableAdapter.call(Executors.java:511)
	at java.util.concurrent.FutureTask.run(FutureTask.java:266)
	at java.util.concurrent.ThreadPoolExecutor.runWorker(ThreadPoolExecutor.java:1149)
	at java.util.concurrent.ThreadPoolExecutor$Worker.run(ThreadPoolExecutor.java:624)
	... 1 more
Caused by: org.apache.ratis.thirdparty.io.netty.channel.AbstractChannel$AnnotatedConnectException: Connection refused: /192.168.5.159:45599
	at sun.nio.ch.SocketChannelImpl.checkConnect(Native Method)
	at sun.nio.ch.SocketChannelImpl.finishConnect(SocketChannelImpl.java:717)
	at org.apache.ratis.thirdparty.io.netty.channel.socket.nio.NioSocketChannel.doFinishConnect(NioSocketChannel.java:327)
	at org.apache.ratis.thirdparty.io.netty.channel.nio.AbstractNioChannel$AbstractNioUnsafe.finishConnect(AbstractNioChannel.java:340)
	at org.apache.ratis.thirdparty.io.netty.channel.nio.NioEventLoop.processSelectedKey(NioEventLoop.java:632)
	at org.apache.ratis.thirdparty.io.netty.channel.nio.NioEventLoop.processSelectedKeysOptimized(NioEventLoop.java:579)
	at org.apache.ratis.thirdparty.io.netty.channel.nio.NioEventLoop.processSelectedKeys(NioEventLoop.java:496)
	at org.apache.ratis.thirdparty.io.netty.channel.nio.NioEventLoop.run(NioEventLoop.java:458)
	at org.apache.ratis.thirdparty.io.netty.util.concurrent.SingleThreadEventExecutor$5.run(SingleThreadEventExecutor.java:897)
	at org.apache.ratis.thirdparty.io.netty.util.concurrent.FastThreadLocalRunnable.run(FastThreadLocalRunnable.java:30)
	... 1 more
Caused by: java.net.ConnectException: Connection refused
	... 11 more
2019-10-14 14:43:02,035 [caa892f0-76ff-4c1e-b30f-b7c59842badc@group-EA752D978E74:LeaderElection91] INFO  impl.LeaderElection (LogUtils.java:infoOrTrace(149)) -   Exception 1: {}
java.util.concurrent.ExecutionException: org.apache.ratis.thirdparty.io.grpc.StatusRuntimeException: UNAVAILABLE: io exception
	at java.util.concurrent.FutureTask.report(FutureTask.java:122)
	at java.util.concurrent.FutureTask.get(FutureTask.java:192)
	at org.apache.ratis.server.impl.LeaderElection.waitForResults(LeaderElection.java:263)
	at org.apache.ratis.server.impl.LeaderElection.askForVotes(LeaderElection.java:201)
	at org.apache.ratis.server.impl.LeaderElection.run(LeaderElection.java:133)
	at java.lang.Thread.run(Thread.java:748)
Caused by: org.apache.ratis.thirdparty.io.grpc.StatusRuntimeException: UNAVAILABLE: io exception
	at org.apache.ratis.thirdparty.io.grpc.stub.ClientCalls.toStatusRuntimeException(ClientCalls.java:233)
	at org.apache.ratis.thirdparty.io.grpc.stub.ClientCalls.getUnchecked(ClientCalls.java:214)
	at org.apache.ratis.thirdparty.io.grpc.stub.ClientCalls.blockingUnaryCall(ClientCalls.java:139)
	at org.apache.ratis.proto.grpc.RaftServerProtocolServiceGrpc$RaftServerProtocolServiceBlockingStub.requestVote(RaftServerProtocolServiceGrpc.java:265)
	at org.apache.ratis.grpc.server.GrpcServerProtocolClient.requestVote(GrpcServerProtocolClient.java:90)
	at org.apache.ratis.grpc.server.GrpcService.requestVote(GrpcService.java:204)
	at org.apache.ratis.server.impl.LeaderElection.lambda$submitRequests$1(LeaderElection.java:238)
	at java.util.concurrent.FutureTask.run(FutureTask.java:266)
	at java.util.concurrent.Executors$RunnableAdapter.call(Executors.java:511)
	at java.util.concurrent.FutureTask.run(FutureTask.java:266)
	at java.util.concurrent.ThreadPoolExecutor.runWorker(ThreadPoolExecutor.java:1149)
	at java.util.concurrent.ThreadPoolExecutor$Worker.run(ThreadPoolExecutor.java:624)
	... 1 more
Caused by: org.apache.ratis.thirdparty.io.netty.channel.AbstractChannel$AnnotatedConnectException: Connection refused: /192.168.5.159:44598
	at sun.nio.ch.SocketChannelImpl.checkConnect(Native Method)
	at sun.nio.ch.SocketChannelImpl.finishConnect(SocketChannelImpl.java:717)
	at org.apache.ratis.thirdparty.io.netty.channel.socket.nio.NioSocketChannel.doFinishConnect(NioSocketChannel.java:327)
	at org.apache.ratis.thirdparty.io.netty.channel.nio.AbstractNioChannel$AbstractNioUnsafe.finishConnect(AbstractNioChannel.java:340)
	at org.apache.ratis.thirdparty.io.netty.channel.nio.NioEventLoop.processSelectedKey(NioEventLoop.java:632)
	at org.apache.ratis.thirdparty.io.netty.channel.nio.NioEventLoop.processSelectedKeysOptimized(NioEventLoop.java:579)
	at org.apache.ratis.thirdparty.io.netty.channel.nio.NioEventLoop.processSelectedKeys(NioEventLoop.java:496)
	at org.apache.ratis.thirdparty.io.netty.channel.nio.NioEventLoop.run(NioEventLoop.java:458)
	at org.apache.ratis.thirdparty.io.netty.util.concurrent.SingleThreadEventExecutor$5.run(SingleThreadEventExecutor.java:897)
	at org.apache.ratis.thirdparty.io.netty.util.concurrent.FastThreadLocalRunnable.run(FastThreadLocalRunnable.java:30)
	... 1 more
Caused by: java.net.ConnectException: Connection refused
	... 11 more
2019-10-14 14:43:02,036 [caa892f0-76ff-4c1e-b30f-b7c59842badc@group-EA752D978E74:LeaderElection91] INFO  impl.RaftServerImpl (RaftServerImpl.java:setRole(174)) - caa892f0-76ff-4c1e-b30f-b7c59842badc@group-EA752D978E74: changes role from CANDIDATE to FOLLOWER at term 27 for DISCOVERED_A_NEW_TERM
2019-10-14 14:43:02,036 [caa892f0-76ff-4c1e-b30f-b7c59842badc@group-EA752D978E74:LeaderElection91] INFO  impl.RoleInfo (RoleInfo.java:shutdownLeaderElection(134)) - caa892f0-76ff-4c1e-b30f-b7c59842badc: shutdown LeaderElection
2019-10-14 14:43:02,036 [caa892f0-76ff-4c1e-b30f-b7c59842badc@group-EA752D978E74:LeaderElection91] INFO  impl.RoleInfo (RoleInfo.java:updateAndGet(143)) - caa892f0-76ff-4c1e-b30f-b7c59842badc: start FollowerState
2019-10-14 14:43:02,110 [grpc-default-executor-5] WARN  server.GrpcLogAppender (LogUtils.java:warn(134)) - caa892f0-76ff-4c1e-b30f-b7c59842badc@group-382452901537->f9748ec4-5d8a-4dfc-8690-85b8cdac3f5d-AppendLogResponseHandler: Failed appendEntries: org.apache.ratis.thirdparty.io.grpc.StatusRuntimeException: UNAVAILABLE: io exception
2019-10-14 14:43:02,110 [grpc-default-executor-2] WARN  server.GrpcLogAppender (LogUtils.java:warn(134)) - caa892f0-76ff-4c1e-b30f-b7c59842badc@group-382452901537->07a15819-e4fc-4072-82ac-b3e77a99d12a-AppendLogResponseHandler: Failed appendEntries: org.apache.ratis.thirdparty.io.grpc.StatusRuntimeException: UNAVAILABLE: io exception
2019-10-14 14:43:02,110 [grpc-default-executor-8] WARN  server.GrpcLogAppender (LogUtils.java:warn(134)) - caa892f0-76ff-4c1e-b30f-b7c59842badc@group-026CFA11C8A1->f9748ec4-5d8a-4dfc-8690-85b8cdac3f5d-AppendLogResponseHandler: Failed appendEntries: org.apache.ratis.thirdparty.io.grpc.StatusRuntimeException: UNAVAILABLE: io exception
2019-10-14 14:43:02,110 [grpc-default-executor-3] WARN  server.GrpcLogAppender (LogUtils.java:warn(134)) - caa892f0-76ff-4c1e-b30f-b7c59842badc@group-026CFA11C8A1->07a15819-e4fc-4072-82ac-b3e77a99d12a-AppendLogResponseHandler: Failed appendEntries: org.apache.ratis.thirdparty.io.grpc.StatusRuntimeException: UNAVAILABLE: io exception
2019-10-14 14:43:02,111 [grpc-default-executor-8] INFO  impl.FollowerInfo (FollowerInfo.java:lambda$new$0(51)) - caa892f0-76ff-4c1e-b30f-b7c59842badc@group-026CFA11C8A1->f9748ec4-5d8a-4dfc-8690-85b8cdac3f5d: nextIndex: updateUnconditionally 0 -> 0
2019-10-14 14:43:02,111 [grpc-default-executor-2] INFO  impl.FollowerInfo (FollowerInfo.java:lambda$new$0(51)) - caa892f0-76ff-4c1e-b30f-b7c59842badc@group-382452901537->07a15819-e4fc-4072-82ac-b3e77a99d12a: nextIndex: updateUnconditionally 0 -> 0
2019-10-14 14:43:02,111 [grpc-default-executor-5] INFO  impl.FollowerInfo (FollowerInfo.java:lambda$new$0(51)) - caa892f0-76ff-4c1e-b30f-b7c59842badc@group-382452901537->f9748ec4-5d8a-4dfc-8690-85b8cdac3f5d: nextIndex: updateUnconditionally 0 -> 0
2019-10-14 14:43:02,111 [grpc-default-executor-3] INFO  impl.FollowerInfo (FollowerInfo.java:lambda$new$0(51)) - caa892f0-76ff-4c1e-b30f-b7c59842badc@group-026CFA11C8A1->07a15819-e4fc-4072-82ac-b3e77a99d12a: nextIndex: updateUnconditionally 0 -> 0
2019-10-14 14:43:02,617 [grpc-default-executor-8] WARN  server.GrpcLogAppender (LogUtils.java:warn(134)) - caa892f0-76ff-4c1e-b30f-b7c59842badc@group-026CFA11C8A1->f9748ec4-5d8a-4dfc-8690-85b8cdac3f5d-AppendLogResponseHandler: Failed appendEntries: org.apache.ratis.thirdparty.io.grpc.StatusRuntimeException: UNAVAILABLE: io exception
2019-10-14 14:43:02,617 [grpc-default-executor-2] WARN  server.GrpcLogAppender (LogUtils.java:warn(134)) - caa892f0-76ff-4c1e-b30f-b7c59842badc@group-026CFA11C8A1->07a15819-e4fc-4072-82ac-b3e77a99d12a-AppendLogResponseHandler: Failed appendEntries: org.apache.ratis.thirdparty.io.grpc.StatusRuntimeException: UNAVAILABLE: io exception
2019-10-14 14:43:02,617 [grpc-default-executor-7] WARN  server.GrpcLogAppender (LogUtils.java:warn(134)) - caa892f0-76ff-4c1e-b30f-b7c59842badc@group-382452901537->07a15819-e4fc-4072-82ac-b3e77a99d12a-AppendLogResponseHandler: Failed appendEntries: org.apache.ratis.thirdparty.io.grpc.StatusRuntimeException: UNAVAILABLE: io exception
2019-10-14 14:43:02,617 [grpc-default-executor-3] WARN  server.GrpcLogAppender (LogUtils.java:warn(134)) - caa892f0-76ff-4c1e-b30f-b7c59842badc@group-382452901537->f9748ec4-5d8a-4dfc-8690-85b8cdac3f5d-AppendLogResponseHandler: Failed appendEntries: org.apache.ratis.thirdparty.io.grpc.StatusRuntimeException: UNAVAILABLE: io exception
2019-10-14 14:43:02,618 [grpc-default-executor-7] INFO  impl.FollowerInfo (FollowerInfo.java:lambda$new$0(51)) - caa892f0-76ff-4c1e-b30f-b7c59842badc@group-382452901537->07a15819-e4fc-4072-82ac-b3e77a99d12a: nextIndex: updateUnconditionally 0 -> 0
2019-10-14 14:43:02,618 [grpc-default-executor-2] INFO  impl.FollowerInfo (FollowerInfo.java:lambda$new$0(51)) - caa892f0-76ff-4c1e-b30f-b7c59842badc@group-026CFA11C8A1->07a15819-e4fc-4072-82ac-b3e77a99d12a: nextIndex: updateUnconditionally 0 -> 0
2019-10-14 14:43:02,618 [grpc-default-executor-8] INFO  impl.FollowerInfo (FollowerInfo.java:lambda$new$0(51)) - caa892f0-76ff-4c1e-b30f-b7c59842badc@group-026CFA11C8A1->f9748ec4-5d8a-4dfc-8690-85b8cdac3f5d: nextIndex: updateUnconditionally 0 -> 0
2019-10-14 14:43:02,619 [grpc-default-executor-3] INFO  impl.FollowerInfo (FollowerInfo.java:lambda$new$0(51)) - caa892f0-76ff-4c1e-b30f-b7c59842badc@group-382452901537->f9748ec4-5d8a-4dfc-8690-85b8cdac3f5d: nextIndex: updateUnconditionally 0 -> 0
2019-10-14 14:43:02,808 [Thread-1596] INFO  impl.FollowerState (FollowerState.java:run(106)) - caa892f0-76ff-4c1e-b30f-b7c59842badc:group-E0B7C1D5C8D3 changes to CANDIDATE, lastRpcTime:1166, electionTimeout:1166ms
2019-10-14 14:43:02,808 [Thread-1596] INFO  impl.RoleInfo (RoleInfo.java:shutdownFollowerState(121)) - caa892f0-76ff-4c1e-b30f-b7c59842badc: shutdown FollowerState
2019-10-14 14:43:02,809 [Thread-1596] INFO  impl.RaftServerImpl (RaftServerImpl.java:setRole(174)) - caa892f0-76ff-4c1e-b30f-b7c59842badc@group-E0B7C1D5C8D3: changes role from  FOLLOWER to CANDIDATE at term 28 for changeToCandidate
2019-10-14 14:43:02,809 [Thread-1596] INFO  impl.RoleInfo (RoleInfo.java:updateAndGet(143)) - caa892f0-76ff-4c1e-b30f-b7c59842badc: start LeaderElection
2019-10-14 14:43:02,825 [caa892f0-76ff-4c1e-b30f-b7c59842badc@group-E0B7C1D5C8D3:LeaderElection92] INFO  impl.LeaderElection (LeaderElection.java:askForVotes(182)) - caa892f0-76ff-4c1e-b30f-b7c59842badc@group-E0B7C1D5C8D3:LeaderElection92: begin an election at term 29 for 0: [07a15819-e4fc-4072-82ac-b3e77a99d12a:192.168.5.159:45599, f9748ec4-5d8a-4dfc-8690-85b8cdac3f5d:192.168.5.159:44598, caa892f0-76ff-4c1e-b30f-b7c59842badc:192.168.5.159:39406], old=null
2019-10-14 14:43:02,829 [caa892f0-76ff-4c1e-b30f-b7c59842badc@group-E0B7C1D5C8D3:LeaderElection92] INFO  impl.LeaderElection (LogUtils.java:infoOrTrace(149)) - caa892f0-76ff-4c1e-b30f-b7c59842badc@group-E0B7C1D5C8D3:LeaderElection92 got exception when requesting votes: {}
java.util.concurrent.ExecutionException: org.apache.ratis.thirdparty.io.grpc.StatusRuntimeException: UNAVAILABLE: io exception
	at java.util.concurrent.FutureTask.report(FutureTask.java:122)
	at java.util.concurrent.FutureTask.get(FutureTask.java:192)
	at org.apache.ratis.server.impl.LeaderElection.waitForResults(LeaderElection.java:263)
	at org.apache.ratis.server.impl.LeaderElection.askForVotes(LeaderElection.java:201)
	at org.apache.ratis.server.impl.LeaderElection.run(LeaderElection.java:133)
	at java.lang.Thread.run(Thread.java:748)
Caused by: org.apache.ratis.thirdparty.io.grpc.StatusRuntimeException: UNAVAILABLE: io exception
	at org.apache.ratis.thirdparty.io.grpc.stub.ClientCalls.toStatusRuntimeException(ClientCalls.java:233)
	at org.apache.ratis.thirdparty.io.grpc.stub.ClientCalls.getUnchecked(ClientCalls.java:214)
	at org.apache.ratis.thirdparty.io.grpc.stub.ClientCalls.blockingUnaryCall(ClientCalls.java:139)
	at org.apache.ratis.proto.grpc.RaftServerProtocolServiceGrpc$RaftServerProtocolServiceBlockingStub.requestVote(RaftServerProtocolServiceGrpc.java:265)
	at org.apache.ratis.grpc.server.GrpcServerProtocolClient.requestVote(GrpcServerProtocolClient.java:90)
	at org.apache.ratis.grpc.server.GrpcService.requestVote(GrpcService.java:204)
	at org.apache.ratis.server.impl.LeaderElection.lambda$submitRequests$1(LeaderElection.java:238)
	at java.util.concurrent.FutureTask.run(FutureTask.java:266)
	at java.util.concurrent.Executors$RunnableAdapter.call(Executors.java:511)
	at java.util.concurrent.FutureTask.run(FutureTask.java:266)
	at java.util.concurrent.ThreadPoolExecutor.runWorker(ThreadPoolExecutor.java:1149)
	at java.util.concurrent.ThreadPoolExecutor$Worker.run(ThreadPoolExecutor.java:624)
	... 1 more
Caused by: org.apache.ratis.thirdparty.io.netty.channel.AbstractChannel$AnnotatedConnectException: Connection refused: /192.168.5.159:44598
	at sun.nio.ch.SocketChannelImpl.checkConnect(Native Method)
	at sun.nio.ch.SocketChannelImpl.finishConnect(SocketChannelImpl.java:717)
	at org.apache.ratis.thirdparty.io.netty.channel.socket.nio.NioSocketChannel.doFinishConnect(NioSocketChannel.java:327)
	at org.apache.ratis.thirdparty.io.netty.channel.nio.AbstractNioChannel$AbstractNioUnsafe.finishConnect(AbstractNioChannel.java:340)
	at org.apache.ratis.thirdparty.io.netty.channel.nio.NioEventLoop.processSelectedKey(NioEventLoop.java:632)
	at org.apache.ratis.thirdparty.io.netty.channel.nio.NioEventLoop.processSelectedKeysOptimized(NioEventLoop.java:579)
	at org.apache.ratis.thirdparty.io.netty.channel.nio.NioEventLoop.processSelectedKeys(NioEventLoop.java:496)
	at org.apache.ratis.thirdparty.io.netty.channel.nio.NioEventLoop.run(NioEventLoop.java:458)
	at org.apache.ratis.thirdparty.io.netty.util.concurrent.SingleThreadEventExecutor$5.run(SingleThreadEventExecutor.java:897)
	at org.apache.ratis.thirdparty.io.netty.util.concurrent.FastThreadLocalRunnable.run(FastThreadLocalRunnable.java:30)
	... 1 more
Caused by: java.net.ConnectException: Connection refused
	... 11 more
2019-10-14 14:43:02,829 [caa892f0-76ff-4c1e-b30f-b7c59842badc@group-E0B7C1D5C8D3:LeaderElection92] INFO  impl.LeaderElection (LogUtils.java:infoOrTrace(149)) - caa892f0-76ff-4c1e-b30f-b7c59842badc@group-E0B7C1D5C8D3:LeaderElection92 got exception when requesting votes: {}
java.util.concurrent.ExecutionException: org.apache.ratis.thirdparty.io.grpc.StatusRuntimeException: UNAVAILABLE: io exception
	at java.util.concurrent.FutureTask.report(FutureTask.java:122)
	at java.util.concurrent.FutureTask.get(FutureTask.java:192)
	at org.apache.ratis.server.impl.LeaderElection.waitForResults(LeaderElection.java:263)
	at org.apache.ratis.server.impl.LeaderElection.askForVotes(LeaderElection.java:201)
	at org.apache.ratis.server.impl.LeaderElection.run(LeaderElection.java:133)
	at java.lang.Thread.run(Thread.java:748)
Caused by: org.apache.ratis.thirdparty.io.grpc.StatusRuntimeException: UNAVAILABLE: io exception
	at org.apache.ratis.thirdparty.io.grpc.stub.ClientCalls.toStatusRuntimeException(ClientCalls.java:233)
	at org.apache.ratis.thirdparty.io.grpc.stub.ClientCalls.getUnchecked(ClientCalls.java:214)
	at org.apache.ratis.thirdparty.io.grpc.stub.ClientCalls.blockingUnaryCall(ClientCalls.java:139)
	at org.apache.ratis.proto.grpc.RaftServerProtocolServiceGrpc$RaftServerProtocolServiceBlockingStub.requestVote(RaftServerProtocolServiceGrpc.java:265)
	at org.apache.ratis.grpc.server.GrpcServerProtocolClient.requestVote(GrpcServerProtocolClient.java:90)
	at org.apache.ratis.grpc.server.GrpcService.requestVote(GrpcService.java:204)
	at org.apache.ratis.server.impl.LeaderElection.lambda$submitRequests$1(LeaderElection.java:238)
	at java.util.concurrent.FutureTask.run(FutureTask.java:266)
	at java.util.concurrent.Executors$RunnableAdapter.call(Executors.java:511)
	at java.util.concurrent.FutureTask.run(FutureTask.java:266)
	at java.util.concurrent.ThreadPoolExecutor.runWorker(ThreadPoolExecutor.java:1149)
	at java.util.concurrent.ThreadPoolExecutor$Worker.run(ThreadPoolExecutor.java:624)
	... 1 more
Caused by: org.apache.ratis.thirdparty.io.netty.channel.AbstractChannel$AnnotatedConnectException: Connection refused: /192.168.5.159:45599
	at sun.nio.ch.SocketChannelImpl.checkConnect(Native Method)
	at sun.nio.ch.SocketChannelImpl.finishConnect(SocketChannelImpl.java:717)
	at org.apache.ratis.thirdparty.io.netty.channel.socket.nio.NioSocketChannel.doFinishConnect(NioSocketChannel.java:327)
	at org.apache.ratis.thirdparty.io.netty.channel.nio.AbstractNioChannel$AbstractNioUnsafe.finishConnect(AbstractNioChannel.java:340)
	at org.apache.ratis.thirdparty.io.netty.channel.nio.NioEventLoop.processSelectedKey(NioEventLoop.java:632)
	at org.apache.ratis.thirdparty.io.netty.channel.nio.NioEventLoop.processSelectedKeysOptimized(NioEventLoop.java:579)
	at org.apache.ratis.thirdparty.io.netty.channel.nio.NioEventLoop.processSelectedKeys(NioEventLoop.java:496)
	at org.apache.ratis.thirdparty.io.netty.channel.nio.NioEventLoop.run(NioEventLoop.java:458)
	at org.apache.ratis.thirdparty.io.netty.util.concurrent.SingleThreadEventExecutor$5.run(SingleThreadEventExecutor.java:897)
	at org.apache.ratis.thirdparty.io.netty.util.concurrent.FastThreadLocalRunnable.run(FastThreadLocalRunnable.java:30)
	... 1 more
Caused by: java.net.ConnectException: Connection refused
	... 11 more
2019-10-14 14:43:02,830 [caa892f0-76ff-4c1e-b30f-b7c59842badc@group-E0B7C1D5C8D3:LeaderElection92] INFO  impl.LeaderElection (LeaderElection.java:logAndReturn(56)) - caa892f0-76ff-4c1e-b30f-b7c59842badc@group-E0B7C1D5C8D3:LeaderElection92: Election REJECTED; received 0 response(s) [] and 2 exception(s); caa892f0-76ff-4c1e-b30f-b7c59842badc@group-E0B7C1D5C8D3:t29, leader=null, voted=caa892f0-76ff-4c1e-b30f-b7c59842badc, raftlog=caa892f0-76ff-4c1e-b30f-b7c59842badc@group-E0B7C1D5C8D3-SegmentedRaftLog:OPENED:c0,f0,i0, conf=0: [07a15819-e4fc-4072-82ac-b3e77a99d12a:192.168.5.159:45599, f9748ec4-5d8a-4dfc-8690-85b8cdac3f5d:192.168.5.159:44598, caa892f0-76ff-4c1e-b30f-b7c59842badc:192.168.5.159:39406], old=null
2019-10-14 14:43:02,830 [caa892f0-76ff-4c1e-b30f-b7c59842badc@group-E0B7C1D5C8D3:LeaderElection92] INFO  impl.LeaderElection (LogUtils.java:infoOrTrace(149)) -   Exception 0: {}
java.util.concurrent.ExecutionException: org.apache.ratis.thirdparty.io.grpc.StatusRuntimeException: UNAVAILABLE: io exception
	at java.util.concurrent.FutureTask.report(FutureTask.java:122)
	at java.util.concurrent.FutureTask.get(FutureTask.java:192)
	at org.apache.ratis.server.impl.LeaderElection.waitForResults(LeaderElection.java:263)
	at org.apache.ratis.server.impl.LeaderElection.askForVotes(LeaderElection.java:201)
	at org.apache.ratis.server.impl.LeaderElection.run(LeaderElection.java:133)
	at java.lang.Thread.run(Thread.java:748)
Caused by: org.apache.ratis.thirdparty.io.grpc.StatusRuntimeException: UNAVAILABLE: io exception
	at org.apache.ratis.thirdparty.io.grpc.stub.ClientCalls.toStatusRuntimeException(ClientCalls.java:233)
	at org.apache.ratis.thirdparty.io.grpc.stub.ClientCalls.getUnchecked(ClientCalls.java:214)
	at org.apache.ratis.thirdparty.io.grpc.stub.ClientCalls.blockingUnaryCall(ClientCalls.java:139)
	at org.apache.ratis.proto.grpc.RaftServerProtocolServiceGrpc$RaftServerProtocolServiceBlockingStub.requestVote(RaftServerProtocolServiceGrpc.java:265)
	at org.apache.ratis.grpc.server.GrpcServerProtocolClient.requestVote(GrpcServerProtocolClient.java:90)
	at org.apache.ratis.grpc.server.GrpcService.requestVote(GrpcService.java:204)
	at org.apache.ratis.server.impl.LeaderElection.lambda$submitRequests$1(LeaderElection.java:238)
	at java.util.concurrent.FutureTask.run(FutureTask.java:266)
	at java.util.concurrent.Executors$RunnableAdapter.call(Executors.java:511)
	at java.util.concurrent.FutureTask.run(FutureTask.java:266)
	at java.util.concurrent.ThreadPoolExecutor.runWorker(ThreadPoolExecutor.java:1149)
	at java.util.concurrent.ThreadPoolExecutor$Worker.run(ThreadPoolExecutor.java:624)
	... 1 more
Caused by: org.apache.ratis.thirdparty.io.netty.channel.AbstractChannel$AnnotatedConnectException: Connection refused: /192.168.5.159:44598
	at sun.nio.ch.SocketChannelImpl.checkConnect(Native Method)
	at sun.nio.ch.SocketChannelImpl.finishConnect(SocketChannelImpl.java:717)
	at org.apache.ratis.thirdparty.io.netty.channel.socket.nio.NioSocketChannel.doFinishConnect(NioSocketChannel.java:327)
	at org.apache.ratis.thirdparty.io.netty.channel.nio.AbstractNioChannel$AbstractNioUnsafe.finishConnect(AbstractNioChannel.java:340)
	at org.apache.ratis.thirdparty.io.netty.channel.nio.NioEventLoop.processSelectedKey(NioEventLoop.java:632)
	at org.apache.ratis.thirdparty.io.netty.channel.nio.NioEventLoop.processSelectedKeysOptimized(NioEventLoop.java:579)
	at org.apache.ratis.thirdparty.io.netty.channel.nio.NioEventLoop.processSelectedKeys(NioEventLoop.java:496)
	at org.apache.ratis.thirdparty.io.netty.channel.nio.NioEventLoop.run(NioEventLoop.java:458)
	at org.apache.ratis.thirdparty.io.netty.util.concurrent.SingleThreadEventExecutor$5.run(SingleThreadEventExecutor.java:897)
	at org.apache.ratis.thirdparty.io.netty.util.concurrent.FastThreadLocalRunnable.run(FastThreadLocalRunnable.java:30)
	... 1 more
Caused by: java.net.ConnectException: Connection refused
	... 11 more
2019-10-14 14:43:02,831 [caa892f0-76ff-4c1e-b30f-b7c59842badc@group-E0B7C1D5C8D3:LeaderElection92] INFO  impl.LeaderElection (LogUtils.java:infoOrTrace(149)) -   Exception 1: {}
java.util.concurrent.ExecutionException: org.apache.ratis.thirdparty.io.grpc.StatusRuntimeException: UNAVAILABLE: io exception
	at java.util.concurrent.FutureTask.report(FutureTask.java:122)
	at java.util.concurrent.FutureTask.get(FutureTask.java:192)
	at org.apache.ratis.server.impl.LeaderElection.waitForResults(LeaderElection.java:263)
	at org.apache.ratis.server.impl.LeaderElection.askForVotes(LeaderElection.java:201)
	at org.apache.ratis.server.impl.LeaderElection.run(LeaderElection.java:133)
	at java.lang.Thread.run(Thread.java:748)
Caused by: org.apache.ratis.thirdparty.io.grpc.StatusRuntimeException: UNAVAILABLE: io exception
	at org.apache.ratis.thirdparty.io.grpc.stub.ClientCalls.toStatusRuntimeException(ClientCalls.java:233)
	at org.apache.ratis.thirdparty.io.grpc.stub.ClientCalls.getUnchecked(ClientCalls.java:214)
	at org.apache.ratis.thirdparty.io.grpc.stub.ClientCalls.blockingUnaryCall(ClientCalls.java:139)
	at org.apache.ratis.proto.grpc.RaftServerProtocolServiceGrpc$RaftServerProtocolServiceBlockingStub.requestVote(RaftServerProtocolServiceGrpc.java:265)
	at org.apache.ratis.grpc.server.GrpcServerProtocolClient.requestVote(GrpcServerProtocolClient.java:90)
	at org.apache.ratis.grpc.server.GrpcService.requestVote(GrpcService.java:204)
	at org.apache.ratis.server.impl.LeaderElection.lambda$submitRequests$1(LeaderElection.java:238)
	at java.util.concurrent.FutureTask.run(FutureTask.java:266)
	at java.util.concurrent.Executors$RunnableAdapter.call(Executors.java:511)
	at java.util.concurrent.FutureTask.run(FutureTask.java:266)
	at java.util.concurrent.ThreadPoolExecutor.runWorker(ThreadPoolExecutor.java:1149)
	at java.util.concurrent.ThreadPoolExecutor$Worker.run(ThreadPoolExecutor.java:624)
	... 1 more
Caused by: org.apache.ratis.thirdparty.io.netty.channel.AbstractChannel$AnnotatedConnectException: Connection refused: /192.168.5.159:45599
	at sun.nio.ch.SocketChannelImpl.checkConnect(Native Method)
	at sun.nio.ch.SocketChannelImpl.finishConnect(SocketChannelImpl.java:717)
	at org.apache.ratis.thirdparty.io.netty.channel.socket.nio.NioSocketChannel.doFinishConnect(NioSocketChannel.java:327)
	at org.apache.ratis.thirdparty.io.netty.channel.nio.AbstractNioChannel$AbstractNioUnsafe.finishConnect(AbstractNioChannel.java:340)
	at org.apache.ratis.thirdparty.io.netty.channel.nio.NioEventLoop.processSelectedKey(NioEventLoop.java:632)
	at org.apache.ratis.thirdparty.io.netty.channel.nio.NioEventLoop.processSelectedKeysOptimized(NioEventLoop.java:579)
	at org.apache.ratis.thirdparty.io.netty.channel.nio.NioEventLoop.processSelectedKeys(NioEventLoop.java:496)
	at org.apache.ratis.thirdparty.io.netty.channel.nio.NioEventLoop.run(NioEventLoop.java:458)
	at org.apache.ratis.thirdparty.io.netty.util.concurrent.SingleThreadEventExecutor$5.run(SingleThreadEventExecutor.java:897)
	at org.apache.ratis.thirdparty.io.netty.util.concurrent.FastThreadLocalRunnable.run(FastThreadLocalRunnable.java:30)
	... 1 more
Caused by: java.net.ConnectException: Connection refused
	... 11 more
2019-10-14 14:43:02,831 [caa892f0-76ff-4c1e-b30f-b7c59842badc@group-E0B7C1D5C8D3:LeaderElection92] INFO  impl.RaftServerImpl (RaftServerImpl.java:setRole(174)) - caa892f0-76ff-4c1e-b30f-b7c59842badc@group-E0B7C1D5C8D3: changes role from CANDIDATE to FOLLOWER at term 29 for DISCOVERED_A_NEW_TERM
2019-10-14 14:43:02,831 [caa892f0-76ff-4c1e-b30f-b7c59842badc@group-E0B7C1D5C8D3:LeaderElection92] INFO  impl.RoleInfo (RoleInfo.java:shutdownLeaderElection(134)) - caa892f0-76ff-4c1e-b30f-b7c59842badc: shutdown LeaderElection
2019-10-14 14:43:02,831 [caa892f0-76ff-4c1e-b30f-b7c59842badc@group-E0B7C1D5C8D3:LeaderElection92] INFO  impl.RoleInfo (RoleInfo.java:updateAndGet(143)) - caa892f0-76ff-4c1e-b30f-b7c59842badc: start FollowerState
2019-10-14 14:43:03,089 [Thread-1608] INFO  impl.FollowerState (FollowerState.java:run(106)) - caa892f0-76ff-4c1e-b30f-b7c59842badc:group-EA752D978E74 changes to CANDIDATE, lastRpcTime:1052, electionTimeout:1052ms
2019-10-14 14:43:03,089 [Thread-1608] INFO  impl.RoleInfo (RoleInfo.java:shutdownFollowerState(121)) - caa892f0-76ff-4c1e-b30f-b7c59842badc: shutdown FollowerState
2019-10-14 14:43:03,089 [Thread-1608] INFO  impl.RaftServerImpl (RaftServerImpl.java:setRole(174)) - caa892f0-76ff-4c1e-b30f-b7c59842badc@group-EA752D978E74: changes role from  FOLLOWER to CANDIDATE at term 27 for changeToCandidate
2019-10-14 14:43:03,089 [Thread-1608] INFO  impl.RoleInfo (RoleInfo.java:updateAndGet(143)) - caa892f0-76ff-4c1e-b30f-b7c59842badc: start LeaderElection
2019-10-14 14:43:03,108 [caa892f0-76ff-4c1e-b30f-b7c59842badc@group-EA752D978E74:LeaderElection93] INFO  impl.LeaderElection (LeaderElection.java:askForVotes(182)) - caa892f0-76ff-4c1e-b30f-b7c59842badc@group-EA752D978E74:LeaderElection93: begin an election at term 28 for 0: [07a15819-e4fc-4072-82ac-b3e77a99d12a:192.168.5.159:45599, f9748ec4-5d8a-4dfc-8690-85b8cdac3f5d:192.168.5.159:44598, caa892f0-76ff-4c1e-b30f-b7c59842badc:192.168.5.159:39406], old=null
2019-10-14 14:43:03,110 [caa892f0-76ff-4c1e-b30f-b7c59842badc@group-EA752D978E74:LeaderElection93] INFO  impl.LeaderElection (LogUtils.java:infoOrTrace(149)) - caa892f0-76ff-4c1e-b30f-b7c59842badc@group-EA752D978E74:LeaderElection93 got exception when requesting votes: {}
java.util.concurrent.ExecutionException: org.apache.ratis.thirdparty.io.grpc.StatusRuntimeException: UNAVAILABLE: io exception
	at java.util.concurrent.FutureTask.report(FutureTask.java:122)
	at java.util.concurrent.FutureTask.get(FutureTask.java:192)
	at org.apache.ratis.server.impl.LeaderElection.waitForResults(LeaderElection.java:263)
	at org.apache.ratis.server.impl.LeaderElection.askForVotes(LeaderElection.java:201)
	at org.apache.ratis.server.impl.LeaderElection.run(LeaderElection.java:133)
	at java.lang.Thread.run(Thread.java:748)
Caused by: org.apache.ratis.thirdparty.io.grpc.StatusRuntimeException: UNAVAILABLE: io exception
	at org.apache.ratis.thirdparty.io.grpc.stub.ClientCalls.toStatusRuntimeException(ClientCalls.java:233)
	at org.apache.ratis.thirdparty.io.grpc.stub.ClientCalls.getUnchecked(ClientCalls.java:214)
	at org.apache.ratis.thirdparty.io.grpc.stub.ClientCalls.blockingUnaryCall(ClientCalls.java:139)
	at org.apache.ratis.proto.grpc.RaftServerProtocolServiceGrpc$RaftServerProtocolServiceBlockingStub.requestVote(RaftServerProtocolServiceGrpc.java:265)
	at org.apache.ratis.grpc.server.GrpcServerProtocolClient.requestVote(GrpcServerProtocolClient.java:90)
	at org.apache.ratis.grpc.server.GrpcService.requestVote(GrpcService.java:204)
	at org.apache.ratis.server.impl.LeaderElection.lambda$submitRequests$1(LeaderElection.java:238)
	at java.util.concurrent.FutureTask.run(FutureTask.java:266)
	at java.util.concurrent.Executors$RunnableAdapter.call(Executors.java:511)
	at java.util.concurrent.FutureTask.run(FutureTask.java:266)
	at java.util.concurrent.ThreadPoolExecutor.runWorker(ThreadPoolExecutor.java:1149)
	at java.util.concurrent.ThreadPoolExecutor$Worker.run(ThreadPoolExecutor.java:624)
	... 1 more
Caused by: org.apache.ratis.thirdparty.io.netty.channel.AbstractChannel$AnnotatedConnectException: Connection refused: /192.168.5.159:45599
	at sun.nio.ch.SocketChannelImpl.checkConnect(Native Method)
	at sun.nio.ch.SocketChannelImpl.finishConnect(SocketChannelImpl.java:717)
	at org.apache.ratis.thirdparty.io.netty.channel.socket.nio.NioSocketChannel.doFinishConnect(NioSocketChannel.java:327)
	at org.apache.ratis.thirdparty.io.netty.channel.nio.AbstractNioChannel$AbstractNioUnsafe.finishConnect(AbstractNioChannel.java:340)
	at org.apache.ratis.thirdparty.io.netty.channel.nio.NioEventLoop.processSelectedKey(NioEventLoop.java:632)
	at org.apache.ratis.thirdparty.io.netty.channel.nio.NioEventLoop.processSelectedKeysOptimized(NioEventLoop.java:579)
	at org.apache.ratis.thirdparty.io.netty.channel.nio.NioEventLoop.processSelectedKeys(NioEventLoop.java:496)
	at org.apache.ratis.thirdparty.io.netty.channel.nio.NioEventLoop.run(NioEventLoop.java:458)
	at org.apache.ratis.thirdparty.io.netty.util.concurrent.SingleThreadEventExecutor$5.run(SingleThreadEventExecutor.java:897)
	at org.apache.ratis.thirdparty.io.netty.util.concurrent.FastThreadLocalRunnable.run(FastThreadLocalRunnable.java:30)
	... 1 more
Caused by: java.net.ConnectException: Connection refused
	... 11 more
2019-10-14 14:43:03,110 [caa892f0-76ff-4c1e-b30f-b7c59842badc@group-EA752D978E74:LeaderElection93] INFO  impl.LeaderElection (LogUtils.java:infoOrTrace(149)) - caa892f0-76ff-4c1e-b30f-b7c59842badc@group-EA752D978E74:LeaderElection93 got exception when requesting votes: {}
java.util.concurrent.ExecutionException: org.apache.ratis.thirdparty.io.grpc.StatusRuntimeException: UNAVAILABLE: io exception
	at java.util.concurrent.FutureTask.report(FutureTask.java:122)
	at java.util.concurrent.FutureTask.get(FutureTask.java:192)
	at org.apache.ratis.server.impl.LeaderElection.waitForResults(LeaderElection.java:263)
	at org.apache.ratis.server.impl.LeaderElection.askForVotes(LeaderElection.java:201)
	at org.apache.ratis.server.impl.LeaderElection.run(LeaderElection.java:133)
	at java.lang.Thread.run(Thread.java:748)
Caused by: org.apache.ratis.thirdparty.io.grpc.StatusRuntimeException: UNAVAILABLE: io exception
	at org.apache.ratis.thirdparty.io.grpc.stub.ClientCalls.toStatusRuntimeException(ClientCalls.java:233)
	at org.apache.ratis.thirdparty.io.grpc.stub.ClientCalls.getUnchecked(ClientCalls.java:214)
	at org.apache.ratis.thirdparty.io.grpc.stub.ClientCalls.blockingUnaryCall(ClientCalls.java:139)
	at org.apache.ratis.proto.grpc.RaftServerProtocolServiceGrpc$RaftServerProtocolServiceBlockingStub.requestVote(RaftServerProtocolServiceGrpc.java:265)
	at org.apache.ratis.grpc.server.GrpcServerProtocolClient.requestVote(GrpcServerProtocolClient.java:90)
	at org.apache.ratis.grpc.server.GrpcService.requestVote(GrpcService.java:204)
	at org.apache.ratis.server.impl.LeaderElection.lambda$submitRequests$1(LeaderElection.java:238)
	at java.util.concurrent.FutureTask.run(FutureTask.java:266)
	at java.util.concurrent.Executors$RunnableAdapter.call(Executors.java:511)
	at java.util.concurrent.FutureTask.run(FutureTask.java:266)
	at java.util.concurrent.ThreadPoolExecutor.runWorker(ThreadPoolExecutor.java:1149)
	at java.util.concurrent.ThreadPoolExecutor$Worker.run(ThreadPoolExecutor.java:624)
	... 1 more
Caused by: org.apache.ratis.thirdparty.io.netty.channel.AbstractChannel$AnnotatedConnectException: Connection refused: /192.168.5.159:44598
	at sun.nio.ch.SocketChannelImpl.checkConnect(Native Method)
	at sun.nio.ch.SocketChannelImpl.finishConnect(SocketChannelImpl.java:717)
	at org.apache.ratis.thirdparty.io.netty.channel.socket.nio.NioSocketChannel.doFinishConnect(NioSocketChannel.java:327)
	at org.apache.ratis.thirdparty.io.netty.channel.nio.AbstractNioChannel$AbstractNioUnsafe.finishConnect(AbstractNioChannel.java:340)
	at org.apache.ratis.thirdparty.io.netty.channel.nio.NioEventLoop.processSelectedKey(NioEventLoop.java:632)
	at org.apache.ratis.thirdparty.io.netty.channel.nio.NioEventLoop.processSelectedKeysOptimized(NioEventLoop.java:579)
	at org.apache.ratis.thirdparty.io.netty.channel.nio.NioEventLoop.processSelectedKeys(NioEventLoop.java:496)
	at org.apache.ratis.thirdparty.io.netty.channel.nio.NioEventLoop.run(NioEventLoop.java:458)
	at org.apache.ratis.thirdparty.io.netty.util.concurrent.SingleThreadEventExecutor$5.run(SingleThreadEventExecutor.java:897)
	at org.apache.ratis.thirdparty.io.netty.util.concurrent.FastThreadLocalRunnable.run(FastThreadLocalRunnable.java:30)
	... 1 more
Caused by: java.net.ConnectException: Connection refused
	... 11 more
2019-10-14 14:43:03,111 [caa892f0-76ff-4c1e-b30f-b7c59842badc@group-EA752D978E74:LeaderElection93] INFO  impl.LeaderElection (LeaderElection.java:logAndReturn(56)) - caa892f0-76ff-4c1e-b30f-b7c59842badc@group-EA752D978E74:LeaderElection93: Election REJECTED; received 0 response(s) [] and 2 exception(s); caa892f0-76ff-4c1e-b30f-b7c59842badc@group-EA752D978E74:t28, leader=null, voted=caa892f0-76ff-4c1e-b30f-b7c59842badc, raftlog=caa892f0-76ff-4c1e-b30f-b7c59842badc@group-EA752D978E74-SegmentedRaftLog:OPENED:c16,f16,i16, conf=0: [07a15819-e4fc-4072-82ac-b3e77a99d12a:192.168.5.159:45599, f9748ec4-5d8a-4dfc-8690-85b8cdac3f5d:192.168.5.159:44598, caa892f0-76ff-4c1e-b30f-b7c59842badc:192.168.5.159:39406], old=null
2019-10-14 14:43:03,111 [caa892f0-76ff-4c1e-b30f-b7c59842badc@group-EA752D978E74:LeaderElection93] INFO  impl.LeaderElection (LogUtils.java:infoOrTrace(149)) -   Exception 0: {}
java.util.concurrent.ExecutionException: org.apache.ratis.thirdparty.io.grpc.StatusRuntimeException: UNAVAILABLE: io exception
	at java.util.concurrent.FutureTask.report(FutureTask.java:122)
	at java.util.concurrent.FutureTask.get(FutureTask.java:192)
	at org.apache.ratis.server.impl.LeaderElection.waitForResults(LeaderElection.java:263)
	at org.apache.ratis.server.impl.LeaderElection.askForVotes(LeaderElection.java:201)
	at org.apache.ratis.server.impl.LeaderElection.run(LeaderElection.java:133)
	at java.lang.Thread.run(Thread.java:748)
Caused by: org.apache.ratis.thirdparty.io.grpc.StatusRuntimeException: UNAVAILABLE: io exception
	at org.apache.ratis.thirdparty.io.grpc.stub.ClientCalls.toStatusRuntimeException(ClientCalls.java:233)
	at org.apache.ratis.thirdparty.io.grpc.stub.ClientCalls.getUnchecked(ClientCalls.java:214)
	at org.apache.ratis.thirdparty.io.grpc.stub.ClientCalls.blockingUnaryCall(ClientCalls.java:139)
	at org.apache.ratis.proto.grpc.RaftServerProtocolServiceGrpc$RaftServerProtocolServiceBlockingStub.requestVote(RaftServerProtocolServiceGrpc.java:265)
	at org.apache.ratis.grpc.server.GrpcServerProtocolClient.requestVote(GrpcServerProtocolClient.java:90)
	at org.apache.ratis.grpc.server.GrpcService.requestVote(GrpcService.java:204)
	at org.apache.ratis.server.impl.LeaderElection.lambda$submitRequests$1(LeaderElection.java:238)
	at java.util.concurrent.FutureTask.run(FutureTask.java:266)
	at java.util.concurrent.Executors$RunnableAdapter.call(Executors.java:511)
	at java.util.concurrent.FutureTask.run(FutureTask.java:266)
	at java.util.concurrent.ThreadPoolExecutor.runWorker(ThreadPoolExecutor.java:1149)
	at java.util.concurrent.ThreadPoolExecutor$Worker.run(ThreadPoolExecutor.java:624)
	... 1 more
Caused by: org.apache.ratis.thirdparty.io.netty.channel.AbstractChannel$AnnotatedConnectException: Connection refused: /192.168.5.159:45599
	at sun.nio.ch.SocketChannelImpl.checkConnect(Native Method)
	at sun.nio.ch.SocketChannelImpl.finishConnect(SocketChannelImpl.java:717)
	at org.apache.ratis.thirdparty.io.netty.channel.socket.nio.NioSocketChannel.doFinishConnect(NioSocketChannel.java:327)
	at org.apache.ratis.thirdparty.io.netty.channel.nio.AbstractNioChannel$AbstractNioUnsafe.finishConnect(AbstractNioChannel.java:340)
	at org.apache.ratis.thirdparty.io.netty.channel.nio.NioEventLoop.processSelectedKey(NioEventLoop.java:632)
	at org.apache.ratis.thirdparty.io.netty.channel.nio.NioEventLoop.processSelectedKeysOptimized(NioEventLoop.java:579)
	at org.apache.ratis.thirdparty.io.netty.channel.nio.NioEventLoop.processSelectedKeys(NioEventLoop.java:496)
	at org.apache.ratis.thirdparty.io.netty.channel.nio.NioEventLoop.run(NioEventLoop.java:458)
	at org.apache.ratis.thirdparty.io.netty.util.concurrent.SingleThreadEventExecutor$5.run(SingleThreadEventExecutor.java:897)
	at org.apache.ratis.thirdparty.io.netty.util.concurrent.FastThreadLocalRunnable.run(FastThreadLocalRunnable.java:30)
	... 1 more
Caused by: java.net.ConnectException: Connection refused
	... 11 more
2019-10-14 14:43:03,111 [caa892f0-76ff-4c1e-b30f-b7c59842badc@group-EA752D978E74:LeaderElection93] INFO  impl.LeaderElection (LogUtils.java:infoOrTrace(149)) -   Exception 1: {}
java.util.concurrent.ExecutionException: org.apache.ratis.thirdparty.io.grpc.StatusRuntimeException: UNAVAILABLE: io exception
	at java.util.concurrent.FutureTask.report(FutureTask.java:122)
	at java.util.concurrent.FutureTask.get(FutureTask.java:192)
	at org.apache.ratis.server.impl.LeaderElection.waitForResults(LeaderElection.java:263)
	at org.apache.ratis.server.impl.LeaderElection.askForVotes(LeaderElection.java:201)
	at org.apache.ratis.server.impl.LeaderElection.run(LeaderElection.java:133)
	at java.lang.Thread.run(Thread.java:748)
Caused by: org.apache.ratis.thirdparty.io.grpc.StatusRuntimeException: UNAVAILABLE: io exception
	at org.apache.ratis.thirdparty.io.grpc.stub.ClientCalls.toStatusRuntimeException(ClientCalls.java:233)
	at org.apache.ratis.thirdparty.io.grpc.stub.ClientCalls.getUnchecked(ClientCalls.java:214)
	at org.apache.ratis.thirdparty.io.grpc.stub.ClientCalls.blockingUnaryCall(ClientCalls.java:139)
	at org.apache.ratis.proto.grpc.RaftServerProtocolServiceGrpc$RaftServerProtocolServiceBlockingStub.requestVote(RaftServerProtocolServiceGrpc.java:265)
	at org.apache.ratis.grpc.server.GrpcServerProtocolClient.requestVote(GrpcServerProtocolClient.java:90)
	at org.apache.ratis.grpc.server.GrpcService.requestVote(GrpcService.java:204)
	at org.apache.ratis.server.impl.LeaderElection.lambda$submitRequests$1(LeaderElection.java:238)
	at java.util.concurrent.FutureTask.run(FutureTask.java:266)
	at java.util.concurrent.Executors$RunnableAdapter.call(Executors.java:511)
	at java.util.concurrent.FutureTask.run(FutureTask.java:266)
	at java.util.concurrent.ThreadPoolExecutor.runWorker(ThreadPoolExecutor.java:1149)
	at java.util.concurrent.ThreadPoolExecutor$Worker.run(ThreadPoolExecutor.java:624)
	... 1 more
Caused by: org.apache.ratis.thirdparty.io.netty.channel.AbstractChannel$AnnotatedConnectException: Connection refused: /192.168.5.159:44598
	at sun.nio.ch.SocketChannelImpl.checkConnect(Native Method)
	at sun.nio.ch.SocketChannelImpl.finishConnect(SocketChannelImpl.java:717)
	at org.apache.ratis.thirdparty.io.netty.channel.socket.nio.NioSocketChannel.doFinishConnect(NioSocketChannel.java:327)
	at org.apache.ratis.thirdparty.io.netty.channel.nio.AbstractNioChannel$AbstractNioUnsafe.finishConnect(AbstractNioChannel.java:340)
	at org.apache.ratis.thirdparty.io.netty.channel.nio.NioEventLoop.processSelectedKey(NioEventLoop.java:632)
	at org.apache.ratis.thirdparty.io.netty.channel.nio.NioEventLoop.processSelectedKeysOptimized(NioEventLoop.java:579)
	at org.apache.ratis.thirdparty.io.netty.channel.nio.NioEventLoop.processSelectedKeys(NioEventLoop.java:496)
	at org.apache.ratis.thirdparty.io.netty.channel.nio.NioEventLoop.run(NioEventLoop.java:458)
	at org.apache.ratis.thirdparty.io.netty.util.concurrent.SingleThreadEventExecutor$5.run(SingleThreadEventExecutor.java:897)
	at org.apache.ratis.thirdparty.io.netty.util.concurrent.FastThreadLocalRunnable.run(FastThreadLocalRunnable.java:30)
	... 1 more
Caused by: java.net.ConnectException: Connection refused
	... 11 more
2019-10-14 14:43:03,111 [caa892f0-76ff-4c1e-b30f-b7c59842badc@group-EA752D978E74:LeaderElection93] INFO  impl.RaftServerImpl (RaftServerImpl.java:setRole(174)) - caa892f0-76ff-4c1e-b30f-b7c59842badc@group-EA752D978E74: changes role from CANDIDATE to FOLLOWER at term 28 for DISCOVERED_A_NEW_TERM
2019-10-14 14:43:03,111 [caa892f0-76ff-4c1e-b30f-b7c59842badc@group-EA752D978E74:LeaderElection93] INFO  impl.RoleInfo (RoleInfo.java:shutdownLeaderElection(134)) - caa892f0-76ff-4c1e-b30f-b7c59842badc: shutdown LeaderElection
2019-10-14 14:43:03,112 [caa892f0-76ff-4c1e-b30f-b7c59842badc@group-EA752D978E74:LeaderElection93] INFO  impl.RoleInfo (RoleInfo.java:updateAndGet(143)) - caa892f0-76ff-4c1e-b30f-b7c59842badc: start FollowerState
2019-10-14 14:43:03,114 [grpc-default-executor-2] WARN  server.GrpcLogAppender (LogUtils.java:warn(134)) - caa892f0-76ff-4c1e-b30f-b7c59842badc@group-026CFA11C8A1->f9748ec4-5d8a-4dfc-8690-85b8cdac3f5d-AppendLogResponseHandler: Failed appendEntries: org.apache.ratis.thirdparty.io.grpc.StatusRuntimeException: UNAVAILABLE: io exception
2019-10-14 14:43:03,114 [grpc-default-executor-1] WARN  server.GrpcLogAppender (LogUtils.java:warn(134)) - caa892f0-76ff-4c1e-b30f-b7c59842badc@group-382452901537->f9748ec4-5d8a-4dfc-8690-85b8cdac3f5d-AppendLogResponseHandler: Failed appendEntries: org.apache.ratis.thirdparty.io.grpc.StatusRuntimeException: UNAVAILABLE: io exception
2019-10-14 14:43:03,114 [grpc-default-executor-8] WARN  server.GrpcLogAppender (LogUtils.java:warn(134)) - caa892f0-76ff-4c1e-b30f-b7c59842badc@group-026CFA11C8A1->07a15819-e4fc-4072-82ac-b3e77a99d12a-AppendLogResponseHandler: Failed appendEntries: org.apache.ratis.thirdparty.io.grpc.StatusRuntimeException: UNAVAILABLE: io exception
2019-10-14 14:43:03,114 [grpc-default-executor-4] WARN  server.GrpcLogAppender (LogUtils.java:warn(134)) - caa892f0-76ff-4c1e-b30f-b7c59842badc@group-382452901537->07a15819-e4fc-4072-82ac-b3e77a99d12a-AppendLogResponseHandler: Failed appendEntries: org.apache.ratis.thirdparty.io.grpc.StatusRuntimeException: UNAVAILABLE: io exception
2019-10-14 14:43:03,115 [grpc-default-executor-1] INFO  impl.FollowerInfo (FollowerInfo.java:lambda$new$0(51)) - caa892f0-76ff-4c1e-b30f-b7c59842badc@group-382452901537->f9748ec4-5d8a-4dfc-8690-85b8cdac3f5d: nextIndex: updateUnconditionally 0 -> 0
2019-10-14 14:43:03,115 [grpc-default-executor-2] INFO  impl.FollowerInfo (FollowerInfo.java:lambda$new$0(51)) - caa892f0-76ff-4c1e-b30f-b7c59842badc@group-026CFA11C8A1->f9748ec4-5d8a-4dfc-8690-85b8cdac3f5d: nextIndex: updateUnconditionally 0 -> 0
2019-10-14 14:43:03,115 [grpc-default-executor-4] INFO  impl.FollowerInfo (FollowerInfo.java:lambda$new$0(51)) - caa892f0-76ff-4c1e-b30f-b7c59842badc@group-382452901537->07a15819-e4fc-4072-82ac-b3e77a99d12a: nextIndex: updateUnconditionally 0 -> 0
2019-10-14 14:43:03,115 [grpc-default-executor-8] INFO  impl.FollowerInfo (FollowerInfo.java:lambda$new$0(51)) - caa892f0-76ff-4c1e-b30f-b7c59842badc@group-026CFA11C8A1->07a15819-e4fc-4072-82ac-b3e77a99d12a: nextIndex: updateUnconditionally 0 -> 0
2019-10-14 14:43:03,616 [grpc-default-executor-2] WARN  server.GrpcLogAppender (LogUtils.java:warn(134)) - caa892f0-76ff-4c1e-b30f-b7c59842badc@group-026CFA11C8A1->07a15819-e4fc-4072-82ac-b3e77a99d12a-AppendLogResponseHandler: Failed appendEntries: org.apache.ratis.thirdparty.io.grpc.StatusRuntimeException: UNAVAILABLE: io exception
2019-10-14 14:43:03,616 [grpc-default-executor-8] WARN  server.GrpcLogAppender (LogUtils.java:warn(134)) - caa892f0-76ff-4c1e-b30f-b7c59842badc@group-026CFA11C8A1->f9748ec4-5d8a-4dfc-8690-85b8cdac3f5d-AppendLogResponseHandler: Failed appendEntries: org.apache.ratis.thirdparty.io.grpc.StatusRuntimeException: UNAVAILABLE: io exception
2019-10-14 14:43:03,616 [grpc-default-executor-3] WARN  server.GrpcLogAppender (LogUtils.java:warn(134)) - caa892f0-76ff-4c1e-b30f-b7c59842badc@group-382452901537->f9748ec4-5d8a-4dfc-8690-85b8cdac3f5d-AppendLogResponseHandler: Failed appendEntries: org.apache.ratis.thirdparty.io.grpc.StatusRuntimeException: UNAVAILABLE: io exception
2019-10-14 14:43:03,616 [grpc-default-executor-5] WARN  server.GrpcLogAppender (LogUtils.java:warn(134)) - caa892f0-76ff-4c1e-b30f-b7c59842badc@group-382452901537->07a15819-e4fc-4072-82ac-b3e77a99d12a-AppendLogResponseHandler: Failed appendEntries: org.apache.ratis.thirdparty.io.grpc.StatusRuntimeException: UNAVAILABLE: io exception
2019-10-14 14:43:03,617 [grpc-default-executor-3] INFO  impl.FollowerInfo (FollowerInfo.java:lambda$new$0(51)) - caa892f0-76ff-4c1e-b30f-b7c59842badc@group-382452901537->f9748ec4-5d8a-4dfc-8690-85b8cdac3f5d: nextIndex: updateUnconditionally 0 -> 0
2019-10-14 14:43:03,616 [grpc-default-executor-8] INFO  impl.FollowerInfo (FollowerInfo.java:lambda$new$0(51)) - caa892f0-76ff-4c1e-b30f-b7c59842badc@group-026CFA11C8A1->f9748ec4-5d8a-4dfc-8690-85b8cdac3f5d: nextIndex: updateUnconditionally 0 -> 0
2019-10-14 14:43:03,616 [grpc-default-executor-2] INFO  impl.FollowerInfo (FollowerInfo.java:lambda$new$0(51)) - caa892f0-76ff-4c1e-b30f-b7c59842badc@group-026CFA11C8A1->07a15819-e4fc-4072-82ac-b3e77a99d12a: nextIndex: updateUnconditionally 0 -> 0
2019-10-14 14:43:03,617 [grpc-default-executor-5] INFO  impl.FollowerInfo (FollowerInfo.java:lambda$new$0(51)) - caa892f0-76ff-4c1e-b30f-b7c59842badc@group-382452901537->07a15819-e4fc-4072-82ac-b3e77a99d12a: nextIndex: updateUnconditionally 0 -> 0
2019-10-14 14:43:03,952 [Thread-1628] INFO  impl.FollowerState (FollowerState.java:run(106)) - caa892f0-76ff-4c1e-b30f-b7c59842badc:group-E0B7C1D5C8D3 changes to CANDIDATE, lastRpcTime:1120, electionTimeout:1120ms
2019-10-14 14:43:03,952 [Thread-1628] INFO  impl.RoleInfo (RoleInfo.java:shutdownFollowerState(121)) - caa892f0-76ff-4c1e-b30f-b7c59842badc: shutdown FollowerState
2019-10-14 14:43:03,952 [Thread-1628] INFO  impl.RaftServerImpl (RaftServerImpl.java:setRole(174)) - caa892f0-76ff-4c1e-b30f-b7c59842badc@group-E0B7C1D5C8D3: changes role from  FOLLOWER to CANDIDATE at term 29 for changeToCandidate
2019-10-14 14:43:03,953 [Thread-1628] INFO  impl.RoleInfo (RoleInfo.java:updateAndGet(143)) - caa892f0-76ff-4c1e-b30f-b7c59842badc: start LeaderElection
2019-10-14 14:43:03,969 [caa892f0-76ff-4c1e-b30f-b7c59842badc@group-E0B7C1D5C8D3:LeaderElection94] INFO  impl.LeaderElection (LeaderElection.java:askForVotes(182)) - caa892f0-76ff-4c1e-b30f-b7c59842badc@group-E0B7C1D5C8D3:LeaderElection94: begin an election at term 30 for 0: [07a15819-e4fc-4072-82ac-b3e77a99d12a:192.168.5.159:45599, f9748ec4-5d8a-4dfc-8690-85b8cdac3f5d:192.168.5.159:44598, caa892f0-76ff-4c1e-b30f-b7c59842badc:192.168.5.159:39406], old=null
2019-10-14 14:43:03,971 [caa892f0-76ff-4c1e-b30f-b7c59842badc@group-E0B7C1D5C8D3:LeaderElection94] INFO  impl.LeaderElection (LogUtils.java:infoOrTrace(149)) - caa892f0-76ff-4c1e-b30f-b7c59842badc@group-E0B7C1D5C8D3:LeaderElection94 got exception when requesting votes: {}
java.util.concurrent.ExecutionException: org.apache.ratis.thirdparty.io.grpc.StatusRuntimeException: UNAVAILABLE: io exception
	at java.util.concurrent.FutureTask.report(FutureTask.java:122)
	at java.util.concurrent.FutureTask.get(FutureTask.java:192)
	at org.apache.ratis.server.impl.LeaderElection.waitForResults(LeaderElection.java:263)
	at org.apache.ratis.server.impl.LeaderElection.askForVotes(LeaderElection.java:201)
	at org.apache.ratis.server.impl.LeaderElection.run(LeaderElection.java:133)
	at java.lang.Thread.run(Thread.java:748)
Caused by: org.apache.ratis.thirdparty.io.grpc.StatusRuntimeException: UNAVAILABLE: io exception
	at org.apache.ratis.thirdparty.io.grpc.stub.ClientCalls.toStatusRuntimeException(ClientCalls.java:233)
	at org.apache.ratis.thirdparty.io.grpc.stub.ClientCalls.getUnchecked(ClientCalls.java:214)
	at org.apache.ratis.thirdparty.io.grpc.stub.ClientCalls.blockingUnaryCall(ClientCalls.java:139)
	at org.apache.ratis.proto.grpc.RaftServerProtocolServiceGrpc$RaftServerProtocolServiceBlockingStub.requestVote(RaftServerProtocolServiceGrpc.java:265)
	at org.apache.ratis.grpc.server.GrpcServerProtocolClient.requestVote(GrpcServerProtocolClient.java:90)
	at org.apache.ratis.grpc.server.GrpcService.requestVote(GrpcService.java:204)
	at org.apache.ratis.server.impl.LeaderElection.lambda$submitRequests$1(LeaderElection.java:238)
	at java.util.concurrent.FutureTask.run(FutureTask.java:266)
	at java.util.concurrent.Executors$RunnableAdapter.call(Executors.java:511)
	at java.util.concurrent.FutureTask.run(FutureTask.java:266)
	at java.util.concurrent.ThreadPoolExecutor.runWorker(ThreadPoolExecutor.java:1149)
	at java.util.concurrent.ThreadPoolExecutor$Worker.run(ThreadPoolExecutor.java:624)
	... 1 more
Caused by: org.apache.ratis.thirdparty.io.netty.channel.AbstractChannel$AnnotatedConnectException: Connection refused: /192.168.5.159:45599
	at sun.nio.ch.SocketChannelImpl.checkConnect(Native Method)
	at sun.nio.ch.SocketChannelImpl.finishConnect(SocketChannelImpl.java:717)
	at org.apache.ratis.thirdparty.io.netty.channel.socket.nio.NioSocketChannel.doFinishConnect(NioSocketChannel.java:327)
	at org.apache.ratis.thirdparty.io.netty.channel.nio.AbstractNioChannel$AbstractNioUnsafe.finishConnect(AbstractNioChannel.java:340)
	at org.apache.ratis.thirdparty.io.netty.channel.nio.NioEventLoop.processSelectedKey(NioEventLoop.java:632)
	at org.apache.ratis.thirdparty.io.netty.channel.nio.NioEventLoop.processSelectedKeysOptimized(NioEventLoop.java:579)
	at org.apache.ratis.thirdparty.io.netty.channel.nio.NioEventLoop.processSelectedKeys(NioEventLoop.java:496)
	at org.apache.ratis.thirdparty.io.netty.channel.nio.NioEventLoop.run(NioEventLoop.java:458)
	at org.apache.ratis.thirdparty.io.netty.util.concurrent.SingleThreadEventExecutor$5.run(SingleThreadEventExecutor.java:897)
	at org.apache.ratis.thirdparty.io.netty.util.concurrent.FastThreadLocalRunnable.run(FastThreadLocalRunnable.java:30)
	... 1 more
Caused by: java.net.ConnectException: Connection refused
	... 11 more
2019-10-14 14:43:03,971 [caa892f0-76ff-4c1e-b30f-b7c59842badc@group-E0B7C1D5C8D3:LeaderElection94] INFO  impl.LeaderElection (LogUtils.java:infoOrTrace(149)) - caa892f0-76ff-4c1e-b30f-b7c59842badc@group-E0B7C1D5C8D3:LeaderElection94 got exception when requesting votes: {}
java.util.concurrent.ExecutionException: org.apache.ratis.thirdparty.io.grpc.StatusRuntimeException: UNAVAILABLE: io exception
	at java.util.concurrent.FutureTask.report(FutureTask.java:122)
	at java.util.concurrent.FutureTask.get(FutureTask.java:192)
	at org.apache.ratis.server.impl.LeaderElection.waitForResults(LeaderElection.java:263)
	at org.apache.ratis.server.impl.LeaderElection.askForVotes(LeaderElection.java:201)
	at org.apache.ratis.server.impl.LeaderElection.run(LeaderElection.java:133)
	at java.lang.Thread.run(Thread.java:748)
Caused by: org.apache.ratis.thirdparty.io.grpc.StatusRuntimeException: UNAVAILABLE: io exception
	at org.apache.ratis.thirdparty.io.grpc.stub.ClientCalls.toStatusRuntimeException(ClientCalls.java:233)
	at org.apache.ratis.thirdparty.io.grpc.stub.ClientCalls.getUnchecked(ClientCalls.java:214)
	at org.apache.ratis.thirdparty.io.grpc.stub.ClientCalls.blockingUnaryCall(ClientCalls.java:139)
	at org.apache.ratis.proto.grpc.RaftServerProtocolServiceGrpc$RaftServerProtocolServiceBlockingStub.requestVote(RaftServerProtocolServiceGrpc.java:265)
	at org.apache.ratis.grpc.server.GrpcServerProtocolClient.requestVote(GrpcServerProtocolClient.java:90)
	at org.apache.ratis.grpc.server.GrpcService.requestVote(GrpcService.java:204)
	at org.apache.ratis.server.impl.LeaderElection.lambda$submitRequests$1(LeaderElection.java:238)
	at java.util.concurrent.FutureTask.run(FutureTask.java:266)
	at java.util.concurrent.Executors$RunnableAdapter.call(Executors.java:511)
	at java.util.concurrent.FutureTask.run(FutureTask.java:266)
	at java.util.concurrent.ThreadPoolExecutor.runWorker(ThreadPoolExecutor.java:1149)
	at java.util.concurrent.ThreadPoolExecutor$Worker.run(ThreadPoolExecutor.java:624)
	... 1 more
Caused by: org.apache.ratis.thirdparty.io.netty.channel.AbstractChannel$AnnotatedConnectException: Connection refused: /192.168.5.159:44598
	at sun.nio.ch.SocketChannelImpl.checkConnect(Native Method)
	at sun.nio.ch.SocketChannelImpl.finishConnect(SocketChannelImpl.java:717)
	at org.apache.ratis.thirdparty.io.netty.channel.socket.nio.NioSocketChannel.doFinishConnect(NioSocketChannel.java:327)
	at org.apache.ratis.thirdparty.io.netty.channel.nio.AbstractNioChannel$AbstractNioUnsafe.finishConnect(AbstractNioChannel.java:340)
	at org.apache.ratis.thirdparty.io.netty.channel.nio.NioEventLoop.processSelectedKey(NioEventLoop.java:632)
	at org.apache.ratis.thirdparty.io.netty.channel.nio.NioEventLoop.processSelectedKeysOptimized(NioEventLoop.java:579)
	at org.apache.ratis.thirdparty.io.netty.channel.nio.NioEventLoop.processSelectedKeys(NioEventLoop.java:496)
	at org.apache.ratis.thirdparty.io.netty.channel.nio.NioEventLoop.run(NioEventLoop.java:458)
	at org.apache.ratis.thirdparty.io.netty.util.concurrent.SingleThreadEventExecutor$5.run(SingleThreadEventExecutor.java:897)
	at org.apache.ratis.thirdparty.io.netty.util.concurrent.FastThreadLocalRunnable.run(FastThreadLocalRunnable.java:30)
	... 1 more
Caused by: java.net.ConnectException: Connection refused
	... 11 more
2019-10-14 14:43:03,972 [caa892f0-76ff-4c1e-b30f-b7c59842badc@group-E0B7C1D5C8D3:LeaderElection94] INFO  impl.LeaderElection (LeaderElection.java:logAndReturn(56)) - caa892f0-76ff-4c1e-b30f-b7c59842badc@group-E0B7C1D5C8D3:LeaderElection94: Election REJECTED; received 0 response(s) [] and 2 exception(s); caa892f0-76ff-4c1e-b30f-b7c59842badc@group-E0B7C1D5C8D3:t30, leader=null, voted=caa892f0-76ff-4c1e-b30f-b7c59842badc, raftlog=caa892f0-76ff-4c1e-b30f-b7c59842badc@group-E0B7C1D5C8D3-SegmentedRaftLog:OPENED:c0,f0,i0, conf=0: [07a15819-e4fc-4072-82ac-b3e77a99d12a:192.168.5.159:45599, f9748ec4-5d8a-4dfc-8690-85b8cdac3f5d:192.168.5.159:44598, caa892f0-76ff-4c1e-b30f-b7c59842badc:192.168.5.159:39406], old=null
2019-10-14 14:43:03,972 [caa892f0-76ff-4c1e-b30f-b7c59842badc@group-E0B7C1D5C8D3:LeaderElection94] INFO  impl.LeaderElection (LogUtils.java:infoOrTrace(149)) -   Exception 0: {}
java.util.concurrent.ExecutionException: org.apache.ratis.thirdparty.io.grpc.StatusRuntimeException: UNAVAILABLE: io exception
	at java.util.concurrent.FutureTask.report(FutureTask.java:122)
	at java.util.concurrent.FutureTask.get(FutureTask.java:192)
	at org.apache.ratis.server.impl.LeaderElection.waitForResults(LeaderElection.java:263)
	at org.apache.ratis.server.impl.LeaderElection.askForVotes(LeaderElection.java:201)
	at org.apache.ratis.server.impl.LeaderElection.run(LeaderElection.java:133)
	at java.lang.Thread.run(Thread.java:748)
Caused by: org.apache.ratis.thirdparty.io.grpc.StatusRuntimeException: UNAVAILABLE: io exception
	at org.apache.ratis.thirdparty.io.grpc.stub.ClientCalls.toStatusRuntimeException(ClientCalls.java:233)
	at org.apache.ratis.thirdparty.io.grpc.stub.ClientCalls.getUnchecked(ClientCalls.java:214)
	at org.apache.ratis.thirdparty.io.grpc.stub.ClientCalls.blockingUnaryCall(ClientCalls.java:139)
	at org.apache.ratis.proto.grpc.RaftServerProtocolServiceGrpc$RaftServerProtocolServiceBlockingStub.requestVote(RaftServerProtocolServiceGrpc.java:265)
	at org.apache.ratis.grpc.server.GrpcServerProtocolClient.requestVote(GrpcServerProtocolClient.java:90)
	at org.apache.ratis.grpc.server.GrpcService.requestVote(GrpcService.java:204)
	at org.apache.ratis.server.impl.LeaderElection.lambda$submitRequests$1(LeaderElection.java:238)
	at java.util.concurrent.FutureTask.run(FutureTask.java:266)
	at java.util.concurrent.Executors$RunnableAdapter.call(Executors.java:511)
	at java.util.concurrent.FutureTask.run(FutureTask.java:266)
	at java.util.concurrent.ThreadPoolExecutor.runWorker(ThreadPoolExecutor.java:1149)
	at java.util.concurrent.ThreadPoolExecutor$Worker.run(ThreadPoolExecutor.java:624)
	... 1 more
Caused by: org.apache.ratis.thirdparty.io.netty.channel.AbstractChannel$AnnotatedConnectException: Connection refused: /192.168.5.159:45599
	at sun.nio.ch.SocketChannelImpl.checkConnect(Native Method)
	at sun.nio.ch.SocketChannelImpl.finishConnect(SocketChannelImpl.java:717)
	at org.apache.ratis.thirdparty.io.netty.channel.socket.nio.NioSocketChannel.doFinishConnect(NioSocketChannel.java:327)
	at org.apache.ratis.thirdparty.io.netty.channel.nio.AbstractNioChannel$AbstractNioUnsafe.finishConnect(AbstractNioChannel.java:340)
	at org.apache.ratis.thirdparty.io.netty.channel.nio.NioEventLoop.processSelectedKey(NioEventLoop.java:632)
	at org.apache.ratis.thirdparty.io.netty.channel.nio.NioEventLoop.processSelectedKeysOptimized(NioEventLoop.java:579)
	at org.apache.ratis.thirdparty.io.netty.channel.nio.NioEventLoop.processSelectedKeys(NioEventLoop.java:496)
	at org.apache.ratis.thirdparty.io.netty.channel.nio.NioEventLoop.run(NioEventLoop.java:458)
	at org.apache.ratis.thirdparty.io.netty.util.concurrent.SingleThreadEventExecutor$5.run(SingleThreadEventExecutor.java:897)
	at org.apache.ratis.thirdparty.io.netty.util.concurrent.FastThreadLocalRunnable.run(FastThreadLocalRunnable.java:30)
	... 1 more
Caused by: java.net.ConnectException: Connection refused
	... 11 more
2019-10-14 14:43:03,972 [caa892f0-76ff-4c1e-b30f-b7c59842badc@group-E0B7C1D5C8D3:LeaderElection94] INFO  impl.LeaderElection (LogUtils.java:infoOrTrace(149)) -   Exception 1: {}
java.util.concurrent.ExecutionException: org.apache.ratis.thirdparty.io.grpc.StatusRuntimeException: UNAVAILABLE: io exception
	at java.util.concurrent.FutureTask.report(FutureTask.java:122)
	at java.util.concurrent.FutureTask.get(FutureTask.java:192)
	at org.apache.ratis.server.impl.LeaderElection.waitForResults(LeaderElection.java:263)
	at org.apache.ratis.server.impl.LeaderElection.askForVotes(LeaderElection.java:201)
	at org.apache.ratis.server.impl.LeaderElection.run(LeaderElection.java:133)
	at java.lang.Thread.run(Thread.java:748)
Caused by: org.apache.ratis.thirdparty.io.grpc.StatusRuntimeException: UNAVAILABLE: io exception
	at org.apache.ratis.thirdparty.io.grpc.stub.ClientCalls.toStatusRuntimeException(ClientCalls.java:233)
	at org.apache.ratis.thirdparty.io.grpc.stub.ClientCalls.getUnchecked(ClientCalls.java:214)
	at org.apache.ratis.thirdparty.io.grpc.stub.ClientCalls.blockingUnaryCall(ClientCalls.java:139)
	at org.apache.ratis.proto.grpc.RaftServerProtocolServiceGrpc$RaftServerProtocolServiceBlockingStub.requestVote(RaftServerProtocolServiceGrpc.java:265)
	at org.apache.ratis.grpc.server.GrpcServerProtocolClient.requestVote(GrpcServerProtocolClient.java:90)
	at org.apache.ratis.grpc.server.GrpcService.requestVote(GrpcService.java:204)
	at org.apache.ratis.server.impl.LeaderElection.lambda$submitRequests$1(LeaderElection.java:238)
	at java.util.concurrent.FutureTask.run(FutureTask.java:266)
	at java.util.concurrent.Executors$RunnableAdapter.call(Executors.java:511)
	at java.util.concurrent.FutureTask.run(FutureTask.java:266)
	at java.util.concurrent.ThreadPoolExecutor.runWorker(ThreadPoolExecutor.java:1149)
	at java.util.concurrent.ThreadPoolExecutor$Worker.run(ThreadPoolExecutor.java:624)
	... 1 more
Caused by: org.apache.ratis.thirdparty.io.netty.channel.AbstractChannel$AnnotatedConnectException: Connection refused: /192.168.5.159:44598
	at sun.nio.ch.SocketChannelImpl.checkConnect(Native Method)
	at sun.nio.ch.SocketChannelImpl.finishConnect(SocketChannelImpl.java:717)
	at org.apache.ratis.thirdparty.io.netty.channel.socket.nio.NioSocketChannel.doFinishConnect(NioSocketChannel.java:327)
	at org.apache.ratis.thirdparty.io.netty.channel.nio.AbstractNioChannel$AbstractNioUnsafe.finishConnect(AbstractNioChannel.java:340)
	at org.apache.ratis.thirdparty.io.netty.channel.nio.NioEventLoop.processSelectedKey(NioEventLoop.java:632)
	at org.apache.ratis.thirdparty.io.netty.channel.nio.NioEventLoop.processSelectedKeysOptimized(NioEventLoop.java:579)
	at org.apache.ratis.thirdparty.io.netty.channel.nio.NioEventLoop.processSelectedKeys(NioEventLoop.java:496)
	at org.apache.ratis.thirdparty.io.netty.channel.nio.NioEventLoop.run(NioEventLoop.java:458)
	at org.apache.ratis.thirdparty.io.netty.util.concurrent.SingleThreadEventExecutor$5.run(SingleThreadEventExecutor.java:897)
	at org.apache.ratis.thirdparty.io.netty.util.concurrent.FastThreadLocalRunnable.run(FastThreadLocalRunnable.java:30)
	... 1 more
Caused by: java.net.ConnectException: Connection refused
	... 11 more
2019-10-14 14:43:03,973 [caa892f0-76ff-4c1e-b30f-b7c59842badc@group-E0B7C1D5C8D3:LeaderElection94] INFO  impl.RaftServerImpl (RaftServerImpl.java:setRole(174)) - caa892f0-76ff-4c1e-b30f-b7c59842badc@group-E0B7C1D5C8D3: changes role from CANDIDATE to FOLLOWER at term 30 for DISCOVERED_A_NEW_TERM
2019-10-14 14:43:03,973 [caa892f0-76ff-4c1e-b30f-b7c59842badc@group-E0B7C1D5C8D3:LeaderElection94] INFO  impl.RoleInfo (RoleInfo.java:shutdownLeaderElection(134)) - caa892f0-76ff-4c1e-b30f-b7c59842badc: shutdown LeaderElection
2019-10-14 14:43:03,973 [caa892f0-76ff-4c1e-b30f-b7c59842badc@group-E0B7C1D5C8D3:LeaderElection94] INFO  impl.RoleInfo (RoleInfo.java:updateAndGet(143)) - caa892f0-76ff-4c1e-b30f-b7c59842badc: start FollowerState
2019-10-14 14:43:04,115 [grpc-default-executor-2] WARN  server.GrpcLogAppender (LogUtils.java:warn(134)) - caa892f0-76ff-4c1e-b30f-b7c59842badc@group-382452901537->f9748ec4-5d8a-4dfc-8690-85b8cdac3f5d-AppendLogResponseHandler: Failed appendEntries: org.apache.ratis.thirdparty.io.grpc.StatusRuntimeException: UNAVAILABLE: io exception
2019-10-14 14:43:04,115 [grpc-default-executor-5] WARN  server.GrpcLogAppender (LogUtils.java:warn(134)) - caa892f0-76ff-4c1e-b30f-b7c59842badc@group-382452901537->07a15819-e4fc-4072-82ac-b3e77a99d12a-AppendLogResponseHandler: Failed appendEntries: org.apache.ratis.thirdparty.io.grpc.StatusRuntimeException: UNAVAILABLE: io exception
2019-10-14 14:43:04,115 [grpc-default-executor-3] WARN  server.GrpcLogAppender (LogUtils.java:warn(134)) - caa892f0-76ff-4c1e-b30f-b7c59842badc@group-026CFA11C8A1->f9748ec4-5d8a-4dfc-8690-85b8cdac3f5d-AppendLogResponseHandler: Failed appendEntries: org.apache.ratis.thirdparty.io.grpc.StatusRuntimeException: UNAVAILABLE: io exception
2019-10-14 14:43:04,115 [grpc-default-executor-8] WARN  server.GrpcLogAppender (LogUtils.java:warn(134)) - caa892f0-76ff-4c1e-b30f-b7c59842badc@group-026CFA11C8A1->07a15819-e4fc-4072-82ac-b3e77a99d12a-AppendLogResponseHandler: Failed appendEntries: org.apache.ratis.thirdparty.io.grpc.StatusRuntimeException: UNAVAILABLE: io exception
2019-10-14 14:43:04,116 [grpc-default-executor-3] INFO  impl.FollowerInfo (FollowerInfo.java:lambda$new$0(51)) - caa892f0-76ff-4c1e-b30f-b7c59842badc@group-026CFA11C8A1->f9748ec4-5d8a-4dfc-8690-85b8cdac3f5d: nextIndex: updateUnconditionally 0 -> 0
2019-10-14 14:43:04,116 [grpc-default-executor-5] INFO  impl.FollowerInfo (FollowerInfo.java:lambda$new$0(51)) - caa892f0-76ff-4c1e-b30f-b7c59842badc@group-382452901537->07a15819-e4fc-4072-82ac-b3e77a99d12a: nextIndex: updateUnconditionally 0 -> 0
2019-10-14 14:43:04,115 [grpc-default-executor-2] INFO  impl.FollowerInfo (FollowerInfo.java:lambda$new$0(51)) - caa892f0-76ff-4c1e-b30f-b7c59842badc@group-382452901537->f9748ec4-5d8a-4dfc-8690-85b8cdac3f5d: nextIndex: updateUnconditionally 0 -> 0
2019-10-14 14:43:04,116 [grpc-default-executor-8] INFO  impl.FollowerInfo (FollowerInfo.java:lambda$new$0(51)) - caa892f0-76ff-4c1e-b30f-b7c59842badc@group-026CFA11C8A1->07a15819-e4fc-4072-82ac-b3e77a99d12a: nextIndex: updateUnconditionally 0 -> 0
2019-10-14 14:43:04,294 [Thread-1632] INFO  impl.FollowerState (FollowerState.java:run(106)) - caa892f0-76ff-4c1e-b30f-b7c59842badc:group-EA752D978E74 changes to CANDIDATE, lastRpcTime:1182, electionTimeout:1182ms
2019-10-14 14:43:04,294 [Thread-1632] INFO  impl.RoleInfo (RoleInfo.java:shutdownFollowerState(121)) - caa892f0-76ff-4c1e-b30f-b7c59842badc: shutdown FollowerState
2019-10-14 14:43:04,294 [Thread-1632] INFO  impl.RaftServerImpl (RaftServerImpl.java:setRole(174)) - caa892f0-76ff-4c1e-b30f-b7c59842badc@group-EA752D978E74: changes role from  FOLLOWER to CANDIDATE at term 28 for changeToCandidate
2019-10-14 14:43:04,295 [Thread-1632] INFO  impl.RoleInfo (RoleInfo.java:updateAndGet(143)) - caa892f0-76ff-4c1e-b30f-b7c59842badc: start LeaderElection
2019-10-14 14:43:04,308 [caa892f0-76ff-4c1e-b30f-b7c59842badc@group-EA752D978E74:LeaderElection95] INFO  impl.LeaderElection (LeaderElection.java:askForVotes(182)) - caa892f0-76ff-4c1e-b30f-b7c59842badc@group-EA752D978E74:LeaderElection95: begin an election at term 29 for 0: [07a15819-e4fc-4072-82ac-b3e77a99d12a:192.168.5.159:45599, f9748ec4-5d8a-4dfc-8690-85b8cdac3f5d:192.168.5.159:44598, caa892f0-76ff-4c1e-b30f-b7c59842badc:192.168.5.159:39406], old=null
2019-10-14 14:43:04,311 [caa892f0-76ff-4c1e-b30f-b7c59842badc@group-EA752D978E74:LeaderElection95] INFO  impl.LeaderElection (LogUtils.java:infoOrTrace(149)) - caa892f0-76ff-4c1e-b30f-b7c59842badc@group-EA752D978E74:LeaderElection95 got exception when requesting votes: {}
java.util.concurrent.ExecutionException: org.apache.ratis.thirdparty.io.grpc.StatusRuntimeException: UNAVAILABLE: io exception
	at java.util.concurrent.FutureTask.report(FutureTask.java:122)
	at java.util.concurrent.FutureTask.get(FutureTask.java:192)
	at org.apache.ratis.server.impl.LeaderElection.waitForResults(LeaderElection.java:263)
	at org.apache.ratis.server.impl.LeaderElection.askForVotes(LeaderElection.java:201)
	at org.apache.ratis.server.impl.LeaderElection.run(LeaderElection.java:133)
	at java.lang.Thread.run(Thread.java:748)
Caused by: org.apache.ratis.thirdparty.io.grpc.StatusRuntimeException: UNAVAILABLE: io exception
	at org.apache.ratis.thirdparty.io.grpc.stub.ClientCalls.toStatusRuntimeException(ClientCalls.java:233)
	at org.apache.ratis.thirdparty.io.grpc.stub.ClientCalls.getUnchecked(ClientCalls.java:214)
	at org.apache.ratis.thirdparty.io.grpc.stub.ClientCalls.blockingUnaryCall(ClientCalls.java:139)
	at org.apache.ratis.proto.grpc.RaftServerProtocolServiceGrpc$RaftServerProtocolServiceBlockingStub.requestVote(RaftServerProtocolServiceGrpc.java:265)
	at org.apache.ratis.grpc.server.GrpcServerProtocolClient.requestVote(GrpcServerProtocolClient.java:90)
	at org.apache.ratis.grpc.server.GrpcService.requestVote(GrpcService.java:204)
	at org.apache.ratis.server.impl.LeaderElection.lambda$submitRequests$1(LeaderElection.java:238)
	at java.util.concurrent.FutureTask.run(FutureTask.java:266)
	at java.util.concurrent.Executors$RunnableAdapter.call(Executors.java:511)
	at java.util.concurrent.FutureTask.run(FutureTask.java:266)
	at java.util.concurrent.ThreadPoolExecutor.runWorker(ThreadPoolExecutor.java:1149)
	at java.util.concurrent.ThreadPoolExecutor$Worker.run(ThreadPoolExecutor.java:624)
	... 1 more
Caused by: org.apache.ratis.thirdparty.io.netty.channel.AbstractChannel$AnnotatedConnectException: Connection refused: /192.168.5.159:45599
	at sun.nio.ch.SocketChannelImpl.checkConnect(Native Method)
	at sun.nio.ch.SocketChannelImpl.finishConnect(SocketChannelImpl.java:717)
	at org.apache.ratis.thirdparty.io.netty.channel.socket.nio.NioSocketChannel.doFinishConnect(NioSocketChannel.java:327)
	at org.apache.ratis.thirdparty.io.netty.channel.nio.AbstractNioChannel$AbstractNioUnsafe.finishConnect(AbstractNioChannel.java:340)
	at org.apache.ratis.thirdparty.io.netty.channel.nio.NioEventLoop.processSelectedKey(NioEventLoop.java:632)
	at org.apache.ratis.thirdparty.io.netty.channel.nio.NioEventLoop.processSelectedKeysOptimized(NioEventLoop.java:579)
	at org.apache.ratis.thirdparty.io.netty.channel.nio.NioEventLoop.processSelectedKeys(NioEventLoop.java:496)
	at org.apache.ratis.thirdparty.io.netty.channel.nio.NioEventLoop.run(NioEventLoop.java:458)
	at org.apache.ratis.thirdparty.io.netty.util.concurrent.SingleThreadEventExecutor$5.run(SingleThreadEventExecutor.java:897)
	at org.apache.ratis.thirdparty.io.netty.util.concurrent.FastThreadLocalRunnable.run(FastThreadLocalRunnable.java:30)
	... 1 more
Caused by: java.net.ConnectException: Connection refused
	... 11 more
2019-10-14 14:43:04,311 [caa892f0-76ff-4c1e-b30f-b7c59842badc@group-EA752D978E74:LeaderElection95] INFO  impl.LeaderElection (LogUtils.java:infoOrTrace(149)) - caa892f0-76ff-4c1e-b30f-b7c59842badc@group-EA752D978E74:LeaderElection95 got exception when requesting votes: {}
java.util.concurrent.ExecutionException: org.apache.ratis.thirdparty.io.grpc.StatusRuntimeException: UNAVAILABLE: io exception
	at java.util.concurrent.FutureTask.report(FutureTask.java:122)
	at java.util.concurrent.FutureTask.get(FutureTask.java:192)
	at org.apache.ratis.server.impl.LeaderElection.waitForResults(LeaderElection.java:263)
	at org.apache.ratis.server.impl.LeaderElection.askForVotes(LeaderElection.java:201)
	at org.apache.ratis.server.impl.LeaderElection.run(LeaderElection.java:133)
	at java.lang.Thread.run(Thread.java:748)
Caused by: org.apache.ratis.thirdparty.io.grpc.StatusRuntimeException: UNAVAILABLE: io exception
	at org.apache.ratis.thirdparty.io.grpc.stub.ClientCalls.toStatusRuntimeException(ClientCalls.java:233)
	at org.apache.ratis.thirdparty.io.grpc.stub.ClientCalls.getUnchecked(ClientCalls.java:214)
	at org.apache.ratis.thirdparty.io.grpc.stub.ClientCalls.blockingUnaryCall(ClientCalls.java:139)
	at org.apache.ratis.proto.grpc.RaftServerProtocolServiceGrpc$RaftServerProtocolServiceBlockingStub.requestVote(RaftServerProtocolServiceGrpc.java:265)
	at org.apache.ratis.grpc.server.GrpcServerProtocolClient.requestVote(GrpcServerProtocolClient.java:90)
	at org.apache.ratis.grpc.server.GrpcService.requestVote(GrpcService.java:204)
	at org.apache.ratis.server.impl.LeaderElection.lambda$submitRequests$1(LeaderElection.java:238)
	at java.util.concurrent.FutureTask.run(FutureTask.java:266)
	at java.util.concurrent.Executors$RunnableAdapter.call(Executors.java:511)
	at java.util.concurrent.FutureTask.run(FutureTask.java:266)
	at java.util.concurrent.ThreadPoolExecutor.runWorker(ThreadPoolExecutor.java:1149)
	at java.util.concurrent.ThreadPoolExecutor$Worker.run(ThreadPoolExecutor.java:624)
	... 1 more
Caused by: org.apache.ratis.thirdparty.io.netty.channel.AbstractChannel$AnnotatedConnectException: Connection refused: /192.168.5.159:44598
	at sun.nio.ch.SocketChannelImpl.checkConnect(Native Method)
	at sun.nio.ch.SocketChannelImpl.finishConnect(SocketChannelImpl.java:717)
	at org.apache.ratis.thirdparty.io.netty.channel.socket.nio.NioSocketChannel.doFinishConnect(NioSocketChannel.java:327)
	at org.apache.ratis.thirdparty.io.netty.channel.nio.AbstractNioChannel$AbstractNioUnsafe.finishConnect(AbstractNioChannel.java:340)
	at org.apache.ratis.thirdparty.io.netty.channel.nio.NioEventLoop.processSelectedKey(NioEventLoop.java:632)
	at org.apache.ratis.thirdparty.io.netty.channel.nio.NioEventLoop.processSelectedKeysOptimized(NioEventLoop.java:579)
	at org.apache.ratis.thirdparty.io.netty.channel.nio.NioEventLoop.processSelectedKeys(NioEventLoop.java:496)
	at org.apache.ratis.thirdparty.io.netty.channel.nio.NioEventLoop.run(NioEventLoop.java:458)
	at org.apache.ratis.thirdparty.io.netty.util.concurrent.SingleThreadEventExecutor$5.run(SingleThreadEventExecutor.java:897)
	at org.apache.ratis.thirdparty.io.netty.util.concurrent.FastThreadLocalRunnable.run(FastThreadLocalRunnable.java:30)
	... 1 more
Caused by: java.net.ConnectException: Connection refused
	... 11 more
2019-10-14 14:43:04,312 [caa892f0-76ff-4c1e-b30f-b7c59842badc@group-EA752D978E74:LeaderElection95] INFO  impl.LeaderElection (LeaderElection.java:logAndReturn(56)) - caa892f0-76ff-4c1e-b30f-b7c59842badc@group-EA752D978E74:LeaderElection95: Election REJECTED; received 0 response(s) [] and 2 exception(s); caa892f0-76ff-4c1e-b30f-b7c59842badc@group-EA752D978E74:t29, leader=null, voted=caa892f0-76ff-4c1e-b30f-b7c59842badc, raftlog=caa892f0-76ff-4c1e-b30f-b7c59842badc@group-EA752D978E74-SegmentedRaftLog:OPENED:c16,f16,i16, conf=0: [07a15819-e4fc-4072-82ac-b3e77a99d12a:192.168.5.159:45599, f9748ec4-5d8a-4dfc-8690-85b8cdac3f5d:192.168.5.159:44598, caa892f0-76ff-4c1e-b30f-b7c59842badc:192.168.5.159:39406], old=null
2019-10-14 14:43:04,312 [caa892f0-76ff-4c1e-b30f-b7c59842badc@group-EA752D978E74:LeaderElection95] INFO  impl.LeaderElection (LogUtils.java:infoOrTrace(149)) -   Exception 0: {}
java.util.concurrent.ExecutionException: org.apache.ratis.thirdparty.io.grpc.StatusRuntimeException: UNAVAILABLE: io exception
	at java.util.concurrent.FutureTask.report(FutureTask.java:122)
	at java.util.concurrent.FutureTask.get(FutureTask.java:192)
	at org.apache.ratis.server.impl.LeaderElection.waitForResults(LeaderElection.java:263)
	at org.apache.ratis.server.impl.LeaderElection.askForVotes(LeaderElection.java:201)
	at org.apache.ratis.server.impl.LeaderElection.run(LeaderElection.java:133)
	at java.lang.Thread.run(Thread.java:748)
Caused by: org.apache.ratis.thirdparty.io.grpc.StatusRuntimeException: UNAVAILABLE: io exception
	at org.apache.ratis.thirdparty.io.grpc.stub.ClientCalls.toStatusRuntimeException(ClientCalls.java:233)
	at org.apache.ratis.thirdparty.io.grpc.stub.ClientCalls.getUnchecked(ClientCalls.java:214)
	at org.apache.ratis.thirdparty.io.grpc.stub.ClientCalls.blockingUnaryCall(ClientCalls.java:139)
	at org.apache.ratis.proto.grpc.RaftServerProtocolServiceGrpc$RaftServerProtocolServiceBlockingStub.requestVote(RaftServerProtocolServiceGrpc.java:265)
	at org.apache.ratis.grpc.server.GrpcServerProtocolClient.requestVote(GrpcServerProtocolClient.java:90)
	at org.apache.ratis.grpc.server.GrpcService.requestVote(GrpcService.java:204)
	at org.apache.ratis.server.impl.LeaderElection.lambda$submitRequests$1(LeaderElection.java:238)
	at java.util.concurrent.FutureTask.run(FutureTask.java:266)
	at java.util.concurrent.Executors$RunnableAdapter.call(Executors.java:511)
	at java.util.concurrent.FutureTask.run(FutureTask.java:266)
	at java.util.concurrent.ThreadPoolExecutor.runWorker(ThreadPoolExecutor.java:1149)
	at java.util.concurrent.ThreadPoolExecutor$Worker.run(ThreadPoolExecutor.java:624)
	... 1 more
Caused by: org.apache.ratis.thirdparty.io.netty.channel.AbstractChannel$AnnotatedConnectException: Connection refused: /192.168.5.159:45599
	at sun.nio.ch.SocketChannelImpl.checkConnect(Native Method)
	at sun.nio.ch.SocketChannelImpl.finishConnect(SocketChannelImpl.java:717)
	at org.apache.ratis.thirdparty.io.netty.channel.socket.nio.NioSocketChannel.doFinishConnect(NioSocketChannel.java:327)
	at org.apache.ratis.thirdparty.io.netty.channel.nio.AbstractNioChannel$AbstractNioUnsafe.finishConnect(AbstractNioChannel.java:340)
	at org.apache.ratis.thirdparty.io.netty.channel.nio.NioEventLoop.processSelectedKey(NioEventLoop.java:632)
	at org.apache.ratis.thirdparty.io.netty.channel.nio.NioEventLoop.processSelectedKeysOptimized(NioEventLoop.java:579)
	at org.apache.ratis.thirdparty.io.netty.channel.nio.NioEventLoop.processSelectedKeys(NioEventLoop.java:496)
	at org.apache.ratis.thirdparty.io.netty.channel.nio.NioEventLoop.run(NioEventLoop.java:458)
	at org.apache.ratis.thirdparty.io.netty.util.concurrent.SingleThreadEventExecutor$5.run(SingleThreadEventExecutor.java:897)
	at org.apache.ratis.thirdparty.io.netty.util.concurrent.FastThreadLocalRunnable.run(FastThreadLocalRunnable.java:30)
	... 1 more
Caused by: java.net.ConnectException: Connection refused
	... 11 more
2019-10-14 14:43:04,312 [caa892f0-76ff-4c1e-b30f-b7c59842badc@group-EA752D978E74:LeaderElection95] INFO  impl.LeaderElection (LogUtils.java:infoOrTrace(149)) -   Exception 1: {}
java.util.concurrent.ExecutionException: org.apache.ratis.thirdparty.io.grpc.StatusRuntimeException: UNAVAILABLE: io exception
	at java.util.concurrent.FutureTask.report(FutureTask.java:122)
	at java.util.concurrent.FutureTask.get(FutureTask.java:192)
	at org.apache.ratis.server.impl.LeaderElection.waitForResults(LeaderElection.java:263)
	at org.apache.ratis.server.impl.LeaderElection.askForVotes(LeaderElection.java:201)
	at org.apache.ratis.server.impl.LeaderElection.run(LeaderElection.java:133)
	at java.lang.Thread.run(Thread.java:748)
Caused by: org.apache.ratis.thirdparty.io.grpc.StatusRuntimeException: UNAVAILABLE: io exception
	at org.apache.ratis.thirdparty.io.grpc.stub.ClientCalls.toStatusRuntimeException(ClientCalls.java:233)
	at org.apache.ratis.thirdparty.io.grpc.stub.ClientCalls.getUnchecked(ClientCalls.java:214)
	at org.apache.ratis.thirdparty.io.grpc.stub.ClientCalls.blockingUnaryCall(ClientCalls.java:139)
	at org.apache.ratis.proto.grpc.RaftServerProtocolServiceGrpc$RaftServerProtocolServiceBlockingStub.requestVote(RaftServerProtocolServiceGrpc.java:265)
	at org.apache.ratis.grpc.server.GrpcServerProtocolClient.requestVote(GrpcServerProtocolClient.java:90)
	at org.apache.ratis.grpc.server.GrpcService.requestVote(GrpcService.java:204)
	at org.apache.ratis.server.impl.LeaderElection.lambda$submitRequests$1(LeaderElection.java:238)
	at java.util.concurrent.FutureTask.run(FutureTask.java:266)
	at java.util.concurrent.Executors$RunnableAdapter.call(Executors.java:511)
	at java.util.concurrent.FutureTask.run(FutureTask.java:266)
	at java.util.concurrent.ThreadPoolExecutor.runWorker(ThreadPoolExecutor.java:1149)
	at java.util.concurrent.ThreadPoolExecutor$Worker.run(ThreadPoolExecutor.java:624)
	... 1 more
Caused by: org.apache.ratis.thirdparty.io.netty.channel.AbstractChannel$AnnotatedConnectException: Connection refused: /192.168.5.159:44598
	at sun.nio.ch.SocketChannelImpl.checkConnect(Native Method)
	at sun.nio.ch.SocketChannelImpl.finishConnect(SocketChannelImpl.java:717)
	at org.apache.ratis.thirdparty.io.netty.channel.socket.nio.NioSocketChannel.doFinishConnect(NioSocketChannel.java:327)
	at org.apache.ratis.thirdparty.io.netty.channel.nio.AbstractNioChannel$AbstractNioUnsafe.finishConnect(AbstractNioChannel.java:340)
	at org.apache.ratis.thirdparty.io.netty.channel.nio.NioEventLoop.processSelectedKey(NioEventLoop.java:632)
	at org.apache.ratis.thirdparty.io.netty.channel.nio.NioEventLoop.processSelectedKeysOptimized(NioEventLoop.java:579)
	at org.apache.ratis.thirdparty.io.netty.channel.nio.NioEventLoop.processSelectedKeys(NioEventLoop.java:496)
	at org.apache.ratis.thirdparty.io.netty.channel.nio.NioEventLoop.run(NioEventLoop.java:458)
	at org.apache.ratis.thirdparty.io.netty.util.concurrent.SingleThreadEventExecutor$5.run(SingleThreadEventExecutor.java:897)
	at org.apache.ratis.thirdparty.io.netty.util.concurrent.FastThreadLocalRunnable.run(FastThreadLocalRunnable.java:30)
	... 1 more
Caused by: java.net.ConnectException: Connection refused
	... 11 more
2019-10-14 14:43:04,312 [caa892f0-76ff-4c1e-b30f-b7c59842badc@group-EA752D978E74:LeaderElection95] INFO  impl.RaftServerImpl (RaftServerImpl.java:setRole(174)) - caa892f0-76ff-4c1e-b30f-b7c59842badc@group-EA752D978E74: changes role from CANDIDATE to FOLLOWER at term 29 for DISCOVERED_A_NEW_TERM
2019-10-14 14:43:04,313 [caa892f0-76ff-4c1e-b30f-b7c59842badc@group-EA752D978E74:LeaderElection95] INFO  impl.RoleInfo (RoleInfo.java:shutdownLeaderElection(134)) - caa892f0-76ff-4c1e-b30f-b7c59842badc: shutdown LeaderElection
2019-10-14 14:43:04,313 [caa892f0-76ff-4c1e-b30f-b7c59842badc@group-EA752D978E74:LeaderElection95] INFO  impl.RoleInfo (RoleInfo.java:updateAndGet(143)) - caa892f0-76ff-4c1e-b30f-b7c59842badc: start FollowerState
2019-10-14 14:43:04,615 [grpc-default-executor-5] WARN  server.GrpcLogAppender (LogUtils.java:warn(134)) - caa892f0-76ff-4c1e-b30f-b7c59842badc@group-026CFA11C8A1->07a15819-e4fc-4072-82ac-b3e77a99d12a-AppendLogResponseHandler: Failed appendEntries: org.apache.ratis.thirdparty.io.grpc.StatusRuntimeException: UNAVAILABLE: io exception
2019-10-14 14:43:04,615 [grpc-default-executor-8] WARN  server.GrpcLogAppender (LogUtils.java:warn(134)) - caa892f0-76ff-4c1e-b30f-b7c59842badc@group-382452901537->07a15819-e4fc-4072-82ac-b3e77a99d12a-AppendLogResponseHandler: Failed appendEntries: org.apache.ratis.thirdparty.io.grpc.StatusRuntimeException: UNAVAILABLE: io exception
2019-10-14 14:43:04,615 [grpc-default-executor-2] WARN  server.GrpcLogAppender (LogUtils.java:warn(134)) - caa892f0-76ff-4c1e-b30f-b7c59842badc@group-026CFA11C8A1->f9748ec4-5d8a-4dfc-8690-85b8cdac3f5d-AppendLogResponseHandler: Failed appendEntries: org.apache.ratis.thirdparty.io.grpc.StatusRuntimeException: UNAVAILABLE: io exception
2019-10-14 14:43:04,615 [grpc-default-executor-3] WARN  server.GrpcLogAppender (LogUtils.java:warn(134)) - caa892f0-76ff-4c1e-b30f-b7c59842badc@group-382452901537->f9748ec4-5d8a-4dfc-8690-85b8cdac3f5d-AppendLogResponseHandler: Failed appendEntries: org.apache.ratis.thirdparty.io.grpc.StatusRuntimeException: UNAVAILABLE: io exception
2019-10-14 14:43:04,616 [grpc-default-executor-2] INFO  impl.FollowerInfo (FollowerInfo.java:lambda$new$0(51)) - caa892f0-76ff-4c1e-b30f-b7c59842badc@group-026CFA11C8A1->f9748ec4-5d8a-4dfc-8690-85b8cdac3f5d: nextIndex: updateUnconditionally 0 -> 0
2019-10-14 14:43:04,616 [grpc-default-executor-8] INFO  impl.FollowerInfo (FollowerInfo.java:lambda$new$0(51)) - caa892f0-76ff-4c1e-b30f-b7c59842badc@group-382452901537->07a15819-e4fc-4072-82ac-b3e77a99d12a: nextIndex: updateUnconditionally 0 -> 0
2019-10-14 14:43:04,616 [grpc-default-executor-5] INFO  impl.FollowerInfo (FollowerInfo.java:lambda$new$0(51)) - caa892f0-76ff-4c1e-b30f-b7c59842badc@group-026CFA11C8A1->07a15819-e4fc-4072-82ac-b3e77a99d12a: nextIndex: updateUnconditionally 0 -> 0
2019-10-14 14:43:04,616 [grpc-default-executor-3] INFO  impl.FollowerInfo (FollowerInfo.java:lambda$new$0(51)) - caa892f0-76ff-4c1e-b30f-b7c59842badc@group-382452901537->f9748ec4-5d8a-4dfc-8690-85b8cdac3f5d: nextIndex: updateUnconditionally 0 -> 0
2019-10-14 14:43:05,011 [Thread-1653] INFO  impl.FollowerState (FollowerState.java:run(106)) - caa892f0-76ff-4c1e-b30f-b7c59842badc:group-E0B7C1D5C8D3 changes to CANDIDATE, lastRpcTime:1038, electionTimeout:1038ms
2019-10-14 14:43:05,012 [Thread-1653] INFO  impl.RoleInfo (RoleInfo.java:shutdownFollowerState(121)) - caa892f0-76ff-4c1e-b30f-b7c59842badc: shutdown FollowerState
2019-10-14 14:43:05,012 [Thread-1653] INFO  impl.RaftServerImpl (RaftServerImpl.java:setRole(174)) - caa892f0-76ff-4c1e-b30f-b7c59842badc@group-E0B7C1D5C8D3: changes role from  FOLLOWER to CANDIDATE at term 30 for changeToCandidate
2019-10-14 14:43:05,012 [Thread-1653] INFO  impl.RoleInfo (RoleInfo.java:updateAndGet(143)) - caa892f0-76ff-4c1e-b30f-b7c59842badc: start LeaderElection
2019-10-14 14:43:05,026 [caa892f0-76ff-4c1e-b30f-b7c59842badc@group-E0B7C1D5C8D3:LeaderElection96] INFO  impl.LeaderElection (LeaderElection.java:askForVotes(182)) - caa892f0-76ff-4c1e-b30f-b7c59842badc@group-E0B7C1D5C8D3:LeaderElection96: begin an election at term 31 for 0: [07a15819-e4fc-4072-82ac-b3e77a99d12a:192.168.5.159:45599, f9748ec4-5d8a-4dfc-8690-85b8cdac3f5d:192.168.5.159:44598, caa892f0-76ff-4c1e-b30f-b7c59842badc:192.168.5.159:39406], old=null
2019-10-14 14:43:05,028 [caa892f0-76ff-4c1e-b30f-b7c59842badc@group-E0B7C1D5C8D3:LeaderElection96] INFO  impl.LeaderElection (LogUtils.java:infoOrTrace(149)) - caa892f0-76ff-4c1e-b30f-b7c59842badc@group-E0B7C1D5C8D3:LeaderElection96 got exception when requesting votes: {}
java.util.concurrent.ExecutionException: org.apache.ratis.thirdparty.io.grpc.StatusRuntimeException: UNAVAILABLE: io exception
	at java.util.concurrent.FutureTask.report(FutureTask.java:122)
	at java.util.concurrent.FutureTask.get(FutureTask.java:192)
	at org.apache.ratis.server.impl.LeaderElection.waitForResults(LeaderElection.java:263)
	at org.apache.ratis.server.impl.LeaderElection.askForVotes(LeaderElection.java:201)
	at org.apache.ratis.server.impl.LeaderElection.run(LeaderElection.java:133)
	at java.lang.Thread.run(Thread.java:748)
Caused by: org.apache.ratis.thirdparty.io.grpc.StatusRuntimeException: UNAVAILABLE: io exception
	at org.apache.ratis.thirdparty.io.grpc.stub.ClientCalls.toStatusRuntimeException(ClientCalls.java:233)
	at org.apache.ratis.thirdparty.io.grpc.stub.ClientCalls.getUnchecked(ClientCalls.java:214)
	at org.apache.ratis.thirdparty.io.grpc.stub.ClientCalls.blockingUnaryCall(ClientCalls.java:139)
	at org.apache.ratis.proto.grpc.RaftServerProtocolServiceGrpc$RaftServerProtocolServiceBlockingStub.requestVote(RaftServerProtocolServiceGrpc.java:265)
	at org.apache.ratis.grpc.server.GrpcServerProtocolClient.requestVote(GrpcServerProtocolClient.java:90)
	at org.apache.ratis.grpc.server.GrpcService.requestVote(GrpcService.java:204)
	at org.apache.ratis.server.impl.LeaderElection.lambda$submitRequests$1(LeaderElection.java:238)
	at java.util.concurrent.FutureTask.run(FutureTask.java:266)
	at java.util.concurrent.Executors$RunnableAdapter.call(Executors.java:511)
	at java.util.concurrent.FutureTask.run(FutureTask.java:266)
	at java.util.concurrent.ThreadPoolExecutor.runWorker(ThreadPoolExecutor.java:1149)
	at java.util.concurrent.ThreadPoolExecutor$Worker.run(ThreadPoolExecutor.java:624)
	... 1 more
Caused by: org.apache.ratis.thirdparty.io.netty.channel.AbstractChannel$AnnotatedConnectException: Connection refused: /192.168.5.159:44598
	at sun.nio.ch.SocketChannelImpl.checkConnect(Native Method)
	at sun.nio.ch.SocketChannelImpl.finishConnect(SocketChannelImpl.java:717)
	at org.apache.ratis.thirdparty.io.netty.channel.socket.nio.NioSocketChannel.doFinishConnect(NioSocketChannel.java:327)
	at org.apache.ratis.thirdparty.io.netty.channel.nio.AbstractNioChannel$AbstractNioUnsafe.finishConnect(AbstractNioChannel.java:340)
	at org.apache.ratis.thirdparty.io.netty.channel.nio.NioEventLoop.processSelectedKey(NioEventLoop.java:632)
	at org.apache.ratis.thirdparty.io.netty.channel.nio.NioEventLoop.processSelectedKeysOptimized(NioEventLoop.java:579)
	at org.apache.ratis.thirdparty.io.netty.channel.nio.NioEventLoop.processSelectedKeys(NioEventLoop.java:496)
	at org.apache.ratis.thirdparty.io.netty.channel.nio.NioEventLoop.run(NioEventLoop.java:458)
	at org.apache.ratis.thirdparty.io.netty.util.concurrent.SingleThreadEventExecutor$5.run(SingleThreadEventExecutor.java:897)
	at org.apache.ratis.thirdparty.io.netty.util.concurrent.FastThreadLocalRunnable.run(FastThreadLocalRunnable.java:30)
	... 1 more
Caused by: java.net.ConnectException: Connection refused
	... 11 more
2019-10-14 14:43:05,029 [caa892f0-76ff-4c1e-b30f-b7c59842badc@group-E0B7C1D5C8D3:LeaderElection96] INFO  impl.LeaderElection (LogUtils.java:infoOrTrace(149)) - caa892f0-76ff-4c1e-b30f-b7c59842badc@group-E0B7C1D5C8D3:LeaderElection96 got exception when requesting votes: {}
java.util.concurrent.ExecutionException: org.apache.ratis.thirdparty.io.grpc.StatusRuntimeException: UNAVAILABLE: io exception
	at java.util.concurrent.FutureTask.report(FutureTask.java:122)
	at java.util.concurrent.FutureTask.get(FutureTask.java:192)
	at org.apache.ratis.server.impl.LeaderElection.waitForResults(LeaderElection.java:263)
	at org.apache.ratis.server.impl.LeaderElection.askForVotes(LeaderElection.java:201)
	at org.apache.ratis.server.impl.LeaderElection.run(LeaderElection.java:133)
	at java.lang.Thread.run(Thread.java:748)
Caused by: org.apache.ratis.thirdparty.io.grpc.StatusRuntimeException: UNAVAILABLE: io exception
	at org.apache.ratis.thirdparty.io.grpc.stub.ClientCalls.toStatusRuntimeException(ClientCalls.java:233)
	at org.apache.ratis.thirdparty.io.grpc.stub.ClientCalls.getUnchecked(ClientCalls.java:214)
	at org.apache.ratis.thirdparty.io.grpc.stub.ClientCalls.blockingUnaryCall(ClientCalls.java:139)
	at org.apache.ratis.proto.grpc.RaftServerProtocolServiceGrpc$RaftServerProtocolServiceBlockingStub.requestVote(RaftServerProtocolServiceGrpc.java:265)
	at org.apache.ratis.grpc.server.GrpcServerProtocolClient.requestVote(GrpcServerProtocolClient.java:90)
	at org.apache.ratis.grpc.server.GrpcService.requestVote(GrpcService.java:204)
	at org.apache.ratis.server.impl.LeaderElection.lambda$submitRequests$1(LeaderElection.java:238)
	at java.util.concurrent.FutureTask.run(FutureTask.java:266)
	at java.util.concurrent.Executors$RunnableAdapter.call(Executors.java:511)
	at java.util.concurrent.FutureTask.run(FutureTask.java:266)
	at java.util.concurrent.ThreadPoolExecutor.runWorker(ThreadPoolExecutor.java:1149)
	at java.util.concurrent.ThreadPoolExecutor$Worker.run(ThreadPoolExecutor.java:624)
	... 1 more
Caused by: org.apache.ratis.thirdparty.io.netty.channel.AbstractChannel$AnnotatedConnectException: Connection refused: /192.168.5.159:45599
	at sun.nio.ch.SocketChannelImpl.checkConnect(Native Method)
	at sun.nio.ch.SocketChannelImpl.finishConnect(SocketChannelImpl.java:717)
	at org.apache.ratis.thirdparty.io.netty.channel.socket.nio.NioSocketChannel.doFinishConnect(NioSocketChannel.java:327)
	at org.apache.ratis.thirdparty.io.netty.channel.nio.AbstractNioChannel$AbstractNioUnsafe.finishConnect(AbstractNioChannel.java:340)
	at org.apache.ratis.thirdparty.io.netty.channel.nio.NioEventLoop.processSelectedKey(NioEventLoop.java:632)
	at org.apache.ratis.thirdparty.io.netty.channel.nio.NioEventLoop.processSelectedKeysOptimized(NioEventLoop.java:579)
	at org.apache.ratis.thirdparty.io.netty.channel.nio.NioEventLoop.processSelectedKeys(NioEventLoop.java:496)
	at org.apache.ratis.thirdparty.io.netty.channel.nio.NioEventLoop.run(NioEventLoop.java:458)
	at org.apache.ratis.thirdparty.io.netty.util.concurrent.SingleThreadEventExecutor$5.run(SingleThreadEventExecutor.java:897)
	at org.apache.ratis.thirdparty.io.netty.util.concurrent.FastThreadLocalRunnable.run(FastThreadLocalRunnable.java:30)
	... 1 more
Caused by: java.net.ConnectException: Connection refused
	... 11 more
2019-10-14 14:43:05,029 [caa892f0-76ff-4c1e-b30f-b7c59842badc@group-E0B7C1D5C8D3:LeaderElection96] INFO  impl.LeaderElection (LeaderElection.java:logAndReturn(56)) - caa892f0-76ff-4c1e-b30f-b7c59842badc@group-E0B7C1D5C8D3:LeaderElection96: Election REJECTED; received 0 response(s) [] and 2 exception(s); caa892f0-76ff-4c1e-b30f-b7c59842badc@group-E0B7C1D5C8D3:t31, leader=null, voted=caa892f0-76ff-4c1e-b30f-b7c59842badc, raftlog=caa892f0-76ff-4c1e-b30f-b7c59842badc@group-E0B7C1D5C8D3-SegmentedRaftLog:OPENED:c0,f0,i0, conf=0: [07a15819-e4fc-4072-82ac-b3e77a99d12a:192.168.5.159:45599, f9748ec4-5d8a-4dfc-8690-85b8cdac3f5d:192.168.5.159:44598, caa892f0-76ff-4c1e-b30f-b7c59842badc:192.168.5.159:39406], old=null
2019-10-14 14:43:05,029 [caa892f0-76ff-4c1e-b30f-b7c59842badc@group-E0B7C1D5C8D3:LeaderElection96] INFO  impl.LeaderElection (LogUtils.java:infoOrTrace(149)) -   Exception 0: {}
java.util.concurrent.ExecutionException: org.apache.ratis.thirdparty.io.grpc.StatusRuntimeException: UNAVAILABLE: io exception
	at java.util.concurrent.FutureTask.report(FutureTask.java:122)
	at java.util.concurrent.FutureTask.get(FutureTask.java:192)
	at org.apache.ratis.server.impl.LeaderElection.waitForResults(LeaderElection.java:263)
	at org.apache.ratis.server.impl.LeaderElection.askForVotes(LeaderElection.java:201)
	at org.apache.ratis.server.impl.LeaderElection.run(LeaderElection.java:133)
	at java.lang.Thread.run(Thread.java:748)
Caused by: org.apache.ratis.thirdparty.io.grpc.StatusRuntimeException: UNAVAILABLE: io exception
	at org.apache.ratis.thirdparty.io.grpc.stub.ClientCalls.toStatusRuntimeException(ClientCalls.java:233)
	at org.apache.ratis.thirdparty.io.grpc.stub.ClientCalls.getUnchecked(ClientCalls.java:214)
	at org.apache.ratis.thirdparty.io.grpc.stub.ClientCalls.blockingUnaryCall(ClientCalls.java:139)
	at org.apache.ratis.proto.grpc.RaftServerProtocolServiceGrpc$RaftServerProtocolServiceBlockingStub.requestVote(RaftServerProtocolServiceGrpc.java:265)
	at org.apache.ratis.grpc.server.GrpcServerProtocolClient.requestVote(GrpcServerProtocolClient.java:90)
	at org.apache.ratis.grpc.server.GrpcService.requestVote(GrpcService.java:204)
	at org.apache.ratis.server.impl.LeaderElection.lambda$submitRequests$1(LeaderElection.java:238)
	at java.util.concurrent.FutureTask.run(FutureTask.java:266)
	at java.util.concurrent.Executors$RunnableAdapter.call(Executors.java:511)
	at java.util.concurrent.FutureTask.run(FutureTask.java:266)
	at java.util.concurrent.ThreadPoolExecutor.runWorker(ThreadPoolExecutor.java:1149)
	at java.util.concurrent.ThreadPoolExecutor$Worker.run(ThreadPoolExecutor.java:624)
	... 1 more
Caused by: org.apache.ratis.thirdparty.io.netty.channel.AbstractChannel$AnnotatedConnectException: Connection refused: /192.168.5.159:44598
	at sun.nio.ch.SocketChannelImpl.checkConnect(Native Method)
	at sun.nio.ch.SocketChannelImpl.finishConnect(SocketChannelImpl.java:717)
	at org.apache.ratis.thirdparty.io.netty.channel.socket.nio.NioSocketChannel.doFinishConnect(NioSocketChannel.java:327)
	at org.apache.ratis.thirdparty.io.netty.channel.nio.AbstractNioChannel$AbstractNioUnsafe.finishConnect(AbstractNioChannel.java:340)
	at org.apache.ratis.thirdparty.io.netty.channel.nio.NioEventLoop.processSelectedKey(NioEventLoop.java:632)
	at org.apache.ratis.thirdparty.io.netty.channel.nio.NioEventLoop.processSelectedKeysOptimized(NioEventLoop.java:579)
	at org.apache.ratis.thirdparty.io.netty.channel.nio.NioEventLoop.processSelectedKeys(NioEventLoop.java:496)
	at org.apache.ratis.thirdparty.io.netty.channel.nio.NioEventLoop.run(NioEventLoop.java:458)
	at org.apache.ratis.thirdparty.io.netty.util.concurrent.SingleThreadEventExecutor$5.run(SingleThreadEventExecutor.java:897)
	at org.apache.ratis.thirdparty.io.netty.util.concurrent.FastThreadLocalRunnable.run(FastThreadLocalRunnable.java:30)
	... 1 more
Caused by: java.net.ConnectException: Connection refused
	... 11 more
2019-10-14 14:43:05,030 [caa892f0-76ff-4c1e-b30f-b7c59842badc@group-E0B7C1D5C8D3:LeaderElection96] INFO  impl.LeaderElection (LogUtils.java:infoOrTrace(149)) -   Exception 1: {}
java.util.concurrent.ExecutionException: org.apache.ratis.thirdparty.io.grpc.StatusRuntimeException: UNAVAILABLE: io exception
	at java.util.concurrent.FutureTask.report(FutureTask.java:122)
	at java.util.concurrent.FutureTask.get(FutureTask.java:192)
	at org.apache.ratis.server.impl.LeaderElection.waitForResults(LeaderElection.java:263)
	at org.apache.ratis.server.impl.LeaderElection.askForVotes(LeaderElection.java:201)
	at org.apache.ratis.server.impl.LeaderElection.run(LeaderElection.java:133)
	at java.lang.Thread.run(Thread.java:748)
Caused by: org.apache.ratis.thirdparty.io.grpc.StatusRuntimeException: UNAVAILABLE: io exception
	at org.apache.ratis.thirdparty.io.grpc.stub.ClientCalls.toStatusRuntimeException(ClientCalls.java:233)
	at org.apache.ratis.thirdparty.io.grpc.stub.ClientCalls.getUnchecked(ClientCalls.java:214)
	at org.apache.ratis.thirdparty.io.grpc.stub.ClientCalls.blockingUnaryCall(ClientCalls.java:139)
	at org.apache.ratis.proto.grpc.RaftServerProtocolServiceGrpc$RaftServerProtocolServiceBlockingStub.requestVote(RaftServerProtocolServiceGrpc.java:265)
	at org.apache.ratis.grpc.server.GrpcServerProtocolClient.requestVote(GrpcServerProtocolClient.java:90)
	at org.apache.ratis.grpc.server.GrpcService.requestVote(GrpcService.java:204)
	at org.apache.ratis.server.impl.LeaderElection.lambda$submitRequests$1(LeaderElection.java:238)
	at java.util.concurrent.FutureTask.run(FutureTask.java:266)
	at java.util.concurrent.Executors$RunnableAdapter.call(Executors.java:511)
	at java.util.concurrent.FutureTask.run(FutureTask.java:266)
	at java.util.concurrent.ThreadPoolExecutor.runWorker(ThreadPoolExecutor.java:1149)
	at java.util.concurrent.ThreadPoolExecutor$Worker.run(ThreadPoolExecutor.java:624)
	... 1 more
Caused by: org.apache.ratis.thirdparty.io.netty.channel.AbstractChannel$AnnotatedConnectException: Connection refused: /192.168.5.159:45599
	at sun.nio.ch.SocketChannelImpl.checkConnect(Native Method)
	at sun.nio.ch.SocketChannelImpl.finishConnect(SocketChannelImpl.java:717)
	at org.apache.ratis.thirdparty.io.netty.channel.socket.nio.NioSocketChannel.doFinishConnect(NioSocketChannel.java:327)
	at org.apache.ratis.thirdparty.io.netty.channel.nio.AbstractNioChannel$AbstractNioUnsafe.finishConnect(AbstractNioChannel.java:340)
	at org.apache.ratis.thirdparty.io.netty.channel.nio.NioEventLoop.processSelectedKey(NioEventLoop.java:632)
	at org.apache.ratis.thirdparty.io.netty.channel.nio.NioEventLoop.processSelectedKeysOptimized(NioEventLoop.java:579)
	at org.apache.ratis.thirdparty.io.netty.channel.nio.NioEventLoop.processSelectedKeys(NioEventLoop.java:496)
	at org.apache.ratis.thirdparty.io.netty.channel.nio.NioEventLoop.run(NioEventLoop.java:458)
	at org.apache.ratis.thirdparty.io.netty.util.concurrent.SingleThreadEventExecutor$5.run(SingleThreadEventExecutor.java:897)
	at org.apache.ratis.thirdparty.io.netty.util.concurrent.FastThreadLocalRunnable.run(FastThreadLocalRunnable.java:30)
	... 1 more
Caused by: java.net.ConnectException: Connection refused
	... 11 more
2019-10-14 14:43:05,030 [caa892f0-76ff-4c1e-b30f-b7c59842badc@group-E0B7C1D5C8D3:LeaderElection96] INFO  impl.RaftServerImpl (RaftServerImpl.java:setRole(174)) - caa892f0-76ff-4c1e-b30f-b7c59842badc@group-E0B7C1D5C8D3: changes role from CANDIDATE to FOLLOWER at term 31 for DISCOVERED_A_NEW_TERM
2019-10-14 14:43:05,030 [caa892f0-76ff-4c1e-b30f-b7c59842badc@group-E0B7C1D5C8D3:LeaderElection96] INFO  impl.RoleInfo (RoleInfo.java:shutdownLeaderElection(134)) - caa892f0-76ff-4c1e-b30f-b7c59842badc: shutdown LeaderElection
2019-10-14 14:43:05,030 [caa892f0-76ff-4c1e-b30f-b7c59842badc@group-E0B7C1D5C8D3:LeaderElection96] INFO  impl.RoleInfo (RoleInfo.java:updateAndGet(143)) - caa892f0-76ff-4c1e-b30f-b7c59842badc: start FollowerState
2019-10-14 14:43:05,115 [grpc-default-executor-5] WARN  server.GrpcLogAppender (LogUtils.java:warn(134)) - caa892f0-76ff-4c1e-b30f-b7c59842badc@group-382452901537->07a15819-e4fc-4072-82ac-b3e77a99d12a-AppendLogResponseHandler: Failed appendEntries: org.apache.ratis.thirdparty.io.grpc.StatusRuntimeException: UNAVAILABLE: io exception
2019-10-14 14:43:05,115 [grpc-default-executor-2] WARN  server.GrpcLogAppender (LogUtils.java:warn(134)) - caa892f0-76ff-4c1e-b30f-b7c59842badc@group-026CFA11C8A1->f9748ec4-5d8a-4dfc-8690-85b8cdac3f5d-AppendLogResponseHandler: Failed appendEntries: org.apache.ratis.thirdparty.io.grpc.StatusRuntimeException: UNAVAILABLE: io exception
2019-10-14 14:43:05,115 [grpc-default-executor-3] WARN  server.GrpcLogAppender (LogUtils.java:warn(134)) - caa892f0-76ff-4c1e-b30f-b7c59842badc@group-382452901537->f9748ec4-5d8a-4dfc-8690-85b8cdac3f5d-AppendLogResponseHandler: Failed appendEntries: org.apache.ratis.thirdparty.io.grpc.StatusRuntimeException: UNAVAILABLE: io exception
2019-10-14 14:43:05,115 [grpc-default-executor-8] WARN  server.GrpcLogAppender (LogUtils.java:warn(134)) - caa892f0-76ff-4c1e-b30f-b7c59842badc@group-026CFA11C8A1->07a15819-e4fc-4072-82ac-b3e77a99d12a-AppendLogResponseHandler: Failed appendEntries: org.apache.ratis.thirdparty.io.grpc.StatusRuntimeException: UNAVAILABLE: io exception
2019-10-14 14:43:05,116 [grpc-default-executor-3] INFO  impl.FollowerInfo (FollowerInfo.java:lambda$new$0(51)) - caa892f0-76ff-4c1e-b30f-b7c59842badc@group-382452901537->f9748ec4-5d8a-4dfc-8690-85b8cdac3f5d: nextIndex: updateUnconditionally 0 -> 0
2019-10-14 14:43:05,116 [grpc-default-executor-2] INFO  impl.FollowerInfo (FollowerInfo.java:lambda$new$0(51)) - caa892f0-76ff-4c1e-b30f-b7c59842badc@group-026CFA11C8A1->f9748ec4-5d8a-4dfc-8690-85b8cdac3f5d: nextIndex: updateUnconditionally 0 -> 0
2019-10-14 14:43:05,116 [grpc-default-executor-5] INFO  impl.FollowerInfo (FollowerInfo.java:lambda$new$0(51)) - caa892f0-76ff-4c1e-b30f-b7c59842badc@group-382452901537->07a15819-e4fc-4072-82ac-b3e77a99d12a: nextIndex: updateUnconditionally 0 -> 0
2019-10-14 14:43:05,116 [grpc-default-executor-8] INFO  impl.FollowerInfo (FollowerInfo.java:lambda$new$0(51)) - caa892f0-76ff-4c1e-b30f-b7c59842badc@group-026CFA11C8A1->07a15819-e4fc-4072-82ac-b3e77a99d12a: nextIndex: updateUnconditionally 0 -> 0
2019-10-14 14:43:05,468 [Thread-1665] INFO  impl.FollowerState (FollowerState.java:run(106)) - caa892f0-76ff-4c1e-b30f-b7c59842badc:group-EA752D978E74 changes to CANDIDATE, lastRpcTime:1155, electionTimeout:1155ms
2019-10-14 14:43:05,468 [Thread-1665] INFO  impl.RoleInfo (RoleInfo.java:shutdownFollowerState(121)) - caa892f0-76ff-4c1e-b30f-b7c59842badc: shutdown FollowerState
2019-10-14 14:43:05,468 [Thread-1665] INFO  impl.RaftServerImpl (RaftServerImpl.java:setRole(174)) - caa892f0-76ff-4c1e-b30f-b7c59842badc@group-EA752D978E74: changes role from  FOLLOWER to CANDIDATE at term 29 for changeToCandidate
2019-10-14 14:43:05,469 [Thread-1665] INFO  impl.RoleInfo (RoleInfo.java:updateAndGet(143)) - caa892f0-76ff-4c1e-b30f-b7c59842badc: start LeaderElection
2019-10-14 14:43:05,482 [caa892f0-76ff-4c1e-b30f-b7c59842badc@group-EA752D978E74:LeaderElection97] INFO  impl.LeaderElection (LeaderElection.java:askForVotes(182)) - caa892f0-76ff-4c1e-b30f-b7c59842badc@group-EA752D978E74:LeaderElection97: begin an election at term 30 for 0: [07a15819-e4fc-4072-82ac-b3e77a99d12a:192.168.5.159:45599, f9748ec4-5d8a-4dfc-8690-85b8cdac3f5d:192.168.5.159:44598, caa892f0-76ff-4c1e-b30f-b7c59842badc:192.168.5.159:39406], old=null
2019-10-14 14:43:05,484 [caa892f0-76ff-4c1e-b30f-b7c59842badc@group-EA752D978E74:LeaderElection97] INFO  impl.LeaderElection (LogUtils.java:infoOrTrace(149)) - caa892f0-76ff-4c1e-b30f-b7c59842badc@group-EA752D978E74:LeaderElection97 got exception when requesting votes: {}
java.util.concurrent.ExecutionException: org.apache.ratis.thirdparty.io.grpc.StatusRuntimeException: UNAVAILABLE: io exception
	at java.util.concurrent.FutureTask.report(FutureTask.java:122)
	at java.util.concurrent.FutureTask.get(FutureTask.java:192)
	at org.apache.ratis.server.impl.LeaderElection.waitForResults(LeaderElection.java:263)
	at org.apache.ratis.server.impl.LeaderElection.askForVotes(LeaderElection.java:201)
	at org.apache.ratis.server.impl.LeaderElection.run(LeaderElection.java:133)
	at java.lang.Thread.run(Thread.java:748)
Caused by: org.apache.ratis.thirdparty.io.grpc.StatusRuntimeException: UNAVAILABLE: io exception
	at org.apache.ratis.thirdparty.io.grpc.stub.ClientCalls.toStatusRuntimeException(ClientCalls.java:233)
	at org.apache.ratis.thirdparty.io.grpc.stub.ClientCalls.getUnchecked(ClientCalls.java:214)
	at org.apache.ratis.thirdparty.io.grpc.stub.ClientCalls.blockingUnaryCall(ClientCalls.java:139)
	at org.apache.ratis.proto.grpc.RaftServerProtocolServiceGrpc$RaftServerProtocolServiceBlockingStub.requestVote(RaftServerProtocolServiceGrpc.java:265)
	at org.apache.ratis.grpc.server.GrpcServerProtocolClient.requestVote(GrpcServerProtocolClient.java:90)
	at org.apache.ratis.grpc.server.GrpcService.requestVote(GrpcService.java:204)
	at org.apache.ratis.server.impl.LeaderElection.lambda$submitRequests$1(LeaderElection.java:238)
	at java.util.concurrent.FutureTask.run(FutureTask.java:266)
	at java.util.concurrent.Executors$RunnableAdapter.call(Executors.java:511)
	at java.util.concurrent.FutureTask.run(FutureTask.java:266)
	at java.util.concurrent.ThreadPoolExecutor.runWorker(ThreadPoolExecutor.java:1149)
	at java.util.concurrent.ThreadPoolExecutor$Worker.run(ThreadPoolExecutor.java:624)
	... 1 more
Caused by: org.apache.ratis.thirdparty.io.netty.channel.AbstractChannel$AnnotatedConnectException: Connection refused: /192.168.5.159:45599
	at sun.nio.ch.SocketChannelImpl.checkConnect(Native Method)
	at sun.nio.ch.SocketChannelImpl.finishConnect(SocketChannelImpl.java:717)
	at org.apache.ratis.thirdparty.io.netty.channel.socket.nio.NioSocketChannel.doFinishConnect(NioSocketChannel.java:327)
	at org.apache.ratis.thirdparty.io.netty.channel.nio.AbstractNioChannel$AbstractNioUnsafe.finishConnect(AbstractNioChannel.java:340)
	at org.apache.ratis.thirdparty.io.netty.channel.nio.NioEventLoop.processSelectedKey(NioEventLoop.java:632)
	at org.apache.ratis.thirdparty.io.netty.channel.nio.NioEventLoop.processSelectedKeysOptimized(NioEventLoop.java:579)
	at org.apache.ratis.thirdparty.io.netty.channel.nio.NioEventLoop.processSelectedKeys(NioEventLoop.java:496)
	at org.apache.ratis.thirdparty.io.netty.channel.nio.NioEventLoop.run(NioEventLoop.java:458)
	at org.apache.ratis.thirdparty.io.netty.util.concurrent.SingleThreadEventExecutor$5.run(SingleThreadEventExecutor.java:897)
	at org.apache.ratis.thirdparty.io.netty.util.concurrent.FastThreadLocalRunnable.run(FastThreadLocalRunnable.java:30)
	... 1 more
Caused by: java.net.ConnectException: Connection refused
	... 11 more
2019-10-14 14:43:05,485 [caa892f0-76ff-4c1e-b30f-b7c59842badc@group-EA752D978E74:LeaderElection97] INFO  impl.LeaderElection (LogUtils.java:infoOrTrace(149)) - caa892f0-76ff-4c1e-b30f-b7c59842badc@group-EA752D978E74:LeaderElection97 got exception when requesting votes: {}
java.util.concurrent.ExecutionException: org.apache.ratis.thirdparty.io.grpc.StatusRuntimeException: UNAVAILABLE: io exception
	at java.util.concurrent.FutureTask.report(FutureTask.java:122)
	at java.util.concurrent.FutureTask.get(FutureTask.java:192)
	at org.apache.ratis.server.impl.LeaderElection.waitForResults(LeaderElection.java:263)
	at org.apache.ratis.server.impl.LeaderElection.askForVotes(LeaderElection.java:201)
	at org.apache.ratis.server.impl.LeaderElection.run(LeaderElection.java:133)
	at java.lang.Thread.run(Thread.java:748)
Caused by: org.apache.ratis.thirdparty.io.grpc.StatusRuntimeException: UNAVAILABLE: io exception
	at org.apache.ratis.thirdparty.io.grpc.stub.ClientCalls.toStatusRuntimeException(ClientCalls.java:233)
	at org.apache.ratis.thirdparty.io.grpc.stub.ClientCalls.getUnchecked(ClientCalls.java:214)
	at org.apache.ratis.thirdparty.io.grpc.stub.ClientCalls.blockingUnaryCall(ClientCalls.java:139)
	at org.apache.ratis.proto.grpc.RaftServerProtocolServiceGrpc$RaftServerProtocolServiceBlockingStub.requestVote(RaftServerProtocolServiceGrpc.java:265)
	at org.apache.ratis.grpc.server.GrpcServerProtocolClient.requestVote(GrpcServerProtocolClient.java:90)
	at org.apache.ratis.grpc.server.GrpcService.requestVote(GrpcService.java:204)
	at org.apache.ratis.server.impl.LeaderElection.lambda$submitRequests$1(LeaderElection.java:238)
	at java.util.concurrent.FutureTask.run(FutureTask.java:266)
	at java.util.concurrent.Executors$RunnableAdapter.call(Executors.java:511)
	at java.util.concurrent.FutureTask.run(FutureTask.java:266)
	at java.util.concurrent.ThreadPoolExecutor.runWorker(ThreadPoolExecutor.java:1149)
	at java.util.concurrent.ThreadPoolExecutor$Worker.run(ThreadPoolExecutor.java:624)
	... 1 more
Caused by: org.apache.ratis.thirdparty.io.netty.channel.AbstractChannel$AnnotatedConnectException: Connection refused: /192.168.5.159:44598
	at sun.nio.ch.SocketChannelImpl.checkConnect(Native Method)
	at sun.nio.ch.SocketChannelImpl.finishConnect(SocketChannelImpl.java:717)
	at org.apache.ratis.thirdparty.io.netty.channel.socket.nio.NioSocketChannel.doFinishConnect(NioSocketChannel.java:327)
	at org.apache.ratis.thirdparty.io.netty.channel.nio.AbstractNioChannel$AbstractNioUnsafe.finishConnect(AbstractNioChannel.java:340)
	at org.apache.ratis.thirdparty.io.netty.channel.nio.NioEventLoop.processSelectedKey(NioEventLoop.java:632)
	at org.apache.ratis.thirdparty.io.netty.channel.nio.NioEventLoop.processSelectedKeysOptimized(NioEventLoop.java:579)
	at org.apache.ratis.thirdparty.io.netty.channel.nio.NioEventLoop.processSelectedKeys(NioEventLoop.java:496)
	at org.apache.ratis.thirdparty.io.netty.channel.nio.NioEventLoop.run(NioEventLoop.java:458)
	at org.apache.ratis.thirdparty.io.netty.util.concurrent.SingleThreadEventExecutor$5.run(SingleThreadEventExecutor.java:897)
	at org.apache.ratis.thirdparty.io.netty.util.concurrent.FastThreadLocalRunnable.run(FastThreadLocalRunnable.java:30)
	... 1 more
Caused by: java.net.ConnectException: Connection refused
	... 11 more
2019-10-14 14:43:05,485 [caa892f0-76ff-4c1e-b30f-b7c59842badc@group-EA752D978E74:LeaderElection97] INFO  impl.LeaderElection (LeaderElection.java:logAndReturn(56)) - caa892f0-76ff-4c1e-b30f-b7c59842badc@group-EA752D978E74:LeaderElection97: Election REJECTED; received 0 response(s) [] and 2 exception(s); caa892f0-76ff-4c1e-b30f-b7c59842badc@group-EA752D978E74:t30, leader=null, voted=caa892f0-76ff-4c1e-b30f-b7c59842badc, raftlog=caa892f0-76ff-4c1e-b30f-b7c59842badc@group-EA752D978E74-SegmentedRaftLog:OPENED:c16,f16,i16, conf=0: [07a15819-e4fc-4072-82ac-b3e77a99d12a:192.168.5.159:45599, f9748ec4-5d8a-4dfc-8690-85b8cdac3f5d:192.168.5.159:44598, caa892f0-76ff-4c1e-b30f-b7c59842badc:192.168.5.159:39406], old=null
2019-10-14 14:43:05,486 [caa892f0-76ff-4c1e-b30f-b7c59842badc@group-EA752D978E74:LeaderElection97] INFO  impl.LeaderElection (LogUtils.java:infoOrTrace(149)) -   Exception 0: {}
java.util.concurrent.ExecutionException: org.apache.ratis.thirdparty.io.grpc.StatusRuntimeException: UNAVAILABLE: io exception
	at java.util.concurrent.FutureTask.report(FutureTask.java:122)
	at java.util.concurrent.FutureTask.get(FutureTask.java:192)
	at org.apache.ratis.server.impl.LeaderElection.waitForResults(LeaderElection.java:263)
	at org.apache.ratis.server.impl.LeaderElection.askForVotes(LeaderElection.java:201)
	at org.apache.ratis.server.impl.LeaderElection.run(LeaderElection.java:133)
	at java.lang.Thread.run(Thread.java:748)
Caused by: org.apache.ratis.thirdparty.io.grpc.StatusRuntimeException: UNAVAILABLE: io exception
	at org.apache.ratis.thirdparty.io.grpc.stub.ClientCalls.toStatusRuntimeException(ClientCalls.java:233)
	at org.apache.ratis.thirdparty.io.grpc.stub.ClientCalls.getUnchecked(ClientCalls.java:214)
	at org.apache.ratis.thirdparty.io.grpc.stub.ClientCalls.blockingUnaryCall(ClientCalls.java:139)
	at org.apache.ratis.proto.grpc.RaftServerProtocolServiceGrpc$RaftServerProtocolServiceBlockingStub.requestVote(RaftServerProtocolServiceGrpc.java:265)
	at org.apache.ratis.grpc.server.GrpcServerProtocolClient.requestVote(GrpcServerProtocolClient.java:90)
	at org.apache.ratis.grpc.server.GrpcService.requestVote(GrpcService.java:204)
	at org.apache.ratis.server.impl.LeaderElection.lambda$submitRequests$1(LeaderElection.java:238)
	at java.util.concurrent.FutureTask.run(FutureTask.java:266)
	at java.util.concurrent.Executors$RunnableAdapter.call(Executors.java:511)
	at java.util.concurrent.FutureTask.run(FutureTask.java:266)
	at java.util.concurrent.ThreadPoolExecutor.runWorker(ThreadPoolExecutor.java:1149)
	at java.util.concurrent.ThreadPoolExecutor$Worker.run(ThreadPoolExecutor.java:624)
	... 1 more
Caused by: org.apache.ratis.thirdparty.io.netty.channel.AbstractChannel$AnnotatedConnectException: Connection refused: /192.168.5.159:45599
	at sun.nio.ch.SocketChannelImpl.checkConnect(Native Method)
	at sun.nio.ch.SocketChannelImpl.finishConnect(SocketChannelImpl.java:717)
	at org.apache.ratis.thirdparty.io.netty.channel.socket.nio.NioSocketChannel.doFinishConnect(NioSocketChannel.java:327)
	at org.apache.ratis.thirdparty.io.netty.channel.nio.AbstractNioChannel$AbstractNioUnsafe.finishConnect(AbstractNioChannel.java:340)
	at org.apache.ratis.thirdparty.io.netty.channel.nio.NioEventLoop.processSelectedKey(NioEventLoop.java:632)
	at org.apache.ratis.thirdparty.io.netty.channel.nio.NioEventLoop.processSelectedKeysOptimized(NioEventLoop.java:579)
	at org.apache.ratis.thirdparty.io.netty.channel.nio.NioEventLoop.processSelectedKeys(NioEventLoop.java:496)
	at org.apache.ratis.thirdparty.io.netty.channel.nio.NioEventLoop.run(NioEventLoop.java:458)
	at org.apache.ratis.thirdparty.io.netty.util.concurrent.SingleThreadEventExecutor$5.run(SingleThreadEventExecutor.java:897)
	at org.apache.ratis.thirdparty.io.netty.util.concurrent.FastThreadLocalRunnable.run(FastThreadLocalRunnable.java:30)
	... 1 more
Caused by: java.net.ConnectException: Connection refused
	... 11 more
2019-10-14 14:43:05,486 [caa892f0-76ff-4c1e-b30f-b7c59842badc@group-EA752D978E74:LeaderElection97] INFO  impl.LeaderElection (LogUtils.java:infoOrTrace(149)) -   Exception 1: {}
java.util.concurrent.ExecutionException: org.apache.ratis.thirdparty.io.grpc.StatusRuntimeException: UNAVAILABLE: io exception
	at java.util.concurrent.FutureTask.report(FutureTask.java:122)
	at java.util.concurrent.FutureTask.get(FutureTask.java:192)
	at org.apache.ratis.server.impl.LeaderElection.waitForResults(LeaderElection.java:263)
	at org.apache.ratis.server.impl.LeaderElection.askForVotes(LeaderElection.java:201)
	at org.apache.ratis.server.impl.LeaderElection.run(LeaderElection.java:133)
	at java.lang.Thread.run(Thread.java:748)
Caused by: org.apache.ratis.thirdparty.io.grpc.StatusRuntimeException: UNAVAILABLE: io exception
	at org.apache.ratis.thirdparty.io.grpc.stub.ClientCalls.toStatusRuntimeException(ClientCalls.java:233)
	at org.apache.ratis.thirdparty.io.grpc.stub.ClientCalls.getUnchecked(ClientCalls.java:214)
	at org.apache.ratis.thirdparty.io.grpc.stub.ClientCalls.blockingUnaryCall(ClientCalls.java:139)
	at org.apache.ratis.proto.grpc.RaftServerProtocolServiceGrpc$RaftServerProtocolServiceBlockingStub.requestVote(RaftServerProtocolServiceGrpc.java:265)
	at org.apache.ratis.grpc.server.GrpcServerProtocolClient.requestVote(GrpcServerProtocolClient.java:90)
	at org.apache.ratis.grpc.server.GrpcService.requestVote(GrpcService.java:204)
	at org.apache.ratis.server.impl.LeaderElection.lambda$submitRequests$1(LeaderElection.java:238)
	at java.util.concurrent.FutureTask.run(FutureTask.java:266)
	at java.util.concurrent.Executors$RunnableAdapter.call(Executors.java:511)
	at java.util.concurrent.FutureTask.run(FutureTask.java:266)
	at java.util.concurrent.ThreadPoolExecutor.runWorker(ThreadPoolExecutor.java:1149)
	at java.util.concurrent.ThreadPoolExecutor$Worker.run(ThreadPoolExecutor.java:624)
	... 1 more
Caused by: org.apache.ratis.thirdparty.io.netty.channel.AbstractChannel$AnnotatedConnectException: Connection refused: /192.168.5.159:44598
	at sun.nio.ch.SocketChannelImpl.checkConnect(Native Method)
	at sun.nio.ch.SocketChannelImpl.finishConnect(SocketChannelImpl.java:717)
	at org.apache.ratis.thirdparty.io.netty.channel.socket.nio.NioSocketChannel.doFinishConnect(NioSocketChannel.java:327)
	at org.apache.ratis.thirdparty.io.netty.channel.nio.AbstractNioChannel$AbstractNioUnsafe.finishConnect(AbstractNioChannel.java:340)
	at org.apache.ratis.thirdparty.io.netty.channel.nio.NioEventLoop.processSelectedKey(NioEventLoop.java:632)
	at org.apache.ratis.thirdparty.io.netty.channel.nio.NioEventLoop.processSelectedKeysOptimized(NioEventLoop.java:579)
	at org.apache.ratis.thirdparty.io.netty.channel.nio.NioEventLoop.processSelectedKeys(NioEventLoop.java:496)
	at org.apache.ratis.thirdparty.io.netty.channel.nio.NioEventLoop.run(NioEventLoop.java:458)
	at org.apache.ratis.thirdparty.io.netty.util.concurrent.SingleThreadEventExecutor$5.run(SingleThreadEventExecutor.java:897)
	at org.apache.ratis.thirdparty.io.netty.util.concurrent.FastThreadLocalRunnable.run(FastThreadLocalRunnable.java:30)
	... 1 more
Caused by: java.net.ConnectException: Connection refused
	... 11 more
2019-10-14 14:43:05,486 [caa892f0-76ff-4c1e-b30f-b7c59842badc@group-EA752D978E74:LeaderElection97] INFO  impl.RaftServerImpl (RaftServerImpl.java:setRole(174)) - caa892f0-76ff-4c1e-b30f-b7c59842badc@group-EA752D978E74: changes role from CANDIDATE to FOLLOWER at term 30 for DISCOVERED_A_NEW_TERM
2019-10-14 14:43:05,487 [caa892f0-76ff-4c1e-b30f-b7c59842badc@group-EA752D978E74:LeaderElection97] INFO  impl.RoleInfo (RoleInfo.java:shutdownLeaderElection(134)) - caa892f0-76ff-4c1e-b30f-b7c59842badc: shutdown LeaderElection
2019-10-14 14:43:05,487 [caa892f0-76ff-4c1e-b30f-b7c59842badc@group-EA752D978E74:LeaderElection97] INFO  impl.RoleInfo (RoleInfo.java:updateAndGet(143)) - caa892f0-76ff-4c1e-b30f-b7c59842badc: start FollowerState
2019-10-14 14:43:05,616 [grpc-default-executor-2] WARN  server.GrpcLogAppender (LogUtils.java:warn(134)) - caa892f0-76ff-4c1e-b30f-b7c59842badc@group-382452901537->07a15819-e4fc-4072-82ac-b3e77a99d12a-AppendLogResponseHandler: Failed appendEntries: org.apache.ratis.thirdparty.io.grpc.StatusRuntimeException: UNAVAILABLE: io exception
2019-10-14 14:43:05,616 [grpc-default-executor-3] WARN  server.GrpcLogAppender (LogUtils.java:warn(134)) - caa892f0-76ff-4c1e-b30f-b7c59842badc@group-382452901537->f9748ec4-5d8a-4dfc-8690-85b8cdac3f5d-AppendLogResponseHandler: Failed appendEntries: org.apache.ratis.thirdparty.io.grpc.StatusRuntimeException: UNAVAILABLE: io exception
2019-10-14 14:43:05,616 [grpc-default-executor-5] WARN  server.GrpcLogAppender (LogUtils.java:warn(134)) - caa892f0-76ff-4c1e-b30f-b7c59842badc@group-026CFA11C8A1->f9748ec4-5d8a-4dfc-8690-85b8cdac3f5d-AppendLogResponseHandler: Failed appendEntries: org.apache.ratis.thirdparty.io.grpc.StatusRuntimeException: UNAVAILABLE: io exception
2019-10-14 14:43:05,616 [grpc-default-executor-8] WARN  server.GrpcLogAppender (LogUtils.java:warn(134)) - caa892f0-76ff-4c1e-b30f-b7c59842badc@group-026CFA11C8A1->07a15819-e4fc-4072-82ac-b3e77a99d12a-AppendLogResponseHandler: Failed appendEntries: org.apache.ratis.thirdparty.io.grpc.StatusRuntimeException: UNAVAILABLE: io exception
2019-10-14 14:43:05,616 [grpc-default-executor-5] INFO  impl.FollowerInfo (FollowerInfo.java:lambda$new$0(51)) - caa892f0-76ff-4c1e-b30f-b7c59842badc@group-026CFA11C8A1->f9748ec4-5d8a-4dfc-8690-85b8cdac3f5d: nextIndex: updateUnconditionally 0 -> 0
2019-10-14 14:43:05,616 [grpc-default-executor-3] INFO  impl.FollowerInfo (FollowerInfo.java:lambda$new$0(51)) - caa892f0-76ff-4c1e-b30f-b7c59842badc@group-382452901537->f9748ec4-5d8a-4dfc-8690-85b8cdac3f5d: nextIndex: updateUnconditionally 0 -> 0
2019-10-14 14:43:05,616 [grpc-default-executor-2] INFO  impl.FollowerInfo (FollowerInfo.java:lambda$new$0(51)) - caa892f0-76ff-4c1e-b30f-b7c59842badc@group-382452901537->07a15819-e4fc-4072-82ac-b3e77a99d12a: nextIndex: updateUnconditionally 0 -> 0
2019-10-14 14:43:05,616 [grpc-default-executor-8] INFO  impl.FollowerInfo (FollowerInfo.java:lambda$new$0(51)) - caa892f0-76ff-4c1e-b30f-b7c59842badc@group-026CFA11C8A1->07a15819-e4fc-4072-82ac-b3e77a99d12a: nextIndex: updateUnconditionally 0 -> 0
2019-10-14 14:43:06,118 [grpc-default-executor-8] WARN  server.GrpcLogAppender (LogUtils.java:warn(134)) - caa892f0-76ff-4c1e-b30f-b7c59842badc@group-382452901537->f9748ec4-5d8a-4dfc-8690-85b8cdac3f5d-AppendLogResponseHandler: Failed appendEntries: org.apache.ratis.thirdparty.io.grpc.StatusRuntimeException: UNAVAILABLE: io exception
2019-10-14 14:43:06,118 [grpc-default-executor-4] WARN  server.GrpcLogAppender (LogUtils.java:warn(134)) - caa892f0-76ff-4c1e-b30f-b7c59842badc@group-026CFA11C8A1->f9748ec4-5d8a-4dfc-8690-85b8cdac3f5d-AppendLogResponseHandler: Failed appendEntries: org.apache.ratis.thirdparty.io.grpc.StatusRuntimeException: UNAVAILABLE: io exception
2019-10-14 14:43:06,118 [grpc-default-executor-5] WARN  server.GrpcLogAppender (LogUtils.java:warn(134)) - caa892f0-76ff-4c1e-b30f-b7c59842badc@group-382452901537->07a15819-e4fc-4072-82ac-b3e77a99d12a-AppendLogResponseHandler: Failed appendEntries: org.apache.ratis.thirdparty.io.grpc.StatusRuntimeException: UNAVAILABLE: io exception
2019-10-14 14:43:06,118 [grpc-default-executor-2] WARN  server.GrpcLogAppender (LogUtils.java:warn(134)) - caa892f0-76ff-4c1e-b30f-b7c59842badc@group-026CFA11C8A1->07a15819-e4fc-4072-82ac-b3e77a99d12a-AppendLogResponseHandler: Failed appendEntries: org.apache.ratis.thirdparty.io.grpc.StatusRuntimeException: UNAVAILABLE: io exception
2019-10-14 14:43:06,119 [grpc-default-executor-5] INFO  impl.FollowerInfo (FollowerInfo.java:lambda$new$0(51)) - caa892f0-76ff-4c1e-b30f-b7c59842badc@group-382452901537->07a15819-e4fc-4072-82ac-b3e77a99d12a: nextIndex: updateUnconditionally 0 -> 0
2019-10-14 14:43:06,119 [grpc-default-executor-4] INFO  impl.FollowerInfo (FollowerInfo.java:lambda$new$0(51)) - caa892f0-76ff-4c1e-b30f-b7c59842badc@group-026CFA11C8A1->f9748ec4-5d8a-4dfc-8690-85b8cdac3f5d: nextIndex: updateUnconditionally 0 -> 0
2019-10-14 14:43:06,119 [grpc-default-executor-8] INFO  impl.FollowerInfo (FollowerInfo.java:lambda$new$0(51)) - caa892f0-76ff-4c1e-b30f-b7c59842badc@group-382452901537->f9748ec4-5d8a-4dfc-8690-85b8cdac3f5d: nextIndex: updateUnconditionally 0 -> 0
2019-10-14 14:43:06,119 [grpc-default-executor-2] INFO  impl.FollowerInfo (FollowerInfo.java:lambda$new$0(51)) - caa892f0-76ff-4c1e-b30f-b7c59842badc@group-026CFA11C8A1->07a15819-e4fc-4072-82ac-b3e77a99d12a: nextIndex: updateUnconditionally 0 -> 0
2019-10-14 14:43:06,154 [Thread-1678] INFO  impl.FollowerState (FollowerState.java:run(106)) - caa892f0-76ff-4c1e-b30f-b7c59842badc:group-E0B7C1D5C8D3 changes to CANDIDATE, lastRpcTime:1123, electionTimeout:1123ms
2019-10-14 14:43:06,154 [Thread-1678] INFO  impl.RoleInfo (RoleInfo.java:shutdownFollowerState(121)) - caa892f0-76ff-4c1e-b30f-b7c59842badc: shutdown FollowerState
2019-10-14 14:43:06,154 [Thread-1678] INFO  impl.RaftServerImpl (RaftServerImpl.java:setRole(174)) - caa892f0-76ff-4c1e-b30f-b7c59842badc@group-E0B7C1D5C8D3: changes role from  FOLLOWER to CANDIDATE at term 31 for changeToCandidate
2019-10-14 14:43:06,155 [Thread-1678] INFO  impl.RoleInfo (RoleInfo.java:updateAndGet(143)) - caa892f0-76ff-4c1e-b30f-b7c59842badc: start LeaderElection
2019-10-14 14:43:06,169 [caa892f0-76ff-4c1e-b30f-b7c59842badc@group-E0B7C1D5C8D3:LeaderElection98] INFO  impl.LeaderElection (LeaderElection.java:askForVotes(182)) - caa892f0-76ff-4c1e-b30f-b7c59842badc@group-E0B7C1D5C8D3:LeaderElection98: begin an election at term 32 for 0: [07a15819-e4fc-4072-82ac-b3e77a99d12a:192.168.5.159:45599, f9748ec4-5d8a-4dfc-8690-85b8cdac3f5d:192.168.5.159:44598, caa892f0-76ff-4c1e-b30f-b7c59842badc:192.168.5.159:39406], old=null
2019-10-14 14:43:06,172 [caa892f0-76ff-4c1e-b30f-b7c59842badc@group-E0B7C1D5C8D3:LeaderElection98] INFO  impl.LeaderElection (LogUtils.java:infoOrTrace(149)) - caa892f0-76ff-4c1e-b30f-b7c59842badc@group-E0B7C1D5C8D3:LeaderElection98 got exception when requesting votes: {}
java.util.concurrent.ExecutionException: org.apache.ratis.thirdparty.io.grpc.StatusRuntimeException: UNAVAILABLE: io exception
	at java.util.concurrent.FutureTask.report(FutureTask.java:122)
	at java.util.concurrent.FutureTask.get(FutureTask.java:192)
	at org.apache.ratis.server.impl.LeaderElection.waitForResults(LeaderElection.java:263)
	at org.apache.ratis.server.impl.LeaderElection.askForVotes(LeaderElection.java:201)
	at org.apache.ratis.server.impl.LeaderElection.run(LeaderElection.java:133)
	at java.lang.Thread.run(Thread.java:748)
Caused by: org.apache.ratis.thirdparty.io.grpc.StatusRuntimeException: UNAVAILABLE: io exception
	at org.apache.ratis.thirdparty.io.grpc.stub.ClientCalls.toStatusRuntimeException(ClientCalls.java:233)
	at org.apache.ratis.thirdparty.io.grpc.stub.ClientCalls.getUnchecked(ClientCalls.java:214)
	at org.apache.ratis.thirdparty.io.grpc.stub.ClientCalls.blockingUnaryCall(ClientCalls.java:139)
	at org.apache.ratis.proto.grpc.RaftServerProtocolServiceGrpc$RaftServerProtocolServiceBlockingStub.requestVote(RaftServerProtocolServiceGrpc.java:265)
	at org.apache.ratis.grpc.server.GrpcServerProtocolClient.requestVote(GrpcServerProtocolClient.java:90)
	at org.apache.ratis.grpc.server.GrpcService.requestVote(GrpcService.java:204)
	at org.apache.ratis.server.impl.LeaderElection.lambda$submitRequests$1(LeaderElection.java:238)
	at java.util.concurrent.FutureTask.run(FutureTask.java:266)
	at java.util.concurrent.Executors$RunnableAdapter.call(Executors.java:511)
	at java.util.concurrent.FutureTask.run(FutureTask.java:266)
	at java.util.concurrent.ThreadPoolExecutor.runWorker(ThreadPoolExecutor.java:1149)
	at java.util.concurrent.ThreadPoolExecutor$Worker.run(ThreadPoolExecutor.java:624)
	... 1 more
Caused by: org.apache.ratis.thirdparty.io.netty.channel.AbstractChannel$AnnotatedConnectException: Connection refused: /192.168.5.159:45599
	at sun.nio.ch.SocketChannelImpl.checkConnect(Native Method)
	at sun.nio.ch.SocketChannelImpl.finishConnect(SocketChannelImpl.java:717)
	at org.apache.ratis.thirdparty.io.netty.channel.socket.nio.NioSocketChannel.doFinishConnect(NioSocketChannel.java:327)
	at org.apache.ratis.thirdparty.io.netty.channel.nio.AbstractNioChannel$AbstractNioUnsafe.finishConnect(AbstractNioChannel.java:340)
	at org.apache.ratis.thirdparty.io.netty.channel.nio.NioEventLoop.processSelectedKey(NioEventLoop.java:632)
	at org.apache.ratis.thirdparty.io.netty.channel.nio.NioEventLoop.processSelectedKeysOptimized(NioEventLoop.java:579)
	at org.apache.ratis.thirdparty.io.netty.channel.nio.NioEventLoop.processSelectedKeys(NioEventLoop.java:496)
	at org.apache.ratis.thirdparty.io.netty.channel.nio.NioEventLoop.run(NioEventLoop.java:458)
	at org.apache.ratis.thirdparty.io.netty.util.concurrent.SingleThreadEventExecutor$5.run(SingleThreadEventExecutor.java:897)
	at org.apache.ratis.thirdparty.io.netty.util.concurrent.FastThreadLocalRunnable.run(FastThreadLocalRunnable.java:30)
	... 1 more
Caused by: java.net.ConnectException: Connection refused
	... 11 more
2019-10-14 14:43:06,173 [caa892f0-76ff-4c1e-b30f-b7c59842badc@group-E0B7C1D5C8D3:LeaderElection98] INFO  impl.LeaderElection (LogUtils.java:infoOrTrace(149)) - caa892f0-76ff-4c1e-b30f-b7c59842badc@group-E0B7C1D5C8D3:LeaderElection98 got exception when requesting votes: {}
java.util.concurrent.ExecutionException: org.apache.ratis.thirdparty.io.grpc.StatusRuntimeException: UNAVAILABLE: io exception
	at java.util.concurrent.FutureTask.report(FutureTask.java:122)
	at java.util.concurrent.FutureTask.get(FutureTask.java:192)
	at org.apache.ratis.server.impl.LeaderElection.waitForResults(LeaderElection.java:263)
	at org.apache.ratis.server.impl.LeaderElection.askForVotes(LeaderElection.java:201)
	at org.apache.ratis.server.impl.LeaderElection.run(LeaderElection.java:133)
	at java.lang.Thread.run(Thread.java:748)
Caused by: org.apache.ratis.thirdparty.io.grpc.StatusRuntimeException: UNAVAILABLE: io exception
	at org.apache.ratis.thirdparty.io.grpc.stub.ClientCalls.toStatusRuntimeException(ClientCalls.java:233)
	at org.apache.ratis.thirdparty.io.grpc.stub.ClientCalls.getUnchecked(ClientCalls.java:214)
	at org.apache.ratis.thirdparty.io.grpc.stub.ClientCalls.blockingUnaryCall(ClientCalls.java:139)
	at org.apache.ratis.proto.grpc.RaftServerProtocolServiceGrpc$RaftServerProtocolServiceBlockingStub.requestVote(RaftServerProtocolServiceGrpc.java:265)
	at org.apache.ratis.grpc.server.GrpcServerProtocolClient.requestVote(GrpcServerProtocolClient.java:90)
	at org.apache.ratis.grpc.server.GrpcService.requestVote(GrpcService.java:204)
	at org.apache.ratis.server.impl.LeaderElection.lambda$submitRequests$1(LeaderElection.java:238)
	at java.util.concurrent.FutureTask.run(FutureTask.java:266)
	at java.util.concurrent.Executors$RunnableAdapter.call(Executors.java:511)
	at java.util.concurrent.FutureTask.run(FutureTask.java:266)
	at java.util.concurrent.ThreadPoolExecutor.runWorker(ThreadPoolExecutor.java:1149)
	at java.util.concurrent.ThreadPoolExecutor$Worker.run(ThreadPoolExecutor.java:624)
	... 1 more
Caused by: org.apache.ratis.thirdparty.io.netty.channel.AbstractChannel$AnnotatedConnectException: Connection refused: /192.168.5.159:44598
	at sun.nio.ch.SocketChannelImpl.checkConnect(Native Method)
	at sun.nio.ch.SocketChannelImpl.finishConnect(SocketChannelImpl.java:717)
	at org.apache.ratis.thirdparty.io.netty.channel.socket.nio.NioSocketChannel.doFinishConnect(NioSocketChannel.java:327)
	at org.apache.ratis.thirdparty.io.netty.channel.nio.AbstractNioChannel$AbstractNioUnsafe.finishConnect(AbstractNioChannel.java:340)
	at org.apache.ratis.thirdparty.io.netty.channel.nio.NioEventLoop.processSelectedKey(NioEventLoop.java:632)
	at org.apache.ratis.thirdparty.io.netty.channel.nio.NioEventLoop.processSelectedKeysOptimized(NioEventLoop.java:579)
	at org.apache.ratis.thirdparty.io.netty.channel.nio.NioEventLoop.processSelectedKeys(NioEventLoop.java:496)
	at org.apache.ratis.thirdparty.io.netty.channel.nio.NioEventLoop.run(NioEventLoop.java:458)
	at org.apache.ratis.thirdparty.io.netty.util.concurrent.SingleThreadEventExecutor$5.run(SingleThreadEventExecutor.java:897)
	at org.apache.ratis.thirdparty.io.netty.util.concurrent.FastThreadLocalRunnable.run(FastThreadLocalRunnable.java:30)
	... 1 more
Caused by: java.net.ConnectException: Connection refused
	... 11 more
2019-10-14 14:43:06,173 [caa892f0-76ff-4c1e-b30f-b7c59842badc@group-E0B7C1D5C8D3:LeaderElection98] INFO  impl.LeaderElection (LeaderElection.java:logAndReturn(56)) - caa892f0-76ff-4c1e-b30f-b7c59842badc@group-E0B7C1D5C8D3:LeaderElection98: Election REJECTED; received 0 response(s) [] and 2 exception(s); caa892f0-76ff-4c1e-b30f-b7c59842badc@group-E0B7C1D5C8D3:t32, leader=null, voted=caa892f0-76ff-4c1e-b30f-b7c59842badc, raftlog=caa892f0-76ff-4c1e-b30f-b7c59842badc@group-E0B7C1D5C8D3-SegmentedRaftLog:OPENED:c0,f0,i0, conf=0: [07a15819-e4fc-4072-82ac-b3e77a99d12a:192.168.5.159:45599, f9748ec4-5d8a-4dfc-8690-85b8cdac3f5d:192.168.5.159:44598, caa892f0-76ff-4c1e-b30f-b7c59842badc:192.168.5.159:39406], old=null
2019-10-14 14:43:06,173 [caa892f0-76ff-4c1e-b30f-b7c59842badc@group-E0B7C1D5C8D3:LeaderElection98] INFO  impl.LeaderElection (LogUtils.java:infoOrTrace(149)) -   Exception 0: {}
java.util.concurrent.ExecutionException: org.apache.ratis.thirdparty.io.grpc.StatusRuntimeException: UNAVAILABLE: io exception
	at java.util.concurrent.FutureTask.report(FutureTask.java:122)
	at java.util.concurrent.FutureTask.get(FutureTask.java:192)
	at org.apache.ratis.server.impl.LeaderElection.waitForResults(LeaderElection.java:263)
	at org.apache.ratis.server.impl.LeaderElection.askForVotes(LeaderElection.java:201)
	at org.apache.ratis.server.impl.LeaderElection.run(LeaderElection.java:133)
	at java.lang.Thread.run(Thread.java:748)
Caused by: org.apache.ratis.thirdparty.io.grpc.StatusRuntimeException: UNAVAILABLE: io exception
	at org.apache.ratis.thirdparty.io.grpc.stub.ClientCalls.toStatusRuntimeException(ClientCalls.java:233)
	at org.apache.ratis.thirdparty.io.grpc.stub.ClientCalls.getUnchecked(ClientCalls.java:214)
	at org.apache.ratis.thirdparty.io.grpc.stub.ClientCalls.blockingUnaryCall(ClientCalls.java:139)
	at org.apache.ratis.proto.grpc.RaftServerProtocolServiceGrpc$RaftServerProtocolServiceBlockingStub.requestVote(RaftServerProtocolServiceGrpc.java:265)
	at org.apache.ratis.grpc.server.GrpcServerProtocolClient.requestVote(GrpcServerProtocolClient.java:90)
	at org.apache.ratis.grpc.server.GrpcService.requestVote(GrpcService.java:204)
	at org.apache.ratis.server.impl.LeaderElection.lambda$submitRequests$1(LeaderElection.java:238)
	at java.util.concurrent.FutureTask.run(FutureTask.java:266)
	at java.util.concurrent.Executors$RunnableAdapter.call(Executors.java:511)
	at java.util.concurrent.FutureTask.run(FutureTask.java:266)
	at java.util.concurrent.ThreadPoolExecutor.runWorker(ThreadPoolExecutor.java:1149)
	at java.util.concurrent.ThreadPoolExecutor$Worker.run(ThreadPoolExecutor.java:624)
	... 1 more
Caused by: org.apache.ratis.thirdparty.io.netty.channel.AbstractChannel$AnnotatedConnectException: Connection refused: /192.168.5.159:45599
	at sun.nio.ch.SocketChannelImpl.checkConnect(Native Method)
	at sun.nio.ch.SocketChannelImpl.finishConnect(SocketChannelImpl.java:717)
	at org.apache.ratis.thirdparty.io.netty.channel.socket.nio.NioSocketChannel.doFinishConnect(NioSocketChannel.java:327)
	at org.apache.ratis.thirdparty.io.netty.channel.nio.AbstractNioChannel$AbstractNioUnsafe.finishConnect(AbstractNioChannel.java:340)
	at org.apache.ratis.thirdparty.io.netty.channel.nio.NioEventLoop.processSelectedKey(NioEventLoop.java:632)
	at org.apache.ratis.thirdparty.io.netty.channel.nio.NioEventLoop.processSelectedKeysOptimized(NioEventLoop.java:579)
	at org.apache.ratis.thirdparty.io.netty.channel.nio.NioEventLoop.processSelectedKeys(NioEventLoop.java:496)
	at org.apache.ratis.thirdparty.io.netty.channel.nio.NioEventLoop.run(NioEventLoop.java:458)
	at org.apache.ratis.thirdparty.io.netty.util.concurrent.SingleThreadEventExecutor$5.run(SingleThreadEventExecutor.java:897)
	at org.apache.ratis.thirdparty.io.netty.util.concurrent.FastThreadLocalRunnable.run(FastThreadLocalRunnable.java:30)
	... 1 more
Caused by: java.net.ConnectException: Connection refused
	... 11 more
2019-10-14 14:43:06,174 [caa892f0-76ff-4c1e-b30f-b7c59842badc@group-E0B7C1D5C8D3:LeaderElection98] INFO  impl.LeaderElection (LogUtils.java:infoOrTrace(149)) -   Exception 1: {}
java.util.concurrent.ExecutionException: org.apache.ratis.thirdparty.io.grpc.StatusRuntimeException: UNAVAILABLE: io exception
	at java.util.concurrent.FutureTask.report(FutureTask.java:122)
	at java.util.concurrent.FutureTask.get(FutureTask.java:192)
	at org.apache.ratis.server.impl.LeaderElection.waitForResults(LeaderElection.java:263)
	at org.apache.ratis.server.impl.LeaderElection.askForVotes(LeaderElection.java:201)
	at org.apache.ratis.server.impl.LeaderElection.run(LeaderElection.java:133)
	at java.lang.Thread.run(Thread.java:748)
Caused by: org.apache.ratis.thirdparty.io.grpc.StatusRuntimeException: UNAVAILABLE: io exception
	at org.apache.ratis.thirdparty.io.grpc.stub.ClientCalls.toStatusRuntimeException(ClientCalls.java:233)
	at org.apache.ratis.thirdparty.io.grpc.stub.ClientCalls.getUnchecked(ClientCalls.java:214)
	at org.apache.ratis.thirdparty.io.grpc.stub.ClientCalls.blockingUnaryCall(ClientCalls.java:139)
	at org.apache.ratis.proto.grpc.RaftServerProtocolServiceGrpc$RaftServerProtocolServiceBlockingStub.requestVote(RaftServerProtocolServiceGrpc.java:265)
	at org.apache.ratis.grpc.server.GrpcServerProtocolClient.requestVote(GrpcServerProtocolClient.java:90)
	at org.apache.ratis.grpc.server.GrpcService.requestVote(GrpcService.java:204)
	at org.apache.ratis.server.impl.LeaderElection.lambda$submitRequests$1(LeaderElection.java:238)
	at java.util.concurrent.FutureTask.run(FutureTask.java:266)
	at java.util.concurrent.Executors$RunnableAdapter.call(Executors.java:511)
	at java.util.concurrent.FutureTask.run(FutureTask.java:266)
	at java.util.concurrent.ThreadPoolExecutor.runWorker(ThreadPoolExecutor.java:1149)
	at java.util.concurrent.ThreadPoolExecutor$Worker.run(ThreadPoolExecutor.java:624)
	... 1 more
Caused by: org.apache.ratis.thirdparty.io.netty.channel.AbstractChannel$AnnotatedConnectException: Connection refused: /192.168.5.159:44598
	at sun.nio.ch.SocketChannelImpl.checkConnect(Native Method)
	at sun.nio.ch.SocketChannelImpl.finishConnect(SocketChannelImpl.java:717)
	at org.apache.ratis.thirdparty.io.netty.channel.socket.nio.NioSocketChannel.doFinishConnect(NioSocketChannel.java:327)
	at org.apache.ratis.thirdparty.io.netty.channel.nio.AbstractNioChannel$AbstractNioUnsafe.finishConnect(AbstractNioChannel.java:340)
	at org.apache.ratis.thirdparty.io.netty.channel.nio.NioEventLoop.processSelectedKey(NioEventLoop.java:632)
	at org.apache.ratis.thirdparty.io.netty.channel.nio.NioEventLoop.processSelectedKeysOptimized(NioEventLoop.java:579)
	at org.apache.ratis.thirdparty.io.netty.channel.nio.NioEventLoop.processSelectedKeys(NioEventLoop.java:496)
	at org.apache.ratis.thirdparty.io.netty.channel.nio.NioEventLoop.run(NioEventLoop.java:458)
	at org.apache.ratis.thirdparty.io.netty.util.concurrent.SingleThreadEventExecutor$5.run(SingleThreadEventExecutor.java:897)
	at org.apache.ratis.thirdparty.io.netty.util.concurrent.FastThreadLocalRunnable.run(FastThreadLocalRunnable.java:30)
	... 1 more
Caused by: java.net.ConnectException: Connection refused
	... 11 more
2019-10-14 14:43:06,174 [caa892f0-76ff-4c1e-b30f-b7c59842badc@group-E0B7C1D5C8D3:LeaderElection98] INFO  impl.RaftServerImpl (RaftServerImpl.java:setRole(174)) - caa892f0-76ff-4c1e-b30f-b7c59842badc@group-E0B7C1D5C8D3: changes role from CANDIDATE to FOLLOWER at term 32 for DISCOVERED_A_NEW_TERM
2019-10-14 14:43:06,174 [caa892f0-76ff-4c1e-b30f-b7c59842badc@group-E0B7C1D5C8D3:LeaderElection98] INFO  impl.RoleInfo (RoleInfo.java:shutdownLeaderElection(134)) - caa892f0-76ff-4c1e-b30f-b7c59842badc: shutdown LeaderElection
2019-10-14 14:43:06,174 [caa892f0-76ff-4c1e-b30f-b7c59842badc@group-E0B7C1D5C8D3:LeaderElection98] INFO  impl.RoleInfo (RoleInfo.java:updateAndGet(143)) - caa892f0-76ff-4c1e-b30f-b7c59842badc: start FollowerState
2019-10-14 14:43:06,513 [Thread-1690] INFO  impl.FollowerState (FollowerState.java:run(106)) - caa892f0-76ff-4c1e-b30f-b7c59842badc:group-EA752D978E74 changes to CANDIDATE, lastRpcTime:1026, electionTimeout:1026ms
2019-10-14 14:43:06,513 [Thread-1690] INFO  impl.RoleInfo (RoleInfo.java:shutdownFollowerState(121)) - caa892f0-76ff-4c1e-b30f-b7c59842badc: shutdown FollowerState
2019-10-14 14:43:06,513 [Thread-1690] INFO  impl.RaftServerImpl (RaftServerImpl.java:setRole(174)) - caa892f0-76ff-4c1e-b30f-b7c59842badc@group-EA752D978E74: changes role from  FOLLOWER to CANDIDATE at term 30 for changeToCandidate
2019-10-14 14:43:06,513 [Thread-1690] INFO  impl.RoleInfo (RoleInfo.java:updateAndGet(143)) - caa892f0-76ff-4c1e-b30f-b7c59842badc: start LeaderElection
2019-10-14 14:43:06,527 [caa892f0-76ff-4c1e-b30f-b7c59842badc@group-EA752D978E74:LeaderElection99] INFO  impl.LeaderElection (LeaderElection.java:askForVotes(182)) - caa892f0-76ff-4c1e-b30f-b7c59842badc@group-EA752D978E74:LeaderElection99: begin an election at term 31 for 0: [07a15819-e4fc-4072-82ac-b3e77a99d12a:192.168.5.159:45599, f9748ec4-5d8a-4dfc-8690-85b8cdac3f5d:192.168.5.159:44598, caa892f0-76ff-4c1e-b30f-b7c59842badc:192.168.5.159:39406], old=null
2019-10-14 14:43:06,528 [caa892f0-76ff-4c1e-b30f-b7c59842badc@group-EA752D978E74:LeaderElection99] INFO  impl.LeaderElection (LogUtils.java:infoOrTrace(149)) - caa892f0-76ff-4c1e-b30f-b7c59842badc@group-EA752D978E74:LeaderElection99 got exception when requesting votes: {}
java.util.concurrent.ExecutionException: org.apache.ratis.thirdparty.io.grpc.StatusRuntimeException: UNAVAILABLE: io exception
	at java.util.concurrent.FutureTask.report(FutureTask.java:122)
	at java.util.concurrent.FutureTask.get(FutureTask.java:192)
	at org.apache.ratis.server.impl.LeaderElection.waitForResults(LeaderElection.java:263)
	at org.apache.ratis.server.impl.LeaderElection.askForVotes(LeaderElection.java:201)
	at org.apache.ratis.server.impl.LeaderElection.run(LeaderElection.java:133)
	at java.lang.Thread.run(Thread.java:748)
Caused by: org.apache.ratis.thirdparty.io.grpc.StatusRuntimeException: UNAVAILABLE: io exception
	at org.apache.ratis.thirdparty.io.grpc.stub.ClientCalls.toStatusRuntimeException(ClientCalls.java:233)
	at org.apache.ratis.thirdparty.io.grpc.stub.ClientCalls.getUnchecked(ClientCalls.java:214)
	at org.apache.ratis.thirdparty.io.grpc.stub.ClientCalls.blockingUnaryCall(ClientCalls.java:139)
	at org.apache.ratis.proto.grpc.RaftServerProtocolServiceGrpc$RaftServerProtocolServiceBlockingStub.requestVote(RaftServerProtocolServiceGrpc.java:265)
	at org.apache.ratis.grpc.server.GrpcServerProtocolClient.requestVote(GrpcServerProtocolClient.java:90)
	at org.apache.ratis.grpc.server.GrpcService.requestVote(GrpcService.java:204)
	at org.apache.ratis.server.impl.LeaderElection.lambda$submitRequests$1(LeaderElection.java:238)
	at java.util.concurrent.FutureTask.run(FutureTask.java:266)
	at java.util.concurrent.Executors$RunnableAdapter.call(Executors.java:511)
	at java.util.concurrent.FutureTask.run(FutureTask.java:266)
	at java.util.concurrent.ThreadPoolExecutor.runWorker(ThreadPoolExecutor.java:1149)
	at java.util.concurrent.ThreadPoolExecutor$Worker.run(ThreadPoolExecutor.java:624)
	... 1 more
Caused by: org.apache.ratis.thirdparty.io.netty.channel.AbstractChannel$AnnotatedConnectException: Connection refused: /192.168.5.159:44598
	at sun.nio.ch.SocketChannelImpl.checkConnect(Native Method)
	at sun.nio.ch.SocketChannelImpl.finishConnect(SocketChannelImpl.java:717)
	at org.apache.ratis.thirdparty.io.netty.channel.socket.nio.NioSocketChannel.doFinishConnect(NioSocketChannel.java:327)
	at org.apache.ratis.thirdparty.io.netty.channel.nio.AbstractNioChannel$AbstractNioUnsafe.finishConnect(AbstractNioChannel.java:340)
	at org.apache.ratis.thirdparty.io.netty.channel.nio.NioEventLoop.processSelectedKey(NioEventLoop.java:632)
	at org.apache.ratis.thirdparty.io.netty.channel.nio.NioEventLoop.processSelectedKeysOptimized(NioEventLoop.java:579)
	at org.apache.ratis.thirdparty.io.netty.channel.nio.NioEventLoop.processSelectedKeys(NioEventLoop.java:496)
	at org.apache.ratis.thirdparty.io.netty.channel.nio.NioEventLoop.run(NioEventLoop.java:458)
	at org.apache.ratis.thirdparty.io.netty.util.concurrent.SingleThreadEventExecutor$5.run(SingleThreadEventExecutor.java:897)
	at org.apache.ratis.thirdparty.io.netty.util.concurrent.FastThreadLocalRunnable.run(FastThreadLocalRunnable.java:30)
	... 1 more
Caused by: java.net.ConnectException: Connection refused
	... 11 more
2019-10-14 14:43:06,528 [caa892f0-76ff-4c1e-b30f-b7c59842badc@group-EA752D978E74:LeaderElection99] INFO  impl.LeaderElection (LogUtils.java:infoOrTrace(149)) - caa892f0-76ff-4c1e-b30f-b7c59842badc@group-EA752D978E74:LeaderElection99 got exception when requesting votes: {}
java.util.concurrent.ExecutionException: org.apache.ratis.thirdparty.io.grpc.StatusRuntimeException: UNAVAILABLE: io exception
	at java.util.concurrent.FutureTask.report(FutureTask.java:122)
	at java.util.concurrent.FutureTask.get(FutureTask.java:192)
	at org.apache.ratis.server.impl.LeaderElection.waitForResults(LeaderElection.java:263)
	at org.apache.ratis.server.impl.LeaderElection.askForVotes(LeaderElection.java:201)
	at org.apache.ratis.server.impl.LeaderElection.run(LeaderElection.java:133)
	at java.lang.Thread.run(Thread.java:748)
Caused by: org.apache.ratis.thirdparty.io.grpc.StatusRuntimeException: UNAVAILABLE: io exception
	at org.apache.ratis.thirdparty.io.grpc.stub.ClientCalls.toStatusRuntimeException(ClientCalls.java:233)
	at org.apache.ratis.thirdparty.io.grpc.stub.ClientCalls.getUnchecked(ClientCalls.java:214)
	at org.apache.ratis.thirdparty.io.grpc.stub.ClientCalls.blockingUnaryCall(ClientCalls.java:139)
	at org.apache.ratis.proto.grpc.RaftServerProtocolServiceGrpc$RaftServerProtocolServiceBlockingStub.requestVote(RaftServerProtocolServiceGrpc.java:265)
	at org.apache.ratis.grpc.server.GrpcServerProtocolClient.requestVote(GrpcServerProtocolClient.java:90)
	at org.apache.ratis.grpc.server.GrpcService.requestVote(GrpcService.java:204)
	at org.apache.ratis.server.impl.LeaderElection.lambda$submitRequests$1(LeaderElection.java:238)
	at java.util.concurrent.FutureTask.run(FutureTask.java:266)
	at java.util.concurrent.Executors$RunnableAdapter.call(Executors.java:511)
	at java.util.concurrent.FutureTask.run(FutureTask.java:266)
	at java.util.concurrent.ThreadPoolExecutor.runWorker(ThreadPoolExecutor.java:1149)
	at java.util.concurrent.ThreadPoolExecutor$Worker.run(ThreadPoolExecutor.java:624)
	... 1 more
Caused by: org.apache.ratis.thirdparty.io.netty.channel.AbstractChannel$AnnotatedConnectException: Connection refused: /192.168.5.159:45599
	at sun.nio.ch.SocketChannelImpl.checkConnect(Native Method)
	at sun.nio.ch.SocketChannelImpl.finishConnect(SocketChannelImpl.java:717)
	at org.apache.ratis.thirdparty.io.netty.channel.socket.nio.NioSocketChannel.doFinishConnect(NioSocketChannel.java:327)
	at org.apache.ratis.thirdparty.io.netty.channel.nio.AbstractNioChannel$AbstractNioUnsafe.finishConnect(AbstractNioChannel.java:340)
	at org.apache.ratis.thirdparty.io.netty.channel.nio.NioEventLoop.processSelectedKey(NioEventLoop.java:632)
	at org.apache.ratis.thirdparty.io.netty.channel.nio.NioEventLoop.processSelectedKeysOptimized(NioEventLoop.java:579)
	at org.apache.ratis.thirdparty.io.netty.channel.nio.NioEventLoop.processSelectedKeys(NioEventLoop.java:496)
	at org.apache.ratis.thirdparty.io.netty.channel.nio.NioEventLoop.run(NioEventLoop.java:458)
	at org.apache.ratis.thirdparty.io.netty.util.concurrent.SingleThreadEventExecutor$5.run(SingleThreadEventExecutor.java:897)
	at org.apache.ratis.thirdparty.io.netty.util.concurrent.FastThreadLocalRunnable.run(FastThreadLocalRunnable.java:30)
	... 1 more
Caused by: java.net.ConnectException: Connection refused
	... 11 more
2019-10-14 14:43:06,528 [caa892f0-76ff-4c1e-b30f-b7c59842badc@group-EA752D978E74:LeaderElection99] INFO  impl.LeaderElection (LeaderElection.java:logAndReturn(56)) - caa892f0-76ff-4c1e-b30f-b7c59842badc@group-EA752D978E74:LeaderElection99: Election REJECTED; received 0 response(s) [] and 2 exception(s); caa892f0-76ff-4c1e-b30f-b7c59842badc@group-EA752D978E74:t31, leader=null, voted=caa892f0-76ff-4c1e-b30f-b7c59842badc, raftlog=caa892f0-76ff-4c1e-b30f-b7c59842badc@group-EA752D978E74-SegmentedRaftLog:OPENED:c16,f16,i16, conf=0: [07a15819-e4fc-4072-82ac-b3e77a99d12a:192.168.5.159:45599, f9748ec4-5d8a-4dfc-8690-85b8cdac3f5d:192.168.5.159:44598, caa892f0-76ff-4c1e-b30f-b7c59842badc:192.168.5.159:39406], old=null
2019-10-14 14:43:06,529 [caa892f0-76ff-4c1e-b30f-b7c59842badc@group-EA752D978E74:LeaderElection99] INFO  impl.LeaderElection (LogUtils.java:infoOrTrace(149)) -   Exception 0: {}
java.util.concurrent.ExecutionException: org.apache.ratis.thirdparty.io.grpc.StatusRuntimeException: UNAVAILABLE: io exception
	at java.util.concurrent.FutureTask.report(FutureTask.java:122)
	at java.util.concurrent.FutureTask.get(FutureTask.java:192)
	at org.apache.ratis.server.impl.LeaderElection.waitForResults(LeaderElection.java:263)
	at org.apache.ratis.server.impl.LeaderElection.askForVotes(LeaderElection.java:201)
	at org.apache.ratis.server.impl.LeaderElection.run(LeaderElection.java:133)
	at java.lang.Thread.run(Thread.java:748)
Caused by: org.apache.ratis.thirdparty.io.grpc.StatusRuntimeException: UNAVAILABLE: io exception
	at org.apache.ratis.thirdparty.io.grpc.stub.ClientCalls.toStatusRuntimeException(ClientCalls.java:233)
	at org.apache.ratis.thirdparty.io.grpc.stub.ClientCalls.getUnchecked(ClientCalls.java:214)
	at org.apache.ratis.thirdparty.io.grpc.stub.ClientCalls.blockingUnaryCall(ClientCalls.java:139)
	at org.apache.ratis.proto.grpc.RaftServerProtocolServiceGrpc$RaftServerProtocolServiceBlockingStub.requestVote(RaftServerProtocolServiceGrpc.java:265)
	at org.apache.ratis.grpc.server.GrpcServerProtocolClient.requestVote(GrpcServerProtocolClient.java:90)
	at org.apache.ratis.grpc.server.GrpcService.requestVote(GrpcService.java:204)
	at org.apache.ratis.server.impl.LeaderElection.lambda$submitRequests$1(LeaderElection.java:238)
	at java.util.concurrent.FutureTask.run(FutureTask.java:266)
	at java.util.concurrent.Executors$RunnableAdapter.call(Executors.java:511)
	at java.util.concurrent.FutureTask.run(FutureTask.java:266)
	at java.util.concurrent.ThreadPoolExecutor.runWorker(ThreadPoolExecutor.java:1149)
	at java.util.concurrent.ThreadPoolExecutor$Worker.run(ThreadPoolExecutor.java:624)
	... 1 more
Caused by: org.apache.ratis.thirdparty.io.netty.channel.AbstractChannel$AnnotatedConnectException: Connection refused: /192.168.5.159:44598
	at sun.nio.ch.SocketChannelImpl.checkConnect(Native Method)
	at sun.nio.ch.SocketChannelImpl.finishConnect(SocketChannelImpl.java:717)
	at org.apache.ratis.thirdparty.io.netty.channel.socket.nio.NioSocketChannel.doFinishConnect(NioSocketChannel.java:327)
	at org.apache.ratis.thirdparty.io.netty.channel.nio.AbstractNioChannel$AbstractNioUnsafe.finishConnect(AbstractNioChannel.java:340)
	at org.apache.ratis.thirdparty.io.netty.channel.nio.NioEventLoop.processSelectedKey(NioEventLoop.java:632)
	at org.apache.ratis.thirdparty.io.netty.channel.nio.NioEventLoop.processSelectedKeysOptimized(NioEventLoop.java:579)
	at org.apache.ratis.thirdparty.io.netty.channel.nio.NioEventLoop.processSelectedKeys(NioEventLoop.java:496)
	at org.apache.ratis.thirdparty.io.netty.channel.nio.NioEventLoop.run(NioEventLoop.java:458)
	at org.apache.ratis.thirdparty.io.netty.util.concurrent.SingleThreadEventExecutor$5.run(SingleThreadEventExecutor.java:897)
	at org.apache.ratis.thirdparty.io.netty.util.concurrent.FastThreadLocalRunnable.run(FastThreadLocalRunnable.java:30)
	... 1 more
Caused by: java.net.ConnectException: Connection refused
	... 11 more
2019-10-14 14:43:06,529 [caa892f0-76ff-4c1e-b30f-b7c59842badc@group-EA752D978E74:LeaderElection99] INFO  impl.LeaderElection (LogUtils.java:infoOrTrace(149)) -   Exception 1: {}
java.util.concurrent.ExecutionException: org.apache.ratis.thirdparty.io.grpc.StatusRuntimeException: UNAVAILABLE: io exception
	at java.util.concurrent.FutureTask.report(FutureTask.java:122)
	at java.util.concurrent.FutureTask.get(FutureTask.java:192)
	at org.apache.ratis.server.impl.LeaderElection.waitForResults(LeaderElection.java:263)
	at org.apache.ratis.server.impl.LeaderElection.askForVotes(LeaderElection.java:201)
	at org.apache.ratis.server.impl.LeaderElection.run(LeaderElection.java:133)
	at java.lang.Thread.run(Thread.java:748)
Caused by: org.apache.ratis.thirdparty.io.grpc.StatusRuntimeException: UNAVAILABLE: io exception
	at org.apache.ratis.thirdparty.io.grpc.stub.ClientCalls.toStatusRuntimeException(ClientCalls.java:233)
	at org.apache.ratis.thirdparty.io.grpc.stub.ClientCalls.getUnchecked(ClientCalls.java:214)
	at org.apache.ratis.thirdparty.io.grpc.stub.ClientCalls.blockingUnaryCall(ClientCalls.java:139)
	at org.apache.ratis.proto.grpc.RaftServerProtocolServiceGrpc$RaftServerProtocolServiceBlockingStub.requestVote(RaftServerProtocolServiceGrpc.java:265)
	at org.apache.ratis.grpc.server.GrpcServerProtocolClient.requestVote(GrpcServerProtocolClient.java:90)
	at org.apache.ratis.grpc.server.GrpcService.requestVote(GrpcService.java:204)
	at org.apache.ratis.server.impl.LeaderElection.lambda$submitRequests$1(LeaderElection.java:238)
	at java.util.concurrent.FutureTask.run(FutureTask.java:266)
	at java.util.concurrent.Executors$RunnableAdapter.call(Executors.java:511)
	at java.util.concurrent.FutureTask.run(FutureTask.java:266)
	at java.util.concurrent.ThreadPoolExecutor.runWorker(ThreadPoolExecutor.java:1149)
	at java.util.concurrent.ThreadPoolExecutor$Worker.run(ThreadPoolExecutor.java:624)
	... 1 more
Caused by: org.apache.ratis.thirdparty.io.netty.channel.AbstractChannel$AnnotatedConnectException: Connection refused: /192.168.5.159:45599
	at sun.nio.ch.SocketChannelImpl.checkConnect(Native Method)
	at sun.nio.ch.SocketChannelImpl.finishConnect(SocketChannelImpl.java:717)
	at org.apache.ratis.thirdparty.io.netty.channel.socket.nio.NioSocketChannel.doFinishConnect(NioSocketChannel.java:327)
	at org.apache.ratis.thirdparty.io.netty.channel.nio.AbstractNioChannel$AbstractNioUnsafe.finishConnect(AbstractNioChannel.java:340)
	at org.apache.ratis.thirdparty.io.netty.channel.nio.NioEventLoop.processSelectedKey(NioEventLoop.java:632)
	at org.apache.ratis.thirdparty.io.netty.channel.nio.NioEventLoop.processSelectedKeysOptimized(NioEventLoop.java:579)
	at org.apache.ratis.thirdparty.io.netty.channel.nio.NioEventLoop.processSelectedKeys(NioEventLoop.java:496)
	at org.apache.ratis.thirdparty.io.netty.channel.nio.NioEventLoop.run(NioEventLoop.java:458)
	at org.apache.ratis.thirdparty.io.netty.util.concurrent.SingleThreadEventExecutor$5.run(SingleThreadEventExecutor.java:897)
	at org.apache.ratis.thirdparty.io.netty.util.concurrent.FastThreadLocalRunnable.run(FastThreadLocalRunnable.java:30)
	... 1 more
Caused by: java.net.ConnectException: Connection refused
	... 11 more
2019-10-14 14:43:06,530 [caa892f0-76ff-4c1e-b30f-b7c59842badc@group-EA752D978E74:LeaderElection99] INFO  impl.RaftServerImpl (RaftServerImpl.java:setRole(174)) - caa892f0-76ff-4c1e-b30f-b7c59842badc@group-EA752D978E74: changes role from CANDIDATE to FOLLOWER at term 31 for DISCOVERED_A_NEW_TERM
2019-10-14 14:43:06,530 [caa892f0-76ff-4c1e-b30f-b7c59842badc@group-EA752D978E74:LeaderElection99] INFO  impl.RoleInfo (RoleInfo.java:shutdownLeaderElection(134)) - caa892f0-76ff-4c1e-b30f-b7c59842badc: shutdown LeaderElection
2019-10-14 14:43:06,530 [caa892f0-76ff-4c1e-b30f-b7c59842badc@group-EA752D978E74:LeaderElection99] INFO  impl.RoleInfo (RoleInfo.java:updateAndGet(143)) - caa892f0-76ff-4c1e-b30f-b7c59842badc: start FollowerState
2019-10-14 14:43:06,617 [grpc-default-executor-2] WARN  server.GrpcLogAppender (LogUtils.java:warn(134)) - caa892f0-76ff-4c1e-b30f-b7c59842badc@group-382452901537->07a15819-e4fc-4072-82ac-b3e77a99d12a-AppendLogResponseHandler: Failed appendEntries: org.apache.ratis.thirdparty.io.grpc.StatusRuntimeException: UNAVAILABLE: io exception
2019-10-14 14:43:06,617 [grpc-default-executor-5] WARN  server.GrpcLogAppender (LogUtils.java:warn(134)) - caa892f0-76ff-4c1e-b30f-b7c59842badc@group-026CFA11C8A1->07a15819-e4fc-4072-82ac-b3e77a99d12a-AppendLogResponseHandler: Failed appendEntries: org.apache.ratis.thirdparty.io.grpc.StatusRuntimeException: UNAVAILABLE: io exception
2019-10-14 14:43:06,617 [grpc-default-executor-8] WARN  server.GrpcLogAppender (LogUtils.java:warn(134)) - caa892f0-76ff-4c1e-b30f-b7c59842badc@group-382452901537->f9748ec4-5d8a-4dfc-8690-85b8cdac3f5d-AppendLogResponseHandler: Failed appendEntries: org.apache.ratis.thirdparty.io.grpc.StatusRuntimeException: UNAVAILABLE: io exception
2019-10-14 14:43:06,617 [grpc-default-executor-4] WARN  server.GrpcLogAppender (LogUtils.java:warn(134)) - caa892f0-76ff-4c1e-b30f-b7c59842badc@group-026CFA11C8A1->f9748ec4-5d8a-4dfc-8690-85b8cdac3f5d-AppendLogResponseHandler: Failed appendEntries: org.apache.ratis.thirdparty.io.grpc.StatusRuntimeException: UNAVAILABLE: io exception
2019-10-14 14:43:06,618 [grpc-default-executor-8] INFO  impl.FollowerInfo (FollowerInfo.java:lambda$new$0(51)) - caa892f0-76ff-4c1e-b30f-b7c59842badc@group-382452901537->f9748ec4-5d8a-4dfc-8690-85b8cdac3f5d: nextIndex: updateUnconditionally 0 -> 0
2019-10-14 14:43:06,618 [grpc-default-executor-5] INFO  impl.FollowerInfo (FollowerInfo.java:lambda$new$0(51)) - caa892f0-76ff-4c1e-b30f-b7c59842badc@group-026CFA11C8A1->07a15819-e4fc-4072-82ac-b3e77a99d12a: nextIndex: updateUnconditionally 0 -> 0
2019-10-14 14:43:06,618 [grpc-default-executor-2] INFO  impl.FollowerInfo (FollowerInfo.java:lambda$new$0(51)) - caa892f0-76ff-4c1e-b30f-b7c59842badc@group-382452901537->07a15819-e4fc-4072-82ac-b3e77a99d12a: nextIndex: updateUnconditionally 0 -> 0
2019-10-14 14:43:06,618 [grpc-default-executor-4] INFO  impl.FollowerInfo (FollowerInfo.java:lambda$new$0(51)) - caa892f0-76ff-4c1e-b30f-b7c59842badc@group-026CFA11C8A1->f9748ec4-5d8a-4dfc-8690-85b8cdac3f5d: nextIndex: updateUnconditionally 0 -> 0
2019-10-14 14:43:07,120 [grpc-default-executor-0] WARN  server.GrpcLogAppender (LogUtils.java:warn(134)) - caa892f0-76ff-4c1e-b30f-b7c59842badc@group-382452901537->f9748ec4-5d8a-4dfc-8690-85b8cdac3f5d-AppendLogResponseHandler: Failed appendEntries: org.apache.ratis.thirdparty.io.grpc.StatusRuntimeException: UNAVAILABLE: io exception
2019-10-14 14:43:07,121 [grpc-default-executor-7] WARN  server.GrpcLogAppender (LogUtils.java:warn(134)) - caa892f0-76ff-4c1e-b30f-b7c59842badc@group-026CFA11C8A1->07a15819-e4fc-4072-82ac-b3e77a99d12a-AppendLogResponseHandler: Failed appendEntries: org.apache.ratis.thirdparty.io.grpc.StatusRuntimeException: UNAVAILABLE: io exception
2019-10-14 14:43:07,121 [grpc-default-executor-7] INFO  impl.FollowerInfo (FollowerInfo.java:lambda$new$0(51)) - caa892f0-76ff-4c1e-b30f-b7c59842badc@group-026CFA11C8A1->07a15819-e4fc-4072-82ac-b3e77a99d12a: nextIndex: updateUnconditionally 0 -> 0
2019-10-14 14:43:07,120 [grpc-default-executor-12] WARN  server.GrpcLogAppender (LogUtils.java:warn(134)) - caa892f0-76ff-4c1e-b30f-b7c59842badc@group-382452901537->07a15819-e4fc-4072-82ac-b3e77a99d12a-AppendLogResponseHandler: Failed appendEntries: org.apache.ratis.thirdparty.io.grpc.StatusRuntimeException: UNAVAILABLE: io exception
2019-10-14 14:43:07,121 [grpc-default-executor-9] WARN  server.GrpcLogAppender (LogUtils.java:warn(134)) - caa892f0-76ff-4c1e-b30f-b7c59842badc@group-026CFA11C8A1->f9748ec4-5d8a-4dfc-8690-85b8cdac3f5d-AppendLogResponseHandler: Failed appendEntries: org.apache.ratis.thirdparty.io.grpc.StatusRuntimeException: UNAVAILABLE: io exception
2019-10-14 14:43:07,122 [grpc-default-executor-12] INFO  impl.FollowerInfo (FollowerInfo.java:lambda$new$0(51)) - caa892f0-76ff-4c1e-b30f-b7c59842badc@group-382452901537->07a15819-e4fc-4072-82ac-b3e77a99d12a: nextIndex: updateUnconditionally 0 -> 0
2019-10-14 14:43:07,121 [grpc-default-executor-0] INFO  impl.FollowerInfo (FollowerInfo.java:lambda$new$0(51)) - caa892f0-76ff-4c1e-b30f-b7c59842badc@group-382452901537->f9748ec4-5d8a-4dfc-8690-85b8cdac3f5d: nextIndex: updateUnconditionally 0 -> 0
2019-10-14 14:43:07,122 [grpc-default-executor-9] INFO  impl.FollowerInfo (FollowerInfo.java:lambda$new$0(51)) - caa892f0-76ff-4c1e-b30f-b7c59842badc@group-026CFA11C8A1->f9748ec4-5d8a-4dfc-8690-85b8cdac3f5d: nextIndex: updateUnconditionally 0 -> 0
2019-10-14 14:43:07,202 [Thread-1703] INFO  impl.FollowerState (FollowerState.java:run(106)) - caa892f0-76ff-4c1e-b30f-b7c59842badc:group-E0B7C1D5C8D3 changes to CANDIDATE, lastRpcTime:1027, electionTimeout:1027ms
2019-10-14 14:43:07,202 [Thread-1703] INFO  impl.RoleInfo (RoleInfo.java:shutdownFollowerState(121)) - caa892f0-76ff-4c1e-b30f-b7c59842badc: shutdown FollowerState
2019-10-14 14:43:07,202 [Thread-1703] INFO  impl.RaftServerImpl (RaftServerImpl.java:setRole(174)) - caa892f0-76ff-4c1e-b30f-b7c59842badc@group-E0B7C1D5C8D3: changes role from  FOLLOWER to CANDIDATE at term 32 for changeToCandidate
2019-10-14 14:43:07,202 [Thread-1703] INFO  impl.RoleInfo (RoleInfo.java:updateAndGet(143)) - caa892f0-76ff-4c1e-b30f-b7c59842badc: start LeaderElection
2019-10-14 14:43:07,216 [caa892f0-76ff-4c1e-b30f-b7c59842badc@group-E0B7C1D5C8D3:LeaderElection100] INFO  impl.LeaderElection (LeaderElection.java:askForVotes(182)) - caa892f0-76ff-4c1e-b30f-b7c59842badc@group-E0B7C1D5C8D3:LeaderElection100: begin an election at term 33 for 0: [07a15819-e4fc-4072-82ac-b3e77a99d12a:192.168.5.159:45599, f9748ec4-5d8a-4dfc-8690-85b8cdac3f5d:192.168.5.159:44598, caa892f0-76ff-4c1e-b30f-b7c59842badc:192.168.5.159:39406], old=null
2019-10-14 14:43:07,219 [caa892f0-76ff-4c1e-b30f-b7c59842badc@group-E0B7C1D5C8D3:LeaderElection100] INFO  impl.LeaderElection (LogUtils.java:infoOrTrace(149)) - caa892f0-76ff-4c1e-b30f-b7c59842badc@group-E0B7C1D5C8D3:LeaderElection100 got exception when requesting votes: {}
java.util.concurrent.ExecutionException: org.apache.ratis.thirdparty.io.grpc.StatusRuntimeException: UNAVAILABLE: io exception
	at java.util.concurrent.FutureTask.report(FutureTask.java:122)
	at java.util.concurrent.FutureTask.get(FutureTask.java:192)
	at org.apache.ratis.server.impl.LeaderElection.waitForResults(LeaderElection.java:263)
	at org.apache.ratis.server.impl.LeaderElection.askForVotes(LeaderElection.java:201)
	at org.apache.ratis.server.impl.LeaderElection.run(LeaderElection.java:133)
	at java.lang.Thread.run(Thread.java:748)
Caused by: org.apache.ratis.thirdparty.io.grpc.StatusRuntimeException: UNAVAILABLE: io exception
	at org.apache.ratis.thirdparty.io.grpc.stub.ClientCalls.toStatusRuntimeException(ClientCalls.java:233)
	at org.apache.ratis.thirdparty.io.grpc.stub.ClientCalls.getUnchecked(ClientCalls.java:214)
	at org.apache.ratis.thirdparty.io.grpc.stub.ClientCalls.blockingUnaryCall(ClientCalls.java:139)
	at org.apache.ratis.proto.grpc.RaftServerProtocolServiceGrpc$RaftServerProtocolServiceBlockingStub.requestVote(RaftServerProtocolServiceGrpc.java:265)
	at org.apache.ratis.grpc.server.GrpcServerProtocolClient.requestVote(GrpcServerProtocolClient.java:90)
	at org.apache.ratis.grpc.server.GrpcService.requestVote(GrpcService.java:204)
	at org.apache.ratis.server.impl.LeaderElection.lambda$submitRequests$1(LeaderElection.java:238)
	at java.util.concurrent.FutureTask.run(FutureTask.java:266)
	at java.util.concurrent.Executors$RunnableAdapter.call(Executors.java:511)
	at java.util.concurrent.FutureTask.run(FutureTask.java:266)
	at java.util.concurrent.ThreadPoolExecutor.runWorker(ThreadPoolExecutor.java:1149)
	at java.util.concurrent.ThreadPoolExecutor$Worker.run(ThreadPoolExecutor.java:624)
	... 1 more
Caused by: org.apache.ratis.thirdparty.io.netty.channel.AbstractChannel$AnnotatedConnectException: Connection refused: /192.168.5.159:45599
	at sun.nio.ch.SocketChannelImpl.checkConnect(Native Method)
	at sun.nio.ch.SocketChannelImpl.finishConnect(SocketChannelImpl.java:717)
	at org.apache.ratis.thirdparty.io.netty.channel.socket.nio.NioSocketChannel.doFinishConnect(NioSocketChannel.java:327)
	at org.apache.ratis.thirdparty.io.netty.channel.nio.AbstractNioChannel$AbstractNioUnsafe.finishConnect(AbstractNioChannel.java:340)
	at org.apache.ratis.thirdparty.io.netty.channel.nio.NioEventLoop.processSelectedKey(NioEventLoop.java:632)
	at org.apache.ratis.thirdparty.io.netty.channel.nio.NioEventLoop.processSelectedKeysOptimized(NioEventLoop.java:579)
	at org.apache.ratis.thirdparty.io.netty.channel.nio.NioEventLoop.processSelectedKeys(NioEventLoop.java:496)
	at org.apache.ratis.thirdparty.io.netty.channel.nio.NioEventLoop.run(NioEventLoop.java:458)
	at org.apache.ratis.thirdparty.io.netty.util.concurrent.SingleThreadEventExecutor$5.run(SingleThreadEventExecutor.java:897)
	at org.apache.ratis.thirdparty.io.netty.util.concurrent.FastThreadLocalRunnable.run(FastThreadLocalRunnable.java:30)
	... 1 more
Caused by: java.net.ConnectException: Connection refused
	... 11 more
2019-10-14 14:43:07,219 [caa892f0-76ff-4c1e-b30f-b7c59842badc@group-E0B7C1D5C8D3:LeaderElection100] INFO  impl.LeaderElection (LogUtils.java:infoOrTrace(149)) - caa892f0-76ff-4c1e-b30f-b7c59842badc@group-E0B7C1D5C8D3:LeaderElection100 got exception when requesting votes: {}
java.util.concurrent.ExecutionException: org.apache.ratis.thirdparty.io.grpc.StatusRuntimeException: UNAVAILABLE: io exception
	at java.util.concurrent.FutureTask.report(FutureTask.java:122)
	at java.util.concurrent.FutureTask.get(FutureTask.java:192)
	at org.apache.ratis.server.impl.LeaderElection.waitForResults(LeaderElection.java:263)
	at org.apache.ratis.server.impl.LeaderElection.askForVotes(LeaderElection.java:201)
	at org.apache.ratis.server.impl.LeaderElection.run(LeaderElection.java:133)
	at java.lang.Thread.run(Thread.java:748)
Caused by: org.apache.ratis.thirdparty.io.grpc.StatusRuntimeException: UNAVAILABLE: io exception
	at org.apache.ratis.thirdparty.io.grpc.stub.ClientCalls.toStatusRuntimeException(ClientCalls.java:233)
	at org.apache.ratis.thirdparty.io.grpc.stub.ClientCalls.getUnchecked(ClientCalls.java:214)
	at org.apache.ratis.thirdparty.io.grpc.stub.ClientCalls.blockingUnaryCall(ClientCalls.java:139)
	at org.apache.ratis.proto.grpc.RaftServerProtocolServiceGrpc$RaftServerProtocolServiceBlockingStub.requestVote(RaftServerProtocolServiceGrpc.java:265)
	at org.apache.ratis.grpc.server.GrpcServerProtocolClient.requestVote(GrpcServerProtocolClient.java:90)
	at org.apache.ratis.grpc.server.GrpcService.requestVote(GrpcService.java:204)
	at org.apache.ratis.server.impl.LeaderElection.lambda$submitRequests$1(LeaderElection.java:238)
	at java.util.concurrent.FutureTask.run(FutureTask.java:266)
	at java.util.concurrent.Executors$RunnableAdapter.call(Executors.java:511)
	at java.util.concurrent.FutureTask.run(FutureTask.java:266)
	at java.util.concurrent.ThreadPoolExecutor.runWorker(ThreadPoolExecutor.java:1149)
	at java.util.concurrent.ThreadPoolExecutor$Worker.run(ThreadPoolExecutor.java:624)
	... 1 more
Caused by: org.apache.ratis.thirdparty.io.netty.channel.AbstractChannel$AnnotatedConnectException: Connection refused: /192.168.5.159:44598
	at sun.nio.ch.SocketChannelImpl.checkConnect(Native Method)
	at sun.nio.ch.SocketChannelImpl.finishConnect(SocketChannelImpl.java:717)
	at org.apache.ratis.thirdparty.io.netty.channel.socket.nio.NioSocketChannel.doFinishConnect(NioSocketChannel.java:327)
	at org.apache.ratis.thirdparty.io.netty.channel.nio.AbstractNioChannel$AbstractNioUnsafe.finishConnect(AbstractNioChannel.java:340)
	at org.apache.ratis.thirdparty.io.netty.channel.nio.NioEventLoop.processSelectedKey(NioEventLoop.java:632)
	at org.apache.ratis.thirdparty.io.netty.channel.nio.NioEventLoop.processSelectedKeysOptimized(NioEventLoop.java:579)
	at org.apache.ratis.thirdparty.io.netty.channel.nio.NioEventLoop.processSelectedKeys(NioEventLoop.java:496)
	at org.apache.ratis.thirdparty.io.netty.channel.nio.NioEventLoop.run(NioEventLoop.java:458)
	at org.apache.ratis.thirdparty.io.netty.util.concurrent.SingleThreadEventExecutor$5.run(SingleThreadEventExecutor.java:897)
	at org.apache.ratis.thirdparty.io.netty.util.concurrent.FastThreadLocalRunnable.run(FastThreadLocalRunnable.java:30)
	... 1 more
Caused by: java.net.ConnectException: Connection refused
	... 11 more
2019-10-14 14:43:07,220 [caa892f0-76ff-4c1e-b30f-b7c59842badc@group-E0B7C1D5C8D3:LeaderElection100] INFO  impl.LeaderElection (LeaderElection.java:logAndReturn(56)) - caa892f0-76ff-4c1e-b30f-b7c59842badc@group-E0B7C1D5C8D3:LeaderElection100: Election REJECTED; received 0 response(s) [] and 2 exception(s); caa892f0-76ff-4c1e-b30f-b7c59842badc@group-E0B7C1D5C8D3:t33, leader=null, voted=caa892f0-76ff-4c1e-b30f-b7c59842badc, raftlog=caa892f0-76ff-4c1e-b30f-b7c59842badc@group-E0B7C1D5C8D3-SegmentedRaftLog:OPENED:c0,f0,i0, conf=0: [07a15819-e4fc-4072-82ac-b3e77a99d12a:192.168.5.159:45599, f9748ec4-5d8a-4dfc-8690-85b8cdac3f5d:192.168.5.159:44598, caa892f0-76ff-4c1e-b30f-b7c59842badc:192.168.5.159:39406], old=null
2019-10-14 14:43:07,220 [caa892f0-76ff-4c1e-b30f-b7c59842badc@group-E0B7C1D5C8D3:LeaderElection100] INFO  impl.LeaderElection (LogUtils.java:infoOrTrace(149)) -   Exception 0: {}
java.util.concurrent.ExecutionException: org.apache.ratis.thirdparty.io.grpc.StatusRuntimeException: UNAVAILABLE: io exception
	at java.util.concurrent.FutureTask.report(FutureTask.java:122)
	at java.util.concurrent.FutureTask.get(FutureTask.java:192)
	at org.apache.ratis.server.impl.LeaderElection.waitForResults(LeaderElection.java:263)
	at org.apache.ratis.server.impl.LeaderElection.askForVotes(LeaderElection.java:201)
	at org.apache.ratis.server.impl.LeaderElection.run(LeaderElection.java:133)
	at java.lang.Thread.run(Thread.java:748)
Caused by: org.apache.ratis.thirdparty.io.grpc.StatusRuntimeException: UNAVAILABLE: io exception
	at org.apache.ratis.thirdparty.io.grpc.stub.ClientCalls.toStatusRuntimeException(ClientCalls.java:233)
	at org.apache.ratis.thirdparty.io.grpc.stub.ClientCalls.getUnchecked(ClientCalls.java:214)
	at org.apache.ratis.thirdparty.io.grpc.stub.ClientCalls.blockingUnaryCall(ClientCalls.java:139)
	at org.apache.ratis.proto.grpc.RaftServerProtocolServiceGrpc$RaftServerProtocolServiceBlockingStub.requestVote(RaftServerProtocolServiceGrpc.java:265)
	at org.apache.ratis.grpc.server.GrpcServerProtocolClient.requestVote(GrpcServerProtocolClient.java:90)
	at org.apache.ratis.grpc.server.GrpcService.requestVote(GrpcService.java:204)
	at org.apache.ratis.server.impl.LeaderElection.lambda$submitRequests$1(LeaderElection.java:238)
	at java.util.concurrent.FutureTask.run(FutureTask.java:266)
	at java.util.concurrent.Executors$RunnableAdapter.call(Executors.java:511)
	at java.util.concurrent.FutureTask.run(FutureTask.java:266)
	at java.util.concurrent.ThreadPoolExecutor.runWorker(ThreadPoolExecutor.java:1149)
	at java.util.concurrent.ThreadPoolExecutor$Worker.run(ThreadPoolExecutor.java:624)
	... 1 more
Caused by: org.apache.ratis.thirdparty.io.netty.channel.AbstractChannel$AnnotatedConnectException: Connection refused: /192.168.5.159:45599
	at sun.nio.ch.SocketChannelImpl.checkConnect(Native Method)
	at sun.nio.ch.SocketChannelImpl.finishConnect(SocketChannelImpl.java:717)
	at org.apache.ratis.thirdparty.io.netty.channel.socket.nio.NioSocketChannel.doFinishConnect(NioSocketChannel.java:327)
	at org.apache.ratis.thirdparty.io.netty.channel.nio.AbstractNioChannel$AbstractNioUnsafe.finishConnect(AbstractNioChannel.java:340)
	at org.apache.ratis.thirdparty.io.netty.channel.nio.NioEventLoop.processSelectedKey(NioEventLoop.java:632)
	at org.apache.ratis.thirdparty.io.netty.channel.nio.NioEventLoop.processSelectedKeysOptimized(NioEventLoop.java:579)
	at org.apache.ratis.thirdparty.io.netty.channel.nio.NioEventLoop.processSelectedKeys(NioEventLoop.java:496)
	at org.apache.ratis.thirdparty.io.netty.channel.nio.NioEventLoop.run(NioEventLoop.java:458)
	at org.apache.ratis.thirdparty.io.netty.util.concurrent.SingleThreadEventExecutor$5.run(SingleThreadEventExecutor.java:897)
	at org.apache.ratis.thirdparty.io.netty.util.concurrent.FastThreadLocalRunnable.run(FastThreadLocalRunnable.java:30)
	... 1 more
Caused by: java.net.ConnectException: Connection refused
	... 11 more
2019-10-14 14:43:07,220 [caa892f0-76ff-4c1e-b30f-b7c59842badc@group-E0B7C1D5C8D3:LeaderElection100] INFO  impl.LeaderElection (LogUtils.java:infoOrTrace(149)) -   Exception 1: {}
java.util.concurrent.ExecutionException: org.apache.ratis.thirdparty.io.grpc.StatusRuntimeException: UNAVAILABLE: io exception
	at java.util.concurrent.FutureTask.report(FutureTask.java:122)
	at java.util.concurrent.FutureTask.get(FutureTask.java:192)
	at org.apache.ratis.server.impl.LeaderElection.waitForResults(LeaderElection.java:263)
	at org.apache.ratis.server.impl.LeaderElection.askForVotes(LeaderElection.java:201)
	at org.apache.ratis.server.impl.LeaderElection.run(LeaderElection.java:133)
	at java.lang.Thread.run(Thread.java:748)
Caused by: org.apache.ratis.thirdparty.io.grpc.StatusRuntimeException: UNAVAILABLE: io exception
	at org.apache.ratis.thirdparty.io.grpc.stub.ClientCalls.toStatusRuntimeException(ClientCalls.java:233)
	at org.apache.ratis.thirdparty.io.grpc.stub.ClientCalls.getUnchecked(ClientCalls.java:214)
	at org.apache.ratis.thirdparty.io.grpc.stub.ClientCalls.blockingUnaryCall(ClientCalls.java:139)
	at org.apache.ratis.proto.grpc.RaftServerProtocolServiceGrpc$RaftServerProtocolServiceBlockingStub.requestVote(RaftServerProtocolServiceGrpc.java:265)
	at org.apache.ratis.grpc.server.GrpcServerProtocolClient.requestVote(GrpcServerProtocolClient.java:90)
	at org.apache.ratis.grpc.server.GrpcService.requestVote(GrpcService.java:204)
	at org.apache.ratis.server.impl.LeaderElection.lambda$submitRequests$1(LeaderElection.java:238)
	at java.util.concurrent.FutureTask.run(FutureTask.java:266)
	at java.util.concurrent.Executors$RunnableAdapter.call(Executors.java:511)
	at java.util.concurrent.FutureTask.run(FutureTask.java:266)
	at java.util.concurrent.ThreadPoolExecutor.runWorker(ThreadPoolExecutor.java:1149)
	at java.util.concurrent.ThreadPoolExecutor$Worker.run(ThreadPoolExecutor.java:624)
	... 1 more
Caused by: org.apache.ratis.thirdparty.io.netty.channel.AbstractChannel$AnnotatedConnectException: Connection refused: /192.168.5.159:44598
	at sun.nio.ch.SocketChannelImpl.checkConnect(Native Method)
	at sun.nio.ch.SocketChannelImpl.finishConnect(SocketChannelImpl.java:717)
	at org.apache.ratis.thirdparty.io.netty.channel.socket.nio.NioSocketChannel.doFinishConnect(NioSocketChannel.java:327)
	at org.apache.ratis.thirdparty.io.netty.channel.nio.AbstractNioChannel$AbstractNioUnsafe.finishConnect(AbstractNioChannel.java:340)
	at org.apache.ratis.thirdparty.io.netty.channel.nio.NioEventLoop.processSelectedKey(NioEventLoop.java:632)
	at org.apache.ratis.thirdparty.io.netty.channel.nio.NioEventLoop.processSelectedKeysOptimized(NioEventLoop.java:579)
	at org.apache.ratis.thirdparty.io.netty.channel.nio.NioEventLoop.processSelectedKeys(NioEventLoop.java:496)
	at org.apache.ratis.thirdparty.io.netty.channel.nio.NioEventLoop.run(NioEventLoop.java:458)
	at org.apache.ratis.thirdparty.io.netty.util.concurrent.SingleThreadEventExecutor$5.run(SingleThreadEventExecutor.java:897)
	at org.apache.ratis.thirdparty.io.netty.util.concurrent.FastThreadLocalRunnable.run(FastThreadLocalRunnable.java:30)
	... 1 more
Caused by: java.net.ConnectException: Connection refused
	... 11 more
2019-10-14 14:43:07,221 [caa892f0-76ff-4c1e-b30f-b7c59842badc@group-E0B7C1D5C8D3:LeaderElection100] INFO  impl.RaftServerImpl (RaftServerImpl.java:setRole(174)) - caa892f0-76ff-4c1e-b30f-b7c59842badc@group-E0B7C1D5C8D3: changes role from CANDIDATE to FOLLOWER at term 33 for DISCOVERED_A_NEW_TERM
2019-10-14 14:43:07,221 [caa892f0-76ff-4c1e-b30f-b7c59842badc@group-E0B7C1D5C8D3:LeaderElection100] INFO  impl.RoleInfo (RoleInfo.java:shutdownLeaderElection(134)) - caa892f0-76ff-4c1e-b30f-b7c59842badc: shutdown LeaderElection
2019-10-14 14:43:07,221 [caa892f0-76ff-4c1e-b30f-b7c59842badc@group-E0B7C1D5C8D3:LeaderElection100] INFO  impl.RoleInfo (RoleInfo.java:updateAndGet(143)) - caa892f0-76ff-4c1e-b30f-b7c59842badc: start FollowerState
2019-10-14 14:43:07,619 [grpc-default-executor-9] WARN  server.GrpcLogAppender (LogUtils.java:warn(134)) - caa892f0-76ff-4c1e-b30f-b7c59842badc@group-382452901537->07a15819-e4fc-4072-82ac-b3e77a99d12a-AppendLogResponseHandler: Failed appendEntries: org.apache.ratis.thirdparty.io.grpc.StatusRuntimeException: UNAVAILABLE: io exception
2019-10-14 14:43:07,619 [grpc-default-executor-7] WARN  server.GrpcLogAppender (LogUtils.java:warn(134)) - caa892f0-76ff-4c1e-b30f-b7c59842badc@group-382452901537->f9748ec4-5d8a-4dfc-8690-85b8cdac3f5d-AppendLogResponseHandler: Failed appendEntries: org.apache.ratis.thirdparty.io.grpc.StatusRuntimeException: UNAVAILABLE: io exception
2019-10-14 14:43:07,619 [grpc-default-executor-7] INFO  impl.FollowerInfo (FollowerInfo.java:lambda$new$0(51)) - caa892f0-76ff-4c1e-b30f-b7c59842badc@group-382452901537->f9748ec4-5d8a-4dfc-8690-85b8cdac3f5d: nextIndex: updateUnconditionally 0 -> 0
2019-10-14 14:43:07,619 [grpc-default-executor-12] WARN  server.GrpcLogAppender (LogUtils.java:warn(134)) - caa892f0-76ff-4c1e-b30f-b7c59842badc@group-026CFA11C8A1->07a15819-e4fc-4072-82ac-b3e77a99d12a-AppendLogResponseHandler: Failed appendEntries: org.apache.ratis.thirdparty.io.grpc.StatusRuntimeException: UNAVAILABLE: io exception
2019-10-14 14:43:07,619 [grpc-default-executor-0] WARN  server.GrpcLogAppender (LogUtils.java:warn(134)) - caa892f0-76ff-4c1e-b30f-b7c59842badc@group-026CFA11C8A1->f9748ec4-5d8a-4dfc-8690-85b8cdac3f5d-AppendLogResponseHandler: Failed appendEntries: org.apache.ratis.thirdparty.io.grpc.StatusRuntimeException: UNAVAILABLE: io exception
2019-10-14 14:43:07,620 [grpc-default-executor-12] INFO  impl.FollowerInfo (FollowerInfo.java:lambda$new$0(51)) - caa892f0-76ff-4c1e-b30f-b7c59842badc@group-026CFA11C8A1->07a15819-e4fc-4072-82ac-b3e77a99d12a: nextIndex: updateUnconditionally 0 -> 0
2019-10-14 14:43:07,619 [grpc-default-executor-9] INFO  impl.FollowerInfo (FollowerInfo.java:lambda$new$0(51)) - caa892f0-76ff-4c1e-b30f-b7c59842badc@group-382452901537->07a15819-e4fc-4072-82ac-b3e77a99d12a: nextIndex: updateUnconditionally 0 -> 0
2019-10-14 14:43:07,620 [grpc-default-executor-0] INFO  impl.FollowerInfo (FollowerInfo.java:lambda$new$0(51)) - caa892f0-76ff-4c1e-b30f-b7c59842badc@group-026CFA11C8A1->f9748ec4-5d8a-4dfc-8690-85b8cdac3f5d: nextIndex: updateUnconditionally 0 -> 0
2019-10-14 14:43:07,638 [Thread-1716] INFO  impl.FollowerState (FollowerState.java:run(106)) - caa892f0-76ff-4c1e-b30f-b7c59842badc:group-EA752D978E74 changes to CANDIDATE, lastRpcTime:1108, electionTimeout:1108ms
2019-10-14 14:43:07,639 [Thread-1716] INFO  impl.RoleInfo (RoleInfo.java:shutdownFollowerState(121)) - caa892f0-76ff-4c1e-b30f-b7c59842badc: shutdown FollowerState
2019-10-14 14:43:07,639 [Thread-1716] INFO  impl.RaftServerImpl (RaftServerImpl.java:setRole(174)) - caa892f0-76ff-4c1e-b30f-b7c59842badc@group-EA752D978E74: changes role from  FOLLOWER to CANDIDATE at term 31 for changeToCandidate
2019-10-14 14:43:07,639 [Thread-1716] INFO  impl.RoleInfo (RoleInfo.java:updateAndGet(143)) - caa892f0-76ff-4c1e-b30f-b7c59842badc: start LeaderElection
2019-10-14 14:43:07,653 [caa892f0-76ff-4c1e-b30f-b7c59842badc@group-EA752D978E74:LeaderElection101] INFO  impl.LeaderElection (LeaderElection.java:askForVotes(182)) - caa892f0-76ff-4c1e-b30f-b7c59842badc@group-EA752D978E74:LeaderElection101: begin an election at term 32 for 0: [07a15819-e4fc-4072-82ac-b3e77a99d12a:192.168.5.159:45599, f9748ec4-5d8a-4dfc-8690-85b8cdac3f5d:192.168.5.159:44598, caa892f0-76ff-4c1e-b30f-b7c59842badc:192.168.5.159:39406], old=null
2019-10-14 14:43:07,656 [caa892f0-76ff-4c1e-b30f-b7c59842badc@group-EA752D978E74:LeaderElection101] INFO  impl.LeaderElection (LogUtils.java:infoOrTrace(149)) - caa892f0-76ff-4c1e-b30f-b7c59842badc@group-EA752D978E74:LeaderElection101 got exception when requesting votes: {}
java.util.concurrent.ExecutionException: org.apache.ratis.thirdparty.io.grpc.StatusRuntimeException: UNAVAILABLE: io exception
	at java.util.concurrent.FutureTask.report(FutureTask.java:122)
	at java.util.concurrent.FutureTask.get(FutureTask.java:192)
	at org.apache.ratis.server.impl.LeaderElection.waitForResults(LeaderElection.java:263)
	at org.apache.ratis.server.impl.LeaderElection.askForVotes(LeaderElection.java:201)
	at org.apache.ratis.server.impl.LeaderElection.run(LeaderElection.java:133)
	at java.lang.Thread.run(Thread.java:748)
Caused by: org.apache.ratis.thirdparty.io.grpc.StatusRuntimeException: UNAVAILABLE: io exception
	at org.apache.ratis.thirdparty.io.grpc.stub.ClientCalls.toStatusRuntimeException(ClientCalls.java:233)
	at org.apache.ratis.thirdparty.io.grpc.stub.ClientCalls.getUnchecked(ClientCalls.java:214)
	at org.apache.ratis.thirdparty.io.grpc.stub.ClientCalls.blockingUnaryCall(ClientCalls.java:139)
	at org.apache.ratis.proto.grpc.RaftServerProtocolServiceGrpc$RaftServerProtocolServiceBlockingStub.requestVote(RaftServerProtocolServiceGrpc.java:265)
	at org.apache.ratis.grpc.server.GrpcServerProtocolClient.requestVote(GrpcServerProtocolClient.java:90)
	at org.apache.ratis.grpc.server.GrpcService.requestVote(GrpcService.java:204)
	at org.apache.ratis.server.impl.LeaderElection.lambda$submitRequests$1(LeaderElection.java:238)
	at java.util.concurrent.FutureTask.run(FutureTask.java:266)
	at java.util.concurrent.Executors$RunnableAdapter.call(Executors.java:511)
	at java.util.concurrent.FutureTask.run(FutureTask.java:266)
	at java.util.concurrent.ThreadPoolExecutor.runWorker(ThreadPoolExecutor.java:1149)
	at java.util.concurrent.ThreadPoolExecutor$Worker.run(ThreadPoolExecutor.java:624)
	... 1 more
Caused by: org.apache.ratis.thirdparty.io.netty.channel.AbstractChannel$AnnotatedConnectException: Connection refused: /192.168.5.159:45599
	at sun.nio.ch.SocketChannelImpl.checkConnect(Native Method)
	at sun.nio.ch.SocketChannelImpl.finishConnect(SocketChannelImpl.java:717)
	at org.apache.ratis.thirdparty.io.netty.channel.socket.nio.NioSocketChannel.doFinishConnect(NioSocketChannel.java:327)
	at org.apache.ratis.thirdparty.io.netty.channel.nio.AbstractNioChannel$AbstractNioUnsafe.finishConnect(AbstractNioChannel.java:340)
	at org.apache.ratis.thirdparty.io.netty.channel.nio.NioEventLoop.processSelectedKey(NioEventLoop.java:632)
	at org.apache.ratis.thirdparty.io.netty.channel.nio.NioEventLoop.processSelectedKeysOptimized(NioEventLoop.java:579)
	at org.apache.ratis.thirdparty.io.netty.channel.nio.NioEventLoop.processSelectedKeys(NioEventLoop.java:496)
	at org.apache.ratis.thirdparty.io.netty.channel.nio.NioEventLoop.run(NioEventLoop.java:458)
	at org.apache.ratis.thirdparty.io.netty.util.concurrent.SingleThreadEventExecutor$5.run(SingleThreadEventExecutor.java:897)
	at org.apache.ratis.thirdparty.io.netty.util.concurrent.FastThreadLocalRunnable.run(FastThreadLocalRunnable.java:30)
	... 1 more
Caused by: java.net.ConnectException: Connection refused
	... 11 more
2019-10-14 14:43:07,656 [caa892f0-76ff-4c1e-b30f-b7c59842badc@group-EA752D978E74:LeaderElection101] INFO  impl.LeaderElection (LogUtils.java:infoOrTrace(149)) - caa892f0-76ff-4c1e-b30f-b7c59842badc@group-EA752D978E74:LeaderElection101 got exception when requesting votes: {}
java.util.concurrent.ExecutionException: org.apache.ratis.thirdparty.io.grpc.StatusRuntimeException: UNAVAILABLE: io exception
	at java.util.concurrent.FutureTask.report(FutureTask.java:122)
	at java.util.concurrent.FutureTask.get(FutureTask.java:192)
	at org.apache.ratis.server.impl.LeaderElection.waitForResults(LeaderElection.java:263)
	at org.apache.ratis.server.impl.LeaderElection.askForVotes(LeaderElection.java:201)
	at org.apache.ratis.server.impl.LeaderElection.run(LeaderElection.java:133)
	at java.lang.Thread.run(Thread.java:748)
Caused by: org.apache.ratis.thirdparty.io.grpc.StatusRuntimeException: UNAVAILABLE: io exception
	at org.apache.ratis.thirdparty.io.grpc.stub.ClientCalls.toStatusRuntimeException(ClientCalls.java:233)
	at org.apache.ratis.thirdparty.io.grpc.stub.ClientCalls.getUnchecked(ClientCalls.java:214)
	at org.apache.ratis.thirdparty.io.grpc.stub.ClientCalls.blockingUnaryCall(ClientCalls.java:139)
	at org.apache.ratis.proto.grpc.RaftServerProtocolServiceGrpc$RaftServerProtocolServiceBlockingStub.requestVote(RaftServerProtocolServiceGrpc.java:265)
	at org.apache.ratis.grpc.server.GrpcServerProtocolClient.requestVote(GrpcServerProtocolClient.java:90)
	at org.apache.ratis.grpc.server.GrpcService.requestVote(GrpcService.java:204)
	at org.apache.ratis.server.impl.LeaderElection.lambda$submitRequests$1(LeaderElection.java:238)
	at java.util.concurrent.FutureTask.run(FutureTask.java:266)
	at java.util.concurrent.Executors$RunnableAdapter.call(Executors.java:511)
	at java.util.concurrent.FutureTask.run(FutureTask.java:266)
	at java.util.concurrent.ThreadPoolExecutor.runWorker(ThreadPoolExecutor.java:1149)
	at java.util.concurrent.ThreadPoolExecutor$Worker.run(ThreadPoolExecutor.java:624)
	... 1 more
Caused by: org.apache.ratis.thirdparty.io.netty.channel.AbstractChannel$AnnotatedConnectException: Connection refused: /192.168.5.159:44598
	at sun.nio.ch.SocketChannelImpl.checkConnect(Native Method)
	at sun.nio.ch.SocketChannelImpl.finishConnect(SocketChannelImpl.java:717)
	at org.apache.ratis.thirdparty.io.netty.channel.socket.nio.NioSocketChannel.doFinishConnect(NioSocketChannel.java:327)
	at org.apache.ratis.thirdparty.io.netty.channel.nio.AbstractNioChannel$AbstractNioUnsafe.finishConnect(AbstractNioChannel.java:340)
	at org.apache.ratis.thirdparty.io.netty.channel.nio.NioEventLoop.processSelectedKey(NioEventLoop.java:632)
	at org.apache.ratis.thirdparty.io.netty.channel.nio.NioEventLoop.processSelectedKeysOptimized(NioEventLoop.java:579)
	at org.apache.ratis.thirdparty.io.netty.channel.nio.NioEventLoop.processSelectedKeys(NioEventLoop.java:496)
	at org.apache.ratis.thirdparty.io.netty.channel.nio.NioEventLoop.run(NioEventLoop.java:458)
	at org.apache.ratis.thirdparty.io.netty.util.concurrent.SingleThreadEventExecutor$5.run(SingleThreadEventExecutor.java:897)
	at org.apache.ratis.thirdparty.io.netty.util.concurrent.FastThreadLocalRunnable.run(FastThreadLocalRunnable.java:30)
	... 1 more
Caused by: java.net.ConnectException: Connection refused
	... 11 more
2019-10-14 14:43:07,656 [caa892f0-76ff-4c1e-b30f-b7c59842badc@group-EA752D978E74:LeaderElection101] INFO  impl.LeaderElection (LeaderElection.java:logAndReturn(56)) - caa892f0-76ff-4c1e-b30f-b7c59842badc@group-EA752D978E74:LeaderElection101: Election REJECTED; received 0 response(s) [] and 2 exception(s); caa892f0-76ff-4c1e-b30f-b7c59842badc@group-EA752D978E74:t32, leader=null, voted=caa892f0-76ff-4c1e-b30f-b7c59842badc, raftlog=caa892f0-76ff-4c1e-b30f-b7c59842badc@group-EA752D978E74-SegmentedRaftLog:OPENED:c16,f16,i16, conf=0: [07a15819-e4fc-4072-82ac-b3e77a99d12a:192.168.5.159:45599, f9748ec4-5d8a-4dfc-8690-85b8cdac3f5d:192.168.5.159:44598, caa892f0-76ff-4c1e-b30f-b7c59842badc:192.168.5.159:39406], old=null
2019-10-14 14:43:07,656 [caa892f0-76ff-4c1e-b30f-b7c59842badc@group-EA752D978E74:LeaderElection101] INFO  impl.LeaderElection (LogUtils.java:infoOrTrace(149)) -   Exception 0: {}
java.util.concurrent.ExecutionException: org.apache.ratis.thirdparty.io.grpc.StatusRuntimeException: UNAVAILABLE: io exception
	at java.util.concurrent.FutureTask.report(FutureTask.java:122)
	at java.util.concurrent.FutureTask.get(FutureTask.java:192)
	at org.apache.ratis.server.impl.LeaderElection.waitForResults(LeaderElection.java:263)
	at org.apache.ratis.server.impl.LeaderElection.askForVotes(LeaderElection.java:201)
	at org.apache.ratis.server.impl.LeaderElection.run(LeaderElection.java:133)
	at java.lang.Thread.run(Thread.java:748)
Caused by: org.apache.ratis.thirdparty.io.grpc.StatusRuntimeException: UNAVAILABLE: io exception
	at org.apache.ratis.thirdparty.io.grpc.stub.ClientCalls.toStatusRuntimeException(ClientCalls.java:233)
	at org.apache.ratis.thirdparty.io.grpc.stub.ClientCalls.getUnchecked(ClientCalls.java:214)
	at org.apache.ratis.thirdparty.io.grpc.stub.ClientCalls.blockingUnaryCall(ClientCalls.java:139)
	at org.apache.ratis.proto.grpc.RaftServerProtocolServiceGrpc$RaftServerProtocolServiceBlockingStub.requestVote(RaftServerProtocolServiceGrpc.java:265)
	at org.apache.ratis.grpc.server.GrpcServerProtocolClient.requestVote(GrpcServerProtocolClient.java:90)
	at org.apache.ratis.grpc.server.GrpcService.requestVote(GrpcService.java:204)
	at org.apache.ratis.server.impl.LeaderElection.lambda$submitRequests$1(LeaderElection.java:238)
	at java.util.concurrent.FutureTask.run(FutureTask.java:266)
	at java.util.concurrent.Executors$RunnableAdapter.call(Executors.java:511)
	at java.util.concurrent.FutureTask.run(FutureTask.java:266)
	at java.util.concurrent.ThreadPoolExecutor.runWorker(ThreadPoolExecutor.java:1149)
	at java.util.concurrent.ThreadPoolExecutor$Worker.run(ThreadPoolExecutor.java:624)
	... 1 more
Caused by: org.apache.ratis.thirdparty.io.netty.channel.AbstractChannel$AnnotatedConnectException: Connection refused: /192.168.5.159:45599
	at sun.nio.ch.SocketChannelImpl.checkConnect(Native Method)
	at sun.nio.ch.SocketChannelImpl.finishConnect(SocketChannelImpl.java:717)
	at org.apache.ratis.thirdparty.io.netty.channel.socket.nio.NioSocketChannel.doFinishConnect(NioSocketChannel.java:327)
	at org.apache.ratis.thirdparty.io.netty.channel.nio.AbstractNioChannel$AbstractNioUnsafe.finishConnect(AbstractNioChannel.java:340)
	at org.apache.ratis.thirdparty.io.netty.channel.nio.NioEventLoop.processSelectedKey(NioEventLoop.java:632)
	at org.apache.ratis.thirdparty.io.netty.channel.nio.NioEventLoop.processSelectedKeysOptimized(NioEventLoop.java:579)
	at org.apache.ratis.thirdparty.io.netty.channel.nio.NioEventLoop.processSelectedKeys(NioEventLoop.java:496)
	at org.apache.ratis.thirdparty.io.netty.channel.nio.NioEventLoop.run(NioEventLoop.java:458)
	at org.apache.ratis.thirdparty.io.netty.util.concurrent.SingleThreadEventExecutor$5.run(SingleThreadEventExecutor.java:897)
	at org.apache.ratis.thirdparty.io.netty.util.concurrent.FastThreadLocalRunnable.run(FastThreadLocalRunnable.java:30)
	... 1 more
Caused by: java.net.ConnectException: Connection refused
	... 11 more
2019-10-14 14:43:07,656 [caa892f0-76ff-4c1e-b30f-b7c59842badc@group-EA752D978E74:LeaderElection101] INFO  impl.LeaderElection (LogUtils.java:infoOrTrace(149)) -   Exception 1: {}
java.util.concurrent.ExecutionException: org.apache.ratis.thirdparty.io.grpc.StatusRuntimeException: UNAVAILABLE: io exception
	at java.util.concurrent.FutureTask.report(FutureTask.java:122)
	at java.util.concurrent.FutureTask.get(FutureTask.java:192)
	at org.apache.ratis.server.impl.LeaderElection.waitForResults(LeaderElection.java:263)
	at org.apache.ratis.server.impl.LeaderElection.askForVotes(LeaderElection.java:201)
	at org.apache.ratis.server.impl.LeaderElection.run(LeaderElection.java:133)
	at java.lang.Thread.run(Thread.java:748)
Caused by: org.apache.ratis.thirdparty.io.grpc.StatusRuntimeException: UNAVAILABLE: io exception
	at org.apache.ratis.thirdparty.io.grpc.stub.ClientCalls.toStatusRuntimeException(ClientCalls.java:233)
	at org.apache.ratis.thirdparty.io.grpc.stub.ClientCalls.getUnchecked(ClientCalls.java:214)
	at org.apache.ratis.thirdparty.io.grpc.stub.ClientCalls.blockingUnaryCall(ClientCalls.java:139)
	at org.apache.ratis.proto.grpc.RaftServerProtocolServiceGrpc$RaftServerProtocolServiceBlockingStub.requestVote(RaftServerProtocolServiceGrpc.java:265)
	at org.apache.ratis.grpc.server.GrpcServerProtocolClient.requestVote(GrpcServerProtocolClient.java:90)
	at org.apache.ratis.grpc.server.GrpcService.requestVote(GrpcService.java:204)
	at org.apache.ratis.server.impl.LeaderElection.lambda$submitRequests$1(LeaderElection.java:238)
	at java.util.concurrent.FutureTask.run(FutureTask.java:266)
	at java.util.concurrent.Executors$RunnableAdapter.call(Executors.java:511)
	at java.util.concurrent.FutureTask.run(FutureTask.java:266)
	at java.util.concurrent.ThreadPoolExecutor.runWorker(ThreadPoolExecutor.java:1149)
	at java.util.concurrent.ThreadPoolExecutor$Worker.run(ThreadPoolExecutor.java:624)
	... 1 more
Caused by: org.apache.ratis.thirdparty.io.netty.channel.AbstractChannel$AnnotatedConnectException: Connection refused: /192.168.5.159:44598
	at sun.nio.ch.SocketChannelImpl.checkConnect(Native Method)
	at sun.nio.ch.SocketChannelImpl.finishConnect(SocketChannelImpl.java:717)
	at org.apache.ratis.thirdparty.io.netty.channel.socket.nio.NioSocketChannel.doFinishConnect(NioSocketChannel.java:327)
	at org.apache.ratis.thirdparty.io.netty.channel.nio.AbstractNioChannel$AbstractNioUnsafe.finishConnect(AbstractNioChannel.java:340)
	at org.apache.ratis.thirdparty.io.netty.channel.nio.NioEventLoop.processSelectedKey(NioEventLoop.java:632)
	at org.apache.ratis.thirdparty.io.netty.channel.nio.NioEventLoop.processSelectedKeysOptimized(NioEventLoop.java:579)
	at org.apache.ratis.thirdparty.io.netty.channel.nio.NioEventLoop.processSelectedKeys(NioEventLoop.java:496)
	at org.apache.ratis.thirdparty.io.netty.channel.nio.NioEventLoop.run(NioEventLoop.java:458)
	at org.apache.ratis.thirdparty.io.netty.util.concurrent.SingleThreadEventExecutor$5.run(SingleThreadEventExecutor.java:897)
	at org.apache.ratis.thirdparty.io.netty.util.concurrent.FastThreadLocalRunnable.run(FastThreadLocalRunnable.java:30)
	... 1 more
Caused by: java.net.ConnectException: Connection refused
	... 11 more
2019-10-14 14:43:07,657 [caa892f0-76ff-4c1e-b30f-b7c59842badc@group-EA752D978E74:LeaderElection101] INFO  impl.RaftServerImpl (RaftServerImpl.java:setRole(174)) - caa892f0-76ff-4c1e-b30f-b7c59842badc@group-EA752D978E74: changes role from CANDIDATE to FOLLOWER at term 32 for DISCOVERED_A_NEW_TERM
2019-10-14 14:43:07,657 [caa892f0-76ff-4c1e-b30f-b7c59842badc@group-EA752D978E74:LeaderElection101] INFO  impl.RoleInfo (RoleInfo.java:shutdownLeaderElection(134)) - caa892f0-76ff-4c1e-b30f-b7c59842badc: shutdown LeaderElection
2019-10-14 14:43:07,657 [caa892f0-76ff-4c1e-b30f-b7c59842badc@group-EA752D978E74:LeaderElection101] INFO  impl.RoleInfo (RoleInfo.java:updateAndGet(143)) - caa892f0-76ff-4c1e-b30f-b7c59842badc: start FollowerState
2019-10-14 14:43:08,119 [grpc-default-executor-9] WARN  server.GrpcLogAppender (LogUtils.java:warn(134)) - caa892f0-76ff-4c1e-b30f-b7c59842badc@group-382452901537->07a15819-e4fc-4072-82ac-b3e77a99d12a-AppendLogResponseHandler: Failed appendEntries: org.apache.ratis.thirdparty.io.grpc.StatusRuntimeException: UNAVAILABLE: io exception
2019-10-14 14:43:08,119 [grpc-default-executor-7] WARN  server.GrpcLogAppender (LogUtils.java:warn(134)) - caa892f0-76ff-4c1e-b30f-b7c59842badc@group-026CFA11C8A1->f9748ec4-5d8a-4dfc-8690-85b8cdac3f5d-AppendLogResponseHandler: Failed appendEntries: org.apache.ratis.thirdparty.io.grpc.StatusRuntimeException: UNAVAILABLE: io exception
2019-10-14 14:43:08,119 [grpc-default-executor-0] WARN  server.GrpcLogAppender (LogUtils.java:warn(134)) - caa892f0-76ff-4c1e-b30f-b7c59842badc@group-026CFA11C8A1->07a15819-e4fc-4072-82ac-b3e77a99d12a-AppendLogResponseHandler: Failed appendEntries: org.apache.ratis.thirdparty.io.grpc.StatusRuntimeException: UNAVAILABLE: io exception
2019-10-14 14:43:08,119 [grpc-default-executor-12] WARN  server.GrpcLogAppender (LogUtils.java:warn(134)) - caa892f0-76ff-4c1e-b30f-b7c59842badc@group-382452901537->f9748ec4-5d8a-4dfc-8690-85b8cdac3f5d-AppendLogResponseHandler: Failed appendEntries: org.apache.ratis.thirdparty.io.grpc.StatusRuntimeException: UNAVAILABLE: io exception
2019-10-14 14:43:08,120 [grpc-default-executor-0] INFO  impl.FollowerInfo (FollowerInfo.java:lambda$new$0(51)) - caa892f0-76ff-4c1e-b30f-b7c59842badc@group-026CFA11C8A1->07a15819-e4fc-4072-82ac-b3e77a99d12a: nextIndex: updateUnconditionally 0 -> 0
2019-10-14 14:43:08,120 [grpc-default-executor-7] INFO  impl.FollowerInfo (FollowerInfo.java:lambda$new$0(51)) - caa892f0-76ff-4c1e-b30f-b7c59842badc@group-026CFA11C8A1->f9748ec4-5d8a-4dfc-8690-85b8cdac3f5d: nextIndex: updateUnconditionally 0 -> 0
2019-10-14 14:43:08,119 [grpc-default-executor-9] INFO  impl.FollowerInfo (FollowerInfo.java:lambda$new$0(51)) - caa892f0-76ff-4c1e-b30f-b7c59842badc@group-382452901537->07a15819-e4fc-4072-82ac-b3e77a99d12a: nextIndex: updateUnconditionally 0 -> 0
2019-10-14 14:43:08,120 [grpc-default-executor-12] INFO  impl.FollowerInfo (FollowerInfo.java:lambda$new$0(51)) - caa892f0-76ff-4c1e-b30f-b7c59842badc@group-382452901537->f9748ec4-5d8a-4dfc-8690-85b8cdac3f5d: nextIndex: updateUnconditionally 0 -> 0
2019-10-14 14:43:08,304 [Thread-1736] INFO  impl.FollowerState (FollowerState.java:run(106)) - caa892f0-76ff-4c1e-b30f-b7c59842badc:group-E0B7C1D5C8D3 changes to CANDIDATE, lastRpcTime:1082, electionTimeout:1082ms
2019-10-14 14:43:08,304 [Thread-1736] INFO  impl.RoleInfo (RoleInfo.java:shutdownFollowerState(121)) - caa892f0-76ff-4c1e-b30f-b7c59842badc: shutdown FollowerState
2019-10-14 14:43:08,304 [Thread-1736] INFO  impl.RaftServerImpl (RaftServerImpl.java:setRole(174)) - caa892f0-76ff-4c1e-b30f-b7c59842badc@group-E0B7C1D5C8D3: changes role from  FOLLOWER to CANDIDATE at term 33 for changeToCandidate
2019-10-14 14:43:08,304 [Thread-1736] INFO  impl.RoleInfo (RoleInfo.java:updateAndGet(143)) - caa892f0-76ff-4c1e-b30f-b7c59842badc: start LeaderElection
2019-10-14 14:43:08,309 [caa892f0-76ff-4c1e-b30f-b7c59842badc@group-E0B7C1D5C8D3:LeaderElection102] INFO  impl.LeaderElection (LeaderElection.java:askForVotes(182)) - caa892f0-76ff-4c1e-b30f-b7c59842badc@group-E0B7C1D5C8D3:LeaderElection102: begin an election at term 34 for 0: [07a15819-e4fc-4072-82ac-b3e77a99d12a:192.168.5.159:45599, f9748ec4-5d8a-4dfc-8690-85b8cdac3f5d:192.168.5.159:44598, caa892f0-76ff-4c1e-b30f-b7c59842badc:192.168.5.159:39406], old=null
2019-10-14 14:43:08,311 [caa892f0-76ff-4c1e-b30f-b7c59842badc@group-E0B7C1D5C8D3:LeaderElection102] INFO  impl.LeaderElection (LogUtils.java:infoOrTrace(149)) - caa892f0-76ff-4c1e-b30f-b7c59842badc@group-E0B7C1D5C8D3:LeaderElection102 got exception when requesting votes: {}
java.util.concurrent.ExecutionException: org.apache.ratis.thirdparty.io.grpc.StatusRuntimeException: UNAVAILABLE: io exception
	at java.util.concurrent.FutureTask.report(FutureTask.java:122)
	at java.util.concurrent.FutureTask.get(FutureTask.java:192)
	at org.apache.ratis.server.impl.LeaderElection.waitForResults(LeaderElection.java:263)
	at org.apache.ratis.server.impl.LeaderElection.askForVotes(LeaderElection.java:201)
	at org.apache.ratis.server.impl.LeaderElection.run(LeaderElection.java:133)
	at java.lang.Thread.run(Thread.java:748)
Caused by: org.apache.ratis.thirdparty.io.grpc.StatusRuntimeException: UNAVAILABLE: io exception
	at org.apache.ratis.thirdparty.io.grpc.stub.ClientCalls.toStatusRuntimeException(ClientCalls.java:233)
	at org.apache.ratis.thirdparty.io.grpc.stub.ClientCalls.getUnchecked(ClientCalls.java:214)
	at org.apache.ratis.thirdparty.io.grpc.stub.ClientCalls.blockingUnaryCall(ClientCalls.java:139)
	at org.apache.ratis.proto.grpc.RaftServerProtocolServiceGrpc$RaftServerProtocolServiceBlockingStub.requestVote(RaftServerProtocolServiceGrpc.java:265)
	at org.apache.ratis.grpc.server.GrpcServerProtocolClient.requestVote(GrpcServerProtocolClient.java:90)
	at org.apache.ratis.grpc.server.GrpcService.requestVote(GrpcService.java:204)
	at org.apache.ratis.server.impl.LeaderElection.lambda$submitRequests$1(LeaderElection.java:238)
	at java.util.concurrent.FutureTask.run(FutureTask.java:266)
	at java.util.concurrent.Executors$RunnableAdapter.call(Executors.java:511)
	at java.util.concurrent.FutureTask.run(FutureTask.java:266)
	at java.util.concurrent.ThreadPoolExecutor.runWorker(ThreadPoolExecutor.java:1149)
	at java.util.concurrent.ThreadPoolExecutor$Worker.run(ThreadPoolExecutor.java:624)
	... 1 more
Caused by: org.apache.ratis.thirdparty.io.netty.channel.AbstractChannel$AnnotatedConnectException: Connection refused: /192.168.5.159:45599
	at sun.nio.ch.SocketChannelImpl.checkConnect(Native Method)
	at sun.nio.ch.SocketChannelImpl.finishConnect(SocketChannelImpl.java:717)
	at org.apache.ratis.thirdparty.io.netty.channel.socket.nio.NioSocketChannel.doFinishConnect(NioSocketChannel.java:327)
	at org.apache.ratis.thirdparty.io.netty.channel.nio.AbstractNioChannel$AbstractNioUnsafe.finishConnect(AbstractNioChannel.java:340)
	at org.apache.ratis.thirdparty.io.netty.channel.nio.NioEventLoop.processSelectedKey(NioEventLoop.java:632)
	at org.apache.ratis.thirdparty.io.netty.channel.nio.NioEventLoop.processSelectedKeysOptimized(NioEventLoop.java:579)
	at org.apache.ratis.thirdparty.io.netty.channel.nio.NioEventLoop.processSelectedKeys(NioEventLoop.java:496)
	at org.apache.ratis.thirdparty.io.netty.channel.nio.NioEventLoop.run(NioEventLoop.java:458)
	at org.apache.ratis.thirdparty.io.netty.util.concurrent.SingleThreadEventExecutor$5.run(SingleThreadEventExecutor.java:897)
	at org.apache.ratis.thirdparty.io.netty.util.concurrent.FastThreadLocalRunnable.run(FastThreadLocalRunnable.java:30)
	... 1 more
Caused by: java.net.ConnectException: Connection refused
	... 11 more
2019-10-14 14:43:08,311 [caa892f0-76ff-4c1e-b30f-b7c59842badc@group-E0B7C1D5C8D3:LeaderElection102] INFO  impl.LeaderElection (LogUtils.java:infoOrTrace(149)) - caa892f0-76ff-4c1e-b30f-b7c59842badc@group-E0B7C1D5C8D3:LeaderElection102 got exception when requesting votes: {}
java.util.concurrent.ExecutionException: org.apache.ratis.thirdparty.io.grpc.StatusRuntimeException: UNAVAILABLE: io exception
	at java.util.concurrent.FutureTask.report(FutureTask.java:122)
	at java.util.concurrent.FutureTask.get(FutureTask.java:192)
	at org.apache.ratis.server.impl.LeaderElection.waitForResults(LeaderElection.java:263)
	at org.apache.ratis.server.impl.LeaderElection.askForVotes(LeaderElection.java:201)
	at org.apache.ratis.server.impl.LeaderElection.run(LeaderElection.java:133)
	at java.lang.Thread.run(Thread.java:748)
Caused by: org.apache.ratis.thirdparty.io.grpc.StatusRuntimeException: UNAVAILABLE: io exception
	at org.apache.ratis.thirdparty.io.grpc.stub.ClientCalls.toStatusRuntimeException(ClientCalls.java:233)
	at org.apache.ratis.thirdparty.io.grpc.stub.ClientCalls.getUnchecked(ClientCalls.java:214)
	at org.apache.ratis.thirdparty.io.grpc.stub.ClientCalls.blockingUnaryCall(ClientCalls.java:139)
	at org.apache.ratis.proto.grpc.RaftServerProtocolServiceGrpc$RaftServerProtocolServiceBlockingStub.requestVote(RaftServerProtocolServiceGrpc.java:265)
	at org.apache.ratis.grpc.server.GrpcServerProtocolClient.requestVote(GrpcServerProtocolClient.java:90)
	at org.apache.ratis.grpc.server.GrpcService.requestVote(GrpcService.java:204)
	at org.apache.ratis.server.impl.LeaderElection.lambda$submitRequests$1(LeaderElection.java:238)
	at java.util.concurrent.FutureTask.run(FutureTask.java:266)
	at java.util.concurrent.Executors$RunnableAdapter.call(Executors.java:511)
	at java.util.concurrent.FutureTask.run(FutureTask.java:266)
	at java.util.concurrent.ThreadPoolExecutor.runWorker(ThreadPoolExecutor.java:1149)
	at java.util.concurrent.ThreadPoolExecutor$Worker.run(ThreadPoolExecutor.java:624)
	... 1 more
Caused by: org.apache.ratis.thirdparty.io.netty.channel.AbstractChannel$AnnotatedConnectException: Connection refused: /192.168.5.159:44598
	at sun.nio.ch.SocketChannelImpl.checkConnect(Native Method)
	at sun.nio.ch.SocketChannelImpl.finishConnect(SocketChannelImpl.java:717)
	at org.apache.ratis.thirdparty.io.netty.channel.socket.nio.NioSocketChannel.doFinishConnect(NioSocketChannel.java:327)
	at org.apache.ratis.thirdparty.io.netty.channel.nio.AbstractNioChannel$AbstractNioUnsafe.finishConnect(AbstractNioChannel.java:340)
	at org.apache.ratis.thirdparty.io.netty.channel.nio.NioEventLoop.processSelectedKey(NioEventLoop.java:632)
	at org.apache.ratis.thirdparty.io.netty.channel.nio.NioEventLoop.processSelectedKeysOptimized(NioEventLoop.java:579)
	at org.apache.ratis.thirdparty.io.netty.channel.nio.NioEventLoop.processSelectedKeys(NioEventLoop.java:496)
	at org.apache.ratis.thirdparty.io.netty.channel.nio.NioEventLoop.run(NioEventLoop.java:458)
	at org.apache.ratis.thirdparty.io.netty.util.concurrent.SingleThreadEventExecutor$5.run(SingleThreadEventExecutor.java:897)
	at org.apache.ratis.thirdparty.io.netty.util.concurrent.FastThreadLocalRunnable.run(FastThreadLocalRunnable.java:30)
	... 1 more
Caused by: java.net.ConnectException: Connection refused
	... 11 more
2019-10-14 14:43:08,312 [caa892f0-76ff-4c1e-b30f-b7c59842badc@group-E0B7C1D5C8D3:LeaderElection102] INFO  impl.LeaderElection (LeaderElection.java:logAndReturn(56)) - caa892f0-76ff-4c1e-b30f-b7c59842badc@group-E0B7C1D5C8D3:LeaderElection102: Election REJECTED; received 0 response(s) [] and 2 exception(s); caa892f0-76ff-4c1e-b30f-b7c59842badc@group-E0B7C1D5C8D3:t34, leader=null, voted=caa892f0-76ff-4c1e-b30f-b7c59842badc, raftlog=caa892f0-76ff-4c1e-b30f-b7c59842badc@group-E0B7C1D5C8D3-SegmentedRaftLog:OPENED:c0,f0,i0, conf=0: [07a15819-e4fc-4072-82ac-b3e77a99d12a:192.168.5.159:45599, f9748ec4-5d8a-4dfc-8690-85b8cdac3f5d:192.168.5.159:44598, caa892f0-76ff-4c1e-b30f-b7c59842badc:192.168.5.159:39406], old=null
2019-10-14 14:43:08,312 [caa892f0-76ff-4c1e-b30f-b7c59842badc@group-E0B7C1D5C8D3:LeaderElection102] INFO  impl.LeaderElection (LogUtils.java:infoOrTrace(149)) -   Exception 0: {}
java.util.concurrent.ExecutionException: org.apache.ratis.thirdparty.io.grpc.StatusRuntimeException: UNAVAILABLE: io exception
	at java.util.concurrent.FutureTask.report(FutureTask.java:122)
	at java.util.concurrent.FutureTask.get(FutureTask.java:192)
	at org.apache.ratis.server.impl.LeaderElection.waitForResults(LeaderElection.java:263)
	at org.apache.ratis.server.impl.LeaderElection.askForVotes(LeaderElection.java:201)
	at org.apache.ratis.server.impl.LeaderElection.run(LeaderElection.java:133)
	at java.lang.Thread.run(Thread.java:748)
Caused by: org.apache.ratis.thirdparty.io.grpc.StatusRuntimeException: UNAVAILABLE: io exception
	at org.apache.ratis.thirdparty.io.grpc.stub.ClientCalls.toStatusRuntimeException(ClientCalls.java:233)
	at org.apache.ratis.thirdparty.io.grpc.stub.ClientCalls.getUnchecked(ClientCalls.java:214)
	at org.apache.ratis.thirdparty.io.grpc.stub.ClientCalls.blockingUnaryCall(ClientCalls.java:139)
	at org.apache.ratis.proto.grpc.RaftServerProtocolServiceGrpc$RaftServerProtocolServiceBlockingStub.requestVote(RaftServerProtocolServiceGrpc.java:265)
	at org.apache.ratis.grpc.server.GrpcServerProtocolClient.requestVote(GrpcServerProtocolClient.java:90)
	at org.apache.ratis.grpc.server.GrpcService.requestVote(GrpcService.java:204)
	at org.apache.ratis.server.impl.LeaderElection.lambda$submitRequests$1(LeaderElection.java:238)
	at java.util.concurrent.FutureTask.run(FutureTask.java:266)
	at java.util.concurrent.Executors$RunnableAdapter.call(Executors.java:511)
	at java.util.concurrent.FutureTask.run(FutureTask.java:266)
	at java.util.concurrent.ThreadPoolExecutor.runWorker(ThreadPoolExecutor.java:1149)
	at java.util.concurrent.ThreadPoolExecutor$Worker.run(ThreadPoolExecutor.java:624)
	... 1 more
Caused by: org.apache.ratis.thirdparty.io.netty.channel.AbstractChannel$AnnotatedConnectException: Connection refused: /192.168.5.159:45599
	at sun.nio.ch.SocketChannelImpl.checkConnect(Native Method)
	at sun.nio.ch.SocketChannelImpl.finishConnect(SocketChannelImpl.java:717)
	at org.apache.ratis.thirdparty.io.netty.channel.socket.nio.NioSocketChannel.doFinishConnect(NioSocketChannel.java:327)
	at org.apache.ratis.thirdparty.io.netty.channel.nio.AbstractNioChannel$AbstractNioUnsafe.finishConnect(AbstractNioChannel.java:340)
	at org.apache.ratis.thirdparty.io.netty.channel.nio.NioEventLoop.processSelectedKey(NioEventLoop.java:632)
	at org.apache.ratis.thirdparty.io.netty.channel.nio.NioEventLoop.processSelectedKeysOptimized(NioEventLoop.java:579)
	at org.apache.ratis.thirdparty.io.netty.channel.nio.NioEventLoop.processSelectedKeys(NioEventLoop.java:496)
	at org.apache.ratis.thirdparty.io.netty.channel.nio.NioEventLoop.run(NioEventLoop.java:458)
	at org.apache.ratis.thirdparty.io.netty.util.concurrent.SingleThreadEventExecutor$5.run(SingleThreadEventExecutor.java:897)
	at org.apache.ratis.thirdparty.io.netty.util.concurrent.FastThreadLocalRunnable.run(FastThreadLocalRunnable.java:30)
	... 1 more
Caused by: java.net.ConnectException: Connection refused
	... 11 more
2019-10-14 14:43:08,312 [caa892f0-76ff-4c1e-b30f-b7c59842badc@group-E0B7C1D5C8D3:LeaderElection102] INFO  impl.LeaderElection (LogUtils.java:infoOrTrace(149)) -   Exception 1: {}
java.util.concurrent.ExecutionException: org.apache.ratis.thirdparty.io.grpc.StatusRuntimeException: UNAVAILABLE: io exception
	at java.util.concurrent.FutureTask.report(FutureTask.java:122)
	at java.util.concurrent.FutureTask.get(FutureTask.java:192)
	at org.apache.ratis.server.impl.LeaderElection.waitForResults(LeaderElection.java:263)
	at org.apache.ratis.server.impl.LeaderElection.askForVotes(LeaderElection.java:201)
	at org.apache.ratis.server.impl.LeaderElection.run(LeaderElection.java:133)
	at java.lang.Thread.run(Thread.java:748)
Caused by: org.apache.ratis.thirdparty.io.grpc.StatusRuntimeException: UNAVAILABLE: io exception
	at org.apache.ratis.thirdparty.io.grpc.stub.ClientCalls.toStatusRuntimeException(ClientCalls.java:233)
	at org.apache.ratis.thirdparty.io.grpc.stub.ClientCalls.getUnchecked(ClientCalls.java:214)
	at org.apache.ratis.thirdparty.io.grpc.stub.ClientCalls.blockingUnaryCall(ClientCalls.java:139)
	at org.apache.ratis.proto.grpc.RaftServerProtocolServiceGrpc$RaftServerProtocolServiceBlockingStub.requestVote(RaftServerProtocolServiceGrpc.java:265)
	at org.apache.ratis.grpc.server.GrpcServerProtocolClient.requestVote(GrpcServerProtocolClient.java:90)
	at org.apache.ratis.grpc.server.GrpcService.requestVote(GrpcService.java:204)
	at org.apache.ratis.server.impl.LeaderElection.lambda$submitRequests$1(LeaderElection.java:238)
	at java.util.concurrent.FutureTask.run(FutureTask.java:266)
	at java.util.concurrent.Executors$RunnableAdapter.call(Executors.java:511)
	at java.util.concurrent.FutureTask.run(FutureTask.java:266)
	at java.util.concurrent.ThreadPoolExecutor.runWorker(ThreadPoolExecutor.java:1149)
	at java.util.concurrent.ThreadPoolExecutor$Worker.run(ThreadPoolExecutor.java:624)
	... 1 more
Caused by: org.apache.ratis.thirdparty.io.netty.channel.AbstractChannel$AnnotatedConnectException: Connection refused: /192.168.5.159:44598
	at sun.nio.ch.SocketChannelImpl.checkConnect(Native Method)
	at sun.nio.ch.SocketChannelImpl.finishConnect(SocketChannelImpl.java:717)
	at org.apache.ratis.thirdparty.io.netty.channel.socket.nio.NioSocketChannel.doFinishConnect(NioSocketChannel.java:327)
	at org.apache.ratis.thirdparty.io.netty.channel.nio.AbstractNioChannel$AbstractNioUnsafe.finishConnect(AbstractNioChannel.java:340)
	at org.apache.ratis.thirdparty.io.netty.channel.nio.NioEventLoop.processSelectedKey(NioEventLoop.java:632)
	at org.apache.ratis.thirdparty.io.netty.channel.nio.NioEventLoop.processSelectedKeysOptimized(NioEventLoop.java:579)
	at org.apache.ratis.thirdparty.io.netty.channel.nio.NioEventLoop.processSelectedKeys(NioEventLoop.java:496)
	at org.apache.ratis.thirdparty.io.netty.channel.nio.NioEventLoop.run(NioEventLoop.java:458)
	at org.apache.ratis.thirdparty.io.netty.util.concurrent.SingleThreadEventExecutor$5.run(SingleThreadEventExecutor.java:897)
	at org.apache.ratis.thirdparty.io.netty.util.concurrent.FastThreadLocalRunnable.run(FastThreadLocalRunnable.java:30)
	... 1 more
Caused by: java.net.ConnectException: Connection refused
	... 11 more
2019-10-14 14:43:08,313 [caa892f0-76ff-4c1e-b30f-b7c59842badc@group-E0B7C1D5C8D3:LeaderElection102] INFO  impl.RaftServerImpl (RaftServerImpl.java:setRole(174)) - caa892f0-76ff-4c1e-b30f-b7c59842badc@group-E0B7C1D5C8D3: changes role from CANDIDATE to FOLLOWER at term 34 for DISCOVERED_A_NEW_TERM
2019-10-14 14:43:08,313 [caa892f0-76ff-4c1e-b30f-b7c59842badc@group-E0B7C1D5C8D3:LeaderElection102] INFO  impl.RoleInfo (RoleInfo.java:shutdownLeaderElection(134)) - caa892f0-76ff-4c1e-b30f-b7c59842badc: shutdown LeaderElection
2019-10-14 14:43:08,313 [caa892f0-76ff-4c1e-b30f-b7c59842badc@group-E0B7C1D5C8D3:LeaderElection102] INFO  impl.RoleInfo (RoleInfo.java:updateAndGet(143)) - caa892f0-76ff-4c1e-b30f-b7c59842badc: start FollowerState
2019-10-14 14:43:08,619 [grpc-default-executor-12] WARN  server.GrpcLogAppender (LogUtils.java:warn(134)) - caa892f0-76ff-4c1e-b30f-b7c59842badc@group-382452901537->f9748ec4-5d8a-4dfc-8690-85b8cdac3f5d-AppendLogResponseHandler: Failed appendEntries: org.apache.ratis.thirdparty.io.grpc.StatusRuntimeException: UNAVAILABLE: io exception
2019-10-14 14:43:08,619 [grpc-default-executor-0] WARN  server.GrpcLogAppender (LogUtils.java:warn(134)) - caa892f0-76ff-4c1e-b30f-b7c59842badc@group-382452901537->07a15819-e4fc-4072-82ac-b3e77a99d12a-AppendLogResponseHandler: Failed appendEntries: org.apache.ratis.thirdparty.io.grpc.StatusRuntimeException: UNAVAILABLE: io exception
2019-10-14 14:43:08,619 [grpc-default-executor-7] WARN  server.GrpcLogAppender (LogUtils.java:warn(134)) - caa892f0-76ff-4c1e-b30f-b7c59842badc@group-026CFA11C8A1->f9748ec4-5d8a-4dfc-8690-85b8cdac3f5d-AppendLogResponseHandler: Failed appendEntries: org.apache.ratis.thirdparty.io.grpc.StatusRuntimeException: UNAVAILABLE: io exception
2019-10-14 14:43:08,620 [grpc-default-executor-0] INFO  impl.FollowerInfo (FollowerInfo.java:lambda$new$0(51)) - caa892f0-76ff-4c1e-b30f-b7c59842badc@group-382452901537->07a15819-e4fc-4072-82ac-b3e77a99d12a: nextIndex: updateUnconditionally 0 -> 0
2019-10-14 14:43:08,619 [grpc-default-executor-9] WARN  server.GrpcLogAppender (LogUtils.java:warn(134)) - caa892f0-76ff-4c1e-b30f-b7c59842badc@group-026CFA11C8A1->07a15819-e4fc-4072-82ac-b3e77a99d12a-AppendLogResponseHandler: Failed appendEntries: org.apache.ratis.thirdparty.io.grpc.StatusRuntimeException: UNAVAILABLE: io exception
2019-10-14 14:43:08,620 [grpc-default-executor-9] INFO  impl.FollowerInfo (FollowerInfo.java:lambda$new$0(51)) - caa892f0-76ff-4c1e-b30f-b7c59842badc@group-026CFA11C8A1->07a15819-e4fc-4072-82ac-b3e77a99d12a: nextIndex: updateUnconditionally 0 -> 0
2019-10-14 14:43:08,620 [grpc-default-executor-7] INFO  impl.FollowerInfo (FollowerInfo.java:lambda$new$0(51)) - caa892f0-76ff-4c1e-b30f-b7c59842badc@group-026CFA11C8A1->f9748ec4-5d8a-4dfc-8690-85b8cdac3f5d: nextIndex: updateUnconditionally 0 -> 0
2019-10-14 14:43:08,620 [grpc-default-executor-12] INFO  impl.FollowerInfo (FollowerInfo.java:lambda$new$0(51)) - caa892f0-76ff-4c1e-b30f-b7c59842badc@group-382452901537->f9748ec4-5d8a-4dfc-8690-85b8cdac3f5d: nextIndex: updateUnconditionally 0 -> 0
2019-10-14 14:43:08,666 [Thread-1740] INFO  impl.FollowerState (FollowerState.java:run(106)) - caa892f0-76ff-4c1e-b30f-b7c59842badc:group-EA752D978E74 changes to CANDIDATE, lastRpcTime:1009, electionTimeout:1009ms
2019-10-14 14:43:08,667 [Thread-1740] INFO  impl.RoleInfo (RoleInfo.java:shutdownFollowerState(121)) - caa892f0-76ff-4c1e-b30f-b7c59842badc: shutdown FollowerState
2019-10-14 14:43:08,667 [Thread-1740] INFO  impl.RaftServerImpl (RaftServerImpl.java:setRole(174)) - caa892f0-76ff-4c1e-b30f-b7c59842badc@group-EA752D978E74: changes role from  FOLLOWER to CANDIDATE at term 32 for changeToCandidate
2019-10-14 14:43:08,667 [Thread-1740] INFO  impl.RoleInfo (RoleInfo.java:updateAndGet(143)) - caa892f0-76ff-4c1e-b30f-b7c59842badc: start LeaderElection
2019-10-14 14:43:08,681 [caa892f0-76ff-4c1e-b30f-b7c59842badc@group-EA752D978E74:LeaderElection103] INFO  impl.LeaderElection (LeaderElection.java:askForVotes(182)) - caa892f0-76ff-4c1e-b30f-b7c59842badc@group-EA752D978E74:LeaderElection103: begin an election at term 33 for 0: [07a15819-e4fc-4072-82ac-b3e77a99d12a:192.168.5.159:45599, f9748ec4-5d8a-4dfc-8690-85b8cdac3f5d:192.168.5.159:44598, caa892f0-76ff-4c1e-b30f-b7c59842badc:192.168.5.159:39406], old=null
2019-10-14 14:43:08,683 [caa892f0-76ff-4c1e-b30f-b7c59842badc@group-EA752D978E74:LeaderElection103] INFO  impl.LeaderElection (LogUtils.java:infoOrTrace(149)) - caa892f0-76ff-4c1e-b30f-b7c59842badc@group-EA752D978E74:LeaderElection103 got exception when requesting votes: {}
java.util.concurrent.ExecutionException: org.apache.ratis.thirdparty.io.grpc.StatusRuntimeException: UNAVAILABLE: io exception
	at java.util.concurrent.FutureTask.report(FutureTask.java:122)
	at java.util.concurrent.FutureTask.get(FutureTask.java:192)
	at org.apache.ratis.server.impl.LeaderElection.waitForResults(LeaderElection.java:263)
	at org.apache.ratis.server.impl.LeaderElection.askForVotes(LeaderElection.java:201)
	at org.apache.ratis.server.impl.LeaderElection.run(LeaderElection.java:133)
	at java.lang.Thread.run(Thread.java:748)
Caused by: org.apache.ratis.thirdparty.io.grpc.StatusRuntimeException: UNAVAILABLE: io exception
	at org.apache.ratis.thirdparty.io.grpc.stub.ClientCalls.toStatusRuntimeException(ClientCalls.java:233)
	at org.apache.ratis.thirdparty.io.grpc.stub.ClientCalls.getUnchecked(ClientCalls.java:214)
	at org.apache.ratis.thirdparty.io.grpc.stub.ClientCalls.blockingUnaryCall(ClientCalls.java:139)
	at org.apache.ratis.proto.grpc.RaftServerProtocolServiceGrpc$RaftServerProtocolServiceBlockingStub.requestVote(RaftServerProtocolServiceGrpc.java:265)
	at org.apache.ratis.grpc.server.GrpcServerProtocolClient.requestVote(GrpcServerProtocolClient.java:90)
	at org.apache.ratis.grpc.server.GrpcService.requestVote(GrpcService.java:204)
	at org.apache.ratis.server.impl.LeaderElection.lambda$submitRequests$1(LeaderElection.java:238)
	at java.util.concurrent.FutureTask.run(FutureTask.java:266)
	at java.util.concurrent.Executors$RunnableAdapter.call(Executors.java:511)
	at java.util.concurrent.FutureTask.run(FutureTask.java:266)
	at java.util.concurrent.ThreadPoolExecutor.runWorker(ThreadPoolExecutor.java:1149)
	at java.util.concurrent.ThreadPoolExecutor$Worker.run(ThreadPoolExecutor.java:624)
	... 1 more
Caused by: org.apache.ratis.thirdparty.io.netty.channel.AbstractChannel$AnnotatedConnectException: Connection refused: /192.168.5.159:44598
	at sun.nio.ch.SocketChannelImpl.checkConnect(Native Method)
	at sun.nio.ch.SocketChannelImpl.finishConnect(SocketChannelImpl.java:717)
	at org.apache.ratis.thirdparty.io.netty.channel.socket.nio.NioSocketChannel.doFinishConnect(NioSocketChannel.java:327)
	at org.apache.ratis.thirdparty.io.netty.channel.nio.AbstractNioChannel$AbstractNioUnsafe.finishConnect(AbstractNioChannel.java:340)
	at org.apache.ratis.thirdparty.io.netty.channel.nio.NioEventLoop.processSelectedKey(NioEventLoop.java:632)
	at org.apache.ratis.thirdparty.io.netty.channel.nio.NioEventLoop.processSelectedKeysOptimized(NioEventLoop.java:579)
	at org.apache.ratis.thirdparty.io.netty.channel.nio.NioEventLoop.processSelectedKeys(NioEventLoop.java:496)
	at org.apache.ratis.thirdparty.io.netty.channel.nio.NioEventLoop.run(NioEventLoop.java:458)
	at org.apache.ratis.thirdparty.io.netty.util.concurrent.SingleThreadEventExecutor$5.run(SingleThreadEventExecutor.java:897)
	at org.apache.ratis.thirdparty.io.netty.util.concurrent.FastThreadLocalRunnable.run(FastThreadLocalRunnable.java:30)
	... 1 more
Caused by: java.net.ConnectException: Connection refused
	... 11 more
2019-10-14 14:43:08,683 [caa892f0-76ff-4c1e-b30f-b7c59842badc@group-EA752D978E74:LeaderElection103] INFO  impl.LeaderElection (LogUtils.java:infoOrTrace(149)) - caa892f0-76ff-4c1e-b30f-b7c59842badc@group-EA752D978E74:LeaderElection103 got exception when requesting votes: {}
java.util.concurrent.ExecutionException: org.apache.ratis.thirdparty.io.grpc.StatusRuntimeException: UNAVAILABLE: io exception
	at java.util.concurrent.FutureTask.report(FutureTask.java:122)
	at java.util.concurrent.FutureTask.get(FutureTask.java:192)
	at org.apache.ratis.server.impl.LeaderElection.waitForResults(LeaderElection.java:263)
	at org.apache.ratis.server.impl.LeaderElection.askForVotes(LeaderElection.java:201)
	at org.apache.ratis.server.impl.LeaderElection.run(LeaderElection.java:133)
	at java.lang.Thread.run(Thread.java:748)
Caused by: org.apache.ratis.thirdparty.io.grpc.StatusRuntimeException: UNAVAILABLE: io exception
	at org.apache.ratis.thirdparty.io.grpc.stub.ClientCalls.toStatusRuntimeException(ClientCalls.java:233)
	at org.apache.ratis.thirdparty.io.grpc.stub.ClientCalls.getUnchecked(ClientCalls.java:214)
	at org.apache.ratis.thirdparty.io.grpc.stub.ClientCalls.blockingUnaryCall(ClientCalls.java:139)
	at org.apache.ratis.proto.grpc.RaftServerProtocolServiceGrpc$RaftServerProtocolServiceBlockingStub.requestVote(RaftServerProtocolServiceGrpc.java:265)
	at org.apache.ratis.grpc.server.GrpcServerProtocolClient.requestVote(GrpcServerProtocolClient.java:90)
	at org.apache.ratis.grpc.server.GrpcService.requestVote(GrpcService.java:204)
	at org.apache.ratis.server.impl.LeaderElection.lambda$submitRequests$1(LeaderElection.java:238)
	at java.util.concurrent.FutureTask.run(FutureTask.java:266)
	at java.util.concurrent.Executors$RunnableAdapter.call(Executors.java:511)
	at java.util.concurrent.FutureTask.run(FutureTask.java:266)
	at java.util.concurrent.ThreadPoolExecutor.runWorker(ThreadPoolExecutor.java:1149)
	at java.util.concurrent.ThreadPoolExecutor$Worker.run(ThreadPoolExecutor.java:624)
	... 1 more
Caused by: org.apache.ratis.thirdparty.io.netty.channel.AbstractChannel$AnnotatedConnectException: Connection refused: /192.168.5.159:45599
	at sun.nio.ch.SocketChannelImpl.checkConnect(Native Method)
	at sun.nio.ch.SocketChannelImpl.finishConnect(SocketChannelImpl.java:717)
	at org.apache.ratis.thirdparty.io.netty.channel.socket.nio.NioSocketChannel.doFinishConnect(NioSocketChannel.java:327)
	at org.apache.ratis.thirdparty.io.netty.channel.nio.AbstractNioChannel$AbstractNioUnsafe.finishConnect(AbstractNioChannel.java:340)
	at org.apache.ratis.thirdparty.io.netty.channel.nio.NioEventLoop.processSelectedKey(NioEventLoop.java:632)
	at org.apache.ratis.thirdparty.io.netty.channel.nio.NioEventLoop.processSelectedKeysOptimized(NioEventLoop.java:579)
	at org.apache.ratis.thirdparty.io.netty.channel.nio.NioEventLoop.processSelectedKeys(NioEventLoop.java:496)
	at org.apache.ratis.thirdparty.io.netty.channel.nio.NioEventLoop.run(NioEventLoop.java:458)
	at org.apache.ratis.thirdparty.io.netty.util.concurrent.SingleThreadEventExecutor$5.run(SingleThreadEventExecutor.java:897)
	at org.apache.ratis.thirdparty.io.netty.util.concurrent.FastThreadLocalRunnable.run(FastThreadLocalRunnable.java:30)
	... 1 more
Caused by: java.net.ConnectException: Connection refused
	... 11 more
2019-10-14 14:43:08,684 [caa892f0-76ff-4c1e-b30f-b7c59842badc@group-EA752D978E74:LeaderElection103] INFO  impl.LeaderElection (LeaderElection.java:logAndReturn(56)) - caa892f0-76ff-4c1e-b30f-b7c59842badc@group-EA752D978E74:LeaderElection103: Election REJECTED; received 0 response(s) [] and 2 exception(s); caa892f0-76ff-4c1e-b30f-b7c59842badc@group-EA752D978E74:t33, leader=null, voted=caa892f0-76ff-4c1e-b30f-b7c59842badc, raftlog=caa892f0-76ff-4c1e-b30f-b7c59842badc@group-EA752D978E74-SegmentedRaftLog:OPENED:c16,f16,i16, conf=0: [07a15819-e4fc-4072-82ac-b3e77a99d12a:192.168.5.159:45599, f9748ec4-5d8a-4dfc-8690-85b8cdac3f5d:192.168.5.159:44598, caa892f0-76ff-4c1e-b30f-b7c59842badc:192.168.5.159:39406], old=null
2019-10-14 14:43:08,684 [caa892f0-76ff-4c1e-b30f-b7c59842badc@group-EA752D978E74:LeaderElection103] INFO  impl.LeaderElection (LogUtils.java:infoOrTrace(149)) -   Exception 0: {}
java.util.concurrent.ExecutionException: org.apache.ratis.thirdparty.io.grpc.StatusRuntimeException: UNAVAILABLE: io exception
	at java.util.concurrent.FutureTask.report(FutureTask.java:122)
	at java.util.concurrent.FutureTask.get(FutureTask.java:192)
	at org.apache.ratis.server.impl.LeaderElection.waitForResults(LeaderElection.java:263)
	at org.apache.ratis.server.impl.LeaderElection.askForVotes(LeaderElection.java:201)
	at org.apache.ratis.server.impl.LeaderElection.run(LeaderElection.java:133)
	at java.lang.Thread.run(Thread.java:748)
Caused by: org.apache.ratis.thirdparty.io.grpc.StatusRuntimeException: UNAVAILABLE: io exception
	at org.apache.ratis.thirdparty.io.grpc.stub.ClientCalls.toStatusRuntimeException(ClientCalls.java:233)
	at org.apache.ratis.thirdparty.io.grpc.stub.ClientCalls.getUnchecked(ClientCalls.java:214)
	at org.apache.ratis.thirdparty.io.grpc.stub.ClientCalls.blockingUnaryCall(ClientCalls.java:139)
	at org.apache.ratis.proto.grpc.RaftServerProtocolServiceGrpc$RaftServerProtocolServiceBlockingStub.requestVote(RaftServerProtocolServiceGrpc.java:265)
	at org.apache.ratis.grpc.server.GrpcServerProtocolClient.requestVote(GrpcServerProtocolClient.java:90)
	at org.apache.ratis.grpc.server.GrpcService.requestVote(GrpcService.java:204)
	at org.apache.ratis.server.impl.LeaderElection.lambda$submitRequests$1(LeaderElection.java:238)
	at java.util.concurrent.FutureTask.run(FutureTask.java:266)
	at java.util.concurrent.Executors$RunnableAdapter.call(Executors.java:511)
	at java.util.concurrent.FutureTask.run(FutureTask.java:266)
	at java.util.concurrent.ThreadPoolExecutor.runWorker(ThreadPoolExecutor.java:1149)
	at java.util.concurrent.ThreadPoolExecutor$Worker.run(ThreadPoolExecutor.java:624)
	... 1 more
Caused by: org.apache.ratis.thirdparty.io.netty.channel.AbstractChannel$AnnotatedConnectException: Connection refused: /192.168.5.159:44598
	at sun.nio.ch.SocketChannelImpl.checkConnect(Native Method)
	at sun.nio.ch.SocketChannelImpl.finishConnect(SocketChannelImpl.java:717)
	at org.apache.ratis.thirdparty.io.netty.channel.socket.nio.NioSocketChannel.doFinishConnect(NioSocketChannel.java:327)
	at org.apache.ratis.thirdparty.io.netty.channel.nio.AbstractNioChannel$AbstractNioUnsafe.finishConnect(AbstractNioChannel.java:340)
	at org.apache.ratis.thirdparty.io.netty.channel.nio.NioEventLoop.processSelectedKey(NioEventLoop.java:632)
	at org.apache.ratis.thirdparty.io.netty.channel.nio.NioEventLoop.processSelectedKeysOptimized(NioEventLoop.java:579)
	at org.apache.ratis.thirdparty.io.netty.channel.nio.NioEventLoop.processSelectedKeys(NioEventLoop.java:496)
	at org.apache.ratis.thirdparty.io.netty.channel.nio.NioEventLoop.run(NioEventLoop.java:458)
	at org.apache.ratis.thirdparty.io.netty.util.concurrent.SingleThreadEventExecutor$5.run(SingleThreadEventExecutor.java:897)
	at org.apache.ratis.thirdparty.io.netty.util.concurrent.FastThreadLocalRunnable.run(FastThreadLocalRunnable.java:30)
	... 1 more
Caused by: java.net.ConnectException: Connection refused
	... 11 more
2019-10-14 14:43:08,684 [caa892f0-76ff-4c1e-b30f-b7c59842badc@group-EA752D978E74:LeaderElection103] INFO  impl.LeaderElection (LogUtils.java:infoOrTrace(149)) -   Exception 1: {}
java.util.concurrent.ExecutionException: org.apache.ratis.thirdparty.io.grpc.StatusRuntimeException: UNAVAILABLE: io exception
	at java.util.concurrent.FutureTask.report(FutureTask.java:122)
	at java.util.concurrent.FutureTask.get(FutureTask.java:192)
	at org.apache.ratis.server.impl.LeaderElection.waitForResults(LeaderElection.java:263)
	at org.apache.ratis.server.impl.LeaderElection.askForVotes(LeaderElection.java:201)
	at org.apache.ratis.server.impl.LeaderElection.run(LeaderElection.java:133)
	at java.lang.Thread.run(Thread.java:748)
Caused by: org.apache.ratis.thirdparty.io.grpc.StatusRuntimeException: UNAVAILABLE: io exception
	at org.apache.ratis.thirdparty.io.grpc.stub.ClientCalls.toStatusRuntimeException(ClientCalls.java:233)
	at org.apache.ratis.thirdparty.io.grpc.stub.ClientCalls.getUnchecked(ClientCalls.java:214)
	at org.apache.ratis.thirdparty.io.grpc.stub.ClientCalls.blockingUnaryCall(ClientCalls.java:139)
	at org.apache.ratis.proto.grpc.RaftServerProtocolServiceGrpc$RaftServerProtocolServiceBlockingStub.requestVote(RaftServerProtocolServiceGrpc.java:265)
	at org.apache.ratis.grpc.server.GrpcServerProtocolClient.requestVote(GrpcServerProtocolClient.java:90)
	at org.apache.ratis.grpc.server.GrpcService.requestVote(GrpcService.java:204)
	at org.apache.ratis.server.impl.LeaderElection.lambda$submitRequests$1(LeaderElection.java:238)
	at java.util.concurrent.FutureTask.run(FutureTask.java:266)
	at java.util.concurrent.Executors$RunnableAdapter.call(Executors.java:511)
	at java.util.concurrent.FutureTask.run(FutureTask.java:266)
	at java.util.concurrent.ThreadPoolExecutor.runWorker(ThreadPoolExecutor.java:1149)
	at java.util.concurrent.ThreadPoolExecutor$Worker.run(ThreadPoolExecutor.java:624)
	... 1 more
Caused by: org.apache.ratis.thirdparty.io.netty.channel.AbstractChannel$AnnotatedConnectException: Connection refused: /192.168.5.159:45599
	at sun.nio.ch.SocketChannelImpl.checkConnect(Native Method)
	at sun.nio.ch.SocketChannelImpl.finishConnect(SocketChannelImpl.java:717)
	at org.apache.ratis.thirdparty.io.netty.channel.socket.nio.NioSocketChannel.doFinishConnect(NioSocketChannel.java:327)
	at org.apache.ratis.thirdparty.io.netty.channel.nio.AbstractNioChannel$AbstractNioUnsafe.finishConnect(AbstractNioChannel.java:340)
	at org.apache.ratis.thirdparty.io.netty.channel.nio.NioEventLoop.processSelectedKey(NioEventLoop.java:632)
	at org.apache.ratis.thirdparty.io.netty.channel.nio.NioEventLoop.processSelectedKeysOptimized(NioEventLoop.java:579)
	at org.apache.ratis.thirdparty.io.netty.channel.nio.NioEventLoop.processSelectedKeys(NioEventLoop.java:496)
	at org.apache.ratis.thirdparty.io.netty.channel.nio.NioEventLoop.run(NioEventLoop.java:458)
	at org.apache.ratis.thirdparty.io.netty.util.concurrent.SingleThreadEventExecutor$5.run(SingleThreadEventExecutor.java:897)
	at org.apache.ratis.thirdparty.io.netty.util.concurrent.FastThreadLocalRunnable.run(FastThreadLocalRunnable.java:30)
	... 1 more
Caused by: java.net.ConnectException: Connection refused
	... 11 more
2019-10-14 14:43:08,685 [caa892f0-76ff-4c1e-b30f-b7c59842badc@group-EA752D978E74:LeaderElection103] INFO  impl.RaftServerImpl (RaftServerImpl.java:setRole(174)) - caa892f0-76ff-4c1e-b30f-b7c59842badc@group-EA752D978E74: changes role from CANDIDATE to FOLLOWER at term 33 for DISCOVERED_A_NEW_TERM
2019-10-14 14:43:08,685 [caa892f0-76ff-4c1e-b30f-b7c59842badc@group-EA752D978E74:LeaderElection103] INFO  impl.RoleInfo (RoleInfo.java:shutdownLeaderElection(134)) - caa892f0-76ff-4c1e-b30f-b7c59842badc: shutdown LeaderElection
2019-10-14 14:43:08,685 [caa892f0-76ff-4c1e-b30f-b7c59842badc@group-EA752D978E74:LeaderElection103] INFO  impl.RoleInfo (RoleInfo.java:updateAndGet(143)) - caa892f0-76ff-4c1e-b30f-b7c59842badc: start FollowerState
2019-10-14 14:43:09,119 [grpc-default-executor-0] WARN  server.GrpcLogAppender (LogUtils.java:warn(134)) - caa892f0-76ff-4c1e-b30f-b7c59842badc@group-026CFA11C8A1->f9748ec4-5d8a-4dfc-8690-85b8cdac3f5d-AppendLogResponseHandler: Failed appendEntries: org.apache.ratis.thirdparty.io.grpc.StatusRuntimeException: UNAVAILABLE: io exception
2019-10-14 14:43:09,119 [grpc-default-executor-7] WARN  server.GrpcLogAppender (LogUtils.java:warn(134)) - caa892f0-76ff-4c1e-b30f-b7c59842badc@group-382452901537->07a15819-e4fc-4072-82ac-b3e77a99d12a-AppendLogResponseHandler: Failed appendEntries: org.apache.ratis.thirdparty.io.grpc.StatusRuntimeException: UNAVAILABLE: io exception
2019-10-14 14:43:09,119 [grpc-default-executor-12] WARN  server.GrpcLogAppender (LogUtils.java:warn(134)) - caa892f0-76ff-4c1e-b30f-b7c59842badc@group-026CFA11C8A1->07a15819-e4fc-4072-82ac-b3e77a99d12a-AppendLogResponseHandler: Failed appendEntries: org.apache.ratis.thirdparty.io.grpc.StatusRuntimeException: UNAVAILABLE: io exception
2019-10-14 14:43:09,120 [grpc-default-executor-12] INFO  impl.FollowerInfo (FollowerInfo.java:lambda$new$0(51)) - caa892f0-76ff-4c1e-b30f-b7c59842badc@group-026CFA11C8A1->07a15819-e4fc-4072-82ac-b3e77a99d12a: nextIndex: updateUnconditionally 0 -> 0
2019-10-14 14:43:09,119 [grpc-default-executor-9] WARN  server.GrpcLogAppender (LogUtils.java:warn(134)) - caa892f0-76ff-4c1e-b30f-b7c59842badc@group-382452901537->f9748ec4-5d8a-4dfc-8690-85b8cdac3f5d-AppendLogResponseHandler: Failed appendEntries: org.apache.ratis.thirdparty.io.grpc.StatusRuntimeException: UNAVAILABLE: io exception
2019-10-14 14:43:09,120 [grpc-default-executor-7] INFO  impl.FollowerInfo (FollowerInfo.java:lambda$new$0(51)) - caa892f0-76ff-4c1e-b30f-b7c59842badc@group-382452901537->07a15819-e4fc-4072-82ac-b3e77a99d12a: nextIndex: updateUnconditionally 0 -> 0
2019-10-14 14:43:09,120 [grpc-default-executor-0] INFO  impl.FollowerInfo (FollowerInfo.java:lambda$new$0(51)) - caa892f0-76ff-4c1e-b30f-b7c59842badc@group-026CFA11C8A1->f9748ec4-5d8a-4dfc-8690-85b8cdac3f5d: nextIndex: updateUnconditionally 0 -> 0
2019-10-14 14:43:09,121 [grpc-default-executor-9] INFO  impl.FollowerInfo (FollowerInfo.java:lambda$new$0(51)) - caa892f0-76ff-4c1e-b30f-b7c59842badc@group-382452901537->f9748ec4-5d8a-4dfc-8690-85b8cdac3f5d: nextIndex: updateUnconditionally 0 -> 0
2019-10-14 14:43:09,476 [Thread-1760] INFO  impl.FollowerState (FollowerState.java:run(106)) - caa892f0-76ff-4c1e-b30f-b7c59842badc:group-E0B7C1D5C8D3 changes to CANDIDATE, lastRpcTime:1162, electionTimeout:1162ms
2019-10-14 14:43:09,476 [Thread-1760] INFO  impl.RoleInfo (RoleInfo.java:shutdownFollowerState(121)) - caa892f0-76ff-4c1e-b30f-b7c59842badc: shutdown FollowerState
2019-10-14 14:43:09,476 [Thread-1760] INFO  impl.RaftServerImpl (RaftServerImpl.java:setRole(174)) - caa892f0-76ff-4c1e-b30f-b7c59842badc@group-E0B7C1D5C8D3: changes role from  FOLLOWER to CANDIDATE at term 34 for changeToCandidate
2019-10-14 14:43:09,476 [Thread-1760] INFO  impl.RoleInfo (RoleInfo.java:updateAndGet(143)) - caa892f0-76ff-4c1e-b30f-b7c59842badc: start LeaderElection
2019-10-14 14:43:09,491 [caa892f0-76ff-4c1e-b30f-b7c59842badc@group-E0B7C1D5C8D3:LeaderElection104] INFO  impl.LeaderElection (LeaderElection.java:askForVotes(182)) - caa892f0-76ff-4c1e-b30f-b7c59842badc@group-E0B7C1D5C8D3:LeaderElection104: begin an election at term 35 for 0: [07a15819-e4fc-4072-82ac-b3e77a99d12a:192.168.5.159:45599, f9748ec4-5d8a-4dfc-8690-85b8cdac3f5d:192.168.5.159:44598, caa892f0-76ff-4c1e-b30f-b7c59842badc:192.168.5.159:39406], old=null
2019-10-14 14:43:09,494 [caa892f0-76ff-4c1e-b30f-b7c59842badc@group-E0B7C1D5C8D3:LeaderElection104] INFO  impl.LeaderElection (LogUtils.java:infoOrTrace(149)) - caa892f0-76ff-4c1e-b30f-b7c59842badc@group-E0B7C1D5C8D3:LeaderElection104 got exception when requesting votes: {}
java.util.concurrent.ExecutionException: org.apache.ratis.thirdparty.io.grpc.StatusRuntimeException: UNAVAILABLE: io exception
	at java.util.concurrent.FutureTask.report(FutureTask.java:122)
	at java.util.concurrent.FutureTask.get(FutureTask.java:192)
	at org.apache.ratis.server.impl.LeaderElection.waitForResults(LeaderElection.java:263)
	at org.apache.ratis.server.impl.LeaderElection.askForVotes(LeaderElection.java:201)
	at org.apache.ratis.server.impl.LeaderElection.run(LeaderElection.java:133)
	at java.lang.Thread.run(Thread.java:748)
Caused by: org.apache.ratis.thirdparty.io.grpc.StatusRuntimeException: UNAVAILABLE: io exception
	at org.apache.ratis.thirdparty.io.grpc.stub.ClientCalls.toStatusRuntimeException(ClientCalls.java:233)
	at org.apache.ratis.thirdparty.io.grpc.stub.ClientCalls.getUnchecked(ClientCalls.java:214)
	at org.apache.ratis.thirdparty.io.grpc.stub.ClientCalls.blockingUnaryCall(ClientCalls.java:139)
	at org.apache.ratis.proto.grpc.RaftServerProtocolServiceGrpc$RaftServerProtocolServiceBlockingStub.requestVote(RaftServerProtocolServiceGrpc.java:265)
	at org.apache.ratis.grpc.server.GrpcServerProtocolClient.requestVote(GrpcServerProtocolClient.java:90)
	at org.apache.ratis.grpc.server.GrpcService.requestVote(GrpcService.java:204)
	at org.apache.ratis.server.impl.LeaderElection.lambda$submitRequests$1(LeaderElection.java:238)
	at java.util.concurrent.FutureTask.run(FutureTask.java:266)
	at java.util.concurrent.Executors$RunnableAdapter.call(Executors.java:511)
	at java.util.concurrent.FutureTask.run(FutureTask.java:266)
	at java.util.concurrent.ThreadPoolExecutor.runWorker(ThreadPoolExecutor.java:1149)
	at java.util.concurrent.ThreadPoolExecutor$Worker.run(ThreadPoolExecutor.java:624)
	... 1 more
Caused by: org.apache.ratis.thirdparty.io.netty.channel.AbstractChannel$AnnotatedConnectException: Connection refused: /192.168.5.159:44598
	at sun.nio.ch.SocketChannelImpl.checkConnect(Native Method)
	at sun.nio.ch.SocketChannelImpl.finishConnect(SocketChannelImpl.java:717)
	at org.apache.ratis.thirdparty.io.netty.channel.socket.nio.NioSocketChannel.doFinishConnect(NioSocketChannel.java:327)
	at org.apache.ratis.thirdparty.io.netty.channel.nio.AbstractNioChannel$AbstractNioUnsafe.finishConnect(AbstractNioChannel.java:340)
	at org.apache.ratis.thirdparty.io.netty.channel.nio.NioEventLoop.processSelectedKey(NioEventLoop.java:632)
	at org.apache.ratis.thirdparty.io.netty.channel.nio.NioEventLoop.processSelectedKeysOptimized(NioEventLoop.java:579)
	at org.apache.ratis.thirdparty.io.netty.channel.nio.NioEventLoop.processSelectedKeys(NioEventLoop.java:496)
	at org.apache.ratis.thirdparty.io.netty.channel.nio.NioEventLoop.run(NioEventLoop.java:458)
	at org.apache.ratis.thirdparty.io.netty.util.concurrent.SingleThreadEventExecutor$5.run(SingleThreadEventExecutor.java:897)
	at org.apache.ratis.thirdparty.io.netty.util.concurrent.FastThreadLocalRunnable.run(FastThreadLocalRunnable.java:30)
	... 1 more
Caused by: java.net.ConnectException: Connection refused
	... 11 more
2019-10-14 14:43:09,495 [caa892f0-76ff-4c1e-b30f-b7c59842badc@group-E0B7C1D5C8D3:LeaderElection104] INFO  impl.LeaderElection (LogUtils.java:infoOrTrace(149)) - caa892f0-76ff-4c1e-b30f-b7c59842badc@group-E0B7C1D5C8D3:LeaderElection104 got exception when requesting votes: {}
java.util.concurrent.ExecutionException: org.apache.ratis.thirdparty.io.grpc.StatusRuntimeException: UNAVAILABLE: io exception
	at java.util.concurrent.FutureTask.report(FutureTask.java:122)
	at java.util.concurrent.FutureTask.get(FutureTask.java:192)
	at org.apache.ratis.server.impl.LeaderElection.waitForResults(LeaderElection.java:263)
	at org.apache.ratis.server.impl.LeaderElection.askForVotes(LeaderElection.java:201)
	at org.apache.ratis.server.impl.LeaderElection.run(LeaderElection.java:133)
	at java.lang.Thread.run(Thread.java:748)
Caused by: org.apache.ratis.thirdparty.io.grpc.StatusRuntimeException: UNAVAILABLE: io exception
	at org.apache.ratis.thirdparty.io.grpc.stub.ClientCalls.toStatusRuntimeException(ClientCalls.java:233)
	at org.apache.ratis.thirdparty.io.grpc.stub.ClientCalls.getUnchecked(ClientCalls.java:214)
	at org.apache.ratis.thirdparty.io.grpc.stub.ClientCalls.blockingUnaryCall(ClientCalls.java:139)
	at org.apache.ratis.proto.grpc.RaftServerProtocolServiceGrpc$RaftServerProtocolServiceBlockingStub.requestVote(RaftServerProtocolServiceGrpc.java:265)
	at org.apache.ratis.grpc.server.GrpcServerProtocolClient.requestVote(GrpcServerProtocolClient.java:90)
	at org.apache.ratis.grpc.server.GrpcService.requestVote(GrpcService.java:204)
	at org.apache.ratis.server.impl.LeaderElection.lambda$submitRequests$1(LeaderElection.java:238)
	at java.util.concurrent.FutureTask.run(FutureTask.java:266)
	at java.util.concurrent.Executors$RunnableAdapter.call(Executors.java:511)
	at java.util.concurrent.FutureTask.run(FutureTask.java:266)
	at java.util.concurrent.ThreadPoolExecutor.runWorker(ThreadPoolExecutor.java:1149)
	at java.util.concurrent.ThreadPoolExecutor$Worker.run(ThreadPoolExecutor.java:624)
	... 1 more
Caused by: org.apache.ratis.thirdparty.io.netty.channel.AbstractChannel$AnnotatedConnectException: Connection refused: /192.168.5.159:45599
	at sun.nio.ch.SocketChannelImpl.checkConnect(Native Method)
	at sun.nio.ch.SocketChannelImpl.finishConnect(SocketChannelImpl.java:717)
	at org.apache.ratis.thirdparty.io.netty.channel.socket.nio.NioSocketChannel.doFinishConnect(NioSocketChannel.java:327)
	at org.apache.ratis.thirdparty.io.netty.channel.nio.AbstractNioChannel$AbstractNioUnsafe.finishConnect(AbstractNioChannel.java:340)
	at org.apache.ratis.thirdparty.io.netty.channel.nio.NioEventLoop.processSelectedKey(NioEventLoop.java:632)
	at org.apache.ratis.thirdparty.io.netty.channel.nio.NioEventLoop.processSelectedKeysOptimized(NioEventLoop.java:579)
	at org.apache.ratis.thirdparty.io.netty.channel.nio.NioEventLoop.processSelectedKeys(NioEventLoop.java:496)
	at org.apache.ratis.thirdparty.io.netty.channel.nio.NioEventLoop.run(NioEventLoop.java:458)
	at org.apache.ratis.thirdparty.io.netty.util.concurrent.SingleThreadEventExecutor$5.run(SingleThreadEventExecutor.java:897)
	at org.apache.ratis.thirdparty.io.netty.util.concurrent.FastThreadLocalRunnable.run(FastThreadLocalRunnable.java:30)
	... 1 more
Caused by: java.net.ConnectException: Connection refused
	... 11 more
2019-10-14 14:43:09,495 [caa892f0-76ff-4c1e-b30f-b7c59842badc@group-E0B7C1D5C8D3:LeaderElection104] INFO  impl.LeaderElection (LeaderElection.java:logAndReturn(56)) - caa892f0-76ff-4c1e-b30f-b7c59842badc@group-E0B7C1D5C8D3:LeaderElection104: Election REJECTED; received 0 response(s) [] and 2 exception(s); caa892f0-76ff-4c1e-b30f-b7c59842badc@group-E0B7C1D5C8D3:t35, leader=null, voted=caa892f0-76ff-4c1e-b30f-b7c59842badc, raftlog=caa892f0-76ff-4c1e-b30f-b7c59842badc@group-E0B7C1D5C8D3-SegmentedRaftLog:OPENED:c0,f0,i0, conf=0: [07a15819-e4fc-4072-82ac-b3e77a99d12a:192.168.5.159:45599, f9748ec4-5d8a-4dfc-8690-85b8cdac3f5d:192.168.5.159:44598, caa892f0-76ff-4c1e-b30f-b7c59842badc:192.168.5.159:39406], old=null
2019-10-14 14:43:09,495 [caa892f0-76ff-4c1e-b30f-b7c59842badc@group-E0B7C1D5C8D3:LeaderElection104] INFO  impl.LeaderElection (LogUtils.java:infoOrTrace(149)) -   Exception 0: {}
java.util.concurrent.ExecutionException: org.apache.ratis.thirdparty.io.grpc.StatusRuntimeException: UNAVAILABLE: io exception
	at java.util.concurrent.FutureTask.report(FutureTask.java:122)
	at java.util.concurrent.FutureTask.get(FutureTask.java:192)
	at org.apache.ratis.server.impl.LeaderElection.waitForResults(LeaderElection.java:263)
	at org.apache.ratis.server.impl.LeaderElection.askForVotes(LeaderElection.java:201)
	at org.apache.ratis.server.impl.LeaderElection.run(LeaderElection.java:133)
	at java.lang.Thread.run(Thread.java:748)
Caused by: org.apache.ratis.thirdparty.io.grpc.StatusRuntimeException: UNAVAILABLE: io exception
	at org.apache.ratis.thirdparty.io.grpc.stub.ClientCalls.toStatusRuntimeException(ClientCalls.java:233)
	at org.apache.ratis.thirdparty.io.grpc.stub.ClientCalls.getUnchecked(ClientCalls.java:214)
	at org.apache.ratis.thirdparty.io.grpc.stub.ClientCalls.blockingUnaryCall(ClientCalls.java:139)
	at org.apache.ratis.proto.grpc.RaftServerProtocolServiceGrpc$RaftServerProtocolServiceBlockingStub.requestVote(RaftServerProtocolServiceGrpc.java:265)
	at org.apache.ratis.grpc.server.GrpcServerProtocolClient.requestVote(GrpcServerProtocolClient.java:90)
	at org.apache.ratis.grpc.server.GrpcService.requestVote(GrpcService.java:204)
	at org.apache.ratis.server.impl.LeaderElection.lambda$submitRequests$1(LeaderElection.java:238)
	at java.util.concurrent.FutureTask.run(FutureTask.java:266)
	at java.util.concurrent.Executors$RunnableAdapter.call(Executors.java:511)
	at java.util.concurrent.FutureTask.run(FutureTask.java:266)
	at java.util.concurrent.ThreadPoolExecutor.runWorker(ThreadPoolExecutor.java:1149)
	at java.util.concurrent.ThreadPoolExecutor$Worker.run(ThreadPoolExecutor.java:624)
	... 1 more
Caused by: org.apache.ratis.thirdparty.io.netty.channel.AbstractChannel$AnnotatedConnectException: Connection refused: /192.168.5.159:44598
	at sun.nio.ch.SocketChannelImpl.checkConnect(Native Method)
	at sun.nio.ch.SocketChannelImpl.finishConnect(SocketChannelImpl.java:717)
	at org.apache.ratis.thirdparty.io.netty.channel.socket.nio.NioSocketChannel.doFinishConnect(NioSocketChannel.java:327)
	at org.apache.ratis.thirdparty.io.netty.channel.nio.AbstractNioChannel$AbstractNioUnsafe.finishConnect(AbstractNioChannel.java:340)
	at org.apache.ratis.thirdparty.io.netty.channel.nio.NioEventLoop.processSelectedKey(NioEventLoop.java:632)
	at org.apache.ratis.thirdparty.io.netty.channel.nio.NioEventLoop.processSelectedKeysOptimized(NioEventLoop.java:579)
	at org.apache.ratis.thirdparty.io.netty.channel.nio.NioEventLoop.processSelectedKeys(NioEventLoop.java:496)
	at org.apache.ratis.thirdparty.io.netty.channel.nio.NioEventLoop.run(NioEventLoop.java:458)
	at org.apache.ratis.thirdparty.io.netty.util.concurrent.SingleThreadEventExecutor$5.run(SingleThreadEventExecutor.java:897)
	at org.apache.ratis.thirdparty.io.netty.util.concurrent.FastThreadLocalRunnable.run(FastThreadLocalRunnable.java:30)
	... 1 more
Caused by: java.net.ConnectException: Connection refused
	... 11 more
2019-10-14 14:43:09,496 [caa892f0-76ff-4c1e-b30f-b7c59842badc@group-E0B7C1D5C8D3:LeaderElection104] INFO  impl.LeaderElection (LogUtils.java:infoOrTrace(149)) -   Exception 1: {}
java.util.concurrent.ExecutionException: org.apache.ratis.thirdparty.io.grpc.StatusRuntimeException: UNAVAILABLE: io exception
	at java.util.concurrent.FutureTask.report(FutureTask.java:122)
	at java.util.concurrent.FutureTask.get(FutureTask.java:192)
	at org.apache.ratis.server.impl.LeaderElection.waitForResults(LeaderElection.java:263)
	at org.apache.ratis.server.impl.LeaderElection.askForVotes(LeaderElection.java:201)
	at org.apache.ratis.server.impl.LeaderElection.run(LeaderElection.java:133)
	at java.lang.Thread.run(Thread.java:748)
Caused by: org.apache.ratis.thirdparty.io.grpc.StatusRuntimeException: UNAVAILABLE: io exception
	at org.apache.ratis.thirdparty.io.grpc.stub.ClientCalls.toStatusRuntimeException(ClientCalls.java:233)
	at org.apache.ratis.thirdparty.io.grpc.stub.ClientCalls.getUnchecked(ClientCalls.java:214)
	at org.apache.ratis.thirdparty.io.grpc.stub.ClientCalls.blockingUnaryCall(ClientCalls.java:139)
	at org.apache.ratis.proto.grpc.RaftServerProtocolServiceGrpc$RaftServerProtocolServiceBlockingStub.requestVote(RaftServerProtocolServiceGrpc.java:265)
	at org.apache.ratis.grpc.server.GrpcServerProtocolClient.requestVote(GrpcServerProtocolClient.java:90)
	at org.apache.ratis.grpc.server.GrpcService.requestVote(GrpcService.java:204)
	at org.apache.ratis.server.impl.LeaderElection.lambda$submitRequests$1(LeaderElection.java:238)
	at java.util.concurrent.FutureTask.run(FutureTask.java:266)
	at java.util.concurrent.Executors$RunnableAdapter.call(Executors.java:511)
	at java.util.concurrent.FutureTask.run(FutureTask.java:266)
	at java.util.concurrent.ThreadPoolExecutor.runWorker(ThreadPoolExecutor.java:1149)
	at java.util.concurrent.ThreadPoolExecutor$Worker.run(ThreadPoolExecutor.java:624)
	... 1 more
Caused by: org.apache.ratis.thirdparty.io.netty.channel.AbstractChannel$AnnotatedConnectException: Connection refused: /192.168.5.159:45599
	at sun.nio.ch.SocketChannelImpl.checkConnect(Native Method)
	at sun.nio.ch.SocketChannelImpl.finishConnect(SocketChannelImpl.java:717)
	at org.apache.ratis.thirdparty.io.netty.channel.socket.nio.NioSocketChannel.doFinishConnect(NioSocketChannel.java:327)
	at org.apache.ratis.thirdparty.io.netty.channel.nio.AbstractNioChannel$AbstractNioUnsafe.finishConnect(AbstractNioChannel.java:340)
	at org.apache.ratis.thirdparty.io.netty.channel.nio.NioEventLoop.processSelectedKey(NioEventLoop.java:632)
	at org.apache.ratis.thirdparty.io.netty.channel.nio.NioEventLoop.processSelectedKeysOptimized(NioEventLoop.java:579)
	at org.apache.ratis.thirdparty.io.netty.channel.nio.NioEventLoop.processSelectedKeys(NioEventLoop.java:496)
	at org.apache.ratis.thirdparty.io.netty.channel.nio.NioEventLoop.run(NioEventLoop.java:458)
	at org.apache.ratis.thirdparty.io.netty.util.concurrent.SingleThreadEventExecutor$5.run(SingleThreadEventExecutor.java:897)
	at org.apache.ratis.thirdparty.io.netty.util.concurrent.FastThreadLocalRunnable.run(FastThreadLocalRunnable.java:30)
	... 1 more
Caused by: java.net.ConnectException: Connection refused
	... 11 more
2019-10-14 14:43:09,496 [caa892f0-76ff-4c1e-b30f-b7c59842badc@group-E0B7C1D5C8D3:LeaderElection104] INFO  impl.RaftServerImpl (RaftServerImpl.java:setRole(174)) - caa892f0-76ff-4c1e-b30f-b7c59842badc@group-E0B7C1D5C8D3: changes role from CANDIDATE to FOLLOWER at term 35 for DISCOVERED_A_NEW_TERM
2019-10-14 14:43:09,496 [caa892f0-76ff-4c1e-b30f-b7c59842badc@group-E0B7C1D5C8D3:LeaderElection104] INFO  impl.RoleInfo (RoleInfo.java:shutdownLeaderElection(134)) - caa892f0-76ff-4c1e-b30f-b7c59842badc: shutdown LeaderElection
2019-10-14 14:43:09,497 [caa892f0-76ff-4c1e-b30f-b7c59842badc@group-E0B7C1D5C8D3:LeaderElection104] INFO  impl.RoleInfo (RoleInfo.java:updateAndGet(143)) - caa892f0-76ff-4c1e-b30f-b7c59842badc: start FollowerState
2019-10-14 14:43:09,620 [grpc-default-executor-9] WARN  server.GrpcLogAppender (LogUtils.java:warn(134)) - caa892f0-76ff-4c1e-b30f-b7c59842badc@group-382452901537->07a15819-e4fc-4072-82ac-b3e77a99d12a-AppendLogResponseHandler: Failed appendEntries: org.apache.ratis.thirdparty.io.grpc.StatusRuntimeException: UNAVAILABLE: io exception
2019-10-14 14:43:09,620 [grpc-default-executor-0] WARN  server.GrpcLogAppender (LogUtils.java:warn(134)) - caa892f0-76ff-4c1e-b30f-b7c59842badc@group-026CFA11C8A1->07a15819-e4fc-4072-82ac-b3e77a99d12a-AppendLogResponseHandler: Failed appendEntries: org.apache.ratis.thirdparty.io.grpc.StatusRuntimeException: UNAVAILABLE: io exception
2019-10-14 14:43:09,620 [grpc-default-executor-7] WARN  server.GrpcLogAppender (LogUtils.java:warn(134)) - caa892f0-76ff-4c1e-b30f-b7c59842badc@group-026CFA11C8A1->f9748ec4-5d8a-4dfc-8690-85b8cdac3f5d-AppendLogResponseHandler: Failed appendEntries: org.apache.ratis.thirdparty.io.grpc.StatusRuntimeException: UNAVAILABLE: io exception
2019-10-14 14:43:09,620 [grpc-default-executor-12] WARN  server.GrpcLogAppender (LogUtils.java:warn(134)) - caa892f0-76ff-4c1e-b30f-b7c59842badc@group-382452901537->f9748ec4-5d8a-4dfc-8690-85b8cdac3f5d-AppendLogResponseHandler: Failed appendEntries: org.apache.ratis.thirdparty.io.grpc.StatusRuntimeException: UNAVAILABLE: io exception
2019-10-14 14:43:09,621 [grpc-default-executor-7] INFO  impl.FollowerInfo (FollowerInfo.java:lambda$new$0(51)) - caa892f0-76ff-4c1e-b30f-b7c59842badc@group-026CFA11C8A1->f9748ec4-5d8a-4dfc-8690-85b8cdac3f5d: nextIndex: updateUnconditionally 0 -> 0
2019-10-14 14:43:09,620 [grpc-default-executor-0] INFO  impl.FollowerInfo (FollowerInfo.java:lambda$new$0(51)) - caa892f0-76ff-4c1e-b30f-b7c59842badc@group-026CFA11C8A1->07a15819-e4fc-4072-82ac-b3e77a99d12a: nextIndex: updateUnconditionally 0 -> 0
2019-10-14 14:43:09,620 [grpc-default-executor-9] INFO  impl.FollowerInfo (FollowerInfo.java:lambda$new$0(51)) - caa892f0-76ff-4c1e-b30f-b7c59842badc@group-382452901537->07a15819-e4fc-4072-82ac-b3e77a99d12a: nextIndex: updateUnconditionally 0 -> 0
2019-10-14 14:43:09,621 [grpc-default-executor-12] INFO  impl.FollowerInfo (FollowerInfo.java:lambda$new$0(51)) - caa892f0-76ff-4c1e-b30f-b7c59842badc@group-382452901537->f9748ec4-5d8a-4dfc-8690-85b8cdac3f5d: nextIndex: updateUnconditionally 0 -> 0
2019-10-14 14:43:09,834 [Thread-1764] INFO  impl.FollowerState (FollowerState.java:run(106)) - caa892f0-76ff-4c1e-b30f-b7c59842badc:group-EA752D978E74 changes to CANDIDATE, lastRpcTime:1148, electionTimeout:1148ms
2019-10-14 14:43:09,834 [Thread-1764] INFO  impl.RoleInfo (RoleInfo.java:shutdownFollowerState(121)) - caa892f0-76ff-4c1e-b30f-b7c59842badc: shutdown FollowerState
2019-10-14 14:43:09,834 [Thread-1764] INFO  impl.RaftServerImpl (RaftServerImpl.java:setRole(174)) - caa892f0-76ff-4c1e-b30f-b7c59842badc@group-EA752D978E74: changes role from  FOLLOWER to CANDIDATE at term 33 for changeToCandidate
2019-10-14 14:43:09,835 [Thread-1764] INFO  impl.RoleInfo (RoleInfo.java:updateAndGet(143)) - caa892f0-76ff-4c1e-b30f-b7c59842badc: start LeaderElection
2019-10-14 14:43:09,849 [caa892f0-76ff-4c1e-b30f-b7c59842badc@group-EA752D978E74:LeaderElection105] INFO  impl.LeaderElection (LeaderElection.java:askForVotes(182)) - caa892f0-76ff-4c1e-b30f-b7c59842badc@group-EA752D978E74:LeaderElection105: begin an election at term 34 for 0: [07a15819-e4fc-4072-82ac-b3e77a99d12a:192.168.5.159:45599, f9748ec4-5d8a-4dfc-8690-85b8cdac3f5d:192.168.5.159:44598, caa892f0-76ff-4c1e-b30f-b7c59842badc:192.168.5.159:39406], old=null
2019-10-14 14:43:09,851 [caa892f0-76ff-4c1e-b30f-b7c59842badc@group-EA752D978E74:LeaderElection105] INFO  impl.LeaderElection (LogUtils.java:infoOrTrace(149)) - caa892f0-76ff-4c1e-b30f-b7c59842badc@group-EA752D978E74:LeaderElection105 got exception when requesting votes: {}
java.util.concurrent.ExecutionException: org.apache.ratis.thirdparty.io.grpc.StatusRuntimeException: UNAVAILABLE: io exception
	at java.util.concurrent.FutureTask.report(FutureTask.java:122)
	at java.util.concurrent.FutureTask.get(FutureTask.java:192)
	at org.apache.ratis.server.impl.LeaderElection.waitForResults(LeaderElection.java:263)
	at org.apache.ratis.server.impl.LeaderElection.askForVotes(LeaderElection.java:201)
	at org.apache.ratis.server.impl.LeaderElection.run(LeaderElection.java:133)
	at java.lang.Thread.run(Thread.java:748)
Caused by: org.apache.ratis.thirdparty.io.grpc.StatusRuntimeException: UNAVAILABLE: io exception
	at org.apache.ratis.thirdparty.io.grpc.stub.ClientCalls.toStatusRuntimeException(ClientCalls.java:233)
	at org.apache.ratis.thirdparty.io.grpc.stub.ClientCalls.getUnchecked(ClientCalls.java:214)
	at org.apache.ratis.thirdparty.io.grpc.stub.ClientCalls.blockingUnaryCall(ClientCalls.java:139)
	at org.apache.ratis.proto.grpc.RaftServerProtocolServiceGrpc$RaftServerProtocolServiceBlockingStub.requestVote(RaftServerProtocolServiceGrpc.java:265)
	at org.apache.ratis.grpc.server.GrpcServerProtocolClient.requestVote(GrpcServerProtocolClient.java:90)
	at org.apache.ratis.grpc.server.GrpcService.requestVote(GrpcService.java:204)
	at org.apache.ratis.server.impl.LeaderElection.lambda$submitRequests$1(LeaderElection.java:238)
	at java.util.concurrent.FutureTask.run(FutureTask.java:266)
	at java.util.concurrent.Executors$RunnableAdapter.call(Executors.java:511)
	at java.util.concurrent.FutureTask.run(FutureTask.java:266)
	at java.util.concurrent.ThreadPoolExecutor.runWorker(ThreadPoolExecutor.java:1149)
	at java.util.concurrent.ThreadPoolExecutor$Worker.run(ThreadPoolExecutor.java:624)
	... 1 more
Caused by: org.apache.ratis.thirdparty.io.netty.channel.AbstractChannel$AnnotatedConnectException: Connection refused: /192.168.5.159:44598
	at sun.nio.ch.SocketChannelImpl.checkConnect(Native Method)
	at sun.nio.ch.SocketChannelImpl.finishConnect(SocketChannelImpl.java:717)
	at org.apache.ratis.thirdparty.io.netty.channel.socket.nio.NioSocketChannel.doFinishConnect(NioSocketChannel.java:327)
	at org.apache.ratis.thirdparty.io.netty.channel.nio.AbstractNioChannel$AbstractNioUnsafe.finishConnect(AbstractNioChannel.java:340)
	at org.apache.ratis.thirdparty.io.netty.channel.nio.NioEventLoop.processSelectedKey(NioEventLoop.java:632)
	at org.apache.ratis.thirdparty.io.netty.channel.nio.NioEventLoop.processSelectedKeysOptimized(NioEventLoop.java:579)
	at org.apache.ratis.thirdparty.io.netty.channel.nio.NioEventLoop.processSelectedKeys(NioEventLoop.java:496)
	at org.apache.ratis.thirdparty.io.netty.channel.nio.NioEventLoop.run(NioEventLoop.java:458)
	at org.apache.ratis.thirdparty.io.netty.util.concurrent.SingleThreadEventExecutor$5.run(SingleThreadEventExecutor.java:897)
	at org.apache.ratis.thirdparty.io.netty.util.concurrent.FastThreadLocalRunnable.run(FastThreadLocalRunnable.java:30)
	... 1 more
Caused by: java.net.ConnectException: Connection refused
	... 11 more
2019-10-14 14:43:09,852 [caa892f0-76ff-4c1e-b30f-b7c59842badc@group-EA752D978E74:LeaderElection105] INFO  impl.LeaderElection (LogUtils.java:infoOrTrace(149)) - caa892f0-76ff-4c1e-b30f-b7c59842badc@group-EA752D978E74:LeaderElection105 got exception when requesting votes: {}
java.util.concurrent.ExecutionException: org.apache.ratis.thirdparty.io.grpc.StatusRuntimeException: UNAVAILABLE: io exception
	at java.util.concurrent.FutureTask.report(FutureTask.java:122)
	at java.util.concurrent.FutureTask.get(FutureTask.java:192)
	at org.apache.ratis.server.impl.LeaderElection.waitForResults(LeaderElection.java:263)
	at org.apache.ratis.server.impl.LeaderElection.askForVotes(LeaderElection.java:201)
	at org.apache.ratis.server.impl.LeaderElection.run(LeaderElection.java:133)
	at java.lang.Thread.run(Thread.java:748)
Caused by: org.apache.ratis.thirdparty.io.grpc.StatusRuntimeException: UNAVAILABLE: io exception
	at org.apache.ratis.thirdparty.io.grpc.stub.ClientCalls.toStatusRuntimeException(ClientCalls.java:233)
	at org.apache.ratis.thirdparty.io.grpc.stub.ClientCalls.getUnchecked(ClientCalls.java:214)
	at org.apache.ratis.thirdparty.io.grpc.stub.ClientCalls.blockingUnaryCall(ClientCalls.java:139)
	at org.apache.ratis.proto.grpc.RaftServerProtocolServiceGrpc$RaftServerProtocolServiceBlockingStub.requestVote(RaftServerProtocolServiceGrpc.java:265)
	at org.apache.ratis.grpc.server.GrpcServerProtocolClient.requestVote(GrpcServerProtocolClient.java:90)
	at org.apache.ratis.grpc.server.GrpcService.requestVote(GrpcService.java:204)
	at org.apache.ratis.server.impl.LeaderElection.lambda$submitRequests$1(LeaderElection.java:238)
	at java.util.concurrent.FutureTask.run(FutureTask.java:266)
	at java.util.concurrent.Executors$RunnableAdapter.call(Executors.java:511)
	at java.util.concurrent.FutureTask.run(FutureTask.java:266)
	at java.util.concurrent.ThreadPoolExecutor.runWorker(ThreadPoolExecutor.java:1149)
	at java.util.concurrent.ThreadPoolExecutor$Worker.run(ThreadPoolExecutor.java:624)
	... 1 more
Caused by: org.apache.ratis.thirdparty.io.netty.channel.AbstractChannel$AnnotatedConnectException: Connection refused: /192.168.5.159:45599
	at sun.nio.ch.SocketChannelImpl.checkConnect(Native Method)
	at sun.nio.ch.SocketChannelImpl.finishConnect(SocketChannelImpl.java:717)
	at org.apache.ratis.thirdparty.io.netty.channel.socket.nio.NioSocketChannel.doFinishConnect(NioSocketChannel.java:327)
	at org.apache.ratis.thirdparty.io.netty.channel.nio.AbstractNioChannel$AbstractNioUnsafe.finishConnect(AbstractNioChannel.java:340)
	at org.apache.ratis.thirdparty.io.netty.channel.nio.NioEventLoop.processSelectedKey(NioEventLoop.java:632)
	at org.apache.ratis.thirdparty.io.netty.channel.nio.NioEventLoop.processSelectedKeysOptimized(NioEventLoop.java:579)
	at org.apache.ratis.thirdparty.io.netty.channel.nio.NioEventLoop.processSelectedKeys(NioEventLoop.java:496)
	at org.apache.ratis.thirdparty.io.netty.channel.nio.NioEventLoop.run(NioEventLoop.java:458)
	at org.apache.ratis.thirdparty.io.netty.util.concurrent.SingleThreadEventExecutor$5.run(SingleThreadEventExecutor.java:897)
	at org.apache.ratis.thirdparty.io.netty.util.concurrent.FastThreadLocalRunnable.run(FastThreadLocalRunnable.java:30)
	... 1 more
Caused by: java.net.ConnectException: Connection refused
	... 11 more
2019-10-14 14:43:09,852 [caa892f0-76ff-4c1e-b30f-b7c59842badc@group-EA752D978E74:LeaderElection105] INFO  impl.LeaderElection (LeaderElection.java:logAndReturn(56)) - caa892f0-76ff-4c1e-b30f-b7c59842badc@group-EA752D978E74:LeaderElection105: Election REJECTED; received 0 response(s) [] and 2 exception(s); caa892f0-76ff-4c1e-b30f-b7c59842badc@group-EA752D978E74:t34, leader=null, voted=caa892f0-76ff-4c1e-b30f-b7c59842badc, raftlog=caa892f0-76ff-4c1e-b30f-b7c59842badc@group-EA752D978E74-SegmentedRaftLog:OPENED:c16,f16,i16, conf=0: [07a15819-e4fc-4072-82ac-b3e77a99d12a:192.168.5.159:45599, f9748ec4-5d8a-4dfc-8690-85b8cdac3f5d:192.168.5.159:44598, caa892f0-76ff-4c1e-b30f-b7c59842badc:192.168.5.159:39406], old=null
2019-10-14 14:43:09,852 [caa892f0-76ff-4c1e-b30f-b7c59842badc@group-EA752D978E74:LeaderElection105] INFO  impl.LeaderElection (LogUtils.java:infoOrTrace(149)) -   Exception 0: {}
java.util.concurrent.ExecutionException: org.apache.ratis.thirdparty.io.grpc.StatusRuntimeException: UNAVAILABLE: io exception
	at java.util.concurrent.FutureTask.report(FutureTask.java:122)
	at java.util.concurrent.FutureTask.get(FutureTask.java:192)
	at org.apache.ratis.server.impl.LeaderElection.waitForResults(LeaderElection.java:263)
	at org.apache.ratis.server.impl.LeaderElection.askForVotes(LeaderElection.java:201)
	at org.apache.ratis.server.impl.LeaderElection.run(LeaderElection.java:133)
	at java.lang.Thread.run(Thread.java:748)
Caused by: org.apache.ratis.thirdparty.io.grpc.StatusRuntimeException: UNAVAILABLE: io exception
	at org.apache.ratis.thirdparty.io.grpc.stub.ClientCalls.toStatusRuntimeException(ClientCalls.java:233)
	at org.apache.ratis.thirdparty.io.grpc.stub.ClientCalls.getUnchecked(ClientCalls.java:214)
	at org.apache.ratis.thirdparty.io.grpc.stub.ClientCalls.blockingUnaryCall(ClientCalls.java:139)
	at org.apache.ratis.proto.grpc.RaftServerProtocolServiceGrpc$RaftServerProtocolServiceBlockingStub.requestVote(RaftServerProtocolServiceGrpc.java:265)
	at org.apache.ratis.grpc.server.GrpcServerProtocolClient.requestVote(GrpcServerProtocolClient.java:90)
	at org.apache.ratis.grpc.server.GrpcService.requestVote(GrpcService.java:204)
	at org.apache.ratis.server.impl.LeaderElection.lambda$submitRequests$1(LeaderElection.java:238)
	at java.util.concurrent.FutureTask.run(FutureTask.java:266)
	at java.util.concurrent.Executors$RunnableAdapter.call(Executors.java:511)
	at java.util.concurrent.FutureTask.run(FutureTask.java:266)
	at java.util.concurrent.ThreadPoolExecutor.runWorker(ThreadPoolExecutor.java:1149)
	at java.util.concurrent.ThreadPoolExecutor$Worker.run(ThreadPoolExecutor.java:624)
	... 1 more
Caused by: org.apache.ratis.thirdparty.io.netty.channel.AbstractChannel$AnnotatedConnectException: Connection refused: /192.168.5.159:44598
	at sun.nio.ch.SocketChannelImpl.checkConnect(Native Method)
	at sun.nio.ch.SocketChannelImpl.finishConnect(SocketChannelImpl.java:717)
	at org.apache.ratis.thirdparty.io.netty.channel.socket.nio.NioSocketChannel.doFinishConnect(NioSocketChannel.java:327)
	at org.apache.ratis.thirdparty.io.netty.channel.nio.AbstractNioChannel$AbstractNioUnsafe.finishConnect(AbstractNioChannel.java:340)
	at org.apache.ratis.thirdparty.io.netty.channel.nio.NioEventLoop.processSelectedKey(NioEventLoop.java:632)
	at org.apache.ratis.thirdparty.io.netty.channel.nio.NioEventLoop.processSelectedKeysOptimized(NioEventLoop.java:579)
	at org.apache.ratis.thirdparty.io.netty.channel.nio.NioEventLoop.processSelectedKeys(NioEventLoop.java:496)
	at org.apache.ratis.thirdparty.io.netty.channel.nio.NioEventLoop.run(NioEventLoop.java:458)
	at org.apache.ratis.thirdparty.io.netty.util.concurrent.SingleThreadEventExecutor$5.run(SingleThreadEventExecutor.java:897)
	at org.apache.ratis.thirdparty.io.netty.util.concurrent.FastThreadLocalRunnable.run(FastThreadLocalRunnable.java:30)
	... 1 more
Caused by: java.net.ConnectException: Connection refused
	... 11 more
2019-10-14 14:43:09,852 [caa892f0-76ff-4c1e-b30f-b7c59842badc@group-EA752D978E74:LeaderElection105] INFO  impl.LeaderElection (LogUtils.java:infoOrTrace(149)) -   Exception 1: {}
java.util.concurrent.ExecutionException: org.apache.ratis.thirdparty.io.grpc.StatusRuntimeException: UNAVAILABLE: io exception
	at java.util.concurrent.FutureTask.report(FutureTask.java:122)
	at java.util.concurrent.FutureTask.get(FutureTask.java:192)
	at org.apache.ratis.server.impl.LeaderElection.waitForResults(LeaderElection.java:263)
	at org.apache.ratis.server.impl.LeaderElection.askForVotes(LeaderElection.java:201)
	at org.apache.ratis.server.impl.LeaderElection.run(LeaderElection.java:133)
	at java.lang.Thread.run(Thread.java:748)
Caused by: org.apache.ratis.thirdparty.io.grpc.StatusRuntimeException: UNAVAILABLE: io exception
	at org.apache.ratis.thirdparty.io.grpc.stub.ClientCalls.toStatusRuntimeException(ClientCalls.java:233)
	at org.apache.ratis.thirdparty.io.grpc.stub.ClientCalls.getUnchecked(ClientCalls.java:214)
	at org.apache.ratis.thirdparty.io.grpc.stub.ClientCalls.blockingUnaryCall(ClientCalls.java:139)
	at org.apache.ratis.proto.grpc.RaftServerProtocolServiceGrpc$RaftServerProtocolServiceBlockingStub.requestVote(RaftServerProtocolServiceGrpc.java:265)
	at org.apache.ratis.grpc.server.GrpcServerProtocolClient.requestVote(GrpcServerProtocolClient.java:90)
	at org.apache.ratis.grpc.server.GrpcService.requestVote(GrpcService.java:204)
	at org.apache.ratis.server.impl.LeaderElection.lambda$submitRequests$1(LeaderElection.java:238)
	at java.util.concurrent.FutureTask.run(FutureTask.java:266)
	at java.util.concurrent.Executors$RunnableAdapter.call(Executors.java:511)
	at java.util.concurrent.FutureTask.run(FutureTask.java:266)
	at java.util.concurrent.ThreadPoolExecutor.runWorker(ThreadPoolExecutor.java:1149)
	at java.util.concurrent.ThreadPoolExecutor$Worker.run(ThreadPoolExecutor.java:624)
	... 1 more
Caused by: org.apache.ratis.thirdparty.io.netty.channel.AbstractChannel$AnnotatedConnectException: Connection refused: /192.168.5.159:45599
	at sun.nio.ch.SocketChannelImpl.checkConnect(Native Method)
	at sun.nio.ch.SocketChannelImpl.finishConnect(SocketChannelImpl.java:717)
	at org.apache.ratis.thirdparty.io.netty.channel.socket.nio.NioSocketChannel.doFinishConnect(NioSocketChannel.java:327)
	at org.apache.ratis.thirdparty.io.netty.channel.nio.AbstractNioChannel$AbstractNioUnsafe.finishConnect(AbstractNioChannel.java:340)
	at org.apache.ratis.thirdparty.io.netty.channel.nio.NioEventLoop.processSelectedKey(NioEventLoop.java:632)
	at org.apache.ratis.thirdparty.io.netty.channel.nio.NioEventLoop.processSelectedKeysOptimized(NioEventLoop.java:579)
	at org.apache.ratis.thirdparty.io.netty.channel.nio.NioEventLoop.processSelectedKeys(NioEventLoop.java:496)
	at org.apache.ratis.thirdparty.io.netty.channel.nio.NioEventLoop.run(NioEventLoop.java:458)
	at org.apache.ratis.thirdparty.io.netty.util.concurrent.SingleThreadEventExecutor$5.run(SingleThreadEventExecutor.java:897)
	at org.apache.ratis.thirdparty.io.netty.util.concurrent.FastThreadLocalRunnable.run(FastThreadLocalRunnable.java:30)
	... 1 more
Caused by: java.net.ConnectException: Connection refused
	... 11 more
2019-10-14 14:43:09,853 [caa892f0-76ff-4c1e-b30f-b7c59842badc@group-EA752D978E74:LeaderElection105] INFO  impl.RaftServerImpl (RaftServerImpl.java:setRole(174)) - caa892f0-76ff-4c1e-b30f-b7c59842badc@group-EA752D978E74: changes role from CANDIDATE to FOLLOWER at term 34 for DISCOVERED_A_NEW_TERM
2019-10-14 14:43:09,853 [caa892f0-76ff-4c1e-b30f-b7c59842badc@group-EA752D978E74:LeaderElection105] INFO  impl.RoleInfo (RoleInfo.java:shutdownLeaderElection(134)) - caa892f0-76ff-4c1e-b30f-b7c59842badc: shutdown LeaderElection
2019-10-14 14:43:09,853 [caa892f0-76ff-4c1e-b30f-b7c59842badc@group-EA752D978E74:LeaderElection105] INFO  impl.RoleInfo (RoleInfo.java:updateAndGet(143)) - caa892f0-76ff-4c1e-b30f-b7c59842badc: start FollowerState
2019-10-14 14:43:10,120 [grpc-default-executor-0] WARN  server.GrpcLogAppender (LogUtils.java:warn(134)) - caa892f0-76ff-4c1e-b30f-b7c59842badc@group-382452901537->f9748ec4-5d8a-4dfc-8690-85b8cdac3f5d-AppendLogResponseHandler: Failed appendEntries: org.apache.ratis.thirdparty.io.grpc.StatusRuntimeException: UNAVAILABLE: io exception
2019-10-14 14:43:10,121 [grpc-default-executor-7] WARN  server.GrpcLogAppender (LogUtils.java:warn(134)) - caa892f0-76ff-4c1e-b30f-b7c59842badc@group-026CFA11C8A1->f9748ec4-5d8a-4dfc-8690-85b8cdac3f5d-AppendLogResponseHandler: Failed appendEntries: org.apache.ratis.thirdparty.io.grpc.StatusRuntimeException: UNAVAILABLE: io exception
2019-10-14 14:43:10,121 [grpc-default-executor-12] WARN  server.GrpcLogAppender (LogUtils.java:warn(134)) - caa892f0-76ff-4c1e-b30f-b7c59842badc@group-026CFA11C8A1->07a15819-e4fc-4072-82ac-b3e77a99d12a-AppendLogResponseHandler: Failed appendEntries: org.apache.ratis.thirdparty.io.grpc.StatusRuntimeException: UNAVAILABLE: io exception
2019-10-14 14:43:10,122 [grpc-default-executor-7] INFO  impl.FollowerInfo (FollowerInfo.java:lambda$new$0(51)) - caa892f0-76ff-4c1e-b30f-b7c59842badc@group-026CFA11C8A1->f9748ec4-5d8a-4dfc-8690-85b8cdac3f5d: nextIndex: updateUnconditionally 0 -> 0
2019-10-14 14:43:10,120 [grpc-default-executor-9] WARN  server.GrpcLogAppender (LogUtils.java:warn(134)) - caa892f0-76ff-4c1e-b30f-b7c59842badc@group-382452901537->07a15819-e4fc-4072-82ac-b3e77a99d12a-AppendLogResponseHandler: Failed appendEntries: org.apache.ratis.thirdparty.io.grpc.StatusRuntimeException: UNAVAILABLE: io exception
2019-10-14 14:43:10,122 [grpc-default-executor-12] INFO  impl.FollowerInfo (FollowerInfo.java:lambda$new$0(51)) - caa892f0-76ff-4c1e-b30f-b7c59842badc@group-026CFA11C8A1->07a15819-e4fc-4072-82ac-b3e77a99d12a: nextIndex: updateUnconditionally 0 -> 0
2019-10-14 14:43:10,122 [grpc-default-executor-0] INFO  impl.FollowerInfo (FollowerInfo.java:lambda$new$0(51)) - caa892f0-76ff-4c1e-b30f-b7c59842badc@group-382452901537->f9748ec4-5d8a-4dfc-8690-85b8cdac3f5d: nextIndex: updateUnconditionally 0 -> 0
2019-10-14 14:43:10,122 [grpc-default-executor-9] INFO  impl.FollowerInfo (FollowerInfo.java:lambda$new$0(51)) - caa892f0-76ff-4c1e-b30f-b7c59842badc@group-382452901537->07a15819-e4fc-4072-82ac-b3e77a99d12a: nextIndex: updateUnconditionally 0 -> 0
2019-10-14 14:43:10,623 [grpc-default-executor-0] WARN  server.GrpcLogAppender (LogUtils.java:warn(134)) - caa892f0-76ff-4c1e-b30f-b7c59842badc@group-026CFA11C8A1->f9748ec4-5d8a-4dfc-8690-85b8cdac3f5d-AppendLogResponseHandler: Failed appendEntries: org.apache.ratis.thirdparty.io.grpc.StatusRuntimeException: UNAVAILABLE: io exception
2019-10-14 14:43:10,623 [grpc-default-executor-7] WARN  server.GrpcLogAppender (LogUtils.java:warn(134)) - caa892f0-76ff-4c1e-b30f-b7c59842badc@group-382452901537->f9748ec4-5d8a-4dfc-8690-85b8cdac3f5d-AppendLogResponseHandler: Failed appendEntries: org.apache.ratis.thirdparty.io.grpc.StatusRuntimeException: UNAVAILABLE: io exception
2019-10-14 14:43:10,623 [grpc-default-executor-0] INFO  impl.FollowerInfo (FollowerInfo.java:lambda$new$0(51)) - caa892f0-76ff-4c1e-b30f-b7c59842badc@group-026CFA11C8A1->f9748ec4-5d8a-4dfc-8690-85b8cdac3f5d: nextIndex: updateUnconditionally 0 -> 0
2019-10-14 14:43:10,623 [grpc-default-executor-7] INFO  impl.FollowerInfo (FollowerInfo.java:lambda$new$0(51)) - caa892f0-76ff-4c1e-b30f-b7c59842badc@group-382452901537->f9748ec4-5d8a-4dfc-8690-85b8cdac3f5d: nextIndex: updateUnconditionally 0 -> 0
2019-10-14 14:43:10,624 [grpc-default-executor-9] WARN  server.GrpcLogAppender (LogUtils.java:warn(134)) - caa892f0-76ff-4c1e-b30f-b7c59842badc@group-026CFA11C8A1->07a15819-e4fc-4072-82ac-b3e77a99d12a-AppendLogResponseHandler: Failed appendEntries: org.apache.ratis.thirdparty.io.grpc.StatusRuntimeException: UNAVAILABLE: io exception
2019-10-14 14:43:10,624 [grpc-default-executor-0] WARN  server.GrpcLogAppender (LogUtils.java:warn(134)) - caa892f0-76ff-4c1e-b30f-b7c59842badc@group-382452901537->07a15819-e4fc-4072-82ac-b3e77a99d12a-AppendLogResponseHandler: Failed appendEntries: org.apache.ratis.thirdparty.io.grpc.StatusRuntimeException: UNAVAILABLE: io exception
2019-10-14 14:43:10,624 [grpc-default-executor-9] INFO  impl.FollowerInfo (FollowerInfo.java:lambda$new$0(51)) - caa892f0-76ff-4c1e-b30f-b7c59842badc@group-026CFA11C8A1->07a15819-e4fc-4072-82ac-b3e77a99d12a: nextIndex: updateUnconditionally 0 -> 0
2019-10-14 14:43:10,624 [grpc-default-executor-0] INFO  impl.FollowerInfo (FollowerInfo.java:lambda$new$0(51)) - caa892f0-76ff-4c1e-b30f-b7c59842badc@group-382452901537->07a15819-e4fc-4072-82ac-b3e77a99d12a: nextIndex: updateUnconditionally 0 -> 0
2019-10-14 14:43:10,697 [Thread-1784] INFO  impl.FollowerState (FollowerState.java:run(106)) - caa892f0-76ff-4c1e-b30f-b7c59842badc:group-E0B7C1D5C8D3 changes to CANDIDATE, lastRpcTime:1200, electionTimeout:1200ms
2019-10-14 14:43:10,697 [Thread-1784] INFO  impl.RoleInfo (RoleInfo.java:shutdownFollowerState(121)) - caa892f0-76ff-4c1e-b30f-b7c59842badc: shutdown FollowerState
2019-10-14 14:43:10,697 [Thread-1784] INFO  impl.RaftServerImpl (RaftServerImpl.java:setRole(174)) - caa892f0-76ff-4c1e-b30f-b7c59842badc@group-E0B7C1D5C8D3: changes role from  FOLLOWER to CANDIDATE at term 35 for changeToCandidate
2019-10-14 14:43:10,698 [Thread-1784] INFO  impl.RoleInfo (RoleInfo.java:updateAndGet(143)) - caa892f0-76ff-4c1e-b30f-b7c59842badc: start LeaderElection
2019-10-14 14:43:10,712 [caa892f0-76ff-4c1e-b30f-b7c59842badc@group-E0B7C1D5C8D3:LeaderElection106] INFO  impl.LeaderElection (LeaderElection.java:askForVotes(182)) - caa892f0-76ff-4c1e-b30f-b7c59842badc@group-E0B7C1D5C8D3:LeaderElection106: begin an election at term 36 for 0: [07a15819-e4fc-4072-82ac-b3e77a99d12a:192.168.5.159:45599, f9748ec4-5d8a-4dfc-8690-85b8cdac3f5d:192.168.5.159:44598, caa892f0-76ff-4c1e-b30f-b7c59842badc:192.168.5.159:39406], old=null
2019-10-14 14:43:10,715 [caa892f0-76ff-4c1e-b30f-b7c59842badc@group-E0B7C1D5C8D3:LeaderElection106] INFO  impl.LeaderElection (LogUtils.java:infoOrTrace(149)) - caa892f0-76ff-4c1e-b30f-b7c59842badc@group-E0B7C1D5C8D3:LeaderElection106 got exception when requesting votes: {}
java.util.concurrent.ExecutionException: org.apache.ratis.thirdparty.io.grpc.StatusRuntimeException: UNAVAILABLE: io exception
	at java.util.concurrent.FutureTask.report(FutureTask.java:122)
	at java.util.concurrent.FutureTask.get(FutureTask.java:192)
	at org.apache.ratis.server.impl.LeaderElection.waitForResults(LeaderElection.java:263)
	at org.apache.ratis.server.impl.LeaderElection.askForVotes(LeaderElection.java:201)
	at org.apache.ratis.server.impl.LeaderElection.run(LeaderElection.java:133)
	at java.lang.Thread.run(Thread.java:748)
Caused by: org.apache.ratis.thirdparty.io.grpc.StatusRuntimeException: UNAVAILABLE: io exception
	at org.apache.ratis.thirdparty.io.grpc.stub.ClientCalls.toStatusRuntimeException(ClientCalls.java:233)
	at org.apache.ratis.thirdparty.io.grpc.stub.ClientCalls.getUnchecked(ClientCalls.java:214)
	at org.apache.ratis.thirdparty.io.grpc.stub.ClientCalls.blockingUnaryCall(ClientCalls.java:139)
	at org.apache.ratis.proto.grpc.RaftServerProtocolServiceGrpc$RaftServerProtocolServiceBlockingStub.requestVote(RaftServerProtocolServiceGrpc.java:265)
	at org.apache.ratis.grpc.server.GrpcServerProtocolClient.requestVote(GrpcServerProtocolClient.java:90)
	at org.apache.ratis.grpc.server.GrpcService.requestVote(GrpcService.java:204)
	at org.apache.ratis.server.impl.LeaderElection.lambda$submitRequests$1(LeaderElection.java:238)
	at java.util.concurrent.FutureTask.run(FutureTask.java:266)
	at java.util.concurrent.Executors$RunnableAdapter.call(Executors.java:511)
	at java.util.concurrent.FutureTask.run(FutureTask.java:266)
	at java.util.concurrent.ThreadPoolExecutor.runWorker(ThreadPoolExecutor.java:1149)
	at java.util.concurrent.ThreadPoolExecutor$Worker.run(ThreadPoolExecutor.java:624)
	... 1 more
Caused by: org.apache.ratis.thirdparty.io.netty.channel.AbstractChannel$AnnotatedConnectException: Connection refused: /192.168.5.159:45599
	at sun.nio.ch.SocketChannelImpl.checkConnect(Native Method)
	at sun.nio.ch.SocketChannelImpl.finishConnect(SocketChannelImpl.java:717)
	at org.apache.ratis.thirdparty.io.netty.channel.socket.nio.NioSocketChannel.doFinishConnect(NioSocketChannel.java:327)
	at org.apache.ratis.thirdparty.io.netty.channel.nio.AbstractNioChannel$AbstractNioUnsafe.finishConnect(AbstractNioChannel.java:340)
	at org.apache.ratis.thirdparty.io.netty.channel.nio.NioEventLoop.processSelectedKey(NioEventLoop.java:632)
	at org.apache.ratis.thirdparty.io.netty.channel.nio.NioEventLoop.processSelectedKeysOptimized(NioEventLoop.java:579)
	at org.apache.ratis.thirdparty.io.netty.channel.nio.NioEventLoop.processSelectedKeys(NioEventLoop.java:496)
	at org.apache.ratis.thirdparty.io.netty.channel.nio.NioEventLoop.run(NioEventLoop.java:458)
	at org.apache.ratis.thirdparty.io.netty.util.concurrent.SingleThreadEventExecutor$5.run(SingleThreadEventExecutor.java:897)
	at org.apache.ratis.thirdparty.io.netty.util.concurrent.FastThreadLocalRunnable.run(FastThreadLocalRunnable.java:30)
	... 1 more
Caused by: java.net.ConnectException: Connection refused
	... 11 more
2019-10-14 14:43:10,716 [caa892f0-76ff-4c1e-b30f-b7c59842badc@group-E0B7C1D5C8D3:LeaderElection106] INFO  impl.LeaderElection (LogUtils.java:infoOrTrace(149)) - caa892f0-76ff-4c1e-b30f-b7c59842badc@group-E0B7C1D5C8D3:LeaderElection106 got exception when requesting votes: {}
java.util.concurrent.ExecutionException: org.apache.ratis.thirdparty.io.grpc.StatusRuntimeException: UNAVAILABLE: io exception
	at java.util.concurrent.FutureTask.report(FutureTask.java:122)
	at java.util.concurrent.FutureTask.get(FutureTask.java:192)
	at org.apache.ratis.server.impl.LeaderElection.waitForResults(LeaderElection.java:263)
	at org.apache.ratis.server.impl.LeaderElection.askForVotes(LeaderElection.java:201)
	at org.apache.ratis.server.impl.LeaderElection.run(LeaderElection.java:133)
	at java.lang.Thread.run(Thread.java:748)
Caused by: org.apache.ratis.thirdparty.io.grpc.StatusRuntimeException: UNAVAILABLE: io exception
	at org.apache.ratis.thirdparty.io.grpc.stub.ClientCalls.toStatusRuntimeException(ClientCalls.java:233)
	at org.apache.ratis.thirdparty.io.grpc.stub.ClientCalls.getUnchecked(ClientCalls.java:214)
	at org.apache.ratis.thirdparty.io.grpc.stub.ClientCalls.blockingUnaryCall(ClientCalls.java:139)
	at org.apache.ratis.proto.grpc.RaftServerProtocolServiceGrpc$RaftServerProtocolServiceBlockingStub.requestVote(RaftServerProtocolServiceGrpc.java:265)
	at org.apache.ratis.grpc.server.GrpcServerProtocolClient.requestVote(GrpcServerProtocolClient.java:90)
	at org.apache.ratis.grpc.server.GrpcService.requestVote(GrpcService.java:204)
	at org.apache.ratis.server.impl.LeaderElection.lambda$submitRequests$1(LeaderElection.java:238)
	at java.util.concurrent.FutureTask.run(FutureTask.java:266)
	at java.util.concurrent.Executors$RunnableAdapter.call(Executors.java:511)
	at java.util.concurrent.FutureTask.run(FutureTask.java:266)
	at java.util.concurrent.ThreadPoolExecutor.runWorker(ThreadPoolExecutor.java:1149)
	at java.util.concurrent.ThreadPoolExecutor$Worker.run(ThreadPoolExecutor.java:624)
	... 1 more
Caused by: org.apache.ratis.thirdparty.io.netty.channel.AbstractChannel$AnnotatedConnectException: Connection refused: /192.168.5.159:44598
	at sun.nio.ch.SocketChannelImpl.checkConnect(Native Method)
	at sun.nio.ch.SocketChannelImpl.finishConnect(SocketChannelImpl.java:717)
	at org.apache.ratis.thirdparty.io.netty.channel.socket.nio.NioSocketChannel.doFinishConnect(NioSocketChannel.java:327)
	at org.apache.ratis.thirdparty.io.netty.channel.nio.AbstractNioChannel$AbstractNioUnsafe.finishConnect(AbstractNioChannel.java:340)
	at org.apache.ratis.thirdparty.io.netty.channel.nio.NioEventLoop.processSelectedKey(NioEventLoop.java:632)
	at org.apache.ratis.thirdparty.io.netty.channel.nio.NioEventLoop.processSelectedKeysOptimized(NioEventLoop.java:579)
	at org.apache.ratis.thirdparty.io.netty.channel.nio.NioEventLoop.processSelectedKeys(NioEventLoop.java:496)
	at org.apache.ratis.thirdparty.io.netty.channel.nio.NioEventLoop.run(NioEventLoop.java:458)
	at org.apache.ratis.thirdparty.io.netty.util.concurrent.SingleThreadEventExecutor$5.run(SingleThreadEventExecutor.java:897)
	at org.apache.ratis.thirdparty.io.netty.util.concurrent.FastThreadLocalRunnable.run(FastThreadLocalRunnable.java:30)
	... 1 more
Caused by: java.net.ConnectException: Connection refused
	... 11 more
2019-10-14 14:43:10,716 [caa892f0-76ff-4c1e-b30f-b7c59842badc@group-E0B7C1D5C8D3:LeaderElection106] INFO  impl.LeaderElection (LeaderElection.java:logAndReturn(56)) - caa892f0-76ff-4c1e-b30f-b7c59842badc@group-E0B7C1D5C8D3:LeaderElection106: Election REJECTED; received 0 response(s) [] and 2 exception(s); caa892f0-76ff-4c1e-b30f-b7c59842badc@group-E0B7C1D5C8D3:t36, leader=null, voted=caa892f0-76ff-4c1e-b30f-b7c59842badc, raftlog=caa892f0-76ff-4c1e-b30f-b7c59842badc@group-E0B7C1D5C8D3-SegmentedRaftLog:OPENED:c0,f0,i0, conf=0: [07a15819-e4fc-4072-82ac-b3e77a99d12a:192.168.5.159:45599, f9748ec4-5d8a-4dfc-8690-85b8cdac3f5d:192.168.5.159:44598, caa892f0-76ff-4c1e-b30f-b7c59842badc:192.168.5.159:39406], old=null
2019-10-14 14:43:10,716 [caa892f0-76ff-4c1e-b30f-b7c59842badc@group-E0B7C1D5C8D3:LeaderElection106] INFO  impl.LeaderElection (LogUtils.java:infoOrTrace(149)) -   Exception 0: {}
java.util.concurrent.ExecutionException: org.apache.ratis.thirdparty.io.grpc.StatusRuntimeException: UNAVAILABLE: io exception
	at java.util.concurrent.FutureTask.report(FutureTask.java:122)
	at java.util.concurrent.FutureTask.get(FutureTask.java:192)
	at org.apache.ratis.server.impl.LeaderElection.waitForResults(LeaderElection.java:263)
	at org.apache.ratis.server.impl.LeaderElection.askForVotes(LeaderElection.java:201)
	at org.apache.ratis.server.impl.LeaderElection.run(LeaderElection.java:133)
	at java.lang.Thread.run(Thread.java:748)
Caused by: org.apache.ratis.thirdparty.io.grpc.StatusRuntimeException: UNAVAILABLE: io exception
	at org.apache.ratis.thirdparty.io.grpc.stub.ClientCalls.toStatusRuntimeException(ClientCalls.java:233)
	at org.apache.ratis.thirdparty.io.grpc.stub.ClientCalls.getUnchecked(ClientCalls.java:214)
	at org.apache.ratis.thirdparty.io.grpc.stub.ClientCalls.blockingUnaryCall(ClientCalls.java:139)
	at org.apache.ratis.proto.grpc.RaftServerProtocolServiceGrpc$RaftServerProtocolServiceBlockingStub.requestVote(RaftServerProtocolServiceGrpc.java:265)
	at org.apache.ratis.grpc.server.GrpcServerProtocolClient.requestVote(GrpcServerProtocolClient.java:90)
	at org.apache.ratis.grpc.server.GrpcService.requestVote(GrpcService.java:204)
	at org.apache.ratis.server.impl.LeaderElection.lambda$submitRequests$1(LeaderElection.java:238)
	at java.util.concurrent.FutureTask.run(FutureTask.java:266)
	at java.util.concurrent.Executors$RunnableAdapter.call(Executors.java:511)
	at java.util.concurrent.FutureTask.run(FutureTask.java:266)
	at java.util.concurrent.ThreadPoolExecutor.runWorker(ThreadPoolExecutor.java:1149)
	at java.util.concurrent.ThreadPoolExecutor$Worker.run(ThreadPoolExecutor.java:624)
	... 1 more
Caused by: org.apache.ratis.thirdparty.io.netty.channel.AbstractChannel$AnnotatedConnectException: Connection refused: /192.168.5.159:45599
	at sun.nio.ch.SocketChannelImpl.checkConnect(Native Method)
	at sun.nio.ch.SocketChannelImpl.finishConnect(SocketChannelImpl.java:717)
	at org.apache.ratis.thirdparty.io.netty.channel.socket.nio.NioSocketChannel.doFinishConnect(NioSocketChannel.java:327)
	at org.apache.ratis.thirdparty.io.netty.channel.nio.AbstractNioChannel$AbstractNioUnsafe.finishConnect(AbstractNioChannel.java:340)
	at org.apache.ratis.thirdparty.io.netty.channel.nio.NioEventLoop.processSelectedKey(NioEventLoop.java:632)
	at org.apache.ratis.thirdparty.io.netty.channel.nio.NioEventLoop.processSelectedKeysOptimized(NioEventLoop.java:579)
	at org.apache.ratis.thirdparty.io.netty.channel.nio.NioEventLoop.processSelectedKeys(NioEventLoop.java:496)
	at org.apache.ratis.thirdparty.io.netty.channel.nio.NioEventLoop.run(NioEventLoop.java:458)
	at org.apache.ratis.thirdparty.io.netty.util.concurrent.SingleThreadEventExecutor$5.run(SingleThreadEventExecutor.java:897)
	at org.apache.ratis.thirdparty.io.netty.util.concurrent.FastThreadLocalRunnable.run(FastThreadLocalRunnable.java:30)
	... 1 more
Caused by: java.net.ConnectException: Connection refused
	... 11 more
2019-10-14 14:43:10,717 [caa892f0-76ff-4c1e-b30f-b7c59842badc@group-E0B7C1D5C8D3:LeaderElection106] INFO  impl.LeaderElection (LogUtils.java:infoOrTrace(149)) -   Exception 1: {}
java.util.concurrent.ExecutionException: org.apache.ratis.thirdparty.io.grpc.StatusRuntimeException: UNAVAILABLE: io exception
	at java.util.concurrent.FutureTask.report(FutureTask.java:122)
	at java.util.concurrent.FutureTask.get(FutureTask.java:192)
	at org.apache.ratis.server.impl.LeaderElection.waitForResults(LeaderElection.java:263)
	at org.apache.ratis.server.impl.LeaderElection.askForVotes(LeaderElection.java:201)
	at org.apache.ratis.server.impl.LeaderElection.run(LeaderElection.java:133)
	at java.lang.Thread.run(Thread.java:748)
Caused by: org.apache.ratis.thirdparty.io.grpc.StatusRuntimeException: UNAVAILABLE: io exception
	at org.apache.ratis.thirdparty.io.grpc.stub.ClientCalls.toStatusRuntimeException(ClientCalls.java:233)
	at org.apache.ratis.thirdparty.io.grpc.stub.ClientCalls.getUnchecked(ClientCalls.java:214)
	at org.apache.ratis.thirdparty.io.grpc.stub.ClientCalls.blockingUnaryCall(ClientCalls.java:139)
	at org.apache.ratis.proto.grpc.RaftServerProtocolServiceGrpc$RaftServerProtocolServiceBlockingStub.requestVote(RaftServerProtocolServiceGrpc.java:265)
	at org.apache.ratis.grpc.server.GrpcServerProtocolClient.requestVote(GrpcServerProtocolClient.java:90)
	at org.apache.ratis.grpc.server.GrpcService.requestVote(GrpcService.java:204)
	at org.apache.ratis.server.impl.LeaderElection.lambda$submitRequests$1(LeaderElection.java:238)
	at java.util.concurrent.FutureTask.run(FutureTask.java:266)
	at java.util.concurrent.Executors$RunnableAdapter.call(Executors.java:511)
	at java.util.concurrent.FutureTask.run(FutureTask.java:266)
	at java.util.concurrent.ThreadPoolExecutor.runWorker(ThreadPoolExecutor.java:1149)
	at java.util.concurrent.ThreadPoolExecutor$Worker.run(ThreadPoolExecutor.java:624)
	... 1 more
Caused by: org.apache.ratis.thirdparty.io.netty.channel.AbstractChannel$AnnotatedConnectException: Connection refused: /192.168.5.159:44598
	at sun.nio.ch.SocketChannelImpl.checkConnect(Native Method)
	at sun.nio.ch.SocketChannelImpl.finishConnect(SocketChannelImpl.java:717)
	at org.apache.ratis.thirdparty.io.netty.channel.socket.nio.NioSocketChannel.doFinishConnect(NioSocketChannel.java:327)
	at org.apache.ratis.thirdparty.io.netty.channel.nio.AbstractNioChannel$AbstractNioUnsafe.finishConnect(AbstractNioChannel.java:340)
	at org.apache.ratis.thirdparty.io.netty.channel.nio.NioEventLoop.processSelectedKey(NioEventLoop.java:632)
	at org.apache.ratis.thirdparty.io.netty.channel.nio.NioEventLoop.processSelectedKeysOptimized(NioEventLoop.java:579)
	at org.apache.ratis.thirdparty.io.netty.channel.nio.NioEventLoop.processSelectedKeys(NioEventLoop.java:496)
	at org.apache.ratis.thirdparty.io.netty.channel.nio.NioEventLoop.run(NioEventLoop.java:458)
	at org.apache.ratis.thirdparty.io.netty.util.concurrent.SingleThreadEventExecutor$5.run(SingleThreadEventExecutor.java:897)
	at org.apache.ratis.thirdparty.io.netty.util.concurrent.FastThreadLocalRunnable.run(FastThreadLocalRunnable.java:30)
	... 1 more
Caused by: java.net.ConnectException: Connection refused
	... 11 more
2019-10-14 14:43:10,717 [caa892f0-76ff-4c1e-b30f-b7c59842badc@group-E0B7C1D5C8D3:LeaderElection106] INFO  impl.RaftServerImpl (RaftServerImpl.java:setRole(174)) - caa892f0-76ff-4c1e-b30f-b7c59842badc@group-E0B7C1D5C8D3: changes role from CANDIDATE to FOLLOWER at term 36 for DISCOVERED_A_NEW_TERM
2019-10-14 14:43:10,717 [caa892f0-76ff-4c1e-b30f-b7c59842badc@group-E0B7C1D5C8D3:LeaderElection106] INFO  impl.RoleInfo (RoleInfo.java:shutdownLeaderElection(134)) - caa892f0-76ff-4c1e-b30f-b7c59842badc: shutdown LeaderElection
2019-10-14 14:43:10,717 [caa892f0-76ff-4c1e-b30f-b7c59842badc@group-E0B7C1D5C8D3:LeaderElection106] INFO  impl.RoleInfo (RoleInfo.java:updateAndGet(143)) - caa892f0-76ff-4c1e-b30f-b7c59842badc: start FollowerState
2019-10-14 14:43:11,022 [Thread-1796] INFO  impl.FollowerState (FollowerState.java:run(106)) - caa892f0-76ff-4c1e-b30f-b7c59842badc:group-EA752D978E74 changes to CANDIDATE, lastRpcTime:1168, electionTimeout:1168ms
2019-10-14 14:43:11,022 [Thread-1796] INFO  impl.RoleInfo (RoleInfo.java:shutdownFollowerState(121)) - caa892f0-76ff-4c1e-b30f-b7c59842badc: shutdown FollowerState
2019-10-14 14:43:11,022 [Thread-1796] INFO  impl.RaftServerImpl (RaftServerImpl.java:setRole(174)) - caa892f0-76ff-4c1e-b30f-b7c59842badc@group-EA752D978E74: changes role from  FOLLOWER to CANDIDATE at term 34 for changeToCandidate
2019-10-14 14:43:11,022 [Thread-1796] INFO  impl.RoleInfo (RoleInfo.java:updateAndGet(143)) - caa892f0-76ff-4c1e-b30f-b7c59842badc: start LeaderElection
2019-10-14 14:43:11,036 [caa892f0-76ff-4c1e-b30f-b7c59842badc@group-EA752D978E74:LeaderElection107] INFO  impl.LeaderElection (LeaderElection.java:askForVotes(182)) - caa892f0-76ff-4c1e-b30f-b7c59842badc@group-EA752D978E74:LeaderElection107: begin an election at term 35 for 0: [07a15819-e4fc-4072-82ac-b3e77a99d12a:192.168.5.159:45599, f9748ec4-5d8a-4dfc-8690-85b8cdac3f5d:192.168.5.159:44598, caa892f0-76ff-4c1e-b30f-b7c59842badc:192.168.5.159:39406], old=null
2019-10-14 14:43:11,037 [caa892f0-76ff-4c1e-b30f-b7c59842badc@group-EA752D978E74:LeaderElection107] INFO  impl.LeaderElection (LogUtils.java:infoOrTrace(149)) - caa892f0-76ff-4c1e-b30f-b7c59842badc@group-EA752D978E74:LeaderElection107 got exception when requesting votes: {}
java.util.concurrent.ExecutionException: org.apache.ratis.thirdparty.io.grpc.StatusRuntimeException: UNAVAILABLE: io exception
	at java.util.concurrent.FutureTask.report(FutureTask.java:122)
	at java.util.concurrent.FutureTask.get(FutureTask.java:192)
	at org.apache.ratis.server.impl.LeaderElection.waitForResults(LeaderElection.java:263)
	at org.apache.ratis.server.impl.LeaderElection.askForVotes(LeaderElection.java:201)
	at org.apache.ratis.server.impl.LeaderElection.run(LeaderElection.java:133)
	at java.lang.Thread.run(Thread.java:748)
Caused by: org.apache.ratis.thirdparty.io.grpc.StatusRuntimeException: UNAVAILABLE: io exception
	at org.apache.ratis.thirdparty.io.grpc.stub.ClientCalls.toStatusRuntimeException(ClientCalls.java:233)
	at org.apache.ratis.thirdparty.io.grpc.stub.ClientCalls.getUnchecked(ClientCalls.java:214)
	at org.apache.ratis.thirdparty.io.grpc.stub.ClientCalls.blockingUnaryCall(ClientCalls.java:139)
	at org.apache.ratis.proto.grpc.RaftServerProtocolServiceGrpc$RaftServerProtocolServiceBlockingStub.requestVote(RaftServerProtocolServiceGrpc.java:265)
	at org.apache.ratis.grpc.server.GrpcServerProtocolClient.requestVote(GrpcServerProtocolClient.java:90)
	at org.apache.ratis.grpc.server.GrpcService.requestVote(GrpcService.java:204)
	at org.apache.ratis.server.impl.LeaderElection.lambda$submitRequests$1(LeaderElection.java:238)
	at java.util.concurrent.FutureTask.run(FutureTask.java:266)
	at java.util.concurrent.Executors$RunnableAdapter.call(Executors.java:511)
	at java.util.concurrent.FutureTask.run(FutureTask.java:266)
	at java.util.concurrent.ThreadPoolExecutor.runWorker(ThreadPoolExecutor.java:1149)
	at java.util.concurrent.ThreadPoolExecutor$Worker.run(ThreadPoolExecutor.java:624)
	... 1 more
Caused by: org.apache.ratis.thirdparty.io.netty.channel.AbstractChannel$AnnotatedConnectException: Connection refused: /192.168.5.159:45599
	at sun.nio.ch.SocketChannelImpl.checkConnect(Native Method)
	at sun.nio.ch.SocketChannelImpl.finishConnect(SocketChannelImpl.java:717)
	at org.apache.ratis.thirdparty.io.netty.channel.socket.nio.NioSocketChannel.doFinishConnect(NioSocketChannel.java:327)
	at org.apache.ratis.thirdparty.io.netty.channel.nio.AbstractNioChannel$AbstractNioUnsafe.finishConnect(AbstractNioChannel.java:340)
	at org.apache.ratis.thirdparty.io.netty.channel.nio.NioEventLoop.processSelectedKey(NioEventLoop.java:632)
	at org.apache.ratis.thirdparty.io.netty.channel.nio.NioEventLoop.processSelectedKeysOptimized(NioEventLoop.java:579)
	at org.apache.ratis.thirdparty.io.netty.channel.nio.NioEventLoop.processSelectedKeys(NioEventLoop.java:496)
	at org.apache.ratis.thirdparty.io.netty.channel.nio.NioEventLoop.run(NioEventLoop.java:458)
	at org.apache.ratis.thirdparty.io.netty.util.concurrent.SingleThreadEventExecutor$5.run(SingleThreadEventExecutor.java:897)
	at org.apache.ratis.thirdparty.io.netty.util.concurrent.FastThreadLocalRunnable.run(FastThreadLocalRunnable.java:30)
	... 1 more
Caused by: java.net.ConnectException: Connection refused
	... 11 more
2019-10-14 14:43:11,038 [caa892f0-76ff-4c1e-b30f-b7c59842badc@group-EA752D978E74:LeaderElection107] INFO  impl.LeaderElection (LogUtils.java:infoOrTrace(149)) - caa892f0-76ff-4c1e-b30f-b7c59842badc@group-EA752D978E74:LeaderElection107 got exception when requesting votes: {}
java.util.concurrent.ExecutionException: org.apache.ratis.thirdparty.io.grpc.StatusRuntimeException: UNAVAILABLE: io exception
	at java.util.concurrent.FutureTask.report(FutureTask.java:122)
	at java.util.concurrent.FutureTask.get(FutureTask.java:192)
	at org.apache.ratis.server.impl.LeaderElection.waitForResults(LeaderElection.java:263)
	at org.apache.ratis.server.impl.LeaderElection.askForVotes(LeaderElection.java:201)
	at org.apache.ratis.server.impl.LeaderElection.run(LeaderElection.java:133)
	at java.lang.Thread.run(Thread.java:748)
Caused by: org.apache.ratis.thirdparty.io.grpc.StatusRuntimeException: UNAVAILABLE: io exception
	at org.apache.ratis.thirdparty.io.grpc.stub.ClientCalls.toStatusRuntimeException(ClientCalls.java:233)
	at org.apache.ratis.thirdparty.io.grpc.stub.ClientCalls.getUnchecked(ClientCalls.java:214)
	at org.apache.ratis.thirdparty.io.grpc.stub.ClientCalls.blockingUnaryCall(ClientCalls.java:139)
	at org.apache.ratis.proto.grpc.RaftServerProtocolServiceGrpc$RaftServerProtocolServiceBlockingStub.requestVote(RaftServerProtocolServiceGrpc.java:265)
	at org.apache.ratis.grpc.server.GrpcServerProtocolClient.requestVote(GrpcServerProtocolClient.java:90)
	at org.apache.ratis.grpc.server.GrpcService.requestVote(GrpcService.java:204)
	at org.apache.ratis.server.impl.LeaderElection.lambda$submitRequests$1(LeaderElection.java:238)
	at java.util.concurrent.FutureTask.run(FutureTask.java:266)
	at java.util.concurrent.Executors$RunnableAdapter.call(Executors.java:511)
	at java.util.concurrent.FutureTask.run(FutureTask.java:266)
	at java.util.concurrent.ThreadPoolExecutor.runWorker(ThreadPoolExecutor.java:1149)
	at java.util.concurrent.ThreadPoolExecutor$Worker.run(ThreadPoolExecutor.java:624)
	... 1 more
Caused by: org.apache.ratis.thirdparty.io.netty.channel.AbstractChannel$AnnotatedConnectException: Connection refused: /192.168.5.159:44598
	at sun.nio.ch.SocketChannelImpl.checkConnect(Native Method)
	at sun.nio.ch.SocketChannelImpl.finishConnect(SocketChannelImpl.java:717)
	at org.apache.ratis.thirdparty.io.netty.channel.socket.nio.NioSocketChannel.doFinishConnect(NioSocketChannel.java:327)
	at org.apache.ratis.thirdparty.io.netty.channel.nio.AbstractNioChannel$AbstractNioUnsafe.finishConnect(AbstractNioChannel.java:340)
	at org.apache.ratis.thirdparty.io.netty.channel.nio.NioEventLoop.processSelectedKey(NioEventLoop.java:632)
	at org.apache.ratis.thirdparty.io.netty.channel.nio.NioEventLoop.processSelectedKeysOptimized(NioEventLoop.java:579)
	at org.apache.ratis.thirdparty.io.netty.channel.nio.NioEventLoop.processSelectedKeys(NioEventLoop.java:496)
	at org.apache.ratis.thirdparty.io.netty.channel.nio.NioEventLoop.run(NioEventLoop.java:458)
	at org.apache.ratis.thirdparty.io.netty.util.concurrent.SingleThreadEventExecutor$5.run(SingleThreadEventExecutor.java:897)
	at org.apache.ratis.thirdparty.io.netty.util.concurrent.FastThreadLocalRunnable.run(FastThreadLocalRunnable.java:30)
	... 1 more
Caused by: java.net.ConnectException: Connection refused
	... 11 more
2019-10-14 14:43:11,038 [caa892f0-76ff-4c1e-b30f-b7c59842badc@group-EA752D978E74:LeaderElection107] INFO  impl.LeaderElection (LeaderElection.java:logAndReturn(56)) - caa892f0-76ff-4c1e-b30f-b7c59842badc@group-EA752D978E74:LeaderElection107: Election REJECTED; received 0 response(s) [] and 2 exception(s); caa892f0-76ff-4c1e-b30f-b7c59842badc@group-EA752D978E74:t35, leader=null, voted=caa892f0-76ff-4c1e-b30f-b7c59842badc, raftlog=caa892f0-76ff-4c1e-b30f-b7c59842badc@group-EA752D978E74-SegmentedRaftLog:OPENED:c16,f16,i16, conf=0: [07a15819-e4fc-4072-82ac-b3e77a99d12a:192.168.5.159:45599, f9748ec4-5d8a-4dfc-8690-85b8cdac3f5d:192.168.5.159:44598, caa892f0-76ff-4c1e-b30f-b7c59842badc:192.168.5.159:39406], old=null
2019-10-14 14:43:11,038 [caa892f0-76ff-4c1e-b30f-b7c59842badc@group-EA752D978E74:LeaderElection107] INFO  impl.LeaderElection (LogUtils.java:infoOrTrace(149)) -   Exception 0: {}
java.util.concurrent.ExecutionException: org.apache.ratis.thirdparty.io.grpc.StatusRuntimeException: UNAVAILABLE: io exception
	at java.util.concurrent.FutureTask.report(FutureTask.java:122)
	at java.util.concurrent.FutureTask.get(FutureTask.java:192)
	at org.apache.ratis.server.impl.LeaderElection.waitForResults(LeaderElection.java:263)
	at org.apache.ratis.server.impl.LeaderElection.askForVotes(LeaderElection.java:201)
	at org.apache.ratis.server.impl.LeaderElection.run(LeaderElection.java:133)
	at java.lang.Thread.run(Thread.java:748)
Caused by: org.apache.ratis.thirdparty.io.grpc.StatusRuntimeException: UNAVAILABLE: io exception
	at org.apache.ratis.thirdparty.io.grpc.stub.ClientCalls.toStatusRuntimeException(ClientCalls.java:233)
	at org.apache.ratis.thirdparty.io.grpc.stub.ClientCalls.getUnchecked(ClientCalls.java:214)
	at org.apache.ratis.thirdparty.io.grpc.stub.ClientCalls.blockingUnaryCall(ClientCalls.java:139)
	at org.apache.ratis.proto.grpc.RaftServerProtocolServiceGrpc$RaftServerProtocolServiceBlockingStub.requestVote(RaftServerProtocolServiceGrpc.java:265)
	at org.apache.ratis.grpc.server.GrpcServerProtocolClient.requestVote(GrpcServerProtocolClient.java:90)
	at org.apache.ratis.grpc.server.GrpcService.requestVote(GrpcService.java:204)
	at org.apache.ratis.server.impl.LeaderElection.lambda$submitRequests$1(LeaderElection.java:238)
	at java.util.concurrent.FutureTask.run(FutureTask.java:266)
	at java.util.concurrent.Executors$RunnableAdapter.call(Executors.java:511)
	at java.util.concurrent.FutureTask.run(FutureTask.java:266)
	at java.util.concurrent.ThreadPoolExecutor.runWorker(ThreadPoolExecutor.java:1149)
	at java.util.concurrent.ThreadPoolExecutor$Worker.run(ThreadPoolExecutor.java:624)
	... 1 more
Caused by: org.apache.ratis.thirdparty.io.netty.channel.AbstractChannel$AnnotatedConnectException: Connection refused: /192.168.5.159:45599
	at sun.nio.ch.SocketChannelImpl.checkConnect(Native Method)
	at sun.nio.ch.SocketChannelImpl.finishConnect(SocketChannelImpl.java:717)
	at org.apache.ratis.thirdparty.io.netty.channel.socket.nio.NioSocketChannel.doFinishConnect(NioSocketChannel.java:327)
	at org.apache.ratis.thirdparty.io.netty.channel.nio.AbstractNioChannel$AbstractNioUnsafe.finishConnect(AbstractNioChannel.java:340)
	at org.apache.ratis.thirdparty.io.netty.channel.nio.NioEventLoop.processSelectedKey(NioEventLoop.java:632)
	at org.apache.ratis.thirdparty.io.netty.channel.nio.NioEventLoop.processSelectedKeysOptimized(NioEventLoop.java:579)
	at org.apache.ratis.thirdparty.io.netty.channel.nio.NioEventLoop.processSelectedKeys(NioEventLoop.java:496)
	at org.apache.ratis.thirdparty.io.netty.channel.nio.NioEventLoop.run(NioEventLoop.java:458)
	at org.apache.ratis.thirdparty.io.netty.util.concurrent.SingleThreadEventExecutor$5.run(SingleThreadEventExecutor.java:897)
	at org.apache.ratis.thirdparty.io.netty.util.concurrent.FastThreadLocalRunnable.run(FastThreadLocalRunnable.java:30)
	... 1 more
Caused by: java.net.ConnectException: Connection refused
	... 11 more
2019-10-14 14:43:11,038 [caa892f0-76ff-4c1e-b30f-b7c59842badc@group-EA752D978E74:LeaderElection107] INFO  impl.LeaderElection (LogUtils.java:infoOrTrace(149)) -   Exception 1: {}
java.util.concurrent.ExecutionException: org.apache.ratis.thirdparty.io.grpc.StatusRuntimeException: UNAVAILABLE: io exception
	at java.util.concurrent.FutureTask.report(FutureTask.java:122)
	at java.util.concurrent.FutureTask.get(FutureTask.java:192)
	at org.apache.ratis.server.impl.LeaderElection.waitForResults(LeaderElection.java:263)
	at org.apache.ratis.server.impl.LeaderElection.askForVotes(LeaderElection.java:201)
	at org.apache.ratis.server.impl.LeaderElection.run(LeaderElection.java:133)
	at java.lang.Thread.run(Thread.java:748)
Caused by: org.apache.ratis.thirdparty.io.grpc.StatusRuntimeException: UNAVAILABLE: io exception
	at org.apache.ratis.thirdparty.io.grpc.stub.ClientCalls.toStatusRuntimeException(ClientCalls.java:233)
	at org.apache.ratis.thirdparty.io.grpc.stub.ClientCalls.getUnchecked(ClientCalls.java:214)
	at org.apache.ratis.thirdparty.io.grpc.stub.ClientCalls.blockingUnaryCall(ClientCalls.java:139)
	at org.apache.ratis.proto.grpc.RaftServerProtocolServiceGrpc$RaftServerProtocolServiceBlockingStub.requestVote(RaftServerProtocolServiceGrpc.java:265)
	at org.apache.ratis.grpc.server.GrpcServerProtocolClient.requestVote(GrpcServerProtocolClient.java:90)
	at org.apache.ratis.grpc.server.GrpcService.requestVote(GrpcService.java:204)
	at org.apache.ratis.server.impl.LeaderElection.lambda$submitRequests$1(LeaderElection.java:238)
	at java.util.concurrent.FutureTask.run(FutureTask.java:266)
	at java.util.concurrent.Executors$RunnableAdapter.call(Executors.java:511)
	at java.util.concurrent.FutureTask.run(FutureTask.java:266)
	at java.util.concurrent.ThreadPoolExecutor.runWorker(ThreadPoolExecutor.java:1149)
	at java.util.concurrent.ThreadPoolExecutor$Worker.run(ThreadPoolExecutor.java:624)
	... 1 more
Caused by: org.apache.ratis.thirdparty.io.netty.channel.AbstractChannel$AnnotatedConnectException: Connection refused: /192.168.5.159:44598
	at sun.nio.ch.SocketChannelImpl.checkConnect(Native Method)
	at sun.nio.ch.SocketChannelImpl.finishConnect(SocketChannelImpl.java:717)
	at org.apache.ratis.thirdparty.io.netty.channel.socket.nio.NioSocketChannel.doFinishConnect(NioSocketChannel.java:327)
	at org.apache.ratis.thirdparty.io.netty.channel.nio.AbstractNioChannel$AbstractNioUnsafe.finishConnect(AbstractNioChannel.java:340)
	at org.apache.ratis.thirdparty.io.netty.channel.nio.NioEventLoop.processSelectedKey(NioEventLoop.java:632)
	at org.apache.ratis.thirdparty.io.netty.channel.nio.NioEventLoop.processSelectedKeysOptimized(NioEventLoop.java:579)
	at org.apache.ratis.thirdparty.io.netty.channel.nio.NioEventLoop.processSelectedKeys(NioEventLoop.java:496)
	at org.apache.ratis.thirdparty.io.netty.channel.nio.NioEventLoop.run(NioEventLoop.java:458)
	at org.apache.ratis.thirdparty.io.netty.util.concurrent.SingleThreadEventExecutor$5.run(SingleThreadEventExecutor.java:897)
	at org.apache.ratis.thirdparty.io.netty.util.concurrent.FastThreadLocalRunnable.run(FastThreadLocalRunnable.java:30)
	... 1 more
Caused by: java.net.ConnectException: Connection refused
	... 11 more
2019-10-14 14:43:11,038 [caa892f0-76ff-4c1e-b30f-b7c59842badc@group-EA752D978E74:LeaderElection107] INFO  impl.RaftServerImpl (RaftServerImpl.java:setRole(174)) - caa892f0-76ff-4c1e-b30f-b7c59842badc@group-EA752D978E74: changes role from CANDIDATE to FOLLOWER at term 35 for DISCOVERED_A_NEW_TERM
2019-10-14 14:43:11,039 [caa892f0-76ff-4c1e-b30f-b7c59842badc@group-EA752D978E74:LeaderElection107] INFO  impl.RoleInfo (RoleInfo.java:shutdownLeaderElection(134)) - caa892f0-76ff-4c1e-b30f-b7c59842badc: shutdown LeaderElection
2019-10-14 14:43:11,039 [caa892f0-76ff-4c1e-b30f-b7c59842badc@group-EA752D978E74:LeaderElection107] INFO  impl.RoleInfo (RoleInfo.java:updateAndGet(143)) - caa892f0-76ff-4c1e-b30f-b7c59842badc: start FollowerState
2019-10-14 14:43:11,121 [grpc-default-executor-7] WARN  server.GrpcLogAppender (LogUtils.java:warn(134)) - caa892f0-76ff-4c1e-b30f-b7c59842badc@group-026CFA11C8A1->f9748ec4-5d8a-4dfc-8690-85b8cdac3f5d-AppendLogResponseHandler: Failed appendEntries: org.apache.ratis.thirdparty.io.grpc.StatusRuntimeException: UNAVAILABLE: io exception
2019-10-14 14:43:11,122 [grpc-default-executor-8] WARN  server.GrpcLogAppender (LogUtils.java:warn(134)) - caa892f0-76ff-4c1e-b30f-b7c59842badc@group-026CFA11C8A1->07a15819-e4fc-4072-82ac-b3e77a99d12a-AppendLogResponseHandler: Failed appendEntries: org.apache.ratis.thirdparty.io.grpc.StatusRuntimeException: UNAVAILABLE: io exception
2019-10-14 14:43:11,122 [grpc-default-executor-7] INFO  impl.FollowerInfo (FollowerInfo.java:lambda$new$0(51)) - caa892f0-76ff-4c1e-b30f-b7c59842badc@group-026CFA11C8A1->f9748ec4-5d8a-4dfc-8690-85b8cdac3f5d: nextIndex: updateUnconditionally 0 -> 0
2019-10-14 14:43:11,121 [grpc-default-executor-0] WARN  server.GrpcLogAppender (LogUtils.java:warn(134)) - caa892f0-76ff-4c1e-b30f-b7c59842badc@group-382452901537->f9748ec4-5d8a-4dfc-8690-85b8cdac3f5d-AppendLogResponseHandler: Failed appendEntries: org.apache.ratis.thirdparty.io.grpc.StatusRuntimeException: UNAVAILABLE: io exception
2019-10-14 14:43:11,121 [grpc-default-executor-9] WARN  server.GrpcLogAppender (LogUtils.java:warn(134)) - caa892f0-76ff-4c1e-b30f-b7c59842badc@group-382452901537->07a15819-e4fc-4072-82ac-b3e77a99d12a-AppendLogResponseHandler: Failed appendEntries: org.apache.ratis.thirdparty.io.grpc.StatusRuntimeException: UNAVAILABLE: io exception
2019-10-14 14:43:11,122 [grpc-default-executor-0] INFO  impl.FollowerInfo (FollowerInfo.java:lambda$new$0(51)) - caa892f0-76ff-4c1e-b30f-b7c59842badc@group-382452901537->f9748ec4-5d8a-4dfc-8690-85b8cdac3f5d: nextIndex: updateUnconditionally 0 -> 0
2019-10-14 14:43:11,122 [grpc-default-executor-8] INFO  impl.FollowerInfo (FollowerInfo.java:lambda$new$0(51)) - caa892f0-76ff-4c1e-b30f-b7c59842badc@group-026CFA11C8A1->07a15819-e4fc-4072-82ac-b3e77a99d12a: nextIndex: updateUnconditionally 0 -> 0
2019-10-14 14:43:11,123 [grpc-default-executor-9] INFO  impl.FollowerInfo (FollowerInfo.java:lambda$new$0(51)) - caa892f0-76ff-4c1e-b30f-b7c59842badc@group-382452901537->07a15819-e4fc-4072-82ac-b3e77a99d12a: nextIndex: updateUnconditionally 0 -> 0
2019-10-14 14:43:11,623 [grpc-default-executor-0] WARN  server.GrpcLogAppender (LogUtils.java:warn(134)) - caa892f0-76ff-4c1e-b30f-b7c59842badc@group-026CFA11C8A1->f9748ec4-5d8a-4dfc-8690-85b8cdac3f5d-AppendLogResponseHandler: Failed appendEntries: org.apache.ratis.thirdparty.io.grpc.StatusRuntimeException: UNAVAILABLE: io exception
2019-10-14 14:43:11,623 [grpc-default-executor-7] WARN  server.GrpcLogAppender (LogUtils.java:warn(134)) - caa892f0-76ff-4c1e-b30f-b7c59842badc@group-382452901537->07a15819-e4fc-4072-82ac-b3e77a99d12a-AppendLogResponseHandler: Failed appendEntries: org.apache.ratis.thirdparty.io.grpc.StatusRuntimeException: UNAVAILABLE: io exception
2019-10-14 14:43:11,623 [grpc-default-executor-3] WARN  server.GrpcLogAppender (LogUtils.java:warn(134)) - caa892f0-76ff-4c1e-b30f-b7c59842badc@group-382452901537->f9748ec4-5d8a-4dfc-8690-85b8cdac3f5d-AppendLogResponseHandler: Failed appendEntries: org.apache.ratis.thirdparty.io.grpc.StatusRuntimeException: UNAVAILABLE: io exception
2019-10-14 14:43:11,623 [grpc-default-executor-8] WARN  server.GrpcLogAppender (LogUtils.java:warn(134)) - caa892f0-76ff-4c1e-b30f-b7c59842badc@group-026CFA11C8A1->07a15819-e4fc-4072-82ac-b3e77a99d12a-AppendLogResponseHandler: Failed appendEntries: org.apache.ratis.thirdparty.io.grpc.StatusRuntimeException: UNAVAILABLE: io exception
2019-10-14 14:43:11,624 [grpc-default-executor-3] INFO  impl.FollowerInfo (FollowerInfo.java:lambda$new$0(51)) - caa892f0-76ff-4c1e-b30f-b7c59842badc@group-382452901537->f9748ec4-5d8a-4dfc-8690-85b8cdac3f5d: nextIndex: updateUnconditionally 0 -> 0
2019-10-14 14:43:11,624 [grpc-default-executor-7] INFO  impl.FollowerInfo (FollowerInfo.java:lambda$new$0(51)) - caa892f0-76ff-4c1e-b30f-b7c59842badc@group-382452901537->07a15819-e4fc-4072-82ac-b3e77a99d12a: nextIndex: updateUnconditionally 0 -> 0
2019-10-14 14:43:11,623 [grpc-default-executor-0] INFO  impl.FollowerInfo (FollowerInfo.java:lambda$new$0(51)) - caa892f0-76ff-4c1e-b30f-b7c59842badc@group-026CFA11C8A1->f9748ec4-5d8a-4dfc-8690-85b8cdac3f5d: nextIndex: updateUnconditionally 0 -> 0
2019-10-14 14:43:11,624 [grpc-default-executor-8] INFO  impl.FollowerInfo (FollowerInfo.java:lambda$new$0(51)) - caa892f0-76ff-4c1e-b30f-b7c59842badc@group-026CFA11C8A1->07a15819-e4fc-4072-82ac-b3e77a99d12a: nextIndex: updateUnconditionally 0 -> 0
2019-10-14 14:43:11,866 [Thread-1808] INFO  impl.FollowerState (FollowerState.java:run(106)) - caa892f0-76ff-4c1e-b30f-b7c59842badc:group-E0B7C1D5C8D3 changes to CANDIDATE, lastRpcTime:1148, electionTimeout:1148ms
2019-10-14 14:43:11,866 [Thread-1808] INFO  impl.RoleInfo (RoleInfo.java:shutdownFollowerState(121)) - caa892f0-76ff-4c1e-b30f-b7c59842badc: shutdown FollowerState
2019-10-14 14:43:11,866 [Thread-1808] INFO  impl.RaftServerImpl (RaftServerImpl.java:setRole(174)) - caa892f0-76ff-4c1e-b30f-b7c59842badc@group-E0B7C1D5C8D3: changes role from  FOLLOWER to CANDIDATE at term 36 for changeToCandidate
2019-10-14 14:43:11,866 [Thread-1808] INFO  impl.RoleInfo (RoleInfo.java:updateAndGet(143)) - caa892f0-76ff-4c1e-b30f-b7c59842badc: start LeaderElection
2019-10-14 14:43:11,880 [caa892f0-76ff-4c1e-b30f-b7c59842badc@group-E0B7C1D5C8D3:LeaderElection108] INFO  impl.LeaderElection (LeaderElection.java:askForVotes(182)) - caa892f0-76ff-4c1e-b30f-b7c59842badc@group-E0B7C1D5C8D3:LeaderElection108: begin an election at term 37 for 0: [07a15819-e4fc-4072-82ac-b3e77a99d12a:192.168.5.159:45599, f9748ec4-5d8a-4dfc-8690-85b8cdac3f5d:192.168.5.159:44598, caa892f0-76ff-4c1e-b30f-b7c59842badc:192.168.5.159:39406], old=null
2019-10-14 14:43:11,882 [caa892f0-76ff-4c1e-b30f-b7c59842badc@group-E0B7C1D5C8D3:LeaderElection108] INFO  impl.LeaderElection (LogUtils.java:infoOrTrace(149)) - caa892f0-76ff-4c1e-b30f-b7c59842badc@group-E0B7C1D5C8D3:LeaderElection108 got exception when requesting votes: {}
java.util.concurrent.ExecutionException: org.apache.ratis.thirdparty.io.grpc.StatusRuntimeException: UNAVAILABLE: io exception
	at java.util.concurrent.FutureTask.report(FutureTask.java:122)
	at java.util.concurrent.FutureTask.get(FutureTask.java:192)
	at org.apache.ratis.server.impl.LeaderElection.waitForResults(LeaderElection.java:263)
	at org.apache.ratis.server.impl.LeaderElection.askForVotes(LeaderElection.java:201)
	at org.apache.ratis.server.impl.LeaderElection.run(LeaderElection.java:133)
	at java.lang.Thread.run(Thread.java:748)
Caused by: org.apache.ratis.thirdparty.io.grpc.StatusRuntimeException: UNAVAILABLE: io exception
	at org.apache.ratis.thirdparty.io.grpc.stub.ClientCalls.toStatusRuntimeException(ClientCalls.java:233)
	at org.apache.ratis.thirdparty.io.grpc.stub.ClientCalls.getUnchecked(ClientCalls.java:214)
	at org.apache.ratis.thirdparty.io.grpc.stub.ClientCalls.blockingUnaryCall(ClientCalls.java:139)
	at org.apache.ratis.proto.grpc.RaftServerProtocolServiceGrpc$RaftServerProtocolServiceBlockingStub.requestVote(RaftServerProtocolServiceGrpc.java:265)
	at org.apache.ratis.grpc.server.GrpcServerProtocolClient.requestVote(GrpcServerProtocolClient.java:90)
	at org.apache.ratis.grpc.server.GrpcService.requestVote(GrpcService.java:204)
	at org.apache.ratis.server.impl.LeaderElection.lambda$submitRequests$1(LeaderElection.java:238)
	at java.util.concurrent.FutureTask.run(FutureTask.java:266)
	at java.util.concurrent.Executors$RunnableAdapter.call(Executors.java:511)
	at java.util.concurrent.FutureTask.run(FutureTask.java:266)
	at java.util.concurrent.ThreadPoolExecutor.runWorker(ThreadPoolExecutor.java:1149)
	at java.util.concurrent.ThreadPoolExecutor$Worker.run(ThreadPoolExecutor.java:624)
	... 1 more
Caused by: org.apache.ratis.thirdparty.io.netty.channel.AbstractChannel$AnnotatedConnectException: Connection refused: /192.168.5.159:44598
	at sun.nio.ch.SocketChannelImpl.checkConnect(Native Method)
	at sun.nio.ch.SocketChannelImpl.finishConnect(SocketChannelImpl.java:717)
	at org.apache.ratis.thirdparty.io.netty.channel.socket.nio.NioSocketChannel.doFinishConnect(NioSocketChannel.java:327)
	at org.apache.ratis.thirdparty.io.netty.channel.nio.AbstractNioChannel$AbstractNioUnsafe.finishConnect(AbstractNioChannel.java:340)
	at org.apache.ratis.thirdparty.io.netty.channel.nio.NioEventLoop.processSelectedKey(NioEventLoop.java:632)
	at org.apache.ratis.thirdparty.io.netty.channel.nio.NioEventLoop.processSelectedKeysOptimized(NioEventLoop.java:579)
	at org.apache.ratis.thirdparty.io.netty.channel.nio.NioEventLoop.processSelectedKeys(NioEventLoop.java:496)
	at org.apache.ratis.thirdparty.io.netty.channel.nio.NioEventLoop.run(NioEventLoop.java:458)
	at org.apache.ratis.thirdparty.io.netty.util.concurrent.SingleThreadEventExecutor$5.run(SingleThreadEventExecutor.java:897)
	at org.apache.ratis.thirdparty.io.netty.util.concurrent.FastThreadLocalRunnable.run(FastThreadLocalRunnable.java:30)
	... 1 more
Caused by: java.net.ConnectException: Connection refused
	... 11 more
2019-10-14 14:43:11,883 [caa892f0-76ff-4c1e-b30f-b7c59842badc@group-E0B7C1D5C8D3:LeaderElection108] INFO  impl.LeaderElection (LogUtils.java:infoOrTrace(149)) - caa892f0-76ff-4c1e-b30f-b7c59842badc@group-E0B7C1D5C8D3:LeaderElection108 got exception when requesting votes: {}
java.util.concurrent.ExecutionException: org.apache.ratis.thirdparty.io.grpc.StatusRuntimeException: UNAVAILABLE: io exception
	at java.util.concurrent.FutureTask.report(FutureTask.java:122)
	at java.util.concurrent.FutureTask.get(FutureTask.java:192)
	at org.apache.ratis.server.impl.LeaderElection.waitForResults(LeaderElection.java:263)
	at org.apache.ratis.server.impl.LeaderElection.askForVotes(LeaderElection.java:201)
	at org.apache.ratis.server.impl.LeaderElection.run(LeaderElection.java:133)
	at java.lang.Thread.run(Thread.java:748)
Caused by: org.apache.ratis.thirdparty.io.grpc.StatusRuntimeException: UNAVAILABLE: io exception
	at org.apache.ratis.thirdparty.io.grpc.stub.ClientCalls.toStatusRuntimeException(ClientCalls.java:233)
	at org.apache.ratis.thirdparty.io.grpc.stub.ClientCalls.getUnchecked(ClientCalls.java:214)
	at org.apache.ratis.thirdparty.io.grpc.stub.ClientCalls.blockingUnaryCall(ClientCalls.java:139)
	at org.apache.ratis.proto.grpc.RaftServerProtocolServiceGrpc$RaftServerProtocolServiceBlockingStub.requestVote(RaftServerProtocolServiceGrpc.java:265)
	at org.apache.ratis.grpc.server.GrpcServerProtocolClient.requestVote(GrpcServerProtocolClient.java:90)
	at org.apache.ratis.grpc.server.GrpcService.requestVote(GrpcService.java:204)
	at org.apache.ratis.server.impl.LeaderElection.lambda$submitRequests$1(LeaderElection.java:238)
	at java.util.concurrent.FutureTask.run(FutureTask.java:266)
	at java.util.concurrent.Executors$RunnableAdapter.call(Executors.java:511)
	at java.util.concurrent.FutureTask.run(FutureTask.java:266)
	at java.util.concurrent.ThreadPoolExecutor.runWorker(ThreadPoolExecutor.java:1149)
	at java.util.concurrent.ThreadPoolExecutor$Worker.run(ThreadPoolExecutor.java:624)
	... 1 more
Caused by: org.apache.ratis.thirdparty.io.netty.channel.AbstractChannel$AnnotatedConnectException: Connection refused: /192.168.5.159:45599
	at sun.nio.ch.SocketChannelImpl.checkConnect(Native Method)
	at sun.nio.ch.SocketChannelImpl.finishConnect(SocketChannelImpl.java:717)
	at org.apache.ratis.thirdparty.io.netty.channel.socket.nio.NioSocketChannel.doFinishConnect(NioSocketChannel.java:327)
	at org.apache.ratis.thirdparty.io.netty.channel.nio.AbstractNioChannel$AbstractNioUnsafe.finishConnect(AbstractNioChannel.java:340)
	at org.apache.ratis.thirdparty.io.netty.channel.nio.NioEventLoop.processSelectedKey(NioEventLoop.java:632)
	at org.apache.ratis.thirdparty.io.netty.channel.nio.NioEventLoop.processSelectedKeysOptimized(NioEventLoop.java:579)
	at org.apache.ratis.thirdparty.io.netty.channel.nio.NioEventLoop.processSelectedKeys(NioEventLoop.java:496)
	at org.apache.ratis.thirdparty.io.netty.channel.nio.NioEventLoop.run(NioEventLoop.java:458)
	at org.apache.ratis.thirdparty.io.netty.util.concurrent.SingleThreadEventExecutor$5.run(SingleThreadEventExecutor.java:897)
	at org.apache.ratis.thirdparty.io.netty.util.concurrent.FastThreadLocalRunnable.run(FastThreadLocalRunnable.java:30)
	... 1 more
Caused by: java.net.ConnectException: Connection refused
	... 11 more
2019-10-14 14:43:11,883 [caa892f0-76ff-4c1e-b30f-b7c59842badc@group-E0B7C1D5C8D3:LeaderElection108] INFO  impl.LeaderElection (LeaderElection.java:logAndReturn(56)) - caa892f0-76ff-4c1e-b30f-b7c59842badc@group-E0B7C1D5C8D3:LeaderElection108: Election REJECTED; received 0 response(s) [] and 2 exception(s); caa892f0-76ff-4c1e-b30f-b7c59842badc@group-E0B7C1D5C8D3:t37, leader=null, voted=caa892f0-76ff-4c1e-b30f-b7c59842badc, raftlog=caa892f0-76ff-4c1e-b30f-b7c59842badc@group-E0B7C1D5C8D3-SegmentedRaftLog:OPENED:c0,f0,i0, conf=0: [07a15819-e4fc-4072-82ac-b3e77a99d12a:192.168.5.159:45599, f9748ec4-5d8a-4dfc-8690-85b8cdac3f5d:192.168.5.159:44598, caa892f0-76ff-4c1e-b30f-b7c59842badc:192.168.5.159:39406], old=null
2019-10-14 14:43:11,883 [caa892f0-76ff-4c1e-b30f-b7c59842badc@group-E0B7C1D5C8D3:LeaderElection108] INFO  impl.LeaderElection (LogUtils.java:infoOrTrace(149)) -   Exception 0: {}
java.util.concurrent.ExecutionException: org.apache.ratis.thirdparty.io.grpc.StatusRuntimeException: UNAVAILABLE: io exception
	at java.util.concurrent.FutureTask.report(FutureTask.java:122)
	at java.util.concurrent.FutureTask.get(FutureTask.java:192)
	at org.apache.ratis.server.impl.LeaderElection.waitForResults(LeaderElection.java:263)
	at org.apache.ratis.server.impl.LeaderElection.askForVotes(LeaderElection.java:201)
	at org.apache.ratis.server.impl.LeaderElection.run(LeaderElection.java:133)
	at java.lang.Thread.run(Thread.java:748)
Caused by: org.apache.ratis.thirdparty.io.grpc.StatusRuntimeException: UNAVAILABLE: io exception
	at org.apache.ratis.thirdparty.io.grpc.stub.ClientCalls.toStatusRuntimeException(ClientCalls.java:233)
	at org.apache.ratis.thirdparty.io.grpc.stub.ClientCalls.getUnchecked(ClientCalls.java:214)
	at org.apache.ratis.thirdparty.io.grpc.stub.ClientCalls.blockingUnaryCall(ClientCalls.java:139)
	at org.apache.ratis.proto.grpc.RaftServerProtocolServiceGrpc$RaftServerProtocolServiceBlockingStub.requestVote(RaftServerProtocolServiceGrpc.java:265)
	at org.apache.ratis.grpc.server.GrpcServerProtocolClient.requestVote(GrpcServerProtocolClient.java:90)
	at org.apache.ratis.grpc.server.GrpcService.requestVote(GrpcService.java:204)
	at org.apache.ratis.server.impl.LeaderElection.lambda$submitRequests$1(LeaderElection.java:238)
	at java.util.concurrent.FutureTask.run(FutureTask.java:266)
	at java.util.concurrent.Executors$RunnableAdapter.call(Executors.java:511)
	at java.util.concurrent.FutureTask.run(FutureTask.java:266)
	at java.util.concurrent.ThreadPoolExecutor.runWorker(ThreadPoolExecutor.java:1149)
	at java.util.concurrent.ThreadPoolExecutor$Worker.run(ThreadPoolExecutor.java:624)
	... 1 more
Caused by: org.apache.ratis.thirdparty.io.netty.channel.AbstractChannel$AnnotatedConnectException: Connection refused: /192.168.5.159:44598
	at sun.nio.ch.SocketChannelImpl.checkConnect(Native Method)
	at sun.nio.ch.SocketChannelImpl.finishConnect(SocketChannelImpl.java:717)
	at org.apache.ratis.thirdparty.io.netty.channel.socket.nio.NioSocketChannel.doFinishConnect(NioSocketChannel.java:327)
	at org.apache.ratis.thirdparty.io.netty.channel.nio.AbstractNioChannel$AbstractNioUnsafe.finishConnect(AbstractNioChannel.java:340)
	at org.apache.ratis.thirdparty.io.netty.channel.nio.NioEventLoop.processSelectedKey(NioEventLoop.java:632)
	at org.apache.ratis.thirdparty.io.netty.channel.nio.NioEventLoop.processSelectedKeysOptimized(NioEventLoop.java:579)
	at org.apache.ratis.thirdparty.io.netty.channel.nio.NioEventLoop.processSelectedKeys(NioEventLoop.java:496)
	at org.apache.ratis.thirdparty.io.netty.channel.nio.NioEventLoop.run(NioEventLoop.java:458)
	at org.apache.ratis.thirdparty.io.netty.util.concurrent.SingleThreadEventExecutor$5.run(SingleThreadEventExecutor.java:897)
	at org.apache.ratis.thirdparty.io.netty.util.concurrent.FastThreadLocalRunnable.run(FastThreadLocalRunnable.java:30)
	... 1 more
Caused by: java.net.ConnectException: Connection refused
	... 11 more
2019-10-14 14:43:11,883 [caa892f0-76ff-4c1e-b30f-b7c59842badc@group-E0B7C1D5C8D3:LeaderElection108] INFO  impl.LeaderElection (LogUtils.java:infoOrTrace(149)) -   Exception 1: {}
java.util.concurrent.ExecutionException: org.apache.ratis.thirdparty.io.grpc.StatusRuntimeException: UNAVAILABLE: io exception
	at java.util.concurrent.FutureTask.report(FutureTask.java:122)
	at java.util.concurrent.FutureTask.get(FutureTask.java:192)
	at org.apache.ratis.server.impl.LeaderElection.waitForResults(LeaderElection.java:263)
	at org.apache.ratis.server.impl.LeaderElection.askForVotes(LeaderElection.java:201)
	at org.apache.ratis.server.impl.LeaderElection.run(LeaderElection.java:133)
	at java.lang.Thread.run(Thread.java:748)
Caused by: org.apache.ratis.thirdparty.io.grpc.StatusRuntimeException: UNAVAILABLE: io exception
	at org.apache.ratis.thirdparty.io.grpc.stub.ClientCalls.toStatusRuntimeException(ClientCalls.java:233)
	at org.apache.ratis.thirdparty.io.grpc.stub.ClientCalls.getUnchecked(ClientCalls.java:214)
	at org.apache.ratis.thirdparty.io.grpc.stub.ClientCalls.blockingUnaryCall(ClientCalls.java:139)
	at org.apache.ratis.proto.grpc.RaftServerProtocolServiceGrpc$RaftServerProtocolServiceBlockingStub.requestVote(RaftServerProtocolServiceGrpc.java:265)
	at org.apache.ratis.grpc.server.GrpcServerProtocolClient.requestVote(GrpcServerProtocolClient.java:90)
	at org.apache.ratis.grpc.server.GrpcService.requestVote(GrpcService.java:204)
	at org.apache.ratis.server.impl.LeaderElection.lambda$submitRequests$1(LeaderElection.java:238)
	at java.util.concurrent.FutureTask.run(FutureTask.java:266)
	at java.util.concurrent.Executors$RunnableAdapter.call(Executors.java:511)
	at java.util.concurrent.FutureTask.run(FutureTask.java:266)
	at java.util.concurrent.ThreadPoolExecutor.runWorker(ThreadPoolExecutor.java:1149)
	at java.util.concurrent.ThreadPoolExecutor$Worker.run(ThreadPoolExecutor.java:624)
	... 1 more
Caused by: org.apache.ratis.thirdparty.io.netty.channel.AbstractChannel$AnnotatedConnectException: Connection refused: /192.168.5.159:45599
	at sun.nio.ch.SocketChannelImpl.checkConnect(Native Method)
	at sun.nio.ch.SocketChannelImpl.finishConnect(SocketChannelImpl.java:717)
	at org.apache.ratis.thirdparty.io.netty.channel.socket.nio.NioSocketChannel.doFinishConnect(NioSocketChannel.java:327)
	at org.apache.ratis.thirdparty.io.netty.channel.nio.AbstractNioChannel$AbstractNioUnsafe.finishConnect(AbstractNioChannel.java:340)
	at org.apache.ratis.thirdparty.io.netty.channel.nio.NioEventLoop.processSelectedKey(NioEventLoop.java:632)
	at org.apache.ratis.thirdparty.io.netty.channel.nio.NioEventLoop.processSelectedKeysOptimized(NioEventLoop.java:579)
	at org.apache.ratis.thirdparty.io.netty.channel.nio.NioEventLoop.processSelectedKeys(NioEventLoop.java:496)
	at org.apache.ratis.thirdparty.io.netty.channel.nio.NioEventLoop.run(NioEventLoop.java:458)
	at org.apache.ratis.thirdparty.io.netty.util.concurrent.SingleThreadEventExecutor$5.run(SingleThreadEventExecutor.java:897)
	at org.apache.ratis.thirdparty.io.netty.util.concurrent.FastThreadLocalRunnable.run(FastThreadLocalRunnable.java:30)
	... 1 more
Caused by: java.net.ConnectException: Connection refused
	... 11 more
2019-10-14 14:43:11,884 [caa892f0-76ff-4c1e-b30f-b7c59842badc@group-E0B7C1D5C8D3:LeaderElection108] INFO  impl.RaftServerImpl (RaftServerImpl.java:setRole(174)) - caa892f0-76ff-4c1e-b30f-b7c59842badc@group-E0B7C1D5C8D3: changes role from CANDIDATE to FOLLOWER at term 37 for DISCOVERED_A_NEW_TERM
2019-10-14 14:43:11,884 [caa892f0-76ff-4c1e-b30f-b7c59842badc@group-E0B7C1D5C8D3:LeaderElection108] INFO  impl.RoleInfo (RoleInfo.java:shutdownLeaderElection(134)) - caa892f0-76ff-4c1e-b30f-b7c59842badc: shutdown LeaderElection
2019-10-14 14:43:11,884 [caa892f0-76ff-4c1e-b30f-b7c59842badc@group-E0B7C1D5C8D3:LeaderElection108] INFO  impl.RoleInfo (RoleInfo.java:updateAndGet(143)) - caa892f0-76ff-4c1e-b30f-b7c59842badc: start FollowerState
2019-10-14 14:43:12,115 [Thread-1820] INFO  impl.FollowerState (FollowerState.java:run(106)) - caa892f0-76ff-4c1e-b30f-b7c59842badc:group-EA752D978E74 changes to CANDIDATE, lastRpcTime:1076, electionTimeout:1076ms
2019-10-14 14:43:12,115 [Thread-1820] INFO  impl.RoleInfo (RoleInfo.java:shutdownFollowerState(121)) - caa892f0-76ff-4c1e-b30f-b7c59842badc: shutdown FollowerState
2019-10-14 14:43:12,116 [Thread-1820] INFO  impl.RaftServerImpl (RaftServerImpl.java:setRole(174)) - caa892f0-76ff-4c1e-b30f-b7c59842badc@group-EA752D978E74: changes role from  FOLLOWER to CANDIDATE at term 35 for changeToCandidate
2019-10-14 14:43:12,116 [Thread-1820] INFO  impl.RoleInfo (RoleInfo.java:updateAndGet(143)) - caa892f0-76ff-4c1e-b30f-b7c59842badc: start LeaderElection
2019-10-14 14:43:12,122 [grpc-default-executor-7] WARN  server.GrpcLogAppender (LogUtils.java:warn(134)) - caa892f0-76ff-4c1e-b30f-b7c59842badc@group-382452901537->f9748ec4-5d8a-4dfc-8690-85b8cdac3f5d-AppendLogResponseHandler: Failed appendEntries: org.apache.ratis.thirdparty.io.grpc.StatusRuntimeException: UNAVAILABLE: io exception
2019-10-14 14:43:12,122 [grpc-default-executor-0] WARN  server.GrpcLogAppender (LogUtils.java:warn(134)) - caa892f0-76ff-4c1e-b30f-b7c59842badc@group-026CFA11C8A1->07a15819-e4fc-4072-82ac-b3e77a99d12a-AppendLogResponseHandler: Failed appendEntries: org.apache.ratis.thirdparty.io.grpc.StatusRuntimeException: UNAVAILABLE: io exception
2019-10-14 14:43:12,122 [grpc-default-executor-8] WARN  server.GrpcLogAppender (LogUtils.java:warn(134)) - caa892f0-76ff-4c1e-b30f-b7c59842badc@group-026CFA11C8A1->f9748ec4-5d8a-4dfc-8690-85b8cdac3f5d-AppendLogResponseHandler: Failed appendEntries: org.apache.ratis.thirdparty.io.grpc.StatusRuntimeException: UNAVAILABLE: io exception
2019-10-14 14:43:12,122 [grpc-default-executor-3] WARN  server.GrpcLogAppender (LogUtils.java:warn(134)) - caa892f0-76ff-4c1e-b30f-b7c59842badc@group-382452901537->07a15819-e4fc-4072-82ac-b3e77a99d12a-AppendLogResponseHandler: Failed appendEntries: org.apache.ratis.thirdparty.io.grpc.StatusRuntimeException: UNAVAILABLE: io exception
2019-10-14 14:43:12,123 [grpc-default-executor-8] INFO  impl.FollowerInfo (FollowerInfo.java:lambda$new$0(51)) - caa892f0-76ff-4c1e-b30f-b7c59842badc@group-026CFA11C8A1->f9748ec4-5d8a-4dfc-8690-85b8cdac3f5d: nextIndex: updateUnconditionally 0 -> 0
2019-10-14 14:43:12,123 [grpc-default-executor-0] INFO  impl.FollowerInfo (FollowerInfo.java:lambda$new$0(51)) - caa892f0-76ff-4c1e-b30f-b7c59842badc@group-026CFA11C8A1->07a15819-e4fc-4072-82ac-b3e77a99d12a: nextIndex: updateUnconditionally 0 -> 0
2019-10-14 14:43:12,123 [grpc-default-executor-7] INFO  impl.FollowerInfo (FollowerInfo.java:lambda$new$0(51)) - caa892f0-76ff-4c1e-b30f-b7c59842badc@group-382452901537->f9748ec4-5d8a-4dfc-8690-85b8cdac3f5d: nextIndex: updateUnconditionally 0 -> 0
2019-10-14 14:43:12,123 [grpc-default-executor-3] INFO  impl.FollowerInfo (FollowerInfo.java:lambda$new$0(51)) - caa892f0-76ff-4c1e-b30f-b7c59842badc@group-382452901537->07a15819-e4fc-4072-82ac-b3e77a99d12a: nextIndex: updateUnconditionally 0 -> 0
2019-10-14 14:43:12,129 [caa892f0-76ff-4c1e-b30f-b7c59842badc@group-EA752D978E74:LeaderElection109] INFO  impl.LeaderElection (LeaderElection.java:askForVotes(182)) - caa892f0-76ff-4c1e-b30f-b7c59842badc@group-EA752D978E74:LeaderElection109: begin an election at term 36 for 0: [07a15819-e4fc-4072-82ac-b3e77a99d12a:192.168.5.159:45599, f9748ec4-5d8a-4dfc-8690-85b8cdac3f5d:192.168.5.159:44598, caa892f0-76ff-4c1e-b30f-b7c59842badc:192.168.5.159:39406], old=null
2019-10-14 14:43:12,132 [caa892f0-76ff-4c1e-b30f-b7c59842badc@group-EA752D978E74:LeaderElection109] INFO  impl.LeaderElection (LogUtils.java:infoOrTrace(149)) - caa892f0-76ff-4c1e-b30f-b7c59842badc@group-EA752D978E74:LeaderElection109 got exception when requesting votes: {}
java.util.concurrent.ExecutionException: org.apache.ratis.thirdparty.io.grpc.StatusRuntimeException: UNAVAILABLE: io exception
	at java.util.concurrent.FutureTask.report(FutureTask.java:122)
	at java.util.concurrent.FutureTask.get(FutureTask.java:192)
	at org.apache.ratis.server.impl.LeaderElection.waitForResults(LeaderElection.java:263)
	at org.apache.ratis.server.impl.LeaderElection.askForVotes(LeaderElection.java:201)
	at org.apache.ratis.server.impl.LeaderElection.run(LeaderElection.java:133)
	at java.lang.Thread.run(Thread.java:748)
Caused by: org.apache.ratis.thirdparty.io.grpc.StatusRuntimeException: UNAVAILABLE: io exception
	at org.apache.ratis.thirdparty.io.grpc.stub.ClientCalls.toStatusRuntimeException(ClientCalls.java:233)
	at org.apache.ratis.thirdparty.io.grpc.stub.ClientCalls.getUnchecked(ClientCalls.java:214)
	at org.apache.ratis.thirdparty.io.grpc.stub.ClientCalls.blockingUnaryCall(ClientCalls.java:139)
	at org.apache.ratis.proto.grpc.RaftServerProtocolServiceGrpc$RaftServerProtocolServiceBlockingStub.requestVote(RaftServerProtocolServiceGrpc.java:265)
	at org.apache.ratis.grpc.server.GrpcServerProtocolClient.requestVote(GrpcServerProtocolClient.java:90)
	at org.apache.ratis.grpc.server.GrpcService.requestVote(GrpcService.java:204)
	at org.apache.ratis.server.impl.LeaderElection.lambda$submitRequests$1(LeaderElection.java:238)
	at java.util.concurrent.FutureTask.run(FutureTask.java:266)
	at java.util.concurrent.Executors$RunnableAdapter.call(Executors.java:511)
	at java.util.concurrent.FutureTask.run(FutureTask.java:266)
	at java.util.concurrent.ThreadPoolExecutor.runWorker(ThreadPoolExecutor.java:1149)
	at java.util.concurrent.ThreadPoolExecutor$Worker.run(ThreadPoolExecutor.java:624)
	... 1 more
Caused by: org.apache.ratis.thirdparty.io.netty.channel.AbstractChannel$AnnotatedConnectException: Connection refused: /192.168.5.159:44598
	at sun.nio.ch.SocketChannelImpl.checkConnect(Native Method)
	at sun.nio.ch.SocketChannelImpl.finishConnect(SocketChannelImpl.java:717)
	at org.apache.ratis.thirdparty.io.netty.channel.socket.nio.NioSocketChannel.doFinishConnect(NioSocketChannel.java:327)
	at org.apache.ratis.thirdparty.io.netty.channel.nio.AbstractNioChannel$AbstractNioUnsafe.finishConnect(AbstractNioChannel.java:340)
	at org.apache.ratis.thirdparty.io.netty.channel.nio.NioEventLoop.processSelectedKey(NioEventLoop.java:632)
	at org.apache.ratis.thirdparty.io.netty.channel.nio.NioEventLoop.processSelectedKeysOptimized(NioEventLoop.java:579)
	at org.apache.ratis.thirdparty.io.netty.channel.nio.NioEventLoop.processSelectedKeys(NioEventLoop.java:496)
	at org.apache.ratis.thirdparty.io.netty.channel.nio.NioEventLoop.run(NioEventLoop.java:458)
	at org.apache.ratis.thirdparty.io.netty.util.concurrent.SingleThreadEventExecutor$5.run(SingleThreadEventExecutor.java:897)
	at org.apache.ratis.thirdparty.io.netty.util.concurrent.FastThreadLocalRunnable.run(FastThreadLocalRunnable.java:30)
	... 1 more
Caused by: java.net.ConnectException: Connection refused
	... 11 more
2019-10-14 14:43:12,132 [caa892f0-76ff-4c1e-b30f-b7c59842badc@group-EA752D978E74:LeaderElection109] INFO  impl.LeaderElection (LogUtils.java:infoOrTrace(149)) - caa892f0-76ff-4c1e-b30f-b7c59842badc@group-EA752D978E74:LeaderElection109 got exception when requesting votes: {}
java.util.concurrent.ExecutionException: org.apache.ratis.thirdparty.io.grpc.StatusRuntimeException: UNAVAILABLE: io exception
	at java.util.concurrent.FutureTask.report(FutureTask.java:122)
	at java.util.concurrent.FutureTask.get(FutureTask.java:192)
	at org.apache.ratis.server.impl.LeaderElection.waitForResults(LeaderElection.java:263)
	at org.apache.ratis.server.impl.LeaderElection.askForVotes(LeaderElection.java:201)
	at org.apache.ratis.server.impl.LeaderElection.run(LeaderElection.java:133)
	at java.lang.Thread.run(Thread.java:748)
Caused by: org.apache.ratis.thirdparty.io.grpc.StatusRuntimeException: UNAVAILABLE: io exception
	at org.apache.ratis.thirdparty.io.grpc.stub.ClientCalls.toStatusRuntimeException(ClientCalls.java:233)
	at org.apache.ratis.thirdparty.io.grpc.stub.ClientCalls.getUnchecked(ClientCalls.java:214)
	at org.apache.ratis.thirdparty.io.grpc.stub.ClientCalls.blockingUnaryCall(ClientCalls.java:139)
	at org.apache.ratis.proto.grpc.RaftServerProtocolServiceGrpc$RaftServerProtocolServiceBlockingStub.requestVote(RaftServerProtocolServiceGrpc.java:265)
	at org.apache.ratis.grpc.server.GrpcServerProtocolClient.requestVote(GrpcServerProtocolClient.java:90)
	at org.apache.ratis.grpc.server.GrpcService.requestVote(GrpcService.java:204)
	at org.apache.ratis.server.impl.LeaderElection.lambda$submitRequests$1(LeaderElection.java:238)
	at java.util.concurrent.FutureTask.run(FutureTask.java:266)
	at java.util.concurrent.Executors$RunnableAdapter.call(Executors.java:511)
	at java.util.concurrent.FutureTask.run(FutureTask.java:266)
	at java.util.concurrent.ThreadPoolExecutor.runWorker(ThreadPoolExecutor.java:1149)
	at java.util.concurrent.ThreadPoolExecutor$Worker.run(ThreadPoolExecutor.java:624)
	... 1 more
Caused by: org.apache.ratis.thirdparty.io.netty.channel.AbstractChannel$AnnotatedConnectException: Connection refused: /192.168.5.159:45599
	at sun.nio.ch.SocketChannelImpl.checkConnect(Native Method)
	at sun.nio.ch.SocketChannelImpl.finishConnect(SocketChannelImpl.java:717)
	at org.apache.ratis.thirdparty.io.netty.channel.socket.nio.NioSocketChannel.doFinishConnect(NioSocketChannel.java:327)
	at org.apache.ratis.thirdparty.io.netty.channel.nio.AbstractNioChannel$AbstractNioUnsafe.finishConnect(AbstractNioChannel.java:340)
	at org.apache.ratis.thirdparty.io.netty.channel.nio.NioEventLoop.processSelectedKey(NioEventLoop.java:632)
	at org.apache.ratis.thirdparty.io.netty.channel.nio.NioEventLoop.processSelectedKeysOptimized(NioEventLoop.java:579)
	at org.apache.ratis.thirdparty.io.netty.channel.nio.NioEventLoop.processSelectedKeys(NioEventLoop.java:496)
	at org.apache.ratis.thirdparty.io.netty.channel.nio.NioEventLoop.run(NioEventLoop.java:458)
	at org.apache.ratis.thirdparty.io.netty.util.concurrent.SingleThreadEventExecutor$5.run(SingleThreadEventExecutor.java:897)
	at org.apache.ratis.thirdparty.io.netty.util.concurrent.FastThreadLocalRunnable.run(FastThreadLocalRunnable.java:30)
	... 1 more
Caused by: java.net.ConnectException: Connection refused
	... 11 more
2019-10-14 14:43:12,133 [caa892f0-76ff-4c1e-b30f-b7c59842badc@group-EA752D978E74:LeaderElection109] INFO  impl.LeaderElection (LeaderElection.java:logAndReturn(56)) - caa892f0-76ff-4c1e-b30f-b7c59842badc@group-EA752D978E74:LeaderElection109: Election REJECTED; received 0 response(s) [] and 2 exception(s); caa892f0-76ff-4c1e-b30f-b7c59842badc@group-EA752D978E74:t36, leader=null, voted=caa892f0-76ff-4c1e-b30f-b7c59842badc, raftlog=caa892f0-76ff-4c1e-b30f-b7c59842badc@group-EA752D978E74-SegmentedRaftLog:OPENED:c16,f16,i16, conf=0: [07a15819-e4fc-4072-82ac-b3e77a99d12a:192.168.5.159:45599, f9748ec4-5d8a-4dfc-8690-85b8cdac3f5d:192.168.5.159:44598, caa892f0-76ff-4c1e-b30f-b7c59842badc:192.168.5.159:39406], old=null
2019-10-14 14:43:12,133 [caa892f0-76ff-4c1e-b30f-b7c59842badc@group-EA752D978E74:LeaderElection109] INFO  impl.LeaderElection (LogUtils.java:infoOrTrace(149)) -   Exception 0: {}
java.util.concurrent.ExecutionException: org.apache.ratis.thirdparty.io.grpc.StatusRuntimeException: UNAVAILABLE: io exception
	at java.util.concurrent.FutureTask.report(FutureTask.java:122)
	at java.util.concurrent.FutureTask.get(FutureTask.java:192)
	at org.apache.ratis.server.impl.LeaderElection.waitForResults(LeaderElection.java:263)
	at org.apache.ratis.server.impl.LeaderElection.askForVotes(LeaderElection.java:201)
	at org.apache.ratis.server.impl.LeaderElection.run(LeaderElection.java:133)
	at java.lang.Thread.run(Thread.java:748)
Caused by: org.apache.ratis.thirdparty.io.grpc.StatusRuntimeException: UNAVAILABLE: io exception
	at org.apache.ratis.thirdparty.io.grpc.stub.ClientCalls.toStatusRuntimeException(ClientCalls.java:233)
	at org.apache.ratis.thirdparty.io.grpc.stub.ClientCalls.getUnchecked(ClientCalls.java:214)
	at org.apache.ratis.thirdparty.io.grpc.stub.ClientCalls.blockingUnaryCall(ClientCalls.java:139)
	at org.apache.ratis.proto.grpc.RaftServerProtocolServiceGrpc$RaftServerProtocolServiceBlockingStub.requestVote(RaftServerProtocolServiceGrpc.java:265)
	at org.apache.ratis.grpc.server.GrpcServerProtocolClient.requestVote(GrpcServerProtocolClient.java:90)
	at org.apache.ratis.grpc.server.GrpcService.requestVote(GrpcService.java:204)
	at org.apache.ratis.server.impl.LeaderElection.lambda$submitRequests$1(LeaderElection.java:238)
	at java.util.concurrent.FutureTask.run(FutureTask.java:266)
	at java.util.concurrent.Executors$RunnableAdapter.call(Executors.java:511)
	at java.util.concurrent.FutureTask.run(FutureTask.java:266)
	at java.util.concurrent.ThreadPoolExecutor.runWorker(ThreadPoolExecutor.java:1149)
	at java.util.concurrent.ThreadPoolExecutor$Worker.run(ThreadPoolExecutor.java:624)
	... 1 more
Caused by: org.apache.ratis.thirdparty.io.netty.channel.AbstractChannel$AnnotatedConnectException: Connection refused: /192.168.5.159:44598
	at sun.nio.ch.SocketChannelImpl.checkConnect(Native Method)
	at sun.nio.ch.SocketChannelImpl.finishConnect(SocketChannelImpl.java:717)
	at org.apache.ratis.thirdparty.io.netty.channel.socket.nio.NioSocketChannel.doFinishConnect(NioSocketChannel.java:327)
	at org.apache.ratis.thirdparty.io.netty.channel.nio.AbstractNioChannel$AbstractNioUnsafe.finishConnect(AbstractNioChannel.java:340)
	at org.apache.ratis.thirdparty.io.netty.channel.nio.NioEventLoop.processSelectedKey(NioEventLoop.java:632)
	at org.apache.ratis.thirdparty.io.netty.channel.nio.NioEventLoop.processSelectedKeysOptimized(NioEventLoop.java:579)
	at org.apache.ratis.thirdparty.io.netty.channel.nio.NioEventLoop.processSelectedKeys(NioEventLoop.java:496)
	at org.apache.ratis.thirdparty.io.netty.channel.nio.NioEventLoop.run(NioEventLoop.java:458)
	at org.apache.ratis.thirdparty.io.netty.util.concurrent.SingleThreadEventExecutor$5.run(SingleThreadEventExecutor.java:897)
	at org.apache.ratis.thirdparty.io.netty.util.concurrent.FastThreadLocalRunnable.run(FastThreadLocalRunnable.java:30)
	... 1 more
Caused by: java.net.ConnectException: Connection refused
	... 11 more
2019-10-14 14:43:12,133 [caa892f0-76ff-4c1e-b30f-b7c59842badc@group-EA752D978E74:LeaderElection109] INFO  impl.LeaderElection (LogUtils.java:infoOrTrace(149)) -   Exception 1: {}
java.util.concurrent.ExecutionException: org.apache.ratis.thirdparty.io.grpc.StatusRuntimeException: UNAVAILABLE: io exception
	at java.util.concurrent.FutureTask.report(FutureTask.java:122)
	at java.util.concurrent.FutureTask.get(FutureTask.java:192)
	at org.apache.ratis.server.impl.LeaderElection.waitForResults(LeaderElection.java:263)
	at org.apache.ratis.server.impl.LeaderElection.askForVotes(LeaderElection.java:201)
	at org.apache.ratis.server.impl.LeaderElection.run(LeaderElection.java:133)
	at java.lang.Thread.run(Thread.java:748)
Caused by: org.apache.ratis.thirdparty.io.grpc.StatusRuntimeException: UNAVAILABLE: io exception
	at org.apache.ratis.thirdparty.io.grpc.stub.ClientCalls.toStatusRuntimeException(ClientCalls.java:233)
	at org.apache.ratis.thirdparty.io.grpc.stub.ClientCalls.getUnchecked(ClientCalls.java:214)
	at org.apache.ratis.thirdparty.io.grpc.stub.ClientCalls.blockingUnaryCall(ClientCalls.java:139)
	at org.apache.ratis.proto.grpc.RaftServerProtocolServiceGrpc$RaftServerProtocolServiceBlockingStub.requestVote(RaftServerProtocolServiceGrpc.java:265)
	at org.apache.ratis.grpc.server.GrpcServerProtocolClient.requestVote(GrpcServerProtocolClient.java:90)
	at org.apache.ratis.grpc.server.GrpcService.requestVote(GrpcService.java:204)
	at org.apache.ratis.server.impl.LeaderElection.lambda$submitRequests$1(LeaderElection.java:238)
	at java.util.concurrent.FutureTask.run(FutureTask.java:266)
	at java.util.concurrent.Executors$RunnableAdapter.call(Executors.java:511)
	at java.util.concurrent.FutureTask.run(FutureTask.java:266)
	at java.util.concurrent.ThreadPoolExecutor.runWorker(ThreadPoolExecutor.java:1149)
	at java.util.concurrent.ThreadPoolExecutor$Worker.run(ThreadPoolExecutor.java:624)
	... 1 more
Caused by: org.apache.ratis.thirdparty.io.netty.channel.AbstractChannel$AnnotatedConnectException: Connection refused: /192.168.5.159:45599
	at sun.nio.ch.SocketChannelImpl.checkConnect(Native Method)
	at sun.nio.ch.SocketChannelImpl.finishConnect(SocketChannelImpl.java:717)
	at org.apache.ratis.thirdparty.io.netty.channel.socket.nio.NioSocketChannel.doFinishConnect(NioSocketChannel.java:327)
	at org.apache.ratis.thirdparty.io.netty.channel.nio.AbstractNioChannel$AbstractNioUnsafe.finishConnect(AbstractNioChannel.java:340)
	at org.apache.ratis.thirdparty.io.netty.channel.nio.NioEventLoop.processSelectedKey(NioEventLoop.java:632)
	at org.apache.ratis.thirdparty.io.netty.channel.nio.NioEventLoop.processSelectedKeysOptimized(NioEventLoop.java:579)
	at org.apache.ratis.thirdparty.io.netty.channel.nio.NioEventLoop.processSelectedKeys(NioEventLoop.java:496)
	at org.apache.ratis.thirdparty.io.netty.channel.nio.NioEventLoop.run(NioEventLoop.java:458)
	at org.apache.ratis.thirdparty.io.netty.util.concurrent.SingleThreadEventExecutor$5.run(SingleThreadEventExecutor.java:897)
	at org.apache.ratis.thirdparty.io.netty.util.concurrent.FastThreadLocalRunnable.run(FastThreadLocalRunnable.java:30)
	... 1 more
Caused by: java.net.ConnectException: Connection refused
	... 11 more
2019-10-14 14:43:12,133 [caa892f0-76ff-4c1e-b30f-b7c59842badc@group-EA752D978E74:LeaderElection109] INFO  impl.RaftServerImpl (RaftServerImpl.java:setRole(174)) - caa892f0-76ff-4c1e-b30f-b7c59842badc@group-EA752D978E74: changes role from CANDIDATE to FOLLOWER at term 36 for DISCOVERED_A_NEW_TERM
2019-10-14 14:43:12,133 [caa892f0-76ff-4c1e-b30f-b7c59842badc@group-EA752D978E74:LeaderElection109] INFO  impl.RoleInfo (RoleInfo.java:shutdownLeaderElection(134)) - caa892f0-76ff-4c1e-b30f-b7c59842badc: shutdown LeaderElection
2019-10-14 14:43:12,134 [caa892f0-76ff-4c1e-b30f-b7c59842badc@group-EA752D978E74:LeaderElection109] INFO  impl.RoleInfo (RoleInfo.java:updateAndGet(143)) - caa892f0-76ff-4c1e-b30f-b7c59842badc: start FollowerState
2019-10-14 14:43:12,622 [grpc-default-executor-3] WARN  server.GrpcLogAppender (LogUtils.java:warn(134)) - caa892f0-76ff-4c1e-b30f-b7c59842badc@group-382452901537->07a15819-e4fc-4072-82ac-b3e77a99d12a-AppendLogResponseHandler: Failed appendEntries: org.apache.ratis.thirdparty.io.grpc.StatusRuntimeException: UNAVAILABLE: io exception
2019-10-14 14:43:12,622 [grpc-default-executor-0] WARN  server.GrpcLogAppender (LogUtils.java:warn(134)) - caa892f0-76ff-4c1e-b30f-b7c59842badc@group-026CFA11C8A1->f9748ec4-5d8a-4dfc-8690-85b8cdac3f5d-AppendLogResponseHandler: Failed appendEntries: org.apache.ratis.thirdparty.io.grpc.StatusRuntimeException: UNAVAILABLE: io exception
2019-10-14 14:43:12,623 [grpc-default-executor-3] INFO  impl.FollowerInfo (FollowerInfo.java:lambda$new$0(51)) - caa892f0-76ff-4c1e-b30f-b7c59842badc@group-382452901537->07a15819-e4fc-4072-82ac-b3e77a99d12a: nextIndex: updateUnconditionally 0 -> 0
2019-10-14 14:43:12,622 [grpc-default-executor-7] WARN  server.GrpcLogAppender (LogUtils.java:warn(134)) - caa892f0-76ff-4c1e-b30f-b7c59842badc@group-026CFA11C8A1->07a15819-e4fc-4072-82ac-b3e77a99d12a-AppendLogResponseHandler: Failed appendEntries: org.apache.ratis.thirdparty.io.grpc.StatusRuntimeException: UNAVAILABLE: io exception
2019-10-14 14:43:12,622 [grpc-default-executor-8] WARN  server.GrpcLogAppender (LogUtils.java:warn(134)) - caa892f0-76ff-4c1e-b30f-b7c59842badc@group-382452901537->f9748ec4-5d8a-4dfc-8690-85b8cdac3f5d-AppendLogResponseHandler: Failed appendEntries: org.apache.ratis.thirdparty.io.grpc.StatusRuntimeException: UNAVAILABLE: io exception
2019-10-14 14:43:12,624 [grpc-default-executor-7] INFO  impl.FollowerInfo (FollowerInfo.java:lambda$new$0(51)) - caa892f0-76ff-4c1e-b30f-b7c59842badc@group-026CFA11C8A1->07a15819-e4fc-4072-82ac-b3e77a99d12a: nextIndex: updateUnconditionally 0 -> 0
2019-10-14 14:43:12,624 [grpc-default-executor-0] INFO  impl.FollowerInfo (FollowerInfo.java:lambda$new$0(51)) - caa892f0-76ff-4c1e-b30f-b7c59842badc@group-026CFA11C8A1->f9748ec4-5d8a-4dfc-8690-85b8cdac3f5d: nextIndex: updateUnconditionally 0 -> 0
2019-10-14 14:43:12,624 [grpc-default-executor-8] INFO  impl.FollowerInfo (FollowerInfo.java:lambda$new$0(51)) - caa892f0-76ff-4c1e-b30f-b7c59842badc@group-382452901537->f9748ec4-5d8a-4dfc-8690-85b8cdac3f5d: nextIndex: updateUnconditionally 0 -> 0
2019-10-14 14:43:12,935 [Thread-1841] INFO  impl.FollowerState (FollowerState.java:run(106)) - caa892f0-76ff-4c1e-b30f-b7c59842badc:group-E0B7C1D5C8D3 changes to CANDIDATE, lastRpcTime:1051, electionTimeout:1051ms
2019-10-14 14:43:12,936 [Thread-1841] INFO  impl.RoleInfo (RoleInfo.java:shutdownFollowerState(121)) - caa892f0-76ff-4c1e-b30f-b7c59842badc: shutdown FollowerState
2019-10-14 14:43:12,936 [Thread-1841] INFO  impl.RaftServerImpl (RaftServerImpl.java:setRole(174)) - caa892f0-76ff-4c1e-b30f-b7c59842badc@group-E0B7C1D5C8D3: changes role from  FOLLOWER to CANDIDATE at term 37 for changeToCandidate
2019-10-14 14:43:12,936 [Thread-1841] INFO  impl.RoleInfo (RoleInfo.java:updateAndGet(143)) - caa892f0-76ff-4c1e-b30f-b7c59842badc: start LeaderElection
2019-10-14 14:43:12,949 [caa892f0-76ff-4c1e-b30f-b7c59842badc@group-E0B7C1D5C8D3:LeaderElection110] INFO  impl.LeaderElection (LeaderElection.java:askForVotes(182)) - caa892f0-76ff-4c1e-b30f-b7c59842badc@group-E0B7C1D5C8D3:LeaderElection110: begin an election at term 38 for 0: [07a15819-e4fc-4072-82ac-b3e77a99d12a:192.168.5.159:45599, f9748ec4-5d8a-4dfc-8690-85b8cdac3f5d:192.168.5.159:44598, caa892f0-76ff-4c1e-b30f-b7c59842badc:192.168.5.159:39406], old=null
2019-10-14 14:43:12,951 [caa892f0-76ff-4c1e-b30f-b7c59842badc@group-E0B7C1D5C8D3:LeaderElection110] INFO  impl.LeaderElection (LogUtils.java:infoOrTrace(149)) - caa892f0-76ff-4c1e-b30f-b7c59842badc@group-E0B7C1D5C8D3:LeaderElection110 got exception when requesting votes: {}
java.util.concurrent.ExecutionException: org.apache.ratis.thirdparty.io.grpc.StatusRuntimeException: UNAVAILABLE: io exception
	at java.util.concurrent.FutureTask.report(FutureTask.java:122)
	at java.util.concurrent.FutureTask.get(FutureTask.java:192)
	at org.apache.ratis.server.impl.LeaderElection.waitForResults(LeaderElection.java:263)
	at org.apache.ratis.server.impl.LeaderElection.askForVotes(LeaderElection.java:201)
	at org.apache.ratis.server.impl.LeaderElection.run(LeaderElection.java:133)
	at java.lang.Thread.run(Thread.java:748)
Caused by: org.apache.ratis.thirdparty.io.grpc.StatusRuntimeException: UNAVAILABLE: io exception
	at org.apache.ratis.thirdparty.io.grpc.stub.ClientCalls.toStatusRuntimeException(ClientCalls.java:233)
	at org.apache.ratis.thirdparty.io.grpc.stub.ClientCalls.getUnchecked(ClientCalls.java:214)
	at org.apache.ratis.thirdparty.io.grpc.stub.ClientCalls.blockingUnaryCall(ClientCalls.java:139)
	at org.apache.ratis.proto.grpc.RaftServerProtocolServiceGrpc$RaftServerProtocolServiceBlockingStub.requestVote(RaftServerProtocolServiceGrpc.java:265)
	at org.apache.ratis.grpc.server.GrpcServerProtocolClient.requestVote(GrpcServerProtocolClient.java:90)
	at org.apache.ratis.grpc.server.GrpcService.requestVote(GrpcService.java:204)
	at org.apache.ratis.server.impl.LeaderElection.lambda$submitRequests$1(LeaderElection.java:238)
	at java.util.concurrent.FutureTask.run(FutureTask.java:266)
	at java.util.concurrent.Executors$RunnableAdapter.call(Executors.java:511)
	at java.util.concurrent.FutureTask.run(FutureTask.java:266)
	at java.util.concurrent.ThreadPoolExecutor.runWorker(ThreadPoolExecutor.java:1149)
	at java.util.concurrent.ThreadPoolExecutor$Worker.run(ThreadPoolExecutor.java:624)
	... 1 more
Caused by: org.apache.ratis.thirdparty.io.netty.channel.AbstractChannel$AnnotatedConnectException: Connection refused: /192.168.5.159:44598
	at sun.nio.ch.SocketChannelImpl.checkConnect(Native Method)
	at sun.nio.ch.SocketChannelImpl.finishConnect(SocketChannelImpl.java:717)
	at org.apache.ratis.thirdparty.io.netty.channel.socket.nio.NioSocketChannel.doFinishConnect(NioSocketChannel.java:327)
	at org.apache.ratis.thirdparty.io.netty.channel.nio.AbstractNioChannel$AbstractNioUnsafe.finishConnect(AbstractNioChannel.java:340)
	at org.apache.ratis.thirdparty.io.netty.channel.nio.NioEventLoop.processSelectedKey(NioEventLoop.java:632)
	at org.apache.ratis.thirdparty.io.netty.channel.nio.NioEventLoop.processSelectedKeysOptimized(NioEventLoop.java:579)
	at org.apache.ratis.thirdparty.io.netty.channel.nio.NioEventLoop.processSelectedKeys(NioEventLoop.java:496)
	at org.apache.ratis.thirdparty.io.netty.channel.nio.NioEventLoop.run(NioEventLoop.java:458)
	at org.apache.ratis.thirdparty.io.netty.util.concurrent.SingleThreadEventExecutor$5.run(SingleThreadEventExecutor.java:897)
	at org.apache.ratis.thirdparty.io.netty.util.concurrent.FastThreadLocalRunnable.run(FastThreadLocalRunnable.java:30)
	... 1 more
Caused by: java.net.ConnectException: Connection refused
	... 11 more
2019-10-14 14:43:12,952 [caa892f0-76ff-4c1e-b30f-b7c59842badc@group-E0B7C1D5C8D3:LeaderElection110] INFO  impl.LeaderElection (LogUtils.java:infoOrTrace(149)) - caa892f0-76ff-4c1e-b30f-b7c59842badc@group-E0B7C1D5C8D3:LeaderElection110 got exception when requesting votes: {}
java.util.concurrent.ExecutionException: org.apache.ratis.thirdparty.io.grpc.StatusRuntimeException: UNAVAILABLE: io exception
	at java.util.concurrent.FutureTask.report(FutureTask.java:122)
	at java.util.concurrent.FutureTask.get(FutureTask.java:192)
	at org.apache.ratis.server.impl.LeaderElection.waitForResults(LeaderElection.java:263)
	at org.apache.ratis.server.impl.LeaderElection.askForVotes(LeaderElection.java:201)
	at org.apache.ratis.server.impl.LeaderElection.run(LeaderElection.java:133)
	at java.lang.Thread.run(Thread.java:748)
Caused by: org.apache.ratis.thirdparty.io.grpc.StatusRuntimeException: UNAVAILABLE: io exception
	at org.apache.ratis.thirdparty.io.grpc.stub.ClientCalls.toStatusRuntimeException(ClientCalls.java:233)
	at org.apache.ratis.thirdparty.io.grpc.stub.ClientCalls.getUnchecked(ClientCalls.java:214)
	at org.apache.ratis.thirdparty.io.grpc.stub.ClientCalls.blockingUnaryCall(ClientCalls.java:139)
	at org.apache.ratis.proto.grpc.RaftServerProtocolServiceGrpc$RaftServerProtocolServiceBlockingStub.requestVote(RaftServerProtocolServiceGrpc.java:265)
	at org.apache.ratis.grpc.server.GrpcServerProtocolClient.requestVote(GrpcServerProtocolClient.java:90)
	at org.apache.ratis.grpc.server.GrpcService.requestVote(GrpcService.java:204)
	at org.apache.ratis.server.impl.LeaderElection.lambda$submitRequests$1(LeaderElection.java:238)
	at java.util.concurrent.FutureTask.run(FutureTask.java:266)
	at java.util.concurrent.Executors$RunnableAdapter.call(Executors.java:511)
	at java.util.concurrent.FutureTask.run(FutureTask.java:266)
	at java.util.concurrent.ThreadPoolExecutor.runWorker(ThreadPoolExecutor.java:1149)
	at java.util.concurrent.ThreadPoolExecutor$Worker.run(ThreadPoolExecutor.java:624)
	... 1 more
Caused by: org.apache.ratis.thirdparty.io.netty.channel.AbstractChannel$AnnotatedConnectException: Connection refused: /192.168.5.159:45599
	at sun.nio.ch.SocketChannelImpl.checkConnect(Native Method)
	at sun.nio.ch.SocketChannelImpl.finishConnect(SocketChannelImpl.java:717)
	at org.apache.ratis.thirdparty.io.netty.channel.socket.nio.NioSocketChannel.doFinishConnect(NioSocketChannel.java:327)
	at org.apache.ratis.thirdparty.io.netty.channel.nio.AbstractNioChannel$AbstractNioUnsafe.finishConnect(AbstractNioChannel.java:340)
	at org.apache.ratis.thirdparty.io.netty.channel.nio.NioEventLoop.processSelectedKey(NioEventLoop.java:632)
	at org.apache.ratis.thirdparty.io.netty.channel.nio.NioEventLoop.processSelectedKeysOptimized(NioEventLoop.java:579)
	at org.apache.ratis.thirdparty.io.netty.channel.nio.NioEventLoop.processSelectedKeys(NioEventLoop.java:496)
	at org.apache.ratis.thirdparty.io.netty.channel.nio.NioEventLoop.run(NioEventLoop.java:458)
	at org.apache.ratis.thirdparty.io.netty.util.concurrent.SingleThreadEventExecutor$5.run(SingleThreadEventExecutor.java:897)
	at org.apache.ratis.thirdparty.io.netty.util.concurrent.FastThreadLocalRunnable.run(FastThreadLocalRunnable.java:30)
	... 1 more
Caused by: java.net.ConnectException: Connection refused
	... 11 more
2019-10-14 14:43:12,952 [caa892f0-76ff-4c1e-b30f-b7c59842badc@group-E0B7C1D5C8D3:LeaderElection110] INFO  impl.LeaderElection (LeaderElection.java:logAndReturn(56)) - caa892f0-76ff-4c1e-b30f-b7c59842badc@group-E0B7C1D5C8D3:LeaderElection110: Election REJECTED; received 0 response(s) [] and 2 exception(s); caa892f0-76ff-4c1e-b30f-b7c59842badc@group-E0B7C1D5C8D3:t38, leader=null, voted=caa892f0-76ff-4c1e-b30f-b7c59842badc, raftlog=caa892f0-76ff-4c1e-b30f-b7c59842badc@group-E0B7C1D5C8D3-SegmentedRaftLog:OPENED:c0,f0,i0, conf=0: [07a15819-e4fc-4072-82ac-b3e77a99d12a:192.168.5.159:45599, f9748ec4-5d8a-4dfc-8690-85b8cdac3f5d:192.168.5.159:44598, caa892f0-76ff-4c1e-b30f-b7c59842badc:192.168.5.159:39406], old=null
2019-10-14 14:43:12,952 [caa892f0-76ff-4c1e-b30f-b7c59842badc@group-E0B7C1D5C8D3:LeaderElection110] INFO  impl.LeaderElection (LogUtils.java:infoOrTrace(149)) -   Exception 0: {}
java.util.concurrent.ExecutionException: org.apache.ratis.thirdparty.io.grpc.StatusRuntimeException: UNAVAILABLE: io exception
	at java.util.concurrent.FutureTask.report(FutureTask.java:122)
	at java.util.concurrent.FutureTask.get(FutureTask.java:192)
	at org.apache.ratis.server.impl.LeaderElection.waitForResults(LeaderElection.java:263)
	at org.apache.ratis.server.impl.LeaderElection.askForVotes(LeaderElection.java:201)
	at org.apache.ratis.server.impl.LeaderElection.run(LeaderElection.java:133)
	at java.lang.Thread.run(Thread.java:748)
Caused by: org.apache.ratis.thirdparty.io.grpc.StatusRuntimeException: UNAVAILABLE: io exception
	at org.apache.ratis.thirdparty.io.grpc.stub.ClientCalls.toStatusRuntimeException(ClientCalls.java:233)
	at org.apache.ratis.thirdparty.io.grpc.stub.ClientCalls.getUnchecked(ClientCalls.java:214)
	at org.apache.ratis.thirdparty.io.grpc.stub.ClientCalls.blockingUnaryCall(ClientCalls.java:139)
	at org.apache.ratis.proto.grpc.RaftServerProtocolServiceGrpc$RaftServerProtocolServiceBlockingStub.requestVote(RaftServerProtocolServiceGrpc.java:265)
	at org.apache.ratis.grpc.server.GrpcServerProtocolClient.requestVote(GrpcServerProtocolClient.java:90)
	at org.apache.ratis.grpc.server.GrpcService.requestVote(GrpcService.java:204)
	at org.apache.ratis.server.impl.LeaderElection.lambda$submitRequests$1(LeaderElection.java:238)
	at java.util.concurrent.FutureTask.run(FutureTask.java:266)
	at java.util.concurrent.Executors$RunnableAdapter.call(Executors.java:511)
	at java.util.concurrent.FutureTask.run(FutureTask.java:266)
	at java.util.concurrent.ThreadPoolExecutor.runWorker(ThreadPoolExecutor.java:1149)
	at java.util.concurrent.ThreadPoolExecutor$Worker.run(ThreadPoolExecutor.java:624)
	... 1 more
Caused by: org.apache.ratis.thirdparty.io.netty.channel.AbstractChannel$AnnotatedConnectException: Connection refused: /192.168.5.159:44598
	at sun.nio.ch.SocketChannelImpl.checkConnect(Native Method)
	at sun.nio.ch.SocketChannelImpl.finishConnect(SocketChannelImpl.java:717)
	at org.apache.ratis.thirdparty.io.netty.channel.socket.nio.NioSocketChannel.doFinishConnect(NioSocketChannel.java:327)
	at org.apache.ratis.thirdparty.io.netty.channel.nio.AbstractNioChannel$AbstractNioUnsafe.finishConnect(AbstractNioChannel.java:340)
	at org.apache.ratis.thirdparty.io.netty.channel.nio.NioEventLoop.processSelectedKey(NioEventLoop.java:632)
	at org.apache.ratis.thirdparty.io.netty.channel.nio.NioEventLoop.processSelectedKeysOptimized(NioEventLoop.java:579)
	at org.apache.ratis.thirdparty.io.netty.channel.nio.NioEventLoop.processSelectedKeys(NioEventLoop.java:496)
	at org.apache.ratis.thirdparty.io.netty.channel.nio.NioEventLoop.run(NioEventLoop.java:458)
	at org.apache.ratis.thirdparty.io.netty.util.concurrent.SingleThreadEventExecutor$5.run(SingleThreadEventExecutor.java:897)
	at org.apache.ratis.thirdparty.io.netty.util.concurrent.FastThreadLocalRunnable.run(FastThreadLocalRunnable.java:30)
	... 1 more
Caused by: java.net.ConnectException: Connection refused
	... 11 more
2019-10-14 14:43:12,953 [caa892f0-76ff-4c1e-b30f-b7c59842badc@group-E0B7C1D5C8D3:LeaderElection110] INFO  impl.LeaderElection (LogUtils.java:infoOrTrace(149)) -   Exception 1: {}
java.util.concurrent.ExecutionException: org.apache.ratis.thirdparty.io.grpc.StatusRuntimeException: UNAVAILABLE: io exception
	at java.util.concurrent.FutureTask.report(FutureTask.java:122)
	at java.util.concurrent.FutureTask.get(FutureTask.java:192)
	at org.apache.ratis.server.impl.LeaderElection.waitForResults(LeaderElection.java:263)
	at org.apache.ratis.server.impl.LeaderElection.askForVotes(LeaderElection.java:201)
	at org.apache.ratis.server.impl.LeaderElection.run(LeaderElection.java:133)
	at java.lang.Thread.run(Thread.java:748)
Caused by: org.apache.ratis.thirdparty.io.grpc.StatusRuntimeException: UNAVAILABLE: io exception
	at org.apache.ratis.thirdparty.io.grpc.stub.ClientCalls.toStatusRuntimeException(ClientCalls.java:233)
	at org.apache.ratis.thirdparty.io.grpc.stub.ClientCalls.getUnchecked(ClientCalls.java:214)
	at org.apache.ratis.thirdparty.io.grpc.stub.ClientCalls.blockingUnaryCall(ClientCalls.java:139)
	at org.apache.ratis.proto.grpc.RaftServerProtocolServiceGrpc$RaftServerProtocolServiceBlockingStub.requestVote(RaftServerProtocolServiceGrpc.java:265)
	at org.apache.ratis.grpc.server.GrpcServerProtocolClient.requestVote(GrpcServerProtocolClient.java:90)
	at org.apache.ratis.grpc.server.GrpcService.requestVote(GrpcService.java:204)
	at org.apache.ratis.server.impl.LeaderElection.lambda$submitRequests$1(LeaderElection.java:238)
	at java.util.concurrent.FutureTask.run(FutureTask.java:266)
	at java.util.concurrent.Executors$RunnableAdapter.call(Executors.java:511)
	at java.util.concurrent.FutureTask.run(FutureTask.java:266)
	at java.util.concurrent.ThreadPoolExecutor.runWorker(ThreadPoolExecutor.java:1149)
	at java.util.concurrent.ThreadPoolExecutor$Worker.run(ThreadPoolExecutor.java:624)
	... 1 more
Caused by: org.apache.ratis.thirdparty.io.netty.channel.AbstractChannel$AnnotatedConnectException: Connection refused: /192.168.5.159:45599
	at sun.nio.ch.SocketChannelImpl.checkConnect(Native Method)
	at sun.nio.ch.SocketChannelImpl.finishConnect(SocketChannelImpl.java:717)
	at org.apache.ratis.thirdparty.io.netty.channel.socket.nio.NioSocketChannel.doFinishConnect(NioSocketChannel.java:327)
	at org.apache.ratis.thirdparty.io.netty.channel.nio.AbstractNioChannel$AbstractNioUnsafe.finishConnect(AbstractNioChannel.java:340)
	at org.apache.ratis.thirdparty.io.netty.channel.nio.NioEventLoop.processSelectedKey(NioEventLoop.java:632)
	at org.apache.ratis.thirdparty.io.netty.channel.nio.NioEventLoop.processSelectedKeysOptimized(NioEventLoop.java:579)
	at org.apache.ratis.thirdparty.io.netty.channel.nio.NioEventLoop.processSelectedKeys(NioEventLoop.java:496)
	at org.apache.ratis.thirdparty.io.netty.channel.nio.NioEventLoop.run(NioEventLoop.java:458)
	at org.apache.ratis.thirdparty.io.netty.util.concurrent.SingleThreadEventExecutor$5.run(SingleThreadEventExecutor.java:897)
	at org.apache.ratis.thirdparty.io.netty.util.concurrent.FastThreadLocalRunnable.run(FastThreadLocalRunnable.java:30)
	... 1 more
Caused by: java.net.ConnectException: Connection refused
	... 11 more
2019-10-14 14:43:12,953 [caa892f0-76ff-4c1e-b30f-b7c59842badc@group-E0B7C1D5C8D3:LeaderElection110] INFO  impl.RaftServerImpl (RaftServerImpl.java:setRole(174)) - caa892f0-76ff-4c1e-b30f-b7c59842badc@group-E0B7C1D5C8D3: changes role from CANDIDATE to FOLLOWER at term 38 for DISCOVERED_A_NEW_TERM
2019-10-14 14:43:12,953 [caa892f0-76ff-4c1e-b30f-b7c59842badc@group-E0B7C1D5C8D3:LeaderElection110] INFO  impl.RoleInfo (RoleInfo.java:shutdownLeaderElection(134)) - caa892f0-76ff-4c1e-b30f-b7c59842badc: shutdown LeaderElection
2019-10-14 14:43:12,953 [caa892f0-76ff-4c1e-b30f-b7c59842badc@group-E0B7C1D5C8D3:LeaderElection110] INFO  impl.RoleInfo (RoleInfo.java:updateAndGet(143)) - caa892f0-76ff-4c1e-b30f-b7c59842badc: start FollowerState
2019-10-14 14:43:13,123 [grpc-default-executor-8] WARN  server.GrpcLogAppender (LogUtils.java:warn(134)) - caa892f0-76ff-4c1e-b30f-b7c59842badc@group-026CFA11C8A1->f9748ec4-5d8a-4dfc-8690-85b8cdac3f5d-AppendLogResponseHandler: Failed appendEntries: org.apache.ratis.thirdparty.io.grpc.StatusRuntimeException: UNAVAILABLE: io exception
2019-10-14 14:43:13,123 [grpc-default-executor-3] WARN  server.GrpcLogAppender (LogUtils.java:warn(134)) - caa892f0-76ff-4c1e-b30f-b7c59842badc@group-382452901537->07a15819-e4fc-4072-82ac-b3e77a99d12a-AppendLogResponseHandler: Failed appendEntries: org.apache.ratis.thirdparty.io.grpc.StatusRuntimeException: UNAVAILABLE: io exception
2019-10-14 14:43:13,123 [grpc-default-executor-7] WARN  server.GrpcLogAppender (LogUtils.java:warn(134)) - caa892f0-76ff-4c1e-b30f-b7c59842badc@group-026CFA11C8A1->07a15819-e4fc-4072-82ac-b3e77a99d12a-AppendLogResponseHandler: Failed appendEntries: org.apache.ratis.thirdparty.io.grpc.StatusRuntimeException: UNAVAILABLE: io exception
2019-10-14 14:43:13,123 [grpc-default-executor-0] WARN  server.GrpcLogAppender (LogUtils.java:warn(134)) - caa892f0-76ff-4c1e-b30f-b7c59842badc@group-382452901537->f9748ec4-5d8a-4dfc-8690-85b8cdac3f5d-AppendLogResponseHandler: Failed appendEntries: org.apache.ratis.thirdparty.io.grpc.StatusRuntimeException: UNAVAILABLE: io exception
2019-10-14 14:43:13,123 [grpc-default-executor-7] INFO  impl.FollowerInfo (FollowerInfo.java:lambda$new$0(51)) - caa892f0-76ff-4c1e-b30f-b7c59842badc@group-026CFA11C8A1->07a15819-e4fc-4072-82ac-b3e77a99d12a: nextIndex: updateUnconditionally 0 -> 0
2019-10-14 14:43:13,123 [grpc-default-executor-3] INFO  impl.FollowerInfo (FollowerInfo.java:lambda$new$0(51)) - caa892f0-76ff-4c1e-b30f-b7c59842badc@group-382452901537->07a15819-e4fc-4072-82ac-b3e77a99d12a: nextIndex: updateUnconditionally 0 -> 0
2019-10-14 14:43:13,123 [grpc-default-executor-8] INFO  impl.FollowerInfo (FollowerInfo.java:lambda$new$0(51)) - caa892f0-76ff-4c1e-b30f-b7c59842badc@group-026CFA11C8A1->f9748ec4-5d8a-4dfc-8690-85b8cdac3f5d: nextIndex: updateUnconditionally 0 -> 0
2019-10-14 14:43:13,124 [grpc-default-executor-0] INFO  impl.FollowerInfo (FollowerInfo.java:lambda$new$0(51)) - caa892f0-76ff-4c1e-b30f-b7c59842badc@group-382452901537->f9748ec4-5d8a-4dfc-8690-85b8cdac3f5d: nextIndex: updateUnconditionally 0 -> 0
2019-10-14 14:43:13,213 [Thread-1845] INFO  impl.FollowerState (FollowerState.java:run(106)) - caa892f0-76ff-4c1e-b30f-b7c59842badc:group-EA752D978E74 changes to CANDIDATE, lastRpcTime:1079, electionTimeout:1079ms
2019-10-14 14:43:13,213 [Thread-1845] INFO  impl.RoleInfo (RoleInfo.java:shutdownFollowerState(121)) - caa892f0-76ff-4c1e-b30f-b7c59842badc: shutdown FollowerState
2019-10-14 14:43:13,213 [Thread-1845] INFO  impl.RaftServerImpl (RaftServerImpl.java:setRole(174)) - caa892f0-76ff-4c1e-b30f-b7c59842badc@group-EA752D978E74: changes role from  FOLLOWER to CANDIDATE at term 36 for changeToCandidate
2019-10-14 14:43:13,214 [Thread-1845] INFO  impl.RoleInfo (RoleInfo.java:updateAndGet(143)) - caa892f0-76ff-4c1e-b30f-b7c59842badc: start LeaderElection
2019-10-14 14:43:13,227 [caa892f0-76ff-4c1e-b30f-b7c59842badc@group-EA752D978E74:LeaderElection111] INFO  impl.LeaderElection (LeaderElection.java:askForVotes(182)) - caa892f0-76ff-4c1e-b30f-b7c59842badc@group-EA752D978E74:LeaderElection111: begin an election at term 37 for 0: [07a15819-e4fc-4072-82ac-b3e77a99d12a:192.168.5.159:45599, f9748ec4-5d8a-4dfc-8690-85b8cdac3f5d:192.168.5.159:44598, caa892f0-76ff-4c1e-b30f-b7c59842badc:192.168.5.159:39406], old=null
2019-10-14 14:43:13,230 [caa892f0-76ff-4c1e-b30f-b7c59842badc@group-EA752D978E74:LeaderElection111] INFO  impl.LeaderElection (LogUtils.java:infoOrTrace(149)) - caa892f0-76ff-4c1e-b30f-b7c59842badc@group-EA752D978E74:LeaderElection111 got exception when requesting votes: {}
java.util.concurrent.ExecutionException: org.apache.ratis.thirdparty.io.grpc.StatusRuntimeException: UNAVAILABLE: io exception
	at java.util.concurrent.FutureTask.report(FutureTask.java:122)
	at java.util.concurrent.FutureTask.get(FutureTask.java:192)
	at org.apache.ratis.server.impl.LeaderElection.waitForResults(LeaderElection.java:263)
	at org.apache.ratis.server.impl.LeaderElection.askForVotes(LeaderElection.java:201)
	at org.apache.ratis.server.impl.LeaderElection.run(LeaderElection.java:133)
	at java.lang.Thread.run(Thread.java:748)
Caused by: org.apache.ratis.thirdparty.io.grpc.StatusRuntimeException: UNAVAILABLE: io exception
	at org.apache.ratis.thirdparty.io.grpc.stub.ClientCalls.toStatusRuntimeException(ClientCalls.java:233)
	at org.apache.ratis.thirdparty.io.grpc.stub.ClientCalls.getUnchecked(ClientCalls.java:214)
	at org.apache.ratis.thirdparty.io.grpc.stub.ClientCalls.blockingUnaryCall(ClientCalls.java:139)
	at org.apache.ratis.proto.grpc.RaftServerProtocolServiceGrpc$RaftServerProtocolServiceBlockingStub.requestVote(RaftServerProtocolServiceGrpc.java:265)
	at org.apache.ratis.grpc.server.GrpcServerProtocolClient.requestVote(GrpcServerProtocolClient.java:90)
	at org.apache.ratis.grpc.server.GrpcService.requestVote(GrpcService.java:204)
	at org.apache.ratis.server.impl.LeaderElection.lambda$submitRequests$1(LeaderElection.java:238)
	at java.util.concurrent.FutureTask.run(FutureTask.java:266)
	at java.util.concurrent.Executors$RunnableAdapter.call(Executors.java:511)
	at java.util.concurrent.FutureTask.run(FutureTask.java:266)
	at java.util.concurrent.ThreadPoolExecutor.runWorker(ThreadPoolExecutor.java:1149)
	at java.util.concurrent.ThreadPoolExecutor$Worker.run(ThreadPoolExecutor.java:624)
	... 1 more
Caused by: org.apache.ratis.thirdparty.io.netty.channel.AbstractChannel$AnnotatedConnectException: Connection refused: /192.168.5.159:45599
	at sun.nio.ch.SocketChannelImpl.checkConnect(Native Method)
	at sun.nio.ch.SocketChannelImpl.finishConnect(SocketChannelImpl.java:717)
	at org.apache.ratis.thirdparty.io.netty.channel.socket.nio.NioSocketChannel.doFinishConnect(NioSocketChannel.java:327)
	at org.apache.ratis.thirdparty.io.netty.channel.nio.AbstractNioChannel$AbstractNioUnsafe.finishConnect(AbstractNioChannel.java:340)
	at org.apache.ratis.thirdparty.io.netty.channel.nio.NioEventLoop.processSelectedKey(NioEventLoop.java:632)
	at org.apache.ratis.thirdparty.io.netty.channel.nio.NioEventLoop.processSelectedKeysOptimized(NioEventLoop.java:579)
	at org.apache.ratis.thirdparty.io.netty.channel.nio.NioEventLoop.processSelectedKeys(NioEventLoop.java:496)
	at org.apache.ratis.thirdparty.io.netty.channel.nio.NioEventLoop.run(NioEventLoop.java:458)
	at org.apache.ratis.thirdparty.io.netty.util.concurrent.SingleThreadEventExecutor$5.run(SingleThreadEventExecutor.java:897)
	at org.apache.ratis.thirdparty.io.netty.util.concurrent.FastThreadLocalRunnable.run(FastThreadLocalRunnable.java:30)
	... 1 more
Caused by: java.net.ConnectException: Connection refused
	... 11 more
2019-10-14 14:43:13,230 [caa892f0-76ff-4c1e-b30f-b7c59842badc@group-EA752D978E74:LeaderElection111] INFO  impl.LeaderElection (LogUtils.java:infoOrTrace(149)) - caa892f0-76ff-4c1e-b30f-b7c59842badc@group-EA752D978E74:LeaderElection111 got exception when requesting votes: {}
java.util.concurrent.ExecutionException: org.apache.ratis.thirdparty.io.grpc.StatusRuntimeException: UNAVAILABLE: io exception
	at java.util.concurrent.FutureTask.report(FutureTask.java:122)
	at java.util.concurrent.FutureTask.get(FutureTask.java:192)
	at org.apache.ratis.server.impl.LeaderElection.waitForResults(LeaderElection.java:263)
	at org.apache.ratis.server.impl.LeaderElection.askForVotes(LeaderElection.java:201)
	at org.apache.ratis.server.impl.LeaderElection.run(LeaderElection.java:133)
	at java.lang.Thread.run(Thread.java:748)
Caused by: org.apache.ratis.thirdparty.io.grpc.StatusRuntimeException: UNAVAILABLE: io exception
	at org.apache.ratis.thirdparty.io.grpc.stub.ClientCalls.toStatusRuntimeException(ClientCalls.java:233)
	at org.apache.ratis.thirdparty.io.grpc.stub.ClientCalls.getUnchecked(ClientCalls.java:214)
	at org.apache.ratis.thirdparty.io.grpc.stub.ClientCalls.blockingUnaryCall(ClientCalls.java:139)
	at org.apache.ratis.proto.grpc.RaftServerProtocolServiceGrpc$RaftServerProtocolServiceBlockingStub.requestVote(RaftServerProtocolServiceGrpc.java:265)
	at org.apache.ratis.grpc.server.GrpcServerProtocolClient.requestVote(GrpcServerProtocolClient.java:90)
	at org.apache.ratis.grpc.server.GrpcService.requestVote(GrpcService.java:204)
	at org.apache.ratis.server.impl.LeaderElection.lambda$submitRequests$1(LeaderElection.java:238)
	at java.util.concurrent.FutureTask.run(FutureTask.java:266)
	at java.util.concurrent.Executors$RunnableAdapter.call(Executors.java:511)
	at java.util.concurrent.FutureTask.run(FutureTask.java:266)
	at java.util.concurrent.ThreadPoolExecutor.runWorker(ThreadPoolExecutor.java:1149)
	at java.util.concurrent.ThreadPoolExecutor$Worker.run(ThreadPoolExecutor.java:624)
	... 1 more
Caused by: org.apache.ratis.thirdparty.io.netty.channel.AbstractChannel$AnnotatedConnectException: Connection refused: /192.168.5.159:44598
	at sun.nio.ch.SocketChannelImpl.checkConnect(Native Method)
	at sun.nio.ch.SocketChannelImpl.finishConnect(SocketChannelImpl.java:717)
	at org.apache.ratis.thirdparty.io.netty.channel.socket.nio.NioSocketChannel.doFinishConnect(NioSocketChannel.java:327)
	at org.apache.ratis.thirdparty.io.netty.channel.nio.AbstractNioChannel$AbstractNioUnsafe.finishConnect(AbstractNioChannel.java:340)
	at org.apache.ratis.thirdparty.io.netty.channel.nio.NioEventLoop.processSelectedKey(NioEventLoop.java:632)
	at org.apache.ratis.thirdparty.io.netty.channel.nio.NioEventLoop.processSelectedKeysOptimized(NioEventLoop.java:579)
	at org.apache.ratis.thirdparty.io.netty.channel.nio.NioEventLoop.processSelectedKeys(NioEventLoop.java:496)
	at org.apache.ratis.thirdparty.io.netty.channel.nio.NioEventLoop.run(NioEventLoop.java:458)
	at org.apache.ratis.thirdparty.io.netty.util.concurrent.SingleThreadEventExecutor$5.run(SingleThreadEventExecutor.java:897)
	at org.apache.ratis.thirdparty.io.netty.util.concurrent.FastThreadLocalRunnable.run(FastThreadLocalRunnable.java:30)
	... 1 more
Caused by: java.net.ConnectException: Connection refused
	... 11 more
2019-10-14 14:43:13,231 [caa892f0-76ff-4c1e-b30f-b7c59842badc@group-EA752D978E74:LeaderElection111] INFO  impl.LeaderElection (LeaderElection.java:logAndReturn(56)) - caa892f0-76ff-4c1e-b30f-b7c59842badc@group-EA752D978E74:LeaderElection111: Election REJECTED; received 0 response(s) [] and 2 exception(s); caa892f0-76ff-4c1e-b30f-b7c59842badc@group-EA752D978E74:t37, leader=null, voted=caa892f0-76ff-4c1e-b30f-b7c59842badc, raftlog=caa892f0-76ff-4c1e-b30f-b7c59842badc@group-EA752D978E74-SegmentedRaftLog:OPENED:c16,f16,i16, conf=0: [07a15819-e4fc-4072-82ac-b3e77a99d12a:192.168.5.159:45599, f9748ec4-5d8a-4dfc-8690-85b8cdac3f5d:192.168.5.159:44598, caa892f0-76ff-4c1e-b30f-b7c59842badc:192.168.5.159:39406], old=null
2019-10-14 14:43:13,231 [caa892f0-76ff-4c1e-b30f-b7c59842badc@group-EA752D978E74:LeaderElection111] INFO  impl.LeaderElection (LogUtils.java:infoOrTrace(149)) -   Exception 0: {}
java.util.concurrent.ExecutionException: org.apache.ratis.thirdparty.io.grpc.StatusRuntimeException: UNAVAILABLE: io exception
	at java.util.concurrent.FutureTask.report(FutureTask.java:122)
	at java.util.concurrent.FutureTask.get(FutureTask.java:192)
	at org.apache.ratis.server.impl.LeaderElection.waitForResults(LeaderElection.java:263)
	at org.apache.ratis.server.impl.LeaderElection.askForVotes(LeaderElection.java:201)
	at org.apache.ratis.server.impl.LeaderElection.run(LeaderElection.java:133)
	at java.lang.Thread.run(Thread.java:748)
Caused by: org.apache.ratis.thirdparty.io.grpc.StatusRuntimeException: UNAVAILABLE: io exception
	at org.apache.ratis.thirdparty.io.grpc.stub.ClientCalls.toStatusRuntimeException(ClientCalls.java:233)
	at org.apache.ratis.thirdparty.io.grpc.stub.ClientCalls.getUnchecked(ClientCalls.java:214)
	at org.apache.ratis.thirdparty.io.grpc.stub.ClientCalls.blockingUnaryCall(ClientCalls.java:139)
	at org.apache.ratis.proto.grpc.RaftServerProtocolServiceGrpc$RaftServerProtocolServiceBlockingStub.requestVote(RaftServerProtocolServiceGrpc.java:265)
	at org.apache.ratis.grpc.server.GrpcServerProtocolClient.requestVote(GrpcServerProtocolClient.java:90)
	at org.apache.ratis.grpc.server.GrpcService.requestVote(GrpcService.java:204)
	at org.apache.ratis.server.impl.LeaderElection.lambda$submitRequests$1(LeaderElection.java:238)
	at java.util.concurrent.FutureTask.run(FutureTask.java:266)
	at java.util.concurrent.Executors$RunnableAdapter.call(Executors.java:511)
	at java.util.concurrent.FutureTask.run(FutureTask.java:266)
	at java.util.concurrent.ThreadPoolExecutor.runWorker(ThreadPoolExecutor.java:1149)
	at java.util.concurrent.ThreadPoolExecutor$Worker.run(ThreadPoolExecutor.java:624)
	... 1 more
Caused by: org.apache.ratis.thirdparty.io.netty.channel.AbstractChannel$AnnotatedConnectException: Connection refused: /192.168.5.159:45599
	at sun.nio.ch.SocketChannelImpl.checkConnect(Native Method)
	at sun.nio.ch.SocketChannelImpl.finishConnect(SocketChannelImpl.java:717)
	at org.apache.ratis.thirdparty.io.netty.channel.socket.nio.NioSocketChannel.doFinishConnect(NioSocketChannel.java:327)
	at org.apache.ratis.thirdparty.io.netty.channel.nio.AbstractNioChannel$AbstractNioUnsafe.finishConnect(AbstractNioChannel.java:340)
	at org.apache.ratis.thirdparty.io.netty.channel.nio.NioEventLoop.processSelectedKey(NioEventLoop.java:632)
	at org.apache.ratis.thirdparty.io.netty.channel.nio.NioEventLoop.processSelectedKeysOptimized(NioEventLoop.java:579)
	at org.apache.ratis.thirdparty.io.netty.channel.nio.NioEventLoop.processSelectedKeys(NioEventLoop.java:496)
	at org.apache.ratis.thirdparty.io.netty.channel.nio.NioEventLoop.run(NioEventLoop.java:458)
	at org.apache.ratis.thirdparty.io.netty.util.concurrent.SingleThreadEventExecutor$5.run(SingleThreadEventExecutor.java:897)
	at org.apache.ratis.thirdparty.io.netty.util.concurrent.FastThreadLocalRunnable.run(FastThreadLocalRunnable.java:30)
	... 1 more
Caused by: java.net.ConnectException: Connection refused
	... 11 more
2019-10-14 14:43:13,231 [caa892f0-76ff-4c1e-b30f-b7c59842badc@group-EA752D978E74:LeaderElection111] INFO  impl.LeaderElection (LogUtils.java:infoOrTrace(149)) -   Exception 1: {}
java.util.concurrent.ExecutionException: org.apache.ratis.thirdparty.io.grpc.StatusRuntimeException: UNAVAILABLE: io exception
	at java.util.concurrent.FutureTask.report(FutureTask.java:122)
	at java.util.concurrent.FutureTask.get(FutureTask.java:192)
	at org.apache.ratis.server.impl.LeaderElection.waitForResults(LeaderElection.java:263)
	at org.apache.ratis.server.impl.LeaderElection.askForVotes(LeaderElection.java:201)
	at org.apache.ratis.server.impl.LeaderElection.run(LeaderElection.java:133)
	at java.lang.Thread.run(Thread.java:748)
Caused by: org.apache.ratis.thirdparty.io.grpc.StatusRuntimeException: UNAVAILABLE: io exception
	at org.apache.ratis.thirdparty.io.grpc.stub.ClientCalls.toStatusRuntimeException(ClientCalls.java:233)
	at org.apache.ratis.thirdparty.io.grpc.stub.ClientCalls.getUnchecked(ClientCalls.java:214)
	at org.apache.ratis.thirdparty.io.grpc.stub.ClientCalls.blockingUnaryCall(ClientCalls.java:139)
	at org.apache.ratis.proto.grpc.RaftServerProtocolServiceGrpc$RaftServerProtocolServiceBlockingStub.requestVote(RaftServerProtocolServiceGrpc.java:265)
	at org.apache.ratis.grpc.server.GrpcServerProtocolClient.requestVote(GrpcServerProtocolClient.java:90)
	at org.apache.ratis.grpc.server.GrpcService.requestVote(GrpcService.java:204)
	at org.apache.ratis.server.impl.LeaderElection.lambda$submitRequests$1(LeaderElection.java:238)
	at java.util.concurrent.FutureTask.run(FutureTask.java:266)
	at java.util.concurrent.Executors$RunnableAdapter.call(Executors.java:511)
	at java.util.concurrent.FutureTask.run(FutureTask.java:266)
	at java.util.concurrent.ThreadPoolExecutor.runWorker(ThreadPoolExecutor.java:1149)
	at java.util.concurrent.ThreadPoolExecutor$Worker.run(ThreadPoolExecutor.java:624)
	... 1 more
Caused by: org.apache.ratis.thirdparty.io.netty.channel.AbstractChannel$AnnotatedConnectException: Connection refused: /192.168.5.159:44598
	at sun.nio.ch.SocketChannelImpl.checkConnect(Native Method)
	at sun.nio.ch.SocketChannelImpl.finishConnect(SocketChannelImpl.java:717)
	at org.apache.ratis.thirdparty.io.netty.channel.socket.nio.NioSocketChannel.doFinishConnect(NioSocketChannel.java:327)
	at org.apache.ratis.thirdparty.io.netty.channel.nio.AbstractNioChannel$AbstractNioUnsafe.finishConnect(AbstractNioChannel.java:340)
	at org.apache.ratis.thirdparty.io.netty.channel.nio.NioEventLoop.processSelectedKey(NioEventLoop.java:632)
	at org.apache.ratis.thirdparty.io.netty.channel.nio.NioEventLoop.processSelectedKeysOptimized(NioEventLoop.java:579)
	at org.apache.ratis.thirdparty.io.netty.channel.nio.NioEventLoop.processSelectedKeys(NioEventLoop.java:496)
	at org.apache.ratis.thirdparty.io.netty.channel.nio.NioEventLoop.run(NioEventLoop.java:458)
	at org.apache.ratis.thirdparty.io.netty.util.concurrent.SingleThreadEventExecutor$5.run(SingleThreadEventExecutor.java:897)
	at org.apache.ratis.thirdparty.io.netty.util.concurrent.FastThreadLocalRunnable.run(FastThreadLocalRunnable.java:30)
	... 1 more
Caused by: java.net.ConnectException: Connection refused
	... 11 more
2019-10-14 14:43:13,231 [caa892f0-76ff-4c1e-b30f-b7c59842badc@group-EA752D978E74:LeaderElection111] INFO  impl.RaftServerImpl (RaftServerImpl.java:setRole(174)) - caa892f0-76ff-4c1e-b30f-b7c59842badc@group-EA752D978E74: changes role from CANDIDATE to FOLLOWER at term 37 for DISCOVERED_A_NEW_TERM
2019-10-14 14:43:13,231 [caa892f0-76ff-4c1e-b30f-b7c59842badc@group-EA752D978E74:LeaderElection111] INFO  impl.RoleInfo (RoleInfo.java:shutdownLeaderElection(134)) - caa892f0-76ff-4c1e-b30f-b7c59842badc: shutdown LeaderElection
2019-10-14 14:43:13,231 [caa892f0-76ff-4c1e-b30f-b7c59842badc@group-EA752D978E74:LeaderElection111] INFO  impl.RoleInfo (RoleInfo.java:updateAndGet(143)) - caa892f0-76ff-4c1e-b30f-b7c59842badc: start FollowerState
2019-10-14 14:43:13,623 [grpc-default-executor-3] WARN  server.GrpcLogAppender (LogUtils.java:warn(134)) - caa892f0-76ff-4c1e-b30f-b7c59842badc@group-026CFA11C8A1->07a15819-e4fc-4072-82ac-b3e77a99d12a-AppendLogResponseHandler: Failed appendEntries: org.apache.ratis.thirdparty.io.grpc.StatusRuntimeException: UNAVAILABLE: io exception
2019-10-14 14:43:13,623 [grpc-default-executor-7] WARN  server.GrpcLogAppender (LogUtils.java:warn(134)) - caa892f0-76ff-4c1e-b30f-b7c59842badc@group-382452901537->07a15819-e4fc-4072-82ac-b3e77a99d12a-AppendLogResponseHandler: Failed appendEntries: org.apache.ratis.thirdparty.io.grpc.StatusRuntimeException: UNAVAILABLE: io exception
2019-10-14 14:43:13,623 [grpc-default-executor-0] WARN  server.GrpcLogAppender (LogUtils.java:warn(134)) - caa892f0-76ff-4c1e-b30f-b7c59842badc@group-382452901537->f9748ec4-5d8a-4dfc-8690-85b8cdac3f5d-AppendLogResponseHandler: Failed appendEntries: org.apache.ratis.thirdparty.io.grpc.StatusRuntimeException: UNAVAILABLE: io exception
2019-10-14 14:43:13,623 [grpc-default-executor-8] WARN  server.GrpcLogAppender (LogUtils.java:warn(134)) - caa892f0-76ff-4c1e-b30f-b7c59842badc@group-026CFA11C8A1->f9748ec4-5d8a-4dfc-8690-85b8cdac3f5d-AppendLogResponseHandler: Failed appendEntries: org.apache.ratis.thirdparty.io.grpc.StatusRuntimeException: UNAVAILABLE: io exception
2019-10-14 14:43:13,624 [grpc-default-executor-0] INFO  impl.FollowerInfo (FollowerInfo.java:lambda$new$0(51)) - caa892f0-76ff-4c1e-b30f-b7c59842badc@group-382452901537->f9748ec4-5d8a-4dfc-8690-85b8cdac3f5d: nextIndex: updateUnconditionally 0 -> 0
2019-10-14 14:43:13,624 [grpc-default-executor-7] INFO  impl.FollowerInfo (FollowerInfo.java:lambda$new$0(51)) - caa892f0-76ff-4c1e-b30f-b7c59842badc@group-382452901537->07a15819-e4fc-4072-82ac-b3e77a99d12a: nextIndex: updateUnconditionally 0 -> 0
2019-10-14 14:43:13,623 [grpc-default-executor-3] INFO  impl.FollowerInfo (FollowerInfo.java:lambda$new$0(51)) - caa892f0-76ff-4c1e-b30f-b7c59842badc@group-026CFA11C8A1->07a15819-e4fc-4072-82ac-b3e77a99d12a: nextIndex: updateUnconditionally 0 -> 0
2019-10-14 14:43:13,624 [grpc-default-executor-8] INFO  impl.FollowerInfo (FollowerInfo.java:lambda$new$0(51)) - caa892f0-76ff-4c1e-b30f-b7c59842badc@group-026CFA11C8A1->f9748ec4-5d8a-4dfc-8690-85b8cdac3f5d: nextIndex: updateUnconditionally 0 -> 0
2019-10-14 14:43:14,074 [Thread-1866] INFO  impl.FollowerState (FollowerState.java:run(106)) - caa892f0-76ff-4c1e-b30f-b7c59842badc:group-E0B7C1D5C8D3 changes to CANDIDATE, lastRpcTime:1120, electionTimeout:1120ms
2019-10-14 14:43:14,074 [Thread-1866] INFO  impl.RoleInfo (RoleInfo.java:shutdownFollowerState(121)) - caa892f0-76ff-4c1e-b30f-b7c59842badc: shutdown FollowerState
2019-10-14 14:43:14,076 [Thread-1866] INFO  impl.RaftServerImpl (RaftServerImpl.java:setRole(174)) - caa892f0-76ff-4c1e-b30f-b7c59842badc@group-E0B7C1D5C8D3: changes role from  FOLLOWER to CANDIDATE at term 38 for changeToCandidate
2019-10-14 14:43:14,076 [Thread-1866] INFO  impl.RoleInfo (RoleInfo.java:updateAndGet(143)) - caa892f0-76ff-4c1e-b30f-b7c59842badc: start LeaderElection
2019-10-14 14:43:14,090 [caa892f0-76ff-4c1e-b30f-b7c59842badc@group-E0B7C1D5C8D3:LeaderElection112] INFO  impl.LeaderElection (LeaderElection.java:askForVotes(182)) - caa892f0-76ff-4c1e-b30f-b7c59842badc@group-E0B7C1D5C8D3:LeaderElection112: begin an election at term 39 for 0: [07a15819-e4fc-4072-82ac-b3e77a99d12a:192.168.5.159:45599, f9748ec4-5d8a-4dfc-8690-85b8cdac3f5d:192.168.5.159:44598, caa892f0-76ff-4c1e-b30f-b7c59842badc:192.168.5.159:39406], old=null
2019-10-14 14:43:14,092 [caa892f0-76ff-4c1e-b30f-b7c59842badc@group-E0B7C1D5C8D3:LeaderElection112] INFO  impl.LeaderElection (LogUtils.java:infoOrTrace(149)) - caa892f0-76ff-4c1e-b30f-b7c59842badc@group-E0B7C1D5C8D3:LeaderElection112 got exception when requesting votes: {}
java.util.concurrent.ExecutionException: org.apache.ratis.thirdparty.io.grpc.StatusRuntimeException: UNAVAILABLE: io exception
	at java.util.concurrent.FutureTask.report(FutureTask.java:122)
	at java.util.concurrent.FutureTask.get(FutureTask.java:192)
	at org.apache.ratis.server.impl.LeaderElection.waitForResults(LeaderElection.java:263)
	at org.apache.ratis.server.impl.LeaderElection.askForVotes(LeaderElection.java:201)
	at org.apache.ratis.server.impl.LeaderElection.run(LeaderElection.java:133)
	at java.lang.Thread.run(Thread.java:748)
Caused by: org.apache.ratis.thirdparty.io.grpc.StatusRuntimeException: UNAVAILABLE: io exception
	at org.apache.ratis.thirdparty.io.grpc.stub.ClientCalls.toStatusRuntimeException(ClientCalls.java:233)
	at org.apache.ratis.thirdparty.io.grpc.stub.ClientCalls.getUnchecked(ClientCalls.java:214)
	at org.apache.ratis.thirdparty.io.grpc.stub.ClientCalls.blockingUnaryCall(ClientCalls.java:139)
	at org.apache.ratis.proto.grpc.RaftServerProtocolServiceGrpc$RaftServerProtocolServiceBlockingStub.requestVote(RaftServerProtocolServiceGrpc.java:265)
	at org.apache.ratis.grpc.server.GrpcServerProtocolClient.requestVote(GrpcServerProtocolClient.java:90)
	at org.apache.ratis.grpc.server.GrpcService.requestVote(GrpcService.java:204)
	at org.apache.ratis.server.impl.LeaderElection.lambda$submitRequests$1(LeaderElection.java:238)
	at java.util.concurrent.FutureTask.run(FutureTask.java:266)
	at java.util.concurrent.Executors$RunnableAdapter.call(Executors.java:511)
	at java.util.concurrent.FutureTask.run(FutureTask.java:266)
	at java.util.concurrent.ThreadPoolExecutor.runWorker(ThreadPoolExecutor.java:1149)
	at java.util.concurrent.ThreadPoolExecutor$Worker.run(ThreadPoolExecutor.java:624)
	... 1 more
Caused by: org.apache.ratis.thirdparty.io.netty.channel.AbstractChannel$AnnotatedConnectException: Connection refused: /192.168.5.159:44598
	at sun.nio.ch.SocketChannelImpl.checkConnect(Native Method)
	at sun.nio.ch.SocketChannelImpl.finishConnect(SocketChannelImpl.java:717)
	at org.apache.ratis.thirdparty.io.netty.channel.socket.nio.NioSocketChannel.doFinishConnect(NioSocketChannel.java:327)
	at org.apache.ratis.thirdparty.io.netty.channel.nio.AbstractNioChannel$AbstractNioUnsafe.finishConnect(AbstractNioChannel.java:340)
	at org.apache.ratis.thirdparty.io.netty.channel.nio.NioEventLoop.processSelectedKey(NioEventLoop.java:632)
	at org.apache.ratis.thirdparty.io.netty.channel.nio.NioEventLoop.processSelectedKeysOptimized(NioEventLoop.java:579)
	at org.apache.ratis.thirdparty.io.netty.channel.nio.NioEventLoop.processSelectedKeys(NioEventLoop.java:496)
	at org.apache.ratis.thirdparty.io.netty.channel.nio.NioEventLoop.run(NioEventLoop.java:458)
	at org.apache.ratis.thirdparty.io.netty.util.concurrent.SingleThreadEventExecutor$5.run(SingleThreadEventExecutor.java:897)
	at org.apache.ratis.thirdparty.io.netty.util.concurrent.FastThreadLocalRunnable.run(FastThreadLocalRunnable.java:30)
	... 1 more
Caused by: java.net.ConnectException: Connection refused
	... 11 more
2019-10-14 14:43:14,092 [caa892f0-76ff-4c1e-b30f-b7c59842badc@group-E0B7C1D5C8D3:LeaderElection112] INFO  impl.LeaderElection (LogUtils.java:infoOrTrace(149)) - caa892f0-76ff-4c1e-b30f-b7c59842badc@group-E0B7C1D5C8D3:LeaderElection112 got exception when requesting votes: {}
java.util.concurrent.ExecutionException: org.apache.ratis.thirdparty.io.grpc.StatusRuntimeException: UNAVAILABLE: io exception
	at java.util.concurrent.FutureTask.report(FutureTask.java:122)
	at java.util.concurrent.FutureTask.get(FutureTask.java:192)
	at org.apache.ratis.server.impl.LeaderElection.waitForResults(LeaderElection.java:263)
	at org.apache.ratis.server.impl.LeaderElection.askForVotes(LeaderElection.java:201)
	at org.apache.ratis.server.impl.LeaderElection.run(LeaderElection.java:133)
	at java.lang.Thread.run(Thread.java:748)
Caused by: org.apache.ratis.thirdparty.io.grpc.StatusRuntimeException: UNAVAILABLE: io exception
	at org.apache.ratis.thirdparty.io.grpc.stub.ClientCalls.toStatusRuntimeException(ClientCalls.java:233)
	at org.apache.ratis.thirdparty.io.grpc.stub.ClientCalls.getUnchecked(ClientCalls.java:214)
	at org.apache.ratis.thirdparty.io.grpc.stub.ClientCalls.blockingUnaryCall(ClientCalls.java:139)
	at org.apache.ratis.proto.grpc.RaftServerProtocolServiceGrpc$RaftServerProtocolServiceBlockingStub.requestVote(RaftServerProtocolServiceGrpc.java:265)
	at org.apache.ratis.grpc.server.GrpcServerProtocolClient.requestVote(GrpcServerProtocolClient.java:90)
	at org.apache.ratis.grpc.server.GrpcService.requestVote(GrpcService.java:204)
	at org.apache.ratis.server.impl.LeaderElection.lambda$submitRequests$1(LeaderElection.java:238)
	at java.util.concurrent.FutureTask.run(FutureTask.java:266)
	at java.util.concurrent.Executors$RunnableAdapter.call(Executors.java:511)
	at java.util.concurrent.FutureTask.run(FutureTask.java:266)
	at java.util.concurrent.ThreadPoolExecutor.runWorker(ThreadPoolExecutor.java:1149)
	at java.util.concurrent.ThreadPoolExecutor$Worker.run(ThreadPoolExecutor.java:624)
	... 1 more
Caused by: org.apache.ratis.thirdparty.io.netty.channel.AbstractChannel$AnnotatedConnectException: Connection refused: /192.168.5.159:45599
	at sun.nio.ch.SocketChannelImpl.checkConnect(Native Method)
	at sun.nio.ch.SocketChannelImpl.finishConnect(SocketChannelImpl.java:717)
	at org.apache.ratis.thirdparty.io.netty.channel.socket.nio.NioSocketChannel.doFinishConnect(NioSocketChannel.java:327)
	at org.apache.ratis.thirdparty.io.netty.channel.nio.AbstractNioChannel$AbstractNioUnsafe.finishConnect(AbstractNioChannel.java:340)
	at org.apache.ratis.thirdparty.io.netty.channel.nio.NioEventLoop.processSelectedKey(NioEventLoop.java:632)
	at org.apache.ratis.thirdparty.io.netty.channel.nio.NioEventLoop.processSelectedKeysOptimized(NioEventLoop.java:579)
	at org.apache.ratis.thirdparty.io.netty.channel.nio.NioEventLoop.processSelectedKeys(NioEventLoop.java:496)
	at org.apache.ratis.thirdparty.io.netty.channel.nio.NioEventLoop.run(NioEventLoop.java:458)
	at org.apache.ratis.thirdparty.io.netty.util.concurrent.SingleThreadEventExecutor$5.run(SingleThreadEventExecutor.java:897)
	at org.apache.ratis.thirdparty.io.netty.util.concurrent.FastThreadLocalRunnable.run(FastThreadLocalRunnable.java:30)
	... 1 more
Caused by: java.net.ConnectException: Connection refused
	... 11 more
2019-10-14 14:43:14,093 [caa892f0-76ff-4c1e-b30f-b7c59842badc@group-E0B7C1D5C8D3:LeaderElection112] INFO  impl.LeaderElection (LeaderElection.java:logAndReturn(56)) - caa892f0-76ff-4c1e-b30f-b7c59842badc@group-E0B7C1D5C8D3:LeaderElection112: Election REJECTED; received 0 response(s) [] and 2 exception(s); caa892f0-76ff-4c1e-b30f-b7c59842badc@group-E0B7C1D5C8D3:t39, leader=null, voted=caa892f0-76ff-4c1e-b30f-b7c59842badc, raftlog=caa892f0-76ff-4c1e-b30f-b7c59842badc@group-E0B7C1D5C8D3-SegmentedRaftLog:OPENED:c0,f0,i0, conf=0: [07a15819-e4fc-4072-82ac-b3e77a99d12a:192.168.5.159:45599, f9748ec4-5d8a-4dfc-8690-85b8cdac3f5d:192.168.5.159:44598, caa892f0-76ff-4c1e-b30f-b7c59842badc:192.168.5.159:39406], old=null
2019-10-14 14:43:14,093 [caa892f0-76ff-4c1e-b30f-b7c59842badc@group-E0B7C1D5C8D3:LeaderElection112] INFO  impl.LeaderElection (LogUtils.java:infoOrTrace(149)) -   Exception 0: {}
java.util.concurrent.ExecutionException: org.apache.ratis.thirdparty.io.grpc.StatusRuntimeException: UNAVAILABLE: io exception
	at java.util.concurrent.FutureTask.report(FutureTask.java:122)
	at java.util.concurrent.FutureTask.get(FutureTask.java:192)
	at org.apache.ratis.server.impl.LeaderElection.waitForResults(LeaderElection.java:263)
	at org.apache.ratis.server.impl.LeaderElection.askForVotes(LeaderElection.java:201)
	at org.apache.ratis.server.impl.LeaderElection.run(LeaderElection.java:133)
	at java.lang.Thread.run(Thread.java:748)
Caused by: org.apache.ratis.thirdparty.io.grpc.StatusRuntimeException: UNAVAILABLE: io exception
	at org.apache.ratis.thirdparty.io.grpc.stub.ClientCalls.toStatusRuntimeException(ClientCalls.java:233)
	at org.apache.ratis.thirdparty.io.grpc.stub.ClientCalls.getUnchecked(ClientCalls.java:214)
	at org.apache.ratis.thirdparty.io.grpc.stub.ClientCalls.blockingUnaryCall(ClientCalls.java:139)
	at org.apache.ratis.proto.grpc.RaftServerProtocolServiceGrpc$RaftServerProtocolServiceBlockingStub.requestVote(RaftServerProtocolServiceGrpc.java:265)
	at org.apache.ratis.grpc.server.GrpcServerProtocolClient.requestVote(GrpcServerProtocolClient.java:90)
	at org.apache.ratis.grpc.server.GrpcService.requestVote(GrpcService.java:204)
	at org.apache.ratis.server.impl.LeaderElection.lambda$submitRequests$1(LeaderElection.java:238)
	at java.util.concurrent.FutureTask.run(FutureTask.java:266)
	at java.util.concurrent.Executors$RunnableAdapter.call(Executors.java:511)
	at java.util.concurrent.FutureTask.run(FutureTask.java:266)
	at java.util.concurrent.ThreadPoolExecutor.runWorker(ThreadPoolExecutor.java:1149)
	at java.util.concurrent.ThreadPoolExecutor$Worker.run(ThreadPoolExecutor.java:624)
	... 1 more
Caused by: org.apache.ratis.thirdparty.io.netty.channel.AbstractChannel$AnnotatedConnectException: Connection refused: /192.168.5.159:44598
	at sun.nio.ch.SocketChannelImpl.checkConnect(Native Method)
	at sun.nio.ch.SocketChannelImpl.finishConnect(SocketChannelImpl.java:717)
	at org.apache.ratis.thirdparty.io.netty.channel.socket.nio.NioSocketChannel.doFinishConnect(NioSocketChannel.java:327)
	at org.apache.ratis.thirdparty.io.netty.channel.nio.AbstractNioChannel$AbstractNioUnsafe.finishConnect(AbstractNioChannel.java:340)
	at org.apache.ratis.thirdparty.io.netty.channel.nio.NioEventLoop.processSelectedKey(NioEventLoop.java:632)
	at org.apache.ratis.thirdparty.io.netty.channel.nio.NioEventLoop.processSelectedKeysOptimized(NioEventLoop.java:579)
	at org.apache.ratis.thirdparty.io.netty.channel.nio.NioEventLoop.processSelectedKeys(NioEventLoop.java:496)
	at org.apache.ratis.thirdparty.io.netty.channel.nio.NioEventLoop.run(NioEventLoop.java:458)
	at org.apache.ratis.thirdparty.io.netty.util.concurrent.SingleThreadEventExecutor$5.run(SingleThreadEventExecutor.java:897)
	at org.apache.ratis.thirdparty.io.netty.util.concurrent.FastThreadLocalRunnable.run(FastThreadLocalRunnable.java:30)
	... 1 more
Caused by: java.net.ConnectException: Connection refused
	... 11 more
2019-10-14 14:43:14,093 [caa892f0-76ff-4c1e-b30f-b7c59842badc@group-E0B7C1D5C8D3:LeaderElection112] INFO  impl.LeaderElection (LogUtils.java:infoOrTrace(149)) -   Exception 1: {}
java.util.concurrent.ExecutionException: org.apache.ratis.thirdparty.io.grpc.StatusRuntimeException: UNAVAILABLE: io exception
	at java.util.concurrent.FutureTask.report(FutureTask.java:122)
	at java.util.concurrent.FutureTask.get(FutureTask.java:192)
	at org.apache.ratis.server.impl.LeaderElection.waitForResults(LeaderElection.java:263)
	at org.apache.ratis.server.impl.LeaderElection.askForVotes(LeaderElection.java:201)
	at org.apache.ratis.server.impl.LeaderElection.run(LeaderElection.java:133)
	at java.lang.Thread.run(Thread.java:748)
Caused by: org.apache.ratis.thirdparty.io.grpc.StatusRuntimeException: UNAVAILABLE: io exception
	at org.apache.ratis.thirdparty.io.grpc.stub.ClientCalls.toStatusRuntimeException(ClientCalls.java:233)
	at org.apache.ratis.thirdparty.io.grpc.stub.ClientCalls.getUnchecked(ClientCalls.java:214)
	at org.apache.ratis.thirdparty.io.grpc.stub.ClientCalls.blockingUnaryCall(ClientCalls.java:139)
	at org.apache.ratis.proto.grpc.RaftServerProtocolServiceGrpc$RaftServerProtocolServiceBlockingStub.requestVote(RaftServerProtocolServiceGrpc.java:265)
	at org.apache.ratis.grpc.server.GrpcServerProtocolClient.requestVote(GrpcServerProtocolClient.java:90)
	at org.apache.ratis.grpc.server.GrpcService.requestVote(GrpcService.java:204)
	at org.apache.ratis.server.impl.LeaderElection.lambda$submitRequests$1(LeaderElection.java:238)
	at java.util.concurrent.FutureTask.run(FutureTask.java:266)
	at java.util.concurrent.Executors$RunnableAdapter.call(Executors.java:511)
	at java.util.concurrent.FutureTask.run(FutureTask.java:266)
	at java.util.concurrent.ThreadPoolExecutor.runWorker(ThreadPoolExecutor.java:1149)
	at java.util.concurrent.ThreadPoolExecutor$Worker.run(ThreadPoolExecutor.java:624)
	... 1 more
Caused by: org.apache.ratis.thirdparty.io.netty.channel.AbstractChannel$AnnotatedConnectException: Connection refused: /192.168.5.159:45599
	at sun.nio.ch.SocketChannelImpl.checkConnect(Native Method)
	at sun.nio.ch.SocketChannelImpl.finishConnect(SocketChannelImpl.java:717)
	at org.apache.ratis.thirdparty.io.netty.channel.socket.nio.NioSocketChannel.doFinishConnect(NioSocketChannel.java:327)
	at org.apache.ratis.thirdparty.io.netty.channel.nio.AbstractNioChannel$AbstractNioUnsafe.finishConnect(AbstractNioChannel.java:340)
	at org.apache.ratis.thirdparty.io.netty.channel.nio.NioEventLoop.processSelectedKey(NioEventLoop.java:632)
	at org.apache.ratis.thirdparty.io.netty.channel.nio.NioEventLoop.processSelectedKeysOptimized(NioEventLoop.java:579)
	at org.apache.ratis.thirdparty.io.netty.channel.nio.NioEventLoop.processSelectedKeys(NioEventLoop.java:496)
	at org.apache.ratis.thirdparty.io.netty.channel.nio.NioEventLoop.run(NioEventLoop.java:458)
	at org.apache.ratis.thirdparty.io.netty.util.concurrent.SingleThreadEventExecutor$5.run(SingleThreadEventExecutor.java:897)
	at org.apache.ratis.thirdparty.io.netty.util.concurrent.FastThreadLocalRunnable.run(FastThreadLocalRunnable.java:30)
	... 1 more
Caused by: java.net.ConnectException: Connection refused
	... 11 more
2019-10-14 14:43:14,093 [caa892f0-76ff-4c1e-b30f-b7c59842badc@group-E0B7C1D5C8D3:LeaderElection112] INFO  impl.RaftServerImpl (RaftServerImpl.java:setRole(174)) - caa892f0-76ff-4c1e-b30f-b7c59842badc@group-E0B7C1D5C8D3: changes role from CANDIDATE to FOLLOWER at term 39 for DISCOVERED_A_NEW_TERM
2019-10-14 14:43:14,093 [caa892f0-76ff-4c1e-b30f-b7c59842badc@group-E0B7C1D5C8D3:LeaderElection112] INFO  impl.RoleInfo (RoleInfo.java:shutdownLeaderElection(134)) - caa892f0-76ff-4c1e-b30f-b7c59842badc: shutdown LeaderElection
2019-10-14 14:43:14,093 [caa892f0-76ff-4c1e-b30f-b7c59842badc@group-E0B7C1D5C8D3:LeaderElection112] INFO  impl.RoleInfo (RoleInfo.java:updateAndGet(143)) - caa892f0-76ff-4c1e-b30f-b7c59842badc: start FollowerState
2019-10-14 14:43:14,123 [grpc-default-executor-3] WARN  server.GrpcLogAppender (LogUtils.java:warn(134)) - caa892f0-76ff-4c1e-b30f-b7c59842badc@group-026CFA11C8A1->07a15819-e4fc-4072-82ac-b3e77a99d12a-AppendLogResponseHandler: Failed appendEntries: org.apache.ratis.thirdparty.io.grpc.StatusRuntimeException: UNAVAILABLE: io exception
2019-10-14 14:43:14,123 [grpc-default-executor-8] WARN  server.GrpcLogAppender (LogUtils.java:warn(134)) - caa892f0-76ff-4c1e-b30f-b7c59842badc@group-382452901537->07a15819-e4fc-4072-82ac-b3e77a99d12a-AppendLogResponseHandler: Failed appendEntries: org.apache.ratis.thirdparty.io.grpc.StatusRuntimeException: UNAVAILABLE: io exception
2019-10-14 14:43:14,123 [grpc-default-executor-7] WARN  server.GrpcLogAppender (LogUtils.java:warn(134)) - caa892f0-76ff-4c1e-b30f-b7c59842badc@group-026CFA11C8A1->f9748ec4-5d8a-4dfc-8690-85b8cdac3f5d-AppendLogResponseHandler: Failed appendEntries: org.apache.ratis.thirdparty.io.grpc.StatusRuntimeException: UNAVAILABLE: io exception
2019-10-14 14:43:14,123 [grpc-default-executor-0] WARN  server.GrpcLogAppender (LogUtils.java:warn(134)) - caa892f0-76ff-4c1e-b30f-b7c59842badc@group-382452901537->f9748ec4-5d8a-4dfc-8690-85b8cdac3f5d-AppendLogResponseHandler: Failed appendEntries: org.apache.ratis.thirdparty.io.grpc.StatusRuntimeException: UNAVAILABLE: io exception
2019-10-14 14:43:14,124 [grpc-default-executor-7] INFO  impl.FollowerInfo (FollowerInfo.java:lambda$new$0(51)) - caa892f0-76ff-4c1e-b30f-b7c59842badc@group-026CFA11C8A1->f9748ec4-5d8a-4dfc-8690-85b8cdac3f5d: nextIndex: updateUnconditionally 0 -> 0
2019-10-14 14:43:14,124 [grpc-default-executor-8] INFO  impl.FollowerInfo (FollowerInfo.java:lambda$new$0(51)) - caa892f0-76ff-4c1e-b30f-b7c59842badc@group-382452901537->07a15819-e4fc-4072-82ac-b3e77a99d12a: nextIndex: updateUnconditionally 0 -> 0
2019-10-14 14:43:14,124 [grpc-default-executor-3] INFO  impl.FollowerInfo (FollowerInfo.java:lambda$new$0(51)) - caa892f0-76ff-4c1e-b30f-b7c59842badc@group-026CFA11C8A1->07a15819-e4fc-4072-82ac-b3e77a99d12a: nextIndex: updateUnconditionally 0 -> 0
2019-10-14 14:43:14,124 [grpc-default-executor-0] INFO  impl.FollowerInfo (FollowerInfo.java:lambda$new$0(51)) - caa892f0-76ff-4c1e-b30f-b7c59842badc@group-382452901537->f9748ec4-5d8a-4dfc-8690-85b8cdac3f5d: nextIndex: updateUnconditionally 0 -> 0
2019-10-14 14:43:14,275 [Thread-1878] INFO  impl.FollowerState (FollowerState.java:run(106)) - caa892f0-76ff-4c1e-b30f-b7c59842badc:group-EA752D978E74 changes to CANDIDATE, lastRpcTime:1043, electionTimeout:1043ms
2019-10-14 14:43:14,275 [Thread-1878] INFO  impl.RoleInfo (RoleInfo.java:shutdownFollowerState(121)) - caa892f0-76ff-4c1e-b30f-b7c59842badc: shutdown FollowerState
2019-10-14 14:43:14,275 [Thread-1878] INFO  impl.RaftServerImpl (RaftServerImpl.java:setRole(174)) - caa892f0-76ff-4c1e-b30f-b7c59842badc@group-EA752D978E74: changes role from  FOLLOWER to CANDIDATE at term 37 for changeToCandidate
2019-10-14 14:43:14,275 [Thread-1878] INFO  impl.RoleInfo (RoleInfo.java:updateAndGet(143)) - caa892f0-76ff-4c1e-b30f-b7c59842badc: start LeaderElection
2019-10-14 14:43:14,289 [caa892f0-76ff-4c1e-b30f-b7c59842badc@group-EA752D978E74:LeaderElection113] INFO  impl.LeaderElection (LeaderElection.java:askForVotes(182)) - caa892f0-76ff-4c1e-b30f-b7c59842badc@group-EA752D978E74:LeaderElection113: begin an election at term 38 for 0: [07a15819-e4fc-4072-82ac-b3e77a99d12a:192.168.5.159:45599, f9748ec4-5d8a-4dfc-8690-85b8cdac3f5d:192.168.5.159:44598, caa892f0-76ff-4c1e-b30f-b7c59842badc:192.168.5.159:39406], old=null
2019-10-14 14:43:14,292 [caa892f0-76ff-4c1e-b30f-b7c59842badc@group-EA752D978E74:LeaderElection113] INFO  impl.LeaderElection (LogUtils.java:infoOrTrace(149)) - caa892f0-76ff-4c1e-b30f-b7c59842badc@group-EA752D978E74:LeaderElection113 got exception when requesting votes: {}
java.util.concurrent.ExecutionException: org.apache.ratis.thirdparty.io.grpc.StatusRuntimeException: UNAVAILABLE: io exception
	at java.util.concurrent.FutureTask.report(FutureTask.java:122)
	at java.util.concurrent.FutureTask.get(FutureTask.java:192)
	at org.apache.ratis.server.impl.LeaderElection.waitForResults(LeaderElection.java:263)
	at org.apache.ratis.server.impl.LeaderElection.askForVotes(LeaderElection.java:201)
	at org.apache.ratis.server.impl.LeaderElection.run(LeaderElection.java:133)
	at java.lang.Thread.run(Thread.java:748)
Caused by: org.apache.ratis.thirdparty.io.grpc.StatusRuntimeException: UNAVAILABLE: io exception
	at org.apache.ratis.thirdparty.io.grpc.stub.ClientCalls.toStatusRuntimeException(ClientCalls.java:233)
	at org.apache.ratis.thirdparty.io.grpc.stub.ClientCalls.getUnchecked(ClientCalls.java:214)
	at org.apache.ratis.thirdparty.io.grpc.stub.ClientCalls.blockingUnaryCall(ClientCalls.java:139)
	at org.apache.ratis.proto.grpc.RaftServerProtocolServiceGrpc$RaftServerProtocolServiceBlockingStub.requestVote(RaftServerProtocolServiceGrpc.java:265)
	at org.apache.ratis.grpc.server.GrpcServerProtocolClient.requestVote(GrpcServerProtocolClient.java:90)
	at org.apache.ratis.grpc.server.GrpcService.requestVote(GrpcService.java:204)
	at org.apache.ratis.server.impl.LeaderElection.lambda$submitRequests$1(LeaderElection.java:238)
	at java.util.concurrent.FutureTask.run(FutureTask.java:266)
	at java.util.concurrent.Executors$RunnableAdapter.call(Executors.java:511)
	at java.util.concurrent.FutureTask.run(FutureTask.java:266)
	at java.util.concurrent.ThreadPoolExecutor.runWorker(ThreadPoolExecutor.java:1149)
	at java.util.concurrent.ThreadPoolExecutor$Worker.run(ThreadPoolExecutor.java:624)
	... 1 more
Caused by: org.apache.ratis.thirdparty.io.netty.channel.AbstractChannel$AnnotatedConnectException: Connection refused: /192.168.5.159:45599
	at sun.nio.ch.SocketChannelImpl.checkConnect(Native Method)
	at sun.nio.ch.SocketChannelImpl.finishConnect(SocketChannelImpl.java:717)
	at org.apache.ratis.thirdparty.io.netty.channel.socket.nio.NioSocketChannel.doFinishConnect(NioSocketChannel.java:327)
	at org.apache.ratis.thirdparty.io.netty.channel.nio.AbstractNioChannel$AbstractNioUnsafe.finishConnect(AbstractNioChannel.java:340)
	at org.apache.ratis.thirdparty.io.netty.channel.nio.NioEventLoop.processSelectedKey(NioEventLoop.java:632)
	at org.apache.ratis.thirdparty.io.netty.channel.nio.NioEventLoop.processSelectedKeysOptimized(NioEventLoop.java:579)
	at org.apache.ratis.thirdparty.io.netty.channel.nio.NioEventLoop.processSelectedKeys(NioEventLoop.java:496)
	at org.apache.ratis.thirdparty.io.netty.channel.nio.NioEventLoop.run(NioEventLoop.java:458)
	at org.apache.ratis.thirdparty.io.netty.util.concurrent.SingleThreadEventExecutor$5.run(SingleThreadEventExecutor.java:897)
	at org.apache.ratis.thirdparty.io.netty.util.concurrent.FastThreadLocalRunnable.run(FastThreadLocalRunnable.java:30)
	... 1 more
Caused by: java.net.ConnectException: Connection refused
	... 11 more
2019-10-14 14:43:14,292 [caa892f0-76ff-4c1e-b30f-b7c59842badc@group-EA752D978E74:LeaderElection113] INFO  impl.LeaderElection (LogUtils.java:infoOrTrace(149)) - caa892f0-76ff-4c1e-b30f-b7c59842badc@group-EA752D978E74:LeaderElection113 got exception when requesting votes: {}
java.util.concurrent.ExecutionException: org.apache.ratis.thirdparty.io.grpc.StatusRuntimeException: UNAVAILABLE: io exception
	at java.util.concurrent.FutureTask.report(FutureTask.java:122)
	at java.util.concurrent.FutureTask.get(FutureTask.java:192)
	at org.apache.ratis.server.impl.LeaderElection.waitForResults(LeaderElection.java:263)
	at org.apache.ratis.server.impl.LeaderElection.askForVotes(LeaderElection.java:201)
	at org.apache.ratis.server.impl.LeaderElection.run(LeaderElection.java:133)
	at java.lang.Thread.run(Thread.java:748)
Caused by: org.apache.ratis.thirdparty.io.grpc.StatusRuntimeException: UNAVAILABLE: io exception
	at org.apache.ratis.thirdparty.io.grpc.stub.ClientCalls.toStatusRuntimeException(ClientCalls.java:233)
	at org.apache.ratis.thirdparty.io.grpc.stub.ClientCalls.getUnchecked(ClientCalls.java:214)
	at org.apache.ratis.thirdparty.io.grpc.stub.ClientCalls.blockingUnaryCall(ClientCalls.java:139)
	at org.apache.ratis.proto.grpc.RaftServerProtocolServiceGrpc$RaftServerProtocolServiceBlockingStub.requestVote(RaftServerProtocolServiceGrpc.java:265)
	at org.apache.ratis.grpc.server.GrpcServerProtocolClient.requestVote(GrpcServerProtocolClient.java:90)
	at org.apache.ratis.grpc.server.GrpcService.requestVote(GrpcService.java:204)
	at org.apache.ratis.server.impl.LeaderElection.lambda$submitRequests$1(LeaderElection.java:238)
	at java.util.concurrent.FutureTask.run(FutureTask.java:266)
	at java.util.concurrent.Executors$RunnableAdapter.call(Executors.java:511)
	at java.util.concurrent.FutureTask.run(FutureTask.java:266)
	at java.util.concurrent.ThreadPoolExecutor.runWorker(ThreadPoolExecutor.java:1149)
	at java.util.concurrent.ThreadPoolExecutor$Worker.run(ThreadPoolExecutor.java:624)
	... 1 more
Caused by: org.apache.ratis.thirdparty.io.netty.channel.AbstractChannel$AnnotatedConnectException: Connection refused: /192.168.5.159:44598
	at sun.nio.ch.SocketChannelImpl.checkConnect(Native Method)
	at sun.nio.ch.SocketChannelImpl.finishConnect(SocketChannelImpl.java:717)
	at org.apache.ratis.thirdparty.io.netty.channel.socket.nio.NioSocketChannel.doFinishConnect(NioSocketChannel.java:327)
	at org.apache.ratis.thirdparty.io.netty.channel.nio.AbstractNioChannel$AbstractNioUnsafe.finishConnect(AbstractNioChannel.java:340)
	at org.apache.ratis.thirdparty.io.netty.channel.nio.NioEventLoop.processSelectedKey(NioEventLoop.java:632)
	at org.apache.ratis.thirdparty.io.netty.channel.nio.NioEventLoop.processSelectedKeysOptimized(NioEventLoop.java:579)
	at org.apache.ratis.thirdparty.io.netty.channel.nio.NioEventLoop.processSelectedKeys(NioEventLoop.java:496)
	at org.apache.ratis.thirdparty.io.netty.channel.nio.NioEventLoop.run(NioEventLoop.java:458)
	at org.apache.ratis.thirdparty.io.netty.util.concurrent.SingleThreadEventExecutor$5.run(SingleThreadEventExecutor.java:897)
	at org.apache.ratis.thirdparty.io.netty.util.concurrent.FastThreadLocalRunnable.run(FastThreadLocalRunnable.java:30)
	... 1 more
Caused by: java.net.ConnectException: Connection refused
	... 11 more
2019-10-14 14:43:14,292 [caa892f0-76ff-4c1e-b30f-b7c59842badc@group-EA752D978E74:LeaderElection113] INFO  impl.LeaderElection (LeaderElection.java:logAndReturn(56)) - caa892f0-76ff-4c1e-b30f-b7c59842badc@group-EA752D978E74:LeaderElection113: Election REJECTED; received 0 response(s) [] and 2 exception(s); caa892f0-76ff-4c1e-b30f-b7c59842badc@group-EA752D978E74:t38, leader=null, voted=caa892f0-76ff-4c1e-b30f-b7c59842badc, raftlog=caa892f0-76ff-4c1e-b30f-b7c59842badc@group-EA752D978E74-SegmentedRaftLog:OPENED:c16,f16,i16, conf=0: [07a15819-e4fc-4072-82ac-b3e77a99d12a:192.168.5.159:45599, f9748ec4-5d8a-4dfc-8690-85b8cdac3f5d:192.168.5.159:44598, caa892f0-76ff-4c1e-b30f-b7c59842badc:192.168.5.159:39406], old=null
2019-10-14 14:43:14,292 [caa892f0-76ff-4c1e-b30f-b7c59842badc@group-EA752D978E74:LeaderElection113] INFO  impl.LeaderElection (LogUtils.java:infoOrTrace(149)) -   Exception 0: {}
java.util.concurrent.ExecutionException: org.apache.ratis.thirdparty.io.grpc.StatusRuntimeException: UNAVAILABLE: io exception
	at java.util.concurrent.FutureTask.report(FutureTask.java:122)
	at java.util.concurrent.FutureTask.get(FutureTask.java:192)
	at org.apache.ratis.server.impl.LeaderElection.waitForResults(LeaderElection.java:263)
	at org.apache.ratis.server.impl.LeaderElection.askForVotes(LeaderElection.java:201)
	at org.apache.ratis.server.impl.LeaderElection.run(LeaderElection.java:133)
	at java.lang.Thread.run(Thread.java:748)
Caused by: org.apache.ratis.thirdparty.io.grpc.StatusRuntimeException: UNAVAILABLE: io exception
	at org.apache.ratis.thirdparty.io.grpc.stub.ClientCalls.toStatusRuntimeException(ClientCalls.java:233)
	at org.apache.ratis.thirdparty.io.grpc.stub.ClientCalls.getUnchecked(ClientCalls.java:214)
	at org.apache.ratis.thirdparty.io.grpc.stub.ClientCalls.blockingUnaryCall(ClientCalls.java:139)
	at org.apache.ratis.proto.grpc.RaftServerProtocolServiceGrpc$RaftServerProtocolServiceBlockingStub.requestVote(RaftServerProtocolServiceGrpc.java:265)
	at org.apache.ratis.grpc.server.GrpcServerProtocolClient.requestVote(GrpcServerProtocolClient.java:90)
	at org.apache.ratis.grpc.server.GrpcService.requestVote(GrpcService.java:204)
	at org.apache.ratis.server.impl.LeaderElection.lambda$submitRequests$1(LeaderElection.java:238)
	at java.util.concurrent.FutureTask.run(FutureTask.java:266)
	at java.util.concurrent.Executors$RunnableAdapter.call(Executors.java:511)
	at java.util.concurrent.FutureTask.run(FutureTask.java:266)
	at java.util.concurrent.ThreadPoolExecutor.runWorker(ThreadPoolExecutor.java:1149)
	at java.util.concurrent.ThreadPoolExecutor$Worker.run(ThreadPoolExecutor.java:624)
	... 1 more
Caused by: org.apache.ratis.thirdparty.io.netty.channel.AbstractChannel$AnnotatedConnectException: Connection refused: /192.168.5.159:45599
	at sun.nio.ch.SocketChannelImpl.checkConnect(Native Method)
	at sun.nio.ch.SocketChannelImpl.finishConnect(SocketChannelImpl.java:717)
	at org.apache.ratis.thirdparty.io.netty.channel.socket.nio.NioSocketChannel.doFinishConnect(NioSocketChannel.java:327)
	at org.apache.ratis.thirdparty.io.netty.channel.nio.AbstractNioChannel$AbstractNioUnsafe.finishConnect(AbstractNioChannel.java:340)
	at org.apache.ratis.thirdparty.io.netty.channel.nio.NioEventLoop.processSelectedKey(NioEventLoop.java:632)
	at org.apache.ratis.thirdparty.io.netty.channel.nio.NioEventLoop.processSelectedKeysOptimized(NioEventLoop.java:579)
	at org.apache.ratis.thirdparty.io.netty.channel.nio.NioEventLoop.processSelectedKeys(NioEventLoop.java:496)
	at org.apache.ratis.thirdparty.io.netty.channel.nio.NioEventLoop.run(NioEventLoop.java:458)
	at org.apache.ratis.thirdparty.io.netty.util.concurrent.SingleThreadEventExecutor$5.run(SingleThreadEventExecutor.java:897)
	at org.apache.ratis.thirdparty.io.netty.util.concurrent.FastThreadLocalRunnable.run(FastThreadLocalRunnable.java:30)
	... 1 more
Caused by: java.net.ConnectException: Connection refused
	... 11 more
2019-10-14 14:43:14,293 [caa892f0-76ff-4c1e-b30f-b7c59842badc@group-EA752D978E74:LeaderElection113] INFO  impl.LeaderElection (LogUtils.java:infoOrTrace(149)) -   Exception 1: {}
java.util.concurrent.ExecutionException: org.apache.ratis.thirdparty.io.grpc.StatusRuntimeException: UNAVAILABLE: io exception
	at java.util.concurrent.FutureTask.report(FutureTask.java:122)
	at java.util.concurrent.FutureTask.get(FutureTask.java:192)
	at org.apache.ratis.server.impl.LeaderElection.waitForResults(LeaderElection.java:263)
	at org.apache.ratis.server.impl.LeaderElection.askForVotes(LeaderElection.java:201)
	at org.apache.ratis.server.impl.LeaderElection.run(LeaderElection.java:133)
	at java.lang.Thread.run(Thread.java:748)
Caused by: org.apache.ratis.thirdparty.io.grpc.StatusRuntimeException: UNAVAILABLE: io exception
	at org.apache.ratis.thirdparty.io.grpc.stub.ClientCalls.toStatusRuntimeException(ClientCalls.java:233)
	at org.apache.ratis.thirdparty.io.grpc.stub.ClientCalls.getUnchecked(ClientCalls.java:214)
	at org.apache.ratis.thirdparty.io.grpc.stub.ClientCalls.blockingUnaryCall(ClientCalls.java:139)
	at org.apache.ratis.proto.grpc.RaftServerProtocolServiceGrpc$RaftServerProtocolServiceBlockingStub.requestVote(RaftServerProtocolServiceGrpc.java:265)
	at org.apache.ratis.grpc.server.GrpcServerProtocolClient.requestVote(GrpcServerProtocolClient.java:90)
	at org.apache.ratis.grpc.server.GrpcService.requestVote(GrpcService.java:204)
	at org.apache.ratis.server.impl.LeaderElection.lambda$submitRequests$1(LeaderElection.java:238)
	at java.util.concurrent.FutureTask.run(FutureTask.java:266)
	at java.util.concurrent.Executors$RunnableAdapter.call(Executors.java:511)
	at java.util.concurrent.FutureTask.run(FutureTask.java:266)
	at java.util.concurrent.ThreadPoolExecutor.runWorker(ThreadPoolExecutor.java:1149)
	at java.util.concurrent.ThreadPoolExecutor$Worker.run(ThreadPoolExecutor.java:624)
	... 1 more
Caused by: org.apache.ratis.thirdparty.io.netty.channel.AbstractChannel$AnnotatedConnectException: Connection refused: /192.168.5.159:44598
	at sun.nio.ch.SocketChannelImpl.checkConnect(Native Method)
	at sun.nio.ch.SocketChannelImpl.finishConnect(SocketChannelImpl.java:717)
	at org.apache.ratis.thirdparty.io.netty.channel.socket.nio.NioSocketChannel.doFinishConnect(NioSocketChannel.java:327)
	at org.apache.ratis.thirdparty.io.netty.channel.nio.AbstractNioChannel$AbstractNioUnsafe.finishConnect(AbstractNioChannel.java:340)
	at org.apache.ratis.thirdparty.io.netty.channel.nio.NioEventLoop.processSelectedKey(NioEventLoop.java:632)
	at org.apache.ratis.thirdparty.io.netty.channel.nio.NioEventLoop.processSelectedKeysOptimized(NioEventLoop.java:579)
	at org.apache.ratis.thirdparty.io.netty.channel.nio.NioEventLoop.processSelectedKeys(NioEventLoop.java:496)
	at org.apache.ratis.thirdparty.io.netty.channel.nio.NioEventLoop.run(NioEventLoop.java:458)
	at org.apache.ratis.thirdparty.io.netty.util.concurrent.SingleThreadEventExecutor$5.run(SingleThreadEventExecutor.java:897)
	at org.apache.ratis.thirdparty.io.netty.util.concurrent.FastThreadLocalRunnable.run(FastThreadLocalRunnable.java:30)
	... 1 more
Caused by: java.net.ConnectException: Connection refused
	... 11 more
2019-10-14 14:43:14,293 [caa892f0-76ff-4c1e-b30f-b7c59842badc@group-EA752D978E74:LeaderElection113] INFO  impl.RaftServerImpl (RaftServerImpl.java:setRole(174)) - caa892f0-76ff-4c1e-b30f-b7c59842badc@group-EA752D978E74: changes role from CANDIDATE to FOLLOWER at term 38 for DISCOVERED_A_NEW_TERM
2019-10-14 14:43:14,293 [caa892f0-76ff-4c1e-b30f-b7c59842badc@group-EA752D978E74:LeaderElection113] INFO  impl.RoleInfo (RoleInfo.java:shutdownLeaderElection(134)) - caa892f0-76ff-4c1e-b30f-b7c59842badc: shutdown LeaderElection
2019-10-14 14:43:14,293 [caa892f0-76ff-4c1e-b30f-b7c59842badc@group-EA752D978E74:LeaderElection113] INFO  impl.RoleInfo (RoleInfo.java:updateAndGet(143)) - caa892f0-76ff-4c1e-b30f-b7c59842badc: start FollowerState
2019-10-14 14:43:14,623 [grpc-default-executor-3] WARN  server.GrpcLogAppender (LogUtils.java:warn(134)) - caa892f0-76ff-4c1e-b30f-b7c59842badc@group-026CFA11C8A1->07a15819-e4fc-4072-82ac-b3e77a99d12a-AppendLogResponseHandler: Failed appendEntries: org.apache.ratis.thirdparty.io.grpc.StatusRuntimeException: UNAVAILABLE: io exception
2019-10-14 14:43:14,623 [grpc-default-executor-7] WARN  server.GrpcLogAppender (LogUtils.java:warn(134)) - caa892f0-76ff-4c1e-b30f-b7c59842badc@group-382452901537->07a15819-e4fc-4072-82ac-b3e77a99d12a-AppendLogResponseHandler: Failed appendEntries: org.apache.ratis.thirdparty.io.grpc.StatusRuntimeException: UNAVAILABLE: io exception
2019-10-14 14:43:14,623 [grpc-default-executor-8] WARN  server.GrpcLogAppender (LogUtils.java:warn(134)) - caa892f0-76ff-4c1e-b30f-b7c59842badc@group-382452901537->f9748ec4-5d8a-4dfc-8690-85b8cdac3f5d-AppendLogResponseHandler: Failed appendEntries: org.apache.ratis.thirdparty.io.grpc.StatusRuntimeException: UNAVAILABLE: io exception
2019-10-14 14:43:14,623 [grpc-default-executor-0] WARN  server.GrpcLogAppender (LogUtils.java:warn(134)) - caa892f0-76ff-4c1e-b30f-b7c59842badc@group-026CFA11C8A1->f9748ec4-5d8a-4dfc-8690-85b8cdac3f5d-AppendLogResponseHandler: Failed appendEntries: org.apache.ratis.thirdparty.io.grpc.StatusRuntimeException: UNAVAILABLE: io exception
2019-10-14 14:43:14,624 [grpc-default-executor-8] INFO  impl.FollowerInfo (FollowerInfo.java:lambda$new$0(51)) - caa892f0-76ff-4c1e-b30f-b7c59842badc@group-382452901537->f9748ec4-5d8a-4dfc-8690-85b8cdac3f5d: nextIndex: updateUnconditionally 0 -> 0
2019-10-14 14:43:14,624 [grpc-default-executor-7] INFO  impl.FollowerInfo (FollowerInfo.java:lambda$new$0(51)) - caa892f0-76ff-4c1e-b30f-b7c59842badc@group-382452901537->07a15819-e4fc-4072-82ac-b3e77a99d12a: nextIndex: updateUnconditionally 0 -> 0
2019-10-14 14:43:14,624 [grpc-default-executor-3] INFO  impl.FollowerInfo (FollowerInfo.java:lambda$new$0(51)) - caa892f0-76ff-4c1e-b30f-b7c59842badc@group-026CFA11C8A1->07a15819-e4fc-4072-82ac-b3e77a99d12a: nextIndex: updateUnconditionally 0 -> 0
2019-10-14 14:43:14,624 [grpc-default-executor-0] INFO  impl.FollowerInfo (FollowerInfo.java:lambda$new$0(51)) - caa892f0-76ff-4c1e-b30f-b7c59842badc@group-026CFA11C8A1->f9748ec4-5d8a-4dfc-8690-85b8cdac3f5d: nextIndex: updateUnconditionally 0 -> 0
2019-10-14 14:43:15,125 [grpc-default-executor-8] WARN  server.GrpcLogAppender (LogUtils.java:warn(134)) - caa892f0-76ff-4c1e-b30f-b7c59842badc@group-382452901537->f9748ec4-5d8a-4dfc-8690-85b8cdac3f5d-AppendLogResponseHandler: Failed appendEntries: org.apache.ratis.thirdparty.io.grpc.StatusRuntimeException: UNAVAILABLE: io exception
2019-10-14 14:43:15,125 [grpc-default-executor-12] WARN  server.GrpcLogAppender (LogUtils.java:warn(134)) - caa892f0-76ff-4c1e-b30f-b7c59842badc@group-382452901537->07a15819-e4fc-4072-82ac-b3e77a99d12a-AppendLogResponseHandler: Failed appendEntries: org.apache.ratis.thirdparty.io.grpc.StatusRuntimeException: UNAVAILABLE: io exception
2019-10-14 14:43:15,125 [grpc-default-executor-8] INFO  impl.FollowerInfo (FollowerInfo.java:lambda$new$0(51)) - caa892f0-76ff-4c1e-b30f-b7c59842badc@group-382452901537->f9748ec4-5d8a-4dfc-8690-85b8cdac3f5d: nextIndex: updateUnconditionally 0 -> 0
2019-10-14 14:43:15,125 [grpc-default-executor-3] WARN  server.GrpcLogAppender (LogUtils.java:warn(134)) - caa892f0-76ff-4c1e-b30f-b7c59842badc@group-026CFA11C8A1->07a15819-e4fc-4072-82ac-b3e77a99d12a-AppendLogResponseHandler: Failed appendEntries: org.apache.ratis.thirdparty.io.grpc.StatusRuntimeException: UNAVAILABLE: io exception
2019-10-14 14:43:15,125 [grpc-default-executor-0] WARN  server.GrpcLogAppender (LogUtils.java:warn(134)) - caa892f0-76ff-4c1e-b30f-b7c59842badc@group-026CFA11C8A1->f9748ec4-5d8a-4dfc-8690-85b8cdac3f5d-AppendLogResponseHandler: Failed appendEntries: org.apache.ratis.thirdparty.io.grpc.StatusRuntimeException: UNAVAILABLE: io exception
2019-10-14 14:43:15,126 [grpc-default-executor-0] INFO  impl.FollowerInfo (FollowerInfo.java:lambda$new$0(51)) - caa892f0-76ff-4c1e-b30f-b7c59842badc@group-026CFA11C8A1->f9748ec4-5d8a-4dfc-8690-85b8cdac3f5d: nextIndex: updateUnconditionally 0 -> 0
2019-10-14 14:43:15,126 [grpc-default-executor-3] INFO  impl.FollowerInfo (FollowerInfo.java:lambda$new$0(51)) - caa892f0-76ff-4c1e-b30f-b7c59842badc@group-026CFA11C8A1->07a15819-e4fc-4072-82ac-b3e77a99d12a: nextIndex: updateUnconditionally 0 -> 0
2019-10-14 14:43:15,126 [grpc-default-executor-12] INFO  impl.FollowerInfo (FollowerInfo.java:lambda$new$0(51)) - caa892f0-76ff-4c1e-b30f-b7c59842badc@group-382452901537->07a15819-e4fc-4072-82ac-b3e77a99d12a: nextIndex: updateUnconditionally 0 -> 0
2019-10-14 14:43:15,286 [Thread-1891] INFO  impl.FollowerState (FollowerState.java:run(106)) - caa892f0-76ff-4c1e-b30f-b7c59842badc:group-E0B7C1D5C8D3 changes to CANDIDATE, lastRpcTime:1192, electionTimeout:1192ms
2019-10-14 14:43:15,286 [Thread-1891] INFO  impl.RoleInfo (RoleInfo.java:shutdownFollowerState(121)) - caa892f0-76ff-4c1e-b30f-b7c59842badc: shutdown FollowerState
2019-10-14 14:43:15,286 [Thread-1891] INFO  impl.RaftServerImpl (RaftServerImpl.java:setRole(174)) - caa892f0-76ff-4c1e-b30f-b7c59842badc@group-E0B7C1D5C8D3: changes role from  FOLLOWER to CANDIDATE at term 39 for changeToCandidate
2019-10-14 14:43:15,286 [Thread-1891] INFO  impl.RoleInfo (RoleInfo.java:updateAndGet(143)) - caa892f0-76ff-4c1e-b30f-b7c59842badc: start LeaderElection
2019-10-14 14:43:15,300 [caa892f0-76ff-4c1e-b30f-b7c59842badc@group-E0B7C1D5C8D3:LeaderElection114] INFO  impl.LeaderElection (LeaderElection.java:askForVotes(182)) - caa892f0-76ff-4c1e-b30f-b7c59842badc@group-E0B7C1D5C8D3:LeaderElection114: begin an election at term 40 for 0: [07a15819-e4fc-4072-82ac-b3e77a99d12a:192.168.5.159:45599, f9748ec4-5d8a-4dfc-8690-85b8cdac3f5d:192.168.5.159:44598, caa892f0-76ff-4c1e-b30f-b7c59842badc:192.168.5.159:39406], old=null
2019-10-14 14:43:15,302 [caa892f0-76ff-4c1e-b30f-b7c59842badc@group-E0B7C1D5C8D3:LeaderElection114] INFO  impl.LeaderElection (LogUtils.java:infoOrTrace(149)) - caa892f0-76ff-4c1e-b30f-b7c59842badc@group-E0B7C1D5C8D3:LeaderElection114 got exception when requesting votes: {}
java.util.concurrent.ExecutionException: org.apache.ratis.thirdparty.io.grpc.StatusRuntimeException: UNAVAILABLE: io exception
	at java.util.concurrent.FutureTask.report(FutureTask.java:122)
	at java.util.concurrent.FutureTask.get(FutureTask.java:192)
	at org.apache.ratis.server.impl.LeaderElection.waitForResults(LeaderElection.java:263)
	at org.apache.ratis.server.impl.LeaderElection.askForVotes(LeaderElection.java:201)
	at org.apache.ratis.server.impl.LeaderElection.run(LeaderElection.java:133)
	at java.lang.Thread.run(Thread.java:748)
Caused by: org.apache.ratis.thirdparty.io.grpc.StatusRuntimeException: UNAVAILABLE: io exception
	at org.apache.ratis.thirdparty.io.grpc.stub.ClientCalls.toStatusRuntimeException(ClientCalls.java:233)
	at org.apache.ratis.thirdparty.io.grpc.stub.ClientCalls.getUnchecked(ClientCalls.java:214)
	at org.apache.ratis.thirdparty.io.grpc.stub.ClientCalls.blockingUnaryCall(ClientCalls.java:139)
	at org.apache.ratis.proto.grpc.RaftServerProtocolServiceGrpc$RaftServerProtocolServiceBlockingStub.requestVote(RaftServerProtocolServiceGrpc.java:265)
	at org.apache.ratis.grpc.server.GrpcServerProtocolClient.requestVote(GrpcServerProtocolClient.java:90)
	at org.apache.ratis.grpc.server.GrpcService.requestVote(GrpcService.java:204)
	at org.apache.ratis.server.impl.LeaderElection.lambda$submitRequests$1(LeaderElection.java:238)
	at java.util.concurrent.FutureTask.run(FutureTask.java:266)
	at java.util.concurrent.Executors$RunnableAdapter.call(Executors.java:511)
	at java.util.concurrent.FutureTask.run(FutureTask.java:266)
	at java.util.concurrent.ThreadPoolExecutor.runWorker(ThreadPoolExecutor.java:1149)
	at java.util.concurrent.ThreadPoolExecutor$Worker.run(ThreadPoolExecutor.java:624)
	... 1 more
Caused by: org.apache.ratis.thirdparty.io.netty.channel.AbstractChannel$AnnotatedConnectException: Connection refused: /192.168.5.159:44598
	at sun.nio.ch.SocketChannelImpl.checkConnect(Native Method)
	at sun.nio.ch.SocketChannelImpl.finishConnect(SocketChannelImpl.java:717)
	at org.apache.ratis.thirdparty.io.netty.channel.socket.nio.NioSocketChannel.doFinishConnect(NioSocketChannel.java:327)
	at org.apache.ratis.thirdparty.io.netty.channel.nio.AbstractNioChannel$AbstractNioUnsafe.finishConnect(AbstractNioChannel.java:340)
	at org.apache.ratis.thirdparty.io.netty.channel.nio.NioEventLoop.processSelectedKey(NioEventLoop.java:632)
	at org.apache.ratis.thirdparty.io.netty.channel.nio.NioEventLoop.processSelectedKeysOptimized(NioEventLoop.java:579)
	at org.apache.ratis.thirdparty.io.netty.channel.nio.NioEventLoop.processSelectedKeys(NioEventLoop.java:496)
	at org.apache.ratis.thirdparty.io.netty.channel.nio.NioEventLoop.run(NioEventLoop.java:458)
	at org.apache.ratis.thirdparty.io.netty.util.concurrent.SingleThreadEventExecutor$5.run(SingleThreadEventExecutor.java:897)
	at org.apache.ratis.thirdparty.io.netty.util.concurrent.FastThreadLocalRunnable.run(FastThreadLocalRunnable.java:30)
	... 1 more
Caused by: java.net.ConnectException: Connection refused
	... 11 more
2019-10-14 14:43:15,302 [caa892f0-76ff-4c1e-b30f-b7c59842badc@group-E0B7C1D5C8D3:LeaderElection114] INFO  impl.LeaderElection (LogUtils.java:infoOrTrace(149)) - caa892f0-76ff-4c1e-b30f-b7c59842badc@group-E0B7C1D5C8D3:LeaderElection114 got exception when requesting votes: {}
java.util.concurrent.ExecutionException: org.apache.ratis.thirdparty.io.grpc.StatusRuntimeException: UNAVAILABLE: io exception
	at java.util.concurrent.FutureTask.report(FutureTask.java:122)
	at java.util.concurrent.FutureTask.get(FutureTask.java:192)
	at org.apache.ratis.server.impl.LeaderElection.waitForResults(LeaderElection.java:263)
	at org.apache.ratis.server.impl.LeaderElection.askForVotes(LeaderElection.java:201)
	at org.apache.ratis.server.impl.LeaderElection.run(LeaderElection.java:133)
	at java.lang.Thread.run(Thread.java:748)
Caused by: org.apache.ratis.thirdparty.io.grpc.StatusRuntimeException: UNAVAILABLE: io exception
	at org.apache.ratis.thirdparty.io.grpc.stub.ClientCalls.toStatusRuntimeException(ClientCalls.java:233)
	at org.apache.ratis.thirdparty.io.grpc.stub.ClientCalls.getUnchecked(ClientCalls.java:214)
	at org.apache.ratis.thirdparty.io.grpc.stub.ClientCalls.blockingUnaryCall(ClientCalls.java:139)
	at org.apache.ratis.proto.grpc.RaftServerProtocolServiceGrpc$RaftServerProtocolServiceBlockingStub.requestVote(RaftServerProtocolServiceGrpc.java:265)
	at org.apache.ratis.grpc.server.GrpcServerProtocolClient.requestVote(GrpcServerProtocolClient.java:90)
	at org.apache.ratis.grpc.server.GrpcService.requestVote(GrpcService.java:204)
	at org.apache.ratis.server.impl.LeaderElection.lambda$submitRequests$1(LeaderElection.java:238)
	at java.util.concurrent.FutureTask.run(FutureTask.java:266)
	at java.util.concurrent.Executors$RunnableAdapter.call(Executors.java:511)
	at java.util.concurrent.FutureTask.run(FutureTask.java:266)
	at java.util.concurrent.ThreadPoolExecutor.runWorker(ThreadPoolExecutor.java:1149)
	at java.util.concurrent.ThreadPoolExecutor$Worker.run(ThreadPoolExecutor.java:624)
	... 1 more
Caused by: org.apache.ratis.thirdparty.io.netty.channel.AbstractChannel$AnnotatedConnectException: Connection refused: /192.168.5.159:45599
	at sun.nio.ch.SocketChannelImpl.checkConnect(Native Method)
	at sun.nio.ch.SocketChannelImpl.finishConnect(SocketChannelImpl.java:717)
	at org.apache.ratis.thirdparty.io.netty.channel.socket.nio.NioSocketChannel.doFinishConnect(NioSocketChannel.java:327)
	at org.apache.ratis.thirdparty.io.netty.channel.nio.AbstractNioChannel$AbstractNioUnsafe.finishConnect(AbstractNioChannel.java:340)
	at org.apache.ratis.thirdparty.io.netty.channel.nio.NioEventLoop.processSelectedKey(NioEventLoop.java:632)
	at org.apache.ratis.thirdparty.io.netty.channel.nio.NioEventLoop.processSelectedKeysOptimized(NioEventLoop.java:579)
	at org.apache.ratis.thirdparty.io.netty.channel.nio.NioEventLoop.processSelectedKeys(NioEventLoop.java:496)
	at org.apache.ratis.thirdparty.io.netty.channel.nio.NioEventLoop.run(NioEventLoop.java:458)
	at org.apache.ratis.thirdparty.io.netty.util.concurrent.SingleThreadEventExecutor$5.run(SingleThreadEventExecutor.java:897)
	at org.apache.ratis.thirdparty.io.netty.util.concurrent.FastThreadLocalRunnable.run(FastThreadLocalRunnable.java:30)
	... 1 more
Caused by: java.net.ConnectException: Connection refused
	... 11 more
2019-10-14 14:43:15,303 [caa892f0-76ff-4c1e-b30f-b7c59842badc@group-E0B7C1D5C8D3:LeaderElection114] INFO  impl.LeaderElection (LeaderElection.java:logAndReturn(56)) - caa892f0-76ff-4c1e-b30f-b7c59842badc@group-E0B7C1D5C8D3:LeaderElection114: Election REJECTED; received 0 response(s) [] and 2 exception(s); caa892f0-76ff-4c1e-b30f-b7c59842badc@group-E0B7C1D5C8D3:t40, leader=null, voted=caa892f0-76ff-4c1e-b30f-b7c59842badc, raftlog=caa892f0-76ff-4c1e-b30f-b7c59842badc@group-E0B7C1D5C8D3-SegmentedRaftLog:OPENED:c0,f0,i0, conf=0: [07a15819-e4fc-4072-82ac-b3e77a99d12a:192.168.5.159:45599, f9748ec4-5d8a-4dfc-8690-85b8cdac3f5d:192.168.5.159:44598, caa892f0-76ff-4c1e-b30f-b7c59842badc:192.168.5.159:39406], old=null
2019-10-14 14:43:15,303 [caa892f0-76ff-4c1e-b30f-b7c59842badc@group-E0B7C1D5C8D3:LeaderElection114] INFO  impl.LeaderElection (LogUtils.java:infoOrTrace(149)) -   Exception 0: {}
java.util.concurrent.ExecutionException: org.apache.ratis.thirdparty.io.grpc.StatusRuntimeException: UNAVAILABLE: io exception
	at java.util.concurrent.FutureTask.report(FutureTask.java:122)
	at java.util.concurrent.FutureTask.get(FutureTask.java:192)
	at org.apache.ratis.server.impl.LeaderElection.waitForResults(LeaderElection.java:263)
	at org.apache.ratis.server.impl.LeaderElection.askForVotes(LeaderElection.java:201)
	at org.apache.ratis.server.impl.LeaderElection.run(LeaderElection.java:133)
	at java.lang.Thread.run(Thread.java:748)
Caused by: org.apache.ratis.thirdparty.io.grpc.StatusRuntimeException: UNAVAILABLE: io exception
	at org.apache.ratis.thirdparty.io.grpc.stub.ClientCalls.toStatusRuntimeException(ClientCalls.java:233)
	at org.apache.ratis.thirdparty.io.grpc.stub.ClientCalls.getUnchecked(ClientCalls.java:214)
	at org.apache.ratis.thirdparty.io.grpc.stub.ClientCalls.blockingUnaryCall(ClientCalls.java:139)
	at org.apache.ratis.proto.grpc.RaftServerProtocolServiceGrpc$RaftServerProtocolServiceBlockingStub.requestVote(RaftServerProtocolServiceGrpc.java:265)
	at org.apache.ratis.grpc.server.GrpcServerProtocolClient.requestVote(GrpcServerProtocolClient.java:90)
	at org.apache.ratis.grpc.server.GrpcService.requestVote(GrpcService.java:204)
	at org.apache.ratis.server.impl.LeaderElection.lambda$submitRequests$1(LeaderElection.java:238)
	at java.util.concurrent.FutureTask.run(FutureTask.java:266)
	at java.util.concurrent.Executors$RunnableAdapter.call(Executors.java:511)
	at java.util.concurrent.FutureTask.run(FutureTask.java:266)
	at java.util.concurrent.ThreadPoolExecutor.runWorker(ThreadPoolExecutor.java:1149)
	at java.util.concurrent.ThreadPoolExecutor$Worker.run(ThreadPoolExecutor.java:624)
	... 1 more
Caused by: org.apache.ratis.thirdparty.io.netty.channel.AbstractChannel$AnnotatedConnectException: Connection refused: /192.168.5.159:44598
	at sun.nio.ch.SocketChannelImpl.checkConnect(Native Method)
	at sun.nio.ch.SocketChannelImpl.finishConnect(SocketChannelImpl.java:717)
	at org.apache.ratis.thirdparty.io.netty.channel.socket.nio.NioSocketChannel.doFinishConnect(NioSocketChannel.java:327)
	at org.apache.ratis.thirdparty.io.netty.channel.nio.AbstractNioChannel$AbstractNioUnsafe.finishConnect(AbstractNioChannel.java:340)
	at org.apache.ratis.thirdparty.io.netty.channel.nio.NioEventLoop.processSelectedKey(NioEventLoop.java:632)
	at org.apache.ratis.thirdparty.io.netty.channel.nio.NioEventLoop.processSelectedKeysOptimized(NioEventLoop.java:579)
	at org.apache.ratis.thirdparty.io.netty.channel.nio.NioEventLoop.processSelectedKeys(NioEventLoop.java:496)
	at org.apache.ratis.thirdparty.io.netty.channel.nio.NioEventLoop.run(NioEventLoop.java:458)
	at org.apache.ratis.thirdparty.io.netty.util.concurrent.SingleThreadEventExecutor$5.run(SingleThreadEventExecutor.java:897)
	at org.apache.ratis.thirdparty.io.netty.util.concurrent.FastThreadLocalRunnable.run(FastThreadLocalRunnable.java:30)
	... 1 more
Caused by: java.net.ConnectException: Connection refused
	... 11 more
2019-10-14 14:43:15,303 [caa892f0-76ff-4c1e-b30f-b7c59842badc@group-E0B7C1D5C8D3:LeaderElection114] INFO  impl.LeaderElection (LogUtils.java:infoOrTrace(149)) -   Exception 1: {}
java.util.concurrent.ExecutionException: org.apache.ratis.thirdparty.io.grpc.StatusRuntimeException: UNAVAILABLE: io exception
	at java.util.concurrent.FutureTask.report(FutureTask.java:122)
	at java.util.concurrent.FutureTask.get(FutureTask.java:192)
	at org.apache.ratis.server.impl.LeaderElection.waitForResults(LeaderElection.java:263)
	at org.apache.ratis.server.impl.LeaderElection.askForVotes(LeaderElection.java:201)
	at org.apache.ratis.server.impl.LeaderElection.run(LeaderElection.java:133)
	at java.lang.Thread.run(Thread.java:748)
Caused by: org.apache.ratis.thirdparty.io.grpc.StatusRuntimeException: UNAVAILABLE: io exception
	at org.apache.ratis.thirdparty.io.grpc.stub.ClientCalls.toStatusRuntimeException(ClientCalls.java:233)
	at org.apache.ratis.thirdparty.io.grpc.stub.ClientCalls.getUnchecked(ClientCalls.java:214)
	at org.apache.ratis.thirdparty.io.grpc.stub.ClientCalls.blockingUnaryCall(ClientCalls.java:139)
	at org.apache.ratis.proto.grpc.RaftServerProtocolServiceGrpc$RaftServerProtocolServiceBlockingStub.requestVote(RaftServerProtocolServiceGrpc.java:265)
	at org.apache.ratis.grpc.server.GrpcServerProtocolClient.requestVote(GrpcServerProtocolClient.java:90)
	at org.apache.ratis.grpc.server.GrpcService.requestVote(GrpcService.java:204)
	at org.apache.ratis.server.impl.LeaderElection.lambda$submitRequests$1(LeaderElection.java:238)
	at java.util.concurrent.FutureTask.run(FutureTask.java:266)
	at java.util.concurrent.Executors$RunnableAdapter.call(Executors.java:511)
	at java.util.concurrent.FutureTask.run(FutureTask.java:266)
	at java.util.concurrent.ThreadPoolExecutor.runWorker(ThreadPoolExecutor.java:1149)
	at java.util.concurrent.ThreadPoolExecutor$Worker.run(ThreadPoolExecutor.java:624)
	... 1 more
Caused by: org.apache.ratis.thirdparty.io.netty.channel.AbstractChannel$AnnotatedConnectException: Connection refused: /192.168.5.159:45599
	at sun.nio.ch.SocketChannelImpl.checkConnect(Native Method)
	at sun.nio.ch.SocketChannelImpl.finishConnect(SocketChannelImpl.java:717)
	at org.apache.ratis.thirdparty.io.netty.channel.socket.nio.NioSocketChannel.doFinishConnect(NioSocketChannel.java:327)
	at org.apache.ratis.thirdparty.io.netty.channel.nio.AbstractNioChannel$AbstractNioUnsafe.finishConnect(AbstractNioChannel.java:340)
	at org.apache.ratis.thirdparty.io.netty.channel.nio.NioEventLoop.processSelectedKey(NioEventLoop.java:632)
	at org.apache.ratis.thirdparty.io.netty.channel.nio.NioEventLoop.processSelectedKeysOptimized(NioEventLoop.java:579)
	at org.apache.ratis.thirdparty.io.netty.channel.nio.NioEventLoop.processSelectedKeys(NioEventLoop.java:496)
	at org.apache.ratis.thirdparty.io.netty.channel.nio.NioEventLoop.run(NioEventLoop.java:458)
	at org.apache.ratis.thirdparty.io.netty.util.concurrent.SingleThreadEventExecutor$5.run(SingleThreadEventExecutor.java:897)
	at org.apache.ratis.thirdparty.io.netty.util.concurrent.FastThreadLocalRunnable.run(FastThreadLocalRunnable.java:30)
	... 1 more
Caused by: java.net.ConnectException: Connection refused
	... 11 more
2019-10-14 14:43:15,303 [caa892f0-76ff-4c1e-b30f-b7c59842badc@group-E0B7C1D5C8D3:LeaderElection114] INFO  impl.RaftServerImpl (RaftServerImpl.java:setRole(174)) - caa892f0-76ff-4c1e-b30f-b7c59842badc@group-E0B7C1D5C8D3: changes role from CANDIDATE to FOLLOWER at term 40 for DISCOVERED_A_NEW_TERM
2019-10-14 14:43:15,303 [caa892f0-76ff-4c1e-b30f-b7c59842badc@group-E0B7C1D5C8D3:LeaderElection114] INFO  impl.RoleInfo (RoleInfo.java:shutdownLeaderElection(134)) - caa892f0-76ff-4c1e-b30f-b7c59842badc: shutdown LeaderElection
2019-10-14 14:43:15,303 [caa892f0-76ff-4c1e-b30f-b7c59842badc@group-E0B7C1D5C8D3:LeaderElection114] INFO  impl.RoleInfo (RoleInfo.java:updateAndGet(143)) - caa892f0-76ff-4c1e-b30f-b7c59842badc: start FollowerState
2019-10-14 14:43:15,449 [Thread-1903] INFO  impl.FollowerState (FollowerState.java:run(106)) - caa892f0-76ff-4c1e-b30f-b7c59842badc:group-EA752D978E74 changes to CANDIDATE, lastRpcTime:1155, electionTimeout:1155ms
2019-10-14 14:43:15,449 [Thread-1903] INFO  impl.RoleInfo (RoleInfo.java:shutdownFollowerState(121)) - caa892f0-76ff-4c1e-b30f-b7c59842badc: shutdown FollowerState
2019-10-14 14:43:15,449 [Thread-1903] INFO  impl.RaftServerImpl (RaftServerImpl.java:setRole(174)) - caa892f0-76ff-4c1e-b30f-b7c59842badc@group-EA752D978E74: changes role from  FOLLOWER to CANDIDATE at term 38 for changeToCandidate
2019-10-14 14:43:15,449 [Thread-1903] INFO  impl.RoleInfo (RoleInfo.java:updateAndGet(143)) - caa892f0-76ff-4c1e-b30f-b7c59842badc: start LeaderElection
2019-10-14 14:43:15,464 [caa892f0-76ff-4c1e-b30f-b7c59842badc@group-EA752D978E74:LeaderElection115] INFO  impl.LeaderElection (LeaderElection.java:askForVotes(182)) - caa892f0-76ff-4c1e-b30f-b7c59842badc@group-EA752D978E74:LeaderElection115: begin an election at term 39 for 0: [07a15819-e4fc-4072-82ac-b3e77a99d12a:192.168.5.159:45599, f9748ec4-5d8a-4dfc-8690-85b8cdac3f5d:192.168.5.159:44598, caa892f0-76ff-4c1e-b30f-b7c59842badc:192.168.5.159:39406], old=null
2019-10-14 14:43:15,465 [caa892f0-76ff-4c1e-b30f-b7c59842badc@group-EA752D978E74:LeaderElection115] INFO  impl.LeaderElection (LogUtils.java:infoOrTrace(149)) - caa892f0-76ff-4c1e-b30f-b7c59842badc@group-EA752D978E74:LeaderElection115 got exception when requesting votes: {}
java.util.concurrent.ExecutionException: org.apache.ratis.thirdparty.io.grpc.StatusRuntimeException: UNAVAILABLE: io exception
	at java.util.concurrent.FutureTask.report(FutureTask.java:122)
	at java.util.concurrent.FutureTask.get(FutureTask.java:192)
	at org.apache.ratis.server.impl.LeaderElection.waitForResults(LeaderElection.java:263)
	at org.apache.ratis.server.impl.LeaderElection.askForVotes(LeaderElection.java:201)
	at org.apache.ratis.server.impl.LeaderElection.run(LeaderElection.java:133)
	at java.lang.Thread.run(Thread.java:748)
Caused by: org.apache.ratis.thirdparty.io.grpc.StatusRuntimeException: UNAVAILABLE: io exception
	at org.apache.ratis.thirdparty.io.grpc.stub.ClientCalls.toStatusRuntimeException(ClientCalls.java:233)
	at org.apache.ratis.thirdparty.io.grpc.stub.ClientCalls.getUnchecked(ClientCalls.java:214)
	at org.apache.ratis.thirdparty.io.grpc.stub.ClientCalls.blockingUnaryCall(ClientCalls.java:139)
	at org.apache.ratis.proto.grpc.RaftServerProtocolServiceGrpc$RaftServerProtocolServiceBlockingStub.requestVote(RaftServerProtocolServiceGrpc.java:265)
	at org.apache.ratis.grpc.server.GrpcServerProtocolClient.requestVote(GrpcServerProtocolClient.java:90)
	at org.apache.ratis.grpc.server.GrpcService.requestVote(GrpcService.java:204)
	at org.apache.ratis.server.impl.LeaderElection.lambda$submitRequests$1(LeaderElection.java:238)
	at java.util.concurrent.FutureTask.run(FutureTask.java:266)
	at java.util.concurrent.Executors$RunnableAdapter.call(Executors.java:511)
	at java.util.concurrent.FutureTask.run(FutureTask.java:266)
	at java.util.concurrent.ThreadPoolExecutor.runWorker(ThreadPoolExecutor.java:1149)
	at java.util.concurrent.ThreadPoolExecutor$Worker.run(ThreadPoolExecutor.java:624)
	... 1 more
Caused by: org.apache.ratis.thirdparty.io.netty.channel.AbstractChannel$AnnotatedConnectException: Connection refused: /192.168.5.159:45599
	at sun.nio.ch.SocketChannelImpl.checkConnect(Native Method)
	at sun.nio.ch.SocketChannelImpl.finishConnect(SocketChannelImpl.java:717)
	at org.apache.ratis.thirdparty.io.netty.channel.socket.nio.NioSocketChannel.doFinishConnect(NioSocketChannel.java:327)
	at org.apache.ratis.thirdparty.io.netty.channel.nio.AbstractNioChannel$AbstractNioUnsafe.finishConnect(AbstractNioChannel.java:340)
	at org.apache.ratis.thirdparty.io.netty.channel.nio.NioEventLoop.processSelectedKey(NioEventLoop.java:632)
	at org.apache.ratis.thirdparty.io.netty.channel.nio.NioEventLoop.processSelectedKeysOptimized(NioEventLoop.java:579)
	at org.apache.ratis.thirdparty.io.netty.channel.nio.NioEventLoop.processSelectedKeys(NioEventLoop.java:496)
	at org.apache.ratis.thirdparty.io.netty.channel.nio.NioEventLoop.run(NioEventLoop.java:458)
	at org.apache.ratis.thirdparty.io.netty.util.concurrent.SingleThreadEventExecutor$5.run(SingleThreadEventExecutor.java:897)
	at org.apache.ratis.thirdparty.io.netty.util.concurrent.FastThreadLocalRunnable.run(FastThreadLocalRunnable.java:30)
	... 1 more
Caused by: java.net.ConnectException: Connection refused
	... 11 more
2019-10-14 14:43:15,465 [caa892f0-76ff-4c1e-b30f-b7c59842badc@group-EA752D978E74:LeaderElection115] INFO  impl.LeaderElection (LogUtils.java:infoOrTrace(149)) - caa892f0-76ff-4c1e-b30f-b7c59842badc@group-EA752D978E74:LeaderElection115 got exception when requesting votes: {}
java.util.concurrent.ExecutionException: org.apache.ratis.thirdparty.io.grpc.StatusRuntimeException: UNAVAILABLE: io exception
	at java.util.concurrent.FutureTask.report(FutureTask.java:122)
	at java.util.concurrent.FutureTask.get(FutureTask.java:192)
	at org.apache.ratis.server.impl.LeaderElection.waitForResults(LeaderElection.java:263)
	at org.apache.ratis.server.impl.LeaderElection.askForVotes(LeaderElection.java:201)
	at org.apache.ratis.server.impl.LeaderElection.run(LeaderElection.java:133)
	at java.lang.Thread.run(Thread.java:748)
Caused by: org.apache.ratis.thirdparty.io.grpc.StatusRuntimeException: UNAVAILABLE: io exception
	at org.apache.ratis.thirdparty.io.grpc.stub.ClientCalls.toStatusRuntimeException(ClientCalls.java:233)
	at org.apache.ratis.thirdparty.io.grpc.stub.ClientCalls.getUnchecked(ClientCalls.java:214)
	at org.apache.ratis.thirdparty.io.grpc.stub.ClientCalls.blockingUnaryCall(ClientCalls.java:139)
	at org.apache.ratis.proto.grpc.RaftServerProtocolServiceGrpc$RaftServerProtocolServiceBlockingStub.requestVote(RaftServerProtocolServiceGrpc.java:265)
	at org.apache.ratis.grpc.server.GrpcServerProtocolClient.requestVote(GrpcServerProtocolClient.java:90)
	at org.apache.ratis.grpc.server.GrpcService.requestVote(GrpcService.java:204)
	at org.apache.ratis.server.impl.LeaderElection.lambda$submitRequests$1(LeaderElection.java:238)
	at java.util.concurrent.FutureTask.run(FutureTask.java:266)
	at java.util.concurrent.Executors$RunnableAdapter.call(Executors.java:511)
	at java.util.concurrent.FutureTask.run(FutureTask.java:266)
	at java.util.concurrent.ThreadPoolExecutor.runWorker(ThreadPoolExecutor.java:1149)
	at java.util.concurrent.ThreadPoolExecutor$Worker.run(ThreadPoolExecutor.java:624)
	... 1 more
Caused by: org.apache.ratis.thirdparty.io.netty.channel.AbstractChannel$AnnotatedConnectException: Connection refused: /192.168.5.159:44598
	at sun.nio.ch.SocketChannelImpl.checkConnect(Native Method)
	at sun.nio.ch.SocketChannelImpl.finishConnect(SocketChannelImpl.java:717)
	at org.apache.ratis.thirdparty.io.netty.channel.socket.nio.NioSocketChannel.doFinishConnect(NioSocketChannel.java:327)
	at org.apache.ratis.thirdparty.io.netty.channel.nio.AbstractNioChannel$AbstractNioUnsafe.finishConnect(AbstractNioChannel.java:340)
	at org.apache.ratis.thirdparty.io.netty.channel.nio.NioEventLoop.processSelectedKey(NioEventLoop.java:632)
	at org.apache.ratis.thirdparty.io.netty.channel.nio.NioEventLoop.processSelectedKeysOptimized(NioEventLoop.java:579)
	at org.apache.ratis.thirdparty.io.netty.channel.nio.NioEventLoop.processSelectedKeys(NioEventLoop.java:496)
	at org.apache.ratis.thirdparty.io.netty.channel.nio.NioEventLoop.run(NioEventLoop.java:458)
	at org.apache.ratis.thirdparty.io.netty.util.concurrent.SingleThreadEventExecutor$5.run(SingleThreadEventExecutor.java:897)
	at org.apache.ratis.thirdparty.io.netty.util.concurrent.FastThreadLocalRunnable.run(FastThreadLocalRunnable.java:30)
	... 1 more
Caused by: java.net.ConnectException: Connection refused
	... 11 more
2019-10-14 14:43:15,466 [caa892f0-76ff-4c1e-b30f-b7c59842badc@group-EA752D978E74:LeaderElection115] INFO  impl.LeaderElection (LeaderElection.java:logAndReturn(56)) - caa892f0-76ff-4c1e-b30f-b7c59842badc@group-EA752D978E74:LeaderElection115: Election REJECTED; received 0 response(s) [] and 2 exception(s); caa892f0-76ff-4c1e-b30f-b7c59842badc@group-EA752D978E74:t39, leader=null, voted=caa892f0-76ff-4c1e-b30f-b7c59842badc, raftlog=caa892f0-76ff-4c1e-b30f-b7c59842badc@group-EA752D978E74-SegmentedRaftLog:OPENED:c16,f16,i16, conf=0: [07a15819-e4fc-4072-82ac-b3e77a99d12a:192.168.5.159:45599, f9748ec4-5d8a-4dfc-8690-85b8cdac3f5d:192.168.5.159:44598, caa892f0-76ff-4c1e-b30f-b7c59842badc:192.168.5.159:39406], old=null
2019-10-14 14:43:15,466 [caa892f0-76ff-4c1e-b30f-b7c59842badc@group-EA752D978E74:LeaderElection115] INFO  impl.LeaderElection (LogUtils.java:infoOrTrace(149)) -   Exception 0: {}
java.util.concurrent.ExecutionException: org.apache.ratis.thirdparty.io.grpc.StatusRuntimeException: UNAVAILABLE: io exception
	at java.util.concurrent.FutureTask.report(FutureTask.java:122)
	at java.util.concurrent.FutureTask.get(FutureTask.java:192)
	at org.apache.ratis.server.impl.LeaderElection.waitForResults(LeaderElection.java:263)
	at org.apache.ratis.server.impl.LeaderElection.askForVotes(LeaderElection.java:201)
	at org.apache.ratis.server.impl.LeaderElection.run(LeaderElection.java:133)
	at java.lang.Thread.run(Thread.java:748)
Caused by: org.apache.ratis.thirdparty.io.grpc.StatusRuntimeException: UNAVAILABLE: io exception
	at org.apache.ratis.thirdparty.io.grpc.stub.ClientCalls.toStatusRuntimeException(ClientCalls.java:233)
	at org.apache.ratis.thirdparty.io.grpc.stub.ClientCalls.getUnchecked(ClientCalls.java:214)
	at org.apache.ratis.thirdparty.io.grpc.stub.ClientCalls.blockingUnaryCall(ClientCalls.java:139)
	at org.apache.ratis.proto.grpc.RaftServerProtocolServiceGrpc$RaftServerProtocolServiceBlockingStub.requestVote(RaftServerProtocolServiceGrpc.java:265)
	at org.apache.ratis.grpc.server.GrpcServerProtocolClient.requestVote(GrpcServerProtocolClient.java:90)
	at org.apache.ratis.grpc.server.GrpcService.requestVote(GrpcService.java:204)
	at org.apache.ratis.server.impl.LeaderElection.lambda$submitRequests$1(LeaderElection.java:238)
	at java.util.concurrent.FutureTask.run(FutureTask.java:266)
	at java.util.concurrent.Executors$RunnableAdapter.call(Executors.java:511)
	at java.util.concurrent.FutureTask.run(FutureTask.java:266)
	at java.util.concurrent.ThreadPoolExecutor.runWorker(ThreadPoolExecutor.java:1149)
	at java.util.concurrent.ThreadPoolExecutor$Worker.run(ThreadPoolExecutor.java:624)
	... 1 more
Caused by: org.apache.ratis.thirdparty.io.netty.channel.AbstractChannel$AnnotatedConnectException: Connection refused: /192.168.5.159:45599
	at sun.nio.ch.SocketChannelImpl.checkConnect(Native Method)
	at sun.nio.ch.SocketChannelImpl.finishConnect(SocketChannelImpl.java:717)
	at org.apache.ratis.thirdparty.io.netty.channel.socket.nio.NioSocketChannel.doFinishConnect(NioSocketChannel.java:327)
	at org.apache.ratis.thirdparty.io.netty.channel.nio.AbstractNioChannel$AbstractNioUnsafe.finishConnect(AbstractNioChannel.java:340)
	at org.apache.ratis.thirdparty.io.netty.channel.nio.NioEventLoop.processSelectedKey(NioEventLoop.java:632)
	at org.apache.ratis.thirdparty.io.netty.channel.nio.NioEventLoop.processSelectedKeysOptimized(NioEventLoop.java:579)
	at org.apache.ratis.thirdparty.io.netty.channel.nio.NioEventLoop.processSelectedKeys(NioEventLoop.java:496)
	at org.apache.ratis.thirdparty.io.netty.channel.nio.NioEventLoop.run(NioEventLoop.java:458)
	at org.apache.ratis.thirdparty.io.netty.util.concurrent.SingleThreadEventExecutor$5.run(SingleThreadEventExecutor.java:897)
	at org.apache.ratis.thirdparty.io.netty.util.concurrent.FastThreadLocalRunnable.run(FastThreadLocalRunnable.java:30)
	... 1 more
Caused by: java.net.ConnectException: Connection refused
	... 11 more
2019-10-14 14:43:15,466 [caa892f0-76ff-4c1e-b30f-b7c59842badc@group-EA752D978E74:LeaderElection115] INFO  impl.LeaderElection (LogUtils.java:infoOrTrace(149)) -   Exception 1: {}
java.util.concurrent.ExecutionException: org.apache.ratis.thirdparty.io.grpc.StatusRuntimeException: UNAVAILABLE: io exception
	at java.util.concurrent.FutureTask.report(FutureTask.java:122)
	at java.util.concurrent.FutureTask.get(FutureTask.java:192)
	at org.apache.ratis.server.impl.LeaderElection.waitForResults(LeaderElection.java:263)
	at org.apache.ratis.server.impl.LeaderElection.askForVotes(LeaderElection.java:201)
	at org.apache.ratis.server.impl.LeaderElection.run(LeaderElection.java:133)
	at java.lang.Thread.run(Thread.java:748)
Caused by: org.apache.ratis.thirdparty.io.grpc.StatusRuntimeException: UNAVAILABLE: io exception
	at org.apache.ratis.thirdparty.io.grpc.stub.ClientCalls.toStatusRuntimeException(ClientCalls.java:233)
	at org.apache.ratis.thirdparty.io.grpc.stub.ClientCalls.getUnchecked(ClientCalls.java:214)
	at org.apache.ratis.thirdparty.io.grpc.stub.ClientCalls.blockingUnaryCall(ClientCalls.java:139)
	at org.apache.ratis.proto.grpc.RaftServerProtocolServiceGrpc$RaftServerProtocolServiceBlockingStub.requestVote(RaftServerProtocolServiceGrpc.java:265)
	at org.apache.ratis.grpc.server.GrpcServerProtocolClient.requestVote(GrpcServerProtocolClient.java:90)
	at org.apache.ratis.grpc.server.GrpcService.requestVote(GrpcService.java:204)
	at org.apache.ratis.server.impl.LeaderElection.lambda$submitRequests$1(LeaderElection.java:238)
	at java.util.concurrent.FutureTask.run(FutureTask.java:266)
	at java.util.concurrent.Executors$RunnableAdapter.call(Executors.java:511)
	at java.util.concurrent.FutureTask.run(FutureTask.java:266)
	at java.util.concurrent.ThreadPoolExecutor.runWorker(ThreadPoolExecutor.java:1149)
	at java.util.concurrent.ThreadPoolExecutor$Worker.run(ThreadPoolExecutor.java:624)
	... 1 more
Caused by: org.apache.ratis.thirdparty.io.netty.channel.AbstractChannel$AnnotatedConnectException: Connection refused: /192.168.5.159:44598
	at sun.nio.ch.SocketChannelImpl.checkConnect(Native Method)
	at sun.nio.ch.SocketChannelImpl.finishConnect(SocketChannelImpl.java:717)
	at org.apache.ratis.thirdparty.io.netty.channel.socket.nio.NioSocketChannel.doFinishConnect(NioSocketChannel.java:327)
	at org.apache.ratis.thirdparty.io.netty.channel.nio.AbstractNioChannel$AbstractNioUnsafe.finishConnect(AbstractNioChannel.java:340)
	at org.apache.ratis.thirdparty.io.netty.channel.nio.NioEventLoop.processSelectedKey(NioEventLoop.java:632)
	at org.apache.ratis.thirdparty.io.netty.channel.nio.NioEventLoop.processSelectedKeysOptimized(NioEventLoop.java:579)
	at org.apache.ratis.thirdparty.io.netty.channel.nio.NioEventLoop.processSelectedKeys(NioEventLoop.java:496)
	at org.apache.ratis.thirdparty.io.netty.channel.nio.NioEventLoop.run(NioEventLoop.java:458)
	at org.apache.ratis.thirdparty.io.netty.util.concurrent.SingleThreadEventExecutor$5.run(SingleThreadEventExecutor.java:897)
	at org.apache.ratis.thirdparty.io.netty.util.concurrent.FastThreadLocalRunnable.run(FastThreadLocalRunnable.java:30)
	... 1 more
Caused by: java.net.ConnectException: Connection refused
	... 11 more
2019-10-14 14:43:15,467 [caa892f0-76ff-4c1e-b30f-b7c59842badc@group-EA752D978E74:LeaderElection115] INFO  impl.RaftServerImpl (RaftServerImpl.java:setRole(174)) - caa892f0-76ff-4c1e-b30f-b7c59842badc@group-EA752D978E74: changes role from CANDIDATE to FOLLOWER at term 39 for DISCOVERED_A_NEW_TERM
2019-10-14 14:43:15,467 [caa892f0-76ff-4c1e-b30f-b7c59842badc@group-EA752D978E74:LeaderElection115] INFO  impl.RoleInfo (RoleInfo.java:shutdownLeaderElection(134)) - caa892f0-76ff-4c1e-b30f-b7c59842badc: shutdown LeaderElection
2019-10-14 14:43:15,467 [caa892f0-76ff-4c1e-b30f-b7c59842badc@group-EA752D978E74:LeaderElection115] INFO  impl.RoleInfo (RoleInfo.java:updateAndGet(143)) - caa892f0-76ff-4c1e-b30f-b7c59842badc: start FollowerState
2019-10-14 14:43:15,624 [grpc-default-executor-0] WARN  server.GrpcLogAppender (LogUtils.java:warn(134)) - caa892f0-76ff-4c1e-b30f-b7c59842badc@group-026CFA11C8A1->07a15819-e4fc-4072-82ac-b3e77a99d12a-AppendLogResponseHandler: Failed appendEntries: org.apache.ratis.thirdparty.io.grpc.StatusRuntimeException: UNAVAILABLE: io exception
2019-10-14 14:43:15,624 [grpc-default-executor-8] WARN  server.GrpcLogAppender (LogUtils.java:warn(134)) - caa892f0-76ff-4c1e-b30f-b7c59842badc@group-382452901537->f9748ec4-5d8a-4dfc-8690-85b8cdac3f5d-AppendLogResponseHandler: Failed appendEntries: org.apache.ratis.thirdparty.io.grpc.StatusRuntimeException: UNAVAILABLE: io exception
2019-10-14 14:43:15,624 [grpc-default-executor-12] WARN  server.GrpcLogAppender (LogUtils.java:warn(134)) - caa892f0-76ff-4c1e-b30f-b7c59842badc@group-026CFA11C8A1->f9748ec4-5d8a-4dfc-8690-85b8cdac3f5d-AppendLogResponseHandler: Failed appendEntries: org.apache.ratis.thirdparty.io.grpc.StatusRuntimeException: UNAVAILABLE: io exception
2019-10-14 14:43:15,624 [grpc-default-executor-3] WARN  server.GrpcLogAppender (LogUtils.java:warn(134)) - caa892f0-76ff-4c1e-b30f-b7c59842badc@group-382452901537->07a15819-e4fc-4072-82ac-b3e77a99d12a-AppendLogResponseHandler: Failed appendEntries: org.apache.ratis.thirdparty.io.grpc.StatusRuntimeException: UNAVAILABLE: io exception
2019-10-14 14:43:15,625 [grpc-default-executor-12] INFO  impl.FollowerInfo (FollowerInfo.java:lambda$new$0(51)) - caa892f0-76ff-4c1e-b30f-b7c59842badc@group-026CFA11C8A1->f9748ec4-5d8a-4dfc-8690-85b8cdac3f5d: nextIndex: updateUnconditionally 0 -> 0
2019-10-14 14:43:15,625 [grpc-default-executor-8] INFO  impl.FollowerInfo (FollowerInfo.java:lambda$new$0(51)) - caa892f0-76ff-4c1e-b30f-b7c59842badc@group-382452901537->f9748ec4-5d8a-4dfc-8690-85b8cdac3f5d: nextIndex: updateUnconditionally 0 -> 0
2019-10-14 14:43:15,625 [grpc-default-executor-0] INFO  impl.FollowerInfo (FollowerInfo.java:lambda$new$0(51)) - caa892f0-76ff-4c1e-b30f-b7c59842badc@group-026CFA11C8A1->07a15819-e4fc-4072-82ac-b3e77a99d12a: nextIndex: updateUnconditionally 0 -> 0
2019-10-14 14:43:15,625 [grpc-default-executor-3] INFO  impl.FollowerInfo (FollowerInfo.java:lambda$new$0(51)) - caa892f0-76ff-4c1e-b30f-b7c59842badc@group-382452901537->07a15819-e4fc-4072-82ac-b3e77a99d12a: nextIndex: updateUnconditionally 0 -> 0
2019-10-14 14:43:16,127 [grpc-default-executor-9] WARN  server.GrpcLogAppender (LogUtils.java:warn(134)) - caa892f0-76ff-4c1e-b30f-b7c59842badc@group-382452901537->f9748ec4-5d8a-4dfc-8690-85b8cdac3f5d-AppendLogResponseHandler: Failed appendEntries: org.apache.ratis.thirdparty.io.grpc.StatusRuntimeException: UNAVAILABLE: io exception
2019-10-14 14:43:16,127 [grpc-default-executor-8] WARN  server.GrpcLogAppender (LogUtils.java:warn(134)) - caa892f0-76ff-4c1e-b30f-b7c59842badc@group-026CFA11C8A1->07a15819-e4fc-4072-82ac-b3e77a99d12a-AppendLogResponseHandler: Failed appendEntries: org.apache.ratis.thirdparty.io.grpc.StatusRuntimeException: UNAVAILABLE: io exception
2019-10-14 14:43:16,127 [grpc-default-executor-5] WARN  server.GrpcLogAppender (LogUtils.java:warn(134)) - caa892f0-76ff-4c1e-b30f-b7c59842badc@group-026CFA11C8A1->f9748ec4-5d8a-4dfc-8690-85b8cdac3f5d-AppendLogResponseHandler: Failed appendEntries: org.apache.ratis.thirdparty.io.grpc.StatusRuntimeException: UNAVAILABLE: io exception
2019-10-14 14:43:16,128 [grpc-default-executor-8] INFO  impl.FollowerInfo (FollowerInfo.java:lambda$new$0(51)) - caa892f0-76ff-4c1e-b30f-b7c59842badc@group-026CFA11C8A1->07a15819-e4fc-4072-82ac-b3e77a99d12a: nextIndex: updateUnconditionally 0 -> 0
2019-10-14 14:43:16,128 [grpc-default-executor-9] INFO  impl.FollowerInfo (FollowerInfo.java:lambda$new$0(51)) - caa892f0-76ff-4c1e-b30f-b7c59842badc@group-382452901537->f9748ec4-5d8a-4dfc-8690-85b8cdac3f5d: nextIndex: updateUnconditionally 0 -> 0
2019-10-14 14:43:16,128 [grpc-default-executor-5] INFO  impl.FollowerInfo (FollowerInfo.java:lambda$new$0(51)) - caa892f0-76ff-4c1e-b30f-b7c59842badc@group-026CFA11C8A1->f9748ec4-5d8a-4dfc-8690-85b8cdac3f5d: nextIndex: updateUnconditionally 0 -> 0
2019-10-14 14:43:16,131 [grpc-default-executor-5] WARN  server.GrpcLogAppender (LogUtils.java:warn(134)) - caa892f0-76ff-4c1e-b30f-b7c59842badc@group-382452901537->07a15819-e4fc-4072-82ac-b3e77a99d12a-AppendLogResponseHandler: Failed appendEntries: org.apache.ratis.thirdparty.io.grpc.StatusRuntimeException: UNAVAILABLE: io exception
2019-10-14 14:43:16,131 [grpc-default-executor-5] INFO  impl.FollowerInfo (FollowerInfo.java:lambda$new$0(51)) - caa892f0-76ff-4c1e-b30f-b7c59842badc@group-382452901537->07a15819-e4fc-4072-82ac-b3e77a99d12a: nextIndex: updateUnconditionally 0 -> 0
2019-10-14 14:43:16,403 [Thread-1923] INFO  impl.FollowerState (FollowerState.java:run(106)) - caa892f0-76ff-4c1e-b30f-b7c59842badc:group-E0B7C1D5C8D3 changes to CANDIDATE, lastRpcTime:1099, electionTimeout:1099ms
2019-10-14 14:43:16,403 [Thread-1923] INFO  impl.RoleInfo (RoleInfo.java:shutdownFollowerState(121)) - caa892f0-76ff-4c1e-b30f-b7c59842badc: shutdown FollowerState
2019-10-14 14:43:16,403 [Thread-1923] INFO  impl.RaftServerImpl (RaftServerImpl.java:setRole(174)) - caa892f0-76ff-4c1e-b30f-b7c59842badc@group-E0B7C1D5C8D3: changes role from  FOLLOWER to CANDIDATE at term 40 for changeToCandidate
2019-10-14 14:43:16,403 [Thread-1923] INFO  impl.RoleInfo (RoleInfo.java:updateAndGet(143)) - caa892f0-76ff-4c1e-b30f-b7c59842badc: start LeaderElection
2019-10-14 14:43:16,417 [caa892f0-76ff-4c1e-b30f-b7c59842badc@group-E0B7C1D5C8D3:LeaderElection116] INFO  impl.LeaderElection (LeaderElection.java:askForVotes(182)) - caa892f0-76ff-4c1e-b30f-b7c59842badc@group-E0B7C1D5C8D3:LeaderElection116: begin an election at term 41 for 0: [07a15819-e4fc-4072-82ac-b3e77a99d12a:192.168.5.159:45599, f9748ec4-5d8a-4dfc-8690-85b8cdac3f5d:192.168.5.159:44598, caa892f0-76ff-4c1e-b30f-b7c59842badc:192.168.5.159:39406], old=null
2019-10-14 14:43:16,420 [caa892f0-76ff-4c1e-b30f-b7c59842badc@group-E0B7C1D5C8D3:LeaderElection116] INFO  impl.LeaderElection (LogUtils.java:infoOrTrace(149)) - caa892f0-76ff-4c1e-b30f-b7c59842badc@group-E0B7C1D5C8D3:LeaderElection116 got exception when requesting votes: {}
java.util.concurrent.ExecutionException: org.apache.ratis.thirdparty.io.grpc.StatusRuntimeException: UNAVAILABLE: io exception
	at java.util.concurrent.FutureTask.report(FutureTask.java:122)
	at java.util.concurrent.FutureTask.get(FutureTask.java:192)
	at org.apache.ratis.server.impl.LeaderElection.waitForResults(LeaderElection.java:263)
	at org.apache.ratis.server.impl.LeaderElection.askForVotes(LeaderElection.java:201)
	at org.apache.ratis.server.impl.LeaderElection.run(LeaderElection.java:133)
	at java.lang.Thread.run(Thread.java:748)
Caused by: org.apache.ratis.thirdparty.io.grpc.StatusRuntimeException: UNAVAILABLE: io exception
	at org.apache.ratis.thirdparty.io.grpc.stub.ClientCalls.toStatusRuntimeException(ClientCalls.java:233)
	at org.apache.ratis.thirdparty.io.grpc.stub.ClientCalls.getUnchecked(ClientCalls.java:214)
	at org.apache.ratis.thirdparty.io.grpc.stub.ClientCalls.blockingUnaryCall(ClientCalls.java:139)
	at org.apache.ratis.proto.grpc.RaftServerProtocolServiceGrpc$RaftServerProtocolServiceBlockingStub.requestVote(RaftServerProtocolServiceGrpc.java:265)
	at org.apache.ratis.grpc.server.GrpcServerProtocolClient.requestVote(GrpcServerProtocolClient.java:90)
	at org.apache.ratis.grpc.server.GrpcService.requestVote(GrpcService.java:204)
	at org.apache.ratis.server.impl.LeaderElection.lambda$submitRequests$1(LeaderElection.java:238)
	at java.util.concurrent.FutureTask.run(FutureTask.java:266)
	at java.util.concurrent.Executors$RunnableAdapter.call(Executors.java:511)
	at java.util.concurrent.FutureTask.run(FutureTask.java:266)
	at java.util.concurrent.ThreadPoolExecutor.runWorker(ThreadPoolExecutor.java:1149)
	at java.util.concurrent.ThreadPoolExecutor$Worker.run(ThreadPoolExecutor.java:624)
	... 1 more
Caused by: org.apache.ratis.thirdparty.io.netty.channel.AbstractChannel$AnnotatedConnectException: Connection refused: /192.168.5.159:45599
	at sun.nio.ch.SocketChannelImpl.checkConnect(Native Method)
	at sun.nio.ch.SocketChannelImpl.finishConnect(SocketChannelImpl.java:717)
	at org.apache.ratis.thirdparty.io.netty.channel.socket.nio.NioSocketChannel.doFinishConnect(NioSocketChannel.java:327)
	at org.apache.ratis.thirdparty.io.netty.channel.nio.AbstractNioChannel$AbstractNioUnsafe.finishConnect(AbstractNioChannel.java:340)
	at org.apache.ratis.thirdparty.io.netty.channel.nio.NioEventLoop.processSelectedKey(NioEventLoop.java:632)
	at org.apache.ratis.thirdparty.io.netty.channel.nio.NioEventLoop.processSelectedKeysOptimized(NioEventLoop.java:579)
	at org.apache.ratis.thirdparty.io.netty.channel.nio.NioEventLoop.processSelectedKeys(NioEventLoop.java:496)
	at org.apache.ratis.thirdparty.io.netty.channel.nio.NioEventLoop.run(NioEventLoop.java:458)
	at org.apache.ratis.thirdparty.io.netty.util.concurrent.SingleThreadEventExecutor$5.run(SingleThreadEventExecutor.java:897)
	at org.apache.ratis.thirdparty.io.netty.util.concurrent.FastThreadLocalRunnable.run(FastThreadLocalRunnable.java:30)
	... 1 more
Caused by: java.net.ConnectException: Connection refused
	... 11 more
2019-10-14 14:43:16,420 [caa892f0-76ff-4c1e-b30f-b7c59842badc@group-E0B7C1D5C8D3:LeaderElection116] INFO  impl.LeaderElection (LogUtils.java:infoOrTrace(149)) - caa892f0-76ff-4c1e-b30f-b7c59842badc@group-E0B7C1D5C8D3:LeaderElection116 got exception when requesting votes: {}
java.util.concurrent.ExecutionException: org.apache.ratis.thirdparty.io.grpc.StatusRuntimeException: UNAVAILABLE: io exception
	at java.util.concurrent.FutureTask.report(FutureTask.java:122)
	at java.util.concurrent.FutureTask.get(FutureTask.java:192)
	at org.apache.ratis.server.impl.LeaderElection.waitForResults(LeaderElection.java:263)
	at org.apache.ratis.server.impl.LeaderElection.askForVotes(LeaderElection.java:201)
	at org.apache.ratis.server.impl.LeaderElection.run(LeaderElection.java:133)
	at java.lang.Thread.run(Thread.java:748)
Caused by: org.apache.ratis.thirdparty.io.grpc.StatusRuntimeException: UNAVAILABLE: io exception
	at org.apache.ratis.thirdparty.io.grpc.stub.ClientCalls.toStatusRuntimeException(ClientCalls.java:233)
	at org.apache.ratis.thirdparty.io.grpc.stub.ClientCalls.getUnchecked(ClientCalls.java:214)
	at org.apache.ratis.thirdparty.io.grpc.stub.ClientCalls.blockingUnaryCall(ClientCalls.java:139)
	at org.apache.ratis.proto.grpc.RaftServerProtocolServiceGrpc$RaftServerProtocolServiceBlockingStub.requestVote(RaftServerProtocolServiceGrpc.java:265)
	at org.apache.ratis.grpc.server.GrpcServerProtocolClient.requestVote(GrpcServerProtocolClient.java:90)
	at org.apache.ratis.grpc.server.GrpcService.requestVote(GrpcService.java:204)
	at org.apache.ratis.server.impl.LeaderElection.lambda$submitRequests$1(LeaderElection.java:238)
	at java.util.concurrent.FutureTask.run(FutureTask.java:266)
	at java.util.concurrent.Executors$RunnableAdapter.call(Executors.java:511)
	at java.util.concurrent.FutureTask.run(FutureTask.java:266)
	at java.util.concurrent.ThreadPoolExecutor.runWorker(ThreadPoolExecutor.java:1149)
	at java.util.concurrent.ThreadPoolExecutor$Worker.run(ThreadPoolExecutor.java:624)
	... 1 more
Caused by: org.apache.ratis.thirdparty.io.netty.channel.AbstractChannel$AnnotatedConnectException: Connection refused: /192.168.5.159:44598
	at sun.nio.ch.SocketChannelImpl.checkConnect(Native Method)
	at sun.nio.ch.SocketChannelImpl.finishConnect(SocketChannelImpl.java:717)
	at org.apache.ratis.thirdparty.io.netty.channel.socket.nio.NioSocketChannel.doFinishConnect(NioSocketChannel.java:327)
	at org.apache.ratis.thirdparty.io.netty.channel.nio.AbstractNioChannel$AbstractNioUnsafe.finishConnect(AbstractNioChannel.java:340)
	at org.apache.ratis.thirdparty.io.netty.channel.nio.NioEventLoop.processSelectedKey(NioEventLoop.java:632)
	at org.apache.ratis.thirdparty.io.netty.channel.nio.NioEventLoop.processSelectedKeysOptimized(NioEventLoop.java:579)
	at org.apache.ratis.thirdparty.io.netty.channel.nio.NioEventLoop.processSelectedKeys(NioEventLoop.java:496)
	at org.apache.ratis.thirdparty.io.netty.channel.nio.NioEventLoop.run(NioEventLoop.java:458)
	at org.apache.ratis.thirdparty.io.netty.util.concurrent.SingleThreadEventExecutor$5.run(SingleThreadEventExecutor.java:897)
	at org.apache.ratis.thirdparty.io.netty.util.concurrent.FastThreadLocalRunnable.run(FastThreadLocalRunnable.java:30)
	... 1 more
Caused by: java.net.ConnectException: Connection refused
	... 11 more
2019-10-14 14:43:16,421 [caa892f0-76ff-4c1e-b30f-b7c59842badc@group-E0B7C1D5C8D3:LeaderElection116] INFO  impl.LeaderElection (LeaderElection.java:logAndReturn(56)) - caa892f0-76ff-4c1e-b30f-b7c59842badc@group-E0B7C1D5C8D3:LeaderElection116: Election REJECTED; received 0 response(s) [] and 2 exception(s); caa892f0-76ff-4c1e-b30f-b7c59842badc@group-E0B7C1D5C8D3:t41, leader=null, voted=caa892f0-76ff-4c1e-b30f-b7c59842badc, raftlog=caa892f0-76ff-4c1e-b30f-b7c59842badc@group-E0B7C1D5C8D3-SegmentedRaftLog:OPENED:c0,f0,i0, conf=0: [07a15819-e4fc-4072-82ac-b3e77a99d12a:192.168.5.159:45599, f9748ec4-5d8a-4dfc-8690-85b8cdac3f5d:192.168.5.159:44598, caa892f0-76ff-4c1e-b30f-b7c59842badc:192.168.5.159:39406], old=null
2019-10-14 14:43:16,421 [caa892f0-76ff-4c1e-b30f-b7c59842badc@group-E0B7C1D5C8D3:LeaderElection116] INFO  impl.LeaderElection (LogUtils.java:infoOrTrace(149)) -   Exception 0: {}
java.util.concurrent.ExecutionException: org.apache.ratis.thirdparty.io.grpc.StatusRuntimeException: UNAVAILABLE: io exception
	at java.util.concurrent.FutureTask.report(FutureTask.java:122)
	at java.util.concurrent.FutureTask.get(FutureTask.java:192)
	at org.apache.ratis.server.impl.LeaderElection.waitForResults(LeaderElection.java:263)
	at org.apache.ratis.server.impl.LeaderElection.askForVotes(LeaderElection.java:201)
	at org.apache.ratis.server.impl.LeaderElection.run(LeaderElection.java:133)
	at java.lang.Thread.run(Thread.java:748)
Caused by: org.apache.ratis.thirdparty.io.grpc.StatusRuntimeException: UNAVAILABLE: io exception
	at org.apache.ratis.thirdparty.io.grpc.stub.ClientCalls.toStatusRuntimeException(ClientCalls.java:233)
	at org.apache.ratis.thirdparty.io.grpc.stub.ClientCalls.getUnchecked(ClientCalls.java:214)
	at org.apache.ratis.thirdparty.io.grpc.stub.ClientCalls.blockingUnaryCall(ClientCalls.java:139)
	at org.apache.ratis.proto.grpc.RaftServerProtocolServiceGrpc$RaftServerProtocolServiceBlockingStub.requestVote(RaftServerProtocolServiceGrpc.java:265)
	at org.apache.ratis.grpc.server.GrpcServerProtocolClient.requestVote(GrpcServerProtocolClient.java:90)
	at org.apache.ratis.grpc.server.GrpcService.requestVote(GrpcService.java:204)
	at org.apache.ratis.server.impl.LeaderElection.lambda$submitRequests$1(LeaderElection.java:238)
	at java.util.concurrent.FutureTask.run(FutureTask.java:266)
	at java.util.concurrent.Executors$RunnableAdapter.call(Executors.java:511)
	at java.util.concurrent.FutureTask.run(FutureTask.java:266)
	at java.util.concurrent.ThreadPoolExecutor.runWorker(ThreadPoolExecutor.java:1149)
	at java.util.concurrent.ThreadPoolExecutor$Worker.run(ThreadPoolExecutor.java:624)
	... 1 more
Caused by: org.apache.ratis.thirdparty.io.netty.channel.AbstractChannel$AnnotatedConnectException: Connection refused: /192.168.5.159:45599
	at sun.nio.ch.SocketChannelImpl.checkConnect(Native Method)
	at sun.nio.ch.SocketChannelImpl.finishConnect(SocketChannelImpl.java:717)
	at org.apache.ratis.thirdparty.io.netty.channel.socket.nio.NioSocketChannel.doFinishConnect(NioSocketChannel.java:327)
	at org.apache.ratis.thirdparty.io.netty.channel.nio.AbstractNioChannel$AbstractNioUnsafe.finishConnect(AbstractNioChannel.java:340)
	at org.apache.ratis.thirdparty.io.netty.channel.nio.NioEventLoop.processSelectedKey(NioEventLoop.java:632)
	at org.apache.ratis.thirdparty.io.netty.channel.nio.NioEventLoop.processSelectedKeysOptimized(NioEventLoop.java:579)
	at org.apache.ratis.thirdparty.io.netty.channel.nio.NioEventLoop.processSelectedKeys(NioEventLoop.java:496)
	at org.apache.ratis.thirdparty.io.netty.channel.nio.NioEventLoop.run(NioEventLoop.java:458)
	at org.apache.ratis.thirdparty.io.netty.util.concurrent.SingleThreadEventExecutor$5.run(SingleThreadEventExecutor.java:897)
	at org.apache.ratis.thirdparty.io.netty.util.concurrent.FastThreadLocalRunnable.run(FastThreadLocalRunnable.java:30)
	... 1 more
Caused by: java.net.ConnectException: Connection refused
	... 11 more
2019-10-14 14:43:16,421 [caa892f0-76ff-4c1e-b30f-b7c59842badc@group-E0B7C1D5C8D3:LeaderElection116] INFO  impl.LeaderElection (LogUtils.java:infoOrTrace(149)) -   Exception 1: {}
java.util.concurrent.ExecutionException: org.apache.ratis.thirdparty.io.grpc.StatusRuntimeException: UNAVAILABLE: io exception
	at java.util.concurrent.FutureTask.report(FutureTask.java:122)
	at java.util.concurrent.FutureTask.get(FutureTask.java:192)
	at org.apache.ratis.server.impl.LeaderElection.waitForResults(LeaderElection.java:263)
	at org.apache.ratis.server.impl.LeaderElection.askForVotes(LeaderElection.java:201)
	at org.apache.ratis.server.impl.LeaderElection.run(LeaderElection.java:133)
	at java.lang.Thread.run(Thread.java:748)
Caused by: org.apache.ratis.thirdparty.io.grpc.StatusRuntimeException: UNAVAILABLE: io exception
	at org.apache.ratis.thirdparty.io.grpc.stub.ClientCalls.toStatusRuntimeException(ClientCalls.java:233)
	at org.apache.ratis.thirdparty.io.grpc.stub.ClientCalls.getUnchecked(ClientCalls.java:214)
	at org.apache.ratis.thirdparty.io.grpc.stub.ClientCalls.blockingUnaryCall(ClientCalls.java:139)
	at org.apache.ratis.proto.grpc.RaftServerProtocolServiceGrpc$RaftServerProtocolServiceBlockingStub.requestVote(RaftServerProtocolServiceGrpc.java:265)
	at org.apache.ratis.grpc.server.GrpcServerProtocolClient.requestVote(GrpcServerProtocolClient.java:90)
	at org.apache.ratis.grpc.server.GrpcService.requestVote(GrpcService.java:204)
	at org.apache.ratis.server.impl.LeaderElection.lambda$submitRequests$1(LeaderElection.java:238)
	at java.util.concurrent.FutureTask.run(FutureTask.java:266)
	at java.util.concurrent.Executors$RunnableAdapter.call(Executors.java:511)
	at java.util.concurrent.FutureTask.run(FutureTask.java:266)
	at java.util.concurrent.ThreadPoolExecutor.runWorker(ThreadPoolExecutor.java:1149)
	at java.util.concurrent.ThreadPoolExecutor$Worker.run(ThreadPoolExecutor.java:624)
	... 1 more
Caused by: org.apache.ratis.thirdparty.io.netty.channel.AbstractChannel$AnnotatedConnectException: Connection refused: /192.168.5.159:44598
	at sun.nio.ch.SocketChannelImpl.checkConnect(Native Method)
	at sun.nio.ch.SocketChannelImpl.finishConnect(SocketChannelImpl.java:717)
	at org.apache.ratis.thirdparty.io.netty.channel.socket.nio.NioSocketChannel.doFinishConnect(NioSocketChannel.java:327)
	at org.apache.ratis.thirdparty.io.netty.channel.nio.AbstractNioChannel$AbstractNioUnsafe.finishConnect(AbstractNioChannel.java:340)
	at org.apache.ratis.thirdparty.io.netty.channel.nio.NioEventLoop.processSelectedKey(NioEventLoop.java:632)
	at org.apache.ratis.thirdparty.io.netty.channel.nio.NioEventLoop.processSelectedKeysOptimized(NioEventLoop.java:579)
	at org.apache.ratis.thirdparty.io.netty.channel.nio.NioEventLoop.processSelectedKeys(NioEventLoop.java:496)
	at org.apache.ratis.thirdparty.io.netty.channel.nio.NioEventLoop.run(NioEventLoop.java:458)
	at org.apache.ratis.thirdparty.io.netty.util.concurrent.SingleThreadEventExecutor$5.run(SingleThreadEventExecutor.java:897)
	at org.apache.ratis.thirdparty.io.netty.util.concurrent.FastThreadLocalRunnable.run(FastThreadLocalRunnable.java:30)
	... 1 more
Caused by: java.net.ConnectException: Connection refused
	... 11 more
2019-10-14 14:43:16,422 [caa892f0-76ff-4c1e-b30f-b7c59842badc@group-E0B7C1D5C8D3:LeaderElection116] INFO  impl.RaftServerImpl (RaftServerImpl.java:setRole(174)) - caa892f0-76ff-4c1e-b30f-b7c59842badc@group-E0B7C1D5C8D3: changes role from CANDIDATE to FOLLOWER at term 41 for DISCOVERED_A_NEW_TERM
2019-10-14 14:43:16,422 [caa892f0-76ff-4c1e-b30f-b7c59842badc@group-E0B7C1D5C8D3:LeaderElection116] INFO  impl.RoleInfo (RoleInfo.java:shutdownLeaderElection(134)) - caa892f0-76ff-4c1e-b30f-b7c59842badc: shutdown LeaderElection
2019-10-14 14:43:16,422 [caa892f0-76ff-4c1e-b30f-b7c59842badc@group-E0B7C1D5C8D3:LeaderElection116] INFO  impl.RoleInfo (RoleInfo.java:updateAndGet(143)) - caa892f0-76ff-4c1e-b30f-b7c59842badc: start FollowerState
2019-10-14 14:43:16,542 [Thread-1927] INFO  impl.FollowerState (FollowerState.java:run(106)) - caa892f0-76ff-4c1e-b30f-b7c59842badc:group-EA752D978E74 changes to CANDIDATE, lastRpcTime:1074, electionTimeout:1074ms
2019-10-14 14:43:16,542 [Thread-1927] INFO  impl.RoleInfo (RoleInfo.java:shutdownFollowerState(121)) - caa892f0-76ff-4c1e-b30f-b7c59842badc: shutdown FollowerState
2019-10-14 14:43:16,542 [Thread-1927] INFO  impl.RaftServerImpl (RaftServerImpl.java:setRole(174)) - caa892f0-76ff-4c1e-b30f-b7c59842badc@group-EA752D978E74: changes role from  FOLLOWER to CANDIDATE at term 39 for changeToCandidate
2019-10-14 14:43:16,542 [Thread-1927] INFO  impl.RoleInfo (RoleInfo.java:updateAndGet(143)) - caa892f0-76ff-4c1e-b30f-b7c59842badc: start LeaderElection
2019-10-14 14:43:16,556 [caa892f0-76ff-4c1e-b30f-b7c59842badc@group-EA752D978E74:LeaderElection117] INFO  impl.LeaderElection (LeaderElection.java:askForVotes(182)) - caa892f0-76ff-4c1e-b30f-b7c59842badc@group-EA752D978E74:LeaderElection117: begin an election at term 40 for 0: [07a15819-e4fc-4072-82ac-b3e77a99d12a:192.168.5.159:45599, f9748ec4-5d8a-4dfc-8690-85b8cdac3f5d:192.168.5.159:44598, caa892f0-76ff-4c1e-b30f-b7c59842badc:192.168.5.159:39406], old=null
2019-10-14 14:43:16,562 [caa892f0-76ff-4c1e-b30f-b7c59842badc@group-EA752D978E74:LeaderElection117] INFO  impl.LeaderElection (LogUtils.java:infoOrTrace(149)) - caa892f0-76ff-4c1e-b30f-b7c59842badc@group-EA752D978E74:LeaderElection117 got exception when requesting votes: {}
java.util.concurrent.ExecutionException: org.apache.ratis.thirdparty.io.grpc.StatusRuntimeException: UNAVAILABLE: io exception
	at java.util.concurrent.FutureTask.report(FutureTask.java:122)
	at java.util.concurrent.FutureTask.get(FutureTask.java:192)
	at org.apache.ratis.server.impl.LeaderElection.waitForResults(LeaderElection.java:263)
	at org.apache.ratis.server.impl.LeaderElection.askForVotes(LeaderElection.java:201)
	at org.apache.ratis.server.impl.LeaderElection.run(LeaderElection.java:133)
	at java.lang.Thread.run(Thread.java:748)
Caused by: org.apache.ratis.thirdparty.io.grpc.StatusRuntimeException: UNAVAILABLE: io exception
	at org.apache.ratis.thirdparty.io.grpc.stub.ClientCalls.toStatusRuntimeException(ClientCalls.java:233)
	at org.apache.ratis.thirdparty.io.grpc.stub.ClientCalls.getUnchecked(ClientCalls.java:214)
	at org.apache.ratis.thirdparty.io.grpc.stub.ClientCalls.blockingUnaryCall(ClientCalls.java:139)
	at org.apache.ratis.proto.grpc.RaftServerProtocolServiceGrpc$RaftServerProtocolServiceBlockingStub.requestVote(RaftServerProtocolServiceGrpc.java:265)
	at org.apache.ratis.grpc.server.GrpcServerProtocolClient.requestVote(GrpcServerProtocolClient.java:90)
	at org.apache.ratis.grpc.server.GrpcService.requestVote(GrpcService.java:204)
	at org.apache.ratis.server.impl.LeaderElection.lambda$submitRequests$1(LeaderElection.java:238)
	at java.util.concurrent.FutureTask.run(FutureTask.java:266)
	at java.util.concurrent.Executors$RunnableAdapter.call(Executors.java:511)
	at java.util.concurrent.FutureTask.run(FutureTask.java:266)
	at java.util.concurrent.ThreadPoolExecutor.runWorker(ThreadPoolExecutor.java:1149)
	at java.util.concurrent.ThreadPoolExecutor$Worker.run(ThreadPoolExecutor.java:624)
	... 1 more
Caused by: org.apache.ratis.thirdparty.io.netty.channel.AbstractChannel$AnnotatedConnectException: Connection refused: /192.168.5.159:45599
	at sun.nio.ch.SocketChannelImpl.checkConnect(Native Method)
	at sun.nio.ch.SocketChannelImpl.finishConnect(SocketChannelImpl.java:717)
	at org.apache.ratis.thirdparty.io.netty.channel.socket.nio.NioSocketChannel.doFinishConnect(NioSocketChannel.java:327)
	at org.apache.ratis.thirdparty.io.netty.channel.nio.AbstractNioChannel$AbstractNioUnsafe.finishConnect(AbstractNioChannel.java:340)
	at org.apache.ratis.thirdparty.io.netty.channel.nio.NioEventLoop.processSelectedKey(NioEventLoop.java:632)
	at org.apache.ratis.thirdparty.io.netty.channel.nio.NioEventLoop.processSelectedKeysOptimized(NioEventLoop.java:579)
	at org.apache.ratis.thirdparty.io.netty.channel.nio.NioEventLoop.processSelectedKeys(NioEventLoop.java:496)
	at org.apache.ratis.thirdparty.io.netty.channel.nio.NioEventLoop.run(NioEventLoop.java:458)
	at org.apache.ratis.thirdparty.io.netty.util.concurrent.SingleThreadEventExecutor$5.run(SingleThreadEventExecutor.java:897)
	at org.apache.ratis.thirdparty.io.netty.util.concurrent.FastThreadLocalRunnable.run(FastThreadLocalRunnable.java:30)
	... 1 more
Caused by: java.net.ConnectException: Connection refused
	... 11 more
2019-10-14 14:43:16,562 [caa892f0-76ff-4c1e-b30f-b7c59842badc@group-EA752D978E74:LeaderElection117] INFO  impl.LeaderElection (LogUtils.java:infoOrTrace(149)) - caa892f0-76ff-4c1e-b30f-b7c59842badc@group-EA752D978E74:LeaderElection117 got exception when requesting votes: {}
java.util.concurrent.ExecutionException: org.apache.ratis.thirdparty.io.grpc.StatusRuntimeException: UNAVAILABLE: io exception
	at java.util.concurrent.FutureTask.report(FutureTask.java:122)
	at java.util.concurrent.FutureTask.get(FutureTask.java:192)
	at org.apache.ratis.server.impl.LeaderElection.waitForResults(LeaderElection.java:263)
	at org.apache.ratis.server.impl.LeaderElection.askForVotes(LeaderElection.java:201)
	at org.apache.ratis.server.impl.LeaderElection.run(LeaderElection.java:133)
	at java.lang.Thread.run(Thread.java:748)
Caused by: org.apache.ratis.thirdparty.io.grpc.StatusRuntimeException: UNAVAILABLE: io exception
	at org.apache.ratis.thirdparty.io.grpc.stub.ClientCalls.toStatusRuntimeException(ClientCalls.java:233)
	at org.apache.ratis.thirdparty.io.grpc.stub.ClientCalls.getUnchecked(ClientCalls.java:214)
	at org.apache.ratis.thirdparty.io.grpc.stub.ClientCalls.blockingUnaryCall(ClientCalls.java:139)
	at org.apache.ratis.proto.grpc.RaftServerProtocolServiceGrpc$RaftServerProtocolServiceBlockingStub.requestVote(RaftServerProtocolServiceGrpc.java:265)
	at org.apache.ratis.grpc.server.GrpcServerProtocolClient.requestVote(GrpcServerProtocolClient.java:90)
	at org.apache.ratis.grpc.server.GrpcService.requestVote(GrpcService.java:204)
	at org.apache.ratis.server.impl.LeaderElection.lambda$submitRequests$1(LeaderElection.java:238)
	at java.util.concurrent.FutureTask.run(FutureTask.java:266)
	at java.util.concurrent.Executors$RunnableAdapter.call(Executors.java:511)
	at java.util.concurrent.FutureTask.run(FutureTask.java:266)
	at java.util.concurrent.ThreadPoolExecutor.runWorker(ThreadPoolExecutor.java:1149)
	at java.util.concurrent.ThreadPoolExecutor$Worker.run(ThreadPoolExecutor.java:624)
	... 1 more
Caused by: org.apache.ratis.thirdparty.io.netty.channel.AbstractChannel$AnnotatedConnectException: Connection refused: /192.168.5.159:44598
	at sun.nio.ch.SocketChannelImpl.checkConnect(Native Method)
	at sun.nio.ch.SocketChannelImpl.finishConnect(SocketChannelImpl.java:717)
	at org.apache.ratis.thirdparty.io.netty.channel.socket.nio.NioSocketChannel.doFinishConnect(NioSocketChannel.java:327)
	at org.apache.ratis.thirdparty.io.netty.channel.nio.AbstractNioChannel$AbstractNioUnsafe.finishConnect(AbstractNioChannel.java:340)
	at org.apache.ratis.thirdparty.io.netty.channel.nio.NioEventLoop.processSelectedKey(NioEventLoop.java:632)
	at org.apache.ratis.thirdparty.io.netty.channel.nio.NioEventLoop.processSelectedKeysOptimized(NioEventLoop.java:579)
	at org.apache.ratis.thirdparty.io.netty.channel.nio.NioEventLoop.processSelectedKeys(NioEventLoop.java:496)
	at org.apache.ratis.thirdparty.io.netty.channel.nio.NioEventLoop.run(NioEventLoop.java:458)
	at org.apache.ratis.thirdparty.io.netty.util.concurrent.SingleThreadEventExecutor$5.run(SingleThreadEventExecutor.java:897)
	at org.apache.ratis.thirdparty.io.netty.util.concurrent.FastThreadLocalRunnable.run(FastThreadLocalRunnable.java:30)
	... 1 more
Caused by: java.net.ConnectException: Connection refused
	... 11 more
2019-10-14 14:43:16,562 [caa892f0-76ff-4c1e-b30f-b7c59842badc@group-EA752D978E74:LeaderElection117] INFO  impl.LeaderElection (LeaderElection.java:logAndReturn(56)) - caa892f0-76ff-4c1e-b30f-b7c59842badc@group-EA752D978E74:LeaderElection117: Election REJECTED; received 0 response(s) [] and 2 exception(s); caa892f0-76ff-4c1e-b30f-b7c59842badc@group-EA752D978E74:t40, leader=null, voted=caa892f0-76ff-4c1e-b30f-b7c59842badc, raftlog=caa892f0-76ff-4c1e-b30f-b7c59842badc@group-EA752D978E74-SegmentedRaftLog:OPENED:c16,f16,i16, conf=0: [07a15819-e4fc-4072-82ac-b3e77a99d12a:192.168.5.159:45599, f9748ec4-5d8a-4dfc-8690-85b8cdac3f5d:192.168.5.159:44598, caa892f0-76ff-4c1e-b30f-b7c59842badc:192.168.5.159:39406], old=null
2019-10-14 14:43:16,562 [caa892f0-76ff-4c1e-b30f-b7c59842badc@group-EA752D978E74:LeaderElection117] INFO  impl.LeaderElection (LogUtils.java:infoOrTrace(149)) -   Exception 0: {}
java.util.concurrent.ExecutionException: org.apache.ratis.thirdparty.io.grpc.StatusRuntimeException: UNAVAILABLE: io exception
	at java.util.concurrent.FutureTask.report(FutureTask.java:122)
	at java.util.concurrent.FutureTask.get(FutureTask.java:192)
	at org.apache.ratis.server.impl.LeaderElection.waitForResults(LeaderElection.java:263)
	at org.apache.ratis.server.impl.LeaderElection.askForVotes(LeaderElection.java:201)
	at org.apache.ratis.server.impl.LeaderElection.run(LeaderElection.java:133)
	at java.lang.Thread.run(Thread.java:748)
Caused by: org.apache.ratis.thirdparty.io.grpc.StatusRuntimeException: UNAVAILABLE: io exception
	at org.apache.ratis.thirdparty.io.grpc.stub.ClientCalls.toStatusRuntimeException(ClientCalls.java:233)
	at org.apache.ratis.thirdparty.io.grpc.stub.ClientCalls.getUnchecked(ClientCalls.java:214)
	at org.apache.ratis.thirdparty.io.grpc.stub.ClientCalls.blockingUnaryCall(ClientCalls.java:139)
	at org.apache.ratis.proto.grpc.RaftServerProtocolServiceGrpc$RaftServerProtocolServiceBlockingStub.requestVote(RaftServerProtocolServiceGrpc.java:265)
	at org.apache.ratis.grpc.server.GrpcServerProtocolClient.requestVote(GrpcServerProtocolClient.java:90)
	at org.apache.ratis.grpc.server.GrpcService.requestVote(GrpcService.java:204)
	at org.apache.ratis.server.impl.LeaderElection.lambda$submitRequests$1(LeaderElection.java:238)
	at java.util.concurrent.FutureTask.run(FutureTask.java:266)
	at java.util.concurrent.Executors$RunnableAdapter.call(Executors.java:511)
	at java.util.concurrent.FutureTask.run(FutureTask.java:266)
	at java.util.concurrent.ThreadPoolExecutor.runWorker(ThreadPoolExecutor.java:1149)
	at java.util.concurrent.ThreadPoolExecutor$Worker.run(ThreadPoolExecutor.java:624)
	... 1 more
Caused by: org.apache.ratis.thirdparty.io.netty.channel.AbstractChannel$AnnotatedConnectException: Connection refused: /192.168.5.159:45599
	at sun.nio.ch.SocketChannelImpl.checkConnect(Native Method)
	at sun.nio.ch.SocketChannelImpl.finishConnect(SocketChannelImpl.java:717)
	at org.apache.ratis.thirdparty.io.netty.channel.socket.nio.NioSocketChannel.doFinishConnect(NioSocketChannel.java:327)
	at org.apache.ratis.thirdparty.io.netty.channel.nio.AbstractNioChannel$AbstractNioUnsafe.finishConnect(AbstractNioChannel.java:340)
	at org.apache.ratis.thirdparty.io.netty.channel.nio.NioEventLoop.processSelectedKey(NioEventLoop.java:632)
	at org.apache.ratis.thirdparty.io.netty.channel.nio.NioEventLoop.processSelectedKeysOptimized(NioEventLoop.java:579)
	at org.apache.ratis.thirdparty.io.netty.channel.nio.NioEventLoop.processSelectedKeys(NioEventLoop.java:496)
	at org.apache.ratis.thirdparty.io.netty.channel.nio.NioEventLoop.run(NioEventLoop.java:458)
	at org.apache.ratis.thirdparty.io.netty.util.concurrent.SingleThreadEventExecutor$5.run(SingleThreadEventExecutor.java:897)
	at org.apache.ratis.thirdparty.io.netty.util.concurrent.FastThreadLocalRunnable.run(FastThreadLocalRunnable.java:30)
	... 1 more
Caused by: java.net.ConnectException: Connection refused
	... 11 more
2019-10-14 14:43:16,563 [caa892f0-76ff-4c1e-b30f-b7c59842badc@group-EA752D978E74:LeaderElection117] INFO  impl.LeaderElection (LogUtils.java:infoOrTrace(149)) -   Exception 1: {}
java.util.concurrent.ExecutionException: org.apache.ratis.thirdparty.io.grpc.StatusRuntimeException: UNAVAILABLE: io exception
	at java.util.concurrent.FutureTask.report(FutureTask.java:122)
	at java.util.concurrent.FutureTask.get(FutureTask.java:192)
	at org.apache.ratis.server.impl.LeaderElection.waitForResults(LeaderElection.java:263)
	at org.apache.ratis.server.impl.LeaderElection.askForVotes(LeaderElection.java:201)
	at org.apache.ratis.server.impl.LeaderElection.run(LeaderElection.java:133)
	at java.lang.Thread.run(Thread.java:748)
Caused by: org.apache.ratis.thirdparty.io.grpc.StatusRuntimeException: UNAVAILABLE: io exception
	at org.apache.ratis.thirdparty.io.grpc.stub.ClientCalls.toStatusRuntimeException(ClientCalls.java:233)
	at org.apache.ratis.thirdparty.io.grpc.stub.ClientCalls.getUnchecked(ClientCalls.java:214)
	at org.apache.ratis.thirdparty.io.grpc.stub.ClientCalls.blockingUnaryCall(ClientCalls.java:139)
	at org.apache.ratis.proto.grpc.RaftServerProtocolServiceGrpc$RaftServerProtocolServiceBlockingStub.requestVote(RaftServerProtocolServiceGrpc.java:265)
	at org.apache.ratis.grpc.server.GrpcServerProtocolClient.requestVote(GrpcServerProtocolClient.java:90)
	at org.apache.ratis.grpc.server.GrpcService.requestVote(GrpcService.java:204)
	at org.apache.ratis.server.impl.LeaderElection.lambda$submitRequests$1(LeaderElection.java:238)
	at java.util.concurrent.FutureTask.run(FutureTask.java:266)
	at java.util.concurrent.Executors$RunnableAdapter.call(Executors.java:511)
	at java.util.concurrent.FutureTask.run(FutureTask.java:266)
	at java.util.concurrent.ThreadPoolExecutor.runWorker(ThreadPoolExecutor.java:1149)
	at java.util.concurrent.ThreadPoolExecutor$Worker.run(ThreadPoolExecutor.java:624)
	... 1 more
Caused by: org.apache.ratis.thirdparty.io.netty.channel.AbstractChannel$AnnotatedConnectException: Connection refused: /192.168.5.159:44598
	at sun.nio.ch.SocketChannelImpl.checkConnect(Native Method)
	at sun.nio.ch.SocketChannelImpl.finishConnect(SocketChannelImpl.java:717)
	at org.apache.ratis.thirdparty.io.netty.channel.socket.nio.NioSocketChannel.doFinishConnect(NioSocketChannel.java:327)
	at org.apache.ratis.thirdparty.io.netty.channel.nio.AbstractNioChannel$AbstractNioUnsafe.finishConnect(AbstractNioChannel.java:340)
	at org.apache.ratis.thirdparty.io.netty.channel.nio.NioEventLoop.processSelectedKey(NioEventLoop.java:632)
	at org.apache.ratis.thirdparty.io.netty.channel.nio.NioEventLoop.processSelectedKeysOptimized(NioEventLoop.java:579)
	at org.apache.ratis.thirdparty.io.netty.channel.nio.NioEventLoop.processSelectedKeys(NioEventLoop.java:496)
	at org.apache.ratis.thirdparty.io.netty.channel.nio.NioEventLoop.run(NioEventLoop.java:458)
	at org.apache.ratis.thirdparty.io.netty.util.concurrent.SingleThreadEventExecutor$5.run(SingleThreadEventExecutor.java:897)
	at org.apache.ratis.thirdparty.io.netty.util.concurrent.FastThreadLocalRunnable.run(FastThreadLocalRunnable.java:30)
	... 1 more
Caused by: java.net.ConnectException: Connection refused
	... 11 more
2019-10-14 14:43:16,563 [caa892f0-76ff-4c1e-b30f-b7c59842badc@group-EA752D978E74:LeaderElection117] INFO  impl.RaftServerImpl (RaftServerImpl.java:setRole(174)) - caa892f0-76ff-4c1e-b30f-b7c59842badc@group-EA752D978E74: changes role from CANDIDATE to FOLLOWER at term 40 for DISCOVERED_A_NEW_TERM
2019-10-14 14:43:16,563 [caa892f0-76ff-4c1e-b30f-b7c59842badc@group-EA752D978E74:LeaderElection117] INFO  impl.RoleInfo (RoleInfo.java:shutdownLeaderElection(134)) - caa892f0-76ff-4c1e-b30f-b7c59842badc: shutdown LeaderElection
2019-10-14 14:43:16,563 [caa892f0-76ff-4c1e-b30f-b7c59842badc@group-EA752D978E74:LeaderElection117] INFO  impl.RoleInfo (RoleInfo.java:updateAndGet(143)) - caa892f0-76ff-4c1e-b30f-b7c59842badc: start FollowerState
2019-10-14 14:43:16,625 [grpc-default-executor-2] WARN  server.GrpcLogAppender (LogUtils.java:warn(134)) - caa892f0-76ff-4c1e-b30f-b7c59842badc@group-026CFA11C8A1->f9748ec4-5d8a-4dfc-8690-85b8cdac3f5d-AppendLogResponseHandler: Failed appendEntries: org.apache.ratis.thirdparty.io.grpc.StatusRuntimeException: UNAVAILABLE: io exception
2019-10-14 14:43:16,626 [grpc-default-executor-9] WARN  server.GrpcLogAppender (LogUtils.java:warn(134)) - caa892f0-76ff-4c1e-b30f-b7c59842badc@group-382452901537->07a15819-e4fc-4072-82ac-b3e77a99d12a-AppendLogResponseHandler: Failed appendEntries: org.apache.ratis.thirdparty.io.grpc.StatusRuntimeException: UNAVAILABLE: io exception
2019-10-14 14:43:16,625 [grpc-default-executor-5] WARN  server.GrpcLogAppender (LogUtils.java:warn(134)) - caa892f0-76ff-4c1e-b30f-b7c59842badc@group-382452901537->f9748ec4-5d8a-4dfc-8690-85b8cdac3f5d-AppendLogResponseHandler: Failed appendEntries: org.apache.ratis.thirdparty.io.grpc.StatusRuntimeException: UNAVAILABLE: io exception
2019-10-14 14:43:16,626 [grpc-default-executor-9] INFO  impl.FollowerInfo (FollowerInfo.java:lambda$new$0(51)) - caa892f0-76ff-4c1e-b30f-b7c59842badc@group-382452901537->07a15819-e4fc-4072-82ac-b3e77a99d12a: nextIndex: updateUnconditionally 0 -> 0
2019-10-14 14:43:16,626 [grpc-default-executor-2] INFO  impl.FollowerInfo (FollowerInfo.java:lambda$new$0(51)) - caa892f0-76ff-4c1e-b30f-b7c59842badc@group-026CFA11C8A1->f9748ec4-5d8a-4dfc-8690-85b8cdac3f5d: nextIndex: updateUnconditionally 0 -> 0
2019-10-14 14:43:16,626 [grpc-default-executor-8] WARN  server.GrpcLogAppender (LogUtils.java:warn(134)) - caa892f0-76ff-4c1e-b30f-b7c59842badc@group-026CFA11C8A1->07a15819-e4fc-4072-82ac-b3e77a99d12a-AppendLogResponseHandler: Failed appendEntries: org.apache.ratis.thirdparty.io.grpc.StatusRuntimeException: UNAVAILABLE: io exception
2019-10-14 14:43:16,626 [grpc-default-executor-5] INFO  impl.FollowerInfo (FollowerInfo.java:lambda$new$0(51)) - caa892f0-76ff-4c1e-b30f-b7c59842badc@group-382452901537->f9748ec4-5d8a-4dfc-8690-85b8cdac3f5d: nextIndex: updateUnconditionally 0 -> 0
2019-10-14 14:43:16,627 [grpc-default-executor-8] INFO  impl.FollowerInfo (FollowerInfo.java:lambda$new$0(51)) - caa892f0-76ff-4c1e-b30f-b7c59842badc@group-026CFA11C8A1->07a15819-e4fc-4072-82ac-b3e77a99d12a: nextIndex: updateUnconditionally 0 -> 0
2019-10-14 14:43:17,128 [grpc-default-executor-4] WARN  server.GrpcLogAppender (LogUtils.java:warn(134)) - caa892f0-76ff-4c1e-b30f-b7c59842badc@group-382452901537->07a15819-e4fc-4072-82ac-b3e77a99d12a-AppendLogResponseHandler: Failed appendEntries: org.apache.ratis.thirdparty.io.grpc.StatusRuntimeException: UNAVAILABLE: io exception
2019-10-14 14:43:17,128 [grpc-default-executor-1] WARN  server.GrpcLogAppender (LogUtils.java:warn(134)) - caa892f0-76ff-4c1e-b30f-b7c59842badc@group-026CFA11C8A1->07a15819-e4fc-4072-82ac-b3e77a99d12a-AppendLogResponseHandler: Failed appendEntries: org.apache.ratis.thirdparty.io.grpc.StatusRuntimeException: UNAVAILABLE: io exception
2019-10-14 14:43:17,128 [grpc-default-executor-0] WARN  server.GrpcLogAppender (LogUtils.java:warn(134)) - caa892f0-76ff-4c1e-b30f-b7c59842badc@group-026CFA11C8A1->f9748ec4-5d8a-4dfc-8690-85b8cdac3f5d-AppendLogResponseHandler: Failed appendEntries: org.apache.ratis.thirdparty.io.grpc.StatusRuntimeException: UNAVAILABLE: io exception
2019-10-14 14:43:17,128 [grpc-default-executor-12] WARN  server.GrpcLogAppender (LogUtils.java:warn(134)) - caa892f0-76ff-4c1e-b30f-b7c59842badc@group-382452901537->f9748ec4-5d8a-4dfc-8690-85b8cdac3f5d-AppendLogResponseHandler: Failed appendEntries: org.apache.ratis.thirdparty.io.grpc.StatusRuntimeException: UNAVAILABLE: io exception
2019-10-14 14:43:17,128 [grpc-default-executor-0] INFO  impl.FollowerInfo (FollowerInfo.java:lambda$new$0(51)) - caa892f0-76ff-4c1e-b30f-b7c59842badc@group-026CFA11C8A1->f9748ec4-5d8a-4dfc-8690-85b8cdac3f5d: nextIndex: updateUnconditionally 0 -> 0
2019-10-14 14:43:17,128 [grpc-default-executor-1] INFO  impl.FollowerInfo (FollowerInfo.java:lambda$new$0(51)) - caa892f0-76ff-4c1e-b30f-b7c59842badc@group-026CFA11C8A1->07a15819-e4fc-4072-82ac-b3e77a99d12a: nextIndex: updateUnconditionally 0 -> 0
2019-10-14 14:43:17,128 [grpc-default-executor-4] INFO  impl.FollowerInfo (FollowerInfo.java:lambda$new$0(51)) - caa892f0-76ff-4c1e-b30f-b7c59842badc@group-382452901537->07a15819-e4fc-4072-82ac-b3e77a99d12a: nextIndex: updateUnconditionally 0 -> 0
2019-10-14 14:43:17,129 [grpc-default-executor-12] INFO  impl.FollowerInfo (FollowerInfo.java:lambda$new$0(51)) - caa892f0-76ff-4c1e-b30f-b7c59842badc@group-382452901537->f9748ec4-5d8a-4dfc-8690-85b8cdac3f5d: nextIndex: updateUnconditionally 0 -> 0
2019-10-14 14:43:17,422 [Thread-1952] INFO  impl.FollowerState (FollowerState.java:run(106)) - caa892f0-76ff-4c1e-b30f-b7c59842badc:group-E0B7C1D5C8D3 changes to CANDIDATE, lastRpcTime:1000, electionTimeout:1000ms
2019-10-14 14:43:17,423 [Thread-1952] INFO  impl.RoleInfo (RoleInfo.java:shutdownFollowerState(121)) - caa892f0-76ff-4c1e-b30f-b7c59842badc: shutdown FollowerState
2019-10-14 14:43:17,423 [Thread-1952] INFO  impl.RaftServerImpl (RaftServerImpl.java:setRole(174)) - caa892f0-76ff-4c1e-b30f-b7c59842badc@group-E0B7C1D5C8D3: changes role from  FOLLOWER to CANDIDATE at term 41 for changeToCandidate
2019-10-14 14:43:17,423 [Thread-1952] INFO  impl.RoleInfo (RoleInfo.java:updateAndGet(143)) - caa892f0-76ff-4c1e-b30f-b7c59842badc: start LeaderElection
2019-10-14 14:43:17,437 [caa892f0-76ff-4c1e-b30f-b7c59842badc@group-E0B7C1D5C8D3:LeaderElection118] INFO  impl.LeaderElection (LeaderElection.java:askForVotes(182)) - caa892f0-76ff-4c1e-b30f-b7c59842badc@group-E0B7C1D5C8D3:LeaderElection118: begin an election at term 42 for 0: [07a15819-e4fc-4072-82ac-b3e77a99d12a:192.168.5.159:45599, f9748ec4-5d8a-4dfc-8690-85b8cdac3f5d:192.168.5.159:44598, caa892f0-76ff-4c1e-b30f-b7c59842badc:192.168.5.159:39406], old=null
2019-10-14 14:43:17,440 [caa892f0-76ff-4c1e-b30f-b7c59842badc@group-E0B7C1D5C8D3:LeaderElection118] INFO  impl.LeaderElection (LogUtils.java:infoOrTrace(149)) - caa892f0-76ff-4c1e-b30f-b7c59842badc@group-E0B7C1D5C8D3:LeaderElection118 got exception when requesting votes: {}
java.util.concurrent.ExecutionException: org.apache.ratis.thirdparty.io.grpc.StatusRuntimeException: UNAVAILABLE: io exception
	at java.util.concurrent.FutureTask.report(FutureTask.java:122)
	at java.util.concurrent.FutureTask.get(FutureTask.java:192)
	at org.apache.ratis.server.impl.LeaderElection.waitForResults(LeaderElection.java:263)
	at org.apache.ratis.server.impl.LeaderElection.askForVotes(LeaderElection.java:201)
	at org.apache.ratis.server.impl.LeaderElection.run(LeaderElection.java:133)
	at java.lang.Thread.run(Thread.java:748)
Caused by: org.apache.ratis.thirdparty.io.grpc.StatusRuntimeException: UNAVAILABLE: io exception
	at org.apache.ratis.thirdparty.io.grpc.stub.ClientCalls.toStatusRuntimeException(ClientCalls.java:233)
	at org.apache.ratis.thirdparty.io.grpc.stub.ClientCalls.getUnchecked(ClientCalls.java:214)
	at org.apache.ratis.thirdparty.io.grpc.stub.ClientCalls.blockingUnaryCall(ClientCalls.java:139)
	at org.apache.ratis.proto.grpc.RaftServerProtocolServiceGrpc$RaftServerProtocolServiceBlockingStub.requestVote(RaftServerProtocolServiceGrpc.java:265)
	at org.apache.ratis.grpc.server.GrpcServerProtocolClient.requestVote(GrpcServerProtocolClient.java:90)
	at org.apache.ratis.grpc.server.GrpcService.requestVote(GrpcService.java:204)
	at org.apache.ratis.server.impl.LeaderElection.lambda$submitRequests$1(LeaderElection.java:238)
	at java.util.concurrent.FutureTask.run(FutureTask.java:266)
	at java.util.concurrent.Executors$RunnableAdapter.call(Executors.java:511)
	at java.util.concurrent.FutureTask.run(FutureTask.java:266)
	at java.util.concurrent.ThreadPoolExecutor.runWorker(ThreadPoolExecutor.java:1149)
	at java.util.concurrent.ThreadPoolExecutor$Worker.run(ThreadPoolExecutor.java:624)
	... 1 more
Caused by: org.apache.ratis.thirdparty.io.netty.channel.AbstractChannel$AnnotatedConnectException: Connection refused: /192.168.5.159:45599
	at sun.nio.ch.SocketChannelImpl.checkConnect(Native Method)
	at sun.nio.ch.SocketChannelImpl.finishConnect(SocketChannelImpl.java:717)
	at org.apache.ratis.thirdparty.io.netty.channel.socket.nio.NioSocketChannel.doFinishConnect(NioSocketChannel.java:327)
	at org.apache.ratis.thirdparty.io.netty.channel.nio.AbstractNioChannel$AbstractNioUnsafe.finishConnect(AbstractNioChannel.java:340)
	at org.apache.ratis.thirdparty.io.netty.channel.nio.NioEventLoop.processSelectedKey(NioEventLoop.java:632)
	at org.apache.ratis.thirdparty.io.netty.channel.nio.NioEventLoop.processSelectedKeysOptimized(NioEventLoop.java:579)
	at org.apache.ratis.thirdparty.io.netty.channel.nio.NioEventLoop.processSelectedKeys(NioEventLoop.java:496)
	at org.apache.ratis.thirdparty.io.netty.channel.nio.NioEventLoop.run(NioEventLoop.java:458)
	at org.apache.ratis.thirdparty.io.netty.util.concurrent.SingleThreadEventExecutor$5.run(SingleThreadEventExecutor.java:897)
	at org.apache.ratis.thirdparty.io.netty.util.concurrent.FastThreadLocalRunnable.run(FastThreadLocalRunnable.java:30)
	... 1 more
Caused by: java.net.ConnectException: Connection refused
	... 11 more
2019-10-14 14:43:17,441 [caa892f0-76ff-4c1e-b30f-b7c59842badc@group-E0B7C1D5C8D3:LeaderElection118] INFO  impl.LeaderElection (LogUtils.java:infoOrTrace(149)) - caa892f0-76ff-4c1e-b30f-b7c59842badc@group-E0B7C1D5C8D3:LeaderElection118 got exception when requesting votes: {}
java.util.concurrent.ExecutionException: org.apache.ratis.thirdparty.io.grpc.StatusRuntimeException: UNAVAILABLE: io exception
	at java.util.concurrent.FutureTask.report(FutureTask.java:122)
	at java.util.concurrent.FutureTask.get(FutureTask.java:192)
	at org.apache.ratis.server.impl.LeaderElection.waitForResults(LeaderElection.java:263)
	at org.apache.ratis.server.impl.LeaderElection.askForVotes(LeaderElection.java:201)
	at org.apache.ratis.server.impl.LeaderElection.run(LeaderElection.java:133)
	at java.lang.Thread.run(Thread.java:748)
Caused by: org.apache.ratis.thirdparty.io.grpc.StatusRuntimeException: UNAVAILABLE: io exception
	at org.apache.ratis.thirdparty.io.grpc.stub.ClientCalls.toStatusRuntimeException(ClientCalls.java:233)
	at org.apache.ratis.thirdparty.io.grpc.stub.ClientCalls.getUnchecked(ClientCalls.java:214)
	at org.apache.ratis.thirdparty.io.grpc.stub.ClientCalls.blockingUnaryCall(ClientCalls.java:139)
	at org.apache.ratis.proto.grpc.RaftServerProtocolServiceGrpc$RaftServerProtocolServiceBlockingStub.requestVote(RaftServerProtocolServiceGrpc.java:265)
	at org.apache.ratis.grpc.server.GrpcServerProtocolClient.requestVote(GrpcServerProtocolClient.java:90)
	at org.apache.ratis.grpc.server.GrpcService.requestVote(GrpcService.java:204)
	at org.apache.ratis.server.impl.LeaderElection.lambda$submitRequests$1(LeaderElection.java:238)
	at java.util.concurrent.FutureTask.run(FutureTask.java:266)
	at java.util.concurrent.Executors$RunnableAdapter.call(Executors.java:511)
	at java.util.concurrent.FutureTask.run(FutureTask.java:266)
	at java.util.concurrent.ThreadPoolExecutor.runWorker(ThreadPoolExecutor.java:1149)
	at java.util.concurrent.ThreadPoolExecutor$Worker.run(ThreadPoolExecutor.java:624)
	... 1 more
Caused by: org.apache.ratis.thirdparty.io.netty.channel.AbstractChannel$AnnotatedConnectException: Connection refused: /192.168.5.159:44598
	at sun.nio.ch.SocketChannelImpl.checkConnect(Native Method)
	at sun.nio.ch.SocketChannelImpl.finishConnect(SocketChannelImpl.java:717)
	at org.apache.ratis.thirdparty.io.netty.channel.socket.nio.NioSocketChannel.doFinishConnect(NioSocketChannel.java:327)
	at org.apache.ratis.thirdparty.io.netty.channel.nio.AbstractNioChannel$AbstractNioUnsafe.finishConnect(AbstractNioChannel.java:340)
	at org.apache.ratis.thirdparty.io.netty.channel.nio.NioEventLoop.processSelectedKey(NioEventLoop.java:632)
	at org.apache.ratis.thirdparty.io.netty.channel.nio.NioEventLoop.processSelectedKeysOptimized(NioEventLoop.java:579)
	at org.apache.ratis.thirdparty.io.netty.channel.nio.NioEventLoop.processSelectedKeys(NioEventLoop.java:496)
	at org.apache.ratis.thirdparty.io.netty.channel.nio.NioEventLoop.run(NioEventLoop.java:458)
	at org.apache.ratis.thirdparty.io.netty.util.concurrent.SingleThreadEventExecutor$5.run(SingleThreadEventExecutor.java:897)
	at org.apache.ratis.thirdparty.io.netty.util.concurrent.FastThreadLocalRunnable.run(FastThreadLocalRunnable.java:30)
	... 1 more
Caused by: java.net.ConnectException: Connection refused
	... 11 more
2019-10-14 14:43:17,442 [caa892f0-76ff-4c1e-b30f-b7c59842badc@group-E0B7C1D5C8D3:LeaderElection118] INFO  impl.LeaderElection (LeaderElection.java:logAndReturn(56)) - caa892f0-76ff-4c1e-b30f-b7c59842badc@group-E0B7C1D5C8D3:LeaderElection118: Election REJECTED; received 0 response(s) [] and 2 exception(s); caa892f0-76ff-4c1e-b30f-b7c59842badc@group-E0B7C1D5C8D3:t42, leader=null, voted=caa892f0-76ff-4c1e-b30f-b7c59842badc, raftlog=caa892f0-76ff-4c1e-b30f-b7c59842badc@group-E0B7C1D5C8D3-SegmentedRaftLog:OPENED:c0,f0,i0, conf=0: [07a15819-e4fc-4072-82ac-b3e77a99d12a:192.168.5.159:45599, f9748ec4-5d8a-4dfc-8690-85b8cdac3f5d:192.168.5.159:44598, caa892f0-76ff-4c1e-b30f-b7c59842badc:192.168.5.159:39406], old=null
2019-10-14 14:43:17,442 [caa892f0-76ff-4c1e-b30f-b7c59842badc@group-E0B7C1D5C8D3:LeaderElection118] INFO  impl.LeaderElection (LogUtils.java:infoOrTrace(149)) -   Exception 0: {}
java.util.concurrent.ExecutionException: org.apache.ratis.thirdparty.io.grpc.StatusRuntimeException: UNAVAILABLE: io exception
	at java.util.concurrent.FutureTask.report(FutureTask.java:122)
	at java.util.concurrent.FutureTask.get(FutureTask.java:192)
	at org.apache.ratis.server.impl.LeaderElection.waitForResults(LeaderElection.java:263)
	at org.apache.ratis.server.impl.LeaderElection.askForVotes(LeaderElection.java:201)
	at org.apache.ratis.server.impl.LeaderElection.run(LeaderElection.java:133)
	at java.lang.Thread.run(Thread.java:748)
Caused by: org.apache.ratis.thirdparty.io.grpc.StatusRuntimeException: UNAVAILABLE: io exception
	at org.apache.ratis.thirdparty.io.grpc.stub.ClientCalls.toStatusRuntimeException(ClientCalls.java:233)
	at org.apache.ratis.thirdparty.io.grpc.stub.ClientCalls.getUnchecked(ClientCalls.java:214)
	at org.apache.ratis.thirdparty.io.grpc.stub.ClientCalls.blockingUnaryCall(ClientCalls.java:139)
	at org.apache.ratis.proto.grpc.RaftServerProtocolServiceGrpc$RaftServerProtocolServiceBlockingStub.requestVote(RaftServerProtocolServiceGrpc.java:265)
	at org.apache.ratis.grpc.server.GrpcServerProtocolClient.requestVote(GrpcServerProtocolClient.java:90)
	at org.apache.ratis.grpc.server.GrpcService.requestVote(GrpcService.java:204)
	at org.apache.ratis.server.impl.LeaderElection.lambda$submitRequests$1(LeaderElection.java:238)
	at java.util.concurrent.FutureTask.run(FutureTask.java:266)
	at java.util.concurrent.Executors$RunnableAdapter.call(Executors.java:511)
	at java.util.concurrent.FutureTask.run(FutureTask.java:266)
	at java.util.concurrent.ThreadPoolExecutor.runWorker(ThreadPoolExecutor.java:1149)
	at java.util.concurrent.ThreadPoolExecutor$Worker.run(ThreadPoolExecutor.java:624)
	... 1 more
Caused by: org.apache.ratis.thirdparty.io.netty.channel.AbstractChannel$AnnotatedConnectException: Connection refused: /192.168.5.159:45599
	at sun.nio.ch.SocketChannelImpl.checkConnect(Native Method)
	at sun.nio.ch.SocketChannelImpl.finishConnect(SocketChannelImpl.java:717)
	at org.apache.ratis.thirdparty.io.netty.channel.socket.nio.NioSocketChannel.doFinishConnect(NioSocketChannel.java:327)
	at org.apache.ratis.thirdparty.io.netty.channel.nio.AbstractNioChannel$AbstractNioUnsafe.finishConnect(AbstractNioChannel.java:340)
	at org.apache.ratis.thirdparty.io.netty.channel.nio.NioEventLoop.processSelectedKey(NioEventLoop.java:632)
	at org.apache.ratis.thirdparty.io.netty.channel.nio.NioEventLoop.processSelectedKeysOptimized(NioEventLoop.java:579)
	at org.apache.ratis.thirdparty.io.netty.channel.nio.NioEventLoop.processSelectedKeys(NioEventLoop.java:496)
	at org.apache.ratis.thirdparty.io.netty.channel.nio.NioEventLoop.run(NioEventLoop.java:458)
	at org.apache.ratis.thirdparty.io.netty.util.concurrent.SingleThreadEventExecutor$5.run(SingleThreadEventExecutor.java:897)
	at org.apache.ratis.thirdparty.io.netty.util.concurrent.FastThreadLocalRunnable.run(FastThreadLocalRunnable.java:30)
	... 1 more
Caused by: java.net.ConnectException: Connection refused
	... 11 more
2019-10-14 14:43:17,443 [caa892f0-76ff-4c1e-b30f-b7c59842badc@group-E0B7C1D5C8D3:LeaderElection118] INFO  impl.LeaderElection (LogUtils.java:infoOrTrace(149)) -   Exception 1: {}
java.util.concurrent.ExecutionException: org.apache.ratis.thirdparty.io.grpc.StatusRuntimeException: UNAVAILABLE: io exception
	at java.util.concurrent.FutureTask.report(FutureTask.java:122)
	at java.util.concurrent.FutureTask.get(FutureTask.java:192)
	at org.apache.ratis.server.impl.LeaderElection.waitForResults(LeaderElection.java:263)
	at org.apache.ratis.server.impl.LeaderElection.askForVotes(LeaderElection.java:201)
	at org.apache.ratis.server.impl.LeaderElection.run(LeaderElection.java:133)
	at java.lang.Thread.run(Thread.java:748)
Caused by: org.apache.ratis.thirdparty.io.grpc.StatusRuntimeException: UNAVAILABLE: io exception
	at org.apache.ratis.thirdparty.io.grpc.stub.ClientCalls.toStatusRuntimeException(ClientCalls.java:233)
	at org.apache.ratis.thirdparty.io.grpc.stub.ClientCalls.getUnchecked(ClientCalls.java:214)
	at org.apache.ratis.thirdparty.io.grpc.stub.ClientCalls.blockingUnaryCall(ClientCalls.java:139)
	at org.apache.ratis.proto.grpc.RaftServerProtocolServiceGrpc$RaftServerProtocolServiceBlockingStub.requestVote(RaftServerProtocolServiceGrpc.java:265)
	at org.apache.ratis.grpc.server.GrpcServerProtocolClient.requestVote(GrpcServerProtocolClient.java:90)
	at org.apache.ratis.grpc.server.GrpcService.requestVote(GrpcService.java:204)
	at org.apache.ratis.server.impl.LeaderElection.lambda$submitRequests$1(LeaderElection.java:238)
	at java.util.concurrent.FutureTask.run(FutureTask.java:266)
	at java.util.concurrent.Executors$RunnableAdapter.call(Executors.java:511)
	at java.util.concurrent.FutureTask.run(FutureTask.java:266)
	at java.util.concurrent.ThreadPoolExecutor.runWorker(ThreadPoolExecutor.java:1149)
	at java.util.concurrent.ThreadPoolExecutor$Worker.run(ThreadPoolExecutor.java:624)
	... 1 more
Caused by: org.apache.ratis.thirdparty.io.netty.channel.AbstractChannel$AnnotatedConnectException: Connection refused: /192.168.5.159:44598
	at sun.nio.ch.SocketChannelImpl.checkConnect(Native Method)
	at sun.nio.ch.SocketChannelImpl.finishConnect(SocketChannelImpl.java:717)
	at org.apache.ratis.thirdparty.io.netty.channel.socket.nio.NioSocketChannel.doFinishConnect(NioSocketChannel.java:327)
	at org.apache.ratis.thirdparty.io.netty.channel.nio.AbstractNioChannel$AbstractNioUnsafe.finishConnect(AbstractNioChannel.java:340)
	at org.apache.ratis.thirdparty.io.netty.channel.nio.NioEventLoop.processSelectedKey(NioEventLoop.java:632)
	at org.apache.ratis.thirdparty.io.netty.channel.nio.NioEventLoop.processSelectedKeysOptimized(NioEventLoop.java:579)
	at org.apache.ratis.thirdparty.io.netty.channel.nio.NioEventLoop.processSelectedKeys(NioEventLoop.java:496)
	at org.apache.ratis.thirdparty.io.netty.channel.nio.NioEventLoop.run(NioEventLoop.java:458)
	at org.apache.ratis.thirdparty.io.netty.util.concurrent.SingleThreadEventExecutor$5.run(SingleThreadEventExecutor.java:897)
	at org.apache.ratis.thirdparty.io.netty.util.concurrent.FastThreadLocalRunnable.run(FastThreadLocalRunnable.java:30)
	... 1 more
Caused by: java.net.ConnectException: Connection refused
	... 11 more
2019-10-14 14:43:17,443 [caa892f0-76ff-4c1e-b30f-b7c59842badc@group-E0B7C1D5C8D3:LeaderElection118] INFO  impl.RaftServerImpl (RaftServerImpl.java:setRole(174)) - caa892f0-76ff-4c1e-b30f-b7c59842badc@group-E0B7C1D5C8D3: changes role from CANDIDATE to FOLLOWER at term 42 for DISCOVERED_A_NEW_TERM
2019-10-14 14:43:17,444 [caa892f0-76ff-4c1e-b30f-b7c59842badc@group-E0B7C1D5C8D3:LeaderElection118] INFO  impl.RoleInfo (RoleInfo.java:shutdownLeaderElection(134)) - caa892f0-76ff-4c1e-b30f-b7c59842badc: shutdown LeaderElection
2019-10-14 14:43:17,444 [caa892f0-76ff-4c1e-b30f-b7c59842badc@group-E0B7C1D5C8D3:LeaderElection118] INFO  impl.RoleInfo (RoleInfo.java:updateAndGet(143)) - caa892f0-76ff-4c1e-b30f-b7c59842badc: start FollowerState
2019-10-14 14:43:17,626 [grpc-default-executor-12] WARN  server.GrpcLogAppender (LogUtils.java:warn(134)) - caa892f0-76ff-4c1e-b30f-b7c59842badc@group-382452901537->f9748ec4-5d8a-4dfc-8690-85b8cdac3f5d-AppendLogResponseHandler: Failed appendEntries: org.apache.ratis.thirdparty.io.grpc.StatusRuntimeException: UNAVAILABLE: io exception
2019-10-14 14:43:17,626 [grpc-default-executor-4] WARN  server.GrpcLogAppender (LogUtils.java:warn(134)) - caa892f0-76ff-4c1e-b30f-b7c59842badc@group-382452901537->07a15819-e4fc-4072-82ac-b3e77a99d12a-AppendLogResponseHandler: Failed appendEntries: org.apache.ratis.thirdparty.io.grpc.StatusRuntimeException: UNAVAILABLE: io exception
2019-10-14 14:43:17,626 [grpc-default-executor-0] WARN  server.GrpcLogAppender (LogUtils.java:warn(134)) - caa892f0-76ff-4c1e-b30f-b7c59842badc@group-026CFA11C8A1->f9748ec4-5d8a-4dfc-8690-85b8cdac3f5d-AppendLogResponseHandler: Failed appendEntries: org.apache.ratis.thirdparty.io.grpc.StatusRuntimeException: UNAVAILABLE: io exception
2019-10-14 14:43:17,626 [grpc-default-executor-1] WARN  server.GrpcLogAppender (LogUtils.java:warn(134)) - caa892f0-76ff-4c1e-b30f-b7c59842badc@group-026CFA11C8A1->07a15819-e4fc-4072-82ac-b3e77a99d12a-AppendLogResponseHandler: Failed appendEntries: org.apache.ratis.thirdparty.io.grpc.StatusRuntimeException: UNAVAILABLE: io exception
2019-10-14 14:43:17,627 [grpc-default-executor-0] INFO  impl.FollowerInfo (FollowerInfo.java:lambda$new$0(51)) - caa892f0-76ff-4c1e-b30f-b7c59842badc@group-026CFA11C8A1->f9748ec4-5d8a-4dfc-8690-85b8cdac3f5d: nextIndex: updateUnconditionally 0 -> 0
2019-10-14 14:43:17,627 [grpc-default-executor-4] INFO  impl.FollowerInfo (FollowerInfo.java:lambda$new$0(51)) - caa892f0-76ff-4c1e-b30f-b7c59842badc@group-382452901537->07a15819-e4fc-4072-82ac-b3e77a99d12a: nextIndex: updateUnconditionally 0 -> 0
2019-10-14 14:43:17,627 [grpc-default-executor-12] INFO  impl.FollowerInfo (FollowerInfo.java:lambda$new$0(51)) - caa892f0-76ff-4c1e-b30f-b7c59842badc@group-382452901537->f9748ec4-5d8a-4dfc-8690-85b8cdac3f5d: nextIndex: updateUnconditionally 0 -> 0
2019-10-14 14:43:17,627 [grpc-default-executor-1] INFO  impl.FollowerInfo (FollowerInfo.java:lambda$new$0(51)) - caa892f0-76ff-4c1e-b30f-b7c59842badc@group-026CFA11C8A1->07a15819-e4fc-4072-82ac-b3e77a99d12a: nextIndex: updateUnconditionally 0 -> 0
2019-10-14 14:43:17,643 [Thread-1956] INFO  impl.FollowerState (FollowerState.java:run(106)) - caa892f0-76ff-4c1e-b30f-b7c59842badc:group-EA752D978E74 changes to CANDIDATE, lastRpcTime:1079, electionTimeout:1079ms
2019-10-14 14:43:17,643 [Thread-1956] INFO  impl.RoleInfo (RoleInfo.java:shutdownFollowerState(121)) - caa892f0-76ff-4c1e-b30f-b7c59842badc: shutdown FollowerState
2019-10-14 14:43:17,643 [Thread-1956] INFO  impl.RaftServerImpl (RaftServerImpl.java:setRole(174)) - caa892f0-76ff-4c1e-b30f-b7c59842badc@group-EA752D978E74: changes role from  FOLLOWER to CANDIDATE at term 40 for changeToCandidate
2019-10-14 14:43:17,643 [Thread-1956] INFO  impl.RoleInfo (RoleInfo.java:updateAndGet(143)) - caa892f0-76ff-4c1e-b30f-b7c59842badc: start LeaderElection
2019-10-14 14:43:17,657 [caa892f0-76ff-4c1e-b30f-b7c59842badc@group-EA752D978E74:LeaderElection119] INFO  impl.LeaderElection (LeaderElection.java:askForVotes(182)) - caa892f0-76ff-4c1e-b30f-b7c59842badc@group-EA752D978E74:LeaderElection119: begin an election at term 41 for 0: [07a15819-e4fc-4072-82ac-b3e77a99d12a:192.168.5.159:45599, f9748ec4-5d8a-4dfc-8690-85b8cdac3f5d:192.168.5.159:44598, caa892f0-76ff-4c1e-b30f-b7c59842badc:192.168.5.159:39406], old=null
2019-10-14 14:43:17,659 [caa892f0-76ff-4c1e-b30f-b7c59842badc@group-EA752D978E74:LeaderElection119] INFO  impl.LeaderElection (LogUtils.java:infoOrTrace(149)) - caa892f0-76ff-4c1e-b30f-b7c59842badc@group-EA752D978E74:LeaderElection119 got exception when requesting votes: {}
java.util.concurrent.ExecutionException: org.apache.ratis.thirdparty.io.grpc.StatusRuntimeException: UNAVAILABLE: io exception
	at java.util.concurrent.FutureTask.report(FutureTask.java:122)
	at java.util.concurrent.FutureTask.get(FutureTask.java:192)
	at org.apache.ratis.server.impl.LeaderElection.waitForResults(LeaderElection.java:263)
	at org.apache.ratis.server.impl.LeaderElection.askForVotes(LeaderElection.java:201)
	at org.apache.ratis.server.impl.LeaderElection.run(LeaderElection.java:133)
	at java.lang.Thread.run(Thread.java:748)
Caused by: org.apache.ratis.thirdparty.io.grpc.StatusRuntimeException: UNAVAILABLE: io exception
	at org.apache.ratis.thirdparty.io.grpc.stub.ClientCalls.toStatusRuntimeException(ClientCalls.java:233)
	at org.apache.ratis.thirdparty.io.grpc.stub.ClientCalls.getUnchecked(ClientCalls.java:214)
	at org.apache.ratis.thirdparty.io.grpc.stub.ClientCalls.blockingUnaryCall(ClientCalls.java:139)
	at org.apache.ratis.proto.grpc.RaftServerProtocolServiceGrpc$RaftServerProtocolServiceBlockingStub.requestVote(RaftServerProtocolServiceGrpc.java:265)
	at org.apache.ratis.grpc.server.GrpcServerProtocolClient.requestVote(GrpcServerProtocolClient.java:90)
	at org.apache.ratis.grpc.server.GrpcService.requestVote(GrpcService.java:204)
	at org.apache.ratis.server.impl.LeaderElection.lambda$submitRequests$1(LeaderElection.java:238)
	at java.util.concurrent.FutureTask.run(FutureTask.java:266)
	at java.util.concurrent.Executors$RunnableAdapter.call(Executors.java:511)
	at java.util.concurrent.FutureTask.run(FutureTask.java:266)
	at java.util.concurrent.ThreadPoolExecutor.runWorker(ThreadPoolExecutor.java:1149)
	at java.util.concurrent.ThreadPoolExecutor$Worker.run(ThreadPoolExecutor.java:624)
	... 1 more
Caused by: org.apache.ratis.thirdparty.io.netty.channel.AbstractChannel$AnnotatedConnectException: Connection refused: /192.168.5.159:45599
	at sun.nio.ch.SocketChannelImpl.checkConnect(Native Method)
	at sun.nio.ch.SocketChannelImpl.finishConnect(SocketChannelImpl.java:717)
	at org.apache.ratis.thirdparty.io.netty.channel.socket.nio.NioSocketChannel.doFinishConnect(NioSocketChannel.java:327)
	at org.apache.ratis.thirdparty.io.netty.channel.nio.AbstractNioChannel$AbstractNioUnsafe.finishConnect(AbstractNioChannel.java:340)
	at org.apache.ratis.thirdparty.io.netty.channel.nio.NioEventLoop.processSelectedKey(NioEventLoop.java:632)
	at org.apache.ratis.thirdparty.io.netty.channel.nio.NioEventLoop.processSelectedKeysOptimized(NioEventLoop.java:579)
	at org.apache.ratis.thirdparty.io.netty.channel.nio.NioEventLoop.processSelectedKeys(NioEventLoop.java:496)
	at org.apache.ratis.thirdparty.io.netty.channel.nio.NioEventLoop.run(NioEventLoop.java:458)
	at org.apache.ratis.thirdparty.io.netty.util.concurrent.SingleThreadEventExecutor$5.run(SingleThreadEventExecutor.java:897)
	at org.apache.ratis.thirdparty.io.netty.util.concurrent.FastThreadLocalRunnable.run(FastThreadLocalRunnable.java:30)
	... 1 more
Caused by: java.net.ConnectException: Connection refused
	... 11 more
2019-10-14 14:43:17,660 [caa892f0-76ff-4c1e-b30f-b7c59842badc@group-EA752D978E74:LeaderElection119] INFO  impl.LeaderElection (LogUtils.java:infoOrTrace(149)) - caa892f0-76ff-4c1e-b30f-b7c59842badc@group-EA752D978E74:LeaderElection119 got exception when requesting votes: {}
java.util.concurrent.ExecutionException: org.apache.ratis.thirdparty.io.grpc.StatusRuntimeException: UNAVAILABLE: io exception
	at java.util.concurrent.FutureTask.report(FutureTask.java:122)
	at java.util.concurrent.FutureTask.get(FutureTask.java:192)
	at org.apache.ratis.server.impl.LeaderElection.waitForResults(LeaderElection.java:263)
	at org.apache.ratis.server.impl.LeaderElection.askForVotes(LeaderElection.java:201)
	at org.apache.ratis.server.impl.LeaderElection.run(LeaderElection.java:133)
	at java.lang.Thread.run(Thread.java:748)
Caused by: org.apache.ratis.thirdparty.io.grpc.StatusRuntimeException: UNAVAILABLE: io exception
	at org.apache.ratis.thirdparty.io.grpc.stub.ClientCalls.toStatusRuntimeException(ClientCalls.java:233)
	at org.apache.ratis.thirdparty.io.grpc.stub.ClientCalls.getUnchecked(ClientCalls.java:214)
	at org.apache.ratis.thirdparty.io.grpc.stub.ClientCalls.blockingUnaryCall(ClientCalls.java:139)
	at org.apache.ratis.proto.grpc.RaftServerProtocolServiceGrpc$RaftServerProtocolServiceBlockingStub.requestVote(RaftServerProtocolServiceGrpc.java:265)
	at org.apache.ratis.grpc.server.GrpcServerProtocolClient.requestVote(GrpcServerProtocolClient.java:90)
	at org.apache.ratis.grpc.server.GrpcService.requestVote(GrpcService.java:204)
	at org.apache.ratis.server.impl.LeaderElection.lambda$submitRequests$1(LeaderElection.java:238)
	at java.util.concurrent.FutureTask.run(FutureTask.java:266)
	at java.util.concurrent.Executors$RunnableAdapter.call(Executors.java:511)
	at java.util.concurrent.FutureTask.run(FutureTask.java:266)
	at java.util.concurrent.ThreadPoolExecutor.runWorker(ThreadPoolExecutor.java:1149)
	at java.util.concurrent.ThreadPoolExecutor$Worker.run(ThreadPoolExecutor.java:624)
	... 1 more
Caused by: org.apache.ratis.thirdparty.io.netty.channel.AbstractChannel$AnnotatedConnectException: Connection refused: /192.168.5.159:44598
	at sun.nio.ch.SocketChannelImpl.checkConnect(Native Method)
	at sun.nio.ch.SocketChannelImpl.finishConnect(SocketChannelImpl.java:717)
	at org.apache.ratis.thirdparty.io.netty.channel.socket.nio.NioSocketChannel.doFinishConnect(NioSocketChannel.java:327)
	at org.apache.ratis.thirdparty.io.netty.channel.nio.AbstractNioChannel$AbstractNioUnsafe.finishConnect(AbstractNioChannel.java:340)
	at org.apache.ratis.thirdparty.io.netty.channel.nio.NioEventLoop.processSelectedKey(NioEventLoop.java:632)
	at org.apache.ratis.thirdparty.io.netty.channel.nio.NioEventLoop.processSelectedKeysOptimized(NioEventLoop.java:579)
	at org.apache.ratis.thirdparty.io.netty.channel.nio.NioEventLoop.processSelectedKeys(NioEventLoop.java:496)
	at org.apache.ratis.thirdparty.io.netty.channel.nio.NioEventLoop.run(NioEventLoop.java:458)
	at org.apache.ratis.thirdparty.io.netty.util.concurrent.SingleThreadEventExecutor$5.run(SingleThreadEventExecutor.java:897)
	at org.apache.ratis.thirdparty.io.netty.util.concurrent.FastThreadLocalRunnable.run(FastThreadLocalRunnable.java:30)
	... 1 more
Caused by: java.net.ConnectException: Connection refused
	... 11 more
2019-10-14 14:43:17,660 [caa892f0-76ff-4c1e-b30f-b7c59842badc@group-EA752D978E74:LeaderElection119] INFO  impl.LeaderElection (LeaderElection.java:logAndReturn(56)) - caa892f0-76ff-4c1e-b30f-b7c59842badc@group-EA752D978E74:LeaderElection119: Election REJECTED; received 0 response(s) [] and 2 exception(s); caa892f0-76ff-4c1e-b30f-b7c59842badc@group-EA752D978E74:t41, leader=null, voted=caa892f0-76ff-4c1e-b30f-b7c59842badc, raftlog=caa892f0-76ff-4c1e-b30f-b7c59842badc@group-EA752D978E74-SegmentedRaftLog:OPENED:c16,f16,i16, conf=0: [07a15819-e4fc-4072-82ac-b3e77a99d12a:192.168.5.159:45599, f9748ec4-5d8a-4dfc-8690-85b8cdac3f5d:192.168.5.159:44598, caa892f0-76ff-4c1e-b30f-b7c59842badc:192.168.5.159:39406], old=null
2019-10-14 14:43:17,660 [caa892f0-76ff-4c1e-b30f-b7c59842badc@group-EA752D978E74:LeaderElection119] INFO  impl.LeaderElection (LogUtils.java:infoOrTrace(149)) -   Exception 0: {}
java.util.concurrent.ExecutionException: org.apache.ratis.thirdparty.io.grpc.StatusRuntimeException: UNAVAILABLE: io exception
	at java.util.concurrent.FutureTask.report(FutureTask.java:122)
	at java.util.concurrent.FutureTask.get(FutureTask.java:192)
	at org.apache.ratis.server.impl.LeaderElection.waitForResults(LeaderElection.java:263)
	at org.apache.ratis.server.impl.LeaderElection.askForVotes(LeaderElection.java:201)
	at org.apache.ratis.server.impl.LeaderElection.run(LeaderElection.java:133)
	at java.lang.Thread.run(Thread.java:748)
Caused by: org.apache.ratis.thirdparty.io.grpc.StatusRuntimeException: UNAVAILABLE: io exception
	at org.apache.ratis.thirdparty.io.grpc.stub.ClientCalls.toStatusRuntimeException(ClientCalls.java:233)
	at org.apache.ratis.thirdparty.io.grpc.stub.ClientCalls.getUnchecked(ClientCalls.java:214)
	at org.apache.ratis.thirdparty.io.grpc.stub.ClientCalls.blockingUnaryCall(ClientCalls.java:139)
	at org.apache.ratis.proto.grpc.RaftServerProtocolServiceGrpc$RaftServerProtocolServiceBlockingStub.requestVote(RaftServerProtocolServiceGrpc.java:265)
	at org.apache.ratis.grpc.server.GrpcServerProtocolClient.requestVote(GrpcServerProtocolClient.java:90)
	at org.apache.ratis.grpc.server.GrpcService.requestVote(GrpcService.java:204)
	at org.apache.ratis.server.impl.LeaderElection.lambda$submitRequests$1(LeaderElection.java:238)
	at java.util.concurrent.FutureTask.run(FutureTask.java:266)
	at java.util.concurrent.Executors$RunnableAdapter.call(Executors.java:511)
	at java.util.concurrent.FutureTask.run(FutureTask.java:266)
	at java.util.concurrent.ThreadPoolExecutor.runWorker(ThreadPoolExecutor.java:1149)
	at java.util.concurrent.ThreadPoolExecutor$Worker.run(ThreadPoolExecutor.java:624)
	... 1 more
Caused by: org.apache.ratis.thirdparty.io.netty.channel.AbstractChannel$AnnotatedConnectException: Connection refused: /192.168.5.159:45599
	at sun.nio.ch.SocketChannelImpl.checkConnect(Native Method)
	at sun.nio.ch.SocketChannelImpl.finishConnect(SocketChannelImpl.java:717)
	at org.apache.ratis.thirdparty.io.netty.channel.socket.nio.NioSocketChannel.doFinishConnect(NioSocketChannel.java:327)
	at org.apache.ratis.thirdparty.io.netty.channel.nio.AbstractNioChannel$AbstractNioUnsafe.finishConnect(AbstractNioChannel.java:340)
	at org.apache.ratis.thirdparty.io.netty.channel.nio.NioEventLoop.processSelectedKey(NioEventLoop.java:632)
	at org.apache.ratis.thirdparty.io.netty.channel.nio.NioEventLoop.processSelectedKeysOptimized(NioEventLoop.java:579)
	at org.apache.ratis.thirdparty.io.netty.channel.nio.NioEventLoop.processSelectedKeys(NioEventLoop.java:496)
	at org.apache.ratis.thirdparty.io.netty.channel.nio.NioEventLoop.run(NioEventLoop.java:458)
	at org.apache.ratis.thirdparty.io.netty.util.concurrent.SingleThreadEventExecutor$5.run(SingleThreadEventExecutor.java:897)
	at org.apache.ratis.thirdparty.io.netty.util.concurrent.FastThreadLocalRunnable.run(FastThreadLocalRunnable.java:30)
	... 1 more
Caused by: java.net.ConnectException: Connection refused
	... 11 more
2019-10-14 14:43:17,660 [caa892f0-76ff-4c1e-b30f-b7c59842badc@group-EA752D978E74:LeaderElection119] INFO  impl.LeaderElection (LogUtils.java:infoOrTrace(149)) -   Exception 1: {}
java.util.concurrent.ExecutionException: org.apache.ratis.thirdparty.io.grpc.StatusRuntimeException: UNAVAILABLE: io exception
	at java.util.concurrent.FutureTask.report(FutureTask.java:122)
	at java.util.concurrent.FutureTask.get(FutureTask.java:192)
	at org.apache.ratis.server.impl.LeaderElection.waitForResults(LeaderElection.java:263)
	at org.apache.ratis.server.impl.LeaderElection.askForVotes(LeaderElection.java:201)
	at org.apache.ratis.server.impl.LeaderElection.run(LeaderElection.java:133)
	at java.lang.Thread.run(Thread.java:748)
Caused by: org.apache.ratis.thirdparty.io.grpc.StatusRuntimeException: UNAVAILABLE: io exception
	at org.apache.ratis.thirdparty.io.grpc.stub.ClientCalls.toStatusRuntimeException(ClientCalls.java:233)
	at org.apache.ratis.thirdparty.io.grpc.stub.ClientCalls.getUnchecked(ClientCalls.java:214)
	at org.apache.ratis.thirdparty.io.grpc.stub.ClientCalls.blockingUnaryCall(ClientCalls.java:139)
	at org.apache.ratis.proto.grpc.RaftServerProtocolServiceGrpc$RaftServerProtocolServiceBlockingStub.requestVote(RaftServerProtocolServiceGrpc.java:265)
	at org.apache.ratis.grpc.server.GrpcServerProtocolClient.requestVote(GrpcServerProtocolClient.java:90)
	at org.apache.ratis.grpc.server.GrpcService.requestVote(GrpcService.java:204)
	at org.apache.ratis.server.impl.LeaderElection.lambda$submitRequests$1(LeaderElection.java:238)
	at java.util.concurrent.FutureTask.run(FutureTask.java:266)
	at java.util.concurrent.Executors$RunnableAdapter.call(Executors.java:511)
	at java.util.concurrent.FutureTask.run(FutureTask.java:266)
	at java.util.concurrent.ThreadPoolExecutor.runWorker(ThreadPoolExecutor.java:1149)
	at java.util.concurrent.ThreadPoolExecutor$Worker.run(ThreadPoolExecutor.java:624)
	... 1 more
Caused by: org.apache.ratis.thirdparty.io.netty.channel.AbstractChannel$AnnotatedConnectException: Connection refused: /192.168.5.159:44598
	at sun.nio.ch.SocketChannelImpl.checkConnect(Native Method)
	at sun.nio.ch.SocketChannelImpl.finishConnect(SocketChannelImpl.java:717)
	at org.apache.ratis.thirdparty.io.netty.channel.socket.nio.NioSocketChannel.doFinishConnect(NioSocketChannel.java:327)
	at org.apache.ratis.thirdparty.io.netty.channel.nio.AbstractNioChannel$AbstractNioUnsafe.finishConnect(AbstractNioChannel.java:340)
	at org.apache.ratis.thirdparty.io.netty.channel.nio.NioEventLoop.processSelectedKey(NioEventLoop.java:632)
	at org.apache.ratis.thirdparty.io.netty.channel.nio.NioEventLoop.processSelectedKeysOptimized(NioEventLoop.java:579)
	at org.apache.ratis.thirdparty.io.netty.channel.nio.NioEventLoop.processSelectedKeys(NioEventLoop.java:496)
	at org.apache.ratis.thirdparty.io.netty.channel.nio.NioEventLoop.run(NioEventLoop.java:458)
	at org.apache.ratis.thirdparty.io.netty.util.concurrent.SingleThreadEventExecutor$5.run(SingleThreadEventExecutor.java:897)
	at org.apache.ratis.thirdparty.io.netty.util.concurrent.FastThreadLocalRunnable.run(FastThreadLocalRunnable.java:30)
	... 1 more
Caused by: java.net.ConnectException: Connection refused
	... 11 more
2019-10-14 14:43:17,661 [caa892f0-76ff-4c1e-b30f-b7c59842badc@group-EA752D978E74:LeaderElection119] INFO  impl.RaftServerImpl (RaftServerImpl.java:setRole(174)) - caa892f0-76ff-4c1e-b30f-b7c59842badc@group-EA752D978E74: changes role from CANDIDATE to FOLLOWER at term 41 for DISCOVERED_A_NEW_TERM
2019-10-14 14:43:17,661 [caa892f0-76ff-4c1e-b30f-b7c59842badc@group-EA752D978E74:LeaderElection119] INFO  impl.RoleInfo (RoleInfo.java:shutdownLeaderElection(134)) - caa892f0-76ff-4c1e-b30f-b7c59842badc: shutdown LeaderElection
2019-10-14 14:43:17,661 [caa892f0-76ff-4c1e-b30f-b7c59842badc@group-EA752D978E74:LeaderElection119] INFO  impl.RoleInfo (RoleInfo.java:updateAndGet(143)) - caa892f0-76ff-4c1e-b30f-b7c59842badc: start FollowerState
2019-10-14 14:43:18,127 [grpc-default-executor-1] WARN  server.GrpcLogAppender (LogUtils.java:warn(134)) - caa892f0-76ff-4c1e-b30f-b7c59842badc@group-382452901537->f9748ec4-5d8a-4dfc-8690-85b8cdac3f5d-AppendLogResponseHandler: Failed appendEntries: org.apache.ratis.thirdparty.io.grpc.StatusRuntimeException: UNAVAILABLE: io exception
2019-10-14 14:43:18,127 [grpc-default-executor-4] WARN  server.GrpcLogAppender (LogUtils.java:warn(134)) - caa892f0-76ff-4c1e-b30f-b7c59842badc@group-382452901537->07a15819-e4fc-4072-82ac-b3e77a99d12a-AppendLogResponseHandler: Failed appendEntries: org.apache.ratis.thirdparty.io.grpc.StatusRuntimeException: UNAVAILABLE: io exception
2019-10-14 14:43:18,127 [grpc-default-executor-0] WARN  server.GrpcLogAppender (LogUtils.java:warn(134)) - caa892f0-76ff-4c1e-b30f-b7c59842badc@group-026CFA11C8A1->07a15819-e4fc-4072-82ac-b3e77a99d12a-AppendLogResponseHandler: Failed appendEntries: org.apache.ratis.thirdparty.io.grpc.StatusRuntimeException: UNAVAILABLE: io exception
2019-10-14 14:43:18,127 [grpc-default-executor-12] WARN  server.GrpcLogAppender (LogUtils.java:warn(134)) - caa892f0-76ff-4c1e-b30f-b7c59842badc@group-026CFA11C8A1->f9748ec4-5d8a-4dfc-8690-85b8cdac3f5d-AppendLogResponseHandler: Failed appendEntries: org.apache.ratis.thirdparty.io.grpc.StatusRuntimeException: UNAVAILABLE: io exception
2019-10-14 14:43:18,129 [grpc-default-executor-4] INFO  impl.FollowerInfo (FollowerInfo.java:lambda$new$0(51)) - caa892f0-76ff-4c1e-b30f-b7c59842badc@group-382452901537->07a15819-e4fc-4072-82ac-b3e77a99d12a: nextIndex: updateUnconditionally 0 -> 0
2019-10-14 14:43:18,129 [grpc-default-executor-0] INFO  impl.FollowerInfo (FollowerInfo.java:lambda$new$0(51)) - caa892f0-76ff-4c1e-b30f-b7c59842badc@group-026CFA11C8A1->07a15819-e4fc-4072-82ac-b3e77a99d12a: nextIndex: updateUnconditionally 0 -> 0
2019-10-14 14:43:18,129 [grpc-default-executor-1] INFO  impl.FollowerInfo (FollowerInfo.java:lambda$new$0(51)) - caa892f0-76ff-4c1e-b30f-b7c59842badc@group-382452901537->f9748ec4-5d8a-4dfc-8690-85b8cdac3f5d: nextIndex: updateUnconditionally 0 -> 0
2019-10-14 14:43:18,129 [grpc-default-executor-12] INFO  impl.FollowerInfo (FollowerInfo.java:lambda$new$0(51)) - caa892f0-76ff-4c1e-b30f-b7c59842badc@group-026CFA11C8A1->f9748ec4-5d8a-4dfc-8690-85b8cdac3f5d: nextIndex: updateUnconditionally 0 -> 0
2019-10-14 14:43:18,473 [Thread-1976] INFO  impl.FollowerState (FollowerState.java:run(106)) - caa892f0-76ff-4c1e-b30f-b7c59842badc:group-E0B7C1D5C8D3 changes to CANDIDATE, lastRpcTime:1029, electionTimeout:1029ms
2019-10-14 14:43:18,474 [Thread-1976] INFO  impl.RoleInfo (RoleInfo.java:shutdownFollowerState(121)) - caa892f0-76ff-4c1e-b30f-b7c59842badc: shutdown FollowerState
2019-10-14 14:43:18,474 [Thread-1976] INFO  impl.RaftServerImpl (RaftServerImpl.java:setRole(174)) - caa892f0-76ff-4c1e-b30f-b7c59842badc@group-E0B7C1D5C8D3: changes role from  FOLLOWER to CANDIDATE at term 42 for changeToCandidate
2019-10-14 14:43:18,474 [Thread-1976] INFO  impl.RoleInfo (RoleInfo.java:updateAndGet(143)) - caa892f0-76ff-4c1e-b30f-b7c59842badc: start LeaderElection
2019-10-14 14:43:18,489 [caa892f0-76ff-4c1e-b30f-b7c59842badc@group-E0B7C1D5C8D3:LeaderElection120] INFO  impl.LeaderElection (LeaderElection.java:askForVotes(182)) - caa892f0-76ff-4c1e-b30f-b7c59842badc@group-E0B7C1D5C8D3:LeaderElection120: begin an election at term 43 for 0: [07a15819-e4fc-4072-82ac-b3e77a99d12a:192.168.5.159:45599, f9748ec4-5d8a-4dfc-8690-85b8cdac3f5d:192.168.5.159:44598, caa892f0-76ff-4c1e-b30f-b7c59842badc:192.168.5.159:39406], old=null
2019-10-14 14:43:18,493 [caa892f0-76ff-4c1e-b30f-b7c59842badc@group-E0B7C1D5C8D3:LeaderElection120] INFO  impl.LeaderElection (LogUtils.java:infoOrTrace(149)) - caa892f0-76ff-4c1e-b30f-b7c59842badc@group-E0B7C1D5C8D3:LeaderElection120 got exception when requesting votes: {}
java.util.concurrent.ExecutionException: org.apache.ratis.thirdparty.io.grpc.StatusRuntimeException: UNAVAILABLE: io exception
	at java.util.concurrent.FutureTask.report(FutureTask.java:122)
	at java.util.concurrent.FutureTask.get(FutureTask.java:192)
	at org.apache.ratis.server.impl.LeaderElection.waitForResults(LeaderElection.java:263)
	at org.apache.ratis.server.impl.LeaderElection.askForVotes(LeaderElection.java:201)
	at org.apache.ratis.server.impl.LeaderElection.run(LeaderElection.java:133)
	at java.lang.Thread.run(Thread.java:748)
Caused by: org.apache.ratis.thirdparty.io.grpc.StatusRuntimeException: UNAVAILABLE: io exception
	at org.apache.ratis.thirdparty.io.grpc.stub.ClientCalls.toStatusRuntimeException(ClientCalls.java:233)
	at org.apache.ratis.thirdparty.io.grpc.stub.ClientCalls.getUnchecked(ClientCalls.java:214)
	at org.apache.ratis.thirdparty.io.grpc.stub.ClientCalls.blockingUnaryCall(ClientCalls.java:139)
	at org.apache.ratis.proto.grpc.RaftServerProtocolServiceGrpc$RaftServerProtocolServiceBlockingStub.requestVote(RaftServerProtocolServiceGrpc.java:265)
	at org.apache.ratis.grpc.server.GrpcServerProtocolClient.requestVote(GrpcServerProtocolClient.java:90)
	at org.apache.ratis.grpc.server.GrpcService.requestVote(GrpcService.java:204)
	at org.apache.ratis.server.impl.LeaderElection.lambda$submitRequests$1(LeaderElection.java:238)
	at java.util.concurrent.FutureTask.run(FutureTask.java:266)
	at java.util.concurrent.Executors$RunnableAdapter.call(Executors.java:511)
	at java.util.concurrent.FutureTask.run(FutureTask.java:266)
	at java.util.concurrent.ThreadPoolExecutor.runWorker(ThreadPoolExecutor.java:1149)
	at java.util.concurrent.ThreadPoolExecutor$Worker.run(ThreadPoolExecutor.java:624)
	... 1 more
Caused by: org.apache.ratis.thirdparty.io.netty.channel.AbstractChannel$AnnotatedConnectException: Connection refused: /192.168.5.159:45599
	at sun.nio.ch.SocketChannelImpl.checkConnect(Native Method)
	at sun.nio.ch.SocketChannelImpl.finishConnect(SocketChannelImpl.java:717)
	at org.apache.ratis.thirdparty.io.netty.channel.socket.nio.NioSocketChannel.doFinishConnect(NioSocketChannel.java:327)
	at org.apache.ratis.thirdparty.io.netty.channel.nio.AbstractNioChannel$AbstractNioUnsafe.finishConnect(AbstractNioChannel.java:340)
	at org.apache.ratis.thirdparty.io.netty.channel.nio.NioEventLoop.processSelectedKey(NioEventLoop.java:632)
	at org.apache.ratis.thirdparty.io.netty.channel.nio.NioEventLoop.processSelectedKeysOptimized(NioEventLoop.java:579)
	at org.apache.ratis.thirdparty.io.netty.channel.nio.NioEventLoop.processSelectedKeys(NioEventLoop.java:496)
	at org.apache.ratis.thirdparty.io.netty.channel.nio.NioEventLoop.run(NioEventLoop.java:458)
	at org.apache.ratis.thirdparty.io.netty.util.concurrent.SingleThreadEventExecutor$5.run(SingleThreadEventExecutor.java:897)
	at org.apache.ratis.thirdparty.io.netty.util.concurrent.FastThreadLocalRunnable.run(FastThreadLocalRunnable.java:30)
	... 1 more
Caused by: java.net.ConnectException: Connection refused
	... 11 more
2019-10-14 14:43:18,494 [caa892f0-76ff-4c1e-b30f-b7c59842badc@group-E0B7C1D5C8D3:LeaderElection120] INFO  impl.LeaderElection (LogUtils.java:infoOrTrace(149)) - caa892f0-76ff-4c1e-b30f-b7c59842badc@group-E0B7C1D5C8D3:LeaderElection120 got exception when requesting votes: {}
java.util.concurrent.ExecutionException: org.apache.ratis.thirdparty.io.grpc.StatusRuntimeException: UNAVAILABLE: io exception
	at java.util.concurrent.FutureTask.report(FutureTask.java:122)
	at java.util.concurrent.FutureTask.get(FutureTask.java:192)
	at org.apache.ratis.server.impl.LeaderElection.waitForResults(LeaderElection.java:263)
	at org.apache.ratis.server.impl.LeaderElection.askForVotes(LeaderElection.java:201)
	at org.apache.ratis.server.impl.LeaderElection.run(LeaderElection.java:133)
	at java.lang.Thread.run(Thread.java:748)
Caused by: org.apache.ratis.thirdparty.io.grpc.StatusRuntimeException: UNAVAILABLE: io exception
	at org.apache.ratis.thirdparty.io.grpc.stub.ClientCalls.toStatusRuntimeException(ClientCalls.java:233)
	at org.apache.ratis.thirdparty.io.grpc.stub.ClientCalls.getUnchecked(ClientCalls.java:214)
	at org.apache.ratis.thirdparty.io.grpc.stub.ClientCalls.blockingUnaryCall(ClientCalls.java:139)
	at org.apache.ratis.proto.grpc.RaftServerProtocolServiceGrpc$RaftServerProtocolServiceBlockingStub.requestVote(RaftServerProtocolServiceGrpc.java:265)
	at org.apache.ratis.grpc.server.GrpcServerProtocolClient.requestVote(GrpcServerProtocolClient.java:90)
	at org.apache.ratis.grpc.server.GrpcService.requestVote(GrpcService.java:204)
	at org.apache.ratis.server.impl.LeaderElection.lambda$submitRequests$1(LeaderElection.java:238)
	at java.util.concurrent.FutureTask.run(FutureTask.java:266)
	at java.util.concurrent.Executors$RunnableAdapter.call(Executors.java:511)
	at java.util.concurrent.FutureTask.run(FutureTask.java:266)
	at java.util.concurrent.ThreadPoolExecutor.runWorker(ThreadPoolExecutor.java:1149)
	at java.util.concurrent.ThreadPoolExecutor$Worker.run(ThreadPoolExecutor.java:624)
	... 1 more
Caused by: org.apache.ratis.thirdparty.io.netty.channel.AbstractChannel$AnnotatedConnectException: Connection refused: /192.168.5.159:44598
	at sun.nio.ch.SocketChannelImpl.checkConnect(Native Method)
	at sun.nio.ch.SocketChannelImpl.finishConnect(SocketChannelImpl.java:717)
	at org.apache.ratis.thirdparty.io.netty.channel.socket.nio.NioSocketChannel.doFinishConnect(NioSocketChannel.java:327)
	at org.apache.ratis.thirdparty.io.netty.channel.nio.AbstractNioChannel$AbstractNioUnsafe.finishConnect(AbstractNioChannel.java:340)
	at org.apache.ratis.thirdparty.io.netty.channel.nio.NioEventLoop.processSelectedKey(NioEventLoop.java:632)
	at org.apache.ratis.thirdparty.io.netty.channel.nio.NioEventLoop.processSelectedKeysOptimized(NioEventLoop.java:579)
	at org.apache.ratis.thirdparty.io.netty.channel.nio.NioEventLoop.processSelectedKeys(NioEventLoop.java:496)
	at org.apache.ratis.thirdparty.io.netty.channel.nio.NioEventLoop.run(NioEventLoop.java:458)
	at org.apache.ratis.thirdparty.io.netty.util.concurrent.SingleThreadEventExecutor$5.run(SingleThreadEventExecutor.java:897)
	at org.apache.ratis.thirdparty.io.netty.util.concurrent.FastThreadLocalRunnable.run(FastThreadLocalRunnable.java:30)
	... 1 more
Caused by: java.net.ConnectException: Connection refused
	... 11 more
2019-10-14 14:43:18,495 [caa892f0-76ff-4c1e-b30f-b7c59842badc@group-E0B7C1D5C8D3:LeaderElection120] INFO  impl.LeaderElection (LeaderElection.java:logAndReturn(56)) - caa892f0-76ff-4c1e-b30f-b7c59842badc@group-E0B7C1D5C8D3:LeaderElection120: Election REJECTED; received 0 response(s) [] and 2 exception(s); caa892f0-76ff-4c1e-b30f-b7c59842badc@group-E0B7C1D5C8D3:t43, leader=null, voted=caa892f0-76ff-4c1e-b30f-b7c59842badc, raftlog=caa892f0-76ff-4c1e-b30f-b7c59842badc@group-E0B7C1D5C8D3-SegmentedRaftLog:OPENED:c0,f0,i0, conf=0: [07a15819-e4fc-4072-82ac-b3e77a99d12a:192.168.5.159:45599, f9748ec4-5d8a-4dfc-8690-85b8cdac3f5d:192.168.5.159:44598, caa892f0-76ff-4c1e-b30f-b7c59842badc:192.168.5.159:39406], old=null
2019-10-14 14:43:18,495 [caa892f0-76ff-4c1e-b30f-b7c59842badc@group-E0B7C1D5C8D3:LeaderElection120] INFO  impl.LeaderElection (LogUtils.java:infoOrTrace(149)) -   Exception 0: {}
java.util.concurrent.ExecutionException: org.apache.ratis.thirdparty.io.grpc.StatusRuntimeException: UNAVAILABLE: io exception
	at java.util.concurrent.FutureTask.report(FutureTask.java:122)
	at java.util.concurrent.FutureTask.get(FutureTask.java:192)
	at org.apache.ratis.server.impl.LeaderElection.waitForResults(LeaderElection.java:263)
	at org.apache.ratis.server.impl.LeaderElection.askForVotes(LeaderElection.java:201)
	at org.apache.ratis.server.impl.LeaderElection.run(LeaderElection.java:133)
	at java.lang.Thread.run(Thread.java:748)
Caused by: org.apache.ratis.thirdparty.io.grpc.StatusRuntimeException: UNAVAILABLE: io exception
	at org.apache.ratis.thirdparty.io.grpc.stub.ClientCalls.toStatusRuntimeException(ClientCalls.java:233)
	at org.apache.ratis.thirdparty.io.grpc.stub.ClientCalls.getUnchecked(ClientCalls.java:214)
	at org.apache.ratis.thirdparty.io.grpc.stub.ClientCalls.blockingUnaryCall(ClientCalls.java:139)
	at org.apache.ratis.proto.grpc.RaftServerProtocolServiceGrpc$RaftServerProtocolServiceBlockingStub.requestVote(RaftServerProtocolServiceGrpc.java:265)
	at org.apache.ratis.grpc.server.GrpcServerProtocolClient.requestVote(GrpcServerProtocolClient.java:90)
	at org.apache.ratis.grpc.server.GrpcService.requestVote(GrpcService.java:204)
	at org.apache.ratis.server.impl.LeaderElection.lambda$submitRequests$1(LeaderElection.java:238)
	at java.util.concurrent.FutureTask.run(FutureTask.java:266)
	at java.util.concurrent.Executors$RunnableAdapter.call(Executors.java:511)
	at java.util.concurrent.FutureTask.run(FutureTask.java:266)
	at java.util.concurrent.ThreadPoolExecutor.runWorker(ThreadPoolExecutor.java:1149)
	at java.util.concurrent.ThreadPoolExecutor$Worker.run(ThreadPoolExecutor.java:624)
	... 1 more
Caused by: org.apache.ratis.thirdparty.io.netty.channel.AbstractChannel$AnnotatedConnectException: Connection refused: /192.168.5.159:45599
	at sun.nio.ch.SocketChannelImpl.checkConnect(Native Method)
	at sun.nio.ch.SocketChannelImpl.finishConnect(SocketChannelImpl.java:717)
	at org.apache.ratis.thirdparty.io.netty.channel.socket.nio.NioSocketChannel.doFinishConnect(NioSocketChannel.java:327)
	at org.apache.ratis.thirdparty.io.netty.channel.nio.AbstractNioChannel$AbstractNioUnsafe.finishConnect(AbstractNioChannel.java:340)
	at org.apache.ratis.thirdparty.io.netty.channel.nio.NioEventLoop.processSelectedKey(NioEventLoop.java:632)
	at org.apache.ratis.thirdparty.io.netty.channel.nio.NioEventLoop.processSelectedKeysOptimized(NioEventLoop.java:579)
	at org.apache.ratis.thirdparty.io.netty.channel.nio.NioEventLoop.processSelectedKeys(NioEventLoop.java:496)
	at org.apache.ratis.thirdparty.io.netty.channel.nio.NioEventLoop.run(NioEventLoop.java:458)
	at org.apache.ratis.thirdparty.io.netty.util.concurrent.SingleThreadEventExecutor$5.run(SingleThreadEventExecutor.java:897)
	at org.apache.ratis.thirdparty.io.netty.util.concurrent.FastThreadLocalRunnable.run(FastThreadLocalRunnable.java:30)
	... 1 more
Caused by: java.net.ConnectException: Connection refused
	... 11 more
2019-10-14 14:43:18,495 [caa892f0-76ff-4c1e-b30f-b7c59842badc@group-E0B7C1D5C8D3:LeaderElection120] INFO  impl.LeaderElection (LogUtils.java:infoOrTrace(149)) -   Exception 1: {}
java.util.concurrent.ExecutionException: org.apache.ratis.thirdparty.io.grpc.StatusRuntimeException: UNAVAILABLE: io exception
	at java.util.concurrent.FutureTask.report(FutureTask.java:122)
	at java.util.concurrent.FutureTask.get(FutureTask.java:192)
	at org.apache.ratis.server.impl.LeaderElection.waitForResults(LeaderElection.java:263)
	at org.apache.ratis.server.impl.LeaderElection.askForVotes(LeaderElection.java:201)
	at org.apache.ratis.server.impl.LeaderElection.run(LeaderElection.java:133)
	at java.lang.Thread.run(Thread.java:748)
Caused by: org.apache.ratis.thirdparty.io.grpc.StatusRuntimeException: UNAVAILABLE: io exception
	at org.apache.ratis.thirdparty.io.grpc.stub.ClientCalls.toStatusRuntimeException(ClientCalls.java:233)
	at org.apache.ratis.thirdparty.io.grpc.stub.ClientCalls.getUnchecked(ClientCalls.java:214)
	at org.apache.ratis.thirdparty.io.grpc.stub.ClientCalls.blockingUnaryCall(ClientCalls.java:139)
	at org.apache.ratis.proto.grpc.RaftServerProtocolServiceGrpc$RaftServerProtocolServiceBlockingStub.requestVote(RaftServerProtocolServiceGrpc.java:265)
	at org.apache.ratis.grpc.server.GrpcServerProtocolClient.requestVote(GrpcServerProtocolClient.java:90)
	at org.apache.ratis.grpc.server.GrpcService.requestVote(GrpcService.java:204)
	at org.apache.ratis.server.impl.LeaderElection.lambda$submitRequests$1(LeaderElection.java:238)
	at java.util.concurrent.FutureTask.run(FutureTask.java:266)
	at java.util.concurrent.Executors$RunnableAdapter.call(Executors.java:511)
	at java.util.concurrent.FutureTask.run(FutureTask.java:266)
	at java.util.concurrent.ThreadPoolExecutor.runWorker(ThreadPoolExecutor.java:1149)
	at java.util.concurrent.ThreadPoolExecutor$Worker.run(ThreadPoolExecutor.java:624)
	... 1 more
Caused by: org.apache.ratis.thirdparty.io.netty.channel.AbstractChannel$AnnotatedConnectException: Connection refused: /192.168.5.159:44598
	at sun.nio.ch.SocketChannelImpl.checkConnect(Native Method)
	at sun.nio.ch.SocketChannelImpl.finishConnect(SocketChannelImpl.java:717)
	at org.apache.ratis.thirdparty.io.netty.channel.socket.nio.NioSocketChannel.doFinishConnect(NioSocketChannel.java:327)
	at org.apache.ratis.thirdparty.io.netty.channel.nio.AbstractNioChannel$AbstractNioUnsafe.finishConnect(AbstractNioChannel.java:340)
	at org.apache.ratis.thirdparty.io.netty.channel.nio.NioEventLoop.processSelectedKey(NioEventLoop.java:632)
	at org.apache.ratis.thirdparty.io.netty.channel.nio.NioEventLoop.processSelectedKeysOptimized(NioEventLoop.java:579)
	at org.apache.ratis.thirdparty.io.netty.channel.nio.NioEventLoop.processSelectedKeys(NioEventLoop.java:496)
	at org.apache.ratis.thirdparty.io.netty.channel.nio.NioEventLoop.run(NioEventLoop.java:458)
	at org.apache.ratis.thirdparty.io.netty.util.concurrent.SingleThreadEventExecutor$5.run(SingleThreadEventExecutor.java:897)
	at org.apache.ratis.thirdparty.io.netty.util.concurrent.FastThreadLocalRunnable.run(FastThreadLocalRunnable.java:30)
	... 1 more
Caused by: java.net.ConnectException: Connection refused
	... 11 more
2019-10-14 14:43:18,495 [caa892f0-76ff-4c1e-b30f-b7c59842badc@group-E0B7C1D5C8D3:LeaderElection120] INFO  impl.RaftServerImpl (RaftServerImpl.java:setRole(174)) - caa892f0-76ff-4c1e-b30f-b7c59842badc@group-E0B7C1D5C8D3: changes role from CANDIDATE to FOLLOWER at term 43 for DISCOVERED_A_NEW_TERM
2019-10-14 14:43:18,496 [caa892f0-76ff-4c1e-b30f-b7c59842badc@group-E0B7C1D5C8D3:LeaderElection120] INFO  impl.RoleInfo (RoleInfo.java:shutdownLeaderElection(134)) - caa892f0-76ff-4c1e-b30f-b7c59842badc: shutdown LeaderElection
2019-10-14 14:43:18,496 [caa892f0-76ff-4c1e-b30f-b7c59842badc@group-E0B7C1D5C8D3:LeaderElection120] INFO  impl.RoleInfo (RoleInfo.java:updateAndGet(143)) - caa892f0-76ff-4c1e-b30f-b7c59842badc: start FollowerState
2019-10-14 14:43:18,628 [grpc-default-executor-0] WARN  server.GrpcLogAppender (LogUtils.java:warn(134)) - caa892f0-76ff-4c1e-b30f-b7c59842badc@group-026CFA11C8A1->f9748ec4-5d8a-4dfc-8690-85b8cdac3f5d-AppendLogResponseHandler: Failed appendEntries: org.apache.ratis.thirdparty.io.grpc.StatusRuntimeException: UNAVAILABLE: io exception
2019-10-14 14:43:18,628 [grpc-default-executor-1] WARN  server.GrpcLogAppender (LogUtils.java:warn(134)) - caa892f0-76ff-4c1e-b30f-b7c59842badc@group-382452901537->07a15819-e4fc-4072-82ac-b3e77a99d12a-AppendLogResponseHandler: Failed appendEntries: org.apache.ratis.thirdparty.io.grpc.StatusRuntimeException: UNAVAILABLE: io exception
2019-10-14 14:43:18,628 [grpc-default-executor-12] WARN  server.GrpcLogAppender (LogUtils.java:warn(134)) - caa892f0-76ff-4c1e-b30f-b7c59842badc@group-026CFA11C8A1->07a15819-e4fc-4072-82ac-b3e77a99d12a-AppendLogResponseHandler: Failed appendEntries: org.apache.ratis.thirdparty.io.grpc.StatusRuntimeException: UNAVAILABLE: io exception
2019-10-14 14:43:18,628 [grpc-default-executor-12] INFO  impl.FollowerInfo (FollowerInfo.java:lambda$new$0(51)) - caa892f0-76ff-4c1e-b30f-b7c59842badc@group-026CFA11C8A1->07a15819-e4fc-4072-82ac-b3e77a99d12a: nextIndex: updateUnconditionally 0 -> 0
2019-10-14 14:43:18,628 [grpc-default-executor-4] WARN  server.GrpcLogAppender (LogUtils.java:warn(134)) - caa892f0-76ff-4c1e-b30f-b7c59842badc@group-382452901537->f9748ec4-5d8a-4dfc-8690-85b8cdac3f5d-AppendLogResponseHandler: Failed appendEntries: org.apache.ratis.thirdparty.io.grpc.StatusRuntimeException: UNAVAILABLE: io exception
2019-10-14 14:43:18,628 [grpc-default-executor-1] INFO  impl.FollowerInfo (FollowerInfo.java:lambda$new$0(51)) - caa892f0-76ff-4c1e-b30f-b7c59842badc@group-382452901537->07a15819-e4fc-4072-82ac-b3e77a99d12a: nextIndex: updateUnconditionally 0 -> 0
2019-10-14 14:43:18,628 [grpc-default-executor-0] INFO  impl.FollowerInfo (FollowerInfo.java:lambda$new$0(51)) - caa892f0-76ff-4c1e-b30f-b7c59842badc@group-026CFA11C8A1->f9748ec4-5d8a-4dfc-8690-85b8cdac3f5d: nextIndex: updateUnconditionally 0 -> 0
2019-10-14 14:43:18,629 [grpc-default-executor-4] INFO  impl.FollowerInfo (FollowerInfo.java:lambda$new$0(51)) - caa892f0-76ff-4c1e-b30f-b7c59842badc@group-382452901537->f9748ec4-5d8a-4dfc-8690-85b8cdac3f5d: nextIndex: updateUnconditionally 0 -> 0
2019-10-14 14:43:18,713 [Thread-1981] INFO  impl.FollowerState (FollowerState.java:run(106)) - caa892f0-76ff-4c1e-b30f-b7c59842badc:group-EA752D978E74 changes to CANDIDATE, lastRpcTime:1052, electionTimeout:1052ms
2019-10-14 14:43:18,713 [Thread-1981] INFO  impl.RoleInfo (RoleInfo.java:shutdownFollowerState(121)) - caa892f0-76ff-4c1e-b30f-b7c59842badc: shutdown FollowerState
2019-10-14 14:43:18,713 [Thread-1981] INFO  impl.RaftServerImpl (RaftServerImpl.java:setRole(174)) - caa892f0-76ff-4c1e-b30f-b7c59842badc@group-EA752D978E74: changes role from  FOLLOWER to CANDIDATE at term 41 for changeToCandidate
2019-10-14 14:43:18,714 [Thread-1981] INFO  impl.RoleInfo (RoleInfo.java:updateAndGet(143)) - caa892f0-76ff-4c1e-b30f-b7c59842badc: start LeaderElection
2019-10-14 14:43:18,728 [caa892f0-76ff-4c1e-b30f-b7c59842badc@group-EA752D978E74:LeaderElection121] INFO  impl.LeaderElection (LeaderElection.java:askForVotes(182)) - caa892f0-76ff-4c1e-b30f-b7c59842badc@group-EA752D978E74:LeaderElection121: begin an election at term 42 for 0: [07a15819-e4fc-4072-82ac-b3e77a99d12a:192.168.5.159:45599, f9748ec4-5d8a-4dfc-8690-85b8cdac3f5d:192.168.5.159:44598, caa892f0-76ff-4c1e-b30f-b7c59842badc:192.168.5.159:39406], old=null
2019-10-14 14:43:18,730 [caa892f0-76ff-4c1e-b30f-b7c59842badc@group-EA752D978E74:LeaderElection121] INFO  impl.LeaderElection (LogUtils.java:infoOrTrace(149)) - caa892f0-76ff-4c1e-b30f-b7c59842badc@group-EA752D978E74:LeaderElection121 got exception when requesting votes: {}
java.util.concurrent.ExecutionException: org.apache.ratis.thirdparty.io.grpc.StatusRuntimeException: UNAVAILABLE: io exception
	at java.util.concurrent.FutureTask.report(FutureTask.java:122)
	at java.util.concurrent.FutureTask.get(FutureTask.java:192)
	at org.apache.ratis.server.impl.LeaderElection.waitForResults(LeaderElection.java:263)
	at org.apache.ratis.server.impl.LeaderElection.askForVotes(LeaderElection.java:201)
	at org.apache.ratis.server.impl.LeaderElection.run(LeaderElection.java:133)
	at java.lang.Thread.run(Thread.java:748)
Caused by: org.apache.ratis.thirdparty.io.grpc.StatusRuntimeException: UNAVAILABLE: io exception
	at org.apache.ratis.thirdparty.io.grpc.stub.ClientCalls.toStatusRuntimeException(ClientCalls.java:233)
	at org.apache.ratis.thirdparty.io.grpc.stub.ClientCalls.getUnchecked(ClientCalls.java:214)
	at org.apache.ratis.thirdparty.io.grpc.stub.ClientCalls.blockingUnaryCall(ClientCalls.java:139)
	at org.apache.ratis.proto.grpc.RaftServerProtocolServiceGrpc$RaftServerProtocolServiceBlockingStub.requestVote(RaftServerProtocolServiceGrpc.java:265)
	at org.apache.ratis.grpc.server.GrpcServerProtocolClient.requestVote(GrpcServerProtocolClient.java:90)
	at org.apache.ratis.grpc.server.GrpcService.requestVote(GrpcService.java:204)
	at org.apache.ratis.server.impl.LeaderElection.lambda$submitRequests$1(LeaderElection.java:238)
	at java.util.concurrent.FutureTask.run(FutureTask.java:266)
	at java.util.concurrent.Executors$RunnableAdapter.call(Executors.java:511)
	at java.util.concurrent.FutureTask.run(FutureTask.java:266)
	at java.util.concurrent.ThreadPoolExecutor.runWorker(ThreadPoolExecutor.java:1149)
	at java.util.concurrent.ThreadPoolExecutor$Worker.run(ThreadPoolExecutor.java:624)
	... 1 more
Caused by: org.apache.ratis.thirdparty.io.netty.channel.AbstractChannel$AnnotatedConnectException: Connection refused: /192.168.5.159:44598
	at sun.nio.ch.SocketChannelImpl.checkConnect(Native Method)
	at sun.nio.ch.SocketChannelImpl.finishConnect(SocketChannelImpl.java:717)
	at org.apache.ratis.thirdparty.io.netty.channel.socket.nio.NioSocketChannel.doFinishConnect(NioSocketChannel.java:327)
	at org.apache.ratis.thirdparty.io.netty.channel.nio.AbstractNioChannel$AbstractNioUnsafe.finishConnect(AbstractNioChannel.java:340)
	at org.apache.ratis.thirdparty.io.netty.channel.nio.NioEventLoop.processSelectedKey(NioEventLoop.java:632)
	at org.apache.ratis.thirdparty.io.netty.channel.nio.NioEventLoop.processSelectedKeysOptimized(NioEventLoop.java:579)
	at org.apache.ratis.thirdparty.io.netty.channel.nio.NioEventLoop.processSelectedKeys(NioEventLoop.java:496)
	at org.apache.ratis.thirdparty.io.netty.channel.nio.NioEventLoop.run(NioEventLoop.java:458)
	at org.apache.ratis.thirdparty.io.netty.util.concurrent.SingleThreadEventExecutor$5.run(SingleThreadEventExecutor.java:897)
	at org.apache.ratis.thirdparty.io.netty.util.concurrent.FastThreadLocalRunnable.run(FastThreadLocalRunnable.java:30)
	... 1 more
Caused by: java.net.ConnectException: Connection refused
	... 11 more
2019-10-14 14:43:18,730 [caa892f0-76ff-4c1e-b30f-b7c59842badc@group-EA752D978E74:LeaderElection121] INFO  impl.LeaderElection (LogUtils.java:infoOrTrace(149)) - caa892f0-76ff-4c1e-b30f-b7c59842badc@group-EA752D978E74:LeaderElection121 got exception when requesting votes: {}
java.util.concurrent.ExecutionException: org.apache.ratis.thirdparty.io.grpc.StatusRuntimeException: UNAVAILABLE: io exception
	at java.util.concurrent.FutureTask.report(FutureTask.java:122)
	at java.util.concurrent.FutureTask.get(FutureTask.java:192)
	at org.apache.ratis.server.impl.LeaderElection.waitForResults(LeaderElection.java:263)
	at org.apache.ratis.server.impl.LeaderElection.askForVotes(LeaderElection.java:201)
	at org.apache.ratis.server.impl.LeaderElection.run(LeaderElection.java:133)
	at java.lang.Thread.run(Thread.java:748)
Caused by: org.apache.ratis.thirdparty.io.grpc.StatusRuntimeException: UNAVAILABLE: io exception
	at org.apache.ratis.thirdparty.io.grpc.stub.ClientCalls.toStatusRuntimeException(ClientCalls.java:233)
	at org.apache.ratis.thirdparty.io.grpc.stub.ClientCalls.getUnchecked(ClientCalls.java:214)
	at org.apache.ratis.thirdparty.io.grpc.stub.ClientCalls.blockingUnaryCall(ClientCalls.java:139)
	at org.apache.ratis.proto.grpc.RaftServerProtocolServiceGrpc$RaftServerProtocolServiceBlockingStub.requestVote(RaftServerProtocolServiceGrpc.java:265)
	at org.apache.ratis.grpc.server.GrpcServerProtocolClient.requestVote(GrpcServerProtocolClient.java:90)
	at org.apache.ratis.grpc.server.GrpcService.requestVote(GrpcService.java:204)
	at org.apache.ratis.server.impl.LeaderElection.lambda$submitRequests$1(LeaderElection.java:238)
	at java.util.concurrent.FutureTask.run(FutureTask.java:266)
	at java.util.concurrent.Executors$RunnableAdapter.call(Executors.java:511)
	at java.util.concurrent.FutureTask.run(FutureTask.java:266)
	at java.util.concurrent.ThreadPoolExecutor.runWorker(ThreadPoolExecutor.java:1149)
	at java.util.concurrent.ThreadPoolExecutor$Worker.run(ThreadPoolExecutor.java:624)
	... 1 more
Caused by: org.apache.ratis.thirdparty.io.netty.channel.AbstractChannel$AnnotatedConnectException: Connection refused: /192.168.5.159:45599
	at sun.nio.ch.SocketChannelImpl.checkConnect(Native Method)
	at sun.nio.ch.SocketChannelImpl.finishConnect(SocketChannelImpl.java:717)
	at org.apache.ratis.thirdparty.io.netty.channel.socket.nio.NioSocketChannel.doFinishConnect(NioSocketChannel.java:327)
	at org.apache.ratis.thirdparty.io.netty.channel.nio.AbstractNioChannel$AbstractNioUnsafe.finishConnect(AbstractNioChannel.java:340)
	at org.apache.ratis.thirdparty.io.netty.channel.nio.NioEventLoop.processSelectedKey(NioEventLoop.java:632)
	at org.apache.ratis.thirdparty.io.netty.channel.nio.NioEventLoop.processSelectedKeysOptimized(NioEventLoop.java:579)
	at org.apache.ratis.thirdparty.io.netty.channel.nio.NioEventLoop.processSelectedKeys(NioEventLoop.java:496)
	at org.apache.ratis.thirdparty.io.netty.channel.nio.NioEventLoop.run(NioEventLoop.java:458)
	at org.apache.ratis.thirdparty.io.netty.util.concurrent.SingleThreadEventExecutor$5.run(SingleThreadEventExecutor.java:897)
	at org.apache.ratis.thirdparty.io.netty.util.concurrent.FastThreadLocalRunnable.run(FastThreadLocalRunnable.java:30)
	... 1 more
Caused by: java.net.ConnectException: Connection refused
	... 11 more
2019-10-14 14:43:18,731 [caa892f0-76ff-4c1e-b30f-b7c59842badc@group-EA752D978E74:LeaderElection121] INFO  impl.LeaderElection (LeaderElection.java:logAndReturn(56)) - caa892f0-76ff-4c1e-b30f-b7c59842badc@group-EA752D978E74:LeaderElection121: Election REJECTED; received 0 response(s) [] and 2 exception(s); caa892f0-76ff-4c1e-b30f-b7c59842badc@group-EA752D978E74:t42, leader=null, voted=caa892f0-76ff-4c1e-b30f-b7c59842badc, raftlog=caa892f0-76ff-4c1e-b30f-b7c59842badc@group-EA752D978E74-SegmentedRaftLog:OPENED:c16,f16,i16, conf=0: [07a15819-e4fc-4072-82ac-b3e77a99d12a:192.168.5.159:45599, f9748ec4-5d8a-4dfc-8690-85b8cdac3f5d:192.168.5.159:44598, caa892f0-76ff-4c1e-b30f-b7c59842badc:192.168.5.159:39406], old=null
2019-10-14 14:43:18,731 [caa892f0-76ff-4c1e-b30f-b7c59842badc@group-EA752D978E74:LeaderElection121] INFO  impl.LeaderElection (LogUtils.java:infoOrTrace(149)) -   Exception 0: {}
java.util.concurrent.ExecutionException: org.apache.ratis.thirdparty.io.grpc.StatusRuntimeException: UNAVAILABLE: io exception
	at java.util.concurrent.FutureTask.report(FutureTask.java:122)
	at java.util.concurrent.FutureTask.get(FutureTask.java:192)
	at org.apache.ratis.server.impl.LeaderElection.waitForResults(LeaderElection.java:263)
	at org.apache.ratis.server.impl.LeaderElection.askForVotes(LeaderElection.java:201)
	at org.apache.ratis.server.impl.LeaderElection.run(LeaderElection.java:133)
	at java.lang.Thread.run(Thread.java:748)
Caused by: org.apache.ratis.thirdparty.io.grpc.StatusRuntimeException: UNAVAILABLE: io exception
	at org.apache.ratis.thirdparty.io.grpc.stub.ClientCalls.toStatusRuntimeException(ClientCalls.java:233)
	at org.apache.ratis.thirdparty.io.grpc.stub.ClientCalls.getUnchecked(ClientCalls.java:214)
	at org.apache.ratis.thirdparty.io.grpc.stub.ClientCalls.blockingUnaryCall(ClientCalls.java:139)
	at org.apache.ratis.proto.grpc.RaftServerProtocolServiceGrpc$RaftServerProtocolServiceBlockingStub.requestVote(RaftServerProtocolServiceGrpc.java:265)
	at org.apache.ratis.grpc.server.GrpcServerProtocolClient.requestVote(GrpcServerProtocolClient.java:90)
	at org.apache.ratis.grpc.server.GrpcService.requestVote(GrpcService.java:204)
	at org.apache.ratis.server.impl.LeaderElection.lambda$submitRequests$1(LeaderElection.java:238)
	at java.util.concurrent.FutureTask.run(FutureTask.java:266)
	at java.util.concurrent.Executors$RunnableAdapter.call(Executors.java:511)
	at java.util.concurrent.FutureTask.run(FutureTask.java:266)
	at java.util.concurrent.ThreadPoolExecutor.runWorker(ThreadPoolExecutor.java:1149)
	at java.util.concurrent.ThreadPoolExecutor$Worker.run(ThreadPoolExecutor.java:624)
	... 1 more
Caused by: org.apache.ratis.thirdparty.io.netty.channel.AbstractChannel$AnnotatedConnectException: Connection refused: /192.168.5.159:44598
	at sun.nio.ch.SocketChannelImpl.checkConnect(Native Method)
	at sun.nio.ch.SocketChannelImpl.finishConnect(SocketChannelImpl.java:717)
	at org.apache.ratis.thirdparty.io.netty.channel.socket.nio.NioSocketChannel.doFinishConnect(NioSocketChannel.java:327)
	at org.apache.ratis.thirdparty.io.netty.channel.nio.AbstractNioChannel$AbstractNioUnsafe.finishConnect(AbstractNioChannel.java:340)
	at org.apache.ratis.thirdparty.io.netty.channel.nio.NioEventLoop.processSelectedKey(NioEventLoop.java:632)
	at org.apache.ratis.thirdparty.io.netty.channel.nio.NioEventLoop.processSelectedKeysOptimized(NioEventLoop.java:579)
	at org.apache.ratis.thirdparty.io.netty.channel.nio.NioEventLoop.processSelectedKeys(NioEventLoop.java:496)
	at org.apache.ratis.thirdparty.io.netty.channel.nio.NioEventLoop.run(NioEventLoop.java:458)
	at org.apache.ratis.thirdparty.io.netty.util.concurrent.SingleThreadEventExecutor$5.run(SingleThreadEventExecutor.java:897)
	at org.apache.ratis.thirdparty.io.netty.util.concurrent.FastThreadLocalRunnable.run(FastThreadLocalRunnable.java:30)
	... 1 more
Caused by: java.net.ConnectException: Connection refused
	... 11 more
2019-10-14 14:43:18,731 [caa892f0-76ff-4c1e-b30f-b7c59842badc@group-EA752D978E74:LeaderElection121] INFO  impl.LeaderElection (LogUtils.java:infoOrTrace(149)) -   Exception 1: {}
java.util.concurrent.ExecutionException: org.apache.ratis.thirdparty.io.grpc.StatusRuntimeException: UNAVAILABLE: io exception
	at java.util.concurrent.FutureTask.report(FutureTask.java:122)
	at java.util.concurrent.FutureTask.get(FutureTask.java:192)
	at org.apache.ratis.server.impl.LeaderElection.waitForResults(LeaderElection.java:263)
	at org.apache.ratis.server.impl.LeaderElection.askForVotes(LeaderElection.java:201)
	at org.apache.ratis.server.impl.LeaderElection.run(LeaderElection.java:133)
	at java.lang.Thread.run(Thread.java:748)
Caused by: org.apache.ratis.thirdparty.io.grpc.StatusRuntimeException: UNAVAILABLE: io exception
	at org.apache.ratis.thirdparty.io.grpc.stub.ClientCalls.toStatusRuntimeException(ClientCalls.java:233)
	at org.apache.ratis.thirdparty.io.grpc.stub.ClientCalls.getUnchecked(ClientCalls.java:214)
	at org.apache.ratis.thirdparty.io.grpc.stub.ClientCalls.blockingUnaryCall(ClientCalls.java:139)
	at org.apache.ratis.proto.grpc.RaftServerProtocolServiceGrpc$RaftServerProtocolServiceBlockingStub.requestVote(RaftServerProtocolServiceGrpc.java:265)
	at org.apache.ratis.grpc.server.GrpcServerProtocolClient.requestVote(GrpcServerProtocolClient.java:90)
	at org.apache.ratis.grpc.server.GrpcService.requestVote(GrpcService.java:204)
	at org.apache.ratis.server.impl.LeaderElection.lambda$submitRequests$1(LeaderElection.java:238)
	at java.util.concurrent.FutureTask.run(FutureTask.java:266)
	at java.util.concurrent.Executors$RunnableAdapter.call(Executors.java:511)
	at java.util.concurrent.FutureTask.run(FutureTask.java:266)
	at java.util.concurrent.ThreadPoolExecutor.runWorker(ThreadPoolExecutor.java:1149)
	at java.util.concurrent.ThreadPoolExecutor$Worker.run(ThreadPoolExecutor.java:624)
	... 1 more
Caused by: org.apache.ratis.thirdparty.io.netty.channel.AbstractChannel$AnnotatedConnectException: Connection refused: /192.168.5.159:45599
	at sun.nio.ch.SocketChannelImpl.checkConnect(Native Method)
	at sun.nio.ch.SocketChannelImpl.finishConnect(SocketChannelImpl.java:717)
	at org.apache.ratis.thirdparty.io.netty.channel.socket.nio.NioSocketChannel.doFinishConnect(NioSocketChannel.java:327)
	at org.apache.ratis.thirdparty.io.netty.channel.nio.AbstractNioChannel$AbstractNioUnsafe.finishConnect(AbstractNioChannel.java:340)
	at org.apache.ratis.thirdparty.io.netty.channel.nio.NioEventLoop.processSelectedKey(NioEventLoop.java:632)
	at org.apache.ratis.thirdparty.io.netty.channel.nio.NioEventLoop.processSelectedKeysOptimized(NioEventLoop.java:579)
	at org.apache.ratis.thirdparty.io.netty.channel.nio.NioEventLoop.processSelectedKeys(NioEventLoop.java:496)
	at org.apache.ratis.thirdparty.io.netty.channel.nio.NioEventLoop.run(NioEventLoop.java:458)
	at org.apache.ratis.thirdparty.io.netty.util.concurrent.SingleThreadEventExecutor$5.run(SingleThreadEventExecutor.java:897)
	at org.apache.ratis.thirdparty.io.netty.util.concurrent.FastThreadLocalRunnable.run(FastThreadLocalRunnable.java:30)
	... 1 more
Caused by: java.net.ConnectException: Connection refused
	... 11 more
2019-10-14 14:43:18,731 [caa892f0-76ff-4c1e-b30f-b7c59842badc@group-EA752D978E74:LeaderElection121] INFO  impl.RaftServerImpl (RaftServerImpl.java:setRole(174)) - caa892f0-76ff-4c1e-b30f-b7c59842badc@group-EA752D978E74: changes role from CANDIDATE to FOLLOWER at term 42 for DISCOVERED_A_NEW_TERM
2019-10-14 14:43:18,731 [caa892f0-76ff-4c1e-b30f-b7c59842badc@group-EA752D978E74:LeaderElection121] INFO  impl.RoleInfo (RoleInfo.java:shutdownLeaderElection(134)) - caa892f0-76ff-4c1e-b30f-b7c59842badc: shutdown LeaderElection
2019-10-14 14:43:18,731 [caa892f0-76ff-4c1e-b30f-b7c59842badc@group-EA752D978E74:LeaderElection121] INFO  impl.RoleInfo (RoleInfo.java:updateAndGet(143)) - caa892f0-76ff-4c1e-b30f-b7c59842badc: start FollowerState
2019-10-14 14:43:19,128 [grpc-default-executor-0] WARN  server.GrpcLogAppender (LogUtils.java:warn(134)) - caa892f0-76ff-4c1e-b30f-b7c59842badc@group-026CFA11C8A1->07a15819-e4fc-4072-82ac-b3e77a99d12a-AppendLogResponseHandler: Failed appendEntries: org.apache.ratis.thirdparty.io.grpc.StatusRuntimeException: UNAVAILABLE: io exception
2019-10-14 14:43:19,128 [grpc-default-executor-1] WARN  server.GrpcLogAppender (LogUtils.java:warn(134)) - caa892f0-76ff-4c1e-b30f-b7c59842badc@group-382452901537->07a15819-e4fc-4072-82ac-b3e77a99d12a-AppendLogResponseHandler: Failed appendEntries: org.apache.ratis.thirdparty.io.grpc.StatusRuntimeException: UNAVAILABLE: io exception
2019-10-14 14:43:19,128 [grpc-default-executor-4] WARN  server.GrpcLogAppender (LogUtils.java:warn(134)) - caa892f0-76ff-4c1e-b30f-b7c59842badc@group-026CFA11C8A1->f9748ec4-5d8a-4dfc-8690-85b8cdac3f5d-AppendLogResponseHandler: Failed appendEntries: org.apache.ratis.thirdparty.io.grpc.StatusRuntimeException: UNAVAILABLE: io exception
2019-10-14 14:43:19,128 [grpc-default-executor-12] WARN  server.GrpcLogAppender (LogUtils.java:warn(134)) - caa892f0-76ff-4c1e-b30f-b7c59842badc@group-382452901537->f9748ec4-5d8a-4dfc-8690-85b8cdac3f5d-AppendLogResponseHandler: Failed appendEntries: org.apache.ratis.thirdparty.io.grpc.StatusRuntimeException: UNAVAILABLE: io exception
2019-10-14 14:43:19,128 [grpc-default-executor-1] INFO  impl.FollowerInfo (FollowerInfo.java:lambda$new$0(51)) - caa892f0-76ff-4c1e-b30f-b7c59842badc@group-382452901537->07a15819-e4fc-4072-82ac-b3e77a99d12a: nextIndex: updateUnconditionally 0 -> 0
2019-10-14 14:43:19,128 [grpc-default-executor-0] INFO  impl.FollowerInfo (FollowerInfo.java:lambda$new$0(51)) - caa892f0-76ff-4c1e-b30f-b7c59842badc@group-026CFA11C8A1->07a15819-e4fc-4072-82ac-b3e77a99d12a: nextIndex: updateUnconditionally 0 -> 0
2019-10-14 14:43:19,129 [grpc-default-executor-4] INFO  impl.FollowerInfo (FollowerInfo.java:lambda$new$0(51)) - caa892f0-76ff-4c1e-b30f-b7c59842badc@group-026CFA11C8A1->f9748ec4-5d8a-4dfc-8690-85b8cdac3f5d: nextIndex: updateUnconditionally 0 -> 0
2019-10-14 14:43:19,129 [grpc-default-executor-12] INFO  impl.FollowerInfo (FollowerInfo.java:lambda$new$0(51)) - caa892f0-76ff-4c1e-b30f-b7c59842badc@group-382452901537->f9748ec4-5d8a-4dfc-8690-85b8cdac3f5d: nextIndex: updateUnconditionally 0 -> 0
2019-10-14 14:43:19,630 [grpc-default-executor-12] WARN  server.GrpcLogAppender (LogUtils.java:warn(134)) - caa892f0-76ff-4c1e-b30f-b7c59842badc@group-382452901537->07a15819-e4fc-4072-82ac-b3e77a99d12a-AppendLogResponseHandler: Failed appendEntries: org.apache.ratis.thirdparty.io.grpc.StatusRuntimeException: UNAVAILABLE: io exception
2019-10-14 14:43:19,630 [grpc-default-executor-3] WARN  server.GrpcLogAppender (LogUtils.java:warn(134)) - caa892f0-76ff-4c1e-b30f-b7c59842badc@group-026CFA11C8A1->f9748ec4-5d8a-4dfc-8690-85b8cdac3f5d-AppendLogResponseHandler: Failed appendEntries: org.apache.ratis.thirdparty.io.grpc.StatusRuntimeException: UNAVAILABLE: io exception
2019-10-14 14:43:19,630 [grpc-default-executor-2] WARN  server.GrpcLogAppender (LogUtils.java:warn(134)) - caa892f0-76ff-4c1e-b30f-b7c59842badc@group-026CFA11C8A1->07a15819-e4fc-4072-82ac-b3e77a99d12a-AppendLogResponseHandler: Failed appendEntries: org.apache.ratis.thirdparty.io.grpc.StatusRuntimeException: UNAVAILABLE: io exception
2019-10-14 14:43:19,630 [grpc-default-executor-3] INFO  impl.FollowerInfo (FollowerInfo.java:lambda$new$0(51)) - caa892f0-76ff-4c1e-b30f-b7c59842badc@group-026CFA11C8A1->f9748ec4-5d8a-4dfc-8690-85b8cdac3f5d: nextIndex: updateUnconditionally 0 -> 0
2019-10-14 14:43:19,630 [grpc-default-executor-12] INFO  impl.FollowerInfo (FollowerInfo.java:lambda$new$0(51)) - caa892f0-76ff-4c1e-b30f-b7c59842badc@group-382452901537->07a15819-e4fc-4072-82ac-b3e77a99d12a: nextIndex: updateUnconditionally 0 -> 0
2019-10-14 14:43:19,630 [grpc-default-executor-7] WARN  server.GrpcLogAppender (LogUtils.java:warn(134)) - caa892f0-76ff-4c1e-b30f-b7c59842badc@group-382452901537->f9748ec4-5d8a-4dfc-8690-85b8cdac3f5d-AppendLogResponseHandler: Failed appendEntries: org.apache.ratis.thirdparty.io.grpc.StatusRuntimeException: UNAVAILABLE: io exception
2019-10-14 14:43:19,630 [grpc-default-executor-2] INFO  impl.FollowerInfo (FollowerInfo.java:lambda$new$0(51)) - caa892f0-76ff-4c1e-b30f-b7c59842badc@group-026CFA11C8A1->07a15819-e4fc-4072-82ac-b3e77a99d12a: nextIndex: updateUnconditionally 0 -> 0
2019-10-14 14:43:19,631 [grpc-default-executor-7] INFO  impl.FollowerInfo (FollowerInfo.java:lambda$new$0(51)) - caa892f0-76ff-4c1e-b30f-b7c59842badc@group-382452901537->f9748ec4-5d8a-4dfc-8690-85b8cdac3f5d: nextIndex: updateUnconditionally 0 -> 0
2019-10-14 14:43:19,680 [Thread-2001] INFO  impl.FollowerState (FollowerState.java:run(106)) - caa892f0-76ff-4c1e-b30f-b7c59842badc:group-E0B7C1D5C8D3 changes to CANDIDATE, lastRpcTime:1184, electionTimeout:1184ms
2019-10-14 14:43:19,680 [Thread-2001] INFO  impl.RoleInfo (RoleInfo.java:shutdownFollowerState(121)) - caa892f0-76ff-4c1e-b30f-b7c59842badc: shutdown FollowerState
2019-10-14 14:43:19,681 [Thread-2001] INFO  impl.RaftServerImpl (RaftServerImpl.java:setRole(174)) - caa892f0-76ff-4c1e-b30f-b7c59842badc@group-E0B7C1D5C8D3: changes role from  FOLLOWER to CANDIDATE at term 43 for changeToCandidate
2019-10-14 14:43:19,681 [Thread-2001] INFO  impl.RoleInfo (RoleInfo.java:updateAndGet(143)) - caa892f0-76ff-4c1e-b30f-b7c59842badc: start LeaderElection
2019-10-14 14:43:19,695 [caa892f0-76ff-4c1e-b30f-b7c59842badc@group-E0B7C1D5C8D3:LeaderElection122] INFO  impl.LeaderElection (LeaderElection.java:askForVotes(182)) - caa892f0-76ff-4c1e-b30f-b7c59842badc@group-E0B7C1D5C8D3:LeaderElection122: begin an election at term 44 for 0: [07a15819-e4fc-4072-82ac-b3e77a99d12a:192.168.5.159:45599, f9748ec4-5d8a-4dfc-8690-85b8cdac3f5d:192.168.5.159:44598, caa892f0-76ff-4c1e-b30f-b7c59842badc:192.168.5.159:39406], old=null
2019-10-14 14:43:19,700 [caa892f0-76ff-4c1e-b30f-b7c59842badc@group-E0B7C1D5C8D3:LeaderElection122] INFO  impl.LeaderElection (LogUtils.java:infoOrTrace(149)) - caa892f0-76ff-4c1e-b30f-b7c59842badc@group-E0B7C1D5C8D3:LeaderElection122 got exception when requesting votes: {}
java.util.concurrent.ExecutionException: org.apache.ratis.thirdparty.io.grpc.StatusRuntimeException: UNAVAILABLE: io exception
	at java.util.concurrent.FutureTask.report(FutureTask.java:122)
	at java.util.concurrent.FutureTask.get(FutureTask.java:192)
	at org.apache.ratis.server.impl.LeaderElection.waitForResults(LeaderElection.java:263)
	at org.apache.ratis.server.impl.LeaderElection.askForVotes(LeaderElection.java:201)
	at org.apache.ratis.server.impl.LeaderElection.run(LeaderElection.java:133)
	at java.lang.Thread.run(Thread.java:748)
Caused by: org.apache.ratis.thirdparty.io.grpc.StatusRuntimeException: UNAVAILABLE: io exception
	at org.apache.ratis.thirdparty.io.grpc.stub.ClientCalls.toStatusRuntimeException(ClientCalls.java:233)
	at org.apache.ratis.thirdparty.io.grpc.stub.ClientCalls.getUnchecked(ClientCalls.java:214)
	at org.apache.ratis.thirdparty.io.grpc.stub.ClientCalls.blockingUnaryCall(ClientCalls.java:139)
	at org.apache.ratis.proto.grpc.RaftServerProtocolServiceGrpc$RaftServerProtocolServiceBlockingStub.requestVote(RaftServerProtocolServiceGrpc.java:265)
	at org.apache.ratis.grpc.server.GrpcServerProtocolClient.requestVote(GrpcServerProtocolClient.java:90)
	at org.apache.ratis.grpc.server.GrpcService.requestVote(GrpcService.java:204)
	at org.apache.ratis.server.impl.LeaderElection.lambda$submitRequests$1(LeaderElection.java:238)
	at java.util.concurrent.FutureTask.run(FutureTask.java:266)
	at java.util.concurrent.Executors$RunnableAdapter.call(Executors.java:511)
	at java.util.concurrent.FutureTask.run(FutureTask.java:266)
	at java.util.concurrent.ThreadPoolExecutor.runWorker(ThreadPoolExecutor.java:1149)
	at java.util.concurrent.ThreadPoolExecutor$Worker.run(ThreadPoolExecutor.java:624)
	... 1 more
Caused by: org.apache.ratis.thirdparty.io.netty.channel.AbstractChannel$AnnotatedConnectException: Connection refused: /192.168.5.159:44598
	at sun.nio.ch.SocketChannelImpl.checkConnect(Native Method)
	at sun.nio.ch.SocketChannelImpl.finishConnect(SocketChannelImpl.java:717)
	at org.apache.ratis.thirdparty.io.netty.channel.socket.nio.NioSocketChannel.doFinishConnect(NioSocketChannel.java:327)
	at org.apache.ratis.thirdparty.io.netty.channel.nio.AbstractNioChannel$AbstractNioUnsafe.finishConnect(AbstractNioChannel.java:340)
	at org.apache.ratis.thirdparty.io.netty.channel.nio.NioEventLoop.processSelectedKey(NioEventLoop.java:632)
	at org.apache.ratis.thirdparty.io.netty.channel.nio.NioEventLoop.processSelectedKeysOptimized(NioEventLoop.java:579)
	at org.apache.ratis.thirdparty.io.netty.channel.nio.NioEventLoop.processSelectedKeys(NioEventLoop.java:496)
	at org.apache.ratis.thirdparty.io.netty.channel.nio.NioEventLoop.run(NioEventLoop.java:458)
	at org.apache.ratis.thirdparty.io.netty.util.concurrent.SingleThreadEventExecutor$5.run(SingleThreadEventExecutor.java:897)
	at org.apache.ratis.thirdparty.io.netty.util.concurrent.FastThreadLocalRunnable.run(FastThreadLocalRunnable.java:30)
	... 1 more
Caused by: java.net.ConnectException: Connection refused
	... 11 more
2019-10-14 14:43:19,700 [caa892f0-76ff-4c1e-b30f-b7c59842badc@group-E0B7C1D5C8D3:LeaderElection122] INFO  impl.LeaderElection (LogUtils.java:infoOrTrace(149)) - caa892f0-76ff-4c1e-b30f-b7c59842badc@group-E0B7C1D5C8D3:LeaderElection122 got exception when requesting votes: {}
java.util.concurrent.ExecutionException: org.apache.ratis.thirdparty.io.grpc.StatusRuntimeException: UNAVAILABLE: io exception
	at java.util.concurrent.FutureTask.report(FutureTask.java:122)
	at java.util.concurrent.FutureTask.get(FutureTask.java:192)
	at org.apache.ratis.server.impl.LeaderElection.waitForResults(LeaderElection.java:263)
	at org.apache.ratis.server.impl.LeaderElection.askForVotes(LeaderElection.java:201)
	at org.apache.ratis.server.impl.LeaderElection.run(LeaderElection.java:133)
	at java.lang.Thread.run(Thread.java:748)
Caused by: org.apache.ratis.thirdparty.io.grpc.StatusRuntimeException: UNAVAILABLE: io exception
	at org.apache.ratis.thirdparty.io.grpc.stub.ClientCalls.toStatusRuntimeException(ClientCalls.java:233)
	at org.apache.ratis.thirdparty.io.grpc.stub.ClientCalls.getUnchecked(ClientCalls.java:214)
	at org.apache.ratis.thirdparty.io.grpc.stub.ClientCalls.blockingUnaryCall(ClientCalls.java:139)
	at org.apache.ratis.proto.grpc.RaftServerProtocolServiceGrpc$RaftServerProtocolServiceBlockingStub.requestVote(RaftServerProtocolServiceGrpc.java:265)
	at org.apache.ratis.grpc.server.GrpcServerProtocolClient.requestVote(GrpcServerProtocolClient.java:90)
	at org.apache.ratis.grpc.server.GrpcService.requestVote(GrpcService.java:204)
	at org.apache.ratis.server.impl.LeaderElection.lambda$submitRequests$1(LeaderElection.java:238)
	at java.util.concurrent.FutureTask.run(FutureTask.java:266)
	at java.util.concurrent.Executors$RunnableAdapter.call(Executors.java:511)
	at java.util.concurrent.FutureTask.run(FutureTask.java:266)
	at java.util.concurrent.ThreadPoolExecutor.runWorker(ThreadPoolExecutor.java:1149)
	at java.util.concurrent.ThreadPoolExecutor$Worker.run(ThreadPoolExecutor.java:624)
	... 1 more
Caused by: org.apache.ratis.thirdparty.io.netty.channel.AbstractChannel$AnnotatedConnectException: Connection refused: /192.168.5.159:45599
	at sun.nio.ch.SocketChannelImpl.checkConnect(Native Method)
	at sun.nio.ch.SocketChannelImpl.finishConnect(SocketChannelImpl.java:717)
	at org.apache.ratis.thirdparty.io.netty.channel.socket.nio.NioSocketChannel.doFinishConnect(NioSocketChannel.java:327)
	at org.apache.ratis.thirdparty.io.netty.channel.nio.AbstractNioChannel$AbstractNioUnsafe.finishConnect(AbstractNioChannel.java:340)
	at org.apache.ratis.thirdparty.io.netty.channel.nio.NioEventLoop.processSelectedKey(NioEventLoop.java:632)
	at org.apache.ratis.thirdparty.io.netty.channel.nio.NioEventLoop.processSelectedKeysOptimized(NioEventLoop.java:579)
	at org.apache.ratis.thirdparty.io.netty.channel.nio.NioEventLoop.processSelectedKeys(NioEventLoop.java:496)
	at org.apache.ratis.thirdparty.io.netty.channel.nio.NioEventLoop.run(NioEventLoop.java:458)
	at org.apache.ratis.thirdparty.io.netty.util.concurrent.SingleThreadEventExecutor$5.run(SingleThreadEventExecutor.java:897)
	at org.apache.ratis.thirdparty.io.netty.util.concurrent.FastThreadLocalRunnable.run(FastThreadLocalRunnable.java:30)
	... 1 more
Caused by: java.net.ConnectException: Connection refused
	... 11 more
2019-10-14 14:43:19,701 [caa892f0-76ff-4c1e-b30f-b7c59842badc@group-E0B7C1D5C8D3:LeaderElection122] INFO  impl.LeaderElection (LeaderElection.java:logAndReturn(56)) - caa892f0-76ff-4c1e-b30f-b7c59842badc@group-E0B7C1D5C8D3:LeaderElection122: Election REJECTED; received 0 response(s) [] and 2 exception(s); caa892f0-76ff-4c1e-b30f-b7c59842badc@group-E0B7C1D5C8D3:t44, leader=null, voted=caa892f0-76ff-4c1e-b30f-b7c59842badc, raftlog=caa892f0-76ff-4c1e-b30f-b7c59842badc@group-E0B7C1D5C8D3-SegmentedRaftLog:OPENED:c0,f0,i0, conf=0: [07a15819-e4fc-4072-82ac-b3e77a99d12a:192.168.5.159:45599, f9748ec4-5d8a-4dfc-8690-85b8cdac3f5d:192.168.5.159:44598, caa892f0-76ff-4c1e-b30f-b7c59842badc:192.168.5.159:39406], old=null
2019-10-14 14:43:19,701 [caa892f0-76ff-4c1e-b30f-b7c59842badc@group-E0B7C1D5C8D3:LeaderElection122] INFO  impl.LeaderElection (LogUtils.java:infoOrTrace(149)) -   Exception 0: {}
java.util.concurrent.ExecutionException: org.apache.ratis.thirdparty.io.grpc.StatusRuntimeException: UNAVAILABLE: io exception
	at java.util.concurrent.FutureTask.report(FutureTask.java:122)
	at java.util.concurrent.FutureTask.get(FutureTask.java:192)
	at org.apache.ratis.server.impl.LeaderElection.waitForResults(LeaderElection.java:263)
	at org.apache.ratis.server.impl.LeaderElection.askForVotes(LeaderElection.java:201)
	at org.apache.ratis.server.impl.LeaderElection.run(LeaderElection.java:133)
	at java.lang.Thread.run(Thread.java:748)
Caused by: org.apache.ratis.thirdparty.io.grpc.StatusRuntimeException: UNAVAILABLE: io exception
	at org.apache.ratis.thirdparty.io.grpc.stub.ClientCalls.toStatusRuntimeException(ClientCalls.java:233)
	at org.apache.ratis.thirdparty.io.grpc.stub.ClientCalls.getUnchecked(ClientCalls.java:214)
	at org.apache.ratis.thirdparty.io.grpc.stub.ClientCalls.blockingUnaryCall(ClientCalls.java:139)
	at org.apache.ratis.proto.grpc.RaftServerProtocolServiceGrpc$RaftServerProtocolServiceBlockingStub.requestVote(RaftServerProtocolServiceGrpc.java:265)
	at org.apache.ratis.grpc.server.GrpcServerProtocolClient.requestVote(GrpcServerProtocolClient.java:90)
	at org.apache.ratis.grpc.server.GrpcService.requestVote(GrpcService.java:204)
	at org.apache.ratis.server.impl.LeaderElection.lambda$submitRequests$1(LeaderElection.java:238)
	at java.util.concurrent.FutureTask.run(FutureTask.java:266)
	at java.util.concurrent.Executors$RunnableAdapter.call(Executors.java:511)
	at java.util.concurrent.FutureTask.run(FutureTask.java:266)
	at java.util.concurrent.ThreadPoolExecutor.runWorker(ThreadPoolExecutor.java:1149)
	at java.util.concurrent.ThreadPoolExecutor$Worker.run(ThreadPoolExecutor.java:624)
	... 1 more
Caused by: org.apache.ratis.thirdparty.io.netty.channel.AbstractChannel$AnnotatedConnectException: Connection refused: /192.168.5.159:44598
	at sun.nio.ch.SocketChannelImpl.checkConnect(Native Method)
	at sun.nio.ch.SocketChannelImpl.finishConnect(SocketChannelImpl.java:717)
	at org.apache.ratis.thirdparty.io.netty.channel.socket.nio.NioSocketChannel.doFinishConnect(NioSocketChannel.java:327)
	at org.apache.ratis.thirdparty.io.netty.channel.nio.AbstractNioChannel$AbstractNioUnsafe.finishConnect(AbstractNioChannel.java:340)
	at org.apache.ratis.thirdparty.io.netty.channel.nio.NioEventLoop.processSelectedKey(NioEventLoop.java:632)
	at org.apache.ratis.thirdparty.io.netty.channel.nio.NioEventLoop.processSelectedKeysOptimized(NioEventLoop.java:579)
	at org.apache.ratis.thirdparty.io.netty.channel.nio.NioEventLoop.processSelectedKeys(NioEventLoop.java:496)
	at org.apache.ratis.thirdparty.io.netty.channel.nio.NioEventLoop.run(NioEventLoop.java:458)
	at org.apache.ratis.thirdparty.io.netty.util.concurrent.SingleThreadEventExecutor$5.run(SingleThreadEventExecutor.java:897)
	at org.apache.ratis.thirdparty.io.netty.util.concurrent.FastThreadLocalRunnable.run(FastThreadLocalRunnable.java:30)
	... 1 more
Caused by: java.net.ConnectException: Connection refused
	... 11 more
2019-10-14 14:43:19,702 [caa892f0-76ff-4c1e-b30f-b7c59842badc@group-E0B7C1D5C8D3:LeaderElection122] INFO  impl.LeaderElection (LogUtils.java:infoOrTrace(149)) -   Exception 1: {}
java.util.concurrent.ExecutionException: org.apache.ratis.thirdparty.io.grpc.StatusRuntimeException: UNAVAILABLE: io exception
	at java.util.concurrent.FutureTask.report(FutureTask.java:122)
	at java.util.concurrent.FutureTask.get(FutureTask.java:192)
	at org.apache.ratis.server.impl.LeaderElection.waitForResults(LeaderElection.java:263)
	at org.apache.ratis.server.impl.LeaderElection.askForVotes(LeaderElection.java:201)
	at org.apache.ratis.server.impl.LeaderElection.run(LeaderElection.java:133)
	at java.lang.Thread.run(Thread.java:748)
Caused by: org.apache.ratis.thirdparty.io.grpc.StatusRuntimeException: UNAVAILABLE: io exception
	at org.apache.ratis.thirdparty.io.grpc.stub.ClientCalls.toStatusRuntimeException(ClientCalls.java:233)
	at org.apache.ratis.thirdparty.io.grpc.stub.ClientCalls.getUnchecked(ClientCalls.java:214)
	at org.apache.ratis.thirdparty.io.grpc.stub.ClientCalls.blockingUnaryCall(ClientCalls.java:139)
	at org.apache.ratis.proto.grpc.RaftServerProtocolServiceGrpc$RaftServerProtocolServiceBlockingStub.requestVote(RaftServerProtocolServiceGrpc.java:265)
	at org.apache.ratis.grpc.server.GrpcServerProtocolClient.requestVote(GrpcServerProtocolClient.java:90)
	at org.apache.ratis.grpc.server.GrpcService.requestVote(GrpcService.java:204)
	at org.apache.ratis.server.impl.LeaderElection.lambda$submitRequests$1(LeaderElection.java:238)
	at java.util.concurrent.FutureTask.run(FutureTask.java:266)
	at java.util.concurrent.Executors$RunnableAdapter.call(Executors.java:511)
	at java.util.concurrent.FutureTask.run(FutureTask.java:266)
	at java.util.concurrent.ThreadPoolExecutor.runWorker(ThreadPoolExecutor.java:1149)
	at java.util.concurrent.ThreadPoolExecutor$Worker.run(ThreadPoolExecutor.java:624)
	... 1 more
Caused by: org.apache.ratis.thirdparty.io.netty.channel.AbstractChannel$AnnotatedConnectException: Connection refused: /192.168.5.159:45599
	at sun.nio.ch.SocketChannelImpl.checkConnect(Native Method)
	at sun.nio.ch.SocketChannelImpl.finishConnect(SocketChannelImpl.java:717)
	at org.apache.ratis.thirdparty.io.netty.channel.socket.nio.NioSocketChannel.doFinishConnect(NioSocketChannel.java:327)
	at org.apache.ratis.thirdparty.io.netty.channel.nio.AbstractNioChannel$AbstractNioUnsafe.finishConnect(AbstractNioChannel.java:340)
	at org.apache.ratis.thirdparty.io.netty.channel.nio.NioEventLoop.processSelectedKey(NioEventLoop.java:632)
	at org.apache.ratis.thirdparty.io.netty.channel.nio.NioEventLoop.processSelectedKeysOptimized(NioEventLoop.java:579)
	at org.apache.ratis.thirdparty.io.netty.channel.nio.NioEventLoop.processSelectedKeys(NioEventLoop.java:496)
	at org.apache.ratis.thirdparty.io.netty.channel.nio.NioEventLoop.run(NioEventLoop.java:458)
	at org.apache.ratis.thirdparty.io.netty.util.concurrent.SingleThreadEventExecutor$5.run(SingleThreadEventExecutor.java:897)
	at org.apache.ratis.thirdparty.io.netty.util.concurrent.FastThreadLocalRunnable.run(FastThreadLocalRunnable.java:30)
	... 1 more
Caused by: java.net.ConnectException: Connection refused
	... 11 more
2019-10-14 14:43:19,702 [caa892f0-76ff-4c1e-b30f-b7c59842badc@group-E0B7C1D5C8D3:LeaderElection122] INFO  impl.RaftServerImpl (RaftServerImpl.java:setRole(174)) - caa892f0-76ff-4c1e-b30f-b7c59842badc@group-E0B7C1D5C8D3: changes role from CANDIDATE to FOLLOWER at term 44 for DISCOVERED_A_NEW_TERM
2019-10-14 14:43:19,702 [caa892f0-76ff-4c1e-b30f-b7c59842badc@group-E0B7C1D5C8D3:LeaderElection122] INFO  impl.RoleInfo (RoleInfo.java:shutdownLeaderElection(134)) - caa892f0-76ff-4c1e-b30f-b7c59842badc: shutdown LeaderElection
2019-10-14 14:43:19,703 [caa892f0-76ff-4c1e-b30f-b7c59842badc@group-E0B7C1D5C8D3:LeaderElection122] INFO  impl.RoleInfo (RoleInfo.java:updateAndGet(143)) - caa892f0-76ff-4c1e-b30f-b7c59842badc: start FollowerState
2019-10-14 14:43:19,747 [Thread-2006] INFO  impl.FollowerState (FollowerState.java:run(106)) - caa892f0-76ff-4c1e-b30f-b7c59842badc:group-EA752D978E74 changes to CANDIDATE, lastRpcTime:1015, electionTimeout:1015ms
2019-10-14 14:43:19,747 [Thread-2006] INFO  impl.RoleInfo (RoleInfo.java:shutdownFollowerState(121)) - caa892f0-76ff-4c1e-b30f-b7c59842badc: shutdown FollowerState
2019-10-14 14:43:19,747 [Thread-2006] INFO  impl.RaftServerImpl (RaftServerImpl.java:setRole(174)) - caa892f0-76ff-4c1e-b30f-b7c59842badc@group-EA752D978E74: changes role from  FOLLOWER to CANDIDATE at term 42 for changeToCandidate
2019-10-14 14:43:19,747 [Thread-2006] INFO  impl.RoleInfo (RoleInfo.java:updateAndGet(143)) - caa892f0-76ff-4c1e-b30f-b7c59842badc: start LeaderElection
2019-10-14 14:43:19,760 [caa892f0-76ff-4c1e-b30f-b7c59842badc@group-EA752D978E74:LeaderElection123] INFO  impl.LeaderElection (LeaderElection.java:askForVotes(182)) - caa892f0-76ff-4c1e-b30f-b7c59842badc@group-EA752D978E74:LeaderElection123: begin an election at term 43 for 0: [07a15819-e4fc-4072-82ac-b3e77a99d12a:192.168.5.159:45599, f9748ec4-5d8a-4dfc-8690-85b8cdac3f5d:192.168.5.159:44598, caa892f0-76ff-4c1e-b30f-b7c59842badc:192.168.5.159:39406], old=null
2019-10-14 14:43:19,761 [caa892f0-76ff-4c1e-b30f-b7c59842badc@group-EA752D978E74:LeaderElection123] INFO  impl.LeaderElection (LogUtils.java:infoOrTrace(149)) - caa892f0-76ff-4c1e-b30f-b7c59842badc@group-EA752D978E74:LeaderElection123 got exception when requesting votes: {}
java.util.concurrent.ExecutionException: org.apache.ratis.thirdparty.io.grpc.StatusRuntimeException: UNAVAILABLE: io exception
	at java.util.concurrent.FutureTask.report(FutureTask.java:122)
	at java.util.concurrent.FutureTask.get(FutureTask.java:192)
	at org.apache.ratis.server.impl.LeaderElection.waitForResults(LeaderElection.java:263)
	at org.apache.ratis.server.impl.LeaderElection.askForVotes(LeaderElection.java:201)
	at org.apache.ratis.server.impl.LeaderElection.run(LeaderElection.java:133)
	at java.lang.Thread.run(Thread.java:748)
Caused by: org.apache.ratis.thirdparty.io.grpc.StatusRuntimeException: UNAVAILABLE: io exception
	at org.apache.ratis.thirdparty.io.grpc.stub.ClientCalls.toStatusRuntimeException(ClientCalls.java:233)
	at org.apache.ratis.thirdparty.io.grpc.stub.ClientCalls.getUnchecked(ClientCalls.java:214)
	at org.apache.ratis.thirdparty.io.grpc.stub.ClientCalls.blockingUnaryCall(ClientCalls.java:139)
	at org.apache.ratis.proto.grpc.RaftServerProtocolServiceGrpc$RaftServerProtocolServiceBlockingStub.requestVote(RaftServerProtocolServiceGrpc.java:265)
	at org.apache.ratis.grpc.server.GrpcServerProtocolClient.requestVote(GrpcServerProtocolClient.java:90)
	at org.apache.ratis.grpc.server.GrpcService.requestVote(GrpcService.java:204)
	at org.apache.ratis.server.impl.LeaderElection.lambda$submitRequests$1(LeaderElection.java:238)
	at java.util.concurrent.FutureTask.run(FutureTask.java:266)
	at java.util.concurrent.Executors$RunnableAdapter.call(Executors.java:511)
	at java.util.concurrent.FutureTask.run(FutureTask.java:266)
	at java.util.concurrent.ThreadPoolExecutor.runWorker(ThreadPoolExecutor.java:1149)
	at java.util.concurrent.ThreadPoolExecutor$Worker.run(ThreadPoolExecutor.java:624)
	... 1 more
Caused by: org.apache.ratis.thirdparty.io.netty.channel.AbstractChannel$AnnotatedConnectException: Connection refused: /192.168.5.159:45599
	at sun.nio.ch.SocketChannelImpl.checkConnect(Native Method)
	at sun.nio.ch.SocketChannelImpl.finishConnect(SocketChannelImpl.java:717)
	at org.apache.ratis.thirdparty.io.netty.channel.socket.nio.NioSocketChannel.doFinishConnect(NioSocketChannel.java:327)
	at org.apache.ratis.thirdparty.io.netty.channel.nio.AbstractNioChannel$AbstractNioUnsafe.finishConnect(AbstractNioChannel.java:340)
	at org.apache.ratis.thirdparty.io.netty.channel.nio.NioEventLoop.processSelectedKey(NioEventLoop.java:632)
	at org.apache.ratis.thirdparty.io.netty.channel.nio.NioEventLoop.processSelectedKeysOptimized(NioEventLoop.java:579)
	at org.apache.ratis.thirdparty.io.netty.channel.nio.NioEventLoop.processSelectedKeys(NioEventLoop.java:496)
	at org.apache.ratis.thirdparty.io.netty.channel.nio.NioEventLoop.run(NioEventLoop.java:458)
	at org.apache.ratis.thirdparty.io.netty.util.concurrent.SingleThreadEventExecutor$5.run(SingleThreadEventExecutor.java:897)
	at org.apache.ratis.thirdparty.io.netty.util.concurrent.FastThreadLocalRunnable.run(FastThreadLocalRunnable.java:30)
	... 1 more
Caused by: java.net.ConnectException: Connection refused
	... 11 more
2019-10-14 14:43:19,761 [caa892f0-76ff-4c1e-b30f-b7c59842badc@group-EA752D978E74:LeaderElection123] INFO  impl.LeaderElection (LogUtils.java:infoOrTrace(149)) - caa892f0-76ff-4c1e-b30f-b7c59842badc@group-EA752D978E74:LeaderElection123 got exception when requesting votes: {}
java.util.concurrent.ExecutionException: org.apache.ratis.thirdparty.io.grpc.StatusRuntimeException: UNAVAILABLE: io exception
	at java.util.concurrent.FutureTask.report(FutureTask.java:122)
	at java.util.concurrent.FutureTask.get(FutureTask.java:192)
	at org.apache.ratis.server.impl.LeaderElection.waitForResults(LeaderElection.java:263)
	at org.apache.ratis.server.impl.LeaderElection.askForVotes(LeaderElection.java:201)
	at org.apache.ratis.server.impl.LeaderElection.run(LeaderElection.java:133)
	at java.lang.Thread.run(Thread.java:748)
Caused by: org.apache.ratis.thirdparty.io.grpc.StatusRuntimeException: UNAVAILABLE: io exception
	at org.apache.ratis.thirdparty.io.grpc.stub.ClientCalls.toStatusRuntimeException(ClientCalls.java:233)
	at org.apache.ratis.thirdparty.io.grpc.stub.ClientCalls.getUnchecked(ClientCalls.java:214)
	at org.apache.ratis.thirdparty.io.grpc.stub.ClientCalls.blockingUnaryCall(ClientCalls.java:139)
	at org.apache.ratis.proto.grpc.RaftServerProtocolServiceGrpc$RaftServerProtocolServiceBlockingStub.requestVote(RaftServerProtocolServiceGrpc.java:265)
	at org.apache.ratis.grpc.server.GrpcServerProtocolClient.requestVote(GrpcServerProtocolClient.java:90)
	at org.apache.ratis.grpc.server.GrpcService.requestVote(GrpcService.java:204)
	at org.apache.ratis.server.impl.LeaderElection.lambda$submitRequests$1(LeaderElection.java:238)
	at java.util.concurrent.FutureTask.run(FutureTask.java:266)
	at java.util.concurrent.Executors$RunnableAdapter.call(Executors.java:511)
	at java.util.concurrent.FutureTask.run(FutureTask.java:266)
	at java.util.concurrent.ThreadPoolExecutor.runWorker(ThreadPoolExecutor.java:1149)
	at java.util.concurrent.ThreadPoolExecutor$Worker.run(ThreadPoolExecutor.java:624)
	... 1 more
Caused by: org.apache.ratis.thirdparty.io.netty.channel.AbstractChannel$AnnotatedConnectException: Connection refused: /192.168.5.159:44598
	at sun.nio.ch.SocketChannelImpl.checkConnect(Native Method)
	at sun.nio.ch.SocketChannelImpl.finishConnect(SocketChannelImpl.java:717)
	at org.apache.ratis.thirdparty.io.netty.channel.socket.nio.NioSocketChannel.doFinishConnect(NioSocketChannel.java:327)
	at org.apache.ratis.thirdparty.io.netty.channel.nio.AbstractNioChannel$AbstractNioUnsafe.finishConnect(AbstractNioChannel.java:340)
	at org.apache.ratis.thirdparty.io.netty.channel.nio.NioEventLoop.processSelectedKey(NioEventLoop.java:632)
	at org.apache.ratis.thirdparty.io.netty.channel.nio.NioEventLoop.processSelectedKeysOptimized(NioEventLoop.java:579)
	at org.apache.ratis.thirdparty.io.netty.channel.nio.NioEventLoop.processSelectedKeys(NioEventLoop.java:496)
	at org.apache.ratis.thirdparty.io.netty.channel.nio.NioEventLoop.run(NioEventLoop.java:458)
	at org.apache.ratis.thirdparty.io.netty.util.concurrent.SingleThreadEventExecutor$5.run(SingleThreadEventExecutor.java:897)
	at org.apache.ratis.thirdparty.io.netty.util.concurrent.FastThreadLocalRunnable.run(FastThreadLocalRunnable.java:30)
	... 1 more
Caused by: java.net.ConnectException: Connection refused
	... 11 more
2019-10-14 14:43:19,761 [caa892f0-76ff-4c1e-b30f-b7c59842badc@group-EA752D978E74:LeaderElection123] INFO  impl.LeaderElection (LeaderElection.java:logAndReturn(56)) - caa892f0-76ff-4c1e-b30f-b7c59842badc@group-EA752D978E74:LeaderElection123: Election REJECTED; received 0 response(s) [] and 2 exception(s); caa892f0-76ff-4c1e-b30f-b7c59842badc@group-EA752D978E74:t43, leader=null, voted=caa892f0-76ff-4c1e-b30f-b7c59842badc, raftlog=caa892f0-76ff-4c1e-b30f-b7c59842badc@group-EA752D978E74-SegmentedRaftLog:OPENED:c16,f16,i16, conf=0: [07a15819-e4fc-4072-82ac-b3e77a99d12a:192.168.5.159:45599, f9748ec4-5d8a-4dfc-8690-85b8cdac3f5d:192.168.5.159:44598, caa892f0-76ff-4c1e-b30f-b7c59842badc:192.168.5.159:39406], old=null
2019-10-14 14:43:19,761 [caa892f0-76ff-4c1e-b30f-b7c59842badc@group-EA752D978E74:LeaderElection123] INFO  impl.LeaderElection (LogUtils.java:infoOrTrace(149)) -   Exception 0: {}
java.util.concurrent.ExecutionException: org.apache.ratis.thirdparty.io.grpc.StatusRuntimeException: UNAVAILABLE: io exception
	at java.util.concurrent.FutureTask.report(FutureTask.java:122)
	at java.util.concurrent.FutureTask.get(FutureTask.java:192)
	at org.apache.ratis.server.impl.LeaderElection.waitForResults(LeaderElection.java:263)
	at org.apache.ratis.server.impl.LeaderElection.askForVotes(LeaderElection.java:201)
	at org.apache.ratis.server.impl.LeaderElection.run(LeaderElection.java:133)
	at java.lang.Thread.run(Thread.java:748)
Caused by: org.apache.ratis.thirdparty.io.grpc.StatusRuntimeException: UNAVAILABLE: io exception
	at org.apache.ratis.thirdparty.io.grpc.stub.ClientCalls.toStatusRuntimeException(ClientCalls.java:233)
	at org.apache.ratis.thirdparty.io.grpc.stub.ClientCalls.getUnchecked(ClientCalls.java:214)
	at org.apache.ratis.thirdparty.io.grpc.stub.ClientCalls.blockingUnaryCall(ClientCalls.java:139)
	at org.apache.ratis.proto.grpc.RaftServerProtocolServiceGrpc$RaftServerProtocolServiceBlockingStub.requestVote(RaftServerProtocolServiceGrpc.java:265)
	at org.apache.ratis.grpc.server.GrpcServerProtocolClient.requestVote(GrpcServerProtocolClient.java:90)
	at org.apache.ratis.grpc.server.GrpcService.requestVote(GrpcService.java:204)
	at org.apache.ratis.server.impl.LeaderElection.lambda$submitRequests$1(LeaderElection.java:238)
	at java.util.concurrent.FutureTask.run(FutureTask.java:266)
	at java.util.concurrent.Executors$RunnableAdapter.call(Executors.java:511)
	at java.util.concurrent.FutureTask.run(FutureTask.java:266)
	at java.util.concurrent.ThreadPoolExecutor.runWorker(ThreadPoolExecutor.java:1149)
	at java.util.concurrent.ThreadPoolExecutor$Worker.run(ThreadPoolExecutor.java:624)
	... 1 more
Caused by: org.apache.ratis.thirdparty.io.netty.channel.AbstractChannel$AnnotatedConnectException: Connection refused: /192.168.5.159:45599
	at sun.nio.ch.SocketChannelImpl.checkConnect(Native Method)
	at sun.nio.ch.SocketChannelImpl.finishConnect(SocketChannelImpl.java:717)
	at org.apache.ratis.thirdparty.io.netty.channel.socket.nio.NioSocketChannel.doFinishConnect(NioSocketChannel.java:327)
	at org.apache.ratis.thirdparty.io.netty.channel.nio.AbstractNioChannel$AbstractNioUnsafe.finishConnect(AbstractNioChannel.java:340)
	at org.apache.ratis.thirdparty.io.netty.channel.nio.NioEventLoop.processSelectedKey(NioEventLoop.java:632)
	at org.apache.ratis.thirdparty.io.netty.channel.nio.NioEventLoop.processSelectedKeysOptimized(NioEventLoop.java:579)
	at org.apache.ratis.thirdparty.io.netty.channel.nio.NioEventLoop.processSelectedKeys(NioEventLoop.java:496)
	at org.apache.ratis.thirdparty.io.netty.channel.nio.NioEventLoop.run(NioEventLoop.java:458)
	at org.apache.ratis.thirdparty.io.netty.util.concurrent.SingleThreadEventExecutor$5.run(SingleThreadEventExecutor.java:897)
	at org.apache.ratis.thirdparty.io.netty.util.concurrent.FastThreadLocalRunnable.run(FastThreadLocalRunnable.java:30)
	... 1 more
Caused by: java.net.ConnectException: Connection refused
	... 11 more
2019-10-14 14:43:19,762 [caa892f0-76ff-4c1e-b30f-b7c59842badc@group-EA752D978E74:LeaderElection123] INFO  impl.LeaderElection (LogUtils.java:infoOrTrace(149)) -   Exception 1: {}
java.util.concurrent.ExecutionException: org.apache.ratis.thirdparty.io.grpc.StatusRuntimeException: UNAVAILABLE: io exception
	at java.util.concurrent.FutureTask.report(FutureTask.java:122)
	at java.util.concurrent.FutureTask.get(FutureTask.java:192)
	at org.apache.ratis.server.impl.LeaderElection.waitForResults(LeaderElection.java:263)
	at org.apache.ratis.server.impl.LeaderElection.askForVotes(LeaderElection.java:201)
	at org.apache.ratis.server.impl.LeaderElection.run(LeaderElection.java:133)
	at java.lang.Thread.run(Thread.java:748)
Caused by: org.apache.ratis.thirdparty.io.grpc.StatusRuntimeException: UNAVAILABLE: io exception
	at org.apache.ratis.thirdparty.io.grpc.stub.ClientCalls.toStatusRuntimeException(ClientCalls.java:233)
	at org.apache.ratis.thirdparty.io.grpc.stub.ClientCalls.getUnchecked(ClientCalls.java:214)
	at org.apache.ratis.thirdparty.io.grpc.stub.ClientCalls.blockingUnaryCall(ClientCalls.java:139)
	at org.apache.ratis.proto.grpc.RaftServerProtocolServiceGrpc$RaftServerProtocolServiceBlockingStub.requestVote(RaftServerProtocolServiceGrpc.java:265)
	at org.apache.ratis.grpc.server.GrpcServerProtocolClient.requestVote(GrpcServerProtocolClient.java:90)
	at org.apache.ratis.grpc.server.GrpcService.requestVote(GrpcService.java:204)
	at org.apache.ratis.server.impl.LeaderElection.lambda$submitRequests$1(LeaderElection.java:238)
	at java.util.concurrent.FutureTask.run(FutureTask.java:266)
	at java.util.concurrent.Executors$RunnableAdapter.call(Executors.java:511)
	at java.util.concurrent.FutureTask.run(FutureTask.java:266)
	at java.util.concurrent.ThreadPoolExecutor.runWorker(ThreadPoolExecutor.java:1149)
	at java.util.concurrent.ThreadPoolExecutor$Worker.run(ThreadPoolExecutor.java:624)
	... 1 more
Caused by: org.apache.ratis.thirdparty.io.netty.channel.AbstractChannel$AnnotatedConnectException: Connection refused: /192.168.5.159:44598
	at sun.nio.ch.SocketChannelImpl.checkConnect(Native Method)
	at sun.nio.ch.SocketChannelImpl.finishConnect(SocketChannelImpl.java:717)
	at org.apache.ratis.thirdparty.io.netty.channel.socket.nio.NioSocketChannel.doFinishConnect(NioSocketChannel.java:327)
	at org.apache.ratis.thirdparty.io.netty.channel.nio.AbstractNioChannel$AbstractNioUnsafe.finishConnect(AbstractNioChannel.java:340)
	at org.apache.ratis.thirdparty.io.netty.channel.nio.NioEventLoop.processSelectedKey(NioEventLoop.java:632)
	at org.apache.ratis.thirdparty.io.netty.channel.nio.NioEventLoop.processSelectedKeysOptimized(NioEventLoop.java:579)
	at org.apache.ratis.thirdparty.io.netty.channel.nio.NioEventLoop.processSelectedKeys(NioEventLoop.java:496)
	at org.apache.ratis.thirdparty.io.netty.channel.nio.NioEventLoop.run(NioEventLoop.java:458)
	at org.apache.ratis.thirdparty.io.netty.util.concurrent.SingleThreadEventExecutor$5.run(SingleThreadEventExecutor.java:897)
	at org.apache.ratis.thirdparty.io.netty.util.concurrent.FastThreadLocalRunnable.run(FastThreadLocalRunnable.java:30)
	... 1 more
Caused by: java.net.ConnectException: Connection refused
	... 11 more
2019-10-14 14:43:19,762 [caa892f0-76ff-4c1e-b30f-b7c59842badc@group-EA752D978E74:LeaderElection123] INFO  impl.RaftServerImpl (RaftServerImpl.java:setRole(174)) - caa892f0-76ff-4c1e-b30f-b7c59842badc@group-EA752D978E74: changes role from CANDIDATE to FOLLOWER at term 43 for DISCOVERED_A_NEW_TERM
2019-10-14 14:43:19,762 [caa892f0-76ff-4c1e-b30f-b7c59842badc@group-EA752D978E74:LeaderElection123] INFO  impl.RoleInfo (RoleInfo.java:shutdownLeaderElection(134)) - caa892f0-76ff-4c1e-b30f-b7c59842badc: shutdown LeaderElection
2019-10-14 14:43:19,762 [caa892f0-76ff-4c1e-b30f-b7c59842badc@group-EA752D978E74:LeaderElection123] INFO  impl.RoleInfo (RoleInfo.java:updateAndGet(143)) - caa892f0-76ff-4c1e-b30f-b7c59842badc: start FollowerState
2019-10-14 14:43:20,129 [grpc-default-executor-7] WARN  server.GrpcLogAppender (LogUtils.java:warn(134)) - caa892f0-76ff-4c1e-b30f-b7c59842badc@group-382452901537->07a15819-e4fc-4072-82ac-b3e77a99d12a-AppendLogResponseHandler: Failed appendEntries: org.apache.ratis.thirdparty.io.grpc.StatusRuntimeException: UNAVAILABLE: io exception
2019-10-14 14:43:20,129 [grpc-default-executor-12] WARN  server.GrpcLogAppender (LogUtils.java:warn(134)) - caa892f0-76ff-4c1e-b30f-b7c59842badc@group-382452901537->f9748ec4-5d8a-4dfc-8690-85b8cdac3f5d-AppendLogResponseHandler: Failed appendEntries: org.apache.ratis.thirdparty.io.grpc.StatusRuntimeException: UNAVAILABLE: io exception
2019-10-14 14:43:20,129 [grpc-default-executor-3] WARN  server.GrpcLogAppender (LogUtils.java:warn(134)) - caa892f0-76ff-4c1e-b30f-b7c59842badc@group-026CFA11C8A1->f9748ec4-5d8a-4dfc-8690-85b8cdac3f5d-AppendLogResponseHandler: Failed appendEntries: org.apache.ratis.thirdparty.io.grpc.StatusRuntimeException: UNAVAILABLE: io exception
2019-10-14 14:43:20,129 [grpc-default-executor-2] WARN  server.GrpcLogAppender (LogUtils.java:warn(134)) - caa892f0-76ff-4c1e-b30f-b7c59842badc@group-026CFA11C8A1->07a15819-e4fc-4072-82ac-b3e77a99d12a-AppendLogResponseHandler: Failed appendEntries: org.apache.ratis.thirdparty.io.grpc.StatusRuntimeException: UNAVAILABLE: io exception
2019-10-14 14:43:20,129 [grpc-default-executor-3] INFO  impl.FollowerInfo (FollowerInfo.java:lambda$new$0(51)) - caa892f0-76ff-4c1e-b30f-b7c59842badc@group-026CFA11C8A1->f9748ec4-5d8a-4dfc-8690-85b8cdac3f5d: nextIndex: updateUnconditionally 0 -> 0
2019-10-14 14:43:20,129 [grpc-default-executor-12] INFO  impl.FollowerInfo (FollowerInfo.java:lambda$new$0(51)) - caa892f0-76ff-4c1e-b30f-b7c59842badc@group-382452901537->f9748ec4-5d8a-4dfc-8690-85b8cdac3f5d: nextIndex: updateUnconditionally 0 -> 0
2019-10-14 14:43:20,129 [grpc-default-executor-7] INFO  impl.FollowerInfo (FollowerInfo.java:lambda$new$0(51)) - caa892f0-76ff-4c1e-b30f-b7c59842badc@group-382452901537->07a15819-e4fc-4072-82ac-b3e77a99d12a: nextIndex: updateUnconditionally 0 -> 0
2019-10-14 14:43:20,130 [grpc-default-executor-2] INFO  impl.FollowerInfo (FollowerInfo.java:lambda$new$0(51)) - caa892f0-76ff-4c1e-b30f-b7c59842badc@group-026CFA11C8A1->07a15819-e4fc-4072-82ac-b3e77a99d12a: nextIndex: updateUnconditionally 0 -> 0
2019-10-14 14:43:20,630 [grpc-default-executor-0] WARN  server.GrpcLogAppender (LogUtils.java:warn(134)) - caa892f0-76ff-4c1e-b30f-b7c59842badc@group-026CFA11C8A1->f9748ec4-5d8a-4dfc-8690-85b8cdac3f5d-AppendLogResponseHandler: Failed appendEntries: org.apache.ratis.thirdparty.io.grpc.StatusRuntimeException: UNAVAILABLE: io exception
2019-10-14 14:43:20,630 [grpc-default-executor-3] WARN  server.GrpcLogAppender (LogUtils.java:warn(134)) - caa892f0-76ff-4c1e-b30f-b7c59842badc@group-382452901537->07a15819-e4fc-4072-82ac-b3e77a99d12a-AppendLogResponseHandler: Failed appendEntries: org.apache.ratis.thirdparty.io.grpc.StatusRuntimeException: UNAVAILABLE: io exception
2019-10-14 14:43:20,630 [grpc-default-executor-4] WARN  server.GrpcLogAppender (LogUtils.java:warn(134)) - caa892f0-76ff-4c1e-b30f-b7c59842badc@group-382452901537->f9748ec4-5d8a-4dfc-8690-85b8cdac3f5d-AppendLogResponseHandler: Failed appendEntries: org.apache.ratis.thirdparty.io.grpc.StatusRuntimeException: UNAVAILABLE: io exception
2019-10-14 14:43:20,630 [grpc-default-executor-7] WARN  server.GrpcLogAppender (LogUtils.java:warn(134)) - caa892f0-76ff-4c1e-b30f-b7c59842badc@group-026CFA11C8A1->07a15819-e4fc-4072-82ac-b3e77a99d12a-AppendLogResponseHandler: Failed appendEntries: org.apache.ratis.thirdparty.io.grpc.StatusRuntimeException: UNAVAILABLE: io exception
2019-10-14 14:43:20,631 [grpc-default-executor-4] INFO  impl.FollowerInfo (FollowerInfo.java:lambda$new$0(51)) - caa892f0-76ff-4c1e-b30f-b7c59842badc@group-382452901537->f9748ec4-5d8a-4dfc-8690-85b8cdac3f5d: nextIndex: updateUnconditionally 0 -> 0
2019-10-14 14:43:20,631 [grpc-default-executor-3] INFO  impl.FollowerInfo (FollowerInfo.java:lambda$new$0(51)) - caa892f0-76ff-4c1e-b30f-b7c59842badc@group-382452901537->07a15819-e4fc-4072-82ac-b3e77a99d12a: nextIndex: updateUnconditionally 0 -> 0
2019-10-14 14:43:20,630 [grpc-default-executor-0] INFO  impl.FollowerInfo (FollowerInfo.java:lambda$new$0(51)) - caa892f0-76ff-4c1e-b30f-b7c59842badc@group-026CFA11C8A1->f9748ec4-5d8a-4dfc-8690-85b8cdac3f5d: nextIndex: updateUnconditionally 0 -> 0
2019-10-14 14:43:20,631 [grpc-default-executor-7] INFO  impl.FollowerInfo (FollowerInfo.java:lambda$new$0(51)) - caa892f0-76ff-4c1e-b30f-b7c59842badc@group-026CFA11C8A1->07a15819-e4fc-4072-82ac-b3e77a99d12a: nextIndex: updateUnconditionally 0 -> 0
2019-10-14 14:43:20,804 [Thread-2038] INFO  impl.FollowerState (FollowerState.java:run(106)) - caa892f0-76ff-4c1e-b30f-b7c59842badc:group-EA752D978E74 changes to CANDIDATE, lastRpcTime:1041, electionTimeout:1041ms
2019-10-14 14:43:20,804 [Thread-2038] INFO  impl.RoleInfo (RoleInfo.java:shutdownFollowerState(121)) - caa892f0-76ff-4c1e-b30f-b7c59842badc: shutdown FollowerState
2019-10-14 14:43:20,804 [Thread-2038] INFO  impl.RaftServerImpl (RaftServerImpl.java:setRole(174)) - caa892f0-76ff-4c1e-b30f-b7c59842badc@group-EA752D978E74: changes role from  FOLLOWER to CANDIDATE at term 43 for changeToCandidate
2019-10-14 14:43:20,804 [Thread-2038] INFO  impl.RoleInfo (RoleInfo.java:updateAndGet(143)) - caa892f0-76ff-4c1e-b30f-b7c59842badc: start LeaderElection
2019-10-14 14:43:20,817 [caa892f0-76ff-4c1e-b30f-b7c59842badc@group-EA752D978E74:LeaderElection124] INFO  impl.LeaderElection (LeaderElection.java:askForVotes(182)) - caa892f0-76ff-4c1e-b30f-b7c59842badc@group-EA752D978E74:LeaderElection124: begin an election at term 44 for 0: [07a15819-e4fc-4072-82ac-b3e77a99d12a:192.168.5.159:45599, f9748ec4-5d8a-4dfc-8690-85b8cdac3f5d:192.168.5.159:44598, caa892f0-76ff-4c1e-b30f-b7c59842badc:192.168.5.159:39406], old=null
2019-10-14 14:43:20,819 [caa892f0-76ff-4c1e-b30f-b7c59842badc@group-EA752D978E74:LeaderElection124] INFO  impl.LeaderElection (LogUtils.java:infoOrTrace(149)) - caa892f0-76ff-4c1e-b30f-b7c59842badc@group-EA752D978E74:LeaderElection124 got exception when requesting votes: {}
java.util.concurrent.ExecutionException: org.apache.ratis.thirdparty.io.grpc.StatusRuntimeException: UNAVAILABLE: io exception
	at java.util.concurrent.FutureTask.report(FutureTask.java:122)
	at java.util.concurrent.FutureTask.get(FutureTask.java:192)
	at org.apache.ratis.server.impl.LeaderElection.waitForResults(LeaderElection.java:263)
	at org.apache.ratis.server.impl.LeaderElection.askForVotes(LeaderElection.java:201)
	at org.apache.ratis.server.impl.LeaderElection.run(LeaderElection.java:133)
	at java.lang.Thread.run(Thread.java:748)
Caused by: org.apache.ratis.thirdparty.io.grpc.StatusRuntimeException: UNAVAILABLE: io exception
	at org.apache.ratis.thirdparty.io.grpc.stub.ClientCalls.toStatusRuntimeException(ClientCalls.java:233)
	at org.apache.ratis.thirdparty.io.grpc.stub.ClientCalls.getUnchecked(ClientCalls.java:214)
	at org.apache.ratis.thirdparty.io.grpc.stub.ClientCalls.blockingUnaryCall(ClientCalls.java:139)
	at org.apache.ratis.proto.grpc.RaftServerProtocolServiceGrpc$RaftServerProtocolServiceBlockingStub.requestVote(RaftServerProtocolServiceGrpc.java:265)
	at org.apache.ratis.grpc.server.GrpcServerProtocolClient.requestVote(GrpcServerProtocolClient.java:90)
	at org.apache.ratis.grpc.server.GrpcService.requestVote(GrpcService.java:204)
	at org.apache.ratis.server.impl.LeaderElection.lambda$submitRequests$1(LeaderElection.java:238)
	at java.util.concurrent.FutureTask.run(FutureTask.java:266)
	at java.util.concurrent.Executors$RunnableAdapter.call(Executors.java:511)
	at java.util.concurrent.FutureTask.run(FutureTask.java:266)
	at java.util.concurrent.ThreadPoolExecutor.runWorker(ThreadPoolExecutor.java:1149)
	at java.util.concurrent.ThreadPoolExecutor$Worker.run(ThreadPoolExecutor.java:624)
	... 1 more
Caused by: org.apache.ratis.thirdparty.io.netty.channel.AbstractChannel$AnnotatedConnectException: Connection refused: /192.168.5.159:44598
	at sun.nio.ch.SocketChannelImpl.checkConnect(Native Method)
	at sun.nio.ch.SocketChannelImpl.finishConnect(SocketChannelImpl.java:717)
	at org.apache.ratis.thirdparty.io.netty.channel.socket.nio.NioSocketChannel.doFinishConnect(NioSocketChannel.java:327)
	at org.apache.ratis.thirdparty.io.netty.channel.nio.AbstractNioChannel$AbstractNioUnsafe.finishConnect(AbstractNioChannel.java:340)
	at org.apache.ratis.thirdparty.io.netty.channel.nio.NioEventLoop.processSelectedKey(NioEventLoop.java:632)
	at org.apache.ratis.thirdparty.io.netty.channel.nio.NioEventLoop.processSelectedKeysOptimized(NioEventLoop.java:579)
	at org.apache.ratis.thirdparty.io.netty.channel.nio.NioEventLoop.processSelectedKeys(NioEventLoop.java:496)
	at org.apache.ratis.thirdparty.io.netty.channel.nio.NioEventLoop.run(NioEventLoop.java:458)
	at org.apache.ratis.thirdparty.io.netty.util.concurrent.SingleThreadEventExecutor$5.run(SingleThreadEventExecutor.java:897)
	at org.apache.ratis.thirdparty.io.netty.util.concurrent.FastThreadLocalRunnable.run(FastThreadLocalRunnable.java:30)
	... 1 more
Caused by: java.net.ConnectException: Connection refused
	... 11 more
2019-10-14 14:43:20,820 [caa892f0-76ff-4c1e-b30f-b7c59842badc@group-EA752D978E74:LeaderElection124] INFO  impl.LeaderElection (LogUtils.java:infoOrTrace(149)) - caa892f0-76ff-4c1e-b30f-b7c59842badc@group-EA752D978E74:LeaderElection124 got exception when requesting votes: {}
java.util.concurrent.ExecutionException: org.apache.ratis.thirdparty.io.grpc.StatusRuntimeException: UNAVAILABLE: io exception
	at java.util.concurrent.FutureTask.report(FutureTask.java:122)
	at java.util.concurrent.FutureTask.get(FutureTask.java:192)
	at org.apache.ratis.server.impl.LeaderElection.waitForResults(LeaderElection.java:263)
	at org.apache.ratis.server.impl.LeaderElection.askForVotes(LeaderElection.java:201)
	at org.apache.ratis.server.impl.LeaderElection.run(LeaderElection.java:133)
	at java.lang.Thread.run(Thread.java:748)
Caused by: org.apache.ratis.thirdparty.io.grpc.StatusRuntimeException: UNAVAILABLE: io exception
	at org.apache.ratis.thirdparty.io.grpc.stub.ClientCalls.toStatusRuntimeException(ClientCalls.java:233)
	at org.apache.ratis.thirdparty.io.grpc.stub.ClientCalls.getUnchecked(ClientCalls.java:214)
	at org.apache.ratis.thirdparty.io.grpc.stub.ClientCalls.blockingUnaryCall(ClientCalls.java:139)
	at org.apache.ratis.proto.grpc.RaftServerProtocolServiceGrpc$RaftServerProtocolServiceBlockingStub.requestVote(RaftServerProtocolServiceGrpc.java:265)
	at org.apache.ratis.grpc.server.GrpcServerProtocolClient.requestVote(GrpcServerProtocolClient.java:90)
	at org.apache.ratis.grpc.server.GrpcService.requestVote(GrpcService.java:204)
	at org.apache.ratis.server.impl.LeaderElection.lambda$submitRequests$1(LeaderElection.java:238)
	at java.util.concurrent.FutureTask.run(FutureTask.java:266)
	at java.util.concurrent.Executors$RunnableAdapter.call(Executors.java:511)
	at java.util.concurrent.FutureTask.run(FutureTask.java:266)
	at java.util.concurrent.ThreadPoolExecutor.runWorker(ThreadPoolExecutor.java:1149)
	at java.util.concurrent.ThreadPoolExecutor$Worker.run(ThreadPoolExecutor.java:624)
	... 1 more
Caused by: org.apache.ratis.thirdparty.io.netty.channel.AbstractChannel$AnnotatedConnectException: Connection refused: /192.168.5.159:45599
	at sun.nio.ch.SocketChannelImpl.checkConnect(Native Method)
	at sun.nio.ch.SocketChannelImpl.finishConnect(SocketChannelImpl.java:717)
	at org.apache.ratis.thirdparty.io.netty.channel.socket.nio.NioSocketChannel.doFinishConnect(NioSocketChannel.java:327)
	at org.apache.ratis.thirdparty.io.netty.channel.nio.AbstractNioChannel$AbstractNioUnsafe.finishConnect(AbstractNioChannel.java:340)
	at org.apache.ratis.thirdparty.io.netty.channel.nio.NioEventLoop.processSelectedKey(NioEventLoop.java:632)
	at org.apache.ratis.thirdparty.io.netty.channel.nio.NioEventLoop.processSelectedKeysOptimized(NioEventLoop.java:579)
	at org.apache.ratis.thirdparty.io.netty.channel.nio.NioEventLoop.processSelectedKeys(NioEventLoop.java:496)
	at org.apache.ratis.thirdparty.io.netty.channel.nio.NioEventLoop.run(NioEventLoop.java:458)
	at org.apache.ratis.thirdparty.io.netty.util.concurrent.SingleThreadEventExecutor$5.run(SingleThreadEventExecutor.java:897)
	at org.apache.ratis.thirdparty.io.netty.util.concurrent.FastThreadLocalRunnable.run(FastThreadLocalRunnable.java:30)
	... 1 more
Caused by: java.net.ConnectException: Connection refused
	... 11 more
2019-10-14 14:43:20,820 [caa892f0-76ff-4c1e-b30f-b7c59842badc@group-EA752D978E74:LeaderElection124] INFO  impl.LeaderElection (LeaderElection.java:logAndReturn(56)) - caa892f0-76ff-4c1e-b30f-b7c59842badc@group-EA752D978E74:LeaderElection124: Election REJECTED; received 0 response(s) [] and 2 exception(s); caa892f0-76ff-4c1e-b30f-b7c59842badc@group-EA752D978E74:t44, leader=null, voted=caa892f0-76ff-4c1e-b30f-b7c59842badc, raftlog=caa892f0-76ff-4c1e-b30f-b7c59842badc@group-EA752D978E74-SegmentedRaftLog:OPENED:c16,f16,i16, conf=0: [07a15819-e4fc-4072-82ac-b3e77a99d12a:192.168.5.159:45599, f9748ec4-5d8a-4dfc-8690-85b8cdac3f5d:192.168.5.159:44598, caa892f0-76ff-4c1e-b30f-b7c59842badc:192.168.5.159:39406], old=null
2019-10-14 14:43:20,821 [caa892f0-76ff-4c1e-b30f-b7c59842badc@group-EA752D978E74:LeaderElection124] INFO  impl.LeaderElection (LogUtils.java:infoOrTrace(149)) -   Exception 0: {}
java.util.concurrent.ExecutionException: org.apache.ratis.thirdparty.io.grpc.StatusRuntimeException: UNAVAILABLE: io exception
	at java.util.concurrent.FutureTask.report(FutureTask.java:122)
	at java.util.concurrent.FutureTask.get(FutureTask.java:192)
	at org.apache.ratis.server.impl.LeaderElection.waitForResults(LeaderElection.java:263)
	at org.apache.ratis.server.impl.LeaderElection.askForVotes(LeaderElection.java:201)
	at org.apache.ratis.server.impl.LeaderElection.run(LeaderElection.java:133)
	at java.lang.Thread.run(Thread.java:748)
Caused by: org.apache.ratis.thirdparty.io.grpc.StatusRuntimeException: UNAVAILABLE: io exception
	at org.apache.ratis.thirdparty.io.grpc.stub.ClientCalls.toStatusRuntimeException(ClientCalls.java:233)
	at org.apache.ratis.thirdparty.io.grpc.stub.ClientCalls.getUnchecked(ClientCalls.java:214)
	at org.apache.ratis.thirdparty.io.grpc.stub.ClientCalls.blockingUnaryCall(ClientCalls.java:139)
	at org.apache.ratis.proto.grpc.RaftServerProtocolServiceGrpc$RaftServerProtocolServiceBlockingStub.requestVote(RaftServerProtocolServiceGrpc.java:265)
	at org.apache.ratis.grpc.server.GrpcServerProtocolClient.requestVote(GrpcServerProtocolClient.java:90)
	at org.apache.ratis.grpc.server.GrpcService.requestVote(GrpcService.java:204)
	at org.apache.ratis.server.impl.LeaderElection.lambda$submitRequests$1(LeaderElection.java:238)
	at java.util.concurrent.FutureTask.run(FutureTask.java:266)
	at java.util.concurrent.Executors$RunnableAdapter.call(Executors.java:511)
	at java.util.concurrent.FutureTask.run(FutureTask.java:266)
	at java.util.concurrent.ThreadPoolExecutor.runWorker(ThreadPoolExecutor.java:1149)
	at java.util.concurrent.ThreadPoolExecutor$Worker.run(ThreadPoolExecutor.java:624)
	... 1 more
Caused by: org.apache.ratis.thirdparty.io.netty.channel.AbstractChannel$AnnotatedConnectException: Connection refused: /192.168.5.159:44598
	at sun.nio.ch.SocketChannelImpl.checkConnect(Native Method)
	at sun.nio.ch.SocketChannelImpl.finishConnect(SocketChannelImpl.java:717)
	at org.apache.ratis.thirdparty.io.netty.channel.socket.nio.NioSocketChannel.doFinishConnect(NioSocketChannel.java:327)
	at org.apache.ratis.thirdparty.io.netty.channel.nio.AbstractNioChannel$AbstractNioUnsafe.finishConnect(AbstractNioChannel.java:340)
	at org.apache.ratis.thirdparty.io.netty.channel.nio.NioEventLoop.processSelectedKey(NioEventLoop.java:632)
	at org.apache.ratis.thirdparty.io.netty.channel.nio.NioEventLoop.processSelectedKeysOptimized(NioEventLoop.java:579)
	at org.apache.ratis.thirdparty.io.netty.channel.nio.NioEventLoop.processSelectedKeys(NioEventLoop.java:496)
	at org.apache.ratis.thirdparty.io.netty.channel.nio.NioEventLoop.run(NioEventLoop.java:458)
	at org.apache.ratis.thirdparty.io.netty.util.concurrent.SingleThreadEventExecutor$5.run(SingleThreadEventExecutor.java:897)
	at org.apache.ratis.thirdparty.io.netty.util.concurrent.FastThreadLocalRunnable.run(FastThreadLocalRunnable.java:30)
	... 1 more
Caused by: java.net.ConnectException: Connection refused
	... 11 more
2019-10-14 14:43:20,821 [caa892f0-76ff-4c1e-b30f-b7c59842badc@group-EA752D978E74:LeaderElection124] INFO  impl.LeaderElection (LogUtils.java:infoOrTrace(149)) -   Exception 1: {}
java.util.concurrent.ExecutionException: org.apache.ratis.thirdparty.io.grpc.StatusRuntimeException: UNAVAILABLE: io exception
	at java.util.concurrent.FutureTask.report(FutureTask.java:122)
	at java.util.concurrent.FutureTask.get(FutureTask.java:192)
	at org.apache.ratis.server.impl.LeaderElection.waitForResults(LeaderElection.java:263)
	at org.apache.ratis.server.impl.LeaderElection.askForVotes(LeaderElection.java:201)
	at org.apache.ratis.server.impl.LeaderElection.run(LeaderElection.java:133)
	at java.lang.Thread.run(Thread.java:748)
Caused by: org.apache.ratis.thirdparty.io.grpc.StatusRuntimeException: UNAVAILABLE: io exception
	at org.apache.ratis.thirdparty.io.grpc.stub.ClientCalls.toStatusRuntimeException(ClientCalls.java:233)
	at org.apache.ratis.thirdparty.io.grpc.stub.ClientCalls.getUnchecked(ClientCalls.java:214)
	at org.apache.ratis.thirdparty.io.grpc.stub.ClientCalls.blockingUnaryCall(ClientCalls.java:139)
	at org.apache.ratis.proto.grpc.RaftServerProtocolServiceGrpc$RaftServerProtocolServiceBlockingStub.requestVote(RaftServerProtocolServiceGrpc.java:265)
	at org.apache.ratis.grpc.server.GrpcServerProtocolClient.requestVote(GrpcServerProtocolClient.java:90)
	at org.apache.ratis.grpc.server.GrpcService.requestVote(GrpcService.java:204)
	at org.apache.ratis.server.impl.LeaderElection.lambda$submitRequests$1(LeaderElection.java:238)
	at java.util.concurrent.FutureTask.run(FutureTask.java:266)
	at java.util.concurrent.Executors$RunnableAdapter.call(Executors.java:511)
	at java.util.concurrent.FutureTask.run(FutureTask.java:266)
	at java.util.concurrent.ThreadPoolExecutor.runWorker(ThreadPoolExecutor.java:1149)
	at java.util.concurrent.ThreadPoolExecutor$Worker.run(ThreadPoolExecutor.java:624)
	... 1 more
Caused by: org.apache.ratis.thirdparty.io.netty.channel.AbstractChannel$AnnotatedConnectException: Connection refused: /192.168.5.159:45599
	at sun.nio.ch.SocketChannelImpl.checkConnect(Native Method)
	at sun.nio.ch.SocketChannelImpl.finishConnect(SocketChannelImpl.java:717)
	at org.apache.ratis.thirdparty.io.netty.channel.socket.nio.NioSocketChannel.doFinishConnect(NioSocketChannel.java:327)
	at org.apache.ratis.thirdparty.io.netty.channel.nio.AbstractNioChannel$AbstractNioUnsafe.finishConnect(AbstractNioChannel.java:340)
	at org.apache.ratis.thirdparty.io.netty.channel.nio.NioEventLoop.processSelectedKey(NioEventLoop.java:632)
	at org.apache.ratis.thirdparty.io.netty.channel.nio.NioEventLoop.processSelectedKeysOptimized(NioEventLoop.java:579)
	at org.apache.ratis.thirdparty.io.netty.channel.nio.NioEventLoop.processSelectedKeys(NioEventLoop.java:496)
	at org.apache.ratis.thirdparty.io.netty.channel.nio.NioEventLoop.run(NioEventLoop.java:458)
	at org.apache.ratis.thirdparty.io.netty.util.concurrent.SingleThreadEventExecutor$5.run(SingleThreadEventExecutor.java:897)
	at org.apache.ratis.thirdparty.io.netty.util.concurrent.FastThreadLocalRunnable.run(FastThreadLocalRunnable.java:30)
	... 1 more
Caused by: java.net.ConnectException: Connection refused
	... 11 more
2019-10-14 14:43:20,821 [caa892f0-76ff-4c1e-b30f-b7c59842badc@group-EA752D978E74:LeaderElection124] INFO  impl.RaftServerImpl (RaftServerImpl.java:setRole(174)) - caa892f0-76ff-4c1e-b30f-b7c59842badc@group-EA752D978E74: changes role from CANDIDATE to FOLLOWER at term 44 for DISCOVERED_A_NEW_TERM
2019-10-14 14:43:20,821 [caa892f0-76ff-4c1e-b30f-b7c59842badc@group-EA752D978E74:LeaderElection124] INFO  impl.RoleInfo (RoleInfo.java:shutdownLeaderElection(134)) - caa892f0-76ff-4c1e-b30f-b7c59842badc: shutdown LeaderElection
2019-10-14 14:43:20,822 [caa892f0-76ff-4c1e-b30f-b7c59842badc@group-EA752D978E74:LeaderElection124] INFO  impl.RoleInfo (RoleInfo.java:updateAndGet(143)) - caa892f0-76ff-4c1e-b30f-b7c59842badc: start FollowerState
2019-10-14 14:43:20,868 [Thread-2026] INFO  impl.FollowerState (FollowerState.java:run(106)) - caa892f0-76ff-4c1e-b30f-b7c59842badc:group-E0B7C1D5C8D3 changes to CANDIDATE, lastRpcTime:1165, electionTimeout:1165ms
2019-10-14 14:43:20,868 [Thread-2026] INFO  impl.RoleInfo (RoleInfo.java:shutdownFollowerState(121)) - caa892f0-76ff-4c1e-b30f-b7c59842badc: shutdown FollowerState
2019-10-14 14:43:20,869 [Thread-2026] INFO  impl.RaftServerImpl (RaftServerImpl.java:setRole(174)) - caa892f0-76ff-4c1e-b30f-b7c59842badc@group-E0B7C1D5C8D3: changes role from  FOLLOWER to CANDIDATE at term 44 for changeToCandidate
2019-10-14 14:43:20,869 [Thread-2026] INFO  impl.RoleInfo (RoleInfo.java:updateAndGet(143)) - caa892f0-76ff-4c1e-b30f-b7c59842badc: start LeaderElection
2019-10-14 14:43:20,883 [caa892f0-76ff-4c1e-b30f-b7c59842badc@group-E0B7C1D5C8D3:LeaderElection125] INFO  impl.LeaderElection (LeaderElection.java:askForVotes(182)) - caa892f0-76ff-4c1e-b30f-b7c59842badc@group-E0B7C1D5C8D3:LeaderElection125: begin an election at term 45 for 0: [07a15819-e4fc-4072-82ac-b3e77a99d12a:192.168.5.159:45599, f9748ec4-5d8a-4dfc-8690-85b8cdac3f5d:192.168.5.159:44598, caa892f0-76ff-4c1e-b30f-b7c59842badc:192.168.5.159:39406], old=null
2019-10-14 14:43:20,884 [caa892f0-76ff-4c1e-b30f-b7c59842badc@group-E0B7C1D5C8D3:LeaderElection125] INFO  impl.LeaderElection (LogUtils.java:infoOrTrace(149)) - caa892f0-76ff-4c1e-b30f-b7c59842badc@group-E0B7C1D5C8D3:LeaderElection125 got exception when requesting votes: {}
java.util.concurrent.ExecutionException: org.apache.ratis.thirdparty.io.grpc.StatusRuntimeException: UNAVAILABLE: io exception
	at java.util.concurrent.FutureTask.report(FutureTask.java:122)
	at java.util.concurrent.FutureTask.get(FutureTask.java:192)
	at org.apache.ratis.server.impl.LeaderElection.waitForResults(LeaderElection.java:263)
	at org.apache.ratis.server.impl.LeaderElection.askForVotes(LeaderElection.java:201)
	at org.apache.ratis.server.impl.LeaderElection.run(LeaderElection.java:133)
	at java.lang.Thread.run(Thread.java:748)
Caused by: org.apache.ratis.thirdparty.io.grpc.StatusRuntimeException: UNAVAILABLE: io exception
	at org.apache.ratis.thirdparty.io.grpc.stub.ClientCalls.toStatusRuntimeException(ClientCalls.java:233)
	at org.apache.ratis.thirdparty.io.grpc.stub.ClientCalls.getUnchecked(ClientCalls.java:214)
	at org.apache.ratis.thirdparty.io.grpc.stub.ClientCalls.blockingUnaryCall(ClientCalls.java:139)
	at org.apache.ratis.proto.grpc.RaftServerProtocolServiceGrpc$RaftServerProtocolServiceBlockingStub.requestVote(RaftServerProtocolServiceGrpc.java:265)
	at org.apache.ratis.grpc.server.GrpcServerProtocolClient.requestVote(GrpcServerProtocolClient.java:90)
	at org.apache.ratis.grpc.server.GrpcService.requestVote(GrpcService.java:204)
	at org.apache.ratis.server.impl.LeaderElection.lambda$submitRequests$1(LeaderElection.java:238)
	at java.util.concurrent.FutureTask.run(FutureTask.java:266)
	at java.util.concurrent.Executors$RunnableAdapter.call(Executors.java:511)
	at java.util.concurrent.FutureTask.run(FutureTask.java:266)
	at java.util.concurrent.ThreadPoolExecutor.runWorker(ThreadPoolExecutor.java:1149)
	at java.util.concurrent.ThreadPoolExecutor$Worker.run(ThreadPoolExecutor.java:624)
	... 1 more
Caused by: org.apache.ratis.thirdparty.io.netty.channel.AbstractChannel$AnnotatedConnectException: Connection refused: /192.168.5.159:44598
	at sun.nio.ch.SocketChannelImpl.checkConnect(Native Method)
	at sun.nio.ch.SocketChannelImpl.finishConnect(SocketChannelImpl.java:717)
	at org.apache.ratis.thirdparty.io.netty.channel.socket.nio.NioSocketChannel.doFinishConnect(NioSocketChannel.java:327)
	at org.apache.ratis.thirdparty.io.netty.channel.nio.AbstractNioChannel$AbstractNioUnsafe.finishConnect(AbstractNioChannel.java:340)
	at org.apache.ratis.thirdparty.io.netty.channel.nio.NioEventLoop.processSelectedKey(NioEventLoop.java:632)
	at org.apache.ratis.thirdparty.io.netty.channel.nio.NioEventLoop.processSelectedKeysOptimized(NioEventLoop.java:579)
	at org.apache.ratis.thirdparty.io.netty.channel.nio.NioEventLoop.processSelectedKeys(NioEventLoop.java:496)
	at org.apache.ratis.thirdparty.io.netty.channel.nio.NioEventLoop.run(NioEventLoop.java:458)
	at org.apache.ratis.thirdparty.io.netty.util.concurrent.SingleThreadEventExecutor$5.run(SingleThreadEventExecutor.java:897)
	at org.apache.ratis.thirdparty.io.netty.util.concurrent.FastThreadLocalRunnable.run(FastThreadLocalRunnable.java:30)
	... 1 more
Caused by: java.net.ConnectException: Connection refused
	... 11 more
2019-10-14 14:43:20,884 [caa892f0-76ff-4c1e-b30f-b7c59842badc@group-E0B7C1D5C8D3:LeaderElection125] INFO  impl.LeaderElection (LogUtils.java:infoOrTrace(149)) - caa892f0-76ff-4c1e-b30f-b7c59842badc@group-E0B7C1D5C8D3:LeaderElection125 got exception when requesting votes: {}
java.util.concurrent.ExecutionException: org.apache.ratis.thirdparty.io.grpc.StatusRuntimeException: UNAVAILABLE: io exception
	at java.util.concurrent.FutureTask.report(FutureTask.java:122)
	at java.util.concurrent.FutureTask.get(FutureTask.java:192)
	at org.apache.ratis.server.impl.LeaderElection.waitForResults(LeaderElection.java:263)
	at org.apache.ratis.server.impl.LeaderElection.askForVotes(LeaderElection.java:201)
	at org.apache.ratis.server.impl.LeaderElection.run(LeaderElection.java:133)
	at java.lang.Thread.run(Thread.java:748)
Caused by: org.apache.ratis.thirdparty.io.grpc.StatusRuntimeException: UNAVAILABLE: io exception
	at org.apache.ratis.thirdparty.io.grpc.stub.ClientCalls.toStatusRuntimeException(ClientCalls.java:233)
	at org.apache.ratis.thirdparty.io.grpc.stub.ClientCalls.getUnchecked(ClientCalls.java:214)
	at org.apache.ratis.thirdparty.io.grpc.stub.ClientCalls.blockingUnaryCall(ClientCalls.java:139)
	at org.apache.ratis.proto.grpc.RaftServerProtocolServiceGrpc$RaftServerProtocolServiceBlockingStub.requestVote(RaftServerProtocolServiceGrpc.java:265)
	at org.apache.ratis.grpc.server.GrpcServerProtocolClient.requestVote(GrpcServerProtocolClient.java:90)
	at org.apache.ratis.grpc.server.GrpcService.requestVote(GrpcService.java:204)
	at org.apache.ratis.server.impl.LeaderElection.lambda$submitRequests$1(LeaderElection.java:238)
	at java.util.concurrent.FutureTask.run(FutureTask.java:266)
	at java.util.concurrent.Executors$RunnableAdapter.call(Executors.java:511)
	at java.util.concurrent.FutureTask.run(FutureTask.java:266)
	at java.util.concurrent.ThreadPoolExecutor.runWorker(ThreadPoolExecutor.java:1149)
	at java.util.concurrent.ThreadPoolExecutor$Worker.run(ThreadPoolExecutor.java:624)
	... 1 more
Caused by: org.apache.ratis.thirdparty.io.netty.channel.AbstractChannel$AnnotatedConnectException: Connection refused: /192.168.5.159:45599
	at sun.nio.ch.SocketChannelImpl.checkConnect(Native Method)
	at sun.nio.ch.SocketChannelImpl.finishConnect(SocketChannelImpl.java:717)
	at org.apache.ratis.thirdparty.io.netty.channel.socket.nio.NioSocketChannel.doFinishConnect(NioSocketChannel.java:327)
	at org.apache.ratis.thirdparty.io.netty.channel.nio.AbstractNioChannel$AbstractNioUnsafe.finishConnect(AbstractNioChannel.java:340)
	at org.apache.ratis.thirdparty.io.netty.channel.nio.NioEventLoop.processSelectedKey(NioEventLoop.java:632)
	at org.apache.ratis.thirdparty.io.netty.channel.nio.NioEventLoop.processSelectedKeysOptimized(NioEventLoop.java:579)
	at org.apache.ratis.thirdparty.io.netty.channel.nio.NioEventLoop.processSelectedKeys(NioEventLoop.java:496)
	at org.apache.ratis.thirdparty.io.netty.channel.nio.NioEventLoop.run(NioEventLoop.java:458)
	at org.apache.ratis.thirdparty.io.netty.util.concurrent.SingleThreadEventExecutor$5.run(SingleThreadEventExecutor.java:897)
	at org.apache.ratis.thirdparty.io.netty.util.concurrent.FastThreadLocalRunnable.run(FastThreadLocalRunnable.java:30)
	... 1 more
Caused by: java.net.ConnectException: Connection refused
	... 11 more
2019-10-14 14:43:20,884 [caa892f0-76ff-4c1e-b30f-b7c59842badc@group-E0B7C1D5C8D3:LeaderElection125] INFO  impl.LeaderElection (LeaderElection.java:logAndReturn(56)) - caa892f0-76ff-4c1e-b30f-b7c59842badc@group-E0B7C1D5C8D3:LeaderElection125: Election REJECTED; received 0 response(s) [] and 2 exception(s); caa892f0-76ff-4c1e-b30f-b7c59842badc@group-E0B7C1D5C8D3:t45, leader=null, voted=caa892f0-76ff-4c1e-b30f-b7c59842badc, raftlog=caa892f0-76ff-4c1e-b30f-b7c59842badc@group-E0B7C1D5C8D3-SegmentedRaftLog:OPENED:c0,f0,i0, conf=0: [07a15819-e4fc-4072-82ac-b3e77a99d12a:192.168.5.159:45599, f9748ec4-5d8a-4dfc-8690-85b8cdac3f5d:192.168.5.159:44598, caa892f0-76ff-4c1e-b30f-b7c59842badc:192.168.5.159:39406], old=null
2019-10-14 14:43:20,884 [caa892f0-76ff-4c1e-b30f-b7c59842badc@group-E0B7C1D5C8D3:LeaderElection125] INFO  impl.LeaderElection (LogUtils.java:infoOrTrace(149)) -   Exception 0: {}
java.util.concurrent.ExecutionException: org.apache.ratis.thirdparty.io.grpc.StatusRuntimeException: UNAVAILABLE: io exception
	at java.util.concurrent.FutureTask.report(FutureTask.java:122)
	at java.util.concurrent.FutureTask.get(FutureTask.java:192)
	at org.apache.ratis.server.impl.LeaderElection.waitForResults(LeaderElection.java:263)
	at org.apache.ratis.server.impl.LeaderElection.askForVotes(LeaderElection.java:201)
	at org.apache.ratis.server.impl.LeaderElection.run(LeaderElection.java:133)
	at java.lang.Thread.run(Thread.java:748)
Caused by: org.apache.ratis.thirdparty.io.grpc.StatusRuntimeException: UNAVAILABLE: io exception
	at org.apache.ratis.thirdparty.io.grpc.stub.ClientCalls.toStatusRuntimeException(ClientCalls.java:233)
	at org.apache.ratis.thirdparty.io.grpc.stub.ClientCalls.getUnchecked(ClientCalls.java:214)
	at org.apache.ratis.thirdparty.io.grpc.stub.ClientCalls.blockingUnaryCall(ClientCalls.java:139)
	at org.apache.ratis.proto.grpc.RaftServerProtocolServiceGrpc$RaftServerProtocolServiceBlockingStub.requestVote(RaftServerProtocolServiceGrpc.java:265)
	at org.apache.ratis.grpc.server.GrpcServerProtocolClient.requestVote(GrpcServerProtocolClient.java:90)
	at org.apache.ratis.grpc.server.GrpcService.requestVote(GrpcService.java:204)
	at org.apache.ratis.server.impl.LeaderElection.lambda$submitRequests$1(LeaderElection.java:238)
	at java.util.concurrent.FutureTask.run(FutureTask.java:266)
	at java.util.concurrent.Executors$RunnableAdapter.call(Executors.java:511)
	at java.util.concurrent.FutureTask.run(FutureTask.java:266)
	at java.util.concurrent.ThreadPoolExecutor.runWorker(ThreadPoolExecutor.java:1149)
	at java.util.concurrent.ThreadPoolExecutor$Worker.run(ThreadPoolExecutor.java:624)
	... 1 more
Caused by: org.apache.ratis.thirdparty.io.netty.channel.AbstractChannel$AnnotatedConnectException: Connection refused: /192.168.5.159:44598
	at sun.nio.ch.SocketChannelImpl.checkConnect(Native Method)
	at sun.nio.ch.SocketChannelImpl.finishConnect(SocketChannelImpl.java:717)
	at org.apache.ratis.thirdparty.io.netty.channel.socket.nio.NioSocketChannel.doFinishConnect(NioSocketChannel.java:327)
	at org.apache.ratis.thirdparty.io.netty.channel.nio.AbstractNioChannel$AbstractNioUnsafe.finishConnect(AbstractNioChannel.java:340)
	at org.apache.ratis.thirdparty.io.netty.channel.nio.NioEventLoop.processSelectedKey(NioEventLoop.java:632)
	at org.apache.ratis.thirdparty.io.netty.channel.nio.NioEventLoop.processSelectedKeysOptimized(NioEventLoop.java:579)
	at org.apache.ratis.thirdparty.io.netty.channel.nio.NioEventLoop.processSelectedKeys(NioEventLoop.java:496)
	at org.apache.ratis.thirdparty.io.netty.channel.nio.NioEventLoop.run(NioEventLoop.java:458)
	at org.apache.ratis.thirdparty.io.netty.util.concurrent.SingleThreadEventExecutor$5.run(SingleThreadEventExecutor.java:897)
	at org.apache.ratis.thirdparty.io.netty.util.concurrent.FastThreadLocalRunnable.run(FastThreadLocalRunnable.java:30)
	... 1 more
Caused by: java.net.ConnectException: Connection refused
	... 11 more
2019-10-14 14:43:20,885 [caa892f0-76ff-4c1e-b30f-b7c59842badc@group-E0B7C1D5C8D3:LeaderElection125] INFO  impl.LeaderElection (LogUtils.java:infoOrTrace(149)) -   Exception 1: {}
java.util.concurrent.ExecutionException: org.apache.ratis.thirdparty.io.grpc.StatusRuntimeException: UNAVAILABLE: io exception
	at java.util.concurrent.FutureTask.report(FutureTask.java:122)
	at java.util.concurrent.FutureTask.get(FutureTask.java:192)
	at org.apache.ratis.server.impl.LeaderElection.waitForResults(LeaderElection.java:263)
	at org.apache.ratis.server.impl.LeaderElection.askForVotes(LeaderElection.java:201)
	at org.apache.ratis.server.impl.LeaderElection.run(LeaderElection.java:133)
	at java.lang.Thread.run(Thread.java:748)
Caused by: org.apache.ratis.thirdparty.io.grpc.StatusRuntimeException: UNAVAILABLE: io exception
	at org.apache.ratis.thirdparty.io.grpc.stub.ClientCalls.toStatusRuntimeException(ClientCalls.java:233)
	at org.apache.ratis.thirdparty.io.grpc.stub.ClientCalls.getUnchecked(ClientCalls.java:214)
	at org.apache.ratis.thirdparty.io.grpc.stub.ClientCalls.blockingUnaryCall(ClientCalls.java:139)
	at org.apache.ratis.proto.grpc.RaftServerProtocolServiceGrpc$RaftServerProtocolServiceBlockingStub.requestVote(RaftServerProtocolServiceGrpc.java:265)
	at org.apache.ratis.grpc.server.GrpcServerProtocolClient.requestVote(GrpcServerProtocolClient.java:90)
	at org.apache.ratis.grpc.server.GrpcService.requestVote(GrpcService.java:204)
	at org.apache.ratis.server.impl.LeaderElection.lambda$submitRequests$1(LeaderElection.java:238)
	at java.util.concurrent.FutureTask.run(FutureTask.java:266)
	at java.util.concurrent.Executors$RunnableAdapter.call(Executors.java:511)
	at java.util.concurrent.FutureTask.run(FutureTask.java:266)
	at java.util.concurrent.ThreadPoolExecutor.runWorker(ThreadPoolExecutor.java:1149)
	at java.util.concurrent.ThreadPoolExecutor$Worker.run(ThreadPoolExecutor.java:624)
	... 1 more
Caused by: org.apache.ratis.thirdparty.io.netty.channel.AbstractChannel$AnnotatedConnectException: Connection refused: /192.168.5.159:45599
	at sun.nio.ch.SocketChannelImpl.checkConnect(Native Method)
	at sun.nio.ch.SocketChannelImpl.finishConnect(SocketChannelImpl.java:717)
	at org.apache.ratis.thirdparty.io.netty.channel.socket.nio.NioSocketChannel.doFinishConnect(NioSocketChannel.java:327)
	at org.apache.ratis.thirdparty.io.netty.channel.nio.AbstractNioChannel$AbstractNioUnsafe.finishConnect(AbstractNioChannel.java:340)
	at org.apache.ratis.thirdparty.io.netty.channel.nio.NioEventLoop.processSelectedKey(NioEventLoop.java:632)
	at org.apache.ratis.thirdparty.io.netty.channel.nio.NioEventLoop.processSelectedKeysOptimized(NioEventLoop.java:579)
	at org.apache.ratis.thirdparty.io.netty.channel.nio.NioEventLoop.processSelectedKeys(NioEventLoop.java:496)
	at org.apache.ratis.thirdparty.io.netty.channel.nio.NioEventLoop.run(NioEventLoop.java:458)
	at org.apache.ratis.thirdparty.io.netty.util.concurrent.SingleThreadEventExecutor$5.run(SingleThreadEventExecutor.java:897)
	at org.apache.ratis.thirdparty.io.netty.util.concurrent.FastThreadLocalRunnable.run(FastThreadLocalRunnable.java:30)
	... 1 more
Caused by: java.net.ConnectException: Connection refused
	... 11 more
2019-10-14 14:43:20,885 [caa892f0-76ff-4c1e-b30f-b7c59842badc@group-E0B7C1D5C8D3:LeaderElection125] INFO  impl.RaftServerImpl (RaftServerImpl.java:setRole(174)) - caa892f0-76ff-4c1e-b30f-b7c59842badc@group-E0B7C1D5C8D3: changes role from CANDIDATE to FOLLOWER at term 45 for DISCOVERED_A_NEW_TERM
2019-10-14 14:43:20,885 [caa892f0-76ff-4c1e-b30f-b7c59842badc@group-E0B7C1D5C8D3:LeaderElection125] INFO  impl.RoleInfo (RoleInfo.java:shutdownLeaderElection(134)) - caa892f0-76ff-4c1e-b30f-b7c59842badc: shutdown LeaderElection
2019-10-14 14:43:20,885 [caa892f0-76ff-4c1e-b30f-b7c59842badc@group-E0B7C1D5C8D3:LeaderElection125] INFO  impl.RoleInfo (RoleInfo.java:updateAndGet(143)) - caa892f0-76ff-4c1e-b30f-b7c59842badc: start FollowerState
2019-10-14 14:43:21,129 [grpc-default-executor-0] WARN  server.GrpcLogAppender (LogUtils.java:warn(134)) - caa892f0-76ff-4c1e-b30f-b7c59842badc@group-026CFA11C8A1->07a15819-e4fc-4072-82ac-b3e77a99d12a-AppendLogResponseHandler: Failed appendEntries: org.apache.ratis.thirdparty.io.grpc.StatusRuntimeException: UNAVAILABLE: io exception
2019-10-14 14:43:21,129 [grpc-default-executor-3] WARN  server.GrpcLogAppender (LogUtils.java:warn(134)) - caa892f0-76ff-4c1e-b30f-b7c59842badc@group-382452901537->f9748ec4-5d8a-4dfc-8690-85b8cdac3f5d-AppendLogResponseHandler: Failed appendEntries: org.apache.ratis.thirdparty.io.grpc.StatusRuntimeException: UNAVAILABLE: io exception
2019-10-14 14:43:21,129 [grpc-default-executor-4] WARN  server.GrpcLogAppender (LogUtils.java:warn(134)) - caa892f0-76ff-4c1e-b30f-b7c59842badc@group-382452901537->07a15819-e4fc-4072-82ac-b3e77a99d12a-AppendLogResponseHandler: Failed appendEntries: org.apache.ratis.thirdparty.io.grpc.StatusRuntimeException: UNAVAILABLE: io exception
2019-10-14 14:43:21,129 [grpc-default-executor-7] WARN  server.GrpcLogAppender (LogUtils.java:warn(134)) - caa892f0-76ff-4c1e-b30f-b7c59842badc@group-026CFA11C8A1->f9748ec4-5d8a-4dfc-8690-85b8cdac3f5d-AppendLogResponseHandler: Failed appendEntries: org.apache.ratis.thirdparty.io.grpc.StatusRuntimeException: UNAVAILABLE: io exception
2019-10-14 14:43:21,130 [grpc-default-executor-4] INFO  impl.FollowerInfo (FollowerInfo.java:lambda$new$0(51)) - caa892f0-76ff-4c1e-b30f-b7c59842badc@group-382452901537->07a15819-e4fc-4072-82ac-b3e77a99d12a: nextIndex: updateUnconditionally 0 -> 0
2019-10-14 14:43:21,130 [grpc-default-executor-3] INFO  impl.FollowerInfo (FollowerInfo.java:lambda$new$0(51)) - caa892f0-76ff-4c1e-b30f-b7c59842badc@group-382452901537->f9748ec4-5d8a-4dfc-8690-85b8cdac3f5d: nextIndex: updateUnconditionally 0 -> 0
2019-10-14 14:43:21,130 [grpc-default-executor-0] INFO  impl.FollowerInfo (FollowerInfo.java:lambda$new$0(51)) - caa892f0-76ff-4c1e-b30f-b7c59842badc@group-026CFA11C8A1->07a15819-e4fc-4072-82ac-b3e77a99d12a: nextIndex: updateUnconditionally 0 -> 0
2019-10-14 14:43:21,130 [grpc-default-executor-7] INFO  impl.FollowerInfo (FollowerInfo.java:lambda$new$0(51)) - caa892f0-76ff-4c1e-b30f-b7c59842badc@group-026CFA11C8A1->f9748ec4-5d8a-4dfc-8690-85b8cdac3f5d: nextIndex: updateUnconditionally 0 -> 0
2019-10-14 14:43:21,631 [grpc-default-executor-12] WARN  server.GrpcLogAppender (LogUtils.java:warn(134)) - caa892f0-76ff-4c1e-b30f-b7c59842badc@group-382452901537->f9748ec4-5d8a-4dfc-8690-85b8cdac3f5d-AppendLogResponseHandler: Failed appendEntries: org.apache.ratis.thirdparty.io.grpc.StatusRuntimeException: UNAVAILABLE: io exception
2019-10-14 14:43:21,631 [grpc-default-executor-0] WARN  server.GrpcLogAppender (LogUtils.java:warn(134)) - caa892f0-76ff-4c1e-b30f-b7c59842badc@group-382452901537->07a15819-e4fc-4072-82ac-b3e77a99d12a-AppendLogResponseHandler: Failed appendEntries: org.apache.ratis.thirdparty.io.grpc.StatusRuntimeException: UNAVAILABLE: io exception
2019-10-14 14:43:21,631 [grpc-default-executor-2] WARN  server.GrpcLogAppender (LogUtils.java:warn(134)) - caa892f0-76ff-4c1e-b30f-b7c59842badc@group-026CFA11C8A1->07a15819-e4fc-4072-82ac-b3e77a99d12a-AppendLogResponseHandler: Failed appendEntries: org.apache.ratis.thirdparty.io.grpc.StatusRuntimeException: UNAVAILABLE: io exception
2019-10-14 14:43:21,631 [grpc-default-executor-12] INFO  impl.FollowerInfo (FollowerInfo.java:lambda$new$0(51)) - caa892f0-76ff-4c1e-b30f-b7c59842badc@group-382452901537->f9748ec4-5d8a-4dfc-8690-85b8cdac3f5d: nextIndex: updateUnconditionally 0 -> 0
2019-10-14 14:43:21,631 [grpc-default-executor-5] WARN  server.GrpcLogAppender (LogUtils.java:warn(134)) - caa892f0-76ff-4c1e-b30f-b7c59842badc@group-026CFA11C8A1->f9748ec4-5d8a-4dfc-8690-85b8cdac3f5d-AppendLogResponseHandler: Failed appendEntries: org.apache.ratis.thirdparty.io.grpc.StatusRuntimeException: UNAVAILABLE: io exception
2019-10-14 14:43:21,631 [grpc-default-executor-2] INFO  impl.FollowerInfo (FollowerInfo.java:lambda$new$0(51)) - caa892f0-76ff-4c1e-b30f-b7c59842badc@group-026CFA11C8A1->07a15819-e4fc-4072-82ac-b3e77a99d12a: nextIndex: updateUnconditionally 0 -> 0
2019-10-14 14:43:21,631 [grpc-default-executor-0] INFO  impl.FollowerInfo (FollowerInfo.java:lambda$new$0(51)) - caa892f0-76ff-4c1e-b30f-b7c59842badc@group-382452901537->07a15819-e4fc-4072-82ac-b3e77a99d12a: nextIndex: updateUnconditionally 0 -> 0
2019-10-14 14:43:21,632 [grpc-default-executor-5] INFO  impl.FollowerInfo (FollowerInfo.java:lambda$new$0(51)) - caa892f0-76ff-4c1e-b30f-b7c59842badc@group-026CFA11C8A1->f9748ec4-5d8a-4dfc-8690-85b8cdac3f5d: nextIndex: updateUnconditionally 0 -> 0
2019-10-14 14:43:21,845 [Thread-2058] INFO  impl.FollowerState (FollowerState.java:run(106)) - caa892f0-76ff-4c1e-b30f-b7c59842badc:group-EA752D978E74 changes to CANDIDATE, lastRpcTime:1023, electionTimeout:1023ms
2019-10-14 14:43:21,845 [Thread-2058] INFO  impl.RoleInfo (RoleInfo.java:shutdownFollowerState(121)) - caa892f0-76ff-4c1e-b30f-b7c59842badc: shutdown FollowerState
2019-10-14 14:43:21,845 [Thread-2058] INFO  impl.RaftServerImpl (RaftServerImpl.java:setRole(174)) - caa892f0-76ff-4c1e-b30f-b7c59842badc@group-EA752D978E74: changes role from  FOLLOWER to CANDIDATE at term 44 for changeToCandidate
2019-10-14 14:43:21,846 [Thread-2058] INFO  impl.RoleInfo (RoleInfo.java:updateAndGet(143)) - caa892f0-76ff-4c1e-b30f-b7c59842badc: start LeaderElection
2019-10-14 14:43:21,853 [caa892f0-76ff-4c1e-b30f-b7c59842badc@group-EA752D978E74:LeaderElection126] INFO  impl.LeaderElection (LeaderElection.java:askForVotes(182)) - caa892f0-76ff-4c1e-b30f-b7c59842badc@group-EA752D978E74:LeaderElection126: begin an election at term 45 for 0: [07a15819-e4fc-4072-82ac-b3e77a99d12a:192.168.5.159:45599, f9748ec4-5d8a-4dfc-8690-85b8cdac3f5d:192.168.5.159:44598, caa892f0-76ff-4c1e-b30f-b7c59842badc:192.168.5.159:39406], old=null
2019-10-14 14:43:21,855 [caa892f0-76ff-4c1e-b30f-b7c59842badc@group-EA752D978E74:LeaderElection126] INFO  impl.LeaderElection (LogUtils.java:infoOrTrace(149)) - caa892f0-76ff-4c1e-b30f-b7c59842badc@group-EA752D978E74:LeaderElection126 got exception when requesting votes: {}
java.util.concurrent.ExecutionException: org.apache.ratis.thirdparty.io.grpc.StatusRuntimeException: UNAVAILABLE: io exception
	at java.util.concurrent.FutureTask.report(FutureTask.java:122)
	at java.util.concurrent.FutureTask.get(FutureTask.java:192)
	at org.apache.ratis.server.impl.LeaderElection.waitForResults(LeaderElection.java:263)
	at org.apache.ratis.server.impl.LeaderElection.askForVotes(LeaderElection.java:201)
	at org.apache.ratis.server.impl.LeaderElection.run(LeaderElection.java:133)
	at java.lang.Thread.run(Thread.java:748)
Caused by: org.apache.ratis.thirdparty.io.grpc.StatusRuntimeException: UNAVAILABLE: io exception
	at org.apache.ratis.thirdparty.io.grpc.stub.ClientCalls.toStatusRuntimeException(ClientCalls.java:233)
	at org.apache.ratis.thirdparty.io.grpc.stub.ClientCalls.getUnchecked(ClientCalls.java:214)
	at org.apache.ratis.thirdparty.io.grpc.stub.ClientCalls.blockingUnaryCall(ClientCalls.java:139)
	at org.apache.ratis.proto.grpc.RaftServerProtocolServiceGrpc$RaftServerProtocolServiceBlockingStub.requestVote(RaftServerProtocolServiceGrpc.java:265)
	at org.apache.ratis.grpc.server.GrpcServerProtocolClient.requestVote(GrpcServerProtocolClient.java:90)
	at org.apache.ratis.grpc.server.GrpcService.requestVote(GrpcService.java:204)
	at org.apache.ratis.server.impl.LeaderElection.lambda$submitRequests$1(LeaderElection.java:238)
	at java.util.concurrent.FutureTask.run(FutureTask.java:266)
	at java.util.concurrent.Executors$RunnableAdapter.call(Executors.java:511)
	at java.util.concurrent.FutureTask.run(FutureTask.java:266)
	at java.util.concurrent.ThreadPoolExecutor.runWorker(ThreadPoolExecutor.java:1149)
	at java.util.concurrent.ThreadPoolExecutor$Worker.run(ThreadPoolExecutor.java:624)
	... 1 more
Caused by: org.apache.ratis.thirdparty.io.netty.channel.AbstractChannel$AnnotatedConnectException: Connection refused: /192.168.5.159:45599
	at sun.nio.ch.SocketChannelImpl.checkConnect(Native Method)
	at sun.nio.ch.SocketChannelImpl.finishConnect(SocketChannelImpl.java:717)
	at org.apache.ratis.thirdparty.io.netty.channel.socket.nio.NioSocketChannel.doFinishConnect(NioSocketChannel.java:327)
	at org.apache.ratis.thirdparty.io.netty.channel.nio.AbstractNioChannel$AbstractNioUnsafe.finishConnect(AbstractNioChannel.java:340)
	at org.apache.ratis.thirdparty.io.netty.channel.nio.NioEventLoop.processSelectedKey(NioEventLoop.java:632)
	at org.apache.ratis.thirdparty.io.netty.channel.nio.NioEventLoop.processSelectedKeysOptimized(NioEventLoop.java:579)
	at org.apache.ratis.thirdparty.io.netty.channel.nio.NioEventLoop.processSelectedKeys(NioEventLoop.java:496)
	at org.apache.ratis.thirdparty.io.netty.channel.nio.NioEventLoop.run(NioEventLoop.java:458)
	at org.apache.ratis.thirdparty.io.netty.util.concurrent.SingleThreadEventExecutor$5.run(SingleThreadEventExecutor.java:897)
	at org.apache.ratis.thirdparty.io.netty.util.concurrent.FastThreadLocalRunnable.run(FastThreadLocalRunnable.java:30)
	... 1 more
Caused by: java.net.ConnectException: Connection refused
	... 11 more
2019-10-14 14:43:21,856 [caa892f0-76ff-4c1e-b30f-b7c59842badc@group-EA752D978E74:LeaderElection126] INFO  impl.LeaderElection (LogUtils.java:infoOrTrace(149)) - caa892f0-76ff-4c1e-b30f-b7c59842badc@group-EA752D978E74:LeaderElection126 got exception when requesting votes: {}
java.util.concurrent.ExecutionException: org.apache.ratis.thirdparty.io.grpc.StatusRuntimeException: UNAVAILABLE: io exception
	at java.util.concurrent.FutureTask.report(FutureTask.java:122)
	at java.util.concurrent.FutureTask.get(FutureTask.java:192)
	at org.apache.ratis.server.impl.LeaderElection.waitForResults(LeaderElection.java:263)
	at org.apache.ratis.server.impl.LeaderElection.askForVotes(LeaderElection.java:201)
	at org.apache.ratis.server.impl.LeaderElection.run(LeaderElection.java:133)
	at java.lang.Thread.run(Thread.java:748)
Caused by: org.apache.ratis.thirdparty.io.grpc.StatusRuntimeException: UNAVAILABLE: io exception
	at org.apache.ratis.thirdparty.io.grpc.stub.ClientCalls.toStatusRuntimeException(ClientCalls.java:233)
	at org.apache.ratis.thirdparty.io.grpc.stub.ClientCalls.getUnchecked(ClientCalls.java:214)
	at org.apache.ratis.thirdparty.io.grpc.stub.ClientCalls.blockingUnaryCall(ClientCalls.java:139)
	at org.apache.ratis.proto.grpc.RaftServerProtocolServiceGrpc$RaftServerProtocolServiceBlockingStub.requestVote(RaftServerProtocolServiceGrpc.java:265)
	at org.apache.ratis.grpc.server.GrpcServerProtocolClient.requestVote(GrpcServerProtocolClient.java:90)
	at org.apache.ratis.grpc.server.GrpcService.requestVote(GrpcService.java:204)
	at org.apache.ratis.server.impl.LeaderElection.lambda$submitRequests$1(LeaderElection.java:238)
	at java.util.concurrent.FutureTask.run(FutureTask.java:266)
	at java.util.concurrent.Executors$RunnableAdapter.call(Executors.java:511)
	at java.util.concurrent.FutureTask.run(FutureTask.java:266)
	at java.util.concurrent.ThreadPoolExecutor.runWorker(ThreadPoolExecutor.java:1149)
	at java.util.concurrent.ThreadPoolExecutor$Worker.run(ThreadPoolExecutor.java:624)
	... 1 more
Caused by: org.apache.ratis.thirdparty.io.netty.channel.AbstractChannel$AnnotatedConnectException: Connection refused: /192.168.5.159:44598
	at sun.nio.ch.SocketChannelImpl.checkConnect(Native Method)
	at sun.nio.ch.SocketChannelImpl.finishConnect(SocketChannelImpl.java:717)
	at org.apache.ratis.thirdparty.io.netty.channel.socket.nio.NioSocketChannel.doFinishConnect(NioSocketChannel.java:327)
	at org.apache.ratis.thirdparty.io.netty.channel.nio.AbstractNioChannel$AbstractNioUnsafe.finishConnect(AbstractNioChannel.java:340)
	at org.apache.ratis.thirdparty.io.netty.channel.nio.NioEventLoop.processSelectedKey(NioEventLoop.java:632)
	at org.apache.ratis.thirdparty.io.netty.channel.nio.NioEventLoop.processSelectedKeysOptimized(NioEventLoop.java:579)
	at org.apache.ratis.thirdparty.io.netty.channel.nio.NioEventLoop.processSelectedKeys(NioEventLoop.java:496)
	at org.apache.ratis.thirdparty.io.netty.channel.nio.NioEventLoop.run(NioEventLoop.java:458)
	at org.apache.ratis.thirdparty.io.netty.util.concurrent.SingleThreadEventExecutor$5.run(SingleThreadEventExecutor.java:897)
	at org.apache.ratis.thirdparty.io.netty.util.concurrent.FastThreadLocalRunnable.run(FastThreadLocalRunnable.java:30)
	... 1 more
Caused by: java.net.ConnectException: Connection refused
	... 11 more
2019-10-14 14:43:21,856 [caa892f0-76ff-4c1e-b30f-b7c59842badc@group-EA752D978E74:LeaderElection126] INFO  impl.LeaderElection (LeaderElection.java:logAndReturn(56)) - caa892f0-76ff-4c1e-b30f-b7c59842badc@group-EA752D978E74:LeaderElection126: Election REJECTED; received 0 response(s) [] and 2 exception(s); caa892f0-76ff-4c1e-b30f-b7c59842badc@group-EA752D978E74:t45, leader=null, voted=caa892f0-76ff-4c1e-b30f-b7c59842badc, raftlog=caa892f0-76ff-4c1e-b30f-b7c59842badc@group-EA752D978E74-SegmentedRaftLog:OPENED:c16,f16,i16, conf=0: [07a15819-e4fc-4072-82ac-b3e77a99d12a:192.168.5.159:45599, f9748ec4-5d8a-4dfc-8690-85b8cdac3f5d:192.168.5.159:44598, caa892f0-76ff-4c1e-b30f-b7c59842badc:192.168.5.159:39406], old=null
2019-10-14 14:43:21,856 [caa892f0-76ff-4c1e-b30f-b7c59842badc@group-EA752D978E74:LeaderElection126] INFO  impl.LeaderElection (LogUtils.java:infoOrTrace(149)) -   Exception 0: {}
java.util.concurrent.ExecutionException: org.apache.ratis.thirdparty.io.grpc.StatusRuntimeException: UNAVAILABLE: io exception
	at java.util.concurrent.FutureTask.report(FutureTask.java:122)
	at java.util.concurrent.FutureTask.get(FutureTask.java:192)
	at org.apache.ratis.server.impl.LeaderElection.waitForResults(LeaderElection.java:263)
	at org.apache.ratis.server.impl.LeaderElection.askForVotes(LeaderElection.java:201)
	at org.apache.ratis.server.impl.LeaderElection.run(LeaderElection.java:133)
	at java.lang.Thread.run(Thread.java:748)
Caused by: org.apache.ratis.thirdparty.io.grpc.StatusRuntimeException: UNAVAILABLE: io exception
	at org.apache.ratis.thirdparty.io.grpc.stub.ClientCalls.toStatusRuntimeException(ClientCalls.java:233)
	at org.apache.ratis.thirdparty.io.grpc.stub.ClientCalls.getUnchecked(ClientCalls.java:214)
	at org.apache.ratis.thirdparty.io.grpc.stub.ClientCalls.blockingUnaryCall(ClientCalls.java:139)
	at org.apache.ratis.proto.grpc.RaftServerProtocolServiceGrpc$RaftServerProtocolServiceBlockingStub.requestVote(RaftServerProtocolServiceGrpc.java:265)
	at org.apache.ratis.grpc.server.GrpcServerProtocolClient.requestVote(GrpcServerProtocolClient.java:90)
	at org.apache.ratis.grpc.server.GrpcService.requestVote(GrpcService.java:204)
	at org.apache.ratis.server.impl.LeaderElection.lambda$submitRequests$1(LeaderElection.java:238)
	at java.util.concurrent.FutureTask.run(FutureTask.java:266)
	at java.util.concurrent.Executors$RunnableAdapter.call(Executors.java:511)
	at java.util.concurrent.FutureTask.run(FutureTask.java:266)
	at java.util.concurrent.ThreadPoolExecutor.runWorker(ThreadPoolExecutor.java:1149)
	at java.util.concurrent.ThreadPoolExecutor$Worker.run(ThreadPoolExecutor.java:624)
	... 1 more
Caused by: org.apache.ratis.thirdparty.io.netty.channel.AbstractChannel$AnnotatedConnectException: Connection refused: /192.168.5.159:45599
	at sun.nio.ch.SocketChannelImpl.checkConnect(Native Method)
	at sun.nio.ch.SocketChannelImpl.finishConnect(SocketChannelImpl.java:717)
	at org.apache.ratis.thirdparty.io.netty.channel.socket.nio.NioSocketChannel.doFinishConnect(NioSocketChannel.java:327)
	at org.apache.ratis.thirdparty.io.netty.channel.nio.AbstractNioChannel$AbstractNioUnsafe.finishConnect(AbstractNioChannel.java:340)
	at org.apache.ratis.thirdparty.io.netty.channel.nio.NioEventLoop.processSelectedKey(NioEventLoop.java:632)
	at org.apache.ratis.thirdparty.io.netty.channel.nio.NioEventLoop.processSelectedKeysOptimized(NioEventLoop.java:579)
	at org.apache.ratis.thirdparty.io.netty.channel.nio.NioEventLoop.processSelectedKeys(NioEventLoop.java:496)
	at org.apache.ratis.thirdparty.io.netty.channel.nio.NioEventLoop.run(NioEventLoop.java:458)
	at org.apache.ratis.thirdparty.io.netty.util.concurrent.SingleThreadEventExecutor$5.run(SingleThreadEventExecutor.java:897)
	at org.apache.ratis.thirdparty.io.netty.util.concurrent.FastThreadLocalRunnable.run(FastThreadLocalRunnable.java:30)
	... 1 more
Caused by: java.net.ConnectException: Connection refused
	... 11 more
2019-10-14 14:43:21,856 [caa892f0-76ff-4c1e-b30f-b7c59842badc@group-EA752D978E74:LeaderElection126] INFO  impl.LeaderElection (LogUtils.java:infoOrTrace(149)) -   Exception 1: {}
java.util.concurrent.ExecutionException: org.apache.ratis.thirdparty.io.grpc.StatusRuntimeException: UNAVAILABLE: io exception
	at java.util.concurrent.FutureTask.report(FutureTask.java:122)
	at java.util.concurrent.FutureTask.get(FutureTask.java:192)
	at org.apache.ratis.server.impl.LeaderElection.waitForResults(LeaderElection.java:263)
	at org.apache.ratis.server.impl.LeaderElection.askForVotes(LeaderElection.java:201)
	at org.apache.ratis.server.impl.LeaderElection.run(LeaderElection.java:133)
	at java.lang.Thread.run(Thread.java:748)
Caused by: org.apache.ratis.thirdparty.io.grpc.StatusRuntimeException: UNAVAILABLE: io exception
	at org.apache.ratis.thirdparty.io.grpc.stub.ClientCalls.toStatusRuntimeException(ClientCalls.java:233)
	at org.apache.ratis.thirdparty.io.grpc.stub.ClientCalls.getUnchecked(ClientCalls.java:214)
	at org.apache.ratis.thirdparty.io.grpc.stub.ClientCalls.blockingUnaryCall(ClientCalls.java:139)
	at org.apache.ratis.proto.grpc.RaftServerProtocolServiceGrpc$RaftServerProtocolServiceBlockingStub.requestVote(RaftServerProtocolServiceGrpc.java:265)
	at org.apache.ratis.grpc.server.GrpcServerProtocolClient.requestVote(GrpcServerProtocolClient.java:90)
	at org.apache.ratis.grpc.server.GrpcService.requestVote(GrpcService.java:204)
	at org.apache.ratis.server.impl.LeaderElection.lambda$submitRequests$1(LeaderElection.java:238)
	at java.util.concurrent.FutureTask.run(FutureTask.java:266)
	at java.util.concurrent.Executors$RunnableAdapter.call(Executors.java:511)
	at java.util.concurrent.FutureTask.run(FutureTask.java:266)
	at java.util.concurrent.ThreadPoolExecutor.runWorker(ThreadPoolExecutor.java:1149)
	at java.util.concurrent.ThreadPoolExecutor$Worker.run(ThreadPoolExecutor.java:624)
	... 1 more
Caused by: org.apache.ratis.thirdparty.io.netty.channel.AbstractChannel$AnnotatedConnectException: Connection refused: /192.168.5.159:44598
	at sun.nio.ch.SocketChannelImpl.checkConnect(Native Method)
	at sun.nio.ch.SocketChannelImpl.finishConnect(SocketChannelImpl.java:717)
	at org.apache.ratis.thirdparty.io.netty.channel.socket.nio.NioSocketChannel.doFinishConnect(NioSocketChannel.java:327)
	at org.apache.ratis.thirdparty.io.netty.channel.nio.AbstractNioChannel$AbstractNioUnsafe.finishConnect(AbstractNioChannel.java:340)
	at org.apache.ratis.thirdparty.io.netty.channel.nio.NioEventLoop.processSelectedKey(NioEventLoop.java:632)
	at org.apache.ratis.thirdparty.io.netty.channel.nio.NioEventLoop.processSelectedKeysOptimized(NioEventLoop.java:579)
	at org.apache.ratis.thirdparty.io.netty.channel.nio.NioEventLoop.processSelectedKeys(NioEventLoop.java:496)
	at org.apache.ratis.thirdparty.io.netty.channel.nio.NioEventLoop.run(NioEventLoop.java:458)
	at org.apache.ratis.thirdparty.io.netty.util.concurrent.SingleThreadEventExecutor$5.run(SingleThreadEventExecutor.java:897)
	at org.apache.ratis.thirdparty.io.netty.util.concurrent.FastThreadLocalRunnable.run(FastThreadLocalRunnable.java:30)
	... 1 more
Caused by: java.net.ConnectException: Connection refused
	... 11 more
2019-10-14 14:43:21,856 [caa892f0-76ff-4c1e-b30f-b7c59842badc@group-EA752D978E74:LeaderElection126] INFO  impl.RaftServerImpl (RaftServerImpl.java:setRole(174)) - caa892f0-76ff-4c1e-b30f-b7c59842badc@group-EA752D978E74: changes role from CANDIDATE to FOLLOWER at term 45 for DISCOVERED_A_NEW_TERM
2019-10-14 14:43:21,857 [caa892f0-76ff-4c1e-b30f-b7c59842badc@group-EA752D978E74:LeaderElection126] INFO  impl.RoleInfo (RoleInfo.java:shutdownLeaderElection(134)) - caa892f0-76ff-4c1e-b30f-b7c59842badc: shutdown LeaderElection
2019-10-14 14:43:21,857 [caa892f0-76ff-4c1e-b30f-b7c59842badc@group-EA752D978E74:LeaderElection126] INFO  impl.RoleInfo (RoleInfo.java:updateAndGet(143)) - caa892f0-76ff-4c1e-b30f-b7c59842badc: start FollowerState
2019-10-14 14:43:22,048 [Thread-2062] INFO  impl.FollowerState (FollowerState.java:run(106)) - caa892f0-76ff-4c1e-b30f-b7c59842badc:group-E0B7C1D5C8D3 changes to CANDIDATE, lastRpcTime:1162, electionTimeout:1162ms
2019-10-14 14:43:22,048 [Thread-2062] INFO  impl.RoleInfo (RoleInfo.java:shutdownFollowerState(121)) - caa892f0-76ff-4c1e-b30f-b7c59842badc: shutdown FollowerState
2019-10-14 14:43:22,048 [Thread-2062] INFO  impl.RaftServerImpl (RaftServerImpl.java:setRole(174)) - caa892f0-76ff-4c1e-b30f-b7c59842badc@group-E0B7C1D5C8D3: changes role from  FOLLOWER to CANDIDATE at term 45 for changeToCandidate
2019-10-14 14:43:22,048 [Thread-2062] INFO  impl.RoleInfo (RoleInfo.java:updateAndGet(143)) - caa892f0-76ff-4c1e-b30f-b7c59842badc: start LeaderElection
2019-10-14 14:43:22,063 [caa892f0-76ff-4c1e-b30f-b7c59842badc@group-E0B7C1D5C8D3:LeaderElection127] INFO  impl.LeaderElection (LeaderElection.java:askForVotes(182)) - caa892f0-76ff-4c1e-b30f-b7c59842badc@group-E0B7C1D5C8D3:LeaderElection127: begin an election at term 46 for 0: [07a15819-e4fc-4072-82ac-b3e77a99d12a:192.168.5.159:45599, f9748ec4-5d8a-4dfc-8690-85b8cdac3f5d:192.168.5.159:44598, caa892f0-76ff-4c1e-b30f-b7c59842badc:192.168.5.159:39406], old=null
2019-10-14 14:43:22,063 [caa892f0-76ff-4c1e-b30f-b7c59842badc@group-E0B7C1D5C8D3:LeaderElection127] INFO  impl.LeaderElection (LogUtils.java:infoOrTrace(149)) - caa892f0-76ff-4c1e-b30f-b7c59842badc@group-E0B7C1D5C8D3:LeaderElection127 got exception when requesting votes: {}
java.util.concurrent.ExecutionException: org.apache.ratis.thirdparty.io.grpc.StatusRuntimeException: UNAVAILABLE: io exception
	at java.util.concurrent.FutureTask.report(FutureTask.java:122)
	at java.util.concurrent.FutureTask.get(FutureTask.java:192)
	at org.apache.ratis.server.impl.LeaderElection.waitForResults(LeaderElection.java:263)
	at org.apache.ratis.server.impl.LeaderElection.askForVotes(LeaderElection.java:201)
	at org.apache.ratis.server.impl.LeaderElection.run(LeaderElection.java:133)
	at java.lang.Thread.run(Thread.java:748)
Caused by: org.apache.ratis.thirdparty.io.grpc.StatusRuntimeException: UNAVAILABLE: io exception
	at org.apache.ratis.thirdparty.io.grpc.stub.ClientCalls.toStatusRuntimeException(ClientCalls.java:233)
	at org.apache.ratis.thirdparty.io.grpc.stub.ClientCalls.getUnchecked(ClientCalls.java:214)
	at org.apache.ratis.thirdparty.io.grpc.stub.ClientCalls.blockingUnaryCall(ClientCalls.java:139)
	at org.apache.ratis.proto.grpc.RaftServerProtocolServiceGrpc$RaftServerProtocolServiceBlockingStub.requestVote(RaftServerProtocolServiceGrpc.java:265)
	at org.apache.ratis.grpc.server.GrpcServerProtocolClient.requestVote(GrpcServerProtocolClient.java:90)
	at org.apache.ratis.grpc.server.GrpcService.requestVote(GrpcService.java:204)
	at org.apache.ratis.server.impl.LeaderElection.lambda$submitRequests$1(LeaderElection.java:238)
	at java.util.concurrent.FutureTask.run(FutureTask.java:266)
	at java.util.concurrent.Executors$RunnableAdapter.call(Executors.java:511)
	at java.util.concurrent.FutureTask.run(FutureTask.java:266)
	at java.util.concurrent.ThreadPoolExecutor.runWorker(ThreadPoolExecutor.java:1149)
	at java.util.concurrent.ThreadPoolExecutor$Worker.run(ThreadPoolExecutor.java:624)
	... 1 more
Caused by: org.apache.ratis.thirdparty.io.netty.channel.AbstractChannel$AnnotatedConnectException: Connection refused: /192.168.5.159:44598
	at sun.nio.ch.SocketChannelImpl.checkConnect(Native Method)
	at sun.nio.ch.SocketChannelImpl.finishConnect(SocketChannelImpl.java:717)
	at org.apache.ratis.thirdparty.io.netty.channel.socket.nio.NioSocketChannel.doFinishConnect(NioSocketChannel.java:327)
	at org.apache.ratis.thirdparty.io.netty.channel.nio.AbstractNioChannel$AbstractNioUnsafe.finishConnect(AbstractNioChannel.java:340)
	at org.apache.ratis.thirdparty.io.netty.channel.nio.NioEventLoop.processSelectedKey(NioEventLoop.java:632)
	at org.apache.ratis.thirdparty.io.netty.channel.nio.NioEventLoop.processSelectedKeysOptimized(NioEventLoop.java:579)
	at org.apache.ratis.thirdparty.io.netty.channel.nio.NioEventLoop.processSelectedKeys(NioEventLoop.java:496)
	at org.apache.ratis.thirdparty.io.netty.channel.nio.NioEventLoop.run(NioEventLoop.java:458)
	at org.apache.ratis.thirdparty.io.netty.util.concurrent.SingleThreadEventExecutor$5.run(SingleThreadEventExecutor.java:897)
	at org.apache.ratis.thirdparty.io.netty.util.concurrent.FastThreadLocalRunnable.run(FastThreadLocalRunnable.java:30)
	... 1 more
Caused by: java.net.ConnectException: Connection refused
	... 11 more
2019-10-14 14:43:22,064 [caa892f0-76ff-4c1e-b30f-b7c59842badc@group-E0B7C1D5C8D3:LeaderElection127] INFO  impl.LeaderElection (LogUtils.java:infoOrTrace(149)) - caa892f0-76ff-4c1e-b30f-b7c59842badc@group-E0B7C1D5C8D3:LeaderElection127 got exception when requesting votes: {}
java.util.concurrent.ExecutionException: org.apache.ratis.thirdparty.io.grpc.StatusRuntimeException: UNAVAILABLE: io exception
	at java.util.concurrent.FutureTask.report(FutureTask.java:122)
	at java.util.concurrent.FutureTask.get(FutureTask.java:192)
	at org.apache.ratis.server.impl.LeaderElection.waitForResults(LeaderElection.java:263)
	at org.apache.ratis.server.impl.LeaderElection.askForVotes(LeaderElection.java:201)
	at org.apache.ratis.server.impl.LeaderElection.run(LeaderElection.java:133)
	at java.lang.Thread.run(Thread.java:748)
Caused by: org.apache.ratis.thirdparty.io.grpc.StatusRuntimeException: UNAVAILABLE: io exception
	at org.apache.ratis.thirdparty.io.grpc.stub.ClientCalls.toStatusRuntimeException(ClientCalls.java:233)
	at org.apache.ratis.thirdparty.io.grpc.stub.ClientCalls.getUnchecked(ClientCalls.java:214)
	at org.apache.ratis.thirdparty.io.grpc.stub.ClientCalls.blockingUnaryCall(ClientCalls.java:139)
	at org.apache.ratis.proto.grpc.RaftServerProtocolServiceGrpc$RaftServerProtocolServiceBlockingStub.requestVote(RaftServerProtocolServiceGrpc.java:265)
	at org.apache.ratis.grpc.server.GrpcServerProtocolClient.requestVote(GrpcServerProtocolClient.java:90)
	at org.apache.ratis.grpc.server.GrpcService.requestVote(GrpcService.java:204)
	at org.apache.ratis.server.impl.LeaderElection.lambda$submitRequests$1(LeaderElection.java:238)
	at java.util.concurrent.FutureTask.run(FutureTask.java:266)
	at java.util.concurrent.Executors$RunnableAdapter.call(Executors.java:511)
	at java.util.concurrent.FutureTask.run(FutureTask.java:266)
	at java.util.concurrent.ThreadPoolExecutor.runWorker(ThreadPoolExecutor.java:1149)
	at java.util.concurrent.ThreadPoolExecutor$Worker.run(ThreadPoolExecutor.java:624)
	... 1 more
Caused by: org.apache.ratis.thirdparty.io.netty.channel.AbstractChannel$AnnotatedConnectException: Connection refused: /192.168.5.159:45599
	at sun.nio.ch.SocketChannelImpl.checkConnect(Native Method)
	at sun.nio.ch.SocketChannelImpl.finishConnect(SocketChannelImpl.java:717)
	at org.apache.ratis.thirdparty.io.netty.channel.socket.nio.NioSocketChannel.doFinishConnect(NioSocketChannel.java:327)
	at org.apache.ratis.thirdparty.io.netty.channel.nio.AbstractNioChannel$AbstractNioUnsafe.finishConnect(AbstractNioChannel.java:340)
	at org.apache.ratis.thirdparty.io.netty.channel.nio.NioEventLoop.processSelectedKey(NioEventLoop.java:632)
	at org.apache.ratis.thirdparty.io.netty.channel.nio.NioEventLoop.processSelectedKeysOptimized(NioEventLoop.java:579)
	at org.apache.ratis.thirdparty.io.netty.channel.nio.NioEventLoop.processSelectedKeys(NioEventLoop.java:496)
	at org.apache.ratis.thirdparty.io.netty.channel.nio.NioEventLoop.run(NioEventLoop.java:458)
	at org.apache.ratis.thirdparty.io.netty.util.concurrent.SingleThreadEventExecutor$5.run(SingleThreadEventExecutor.java:897)
	at org.apache.ratis.thirdparty.io.netty.util.concurrent.FastThreadLocalRunnable.run(FastThreadLocalRunnable.java:30)
	... 1 more
Caused by: java.net.ConnectException: Connection refused
	... 11 more
2019-10-14 14:43:22,065 [caa892f0-76ff-4c1e-b30f-b7c59842badc@group-E0B7C1D5C8D3:LeaderElection127] INFO  impl.LeaderElection (LeaderElection.java:logAndReturn(56)) - caa892f0-76ff-4c1e-b30f-b7c59842badc@group-E0B7C1D5C8D3:LeaderElection127: Election REJECTED; received 0 response(s) [] and 2 exception(s); caa892f0-76ff-4c1e-b30f-b7c59842badc@group-E0B7C1D5C8D3:t46, leader=null, voted=caa892f0-76ff-4c1e-b30f-b7c59842badc, raftlog=caa892f0-76ff-4c1e-b30f-b7c59842badc@group-E0B7C1D5C8D3-SegmentedRaftLog:OPENED:c0,f0,i0, conf=0: [07a15819-e4fc-4072-82ac-b3e77a99d12a:192.168.5.159:45599, f9748ec4-5d8a-4dfc-8690-85b8cdac3f5d:192.168.5.159:44598, caa892f0-76ff-4c1e-b30f-b7c59842badc:192.168.5.159:39406], old=null
2019-10-14 14:43:22,065 [caa892f0-76ff-4c1e-b30f-b7c59842badc@group-E0B7C1D5C8D3:LeaderElection127] INFO  impl.LeaderElection (LogUtils.java:infoOrTrace(149)) -   Exception 0: {}
java.util.concurrent.ExecutionException: org.apache.ratis.thirdparty.io.grpc.StatusRuntimeException: UNAVAILABLE: io exception
	at java.util.concurrent.FutureTask.report(FutureTask.java:122)
	at java.util.concurrent.FutureTask.get(FutureTask.java:192)
	at org.apache.ratis.server.impl.LeaderElection.waitForResults(LeaderElection.java:263)
	at org.apache.ratis.server.impl.LeaderElection.askForVotes(LeaderElection.java:201)
	at org.apache.ratis.server.impl.LeaderElection.run(LeaderElection.java:133)
	at java.lang.Thread.run(Thread.java:748)
Caused by: org.apache.ratis.thirdparty.io.grpc.StatusRuntimeException: UNAVAILABLE: io exception
	at org.apache.ratis.thirdparty.io.grpc.stub.ClientCalls.toStatusRuntimeException(ClientCalls.java:233)
	at org.apache.ratis.thirdparty.io.grpc.stub.ClientCalls.getUnchecked(ClientCalls.java:214)
	at org.apache.ratis.thirdparty.io.grpc.stub.ClientCalls.blockingUnaryCall(ClientCalls.java:139)
	at org.apache.ratis.proto.grpc.RaftServerProtocolServiceGrpc$RaftServerProtocolServiceBlockingStub.requestVote(RaftServerProtocolServiceGrpc.java:265)
	at org.apache.ratis.grpc.server.GrpcServerProtocolClient.requestVote(GrpcServerProtocolClient.java:90)
	at org.apache.ratis.grpc.server.GrpcService.requestVote(GrpcService.java:204)
	at org.apache.ratis.server.impl.LeaderElection.lambda$submitRequests$1(LeaderElection.java:238)
	at java.util.concurrent.FutureTask.run(FutureTask.java:266)
	at java.util.concurrent.Executors$RunnableAdapter.call(Executors.java:511)
	at java.util.concurrent.FutureTask.run(FutureTask.java:266)
	at java.util.concurrent.ThreadPoolExecutor.runWorker(ThreadPoolExecutor.java:1149)
	at java.util.concurrent.ThreadPoolExecutor$Worker.run(ThreadPoolExecutor.java:624)
	... 1 more
Caused by: org.apache.ratis.thirdparty.io.netty.channel.AbstractChannel$AnnotatedConnectException: Connection refused: /192.168.5.159:44598
	at sun.nio.ch.SocketChannelImpl.checkConnect(Native Method)
	at sun.nio.ch.SocketChannelImpl.finishConnect(SocketChannelImpl.java:717)
	at org.apache.ratis.thirdparty.io.netty.channel.socket.nio.NioSocketChannel.doFinishConnect(NioSocketChannel.java:327)
	at org.apache.ratis.thirdparty.io.netty.channel.nio.AbstractNioChannel$AbstractNioUnsafe.finishConnect(AbstractNioChannel.java:340)
	at org.apache.ratis.thirdparty.io.netty.channel.nio.NioEventLoop.processSelectedKey(NioEventLoop.java:632)
	at org.apache.ratis.thirdparty.io.netty.channel.nio.NioEventLoop.processSelectedKeysOptimized(NioEventLoop.java:579)
	at org.apache.ratis.thirdparty.io.netty.channel.nio.NioEventLoop.processSelectedKeys(NioEventLoop.java:496)
	at org.apache.ratis.thirdparty.io.netty.channel.nio.NioEventLoop.run(NioEventLoop.java:458)
	at org.apache.ratis.thirdparty.io.netty.util.concurrent.SingleThreadEventExecutor$5.run(SingleThreadEventExecutor.java:897)
	at org.apache.ratis.thirdparty.io.netty.util.concurrent.FastThreadLocalRunnable.run(FastThreadLocalRunnable.java:30)
	... 1 more
Caused by: java.net.ConnectException: Connection refused
	... 11 more
2019-10-14 14:43:22,066 [caa892f0-76ff-4c1e-b30f-b7c59842badc@group-E0B7C1D5C8D3:LeaderElection127] INFO  impl.LeaderElection (LogUtils.java:infoOrTrace(149)) -   Exception 1: {}
java.util.concurrent.ExecutionException: org.apache.ratis.thirdparty.io.grpc.StatusRuntimeException: UNAVAILABLE: io exception
	at java.util.concurrent.FutureTask.report(FutureTask.java:122)
	at java.util.concurrent.FutureTask.get(FutureTask.java:192)
	at org.apache.ratis.server.impl.LeaderElection.waitForResults(LeaderElection.java:263)
	at org.apache.ratis.server.impl.LeaderElection.askForVotes(LeaderElection.java:201)
	at org.apache.ratis.server.impl.LeaderElection.run(LeaderElection.java:133)
	at java.lang.Thread.run(Thread.java:748)
Caused by: org.apache.ratis.thirdparty.io.grpc.StatusRuntimeException: UNAVAILABLE: io exception
	at org.apache.ratis.thirdparty.io.grpc.stub.ClientCalls.toStatusRuntimeException(ClientCalls.java:233)
	at org.apache.ratis.thirdparty.io.grpc.stub.ClientCalls.getUnchecked(ClientCalls.java:214)
	at org.apache.ratis.thirdparty.io.grpc.stub.ClientCalls.blockingUnaryCall(ClientCalls.java:139)
	at org.apache.ratis.proto.grpc.RaftServerProtocolServiceGrpc$RaftServerProtocolServiceBlockingStub.requestVote(RaftServerProtocolServiceGrpc.java:265)
	at org.apache.ratis.grpc.server.GrpcServerProtocolClient.requestVote(GrpcServerProtocolClient.java:90)
	at org.apache.ratis.grpc.server.GrpcService.requestVote(GrpcService.java:204)
	at org.apache.ratis.server.impl.LeaderElection.lambda$submitRequests$1(LeaderElection.java:238)
	at java.util.concurrent.FutureTask.run(FutureTask.java:266)
	at java.util.concurrent.Executors$RunnableAdapter.call(Executors.java:511)
	at java.util.concurrent.FutureTask.run(FutureTask.java:266)
	at java.util.concurrent.ThreadPoolExecutor.runWorker(ThreadPoolExecutor.java:1149)
	at java.util.concurrent.ThreadPoolExecutor$Worker.run(ThreadPoolExecutor.java:624)
	... 1 more
Caused by: org.apache.ratis.thirdparty.io.netty.channel.AbstractChannel$AnnotatedConnectException: Connection refused: /192.168.5.159:45599
	at sun.nio.ch.SocketChannelImpl.checkConnect(Native Method)
	at sun.nio.ch.SocketChannelImpl.finishConnect(SocketChannelImpl.java:717)
	at org.apache.ratis.thirdparty.io.netty.channel.socket.nio.NioSocketChannel.doFinishConnect(NioSocketChannel.java:327)
	at org.apache.ratis.thirdparty.io.netty.channel.nio.AbstractNioChannel$AbstractNioUnsafe.finishConnect(AbstractNioChannel.java:340)
	at org.apache.ratis.thirdparty.io.netty.channel.nio.NioEventLoop.processSelectedKey(NioEventLoop.java:632)
	at org.apache.ratis.thirdparty.io.netty.channel.nio.NioEventLoop.processSelectedKeysOptimized(NioEventLoop.java:579)
	at org.apache.ratis.thirdparty.io.netty.channel.nio.NioEventLoop.processSelectedKeys(NioEventLoop.java:496)
	at org.apache.ratis.thirdparty.io.netty.channel.nio.NioEventLoop.run(NioEventLoop.java:458)
	at org.apache.ratis.thirdparty.io.netty.util.concurrent.SingleThreadEventExecutor$5.run(SingleThreadEventExecutor.java:897)
	at org.apache.ratis.thirdparty.io.netty.util.concurrent.FastThreadLocalRunnable.run(FastThreadLocalRunnable.java:30)
	... 1 more
Caused by: java.net.ConnectException: Connection refused
	... 11 more
2019-10-14 14:43:22,067 [caa892f0-76ff-4c1e-b30f-b7c59842badc@group-E0B7C1D5C8D3:LeaderElection127] INFO  impl.RaftServerImpl (RaftServerImpl.java:setRole(174)) - caa892f0-76ff-4c1e-b30f-b7c59842badc@group-E0B7C1D5C8D3: changes role from CANDIDATE to FOLLOWER at term 46 for DISCOVERED_A_NEW_TERM
2019-10-14 14:43:22,067 [caa892f0-76ff-4c1e-b30f-b7c59842badc@group-E0B7C1D5C8D3:LeaderElection127] INFO  impl.RoleInfo (RoleInfo.java:shutdownLeaderElection(134)) - caa892f0-76ff-4c1e-b30f-b7c59842badc: shutdown LeaderElection
2019-10-14 14:43:22,067 [caa892f0-76ff-4c1e-b30f-b7c59842badc@group-E0B7C1D5C8D3:LeaderElection127] INFO  impl.RoleInfo (RoleInfo.java:updateAndGet(143)) - caa892f0-76ff-4c1e-b30f-b7c59842badc: start FollowerState
2019-10-14 14:43:22,130 [grpc-default-executor-5] WARN  server.GrpcLogAppender (LogUtils.java:warn(134)) - caa892f0-76ff-4c1e-b30f-b7c59842badc@group-026CFA11C8A1->07a15819-e4fc-4072-82ac-b3e77a99d12a-AppendLogResponseHandler: Failed appendEntries: org.apache.ratis.thirdparty.io.grpc.StatusRuntimeException: UNAVAILABLE: io exception
2019-10-14 14:43:22,130 [grpc-default-executor-2] WARN  server.GrpcLogAppender (LogUtils.java:warn(134)) - caa892f0-76ff-4c1e-b30f-b7c59842badc@group-382452901537->f9748ec4-5d8a-4dfc-8690-85b8cdac3f5d-AppendLogResponseHandler: Failed appendEntries: org.apache.ratis.thirdparty.io.grpc.StatusRuntimeException: UNAVAILABLE: io exception
2019-10-14 14:43:22,130 [grpc-default-executor-0] WARN  server.GrpcLogAppender (LogUtils.java:warn(134)) - caa892f0-76ff-4c1e-b30f-b7c59842badc@group-382452901537->07a15819-e4fc-4072-82ac-b3e77a99d12a-AppendLogResponseHandler: Failed appendEntries: org.apache.ratis.thirdparty.io.grpc.StatusRuntimeException: UNAVAILABLE: io exception
2019-10-14 14:43:22,131 [grpc-default-executor-2] INFO  impl.FollowerInfo (FollowerInfo.java:lambda$new$0(51)) - caa892f0-76ff-4c1e-b30f-b7c59842badc@group-382452901537->f9748ec4-5d8a-4dfc-8690-85b8cdac3f5d: nextIndex: updateUnconditionally 0 -> 0
2019-10-14 14:43:22,130 [grpc-default-executor-12] WARN  server.GrpcLogAppender (LogUtils.java:warn(134)) - caa892f0-76ff-4c1e-b30f-b7c59842badc@group-026CFA11C8A1->f9748ec4-5d8a-4dfc-8690-85b8cdac3f5d-AppendLogResponseHandler: Failed appendEntries: org.apache.ratis.thirdparty.io.grpc.StatusRuntimeException: UNAVAILABLE: io exception
2019-10-14 14:43:22,131 [grpc-default-executor-0] INFO  impl.FollowerInfo (FollowerInfo.java:lambda$new$0(51)) - caa892f0-76ff-4c1e-b30f-b7c59842badc@group-382452901537->07a15819-e4fc-4072-82ac-b3e77a99d12a: nextIndex: updateUnconditionally 0 -> 0
2019-10-14 14:43:22,130 [grpc-default-executor-5] INFO  impl.FollowerInfo (FollowerInfo.java:lambda$new$0(51)) - caa892f0-76ff-4c1e-b30f-b7c59842badc@group-026CFA11C8A1->07a15819-e4fc-4072-82ac-b3e77a99d12a: nextIndex: updateUnconditionally 0 -> 0
2019-10-14 14:43:22,131 [grpc-default-executor-12] INFO  impl.FollowerInfo (FollowerInfo.java:lambda$new$0(51)) - caa892f0-76ff-4c1e-b30f-b7c59842badc@group-026CFA11C8A1->f9748ec4-5d8a-4dfc-8690-85b8cdac3f5d: nextIndex: updateUnconditionally 0 -> 0
2019-10-14 14:43:22,632 [grpc-default-executor-5] WARN  server.GrpcLogAppender (LogUtils.java:warn(134)) - caa892f0-76ff-4c1e-b30f-b7c59842badc@group-026CFA11C8A1->f9748ec4-5d8a-4dfc-8690-85b8cdac3f5d-AppendLogResponseHandler: Failed appendEntries: org.apache.ratis.thirdparty.io.grpc.StatusRuntimeException: UNAVAILABLE: io exception
2019-10-14 14:43:22,632 [grpc-default-executor-1] WARN  server.GrpcLogAppender (LogUtils.java:warn(134)) - caa892f0-76ff-4c1e-b30f-b7c59842badc@group-026CFA11C8A1->07a15819-e4fc-4072-82ac-b3e77a99d12a-AppendLogResponseHandler: Failed appendEntries: org.apache.ratis.thirdparty.io.grpc.StatusRuntimeException: UNAVAILABLE: io exception
2019-10-14 14:43:22,633 [grpc-default-executor-5] INFO  impl.FollowerInfo (FollowerInfo.java:lambda$new$0(51)) - caa892f0-76ff-4c1e-b30f-b7c59842badc@group-026CFA11C8A1->f9748ec4-5d8a-4dfc-8690-85b8cdac3f5d: nextIndex: updateUnconditionally 0 -> 0
2019-10-14 14:43:22,632 [grpc-default-executor-12] WARN  server.GrpcLogAppender (LogUtils.java:warn(134)) - caa892f0-76ff-4c1e-b30f-b7c59842badc@group-382452901537->07a15819-e4fc-4072-82ac-b3e77a99d12a-AppendLogResponseHandler: Failed appendEntries: org.apache.ratis.thirdparty.io.grpc.StatusRuntimeException: UNAVAILABLE: io exception
2019-10-14 14:43:22,632 [grpc-default-executor-0] WARN  server.GrpcLogAppender (LogUtils.java:warn(134)) - caa892f0-76ff-4c1e-b30f-b7c59842badc@group-382452901537->f9748ec4-5d8a-4dfc-8690-85b8cdac3f5d-AppendLogResponseHandler: Failed appendEntries: org.apache.ratis.thirdparty.io.grpc.StatusRuntimeException: UNAVAILABLE: io exception
2019-10-14 14:43:22,633 [grpc-default-executor-12] INFO  impl.FollowerInfo (FollowerInfo.java:lambda$new$0(51)) - caa892f0-76ff-4c1e-b30f-b7c59842badc@group-382452901537->07a15819-e4fc-4072-82ac-b3e77a99d12a: nextIndex: updateUnconditionally 0 -> 0
2019-10-14 14:43:22,633 [grpc-default-executor-1] INFO  impl.FollowerInfo (FollowerInfo.java:lambda$new$0(51)) - caa892f0-76ff-4c1e-b30f-b7c59842badc@group-026CFA11C8A1->07a15819-e4fc-4072-82ac-b3e77a99d12a: nextIndex: updateUnconditionally 0 -> 0
2019-10-14 14:43:22,633 [grpc-default-executor-0] INFO  impl.FollowerInfo (FollowerInfo.java:lambda$new$0(51)) - caa892f0-76ff-4c1e-b30f-b7c59842badc@group-382452901537->f9748ec4-5d8a-4dfc-8690-85b8cdac3f5d: nextIndex: updateUnconditionally 0 -> 0
2019-10-14 14:43:22,927 [Thread-2082] INFO  impl.FollowerState (FollowerState.java:run(106)) - caa892f0-76ff-4c1e-b30f-b7c59842badc:group-EA752D978E74 changes to CANDIDATE, lastRpcTime:1070, electionTimeout:1070ms
2019-10-14 14:43:22,927 [Thread-2082] INFO  impl.RoleInfo (RoleInfo.java:shutdownFollowerState(121)) - caa892f0-76ff-4c1e-b30f-b7c59842badc: shutdown FollowerState
2019-10-14 14:43:22,928 [Thread-2082] INFO  impl.RaftServerImpl (RaftServerImpl.java:setRole(174)) - caa892f0-76ff-4c1e-b30f-b7c59842badc@group-EA752D978E74: changes role from  FOLLOWER to CANDIDATE at term 45 for changeToCandidate
2019-10-14 14:43:22,928 [Thread-2082] INFO  impl.RoleInfo (RoleInfo.java:updateAndGet(143)) - caa892f0-76ff-4c1e-b30f-b7c59842badc: start LeaderElection
2019-10-14 14:43:22,942 [caa892f0-76ff-4c1e-b30f-b7c59842badc@group-EA752D978E74:LeaderElection128] INFO  impl.LeaderElection (LeaderElection.java:askForVotes(182)) - caa892f0-76ff-4c1e-b30f-b7c59842badc@group-EA752D978E74:LeaderElection128: begin an election at term 46 for 0: [07a15819-e4fc-4072-82ac-b3e77a99d12a:192.168.5.159:45599, f9748ec4-5d8a-4dfc-8690-85b8cdac3f5d:192.168.5.159:44598, caa892f0-76ff-4c1e-b30f-b7c59842badc:192.168.5.159:39406], old=null
2019-10-14 14:43:22,945 [caa892f0-76ff-4c1e-b30f-b7c59842badc@group-EA752D978E74:LeaderElection128] INFO  impl.LeaderElection (LogUtils.java:infoOrTrace(149)) - caa892f0-76ff-4c1e-b30f-b7c59842badc@group-EA752D978E74:LeaderElection128 got exception when requesting votes: {}
java.util.concurrent.ExecutionException: org.apache.ratis.thirdparty.io.grpc.StatusRuntimeException: UNAVAILABLE: io exception
	at java.util.concurrent.FutureTask.report(FutureTask.java:122)
	at java.util.concurrent.FutureTask.get(FutureTask.java:192)
	at org.apache.ratis.server.impl.LeaderElection.waitForResults(LeaderElection.java:263)
	at org.apache.ratis.server.impl.LeaderElection.askForVotes(LeaderElection.java:201)
	at org.apache.ratis.server.impl.LeaderElection.run(LeaderElection.java:133)
	at java.lang.Thread.run(Thread.java:748)
Caused by: org.apache.ratis.thirdparty.io.grpc.StatusRuntimeException: UNAVAILABLE: io exception
	at org.apache.ratis.thirdparty.io.grpc.stub.ClientCalls.toStatusRuntimeException(ClientCalls.java:233)
	at org.apache.ratis.thirdparty.io.grpc.stub.ClientCalls.getUnchecked(ClientCalls.java:214)
	at org.apache.ratis.thirdparty.io.grpc.stub.ClientCalls.blockingUnaryCall(ClientCalls.java:139)
	at org.apache.ratis.proto.grpc.RaftServerProtocolServiceGrpc$RaftServerProtocolServiceBlockingStub.requestVote(RaftServerProtocolServiceGrpc.java:265)
	at org.apache.ratis.grpc.server.GrpcServerProtocolClient.requestVote(GrpcServerProtocolClient.java:90)
	at org.apache.ratis.grpc.server.GrpcService.requestVote(GrpcService.java:204)
	at org.apache.ratis.server.impl.LeaderElection.lambda$submitRequests$1(LeaderElection.java:238)
	at java.util.concurrent.FutureTask.run(FutureTask.java:266)
	at java.util.concurrent.Executors$RunnableAdapter.call(Executors.java:511)
	at java.util.concurrent.FutureTask.run(FutureTask.java:266)
	at java.util.concurrent.ThreadPoolExecutor.runWorker(ThreadPoolExecutor.java:1149)
	at java.util.concurrent.ThreadPoolExecutor$Worker.run(ThreadPoolExecutor.java:624)
	... 1 more
Caused by: org.apache.ratis.thirdparty.io.netty.channel.AbstractChannel$AnnotatedConnectException: Connection refused: /192.168.5.159:45599
	at sun.nio.ch.SocketChannelImpl.checkConnect(Native Method)
	at sun.nio.ch.SocketChannelImpl.finishConnect(SocketChannelImpl.java:717)
	at org.apache.ratis.thirdparty.io.netty.channel.socket.nio.NioSocketChannel.doFinishConnect(NioSocketChannel.java:327)
	at org.apache.ratis.thirdparty.io.netty.channel.nio.AbstractNioChannel$AbstractNioUnsafe.finishConnect(AbstractNioChannel.java:340)
	at org.apache.ratis.thirdparty.io.netty.channel.nio.NioEventLoop.processSelectedKey(NioEventLoop.java:632)
	at org.apache.ratis.thirdparty.io.netty.channel.nio.NioEventLoop.processSelectedKeysOptimized(NioEventLoop.java:579)
	at org.apache.ratis.thirdparty.io.netty.channel.nio.NioEventLoop.processSelectedKeys(NioEventLoop.java:496)
	at org.apache.ratis.thirdparty.io.netty.channel.nio.NioEventLoop.run(NioEventLoop.java:458)
	at org.apache.ratis.thirdparty.io.netty.util.concurrent.SingleThreadEventExecutor$5.run(SingleThreadEventExecutor.java:897)
	at org.apache.ratis.thirdparty.io.netty.util.concurrent.FastThreadLocalRunnable.run(FastThreadLocalRunnable.java:30)
	... 1 more
Caused by: java.net.ConnectException: Connection refused
	... 11 more
2019-10-14 14:43:22,946 [caa892f0-76ff-4c1e-b30f-b7c59842badc@group-EA752D978E74:LeaderElection128] INFO  impl.LeaderElection (LogUtils.java:infoOrTrace(149)) - caa892f0-76ff-4c1e-b30f-b7c59842badc@group-EA752D978E74:LeaderElection128 got exception when requesting votes: {}
java.util.concurrent.ExecutionException: org.apache.ratis.thirdparty.io.grpc.StatusRuntimeException: UNAVAILABLE: io exception
	at java.util.concurrent.FutureTask.report(FutureTask.java:122)
	at java.util.concurrent.FutureTask.get(FutureTask.java:192)
	at org.apache.ratis.server.impl.LeaderElection.waitForResults(LeaderElection.java:263)
	at org.apache.ratis.server.impl.LeaderElection.askForVotes(LeaderElection.java:201)
	at org.apache.ratis.server.impl.LeaderElection.run(LeaderElection.java:133)
	at java.lang.Thread.run(Thread.java:748)
Caused by: org.apache.ratis.thirdparty.io.grpc.StatusRuntimeException: UNAVAILABLE: io exception
	at org.apache.ratis.thirdparty.io.grpc.stub.ClientCalls.toStatusRuntimeException(ClientCalls.java:233)
	at org.apache.ratis.thirdparty.io.grpc.stub.ClientCalls.getUnchecked(ClientCalls.java:214)
	at org.apache.ratis.thirdparty.io.grpc.stub.ClientCalls.blockingUnaryCall(ClientCalls.java:139)
	at org.apache.ratis.proto.grpc.RaftServerProtocolServiceGrpc$RaftServerProtocolServiceBlockingStub.requestVote(RaftServerProtocolServiceGrpc.java:265)
	at org.apache.ratis.grpc.server.GrpcServerProtocolClient.requestVote(GrpcServerProtocolClient.java:90)
	at org.apache.ratis.grpc.server.GrpcService.requestVote(GrpcService.java:204)
	at org.apache.ratis.server.impl.LeaderElection.lambda$submitRequests$1(LeaderElection.java:238)
	at java.util.concurrent.FutureTask.run(FutureTask.java:266)
	at java.util.concurrent.Executors$RunnableAdapter.call(Executors.java:511)
	at java.util.concurrent.FutureTask.run(FutureTask.java:266)
	at java.util.concurrent.ThreadPoolExecutor.runWorker(ThreadPoolExecutor.java:1149)
	at java.util.concurrent.ThreadPoolExecutor$Worker.run(ThreadPoolExecutor.java:624)
	... 1 more
Caused by: org.apache.ratis.thirdparty.io.netty.channel.AbstractChannel$AnnotatedConnectException: Connection refused: /192.168.5.159:44598
	at sun.nio.ch.SocketChannelImpl.checkConnect(Native Method)
	at sun.nio.ch.SocketChannelImpl.finishConnect(SocketChannelImpl.java:717)
	at org.apache.ratis.thirdparty.io.netty.channel.socket.nio.NioSocketChannel.doFinishConnect(NioSocketChannel.java:327)
	at org.apache.ratis.thirdparty.io.netty.channel.nio.AbstractNioChannel$AbstractNioUnsafe.finishConnect(AbstractNioChannel.java:340)
	at org.apache.ratis.thirdparty.io.netty.channel.nio.NioEventLoop.processSelectedKey(NioEventLoop.java:632)
	at org.apache.ratis.thirdparty.io.netty.channel.nio.NioEventLoop.processSelectedKeysOptimized(NioEventLoop.java:579)
	at org.apache.ratis.thirdparty.io.netty.channel.nio.NioEventLoop.processSelectedKeys(NioEventLoop.java:496)
	at org.apache.ratis.thirdparty.io.netty.channel.nio.NioEventLoop.run(NioEventLoop.java:458)
	at org.apache.ratis.thirdparty.io.netty.util.concurrent.SingleThreadEventExecutor$5.run(SingleThreadEventExecutor.java:897)
	at org.apache.ratis.thirdparty.io.netty.util.concurrent.FastThreadLocalRunnable.run(FastThreadLocalRunnable.java:30)
	... 1 more
Caused by: java.net.ConnectException: Connection refused
	... 11 more
2019-10-14 14:43:22,947 [caa892f0-76ff-4c1e-b30f-b7c59842badc@group-EA752D978E74:LeaderElection128] INFO  impl.LeaderElection (LeaderElection.java:logAndReturn(56)) - caa892f0-76ff-4c1e-b30f-b7c59842badc@group-EA752D978E74:LeaderElection128: Election REJECTED; received 0 response(s) [] and 2 exception(s); caa892f0-76ff-4c1e-b30f-b7c59842badc@group-EA752D978E74:t46, leader=null, voted=caa892f0-76ff-4c1e-b30f-b7c59842badc, raftlog=caa892f0-76ff-4c1e-b30f-b7c59842badc@group-EA752D978E74-SegmentedRaftLog:OPENED:c16,f16,i16, conf=0: [07a15819-e4fc-4072-82ac-b3e77a99d12a:192.168.5.159:45599, f9748ec4-5d8a-4dfc-8690-85b8cdac3f5d:192.168.5.159:44598, caa892f0-76ff-4c1e-b30f-b7c59842badc:192.168.5.159:39406], old=null
2019-10-14 14:43:22,947 [caa892f0-76ff-4c1e-b30f-b7c59842badc@group-EA752D978E74:LeaderElection128] INFO  impl.LeaderElection (LogUtils.java:infoOrTrace(149)) -   Exception 0: {}
java.util.concurrent.ExecutionException: org.apache.ratis.thirdparty.io.grpc.StatusRuntimeException: UNAVAILABLE: io exception
	at java.util.concurrent.FutureTask.report(FutureTask.java:122)
	at java.util.concurrent.FutureTask.get(FutureTask.java:192)
	at org.apache.ratis.server.impl.LeaderElection.waitForResults(LeaderElection.java:263)
	at org.apache.ratis.server.impl.LeaderElection.askForVotes(LeaderElection.java:201)
	at org.apache.ratis.server.impl.LeaderElection.run(LeaderElection.java:133)
	at java.lang.Thread.run(Thread.java:748)
Caused by: org.apache.ratis.thirdparty.io.grpc.StatusRuntimeException: UNAVAILABLE: io exception
	at org.apache.ratis.thirdparty.io.grpc.stub.ClientCalls.toStatusRuntimeException(ClientCalls.java:233)
	at org.apache.ratis.thirdparty.io.grpc.stub.ClientCalls.getUnchecked(ClientCalls.java:214)
	at org.apache.ratis.thirdparty.io.grpc.stub.ClientCalls.blockingUnaryCall(ClientCalls.java:139)
	at org.apache.ratis.proto.grpc.RaftServerProtocolServiceGrpc$RaftServerProtocolServiceBlockingStub.requestVote(RaftServerProtocolServiceGrpc.java:265)
	at org.apache.ratis.grpc.server.GrpcServerProtocolClient.requestVote(GrpcServerProtocolClient.java:90)
	at org.apache.ratis.grpc.server.GrpcService.requestVote(GrpcService.java:204)
	at org.apache.ratis.server.impl.LeaderElection.lambda$submitRequests$1(LeaderElection.java:238)
	at java.util.concurrent.FutureTask.run(FutureTask.java:266)
	at java.util.concurrent.Executors$RunnableAdapter.call(Executors.java:511)
	at java.util.concurrent.FutureTask.run(FutureTask.java:266)
	at java.util.concurrent.ThreadPoolExecutor.runWorker(ThreadPoolExecutor.java:1149)
	at java.util.concurrent.ThreadPoolExecutor$Worker.run(ThreadPoolExecutor.java:624)
	... 1 more
Caused by: org.apache.ratis.thirdparty.io.netty.channel.AbstractChannel$AnnotatedConnectException: Connection refused: /192.168.5.159:45599
	at sun.nio.ch.SocketChannelImpl.checkConnect(Native Method)
	at sun.nio.ch.SocketChannelImpl.finishConnect(SocketChannelImpl.java:717)
	at org.apache.ratis.thirdparty.io.netty.channel.socket.nio.NioSocketChannel.doFinishConnect(NioSocketChannel.java:327)
	at org.apache.ratis.thirdparty.io.netty.channel.nio.AbstractNioChannel$AbstractNioUnsafe.finishConnect(AbstractNioChannel.java:340)
	at org.apache.ratis.thirdparty.io.netty.channel.nio.NioEventLoop.processSelectedKey(NioEventLoop.java:632)
	at org.apache.ratis.thirdparty.io.netty.channel.nio.NioEventLoop.processSelectedKeysOptimized(NioEventLoop.java:579)
	at org.apache.ratis.thirdparty.io.netty.channel.nio.NioEventLoop.processSelectedKeys(NioEventLoop.java:496)
	at org.apache.ratis.thirdparty.io.netty.channel.nio.NioEventLoop.run(NioEventLoop.java:458)
	at org.apache.ratis.thirdparty.io.netty.util.concurrent.SingleThreadEventExecutor$5.run(SingleThreadEventExecutor.java:897)
	at org.apache.ratis.thirdparty.io.netty.util.concurrent.FastThreadLocalRunnable.run(FastThreadLocalRunnable.java:30)
	... 1 more
Caused by: java.net.ConnectException: Connection refused
	... 11 more
2019-10-14 14:43:22,948 [caa892f0-76ff-4c1e-b30f-b7c59842badc@group-EA752D978E74:LeaderElection128] INFO  impl.LeaderElection (LogUtils.java:infoOrTrace(149)) -   Exception 1: {}
java.util.concurrent.ExecutionException: org.apache.ratis.thirdparty.io.grpc.StatusRuntimeException: UNAVAILABLE: io exception
	at java.util.concurrent.FutureTask.report(FutureTask.java:122)
	at java.util.concurrent.FutureTask.get(FutureTask.java:192)
	at org.apache.ratis.server.impl.LeaderElection.waitForResults(LeaderElection.java:263)
	at org.apache.ratis.server.impl.LeaderElection.askForVotes(LeaderElection.java:201)
	at org.apache.ratis.server.impl.LeaderElection.run(LeaderElection.java:133)
	at java.lang.Thread.run(Thread.java:748)
Caused by: org.apache.ratis.thirdparty.io.grpc.StatusRuntimeException: UNAVAILABLE: io exception
	at org.apache.ratis.thirdparty.io.grpc.stub.ClientCalls.toStatusRuntimeException(ClientCalls.java:233)
	at org.apache.ratis.thirdparty.io.grpc.stub.ClientCalls.getUnchecked(ClientCalls.java:214)
	at org.apache.ratis.thirdparty.io.grpc.stub.ClientCalls.blockingUnaryCall(ClientCalls.java:139)
	at org.apache.ratis.proto.grpc.RaftServerProtocolServiceGrpc$RaftServerProtocolServiceBlockingStub.requestVote(RaftServerProtocolServiceGrpc.java:265)
	at org.apache.ratis.grpc.server.GrpcServerProtocolClient.requestVote(GrpcServerProtocolClient.java:90)
	at org.apache.ratis.grpc.server.GrpcService.requestVote(GrpcService.java:204)
	at org.apache.ratis.server.impl.LeaderElection.lambda$submitRequests$1(LeaderElection.java:238)
	at java.util.concurrent.FutureTask.run(FutureTask.java:266)
	at java.util.concurrent.Executors$RunnableAdapter.call(Executors.java:511)
	at java.util.concurrent.FutureTask.run(FutureTask.java:266)
	at java.util.concurrent.ThreadPoolExecutor.runWorker(ThreadPoolExecutor.java:1149)
	at java.util.concurrent.ThreadPoolExecutor$Worker.run(ThreadPoolExecutor.java:624)
	... 1 more
Caused by: org.apache.ratis.thirdparty.io.netty.channel.AbstractChannel$AnnotatedConnectException: Connection refused: /192.168.5.159:44598
	at sun.nio.ch.SocketChannelImpl.checkConnect(Native Method)
	at sun.nio.ch.SocketChannelImpl.finishConnect(SocketChannelImpl.java:717)
	at org.apache.ratis.thirdparty.io.netty.channel.socket.nio.NioSocketChannel.doFinishConnect(NioSocketChannel.java:327)
	at org.apache.ratis.thirdparty.io.netty.channel.nio.AbstractNioChannel$AbstractNioUnsafe.finishConnect(AbstractNioChannel.java:340)
	at org.apache.ratis.thirdparty.io.netty.channel.nio.NioEventLoop.processSelectedKey(NioEventLoop.java:632)
	at org.apache.ratis.thirdparty.io.netty.channel.nio.NioEventLoop.processSelectedKeysOptimized(NioEventLoop.java:579)
	at org.apache.ratis.thirdparty.io.netty.channel.nio.NioEventLoop.processSelectedKeys(NioEventLoop.java:496)
	at org.apache.ratis.thirdparty.io.netty.channel.nio.NioEventLoop.run(NioEventLoop.java:458)
	at org.apache.ratis.thirdparty.io.netty.util.concurrent.SingleThreadEventExecutor$5.run(SingleThreadEventExecutor.java:897)
	at org.apache.ratis.thirdparty.io.netty.util.concurrent.FastThreadLocalRunnable.run(FastThreadLocalRunnable.java:30)
	... 1 more
Caused by: java.net.ConnectException: Connection refused
	... 11 more
2019-10-14 14:43:22,949 [caa892f0-76ff-4c1e-b30f-b7c59842badc@group-EA752D978E74:LeaderElection128] INFO  impl.RaftServerImpl (RaftServerImpl.java:setRole(174)) - caa892f0-76ff-4c1e-b30f-b7c59842badc@group-EA752D978E74: changes role from CANDIDATE to FOLLOWER at term 46 for DISCOVERED_A_NEW_TERM
2019-10-14 14:43:22,949 [caa892f0-76ff-4c1e-b30f-b7c59842badc@group-EA752D978E74:LeaderElection128] INFO  impl.RoleInfo (RoleInfo.java:shutdownLeaderElection(134)) - caa892f0-76ff-4c1e-b30f-b7c59842badc: shutdown LeaderElection
2019-10-14 14:43:22,949 [caa892f0-76ff-4c1e-b30f-b7c59842badc@group-EA752D978E74:LeaderElection128] INFO  impl.RoleInfo (RoleInfo.java:updateAndGet(143)) - caa892f0-76ff-4c1e-b30f-b7c59842badc: start FollowerState
2019-10-14 14:43:23,131 [grpc-default-executor-12] WARN  server.GrpcLogAppender (LogUtils.java:warn(134)) - caa892f0-76ff-4c1e-b30f-b7c59842badc@group-382452901537->07a15819-e4fc-4072-82ac-b3e77a99d12a-AppendLogResponseHandler: Failed appendEntries: org.apache.ratis.thirdparty.io.grpc.StatusRuntimeException: UNAVAILABLE: io exception
2019-10-14 14:43:23,131 [grpc-default-executor-0] WARN  server.GrpcLogAppender (LogUtils.java:warn(134)) - caa892f0-76ff-4c1e-b30f-b7c59842badc@group-382452901537->f9748ec4-5d8a-4dfc-8690-85b8cdac3f5d-AppendLogResponseHandler: Failed appendEntries: org.apache.ratis.thirdparty.io.grpc.StatusRuntimeException: UNAVAILABLE: io exception
2019-10-14 14:43:23,131 [grpc-default-executor-1] WARN  server.GrpcLogAppender (LogUtils.java:warn(134)) - caa892f0-76ff-4c1e-b30f-b7c59842badc@group-026CFA11C8A1->f9748ec4-5d8a-4dfc-8690-85b8cdac3f5d-AppendLogResponseHandler: Failed appendEntries: org.apache.ratis.thirdparty.io.grpc.StatusRuntimeException: UNAVAILABLE: io exception
2019-10-14 14:43:23,131 [grpc-default-executor-5] WARN  server.GrpcLogAppender (LogUtils.java:warn(134)) - caa892f0-76ff-4c1e-b30f-b7c59842badc@group-026CFA11C8A1->07a15819-e4fc-4072-82ac-b3e77a99d12a-AppendLogResponseHandler: Failed appendEntries: org.apache.ratis.thirdparty.io.grpc.StatusRuntimeException: UNAVAILABLE: io exception
2019-10-14 14:43:23,132 [grpc-default-executor-1] INFO  impl.FollowerInfo (FollowerInfo.java:lambda$new$0(51)) - caa892f0-76ff-4c1e-b30f-b7c59842badc@group-026CFA11C8A1->f9748ec4-5d8a-4dfc-8690-85b8cdac3f5d: nextIndex: updateUnconditionally 0 -> 0
2019-10-14 14:43:23,132 [grpc-default-executor-0] INFO  impl.FollowerInfo (FollowerInfo.java:lambda$new$0(51)) - caa892f0-76ff-4c1e-b30f-b7c59842badc@group-382452901537->f9748ec4-5d8a-4dfc-8690-85b8cdac3f5d: nextIndex: updateUnconditionally 0 -> 0
2019-10-14 14:43:23,132 [grpc-default-executor-12] INFO  impl.FollowerInfo (FollowerInfo.java:lambda$new$0(51)) - caa892f0-76ff-4c1e-b30f-b7c59842badc@group-382452901537->07a15819-e4fc-4072-82ac-b3e77a99d12a: nextIndex: updateUnconditionally 0 -> 0
2019-10-14 14:43:23,132 [grpc-default-executor-5] INFO  impl.FollowerInfo (FollowerInfo.java:lambda$new$0(51)) - caa892f0-76ff-4c1e-b30f-b7c59842badc@group-026CFA11C8A1->07a15819-e4fc-4072-82ac-b3e77a99d12a: nextIndex: updateUnconditionally 0 -> 0
2019-10-14 14:43:23,196 [Thread-2086] INFO  impl.FollowerState (FollowerState.java:run(106)) - caa892f0-76ff-4c1e-b30f-b7c59842badc:group-E0B7C1D5C8D3 changes to CANDIDATE, lastRpcTime:1128, electionTimeout:1128ms
2019-10-14 14:43:23,196 [Thread-2086] INFO  impl.RoleInfo (RoleInfo.java:shutdownFollowerState(121)) - caa892f0-76ff-4c1e-b30f-b7c59842badc: shutdown FollowerState
2019-10-14 14:43:23,196 [Thread-2086] INFO  impl.RaftServerImpl (RaftServerImpl.java:setRole(174)) - caa892f0-76ff-4c1e-b30f-b7c59842badc@group-E0B7C1D5C8D3: changes role from  FOLLOWER to CANDIDATE at term 46 for changeToCandidate
2019-10-14 14:43:23,196 [Thread-2086] INFO  impl.RoleInfo (RoleInfo.java:updateAndGet(143)) - caa892f0-76ff-4c1e-b30f-b7c59842badc: start LeaderElection
2019-10-14 14:43:23,200 [caa892f0-76ff-4c1e-b30f-b7c59842badc@group-E0B7C1D5C8D3:LeaderElection129] INFO  impl.LeaderElection (LeaderElection.java:askForVotes(182)) - caa892f0-76ff-4c1e-b30f-b7c59842badc@group-E0B7C1D5C8D3:LeaderElection129: begin an election at term 47 for 0: [07a15819-e4fc-4072-82ac-b3e77a99d12a:192.168.5.159:45599, f9748ec4-5d8a-4dfc-8690-85b8cdac3f5d:192.168.5.159:44598, caa892f0-76ff-4c1e-b30f-b7c59842badc:192.168.5.159:39406], old=null
2019-10-14 14:43:23,203 [caa892f0-76ff-4c1e-b30f-b7c59842badc@group-E0B7C1D5C8D3:LeaderElection129] INFO  impl.LeaderElection (LogUtils.java:infoOrTrace(149)) - caa892f0-76ff-4c1e-b30f-b7c59842badc@group-E0B7C1D5C8D3:LeaderElection129 got exception when requesting votes: {}
java.util.concurrent.ExecutionException: org.apache.ratis.thirdparty.io.grpc.StatusRuntimeException: UNAVAILABLE: io exception
	at java.util.concurrent.FutureTask.report(FutureTask.java:122)
	at java.util.concurrent.FutureTask.get(FutureTask.java:192)
	at org.apache.ratis.server.impl.LeaderElection.waitForResults(LeaderElection.java:263)
	at org.apache.ratis.server.impl.LeaderElection.askForVotes(LeaderElection.java:201)
	at org.apache.ratis.server.impl.LeaderElection.run(LeaderElection.java:133)
	at java.lang.Thread.run(Thread.java:748)
Caused by: org.apache.ratis.thirdparty.io.grpc.StatusRuntimeException: UNAVAILABLE: io exception
	at org.apache.ratis.thirdparty.io.grpc.stub.ClientCalls.toStatusRuntimeException(ClientCalls.java:233)
	at org.apache.ratis.thirdparty.io.grpc.stub.ClientCalls.getUnchecked(ClientCalls.java:214)
	at org.apache.ratis.thirdparty.io.grpc.stub.ClientCalls.blockingUnaryCall(ClientCalls.java:139)
	at org.apache.ratis.proto.grpc.RaftServerProtocolServiceGrpc$RaftServerProtocolServiceBlockingStub.requestVote(RaftServerProtocolServiceGrpc.java:265)
	at org.apache.ratis.grpc.server.GrpcServerProtocolClient.requestVote(GrpcServerProtocolClient.java:90)
	at org.apache.ratis.grpc.server.GrpcService.requestVote(GrpcService.java:204)
	at org.apache.ratis.server.impl.LeaderElection.lambda$submitRequests$1(LeaderElection.java:238)
	at java.util.concurrent.FutureTask.run(FutureTask.java:266)
	at java.util.concurrent.Executors$RunnableAdapter.call(Executors.java:511)
	at java.util.concurrent.FutureTask.run(FutureTask.java:266)
	at java.util.concurrent.ThreadPoolExecutor.runWorker(ThreadPoolExecutor.java:1149)
	at java.util.concurrent.ThreadPoolExecutor$Worker.run(ThreadPoolExecutor.java:624)
	... 1 more
Caused by: org.apache.ratis.thirdparty.io.netty.channel.AbstractChannel$AnnotatedConnectException: Connection refused: /192.168.5.159:44598
	at sun.nio.ch.SocketChannelImpl.checkConnect(Native Method)
	at sun.nio.ch.SocketChannelImpl.finishConnect(SocketChannelImpl.java:717)
	at org.apache.ratis.thirdparty.io.netty.channel.socket.nio.NioSocketChannel.doFinishConnect(NioSocketChannel.java:327)
	at org.apache.ratis.thirdparty.io.netty.channel.nio.AbstractNioChannel$AbstractNioUnsafe.finishConnect(AbstractNioChannel.java:340)
	at org.apache.ratis.thirdparty.io.netty.channel.nio.NioEventLoop.processSelectedKey(NioEventLoop.java:632)
	at org.apache.ratis.thirdparty.io.netty.channel.nio.NioEventLoop.processSelectedKeysOptimized(NioEventLoop.java:579)
	at org.apache.ratis.thirdparty.io.netty.channel.nio.NioEventLoop.processSelectedKeys(NioEventLoop.java:496)
	at org.apache.ratis.thirdparty.io.netty.channel.nio.NioEventLoop.run(NioEventLoop.java:458)
	at org.apache.ratis.thirdparty.io.netty.util.concurrent.SingleThreadEventExecutor$5.run(SingleThreadEventExecutor.java:897)
	at org.apache.ratis.thirdparty.io.netty.util.concurrent.FastThreadLocalRunnable.run(FastThreadLocalRunnable.java:30)
	... 1 more
Caused by: java.net.ConnectException: Connection refused
	... 11 more
2019-10-14 14:43:23,204 [caa892f0-76ff-4c1e-b30f-b7c59842badc@group-E0B7C1D5C8D3:LeaderElection129] INFO  impl.LeaderElection (LogUtils.java:infoOrTrace(149)) - caa892f0-76ff-4c1e-b30f-b7c59842badc@group-E0B7C1D5C8D3:LeaderElection129 got exception when requesting votes: {}
java.util.concurrent.ExecutionException: org.apache.ratis.thirdparty.io.grpc.StatusRuntimeException: UNAVAILABLE: io exception
	at java.util.concurrent.FutureTask.report(FutureTask.java:122)
	at java.util.concurrent.FutureTask.get(FutureTask.java:192)
	at org.apache.ratis.server.impl.LeaderElection.waitForResults(LeaderElection.java:263)
	at org.apache.ratis.server.impl.LeaderElection.askForVotes(LeaderElection.java:201)
	at org.apache.ratis.server.impl.LeaderElection.run(LeaderElection.java:133)
	at java.lang.Thread.run(Thread.java:748)
Caused by: org.apache.ratis.thirdparty.io.grpc.StatusRuntimeException: UNAVAILABLE: io exception
	at org.apache.ratis.thirdparty.io.grpc.stub.ClientCalls.toStatusRuntimeException(ClientCalls.java:233)
	at org.apache.ratis.thirdparty.io.grpc.stub.ClientCalls.getUnchecked(ClientCalls.java:214)
	at org.apache.ratis.thirdparty.io.grpc.stub.ClientCalls.blockingUnaryCall(ClientCalls.java:139)
	at org.apache.ratis.proto.grpc.RaftServerProtocolServiceGrpc$RaftServerProtocolServiceBlockingStub.requestVote(RaftServerProtocolServiceGrpc.java:265)
	at org.apache.ratis.grpc.server.GrpcServerProtocolClient.requestVote(GrpcServerProtocolClient.java:90)
	at org.apache.ratis.grpc.server.GrpcService.requestVote(GrpcService.java:204)
	at org.apache.ratis.server.impl.LeaderElection.lambda$submitRequests$1(LeaderElection.java:238)
	at java.util.concurrent.FutureTask.run(FutureTask.java:266)
	at java.util.concurrent.Executors$RunnableAdapter.call(Executors.java:511)
	at java.util.concurrent.FutureTask.run(FutureTask.java:266)
	at java.util.concurrent.ThreadPoolExecutor.runWorker(ThreadPoolExecutor.java:1149)
	at java.util.concurrent.ThreadPoolExecutor$Worker.run(ThreadPoolExecutor.java:624)
	... 1 more
Caused by: org.apache.ratis.thirdparty.io.netty.channel.AbstractChannel$AnnotatedConnectException: Connection refused: /192.168.5.159:45599
	at sun.nio.ch.SocketChannelImpl.checkConnect(Native Method)
	at sun.nio.ch.SocketChannelImpl.finishConnect(SocketChannelImpl.java:717)
	at org.apache.ratis.thirdparty.io.netty.channel.socket.nio.NioSocketChannel.doFinishConnect(NioSocketChannel.java:327)
	at org.apache.ratis.thirdparty.io.netty.channel.nio.AbstractNioChannel$AbstractNioUnsafe.finishConnect(AbstractNioChannel.java:340)
	at org.apache.ratis.thirdparty.io.netty.channel.nio.NioEventLoop.processSelectedKey(NioEventLoop.java:632)
	at org.apache.ratis.thirdparty.io.netty.channel.nio.NioEventLoop.processSelectedKeysOptimized(NioEventLoop.java:579)
	at org.apache.ratis.thirdparty.io.netty.channel.nio.NioEventLoop.processSelectedKeys(NioEventLoop.java:496)
	at org.apache.ratis.thirdparty.io.netty.channel.nio.NioEventLoop.run(NioEventLoop.java:458)
	at org.apache.ratis.thirdparty.io.netty.util.concurrent.SingleThreadEventExecutor$5.run(SingleThreadEventExecutor.java:897)
	at org.apache.ratis.thirdparty.io.netty.util.concurrent.FastThreadLocalRunnable.run(FastThreadLocalRunnable.java:30)
	... 1 more
Caused by: java.net.ConnectException: Connection refused
	... 11 more
2019-10-14 14:43:23,205 [caa892f0-76ff-4c1e-b30f-b7c59842badc@group-E0B7C1D5C8D3:LeaderElection129] INFO  impl.LeaderElection (LeaderElection.java:logAndReturn(56)) - caa892f0-76ff-4c1e-b30f-b7c59842badc@group-E0B7C1D5C8D3:LeaderElection129: Election REJECTED; received 0 response(s) [] and 2 exception(s); caa892f0-76ff-4c1e-b30f-b7c59842badc@group-E0B7C1D5C8D3:t47, leader=null, voted=caa892f0-76ff-4c1e-b30f-b7c59842badc, raftlog=caa892f0-76ff-4c1e-b30f-b7c59842badc@group-E0B7C1D5C8D3-SegmentedRaftLog:OPENED:c0,f0,i0, conf=0: [07a15819-e4fc-4072-82ac-b3e77a99d12a:192.168.5.159:45599, f9748ec4-5d8a-4dfc-8690-85b8cdac3f5d:192.168.5.159:44598, caa892f0-76ff-4c1e-b30f-b7c59842badc:192.168.5.159:39406], old=null
2019-10-14 14:43:23,205 [caa892f0-76ff-4c1e-b30f-b7c59842badc@group-E0B7C1D5C8D3:LeaderElection129] INFO  impl.LeaderElection (LogUtils.java:infoOrTrace(149)) -   Exception 0: {}
java.util.concurrent.ExecutionException: org.apache.ratis.thirdparty.io.grpc.StatusRuntimeException: UNAVAILABLE: io exception
	at java.util.concurrent.FutureTask.report(FutureTask.java:122)
	at java.util.concurrent.FutureTask.get(FutureTask.java:192)
	at org.apache.ratis.server.impl.LeaderElection.waitForResults(LeaderElection.java:263)
	at org.apache.ratis.server.impl.LeaderElection.askForVotes(LeaderElection.java:201)
	at org.apache.ratis.server.impl.LeaderElection.run(LeaderElection.java:133)
	at java.lang.Thread.run(Thread.java:748)
Caused by: org.apache.ratis.thirdparty.io.grpc.StatusRuntimeException: UNAVAILABLE: io exception
	at org.apache.ratis.thirdparty.io.grpc.stub.ClientCalls.toStatusRuntimeException(ClientCalls.java:233)
	at org.apache.ratis.thirdparty.io.grpc.stub.ClientCalls.getUnchecked(ClientCalls.java:214)
	at org.apache.ratis.thirdparty.io.grpc.stub.ClientCalls.blockingUnaryCall(ClientCalls.java:139)
	at org.apache.ratis.proto.grpc.RaftServerProtocolServiceGrpc$RaftServerProtocolServiceBlockingStub.requestVote(RaftServerProtocolServiceGrpc.java:265)
	at org.apache.ratis.grpc.server.GrpcServerProtocolClient.requestVote(GrpcServerProtocolClient.java:90)
	at org.apache.ratis.grpc.server.GrpcService.requestVote(GrpcService.java:204)
	at org.apache.ratis.server.impl.LeaderElection.lambda$submitRequests$1(LeaderElection.java:238)
	at java.util.concurrent.FutureTask.run(FutureTask.java:266)
	at java.util.concurrent.Executors$RunnableAdapter.call(Executors.java:511)
	at java.util.concurrent.FutureTask.run(FutureTask.java:266)
	at java.util.concurrent.ThreadPoolExecutor.runWorker(ThreadPoolExecutor.java:1149)
	at java.util.concurrent.ThreadPoolExecutor$Worker.run(ThreadPoolExecutor.java:624)
	... 1 more
Caused by: org.apache.ratis.thirdparty.io.netty.channel.AbstractChannel$AnnotatedConnectException: Connection refused: /192.168.5.159:44598
	at sun.nio.ch.SocketChannelImpl.checkConnect(Native Method)
	at sun.nio.ch.SocketChannelImpl.finishConnect(SocketChannelImpl.java:717)
	at org.apache.ratis.thirdparty.io.netty.channel.socket.nio.NioSocketChannel.doFinishConnect(NioSocketChannel.java:327)
	at org.apache.ratis.thirdparty.io.netty.channel.nio.AbstractNioChannel$AbstractNioUnsafe.finishConnect(AbstractNioChannel.java:340)
	at org.apache.ratis.thirdparty.io.netty.channel.nio.NioEventLoop.processSelectedKey(NioEventLoop.java:632)
	at org.apache.ratis.thirdparty.io.netty.channel.nio.NioEventLoop.processSelectedKeysOptimized(NioEventLoop.java:579)
	at org.apache.ratis.thirdparty.io.netty.channel.nio.NioEventLoop.processSelectedKeys(NioEventLoop.java:496)
	at org.apache.ratis.thirdparty.io.netty.channel.nio.NioEventLoop.run(NioEventLoop.java:458)
	at org.apache.ratis.thirdparty.io.netty.util.concurrent.SingleThreadEventExecutor$5.run(SingleThreadEventExecutor.java:897)
	at org.apache.ratis.thirdparty.io.netty.util.concurrent.FastThreadLocalRunnable.run(FastThreadLocalRunnable.java:30)
	... 1 more
Caused by: java.net.ConnectException: Connection refused
	... 11 more
2019-10-14 14:43:23,205 [caa892f0-76ff-4c1e-b30f-b7c59842badc@group-E0B7C1D5C8D3:LeaderElection129] INFO  impl.LeaderElection (LogUtils.java:infoOrTrace(149)) -   Exception 1: {}
java.util.concurrent.ExecutionException: org.apache.ratis.thirdparty.io.grpc.StatusRuntimeException: UNAVAILABLE: io exception
	at java.util.concurrent.FutureTask.report(FutureTask.java:122)
	at java.util.concurrent.FutureTask.get(FutureTask.java:192)
	at org.apache.ratis.server.impl.LeaderElection.waitForResults(LeaderElection.java:263)
	at org.apache.ratis.server.impl.LeaderElection.askForVotes(LeaderElection.java:201)
	at org.apache.ratis.server.impl.LeaderElection.run(LeaderElection.java:133)
	at java.lang.Thread.run(Thread.java:748)
Caused by: org.apache.ratis.thirdparty.io.grpc.StatusRuntimeException: UNAVAILABLE: io exception
	at org.apache.ratis.thirdparty.io.grpc.stub.ClientCalls.toStatusRuntimeException(ClientCalls.java:233)
	at org.apache.ratis.thirdparty.io.grpc.stub.ClientCalls.getUnchecked(ClientCalls.java:214)
	at org.apache.ratis.thirdparty.io.grpc.stub.ClientCalls.blockingUnaryCall(ClientCalls.java:139)
	at org.apache.ratis.proto.grpc.RaftServerProtocolServiceGrpc$RaftServerProtocolServiceBlockingStub.requestVote(RaftServerProtocolServiceGrpc.java:265)
	at org.apache.ratis.grpc.server.GrpcServerProtocolClient.requestVote(GrpcServerProtocolClient.java:90)
	at org.apache.ratis.grpc.server.GrpcService.requestVote(GrpcService.java:204)
	at org.apache.ratis.server.impl.LeaderElection.lambda$submitRequests$1(LeaderElection.java:238)
	at java.util.concurrent.FutureTask.run(FutureTask.java:266)
	at java.util.concurrent.Executors$RunnableAdapter.call(Executors.java:511)
	at java.util.concurrent.FutureTask.run(FutureTask.java:266)
	at java.util.concurrent.ThreadPoolExecutor.runWorker(ThreadPoolExecutor.java:1149)
	at java.util.concurrent.ThreadPoolExecutor$Worker.run(ThreadPoolExecutor.java:624)
	... 1 more
Caused by: org.apache.ratis.thirdparty.io.netty.channel.AbstractChannel$AnnotatedConnectException: Connection refused: /192.168.5.159:45599
	at sun.nio.ch.SocketChannelImpl.checkConnect(Native Method)
	at sun.nio.ch.SocketChannelImpl.finishConnect(SocketChannelImpl.java:717)
	at org.apache.ratis.thirdparty.io.netty.channel.socket.nio.NioSocketChannel.doFinishConnect(NioSocketChannel.java:327)
	at org.apache.ratis.thirdparty.io.netty.channel.nio.AbstractNioChannel$AbstractNioUnsafe.finishConnect(AbstractNioChannel.java:340)
	at org.apache.ratis.thirdparty.io.netty.channel.nio.NioEventLoop.processSelectedKey(NioEventLoop.java:632)
	at org.apache.ratis.thirdparty.io.netty.channel.nio.NioEventLoop.processSelectedKeysOptimized(NioEventLoop.java:579)
	at org.apache.ratis.thirdparty.io.netty.channel.nio.NioEventLoop.processSelectedKeys(NioEventLoop.java:496)
	at org.apache.ratis.thirdparty.io.netty.channel.nio.NioEventLoop.run(NioEventLoop.java:458)
	at org.apache.ratis.thirdparty.io.netty.util.concurrent.SingleThreadEventExecutor$5.run(SingleThreadEventExecutor.java:897)
	at org.apache.ratis.thirdparty.io.netty.util.concurrent.FastThreadLocalRunnable.run(FastThreadLocalRunnable.java:30)
	... 1 more
Caused by: java.net.ConnectException: Connection refused
	... 11 more
2019-10-14 14:43:23,206 [caa892f0-76ff-4c1e-b30f-b7c59842badc@group-E0B7C1D5C8D3:LeaderElection129] INFO  impl.RaftServerImpl (RaftServerImpl.java:setRole(174)) - caa892f0-76ff-4c1e-b30f-b7c59842badc@group-E0B7C1D5C8D3: changes role from CANDIDATE to FOLLOWER at term 47 for DISCOVERED_A_NEW_TERM
2019-10-14 14:43:23,206 [caa892f0-76ff-4c1e-b30f-b7c59842badc@group-E0B7C1D5C8D3:LeaderElection129] INFO  impl.RoleInfo (RoleInfo.java:shutdownLeaderElection(134)) - caa892f0-76ff-4c1e-b30f-b7c59842badc: shutdown LeaderElection
2019-10-14 14:43:23,206 [caa892f0-76ff-4c1e-b30f-b7c59842badc@group-E0B7C1D5C8D3:LeaderElection129] INFO  impl.RoleInfo (RoleInfo.java:updateAndGet(143)) - caa892f0-76ff-4c1e-b30f-b7c59842badc: start FollowerState
2019-10-14 14:43:23,632 [grpc-default-executor-0] WARN  server.GrpcLogAppender (LogUtils.java:warn(134)) - caa892f0-76ff-4c1e-b30f-b7c59842badc@group-026CFA11C8A1->f9748ec4-5d8a-4dfc-8690-85b8cdac3f5d-AppendLogResponseHandler: Failed appendEntries: org.apache.ratis.thirdparty.io.grpc.StatusRuntimeException: UNAVAILABLE: io exception
2019-10-14 14:43:23,632 [grpc-default-executor-1] WARN  server.GrpcLogAppender (LogUtils.java:warn(134)) - caa892f0-76ff-4c1e-b30f-b7c59842badc@group-026CFA11C8A1->07a15819-e4fc-4072-82ac-b3e77a99d12a-AppendLogResponseHandler: Failed appendEntries: org.apache.ratis.thirdparty.io.grpc.StatusRuntimeException: UNAVAILABLE: io exception
2019-10-14 14:43:23,632 [grpc-default-executor-5] WARN  server.GrpcLogAppender (LogUtils.java:warn(134)) - caa892f0-76ff-4c1e-b30f-b7c59842badc@group-382452901537->f9748ec4-5d8a-4dfc-8690-85b8cdac3f5d-AppendLogResponseHandler: Failed appendEntries: org.apache.ratis.thirdparty.io.grpc.StatusRuntimeException: UNAVAILABLE: io exception
2019-10-14 14:43:23,632 [grpc-default-executor-12] WARN  server.GrpcLogAppender (LogUtils.java:warn(134)) - caa892f0-76ff-4c1e-b30f-b7c59842badc@group-382452901537->07a15819-e4fc-4072-82ac-b3e77a99d12a-AppendLogResponseHandler: Failed appendEntries: org.apache.ratis.thirdparty.io.grpc.StatusRuntimeException: UNAVAILABLE: io exception
2019-10-14 14:43:23,632 [grpc-default-executor-5] INFO  impl.FollowerInfo (FollowerInfo.java:lambda$new$0(51)) - caa892f0-76ff-4c1e-b30f-b7c59842badc@group-382452901537->f9748ec4-5d8a-4dfc-8690-85b8cdac3f5d: nextIndex: updateUnconditionally 0 -> 0
2019-10-14 14:43:23,632 [grpc-default-executor-1] INFO  impl.FollowerInfo (FollowerInfo.java:lambda$new$0(51)) - caa892f0-76ff-4c1e-b30f-b7c59842badc@group-026CFA11C8A1->07a15819-e4fc-4072-82ac-b3e77a99d12a: nextIndex: updateUnconditionally 0 -> 0
2019-10-14 14:43:23,632 [grpc-default-executor-0] INFO  impl.FollowerInfo (FollowerInfo.java:lambda$new$0(51)) - caa892f0-76ff-4c1e-b30f-b7c59842badc@group-026CFA11C8A1->f9748ec4-5d8a-4dfc-8690-85b8cdac3f5d: nextIndex: updateUnconditionally 0 -> 0
2019-10-14 14:43:23,632 [grpc-default-executor-12] INFO  impl.FollowerInfo (FollowerInfo.java:lambda$new$0(51)) - caa892f0-76ff-4c1e-b30f-b7c59842badc@group-382452901537->07a15819-e4fc-4072-82ac-b3e77a99d12a: nextIndex: updateUnconditionally 0 -> 0
2019-10-14 14:43:24,048 [Thread-2106] INFO  impl.FollowerState (FollowerState.java:run(106)) - caa892f0-76ff-4c1e-b30f-b7c59842badc:group-EA752D978E74 changes to CANDIDATE, lastRpcTime:1098, electionTimeout:1098ms
2019-10-14 14:43:24,049 [Thread-2106] INFO  impl.RoleInfo (RoleInfo.java:shutdownFollowerState(121)) - caa892f0-76ff-4c1e-b30f-b7c59842badc: shutdown FollowerState
2019-10-14 14:43:24,049 [Thread-2106] INFO  impl.RaftServerImpl (RaftServerImpl.java:setRole(174)) - caa892f0-76ff-4c1e-b30f-b7c59842badc@group-EA752D978E74: changes role from  FOLLOWER to CANDIDATE at term 46 for changeToCandidate
2019-10-14 14:43:24,050 [Thread-2106] INFO  impl.RoleInfo (RoleInfo.java:updateAndGet(143)) - caa892f0-76ff-4c1e-b30f-b7c59842badc: start LeaderElection
2019-10-14 14:43:24,063 [caa892f0-76ff-4c1e-b30f-b7c59842badc@group-EA752D978E74:LeaderElection130] INFO  impl.LeaderElection (LeaderElection.java:askForVotes(182)) - caa892f0-76ff-4c1e-b30f-b7c59842badc@group-EA752D978E74:LeaderElection130: begin an election at term 47 for 0: [07a15819-e4fc-4072-82ac-b3e77a99d12a:192.168.5.159:45599, f9748ec4-5d8a-4dfc-8690-85b8cdac3f5d:192.168.5.159:44598, caa892f0-76ff-4c1e-b30f-b7c59842badc:192.168.5.159:39406], old=null
2019-10-14 14:43:24,067 [caa892f0-76ff-4c1e-b30f-b7c59842badc@group-EA752D978E74:LeaderElection130] INFO  impl.LeaderElection (LogUtils.java:infoOrTrace(149)) - caa892f0-76ff-4c1e-b30f-b7c59842badc@group-EA752D978E74:LeaderElection130 got exception when requesting votes: {}
java.util.concurrent.ExecutionException: org.apache.ratis.thirdparty.io.grpc.StatusRuntimeException: UNAVAILABLE: io exception
	at java.util.concurrent.FutureTask.report(FutureTask.java:122)
	at java.util.concurrent.FutureTask.get(FutureTask.java:192)
	at org.apache.ratis.server.impl.LeaderElection.waitForResults(LeaderElection.java:263)
	at org.apache.ratis.server.impl.LeaderElection.askForVotes(LeaderElection.java:201)
	at org.apache.ratis.server.impl.LeaderElection.run(LeaderElection.java:133)
	at java.lang.Thread.run(Thread.java:748)
Caused by: org.apache.ratis.thirdparty.io.grpc.StatusRuntimeException: UNAVAILABLE: io exception
	at org.apache.ratis.thirdparty.io.grpc.stub.ClientCalls.toStatusRuntimeException(ClientCalls.java:233)
	at org.apache.ratis.thirdparty.io.grpc.stub.ClientCalls.getUnchecked(ClientCalls.java:214)
	at org.apache.ratis.thirdparty.io.grpc.stub.ClientCalls.blockingUnaryCall(ClientCalls.java:139)
	at org.apache.ratis.proto.grpc.RaftServerProtocolServiceGrpc$RaftServerProtocolServiceBlockingStub.requestVote(RaftServerProtocolServiceGrpc.java:265)
	at org.apache.ratis.grpc.server.GrpcServerProtocolClient.requestVote(GrpcServerProtocolClient.java:90)
	at org.apache.ratis.grpc.server.GrpcService.requestVote(GrpcService.java:204)
	at org.apache.ratis.server.impl.LeaderElection.lambda$submitRequests$1(LeaderElection.java:238)
	at java.util.concurrent.FutureTask.run(FutureTask.java:266)
	at java.util.concurrent.Executors$RunnableAdapter.call(Executors.java:511)
	at java.util.concurrent.FutureTask.run(FutureTask.java:266)
	at java.util.concurrent.ThreadPoolExecutor.runWorker(ThreadPoolExecutor.java:1149)
	at java.util.concurrent.ThreadPoolExecutor$Worker.run(ThreadPoolExecutor.java:624)
	... 1 more
Caused by: org.apache.ratis.thirdparty.io.netty.channel.AbstractChannel$AnnotatedConnectException: Connection refused: /192.168.5.159:44598
	at sun.nio.ch.SocketChannelImpl.checkConnect(Native Method)
	at sun.nio.ch.SocketChannelImpl.finishConnect(SocketChannelImpl.java:717)
	at org.apache.ratis.thirdparty.io.netty.channel.socket.nio.NioSocketChannel.doFinishConnect(NioSocketChannel.java:327)
	at org.apache.ratis.thirdparty.io.netty.channel.nio.AbstractNioChannel$AbstractNioUnsafe.finishConnect(AbstractNioChannel.java:340)
	at org.apache.ratis.thirdparty.io.netty.channel.nio.NioEventLoop.processSelectedKey(NioEventLoop.java:632)
	at org.apache.ratis.thirdparty.io.netty.channel.nio.NioEventLoop.processSelectedKeysOptimized(NioEventLoop.java:579)
	at org.apache.ratis.thirdparty.io.netty.channel.nio.NioEventLoop.processSelectedKeys(NioEventLoop.java:496)
	at org.apache.ratis.thirdparty.io.netty.channel.nio.NioEventLoop.run(NioEventLoop.java:458)
	at org.apache.ratis.thirdparty.io.netty.util.concurrent.SingleThreadEventExecutor$5.run(SingleThreadEventExecutor.java:897)
	at org.apache.ratis.thirdparty.io.netty.util.concurrent.FastThreadLocalRunnable.run(FastThreadLocalRunnable.java:30)
	... 1 more
Caused by: java.net.ConnectException: Connection refused
	... 11 more
2019-10-14 14:43:24,068 [caa892f0-76ff-4c1e-b30f-b7c59842badc@group-EA752D978E74:LeaderElection130] INFO  impl.LeaderElection (LogUtils.java:infoOrTrace(149)) - caa892f0-76ff-4c1e-b30f-b7c59842badc@group-EA752D978E74:LeaderElection130 got exception when requesting votes: {}
java.util.concurrent.ExecutionException: org.apache.ratis.thirdparty.io.grpc.StatusRuntimeException: UNAVAILABLE: io exception
	at java.util.concurrent.FutureTask.report(FutureTask.java:122)
	at java.util.concurrent.FutureTask.get(FutureTask.java:192)
	at org.apache.ratis.server.impl.LeaderElection.waitForResults(LeaderElection.java:263)
	at org.apache.ratis.server.impl.LeaderElection.askForVotes(LeaderElection.java:201)
	at org.apache.ratis.server.impl.LeaderElection.run(LeaderElection.java:133)
	at java.lang.Thread.run(Thread.java:748)
Caused by: org.apache.ratis.thirdparty.io.grpc.StatusRuntimeException: UNAVAILABLE: io exception
	at org.apache.ratis.thirdparty.io.grpc.stub.ClientCalls.toStatusRuntimeException(ClientCalls.java:233)
	at org.apache.ratis.thirdparty.io.grpc.stub.ClientCalls.getUnchecked(ClientCalls.java:214)
	at org.apache.ratis.thirdparty.io.grpc.stub.ClientCalls.blockingUnaryCall(ClientCalls.java:139)
	at org.apache.ratis.proto.grpc.RaftServerProtocolServiceGrpc$RaftServerProtocolServiceBlockingStub.requestVote(RaftServerProtocolServiceGrpc.java:265)
	at org.apache.ratis.grpc.server.GrpcServerProtocolClient.requestVote(GrpcServerProtocolClient.java:90)
	at org.apache.ratis.grpc.server.GrpcService.requestVote(GrpcService.java:204)
	at org.apache.ratis.server.impl.LeaderElection.lambda$submitRequests$1(LeaderElection.java:238)
	at java.util.concurrent.FutureTask.run(FutureTask.java:266)
	at java.util.concurrent.Executors$RunnableAdapter.call(Executors.java:511)
	at java.util.concurrent.FutureTask.run(FutureTask.java:266)
	at java.util.concurrent.ThreadPoolExecutor.runWorker(ThreadPoolExecutor.java:1149)
	at java.util.concurrent.ThreadPoolExecutor$Worker.run(ThreadPoolExecutor.java:624)
	... 1 more
Caused by: org.apache.ratis.thirdparty.io.netty.channel.AbstractChannel$AnnotatedConnectException: Connection refused: /192.168.5.159:45599
	at sun.nio.ch.SocketChannelImpl.checkConnect(Native Method)
	at sun.nio.ch.SocketChannelImpl.finishConnect(SocketChannelImpl.java:717)
	at org.apache.ratis.thirdparty.io.netty.channel.socket.nio.NioSocketChannel.doFinishConnect(NioSocketChannel.java:327)
	at org.apache.ratis.thirdparty.io.netty.channel.nio.AbstractNioChannel$AbstractNioUnsafe.finishConnect(AbstractNioChannel.java:340)
	at org.apache.ratis.thirdparty.io.netty.channel.nio.NioEventLoop.processSelectedKey(NioEventLoop.java:632)
	at org.apache.ratis.thirdparty.io.netty.channel.nio.NioEventLoop.processSelectedKeysOptimized(NioEventLoop.java:579)
	at org.apache.ratis.thirdparty.io.netty.channel.nio.NioEventLoop.processSelectedKeys(NioEventLoop.java:496)
	at org.apache.ratis.thirdparty.io.netty.channel.nio.NioEventLoop.run(NioEventLoop.java:458)
	at org.apache.ratis.thirdparty.io.netty.util.concurrent.SingleThreadEventExecutor$5.run(SingleThreadEventExecutor.java:897)
	at org.apache.ratis.thirdparty.io.netty.util.concurrent.FastThreadLocalRunnable.run(FastThreadLocalRunnable.java:30)
	... 1 more
Caused by: java.net.ConnectException: Connection refused
	... 11 more
2019-10-14 14:43:24,068 [caa892f0-76ff-4c1e-b30f-b7c59842badc@group-EA752D978E74:LeaderElection130] INFO  impl.LeaderElection (LeaderElection.java:logAndReturn(56)) - caa892f0-76ff-4c1e-b30f-b7c59842badc@group-EA752D978E74:LeaderElection130: Election REJECTED; received 0 response(s) [] and 2 exception(s); caa892f0-76ff-4c1e-b30f-b7c59842badc@group-EA752D978E74:t47, leader=null, voted=caa892f0-76ff-4c1e-b30f-b7c59842badc, raftlog=caa892f0-76ff-4c1e-b30f-b7c59842badc@group-EA752D978E74-SegmentedRaftLog:OPENED:c16,f16,i16, conf=0: [07a15819-e4fc-4072-82ac-b3e77a99d12a:192.168.5.159:45599, f9748ec4-5d8a-4dfc-8690-85b8cdac3f5d:192.168.5.159:44598, caa892f0-76ff-4c1e-b30f-b7c59842badc:192.168.5.159:39406], old=null
2019-10-14 14:43:24,068 [caa892f0-76ff-4c1e-b30f-b7c59842badc@group-EA752D978E74:LeaderElection130] INFO  impl.LeaderElection (LogUtils.java:infoOrTrace(149)) -   Exception 0: {}
java.util.concurrent.ExecutionException: org.apache.ratis.thirdparty.io.grpc.StatusRuntimeException: UNAVAILABLE: io exception
	at java.util.concurrent.FutureTask.report(FutureTask.java:122)
	at java.util.concurrent.FutureTask.get(FutureTask.java:192)
	at org.apache.ratis.server.impl.LeaderElection.waitForResults(LeaderElection.java:263)
	at org.apache.ratis.server.impl.LeaderElection.askForVotes(LeaderElection.java:201)
	at org.apache.ratis.server.impl.LeaderElection.run(LeaderElection.java:133)
	at java.lang.Thread.run(Thread.java:748)
Caused by: org.apache.ratis.thirdparty.io.grpc.StatusRuntimeException: UNAVAILABLE: io exception
	at org.apache.ratis.thirdparty.io.grpc.stub.ClientCalls.toStatusRuntimeException(ClientCalls.java:233)
	at org.apache.ratis.thirdparty.io.grpc.stub.ClientCalls.getUnchecked(ClientCalls.java:214)
	at org.apache.ratis.thirdparty.io.grpc.stub.ClientCalls.blockingUnaryCall(ClientCalls.java:139)
	at org.apache.ratis.proto.grpc.RaftServerProtocolServiceGrpc$RaftServerProtocolServiceBlockingStub.requestVote(RaftServerProtocolServiceGrpc.java:265)
	at org.apache.ratis.grpc.server.GrpcServerProtocolClient.requestVote(GrpcServerProtocolClient.java:90)
	at org.apache.ratis.grpc.server.GrpcService.requestVote(GrpcService.java:204)
	at org.apache.ratis.server.impl.LeaderElection.lambda$submitRequests$1(LeaderElection.java:238)
	at java.util.concurrent.FutureTask.run(FutureTask.java:266)
	at java.util.concurrent.Executors$RunnableAdapter.call(Executors.java:511)
	at java.util.concurrent.FutureTask.run(FutureTask.java:266)
	at java.util.concurrent.ThreadPoolExecutor.runWorker(ThreadPoolExecutor.java:1149)
	at java.util.concurrent.ThreadPoolExecutor$Worker.run(ThreadPoolExecutor.java:624)
	... 1 more
Caused by: org.apache.ratis.thirdparty.io.netty.channel.AbstractChannel$AnnotatedConnectException: Connection refused: /192.168.5.159:44598
	at sun.nio.ch.SocketChannelImpl.checkConnect(Native Method)
	at sun.nio.ch.SocketChannelImpl.finishConnect(SocketChannelImpl.java:717)
	at org.apache.ratis.thirdparty.io.netty.channel.socket.nio.NioSocketChannel.doFinishConnect(NioSocketChannel.java:327)
	at org.apache.ratis.thirdparty.io.netty.channel.nio.AbstractNioChannel$AbstractNioUnsafe.finishConnect(AbstractNioChannel.java:340)
	at org.apache.ratis.thirdparty.io.netty.channel.nio.NioEventLoop.processSelectedKey(NioEventLoop.java:632)
	at org.apache.ratis.thirdparty.io.netty.channel.nio.NioEventLoop.processSelectedKeysOptimized(NioEventLoop.java:579)
	at org.apache.ratis.thirdparty.io.netty.channel.nio.NioEventLoop.processSelectedKeys(NioEventLoop.java:496)
	at org.apache.ratis.thirdparty.io.netty.channel.nio.NioEventLoop.run(NioEventLoop.java:458)
	at org.apache.ratis.thirdparty.io.netty.util.concurrent.SingleThreadEventExecutor$5.run(SingleThreadEventExecutor.java:897)
	at org.apache.ratis.thirdparty.io.netty.util.concurrent.FastThreadLocalRunnable.run(FastThreadLocalRunnable.java:30)
	... 1 more
Caused by: java.net.ConnectException: Connection refused
	... 11 more
2019-10-14 14:43:24,068 [caa892f0-76ff-4c1e-b30f-b7c59842badc@group-EA752D978E74:LeaderElection130] INFO  impl.LeaderElection (LogUtils.java:infoOrTrace(149)) -   Exception 1: {}
java.util.concurrent.ExecutionException: org.apache.ratis.thirdparty.io.grpc.StatusRuntimeException: UNAVAILABLE: io exception
	at java.util.concurrent.FutureTask.report(FutureTask.java:122)
	at java.util.concurrent.FutureTask.get(FutureTask.java:192)
	at org.apache.ratis.server.impl.LeaderElection.waitForResults(LeaderElection.java:263)
	at org.apache.ratis.server.impl.LeaderElection.askForVotes(LeaderElection.java:201)
	at org.apache.ratis.server.impl.LeaderElection.run(LeaderElection.java:133)
	at java.lang.Thread.run(Thread.java:748)
Caused by: org.apache.ratis.thirdparty.io.grpc.StatusRuntimeException: UNAVAILABLE: io exception
	at org.apache.ratis.thirdparty.io.grpc.stub.ClientCalls.toStatusRuntimeException(ClientCalls.java:233)
	at org.apache.ratis.thirdparty.io.grpc.stub.ClientCalls.getUnchecked(ClientCalls.java:214)
	at org.apache.ratis.thirdparty.io.grpc.stub.ClientCalls.blockingUnaryCall(ClientCalls.java:139)
	at org.apache.ratis.proto.grpc.RaftServerProtocolServiceGrpc$RaftServerProtocolServiceBlockingStub.requestVote(RaftServerProtocolServiceGrpc.java:265)
	at org.apache.ratis.grpc.server.GrpcServerProtocolClient.requestVote(GrpcServerProtocolClient.java:90)
	at org.apache.ratis.grpc.server.GrpcService.requestVote(GrpcService.java:204)
	at org.apache.ratis.server.impl.LeaderElection.lambda$submitRequests$1(LeaderElection.java:238)
	at java.util.concurrent.FutureTask.run(FutureTask.java:266)
	at java.util.concurrent.Executors$RunnableAdapter.call(Executors.java:511)
	at java.util.concurrent.FutureTask.run(FutureTask.java:266)
	at java.util.concurrent.ThreadPoolExecutor.runWorker(ThreadPoolExecutor.java:1149)
	at java.util.concurrent.ThreadPoolExecutor$Worker.run(ThreadPoolExecutor.java:624)
	... 1 more
Caused by: org.apache.ratis.thirdparty.io.netty.channel.AbstractChannel$AnnotatedConnectException: Connection refused: /192.168.5.159:45599
	at sun.nio.ch.SocketChannelImpl.checkConnect(Native Method)
	at sun.nio.ch.SocketChannelImpl.finishConnect(SocketChannelImpl.java:717)
	at org.apache.ratis.thirdparty.io.netty.channel.socket.nio.NioSocketChannel.doFinishConnect(NioSocketChannel.java:327)
	at org.apache.ratis.thirdparty.io.netty.channel.nio.AbstractNioChannel$AbstractNioUnsafe.finishConnect(AbstractNioChannel.java:340)
	at org.apache.ratis.thirdparty.io.netty.channel.nio.NioEventLoop.processSelectedKey(NioEventLoop.java:632)
	at org.apache.ratis.thirdparty.io.netty.channel.nio.NioEventLoop.processSelectedKeysOptimized(NioEventLoop.java:579)
	at org.apache.ratis.thirdparty.io.netty.channel.nio.NioEventLoop.processSelectedKeys(NioEventLoop.java:496)
	at org.apache.ratis.thirdparty.io.netty.channel.nio.NioEventLoop.run(NioEventLoop.java:458)
	at org.apache.ratis.thirdparty.io.netty.util.concurrent.SingleThreadEventExecutor$5.run(SingleThreadEventExecutor.java:897)
	at org.apache.ratis.thirdparty.io.netty.util.concurrent.FastThreadLocalRunnable.run(FastThreadLocalRunnable.java:30)
	... 1 more
Caused by: java.net.ConnectException: Connection refused
	... 11 more
2019-10-14 14:43:24,069 [caa892f0-76ff-4c1e-b30f-b7c59842badc@group-EA752D978E74:LeaderElection130] INFO  impl.RaftServerImpl (RaftServerImpl.java:setRole(174)) - caa892f0-76ff-4c1e-b30f-b7c59842badc@group-EA752D978E74: changes role from CANDIDATE to FOLLOWER at term 47 for DISCOVERED_A_NEW_TERM
2019-10-14 14:43:24,069 [caa892f0-76ff-4c1e-b30f-b7c59842badc@group-EA752D978E74:LeaderElection130] INFO  impl.RoleInfo (RoleInfo.java:shutdownLeaderElection(134)) - caa892f0-76ff-4c1e-b30f-b7c59842badc: shutdown LeaderElection
2019-10-14 14:43:24,069 [caa892f0-76ff-4c1e-b30f-b7c59842badc@group-EA752D978E74:LeaderElection130] INFO  impl.RoleInfo (RoleInfo.java:updateAndGet(143)) - caa892f0-76ff-4c1e-b30f-b7c59842badc: start FollowerState
2019-10-14 14:43:24,132 [grpc-default-executor-0] WARN  server.GrpcLogAppender (LogUtils.java:warn(134)) - caa892f0-76ff-4c1e-b30f-b7c59842badc@group-026CFA11C8A1->07a15819-e4fc-4072-82ac-b3e77a99d12a-AppendLogResponseHandler: Failed appendEntries: org.apache.ratis.thirdparty.io.grpc.StatusRuntimeException: UNAVAILABLE: io exception
2019-10-14 14:43:24,132 [grpc-default-executor-1] WARN  server.GrpcLogAppender (LogUtils.java:warn(134)) - caa892f0-76ff-4c1e-b30f-b7c59842badc@group-382452901537->07a15819-e4fc-4072-82ac-b3e77a99d12a-AppendLogResponseHandler: Failed appendEntries: org.apache.ratis.thirdparty.io.grpc.StatusRuntimeException: UNAVAILABLE: io exception
2019-10-14 14:43:24,132 [grpc-default-executor-8] WARN  server.GrpcLogAppender (LogUtils.java:warn(134)) - caa892f0-76ff-4c1e-b30f-b7c59842badc@group-382452901537->f9748ec4-5d8a-4dfc-8690-85b8cdac3f5d-AppendLogResponseHandler: Failed appendEntries: org.apache.ratis.thirdparty.io.grpc.StatusRuntimeException: UNAVAILABLE: io exception
2019-10-14 14:43:24,132 [grpc-default-executor-5] WARN  server.GrpcLogAppender (LogUtils.java:warn(134)) - caa892f0-76ff-4c1e-b30f-b7c59842badc@group-026CFA11C8A1->f9748ec4-5d8a-4dfc-8690-85b8cdac3f5d-AppendLogResponseHandler: Failed appendEntries: org.apache.ratis.thirdparty.io.grpc.StatusRuntimeException: UNAVAILABLE: io exception
2019-10-14 14:43:24,133 [grpc-default-executor-8] INFO  impl.FollowerInfo (FollowerInfo.java:lambda$new$0(51)) - caa892f0-76ff-4c1e-b30f-b7c59842badc@group-382452901537->f9748ec4-5d8a-4dfc-8690-85b8cdac3f5d: nextIndex: updateUnconditionally 0 -> 0
2019-10-14 14:43:24,132 [grpc-default-executor-1] INFO  impl.FollowerInfo (FollowerInfo.java:lambda$new$0(51)) - caa892f0-76ff-4c1e-b30f-b7c59842badc@group-382452901537->07a15819-e4fc-4072-82ac-b3e77a99d12a: nextIndex: updateUnconditionally 0 -> 0
2019-10-14 14:43:24,132 [grpc-default-executor-0] INFO  impl.FollowerInfo (FollowerInfo.java:lambda$new$0(51)) - caa892f0-76ff-4c1e-b30f-b7c59842badc@group-026CFA11C8A1->07a15819-e4fc-4072-82ac-b3e77a99d12a: nextIndex: updateUnconditionally 0 -> 0
2019-10-14 14:43:24,133 [grpc-default-executor-5] INFO  impl.FollowerInfo (FollowerInfo.java:lambda$new$0(51)) - caa892f0-76ff-4c1e-b30f-b7c59842badc@group-026CFA11C8A1->f9748ec4-5d8a-4dfc-8690-85b8cdac3f5d: nextIndex: updateUnconditionally 0 -> 0
2019-10-14 14:43:24,375 [Thread-2110] INFO  impl.FollowerState (FollowerState.java:run(106)) - caa892f0-76ff-4c1e-b30f-b7c59842badc:group-E0B7C1D5C8D3 changes to CANDIDATE, lastRpcTime:1168, electionTimeout:1168ms
2019-10-14 14:43:24,375 [Thread-2110] INFO  impl.RoleInfo (RoleInfo.java:shutdownFollowerState(121)) - caa892f0-76ff-4c1e-b30f-b7c59842badc: shutdown FollowerState
2019-10-14 14:43:24,375 [Thread-2110] INFO  impl.RaftServerImpl (RaftServerImpl.java:setRole(174)) - caa892f0-76ff-4c1e-b30f-b7c59842badc@group-E0B7C1D5C8D3: changes role from  FOLLOWER to CANDIDATE at term 47 for changeToCandidate
2019-10-14 14:43:24,375 [Thread-2110] INFO  impl.RoleInfo (RoleInfo.java:updateAndGet(143)) - caa892f0-76ff-4c1e-b30f-b7c59842badc: start LeaderElection
2019-10-14 14:43:24,389 [caa892f0-76ff-4c1e-b30f-b7c59842badc@group-E0B7C1D5C8D3:LeaderElection131] INFO  impl.LeaderElection (LeaderElection.java:askForVotes(182)) - caa892f0-76ff-4c1e-b30f-b7c59842badc@group-E0B7C1D5C8D3:LeaderElection131: begin an election at term 48 for 0: [07a15819-e4fc-4072-82ac-b3e77a99d12a:192.168.5.159:45599, f9748ec4-5d8a-4dfc-8690-85b8cdac3f5d:192.168.5.159:44598, caa892f0-76ff-4c1e-b30f-b7c59842badc:192.168.5.159:39406], old=null
2019-10-14 14:43:24,391 [caa892f0-76ff-4c1e-b30f-b7c59842badc@group-E0B7C1D5C8D3:LeaderElection131] INFO  impl.LeaderElection (LogUtils.java:infoOrTrace(149)) - caa892f0-76ff-4c1e-b30f-b7c59842badc@group-E0B7C1D5C8D3:LeaderElection131 got exception when requesting votes: {}
java.util.concurrent.ExecutionException: org.apache.ratis.thirdparty.io.grpc.StatusRuntimeException: UNAVAILABLE: io exception
	at java.util.concurrent.FutureTask.report(FutureTask.java:122)
	at java.util.concurrent.FutureTask.get(FutureTask.java:192)
	at org.apache.ratis.server.impl.LeaderElection.waitForResults(LeaderElection.java:263)
	at org.apache.ratis.server.impl.LeaderElection.askForVotes(LeaderElection.java:201)
	at org.apache.ratis.server.impl.LeaderElection.run(LeaderElection.java:133)
	at java.lang.Thread.run(Thread.java:748)
Caused by: org.apache.ratis.thirdparty.io.grpc.StatusRuntimeException: UNAVAILABLE: io exception
	at org.apache.ratis.thirdparty.io.grpc.stub.ClientCalls.toStatusRuntimeException(ClientCalls.java:233)
	at org.apache.ratis.thirdparty.io.grpc.stub.ClientCalls.getUnchecked(ClientCalls.java:214)
	at org.apache.ratis.thirdparty.io.grpc.stub.ClientCalls.blockingUnaryCall(ClientCalls.java:139)
	at org.apache.ratis.proto.grpc.RaftServerProtocolServiceGrpc$RaftServerProtocolServiceBlockingStub.requestVote(RaftServerProtocolServiceGrpc.java:265)
	at org.apache.ratis.grpc.server.GrpcServerProtocolClient.requestVote(GrpcServerProtocolClient.java:90)
	at org.apache.ratis.grpc.server.GrpcService.requestVote(GrpcService.java:204)
	at org.apache.ratis.server.impl.LeaderElection.lambda$submitRequests$1(LeaderElection.java:238)
	at java.util.concurrent.FutureTask.run(FutureTask.java:266)
	at java.util.concurrent.Executors$RunnableAdapter.call(Executors.java:511)
	at java.util.concurrent.FutureTask.run(FutureTask.java:266)
	at java.util.concurrent.ThreadPoolExecutor.runWorker(ThreadPoolExecutor.java:1149)
	at java.util.concurrent.ThreadPoolExecutor$Worker.run(ThreadPoolExecutor.java:624)
	... 1 more
Caused by: org.apache.ratis.thirdparty.io.netty.channel.AbstractChannel$AnnotatedConnectException: Connection refused: /192.168.5.159:44598
	at sun.nio.ch.SocketChannelImpl.checkConnect(Native Method)
	at sun.nio.ch.SocketChannelImpl.finishConnect(SocketChannelImpl.java:717)
	at org.apache.ratis.thirdparty.io.netty.channel.socket.nio.NioSocketChannel.doFinishConnect(NioSocketChannel.java:327)
	at org.apache.ratis.thirdparty.io.netty.channel.nio.AbstractNioChannel$AbstractNioUnsafe.finishConnect(AbstractNioChannel.java:340)
	at org.apache.ratis.thirdparty.io.netty.channel.nio.NioEventLoop.processSelectedKey(NioEventLoop.java:632)
	at org.apache.ratis.thirdparty.io.netty.channel.nio.NioEventLoop.processSelectedKeysOptimized(NioEventLoop.java:579)
	at org.apache.ratis.thirdparty.io.netty.channel.nio.NioEventLoop.processSelectedKeys(NioEventLoop.java:496)
	at org.apache.ratis.thirdparty.io.netty.channel.nio.NioEventLoop.run(NioEventLoop.java:458)
	at org.apache.ratis.thirdparty.io.netty.util.concurrent.SingleThreadEventExecutor$5.run(SingleThreadEventExecutor.java:897)
	at org.apache.ratis.thirdparty.io.netty.util.concurrent.FastThreadLocalRunnable.run(FastThreadLocalRunnable.java:30)
	... 1 more
Caused by: java.net.ConnectException: Connection refused
	... 11 more
2019-10-14 14:43:24,391 [caa892f0-76ff-4c1e-b30f-b7c59842badc@group-E0B7C1D5C8D3:LeaderElection131] INFO  impl.LeaderElection (LogUtils.java:infoOrTrace(149)) - caa892f0-76ff-4c1e-b30f-b7c59842badc@group-E0B7C1D5C8D3:LeaderElection131 got exception when requesting votes: {}
java.util.concurrent.ExecutionException: org.apache.ratis.thirdparty.io.grpc.StatusRuntimeException: UNAVAILABLE: io exception
	at java.util.concurrent.FutureTask.report(FutureTask.java:122)
	at java.util.concurrent.FutureTask.get(FutureTask.java:192)
	at org.apache.ratis.server.impl.LeaderElection.waitForResults(LeaderElection.java:263)
	at org.apache.ratis.server.impl.LeaderElection.askForVotes(LeaderElection.java:201)
	at org.apache.ratis.server.impl.LeaderElection.run(LeaderElection.java:133)
	at java.lang.Thread.run(Thread.java:748)
Caused by: org.apache.ratis.thirdparty.io.grpc.StatusRuntimeException: UNAVAILABLE: io exception
	at org.apache.ratis.thirdparty.io.grpc.stub.ClientCalls.toStatusRuntimeException(ClientCalls.java:233)
	at org.apache.ratis.thirdparty.io.grpc.stub.ClientCalls.getUnchecked(ClientCalls.java:214)
	at org.apache.ratis.thirdparty.io.grpc.stub.ClientCalls.blockingUnaryCall(ClientCalls.java:139)
	at org.apache.ratis.proto.grpc.RaftServerProtocolServiceGrpc$RaftServerProtocolServiceBlockingStub.requestVote(RaftServerProtocolServiceGrpc.java:265)
	at org.apache.ratis.grpc.server.GrpcServerProtocolClient.requestVote(GrpcServerProtocolClient.java:90)
	at org.apache.ratis.grpc.server.GrpcService.requestVote(GrpcService.java:204)
	at org.apache.ratis.server.impl.LeaderElection.lambda$submitRequests$1(LeaderElection.java:238)
	at java.util.concurrent.FutureTask.run(FutureTask.java:266)
	at java.util.concurrent.Executors$RunnableAdapter.call(Executors.java:511)
	at java.util.concurrent.FutureTask.run(FutureTask.java:266)
	at java.util.concurrent.ThreadPoolExecutor.runWorker(ThreadPoolExecutor.java:1149)
	at java.util.concurrent.ThreadPoolExecutor$Worker.run(ThreadPoolExecutor.java:624)
	... 1 more
Caused by: org.apache.ratis.thirdparty.io.netty.channel.AbstractChannel$AnnotatedConnectException: Connection refused: /192.168.5.159:45599
	at sun.nio.ch.SocketChannelImpl.checkConnect(Native Method)
	at sun.nio.ch.SocketChannelImpl.finishConnect(SocketChannelImpl.java:717)
	at org.apache.ratis.thirdparty.io.netty.channel.socket.nio.NioSocketChannel.doFinishConnect(NioSocketChannel.java:327)
	at org.apache.ratis.thirdparty.io.netty.channel.nio.AbstractNioChannel$AbstractNioUnsafe.finishConnect(AbstractNioChannel.java:340)
	at org.apache.ratis.thirdparty.io.netty.channel.nio.NioEventLoop.processSelectedKey(NioEventLoop.java:632)
	at org.apache.ratis.thirdparty.io.netty.channel.nio.NioEventLoop.processSelectedKeysOptimized(NioEventLoop.java:579)
	at org.apache.ratis.thirdparty.io.netty.channel.nio.NioEventLoop.processSelectedKeys(NioEventLoop.java:496)
	at org.apache.ratis.thirdparty.io.netty.channel.nio.NioEventLoop.run(NioEventLoop.java:458)
	at org.apache.ratis.thirdparty.io.netty.util.concurrent.SingleThreadEventExecutor$5.run(SingleThreadEventExecutor.java:897)
	at org.apache.ratis.thirdparty.io.netty.util.concurrent.FastThreadLocalRunnable.run(FastThreadLocalRunnable.java:30)
	... 1 more
Caused by: java.net.ConnectException: Connection refused
	... 11 more
2019-10-14 14:43:24,392 [caa892f0-76ff-4c1e-b30f-b7c59842badc@group-E0B7C1D5C8D3:LeaderElection131] INFO  impl.LeaderElection (LeaderElection.java:logAndReturn(56)) - caa892f0-76ff-4c1e-b30f-b7c59842badc@group-E0B7C1D5C8D3:LeaderElection131: Election REJECTED; received 0 response(s) [] and 2 exception(s); caa892f0-76ff-4c1e-b30f-b7c59842badc@group-E0B7C1D5C8D3:t48, leader=null, voted=caa892f0-76ff-4c1e-b30f-b7c59842badc, raftlog=caa892f0-76ff-4c1e-b30f-b7c59842badc@group-E0B7C1D5C8D3-SegmentedRaftLog:OPENED:c0,f0,i0, conf=0: [07a15819-e4fc-4072-82ac-b3e77a99d12a:192.168.5.159:45599, f9748ec4-5d8a-4dfc-8690-85b8cdac3f5d:192.168.5.159:44598, caa892f0-76ff-4c1e-b30f-b7c59842badc:192.168.5.159:39406], old=null
2019-10-14 14:43:24,392 [caa892f0-76ff-4c1e-b30f-b7c59842badc@group-E0B7C1D5C8D3:LeaderElection131] INFO  impl.LeaderElection (LogUtils.java:infoOrTrace(149)) -   Exception 0: {}
java.util.concurrent.ExecutionException: org.apache.ratis.thirdparty.io.grpc.StatusRuntimeException: UNAVAILABLE: io exception
	at java.util.concurrent.FutureTask.report(FutureTask.java:122)
	at java.util.concurrent.FutureTask.get(FutureTask.java:192)
	at org.apache.ratis.server.impl.LeaderElection.waitForResults(LeaderElection.java:263)
	at org.apache.ratis.server.impl.LeaderElection.askForVotes(LeaderElection.java:201)
	at org.apache.ratis.server.impl.LeaderElection.run(LeaderElection.java:133)
	at java.lang.Thread.run(Thread.java:748)
Caused by: org.apache.ratis.thirdparty.io.grpc.StatusRuntimeException: UNAVAILABLE: io exception
	at org.apache.ratis.thirdparty.io.grpc.stub.ClientCalls.toStatusRuntimeException(ClientCalls.java:233)
	at org.apache.ratis.thirdparty.io.grpc.stub.ClientCalls.getUnchecked(ClientCalls.java:214)
	at org.apache.ratis.thirdparty.io.grpc.stub.ClientCalls.blockingUnaryCall(ClientCalls.java:139)
	at org.apache.ratis.proto.grpc.RaftServerProtocolServiceGrpc$RaftServerProtocolServiceBlockingStub.requestVote(RaftServerProtocolServiceGrpc.java:265)
	at org.apache.ratis.grpc.server.GrpcServerProtocolClient.requestVote(GrpcServerProtocolClient.java:90)
	at org.apache.ratis.grpc.server.GrpcService.requestVote(GrpcService.java:204)
	at org.apache.ratis.server.impl.LeaderElection.lambda$submitRequests$1(LeaderElection.java:238)
	at java.util.concurrent.FutureTask.run(FutureTask.java:266)
	at java.util.concurrent.Executors$RunnableAdapter.call(Executors.java:511)
	at java.util.concurrent.FutureTask.run(FutureTask.java:266)
	at java.util.concurrent.ThreadPoolExecutor.runWorker(ThreadPoolExecutor.java:1149)
	at java.util.concurrent.ThreadPoolExecutor$Worker.run(ThreadPoolExecutor.java:624)
	... 1 more
Caused by: org.apache.ratis.thirdparty.io.netty.channel.AbstractChannel$AnnotatedConnectException: Connection refused: /192.168.5.159:44598
	at sun.nio.ch.SocketChannelImpl.checkConnect(Native Method)
	at sun.nio.ch.SocketChannelImpl.finishConnect(SocketChannelImpl.java:717)
	at org.apache.ratis.thirdparty.io.netty.channel.socket.nio.NioSocketChannel.doFinishConnect(NioSocketChannel.java:327)
	at org.apache.ratis.thirdparty.io.netty.channel.nio.AbstractNioChannel$AbstractNioUnsafe.finishConnect(AbstractNioChannel.java:340)
	at org.apache.ratis.thirdparty.io.netty.channel.nio.NioEventLoop.processSelectedKey(NioEventLoop.java:632)
	at org.apache.ratis.thirdparty.io.netty.channel.nio.NioEventLoop.processSelectedKeysOptimized(NioEventLoop.java:579)
	at org.apache.ratis.thirdparty.io.netty.channel.nio.NioEventLoop.processSelectedKeys(NioEventLoop.java:496)
	at org.apache.ratis.thirdparty.io.netty.channel.nio.NioEventLoop.run(NioEventLoop.java:458)
	at org.apache.ratis.thirdparty.io.netty.util.concurrent.SingleThreadEventExecutor$5.run(SingleThreadEventExecutor.java:897)
	at org.apache.ratis.thirdparty.io.netty.util.concurrent.FastThreadLocalRunnable.run(FastThreadLocalRunnable.java:30)
	... 1 more
Caused by: java.net.ConnectException: Connection refused
	... 11 more
2019-10-14 14:43:24,392 [caa892f0-76ff-4c1e-b30f-b7c59842badc@group-E0B7C1D5C8D3:LeaderElection131] INFO  impl.LeaderElection (LogUtils.java:infoOrTrace(149)) -   Exception 1: {}
java.util.concurrent.ExecutionException: org.apache.ratis.thirdparty.io.grpc.StatusRuntimeException: UNAVAILABLE: io exception
	at java.util.concurrent.FutureTask.report(FutureTask.java:122)
	at java.util.concurrent.FutureTask.get(FutureTask.java:192)
	at org.apache.ratis.server.impl.LeaderElection.waitForResults(LeaderElection.java:263)
	at org.apache.ratis.server.impl.LeaderElection.askForVotes(LeaderElection.java:201)
	at org.apache.ratis.server.impl.LeaderElection.run(LeaderElection.java:133)
	at java.lang.Thread.run(Thread.java:748)
Caused by: org.apache.ratis.thirdparty.io.grpc.StatusRuntimeException: UNAVAILABLE: io exception
	at org.apache.ratis.thirdparty.io.grpc.stub.ClientCalls.toStatusRuntimeException(ClientCalls.java:233)
	at org.apache.ratis.thirdparty.io.grpc.stub.ClientCalls.getUnchecked(ClientCalls.java:214)
	at org.apache.ratis.thirdparty.io.grpc.stub.ClientCalls.blockingUnaryCall(ClientCalls.java:139)
	at org.apache.ratis.proto.grpc.RaftServerProtocolServiceGrpc$RaftServerProtocolServiceBlockingStub.requestVote(RaftServerProtocolServiceGrpc.java:265)
	at org.apache.ratis.grpc.server.GrpcServerProtocolClient.requestVote(GrpcServerProtocolClient.java:90)
	at org.apache.ratis.grpc.server.GrpcService.requestVote(GrpcService.java:204)
	at org.apache.ratis.server.impl.LeaderElection.lambda$submitRequests$1(LeaderElection.java:238)
	at java.util.concurrent.FutureTask.run(FutureTask.java:266)
	at java.util.concurrent.Executors$RunnableAdapter.call(Executors.java:511)
	at java.util.concurrent.FutureTask.run(FutureTask.java:266)
	at java.util.concurrent.ThreadPoolExecutor.runWorker(ThreadPoolExecutor.java:1149)
	at java.util.concurrent.ThreadPoolExecutor$Worker.run(ThreadPoolExecutor.java:624)
	... 1 more
Caused by: org.apache.ratis.thirdparty.io.netty.channel.AbstractChannel$AnnotatedConnectException: Connection refused: /192.168.5.159:45599
	at sun.nio.ch.SocketChannelImpl.checkConnect(Native Method)
	at sun.nio.ch.SocketChannelImpl.finishConnect(SocketChannelImpl.java:717)
	at org.apache.ratis.thirdparty.io.netty.channel.socket.nio.NioSocketChannel.doFinishConnect(NioSocketChannel.java:327)
	at org.apache.ratis.thirdparty.io.netty.channel.nio.AbstractNioChannel$AbstractNioUnsafe.finishConnect(AbstractNioChannel.java:340)
	at org.apache.ratis.thirdparty.io.netty.channel.nio.NioEventLoop.processSelectedKey(NioEventLoop.java:632)
	at org.apache.ratis.thirdparty.io.netty.channel.nio.NioEventLoop.processSelectedKeysOptimized(NioEventLoop.java:579)
	at org.apache.ratis.thirdparty.io.netty.channel.nio.NioEventLoop.processSelectedKeys(NioEventLoop.java:496)
	at org.apache.ratis.thirdparty.io.netty.channel.nio.NioEventLoop.run(NioEventLoop.java:458)
	at org.apache.ratis.thirdparty.io.netty.util.concurrent.SingleThreadEventExecutor$5.run(SingleThreadEventExecutor.java:897)
	at org.apache.ratis.thirdparty.io.netty.util.concurrent.FastThreadLocalRunnable.run(FastThreadLocalRunnable.java:30)
	... 1 more
Caused by: java.net.ConnectException: Connection refused
	... 11 more
2019-10-14 14:43:24,392 [caa892f0-76ff-4c1e-b30f-b7c59842badc@group-E0B7C1D5C8D3:LeaderElection131] INFO  impl.RaftServerImpl (RaftServerImpl.java:setRole(174)) - caa892f0-76ff-4c1e-b30f-b7c59842badc@group-E0B7C1D5C8D3: changes role from CANDIDATE to FOLLOWER at term 48 for DISCOVERED_A_NEW_TERM
2019-10-14 14:43:24,392 [caa892f0-76ff-4c1e-b30f-b7c59842badc@group-E0B7C1D5C8D3:LeaderElection131] INFO  impl.RoleInfo (RoleInfo.java:shutdownLeaderElection(134)) - caa892f0-76ff-4c1e-b30f-b7c59842badc: shutdown LeaderElection
2019-10-14 14:43:24,393 [caa892f0-76ff-4c1e-b30f-b7c59842badc@group-E0B7C1D5C8D3:LeaderElection131] INFO  impl.RoleInfo (RoleInfo.java:updateAndGet(143)) - caa892f0-76ff-4c1e-b30f-b7c59842badc: start FollowerState
2019-10-14 14:43:24,632 [grpc-default-executor-8] WARN  server.GrpcLogAppender (LogUtils.java:warn(134)) - caa892f0-76ff-4c1e-b30f-b7c59842badc@group-382452901537->07a15819-e4fc-4072-82ac-b3e77a99d12a-AppendLogResponseHandler: Failed appendEntries: org.apache.ratis.thirdparty.io.grpc.StatusRuntimeException: UNAVAILABLE: io exception
2019-10-14 14:43:24,632 [grpc-default-executor-0] WARN  server.GrpcLogAppender (LogUtils.java:warn(134)) - caa892f0-76ff-4c1e-b30f-b7c59842badc@group-382452901537->f9748ec4-5d8a-4dfc-8690-85b8cdac3f5d-AppendLogResponseHandler: Failed appendEntries: org.apache.ratis.thirdparty.io.grpc.StatusRuntimeException: UNAVAILABLE: io exception
2019-10-14 14:43:24,632 [grpc-default-executor-8] INFO  impl.FollowerInfo (FollowerInfo.java:lambda$new$0(51)) - caa892f0-76ff-4c1e-b30f-b7c59842badc@group-382452901537->07a15819-e4fc-4072-82ac-b3e77a99d12a: nextIndex: updateUnconditionally 0 -> 0
2019-10-14 14:43:24,633 [grpc-default-executor-0] INFO  impl.FollowerInfo (FollowerInfo.java:lambda$new$0(51)) - caa892f0-76ff-4c1e-b30f-b7c59842badc@group-382452901537->f9748ec4-5d8a-4dfc-8690-85b8cdac3f5d: nextIndex: updateUnconditionally 0 -> 0
2019-10-14 14:43:24,632 [grpc-default-executor-5] WARN  server.GrpcLogAppender (LogUtils.java:warn(134)) - caa892f0-76ff-4c1e-b30f-b7c59842badc@group-026CFA11C8A1->f9748ec4-5d8a-4dfc-8690-85b8cdac3f5d-AppendLogResponseHandler: Failed appendEntries: org.apache.ratis.thirdparty.io.grpc.StatusRuntimeException: UNAVAILABLE: io exception
2019-10-14 14:43:24,633 [grpc-default-executor-5] INFO  impl.FollowerInfo (FollowerInfo.java:lambda$new$0(51)) - caa892f0-76ff-4c1e-b30f-b7c59842badc@group-026CFA11C8A1->f9748ec4-5d8a-4dfc-8690-85b8cdac3f5d: nextIndex: updateUnconditionally 0 -> 0
2019-10-14 14:43:24,632 [grpc-default-executor-1] WARN  server.GrpcLogAppender (LogUtils.java:warn(134)) - caa892f0-76ff-4c1e-b30f-b7c59842badc@group-026CFA11C8A1->07a15819-e4fc-4072-82ac-b3e77a99d12a-AppendLogResponseHandler: Failed appendEntries: org.apache.ratis.thirdparty.io.grpc.StatusRuntimeException: UNAVAILABLE: io exception
2019-10-14 14:43:24,633 [grpc-default-executor-1] INFO  impl.FollowerInfo (FollowerInfo.java:lambda$new$0(51)) - caa892f0-76ff-4c1e-b30f-b7c59842badc@group-026CFA11C8A1->07a15819-e4fc-4072-82ac-b3e77a99d12a: nextIndex: updateUnconditionally 0 -> 0
2019-10-14 14:43:25,086 [Thread-2131] INFO  impl.FollowerState (FollowerState.java:run(106)) - caa892f0-76ff-4c1e-b30f-b7c59842badc:group-EA752D978E74 changes to CANDIDATE, lastRpcTime:1017, electionTimeout:1017ms
2019-10-14 14:43:25,087 [Thread-2131] INFO  impl.RoleInfo (RoleInfo.java:shutdownFollowerState(121)) - caa892f0-76ff-4c1e-b30f-b7c59842badc: shutdown FollowerState
2019-10-14 14:43:25,087 [Thread-2131] INFO  impl.RaftServerImpl (RaftServerImpl.java:setRole(174)) - caa892f0-76ff-4c1e-b30f-b7c59842badc@group-EA752D978E74: changes role from  FOLLOWER to CANDIDATE at term 47 for changeToCandidate
2019-10-14 14:43:25,087 [Thread-2131] INFO  impl.RoleInfo (RoleInfo.java:updateAndGet(143)) - caa892f0-76ff-4c1e-b30f-b7c59842badc: start LeaderElection
2019-10-14 14:43:25,101 [caa892f0-76ff-4c1e-b30f-b7c59842badc@group-EA752D978E74:LeaderElection132] INFO  impl.LeaderElection (LeaderElection.java:askForVotes(182)) - caa892f0-76ff-4c1e-b30f-b7c59842badc@group-EA752D978E74:LeaderElection132: begin an election at term 48 for 0: [07a15819-e4fc-4072-82ac-b3e77a99d12a:192.168.5.159:45599, f9748ec4-5d8a-4dfc-8690-85b8cdac3f5d:192.168.5.159:44598, caa892f0-76ff-4c1e-b30f-b7c59842badc:192.168.5.159:39406], old=null
2019-10-14 14:43:25,104 [caa892f0-76ff-4c1e-b30f-b7c59842badc@group-EA752D978E74:LeaderElection132] INFO  impl.LeaderElection (LogUtils.java:infoOrTrace(149)) - caa892f0-76ff-4c1e-b30f-b7c59842badc@group-EA752D978E74:LeaderElection132 got exception when requesting votes: {}
java.util.concurrent.ExecutionException: org.apache.ratis.thirdparty.io.grpc.StatusRuntimeException: UNAVAILABLE: io exception
	at java.util.concurrent.FutureTask.report(FutureTask.java:122)
	at java.util.concurrent.FutureTask.get(FutureTask.java:192)
	at org.apache.ratis.server.impl.LeaderElection.waitForResults(LeaderElection.java:263)
	at org.apache.ratis.server.impl.LeaderElection.askForVotes(LeaderElection.java:201)
	at org.apache.ratis.server.impl.LeaderElection.run(LeaderElection.java:133)
	at java.lang.Thread.run(Thread.java:748)
Caused by: org.apache.ratis.thirdparty.io.grpc.StatusRuntimeException: UNAVAILABLE: io exception
	at org.apache.ratis.thirdparty.io.grpc.stub.ClientCalls.toStatusRuntimeException(ClientCalls.java:233)
	at org.apache.ratis.thirdparty.io.grpc.stub.ClientCalls.getUnchecked(ClientCalls.java:214)
	at org.apache.ratis.thirdparty.io.grpc.stub.ClientCalls.blockingUnaryCall(ClientCalls.java:139)
	at org.apache.ratis.proto.grpc.RaftServerProtocolServiceGrpc$RaftServerProtocolServiceBlockingStub.requestVote(RaftServerProtocolServiceGrpc.java:265)
	at org.apache.ratis.grpc.server.GrpcServerProtocolClient.requestVote(GrpcServerProtocolClient.java:90)
	at org.apache.ratis.grpc.server.GrpcService.requestVote(GrpcService.java:204)
	at org.apache.ratis.server.impl.LeaderElection.lambda$submitRequests$1(LeaderElection.java:238)
	at java.util.concurrent.FutureTask.run(FutureTask.java:266)
	at java.util.concurrent.Executors$RunnableAdapter.call(Executors.java:511)
	at java.util.concurrent.FutureTask.run(FutureTask.java:266)
	at java.util.concurrent.ThreadPoolExecutor.runWorker(ThreadPoolExecutor.java:1149)
	at java.util.concurrent.ThreadPoolExecutor$Worker.run(ThreadPoolExecutor.java:624)
	... 1 more
Caused by: org.apache.ratis.thirdparty.io.netty.channel.AbstractChannel$AnnotatedConnectException: Connection refused: /192.168.5.159:44598
	at sun.nio.ch.SocketChannelImpl.checkConnect(Native Method)
	at sun.nio.ch.SocketChannelImpl.finishConnect(SocketChannelImpl.java:717)
	at org.apache.ratis.thirdparty.io.netty.channel.socket.nio.NioSocketChannel.doFinishConnect(NioSocketChannel.java:327)
	at org.apache.ratis.thirdparty.io.netty.channel.nio.AbstractNioChannel$AbstractNioUnsafe.finishConnect(AbstractNioChannel.java:340)
	at org.apache.ratis.thirdparty.io.netty.channel.nio.NioEventLoop.processSelectedKey(NioEventLoop.java:632)
	at org.apache.ratis.thirdparty.io.netty.channel.nio.NioEventLoop.processSelectedKeysOptimized(NioEventLoop.java:579)
	at org.apache.ratis.thirdparty.io.netty.channel.nio.NioEventLoop.processSelectedKeys(NioEventLoop.java:496)
	at org.apache.ratis.thirdparty.io.netty.channel.nio.NioEventLoop.run(NioEventLoop.java:458)
	at org.apache.ratis.thirdparty.io.netty.util.concurrent.SingleThreadEventExecutor$5.run(SingleThreadEventExecutor.java:897)
	at org.apache.ratis.thirdparty.io.netty.util.concurrent.FastThreadLocalRunnable.run(FastThreadLocalRunnable.java:30)
	... 1 more
Caused by: java.net.ConnectException: Connection refused
	... 11 more
2019-10-14 14:43:25,105 [caa892f0-76ff-4c1e-b30f-b7c59842badc@group-EA752D978E74:LeaderElection132] INFO  impl.LeaderElection (LogUtils.java:infoOrTrace(149)) - caa892f0-76ff-4c1e-b30f-b7c59842badc@group-EA752D978E74:LeaderElection132 got exception when requesting votes: {}
java.util.concurrent.ExecutionException: org.apache.ratis.thirdparty.io.grpc.StatusRuntimeException: UNAVAILABLE: io exception
	at java.util.concurrent.FutureTask.report(FutureTask.java:122)
	at java.util.concurrent.FutureTask.get(FutureTask.java:192)
	at org.apache.ratis.server.impl.LeaderElection.waitForResults(LeaderElection.java:263)
	at org.apache.ratis.server.impl.LeaderElection.askForVotes(LeaderElection.java:201)
	at org.apache.ratis.server.impl.LeaderElection.run(LeaderElection.java:133)
	at java.lang.Thread.run(Thread.java:748)
Caused by: org.apache.ratis.thirdparty.io.grpc.StatusRuntimeException: UNAVAILABLE: io exception
	at org.apache.ratis.thirdparty.io.grpc.stub.ClientCalls.toStatusRuntimeException(ClientCalls.java:233)
	at org.apache.ratis.thirdparty.io.grpc.stub.ClientCalls.getUnchecked(ClientCalls.java:214)
	at org.apache.ratis.thirdparty.io.grpc.stub.ClientCalls.blockingUnaryCall(ClientCalls.java:139)
	at org.apache.ratis.proto.grpc.RaftServerProtocolServiceGrpc$RaftServerProtocolServiceBlockingStub.requestVote(RaftServerProtocolServiceGrpc.java:265)
	at org.apache.ratis.grpc.server.GrpcServerProtocolClient.requestVote(GrpcServerProtocolClient.java:90)
	at org.apache.ratis.grpc.server.GrpcService.requestVote(GrpcService.java:204)
	at org.apache.ratis.server.impl.LeaderElection.lambda$submitRequests$1(LeaderElection.java:238)
	at java.util.concurrent.FutureTask.run(FutureTask.java:266)
	at java.util.concurrent.Executors$RunnableAdapter.call(Executors.java:511)
	at java.util.concurrent.FutureTask.run(FutureTask.java:266)
	at java.util.concurrent.ThreadPoolExecutor.runWorker(ThreadPoolExecutor.java:1149)
	at java.util.concurrent.ThreadPoolExecutor$Worker.run(ThreadPoolExecutor.java:624)
	... 1 more
Caused by: org.apache.ratis.thirdparty.io.netty.channel.AbstractChannel$AnnotatedConnectException: Connection refused: /192.168.5.159:45599
	at sun.nio.ch.SocketChannelImpl.checkConnect(Native Method)
	at sun.nio.ch.SocketChannelImpl.finishConnect(SocketChannelImpl.java:717)
	at org.apache.ratis.thirdparty.io.netty.channel.socket.nio.NioSocketChannel.doFinishConnect(NioSocketChannel.java:327)
	at org.apache.ratis.thirdparty.io.netty.channel.nio.AbstractNioChannel$AbstractNioUnsafe.finishConnect(AbstractNioChannel.java:340)
	at org.apache.ratis.thirdparty.io.netty.channel.nio.NioEventLoop.processSelectedKey(NioEventLoop.java:632)
	at org.apache.ratis.thirdparty.io.netty.channel.nio.NioEventLoop.processSelectedKeysOptimized(NioEventLoop.java:579)
	at org.apache.ratis.thirdparty.io.netty.channel.nio.NioEventLoop.processSelectedKeys(NioEventLoop.java:496)
	at org.apache.ratis.thirdparty.io.netty.channel.nio.NioEventLoop.run(NioEventLoop.java:458)
	at org.apache.ratis.thirdparty.io.netty.util.concurrent.SingleThreadEventExecutor$5.run(SingleThreadEventExecutor.java:897)
	at org.apache.ratis.thirdparty.io.netty.util.concurrent.FastThreadLocalRunnable.run(FastThreadLocalRunnable.java:30)
	... 1 more
Caused by: java.net.ConnectException: Connection refused
	... 11 more
2019-10-14 14:43:25,105 [caa892f0-76ff-4c1e-b30f-b7c59842badc@group-EA752D978E74:LeaderElection132] INFO  impl.LeaderElection (LeaderElection.java:logAndReturn(56)) - caa892f0-76ff-4c1e-b30f-b7c59842badc@group-EA752D978E74:LeaderElection132: Election REJECTED; received 0 response(s) [] and 2 exception(s); caa892f0-76ff-4c1e-b30f-b7c59842badc@group-EA752D978E74:t48, leader=null, voted=caa892f0-76ff-4c1e-b30f-b7c59842badc, raftlog=caa892f0-76ff-4c1e-b30f-b7c59842badc@group-EA752D978E74-SegmentedRaftLog:OPENED:c16,f16,i16, conf=0: [07a15819-e4fc-4072-82ac-b3e77a99d12a:192.168.5.159:45599, f9748ec4-5d8a-4dfc-8690-85b8cdac3f5d:192.168.5.159:44598, caa892f0-76ff-4c1e-b30f-b7c59842badc:192.168.5.159:39406], old=null
2019-10-14 14:43:25,105 [caa892f0-76ff-4c1e-b30f-b7c59842badc@group-EA752D978E74:LeaderElection132] INFO  impl.LeaderElection (LogUtils.java:infoOrTrace(149)) -   Exception 0: {}
java.util.concurrent.ExecutionException: org.apache.ratis.thirdparty.io.grpc.StatusRuntimeException: UNAVAILABLE: io exception
	at java.util.concurrent.FutureTask.report(FutureTask.java:122)
	at java.util.concurrent.FutureTask.get(FutureTask.java:192)
	at org.apache.ratis.server.impl.LeaderElection.waitForResults(LeaderElection.java:263)
	at org.apache.ratis.server.impl.LeaderElection.askForVotes(LeaderElection.java:201)
	at org.apache.ratis.server.impl.LeaderElection.run(LeaderElection.java:133)
	at java.lang.Thread.run(Thread.java:748)
Caused by: org.apache.ratis.thirdparty.io.grpc.StatusRuntimeException: UNAVAILABLE: io exception
	at org.apache.ratis.thirdparty.io.grpc.stub.ClientCalls.toStatusRuntimeException(ClientCalls.java:233)
	at org.apache.ratis.thirdparty.io.grpc.stub.ClientCalls.getUnchecked(ClientCalls.java:214)
	at org.apache.ratis.thirdparty.io.grpc.stub.ClientCalls.blockingUnaryCall(ClientCalls.java:139)
	at org.apache.ratis.proto.grpc.RaftServerProtocolServiceGrpc$RaftServerProtocolServiceBlockingStub.requestVote(RaftServerProtocolServiceGrpc.java:265)
	at org.apache.ratis.grpc.server.GrpcServerProtocolClient.requestVote(GrpcServerProtocolClient.java:90)
	at org.apache.ratis.grpc.server.GrpcService.requestVote(GrpcService.java:204)
	at org.apache.ratis.server.impl.LeaderElection.lambda$submitRequests$1(LeaderElection.java:238)
	at java.util.concurrent.FutureTask.run(FutureTask.java:266)
	at java.util.concurrent.Executors$RunnableAdapter.call(Executors.java:511)
	at java.util.concurrent.FutureTask.run(FutureTask.java:266)
	at java.util.concurrent.ThreadPoolExecutor.runWorker(ThreadPoolExecutor.java:1149)
	at java.util.concurrent.ThreadPoolExecutor$Worker.run(ThreadPoolExecutor.java:624)
	... 1 more
Caused by: org.apache.ratis.thirdparty.io.netty.channel.AbstractChannel$AnnotatedConnectException: Connection refused: /192.168.5.159:44598
	at sun.nio.ch.SocketChannelImpl.checkConnect(Native Method)
	at sun.nio.ch.SocketChannelImpl.finishConnect(SocketChannelImpl.java:717)
	at org.apache.ratis.thirdparty.io.netty.channel.socket.nio.NioSocketChannel.doFinishConnect(NioSocketChannel.java:327)
	at org.apache.ratis.thirdparty.io.netty.channel.nio.AbstractNioChannel$AbstractNioUnsafe.finishConnect(AbstractNioChannel.java:340)
	at org.apache.ratis.thirdparty.io.netty.channel.nio.NioEventLoop.processSelectedKey(NioEventLoop.java:632)
	at org.apache.ratis.thirdparty.io.netty.channel.nio.NioEventLoop.processSelectedKeysOptimized(NioEventLoop.java:579)
	at org.apache.ratis.thirdparty.io.netty.channel.nio.NioEventLoop.processSelectedKeys(NioEventLoop.java:496)
	at org.apache.ratis.thirdparty.io.netty.channel.nio.NioEventLoop.run(NioEventLoop.java:458)
	at org.apache.ratis.thirdparty.io.netty.util.concurrent.SingleThreadEventExecutor$5.run(SingleThreadEventExecutor.java:897)
	at org.apache.ratis.thirdparty.io.netty.util.concurrent.FastThreadLocalRunnable.run(FastThreadLocalRunnable.java:30)
	... 1 more
Caused by: java.net.ConnectException: Connection refused
	... 11 more
2019-10-14 14:43:25,106 [caa892f0-76ff-4c1e-b30f-b7c59842badc@group-EA752D978E74:LeaderElection132] INFO  impl.LeaderElection (LogUtils.java:infoOrTrace(149)) -   Exception 1: {}
java.util.concurrent.ExecutionException: org.apache.ratis.thirdparty.io.grpc.StatusRuntimeException: UNAVAILABLE: io exception
	at java.util.concurrent.FutureTask.report(FutureTask.java:122)
	at java.util.concurrent.FutureTask.get(FutureTask.java:192)
	at org.apache.ratis.server.impl.LeaderElection.waitForResults(LeaderElection.java:263)
	at org.apache.ratis.server.impl.LeaderElection.askForVotes(LeaderElection.java:201)
	at org.apache.ratis.server.impl.LeaderElection.run(LeaderElection.java:133)
	at java.lang.Thread.run(Thread.java:748)
Caused by: org.apache.ratis.thirdparty.io.grpc.StatusRuntimeException: UNAVAILABLE: io exception
	at org.apache.ratis.thirdparty.io.grpc.stub.ClientCalls.toStatusRuntimeException(ClientCalls.java:233)
	at org.apache.ratis.thirdparty.io.grpc.stub.ClientCalls.getUnchecked(ClientCalls.java:214)
	at org.apache.ratis.thirdparty.io.grpc.stub.ClientCalls.blockingUnaryCall(ClientCalls.java:139)
	at org.apache.ratis.proto.grpc.RaftServerProtocolServiceGrpc$RaftServerProtocolServiceBlockingStub.requestVote(RaftServerProtocolServiceGrpc.java:265)
	at org.apache.ratis.grpc.server.GrpcServerProtocolClient.requestVote(GrpcServerProtocolClient.java:90)
	at org.apache.ratis.grpc.server.GrpcService.requestVote(GrpcService.java:204)
	at org.apache.ratis.server.impl.LeaderElection.lambda$submitRequests$1(LeaderElection.java:238)
	at java.util.concurrent.FutureTask.run(FutureTask.java:266)
	at java.util.concurrent.Executors$RunnableAdapter.call(Executors.java:511)
	at java.util.concurrent.FutureTask.run(FutureTask.java:266)
	at java.util.concurrent.ThreadPoolExecutor.runWorker(ThreadPoolExecutor.java:1149)
	at java.util.concurrent.ThreadPoolExecutor$Worker.run(ThreadPoolExecutor.java:624)
	... 1 more
Caused by: org.apache.ratis.thirdparty.io.netty.channel.AbstractChannel$AnnotatedConnectException: Connection refused: /192.168.5.159:45599
	at sun.nio.ch.SocketChannelImpl.checkConnect(Native Method)
	at sun.nio.ch.SocketChannelImpl.finishConnect(SocketChannelImpl.java:717)
	at org.apache.ratis.thirdparty.io.netty.channel.socket.nio.NioSocketChannel.doFinishConnect(NioSocketChannel.java:327)
	at org.apache.ratis.thirdparty.io.netty.channel.nio.AbstractNioChannel$AbstractNioUnsafe.finishConnect(AbstractNioChannel.java:340)
	at org.apache.ratis.thirdparty.io.netty.channel.nio.NioEventLoop.processSelectedKey(NioEventLoop.java:632)
	at org.apache.ratis.thirdparty.io.netty.channel.nio.NioEventLoop.processSelectedKeysOptimized(NioEventLoop.java:579)
	at org.apache.ratis.thirdparty.io.netty.channel.nio.NioEventLoop.processSelectedKeys(NioEventLoop.java:496)
	at org.apache.ratis.thirdparty.io.netty.channel.nio.NioEventLoop.run(NioEventLoop.java:458)
	at org.apache.ratis.thirdparty.io.netty.util.concurrent.SingleThreadEventExecutor$5.run(SingleThreadEventExecutor.java:897)
	at org.apache.ratis.thirdparty.io.netty.util.concurrent.FastThreadLocalRunnable.run(FastThreadLocalRunnable.java:30)
	... 1 more
Caused by: java.net.ConnectException: Connection refused
	... 11 more
2019-10-14 14:43:25,106 [caa892f0-76ff-4c1e-b30f-b7c59842badc@group-EA752D978E74:LeaderElection132] INFO  impl.RaftServerImpl (RaftServerImpl.java:setRole(174)) - caa892f0-76ff-4c1e-b30f-b7c59842badc@group-EA752D978E74: changes role from CANDIDATE to FOLLOWER at term 48 for DISCOVERED_A_NEW_TERM
2019-10-14 14:43:25,106 [caa892f0-76ff-4c1e-b30f-b7c59842badc@group-EA752D978E74:LeaderElection132] INFO  impl.RoleInfo (RoleInfo.java:shutdownLeaderElection(134)) - caa892f0-76ff-4c1e-b30f-b7c59842badc: shutdown LeaderElection
2019-10-14 14:43:25,106 [caa892f0-76ff-4c1e-b30f-b7c59842badc@group-EA752D978E74:LeaderElection132] INFO  impl.RoleInfo (RoleInfo.java:updateAndGet(143)) - caa892f0-76ff-4c1e-b30f-b7c59842badc: start FollowerState
2019-10-14 14:43:25,132 [grpc-default-executor-5] WARN  server.GrpcLogAppender (LogUtils.java:warn(134)) - caa892f0-76ff-4c1e-b30f-b7c59842badc@group-382452901537->07a15819-e4fc-4072-82ac-b3e77a99d12a-AppendLogResponseHandler: Failed appendEntries: org.apache.ratis.thirdparty.io.grpc.StatusRuntimeException: UNAVAILABLE: io exception
2019-10-14 14:43:25,132 [grpc-default-executor-0] WARN  server.GrpcLogAppender (LogUtils.java:warn(134)) - caa892f0-76ff-4c1e-b30f-b7c59842badc@group-382452901537->f9748ec4-5d8a-4dfc-8690-85b8cdac3f5d-AppendLogResponseHandler: Failed appendEntries: org.apache.ratis.thirdparty.io.grpc.StatusRuntimeException: UNAVAILABLE: io exception
2019-10-14 14:43:25,132 [grpc-default-executor-1] WARN  server.GrpcLogAppender (LogUtils.java:warn(134)) - caa892f0-76ff-4c1e-b30f-b7c59842badc@group-026CFA11C8A1->f9748ec4-5d8a-4dfc-8690-85b8cdac3f5d-AppendLogResponseHandler: Failed appendEntries: org.apache.ratis.thirdparty.io.grpc.StatusRuntimeException: UNAVAILABLE: io exception
2019-10-14 14:43:25,132 [grpc-default-executor-8] WARN  server.GrpcLogAppender (LogUtils.java:warn(134)) - caa892f0-76ff-4c1e-b30f-b7c59842badc@group-026CFA11C8A1->07a15819-e4fc-4072-82ac-b3e77a99d12a-AppendLogResponseHandler: Failed appendEntries: org.apache.ratis.thirdparty.io.grpc.StatusRuntimeException: UNAVAILABLE: io exception
2019-10-14 14:43:25,133 [grpc-default-executor-1] INFO  impl.FollowerInfo (FollowerInfo.java:lambda$new$0(51)) - caa892f0-76ff-4c1e-b30f-b7c59842badc@group-026CFA11C8A1->f9748ec4-5d8a-4dfc-8690-85b8cdac3f5d: nextIndex: updateUnconditionally 0 -> 0
2019-10-14 14:43:25,133 [grpc-default-executor-0] INFO  impl.FollowerInfo (FollowerInfo.java:lambda$new$0(51)) - caa892f0-76ff-4c1e-b30f-b7c59842badc@group-382452901537->f9748ec4-5d8a-4dfc-8690-85b8cdac3f5d: nextIndex: updateUnconditionally 0 -> 0
2019-10-14 14:43:25,133 [grpc-default-executor-5] INFO  impl.FollowerInfo (FollowerInfo.java:lambda$new$0(51)) - caa892f0-76ff-4c1e-b30f-b7c59842badc@group-382452901537->07a15819-e4fc-4072-82ac-b3e77a99d12a: nextIndex: updateUnconditionally 0 -> 0
2019-10-14 14:43:25,133 [grpc-default-executor-8] INFO  impl.FollowerInfo (FollowerInfo.java:lambda$new$0(51)) - caa892f0-76ff-4c1e-b30f-b7c59842badc@group-026CFA11C8A1->07a15819-e4fc-4072-82ac-b3e77a99d12a: nextIndex: updateUnconditionally 0 -> 0
2019-10-14 14:43:25,434 [Thread-2143] INFO  impl.FollowerState (FollowerState.java:run(106)) - caa892f0-76ff-4c1e-b30f-b7c59842badc:group-E0B7C1D5C8D3 changes to CANDIDATE, lastRpcTime:1041, electionTimeout:1041ms
2019-10-14 14:43:25,434 [Thread-2143] INFO  impl.RoleInfo (RoleInfo.java:shutdownFollowerState(121)) - caa892f0-76ff-4c1e-b30f-b7c59842badc: shutdown FollowerState
2019-10-14 14:43:25,434 [Thread-2143] INFO  impl.RaftServerImpl (RaftServerImpl.java:setRole(174)) - caa892f0-76ff-4c1e-b30f-b7c59842badc@group-E0B7C1D5C8D3: changes role from  FOLLOWER to CANDIDATE at term 48 for changeToCandidate
2019-10-14 14:43:25,435 [Thread-2143] INFO  impl.RoleInfo (RoleInfo.java:updateAndGet(143)) - caa892f0-76ff-4c1e-b30f-b7c59842badc: start LeaderElection
2019-10-14 14:43:25,449 [caa892f0-76ff-4c1e-b30f-b7c59842badc@group-E0B7C1D5C8D3:LeaderElection133] INFO  impl.LeaderElection (LeaderElection.java:askForVotes(182)) - caa892f0-76ff-4c1e-b30f-b7c59842badc@group-E0B7C1D5C8D3:LeaderElection133: begin an election at term 49 for 0: [07a15819-e4fc-4072-82ac-b3e77a99d12a:192.168.5.159:45599, f9748ec4-5d8a-4dfc-8690-85b8cdac3f5d:192.168.5.159:44598, caa892f0-76ff-4c1e-b30f-b7c59842badc:192.168.5.159:39406], old=null
2019-10-14 14:43:25,451 [caa892f0-76ff-4c1e-b30f-b7c59842badc@group-E0B7C1D5C8D3:LeaderElection133] INFO  impl.LeaderElection (LogUtils.java:infoOrTrace(149)) - caa892f0-76ff-4c1e-b30f-b7c59842badc@group-E0B7C1D5C8D3:LeaderElection133 got exception when requesting votes: {}
java.util.concurrent.ExecutionException: org.apache.ratis.thirdparty.io.grpc.StatusRuntimeException: UNAVAILABLE: io exception
	at java.util.concurrent.FutureTask.report(FutureTask.java:122)
	at java.util.concurrent.FutureTask.get(FutureTask.java:192)
	at org.apache.ratis.server.impl.LeaderElection.waitForResults(LeaderElection.java:263)
	at org.apache.ratis.server.impl.LeaderElection.askForVotes(LeaderElection.java:201)
	at org.apache.ratis.server.impl.LeaderElection.run(LeaderElection.java:133)
	at java.lang.Thread.run(Thread.java:748)
Caused by: org.apache.ratis.thirdparty.io.grpc.StatusRuntimeException: UNAVAILABLE: io exception
	at org.apache.ratis.thirdparty.io.grpc.stub.ClientCalls.toStatusRuntimeException(ClientCalls.java:233)
	at org.apache.ratis.thirdparty.io.grpc.stub.ClientCalls.getUnchecked(ClientCalls.java:214)
	at org.apache.ratis.thirdparty.io.grpc.stub.ClientCalls.blockingUnaryCall(ClientCalls.java:139)
	at org.apache.ratis.proto.grpc.RaftServerProtocolServiceGrpc$RaftServerProtocolServiceBlockingStub.requestVote(RaftServerProtocolServiceGrpc.java:265)
	at org.apache.ratis.grpc.server.GrpcServerProtocolClient.requestVote(GrpcServerProtocolClient.java:90)
	at org.apache.ratis.grpc.server.GrpcService.requestVote(GrpcService.java:204)
	at org.apache.ratis.server.impl.LeaderElection.lambda$submitRequests$1(LeaderElection.java:238)
	at java.util.concurrent.FutureTask.run(FutureTask.java:266)
	at java.util.concurrent.Executors$RunnableAdapter.call(Executors.java:511)
	at java.util.concurrent.FutureTask.run(FutureTask.java:266)
	at java.util.concurrent.ThreadPoolExecutor.runWorker(ThreadPoolExecutor.java:1149)
	at java.util.concurrent.ThreadPoolExecutor$Worker.run(ThreadPoolExecutor.java:624)
	... 1 more
Caused by: org.apache.ratis.thirdparty.io.netty.channel.AbstractChannel$AnnotatedConnectException: Connection refused: /192.168.5.159:45599
	at sun.nio.ch.SocketChannelImpl.checkConnect(Native Method)
	at sun.nio.ch.SocketChannelImpl.finishConnect(SocketChannelImpl.java:717)
	at org.apache.ratis.thirdparty.io.netty.channel.socket.nio.NioSocketChannel.doFinishConnect(NioSocketChannel.java:327)
	at org.apache.ratis.thirdparty.io.netty.channel.nio.AbstractNioChannel$AbstractNioUnsafe.finishConnect(AbstractNioChannel.java:340)
	at org.apache.ratis.thirdparty.io.netty.channel.nio.NioEventLoop.processSelectedKey(NioEventLoop.java:632)
	at org.apache.ratis.thirdparty.io.netty.channel.nio.NioEventLoop.processSelectedKeysOptimized(NioEventLoop.java:579)
	at org.apache.ratis.thirdparty.io.netty.channel.nio.NioEventLoop.processSelectedKeys(NioEventLoop.java:496)
	at org.apache.ratis.thirdparty.io.netty.channel.nio.NioEventLoop.run(NioEventLoop.java:458)
	at org.apache.ratis.thirdparty.io.netty.util.concurrent.SingleThreadEventExecutor$5.run(SingleThreadEventExecutor.java:897)
	at org.apache.ratis.thirdparty.io.netty.util.concurrent.FastThreadLocalRunnable.run(FastThreadLocalRunnable.java:30)
	... 1 more
Caused by: java.net.ConnectException: Connection refused
	... 11 more
2019-10-14 14:43:25,452 [caa892f0-76ff-4c1e-b30f-b7c59842badc@group-E0B7C1D5C8D3:LeaderElection133] INFO  impl.LeaderElection (LogUtils.java:infoOrTrace(149)) - caa892f0-76ff-4c1e-b30f-b7c59842badc@group-E0B7C1D5C8D3:LeaderElection133 got exception when requesting votes: {}
java.util.concurrent.ExecutionException: org.apache.ratis.thirdparty.io.grpc.StatusRuntimeException: UNAVAILABLE: io exception
	at java.util.concurrent.FutureTask.report(FutureTask.java:122)
	at java.util.concurrent.FutureTask.get(FutureTask.java:192)
	at org.apache.ratis.server.impl.LeaderElection.waitForResults(LeaderElection.java:263)
	at org.apache.ratis.server.impl.LeaderElection.askForVotes(LeaderElection.java:201)
	at org.apache.ratis.server.impl.LeaderElection.run(LeaderElection.java:133)
	at java.lang.Thread.run(Thread.java:748)
Caused by: org.apache.ratis.thirdparty.io.grpc.StatusRuntimeException: UNAVAILABLE: io exception
	at org.apache.ratis.thirdparty.io.grpc.stub.ClientCalls.toStatusRuntimeException(ClientCalls.java:233)
	at org.apache.ratis.thirdparty.io.grpc.stub.ClientCalls.getUnchecked(ClientCalls.java:214)
	at org.apache.ratis.thirdparty.io.grpc.stub.ClientCalls.blockingUnaryCall(ClientCalls.java:139)
	at org.apache.ratis.proto.grpc.RaftServerProtocolServiceGrpc$RaftServerProtocolServiceBlockingStub.requestVote(RaftServerProtocolServiceGrpc.java:265)
	at org.apache.ratis.grpc.server.GrpcServerProtocolClient.requestVote(GrpcServerProtocolClient.java:90)
	at org.apache.ratis.grpc.server.GrpcService.requestVote(GrpcService.java:204)
	at org.apache.ratis.server.impl.LeaderElection.lambda$submitRequests$1(LeaderElection.java:238)
	at java.util.concurrent.FutureTask.run(FutureTask.java:266)
	at java.util.concurrent.Executors$RunnableAdapter.call(Executors.java:511)
	at java.util.concurrent.FutureTask.run(FutureTask.java:266)
	at java.util.concurrent.ThreadPoolExecutor.runWorker(ThreadPoolExecutor.java:1149)
	at java.util.concurrent.ThreadPoolExecutor$Worker.run(ThreadPoolExecutor.java:624)
	... 1 more
Caused by: org.apache.ratis.thirdparty.io.netty.channel.AbstractChannel$AnnotatedConnectException: Connection refused: /192.168.5.159:44598
	at sun.nio.ch.SocketChannelImpl.checkConnect(Native Method)
	at sun.nio.ch.SocketChannelImpl.finishConnect(SocketChannelImpl.java:717)
	at org.apache.ratis.thirdparty.io.netty.channel.socket.nio.NioSocketChannel.doFinishConnect(NioSocketChannel.java:327)
	at org.apache.ratis.thirdparty.io.netty.channel.nio.AbstractNioChannel$AbstractNioUnsafe.finishConnect(AbstractNioChannel.java:340)
	at org.apache.ratis.thirdparty.io.netty.channel.nio.NioEventLoop.processSelectedKey(NioEventLoop.java:632)
	at org.apache.ratis.thirdparty.io.netty.channel.nio.NioEventLoop.processSelectedKeysOptimized(NioEventLoop.java:579)
	at org.apache.ratis.thirdparty.io.netty.channel.nio.NioEventLoop.processSelectedKeys(NioEventLoop.java:496)
	at org.apache.ratis.thirdparty.io.netty.channel.nio.NioEventLoop.run(NioEventLoop.java:458)
	at org.apache.ratis.thirdparty.io.netty.util.concurrent.SingleThreadEventExecutor$5.run(SingleThreadEventExecutor.java:897)
	at org.apache.ratis.thirdparty.io.netty.util.concurrent.FastThreadLocalRunnable.run(FastThreadLocalRunnable.java:30)
	... 1 more
Caused by: java.net.ConnectException: Connection refused
	... 11 more
2019-10-14 14:43:25,453 [caa892f0-76ff-4c1e-b30f-b7c59842badc@group-E0B7C1D5C8D3:LeaderElection133] INFO  impl.LeaderElection (LeaderElection.java:logAndReturn(56)) - caa892f0-76ff-4c1e-b30f-b7c59842badc@group-E0B7C1D5C8D3:LeaderElection133: Election REJECTED; received 0 response(s) [] and 2 exception(s); caa892f0-76ff-4c1e-b30f-b7c59842badc@group-E0B7C1D5C8D3:t49, leader=null, voted=caa892f0-76ff-4c1e-b30f-b7c59842badc, raftlog=caa892f0-76ff-4c1e-b30f-b7c59842badc@group-E0B7C1D5C8D3-SegmentedRaftLog:OPENED:c0,f0,i0, conf=0: [07a15819-e4fc-4072-82ac-b3e77a99d12a:192.168.5.159:45599, f9748ec4-5d8a-4dfc-8690-85b8cdac3f5d:192.168.5.159:44598, caa892f0-76ff-4c1e-b30f-b7c59842badc:192.168.5.159:39406], old=null
2019-10-14 14:43:25,453 [caa892f0-76ff-4c1e-b30f-b7c59842badc@group-E0B7C1D5C8D3:LeaderElection133] INFO  impl.LeaderElection (LogUtils.java:infoOrTrace(149)) -   Exception 0: {}
java.util.concurrent.ExecutionException: org.apache.ratis.thirdparty.io.grpc.StatusRuntimeException: UNAVAILABLE: io exception
	at java.util.concurrent.FutureTask.report(FutureTask.java:122)
	at java.util.concurrent.FutureTask.get(FutureTask.java:192)
	at org.apache.ratis.server.impl.LeaderElection.waitForResults(LeaderElection.java:263)
	at org.apache.ratis.server.impl.LeaderElection.askForVotes(LeaderElection.java:201)
	at org.apache.ratis.server.impl.LeaderElection.run(LeaderElection.java:133)
	at java.lang.Thread.run(Thread.java:748)
Caused by: org.apache.ratis.thirdparty.io.grpc.StatusRuntimeException: UNAVAILABLE: io exception
	at org.apache.ratis.thirdparty.io.grpc.stub.ClientCalls.toStatusRuntimeException(ClientCalls.java:233)
	at org.apache.ratis.thirdparty.io.grpc.stub.ClientCalls.getUnchecked(ClientCalls.java:214)
	at org.apache.ratis.thirdparty.io.grpc.stub.ClientCalls.blockingUnaryCall(ClientCalls.java:139)
	at org.apache.ratis.proto.grpc.RaftServerProtocolServiceGrpc$RaftServerProtocolServiceBlockingStub.requestVote(RaftServerProtocolServiceGrpc.java:265)
	at org.apache.ratis.grpc.server.GrpcServerProtocolClient.requestVote(GrpcServerProtocolClient.java:90)
	at org.apache.ratis.grpc.server.GrpcService.requestVote(GrpcService.java:204)
	at org.apache.ratis.server.impl.LeaderElection.lambda$submitRequests$1(LeaderElection.java:238)
	at java.util.concurrent.FutureTask.run(FutureTask.java:266)
	at java.util.concurrent.Executors$RunnableAdapter.call(Executors.java:511)
	at java.util.concurrent.FutureTask.run(FutureTask.java:266)
	at java.util.concurrent.ThreadPoolExecutor.runWorker(ThreadPoolExecutor.java:1149)
	at java.util.concurrent.ThreadPoolExecutor$Worker.run(ThreadPoolExecutor.java:624)
	... 1 more
Caused by: org.apache.ratis.thirdparty.io.netty.channel.AbstractChannel$AnnotatedConnectException: Connection refused: /192.168.5.159:45599
	at sun.nio.ch.SocketChannelImpl.checkConnect(Native Method)
	at sun.nio.ch.SocketChannelImpl.finishConnect(SocketChannelImpl.java:717)
	at org.apache.ratis.thirdparty.io.netty.channel.socket.nio.NioSocketChannel.doFinishConnect(NioSocketChannel.java:327)
	at org.apache.ratis.thirdparty.io.netty.channel.nio.AbstractNioChannel$AbstractNioUnsafe.finishConnect(AbstractNioChannel.java:340)
	at org.apache.ratis.thirdparty.io.netty.channel.nio.NioEventLoop.processSelectedKey(NioEventLoop.java:632)
	at org.apache.ratis.thirdparty.io.netty.channel.nio.NioEventLoop.processSelectedKeysOptimized(NioEventLoop.java:579)
	at org.apache.ratis.thirdparty.io.netty.channel.nio.NioEventLoop.processSelectedKeys(NioEventLoop.java:496)
	at org.apache.ratis.thirdparty.io.netty.channel.nio.NioEventLoop.run(NioEventLoop.java:458)
	at org.apache.ratis.thirdparty.io.netty.util.concurrent.SingleThreadEventExecutor$5.run(SingleThreadEventExecutor.java:897)
	at org.apache.ratis.thirdparty.io.netty.util.concurrent.FastThreadLocalRunnable.run(FastThreadLocalRunnable.java:30)
	... 1 more
Caused by: java.net.ConnectException: Connection refused
	... 11 more
2019-10-14 14:43:25,454 [caa892f0-76ff-4c1e-b30f-b7c59842badc@group-E0B7C1D5C8D3:LeaderElection133] INFO  impl.LeaderElection (LogUtils.java:infoOrTrace(149)) -   Exception 1: {}
java.util.concurrent.ExecutionException: org.apache.ratis.thirdparty.io.grpc.StatusRuntimeException: UNAVAILABLE: io exception
	at java.util.concurrent.FutureTask.report(FutureTask.java:122)
	at java.util.concurrent.FutureTask.get(FutureTask.java:192)
	at org.apache.ratis.server.impl.LeaderElection.waitForResults(LeaderElection.java:263)
	at org.apache.ratis.server.impl.LeaderElection.askForVotes(LeaderElection.java:201)
	at org.apache.ratis.server.impl.LeaderElection.run(LeaderElection.java:133)
	at java.lang.Thread.run(Thread.java:748)
Caused by: org.apache.ratis.thirdparty.io.grpc.StatusRuntimeException: UNAVAILABLE: io exception
	at org.apache.ratis.thirdparty.io.grpc.stub.ClientCalls.toStatusRuntimeException(ClientCalls.java:233)
	at org.apache.ratis.thirdparty.io.grpc.stub.ClientCalls.getUnchecked(ClientCalls.java:214)
	at org.apache.ratis.thirdparty.io.grpc.stub.ClientCalls.blockingUnaryCall(ClientCalls.java:139)
	at org.apache.ratis.proto.grpc.RaftServerProtocolServiceGrpc$RaftServerProtocolServiceBlockingStub.requestVote(RaftServerProtocolServiceGrpc.java:265)
	at org.apache.ratis.grpc.server.GrpcServerProtocolClient.requestVote(GrpcServerProtocolClient.java:90)
	at org.apache.ratis.grpc.server.GrpcService.requestVote(GrpcService.java:204)
	at org.apache.ratis.server.impl.LeaderElection.lambda$submitRequests$1(LeaderElection.java:238)
	at java.util.concurrent.FutureTask.run(FutureTask.java:266)
	at java.util.concurrent.Executors$RunnableAdapter.call(Executors.java:511)
	at java.util.concurrent.FutureTask.run(FutureTask.java:266)
	at java.util.concurrent.ThreadPoolExecutor.runWorker(ThreadPoolExecutor.java:1149)
	at java.util.concurrent.ThreadPoolExecutor$Worker.run(ThreadPoolExecutor.java:624)
	... 1 more
Caused by: org.apache.ratis.thirdparty.io.netty.channel.AbstractChannel$AnnotatedConnectException: Connection refused: /192.168.5.159:44598
	at sun.nio.ch.SocketChannelImpl.checkConnect(Native Method)
	at sun.nio.ch.SocketChannelImpl.finishConnect(SocketChannelImpl.java:717)
	at org.apache.ratis.thirdparty.io.netty.channel.socket.nio.NioSocketChannel.doFinishConnect(NioSocketChannel.java:327)
	at org.apache.ratis.thirdparty.io.netty.channel.nio.AbstractNioChannel$AbstractNioUnsafe.finishConnect(AbstractNioChannel.java:340)
	at org.apache.ratis.thirdparty.io.netty.channel.nio.NioEventLoop.processSelectedKey(NioEventLoop.java:632)
	at org.apache.ratis.thirdparty.io.netty.channel.nio.NioEventLoop.processSelectedKeysOptimized(NioEventLoop.java:579)
	at org.apache.ratis.thirdparty.io.netty.channel.nio.NioEventLoop.processSelectedKeys(NioEventLoop.java:496)
	at org.apache.ratis.thirdparty.io.netty.channel.nio.NioEventLoop.run(NioEventLoop.java:458)
	at org.apache.ratis.thirdparty.io.netty.util.concurrent.SingleThreadEventExecutor$5.run(SingleThreadEventExecutor.java:897)
	at org.apache.ratis.thirdparty.io.netty.util.concurrent.FastThreadLocalRunnable.run(FastThreadLocalRunnable.java:30)
	... 1 more
Caused by: java.net.ConnectException: Connection refused
	... 11 more
2019-10-14 14:43:25,454 [caa892f0-76ff-4c1e-b30f-b7c59842badc@group-E0B7C1D5C8D3:LeaderElection133] INFO  impl.RaftServerImpl (RaftServerImpl.java:setRole(174)) - caa892f0-76ff-4c1e-b30f-b7c59842badc@group-E0B7C1D5C8D3: changes role from CANDIDATE to FOLLOWER at term 49 for DISCOVERED_A_NEW_TERM
2019-10-14 14:43:25,454 [caa892f0-76ff-4c1e-b30f-b7c59842badc@group-E0B7C1D5C8D3:LeaderElection133] INFO  impl.RoleInfo (RoleInfo.java:shutdownLeaderElection(134)) - caa892f0-76ff-4c1e-b30f-b7c59842badc: shutdown LeaderElection
2019-10-14 14:43:25,455 [caa892f0-76ff-4c1e-b30f-b7c59842badc@group-E0B7C1D5C8D3:LeaderElection133] INFO  impl.RoleInfo (RoleInfo.java:updateAndGet(143)) - caa892f0-76ff-4c1e-b30f-b7c59842badc: start FollowerState
2019-10-14 14:43:25,620 [main] WARN  io.KeyOutputStream (KeyOutputStream.java:handleException(274)) - Encountered exception java.io.IOException: Unexpected Storage Container Exception: java.util.concurrent.CompletionException: java.util.concurrent.CompletionException: org.apache.ratis.protocol.RaftRetryFailureException: Failed RaftClientRequest:client-58E0D215AC12->07a15819-e4fc-4072-82ac-b3e77a99d12a@group-026CFA11C8A1, cid=46, seq=1*, RW, org.apache.hadoop.hdds.scm.XceiverClientRatis$$Lambda$655/1445384588@27247ff4 for 20 attempts with RetryLimited(maxAttempts=20, sleepTime=1000ms) on the pipeline Pipeline[ Id: 206cc71b-1139-4967-bb05-026cfa11c8a1, Nodes: caa892f0-76ff-4c1e-b30f-b7c59842badc{ip: 192.168.5.159, host: pr-hdds-1569-fwkxq-874464227, networkLocation: /default-rack, certSerialId: null}f9748ec4-5d8a-4dfc-8690-85b8cdac3f5d{ip: 192.168.5.159, host: pr-hdds-1569-fwkxq-874464227, networkLocation: /default-rack, certSerialId: null}07a15819-e4fc-4072-82ac-b3e77a99d12a{ip: 192.168.5.159, host: pr-hdds-1569-fwkxq-874464227, networkLocation: /default-rack, certSerialId: null}, Type:RATIS, Factor:THREE, State:OPEN]. The last committed block length is 0, uncommitted data length is 400 retry count 0
2019-10-14 14:43:25,633 [grpc-default-executor-5] WARN  server.GrpcLogAppender (LogUtils.java:warn(134)) - caa892f0-76ff-4c1e-b30f-b7c59842badc@group-026CFA11C8A1->07a15819-e4fc-4072-82ac-b3e77a99d12a-AppendLogResponseHandler: Failed appendEntries: org.apache.ratis.thirdparty.io.grpc.StatusRuntimeException: UNAVAILABLE: io exception
2019-10-14 14:43:25,633 [grpc-default-executor-1] WARN  server.GrpcLogAppender (LogUtils.java:warn(134)) - caa892f0-76ff-4c1e-b30f-b7c59842badc@group-382452901537->f9748ec4-5d8a-4dfc-8690-85b8cdac3f5d-AppendLogResponseHandler: Failed appendEntries: org.apache.ratis.thirdparty.io.grpc.StatusRuntimeException: UNAVAILABLE: io exception
2019-10-14 14:43:25,633 [grpc-default-executor-8] WARN  server.GrpcLogAppender (LogUtils.java:warn(134)) - caa892f0-76ff-4c1e-b30f-b7c59842badc@group-026CFA11C8A1->f9748ec4-5d8a-4dfc-8690-85b8cdac3f5d-AppendLogResponseHandler: Failed appendEntries: org.apache.ratis.thirdparty.io.grpc.StatusRuntimeException: UNAVAILABLE: io exception
2019-10-14 14:43:25,633 [grpc-default-executor-1] INFO  impl.FollowerInfo (FollowerInfo.java:lambda$new$0(51)) - caa892f0-76ff-4c1e-b30f-b7c59842badc@group-382452901537->f9748ec4-5d8a-4dfc-8690-85b8cdac3f5d: nextIndex: updateUnconditionally 0 -> 0
2019-10-14 14:43:25,633 [grpc-default-executor-0] WARN  server.GrpcLogAppender (LogUtils.java:warn(134)) - caa892f0-76ff-4c1e-b30f-b7c59842badc@group-382452901537->07a15819-e4fc-4072-82ac-b3e77a99d12a-AppendLogResponseHandler: Failed appendEntries: org.apache.ratis.thirdparty.io.grpc.StatusRuntimeException: UNAVAILABLE: io exception
2019-10-14 14:43:25,633 [grpc-default-executor-8] INFO  impl.FollowerInfo (FollowerInfo.java:lambda$new$0(51)) - caa892f0-76ff-4c1e-b30f-b7c59842badc@group-026CFA11C8A1->f9748ec4-5d8a-4dfc-8690-85b8cdac3f5d: nextIndex: updateUnconditionally 0 -> 0
2019-10-14 14:43:25,633 [grpc-default-executor-5] INFO  impl.FollowerInfo (FollowerInfo.java:lambda$new$0(51)) - caa892f0-76ff-4c1e-b30f-b7c59842badc@group-026CFA11C8A1->07a15819-e4fc-4072-82ac-b3e77a99d12a: nextIndex: updateUnconditionally 0 -> 0
2019-10-14 14:43:25,634 [grpc-default-executor-0] INFO  impl.FollowerInfo (FollowerInfo.java:lambda$new$0(51)) - caa892f0-76ff-4c1e-b30f-b7c59842badc@group-382452901537->07a15819-e4fc-4072-82ac-b3e77a99d12a: nextIndex: updateUnconditionally 0 -> 0
]]></system-out>
    <system-err><![CDATA[ERROR StatusLogger No Log4j 2 configuration file found. Using default configuration (logging only errors to the console), or user programmatically provided configurations. Set system property 'log4j2.debug' to show Log4j 2 internal initialization logging. See https://logging.apache.org/log4j/2.x/manual/configuration.html for instructions on how to configure Log4j 2
Oct 14, 2019 2:42:21 PM org.apache.ratis.thirdparty.io.grpc.internal.SerializingExecutor run
SEVERE: Exception while executing runnable org.apache.ratis.thirdparty.io.grpc.internal.ServerImpl$JumpToApplicationThreadServerStreamListener$1Closed@90cbd38
org.apache.ratis.thirdparty.io.grpc.StatusRuntimeException: CANCELLED: call already cancelled
	at org.apache.ratis.thirdparty.io.grpc.Status.asRuntimeException(Status.java:517)
	at org.apache.ratis.thirdparty.io.grpc.stub.ServerCalls$ServerCallStreamObserverImpl.onCompleted(ServerCalls.java:356)
	at org.apache.ratis.grpc.server.GrpcServerProtocolService$ServerRequestStreamObserver.onError(GrpcServerProtocolService.java:121)
	at org.apache.ratis.thirdparty.io.grpc.stub.ServerCalls$StreamingServerCallHandler$StreamingServerCallListener.onCancel(ServerCalls.java:269)
	at org.apache.ratis.thirdparty.io.grpc.internal.ServerCallImpl$ServerStreamListenerImpl.closed(ServerCallImpl.java:293)
	at org.apache.ratis.thirdparty.io.grpc.internal.ServerImpl$JumpToApplicationThreadServerStreamListener$1Closed.runInContext(ServerImpl.java:741)
	at org.apache.ratis.thirdparty.io.grpc.internal.ContextRunnable.run(ContextRunnable.java:37)
	at org.apache.ratis.thirdparty.io.grpc.internal.SerializingExecutor.run(SerializingExecutor.java:123)
	at java.util.concurrent.ThreadPoolExecutor.runWorker(ThreadPoolExecutor.java:1149)
	at java.util.concurrent.ThreadPoolExecutor$Worker.run(ThreadPoolExecutor.java:624)
	at java.lang.Thread.run(Thread.java:748)

Oct 14, 2019 2:42:21 PM org.apache.ratis.thirdparty.io.grpc.internal.SerializingExecutor run
SEVERE: Exception while executing runnable org.apache.ratis.thirdparty.io.grpc.internal.ServerImpl$JumpToApplicationThreadServerStreamListener$1Closed@3229a0ff
org.apache.ratis.thirdparty.io.grpc.StatusRuntimeException: CANCELLED: call already cancelled
	at org.apache.ratis.thirdparty.io.grpc.Status.asRuntimeException(Status.java:517)
	at org.apache.ratis.thirdparty.io.grpc.stub.ServerCalls$ServerCallStreamObserverImpl.onCompleted(ServerCalls.java:356)
	at org.apache.ratis.grpc.server.GrpcServerProtocolService$ServerRequestStreamObserver.onError(GrpcServerProtocolService.java:121)
	at org.apache.ratis.thirdparty.io.grpc.stub.ServerCalls$StreamingServerCallHandler$StreamingServerCallListener.onCancel(ServerCalls.java:269)
	at org.apache.ratis.thirdparty.io.grpc.internal.ServerCallImpl$ServerStreamListenerImpl.closed(ServerCallImpl.java:293)
	at org.apache.ratis.thirdparty.io.grpc.internal.ServerImpl$JumpToApplicationThreadServerStreamListener$1Closed.runInContext(ServerImpl.java:741)
	at org.apache.ratis.thirdparty.io.grpc.internal.ContextRunnable.run(ContextRunnable.java:37)
	at org.apache.ratis.thirdparty.io.grpc.internal.SerializingExecutor.run(SerializingExecutor.java:123)
	at java.util.concurrent.ThreadPoolExecutor.runWorker(ThreadPoolExecutor.java:1149)
	at java.util.concurrent.ThreadPoolExecutor$Worker.run(ThreadPoolExecutor.java:624)
	at java.lang.Thread.run(Thread.java:748)

Oct 14, 2019 2:42:26 PM org.apache.ratis.thirdparty.io.grpc.internal.SerializingExecutor run
SEVERE: Exception while executing runnable org.apache.ratis.thirdparty.io.grpc.internal.ServerImpl$JumpToApplicationThreadServerStreamListener$1Closed@5a7f6467
org.apache.ratis.thirdparty.io.grpc.StatusRuntimeException: CANCELLED: call already cancelled
	at org.apache.ratis.thirdparty.io.grpc.Status.asRuntimeException(Status.java:517)
	at org.apache.ratis.thirdparty.io.grpc.stub.ServerCalls$ServerCallStreamObserverImpl.onCompleted(ServerCalls.java:356)
	at org.apache.ratis.grpc.server.GrpcServerProtocolService$ServerRequestStreamObserver.onError(GrpcServerProtocolService.java:121)
	at org.apache.ratis.thirdparty.io.grpc.stub.ServerCalls$StreamingServerCallHandler$StreamingServerCallListener.onCancel(ServerCalls.java:269)
	at org.apache.ratis.thirdparty.io.grpc.internal.ServerCallImpl$ServerStreamListenerImpl.closed(ServerCallImpl.java:293)
	at org.apache.ratis.thirdparty.io.grpc.internal.ServerImpl$JumpToApplicationThreadServerStreamListener$1Closed.runInContext(ServerImpl.java:741)
	at org.apache.ratis.thirdparty.io.grpc.internal.ContextRunnable.run(ContextRunnable.java:37)
	at org.apache.ratis.thirdparty.io.grpc.internal.SerializingExecutor.run(SerializingExecutor.java:123)
	at java.util.concurrent.ThreadPoolExecutor.runWorker(ThreadPoolExecutor.java:1149)
	at java.util.concurrent.ThreadPoolExecutor$Worker.run(ThreadPoolExecutor.java:624)
	at java.lang.Thread.run(Thread.java:748)

Oct 14, 2019 2:42:26 PM org.apache.ratis.thirdparty.io.grpc.internal.SerializingExecutor run
SEVERE: Exception while executing runnable org.apache.ratis.thirdparty.io.grpc.internal.ServerImpl$JumpToApplicationThreadServerStreamListener$1Closed@2135b0b3
org.apache.ratis.thirdparty.io.grpc.StatusRuntimeException: CANCELLED: call already cancelled
	at org.apache.ratis.thirdparty.io.grpc.Status.asRuntimeException(Status.java:517)
	at org.apache.ratis.thirdparty.io.grpc.stub.ServerCalls$ServerCallStreamObserverImpl.onCompleted(ServerCalls.java:356)
	at org.apache.ratis.grpc.server.GrpcServerProtocolService$ServerRequestStreamObserver.onError(GrpcServerProtocolService.java:121)
	at org.apache.ratis.thirdparty.io.grpc.stub.ServerCalls$StreamingServerCallHandler$StreamingServerCallListener.onCancel(ServerCalls.java:269)
	at org.apache.ratis.thirdparty.io.grpc.internal.ServerCallImpl$ServerStreamListenerImpl.closed(ServerCallImpl.java:293)
	at org.apache.ratis.thirdparty.io.grpc.internal.ServerImpl$JumpToApplicationThreadServerStreamListener$1Closed.runInContext(ServerImpl.java:741)
	at org.apache.ratis.thirdparty.io.grpc.internal.ContextRunnable.run(ContextRunnable.java:37)
	at org.apache.ratis.thirdparty.io.grpc.internal.SerializingExecutor.run(SerializingExecutor.java:123)
	at java.util.concurrent.ThreadPoolExecutor.runWorker(ThreadPoolExecutor.java:1149)
	at java.util.concurrent.ThreadPoolExecutor$Worker.run(ThreadPoolExecutor.java:624)
	at java.lang.Thread.run(Thread.java:748)

Oct 14, 2019 2:42:26 PM org.apache.ratis.thirdparty.io.grpc.internal.SerializingExecutor run
SEVERE: Exception while executing runnable org.apache.ratis.thirdparty.io.grpc.internal.ServerImpl$JumpToApplicationThreadServerStreamListener$1Closed@5b04a25b
org.apache.ratis.thirdparty.io.grpc.StatusRuntimeException: CANCELLED: call already cancelled
	at org.apache.ratis.thirdparty.io.grpc.Status.asRuntimeException(Status.java:517)
	at org.apache.ratis.thirdparty.io.grpc.stub.ServerCalls$ServerCallStreamObserverImpl.onCompleted(ServerCalls.java:356)
	at org.apache.ratis.grpc.server.GrpcServerProtocolService$ServerRequestStreamObserver.onError(GrpcServerProtocolService.java:121)
	at org.apache.ratis.thirdparty.io.grpc.stub.ServerCalls$StreamingServerCallHandler$StreamingServerCallListener.onCancel(ServerCalls.java:269)
	at org.apache.ratis.thirdparty.io.grpc.internal.ServerCallImpl$ServerStreamListenerImpl.closed(ServerCallImpl.java:293)
	at org.apache.ratis.thirdparty.io.grpc.internal.ServerImpl$JumpToApplicationThreadServerStreamListener$1Closed.runInContext(ServerImpl.java:741)
	at org.apache.ratis.thirdparty.io.grpc.internal.ContextRunnable.run(ContextRunnable.java:37)
	at org.apache.ratis.thirdparty.io.grpc.internal.SerializingExecutor.run(SerializingExecutor.java:123)
	at java.util.concurrent.ThreadPoolExecutor.runWorker(ThreadPoolExecutor.java:1149)
	at java.util.concurrent.ThreadPoolExecutor$Worker.run(ThreadPoolExecutor.java:624)
	at java.lang.Thread.run(Thread.java:748)

Oct 14, 2019 2:42:26 PM org.apache.ratis.thirdparty.io.grpc.internal.SerializingExecutor run
SEVERE: Exception while executing runnable org.apache.ratis.thirdparty.io.grpc.internal.ServerImpl$JumpToApplicationThreadServerStreamListener$1Closed@705ba04a
org.apache.ratis.thirdparty.io.grpc.StatusRuntimeException: CANCELLED: call already cancelled
	at org.apache.ratis.thirdparty.io.grpc.Status.asRuntimeException(Status.java:517)
	at org.apache.ratis.thirdparty.io.grpc.stub.ServerCalls$ServerCallStreamObserverImpl.onCompleted(ServerCalls.java:356)
	at org.apache.ratis.grpc.server.GrpcServerProtocolService$ServerRequestStreamObserver.onError(GrpcServerProtocolService.java:121)
	at org.apache.ratis.thirdparty.io.grpc.stub.ServerCalls$StreamingServerCallHandler$StreamingServerCallListener.onCancel(ServerCalls.java:269)
	at org.apache.ratis.thirdparty.io.grpc.internal.ServerCallImpl$ServerStreamListenerImpl.closed(ServerCallImpl.java:293)
	at org.apache.ratis.thirdparty.io.grpc.internal.ServerImpl$JumpToApplicationThreadServerStreamListener$1Closed.runInContext(ServerImpl.java:741)
	at org.apache.ratis.thirdparty.io.grpc.internal.ContextRunnable.run(ContextRunnable.java:37)
	at org.apache.ratis.thirdparty.io.grpc.internal.SerializingExecutor.run(SerializingExecutor.java:123)
	at java.util.concurrent.ThreadPoolExecutor.runWorker(ThreadPoolExecutor.java:1149)
	at java.util.concurrent.ThreadPoolExecutor$Worker.run(ThreadPoolExecutor.java:624)
	at java.lang.Thread.run(Thread.java:748)

Oct 14, 2019 2:42:31 PM org.apache.ratis.thirdparty.io.grpc.internal.SerializingExecutor run
SEVERE: Exception while executing runnable org.apache.ratis.thirdparty.io.grpc.internal.ServerImpl$JumpToApplicationThreadServerStreamListener$1Closed@69639ef
org.apache.ratis.thirdparty.io.grpc.StatusRuntimeException: CANCELLED: call already cancelled
	at org.apache.ratis.thirdparty.io.grpc.Status.asRuntimeException(Status.java:517)
	at org.apache.ratis.thirdparty.io.grpc.stub.ServerCalls$ServerCallStreamObserverImpl.onCompleted(ServerCalls.java:356)
	at org.apache.ratis.grpc.server.GrpcServerProtocolService$ServerRequestStreamObserver.onError(GrpcServerProtocolService.java:121)
	at org.apache.ratis.thirdparty.io.grpc.stub.ServerCalls$StreamingServerCallHandler$StreamingServerCallListener.onCancel(ServerCalls.java:269)
	at org.apache.ratis.thirdparty.io.grpc.internal.ServerCallImpl$ServerStreamListenerImpl.closed(ServerCallImpl.java:293)
	at org.apache.ratis.thirdparty.io.grpc.internal.ServerImpl$JumpToApplicationThreadServerStreamListener$1Closed.runInContext(ServerImpl.java:741)
	at org.apache.ratis.thirdparty.io.grpc.internal.ContextRunnable.run(ContextRunnable.java:37)
	at org.apache.ratis.thirdparty.io.grpc.internal.SerializingExecutor.run(SerializingExecutor.java:123)
	at java.util.concurrent.ThreadPoolExecutor.runWorker(ThreadPoolExecutor.java:1149)
	at java.util.concurrent.ThreadPoolExecutor$Worker.run(ThreadPoolExecutor.java:624)
	at java.lang.Thread.run(Thread.java:748)

Oct 14, 2019 2:42:32 PM org.apache.ratis.thirdparty.io.grpc.internal.SerializingExecutor run
SEVERE: Exception while executing runnable org.apache.ratis.thirdparty.io.grpc.internal.ServerImpl$JumpToApplicationThreadServerStreamListener$1Closed@40592f8c
org.apache.ratis.thirdparty.io.grpc.StatusRuntimeException: CANCELLED: call already cancelled
	at org.apache.ratis.thirdparty.io.grpc.Status.asRuntimeException(Status.java:517)
	at org.apache.ratis.thirdparty.io.grpc.stub.ServerCalls$ServerCallStreamObserverImpl.onCompleted(ServerCalls.java:356)
	at org.apache.ratis.grpc.server.GrpcServerProtocolService$ServerRequestStreamObserver.onError(GrpcServerProtocolService.java:121)
	at org.apache.ratis.thirdparty.io.grpc.stub.ServerCalls$StreamingServerCallHandler$StreamingServerCallListener.onCancel(ServerCalls.java:269)
	at org.apache.ratis.thirdparty.io.grpc.internal.ServerCallImpl$ServerStreamListenerImpl.closed(ServerCallImpl.java:293)
	at org.apache.ratis.thirdparty.io.grpc.internal.ServerImpl$JumpToApplicationThreadServerStreamListener$1Closed.runInContext(ServerImpl.java:741)
	at org.apache.ratis.thirdparty.io.grpc.internal.ContextRunnable.run(ContextRunnable.java:37)
	at org.apache.ratis.thirdparty.io.grpc.internal.SerializingExecutor.run(SerializingExecutor.java:123)
	at java.util.concurrent.ThreadPoolExecutor.runWorker(ThreadPoolExecutor.java:1149)
	at java.util.concurrent.ThreadPoolExecutor$Worker.run(ThreadPoolExecutor.java:624)
	at java.lang.Thread.run(Thread.java:748)

Oct 14, 2019 2:42:32 PM org.apache.ratis.thirdparty.io.grpc.internal.SerializingExecutor run
SEVERE: Exception while executing runnable org.apache.ratis.thirdparty.io.grpc.internal.ServerImpl$JumpToApplicationThreadServerStreamListener$1Closed@9a2d342
org.apache.ratis.thirdparty.io.grpc.StatusRuntimeException: CANCELLED: call already cancelled
	at org.apache.ratis.thirdparty.io.grpc.Status.asRuntimeException(Status.java:517)
	at org.apache.ratis.thirdparty.io.grpc.stub.ServerCalls$ServerCallStreamObserverImpl.onCompleted(ServerCalls.java:356)
	at org.apache.ratis.grpc.server.GrpcServerProtocolService$ServerRequestStreamObserver.onError(GrpcServerProtocolService.java:121)
	at org.apache.ratis.thirdparty.io.grpc.stub.ServerCalls$StreamingServerCallHandler$StreamingServerCallListener.onCancel(ServerCalls.java:269)
	at org.apache.ratis.thirdparty.io.grpc.internal.ServerCallImpl$ServerStreamListenerImpl.closed(ServerCallImpl.java:293)
	at org.apache.ratis.thirdparty.io.grpc.internal.ServerImpl$JumpToApplicationThreadServerStreamListener$1Closed.runInContext(ServerImpl.java:741)
	at org.apache.ratis.thirdparty.io.grpc.internal.ContextRunnable.run(ContextRunnable.java:37)
	at org.apache.ratis.thirdparty.io.grpc.internal.SerializingExecutor.run(SerializingExecutor.java:123)
	at java.util.concurrent.ThreadPoolExecutor.runWorker(ThreadPoolExecutor.java:1149)
	at java.util.concurrent.ThreadPoolExecutor$Worker.run(ThreadPoolExecutor.java:624)
	at java.lang.Thread.run(Thread.java:748)

]]></system-err>
  </testcase>
  <testcase name="testWatchForCommitWithSmallerTimeoutValue" classname="org.apache.hadoop.ozone.client.rpc.TestWatchForCommit" time="47.898"/>
  <testcase name="testWatchForCommitForRetryfailure" classname="org.apache.hadoop.ozone.client.rpc.TestWatchForCommit" time="78.065"/>
  <testcase name="testWatchForCommitForGroupMismatchException" classname="org.apache.hadoop.ozone.client.rpc.TestWatchForCommit" time="38.664"/>
  <testcase name="test2WayCommitForTimeoutException" classname="org.apache.hadoop.ozone.client.rpc.TestWatchForCommit" time="60.702"/>
</testsuite>