<?xml version="1.0" encoding="UTF-8"?>
<testsuite xmlns:xsi="http://www.w3.org/2001/XMLSchema-instance" xsi:noNamespaceSchemaLocation="https://maven.apache.org/surefire/maven-surefire-plugin/xsd/surefire-test-report.xsd" name="org.apache.hadoop.ozone.client.rpc.TestBlockOutputStreamWithFailures" time="677.467" tests="8" errors="0" skipped="0" failures="1">
  <properties>
    <property name="awt.toolkit" value="sun.awt.X11.XToolkit"/>
    <property name="file.encoding.pkg" value="sun.io"/>
    <property name="java.specification.version" value="1.8"/>
    <property name="sun.cpu.isalist" value=""/>
    <property name="sun.jnu.encoding" value="UTF-8"/>
    <property name="java.class.path" value="/workdir/hadoop-ozone/integration-test/target/test-classes:/workdir/hadoop-ozone/integration-test/target/classes:/home/user/.m2/repository/org/apache/hadoop/hadoop-ozone-common/0.5.0-SNAPSHOT/hadoop-ozone-common-0.5.0-SNAPSHOT.jar:/home/user/.m2/repository/org/apache/commons/commons-compress/1.4.1/commons-compress-1.4.1.jar:/home/user/.m2/repository/org/tukaani/xz/1.0/xz-1.0.jar:/home/user/.m2/repository/org/apache/hadoop/hadoop-common/3.2.0/hadoop-common-3.2.0.jar:/home/user/.m2/repository/org/apache/hadoop/hadoop-hdfs/3.2.0/hadoop-hdfs-3.2.0.jar:/home/user/.m2/repository/org/apache/hadoop/hadoop-hdfs-client/3.2.0/hadoop-hdfs-client-3.2.0.jar:/home/user/.m2/repository/com/fasterxml/jackson/core/jackson-annotations/2.9.9/jackson-annotations-2.9.9.jar:/home/user/.m2/repository/org/apache/hadoop/hadoop-hdds-common/0.5.0-SNAPSHOT/hadoop-hdds-common-0.5.0-SNAPSHOT.jar:/home/user/.m2/repository/javax/annotation/javax.annotation-api/1.2/javax.annotation-api-1.2.jar:/home/user/.m2/repository/org/apache/ratis/ratis-server/0.4.0/ratis-server-0.4.0.jar:/home/user/.m2/repository/org/apache/ratis/ratis-thirdparty-misc/0.2.0/ratis-thirdparty-misc-0.2.0.jar:/home/user/.m2/repository/org/apache/ratis/ratis-proto/0.4.0/ratis-proto-0.4.0.jar:/home/user/.m2/repository/org/apache/ratis/ratis-common/0.4.0/ratis-common-0.4.0.jar:/home/user/.m2/repository/org/apache/ratis/ratis-client/0.4.0/ratis-client-0.4.0.jar:/home/user/.m2/repository/org/apache/ratis/ratis-metrics/0.4.0/ratis-metrics-0.4.0.jar:/home/user/.m2/repository/com/github/joshelser/dropwizard-metrics-hadoop-metrics2-reporter/0.1.2/dropwizard-metrics-hadoop-metrics2-reporter-0.1.2.jar:/home/user/.m2/repository/io/dropwizard/metrics/metrics-jvm/3.2.5/metrics-jvm-3.2.5.jar:/home/user/.m2/repository/io/dropwizard/metrics/metrics-ganglia/3.2.5/metrics-ganglia-3.2.5.jar:/home/user/.m2/repository/info/ganglia/gmetric4j/gmetric4j/1.0.7/gmetric4j-1.0.7.jar:/home/user/.m2/repository/org/apache/ratis/ratis-netty/0.4.0/ratis-netty-0.4.0.jar:/home/user/.m2/repository/org/apache/ratis/ratis-grpc/0.4.0/ratis-grpc-0.4.0.jar:/home/user/.m2/repository/org/rocksdb/rocksdbjni/6.0.1/rocksdbjni-6.0.1.jar:/home/user/.m2/repository/org/apache/logging/log4j/log4j-api/2.11.0/log4j-api-2.11.0.jar:/home/user/.m2/repository/org/apache/logging/log4j/log4j-core/2.11.0/log4j-core-2.11.0.jar:/home/user/.m2/repository/com/lmax/disruptor/3.4.2/disruptor-3.4.2.jar:/home/user/.m2/repository/org/apache/commons/commons-pool2/2.6.0/commons-pool2-2.6.0.jar:/home/user/.m2/repository/org/bouncycastle/bcpkix-jdk15on/1.60/bcpkix-jdk15on-1.60.jar:/home/user/.m2/repository/commons-validator/commons-validator/1.6/commons-validator-1.6.jar:/home/user/.m2/repository/commons-digester/commons-digester/1.8.1/commons-digester-1.8.1.jar:/home/user/.m2/repository/io/jaegertracing/jaeger-client/0.34.0/jaeger-client-0.34.0.jar:/home/user/.m2/repository/io/jaegertracing/jaeger-thrift/0.34.0/jaeger-thrift-0.34.0.jar:/home/user/.m2/repository/org/apache/thrift/libthrift/0.12.0/libthrift-0.12.0.jar:/home/user/.m2/repository/com/squareup/okhttp3/okhttp/3.9.0/okhttp-3.9.0.jar:/home/user/.m2/repository/com/squareup/okio/okio/1.13.0/okio-1.13.0.jar:/home/user/.m2/repository/io/jaegertracing/jaeger-core/0.34.0/jaeger-core-0.34.0.jar:/home/user/.m2/repository/io/jaegertracing/jaeger-tracerresolver/0.34.0/jaeger-tracerresolver-0.34.0.jar:/home/user/.m2/repository/io/opentracing/contrib/opentracing-tracerresolver/0.1.5/opentracing-tracerresolver-0.1.5.jar:/home/user/.m2/repository/io/opentracing/opentracing-util/0.31.0/opentracing-util-0.31.0.jar:/home/user/.m2/repository/io/opentracing/opentracing-api/0.31.0/opentracing-api-0.31.0.jar:/home/user/.m2/repository/io/opentracing/opentracing-noop/0.31.0/opentracing-noop-0.31.0.jar:/home/user/.m2/repository/org/apache/hadoop/hadoop-hdds-server-framework/0.5.0-SNAPSHOT/hadoop-hdds-server-framework-0.5.0-SNAPSHOT.jar:/home/user/.m2/repository/org/apache/hadoop/hadoop-hdds-container-service/0.5.0-SNAPSHOT/hadoop-hdds-container-service-0.5.0-SNAPSHOT.jar:/home/user/.m2/repository/org/apache/hadoop/hadoop-hdds-client/0.5.0-SNAPSHOT/hadoop-hdds-client-0.5.0-SNAPSHOT.jar:/home/user/.m2/repository/org/apache/hadoop/hadoop-hdds-tools/0.5.0-SNAPSHOT/hadoop-hdds-tools-0.5.0-SNAPSHOT.jar:/home/user/.m2/repository/org/apache/hadoop/hadoop-hdds-server-scm/0.5.0-SNAPSHOT/hadoop-hdds-server-scm-0.5.0-SNAPSHOT.jar:/home/user/.m2/repository/org/apache/hadoop/hadoop-hdds-docs/0.5.0-SNAPSHOT/hadoop-hdds-docs-0.5.0-SNAPSHOT.jar:/home/user/.m2/repository/io/dropwizard/metrics/metrics-core/3.2.4/metrics-core-3.2.4.jar:/home/user/.m2/repository/org/hamcrest/hamcrest-all/1.3/hamcrest-all-1.3.jar:/home/user/.m2/repository/org/bouncycastle/bcprov-jdk15on/1.60/bcprov-jdk15on-1.60.jar:/home/user/.m2/repository/info/picocli/picocli/3.9.6/picocli-3.9.6.jar:/home/user/.m2/repository/com/google/protobuf/protobuf-java/2.5.0/protobuf-java-2.5.0.jar:/home/user/.m2/repository/com/google/guava/guava/11.0.2/guava-11.0.2.jar:/home/user/.m2/repository/org/apache/hadoop/hadoop-ozone-ozone-manager/0.5.0-SNAPSHOT/hadoop-ozone-ozone-manager-0.5.0-SNAPSHOT.jar:/home/user/.m2/repository/org/apache/hadoop/hadoop-minikdc/3.2.0/hadoop-minikdc-3.2.0.jar:/home/user/.m2/repository/commons-io/commons-io/2.5/commons-io-2.5.jar:/home/user/.m2/repository/org/apache/kerby/kerb-simplekdc/1.0.1/kerb-simplekdc-1.0.1.jar:/home/user/.m2/repository/org/apache/kerby/kerb-client/1.0.1/kerb-client-1.0.1.jar:/home/user/.m2/repository/org/apache/kerby/kerby-config/1.0.1/kerby-config-1.0.1.jar:/home/user/.m2/repository/org/apache/kerby/kerb-core/1.0.1/kerb-core-1.0.1.jar:/home/user/.m2/repository/org/apache/kerby/kerby-pkix/1.0.1/kerby-pkix-1.0.1.jar:/home/user/.m2/repository/org/apache/kerby/kerby-asn1/1.0.1/kerby-asn1-1.0.1.jar:/home/user/.m2/repository/org/apache/kerby/kerby-util/1.0.1/kerby-util-1.0.1.jar:/home/user/.m2/repository/org/apache/kerby/kerb-common/1.0.1/kerb-common-1.0.1.jar:/home/user/.m2/repository/org/apache/kerby/kerb-crypto/1.0.1/kerb-crypto-1.0.1.jar:/home/user/.m2/repository/org/apache/kerby/kerb-util/1.0.1/kerb-util-1.0.1.jar:/home/user/.m2/repository/org/apache/kerby/token-provider/1.0.1/token-provider-1.0.1.jar:/home/user/.m2/repository/org/apache/kerby/kerb-admin/1.0.1/kerb-admin-1.0.1.jar:/home/user/.m2/repository/org/apache/kerby/kerb-server/1.0.1/kerb-server-1.0.1.jar:/home/user/.m2/repository/org/apache/kerby/kerb-identity/1.0.1/kerb-identity-1.0.1.jar:/home/user/.m2/repository/org/apache/kerby/kerby-xdr/1.0.1/kerby-xdr-1.0.1.jar:/home/user/.m2/repository/org/slf4j/slf4j-log4j12/1.7.25/slf4j-log4j12-1.7.25.jar:/home/user/.m2/repository/org/apache/hadoop/hadoop-ozone-s3gateway/0.5.0-SNAPSHOT/hadoop-ozone-s3gateway-0.5.0-SNAPSHOT.jar:/home/user/.m2/repository/org/jboss/weld/servlet/weld-servlet/2.4.7.Final/weld-servlet-2.4.7.Final.jar:/home/user/.m2/repository/org/glassfish/jersey/containers/jersey-container-servlet-core/2.27/jersey-container-servlet-core-2.27.jar:/home/user/.m2/repository/org/glassfish/hk2/external/javax.inject/2.5.0-b42/javax.inject-2.5.0-b42.jar:/home/user/.m2/repository/org/glassfish/jersey/core/jersey-common/2.27/jersey-common-2.27.jar:/home/user/.m2/repository/org/glassfish/hk2/osgi-resource-locator/1.0.1/osgi-resource-locator-1.0.1.jar:/home/user/.m2/repository/javax/ws/rs/javax.ws.rs-api/2.1/javax.ws.rs-api-2.1.jar:/home/user/.m2/repository/org/glassfish/jersey/ext/cdi/jersey-cdi1x/2.27/jersey-cdi1x-2.27.jar:/home/user/.m2/repository/org/glassfish/jersey/inject/jersey-hk2/2.27/jersey-hk2-2.27.jar:/home/user/.m2/repository/org/glassfish/hk2/hk2-locator/2.5.0-b42/hk2-locator-2.5.0-b42.jar:/home/user/.m2/repository/org/javassist/javassist/3.22.0-CR2/javassist-3.22.0-CR2.jar:/home/user/.m2/repository/org/glassfish/hk2/hk2-api/2.5.0/hk2-api-2.5.0.jar:/home/user/.m2/repository/org/glassfish/hk2/external/jakarta.inject/2.5.0/jakarta.inject-2.5.0.jar:/home/user/.m2/repository/org/glassfish/hk2/hk2-utils/2.5.0/hk2-utils-2.5.0.jar:/home/user/.m2/repository/jakarta/annotation/jakarta.annotation-api/1.3.4/jakarta.annotation-api-1.3.4.jar:/home/user/.m2/repository/org/glassfish/hk2/external/aopalliance-repackaged/2.5.0/aopalliance-repackaged-2.5.0.jar:/home/user/.m2/repository/com/fasterxml/jackson/dataformat/jackson-dataformat-xml/2.9.0/jackson-dataformat-xml-2.9.0.jar:/home/user/.m2/repository/com/fasterxml/jackson/core/jackson-core/2.9.9/jackson-core-2.9.9.jar:/home/user/.m2/repository/com/fasterxml/jackson/module/jackson-module-jaxb-annotations/2.9.9/jackson-module-jaxb-annotations-2.9.9.jar:/home/user/.m2/repository/javax/enterprise/cdi-api/1.2/cdi-api-1.2.jar:/home/user/.m2/repository/javax/el/javax.el-api/3.0.0/javax.el-api-3.0.0.jar:/home/user/.m2/repository/javax/interceptor/javax.interceptor-api/1.2/javax.interceptor-api-1.2.jar:/home/user/.m2/repository/javax/inject/javax.inject/1/javax.inject-1.jar:/home/user/.m2/repository/com/sun/xml/bind/jaxb-impl/2.3.0.1/jaxb-impl-2.3.0.1.jar:/home/user/.m2/repository/com/sun/xml/bind/jaxb-core/2.3.0.1/jaxb-core-2.3.0.1.jar:/home/user/.m2/repository/javax/xml/bind/jaxb-api/2.3.0/jaxb-api-2.3.0.jar:/home/user/.m2/repository/javax/activation/activation/1.1.1/activation-1.1.1.jar:/home/user/.m2/repository/org/apache/hadoop/hadoop-ozone-csi/0.5.0-SNAPSHOT/hadoop-ozone-csi-0.5.0-SNAPSHOT.jar:/home/user/.m2/repository/com/google/protobuf/protobuf-java-util/3.5.1/protobuf-java-util-3.5.1.jar:/home/user/.m2/repository/org/apache/hadoop/hadoop-hdds-config/0.5.0-SNAPSHOT/hadoop-hdds-config-0.5.0-SNAPSHOT.jar:/home/user/.m2/repository/io/grpc/grpc-netty/1.17.1/grpc-netty-1.17.1.jar:/home/user/.m2/repository/io/grpc/grpc-core/1.17.1/grpc-core-1.17.1.jar:/home/user/.m2/repository/io/grpc/grpc-context/1.17.1/grpc-context-1.17.1.jar:/home/user/.m2/repository/com/google/errorprone/error_prone_annotations/2.2.0/error_prone_annotations-2.2.0.jar:/home/user/.m2/repository/org/codehaus/mojo/animal-sniffer-annotations/1.17/animal-sniffer-annotations-1.17.jar:/home/user/.m2/repository/io/opencensus/opencensus-api/0.17.0/opencensus-api-0.17.0.jar:/home/user/.m2/repository/io/opencensus/opencensus-contrib-grpc-metrics/0.17.0/opencensus-contrib-grpc-metrics-0.17.0.jar:/home/user/.m2/repository/io/netty/netty-codec-http2/4.1.30.Final/netty-codec-http2-4.1.30.Final.jar:/home/user/.m2/repository/io/netty/netty-codec-http/4.1.30.Final/netty-codec-http-4.1.30.Final.jar:/home/user/.m2/repository/io/netty/netty-codec/4.1.30.Final/netty-codec-4.1.30.Final.jar:/home/user/.m2/repository/io/netty/netty-handler/4.1.30.Final/netty-handler-4.1.30.Final.jar:/home/user/.m2/repository/io/netty/netty-handler-proxy/4.1.30.Final/netty-handler-proxy-4.1.30.Final.jar:/home/user/.m2/repository/io/netty/netty-codec-socks/4.1.30.Final/netty-codec-socks-4.1.30.Final.jar:/home/user/.m2/repository/io/netty/netty-transport-native-epoll/4.1.30.Final/netty-transport-native-epoll-4.1.30.Final.jar:/home/user/.m2/repository/io/netty/netty-common/4.1.30.Final/netty-common-4.1.30.Final.jar:/home/user/.m2/repository/io/netty/netty-buffer/4.1.30.Final/netty-buffer-4.1.30.Final.jar:/home/user/.m2/repository/io/netty/netty-transport/4.1.30.Final/netty-transport-4.1.30.Final.jar:/home/user/.m2/repository/io/netty/netty-resolver/4.1.30.Final/netty-resolver-4.1.30.Final.jar:/home/user/.m2/repository/io/netty/netty-transport-native-unix-common/4.1.30.Final/netty-transport-native-unix-common-4.1.30.Final.jar:/home/user/.m2/repository/io/grpc/grpc-protobuf/1.17.1/grpc-protobuf-1.17.1.jar:/home/user/.m2/repository/com/google/api/grpc/proto-google-common-protos/1.0.0/proto-google-common-protos-1.0.0.jar:/home/user/.m2/repository/io/grpc/grpc-protobuf-lite/1.17.1/grpc-protobuf-lite-1.17.1.jar:/home/user/.m2/repository/io/grpc/grpc-stub/1.17.1/grpc-stub-1.17.1.jar:/home/user/.m2/repository/org/apache/hadoop/hadoop-ozone-recon/0.5.0-SNAPSHOT/hadoop-ozone-recon-0.5.0-SNAPSHOT.jar:/home/user/.m2/repository/org/apache/hadoop/hadoop-ozone-reconcodegen/0.5.0-SNAPSHOT/hadoop-ozone-reconcodegen-0.5.0-SNAPSHOT.jar:/home/user/.m2/repository/com/google/inject/extensions/guice-multibindings/4.0/guice-multibindings-4.0.jar:/home/user/.m2/repository/com/google/inject/guice/4.0/guice-4.0.jar:/home/user/.m2/repository/aopalliance/aopalliance/1.0/aopalliance-1.0.jar:/home/user/.m2/repository/com/google/inject/extensions/guice-servlet/4.0/guice-servlet-4.0.jar:/home/user/.m2/repository/org/glassfish/jersey/containers/jersey-container-servlet/2.27/jersey-container-servlet-2.27.jar:/home/user/.m2/repository/org/glassfish/hk2/guice-bridge/2.5.0/guice-bridge-2.5.0.jar:/home/user/.m2/repository/org/glassfish/jersey/core/jersey-server/2.27/jersey-server-2.27.jar:/home/user/.m2/repository/org/glassfish/jersey/core/jersey-client/2.27/jersey-client-2.27.jar:/home/user/.m2/repository/org/glassfish/jersey/media/jersey-media-jaxb/2.27/jersey-media-jaxb-2.27.jar:/home/user/.m2/repository/javax/validation/validation-api/1.1.0.Final/validation-api-1.1.0.Final.jar:/home/user/.m2/repository/org/glassfish/jersey/media/jersey-media-json-jackson/2.27/jersey-media-json-jackson-2.27.jar:/home/user/.m2/repository/org/glassfish/jersey/ext/jersey-entity-filtering/2.27/jersey-entity-filtering-2.27.jar:/home/user/.m2/repository/com/google/inject/extensions/guice-assistedinject/4.0/guice-assistedinject-4.0.jar:/home/user/.m2/repository/org/jooq/jooq/3.11.10/jooq-3.11.10.jar:/home/user/.m2/repository/org/jooq/jooq-meta/3.11.10/jooq-meta-3.11.10.jar:/home/user/.m2/repository/org/jooq/jooq-codegen/3.11.10/jooq-codegen-3.11.10.jar:/home/user/.m2/repository/com/jolbox/bonecp/0.8.0.RELEASE/bonecp-0.8.0.RELEASE.jar:/home/user/.m2/repository/org/xerial/sqlite-jdbc/3.25.2/sqlite-jdbc-3.25.2.jar:/home/user/.m2/repository/org/springframework/spring-jdbc/5.1.3.RELEASE/spring-jdbc-5.1.3.RELEASE.jar:/home/user/.m2/repository/org/springframework/spring-beans/5.1.3.RELEASE/spring-beans-5.1.3.RELEASE.jar:/home/user/.m2/repository/org/springframework/spring-core/5.1.3.RELEASE/spring-core-5.1.3.RELEASE.jar:/home/user/.m2/repository/org/springframework/spring-jcl/5.1.3.RELEASE/spring-jcl-5.1.3.RELEASE.jar:/home/user/.m2/repository/org/springframework/spring-tx/5.1.3.RELEASE/spring-tx-5.1.3.RELEASE.jar:/home/user/.m2/repository/org/apache/hadoop/hadoop-ozone-client/0.5.0-SNAPSHOT/hadoop-ozone-client-0.5.0-SNAPSHOT.jar:/home/user/.m2/repository/commons-lang/commons-lang/2.6/commons-lang-2.6.jar:/home/user/.m2/repository/org/apache/hadoop/hadoop-ozone-ozone-manager/0.5.0-SNAPSHOT/hadoop-ozone-ozone-manager-0.5.0-SNAPSHOT-tests.jar:/home/user/.m2/repository/junit/junit/4.11/junit-4.11.jar:/home/user/.m2/repository/org/hamcrest/hamcrest-core/1.3/hamcrest-core-1.3.jar:/home/user/.m2/repository/org/openjdk/jmh/jmh-core/1.19/jmh-core-1.19.jar:/home/user/.m2/repository/net/sf/jopt-simple/jopt-simple/4.6/jopt-simple-4.6.jar:/home/user/.m2/repository/org/apache/commons/commons-math3/3.1.1/commons-math3-3.1.1.jar:/home/user/.m2/repository/org/openjdk/jmh/jmh-generator-annprocess/1.19/jmh-generator-annprocess-1.19.jar:/home/user/.m2/repository/org/mockito/mockito-all/1.8.5/mockito-all-1.8.5.jar:/home/user/.m2/repository/org/apache/hadoop/hadoop-kms/3.2.0/hadoop-kms-3.2.0.jar:/home/user/.m2/repository/org/apache/hadoop/hadoop-auth/3.2.0/hadoop-auth-3.2.0.jar:/home/user/.m2/repository/com/nimbusds/nimbus-jose-jwt/4.41.1/nimbus-jose-jwt-4.41.1.jar:/home/user/.m2/repository/com/github/stephenc/jcip/jcip-annotations/1.0-1/jcip-annotations-1.0-1.jar:/home/user/.m2/repository/net/minidev/json-smart/2.3/json-smart-2.3.jar:/home/user/.m2/repository/net/minidev/accessors-smart/1.2/accessors-smart-1.2.jar:/home/user/.m2/repository/org/ow2/asm/asm/5.0.4/asm-5.0.4.jar:/home/user/.m2/repository/org/apache/curator/curator-framework/2.12.0/curator-framework-2.12.0.jar:/home/user/.m2/repository/com/sun/jersey/jersey-core/1.19/jersey-core-1.19.jar:/home/user/.m2/repository/javax/ws/rs/jsr311-api/1.1.1/jsr311-api-1.1.1.jar:/home/user/.m2/repository/com/sun/jersey/jersey-server/1.19/jersey-server-1.19.jar:/home/user/.m2/repository/javax/servlet/javax.servlet-api/3.1.0/javax.servlet-api-3.1.0.jar:/home/user/.m2/repository/org/eclipse/jetty/jetty-server/9.3.25.v20180904/jetty-server-9.3.25.v20180904.jar:/home/user/.m2/repository/org/eclipse/jetty/jetty-http/9.3.25.v20180904/jetty-http-9.3.25.v20180904.jar:/home/user/.m2/repository/org/eclipse/jetty/jetty-io/9.3.25.v20180904/jetty-io-9.3.25.v20180904.jar:/home/user/.m2/repository/org/eclipse/jetty/jetty-webapp/9.3.25.v20180904/jetty-webapp-9.3.25.v20180904.jar:/home/user/.m2/repository/org/eclipse/jetty/jetty-xml/9.3.25.v20180904/jetty-xml-9.3.25.v20180904.jar:/home/user/.m2/repository/log4j/log4j/1.2.17/log4j-1.2.17.jar:/home/user/.m2/repository/org/slf4j/slf4j-api/1.7.25/slf4j-api-1.7.25.jar:/home/user/.m2/repository/org/slf4j/jul-to-slf4j/1.7.25/jul-to-slf4j-1.7.25.jar:/home/user/.m2/repository/org/eclipse/jetty/jetty-util/9.3.25.v20180904/jetty-util-9.3.25.v20180904.jar:/home/user/.m2/repository/com/fasterxml/jackson/core/jackson-databind/2.9.9/jackson-databind-2.9.9.jar:/home/user/.m2/repository/org/apache/hadoop/hadoop-kms/3.2.0/hadoop-kms-3.2.0-tests.jar:/home/user/.m2/repository/org/apache/hadoop/hadoop-hdds-server-scm/0.5.0-SNAPSHOT/hadoop-hdds-server-scm-0.5.0-SNAPSHOT-tests.jar:/home/user/.m2/repository/org/apache/hadoop/hadoop-hdds-container-service/0.5.0-SNAPSHOT/hadoop-hdds-container-service-0.5.0-SNAPSHOT-tests.jar:/home/user/.m2/repository/org/yaml/snakeyaml/1.16/snakeyaml-1.16.jar:/home/user/.m2/repository/org/apache/hadoop/hadoop-common/3.2.0/hadoop-common-3.2.0-tests.jar:/home/user/.m2/repository/org/apache/hadoop/hadoop-annotations/3.2.0/hadoop-annotations-3.2.0.jar:/usr/lib/jvm/java-1.8-openjdk/jre/../lib/tools.jar:/home/user/.m2/repository/commons-cli/commons-cli/1.2/commons-cli-1.2.jar:/home/user/.m2/repository/org/apache/httpcomponents/httpclient/4.5.2/httpclient-4.5.2.jar:/home/user/.m2/repository/org/apache/httpcomponents/httpcore/4.4.4/httpcore-4.4.4.jar:/home/user/.m2/repository/commons-codec/commons-codec/1.11/commons-codec-1.11.jar:/home/user/.m2/repository/commons-net/commons-net/3.6/commons-net-3.6.jar:/home/user/.m2/repository/commons-collections/commons-collections/3.2.2/commons-collections-3.2.2.jar:/home/user/.m2/repository/org/eclipse/jetty/jetty-servlet/9.3.25.v20180904/jetty-servlet-9.3.25.v20180904.jar:/home/user/.m2/repository/org/eclipse/jetty/jetty-security/9.3.25.v20180904/jetty-security-9.3.25.v20180904.jar:/home/user/.m2/repository/javax/servlet/jsp/jsp-api/2.1/jsp-api-2.1.jar:/home/user/.m2/repository/com/sun/jersey/jersey-servlet/1.19/jersey-servlet-1.19.jar:/home/user/.m2/repository/com/sun/jersey/jersey-json/1.19/jersey-json-1.19.jar:/home/user/.m2/repository/org/codehaus/jettison/jettison/1.1/jettison-1.1.jar:/home/user/.m2/repository/org/codehaus/jackson/jackson-core-asl/1.9.13/jackson-core-asl-1.9.13.jar:/home/user/.m2/repository/org/codehaus/jackson/jackson-mapper-asl/1.9.13/jackson-mapper-asl-1.9.13.jar:/home/user/.m2/repository/org/codehaus/jackson/jackson-jaxrs/1.9.13/jackson-jaxrs-1.9.13.jar:/home/user/.m2/repository/org/codehaus/jackson/jackson-xc/1.9.13/jackson-xc-1.9.13.jar:/home/user/.m2/repository/commons-logging/commons-logging/1.1.3/commons-logging-1.1.3.jar:/home/user/.m2/repository/commons-beanutils/commons-beanutils/1.9.4/commons-beanutils-1.9.4.jar:/home/user/.m2/repository/org/apache/commons/commons-configuration2/2.1.1/commons-configuration2-2.1.1.jar:/home/user/.m2/repository/org/apache/commons/commons-lang3/3.7/commons-lang3-3.7.jar:/home/user/.m2/repository/org/apache/commons/commons-text/1.4/commons-text-1.4.jar:/home/user/.m2/repository/org/apache/avro/avro/1.7.7/avro-1.7.7.jar:/home/user/.m2/repository/com/thoughtworks/paranamer/paranamer/2.3/paranamer-2.3.jar:/home/user/.m2/repository/org/xerial/snappy/snappy-java/1.0.5/snappy-java-1.0.5.jar:/home/user/.m2/repository/com/google/re2j/re2j/1.1/re2j-1.1.jar:/home/user/.m2/repository/com/google/code/gson/gson/2.2.4/gson-2.2.4.jar:/home/user/.m2/repository/com/jcraft/jsch/0.1.54/jsch-0.1.54.jar:/home/user/.m2/repository/org/apache/curator/curator-client/2.12.0/curator-client-2.12.0.jar:/home/user/.m2/repository/org/apache/curator/curator-recipes/2.12.0/curator-recipes-2.12.0.jar:/home/user/.m2/repository/com/google/code/findbugs/jsr305/3.0.0/jsr305-3.0.0.jar:/home/user/.m2/repository/org/apache/htrace/htrace-core4/4.1.0-incubating/htrace-core4-4.1.0-incubating.jar:/home/user/.m2/repository/org/apache/zookeeper/zookeeper/3.4.13/zookeeper-3.4.13.jar:/home/user/.m2/repository/jline/jline/0.9.94/jline-0.9.94.jar:/home/user/.m2/repository/org/apache/yetus/audience-annotations/0.5.0/audience-annotations-0.5.0.jar:/home/user/.m2/repository/org/codehaus/woodstox/stax2-api/3.1.4/stax2-api-3.1.4.jar:/home/user/.m2/repository/com/fasterxml/woodstox/woodstox-core/5.0.3/woodstox-core-5.0.3.jar:/home/user/.m2/repository/dnsjava/dnsjava/2.1.7/dnsjava-2.1.7.jar:/home/user/.m2/repository/org/apache/hadoop/hadoop-hdfs/3.2.0/hadoop-hdfs-3.2.0-tests.jar:/home/user/.m2/repository/org/eclipse/jetty/jetty-util-ajax/9.3.25.v20180904/jetty-util-ajax-9.3.25.v20180904.jar:/home/user/.m2/repository/commons-daemon/commons-daemon/1.0.13/commons-daemon-1.0.13.jar:/home/user/.m2/repository/io/netty/netty/3.10.5.Final/netty-3.10.5.Final.jar:/home/user/.m2/repository/io/netty/netty-all/4.0.52.Final/netty-all-4.0.52.Final.jar:/home/user/.m2/repository/org/fusesource/leveldbjni/leveldbjni-all/1.8/leveldbjni-all-1.8.jar:"/>
    <property name="java.vm.vendor" value="IcedTea"/>
    <property name="sun.arch.data.model" value="64"/>
    <property name="test.build.dir" value="/workdir/hadoop-ozone/integration-test/target/test-dir"/>
    <property name="test.cache.data" value=""/>
    <property name="java.vendor.url" value="https://icedtea.classpath.org"/>
    <property name="user.timezone" value=""/>
    <property name="java.vm.specification.version" value="1.8"/>
    <property name="os.name" value="Linux"/>
    <property name="test.build.data" value="/workdir/hadoop-ozone/integration-test/target/test-dir"/>
    <property name="user.country" value="US"/>
    <property name="sun.java.launcher" value="SUN_STANDARD"/>
    <property name="sun.boot.library.path" value="/usr/lib/jvm/java-1.8-openjdk/jre/lib/amd64"/>
    <property name="sun.java.command" value="/workdir/hadoop-ozone/integration-test/target/surefire/surefirebooter9078010222140631396.jar /workdir/hadoop-ozone/integration-test/target/surefire 2019-10-14T14-26-17_211-jvmRun1 surefire7362271447931366511tmp surefire_224833219529691651905tmp"/>
    <property name="test" value="!TestMiniChaosOzoneCluster"/>
    <property name="surefire.test.class.path" value="/workdir/hadoop-ozone/integration-test/target/test-classes:/workdir/hadoop-ozone/integration-test/target/classes:/home/user/.m2/repository/org/apache/hadoop/hadoop-ozone-common/0.5.0-SNAPSHOT/hadoop-ozone-common-0.5.0-SNAPSHOT.jar:/home/user/.m2/repository/org/apache/commons/commons-compress/1.4.1/commons-compress-1.4.1.jar:/home/user/.m2/repository/org/tukaani/xz/1.0/xz-1.0.jar:/home/user/.m2/repository/org/apache/hadoop/hadoop-common/3.2.0/hadoop-common-3.2.0.jar:/home/user/.m2/repository/org/apache/hadoop/hadoop-hdfs/3.2.0/hadoop-hdfs-3.2.0.jar:/home/user/.m2/repository/org/apache/hadoop/hadoop-hdfs-client/3.2.0/hadoop-hdfs-client-3.2.0.jar:/home/user/.m2/repository/com/fasterxml/jackson/core/jackson-annotations/2.9.9/jackson-annotations-2.9.9.jar:/home/user/.m2/repository/org/apache/hadoop/hadoop-hdds-common/0.5.0-SNAPSHOT/hadoop-hdds-common-0.5.0-SNAPSHOT.jar:/home/user/.m2/repository/javax/annotation/javax.annotation-api/1.2/javax.annotation-api-1.2.jar:/home/user/.m2/repository/org/apache/ratis/ratis-server/0.4.0/ratis-server-0.4.0.jar:/home/user/.m2/repository/org/apache/ratis/ratis-thirdparty-misc/0.2.0/ratis-thirdparty-misc-0.2.0.jar:/home/user/.m2/repository/org/apache/ratis/ratis-proto/0.4.0/ratis-proto-0.4.0.jar:/home/user/.m2/repository/org/apache/ratis/ratis-common/0.4.0/ratis-common-0.4.0.jar:/home/user/.m2/repository/org/apache/ratis/ratis-client/0.4.0/ratis-client-0.4.0.jar:/home/user/.m2/repository/org/apache/ratis/ratis-metrics/0.4.0/ratis-metrics-0.4.0.jar:/home/user/.m2/repository/com/github/joshelser/dropwizard-metrics-hadoop-metrics2-reporter/0.1.2/dropwizard-metrics-hadoop-metrics2-reporter-0.1.2.jar:/home/user/.m2/repository/io/dropwizard/metrics/metrics-jvm/3.2.5/metrics-jvm-3.2.5.jar:/home/user/.m2/repository/io/dropwizard/metrics/metrics-ganglia/3.2.5/metrics-ganglia-3.2.5.jar:/home/user/.m2/repository/info/ganglia/gmetric4j/gmetric4j/1.0.7/gmetric4j-1.0.7.jar:/home/user/.m2/repository/org/apache/ratis/ratis-netty/0.4.0/ratis-netty-0.4.0.jar:/home/user/.m2/repository/org/apache/ratis/ratis-grpc/0.4.0/ratis-grpc-0.4.0.jar:/home/user/.m2/repository/org/rocksdb/rocksdbjni/6.0.1/rocksdbjni-6.0.1.jar:/home/user/.m2/repository/org/apache/logging/log4j/log4j-api/2.11.0/log4j-api-2.11.0.jar:/home/user/.m2/repository/org/apache/logging/log4j/log4j-core/2.11.0/log4j-core-2.11.0.jar:/home/user/.m2/repository/com/lmax/disruptor/3.4.2/disruptor-3.4.2.jar:/home/user/.m2/repository/org/apache/commons/commons-pool2/2.6.0/commons-pool2-2.6.0.jar:/home/user/.m2/repository/org/bouncycastle/bcpkix-jdk15on/1.60/bcpkix-jdk15on-1.60.jar:/home/user/.m2/repository/commons-validator/commons-validator/1.6/commons-validator-1.6.jar:/home/user/.m2/repository/commons-digester/commons-digester/1.8.1/commons-digester-1.8.1.jar:/home/user/.m2/repository/io/jaegertracing/jaeger-client/0.34.0/jaeger-client-0.34.0.jar:/home/user/.m2/repository/io/jaegertracing/jaeger-thrift/0.34.0/jaeger-thrift-0.34.0.jar:/home/user/.m2/repository/org/apache/thrift/libthrift/0.12.0/libthrift-0.12.0.jar:/home/user/.m2/repository/com/squareup/okhttp3/okhttp/3.9.0/okhttp-3.9.0.jar:/home/user/.m2/repository/com/squareup/okio/okio/1.13.0/okio-1.13.0.jar:/home/user/.m2/repository/io/jaegertracing/jaeger-core/0.34.0/jaeger-core-0.34.0.jar:/home/user/.m2/repository/io/jaegertracing/jaeger-tracerresolver/0.34.0/jaeger-tracerresolver-0.34.0.jar:/home/user/.m2/repository/io/opentracing/contrib/opentracing-tracerresolver/0.1.5/opentracing-tracerresolver-0.1.5.jar:/home/user/.m2/repository/io/opentracing/opentracing-util/0.31.0/opentracing-util-0.31.0.jar:/home/user/.m2/repository/io/opentracing/opentracing-api/0.31.0/opentracing-api-0.31.0.jar:/home/user/.m2/repository/io/opentracing/opentracing-noop/0.31.0/opentracing-noop-0.31.0.jar:/home/user/.m2/repository/org/apache/hadoop/hadoop-hdds-server-framework/0.5.0-SNAPSHOT/hadoop-hdds-server-framework-0.5.0-SNAPSHOT.jar:/home/user/.m2/repository/org/apache/hadoop/hadoop-hdds-container-service/0.5.0-SNAPSHOT/hadoop-hdds-container-service-0.5.0-SNAPSHOT.jar:/home/user/.m2/repository/org/apache/hadoop/hadoop-hdds-client/0.5.0-SNAPSHOT/hadoop-hdds-client-0.5.0-SNAPSHOT.jar:/home/user/.m2/repository/org/apache/hadoop/hadoop-hdds-tools/0.5.0-SNAPSHOT/hadoop-hdds-tools-0.5.0-SNAPSHOT.jar:/home/user/.m2/repository/org/apache/hadoop/hadoop-hdds-server-scm/0.5.0-SNAPSHOT/hadoop-hdds-server-scm-0.5.0-SNAPSHOT.jar:/home/user/.m2/repository/org/apache/hadoop/hadoop-hdds-docs/0.5.0-SNAPSHOT/hadoop-hdds-docs-0.5.0-SNAPSHOT.jar:/home/user/.m2/repository/io/dropwizard/metrics/metrics-core/3.2.4/metrics-core-3.2.4.jar:/home/user/.m2/repository/org/hamcrest/hamcrest-all/1.3/hamcrest-all-1.3.jar:/home/user/.m2/repository/org/bouncycastle/bcprov-jdk15on/1.60/bcprov-jdk15on-1.60.jar:/home/user/.m2/repository/info/picocli/picocli/3.9.6/picocli-3.9.6.jar:/home/user/.m2/repository/com/google/protobuf/protobuf-java/2.5.0/protobuf-java-2.5.0.jar:/home/user/.m2/repository/com/google/guava/guava/11.0.2/guava-11.0.2.jar:/home/user/.m2/repository/org/apache/hadoop/hadoop-ozone-ozone-manager/0.5.0-SNAPSHOT/hadoop-ozone-ozone-manager-0.5.0-SNAPSHOT.jar:/home/user/.m2/repository/org/apache/hadoop/hadoop-minikdc/3.2.0/hadoop-minikdc-3.2.0.jar:/home/user/.m2/repository/commons-io/commons-io/2.5/commons-io-2.5.jar:/home/user/.m2/repository/org/apache/kerby/kerb-simplekdc/1.0.1/kerb-simplekdc-1.0.1.jar:/home/user/.m2/repository/org/apache/kerby/kerb-client/1.0.1/kerb-client-1.0.1.jar:/home/user/.m2/repository/org/apache/kerby/kerby-config/1.0.1/kerby-config-1.0.1.jar:/home/user/.m2/repository/org/apache/kerby/kerb-core/1.0.1/kerb-core-1.0.1.jar:/home/user/.m2/repository/org/apache/kerby/kerby-pkix/1.0.1/kerby-pkix-1.0.1.jar:/home/user/.m2/repository/org/apache/kerby/kerby-asn1/1.0.1/kerby-asn1-1.0.1.jar:/home/user/.m2/repository/org/apache/kerby/kerby-util/1.0.1/kerby-util-1.0.1.jar:/home/user/.m2/repository/org/apache/kerby/kerb-common/1.0.1/kerb-common-1.0.1.jar:/home/user/.m2/repository/org/apache/kerby/kerb-crypto/1.0.1/kerb-crypto-1.0.1.jar:/home/user/.m2/repository/org/apache/kerby/kerb-util/1.0.1/kerb-util-1.0.1.jar:/home/user/.m2/repository/org/apache/kerby/token-provider/1.0.1/token-provider-1.0.1.jar:/home/user/.m2/repository/org/apache/kerby/kerb-admin/1.0.1/kerb-admin-1.0.1.jar:/home/user/.m2/repository/org/apache/kerby/kerb-server/1.0.1/kerb-server-1.0.1.jar:/home/user/.m2/repository/org/apache/kerby/kerb-identity/1.0.1/kerb-identity-1.0.1.jar:/home/user/.m2/repository/org/apache/kerby/kerby-xdr/1.0.1/kerby-xdr-1.0.1.jar:/home/user/.m2/repository/org/slf4j/slf4j-log4j12/1.7.25/slf4j-log4j12-1.7.25.jar:/home/user/.m2/repository/org/apache/hadoop/hadoop-ozone-s3gateway/0.5.0-SNAPSHOT/hadoop-ozone-s3gateway-0.5.0-SNAPSHOT.jar:/home/user/.m2/repository/org/jboss/weld/servlet/weld-servlet/2.4.7.Final/weld-servlet-2.4.7.Final.jar:/home/user/.m2/repository/org/glassfish/jersey/containers/jersey-container-servlet-core/2.27/jersey-container-servlet-core-2.27.jar:/home/user/.m2/repository/org/glassfish/hk2/external/javax.inject/2.5.0-b42/javax.inject-2.5.0-b42.jar:/home/user/.m2/repository/org/glassfish/jersey/core/jersey-common/2.27/jersey-common-2.27.jar:/home/user/.m2/repository/org/glassfish/hk2/osgi-resource-locator/1.0.1/osgi-resource-locator-1.0.1.jar:/home/user/.m2/repository/javax/ws/rs/javax.ws.rs-api/2.1/javax.ws.rs-api-2.1.jar:/home/user/.m2/repository/org/glassfish/jersey/ext/cdi/jersey-cdi1x/2.27/jersey-cdi1x-2.27.jar:/home/user/.m2/repository/org/glassfish/jersey/inject/jersey-hk2/2.27/jersey-hk2-2.27.jar:/home/user/.m2/repository/org/glassfish/hk2/hk2-locator/2.5.0-b42/hk2-locator-2.5.0-b42.jar:/home/user/.m2/repository/org/javassist/javassist/3.22.0-CR2/javassist-3.22.0-CR2.jar:/home/user/.m2/repository/org/glassfish/hk2/hk2-api/2.5.0/hk2-api-2.5.0.jar:/home/user/.m2/repository/org/glassfish/hk2/external/jakarta.inject/2.5.0/jakarta.inject-2.5.0.jar:/home/user/.m2/repository/org/glassfish/hk2/hk2-utils/2.5.0/hk2-utils-2.5.0.jar:/home/user/.m2/repository/jakarta/annotation/jakarta.annotation-api/1.3.4/jakarta.annotation-api-1.3.4.jar:/home/user/.m2/repository/org/glassfish/hk2/external/aopalliance-repackaged/2.5.0/aopalliance-repackaged-2.5.0.jar:/home/user/.m2/repository/com/fasterxml/jackson/dataformat/jackson-dataformat-xml/2.9.0/jackson-dataformat-xml-2.9.0.jar:/home/user/.m2/repository/com/fasterxml/jackson/core/jackson-core/2.9.9/jackson-core-2.9.9.jar:/home/user/.m2/repository/com/fasterxml/jackson/module/jackson-module-jaxb-annotations/2.9.9/jackson-module-jaxb-annotations-2.9.9.jar:/home/user/.m2/repository/javax/enterprise/cdi-api/1.2/cdi-api-1.2.jar:/home/user/.m2/repository/javax/el/javax.el-api/3.0.0/javax.el-api-3.0.0.jar:/home/user/.m2/repository/javax/interceptor/javax.interceptor-api/1.2/javax.interceptor-api-1.2.jar:/home/user/.m2/repository/javax/inject/javax.inject/1/javax.inject-1.jar:/home/user/.m2/repository/com/sun/xml/bind/jaxb-impl/2.3.0.1/jaxb-impl-2.3.0.1.jar:/home/user/.m2/repository/com/sun/xml/bind/jaxb-core/2.3.0.1/jaxb-core-2.3.0.1.jar:/home/user/.m2/repository/javax/xml/bind/jaxb-api/2.3.0/jaxb-api-2.3.0.jar:/home/user/.m2/repository/javax/activation/activation/1.1.1/activation-1.1.1.jar:/home/user/.m2/repository/org/apache/hadoop/hadoop-ozone-csi/0.5.0-SNAPSHOT/hadoop-ozone-csi-0.5.0-SNAPSHOT.jar:/home/user/.m2/repository/com/google/protobuf/protobuf-java-util/3.5.1/protobuf-java-util-3.5.1.jar:/home/user/.m2/repository/org/apache/hadoop/hadoop-hdds-config/0.5.0-SNAPSHOT/hadoop-hdds-config-0.5.0-SNAPSHOT.jar:/home/user/.m2/repository/io/grpc/grpc-netty/1.17.1/grpc-netty-1.17.1.jar:/home/user/.m2/repository/io/grpc/grpc-core/1.17.1/grpc-core-1.17.1.jar:/home/user/.m2/repository/io/grpc/grpc-context/1.17.1/grpc-context-1.17.1.jar:/home/user/.m2/repository/com/google/errorprone/error_prone_annotations/2.2.0/error_prone_annotations-2.2.0.jar:/home/user/.m2/repository/org/codehaus/mojo/animal-sniffer-annotations/1.17/animal-sniffer-annotations-1.17.jar:/home/user/.m2/repository/io/opencensus/opencensus-api/0.17.0/opencensus-api-0.17.0.jar:/home/user/.m2/repository/io/opencensus/opencensus-contrib-grpc-metrics/0.17.0/opencensus-contrib-grpc-metrics-0.17.0.jar:/home/user/.m2/repository/io/netty/netty-codec-http2/4.1.30.Final/netty-codec-http2-4.1.30.Final.jar:/home/user/.m2/repository/io/netty/netty-codec-http/4.1.30.Final/netty-codec-http-4.1.30.Final.jar:/home/user/.m2/repository/io/netty/netty-codec/4.1.30.Final/netty-codec-4.1.30.Final.jar:/home/user/.m2/repository/io/netty/netty-handler/4.1.30.Final/netty-handler-4.1.30.Final.jar:/home/user/.m2/repository/io/netty/netty-handler-proxy/4.1.30.Final/netty-handler-proxy-4.1.30.Final.jar:/home/user/.m2/repository/io/netty/netty-codec-socks/4.1.30.Final/netty-codec-socks-4.1.30.Final.jar:/home/user/.m2/repository/io/netty/netty-transport-native-epoll/4.1.30.Final/netty-transport-native-epoll-4.1.30.Final.jar:/home/user/.m2/repository/io/netty/netty-common/4.1.30.Final/netty-common-4.1.30.Final.jar:/home/user/.m2/repository/io/netty/netty-buffer/4.1.30.Final/netty-buffer-4.1.30.Final.jar:/home/user/.m2/repository/io/netty/netty-transport/4.1.30.Final/netty-transport-4.1.30.Final.jar:/home/user/.m2/repository/io/netty/netty-resolver/4.1.30.Final/netty-resolver-4.1.30.Final.jar:/home/user/.m2/repository/io/netty/netty-transport-native-unix-common/4.1.30.Final/netty-transport-native-unix-common-4.1.30.Final.jar:/home/user/.m2/repository/io/grpc/grpc-protobuf/1.17.1/grpc-protobuf-1.17.1.jar:/home/user/.m2/repository/com/google/api/grpc/proto-google-common-protos/1.0.0/proto-google-common-protos-1.0.0.jar:/home/user/.m2/repository/io/grpc/grpc-protobuf-lite/1.17.1/grpc-protobuf-lite-1.17.1.jar:/home/user/.m2/repository/io/grpc/grpc-stub/1.17.1/grpc-stub-1.17.1.jar:/home/user/.m2/repository/org/apache/hadoop/hadoop-ozone-recon/0.5.0-SNAPSHOT/hadoop-ozone-recon-0.5.0-SNAPSHOT.jar:/home/user/.m2/repository/org/apache/hadoop/hadoop-ozone-reconcodegen/0.5.0-SNAPSHOT/hadoop-ozone-reconcodegen-0.5.0-SNAPSHOT.jar:/home/user/.m2/repository/com/google/inject/extensions/guice-multibindings/4.0/guice-multibindings-4.0.jar:/home/user/.m2/repository/com/google/inject/guice/4.0/guice-4.0.jar:/home/user/.m2/repository/aopalliance/aopalliance/1.0/aopalliance-1.0.jar:/home/user/.m2/repository/com/google/inject/extensions/guice-servlet/4.0/guice-servlet-4.0.jar:/home/user/.m2/repository/org/glassfish/jersey/containers/jersey-container-servlet/2.27/jersey-container-servlet-2.27.jar:/home/user/.m2/repository/org/glassfish/hk2/guice-bridge/2.5.0/guice-bridge-2.5.0.jar:/home/user/.m2/repository/org/glassfish/jersey/core/jersey-server/2.27/jersey-server-2.27.jar:/home/user/.m2/repository/org/glassfish/jersey/core/jersey-client/2.27/jersey-client-2.27.jar:/home/user/.m2/repository/org/glassfish/jersey/media/jersey-media-jaxb/2.27/jersey-media-jaxb-2.27.jar:/home/user/.m2/repository/javax/validation/validation-api/1.1.0.Final/validation-api-1.1.0.Final.jar:/home/user/.m2/repository/org/glassfish/jersey/media/jersey-media-json-jackson/2.27/jersey-media-json-jackson-2.27.jar:/home/user/.m2/repository/org/glassfish/jersey/ext/jersey-entity-filtering/2.27/jersey-entity-filtering-2.27.jar:/home/user/.m2/repository/com/google/inject/extensions/guice-assistedinject/4.0/guice-assistedinject-4.0.jar:/home/user/.m2/repository/org/jooq/jooq/3.11.10/jooq-3.11.10.jar:/home/user/.m2/repository/org/jooq/jooq-meta/3.11.10/jooq-meta-3.11.10.jar:/home/user/.m2/repository/org/jooq/jooq-codegen/3.11.10/jooq-codegen-3.11.10.jar:/home/user/.m2/repository/com/jolbox/bonecp/0.8.0.RELEASE/bonecp-0.8.0.RELEASE.jar:/home/user/.m2/repository/org/xerial/sqlite-jdbc/3.25.2/sqlite-jdbc-3.25.2.jar:/home/user/.m2/repository/org/springframework/spring-jdbc/5.1.3.RELEASE/spring-jdbc-5.1.3.RELEASE.jar:/home/user/.m2/repository/org/springframework/spring-beans/5.1.3.RELEASE/spring-beans-5.1.3.RELEASE.jar:/home/user/.m2/repository/org/springframework/spring-core/5.1.3.RELEASE/spring-core-5.1.3.RELEASE.jar:/home/user/.m2/repository/org/springframework/spring-jcl/5.1.3.RELEASE/spring-jcl-5.1.3.RELEASE.jar:/home/user/.m2/repository/org/springframework/spring-tx/5.1.3.RELEASE/spring-tx-5.1.3.RELEASE.jar:/home/user/.m2/repository/org/apache/hadoop/hadoop-ozone-client/0.5.0-SNAPSHOT/hadoop-ozone-client-0.5.0-SNAPSHOT.jar:/home/user/.m2/repository/commons-lang/commons-lang/2.6/commons-lang-2.6.jar:/home/user/.m2/repository/org/apache/hadoop/hadoop-ozone-ozone-manager/0.5.0-SNAPSHOT/hadoop-ozone-ozone-manager-0.5.0-SNAPSHOT-tests.jar:/home/user/.m2/repository/junit/junit/4.11/junit-4.11.jar:/home/user/.m2/repository/org/hamcrest/hamcrest-core/1.3/hamcrest-core-1.3.jar:/home/user/.m2/repository/org/openjdk/jmh/jmh-core/1.19/jmh-core-1.19.jar:/home/user/.m2/repository/net/sf/jopt-simple/jopt-simple/4.6/jopt-simple-4.6.jar:/home/user/.m2/repository/org/apache/commons/commons-math3/3.1.1/commons-math3-3.1.1.jar:/home/user/.m2/repository/org/openjdk/jmh/jmh-generator-annprocess/1.19/jmh-generator-annprocess-1.19.jar:/home/user/.m2/repository/org/mockito/mockito-all/1.8.5/mockito-all-1.8.5.jar:/home/user/.m2/repository/org/apache/hadoop/hadoop-kms/3.2.0/hadoop-kms-3.2.0.jar:/home/user/.m2/repository/org/apache/hadoop/hadoop-auth/3.2.0/hadoop-auth-3.2.0.jar:/home/user/.m2/repository/com/nimbusds/nimbus-jose-jwt/4.41.1/nimbus-jose-jwt-4.41.1.jar:/home/user/.m2/repository/com/github/stephenc/jcip/jcip-annotations/1.0-1/jcip-annotations-1.0-1.jar:/home/user/.m2/repository/net/minidev/json-smart/2.3/json-smart-2.3.jar:/home/user/.m2/repository/net/minidev/accessors-smart/1.2/accessors-smart-1.2.jar:/home/user/.m2/repository/org/ow2/asm/asm/5.0.4/asm-5.0.4.jar:/home/user/.m2/repository/org/apache/curator/curator-framework/2.12.0/curator-framework-2.12.0.jar:/home/user/.m2/repository/com/sun/jersey/jersey-core/1.19/jersey-core-1.19.jar:/home/user/.m2/repository/javax/ws/rs/jsr311-api/1.1.1/jsr311-api-1.1.1.jar:/home/user/.m2/repository/com/sun/jersey/jersey-server/1.19/jersey-server-1.19.jar:/home/user/.m2/repository/javax/servlet/javax.servlet-api/3.1.0/javax.servlet-api-3.1.0.jar:/home/user/.m2/repository/org/eclipse/jetty/jetty-server/9.3.25.v20180904/jetty-server-9.3.25.v20180904.jar:/home/user/.m2/repository/org/eclipse/jetty/jetty-http/9.3.25.v20180904/jetty-http-9.3.25.v20180904.jar:/home/user/.m2/repository/org/eclipse/jetty/jetty-io/9.3.25.v20180904/jetty-io-9.3.25.v20180904.jar:/home/user/.m2/repository/org/eclipse/jetty/jetty-webapp/9.3.25.v20180904/jetty-webapp-9.3.25.v20180904.jar:/home/user/.m2/repository/org/eclipse/jetty/jetty-xml/9.3.25.v20180904/jetty-xml-9.3.25.v20180904.jar:/home/user/.m2/repository/log4j/log4j/1.2.17/log4j-1.2.17.jar:/home/user/.m2/repository/org/slf4j/slf4j-api/1.7.25/slf4j-api-1.7.25.jar:/home/user/.m2/repository/org/slf4j/jul-to-slf4j/1.7.25/jul-to-slf4j-1.7.25.jar:/home/user/.m2/repository/org/eclipse/jetty/jetty-util/9.3.25.v20180904/jetty-util-9.3.25.v20180904.jar:/home/user/.m2/repository/com/fasterxml/jackson/core/jackson-databind/2.9.9/jackson-databind-2.9.9.jar:/home/user/.m2/repository/org/apache/hadoop/hadoop-kms/3.2.0/hadoop-kms-3.2.0-tests.jar:/home/user/.m2/repository/org/apache/hadoop/hadoop-hdds-server-scm/0.5.0-SNAPSHOT/hadoop-hdds-server-scm-0.5.0-SNAPSHOT-tests.jar:/home/user/.m2/repository/org/apache/hadoop/hadoop-hdds-container-service/0.5.0-SNAPSHOT/hadoop-hdds-container-service-0.5.0-SNAPSHOT-tests.jar:/home/user/.m2/repository/org/yaml/snakeyaml/1.16/snakeyaml-1.16.jar:/home/user/.m2/repository/org/apache/hadoop/hadoop-common/3.2.0/hadoop-common-3.2.0-tests.jar:/home/user/.m2/repository/org/apache/hadoop/hadoop-annotations/3.2.0/hadoop-annotations-3.2.0.jar:/usr/lib/jvm/java-1.8-openjdk/jre/../lib/tools.jar:/home/user/.m2/repository/commons-cli/commons-cli/1.2/commons-cli-1.2.jar:/home/user/.m2/repository/org/apache/httpcomponents/httpclient/4.5.2/httpclient-4.5.2.jar:/home/user/.m2/repository/org/apache/httpcomponents/httpcore/4.4.4/httpcore-4.4.4.jar:/home/user/.m2/repository/commons-codec/commons-codec/1.11/commons-codec-1.11.jar:/home/user/.m2/repository/commons-net/commons-net/3.6/commons-net-3.6.jar:/home/user/.m2/repository/commons-collections/commons-collections/3.2.2/commons-collections-3.2.2.jar:/home/user/.m2/repository/org/eclipse/jetty/jetty-servlet/9.3.25.v20180904/jetty-servlet-9.3.25.v20180904.jar:/home/user/.m2/repository/org/eclipse/jetty/jetty-security/9.3.25.v20180904/jetty-security-9.3.25.v20180904.jar:/home/user/.m2/repository/javax/servlet/jsp/jsp-api/2.1/jsp-api-2.1.jar:/home/user/.m2/repository/com/sun/jersey/jersey-servlet/1.19/jersey-servlet-1.19.jar:/home/user/.m2/repository/com/sun/jersey/jersey-json/1.19/jersey-json-1.19.jar:/home/user/.m2/repository/org/codehaus/jettison/jettison/1.1/jettison-1.1.jar:/home/user/.m2/repository/org/codehaus/jackson/jackson-core-asl/1.9.13/jackson-core-asl-1.9.13.jar:/home/user/.m2/repository/org/codehaus/jackson/jackson-mapper-asl/1.9.13/jackson-mapper-asl-1.9.13.jar:/home/user/.m2/repository/org/codehaus/jackson/jackson-jaxrs/1.9.13/jackson-jaxrs-1.9.13.jar:/home/user/.m2/repository/org/codehaus/jackson/jackson-xc/1.9.13/jackson-xc-1.9.13.jar:/home/user/.m2/repository/commons-logging/commons-logging/1.1.3/commons-logging-1.1.3.jar:/home/user/.m2/repository/commons-beanutils/commons-beanutils/1.9.4/commons-beanutils-1.9.4.jar:/home/user/.m2/repository/org/apache/commons/commons-configuration2/2.1.1/commons-configuration2-2.1.1.jar:/home/user/.m2/repository/org/apache/commons/commons-lang3/3.7/commons-lang3-3.7.jar:/home/user/.m2/repository/org/apache/commons/commons-text/1.4/commons-text-1.4.jar:/home/user/.m2/repository/org/apache/avro/avro/1.7.7/avro-1.7.7.jar:/home/user/.m2/repository/com/thoughtworks/paranamer/paranamer/2.3/paranamer-2.3.jar:/home/user/.m2/repository/org/xerial/snappy/snappy-java/1.0.5/snappy-java-1.0.5.jar:/home/user/.m2/repository/com/google/re2j/re2j/1.1/re2j-1.1.jar:/home/user/.m2/repository/com/google/code/gson/gson/2.2.4/gson-2.2.4.jar:/home/user/.m2/repository/com/jcraft/jsch/0.1.54/jsch-0.1.54.jar:/home/user/.m2/repository/org/apache/curator/curator-client/2.12.0/curator-client-2.12.0.jar:/home/user/.m2/repository/org/apache/curator/curator-recipes/2.12.0/curator-recipes-2.12.0.jar:/home/user/.m2/repository/com/google/code/findbugs/jsr305/3.0.0/jsr305-3.0.0.jar:/home/user/.m2/repository/org/apache/htrace/htrace-core4/4.1.0-incubating/htrace-core4-4.1.0-incubating.jar:/home/user/.m2/repository/org/apache/zookeeper/zookeeper/3.4.13/zookeeper-3.4.13.jar:/home/user/.m2/repository/jline/jline/0.9.94/jline-0.9.94.jar:/home/user/.m2/repository/org/apache/yetus/audience-annotations/0.5.0/audience-annotations-0.5.0.jar:/home/user/.m2/repository/org/codehaus/woodstox/stax2-api/3.1.4/stax2-api-3.1.4.jar:/home/user/.m2/repository/com/fasterxml/woodstox/woodstox-core/5.0.3/woodstox-core-5.0.3.jar:/home/user/.m2/repository/dnsjava/dnsjava/2.1.7/dnsjava-2.1.7.jar:/home/user/.m2/repository/org/apache/hadoop/hadoop-hdfs/3.2.0/hadoop-hdfs-3.2.0-tests.jar:/home/user/.m2/repository/org/eclipse/jetty/jetty-util-ajax/9.3.25.v20180904/jetty-util-ajax-9.3.25.v20180904.jar:/home/user/.m2/repository/commons-daemon/commons-daemon/1.0.13/commons-daemon-1.0.13.jar:/home/user/.m2/repository/io/netty/netty/3.10.5.Final/netty-3.10.5.Final.jar:/home/user/.m2/repository/io/netty/netty-all/4.0.52.Final/netty-all-4.0.52.Final.jar:/home/user/.m2/repository/org/fusesource/leveldbjni/leveldbjni-all/1.8/leveldbjni-all-1.8.jar:"/>
    <property name="sun.cpu.endian" value="little"/>
    <property name="user.home" value="/home/user"/>
    <property name="user.language" value="en"/>
    <property name="java.specification.vendor" value="Oracle Corporation"/>
    <property name="java.home" value="/usr/lib/jvm/java-1.8-openjdk/jre"/>
    <property name="java.security.krb5.conf" value="/workdir/hadoop-ozone/integration-test/target/test-classes/krb5.conf"/>
    <property name="basedir" value="/workdir/hadoop-ozone/integration-test"/>
    <property name="file.separator" value="/"/>
    <property name="line.separator" value="&#10;"/>
    <property name="java.vm.specification.vendor" value="Oracle Corporation"/>
    <property name="java.specification.name" value="Java Platform API Specification"/>
    <property name="java.awt.graphicsenv" value="sun.awt.X11GraphicsEnvironment"/>
    <property name="surefire.real.class.path" value="/workdir/hadoop-ozone/integration-test/target/surefire/surefirebooter9078010222140631396.jar"/>
    <property name="hadoop.log.dir" value="/workdir/hadoop-ozone/integration-test/target/log"/>
    <property name="sun.boot.class.path" value="/usr/lib/jvm/java-1.8-openjdk/jre/lib/resources.jar:/usr/lib/jvm/java-1.8-openjdk/jre/lib/rt.jar:/usr/lib/jvm/java-1.8-openjdk/jre/lib/sunrsasign.jar:/usr/lib/jvm/java-1.8-openjdk/jre/lib/jsse.jar:/usr/lib/jvm/java-1.8-openjdk/jre/lib/jce.jar:/usr/lib/jvm/java-1.8-openjdk/jre/lib/charsets.jar:/usr/lib/jvm/java-1.8-openjdk/jre/lib/jfr.jar:/usr/lib/jvm/java-1.8-openjdk/jre/classes"/>
    <property name="sun.management.compiler" value="HotSpot 64-Bit Tiered Compilers"/>
    <property name="java.runtime.version" value="1.8.0_212-b04"/>
    <property name="java.net.preferIPv4Stack" value="true"/>
    <property name="user.name" value="jenkins1000"/>
    <property name="path.separator" value=":"/>
    <property name="java.security.egd" value="file:///dev/urandom"/>
    <property name="os.version" value="3.10.0-957.12.2.el7.x86_64"/>
    <property name="java.endorsed.dirs" value="/usr/lib/jvm/java-1.8-openjdk/jre/lib/endorsed"/>
    <property name="java.runtime.name" value="OpenJDK Runtime Environment"/>
    <property name="file.encoding" value="UTF-8"/>
    <property name="java.vm.name" value="OpenJDK 64-Bit Server VM"/>
    <property name="test.build.webapps" value=""/>
    <property name="localRepository" value="/home/user/.m2/repository"/>
    <property name="java.vendor.url.bug" value="https://icedtea.classpath.org/bugzilla"/>
    <property name="java.io.tmpdir" value="/tmp"/>
    <property name="require.test.libhadoop" value=""/>
    <property name="java.version" value="1.8.0_212"/>
    <property name="user.dir" value="/workdir/hadoop-ozone/integration-test"/>
    <property name="os.arch" value="amd64"/>
    <property name="java.vm.specification.name" value="Java Virtual Machine Specification"/>
    <property name="test.build.classes" value="/workdir/hadoop-ozone/integration-test/target/test-classes"/>
    <property name="java.awt.printerjob" value="sun.print.PSPrinterJob"/>
    <property name="sun.os.patch.level" value="unknown"/>
    <property name="hadoop.tmp.dir" value="/workdir/hadoop-ozone/integration-test/target/tmp"/>
    <property name="java.library.path" value="/usr/lib/jvm/java-1.8-openjdk/jre/lib/amd64/server:/usr/lib/jvm/java-1.8-openjdk/jre/lib/amd64:/usr/lib/jvm/java-1.8-openjdk/jre/../lib/amd64:/workdir/hadoop-ozone/integration-test/target/native/target/usr/local/lib:/workdir/hadoop-ozone/integration-test/../../hadoop-common-project/hadoop-common/target/native/target/usr/local/lib:/usr/java/packages/lib/amd64:/usr/lib64:/lib64:/lib:/usr/lib"/>
    <property name="java.vm.info" value="mixed mode"/>
    <property name="java.vendor" value="IcedTea"/>
    <property name="java.vm.version" value="25.212-b04"/>
    <property name="java.ext.dirs" value="/usr/lib/jvm/java-1.8-openjdk/jre/lib/ext:/usr/java/packages/lib/ext"/>
    <property name="sun.io.unicode.encoding" value="UnicodeLittle"/>
    <property name="java.class.version" value="52.0"/>
  </properties>
  <testcase name="test2DatanodesFailure" classname="org.apache.hadoop.ozone.client.rpc.TestBlockOutputStreamWithFailures" time="42.318"/>
  <testcase name="testDatanodeFailureWithPreAllocation" classname="org.apache.hadoop.ozone.client.rpc.TestBlockOutputStreamWithFailures" time="223.675"/>
  <testcase name="testDatanodeFailureWithSingleNodeRatis" classname="org.apache.hadoop.ozone.client.rpc.TestBlockOutputStreamWithFailures" time="223.409"/>
  <testcase name="testWatchForCommitWithSingleNodeRatis" classname="org.apache.hadoop.ozone.client.rpc.TestBlockOutputStreamWithFailures" time="35.875"/>
  <testcase name="testWatchForCommitDatanodeFailure" classname="org.apache.hadoop.ozone.client.rpc.TestBlockOutputStreamWithFailures" time="33.081"/>
  <testcase name="testFailureWithPrimeSizedData" classname="org.apache.hadoop.ozone.client.rpc.TestBlockOutputStreamWithFailures" time="46.653"/>
  <testcase name="testWatchForCommitWithCloseContainerException" classname="org.apache.hadoop.ozone.client.rpc.TestBlockOutputStreamWithFailures" time="36.229">
    <failure message="expected:&lt;2&gt; but was:&lt;3&gt;" type="java.lang.AssertionError"><![CDATA[java.lang.AssertionError: expected:<2> but was:<3>
	at org.junit.Assert.fail(Assert.java:88)
	at org.junit.Assert.failNotEquals(Assert.java:743)
	at org.junit.Assert.assertEquals(Assert.java:118)
	at org.junit.Assert.assertEquals(Assert.java:555)
	at org.junit.Assert.assertEquals(Assert.java:542)
	at org.apache.hadoop.ozone.client.rpc.TestBlockOutputStreamWithFailures.testWatchForCommitWithCloseContainerException(TestBlockOutputStreamWithFailures.java:236)
	at sun.reflect.NativeMethodAccessorImpl.invoke0(Native Method)
	at sun.reflect.NativeMethodAccessorImpl.invoke(NativeMethodAccessorImpl.java:62)
	at sun.reflect.DelegatingMethodAccessorImpl.invoke(DelegatingMethodAccessorImpl.java:43)
	at java.lang.reflect.Method.invoke(Method.java:498)
	at org.junit.runners.model.FrameworkMethod$1.runReflectiveCall(FrameworkMethod.java:47)
	at org.junit.internal.runners.model.ReflectiveCallable.run(ReflectiveCallable.java:12)
	at org.junit.runners.model.FrameworkMethod.invokeExplosively(FrameworkMethod.java:44)
	at org.junit.internal.runners.statements.InvokeMethod.evaluate(InvokeMethod.java:17)
	at org.junit.internal.runners.statements.RunBefores.evaluate(RunBefores.java:26)
	at org.junit.internal.runners.statements.RunAfters.evaluate(RunAfters.java:27)
	at org.junit.runners.ParentRunner.runLeaf(ParentRunner.java:271)
	at org.junit.runners.BlockJUnit4ClassRunner.runChild(BlockJUnit4ClassRunner.java:70)
	at org.junit.runners.BlockJUnit4ClassRunner.runChild(BlockJUnit4ClassRunner.java:50)
	at org.junit.runners.ParentRunner$3.run(ParentRunner.java:238)
	at org.junit.runners.ParentRunner$1.schedule(ParentRunner.java:63)
	at org.junit.runners.ParentRunner.runChildren(ParentRunner.java:236)
	at org.junit.runners.ParentRunner.access$000(ParentRunner.java:53)
	at org.junit.runners.ParentRunner$2.evaluate(ParentRunner.java:229)
	at org.junit.runners.ParentRunner.run(ParentRunner.java:309)
	at org.apache.maven.surefire.junit4.JUnit4Provider.execute(JUnit4Provider.java:365)
	at org.apache.maven.surefire.junit4.JUnit4Provider.executeWithRerun(JUnit4Provider.java:273)
	at org.apache.maven.surefire.junit4.JUnit4Provider.executeTestSet(JUnit4Provider.java:238)
	at org.apache.maven.surefire.junit4.JUnit4Provider.invoke(JUnit4Provider.java:159)
	at org.apache.maven.surefire.booter.ForkedBooter.invokeProviderInSameClassLoader(ForkedBooter.java:384)
	at org.apache.maven.surefire.booter.ForkedBooter.runSuitesInProcess(ForkedBooter.java:345)
	at org.apache.maven.surefire.booter.ForkedBooter.execute(ForkedBooter.java:126)
	at org.apache.maven.surefire.booter.ForkedBooter.main(ForkedBooter.java:418)
]]></failure>
    <system-out><![CDATA[2019-10-14 14:58:14,870 [main] WARN  server.ServerUtils (ServerUtils.java:getScmDbDir(145)) - ozone.scm.db.dirs is not configured. We recommend adding this setting. Falling back to ozone.metadata.dirs instead.
2019-10-14 14:58:14,898 [main] WARN  server.ServerUtils (ServerUtils.java:getScmDbDir(145)) - ozone.scm.db.dirs is not configured. We recommend adding this setting. Falling back to ozone.metadata.dirs instead.
2019-10-14 14:58:14,898 [main] WARN  server.ServerUtils (ServerUtils.java:getScmDbDir(145)) - ozone.scm.db.dirs is not configured. We recommend adding this setting. Falling back to ozone.metadata.dirs instead.
2019-10-14 14:58:14,899 [main] INFO  db.DBStoreBuilder (DBStoreBuilder.java:addTable(110)) - using custom profile for table: deletedBlocks
2019-10-14 14:58:14,899 [main] INFO  db.DBStoreBuilder (DBStoreBuilder.java:processTables(161)) - Using default column profile:DBProfile.DISK for Table:deletedBlocks
2019-10-14 14:58:14,899 [main] INFO  db.DBStoreBuilder (DBStoreBuilder.java:addTable(110)) - using custom profile for table: validCerts
2019-10-14 14:58:14,899 [main] INFO  db.DBStoreBuilder (DBStoreBuilder.java:processTables(161)) - Using default column profile:DBProfile.DISK for Table:validCerts
2019-10-14 14:58:14,900 [main] INFO  db.DBStoreBuilder (DBStoreBuilder.java:addTable(110)) - using custom profile for table: revokedCerts
2019-10-14 14:58:14,900 [main] INFO  db.DBStoreBuilder (DBStoreBuilder.java:processTables(161)) - Using default column profile:DBProfile.DISK for Table:revokedCerts
2019-10-14 14:58:14,900 [main] INFO  db.DBStoreBuilder (DBStoreBuilder.java:addTable(110)) - using custom profile for table: default
2019-10-14 14:58:14,900 [main] INFO  db.DBStoreBuilder (DBStoreBuilder.java:processTables(167)) - Using default column profile:DBProfile.DISK for Table:default
2019-10-14 14:58:14,901 [main] INFO  db.DBStoreBuilder (DBStoreBuilder.java:getDbProfile(198)) - Using default options. DBProfile.DISK
2019-10-14 14:58:15,071 [main] INFO  net.NodeSchemaLoader (NodeSchemaLoader.java:loadSchemaFromFile(125)) - Loading file from sun.misc.CompoundEnumeration@54567b05
2019-10-14 14:58:15,072 [main] INFO  net.NodeSchemaLoader (NodeSchemaLoader.java:loadSchema(171)) - Loading network topology layer schema file
2019-10-14 14:58:15,079 [main] INFO  node.SCMNodeManager (SCMNodeManager.java:<init>(114)) - Entering startup safe mode.
2019-10-14 14:58:15,080 [main] INFO  algorithms.ContainerPlacementPolicyFactory (ContainerPlacementPolicyFactory.java:getPolicy(59)) - Create container placement policy of type org.apache.hadoop.hdds.scm.container.placement.algorithms.SCMContainerPlacementRandom
2019-10-14 14:58:15,080 [main] WARN  server.ServerUtils (ServerUtils.java:getScmDbDir(145)) - ozone.scm.db.dirs is not configured. We recommend adding this setting. Falling back to ozone.metadata.dirs instead.
2019-10-14 14:58:15,130 [main] INFO  pipeline.SCMPipelineManager (SCMPipelineManager.java:initializePipelineState(137)) - No pipeline exists in current db
2019-10-14 14:58:15,130 [main] WARN  server.ServerUtils (ServerUtils.java:getScmDbDir(145)) - ozone.scm.db.dirs is not configured. We recommend adding this setting. Falling back to ozone.metadata.dirs instead.
2019-10-14 14:58:15,188 [main] WARN  events.EventQueue (EventQueue.java:fireEvent(183)) - No event handler registered for event TypedEvent{payloadType=SafeModeStatus, name='SafeModeStatus'}
2019-10-14 14:58:15,190 [main] INFO  ipc.CallQueueManager (CallQueueManager.java:<init>(84)) - Using callQueue: class java.util.concurrent.LinkedBlockingQueue, queueCapacity: 2000, scheduler: class org.apache.hadoop.ipc.DefaultRpcScheduler, ipcBackoff: false.
2019-10-14 14:58:15,191 [Socket Reader #1 for port 39100] INFO  ipc.Server (Server.java:run(1074)) - Starting Socket Reader #1 for port 39100
2019-10-14 14:58:15,194 [main] INFO  ipc.CallQueueManager (CallQueueManager.java:<init>(84)) - Using callQueue: class java.util.concurrent.LinkedBlockingQueue, queueCapacity: 2000, scheduler: class org.apache.hadoop.ipc.DefaultRpcScheduler, ipcBackoff: false.
2019-10-14 14:58:15,195 [Socket Reader #1 for port 39413] INFO  ipc.Server (Server.java:run(1074)) - Starting Socket Reader #1 for port 39413
2019-10-14 14:58:15,197 [main] INFO  ipc.CallQueueManager (CallQueueManager.java:<init>(84)) - Using callQueue: class java.util.concurrent.LinkedBlockingQueue, queueCapacity: 2000, scheduler: class org.apache.hadoop.ipc.DefaultRpcScheduler, ipcBackoff: false.
2019-10-14 14:58:15,197 [Socket Reader #1 for port 35469] INFO  ipc.Server (Server.java:run(1074)) - Starting Socket Reader #1 for port 35469
2019-10-14 14:58:15,200 [main] INFO  hdfs.DFSUtil (DFSUtil.java:httpServerTemplateForNNAndJN(1641)) - Starting Web-server for scm at: http://0.0.0.0:0
2019-10-14 14:58:15,203 [main] INFO  server.AuthenticationFilter (AuthenticationFilter.java:constructSecretProvider(240)) - Unable to initialize FileSignerSecretProvider, falling back to use random secrets.
2019-10-14 14:58:15,204 [main] WARN  http.HttpRequestLog (HttpRequestLog.java:getRequestLog(97)) - Jetty request log can only be enabled using Log4j
2019-10-14 14:58:15,206 [main] INFO  http.HttpServer2 (HttpServer2.java:addGlobalFilter(975)) - Added global filter 'safety' (class=org.apache.hadoop.http.HttpServer2$QuotingInputFilter)
2019-10-14 14:58:15,207 [main] INFO  http.HttpServer2 (HttpServer2.java:addFilter(948)) - Added filter static_user_filter (class=org.apache.hadoop.http.lib.StaticUserWebFilter$StaticUserFilter) to context scm
2019-10-14 14:58:15,207 [main] INFO  http.HttpServer2 (HttpServer2.java:addFilter(958)) - Added filter static_user_filter (class=org.apache.hadoop.http.lib.StaticUserWebFilter$StaticUserFilter) to context static
2019-10-14 14:58:15,207 [main] INFO  http.HttpServer2 (HttpServer2.java:addFilter(958)) - Added filter static_user_filter (class=org.apache.hadoop.http.lib.StaticUserWebFilter$StaticUserFilter) to context logs
2019-10-14 14:58:15,209 [main] INFO  server.StorageContainerManager (StorageContainerManager.java:start(770)) - StorageContainerLocationProtocol RPC server is listening at /0.0.0.0:35469
2019-10-14 14:58:15,212 [main] WARN  impl.MetricsConfig (MetricsConfig.java:loadFirst(134)) - Cannot locate configuration: tried hadoop-metrics2-storagecontainermanager.properties,hadoop-metrics2.properties
2019-10-14 14:58:15,213 [main] INFO  impl.MetricsSystemImpl (MetricsSystemImpl.java:startTimer(374)) - Scheduled Metric snapshot period at 10 second(s).
2019-10-14 14:58:15,213 [main] INFO  impl.MetricsSystemImpl (MetricsSystemImpl.java:start(191)) - StorageContainerManager metrics system started
2019-10-14 14:58:15,405 [main] WARN  impl.MetricsSystemImpl (MetricsSystemImpl.java:register(276)) - Sink prometheus already exists!
2019-10-14 14:58:15,479 [main] INFO  server.SCMClientProtocolServer (SCMClientProtocolServer.java:start(151)) - RPC server for Client  is listening at /0.0.0.0:35469
2019-10-14 14:58:15,479 [IPC Server Responder] INFO  ipc.Server (Server.java:run(1314)) - IPC Server Responder: starting
2019-10-14 14:58:15,479 [IPC Server listener on 35469] INFO  ipc.Server (Server.java:run(1153)) - IPC Server listener on 35469: starting
2019-10-14 14:58:15,484 [main] INFO  server.StorageContainerManager (StorageContainerManager.java:start(780)) - ScmBlockLocationProtocol RPC server is listening at /0.0.0.0:39413
2019-10-14 14:58:15,484 [main] INFO  server.SCMBlockProtocolServer (SCMBlockProtocolServer.java:start(146)) - RPC server for Block Protocol is listening at /0.0.0.0:39413
2019-10-14 14:58:15,485 [IPC Server listener on 39413] INFO  ipc.Server (Server.java:run(1153)) - IPC Server listener on 39413: starting
2019-10-14 14:58:15,485 [IPC Server Responder] INFO  ipc.Server (Server.java:run(1314)) - IPC Server Responder: starting
2019-10-14 14:58:15,490 [main] INFO  server.StorageContainerManager (StorageContainerManager.java:start(784)) - ScmDatanodeProtocl RPC server is listening at /0.0.0.0:39100
2019-10-14 14:58:15,490 [main] INFO  server.SCMDatanodeProtocolServer (SCMDatanodeProtocolServer.java:start(191)) - RPC server for DataNodes is listening at /0.0.0.0:39100
2019-10-14 14:58:15,490 [IPC Server listener on 39100] INFO  ipc.Server (Server.java:run(1153)) - IPC Server listener on 39100: starting
2019-10-14 14:58:15,491 [IPC Server Responder] INFO  ipc.Server (Server.java:run(1314)) - IPC Server Responder: starting
2019-10-14 14:58:15,495 [main] INFO  http.HttpServer2 (HttpServer2.java:bindListener(1191)) - Jetty bound to port 45381
2019-10-14 14:58:15,495 [main] INFO  server.Server (Server.java:doStart(351)) - jetty-9.3.25.v20180904, build timestamp: 2018-09-04T21:11:46Z, git hash: 3ce520221d0240229c862b122d2b06c12a625732
2019-10-14 14:58:15,496 [main] INFO  handler.ContextHandler (ContextHandler.java:doStart(781)) - Started o.e.j.s.ServletContextHandler@334540a0{/logs,file:///workdir/hadoop-ozone/integration-test/target/log,AVAILABLE}
2019-10-14 14:58:15,497 [main] INFO  handler.ContextHandler (ContextHandler.java:doStart(781)) - Started o.e.j.s.ServletContextHandler@b428830{/static,file:///workdir/hadoop-ozone/integration-test/target/test-classes/webapps/static,AVAILABLE}
2019-10-14 14:58:15,500 [main] INFO  handler.ContextHandler (ContextHandler.java:doStart(781)) - Started o.e.j.w.WebAppContext@7185e611{/,file:///workdir/hadoop-ozone/integration-test/target/test-classes/webapps/scm/,AVAILABLE}{/scm}
2019-10-14 14:58:15,500 [main] INFO  server.AbstractConnector (AbstractConnector.java:doStart(278)) - Started ServerConnector@44d43cc9{HTTP/1.1,[http/1.1]}{0.0.0.0:45381}
2019-10-14 14:58:15,501 [main] INFO  server.Server (Server.java:doStart(419)) - Started @606326ms
2019-10-14 14:58:15,502 [main] WARN  impl.MetricsSystemImpl (MetricsSystemImpl.java:register(276)) - Sink prometheus already exists!
2019-10-14 14:58:15,503 [main] INFO  server.BaseHttpServer (BaseHttpServer.java:updateConnectorAddress(215)) - HTTP server of SCM is listening at http://0.0.0.0:45381
2019-10-14 14:58:15,503 [main] WARN  server.ServerUtils (ServerUtils.java:getDBPath(222)) - ozone.om.db.dirs is not configured. We recommend adding this setting. Falling back to ozone.metadata.dirs instead.
2019-10-14 14:58:15,505 [org.apache.hadoop.util.JvmPauseMonitor$Monitor@656ec00d] INFO  util.JvmPauseMonitor (JvmPauseMonitor.java:run(188)) - Starting JVM pause monitor
2019-10-14 14:58:15,518 [main] WARN  server.ServerUtils (ServerUtils.java:getDBPath(222)) - ozone.om.db.dirs is not configured. We recommend adding this setting. Falling back to ozone.metadata.dirs instead.
2019-10-14 14:58:15,519 [main] WARN  server.ServerUtils (ServerUtils.java:getDBPath(222)) - ozone.om.db.dirs is not configured. We recommend adding this setting. Falling back to ozone.metadata.dirs instead.
2019-10-14 14:58:15,519 [main] INFO  om.OzoneManager (OzoneManager.java:setOMNodeDetails(652)) - OM Service ID is not set. Setting it to the default ID: omServiceIdDefault
2019-10-14 14:58:15,519 [main] INFO  om.OzoneManager (OzoneManager.java:setOMNodeDetails(658)) - OM Node ID is not set. Setting it to the OmStorage's OmID: 709fc5f1-5cbc-4729-8a3b-87271233d143
2019-10-14 14:58:15,520 [main] INFO  om.OzoneManager (OzoneManager.java:loadOMHAConfigs(609)) - Found matching OM address with OMServiceId: null, OMNodeId: null, RPC Address: localhost:0 and Ratis port: 9872
2019-10-14 14:58:15,528 [main] WARN  server.ServerUtils (ServerUtils.java:getDBPath(222)) - ozone.om.db.dirs is not configured. We recommend adding this setting. Falling back to ozone.metadata.dirs instead.
2019-10-14 14:58:15,528 [main] INFO  db.DBStoreBuilder (DBStoreBuilder.java:addTable(110)) - using custom profile for table: userTable
2019-10-14 14:58:15,528 [main] INFO  db.DBStoreBuilder (DBStoreBuilder.java:processTables(161)) - Using default column profile:DBProfile.DISK for Table:userTable
2019-10-14 14:58:15,529 [main] INFO  db.DBStoreBuilder (DBStoreBuilder.java:addTable(110)) - using custom profile for table: volumeTable
2019-10-14 14:58:15,529 [main] INFO  db.DBStoreBuilder (DBStoreBuilder.java:processTables(161)) - Using default column profile:DBProfile.DISK for Table:volumeTable
2019-10-14 14:58:15,529 [main] INFO  db.DBStoreBuilder (DBStoreBuilder.java:addTable(110)) - using custom profile for table: bucketTable
2019-10-14 14:58:15,529 [main] INFO  db.DBStoreBuilder (DBStoreBuilder.java:processTables(161)) - Using default column profile:DBProfile.DISK for Table:bucketTable
2019-10-14 14:58:15,530 [main] INFO  db.DBStoreBuilder (DBStoreBuilder.java:addTable(110)) - using custom profile for table: keyTable
2019-10-14 14:58:15,530 [main] INFO  db.DBStoreBuilder (DBStoreBuilder.java:processTables(161)) - Using default column profile:DBProfile.DISK for Table:keyTable
2019-10-14 14:58:15,530 [main] INFO  db.DBStoreBuilder (DBStoreBuilder.java:addTable(110)) - using custom profile for table: deletedTable
2019-10-14 14:58:15,531 [main] INFO  db.DBStoreBuilder (DBStoreBuilder.java:processTables(161)) - Using default column profile:DBProfile.DISK for Table:deletedTable
2019-10-14 14:58:15,531 [main] INFO  db.DBStoreBuilder (DBStoreBuilder.java:addTable(110)) - using custom profile for table: openKeyTable
2019-10-14 14:58:15,531 [main] INFO  db.DBStoreBuilder (DBStoreBuilder.java:processTables(161)) - Using default column profile:DBProfile.DISK for Table:openKeyTable
2019-10-14 14:58:15,531 [main] INFO  db.DBStoreBuilder (DBStoreBuilder.java:addTable(110)) - using custom profile for table: s3Table
2019-10-14 14:58:15,532 [main] INFO  db.DBStoreBuilder (DBStoreBuilder.java:processTables(161)) - Using default column profile:DBProfile.DISK for Table:s3Table
2019-10-14 14:58:15,532 [main] INFO  db.DBStoreBuilder (DBStoreBuilder.java:addTable(110)) - using custom profile for table: multipartInfoTable
2019-10-14 14:58:15,532 [main] INFO  db.DBStoreBuilder (DBStoreBuilder.java:processTables(161)) - Using default column profile:DBProfile.DISK for Table:multipartInfoTable
2019-10-14 14:58:15,532 [main] INFO  db.DBStoreBuilder (DBStoreBuilder.java:addTable(110)) - using custom profile for table: dTokenTable
2019-10-14 14:58:15,533 [main] INFO  db.DBStoreBuilder (DBStoreBuilder.java:processTables(161)) - Using default column profile:DBProfile.DISK for Table:dTokenTable
2019-10-14 14:58:15,533 [main] INFO  db.DBStoreBuilder (DBStoreBuilder.java:addTable(110)) - using custom profile for table: s3SecretTable
2019-10-14 14:58:15,533 [main] INFO  db.DBStoreBuilder (DBStoreBuilder.java:processTables(161)) - Using default column profile:DBProfile.DISK for Table:s3SecretTable
2019-10-14 14:58:15,533 [main] INFO  db.DBStoreBuilder (DBStoreBuilder.java:addTable(110)) - using custom profile for table: prefixTable
2019-10-14 14:58:15,534 [main] INFO  db.DBStoreBuilder (DBStoreBuilder.java:processTables(161)) - Using default column profile:DBProfile.DISK for Table:prefixTable
2019-10-14 14:58:15,534 [main] INFO  db.DBStoreBuilder (DBStoreBuilder.java:addTable(110)) - using custom profile for table: default
2019-10-14 14:58:15,534 [main] INFO  db.DBStoreBuilder (DBStoreBuilder.java:processTables(167)) - Using default column profile:DBProfile.DISK for Table:default
2019-10-14 14:58:15,534 [main] INFO  db.DBStoreBuilder (DBStoreBuilder.java:getDbProfile(198)) - Using default options. DBProfile.DISK
2019-10-14 14:58:16,051 [main] INFO  ipc.CallQueueManager (CallQueueManager.java:<init>(84)) - Using callQueue: class java.util.concurrent.LinkedBlockingQueue, queueCapacity: 2000, scheduler: class org.apache.hadoop.ipc.DefaultRpcScheduler, ipcBackoff: false.
2019-10-14 14:58:16,052 [Socket Reader #1 for port 46609] INFO  ipc.Server (Server.java:run(1074)) - Starting Socket Reader #1 for port 46609
2019-10-14 14:58:16,066 [main] INFO  om.OzoneManager (OzoneManager.java:start(1243)) - OzoneManager RPC server is listening at localhost/127.0.0.1:46609
2019-10-14 14:58:16,067 [main] INFO  impl.MetricsSystemImpl (MetricsSystemImpl.java:init(158)) - OzoneManager metrics system started (again)
2019-10-14 14:58:16,067 [IPC Server Responder] INFO  ipc.Server (Server.java:run(1314)) - IPC Server Responder: starting
2019-10-14 14:58:16,067 [IPC Server listener on 46609] INFO  ipc.Server (Server.java:run(1153)) - IPC Server listener on 46609: starting
2019-10-14 14:58:16,074 [main] INFO  hdfs.DFSUtil (DFSUtil.java:httpServerTemplateForNNAndJN(1641)) - Starting Web-server for ozoneManager at: http://0.0.0.0:0
2019-10-14 14:58:16,075 [main] INFO  server.AuthenticationFilter (AuthenticationFilter.java:constructSecretProvider(240)) - Unable to initialize FileSignerSecretProvider, falling back to use random secrets.
2019-10-14 14:58:16,076 [main] WARN  http.HttpRequestLog (HttpRequestLog.java:getRequestLog(97)) - Jetty request log can only be enabled using Log4j
2019-10-14 14:58:16,077 [main] INFO  http.HttpServer2 (HttpServer2.java:addGlobalFilter(975)) - Added global filter 'safety' (class=org.apache.hadoop.http.HttpServer2$QuotingInputFilter)
2019-10-14 14:58:16,078 [main] INFO  http.HttpServer2 (HttpServer2.java:addFilter(948)) - Added filter static_user_filter (class=org.apache.hadoop.http.lib.StaticUserWebFilter$StaticUserFilter) to context ozoneManager
2019-10-14 14:58:16,078 [main] INFO  http.HttpServer2 (HttpServer2.java:addFilter(958)) - Added filter static_user_filter (class=org.apache.hadoop.http.lib.StaticUserWebFilter$StaticUserFilter) to context logs
2019-10-14 14:58:16,078 [main] INFO  http.HttpServer2 (HttpServer2.java:addFilter(958)) - Added filter static_user_filter (class=org.apache.hadoop.http.lib.StaticUserWebFilter$StaticUserFilter) to context static
2019-10-14 14:58:16,079 [main] INFO  http.HttpServer2 (HttpServer2.java:bindListener(1191)) - Jetty bound to port 38318
2019-10-14 14:58:16,079 [main] INFO  server.Server (Server.java:doStart(351)) - jetty-9.3.25.v20180904, build timestamp: 2018-09-04T21:11:46Z, git hash: 3ce520221d0240229c862b122d2b06c12a625732
2019-10-14 14:58:16,081 [main] INFO  handler.ContextHandler (ContextHandler.java:doStart(781)) - Started o.e.j.s.ServletContextHandler@85ab964{/logs,file:///workdir/hadoop-ozone/integration-test/target/log,AVAILABLE}
2019-10-14 14:58:16,082 [main] INFO  handler.ContextHandler (ContextHandler.java:doStart(781)) - Started o.e.j.s.ServletContextHandler@12365bd8{/static,file:///workdir/hadoop-ozone/integration-test/target/test-classes/webapps/static,AVAILABLE}
2019-10-14 14:58:16,087 [main] INFO  handler.ContextHandler (ContextHandler.java:doStart(781)) - Started o.e.j.w.WebAppContext@286866cb{/,file:///workdir/hadoop-ozone/integration-test/target/test-classes/webapps/ozoneManager/,AVAILABLE}{/ozoneManager}
2019-10-14 14:58:16,088 [main] INFO  server.AbstractConnector (AbstractConnector.java:doStart(278)) - Started ServerConnector@ce561cc{HTTP/1.1,[http/1.1]}{0.0.0.0:38318}
2019-10-14 14:58:16,089 [main] INFO  server.Server (Server.java:doStart(419)) - Started @606915ms
2019-10-14 14:58:16,090 [main] WARN  impl.MetricsSystemImpl (MetricsSystemImpl.java:register(276)) - Sink prometheus already exists!
2019-10-14 14:58:16,091 [main] INFO  server.BaseHttpServer (BaseHttpServer.java:updateConnectorAddress(215)) - HTTP server of OZONEMANAGER is listening at http://0.0.0.0:38318
2019-10-14 14:58:16,104 [main] INFO  impl.MetricsSystemImpl (MetricsSystemImpl.java:init(158)) - HddsDatanode metrics system started (again)
2019-10-14 14:58:16,109 [main] INFO  ozone.HddsDatanodeService (HddsDatanodeService.java:start(184)) - HddsDatanodeService host:pr-hdds-1569-fwkxq-874464227 ip:192.168.5.159
2019-10-14 14:58:16,116 [main] INFO  volume.HddsVolume (HddsVolume.java:<init>(176)) - Creating Volume: /workdir/hadoop-ozone/integration-test/target/test-dir/MiniOzoneClusterImpl-aa81d3dd-6e87-4dee-8c30-8f43e5632f78/datanode-0/data/containers/hdds of  storage type : DISK and capacity : 1482555576320
2019-10-14 14:58:16,116 [main] INFO  volume.VolumeSet (VolumeSet.java:initializeVolumeSet(170)) - Added Volume : /workdir/hadoop-ozone/integration-test/target/test-dir/MiniOzoneClusterImpl-aa81d3dd-6e87-4dee-8c30-8f43e5632f78/datanode-0/data/containers/hdds to VolumeSet
2019-10-14 14:58:16,116 [main] INFO  volume.ThrottledAsyncChecker (ThrottledAsyncChecker.java:schedule(139)) - Scheduling a check for org.apache.hadoop.ozone.container.common.volume.HddsVolume@113eed88
2019-10-14 14:58:16,117 [main] INFO  volume.HddsVolumeChecker (HddsVolumeChecker.java:checkAllVolumes(202)) - Scheduled health check for volume org.apache.hadoop.ozone.container.common.volume.HddsVolume@113eed88
2019-10-14 14:58:16,131 [main] INFO  impl.RaftServerProxy (ConfUtils.java:logGet(43)) - raft.rpc.type = GRPC (default)
2019-10-14 14:58:16,131 [main] INFO  grpc.GrpcFactory (GrpcFactory.java:checkPooledByteBufAllocatorUseCacheForAllThreads(45)) - PERFORMANCE WARNING: useCacheForAllThreads is true that may cause Netty to create a lot garbage objects and, as a result, trigger GC.
	It is recommended to disable useCacheForAllThreads by setting -Dorg.apache.ratis.thirdparty.io.netty.allocator.useCacheForAllThreads=false in command line.
2019-10-14 14:58:16,131 [main] INFO  grpc.GrpcConfigKeys$Server (ConfUtils.java:logGet(43)) - raft.grpc.server.port = 0 (default)
2019-10-14 14:58:16,131 [main] INFO  server.GrpcService (ConfUtils.java:logGet(43)) - raft.grpc.message.size.max = 33570816 (custom)
2019-10-14 14:58:16,131 [main] INFO  server.RaftServerConfigKeys (ConfUtils.java:logGet(43)) - raft.server.log.appender.buffer.byte-limit = 33554432 (custom)
2019-10-14 14:58:16,132 [main] INFO  server.GrpcService (ConfUtils.java:logGet(43)) - raft.grpc.flow.control.window = 1MB (=1048576) (default)
2019-10-14 14:58:16,132 [main] INFO  server.RaftServerConfigKeys (ConfUtils.java:logGet(43)) - raft.server.rpc.request.timeout = 3000ms (default)
2019-10-14 14:58:16,132 [main] INFO  server.RaftServerConfigKeys (ConfUtils.java:logGet(43)) - raft.server.storage.dir = [/workdir/hadoop-ozone/integration-test/target/test-dir/MiniOzoneClusterImpl-aa81d3dd-6e87-4dee-8c30-8f43e5632f78/datanode-0/data/ratis] (custom)
2019-10-14 14:58:16,133 [main] INFO  hdfs.DFSUtil (DFSUtil.java:httpServerTemplateForNNAndJN(1641)) - Starting Web-server for hddsDatanode at: http://0.0.0.0:0
2019-10-14 14:58:16,134 [main] INFO  server.AuthenticationFilter (AuthenticationFilter.java:constructSecretProvider(240)) - Unable to initialize FileSignerSecretProvider, falling back to use random secrets.
2019-10-14 14:58:16,135 [main] WARN  http.HttpRequestLog (HttpRequestLog.java:getRequestLog(97)) - Jetty request log can only be enabled using Log4j
2019-10-14 14:58:16,136 [main] INFO  http.HttpServer2 (HttpServer2.java:addGlobalFilter(975)) - Added global filter 'safety' (class=org.apache.hadoop.http.HttpServer2$QuotingInputFilter)
2019-10-14 14:58:16,136 [main] INFO  http.HttpServer2 (HttpServer2.java:addFilter(948)) - Added filter static_user_filter (class=org.apache.hadoop.http.lib.StaticUserWebFilter$StaticUserFilter) to context hddsDatanode
2019-10-14 14:58:16,137 [main] INFO  http.HttpServer2 (HttpServer2.java:addFilter(958)) - Added filter static_user_filter (class=org.apache.hadoop.http.lib.StaticUserWebFilter$StaticUserFilter) to context logs
2019-10-14 14:58:16,137 [main] INFO  http.HttpServer2 (HttpServer2.java:addFilter(958)) - Added filter static_user_filter (class=org.apache.hadoop.http.lib.StaticUserWebFilter$StaticUserFilter) to context static
2019-10-14 14:58:16,137 [main] INFO  http.HttpServer2 (HttpServer2.java:bindListener(1191)) - Jetty bound to port 42156
2019-10-14 14:58:16,137 [main] INFO  server.Server (Server.java:doStart(351)) - jetty-9.3.25.v20180904, build timestamp: 2018-09-04T21:11:46Z, git hash: 3ce520221d0240229c862b122d2b06c12a625732
2019-10-14 14:58:16,139 [main] INFO  handler.ContextHandler (ContextHandler.java:doStart(781)) - Started o.e.j.s.ServletContextHandler@794c5f5e{/logs,file:///workdir/hadoop-ozone/integration-test/target/log,AVAILABLE}
2019-10-14 14:58:16,139 [main] INFO  handler.ContextHandler (ContextHandler.java:doStart(781)) - Started o.e.j.s.ServletContextHandler@236861da{/static,jar:file:/home/user/.m2/repository/org/apache/hadoop/hadoop-hdds-container-service/0.5.0-SNAPSHOT/hadoop-hdds-container-service-0.5.0-SNAPSHOT.jar!/webapps/static,AVAILABLE}
2019-10-14 14:58:16,166 [main] INFO  handler.ContextHandler (ContextHandler.java:doStart(781)) - Started o.e.j.w.WebAppContext@6b2ef50e{/,file:///tmp/jetty-0.0.0.0-42156-hddsDatanode-_-any-3548441625151062873.dir/webapp/,AVAILABLE}{/hddsDatanode}
2019-10-14 14:58:16,166 [main] INFO  server.AbstractConnector (AbstractConnector.java:doStart(278)) - Started ServerConnector@6f867b0c{HTTP/1.1,[http/1.1]}{0.0.0.0:42156}
2019-10-14 14:58:16,168 [main] INFO  server.Server (Server.java:doStart(419)) - Started @606992ms
2019-10-14 14:58:16,168 [main] WARN  impl.MetricsSystemImpl (MetricsSystemImpl.java:register(276)) - Sink prometheus already exists!
2019-10-14 14:58:16,169 [main] INFO  server.BaseHttpServer (BaseHttpServer.java:updateConnectorAddress(215)) - HTTP server of HDDSDATANODE is listening at http://0.0.0.0:42156
2019-10-14 14:58:16,169 [main] INFO  impl.MetricsSystemImpl (MetricsSystemImpl.java:init(158)) - HddsDatanode metrics system started (again)
2019-10-14 14:58:16,175 [org.apache.hadoop.util.JvmPauseMonitor$Monitor@480bf770] INFO  util.JvmPauseMonitor (JvmPauseMonitor.java:run(188)) - Starting JVM pause monitor
2019-10-14 14:58:16,175 [main] INFO  ozone.HddsDatanodeService (HddsDatanodeService.java:start(184)) - HddsDatanodeService host:pr-hdds-1569-fwkxq-874464227 ip:192.168.5.159
2019-10-14 14:58:16,178 [Datanode State Machine Thread - 0] INFO  datanode.InitDatanodeState (InitDatanodeState.java:persistContainerDatanodeDetails(140)) - DatanodeDetails is persisted to /workdir/hadoop-ozone/integration-test/target/test-dir/MiniOzoneClusterImpl-aa81d3dd-6e87-4dee-8c30-8f43e5632f78/datanode-0/meta/datanode.id
2019-10-14 14:58:16,183 [main] INFO  volume.HddsVolume (HddsVolume.java:<init>(176)) - Creating Volume: /workdir/hadoop-ozone/integration-test/target/test-dir/MiniOzoneClusterImpl-aa81d3dd-6e87-4dee-8c30-8f43e5632f78/datanode-1/data/containers/hdds of  storage type : DISK and capacity : 1482555576320
2019-10-14 14:58:16,183 [main] INFO  volume.VolumeSet (VolumeSet.java:initializeVolumeSet(170)) - Added Volume : /workdir/hadoop-ozone/integration-test/target/test-dir/MiniOzoneClusterImpl-aa81d3dd-6e87-4dee-8c30-8f43e5632f78/datanode-1/data/containers/hdds to VolumeSet
2019-10-14 14:58:16,183 [main] INFO  volume.ThrottledAsyncChecker (ThrottledAsyncChecker.java:schedule(139)) - Scheduling a check for org.apache.hadoop.ozone.container.common.volume.HddsVolume@376af784
2019-10-14 14:58:16,184 [main] INFO  volume.HddsVolumeChecker (HddsVolumeChecker.java:checkAllVolumes(202)) - Scheduled health check for volume org.apache.hadoop.ozone.container.common.volume.HddsVolume@376af784
2019-10-14 14:58:16,197 [main] INFO  impl.RaftServerProxy (ConfUtils.java:logGet(43)) - raft.rpc.type = GRPC (default)
2019-10-14 14:58:16,197 [main] INFO  grpc.GrpcFactory (GrpcFactory.java:checkPooledByteBufAllocatorUseCacheForAllThreads(45)) - PERFORMANCE WARNING: useCacheForAllThreads is true that may cause Netty to create a lot garbage objects and, as a result, trigger GC.
	It is recommended to disable useCacheForAllThreads by setting -Dorg.apache.ratis.thirdparty.io.netty.allocator.useCacheForAllThreads=false in command line.
2019-10-14 14:58:16,197 [main] INFO  grpc.GrpcConfigKeys$Server (ConfUtils.java:logGet(43)) - raft.grpc.server.port = 0 (default)
2019-10-14 14:58:16,197 [main] INFO  server.GrpcService (ConfUtils.java:logGet(43)) - raft.grpc.message.size.max = 33570816 (custom)
2019-10-14 14:58:16,198 [main] INFO  server.RaftServerConfigKeys (ConfUtils.java:logGet(43)) - raft.server.log.appender.buffer.byte-limit = 33554432 (custom)
2019-10-14 14:58:16,198 [main] INFO  server.GrpcService (ConfUtils.java:logGet(43)) - raft.grpc.flow.control.window = 1MB (=1048576) (default)
2019-10-14 14:58:16,198 [main] INFO  server.RaftServerConfigKeys (ConfUtils.java:logGet(43)) - raft.server.rpc.request.timeout = 3000ms (default)
2019-10-14 14:58:16,198 [main] INFO  server.RaftServerConfigKeys (ConfUtils.java:logGet(43)) - raft.server.storage.dir = [/workdir/hadoop-ozone/integration-test/target/test-dir/MiniOzoneClusterImpl-aa81d3dd-6e87-4dee-8c30-8f43e5632f78/datanode-1/data/ratis] (custom)
2019-10-14 14:58:16,200 [main] INFO  hdfs.DFSUtil (DFSUtil.java:httpServerTemplateForNNAndJN(1641)) - Starting Web-server for hddsDatanode at: http://0.0.0.0:0
2019-10-14 14:58:16,201 [main] INFO  server.AuthenticationFilter (AuthenticationFilter.java:constructSecretProvider(240)) - Unable to initialize FileSignerSecretProvider, falling back to use random secrets.
2019-10-14 14:58:16,201 [main] WARN  http.HttpRequestLog (HttpRequestLog.java:getRequestLog(97)) - Jetty request log can only be enabled using Log4j
2019-10-14 14:58:16,202 [main] INFO  http.HttpServer2 (HttpServer2.java:addGlobalFilter(975)) - Added global filter 'safety' (class=org.apache.hadoop.http.HttpServer2$QuotingInputFilter)
2019-10-14 14:58:16,203 [main] INFO  http.HttpServer2 (HttpServer2.java:addFilter(948)) - Added filter static_user_filter (class=org.apache.hadoop.http.lib.StaticUserWebFilter$StaticUserFilter) to context hddsDatanode
2019-10-14 14:58:16,203 [main] INFO  http.HttpServer2 (HttpServer2.java:addFilter(958)) - Added filter static_user_filter (class=org.apache.hadoop.http.lib.StaticUserWebFilter$StaticUserFilter) to context static
2019-10-14 14:58:16,203 [main] INFO  http.HttpServer2 (HttpServer2.java:addFilter(958)) - Added filter static_user_filter (class=org.apache.hadoop.http.lib.StaticUserWebFilter$StaticUserFilter) to context logs
2019-10-14 14:58:16,203 [main] INFO  http.HttpServer2 (HttpServer2.java:bindListener(1191)) - Jetty bound to port 46533
2019-10-14 14:58:16,204 [main] INFO  server.Server (Server.java:doStart(351)) - jetty-9.3.25.v20180904, build timestamp: 2018-09-04T21:11:46Z, git hash: 3ce520221d0240229c862b122d2b06c12a625732
2019-10-14 14:58:16,205 [main] INFO  handler.ContextHandler (ContextHandler.java:doStart(781)) - Started o.e.j.s.ServletContextHandler@d504137{/logs,file:///workdir/hadoop-ozone/integration-test/target/log,AVAILABLE}
2019-10-14 14:58:16,206 [main] INFO  handler.ContextHandler (ContextHandler.java:doStart(781)) - Started o.e.j.s.ServletContextHandler@e4ca109{/static,jar:file:/home/user/.m2/repository/org/apache/hadoop/hadoop-hdds-container-service/0.5.0-SNAPSHOT/hadoop-hdds-container-service-0.5.0-SNAPSHOT.jar!/webapps/static,AVAILABLE}
2019-10-14 14:58:16,234 [main] INFO  handler.ContextHandler (ContextHandler.java:doStart(781)) - Started o.e.j.w.WebAppContext@45d389f2{/,file:///tmp/jetty-0.0.0.0-46533-hddsDatanode-_-any-8004647295894802940.dir/webapp/,AVAILABLE}{/hddsDatanode}
2019-10-14 14:58:16,234 [main] INFO  server.AbstractConnector (AbstractConnector.java:doStart(278)) - Started ServerConnector@308e87a1{HTTP/1.1,[http/1.1]}{0.0.0.0:46533}
2019-10-14 14:58:16,234 [main] INFO  server.Server (Server.java:doStart(419)) - Started @607060ms
2019-10-14 14:58:16,236 [main] WARN  impl.MetricsSystemImpl (MetricsSystemImpl.java:register(276)) - Sink prometheus already exists!
2019-10-14 14:58:16,237 [main] INFO  server.BaseHttpServer (BaseHttpServer.java:updateConnectorAddress(215)) - HTTP server of HDDSDATANODE is listening at http://0.0.0.0:46533
2019-10-14 14:58:16,237 [main] INFO  impl.MetricsSystemImpl (MetricsSystemImpl.java:init(158)) - HddsDatanode metrics system started (again)
2019-10-14 14:58:16,245 [org.apache.hadoop.util.JvmPauseMonitor$Monitor@6312a3ae] INFO  util.JvmPauseMonitor (JvmPauseMonitor.java:run(188)) - Starting JVM pause monitor
2019-10-14 14:58:16,246 [Datanode State Machine Thread - 0] INFO  datanode.InitDatanodeState (InitDatanodeState.java:persistContainerDatanodeDetails(140)) - DatanodeDetails is persisted to /workdir/hadoop-ozone/integration-test/target/test-dir/MiniOzoneClusterImpl-aa81d3dd-6e87-4dee-8c30-8f43e5632f78/datanode-1/meta/datanode.id
2019-10-14 14:58:16,247 [main] INFO  ozone.HddsDatanodeService (HddsDatanodeService.java:start(184)) - HddsDatanodeService host:pr-hdds-1569-fwkxq-874464227 ip:192.168.5.159
2019-10-14 14:58:16,254 [main] INFO  volume.HddsVolume (HddsVolume.java:<init>(176)) - Creating Volume: /workdir/hadoop-ozone/integration-test/target/test-dir/MiniOzoneClusterImpl-aa81d3dd-6e87-4dee-8c30-8f43e5632f78/datanode-2/data/containers/hdds of  storage type : DISK and capacity : 1482555576320
2019-10-14 14:58:16,255 [main] INFO  volume.VolumeSet (VolumeSet.java:initializeVolumeSet(170)) - Added Volume : /workdir/hadoop-ozone/integration-test/target/test-dir/MiniOzoneClusterImpl-aa81d3dd-6e87-4dee-8c30-8f43e5632f78/datanode-2/data/containers/hdds to VolumeSet
2019-10-14 14:58:16,255 [main] INFO  volume.ThrottledAsyncChecker (ThrottledAsyncChecker.java:schedule(139)) - Scheduling a check for org.apache.hadoop.ozone.container.common.volume.HddsVolume@19dac2d6
2019-10-14 14:58:16,255 [main] INFO  volume.HddsVolumeChecker (HddsVolumeChecker.java:checkAllVolumes(202)) - Scheduled health check for volume org.apache.hadoop.ozone.container.common.volume.HddsVolume@19dac2d6
2019-10-14 14:58:16,270 [main] INFO  impl.RaftServerProxy (ConfUtils.java:logGet(43)) - raft.rpc.type = GRPC (default)
2019-10-14 14:58:16,270 [main] INFO  grpc.GrpcFactory (GrpcFactory.java:checkPooledByteBufAllocatorUseCacheForAllThreads(45)) - PERFORMANCE WARNING: useCacheForAllThreads is true that may cause Netty to create a lot garbage objects and, as a result, trigger GC.
	It is recommended to disable useCacheForAllThreads by setting -Dorg.apache.ratis.thirdparty.io.netty.allocator.useCacheForAllThreads=false in command line.
2019-10-14 14:58:16,270 [main] INFO  grpc.GrpcConfigKeys$Server (ConfUtils.java:logGet(43)) - raft.grpc.server.port = 0 (default)
2019-10-14 14:58:16,271 [main] INFO  server.GrpcService (ConfUtils.java:logGet(43)) - raft.grpc.message.size.max = 33570816 (custom)
2019-10-14 14:58:16,271 [main] INFO  server.RaftServerConfigKeys (ConfUtils.java:logGet(43)) - raft.server.log.appender.buffer.byte-limit = 33554432 (custom)
2019-10-14 14:58:16,271 [main] INFO  server.GrpcService (ConfUtils.java:logGet(43)) - raft.grpc.flow.control.window = 1MB (=1048576) (default)
2019-10-14 14:58:16,271 [main] INFO  server.RaftServerConfigKeys (ConfUtils.java:logGet(43)) - raft.server.rpc.request.timeout = 3000ms (default)
2019-10-14 14:58:16,272 [main] INFO  server.RaftServerConfigKeys (ConfUtils.java:logGet(43)) - raft.server.storage.dir = [/workdir/hadoop-ozone/integration-test/target/test-dir/MiniOzoneClusterImpl-aa81d3dd-6e87-4dee-8c30-8f43e5632f78/datanode-2/data/ratis] (custom)
2019-10-14 14:58:16,273 [main] INFO  hdfs.DFSUtil (DFSUtil.java:httpServerTemplateForNNAndJN(1641)) - Starting Web-server for hddsDatanode at: http://0.0.0.0:0
2019-10-14 14:58:16,274 [main] INFO  server.AuthenticationFilter (AuthenticationFilter.java:constructSecretProvider(240)) - Unable to initialize FileSignerSecretProvider, falling back to use random secrets.
2019-10-14 14:58:16,275 [main] WARN  http.HttpRequestLog (HttpRequestLog.java:getRequestLog(97)) - Jetty request log can only be enabled using Log4j
2019-10-14 14:58:16,277 [main] INFO  http.HttpServer2 (HttpServer2.java:addGlobalFilter(975)) - Added global filter 'safety' (class=org.apache.hadoop.http.HttpServer2$QuotingInputFilter)
2019-10-14 14:58:16,277 [main] INFO  http.HttpServer2 (HttpServer2.java:addFilter(948)) - Added filter static_user_filter (class=org.apache.hadoop.http.lib.StaticUserWebFilter$StaticUserFilter) to context hddsDatanode
2019-10-14 14:58:16,277 [main] INFO  http.HttpServer2 (HttpServer2.java:addFilter(958)) - Added filter static_user_filter (class=org.apache.hadoop.http.lib.StaticUserWebFilter$StaticUserFilter) to context logs
2019-10-14 14:58:16,278 [main] INFO  http.HttpServer2 (HttpServer2.java:addFilter(958)) - Added filter static_user_filter (class=org.apache.hadoop.http.lib.StaticUserWebFilter$StaticUserFilter) to context static
2019-10-14 14:58:16,278 [main] INFO  http.HttpServer2 (HttpServer2.java:bindListener(1191)) - Jetty bound to port 38600
2019-10-14 14:58:16,279 [main] INFO  server.Server (Server.java:doStart(351)) - jetty-9.3.25.v20180904, build timestamp: 2018-09-04T21:11:46Z, git hash: 3ce520221d0240229c862b122d2b06c12a625732
2019-10-14 14:58:16,280 [main] INFO  handler.ContextHandler (ContextHandler.java:doStart(781)) - Started o.e.j.s.ServletContextHandler@4276ad40{/logs,file:///workdir/hadoop-ozone/integration-test/target/log,AVAILABLE}
2019-10-14 14:58:16,281 [main] INFO  handler.ContextHandler (ContextHandler.java:doStart(781)) - Started o.e.j.s.ServletContextHandler@5fb07347{/static,jar:file:/home/user/.m2/repository/org/apache/hadoop/hadoop-hdds-container-service/0.5.0-SNAPSHOT/hadoop-hdds-container-service-0.5.0-SNAPSHOT.jar!/webapps/static,AVAILABLE}
2019-10-14 14:58:16,318 [main] INFO  handler.ContextHandler (ContextHandler.java:doStart(781)) - Started o.e.j.w.WebAppContext@49889154{/,file:///tmp/jetty-0.0.0.0-38600-hddsDatanode-_-any-5670954183423322051.dir/webapp/,AVAILABLE}{/hddsDatanode}
2019-10-14 14:58:16,319 [main] INFO  server.AbstractConnector (AbstractConnector.java:doStart(278)) - Started ServerConnector@5c33008f{HTTP/1.1,[http/1.1]}{0.0.0.0:38600}
2019-10-14 14:58:16,321 [main] INFO  server.Server (Server.java:doStart(419)) - Started @607145ms
2019-10-14 14:58:16,321 [main] WARN  impl.MetricsSystemImpl (MetricsSystemImpl.java:register(276)) - Sink prometheus already exists!
2019-10-14 14:58:16,322 [main] INFO  server.BaseHttpServer (BaseHttpServer.java:updateConnectorAddress(215)) - HTTP server of HDDSDATANODE is listening at http://0.0.0.0:38600
2019-10-14 14:58:16,322 [main] INFO  impl.MetricsSystemImpl (MetricsSystemImpl.java:init(158)) - HddsDatanode metrics system started (again)
2019-10-14 14:58:16,330 [org.apache.hadoop.util.JvmPauseMonitor$Monitor@7e212a00] INFO  util.JvmPauseMonitor (JvmPauseMonitor.java:run(188)) - Starting JVM pause monitor
2019-10-14 14:58:16,330 [main] INFO  ozone.HddsDatanodeService (HddsDatanodeService.java:start(184)) - HddsDatanodeService host:pr-hdds-1569-fwkxq-874464227 ip:192.168.5.159
2019-10-14 14:58:16,330 [Datanode State Machine Thread - 0] INFO  datanode.InitDatanodeState (InitDatanodeState.java:persistContainerDatanodeDetails(140)) - DatanodeDetails is persisted to /workdir/hadoop-ozone/integration-test/target/test-dir/MiniOzoneClusterImpl-aa81d3dd-6e87-4dee-8c30-8f43e5632f78/datanode-2/meta/datanode.id
2019-10-14 14:58:16,338 [main] INFO  volume.HddsVolume (HddsVolume.java:<init>(176)) - Creating Volume: /workdir/hadoop-ozone/integration-test/target/test-dir/MiniOzoneClusterImpl-aa81d3dd-6e87-4dee-8c30-8f43e5632f78/datanode-3/data/containers/hdds of  storage type : DISK and capacity : 1482555576320
2019-10-14 14:58:16,338 [main] INFO  volume.VolumeSet (VolumeSet.java:initializeVolumeSet(170)) - Added Volume : /workdir/hadoop-ozone/integration-test/target/test-dir/MiniOzoneClusterImpl-aa81d3dd-6e87-4dee-8c30-8f43e5632f78/datanode-3/data/containers/hdds to VolumeSet
2019-10-14 14:58:16,339 [main] INFO  volume.ThrottledAsyncChecker (ThrottledAsyncChecker.java:schedule(139)) - Scheduling a check for org.apache.hadoop.ozone.container.common.volume.HddsVolume@7996d0d4
2019-10-14 14:58:16,339 [main] INFO  volume.HddsVolumeChecker (HddsVolumeChecker.java:checkAllVolumes(202)) - Scheduled health check for volume org.apache.hadoop.ozone.container.common.volume.HddsVolume@7996d0d4
2019-10-14 14:58:16,354 [main] INFO  impl.RaftServerProxy (ConfUtils.java:logGet(43)) - raft.rpc.type = GRPC (default)
2019-10-14 14:58:16,354 [main] INFO  grpc.GrpcFactory (GrpcFactory.java:checkPooledByteBufAllocatorUseCacheForAllThreads(45)) - PERFORMANCE WARNING: useCacheForAllThreads is true that may cause Netty to create a lot garbage objects and, as a result, trigger GC.
	It is recommended to disable useCacheForAllThreads by setting -Dorg.apache.ratis.thirdparty.io.netty.allocator.useCacheForAllThreads=false in command line.
2019-10-14 14:58:16,354 [main] INFO  grpc.GrpcConfigKeys$Server (ConfUtils.java:logGet(43)) - raft.grpc.server.port = 0 (default)
2019-10-14 14:58:16,355 [main] INFO  server.GrpcService (ConfUtils.java:logGet(43)) - raft.grpc.message.size.max = 33570816 (custom)
2019-10-14 14:58:16,355 [main] INFO  server.RaftServerConfigKeys (ConfUtils.java:logGet(43)) - raft.server.log.appender.buffer.byte-limit = 33554432 (custom)
2019-10-14 14:58:16,355 [main] INFO  server.GrpcService (ConfUtils.java:logGet(43)) - raft.grpc.flow.control.window = 1MB (=1048576) (default)
2019-10-14 14:58:16,355 [main] INFO  server.RaftServerConfigKeys (ConfUtils.java:logGet(43)) - raft.server.rpc.request.timeout = 3000ms (default)
2019-10-14 14:58:16,356 [main] INFO  server.RaftServerConfigKeys (ConfUtils.java:logGet(43)) - raft.server.storage.dir = [/workdir/hadoop-ozone/integration-test/target/test-dir/MiniOzoneClusterImpl-aa81d3dd-6e87-4dee-8c30-8f43e5632f78/datanode-3/data/ratis] (custom)
2019-10-14 14:58:16,357 [main] INFO  hdfs.DFSUtil (DFSUtil.java:httpServerTemplateForNNAndJN(1641)) - Starting Web-server for hddsDatanode at: http://0.0.0.0:0
2019-10-14 14:58:16,358 [main] INFO  server.AuthenticationFilter (AuthenticationFilter.java:constructSecretProvider(240)) - Unable to initialize FileSignerSecretProvider, falling back to use random secrets.
2019-10-14 14:58:16,358 [main] WARN  http.HttpRequestLog (HttpRequestLog.java:getRequestLog(97)) - Jetty request log can only be enabled using Log4j
2019-10-14 14:58:16,360 [main] INFO  http.HttpServer2 (HttpServer2.java:addGlobalFilter(975)) - Added global filter 'safety' (class=org.apache.hadoop.http.HttpServer2$QuotingInputFilter)
2019-10-14 14:58:16,360 [main] INFO  http.HttpServer2 (HttpServer2.java:addFilter(948)) - Added filter static_user_filter (class=org.apache.hadoop.http.lib.StaticUserWebFilter$StaticUserFilter) to context hddsDatanode
2019-10-14 14:58:16,360 [main] INFO  http.HttpServer2 (HttpServer2.java:addFilter(958)) - Added filter static_user_filter (class=org.apache.hadoop.http.lib.StaticUserWebFilter$StaticUserFilter) to context logs
2019-10-14 14:58:16,360 [main] INFO  http.HttpServer2 (HttpServer2.java:addFilter(958)) - Added filter static_user_filter (class=org.apache.hadoop.http.lib.StaticUserWebFilter$StaticUserFilter) to context static
2019-10-14 14:58:16,361 [main] INFO  http.HttpServer2 (HttpServer2.java:bindListener(1191)) - Jetty bound to port 43021
2019-10-14 14:58:16,361 [main] INFO  server.Server (Server.java:doStart(351)) - jetty-9.3.25.v20180904, build timestamp: 2018-09-04T21:11:46Z, git hash: 3ce520221d0240229c862b122d2b06c12a625732
2019-10-14 14:58:16,362 [main] INFO  handler.ContextHandler (ContextHandler.java:doStart(781)) - Started o.e.j.s.ServletContextHandler@e154848{/logs,file:///workdir/hadoop-ozone/integration-test/target/log,AVAILABLE}
2019-10-14 14:58:16,363 [main] INFO  handler.ContextHandler (ContextHandler.java:doStart(781)) - Started o.e.j.s.ServletContextHandler@60fc7f43{/static,jar:file:/home/user/.m2/repository/org/apache/hadoop/hadoop-hdds-container-service/0.5.0-SNAPSHOT/hadoop-hdds-container-service-0.5.0-SNAPSHOT.jar!/webapps/static,AVAILABLE}
2019-10-14 14:58:16,390 [main] INFO  handler.ContextHandler (ContextHandler.java:doStart(781)) - Started o.e.j.w.WebAppContext@33a47707{/,file:///tmp/jetty-0.0.0.0-43021-hddsDatanode-_-any-7880873434042175205.dir/webapp/,AVAILABLE}{/hddsDatanode}
2019-10-14 14:58:16,391 [main] INFO  server.AbstractConnector (AbstractConnector.java:doStart(278)) - Started ServerConnector@4d290757{HTTP/1.1,[http/1.1]}{0.0.0.0:43021}
2019-10-14 14:58:16,393 [main] INFO  server.Server (Server.java:doStart(419)) - Started @607219ms
2019-10-14 14:58:16,393 [main] WARN  impl.MetricsSystemImpl (MetricsSystemImpl.java:register(276)) - Sink prometheus already exists!
2019-10-14 14:58:16,394 [main] INFO  server.BaseHttpServer (BaseHttpServer.java:updateConnectorAddress(215)) - HTTP server of HDDSDATANODE is listening at http://0.0.0.0:43021
2019-10-14 14:58:16,394 [main] INFO  impl.MetricsSystemImpl (MetricsSystemImpl.java:init(158)) - HddsDatanode metrics system started (again)
2019-10-14 14:58:16,400 [org.apache.hadoop.util.JvmPauseMonitor$Monitor@3e8eea16] INFO  util.JvmPauseMonitor (JvmPauseMonitor.java:run(188)) - Starting JVM pause monitor
2019-10-14 14:58:16,401 [main] INFO  ozone.HddsDatanodeService (HddsDatanodeService.java:start(184)) - HddsDatanodeService host:pr-hdds-1569-fwkxq-874464227 ip:192.168.5.159
2019-10-14 14:58:16,402 [Datanode State Machine Thread - 0] INFO  datanode.InitDatanodeState (InitDatanodeState.java:persistContainerDatanodeDetails(140)) - DatanodeDetails is persisted to /workdir/hadoop-ozone/integration-test/target/test-dir/MiniOzoneClusterImpl-aa81d3dd-6e87-4dee-8c30-8f43e5632f78/datanode-3/meta/datanode.id
2019-10-14 14:58:16,408 [main] INFO  volume.HddsVolume (HddsVolume.java:<init>(176)) - Creating Volume: /workdir/hadoop-ozone/integration-test/target/test-dir/MiniOzoneClusterImpl-aa81d3dd-6e87-4dee-8c30-8f43e5632f78/datanode-4/data/containers/hdds of  storage type : DISK and capacity : 1482555576320
2019-10-14 14:58:16,408 [main] INFO  volume.VolumeSet (VolumeSet.java:initializeVolumeSet(170)) - Added Volume : /workdir/hadoop-ozone/integration-test/target/test-dir/MiniOzoneClusterImpl-aa81d3dd-6e87-4dee-8c30-8f43e5632f78/datanode-4/data/containers/hdds to VolumeSet
2019-10-14 14:58:16,408 [main] INFO  volume.ThrottledAsyncChecker (ThrottledAsyncChecker.java:schedule(139)) - Scheduling a check for org.apache.hadoop.ozone.container.common.volume.HddsVolume@d28c214
2019-10-14 14:58:16,409 [main] INFO  volume.HddsVolumeChecker (HddsVolumeChecker.java:checkAllVolumes(202)) - Scheduled health check for volume org.apache.hadoop.ozone.container.common.volume.HddsVolume@d28c214
2019-10-14 14:58:16,423 [main] INFO  impl.RaftServerProxy (ConfUtils.java:logGet(43)) - raft.rpc.type = GRPC (default)
2019-10-14 14:58:16,423 [main] INFO  grpc.GrpcFactory (GrpcFactory.java:checkPooledByteBufAllocatorUseCacheForAllThreads(45)) - PERFORMANCE WARNING: useCacheForAllThreads is true that may cause Netty to create a lot garbage objects and, as a result, trigger GC.
	It is recommended to disable useCacheForAllThreads by setting -Dorg.apache.ratis.thirdparty.io.netty.allocator.useCacheForAllThreads=false in command line.
2019-10-14 14:58:16,423 [main] INFO  grpc.GrpcConfigKeys$Server (ConfUtils.java:logGet(43)) - raft.grpc.server.port = 0 (default)
2019-10-14 14:58:16,423 [main] INFO  server.GrpcService (ConfUtils.java:logGet(43)) - raft.grpc.message.size.max = 33570816 (custom)
2019-10-14 14:58:16,423 [main] INFO  server.RaftServerConfigKeys (ConfUtils.java:logGet(43)) - raft.server.log.appender.buffer.byte-limit = 33554432 (custom)
2019-10-14 14:58:16,423 [main] INFO  server.GrpcService (ConfUtils.java:logGet(43)) - raft.grpc.flow.control.window = 1MB (=1048576) (default)
2019-10-14 14:58:16,424 [main] INFO  server.RaftServerConfigKeys (ConfUtils.java:logGet(43)) - raft.server.rpc.request.timeout = 3000ms (default)
2019-10-14 14:58:16,424 [main] INFO  server.RaftServerConfigKeys (ConfUtils.java:logGet(43)) - raft.server.storage.dir = [/workdir/hadoop-ozone/integration-test/target/test-dir/MiniOzoneClusterImpl-aa81d3dd-6e87-4dee-8c30-8f43e5632f78/datanode-4/data/ratis] (custom)
2019-10-14 14:58:16,425 [main] INFO  hdfs.DFSUtil (DFSUtil.java:httpServerTemplateForNNAndJN(1641)) - Starting Web-server for hddsDatanode at: http://0.0.0.0:0
2019-10-14 14:58:16,426 [main] INFO  server.AuthenticationFilter (AuthenticationFilter.java:constructSecretProvider(240)) - Unable to initialize FileSignerSecretProvider, falling back to use random secrets.
2019-10-14 14:58:16,427 [main] WARN  http.HttpRequestLog (HttpRequestLog.java:getRequestLog(97)) - Jetty request log can only be enabled using Log4j
2019-10-14 14:58:16,428 [main] INFO  http.HttpServer2 (HttpServer2.java:addGlobalFilter(975)) - Added global filter 'safety' (class=org.apache.hadoop.http.HttpServer2$QuotingInputFilter)
2019-10-14 14:58:16,428 [main] INFO  http.HttpServer2 (HttpServer2.java:addFilter(948)) - Added filter static_user_filter (class=org.apache.hadoop.http.lib.StaticUserWebFilter$StaticUserFilter) to context hddsDatanode
2019-10-14 14:58:16,428 [main] INFO  http.HttpServer2 (HttpServer2.java:addFilter(958)) - Added filter static_user_filter (class=org.apache.hadoop.http.lib.StaticUserWebFilter$StaticUserFilter) to context static
2019-10-14 14:58:16,428 [main] INFO  http.HttpServer2 (HttpServer2.java:addFilter(958)) - Added filter static_user_filter (class=org.apache.hadoop.http.lib.StaticUserWebFilter$StaticUserFilter) to context logs
2019-10-14 14:58:16,429 [main] INFO  http.HttpServer2 (HttpServer2.java:bindListener(1191)) - Jetty bound to port 44098
2019-10-14 14:58:16,429 [main] INFO  server.Server (Server.java:doStart(351)) - jetty-9.3.25.v20180904, build timestamp: 2018-09-04T21:11:46Z, git hash: 3ce520221d0240229c862b122d2b06c12a625732
2019-10-14 14:58:16,430 [main] INFO  handler.ContextHandler (ContextHandler.java:doStart(781)) - Started o.e.j.s.ServletContextHandler@994544{/logs,file:///workdir/hadoop-ozone/integration-test/target/log,AVAILABLE}
2019-10-14 14:58:16,431 [main] INFO  handler.ContextHandler (ContextHandler.java:doStart(781)) - Started o.e.j.s.ServletContextHandler@6f0c45f4{/static,jar:file:/home/user/.m2/repository/org/apache/hadoop/hadoop-hdds-container-service/0.5.0-SNAPSHOT/hadoop-hdds-container-service-0.5.0-SNAPSHOT.jar!/webapps/static,AVAILABLE}
2019-10-14 14:58:16,458 [main] INFO  handler.ContextHandler (ContextHandler.java:doStart(781)) - Started o.e.j.w.WebAppContext@1124910c{/,file:///tmp/jetty-0.0.0.0-44098-hddsDatanode-_-any-8982502642151921659.dir/webapp/,AVAILABLE}{/hddsDatanode}
2019-10-14 14:58:16,458 [main] INFO  server.AbstractConnector (AbstractConnector.java:doStart(278)) - Started ServerConnector@f849027{HTTP/1.1,[http/1.1]}{0.0.0.0:44098}
2019-10-14 14:58:16,460 [main] INFO  server.Server (Server.java:doStart(419)) - Started @607284ms
2019-10-14 14:58:16,460 [main] WARN  impl.MetricsSystemImpl (MetricsSystemImpl.java:register(276)) - Sink prometheus already exists!
2019-10-14 14:58:16,461 [main] INFO  server.BaseHttpServer (BaseHttpServer.java:updateConnectorAddress(215)) - HTTP server of HDDSDATANODE is listening at http://0.0.0.0:44098
2019-10-14 14:58:16,461 [main] INFO  impl.MetricsSystemImpl (MetricsSystemImpl.java:init(158)) - HddsDatanode metrics system started (again)
2019-10-14 14:58:16,468 [org.apache.hadoop.util.JvmPauseMonitor$Monitor@5442673] INFO  util.JvmPauseMonitor (JvmPauseMonitor.java:run(188)) - Starting JVM pause monitor
2019-10-14 14:58:16,469 [main] INFO  ozone.HddsDatanodeService (HddsDatanodeService.java:start(184)) - HddsDatanodeService host:pr-hdds-1569-fwkxq-874464227 ip:192.168.5.159
2019-10-14 14:58:16,470 [Datanode State Machine Thread - 0] INFO  datanode.InitDatanodeState (InitDatanodeState.java:persistContainerDatanodeDetails(140)) - DatanodeDetails is persisted to /workdir/hadoop-ozone/integration-test/target/test-dir/MiniOzoneClusterImpl-aa81d3dd-6e87-4dee-8c30-8f43e5632f78/datanode-4/meta/datanode.id
2019-10-14 14:58:16,476 [main] INFO  volume.HddsVolume (HddsVolume.java:<init>(176)) - Creating Volume: /workdir/hadoop-ozone/integration-test/target/test-dir/MiniOzoneClusterImpl-aa81d3dd-6e87-4dee-8c30-8f43e5632f78/datanode-5/data/containers/hdds of  storage type : DISK and capacity : 1482555576320
2019-10-14 14:58:16,477 [main] INFO  volume.VolumeSet (VolumeSet.java:initializeVolumeSet(170)) - Added Volume : /workdir/hadoop-ozone/integration-test/target/test-dir/MiniOzoneClusterImpl-aa81d3dd-6e87-4dee-8c30-8f43e5632f78/datanode-5/data/containers/hdds to VolumeSet
2019-10-14 14:58:16,477 [main] INFO  volume.ThrottledAsyncChecker (ThrottledAsyncChecker.java:schedule(139)) - Scheduling a check for org.apache.hadoop.ozone.container.common.volume.HddsVolume@7893c715
2019-10-14 14:58:16,478 [main] INFO  volume.HddsVolumeChecker (HddsVolumeChecker.java:checkAllVolumes(202)) - Scheduled health check for volume org.apache.hadoop.ozone.container.common.volume.HddsVolume@7893c715
2019-10-14 14:58:16,497 [main] INFO  impl.RaftServerProxy (ConfUtils.java:logGet(43)) - raft.rpc.type = GRPC (default)
2019-10-14 14:58:16,498 [main] INFO  grpc.GrpcFactory (GrpcFactory.java:checkPooledByteBufAllocatorUseCacheForAllThreads(45)) - PERFORMANCE WARNING: useCacheForAllThreads is true that may cause Netty to create a lot garbage objects and, as a result, trigger GC.
	It is recommended to disable useCacheForAllThreads by setting -Dorg.apache.ratis.thirdparty.io.netty.allocator.useCacheForAllThreads=false in command line.
2019-10-14 14:58:16,498 [main] INFO  grpc.GrpcConfigKeys$Server (ConfUtils.java:logGet(43)) - raft.grpc.server.port = 0 (default)
2019-10-14 14:58:16,498 [main] INFO  server.GrpcService (ConfUtils.java:logGet(43)) - raft.grpc.message.size.max = 33570816 (custom)
2019-10-14 14:58:16,499 [main] INFO  server.RaftServerConfigKeys (ConfUtils.java:logGet(43)) - raft.server.log.appender.buffer.byte-limit = 33554432 (custom)
2019-10-14 14:58:16,499 [main] INFO  server.GrpcService (ConfUtils.java:logGet(43)) - raft.grpc.flow.control.window = 1MB (=1048576) (default)
2019-10-14 14:58:16,499 [main] INFO  server.RaftServerConfigKeys (ConfUtils.java:logGet(43)) - raft.server.rpc.request.timeout = 3000ms (default)
2019-10-14 14:58:16,500 [main] INFO  server.RaftServerConfigKeys (ConfUtils.java:logGet(43)) - raft.server.storage.dir = [/workdir/hadoop-ozone/integration-test/target/test-dir/MiniOzoneClusterImpl-aa81d3dd-6e87-4dee-8c30-8f43e5632f78/datanode-5/data/ratis] (custom)
2019-10-14 14:58:16,501 [main] INFO  hdfs.DFSUtil (DFSUtil.java:httpServerTemplateForNNAndJN(1641)) - Starting Web-server for hddsDatanode at: http://0.0.0.0:0
2019-10-14 14:58:16,503 [main] INFO  server.AuthenticationFilter (AuthenticationFilter.java:constructSecretProvider(240)) - Unable to initialize FileSignerSecretProvider, falling back to use random secrets.
2019-10-14 14:58:16,503 [main] WARN  http.HttpRequestLog (HttpRequestLog.java:getRequestLog(97)) - Jetty request log can only be enabled using Log4j
2019-10-14 14:58:16,505 [main] INFO  http.HttpServer2 (HttpServer2.java:addGlobalFilter(975)) - Added global filter 'safety' (class=org.apache.hadoop.http.HttpServer2$QuotingInputFilter)
2019-10-14 14:58:16,505 [main] INFO  http.HttpServer2 (HttpServer2.java:addFilter(948)) - Added filter static_user_filter (class=org.apache.hadoop.http.lib.StaticUserWebFilter$StaticUserFilter) to context hddsDatanode
2019-10-14 14:58:16,506 [main] INFO  http.HttpServer2 (HttpServer2.java:addFilter(958)) - Added filter static_user_filter (class=org.apache.hadoop.http.lib.StaticUserWebFilter$StaticUserFilter) to context static
2019-10-14 14:58:16,506 [main] INFO  http.HttpServer2 (HttpServer2.java:addFilter(958)) - Added filter static_user_filter (class=org.apache.hadoop.http.lib.StaticUserWebFilter$StaticUserFilter) to context logs
2019-10-14 14:58:16,506 [main] INFO  http.HttpServer2 (HttpServer2.java:bindListener(1191)) - Jetty bound to port 34913
2019-10-14 14:58:16,507 [main] INFO  server.Server (Server.java:doStart(351)) - jetty-9.3.25.v20180904, build timestamp: 2018-09-04T21:11:46Z, git hash: 3ce520221d0240229c862b122d2b06c12a625732
2019-10-14 14:58:16,508 [main] INFO  handler.ContextHandler (ContextHandler.java:doStart(781)) - Started o.e.j.s.ServletContextHandler@176333ee{/logs,file:///workdir/hadoop-ozone/integration-test/target/log,AVAILABLE}
2019-10-14 14:58:16,509 [main] INFO  handler.ContextHandler (ContextHandler.java:doStart(781)) - Started o.e.j.s.ServletContextHandler@316d30ad{/static,jar:file:/home/user/.m2/repository/org/apache/hadoop/hadoop-hdds-container-service/0.5.0-SNAPSHOT/hadoop-hdds-container-service-0.5.0-SNAPSHOT.jar!/webapps/static,AVAILABLE}
2019-10-14 14:58:16,542 [main] INFO  handler.ContextHandler (ContextHandler.java:doStart(781)) - Started o.e.j.w.WebAppContext@2c0798bd{/,file:///tmp/jetty-0.0.0.0-34913-hddsDatanode-_-any-3559247621716267052.dir/webapp/,AVAILABLE}{/hddsDatanode}
2019-10-14 14:58:16,542 [main] INFO  server.AbstractConnector (AbstractConnector.java:doStart(278)) - Started ServerConnector@2e3252{HTTP/1.1,[http/1.1]}{0.0.0.0:34913}
2019-10-14 14:58:16,542 [main] INFO  server.Server (Server.java:doStart(419)) - Started @607368ms
2019-10-14 14:58:16,545 [main] WARN  impl.MetricsSystemImpl (MetricsSystemImpl.java:register(276)) - Sink prometheus already exists!
2019-10-14 14:58:16,545 [main] INFO  server.BaseHttpServer (BaseHttpServer.java:updateConnectorAddress(215)) - HTTP server of HDDSDATANODE is listening at http://0.0.0.0:34913
2019-10-14 14:58:16,546 [main] INFO  impl.MetricsSystemImpl (MetricsSystemImpl.java:init(158)) - HddsDatanode metrics system started (again)
2019-10-14 14:58:16,554 [org.apache.hadoop.util.JvmPauseMonitor$Monitor@4d31fbf0] INFO  util.JvmPauseMonitor (JvmPauseMonitor.java:run(188)) - Starting JVM pause monitor
2019-10-14 14:58:16,555 [main] INFO  ozone.HddsDatanodeService (HddsDatanodeService.java:start(184)) - HddsDatanodeService host:pr-hdds-1569-fwkxq-874464227 ip:192.168.5.159
2019-10-14 14:58:16,555 [Datanode State Machine Thread - 0] INFO  datanode.InitDatanodeState (InitDatanodeState.java:persistContainerDatanodeDetails(140)) - DatanodeDetails is persisted to /workdir/hadoop-ozone/integration-test/target/test-dir/MiniOzoneClusterImpl-aa81d3dd-6e87-4dee-8c30-8f43e5632f78/datanode-5/meta/datanode.id
2019-10-14 14:58:16,567 [main] INFO  volume.HddsVolume (HddsVolume.java:<init>(176)) - Creating Volume: /workdir/hadoop-ozone/integration-test/target/test-dir/MiniOzoneClusterImpl-aa81d3dd-6e87-4dee-8c30-8f43e5632f78/datanode-6/data/containers/hdds of  storage type : DISK and capacity : 1482555576320
2019-10-14 14:58:16,567 [main] INFO  volume.VolumeSet (VolumeSet.java:initializeVolumeSet(170)) - Added Volume : /workdir/hadoop-ozone/integration-test/target/test-dir/MiniOzoneClusterImpl-aa81d3dd-6e87-4dee-8c30-8f43e5632f78/datanode-6/data/containers/hdds to VolumeSet
2019-10-14 14:58:16,567 [main] INFO  volume.ThrottledAsyncChecker (ThrottledAsyncChecker.java:schedule(139)) - Scheduling a check for org.apache.hadoop.ozone.container.common.volume.HddsVolume@74a85515
2019-10-14 14:58:16,568 [main] INFO  volume.HddsVolumeChecker (HddsVolumeChecker.java:checkAllVolumes(202)) - Scheduled health check for volume org.apache.hadoop.ozone.container.common.volume.HddsVolume@74a85515
2019-10-14 14:58:16,581 [main] INFO  impl.RaftServerProxy (ConfUtils.java:logGet(43)) - raft.rpc.type = GRPC (default)
2019-10-14 14:58:16,581 [main] INFO  grpc.GrpcFactory (GrpcFactory.java:checkPooledByteBufAllocatorUseCacheForAllThreads(45)) - PERFORMANCE WARNING: useCacheForAllThreads is true that may cause Netty to create a lot garbage objects and, as a result, trigger GC.
	It is recommended to disable useCacheForAllThreads by setting -Dorg.apache.ratis.thirdparty.io.netty.allocator.useCacheForAllThreads=false in command line.
2019-10-14 14:58:16,581 [main] INFO  grpc.GrpcConfigKeys$Server (ConfUtils.java:logGet(43)) - raft.grpc.server.port = 0 (default)
2019-10-14 14:58:16,582 [main] INFO  server.GrpcService (ConfUtils.java:logGet(43)) - raft.grpc.message.size.max = 33570816 (custom)
2019-10-14 14:58:16,582 [main] INFO  server.RaftServerConfigKeys (ConfUtils.java:logGet(43)) - raft.server.log.appender.buffer.byte-limit = 33554432 (custom)
2019-10-14 14:58:16,582 [main] INFO  server.GrpcService (ConfUtils.java:logGet(43)) - raft.grpc.flow.control.window = 1MB (=1048576) (default)
2019-10-14 14:58:16,582 [main] INFO  server.RaftServerConfigKeys (ConfUtils.java:logGet(43)) - raft.server.rpc.request.timeout = 3000ms (default)
2019-10-14 14:58:16,583 [main] INFO  server.RaftServerConfigKeys (ConfUtils.java:logGet(43)) - raft.server.storage.dir = [/workdir/hadoop-ozone/integration-test/target/test-dir/MiniOzoneClusterImpl-aa81d3dd-6e87-4dee-8c30-8f43e5632f78/datanode-6/data/ratis] (custom)
2019-10-14 14:58:16,584 [main] INFO  hdfs.DFSUtil (DFSUtil.java:httpServerTemplateForNNAndJN(1641)) - Starting Web-server for hddsDatanode at: http://0.0.0.0:0
2019-10-14 14:58:16,585 [main] INFO  server.AuthenticationFilter (AuthenticationFilter.java:constructSecretProvider(240)) - Unable to initialize FileSignerSecretProvider, falling back to use random secrets.
2019-10-14 14:58:16,585 [main] WARN  http.HttpRequestLog (HttpRequestLog.java:getRequestLog(97)) - Jetty request log can only be enabled using Log4j
2019-10-14 14:58:16,587 [main] INFO  http.HttpServer2 (HttpServer2.java:addGlobalFilter(975)) - Added global filter 'safety' (class=org.apache.hadoop.http.HttpServer2$QuotingInputFilter)
2019-10-14 14:58:16,587 [main] INFO  http.HttpServer2 (HttpServer2.java:addFilter(948)) - Added filter static_user_filter (class=org.apache.hadoop.http.lib.StaticUserWebFilter$StaticUserFilter) to context hddsDatanode
2019-10-14 14:58:16,587 [main] INFO  http.HttpServer2 (HttpServer2.java:addFilter(958)) - Added filter static_user_filter (class=org.apache.hadoop.http.lib.StaticUserWebFilter$StaticUserFilter) to context static
2019-10-14 14:58:16,587 [main] INFO  http.HttpServer2 (HttpServer2.java:addFilter(958)) - Added filter static_user_filter (class=org.apache.hadoop.http.lib.StaticUserWebFilter$StaticUserFilter) to context logs
2019-10-14 14:58:16,588 [main] INFO  http.HttpServer2 (HttpServer2.java:bindListener(1191)) - Jetty bound to port 36182
2019-10-14 14:58:16,588 [main] INFO  server.Server (Server.java:doStart(351)) - jetty-9.3.25.v20180904, build timestamp: 2018-09-04T21:11:46Z, git hash: 3ce520221d0240229c862b122d2b06c12a625732
2019-10-14 14:58:16,589 [main] INFO  handler.ContextHandler (ContextHandler.java:doStart(781)) - Started o.e.j.s.ServletContextHandler@4b544732{/logs,file:///workdir/hadoop-ozone/integration-test/target/log,AVAILABLE}
2019-10-14 14:58:16,590 [main] INFO  handler.ContextHandler (ContextHandler.java:doStart(781)) - Started o.e.j.s.ServletContextHandler@6d8b7ea9{/static,jar:file:/home/user/.m2/repository/org/apache/hadoop/hadoop-hdds-container-service/0.5.0-SNAPSHOT/hadoop-hdds-container-service-0.5.0-SNAPSHOT.jar!/webapps/static,AVAILABLE}
2019-10-14 14:58:16,617 [main] INFO  handler.ContextHandler (ContextHandler.java:doStart(781)) - Started o.e.j.w.WebAppContext@f9b8129{/,file:///tmp/jetty-0.0.0.0-36182-hddsDatanode-_-any-8866942225961182429.dir/webapp/,AVAILABLE}{/hddsDatanode}
2019-10-14 14:58:16,617 [main] INFO  server.AbstractConnector (AbstractConnector.java:doStart(278)) - Started ServerConnector@7530090a{HTTP/1.1,[http/1.1]}{0.0.0.0:36182}
2019-10-14 14:58:16,619 [main] INFO  server.Server (Server.java:doStart(419)) - Started @607445ms
2019-10-14 14:58:16,619 [main] WARN  impl.MetricsSystemImpl (MetricsSystemImpl.java:register(276)) - Sink prometheus already exists!
2019-10-14 14:58:16,620 [main] INFO  server.BaseHttpServer (BaseHttpServer.java:updateConnectorAddress(215)) - HTTP server of HDDSDATANODE is listening at http://0.0.0.0:36182
2019-10-14 14:58:16,620 [main] INFO  ozone.MiniOzoneClusterImpl (MiniOzoneClusterImpl.java:lambda$waitForClusterToBeReady$0(147)) - Waiting for cluster to be ready. Got 0 of 7 DN Heartbeats.
2019-10-14 14:58:16,622 [org.apache.hadoop.util.JvmPauseMonitor$Monitor@77092f91] INFO  util.JvmPauseMonitor (JvmPauseMonitor.java:run(188)) - Starting JVM pause monitor
2019-10-14 14:58:16,623 [Datanode State Machine Thread - 0] INFO  datanode.InitDatanodeState (InitDatanodeState.java:persistContainerDatanodeDetails(140)) - DatanodeDetails is persisted to /workdir/hadoop-ozone/integration-test/target/test-dir/MiniOzoneClusterImpl-aa81d3dd-6e87-4dee-8c30-8f43e5632f78/datanode-6/meta/datanode.id
2019-10-14 14:58:17,621 [main] INFO  ozone.MiniOzoneClusterImpl (MiniOzoneClusterImpl.java:lambda$waitForClusterToBeReady$0(147)) - Waiting for cluster to be ready. Got 0 of 7 DN Heartbeats.
2019-10-14 14:58:18,195 [Datanode State Machine Thread - 0] INFO  ozoneimpl.OzoneContainer (OzoneContainer.java:start(217)) - Attempting to start container services.
2019-10-14 14:58:18,195 [Datanode State Machine Thread - 0] INFO  ozoneimpl.OzoneContainer (OzoneContainer.java:startContainerScrub(179)) - Background container scanner has been disabled.
2019-10-14 14:58:18,195 [Datanode State Machine Thread - 0] INFO  ratis.XceiverServerRatis (XceiverServerRatis.java:start(411)) - Starting XceiverServerRatis b765ecb1-ebfa-42dd-8a13-5b9feb228ba9 at port 0
2019-10-14 14:58:18,201 [Datanode State Machine Thread - 0] INFO  impl.RaftServerProxy (RaftServerProxy.java:lambda$start$3(299)) - b765ecb1-ebfa-42dd-8a13-5b9feb228ba9: start RPC server
2019-10-14 14:58:18,202 [Datanode State Machine Thread - 0] INFO  server.GrpcService (GrpcService.java:startImpl(158)) - b765ecb1-ebfa-42dd-8a13-5b9feb228ba9: GrpcService started, listening on 0.0.0.0/0.0.0.0:33315
2019-10-14 14:58:18,203 [Datanode State Machine Thread - 0] INFO  ratis.XceiverServerRatis (XceiverServerRatis.java:start(421)) - XceiverServerRatis b765ecb1-ebfa-42dd-8a13-5b9feb228ba9 is started using port 33315
2019-10-14 14:58:18,203 [Datanode State Machine Thread - 0] INFO  server.XceiverServerGrpc (XceiverServerGrpc.java:start(149)) - XceiverServerGrpc b765ecb1-ebfa-42dd-8a13-5b9feb228ba9 is started using port 34436
2019-10-14 14:58:18,262 [Datanode State Machine Thread - 0] INFO  ozoneimpl.OzoneContainer (OzoneContainer.java:start(217)) - Attempting to start container services.
2019-10-14 14:58:18,262 [Datanode State Machine Thread - 0] INFO  ozoneimpl.OzoneContainer (OzoneContainer.java:startContainerScrub(179)) - Background container scanner has been disabled.
2019-10-14 14:58:18,262 [Datanode State Machine Thread - 0] INFO  ratis.XceiverServerRatis (XceiverServerRatis.java:start(411)) - Starting XceiverServerRatis a0884861-8b64-4900-8d43-9348fc78e683 at port 0
2019-10-14 14:58:18,267 [Datanode State Machine Thread - 0] INFO  impl.RaftServerProxy (RaftServerProxy.java:lambda$start$3(299)) - a0884861-8b64-4900-8d43-9348fc78e683: start RPC server
2019-10-14 14:58:18,268 [Datanode State Machine Thread - 0] INFO  server.GrpcService (GrpcService.java:startImpl(158)) - a0884861-8b64-4900-8d43-9348fc78e683: GrpcService started, listening on 0.0.0.0/0.0.0.0:36871
2019-10-14 14:58:18,268 [Datanode State Machine Thread - 0] INFO  ratis.XceiverServerRatis (XceiverServerRatis.java:start(421)) - XceiverServerRatis a0884861-8b64-4900-8d43-9348fc78e683 is started using port 36871
2019-10-14 14:58:18,268 [Datanode State Machine Thread - 0] INFO  server.XceiverServerGrpc (XceiverServerGrpc.java:start(149)) - XceiverServerGrpc a0884861-8b64-4900-8d43-9348fc78e683 is started using port 40253
2019-10-14 14:58:18,344 [Datanode State Machine Thread - 0] INFO  ozoneimpl.OzoneContainer (OzoneContainer.java:start(217)) - Attempting to start container services.
2019-10-14 14:58:18,344 [Datanode State Machine Thread - 0] INFO  ozoneimpl.OzoneContainer (OzoneContainer.java:startContainerScrub(179)) - Background container scanner has been disabled.
2019-10-14 14:58:18,344 [Datanode State Machine Thread - 0] INFO  ratis.XceiverServerRatis (XceiverServerRatis.java:start(411)) - Starting XceiverServerRatis f9d9ba55-347c-42aa-b343-203ee5e29f8d at port 0
2019-10-14 14:58:18,350 [Datanode State Machine Thread - 0] INFO  impl.RaftServerProxy (RaftServerProxy.java:lambda$start$3(299)) - f9d9ba55-347c-42aa-b343-203ee5e29f8d: start RPC server
2019-10-14 14:58:18,351 [Datanode State Machine Thread - 0] INFO  server.GrpcService (GrpcService.java:startImpl(158)) - f9d9ba55-347c-42aa-b343-203ee5e29f8d: GrpcService started, listening on 0.0.0.0/0.0.0.0:43703
2019-10-14 14:58:18,351 [Datanode State Machine Thread - 0] INFO  ratis.XceiverServerRatis (XceiverServerRatis.java:start(421)) - XceiverServerRatis f9d9ba55-347c-42aa-b343-203ee5e29f8d is started using port 43703
2019-10-14 14:58:18,351 [Datanode State Machine Thread - 0] INFO  server.XceiverServerGrpc (XceiverServerGrpc.java:start(149)) - XceiverServerGrpc f9d9ba55-347c-42aa-b343-203ee5e29f8d is started using port 41297
2019-10-14 14:58:18,414 [Datanode State Machine Thread - 0] INFO  ozoneimpl.OzoneContainer (OzoneContainer.java:start(217)) - Attempting to start container services.
2019-10-14 14:58:18,414 [Datanode State Machine Thread - 0] INFO  ozoneimpl.OzoneContainer (OzoneContainer.java:startContainerScrub(179)) - Background container scanner has been disabled.
2019-10-14 14:58:18,414 [Datanode State Machine Thread - 0] INFO  ratis.XceiverServerRatis (XceiverServerRatis.java:start(411)) - Starting XceiverServerRatis df9e5f57-bd2c-4d2e-90a4-8b7d317b94ee at port 0
2019-10-14 14:58:18,420 [Datanode State Machine Thread - 0] INFO  impl.RaftServerProxy (RaftServerProxy.java:lambda$start$3(299)) - df9e5f57-bd2c-4d2e-90a4-8b7d317b94ee: start RPC server
2019-10-14 14:58:18,420 [Datanode State Machine Thread - 0] INFO  server.GrpcService (GrpcService.java:startImpl(158)) - df9e5f57-bd2c-4d2e-90a4-8b7d317b94ee: GrpcService started, listening on 0.0.0.0/0.0.0.0:45002
2019-10-14 14:58:18,420 [Datanode State Machine Thread - 0] INFO  ratis.XceiverServerRatis (XceiverServerRatis.java:start(421)) - XceiverServerRatis df9e5f57-bd2c-4d2e-90a4-8b7d317b94ee is started using port 45002
2019-10-14 14:58:18,421 [Datanode State Machine Thread - 0] INFO  server.XceiverServerGrpc (XceiverServerGrpc.java:start(149)) - XceiverServerGrpc df9e5f57-bd2c-4d2e-90a4-8b7d317b94ee is started using port 41580
2019-10-14 14:58:18,482 [Datanode State Machine Thread - 0] INFO  ozoneimpl.OzoneContainer (OzoneContainer.java:start(217)) - Attempting to start container services.
2019-10-14 14:58:18,482 [Datanode State Machine Thread - 0] INFO  ozoneimpl.OzoneContainer (OzoneContainer.java:startContainerScrub(179)) - Background container scanner has been disabled.
2019-10-14 14:58:18,483 [Datanode State Machine Thread - 0] INFO  ratis.XceiverServerRatis (XceiverServerRatis.java:start(411)) - Starting XceiverServerRatis 7cf7e218-75a7-48f9-af97-c86dcc9fa8bb at port 0
2019-10-14 14:58:18,489 [Datanode State Machine Thread - 0] INFO  impl.RaftServerProxy (RaftServerProxy.java:lambda$start$3(299)) - 7cf7e218-75a7-48f9-af97-c86dcc9fa8bb: start RPC server
2019-10-14 14:58:18,490 [Datanode State Machine Thread - 0] INFO  server.GrpcService (GrpcService.java:startImpl(158)) - 7cf7e218-75a7-48f9-af97-c86dcc9fa8bb: GrpcService started, listening on 0.0.0.0/0.0.0.0:39572
2019-10-14 14:58:18,490 [Datanode State Machine Thread - 0] INFO  ratis.XceiverServerRatis (XceiverServerRatis.java:start(421)) - XceiverServerRatis 7cf7e218-75a7-48f9-af97-c86dcc9fa8bb is started using port 39572
2019-10-14 14:58:18,491 [Datanode State Machine Thread - 0] INFO  server.XceiverServerGrpc (XceiverServerGrpc.java:start(149)) - XceiverServerGrpc 7cf7e218-75a7-48f9-af97-c86dcc9fa8bb is started using port 40298
2019-10-14 14:58:18,569 [Datanode State Machine Thread - 0] INFO  ozoneimpl.OzoneContainer (OzoneContainer.java:start(217)) - Attempting to start container services.
2019-10-14 14:58:18,570 [Datanode State Machine Thread - 0] INFO  ozoneimpl.OzoneContainer (OzoneContainer.java:startContainerScrub(179)) - Background container scanner has been disabled.
2019-10-14 14:58:18,570 [Datanode State Machine Thread - 0] INFO  ratis.XceiverServerRatis (XceiverServerRatis.java:start(411)) - Starting XceiverServerRatis 805c446b-b997-4105-8957-3233a3685cc7 at port 0
2019-10-14 14:58:18,578 [Datanode State Machine Thread - 0] INFO  impl.RaftServerProxy (RaftServerProxy.java:lambda$start$3(299)) - 805c446b-b997-4105-8957-3233a3685cc7: start RPC server
2019-10-14 14:58:18,606 [Datanode State Machine Thread - 0] INFO  server.GrpcService (GrpcService.java:startImpl(158)) - 805c446b-b997-4105-8957-3233a3685cc7: GrpcService started, listening on 0.0.0.0/0.0.0.0:45708
2019-10-14 14:58:18,606 [Datanode State Machine Thread - 0] INFO  ratis.XceiverServerRatis (XceiverServerRatis.java:start(421)) - XceiverServerRatis 805c446b-b997-4105-8957-3233a3685cc7 is started using port 45708
2019-10-14 14:58:18,607 [Datanode State Machine Thread - 0] INFO  server.XceiverServerGrpc (XceiverServerGrpc.java:start(149)) - XceiverServerGrpc 805c446b-b997-4105-8957-3233a3685cc7 is started using port 34265
2019-10-14 14:58:18,621 [main] INFO  ozone.MiniOzoneClusterImpl (MiniOzoneClusterImpl.java:lambda$waitForClusterToBeReady$0(147)) - Waiting for cluster to be ready. Got 0 of 7 DN Heartbeats.
2019-10-14 14:58:18,636 [Datanode State Machine Thread - 0] INFO  ozoneimpl.OzoneContainer (OzoneContainer.java:start(217)) - Attempting to start container services.
2019-10-14 14:58:18,636 [Datanode State Machine Thread - 0] INFO  ozoneimpl.OzoneContainer (OzoneContainer.java:startContainerScrub(179)) - Background container scanner has been disabled.
2019-10-14 14:58:18,636 [Datanode State Machine Thread - 0] INFO  ratis.XceiverServerRatis (XceiverServerRatis.java:start(411)) - Starting XceiverServerRatis b6736591-a50b-4ef5-84f2-574cdc5435b3 at port 0
2019-10-14 14:58:18,645 [Datanode State Machine Thread - 0] INFO  impl.RaftServerProxy (RaftServerProxy.java:lambda$start$3(299)) - b6736591-a50b-4ef5-84f2-574cdc5435b3: start RPC server
2019-10-14 14:58:18,648 [Datanode State Machine Thread - 0] INFO  server.GrpcService (GrpcService.java:startImpl(158)) - b6736591-a50b-4ef5-84f2-574cdc5435b3: GrpcService started, listening on 0.0.0.0/0.0.0.0:38807
2019-10-14 14:58:18,648 [Datanode State Machine Thread - 0] INFO  ratis.XceiverServerRatis (XceiverServerRatis.java:start(421)) - XceiverServerRatis b6736591-a50b-4ef5-84f2-574cdc5435b3 is started using port 38807
2019-10-14 14:58:18,649 [Datanode State Machine Thread - 0] INFO  server.XceiverServerGrpc (XceiverServerGrpc.java:start(149)) - XceiverServerGrpc b6736591-a50b-4ef5-84f2-574cdc5435b3 is started using port 37014
2019-10-14 14:58:19,622 [main] INFO  ozone.MiniOzoneClusterImpl (MiniOzoneClusterImpl.java:lambda$waitForClusterToBeReady$0(147)) - Waiting for cluster to be ready. Got 0 of 7 DN Heartbeats.
2019-10-14 14:58:20,183 [IPC Server handler 3 on 39100] INFO  net.NetworkTopology (NetworkTopologyImpl.java:add(111)) - Added a new node: /default-rack/b765ecb1-ebfa-42dd-8a13-5b9feb228ba9
2019-10-14 14:58:20,186 [IPC Server handler 3 on 39100] INFO  node.SCMNodeManager (SCMNodeManager.java:register(266)) - Registered Data node : b765ecb1-ebfa-42dd-8a13-5b9feb228ba9{ip: 192.168.5.159, host: pr-hdds-1569-fwkxq-874464227, networkLocation: /default-rack, certSerialId: null}
2019-10-14 14:58:20,187 [EventQueue-NodeRegistrationContainerReportForDataNodeSafeModeRule] INFO  safemode.SCMSafeModeManager (DataNodeSafeModeRule.java:process(71)) - SCM in safe mode. 1 DataNodes registered, 1 required.
2019-10-14 14:58:20,190 [EventQueue-NodeRegistrationContainerReportForDataNodeSafeModeRule] INFO  safemode.SCMSafeModeManager (SCMSafeModeManager.java:validateSafeModeExitRules(177)) - ScmSafeModeManager, all rules are successfully validated
2019-10-14 14:58:20,191 [EventQueue-NodeRegistrationContainerReportForDataNodeSafeModeRule] INFO  safemode.SCMSafeModeManager (SCMSafeModeManager.java:exitSafeMode(193)) - SCM exiting safe mode.
2019-10-14 14:58:20,200 [grpc-default-executor-10] INFO  impl.RaftServerProxy (RaftServerProxy.java:addNew(89)) - b765ecb1-ebfa-42dd-8a13-5b9feb228ba9: addNew group-D75401EEA1F0:[b765ecb1-ebfa-42dd-8a13-5b9feb228ba9:192.168.5.159:33315] returns group-D75401EEA1F0:java.util.concurrent.CompletableFuture@6153d908[Not completed]
2019-10-14 14:58:20,201 [pool-589-thread-1] INFO  impl.RaftServerImpl (RaftServerImpl.java:<init>(95)) - b765ecb1-ebfa-42dd-8a13-5b9feb228ba9: new RaftServerImpl for group-D75401EEA1F0:[b765ecb1-ebfa-42dd-8a13-5b9feb228ba9:192.168.5.159:33315] with ContainerStateMachine:uninitialized
2019-10-14 14:58:20,202 [pool-589-thread-1] INFO  server.RaftServerConfigKeys (ConfUtils.java:logGet(43)) - raft.server.rpc.timeout.min = 5s (custom)
2019-10-14 14:58:20,202 [pool-589-thread-1] INFO  server.RaftServerConfigKeys (ConfUtils.java:logGet(43)) - raft.server.rpc.timeout.max = 5200ms (custom)
2019-10-14 14:58:20,202 [pool-589-thread-1] INFO  server.RaftServerConfigKeys (ConfUtils.java:logGet(43)) - raft.server.rpcslowness.timeout = 120s (custom)
2019-10-14 14:58:20,202 [pool-589-thread-1] INFO  server.RaftServerConfigKeys (ConfUtils.java:logGet(43)) - raft.server.sleep.deviation.threshold = 300 (default)
2019-10-14 14:58:20,202 [pool-589-thread-1] INFO  server.RaftServerConfigKeys (ConfUtils.java:logGet(43)) - raft.server.log.appender.install.snapshot.enabled = false (custom)
2019-10-14 14:58:20,202 [pool-589-thread-1] INFO  impl.RaftServerImpl (ServerState.java:<init>(103)) - b765ecb1-ebfa-42dd-8a13-5b9feb228ba9@group-D75401EEA1F0: ConfigurationManager, init=-1: [b765ecb1-ebfa-42dd-8a13-5b9feb228ba9:192.168.5.159:33315], old=null, confs=<EMPTY_MAP>
2019-10-14 14:58:20,203 [pool-589-thread-1] INFO  server.RaftServerConfigKeys (ConfUtils.java:logGet(43)) - raft.server.storage.dir = [/workdir/hadoop-ozone/integration-test/target/test-dir/MiniOzoneClusterImpl-aa81d3dd-6e87-4dee-8c30-8f43e5632f78/datanode-0/data/ratis] (custom)
2019-10-14 14:58:20,203 [pool-589-thread-1] INFO  storage.RaftStorageDirectory (RaftStorageDirectory.java:analyzeStorage(246)) - The storage directory /workdir/hadoop-ozone/integration-test/target/test-dir/MiniOzoneClusterImpl-aa81d3dd-6e87-4dee-8c30-8f43e5632f78/datanode-0/data/ratis/00058ee8-f08b-4e9f-989a-d75401eea1f0 does not exist. Creating ...
2019-10-14 14:58:20,216 [pool-589-thread-1] INFO  storage.RaftStorageDirectory (RaftStorageDirectory.java:tryLock(328)) - Lock on /workdir/hadoop-ozone/integration-test/target/test-dir/MiniOzoneClusterImpl-aa81d3dd-6e87-4dee-8c30-8f43e5632f78/datanode-0/data/ratis/00058ee8-f08b-4e9f-989a-d75401eea1f0/in_use.lock acquired by nodename 7901@pr-hdds-1569-fwkxq-874464227
2019-10-14 14:58:20,229 [pool-589-thread-1] INFO  storage.RaftStorage (RaftStorage.java:format(72)) - Storage directory /workdir/hadoop-ozone/integration-test/target/test-dir/MiniOzoneClusterImpl-aa81d3dd-6e87-4dee-8c30-8f43e5632f78/datanode-0/data/ratis/00058ee8-f08b-4e9f-989a-d75401eea1f0 has been successfully formatted.
2019-10-14 14:58:20,229 [pool-589-thread-1] INFO  ratis.ContainerStateMachine (ContainerStateMachine.java:loadSnapshot(230)) - group-D75401EEA1F0: The snapshot info is null. Setting the last applied indexto:(t:0, i:~)
2019-10-14 14:58:20,229 [pool-589-thread-1] INFO  server.RaftServerConfigKeys (ConfUtils.java:logGet(43)) - raft.server.notification.no-leader.timeout = 120s (custom)
2019-10-14 14:58:20,229 [pool-589-thread-1] INFO  server.RaftServerConfigKeys (ConfUtils.java:logGet(43)) - raft.server.log.use.memory = false (default)
2019-10-14 14:58:20,230 [pool-589-thread-1] INFO  server.RaftServerConfigKeys (ConfUtils.java:logGet(43)) - raft.server.log.purge.gap = 1000000 (custom)
2019-10-14 14:58:20,230 [pool-589-thread-1] INFO  server.RaftServerConfigKeys (ConfUtils.java:logGet(43)) - raft.server.log.appender.buffer.byte-limit = 33554432 (custom)
2019-10-14 14:58:20,230 [pool-589-thread-1] INFO  server.RaftServerConfigKeys (ConfUtils.java:logGet(43)) - raft.server.log.segment.size.max = 1048576 (custom)
2019-10-14 14:58:20,230 [pool-589-thread-1] INFO  server.RaftServerConfigKeys (ConfUtils.java:logGet(43)) - raft.server.log.segment.cache.num.max = 2 (custom)
2019-10-14 14:58:20,231 [pool-589-thread-1] INFO  segmented.SegmentedRaftLogWorker (SegmentedRaftLogWorker.java:<init>(172)) - new b765ecb1-ebfa-42dd-8a13-5b9feb228ba9@group-D75401EEA1F0-SegmentedRaftLogWorker for RaftStorage:Storage Directory /workdir/hadoop-ozone/integration-test/target/test-dir/MiniOzoneClusterImpl-aa81d3dd-6e87-4dee-8c30-8f43e5632f78/datanode-0/data/ratis/00058ee8-f08b-4e9f-989a-d75401eea1f0
2019-10-14 14:58:20,233 [pool-589-thread-1] INFO  server.RaftServerConfigKeys (ConfUtils.java:logGet(43)) - raft.server.log.queue.byte-limit = 2147483647 (custom)
2019-10-14 14:58:20,233 [pool-589-thread-1] INFO  server.RaftServerConfigKeys (ConfUtils.java:logGet(43)) - raft.server.log.queue.element-limit = 1024 (custom)
2019-10-14 14:58:20,233 [pool-589-thread-1] INFO  server.RaftServerConfigKeys (ConfUtils.java:logGet(43)) - raft.server.log.segment.size.max = 1048576 (custom)
2019-10-14 14:58:20,233 [pool-589-thread-1] INFO  server.RaftServerConfigKeys (ConfUtils.java:logGet(43)) - raft.server.log.preallocated.size = 16384 (custom)
2019-10-14 14:58:20,234 [pool-589-thread-1] INFO  server.RaftServerConfigKeys (ConfUtils.java:logGet(43)) - raft.server.log.write.buffer.size = 33554432 (custom)
2019-10-14 14:58:20,234 [pool-589-thread-1] INFO  server.RaftServerConfigKeys (ConfUtils.java:logGet(43)) - raft.server.log.force.sync.num = 128 (default)
2019-10-14 14:58:20,234 [pool-589-thread-1] INFO  server.RaftServerConfigKeys (ConfUtils.java:logGet(43)) - raft.server.log.statemachine.data.sync = true (default)
2019-10-14 14:58:20,234 [pool-589-thread-1] INFO  server.RaftServerConfigKeys (ConfUtils.java:logGet(43)) - raft.server.log.statemachine.data.sync.timeout = 10s (default)
2019-10-14 14:58:20,234 [pool-589-thread-1] INFO  server.RaftServerConfigKeys (ConfUtils.java:logGet(43)) - raft.server.log.statemachine.data.sync.timeout.retry = -1 (default)
2019-10-14 14:58:20,234 [pool-589-thread-1] INFO  server.RaftServerConfigKeys (ConfUtils.java:logGet(43)) - raft.server.log.statemachine.data.caching.enabled = true (custom)
2019-10-14 14:58:20,235 [pool-589-thread-1] INFO  segmented.SegmentedRaftLogWorker (SegmentedRaftLogWorker.java:lambda$new$0(132)) - b765ecb1-ebfa-42dd-8a13-5b9feb228ba9@group-D75401EEA1F0-SegmentedRaftLogWorker: flushIndex: setUnconditionally 0 -> -1
2019-10-14 14:58:20,235 [pool-589-thread-1] INFO  server.RaftServerConfigKeys (ConfUtils.java:logGet(43)) - raft.server.snapshot.auto.trigger.enabled = true (custom)
2019-10-14 14:58:20,235 [pool-589-thread-1] INFO  server.RaftServerConfigKeys (ConfUtils.java:logGet(43)) - raft.server.snapshot.auto.trigger.threshold = 10000 (custom)
2019-10-14 14:58:20,236 [pool-589-thread-1] INFO  server.RaftServerConfigKeys (ConfUtils.java:logGet(43)) - raft.server.snapshot.retention.num.files = 5 (custom)
2019-10-14 14:58:20,236 [pool-589-thread-1] INFO  server.RaftServerConfigKeys (ConfUtils.java:logGet(43)) - raft.server.retrycache.expirytime = 600000ms (custom)
2019-10-14 14:58:20,237 [pool-589-thread-1] INFO  impl.RaftServerImpl (RaftServerImpl.java:start(185)) - b765ecb1-ebfa-42dd-8a13-5b9feb228ba9@group-D75401EEA1F0: start as a follower, conf=-1: [b765ecb1-ebfa-42dd-8a13-5b9feb228ba9:192.168.5.159:33315], old=null
2019-10-14 14:58:20,237 [pool-589-thread-1] INFO  impl.RaftServerImpl (RaftServerImpl.java:setRole(174)) - b765ecb1-ebfa-42dd-8a13-5b9feb228ba9@group-D75401EEA1F0: changes role from      null to FOLLOWER at term 0 for startAsFollower
2019-10-14 14:58:20,238 [pool-589-thread-1] INFO  impl.RoleInfo (RoleInfo.java:updateAndGet(143)) - b765ecb1-ebfa-42dd-8a13-5b9feb228ba9: start FollowerState
2019-10-14 14:58:20,238 [pool-589-thread-1] INFO  util.JmxRegister (JmxRegister.java:tryRegister(44)) - Successfully registered JMX Bean with object name Ratis:service=RaftServer,group=group-D75401EEA1F0,id=b765ecb1-ebfa-42dd-8a13-5b9feb228ba9
2019-10-14 14:58:20,241 [RatisPipelineUtilsThread] INFO  pipeline.PipelineStateManager (PipelineStateManager.java:addPipeline(56)) - Created pipeline Pipeline[ Id: 00058ee8-f08b-4e9f-989a-d75401eea1f0, Nodes: b765ecb1-ebfa-42dd-8a13-5b9feb228ba9{ip: 192.168.5.159, host: pr-hdds-1569-fwkxq-874464227, networkLocation: /default-rack, certSerialId: null}, Type:RATIS, Factor:ONE, State:OPEN]
2019-10-14 14:58:20,241 [RatisPipelineUtilsThread] ERROR pipeline.SCMPipelineManager (SCMPipelineManager.java:createPipeline(193)) - Pipeline creation failed.
org.apache.hadoop.hdds.scm.exceptions.SCMException: Cannot create pipeline of factor 1 using 0 nodes. Used 1 nodes. Healthy nodes 1
	at org.apache.hadoop.hdds.scm.pipeline.RatisPipelineProvider.pickNodesNeverUsed(RatisPipelineProvider.java:116)
	at org.apache.hadoop.hdds.scm.pipeline.RatisPipelineProvider.create(RatisPipelineProvider.java:128)
	at org.apache.hadoop.hdds.scm.pipeline.PipelineFactory.create(PipelineFactory.java:58)
	at org.apache.hadoop.hdds.scm.pipeline.SCMPipelineManager.createPipeline(SCMPipelineManager.java:183)
	at org.apache.hadoop.hdds.scm.pipeline.BackgroundPipelineCreator.createPipelines(BackgroundPipelineCreator.java:100)
	at java.util.concurrent.Executors$RunnableAdapter.call(Executors.java:511)
	at java.util.concurrent.FutureTask.run(FutureTask.java:266)
	at java.util.concurrent.ScheduledThreadPoolExecutor$ScheduledFutureTask.access$201(ScheduledThreadPoolExecutor.java:180)
	at java.util.concurrent.ScheduledThreadPoolExecutor$ScheduledFutureTask.run(ScheduledThreadPoolExecutor.java:293)
	at java.util.concurrent.ThreadPoolExecutor.runWorker(ThreadPoolExecutor.java:1149)
	at java.util.concurrent.ThreadPoolExecutor$Worker.run(ThreadPoolExecutor.java:624)
	at java.lang.Thread.run(Thread.java:748)
2019-10-14 14:58:20,242 [RatisPipelineUtilsThread] ERROR pipeline.PipelinePlacementPolicy (PipelinePlacementPolicy.java:filterViableNodes(144)) - Not enough healthy nodes to allocate pipeline. 3  datanodes required. Found 1
2019-10-14 14:58:20,242 [RatisPipelineUtilsThread] ERROR pipeline.SCMPipelineManager (SCMPipelineManager.java:createPipeline(193)) - Pipeline creation failed.
org.apache.hadoop.hdds.scm.exceptions.SCMException: Not enough healthy nodes to allocate pipeline. 3  datanodes required. Found 1
	at org.apache.hadoop.hdds.scm.pipeline.PipelinePlacementPolicy.filterViableNodes(PipelinePlacementPolicy.java:145)
	at org.apache.hadoop.hdds.scm.pipeline.PipelinePlacementPolicy.chooseDatanodes(PipelinePlacementPolicy.java:186)
	at org.apache.hadoop.hdds.scm.pipeline.RatisPipelineProvider.create(RatisPipelineProvider.java:131)
	at org.apache.hadoop.hdds.scm.pipeline.PipelineFactory.create(PipelineFactory.java:58)
	at org.apache.hadoop.hdds.scm.pipeline.SCMPipelineManager.createPipeline(SCMPipelineManager.java:183)
	at org.apache.hadoop.hdds.scm.pipeline.BackgroundPipelineCreator.createPipelines(BackgroundPipelineCreator.java:100)
	at java.util.concurrent.Executors$RunnableAdapter.call(Executors.java:511)
	at java.util.concurrent.FutureTask.run(FutureTask.java:266)
	at java.util.concurrent.ScheduledThreadPoolExecutor$ScheduledFutureTask.access$201(ScheduledThreadPoolExecutor.java:180)
	at java.util.concurrent.ScheduledThreadPoolExecutor$ScheduledFutureTask.run(ScheduledThreadPoolExecutor.java:293)
	at java.util.concurrent.ThreadPoolExecutor.runWorker(ThreadPoolExecutor.java:1149)
	at java.util.concurrent.ThreadPoolExecutor$Worker.run(ThreadPoolExecutor.java:624)
	at java.lang.Thread.run(Thread.java:748)
2019-10-14 14:58:20,243 [RatisPipelineUtilsThread] ERROR pipeline.SCMPipelineManager (SCMPipelineManager.java:createPipeline(193)) - Pipeline creation failed.
org.apache.hadoop.hdds.scm.exceptions.SCMException: Cannot create pipeline of factor 1 using 0 nodes. Used 1 nodes. Healthy nodes 1
	at org.apache.hadoop.hdds.scm.pipeline.RatisPipelineProvider.pickNodesNeverUsed(RatisPipelineProvider.java:116)
	at org.apache.hadoop.hdds.scm.pipeline.RatisPipelineProvider.create(RatisPipelineProvider.java:128)
	at org.apache.hadoop.hdds.scm.pipeline.PipelineFactory.create(PipelineFactory.java:58)
	at org.apache.hadoop.hdds.scm.pipeline.SCMPipelineManager.createPipeline(SCMPipelineManager.java:183)
	at org.apache.hadoop.hdds.scm.pipeline.BackgroundPipelineCreator.createPipelines(BackgroundPipelineCreator.java:100)
	at org.apache.hadoop.hdds.scm.pipeline.BackgroundPipelineCreator.lambda$startFixedIntervalPipelineCreator$0(BackgroundPipelineCreator.java:70)
	at java.util.concurrent.Executors$RunnableAdapter.call(Executors.java:511)
	at java.util.concurrent.FutureTask.runAndReset(FutureTask.java:308)
	at java.util.concurrent.ScheduledThreadPoolExecutor$ScheduledFutureTask.access$301(ScheduledThreadPoolExecutor.java:180)
	at java.util.concurrent.ScheduledThreadPoolExecutor$ScheduledFutureTask.run(ScheduledThreadPoolExecutor.java:294)
	at java.util.concurrent.ThreadPoolExecutor.runWorker(ThreadPoolExecutor.java:1149)
	at java.util.concurrent.ThreadPoolExecutor$Worker.run(ThreadPoolExecutor.java:624)
	at java.lang.Thread.run(Thread.java:748)
2019-10-14 14:58:20,243 [RatisPipelineUtilsThread] ERROR pipeline.PipelinePlacementPolicy (PipelinePlacementPolicy.java:filterViableNodes(144)) - Not enough healthy nodes to allocate pipeline. 3  datanodes required. Found 1
2019-10-14 14:58:20,243 [RatisPipelineUtilsThread] ERROR pipeline.SCMPipelineManager (SCMPipelineManager.java:createPipeline(193)) - Pipeline creation failed.
org.apache.hadoop.hdds.scm.exceptions.SCMException: Not enough healthy nodes to allocate pipeline. 3  datanodes required. Found 1
	at org.apache.hadoop.hdds.scm.pipeline.PipelinePlacementPolicy.filterViableNodes(PipelinePlacementPolicy.java:145)
	at org.apache.hadoop.hdds.scm.pipeline.PipelinePlacementPolicy.chooseDatanodes(PipelinePlacementPolicy.java:186)
	at org.apache.hadoop.hdds.scm.pipeline.RatisPipelineProvider.create(RatisPipelineProvider.java:131)
	at org.apache.hadoop.hdds.scm.pipeline.PipelineFactory.create(PipelineFactory.java:58)
	at org.apache.hadoop.hdds.scm.pipeline.SCMPipelineManager.createPipeline(SCMPipelineManager.java:183)
	at org.apache.hadoop.hdds.scm.pipeline.BackgroundPipelineCreator.createPipelines(BackgroundPipelineCreator.java:100)
	at org.apache.hadoop.hdds.scm.pipeline.BackgroundPipelineCreator.lambda$startFixedIntervalPipelineCreator$0(BackgroundPipelineCreator.java:70)
	at java.util.concurrent.Executors$RunnableAdapter.call(Executors.java:511)
	at java.util.concurrent.FutureTask.runAndReset(FutureTask.java:308)
	at java.util.concurrent.ScheduledThreadPoolExecutor$ScheduledFutureTask.access$301(ScheduledThreadPoolExecutor.java:180)
	at java.util.concurrent.ScheduledThreadPoolExecutor$ScheduledFutureTask.run(ScheduledThreadPoolExecutor.java:294)
	at java.util.concurrent.ThreadPoolExecutor.runWorker(ThreadPoolExecutor.java:1149)
	at java.util.concurrent.ThreadPoolExecutor$Worker.run(ThreadPoolExecutor.java:624)
	at java.lang.Thread.run(Thread.java:748)
2019-10-14 14:58:20,248 [IPC Server handler 4 on 39100] INFO  net.NetworkTopology (NetworkTopologyImpl.java:add(111)) - Added a new node: /default-rack/a0884861-8b64-4900-8d43-9348fc78e683
2019-10-14 14:58:20,248 [IPC Server handler 4 on 39100] INFO  node.SCMNodeManager (SCMNodeManager.java:register(266)) - Registered Data node : a0884861-8b64-4900-8d43-9348fc78e683{ip: 192.168.5.159, host: pr-hdds-1569-fwkxq-874464227, networkLocation: /default-rack, certSerialId: null}
2019-10-14 14:58:20,267 [grpc-default-executor-10] INFO  impl.RaftServerProxy (RaftServerProxy.java:addNew(89)) - a0884861-8b64-4900-8d43-9348fc78e683: addNew group-0F28B8A14D51:[a0884861-8b64-4900-8d43-9348fc78e683:192.168.5.159:36871] returns group-0F28B8A14D51:java.util.concurrent.CompletableFuture@5adbdb97[Not completed]
2019-10-14 14:58:20,269 [pool-599-thread-1] INFO  impl.RaftServerImpl (RaftServerImpl.java:<init>(95)) - a0884861-8b64-4900-8d43-9348fc78e683: new RaftServerImpl for group-0F28B8A14D51:[a0884861-8b64-4900-8d43-9348fc78e683:192.168.5.159:36871] with ContainerStateMachine:uninitialized
2019-10-14 14:58:20,269 [pool-599-thread-1] INFO  server.RaftServerConfigKeys (ConfUtils.java:logGet(43)) - raft.server.rpc.timeout.min = 5s (custom)
2019-10-14 14:58:20,270 [pool-599-thread-1] INFO  server.RaftServerConfigKeys (ConfUtils.java:logGet(43)) - raft.server.rpc.timeout.max = 5200ms (custom)
2019-10-14 14:58:20,270 [pool-599-thread-1] INFO  server.RaftServerConfigKeys (ConfUtils.java:logGet(43)) - raft.server.rpcslowness.timeout = 120s (custom)
2019-10-14 14:58:20,270 [pool-599-thread-1] INFO  server.RaftServerConfigKeys (ConfUtils.java:logGet(43)) - raft.server.sleep.deviation.threshold = 300 (default)
2019-10-14 14:58:20,270 [pool-599-thread-1] INFO  server.RaftServerConfigKeys (ConfUtils.java:logGet(43)) - raft.server.log.appender.install.snapshot.enabled = false (custom)
2019-10-14 14:58:20,270 [pool-599-thread-1] INFO  impl.RaftServerImpl (ServerState.java:<init>(103)) - a0884861-8b64-4900-8d43-9348fc78e683@group-0F28B8A14D51: ConfigurationManager, init=-1: [a0884861-8b64-4900-8d43-9348fc78e683:192.168.5.159:36871], old=null, confs=<EMPTY_MAP>
2019-10-14 14:58:20,270 [pool-599-thread-1] INFO  server.RaftServerConfigKeys (ConfUtils.java:logGet(43)) - raft.server.storage.dir = [/workdir/hadoop-ozone/integration-test/target/test-dir/MiniOzoneClusterImpl-aa81d3dd-6e87-4dee-8c30-8f43e5632f78/datanode-1/data/ratis] (custom)
2019-10-14 14:58:20,271 [pool-599-thread-1] INFO  storage.RaftStorageDirectory (RaftStorageDirectory.java:analyzeStorage(246)) - The storage directory /workdir/hadoop-ozone/integration-test/target/test-dir/MiniOzoneClusterImpl-aa81d3dd-6e87-4dee-8c30-8f43e5632f78/datanode-1/data/ratis/8c504ec0-a648-4bd6-a98e-0f28b8a14d51 does not exist. Creating ...
2019-10-14 14:58:20,283 [pool-599-thread-1] INFO  storage.RaftStorageDirectory (RaftStorageDirectory.java:tryLock(328)) - Lock on /workdir/hadoop-ozone/integration-test/target/test-dir/MiniOzoneClusterImpl-aa81d3dd-6e87-4dee-8c30-8f43e5632f78/datanode-1/data/ratis/8c504ec0-a648-4bd6-a98e-0f28b8a14d51/in_use.lock acquired by nodename 7901@pr-hdds-1569-fwkxq-874464227
2019-10-14 14:58:20,296 [pool-599-thread-1] INFO  storage.RaftStorage (RaftStorage.java:format(72)) - Storage directory /workdir/hadoop-ozone/integration-test/target/test-dir/MiniOzoneClusterImpl-aa81d3dd-6e87-4dee-8c30-8f43e5632f78/datanode-1/data/ratis/8c504ec0-a648-4bd6-a98e-0f28b8a14d51 has been successfully formatted.
2019-10-14 14:58:20,297 [pool-599-thread-1] INFO  ratis.ContainerStateMachine (ContainerStateMachine.java:loadSnapshot(230)) - group-0F28B8A14D51: The snapshot info is null. Setting the last applied indexto:(t:0, i:~)
2019-10-14 14:58:20,297 [pool-599-thread-1] INFO  server.RaftServerConfigKeys (ConfUtils.java:logGet(43)) - raft.server.notification.no-leader.timeout = 120s (custom)
2019-10-14 14:58:20,297 [pool-599-thread-1] INFO  server.RaftServerConfigKeys (ConfUtils.java:logGet(43)) - raft.server.log.use.memory = false (default)
2019-10-14 14:58:20,297 [pool-599-thread-1] INFO  server.RaftServerConfigKeys (ConfUtils.java:logGet(43)) - raft.server.log.purge.gap = 1000000 (custom)
2019-10-14 14:58:20,297 [pool-599-thread-1] INFO  server.RaftServerConfigKeys (ConfUtils.java:logGet(43)) - raft.server.log.appender.buffer.byte-limit = 33554432 (custom)
2019-10-14 14:58:20,297 [pool-599-thread-1] INFO  server.RaftServerConfigKeys (ConfUtils.java:logGet(43)) - raft.server.log.segment.size.max = 1048576 (custom)
2019-10-14 14:58:20,297 [pool-599-thread-1] INFO  server.RaftServerConfigKeys (ConfUtils.java:logGet(43)) - raft.server.log.segment.cache.num.max = 2 (custom)
2019-10-14 14:58:20,297 [pool-599-thread-1] INFO  segmented.SegmentedRaftLogWorker (SegmentedRaftLogWorker.java:<init>(172)) - new a0884861-8b64-4900-8d43-9348fc78e683@group-0F28B8A14D51-SegmentedRaftLogWorker for RaftStorage:Storage Directory /workdir/hadoop-ozone/integration-test/target/test-dir/MiniOzoneClusterImpl-aa81d3dd-6e87-4dee-8c30-8f43e5632f78/datanode-1/data/ratis/8c504ec0-a648-4bd6-a98e-0f28b8a14d51
2019-10-14 14:58:20,299 [pool-599-thread-1] INFO  server.RaftServerConfigKeys (ConfUtils.java:logGet(43)) - raft.server.log.queue.byte-limit = 2147483647 (custom)
2019-10-14 14:58:20,299 [pool-599-thread-1] INFO  server.RaftServerConfigKeys (ConfUtils.java:logGet(43)) - raft.server.log.queue.element-limit = 1024 (custom)
2019-10-14 14:58:20,300 [pool-599-thread-1] INFO  server.RaftServerConfigKeys (ConfUtils.java:logGet(43)) - raft.server.log.segment.size.max = 1048576 (custom)
2019-10-14 14:58:20,300 [pool-599-thread-1] INFO  server.RaftServerConfigKeys (ConfUtils.java:logGet(43)) - raft.server.log.preallocated.size = 16384 (custom)
2019-10-14 14:58:20,300 [pool-599-thread-1] INFO  server.RaftServerConfigKeys (ConfUtils.java:logGet(43)) - raft.server.log.write.buffer.size = 33554432 (custom)
2019-10-14 14:58:20,300 [pool-599-thread-1] INFO  server.RaftServerConfigKeys (ConfUtils.java:logGet(43)) - raft.server.log.force.sync.num = 128 (default)
2019-10-14 14:58:20,300 [pool-599-thread-1] INFO  server.RaftServerConfigKeys (ConfUtils.java:logGet(43)) - raft.server.log.statemachine.data.sync = true (default)
2019-10-14 14:58:20,300 [pool-599-thread-1] INFO  server.RaftServerConfigKeys (ConfUtils.java:logGet(43)) - raft.server.log.statemachine.data.sync.timeout = 10s (default)
2019-10-14 14:58:20,300 [pool-599-thread-1] INFO  server.RaftServerConfigKeys (ConfUtils.java:logGet(43)) - raft.server.log.statemachine.data.sync.timeout.retry = -1 (default)
2019-10-14 14:58:20,301 [pool-599-thread-1] INFO  server.RaftServerConfigKeys (ConfUtils.java:logGet(43)) - raft.server.log.statemachine.data.caching.enabled = true (custom)
2019-10-14 14:58:20,301 [pool-599-thread-1] INFO  segmented.SegmentedRaftLogWorker (SegmentedRaftLogWorker.java:lambda$new$0(132)) - a0884861-8b64-4900-8d43-9348fc78e683@group-0F28B8A14D51-SegmentedRaftLogWorker: flushIndex: setUnconditionally 0 -> -1
2019-10-14 14:58:20,301 [pool-599-thread-1] INFO  server.RaftServerConfigKeys (ConfUtils.java:logGet(43)) - raft.server.snapshot.auto.trigger.enabled = true (custom)
2019-10-14 14:58:20,301 [pool-599-thread-1] INFO  server.RaftServerConfigKeys (ConfUtils.java:logGet(43)) - raft.server.snapshot.auto.trigger.threshold = 10000 (custom)
2019-10-14 14:58:20,301 [pool-599-thread-1] INFO  server.RaftServerConfigKeys (ConfUtils.java:logGet(43)) - raft.server.snapshot.retention.num.files = 5 (custom)
2019-10-14 14:58:20,302 [pool-599-thread-1] INFO  server.RaftServerConfigKeys (ConfUtils.java:logGet(43)) - raft.server.retrycache.expirytime = 600000ms (custom)
2019-10-14 14:58:20,303 [pool-599-thread-1] INFO  impl.RaftServerImpl (RaftServerImpl.java:start(185)) - a0884861-8b64-4900-8d43-9348fc78e683@group-0F28B8A14D51: start as a follower, conf=-1: [a0884861-8b64-4900-8d43-9348fc78e683:192.168.5.159:36871], old=null
2019-10-14 14:58:20,303 [pool-599-thread-1] INFO  impl.RaftServerImpl (RaftServerImpl.java:setRole(174)) - a0884861-8b64-4900-8d43-9348fc78e683@group-0F28B8A14D51: changes role from      null to FOLLOWER at term 0 for startAsFollower
2019-10-14 14:58:20,303 [pool-599-thread-1] INFO  impl.RoleInfo (RoleInfo.java:updateAndGet(143)) - a0884861-8b64-4900-8d43-9348fc78e683: start FollowerState
2019-10-14 14:58:20,304 [pool-599-thread-1] INFO  util.JmxRegister (JmxRegister.java:tryRegister(44)) - Successfully registered JMX Bean with object name Ratis:service=RaftServer,group=group-0F28B8A14D51,id=a0884861-8b64-4900-8d43-9348fc78e683
2019-10-14 14:58:20,317 [RatisPipelineUtilsThread] INFO  pipeline.PipelineStateManager (PipelineStateManager.java:addPipeline(56)) - Created pipeline Pipeline[ Id: 8c504ec0-a648-4bd6-a98e-0f28b8a14d51, Nodes: a0884861-8b64-4900-8d43-9348fc78e683{ip: 192.168.5.159, host: pr-hdds-1569-fwkxq-874464227, networkLocation: /default-rack, certSerialId: null}, Type:RATIS, Factor:ONE, State:OPEN]
2019-10-14 14:58:20,318 [RatisPipelineUtilsThread] ERROR pipeline.SCMPipelineManager (SCMPipelineManager.java:createPipeline(193)) - Pipeline creation failed.
org.apache.hadoop.hdds.scm.exceptions.SCMException: Cannot create pipeline of factor 1 using 0 nodes. Used 2 nodes. Healthy nodes 2
	at org.apache.hadoop.hdds.scm.pipeline.RatisPipelineProvider.pickNodesNeverUsed(RatisPipelineProvider.java:116)
	at org.apache.hadoop.hdds.scm.pipeline.RatisPipelineProvider.create(RatisPipelineProvider.java:128)
	at org.apache.hadoop.hdds.scm.pipeline.PipelineFactory.create(PipelineFactory.java:58)
	at org.apache.hadoop.hdds.scm.pipeline.SCMPipelineManager.createPipeline(SCMPipelineManager.java:183)
	at org.apache.hadoop.hdds.scm.pipeline.BackgroundPipelineCreator.createPipelines(BackgroundPipelineCreator.java:100)
	at java.util.concurrent.Executors$RunnableAdapter.call(Executors.java:511)
	at java.util.concurrent.FutureTask.run(FutureTask.java:266)
	at java.util.concurrent.ScheduledThreadPoolExecutor$ScheduledFutureTask.access$201(ScheduledThreadPoolExecutor.java:180)
	at java.util.concurrent.ScheduledThreadPoolExecutor$ScheduledFutureTask.run(ScheduledThreadPoolExecutor.java:293)
	at java.util.concurrent.ThreadPoolExecutor.runWorker(ThreadPoolExecutor.java:1149)
	at java.util.concurrent.ThreadPoolExecutor$Worker.run(ThreadPoolExecutor.java:624)
	at java.lang.Thread.run(Thread.java:748)
2019-10-14 14:58:20,318 [RatisPipelineUtilsThread] ERROR pipeline.PipelinePlacementPolicy (PipelinePlacementPolicy.java:filterViableNodes(144)) - Not enough healthy nodes to allocate pipeline. 3  datanodes required. Found 2
2019-10-14 14:58:20,319 [RatisPipelineUtilsThread] ERROR pipeline.SCMPipelineManager (SCMPipelineManager.java:createPipeline(193)) - Pipeline creation failed.
org.apache.hadoop.hdds.scm.exceptions.SCMException: Not enough healthy nodes to allocate pipeline. 3  datanodes required. Found 2
	at org.apache.hadoop.hdds.scm.pipeline.PipelinePlacementPolicy.filterViableNodes(PipelinePlacementPolicy.java:145)
	at org.apache.hadoop.hdds.scm.pipeline.PipelinePlacementPolicy.chooseDatanodes(PipelinePlacementPolicy.java:186)
	at org.apache.hadoop.hdds.scm.pipeline.RatisPipelineProvider.create(RatisPipelineProvider.java:131)
	at org.apache.hadoop.hdds.scm.pipeline.PipelineFactory.create(PipelineFactory.java:58)
	at org.apache.hadoop.hdds.scm.pipeline.SCMPipelineManager.createPipeline(SCMPipelineManager.java:183)
	at org.apache.hadoop.hdds.scm.pipeline.BackgroundPipelineCreator.createPipelines(BackgroundPipelineCreator.java:100)
	at java.util.concurrent.Executors$RunnableAdapter.call(Executors.java:511)
	at java.util.concurrent.FutureTask.run(FutureTask.java:266)
	at java.util.concurrent.ScheduledThreadPoolExecutor$ScheduledFutureTask.access$201(ScheduledThreadPoolExecutor.java:180)
	at java.util.concurrent.ScheduledThreadPoolExecutor$ScheduledFutureTask.run(ScheduledThreadPoolExecutor.java:293)
	at java.util.concurrent.ThreadPoolExecutor.runWorker(ThreadPoolExecutor.java:1149)
	at java.util.concurrent.ThreadPoolExecutor$Worker.run(ThreadPoolExecutor.java:624)
	at java.lang.Thread.run(Thread.java:748)
2019-10-14 14:58:20,331 [IPC Server handler 5 on 39100] INFO  net.NetworkTopology (NetworkTopologyImpl.java:add(111)) - Added a new node: /default-rack/f9d9ba55-347c-42aa-b343-203ee5e29f8d
2019-10-14 14:58:20,331 [IPC Server handler 5 on 39100] INFO  node.SCMNodeManager (SCMNodeManager.java:register(266)) - Registered Data node : f9d9ba55-347c-42aa-b343-203ee5e29f8d{ip: 192.168.5.159, host: pr-hdds-1569-fwkxq-874464227, networkLocation: /default-rack, certSerialId: null}
2019-10-14 14:58:20,342 [grpc-default-executor-10] INFO  impl.RaftServerProxy (RaftServerProxy.java:addNew(89)) - f9d9ba55-347c-42aa-b343-203ee5e29f8d: addNew group-663520570865:[f9d9ba55-347c-42aa-b343-203ee5e29f8d:192.168.5.159:43703] returns group-663520570865:java.util.concurrent.CompletableFuture@49d7dd76[Not completed]
2019-10-14 14:58:20,344 [pool-609-thread-1] INFO  impl.RaftServerImpl (RaftServerImpl.java:<init>(95)) - f9d9ba55-347c-42aa-b343-203ee5e29f8d: new RaftServerImpl for group-663520570865:[f9d9ba55-347c-42aa-b343-203ee5e29f8d:192.168.5.159:43703] with ContainerStateMachine:uninitialized
2019-10-14 14:58:20,344 [pool-609-thread-1] INFO  server.RaftServerConfigKeys (ConfUtils.java:logGet(43)) - raft.server.rpc.timeout.min = 5s (custom)
2019-10-14 14:58:20,344 [pool-609-thread-1] INFO  server.RaftServerConfigKeys (ConfUtils.java:logGet(43)) - raft.server.rpc.timeout.max = 5200ms (custom)
2019-10-14 14:58:20,344 [pool-609-thread-1] INFO  server.RaftServerConfigKeys (ConfUtils.java:logGet(43)) - raft.server.rpcslowness.timeout = 120s (custom)
2019-10-14 14:58:20,345 [pool-609-thread-1] INFO  server.RaftServerConfigKeys (ConfUtils.java:logGet(43)) - raft.server.sleep.deviation.threshold = 300 (default)
2019-10-14 14:58:20,345 [pool-609-thread-1] INFO  server.RaftServerConfigKeys (ConfUtils.java:logGet(43)) - raft.server.log.appender.install.snapshot.enabled = false (custom)
2019-10-14 14:58:20,345 [pool-609-thread-1] INFO  impl.RaftServerImpl (ServerState.java:<init>(103)) - f9d9ba55-347c-42aa-b343-203ee5e29f8d@group-663520570865: ConfigurationManager, init=-1: [f9d9ba55-347c-42aa-b343-203ee5e29f8d:192.168.5.159:43703], old=null, confs=<EMPTY_MAP>
2019-10-14 14:58:20,345 [pool-609-thread-1] INFO  server.RaftServerConfigKeys (ConfUtils.java:logGet(43)) - raft.server.storage.dir = [/workdir/hadoop-ozone/integration-test/target/test-dir/MiniOzoneClusterImpl-aa81d3dd-6e87-4dee-8c30-8f43e5632f78/datanode-2/data/ratis] (custom)
2019-10-14 14:58:20,346 [pool-609-thread-1] INFO  storage.RaftStorageDirectory (RaftStorageDirectory.java:analyzeStorage(246)) - The storage directory /workdir/hadoop-ozone/integration-test/target/test-dir/MiniOzoneClusterImpl-aa81d3dd-6e87-4dee-8c30-8f43e5632f78/datanode-2/data/ratis/cb690736-d3ed-410e-a2a7-663520570865 does not exist. Creating ...
2019-10-14 14:58:20,361 [pool-609-thread-1] INFO  storage.RaftStorageDirectory (RaftStorageDirectory.java:tryLock(328)) - Lock on /workdir/hadoop-ozone/integration-test/target/test-dir/MiniOzoneClusterImpl-aa81d3dd-6e87-4dee-8c30-8f43e5632f78/datanode-2/data/ratis/cb690736-d3ed-410e-a2a7-663520570865/in_use.lock acquired by nodename 7901@pr-hdds-1569-fwkxq-874464227
2019-10-14 14:58:20,374 [pool-609-thread-1] INFO  storage.RaftStorage (RaftStorage.java:format(72)) - Storage directory /workdir/hadoop-ozone/integration-test/target/test-dir/MiniOzoneClusterImpl-aa81d3dd-6e87-4dee-8c30-8f43e5632f78/datanode-2/data/ratis/cb690736-d3ed-410e-a2a7-663520570865 has been successfully formatted.
2019-10-14 14:58:20,375 [pool-609-thread-1] INFO  ratis.ContainerStateMachine (ContainerStateMachine.java:loadSnapshot(230)) - group-663520570865: The snapshot info is null. Setting the last applied indexto:(t:0, i:~)
2019-10-14 14:58:20,375 [pool-609-thread-1] INFO  server.RaftServerConfigKeys (ConfUtils.java:logGet(43)) - raft.server.notification.no-leader.timeout = 120s (custom)
2019-10-14 14:58:20,375 [pool-609-thread-1] INFO  server.RaftServerConfigKeys (ConfUtils.java:logGet(43)) - raft.server.log.use.memory = false (default)
2019-10-14 14:58:20,375 [pool-609-thread-1] INFO  server.RaftServerConfigKeys (ConfUtils.java:logGet(43)) - raft.server.log.purge.gap = 1000000 (custom)
2019-10-14 14:58:20,375 [pool-609-thread-1] INFO  server.RaftServerConfigKeys (ConfUtils.java:logGet(43)) - raft.server.log.appender.buffer.byte-limit = 33554432 (custom)
2019-10-14 14:58:20,376 [pool-609-thread-1] INFO  server.RaftServerConfigKeys (ConfUtils.java:logGet(43)) - raft.server.log.segment.size.max = 1048576 (custom)
2019-10-14 14:58:20,376 [pool-609-thread-1] INFO  server.RaftServerConfigKeys (ConfUtils.java:logGet(43)) - raft.server.log.segment.cache.num.max = 2 (custom)
2019-10-14 14:58:20,376 [pool-609-thread-1] INFO  segmented.SegmentedRaftLogWorker (SegmentedRaftLogWorker.java:<init>(172)) - new f9d9ba55-347c-42aa-b343-203ee5e29f8d@group-663520570865-SegmentedRaftLogWorker for RaftStorage:Storage Directory /workdir/hadoop-ozone/integration-test/target/test-dir/MiniOzoneClusterImpl-aa81d3dd-6e87-4dee-8c30-8f43e5632f78/datanode-2/data/ratis/cb690736-d3ed-410e-a2a7-663520570865
2019-10-14 14:58:20,378 [pool-609-thread-1] INFO  server.RaftServerConfigKeys (ConfUtils.java:logGet(43)) - raft.server.log.queue.byte-limit = 2147483647 (custom)
2019-10-14 14:58:20,378 [pool-609-thread-1] INFO  server.RaftServerConfigKeys (ConfUtils.java:logGet(43)) - raft.server.log.queue.element-limit = 1024 (custom)
2019-10-14 14:58:20,378 [pool-609-thread-1] INFO  server.RaftServerConfigKeys (ConfUtils.java:logGet(43)) - raft.server.log.segment.size.max = 1048576 (custom)
2019-10-14 14:58:20,378 [pool-609-thread-1] INFO  server.RaftServerConfigKeys (ConfUtils.java:logGet(43)) - raft.server.log.preallocated.size = 16384 (custom)
2019-10-14 14:58:20,378 [pool-609-thread-1] INFO  server.RaftServerConfigKeys (ConfUtils.java:logGet(43)) - raft.server.log.write.buffer.size = 33554432 (custom)
2019-10-14 14:58:20,378 [pool-609-thread-1] INFO  server.RaftServerConfigKeys (ConfUtils.java:logGet(43)) - raft.server.log.force.sync.num = 128 (default)
2019-10-14 14:58:20,379 [pool-609-thread-1] INFO  server.RaftServerConfigKeys (ConfUtils.java:logGet(43)) - raft.server.log.statemachine.data.sync = true (default)
2019-10-14 14:58:20,379 [pool-609-thread-1] INFO  server.RaftServerConfigKeys (ConfUtils.java:logGet(43)) - raft.server.log.statemachine.data.sync.timeout = 10s (default)
2019-10-14 14:58:20,379 [pool-609-thread-1] INFO  server.RaftServerConfigKeys (ConfUtils.java:logGet(43)) - raft.server.log.statemachine.data.sync.timeout.retry = -1 (default)
2019-10-14 14:58:20,379 [pool-609-thread-1] INFO  server.RaftServerConfigKeys (ConfUtils.java:logGet(43)) - raft.server.log.statemachine.data.caching.enabled = true (custom)
2019-10-14 14:58:20,379 [pool-609-thread-1] INFO  segmented.SegmentedRaftLogWorker (SegmentedRaftLogWorker.java:lambda$new$0(132)) - f9d9ba55-347c-42aa-b343-203ee5e29f8d@group-663520570865-SegmentedRaftLogWorker: flushIndex: setUnconditionally 0 -> -1
2019-10-14 14:58:20,380 [pool-609-thread-1] INFO  server.RaftServerConfigKeys (ConfUtils.java:logGet(43)) - raft.server.snapshot.auto.trigger.enabled = true (custom)
2019-10-14 14:58:20,380 [pool-609-thread-1] INFO  server.RaftServerConfigKeys (ConfUtils.java:logGet(43)) - raft.server.snapshot.auto.trigger.threshold = 10000 (custom)
2019-10-14 14:58:20,380 [pool-609-thread-1] INFO  server.RaftServerConfigKeys (ConfUtils.java:logGet(43)) - raft.server.snapshot.retention.num.files = 5 (custom)
2019-10-14 14:58:20,380 [pool-609-thread-1] INFO  server.RaftServerConfigKeys (ConfUtils.java:logGet(43)) - raft.server.retrycache.expirytime = 600000ms (custom)
2019-10-14 14:58:20,382 [pool-609-thread-1] INFO  impl.RaftServerImpl (RaftServerImpl.java:start(185)) - f9d9ba55-347c-42aa-b343-203ee5e29f8d@group-663520570865: start as a follower, conf=-1: [f9d9ba55-347c-42aa-b343-203ee5e29f8d:192.168.5.159:43703], old=null
2019-10-14 14:58:20,382 [pool-609-thread-1] INFO  impl.RaftServerImpl (RaftServerImpl.java:setRole(174)) - f9d9ba55-347c-42aa-b343-203ee5e29f8d@group-663520570865: changes role from      null to FOLLOWER at term 0 for startAsFollower
2019-10-14 14:58:20,382 [pool-609-thread-1] INFO  impl.RoleInfo (RoleInfo.java:updateAndGet(143)) - f9d9ba55-347c-42aa-b343-203ee5e29f8d: start FollowerState
2019-10-14 14:58:20,383 [pool-609-thread-1] INFO  util.JmxRegister (JmxRegister.java:tryRegister(44)) - Successfully registered JMX Bean with object name Ratis:service=RaftServer,group=group-663520570865,id=f9d9ba55-347c-42aa-b343-203ee5e29f8d
2019-10-14 14:58:20,385 [RatisPipelineUtilsThread] INFO  pipeline.PipelineStateManager (PipelineStateManager.java:addPipeline(56)) - Created pipeline Pipeline[ Id: cb690736-d3ed-410e-a2a7-663520570865, Nodes: f9d9ba55-347c-42aa-b343-203ee5e29f8d{ip: 192.168.5.159, host: pr-hdds-1569-fwkxq-874464227, networkLocation: /default-rack, certSerialId: null}, Type:RATIS, Factor:ONE, State:OPEN]
2019-10-14 14:58:20,386 [RatisPipelineUtilsThread] ERROR pipeline.SCMPipelineManager (SCMPipelineManager.java:createPipeline(193)) - Pipeline creation failed.
org.apache.hadoop.hdds.scm.exceptions.SCMException: Cannot create pipeline of factor 1 using 0 nodes. Used 3 nodes. Healthy nodes 3
	at org.apache.hadoop.hdds.scm.pipeline.RatisPipelineProvider.pickNodesNeverUsed(RatisPipelineProvider.java:116)
	at org.apache.hadoop.hdds.scm.pipeline.RatisPipelineProvider.create(RatisPipelineProvider.java:128)
	at org.apache.hadoop.hdds.scm.pipeline.PipelineFactory.create(PipelineFactory.java:58)
	at org.apache.hadoop.hdds.scm.pipeline.SCMPipelineManager.createPipeline(SCMPipelineManager.java:183)
	at org.apache.hadoop.hdds.scm.pipeline.BackgroundPipelineCreator.createPipelines(BackgroundPipelineCreator.java:100)
	at java.util.concurrent.Executors$RunnableAdapter.call(Executors.java:511)
	at java.util.concurrent.FutureTask.run(FutureTask.java:266)
	at java.util.concurrent.ScheduledThreadPoolExecutor$ScheduledFutureTask.access$201(ScheduledThreadPoolExecutor.java:180)
	at java.util.concurrent.ScheduledThreadPoolExecutor$ScheduledFutureTask.run(ScheduledThreadPoolExecutor.java:293)
	at java.util.concurrent.ThreadPoolExecutor.runWorker(ThreadPoolExecutor.java:1149)
	at java.util.concurrent.ThreadPoolExecutor$Worker.run(ThreadPoolExecutor.java:624)
	at java.lang.Thread.run(Thread.java:748)
2019-10-14 14:58:20,398 [grpc-default-executor-10] INFO  impl.RaftServerProxy (RaftServerProxy.java:addNew(89)) - a0884861-8b64-4900-8d43-9348fc78e683: addNew group-CE24CBCD653A:[b765ecb1-ebfa-42dd-8a13-5b9feb228ba9:192.168.5.159:33315, a0884861-8b64-4900-8d43-9348fc78e683:192.168.5.159:36871, f9d9ba55-347c-42aa-b343-203ee5e29f8d:192.168.5.159:43703] returns group-CE24CBCD653A:java.util.concurrent.CompletableFuture@16223e75[Not completed]
2019-10-14 14:58:20,398 [grpc-default-executor-10] INFO  impl.RaftServerProxy (RaftServerProxy.java:addNew(89)) - f9d9ba55-347c-42aa-b343-203ee5e29f8d: addNew group-CE24CBCD653A:[b765ecb1-ebfa-42dd-8a13-5b9feb228ba9:192.168.5.159:33315, a0884861-8b64-4900-8d43-9348fc78e683:192.168.5.159:36871, f9d9ba55-347c-42aa-b343-203ee5e29f8d:192.168.5.159:43703] returns group-CE24CBCD653A:java.util.concurrent.CompletableFuture@135612f9[Not completed]
2019-10-14 14:58:20,399 [pool-599-thread-1] INFO  impl.RaftServerImpl (RaftServerImpl.java:<init>(95)) - a0884861-8b64-4900-8d43-9348fc78e683: new RaftServerImpl for group-CE24CBCD653A:[b765ecb1-ebfa-42dd-8a13-5b9feb228ba9:192.168.5.159:33315, a0884861-8b64-4900-8d43-9348fc78e683:192.168.5.159:36871, f9d9ba55-347c-42aa-b343-203ee5e29f8d:192.168.5.159:43703] with ContainerStateMachine:uninitialized
2019-10-14 14:58:20,399 [grpc-default-executor-10] INFO  impl.RaftServerProxy (RaftServerProxy.java:addNew(89)) - b765ecb1-ebfa-42dd-8a13-5b9feb228ba9: addNew group-CE24CBCD653A:[b765ecb1-ebfa-42dd-8a13-5b9feb228ba9:192.168.5.159:33315, a0884861-8b64-4900-8d43-9348fc78e683:192.168.5.159:36871, f9d9ba55-347c-42aa-b343-203ee5e29f8d:192.168.5.159:43703] returns group-CE24CBCD653A:java.util.concurrent.CompletableFuture@649d5188[Not completed]
2019-10-14 14:58:20,399 [pool-599-thread-1] INFO  server.RaftServerConfigKeys (ConfUtils.java:logGet(43)) - raft.server.rpc.timeout.min = 5s (custom)
2019-10-14 14:58:20,399 [pool-599-thread-1] INFO  server.RaftServerConfigKeys (ConfUtils.java:logGet(43)) - raft.server.rpc.timeout.max = 5200ms (custom)
2019-10-14 14:58:20,399 [pool-609-thread-1] INFO  impl.RaftServerImpl (RaftServerImpl.java:<init>(95)) - f9d9ba55-347c-42aa-b343-203ee5e29f8d: new RaftServerImpl for group-CE24CBCD653A:[b765ecb1-ebfa-42dd-8a13-5b9feb228ba9:192.168.5.159:33315, a0884861-8b64-4900-8d43-9348fc78e683:192.168.5.159:36871, f9d9ba55-347c-42aa-b343-203ee5e29f8d:192.168.5.159:43703] with ContainerStateMachine:uninitialized
2019-10-14 14:58:20,399 [pool-599-thread-1] INFO  server.RaftServerConfigKeys (ConfUtils.java:logGet(43)) - raft.server.rpcslowness.timeout = 120s (custom)
2019-10-14 14:58:20,399 [pool-609-thread-1] INFO  server.RaftServerConfigKeys (ConfUtils.java:logGet(43)) - raft.server.rpc.timeout.min = 5s (custom)
2019-10-14 14:58:20,399 [pool-599-thread-1] INFO  server.RaftServerConfigKeys (ConfUtils.java:logGet(43)) - raft.server.sleep.deviation.threshold = 300 (default)
2019-10-14 14:58:20,400 [pool-589-thread-1] INFO  impl.RaftServerImpl (RaftServerImpl.java:<init>(95)) - b765ecb1-ebfa-42dd-8a13-5b9feb228ba9: new RaftServerImpl for group-CE24CBCD653A:[b765ecb1-ebfa-42dd-8a13-5b9feb228ba9:192.168.5.159:33315, a0884861-8b64-4900-8d43-9348fc78e683:192.168.5.159:36871, f9d9ba55-347c-42aa-b343-203ee5e29f8d:192.168.5.159:43703] with ContainerStateMachine:uninitialized
2019-10-14 14:58:20,399 [pool-609-thread-1] INFO  server.RaftServerConfigKeys (ConfUtils.java:logGet(43)) - raft.server.rpc.timeout.max = 5200ms (custom)
2019-10-14 14:58:20,400 [pool-589-thread-1] INFO  server.RaftServerConfigKeys (ConfUtils.java:logGet(43)) - raft.server.rpc.timeout.min = 5s (custom)
2019-10-14 14:58:20,400 [pool-589-thread-1] INFO  server.RaftServerConfigKeys (ConfUtils.java:logGet(43)) - raft.server.rpc.timeout.max = 5200ms (custom)
2019-10-14 14:58:20,400 [pool-599-thread-1] INFO  server.RaftServerConfigKeys (ConfUtils.java:logGet(43)) - raft.server.log.appender.install.snapshot.enabled = false (custom)
2019-10-14 14:58:20,400 [pool-589-thread-1] INFO  server.RaftServerConfigKeys (ConfUtils.java:logGet(43)) - raft.server.rpcslowness.timeout = 120s (custom)
2019-10-14 14:58:20,400 [pool-609-thread-1] INFO  server.RaftServerConfigKeys (ConfUtils.java:logGet(43)) - raft.server.rpcslowness.timeout = 120s (custom)
2019-10-14 14:58:20,400 [pool-589-thread-1] INFO  server.RaftServerConfigKeys (ConfUtils.java:logGet(43)) - raft.server.sleep.deviation.threshold = 300 (default)
2019-10-14 14:58:20,401 [pool-589-thread-1] INFO  server.RaftServerConfigKeys (ConfUtils.java:logGet(43)) - raft.server.log.appender.install.snapshot.enabled = false (custom)
2019-10-14 14:58:20,400 [pool-599-thread-1] INFO  impl.RaftServerImpl (ServerState.java:<init>(103)) - a0884861-8b64-4900-8d43-9348fc78e683@group-CE24CBCD653A: ConfigurationManager, init=-1: [b765ecb1-ebfa-42dd-8a13-5b9feb228ba9:192.168.5.159:33315, a0884861-8b64-4900-8d43-9348fc78e683:192.168.5.159:36871, f9d9ba55-347c-42aa-b343-203ee5e29f8d:192.168.5.159:43703], old=null, confs=<EMPTY_MAP>
2019-10-14 14:58:20,401 [pool-589-thread-1] INFO  impl.RaftServerImpl (ServerState.java:<init>(103)) - b765ecb1-ebfa-42dd-8a13-5b9feb228ba9@group-CE24CBCD653A: ConfigurationManager, init=-1: [b765ecb1-ebfa-42dd-8a13-5b9feb228ba9:192.168.5.159:33315, a0884861-8b64-4900-8d43-9348fc78e683:192.168.5.159:36871, f9d9ba55-347c-42aa-b343-203ee5e29f8d:192.168.5.159:43703], old=null, confs=<EMPTY_MAP>
2019-10-14 14:58:20,401 [pool-599-thread-1] INFO  server.RaftServerConfigKeys (ConfUtils.java:logGet(43)) - raft.server.storage.dir = [/workdir/hadoop-ozone/integration-test/target/test-dir/MiniOzoneClusterImpl-aa81d3dd-6e87-4dee-8c30-8f43e5632f78/datanode-1/data/ratis] (custom)
2019-10-14 14:58:20,401 [pool-609-thread-1] INFO  server.RaftServerConfigKeys (ConfUtils.java:logGet(43)) - raft.server.sleep.deviation.threshold = 300 (default)
2019-10-14 14:58:20,401 [IPC Server handler 18 on 39100] INFO  net.NetworkTopology (NetworkTopologyImpl.java:add(111)) - Added a new node: /default-rack/df9e5f57-bd2c-4d2e-90a4-8b7d317b94ee
2019-10-14 14:58:20,402 [pool-599-thread-1] INFO  storage.RaftStorageDirectory (RaftStorageDirectory.java:analyzeStorage(246)) - The storage directory /workdir/hadoop-ozone/integration-test/target/test-dir/MiniOzoneClusterImpl-aa81d3dd-6e87-4dee-8c30-8f43e5632f78/datanode-1/data/ratis/979f4544-869a-4521-b365-ce24cbcd653a does not exist. Creating ...
2019-10-14 14:58:20,401 [pool-589-thread-1] INFO  server.RaftServerConfigKeys (ConfUtils.java:logGet(43)) - raft.server.storage.dir = [/workdir/hadoop-ozone/integration-test/target/test-dir/MiniOzoneClusterImpl-aa81d3dd-6e87-4dee-8c30-8f43e5632f78/datanode-0/data/ratis] (custom)
2019-10-14 14:58:20,402 [IPC Server handler 18 on 39100] INFO  node.SCMNodeManager (SCMNodeManager.java:register(266)) - Registered Data node : df9e5f57-bd2c-4d2e-90a4-8b7d317b94ee{ip: 192.168.5.159, host: pr-hdds-1569-fwkxq-874464227, networkLocation: /default-rack, certSerialId: null}
2019-10-14 14:58:20,401 [pool-609-thread-1] INFO  server.RaftServerConfigKeys (ConfUtils.java:logGet(43)) - raft.server.log.appender.install.snapshot.enabled = false (custom)
2019-10-14 14:58:20,402 [pool-589-thread-1] INFO  storage.RaftStorageDirectory (RaftStorageDirectory.java:analyzeStorage(246)) - The storage directory /workdir/hadoop-ozone/integration-test/target/test-dir/MiniOzoneClusterImpl-aa81d3dd-6e87-4dee-8c30-8f43e5632f78/datanode-0/data/ratis/979f4544-869a-4521-b365-ce24cbcd653a does not exist. Creating ...
2019-10-14 14:58:20,402 [pool-609-thread-1] INFO  impl.RaftServerImpl (ServerState.java:<init>(103)) - f9d9ba55-347c-42aa-b343-203ee5e29f8d@group-CE24CBCD653A: ConfigurationManager, init=-1: [b765ecb1-ebfa-42dd-8a13-5b9feb228ba9:192.168.5.159:33315, a0884861-8b64-4900-8d43-9348fc78e683:192.168.5.159:36871, f9d9ba55-347c-42aa-b343-203ee5e29f8d:192.168.5.159:43703], old=null, confs=<EMPTY_MAP>
2019-10-14 14:58:20,403 [pool-609-thread-1] INFO  server.RaftServerConfigKeys (ConfUtils.java:logGet(43)) - raft.server.storage.dir = [/workdir/hadoop-ozone/integration-test/target/test-dir/MiniOzoneClusterImpl-aa81d3dd-6e87-4dee-8c30-8f43e5632f78/datanode-2/data/ratis] (custom)
2019-10-14 14:58:20,403 [pool-609-thread-1] INFO  storage.RaftStorageDirectory (RaftStorageDirectory.java:analyzeStorage(246)) - The storage directory /workdir/hadoop-ozone/integration-test/target/test-dir/MiniOzoneClusterImpl-aa81d3dd-6e87-4dee-8c30-8f43e5632f78/datanode-2/data/ratis/979f4544-869a-4521-b365-ce24cbcd653a does not exist. Creating ...
2019-10-14 14:58:20,415 [pool-589-thread-1] INFO  storage.RaftStorageDirectory (RaftStorageDirectory.java:tryLock(328)) - Lock on /workdir/hadoop-ozone/integration-test/target/test-dir/MiniOzoneClusterImpl-aa81d3dd-6e87-4dee-8c30-8f43e5632f78/datanode-0/data/ratis/979f4544-869a-4521-b365-ce24cbcd653a/in_use.lock acquired by nodename 7901@pr-hdds-1569-fwkxq-874464227
2019-10-14 14:58:20,415 [pool-599-thread-1] INFO  storage.RaftStorageDirectory (RaftStorageDirectory.java:tryLock(328)) - Lock on /workdir/hadoop-ozone/integration-test/target/test-dir/MiniOzoneClusterImpl-aa81d3dd-6e87-4dee-8c30-8f43e5632f78/datanode-1/data/ratis/979f4544-869a-4521-b365-ce24cbcd653a/in_use.lock acquired by nodename 7901@pr-hdds-1569-fwkxq-874464227
2019-10-14 14:58:20,415 [pool-609-thread-1] INFO  storage.RaftStorageDirectory (RaftStorageDirectory.java:tryLock(328)) - Lock on /workdir/hadoop-ozone/integration-test/target/test-dir/MiniOzoneClusterImpl-aa81d3dd-6e87-4dee-8c30-8f43e5632f78/datanode-2/data/ratis/979f4544-869a-4521-b365-ce24cbcd653a/in_use.lock acquired by nodename 7901@pr-hdds-1569-fwkxq-874464227
2019-10-14 14:58:20,441 [pool-609-thread-1] INFO  storage.RaftStorage (RaftStorage.java:format(72)) - Storage directory /workdir/hadoop-ozone/integration-test/target/test-dir/MiniOzoneClusterImpl-aa81d3dd-6e87-4dee-8c30-8f43e5632f78/datanode-2/data/ratis/979f4544-869a-4521-b365-ce24cbcd653a has been successfully formatted.
2019-10-14 14:58:20,441 [pool-589-thread-1] INFO  storage.RaftStorage (RaftStorage.java:format(72)) - Storage directory /workdir/hadoop-ozone/integration-test/target/test-dir/MiniOzoneClusterImpl-aa81d3dd-6e87-4dee-8c30-8f43e5632f78/datanode-0/data/ratis/979f4544-869a-4521-b365-ce24cbcd653a has been successfully formatted.
2019-10-14 14:58:20,441 [pool-599-thread-1] INFO  storage.RaftStorage (RaftStorage.java:format(72)) - Storage directory /workdir/hadoop-ozone/integration-test/target/test-dir/MiniOzoneClusterImpl-aa81d3dd-6e87-4dee-8c30-8f43e5632f78/datanode-1/data/ratis/979f4544-869a-4521-b365-ce24cbcd653a has been successfully formatted.
2019-10-14 14:58:20,441 [pool-609-thread-1] INFO  ratis.ContainerStateMachine (ContainerStateMachine.java:loadSnapshot(230)) - group-CE24CBCD653A: The snapshot info is null. Setting the last applied indexto:(t:0, i:~)
2019-10-14 14:58:20,441 [pool-599-thread-1] INFO  ratis.ContainerStateMachine (ContainerStateMachine.java:loadSnapshot(230)) - group-CE24CBCD653A: The snapshot info is null. Setting the last applied indexto:(t:0, i:~)
2019-10-14 14:58:20,441 [pool-589-thread-1] INFO  ratis.ContainerStateMachine (ContainerStateMachine.java:loadSnapshot(230)) - group-CE24CBCD653A: The snapshot info is null. Setting the last applied indexto:(t:0, i:~)
2019-10-14 14:58:20,441 [pool-599-thread-1] INFO  server.RaftServerConfigKeys (ConfUtils.java:logGet(43)) - raft.server.notification.no-leader.timeout = 120s (custom)
2019-10-14 14:58:20,441 [pool-609-thread-1] INFO  server.RaftServerConfigKeys (ConfUtils.java:logGet(43)) - raft.server.notification.no-leader.timeout = 120s (custom)
2019-10-14 14:58:20,441 [pool-599-thread-1] INFO  server.RaftServerConfigKeys (ConfUtils.java:logGet(43)) - raft.server.log.use.memory = false (default)
2019-10-14 14:58:20,441 [pool-589-thread-1] INFO  server.RaftServerConfigKeys (ConfUtils.java:logGet(43)) - raft.server.notification.no-leader.timeout = 120s (custom)
2019-10-14 14:58:20,442 [pool-599-thread-1] INFO  server.RaftServerConfigKeys (ConfUtils.java:logGet(43)) - raft.server.log.purge.gap = 1000000 (custom)
2019-10-14 14:58:20,442 [pool-609-thread-1] INFO  server.RaftServerConfigKeys (ConfUtils.java:logGet(43)) - raft.server.log.use.memory = false (default)
2019-10-14 14:58:20,442 [pool-599-thread-1] INFO  server.RaftServerConfigKeys (ConfUtils.java:logGet(43)) - raft.server.log.appender.buffer.byte-limit = 33554432 (custom)
2019-10-14 14:58:20,442 [pool-589-thread-1] INFO  server.RaftServerConfigKeys (ConfUtils.java:logGet(43)) - raft.server.log.use.memory = false (default)
2019-10-14 14:58:20,442 [pool-599-thread-1] INFO  server.RaftServerConfigKeys (ConfUtils.java:logGet(43)) - raft.server.log.segment.size.max = 1048576 (custom)
2019-10-14 14:58:20,442 [pool-609-thread-1] INFO  server.RaftServerConfigKeys (ConfUtils.java:logGet(43)) - raft.server.log.purge.gap = 1000000 (custom)
2019-10-14 14:58:20,442 [pool-599-thread-1] INFO  server.RaftServerConfigKeys (ConfUtils.java:logGet(43)) - raft.server.log.segment.cache.num.max = 2 (custom)
2019-10-14 14:58:20,442 [pool-589-thread-1] INFO  server.RaftServerConfigKeys (ConfUtils.java:logGet(43)) - raft.server.log.purge.gap = 1000000 (custom)
2019-10-14 14:58:20,443 [pool-599-thread-1] INFO  segmented.SegmentedRaftLogWorker (SegmentedRaftLogWorker.java:<init>(172)) - new a0884861-8b64-4900-8d43-9348fc78e683@group-CE24CBCD653A-SegmentedRaftLogWorker for RaftStorage:Storage Directory /workdir/hadoop-ozone/integration-test/target/test-dir/MiniOzoneClusterImpl-aa81d3dd-6e87-4dee-8c30-8f43e5632f78/datanode-1/data/ratis/979f4544-869a-4521-b365-ce24cbcd653a
2019-10-14 14:58:20,443 [pool-609-thread-1] INFO  server.RaftServerConfigKeys (ConfUtils.java:logGet(43)) - raft.server.log.appender.buffer.byte-limit = 33554432 (custom)
2019-10-14 14:58:20,443 [pool-599-thread-1] INFO  server.RaftServerConfigKeys (ConfUtils.java:logGet(43)) - raft.server.log.queue.byte-limit = 2147483647 (custom)
2019-10-14 14:58:20,443 [pool-589-thread-1] INFO  server.RaftServerConfigKeys (ConfUtils.java:logGet(43)) - raft.server.log.appender.buffer.byte-limit = 33554432 (custom)
2019-10-14 14:58:20,443 [pool-599-thread-1] INFO  server.RaftServerConfigKeys (ConfUtils.java:logGet(43)) - raft.server.log.queue.element-limit = 1024 (custom)
2019-10-14 14:58:20,443 [pool-609-thread-1] INFO  server.RaftServerConfigKeys (ConfUtils.java:logGet(43)) - raft.server.log.segment.size.max = 1048576 (custom)
2019-10-14 14:58:20,443 [pool-599-thread-1] INFO  server.RaftServerConfigKeys (ConfUtils.java:logGet(43)) - raft.server.log.segment.size.max = 1048576 (custom)
2019-10-14 14:58:20,443 [pool-589-thread-1] INFO  server.RaftServerConfigKeys (ConfUtils.java:logGet(43)) - raft.server.log.segment.size.max = 1048576 (custom)
2019-10-14 14:58:20,443 [pool-599-thread-1] INFO  server.RaftServerConfigKeys (ConfUtils.java:logGet(43)) - raft.server.log.preallocated.size = 16384 (custom)
2019-10-14 14:58:20,443 [pool-609-thread-1] INFO  server.RaftServerConfigKeys (ConfUtils.java:logGet(43)) - raft.server.log.segment.cache.num.max = 2 (custom)
2019-10-14 14:58:20,444 [pool-599-thread-1] INFO  server.RaftServerConfigKeys (ConfUtils.java:logGet(43)) - raft.server.log.write.buffer.size = 33554432 (custom)
2019-10-14 14:58:20,444 [pool-589-thread-1] INFO  server.RaftServerConfigKeys (ConfUtils.java:logGet(43)) - raft.server.log.segment.cache.num.max = 2 (custom)
2019-10-14 14:58:20,444 [pool-599-thread-1] INFO  server.RaftServerConfigKeys (ConfUtils.java:logGet(43)) - raft.server.log.force.sync.num = 128 (default)
2019-10-14 14:58:20,444 [pool-609-thread-1] INFO  segmented.SegmentedRaftLogWorker (SegmentedRaftLogWorker.java:<init>(172)) - new f9d9ba55-347c-42aa-b343-203ee5e29f8d@group-CE24CBCD653A-SegmentedRaftLogWorker for RaftStorage:Storage Directory /workdir/hadoop-ozone/integration-test/target/test-dir/MiniOzoneClusterImpl-aa81d3dd-6e87-4dee-8c30-8f43e5632f78/datanode-2/data/ratis/979f4544-869a-4521-b365-ce24cbcd653a
2019-10-14 14:58:20,444 [pool-599-thread-1] INFO  server.RaftServerConfigKeys (ConfUtils.java:logGet(43)) - raft.server.log.statemachine.data.sync = true (default)
2019-10-14 14:58:20,444 [pool-599-thread-1] INFO  server.RaftServerConfigKeys (ConfUtils.java:logGet(43)) - raft.server.log.statemachine.data.sync.timeout = 10s (default)
2019-10-14 14:58:20,444 [pool-589-thread-1] INFO  segmented.SegmentedRaftLogWorker (SegmentedRaftLogWorker.java:<init>(172)) - new b765ecb1-ebfa-42dd-8a13-5b9feb228ba9@group-CE24CBCD653A-SegmentedRaftLogWorker for RaftStorage:Storage Directory /workdir/hadoop-ozone/integration-test/target/test-dir/MiniOzoneClusterImpl-aa81d3dd-6e87-4dee-8c30-8f43e5632f78/datanode-0/data/ratis/979f4544-869a-4521-b365-ce24cbcd653a
2019-10-14 14:58:20,444 [pool-599-thread-1] INFO  server.RaftServerConfigKeys (ConfUtils.java:logGet(43)) - raft.server.log.statemachine.data.sync.timeout.retry = -1 (default)
2019-10-14 14:58:20,444 [pool-609-thread-1] INFO  server.RaftServerConfigKeys (ConfUtils.java:logGet(43)) - raft.server.log.queue.byte-limit = 2147483647 (custom)
2019-10-14 14:58:20,445 [pool-599-thread-1] INFO  server.RaftServerConfigKeys (ConfUtils.java:logGet(43)) - raft.server.log.statemachine.data.caching.enabled = true (custom)
2019-10-14 14:58:20,445 [pool-589-thread-1] INFO  server.RaftServerConfigKeys (ConfUtils.java:logGet(43)) - raft.server.log.queue.byte-limit = 2147483647 (custom)
2019-10-14 14:58:20,445 [pool-609-thread-1] INFO  server.RaftServerConfigKeys (ConfUtils.java:logGet(43)) - raft.server.log.queue.element-limit = 1024 (custom)
2019-10-14 14:58:20,445 [pool-589-thread-1] INFO  server.RaftServerConfigKeys (ConfUtils.java:logGet(43)) - raft.server.log.queue.element-limit = 1024 (custom)
2019-10-14 14:58:20,445 [pool-599-thread-1] INFO  segmented.SegmentedRaftLogWorker (SegmentedRaftLogWorker.java:lambda$new$0(132)) - a0884861-8b64-4900-8d43-9348fc78e683@group-CE24CBCD653A-SegmentedRaftLogWorker: flushIndex: setUnconditionally 0 -> -1
2019-10-14 14:58:20,445 [pool-589-thread-1] INFO  server.RaftServerConfigKeys (ConfUtils.java:logGet(43)) - raft.server.log.segment.size.max = 1048576 (custom)
2019-10-14 14:58:20,445 [pool-609-thread-1] INFO  server.RaftServerConfigKeys (ConfUtils.java:logGet(43)) - raft.server.log.segment.size.max = 1048576 (custom)
2019-10-14 14:58:20,446 [pool-589-thread-1] INFO  server.RaftServerConfigKeys (ConfUtils.java:logGet(43)) - raft.server.log.preallocated.size = 16384 (custom)
2019-10-14 14:58:20,446 [pool-599-thread-1] INFO  server.RaftServerConfigKeys (ConfUtils.java:logGet(43)) - raft.server.snapshot.auto.trigger.enabled = true (custom)
2019-10-14 14:58:20,446 [pool-589-thread-1] INFO  server.RaftServerConfigKeys (ConfUtils.java:logGet(43)) - raft.server.log.write.buffer.size = 33554432 (custom)
2019-10-14 14:58:20,446 [pool-609-thread-1] INFO  server.RaftServerConfigKeys (ConfUtils.java:logGet(43)) - raft.server.log.preallocated.size = 16384 (custom)
2019-10-14 14:58:20,446 [pool-589-thread-1] INFO  server.RaftServerConfigKeys (ConfUtils.java:logGet(43)) - raft.server.log.force.sync.num = 128 (default)
2019-10-14 14:58:20,446 [pool-589-thread-1] INFO  server.RaftServerConfigKeys (ConfUtils.java:logGet(43)) - raft.server.log.statemachine.data.sync = true (default)
2019-10-14 14:58:20,446 [pool-599-thread-1] INFO  server.RaftServerConfigKeys (ConfUtils.java:logGet(43)) - raft.server.snapshot.auto.trigger.threshold = 10000 (custom)
2019-10-14 14:58:20,446 [pool-589-thread-1] INFO  server.RaftServerConfigKeys (ConfUtils.java:logGet(43)) - raft.server.log.statemachine.data.sync.timeout = 10s (default)
2019-10-14 14:58:20,446 [pool-609-thread-1] INFO  server.RaftServerConfigKeys (ConfUtils.java:logGet(43)) - raft.server.log.write.buffer.size = 33554432 (custom)
2019-10-14 14:58:20,447 [pool-589-thread-1] INFO  server.RaftServerConfigKeys (ConfUtils.java:logGet(43)) - raft.server.log.statemachine.data.sync.timeout.retry = -1 (default)
2019-10-14 14:58:20,447 [pool-599-thread-1] INFO  server.RaftServerConfigKeys (ConfUtils.java:logGet(43)) - raft.server.snapshot.retention.num.files = 5 (custom)
2019-10-14 14:58:20,447 [pool-589-thread-1] INFO  server.RaftServerConfigKeys (ConfUtils.java:logGet(43)) - raft.server.log.statemachine.data.caching.enabled = true (custom)
2019-10-14 14:58:20,447 [pool-609-thread-1] INFO  server.RaftServerConfigKeys (ConfUtils.java:logGet(43)) - raft.server.log.force.sync.num = 128 (default)
2019-10-14 14:58:20,447 [pool-589-thread-1] INFO  segmented.SegmentedRaftLogWorker (SegmentedRaftLogWorker.java:lambda$new$0(132)) - b765ecb1-ebfa-42dd-8a13-5b9feb228ba9@group-CE24CBCD653A-SegmentedRaftLogWorker: flushIndex: setUnconditionally 0 -> -1
2019-10-14 14:58:20,447 [pool-599-thread-1] INFO  server.RaftServerConfigKeys (ConfUtils.java:logGet(43)) - raft.server.retrycache.expirytime = 600000ms (custom)
2019-10-14 14:58:20,447 [pool-609-thread-1] INFO  server.RaftServerConfigKeys (ConfUtils.java:logGet(43)) - raft.server.log.statemachine.data.sync = true (default)
2019-10-14 14:58:20,448 [pool-589-thread-1] INFO  server.RaftServerConfigKeys (ConfUtils.java:logGet(43)) - raft.server.snapshot.auto.trigger.enabled = true (custom)
2019-10-14 14:58:20,448 [pool-609-thread-1] INFO  server.RaftServerConfigKeys (ConfUtils.java:logGet(43)) - raft.server.log.statemachine.data.sync.timeout = 10s (default)
2019-10-14 14:58:20,448 [pool-589-thread-1] INFO  server.RaftServerConfigKeys (ConfUtils.java:logGet(43)) - raft.server.snapshot.auto.trigger.threshold = 10000 (custom)
2019-10-14 14:58:20,448 [pool-609-thread-1] INFO  server.RaftServerConfigKeys (ConfUtils.java:logGet(43)) - raft.server.log.statemachine.data.sync.timeout.retry = -1 (default)
2019-10-14 14:58:20,448 [pool-589-thread-1] INFO  server.RaftServerConfigKeys (ConfUtils.java:logGet(43)) - raft.server.snapshot.retention.num.files = 5 (custom)
2019-10-14 14:58:20,448 [pool-609-thread-1] INFO  server.RaftServerConfigKeys (ConfUtils.java:logGet(43)) - raft.server.log.statemachine.data.caching.enabled = true (custom)
2019-10-14 14:58:20,448 [pool-589-thread-1] INFO  server.RaftServerConfigKeys (ConfUtils.java:logGet(43)) - raft.server.retrycache.expirytime = 600000ms (custom)
2019-10-14 14:58:20,449 [pool-609-thread-1] INFO  segmented.SegmentedRaftLogWorker (SegmentedRaftLogWorker.java:lambda$new$0(132)) - f9d9ba55-347c-42aa-b343-203ee5e29f8d@group-CE24CBCD653A-SegmentedRaftLogWorker: flushIndex: setUnconditionally 0 -> -1
2019-10-14 14:58:20,449 [pool-609-thread-1] INFO  server.RaftServerConfigKeys (ConfUtils.java:logGet(43)) - raft.server.snapshot.auto.trigger.enabled = true (custom)
2019-10-14 14:58:20,449 [pool-599-thread-1] INFO  impl.RaftServerImpl (RaftServerImpl.java:start(185)) - a0884861-8b64-4900-8d43-9348fc78e683@group-CE24CBCD653A: start as a follower, conf=-1: [b765ecb1-ebfa-42dd-8a13-5b9feb228ba9:192.168.5.159:33315, a0884861-8b64-4900-8d43-9348fc78e683:192.168.5.159:36871, f9d9ba55-347c-42aa-b343-203ee5e29f8d:192.168.5.159:43703], old=null
2019-10-14 14:58:20,449 [pool-609-thread-1] INFO  server.RaftServerConfigKeys (ConfUtils.java:logGet(43)) - raft.server.snapshot.auto.trigger.threshold = 10000 (custom)
2019-10-14 14:58:20,449 [pool-599-thread-1] INFO  impl.RaftServerImpl (RaftServerImpl.java:setRole(174)) - a0884861-8b64-4900-8d43-9348fc78e683@group-CE24CBCD653A: changes role from      null to FOLLOWER at term 0 for startAsFollower
2019-10-14 14:58:20,449 [pool-609-thread-1] INFO  server.RaftServerConfigKeys (ConfUtils.java:logGet(43)) - raft.server.snapshot.retention.num.files = 5 (custom)
2019-10-14 14:58:20,449 [pool-599-thread-1] INFO  impl.RoleInfo (RoleInfo.java:updateAndGet(143)) - a0884861-8b64-4900-8d43-9348fc78e683: start FollowerState
2019-10-14 14:58:20,450 [pool-609-thread-1] INFO  server.RaftServerConfigKeys (ConfUtils.java:logGet(43)) - raft.server.retrycache.expirytime = 600000ms (custom)
2019-10-14 14:58:20,450 [pool-599-thread-1] INFO  util.JmxRegister (JmxRegister.java:tryRegister(44)) - Successfully registered JMX Bean with object name Ratis:service=RaftServer,group=group-CE24CBCD653A,id=a0884861-8b64-4900-8d43-9348fc78e683
2019-10-14 14:58:20,450 [pool-589-thread-1] INFO  impl.RaftServerImpl (RaftServerImpl.java:start(185)) - b765ecb1-ebfa-42dd-8a13-5b9feb228ba9@group-CE24CBCD653A: start as a follower, conf=-1: [b765ecb1-ebfa-42dd-8a13-5b9feb228ba9:192.168.5.159:33315, a0884861-8b64-4900-8d43-9348fc78e683:192.168.5.159:36871, f9d9ba55-347c-42aa-b343-203ee5e29f8d:192.168.5.159:43703], old=null
2019-10-14 14:58:20,450 [pool-589-thread-1] INFO  impl.RaftServerImpl (RaftServerImpl.java:setRole(174)) - b765ecb1-ebfa-42dd-8a13-5b9feb228ba9@group-CE24CBCD653A: changes role from      null to FOLLOWER at term 0 for startAsFollower
2019-10-14 14:58:20,450 [pool-589-thread-1] INFO  impl.RoleInfo (RoleInfo.java:updateAndGet(143)) - b765ecb1-ebfa-42dd-8a13-5b9feb228ba9: start FollowerState
2019-10-14 14:58:20,451 [pool-589-thread-1] INFO  util.JmxRegister (JmxRegister.java:tryRegister(44)) - Successfully registered JMX Bean with object name Ratis:service=RaftServer,group=group-CE24CBCD653A,id=b765ecb1-ebfa-42dd-8a13-5b9feb228ba9
2019-10-14 14:58:20,452 [pool-609-thread-1] INFO  impl.RaftServerImpl (RaftServerImpl.java:start(185)) - f9d9ba55-347c-42aa-b343-203ee5e29f8d@group-CE24CBCD653A: start as a follower, conf=-1: [b765ecb1-ebfa-42dd-8a13-5b9feb228ba9:192.168.5.159:33315, a0884861-8b64-4900-8d43-9348fc78e683:192.168.5.159:36871, f9d9ba55-347c-42aa-b343-203ee5e29f8d:192.168.5.159:43703], old=null
2019-10-14 14:58:20,452 [pool-609-thread-1] INFO  impl.RaftServerImpl (RaftServerImpl.java:setRole(174)) - f9d9ba55-347c-42aa-b343-203ee5e29f8d@group-CE24CBCD653A: changes role from      null to FOLLOWER at term 0 for startAsFollower
2019-10-14 14:58:20,452 [pool-609-thread-1] INFO  impl.RoleInfo (RoleInfo.java:updateAndGet(143)) - f9d9ba55-347c-42aa-b343-203ee5e29f8d: start FollowerState
2019-10-14 14:58:20,453 [pool-609-thread-1] INFO  util.JmxRegister (JmxRegister.java:tryRegister(44)) - Successfully registered JMX Bean with object name Ratis:service=RaftServer,group=group-CE24CBCD653A,id=f9d9ba55-347c-42aa-b343-203ee5e29f8d
2019-10-14 14:58:20,455 [RatisPipelineUtilsThread] INFO  pipeline.PipelineStateManager (PipelineStateManager.java:addPipeline(56)) - Created pipeline Pipeline[ Id: 979f4544-869a-4521-b365-ce24cbcd653a, Nodes: b765ecb1-ebfa-42dd-8a13-5b9feb228ba9{ip: 192.168.5.159, host: pr-hdds-1569-fwkxq-874464227, networkLocation: /default-rack, certSerialId: null}a0884861-8b64-4900-8d43-9348fc78e683{ip: 192.168.5.159, host: pr-hdds-1569-fwkxq-874464227, networkLocation: /default-rack, certSerialId: null}f9d9ba55-347c-42aa-b343-203ee5e29f8d{ip: 192.168.5.159, host: pr-hdds-1569-fwkxq-874464227, networkLocation: /default-rack, certSerialId: null}, Type:RATIS, Factor:THREE, State:OPEN]
2019-10-14 14:58:20,463 [grpc-default-executor-5] INFO  impl.RaftServerProxy (RaftServerProxy.java:addNew(89)) - f9d9ba55-347c-42aa-b343-203ee5e29f8d: addNew group-CB1E499B7A76:[b765ecb1-ebfa-42dd-8a13-5b9feb228ba9:192.168.5.159:33315, df9e5f57-bd2c-4d2e-90a4-8b7d317b94ee:192.168.5.159:45002, f9d9ba55-347c-42aa-b343-203ee5e29f8d:192.168.5.159:43703] returns group-CB1E499B7A76:java.util.concurrent.CompletableFuture@4228d48e[Not completed]
2019-10-14 14:58:20,463 [grpc-default-executor-13] INFO  impl.RaftServerProxy (RaftServerProxy.java:addNew(89)) - df9e5f57-bd2c-4d2e-90a4-8b7d317b94ee: addNew group-CB1E499B7A76:[b765ecb1-ebfa-42dd-8a13-5b9feb228ba9:192.168.5.159:33315, df9e5f57-bd2c-4d2e-90a4-8b7d317b94ee:192.168.5.159:45002, f9d9ba55-347c-42aa-b343-203ee5e29f8d:192.168.5.159:43703] returns group-CB1E499B7A76:java.util.concurrent.CompletableFuture@5abd8f94[Not completed]
2019-10-14 14:58:20,463 [grpc-default-executor-10] INFO  impl.RaftServerProxy (RaftServerProxy.java:addNew(89)) - b765ecb1-ebfa-42dd-8a13-5b9feb228ba9: addNew group-CB1E499B7A76:[b765ecb1-ebfa-42dd-8a13-5b9feb228ba9:192.168.5.159:33315, df9e5f57-bd2c-4d2e-90a4-8b7d317b94ee:192.168.5.159:45002, f9d9ba55-347c-42aa-b343-203ee5e29f8d:192.168.5.159:43703] returns group-CB1E499B7A76:java.util.concurrent.CompletableFuture@bf2bab4[Not completed]
2019-10-14 14:58:20,464 [pool-619-thread-1] INFO  impl.RaftServerImpl (RaftServerImpl.java:<init>(95)) - df9e5f57-bd2c-4d2e-90a4-8b7d317b94ee: new RaftServerImpl for group-CB1E499B7A76:[b765ecb1-ebfa-42dd-8a13-5b9feb228ba9:192.168.5.159:33315, df9e5f57-bd2c-4d2e-90a4-8b7d317b94ee:192.168.5.159:45002, f9d9ba55-347c-42aa-b343-203ee5e29f8d:192.168.5.159:43703] with ContainerStateMachine:uninitialized
2019-10-14 14:58:20,464 [pool-619-thread-1] INFO  server.RaftServerConfigKeys (ConfUtils.java:logGet(43)) - raft.server.rpc.timeout.min = 5s (custom)
2019-10-14 14:58:20,464 [pool-619-thread-1] INFO  server.RaftServerConfigKeys (ConfUtils.java:logGet(43)) - raft.server.rpc.timeout.max = 5200ms (custom)
2019-10-14 14:58:20,464 [pool-619-thread-1] INFO  server.RaftServerConfigKeys (ConfUtils.java:logGet(43)) - raft.server.rpcslowness.timeout = 120s (custom)
2019-10-14 14:58:20,464 [pool-619-thread-1] INFO  server.RaftServerConfigKeys (ConfUtils.java:logGet(43)) - raft.server.sleep.deviation.threshold = 300 (default)
2019-10-14 14:58:20,464 [pool-619-thread-1] INFO  server.RaftServerConfigKeys (ConfUtils.java:logGet(43)) - raft.server.log.appender.install.snapshot.enabled = false (custom)
2019-10-14 14:58:20,464 [pool-619-thread-1] INFO  impl.RaftServerImpl (ServerState.java:<init>(103)) - df9e5f57-bd2c-4d2e-90a4-8b7d317b94ee@group-CB1E499B7A76: ConfigurationManager, init=-1: [b765ecb1-ebfa-42dd-8a13-5b9feb228ba9:192.168.5.159:33315, df9e5f57-bd2c-4d2e-90a4-8b7d317b94ee:192.168.5.159:45002, f9d9ba55-347c-42aa-b343-203ee5e29f8d:192.168.5.159:43703], old=null, confs=<EMPTY_MAP>
2019-10-14 14:58:20,464 [pool-619-thread-1] INFO  server.RaftServerConfigKeys (ConfUtils.java:logGet(43)) - raft.server.storage.dir = [/workdir/hadoop-ozone/integration-test/target/test-dir/MiniOzoneClusterImpl-aa81d3dd-6e87-4dee-8c30-8f43e5632f78/datanode-3/data/ratis] (custom)
2019-10-14 14:58:20,464 [pool-609-thread-1] INFO  impl.RaftServerImpl (RaftServerImpl.java:<init>(95)) - f9d9ba55-347c-42aa-b343-203ee5e29f8d: new RaftServerImpl for group-CB1E499B7A76:[b765ecb1-ebfa-42dd-8a13-5b9feb228ba9:192.168.5.159:33315, df9e5f57-bd2c-4d2e-90a4-8b7d317b94ee:192.168.5.159:45002, f9d9ba55-347c-42aa-b343-203ee5e29f8d:192.168.5.159:43703] with ContainerStateMachine:uninitialized
2019-10-14 14:58:20,464 [pool-619-thread-1] INFO  storage.RaftStorageDirectory (RaftStorageDirectory.java:analyzeStorage(246)) - The storage directory /workdir/hadoop-ozone/integration-test/target/test-dir/MiniOzoneClusterImpl-aa81d3dd-6e87-4dee-8c30-8f43e5632f78/datanode-3/data/ratis/da99b8bf-1d40-44bd-b278-cb1e499b7a76 does not exist. Creating ...
2019-10-14 14:58:20,465 [pool-609-thread-1] INFO  server.RaftServerConfigKeys (ConfUtils.java:logGet(43)) - raft.server.rpc.timeout.min = 5s (custom)
2019-10-14 14:58:20,465 [pool-609-thread-1] INFO  server.RaftServerConfigKeys (ConfUtils.java:logGet(43)) - raft.server.rpc.timeout.max = 5200ms (custom)
2019-10-14 14:58:20,465 [pool-609-thread-1] INFO  server.RaftServerConfigKeys (ConfUtils.java:logGet(43)) - raft.server.rpcslowness.timeout = 120s (custom)
2019-10-14 14:58:20,465 [pool-589-thread-1] INFO  impl.RaftServerImpl (RaftServerImpl.java:<init>(95)) - b765ecb1-ebfa-42dd-8a13-5b9feb228ba9: new RaftServerImpl for group-CB1E499B7A76:[b765ecb1-ebfa-42dd-8a13-5b9feb228ba9:192.168.5.159:33315, df9e5f57-bd2c-4d2e-90a4-8b7d317b94ee:192.168.5.159:45002, f9d9ba55-347c-42aa-b343-203ee5e29f8d:192.168.5.159:43703] with ContainerStateMachine:uninitialized
2019-10-14 14:58:20,465 [pool-609-thread-1] INFO  server.RaftServerConfigKeys (ConfUtils.java:logGet(43)) - raft.server.sleep.deviation.threshold = 300 (default)
2019-10-14 14:58:20,465 [pool-589-thread-1] INFO  server.RaftServerConfigKeys (ConfUtils.java:logGet(43)) - raft.server.rpc.timeout.min = 5s (custom)
2019-10-14 14:58:20,465 [pool-609-thread-1] INFO  server.RaftServerConfigKeys (ConfUtils.java:logGet(43)) - raft.server.log.appender.install.snapshot.enabled = false (custom)
2019-10-14 14:58:20,465 [pool-589-thread-1] INFO  server.RaftServerConfigKeys (ConfUtils.java:logGet(43)) - raft.server.rpc.timeout.max = 5200ms (custom)
2019-10-14 14:58:20,465 [pool-609-thread-1] INFO  impl.RaftServerImpl (ServerState.java:<init>(103)) - f9d9ba55-347c-42aa-b343-203ee5e29f8d@group-CB1E499B7A76: ConfigurationManager, init=-1: [b765ecb1-ebfa-42dd-8a13-5b9feb228ba9:192.168.5.159:33315, df9e5f57-bd2c-4d2e-90a4-8b7d317b94ee:192.168.5.159:45002, f9d9ba55-347c-42aa-b343-203ee5e29f8d:192.168.5.159:43703], old=null, confs=<EMPTY_MAP>
2019-10-14 14:58:20,466 [pool-589-thread-1] INFO  server.RaftServerConfigKeys (ConfUtils.java:logGet(43)) - raft.server.rpcslowness.timeout = 120s (custom)
2019-10-14 14:58:20,466 [pool-609-thread-1] INFO  server.RaftServerConfigKeys (ConfUtils.java:logGet(43)) - raft.server.storage.dir = [/workdir/hadoop-ozone/integration-test/target/test-dir/MiniOzoneClusterImpl-aa81d3dd-6e87-4dee-8c30-8f43e5632f78/datanode-2/data/ratis] (custom)
2019-10-14 14:58:20,466 [pool-589-thread-1] INFO  server.RaftServerConfigKeys (ConfUtils.java:logGet(43)) - raft.server.sleep.deviation.threshold = 300 (default)
2019-10-14 14:58:20,466 [pool-589-thread-1] INFO  server.RaftServerConfigKeys (ConfUtils.java:logGet(43)) - raft.server.log.appender.install.snapshot.enabled = false (custom)
2019-10-14 14:58:20,466 [pool-609-thread-1] INFO  storage.RaftStorageDirectory (RaftStorageDirectory.java:analyzeStorage(246)) - The storage directory /workdir/hadoop-ozone/integration-test/target/test-dir/MiniOzoneClusterImpl-aa81d3dd-6e87-4dee-8c30-8f43e5632f78/datanode-2/data/ratis/da99b8bf-1d40-44bd-b278-cb1e499b7a76 does not exist. Creating ...
2019-10-14 14:58:20,466 [pool-589-thread-1] INFO  impl.RaftServerImpl (ServerState.java:<init>(103)) - b765ecb1-ebfa-42dd-8a13-5b9feb228ba9@group-CB1E499B7A76: ConfigurationManager, init=-1: [b765ecb1-ebfa-42dd-8a13-5b9feb228ba9:192.168.5.159:33315, df9e5f57-bd2c-4d2e-90a4-8b7d317b94ee:192.168.5.159:45002, f9d9ba55-347c-42aa-b343-203ee5e29f8d:192.168.5.159:43703], old=null, confs=<EMPTY_MAP>
2019-10-14 14:58:20,466 [pool-589-thread-1] INFO  server.RaftServerConfigKeys (ConfUtils.java:logGet(43)) - raft.server.storage.dir = [/workdir/hadoop-ozone/integration-test/target/test-dir/MiniOzoneClusterImpl-aa81d3dd-6e87-4dee-8c30-8f43e5632f78/datanode-0/data/ratis] (custom)
2019-10-14 14:58:20,467 [pool-589-thread-1] INFO  storage.RaftStorageDirectory (RaftStorageDirectory.java:analyzeStorage(246)) - The storage directory /workdir/hadoop-ozone/integration-test/target/test-dir/MiniOzoneClusterImpl-aa81d3dd-6e87-4dee-8c30-8f43e5632f78/datanode-0/data/ratis/da99b8bf-1d40-44bd-b278-cb1e499b7a76 does not exist. Creating ...
2019-10-14 14:58:20,469 [IPC Server handler 8 on 39100] INFO  net.NetworkTopology (NetworkTopologyImpl.java:add(111)) - Added a new node: /default-rack/7cf7e218-75a7-48f9-af97-c86dcc9fa8bb
2019-10-14 14:58:20,470 [IPC Server handler 8 on 39100] INFO  node.SCMNodeManager (SCMNodeManager.java:register(266)) - Registered Data node : 7cf7e218-75a7-48f9-af97-c86dcc9fa8bb{ip: 192.168.5.159, host: pr-hdds-1569-fwkxq-874464227, networkLocation: /default-rack, certSerialId: null}
2019-10-14 14:58:20,478 [pool-609-thread-1] INFO  storage.RaftStorageDirectory (RaftStorageDirectory.java:tryLock(328)) - Lock on /workdir/hadoop-ozone/integration-test/target/test-dir/MiniOzoneClusterImpl-aa81d3dd-6e87-4dee-8c30-8f43e5632f78/datanode-2/data/ratis/da99b8bf-1d40-44bd-b278-cb1e499b7a76/in_use.lock acquired by nodename 7901@pr-hdds-1569-fwkxq-874464227
2019-10-14 14:58:20,478 [pool-619-thread-1] INFO  storage.RaftStorageDirectory (RaftStorageDirectory.java:tryLock(328)) - Lock on /workdir/hadoop-ozone/integration-test/target/test-dir/MiniOzoneClusterImpl-aa81d3dd-6e87-4dee-8c30-8f43e5632f78/datanode-3/data/ratis/da99b8bf-1d40-44bd-b278-cb1e499b7a76/in_use.lock acquired by nodename 7901@pr-hdds-1569-fwkxq-874464227
2019-10-14 14:58:20,478 [pool-589-thread-1] INFO  storage.RaftStorageDirectory (RaftStorageDirectory.java:tryLock(328)) - Lock on /workdir/hadoop-ozone/integration-test/target/test-dir/MiniOzoneClusterImpl-aa81d3dd-6e87-4dee-8c30-8f43e5632f78/datanode-0/data/ratis/da99b8bf-1d40-44bd-b278-cb1e499b7a76/in_use.lock acquired by nodename 7901@pr-hdds-1569-fwkxq-874464227
2019-10-14 14:58:20,482 [pool-589-thread-1] INFO  storage.RaftStorage (RaftStorage.java:format(72)) - Storage directory /workdir/hadoop-ozone/integration-test/target/test-dir/MiniOzoneClusterImpl-aa81d3dd-6e87-4dee-8c30-8f43e5632f78/datanode-0/data/ratis/da99b8bf-1d40-44bd-b278-cb1e499b7a76 has been successfully formatted.
2019-10-14 14:58:20,482 [pool-609-thread-1] INFO  storage.RaftStorage (RaftStorage.java:format(72)) - Storage directory /workdir/hadoop-ozone/integration-test/target/test-dir/MiniOzoneClusterImpl-aa81d3dd-6e87-4dee-8c30-8f43e5632f78/datanode-2/data/ratis/da99b8bf-1d40-44bd-b278-cb1e499b7a76 has been successfully formatted.
2019-10-14 14:58:20,482 [pool-619-thread-1] INFO  storage.RaftStorage (RaftStorage.java:format(72)) - Storage directory /workdir/hadoop-ozone/integration-test/target/test-dir/MiniOzoneClusterImpl-aa81d3dd-6e87-4dee-8c30-8f43e5632f78/datanode-3/data/ratis/da99b8bf-1d40-44bd-b278-cb1e499b7a76 has been successfully formatted.
2019-10-14 14:58:20,482 [pool-589-thread-1] INFO  ratis.ContainerStateMachine (ContainerStateMachine.java:loadSnapshot(230)) - group-CB1E499B7A76: The snapshot info is null. Setting the last applied indexto:(t:0, i:~)
2019-10-14 14:58:20,482 [pool-619-thread-1] INFO  ratis.ContainerStateMachine (ContainerStateMachine.java:loadSnapshot(230)) - group-CB1E499B7A76: The snapshot info is null. Setting the last applied indexto:(t:0, i:~)
2019-10-14 14:58:20,482 [pool-609-thread-1] INFO  ratis.ContainerStateMachine (ContainerStateMachine.java:loadSnapshot(230)) - group-CB1E499B7A76: The snapshot info is null. Setting the last applied indexto:(t:0, i:~)
2019-10-14 14:58:20,482 [pool-619-thread-1] INFO  server.RaftServerConfigKeys (ConfUtils.java:logGet(43)) - raft.server.notification.no-leader.timeout = 120s (custom)
2019-10-14 14:58:20,482 [pool-589-thread-1] INFO  server.RaftServerConfigKeys (ConfUtils.java:logGet(43)) - raft.server.notification.no-leader.timeout = 120s (custom)
2019-10-14 14:58:20,483 [pool-619-thread-1] INFO  server.RaftServerConfigKeys (ConfUtils.java:logGet(43)) - raft.server.log.use.memory = false (default)
2019-10-14 14:58:20,483 [pool-609-thread-1] INFO  server.RaftServerConfigKeys (ConfUtils.java:logGet(43)) - raft.server.notification.no-leader.timeout = 120s (custom)
2019-10-14 14:58:20,483 [pool-619-thread-1] INFO  server.RaftServerConfigKeys (ConfUtils.java:logGet(43)) - raft.server.log.purge.gap = 1000000 (custom)
2019-10-14 14:58:20,483 [pool-589-thread-1] INFO  server.RaftServerConfigKeys (ConfUtils.java:logGet(43)) - raft.server.log.use.memory = false (default)
2019-10-14 14:58:20,483 [pool-619-thread-1] INFO  server.RaftServerConfigKeys (ConfUtils.java:logGet(43)) - raft.server.log.appender.buffer.byte-limit = 33554432 (custom)
2019-10-14 14:58:20,483 [pool-609-thread-1] INFO  server.RaftServerConfigKeys (ConfUtils.java:logGet(43)) - raft.server.log.use.memory = false (default)
2019-10-14 14:58:20,483 [pool-619-thread-1] INFO  server.RaftServerConfigKeys (ConfUtils.java:logGet(43)) - raft.server.log.segment.size.max = 1048576 (custom)
2019-10-14 14:58:20,483 [pool-589-thread-1] INFO  server.RaftServerConfigKeys (ConfUtils.java:logGet(43)) - raft.server.log.purge.gap = 1000000 (custom)
2019-10-14 14:58:20,483 [pool-619-thread-1] INFO  server.RaftServerConfigKeys (ConfUtils.java:logGet(43)) - raft.server.log.segment.cache.num.max = 2 (custom)
2019-10-14 14:58:20,483 [pool-609-thread-1] INFO  server.RaftServerConfigKeys (ConfUtils.java:logGet(43)) - raft.server.log.purge.gap = 1000000 (custom)
2019-10-14 14:58:20,484 [pool-619-thread-1] INFO  segmented.SegmentedRaftLogWorker (SegmentedRaftLogWorker.java:<init>(172)) - new df9e5f57-bd2c-4d2e-90a4-8b7d317b94ee@group-CB1E499B7A76-SegmentedRaftLogWorker for RaftStorage:Storage Directory /workdir/hadoop-ozone/integration-test/target/test-dir/MiniOzoneClusterImpl-aa81d3dd-6e87-4dee-8c30-8f43e5632f78/datanode-3/data/ratis/da99b8bf-1d40-44bd-b278-cb1e499b7a76
2019-10-14 14:58:20,484 [pool-589-thread-1] INFO  server.RaftServerConfigKeys (ConfUtils.java:logGet(43)) - raft.server.log.appender.buffer.byte-limit = 33554432 (custom)
2019-10-14 14:58:20,484 [pool-609-thread-1] INFO  server.RaftServerConfigKeys (ConfUtils.java:logGet(43)) - raft.server.log.appender.buffer.byte-limit = 33554432 (custom)
2019-10-14 14:58:20,484 [pool-589-thread-1] INFO  server.RaftServerConfigKeys (ConfUtils.java:logGet(43)) - raft.server.log.segment.size.max = 1048576 (custom)
2019-10-14 14:58:20,484 [pool-609-thread-1] INFO  server.RaftServerConfigKeys (ConfUtils.java:logGet(43)) - raft.server.log.segment.size.max = 1048576 (custom)
2019-10-14 14:58:20,484 [pool-589-thread-1] INFO  server.RaftServerConfigKeys (ConfUtils.java:logGet(43)) - raft.server.log.segment.cache.num.max = 2 (custom)
2019-10-14 14:58:20,484 [pool-609-thread-1] INFO  server.RaftServerConfigKeys (ConfUtils.java:logGet(43)) - raft.server.log.segment.cache.num.max = 2 (custom)
2019-10-14 14:58:20,484 [pool-589-thread-1] INFO  segmented.SegmentedRaftLogWorker (SegmentedRaftLogWorker.java:<init>(172)) - new b765ecb1-ebfa-42dd-8a13-5b9feb228ba9@group-CB1E499B7A76-SegmentedRaftLogWorker for RaftStorage:Storage Directory /workdir/hadoop-ozone/integration-test/target/test-dir/MiniOzoneClusterImpl-aa81d3dd-6e87-4dee-8c30-8f43e5632f78/datanode-0/data/ratis/da99b8bf-1d40-44bd-b278-cb1e499b7a76
2019-10-14 14:58:20,484 [pool-609-thread-1] INFO  segmented.SegmentedRaftLogWorker (SegmentedRaftLogWorker.java:<init>(172)) - new f9d9ba55-347c-42aa-b343-203ee5e29f8d@group-CB1E499B7A76-SegmentedRaftLogWorker for RaftStorage:Storage Directory /workdir/hadoop-ozone/integration-test/target/test-dir/MiniOzoneClusterImpl-aa81d3dd-6e87-4dee-8c30-8f43e5632f78/datanode-2/data/ratis/da99b8bf-1d40-44bd-b278-cb1e499b7a76
2019-10-14 14:58:20,485 [pool-589-thread-1] INFO  server.RaftServerConfigKeys (ConfUtils.java:logGet(43)) - raft.server.log.queue.byte-limit = 2147483647 (custom)
2019-10-14 14:58:20,485 [pool-609-thread-1] INFO  server.RaftServerConfigKeys (ConfUtils.java:logGet(43)) - raft.server.log.queue.byte-limit = 2147483647 (custom)
2019-10-14 14:58:20,485 [pool-589-thread-1] INFO  server.RaftServerConfigKeys (ConfUtils.java:logGet(43)) - raft.server.log.queue.element-limit = 1024 (custom)
2019-10-14 14:58:20,485 [pool-609-thread-1] INFO  server.RaftServerConfigKeys (ConfUtils.java:logGet(43)) - raft.server.log.queue.element-limit = 1024 (custom)
2019-10-14 14:58:20,485 [pool-619-thread-1] INFO  server.RaftServerConfigKeys (ConfUtils.java:logGet(43)) - raft.server.log.queue.byte-limit = 2147483647 (custom)
2019-10-14 14:58:20,485 [pool-589-thread-1] INFO  server.RaftServerConfigKeys (ConfUtils.java:logGet(43)) - raft.server.log.segment.size.max = 1048576 (custom)
2019-10-14 14:58:20,485 [pool-619-thread-1] INFO  server.RaftServerConfigKeys (ConfUtils.java:logGet(43)) - raft.server.log.queue.element-limit = 1024 (custom)
2019-10-14 14:58:20,485 [pool-609-thread-1] INFO  server.RaftServerConfigKeys (ConfUtils.java:logGet(43)) - raft.server.log.segment.size.max = 1048576 (custom)
2019-10-14 14:58:20,485 [pool-619-thread-1] INFO  server.RaftServerConfigKeys (ConfUtils.java:logGet(43)) - raft.server.log.segment.size.max = 1048576 (custom)
2019-10-14 14:58:20,485 [pool-589-thread-1] INFO  server.RaftServerConfigKeys (ConfUtils.java:logGet(43)) - raft.server.log.preallocated.size = 16384 (custom)
2019-10-14 14:58:20,486 [pool-619-thread-1] INFO  server.RaftServerConfigKeys (ConfUtils.java:logGet(43)) - raft.server.log.preallocated.size = 16384 (custom)
2019-10-14 14:58:20,486 [pool-609-thread-1] INFO  server.RaftServerConfigKeys (ConfUtils.java:logGet(43)) - raft.server.log.preallocated.size = 16384 (custom)
2019-10-14 14:58:20,486 [pool-619-thread-1] INFO  server.RaftServerConfigKeys (ConfUtils.java:logGet(43)) - raft.server.log.write.buffer.size = 33554432 (custom)
2019-10-14 14:58:20,486 [pool-589-thread-1] INFO  server.RaftServerConfigKeys (ConfUtils.java:logGet(43)) - raft.server.log.write.buffer.size = 33554432 (custom)
2019-10-14 14:58:20,486 [pool-619-thread-1] INFO  server.RaftServerConfigKeys (ConfUtils.java:logGet(43)) - raft.server.log.force.sync.num = 128 (default)
2019-10-14 14:58:20,486 [pool-609-thread-1] INFO  server.RaftServerConfigKeys (ConfUtils.java:logGet(43)) - raft.server.log.write.buffer.size = 33554432 (custom)
2019-10-14 14:58:20,486 [pool-619-thread-1] INFO  server.RaftServerConfigKeys (ConfUtils.java:logGet(43)) - raft.server.log.statemachine.data.sync = true (default)
2019-10-14 14:58:20,486 [pool-589-thread-1] INFO  server.RaftServerConfigKeys (ConfUtils.java:logGet(43)) - raft.server.log.force.sync.num = 128 (default)
2019-10-14 14:58:20,486 [pool-619-thread-1] INFO  server.RaftServerConfigKeys (ConfUtils.java:logGet(43)) - raft.server.log.statemachine.data.sync.timeout = 10s (default)
2019-10-14 14:58:20,486 [pool-609-thread-1] INFO  server.RaftServerConfigKeys (ConfUtils.java:logGet(43)) - raft.server.log.force.sync.num = 128 (default)
2019-10-14 14:58:20,487 [pool-619-thread-1] INFO  server.RaftServerConfigKeys (ConfUtils.java:logGet(43)) - raft.server.log.statemachine.data.sync.timeout.retry = -1 (default)
2019-10-14 14:58:20,487 [pool-589-thread-1] INFO  server.RaftServerConfigKeys (ConfUtils.java:logGet(43)) - raft.server.log.statemachine.data.sync = true (default)
2019-10-14 14:58:20,487 [pool-619-thread-1] INFO  server.RaftServerConfigKeys (ConfUtils.java:logGet(43)) - raft.server.log.statemachine.data.caching.enabled = true (custom)
2019-10-14 14:58:20,487 [pool-609-thread-1] INFO  server.RaftServerConfigKeys (ConfUtils.java:logGet(43)) - raft.server.log.statemachine.data.sync = true (default)
2019-10-14 14:58:20,487 [pool-589-thread-1] INFO  server.RaftServerConfigKeys (ConfUtils.java:logGet(43)) - raft.server.log.statemachine.data.sync.timeout = 10s (default)
2019-10-14 14:58:20,487 [pool-619-thread-1] INFO  segmented.SegmentedRaftLogWorker (SegmentedRaftLogWorker.java:lambda$new$0(132)) - df9e5f57-bd2c-4d2e-90a4-8b7d317b94ee@group-CB1E499B7A76-SegmentedRaftLogWorker: flushIndex: setUnconditionally 0 -> -1
2019-10-14 14:58:20,487 [pool-609-thread-1] INFO  server.RaftServerConfigKeys (ConfUtils.java:logGet(43)) - raft.server.log.statemachine.data.sync.timeout = 10s (default)
2019-10-14 14:58:20,487 [pool-589-thread-1] INFO  server.RaftServerConfigKeys (ConfUtils.java:logGet(43)) - raft.server.log.statemachine.data.sync.timeout.retry = -1 (default)
2019-10-14 14:58:20,488 [pool-619-thread-1] INFO  server.RaftServerConfigKeys (ConfUtils.java:logGet(43)) - raft.server.snapshot.auto.trigger.enabled = true (custom)
2019-10-14 14:58:20,487 [pool-609-thread-1] INFO  server.RaftServerConfigKeys (ConfUtils.java:logGet(43)) - raft.server.log.statemachine.data.sync.timeout.retry = -1 (default)
2019-10-14 14:58:20,488 [pool-619-thread-1] INFO  server.RaftServerConfigKeys (ConfUtils.java:logGet(43)) - raft.server.snapshot.auto.trigger.threshold = 10000 (custom)
2019-10-14 14:58:20,488 [pool-589-thread-1] INFO  server.RaftServerConfigKeys (ConfUtils.java:logGet(43)) - raft.server.log.statemachine.data.caching.enabled = true (custom)
2019-10-14 14:58:20,488 [pool-619-thread-1] INFO  server.RaftServerConfigKeys (ConfUtils.java:logGet(43)) - raft.server.snapshot.retention.num.files = 5 (custom)
2019-10-14 14:58:20,488 [pool-589-thread-1] INFO  segmented.SegmentedRaftLogWorker (SegmentedRaftLogWorker.java:lambda$new$0(132)) - b765ecb1-ebfa-42dd-8a13-5b9feb228ba9@group-CB1E499B7A76-SegmentedRaftLogWorker: flushIndex: setUnconditionally 0 -> -1
2019-10-14 14:58:20,488 [pool-609-thread-1] INFO  server.RaftServerConfigKeys (ConfUtils.java:logGet(43)) - raft.server.log.statemachine.data.caching.enabled = true (custom)
2019-10-14 14:58:20,488 [pool-619-thread-1] INFO  server.RaftServerConfigKeys (ConfUtils.java:logGet(43)) - raft.server.retrycache.expirytime = 600000ms (custom)
2019-10-14 14:58:20,488 [pool-589-thread-1] INFO  server.RaftServerConfigKeys (ConfUtils.java:logGet(43)) - raft.server.snapshot.auto.trigger.enabled = true (custom)
2019-10-14 14:58:20,488 [pool-609-thread-1] INFO  segmented.SegmentedRaftLogWorker (SegmentedRaftLogWorker.java:lambda$new$0(132)) - f9d9ba55-347c-42aa-b343-203ee5e29f8d@group-CB1E499B7A76-SegmentedRaftLogWorker: flushIndex: setUnconditionally 0 -> -1
2019-10-14 14:58:20,488 [pool-589-thread-1] INFO  server.RaftServerConfigKeys (ConfUtils.java:logGet(43)) - raft.server.snapshot.auto.trigger.threshold = 10000 (custom)
2019-10-14 14:58:20,489 [pool-589-thread-1] INFO  server.RaftServerConfigKeys (ConfUtils.java:logGet(43)) - raft.server.snapshot.retention.num.files = 5 (custom)
2019-10-14 14:58:20,489 [pool-609-thread-1] INFO  server.RaftServerConfigKeys (ConfUtils.java:logGet(43)) - raft.server.snapshot.auto.trigger.enabled = true (custom)
2019-10-14 14:58:20,489 [pool-589-thread-1] INFO  server.RaftServerConfigKeys (ConfUtils.java:logGet(43)) - raft.server.retrycache.expirytime = 600000ms (custom)
2019-10-14 14:58:20,489 [pool-609-thread-1] INFO  server.RaftServerConfigKeys (ConfUtils.java:logGet(43)) - raft.server.snapshot.auto.trigger.threshold = 10000 (custom)
2019-10-14 14:58:20,489 [pool-609-thread-1] INFO  server.RaftServerConfigKeys (ConfUtils.java:logGet(43)) - raft.server.snapshot.retention.num.files = 5 (custom)
2019-10-14 14:58:20,489 [pool-609-thread-1] INFO  server.RaftServerConfigKeys (ConfUtils.java:logGet(43)) - raft.server.retrycache.expirytime = 600000ms (custom)
2019-10-14 14:58:20,491 [pool-619-thread-1] INFO  impl.RaftServerImpl (RaftServerImpl.java:start(185)) - df9e5f57-bd2c-4d2e-90a4-8b7d317b94ee@group-CB1E499B7A76: start as a follower, conf=-1: [b765ecb1-ebfa-42dd-8a13-5b9feb228ba9:192.168.5.159:33315, df9e5f57-bd2c-4d2e-90a4-8b7d317b94ee:192.168.5.159:45002, f9d9ba55-347c-42aa-b343-203ee5e29f8d:192.168.5.159:43703], old=null
2019-10-14 14:58:20,491 [pool-619-thread-1] INFO  impl.RaftServerImpl (RaftServerImpl.java:setRole(174)) - df9e5f57-bd2c-4d2e-90a4-8b7d317b94ee@group-CB1E499B7A76: changes role from      null to FOLLOWER at term 0 for startAsFollower
2019-10-14 14:58:20,491 [pool-619-thread-1] INFO  impl.RoleInfo (RoleInfo.java:updateAndGet(143)) - df9e5f57-bd2c-4d2e-90a4-8b7d317b94ee: start FollowerState
2019-10-14 14:58:20,491 [pool-619-thread-1] INFO  util.JmxRegister (JmxRegister.java:tryRegister(44)) - Successfully registered JMX Bean with object name Ratis:service=RaftServer,group=group-CB1E499B7A76,id=df9e5f57-bd2c-4d2e-90a4-8b7d317b94ee
2019-10-14 14:58:20,491 [pool-589-thread-1] INFO  impl.RaftServerImpl (RaftServerImpl.java:start(185)) - b765ecb1-ebfa-42dd-8a13-5b9feb228ba9@group-CB1E499B7A76: start as a follower, conf=-1: [b765ecb1-ebfa-42dd-8a13-5b9feb228ba9:192.168.5.159:33315, df9e5f57-bd2c-4d2e-90a4-8b7d317b94ee:192.168.5.159:45002, f9d9ba55-347c-42aa-b343-203ee5e29f8d:192.168.5.159:43703], old=null
2019-10-14 14:58:20,492 [pool-589-thread-1] INFO  impl.RaftServerImpl (RaftServerImpl.java:setRole(174)) - b765ecb1-ebfa-42dd-8a13-5b9feb228ba9@group-CB1E499B7A76: changes role from      null to FOLLOWER at term 0 for startAsFollower
2019-10-14 14:58:20,492 [pool-589-thread-1] INFO  impl.RoleInfo (RoleInfo.java:updateAndGet(143)) - b765ecb1-ebfa-42dd-8a13-5b9feb228ba9: start FollowerState
2019-10-14 14:58:20,492 [pool-609-thread-1] INFO  impl.RaftServerImpl (RaftServerImpl.java:start(185)) - f9d9ba55-347c-42aa-b343-203ee5e29f8d@group-CB1E499B7A76: start as a follower, conf=-1: [b765ecb1-ebfa-42dd-8a13-5b9feb228ba9:192.168.5.159:33315, df9e5f57-bd2c-4d2e-90a4-8b7d317b94ee:192.168.5.159:45002, f9d9ba55-347c-42aa-b343-203ee5e29f8d:192.168.5.159:43703], old=null
2019-10-14 14:58:20,492 [pool-609-thread-1] INFO  impl.RaftServerImpl (RaftServerImpl.java:setRole(174)) - f9d9ba55-347c-42aa-b343-203ee5e29f8d@group-CB1E499B7A76: changes role from      null to FOLLOWER at term 0 for startAsFollower
2019-10-14 14:58:20,492 [pool-589-thread-1] INFO  util.JmxRegister (JmxRegister.java:tryRegister(44)) - Successfully registered JMX Bean with object name Ratis:service=RaftServer,group=group-CB1E499B7A76,id=b765ecb1-ebfa-42dd-8a13-5b9feb228ba9
2019-10-14 14:58:20,492 [pool-609-thread-1] INFO  impl.RoleInfo (RoleInfo.java:updateAndGet(143)) - f9d9ba55-347c-42aa-b343-203ee5e29f8d: start FollowerState
2019-10-14 14:58:20,492 [pool-609-thread-1] INFO  util.JmxRegister (JmxRegister.java:tryRegister(44)) - Successfully registered JMX Bean with object name Ratis:service=RaftServer,group=group-CB1E499B7A76,id=f9d9ba55-347c-42aa-b343-203ee5e29f8d
2019-10-14 14:58:20,495 [RatisPipelineUtilsThread] INFO  pipeline.PipelineStateManager (PipelineStateManager.java:addPipeline(56)) - Created pipeline Pipeline[ Id: da99b8bf-1d40-44bd-b278-cb1e499b7a76, Nodes: df9e5f57-bd2c-4d2e-90a4-8b7d317b94ee{ip: 192.168.5.159, host: pr-hdds-1569-fwkxq-874464227, networkLocation: /default-rack, certSerialId: null}f9d9ba55-347c-42aa-b343-203ee5e29f8d{ip: 192.168.5.159, host: pr-hdds-1569-fwkxq-874464227, networkLocation: /default-rack, certSerialId: null}b765ecb1-ebfa-42dd-8a13-5b9feb228ba9{ip: 192.168.5.159, host: pr-hdds-1569-fwkxq-874464227, networkLocation: /default-rack, certSerialId: null}, Type:RATIS, Factor:THREE, State:OPEN]
2019-10-14 14:58:20,495 [RatisPipelineUtilsThread] INFO  pipeline.PipelinePlacementPolicy (PipelinePlacementPolicy.java:meetCriteria(104)) - Pipeline Placement: can't place more pipeline on heavy datanode： b765ecb1-ebfa-42dd-8a13-5b9feb228ba9 Heaviness: 3 limit: 3
2019-10-14 14:58:20,495 [RatisPipelineUtilsThread] INFO  pipeline.PipelinePlacementPolicy (PipelinePlacementPolicy.java:meetCriteria(104)) - Pipeline Placement: can't place more pipeline on heavy datanode： f9d9ba55-347c-42aa-b343-203ee5e29f8d Heaviness: 3 limit: 3
2019-10-14 14:58:20,502 [grpc-default-executor-5] INFO  impl.RaftServerProxy (RaftServerProxy.java:addNew(89)) - df9e5f57-bd2c-4d2e-90a4-8b7d317b94ee: addNew group-F1B0E408E5D3:[df9e5f57-bd2c-4d2e-90a4-8b7d317b94ee:192.168.5.159:45002, a0884861-8b64-4900-8d43-9348fc78e683:192.168.5.159:36871, 7cf7e218-75a7-48f9-af97-c86dcc9fa8bb:192.168.5.159:39572] returns group-F1B0E408E5D3:java.util.concurrent.CompletableFuture@40b027d8[Not completed]
2019-10-14 14:58:20,505 [grpc-default-executor-10] INFO  impl.RaftServerProxy (RaftServerProxy.java:addNew(89)) - 7cf7e218-75a7-48f9-af97-c86dcc9fa8bb: addNew group-F1B0E408E5D3:[df9e5f57-bd2c-4d2e-90a4-8b7d317b94ee:192.168.5.159:45002, a0884861-8b64-4900-8d43-9348fc78e683:192.168.5.159:36871, 7cf7e218-75a7-48f9-af97-c86dcc9fa8bb:192.168.5.159:39572] returns group-F1B0E408E5D3:java.util.concurrent.CompletableFuture@d661714[Not completed]
2019-10-14 14:58:20,505 [grpc-default-executor-13] INFO  impl.RaftServerProxy (RaftServerProxy.java:addNew(89)) - a0884861-8b64-4900-8d43-9348fc78e683: addNew group-F1B0E408E5D3:[df9e5f57-bd2c-4d2e-90a4-8b7d317b94ee:192.168.5.159:45002, a0884861-8b64-4900-8d43-9348fc78e683:192.168.5.159:36871, 7cf7e218-75a7-48f9-af97-c86dcc9fa8bb:192.168.5.159:39572] returns group-F1B0E408E5D3:java.util.concurrent.CompletableFuture@5ef82926[Not completed]
2019-10-14 14:58:20,505 [pool-619-thread-1] INFO  impl.RaftServerImpl (RaftServerImpl.java:<init>(95)) - df9e5f57-bd2c-4d2e-90a4-8b7d317b94ee: new RaftServerImpl for group-F1B0E408E5D3:[df9e5f57-bd2c-4d2e-90a4-8b7d317b94ee:192.168.5.159:45002, a0884861-8b64-4900-8d43-9348fc78e683:192.168.5.159:36871, 7cf7e218-75a7-48f9-af97-c86dcc9fa8bb:192.168.5.159:39572] with ContainerStateMachine:uninitialized
2019-10-14 14:58:20,505 [pool-619-thread-1] INFO  server.RaftServerConfigKeys (ConfUtils.java:logGet(43)) - raft.server.rpc.timeout.min = 5s (custom)
2019-10-14 14:58:20,505 [pool-619-thread-1] INFO  server.RaftServerConfigKeys (ConfUtils.java:logGet(43)) - raft.server.rpc.timeout.max = 5200ms (custom)
2019-10-14 14:58:20,506 [pool-619-thread-1] INFO  server.RaftServerConfigKeys (ConfUtils.java:logGet(43)) - raft.server.rpcslowness.timeout = 120s (custom)
2019-10-14 14:58:20,506 [pool-619-thread-1] INFO  server.RaftServerConfigKeys (ConfUtils.java:logGet(43)) - raft.server.sleep.deviation.threshold = 300 (default)
2019-10-14 14:58:20,506 [pool-619-thread-1] INFO  server.RaftServerConfigKeys (ConfUtils.java:logGet(43)) - raft.server.log.appender.install.snapshot.enabled = false (custom)
2019-10-14 14:58:20,506 [pool-619-thread-1] INFO  impl.RaftServerImpl (ServerState.java:<init>(103)) - df9e5f57-bd2c-4d2e-90a4-8b7d317b94ee@group-F1B0E408E5D3: ConfigurationManager, init=-1: [df9e5f57-bd2c-4d2e-90a4-8b7d317b94ee:192.168.5.159:45002, a0884861-8b64-4900-8d43-9348fc78e683:192.168.5.159:36871, 7cf7e218-75a7-48f9-af97-c86dcc9fa8bb:192.168.5.159:39572], old=null, confs=<EMPTY_MAP>
2019-10-14 14:58:20,506 [pool-599-thread-1] INFO  impl.RaftServerImpl (RaftServerImpl.java:<init>(95)) - a0884861-8b64-4900-8d43-9348fc78e683: new RaftServerImpl for group-F1B0E408E5D3:[df9e5f57-bd2c-4d2e-90a4-8b7d317b94ee:192.168.5.159:45002, a0884861-8b64-4900-8d43-9348fc78e683:192.168.5.159:36871, 7cf7e218-75a7-48f9-af97-c86dcc9fa8bb:192.168.5.159:39572] with ContainerStateMachine:uninitialized
2019-10-14 14:58:20,506 [pool-619-thread-1] INFO  server.RaftServerConfigKeys (ConfUtils.java:logGet(43)) - raft.server.storage.dir = [/workdir/hadoop-ozone/integration-test/target/test-dir/MiniOzoneClusterImpl-aa81d3dd-6e87-4dee-8c30-8f43e5632f78/datanode-3/data/ratis] (custom)
2019-10-14 14:58:20,506 [pool-599-thread-1] INFO  server.RaftServerConfigKeys (ConfUtils.java:logGet(43)) - raft.server.rpc.timeout.min = 5s (custom)
2019-10-14 14:58:20,506 [pool-599-thread-1] INFO  server.RaftServerConfigKeys (ConfUtils.java:logGet(43)) - raft.server.rpc.timeout.max = 5200ms (custom)
2019-10-14 14:58:20,506 [pool-629-thread-1] INFO  impl.RaftServerImpl (RaftServerImpl.java:<init>(95)) - 7cf7e218-75a7-48f9-af97-c86dcc9fa8bb: new RaftServerImpl for group-F1B0E408E5D3:[df9e5f57-bd2c-4d2e-90a4-8b7d317b94ee:192.168.5.159:45002, a0884861-8b64-4900-8d43-9348fc78e683:192.168.5.159:36871, 7cf7e218-75a7-48f9-af97-c86dcc9fa8bb:192.168.5.159:39572] with ContainerStateMachine:uninitialized
2019-10-14 14:58:20,506 [pool-599-thread-1] INFO  server.RaftServerConfigKeys (ConfUtils.java:logGet(43)) - raft.server.rpcslowness.timeout = 120s (custom)
2019-10-14 14:58:20,506 [pool-619-thread-1] INFO  storage.RaftStorageDirectory (RaftStorageDirectory.java:analyzeStorage(246)) - The storage directory /workdir/hadoop-ozone/integration-test/target/test-dir/MiniOzoneClusterImpl-aa81d3dd-6e87-4dee-8c30-8f43e5632f78/datanode-3/data/ratis/9dbf62c0-8c70-4285-88ab-f1b0e408e5d3 does not exist. Creating ...
2019-10-14 14:58:20,506 [pool-599-thread-1] INFO  server.RaftServerConfigKeys (ConfUtils.java:logGet(43)) - raft.server.sleep.deviation.threshold = 300 (default)
2019-10-14 14:58:20,506 [pool-629-thread-1] INFO  server.RaftServerConfigKeys (ConfUtils.java:logGet(43)) - raft.server.rpc.timeout.min = 5s (custom)
2019-10-14 14:58:20,507 [pool-599-thread-1] INFO  server.RaftServerConfigKeys (ConfUtils.java:logGet(43)) - raft.server.log.appender.install.snapshot.enabled = false (custom)
2019-10-14 14:58:20,507 [pool-629-thread-1] INFO  server.RaftServerConfigKeys (ConfUtils.java:logGet(43)) - raft.server.rpc.timeout.max = 5200ms (custom)
2019-10-14 14:58:20,507 [pool-599-thread-1] INFO  impl.RaftServerImpl (ServerState.java:<init>(103)) - a0884861-8b64-4900-8d43-9348fc78e683@group-F1B0E408E5D3: ConfigurationManager, init=-1: [df9e5f57-bd2c-4d2e-90a4-8b7d317b94ee:192.168.5.159:45002, a0884861-8b64-4900-8d43-9348fc78e683:192.168.5.159:36871, 7cf7e218-75a7-48f9-af97-c86dcc9fa8bb:192.168.5.159:39572], old=null, confs=<EMPTY_MAP>
2019-10-14 14:58:20,507 [pool-629-thread-1] INFO  server.RaftServerConfigKeys (ConfUtils.java:logGet(43)) - raft.server.rpcslowness.timeout = 120s (custom)
2019-10-14 14:58:20,507 [pool-599-thread-1] INFO  server.RaftServerConfigKeys (ConfUtils.java:logGet(43)) - raft.server.storage.dir = [/workdir/hadoop-ozone/integration-test/target/test-dir/MiniOzoneClusterImpl-aa81d3dd-6e87-4dee-8c30-8f43e5632f78/datanode-1/data/ratis] (custom)
2019-10-14 14:58:20,507 [pool-629-thread-1] INFO  server.RaftServerConfigKeys (ConfUtils.java:logGet(43)) - raft.server.sleep.deviation.threshold = 300 (default)
2019-10-14 14:58:20,507 [pool-629-thread-1] INFO  server.RaftServerConfigKeys (ConfUtils.java:logGet(43)) - raft.server.log.appender.install.snapshot.enabled = false (custom)
2019-10-14 14:58:20,507 [pool-599-thread-1] INFO  storage.RaftStorageDirectory (RaftStorageDirectory.java:analyzeStorage(246)) - The storage directory /workdir/hadoop-ozone/integration-test/target/test-dir/MiniOzoneClusterImpl-aa81d3dd-6e87-4dee-8c30-8f43e5632f78/datanode-1/data/ratis/9dbf62c0-8c70-4285-88ab-f1b0e408e5d3 does not exist. Creating ...
2019-10-14 14:58:20,507 [pool-629-thread-1] INFO  impl.RaftServerImpl (ServerState.java:<init>(103)) - 7cf7e218-75a7-48f9-af97-c86dcc9fa8bb@group-F1B0E408E5D3: ConfigurationManager, init=-1: [df9e5f57-bd2c-4d2e-90a4-8b7d317b94ee:192.168.5.159:45002, a0884861-8b64-4900-8d43-9348fc78e683:192.168.5.159:36871, 7cf7e218-75a7-48f9-af97-c86dcc9fa8bb:192.168.5.159:39572], old=null, confs=<EMPTY_MAP>
2019-10-14 14:58:20,508 [pool-629-thread-1] INFO  server.RaftServerConfigKeys (ConfUtils.java:logGet(43)) - raft.server.storage.dir = [/workdir/hadoop-ozone/integration-test/target/test-dir/MiniOzoneClusterImpl-aa81d3dd-6e87-4dee-8c30-8f43e5632f78/datanode-4/data/ratis] (custom)
2019-10-14 14:58:20,508 [pool-629-thread-1] INFO  storage.RaftStorageDirectory (RaftStorageDirectory.java:analyzeStorage(246)) - The storage directory /workdir/hadoop-ozone/integration-test/target/test-dir/MiniOzoneClusterImpl-aa81d3dd-6e87-4dee-8c30-8f43e5632f78/datanode-4/data/ratis/9dbf62c0-8c70-4285-88ab-f1b0e408e5d3 does not exist. Creating ...
2019-10-14 14:58:20,516 [pool-619-thread-1] INFO  storage.RaftStorageDirectory (RaftStorageDirectory.java:tryLock(328)) - Lock on /workdir/hadoop-ozone/integration-test/target/test-dir/MiniOzoneClusterImpl-aa81d3dd-6e87-4dee-8c30-8f43e5632f78/datanode-3/data/ratis/9dbf62c0-8c70-4285-88ab-f1b0e408e5d3/in_use.lock acquired by nodename 7901@pr-hdds-1569-fwkxq-874464227
2019-10-14 14:58:20,516 [pool-629-thread-1] INFO  storage.RaftStorageDirectory (RaftStorageDirectory.java:tryLock(328)) - Lock on /workdir/hadoop-ozone/integration-test/target/test-dir/MiniOzoneClusterImpl-aa81d3dd-6e87-4dee-8c30-8f43e5632f78/datanode-4/data/ratis/9dbf62c0-8c70-4285-88ab-f1b0e408e5d3/in_use.lock acquired by nodename 7901@pr-hdds-1569-fwkxq-874464227
2019-10-14 14:58:20,516 [pool-599-thread-1] INFO  storage.RaftStorageDirectory (RaftStorageDirectory.java:tryLock(328)) - Lock on /workdir/hadoop-ozone/integration-test/target/test-dir/MiniOzoneClusterImpl-aa81d3dd-6e87-4dee-8c30-8f43e5632f78/datanode-1/data/ratis/9dbf62c0-8c70-4285-88ab-f1b0e408e5d3/in_use.lock acquired by nodename 7901@pr-hdds-1569-fwkxq-874464227
2019-10-14 14:58:20,529 [pool-619-thread-1] INFO  storage.RaftStorage (RaftStorage.java:format(72)) - Storage directory /workdir/hadoop-ozone/integration-test/target/test-dir/MiniOzoneClusterImpl-aa81d3dd-6e87-4dee-8c30-8f43e5632f78/datanode-3/data/ratis/9dbf62c0-8c70-4285-88ab-f1b0e408e5d3 has been successfully formatted.
2019-10-14 14:58:20,529 [pool-599-thread-1] INFO  storage.RaftStorage (RaftStorage.java:format(72)) - Storage directory /workdir/hadoop-ozone/integration-test/target/test-dir/MiniOzoneClusterImpl-aa81d3dd-6e87-4dee-8c30-8f43e5632f78/datanode-1/data/ratis/9dbf62c0-8c70-4285-88ab-f1b0e408e5d3 has been successfully formatted.
2019-10-14 14:58:20,529 [pool-629-thread-1] INFO  storage.RaftStorage (RaftStorage.java:format(72)) - Storage directory /workdir/hadoop-ozone/integration-test/target/test-dir/MiniOzoneClusterImpl-aa81d3dd-6e87-4dee-8c30-8f43e5632f78/datanode-4/data/ratis/9dbf62c0-8c70-4285-88ab-f1b0e408e5d3 has been successfully formatted.
2019-10-14 14:58:20,530 [pool-599-thread-1] INFO  ratis.ContainerStateMachine (ContainerStateMachine.java:loadSnapshot(230)) - group-F1B0E408E5D3: The snapshot info is null. Setting the last applied indexto:(t:0, i:~)
2019-10-14 14:58:20,529 [pool-619-thread-1] INFO  ratis.ContainerStateMachine (ContainerStateMachine.java:loadSnapshot(230)) - group-F1B0E408E5D3: The snapshot info is null. Setting the last applied indexto:(t:0, i:~)
2019-10-14 14:58:20,530 [pool-599-thread-1] INFO  server.RaftServerConfigKeys (ConfUtils.java:logGet(43)) - raft.server.notification.no-leader.timeout = 120s (custom)
2019-10-14 14:58:20,530 [pool-629-thread-1] INFO  ratis.ContainerStateMachine (ContainerStateMachine.java:loadSnapshot(230)) - group-F1B0E408E5D3: The snapshot info is null. Setting the last applied indexto:(t:0, i:~)
2019-10-14 14:58:20,530 [pool-599-thread-1] INFO  server.RaftServerConfigKeys (ConfUtils.java:logGet(43)) - raft.server.log.use.memory = false (default)
2019-10-14 14:58:20,530 [pool-619-thread-1] INFO  server.RaftServerConfigKeys (ConfUtils.java:logGet(43)) - raft.server.notification.no-leader.timeout = 120s (custom)
2019-10-14 14:58:20,530 [pool-599-thread-1] INFO  server.RaftServerConfigKeys (ConfUtils.java:logGet(43)) - raft.server.log.purge.gap = 1000000 (custom)
2019-10-14 14:58:20,530 [pool-629-thread-1] INFO  server.RaftServerConfigKeys (ConfUtils.java:logGet(43)) - raft.server.notification.no-leader.timeout = 120s (custom)
2019-10-14 14:58:20,531 [pool-599-thread-1] INFO  server.RaftServerConfigKeys (ConfUtils.java:logGet(43)) - raft.server.log.appender.buffer.byte-limit = 33554432 (custom)
2019-10-14 14:58:20,530 [pool-619-thread-1] INFO  server.RaftServerConfigKeys (ConfUtils.java:logGet(43)) - raft.server.log.use.memory = false (default)
2019-10-14 14:58:20,531 [pool-599-thread-1] INFO  server.RaftServerConfigKeys (ConfUtils.java:logGet(43)) - raft.server.log.segment.size.max = 1048576 (custom)
2019-10-14 14:58:20,531 [pool-629-thread-1] INFO  server.RaftServerConfigKeys (ConfUtils.java:logGet(43)) - raft.server.log.use.memory = false (default)
2019-10-14 14:58:20,531 [pool-599-thread-1] INFO  server.RaftServerConfigKeys (ConfUtils.java:logGet(43)) - raft.server.log.segment.cache.num.max = 2 (custom)
2019-10-14 14:58:20,531 [pool-619-thread-1] INFO  server.RaftServerConfigKeys (ConfUtils.java:logGet(43)) - raft.server.log.purge.gap = 1000000 (custom)
2019-10-14 14:58:20,531 [pool-599-thread-1] INFO  segmented.SegmentedRaftLogWorker (SegmentedRaftLogWorker.java:<init>(172)) - new a0884861-8b64-4900-8d43-9348fc78e683@group-F1B0E408E5D3-SegmentedRaftLogWorker for RaftStorage:Storage Directory /workdir/hadoop-ozone/integration-test/target/test-dir/MiniOzoneClusterImpl-aa81d3dd-6e87-4dee-8c30-8f43e5632f78/datanode-1/data/ratis/9dbf62c0-8c70-4285-88ab-f1b0e408e5d3
2019-10-14 14:58:20,531 [pool-629-thread-1] INFO  server.RaftServerConfigKeys (ConfUtils.java:logGet(43)) - raft.server.log.purge.gap = 1000000 (custom)
2019-10-14 14:58:20,532 [pool-599-thread-1] INFO  server.RaftServerConfigKeys (ConfUtils.java:logGet(43)) - raft.server.log.queue.byte-limit = 2147483647 (custom)
2019-10-14 14:58:20,531 [pool-619-thread-1] INFO  server.RaftServerConfigKeys (ConfUtils.java:logGet(43)) - raft.server.log.appender.buffer.byte-limit = 33554432 (custom)
2019-10-14 14:58:20,532 [pool-599-thread-1] INFO  server.RaftServerConfigKeys (ConfUtils.java:logGet(43)) - raft.server.log.queue.element-limit = 1024 (custom)
2019-10-14 14:58:20,532 [pool-629-thread-1] INFO  server.RaftServerConfigKeys (ConfUtils.java:logGet(43)) - raft.server.log.appender.buffer.byte-limit = 33554432 (custom)
2019-10-14 14:58:20,532 [pool-599-thread-1] INFO  server.RaftServerConfigKeys (ConfUtils.java:logGet(43)) - raft.server.log.segment.size.max = 1048576 (custom)
2019-10-14 14:58:20,532 [pool-619-thread-1] INFO  server.RaftServerConfigKeys (ConfUtils.java:logGet(43)) - raft.server.log.segment.size.max = 1048576 (custom)
2019-10-14 14:58:20,532 [pool-599-thread-1] INFO  server.RaftServerConfigKeys (ConfUtils.java:logGet(43)) - raft.server.log.preallocated.size = 16384 (custom)
2019-10-14 14:58:20,532 [pool-629-thread-1] INFO  server.RaftServerConfigKeys (ConfUtils.java:logGet(43)) - raft.server.log.segment.size.max = 1048576 (custom)
2019-10-14 14:58:20,532 [pool-599-thread-1] INFO  server.RaftServerConfigKeys (ConfUtils.java:logGet(43)) - raft.server.log.write.buffer.size = 33554432 (custom)
2019-10-14 14:58:20,532 [pool-619-thread-1] INFO  server.RaftServerConfigKeys (ConfUtils.java:logGet(43)) - raft.server.log.segment.cache.num.max = 2 (custom)
2019-10-14 14:58:20,533 [pool-599-thread-1] INFO  server.RaftServerConfigKeys (ConfUtils.java:logGet(43)) - raft.server.log.force.sync.num = 128 (default)
2019-10-14 14:58:20,533 [pool-599-thread-1] INFO  server.RaftServerConfigKeys (ConfUtils.java:logGet(43)) - raft.server.log.statemachine.data.sync = true (default)
2019-10-14 14:58:20,533 [pool-629-thread-1] INFO  server.RaftServerConfigKeys (ConfUtils.java:logGet(43)) - raft.server.log.segment.cache.num.max = 2 (custom)
2019-10-14 14:58:20,533 [pool-599-thread-1] INFO  server.RaftServerConfigKeys (ConfUtils.java:logGet(43)) - raft.server.log.statemachine.data.sync.timeout = 10s (default)
2019-10-14 14:58:20,533 [pool-619-thread-1] INFO  segmented.SegmentedRaftLogWorker (SegmentedRaftLogWorker.java:<init>(172)) - new df9e5f57-bd2c-4d2e-90a4-8b7d317b94ee@group-F1B0E408E5D3-SegmentedRaftLogWorker for RaftStorage:Storage Directory /workdir/hadoop-ozone/integration-test/target/test-dir/MiniOzoneClusterImpl-aa81d3dd-6e87-4dee-8c30-8f43e5632f78/datanode-3/data/ratis/9dbf62c0-8c70-4285-88ab-f1b0e408e5d3
2019-10-14 14:58:20,534 [pool-599-thread-1] INFO  server.RaftServerConfigKeys (ConfUtils.java:logGet(43)) - raft.server.log.statemachine.data.sync.timeout.retry = -1 (default)
2019-10-14 14:58:20,533 [pool-629-thread-1] INFO  segmented.SegmentedRaftLogWorker (SegmentedRaftLogWorker.java:<init>(172)) - new 7cf7e218-75a7-48f9-af97-c86dcc9fa8bb@group-F1B0E408E5D3-SegmentedRaftLogWorker for RaftStorage:Storage Directory /workdir/hadoop-ozone/integration-test/target/test-dir/MiniOzoneClusterImpl-aa81d3dd-6e87-4dee-8c30-8f43e5632f78/datanode-4/data/ratis/9dbf62c0-8c70-4285-88ab-f1b0e408e5d3
2019-10-14 14:58:20,534 [pool-599-thread-1] INFO  server.RaftServerConfigKeys (ConfUtils.java:logGet(43)) - raft.server.log.statemachine.data.caching.enabled = true (custom)
2019-10-14 14:58:20,534 [pool-619-thread-1] INFO  server.RaftServerConfigKeys (ConfUtils.java:logGet(43)) - raft.server.log.queue.byte-limit = 2147483647 (custom)
2019-10-14 14:58:20,534 [pool-619-thread-1] INFO  server.RaftServerConfigKeys (ConfUtils.java:logGet(43)) - raft.server.log.queue.element-limit = 1024 (custom)
2019-10-14 14:58:20,534 [pool-619-thread-1] INFO  server.RaftServerConfigKeys (ConfUtils.java:logGet(43)) - raft.server.log.segment.size.max = 1048576 (custom)
2019-10-14 14:58:20,534 [pool-599-thread-1] INFO  segmented.SegmentedRaftLogWorker (SegmentedRaftLogWorker.java:lambda$new$0(132)) - a0884861-8b64-4900-8d43-9348fc78e683@group-F1B0E408E5D3-SegmentedRaftLogWorker: flushIndex: setUnconditionally 0 -> -1
2019-10-14 14:58:20,534 [pool-619-thread-1] INFO  server.RaftServerConfigKeys (ConfUtils.java:logGet(43)) - raft.server.log.preallocated.size = 16384 (custom)
2019-10-14 14:58:20,535 [pool-619-thread-1] INFO  server.RaftServerConfigKeys (ConfUtils.java:logGet(43)) - raft.server.log.write.buffer.size = 33554432 (custom)
2019-10-14 14:58:20,535 [pool-619-thread-1] INFO  server.RaftServerConfigKeys (ConfUtils.java:logGet(43)) - raft.server.log.force.sync.num = 128 (default)
2019-10-14 14:58:20,535 [pool-599-thread-1] INFO  server.RaftServerConfigKeys (ConfUtils.java:logGet(43)) - raft.server.snapshot.auto.trigger.enabled = true (custom)
2019-10-14 14:58:20,535 [pool-619-thread-1] INFO  server.RaftServerConfigKeys (ConfUtils.java:logGet(43)) - raft.server.log.statemachine.data.sync = true (default)
2019-10-14 14:58:20,535 [pool-599-thread-1] INFO  server.RaftServerConfigKeys (ConfUtils.java:logGet(43)) - raft.server.snapshot.auto.trigger.threshold = 10000 (custom)
2019-10-14 14:58:20,535 [pool-629-thread-1] INFO  server.RaftServerConfigKeys (ConfUtils.java:logGet(43)) - raft.server.log.queue.byte-limit = 2147483647 (custom)
2019-10-14 14:58:20,535 [pool-619-thread-1] INFO  server.RaftServerConfigKeys (ConfUtils.java:logGet(43)) - raft.server.log.statemachine.data.sync.timeout = 10s (default)
2019-10-14 14:58:20,535 [pool-629-thread-1] INFO  server.RaftServerConfigKeys (ConfUtils.java:logGet(43)) - raft.server.log.queue.element-limit = 1024 (custom)
2019-10-14 14:58:20,535 [pool-599-thread-1] INFO  server.RaftServerConfigKeys (ConfUtils.java:logGet(43)) - raft.server.snapshot.retention.num.files = 5 (custom)
2019-10-14 14:58:20,535 [pool-629-thread-1] INFO  server.RaftServerConfigKeys (ConfUtils.java:logGet(43)) - raft.server.log.segment.size.max = 1048576 (custom)
2019-10-14 14:58:20,535 [pool-619-thread-1] INFO  server.RaftServerConfigKeys (ConfUtils.java:logGet(43)) - raft.server.log.statemachine.data.sync.timeout.retry = -1 (default)
2019-10-14 14:58:20,536 [pool-629-thread-1] INFO  server.RaftServerConfigKeys (ConfUtils.java:logGet(43)) - raft.server.log.preallocated.size = 16384 (custom)
2019-10-14 14:58:20,536 [pool-599-thread-1] INFO  server.RaftServerConfigKeys (ConfUtils.java:logGet(43)) - raft.server.retrycache.expirytime = 600000ms (custom)
2019-10-14 14:58:20,536 [pool-629-thread-1] INFO  server.RaftServerConfigKeys (ConfUtils.java:logGet(43)) - raft.server.log.write.buffer.size = 33554432 (custom)
2019-10-14 14:58:20,536 [pool-619-thread-1] INFO  server.RaftServerConfigKeys (ConfUtils.java:logGet(43)) - raft.server.log.statemachine.data.caching.enabled = true (custom)
2019-10-14 14:58:20,536 [pool-629-thread-1] INFO  server.RaftServerConfigKeys (ConfUtils.java:logGet(43)) - raft.server.log.force.sync.num = 128 (default)
2019-10-14 14:58:20,536 [pool-619-thread-1] INFO  segmented.SegmentedRaftLogWorker (SegmentedRaftLogWorker.java:lambda$new$0(132)) - df9e5f57-bd2c-4d2e-90a4-8b7d317b94ee@group-F1B0E408E5D3-SegmentedRaftLogWorker: flushIndex: setUnconditionally 0 -> -1
2019-10-14 14:58:20,536 [pool-629-thread-1] INFO  server.RaftServerConfigKeys (ConfUtils.java:logGet(43)) - raft.server.log.statemachine.data.sync = true (default)
2019-10-14 14:58:20,536 [pool-629-thread-1] INFO  server.RaftServerConfigKeys (ConfUtils.java:logGet(43)) - raft.server.log.statemachine.data.sync.timeout = 10s (default)
2019-10-14 14:58:20,537 [pool-619-thread-1] INFO  server.RaftServerConfigKeys (ConfUtils.java:logGet(43)) - raft.server.snapshot.auto.trigger.enabled = true (custom)
2019-10-14 14:58:20,537 [pool-629-thread-1] INFO  server.RaftServerConfigKeys (ConfUtils.java:logGet(43)) - raft.server.log.statemachine.data.sync.timeout.retry = -1 (default)
2019-10-14 14:58:20,537 [pool-619-thread-1] INFO  server.RaftServerConfigKeys (ConfUtils.java:logGet(43)) - raft.server.snapshot.auto.trigger.threshold = 10000 (custom)
2019-10-14 14:58:20,537 [pool-619-thread-1] INFO  server.RaftServerConfigKeys (ConfUtils.java:logGet(43)) - raft.server.snapshot.retention.num.files = 5 (custom)
2019-10-14 14:58:20,537 [pool-629-thread-1] INFO  server.RaftServerConfigKeys (ConfUtils.java:logGet(43)) - raft.server.log.statemachine.data.caching.enabled = true (custom)
2019-10-14 14:58:20,537 [pool-619-thread-1] INFO  server.RaftServerConfigKeys (ConfUtils.java:logGet(43)) - raft.server.retrycache.expirytime = 600000ms (custom)
2019-10-14 14:58:20,537 [pool-629-thread-1] INFO  segmented.SegmentedRaftLogWorker (SegmentedRaftLogWorker.java:lambda$new$0(132)) - 7cf7e218-75a7-48f9-af97-c86dcc9fa8bb@group-F1B0E408E5D3-SegmentedRaftLogWorker: flushIndex: setUnconditionally 0 -> -1
2019-10-14 14:58:20,537 [pool-629-thread-1] INFO  server.RaftServerConfigKeys (ConfUtils.java:logGet(43)) - raft.server.snapshot.auto.trigger.enabled = true (custom)
2019-10-14 14:58:20,537 [pool-629-thread-1] INFO  server.RaftServerConfigKeys (ConfUtils.java:logGet(43)) - raft.server.snapshot.auto.trigger.threshold = 10000 (custom)
2019-10-14 14:58:20,538 [pool-629-thread-1] INFO  server.RaftServerConfigKeys (ConfUtils.java:logGet(43)) - raft.server.snapshot.retention.num.files = 5 (custom)
2019-10-14 14:58:20,538 [pool-629-thread-1] INFO  server.RaftServerConfigKeys (ConfUtils.java:logGet(43)) - raft.server.retrycache.expirytime = 600000ms (custom)
2019-10-14 14:58:20,539 [pool-599-thread-1] INFO  impl.RaftServerImpl (RaftServerImpl.java:start(185)) - a0884861-8b64-4900-8d43-9348fc78e683@group-F1B0E408E5D3: start as a follower, conf=-1: [df9e5f57-bd2c-4d2e-90a4-8b7d317b94ee:192.168.5.159:45002, a0884861-8b64-4900-8d43-9348fc78e683:192.168.5.159:36871, 7cf7e218-75a7-48f9-af97-c86dcc9fa8bb:192.168.5.159:39572], old=null
2019-10-14 14:58:20,539 [pool-599-thread-1] INFO  impl.RaftServerImpl (RaftServerImpl.java:setRole(174)) - a0884861-8b64-4900-8d43-9348fc78e683@group-F1B0E408E5D3: changes role from      null to FOLLOWER at term 0 for startAsFollower
2019-10-14 14:58:20,539 [pool-599-thread-1] INFO  impl.RoleInfo (RoleInfo.java:updateAndGet(143)) - a0884861-8b64-4900-8d43-9348fc78e683: start FollowerState
2019-10-14 14:58:20,540 [pool-599-thread-1] INFO  util.JmxRegister (JmxRegister.java:tryRegister(44)) - Successfully registered JMX Bean with object name Ratis:service=RaftServer,group=group-F1B0E408E5D3,id=a0884861-8b64-4900-8d43-9348fc78e683
2019-10-14 14:58:20,540 [pool-619-thread-1] INFO  impl.RaftServerImpl (RaftServerImpl.java:start(185)) - df9e5f57-bd2c-4d2e-90a4-8b7d317b94ee@group-F1B0E408E5D3: start as a follower, conf=-1: [df9e5f57-bd2c-4d2e-90a4-8b7d317b94ee:192.168.5.159:45002, a0884861-8b64-4900-8d43-9348fc78e683:192.168.5.159:36871, 7cf7e218-75a7-48f9-af97-c86dcc9fa8bb:192.168.5.159:39572], old=null
2019-10-14 14:58:20,540 [pool-619-thread-1] INFO  impl.RaftServerImpl (RaftServerImpl.java:setRole(174)) - df9e5f57-bd2c-4d2e-90a4-8b7d317b94ee@group-F1B0E408E5D3: changes role from      null to FOLLOWER at term 0 for startAsFollower
2019-10-14 14:58:20,540 [pool-629-thread-1] INFO  impl.RaftServerImpl (RaftServerImpl.java:start(185)) - 7cf7e218-75a7-48f9-af97-c86dcc9fa8bb@group-F1B0E408E5D3: start as a follower, conf=-1: [df9e5f57-bd2c-4d2e-90a4-8b7d317b94ee:192.168.5.159:45002, a0884861-8b64-4900-8d43-9348fc78e683:192.168.5.159:36871, 7cf7e218-75a7-48f9-af97-c86dcc9fa8bb:192.168.5.159:39572], old=null
2019-10-14 14:58:20,540 [pool-629-thread-1] INFO  impl.RaftServerImpl (RaftServerImpl.java:setRole(174)) - 7cf7e218-75a7-48f9-af97-c86dcc9fa8bb@group-F1B0E408E5D3: changes role from      null to FOLLOWER at term 0 for startAsFollower
2019-10-14 14:58:20,540 [pool-619-thread-1] INFO  impl.RoleInfo (RoleInfo.java:updateAndGet(143)) - df9e5f57-bd2c-4d2e-90a4-8b7d317b94ee: start FollowerState
2019-10-14 14:58:20,540 [pool-629-thread-1] INFO  impl.RoleInfo (RoleInfo.java:updateAndGet(143)) - 7cf7e218-75a7-48f9-af97-c86dcc9fa8bb: start FollowerState
2019-10-14 14:58:20,541 [pool-619-thread-1] INFO  util.JmxRegister (JmxRegister.java:tryRegister(44)) - Successfully registered JMX Bean with object name Ratis:service=RaftServer,group=group-F1B0E408E5D3,id=df9e5f57-bd2c-4d2e-90a4-8b7d317b94ee
2019-10-14 14:58:20,541 [pool-629-thread-1] INFO  util.JmxRegister (JmxRegister.java:tryRegister(44)) - Successfully registered JMX Bean with object name Ratis:service=RaftServer,group=group-F1B0E408E5D3,id=7cf7e218-75a7-48f9-af97-c86dcc9fa8bb
2019-10-14 14:58:20,543 [RatisPipelineUtilsThread] INFO  pipeline.PipelineStateManager (PipelineStateManager.java:addPipeline(56)) - Created pipeline Pipeline[ Id: 9dbf62c0-8c70-4285-88ab-f1b0e408e5d3, Nodes: a0884861-8b64-4900-8d43-9348fc78e683{ip: 192.168.5.159, host: pr-hdds-1569-fwkxq-874464227, networkLocation: /default-rack, certSerialId: null}7cf7e218-75a7-48f9-af97-c86dcc9fa8bb{ip: 192.168.5.159, host: pr-hdds-1569-fwkxq-874464227, networkLocation: /default-rack, certSerialId: null}df9e5f57-bd2c-4d2e-90a4-8b7d317b94ee{ip: 192.168.5.159, host: pr-hdds-1569-fwkxq-874464227, networkLocation: /default-rack, certSerialId: null}, Type:RATIS, Factor:THREE, State:OPEN]
2019-10-14 14:58:20,543 [RatisPipelineUtilsThread] INFO  pipeline.PipelinePlacementPolicy (PipelinePlacementPolicy.java:meetCriteria(104)) - Pipeline Placement: can't place more pipeline on heavy datanode： b765ecb1-ebfa-42dd-8a13-5b9feb228ba9 Heaviness: 3 limit: 3
2019-10-14 14:58:20,544 [RatisPipelineUtilsThread] INFO  pipeline.PipelinePlacementPolicy (PipelinePlacementPolicy.java:meetCriteria(104)) - Pipeline Placement: can't place more pipeline on heavy datanode： f9d9ba55-347c-42aa-b343-203ee5e29f8d Heaviness: 3 limit: 3
2019-10-14 14:58:20,544 [RatisPipelineUtilsThread] INFO  pipeline.PipelinePlacementPolicy (PipelinePlacementPolicy.java:meetCriteria(104)) - Pipeline Placement: can't place more pipeline on heavy datanode： a0884861-8b64-4900-8d43-9348fc78e683 Heaviness: 3 limit: 3
2019-10-14 14:58:20,544 [RatisPipelineUtilsThread] ERROR pipeline.PipelinePlacementPolicy (PipelinePlacementPolicy.java:filterViableNodes(162)) - Unable to find enough nodes that meet the criteria that cannot engage in more than 3 pipelines. Nodes required: 3 Found: 2, healthy nodes count in NodeManager: 5.
2019-10-14 14:58:20,544 [RatisPipelineUtilsThread] ERROR pipeline.SCMPipelineManager (SCMPipelineManager.java:createPipeline(193)) - Pipeline creation failed.
org.apache.hadoop.hdds.scm.exceptions.SCMException: Unable to find enough nodes that meet the criteria that cannot engage in more than 3 pipelines. Nodes required: 3 Found: 2, healthy nodes count in NodeManager: 5.
	at org.apache.hadoop.hdds.scm.pipeline.PipelinePlacementPolicy.filterViableNodes(PipelinePlacementPolicy.java:163)
	at org.apache.hadoop.hdds.scm.pipeline.PipelinePlacementPolicy.chooseDatanodes(PipelinePlacementPolicy.java:186)
	at org.apache.hadoop.hdds.scm.pipeline.RatisPipelineProvider.create(RatisPipelineProvider.java:131)
	at org.apache.hadoop.hdds.scm.pipeline.PipelineFactory.create(PipelineFactory.java:58)
	at org.apache.hadoop.hdds.scm.pipeline.SCMPipelineManager.createPipeline(SCMPipelineManager.java:183)
	at org.apache.hadoop.hdds.scm.pipeline.BackgroundPipelineCreator.createPipelines(BackgroundPipelineCreator.java:100)
	at java.util.concurrent.Executors$RunnableAdapter.call(Executors.java:511)
	at java.util.concurrent.FutureTask.run(FutureTask.java:266)
	at java.util.concurrent.ScheduledThreadPoolExecutor$ScheduledFutureTask.access$201(ScheduledThreadPoolExecutor.java:180)
	at java.util.concurrent.ScheduledThreadPoolExecutor$ScheduledFutureTask.run(ScheduledThreadPoolExecutor.java:293)
	at java.util.concurrent.ThreadPoolExecutor.runWorker(ThreadPoolExecutor.java:1149)
	at java.util.concurrent.ThreadPoolExecutor$Worker.run(ThreadPoolExecutor.java:624)
	at java.lang.Thread.run(Thread.java:748)
2019-10-14 14:58:20,556 [IPC Server handler 1 on 39100] INFO  net.NetworkTopology (NetworkTopologyImpl.java:add(111)) - Added a new node: /default-rack/805c446b-b997-4105-8957-3233a3685cc7
2019-10-14 14:58:20,557 [IPC Server handler 1 on 39100] INFO  node.SCMNodeManager (SCMNodeManager.java:register(266)) - Registered Data node : 805c446b-b997-4105-8957-3233a3685cc7{ip: 192.168.5.159, host: pr-hdds-1569-fwkxq-874464227, networkLocation: /default-rack, certSerialId: null}
2019-10-14 14:58:20,560 [grpc-default-executor-13] INFO  impl.RaftServerProxy (RaftServerProxy.java:addNew(89)) - df9e5f57-bd2c-4d2e-90a4-8b7d317b94ee: addNew group-D1BD67AB2F3F:[df9e5f57-bd2c-4d2e-90a4-8b7d317b94ee:192.168.5.159:45002] returns group-D1BD67AB2F3F:java.util.concurrent.CompletableFuture@315bd08[Not completed]
2019-10-14 14:58:20,561 [pool-619-thread-1] INFO  impl.RaftServerImpl (RaftServerImpl.java:<init>(95)) - df9e5f57-bd2c-4d2e-90a4-8b7d317b94ee: new RaftServerImpl for group-D1BD67AB2F3F:[df9e5f57-bd2c-4d2e-90a4-8b7d317b94ee:192.168.5.159:45002] with ContainerStateMachine:uninitialized
2019-10-14 14:58:20,561 [pool-619-thread-1] INFO  server.RaftServerConfigKeys (ConfUtils.java:logGet(43)) - raft.server.rpc.timeout.min = 5s (custom)
2019-10-14 14:58:20,561 [pool-619-thread-1] INFO  server.RaftServerConfigKeys (ConfUtils.java:logGet(43)) - raft.server.rpc.timeout.max = 5200ms (custom)
2019-10-14 14:58:20,561 [pool-619-thread-1] INFO  server.RaftServerConfigKeys (ConfUtils.java:logGet(43)) - raft.server.rpcslowness.timeout = 120s (custom)
2019-10-14 14:58:20,561 [pool-619-thread-1] INFO  server.RaftServerConfigKeys (ConfUtils.java:logGet(43)) - raft.server.sleep.deviation.threshold = 300 (default)
2019-10-14 14:58:20,561 [pool-619-thread-1] INFO  server.RaftServerConfigKeys (ConfUtils.java:logGet(43)) - raft.server.log.appender.install.snapshot.enabled = false (custom)
2019-10-14 14:58:20,562 [pool-619-thread-1] INFO  impl.RaftServerImpl (ServerState.java:<init>(103)) - df9e5f57-bd2c-4d2e-90a4-8b7d317b94ee@group-D1BD67AB2F3F: ConfigurationManager, init=-1: [df9e5f57-bd2c-4d2e-90a4-8b7d317b94ee:192.168.5.159:45002], old=null, confs=<EMPTY_MAP>
2019-10-14 14:58:20,562 [pool-619-thread-1] INFO  server.RaftServerConfigKeys (ConfUtils.java:logGet(43)) - raft.server.storage.dir = [/workdir/hadoop-ozone/integration-test/target/test-dir/MiniOzoneClusterImpl-aa81d3dd-6e87-4dee-8c30-8f43e5632f78/datanode-3/data/ratis] (custom)
2019-10-14 14:58:20,562 [pool-619-thread-1] INFO  storage.RaftStorageDirectory (RaftStorageDirectory.java:analyzeStorage(246)) - The storage directory /workdir/hadoop-ozone/integration-test/target/test-dir/MiniOzoneClusterImpl-aa81d3dd-6e87-4dee-8c30-8f43e5632f78/datanode-3/data/ratis/133367c2-e7ec-4084-a357-d1bd67ab2f3f does not exist. Creating ...
2019-10-14 14:58:20,575 [pool-619-thread-1] INFO  storage.RaftStorageDirectory (RaftStorageDirectory.java:tryLock(328)) - Lock on /workdir/hadoop-ozone/integration-test/target/test-dir/MiniOzoneClusterImpl-aa81d3dd-6e87-4dee-8c30-8f43e5632f78/datanode-3/data/ratis/133367c2-e7ec-4084-a357-d1bd67ab2f3f/in_use.lock acquired by nodename 7901@pr-hdds-1569-fwkxq-874464227
2019-10-14 14:58:20,588 [pool-619-thread-1] INFO  storage.RaftStorage (RaftStorage.java:format(72)) - Storage directory /workdir/hadoop-ozone/integration-test/target/test-dir/MiniOzoneClusterImpl-aa81d3dd-6e87-4dee-8c30-8f43e5632f78/datanode-3/data/ratis/133367c2-e7ec-4084-a357-d1bd67ab2f3f has been successfully formatted.
2019-10-14 14:58:20,588 [pool-619-thread-1] INFO  ratis.ContainerStateMachine (ContainerStateMachine.java:loadSnapshot(230)) - group-D1BD67AB2F3F: The snapshot info is null. Setting the last applied indexto:(t:0, i:~)
2019-10-14 14:58:20,588 [pool-619-thread-1] INFO  server.RaftServerConfigKeys (ConfUtils.java:logGet(43)) - raft.server.notification.no-leader.timeout = 120s (custom)
2019-10-14 14:58:20,588 [pool-619-thread-1] INFO  server.RaftServerConfigKeys (ConfUtils.java:logGet(43)) - raft.server.log.use.memory = false (default)
2019-10-14 14:58:20,588 [pool-619-thread-1] INFO  server.RaftServerConfigKeys (ConfUtils.java:logGet(43)) - raft.server.log.purge.gap = 1000000 (custom)
2019-10-14 14:58:20,588 [pool-619-thread-1] INFO  server.RaftServerConfigKeys (ConfUtils.java:logGet(43)) - raft.server.log.appender.buffer.byte-limit = 33554432 (custom)
2019-10-14 14:58:20,589 [pool-619-thread-1] INFO  server.RaftServerConfigKeys (ConfUtils.java:logGet(43)) - raft.server.log.segment.size.max = 1048576 (custom)
2019-10-14 14:58:20,589 [pool-619-thread-1] INFO  server.RaftServerConfigKeys (ConfUtils.java:logGet(43)) - raft.server.log.segment.cache.num.max = 2 (custom)
2019-10-14 14:58:20,589 [pool-619-thread-1] INFO  segmented.SegmentedRaftLogWorker (SegmentedRaftLogWorker.java:<init>(172)) - new df9e5f57-bd2c-4d2e-90a4-8b7d317b94ee@group-D1BD67AB2F3F-SegmentedRaftLogWorker for RaftStorage:Storage Directory /workdir/hadoop-ozone/integration-test/target/test-dir/MiniOzoneClusterImpl-aa81d3dd-6e87-4dee-8c30-8f43e5632f78/datanode-3/data/ratis/133367c2-e7ec-4084-a357-d1bd67ab2f3f
2019-10-14 14:58:20,589 [pool-619-thread-1] INFO  server.RaftServerConfigKeys (ConfUtils.java:logGet(43)) - raft.server.log.queue.byte-limit = 2147483647 (custom)
2019-10-14 14:58:20,589 [pool-619-thread-1] INFO  server.RaftServerConfigKeys (ConfUtils.java:logGet(43)) - raft.server.log.queue.element-limit = 1024 (custom)
2019-10-14 14:58:20,589 [pool-619-thread-1] INFO  server.RaftServerConfigKeys (ConfUtils.java:logGet(43)) - raft.server.log.segment.size.max = 1048576 (custom)
2019-10-14 14:58:20,590 [pool-619-thread-1] INFO  server.RaftServerConfigKeys (ConfUtils.java:logGet(43)) - raft.server.log.preallocated.size = 16384 (custom)
2019-10-14 14:58:20,590 [pool-619-thread-1] INFO  server.RaftServerConfigKeys (ConfUtils.java:logGet(43)) - raft.server.log.write.buffer.size = 33554432 (custom)
2019-10-14 14:58:20,590 [pool-619-thread-1] INFO  server.RaftServerConfigKeys (ConfUtils.java:logGet(43)) - raft.server.log.force.sync.num = 128 (default)
2019-10-14 14:58:20,590 [pool-619-thread-1] INFO  server.RaftServerConfigKeys (ConfUtils.java:logGet(43)) - raft.server.log.statemachine.data.sync = true (default)
2019-10-14 14:58:20,590 [pool-619-thread-1] INFO  server.RaftServerConfigKeys (ConfUtils.java:logGet(43)) - raft.server.log.statemachine.data.sync.timeout = 10s (default)
2019-10-14 14:58:20,590 [pool-619-thread-1] INFO  server.RaftServerConfigKeys (ConfUtils.java:logGet(43)) - raft.server.log.statemachine.data.sync.timeout.retry = -1 (default)
2019-10-14 14:58:20,590 [pool-619-thread-1] INFO  server.RaftServerConfigKeys (ConfUtils.java:logGet(43)) - raft.server.log.statemachine.data.caching.enabled = true (custom)
2019-10-14 14:58:20,591 [pool-619-thread-1] INFO  segmented.SegmentedRaftLogWorker (SegmentedRaftLogWorker.java:lambda$new$0(132)) - df9e5f57-bd2c-4d2e-90a4-8b7d317b94ee@group-D1BD67AB2F3F-SegmentedRaftLogWorker: flushIndex: setUnconditionally 0 -> -1
2019-10-14 14:58:20,591 [pool-619-thread-1] INFO  server.RaftServerConfigKeys (ConfUtils.java:logGet(43)) - raft.server.snapshot.auto.trigger.enabled = true (custom)
2019-10-14 14:58:20,591 [pool-619-thread-1] INFO  server.RaftServerConfigKeys (ConfUtils.java:logGet(43)) - raft.server.snapshot.auto.trigger.threshold = 10000 (custom)
2019-10-14 14:58:20,591 [pool-619-thread-1] INFO  server.RaftServerConfigKeys (ConfUtils.java:logGet(43)) - raft.server.snapshot.retention.num.files = 5 (custom)
2019-10-14 14:58:20,592 [pool-619-thread-1] INFO  server.RaftServerConfigKeys (ConfUtils.java:logGet(43)) - raft.server.retrycache.expirytime = 600000ms (custom)
2019-10-14 14:58:20,593 [pool-619-thread-1] INFO  impl.RaftServerImpl (RaftServerImpl.java:start(185)) - df9e5f57-bd2c-4d2e-90a4-8b7d317b94ee@group-D1BD67AB2F3F: start as a follower, conf=-1: [df9e5f57-bd2c-4d2e-90a4-8b7d317b94ee:192.168.5.159:45002], old=null
2019-10-14 14:58:20,594 [pool-619-thread-1] INFO  impl.RaftServerImpl (RaftServerImpl.java:setRole(174)) - df9e5f57-bd2c-4d2e-90a4-8b7d317b94ee@group-D1BD67AB2F3F: changes role from      null to FOLLOWER at term 0 for startAsFollower
2019-10-14 14:58:20,594 [pool-619-thread-1] INFO  impl.RoleInfo (RoleInfo.java:updateAndGet(143)) - df9e5f57-bd2c-4d2e-90a4-8b7d317b94ee: start FollowerState
2019-10-14 14:58:20,594 [pool-619-thread-1] INFO  util.JmxRegister (JmxRegister.java:tryRegister(44)) - Successfully registered JMX Bean with object name Ratis:service=RaftServer,group=group-D1BD67AB2F3F,id=df9e5f57-bd2c-4d2e-90a4-8b7d317b94ee
2019-10-14 14:58:20,596 [RatisPipelineUtilsThread] INFO  pipeline.PipelineStateManager (PipelineStateManager.java:addPipeline(56)) - Created pipeline Pipeline[ Id: 133367c2-e7ec-4084-a357-d1bd67ab2f3f, Nodes: df9e5f57-bd2c-4d2e-90a4-8b7d317b94ee{ip: 192.168.5.159, host: pr-hdds-1569-fwkxq-874464227, networkLocation: /default-rack, certSerialId: null}, Type:RATIS, Factor:ONE, State:OPEN]
2019-10-14 14:58:20,603 [grpc-default-executor-13] INFO  impl.RaftServerProxy (RaftServerProxy.java:addNew(89)) - 805c446b-b997-4105-8957-3233a3685cc7: addNew group-40EB6F022E7B:[805c446b-b997-4105-8957-3233a3685cc7:192.168.5.159:45708] returns group-40EB6F022E7B:java.util.concurrent.CompletableFuture@40410ee9[Not completed]
2019-10-14 14:58:20,604 [pool-639-thread-1] INFO  impl.RaftServerImpl (RaftServerImpl.java:<init>(95)) - 805c446b-b997-4105-8957-3233a3685cc7: new RaftServerImpl for group-40EB6F022E7B:[805c446b-b997-4105-8957-3233a3685cc7:192.168.5.159:45708] with ContainerStateMachine:uninitialized
2019-10-14 14:58:20,605 [pool-639-thread-1] INFO  server.RaftServerConfigKeys (ConfUtils.java:logGet(43)) - raft.server.rpc.timeout.min = 5s (custom)
2019-10-14 14:58:20,605 [pool-639-thread-1] INFO  server.RaftServerConfigKeys (ConfUtils.java:logGet(43)) - raft.server.rpc.timeout.max = 5200ms (custom)
2019-10-14 14:58:20,605 [pool-639-thread-1] INFO  server.RaftServerConfigKeys (ConfUtils.java:logGet(43)) - raft.server.rpcslowness.timeout = 120s (custom)
2019-10-14 14:58:20,605 [pool-639-thread-1] INFO  server.RaftServerConfigKeys (ConfUtils.java:logGet(43)) - raft.server.sleep.deviation.threshold = 300 (default)
2019-10-14 14:58:20,605 [pool-639-thread-1] INFO  server.RaftServerConfigKeys (ConfUtils.java:logGet(43)) - raft.server.log.appender.install.snapshot.enabled = false (custom)
2019-10-14 14:58:20,605 [pool-639-thread-1] INFO  impl.RaftServerImpl (ServerState.java:<init>(103)) - 805c446b-b997-4105-8957-3233a3685cc7@group-40EB6F022E7B: ConfigurationManager, init=-1: [805c446b-b997-4105-8957-3233a3685cc7:192.168.5.159:45708], old=null, confs=<EMPTY_MAP>
2019-10-14 14:58:20,606 [pool-639-thread-1] INFO  server.RaftServerConfigKeys (ConfUtils.java:logGet(43)) - raft.server.storage.dir = [/workdir/hadoop-ozone/integration-test/target/test-dir/MiniOzoneClusterImpl-aa81d3dd-6e87-4dee-8c30-8f43e5632f78/datanode-5/data/ratis] (custom)
2019-10-14 14:58:20,606 [pool-639-thread-1] INFO  storage.RaftStorageDirectory (RaftStorageDirectory.java:analyzeStorage(246)) - The storage directory /workdir/hadoop-ozone/integration-test/target/test-dir/MiniOzoneClusterImpl-aa81d3dd-6e87-4dee-8c30-8f43e5632f78/datanode-5/data/ratis/0dddc8bf-89a1-4ab4-956d-40eb6f022e7b does not exist. Creating ...
2019-10-14 14:58:20,618 [pool-639-thread-1] INFO  storage.RaftStorageDirectory (RaftStorageDirectory.java:tryLock(328)) - Lock on /workdir/hadoop-ozone/integration-test/target/test-dir/MiniOzoneClusterImpl-aa81d3dd-6e87-4dee-8c30-8f43e5632f78/datanode-5/data/ratis/0dddc8bf-89a1-4ab4-956d-40eb6f022e7b/in_use.lock acquired by nodename 7901@pr-hdds-1569-fwkxq-874464227
2019-10-14 14:58:20,622 [IPC Server handler 3 on 39100] INFO  net.NetworkTopology (NetworkTopologyImpl.java:add(111)) - Added a new node: /default-rack/b6736591-a50b-4ef5-84f2-574cdc5435b3
2019-10-14 14:58:20,622 [main] INFO  ozone.MiniOzoneClusterImpl (MiniOzoneClusterImpl.java:lambda$waitForClusterToBeReady$0(147)) - Cluster is ready. Got 7 of 7 DN Heartbeats.
2019-10-14 14:58:20,622 [IPC Server handler 3 on 39100] INFO  node.SCMNodeManager (SCMNodeManager.java:register(266)) - Registered Data node : b6736591-a50b-4ef5-84f2-574cdc5435b3{ip: 192.168.5.159, host: pr-hdds-1569-fwkxq-874464227, networkLocation: /default-rack, certSerialId: null}
2019-10-14 14:58:20,633 [pool-639-thread-1] INFO  storage.RaftStorage (RaftStorage.java:format(72)) - Storage directory /workdir/hadoop-ozone/integration-test/target/test-dir/MiniOzoneClusterImpl-aa81d3dd-6e87-4dee-8c30-8f43e5632f78/datanode-5/data/ratis/0dddc8bf-89a1-4ab4-956d-40eb6f022e7b has been successfully formatted.
2019-10-14 14:58:20,633 [pool-639-thread-1] INFO  ratis.ContainerStateMachine (ContainerStateMachine.java:loadSnapshot(230)) - group-40EB6F022E7B: The snapshot info is null. Setting the last applied indexto:(t:0, i:~)
2019-10-14 14:58:20,633 [pool-639-thread-1] INFO  server.RaftServerConfigKeys (ConfUtils.java:logGet(43)) - raft.server.notification.no-leader.timeout = 120s (custom)
2019-10-14 14:58:20,633 [pool-639-thread-1] INFO  server.RaftServerConfigKeys (ConfUtils.java:logGet(43)) - raft.server.log.use.memory = false (default)
2019-10-14 14:58:20,633 [pool-639-thread-1] INFO  server.RaftServerConfigKeys (ConfUtils.java:logGet(43)) - raft.server.log.purge.gap = 1000000 (custom)
2019-10-14 14:58:20,633 [pool-639-thread-1] INFO  server.RaftServerConfigKeys (ConfUtils.java:logGet(43)) - raft.server.log.appender.buffer.byte-limit = 33554432 (custom)
2019-10-14 14:58:20,633 [pool-639-thread-1] INFO  server.RaftServerConfigKeys (ConfUtils.java:logGet(43)) - raft.server.log.segment.size.max = 1048576 (custom)
2019-10-14 14:58:20,633 [pool-639-thread-1] INFO  server.RaftServerConfigKeys (ConfUtils.java:logGet(43)) - raft.server.log.segment.cache.num.max = 2 (custom)
2019-10-14 14:58:20,634 [pool-639-thread-1] INFO  segmented.SegmentedRaftLogWorker (SegmentedRaftLogWorker.java:<init>(172)) - new 805c446b-b997-4105-8957-3233a3685cc7@group-40EB6F022E7B-SegmentedRaftLogWorker for RaftStorage:Storage Directory /workdir/hadoop-ozone/integration-test/target/test-dir/MiniOzoneClusterImpl-aa81d3dd-6e87-4dee-8c30-8f43e5632f78/datanode-5/data/ratis/0dddc8bf-89a1-4ab4-956d-40eb6f022e7b
2019-10-14 14:58:20,635 [pool-639-thread-1] INFO  server.RaftServerConfigKeys (ConfUtils.java:logGet(43)) - raft.server.log.queue.byte-limit = 2147483647 (custom)
2019-10-14 14:58:20,635 [pool-639-thread-1] INFO  server.RaftServerConfigKeys (ConfUtils.java:logGet(43)) - raft.server.log.queue.element-limit = 1024 (custom)
2019-10-14 14:58:20,635 [pool-639-thread-1] INFO  server.RaftServerConfigKeys (ConfUtils.java:logGet(43)) - raft.server.log.segment.size.max = 1048576 (custom)
2019-10-14 14:58:20,635 [pool-639-thread-1] INFO  server.RaftServerConfigKeys (ConfUtils.java:logGet(43)) - raft.server.log.preallocated.size = 16384 (custom)
2019-10-14 14:58:20,635 [pool-639-thread-1] INFO  server.RaftServerConfigKeys (ConfUtils.java:logGet(43)) - raft.server.log.write.buffer.size = 33554432 (custom)
2019-10-14 14:58:20,635 [pool-639-thread-1] INFO  server.RaftServerConfigKeys (ConfUtils.java:logGet(43)) - raft.server.log.force.sync.num = 128 (default)
2019-10-14 14:58:20,635 [pool-639-thread-1] INFO  server.RaftServerConfigKeys (ConfUtils.java:logGet(43)) - raft.server.log.statemachine.data.sync = true (default)
2019-10-14 14:58:20,635 [pool-639-thread-1] INFO  server.RaftServerConfigKeys (ConfUtils.java:logGet(43)) - raft.server.log.statemachine.data.sync.timeout = 10s (default)
2019-10-14 14:58:20,635 [pool-639-thread-1] INFO  server.RaftServerConfigKeys (ConfUtils.java:logGet(43)) - raft.server.log.statemachine.data.sync.timeout.retry = -1 (default)
2019-10-14 14:58:20,635 [pool-639-thread-1] INFO  server.RaftServerConfigKeys (ConfUtils.java:logGet(43)) - raft.server.log.statemachine.data.caching.enabled = true (custom)
2019-10-14 14:58:20,648 [pool-639-thread-1] INFO  segmented.SegmentedRaftLogWorker (SegmentedRaftLogWorker.java:lambda$new$0(132)) - 805c446b-b997-4105-8957-3233a3685cc7@group-40EB6F022E7B-SegmentedRaftLogWorker: flushIndex: setUnconditionally 0 -> -1
2019-10-14 14:58:20,648 [pool-639-thread-1] INFO  server.RaftServerConfigKeys (ConfUtils.java:logGet(43)) - raft.server.snapshot.auto.trigger.enabled = true (custom)
2019-10-14 14:58:20,648 [pool-639-thread-1] INFO  server.RaftServerConfigKeys (ConfUtils.java:logGet(43)) - raft.server.snapshot.auto.trigger.threshold = 10000 (custom)
2019-10-14 14:58:20,649 [pool-639-thread-1] INFO  server.RaftServerConfigKeys (ConfUtils.java:logGet(43)) - raft.server.snapshot.retention.num.files = 5 (custom)
2019-10-14 14:58:20,649 [pool-639-thread-1] INFO  server.RaftServerConfigKeys (ConfUtils.java:logGet(43)) - raft.server.retrycache.expirytime = 600000ms (custom)
2019-10-14 14:58:20,669 [pool-639-thread-1] INFO  impl.RaftServerImpl (RaftServerImpl.java:start(185)) - 805c446b-b997-4105-8957-3233a3685cc7@group-40EB6F022E7B: start as a follower, conf=-1: [805c446b-b997-4105-8957-3233a3685cc7:192.168.5.159:45708], old=null
2019-10-14 14:58:20,669 [pool-639-thread-1] INFO  impl.RaftServerImpl (RaftServerImpl.java:setRole(174)) - 805c446b-b997-4105-8957-3233a3685cc7@group-40EB6F022E7B: changes role from      null to FOLLOWER at term 0 for startAsFollower
2019-10-14 14:58:20,669 [pool-639-thread-1] INFO  impl.RoleInfo (RoleInfo.java:updateAndGet(143)) - 805c446b-b997-4105-8957-3233a3685cc7: start FollowerState
2019-10-14 14:58:20,670 [pool-639-thread-1] INFO  util.JmxRegister (JmxRegister.java:tryRegister(44)) - Successfully registered JMX Bean with object name Ratis:service=RaftServer,group=group-40EB6F022E7B,id=805c446b-b997-4105-8957-3233a3685cc7
2019-10-14 14:58:20,675 [RatisPipelineUtilsThread] INFO  pipeline.PipelineStateManager (PipelineStateManager.java:addPipeline(56)) - Created pipeline Pipeline[ Id: 0dddc8bf-89a1-4ab4-956d-40eb6f022e7b, Nodes: 805c446b-b997-4105-8957-3233a3685cc7{ip: 192.168.5.159, host: pr-hdds-1569-fwkxq-874464227, networkLocation: /default-rack, certSerialId: null}, Type:RATIS, Factor:ONE, State:OPEN]
2019-10-14 14:58:20,677 [main] INFO  rpc.RpcClient (RpcClient.java:createVolume(276)) - Creating Volume: testblockoutputstream, with jenkins1000 as owner.
2019-10-14 14:58:20,682 [grpc-default-executor-13] INFO  impl.RaftServerProxy (RaftServerProxy.java:addNew(89)) - b6736591-a50b-4ef5-84f2-574cdc5435b3: addNew group-10918DF773FD:[b6736591-a50b-4ef5-84f2-574cdc5435b3:192.168.5.159:38807] returns group-10918DF773FD:java.util.concurrent.CompletableFuture@4efc3ab[Not completed]
2019-10-14 14:58:20,683 [IPC Server handler 3 on 46609] INFO  volume.OMVolumeCreateRequest (OMVolumeCreateRequest.java:validateAndUpdateCache(189)) - created volume:testblockoutputstream for user:jenkins1000
2019-10-14 14:58:20,683 [pool-649-thread-1] INFO  impl.RaftServerImpl (RaftServerImpl.java:<init>(95)) - b6736591-a50b-4ef5-84f2-574cdc5435b3: new RaftServerImpl for group-10918DF773FD:[b6736591-a50b-4ef5-84f2-574cdc5435b3:192.168.5.159:38807] with ContainerStateMachine:uninitialized
2019-10-14 14:58:20,683 [pool-649-thread-1] INFO  server.RaftServerConfigKeys (ConfUtils.java:logGet(43)) - raft.server.rpc.timeout.min = 5s (custom)
2019-10-14 14:58:20,683 [pool-649-thread-1] INFO  server.RaftServerConfigKeys (ConfUtils.java:logGet(43)) - raft.server.rpc.timeout.max = 5200ms (custom)
2019-10-14 14:58:20,683 [pool-649-thread-1] INFO  server.RaftServerConfigKeys (ConfUtils.java:logGet(43)) - raft.server.rpcslowness.timeout = 120s (custom)
2019-10-14 14:58:20,684 [pool-649-thread-1] INFO  server.RaftServerConfigKeys (ConfUtils.java:logGet(43)) - raft.server.sleep.deviation.threshold = 300 (default)
2019-10-14 14:58:20,684 [pool-649-thread-1] INFO  server.RaftServerConfigKeys (ConfUtils.java:logGet(43)) - raft.server.log.appender.install.snapshot.enabled = false (custom)
2019-10-14 14:58:20,684 [pool-649-thread-1] INFO  impl.RaftServerImpl (ServerState.java:<init>(103)) - b6736591-a50b-4ef5-84f2-574cdc5435b3@group-10918DF773FD: ConfigurationManager, init=-1: [b6736591-a50b-4ef5-84f2-574cdc5435b3:192.168.5.159:38807], old=null, confs=<EMPTY_MAP>
2019-10-14 14:58:20,684 [pool-649-thread-1] INFO  server.RaftServerConfigKeys (ConfUtils.java:logGet(43)) - raft.server.storage.dir = [/workdir/hadoop-ozone/integration-test/target/test-dir/MiniOzoneClusterImpl-aa81d3dd-6e87-4dee-8c30-8f43e5632f78/datanode-6/data/ratis] (custom)
2019-10-14 14:58:20,684 [pool-649-thread-1] INFO  storage.RaftStorageDirectory (RaftStorageDirectory.java:analyzeStorage(246)) - The storage directory /workdir/hadoop-ozone/integration-test/target/test-dir/MiniOzoneClusterImpl-aa81d3dd-6e87-4dee-8c30-8f43e5632f78/datanode-6/data/ratis/3013f153-68ff-4088-a6ab-10918df773fd does not exist. Creating ...
2019-10-14 14:58:20,699 [pool-649-thread-1] INFO  storage.RaftStorageDirectory (RaftStorageDirectory.java:tryLock(328)) - Lock on /workdir/hadoop-ozone/integration-test/target/test-dir/MiniOzoneClusterImpl-aa81d3dd-6e87-4dee-8c30-8f43e5632f78/datanode-6/data/ratis/3013f153-68ff-4088-a6ab-10918df773fd/in_use.lock acquired by nodename 7901@pr-hdds-1569-fwkxq-874464227
2019-10-14 14:58:20,700 [main] INFO  rpc.RpcClient (RpcClient.java:createBucket(415)) - Creating Bucket: testblockoutputstream/testblockoutputstream, with Versioning false and Storage Type set to DISK and Encryption set to false 
2019-10-14 14:58:20,712 [pool-649-thread-1] INFO  storage.RaftStorage (RaftStorage.java:format(72)) - Storage directory /workdir/hadoop-ozone/integration-test/target/test-dir/MiniOzoneClusterImpl-aa81d3dd-6e87-4dee-8c30-8f43e5632f78/datanode-6/data/ratis/3013f153-68ff-4088-a6ab-10918df773fd has been successfully formatted.
2019-10-14 14:58:20,712 [pool-649-thread-1] INFO  ratis.ContainerStateMachine (ContainerStateMachine.java:loadSnapshot(230)) - group-10918DF773FD: The snapshot info is null. Setting the last applied indexto:(t:0, i:~)
2019-10-14 14:58:20,712 [pool-649-thread-1] INFO  server.RaftServerConfigKeys (ConfUtils.java:logGet(43)) - raft.server.notification.no-leader.timeout = 120s (custom)
2019-10-14 14:58:20,712 [pool-649-thread-1] INFO  server.RaftServerConfigKeys (ConfUtils.java:logGet(43)) - raft.server.log.use.memory = false (default)
2019-10-14 14:58:20,712 [pool-649-thread-1] INFO  server.RaftServerConfigKeys (ConfUtils.java:logGet(43)) - raft.server.log.purge.gap = 1000000 (custom)
2019-10-14 14:58:20,712 [pool-649-thread-1] INFO  server.RaftServerConfigKeys (ConfUtils.java:logGet(43)) - raft.server.log.appender.buffer.byte-limit = 33554432 (custom)
2019-10-14 14:58:20,712 [pool-649-thread-1] INFO  server.RaftServerConfigKeys (ConfUtils.java:logGet(43)) - raft.server.log.segment.size.max = 1048576 (custom)
2019-10-14 14:58:20,712 [pool-649-thread-1] INFO  server.RaftServerConfigKeys (ConfUtils.java:logGet(43)) - raft.server.log.segment.cache.num.max = 2 (custom)
2019-10-14 14:58:20,713 [pool-649-thread-1] INFO  segmented.SegmentedRaftLogWorker (SegmentedRaftLogWorker.java:<init>(172)) - new b6736591-a50b-4ef5-84f2-574cdc5435b3@group-10918DF773FD-SegmentedRaftLogWorker for RaftStorage:Storage Directory /workdir/hadoop-ozone/integration-test/target/test-dir/MiniOzoneClusterImpl-aa81d3dd-6e87-4dee-8c30-8f43e5632f78/datanode-6/data/ratis/3013f153-68ff-4088-a6ab-10918df773fd
2019-10-14 14:58:20,714 [pool-649-thread-1] INFO  server.RaftServerConfigKeys (ConfUtils.java:logGet(43)) - raft.server.log.queue.byte-limit = 2147483647 (custom)
2019-10-14 14:58:20,714 [pool-649-thread-1] INFO  server.RaftServerConfigKeys (ConfUtils.java:logGet(43)) - raft.server.log.queue.element-limit = 1024 (custom)
2019-10-14 14:58:20,714 [pool-649-thread-1] INFO  server.RaftServerConfigKeys (ConfUtils.java:logGet(43)) - raft.server.log.segment.size.max = 1048576 (custom)
2019-10-14 14:58:20,714 [pool-649-thread-1] INFO  server.RaftServerConfigKeys (ConfUtils.java:logGet(43)) - raft.server.log.preallocated.size = 16384 (custom)
2019-10-14 14:58:20,714 [pool-649-thread-1] INFO  server.RaftServerConfigKeys (ConfUtils.java:logGet(43)) - raft.server.log.write.buffer.size = 33554432 (custom)
2019-10-14 14:58:20,714 [pool-649-thread-1] INFO  server.RaftServerConfigKeys (ConfUtils.java:logGet(43)) - raft.server.log.force.sync.num = 128 (default)
2019-10-14 14:58:20,714 [pool-649-thread-1] INFO  server.RaftServerConfigKeys (ConfUtils.java:logGet(43)) - raft.server.log.statemachine.data.sync = true (default)
2019-10-14 14:58:20,715 [pool-649-thread-1] INFO  server.RaftServerConfigKeys (ConfUtils.java:logGet(43)) - raft.server.log.statemachine.data.sync.timeout = 10s (default)
2019-10-14 14:58:20,715 [pool-649-thread-1] INFO  server.RaftServerConfigKeys (ConfUtils.java:logGet(43)) - raft.server.log.statemachine.data.sync.timeout.retry = -1 (default)
2019-10-14 14:58:20,715 [pool-649-thread-1] INFO  server.RaftServerConfigKeys (ConfUtils.java:logGet(43)) - raft.server.log.statemachine.data.caching.enabled = true (custom)
2019-10-14 14:58:20,715 [pool-649-thread-1] INFO  segmented.SegmentedRaftLogWorker (SegmentedRaftLogWorker.java:lambda$new$0(132)) - b6736591-a50b-4ef5-84f2-574cdc5435b3@group-10918DF773FD-SegmentedRaftLogWorker: flushIndex: setUnconditionally 0 -> -1
2019-10-14 14:58:20,715 [pool-649-thread-1] INFO  server.RaftServerConfigKeys (ConfUtils.java:logGet(43)) - raft.server.snapshot.auto.trigger.enabled = true (custom)
2019-10-14 14:58:20,715 [pool-649-thread-1] INFO  server.RaftServerConfigKeys (ConfUtils.java:logGet(43)) - raft.server.snapshot.auto.trigger.threshold = 10000 (custom)
2019-10-14 14:58:20,715 [pool-649-thread-1] INFO  server.RaftServerConfigKeys (ConfUtils.java:logGet(43)) - raft.server.snapshot.retention.num.files = 5 (custom)
2019-10-14 14:58:20,716 [pool-649-thread-1] INFO  server.RaftServerConfigKeys (ConfUtils.java:logGet(43)) - raft.server.retrycache.expirytime = 600000ms (custom)
2019-10-14 14:58:20,717 [pool-649-thread-1] INFO  impl.RaftServerImpl (RaftServerImpl.java:start(185)) - b6736591-a50b-4ef5-84f2-574cdc5435b3@group-10918DF773FD: start as a follower, conf=-1: [b6736591-a50b-4ef5-84f2-574cdc5435b3:192.168.5.159:38807], old=null
2019-10-14 14:58:20,717 [pool-649-thread-1] INFO  impl.RaftServerImpl (RaftServerImpl.java:setRole(174)) - b6736591-a50b-4ef5-84f2-574cdc5435b3@group-10918DF773FD: changes role from      null to FOLLOWER at term 0 for startAsFollower
2019-10-14 14:58:20,717 [pool-649-thread-1] INFO  impl.RoleInfo (RoleInfo.java:updateAndGet(143)) - b6736591-a50b-4ef5-84f2-574cdc5435b3: start FollowerState
2019-10-14 14:58:20,717 [pool-649-thread-1] INFO  util.JmxRegister (JmxRegister.java:tryRegister(44)) - Successfully registered JMX Bean with object name Ratis:service=RaftServer,group=group-10918DF773FD,id=b6736591-a50b-4ef5-84f2-574cdc5435b3
2019-10-14 14:58:20,719 [RatisPipelineUtilsThread] INFO  pipeline.PipelineStateManager (PipelineStateManager.java:addPipeline(56)) - Created pipeline Pipeline[ Id: 3013f153-68ff-4088-a6ab-10918df773fd, Nodes: b6736591-a50b-4ef5-84f2-574cdc5435b3{ip: 192.168.5.159, host: pr-hdds-1569-fwkxq-874464227, networkLocation: /default-rack, certSerialId: null}, Type:RATIS, Factor:ONE, State:OPEN]
2019-10-14 14:58:20,724 [grpc-default-executor-13] INFO  impl.RaftServerProxy (RaftServerProxy.java:addNew(89)) - 7cf7e218-75a7-48f9-af97-c86dcc9fa8bb: addNew group-20CBCE2F20DF:[7cf7e218-75a7-48f9-af97-c86dcc9fa8bb:192.168.5.159:39572] returns group-20CBCE2F20DF:java.util.concurrent.CompletableFuture@32cdbeb9[Not completed]
2019-10-14 14:58:20,725 [pool-629-thread-1] INFO  impl.RaftServerImpl (RaftServerImpl.java:<init>(95)) - 7cf7e218-75a7-48f9-af97-c86dcc9fa8bb: new RaftServerImpl for group-20CBCE2F20DF:[7cf7e218-75a7-48f9-af97-c86dcc9fa8bb:192.168.5.159:39572] with ContainerStateMachine:uninitialized
2019-10-14 14:58:20,726 [pool-629-thread-1] INFO  server.RaftServerConfigKeys (ConfUtils.java:logGet(43)) - raft.server.rpc.timeout.min = 5s (custom)
2019-10-14 14:58:20,726 [pool-629-thread-1] INFO  server.RaftServerConfigKeys (ConfUtils.java:logGet(43)) - raft.server.rpc.timeout.max = 5200ms (custom)
2019-10-14 14:58:20,726 [pool-629-thread-1] INFO  server.RaftServerConfigKeys (ConfUtils.java:logGet(43)) - raft.server.rpcslowness.timeout = 120s (custom)
2019-10-14 14:58:20,726 [pool-629-thread-1] INFO  server.RaftServerConfigKeys (ConfUtils.java:logGet(43)) - raft.server.sleep.deviation.threshold = 300 (default)
2019-10-14 14:58:20,726 [pool-629-thread-1] INFO  server.RaftServerConfigKeys (ConfUtils.java:logGet(43)) - raft.server.log.appender.install.snapshot.enabled = false (custom)
2019-10-14 14:58:20,726 [pool-629-thread-1] INFO  impl.RaftServerImpl (ServerState.java:<init>(103)) - 7cf7e218-75a7-48f9-af97-c86dcc9fa8bb@group-20CBCE2F20DF: ConfigurationManager, init=-1: [7cf7e218-75a7-48f9-af97-c86dcc9fa8bb:192.168.5.159:39572], old=null, confs=<EMPTY_MAP>
2019-10-14 14:58:20,726 [pool-629-thread-1] INFO  server.RaftServerConfigKeys (ConfUtils.java:logGet(43)) - raft.server.storage.dir = [/workdir/hadoop-ozone/integration-test/target/test-dir/MiniOzoneClusterImpl-aa81d3dd-6e87-4dee-8c30-8f43e5632f78/datanode-4/data/ratis] (custom)
2019-10-14 14:58:20,727 [pool-629-thread-1] INFO  storage.RaftStorageDirectory (RaftStorageDirectory.java:analyzeStorage(246)) - The storage directory /workdir/hadoop-ozone/integration-test/target/test-dir/MiniOzoneClusterImpl-aa81d3dd-6e87-4dee-8c30-8f43e5632f78/datanode-4/data/ratis/afe19ef6-67f5-4d49-bde7-20cbce2f20df does not exist. Creating ...
2019-10-14 14:58:20,739 [pool-629-thread-1] INFO  storage.RaftStorageDirectory (RaftStorageDirectory.java:tryLock(328)) - Lock on /workdir/hadoop-ozone/integration-test/target/test-dir/MiniOzoneClusterImpl-aa81d3dd-6e87-4dee-8c30-8f43e5632f78/datanode-4/data/ratis/afe19ef6-67f5-4d49-bde7-20cbce2f20df/in_use.lock acquired by nodename 7901@pr-hdds-1569-fwkxq-874464227
2019-10-14 14:58:20,752 [pool-629-thread-1] INFO  storage.RaftStorage (RaftStorage.java:format(72)) - Storage directory /workdir/hadoop-ozone/integration-test/target/test-dir/MiniOzoneClusterImpl-aa81d3dd-6e87-4dee-8c30-8f43e5632f78/datanode-4/data/ratis/afe19ef6-67f5-4d49-bde7-20cbce2f20df has been successfully formatted.
2019-10-14 14:58:20,752 [pool-629-thread-1] INFO  ratis.ContainerStateMachine (ContainerStateMachine.java:loadSnapshot(230)) - group-20CBCE2F20DF: The snapshot info is null. Setting the last applied indexto:(t:0, i:~)
2019-10-14 14:58:20,752 [pool-629-thread-1] INFO  server.RaftServerConfigKeys (ConfUtils.java:logGet(43)) - raft.server.notification.no-leader.timeout = 120s (custom)
2019-10-14 14:58:20,752 [pool-629-thread-1] INFO  server.RaftServerConfigKeys (ConfUtils.java:logGet(43)) - raft.server.log.use.memory = false (default)
2019-10-14 14:58:20,753 [pool-629-thread-1] INFO  server.RaftServerConfigKeys (ConfUtils.java:logGet(43)) - raft.server.log.purge.gap = 1000000 (custom)
2019-10-14 14:58:20,753 [pool-629-thread-1] INFO  server.RaftServerConfigKeys (ConfUtils.java:logGet(43)) - raft.server.log.appender.buffer.byte-limit = 33554432 (custom)
2019-10-14 14:58:20,753 [pool-629-thread-1] INFO  server.RaftServerConfigKeys (ConfUtils.java:logGet(43)) - raft.server.log.segment.size.max = 1048576 (custom)
2019-10-14 14:58:20,753 [pool-629-thread-1] INFO  server.RaftServerConfigKeys (ConfUtils.java:logGet(43)) - raft.server.log.segment.cache.num.max = 2 (custom)
2019-10-14 14:58:20,753 [pool-629-thread-1] INFO  segmented.SegmentedRaftLogWorker (SegmentedRaftLogWorker.java:<init>(172)) - new 7cf7e218-75a7-48f9-af97-c86dcc9fa8bb@group-20CBCE2F20DF-SegmentedRaftLogWorker for RaftStorage:Storage Directory /workdir/hadoop-ozone/integration-test/target/test-dir/MiniOzoneClusterImpl-aa81d3dd-6e87-4dee-8c30-8f43e5632f78/datanode-4/data/ratis/afe19ef6-67f5-4d49-bde7-20cbce2f20df
2019-10-14 14:58:20,753 [pool-629-thread-1] INFO  server.RaftServerConfigKeys (ConfUtils.java:logGet(43)) - raft.server.log.queue.byte-limit = 2147483647 (custom)
2019-10-14 14:58:20,753 [pool-629-thread-1] INFO  server.RaftServerConfigKeys (ConfUtils.java:logGet(43)) - raft.server.log.queue.element-limit = 1024 (custom)
2019-10-14 14:58:20,753 [pool-629-thread-1] INFO  server.RaftServerConfigKeys (ConfUtils.java:logGet(43)) - raft.server.log.segment.size.max = 1048576 (custom)
2019-10-14 14:58:20,754 [pool-629-thread-1] INFO  server.RaftServerConfigKeys (ConfUtils.java:logGet(43)) - raft.server.log.preallocated.size = 16384 (custom)
2019-10-14 14:58:20,754 [pool-629-thread-1] INFO  server.RaftServerConfigKeys (ConfUtils.java:logGet(43)) - raft.server.log.write.buffer.size = 33554432 (custom)
2019-10-14 14:58:20,754 [pool-629-thread-1] INFO  server.RaftServerConfigKeys (ConfUtils.java:logGet(43)) - raft.server.log.force.sync.num = 128 (default)
2019-10-14 14:58:20,754 [pool-629-thread-1] INFO  server.RaftServerConfigKeys (ConfUtils.java:logGet(43)) - raft.server.log.statemachine.data.sync = true (default)
2019-10-14 14:58:20,754 [pool-629-thread-1] INFO  server.RaftServerConfigKeys (ConfUtils.java:logGet(43)) - raft.server.log.statemachine.data.sync.timeout = 10s (default)
2019-10-14 14:58:20,754 [pool-629-thread-1] INFO  server.RaftServerConfigKeys (ConfUtils.java:logGet(43)) - raft.server.log.statemachine.data.sync.timeout.retry = -1 (default)
2019-10-14 14:58:20,754 [pool-629-thread-1] INFO  server.RaftServerConfigKeys (ConfUtils.java:logGet(43)) - raft.server.log.statemachine.data.caching.enabled = true (custom)
2019-10-14 14:58:20,755 [pool-629-thread-1] INFO  segmented.SegmentedRaftLogWorker (SegmentedRaftLogWorker.java:lambda$new$0(132)) - 7cf7e218-75a7-48f9-af97-c86dcc9fa8bb@group-20CBCE2F20DF-SegmentedRaftLogWorker: flushIndex: setUnconditionally 0 -> -1
2019-10-14 14:58:20,755 [pool-629-thread-1] INFO  server.RaftServerConfigKeys (ConfUtils.java:logGet(43)) - raft.server.snapshot.auto.trigger.enabled = true (custom)
2019-10-14 14:58:20,755 [pool-629-thread-1] INFO  server.RaftServerConfigKeys (ConfUtils.java:logGet(43)) - raft.server.snapshot.auto.trigger.threshold = 10000 (custom)
2019-10-14 14:58:20,755 [pool-629-thread-1] INFO  server.RaftServerConfigKeys (ConfUtils.java:logGet(43)) - raft.server.snapshot.retention.num.files = 5 (custom)
2019-10-14 14:58:20,755 [pool-629-thread-1] INFO  server.RaftServerConfigKeys (ConfUtils.java:logGet(43)) - raft.server.retrycache.expirytime = 600000ms (custom)
2019-10-14 14:58:20,757 [pool-629-thread-1] INFO  impl.RaftServerImpl (RaftServerImpl.java:start(185)) - 7cf7e218-75a7-48f9-af97-c86dcc9fa8bb@group-20CBCE2F20DF: start as a follower, conf=-1: [7cf7e218-75a7-48f9-af97-c86dcc9fa8bb:192.168.5.159:39572], old=null
2019-10-14 14:58:20,757 [pool-629-thread-1] INFO  impl.RaftServerImpl (RaftServerImpl.java:setRole(174)) - 7cf7e218-75a7-48f9-af97-c86dcc9fa8bb@group-20CBCE2F20DF: changes role from      null to FOLLOWER at term 0 for startAsFollower
2019-10-14 14:58:20,757 [pool-629-thread-1] INFO  impl.RoleInfo (RoleInfo.java:updateAndGet(143)) - 7cf7e218-75a7-48f9-af97-c86dcc9fa8bb: start FollowerState
2019-10-14 14:58:20,758 [pool-629-thread-1] INFO  util.JmxRegister (JmxRegister.java:tryRegister(44)) - Successfully registered JMX Bean with object name Ratis:service=RaftServer,group=group-20CBCE2F20DF,id=7cf7e218-75a7-48f9-af97-c86dcc9fa8bb
2019-10-14 14:58:20,759 [RatisPipelineUtilsThread] INFO  pipeline.PipelineStateManager (PipelineStateManager.java:addPipeline(56)) - Created pipeline Pipeline[ Id: afe19ef6-67f5-4d49-bde7-20cbce2f20df, Nodes: 7cf7e218-75a7-48f9-af97-c86dcc9fa8bb{ip: 192.168.5.159, host: pr-hdds-1569-fwkxq-874464227, networkLocation: /default-rack, certSerialId: null}, Type:RATIS, Factor:ONE, State:OPEN]
2019-10-14 14:58:20,760 [RatisPipelineUtilsThread] INFO  pipeline.PipelinePlacementPolicy (PipelinePlacementPolicy.java:meetCriteria(104)) - Pipeline Placement: can't place more pipeline on heavy datanode： b765ecb1-ebfa-42dd-8a13-5b9feb228ba9 Heaviness: 3 limit: 3
2019-10-14 14:58:20,760 [RatisPipelineUtilsThread] INFO  pipeline.PipelinePlacementPolicy (PipelinePlacementPolicy.java:meetCriteria(104)) - Pipeline Placement: can't place more pipeline on heavy datanode： df9e5f57-bd2c-4d2e-90a4-8b7d317b94ee Heaviness: 3 limit: 3
2019-10-14 14:58:20,760 [RatisPipelineUtilsThread] INFO  pipeline.PipelinePlacementPolicy (PipelinePlacementPolicy.java:meetCriteria(104)) - Pipeline Placement: can't place more pipeline on heavy datanode： f9d9ba55-347c-42aa-b343-203ee5e29f8d Heaviness: 3 limit: 3
2019-10-14 14:58:20,760 [RatisPipelineUtilsThread] INFO  pipeline.PipelinePlacementPolicy (PipelinePlacementPolicy.java:meetCriteria(104)) - Pipeline Placement: can't place more pipeline on heavy datanode： a0884861-8b64-4900-8d43-9348fc78e683 Heaviness: 3 limit: 3
2019-10-14 14:58:20,770 [grpc-default-executor-5] INFO  impl.RaftServerProxy (RaftServerProxy.java:addNew(89)) - 7cf7e218-75a7-48f9-af97-c86dcc9fa8bb: addNew group-5A2207229AA7:[805c446b-b997-4105-8957-3233a3685cc7:192.168.5.159:45708, b6736591-a50b-4ef5-84f2-574cdc5435b3:192.168.5.159:38807, 7cf7e218-75a7-48f9-af97-c86dcc9fa8bb:192.168.5.159:39572] returns group-5A2207229AA7:java.util.concurrent.CompletableFuture@599ccfcf[Not completed]
2019-10-14 14:58:20,770 [grpc-default-executor-10] INFO  impl.RaftServerProxy (RaftServerProxy.java:addNew(89)) - 805c446b-b997-4105-8957-3233a3685cc7: addNew group-5A2207229AA7:[805c446b-b997-4105-8957-3233a3685cc7:192.168.5.159:45708, b6736591-a50b-4ef5-84f2-574cdc5435b3:192.168.5.159:38807, 7cf7e218-75a7-48f9-af97-c86dcc9fa8bb:192.168.5.159:39572] returns group-5A2207229AA7:java.util.concurrent.CompletableFuture@3e65c66c[Not completed]
2019-10-14 14:58:20,770 [grpc-default-executor-13] INFO  impl.RaftServerProxy (RaftServerProxy.java:addNew(89)) - b6736591-a50b-4ef5-84f2-574cdc5435b3: addNew group-5A2207229AA7:[805c446b-b997-4105-8957-3233a3685cc7:192.168.5.159:45708, b6736591-a50b-4ef5-84f2-574cdc5435b3:192.168.5.159:38807, 7cf7e218-75a7-48f9-af97-c86dcc9fa8bb:192.168.5.159:39572] returns group-5A2207229AA7:java.util.concurrent.CompletableFuture@1ae5147b[Not completed]
2019-10-14 14:58:20,771 [pool-629-thread-1] INFO  impl.RaftServerImpl (RaftServerImpl.java:<init>(95)) - 7cf7e218-75a7-48f9-af97-c86dcc9fa8bb: new RaftServerImpl for group-5A2207229AA7:[805c446b-b997-4105-8957-3233a3685cc7:192.168.5.159:45708, b6736591-a50b-4ef5-84f2-574cdc5435b3:192.168.5.159:38807, 7cf7e218-75a7-48f9-af97-c86dcc9fa8bb:192.168.5.159:39572] with ContainerStateMachine:uninitialized
2019-10-14 14:58:20,771 [pool-629-thread-1] INFO  server.RaftServerConfigKeys (ConfUtils.java:logGet(43)) - raft.server.rpc.timeout.min = 5s (custom)
2019-10-14 14:58:20,771 [pool-629-thread-1] INFO  server.RaftServerConfigKeys (ConfUtils.java:logGet(43)) - raft.server.rpc.timeout.max = 5200ms (custom)
2019-10-14 14:58:20,771 [pool-629-thread-1] INFO  server.RaftServerConfigKeys (ConfUtils.java:logGet(43)) - raft.server.rpcslowness.timeout = 120s (custom)
2019-10-14 14:58:20,771 [pool-629-thread-1] INFO  server.RaftServerConfigKeys (ConfUtils.java:logGet(43)) - raft.server.sleep.deviation.threshold = 300 (default)
2019-10-14 14:58:20,771 [pool-629-thread-1] INFO  server.RaftServerConfigKeys (ConfUtils.java:logGet(43)) - raft.server.log.appender.install.snapshot.enabled = false (custom)
2019-10-14 14:58:20,772 [pool-649-thread-1] INFO  impl.RaftServerImpl (RaftServerImpl.java:<init>(95)) - b6736591-a50b-4ef5-84f2-574cdc5435b3: new RaftServerImpl for group-5A2207229AA7:[805c446b-b997-4105-8957-3233a3685cc7:192.168.5.159:45708, b6736591-a50b-4ef5-84f2-574cdc5435b3:192.168.5.159:38807, 7cf7e218-75a7-48f9-af97-c86dcc9fa8bb:192.168.5.159:39572] with ContainerStateMachine:uninitialized
2019-10-14 14:58:20,772 [pool-629-thread-1] INFO  impl.RaftServerImpl (ServerState.java:<init>(103)) - 7cf7e218-75a7-48f9-af97-c86dcc9fa8bb@group-5A2207229AA7: ConfigurationManager, init=-1: [805c446b-b997-4105-8957-3233a3685cc7:192.168.5.159:45708, b6736591-a50b-4ef5-84f2-574cdc5435b3:192.168.5.159:38807, 7cf7e218-75a7-48f9-af97-c86dcc9fa8bb:192.168.5.159:39572], old=null, confs=<EMPTY_MAP>
2019-10-14 14:58:20,772 [pool-649-thread-1] INFO  server.RaftServerConfigKeys (ConfUtils.java:logGet(43)) - raft.server.rpc.timeout.min = 5s (custom)
2019-10-14 14:58:20,772 [pool-639-thread-1] INFO  impl.RaftServerImpl (RaftServerImpl.java:<init>(95)) - 805c446b-b997-4105-8957-3233a3685cc7: new RaftServerImpl for group-5A2207229AA7:[805c446b-b997-4105-8957-3233a3685cc7:192.168.5.159:45708, b6736591-a50b-4ef5-84f2-574cdc5435b3:192.168.5.159:38807, 7cf7e218-75a7-48f9-af97-c86dcc9fa8bb:192.168.5.159:39572] with ContainerStateMachine:uninitialized
2019-10-14 14:58:20,772 [pool-629-thread-1] INFO  server.RaftServerConfigKeys (ConfUtils.java:logGet(43)) - raft.server.storage.dir = [/workdir/hadoop-ozone/integration-test/target/test-dir/MiniOzoneClusterImpl-aa81d3dd-6e87-4dee-8c30-8f43e5632f78/datanode-4/data/ratis] (custom)
2019-10-14 14:58:20,772 [pool-639-thread-1] INFO  server.RaftServerConfigKeys (ConfUtils.java:logGet(43)) - raft.server.rpc.timeout.min = 5s (custom)
2019-10-14 14:58:20,772 [pool-639-thread-1] INFO  server.RaftServerConfigKeys (ConfUtils.java:logGet(43)) - raft.server.rpc.timeout.max = 5200ms (custom)
2019-10-14 14:58:20,772 [pool-649-thread-1] INFO  server.RaftServerConfigKeys (ConfUtils.java:logGet(43)) - raft.server.rpc.timeout.max = 5200ms (custom)
2019-10-14 14:58:20,772 [pool-629-thread-1] INFO  storage.RaftStorageDirectory (RaftStorageDirectory.java:analyzeStorage(246)) - The storage directory /workdir/hadoop-ozone/integration-test/target/test-dir/MiniOzoneClusterImpl-aa81d3dd-6e87-4dee-8c30-8f43e5632f78/datanode-4/data/ratis/08b74ee0-5fb2-42f1-a4ac-5a2207229aa7 does not exist. Creating ...
2019-10-14 14:58:20,772 [pool-639-thread-1] INFO  server.RaftServerConfigKeys (ConfUtils.java:logGet(43)) - raft.server.rpcslowness.timeout = 120s (custom)
2019-10-14 14:58:20,773 [pool-649-thread-1] INFO  server.RaftServerConfigKeys (ConfUtils.java:logGet(43)) - raft.server.rpcslowness.timeout = 120s (custom)
2019-10-14 14:58:20,773 [pool-639-thread-1] INFO  server.RaftServerConfigKeys (ConfUtils.java:logGet(43)) - raft.server.sleep.deviation.threshold = 300 (default)
2019-10-14 14:58:20,773 [pool-649-thread-1] INFO  server.RaftServerConfigKeys (ConfUtils.java:logGet(43)) - raft.server.sleep.deviation.threshold = 300 (default)
2019-10-14 14:58:20,773 [pool-639-thread-1] INFO  server.RaftServerConfigKeys (ConfUtils.java:logGet(43)) - raft.server.log.appender.install.snapshot.enabled = false (custom)
2019-10-14 14:58:20,773 [pool-649-thread-1] INFO  server.RaftServerConfigKeys (ConfUtils.java:logGet(43)) - raft.server.log.appender.install.snapshot.enabled = false (custom)
2019-10-14 14:58:20,773 [pool-639-thread-1] INFO  impl.RaftServerImpl (ServerState.java:<init>(103)) - 805c446b-b997-4105-8957-3233a3685cc7@group-5A2207229AA7: ConfigurationManager, init=-1: [805c446b-b997-4105-8957-3233a3685cc7:192.168.5.159:45708, b6736591-a50b-4ef5-84f2-574cdc5435b3:192.168.5.159:38807, 7cf7e218-75a7-48f9-af97-c86dcc9fa8bb:192.168.5.159:39572], old=null, confs=<EMPTY_MAP>
2019-10-14 14:58:20,773 [pool-649-thread-1] INFO  impl.RaftServerImpl (ServerState.java:<init>(103)) - b6736591-a50b-4ef5-84f2-574cdc5435b3@group-5A2207229AA7: ConfigurationManager, init=-1: [805c446b-b997-4105-8957-3233a3685cc7:192.168.5.159:45708, b6736591-a50b-4ef5-84f2-574cdc5435b3:192.168.5.159:38807, 7cf7e218-75a7-48f9-af97-c86dcc9fa8bb:192.168.5.159:39572], old=null, confs=<EMPTY_MAP>
2019-10-14 14:58:20,773 [pool-639-thread-1] INFO  server.RaftServerConfigKeys (ConfUtils.java:logGet(43)) - raft.server.storage.dir = [/workdir/hadoop-ozone/integration-test/target/test-dir/MiniOzoneClusterImpl-aa81d3dd-6e87-4dee-8c30-8f43e5632f78/datanode-5/data/ratis] (custom)
2019-10-14 14:58:20,774 [pool-649-thread-1] INFO  server.RaftServerConfigKeys (ConfUtils.java:logGet(43)) - raft.server.storage.dir = [/workdir/hadoop-ozone/integration-test/target/test-dir/MiniOzoneClusterImpl-aa81d3dd-6e87-4dee-8c30-8f43e5632f78/datanode-6/data/ratis] (custom)
2019-10-14 14:58:20,774 [pool-639-thread-1] INFO  storage.RaftStorageDirectory (RaftStorageDirectory.java:analyzeStorage(246)) - The storage directory /workdir/hadoop-ozone/integration-test/target/test-dir/MiniOzoneClusterImpl-aa81d3dd-6e87-4dee-8c30-8f43e5632f78/datanode-5/data/ratis/08b74ee0-5fb2-42f1-a4ac-5a2207229aa7 does not exist. Creating ...
2019-10-14 14:58:20,774 [pool-649-thread-1] INFO  storage.RaftStorageDirectory (RaftStorageDirectory.java:analyzeStorage(246)) - The storage directory /workdir/hadoop-ozone/integration-test/target/test-dir/MiniOzoneClusterImpl-aa81d3dd-6e87-4dee-8c30-8f43e5632f78/datanode-6/data/ratis/08b74ee0-5fb2-42f1-a4ac-5a2207229aa7 does not exist. Creating ...
2019-10-14 14:58:20,786 [pool-639-thread-1] INFO  storage.RaftStorageDirectory (RaftStorageDirectory.java:tryLock(328)) - Lock on /workdir/hadoop-ozone/integration-test/target/test-dir/MiniOzoneClusterImpl-aa81d3dd-6e87-4dee-8c30-8f43e5632f78/datanode-5/data/ratis/08b74ee0-5fb2-42f1-a4ac-5a2207229aa7/in_use.lock acquired by nodename 7901@pr-hdds-1569-fwkxq-874464227
2019-10-14 14:58:20,786 [pool-629-thread-1] INFO  storage.RaftStorageDirectory (RaftStorageDirectory.java:tryLock(328)) - Lock on /workdir/hadoop-ozone/integration-test/target/test-dir/MiniOzoneClusterImpl-aa81d3dd-6e87-4dee-8c30-8f43e5632f78/datanode-4/data/ratis/08b74ee0-5fb2-42f1-a4ac-5a2207229aa7/in_use.lock acquired by nodename 7901@pr-hdds-1569-fwkxq-874464227
2019-10-14 14:58:20,786 [pool-649-thread-1] INFO  storage.RaftStorageDirectory (RaftStorageDirectory.java:tryLock(328)) - Lock on /workdir/hadoop-ozone/integration-test/target/test-dir/MiniOzoneClusterImpl-aa81d3dd-6e87-4dee-8c30-8f43e5632f78/datanode-6/data/ratis/08b74ee0-5fb2-42f1-a4ac-5a2207229aa7/in_use.lock acquired by nodename 7901@pr-hdds-1569-fwkxq-874464227
2019-10-14 14:58:20,800 [pool-629-thread-1] INFO  storage.RaftStorage (RaftStorage.java:format(72)) - Storage directory /workdir/hadoop-ozone/integration-test/target/test-dir/MiniOzoneClusterImpl-aa81d3dd-6e87-4dee-8c30-8f43e5632f78/datanode-4/data/ratis/08b74ee0-5fb2-42f1-a4ac-5a2207229aa7 has been successfully formatted.
2019-10-14 14:58:20,800 [pool-649-thread-1] INFO  storage.RaftStorage (RaftStorage.java:format(72)) - Storage directory /workdir/hadoop-ozone/integration-test/target/test-dir/MiniOzoneClusterImpl-aa81d3dd-6e87-4dee-8c30-8f43e5632f78/datanode-6/data/ratis/08b74ee0-5fb2-42f1-a4ac-5a2207229aa7 has been successfully formatted.
2019-10-14 14:58:20,800 [pool-629-thread-1] INFO  ratis.ContainerStateMachine (ContainerStateMachine.java:loadSnapshot(230)) - group-5A2207229AA7: The snapshot info is null. Setting the last applied indexto:(t:0, i:~)
2019-10-14 14:58:20,800 [pool-639-thread-1] INFO  storage.RaftStorage (RaftStorage.java:format(72)) - Storage directory /workdir/hadoop-ozone/integration-test/target/test-dir/MiniOzoneClusterImpl-aa81d3dd-6e87-4dee-8c30-8f43e5632f78/datanode-5/data/ratis/08b74ee0-5fb2-42f1-a4ac-5a2207229aa7 has been successfully formatted.
2019-10-14 14:58:20,800 [pool-629-thread-1] INFO  server.RaftServerConfigKeys (ConfUtils.java:logGet(43)) - raft.server.notification.no-leader.timeout = 120s (custom)
2019-10-14 14:58:20,800 [pool-649-thread-1] INFO  ratis.ContainerStateMachine (ContainerStateMachine.java:loadSnapshot(230)) - group-5A2207229AA7: The snapshot info is null. Setting the last applied indexto:(t:0, i:~)
2019-10-14 14:58:20,800 [pool-629-thread-1] INFO  server.RaftServerConfigKeys (ConfUtils.java:logGet(43)) - raft.server.log.use.memory = false (default)
2019-10-14 14:58:20,800 [pool-639-thread-1] INFO  ratis.ContainerStateMachine (ContainerStateMachine.java:loadSnapshot(230)) - group-5A2207229AA7: The snapshot info is null. Setting the last applied indexto:(t:0, i:~)
2019-10-14 14:58:20,801 [pool-629-thread-1] INFO  server.RaftServerConfigKeys (ConfUtils.java:logGet(43)) - raft.server.log.purge.gap = 1000000 (custom)
2019-10-14 14:58:20,800 [pool-649-thread-1] INFO  server.RaftServerConfigKeys (ConfUtils.java:logGet(43)) - raft.server.notification.no-leader.timeout = 120s (custom)
2019-10-14 14:58:20,801 [pool-629-thread-1] INFO  server.RaftServerConfigKeys (ConfUtils.java:logGet(43)) - raft.server.log.appender.buffer.byte-limit = 33554432 (custom)
2019-10-14 14:58:20,801 [pool-639-thread-1] INFO  server.RaftServerConfigKeys (ConfUtils.java:logGet(43)) - raft.server.notification.no-leader.timeout = 120s (custom)
2019-10-14 14:58:20,801 [pool-629-thread-1] INFO  server.RaftServerConfigKeys (ConfUtils.java:logGet(43)) - raft.server.log.segment.size.max = 1048576 (custom)
2019-10-14 14:58:20,801 [pool-649-thread-1] INFO  server.RaftServerConfigKeys (ConfUtils.java:logGet(43)) - raft.server.log.use.memory = false (default)
2019-10-14 14:58:20,801 [pool-629-thread-1] INFO  server.RaftServerConfigKeys (ConfUtils.java:logGet(43)) - raft.server.log.segment.cache.num.max = 2 (custom)
2019-10-14 14:58:20,801 [pool-639-thread-1] INFO  server.RaftServerConfigKeys (ConfUtils.java:logGet(43)) - raft.server.log.use.memory = false (default)
2019-10-14 14:58:20,802 [pool-629-thread-1] INFO  segmented.SegmentedRaftLogWorker (SegmentedRaftLogWorker.java:<init>(172)) - new 7cf7e218-75a7-48f9-af97-c86dcc9fa8bb@group-5A2207229AA7-SegmentedRaftLogWorker for RaftStorage:Storage Directory /workdir/hadoop-ozone/integration-test/target/test-dir/MiniOzoneClusterImpl-aa81d3dd-6e87-4dee-8c30-8f43e5632f78/datanode-4/data/ratis/08b74ee0-5fb2-42f1-a4ac-5a2207229aa7
2019-10-14 14:58:20,802 [pool-649-thread-1] INFO  server.RaftServerConfigKeys (ConfUtils.java:logGet(43)) - raft.server.log.purge.gap = 1000000 (custom)
2019-10-14 14:58:20,802 [pool-629-thread-1] INFO  server.RaftServerConfigKeys (ConfUtils.java:logGet(43)) - raft.server.log.queue.byte-limit = 2147483647 (custom)
2019-10-14 14:58:20,802 [pool-629-thread-1] INFO  server.RaftServerConfigKeys (ConfUtils.java:logGet(43)) - raft.server.log.queue.element-limit = 1024 (custom)
2019-10-14 14:58:20,802 [pool-639-thread-1] INFO  server.RaftServerConfigKeys (ConfUtils.java:logGet(43)) - raft.server.log.purge.gap = 1000000 (custom)
2019-10-14 14:58:20,803 [pool-629-thread-1] INFO  server.RaftServerConfigKeys (ConfUtils.java:logGet(43)) - raft.server.log.segment.size.max = 1048576 (custom)
2019-10-14 14:58:20,802 [pool-649-thread-1] INFO  server.RaftServerConfigKeys (ConfUtils.java:logGet(43)) - raft.server.log.appender.buffer.byte-limit = 33554432 (custom)
2019-10-14 14:58:20,803 [pool-629-thread-1] INFO  server.RaftServerConfigKeys (ConfUtils.java:logGet(43)) - raft.server.log.preallocated.size = 16384 (custom)
2019-10-14 14:58:20,803 [pool-639-thread-1] INFO  server.RaftServerConfigKeys (ConfUtils.java:logGet(43)) - raft.server.log.appender.buffer.byte-limit = 33554432 (custom)
2019-10-14 14:58:20,803 [pool-629-thread-1] INFO  server.RaftServerConfigKeys (ConfUtils.java:logGet(43)) - raft.server.log.write.buffer.size = 33554432 (custom)
2019-10-14 14:58:20,803 [pool-629-thread-1] INFO  server.RaftServerConfigKeys (ConfUtils.java:logGet(43)) - raft.server.log.force.sync.num = 128 (default)
2019-10-14 14:58:20,803 [pool-649-thread-1] INFO  server.RaftServerConfigKeys (ConfUtils.java:logGet(43)) - raft.server.log.segment.size.max = 1048576 (custom)
2019-10-14 14:58:20,804 [pool-629-thread-1] INFO  server.RaftServerConfigKeys (ConfUtils.java:logGet(43)) - raft.server.log.statemachine.data.sync = true (default)
2019-10-14 14:58:20,803 [pool-639-thread-1] INFO  server.RaftServerConfigKeys (ConfUtils.java:logGet(43)) - raft.server.log.segment.size.max = 1048576 (custom)
2019-10-14 14:58:20,804 [pool-629-thread-1] INFO  server.RaftServerConfigKeys (ConfUtils.java:logGet(43)) - raft.server.log.statemachine.data.sync.timeout = 10s (default)
2019-10-14 14:58:20,804 [pool-649-thread-1] INFO  server.RaftServerConfigKeys (ConfUtils.java:logGet(43)) - raft.server.log.segment.cache.num.max = 2 (custom)
2019-10-14 14:58:20,804 [pool-629-thread-1] INFO  server.RaftServerConfigKeys (ConfUtils.java:logGet(43)) - raft.server.log.statemachine.data.sync.timeout.retry = -1 (default)
2019-10-14 14:58:20,804 [pool-639-thread-1] INFO  server.RaftServerConfigKeys (ConfUtils.java:logGet(43)) - raft.server.log.segment.cache.num.max = 2 (custom)
2019-10-14 14:58:20,805 [pool-629-thread-1] INFO  server.RaftServerConfigKeys (ConfUtils.java:logGet(43)) - raft.server.log.statemachine.data.caching.enabled = true (custom)
2019-10-14 14:58:20,804 [pool-649-thread-1] INFO  segmented.SegmentedRaftLogWorker (SegmentedRaftLogWorker.java:<init>(172)) - new b6736591-a50b-4ef5-84f2-574cdc5435b3@group-5A2207229AA7-SegmentedRaftLogWorker for RaftStorage:Storage Directory /workdir/hadoop-ozone/integration-test/target/test-dir/MiniOzoneClusterImpl-aa81d3dd-6e87-4dee-8c30-8f43e5632f78/datanode-6/data/ratis/08b74ee0-5fb2-42f1-a4ac-5a2207229aa7
2019-10-14 14:58:20,805 [pool-649-thread-1] INFO  server.RaftServerConfigKeys (ConfUtils.java:logGet(43)) - raft.server.log.queue.byte-limit = 2147483647 (custom)
2019-10-14 14:58:20,805 [pool-639-thread-1] INFO  segmented.SegmentedRaftLogWorker (SegmentedRaftLogWorker.java:<init>(172)) - new 805c446b-b997-4105-8957-3233a3685cc7@group-5A2207229AA7-SegmentedRaftLogWorker for RaftStorage:Storage Directory /workdir/hadoop-ozone/integration-test/target/test-dir/MiniOzoneClusterImpl-aa81d3dd-6e87-4dee-8c30-8f43e5632f78/datanode-5/data/ratis/08b74ee0-5fb2-42f1-a4ac-5a2207229aa7
2019-10-14 14:58:20,805 [pool-649-thread-1] INFO  server.RaftServerConfigKeys (ConfUtils.java:logGet(43)) - raft.server.log.queue.element-limit = 1024 (custom)
2019-10-14 14:58:20,805 [pool-629-thread-1] INFO  segmented.SegmentedRaftLogWorker (SegmentedRaftLogWorker.java:lambda$new$0(132)) - 7cf7e218-75a7-48f9-af97-c86dcc9fa8bb@group-5A2207229AA7-SegmentedRaftLogWorker: flushIndex: setUnconditionally 0 -> -1
2019-10-14 14:58:20,805 [pool-649-thread-1] INFO  server.RaftServerConfigKeys (ConfUtils.java:logGet(43)) - raft.server.log.segment.size.max = 1048576 (custom)
2019-10-14 14:58:20,806 [pool-649-thread-1] INFO  server.RaftServerConfigKeys (ConfUtils.java:logGet(43)) - raft.server.log.preallocated.size = 16384 (custom)
2019-10-14 14:58:20,805 [pool-639-thread-1] INFO  server.RaftServerConfigKeys (ConfUtils.java:logGet(43)) - raft.server.log.queue.byte-limit = 2147483647 (custom)
2019-10-14 14:58:20,806 [pool-649-thread-1] INFO  server.RaftServerConfigKeys (ConfUtils.java:logGet(43)) - raft.server.log.write.buffer.size = 33554432 (custom)
2019-10-14 14:58:20,806 [pool-629-thread-1] INFO  server.RaftServerConfigKeys (ConfUtils.java:logGet(43)) - raft.server.snapshot.auto.trigger.enabled = true (custom)
2019-10-14 14:58:20,806 [pool-649-thread-1] INFO  server.RaftServerConfigKeys (ConfUtils.java:logGet(43)) - raft.server.log.force.sync.num = 128 (default)
2019-10-14 14:58:20,806 [pool-639-thread-1] INFO  server.RaftServerConfigKeys (ConfUtils.java:logGet(43)) - raft.server.log.queue.element-limit = 1024 (custom)
2019-10-14 14:58:20,806 [pool-649-thread-1] INFO  server.RaftServerConfigKeys (ConfUtils.java:logGet(43)) - raft.server.log.statemachine.data.sync = true (default)
2019-10-14 14:58:20,806 [pool-629-thread-1] INFO  server.RaftServerConfigKeys (ConfUtils.java:logGet(43)) - raft.server.snapshot.auto.trigger.threshold = 10000 (custom)
2019-10-14 14:58:20,807 [pool-649-thread-1] INFO  server.RaftServerConfigKeys (ConfUtils.java:logGet(43)) - raft.server.log.statemachine.data.sync.timeout = 10s (default)
2019-10-14 14:58:20,807 [pool-639-thread-1] INFO  server.RaftServerConfigKeys (ConfUtils.java:logGet(43)) - raft.server.log.segment.size.max = 1048576 (custom)
2019-10-14 14:58:20,807 [pool-649-thread-1] INFO  server.RaftServerConfigKeys (ConfUtils.java:logGet(43)) - raft.server.log.statemachine.data.sync.timeout.retry = -1 (default)
2019-10-14 14:58:20,807 [pool-629-thread-1] INFO  server.RaftServerConfigKeys (ConfUtils.java:logGet(43)) - raft.server.snapshot.retention.num.files = 5 (custom)
2019-10-14 14:58:20,807 [pool-649-thread-1] INFO  server.RaftServerConfigKeys (ConfUtils.java:logGet(43)) - raft.server.log.statemachine.data.caching.enabled = true (custom)
2019-10-14 14:58:20,807 [pool-639-thread-1] INFO  server.RaftServerConfigKeys (ConfUtils.java:logGet(43)) - raft.server.log.preallocated.size = 16384 (custom)
2019-10-14 14:58:20,808 [pool-649-thread-1] INFO  segmented.SegmentedRaftLogWorker (SegmentedRaftLogWorker.java:lambda$new$0(132)) - b6736591-a50b-4ef5-84f2-574cdc5435b3@group-5A2207229AA7-SegmentedRaftLogWorker: flushIndex: setUnconditionally 0 -> -1
2019-10-14 14:58:20,808 [pool-629-thread-1] INFO  server.RaftServerConfigKeys (ConfUtils.java:logGet(43)) - raft.server.retrycache.expirytime = 600000ms (custom)
2019-10-14 14:58:20,808 [pool-639-thread-1] INFO  server.RaftServerConfigKeys (ConfUtils.java:logGet(43)) - raft.server.log.write.buffer.size = 33554432 (custom)
2019-10-14 14:58:20,808 [pool-649-thread-1] INFO  server.RaftServerConfigKeys (ConfUtils.java:logGet(43)) - raft.server.snapshot.auto.trigger.enabled = true (custom)
2019-10-14 14:58:20,808 [pool-639-thread-1] INFO  server.RaftServerConfigKeys (ConfUtils.java:logGet(43)) - raft.server.log.force.sync.num = 128 (default)
2019-10-14 14:58:20,808 [pool-649-thread-1] INFO  server.RaftServerConfigKeys (ConfUtils.java:logGet(43)) - raft.server.snapshot.auto.trigger.threshold = 10000 (custom)
2019-10-14 14:58:20,808 [pool-639-thread-1] INFO  server.RaftServerConfigKeys (ConfUtils.java:logGet(43)) - raft.server.log.statemachine.data.sync = true (default)
2019-10-14 14:58:20,809 [pool-649-thread-1] INFO  server.RaftServerConfigKeys (ConfUtils.java:logGet(43)) - raft.server.snapshot.retention.num.files = 5 (custom)
2019-10-14 14:58:20,809 [pool-639-thread-1] INFO  server.RaftServerConfigKeys (ConfUtils.java:logGet(43)) - raft.server.log.statemachine.data.sync.timeout = 10s (default)
2019-10-14 14:58:20,809 [pool-649-thread-1] INFO  server.RaftServerConfigKeys (ConfUtils.java:logGet(43)) - raft.server.retrycache.expirytime = 600000ms (custom)
2019-10-14 14:58:20,809 [pool-639-thread-1] INFO  server.RaftServerConfigKeys (ConfUtils.java:logGet(43)) - raft.server.log.statemachine.data.sync.timeout.retry = -1 (default)
2019-10-14 14:58:20,809 [pool-639-thread-1] INFO  server.RaftServerConfigKeys (ConfUtils.java:logGet(43)) - raft.server.log.statemachine.data.caching.enabled = true (custom)
2019-10-14 14:58:20,810 [pool-639-thread-1] INFO  segmented.SegmentedRaftLogWorker (SegmentedRaftLogWorker.java:lambda$new$0(132)) - 805c446b-b997-4105-8957-3233a3685cc7@group-5A2207229AA7-SegmentedRaftLogWorker: flushIndex: setUnconditionally 0 -> -1
2019-10-14 14:58:20,810 [pool-639-thread-1] INFO  server.RaftServerConfigKeys (ConfUtils.java:logGet(43)) - raft.server.snapshot.auto.trigger.enabled = true (custom)
2019-10-14 14:58:20,810 [pool-639-thread-1] INFO  server.RaftServerConfigKeys (ConfUtils.java:logGet(43)) - raft.server.snapshot.auto.trigger.threshold = 10000 (custom)
2019-10-14 14:58:20,810 [pool-629-thread-1] INFO  impl.RaftServerImpl (RaftServerImpl.java:start(185)) - 7cf7e218-75a7-48f9-af97-c86dcc9fa8bb@group-5A2207229AA7: start as a follower, conf=-1: [805c446b-b997-4105-8957-3233a3685cc7:192.168.5.159:45708, b6736591-a50b-4ef5-84f2-574cdc5435b3:192.168.5.159:38807, 7cf7e218-75a7-48f9-af97-c86dcc9fa8bb:192.168.5.159:39572], old=null
2019-10-14 14:58:20,811 [pool-629-thread-1] INFO  impl.RaftServerImpl (RaftServerImpl.java:setRole(174)) - 7cf7e218-75a7-48f9-af97-c86dcc9fa8bb@group-5A2207229AA7: changes role from      null to FOLLOWER at term 0 for startAsFollower
2019-10-14 14:58:20,810 [pool-639-thread-1] INFO  server.RaftServerConfigKeys (ConfUtils.java:logGet(43)) - raft.server.snapshot.retention.num.files = 5 (custom)
2019-10-14 14:58:20,811 [pool-629-thread-1] INFO  impl.RoleInfo (RoleInfo.java:updateAndGet(143)) - 7cf7e218-75a7-48f9-af97-c86dcc9fa8bb: start FollowerState
2019-10-14 14:58:20,811 [pool-639-thread-1] INFO  server.RaftServerConfigKeys (ConfUtils.java:logGet(43)) - raft.server.retrycache.expirytime = 600000ms (custom)
2019-10-14 14:58:20,811 [pool-649-thread-1] INFO  impl.RaftServerImpl (RaftServerImpl.java:start(185)) - b6736591-a50b-4ef5-84f2-574cdc5435b3@group-5A2207229AA7: start as a follower, conf=-1: [805c446b-b997-4105-8957-3233a3685cc7:192.168.5.159:45708, b6736591-a50b-4ef5-84f2-574cdc5435b3:192.168.5.159:38807, 7cf7e218-75a7-48f9-af97-c86dcc9fa8bb:192.168.5.159:39572], old=null
2019-10-14 14:58:20,811 [pool-629-thread-1] INFO  util.JmxRegister (JmxRegister.java:tryRegister(44)) - Successfully registered JMX Bean with object name Ratis:service=RaftServer,group=group-5A2207229AA7,id=7cf7e218-75a7-48f9-af97-c86dcc9fa8bb
2019-10-14 14:58:20,812 [pool-649-thread-1] INFO  impl.RaftServerImpl (RaftServerImpl.java:setRole(174)) - b6736591-a50b-4ef5-84f2-574cdc5435b3@group-5A2207229AA7: changes role from      null to FOLLOWER at term 0 for startAsFollower
2019-10-14 14:58:20,812 [pool-649-thread-1] INFO  impl.RoleInfo (RoleInfo.java:updateAndGet(143)) - b6736591-a50b-4ef5-84f2-574cdc5435b3: start FollowerState
2019-10-14 14:58:20,812 [pool-649-thread-1] INFO  util.JmxRegister (JmxRegister.java:tryRegister(44)) - Successfully registered JMX Bean with object name Ratis:service=RaftServer,group=group-5A2207229AA7,id=b6736591-a50b-4ef5-84f2-574cdc5435b3
2019-10-14 14:58:20,814 [pool-639-thread-1] INFO  impl.RaftServerImpl (RaftServerImpl.java:start(185)) - 805c446b-b997-4105-8957-3233a3685cc7@group-5A2207229AA7: start as a follower, conf=-1: [805c446b-b997-4105-8957-3233a3685cc7:192.168.5.159:45708, b6736591-a50b-4ef5-84f2-574cdc5435b3:192.168.5.159:38807, 7cf7e218-75a7-48f9-af97-c86dcc9fa8bb:192.168.5.159:39572], old=null
2019-10-14 14:58:20,815 [pool-639-thread-1] INFO  impl.RaftServerImpl (RaftServerImpl.java:setRole(174)) - 805c446b-b997-4105-8957-3233a3685cc7@group-5A2207229AA7: changes role from      null to FOLLOWER at term 0 for startAsFollower
2019-10-14 14:58:20,815 [pool-639-thread-1] INFO  impl.RoleInfo (RoleInfo.java:updateAndGet(143)) - 805c446b-b997-4105-8957-3233a3685cc7: start FollowerState
2019-10-14 14:58:20,815 [pool-639-thread-1] INFO  util.JmxRegister (JmxRegister.java:tryRegister(44)) - Successfully registered JMX Bean with object name Ratis:service=RaftServer,group=group-5A2207229AA7,id=805c446b-b997-4105-8957-3233a3685cc7
2019-10-14 14:58:20,817 [RatisPipelineUtilsThread] INFO  pipeline.PipelineStateManager (PipelineStateManager.java:addPipeline(56)) - Created pipeline Pipeline[ Id: 08b74ee0-5fb2-42f1-a4ac-5a2207229aa7, Nodes: 805c446b-b997-4105-8957-3233a3685cc7{ip: 192.168.5.159, host: pr-hdds-1569-fwkxq-874464227, networkLocation: /default-rack, certSerialId: null}7cf7e218-75a7-48f9-af97-c86dcc9fa8bb{ip: 192.168.5.159, host: pr-hdds-1569-fwkxq-874464227, networkLocation: /default-rack, certSerialId: null}b6736591-a50b-4ef5-84f2-574cdc5435b3{ip: 192.168.5.159, host: pr-hdds-1569-fwkxq-874464227, networkLocation: /default-rack, certSerialId: null}, Type:RATIS, Factor:THREE, State:OPEN]
2019-10-14 14:58:20,817 [RatisPipelineUtilsThread] INFO  pipeline.PipelinePlacementPolicy (PipelinePlacementPolicy.java:meetCriteria(104)) - Pipeline Placement: can't place more pipeline on heavy datanode： b765ecb1-ebfa-42dd-8a13-5b9feb228ba9 Heaviness: 3 limit: 3
2019-10-14 14:58:20,817 [RatisPipelineUtilsThread] INFO  pipeline.PipelinePlacementPolicy (PipelinePlacementPolicy.java:meetCriteria(104)) - Pipeline Placement: can't place more pipeline on heavy datanode： df9e5f57-bd2c-4d2e-90a4-8b7d317b94ee Heaviness: 3 limit: 3
2019-10-14 14:58:20,817 [RatisPipelineUtilsThread] INFO  pipeline.PipelinePlacementPolicy (PipelinePlacementPolicy.java:meetCriteria(104)) - Pipeline Placement: can't place more pipeline on heavy datanode： f9d9ba55-347c-42aa-b343-203ee5e29f8d Heaviness: 3 limit: 3
2019-10-14 14:58:20,817 [RatisPipelineUtilsThread] INFO  pipeline.PipelinePlacementPolicy (PipelinePlacementPolicy.java:meetCriteria(104)) - Pipeline Placement: can't place more pipeline on heavy datanode： a0884861-8b64-4900-8d43-9348fc78e683 Heaviness: 3 limit: 3
2019-10-14 14:58:20,817 [RatisPipelineUtilsThread] INFO  pipeline.PipelinePlacementPolicy (PipelinePlacementPolicy.java:meetCriteria(104)) - Pipeline Placement: can't place more pipeline on heavy datanode： 7cf7e218-75a7-48f9-af97-c86dcc9fa8bb Heaviness: 3 limit: 3
2019-10-14 14:58:20,817 [RatisPipelineUtilsThread] ERROR pipeline.PipelinePlacementPolicy (PipelinePlacementPolicy.java:filterViableNodes(162)) - Unable to find enough nodes that meet the criteria that cannot engage in more than 3 pipelines. Nodes required: 3 Found: 2, healthy nodes count in NodeManager: 7.
2019-10-14 14:58:20,818 [RatisPipelineUtilsThread] ERROR pipeline.SCMPipelineManager (SCMPipelineManager.java:createPipeline(193)) - Pipeline creation failed.
org.apache.hadoop.hdds.scm.exceptions.SCMException: Unable to find enough nodes that meet the criteria that cannot engage in more than 3 pipelines. Nodes required: 3 Found: 2, healthy nodes count in NodeManager: 7.
	at org.apache.hadoop.hdds.scm.pipeline.PipelinePlacementPolicy.filterViableNodes(PipelinePlacementPolicy.java:163)
	at org.apache.hadoop.hdds.scm.pipeline.PipelinePlacementPolicy.chooseDatanodes(PipelinePlacementPolicy.java:186)
	at org.apache.hadoop.hdds.scm.pipeline.RatisPipelineProvider.create(RatisPipelineProvider.java:131)
	at org.apache.hadoop.hdds.scm.pipeline.PipelineFactory.create(PipelineFactory.java:58)
	at org.apache.hadoop.hdds.scm.pipeline.SCMPipelineManager.createPipeline(SCMPipelineManager.java:183)
	at org.apache.hadoop.hdds.scm.pipeline.BackgroundPipelineCreator.createPipelines(BackgroundPipelineCreator.java:100)
	at java.util.concurrent.Executors$RunnableAdapter.call(Executors.java:511)
	at java.util.concurrent.FutureTask.run(FutureTask.java:266)
	at java.util.concurrent.ScheduledThreadPoolExecutor$ScheduledFutureTask.access$201(ScheduledThreadPoolExecutor.java:180)
	at java.util.concurrent.ScheduledThreadPoolExecutor$ScheduledFutureTask.run(ScheduledThreadPoolExecutor.java:293)
	at java.util.concurrent.ThreadPoolExecutor.runWorker(ThreadPoolExecutor.java:1149)
	at java.util.concurrent.ThreadPoolExecutor$Worker.run(ThreadPoolExecutor.java:624)
	at java.lang.Thread.run(Thread.java:748)
2019-10-14 14:58:23,193 [Thread-5029] INFO  container.ReplicationManager (ReplicationManager.java:start(163)) - Starting Replication Monitor Thread.
2019-10-14 14:58:23,198 [ReplicationMonitor] INFO  container.ReplicationManager (ReplicationManager.java:run(226)) - Replication Monitor Thread took 1 milliseconds for processing 1 containers.
2019-10-14 14:58:25,261 [Thread-5031] INFO  impl.FollowerState (FollowerState.java:run(106)) - b765ecb1-ebfa-42dd-8a13-5b9feb228ba9:group-D75401EEA1F0 changes to CANDIDATE, lastRpcTime:5023, electionTimeout:5023ms
2019-10-14 14:58:25,262 [Thread-5031] INFO  impl.RoleInfo (RoleInfo.java:shutdownFollowerState(121)) - b765ecb1-ebfa-42dd-8a13-5b9feb228ba9: shutdown FollowerState
2019-10-14 14:58:25,262 [Thread-5031] INFO  impl.RaftServerImpl (RaftServerImpl.java:setRole(174)) - b765ecb1-ebfa-42dd-8a13-5b9feb228ba9@group-D75401EEA1F0: changes role from  FOLLOWER to CANDIDATE at term 0 for changeToCandidate
2019-10-14 14:58:25,262 [Thread-5031] INFO  impl.RoleInfo (RoleInfo.java:updateAndGet(143)) - b765ecb1-ebfa-42dd-8a13-5b9feb228ba9: start LeaderElection
2019-10-14 14:58:25,285 [b765ecb1-ebfa-42dd-8a13-5b9feb228ba9@group-D75401EEA1F0:LeaderElection139] INFO  impl.LeaderElection (LeaderElection.java:askForVotes(182)) - b765ecb1-ebfa-42dd-8a13-5b9feb228ba9@group-D75401EEA1F0:LeaderElection139: begin an election at term 1 for -1: [b765ecb1-ebfa-42dd-8a13-5b9feb228ba9:192.168.5.159:33315], old=null
2019-10-14 14:58:25,285 [b765ecb1-ebfa-42dd-8a13-5b9feb228ba9@group-D75401EEA1F0:LeaderElection139] INFO  impl.RoleInfo (RoleInfo.java:shutdownLeaderElection(134)) - b765ecb1-ebfa-42dd-8a13-5b9feb228ba9: shutdown LeaderElection
2019-10-14 14:58:25,285 [b765ecb1-ebfa-42dd-8a13-5b9feb228ba9@group-D75401EEA1F0:LeaderElection139] INFO  impl.RaftServerImpl (RaftServerImpl.java:setRole(174)) - b765ecb1-ebfa-42dd-8a13-5b9feb228ba9@group-D75401EEA1F0: changes role from CANDIDATE to LEADER at term 1 for changeToLeader
2019-10-14 14:58:25,285 [b765ecb1-ebfa-42dd-8a13-5b9feb228ba9@group-D75401EEA1F0:LeaderElection139] INFO  impl.RaftServerImpl (ServerState.java:setLeader(253)) - b765ecb1-ebfa-42dd-8a13-5b9feb228ba9@group-D75401EEA1F0: change Leader from null to b765ecb1-ebfa-42dd-8a13-5b9feb228ba9 at term 1 for becomeLeader, leader elected after 5055ms
2019-10-14 14:58:25,286 [b765ecb1-ebfa-42dd-8a13-5b9feb228ba9@group-D75401EEA1F0:LeaderElection139] INFO  server.RaftServerConfigKeys (ConfUtils.java:logGet(43)) - raft.server.staging.catchup.gap = 1000 (default)
2019-10-14 14:58:25,286 [b765ecb1-ebfa-42dd-8a13-5b9feb228ba9@group-D75401EEA1F0:LeaderElection139] INFO  server.RaftServerConfigKeys (ConfUtils.java:logGet(43)) - raft.server.rpc.sleep.time = 25ms (default)
2019-10-14 14:58:25,286 [b765ecb1-ebfa-42dd-8a13-5b9feb228ba9@group-D75401EEA1F0:LeaderElection139] INFO  server.RaftServerConfigKeys (ConfUtils.java:logGet(43)) - raft.server.write.element-limit = 4096 (default)
2019-10-14 14:58:25,286 [b765ecb1-ebfa-42dd-8a13-5b9feb228ba9@group-D75401EEA1F0:LeaderElection139] INFO  server.RaftServerConfigKeys (ConfUtils.java:logGet(43)) - raft.server.watch.timeout = 10s (default)
2019-10-14 14:58:25,286 [b765ecb1-ebfa-42dd-8a13-5b9feb228ba9@group-D75401EEA1F0:LeaderElection139] INFO  server.RaftServerConfigKeys (ConfUtils.java:logGet(43)) - raft.server.watch.timeout.denomination = 1s (default)
2019-10-14 14:58:25,287 [b765ecb1-ebfa-42dd-8a13-5b9feb228ba9@group-D75401EEA1F0:LeaderElection139] INFO  server.RaftServerConfigKeys (ConfUtils.java:logGet(43)) - raft.server.watch.element-limit = 65536 (default)
2019-10-14 14:58:25,290 [b765ecb1-ebfa-42dd-8a13-5b9feb228ba9@group-D75401EEA1F0:LeaderElection139] INFO  impl.RoleInfo (RoleInfo.java:updateAndGet(143)) - b765ecb1-ebfa-42dd-8a13-5b9feb228ba9: start LeaderState
2019-10-14 14:58:25,291 [b765ecb1-ebfa-42dd-8a13-5b9feb228ba9@group-D75401EEA1F0:LeaderElection139] INFO  segmented.SegmentedRaftLogWorker (SegmentedRaftLogWorker.java:startLogSegment(380)) - b765ecb1-ebfa-42dd-8a13-5b9feb228ba9@group-D75401EEA1F0-SegmentedRaftLogWorker: Starting segment from index:0
2019-10-14 14:58:25,292 [b765ecb1-ebfa-42dd-8a13-5b9feb228ba9@group-D75401EEA1F0:LeaderElection139] INFO  impl.RaftServerImpl (ServerState.java:setRaftConf(354)) - b765ecb1-ebfa-42dd-8a13-5b9feb228ba9@group-D75401EEA1F0: set configuration 0: [b765ecb1-ebfa-42dd-8a13-5b9feb228ba9:192.168.5.159:33315], old=null at 0
2019-10-14 14:58:25,344 [b765ecb1-ebfa-42dd-8a13-5b9feb228ba9@group-D75401EEA1F0-SegmentedRaftLogWorker] INFO  segmented.SegmentedRaftLogWorker (SegmentedRaftLogWorker.java:execute(569)) - b765ecb1-ebfa-42dd-8a13-5b9feb228ba9@group-D75401EEA1F0-SegmentedRaftLogWorker: created new log segment /workdir/hadoop-ozone/integration-test/target/test-dir/MiniOzoneClusterImpl-aa81d3dd-6e87-4dee-8c30-8f43e5632f78/datanode-0/data/ratis/00058ee8-f08b-4e9f-989a-d75401eea1f0/current/log_inprogress_0
2019-10-14 14:58:25,441 [Thread-5034] INFO  impl.FollowerState (FollowerState.java:run(106)) - a0884861-8b64-4900-8d43-9348fc78e683:group-0F28B8A14D51 changes to CANDIDATE, lastRpcTime:5137, electionTimeout:5137ms
2019-10-14 14:58:25,441 [Thread-5034] INFO  impl.RoleInfo (RoleInfo.java:shutdownFollowerState(121)) - a0884861-8b64-4900-8d43-9348fc78e683: shutdown FollowerState
2019-10-14 14:58:25,441 [Thread-5034] INFO  impl.RaftServerImpl (RaftServerImpl.java:setRole(174)) - a0884861-8b64-4900-8d43-9348fc78e683@group-0F28B8A14D51: changes role from  FOLLOWER to CANDIDATE at term 0 for changeToCandidate
2019-10-14 14:58:25,441 [Thread-5034] INFO  impl.RoleInfo (RoleInfo.java:updateAndGet(143)) - a0884861-8b64-4900-8d43-9348fc78e683: start LeaderElection
2019-10-14 14:58:25,462 [a0884861-8b64-4900-8d43-9348fc78e683@group-0F28B8A14D51:LeaderElection140] INFO  impl.LeaderElection (LeaderElection.java:askForVotes(182)) - a0884861-8b64-4900-8d43-9348fc78e683@group-0F28B8A14D51:LeaderElection140: begin an election at term 1 for -1: [a0884861-8b64-4900-8d43-9348fc78e683:192.168.5.159:36871], old=null
2019-10-14 14:58:25,462 [a0884861-8b64-4900-8d43-9348fc78e683@group-0F28B8A14D51:LeaderElection140] INFO  impl.RoleInfo (RoleInfo.java:shutdownLeaderElection(134)) - a0884861-8b64-4900-8d43-9348fc78e683: shutdown LeaderElection
2019-10-14 14:58:25,463 [a0884861-8b64-4900-8d43-9348fc78e683@group-0F28B8A14D51:LeaderElection140] INFO  impl.RaftServerImpl (RaftServerImpl.java:setRole(174)) - a0884861-8b64-4900-8d43-9348fc78e683@group-0F28B8A14D51: changes role from CANDIDATE to LEADER at term 1 for changeToLeader
2019-10-14 14:58:25,463 [a0884861-8b64-4900-8d43-9348fc78e683@group-0F28B8A14D51:LeaderElection140] INFO  impl.RaftServerImpl (ServerState.java:setLeader(253)) - a0884861-8b64-4900-8d43-9348fc78e683@group-0F28B8A14D51: change Leader from null to a0884861-8b64-4900-8d43-9348fc78e683 at term 1 for becomeLeader, leader elected after 5165ms
2019-10-14 14:58:25,463 [a0884861-8b64-4900-8d43-9348fc78e683@group-0F28B8A14D51:LeaderElection140] INFO  server.RaftServerConfigKeys (ConfUtils.java:logGet(43)) - raft.server.staging.catchup.gap = 1000 (default)
2019-10-14 14:58:25,463 [a0884861-8b64-4900-8d43-9348fc78e683@group-0F28B8A14D51:LeaderElection140] INFO  server.RaftServerConfigKeys (ConfUtils.java:logGet(43)) - raft.server.rpc.sleep.time = 25ms (default)
2019-10-14 14:58:25,463 [a0884861-8b64-4900-8d43-9348fc78e683@group-0F28B8A14D51:LeaderElection140] INFO  server.RaftServerConfigKeys (ConfUtils.java:logGet(43)) - raft.server.write.element-limit = 4096 (default)
2019-10-14 14:58:25,463 [a0884861-8b64-4900-8d43-9348fc78e683@group-0F28B8A14D51:LeaderElection140] INFO  server.RaftServerConfigKeys (ConfUtils.java:logGet(43)) - raft.server.watch.timeout = 10s (default)
2019-10-14 14:58:25,463 [a0884861-8b64-4900-8d43-9348fc78e683@group-0F28B8A14D51:LeaderElection140] INFO  server.RaftServerConfigKeys (ConfUtils.java:logGet(43)) - raft.server.watch.timeout.denomination = 1s (default)
2019-10-14 14:58:25,463 [a0884861-8b64-4900-8d43-9348fc78e683@group-0F28B8A14D51:LeaderElection140] INFO  server.RaftServerConfigKeys (ConfUtils.java:logGet(43)) - raft.server.watch.element-limit = 65536 (default)
2019-10-14 14:58:25,465 [a0884861-8b64-4900-8d43-9348fc78e683@group-0F28B8A14D51:LeaderElection140] INFO  impl.RoleInfo (RoleInfo.java:updateAndGet(143)) - a0884861-8b64-4900-8d43-9348fc78e683: start LeaderState
2019-10-14 14:58:25,466 [a0884861-8b64-4900-8d43-9348fc78e683@group-0F28B8A14D51:LeaderElection140] INFO  segmented.SegmentedRaftLogWorker (SegmentedRaftLogWorker.java:startLogSegment(380)) - a0884861-8b64-4900-8d43-9348fc78e683@group-0F28B8A14D51-SegmentedRaftLogWorker: Starting segment from index:0
2019-10-14 14:58:25,466 [a0884861-8b64-4900-8d43-9348fc78e683@group-0F28B8A14D51:LeaderElection140] INFO  impl.RaftServerImpl (ServerState.java:setRaftConf(354)) - a0884861-8b64-4900-8d43-9348fc78e683@group-0F28B8A14D51: set configuration 0: [a0884861-8b64-4900-8d43-9348fc78e683:192.168.5.159:36871], old=null at 0
2019-10-14 14:58:25,468 [Thread-5044] INFO  impl.FollowerState (FollowerState.java:run(106)) - b765ecb1-ebfa-42dd-8a13-5b9feb228ba9:group-CE24CBCD653A changes to CANDIDATE, lastRpcTime:5017, electionTimeout:5017ms
2019-10-14 14:58:25,468 [Thread-5044] INFO  impl.RoleInfo (RoleInfo.java:shutdownFollowerState(121)) - b765ecb1-ebfa-42dd-8a13-5b9feb228ba9: shutdown FollowerState
2019-10-14 14:58:25,468 [Thread-5044] INFO  impl.RaftServerImpl (RaftServerImpl.java:setRole(174)) - b765ecb1-ebfa-42dd-8a13-5b9feb228ba9@group-CE24CBCD653A: changes role from  FOLLOWER to CANDIDATE at term 0 for changeToCandidate
2019-10-14 14:58:25,468 [Thread-5044] INFO  impl.RoleInfo (RoleInfo.java:updateAndGet(143)) - b765ecb1-ebfa-42dd-8a13-5b9feb228ba9: start LeaderElection
2019-10-14 14:58:25,510 [Thread-5054] INFO  impl.FollowerState (FollowerState.java:run(106)) - f9d9ba55-347c-42aa-b343-203ee5e29f8d:group-CB1E499B7A76 changes to CANDIDATE, lastRpcTime:5017, electionTimeout:5017ms
2019-10-14 14:58:25,510 [Thread-5054] INFO  impl.RoleInfo (RoleInfo.java:shutdownFollowerState(121)) - f9d9ba55-347c-42aa-b343-203ee5e29f8d: shutdown FollowerState
2019-10-14 14:58:25,510 [Thread-5054] INFO  impl.RaftServerImpl (RaftServerImpl.java:setRole(174)) - f9d9ba55-347c-42aa-b343-203ee5e29f8d@group-CB1E499B7A76: changes role from  FOLLOWER to CANDIDATE at term 0 for changeToCandidate
2019-10-14 14:58:25,510 [Thread-5054] INFO  impl.RoleInfo (RoleInfo.java:updateAndGet(143)) - f9d9ba55-347c-42aa-b343-203ee5e29f8d: start LeaderElection
2019-10-14 14:58:25,520 [a0884861-8b64-4900-8d43-9348fc78e683@group-0F28B8A14D51-SegmentedRaftLogWorker] INFO  segmented.SegmentedRaftLogWorker (SegmentedRaftLogWorker.java:execute(569)) - a0884861-8b64-4900-8d43-9348fc78e683@group-0F28B8A14D51-SegmentedRaftLogWorker: created new log segment /workdir/hadoop-ozone/integration-test/target/test-dir/MiniOzoneClusterImpl-aa81d3dd-6e87-4dee-8c30-8f43e5632f78/datanode-1/data/ratis/8c504ec0-a648-4bd6-a98e-0f28b8a14d51/current/log_inprogress_0
2019-10-14 14:58:25,523 [Thread-5037] INFO  impl.FollowerState (FollowerState.java:run(106)) - f9d9ba55-347c-42aa-b343-203ee5e29f8d:group-663520570865 changes to CANDIDATE, lastRpcTime:5140, electionTimeout:5140ms
2019-10-14 14:58:25,523 [Thread-5037] INFO  impl.RoleInfo (RoleInfo.java:shutdownFollowerState(121)) - f9d9ba55-347c-42aa-b343-203ee5e29f8d: shutdown FollowerState
2019-10-14 14:58:25,523 [Thread-5037] INFO  impl.RaftServerImpl (RaftServerImpl.java:setRole(174)) - f9d9ba55-347c-42aa-b343-203ee5e29f8d@group-663520570865: changes role from  FOLLOWER to CANDIDATE at term 0 for changeToCandidate
2019-10-14 14:58:25,523 [Thread-5037] INFO  impl.RoleInfo (RoleInfo.java:updateAndGet(143)) - f9d9ba55-347c-42aa-b343-203ee5e29f8d: start LeaderElection
2019-10-14 14:58:25,531 [b765ecb1-ebfa-42dd-8a13-5b9feb228ba9@group-CE24CBCD653A:LeaderElection141] INFO  impl.LeaderElection (LeaderElection.java:askForVotes(182)) - b765ecb1-ebfa-42dd-8a13-5b9feb228ba9@group-CE24CBCD653A:LeaderElection141: begin an election at term 1 for -1: [b765ecb1-ebfa-42dd-8a13-5b9feb228ba9:192.168.5.159:33315, a0884861-8b64-4900-8d43-9348fc78e683:192.168.5.159:36871, f9d9ba55-347c-42aa-b343-203ee5e29f8d:192.168.5.159:43703], old=null
2019-10-14 14:58:25,532 [f9d9ba55-347c-42aa-b343-203ee5e29f8d@group-CB1E499B7A76:LeaderElection142] INFO  impl.LeaderElection (LeaderElection.java:askForVotes(182)) - f9d9ba55-347c-42aa-b343-203ee5e29f8d@group-CB1E499B7A76:LeaderElection142: begin an election at term 1 for -1: [b765ecb1-ebfa-42dd-8a13-5b9feb228ba9:192.168.5.159:33315, df9e5f57-bd2c-4d2e-90a4-8b7d317b94ee:192.168.5.159:45002, f9d9ba55-347c-42aa-b343-203ee5e29f8d:192.168.5.159:43703], old=null
2019-10-14 14:58:25,538 [grpc-default-executor-10] INFO  impl.RaftServerImpl (RaftServerImpl.java:setRole(174)) - f9d9ba55-347c-42aa-b343-203ee5e29f8d@group-CE24CBCD653A: changes role from  FOLLOWER to FOLLOWER at term 1 for recognizeCandidate:b765ecb1-ebfa-42dd-8a13-5b9feb228ba9
2019-10-14 14:58:25,538 [grpc-default-executor-13] INFO  impl.RaftServerImpl (RaftServerImpl.java:setRole(174)) - a0884861-8b64-4900-8d43-9348fc78e683@group-CE24CBCD653A: changes role from  FOLLOWER to FOLLOWER at term 1 for recognizeCandidate:b765ecb1-ebfa-42dd-8a13-5b9feb228ba9
2019-10-14 14:58:25,538 [f9d9ba55-347c-42aa-b343-203ee5e29f8d@group-663520570865:LeaderElection143] INFO  impl.LeaderElection (LeaderElection.java:askForVotes(182)) - f9d9ba55-347c-42aa-b343-203ee5e29f8d@group-663520570865:LeaderElection143: begin an election at term 1 for -1: [f9d9ba55-347c-42aa-b343-203ee5e29f8d:192.168.5.159:43703], old=null
2019-10-14 14:58:25,538 [grpc-default-executor-10] INFO  impl.RoleInfo (RoleInfo.java:shutdownFollowerState(121)) - f9d9ba55-347c-42aa-b343-203ee5e29f8d: shutdown FollowerState
2019-10-14 14:58:25,538 [Thread-5051] INFO  impl.FollowerState (FollowerState.java:run(106)) - df9e5f57-bd2c-4d2e-90a4-8b7d317b94ee:group-CB1E499B7A76 changes to CANDIDATE, lastRpcTime:5046, electionTimeout:5045ms
2019-10-14 14:58:25,538 [grpc-default-executor-10] INFO  impl.RoleInfo (RoleInfo.java:updateAndGet(143)) - f9d9ba55-347c-42aa-b343-203ee5e29f8d: start FollowerState
2019-10-14 14:58:25,538 [f9d9ba55-347c-42aa-b343-203ee5e29f8d@group-663520570865:LeaderElection143] INFO  impl.RoleInfo (RoleInfo.java:shutdownLeaderElection(134)) - f9d9ba55-347c-42aa-b343-203ee5e29f8d: shutdown LeaderElection
2019-10-14 14:58:25,542 [f9d9ba55-347c-42aa-b343-203ee5e29f8d@group-663520570865:LeaderElection143] INFO  impl.RaftServerImpl (RaftServerImpl.java:setRole(174)) - f9d9ba55-347c-42aa-b343-203ee5e29f8d@group-663520570865: changes role from CANDIDATE to LEADER at term 1 for changeToLeader
2019-10-14 14:58:25,546 [f9d9ba55-347c-42aa-b343-203ee5e29f8d@group-663520570865:LeaderElection143] INFO  impl.RaftServerImpl (ServerState.java:setLeader(253)) - f9d9ba55-347c-42aa-b343-203ee5e29f8d@group-663520570865: change Leader from null to f9d9ba55-347c-42aa-b343-203ee5e29f8d at term 1 for becomeLeader, leader elected after 5171ms
2019-10-14 14:58:25,538 [grpc-default-executor-13] INFO  impl.RoleInfo (RoleInfo.java:shutdownFollowerState(121)) - a0884861-8b64-4900-8d43-9348fc78e683: shutdown FollowerState
2019-10-14 14:58:25,547 [f9d9ba55-347c-42aa-b343-203ee5e29f8d@group-663520570865:LeaderElection143] INFO  server.RaftServerConfigKeys (ConfUtils.java:logGet(43)) - raft.server.staging.catchup.gap = 1000 (default)
2019-10-14 14:58:25,542 [Thread-5051] INFO  impl.RoleInfo (RoleInfo.java:shutdownFollowerState(121)) - df9e5f57-bd2c-4d2e-90a4-8b7d317b94ee: shutdown FollowerState
2019-10-14 14:58:25,541 [Thread-5046] INFO  impl.FollowerState (FollowerState.java:run(115)) - f9d9ba55-347c-42aa-b343-203ee5e29f8d: FollowerState was interrupted: java.lang.InterruptedException: sleep interrupted
2019-10-14 14:58:25,541 [grpc-default-executor-5] INFO  impl.RaftServerImpl (RaftServerImpl.java:setRole(174)) - b765ecb1-ebfa-42dd-8a13-5b9feb228ba9@group-CB1E499B7A76: changes role from  FOLLOWER to FOLLOWER at term 1 for recognizeCandidate:f9d9ba55-347c-42aa-b343-203ee5e29f8d
2019-10-14 14:58:25,547 [grpc-default-executor-5] INFO  impl.RoleInfo (RoleInfo.java:shutdownFollowerState(121)) - b765ecb1-ebfa-42dd-8a13-5b9feb228ba9: shutdown FollowerState
2019-10-14 14:58:25,547 [Thread-5051] INFO  impl.RaftServerImpl (RaftServerImpl.java:setRole(174)) - df9e5f57-bd2c-4d2e-90a4-8b7d317b94ee@group-CB1E499B7A76: changes role from  FOLLOWER to CANDIDATE at term 0 for changeToCandidate
2019-10-14 14:58:25,547 [f9d9ba55-347c-42aa-b343-203ee5e29f8d@group-663520570865:LeaderElection143] INFO  server.RaftServerConfigKeys (ConfUtils.java:logGet(43)) - raft.server.rpc.sleep.time = 25ms (default)
2019-10-14 14:58:25,547 [grpc-default-executor-13] INFO  impl.RoleInfo (RoleInfo.java:updateAndGet(143)) - a0884861-8b64-4900-8d43-9348fc78e683: start FollowerState
2019-10-14 14:58:25,548 [f9d9ba55-347c-42aa-b343-203ee5e29f8d@group-663520570865:LeaderElection143] INFO  server.RaftServerConfigKeys (ConfUtils.java:logGet(43)) - raft.server.write.element-limit = 4096 (default)
2019-10-14 14:58:25,548 [Thread-5053] INFO  impl.FollowerState (FollowerState.java:run(115)) - b765ecb1-ebfa-42dd-8a13-5b9feb228ba9: FollowerState was interrupted: java.lang.InterruptedException: sleep interrupted
2019-10-14 14:58:25,548 [Thread-5051] INFO  impl.RoleInfo (RoleInfo.java:updateAndGet(143)) - df9e5f57-bd2c-4d2e-90a4-8b7d317b94ee: start LeaderElection
2019-10-14 14:58:25,548 [grpc-default-executor-5] INFO  impl.RoleInfo (RoleInfo.java:updateAndGet(143)) - b765ecb1-ebfa-42dd-8a13-5b9feb228ba9: start FollowerState
2019-10-14 14:58:25,548 [f9d9ba55-347c-42aa-b343-203ee5e29f8d@group-663520570865:LeaderElection143] INFO  server.RaftServerConfigKeys (ConfUtils.java:logGet(43)) - raft.server.watch.timeout = 10s (default)
2019-10-14 14:58:25,551 [grpc-default-executor-11] INFO  impl.RaftServerImpl (RaftServerImpl.java:setRole(174)) - df9e5f57-bd2c-4d2e-90a4-8b7d317b94ee@group-CB1E499B7A76: changes role from CANDIDATE to FOLLOWER at term 1 for recognizeCandidate:f9d9ba55-347c-42aa-b343-203ee5e29f8d
2019-10-14 14:58:25,551 [f9d9ba55-347c-42aa-b343-203ee5e29f8d@group-663520570865:LeaderElection143] INFO  server.RaftServerConfigKeys (ConfUtils.java:logGet(43)) - raft.server.watch.timeout.denomination = 1s (default)
2019-10-14 14:58:25,551 [grpc-default-executor-11] INFO  impl.RoleInfo (RoleInfo.java:shutdownLeaderElection(134)) - df9e5f57-bd2c-4d2e-90a4-8b7d317b94ee: shutdown LeaderElection
2019-10-14 14:58:25,551 [f9d9ba55-347c-42aa-b343-203ee5e29f8d@group-663520570865:LeaderElection143] INFO  server.RaftServerConfigKeys (ConfUtils.java:logGet(43)) - raft.server.watch.element-limit = 65536 (default)
2019-10-14 14:58:25,551 [grpc-default-executor-11] INFO  impl.RoleInfo (RoleInfo.java:updateAndGet(143)) - df9e5f57-bd2c-4d2e-90a4-8b7d317b94ee: start FollowerState
2019-10-14 14:58:25,553 [f9d9ba55-347c-42aa-b343-203ee5e29f8d@group-663520570865:LeaderElection143] INFO  impl.RoleInfo (RoleInfo.java:updateAndGet(143)) - f9d9ba55-347c-42aa-b343-203ee5e29f8d: start LeaderState
2019-10-14 14:58:25,553 [f9d9ba55-347c-42aa-b343-203ee5e29f8d@group-663520570865:LeaderElection143] INFO  segmented.SegmentedRaftLogWorker (SegmentedRaftLogWorker.java:startLogSegment(380)) - f9d9ba55-347c-42aa-b343-203ee5e29f8d@group-663520570865-SegmentedRaftLogWorker: Starting segment from index:0
2019-10-14 14:58:25,553 [f9d9ba55-347c-42aa-b343-203ee5e29f8d@group-663520570865:LeaderElection143] INFO  impl.RaftServerImpl (ServerState.java:setRaftConf(354)) - f9d9ba55-347c-42aa-b343-203ee5e29f8d@group-663520570865: set configuration 0: [f9d9ba55-347c-42aa-b343-203ee5e29f8d:192.168.5.159:43703], old=null at 0
2019-10-14 14:58:25,558 [b765ecb1-ebfa-42dd-8a13-5b9feb228ba9@group-CE24CBCD653A:LeaderElection141] INFO  impl.LeaderElection (LeaderElection.java:logAndReturn(56)) - b765ecb1-ebfa-42dd-8a13-5b9feb228ba9@group-CE24CBCD653A:LeaderElection141: Election PASSED; received 1 response(s) [b765ecb1-ebfa-42dd-8a13-5b9feb228ba9<-a0884861-8b64-4900-8d43-9348fc78e683#0:OK-t1] and 0 exception(s); b765ecb1-ebfa-42dd-8a13-5b9feb228ba9@group-CE24CBCD653A:t1, leader=null, voted=b765ecb1-ebfa-42dd-8a13-5b9feb228ba9, raftlog=b765ecb1-ebfa-42dd-8a13-5b9feb228ba9@group-CE24CBCD653A-SegmentedRaftLog:OPENED:c-1,f-1,i0, conf=-1: [b765ecb1-ebfa-42dd-8a13-5b9feb228ba9:192.168.5.159:33315, a0884861-8b64-4900-8d43-9348fc78e683:192.168.5.159:36871, f9d9ba55-347c-42aa-b343-203ee5e29f8d:192.168.5.159:43703], old=null
2019-10-14 14:58:25,558 [f9d9ba55-347c-42aa-b343-203ee5e29f8d@group-CB1E499B7A76:LeaderElection142] INFO  impl.LeaderElection (LeaderElection.java:logAndReturn(56)) - f9d9ba55-347c-42aa-b343-203ee5e29f8d@group-CB1E499B7A76:LeaderElection142: Election PASSED; received 2 response(s) [f9d9ba55-347c-42aa-b343-203ee5e29f8d<-b765ecb1-ebfa-42dd-8a13-5b9feb228ba9#0:OK-t1, f9d9ba55-347c-42aa-b343-203ee5e29f8d<-df9e5f57-bd2c-4d2e-90a4-8b7d317b94ee#0:FAIL-t1] and 0 exception(s); f9d9ba55-347c-42aa-b343-203ee5e29f8d@group-CB1E499B7A76:t1, leader=null, voted=f9d9ba55-347c-42aa-b343-203ee5e29f8d, raftlog=f9d9ba55-347c-42aa-b343-203ee5e29f8d@group-CB1E499B7A76-SegmentedRaftLog:OPENED:c-1,f-1,i0, conf=-1: [b765ecb1-ebfa-42dd-8a13-5b9feb228ba9:192.168.5.159:33315, df9e5f57-bd2c-4d2e-90a4-8b7d317b94ee:192.168.5.159:45002, f9d9ba55-347c-42aa-b343-203ee5e29f8d:192.168.5.159:43703], old=null
2019-10-14 14:58:25,558 [b765ecb1-ebfa-42dd-8a13-5b9feb228ba9@group-CE24CBCD653A:LeaderElection141] INFO  impl.RoleInfo (RoleInfo.java:shutdownLeaderElection(134)) - b765ecb1-ebfa-42dd-8a13-5b9feb228ba9: shutdown LeaderElection
2019-10-14 14:58:25,558 [f9d9ba55-347c-42aa-b343-203ee5e29f8d@group-CB1E499B7A76:LeaderElection142] INFO  impl.RoleInfo (RoleInfo.java:shutdownLeaderElection(134)) - f9d9ba55-347c-42aa-b343-203ee5e29f8d: shutdown LeaderElection
2019-10-14 14:58:25,559 [b765ecb1-ebfa-42dd-8a13-5b9feb228ba9@group-CE24CBCD653A:LeaderElection141] INFO  impl.RaftServerImpl (RaftServerImpl.java:setRole(174)) - b765ecb1-ebfa-42dd-8a13-5b9feb228ba9@group-CE24CBCD653A: changes role from CANDIDATE to LEADER at term 1 for changeToLeader
2019-10-14 14:58:25,559 [f9d9ba55-347c-42aa-b343-203ee5e29f8d@group-CB1E499B7A76:LeaderElection142] INFO  impl.RaftServerImpl (RaftServerImpl.java:setRole(174)) - f9d9ba55-347c-42aa-b343-203ee5e29f8d@group-CB1E499B7A76: changes role from CANDIDATE to LEADER at term 1 for changeToLeader
2019-10-14 14:58:25,559 [b765ecb1-ebfa-42dd-8a13-5b9feb228ba9@group-CE24CBCD653A:LeaderElection141] INFO  impl.RaftServerImpl (ServerState.java:setLeader(253)) - b765ecb1-ebfa-42dd-8a13-5b9feb228ba9@group-CE24CBCD653A: change Leader from null to b765ecb1-ebfa-42dd-8a13-5b9feb228ba9 at term 1 for becomeLeader, leader elected after 5117ms
2019-10-14 14:58:25,559 [f9d9ba55-347c-42aa-b343-203ee5e29f8d@group-CB1E499B7A76:LeaderElection142] INFO  impl.RaftServerImpl (ServerState.java:setLeader(253)) - f9d9ba55-347c-42aa-b343-203ee5e29f8d@group-CB1E499B7A76: change Leader from null to f9d9ba55-347c-42aa-b343-203ee5e29f8d at term 1 for becomeLeader, leader elected after 5076ms
2019-10-14 14:58:25,559 [b765ecb1-ebfa-42dd-8a13-5b9feb228ba9@group-CE24CBCD653A:LeaderElection141] INFO  server.RaftServerConfigKeys (ConfUtils.java:logGet(43)) - raft.server.staging.catchup.gap = 1000 (default)
2019-10-14 14:58:25,559 [f9d9ba55-347c-42aa-b343-203ee5e29f8d@group-CB1E499B7A76:LeaderElection142] INFO  server.RaftServerConfigKeys (ConfUtils.java:logGet(43)) - raft.server.staging.catchup.gap = 1000 (default)
2019-10-14 14:58:25,559 [b765ecb1-ebfa-42dd-8a13-5b9feb228ba9@group-CE24CBCD653A:LeaderElection141] INFO  server.RaftServerConfigKeys (ConfUtils.java:logGet(43)) - raft.server.rpc.sleep.time = 25ms (default)
2019-10-14 14:58:25,559 [f9d9ba55-347c-42aa-b343-203ee5e29f8d@group-CB1E499B7A76:LeaderElection142] INFO  server.RaftServerConfigKeys (ConfUtils.java:logGet(43)) - raft.server.rpc.sleep.time = 25ms (default)
2019-10-14 14:58:25,560 [b765ecb1-ebfa-42dd-8a13-5b9feb228ba9@group-CE24CBCD653A:LeaderElection141] INFO  server.RaftServerConfigKeys (ConfUtils.java:logGet(43)) - raft.server.write.element-limit = 4096 (default)
2019-10-14 14:58:25,560 [f9d9ba55-347c-42aa-b343-203ee5e29f8d@group-CB1E499B7A76:LeaderElection142] INFO  server.RaftServerConfigKeys (ConfUtils.java:logGet(43)) - raft.server.write.element-limit = 4096 (default)
2019-10-14 14:58:25,560 [b765ecb1-ebfa-42dd-8a13-5b9feb228ba9@group-CE24CBCD653A:LeaderElection141] INFO  server.RaftServerConfigKeys (ConfUtils.java:logGet(43)) - raft.server.watch.timeout = 10s (default)
2019-10-14 14:58:25,560 [f9d9ba55-347c-42aa-b343-203ee5e29f8d@group-CB1E499B7A76:LeaderElection142] INFO  server.RaftServerConfigKeys (ConfUtils.java:logGet(43)) - raft.server.watch.timeout = 10s (default)
2019-10-14 14:58:25,560 [b765ecb1-ebfa-42dd-8a13-5b9feb228ba9@group-CE24CBCD653A:LeaderElection141] INFO  server.RaftServerConfigKeys (ConfUtils.java:logGet(43)) - raft.server.watch.timeout.denomination = 1s (default)
2019-10-14 14:58:25,560 [f9d9ba55-347c-42aa-b343-203ee5e29f8d@group-CB1E499B7A76:LeaderElection142] INFO  server.RaftServerConfigKeys (ConfUtils.java:logGet(43)) - raft.server.watch.timeout.denomination = 1s (default)
2019-10-14 14:58:25,560 [b765ecb1-ebfa-42dd-8a13-5b9feb228ba9@group-CE24CBCD653A:LeaderElection141] INFO  server.RaftServerConfigKeys (ConfUtils.java:logGet(43)) - raft.server.watch.element-limit = 65536 (default)
2019-10-14 14:58:25,560 [f9d9ba55-347c-42aa-b343-203ee5e29f8d@group-CB1E499B7A76:LeaderElection142] INFO  server.RaftServerConfigKeys (ConfUtils.java:logGet(43)) - raft.server.watch.element-limit = 65536 (default)
2019-10-14 14:58:25,564 [f9d9ba55-347c-42aa-b343-203ee5e29f8d@group-CB1E499B7A76:LeaderElection142] INFO  server.RaftServerConfigKeys (ConfUtils.java:logGet(43)) - raft.server.log.appender.snapshot.chunk.size.max = 16MB (=16777216) (default)
2019-10-14 14:58:25,564 [b765ecb1-ebfa-42dd-8a13-5b9feb228ba9@group-CE24CBCD653A:LeaderElection141] INFO  server.RaftServerConfigKeys (ConfUtils.java:logGet(43)) - raft.server.log.appender.snapshot.chunk.size.max = 16MB (=16777216) (default)
2019-10-14 14:58:25,564 [f9d9ba55-347c-42aa-b343-203ee5e29f8d@group-CB1E499B7A76:LeaderElection142] INFO  server.RaftServerConfigKeys (ConfUtils.java:logGet(43)) - raft.server.log.appender.buffer.byte-limit = 33554432 (custom)
2019-10-14 14:58:25,564 [b765ecb1-ebfa-42dd-8a13-5b9feb228ba9@group-CE24CBCD653A:LeaderElection141] INFO  server.RaftServerConfigKeys (ConfUtils.java:logGet(43)) - raft.server.log.appender.buffer.byte-limit = 33554432 (custom)
2019-10-14 14:58:25,564 [f9d9ba55-347c-42aa-b343-203ee5e29f8d@group-CB1E499B7A76:LeaderElection142] INFO  server.RaftServerConfigKeys (ConfUtils.java:logGet(43)) - raft.server.log.appender.buffer.element-limit = 1 (custom)
2019-10-14 14:58:25,565 [b765ecb1-ebfa-42dd-8a13-5b9feb228ba9@group-CE24CBCD653A:LeaderElection141] INFO  server.RaftServerConfigKeys (ConfUtils.java:logGet(43)) - raft.server.log.appender.buffer.element-limit = 1 (custom)
2019-10-14 14:58:25,565 [f9d9ba55-347c-42aa-b343-203ee5e29f8d@group-CB1E499B7A76:LeaderElection142] INFO  grpc.GrpcConfigKeys$Server (ConfUtils.java:logGet(43)) - raft.grpc.server.leader.outstanding.appends.max = 128 (default)
2019-10-14 14:58:25,565 [b765ecb1-ebfa-42dd-8a13-5b9feb228ba9@group-CE24CBCD653A:LeaderElection141] INFO  grpc.GrpcConfigKeys$Server (ConfUtils.java:logGet(43)) - raft.grpc.server.leader.outstanding.appends.max = 128 (default)
2019-10-14 14:58:25,565 [f9d9ba55-347c-42aa-b343-203ee5e29f8d@group-CB1E499B7A76:LeaderElection142] INFO  server.RaftServerConfigKeys (ConfUtils.java:logGet(43)) - raft.server.rpc.request.timeout = 3000ms (default)
2019-10-14 14:58:25,565 [b765ecb1-ebfa-42dd-8a13-5b9feb228ba9@group-CE24CBCD653A:LeaderElection141] INFO  server.RaftServerConfigKeys (ConfUtils.java:logGet(43)) - raft.server.rpc.request.timeout = 3000ms (default)
2019-10-14 14:58:25,565 [f9d9ba55-347c-42aa-b343-203ee5e29f8d@group-CB1E499B7A76:LeaderElection142] INFO  server.RaftServerConfigKeys (ConfUtils.java:logGet(43)) - raft.server.log.appender.install.snapshot.enabled = false (custom)
2019-10-14 14:58:25,566 [b765ecb1-ebfa-42dd-8a13-5b9feb228ba9@group-CE24CBCD653A:LeaderElection141] INFO  server.RaftServerConfigKeys (ConfUtils.java:logGet(43)) - raft.server.log.appender.install.snapshot.enabled = false (custom)
2019-10-14 14:58:25,566 [f9d9ba55-347c-42aa-b343-203ee5e29f8d@group-CB1E499B7A76:LeaderElection142] INFO  server.RaftServerConfigKeys (ConfUtils.java:logGet(43)) - raft.server.log.appender.snapshot.chunk.size.max = 16MB (=16777216) (default)
2019-10-14 14:58:25,566 [b765ecb1-ebfa-42dd-8a13-5b9feb228ba9@group-CE24CBCD653A:LeaderElection141] INFO  server.RaftServerConfigKeys (ConfUtils.java:logGet(43)) - raft.server.log.appender.snapshot.chunk.size.max = 16MB (=16777216) (default)
2019-10-14 14:58:25,566 [f9d9ba55-347c-42aa-b343-203ee5e29f8d@group-CB1E499B7A76:LeaderElection142] INFO  server.RaftServerConfigKeys (ConfUtils.java:logGet(43)) - raft.server.log.appender.buffer.byte-limit = 33554432 (custom)
2019-10-14 14:58:25,566 [b765ecb1-ebfa-42dd-8a13-5b9feb228ba9@group-CE24CBCD653A:LeaderElection141] INFO  server.RaftServerConfigKeys (ConfUtils.java:logGet(43)) - raft.server.log.appender.buffer.byte-limit = 33554432 (custom)
2019-10-14 14:58:25,567 [f9d9ba55-347c-42aa-b343-203ee5e29f8d@group-CB1E499B7A76:LeaderElection142] INFO  server.RaftServerConfigKeys (ConfUtils.java:logGet(43)) - raft.server.log.appender.buffer.element-limit = 1 (custom)
2019-10-14 14:58:25,567 [b765ecb1-ebfa-42dd-8a13-5b9feb228ba9@group-CE24CBCD653A:LeaderElection141] INFO  server.RaftServerConfigKeys (ConfUtils.java:logGet(43)) - raft.server.log.appender.buffer.element-limit = 1 (custom)
2019-10-14 14:58:25,567 [f9d9ba55-347c-42aa-b343-203ee5e29f8d@group-CB1E499B7A76:LeaderElection142] INFO  grpc.GrpcConfigKeys$Server (ConfUtils.java:logGet(43)) - raft.grpc.server.leader.outstanding.appends.max = 128 (default)
2019-10-14 14:58:25,567 [b765ecb1-ebfa-42dd-8a13-5b9feb228ba9@group-CE24CBCD653A:LeaderElection141] INFO  grpc.GrpcConfigKeys$Server (ConfUtils.java:logGet(43)) - raft.grpc.server.leader.outstanding.appends.max = 128 (default)
2019-10-14 14:58:25,567 [f9d9ba55-347c-42aa-b343-203ee5e29f8d@group-CB1E499B7A76:LeaderElection142] INFO  server.RaftServerConfigKeys (ConfUtils.java:logGet(43)) - raft.server.rpc.request.timeout = 3000ms (default)
2019-10-14 14:58:25,567 [b765ecb1-ebfa-42dd-8a13-5b9feb228ba9@group-CE24CBCD653A:LeaderElection141] INFO  server.RaftServerConfigKeys (ConfUtils.java:logGet(43)) - raft.server.rpc.request.timeout = 3000ms (default)
2019-10-14 14:58:25,568 [f9d9ba55-347c-42aa-b343-203ee5e29f8d@group-CB1E499B7A76:LeaderElection142] INFO  server.RaftServerConfigKeys (ConfUtils.java:logGet(43)) - raft.server.log.appender.install.snapshot.enabled = false (custom)
2019-10-14 14:58:25,568 [b765ecb1-ebfa-42dd-8a13-5b9feb228ba9@group-CE24CBCD653A:LeaderElection141] INFO  server.RaftServerConfigKeys (ConfUtils.java:logGet(43)) - raft.server.log.appender.install.snapshot.enabled = false (custom)
2019-10-14 14:58:25,568 [f9d9ba55-347c-42aa-b343-203ee5e29f8d@group-CB1E499B7A76:LeaderElection142] INFO  impl.RoleInfo (RoleInfo.java:updateAndGet(143)) - f9d9ba55-347c-42aa-b343-203ee5e29f8d: start LeaderState
2019-10-14 14:58:25,568 [b765ecb1-ebfa-42dd-8a13-5b9feb228ba9@group-CE24CBCD653A:LeaderElection141] INFO  impl.RoleInfo (RoleInfo.java:updateAndGet(143)) - b765ecb1-ebfa-42dd-8a13-5b9feb228ba9: start LeaderState
2019-10-14 14:58:25,568 [f9d9ba55-347c-42aa-b343-203ee5e29f8d@group-CB1E499B7A76:LeaderElection142] INFO  segmented.SegmentedRaftLogWorker (SegmentedRaftLogWorker.java:startLogSegment(380)) - f9d9ba55-347c-42aa-b343-203ee5e29f8d@group-CB1E499B7A76-SegmentedRaftLogWorker: Starting segment from index:0
2019-10-14 14:58:25,568 [b765ecb1-ebfa-42dd-8a13-5b9feb228ba9@group-CE24CBCD653A:LeaderElection141] INFO  segmented.SegmentedRaftLogWorker (SegmentedRaftLogWorker.java:startLogSegment(380)) - b765ecb1-ebfa-42dd-8a13-5b9feb228ba9@group-CE24CBCD653A-SegmentedRaftLogWorker: Starting segment from index:0
2019-10-14 14:58:25,569 [f9d9ba55-347c-42aa-b343-203ee5e29f8d@group-CB1E499B7A76:LeaderElection142] INFO  impl.RaftServerImpl (ServerState.java:setRaftConf(354)) - f9d9ba55-347c-42aa-b343-203ee5e29f8d@group-CB1E499B7A76: set configuration 0: [b765ecb1-ebfa-42dd-8a13-5b9feb228ba9:192.168.5.159:33315, df9e5f57-bd2c-4d2e-90a4-8b7d317b94ee:192.168.5.159:45002, f9d9ba55-347c-42aa-b343-203ee5e29f8d:192.168.5.159:43703], old=null at 0
2019-10-14 14:58:25,570 [b765ecb1-ebfa-42dd-8a13-5b9feb228ba9@group-CE24CBCD653A:LeaderElection141] INFO  impl.RaftServerImpl (ServerState.java:setRaftConf(354)) - b765ecb1-ebfa-42dd-8a13-5b9feb228ba9@group-CE24CBCD653A: set configuration 0: [b765ecb1-ebfa-42dd-8a13-5b9feb228ba9:192.168.5.159:33315, a0884861-8b64-4900-8d43-9348fc78e683:192.168.5.159:36871, f9d9ba55-347c-42aa-b343-203ee5e29f8d:192.168.5.159:43703], old=null at 0
2019-10-14 14:58:25,607 [grpc-default-executor-13] INFO  impl.RaftServerImpl (ServerState.java:setLeader(253)) - f9d9ba55-347c-42aa-b343-203ee5e29f8d@group-CE24CBCD653A: change Leader from null to b765ecb1-ebfa-42dd-8a13-5b9feb228ba9 at term 1 for appendEntries, leader elected after 5166ms
2019-10-14 14:58:25,608 [df9e5f57-bd2c-4d2e-90a4-8b7d317b94ee@group-CB1E499B7A76:LeaderElection144] INFO  impl.LeaderElection (LeaderElection.java:askForVotes(182)) - df9e5f57-bd2c-4d2e-90a4-8b7d317b94ee@group-CB1E499B7A76:LeaderElection144: begin an election at term 2 for -1: [b765ecb1-ebfa-42dd-8a13-5b9feb228ba9:192.168.5.159:33315, df9e5f57-bd2c-4d2e-90a4-8b7d317b94ee:192.168.5.159:45002, f9d9ba55-347c-42aa-b343-203ee5e29f8d:192.168.5.159:43703], old=null
2019-10-14 14:58:25,608 [grpc-default-executor-10] INFO  impl.RaftServerImpl (ServerState.java:setLeader(253)) - a0884861-8b64-4900-8d43-9348fc78e683@group-CE24CBCD653A: change Leader from null to b765ecb1-ebfa-42dd-8a13-5b9feb228ba9 at term 1 for appendEntries, leader elected after 5167ms
2019-10-14 14:58:25,609 [df9e5f57-bd2c-4d2e-90a4-8b7d317b94ee@group-CB1E499B7A76:LeaderElection144] INFO  impl.LeaderElection (LeaderElection.java:logAndReturn(56)) - df9e5f57-bd2c-4d2e-90a4-8b7d317b94ee@group-CB1E499B7A76:LeaderElection144: Election REJECTED; received 0 response(s) [] and 0 exception(s); df9e5f57-bd2c-4d2e-90a4-8b7d317b94ee@group-CB1E499B7A76:t2, leader=null, voted=df9e5f57-bd2c-4d2e-90a4-8b7d317b94ee, raftlog=df9e5f57-bd2c-4d2e-90a4-8b7d317b94ee@group-CB1E499B7A76-SegmentedRaftLog:OPENED:c-1,f-1,i0, conf=-1: [b765ecb1-ebfa-42dd-8a13-5b9feb228ba9:192.168.5.159:33315, df9e5f57-bd2c-4d2e-90a4-8b7d317b94ee:192.168.5.159:45002, f9d9ba55-347c-42aa-b343-203ee5e29f8d:192.168.5.159:43703], old=null
2019-10-14 14:58:25,610 [Thread-5129] INFO  impl.RaftServerImpl (ServerState.java:setLeader(253)) - f9d9ba55-347c-42aa-b343-203ee5e29f8d@group-CB1E499B7A76: change Leader from f9d9ba55-347c-42aa-b343-203ee5e29f8d to null at term 2 for updateCurrentTerm
2019-10-14 14:58:25,610 [Thread-5129] INFO  impl.RaftServerImpl (RaftServerImpl.java:setRole(174)) - f9d9ba55-347c-42aa-b343-203ee5e29f8d@group-CB1E499B7A76: changes role from    LEADER to FOLLOWER at term 2 for stepDown
2019-10-14 14:58:25,610 [Thread-5129] INFO  impl.RoleInfo (RoleInfo.java:shutdownLeaderState(104)) - f9d9ba55-347c-42aa-b343-203ee5e29f8d: shutdown LeaderState
2019-10-14 14:58:25,615 [org.apache.ratis.server.impl.LogAppender$AppenderDaemon$$Lambda$493/842312419@c5ea79] WARN  server.GrpcLogAppender (GrpcLogAppender.java:mayWait(143)) - f9d9ba55-347c-42aa-b343-203ee5e29f8d@group-CB1E499B7A76->df9e5f57-bd2c-4d2e-90a4-8b7d317b94ee-GrpcLogAppender: Wait interrupted by java.lang.InterruptedException
2019-10-14 14:58:25,615 [Thread-5129] INFO  impl.PendingRequests (PendingRequests.java:sendNotLeaderResponses(202)) - f9d9ba55-347c-42aa-b343-203ee5e29f8d-PendingRequests: sendNotLeaderResponses
2019-10-14 14:58:25,618 [grpc-default-executor-13] INFO  impl.RaftServerImpl (ServerState.java:setLeader(253)) - b765ecb1-ebfa-42dd-8a13-5b9feb228ba9@group-CB1E499B7A76: change Leader from null to f9d9ba55-347c-42aa-b343-203ee5e29f8d at term 1 for appendEntries, leader elected after 5135ms
2019-10-14 14:58:25,618 [org.apache.ratis.server.impl.LogAppender$AppenderDaemon$$Lambda$493/842312419@51230a56] WARN  server.GrpcLogAppender (GrpcLogAppender.java:mayWait(143)) - f9d9ba55-347c-42aa-b343-203ee5e29f8d@group-CB1E499B7A76->b765ecb1-ebfa-42dd-8a13-5b9feb228ba9-GrpcLogAppender: Wait interrupted by java.lang.InterruptedException
2019-10-14 14:58:25,618 [grpc-default-executor-11] INFO  impl.RaftServerImpl (ServerState.java:setRaftConf(354)) - f9d9ba55-347c-42aa-b343-203ee5e29f8d@group-CE24CBCD653A: set configuration 0: [b765ecb1-ebfa-42dd-8a13-5b9feb228ba9:192.168.5.159:33315, a0884861-8b64-4900-8d43-9348fc78e683:192.168.5.159:36871, f9d9ba55-347c-42aa-b343-203ee5e29f8d:192.168.5.159:43703], old=null at 0
2019-10-14 14:58:25,618 [Thread-5129] INFO  impl.RoleInfo (RoleInfo.java:updateAndGet(143)) - f9d9ba55-347c-42aa-b343-203ee5e29f8d: start FollowerState
2019-10-14 14:58:25,618 [grpc-default-executor-10] INFO  server.GrpcServerProtocolService (GrpcServerProtocolService.java:onCompleted(113)) - df9e5f57-bd2c-4d2e-90a4-8b7d317b94ee: Completed APPEND_ENTRIES, lastRequest: f9d9ba55-347c-42aa-b343-203ee5e29f8d->df9e5f57-bd2c-4d2e-90a4-8b7d317b94ee#0-t1, previous=(t:0, i:0), leaderCommit=-1, initializing? false, entries: <empty>
2019-10-14 14:58:25,619 [grpc-default-executor-5] INFO  impl.RaftServerImpl (ServerState.java:setLeader(253)) - b765ecb1-ebfa-42dd-8a13-5b9feb228ba9@group-CB1E499B7A76: change Leader from f9d9ba55-347c-42aa-b343-203ee5e29f8d to null at term 2 for updateCurrentTerm
2019-10-14 14:58:25,618 [grpc-default-executor-13] INFO  server.GrpcServerProtocolService (GrpcServerProtocolService.java:onCompleted(113)) - b765ecb1-ebfa-42dd-8a13-5b9feb228ba9: Completed APPEND_ENTRIES, lastRequest: f9d9ba55-347c-42aa-b343-203ee5e29f8d->b765ecb1-ebfa-42dd-8a13-5b9feb228ba9#0-t1, previous=(t:0, i:0), leaderCommit=-1, initializing? false, entries: <empty>
2019-10-14 14:58:25,618 [grpc-default-executor-11] INFO  segmented.SegmentedRaftLogWorker (SegmentedRaftLogWorker.java:startLogSegment(380)) - f9d9ba55-347c-42aa-b343-203ee5e29f8d@group-CE24CBCD653A-SegmentedRaftLogWorker: Starting segment from index:0
2019-10-14 14:58:25,619 [grpc-default-executor-10] INFO  server.GrpcLogAppender (GrpcLogAppender.java:onCompleted(293)) - f9d9ba55-347c-42aa-b343-203ee5e29f8d@group-CB1E499B7A76->df9e5f57-bd2c-4d2e-90a4-8b7d317b94ee-AppendLogResponseHandler: follower responses appendEntries COMPLETED
2019-10-14 14:58:25,619 [grpc-default-executor-5] INFO  impl.RaftServerImpl (RaftServerImpl.java:setRole(174)) - b765ecb1-ebfa-42dd-8a13-5b9feb228ba9@group-CB1E499B7A76: changes role from  FOLLOWER to FOLLOWER at term 2 for recognizeCandidate:df9e5f57-bd2c-4d2e-90a4-8b7d317b94ee
2019-10-14 14:58:25,620 [grpc-default-executor-11] INFO  impl.RaftServerImpl (ServerState.java:setRaftConf(354)) - a0884861-8b64-4900-8d43-9348fc78e683@group-CE24CBCD653A: set configuration 0: [b765ecb1-ebfa-42dd-8a13-5b9feb228ba9:192.168.5.159:33315, a0884861-8b64-4900-8d43-9348fc78e683:192.168.5.159:36871, f9d9ba55-347c-42aa-b343-203ee5e29f8d:192.168.5.159:43703], old=null at 0
2019-10-14 14:58:25,619 [grpc-default-executor-10] INFO  impl.FollowerInfo (FollowerInfo.java:lambda$new$0(51)) - f9d9ba55-347c-42aa-b343-203ee5e29f8d@group-CB1E499B7A76->df9e5f57-bd2c-4d2e-90a4-8b7d317b94ee: nextIndex: updateUnconditionally 0 -> 0
2019-10-14 14:58:25,619 [grpc-default-executor-14] INFO  server.GrpcLogAppender (GrpcLogAppender.java:onCompleted(293)) - f9d9ba55-347c-42aa-b343-203ee5e29f8d@group-CB1E499B7A76->b765ecb1-ebfa-42dd-8a13-5b9feb228ba9-AppendLogResponseHandler: follower responses appendEntries COMPLETED
2019-10-14 14:58:25,620 [f9d9ba55-347c-42aa-b343-203ee5e29f8d@group-663520570865-SegmentedRaftLogWorker] INFO  segmented.SegmentedRaftLogWorker (SegmentedRaftLogWorker.java:execute(569)) - f9d9ba55-347c-42aa-b343-203ee5e29f8d@group-663520570865-SegmentedRaftLogWorker: created new log segment /workdir/hadoop-ozone/integration-test/target/test-dir/MiniOzoneClusterImpl-aa81d3dd-6e87-4dee-8c30-8f43e5632f78/datanode-2/data/ratis/cb690736-d3ed-410e-a2a7-663520570865/current/log_inprogress_0
2019-10-14 14:58:25,620 [b765ecb1-ebfa-42dd-8a13-5b9feb228ba9@group-CE24CBCD653A-SegmentedRaftLogWorker] INFO  segmented.SegmentedRaftLogWorker (SegmentedRaftLogWorker.java:execute(569)) - b765ecb1-ebfa-42dd-8a13-5b9feb228ba9@group-CE24CBCD653A-SegmentedRaftLogWorker: created new log segment /workdir/hadoop-ozone/integration-test/target/test-dir/MiniOzoneClusterImpl-aa81d3dd-6e87-4dee-8c30-8f43e5632f78/datanode-0/data/ratis/979f4544-869a-4521-b365-ce24cbcd653a/current/log_inprogress_0
2019-10-14 14:58:25,620 [f9d9ba55-347c-42aa-b343-203ee5e29f8d@group-CB1E499B7A76-SegmentedRaftLogWorker] INFO  segmented.SegmentedRaftLogWorker (SegmentedRaftLogWorker.java:execute(569)) - f9d9ba55-347c-42aa-b343-203ee5e29f8d@group-CB1E499B7A76-SegmentedRaftLogWorker: created new log segment /workdir/hadoop-ozone/integration-test/target/test-dir/MiniOzoneClusterImpl-aa81d3dd-6e87-4dee-8c30-8f43e5632f78/datanode-2/data/ratis/da99b8bf-1d40-44bd-b278-cb1e499b7a76/current/log_inprogress_0
2019-10-14 14:58:25,620 [grpc-default-executor-11] INFO  segmented.SegmentedRaftLogWorker (SegmentedRaftLogWorker.java:startLogSegment(380)) - a0884861-8b64-4900-8d43-9348fc78e683@group-CE24CBCD653A-SegmentedRaftLogWorker: Starting segment from index:0
2019-10-14 14:58:25,620 [grpc-default-executor-5] INFO  impl.RoleInfo (RoleInfo.java:shutdownFollowerState(121)) - b765ecb1-ebfa-42dd-8a13-5b9feb228ba9: shutdown FollowerState
2019-10-14 14:58:25,621 [grpc-default-executor-5] INFO  impl.RoleInfo (RoleInfo.java:updateAndGet(143)) - b765ecb1-ebfa-42dd-8a13-5b9feb228ba9: start FollowerState
2019-10-14 14:58:25,620 [grpc-default-executor-14] INFO  impl.FollowerInfo (FollowerInfo.java:lambda$new$0(51)) - f9d9ba55-347c-42aa-b343-203ee5e29f8d@group-CB1E499B7A76->b765ecb1-ebfa-42dd-8a13-5b9feb228ba9: nextIndex: updateUnconditionally 0 -> 0
2019-10-14 14:58:25,621 [Thread-5124] INFO  impl.FollowerState (FollowerState.java:run(115)) - b765ecb1-ebfa-42dd-8a13-5b9feb228ba9: FollowerState was interrupted: java.lang.InterruptedException: sleep interrupted
2019-10-14 14:58:25,635 [grpc-default-executor-8] INFO  impl.RaftServerImpl (RaftServerImpl.java:setRole(174)) - f9d9ba55-347c-42aa-b343-203ee5e29f8d@group-CB1E499B7A76: changes role from  FOLLOWER to FOLLOWER at term 2 for recognizeCandidate:df9e5f57-bd2c-4d2e-90a4-8b7d317b94ee
2019-10-14 14:58:25,656 [grpc-default-executor-8] INFO  impl.RoleInfo (RoleInfo.java:shutdownFollowerState(121)) - f9d9ba55-347c-42aa-b343-203ee5e29f8d: shutdown FollowerState
2019-10-14 14:58:25,656 [grpc-default-executor-8] INFO  impl.RoleInfo (RoleInfo.java:updateAndGet(143)) - f9d9ba55-347c-42aa-b343-203ee5e29f8d: start FollowerState
2019-10-14 14:58:25,656 [Thread-5142] INFO  impl.FollowerState (FollowerState.java:run(115)) - f9d9ba55-347c-42aa-b343-203ee5e29f8d: FollowerState was interrupted: java.lang.InterruptedException: sleep interrupted
2019-10-14 14:58:25,668 [f9d9ba55-347c-42aa-b343-203ee5e29f8d@group-CE24CBCD653A-SegmentedRaftLogWorker] INFO  segmented.SegmentedRaftLogWorker (SegmentedRaftLogWorker.java:execute(569)) - f9d9ba55-347c-42aa-b343-203ee5e29f8d@group-CE24CBCD653A-SegmentedRaftLogWorker: created new log segment /workdir/hadoop-ozone/integration-test/target/test-dir/MiniOzoneClusterImpl-aa81d3dd-6e87-4dee-8c30-8f43e5632f78/datanode-2/data/ratis/979f4544-869a-4521-b365-ce24cbcd653a/current/log_inprogress_0
2019-10-14 14:58:25,668 [a0884861-8b64-4900-8d43-9348fc78e683@group-CE24CBCD653A-SegmentedRaftLogWorker] INFO  segmented.SegmentedRaftLogWorker (SegmentedRaftLogWorker.java:execute(569)) - a0884861-8b64-4900-8d43-9348fc78e683@group-CE24CBCD653A-SegmentedRaftLogWorker: created new log segment /workdir/hadoop-ozone/integration-test/target/test-dir/MiniOzoneClusterImpl-aa81d3dd-6e87-4dee-8c30-8f43e5632f78/datanode-1/data/ratis/979f4544-869a-4521-b365-ce24cbcd653a/current/log_inprogress_0
2019-10-14 14:58:25,676 [Thread-5067] INFO  impl.FollowerState (FollowerState.java:run(106)) - df9e5f57-bd2c-4d2e-90a4-8b7d317b94ee:group-D1BD67AB2F3F changes to CANDIDATE, lastRpcTime:5082, electionTimeout:5082ms
2019-10-14 14:58:25,677 [Thread-5067] INFO  impl.RoleInfo (RoleInfo.java:shutdownFollowerState(121)) - df9e5f57-bd2c-4d2e-90a4-8b7d317b94ee: shutdown FollowerState
2019-10-14 14:58:25,677 [Thread-5067] INFO  impl.RaftServerImpl (RaftServerImpl.java:setRole(174)) - df9e5f57-bd2c-4d2e-90a4-8b7d317b94ee@group-D1BD67AB2F3F: changes role from  FOLLOWER to CANDIDATE at term 0 for changeToCandidate
2019-10-14 14:58:25,677 [Thread-5067] INFO  impl.RoleInfo (RoleInfo.java:updateAndGet(143)) - df9e5f57-bd2c-4d2e-90a4-8b7d317b94ee: start LeaderElection
2019-10-14 14:58:25,684 [Thread-5060] INFO  impl.FollowerState (FollowerState.java:run(106)) - a0884861-8b64-4900-8d43-9348fc78e683:group-F1B0E408E5D3 changes to CANDIDATE, lastRpcTime:5144, electionTimeout:5144ms
2019-10-14 14:58:25,684 [Thread-5060] INFO  impl.RoleInfo (RoleInfo.java:shutdownFollowerState(121)) - a0884861-8b64-4900-8d43-9348fc78e683: shutdown FollowerState
2019-10-14 14:58:25,684 [Thread-5060] INFO  impl.RaftServerImpl (RaftServerImpl.java:setRole(174)) - a0884861-8b64-4900-8d43-9348fc78e683@group-F1B0E408E5D3: changes role from  FOLLOWER to CANDIDATE at term 0 for changeToCandidate
2019-10-14 14:58:25,684 [Thread-5060] INFO  impl.RoleInfo (RoleInfo.java:updateAndGet(143)) - a0884861-8b64-4900-8d43-9348fc78e683: start LeaderElection
2019-10-14 14:58:25,691 [Thread-5062] INFO  impl.FollowerState (FollowerState.java:run(106)) - df9e5f57-bd2c-4d2e-90a4-8b7d317b94ee:group-F1B0E408E5D3 changes to CANDIDATE, lastRpcTime:5150, electionTimeout:5150ms
2019-10-14 14:58:25,691 [Thread-5062] INFO  impl.RoleInfo (RoleInfo.java:shutdownFollowerState(121)) - df9e5f57-bd2c-4d2e-90a4-8b7d317b94ee: shutdown FollowerState
2019-10-14 14:58:25,691 [Thread-5062] INFO  impl.RaftServerImpl (RaftServerImpl.java:setRole(174)) - df9e5f57-bd2c-4d2e-90a4-8b7d317b94ee@group-F1B0E408E5D3: changes role from  FOLLOWER to CANDIDATE at term 0 for changeToCandidate
2019-10-14 14:58:25,691 [Thread-5062] INFO  impl.RoleInfo (RoleInfo.java:updateAndGet(143)) - df9e5f57-bd2c-4d2e-90a4-8b7d317b94ee: start LeaderElection
2019-10-14 14:58:25,695 [df9e5f57-bd2c-4d2e-90a4-8b7d317b94ee@group-D1BD67AB2F3F:LeaderElection145] INFO  impl.LeaderElection (LeaderElection.java:askForVotes(182)) - df9e5f57-bd2c-4d2e-90a4-8b7d317b94ee@group-D1BD67AB2F3F:LeaderElection145: begin an election at term 1 for -1: [df9e5f57-bd2c-4d2e-90a4-8b7d317b94ee:192.168.5.159:45002], old=null
2019-10-14 14:58:25,695 [a0884861-8b64-4900-8d43-9348fc78e683@group-F1B0E408E5D3:LeaderElection146] INFO  impl.LeaderElection (LeaderElection.java:askForVotes(182)) - a0884861-8b64-4900-8d43-9348fc78e683@group-F1B0E408E5D3:LeaderElection146: begin an election at term 1 for -1: [df9e5f57-bd2c-4d2e-90a4-8b7d317b94ee:192.168.5.159:45002, a0884861-8b64-4900-8d43-9348fc78e683:192.168.5.159:36871, 7cf7e218-75a7-48f9-af97-c86dcc9fa8bb:192.168.5.159:39572], old=null
2019-10-14 14:58:25,695 [df9e5f57-bd2c-4d2e-90a4-8b7d317b94ee@group-D1BD67AB2F3F:LeaderElection145] INFO  impl.RoleInfo (RoleInfo.java:shutdownLeaderElection(134)) - df9e5f57-bd2c-4d2e-90a4-8b7d317b94ee: shutdown LeaderElection
2019-10-14 14:58:25,695 [df9e5f57-bd2c-4d2e-90a4-8b7d317b94ee@group-D1BD67AB2F3F:LeaderElection145] INFO  impl.RaftServerImpl (RaftServerImpl.java:setRole(174)) - df9e5f57-bd2c-4d2e-90a4-8b7d317b94ee@group-D1BD67AB2F3F: changes role from CANDIDATE to LEADER at term 1 for changeToLeader
2019-10-14 14:58:25,695 [df9e5f57-bd2c-4d2e-90a4-8b7d317b94ee@group-D1BD67AB2F3F:LeaderElection145] INFO  impl.RaftServerImpl (ServerState.java:setLeader(253)) - df9e5f57-bd2c-4d2e-90a4-8b7d317b94ee@group-D1BD67AB2F3F: change Leader from null to df9e5f57-bd2c-4d2e-90a4-8b7d317b94ee at term 1 for becomeLeader, leader elected after 5107ms
2019-10-14 14:58:25,695 [df9e5f57-bd2c-4d2e-90a4-8b7d317b94ee@group-D1BD67AB2F3F:LeaderElection145] INFO  server.RaftServerConfigKeys (ConfUtils.java:logGet(43)) - raft.server.staging.catchup.gap = 1000 (default)
2019-10-14 14:58:25,695 [df9e5f57-bd2c-4d2e-90a4-8b7d317b94ee@group-D1BD67AB2F3F:LeaderElection145] INFO  server.RaftServerConfigKeys (ConfUtils.java:logGet(43)) - raft.server.rpc.sleep.time = 25ms (default)
2019-10-14 14:58:25,695 [df9e5f57-bd2c-4d2e-90a4-8b7d317b94ee@group-D1BD67AB2F3F:LeaderElection145] INFO  server.RaftServerConfigKeys (ConfUtils.java:logGet(43)) - raft.server.write.element-limit = 4096 (default)
2019-10-14 14:58:25,695 [df9e5f57-bd2c-4d2e-90a4-8b7d317b94ee@group-D1BD67AB2F3F:LeaderElection145] INFO  server.RaftServerConfigKeys (ConfUtils.java:logGet(43)) - raft.server.watch.timeout = 10s (default)
2019-10-14 14:58:25,696 [df9e5f57-bd2c-4d2e-90a4-8b7d317b94ee@group-D1BD67AB2F3F:LeaderElection145] INFO  server.RaftServerConfigKeys (ConfUtils.java:logGet(43)) - raft.server.watch.timeout.denomination = 1s (default)
2019-10-14 14:58:25,696 [df9e5f57-bd2c-4d2e-90a4-8b7d317b94ee@group-D1BD67AB2F3F:LeaderElection145] INFO  server.RaftServerConfigKeys (ConfUtils.java:logGet(43)) - raft.server.watch.element-limit = 65536 (default)
2019-10-14 14:58:25,697 [df9e5f57-bd2c-4d2e-90a4-8b7d317b94ee@group-D1BD67AB2F3F:LeaderElection145] INFO  impl.RoleInfo (RoleInfo.java:updateAndGet(143)) - df9e5f57-bd2c-4d2e-90a4-8b7d317b94ee: start LeaderState
2019-10-14 14:58:25,698 [grpc-default-executor-5] INFO  impl.RaftServerImpl (RaftServerImpl.java:setRole(174)) - 7cf7e218-75a7-48f9-af97-c86dcc9fa8bb@group-F1B0E408E5D3: changes role from  FOLLOWER to FOLLOWER at term 1 for recognizeCandidate:a0884861-8b64-4900-8d43-9348fc78e683
2019-10-14 14:58:25,698 [df9e5f57-bd2c-4d2e-90a4-8b7d317b94ee@group-D1BD67AB2F3F:LeaderElection145] INFO  segmented.SegmentedRaftLogWorker (SegmentedRaftLogWorker.java:startLogSegment(380)) - df9e5f57-bd2c-4d2e-90a4-8b7d317b94ee@group-D1BD67AB2F3F-SegmentedRaftLogWorker: Starting segment from index:0
2019-10-14 14:58:25,698 [df9e5f57-bd2c-4d2e-90a4-8b7d317b94ee@group-F1B0E408E5D3:LeaderElection147] INFO  impl.LeaderElection (LeaderElection.java:askForVotes(182)) - df9e5f57-bd2c-4d2e-90a4-8b7d317b94ee@group-F1B0E408E5D3:LeaderElection147: begin an election at term 1 for -1: [df9e5f57-bd2c-4d2e-90a4-8b7d317b94ee:192.168.5.159:45002, a0884861-8b64-4900-8d43-9348fc78e683:192.168.5.159:36871, 7cf7e218-75a7-48f9-af97-c86dcc9fa8bb:192.168.5.159:39572], old=null
2019-10-14 14:58:25,698 [grpc-default-executor-5] INFO  impl.RoleInfo (RoleInfo.java:shutdownFollowerState(121)) - 7cf7e218-75a7-48f9-af97-c86dcc9fa8bb: shutdown FollowerState
2019-10-14 14:58:25,698 [df9e5f57-bd2c-4d2e-90a4-8b7d317b94ee@group-D1BD67AB2F3F:LeaderElection145] INFO  impl.RaftServerImpl (ServerState.java:setRaftConf(354)) - df9e5f57-bd2c-4d2e-90a4-8b7d317b94ee@group-D1BD67AB2F3F: set configuration 0: [df9e5f57-bd2c-4d2e-90a4-8b7d317b94ee:192.168.5.159:45002], old=null at 0
2019-10-14 14:58:25,699 [grpc-default-executor-5] INFO  impl.RoleInfo (RoleInfo.java:updateAndGet(143)) - 7cf7e218-75a7-48f9-af97-c86dcc9fa8bb: start FollowerState
2019-10-14 14:58:25,699 [Thread-5063] INFO  impl.FollowerState (FollowerState.java:run(115)) - 7cf7e218-75a7-48f9-af97-c86dcc9fa8bb: FollowerState was interrupted: java.lang.InterruptedException: sleep interrupted
2019-10-14 14:58:25,729 [a0884861-8b64-4900-8d43-9348fc78e683@group-F1B0E408E5D3:LeaderElection146] INFO  impl.LeaderElection (LeaderElection.java:logAndReturn(56)) - a0884861-8b64-4900-8d43-9348fc78e683@group-F1B0E408E5D3:LeaderElection146: Election PASSED; received 2 response(s) [a0884861-8b64-4900-8d43-9348fc78e683<-df9e5f57-bd2c-4d2e-90a4-8b7d317b94ee#0:FAIL-t1, a0884861-8b64-4900-8d43-9348fc78e683<-7cf7e218-75a7-48f9-af97-c86dcc9fa8bb#0:OK-t1] and 0 exception(s); a0884861-8b64-4900-8d43-9348fc78e683@group-F1B0E408E5D3:t1, leader=null, voted=a0884861-8b64-4900-8d43-9348fc78e683, raftlog=a0884861-8b64-4900-8d43-9348fc78e683@group-F1B0E408E5D3-SegmentedRaftLog:OPENED:c-1,f-1,i0, conf=-1: [df9e5f57-bd2c-4d2e-90a4-8b7d317b94ee:192.168.5.159:45002, a0884861-8b64-4900-8d43-9348fc78e683:192.168.5.159:36871, 7cf7e218-75a7-48f9-af97-c86dcc9fa8bb:192.168.5.159:39572], old=null
2019-10-14 14:58:25,729 [a0884861-8b64-4900-8d43-9348fc78e683@group-F1B0E408E5D3:LeaderElection146] INFO  impl.RoleInfo (RoleInfo.java:shutdownLeaderElection(134)) - a0884861-8b64-4900-8d43-9348fc78e683: shutdown LeaderElection
2019-10-14 14:58:25,729 [a0884861-8b64-4900-8d43-9348fc78e683@group-F1B0E408E5D3:LeaderElection146] INFO  impl.RaftServerImpl (RaftServerImpl.java:setRole(174)) - a0884861-8b64-4900-8d43-9348fc78e683@group-F1B0E408E5D3: changes role from CANDIDATE to LEADER at term 1 for changeToLeader
2019-10-14 14:58:25,729 [a0884861-8b64-4900-8d43-9348fc78e683@group-F1B0E408E5D3:LeaderElection146] INFO  impl.RaftServerImpl (ServerState.java:setLeader(253)) - a0884861-8b64-4900-8d43-9348fc78e683@group-F1B0E408E5D3: change Leader from null to a0884861-8b64-4900-8d43-9348fc78e683 at term 1 for becomeLeader, leader elected after 5199ms
2019-10-14 14:58:25,729 [df9e5f57-bd2c-4d2e-90a4-8b7d317b94ee@group-F1B0E408E5D3:LeaderElection147] INFO  impl.LeaderElection (LeaderElection.java:logAndReturn(56)) - df9e5f57-bd2c-4d2e-90a4-8b7d317b94ee@group-F1B0E408E5D3:LeaderElection147: Election REJECTED; received 2 response(s) [df9e5f57-bd2c-4d2e-90a4-8b7d317b94ee<-a0884861-8b64-4900-8d43-9348fc78e683#0:FAIL-t1, df9e5f57-bd2c-4d2e-90a4-8b7d317b94ee<-7cf7e218-75a7-48f9-af97-c86dcc9fa8bb#0:FAIL-t1] and 0 exception(s); df9e5f57-bd2c-4d2e-90a4-8b7d317b94ee@group-F1B0E408E5D3:t1, leader=null, voted=df9e5f57-bd2c-4d2e-90a4-8b7d317b94ee, raftlog=df9e5f57-bd2c-4d2e-90a4-8b7d317b94ee@group-F1B0E408E5D3-SegmentedRaftLog:OPENED:c-1,f-1,i0, conf=-1: [df9e5f57-bd2c-4d2e-90a4-8b7d317b94ee:192.168.5.159:45002, a0884861-8b64-4900-8d43-9348fc78e683:192.168.5.159:36871, 7cf7e218-75a7-48f9-af97-c86dcc9fa8bb:192.168.5.159:39572], old=null
2019-10-14 14:58:25,729 [a0884861-8b64-4900-8d43-9348fc78e683@group-F1B0E408E5D3:LeaderElection146] INFO  server.RaftServerConfigKeys (ConfUtils.java:logGet(43)) - raft.server.staging.catchup.gap = 1000 (default)
2019-10-14 14:58:25,729 [df9e5f57-bd2c-4d2e-90a4-8b7d317b94ee@group-F1B0E408E5D3:LeaderElection147] INFO  impl.RaftServerImpl (RaftServerImpl.java:setRole(174)) - df9e5f57-bd2c-4d2e-90a4-8b7d317b94ee@group-F1B0E408E5D3: changes role from CANDIDATE to FOLLOWER at term 1 for DISCOVERED_A_NEW_TERM
2019-10-14 14:58:25,730 [df9e5f57-bd2c-4d2e-90a4-8b7d317b94ee@group-F1B0E408E5D3:LeaderElection147] INFO  impl.RoleInfo (RoleInfo.java:shutdownLeaderElection(134)) - df9e5f57-bd2c-4d2e-90a4-8b7d317b94ee: shutdown LeaderElection
2019-10-14 14:58:25,730 [a0884861-8b64-4900-8d43-9348fc78e683@group-F1B0E408E5D3:LeaderElection146] INFO  server.RaftServerConfigKeys (ConfUtils.java:logGet(43)) - raft.server.rpc.sleep.time = 25ms (default)
2019-10-14 14:58:25,730 [df9e5f57-bd2c-4d2e-90a4-8b7d317b94ee@group-F1B0E408E5D3:LeaderElection147] INFO  impl.RoleInfo (RoleInfo.java:updateAndGet(143)) - df9e5f57-bd2c-4d2e-90a4-8b7d317b94ee: start FollowerState
2019-10-14 14:58:25,730 [a0884861-8b64-4900-8d43-9348fc78e683@group-F1B0E408E5D3:LeaderElection146] INFO  server.RaftServerConfigKeys (ConfUtils.java:logGet(43)) - raft.server.write.element-limit = 4096 (default)
2019-10-14 14:58:25,730 [a0884861-8b64-4900-8d43-9348fc78e683@group-F1B0E408E5D3:LeaderElection146] INFO  server.RaftServerConfigKeys (ConfUtils.java:logGet(43)) - raft.server.watch.timeout = 10s (default)
2019-10-14 14:58:25,730 [a0884861-8b64-4900-8d43-9348fc78e683@group-F1B0E408E5D3:LeaderElection146] INFO  server.RaftServerConfigKeys (ConfUtils.java:logGet(43)) - raft.server.watch.timeout.denomination = 1s (default)
2019-10-14 14:58:25,731 [a0884861-8b64-4900-8d43-9348fc78e683@group-F1B0E408E5D3:LeaderElection146] INFO  server.RaftServerConfigKeys (ConfUtils.java:logGet(43)) - raft.server.watch.element-limit = 65536 (default)
2019-10-14 14:58:25,732 [a0884861-8b64-4900-8d43-9348fc78e683@group-F1B0E408E5D3:LeaderElection146] INFO  server.RaftServerConfigKeys (ConfUtils.java:logGet(43)) - raft.server.log.appender.snapshot.chunk.size.max = 16MB (=16777216) (default)
2019-10-14 14:58:25,733 [a0884861-8b64-4900-8d43-9348fc78e683@group-F1B0E408E5D3:LeaderElection146] INFO  server.RaftServerConfigKeys (ConfUtils.java:logGet(43)) - raft.server.log.appender.buffer.byte-limit = 33554432 (custom)
2019-10-14 14:58:25,733 [a0884861-8b64-4900-8d43-9348fc78e683@group-F1B0E408E5D3:LeaderElection146] INFO  server.RaftServerConfigKeys (ConfUtils.java:logGet(43)) - raft.server.log.appender.buffer.element-limit = 1 (custom)
2019-10-14 14:58:25,733 [a0884861-8b64-4900-8d43-9348fc78e683@group-F1B0E408E5D3:LeaderElection146] INFO  grpc.GrpcConfigKeys$Server (ConfUtils.java:logGet(43)) - raft.grpc.server.leader.outstanding.appends.max = 128 (default)
2019-10-14 14:58:25,733 [a0884861-8b64-4900-8d43-9348fc78e683@group-F1B0E408E5D3:LeaderElection146] INFO  server.RaftServerConfigKeys (ConfUtils.java:logGet(43)) - raft.server.rpc.request.timeout = 3000ms (default)
2019-10-14 14:58:25,734 [a0884861-8b64-4900-8d43-9348fc78e683@group-F1B0E408E5D3:LeaderElection146] INFO  server.RaftServerConfigKeys (ConfUtils.java:logGet(43)) - raft.server.log.appender.install.snapshot.enabled = false (custom)
2019-10-14 14:58:25,734 [a0884861-8b64-4900-8d43-9348fc78e683@group-F1B0E408E5D3:LeaderElection146] INFO  server.RaftServerConfigKeys (ConfUtils.java:logGet(43)) - raft.server.log.appender.snapshot.chunk.size.max = 16MB (=16777216) (default)
2019-10-14 14:58:25,734 [a0884861-8b64-4900-8d43-9348fc78e683@group-F1B0E408E5D3:LeaderElection146] INFO  server.RaftServerConfigKeys (ConfUtils.java:logGet(43)) - raft.server.log.appender.buffer.byte-limit = 33554432 (custom)
2019-10-14 14:58:25,734 [a0884861-8b64-4900-8d43-9348fc78e683@group-F1B0E408E5D3:LeaderElection146] INFO  server.RaftServerConfigKeys (ConfUtils.java:logGet(43)) - raft.server.log.appender.buffer.element-limit = 1 (custom)
2019-10-14 14:58:25,735 [a0884861-8b64-4900-8d43-9348fc78e683@group-F1B0E408E5D3:LeaderElection146] INFO  grpc.GrpcConfigKeys$Server (ConfUtils.java:logGet(43)) - raft.grpc.server.leader.outstanding.appends.max = 128 (default)
2019-10-14 14:58:25,735 [a0884861-8b64-4900-8d43-9348fc78e683@group-F1B0E408E5D3:LeaderElection146] INFO  server.RaftServerConfigKeys (ConfUtils.java:logGet(43)) - raft.server.rpc.request.timeout = 3000ms (default)
2019-10-14 14:58:25,735 [a0884861-8b64-4900-8d43-9348fc78e683@group-F1B0E408E5D3:LeaderElection146] INFO  server.RaftServerConfigKeys (ConfUtils.java:logGet(43)) - raft.server.log.appender.install.snapshot.enabled = false (custom)
2019-10-14 14:58:25,735 [a0884861-8b64-4900-8d43-9348fc78e683@group-F1B0E408E5D3:LeaderElection146] INFO  impl.RoleInfo (RoleInfo.java:updateAndGet(143)) - a0884861-8b64-4900-8d43-9348fc78e683: start LeaderState
2019-10-14 14:58:25,735 [a0884861-8b64-4900-8d43-9348fc78e683@group-F1B0E408E5D3:LeaderElection146] INFO  segmented.SegmentedRaftLogWorker (SegmentedRaftLogWorker.java:startLogSegment(380)) - a0884861-8b64-4900-8d43-9348fc78e683@group-F1B0E408E5D3-SegmentedRaftLogWorker: Starting segment from index:0
2019-10-14 14:58:25,736 [a0884861-8b64-4900-8d43-9348fc78e683@group-F1B0E408E5D3:LeaderElection146] INFO  impl.RaftServerImpl (ServerState.java:setRaftConf(354)) - a0884861-8b64-4900-8d43-9348fc78e683@group-F1B0E408E5D3: set configuration 0: [df9e5f57-bd2c-4d2e-90a4-8b7d317b94ee:192.168.5.159:45002, a0884861-8b64-4900-8d43-9348fc78e683:192.168.5.159:36871, 7cf7e218-75a7-48f9-af97-c86dcc9fa8bb:192.168.5.159:39572], old=null at 0
2019-10-14 14:58:25,737 [grpc-default-executor-5] INFO  impl.RaftServerImpl (ServerState.java:setLeader(253)) - 7cf7e218-75a7-48f9-af97-c86dcc9fa8bb@group-F1B0E408E5D3: change Leader from null to a0884861-8b64-4900-8d43-9348fc78e683 at term 1 for appendEntries, leader elected after 5206ms
2019-10-14 14:58:25,737 [grpc-default-executor-8] INFO  impl.RaftServerImpl (ServerState.java:setLeader(253)) - df9e5f57-bd2c-4d2e-90a4-8b7d317b94ee@group-F1B0E408E5D3: change Leader from null to a0884861-8b64-4900-8d43-9348fc78e683 at term 1 for appendEntries, leader elected after 5207ms
2019-10-14 14:58:25,739 [grpc-default-executor-8] INFO  impl.RaftServerImpl (ServerState.java:setRaftConf(354)) - 7cf7e218-75a7-48f9-af97-c86dcc9fa8bb@group-F1B0E408E5D3: set configuration 0: [df9e5f57-bd2c-4d2e-90a4-8b7d317b94ee:192.168.5.159:45002, a0884861-8b64-4900-8d43-9348fc78e683:192.168.5.159:36871, 7cf7e218-75a7-48f9-af97-c86dcc9fa8bb:192.168.5.159:39572], old=null at 0
2019-10-14 14:58:25,739 [grpc-default-executor-8] INFO  segmented.SegmentedRaftLogWorker (SegmentedRaftLogWorker.java:startLogSegment(380)) - 7cf7e218-75a7-48f9-af97-c86dcc9fa8bb@group-F1B0E408E5D3-SegmentedRaftLogWorker: Starting segment from index:0
2019-10-14 14:58:25,739 [grpc-default-executor-5] INFO  impl.RaftServerImpl (ServerState.java:setRaftConf(354)) - df9e5f57-bd2c-4d2e-90a4-8b7d317b94ee@group-F1B0E408E5D3: set configuration 0: [df9e5f57-bd2c-4d2e-90a4-8b7d317b94ee:192.168.5.159:45002, a0884861-8b64-4900-8d43-9348fc78e683:192.168.5.159:36871, 7cf7e218-75a7-48f9-af97-c86dcc9fa8bb:192.168.5.159:39572], old=null at 0
2019-10-14 14:58:25,739 [grpc-default-executor-5] INFO  segmented.SegmentedRaftLogWorker (SegmentedRaftLogWorker.java:startLogSegment(380)) - df9e5f57-bd2c-4d2e-90a4-8b7d317b94ee@group-F1B0E408E5D3-SegmentedRaftLogWorker: Starting segment from index:0
2019-10-14 14:58:25,740 [df9e5f57-bd2c-4d2e-90a4-8b7d317b94ee@group-D1BD67AB2F3F-SegmentedRaftLogWorker] INFO  segmented.SegmentedRaftLogWorker (SegmentedRaftLogWorker.java:execute(569)) - df9e5f57-bd2c-4d2e-90a4-8b7d317b94ee@group-D1BD67AB2F3F-SegmentedRaftLogWorker: created new log segment /workdir/hadoop-ozone/integration-test/target/test-dir/MiniOzoneClusterImpl-aa81d3dd-6e87-4dee-8c30-8f43e5632f78/datanode-3/data/ratis/133367c2-e7ec-4084-a357-d1bd67ab2f3f/current/log_inprogress_0
2019-10-14 14:58:25,782 [a0884861-8b64-4900-8d43-9348fc78e683@group-F1B0E408E5D3-SegmentedRaftLogWorker] INFO  segmented.SegmentedRaftLogWorker (SegmentedRaftLogWorker.java:execute(569)) - a0884861-8b64-4900-8d43-9348fc78e683@group-F1B0E408E5D3-SegmentedRaftLogWorker: created new log segment /workdir/hadoop-ozone/integration-test/target/test-dir/MiniOzoneClusterImpl-aa81d3dd-6e87-4dee-8c30-8f43e5632f78/datanode-1/data/ratis/9dbf62c0-8c70-4285-88ab-f1b0e408e5d3/current/log_inprogress_0
2019-10-14 14:58:25,782 [7cf7e218-75a7-48f9-af97-c86dcc9fa8bb@group-F1B0E408E5D3-SegmentedRaftLogWorker] INFO  segmented.SegmentedRaftLogWorker (SegmentedRaftLogWorker.java:execute(569)) - 7cf7e218-75a7-48f9-af97-c86dcc9fa8bb@group-F1B0E408E5D3-SegmentedRaftLogWorker: created new log segment /workdir/hadoop-ozone/integration-test/target/test-dir/MiniOzoneClusterImpl-aa81d3dd-6e87-4dee-8c30-8f43e5632f78/datanode-4/data/ratis/9dbf62c0-8c70-4285-88ab-f1b0e408e5d3/current/log_inprogress_0
2019-10-14 14:58:25,782 [df9e5f57-bd2c-4d2e-90a4-8b7d317b94ee@group-F1B0E408E5D3-SegmentedRaftLogWorker] INFO  segmented.SegmentedRaftLogWorker (SegmentedRaftLogWorker.java:execute(569)) - df9e5f57-bd2c-4d2e-90a4-8b7d317b94ee@group-F1B0E408E5D3-SegmentedRaftLogWorker: created new log segment /workdir/hadoop-ozone/integration-test/target/test-dir/MiniOzoneClusterImpl-aa81d3dd-6e87-4dee-8c30-8f43e5632f78/datanode-3/data/ratis/9dbf62c0-8c70-4285-88ab-f1b0e408e5d3/current/log_inprogress_0
2019-10-14 14:58:25,847 [Thread-5072] INFO  impl.FollowerState (FollowerState.java:run(106)) - 805c446b-b997-4105-8957-3233a3685cc7:group-40EB6F022E7B changes to CANDIDATE, lastRpcTime:5177, electionTimeout:5177ms
2019-10-14 14:58:25,847 [Thread-5072] INFO  impl.RoleInfo (RoleInfo.java:shutdownFollowerState(121)) - 805c446b-b997-4105-8957-3233a3685cc7: shutdown FollowerState
2019-10-14 14:58:25,847 [Thread-5072] INFO  impl.RaftServerImpl (RaftServerImpl.java:setRole(174)) - 805c446b-b997-4105-8957-3233a3685cc7@group-40EB6F022E7B: changes role from  FOLLOWER to CANDIDATE at term 0 for changeToCandidate
2019-10-14 14:58:25,847 [Thread-5072] INFO  impl.RoleInfo (RoleInfo.java:updateAndGet(143)) - 805c446b-b997-4105-8957-3233a3685cc7: start LeaderElection
2019-10-14 14:58:25,852 [Thread-5078] INFO  impl.FollowerState (FollowerState.java:run(106)) - 7cf7e218-75a7-48f9-af97-c86dcc9fa8bb:group-20CBCE2F20DF changes to CANDIDATE, lastRpcTime:5094, electionTimeout:5094ms
2019-10-14 14:58:25,856 [Thread-5078] INFO  impl.RoleInfo (RoleInfo.java:shutdownFollowerState(121)) - 7cf7e218-75a7-48f9-af97-c86dcc9fa8bb: shutdown FollowerState
2019-10-14 14:58:25,856 [Thread-5078] INFO  impl.RaftServerImpl (RaftServerImpl.java:setRole(174)) - 7cf7e218-75a7-48f9-af97-c86dcc9fa8bb@group-20CBCE2F20DF: changes role from  FOLLOWER to CANDIDATE at term 0 for changeToCandidate
2019-10-14 14:58:25,856 [Thread-5078] INFO  impl.RoleInfo (RoleInfo.java:updateAndGet(143)) - 7cf7e218-75a7-48f9-af97-c86dcc9fa8bb: start LeaderElection
2019-10-14 14:58:25,869 [7cf7e218-75a7-48f9-af97-c86dcc9fa8bb@group-20CBCE2F20DF:LeaderElection149] INFO  impl.LeaderElection (LeaderElection.java:askForVotes(182)) - 7cf7e218-75a7-48f9-af97-c86dcc9fa8bb@group-20CBCE2F20DF:LeaderElection149: begin an election at term 1 for -1: [7cf7e218-75a7-48f9-af97-c86dcc9fa8bb:192.168.5.159:39572], old=null
2019-10-14 14:58:25,869 [805c446b-b997-4105-8957-3233a3685cc7@group-40EB6F022E7B:LeaderElection148] INFO  impl.LeaderElection (LeaderElection.java:askForVotes(182)) - 805c446b-b997-4105-8957-3233a3685cc7@group-40EB6F022E7B:LeaderElection148: begin an election at term 1 for -1: [805c446b-b997-4105-8957-3233a3685cc7:192.168.5.159:45708], old=null
2019-10-14 14:58:25,869 [7cf7e218-75a7-48f9-af97-c86dcc9fa8bb@group-20CBCE2F20DF:LeaderElection149] INFO  impl.RoleInfo (RoleInfo.java:shutdownLeaderElection(134)) - 7cf7e218-75a7-48f9-af97-c86dcc9fa8bb: shutdown LeaderElection
2019-10-14 14:58:25,869 [805c446b-b997-4105-8957-3233a3685cc7@group-40EB6F022E7B:LeaderElection148] INFO  impl.RoleInfo (RoleInfo.java:shutdownLeaderElection(134)) - 805c446b-b997-4105-8957-3233a3685cc7: shutdown LeaderElection
2019-10-14 14:58:25,869 [7cf7e218-75a7-48f9-af97-c86dcc9fa8bb@group-20CBCE2F20DF:LeaderElection149] INFO  impl.RaftServerImpl (RaftServerImpl.java:setRole(174)) - 7cf7e218-75a7-48f9-af97-c86dcc9fa8bb@group-20CBCE2F20DF: changes role from CANDIDATE to LEADER at term 1 for changeToLeader
2019-10-14 14:58:25,869 [805c446b-b997-4105-8957-3233a3685cc7@group-40EB6F022E7B:LeaderElection148] INFO  impl.RaftServerImpl (RaftServerImpl.java:setRole(174)) - 805c446b-b997-4105-8957-3233a3685cc7@group-40EB6F022E7B: changes role from CANDIDATE to LEADER at term 1 for changeToLeader
2019-10-14 14:58:25,870 [7cf7e218-75a7-48f9-af97-c86dcc9fa8bb@group-20CBCE2F20DF:LeaderElection149] INFO  impl.RaftServerImpl (ServerState.java:setLeader(253)) - 7cf7e218-75a7-48f9-af97-c86dcc9fa8bb@group-20CBCE2F20DF: change Leader from null to 7cf7e218-75a7-48f9-af97-c86dcc9fa8bb at term 1 for becomeLeader, leader elected after 5117ms
2019-10-14 14:58:25,870 [805c446b-b997-4105-8957-3233a3685cc7@group-40EB6F022E7B:LeaderElection148] INFO  impl.RaftServerImpl (ServerState.java:setLeader(253)) - 805c446b-b997-4105-8957-3233a3685cc7@group-40EB6F022E7B: change Leader from null to 805c446b-b997-4105-8957-3233a3685cc7 at term 1 for becomeLeader, leader elected after 5236ms
2019-10-14 14:58:25,870 [7cf7e218-75a7-48f9-af97-c86dcc9fa8bb@group-20CBCE2F20DF:LeaderElection149] INFO  server.RaftServerConfigKeys (ConfUtils.java:logGet(43)) - raft.server.staging.catchup.gap = 1000 (default)
2019-10-14 14:58:25,870 [805c446b-b997-4105-8957-3233a3685cc7@group-40EB6F022E7B:LeaderElection148] INFO  server.RaftServerConfigKeys (ConfUtils.java:logGet(43)) - raft.server.staging.catchup.gap = 1000 (default)
2019-10-14 14:58:25,870 [7cf7e218-75a7-48f9-af97-c86dcc9fa8bb@group-20CBCE2F20DF:LeaderElection149] INFO  server.RaftServerConfigKeys (ConfUtils.java:logGet(43)) - raft.server.rpc.sleep.time = 25ms (default)
2019-10-14 14:58:25,870 [805c446b-b997-4105-8957-3233a3685cc7@group-40EB6F022E7B:LeaderElection148] INFO  server.RaftServerConfigKeys (ConfUtils.java:logGet(43)) - raft.server.rpc.sleep.time = 25ms (default)
2019-10-14 14:58:25,870 [7cf7e218-75a7-48f9-af97-c86dcc9fa8bb@group-20CBCE2F20DF:LeaderElection149] INFO  server.RaftServerConfigKeys (ConfUtils.java:logGet(43)) - raft.server.write.element-limit = 4096 (default)
2019-10-14 14:58:25,870 [805c446b-b997-4105-8957-3233a3685cc7@group-40EB6F022E7B:LeaderElection148] INFO  server.RaftServerConfigKeys (ConfUtils.java:logGet(43)) - raft.server.write.element-limit = 4096 (default)
2019-10-14 14:58:25,871 [7cf7e218-75a7-48f9-af97-c86dcc9fa8bb@group-20CBCE2F20DF:LeaderElection149] INFO  server.RaftServerConfigKeys (ConfUtils.java:logGet(43)) - raft.server.watch.timeout = 10s (default)
2019-10-14 14:58:25,871 [805c446b-b997-4105-8957-3233a3685cc7@group-40EB6F022E7B:LeaderElection148] INFO  server.RaftServerConfigKeys (ConfUtils.java:logGet(43)) - raft.server.watch.timeout = 10s (default)
2019-10-14 14:58:25,871 [7cf7e218-75a7-48f9-af97-c86dcc9fa8bb@group-20CBCE2F20DF:LeaderElection149] INFO  server.RaftServerConfigKeys (ConfUtils.java:logGet(43)) - raft.server.watch.timeout.denomination = 1s (default)
2019-10-14 14:58:25,871 [805c446b-b997-4105-8957-3233a3685cc7@group-40EB6F022E7B:LeaderElection148] INFO  server.RaftServerConfigKeys (ConfUtils.java:logGet(43)) - raft.server.watch.timeout.denomination = 1s (default)
2019-10-14 14:58:25,871 [7cf7e218-75a7-48f9-af97-c86dcc9fa8bb@group-20CBCE2F20DF:LeaderElection149] INFO  server.RaftServerConfigKeys (ConfUtils.java:logGet(43)) - raft.server.watch.element-limit = 65536 (default)
2019-10-14 14:58:25,871 [805c446b-b997-4105-8957-3233a3685cc7@group-40EB6F022E7B:LeaderElection148] INFO  server.RaftServerConfigKeys (ConfUtils.java:logGet(43)) - raft.server.watch.element-limit = 65536 (default)
2019-10-14 14:58:25,873 [7cf7e218-75a7-48f9-af97-c86dcc9fa8bb@group-20CBCE2F20DF:LeaderElection149] INFO  impl.RoleInfo (RoleInfo.java:updateAndGet(143)) - 7cf7e218-75a7-48f9-af97-c86dcc9fa8bb: start LeaderState
2019-10-14 14:58:25,874 [805c446b-b997-4105-8957-3233a3685cc7@group-40EB6F022E7B:LeaderElection148] INFO  impl.RoleInfo (RoleInfo.java:updateAndGet(143)) - 805c446b-b997-4105-8957-3233a3685cc7: start LeaderState
2019-10-14 14:58:25,874 [7cf7e218-75a7-48f9-af97-c86dcc9fa8bb@group-20CBCE2F20DF:LeaderElection149] INFO  segmented.SegmentedRaftLogWorker (SegmentedRaftLogWorker.java:startLogSegment(380)) - 7cf7e218-75a7-48f9-af97-c86dcc9fa8bb@group-20CBCE2F20DF-SegmentedRaftLogWorker: Starting segment from index:0
2019-10-14 14:58:25,874 [805c446b-b997-4105-8957-3233a3685cc7@group-40EB6F022E7B:LeaderElection148] INFO  segmented.SegmentedRaftLogWorker (SegmentedRaftLogWorker.java:startLogSegment(380)) - 805c446b-b997-4105-8957-3233a3685cc7@group-40EB6F022E7B-SegmentedRaftLogWorker: Starting segment from index:0
2019-10-14 14:58:25,874 [7cf7e218-75a7-48f9-af97-c86dcc9fa8bb@group-20CBCE2F20DF:LeaderElection149] INFO  impl.RaftServerImpl (ServerState.java:setRaftConf(354)) - 7cf7e218-75a7-48f9-af97-c86dcc9fa8bb@group-20CBCE2F20DF: set configuration 0: [7cf7e218-75a7-48f9-af97-c86dcc9fa8bb:192.168.5.159:39572], old=null at 0
2019-10-14 14:58:25,874 [805c446b-b997-4105-8957-3233a3685cc7@group-40EB6F022E7B:LeaderElection148] INFO  impl.RaftServerImpl (ServerState.java:setRaftConf(354)) - 805c446b-b997-4105-8957-3233a3685cc7@group-40EB6F022E7B: set configuration 0: [805c446b-b997-4105-8957-3233a3685cc7:192.168.5.159:45708], old=null at 0
2019-10-14 14:58:25,881 [Thread-5084] INFO  impl.FollowerState (FollowerState.java:run(106)) - b6736591-a50b-4ef5-84f2-574cdc5435b3:group-5A2207229AA7 changes to CANDIDATE, lastRpcTime:5069, electionTimeout:5069ms
2019-10-14 14:58:25,882 [Thread-5084] INFO  impl.RoleInfo (RoleInfo.java:shutdownFollowerState(121)) - b6736591-a50b-4ef5-84f2-574cdc5435b3: shutdown FollowerState
2019-10-14 14:58:25,882 [Thread-5084] INFO  impl.RaftServerImpl (RaftServerImpl.java:setRole(174)) - b6736591-a50b-4ef5-84f2-574cdc5435b3@group-5A2207229AA7: changes role from  FOLLOWER to CANDIDATE at term 0 for changeToCandidate
2019-10-14 14:58:25,882 [Thread-5084] INFO  impl.RoleInfo (RoleInfo.java:updateAndGet(143)) - b6736591-a50b-4ef5-84f2-574cdc5435b3: start LeaderElection
2019-10-14 14:58:25,915 [Thread-5075] INFO  impl.FollowerState (FollowerState.java:run(106)) - b6736591-a50b-4ef5-84f2-574cdc5435b3:group-10918DF773FD changes to CANDIDATE, lastRpcTime:5198, electionTimeout:5190ms
2019-10-14 14:58:25,916 [Thread-5082] INFO  impl.FollowerState (FollowerState.java:run(106)) - 7cf7e218-75a7-48f9-af97-c86dcc9fa8bb:group-5A2207229AA7 changes to CANDIDATE, lastRpcTime:5104, electionTimeout:5090ms
2019-10-14 14:58:25,916 [Thread-5075] INFO  impl.RoleInfo (RoleInfo.java:shutdownFollowerState(121)) - b6736591-a50b-4ef5-84f2-574cdc5435b3: shutdown FollowerState
2019-10-14 14:58:25,916 [Thread-5082] INFO  impl.RoleInfo (RoleInfo.java:shutdownFollowerState(121)) - 7cf7e218-75a7-48f9-af97-c86dcc9fa8bb: shutdown FollowerState
2019-10-14 14:58:25,916 [Thread-5075] INFO  impl.RaftServerImpl (RaftServerImpl.java:setRole(174)) - b6736591-a50b-4ef5-84f2-574cdc5435b3@group-10918DF773FD: changes role from  FOLLOWER to CANDIDATE at term 0 for changeToCandidate
2019-10-14 14:58:25,916 [Thread-5082] INFO  impl.RaftServerImpl (RaftServerImpl.java:setRole(174)) - 7cf7e218-75a7-48f9-af97-c86dcc9fa8bb@group-5A2207229AA7: changes role from  FOLLOWER to CANDIDATE at term 0 for changeToCandidate
2019-10-14 14:58:25,916 [Thread-5075] INFO  impl.RoleInfo (RoleInfo.java:updateAndGet(143)) - b6736591-a50b-4ef5-84f2-574cdc5435b3: start LeaderElection
2019-10-14 14:58:25,916 [Thread-5082] INFO  impl.RoleInfo (RoleInfo.java:updateAndGet(143)) - 7cf7e218-75a7-48f9-af97-c86dcc9fa8bb: start LeaderElection
2019-10-14 14:58:25,929 [7cf7e218-75a7-48f9-af97-c86dcc9fa8bb@group-20CBCE2F20DF-SegmentedRaftLogWorker] INFO  segmented.SegmentedRaftLogWorker (SegmentedRaftLogWorker.java:execute(569)) - 7cf7e218-75a7-48f9-af97-c86dcc9fa8bb@group-20CBCE2F20DF-SegmentedRaftLogWorker: created new log segment /workdir/hadoop-ozone/integration-test/target/test-dir/MiniOzoneClusterImpl-aa81d3dd-6e87-4dee-8c30-8f43e5632f78/datanode-4/data/ratis/afe19ef6-67f5-4d49-bde7-20cbce2f20df/current/log_inprogress_0
2019-10-14 14:58:25,929 [b6736591-a50b-4ef5-84f2-574cdc5435b3@group-5A2207229AA7:LeaderElection150] INFO  impl.LeaderElection (LeaderElection.java:askForVotes(182)) - b6736591-a50b-4ef5-84f2-574cdc5435b3@group-5A2207229AA7:LeaderElection150: begin an election at term 1 for -1: [805c446b-b997-4105-8957-3233a3685cc7:192.168.5.159:45708, b6736591-a50b-4ef5-84f2-574cdc5435b3:192.168.5.159:38807, 7cf7e218-75a7-48f9-af97-c86dcc9fa8bb:192.168.5.159:39572], old=null
2019-10-14 14:58:25,929 [805c446b-b997-4105-8957-3233a3685cc7@group-40EB6F022E7B-SegmentedRaftLogWorker] INFO  segmented.SegmentedRaftLogWorker (SegmentedRaftLogWorker.java:execute(569)) - 805c446b-b997-4105-8957-3233a3685cc7@group-40EB6F022E7B-SegmentedRaftLogWorker: created new log segment /workdir/hadoop-ozone/integration-test/target/test-dir/MiniOzoneClusterImpl-aa81d3dd-6e87-4dee-8c30-8f43e5632f78/datanode-5/data/ratis/0dddc8bf-89a1-4ab4-956d-40eb6f022e7b/current/log_inprogress_0
2019-10-14 14:58:25,935 [grpc-default-executor-5] INFO  impl.RaftServerImpl (RaftServerImpl.java:setRole(174)) - 805c446b-b997-4105-8957-3233a3685cc7@group-5A2207229AA7: changes role from  FOLLOWER to FOLLOWER at term 1 for recognizeCandidate:b6736591-a50b-4ef5-84f2-574cdc5435b3
2019-10-14 14:58:25,935 [grpc-default-executor-5] INFO  impl.RoleInfo (RoleInfo.java:shutdownFollowerState(121)) - 805c446b-b997-4105-8957-3233a3685cc7: shutdown FollowerState
2019-10-14 14:58:25,935 [grpc-default-executor-5] INFO  impl.RoleInfo (RoleInfo.java:updateAndGet(143)) - 805c446b-b997-4105-8957-3233a3685cc7: start FollowerState
2019-10-14 14:58:25,936 [Thread-5087] INFO  impl.FollowerState (FollowerState.java:run(115)) - 805c446b-b997-4105-8957-3233a3685cc7: FollowerState was interrupted: java.lang.InterruptedException: sleep interrupted
2019-10-14 14:58:25,944 [b6736591-a50b-4ef5-84f2-574cdc5435b3@group-10918DF773FD:LeaderElection151] INFO  impl.LeaderElection (LeaderElection.java:askForVotes(182)) - b6736591-a50b-4ef5-84f2-574cdc5435b3@group-10918DF773FD:LeaderElection151: begin an election at term 1 for -1: [b6736591-a50b-4ef5-84f2-574cdc5435b3:192.168.5.159:38807], old=null
2019-10-14 14:58:25,944 [7cf7e218-75a7-48f9-af97-c86dcc9fa8bb@group-5A2207229AA7:LeaderElection152] INFO  impl.LeaderElection (LeaderElection.java:askForVotes(182)) - 7cf7e218-75a7-48f9-af97-c86dcc9fa8bb@group-5A2207229AA7:LeaderElection152: begin an election at term 1 for -1: [805c446b-b997-4105-8957-3233a3685cc7:192.168.5.159:45708, b6736591-a50b-4ef5-84f2-574cdc5435b3:192.168.5.159:38807, 7cf7e218-75a7-48f9-af97-c86dcc9fa8bb:192.168.5.159:39572], old=null
2019-10-14 14:58:25,944 [b6736591-a50b-4ef5-84f2-574cdc5435b3@group-10918DF773FD:LeaderElection151] INFO  impl.RoleInfo (RoleInfo.java:shutdownLeaderElection(134)) - b6736591-a50b-4ef5-84f2-574cdc5435b3: shutdown LeaderElection
2019-10-14 14:58:25,944 [b6736591-a50b-4ef5-84f2-574cdc5435b3@group-10918DF773FD:LeaderElection151] INFO  impl.RaftServerImpl (RaftServerImpl.java:setRole(174)) - b6736591-a50b-4ef5-84f2-574cdc5435b3@group-10918DF773FD: changes role from CANDIDATE to LEADER at term 1 for changeToLeader
2019-10-14 14:58:25,944 [b6736591-a50b-4ef5-84f2-574cdc5435b3@group-10918DF773FD:LeaderElection151] INFO  impl.RaftServerImpl (ServerState.java:setLeader(253)) - b6736591-a50b-4ef5-84f2-574cdc5435b3@group-10918DF773FD: change Leader from null to b6736591-a50b-4ef5-84f2-574cdc5435b3 at term 1 for becomeLeader, leader elected after 5232ms
2019-10-14 14:58:25,944 [b6736591-a50b-4ef5-84f2-574cdc5435b3@group-10918DF773FD:LeaderElection151] INFO  server.RaftServerConfigKeys (ConfUtils.java:logGet(43)) - raft.server.staging.catchup.gap = 1000 (default)
2019-10-14 14:58:25,944 [b6736591-a50b-4ef5-84f2-574cdc5435b3@group-10918DF773FD:LeaderElection151] INFO  server.RaftServerConfigKeys (ConfUtils.java:logGet(43)) - raft.server.rpc.sleep.time = 25ms (default)
2019-10-14 14:58:25,945 [b6736591-a50b-4ef5-84f2-574cdc5435b3@group-10918DF773FD:LeaderElection151] INFO  server.RaftServerConfigKeys (ConfUtils.java:logGet(43)) - raft.server.write.element-limit = 4096 (default)
2019-10-14 14:58:25,945 [b6736591-a50b-4ef5-84f2-574cdc5435b3@group-10918DF773FD:LeaderElection151] INFO  server.RaftServerConfigKeys (ConfUtils.java:logGet(43)) - raft.server.watch.timeout = 10s (default)
2019-10-14 14:58:25,945 [b6736591-a50b-4ef5-84f2-574cdc5435b3@group-10918DF773FD:LeaderElection151] INFO  server.RaftServerConfigKeys (ConfUtils.java:logGet(43)) - raft.server.watch.timeout.denomination = 1s (default)
2019-10-14 14:58:25,945 [b6736591-a50b-4ef5-84f2-574cdc5435b3@group-10918DF773FD:LeaderElection151] INFO  server.RaftServerConfigKeys (ConfUtils.java:logGet(43)) - raft.server.watch.element-limit = 65536 (default)
2019-10-14 14:58:25,953 [b6736591-a50b-4ef5-84f2-574cdc5435b3@group-10918DF773FD:LeaderElection151] INFO  impl.RoleInfo (RoleInfo.java:updateAndGet(143)) - b6736591-a50b-4ef5-84f2-574cdc5435b3: start LeaderState
2019-10-14 14:58:25,953 [b6736591-a50b-4ef5-84f2-574cdc5435b3@group-10918DF773FD:LeaderElection151] INFO  segmented.SegmentedRaftLogWorker (SegmentedRaftLogWorker.java:startLogSegment(380)) - b6736591-a50b-4ef5-84f2-574cdc5435b3@group-10918DF773FD-SegmentedRaftLogWorker: Starting segment from index:0
2019-10-14 14:58:25,954 [b6736591-a50b-4ef5-84f2-574cdc5435b3@group-10918DF773FD:LeaderElection151] INFO  impl.RaftServerImpl (ServerState.java:setRaftConf(354)) - b6736591-a50b-4ef5-84f2-574cdc5435b3@group-10918DF773FD: set configuration 0: [b6736591-a50b-4ef5-84f2-574cdc5435b3:192.168.5.159:38807], old=null at 0
2019-10-14 14:58:25,970 [b6736591-a50b-4ef5-84f2-574cdc5435b3@group-5A2207229AA7:LeaderElection150] INFO  impl.LeaderElection (LeaderElection.java:logAndReturn(56)) - b6736591-a50b-4ef5-84f2-574cdc5435b3@group-5A2207229AA7:LeaderElection150: Election PASSED; received 2 response(s) [b6736591-a50b-4ef5-84f2-574cdc5435b3<-805c446b-b997-4105-8957-3233a3685cc7#0:OK-t1, b6736591-a50b-4ef5-84f2-574cdc5435b3<-7cf7e218-75a7-48f9-af97-c86dcc9fa8bb#0:FAIL-t1] and 0 exception(s); b6736591-a50b-4ef5-84f2-574cdc5435b3@group-5A2207229AA7:t1, leader=null, voted=b6736591-a50b-4ef5-84f2-574cdc5435b3, raftlog=b6736591-a50b-4ef5-84f2-574cdc5435b3@group-5A2207229AA7-SegmentedRaftLog:OPENED:c-1,f-1,i0, conf=-1: [805c446b-b997-4105-8957-3233a3685cc7:192.168.5.159:45708, b6736591-a50b-4ef5-84f2-574cdc5435b3:192.168.5.159:38807, 7cf7e218-75a7-48f9-af97-c86dcc9fa8bb:192.168.5.159:39572], old=null
2019-10-14 14:58:25,970 [7cf7e218-75a7-48f9-af97-c86dcc9fa8bb@group-5A2207229AA7:LeaderElection152] INFO  impl.LeaderElection (LeaderElection.java:logAndReturn(56)) - 7cf7e218-75a7-48f9-af97-c86dcc9fa8bb@group-5A2207229AA7:LeaderElection152: Election REJECTED; received 2 response(s) [7cf7e218-75a7-48f9-af97-c86dcc9fa8bb<-805c446b-b997-4105-8957-3233a3685cc7#0:FAIL-t1, 7cf7e218-75a7-48f9-af97-c86dcc9fa8bb<-b6736591-a50b-4ef5-84f2-574cdc5435b3#0:FAIL-t1] and 0 exception(s); 7cf7e218-75a7-48f9-af97-c86dcc9fa8bb@group-5A2207229AA7:t1, leader=null, voted=7cf7e218-75a7-48f9-af97-c86dcc9fa8bb, raftlog=7cf7e218-75a7-48f9-af97-c86dcc9fa8bb@group-5A2207229AA7-SegmentedRaftLog:OPENED:c-1,f-1,i0, conf=-1: [805c446b-b997-4105-8957-3233a3685cc7:192.168.5.159:45708, b6736591-a50b-4ef5-84f2-574cdc5435b3:192.168.5.159:38807, 7cf7e218-75a7-48f9-af97-c86dcc9fa8bb:192.168.5.159:39572], old=null
2019-10-14 14:58:25,970 [b6736591-a50b-4ef5-84f2-574cdc5435b3@group-5A2207229AA7:LeaderElection150] INFO  impl.RoleInfo (RoleInfo.java:shutdownLeaderElection(134)) - b6736591-a50b-4ef5-84f2-574cdc5435b3: shutdown LeaderElection
2019-10-14 14:58:25,970 [b6736591-a50b-4ef5-84f2-574cdc5435b3@group-5A2207229AA7:LeaderElection150] INFO  impl.RaftServerImpl (RaftServerImpl.java:setRole(174)) - b6736591-a50b-4ef5-84f2-574cdc5435b3@group-5A2207229AA7: changes role from CANDIDATE to LEADER at term 1 for changeToLeader
2019-10-14 14:58:25,970 [7cf7e218-75a7-48f9-af97-c86dcc9fa8bb@group-5A2207229AA7:LeaderElection152] INFO  impl.RaftServerImpl (RaftServerImpl.java:setRole(174)) - 7cf7e218-75a7-48f9-af97-c86dcc9fa8bb@group-5A2207229AA7: changes role from CANDIDATE to FOLLOWER at term 1 for DISCOVERED_A_NEW_TERM
2019-10-14 14:58:25,970 [b6736591-a50b-4ef5-84f2-574cdc5435b3@group-5A2207229AA7:LeaderElection150] INFO  impl.RaftServerImpl (ServerState.java:setLeader(253)) - b6736591-a50b-4ef5-84f2-574cdc5435b3@group-5A2207229AA7: change Leader from null to b6736591-a50b-4ef5-84f2-574cdc5435b3 at term 1 for becomeLeader, leader elected after 5169ms
2019-10-14 14:58:25,970 [7cf7e218-75a7-48f9-af97-c86dcc9fa8bb@group-5A2207229AA7:LeaderElection152] INFO  impl.RoleInfo (RoleInfo.java:shutdownLeaderElection(134)) - 7cf7e218-75a7-48f9-af97-c86dcc9fa8bb: shutdown LeaderElection
2019-10-14 14:58:25,971 [b6736591-a50b-4ef5-84f2-574cdc5435b3@group-5A2207229AA7:LeaderElection150] INFO  server.RaftServerConfigKeys (ConfUtils.java:logGet(43)) - raft.server.staging.catchup.gap = 1000 (default)
2019-10-14 14:58:25,971 [7cf7e218-75a7-48f9-af97-c86dcc9fa8bb@group-5A2207229AA7:LeaderElection152] INFO  impl.RoleInfo (RoleInfo.java:updateAndGet(143)) - 7cf7e218-75a7-48f9-af97-c86dcc9fa8bb: start FollowerState
2019-10-14 14:58:25,971 [b6736591-a50b-4ef5-84f2-574cdc5435b3@group-5A2207229AA7:LeaderElection150] INFO  server.RaftServerConfigKeys (ConfUtils.java:logGet(43)) - raft.server.rpc.sleep.time = 25ms (default)
2019-10-14 14:58:25,971 [b6736591-a50b-4ef5-84f2-574cdc5435b3@group-5A2207229AA7:LeaderElection150] INFO  server.RaftServerConfigKeys (ConfUtils.java:logGet(43)) - raft.server.write.element-limit = 4096 (default)
2019-10-14 14:58:25,971 [b6736591-a50b-4ef5-84f2-574cdc5435b3@group-5A2207229AA7:LeaderElection150] INFO  server.RaftServerConfigKeys (ConfUtils.java:logGet(43)) - raft.server.watch.timeout = 10s (default)
2019-10-14 14:58:25,971 [b6736591-a50b-4ef5-84f2-574cdc5435b3@group-5A2207229AA7:LeaderElection150] INFO  server.RaftServerConfigKeys (ConfUtils.java:logGet(43)) - raft.server.watch.timeout.denomination = 1s (default)
2019-10-14 14:58:25,971 [b6736591-a50b-4ef5-84f2-574cdc5435b3@group-5A2207229AA7:LeaderElection150] INFO  server.RaftServerConfigKeys (ConfUtils.java:logGet(43)) - raft.server.watch.element-limit = 65536 (default)
2019-10-14 14:58:25,973 [b6736591-a50b-4ef5-84f2-574cdc5435b3@group-5A2207229AA7:LeaderElection150] INFO  server.RaftServerConfigKeys (ConfUtils.java:logGet(43)) - raft.server.log.appender.snapshot.chunk.size.max = 16MB (=16777216) (default)
2019-10-14 14:58:25,973 [b6736591-a50b-4ef5-84f2-574cdc5435b3@group-5A2207229AA7:LeaderElection150] INFO  server.RaftServerConfigKeys (ConfUtils.java:logGet(43)) - raft.server.log.appender.buffer.byte-limit = 33554432 (custom)
2019-10-14 14:58:25,973 [b6736591-a50b-4ef5-84f2-574cdc5435b3@group-5A2207229AA7:LeaderElection150] INFO  server.RaftServerConfigKeys (ConfUtils.java:logGet(43)) - raft.server.log.appender.buffer.element-limit = 1 (custom)
2019-10-14 14:58:25,973 [b6736591-a50b-4ef5-84f2-574cdc5435b3@group-5A2207229AA7:LeaderElection150] INFO  grpc.GrpcConfigKeys$Server (ConfUtils.java:logGet(43)) - raft.grpc.server.leader.outstanding.appends.max = 128 (default)
2019-10-14 14:58:25,973 [b6736591-a50b-4ef5-84f2-574cdc5435b3@group-5A2207229AA7:LeaderElection150] INFO  server.RaftServerConfigKeys (ConfUtils.java:logGet(43)) - raft.server.rpc.request.timeout = 3000ms (default)
2019-10-14 14:58:25,974 [b6736591-a50b-4ef5-84f2-574cdc5435b3@group-5A2207229AA7:LeaderElection150] INFO  server.RaftServerConfigKeys (ConfUtils.java:logGet(43)) - raft.server.log.appender.install.snapshot.enabled = false (custom)
2019-10-14 14:58:25,974 [b6736591-a50b-4ef5-84f2-574cdc5435b3@group-5A2207229AA7:LeaderElection150] INFO  server.RaftServerConfigKeys (ConfUtils.java:logGet(43)) - raft.server.log.appender.snapshot.chunk.size.max = 16MB (=16777216) (default)
2019-10-14 14:58:25,974 [b6736591-a50b-4ef5-84f2-574cdc5435b3@group-5A2207229AA7:LeaderElection150] INFO  server.RaftServerConfigKeys (ConfUtils.java:logGet(43)) - raft.server.log.appender.buffer.byte-limit = 33554432 (custom)
2019-10-14 14:58:25,974 [b6736591-a50b-4ef5-84f2-574cdc5435b3@group-5A2207229AA7:LeaderElection150] INFO  server.RaftServerConfigKeys (ConfUtils.java:logGet(43)) - raft.server.log.appender.buffer.element-limit = 1 (custom)
2019-10-14 14:58:25,974 [b6736591-a50b-4ef5-84f2-574cdc5435b3@group-5A2207229AA7:LeaderElection150] INFO  grpc.GrpcConfigKeys$Server (ConfUtils.java:logGet(43)) - raft.grpc.server.leader.outstanding.appends.max = 128 (default)
2019-10-14 14:58:25,974 [b6736591-a50b-4ef5-84f2-574cdc5435b3@group-5A2207229AA7:LeaderElection150] INFO  server.RaftServerConfigKeys (ConfUtils.java:logGet(43)) - raft.server.rpc.request.timeout = 3000ms (default)
2019-10-14 14:58:25,974 [b6736591-a50b-4ef5-84f2-574cdc5435b3@group-5A2207229AA7:LeaderElection150] INFO  server.RaftServerConfigKeys (ConfUtils.java:logGet(43)) - raft.server.log.appender.install.snapshot.enabled = false (custom)
2019-10-14 14:58:25,975 [b6736591-a50b-4ef5-84f2-574cdc5435b3@group-5A2207229AA7:LeaderElection150] INFO  impl.RoleInfo (RoleInfo.java:updateAndGet(143)) - b6736591-a50b-4ef5-84f2-574cdc5435b3: start LeaderState
2019-10-14 14:58:25,975 [b6736591-a50b-4ef5-84f2-574cdc5435b3@group-5A2207229AA7:LeaderElection150] INFO  segmented.SegmentedRaftLogWorker (SegmentedRaftLogWorker.java:startLogSegment(380)) - b6736591-a50b-4ef5-84f2-574cdc5435b3@group-5A2207229AA7-SegmentedRaftLogWorker: Starting segment from index:0
2019-10-14 14:58:25,975 [b6736591-a50b-4ef5-84f2-574cdc5435b3@group-5A2207229AA7:LeaderElection150] INFO  impl.RaftServerImpl (ServerState.java:setRaftConf(354)) - b6736591-a50b-4ef5-84f2-574cdc5435b3@group-5A2207229AA7: set configuration 0: [805c446b-b997-4105-8957-3233a3685cc7:192.168.5.159:45708, b6736591-a50b-4ef5-84f2-574cdc5435b3:192.168.5.159:38807, 7cf7e218-75a7-48f9-af97-c86dcc9fa8bb:192.168.5.159:39572], old=null at 0
2019-10-14 14:58:25,976 [grpc-default-executor-5] INFO  impl.RaftServerImpl (ServerState.java:setLeader(253)) - 805c446b-b997-4105-8957-3233a3685cc7@group-5A2207229AA7: change Leader from null to b6736591-a50b-4ef5-84f2-574cdc5435b3 at term 1 for appendEntries, leader elected after 5175ms
2019-10-14 14:58:25,977 [grpc-default-executor-11] INFO  impl.RaftServerImpl (ServerState.java:setLeader(253)) - 7cf7e218-75a7-48f9-af97-c86dcc9fa8bb@group-5A2207229AA7: change Leader from null to b6736591-a50b-4ef5-84f2-574cdc5435b3 at term 1 for appendEntries, leader elected after 5176ms
2019-10-14 14:58:26,030 [grpc-default-executor-11] INFO  impl.RaftServerImpl (ServerState.java:setRaftConf(354)) - 805c446b-b997-4105-8957-3233a3685cc7@group-5A2207229AA7: set configuration 0: [805c446b-b997-4105-8957-3233a3685cc7:192.168.5.159:45708, b6736591-a50b-4ef5-84f2-574cdc5435b3:192.168.5.159:38807, 7cf7e218-75a7-48f9-af97-c86dcc9fa8bb:192.168.5.159:39572], old=null at 0
2019-10-14 14:58:26,030 [grpc-default-executor-5] INFO  impl.RaftServerImpl (ServerState.java:setRaftConf(354)) - 7cf7e218-75a7-48f9-af97-c86dcc9fa8bb@group-5A2207229AA7: set configuration 0: [805c446b-b997-4105-8957-3233a3685cc7:192.168.5.159:45708, b6736591-a50b-4ef5-84f2-574cdc5435b3:192.168.5.159:38807, 7cf7e218-75a7-48f9-af97-c86dcc9fa8bb:192.168.5.159:39572], old=null at 0
2019-10-14 14:58:26,030 [grpc-default-executor-11] INFO  segmented.SegmentedRaftLogWorker (SegmentedRaftLogWorker.java:startLogSegment(380)) - 805c446b-b997-4105-8957-3233a3685cc7@group-5A2207229AA7-SegmentedRaftLogWorker: Starting segment from index:0
2019-10-14 14:58:26,030 [grpc-default-executor-5] INFO  segmented.SegmentedRaftLogWorker (SegmentedRaftLogWorker.java:startLogSegment(380)) - 7cf7e218-75a7-48f9-af97-c86dcc9fa8bb@group-5A2207229AA7-SegmentedRaftLogWorker: Starting segment from index:0
2019-10-14 14:58:26,039 [b6736591-a50b-4ef5-84f2-574cdc5435b3@group-5A2207229AA7-SegmentedRaftLogWorker] INFO  segmented.SegmentedRaftLogWorker (SegmentedRaftLogWorker.java:execute(569)) - b6736591-a50b-4ef5-84f2-574cdc5435b3@group-5A2207229AA7-SegmentedRaftLogWorker: created new log segment /workdir/hadoop-ozone/integration-test/target/test-dir/MiniOzoneClusterImpl-aa81d3dd-6e87-4dee-8c30-8f43e5632f78/datanode-6/data/ratis/08b74ee0-5fb2-42f1-a4ac-5a2207229aa7/current/log_inprogress_0
2019-10-14 14:58:26,039 [b6736591-a50b-4ef5-84f2-574cdc5435b3@group-10918DF773FD-SegmentedRaftLogWorker] INFO  segmented.SegmentedRaftLogWorker (SegmentedRaftLogWorker.java:execute(569)) - b6736591-a50b-4ef5-84f2-574cdc5435b3@group-10918DF773FD-SegmentedRaftLogWorker: created new log segment /workdir/hadoop-ozone/integration-test/target/test-dir/MiniOzoneClusterImpl-aa81d3dd-6e87-4dee-8c30-8f43e5632f78/datanode-6/data/ratis/3013f153-68ff-4088-a6ab-10918df773fd/current/log_inprogress_0
2019-10-14 14:58:26,087 [7cf7e218-75a7-48f9-af97-c86dcc9fa8bb@group-5A2207229AA7-SegmentedRaftLogWorker] INFO  segmented.SegmentedRaftLogWorker (SegmentedRaftLogWorker.java:execute(569)) - 7cf7e218-75a7-48f9-af97-c86dcc9fa8bb@group-5A2207229AA7-SegmentedRaftLogWorker: created new log segment /workdir/hadoop-ozone/integration-test/target/test-dir/MiniOzoneClusterImpl-aa81d3dd-6e87-4dee-8c30-8f43e5632f78/datanode-4/data/ratis/08b74ee0-5fb2-42f1-a4ac-5a2207229aa7/current/log_inprogress_0
2019-10-14 14:58:26,087 [805c446b-b997-4105-8957-3233a3685cc7@group-5A2207229AA7-SegmentedRaftLogWorker] INFO  segmented.SegmentedRaftLogWorker (SegmentedRaftLogWorker.java:execute(569)) - 805c446b-b997-4105-8957-3233a3685cc7@group-5A2207229AA7-SegmentedRaftLogWorker: created new log segment /workdir/hadoop-ozone/integration-test/target/test-dir/MiniOzoneClusterImpl-aa81d3dd-6e87-4dee-8c30-8f43e5632f78/datanode-5/data/ratis/08b74ee0-5fb2-42f1-a4ac-5a2207229aa7/current/log_inprogress_0
2019-10-14 14:58:26,283 [EventQueue-CloseContainerForCloseContainerEventHandler] INFO  container.CloseContainerEventHandler (CloseContainerEventHandler.java:onMessage(61)) - Close container Event triggered for container : #1
2019-10-14 14:58:26,284 [EventQueue-CloseContainerForCloseContainerEventHandler] INFO  container.CloseContainerEventHandler (CloseContainerEventHandler.java:onMessage(61)) - Close container Event triggered for container : #1
2019-10-14 14:58:26,284 [EventQueue-CloseContainerForCloseContainerEventHandler] INFO  container.CloseContainerEventHandler (CloseContainerEventHandler.java:onMessage(61)) - Close container Event triggered for container : #1
2019-10-14 14:58:27,312 [RatisApplyTransactionExecutor 1] INFO  interfaces.Container (KeyValueContainer.java:flushAndSyncDB(386)) - Container 1 is synced with bcsId 13.
2019-10-14 14:58:27,312 [RatisApplyTransactionExecutor 1] INFO  interfaces.Container (KeyValueContainer.java:flushAndSyncDB(386)) - Container 1 is synced with bcsId 13.
2019-10-14 14:58:27,337 [RatisApplyTransactionExecutor 1] INFO  interfaces.Container (KeyValueContainer.java:flushAndSyncDB(386)) - Container 1 is synced with bcsId 13.
2019-10-14 14:58:27,337 [RatisApplyTransactionExecutor 1] INFO  interfaces.Container (KeyValueContainer.java:flushAndSyncDB(386)) - Container 1 is synced with bcsId 13.
2019-10-14 14:58:27,338 [RatisApplyTransactionExecutor 1] INFO  interfaces.Container (KeyValueContainer.java:close(335)) - Container 1 is closed with bcsId 13.
2019-10-14 14:58:27,338 [RatisApplyTransactionExecutor 1] INFO  interfaces.Container (KeyValueContainer.java:flushAndSyncDB(386)) - Container 1 is synced with bcsId 13.
2019-10-14 14:58:27,338 [RatisApplyTransactionExecutor 1] INFO  interfaces.Container (KeyValueContainer.java:flushAndSyncDB(386)) - Container 1 is synced with bcsId 13.
2019-10-14 14:58:27,339 [EventQueue-IncrementalContainerReportForIncrementalContainerReportHandler] INFO  container.IncrementalContainerReportHandler (AbstractContainerReportHandler.java:updateContainerState(176)) - Moving container #1 to CLOSED state, datanode a0884861-8b64-4900-8d43-9348fc78e683{ip: 192.168.5.159, host: pr-hdds-1569-fwkxq-874464227, networkLocation: /default-rack, certSerialId: null} reported CLOSED replica.
2019-10-14 14:58:27,352 [RatisApplyTransactionExecutor 1] INFO  interfaces.Container (KeyValueContainer.java:close(335)) - Container 1 is closed with bcsId 13.
2019-10-14 14:58:27,352 [RatisApplyTransactionExecutor 1] INFO  interfaces.Container (KeyValueContainer.java:close(335)) - Container 1 is closed with bcsId 13.
14:58:27.785 [grpc-default-executor-11] ERROR DNAudit - user=null | ip=null | op=WRITE_CHUNK {blockData=conID: 1 locID: 102961322447208467 bcsId: 13} | ret=FAILURE
org.apache.hadoop.hdds.scm.container.common.helpers.ContainerNotOpenException: Container 1 in CLOSED state
	at org.apache.hadoop.ozone.container.common.impl.HddsDispatcher.validateContainerCommand(HddsDispatcher.java:434) ~[hadoop-hdds-container-service-0.5.0-SNAPSHOT.jar:?]
	at org.apache.hadoop.ozone.container.common.transport.server.ratis.ContainerStateMachine.startTransaction(ContainerStateMachine.java:315) ~[hadoop-hdds-container-service-0.5.0-SNAPSHOT.jar:?]
	at org.apache.ratis.server.impl.RaftServerImpl.submitClientRequestAsync(RaftServerImpl.java:573) ~[ratis-server-0.4.0.jar:0.4.0]
	at org.apache.ratis.server.impl.RaftServerProxy.lambda$submitClientRequestAsync$7(RaftServerProxy.java:333) ~[ratis-server-0.4.0.jar:0.4.0]
	at org.apache.ratis.server.impl.RaftServerProxy.lambda$null$5(RaftServerProxy.java:328) ~[ratis-server-0.4.0.jar:0.4.0]
	at org.apache.ratis.util.JavaUtils.callAsUnchecked(JavaUtils.java:109) ~[ratis-common-0.4.0.jar:0.4.0]
	at org.apache.ratis.server.impl.RaftServerProxy.lambda$submitRequest$6(RaftServerProxy.java:328) ~[ratis-server-0.4.0.jar:0.4.0]
	at java.util.concurrent.CompletableFuture.uniComposeStage(CompletableFuture.java:981) ~[?:1.8.0_212]
	at java.util.concurrent.CompletableFuture.thenCompose(CompletableFuture.java:2124) ~[?:1.8.0_212]
	at org.apache.ratis.server.impl.RaftServerProxy.submitRequest(RaftServerProxy.java:327) ~[ratis-server-0.4.0.jar:0.4.0]
	at org.apache.ratis.server.impl.RaftServerProxy.submitClientRequestAsync(RaftServerProxy.java:333) ~[ratis-server-0.4.0.jar:0.4.0]
	at org.apache.ratis.grpc.client.GrpcClientProtocolService$RequestStreamObserver.processClientRequest(GrpcClientProtocolService.java:220) ~[ratis-grpc-0.4.0.jar:0.4.0]
	at org.apache.ratis.grpc.client.GrpcClientProtocolService$OrderedRequestStreamObserver.processClientRequest(GrpcClientProtocolService.java:326) ~[ratis-grpc-0.4.0.jar:0.4.0]
	at org.apache.ratis.util.SlidingWindow$Server.processRequestsFromHead(SlidingWindow.java:429) [ratis-common-0.4.0.jar:0.4.0]
	at org.apache.ratis.util.SlidingWindow$Server.receivedRequest(SlidingWindow.java:421) [ratis-common-0.4.0.jar:0.4.0]
	at org.apache.ratis.grpc.client.GrpcClientProtocolService$OrderedRequestStreamObserver.processClientRequest(GrpcClientProtocolService.java:345) [ratis-grpc-0.4.0.jar:0.4.0]
	at org.apache.ratis.grpc.client.GrpcClientProtocolService$RequestStreamObserver.onNext(GrpcClientProtocolService.java:240) [ratis-grpc-0.4.0.jar:0.4.0]
	at org.apache.ratis.grpc.client.GrpcClientProtocolService$RequestStreamObserver.onNext(GrpcClientProtocolService.java:168) [ratis-grpc-0.4.0.jar:0.4.0]
	at org.apache.ratis.thirdparty.io.grpc.stub.ServerCalls$StreamingServerCallHandler$StreamingServerCallListener.onMessage(ServerCalls.java:248) [ratis-thirdparty-misc-0.2.0.jar:0.2.0]
	at org.apache.ratis.thirdparty.io.grpc.internal.ServerCallImpl$ServerStreamListenerImpl.messagesAvailable(ServerCallImpl.java:263) [ratis-thirdparty-misc-0.2.0.jar:0.2.0]
	at org.apache.ratis.thirdparty.io.grpc.internal.ServerImpl$JumpToApplicationThreadServerStreamListener$1MessagesAvailable.runInContext(ServerImpl.java:686) [ratis-thirdparty-misc-0.2.0.jar:0.2.0]
	at org.apache.ratis.thirdparty.io.grpc.internal.ContextRunnable.run(ContextRunnable.java:37) [ratis-thirdparty-misc-0.2.0.jar:0.2.0]
	at org.apache.ratis.thirdparty.io.grpc.internal.SerializingExecutor.run(SerializingExecutor.java:123) [ratis-thirdparty-misc-0.2.0.jar:0.2.0]
	at java.util.concurrent.ThreadPoolExecutor.runWorker(ThreadPoolExecutor.java:1149) [?:1.8.0_212]
	at java.util.concurrent.ThreadPoolExecutor$Worker.run(ThreadPoolExecutor.java:624) [?:1.8.0_212]
	at java.lang.Thread.run(Thread.java:748) [?:1.8.0_212]
14:58:27.796 [grpc-default-executor-11] ERROR DNAudit - user=null | ip=null | op=WRITE_CHUNK {blockData=conID: 1 locID: 102961322447208467 bcsId: 13} | ret=FAILURE
org.apache.hadoop.hdds.scm.container.common.helpers.ContainerNotOpenException: Container 1 in CLOSED state
	at org.apache.hadoop.ozone.container.common.impl.HddsDispatcher.validateContainerCommand(HddsDispatcher.java:434) ~[hadoop-hdds-container-service-0.5.0-SNAPSHOT.jar:?]
	at org.apache.hadoop.ozone.container.common.transport.server.ratis.ContainerStateMachine.startTransaction(ContainerStateMachine.java:315) ~[hadoop-hdds-container-service-0.5.0-SNAPSHOT.jar:?]
	at org.apache.ratis.server.impl.RaftServerImpl.submitClientRequestAsync(RaftServerImpl.java:573) ~[ratis-server-0.4.0.jar:0.4.0]
	at org.apache.ratis.server.impl.RaftServerProxy.lambda$submitClientRequestAsync$7(RaftServerProxy.java:333) ~[ratis-server-0.4.0.jar:0.4.0]
	at org.apache.ratis.server.impl.RaftServerProxy.lambda$null$5(RaftServerProxy.java:328) ~[ratis-server-0.4.0.jar:0.4.0]
	at org.apache.ratis.util.JavaUtils.callAsUnchecked(JavaUtils.java:109) ~[ratis-common-0.4.0.jar:0.4.0]
	at org.apache.ratis.server.impl.RaftServerProxy.lambda$submitRequest$6(RaftServerProxy.java:328) ~[ratis-server-0.4.0.jar:0.4.0]
	at java.util.concurrent.CompletableFuture.uniComposeStage(CompletableFuture.java:981) ~[?:1.8.0_212]
	at java.util.concurrent.CompletableFuture.thenCompose(CompletableFuture.java:2124) ~[?:1.8.0_212]
	at org.apache.ratis.server.impl.RaftServerProxy.submitRequest(RaftServerProxy.java:327) ~[ratis-server-0.4.0.jar:0.4.0]
	at org.apache.ratis.server.impl.RaftServerProxy.submitClientRequestAsync(RaftServerProxy.java:333) ~[ratis-server-0.4.0.jar:0.4.0]
	at org.apache.ratis.grpc.client.GrpcClientProtocolService$RequestStreamObserver.processClientRequest(GrpcClientProtocolService.java:220) ~[ratis-grpc-0.4.0.jar:0.4.0]
	at org.apache.ratis.grpc.client.GrpcClientProtocolService$OrderedRequestStreamObserver.processClientRequest(GrpcClientProtocolService.java:326) ~[ratis-grpc-0.4.0.jar:0.4.0]
	at org.apache.ratis.util.SlidingWindow$Server.processRequestsFromHead(SlidingWindow.java:429) [ratis-common-0.4.0.jar:0.4.0]
	at org.apache.ratis.util.SlidingWindow$Server.receivedRequest(SlidingWindow.java:421) [ratis-common-0.4.0.jar:0.4.0]
	at org.apache.ratis.grpc.client.GrpcClientProtocolService$OrderedRequestStreamObserver.processClientRequest(GrpcClientProtocolService.java:345) [ratis-grpc-0.4.0.jar:0.4.0]
	at org.apache.ratis.grpc.client.GrpcClientProtocolService$RequestStreamObserver.onNext(GrpcClientProtocolService.java:240) [ratis-grpc-0.4.0.jar:0.4.0]
	at org.apache.ratis.grpc.client.GrpcClientProtocolService$RequestStreamObserver.onNext(GrpcClientProtocolService.java:168) [ratis-grpc-0.4.0.jar:0.4.0]
	at org.apache.ratis.thirdparty.io.grpc.stub.ServerCalls$StreamingServerCallHandler$StreamingServerCallListener.onMessage(ServerCalls.java:248) [ratis-thirdparty-misc-0.2.0.jar:0.2.0]
	at org.apache.ratis.thirdparty.io.grpc.internal.ServerCallImpl$ServerStreamListenerImpl.messagesAvailable(ServerCallImpl.java:263) [ratis-thirdparty-misc-0.2.0.jar:0.2.0]
	at org.apache.ratis.thirdparty.io.grpc.internal.ServerImpl$JumpToApplicationThreadServerStreamListener$1MessagesAvailable.runInContext(ServerImpl.java:686) [ratis-thirdparty-misc-0.2.0.jar:0.2.0]
	at org.apache.ratis.thirdparty.io.grpc.internal.ContextRunnable.run(ContextRunnable.java:37) [ratis-thirdparty-misc-0.2.0.jar:0.2.0]
	at org.apache.ratis.thirdparty.io.grpc.internal.SerializingExecutor.run(SerializingExecutor.java:123) [ratis-thirdparty-misc-0.2.0.jar:0.2.0]
	at java.util.concurrent.ThreadPoolExecutor.runWorker(ThreadPoolExecutor.java:1149) [?:1.8.0_212]
	at java.util.concurrent.ThreadPoolExecutor$Worker.run(ThreadPoolExecutor.java:624) [?:1.8.0_212]
	at java.lang.Thread.run(Thread.java:748) [?:1.8.0_212]
14:58:27.798 [grpc-default-executor-11] ERROR DNAudit - user=null | ip=null | op=PUT_BLOCK {blockData=[blockId=conID: 1 locID: 102961322447208467 bcsId: 0,size=650]} | ret=FAILURE
org.apache.hadoop.hdds.scm.container.common.helpers.ContainerNotOpenException: Container 1 in CLOSED state
	at org.apache.hadoop.ozone.container.common.impl.HddsDispatcher.validateContainerCommand(HddsDispatcher.java:434) ~[hadoop-hdds-container-service-0.5.0-SNAPSHOT.jar:?]
	at org.apache.hadoop.ozone.container.common.transport.server.ratis.ContainerStateMachine.startTransaction(ContainerStateMachine.java:315) ~[hadoop-hdds-container-service-0.5.0-SNAPSHOT.jar:?]
	at org.apache.ratis.server.impl.RaftServerImpl.submitClientRequestAsync(RaftServerImpl.java:573) ~[ratis-server-0.4.0.jar:0.4.0]
	at org.apache.ratis.server.impl.RaftServerProxy.lambda$submitClientRequestAsync$7(RaftServerProxy.java:333) ~[ratis-server-0.4.0.jar:0.4.0]
	at org.apache.ratis.server.impl.RaftServerProxy.lambda$null$5(RaftServerProxy.java:328) ~[ratis-server-0.4.0.jar:0.4.0]
	at org.apache.ratis.util.JavaUtils.callAsUnchecked(JavaUtils.java:109) ~[ratis-common-0.4.0.jar:0.4.0]
	at org.apache.ratis.server.impl.RaftServerProxy.lambda$submitRequest$6(RaftServerProxy.java:328) ~[ratis-server-0.4.0.jar:0.4.0]
	at java.util.concurrent.CompletableFuture.uniComposeStage(CompletableFuture.java:981) ~[?:1.8.0_212]
	at java.util.concurrent.CompletableFuture.thenCompose(CompletableFuture.java:2124) ~[?:1.8.0_212]
	at org.apache.ratis.server.impl.RaftServerProxy.submitRequest(RaftServerProxy.java:327) ~[ratis-server-0.4.0.jar:0.4.0]
	at org.apache.ratis.server.impl.RaftServerProxy.submitClientRequestAsync(RaftServerProxy.java:333) ~[ratis-server-0.4.0.jar:0.4.0]
	at org.apache.ratis.grpc.client.GrpcClientProtocolService$RequestStreamObserver.processClientRequest(GrpcClientProtocolService.java:220) ~[ratis-grpc-0.4.0.jar:0.4.0]
	at org.apache.ratis.grpc.client.GrpcClientProtocolService$OrderedRequestStreamObserver.processClientRequest(GrpcClientProtocolService.java:326) ~[ratis-grpc-0.4.0.jar:0.4.0]
	at org.apache.ratis.util.SlidingWindow$Server.processRequestsFromHead(SlidingWindow.java:429) [ratis-common-0.4.0.jar:0.4.0]
	at org.apache.ratis.util.SlidingWindow$Server.receivedRequest(SlidingWindow.java:421) [ratis-common-0.4.0.jar:0.4.0]
	at org.apache.ratis.grpc.client.GrpcClientProtocolService$OrderedRequestStreamObserver.processClientRequest(GrpcClientProtocolService.java:345) [ratis-grpc-0.4.0.jar:0.4.0]
	at org.apache.ratis.grpc.client.GrpcClientProtocolService$RequestStreamObserver.onNext(GrpcClientProtocolService.java:240) [ratis-grpc-0.4.0.jar:0.4.0]
	at org.apache.ratis.grpc.client.GrpcClientProtocolService$RequestStreamObserver.onNext(GrpcClientProtocolService.java:168) [ratis-grpc-0.4.0.jar:0.4.0]
	at org.apache.ratis.thirdparty.io.grpc.stub.ServerCalls$StreamingServerCallHandler$StreamingServerCallListener.onMessage(ServerCalls.java:248) [ratis-thirdparty-misc-0.2.0.jar:0.2.0]
	at org.apache.ratis.thirdparty.io.grpc.internal.ServerCallImpl$ServerStreamListenerImpl.messagesAvailable(ServerCallImpl.java:263) [ratis-thirdparty-misc-0.2.0.jar:0.2.0]
	at org.apache.ratis.thirdparty.io.grpc.internal.ServerImpl$JumpToApplicationThreadServerStreamListener$1MessagesAvailable.runInContext(ServerImpl.java:686) [ratis-thirdparty-misc-0.2.0.jar:0.2.0]
	at org.apache.ratis.thirdparty.io.grpc.internal.ContextRunnable.run(ContextRunnable.java:37) [ratis-thirdparty-misc-0.2.0.jar:0.2.0]
	at org.apache.ratis.thirdparty.io.grpc.internal.SerializingExecutor.run(SerializingExecutor.java:123) [ratis-thirdparty-misc-0.2.0.jar:0.2.0]
	at java.util.concurrent.ThreadPoolExecutor.runWorker(ThreadPoolExecutor.java:1149) [?:1.8.0_212]
	at java.util.concurrent.ThreadPoolExecutor$Worker.run(ThreadPoolExecutor.java:624) [?:1.8.0_212]
	at java.lang.Thread.run(Thread.java:748) [?:1.8.0_212]
14:58:27.817 [grpc-default-executor-11] ERROR DNAudit - user=null | ip=null | op=WRITE_CHUNK {blockData=conID: 1 locID: 102961322447208467 bcsId: 13} | ret=FAILURE
org.apache.hadoop.hdds.scm.container.common.helpers.ContainerNotOpenException: Container 1 in CLOSED state
	at org.apache.hadoop.ozone.container.common.impl.HddsDispatcher.validateContainerCommand(HddsDispatcher.java:434) ~[hadoop-hdds-container-service-0.5.0-SNAPSHOT.jar:?]
	at org.apache.hadoop.ozone.container.common.transport.server.ratis.ContainerStateMachine.startTransaction(ContainerStateMachine.java:315) ~[hadoop-hdds-container-service-0.5.0-SNAPSHOT.jar:?]
	at org.apache.ratis.server.impl.RaftServerImpl.submitClientRequestAsync(RaftServerImpl.java:573) ~[ratis-server-0.4.0.jar:0.4.0]
	at org.apache.ratis.server.impl.RaftServerProxy.lambda$submitClientRequestAsync$7(RaftServerProxy.java:333) ~[ratis-server-0.4.0.jar:0.4.0]
	at org.apache.ratis.server.impl.RaftServerProxy.lambda$null$5(RaftServerProxy.java:328) ~[ratis-server-0.4.0.jar:0.4.0]
	at org.apache.ratis.util.JavaUtils.callAsUnchecked(JavaUtils.java:109) ~[ratis-common-0.4.0.jar:0.4.0]
	at org.apache.ratis.server.impl.RaftServerProxy.lambda$submitRequest$6(RaftServerProxy.java:328) ~[ratis-server-0.4.0.jar:0.4.0]
	at java.util.concurrent.CompletableFuture.uniComposeStage(CompletableFuture.java:981) ~[?:1.8.0_212]
	at java.util.concurrent.CompletableFuture.thenCompose(CompletableFuture.java:2124) ~[?:1.8.0_212]
	at org.apache.ratis.server.impl.RaftServerProxy.submitRequest(RaftServerProxy.java:327) ~[ratis-server-0.4.0.jar:0.4.0]
	at org.apache.ratis.server.impl.RaftServerProxy.submitClientRequestAsync(RaftServerProxy.java:333) ~[ratis-server-0.4.0.jar:0.4.0]
	at org.apache.ratis.grpc.client.GrpcClientProtocolService$RequestStreamObserver.processClientRequest(GrpcClientProtocolService.java:220) ~[ratis-grpc-0.4.0.jar:0.4.0]
	at org.apache.ratis.grpc.client.GrpcClientProtocolService$OrderedRequestStreamObserver.processClientRequest(GrpcClientProtocolService.java:326) ~[ratis-grpc-0.4.0.jar:0.4.0]
	at org.apache.ratis.util.SlidingWindow$Server.processRequestsFromHead(SlidingWindow.java:429) [ratis-common-0.4.0.jar:0.4.0]
	at org.apache.ratis.util.SlidingWindow$Server.receivedRequest(SlidingWindow.java:421) [ratis-common-0.4.0.jar:0.4.0]
	at org.apache.ratis.grpc.client.GrpcClientProtocolService$OrderedRequestStreamObserver.processClientRequest(GrpcClientProtocolService.java:345) [ratis-grpc-0.4.0.jar:0.4.0]
	at org.apache.ratis.grpc.client.GrpcClientProtocolService$RequestStreamObserver.onNext(GrpcClientProtocolService.java:240) [ratis-grpc-0.4.0.jar:0.4.0]
	at org.apache.ratis.grpc.client.GrpcClientProtocolService$RequestStreamObserver.onNext(GrpcClientProtocolService.java:168) [ratis-grpc-0.4.0.jar:0.4.0]
	at org.apache.ratis.thirdparty.io.grpc.stub.ServerCalls$StreamingServerCallHandler$StreamingServerCallListener.onMessage(ServerCalls.java:248) [ratis-thirdparty-misc-0.2.0.jar:0.2.0]
	at org.apache.ratis.thirdparty.io.grpc.internal.ServerCallImpl$ServerStreamListenerImpl.messagesAvailable(ServerCallImpl.java:263) [ratis-thirdparty-misc-0.2.0.jar:0.2.0]
	at org.apache.ratis.thirdparty.io.grpc.internal.ServerImpl$JumpToApplicationThreadServerStreamListener$1MessagesAvailable.runInContext(ServerImpl.java:686) [ratis-thirdparty-misc-0.2.0.jar:0.2.0]
	at org.apache.ratis.thirdparty.io.grpc.internal.ContextRunnable.run(ContextRunnable.java:37) [ratis-thirdparty-misc-0.2.0.jar:0.2.0]
	at org.apache.ratis.thirdparty.io.grpc.internal.SerializingExecutor.run(SerializingExecutor.java:123) [ratis-thirdparty-misc-0.2.0.jar:0.2.0]
	at java.util.concurrent.ThreadPoolExecutor.runWorker(ThreadPoolExecutor.java:1149) [?:1.8.0_212]
	at java.util.concurrent.ThreadPoolExecutor$Worker.run(ThreadPoolExecutor.java:624) [?:1.8.0_212]
	at java.lang.Thread.run(Thread.java:748) [?:1.8.0_212]
14:58:27.824 [grpc-default-executor-11] ERROR DNAudit - user=null | ip=null | op=WRITE_CHUNK {blockData=conID: 1 locID: 102961322447208467 bcsId: 13} | ret=FAILURE
org.apache.hadoop.hdds.scm.container.common.helpers.ContainerNotOpenException: Container 1 in CLOSED state
	at org.apache.hadoop.ozone.container.common.impl.HddsDispatcher.validateContainerCommand(HddsDispatcher.java:434) ~[hadoop-hdds-container-service-0.5.0-SNAPSHOT.jar:?]
	at org.apache.hadoop.ozone.container.common.transport.server.ratis.ContainerStateMachine.startTransaction(ContainerStateMachine.java:315) ~[hadoop-hdds-container-service-0.5.0-SNAPSHOT.jar:?]
	at org.apache.ratis.server.impl.RaftServerImpl.submitClientRequestAsync(RaftServerImpl.java:573) ~[ratis-server-0.4.0.jar:0.4.0]
	at org.apache.ratis.server.impl.RaftServerProxy.lambda$submitClientRequestAsync$7(RaftServerProxy.java:333) ~[ratis-server-0.4.0.jar:0.4.0]
	at org.apache.ratis.server.impl.RaftServerProxy.lambda$null$5(RaftServerProxy.java:328) ~[ratis-server-0.4.0.jar:0.4.0]
	at org.apache.ratis.util.JavaUtils.callAsUnchecked(JavaUtils.java:109) ~[ratis-common-0.4.0.jar:0.4.0]
	at org.apache.ratis.server.impl.RaftServerProxy.lambda$submitRequest$6(RaftServerProxy.java:328) ~[ratis-server-0.4.0.jar:0.4.0]
	at java.util.concurrent.CompletableFuture.uniComposeStage(CompletableFuture.java:981) ~[?:1.8.0_212]
	at java.util.concurrent.CompletableFuture.thenCompose(CompletableFuture.java:2124) ~[?:1.8.0_212]
	at org.apache.ratis.server.impl.RaftServerProxy.submitRequest(RaftServerProxy.java:327) ~[ratis-server-0.4.0.jar:0.4.0]
	at org.apache.ratis.server.impl.RaftServerProxy.submitClientRequestAsync(RaftServerProxy.java:333) ~[ratis-server-0.4.0.jar:0.4.0]
	at org.apache.ratis.grpc.client.GrpcClientProtocolService$RequestStreamObserver.processClientRequest(GrpcClientProtocolService.java:220) ~[ratis-grpc-0.4.0.jar:0.4.0]
	at org.apache.ratis.grpc.client.GrpcClientProtocolService$OrderedRequestStreamObserver.processClientRequest(GrpcClientProtocolService.java:326) ~[ratis-grpc-0.4.0.jar:0.4.0]
	at org.apache.ratis.util.SlidingWindow$Server.processRequestsFromHead(SlidingWindow.java:429) [ratis-common-0.4.0.jar:0.4.0]
	at org.apache.ratis.util.SlidingWindow$Server.receivedRequest(SlidingWindow.java:421) [ratis-common-0.4.0.jar:0.4.0]
	at org.apache.ratis.grpc.client.GrpcClientProtocolService$OrderedRequestStreamObserver.processClientRequest(GrpcClientProtocolService.java:345) [ratis-grpc-0.4.0.jar:0.4.0]
	at org.apache.ratis.grpc.client.GrpcClientProtocolService$RequestStreamObserver.onNext(GrpcClientProtocolService.java:240) [ratis-grpc-0.4.0.jar:0.4.0]
	at org.apache.ratis.grpc.client.GrpcClientProtocolService$RequestStreamObserver.onNext(GrpcClientProtocolService.java:168) [ratis-grpc-0.4.0.jar:0.4.0]
	at org.apache.ratis.thirdparty.io.grpc.stub.ServerCalls$StreamingServerCallHandler$StreamingServerCallListener.onMessage(ServerCalls.java:248) [ratis-thirdparty-misc-0.2.0.jar:0.2.0]
	at org.apache.ratis.thirdparty.io.grpc.internal.ServerCallImpl$ServerStreamListenerImpl.messagesAvailable(ServerCallImpl.java:263) [ratis-thirdparty-misc-0.2.0.jar:0.2.0]
	at org.apache.ratis.thirdparty.io.grpc.internal.ServerImpl$JumpToApplicationThreadServerStreamListener$1MessagesAvailable.runInContext(ServerImpl.java:686) [ratis-thirdparty-misc-0.2.0.jar:0.2.0]
	at org.apache.ratis.thirdparty.io.grpc.internal.ContextRunnable.run(ContextRunnable.java:37) [ratis-thirdparty-misc-0.2.0.jar:0.2.0]
	at org.apache.ratis.thirdparty.io.grpc.internal.SerializingExecutor.run(SerializingExecutor.java:123) [ratis-thirdparty-misc-0.2.0.jar:0.2.0]
	at java.util.concurrent.ThreadPoolExecutor.runWorker(ThreadPoolExecutor.java:1149) [?:1.8.0_212]
	at java.util.concurrent.ThreadPoolExecutor$Worker.run(ThreadPoolExecutor.java:624) [?:1.8.0_212]
	at java.lang.Thread.run(Thread.java:748) [?:1.8.0_212]
14:58:27.826 [grpc-default-executor-11] ERROR DNAudit - user=null | ip=null | op=PUT_BLOCK {blockData=[blockId=conID: 1 locID: 102961322447208467 bcsId: 0,size=800]} | ret=FAILURE
org.apache.hadoop.hdds.scm.container.common.helpers.ContainerNotOpenException: Container 1 in CLOSED state
	at org.apache.hadoop.ozone.container.common.impl.HddsDispatcher.validateContainerCommand(HddsDispatcher.java:434) ~[hadoop-hdds-container-service-0.5.0-SNAPSHOT.jar:?]
	at org.apache.hadoop.ozone.container.common.transport.server.ratis.ContainerStateMachine.startTransaction(ContainerStateMachine.java:315) ~[hadoop-hdds-container-service-0.5.0-SNAPSHOT.jar:?]
	at org.apache.ratis.server.impl.RaftServerImpl.submitClientRequestAsync(RaftServerImpl.java:573) ~[ratis-server-0.4.0.jar:0.4.0]
	at org.apache.ratis.server.impl.RaftServerProxy.lambda$submitClientRequestAsync$7(RaftServerProxy.java:333) ~[ratis-server-0.4.0.jar:0.4.0]
	at org.apache.ratis.server.impl.RaftServerProxy.lambda$null$5(RaftServerProxy.java:328) ~[ratis-server-0.4.0.jar:0.4.0]
	at org.apache.ratis.util.JavaUtils.callAsUnchecked(JavaUtils.java:109) ~[ratis-common-0.4.0.jar:0.4.0]
	at org.apache.ratis.server.impl.RaftServerProxy.lambda$submitRequest$6(RaftServerProxy.java:328) ~[ratis-server-0.4.0.jar:0.4.0]
	at java.util.concurrent.CompletableFuture.uniComposeStage(CompletableFuture.java:981) ~[?:1.8.0_212]
	at java.util.concurrent.CompletableFuture.thenCompose(CompletableFuture.java:2124) ~[?:1.8.0_212]
	at org.apache.ratis.server.impl.RaftServerProxy.submitRequest(RaftServerProxy.java:327) ~[ratis-server-0.4.0.jar:0.4.0]
	at org.apache.ratis.server.impl.RaftServerProxy.submitClientRequestAsync(RaftServerProxy.java:333) ~[ratis-server-0.4.0.jar:0.4.0]
	at org.apache.ratis.grpc.client.GrpcClientProtocolService$RequestStreamObserver.processClientRequest(GrpcClientProtocolService.java:220) ~[ratis-grpc-0.4.0.jar:0.4.0]
	at org.apache.ratis.grpc.client.GrpcClientProtocolService$OrderedRequestStreamObserver.processClientRequest(GrpcClientProtocolService.java:326) ~[ratis-grpc-0.4.0.jar:0.4.0]
	at org.apache.ratis.util.SlidingWindow$Server.processRequestsFromHead(SlidingWindow.java:429) [ratis-common-0.4.0.jar:0.4.0]
	at org.apache.ratis.util.SlidingWindow$Server.receivedRequest(SlidingWindow.java:421) [ratis-common-0.4.0.jar:0.4.0]
	at org.apache.ratis.grpc.client.GrpcClientProtocolService$OrderedRequestStreamObserver.processClientRequest(GrpcClientProtocolService.java:345) [ratis-grpc-0.4.0.jar:0.4.0]
	at org.apache.ratis.grpc.client.GrpcClientProtocolService$RequestStreamObserver.onNext(GrpcClientProtocolService.java:240) [ratis-grpc-0.4.0.jar:0.4.0]
	at org.apache.ratis.grpc.client.GrpcClientProtocolService$RequestStreamObserver.onNext(GrpcClientProtocolService.java:168) [ratis-grpc-0.4.0.jar:0.4.0]
	at org.apache.ratis.thirdparty.io.grpc.stub.ServerCalls$StreamingServerCallHandler$StreamingServerCallListener.onMessage(ServerCalls.java:248) [ratis-thirdparty-misc-0.2.0.jar:0.2.0]
	at org.apache.ratis.thirdparty.io.grpc.internal.ServerCallImpl$ServerStreamListenerImpl.messagesAvailable(ServerCallImpl.java:263) [ratis-thirdparty-misc-0.2.0.jar:0.2.0]
	at org.apache.ratis.thirdparty.io.grpc.internal.ServerImpl$JumpToApplicationThreadServerStreamListener$1MessagesAvailable.runInContext(ServerImpl.java:686) [ratis-thirdparty-misc-0.2.0.jar:0.2.0]
	at org.apache.ratis.thirdparty.io.grpc.internal.ContextRunnable.run(ContextRunnable.java:37) [ratis-thirdparty-misc-0.2.0.jar:0.2.0]
	at org.apache.ratis.thirdparty.io.grpc.internal.SerializingExecutor.run(SerializingExecutor.java:123) [ratis-thirdparty-misc-0.2.0.jar:0.2.0]
	at java.util.concurrent.ThreadPoolExecutor.runWorker(ThreadPoolExecutor.java:1149) [?:1.8.0_212]
	at java.util.concurrent.ThreadPoolExecutor$Worker.run(ThreadPoolExecutor.java:624) [?:1.8.0_212]
	at java.lang.Thread.run(Thread.java:748) [?:1.8.0_212]
2019-10-14 14:58:29,044 [main] WARN  scm.XceiverClientRatis (XceiverClientRatis.java:watchForCommit(292)) - 3 way commit failed on pipeline Pipeline[ Id: 9dbf62c0-8c70-4285-88ab-f1b0e408e5d3, Nodes: a0884861-8b64-4900-8d43-9348fc78e683{ip: 192.168.5.159, host: pr-hdds-1569-fwkxq-874464227, networkLocation: /default-rack, certSerialId: null}7cf7e218-75a7-48f9-af97-c86dcc9fa8bb{ip: 192.168.5.159, host: pr-hdds-1569-fwkxq-874464227, networkLocation: /default-rack, certSerialId: null}df9e5f57-bd2c-4d2e-90a4-8b7d317b94ee{ip: 192.168.5.159, host: pr-hdds-1569-fwkxq-874464227, networkLocation: /default-rack, certSerialId: null}, Type:RATIS, Factor:THREE, State:OPEN]
java.util.concurrent.TimeoutException
	at java.util.concurrent.CompletableFuture.timedGet(CompletableFuture.java:1771)
	at java.util.concurrent.CompletableFuture.get(CompletableFuture.java:1915)
	at org.apache.hadoop.hdds.scm.XceiverClientRatis.watchForCommit(XceiverClientRatis.java:289)
	at org.apache.hadoop.hdds.scm.storage.CommitWatcher.watchForCommit(CommitWatcher.java:194)
	at org.apache.hadoop.hdds.scm.storage.CommitWatcher.watchOnFirstIndex(CommitWatcher.java:135)
	at org.apache.hadoop.hdds.scm.storage.BlockOutputStream.watchForCommit(BlockOutputStream.java:347)
	at org.apache.hadoop.hdds.scm.storage.BlockOutputStream.handleFullBuffer(BlockOutputStream.java:324)
	at org.apache.hadoop.hdds.scm.storage.BlockOutputStream.write(BlockOutputStream.java:251)
	at org.apache.hadoop.ozone.client.io.BlockOutputStreamEntry.write(BlockOutputStreamEntry.java:129)
	at org.apache.hadoop.ozone.client.io.KeyOutputStream.handleWrite(KeyOutputStream.java:208)
	at org.apache.hadoop.ozone.client.io.KeyOutputStream.write(KeyOutputStream.java:190)
	at org.apache.hadoop.ozone.client.io.OzoneOutputStream.write(OzoneOutputStream.java:49)
	at java.io.OutputStream.write(OutputStream.java:75)
	at org.apache.hadoop.ozone.client.rpc.TestBlockOutputStreamWithFailures.testWatchForCommitWithCloseContainerException(TestBlockOutputStreamWithFailures.java:230)
	at sun.reflect.NativeMethodAccessorImpl.invoke0(Native Method)
	at sun.reflect.NativeMethodAccessorImpl.invoke(NativeMethodAccessorImpl.java:62)
	at sun.reflect.DelegatingMethodAccessorImpl.invoke(DelegatingMethodAccessorImpl.java:43)
	at java.lang.reflect.Method.invoke(Method.java:498)
	at org.junit.runners.model.FrameworkMethod$1.runReflectiveCall(FrameworkMethod.java:47)
	at org.junit.internal.runners.model.ReflectiveCallable.run(ReflectiveCallable.java:12)
	at org.junit.runners.model.FrameworkMethod.invokeExplosively(FrameworkMethod.java:44)
	at org.junit.internal.runners.statements.InvokeMethod.evaluate(InvokeMethod.java:17)
	at org.junit.internal.runners.statements.RunBefores.evaluate(RunBefores.java:26)
	at org.junit.internal.runners.statements.RunAfters.evaluate(RunAfters.java:27)
	at org.junit.runners.ParentRunner.runLeaf(ParentRunner.java:271)
	at org.junit.runners.BlockJUnit4ClassRunner.runChild(BlockJUnit4ClassRunner.java:70)
	at org.junit.runners.BlockJUnit4ClassRunner.runChild(BlockJUnit4ClassRunner.java:50)
	at org.junit.runners.ParentRunner$3.run(ParentRunner.java:238)
	at org.junit.runners.ParentRunner$1.schedule(ParentRunner.java:63)
	at org.junit.runners.ParentRunner.runChildren(ParentRunner.java:236)
	at org.junit.runners.ParentRunner.access$000(ParentRunner.java:53)
	at org.junit.runners.ParentRunner$2.evaluate(ParentRunner.java:229)
	at org.junit.runners.ParentRunner.run(ParentRunner.java:309)
	at org.apache.maven.surefire.junit4.JUnit4Provider.execute(JUnit4Provider.java:365)
	at org.apache.maven.surefire.junit4.JUnit4Provider.executeWithRerun(JUnit4Provider.java:273)
	at org.apache.maven.surefire.junit4.JUnit4Provider.executeTestSet(JUnit4Provider.java:238)
	at org.apache.maven.surefire.junit4.JUnit4Provider.invoke(JUnit4Provider.java:159)
	at org.apache.maven.surefire.booter.ForkedBooter.invokeProviderInSameClassLoader(ForkedBooter.java:384)
	at org.apache.maven.surefire.booter.ForkedBooter.runSuitesInProcess(ForkedBooter.java:345)
	at org.apache.maven.surefire.booter.ForkedBooter.execute(ForkedBooter.java:126)
	at org.apache.maven.surefire.booter.ForkedBooter.main(ForkedBooter.java:418)
2019-10-14 14:58:30,047 [main] WARN  storage.CommitWatcher (CommitWatcher.java:watchForCommit(203)) - watchForCommit failed for index 20
java.util.concurrent.TimeoutException
	at java.util.concurrent.CompletableFuture.timedGet(CompletableFuture.java:1771)
	at java.util.concurrent.CompletableFuture.get(CompletableFuture.java:1915)
	at org.apache.hadoop.hdds.scm.XceiverClientRatis.watchForCommit(XceiverClientRatis.java:298)
	at org.apache.hadoop.hdds.scm.storage.CommitWatcher.watchForCommit(CommitWatcher.java:194)
	at org.apache.hadoop.hdds.scm.storage.CommitWatcher.watchOnFirstIndex(CommitWatcher.java:135)
	at org.apache.hadoop.hdds.scm.storage.BlockOutputStream.watchForCommit(BlockOutputStream.java:347)
	at org.apache.hadoop.hdds.scm.storage.BlockOutputStream.handleFullBuffer(BlockOutputStream.java:324)
	at org.apache.hadoop.hdds.scm.storage.BlockOutputStream.write(BlockOutputStream.java:251)
	at org.apache.hadoop.ozone.client.io.BlockOutputStreamEntry.write(BlockOutputStreamEntry.java:129)
	at org.apache.hadoop.ozone.client.io.KeyOutputStream.handleWrite(KeyOutputStream.java:208)
	at org.apache.hadoop.ozone.client.io.KeyOutputStream.write(KeyOutputStream.java:190)
	at org.apache.hadoop.ozone.client.io.OzoneOutputStream.write(OzoneOutputStream.java:49)
	at java.io.OutputStream.write(OutputStream.java:75)
	at org.apache.hadoop.ozone.client.rpc.TestBlockOutputStreamWithFailures.testWatchForCommitWithCloseContainerException(TestBlockOutputStreamWithFailures.java:230)
	at sun.reflect.NativeMethodAccessorImpl.invoke0(Native Method)
	at sun.reflect.NativeMethodAccessorImpl.invoke(NativeMethodAccessorImpl.java:62)
	at sun.reflect.DelegatingMethodAccessorImpl.invoke(DelegatingMethodAccessorImpl.java:43)
	at java.lang.reflect.Method.invoke(Method.java:498)
	at org.junit.runners.model.FrameworkMethod$1.runReflectiveCall(FrameworkMethod.java:47)
	at org.junit.internal.runners.model.ReflectiveCallable.run(ReflectiveCallable.java:12)
	at org.junit.runners.model.FrameworkMethod.invokeExplosively(FrameworkMethod.java:44)
	at org.junit.internal.runners.statements.InvokeMethod.evaluate(InvokeMethod.java:17)
	at org.junit.internal.runners.statements.RunBefores.evaluate(RunBefores.java:26)
	at org.junit.internal.runners.statements.RunAfters.evaluate(RunAfters.java:27)
	at org.junit.runners.ParentRunner.runLeaf(ParentRunner.java:271)
	at org.junit.runners.BlockJUnit4ClassRunner.runChild(BlockJUnit4ClassRunner.java:70)
	at org.junit.runners.BlockJUnit4ClassRunner.runChild(BlockJUnit4ClassRunner.java:50)
	at org.junit.runners.ParentRunner$3.run(ParentRunner.java:238)
	at org.junit.runners.ParentRunner$1.schedule(ParentRunner.java:63)
	at org.junit.runners.ParentRunner.runChildren(ParentRunner.java:236)
	at org.junit.runners.ParentRunner.access$000(ParentRunner.java:53)
	at org.junit.runners.ParentRunner$2.evaluate(ParentRunner.java:229)
	at org.junit.runners.ParentRunner.run(ParentRunner.java:309)
	at org.apache.maven.surefire.junit4.JUnit4Provider.execute(JUnit4Provider.java:365)
	at org.apache.maven.surefire.junit4.JUnit4Provider.executeWithRerun(JUnit4Provider.java:273)
	at org.apache.maven.surefire.junit4.JUnit4Provider.executeTestSet(JUnit4Provider.java:238)
	at org.apache.maven.surefire.junit4.JUnit4Provider.invoke(JUnit4Provider.java:159)
	at org.apache.maven.surefire.booter.ForkedBooter.invokeProviderInSameClassLoader(ForkedBooter.java:384)
	at org.apache.maven.surefire.booter.ForkedBooter.runSuitesInProcess(ForkedBooter.java:345)
	at org.apache.maven.surefire.booter.ForkedBooter.execute(ForkedBooter.java:126)
	at org.apache.maven.surefire.booter.ForkedBooter.main(ForkedBooter.java:418)
2019-10-14 14:58:30,049 [main] WARN  io.KeyOutputStream (KeyOutputStream.java:handleException(274)) - Encountered exception java.io.IOException: Unexpected Storage Container Exception: java.io.IOException: Unexpected Storage Container Exception: java.util.concurrent.TimeoutException on the pipeline Pipeline[ Id: 9dbf62c0-8c70-4285-88ab-f1b0e408e5d3, Nodes: a0884861-8b64-4900-8d43-9348fc78e683{ip: 192.168.5.159, host: pr-hdds-1569-fwkxq-874464227, networkLocation: /default-rack, certSerialId: null}7cf7e218-75a7-48f9-af97-c86dcc9fa8bb{ip: 192.168.5.159, host: pr-hdds-1569-fwkxq-874464227, networkLocation: /default-rack, certSerialId: null}df9e5f57-bd2c-4d2e-90a4-8b7d317b94ee{ip: 192.168.5.159, host: pr-hdds-1569-fwkxq-874464227, networkLocation: /default-rack, certSerialId: null}, Type:RATIS, Factor:THREE, State:OPEN]. The last committed block length is 0, uncommitted data length is 400 retry count 0
2019-10-14 14:58:30,443 [main] INFO  ozone.MiniOzoneClusterImpl (MiniOzoneClusterImpl.java:shutdown(314)) - Shutting down the Mini Ozone Cluster
2019-10-14 14:58:30,445 [main] INFO  ozone.MiniOzoneClusterImpl (MiniOzoneClusterImpl.java:stop(330)) - Stopping the Mini Ozone Cluster
2019-10-14 14:58:30,445 [main] INFO  ozone.MiniOzoneClusterImpl (MiniOzoneClusterImpl.java:stopOM(400)) - Stopping the OzoneManager
2019-10-14 14:58:30,445 [main] INFO  ipc.Server (Server.java:stop(3082)) - Stopping server on 46609
2019-10-14 14:58:30,462 [IPC Server listener on 46609] INFO  ipc.Server (Server.java:run(1185)) - Stopping IPC Server listener on 46609
2019-10-14 14:58:30,462 [IPC Server Responder] INFO  ipc.Server (Server.java:run(1319)) - Stopping IPC Server Responder
2019-10-14 14:58:30,462 [main] INFO  ratis.OzoneManagerDoubleBuffer (OzoneManagerDoubleBuffer.java:stop(248)) - Stopping OMDoubleBuffer flush thread
2019-10-14 14:58:30,502 [OMDoubleBufferFlushThread] INFO  ratis.OzoneManagerDoubleBuffer (OzoneManagerDoubleBuffer.java:flushTransactions(191)) - OMDoubleBuffer flush thread OMDoubleBufferFlushThread is interrupted and will exit. OMDoubleBufferFlushThread
2019-10-14 14:58:30,502 [main] INFO  utils.BackgroundService (BackgroundService.java:shutdown(148)) - Shutting down service KeyDeletingService
2019-10-14 14:58:30,508 [main] INFO  handler.ContextHandler (ContextHandler.java:doStop(910)) - Stopped o.e.j.w.WebAppContext@286866cb{/,null,UNAVAILABLE}{/ozoneManager}
2019-10-14 14:58:30,509 [main] INFO  server.AbstractConnector (AbstractConnector.java:doStop(318)) - Stopped ServerConnector@ce561cc{HTTP/1.1,[http/1.1]}{0.0.0.0:0}
2019-10-14 14:58:30,509 [main] INFO  handler.ContextHandler (ContextHandler.java:doStop(910)) - Stopped o.e.j.s.ServletContextHandler@12365bd8{/static,file:///workdir/hadoop-ozone/integration-test/target/test-classes/webapps/static,UNAVAILABLE}
2019-10-14 14:58:30,510 [main] INFO  handler.ContextHandler (ContextHandler.java:doStop(910)) - Stopped o.e.j.s.ServletContextHandler@85ab964{/logs,file:///workdir/hadoop-ozone/integration-test/target/log,UNAVAILABLE}
2019-10-14 14:58:30,513 [main] INFO  ozone.MiniOzoneClusterImpl (MiniOzoneClusterImpl.java:stopDatanodes(377)) - Stopping the HddsDatanodes
2019-10-14 14:58:30,636 [Thread-5127] INFO  impl.FollowerState (FollowerState.java:run(106)) - df9e5f57-bd2c-4d2e-90a4-8b7d317b94ee:group-CB1E499B7A76 changes to CANDIDATE, lastRpcTime:5084, electionTimeout:5084ms
2019-10-14 14:58:30,636 [Thread-5127] INFO  impl.RoleInfo (RoleInfo.java:shutdownFollowerState(121)) - df9e5f57-bd2c-4d2e-90a4-8b7d317b94ee: shutdown FollowerState
2019-10-14 14:58:30,636 [Thread-5127] INFO  impl.RaftServerImpl (RaftServerImpl.java:setRole(174)) - df9e5f57-bd2c-4d2e-90a4-8b7d317b94ee@group-CB1E499B7A76: changes role from  FOLLOWER to CANDIDATE at term 2 for changeToCandidate
2019-10-14 14:58:30,636 [Thread-5127] INFO  impl.RoleInfo (RoleInfo.java:updateAndGet(143)) - df9e5f57-bd2c-4d2e-90a4-8b7d317b94ee: start LeaderElection
2019-10-14 14:58:30,652 [df9e5f57-bd2c-4d2e-90a4-8b7d317b94ee@group-CB1E499B7A76:LeaderElection153] INFO  impl.LeaderElection (LeaderElection.java:askForVotes(182)) - df9e5f57-bd2c-4d2e-90a4-8b7d317b94ee@group-CB1E499B7A76:LeaderElection153: begin an election at term 3 for -1: [b765ecb1-ebfa-42dd-8a13-5b9feb228ba9:192.168.5.159:33315, df9e5f57-bd2c-4d2e-90a4-8b7d317b94ee:192.168.5.159:45002, f9d9ba55-347c-42aa-b343-203ee5e29f8d:192.168.5.159:43703], old=null
2019-10-14 14:58:30,654 [grpc-default-executor-5] INFO  impl.RaftServerImpl (RaftServerImpl.java:setRole(174)) - b765ecb1-ebfa-42dd-8a13-5b9feb228ba9@group-CB1E499B7A76: changes role from  FOLLOWER to FOLLOWER at term 3 for recognizeCandidate:df9e5f57-bd2c-4d2e-90a4-8b7d317b94ee
2019-10-14 14:58:30,655 [grpc-default-executor-5] INFO  impl.RoleInfo (RoleInfo.java:shutdownFollowerState(121)) - b765ecb1-ebfa-42dd-8a13-5b9feb228ba9: shutdown FollowerState
2019-10-14 14:58:30,654 [grpc-default-executor-8] INFO  impl.RaftServerImpl (RaftServerImpl.java:setRole(174)) - f9d9ba55-347c-42aa-b343-203ee5e29f8d@group-CB1E499B7A76: changes role from  FOLLOWER to FOLLOWER at term 3 for recognizeCandidate:df9e5f57-bd2c-4d2e-90a4-8b7d317b94ee
2019-10-14 14:58:30,655 [Thread-5144] INFO  impl.FollowerState (FollowerState.java:run(115)) - b765ecb1-ebfa-42dd-8a13-5b9feb228ba9: FollowerState was interrupted: java.lang.InterruptedException: sleep interrupted
2019-10-14 14:58:30,655 [grpc-default-executor-5] INFO  impl.RoleInfo (RoleInfo.java:updateAndGet(143)) - b765ecb1-ebfa-42dd-8a13-5b9feb228ba9: start FollowerState
2019-10-14 14:58:30,655 [grpc-default-executor-8] INFO  impl.RoleInfo (RoleInfo.java:shutdownFollowerState(121)) - f9d9ba55-347c-42aa-b343-203ee5e29f8d: shutdown FollowerState
2019-10-14 14:58:30,656 [grpc-default-executor-8] INFO  impl.RoleInfo (RoleInfo.java:updateAndGet(143)) - f9d9ba55-347c-42aa-b343-203ee5e29f8d: start FollowerState
2019-10-14 14:58:30,656 [Thread-5145] INFO  impl.FollowerState (FollowerState.java:run(115)) - f9d9ba55-347c-42aa-b343-203ee5e29f8d: FollowerState was interrupted: java.lang.InterruptedException: sleep interrupted
2019-10-14 14:58:30,670 [df9e5f57-bd2c-4d2e-90a4-8b7d317b94ee@group-CB1E499B7A76:LeaderElection153] INFO  impl.LeaderElection (LeaderElection.java:logAndReturn(56)) - df9e5f57-bd2c-4d2e-90a4-8b7d317b94ee@group-CB1E499B7A76:LeaderElection153: Election PASSED; received 1 response(s) [df9e5f57-bd2c-4d2e-90a4-8b7d317b94ee<-b765ecb1-ebfa-42dd-8a13-5b9feb228ba9#0:OK-t3] and 0 exception(s); df9e5f57-bd2c-4d2e-90a4-8b7d317b94ee@group-CB1E499B7A76:t3, leader=null, voted=df9e5f57-bd2c-4d2e-90a4-8b7d317b94ee, raftlog=df9e5f57-bd2c-4d2e-90a4-8b7d317b94ee@group-CB1E499B7A76-SegmentedRaftLog:OPENED:c-1,f-1,i0, conf=-1: [b765ecb1-ebfa-42dd-8a13-5b9feb228ba9:192.168.5.159:33315, df9e5f57-bd2c-4d2e-90a4-8b7d317b94ee:192.168.5.159:45002, f9d9ba55-347c-42aa-b343-203ee5e29f8d:192.168.5.159:43703], old=null
2019-10-14 14:58:30,670 [df9e5f57-bd2c-4d2e-90a4-8b7d317b94ee@group-CB1E499B7A76:LeaderElection153] INFO  impl.RoleInfo (RoleInfo.java:shutdownLeaderElection(134)) - df9e5f57-bd2c-4d2e-90a4-8b7d317b94ee: shutdown LeaderElection
2019-10-14 14:58:30,670 [df9e5f57-bd2c-4d2e-90a4-8b7d317b94ee@group-CB1E499B7A76:LeaderElection153] INFO  impl.RaftServerImpl (RaftServerImpl.java:setRole(174)) - df9e5f57-bd2c-4d2e-90a4-8b7d317b94ee@group-CB1E499B7A76: changes role from CANDIDATE to LEADER at term 3 for changeToLeader
2019-10-14 14:58:30,671 [df9e5f57-bd2c-4d2e-90a4-8b7d317b94ee@group-CB1E499B7A76:LeaderElection153] INFO  impl.RaftServerImpl (ServerState.java:setLeader(253)) - df9e5f57-bd2c-4d2e-90a4-8b7d317b94ee@group-CB1E499B7A76: change Leader from null to df9e5f57-bd2c-4d2e-90a4-8b7d317b94ee at term 3 for becomeLeader, leader elected after 10188ms
2019-10-14 14:58:30,671 [df9e5f57-bd2c-4d2e-90a4-8b7d317b94ee@group-CB1E499B7A76:LeaderElection153] INFO  server.RaftServerConfigKeys (ConfUtils.java:logGet(43)) - raft.server.staging.catchup.gap = 1000 (default)
2019-10-14 14:58:30,671 [df9e5f57-bd2c-4d2e-90a4-8b7d317b94ee@group-CB1E499B7A76:LeaderElection153] INFO  server.RaftServerConfigKeys (ConfUtils.java:logGet(43)) - raft.server.rpc.sleep.time = 25ms (default)
2019-10-14 14:58:30,671 [df9e5f57-bd2c-4d2e-90a4-8b7d317b94ee@group-CB1E499B7A76:LeaderElection153] INFO  server.RaftServerConfigKeys (ConfUtils.java:logGet(43)) - raft.server.write.element-limit = 4096 (default)
2019-10-14 14:58:30,671 [df9e5f57-bd2c-4d2e-90a4-8b7d317b94ee@group-CB1E499B7A76:LeaderElection153] INFO  server.RaftServerConfigKeys (ConfUtils.java:logGet(43)) - raft.server.watch.timeout = 10s (default)
2019-10-14 14:58:30,671 [df9e5f57-bd2c-4d2e-90a4-8b7d317b94ee@group-CB1E499B7A76:LeaderElection153] INFO  server.RaftServerConfigKeys (ConfUtils.java:logGet(43)) - raft.server.watch.timeout.denomination = 1s (default)
2019-10-14 14:58:30,672 [df9e5f57-bd2c-4d2e-90a4-8b7d317b94ee@group-CB1E499B7A76:LeaderElection153] INFO  server.RaftServerConfigKeys (ConfUtils.java:logGet(43)) - raft.server.watch.element-limit = 65536 (default)
2019-10-14 14:58:30,674 [df9e5f57-bd2c-4d2e-90a4-8b7d317b94ee@group-CB1E499B7A76:LeaderElection153] INFO  server.RaftServerConfigKeys (ConfUtils.java:logGet(43)) - raft.server.log.appender.snapshot.chunk.size.max = 16MB (=16777216) (default)
2019-10-14 14:58:30,675 [df9e5f57-bd2c-4d2e-90a4-8b7d317b94ee@group-CB1E499B7A76:LeaderElection153] INFO  server.RaftServerConfigKeys (ConfUtils.java:logGet(43)) - raft.server.log.appender.buffer.byte-limit = 33554432 (custom)
2019-10-14 14:58:30,675 [df9e5f57-bd2c-4d2e-90a4-8b7d317b94ee@group-CB1E499B7A76:LeaderElection153] INFO  server.RaftServerConfigKeys (ConfUtils.java:logGet(43)) - raft.server.log.appender.buffer.element-limit = 1 (custom)
2019-10-14 14:58:30,675 [df9e5f57-bd2c-4d2e-90a4-8b7d317b94ee@group-CB1E499B7A76:LeaderElection153] INFO  grpc.GrpcConfigKeys$Server (ConfUtils.java:logGet(43)) - raft.grpc.server.leader.outstanding.appends.max = 128 (default)
2019-10-14 14:58:30,675 [df9e5f57-bd2c-4d2e-90a4-8b7d317b94ee@group-CB1E499B7A76:LeaderElection153] INFO  server.RaftServerConfigKeys (ConfUtils.java:logGet(43)) - raft.server.rpc.request.timeout = 3000ms (default)
2019-10-14 14:58:30,675 [df9e5f57-bd2c-4d2e-90a4-8b7d317b94ee@group-CB1E499B7A76:LeaderElection153] INFO  server.RaftServerConfigKeys (ConfUtils.java:logGet(43)) - raft.server.log.appender.install.snapshot.enabled = false (custom)
2019-10-14 14:58:30,676 [df9e5f57-bd2c-4d2e-90a4-8b7d317b94ee@group-CB1E499B7A76:LeaderElection153] INFO  server.RaftServerConfigKeys (ConfUtils.java:logGet(43)) - raft.server.log.appender.snapshot.chunk.size.max = 16MB (=16777216) (default)
2019-10-14 14:58:30,676 [df9e5f57-bd2c-4d2e-90a4-8b7d317b94ee@group-CB1E499B7A76:LeaderElection153] INFO  server.RaftServerConfigKeys (ConfUtils.java:logGet(43)) - raft.server.log.appender.buffer.byte-limit = 33554432 (custom)
2019-10-14 14:58:30,676 [df9e5f57-bd2c-4d2e-90a4-8b7d317b94ee@group-CB1E499B7A76:LeaderElection153] INFO  server.RaftServerConfigKeys (ConfUtils.java:logGet(43)) - raft.server.log.appender.buffer.element-limit = 1 (custom)
2019-10-14 14:58:30,676 [df9e5f57-bd2c-4d2e-90a4-8b7d317b94ee@group-CB1E499B7A76:LeaderElection153] INFO  grpc.GrpcConfigKeys$Server (ConfUtils.java:logGet(43)) - raft.grpc.server.leader.outstanding.appends.max = 128 (default)
2019-10-14 14:58:30,676 [df9e5f57-bd2c-4d2e-90a4-8b7d317b94ee@group-CB1E499B7A76:LeaderElection153] INFO  server.RaftServerConfigKeys (ConfUtils.java:logGet(43)) - raft.server.rpc.request.timeout = 3000ms (default)
2019-10-14 14:58:30,677 [df9e5f57-bd2c-4d2e-90a4-8b7d317b94ee@group-CB1E499B7A76:LeaderElection153] INFO  server.RaftServerConfigKeys (ConfUtils.java:logGet(43)) - raft.server.log.appender.install.snapshot.enabled = false (custom)
2019-10-14 14:58:30,677 [df9e5f57-bd2c-4d2e-90a4-8b7d317b94ee@group-CB1E499B7A76:LeaderElection153] INFO  impl.RoleInfo (RoleInfo.java:updateAndGet(143)) - df9e5f57-bd2c-4d2e-90a4-8b7d317b94ee: start LeaderState
2019-10-14 14:58:30,677 [df9e5f57-bd2c-4d2e-90a4-8b7d317b94ee@group-CB1E499B7A76:LeaderElection153] INFO  segmented.SegmentedRaftLogWorker (SegmentedRaftLogWorker.java:startLogSegment(380)) - df9e5f57-bd2c-4d2e-90a4-8b7d317b94ee@group-CB1E499B7A76-SegmentedRaftLogWorker: Starting segment from index:0
2019-10-14 14:58:30,678 [df9e5f57-bd2c-4d2e-90a4-8b7d317b94ee@group-CB1E499B7A76:LeaderElection153] INFO  impl.RaftServerImpl (ServerState.java:setRaftConf(354)) - df9e5f57-bd2c-4d2e-90a4-8b7d317b94ee@group-CB1E499B7A76: set configuration 0: [b765ecb1-ebfa-42dd-8a13-5b9feb228ba9:192.168.5.159:33315, df9e5f57-bd2c-4d2e-90a4-8b7d317b94ee:192.168.5.159:45002, f9d9ba55-347c-42aa-b343-203ee5e29f8d:192.168.5.159:43703], old=null at 0
2019-10-14 14:58:30,679 [grpc-default-executor-8] INFO  impl.RaftServerImpl (ServerState.java:setLeader(253)) - b765ecb1-ebfa-42dd-8a13-5b9feb228ba9@group-CB1E499B7A76: change Leader from null to df9e5f57-bd2c-4d2e-90a4-8b7d317b94ee at term 3 for appendEntries, leader elected after 5060ms
2019-10-14 14:58:30,679 [grpc-default-executor-11] INFO  impl.RaftServerImpl (ServerState.java:setLeader(253)) - f9d9ba55-347c-42aa-b343-203ee5e29f8d@group-CB1E499B7A76: change Leader from null to df9e5f57-bd2c-4d2e-90a4-8b7d317b94ee at term 3 for appendEntries, leader elected after 5069ms
2019-10-14 14:58:30,681 [grpc-default-executor-11] INFO  impl.RaftServerImpl (ServerState.java:setRaftConf(354)) - b765ecb1-ebfa-42dd-8a13-5b9feb228ba9@group-CB1E499B7A76: set configuration 0: [b765ecb1-ebfa-42dd-8a13-5b9feb228ba9:192.168.5.159:33315, df9e5f57-bd2c-4d2e-90a4-8b7d317b94ee:192.168.5.159:45002, f9d9ba55-347c-42aa-b343-203ee5e29f8d:192.168.5.159:43703], old=null at 0
2019-10-14 14:58:30,681 [grpc-default-executor-8] INFO  impl.RaftServerImpl (ServerState.java:setRaftConf(354)) - f9d9ba55-347c-42aa-b343-203ee5e29f8d@group-CB1E499B7A76: set configuration 0: [b765ecb1-ebfa-42dd-8a13-5b9feb228ba9:192.168.5.159:33315, df9e5f57-bd2c-4d2e-90a4-8b7d317b94ee:192.168.5.159:45002, f9d9ba55-347c-42aa-b343-203ee5e29f8d:192.168.5.159:43703], old=null at 0
2019-10-14 14:58:30,681 [grpc-default-executor-11] INFO  segmented.SegmentedRaftLogWorker (SegmentedRaftLogWorker.java:startLogSegment(380)) - b765ecb1-ebfa-42dd-8a13-5b9feb228ba9@group-CB1E499B7A76-SegmentedRaftLogWorker: Starting segment from index:0
2019-10-14 14:58:30,681 [grpc-default-executor-8] INFO  segmented.SegmentedRaftLogWorker (SegmentedRaftLogWorker.java:truncate(396)) - f9d9ba55-347c-42aa-b343-203ee5e29f8d@group-CB1E499B7A76-SegmentedRaftLogWorker: Truncating segments toTruncate: null
  toDelete: [(0, 0) isOpen? true, length=0, newEndIndex=-1], start index 0
2019-10-14 14:58:30,681 [grpc-default-executor-8] INFO  segmented.SegmentedRaftLogWorker (SegmentedRaftLogWorker.java:startLogSegment(380)) - f9d9ba55-347c-42aa-b343-203ee5e29f8d@group-CB1E499B7A76-SegmentedRaftLogWorker: Starting segment from index:0
2019-10-14 14:58:30,682 [f9d9ba55-347c-42aa-b343-203ee5e29f8d@group-CB1E499B7A76-SegmentedRaftLogWorker] INFO  segmented.SegmentedRaftLogWorker (SegmentedRaftLogWorker.java:execute(633)) - f9d9ba55-347c-42aa-b343-203ee5e29f8d@group-CB1E499B7A76-SegmentedRaftLogWorker: Deleted log file /workdir/hadoop-ozone/integration-test/target/test-dir/MiniOzoneClusterImpl-aa81d3dd-6e87-4dee-8c30-8f43e5632f78/datanode-2/data/ratis/da99b8bf-1d40-44bd-b278-cb1e499b7a76/current/log_inprogress_0
2019-10-14 14:58:30,682 [f9d9ba55-347c-42aa-b343-203ee5e29f8d@group-CB1E499B7A76-SegmentedRaftLogWorker] INFO  segmented.SegmentedRaftLogWorker (SegmentedRaftLogWorker.java:lambda$new$0(132)) - f9d9ba55-347c-42aa-b343-203ee5e29f8d@group-CB1E499B7A76-SegmentedRaftLogWorker: flushIndex: setUnconditionally 0 -> -1
2019-10-14 14:58:30,724 [b765ecb1-ebfa-42dd-8a13-5b9feb228ba9@group-CB1E499B7A76-SegmentedRaftLogWorker] INFO  segmented.SegmentedRaftLogWorker (SegmentedRaftLogWorker.java:execute(569)) - b765ecb1-ebfa-42dd-8a13-5b9feb228ba9@group-CB1E499B7A76-SegmentedRaftLogWorker: created new log segment /workdir/hadoop-ozone/integration-test/target/test-dir/MiniOzoneClusterImpl-aa81d3dd-6e87-4dee-8c30-8f43e5632f78/datanode-0/data/ratis/da99b8bf-1d40-44bd-b278-cb1e499b7a76/current/log_inprogress_0
2019-10-14 14:58:30,724 [f9d9ba55-347c-42aa-b343-203ee5e29f8d@group-CB1E499B7A76-SegmentedRaftLogWorker] INFO  segmented.SegmentedRaftLogWorker (SegmentedRaftLogWorker.java:execute(569)) - f9d9ba55-347c-42aa-b343-203ee5e29f8d@group-CB1E499B7A76-SegmentedRaftLogWorker: created new log segment /workdir/hadoop-ozone/integration-test/target/test-dir/MiniOzoneClusterImpl-aa81d3dd-6e87-4dee-8c30-8f43e5632f78/datanode-2/data/ratis/da99b8bf-1d40-44bd-b278-cb1e499b7a76/current/log_inprogress_0
2019-10-14 14:58:30,724 [df9e5f57-bd2c-4d2e-90a4-8b7d317b94ee@group-CB1E499B7A76-SegmentedRaftLogWorker] INFO  segmented.SegmentedRaftLogWorker (SegmentedRaftLogWorker.java:execute(569)) - df9e5f57-bd2c-4d2e-90a4-8b7d317b94ee@group-CB1E499B7A76-SegmentedRaftLogWorker: created new log segment /workdir/hadoop-ozone/integration-test/target/test-dir/MiniOzoneClusterImpl-aa81d3dd-6e87-4dee-8c30-8f43e5632f78/datanode-3/data/ratis/da99b8bf-1d40-44bd-b278-cb1e499b7a76/current/log_inprogress_0
2019-10-14 14:58:30,986 [Datanode State Machine Thread - 0] INFO  statemachine.DatanodeStateMachine (DatanodeStateMachine.java:lambda$startDaemon$0(350)) - Ozone container server started.
2019-10-14 14:58:31,229 [Datanode State Machine Thread - 0] INFO  statemachine.DatanodeStateMachine (DatanodeStateMachine.java:lambda$startDaemon$0(350)) - Ozone container server started.
2019-10-14 14:58:35,048 [EventQueue-StaleNodeForStaleNodeHandler] INFO  node.StaleNodeHandler (StaleNodeHandler.java:onMessage(58)) - Datanode a0884861-8b64-4900-8d43-9348fc78e683{ip: 192.168.5.159, host: pr-hdds-1569-fwkxq-874464227, networkLocation: /default-rack, certSerialId: null} moved to stale state. Finalizing its pipelines [PipelineID=979f4544-869a-4521-b365-ce24cbcd653a, PipelineID=8c504ec0-a648-4bd6-a98e-0f28b8a14d51, PipelineID=9dbf62c0-8c70-4285-88ab-f1b0e408e5d3]
2019-10-14 14:58:35,049 [EventQueue-StaleNodeForStaleNodeHandler] INFO  pipeline.SCMPipelineManager (SCMPipelineManager.java:finalizeAndDestroyPipeline(342)) - destroying pipeline:Pipeline[ Id: 979f4544-869a-4521-b365-ce24cbcd653a, Nodes: b765ecb1-ebfa-42dd-8a13-5b9feb228ba9{ip: 192.168.5.159, host: pr-hdds-1569-fwkxq-874464227, networkLocation: /default-rack, certSerialId: null}a0884861-8b64-4900-8d43-9348fc78e683{ip: 192.168.5.159, host: pr-hdds-1569-fwkxq-874464227, networkLocation: /default-rack, certSerialId: null}f9d9ba55-347c-42aa-b343-203ee5e29f8d{ip: 192.168.5.159, host: pr-hdds-1569-fwkxq-874464227, networkLocation: /default-rack, certSerialId: null}, Type:RATIS, Factor:THREE, State:OPEN]
2019-10-14 14:58:35,049 [EventQueue-StaleNodeForStaleNodeHandler] INFO  pipeline.PipelineStateManager (PipelineStateManager.java:finalizePipeline(123)) - Pipeline Pipeline[ Id: 979f4544-869a-4521-b365-ce24cbcd653a, Nodes: b765ecb1-ebfa-42dd-8a13-5b9feb228ba9{ip: 192.168.5.159, host: pr-hdds-1569-fwkxq-874464227, networkLocation: /default-rack, certSerialId: null}a0884861-8b64-4900-8d43-9348fc78e683{ip: 192.168.5.159, host: pr-hdds-1569-fwkxq-874464227, networkLocation: /default-rack, certSerialId: null}f9d9ba55-347c-42aa-b343-203ee5e29f8d{ip: 192.168.5.159, host: pr-hdds-1569-fwkxq-874464227, networkLocation: /default-rack, certSerialId: null}, Type:RATIS, Factor:THREE, State:CLOSED] moved to CLOSED state
2019-10-14 14:58:35,050 [EventQueue-StaleNodeForStaleNodeHandler] INFO  pipeline.SCMPipelineManager (SCMPipelineManager.java:finalizeAndDestroyPipeline(342)) - destroying pipeline:Pipeline[ Id: 8c504ec0-a648-4bd6-a98e-0f28b8a14d51, Nodes: a0884861-8b64-4900-8d43-9348fc78e683{ip: 192.168.5.159, host: pr-hdds-1569-fwkxq-874464227, networkLocation: /default-rack, certSerialId: null}, Type:RATIS, Factor:ONE, State:OPEN]
2019-10-14 14:58:35,050 [EventQueue-StaleNodeForStaleNodeHandler] INFO  pipeline.PipelineStateManager (PipelineStateManager.java:finalizePipeline(123)) - Pipeline Pipeline[ Id: 8c504ec0-a648-4bd6-a98e-0f28b8a14d51, Nodes: a0884861-8b64-4900-8d43-9348fc78e683{ip: 192.168.5.159, host: pr-hdds-1569-fwkxq-874464227, networkLocation: /default-rack, certSerialId: null}, Type:RATIS, Factor:ONE, State:CLOSED] moved to CLOSED state
2019-10-14 14:58:35,050 [EventQueue-StaleNodeForStaleNodeHandler] INFO  pipeline.SCMPipelineManager (SCMPipelineManager.java:finalizeAndDestroyPipeline(342)) - destroying pipeline:Pipeline[ Id: 9dbf62c0-8c70-4285-88ab-f1b0e408e5d3, Nodes: a0884861-8b64-4900-8d43-9348fc78e683{ip: 192.168.5.159, host: pr-hdds-1569-fwkxq-874464227, networkLocation: /default-rack, certSerialId: null}7cf7e218-75a7-48f9-af97-c86dcc9fa8bb{ip: 192.168.5.159, host: pr-hdds-1569-fwkxq-874464227, networkLocation: /default-rack, certSerialId: null}df9e5f57-bd2c-4d2e-90a4-8b7d317b94ee{ip: 192.168.5.159, host: pr-hdds-1569-fwkxq-874464227, networkLocation: /default-rack, certSerialId: null}, Type:RATIS, Factor:THREE, State:OPEN]
2019-10-14 14:58:35,050 [EventQueue-StaleNodeForStaleNodeHandler] INFO  pipeline.PipelineStateManager (PipelineStateManager.java:finalizePipeline(123)) - Pipeline Pipeline[ Id: 9dbf62c0-8c70-4285-88ab-f1b0e408e5d3, Nodes: a0884861-8b64-4900-8d43-9348fc78e683{ip: 192.168.5.159, host: pr-hdds-1569-fwkxq-874464227, networkLocation: /default-rack, certSerialId: null}7cf7e218-75a7-48f9-af97-c86dcc9fa8bb{ip: 192.168.5.159, host: pr-hdds-1569-fwkxq-874464227, networkLocation: /default-rack, certSerialId: null}df9e5f57-bd2c-4d2e-90a4-8b7d317b94ee{ip: 192.168.5.159, host: pr-hdds-1569-fwkxq-874464227, networkLocation: /default-rack, certSerialId: null}, Type:RATIS, Factor:THREE, State:CLOSED] moved to CLOSED state
2019-10-14 14:58:35,051 [EventQueue-CloseContainerForCloseContainerEventHandler] INFO  container.CloseContainerEventHandler (CloseContainerEventHandler.java:onMessage(61)) - Close container Event triggered for container : #2
2019-10-14 14:58:35,248 [EventQueue-StaleNodeForStaleNodeHandler] INFO  node.StaleNodeHandler (StaleNodeHandler.java:onMessage(58)) - Datanode 7cf7e218-75a7-48f9-af97-c86dcc9fa8bb{ip: 192.168.5.159, host: pr-hdds-1569-fwkxq-874464227, networkLocation: /default-rack, certSerialId: null} moved to stale state. Finalizing its pipelines [PipelineID=afe19ef6-67f5-4d49-bde7-20cbce2f20df, PipelineID=9dbf62c0-8c70-4285-88ab-f1b0e408e5d3, PipelineID=08b74ee0-5fb2-42f1-a4ac-5a2207229aa7]
2019-10-14 14:58:35,249 [EventQueue-StaleNodeForStaleNodeHandler] INFO  pipeline.SCMPipelineManager (SCMPipelineManager.java:finalizeAndDestroyPipeline(342)) - destroying pipeline:Pipeline[ Id: afe19ef6-67f5-4d49-bde7-20cbce2f20df, Nodes: 7cf7e218-75a7-48f9-af97-c86dcc9fa8bb{ip: 192.168.5.159, host: pr-hdds-1569-fwkxq-874464227, networkLocation: /default-rack, certSerialId: null}, Type:RATIS, Factor:ONE, State:OPEN]
2019-10-14 14:58:35,249 [EventQueue-StaleNodeForStaleNodeHandler] INFO  pipeline.PipelineStateManager (PipelineStateManager.java:finalizePipeline(123)) - Pipeline Pipeline[ Id: afe19ef6-67f5-4d49-bde7-20cbce2f20df, Nodes: 7cf7e218-75a7-48f9-af97-c86dcc9fa8bb{ip: 192.168.5.159, host: pr-hdds-1569-fwkxq-874464227, networkLocation: /default-rack, certSerialId: null}, Type:RATIS, Factor:ONE, State:CLOSED] moved to CLOSED state
2019-10-14 14:58:35,250 [EventQueue-StaleNodeForStaleNodeHandler] INFO  pipeline.SCMPipelineManager (SCMPipelineManager.java:finalizeAndDestroyPipeline(342)) - destroying pipeline:Pipeline[ Id: 9dbf62c0-8c70-4285-88ab-f1b0e408e5d3, Nodes: a0884861-8b64-4900-8d43-9348fc78e683{ip: 192.168.5.159, host: pr-hdds-1569-fwkxq-874464227, networkLocation: /default-rack, certSerialId: null}7cf7e218-75a7-48f9-af97-c86dcc9fa8bb{ip: 192.168.5.159, host: pr-hdds-1569-fwkxq-874464227, networkLocation: /default-rack, certSerialId: null}df9e5f57-bd2c-4d2e-90a4-8b7d317b94ee{ip: 192.168.5.159, host: pr-hdds-1569-fwkxq-874464227, networkLocation: /default-rack, certSerialId: null}, Type:RATIS, Factor:THREE, State:CLOSED]
2019-10-14 14:58:35,250 [EventQueue-StaleNodeForStaleNodeHandler] INFO  pipeline.SCMPipelineManager (SCMPipelineManager.java:finalizeAndDestroyPipeline(342)) - destroying pipeline:Pipeline[ Id: 08b74ee0-5fb2-42f1-a4ac-5a2207229aa7, Nodes: 805c446b-b997-4105-8957-3233a3685cc7{ip: 192.168.5.159, host: pr-hdds-1569-fwkxq-874464227, networkLocation: /default-rack, certSerialId: null}7cf7e218-75a7-48f9-af97-c86dcc9fa8bb{ip: 192.168.5.159, host: pr-hdds-1569-fwkxq-874464227, networkLocation: /default-rack, certSerialId: null}b6736591-a50b-4ef5-84f2-574cdc5435b3{ip: 192.168.5.159, host: pr-hdds-1569-fwkxq-874464227, networkLocation: /default-rack, certSerialId: null}, Type:RATIS, Factor:THREE, State:OPEN]
2019-10-14 14:58:35,250 [EventQueue-StaleNodeForStaleNodeHandler] INFO  pipeline.PipelineStateManager (PipelineStateManager.java:finalizePipeline(123)) - Pipeline Pipeline[ Id: 08b74ee0-5fb2-42f1-a4ac-5a2207229aa7, Nodes: 805c446b-b997-4105-8957-3233a3685cc7{ip: 192.168.5.159, host: pr-hdds-1569-fwkxq-874464227, networkLocation: /default-rack, certSerialId: null}7cf7e218-75a7-48f9-af97-c86dcc9fa8bb{ip: 192.168.5.159, host: pr-hdds-1569-fwkxq-874464227, networkLocation: /default-rack, certSerialId: null}b6736591-a50b-4ef5-84f2-574cdc5435b3{ip: 192.168.5.159, host: pr-hdds-1569-fwkxq-874464227, networkLocation: /default-rack, certSerialId: null}, Type:RATIS, Factor:THREE, State:CLOSED] moved to CLOSED state
2019-10-14 14:58:35,250 [EventQueue-CloseContainerForCloseContainerEventHandler] INFO  container.CloseContainerEventHandler (CloseContainerEventHandler.java:onMessage(61)) - Close container Event triggered for container : #3
2019-10-14 14:58:35,514 [main] INFO  ozoneimpl.OzoneContainer (OzoneContainer.java:stop(231)) - Attempting to stop container services.
2019-10-14 14:58:35,514 [ForkJoinPool.commonPool-worker-0] INFO  ozoneimpl.OzoneContainer (OzoneContainer.java:stop(231)) - Attempting to stop container services.
2019-10-14 14:58:35,515 [main] INFO  impl.RaftServerProxy (RaftServerProxy.java:lambda$close$4(314)) - 7cf7e218-75a7-48f9-af97-c86dcc9fa8bb: close
2019-10-14 14:58:35,516 [ForkJoinPool.commonPool-worker-0] INFO  impl.RaftServerProxy (RaftServerProxy.java:lambda$close$4(314)) - a0884861-8b64-4900-8d43-9348fc78e683: close
2019-10-14 14:58:35,516 [main] INFO  impl.RaftServerImpl (RaftServerImpl.java:lambda$shutdown$3(251)) - 7cf7e218-75a7-48f9-af97-c86dcc9fa8bb@group-20CBCE2F20DF: shutdown
2019-10-14 14:58:35,516 [ForkJoinPool.commonPool-worker-0] INFO  impl.RaftServerImpl (RaftServerImpl.java:lambda$shutdown$3(251)) - a0884861-8b64-4900-8d43-9348fc78e683@group-CE24CBCD653A: shutdown
2019-10-14 14:58:35,517 [main] INFO  util.JmxRegister (JmxRegister.java:unregister(73)) - Successfully un-registered JMX Bean with object name Ratis:service=RaftServer,group=group-20CBCE2F20DF,id=7cf7e218-75a7-48f9-af97-c86dcc9fa8bb
2019-10-14 14:58:35,517 [ForkJoinPool.commonPool-worker-0] INFO  util.JmxRegister (JmxRegister.java:unregister(73)) - Successfully un-registered JMX Bean with object name Ratis:service=RaftServer,group=group-CE24CBCD653A,id=a0884861-8b64-4900-8d43-9348fc78e683
2019-10-14 14:58:35,517 [main] INFO  impl.RoleInfo (RoleInfo.java:shutdownLeaderState(104)) - 7cf7e218-75a7-48f9-af97-c86dcc9fa8bb: shutdown LeaderState
2019-10-14 14:58:35,517 [ForkJoinPool.commonPool-worker-0] INFO  impl.RoleInfo (RoleInfo.java:shutdownFollowerState(121)) - a0884861-8b64-4900-8d43-9348fc78e683: shutdown FollowerState
2019-10-14 14:58:35,518 [main] INFO  impl.PendingRequests (PendingRequests.java:sendNotLeaderResponses(202)) - 7cf7e218-75a7-48f9-af97-c86dcc9fa8bb-PendingRequests: sendNotLeaderResponses
2019-10-14 14:58:35,518 [Thread-5123] INFO  impl.FollowerState (FollowerState.java:run(115)) - a0884861-8b64-4900-8d43-9348fc78e683: FollowerState was interrupted: java.lang.InterruptedException: sleep interrupted
2019-10-14 14:58:35,518 [ForkJoinPool.commonPool-worker-0] INFO  impl.StateMachineUpdater (StateMachineUpdater.java:stopAndJoin(125)) - a0884861-8b64-4900-8d43-9348fc78e683@group-CE24CBCD653A-StateMachineUpdater: set stopIndex = 0
2019-10-14 14:58:35,519 [ForkJoinPool.commonPool-worker-0] INFO  impl.RaftServerImpl (ServerState.java:close(385)) - a0884861-8b64-4900-8d43-9348fc78e683@group-CE24CBCD653A: closes. applyIndex: 0
2019-10-14 14:58:35,519 [main] INFO  impl.StateMachineUpdater (StateMachineUpdater.java:stopAndJoin(125)) - 7cf7e218-75a7-48f9-af97-c86dcc9fa8bb@group-20CBCE2F20DF-StateMachineUpdater: set stopIndex = 0
2019-10-14 14:58:35,519 [main] INFO  impl.RaftServerImpl (ServerState.java:close(385)) - 7cf7e218-75a7-48f9-af97-c86dcc9fa8bb@group-20CBCE2F20DF: closes. applyIndex: 0
2019-10-14 14:58:35,520 [a0884861-8b64-4900-8d43-9348fc78e683@group-CE24CBCD653A-SegmentedRaftLogWorker] INFO  segmented.SegmentedRaftLogWorker (SegmentedRaftLogWorker.java:run(313)) - a0884861-8b64-4900-8d43-9348fc78e683@group-CE24CBCD653A-SegmentedRaftLogWorker was interrupted, exiting. There are 0 tasks remaining in the queue.
2019-10-14 14:58:35,520 [7cf7e218-75a7-48f9-af97-c86dcc9fa8bb@group-20CBCE2F20DF-SegmentedRaftLogWorker] INFO  segmented.SegmentedRaftLogWorker (SegmentedRaftLogWorker.java:run(313)) - 7cf7e218-75a7-48f9-af97-c86dcc9fa8bb@group-20CBCE2F20DF-SegmentedRaftLogWorker was interrupted, exiting. There are 0 tasks remaining in the queue.
2019-10-14 14:58:35,530 [ForkJoinPool.commonPool-worker-0] INFO  segmented.SegmentedRaftLogWorker (SegmentedRaftLogWorker.java:close(228)) - a0884861-8b64-4900-8d43-9348fc78e683@group-CE24CBCD653A-SegmentedRaftLogWorker close()
2019-10-14 14:58:35,533 [main] INFO  segmented.SegmentedRaftLogWorker (SegmentedRaftLogWorker.java:close(228)) - 7cf7e218-75a7-48f9-af97-c86dcc9fa8bb@group-20CBCE2F20DF-SegmentedRaftLogWorker close()
2019-10-14 14:58:35,539 [ForkJoinPool.commonPool-worker-0] INFO  impl.RaftServerImpl (RaftServerImpl.java:lambda$shutdown$3(251)) - a0884861-8b64-4900-8d43-9348fc78e683@group-0F28B8A14D51: shutdown
2019-10-14 14:58:35,545 [main] INFO  impl.RaftServerImpl (RaftServerImpl.java:lambda$shutdown$3(251)) - 7cf7e218-75a7-48f9-af97-c86dcc9fa8bb@group-F1B0E408E5D3: shutdown
2019-10-14 14:58:35,546 [ForkJoinPool.commonPool-worker-0] INFO  util.JmxRegister (JmxRegister.java:unregister(73)) - Successfully un-registered JMX Bean with object name Ratis:service=RaftServer,group=group-0F28B8A14D51,id=a0884861-8b64-4900-8d43-9348fc78e683
2019-10-14 14:58:35,546 [main] INFO  util.JmxRegister (JmxRegister.java:unregister(73)) - Successfully un-registered JMX Bean with object name Ratis:service=RaftServer,group=group-F1B0E408E5D3,id=7cf7e218-75a7-48f9-af97-c86dcc9fa8bb
2019-10-14 14:58:35,547 [ForkJoinPool.commonPool-worker-0] INFO  impl.RoleInfo (RoleInfo.java:shutdownLeaderState(104)) - a0884861-8b64-4900-8d43-9348fc78e683: shutdown LeaderState
2019-10-14 14:58:35,547 [main] INFO  impl.RoleInfo (RoleInfo.java:shutdownFollowerState(121)) - 7cf7e218-75a7-48f9-af97-c86dcc9fa8bb: shutdown FollowerState
2019-10-14 14:58:35,547 [ForkJoinPool.commonPool-worker-0] INFO  impl.PendingRequests (PendingRequests.java:sendNotLeaderResponses(202)) - a0884861-8b64-4900-8d43-9348fc78e683-PendingRequests: sendNotLeaderResponses
2019-10-14 14:58:35,548 [Thread-5155] INFO  impl.FollowerState (FollowerState.java:run(115)) - 7cf7e218-75a7-48f9-af97-c86dcc9fa8bb: FollowerState was interrupted: java.lang.InterruptedException: sleep interrupted
2019-10-14 14:58:35,547 [main] INFO  impl.StateMachineUpdater (StateMachineUpdater.java:stopAndJoin(125)) - 7cf7e218-75a7-48f9-af97-c86dcc9fa8bb@group-F1B0E408E5D3-StateMachineUpdater: set stopIndex = 28
2019-10-14 14:58:35,548 [ForkJoinPool.commonPool-worker-0] INFO  impl.StateMachineUpdater (StateMachineUpdater.java:stopAndJoin(125)) - a0884861-8b64-4900-8d43-9348fc78e683@group-0F28B8A14D51-StateMachineUpdater: set stopIndex = 0
2019-10-14 14:58:35,549 [ForkJoinPool.commonPool-worker-0] INFO  impl.RaftServerImpl (ServerState.java:close(385)) - a0884861-8b64-4900-8d43-9348fc78e683@group-0F28B8A14D51: closes. applyIndex: 0
2019-10-14 14:58:35,548 [7cf7e218-75a7-48f9-af97-c86dcc9fa8bb@group-F1B0E408E5D3-StateMachineUpdater] INFO  ratis.ContainerStateMachine (ContainerStateMachine.java:takeSnapshot(289)) - group-F1B0E408E5D3: Taking a snapshot at:(t:1, i:28) file /workdir/hadoop-ozone/integration-test/target/test-dir/MiniOzoneClusterImpl-aa81d3dd-6e87-4dee-8c30-8f43e5632f78/datanode-4/data/ratis/9dbf62c0-8c70-4285-88ab-f1b0e408e5d3/sm/snapshot.1_28
2019-10-14 14:58:35,549 [a0884861-8b64-4900-8d43-9348fc78e683@group-0F28B8A14D51-SegmentedRaftLogWorker] INFO  segmented.SegmentedRaftLogWorker (SegmentedRaftLogWorker.java:run(313)) - a0884861-8b64-4900-8d43-9348fc78e683@group-0F28B8A14D51-SegmentedRaftLogWorker was interrupted, exiting. There are 0 tasks remaining in the queue.
2019-10-14 14:58:35,553 [ForkJoinPool.commonPool-worker-0] INFO  segmented.SegmentedRaftLogWorker (SegmentedRaftLogWorker.java:close(228)) - a0884861-8b64-4900-8d43-9348fc78e683@group-0F28B8A14D51-SegmentedRaftLogWorker close()
2019-10-14 14:58:35,558 [ForkJoinPool.commonPool-worker-0] INFO  impl.RaftServerImpl (RaftServerImpl.java:lambda$shutdown$3(251)) - a0884861-8b64-4900-8d43-9348fc78e683@group-F1B0E408E5D3: shutdown
2019-10-14 14:58:35,559 [ForkJoinPool.commonPool-worker-0] INFO  util.JmxRegister (JmxRegister.java:unregister(73)) - Successfully un-registered JMX Bean with object name Ratis:service=RaftServer,group=group-F1B0E408E5D3,id=a0884861-8b64-4900-8d43-9348fc78e683
2019-10-14 14:58:35,559 [ForkJoinPool.commonPool-worker-0] INFO  impl.RoleInfo (RoleInfo.java:shutdownLeaderState(104)) - a0884861-8b64-4900-8d43-9348fc78e683: shutdown LeaderState
2019-10-14 14:58:35,565 [ForkJoinPool.commonPool-worker-0] INFO  impl.PendingRequests (PendingRequests.java:sendNotLeaderResponses(202)) - a0884861-8b64-4900-8d43-9348fc78e683-PendingRequests: sendNotLeaderResponses
2019-10-14 14:58:35,565 [org.apache.ratis.server.impl.LogAppender$AppenderDaemon$$Lambda$493/842312419@2ac041c9] WARN  server.GrpcLogAppender (GrpcLogAppender.java:mayWait(143)) - a0884861-8b64-4900-8d43-9348fc78e683@group-F1B0E408E5D3->df9e5f57-bd2c-4d2e-90a4-8b7d317b94ee-GrpcLogAppender: Wait interrupted by java.lang.InterruptedException
2019-10-14 14:58:35,565 [org.apache.ratis.server.impl.LogAppender$AppenderDaemon$$Lambda$493/842312419@1a83b635] WARN  server.GrpcLogAppender (GrpcLogAppender.java:mayWait(143)) - a0884861-8b64-4900-8d43-9348fc78e683@group-F1B0E408E5D3->7cf7e218-75a7-48f9-af97-c86dcc9fa8bb-GrpcLogAppender: Wait interrupted by java.lang.InterruptedException
2019-10-14 14:58:35,568 [7cf7e218-75a7-48f9-af97-c86dcc9fa8bb@group-F1B0E408E5D3-StateMachineUpdater] INFO  ratis.ContainerStateMachine (ContainerStateMachine.java:takeSnapshot(300)) - group-F1B0E408E5D3: Finished taking a snapshot at:(t:1, i:28) file:/workdir/hadoop-ozone/integration-test/target/test-dir/MiniOzoneClusterImpl-aa81d3dd-6e87-4dee-8c30-8f43e5632f78/datanode-4/data/ratis/9dbf62c0-8c70-4285-88ab-f1b0e408e5d3/sm/snapshot.1_28 time:20
2019-10-14 14:58:35,571 [ForkJoinPool.commonPool-worker-0] INFO  impl.StateMachineUpdater (StateMachineUpdater.java:stopAndJoin(125)) - a0884861-8b64-4900-8d43-9348fc78e683@group-F1B0E408E5D3-StateMachineUpdater: set stopIndex = 28
2019-10-14 14:58:35,571 [7cf7e218-75a7-48f9-af97-c86dcc9fa8bb@group-F1B0E408E5D3-StateMachineUpdater] INFO  impl.StateMachineUpdater (StateMachineUpdater.java:takeSnapshot(258)) - 7cf7e218-75a7-48f9-af97-c86dcc9fa8bb@group-F1B0E408E5D3-StateMachineUpdater: Took a snapshot at index 28
2019-10-14 14:58:35,572 [7cf7e218-75a7-48f9-af97-c86dcc9fa8bb@group-F1B0E408E5D3-StateMachineUpdater] INFO  impl.StateMachineUpdater (StateMachineUpdater.java:lambda$new$0(83)) - 7cf7e218-75a7-48f9-af97-c86dcc9fa8bb@group-F1B0E408E5D3-StateMachineUpdater: snapshotIndex: updateIncreasingly -1 -> 28
2019-10-14 14:58:35,572 [grpc-default-executor-11] INFO  server.GrpcServerProtocolService (GrpcServerProtocolService.java:onCompleted(113)) - 7cf7e218-75a7-48f9-af97-c86dcc9fa8bb: Completed APPEND_ENTRIES, lastRequest: a0884861-8b64-4900-8d43-9348fc78e683->7cf7e218-75a7-48f9-af97-c86dcc9fa8bb#32-t1, previous=(t:1, i:28), leaderCommit=28, initializing? false, entries: <empty>
2019-10-14 14:58:35,572 [grpc-default-executor-14] INFO  server.GrpcServerProtocolService (GrpcServerProtocolService.java:onCompleted(113)) - df9e5f57-bd2c-4d2e-90a4-8b7d317b94ee: Completed APPEND_ENTRIES, lastRequest: a0884861-8b64-4900-8d43-9348fc78e683->df9e5f57-bd2c-4d2e-90a4-8b7d317b94ee#32-t1, previous=(t:1, i:28), leaderCommit=28, initializing? false, entries: <empty>
2019-10-14 14:58:35,572 [main] INFO  impl.RaftServerImpl (ServerState.java:close(385)) - 7cf7e218-75a7-48f9-af97-c86dcc9fa8bb@group-F1B0E408E5D3: closes. applyIndex: 28
2019-10-14 14:58:35,573 [grpc-default-executor-11] INFO  server.GrpcLogAppender (GrpcLogAppender.java:onCompleted(293)) - a0884861-8b64-4900-8d43-9348fc78e683@group-F1B0E408E5D3->7cf7e218-75a7-48f9-af97-c86dcc9fa8bb-AppendLogResponseHandler: follower responses appendEntries COMPLETED
2019-10-14 14:58:35,573 [grpc-default-executor-14] INFO  server.GrpcLogAppender (GrpcLogAppender.java:onCompleted(293)) - a0884861-8b64-4900-8d43-9348fc78e683@group-F1B0E408E5D3->df9e5f57-bd2c-4d2e-90a4-8b7d317b94ee-AppendLogResponseHandler: follower responses appendEntries COMPLETED
2019-10-14 14:58:35,573 [7cf7e218-75a7-48f9-af97-c86dcc9fa8bb@group-F1B0E408E5D3-SegmentedRaftLogWorker] INFO  segmented.SegmentedRaftLogWorker (SegmentedRaftLogWorker.java:run(313)) - 7cf7e218-75a7-48f9-af97-c86dcc9fa8bb@group-F1B0E408E5D3-SegmentedRaftLogWorker was interrupted, exiting. There are 0 tasks remaining in the queue.
2019-10-14 14:58:35,573 [a0884861-8b64-4900-8d43-9348fc78e683@group-F1B0E408E5D3-StateMachineUpdater] INFO  ratis.ContainerStateMachine (ContainerStateMachine.java:takeSnapshot(289)) - group-F1B0E408E5D3: Taking a snapshot at:(t:1, i:28) file /workdir/hadoop-ozone/integration-test/target/test-dir/MiniOzoneClusterImpl-aa81d3dd-6e87-4dee-8c30-8f43e5632f78/datanode-1/data/ratis/9dbf62c0-8c70-4285-88ab-f1b0e408e5d3/sm/snapshot.1_28
2019-10-14 14:58:35,577 [main] INFO  segmented.SegmentedRaftLogWorker (SegmentedRaftLogWorker.java:close(228)) - 7cf7e218-75a7-48f9-af97-c86dcc9fa8bb@group-F1B0E408E5D3-SegmentedRaftLogWorker close()
2019-10-14 14:58:35,574 [grpc-default-executor-14] INFO  impl.FollowerInfo (FollowerInfo.java:lambda$new$0(51)) - a0884861-8b64-4900-8d43-9348fc78e683@group-F1B0E408E5D3->df9e5f57-bd2c-4d2e-90a4-8b7d317b94ee: nextIndex: updateUnconditionally 29 -> 28
2019-10-14 14:58:35,573 [grpc-default-executor-11] INFO  impl.FollowerInfo (FollowerInfo.java:lambda$new$0(51)) - a0884861-8b64-4900-8d43-9348fc78e683@group-F1B0E408E5D3->7cf7e218-75a7-48f9-af97-c86dcc9fa8bb: nextIndex: updateUnconditionally 29 -> 28
2019-10-14 14:58:35,582 [main] INFO  impl.RaftServerImpl (RaftServerImpl.java:lambda$shutdown$3(251)) - 7cf7e218-75a7-48f9-af97-c86dcc9fa8bb@group-5A2207229AA7: shutdown
2019-10-14 14:58:35,583 [main] INFO  util.JmxRegister (JmxRegister.java:unregister(73)) - Successfully un-registered JMX Bean with object name Ratis:service=RaftServer,group=group-5A2207229AA7,id=7cf7e218-75a7-48f9-af97-c86dcc9fa8bb
2019-10-14 14:58:35,584 [main] INFO  impl.RoleInfo (RoleInfo.java:shutdownFollowerState(121)) - 7cf7e218-75a7-48f9-af97-c86dcc9fa8bb: shutdown FollowerState
2019-10-14 14:58:35,584 [main] INFO  impl.StateMachineUpdater (StateMachineUpdater.java:stopAndJoin(125)) - 7cf7e218-75a7-48f9-af97-c86dcc9fa8bb@group-5A2207229AA7-StateMachineUpdater: set stopIndex = 16
2019-10-14 14:58:35,584 [Thread-5181] INFO  impl.FollowerState (FollowerState.java:run(115)) - 7cf7e218-75a7-48f9-af97-c86dcc9fa8bb: FollowerState was interrupted: java.lang.InterruptedException: sleep interrupted
2019-10-14 14:58:35,584 [7cf7e218-75a7-48f9-af97-c86dcc9fa8bb@group-5A2207229AA7-StateMachineUpdater] INFO  ratis.ContainerStateMachine (ContainerStateMachine.java:takeSnapshot(289)) - group-5A2207229AA7: Taking a snapshot at:(t:1, i:14) file /workdir/hadoop-ozone/integration-test/target/test-dir/MiniOzoneClusterImpl-aa81d3dd-6e87-4dee-8c30-8f43e5632f78/datanode-4/data/ratis/08b74ee0-5fb2-42f1-a4ac-5a2207229aa7/sm/snapshot.1_14
2019-10-14 14:58:35,591 [a0884861-8b64-4900-8d43-9348fc78e683@group-F1B0E408E5D3-StateMachineUpdater] INFO  ratis.ContainerStateMachine (ContainerStateMachine.java:takeSnapshot(300)) - group-F1B0E408E5D3: Finished taking a snapshot at:(t:1, i:28) file:/workdir/hadoop-ozone/integration-test/target/test-dir/MiniOzoneClusterImpl-aa81d3dd-6e87-4dee-8c30-8f43e5632f78/datanode-1/data/ratis/9dbf62c0-8c70-4285-88ab-f1b0e408e5d3/sm/snapshot.1_28 time:17
2019-10-14 14:58:35,591 [7cf7e218-75a7-48f9-af97-c86dcc9fa8bb@group-5A2207229AA7-StateMachineUpdater] INFO  ratis.ContainerStateMachine (ContainerStateMachine.java:takeSnapshot(300)) - group-5A2207229AA7: Finished taking a snapshot at:(t:1, i:14) file:/workdir/hadoop-ozone/integration-test/target/test-dir/MiniOzoneClusterImpl-aa81d3dd-6e87-4dee-8c30-8f43e5632f78/datanode-4/data/ratis/08b74ee0-5fb2-42f1-a4ac-5a2207229aa7/sm/snapshot.1_14 time:6
2019-10-14 14:58:35,591 [a0884861-8b64-4900-8d43-9348fc78e683@group-F1B0E408E5D3-StateMachineUpdater] INFO  impl.StateMachineUpdater (StateMachineUpdater.java:takeSnapshot(258)) - a0884861-8b64-4900-8d43-9348fc78e683@group-F1B0E408E5D3-StateMachineUpdater: Took a snapshot at index 28
2019-10-14 14:58:35,591 [a0884861-8b64-4900-8d43-9348fc78e683@group-F1B0E408E5D3-StateMachineUpdater] INFO  impl.StateMachineUpdater (StateMachineUpdater.java:lambda$new$0(83)) - a0884861-8b64-4900-8d43-9348fc78e683@group-F1B0E408E5D3-StateMachineUpdater: snapshotIndex: updateIncreasingly -1 -> 28
2019-10-14 14:58:35,591 [7cf7e218-75a7-48f9-af97-c86dcc9fa8bb@group-5A2207229AA7-StateMachineUpdater] INFO  impl.StateMachineUpdater (StateMachineUpdater.java:takeSnapshot(258)) - 7cf7e218-75a7-48f9-af97-c86dcc9fa8bb@group-5A2207229AA7-StateMachineUpdater: Took a snapshot at index 14
2019-10-14 14:58:35,591 [7cf7e218-75a7-48f9-af97-c86dcc9fa8bb@group-5A2207229AA7-StateMachineUpdater] INFO  impl.StateMachineUpdater (StateMachineUpdater.java:lambda$new$0(83)) - 7cf7e218-75a7-48f9-af97-c86dcc9fa8bb@group-5A2207229AA7-StateMachineUpdater: snapshotIndex: updateIncreasingly -1 -> 14
2019-10-14 14:58:35,591 [ForkJoinPool.commonPool-worker-0] INFO  impl.RaftServerImpl (ServerState.java:close(385)) - a0884861-8b64-4900-8d43-9348fc78e683@group-F1B0E408E5D3: closes. applyIndex: 28
2019-10-14 14:58:35,591 [7cf7e218-75a7-48f9-af97-c86dcc9fa8bb@group-5A2207229AA7-StateMachineUpdater] INFO  ratis.ContainerStateMachine (ContainerStateMachine.java:takeSnapshot(289)) - group-5A2207229AA7: Taking a snapshot at:(t:1, i:14) file /workdir/hadoop-ozone/integration-test/target/test-dir/MiniOzoneClusterImpl-aa81d3dd-6e87-4dee-8c30-8f43e5632f78/datanode-4/data/ratis/08b74ee0-5fb2-42f1-a4ac-5a2207229aa7/sm/snapshot.1_14
2019-10-14 14:58:35,592 [a0884861-8b64-4900-8d43-9348fc78e683@group-F1B0E408E5D3-SegmentedRaftLogWorker] INFO  segmented.SegmentedRaftLogWorker (SegmentedRaftLogWorker.java:run(313)) - a0884861-8b64-4900-8d43-9348fc78e683@group-F1B0E408E5D3-SegmentedRaftLogWorker was interrupted, exiting. There are 0 tasks remaining in the queue.
2019-10-14 14:58:35,595 [ForkJoinPool.commonPool-worker-0] INFO  segmented.SegmentedRaftLogWorker (SegmentedRaftLogWorker.java:close(228)) - a0884861-8b64-4900-8d43-9348fc78e683@group-F1B0E408E5D3-SegmentedRaftLogWorker close()
2019-10-14 14:58:35,599 [ForkJoinPool.commonPool-worker-0] INFO  server.GrpcService (GrpcService.java:closeImpl(164)) - a0884861-8b64-4900-8d43-9348fc78e683: shutdown server with port 36871 now
2019-10-14 14:58:35,601 [grpc-default-executor-14] WARN  client.GrpcClientProtocolService (LogUtils.java:warn(134)) - 3-UnorderedRequestStreamObserver3: onError: org.apache.ratis.thirdparty.io.grpc.StatusRuntimeException: CANCELLED: cancelled before receiving half close
2019-10-14 14:58:35,601 [grpc-default-executor-8] WARN  server.GrpcServerProtocolService (LogUtils.java:warn(134)) - a0884861-8b64-4900-8d43-9348fc78e683: installSnapshot onError, lastRequest: b765ecb1-ebfa-42dd-8a13-5b9feb228ba9->a0884861-8b64-4900-8d43-9348fc78e683#4-t1, previous=(t:1, i:0), leaderCommit=0, initializing? false, entries: <empty>: org.apache.ratis.thirdparty.io.grpc.StatusRuntimeException: CANCELLED: cancelled before receiving half close
2019-10-14 14:58:35,601 [ForkJoinPool.commonPool-worker-0] INFO  server.GrpcService (GrpcService.java:closeImpl(172)) - a0884861-8b64-4900-8d43-9348fc78e683: shutdown server with port 36871 successfully
2019-10-14 14:58:35,601 [grpc-default-executor-11] WARN  server.GrpcLogAppender (LogUtils.java:warn(134)) - b765ecb1-ebfa-42dd-8a13-5b9feb228ba9@group-CE24CBCD653A->a0884861-8b64-4900-8d43-9348fc78e683-AppendLogResponseHandler: Failed appendEntries: org.apache.ratis.thirdparty.io.grpc.StatusRuntimeException: CANCELLED: HTTP/2 error code: CANCEL
Received Rst Stream
2019-10-14 14:58:35,602 [grpc-default-executor-11] INFO  impl.FollowerInfo (FollowerInfo.java:lambda$new$0(51)) - b765ecb1-ebfa-42dd-8a13-5b9feb228ba9@group-CE24CBCD653A->a0884861-8b64-4900-8d43-9348fc78e683: nextIndex: updateUnconditionally 1 -> 0
2019-10-14 14:58:35,605 [7cf7e218-75a7-48f9-af97-c86dcc9fa8bb@group-5A2207229AA7-StateMachineUpdater] INFO  ratis.ContainerStateMachine (ContainerStateMachine.java:takeSnapshot(300)) - group-5A2207229AA7: Finished taking a snapshot at:(t:1, i:14) file:/workdir/hadoop-ozone/integration-test/target/test-dir/MiniOzoneClusterImpl-aa81d3dd-6e87-4dee-8c30-8f43e5632f78/datanode-4/data/ratis/08b74ee0-5fb2-42f1-a4ac-5a2207229aa7/sm/snapshot.1_14 time:14
2019-10-14 14:58:35,606 [refreshUsed-/workdir/hadoop-ozone/integration-test/target/test-dir/MiniOzoneClusterImpl-aa81d3dd-6e87-4dee-8c30-8f43e5632f78/datanode-1/data/containers] WARN  fs.CachingGetSpaceUsed (CachingGetSpaceUsed.java:run(183)) - Thread Interrupted waiting to refresh disk information: sleep interrupted
2019-10-14 14:58:35,606 [7cf7e218-75a7-48f9-af97-c86dcc9fa8bb@group-5A2207229AA7-StateMachineUpdater] INFO  impl.StateMachineUpdater (StateMachineUpdater.java:takeSnapshot(258)) - 7cf7e218-75a7-48f9-af97-c86dcc9fa8bb@group-5A2207229AA7-StateMachineUpdater: Took a snapshot at index 14
2019-10-14 14:58:35,607 [7cf7e218-75a7-48f9-af97-c86dcc9fa8bb@group-5A2207229AA7-StateMachineUpdater] INFO  impl.StateMachineUpdater (StateMachineUpdater.java:lambda$new$0(83)) - 7cf7e218-75a7-48f9-af97-c86dcc9fa8bb@group-5A2207229AA7-StateMachineUpdater: snapshotIndex: updateIncreasingly 14 -> 14
2019-10-14 14:58:35,607 [main] INFO  impl.RaftServerImpl (ServerState.java:close(385)) - 7cf7e218-75a7-48f9-af97-c86dcc9fa8bb@group-5A2207229AA7: closes. applyIndex: 16
2019-10-14 14:58:35,607 [7cf7e218-75a7-48f9-af97-c86dcc9fa8bb@group-5A2207229AA7-SegmentedRaftLogWorker] INFO  segmented.SegmentedRaftLogWorker (SegmentedRaftLogWorker.java:run(313)) - 7cf7e218-75a7-48f9-af97-c86dcc9fa8bb@group-5A2207229AA7-SegmentedRaftLogWorker was interrupted, exiting. There are 0 tasks remaining in the queue.
2019-10-14 14:58:35,610 [main] INFO  segmented.SegmentedRaftLogWorker (SegmentedRaftLogWorker.java:close(228)) - 7cf7e218-75a7-48f9-af97-c86dcc9fa8bb@group-5A2207229AA7-SegmentedRaftLogWorker close()
2019-10-14 14:58:35,613 [main] INFO  server.GrpcService (GrpcService.java:closeImpl(164)) - 7cf7e218-75a7-48f9-af97-c86dcc9fa8bb: shutdown server with port 39572 now
2019-10-14 14:58:35,614 [grpc-default-executor-11] WARN  server.GrpcServerProtocolService (LogUtils.java:warn(134)) - 7cf7e218-75a7-48f9-af97-c86dcc9fa8bb: installSnapshot onError, lastRequest: b6736591-a50b-4ef5-84f2-574cdc5435b3->7cf7e218-75a7-48f9-af97-c86dcc9fa8bb#20-t1, previous=(t:1, i:16), leaderCommit=16, initializing? false, entries: <empty>: org.apache.ratis.thirdparty.io.grpc.StatusRuntimeException: CANCELLED: cancelled before receiving half close
2019-10-14 14:58:35,614 [main] INFO  server.GrpcService (GrpcService.java:closeImpl(172)) - 7cf7e218-75a7-48f9-af97-c86dcc9fa8bb: shutdown server with port 39572 successfully
2019-10-14 14:58:35,614 [grpc-default-executor-14] WARN  server.GrpcLogAppender (LogUtils.java:warn(134)) - b6736591-a50b-4ef5-84f2-574cdc5435b3@group-5A2207229AA7->7cf7e218-75a7-48f9-af97-c86dcc9fa8bb-AppendLogResponseHandler: Failed appendEntries: org.apache.ratis.thirdparty.io.grpc.StatusRuntimeException: CANCELLED: HTTP/2 error code: CANCEL
Received Rst Stream
2019-10-14 14:58:35,615 [grpc-default-executor-14] INFO  impl.FollowerInfo (FollowerInfo.java:lambda$new$0(51)) - b6736591-a50b-4ef5-84f2-574cdc5435b3@group-5A2207229AA7->7cf7e218-75a7-48f9-af97-c86dcc9fa8bb: nextIndex: updateUnconditionally 17 -> 16
2019-10-14 14:58:35,616 [refreshUsed-/workdir/hadoop-ozone/integration-test/target/test-dir/MiniOzoneClusterImpl-aa81d3dd-6e87-4dee-8c30-8f43e5632f78/datanode-4/data/containers] WARN  fs.CachingGetSpaceUsed (CachingGetSpaceUsed.java:run(183)) - Thread Interrupted waiting to refresh disk information: sleep interrupted
2019-10-14 14:58:35,628 [ForkJoinPool.commonPool-worker-0] INFO  utils.BackgroundService (BackgroundService.java:shutdown(148)) - Shutting down service BlockDeletingService
2019-10-14 14:58:35,635 [ForkJoinPool.commonPool-worker-0] INFO  statemachine.DatanodeStateMachine (DatanodeStateMachine.java:stopDaemon(395)) - Ozone container server stopped.
2019-10-14 14:58:35,636 [main] INFO  utils.BackgroundService (BackgroundService.java:shutdown(148)) - Shutting down service BlockDeletingService
2019-10-14 14:58:35,645 [main] INFO  statemachine.DatanodeStateMachine (DatanodeStateMachine.java:stopDaemon(395)) - Ozone container server stopped.
2019-10-14 14:58:35,645 [ForkJoinPool.commonPool-worker-0] INFO  handler.ContextHandler (ContextHandler.java:doStop(910)) - Stopped o.e.j.w.WebAppContext@45d389f2{/,null,UNAVAILABLE}{/hddsDatanode}
2019-10-14 14:58:35,646 [main] INFO  handler.ContextHandler (ContextHandler.java:doStop(910)) - Stopped o.e.j.w.WebAppContext@1124910c{/,null,UNAVAILABLE}{/hddsDatanode}
2019-10-14 14:58:35,646 [ForkJoinPool.commonPool-worker-0] INFO  server.AbstractConnector (AbstractConnector.java:doStop(318)) - Stopped ServerConnector@308e87a1{HTTP/1.1,[http/1.1]}{0.0.0.0:0}
2019-10-14 14:58:35,648 [ForkJoinPool.commonPool-worker-0] INFO  handler.ContextHandler (ContextHandler.java:doStop(910)) - Stopped o.e.j.s.ServletContextHandler@e4ca109{/static,jar:file:/home/user/.m2/repository/org/apache/hadoop/hadoop-hdds-container-service/0.5.0-SNAPSHOT/hadoop-hdds-container-service-0.5.0-SNAPSHOT.jar!/webapps/static,UNAVAILABLE}
2019-10-14 14:58:35,649 [ForkJoinPool.commonPool-worker-0] INFO  handler.ContextHandler (ContextHandler.java:doStop(910)) - Stopped o.e.j.s.ServletContextHandler@d504137{/logs,file:///workdir/hadoop-ozone/integration-test/target/log,UNAVAILABLE}
2019-10-14 14:58:35,650 [main] INFO  server.AbstractConnector (AbstractConnector.java:doStop(318)) - Stopped ServerConnector@f849027{HTTP/1.1,[http/1.1]}{0.0.0.0:0}
2019-10-14 14:58:35,650 [main] INFO  handler.ContextHandler (ContextHandler.java:doStop(910)) - Stopped o.e.j.s.ServletContextHandler@6f0c45f4{/static,jar:file:/home/user/.m2/repository/org/apache/hadoop/hadoop-hdds-container-service/0.5.0-SNAPSHOT/hadoop-hdds-container-service-0.5.0-SNAPSHOT.jar!/webapps/static,UNAVAILABLE}
2019-10-14 14:58:35,651 [main] INFO  handler.ContextHandler (ContextHandler.java:doStop(910)) - Stopped o.e.j.s.ServletContextHandler@994544{/logs,file:///workdir/hadoop-ozone/integration-test/target/log,UNAVAILABLE}
2019-10-14 14:58:35,676 [grpc-default-executor-5] WARN  server.GrpcLogAppender (LogUtils.java:warn(134)) - b765ecb1-ebfa-42dd-8a13-5b9feb228ba9@group-CE24CBCD653A->a0884861-8b64-4900-8d43-9348fc78e683-AppendLogResponseHandler: Failed appendEntries: org.apache.ratis.thirdparty.io.grpc.StatusRuntimeException: UNAVAILABLE: io exception
2019-10-14 14:58:35,677 [grpc-default-executor-5] INFO  impl.FollowerInfo (FollowerInfo.java:lambda$new$0(51)) - b765ecb1-ebfa-42dd-8a13-5b9feb228ba9@group-CE24CBCD653A->a0884861-8b64-4900-8d43-9348fc78e683: nextIndex: updateUnconditionally 0 -> 0
2019-10-14 14:58:35,961 [Datanode State Machine Thread - 0] INFO  statemachine.DatanodeStateMachine (DatanodeStateMachine.java:lambda$startDaemon$0(350)) - Ozone container server started.
2019-10-14 14:58:36,332 [Datanode State Machine Thread - 0] INFO  statemachine.DatanodeStateMachine (DatanodeStateMachine.java:lambda$startDaemon$0(350)) - Ozone container server started.
2019-10-14 14:58:37,250 [grpc-default-executor-5] WARN  server.GrpcLogAppender (LogUtils.java:warn(134)) - b6736591-a50b-4ef5-84f2-574cdc5435b3@group-5A2207229AA7->7cf7e218-75a7-48f9-af97-c86dcc9fa8bb-AppendLogResponseHandler: Failed appendEntries: org.apache.ratis.thirdparty.io.grpc.StatusRuntimeException: UNAVAILABLE: io exception
2019-10-14 14:58:37,250 [grpc-default-executor-5] INFO  impl.FollowerInfo (FollowerInfo.java:lambda$new$0(51)) - b6736591-a50b-4ef5-84f2-574cdc5435b3@group-5A2207229AA7->7cf7e218-75a7-48f9-af97-c86dcc9fa8bb: nextIndex: updateUnconditionally 17 -> 16
2019-10-14 14:58:37,262 [grpc-default-executor-11] WARN  server.GrpcLogAppender (LogUtils.java:warn(134)) - b6736591-a50b-4ef5-84f2-574cdc5435b3@group-5A2207229AA7->7cf7e218-75a7-48f9-af97-c86dcc9fa8bb-AppendLogResponseHandler: Failed appendEntries: org.apache.ratis.thirdparty.io.grpc.StatusRuntimeException: UNAVAILABLE: io exception
2019-10-14 14:58:37,262 [grpc-default-executor-11] INFO  impl.FollowerInfo (FollowerInfo.java:lambda$new$0(51)) - b6736591-a50b-4ef5-84f2-574cdc5435b3@group-5A2207229AA7->7cf7e218-75a7-48f9-af97-c86dcc9fa8bb: nextIndex: updateUnconditionally 17 -> 16
2019-10-14 14:58:37,273 [RatisApplyTransactionExecutor 3] INFO  interfaces.Container (KeyValueContainer.java:flushAndSyncDB(386)) - Container 3 is synced with bcsId 14.
2019-10-14 14:58:37,273 [RatisApplyTransactionExecutor 3] INFO  interfaces.Container (KeyValueContainer.java:flushAndSyncDB(386)) - Container 3 is synced with bcsId 14.
2019-10-14 14:58:37,275 [grpc-default-executor-14] WARN  server.GrpcLogAppender (LogUtils.java:warn(134)) - b6736591-a50b-4ef5-84f2-574cdc5435b3@group-5A2207229AA7->7cf7e218-75a7-48f9-af97-c86dcc9fa8bb-AppendLogResponseHandler: Failed appendEntries: org.apache.ratis.thirdparty.io.grpc.StatusRuntimeException: UNAVAILABLE: io exception
2019-10-14 14:58:37,275 [grpc-default-executor-14] INFO  impl.FollowerInfo (FollowerInfo.java:lambda$new$0(51)) - b6736591-a50b-4ef5-84f2-574cdc5435b3@group-5A2207229AA7->7cf7e218-75a7-48f9-af97-c86dcc9fa8bb: nextIndex: updateUnconditionally 17 -> 16
2019-10-14 14:58:37,285 [RatisApplyTransactionExecutor 3] INFO  interfaces.Container (KeyValueContainer.java:flushAndSyncDB(386)) - Container 3 is synced with bcsId 14.
2019-10-14 14:58:37,285 [RatisApplyTransactionExecutor 3] INFO  interfaces.Container (KeyValueContainer.java:flushAndSyncDB(386)) - Container 3 is synced with bcsId 14.
2019-10-14 14:58:37,288 [RatisApplyTransactionExecutor 3] INFO  interfaces.Container (KeyValueContainer.java:close(335)) - Container 3 is closed with bcsId 14.
2019-10-14 14:58:37,289 [EventQueue-IncrementalContainerReportForIncrementalContainerReportHandler] INFO  container.IncrementalContainerReportHandler (AbstractContainerReportHandler.java:updateContainerState(176)) - Moving container #3 to CLOSED state, datanode b6736591-a50b-4ef5-84f2-574cdc5435b3{ip: 192.168.5.159, host: pr-hdds-1569-fwkxq-874464227, networkLocation: /default-rack, certSerialId: null} reported CLOSED replica.
2019-10-14 14:58:37,290 [RatisApplyTransactionExecutor 3] INFO  interfaces.Container (KeyValueContainer.java:close(335)) - Container 3 is closed with bcsId 14.
2019-10-14 14:58:38,179 [grpc-default-executor-14] WARN  server.GrpcLogAppender (LogUtils.java:warn(134)) - b765ecb1-ebfa-42dd-8a13-5b9feb228ba9@group-CE24CBCD653A->a0884861-8b64-4900-8d43-9348fc78e683-AppendLogResponseHandler: Failed appendEntries: org.apache.ratis.thirdparty.io.grpc.StatusRuntimeException: UNAVAILABLE: io exception
2019-10-14 14:58:38,180 [grpc-default-executor-14] INFO  impl.FollowerInfo (FollowerInfo.java:lambda$new$0(51)) - b765ecb1-ebfa-42dd-8a13-5b9feb228ba9@group-CE24CBCD653A->a0884861-8b64-4900-8d43-9348fc78e683: nextIndex: updateUnconditionally 0 -> 0
2019-10-14 14:58:39,777 [grpc-default-executor-8] WARN  server.GrpcLogAppender (LogUtils.java:warn(134)) - b6736591-a50b-4ef5-84f2-574cdc5435b3@group-5A2207229AA7->7cf7e218-75a7-48f9-af97-c86dcc9fa8bb-AppendLogResponseHandler: Failed appendEntries: org.apache.ratis.thirdparty.io.grpc.StatusRuntimeException: UNAVAILABLE: io exception
2019-10-14 14:58:39,778 [grpc-default-executor-8] INFO  impl.FollowerInfo (FollowerInfo.java:lambda$new$0(51)) - b6736591-a50b-4ef5-84f2-574cdc5435b3@group-5A2207229AA7->7cf7e218-75a7-48f9-af97-c86dcc9fa8bb: nextIndex: updateUnconditionally 16 -> 15
2019-10-14 14:58:40,056 [EventQueue-StaleNodeForStaleNodeHandler] INFO  node.StaleNodeHandler (StaleNodeHandler.java:onMessage(58)) - Datanode df9e5f57-bd2c-4d2e-90a4-8b7d317b94ee{ip: 192.168.5.159, host: pr-hdds-1569-fwkxq-874464227, networkLocation: /default-rack, certSerialId: null} moved to stale state. Finalizing its pipelines [PipelineID=da99b8bf-1d40-44bd-b278-cb1e499b7a76, PipelineID=133367c2-e7ec-4084-a357-d1bd67ab2f3f, PipelineID=9dbf62c0-8c70-4285-88ab-f1b0e408e5d3]
2019-10-14 14:58:40,056 [EventQueue-StaleNodeForStaleNodeHandler] INFO  pipeline.SCMPipelineManager (SCMPipelineManager.java:finalizeAndDestroyPipeline(342)) - destroying pipeline:Pipeline[ Id: da99b8bf-1d40-44bd-b278-cb1e499b7a76, Nodes: df9e5f57-bd2c-4d2e-90a4-8b7d317b94ee{ip: 192.168.5.159, host: pr-hdds-1569-fwkxq-874464227, networkLocation: /default-rack, certSerialId: null}f9d9ba55-347c-42aa-b343-203ee5e29f8d{ip: 192.168.5.159, host: pr-hdds-1569-fwkxq-874464227, networkLocation: /default-rack, certSerialId: null}b765ecb1-ebfa-42dd-8a13-5b9feb228ba9{ip: 192.168.5.159, host: pr-hdds-1569-fwkxq-874464227, networkLocation: /default-rack, certSerialId: null}, Type:RATIS, Factor:THREE, State:OPEN]
2019-10-14 14:58:40,057 [EventQueue-StaleNodeForStaleNodeHandler] INFO  pipeline.PipelineStateManager (PipelineStateManager.java:finalizePipeline(123)) - Pipeline Pipeline[ Id: da99b8bf-1d40-44bd-b278-cb1e499b7a76, Nodes: df9e5f57-bd2c-4d2e-90a4-8b7d317b94ee{ip: 192.168.5.159, host: pr-hdds-1569-fwkxq-874464227, networkLocation: /default-rack, certSerialId: null}f9d9ba55-347c-42aa-b343-203ee5e29f8d{ip: 192.168.5.159, host: pr-hdds-1569-fwkxq-874464227, networkLocation: /default-rack, certSerialId: null}b765ecb1-ebfa-42dd-8a13-5b9feb228ba9{ip: 192.168.5.159, host: pr-hdds-1569-fwkxq-874464227, networkLocation: /default-rack, certSerialId: null}, Type:RATIS, Factor:THREE, State:CLOSED] moved to CLOSED state
2019-10-14 14:58:40,057 [EventQueue-StaleNodeForStaleNodeHandler] INFO  pipeline.SCMPipelineManager (SCMPipelineManager.java:finalizeAndDestroyPipeline(342)) - destroying pipeline:Pipeline[ Id: 133367c2-e7ec-4084-a357-d1bd67ab2f3f, Nodes: df9e5f57-bd2c-4d2e-90a4-8b7d317b94ee{ip: 192.168.5.159, host: pr-hdds-1569-fwkxq-874464227, networkLocation: /default-rack, certSerialId: null}, Type:RATIS, Factor:ONE, State:OPEN]
2019-10-14 14:58:40,058 [EventQueue-StaleNodeForStaleNodeHandler] INFO  pipeline.PipelineStateManager (PipelineStateManager.java:finalizePipeline(123)) - Pipeline Pipeline[ Id: 133367c2-e7ec-4084-a357-d1bd67ab2f3f, Nodes: df9e5f57-bd2c-4d2e-90a4-8b7d317b94ee{ip: 192.168.5.159, host: pr-hdds-1569-fwkxq-874464227, networkLocation: /default-rack, certSerialId: null}, Type:RATIS, Factor:ONE, State:CLOSED] moved to CLOSED state
2019-10-14 14:58:40,058 [EventQueue-StaleNodeForStaleNodeHandler] INFO  pipeline.SCMPipelineManager (SCMPipelineManager.java:finalizeAndDestroyPipeline(342)) - destroying pipeline:Pipeline[ Id: 9dbf62c0-8c70-4285-88ab-f1b0e408e5d3, Nodes: a0884861-8b64-4900-8d43-9348fc78e683{ip: 192.168.5.159, host: pr-hdds-1569-fwkxq-874464227, networkLocation: /default-rack, certSerialId: null}7cf7e218-75a7-48f9-af97-c86dcc9fa8bb{ip: 192.168.5.159, host: pr-hdds-1569-fwkxq-874464227, networkLocation: /default-rack, certSerialId: null}df9e5f57-bd2c-4d2e-90a4-8b7d317b94ee{ip: 192.168.5.159, host: pr-hdds-1569-fwkxq-874464227, networkLocation: /default-rack, certSerialId: null}, Type:RATIS, Factor:THREE, State:CLOSED]
2019-10-14 14:58:40,356 [EventQueue-StaleNodeForStaleNodeHandler] INFO  node.StaleNodeHandler (StaleNodeHandler.java:onMessage(58)) - Datanode f9d9ba55-347c-42aa-b343-203ee5e29f8d{ip: 192.168.5.159, host: pr-hdds-1569-fwkxq-874464227, networkLocation: /default-rack, certSerialId: null} moved to stale state. Finalizing its pipelines [PipelineID=da99b8bf-1d40-44bd-b278-cb1e499b7a76, PipelineID=979f4544-869a-4521-b365-ce24cbcd653a, PipelineID=cb690736-d3ed-410e-a2a7-663520570865]
2019-10-14 14:58:40,356 [EventQueue-StaleNodeForStaleNodeHandler] INFO  pipeline.SCMPipelineManager (SCMPipelineManager.java:finalizeAndDestroyPipeline(342)) - destroying pipeline:Pipeline[ Id: da99b8bf-1d40-44bd-b278-cb1e499b7a76, Nodes: df9e5f57-bd2c-4d2e-90a4-8b7d317b94ee{ip: 192.168.5.159, host: pr-hdds-1569-fwkxq-874464227, networkLocation: /default-rack, certSerialId: null}f9d9ba55-347c-42aa-b343-203ee5e29f8d{ip: 192.168.5.159, host: pr-hdds-1569-fwkxq-874464227, networkLocation: /default-rack, certSerialId: null}b765ecb1-ebfa-42dd-8a13-5b9feb228ba9{ip: 192.168.5.159, host: pr-hdds-1569-fwkxq-874464227, networkLocation: /default-rack, certSerialId: null}, Type:RATIS, Factor:THREE, State:CLOSED]
2019-10-14 14:58:40,356 [EventQueue-StaleNodeForStaleNodeHandler] INFO  pipeline.SCMPipelineManager (SCMPipelineManager.java:finalizeAndDestroyPipeline(342)) - destroying pipeline:Pipeline[ Id: 979f4544-869a-4521-b365-ce24cbcd653a, Nodes: b765ecb1-ebfa-42dd-8a13-5b9feb228ba9{ip: 192.168.5.159, host: pr-hdds-1569-fwkxq-874464227, networkLocation: /default-rack, certSerialId: null}a0884861-8b64-4900-8d43-9348fc78e683{ip: 192.168.5.159, host: pr-hdds-1569-fwkxq-874464227, networkLocation: /default-rack, certSerialId: null}f9d9ba55-347c-42aa-b343-203ee5e29f8d{ip: 192.168.5.159, host: pr-hdds-1569-fwkxq-874464227, networkLocation: /default-rack, certSerialId: null}, Type:RATIS, Factor:THREE, State:CLOSED]
2019-10-14 14:58:40,356 [EventQueue-StaleNodeForStaleNodeHandler] INFO  pipeline.SCMPipelineManager (SCMPipelineManager.java:finalizeAndDestroyPipeline(342)) - destroying pipeline:Pipeline[ Id: cb690736-d3ed-410e-a2a7-663520570865, Nodes: f9d9ba55-347c-42aa-b343-203ee5e29f8d{ip: 192.168.5.159, host: pr-hdds-1569-fwkxq-874464227, networkLocation: /default-rack, certSerialId: null}, Type:RATIS, Factor:ONE, State:OPEN]
2019-10-14 14:58:40,356 [EventQueue-StaleNodeForStaleNodeHandler] INFO  pipeline.PipelineStateManager (PipelineStateManager.java:finalizePipeline(123)) - Pipeline Pipeline[ Id: cb690736-d3ed-410e-a2a7-663520570865, Nodes: f9d9ba55-347c-42aa-b343-203ee5e29f8d{ip: 192.168.5.159, host: pr-hdds-1569-fwkxq-874464227, networkLocation: /default-rack, certSerialId: null}, Type:RATIS, Factor:ONE, State:CLOSED] moved to CLOSED state
2019-10-14 14:58:40,652 [ForkJoinPool.commonPool-worker-0] INFO  ozoneimpl.OzoneContainer (OzoneContainer.java:stop(231)) - Attempting to stop container services.
2019-10-14 14:58:40,652 [main] INFO  ozoneimpl.OzoneContainer (OzoneContainer.java:stop(231)) - Attempting to stop container services.
2019-10-14 14:58:40,653 [ForkJoinPool.commonPool-worker-0] INFO  impl.RaftServerProxy (RaftServerProxy.java:lambda$close$4(314)) - f9d9ba55-347c-42aa-b343-203ee5e29f8d: close
2019-10-14 14:58:40,653 [main] INFO  impl.RaftServerProxy (RaftServerProxy.java:lambda$close$4(314)) - df9e5f57-bd2c-4d2e-90a4-8b7d317b94ee: close
2019-10-14 14:58:40,654 [main] INFO  impl.RaftServerImpl (RaftServerImpl.java:lambda$shutdown$3(251)) - df9e5f57-bd2c-4d2e-90a4-8b7d317b94ee@group-CB1E499B7A76: shutdown
2019-10-14 14:58:40,654 [ForkJoinPool.commonPool-worker-0] INFO  impl.RaftServerImpl (RaftServerImpl.java:lambda$shutdown$3(251)) - f9d9ba55-347c-42aa-b343-203ee5e29f8d@group-CB1E499B7A76: shutdown
2019-10-14 14:58:40,654 [main] INFO  util.JmxRegister (JmxRegister.java:unregister(73)) - Successfully un-registered JMX Bean with object name Ratis:service=RaftServer,group=group-CB1E499B7A76,id=df9e5f57-bd2c-4d2e-90a4-8b7d317b94ee
2019-10-14 14:58:40,655 [ForkJoinPool.commonPool-worker-0] INFO  util.JmxRegister (JmxRegister.java:unregister(73)) - Successfully un-registered JMX Bean with object name Ratis:service=RaftServer,group=group-CB1E499B7A76,id=f9d9ba55-347c-42aa-b343-203ee5e29f8d
2019-10-14 14:58:40,655 [main] INFO  impl.RoleInfo (RoleInfo.java:shutdownLeaderState(104)) - df9e5f57-bd2c-4d2e-90a4-8b7d317b94ee: shutdown LeaderState
2019-10-14 14:58:40,655 [ForkJoinPool.commonPool-worker-0] INFO  impl.RoleInfo (RoleInfo.java:shutdownFollowerState(121)) - f9d9ba55-347c-42aa-b343-203ee5e29f8d: shutdown FollowerState
2019-10-14 14:58:40,662 [org.apache.ratis.server.impl.LogAppender$AppenderDaemon$$Lambda$493/842312419@390a6dee] WARN  server.GrpcLogAppender (GrpcLogAppender.java:mayWait(143)) - df9e5f57-bd2c-4d2e-90a4-8b7d317b94ee@group-CB1E499B7A76->f9d9ba55-347c-42aa-b343-203ee5e29f8d-GrpcLogAppender: Wait interrupted by java.lang.InterruptedException
2019-10-14 14:58:40,662 [main] INFO  impl.PendingRequests (PendingRequests.java:sendNotLeaderResponses(202)) - df9e5f57-bd2c-4d2e-90a4-8b7d317b94ee-PendingRequests: sendNotLeaderResponses
2019-10-14 14:58:40,662 [Thread-5353] INFO  impl.FollowerState (FollowerState.java:run(115)) - f9d9ba55-347c-42aa-b343-203ee5e29f8d: FollowerState was interrupted: java.lang.InterruptedException: sleep interrupted
2019-10-14 14:58:40,662 [ForkJoinPool.commonPool-worker-0] INFO  impl.StateMachineUpdater (StateMachineUpdater.java:stopAndJoin(125)) - f9d9ba55-347c-42aa-b343-203ee5e29f8d@group-CB1E499B7A76-StateMachineUpdater: set stopIndex = 0
2019-10-14 14:58:40,662 [org.apache.ratis.server.impl.LogAppender$AppenderDaemon$$Lambda$493/842312419@5f643489] WARN  server.GrpcLogAppender (GrpcLogAppender.java:mayWait(143)) - df9e5f57-bd2c-4d2e-90a4-8b7d317b94ee@group-CB1E499B7A76->b765ecb1-ebfa-42dd-8a13-5b9feb228ba9-GrpcLogAppender: Wait interrupted by java.lang.InterruptedException
2019-10-14 14:58:40,663 [ForkJoinPool.commonPool-worker-0] INFO  impl.RaftServerImpl (ServerState.java:close(385)) - f9d9ba55-347c-42aa-b343-203ee5e29f8d@group-CB1E499B7A76: closes. applyIndex: 0
2019-10-14 14:58:40,663 [main] INFO  impl.StateMachineUpdater (StateMachineUpdater.java:stopAndJoin(125)) - df9e5f57-bd2c-4d2e-90a4-8b7d317b94ee@group-CB1E499B7A76-StateMachineUpdater: set stopIndex = 0
2019-10-14 14:58:40,664 [main] INFO  impl.RaftServerImpl (ServerState.java:close(385)) - df9e5f57-bd2c-4d2e-90a4-8b7d317b94ee@group-CB1E499B7A76: closes. applyIndex: 0
2019-10-14 14:58:40,664 [grpc-default-executor-11] INFO  server.GrpcServerProtocolService (GrpcServerProtocolService.java:onCompleted(113)) - b765ecb1-ebfa-42dd-8a13-5b9feb228ba9: Completed APPEND_ENTRIES, lastRequest: df9e5f57-bd2c-4d2e-90a4-8b7d317b94ee->b765ecb1-ebfa-42dd-8a13-5b9feb228ba9#4-t3, previous=(t:3, i:0), leaderCommit=0, initializing? false, entries: <empty>
2019-10-14 14:58:40,664 [grpc-default-executor-8] INFO  server.GrpcServerProtocolService (GrpcServerProtocolService.java:onCompleted(113)) - f9d9ba55-347c-42aa-b343-203ee5e29f8d: Completed APPEND_ENTRIES, lastRequest: df9e5f57-bd2c-4d2e-90a4-8b7d317b94ee->f9d9ba55-347c-42aa-b343-203ee5e29f8d#4-t3, previous=(t:3, i:0), leaderCommit=0, initializing? false, entries: <empty>
2019-10-14 14:58:40,664 [df9e5f57-bd2c-4d2e-90a4-8b7d317b94ee@group-CB1E499B7A76-SegmentedRaftLogWorker] INFO  segmented.SegmentedRaftLogWorker (SegmentedRaftLogWorker.java:run(313)) - df9e5f57-bd2c-4d2e-90a4-8b7d317b94ee@group-CB1E499B7A76-SegmentedRaftLogWorker was interrupted, exiting. There are 0 tasks remaining in the queue.
2019-10-14 14:58:40,664 [f9d9ba55-347c-42aa-b343-203ee5e29f8d@group-CB1E499B7A76-SegmentedRaftLogWorker] INFO  segmented.SegmentedRaftLogWorker (SegmentedRaftLogWorker.java:run(313)) - f9d9ba55-347c-42aa-b343-203ee5e29f8d@group-CB1E499B7A76-SegmentedRaftLogWorker was interrupted, exiting. There are 0 tasks remaining in the queue.
2019-10-14 14:58:40,668 [main] INFO  segmented.SegmentedRaftLogWorker (SegmentedRaftLogWorker.java:close(228)) - df9e5f57-bd2c-4d2e-90a4-8b7d317b94ee@group-CB1E499B7A76-SegmentedRaftLogWorker close()
2019-10-14 14:58:40,670 [ForkJoinPool.commonPool-worker-0] INFO  segmented.SegmentedRaftLogWorker (SegmentedRaftLogWorker.java:close(228)) - f9d9ba55-347c-42aa-b343-203ee5e29f8d@group-CB1E499B7A76-SegmentedRaftLogWorker close()
2019-10-14 14:58:40,676 [grpc-default-executor-11] INFO  server.GrpcLogAppender (GrpcLogAppender.java:onCompleted(293)) - df9e5f57-bd2c-4d2e-90a4-8b7d317b94ee@group-CB1E499B7A76->b765ecb1-ebfa-42dd-8a13-5b9feb228ba9-AppendLogResponseHandler: follower responses appendEntries COMPLETED
2019-10-14 14:58:40,676 [grpc-default-executor-8] INFO  server.GrpcLogAppender (GrpcLogAppender.java:onCompleted(293)) - df9e5f57-bd2c-4d2e-90a4-8b7d317b94ee@group-CB1E499B7A76->f9d9ba55-347c-42aa-b343-203ee5e29f8d-AppendLogResponseHandler: follower responses appendEntries COMPLETED
2019-10-14 14:58:40,675 [main] INFO  impl.RaftServerImpl (RaftServerImpl.java:lambda$shutdown$3(251)) - df9e5f57-bd2c-4d2e-90a4-8b7d317b94ee@group-D1BD67AB2F3F: shutdown
2019-10-14 14:58:40,681 [grpc-default-executor-11] INFO  impl.FollowerInfo (FollowerInfo.java:lambda$new$0(51)) - df9e5f57-bd2c-4d2e-90a4-8b7d317b94ee@group-CB1E499B7A76->b765ecb1-ebfa-42dd-8a13-5b9feb228ba9: nextIndex: updateUnconditionally 1 -> 0
2019-10-14 14:58:40,681 [grpc-default-executor-8] INFO  impl.FollowerInfo (FollowerInfo.java:lambda$new$0(51)) - df9e5f57-bd2c-4d2e-90a4-8b7d317b94ee@group-CB1E499B7A76->f9d9ba55-347c-42aa-b343-203ee5e29f8d: nextIndex: updateUnconditionally 1 -> 0
2019-10-14 14:58:40,680 [ForkJoinPool.commonPool-worker-0] INFO  impl.RaftServerImpl (RaftServerImpl.java:lambda$shutdown$3(251)) - f9d9ba55-347c-42aa-b343-203ee5e29f8d@group-CE24CBCD653A: shutdown
2019-10-14 14:58:40,681 [main] INFO  util.JmxRegister (JmxRegister.java:unregister(73)) - Successfully un-registered JMX Bean with object name Ratis:service=RaftServer,group=group-D1BD67AB2F3F,id=df9e5f57-bd2c-4d2e-90a4-8b7d317b94ee
2019-10-14 14:58:40,682 [ForkJoinPool.commonPool-worker-0] INFO  util.JmxRegister (JmxRegister.java:unregister(73)) - Successfully un-registered JMX Bean with object name Ratis:service=RaftServer,group=group-CE24CBCD653A,id=f9d9ba55-347c-42aa-b343-203ee5e29f8d
2019-10-14 14:58:40,682 [main] INFO  impl.RoleInfo (RoleInfo.java:shutdownLeaderState(104)) - df9e5f57-bd2c-4d2e-90a4-8b7d317b94ee: shutdown LeaderState
2019-10-14 14:58:40,682 [ForkJoinPool.commonPool-worker-0] INFO  impl.RoleInfo (RoleInfo.java:shutdownFollowerState(121)) - f9d9ba55-347c-42aa-b343-203ee5e29f8d: shutdown FollowerState
2019-10-14 14:58:40,683 [grpc-default-executor-8] WARN  server.GrpcLogAppender (LogUtils.java:warn(134)) - b765ecb1-ebfa-42dd-8a13-5b9feb228ba9@group-CE24CBCD653A->a0884861-8b64-4900-8d43-9348fc78e683-AppendLogResponseHandler: Failed appendEntries: org.apache.ratis.thirdparty.io.grpc.StatusRuntimeException: UNAVAILABLE: io exception
2019-10-14 14:58:40,683 [main] INFO  impl.PendingRequests (PendingRequests.java:sendNotLeaderResponses(202)) - df9e5f57-bd2c-4d2e-90a4-8b7d317b94ee-PendingRequests: sendNotLeaderResponses
2019-10-14 14:58:40,683 [grpc-default-executor-8] INFO  impl.FollowerInfo (FollowerInfo.java:lambda$new$0(51)) - b765ecb1-ebfa-42dd-8a13-5b9feb228ba9@group-CE24CBCD653A->a0884861-8b64-4900-8d43-9348fc78e683: nextIndex: updateUnconditionally 0 -> 0
2019-10-14 14:58:40,683 [Thread-5122] INFO  impl.FollowerState (FollowerState.java:run(115)) - f9d9ba55-347c-42aa-b343-203ee5e29f8d: FollowerState was interrupted: java.lang.InterruptedException: sleep interrupted
2019-10-14 14:58:40,683 [ForkJoinPool.commonPool-worker-0] INFO  impl.StateMachineUpdater (StateMachineUpdater.java:stopAndJoin(125)) - f9d9ba55-347c-42aa-b343-203ee5e29f8d@group-CE24CBCD653A-StateMachineUpdater: set stopIndex = 0
2019-10-14 14:58:40,684 [ForkJoinPool.commonPool-worker-0] INFO  impl.RaftServerImpl (ServerState.java:close(385)) - f9d9ba55-347c-42aa-b343-203ee5e29f8d@group-CE24CBCD653A: closes. applyIndex: 0
2019-10-14 14:58:40,684 [main] INFO  impl.StateMachineUpdater (StateMachineUpdater.java:stopAndJoin(125)) - df9e5f57-bd2c-4d2e-90a4-8b7d317b94ee@group-D1BD67AB2F3F-StateMachineUpdater: set stopIndex = 0
2019-10-14 14:58:40,685 [f9d9ba55-347c-42aa-b343-203ee5e29f8d@group-CE24CBCD653A-SegmentedRaftLogWorker] INFO  segmented.SegmentedRaftLogWorker (SegmentedRaftLogWorker.java:run(313)) - f9d9ba55-347c-42aa-b343-203ee5e29f8d@group-CE24CBCD653A-SegmentedRaftLogWorker was interrupted, exiting. There are 0 tasks remaining in the queue.
2019-10-14 14:58:40,685 [main] INFO  impl.RaftServerImpl (ServerState.java:close(385)) - df9e5f57-bd2c-4d2e-90a4-8b7d317b94ee@group-D1BD67AB2F3F: closes. applyIndex: 0
2019-10-14 14:58:40,688 [ForkJoinPool.commonPool-worker-0] INFO  segmented.SegmentedRaftLogWorker (SegmentedRaftLogWorker.java:close(228)) - f9d9ba55-347c-42aa-b343-203ee5e29f8d@group-CE24CBCD653A-SegmentedRaftLogWorker close()
2019-10-14 14:58:40,688 [df9e5f57-bd2c-4d2e-90a4-8b7d317b94ee@group-D1BD67AB2F3F-SegmentedRaftLogWorker] INFO  segmented.SegmentedRaftLogWorker (SegmentedRaftLogWorker.java:run(313)) - df9e5f57-bd2c-4d2e-90a4-8b7d317b94ee@group-D1BD67AB2F3F-SegmentedRaftLogWorker was interrupted, exiting. There are 0 tasks remaining in the queue.
2019-10-14 14:58:40,693 [ForkJoinPool.commonPool-worker-0] INFO  impl.RaftServerImpl (RaftServerImpl.java:lambda$shutdown$3(251)) - f9d9ba55-347c-42aa-b343-203ee5e29f8d@group-663520570865: shutdown
2019-10-14 14:58:40,696 [main] INFO  segmented.SegmentedRaftLogWorker (SegmentedRaftLogWorker.java:close(228)) - df9e5f57-bd2c-4d2e-90a4-8b7d317b94ee@group-D1BD67AB2F3F-SegmentedRaftLogWorker close()
2019-10-14 14:58:40,696 [ForkJoinPool.commonPool-worker-0] INFO  util.JmxRegister (JmxRegister.java:unregister(73)) - Successfully un-registered JMX Bean with object name Ratis:service=RaftServer,group=group-663520570865,id=f9d9ba55-347c-42aa-b343-203ee5e29f8d
2019-10-14 14:58:40,716 [main] INFO  impl.RaftServerImpl (RaftServerImpl.java:lambda$shutdown$3(251)) - df9e5f57-bd2c-4d2e-90a4-8b7d317b94ee@group-F1B0E408E5D3: shutdown
2019-10-14 14:58:40,716 [ForkJoinPool.commonPool-worker-0] INFO  impl.RoleInfo (RoleInfo.java:shutdownLeaderState(104)) - f9d9ba55-347c-42aa-b343-203ee5e29f8d: shutdown LeaderState
2019-10-14 14:58:40,717 [main] INFO  util.JmxRegister (JmxRegister.java:unregister(73)) - Successfully un-registered JMX Bean with object name Ratis:service=RaftServer,group=group-F1B0E408E5D3,id=df9e5f57-bd2c-4d2e-90a4-8b7d317b94ee
2019-10-14 14:58:40,717 [ForkJoinPool.commonPool-worker-0] INFO  impl.PendingRequests (PendingRequests.java:sendNotLeaderResponses(202)) - f9d9ba55-347c-42aa-b343-203ee5e29f8d-PendingRequests: sendNotLeaderResponses
2019-10-14 14:58:40,717 [main] INFO  impl.RoleInfo (RoleInfo.java:shutdownFollowerState(121)) - df9e5f57-bd2c-4d2e-90a4-8b7d317b94ee: shutdown FollowerState
2019-10-14 14:58:40,718 [ForkJoinPool.commonPool-worker-0] INFO  impl.StateMachineUpdater (StateMachineUpdater.java:stopAndJoin(125)) - f9d9ba55-347c-42aa-b343-203ee5e29f8d@group-663520570865-StateMachineUpdater: set stopIndex = 0
2019-10-14 14:58:40,718 [ForkJoinPool.commonPool-worker-0] INFO  impl.RaftServerImpl (ServerState.java:close(385)) - f9d9ba55-347c-42aa-b343-203ee5e29f8d@group-663520570865: closes. applyIndex: 0
2019-10-14 14:58:40,718 [main] INFO  impl.StateMachineUpdater (StateMachineUpdater.java:stopAndJoin(125)) - df9e5f57-bd2c-4d2e-90a4-8b7d317b94ee@group-F1B0E408E5D3-StateMachineUpdater: set stopIndex = 28
2019-10-14 14:58:40,719 [f9d9ba55-347c-42aa-b343-203ee5e29f8d@group-663520570865-SegmentedRaftLogWorker] INFO  segmented.SegmentedRaftLogWorker (SegmentedRaftLogWorker.java:run(313)) - f9d9ba55-347c-42aa-b343-203ee5e29f8d@group-663520570865-SegmentedRaftLogWorker was interrupted, exiting. There are 0 tasks remaining in the queue.
2019-10-14 14:58:40,719 [df9e5f57-bd2c-4d2e-90a4-8b7d317b94ee@group-F1B0E408E5D3-StateMachineUpdater] INFO  ratis.ContainerStateMachine (ContainerStateMachine.java:takeSnapshot(289)) - group-F1B0E408E5D3: Taking a snapshot at:(t:1, i:28) file /workdir/hadoop-ozone/integration-test/target/test-dir/MiniOzoneClusterImpl-aa81d3dd-6e87-4dee-8c30-8f43e5632f78/datanode-3/data/ratis/9dbf62c0-8c70-4285-88ab-f1b0e408e5d3/sm/snapshot.1_28
2019-10-14 14:58:40,718 [Thread-5157] INFO  impl.FollowerState (FollowerState.java:run(115)) - df9e5f57-bd2c-4d2e-90a4-8b7d317b94ee: FollowerState was interrupted: java.lang.InterruptedException: sleep interrupted
2019-10-14 14:58:40,719 [ForkJoinPool.commonPool-worker-0] INFO  segmented.SegmentedRaftLogWorker (SegmentedRaftLogWorker.java:close(228)) - f9d9ba55-347c-42aa-b343-203ee5e29f8d@group-663520570865-SegmentedRaftLogWorker close()
2019-10-14 14:58:40,722 [ForkJoinPool.commonPool-worker-0] INFO  server.GrpcService (GrpcService.java:closeImpl(164)) - f9d9ba55-347c-42aa-b343-203ee5e29f8d: shutdown server with port 43703 now
2019-10-14 14:58:40,724 [grpc-default-executor-11] WARN  server.GrpcServerProtocolService (LogUtils.java:warn(134)) - f9d9ba55-347c-42aa-b343-203ee5e29f8d: installSnapshot onError, lastRequest: b765ecb1-ebfa-42dd-8a13-5b9feb228ba9->f9d9ba55-347c-42aa-b343-203ee5e29f8d#7-t1, previous=(t:1, i:0), leaderCommit=0, initializing? false, entries: <empty>: org.apache.ratis.thirdparty.io.grpc.StatusRuntimeException: CANCELLED: cancelled before receiving half close
2019-10-14 14:58:40,724 [ForkJoinPool.commonPool-worker-0] INFO  server.GrpcService (GrpcService.java:closeImpl(172)) - f9d9ba55-347c-42aa-b343-203ee5e29f8d: shutdown server with port 43703 successfully
2019-10-14 14:58:40,724 [grpc-default-executor-8] WARN  server.GrpcLogAppender (LogUtils.java:warn(134)) - b765ecb1-ebfa-42dd-8a13-5b9feb228ba9@group-CE24CBCD653A->f9d9ba55-347c-42aa-b343-203ee5e29f8d-AppendLogResponseHandler: Failed appendEntries: org.apache.ratis.thirdparty.io.grpc.StatusRuntimeException: CANCELLED: HTTP/2 error code: CANCEL
Received Rst Stream
2019-10-14 14:58:40,724 [grpc-default-executor-8] INFO  impl.FollowerInfo (FollowerInfo.java:lambda$new$0(51)) - b765ecb1-ebfa-42dd-8a13-5b9feb228ba9@group-CE24CBCD653A->f9d9ba55-347c-42aa-b343-203ee5e29f8d: nextIndex: updateUnconditionally 1 -> 0
2019-10-14 14:58:40,733 [refreshUsed-/workdir/hadoop-ozone/integration-test/target/test-dir/MiniOzoneClusterImpl-aa81d3dd-6e87-4dee-8c30-8f43e5632f78/datanode-2/data/containers] WARN  fs.CachingGetSpaceUsed (CachingGetSpaceUsed.java:run(183)) - Thread Interrupted waiting to refresh disk information: sleep interrupted
2019-10-14 14:58:40,736 [df9e5f57-bd2c-4d2e-90a4-8b7d317b94ee@group-F1B0E408E5D3-StateMachineUpdater] INFO  ratis.ContainerStateMachine (ContainerStateMachine.java:takeSnapshot(300)) - group-F1B0E408E5D3: Finished taking a snapshot at:(t:1, i:28) file:/workdir/hadoop-ozone/integration-test/target/test-dir/MiniOzoneClusterImpl-aa81d3dd-6e87-4dee-8c30-8f43e5632f78/datanode-3/data/ratis/9dbf62c0-8c70-4285-88ab-f1b0e408e5d3/sm/snapshot.1_28 time:18
2019-10-14 14:58:40,737 [df9e5f57-bd2c-4d2e-90a4-8b7d317b94ee@group-F1B0E408E5D3-StateMachineUpdater] INFO  impl.StateMachineUpdater (StateMachineUpdater.java:takeSnapshot(258)) - df9e5f57-bd2c-4d2e-90a4-8b7d317b94ee@group-F1B0E408E5D3-StateMachineUpdater: Took a snapshot at index 28
2019-10-14 14:58:40,737 [df9e5f57-bd2c-4d2e-90a4-8b7d317b94ee@group-F1B0E408E5D3-StateMachineUpdater] INFO  impl.StateMachineUpdater (StateMachineUpdater.java:lambda$new$0(83)) - df9e5f57-bd2c-4d2e-90a4-8b7d317b94ee@group-F1B0E408E5D3-StateMachineUpdater: snapshotIndex: updateIncreasingly -1 -> 28
2019-10-14 14:58:40,738 [main] INFO  impl.RaftServerImpl (ServerState.java:close(385)) - df9e5f57-bd2c-4d2e-90a4-8b7d317b94ee@group-F1B0E408E5D3: closes. applyIndex: 28
2019-10-14 14:58:40,739 [df9e5f57-bd2c-4d2e-90a4-8b7d317b94ee@group-F1B0E408E5D3-SegmentedRaftLogWorker] INFO  segmented.SegmentedRaftLogWorker (SegmentedRaftLogWorker.java:run(313)) - df9e5f57-bd2c-4d2e-90a4-8b7d317b94ee@group-F1B0E408E5D3-SegmentedRaftLogWorker was interrupted, exiting. There are 0 tasks remaining in the queue.
2019-10-14 14:58:40,740 [main] INFO  segmented.SegmentedRaftLogWorker (SegmentedRaftLogWorker.java:close(228)) - df9e5f57-bd2c-4d2e-90a4-8b7d317b94ee@group-F1B0E408E5D3-SegmentedRaftLogWorker close()
2019-10-14 14:58:40,743 [main] INFO  server.GrpcService (GrpcService.java:closeImpl(164)) - df9e5f57-bd2c-4d2e-90a4-8b7d317b94ee: shutdown server with port 45002 now
2019-10-14 14:58:40,743 [main] INFO  server.GrpcService (GrpcService.java:closeImpl(172)) - df9e5f57-bd2c-4d2e-90a4-8b7d317b94ee: shutdown server with port 45002 successfully
2019-10-14 14:58:40,746 [refreshUsed-/workdir/hadoop-ozone/integration-test/target/test-dir/MiniOzoneClusterImpl-aa81d3dd-6e87-4dee-8c30-8f43e5632f78/datanode-3/data/containers] WARN  fs.CachingGetSpaceUsed (CachingGetSpaceUsed.java:run(183)) - Thread Interrupted waiting to refresh disk information: sleep interrupted
2019-10-14 14:58:40,759 [ForkJoinPool.commonPool-worker-0] INFO  utils.BackgroundService (BackgroundService.java:shutdown(148)) - Shutting down service BlockDeletingService
2019-10-14 14:58:40,765 [ForkJoinPool.commonPool-worker-0] INFO  statemachine.DatanodeStateMachine (DatanodeStateMachine.java:stopDaemon(395)) - Ozone container server stopped.
2019-10-14 14:58:40,772 [ForkJoinPool.commonPool-worker-0] INFO  handler.ContextHandler (ContextHandler.java:doStop(910)) - Stopped o.e.j.w.WebAppContext@49889154{/,null,UNAVAILABLE}{/hddsDatanode}
2019-10-14 14:58:40,773 [main] INFO  utils.BackgroundService (BackgroundService.java:shutdown(148)) - Shutting down service BlockDeletingService
2019-10-14 14:58:40,774 [ForkJoinPool.commonPool-worker-0] INFO  server.AbstractConnector (AbstractConnector.java:doStop(318)) - Stopped ServerConnector@5c33008f{HTTP/1.1,[http/1.1]}{0.0.0.0:0}
2019-10-14 14:58:40,779 [ForkJoinPool.commonPool-worker-0] INFO  handler.ContextHandler (ContextHandler.java:doStop(910)) - Stopped o.e.j.s.ServletContextHandler@5fb07347{/static,jar:file:/home/user/.m2/repository/org/apache/hadoop/hadoop-hdds-container-service/0.5.0-SNAPSHOT/hadoop-hdds-container-service-0.5.0-SNAPSHOT.jar!/webapps/static,UNAVAILABLE}
2019-10-14 14:58:40,781 [ForkJoinPool.commonPool-worker-0] INFO  handler.ContextHandler (ContextHandler.java:doStop(910)) - Stopped o.e.j.s.ServletContextHandler@4276ad40{/logs,file:///workdir/hadoop-ozone/integration-test/target/log,UNAVAILABLE}
2019-10-14 14:58:40,783 [main] INFO  statemachine.DatanodeStateMachine (DatanodeStateMachine.java:stopDaemon(395)) - Ozone container server stopped.
2019-10-14 14:58:40,784 [main] INFO  handler.ContextHandler (ContextHandler.java:doStop(910)) - Stopped o.e.j.w.WebAppContext@33a47707{/,null,UNAVAILABLE}{/hddsDatanode}
2019-10-14 14:58:40,785 [main] INFO  server.AbstractConnector (AbstractConnector.java:doStop(318)) - Stopped ServerConnector@4d290757{HTTP/1.1,[http/1.1]}{0.0.0.0:0}
2019-10-14 14:58:40,786 [main] INFO  handler.ContextHandler (ContextHandler.java:doStop(910)) - Stopped o.e.j.s.ServletContextHandler@60fc7f43{/static,jar:file:/home/user/.m2/repository/org/apache/hadoop/hadoop-hdds-container-service/0.5.0-SNAPSHOT/hadoop-hdds-container-service-0.5.0-SNAPSHOT.jar!/webapps/static,UNAVAILABLE}
2019-10-14 14:58:40,787 [main] INFO  handler.ContextHandler (ContextHandler.java:doStop(910)) - Stopped o.e.j.s.ServletContextHandler@e154848{/logs,file:///workdir/hadoop-ozone/integration-test/target/log,UNAVAILABLE}
2019-10-14 14:58:41,177 [Datanode State Machine Thread - 0] INFO  statemachine.DatanodeStateMachine (DatanodeStateMachine.java:lambda$startDaemon$0(350)) - Ozone container server started.
2019-10-14 14:58:41,289 [Datanode State Machine Thread - 0] INFO  statemachine.DatanodeStateMachine (DatanodeStateMachine.java:lambda$startDaemon$0(350)) - Ozone container server started.
2019-10-14 14:58:42,277 [grpc-default-executor-11] WARN  server.GrpcLogAppender (LogUtils.java:warn(134)) - b6736591-a50b-4ef5-84f2-574cdc5435b3@group-5A2207229AA7->7cf7e218-75a7-48f9-af97-c86dcc9fa8bb-AppendLogResponseHandler: Failed appendEntries: org.apache.ratis.thirdparty.io.grpc.StatusRuntimeException: UNAVAILABLE: io exception
2019-10-14 14:58:42,277 [grpc-default-executor-11] INFO  impl.FollowerInfo (FollowerInfo.java:lambda$new$0(51)) - b6736591-a50b-4ef5-84f2-574cdc5435b3@group-5A2207229AA7->7cf7e218-75a7-48f9-af97-c86dcc9fa8bb: nextIndex: updateUnconditionally 15 -> 14
2019-10-14 14:58:43,185 [grpc-default-executor-11] WARN  server.GrpcLogAppender (LogUtils.java:warn(134)) - b765ecb1-ebfa-42dd-8a13-5b9feb228ba9@group-CE24CBCD653A->f9d9ba55-347c-42aa-b343-203ee5e29f8d-AppendLogResponseHandler: Failed appendEntries: org.apache.ratis.thirdparty.io.grpc.StatusRuntimeException: UNAVAILABLE: io exception
2019-10-14 14:58:43,185 [grpc-default-executor-8] WARN  server.GrpcLogAppender (LogUtils.java:warn(134)) - b765ecb1-ebfa-42dd-8a13-5b9feb228ba9@group-CE24CBCD653A->a0884861-8b64-4900-8d43-9348fc78e683-AppendLogResponseHandler: Failed appendEntries: org.apache.ratis.thirdparty.io.grpc.StatusRuntimeException: UNAVAILABLE: io exception
2019-10-14 14:58:43,185 [grpc-default-executor-11] INFO  impl.FollowerInfo (FollowerInfo.java:lambda$new$0(51)) - b765ecb1-ebfa-42dd-8a13-5b9feb228ba9@group-CE24CBCD653A->f9d9ba55-347c-42aa-b343-203ee5e29f8d: nextIndex: updateUnconditionally 0 -> 0
2019-10-14 14:58:43,185 [grpc-default-executor-8] INFO  impl.FollowerInfo (FollowerInfo.java:lambda$new$0(51)) - b765ecb1-ebfa-42dd-8a13-5b9feb228ba9@group-CE24CBCD653A->a0884861-8b64-4900-8d43-9348fc78e683: nextIndex: updateUnconditionally 0 -> 0
2019-10-14 14:58:44,780 [grpc-default-executor-14] WARN  server.GrpcLogAppender (LogUtils.java:warn(134)) - b6736591-a50b-4ef5-84f2-574cdc5435b3@group-5A2207229AA7->7cf7e218-75a7-48f9-af97-c86dcc9fa8bb-AppendLogResponseHandler: Failed appendEntries: org.apache.ratis.thirdparty.io.grpc.StatusRuntimeException: UNAVAILABLE: io exception
2019-10-14 14:58:44,781 [grpc-default-executor-14] INFO  impl.FollowerInfo (FollowerInfo.java:lambda$new$0(51)) - b6736591-a50b-4ef5-84f2-574cdc5435b3@group-5A2207229AA7->7cf7e218-75a7-48f9-af97-c86dcc9fa8bb: nextIndex: updateUnconditionally 14 -> 13
2019-10-14 14:58:45,266 [EventQueue-StaleNodeForStaleNodeHandler] INFO  node.StaleNodeHandler (StaleNodeHandler.java:onMessage(58)) - Datanode b765ecb1-ebfa-42dd-8a13-5b9feb228ba9{ip: 192.168.5.159, host: pr-hdds-1569-fwkxq-874464227, networkLocation: /default-rack, certSerialId: null} moved to stale state. Finalizing its pipelines [PipelineID=da99b8bf-1d40-44bd-b278-cb1e499b7a76, PipelineID=979f4544-869a-4521-b365-ce24cbcd653a, PipelineID=00058ee8-f08b-4e9f-989a-d75401eea1f0]
2019-10-14 14:58:45,267 [EventQueue-StaleNodeForStaleNodeHandler] INFO  pipeline.SCMPipelineManager (SCMPipelineManager.java:finalizeAndDestroyPipeline(342)) - destroying pipeline:Pipeline[ Id: da99b8bf-1d40-44bd-b278-cb1e499b7a76, Nodes: df9e5f57-bd2c-4d2e-90a4-8b7d317b94ee{ip: 192.168.5.159, host: pr-hdds-1569-fwkxq-874464227, networkLocation: /default-rack, certSerialId: null}f9d9ba55-347c-42aa-b343-203ee5e29f8d{ip: 192.168.5.159, host: pr-hdds-1569-fwkxq-874464227, networkLocation: /default-rack, certSerialId: null}b765ecb1-ebfa-42dd-8a13-5b9feb228ba9{ip: 192.168.5.159, host: pr-hdds-1569-fwkxq-874464227, networkLocation: /default-rack, certSerialId: null}, Type:RATIS, Factor:THREE, State:CLOSED]
2019-10-14 14:58:45,268 [EventQueue-StaleNodeForStaleNodeHandler] INFO  pipeline.SCMPipelineManager (SCMPipelineManager.java:finalizeAndDestroyPipeline(342)) - destroying pipeline:Pipeline[ Id: 979f4544-869a-4521-b365-ce24cbcd653a, Nodes: b765ecb1-ebfa-42dd-8a13-5b9feb228ba9{ip: 192.168.5.159, host: pr-hdds-1569-fwkxq-874464227, networkLocation: /default-rack, certSerialId: null}a0884861-8b64-4900-8d43-9348fc78e683{ip: 192.168.5.159, host: pr-hdds-1569-fwkxq-874464227, networkLocation: /default-rack, certSerialId: null}f9d9ba55-347c-42aa-b343-203ee5e29f8d{ip: 192.168.5.159, host: pr-hdds-1569-fwkxq-874464227, networkLocation: /default-rack, certSerialId: null}, Type:RATIS, Factor:THREE, State:CLOSED]
2019-10-14 14:58:45,268 [EventQueue-StaleNodeForStaleNodeHandler] INFO  pipeline.SCMPipelineManager (SCMPipelineManager.java:finalizeAndDestroyPipeline(342)) - destroying pipeline:Pipeline[ Id: 00058ee8-f08b-4e9f-989a-d75401eea1f0, Nodes: b765ecb1-ebfa-42dd-8a13-5b9feb228ba9{ip: 192.168.5.159, host: pr-hdds-1569-fwkxq-874464227, networkLocation: /default-rack, certSerialId: null}, Type:RATIS, Factor:ONE, State:OPEN]
2019-10-14 14:58:45,268 [EventQueue-StaleNodeForStaleNodeHandler] INFO  pipeline.PipelineStateManager (PipelineStateManager.java:finalizePipeline(123)) - Pipeline Pipeline[ Id: 00058ee8-f08b-4e9f-989a-d75401eea1f0, Nodes: b765ecb1-ebfa-42dd-8a13-5b9feb228ba9{ip: 192.168.5.159, host: pr-hdds-1569-fwkxq-874464227, networkLocation: /default-rack, certSerialId: null}, Type:RATIS, Factor:ONE, State:CLOSED] moved to CLOSED state
2019-10-14 14:58:45,365 [EventQueue-StaleNodeForStaleNodeHandler] INFO  node.StaleNodeHandler (StaleNodeHandler.java:onMessage(58)) - Datanode b6736591-a50b-4ef5-84f2-574cdc5435b3{ip: 192.168.5.159, host: pr-hdds-1569-fwkxq-874464227, networkLocation: /default-rack, certSerialId: null} moved to stale state. Finalizing its pipelines [PipelineID=3013f153-68ff-4088-a6ab-10918df773fd, PipelineID=08b74ee0-5fb2-42f1-a4ac-5a2207229aa7]
2019-10-14 14:58:45,365 [EventQueue-StaleNodeForStaleNodeHandler] INFO  pipeline.SCMPipelineManager (SCMPipelineManager.java:finalizeAndDestroyPipeline(342)) - destroying pipeline:Pipeline[ Id: 3013f153-68ff-4088-a6ab-10918df773fd, Nodes: b6736591-a50b-4ef5-84f2-574cdc5435b3{ip: 192.168.5.159, host: pr-hdds-1569-fwkxq-874464227, networkLocation: /default-rack, certSerialId: null}, Type:RATIS, Factor:ONE, State:OPEN]
2019-10-14 14:58:45,366 [EventQueue-StaleNodeForStaleNodeHandler] INFO  pipeline.PipelineStateManager (PipelineStateManager.java:finalizePipeline(123)) - Pipeline Pipeline[ Id: 3013f153-68ff-4088-a6ab-10918df773fd, Nodes: b6736591-a50b-4ef5-84f2-574cdc5435b3{ip: 192.168.5.159, host: pr-hdds-1569-fwkxq-874464227, networkLocation: /default-rack, certSerialId: null}, Type:RATIS, Factor:ONE, State:CLOSED] moved to CLOSED state
2019-10-14 14:58:45,366 [EventQueue-StaleNodeForStaleNodeHandler] INFO  pipeline.SCMPipelineManager (SCMPipelineManager.java:finalizeAndDestroyPipeline(342)) - destroying pipeline:Pipeline[ Id: 08b74ee0-5fb2-42f1-a4ac-5a2207229aa7, Nodes: 805c446b-b997-4105-8957-3233a3685cc7{ip: 192.168.5.159, host: pr-hdds-1569-fwkxq-874464227, networkLocation: /default-rack, certSerialId: null}7cf7e218-75a7-48f9-af97-c86dcc9fa8bb{ip: 192.168.5.159, host: pr-hdds-1569-fwkxq-874464227, networkLocation: /default-rack, certSerialId: null}b6736591-a50b-4ef5-84f2-574cdc5435b3{ip: 192.168.5.159, host: pr-hdds-1569-fwkxq-874464227, networkLocation: /default-rack, certSerialId: null}, Type:RATIS, Factor:THREE, State:CLOSED]
2019-10-14 14:58:45,685 [grpc-default-executor-8] WARN  server.GrpcLogAppender (LogUtils.java:warn(134)) - b765ecb1-ebfa-42dd-8a13-5b9feb228ba9@group-CE24CBCD653A->a0884861-8b64-4900-8d43-9348fc78e683-AppendLogResponseHandler: Failed appendEntries: org.apache.ratis.thirdparty.io.grpc.StatusRuntimeException: UNAVAILABLE: io exception
2019-10-14 14:58:45,686 [grpc-default-executor-14] WARN  server.GrpcLogAppender (LogUtils.java:warn(134)) - b765ecb1-ebfa-42dd-8a13-5b9feb228ba9@group-CE24CBCD653A->f9d9ba55-347c-42aa-b343-203ee5e29f8d-AppendLogResponseHandler: Failed appendEntries: org.apache.ratis.thirdparty.io.grpc.StatusRuntimeException: UNAVAILABLE: io exception
2019-10-14 14:58:45,686 [grpc-default-executor-8] INFO  impl.FollowerInfo (FollowerInfo.java:lambda$new$0(51)) - b765ecb1-ebfa-42dd-8a13-5b9feb228ba9@group-CE24CBCD653A->a0884861-8b64-4900-8d43-9348fc78e683: nextIndex: updateUnconditionally 0 -> 0
2019-10-14 14:58:45,687 [grpc-default-executor-14] INFO  impl.FollowerInfo (FollowerInfo.java:lambda$new$0(51)) - b765ecb1-ebfa-42dd-8a13-5b9feb228ba9@group-CE24CBCD653A->f9d9ba55-347c-42aa-b343-203ee5e29f8d: nextIndex: updateUnconditionally 0 -> 0
2019-10-14 14:58:45,785 [ForkJoinPool.commonPool-worker-0] INFO  ozoneimpl.OzoneContainer (OzoneContainer.java:stop(231)) - Attempting to stop container services.
2019-10-14 14:58:45,789 [main] INFO  ozoneimpl.OzoneContainer (OzoneContainer.java:stop(231)) - Attempting to stop container services.
2019-10-14 14:58:45,789 [ForkJoinPool.commonPool-worker-0] INFO  impl.RaftServerProxy (RaftServerProxy.java:lambda$close$4(314)) - b765ecb1-ebfa-42dd-8a13-5b9feb228ba9: close
2019-10-14 14:58:45,790 [main] INFO  impl.RaftServerProxy (RaftServerProxy.java:lambda$close$4(314)) - b6736591-a50b-4ef5-84f2-574cdc5435b3: close
2019-10-14 14:58:45,791 [ForkJoinPool.commonPool-worker-0] INFO  impl.RaftServerImpl (RaftServerImpl.java:lambda$shutdown$3(251)) - b765ecb1-ebfa-42dd-8a13-5b9feb228ba9@group-CB1E499B7A76: shutdown
2019-10-14 14:58:45,791 [main] INFO  impl.RaftServerImpl (RaftServerImpl.java:lambda$shutdown$3(251)) - b6736591-a50b-4ef5-84f2-574cdc5435b3@group-10918DF773FD: shutdown
2019-10-14 14:58:45,791 [ForkJoinPool.commonPool-worker-0] INFO  util.JmxRegister (JmxRegister.java:unregister(73)) - Successfully un-registered JMX Bean with object name Ratis:service=RaftServer,group=group-CB1E499B7A76,id=b765ecb1-ebfa-42dd-8a13-5b9feb228ba9
2019-10-14 14:58:45,792 [main] INFO  util.JmxRegister (JmxRegister.java:unregister(73)) - Successfully un-registered JMX Bean with object name Ratis:service=RaftServer,group=group-10918DF773FD,id=b6736591-a50b-4ef5-84f2-574cdc5435b3
2019-10-14 14:58:45,792 [ForkJoinPool.commonPool-worker-0] INFO  impl.RoleInfo (RoleInfo.java:shutdownFollowerState(121)) - b765ecb1-ebfa-42dd-8a13-5b9feb228ba9: shutdown FollowerState
2019-10-14 14:58:45,792 [main] INFO  impl.RoleInfo (RoleInfo.java:shutdownLeaderState(104)) - b6736591-a50b-4ef5-84f2-574cdc5435b3: shutdown LeaderState
2019-10-14 14:58:45,793 [Thread-5352] INFO  impl.FollowerState (FollowerState.java:run(115)) - b765ecb1-ebfa-42dd-8a13-5b9feb228ba9: FollowerState was interrupted: java.lang.InterruptedException: sleep interrupted
2019-10-14 14:58:45,793 [ForkJoinPool.commonPool-worker-0] INFO  impl.StateMachineUpdater (StateMachineUpdater.java:stopAndJoin(125)) - b765ecb1-ebfa-42dd-8a13-5b9feb228ba9@group-CB1E499B7A76-StateMachineUpdater: set stopIndex = 0
2019-10-14 14:58:45,793 [main] INFO  impl.PendingRequests (PendingRequests.java:sendNotLeaderResponses(202)) - b6736591-a50b-4ef5-84f2-574cdc5435b3-PendingRequests: sendNotLeaderResponses
2019-10-14 14:58:45,794 [ForkJoinPool.commonPool-worker-0] INFO  impl.RaftServerImpl (ServerState.java:close(385)) - b765ecb1-ebfa-42dd-8a13-5b9feb228ba9@group-CB1E499B7A76: closes. applyIndex: 0
2019-10-14 14:58:45,794 [main] INFO  impl.StateMachineUpdater (StateMachineUpdater.java:stopAndJoin(125)) - b6736591-a50b-4ef5-84f2-574cdc5435b3@group-10918DF773FD-StateMachineUpdater: set stopIndex = 0
2019-10-14 14:58:45,795 [b765ecb1-ebfa-42dd-8a13-5b9feb228ba9@group-CB1E499B7A76-SegmentedRaftLogWorker] INFO  segmented.SegmentedRaftLogWorker (SegmentedRaftLogWorker.java:run(313)) - b765ecb1-ebfa-42dd-8a13-5b9feb228ba9@group-CB1E499B7A76-SegmentedRaftLogWorker was interrupted, exiting. There are 0 tasks remaining in the queue.
2019-10-14 14:58:45,795 [main] INFO  impl.RaftServerImpl (ServerState.java:close(385)) - b6736591-a50b-4ef5-84f2-574cdc5435b3@group-10918DF773FD: closes. applyIndex: 0
2019-10-14 14:58:45,795 [ForkJoinPool.commonPool-worker-0] INFO  segmented.SegmentedRaftLogWorker (SegmentedRaftLogWorker.java:close(228)) - b765ecb1-ebfa-42dd-8a13-5b9feb228ba9@group-CB1E499B7A76-SegmentedRaftLogWorker close()
2019-10-14 14:58:45,796 [b6736591-a50b-4ef5-84f2-574cdc5435b3@group-10918DF773FD-SegmentedRaftLogWorker] INFO  segmented.SegmentedRaftLogWorker (SegmentedRaftLogWorker.java:run(313)) - b6736591-a50b-4ef5-84f2-574cdc5435b3@group-10918DF773FD-SegmentedRaftLogWorker was interrupted, exiting. There are 0 tasks remaining in the queue.
2019-10-14 14:58:45,799 [ForkJoinPool.commonPool-worker-0] INFO  impl.RaftServerImpl (RaftServerImpl.java:lambda$shutdown$3(251)) - b765ecb1-ebfa-42dd-8a13-5b9feb228ba9@group-CE24CBCD653A: shutdown
2019-10-14 14:58:45,800 [ForkJoinPool.commonPool-worker-0] INFO  util.JmxRegister (JmxRegister.java:unregister(73)) - Successfully un-registered JMX Bean with object name Ratis:service=RaftServer,group=group-CE24CBCD653A,id=b765ecb1-ebfa-42dd-8a13-5b9feb228ba9
2019-10-14 14:58:45,800 [main] INFO  segmented.SegmentedRaftLogWorker (SegmentedRaftLogWorker.java:close(228)) - b6736591-a50b-4ef5-84f2-574cdc5435b3@group-10918DF773FD-SegmentedRaftLogWorker close()
2019-10-14 14:58:45,800 [ForkJoinPool.commonPool-worker-0] INFO  impl.RoleInfo (RoleInfo.java:shutdownLeaderState(104)) - b765ecb1-ebfa-42dd-8a13-5b9feb228ba9: shutdown LeaderState
2019-10-14 14:58:45,802 [main] INFO  impl.RaftServerImpl (RaftServerImpl.java:lambda$shutdown$3(251)) - b6736591-a50b-4ef5-84f2-574cdc5435b3@group-5A2207229AA7: shutdown
2019-10-14 14:58:45,813 [org.apache.ratis.server.impl.LogAppender$AppenderDaemon$$Lambda$493/842312419@13d023ec] WARN  server.GrpcLogAppender (GrpcLogAppender.java:mayWait(143)) - b765ecb1-ebfa-42dd-8a13-5b9feb228ba9@group-CE24CBCD653A->a0884861-8b64-4900-8d43-9348fc78e683-GrpcLogAppender: Wait interrupted by java.lang.InterruptedException
2019-10-14 14:58:45,812 [org.apache.ratis.server.impl.LogAppender$AppenderDaemon$$Lambda$493/842312419@1911b668] WARN  server.GrpcLogAppender (GrpcLogAppender.java:mayWait(143)) - b765ecb1-ebfa-42dd-8a13-5b9feb228ba9@group-CE24CBCD653A->f9d9ba55-347c-42aa-b343-203ee5e29f8d-GrpcLogAppender: Wait interrupted by java.lang.InterruptedException
2019-10-14 14:58:45,812 [ForkJoinPool.commonPool-worker-0] INFO  impl.PendingRequests (PendingRequests.java:sendNotLeaderResponses(202)) - b765ecb1-ebfa-42dd-8a13-5b9feb228ba9-PendingRequests: sendNotLeaderResponses
2019-10-14 14:58:45,813 [main] INFO  util.JmxRegister (JmxRegister.java:unregister(73)) - Successfully un-registered JMX Bean with object name Ratis:service=RaftServer,group=group-5A2207229AA7,id=b6736591-a50b-4ef5-84f2-574cdc5435b3
2019-10-14 14:58:45,814 [ForkJoinPool.commonPool-worker-0] INFO  impl.StateMachineUpdater (StateMachineUpdater.java:stopAndJoin(125)) - b765ecb1-ebfa-42dd-8a13-5b9feb228ba9@group-CE24CBCD653A-StateMachineUpdater: set stopIndex = 0
2019-10-14 14:58:45,814 [main] INFO  impl.RoleInfo (RoleInfo.java:shutdownLeaderState(104)) - b6736591-a50b-4ef5-84f2-574cdc5435b3: shutdown LeaderState
2019-10-14 14:58:45,814 [ForkJoinPool.commonPool-worker-0] INFO  impl.RaftServerImpl (ServerState.java:close(385)) - b765ecb1-ebfa-42dd-8a13-5b9feb228ba9@group-CE24CBCD653A: closes. applyIndex: 0
2019-10-14 14:58:45,815 [org.apache.ratis.server.impl.LogAppender$AppenderDaemon$$Lambda$493/842312419@62b8c7ee] WARN  server.GrpcLogAppender (GrpcLogAppender.java:mayWait(143)) - b6736591-a50b-4ef5-84f2-574cdc5435b3@group-5A2207229AA7->805c446b-b997-4105-8957-3233a3685cc7-GrpcLogAppender: Wait interrupted by java.lang.InterruptedException
2019-10-14 14:58:45,815 [b765ecb1-ebfa-42dd-8a13-5b9feb228ba9@group-CE24CBCD653A-SegmentedRaftLogWorker] INFO  segmented.SegmentedRaftLogWorker (SegmentedRaftLogWorker.java:run(313)) - b765ecb1-ebfa-42dd-8a13-5b9feb228ba9@group-CE24CBCD653A-SegmentedRaftLogWorker was interrupted, exiting. There are 0 tasks remaining in the queue.
2019-10-14 14:58:45,815 [org.apache.ratis.server.impl.LogAppender$AppenderDaemon$$Lambda$493/842312419@5e76f7fa] WARN  server.GrpcLogAppender (GrpcLogAppender.java:mayWait(143)) - b6736591-a50b-4ef5-84f2-574cdc5435b3@group-5A2207229AA7->7cf7e218-75a7-48f9-af97-c86dcc9fa8bb-GrpcLogAppender: Wait interrupted by java.lang.InterruptedException
2019-10-14 14:58:45,815 [main] INFO  impl.PendingRequests (PendingRequests.java:sendNotLeaderResponses(202)) - b6736591-a50b-4ef5-84f2-574cdc5435b3-PendingRequests: sendNotLeaderResponses
2019-10-14 14:58:45,815 [ForkJoinPool.commonPool-worker-0] INFO  segmented.SegmentedRaftLogWorker (SegmentedRaftLogWorker.java:close(228)) - b765ecb1-ebfa-42dd-8a13-5b9feb228ba9@group-CE24CBCD653A-SegmentedRaftLogWorker close()
2019-10-14 14:58:45,818 [ForkJoinPool.commonPool-worker-0] INFO  impl.RaftServerImpl (RaftServerImpl.java:lambda$shutdown$3(251)) - b765ecb1-ebfa-42dd-8a13-5b9feb228ba9@group-D75401EEA1F0: shutdown
2019-10-14 14:58:45,818 [grpc-default-executor-14] INFO  server.GrpcServerProtocolService (GrpcServerProtocolService.java:onCompleted(113)) - 805c446b-b997-4105-8957-3233a3685cc7: Completed APPEND_ENTRIES, lastRequest: b6736591-a50b-4ef5-84f2-574cdc5435b3->805c446b-b997-4105-8957-3233a3685cc7#25-t1, previous=(t:1, i:18), leaderCommit=18, initializing? false, entries: <empty>
2019-10-14 14:58:45,818 [ForkJoinPool.commonPool-worker-0] INFO  util.JmxRegister (JmxRegister.java:unregister(73)) - Successfully un-registered JMX Bean with object name Ratis:service=RaftServer,group=group-D75401EEA1F0,id=b765ecb1-ebfa-42dd-8a13-5b9feb228ba9
2019-10-14 14:58:45,824 [main] INFO  impl.StateMachineUpdater (StateMachineUpdater.java:stopAndJoin(125)) - b6736591-a50b-4ef5-84f2-574cdc5435b3@group-5A2207229AA7-StateMachineUpdater: set stopIndex = 18
2019-10-14 14:58:45,824 [grpc-default-executor-14] INFO  server.GrpcLogAppender (GrpcLogAppender.java:onCompleted(293)) - b6736591-a50b-4ef5-84f2-574cdc5435b3@group-5A2207229AA7->805c446b-b997-4105-8957-3233a3685cc7-AppendLogResponseHandler: follower responses appendEntries COMPLETED
2019-10-14 14:58:45,824 [b6736591-a50b-4ef5-84f2-574cdc5435b3@group-5A2207229AA7-StateMachineUpdater] INFO  ratis.ContainerStateMachine (ContainerStateMachine.java:takeSnapshot(289)) - group-5A2207229AA7: Taking a snapshot at:(t:1, i:18) file /workdir/hadoop-ozone/integration-test/target/test-dir/MiniOzoneClusterImpl-aa81d3dd-6e87-4dee-8c30-8f43e5632f78/datanode-6/data/ratis/08b74ee0-5fb2-42f1-a4ac-5a2207229aa7/sm/snapshot.1_18
2019-10-14 14:58:45,825 [grpc-default-executor-14] INFO  impl.FollowerInfo (FollowerInfo.java:lambda$new$0(51)) - b6736591-a50b-4ef5-84f2-574cdc5435b3@group-5A2207229AA7->805c446b-b997-4105-8957-3233a3685cc7: nextIndex: updateUnconditionally 19 -> 18
2019-10-14 14:58:45,824 [ForkJoinPool.commonPool-worker-0] INFO  impl.RoleInfo (RoleInfo.java:shutdownLeaderState(104)) - b765ecb1-ebfa-42dd-8a13-5b9feb228ba9: shutdown LeaderState
2019-10-14 14:58:45,825 [ForkJoinPool.commonPool-worker-0] INFO  impl.PendingRequests (PendingRequests.java:sendNotLeaderResponses(202)) - b765ecb1-ebfa-42dd-8a13-5b9feb228ba9-PendingRequests: sendNotLeaderResponses
2019-10-14 14:58:45,826 [ForkJoinPool.commonPool-worker-0] INFO  impl.StateMachineUpdater (StateMachineUpdater.java:stopAndJoin(125)) - b765ecb1-ebfa-42dd-8a13-5b9feb228ba9@group-D75401EEA1F0-StateMachineUpdater: set stopIndex = 0
2019-10-14 14:58:45,826 [ForkJoinPool.commonPool-worker-0] INFO  impl.RaftServerImpl (ServerState.java:close(385)) - b765ecb1-ebfa-42dd-8a13-5b9feb228ba9@group-D75401EEA1F0: closes. applyIndex: 0
2019-10-14 14:58:45,826 [b765ecb1-ebfa-42dd-8a13-5b9feb228ba9@group-D75401EEA1F0-SegmentedRaftLogWorker] INFO  segmented.SegmentedRaftLogWorker (SegmentedRaftLogWorker.java:run(313)) - b765ecb1-ebfa-42dd-8a13-5b9feb228ba9@group-D75401EEA1F0-SegmentedRaftLogWorker was interrupted, exiting. There are 0 tasks remaining in the queue.
2019-10-14 14:58:45,826 [ForkJoinPool.commonPool-worker-0] INFO  segmented.SegmentedRaftLogWorker (SegmentedRaftLogWorker.java:close(228)) - b765ecb1-ebfa-42dd-8a13-5b9feb228ba9@group-D75401EEA1F0-SegmentedRaftLogWorker close()
2019-10-14 14:58:45,828 [ForkJoinPool.commonPool-worker-0] INFO  server.GrpcService (GrpcService.java:closeImpl(164)) - b765ecb1-ebfa-42dd-8a13-5b9feb228ba9: shutdown server with port 33315 now
2019-10-14 14:58:45,829 [ForkJoinPool.commonPool-worker-0] INFO  server.GrpcService (GrpcService.java:closeImpl(172)) - b765ecb1-ebfa-42dd-8a13-5b9feb228ba9: shutdown server with port 33315 successfully
2019-10-14 14:58:45,833 [refreshUsed-/workdir/hadoop-ozone/integration-test/target/test-dir/MiniOzoneClusterImpl-aa81d3dd-6e87-4dee-8c30-8f43e5632f78/datanode-0/data/containers] WARN  fs.CachingGetSpaceUsed (CachingGetSpaceUsed.java:run(183)) - Thread Interrupted waiting to refresh disk information: sleep interrupted
2019-10-14 14:58:45,839 [b6736591-a50b-4ef5-84f2-574cdc5435b3@group-5A2207229AA7-StateMachineUpdater] INFO  ratis.ContainerStateMachine (ContainerStateMachine.java:takeSnapshot(300)) - group-5A2207229AA7: Finished taking a snapshot at:(t:1, i:18) file:/workdir/hadoop-ozone/integration-test/target/test-dir/MiniOzoneClusterImpl-aa81d3dd-6e87-4dee-8c30-8f43e5632f78/datanode-6/data/ratis/08b74ee0-5fb2-42f1-a4ac-5a2207229aa7/sm/snapshot.1_18 time:14
2019-10-14 14:58:45,839 [b6736591-a50b-4ef5-84f2-574cdc5435b3@group-5A2207229AA7-StateMachineUpdater] INFO  impl.StateMachineUpdater (StateMachineUpdater.java:takeSnapshot(258)) - b6736591-a50b-4ef5-84f2-574cdc5435b3@group-5A2207229AA7-StateMachineUpdater: Took a snapshot at index 18
2019-10-14 14:58:45,839 [b6736591-a50b-4ef5-84f2-574cdc5435b3@group-5A2207229AA7-StateMachineUpdater] INFO  impl.StateMachineUpdater (StateMachineUpdater.java:lambda$new$0(83)) - b6736591-a50b-4ef5-84f2-574cdc5435b3@group-5A2207229AA7-StateMachineUpdater: snapshotIndex: updateIncreasingly -1 -> 18
2019-10-14 14:58:45,840 [main] INFO  impl.RaftServerImpl (ServerState.java:close(385)) - b6736591-a50b-4ef5-84f2-574cdc5435b3@group-5A2207229AA7: closes. applyIndex: 18
2019-10-14 14:58:45,840 [b6736591-a50b-4ef5-84f2-574cdc5435b3@group-5A2207229AA7-SegmentedRaftLogWorker] INFO  segmented.SegmentedRaftLogWorker (SegmentedRaftLogWorker.java:run(313)) - b6736591-a50b-4ef5-84f2-574cdc5435b3@group-5A2207229AA7-SegmentedRaftLogWorker was interrupted, exiting. There are 0 tasks remaining in the queue.
2019-10-14 14:58:45,841 [main] INFO  segmented.SegmentedRaftLogWorker (SegmentedRaftLogWorker.java:close(228)) - b6736591-a50b-4ef5-84f2-574cdc5435b3@group-5A2207229AA7-SegmentedRaftLogWorker close()
2019-10-14 14:58:45,842 [main] INFO  server.GrpcService (GrpcService.java:closeImpl(164)) - b6736591-a50b-4ef5-84f2-574cdc5435b3: shutdown server with port 38807 now
2019-10-14 14:58:45,843 [grpc-default-executor-8] WARN  client.GrpcClientProtocolService (LogUtils.java:warn(134)) - 1-UnorderedRequestStreamObserver1: onError: org.apache.ratis.thirdparty.io.grpc.StatusRuntimeException: CANCELLED: cancelled before receiving half close
2019-10-14 14:58:45,843 [main] INFO  server.GrpcService (GrpcService.java:closeImpl(172)) - b6736591-a50b-4ef5-84f2-574cdc5435b3: shutdown server with port 38807 successfully
2019-10-14 14:58:45,847 [refreshUsed-/workdir/hadoop-ozone/integration-test/target/test-dir/MiniOzoneClusterImpl-aa81d3dd-6e87-4dee-8c30-8f43e5632f78/datanode-6/data/containers] WARN  fs.CachingGetSpaceUsed (CachingGetSpaceUsed.java:run(183)) - Thread Interrupted waiting to refresh disk information: sleep interrupted
2019-10-14 14:58:45,853 [ForkJoinPool.commonPool-worker-0] INFO  utils.BackgroundService (BackgroundService.java:shutdown(148)) - Shutting down service BlockDeletingService
2019-10-14 14:58:45,857 [ForkJoinPool.commonPool-worker-0] INFO  statemachine.DatanodeStateMachine (DatanodeStateMachine.java:stopDaemon(395)) - Ozone container server stopped.
2019-10-14 14:58:45,861 [ForkJoinPool.commonPool-worker-0] INFO  handler.ContextHandler (ContextHandler.java:doStop(910)) - Stopped o.e.j.w.WebAppContext@6b2ef50e{/,null,UNAVAILABLE}{/hddsDatanode}
2019-10-14 14:58:45,862 [ForkJoinPool.commonPool-worker-0] INFO  server.AbstractConnector (AbstractConnector.java:doStop(318)) - Stopped ServerConnector@6f867b0c{HTTP/1.1,[http/1.1]}{0.0.0.0:0}
2019-10-14 14:58:45,868 [ForkJoinPool.commonPool-worker-0] INFO  handler.ContextHandler (ContextHandler.java:doStop(910)) - Stopped o.e.j.s.ServletContextHandler@236861da{/static,jar:file:/home/user/.m2/repository/org/apache/hadoop/hadoop-hdds-container-service/0.5.0-SNAPSHOT/hadoop-hdds-container-service-0.5.0-SNAPSHOT.jar!/webapps/static,UNAVAILABLE}
2019-10-14 14:58:45,868 [ForkJoinPool.commonPool-worker-0] INFO  handler.ContextHandler (ContextHandler.java:doStop(910)) - Stopped o.e.j.s.ServletContextHandler@794c5f5e{/logs,file:///workdir/hadoop-ozone/integration-test/target/log,UNAVAILABLE}
2019-10-14 14:58:45,876 [main] INFO  utils.BackgroundService (BackgroundService.java:shutdown(148)) - Shutting down service BlockDeletingService
2019-10-14 14:58:45,880 [main] INFO  statemachine.DatanodeStateMachine (DatanodeStateMachine.java:stopDaemon(395)) - Ozone container server stopped.
2019-10-14 14:58:45,881 [main] INFO  handler.ContextHandler (ContextHandler.java:doStop(910)) - Stopped o.e.j.w.WebAppContext@f9b8129{/,null,UNAVAILABLE}{/hddsDatanode}
2019-10-14 14:58:45,881 [main] INFO  server.AbstractConnector (AbstractConnector.java:doStop(318)) - Stopped ServerConnector@7530090a{HTTP/1.1,[http/1.1]}{0.0.0.0:0}
2019-10-14 14:58:45,882 [main] INFO  handler.ContextHandler (ContextHandler.java:doStop(910)) - Stopped o.e.j.s.ServletContextHandler@6d8b7ea9{/static,jar:file:/home/user/.m2/repository/org/apache/hadoop/hadoop-hdds-container-service/0.5.0-SNAPSHOT/hadoop-hdds-container-service-0.5.0-SNAPSHOT.jar!/webapps/static,UNAVAILABLE}
2019-10-14 14:58:45,882 [main] INFO  handler.ContextHandler (ContextHandler.java:doStop(910)) - Stopped o.e.j.s.ServletContextHandler@4b544732{/logs,file:///workdir/hadoop-ozone/integration-test/target/log,UNAVAILABLE}
2019-10-14 14:58:46,291 [Datanode State Machine Thread - 0] INFO  statemachine.DatanodeStateMachine (DatanodeStateMachine.java:lambda$startDaemon$0(350)) - Ozone container server started.
2019-10-14 14:58:50,375 [EventQueue-StaleNodeForStaleNodeHandler] INFO  node.StaleNodeHandler (StaleNodeHandler.java:onMessage(58)) - Datanode 805c446b-b997-4105-8957-3233a3685cc7{ip: 192.168.5.159, host: pr-hdds-1569-fwkxq-874464227, networkLocation: /default-rack, certSerialId: null} moved to stale state. Finalizing its pipelines [PipelineID=0dddc8bf-89a1-4ab4-956d-40eb6f022e7b, PipelineID=08b74ee0-5fb2-42f1-a4ac-5a2207229aa7]
2019-10-14 14:58:50,377 [EventQueue-StaleNodeForStaleNodeHandler] INFO  pipeline.SCMPipelineManager (SCMPipelineManager.java:finalizeAndDestroyPipeline(342)) - destroying pipeline:Pipeline[ Id: 0dddc8bf-89a1-4ab4-956d-40eb6f022e7b, Nodes: 805c446b-b997-4105-8957-3233a3685cc7{ip: 192.168.5.159, host: pr-hdds-1569-fwkxq-874464227, networkLocation: /default-rack, certSerialId: null}, Type:RATIS, Factor:ONE, State:OPEN]
2019-10-14 14:58:50,378 [EventQueue-StaleNodeForStaleNodeHandler] INFO  pipeline.PipelineStateManager (PipelineStateManager.java:finalizePipeline(123)) - Pipeline Pipeline[ Id: 0dddc8bf-89a1-4ab4-956d-40eb6f022e7b, Nodes: 805c446b-b997-4105-8957-3233a3685cc7{ip: 192.168.5.159, host: pr-hdds-1569-fwkxq-874464227, networkLocation: /default-rack, certSerialId: null}, Type:RATIS, Factor:ONE, State:CLOSED] moved to CLOSED state
2019-10-14 14:58:50,379 [EventQueue-StaleNodeForStaleNodeHandler] INFO  pipeline.SCMPipelineManager (SCMPipelineManager.java:finalizeAndDestroyPipeline(342)) - destroying pipeline:Pipeline[ Id: 08b74ee0-5fb2-42f1-a4ac-5a2207229aa7, Nodes: 805c446b-b997-4105-8957-3233a3685cc7{ip: 192.168.5.159, host: pr-hdds-1569-fwkxq-874464227, networkLocation: /default-rack, certSerialId: null}7cf7e218-75a7-48f9-af97-c86dcc9fa8bb{ip: 192.168.5.159, host: pr-hdds-1569-fwkxq-874464227, networkLocation: /default-rack, certSerialId: null}b6736591-a50b-4ef5-84f2-574cdc5435b3{ip: 192.168.5.159, host: pr-hdds-1569-fwkxq-874464227, networkLocation: /default-rack, certSerialId: null}, Type:RATIS, Factor:THREE, State:CLOSED]
2019-10-14 14:58:50,871 [ForkJoinPool.commonPool-worker-0] INFO  ozoneimpl.OzoneContainer (OzoneContainer.java:stop(231)) - Attempting to stop container services.
2019-10-14 14:58:50,873 [ForkJoinPool.commonPool-worker-0] INFO  impl.RaftServerProxy (RaftServerProxy.java:lambda$close$4(314)) - 805c446b-b997-4105-8957-3233a3685cc7: close
2019-10-14 14:58:50,873 [ForkJoinPool.commonPool-worker-0] INFO  impl.RaftServerImpl (RaftServerImpl.java:lambda$shutdown$3(251)) - 805c446b-b997-4105-8957-3233a3685cc7@group-40EB6F022E7B: shutdown
2019-10-14 14:58:50,874 [ForkJoinPool.commonPool-worker-0] INFO  util.JmxRegister (JmxRegister.java:unregister(73)) - Successfully un-registered JMX Bean with object name Ratis:service=RaftServer,group=group-40EB6F022E7B,id=805c446b-b997-4105-8957-3233a3685cc7
2019-10-14 14:58:50,874 [ForkJoinPool.commonPool-worker-0] INFO  impl.RoleInfo (RoleInfo.java:shutdownLeaderState(104)) - 805c446b-b997-4105-8957-3233a3685cc7: shutdown LeaderState
2019-10-14 14:58:50,875 [ForkJoinPool.commonPool-worker-0] INFO  impl.PendingRequests (PendingRequests.java:sendNotLeaderResponses(202)) - 805c446b-b997-4105-8957-3233a3685cc7-PendingRequests: sendNotLeaderResponses
2019-10-14 14:58:50,875 [ForkJoinPool.commonPool-worker-0] INFO  impl.StateMachineUpdater (StateMachineUpdater.java:stopAndJoin(125)) - 805c446b-b997-4105-8957-3233a3685cc7@group-40EB6F022E7B-StateMachineUpdater: set stopIndex = 0
2019-10-14 14:58:50,876 [ForkJoinPool.commonPool-worker-0] INFO  impl.RaftServerImpl (ServerState.java:close(385)) - 805c446b-b997-4105-8957-3233a3685cc7@group-40EB6F022E7B: closes. applyIndex: 0
2019-10-14 14:58:50,877 [805c446b-b997-4105-8957-3233a3685cc7@group-40EB6F022E7B-SegmentedRaftLogWorker] INFO  segmented.SegmentedRaftLogWorker (SegmentedRaftLogWorker.java:run(313)) - 805c446b-b997-4105-8957-3233a3685cc7@group-40EB6F022E7B-SegmentedRaftLogWorker was interrupted, exiting. There are 0 tasks remaining in the queue.
2019-10-14 14:58:50,877 [ForkJoinPool.commonPool-worker-0] INFO  segmented.SegmentedRaftLogWorker (SegmentedRaftLogWorker.java:close(228)) - 805c446b-b997-4105-8957-3233a3685cc7@group-40EB6F022E7B-SegmentedRaftLogWorker close()
2019-10-14 14:58:50,881 [ForkJoinPool.commonPool-worker-0] INFO  impl.RaftServerImpl (RaftServerImpl.java:lambda$shutdown$3(251)) - 805c446b-b997-4105-8957-3233a3685cc7@group-5A2207229AA7: shutdown
2019-10-14 14:58:50,881 [ForkJoinPool.commonPool-worker-0] INFO  util.JmxRegister (JmxRegister.java:unregister(73)) - Successfully un-registered JMX Bean with object name Ratis:service=RaftServer,group=group-5A2207229AA7,id=805c446b-b997-4105-8957-3233a3685cc7
2019-10-14 14:58:50,881 [ForkJoinPool.commonPool-worker-0] INFO  impl.RoleInfo (RoleInfo.java:shutdownFollowerState(121)) - 805c446b-b997-4105-8957-3233a3685cc7: shutdown FollowerState
2019-10-14 14:58:50,881 [ForkJoinPool.commonPool-worker-0] INFO  impl.StateMachineUpdater (StateMachineUpdater.java:stopAndJoin(125)) - 805c446b-b997-4105-8957-3233a3685cc7@group-5A2207229AA7-StateMachineUpdater: set stopIndex = 18
2019-10-14 14:58:50,882 [805c446b-b997-4105-8957-3233a3685cc7@group-5A2207229AA7-StateMachineUpdater] INFO  ratis.ContainerStateMachine (ContainerStateMachine.java:takeSnapshot(289)) - group-5A2207229AA7: Taking a snapshot at:(t:1, i:17) file /workdir/hadoop-ozone/integration-test/target/test-dir/MiniOzoneClusterImpl-aa81d3dd-6e87-4dee-8c30-8f43e5632f78/datanode-5/data/ratis/08b74ee0-5fb2-42f1-a4ac-5a2207229aa7/sm/snapshot.1_17
2019-10-14 14:58:50,882 [Thread-5177] INFO  impl.FollowerState (FollowerState.java:run(115)) - 805c446b-b997-4105-8957-3233a3685cc7: FollowerState was interrupted: java.lang.InterruptedException: sleep interrupted
2019-10-14 14:58:50,892 [805c446b-b997-4105-8957-3233a3685cc7@group-5A2207229AA7-StateMachineUpdater] INFO  ratis.ContainerStateMachine (ContainerStateMachine.java:takeSnapshot(300)) - group-5A2207229AA7: Finished taking a snapshot at:(t:1, i:17) file:/workdir/hadoop-ozone/integration-test/target/test-dir/MiniOzoneClusterImpl-aa81d3dd-6e87-4dee-8c30-8f43e5632f78/datanode-5/data/ratis/08b74ee0-5fb2-42f1-a4ac-5a2207229aa7/sm/snapshot.1_17 time:11
2019-10-14 14:58:50,893 [805c446b-b997-4105-8957-3233a3685cc7@group-5A2207229AA7-StateMachineUpdater] INFO  impl.StateMachineUpdater (StateMachineUpdater.java:takeSnapshot(258)) - 805c446b-b997-4105-8957-3233a3685cc7@group-5A2207229AA7-StateMachineUpdater: Took a snapshot at index 17
2019-10-14 14:58:50,893 [805c446b-b997-4105-8957-3233a3685cc7@group-5A2207229AA7-StateMachineUpdater] INFO  impl.StateMachineUpdater (StateMachineUpdater.java:lambda$new$0(83)) - 805c446b-b997-4105-8957-3233a3685cc7@group-5A2207229AA7-StateMachineUpdater: snapshotIndex: updateIncreasingly -1 -> 17
2019-10-14 14:58:50,894 [805c446b-b997-4105-8957-3233a3685cc7@group-5A2207229AA7-StateMachineUpdater] INFO  ratis.ContainerStateMachine (ContainerStateMachine.java:takeSnapshot(289)) - group-5A2207229AA7: Taking a snapshot at:(t:1, i:17) file /workdir/hadoop-ozone/integration-test/target/test-dir/MiniOzoneClusterImpl-aa81d3dd-6e87-4dee-8c30-8f43e5632f78/datanode-5/data/ratis/08b74ee0-5fb2-42f1-a4ac-5a2207229aa7/sm/snapshot.1_17
2019-10-14 14:58:50,905 [805c446b-b997-4105-8957-3233a3685cc7@group-5A2207229AA7-StateMachineUpdater] INFO  ratis.ContainerStateMachine (ContainerStateMachine.java:takeSnapshot(300)) - group-5A2207229AA7: Finished taking a snapshot at:(t:1, i:17) file:/workdir/hadoop-ozone/integration-test/target/test-dir/MiniOzoneClusterImpl-aa81d3dd-6e87-4dee-8c30-8f43e5632f78/datanode-5/data/ratis/08b74ee0-5fb2-42f1-a4ac-5a2207229aa7/sm/snapshot.1_17 time:12
2019-10-14 14:58:50,905 [805c446b-b997-4105-8957-3233a3685cc7@group-5A2207229AA7-StateMachineUpdater] INFO  impl.StateMachineUpdater (StateMachineUpdater.java:takeSnapshot(258)) - 805c446b-b997-4105-8957-3233a3685cc7@group-5A2207229AA7-StateMachineUpdater: Took a snapshot at index 17
2019-10-14 14:58:50,905 [805c446b-b997-4105-8957-3233a3685cc7@group-5A2207229AA7-StateMachineUpdater] INFO  impl.StateMachineUpdater (StateMachineUpdater.java:lambda$new$0(83)) - 805c446b-b997-4105-8957-3233a3685cc7@group-5A2207229AA7-StateMachineUpdater: snapshotIndex: updateIncreasingly 17 -> 17
2019-10-14 14:58:50,905 [ForkJoinPool.commonPool-worker-0] INFO  impl.RaftServerImpl (ServerState.java:close(385)) - 805c446b-b997-4105-8957-3233a3685cc7@group-5A2207229AA7: closes. applyIndex: 18
2019-10-14 14:58:50,906 [805c446b-b997-4105-8957-3233a3685cc7@group-5A2207229AA7-SegmentedRaftLogWorker] INFO  segmented.SegmentedRaftLogWorker (SegmentedRaftLogWorker.java:run(313)) - 805c446b-b997-4105-8957-3233a3685cc7@group-5A2207229AA7-SegmentedRaftLogWorker was interrupted, exiting. There are 0 tasks remaining in the queue.
2019-10-14 14:58:50,906 [ForkJoinPool.commonPool-worker-0] INFO  segmented.SegmentedRaftLogWorker (SegmentedRaftLogWorker.java:close(228)) - 805c446b-b997-4105-8957-3233a3685cc7@group-5A2207229AA7-SegmentedRaftLogWorker close()
2019-10-14 14:58:50,908 [ForkJoinPool.commonPool-worker-0] INFO  server.GrpcService (GrpcService.java:closeImpl(164)) - 805c446b-b997-4105-8957-3233a3685cc7: shutdown server with port 45708 now
2019-10-14 14:58:50,909 [ForkJoinPool.commonPool-worker-0] INFO  server.GrpcService (GrpcService.java:closeImpl(172)) - 805c446b-b997-4105-8957-3233a3685cc7: shutdown server with port 45708 successfully
2019-10-14 14:58:50,911 [refreshUsed-/workdir/hadoop-ozone/integration-test/target/test-dir/MiniOzoneClusterImpl-aa81d3dd-6e87-4dee-8c30-8f43e5632f78/datanode-5/data/containers] WARN  fs.CachingGetSpaceUsed (CachingGetSpaceUsed.java:run(183)) - Thread Interrupted waiting to refresh disk information: sleep interrupted
2019-10-14 14:58:50,931 [ForkJoinPool.commonPool-worker-0] INFO  utils.BackgroundService (BackgroundService.java:shutdown(148)) - Shutting down service BlockDeletingService
2019-10-14 14:58:50,936 [ForkJoinPool.commonPool-worker-0] INFO  statemachine.DatanodeStateMachine (DatanodeStateMachine.java:stopDaemon(395)) - Ozone container server stopped.
2019-10-14 14:58:50,952 [ForkJoinPool.commonPool-worker-0] INFO  handler.ContextHandler (ContextHandler.java:doStop(910)) - Stopped o.e.j.w.WebAppContext@2c0798bd{/,null,UNAVAILABLE}{/hddsDatanode}
2019-10-14 14:58:50,953 [ForkJoinPool.commonPool-worker-0] INFO  server.AbstractConnector (AbstractConnector.java:doStop(318)) - Stopped ServerConnector@2e3252{HTTP/1.1,[http/1.1]}{0.0.0.0:0}
2019-10-14 14:58:50,954 [ForkJoinPool.commonPool-worker-0] INFO  handler.ContextHandler (ContextHandler.java:doStop(910)) - Stopped o.e.j.s.ServletContextHandler@316d30ad{/static,jar:file:/home/user/.m2/repository/org/apache/hadoop/hadoop-hdds-container-service/0.5.0-SNAPSHOT/hadoop-hdds-container-service-0.5.0-SNAPSHOT.jar!/webapps/static,UNAVAILABLE}
2019-10-14 14:58:50,954 [ForkJoinPool.commonPool-worker-0] INFO  handler.ContextHandler (ContextHandler.java:doStop(910)) - Stopped o.e.j.s.ServletContextHandler@176333ee{/logs,file:///workdir/hadoop-ozone/integration-test/target/log,UNAVAILABLE}
2019-10-14 14:58:50,955 [main] INFO  ozone.MiniOzoneClusterImpl (MiniOzoneClusterImpl.java:stopSCM(392)) - Stopping the StorageContainerManager
2019-10-14 14:58:50,956 [main] INFO  server.StorageContainerManager (StorageContainerManager.java:stop(808)) - Stopping Replication Manager Service.
2019-10-14 14:58:50,956 [main] INFO  container.ReplicationManager (ReplicationManager.java:stop(204)) - Stopping Replication Monitor Thread.
2019-10-14 14:58:50,957 [main] INFO  server.StorageContainerManager (StorageContainerManager.java:stop(815)) - Stopping Lease Manager of the command watchers
2019-10-14 14:58:50,957 [main] INFO  server.StorageContainerManager (StorageContainerManager.java:stop(822)) - Stopping datanode service RPC server
2019-10-14 14:58:50,957 [main] INFO  server.SCMDatanodeProtocolServer (SCMDatanodeProtocolServer.java:stop(367)) - Stopping the RPC server for DataNodes
2019-10-14 14:58:50,957 [main] INFO  ipc.Server (Server.java:stop(3082)) - Stopping server on 39100
2019-10-14 14:58:50,960 [IPC Server listener on 39100] INFO  ipc.Server (Server.java:run(1185)) - Stopping IPC Server listener on 39100
2019-10-14 14:58:50,963 [IPC Server Responder] INFO  ipc.Server (Server.java:run(1319)) - Stopping IPC Server Responder
2019-10-14 14:58:50,975 [SCM Heartbeat Processing Thread - 0] WARN  node.NodeStateManager (NodeStateManager.java:scheduleNextHealthCheck(655)) - Current Thread is interrupted, shutting down HB processing thread for Node Manager.
2019-10-14 14:58:50,975 [main] INFO  server.StorageContainerManager (StorageContainerManager.java:stop(830)) - Stopping block service RPC server
2019-10-14 14:58:50,976 [main] INFO  server.SCMBlockProtocolServer (SCMBlockProtocolServer.java:stop(155)) - Stopping the RPC server for Block Protocol
2019-10-14 14:58:50,976 [main] INFO  ipc.Server (Server.java:stop(3082)) - Stopping server on 39413
2019-10-14 14:58:50,978 [IPC Server listener on 39413] INFO  ipc.Server (Server.java:run(1185)) - Stopping IPC Server listener on 39413
2019-10-14 14:58:50,978 [main] INFO  server.StorageContainerManager (StorageContainerManager.java:stop(837)) - Stopping the StorageContainerLocationProtocol RPC server
2019-10-14 14:58:50,978 [IPC Server Responder] INFO  ipc.Server (Server.java:run(1319)) - Stopping IPC Server Responder
2019-10-14 14:58:50,979 [main] INFO  server.SCMClientProtocolServer (SCMClientProtocolServer.java:stop(159)) - Stopping the RPC server for Client Protocol
2019-10-14 14:58:50,979 [main] INFO  ipc.Server (Server.java:stop(3082)) - Stopping server on 35469
2019-10-14 14:58:50,983 [IPC Server listener on 35469] INFO  ipc.Server (Server.java:run(1185)) - Stopping IPC Server listener on 35469
2019-10-14 14:58:50,983 [main] INFO  server.StorageContainerManager (StorageContainerManager.java:stop(844)) - Stopping Storage Container Manager HTTP server.
2019-10-14 14:58:50,983 [IPC Server Responder] INFO  ipc.Server (Server.java:run(1319)) - Stopping IPC Server Responder
2019-10-14 14:58:50,985 [main] INFO  handler.ContextHandler (ContextHandler.java:doStop(910)) - Stopped o.e.j.w.WebAppContext@7185e611{/,null,UNAVAILABLE}{/scm}
2019-10-14 14:58:50,985 [main] INFO  server.AbstractConnector (AbstractConnector.java:doStop(318)) - Stopped ServerConnector@44d43cc9{HTTP/1.1,[http/1.1]}{0.0.0.0:0}
2019-10-14 14:58:50,986 [main] INFO  handler.ContextHandler (ContextHandler.java:doStop(910)) - Stopped o.e.j.s.ServletContextHandler@b428830{/static,file:///workdir/hadoop-ozone/integration-test/target/test-classes/webapps/static,UNAVAILABLE}
2019-10-14 14:58:50,986 [main] INFO  handler.ContextHandler (ContextHandler.java:doStop(910)) - Stopped o.e.j.s.ServletContextHandler@334540a0{/logs,file:///workdir/hadoop-ozone/integration-test/target/log,UNAVAILABLE}
2019-10-14 14:58:50,987 [main] INFO  server.StorageContainerManager (StorageContainerManager.java:stop(855)) - Stopping Block Manager Service.
2019-10-14 14:58:50,987 [main] INFO  utils.BackgroundService (BackgroundService.java:shutdown(148)) - Shutting down service SCMBlockDeletingService
2019-10-14 14:58:50,987 [main] INFO  utils.BackgroundService (BackgroundService.java:shutdown(148)) - Shutting down service SCMBlockDeletingService
2019-10-14 14:58:50,988 [main] INFO  server.StorageContainerManager (StorageContainerManager.java:stop(877)) - Stopping SCM Event Queue.
2019-10-14 14:58:50,992 [main] INFO  impl.MetricsSystemImpl (MetricsSystemImpl.java:stop(210)) - Stopping HddsDatanode metrics system...
2019-10-14 14:58:51,030 [main] INFO  impl.MetricsSystemImpl (MetricsSystemImpl.java:stop(216)) - HddsDatanode metrics system stopped.
]]></system-out>
    <system-err><![CDATA[Oct 14, 2019 2:58:35 PM org.apache.ratis.thirdparty.io.grpc.internal.SerializingExecutor run
SEVERE: Exception while executing runnable org.apache.ratis.thirdparty.io.grpc.internal.ServerImpl$JumpToApplicationThreadServerStreamListener$1Closed@373084d4
org.apache.ratis.thirdparty.io.grpc.StatusRuntimeException: CANCELLED: call already cancelled
	at org.apache.ratis.thirdparty.io.grpc.Status.asRuntimeException(Status.java:517)
	at org.apache.ratis.thirdparty.io.grpc.stub.ServerCalls$ServerCallStreamObserverImpl.onCompleted(ServerCalls.java:356)
	at org.apache.ratis.grpc.server.GrpcServerProtocolService$ServerRequestStreamObserver.onError(GrpcServerProtocolService.java:121)
	at org.apache.ratis.thirdparty.io.grpc.stub.ServerCalls$StreamingServerCallHandler$StreamingServerCallListener.onCancel(ServerCalls.java:269)
	at org.apache.ratis.thirdparty.io.grpc.internal.ServerCallImpl$ServerStreamListenerImpl.closed(ServerCallImpl.java:293)
	at org.apache.ratis.thirdparty.io.grpc.internal.ServerImpl$JumpToApplicationThreadServerStreamListener$1Closed.runInContext(ServerImpl.java:741)
	at org.apache.ratis.thirdparty.io.grpc.internal.ContextRunnable.run(ContextRunnable.java:37)
	at org.apache.ratis.thirdparty.io.grpc.internal.SerializingExecutor.run(SerializingExecutor.java:123)
	at java.util.concurrent.ThreadPoolExecutor.runWorker(ThreadPoolExecutor.java:1149)
	at java.util.concurrent.ThreadPoolExecutor$Worker.run(ThreadPoolExecutor.java:624)
	at java.lang.Thread.run(Thread.java:748)

Oct 14, 2019 2:58:35 PM org.apache.ratis.thirdparty.io.grpc.internal.SerializingExecutor run
SEVERE: Exception while executing runnable org.apache.ratis.thirdparty.io.grpc.internal.ServerImpl$JumpToApplicationThreadServerStreamListener$1Closed@36e1bf88
org.apache.ratis.thirdparty.io.grpc.StatusRuntimeException: CANCELLED: call already cancelled
	at org.apache.ratis.thirdparty.io.grpc.Status.asRuntimeException(Status.java:517)
	at org.apache.ratis.thirdparty.io.grpc.stub.ServerCalls$ServerCallStreamObserverImpl.onCompleted(ServerCalls.java:356)
	at org.apache.ratis.grpc.server.GrpcServerProtocolService$ServerRequestStreamObserver.onError(GrpcServerProtocolService.java:121)
	at org.apache.ratis.thirdparty.io.grpc.stub.ServerCalls$StreamingServerCallHandler$StreamingServerCallListener.onCancel(ServerCalls.java:269)
	at org.apache.ratis.thirdparty.io.grpc.internal.ServerCallImpl$ServerStreamListenerImpl.closed(ServerCallImpl.java:293)
	at org.apache.ratis.thirdparty.io.grpc.internal.ServerImpl$JumpToApplicationThreadServerStreamListener$1Closed.runInContext(ServerImpl.java:741)
	at org.apache.ratis.thirdparty.io.grpc.internal.ContextRunnable.run(ContextRunnable.java:37)
	at org.apache.ratis.thirdparty.io.grpc.internal.SerializingExecutor.run(SerializingExecutor.java:123)
	at java.util.concurrent.ThreadPoolExecutor.runWorker(ThreadPoolExecutor.java:1149)
	at java.util.concurrent.ThreadPoolExecutor$Worker.run(ThreadPoolExecutor.java:624)
	at java.lang.Thread.run(Thread.java:748)

Oct 14, 2019 2:58:40 PM org.apache.ratis.thirdparty.io.grpc.internal.SerializingExecutor run
SEVERE: Exception while executing runnable org.apache.ratis.thirdparty.io.grpc.internal.ServerImpl$JumpToApplicationThreadServerStreamListener$1Closed@5dc69842
org.apache.ratis.thirdparty.io.grpc.StatusRuntimeException: CANCELLED: call already cancelled
	at org.apache.ratis.thirdparty.io.grpc.Status.asRuntimeException(Status.java:517)
	at org.apache.ratis.thirdparty.io.grpc.stub.ServerCalls$ServerCallStreamObserverImpl.onCompleted(ServerCalls.java:356)
	at org.apache.ratis.grpc.server.GrpcServerProtocolService$ServerRequestStreamObserver.onError(GrpcServerProtocolService.java:121)
	at org.apache.ratis.thirdparty.io.grpc.stub.ServerCalls$StreamingServerCallHandler$StreamingServerCallListener.onCancel(ServerCalls.java:269)
	at org.apache.ratis.thirdparty.io.grpc.internal.ServerCallImpl$ServerStreamListenerImpl.closed(ServerCallImpl.java:293)
	at org.apache.ratis.thirdparty.io.grpc.internal.ServerImpl$JumpToApplicationThreadServerStreamListener$1Closed.runInContext(ServerImpl.java:741)
	at org.apache.ratis.thirdparty.io.grpc.internal.ContextRunnable.run(ContextRunnable.java:37)
	at org.apache.ratis.thirdparty.io.grpc.internal.SerializingExecutor.run(SerializingExecutor.java:123)
	at java.util.concurrent.ThreadPoolExecutor.runWorker(ThreadPoolExecutor.java:1149)
	at java.util.concurrent.ThreadPoolExecutor$Worker.run(ThreadPoolExecutor.java:624)
	at java.lang.Thread.run(Thread.java:748)

]]></system-err>
  </testcase>
  <testcase name="testExceptionDuringClose" classname="org.apache.hadoop.ozone.client.rpc.TestBlockOutputStreamWithFailures" time="35.945"/>
</testsuite>