<?xml version="1.0" encoding="UTF-8"?>
<testsuite xmlns:xsi="http://www.w3.org/2001/XMLSchema-instance" xsi:noNamespaceSchemaLocation="https://maven.apache.org/surefire/maven-surefire-plugin/xsd/surefire-test-report.xsd" name="org.apache.hadoop.ozone.client.rpc.TestWatchForCommit" time="260.784" tests="5" errors="1" skipped="0" failures="0">
  <properties>
    <property name="awt.toolkit" value="sun.awt.X11.XToolkit"/>
    <property name="file.encoding.pkg" value="sun.io"/>
    <property name="java.specification.version" value="1.8"/>
    <property name="sun.cpu.isalist" value=""/>
    <property name="sun.jnu.encoding" value="UTF-8"/>
    <property name="java.class.path" value="/workdir/hadoop-ozone/integration-test/target/test-classes:/workdir/hadoop-ozone/integration-test/target/classes:/home/user/.m2/repository/org/apache/hadoop/hadoop-ozone-common/0.5.0-SNAPSHOT/hadoop-ozone-common-0.5.0-SNAPSHOT.jar:/home/user/.m2/repository/org/apache/commons/commons-compress/1.4.1/commons-compress-1.4.1.jar:/home/user/.m2/repository/org/tukaani/xz/1.0/xz-1.0.jar:/home/user/.m2/repository/org/apache/hadoop/hadoop-common/3.2.0/hadoop-common-3.2.0.jar:/home/user/.m2/repository/org/apache/hadoop/hadoop-hdfs/3.2.0/hadoop-hdfs-3.2.0.jar:/home/user/.m2/repository/org/apache/hadoop/hadoop-hdfs-client/3.2.0/hadoop-hdfs-client-3.2.0.jar:/home/user/.m2/repository/com/fasterxml/jackson/core/jackson-annotations/2.9.9/jackson-annotations-2.9.9.jar:/home/user/.m2/repository/org/apache/hadoop/hadoop-hdds-common/0.5.0-SNAPSHOT/hadoop-hdds-common-0.5.0-SNAPSHOT.jar:/home/user/.m2/repository/javax/annotation/javax.annotation-api/1.2/javax.annotation-api-1.2.jar:/home/user/.m2/repository/org/apache/ratis/ratis-server/0.5.0-201fc85-SNAPSHOT/ratis-server-0.5.0-201fc85-SNAPSHOT.jar:/home/user/.m2/repository/org/apache/ratis/ratis-thirdparty-misc/0.2.0/ratis-thirdparty-misc-0.2.0.jar:/home/user/.m2/repository/org/apache/ratis/ratis-proto/0.5.0-201fc85-SNAPSHOT/ratis-proto-0.5.0-201fc85-SNAPSHOT.jar:/home/user/.m2/repository/org/apache/ratis/ratis-common/0.5.0-201fc85-SNAPSHOT/ratis-common-0.5.0-201fc85-SNAPSHOT.jar:/home/user/.m2/repository/org/apache/ratis/ratis-client/0.5.0-201fc85-SNAPSHOT/ratis-client-0.5.0-201fc85-SNAPSHOT.jar:/home/user/.m2/repository/org/apache/ratis/ratis-metrics/0.5.0-201fc85-SNAPSHOT/ratis-metrics-0.5.0-201fc85-SNAPSHOT.jar:/home/user/.m2/repository/com/github/joshelser/dropwizard-metrics-hadoop-metrics2-reporter/0.1.2/dropwizard-metrics-hadoop-metrics2-reporter-0.1.2.jar:/home/user/.m2/repository/io/dropwizard/metrics/metrics-jvm/3.2.5/metrics-jvm-3.2.5.jar:/home/user/.m2/repository/io/dropwizard/metrics/metrics-ganglia/3.2.5/metrics-ganglia-3.2.5.jar:/home/user/.m2/repository/info/ganglia/gmetric4j/gmetric4j/1.0.7/gmetric4j-1.0.7.jar:/home/user/.m2/repository/org/apache/ratis/ratis-netty/0.5.0-201fc85-SNAPSHOT/ratis-netty-0.5.0-201fc85-SNAPSHOT.jar:/home/user/.m2/repository/org/apache/ratis/ratis-grpc/0.5.0-201fc85-SNAPSHOT/ratis-grpc-0.5.0-201fc85-SNAPSHOT.jar:/home/user/.m2/repository/org/rocksdb/rocksdbjni/6.0.1/rocksdbjni-6.0.1.jar:/home/user/.m2/repository/org/apache/logging/log4j/log4j-api/2.11.0/log4j-api-2.11.0.jar:/home/user/.m2/repository/org/apache/logging/log4j/log4j-core/2.11.0/log4j-core-2.11.0.jar:/home/user/.m2/repository/com/lmax/disruptor/3.4.2/disruptor-3.4.2.jar:/home/user/.m2/repository/org/apache/commons/commons-pool2/2.6.0/commons-pool2-2.6.0.jar:/home/user/.m2/repository/org/bouncycastle/bcpkix-jdk15on/1.60/bcpkix-jdk15on-1.60.jar:/home/user/.m2/repository/commons-validator/commons-validator/1.6/commons-validator-1.6.jar:/home/user/.m2/repository/commons-digester/commons-digester/1.8.1/commons-digester-1.8.1.jar:/home/user/.m2/repository/io/jaegertracing/jaeger-client/0.34.0/jaeger-client-0.34.0.jar:/home/user/.m2/repository/io/jaegertracing/jaeger-thrift/0.34.0/jaeger-thrift-0.34.0.jar:/home/user/.m2/repository/org/apache/thrift/libthrift/0.12.0/libthrift-0.12.0.jar:/home/user/.m2/repository/com/squareup/okhttp3/okhttp/3.9.0/okhttp-3.9.0.jar:/home/user/.m2/repository/com/squareup/okio/okio/1.13.0/okio-1.13.0.jar:/home/user/.m2/repository/io/jaegertracing/jaeger-core/0.34.0/jaeger-core-0.34.0.jar:/home/user/.m2/repository/io/jaegertracing/jaeger-tracerresolver/0.34.0/jaeger-tracerresolver-0.34.0.jar:/home/user/.m2/repository/io/opentracing/contrib/opentracing-tracerresolver/0.1.5/opentracing-tracerresolver-0.1.5.jar:/home/user/.m2/repository/io/opentracing/opentracing-util/0.31.0/opentracing-util-0.31.0.jar:/home/user/.m2/repository/io/opentracing/opentracing-api/0.31.0/opentracing-api-0.31.0.jar:/home/user/.m2/repository/io/opentracing/opentracing-noop/0.31.0/opentracing-noop-0.31.0.jar:/home/user/.m2/repository/org/apache/hadoop/hadoop-hdds-server-framework/0.5.0-SNAPSHOT/hadoop-hdds-server-framework-0.5.0-SNAPSHOT.jar:/home/user/.m2/repository/org/apache/hadoop/hadoop-hdds-container-service/0.5.0-SNAPSHOT/hadoop-hdds-container-service-0.5.0-SNAPSHOT.jar:/home/user/.m2/repository/org/apache/hadoop/hadoop-hdds-client/0.5.0-SNAPSHOT/hadoop-hdds-client-0.5.0-SNAPSHOT.jar:/home/user/.m2/repository/org/apache/hadoop/hadoop-hdds-tools/0.5.0-SNAPSHOT/hadoop-hdds-tools-0.5.0-SNAPSHOT.jar:/home/user/.m2/repository/org/apache/hadoop/hadoop-hdds-server-scm/0.5.0-SNAPSHOT/hadoop-hdds-server-scm-0.5.0-SNAPSHOT.jar:/home/user/.m2/repository/org/apache/hadoop/hadoop-hdds-docs/0.5.0-SNAPSHOT/hadoop-hdds-docs-0.5.0-SNAPSHOT.jar:/home/user/.m2/repository/io/dropwizard/metrics/metrics-core/3.2.4/metrics-core-3.2.4.jar:/home/user/.m2/repository/org/hamcrest/hamcrest-all/1.3/hamcrest-all-1.3.jar:/home/user/.m2/repository/org/bouncycastle/bcprov-jdk15on/1.60/bcprov-jdk15on-1.60.jar:/home/user/.m2/repository/info/picocli/picocli/3.9.6/picocli-3.9.6.jar:/home/user/.m2/repository/com/google/protobuf/protobuf-java/2.5.0/protobuf-java-2.5.0.jar:/home/user/.m2/repository/com/google/guava/guava/11.0.2/guava-11.0.2.jar:/home/user/.m2/repository/org/apache/hadoop/hadoop-ozone-ozone-manager/0.5.0-SNAPSHOT/hadoop-ozone-ozone-manager-0.5.0-SNAPSHOT.jar:/home/user/.m2/repository/org/apache/hadoop/hadoop-minikdc/3.2.0/hadoop-minikdc-3.2.0.jar:/home/user/.m2/repository/commons-io/commons-io/2.5/commons-io-2.5.jar:/home/user/.m2/repository/org/apache/kerby/kerb-simplekdc/1.0.1/kerb-simplekdc-1.0.1.jar:/home/user/.m2/repository/org/apache/kerby/kerb-client/1.0.1/kerb-client-1.0.1.jar:/home/user/.m2/repository/org/apache/kerby/kerby-config/1.0.1/kerby-config-1.0.1.jar:/home/user/.m2/repository/org/apache/kerby/kerb-core/1.0.1/kerb-core-1.0.1.jar:/home/user/.m2/repository/org/apache/kerby/kerby-pkix/1.0.1/kerby-pkix-1.0.1.jar:/home/user/.m2/repository/org/apache/kerby/kerby-asn1/1.0.1/kerby-asn1-1.0.1.jar:/home/user/.m2/repository/org/apache/kerby/kerby-util/1.0.1/kerby-util-1.0.1.jar:/home/user/.m2/repository/org/apache/kerby/kerb-common/1.0.1/kerb-common-1.0.1.jar:/home/user/.m2/repository/org/apache/kerby/kerb-crypto/1.0.1/kerb-crypto-1.0.1.jar:/home/user/.m2/repository/org/apache/kerby/kerb-util/1.0.1/kerb-util-1.0.1.jar:/home/user/.m2/repository/org/apache/kerby/token-provider/1.0.1/token-provider-1.0.1.jar:/home/user/.m2/repository/org/apache/kerby/kerb-admin/1.0.1/kerb-admin-1.0.1.jar:/home/user/.m2/repository/org/apache/kerby/kerb-server/1.0.1/kerb-server-1.0.1.jar:/home/user/.m2/repository/org/apache/kerby/kerb-identity/1.0.1/kerb-identity-1.0.1.jar:/home/user/.m2/repository/org/apache/kerby/kerby-xdr/1.0.1/kerby-xdr-1.0.1.jar:/home/user/.m2/repository/org/slf4j/slf4j-log4j12/1.7.25/slf4j-log4j12-1.7.25.jar:/home/user/.m2/repository/org/apache/hadoop/hadoop-ozone-s3gateway/0.5.0-SNAPSHOT/hadoop-ozone-s3gateway-0.5.0-SNAPSHOT.jar:/home/user/.m2/repository/org/jboss/weld/servlet/weld-servlet/2.4.7.Final/weld-servlet-2.4.7.Final.jar:/home/user/.m2/repository/org/glassfish/jersey/containers/jersey-container-servlet-core/2.27/jersey-container-servlet-core-2.27.jar:/home/user/.m2/repository/org/glassfish/hk2/external/javax.inject/2.5.0-b42/javax.inject-2.5.0-b42.jar:/home/user/.m2/repository/org/glassfish/jersey/core/jersey-common/2.27/jersey-common-2.27.jar:/home/user/.m2/repository/org/glassfish/hk2/osgi-resource-locator/1.0.1/osgi-resource-locator-1.0.1.jar:/home/user/.m2/repository/javax/ws/rs/javax.ws.rs-api/2.1/javax.ws.rs-api-2.1.jar:/home/user/.m2/repository/org/glassfish/jersey/ext/cdi/jersey-cdi1x/2.27/jersey-cdi1x-2.27.jar:/home/user/.m2/repository/org/glassfish/jersey/inject/jersey-hk2/2.27/jersey-hk2-2.27.jar:/home/user/.m2/repository/org/glassfish/hk2/hk2-locator/2.5.0-b42/hk2-locator-2.5.0-b42.jar:/home/user/.m2/repository/org/javassist/javassist/3.22.0-CR2/javassist-3.22.0-CR2.jar:/home/user/.m2/repository/org/glassfish/hk2/hk2-api/2.5.0/hk2-api-2.5.0.jar:/home/user/.m2/repository/org/glassfish/hk2/external/jakarta.inject/2.5.0/jakarta.inject-2.5.0.jar:/home/user/.m2/repository/org/glassfish/hk2/hk2-utils/2.5.0/hk2-utils-2.5.0.jar:/home/user/.m2/repository/jakarta/annotation/jakarta.annotation-api/1.3.4/jakarta.annotation-api-1.3.4.jar:/home/user/.m2/repository/org/glassfish/hk2/external/aopalliance-repackaged/2.5.0/aopalliance-repackaged-2.5.0.jar:/home/user/.m2/repository/com/fasterxml/jackson/dataformat/jackson-dataformat-xml/2.9.0/jackson-dataformat-xml-2.9.0.jar:/home/user/.m2/repository/com/fasterxml/jackson/core/jackson-core/2.9.9/jackson-core-2.9.9.jar:/home/user/.m2/repository/com/fasterxml/jackson/module/jackson-module-jaxb-annotations/2.9.9/jackson-module-jaxb-annotations-2.9.9.jar:/home/user/.m2/repository/javax/enterprise/cdi-api/1.2/cdi-api-1.2.jar:/home/user/.m2/repository/javax/el/javax.el-api/3.0.0/javax.el-api-3.0.0.jar:/home/user/.m2/repository/javax/interceptor/javax.interceptor-api/1.2/javax.interceptor-api-1.2.jar:/home/user/.m2/repository/javax/inject/javax.inject/1/javax.inject-1.jar:/home/user/.m2/repository/com/sun/xml/bind/jaxb-impl/2.3.0.1/jaxb-impl-2.3.0.1.jar:/home/user/.m2/repository/com/sun/xml/bind/jaxb-core/2.3.0.1/jaxb-core-2.3.0.1.jar:/home/user/.m2/repository/javax/xml/bind/jaxb-api/2.3.0/jaxb-api-2.3.0.jar:/home/user/.m2/repository/javax/activation/activation/1.1.1/activation-1.1.1.jar:/home/user/.m2/repository/org/apache/hadoop/hadoop-ozone-csi/0.5.0-SNAPSHOT/hadoop-ozone-csi-0.5.0-SNAPSHOT.jar:/home/user/.m2/repository/com/google/protobuf/protobuf-java-util/3.5.1/protobuf-java-util-3.5.1.jar:/home/user/.m2/repository/org/apache/hadoop/hadoop-hdds-config/0.5.0-SNAPSHOT/hadoop-hdds-config-0.5.0-SNAPSHOT.jar:/home/user/.m2/repository/io/grpc/grpc-netty/1.17.1/grpc-netty-1.17.1.jar:/home/user/.m2/repository/io/grpc/grpc-core/1.17.1/grpc-core-1.17.1.jar:/home/user/.m2/repository/io/grpc/grpc-context/1.17.1/grpc-context-1.17.1.jar:/home/user/.m2/repository/com/google/errorprone/error_prone_annotations/2.2.0/error_prone_annotations-2.2.0.jar:/home/user/.m2/repository/org/codehaus/mojo/animal-sniffer-annotations/1.17/animal-sniffer-annotations-1.17.jar:/home/user/.m2/repository/io/opencensus/opencensus-api/0.17.0/opencensus-api-0.17.0.jar:/home/user/.m2/repository/io/opencensus/opencensus-contrib-grpc-metrics/0.17.0/opencensus-contrib-grpc-metrics-0.17.0.jar:/home/user/.m2/repository/io/netty/netty-codec-http2/4.1.30.Final/netty-codec-http2-4.1.30.Final.jar:/home/user/.m2/repository/io/netty/netty-codec-http/4.1.30.Final/netty-codec-http-4.1.30.Final.jar:/home/user/.m2/repository/io/netty/netty-codec/4.1.30.Final/netty-codec-4.1.30.Final.jar:/home/user/.m2/repository/io/netty/netty-handler/4.1.30.Final/netty-handler-4.1.30.Final.jar:/home/user/.m2/repository/io/netty/netty-handler-proxy/4.1.30.Final/netty-handler-proxy-4.1.30.Final.jar:/home/user/.m2/repository/io/netty/netty-codec-socks/4.1.30.Final/netty-codec-socks-4.1.30.Final.jar:/home/user/.m2/repository/io/netty/netty-transport-native-epoll/4.1.30.Final/netty-transport-native-epoll-4.1.30.Final.jar:/home/user/.m2/repository/io/netty/netty-common/4.1.30.Final/netty-common-4.1.30.Final.jar:/home/user/.m2/repository/io/netty/netty-buffer/4.1.30.Final/netty-buffer-4.1.30.Final.jar:/home/user/.m2/repository/io/netty/netty-transport/4.1.30.Final/netty-transport-4.1.30.Final.jar:/home/user/.m2/repository/io/netty/netty-resolver/4.1.30.Final/netty-resolver-4.1.30.Final.jar:/home/user/.m2/repository/io/netty/netty-transport-native-unix-common/4.1.30.Final/netty-transport-native-unix-common-4.1.30.Final.jar:/home/user/.m2/repository/io/grpc/grpc-protobuf/1.17.1/grpc-protobuf-1.17.1.jar:/home/user/.m2/repository/com/google/api/grpc/proto-google-common-protos/1.0.0/proto-google-common-protos-1.0.0.jar:/home/user/.m2/repository/io/grpc/grpc-protobuf-lite/1.17.1/grpc-protobuf-lite-1.17.1.jar:/home/user/.m2/repository/io/grpc/grpc-stub/1.17.1/grpc-stub-1.17.1.jar:/home/user/.m2/repository/org/apache/hadoop/hadoop-ozone-recon/0.5.0-SNAPSHOT/hadoop-ozone-recon-0.5.0-SNAPSHOT.jar:/home/user/.m2/repository/org/apache/hadoop/hadoop-ozone-reconcodegen/0.5.0-SNAPSHOT/hadoop-ozone-reconcodegen-0.5.0-SNAPSHOT.jar:/home/user/.m2/repository/com/google/inject/extensions/guice-multibindings/4.0/guice-multibindings-4.0.jar:/home/user/.m2/repository/com/google/inject/guice/4.0/guice-4.0.jar:/home/user/.m2/repository/aopalliance/aopalliance/1.0/aopalliance-1.0.jar:/home/user/.m2/repository/com/google/inject/extensions/guice-servlet/4.0/guice-servlet-4.0.jar:/home/user/.m2/repository/org/glassfish/jersey/containers/jersey-container-servlet/2.27/jersey-container-servlet-2.27.jar:/home/user/.m2/repository/org/glassfish/hk2/guice-bridge/2.5.0/guice-bridge-2.5.0.jar:/home/user/.m2/repository/org/glassfish/jersey/core/jersey-server/2.27/jersey-server-2.27.jar:/home/user/.m2/repository/org/glassfish/jersey/core/jersey-client/2.27/jersey-client-2.27.jar:/home/user/.m2/repository/org/glassfish/jersey/media/jersey-media-jaxb/2.27/jersey-media-jaxb-2.27.jar:/home/user/.m2/repository/javax/validation/validation-api/1.1.0.Final/validation-api-1.1.0.Final.jar:/home/user/.m2/repository/org/glassfish/jersey/media/jersey-media-json-jackson/2.27/jersey-media-json-jackson-2.27.jar:/home/user/.m2/repository/org/glassfish/jersey/ext/jersey-entity-filtering/2.27/jersey-entity-filtering-2.27.jar:/home/user/.m2/repository/com/google/inject/extensions/guice-assistedinject/4.0/guice-assistedinject-4.0.jar:/home/user/.m2/repository/org/jooq/jooq/3.11.10/jooq-3.11.10.jar:/home/user/.m2/repository/org/jooq/jooq-meta/3.11.10/jooq-meta-3.11.10.jar:/home/user/.m2/repository/org/jooq/jooq-codegen/3.11.10/jooq-codegen-3.11.10.jar:/home/user/.m2/repository/com/jolbox/bonecp/0.8.0.RELEASE/bonecp-0.8.0.RELEASE.jar:/home/user/.m2/repository/org/xerial/sqlite-jdbc/3.25.2/sqlite-jdbc-3.25.2.jar:/home/user/.m2/repository/org/springframework/spring-jdbc/5.1.3.RELEASE/spring-jdbc-5.1.3.RELEASE.jar:/home/user/.m2/repository/org/springframework/spring-beans/5.1.3.RELEASE/spring-beans-5.1.3.RELEASE.jar:/home/user/.m2/repository/org/springframework/spring-core/5.1.3.RELEASE/spring-core-5.1.3.RELEASE.jar:/home/user/.m2/repository/org/springframework/spring-jcl/5.1.3.RELEASE/spring-jcl-5.1.3.RELEASE.jar:/home/user/.m2/repository/org/springframework/spring-tx/5.1.3.RELEASE/spring-tx-5.1.3.RELEASE.jar:/home/user/.m2/repository/org/apache/hadoop/hadoop-ozone-client/0.5.0-SNAPSHOT/hadoop-ozone-client-0.5.0-SNAPSHOT.jar:/home/user/.m2/repository/commons-lang/commons-lang/2.6/commons-lang-2.6.jar:/home/user/.m2/repository/org/apache/hadoop/hadoop-ozone-ozone-manager/0.5.0-SNAPSHOT/hadoop-ozone-ozone-manager-0.5.0-SNAPSHOT-tests.jar:/home/user/.m2/repository/junit/junit/4.11/junit-4.11.jar:/home/user/.m2/repository/org/hamcrest/hamcrest-core/1.3/hamcrest-core-1.3.jar:/home/user/.m2/repository/org/openjdk/jmh/jmh-core/1.19/jmh-core-1.19.jar:/home/user/.m2/repository/net/sf/jopt-simple/jopt-simple/4.6/jopt-simple-4.6.jar:/home/user/.m2/repository/org/apache/commons/commons-math3/3.1.1/commons-math3-3.1.1.jar:/home/user/.m2/repository/org/openjdk/jmh/jmh-generator-annprocess/1.19/jmh-generator-annprocess-1.19.jar:/home/user/.m2/repository/org/mockito/mockito-all/1.8.5/mockito-all-1.8.5.jar:/home/user/.m2/repository/org/apache/hadoop/hadoop-kms/3.2.0/hadoop-kms-3.2.0.jar:/home/user/.m2/repository/org/apache/hadoop/hadoop-auth/3.2.0/hadoop-auth-3.2.0.jar:/home/user/.m2/repository/com/nimbusds/nimbus-jose-jwt/4.41.1/nimbus-jose-jwt-4.41.1.jar:/home/user/.m2/repository/com/github/stephenc/jcip/jcip-annotations/1.0-1/jcip-annotations-1.0-1.jar:/home/user/.m2/repository/net/minidev/json-smart/2.3/json-smart-2.3.jar:/home/user/.m2/repository/net/minidev/accessors-smart/1.2/accessors-smart-1.2.jar:/home/user/.m2/repository/org/ow2/asm/asm/5.0.4/asm-5.0.4.jar:/home/user/.m2/repository/org/apache/curator/curator-framework/2.12.0/curator-framework-2.12.0.jar:/home/user/.m2/repository/com/sun/jersey/jersey-core/1.19/jersey-core-1.19.jar:/home/user/.m2/repository/javax/ws/rs/jsr311-api/1.1.1/jsr311-api-1.1.1.jar:/home/user/.m2/repository/com/sun/jersey/jersey-server/1.19/jersey-server-1.19.jar:/home/user/.m2/repository/javax/servlet/javax.servlet-api/3.1.0/javax.servlet-api-3.1.0.jar:/home/user/.m2/repository/org/eclipse/jetty/jetty-server/9.3.25.v20180904/jetty-server-9.3.25.v20180904.jar:/home/user/.m2/repository/org/eclipse/jetty/jetty-http/9.3.25.v20180904/jetty-http-9.3.25.v20180904.jar:/home/user/.m2/repository/org/eclipse/jetty/jetty-io/9.3.25.v20180904/jetty-io-9.3.25.v20180904.jar:/home/user/.m2/repository/org/eclipse/jetty/jetty-webapp/9.3.25.v20180904/jetty-webapp-9.3.25.v20180904.jar:/home/user/.m2/repository/org/eclipse/jetty/jetty-xml/9.3.25.v20180904/jetty-xml-9.3.25.v20180904.jar:/home/user/.m2/repository/log4j/log4j/1.2.17/log4j-1.2.17.jar:/home/user/.m2/repository/org/slf4j/slf4j-api/1.7.25/slf4j-api-1.7.25.jar:/home/user/.m2/repository/org/slf4j/jul-to-slf4j/1.7.25/jul-to-slf4j-1.7.25.jar:/home/user/.m2/repository/org/eclipse/jetty/jetty-util/9.3.25.v20180904/jetty-util-9.3.25.v20180904.jar:/home/user/.m2/repository/com/fasterxml/jackson/core/jackson-databind/2.9.9/jackson-databind-2.9.9.jar:/home/user/.m2/repository/org/apache/hadoop/hadoop-kms/3.2.0/hadoop-kms-3.2.0-tests.jar:/home/user/.m2/repository/org/apache/hadoop/hadoop-hdds-server-scm/0.5.0-SNAPSHOT/hadoop-hdds-server-scm-0.5.0-SNAPSHOT-tests.jar:/home/user/.m2/repository/org/apache/hadoop/hadoop-hdds-container-service/0.5.0-SNAPSHOT/hadoop-hdds-container-service-0.5.0-SNAPSHOT-tests.jar:/home/user/.m2/repository/org/yaml/snakeyaml/1.16/snakeyaml-1.16.jar:/home/user/.m2/repository/org/apache/hadoop/hadoop-common/3.2.0/hadoop-common-3.2.0-tests.jar:/home/user/.m2/repository/org/apache/hadoop/hadoop-annotations/3.2.0/hadoop-annotations-3.2.0.jar:/usr/lib/jvm/java-1.8-openjdk/jre/../lib/tools.jar:/home/user/.m2/repository/commons-cli/commons-cli/1.2/commons-cli-1.2.jar:/home/user/.m2/repository/org/apache/httpcomponents/httpclient/4.5.2/httpclient-4.5.2.jar:/home/user/.m2/repository/org/apache/httpcomponents/httpcore/4.4.4/httpcore-4.4.4.jar:/home/user/.m2/repository/commons-codec/commons-codec/1.11/commons-codec-1.11.jar:/home/user/.m2/repository/commons-net/commons-net/3.6/commons-net-3.6.jar:/home/user/.m2/repository/commons-collections/commons-collections/3.2.2/commons-collections-3.2.2.jar:/home/user/.m2/repository/org/eclipse/jetty/jetty-servlet/9.3.25.v20180904/jetty-servlet-9.3.25.v20180904.jar:/home/user/.m2/repository/org/eclipse/jetty/jetty-security/9.3.25.v20180904/jetty-security-9.3.25.v20180904.jar:/home/user/.m2/repository/javax/servlet/jsp/jsp-api/2.1/jsp-api-2.1.jar:/home/user/.m2/repository/com/sun/jersey/jersey-servlet/1.19/jersey-servlet-1.19.jar:/home/user/.m2/repository/com/sun/jersey/jersey-json/1.19/jersey-json-1.19.jar:/home/user/.m2/repository/org/codehaus/jettison/jettison/1.1/jettison-1.1.jar:/home/user/.m2/repository/org/codehaus/jackson/jackson-core-asl/1.9.13/jackson-core-asl-1.9.13.jar:/home/user/.m2/repository/org/codehaus/jackson/jackson-mapper-asl/1.9.13/jackson-mapper-asl-1.9.13.jar:/home/user/.m2/repository/org/codehaus/jackson/jackson-jaxrs/1.9.13/jackson-jaxrs-1.9.13.jar:/home/user/.m2/repository/org/codehaus/jackson/jackson-xc/1.9.13/jackson-xc-1.9.13.jar:/home/user/.m2/repository/commons-logging/commons-logging/1.1.3/commons-logging-1.1.3.jar:/home/user/.m2/repository/commons-beanutils/commons-beanutils/1.9.4/commons-beanutils-1.9.4.jar:/home/user/.m2/repository/org/apache/commons/commons-configuration2/2.1.1/commons-configuration2-2.1.1.jar:/home/user/.m2/repository/org/apache/commons/commons-lang3/3.7/commons-lang3-3.7.jar:/home/user/.m2/repository/org/apache/commons/commons-text/1.4/commons-text-1.4.jar:/home/user/.m2/repository/org/apache/avro/avro/1.7.7/avro-1.7.7.jar:/home/user/.m2/repository/com/thoughtworks/paranamer/paranamer/2.3/paranamer-2.3.jar:/home/user/.m2/repository/org/xerial/snappy/snappy-java/1.0.5/snappy-java-1.0.5.jar:/home/user/.m2/repository/com/google/re2j/re2j/1.1/re2j-1.1.jar:/home/user/.m2/repository/com/google/code/gson/gson/2.2.4/gson-2.2.4.jar:/home/user/.m2/repository/com/jcraft/jsch/0.1.54/jsch-0.1.54.jar:/home/user/.m2/repository/org/apache/curator/curator-client/2.12.0/curator-client-2.12.0.jar:/home/user/.m2/repository/org/apache/curator/curator-recipes/2.12.0/curator-recipes-2.12.0.jar:/home/user/.m2/repository/com/google/code/findbugs/jsr305/3.0.0/jsr305-3.0.0.jar:/home/user/.m2/repository/org/apache/htrace/htrace-core4/4.1.0-incubating/htrace-core4-4.1.0-incubating.jar:/home/user/.m2/repository/org/apache/zookeeper/zookeeper/3.4.13/zookeeper-3.4.13.jar:/home/user/.m2/repository/jline/jline/0.9.94/jline-0.9.94.jar:/home/user/.m2/repository/org/apache/yetus/audience-annotations/0.5.0/audience-annotations-0.5.0.jar:/home/user/.m2/repository/org/codehaus/woodstox/stax2-api/3.1.4/stax2-api-3.1.4.jar:/home/user/.m2/repository/com/fasterxml/woodstox/woodstox-core/5.0.3/woodstox-core-5.0.3.jar:/home/user/.m2/repository/dnsjava/dnsjava/2.1.7/dnsjava-2.1.7.jar:/home/user/.m2/repository/org/apache/hadoop/hadoop-hdfs/3.2.0/hadoop-hdfs-3.2.0-tests.jar:/home/user/.m2/repository/org/eclipse/jetty/jetty-util-ajax/9.3.25.v20180904/jetty-util-ajax-9.3.25.v20180904.jar:/home/user/.m2/repository/commons-daemon/commons-daemon/1.0.13/commons-daemon-1.0.13.jar:/home/user/.m2/repository/io/netty/netty/3.10.5.Final/netty-3.10.5.Final.jar:/home/user/.m2/repository/io/netty/netty-all/4.0.52.Final/netty-all-4.0.52.Final.jar:/home/user/.m2/repository/org/fusesource/leveldbjni/leveldbjni-all/1.8/leveldbjni-all-1.8.jar:"/>
    <property name="java.vm.vendor" value="IcedTea"/>
    <property name="sun.arch.data.model" value="64"/>
    <property name="test.build.dir" value="/workdir/hadoop-ozone/integration-test/target/test-dir"/>
    <property name="test.cache.data" value=""/>
    <property name="java.vendor.url" value="https://icedtea.classpath.org"/>
    <property name="user.timezone" value=""/>
    <property name="java.vm.specification.version" value="1.8"/>
    <property name="os.name" value="Linux"/>
    <property name="test.build.data" value="/workdir/hadoop-ozone/integration-test/target/test-dir"/>
    <property name="user.country" value="US"/>
    <property name="sun.java.launcher" value="SUN_STANDARD"/>
    <property name="sun.boot.library.path" value="/usr/lib/jvm/java-1.8-openjdk/jre/lib/amd64"/>
    <property name="sun.java.command" value="/workdir/hadoop-ozone/integration-test/target/surefire/surefirebooter1683984082942059162.jar /workdir/hadoop-ozone/integration-test/target/surefire 2019-10-08T06-30-40_480-jvmRun1 surefire8878827191046899833tmp surefire_622199866899550722081tmp"/>
    <property name="test" value="!TestMiniChaosOzoneCluster"/>
    <property name="surefire.test.class.path" value="/workdir/hadoop-ozone/integration-test/target/test-classes:/workdir/hadoop-ozone/integration-test/target/classes:/home/user/.m2/repository/org/apache/hadoop/hadoop-ozone-common/0.5.0-SNAPSHOT/hadoop-ozone-common-0.5.0-SNAPSHOT.jar:/home/user/.m2/repository/org/apache/commons/commons-compress/1.4.1/commons-compress-1.4.1.jar:/home/user/.m2/repository/org/tukaani/xz/1.0/xz-1.0.jar:/home/user/.m2/repository/org/apache/hadoop/hadoop-common/3.2.0/hadoop-common-3.2.0.jar:/home/user/.m2/repository/org/apache/hadoop/hadoop-hdfs/3.2.0/hadoop-hdfs-3.2.0.jar:/home/user/.m2/repository/org/apache/hadoop/hadoop-hdfs-client/3.2.0/hadoop-hdfs-client-3.2.0.jar:/home/user/.m2/repository/com/fasterxml/jackson/core/jackson-annotations/2.9.9/jackson-annotations-2.9.9.jar:/home/user/.m2/repository/org/apache/hadoop/hadoop-hdds-common/0.5.0-SNAPSHOT/hadoop-hdds-common-0.5.0-SNAPSHOT.jar:/home/user/.m2/repository/javax/annotation/javax.annotation-api/1.2/javax.annotation-api-1.2.jar:/home/user/.m2/repository/org/apache/ratis/ratis-server/0.5.0-201fc85-SNAPSHOT/ratis-server-0.5.0-201fc85-SNAPSHOT.jar:/home/user/.m2/repository/org/apache/ratis/ratis-thirdparty-misc/0.2.0/ratis-thirdparty-misc-0.2.0.jar:/home/user/.m2/repository/org/apache/ratis/ratis-proto/0.5.0-201fc85-SNAPSHOT/ratis-proto-0.5.0-201fc85-SNAPSHOT.jar:/home/user/.m2/repository/org/apache/ratis/ratis-common/0.5.0-201fc85-SNAPSHOT/ratis-common-0.5.0-201fc85-SNAPSHOT.jar:/home/user/.m2/repository/org/apache/ratis/ratis-client/0.5.0-201fc85-SNAPSHOT/ratis-client-0.5.0-201fc85-SNAPSHOT.jar:/home/user/.m2/repository/org/apache/ratis/ratis-metrics/0.5.0-201fc85-SNAPSHOT/ratis-metrics-0.5.0-201fc85-SNAPSHOT.jar:/home/user/.m2/repository/com/github/joshelser/dropwizard-metrics-hadoop-metrics2-reporter/0.1.2/dropwizard-metrics-hadoop-metrics2-reporter-0.1.2.jar:/home/user/.m2/repository/io/dropwizard/metrics/metrics-jvm/3.2.5/metrics-jvm-3.2.5.jar:/home/user/.m2/repository/io/dropwizard/metrics/metrics-ganglia/3.2.5/metrics-ganglia-3.2.5.jar:/home/user/.m2/repository/info/ganglia/gmetric4j/gmetric4j/1.0.7/gmetric4j-1.0.7.jar:/home/user/.m2/repository/org/apache/ratis/ratis-netty/0.5.0-201fc85-SNAPSHOT/ratis-netty-0.5.0-201fc85-SNAPSHOT.jar:/home/user/.m2/repository/org/apache/ratis/ratis-grpc/0.5.0-201fc85-SNAPSHOT/ratis-grpc-0.5.0-201fc85-SNAPSHOT.jar:/home/user/.m2/repository/org/rocksdb/rocksdbjni/6.0.1/rocksdbjni-6.0.1.jar:/home/user/.m2/repository/org/apache/logging/log4j/log4j-api/2.11.0/log4j-api-2.11.0.jar:/home/user/.m2/repository/org/apache/logging/log4j/log4j-core/2.11.0/log4j-core-2.11.0.jar:/home/user/.m2/repository/com/lmax/disruptor/3.4.2/disruptor-3.4.2.jar:/home/user/.m2/repository/org/apache/commons/commons-pool2/2.6.0/commons-pool2-2.6.0.jar:/home/user/.m2/repository/org/bouncycastle/bcpkix-jdk15on/1.60/bcpkix-jdk15on-1.60.jar:/home/user/.m2/repository/commons-validator/commons-validator/1.6/commons-validator-1.6.jar:/home/user/.m2/repository/commons-digester/commons-digester/1.8.1/commons-digester-1.8.1.jar:/home/user/.m2/repository/io/jaegertracing/jaeger-client/0.34.0/jaeger-client-0.34.0.jar:/home/user/.m2/repository/io/jaegertracing/jaeger-thrift/0.34.0/jaeger-thrift-0.34.0.jar:/home/user/.m2/repository/org/apache/thrift/libthrift/0.12.0/libthrift-0.12.0.jar:/home/user/.m2/repository/com/squareup/okhttp3/okhttp/3.9.0/okhttp-3.9.0.jar:/home/user/.m2/repository/com/squareup/okio/okio/1.13.0/okio-1.13.0.jar:/home/user/.m2/repository/io/jaegertracing/jaeger-core/0.34.0/jaeger-core-0.34.0.jar:/home/user/.m2/repository/io/jaegertracing/jaeger-tracerresolver/0.34.0/jaeger-tracerresolver-0.34.0.jar:/home/user/.m2/repository/io/opentracing/contrib/opentracing-tracerresolver/0.1.5/opentracing-tracerresolver-0.1.5.jar:/home/user/.m2/repository/io/opentracing/opentracing-util/0.31.0/opentracing-util-0.31.0.jar:/home/user/.m2/repository/io/opentracing/opentracing-api/0.31.0/opentracing-api-0.31.0.jar:/home/user/.m2/repository/io/opentracing/opentracing-noop/0.31.0/opentracing-noop-0.31.0.jar:/home/user/.m2/repository/org/apache/hadoop/hadoop-hdds-server-framework/0.5.0-SNAPSHOT/hadoop-hdds-server-framework-0.5.0-SNAPSHOT.jar:/home/user/.m2/repository/org/apache/hadoop/hadoop-hdds-container-service/0.5.0-SNAPSHOT/hadoop-hdds-container-service-0.5.0-SNAPSHOT.jar:/home/user/.m2/repository/org/apache/hadoop/hadoop-hdds-client/0.5.0-SNAPSHOT/hadoop-hdds-client-0.5.0-SNAPSHOT.jar:/home/user/.m2/repository/org/apache/hadoop/hadoop-hdds-tools/0.5.0-SNAPSHOT/hadoop-hdds-tools-0.5.0-SNAPSHOT.jar:/home/user/.m2/repository/org/apache/hadoop/hadoop-hdds-server-scm/0.5.0-SNAPSHOT/hadoop-hdds-server-scm-0.5.0-SNAPSHOT.jar:/home/user/.m2/repository/org/apache/hadoop/hadoop-hdds-docs/0.5.0-SNAPSHOT/hadoop-hdds-docs-0.5.0-SNAPSHOT.jar:/home/user/.m2/repository/io/dropwizard/metrics/metrics-core/3.2.4/metrics-core-3.2.4.jar:/home/user/.m2/repository/org/hamcrest/hamcrest-all/1.3/hamcrest-all-1.3.jar:/home/user/.m2/repository/org/bouncycastle/bcprov-jdk15on/1.60/bcprov-jdk15on-1.60.jar:/home/user/.m2/repository/info/picocli/picocli/3.9.6/picocli-3.9.6.jar:/home/user/.m2/repository/com/google/protobuf/protobuf-java/2.5.0/protobuf-java-2.5.0.jar:/home/user/.m2/repository/com/google/guava/guava/11.0.2/guava-11.0.2.jar:/home/user/.m2/repository/org/apache/hadoop/hadoop-ozone-ozone-manager/0.5.0-SNAPSHOT/hadoop-ozone-ozone-manager-0.5.0-SNAPSHOT.jar:/home/user/.m2/repository/org/apache/hadoop/hadoop-minikdc/3.2.0/hadoop-minikdc-3.2.0.jar:/home/user/.m2/repository/commons-io/commons-io/2.5/commons-io-2.5.jar:/home/user/.m2/repository/org/apache/kerby/kerb-simplekdc/1.0.1/kerb-simplekdc-1.0.1.jar:/home/user/.m2/repository/org/apache/kerby/kerb-client/1.0.1/kerb-client-1.0.1.jar:/home/user/.m2/repository/org/apache/kerby/kerby-config/1.0.1/kerby-config-1.0.1.jar:/home/user/.m2/repository/org/apache/kerby/kerb-core/1.0.1/kerb-core-1.0.1.jar:/home/user/.m2/repository/org/apache/kerby/kerby-pkix/1.0.1/kerby-pkix-1.0.1.jar:/home/user/.m2/repository/org/apache/kerby/kerby-asn1/1.0.1/kerby-asn1-1.0.1.jar:/home/user/.m2/repository/org/apache/kerby/kerby-util/1.0.1/kerby-util-1.0.1.jar:/home/user/.m2/repository/org/apache/kerby/kerb-common/1.0.1/kerb-common-1.0.1.jar:/home/user/.m2/repository/org/apache/kerby/kerb-crypto/1.0.1/kerb-crypto-1.0.1.jar:/home/user/.m2/repository/org/apache/kerby/kerb-util/1.0.1/kerb-util-1.0.1.jar:/home/user/.m2/repository/org/apache/kerby/token-provider/1.0.1/token-provider-1.0.1.jar:/home/user/.m2/repository/org/apache/kerby/kerb-admin/1.0.1/kerb-admin-1.0.1.jar:/home/user/.m2/repository/org/apache/kerby/kerb-server/1.0.1/kerb-server-1.0.1.jar:/home/user/.m2/repository/org/apache/kerby/kerb-identity/1.0.1/kerb-identity-1.0.1.jar:/home/user/.m2/repository/org/apache/kerby/kerby-xdr/1.0.1/kerby-xdr-1.0.1.jar:/home/user/.m2/repository/org/slf4j/slf4j-log4j12/1.7.25/slf4j-log4j12-1.7.25.jar:/home/user/.m2/repository/org/apache/hadoop/hadoop-ozone-s3gateway/0.5.0-SNAPSHOT/hadoop-ozone-s3gateway-0.5.0-SNAPSHOT.jar:/home/user/.m2/repository/org/jboss/weld/servlet/weld-servlet/2.4.7.Final/weld-servlet-2.4.7.Final.jar:/home/user/.m2/repository/org/glassfish/jersey/containers/jersey-container-servlet-core/2.27/jersey-container-servlet-core-2.27.jar:/home/user/.m2/repository/org/glassfish/hk2/external/javax.inject/2.5.0-b42/javax.inject-2.5.0-b42.jar:/home/user/.m2/repository/org/glassfish/jersey/core/jersey-common/2.27/jersey-common-2.27.jar:/home/user/.m2/repository/org/glassfish/hk2/osgi-resource-locator/1.0.1/osgi-resource-locator-1.0.1.jar:/home/user/.m2/repository/javax/ws/rs/javax.ws.rs-api/2.1/javax.ws.rs-api-2.1.jar:/home/user/.m2/repository/org/glassfish/jersey/ext/cdi/jersey-cdi1x/2.27/jersey-cdi1x-2.27.jar:/home/user/.m2/repository/org/glassfish/jersey/inject/jersey-hk2/2.27/jersey-hk2-2.27.jar:/home/user/.m2/repository/org/glassfish/hk2/hk2-locator/2.5.0-b42/hk2-locator-2.5.0-b42.jar:/home/user/.m2/repository/org/javassist/javassist/3.22.0-CR2/javassist-3.22.0-CR2.jar:/home/user/.m2/repository/org/glassfish/hk2/hk2-api/2.5.0/hk2-api-2.5.0.jar:/home/user/.m2/repository/org/glassfish/hk2/external/jakarta.inject/2.5.0/jakarta.inject-2.5.0.jar:/home/user/.m2/repository/org/glassfish/hk2/hk2-utils/2.5.0/hk2-utils-2.5.0.jar:/home/user/.m2/repository/jakarta/annotation/jakarta.annotation-api/1.3.4/jakarta.annotation-api-1.3.4.jar:/home/user/.m2/repository/org/glassfish/hk2/external/aopalliance-repackaged/2.5.0/aopalliance-repackaged-2.5.0.jar:/home/user/.m2/repository/com/fasterxml/jackson/dataformat/jackson-dataformat-xml/2.9.0/jackson-dataformat-xml-2.9.0.jar:/home/user/.m2/repository/com/fasterxml/jackson/core/jackson-core/2.9.9/jackson-core-2.9.9.jar:/home/user/.m2/repository/com/fasterxml/jackson/module/jackson-module-jaxb-annotations/2.9.9/jackson-module-jaxb-annotations-2.9.9.jar:/home/user/.m2/repository/javax/enterprise/cdi-api/1.2/cdi-api-1.2.jar:/home/user/.m2/repository/javax/el/javax.el-api/3.0.0/javax.el-api-3.0.0.jar:/home/user/.m2/repository/javax/interceptor/javax.interceptor-api/1.2/javax.interceptor-api-1.2.jar:/home/user/.m2/repository/javax/inject/javax.inject/1/javax.inject-1.jar:/home/user/.m2/repository/com/sun/xml/bind/jaxb-impl/2.3.0.1/jaxb-impl-2.3.0.1.jar:/home/user/.m2/repository/com/sun/xml/bind/jaxb-core/2.3.0.1/jaxb-core-2.3.0.1.jar:/home/user/.m2/repository/javax/xml/bind/jaxb-api/2.3.0/jaxb-api-2.3.0.jar:/home/user/.m2/repository/javax/activation/activation/1.1.1/activation-1.1.1.jar:/home/user/.m2/repository/org/apache/hadoop/hadoop-ozone-csi/0.5.0-SNAPSHOT/hadoop-ozone-csi-0.5.0-SNAPSHOT.jar:/home/user/.m2/repository/com/google/protobuf/protobuf-java-util/3.5.1/protobuf-java-util-3.5.1.jar:/home/user/.m2/repository/org/apache/hadoop/hadoop-hdds-config/0.5.0-SNAPSHOT/hadoop-hdds-config-0.5.0-SNAPSHOT.jar:/home/user/.m2/repository/io/grpc/grpc-netty/1.17.1/grpc-netty-1.17.1.jar:/home/user/.m2/repository/io/grpc/grpc-core/1.17.1/grpc-core-1.17.1.jar:/home/user/.m2/repository/io/grpc/grpc-context/1.17.1/grpc-context-1.17.1.jar:/home/user/.m2/repository/com/google/errorprone/error_prone_annotations/2.2.0/error_prone_annotations-2.2.0.jar:/home/user/.m2/repository/org/codehaus/mojo/animal-sniffer-annotations/1.17/animal-sniffer-annotations-1.17.jar:/home/user/.m2/repository/io/opencensus/opencensus-api/0.17.0/opencensus-api-0.17.0.jar:/home/user/.m2/repository/io/opencensus/opencensus-contrib-grpc-metrics/0.17.0/opencensus-contrib-grpc-metrics-0.17.0.jar:/home/user/.m2/repository/io/netty/netty-codec-http2/4.1.30.Final/netty-codec-http2-4.1.30.Final.jar:/home/user/.m2/repository/io/netty/netty-codec-http/4.1.30.Final/netty-codec-http-4.1.30.Final.jar:/home/user/.m2/repository/io/netty/netty-codec/4.1.30.Final/netty-codec-4.1.30.Final.jar:/home/user/.m2/repository/io/netty/netty-handler/4.1.30.Final/netty-handler-4.1.30.Final.jar:/home/user/.m2/repository/io/netty/netty-handler-proxy/4.1.30.Final/netty-handler-proxy-4.1.30.Final.jar:/home/user/.m2/repository/io/netty/netty-codec-socks/4.1.30.Final/netty-codec-socks-4.1.30.Final.jar:/home/user/.m2/repository/io/netty/netty-transport-native-epoll/4.1.30.Final/netty-transport-native-epoll-4.1.30.Final.jar:/home/user/.m2/repository/io/netty/netty-common/4.1.30.Final/netty-common-4.1.30.Final.jar:/home/user/.m2/repository/io/netty/netty-buffer/4.1.30.Final/netty-buffer-4.1.30.Final.jar:/home/user/.m2/repository/io/netty/netty-transport/4.1.30.Final/netty-transport-4.1.30.Final.jar:/home/user/.m2/repository/io/netty/netty-resolver/4.1.30.Final/netty-resolver-4.1.30.Final.jar:/home/user/.m2/repository/io/netty/netty-transport-native-unix-common/4.1.30.Final/netty-transport-native-unix-common-4.1.30.Final.jar:/home/user/.m2/repository/io/grpc/grpc-protobuf/1.17.1/grpc-protobuf-1.17.1.jar:/home/user/.m2/repository/com/google/api/grpc/proto-google-common-protos/1.0.0/proto-google-common-protos-1.0.0.jar:/home/user/.m2/repository/io/grpc/grpc-protobuf-lite/1.17.1/grpc-protobuf-lite-1.17.1.jar:/home/user/.m2/repository/io/grpc/grpc-stub/1.17.1/grpc-stub-1.17.1.jar:/home/user/.m2/repository/org/apache/hadoop/hadoop-ozone-recon/0.5.0-SNAPSHOT/hadoop-ozone-recon-0.5.0-SNAPSHOT.jar:/home/user/.m2/repository/org/apache/hadoop/hadoop-ozone-reconcodegen/0.5.0-SNAPSHOT/hadoop-ozone-reconcodegen-0.5.0-SNAPSHOT.jar:/home/user/.m2/repository/com/google/inject/extensions/guice-multibindings/4.0/guice-multibindings-4.0.jar:/home/user/.m2/repository/com/google/inject/guice/4.0/guice-4.0.jar:/home/user/.m2/repository/aopalliance/aopalliance/1.0/aopalliance-1.0.jar:/home/user/.m2/repository/com/google/inject/extensions/guice-servlet/4.0/guice-servlet-4.0.jar:/home/user/.m2/repository/org/glassfish/jersey/containers/jersey-container-servlet/2.27/jersey-container-servlet-2.27.jar:/home/user/.m2/repository/org/glassfish/hk2/guice-bridge/2.5.0/guice-bridge-2.5.0.jar:/home/user/.m2/repository/org/glassfish/jersey/core/jersey-server/2.27/jersey-server-2.27.jar:/home/user/.m2/repository/org/glassfish/jersey/core/jersey-client/2.27/jersey-client-2.27.jar:/home/user/.m2/repository/org/glassfish/jersey/media/jersey-media-jaxb/2.27/jersey-media-jaxb-2.27.jar:/home/user/.m2/repository/javax/validation/validation-api/1.1.0.Final/validation-api-1.1.0.Final.jar:/home/user/.m2/repository/org/glassfish/jersey/media/jersey-media-json-jackson/2.27/jersey-media-json-jackson-2.27.jar:/home/user/.m2/repository/org/glassfish/jersey/ext/jersey-entity-filtering/2.27/jersey-entity-filtering-2.27.jar:/home/user/.m2/repository/com/google/inject/extensions/guice-assistedinject/4.0/guice-assistedinject-4.0.jar:/home/user/.m2/repository/org/jooq/jooq/3.11.10/jooq-3.11.10.jar:/home/user/.m2/repository/org/jooq/jooq-meta/3.11.10/jooq-meta-3.11.10.jar:/home/user/.m2/repository/org/jooq/jooq-codegen/3.11.10/jooq-codegen-3.11.10.jar:/home/user/.m2/repository/com/jolbox/bonecp/0.8.0.RELEASE/bonecp-0.8.0.RELEASE.jar:/home/user/.m2/repository/org/xerial/sqlite-jdbc/3.25.2/sqlite-jdbc-3.25.2.jar:/home/user/.m2/repository/org/springframework/spring-jdbc/5.1.3.RELEASE/spring-jdbc-5.1.3.RELEASE.jar:/home/user/.m2/repository/org/springframework/spring-beans/5.1.3.RELEASE/spring-beans-5.1.3.RELEASE.jar:/home/user/.m2/repository/org/springframework/spring-core/5.1.3.RELEASE/spring-core-5.1.3.RELEASE.jar:/home/user/.m2/repository/org/springframework/spring-jcl/5.1.3.RELEASE/spring-jcl-5.1.3.RELEASE.jar:/home/user/.m2/repository/org/springframework/spring-tx/5.1.3.RELEASE/spring-tx-5.1.3.RELEASE.jar:/home/user/.m2/repository/org/apache/hadoop/hadoop-ozone-client/0.5.0-SNAPSHOT/hadoop-ozone-client-0.5.0-SNAPSHOT.jar:/home/user/.m2/repository/commons-lang/commons-lang/2.6/commons-lang-2.6.jar:/home/user/.m2/repository/org/apache/hadoop/hadoop-ozone-ozone-manager/0.5.0-SNAPSHOT/hadoop-ozone-ozone-manager-0.5.0-SNAPSHOT-tests.jar:/home/user/.m2/repository/junit/junit/4.11/junit-4.11.jar:/home/user/.m2/repository/org/hamcrest/hamcrest-core/1.3/hamcrest-core-1.3.jar:/home/user/.m2/repository/org/openjdk/jmh/jmh-core/1.19/jmh-core-1.19.jar:/home/user/.m2/repository/net/sf/jopt-simple/jopt-simple/4.6/jopt-simple-4.6.jar:/home/user/.m2/repository/org/apache/commons/commons-math3/3.1.1/commons-math3-3.1.1.jar:/home/user/.m2/repository/org/openjdk/jmh/jmh-generator-annprocess/1.19/jmh-generator-annprocess-1.19.jar:/home/user/.m2/repository/org/mockito/mockito-all/1.8.5/mockito-all-1.8.5.jar:/home/user/.m2/repository/org/apache/hadoop/hadoop-kms/3.2.0/hadoop-kms-3.2.0.jar:/home/user/.m2/repository/org/apache/hadoop/hadoop-auth/3.2.0/hadoop-auth-3.2.0.jar:/home/user/.m2/repository/com/nimbusds/nimbus-jose-jwt/4.41.1/nimbus-jose-jwt-4.41.1.jar:/home/user/.m2/repository/com/github/stephenc/jcip/jcip-annotations/1.0-1/jcip-annotations-1.0-1.jar:/home/user/.m2/repository/net/minidev/json-smart/2.3/json-smart-2.3.jar:/home/user/.m2/repository/net/minidev/accessors-smart/1.2/accessors-smart-1.2.jar:/home/user/.m2/repository/org/ow2/asm/asm/5.0.4/asm-5.0.4.jar:/home/user/.m2/repository/org/apache/curator/curator-framework/2.12.0/curator-framework-2.12.0.jar:/home/user/.m2/repository/com/sun/jersey/jersey-core/1.19/jersey-core-1.19.jar:/home/user/.m2/repository/javax/ws/rs/jsr311-api/1.1.1/jsr311-api-1.1.1.jar:/home/user/.m2/repository/com/sun/jersey/jersey-server/1.19/jersey-server-1.19.jar:/home/user/.m2/repository/javax/servlet/javax.servlet-api/3.1.0/javax.servlet-api-3.1.0.jar:/home/user/.m2/repository/org/eclipse/jetty/jetty-server/9.3.25.v20180904/jetty-server-9.3.25.v20180904.jar:/home/user/.m2/repository/org/eclipse/jetty/jetty-http/9.3.25.v20180904/jetty-http-9.3.25.v20180904.jar:/home/user/.m2/repository/org/eclipse/jetty/jetty-io/9.3.25.v20180904/jetty-io-9.3.25.v20180904.jar:/home/user/.m2/repository/org/eclipse/jetty/jetty-webapp/9.3.25.v20180904/jetty-webapp-9.3.25.v20180904.jar:/home/user/.m2/repository/org/eclipse/jetty/jetty-xml/9.3.25.v20180904/jetty-xml-9.3.25.v20180904.jar:/home/user/.m2/repository/log4j/log4j/1.2.17/log4j-1.2.17.jar:/home/user/.m2/repository/org/slf4j/slf4j-api/1.7.25/slf4j-api-1.7.25.jar:/home/user/.m2/repository/org/slf4j/jul-to-slf4j/1.7.25/jul-to-slf4j-1.7.25.jar:/home/user/.m2/repository/org/eclipse/jetty/jetty-util/9.3.25.v20180904/jetty-util-9.3.25.v20180904.jar:/home/user/.m2/repository/com/fasterxml/jackson/core/jackson-databind/2.9.9/jackson-databind-2.9.9.jar:/home/user/.m2/repository/org/apache/hadoop/hadoop-kms/3.2.0/hadoop-kms-3.2.0-tests.jar:/home/user/.m2/repository/org/apache/hadoop/hadoop-hdds-server-scm/0.5.0-SNAPSHOT/hadoop-hdds-server-scm-0.5.0-SNAPSHOT-tests.jar:/home/user/.m2/repository/org/apache/hadoop/hadoop-hdds-container-service/0.5.0-SNAPSHOT/hadoop-hdds-container-service-0.5.0-SNAPSHOT-tests.jar:/home/user/.m2/repository/org/yaml/snakeyaml/1.16/snakeyaml-1.16.jar:/home/user/.m2/repository/org/apache/hadoop/hadoop-common/3.2.0/hadoop-common-3.2.0-tests.jar:/home/user/.m2/repository/org/apache/hadoop/hadoop-annotations/3.2.0/hadoop-annotations-3.2.0.jar:/usr/lib/jvm/java-1.8-openjdk/jre/../lib/tools.jar:/home/user/.m2/repository/commons-cli/commons-cli/1.2/commons-cli-1.2.jar:/home/user/.m2/repository/org/apache/httpcomponents/httpclient/4.5.2/httpclient-4.5.2.jar:/home/user/.m2/repository/org/apache/httpcomponents/httpcore/4.4.4/httpcore-4.4.4.jar:/home/user/.m2/repository/commons-codec/commons-codec/1.11/commons-codec-1.11.jar:/home/user/.m2/repository/commons-net/commons-net/3.6/commons-net-3.6.jar:/home/user/.m2/repository/commons-collections/commons-collections/3.2.2/commons-collections-3.2.2.jar:/home/user/.m2/repository/org/eclipse/jetty/jetty-servlet/9.3.25.v20180904/jetty-servlet-9.3.25.v20180904.jar:/home/user/.m2/repository/org/eclipse/jetty/jetty-security/9.3.25.v20180904/jetty-security-9.3.25.v20180904.jar:/home/user/.m2/repository/javax/servlet/jsp/jsp-api/2.1/jsp-api-2.1.jar:/home/user/.m2/repository/com/sun/jersey/jersey-servlet/1.19/jersey-servlet-1.19.jar:/home/user/.m2/repository/com/sun/jersey/jersey-json/1.19/jersey-json-1.19.jar:/home/user/.m2/repository/org/codehaus/jettison/jettison/1.1/jettison-1.1.jar:/home/user/.m2/repository/org/codehaus/jackson/jackson-core-asl/1.9.13/jackson-core-asl-1.9.13.jar:/home/user/.m2/repository/org/codehaus/jackson/jackson-mapper-asl/1.9.13/jackson-mapper-asl-1.9.13.jar:/home/user/.m2/repository/org/codehaus/jackson/jackson-jaxrs/1.9.13/jackson-jaxrs-1.9.13.jar:/home/user/.m2/repository/org/codehaus/jackson/jackson-xc/1.9.13/jackson-xc-1.9.13.jar:/home/user/.m2/repository/commons-logging/commons-logging/1.1.3/commons-logging-1.1.3.jar:/home/user/.m2/repository/commons-beanutils/commons-beanutils/1.9.4/commons-beanutils-1.9.4.jar:/home/user/.m2/repository/org/apache/commons/commons-configuration2/2.1.1/commons-configuration2-2.1.1.jar:/home/user/.m2/repository/org/apache/commons/commons-lang3/3.7/commons-lang3-3.7.jar:/home/user/.m2/repository/org/apache/commons/commons-text/1.4/commons-text-1.4.jar:/home/user/.m2/repository/org/apache/avro/avro/1.7.7/avro-1.7.7.jar:/home/user/.m2/repository/com/thoughtworks/paranamer/paranamer/2.3/paranamer-2.3.jar:/home/user/.m2/repository/org/xerial/snappy/snappy-java/1.0.5/snappy-java-1.0.5.jar:/home/user/.m2/repository/com/google/re2j/re2j/1.1/re2j-1.1.jar:/home/user/.m2/repository/com/google/code/gson/gson/2.2.4/gson-2.2.4.jar:/home/user/.m2/repository/com/jcraft/jsch/0.1.54/jsch-0.1.54.jar:/home/user/.m2/repository/org/apache/curator/curator-client/2.12.0/curator-client-2.12.0.jar:/home/user/.m2/repository/org/apache/curator/curator-recipes/2.12.0/curator-recipes-2.12.0.jar:/home/user/.m2/repository/com/google/code/findbugs/jsr305/3.0.0/jsr305-3.0.0.jar:/home/user/.m2/repository/org/apache/htrace/htrace-core4/4.1.0-incubating/htrace-core4-4.1.0-incubating.jar:/home/user/.m2/repository/org/apache/zookeeper/zookeeper/3.4.13/zookeeper-3.4.13.jar:/home/user/.m2/repository/jline/jline/0.9.94/jline-0.9.94.jar:/home/user/.m2/repository/org/apache/yetus/audience-annotations/0.5.0/audience-annotations-0.5.0.jar:/home/user/.m2/repository/org/codehaus/woodstox/stax2-api/3.1.4/stax2-api-3.1.4.jar:/home/user/.m2/repository/com/fasterxml/woodstox/woodstox-core/5.0.3/woodstox-core-5.0.3.jar:/home/user/.m2/repository/dnsjava/dnsjava/2.1.7/dnsjava-2.1.7.jar:/home/user/.m2/repository/org/apache/hadoop/hadoop-hdfs/3.2.0/hadoop-hdfs-3.2.0-tests.jar:/home/user/.m2/repository/org/eclipse/jetty/jetty-util-ajax/9.3.25.v20180904/jetty-util-ajax-9.3.25.v20180904.jar:/home/user/.m2/repository/commons-daemon/commons-daemon/1.0.13/commons-daemon-1.0.13.jar:/home/user/.m2/repository/io/netty/netty/3.10.5.Final/netty-3.10.5.Final.jar:/home/user/.m2/repository/io/netty/netty-all/4.0.52.Final/netty-all-4.0.52.Final.jar:/home/user/.m2/repository/org/fusesource/leveldbjni/leveldbjni-all/1.8/leveldbjni-all-1.8.jar:"/>
    <property name="sun.cpu.endian" value="little"/>
    <property name="user.home" value="/home/user"/>
    <property name="user.language" value="en"/>
    <property name="java.specification.vendor" value="Oracle Corporation"/>
    <property name="java.home" value="/usr/lib/jvm/java-1.8-openjdk/jre"/>
    <property name="java.security.krb5.conf" value="/workdir/hadoop-ozone/integration-test/target/test-classes/krb5.conf"/>
    <property name="basedir" value="/workdir/hadoop-ozone/integration-test"/>
    <property name="file.separator" value="/"/>
    <property name="line.separator" value="&#10;"/>
    <property name="java.vm.specification.vendor" value="Oracle Corporation"/>
    <property name="java.specification.name" value="Java Platform API Specification"/>
    <property name="java.awt.graphicsenv" value="sun.awt.X11GraphicsEnvironment"/>
    <property name="surefire.real.class.path" value="/workdir/hadoop-ozone/integration-test/target/surefire/surefirebooter1683984082942059162.jar"/>
    <property name="hadoop.log.dir" value="/workdir/hadoop-ozone/integration-test/target/log"/>
    <property name="sun.boot.class.path" value="/usr/lib/jvm/java-1.8-openjdk/jre/lib/resources.jar:/usr/lib/jvm/java-1.8-openjdk/jre/lib/rt.jar:/usr/lib/jvm/java-1.8-openjdk/jre/lib/sunrsasign.jar:/usr/lib/jvm/java-1.8-openjdk/jre/lib/jsse.jar:/usr/lib/jvm/java-1.8-openjdk/jre/lib/jce.jar:/usr/lib/jvm/java-1.8-openjdk/jre/lib/charsets.jar:/usr/lib/jvm/java-1.8-openjdk/jre/lib/jfr.jar:/usr/lib/jvm/java-1.8-openjdk/jre/classes"/>
    <property name="sun.management.compiler" value="HotSpot 64-Bit Tiered Compilers"/>
    <property name="java.runtime.version" value="1.8.0_212-b04"/>
    <property name="java.net.preferIPv4Stack" value="true"/>
    <property name="user.name" value="jenkins1000"/>
    <property name="path.separator" value=":"/>
    <property name="java.security.egd" value="file:///dev/urandom"/>
    <property name="os.version" value="3.10.0-957.12.2.el7.x86_64"/>
    <property name="java.endorsed.dirs" value="/usr/lib/jvm/java-1.8-openjdk/jre/lib/endorsed"/>
    <property name="java.runtime.name" value="OpenJDK Runtime Environment"/>
    <property name="file.encoding" value="UTF-8"/>
    <property name="java.vm.name" value="OpenJDK 64-Bit Server VM"/>
    <property name="test.build.webapps" value=""/>
    <property name="localRepository" value="/home/user/.m2/repository"/>
    <property name="java.vendor.url.bug" value="https://icedtea.classpath.org/bugzilla"/>
    <property name="java.io.tmpdir" value="/tmp"/>
    <property name="require.test.libhadoop" value=""/>
    <property name="java.version" value="1.8.0_212"/>
    <property name="user.dir" value="/workdir/hadoop-ozone/integration-test"/>
    <property name="os.arch" value="amd64"/>
    <property name="java.vm.specification.name" value="Java Virtual Machine Specification"/>
    <property name="test.build.classes" value="/workdir/hadoop-ozone/integration-test/target/test-classes"/>
    <property name="java.awt.printerjob" value="sun.print.PSPrinterJob"/>
    <property name="sun.os.patch.level" value="unknown"/>
    <property name="hadoop.tmp.dir" value="/workdir/hadoop-ozone/integration-test/target/tmp"/>
    <property name="java.library.path" value="/usr/lib/jvm/java-1.8-openjdk/jre/lib/amd64/server:/usr/lib/jvm/java-1.8-openjdk/jre/lib/amd64:/usr/lib/jvm/java-1.8-openjdk/jre/../lib/amd64:/workdir/hadoop-ozone/integration-test/target/native/target/usr/local/lib:/workdir/hadoop-ozone/integration-test/../../hadoop-common-project/hadoop-common/target/native/target/usr/local/lib:/usr/java/packages/lib/amd64:/usr/lib64:/lib64:/lib:/usr/lib"/>
    <property name="java.vm.info" value="mixed mode"/>
    <property name="java.vendor" value="IcedTea"/>
    <property name="java.vm.version" value="25.212-b04"/>
    <property name="java.ext.dirs" value="/usr/lib/jvm/java-1.8-openjdk/jre/lib/ext:/usr/java/packages/lib/ext"/>
    <property name="sun.io.unicode.encoding" value="UnicodeLittle"/>
    <property name="java.class.version" value="52.0"/>
  </properties>
  <testcase name="testWatchForCommitWithKeyWrite" classname="org.apache.hadoop.ozone.client.rpc.TestWatchForCommit" time="84.147"/>
  <testcase name="testWatchForCommitWithSmallerTimeoutValue" classname="org.apache.hadoop.ozone.client.rpc.TestWatchForCommit" time="47.53"/>
  <testcase name="testWatchForCommitForRetryfailure" classname="org.apache.hadoop.ozone.client.rpc.TestWatchForCommit" time="69.487"/>
  <testcase name="testWatchForCommitForGroupMismatchException" classname="org.apache.hadoop.ozone.client.rpc.TestWatchForCommit" time="31.854"/>
  <testcase name="test2WayCommitForTimeoutException" classname="org.apache.hadoop.ozone.client.rpc.TestWatchForCommit" time="27.7">
    <error type="java.util.concurrent.TimeoutException">java.util.concurrent.TimeoutException
	at java.util.concurrent.CompletableFuture.timedGet(CompletableFuture.java:1771)
	at java.util.concurrent.CompletableFuture.get(CompletableFuture.java:1915)
	at org.apache.hadoop.hdds.scm.XceiverClientRatis.watchForCommit(XceiverClientRatis.java:283)
	at org.apache.hadoop.ozone.client.rpc.TestWatchForCommit.test2WayCommitForTimeoutException(TestWatchForCommit.java:391)
	at sun.reflect.NativeMethodAccessorImpl.invoke0(Native Method)
	at sun.reflect.NativeMethodAccessorImpl.invoke(NativeMethodAccessorImpl.java:62)
	at sun.reflect.DelegatingMethodAccessorImpl.invoke(DelegatingMethodAccessorImpl.java:43)
	at java.lang.reflect.Method.invoke(Method.java:498)
	at org.junit.runners.model.FrameworkMethod$1.runReflectiveCall(FrameworkMethod.java:47)
	at org.junit.internal.runners.model.ReflectiveCallable.run(ReflectiveCallable.java:12)
	at org.junit.runners.model.FrameworkMethod.invokeExplosively(FrameworkMethod.java:44)
	at org.junit.internal.runners.statements.InvokeMethod.evaluate(InvokeMethod.java:17)
	at org.junit.runners.ParentRunner.runLeaf(ParentRunner.java:271)
	at org.junit.runners.BlockJUnit4ClassRunner.runChild(BlockJUnit4ClassRunner.java:70)
	at org.junit.runners.BlockJUnit4ClassRunner.runChild(BlockJUnit4ClassRunner.java:50)
	at org.junit.runners.ParentRunner$3.run(ParentRunner.java:238)
	at org.junit.runners.ParentRunner$1.schedule(ParentRunner.java:63)
	at org.junit.runners.ParentRunner.runChildren(ParentRunner.java:236)
	at org.junit.runners.ParentRunner.access$000(ParentRunner.java:53)
	at org.junit.runners.ParentRunner$2.evaluate(ParentRunner.java:229)
	at org.junit.runners.ParentRunner.run(ParentRunner.java:309)
	at org.apache.maven.surefire.junit4.JUnit4Provider.execute(JUnit4Provider.java:365)
	at org.apache.maven.surefire.junit4.JUnit4Provider.executeWithRerun(JUnit4Provider.java:273)
	at org.apache.maven.surefire.junit4.JUnit4Provider.executeTestSet(JUnit4Provider.java:238)
	at org.apache.maven.surefire.junit4.JUnit4Provider.invoke(JUnit4Provider.java:159)
	at org.apache.maven.surefire.booter.ForkedBooter.invokeProviderInSameClassLoader(ForkedBooter.java:384)
	at org.apache.maven.surefire.booter.ForkedBooter.runSuitesInProcess(ForkedBooter.java:345)
	at org.apache.maven.surefire.booter.ForkedBooter.execute(ForkedBooter.java:126)
	at org.apache.maven.surefire.booter.ForkedBooter.main(ForkedBooter.java:418)
</error>
    <system-out><![CDATA[2019-10-08 07:38:24,347 [main] WARN  server.ServerUtils (ServerUtils.java:getScmDbDir(145)) - ozone.scm.db.dirs is not configured. We recommend adding this setting. Falling back to ozone.metadata.dirs instead.
2019-10-08 07:38:24,363 [main] WARN  server.ServerUtils (ServerUtils.java:getScmDbDir(145)) - ozone.scm.db.dirs is not configured. We recommend adding this setting. Falling back to ozone.metadata.dirs instead.
2019-10-08 07:38:24,363 [main] WARN  server.ServerUtils (ServerUtils.java:getScmDbDir(145)) - ozone.scm.db.dirs is not configured. We recommend adding this setting. Falling back to ozone.metadata.dirs instead.
2019-10-08 07:38:24,364 [main] INFO  db.DBStoreBuilder (DBStoreBuilder.java:addTable(117)) - using custom profile for table: deletedBlocks
2019-10-08 07:38:24,364 [main] INFO  db.DBStoreBuilder (DBStoreBuilder.java:processTables(168)) - Using default column profile:DBProfile.DISK for Table:deletedBlocks
2019-10-08 07:38:24,364 [main] INFO  db.DBStoreBuilder (DBStoreBuilder.java:addTable(117)) - using custom profile for table: validCerts
2019-10-08 07:38:24,364 [main] INFO  db.DBStoreBuilder (DBStoreBuilder.java:processTables(168)) - Using default column profile:DBProfile.DISK for Table:validCerts
2019-10-08 07:38:24,365 [main] INFO  db.DBStoreBuilder (DBStoreBuilder.java:addTable(117)) - using custom profile for table: revokedCerts
2019-10-08 07:38:24,365 [main] INFO  db.DBStoreBuilder (DBStoreBuilder.java:processTables(168)) - Using default column profile:DBProfile.DISK for Table:revokedCerts
2019-10-08 07:38:24,365 [main] INFO  db.DBStoreBuilder (DBStoreBuilder.java:addTable(117)) - using custom profile for table: default
2019-10-08 07:38:24,365 [main] INFO  db.DBStoreBuilder (DBStoreBuilder.java:processTables(174)) - Using default column profile:DBProfile.DISK for Table:default
2019-10-08 07:38:24,365 [main] INFO  db.DBStoreBuilder (DBStoreBuilder.java:getDbProfile(205)) - Using default options. DBProfile.DISK
2019-10-08 07:38:24,531 [main] INFO  net.NodeSchemaLoader (NodeSchemaLoader.java:loadSchemaFromFile(125)) - Loading file from sun.misc.CompoundEnumeration@3a0aaaf0
2019-10-08 07:38:24,531 [main] INFO  net.NodeSchemaLoader (NodeSchemaLoader.java:loadSchema(171)) - Loading network topology layer schema file
2019-10-08 07:38:24,536 [main] WARN  server.ServerUtils (ServerUtils.java:sanitizeUserArgs(70)) - ozone.scm.stale.node.interval value = 300000 is larger than max = 100000 based on the key value of ozone.scm.heartbeat.thread.interval, reset to the max value 100000.
2019-10-08 07:38:24,536 [main] WARN  server.ServerUtils (ServerUtils.java:sanitizeUserArgs(70)) - ozone.scm.stale.node.interval value = 300000 is larger than max = 100000 based on the key value of ozone.scm.heartbeat.thread.interval, reset to the max value 100000.
2019-10-08 07:38:24,536 [main] INFO  node.SCMNodeManager (SCMNodeManager.java:<init>(116)) - Entering startup safe mode.
2019-10-08 07:38:24,537 [main] INFO  algorithms.ContainerPlacementPolicyFactory (ContainerPlacementPolicyFactory.java:getPolicy(57)) - Create container placement policy of type org.apache.hadoop.hdds.scm.container.placement.algorithms.SCMContainerPlacementRandom
2019-10-08 07:38:24,537 [main] WARN  server.ServerUtils (ServerUtils.java:getScmDbDir(145)) - ozone.scm.db.dirs is not configured. We recommend adding this setting. Falling back to ozone.metadata.dirs instead.
2019-10-08 07:38:24,588 [main] INFO  pipeline.SCMPipelineManager (SCMPipelineManager.java:initializePipelineState(132)) - No pipeline exists in current db
2019-10-08 07:38:24,588 [main] WARN  server.ServerUtils (ServerUtils.java:getScmDbDir(145)) - ozone.scm.db.dirs is not configured. We recommend adding this setting. Falling back to ozone.metadata.dirs instead.
2019-10-08 07:38:24,638 [main] WARN  events.EventQueue (EventQueue.java:fireEvent(183)) - No event handler registered for event TypedEvent{payloadType=SafeModeStatus, name='SafeModeStatus'}
2019-10-08 07:38:24,639 [main] INFO  ipc.CallQueueManager (CallQueueManager.java:<init>(84)) - Using callQueue: class java.util.concurrent.LinkedBlockingQueue, queueCapacity: 2000, scheduler: class org.apache.hadoop.ipc.DefaultRpcScheduler, ipcBackoff: false.
2019-10-08 07:38:24,640 [Socket Reader #1 for port 35886] INFO  ipc.Server (Server.java:run(1074)) - Starting Socket Reader #1 for port 35886
2019-10-08 07:38:24,642 [main] INFO  ipc.CallQueueManager (CallQueueManager.java:<init>(84)) - Using callQueue: class java.util.concurrent.LinkedBlockingQueue, queueCapacity: 2000, scheduler: class org.apache.hadoop.ipc.DefaultRpcScheduler, ipcBackoff: false.
2019-10-08 07:38:24,643 [Socket Reader #1 for port 43750] INFO  ipc.Server (Server.java:run(1074)) - Starting Socket Reader #1 for port 43750
2019-10-08 07:38:24,644 [main] INFO  ipc.CallQueueManager (CallQueueManager.java:<init>(84)) - Using callQueue: class java.util.concurrent.LinkedBlockingQueue, queueCapacity: 2000, scheduler: class org.apache.hadoop.ipc.DefaultRpcScheduler, ipcBackoff: false.
2019-10-08 07:38:24,645 [Socket Reader #1 for port 44316] INFO  ipc.Server (Server.java:run(1074)) - Starting Socket Reader #1 for port 44316
2019-10-08 07:38:24,647 [main] INFO  hdfs.DFSUtil (DFSUtil.java:httpServerTemplateForNNAndJN(1641)) - Starting Web-server for scm at: http://0.0.0.0:0
2019-10-08 07:38:24,649 [main] INFO  server.AuthenticationFilter (AuthenticationFilter.java:constructSecretProvider(240)) - Unable to initialize FileSignerSecretProvider, falling back to use random secrets.
2019-10-08 07:38:24,650 [main] WARN  http.HttpRequestLog (HttpRequestLog.java:getRequestLog(97)) - Jetty request log can only be enabled using Log4j
2019-10-08 07:38:24,651 [main] INFO  http.HttpServer2 (HttpServer2.java:addGlobalFilter(975)) - Added global filter 'safety' (class=org.apache.hadoop.http.HttpServer2$QuotingInputFilter)
2019-10-08 07:38:24,651 [main] INFO  http.HttpServer2 (HttpServer2.java:addFilter(948)) - Added filter static_user_filter (class=org.apache.hadoop.http.lib.StaticUserWebFilter$StaticUserFilter) to context scm
2019-10-08 07:38:24,652 [main] INFO  http.HttpServer2 (HttpServer2.java:addFilter(958)) - Added filter static_user_filter (class=org.apache.hadoop.http.lib.StaticUserWebFilter$StaticUserFilter) to context logs
2019-10-08 07:38:24,652 [main] INFO  http.HttpServer2 (HttpServer2.java:addFilter(958)) - Added filter static_user_filter (class=org.apache.hadoop.http.lib.StaticUserWebFilter$StaticUserFilter) to context static
2019-10-08 07:38:24,653 [main] INFO  server.StorageContainerManager (StorageContainerManager.java:start(772)) - StorageContainerLocationProtocol RPC server is listening at /0.0.0.0:44316
2019-10-08 07:38:24,655 [main] WARN  impl.MetricsConfig (MetricsConfig.java:loadFirst(134)) - Cannot locate configuration: tried hadoop-metrics2-storagecontainermanager.properties,hadoop-metrics2.properties
2019-10-08 07:38:24,656 [main] INFO  impl.MetricsSystemImpl (MetricsSystemImpl.java:startTimer(374)) - Scheduled Metric snapshot period at 10 second(s).
2019-10-08 07:38:24,656 [main] INFO  impl.MetricsSystemImpl (MetricsSystemImpl.java:start(191)) - StorageContainerManager metrics system started
2019-10-08 07:38:24,744 [main] WARN  impl.MetricsSystemImpl (MetricsSystemImpl.java:register(276)) - Sink prometheus already exists!
2019-10-08 07:38:24,859 [main] INFO  server.SCMClientProtocolServer (SCMClientProtocolServer.java:start(159)) - RPC server for Client  is listening at /0.0.0.0:44316
2019-10-08 07:38:24,859 [IPC Server Responder] INFO  ipc.Server (Server.java:run(1314)) - IPC Server Responder: starting
2019-10-08 07:38:24,859 [IPC Server listener on 44316] INFO  ipc.Server (Server.java:run(1153)) - IPC Server listener on 44316: starting
2019-10-08 07:38:24,867 [main] INFO  server.StorageContainerManager (StorageContainerManager.java:start(782)) - ScmBlockLocationProtocol RPC server is listening at /0.0.0.0:43750
2019-10-08 07:38:24,868 [main] INFO  server.SCMBlockProtocolServer (SCMBlockProtocolServer.java:start(146)) - RPC server for Block Protocol is listening at /0.0.0.0:43750
2019-10-08 07:38:24,868 [IPC Server Responder] INFO  ipc.Server (Server.java:run(1314)) - IPC Server Responder: starting
2019-10-08 07:38:24,869 [IPC Server listener on 43750] INFO  ipc.Server (Server.java:run(1153)) - IPC Server listener on 43750: starting
2019-10-08 07:38:24,872 [main] INFO  server.StorageContainerManager (StorageContainerManager.java:start(786)) - ScmDatanodeProtocl RPC server is listening at /0.0.0.0:35886
2019-10-08 07:38:24,872 [main] INFO  server.SCMDatanodeProtocolServer (SCMDatanodeProtocolServer.java:start(169)) - RPC server for DataNodes is listening at /0.0.0.0:35886
2019-10-08 07:38:24,873 [IPC Server Responder] INFO  ipc.Server (Server.java:run(1314)) - IPC Server Responder: starting
2019-10-08 07:38:24,874 [IPC Server listener on 35886] INFO  ipc.Server (Server.java:run(1153)) - IPC Server listener on 35886: starting
2019-10-08 07:38:24,877 [main] INFO  http.HttpServer2 (HttpServer2.java:bindListener(1191)) - Jetty bound to port 45158
2019-10-08 07:38:24,877 [main] INFO  server.Server (Server.java:doStart(351)) - jetty-9.3.25.v20180904, build timestamp: 2018-09-04T21:11:46Z, git hash: 3ce520221d0240229c862b122d2b06c12a625732
2019-10-08 07:38:24,878 [main] INFO  handler.ContextHandler (ContextHandler.java:doStart(781)) - Started o.e.j.s.ServletContextHandler@11df2829{/logs,file:///workdir/hadoop-ozone/integration-test/target/log,AVAILABLE}
2019-10-08 07:38:24,879 [main] INFO  handler.ContextHandler (ContextHandler.java:doStart(781)) - Started o.e.j.s.ServletContextHandler@f245bdd{/static,file:///workdir/hadoop-ozone/integration-test/target/test-classes/webapps/static,AVAILABLE}
2019-10-08 07:38:24,882 [main] INFO  handler.ContextHandler (ContextHandler.java:doStart(781)) - Started o.e.j.w.WebAppContext@7f27f59b{/,file:///workdir/hadoop-ozone/integration-test/target/test-classes/webapps/scm/,AVAILABLE}{/scm}
2019-10-08 07:38:24,883 [main] INFO  server.AbstractConnector (AbstractConnector.java:doStart(278)) - Started ServerConnector@1c98b4eb{HTTP/1.1,[http/1.1]}{0.0.0.0:45158}
2019-10-08 07:38:24,884 [main] INFO  server.Server (Server.java:doStart(419)) - Started @234014ms
2019-10-08 07:38:24,884 [main] WARN  impl.MetricsSystemImpl (MetricsSystemImpl.java:register(276)) - Sink prometheus already exists!
2019-10-08 07:38:24,886 [main] INFO  server.BaseHttpServer (BaseHttpServer.java:updateConnectorAddress(215)) - HTTP server of SCM is listening at http://0.0.0.0:45158
2019-10-08 07:38:24,887 [main] WARN  server.ServerUtils (ServerUtils.java:getDBPath(222)) - ozone.om.db.dirs is not configured. We recommend adding this setting. Falling back to ozone.metadata.dirs instead.
2019-10-08 07:38:24,888 [org.apache.hadoop.util.JvmPauseMonitor$Monitor@756b2d90] INFO  util.JvmPauseMonitor (JvmPauseMonitor.java:run(188)) - Starting JVM pause monitor
2019-10-08 07:38:24,901 [main] INFO  ha.OMHANodeDetails (OMHANodeDetails.java:loadOMHAConfig(190)) - Configuration either no ozone.om.address set. Falling back to the default OM address /127.0.0.1:0
2019-10-08 07:38:24,902 [main] INFO  ha.OMHANodeDetails (OMHANodeDetails.java:getOMNodeDetails(220)) - OM Service ID is not set. Setting it to the default ID: omServiceIdDefault
2019-10-08 07:38:24,902 [main] WARN  server.ServerUtils (ServerUtils.java:getDBPath(222)) - ozone.om.db.dirs is not configured. We recommend adding this setting. Falling back to ozone.metadata.dirs instead.
2019-10-08 07:38:24,902 [main] WARN  server.ServerUtils (ServerUtils.java:getDBPath(222)) - ozone.om.db.dirs is not configured. We recommend adding this setting. Falling back to ozone.metadata.dirs instead.
2019-10-08 07:38:24,911 [main] WARN  server.ServerUtils (ServerUtils.java:getDBPath(222)) - ozone.om.db.dirs is not configured. We recommend adding this setting. Falling back to ozone.metadata.dirs instead.
2019-10-08 07:38:24,912 [main] INFO  db.DBStoreBuilder (DBStoreBuilder.java:addTable(117)) - using custom profile for table: userTable
2019-10-08 07:38:24,912 [main] INFO  db.DBStoreBuilder (DBStoreBuilder.java:processTables(168)) - Using default column profile:DBProfile.DISK for Table:userTable
2019-10-08 07:38:24,912 [main] INFO  db.DBStoreBuilder (DBStoreBuilder.java:addTable(117)) - using custom profile for table: volumeTable
2019-10-08 07:38:24,912 [main] INFO  db.DBStoreBuilder (DBStoreBuilder.java:processTables(168)) - Using default column profile:DBProfile.DISK for Table:volumeTable
2019-10-08 07:38:24,912 [main] INFO  db.DBStoreBuilder (DBStoreBuilder.java:addTable(117)) - using custom profile for table: bucketTable
2019-10-08 07:38:24,913 [main] INFO  db.DBStoreBuilder (DBStoreBuilder.java:processTables(168)) - Using default column profile:DBProfile.DISK for Table:bucketTable
2019-10-08 07:38:24,913 [main] INFO  db.DBStoreBuilder (DBStoreBuilder.java:addTable(117)) - using custom profile for table: keyTable
2019-10-08 07:38:24,913 [main] INFO  db.DBStoreBuilder (DBStoreBuilder.java:processTables(168)) - Using default column profile:DBProfile.DISK for Table:keyTable
2019-10-08 07:38:24,913 [main] INFO  db.DBStoreBuilder (DBStoreBuilder.java:addTable(117)) - using custom profile for table: deletedTable
2019-10-08 07:38:24,913 [main] INFO  db.DBStoreBuilder (DBStoreBuilder.java:processTables(168)) - Using default column profile:DBProfile.DISK for Table:deletedTable
2019-10-08 07:38:24,913 [main] INFO  db.DBStoreBuilder (DBStoreBuilder.java:addTable(117)) - using custom profile for table: openKeyTable
2019-10-08 07:38:24,914 [main] INFO  db.DBStoreBuilder (DBStoreBuilder.java:processTables(168)) - Using default column profile:DBProfile.DISK for Table:openKeyTable
2019-10-08 07:38:24,914 [main] INFO  db.DBStoreBuilder (DBStoreBuilder.java:addTable(117)) - using custom profile for table: s3Table
2019-10-08 07:38:24,914 [main] INFO  db.DBStoreBuilder (DBStoreBuilder.java:processTables(168)) - Using default column profile:DBProfile.DISK for Table:s3Table
2019-10-08 07:38:24,914 [main] INFO  db.DBStoreBuilder (DBStoreBuilder.java:addTable(117)) - using custom profile for table: multipartInfoTable
2019-10-08 07:38:24,914 [main] INFO  db.DBStoreBuilder (DBStoreBuilder.java:processTables(168)) - Using default column profile:DBProfile.DISK for Table:multipartInfoTable
2019-10-08 07:38:24,914 [main] INFO  db.DBStoreBuilder (DBStoreBuilder.java:addTable(117)) - using custom profile for table: dTokenTable
2019-10-08 07:38:24,914 [main] INFO  db.DBStoreBuilder (DBStoreBuilder.java:processTables(168)) - Using default column profile:DBProfile.DISK for Table:dTokenTable
2019-10-08 07:38:24,915 [main] INFO  db.DBStoreBuilder (DBStoreBuilder.java:addTable(117)) - using custom profile for table: s3SecretTable
2019-10-08 07:38:24,915 [main] INFO  db.DBStoreBuilder (DBStoreBuilder.java:processTables(168)) - Using default column profile:DBProfile.DISK for Table:s3SecretTable
2019-10-08 07:38:24,915 [main] INFO  db.DBStoreBuilder (DBStoreBuilder.java:addTable(117)) - using custom profile for table: prefixTable
2019-10-08 07:38:24,915 [main] INFO  db.DBStoreBuilder (DBStoreBuilder.java:processTables(168)) - Using default column profile:DBProfile.DISK for Table:prefixTable
2019-10-08 07:38:24,915 [main] INFO  db.DBStoreBuilder (DBStoreBuilder.java:addTable(117)) - using custom profile for table: default
2019-10-08 07:38:24,915 [main] INFO  db.DBStoreBuilder (DBStoreBuilder.java:processTables(174)) - Using default column profile:DBProfile.DISK for Table:default
2019-10-08 07:38:24,916 [main] INFO  db.DBStoreBuilder (DBStoreBuilder.java:getDbProfile(205)) - Using default options. DBProfile.DISK
2019-10-08 07:38:25,425 [main] INFO  ipc.CallQueueManager (CallQueueManager.java:<init>(84)) - Using callQueue: class java.util.concurrent.LinkedBlockingQueue, queueCapacity: 2000, scheduler: class org.apache.hadoop.ipc.DefaultRpcScheduler, ipcBackoff: false.
2019-10-08 07:38:25,426 [Socket Reader #1 for port 37313] INFO  ipc.Server (Server.java:run(1074)) - Starting Socket Reader #1 for port 37313
2019-10-08 07:38:25,444 [main] INFO  om.OzoneManager (OzoneManager.java:start(1069)) - OzoneManager RPC server is listening at localhost/127.0.0.1:37313
2019-10-08 07:38:25,444 [main] INFO  impl.MetricsSystemImpl (MetricsSystemImpl.java:init(158)) - OzoneManager metrics system started (again)
2019-10-08 07:38:25,445 [IPC Server Responder] INFO  ipc.Server (Server.java:run(1314)) - IPC Server Responder: starting
2019-10-08 07:38:25,445 [IPC Server listener on 37313] INFO  ipc.Server (Server.java:run(1153)) - IPC Server listener on 37313: starting
2019-10-08 07:38:25,452 [main] INFO  hdfs.DFSUtil (DFSUtil.java:httpServerTemplateForNNAndJN(1641)) - Starting Web-server for ozoneManager at: http://0.0.0.0:0
2019-10-08 07:38:25,454 [main] INFO  server.AuthenticationFilter (AuthenticationFilter.java:constructSecretProvider(240)) - Unable to initialize FileSignerSecretProvider, falling back to use random secrets.
2019-10-08 07:38:25,454 [main] WARN  http.HttpRequestLog (HttpRequestLog.java:getRequestLog(97)) - Jetty request log can only be enabled using Log4j
2019-10-08 07:38:25,456 [main] INFO  http.HttpServer2 (HttpServer2.java:addGlobalFilter(975)) - Added global filter 'safety' (class=org.apache.hadoop.http.HttpServer2$QuotingInputFilter)
2019-10-08 07:38:25,457 [main] INFO  http.HttpServer2 (HttpServer2.java:addFilter(948)) - Added filter static_user_filter (class=org.apache.hadoop.http.lib.StaticUserWebFilter$StaticUserFilter) to context ozoneManager
2019-10-08 07:38:25,457 [main] INFO  http.HttpServer2 (HttpServer2.java:addFilter(958)) - Added filter static_user_filter (class=org.apache.hadoop.http.lib.StaticUserWebFilter$StaticUserFilter) to context static
2019-10-08 07:38:25,457 [main] INFO  http.HttpServer2 (HttpServer2.java:addFilter(958)) - Added filter static_user_filter (class=org.apache.hadoop.http.lib.StaticUserWebFilter$StaticUserFilter) to context logs
2019-10-08 07:38:25,458 [main] INFO  http.HttpServer2 (HttpServer2.java:bindListener(1191)) - Jetty bound to port 42939
2019-10-08 07:38:25,458 [main] INFO  server.Server (Server.java:doStart(351)) - jetty-9.3.25.v20180904, build timestamp: 2018-09-04T21:11:46Z, git hash: 3ce520221d0240229c862b122d2b06c12a625732
2019-10-08 07:38:25,460 [main] INFO  handler.ContextHandler (ContextHandler.java:doStart(781)) - Started o.e.j.s.ServletContextHandler@69ec93c2{/logs,file:///workdir/hadoop-ozone/integration-test/target/log,AVAILABLE}
2019-10-08 07:38:25,460 [main] INFO  handler.ContextHandler (ContextHandler.java:doStart(781)) - Started o.e.j.s.ServletContextHandler@5287ba5f{/static,file:///workdir/hadoop-ozone/integration-test/target/test-classes/webapps/static,AVAILABLE}
2019-10-08 07:38:25,465 [main] INFO  handler.ContextHandler (ContextHandler.java:doStart(781)) - Started o.e.j.w.WebAppContext@4a62062a{/,file:///workdir/hadoop-ozone/integration-test/target/test-classes/webapps/ozoneManager/,AVAILABLE}{/ozoneManager}
2019-10-08 07:38:25,465 [main] INFO  server.AbstractConnector (AbstractConnector.java:doStart(278)) - Started ServerConnector@7ec08115{HTTP/1.1,[http/1.1]}{0.0.0.0:42939}
2019-10-08 07:38:25,466 [main] INFO  server.Server (Server.java:doStart(419)) - Started @234596ms
2019-10-08 07:38:25,466 [main] WARN  impl.MetricsSystemImpl (MetricsSystemImpl.java:register(276)) - Sink prometheus already exists!
2019-10-08 07:38:25,467 [main] INFO  server.BaseHttpServer (BaseHttpServer.java:updateConnectorAddress(215)) - HTTP server of OZONEMANAGER is listening at http://0.0.0.0:42939
2019-10-08 07:38:25,482 [main] INFO  impl.MetricsSystemImpl (MetricsSystemImpl.java:init(158)) - HddsDatanode metrics system started (again)
2019-10-08 07:38:25,486 [main] INFO  ozone.HddsDatanodeService (HddsDatanodeService.java:start(184)) - HddsDatanodeService host:pr-hdds-2260-pj9wp-4011291103 ip:192.168.30.43
2019-10-08 07:38:25,493 [main] INFO  volume.HddsVolume (HddsVolume.java:<init>(176)) - Creating Volume: /workdir/hadoop-ozone/integration-test/target/test-dir/MiniOzoneClusterImpl-902567ba-501e-44b4-9d07-934ea4d81655/datanode-0/data/containers/hdds of  storage type : DISK and capacity : 1482555576320
2019-10-08 07:38:25,493 [main] INFO  volume.VolumeSet (VolumeSet.java:initializeVolumeSet(170)) - Added Volume : /workdir/hadoop-ozone/integration-test/target/test-dir/MiniOzoneClusterImpl-902567ba-501e-44b4-9d07-934ea4d81655/datanode-0/data/containers/hdds to VolumeSet
2019-10-08 07:38:25,493 [main] INFO  volume.ThrottledAsyncChecker (ThrottledAsyncChecker.java:schedule(141)) - Scheduling a check for org.apache.hadoop.ozone.container.common.volume.HddsVolume@2478b629
2019-10-08 07:38:25,494 [main] INFO  volume.HddsVolumeChecker (HddsVolumeChecker.java:checkAllVolumes(204)) - Scheduled health check for volume org.apache.hadoop.ozone.container.common.volume.HddsVolume@2478b629
2019-10-08 07:38:25,507 [main] INFO  impl.RaftServerProxy (ConfUtils.java:logGet(43)) - raft.rpc.type = GRPC (default)
2019-10-08 07:38:25,507 [main] INFO  grpc.GrpcFactory (GrpcFactory.java:checkPooledByteBufAllocatorUseCacheForAllThreads(45)) - PERFORMANCE WARNING: useCacheForAllThreads is true that may cause Netty to create a lot garbage objects and, as a result, trigger GC.
	It is recommended to disable useCacheForAllThreads by setting -Dorg.apache.ratis.thirdparty.io.netty.allocator.useCacheForAllThreads=false in command line.
2019-10-08 07:38:25,507 [main] INFO  grpc.GrpcConfigKeys$Server (ConfUtils.java:logGet(43)) - raft.grpc.server.port = 0 (default)
2019-10-08 07:38:25,508 [main] INFO  server.GrpcService (ConfUtils.java:logGet(43)) - raft.grpc.message.size.max = 33570816 (custom)
2019-10-08 07:38:25,508 [main] INFO  server.RaftServerConfigKeys (ConfUtils.java:logGet(43)) - raft.server.log.appender.buffer.byte-limit = 33554432 (custom)
2019-10-08 07:38:25,508 [main] INFO  server.GrpcService (ConfUtils.java:logGet(43)) - raft.grpc.flow.control.window = 1MB (=1048576) (default)
2019-10-08 07:38:25,508 [main] INFO  server.RaftServerConfigKeys (ConfUtils.java:logGet(43)) - raft.server.rpc.request.timeout = 3000ms (default)
2019-10-08 07:38:25,509 [main] INFO  server.RaftServerConfigKeys (ConfUtils.java:logGet(43)) - raft.server.storage.dir = [/workdir/hadoop-ozone/integration-test/target/test-dir/MiniOzoneClusterImpl-902567ba-501e-44b4-9d07-934ea4d81655/datanode-0/data/ratis] (custom)
2019-10-08 07:38:25,510 [main] INFO  hdfs.DFSUtil (DFSUtil.java:httpServerTemplateForNNAndJN(1641)) - Starting Web-server for hddsDatanode at: http://0.0.0.0:0
2019-10-08 07:38:25,511 [main] INFO  server.AuthenticationFilter (AuthenticationFilter.java:constructSecretProvider(240)) - Unable to initialize FileSignerSecretProvider, falling back to use random secrets.
2019-10-08 07:38:25,511 [main] WARN  http.HttpRequestLog (HttpRequestLog.java:getRequestLog(97)) - Jetty request log can only be enabled using Log4j
2019-10-08 07:38:25,512 [main] INFO  http.HttpServer2 (HttpServer2.java:addGlobalFilter(975)) - Added global filter 'safety' (class=org.apache.hadoop.http.HttpServer2$QuotingInputFilter)
2019-10-08 07:38:25,513 [main] INFO  http.HttpServer2 (HttpServer2.java:addFilter(948)) - Added filter static_user_filter (class=org.apache.hadoop.http.lib.StaticUserWebFilter$StaticUserFilter) to context hddsDatanode
2019-10-08 07:38:25,513 [main] INFO  http.HttpServer2 (HttpServer2.java:addFilter(958)) - Added filter static_user_filter (class=org.apache.hadoop.http.lib.StaticUserWebFilter$StaticUserFilter) to context logs
2019-10-08 07:38:25,513 [main] INFO  http.HttpServer2 (HttpServer2.java:addFilter(958)) - Added filter static_user_filter (class=org.apache.hadoop.http.lib.StaticUserWebFilter$StaticUserFilter) to context static
2019-10-08 07:38:25,514 [main] INFO  http.HttpServer2 (HttpServer2.java:bindListener(1191)) - Jetty bound to port 37999
2019-10-08 07:38:25,514 [main] INFO  server.Server (Server.java:doStart(351)) - jetty-9.3.25.v20180904, build timestamp: 2018-09-04T21:11:46Z, git hash: 3ce520221d0240229c862b122d2b06c12a625732
2019-10-08 07:38:25,515 [main] INFO  handler.ContextHandler (ContextHandler.java:doStart(781)) - Started o.e.j.s.ServletContextHandler@281b2dfd{/logs,file:///workdir/hadoop-ozone/integration-test/target/log,AVAILABLE}
2019-10-08 07:38:25,516 [main] INFO  handler.ContextHandler (ContextHandler.java:doStart(781)) - Started o.e.j.s.ServletContextHandler@1cd2143b{/static,jar:file:/home/user/.m2/repository/org/apache/hadoop/hadoop-hdds-container-service/0.5.0-SNAPSHOT/hadoop-hdds-container-service-0.5.0-SNAPSHOT.jar!/webapps/static,AVAILABLE}
2019-10-08 07:38:25,544 [main] INFO  handler.ContextHandler (ContextHandler.java:doStart(781)) - Started o.e.j.w.WebAppContext@6f38f084{/,file:///tmp/jetty-0.0.0.0-37999-hddsDatanode-_-any-2685353515938649860.dir/webapp/,AVAILABLE}{/hddsDatanode}
2019-10-08 07:38:25,544 [main] INFO  server.AbstractConnector (AbstractConnector.java:doStart(278)) - Started ServerConnector@4ef18604{HTTP/1.1,[http/1.1]}{0.0.0.0:37999}
2019-10-08 07:38:25,546 [main] INFO  server.Server (Server.java:doStart(419)) - Started @234676ms
2019-10-08 07:38:25,546 [main] WARN  impl.MetricsSystemImpl (MetricsSystemImpl.java:register(276)) - Sink prometheus already exists!
2019-10-08 07:38:25,546 [main] INFO  server.BaseHttpServer (BaseHttpServer.java:updateConnectorAddress(215)) - HTTP server of HDDSDATANODE is listening at http://0.0.0.0:37999
2019-10-08 07:38:25,547 [main] INFO  impl.MetricsSystemImpl (MetricsSystemImpl.java:init(158)) - HddsDatanode metrics system started (again)
2019-10-08 07:38:25,550 [org.apache.hadoop.util.JvmPauseMonitor$Monitor@7533cd1b] INFO  util.JvmPauseMonitor (JvmPauseMonitor.java:run(188)) - Starting JVM pause monitor
2019-10-08 07:38:25,550 [main] INFO  ozone.HddsDatanodeService (HddsDatanodeService.java:start(184)) - HddsDatanodeService host:pr-hdds-2260-pj9wp-4011291103 ip:192.168.30.43
2019-10-08 07:38:25,552 [Datanode State Machine Thread - 0] INFO  datanode.InitDatanodeState (InitDatanodeState.java:persistContainerDatanodeDetails(140)) - DatanodeDetails is persisted to /workdir/hadoop-ozone/integration-test/target/test-dir/MiniOzoneClusterImpl-902567ba-501e-44b4-9d07-934ea4d81655/datanode-0/meta/datanode.id
2019-10-08 07:38:25,557 [main] INFO  volume.HddsVolume (HddsVolume.java:<init>(176)) - Creating Volume: /workdir/hadoop-ozone/integration-test/target/test-dir/MiniOzoneClusterImpl-902567ba-501e-44b4-9d07-934ea4d81655/datanode-1/data/containers/hdds of  storage type : DISK and capacity : 1482555576320
2019-10-08 07:38:25,557 [main] INFO  volume.VolumeSet (VolumeSet.java:initializeVolumeSet(170)) - Added Volume : /workdir/hadoop-ozone/integration-test/target/test-dir/MiniOzoneClusterImpl-902567ba-501e-44b4-9d07-934ea4d81655/datanode-1/data/containers/hdds to VolumeSet
2019-10-08 07:38:25,557 [main] INFO  volume.ThrottledAsyncChecker (ThrottledAsyncChecker.java:schedule(141)) - Scheduling a check for org.apache.hadoop.ozone.container.common.volume.HddsVolume@15605d83
2019-10-08 07:38:25,558 [main] INFO  volume.HddsVolumeChecker (HddsVolumeChecker.java:checkAllVolumes(204)) - Scheduled health check for volume org.apache.hadoop.ozone.container.common.volume.HddsVolume@15605d83
2019-10-08 07:38:25,577 [main] INFO  impl.RaftServerProxy (ConfUtils.java:logGet(43)) - raft.rpc.type = GRPC (default)
2019-10-08 07:38:25,577 [main] INFO  grpc.GrpcFactory (GrpcFactory.java:checkPooledByteBufAllocatorUseCacheForAllThreads(45)) - PERFORMANCE WARNING: useCacheForAllThreads is true that may cause Netty to create a lot garbage objects and, as a result, trigger GC.
	It is recommended to disable useCacheForAllThreads by setting -Dorg.apache.ratis.thirdparty.io.netty.allocator.useCacheForAllThreads=false in command line.
2019-10-08 07:38:25,577 [main] INFO  grpc.GrpcConfigKeys$Server (ConfUtils.java:logGet(43)) - raft.grpc.server.port = 0 (default)
2019-10-08 07:38:25,578 [main] INFO  server.GrpcService (ConfUtils.java:logGet(43)) - raft.grpc.message.size.max = 33570816 (custom)
2019-10-08 07:38:25,578 [main] INFO  server.RaftServerConfigKeys (ConfUtils.java:logGet(43)) - raft.server.log.appender.buffer.byte-limit = 33554432 (custom)
2019-10-08 07:38:25,578 [main] INFO  server.GrpcService (ConfUtils.java:logGet(43)) - raft.grpc.flow.control.window = 1MB (=1048576) (default)
2019-10-08 07:38:25,578 [main] INFO  server.RaftServerConfigKeys (ConfUtils.java:logGet(43)) - raft.server.rpc.request.timeout = 3000ms (default)
2019-10-08 07:38:25,579 [main] INFO  server.RaftServerConfigKeys (ConfUtils.java:logGet(43)) - raft.server.storage.dir = [/workdir/hadoop-ozone/integration-test/target/test-dir/MiniOzoneClusterImpl-902567ba-501e-44b4-9d07-934ea4d81655/datanode-1/data/ratis] (custom)
2019-10-08 07:38:25,580 [main] INFO  hdfs.DFSUtil (DFSUtil.java:httpServerTemplateForNNAndJN(1641)) - Starting Web-server for hddsDatanode at: http://0.0.0.0:0
2019-10-08 07:38:25,582 [main] INFO  server.AuthenticationFilter (AuthenticationFilter.java:constructSecretProvider(240)) - Unable to initialize FileSignerSecretProvider, falling back to use random secrets.
2019-10-08 07:38:25,582 [main] WARN  http.HttpRequestLog (HttpRequestLog.java:getRequestLog(97)) - Jetty request log can only be enabled using Log4j
2019-10-08 07:38:25,584 [main] INFO  http.HttpServer2 (HttpServer2.java:addGlobalFilter(975)) - Added global filter 'safety' (class=org.apache.hadoop.http.HttpServer2$QuotingInputFilter)
2019-10-08 07:38:25,585 [main] INFO  http.HttpServer2 (HttpServer2.java:addFilter(948)) - Added filter static_user_filter (class=org.apache.hadoop.http.lib.StaticUserWebFilter$StaticUserFilter) to context hddsDatanode
2019-10-08 07:38:25,585 [main] INFO  http.HttpServer2 (HttpServer2.java:addFilter(958)) - Added filter static_user_filter (class=org.apache.hadoop.http.lib.StaticUserWebFilter$StaticUserFilter) to context logs
2019-10-08 07:38:25,585 [main] INFO  http.HttpServer2 (HttpServer2.java:addFilter(958)) - Added filter static_user_filter (class=org.apache.hadoop.http.lib.StaticUserWebFilter$StaticUserFilter) to context static
2019-10-08 07:38:25,586 [main] INFO  http.HttpServer2 (HttpServer2.java:bindListener(1191)) - Jetty bound to port 41614
2019-10-08 07:38:25,586 [main] INFO  server.Server (Server.java:doStart(351)) - jetty-9.3.25.v20180904, build timestamp: 2018-09-04T21:11:46Z, git hash: 3ce520221d0240229c862b122d2b06c12a625732
2019-10-08 07:38:25,588 [main] INFO  handler.ContextHandler (ContextHandler.java:doStart(781)) - Started o.e.j.s.ServletContextHandler@51ac12ac{/logs,file:///workdir/hadoop-ozone/integration-test/target/log,AVAILABLE}
2019-10-08 07:38:25,591 [main] INFO  handler.ContextHandler (ContextHandler.java:doStart(781)) - Started o.e.j.s.ServletContextHandler@7b96de8d{/static,jar:file:/home/user/.m2/repository/org/apache/hadoop/hadoop-hdds-container-service/0.5.0-SNAPSHOT/hadoop-hdds-container-service-0.5.0-SNAPSHOT.jar!/webapps/static,AVAILABLE}
2019-10-08 07:38:25,628 [main] INFO  handler.ContextHandler (ContextHandler.java:doStart(781)) - Started o.e.j.w.WebAppContext@67b61834{/,file:///tmp/jetty-0.0.0.0-41614-hddsDatanode-_-any-4676037875869185278.dir/webapp/,AVAILABLE}{/hddsDatanode}
2019-10-08 07:38:25,628 [main] INFO  server.AbstractConnector (AbstractConnector.java:doStart(278)) - Started ServerConnector@3b0d3a63{HTTP/1.1,[http/1.1]}{0.0.0.0:41614}
2019-10-08 07:38:25,630 [main] INFO  server.Server (Server.java:doStart(419)) - Started @234760ms
2019-10-08 07:38:25,630 [main] WARN  impl.MetricsSystemImpl (MetricsSystemImpl.java:register(276)) - Sink prometheus already exists!
2019-10-08 07:38:25,632 [main] INFO  server.BaseHttpServer (BaseHttpServer.java:updateConnectorAddress(215)) - HTTP server of HDDSDATANODE is listening at http://0.0.0.0:41614
2019-10-08 07:38:25,632 [main] INFO  impl.MetricsSystemImpl (MetricsSystemImpl.java:init(158)) - HddsDatanode metrics system started (again)
2019-10-08 07:38:25,633 [org.apache.hadoop.util.JvmPauseMonitor$Monitor@455bef2d] INFO  util.JvmPauseMonitor (JvmPauseMonitor.java:run(188)) - Starting JVM pause monitor
2019-10-08 07:38:25,635 [Datanode State Machine Thread - 0] INFO  datanode.InitDatanodeState (InitDatanodeState.java:persistContainerDatanodeDetails(140)) - DatanodeDetails is persisted to /workdir/hadoop-ozone/integration-test/target/test-dir/MiniOzoneClusterImpl-902567ba-501e-44b4-9d07-934ea4d81655/datanode-1/meta/datanode.id
2019-10-08 07:38:25,640 [main] INFO  ozone.HddsDatanodeService (HddsDatanodeService.java:start(184)) - HddsDatanodeService host:pr-hdds-2260-pj9wp-4011291103 ip:192.168.30.43
2019-10-08 07:38:25,648 [main] INFO  volume.HddsVolume (HddsVolume.java:<init>(176)) - Creating Volume: /workdir/hadoop-ozone/integration-test/target/test-dir/MiniOzoneClusterImpl-902567ba-501e-44b4-9d07-934ea4d81655/datanode-2/data/containers/hdds of  storage type : DISK and capacity : 1482555576320
2019-10-08 07:38:25,649 [main] INFO  volume.VolumeSet (VolumeSet.java:initializeVolumeSet(170)) - Added Volume : /workdir/hadoop-ozone/integration-test/target/test-dir/MiniOzoneClusterImpl-902567ba-501e-44b4-9d07-934ea4d81655/datanode-2/data/containers/hdds to VolumeSet
2019-10-08 07:38:25,649 [main] INFO  volume.ThrottledAsyncChecker (ThrottledAsyncChecker.java:schedule(141)) - Scheduling a check for org.apache.hadoop.ozone.container.common.volume.HddsVolume@350da119
2019-10-08 07:38:25,649 [main] INFO  volume.HddsVolumeChecker (HddsVolumeChecker.java:checkAllVolumes(204)) - Scheduled health check for volume org.apache.hadoop.ozone.container.common.volume.HddsVolume@350da119
2019-10-08 07:38:25,664 [main] INFO  impl.RaftServerProxy (ConfUtils.java:logGet(43)) - raft.rpc.type = GRPC (default)
2019-10-08 07:38:25,664 [main] INFO  grpc.GrpcFactory (GrpcFactory.java:checkPooledByteBufAllocatorUseCacheForAllThreads(45)) - PERFORMANCE WARNING: useCacheForAllThreads is true that may cause Netty to create a lot garbage objects and, as a result, trigger GC.
	It is recommended to disable useCacheForAllThreads by setting -Dorg.apache.ratis.thirdparty.io.netty.allocator.useCacheForAllThreads=false in command line.
2019-10-08 07:38:25,664 [main] INFO  grpc.GrpcConfigKeys$Server (ConfUtils.java:logGet(43)) - raft.grpc.server.port = 0 (default)
2019-10-08 07:38:25,664 [main] INFO  server.GrpcService (ConfUtils.java:logGet(43)) - raft.grpc.message.size.max = 33570816 (custom)
2019-10-08 07:38:25,664 [main] INFO  server.RaftServerConfigKeys (ConfUtils.java:logGet(43)) - raft.server.log.appender.buffer.byte-limit = 33554432 (custom)
2019-10-08 07:38:25,665 [main] INFO  server.GrpcService (ConfUtils.java:logGet(43)) - raft.grpc.flow.control.window = 1MB (=1048576) (default)
2019-10-08 07:38:25,665 [main] INFO  server.RaftServerConfigKeys (ConfUtils.java:logGet(43)) - raft.server.rpc.request.timeout = 3000ms (default)
2019-10-08 07:38:25,665 [main] INFO  server.RaftServerConfigKeys (ConfUtils.java:logGet(43)) - raft.server.storage.dir = [/workdir/hadoop-ozone/integration-test/target/test-dir/MiniOzoneClusterImpl-902567ba-501e-44b4-9d07-934ea4d81655/datanode-2/data/ratis] (custom)
2019-10-08 07:38:25,667 [main] INFO  hdfs.DFSUtil (DFSUtil.java:httpServerTemplateForNNAndJN(1641)) - Starting Web-server for hddsDatanode at: http://0.0.0.0:0
2019-10-08 07:38:25,669 [main] INFO  server.AuthenticationFilter (AuthenticationFilter.java:constructSecretProvider(240)) - Unable to initialize FileSignerSecretProvider, falling back to use random secrets.
2019-10-08 07:38:25,670 [main] WARN  http.HttpRequestLog (HttpRequestLog.java:getRequestLog(97)) - Jetty request log can only be enabled using Log4j
2019-10-08 07:38:25,672 [main] INFO  http.HttpServer2 (HttpServer2.java:addGlobalFilter(975)) - Added global filter 'safety' (class=org.apache.hadoop.http.HttpServer2$QuotingInputFilter)
2019-10-08 07:38:25,673 [main] INFO  http.HttpServer2 (HttpServer2.java:addFilter(948)) - Added filter static_user_filter (class=org.apache.hadoop.http.lib.StaticUserWebFilter$StaticUserFilter) to context hddsDatanode
2019-10-08 07:38:25,673 [main] INFO  http.HttpServer2 (HttpServer2.java:addFilter(958)) - Added filter static_user_filter (class=org.apache.hadoop.http.lib.StaticUserWebFilter$StaticUserFilter) to context static
2019-10-08 07:38:25,673 [main] INFO  http.HttpServer2 (HttpServer2.java:addFilter(958)) - Added filter static_user_filter (class=org.apache.hadoop.http.lib.StaticUserWebFilter$StaticUserFilter) to context logs
2019-10-08 07:38:25,674 [main] INFO  http.HttpServer2 (HttpServer2.java:bindListener(1191)) - Jetty bound to port 44328
2019-10-08 07:38:25,674 [main] INFO  server.Server (Server.java:doStart(351)) - jetty-9.3.25.v20180904, build timestamp: 2018-09-04T21:11:46Z, git hash: 3ce520221d0240229c862b122d2b06c12a625732
2019-10-08 07:38:25,676 [main] INFO  handler.ContextHandler (ContextHandler.java:doStart(781)) - Started o.e.j.s.ServletContextHandler@71936a92{/logs,file:///workdir/hadoop-ozone/integration-test/target/log,AVAILABLE}
2019-10-08 07:38:25,676 [main] INFO  handler.ContextHandler (ContextHandler.java:doStart(781)) - Started o.e.j.s.ServletContextHandler@2dc39b53{/static,jar:file:/home/user/.m2/repository/org/apache/hadoop/hadoop-hdds-container-service/0.5.0-SNAPSHOT/hadoop-hdds-container-service-0.5.0-SNAPSHOT.jar!/webapps/static,AVAILABLE}
2019-10-08 07:38:25,715 [main] INFO  handler.ContextHandler (ContextHandler.java:doStart(781)) - Started o.e.j.w.WebAppContext@675b18ff{/,file:///tmp/jetty-0.0.0.0-44328-hddsDatanode-_-any-8477533582049079336.dir/webapp/,AVAILABLE}{/hddsDatanode}
2019-10-08 07:38:25,715 [main] INFO  server.AbstractConnector (AbstractConnector.java:doStart(278)) - Started ServerConnector@34279b8a{HTTP/1.1,[http/1.1]}{0.0.0.0:44328}
2019-10-08 07:38:25,717 [main] INFO  server.Server (Server.java:doStart(419)) - Started @234847ms
2019-10-08 07:38:25,717 [main] WARN  impl.MetricsSystemImpl (MetricsSystemImpl.java:register(276)) - Sink prometheus already exists!
2019-10-08 07:38:25,718 [main] INFO  server.BaseHttpServer (BaseHttpServer.java:updateConnectorAddress(215)) - HTTP server of HDDSDATANODE is listening at http://0.0.0.0:44328
2019-10-08 07:38:25,719 [main] INFO  impl.MetricsSystemImpl (MetricsSystemImpl.java:init(158)) - HddsDatanode metrics system started (again)
2019-10-08 07:38:25,724 [org.apache.hadoop.util.JvmPauseMonitor$Monitor@4250386d] INFO  util.JvmPauseMonitor (JvmPauseMonitor.java:run(188)) - Starting JVM pause monitor
2019-10-08 07:38:25,724 [main] INFO  ozone.HddsDatanodeService (HddsDatanodeService.java:start(184)) - HddsDatanodeService host:pr-hdds-2260-pj9wp-4011291103 ip:192.168.30.43
2019-10-08 07:38:25,725 [Datanode State Machine Thread - 0] INFO  datanode.InitDatanodeState (InitDatanodeState.java:persistContainerDatanodeDetails(140)) - DatanodeDetails is persisted to /workdir/hadoop-ozone/integration-test/target/test-dir/MiniOzoneClusterImpl-902567ba-501e-44b4-9d07-934ea4d81655/datanode-2/meta/datanode.id
2019-10-08 07:38:25,731 [main] INFO  volume.HddsVolume (HddsVolume.java:<init>(176)) - Creating Volume: /workdir/hadoop-ozone/integration-test/target/test-dir/MiniOzoneClusterImpl-902567ba-501e-44b4-9d07-934ea4d81655/datanode-3/data/containers/hdds of  storage type : DISK and capacity : 1482555576320
2019-10-08 07:38:25,731 [main] INFO  volume.VolumeSet (VolumeSet.java:initializeVolumeSet(170)) - Added Volume : /workdir/hadoop-ozone/integration-test/target/test-dir/MiniOzoneClusterImpl-902567ba-501e-44b4-9d07-934ea4d81655/datanode-3/data/containers/hdds to VolumeSet
2019-10-08 07:38:25,731 [main] INFO  volume.ThrottledAsyncChecker (ThrottledAsyncChecker.java:schedule(141)) - Scheduling a check for org.apache.hadoop.ozone.container.common.volume.HddsVolume@49a38b1
2019-10-08 07:38:25,732 [main] INFO  volume.HddsVolumeChecker (HddsVolumeChecker.java:checkAllVolumes(204)) - Scheduled health check for volume org.apache.hadoop.ozone.container.common.volume.HddsVolume@49a38b1
2019-10-08 07:38:25,745 [main] INFO  impl.RaftServerProxy (ConfUtils.java:logGet(43)) - raft.rpc.type = GRPC (default)
2019-10-08 07:38:25,745 [main] INFO  grpc.GrpcFactory (GrpcFactory.java:checkPooledByteBufAllocatorUseCacheForAllThreads(45)) - PERFORMANCE WARNING: useCacheForAllThreads is true that may cause Netty to create a lot garbage objects and, as a result, trigger GC.
	It is recommended to disable useCacheForAllThreads by setting -Dorg.apache.ratis.thirdparty.io.netty.allocator.useCacheForAllThreads=false in command line.
2019-10-08 07:38:25,746 [main] INFO  grpc.GrpcConfigKeys$Server (ConfUtils.java:logGet(43)) - raft.grpc.server.port = 0 (default)
2019-10-08 07:38:25,746 [main] INFO  server.GrpcService (ConfUtils.java:logGet(43)) - raft.grpc.message.size.max = 33570816 (custom)
2019-10-08 07:38:25,746 [main] INFO  server.RaftServerConfigKeys (ConfUtils.java:logGet(43)) - raft.server.log.appender.buffer.byte-limit = 33554432 (custom)
2019-10-08 07:38:25,746 [main] INFO  server.GrpcService (ConfUtils.java:logGet(43)) - raft.grpc.flow.control.window = 1MB (=1048576) (default)
2019-10-08 07:38:25,747 [main] INFO  server.RaftServerConfigKeys (ConfUtils.java:logGet(43)) - raft.server.rpc.request.timeout = 3000ms (default)
2019-10-08 07:38:25,747 [main] INFO  server.RaftServerConfigKeys (ConfUtils.java:logGet(43)) - raft.server.storage.dir = [/workdir/hadoop-ozone/integration-test/target/test-dir/MiniOzoneClusterImpl-902567ba-501e-44b4-9d07-934ea4d81655/datanode-3/data/ratis] (custom)
2019-10-08 07:38:25,748 [main] INFO  hdfs.DFSUtil (DFSUtil.java:httpServerTemplateForNNAndJN(1641)) - Starting Web-server for hddsDatanode at: http://0.0.0.0:0
2019-10-08 07:38:25,749 [main] INFO  server.AuthenticationFilter (AuthenticationFilter.java:constructSecretProvider(240)) - Unable to initialize FileSignerSecretProvider, falling back to use random secrets.
2019-10-08 07:38:25,750 [main] WARN  http.HttpRequestLog (HttpRequestLog.java:getRequestLog(97)) - Jetty request log can only be enabled using Log4j
2019-10-08 07:38:25,751 [main] INFO  http.HttpServer2 (HttpServer2.java:addGlobalFilter(975)) - Added global filter 'safety' (class=org.apache.hadoop.http.HttpServer2$QuotingInputFilter)
2019-10-08 07:38:25,752 [main] INFO  http.HttpServer2 (HttpServer2.java:addFilter(948)) - Added filter static_user_filter (class=org.apache.hadoop.http.lib.StaticUserWebFilter$StaticUserFilter) to context hddsDatanode
2019-10-08 07:38:25,752 [main] INFO  http.HttpServer2 (HttpServer2.java:addFilter(958)) - Added filter static_user_filter (class=org.apache.hadoop.http.lib.StaticUserWebFilter$StaticUserFilter) to context logs
2019-10-08 07:38:25,752 [main] INFO  http.HttpServer2 (HttpServer2.java:addFilter(958)) - Added filter static_user_filter (class=org.apache.hadoop.http.lib.StaticUserWebFilter$StaticUserFilter) to context static
2019-10-08 07:38:25,753 [main] INFO  http.HttpServer2 (HttpServer2.java:bindListener(1191)) - Jetty bound to port 35257
2019-10-08 07:38:25,753 [main] INFO  server.Server (Server.java:doStart(351)) - jetty-9.3.25.v20180904, build timestamp: 2018-09-04T21:11:46Z, git hash: 3ce520221d0240229c862b122d2b06c12a625732
2019-10-08 07:38:25,755 [main] INFO  handler.ContextHandler (ContextHandler.java:doStart(781)) - Started o.e.j.s.ServletContextHandler@50bc3219{/logs,file:///workdir/hadoop-ozone/integration-test/target/log,AVAILABLE}
2019-10-08 07:38:25,756 [main] INFO  handler.ContextHandler (ContextHandler.java:doStart(781)) - Started o.e.j.s.ServletContextHandler@22791b75{/static,jar:file:/home/user/.m2/repository/org/apache/hadoop/hadoop-hdds-container-service/0.5.0-SNAPSHOT/hadoop-hdds-container-service-0.5.0-SNAPSHOT.jar!/webapps/static,AVAILABLE}
2019-10-08 07:38:25,787 [main] INFO  handler.ContextHandler (ContextHandler.java:doStart(781)) - Started o.e.j.w.WebAppContext@342ee097{/,file:///tmp/jetty-0.0.0.0-35257-hddsDatanode-_-any-1623091673214694147.dir/webapp/,AVAILABLE}{/hddsDatanode}
2019-10-08 07:38:25,787 [main] INFO  server.AbstractConnector (AbstractConnector.java:doStart(278)) - Started ServerConnector@6ac45c0c{HTTP/1.1,[http/1.1]}{0.0.0.0:35257}
2019-10-08 07:38:25,787 [main] INFO  server.Server (Server.java:doStart(419)) - Started @234918ms
2019-10-08 07:38:25,792 [main] WARN  impl.MetricsSystemImpl (MetricsSystemImpl.java:register(276)) - Sink prometheus already exists!
2019-10-08 07:38:25,793 [main] INFO  server.BaseHttpServer (BaseHttpServer.java:updateConnectorAddress(215)) - HTTP server of HDDSDATANODE is listening at http://0.0.0.0:35257
2019-10-08 07:38:25,793 [main] INFO  impl.MetricsSystemImpl (MetricsSystemImpl.java:init(158)) - HddsDatanode metrics system started (again)
2019-10-08 07:38:25,799 [org.apache.hadoop.util.JvmPauseMonitor$Monitor@2a385eb2] INFO  util.JvmPauseMonitor (JvmPauseMonitor.java:run(188)) - Starting JVM pause monitor
2019-10-08 07:38:25,799 [main] INFO  ozone.HddsDatanodeService (HddsDatanodeService.java:start(184)) - HddsDatanodeService host:pr-hdds-2260-pj9wp-4011291103 ip:192.168.30.43
2019-10-08 07:38:25,801 [Datanode State Machine Thread - 0] INFO  datanode.InitDatanodeState (InitDatanodeState.java:persistContainerDatanodeDetails(140)) - DatanodeDetails is persisted to /workdir/hadoop-ozone/integration-test/target/test-dir/MiniOzoneClusterImpl-902567ba-501e-44b4-9d07-934ea4d81655/datanode-3/meta/datanode.id
2019-10-08 07:38:25,811 [main] INFO  volume.HddsVolume (HddsVolume.java:<init>(176)) - Creating Volume: /workdir/hadoop-ozone/integration-test/target/test-dir/MiniOzoneClusterImpl-902567ba-501e-44b4-9d07-934ea4d81655/datanode-4/data/containers/hdds of  storage type : DISK and capacity : 1482555576320
2019-10-08 07:38:25,812 [main] INFO  volume.VolumeSet (VolumeSet.java:initializeVolumeSet(170)) - Added Volume : /workdir/hadoop-ozone/integration-test/target/test-dir/MiniOzoneClusterImpl-902567ba-501e-44b4-9d07-934ea4d81655/datanode-4/data/containers/hdds to VolumeSet
2019-10-08 07:38:25,812 [main] INFO  volume.ThrottledAsyncChecker (ThrottledAsyncChecker.java:schedule(141)) - Scheduling a check for org.apache.hadoop.ozone.container.common.volume.HddsVolume@2b6fb197
2019-10-08 07:38:25,813 [main] INFO  volume.HddsVolumeChecker (HddsVolumeChecker.java:checkAllVolumes(204)) - Scheduled health check for volume org.apache.hadoop.ozone.container.common.volume.HddsVolume@2b6fb197
2019-10-08 07:38:25,826 [main] INFO  impl.RaftServerProxy (ConfUtils.java:logGet(43)) - raft.rpc.type = GRPC (default)
2019-10-08 07:38:25,827 [main] INFO  grpc.GrpcFactory (GrpcFactory.java:checkPooledByteBufAllocatorUseCacheForAllThreads(45)) - PERFORMANCE WARNING: useCacheForAllThreads is true that may cause Netty to create a lot garbage objects and, as a result, trigger GC.
	It is recommended to disable useCacheForAllThreads by setting -Dorg.apache.ratis.thirdparty.io.netty.allocator.useCacheForAllThreads=false in command line.
2019-10-08 07:38:25,827 [main] INFO  grpc.GrpcConfigKeys$Server (ConfUtils.java:logGet(43)) - raft.grpc.server.port = 0 (default)
2019-10-08 07:38:25,827 [main] INFO  server.GrpcService (ConfUtils.java:logGet(43)) - raft.grpc.message.size.max = 33570816 (custom)
2019-10-08 07:38:25,827 [main] INFO  server.RaftServerConfigKeys (ConfUtils.java:logGet(43)) - raft.server.log.appender.buffer.byte-limit = 33554432 (custom)
2019-10-08 07:38:25,827 [main] INFO  server.GrpcService (ConfUtils.java:logGet(43)) - raft.grpc.flow.control.window = 1MB (=1048576) (default)
2019-10-08 07:38:25,827 [main] INFO  server.RaftServerConfigKeys (ConfUtils.java:logGet(43)) - raft.server.rpc.request.timeout = 3000ms (default)
2019-10-08 07:38:25,828 [main] INFO  server.RaftServerConfigKeys (ConfUtils.java:logGet(43)) - raft.server.storage.dir = [/workdir/hadoop-ozone/integration-test/target/test-dir/MiniOzoneClusterImpl-902567ba-501e-44b4-9d07-934ea4d81655/datanode-4/data/ratis] (custom)
2019-10-08 07:38:25,829 [main] INFO  hdfs.DFSUtil (DFSUtil.java:httpServerTemplateForNNAndJN(1641)) - Starting Web-server for hddsDatanode at: http://0.0.0.0:0
2019-10-08 07:38:25,830 [main] INFO  server.AuthenticationFilter (AuthenticationFilter.java:constructSecretProvider(240)) - Unable to initialize FileSignerSecretProvider, falling back to use random secrets.
2019-10-08 07:38:25,830 [main] WARN  http.HttpRequestLog (HttpRequestLog.java:getRequestLog(97)) - Jetty request log can only be enabled using Log4j
2019-10-08 07:38:25,832 [main] INFO  http.HttpServer2 (HttpServer2.java:addGlobalFilter(975)) - Added global filter 'safety' (class=org.apache.hadoop.http.HttpServer2$QuotingInputFilter)
2019-10-08 07:38:25,832 [main] INFO  http.HttpServer2 (HttpServer2.java:addFilter(948)) - Added filter static_user_filter (class=org.apache.hadoop.http.lib.StaticUserWebFilter$StaticUserFilter) to context hddsDatanode
2019-10-08 07:38:25,832 [main] INFO  http.HttpServer2 (HttpServer2.java:addFilter(958)) - Added filter static_user_filter (class=org.apache.hadoop.http.lib.StaticUserWebFilter$StaticUserFilter) to context static
2019-10-08 07:38:25,832 [main] INFO  http.HttpServer2 (HttpServer2.java:addFilter(958)) - Added filter static_user_filter (class=org.apache.hadoop.http.lib.StaticUserWebFilter$StaticUserFilter) to context logs
2019-10-08 07:38:25,833 [main] INFO  http.HttpServer2 (HttpServer2.java:bindListener(1191)) - Jetty bound to port 45034
2019-10-08 07:38:25,833 [main] INFO  server.Server (Server.java:doStart(351)) - jetty-9.3.25.v20180904, build timestamp: 2018-09-04T21:11:46Z, git hash: 3ce520221d0240229c862b122d2b06c12a625732
2019-10-08 07:38:25,834 [main] INFO  handler.ContextHandler (ContextHandler.java:doStart(781)) - Started o.e.j.s.ServletContextHandler@6c835217{/logs,file:///workdir/hadoop-ozone/integration-test/target/log,AVAILABLE}
2019-10-08 07:38:25,835 [main] INFO  handler.ContextHandler (ContextHandler.java:doStart(781)) - Started o.e.j.s.ServletContextHandler@51888019{/static,jar:file:/home/user/.m2/repository/org/apache/hadoop/hadoop-hdds-container-service/0.5.0-SNAPSHOT/hadoop-hdds-container-service-0.5.0-SNAPSHOT.jar!/webapps/static,AVAILABLE}
2019-10-08 07:38:25,863 [main] INFO  handler.ContextHandler (ContextHandler.java:doStart(781)) - Started o.e.j.w.WebAppContext@3e14d390{/,file:///tmp/jetty-0.0.0.0-45034-hddsDatanode-_-any-28133047737894418.dir/webapp/,AVAILABLE}{/hddsDatanode}
2019-10-08 07:38:25,863 [main] INFO  server.AbstractConnector (AbstractConnector.java:doStart(278)) - Started ServerConnector@5eb87338{HTTP/1.1,[http/1.1]}{0.0.0.0:45034}
2019-10-08 07:38:25,863 [main] INFO  server.Server (Server.java:doStart(419)) - Started @234993ms
2019-10-08 07:38:25,865 [main] WARN  impl.MetricsSystemImpl (MetricsSystemImpl.java:register(276)) - Sink prometheus already exists!
2019-10-08 07:38:25,866 [main] INFO  server.BaseHttpServer (BaseHttpServer.java:updateConnectorAddress(215)) - HTTP server of HDDSDATANODE is listening at http://0.0.0.0:45034
2019-10-08 07:38:25,866 [main] INFO  impl.MetricsSystemImpl (MetricsSystemImpl.java:init(158)) - HddsDatanode metrics system started (again)
2019-10-08 07:38:25,871 [org.apache.hadoop.util.JvmPauseMonitor$Monitor@b56710] INFO  util.JvmPauseMonitor (JvmPauseMonitor.java:run(188)) - Starting JVM pause monitor
2019-10-08 07:38:25,872 [main] INFO  ozone.HddsDatanodeService (HddsDatanodeService.java:start(184)) - HddsDatanodeService host:pr-hdds-2260-pj9wp-4011291103 ip:192.168.30.43
2019-10-08 07:38:25,872 [Datanode State Machine Thread - 0] INFO  datanode.InitDatanodeState (InitDatanodeState.java:persistContainerDatanodeDetails(140)) - DatanodeDetails is persisted to /workdir/hadoop-ozone/integration-test/target/test-dir/MiniOzoneClusterImpl-902567ba-501e-44b4-9d07-934ea4d81655/datanode-4/meta/datanode.id
2019-10-08 07:38:25,880 [main] INFO  volume.HddsVolume (HddsVolume.java:<init>(176)) - Creating Volume: /workdir/hadoop-ozone/integration-test/target/test-dir/MiniOzoneClusterImpl-902567ba-501e-44b4-9d07-934ea4d81655/datanode-5/data/containers/hdds of  storage type : DISK and capacity : 1482555576320
2019-10-08 07:38:25,880 [main] INFO  volume.VolumeSet (VolumeSet.java:initializeVolumeSet(170)) - Added Volume : /workdir/hadoop-ozone/integration-test/target/test-dir/MiniOzoneClusterImpl-902567ba-501e-44b4-9d07-934ea4d81655/datanode-5/data/containers/hdds to VolumeSet
2019-10-08 07:38:25,880 [main] INFO  volume.ThrottledAsyncChecker (ThrottledAsyncChecker.java:schedule(141)) - Scheduling a check for org.apache.hadoop.ozone.container.common.volume.HddsVolume@4fd74223
2019-10-08 07:38:25,881 [main] INFO  volume.HddsVolumeChecker (HddsVolumeChecker.java:checkAllVolumes(204)) - Scheduled health check for volume org.apache.hadoop.ozone.container.common.volume.HddsVolume@4fd74223
2019-10-08 07:38:25,899 [main] INFO  impl.RaftServerProxy (ConfUtils.java:logGet(43)) - raft.rpc.type = GRPC (default)
2019-10-08 07:38:25,899 [main] INFO  grpc.GrpcFactory (GrpcFactory.java:checkPooledByteBufAllocatorUseCacheForAllThreads(45)) - PERFORMANCE WARNING: useCacheForAllThreads is true that may cause Netty to create a lot garbage objects and, as a result, trigger GC.
	It is recommended to disable useCacheForAllThreads by setting -Dorg.apache.ratis.thirdparty.io.netty.allocator.useCacheForAllThreads=false in command line.
2019-10-08 07:38:25,899 [main] INFO  grpc.GrpcConfigKeys$Server (ConfUtils.java:logGet(43)) - raft.grpc.server.port = 0 (default)
2019-10-08 07:38:25,899 [main] INFO  server.GrpcService (ConfUtils.java:logGet(43)) - raft.grpc.message.size.max = 33570816 (custom)
2019-10-08 07:38:25,900 [main] INFO  server.RaftServerConfigKeys (ConfUtils.java:logGet(43)) - raft.server.log.appender.buffer.byte-limit = 33554432 (custom)
2019-10-08 07:38:25,900 [main] INFO  server.GrpcService (ConfUtils.java:logGet(43)) - raft.grpc.flow.control.window = 1MB (=1048576) (default)
2019-10-08 07:38:25,900 [main] INFO  server.RaftServerConfigKeys (ConfUtils.java:logGet(43)) - raft.server.rpc.request.timeout = 3000ms (default)
2019-10-08 07:38:25,901 [main] INFO  server.RaftServerConfigKeys (ConfUtils.java:logGet(43)) - raft.server.storage.dir = [/workdir/hadoop-ozone/integration-test/target/test-dir/MiniOzoneClusterImpl-902567ba-501e-44b4-9d07-934ea4d81655/datanode-5/data/ratis] (custom)
2019-10-08 07:38:25,902 [main] INFO  hdfs.DFSUtil (DFSUtil.java:httpServerTemplateForNNAndJN(1641)) - Starting Web-server for hddsDatanode at: http://0.0.0.0:0
2019-10-08 07:38:25,903 [main] INFO  server.AuthenticationFilter (AuthenticationFilter.java:constructSecretProvider(240)) - Unable to initialize FileSignerSecretProvider, falling back to use random secrets.
2019-10-08 07:38:25,904 [main] WARN  http.HttpRequestLog (HttpRequestLog.java:getRequestLog(97)) - Jetty request log can only be enabled using Log4j
2019-10-08 07:38:25,905 [main] INFO  http.HttpServer2 (HttpServer2.java:addGlobalFilter(975)) - Added global filter 'safety' (class=org.apache.hadoop.http.HttpServer2$QuotingInputFilter)
2019-10-08 07:38:25,906 [main] INFO  http.HttpServer2 (HttpServer2.java:addFilter(948)) - Added filter static_user_filter (class=org.apache.hadoop.http.lib.StaticUserWebFilter$StaticUserFilter) to context hddsDatanode
2019-10-08 07:38:25,906 [main] INFO  http.HttpServer2 (HttpServer2.java:addFilter(958)) - Added filter static_user_filter (class=org.apache.hadoop.http.lib.StaticUserWebFilter$StaticUserFilter) to context logs
2019-10-08 07:38:25,906 [main] INFO  http.HttpServer2 (HttpServer2.java:addFilter(958)) - Added filter static_user_filter (class=org.apache.hadoop.http.lib.StaticUserWebFilter$StaticUserFilter) to context static
2019-10-08 07:38:25,907 [main] INFO  http.HttpServer2 (HttpServer2.java:bindListener(1191)) - Jetty bound to port 37242
2019-10-08 07:38:25,907 [main] INFO  server.Server (Server.java:doStart(351)) - jetty-9.3.25.v20180904, build timestamp: 2018-09-04T21:11:46Z, git hash: 3ce520221d0240229c862b122d2b06c12a625732
2019-10-08 07:38:25,909 [main] INFO  handler.ContextHandler (ContextHandler.java:doStart(781)) - Started o.e.j.s.ServletContextHandler@747f6c5a{/logs,file:///workdir/hadoop-ozone/integration-test/target/log,AVAILABLE}
2019-10-08 07:38:25,909 [main] INFO  handler.ContextHandler (ContextHandler.java:doStart(781)) - Started o.e.j.s.ServletContextHandler@5b48f0f4{/static,jar:file:/home/user/.m2/repository/org/apache/hadoop/hadoop-hdds-container-service/0.5.0-SNAPSHOT/hadoop-hdds-container-service-0.5.0-SNAPSHOT.jar!/webapps/static,AVAILABLE}
2019-10-08 07:38:25,955 [main] INFO  handler.ContextHandler (ContextHandler.java:doStart(781)) - Started o.e.j.w.WebAppContext@6486fe7b{/,file:///tmp/jetty-0.0.0.0-37242-hddsDatanode-_-any-5650978689277151648.dir/webapp/,AVAILABLE}{/hddsDatanode}
2019-10-08 07:38:25,956 [main] INFO  server.AbstractConnector (AbstractConnector.java:doStart(278)) - Started ServerConnector@511da44f{HTTP/1.1,[http/1.1]}{0.0.0.0:37242}
2019-10-08 07:38:25,957 [main] INFO  server.Server (Server.java:doStart(419)) - Started @235088ms
2019-10-08 07:38:25,958 [main] WARN  impl.MetricsSystemImpl (MetricsSystemImpl.java:register(276)) - Sink prometheus already exists!
2019-10-08 07:38:25,958 [main] INFO  server.BaseHttpServer (BaseHttpServer.java:updateConnectorAddress(215)) - HTTP server of HDDSDATANODE is listening at http://0.0.0.0:37242
2019-10-08 07:38:25,959 [main] INFO  impl.MetricsSystemImpl (MetricsSystemImpl.java:init(158)) - HddsDatanode metrics system started (again)
2019-10-08 07:38:25,966 [org.apache.hadoop.util.JvmPauseMonitor$Monitor@6e66137d] INFO  util.JvmPauseMonitor (JvmPauseMonitor.java:run(188)) - Starting JVM pause monitor
2019-10-08 07:38:25,967 [Datanode State Machine Thread - 0] INFO  datanode.InitDatanodeState (InitDatanodeState.java:persistContainerDatanodeDetails(140)) - DatanodeDetails is persisted to /workdir/hadoop-ozone/integration-test/target/test-dir/MiniOzoneClusterImpl-902567ba-501e-44b4-9d07-934ea4d81655/datanode-5/meta/datanode.id
2019-10-08 07:38:25,967 [main] INFO  ozone.HddsDatanodeService (HddsDatanodeService.java:start(184)) - HddsDatanodeService host:pr-hdds-2260-pj9wp-4011291103 ip:192.168.30.43
2019-10-08 07:38:25,975 [main] INFO  volume.HddsVolume (HddsVolume.java:<init>(176)) - Creating Volume: /workdir/hadoop-ozone/integration-test/target/test-dir/MiniOzoneClusterImpl-902567ba-501e-44b4-9d07-934ea4d81655/datanode-6/data/containers/hdds of  storage type : DISK and capacity : 1482555576320
2019-10-08 07:38:25,976 [main] INFO  volume.VolumeSet (VolumeSet.java:initializeVolumeSet(170)) - Added Volume : /workdir/hadoop-ozone/integration-test/target/test-dir/MiniOzoneClusterImpl-902567ba-501e-44b4-9d07-934ea4d81655/datanode-6/data/containers/hdds to VolumeSet
2019-10-08 07:38:25,976 [main] INFO  volume.ThrottledAsyncChecker (ThrottledAsyncChecker.java:schedule(141)) - Scheduling a check for org.apache.hadoop.ozone.container.common.volume.HddsVolume@1eeb5818
2019-10-08 07:38:25,976 [main] INFO  volume.HddsVolumeChecker (HddsVolumeChecker.java:checkAllVolumes(204)) - Scheduled health check for volume org.apache.hadoop.ozone.container.common.volume.HddsVolume@1eeb5818
2019-10-08 07:38:25,994 [main] INFO  impl.RaftServerProxy (ConfUtils.java:logGet(43)) - raft.rpc.type = GRPC (default)
2019-10-08 07:38:25,994 [main] INFO  grpc.GrpcFactory (GrpcFactory.java:checkPooledByteBufAllocatorUseCacheForAllThreads(45)) - PERFORMANCE WARNING: useCacheForAllThreads is true that may cause Netty to create a lot garbage objects and, as a result, trigger GC.
	It is recommended to disable useCacheForAllThreads by setting -Dorg.apache.ratis.thirdparty.io.netty.allocator.useCacheForAllThreads=false in command line.
2019-10-08 07:38:25,995 [main] INFO  grpc.GrpcConfigKeys$Server (ConfUtils.java:logGet(43)) - raft.grpc.server.port = 0 (default)
2019-10-08 07:38:25,995 [main] INFO  server.GrpcService (ConfUtils.java:logGet(43)) - raft.grpc.message.size.max = 33570816 (custom)
2019-10-08 07:38:25,995 [main] INFO  server.RaftServerConfigKeys (ConfUtils.java:logGet(43)) - raft.server.log.appender.buffer.byte-limit = 33554432 (custom)
2019-10-08 07:38:25,995 [main] INFO  server.GrpcService (ConfUtils.java:logGet(43)) - raft.grpc.flow.control.window = 1MB (=1048576) (default)
2019-10-08 07:38:25,996 [main] INFO  server.RaftServerConfigKeys (ConfUtils.java:logGet(43)) - raft.server.rpc.request.timeout = 3000ms (default)
2019-10-08 07:38:25,996 [main] INFO  server.RaftServerConfigKeys (ConfUtils.java:logGet(43)) - raft.server.storage.dir = [/workdir/hadoop-ozone/integration-test/target/test-dir/MiniOzoneClusterImpl-902567ba-501e-44b4-9d07-934ea4d81655/datanode-6/data/ratis] (custom)
2019-10-08 07:38:25,997 [main] INFO  hdfs.DFSUtil (DFSUtil.java:httpServerTemplateForNNAndJN(1641)) - Starting Web-server for hddsDatanode at: http://0.0.0.0:0
2019-10-08 07:38:25,999 [main] INFO  server.AuthenticationFilter (AuthenticationFilter.java:constructSecretProvider(240)) - Unable to initialize FileSignerSecretProvider, falling back to use random secrets.
2019-10-08 07:38:25,999 [main] WARN  http.HttpRequestLog (HttpRequestLog.java:getRequestLog(97)) - Jetty request log can only be enabled using Log4j
2019-10-08 07:38:26,001 [main] INFO  http.HttpServer2 (HttpServer2.java:addGlobalFilter(975)) - Added global filter 'safety' (class=org.apache.hadoop.http.HttpServer2$QuotingInputFilter)
2019-10-08 07:38:26,001 [main] INFO  http.HttpServer2 (HttpServer2.java:addFilter(948)) - Added filter static_user_filter (class=org.apache.hadoop.http.lib.StaticUserWebFilter$StaticUserFilter) to context hddsDatanode
2019-10-08 07:38:26,002 [main] INFO  http.HttpServer2 (HttpServer2.java:addFilter(958)) - Added filter static_user_filter (class=org.apache.hadoop.http.lib.StaticUserWebFilter$StaticUserFilter) to context logs
2019-10-08 07:38:26,002 [main] INFO  http.HttpServer2 (HttpServer2.java:addFilter(958)) - Added filter static_user_filter (class=org.apache.hadoop.http.lib.StaticUserWebFilter$StaticUserFilter) to context static
2019-10-08 07:38:26,003 [main] INFO  http.HttpServer2 (HttpServer2.java:bindListener(1191)) - Jetty bound to port 42989
2019-10-08 07:38:26,003 [main] INFO  server.Server (Server.java:doStart(351)) - jetty-9.3.25.v20180904, build timestamp: 2018-09-04T21:11:46Z, git hash: 3ce520221d0240229c862b122d2b06c12a625732
2019-10-08 07:38:26,004 [main] INFO  handler.ContextHandler (ContextHandler.java:doStart(781)) - Started o.e.j.s.ServletContextHandler@3c18942{/logs,file:///workdir/hadoop-ozone/integration-test/target/log,AVAILABLE}
2019-10-08 07:38:26,005 [main] INFO  handler.ContextHandler (ContextHandler.java:doStart(781)) - Started o.e.j.s.ServletContextHandler@6842c101{/static,jar:file:/home/user/.m2/repository/org/apache/hadoop/hadoop-hdds-container-service/0.5.0-SNAPSHOT/hadoop-hdds-container-service-0.5.0-SNAPSHOT.jar!/webapps/static,AVAILABLE}
2019-10-08 07:38:26,041 [main] INFO  handler.ContextHandler (ContextHandler.java:doStart(781)) - Started o.e.j.w.WebAppContext@194012a2{/,file:///tmp/jetty-0.0.0.0-42989-hddsDatanode-_-any-4515531411908319138.dir/webapp/,AVAILABLE}{/hddsDatanode}
2019-10-08 07:38:26,041 [main] INFO  server.AbstractConnector (AbstractConnector.java:doStart(278)) - Started ServerConnector@55296b50{HTTP/1.1,[http/1.1]}{0.0.0.0:42989}
2019-10-08 07:38:26,043 [main] INFO  server.Server (Server.java:doStart(419)) - Started @235173ms
2019-10-08 07:38:26,043 [main] WARN  impl.MetricsSystemImpl (MetricsSystemImpl.java:register(276)) - Sink prometheus already exists!
2019-10-08 07:38:26,044 [main] INFO  server.BaseHttpServer (BaseHttpServer.java:updateConnectorAddress(215)) - HTTP server of HDDSDATANODE is listening at http://0.0.0.0:42989
2019-10-08 07:38:26,044 [main] INFO  ozone.MiniOzoneClusterImpl (MiniOzoneClusterImpl.java:lambda$waitForClusterToBeReady$0(147)) - Waiting for cluster to be ready. Got 0 of 7 DN Heartbeats.
2019-10-08 07:38:26,045 [org.apache.hadoop.util.JvmPauseMonitor$Monitor@23fce951] INFO  util.JvmPauseMonitor (JvmPauseMonitor.java:run(188)) - Starting JVM pause monitor
2019-10-08 07:38:26,047 [Datanode State Machine Thread - 0] INFO  datanode.InitDatanodeState (InitDatanodeState.java:persistContainerDatanodeDetails(140)) - DatanodeDetails is persisted to /workdir/hadoop-ozone/integration-test/target/test-dir/MiniOzoneClusterImpl-902567ba-501e-44b4-9d07-934ea4d81655/datanode-6/meta/datanode.id
2019-10-08 07:38:27,045 [main] INFO  ozone.MiniOzoneClusterImpl (MiniOzoneClusterImpl.java:lambda$waitForClusterToBeReady$0(147)) - Waiting for cluster to be ready. Got 0 of 7 DN Heartbeats.
2019-10-08 07:38:27,588 [Datanode State Machine Thread - 0] INFO  ozoneimpl.OzoneContainer (OzoneContainer.java:start(213)) - Attempting to start container services.
2019-10-08 07:38:27,589 [Datanode State Machine Thread - 0] INFO  ozoneimpl.OzoneContainer (OzoneContainer.java:startContainerScrub(177)) - Background container scanner has been disabled.
2019-10-08 07:38:27,589 [Datanode State Machine Thread - 0] INFO  ratis.XceiverServerRatis (XceiverServerRatis.java:start(418)) - Starting XceiverServerRatis 1a1ec4dc-c977-4a0f-9a45-1a415cfcc58c at port 0
2019-10-08 07:38:27,595 [Datanode State Machine Thread - 0] INFO  impl.RaftServerProxy (RaftServerProxy.java:lambda$start$3(299)) - 1a1ec4dc-c977-4a0f-9a45-1a415cfcc58c: start RPC server
2019-10-08 07:38:27,601 [Datanode State Machine Thread - 0] INFO  server.GrpcService (GrpcService.java:startImpl(158)) - 1a1ec4dc-c977-4a0f-9a45-1a415cfcc58c: GrpcService started, listening on 0.0.0.0/0.0.0.0:37384
2019-10-08 07:38:27,601 [Datanode State Machine Thread - 0] INFO  ratis.XceiverServerRatis (XceiverServerRatis.java:start(428)) - XceiverServerRatis 1a1ec4dc-c977-4a0f-9a45-1a415cfcc58c is started using port 37384
2019-10-08 07:38:27,603 [Datanode State Machine Thread - 0] INFO  server.XceiverServerGrpc (XceiverServerGrpc.java:start(149)) - XceiverServerGrpc 1a1ec4dc-c977-4a0f-9a45-1a415cfcc58c is started using port 37515
2019-10-08 07:38:27,650 [Datanode State Machine Thread - 0] INFO  ozoneimpl.OzoneContainer (OzoneContainer.java:start(213)) - Attempting to start container services.
2019-10-08 07:38:27,651 [Datanode State Machine Thread - 0] INFO  ozoneimpl.OzoneContainer (OzoneContainer.java:startContainerScrub(177)) - Background container scanner has been disabled.
2019-10-08 07:38:27,651 [Datanode State Machine Thread - 0] INFO  ratis.XceiverServerRatis (XceiverServerRatis.java:start(418)) - Starting XceiverServerRatis f3f71062-fa4a-4694-ac66-7042590037ba at port 0
2019-10-08 07:38:27,657 [Datanode State Machine Thread - 0] INFO  impl.RaftServerProxy (RaftServerProxy.java:lambda$start$3(299)) - f3f71062-fa4a-4694-ac66-7042590037ba: start RPC server
2019-10-08 07:38:27,659 [Datanode State Machine Thread - 0] INFO  server.GrpcService (GrpcService.java:startImpl(158)) - f3f71062-fa4a-4694-ac66-7042590037ba: GrpcService started, listening on 0.0.0.0/0.0.0.0:43096
2019-10-08 07:38:27,659 [Datanode State Machine Thread - 0] INFO  ratis.XceiverServerRatis (XceiverServerRatis.java:start(428)) - XceiverServerRatis f3f71062-fa4a-4694-ac66-7042590037ba is started using port 43096
2019-10-08 07:38:27,661 [Datanode State Machine Thread - 0] INFO  server.XceiverServerGrpc (XceiverServerGrpc.java:start(149)) - XceiverServerGrpc f3f71062-fa4a-4694-ac66-7042590037ba is started using port 40095
2019-10-08 07:38:27,737 [Datanode State Machine Thread - 0] INFO  ozoneimpl.OzoneContainer (OzoneContainer.java:start(213)) - Attempting to start container services.
2019-10-08 07:38:27,737 [Datanode State Machine Thread - 0] INFO  ozoneimpl.OzoneContainer (OzoneContainer.java:startContainerScrub(177)) - Background container scanner has been disabled.
2019-10-08 07:38:27,737 [Datanode State Machine Thread - 0] INFO  ratis.XceiverServerRatis (XceiverServerRatis.java:start(418)) - Starting XceiverServerRatis 85a03eef-da5c-4cf0-8830-b083dbd50109 at port 0
2019-10-08 07:38:27,742 [Datanode State Machine Thread - 0] INFO  impl.RaftServerProxy (RaftServerProxy.java:lambda$start$3(299)) - 85a03eef-da5c-4cf0-8830-b083dbd50109: start RPC server
2019-10-08 07:38:27,743 [Datanode State Machine Thread - 0] INFO  server.GrpcService (GrpcService.java:startImpl(158)) - 85a03eef-da5c-4cf0-8830-b083dbd50109: GrpcService started, listening on 0.0.0.0/0.0.0.0:33061
2019-10-08 07:38:27,744 [Datanode State Machine Thread - 0] INFO  ratis.XceiverServerRatis (XceiverServerRatis.java:start(428)) - XceiverServerRatis 85a03eef-da5c-4cf0-8830-b083dbd50109 is started using port 33061
2019-10-08 07:38:27,744 [Datanode State Machine Thread - 0] INFO  server.XceiverServerGrpc (XceiverServerGrpc.java:start(149)) - XceiverServerGrpc 85a03eef-da5c-4cf0-8830-b083dbd50109 is started using port 42471
2019-10-08 07:38:27,813 [Datanode State Machine Thread - 0] INFO  ozoneimpl.OzoneContainer (OzoneContainer.java:start(213)) - Attempting to start container services.
2019-10-08 07:38:27,813 [Datanode State Machine Thread - 0] INFO  ozoneimpl.OzoneContainer (OzoneContainer.java:startContainerScrub(177)) - Background container scanner has been disabled.
2019-10-08 07:38:27,813 [Datanode State Machine Thread - 0] INFO  ratis.XceiverServerRatis (XceiverServerRatis.java:start(418)) - Starting XceiverServerRatis 60fa01fa-f990-444a-8ecf-b9727f610da1 at port 0
2019-10-08 07:38:27,820 [Datanode State Machine Thread - 0] INFO  impl.RaftServerProxy (RaftServerProxy.java:lambda$start$3(299)) - 60fa01fa-f990-444a-8ecf-b9727f610da1: start RPC server
2019-10-08 07:38:27,822 [Datanode State Machine Thread - 0] INFO  server.GrpcService (GrpcService.java:startImpl(158)) - 60fa01fa-f990-444a-8ecf-b9727f610da1: GrpcService started, listening on 0.0.0.0/0.0.0.0:45074
2019-10-08 07:38:27,822 [Datanode State Machine Thread - 0] INFO  ratis.XceiverServerRatis (XceiverServerRatis.java:start(428)) - XceiverServerRatis 60fa01fa-f990-444a-8ecf-b9727f610da1 is started using port 45074
2019-10-08 07:38:27,823 [Datanode State Machine Thread - 0] INFO  server.XceiverServerGrpc (XceiverServerGrpc.java:start(149)) - XceiverServerGrpc 60fa01fa-f990-444a-8ecf-b9727f610da1 is started using port 45749
2019-10-08 07:38:27,885 [Datanode State Machine Thread - 0] INFO  ozoneimpl.OzoneContainer (OzoneContainer.java:start(213)) - Attempting to start container services.
2019-10-08 07:38:27,886 [Datanode State Machine Thread - 0] INFO  ozoneimpl.OzoneContainer (OzoneContainer.java:startContainerScrub(177)) - Background container scanner has been disabled.
2019-10-08 07:38:27,886 [Datanode State Machine Thread - 0] INFO  ratis.XceiverServerRatis (XceiverServerRatis.java:start(418)) - Starting XceiverServerRatis 703eb6a3-ca1c-45b4-ba73-6e1559beb3c7 at port 0
2019-10-08 07:38:27,893 [Datanode State Machine Thread - 0] INFO  impl.RaftServerProxy (RaftServerProxy.java:lambda$start$3(299)) - 703eb6a3-ca1c-45b4-ba73-6e1559beb3c7: start RPC server
2019-10-08 07:38:27,893 [Datanode State Machine Thread - 0] INFO  server.GrpcService (GrpcService.java:startImpl(158)) - 703eb6a3-ca1c-45b4-ba73-6e1559beb3c7: GrpcService started, listening on 0.0.0.0/0.0.0.0:39938
2019-10-08 07:38:27,894 [Datanode State Machine Thread - 0] INFO  ratis.XceiverServerRatis (XceiverServerRatis.java:start(428)) - XceiverServerRatis 703eb6a3-ca1c-45b4-ba73-6e1559beb3c7 is started using port 39938
2019-10-08 07:38:27,894 [Datanode State Machine Thread - 0] INFO  server.XceiverServerGrpc (XceiverServerGrpc.java:start(149)) - XceiverServerGrpc 703eb6a3-ca1c-45b4-ba73-6e1559beb3c7 is started using port 38602
2019-10-08 07:38:27,981 [Datanode State Machine Thread - 0] INFO  ozoneimpl.OzoneContainer (OzoneContainer.java:start(213)) - Attempting to start container services.
2019-10-08 07:38:27,982 [Datanode State Machine Thread - 0] INFO  ozoneimpl.OzoneContainer (OzoneContainer.java:startContainerScrub(177)) - Background container scanner has been disabled.
2019-10-08 07:38:27,982 [Datanode State Machine Thread - 0] INFO  ratis.XceiverServerRatis (XceiverServerRatis.java:start(418)) - Starting XceiverServerRatis f24809fc-cca2-4be1-9877-14a4e0dcdc03 at port 0
2019-10-08 07:38:27,987 [Datanode State Machine Thread - 0] INFO  impl.RaftServerProxy (RaftServerProxy.java:lambda$start$3(299)) - f24809fc-cca2-4be1-9877-14a4e0dcdc03: start RPC server
2019-10-08 07:38:27,988 [Datanode State Machine Thread - 0] INFO  server.GrpcService (GrpcService.java:startImpl(158)) - f24809fc-cca2-4be1-9877-14a4e0dcdc03: GrpcService started, listening on 0.0.0.0/0.0.0.0:40791
2019-10-08 07:38:27,988 [Datanode State Machine Thread - 0] INFO  ratis.XceiverServerRatis (XceiverServerRatis.java:start(428)) - XceiverServerRatis f24809fc-cca2-4be1-9877-14a4e0dcdc03 is started using port 40791
2019-10-08 07:38:27,989 [Datanode State Machine Thread - 0] INFO  server.XceiverServerGrpc (XceiverServerGrpc.java:start(149)) - XceiverServerGrpc f24809fc-cca2-4be1-9877-14a4e0dcdc03 is started using port 46325
2019-10-08 07:38:28,047 [main] INFO  ozone.MiniOzoneClusterImpl (MiniOzoneClusterImpl.java:lambda$waitForClusterToBeReady$0(147)) - Waiting for cluster to be ready. Got 0 of 7 DN Heartbeats.
2019-10-08 07:38:28,059 [Datanode State Machine Thread - 0] INFO  ozoneimpl.OzoneContainer (OzoneContainer.java:start(213)) - Attempting to start container services.
2019-10-08 07:38:28,059 [Datanode State Machine Thread - 0] INFO  ozoneimpl.OzoneContainer (OzoneContainer.java:startContainerScrub(177)) - Background container scanner has been disabled.
2019-10-08 07:38:28,059 [Datanode State Machine Thread - 0] INFO  ratis.XceiverServerRatis (XceiverServerRatis.java:start(418)) - Starting XceiverServerRatis d28733da-5f4b-462c-a066-6787729c78a8 at port 0
2019-10-08 07:38:28,064 [Datanode State Machine Thread - 0] INFO  impl.RaftServerProxy (RaftServerProxy.java:lambda$start$3(299)) - d28733da-5f4b-462c-a066-6787729c78a8: start RPC server
2019-10-08 07:38:28,065 [Datanode State Machine Thread - 0] INFO  server.GrpcService (GrpcService.java:startImpl(158)) - d28733da-5f4b-462c-a066-6787729c78a8: GrpcService started, listening on 0.0.0.0/0.0.0.0:36179
2019-10-08 07:38:28,065 [Datanode State Machine Thread - 0] INFO  ratis.XceiverServerRatis (XceiverServerRatis.java:start(428)) - XceiverServerRatis d28733da-5f4b-462c-a066-6787729c78a8 is started using port 36179
2019-10-08 07:38:28,075 [Datanode State Machine Thread - 0] INFO  server.XceiverServerGrpc (XceiverServerGrpc.java:start(149)) - XceiverServerGrpc d28733da-5f4b-462c-a066-6787729c78a8 is started using port 45583
2019-10-08 07:38:29,047 [main] INFO  ozone.MiniOzoneClusterImpl (MiniOzoneClusterImpl.java:lambda$waitForClusterToBeReady$0(147)) - Waiting for cluster to be ready. Got 0 of 7 DN Heartbeats.
2019-10-08 07:38:29,558 [IPC Server handler 3 on 35886] INFO  net.NetworkTopology (NetworkTopologyImpl.java:add(111)) - Added a new node: /default-rack/1a1ec4dc-c977-4a0f-9a45-1a415cfcc58c
2019-10-08 07:38:29,561 [IPC Server handler 3 on 35886] INFO  node.SCMNodeManager (SCMNodeManager.java:register(268)) - Registered Data node : 1a1ec4dc-c977-4a0f-9a45-1a415cfcc58c{ip: 192.168.30.43, host: pr-hdds-2260-pj9wp-4011291103, networkLocation: /default-rack, certSerialId: null}
2019-10-08 07:38:29,562 [EventQueue-NodeRegistrationContainerReportForDataNodeSafeModeRule] INFO  safemode.SCMSafeModeManager (DataNodeSafeModeRule.java:process(71)) - SCM in safe mode. 1 DataNodes registered, 1 required.
2019-10-08 07:38:29,572 [EventQueue-NodeRegistrationContainerReportForDataNodeSafeModeRule] INFO  safemode.SCMSafeModeManager (SCMSafeModeManager.java:validateSafeModeExitRules(177)) - ScmSafeModeManager, all rules are successfully validated
2019-10-08 07:38:29,572 [EventQueue-NodeRegistrationContainerReportForDataNodeSafeModeRule] INFO  safemode.SCMSafeModeManager (SCMSafeModeManager.java:exitSafeMode(193)) - SCM exiting safe mode.
2019-10-08 07:38:29,588 [grpc-default-executor-2] INFO  impl.RaftServerProxy (RaftServerProxy.java:addNew(89)) - 1a1ec4dc-c977-4a0f-9a45-1a415cfcc58c: addNew group-66B33FE4860F:[1a1ec4dc-c977-4a0f-9a45-1a415cfcc58c:192.168.30.43:37384] returns group-66B33FE4860F:java.util.concurrent.CompletableFuture@5579e9a6[Not completed]
2019-10-08 07:38:29,591 [pool-383-thread-1] INFO  impl.RaftServerImpl (RaftServerImpl.java:<init>(95)) - 1a1ec4dc-c977-4a0f-9a45-1a415cfcc58c: new RaftServerImpl for group-66B33FE4860F:[1a1ec4dc-c977-4a0f-9a45-1a415cfcc58c:192.168.30.43:37384] with ContainerStateMachine:uninitialized
2019-10-08 07:38:29,592 [pool-383-thread-1] INFO  server.RaftServerConfigKeys (ConfUtils.java:logGet(43)) - raft.server.rpc.timeout.min = 5s (custom)
2019-10-08 07:38:29,592 [pool-383-thread-1] INFO  server.RaftServerConfigKeys (ConfUtils.java:logGet(43)) - raft.server.rpc.timeout.max = 5200ms (custom)
2019-10-08 07:38:29,592 [pool-383-thread-1] INFO  server.RaftServerConfigKeys (ConfUtils.java:logGet(43)) - raft.server.rpcslowness.timeout = 120s (custom)
2019-10-08 07:38:29,592 [pool-383-thread-1] INFO  server.RaftServerConfigKeys (ConfUtils.java:logGet(43)) - raft.server.sleep.deviation.threshold = 300 (default)
2019-10-08 07:38:29,592 [pool-383-thread-1] INFO  server.RaftServerConfigKeys (ConfUtils.java:logGet(43)) - raft.server.log.appender.install.snapshot.enabled = false (custom)
2019-10-08 07:38:29,593 [pool-383-thread-1] INFO  impl.RaftServerImpl (ServerState.java:<init>(103)) - 1a1ec4dc-c977-4a0f-9a45-1a415cfcc58c@group-66B33FE4860F: ConfigurationManager, init=-1: [1a1ec4dc-c977-4a0f-9a45-1a415cfcc58c:192.168.30.43:37384], old=null, confs=<EMPTY_MAP>
2019-10-08 07:38:29,593 [pool-383-thread-1] INFO  server.RaftServerConfigKeys (ConfUtils.java:logGet(43)) - raft.server.storage.dir = [/workdir/hadoop-ozone/integration-test/target/test-dir/MiniOzoneClusterImpl-902567ba-501e-44b4-9d07-934ea4d81655/datanode-0/data/ratis] (custom)
2019-10-08 07:38:29,593 [pool-383-thread-1] INFO  server.RaftServerConfigKeys (ConfUtils.java:logGet(43)) - raft.server.log.corruption.policy = EXCEPTION (default)
2019-10-08 07:38:29,595 [pool-383-thread-1] INFO  storage.RaftStorageDirectory (RaftStorageDirectory.java:analyzeStorage(246)) - The storage directory /workdir/hadoop-ozone/integration-test/target/test-dir/MiniOzoneClusterImpl-902567ba-501e-44b4-9d07-934ea4d81655/datanode-0/data/ratis/c49be634-cd57-4256-bfe6-66b33fe4860f does not exist. Creating ...
2019-10-08 07:38:29,609 [pool-383-thread-1] INFO  storage.RaftStorageDirectory (RaftStorageDirectory.java:tryLock(328)) - Lock on /workdir/hadoop-ozone/integration-test/target/test-dir/MiniOzoneClusterImpl-902567ba-501e-44b4-9d07-934ea4d81655/datanode-0/data/ratis/c49be634-cd57-4256-bfe6-66b33fe4860f/in_use.lock acquired by nodename 10114@pr-hdds-2260-pj9wp-4011291103
2019-10-08 07:38:29,626 [pool-383-thread-1] INFO  storage.RaftStorage (RaftStorage.java:format(84)) - Storage directory /workdir/hadoop-ozone/integration-test/target/test-dir/MiniOzoneClusterImpl-902567ba-501e-44b4-9d07-934ea4d81655/datanode-0/data/ratis/c49be634-cd57-4256-bfe6-66b33fe4860f has been successfully formatted.
2019-10-08 07:38:29,626 [pool-383-thread-1] INFO  ratis.ContainerStateMachine (ContainerStateMachine.java:loadSnapshot(231)) - group-66B33FE4860F: The snapshot info is null. Setting the last applied indexto:(t:0, i:~)
2019-10-08 07:38:29,627 [pool-383-thread-1] INFO  server.RaftServerConfigKeys (ConfUtils.java:logGet(43)) - raft.server.notification.no-leader.timeout = 120s (custom)
2019-10-08 07:38:29,627 [pool-383-thread-1] INFO  server.RaftServerConfigKeys (ConfUtils.java:logGet(43)) - raft.server.log.use.memory = false (default)
2019-10-08 07:38:29,627 [pool-383-thread-1] INFO  server.RaftServerConfigKeys (ConfUtils.java:logGet(43)) - raft.server.log.purge.gap = 1000000 (custom)
2019-10-08 07:38:29,627 [pool-383-thread-1] INFO  server.RaftServerConfigKeys (ConfUtils.java:logGet(43)) - raft.server.log.appender.buffer.byte-limit = 33554432 (custom)
2019-10-08 07:38:29,627 [pool-383-thread-1] INFO  server.RaftServerConfigKeys (ConfUtils.java:logGet(43)) - raft.server.log.segment.size.max = 1048576 (custom)
2019-10-08 07:38:29,630 [pool-383-thread-1] INFO  server.RaftServerConfigKeys (ConfUtils.java:logGet(43)) - raft.server.log.segment.cache.num.max = 2 (custom)
2019-10-08 07:38:29,630 [pool-383-thread-1] INFO  segmented.SegmentedRaftLogWorker (SegmentedRaftLogWorker.java:<init>(173)) - new 1a1ec4dc-c977-4a0f-9a45-1a415cfcc58c@group-66B33FE4860F-SegmentedRaftLogWorker for RaftStorage:Storage Directory /workdir/hadoop-ozone/integration-test/target/test-dir/MiniOzoneClusterImpl-902567ba-501e-44b4-9d07-934ea4d81655/datanode-0/data/ratis/c49be634-cd57-4256-bfe6-66b33fe4860f
2019-10-08 07:38:29,630 [pool-383-thread-1] INFO  server.RaftServerConfigKeys (ConfUtils.java:logGet(43)) - raft.server.log.queue.byte-limit = 2147483647 (custom)
2019-10-08 07:38:29,630 [pool-383-thread-1] INFO  server.RaftServerConfigKeys (ConfUtils.java:logGet(43)) - raft.server.log.queue.element-limit = 1024 (custom)
2019-10-08 07:38:29,630 [pool-383-thread-1] INFO  server.RaftServerConfigKeys (ConfUtils.java:logGet(43)) - raft.server.log.segment.size.max = 1048576 (custom)
2019-10-08 07:38:29,630 [pool-383-thread-1] INFO  server.RaftServerConfigKeys (ConfUtils.java:logGet(43)) - raft.server.log.preallocated.size = 16384 (custom)
2019-10-08 07:38:29,631 [pool-383-thread-1] INFO  server.RaftServerConfigKeys (ConfUtils.java:logGet(43)) - raft.server.log.write.buffer.size = 33554432 (custom)
2019-10-08 07:38:29,631 [pool-383-thread-1] INFO  server.RaftServerConfigKeys (ConfUtils.java:logGet(43)) - raft.server.log.force.sync.num = 128 (default)
2019-10-08 07:38:29,631 [pool-383-thread-1] INFO  server.RaftServerConfigKeys (ConfUtils.java:logGet(43)) - raft.server.log.statemachine.data.sync = true (default)
2019-10-08 07:38:29,631 [pool-383-thread-1] INFO  server.RaftServerConfigKeys (ConfUtils.java:logGet(43)) - raft.server.log.statemachine.data.sync.timeout = 10s (default)
2019-10-08 07:38:29,631 [pool-383-thread-1] INFO  server.RaftServerConfigKeys (ConfUtils.java:logGet(43)) - raft.server.log.statemachine.data.sync.timeout.retry = -1 (default)
2019-10-08 07:38:29,632 [pool-383-thread-1] INFO  server.RaftServerConfigKeys (ConfUtils.java:logGet(43)) - raft.server.log.statemachine.data.caching.enabled = true (custom)
2019-10-08 07:38:29,632 [pool-383-thread-1] INFO  segmented.SegmentedRaftLogWorker (SegmentedRaftLogWorker.java:lambda$new$0(128)) - 1a1ec4dc-c977-4a0f-9a45-1a415cfcc58c@group-66B33FE4860F-SegmentedRaftLogWorker: flushIndex: setUnconditionally 0 -> -1
2019-10-08 07:38:29,632 [pool-383-thread-1] INFO  server.RaftServerConfigKeys (ConfUtils.java:logGet(43)) - raft.server.snapshot.auto.trigger.enabled = true (custom)
2019-10-08 07:38:29,633 [pool-383-thread-1] INFO  server.RaftServerConfigKeys (ConfUtils.java:logGet(43)) - raft.server.snapshot.auto.trigger.threshold = 10000 (custom)
2019-10-08 07:38:29,633 [pool-383-thread-1] INFO  server.RaftServerConfigKeys (ConfUtils.java:logGet(43)) - raft.server.snapshot.retention.file.num = 5 (custom)
2019-10-08 07:38:29,633 [pool-383-thread-1] INFO  server.RaftServerConfigKeys (ConfUtils.java:logGet(43)) - raft.server.retrycache.expirytime = 600000ms (custom)
2019-10-08 07:38:29,634 [IPC Server handler 4 on 35886] INFO  net.NetworkTopology (NetworkTopologyImpl.java:add(111)) - Added a new node: /default-rack/f3f71062-fa4a-4694-ac66-7042590037ba
2019-10-08 07:38:29,635 [IPC Server handler 4 on 35886] INFO  node.SCMNodeManager (SCMNodeManager.java:register(268)) - Registered Data node : f3f71062-fa4a-4694-ac66-7042590037ba{ip: 192.168.30.43, host: pr-hdds-2260-pj9wp-4011291103, networkLocation: /default-rack, certSerialId: null}
2019-10-08 07:38:29,636 [pool-383-thread-1] INFO  impl.RaftServerImpl (RaftServerImpl.java:start(181)) - 1a1ec4dc-c977-4a0f-9a45-1a415cfcc58c@group-66B33FE4860F: start as a follower, conf=-1: [1a1ec4dc-c977-4a0f-9a45-1a415cfcc58c:192.168.30.43:37384], old=null
2019-10-08 07:38:29,636 [pool-383-thread-1] INFO  impl.RaftServerImpl (RaftServerImpl.java:setRole(170)) - 1a1ec4dc-c977-4a0f-9a45-1a415cfcc58c@group-66B33FE4860F: changes role from      null to FOLLOWER at term 0 for startAsFollower
2019-10-08 07:38:29,636 [pool-383-thread-1] INFO  impl.RoleInfo (RoleInfo.java:updateAndGet(143)) - 1a1ec4dc-c977-4a0f-9a45-1a415cfcc58c: start FollowerState
2019-10-08 07:38:29,637 [pool-383-thread-1] INFO  util.JmxRegister (JmxRegister.java:tryRegister(44)) - Successfully registered JMX Bean with object name Ratis:service=RaftServer,group=group-66B33FE4860F,id=1a1ec4dc-c977-4a0f-9a45-1a415cfcc58c
2019-10-08 07:38:29,651 [RatisPipelineUtilsThread] INFO  pipeline.PipelineStateManager (PipelineStateManager.java:addPipeline(56)) - Created pipeline Pipeline[ Id: c49be634-cd57-4256-bfe6-66b33fe4860f, Nodes: 1a1ec4dc-c977-4a0f-9a45-1a415cfcc58c{ip: 192.168.30.43, host: pr-hdds-2260-pj9wp-4011291103, networkLocation: /default-rack, certSerialId: null}, Type:RATIS, Factor:ONE, State:OPEN]
2019-10-08 07:38:29,659 [grpc-default-executor-2] INFO  impl.RaftServerProxy (RaftServerProxy.java:addNew(89)) - f3f71062-fa4a-4694-ac66-7042590037ba: addNew group-8F78364FCFB7:[f3f71062-fa4a-4694-ac66-7042590037ba:192.168.30.43:43096] returns group-8F78364FCFB7:java.util.concurrent.CompletableFuture@5dcce51e[Not completed]
2019-10-08 07:38:29,660 [pool-393-thread-1] INFO  impl.RaftServerImpl (RaftServerImpl.java:<init>(95)) - f3f71062-fa4a-4694-ac66-7042590037ba: new RaftServerImpl for group-8F78364FCFB7:[f3f71062-fa4a-4694-ac66-7042590037ba:192.168.30.43:43096] with ContainerStateMachine:uninitialized
2019-10-08 07:38:29,661 [pool-393-thread-1] INFO  server.RaftServerConfigKeys (ConfUtils.java:logGet(43)) - raft.server.rpc.timeout.min = 5s (custom)
2019-10-08 07:38:29,661 [pool-393-thread-1] INFO  server.RaftServerConfigKeys (ConfUtils.java:logGet(43)) - raft.server.rpc.timeout.max = 5200ms (custom)
2019-10-08 07:38:29,661 [pool-393-thread-1] INFO  server.RaftServerConfigKeys (ConfUtils.java:logGet(43)) - raft.server.rpcslowness.timeout = 120s (custom)
2019-10-08 07:38:29,661 [pool-393-thread-1] INFO  server.RaftServerConfigKeys (ConfUtils.java:logGet(43)) - raft.server.sleep.deviation.threshold = 300 (default)
2019-10-08 07:38:29,661 [pool-393-thread-1] INFO  server.RaftServerConfigKeys (ConfUtils.java:logGet(43)) - raft.server.log.appender.install.snapshot.enabled = false (custom)
2019-10-08 07:38:29,661 [pool-393-thread-1] INFO  impl.RaftServerImpl (ServerState.java:<init>(103)) - f3f71062-fa4a-4694-ac66-7042590037ba@group-8F78364FCFB7: ConfigurationManager, init=-1: [f3f71062-fa4a-4694-ac66-7042590037ba:192.168.30.43:43096], old=null, confs=<EMPTY_MAP>
2019-10-08 07:38:29,661 [pool-393-thread-1] INFO  server.RaftServerConfigKeys (ConfUtils.java:logGet(43)) - raft.server.storage.dir = [/workdir/hadoop-ozone/integration-test/target/test-dir/MiniOzoneClusterImpl-902567ba-501e-44b4-9d07-934ea4d81655/datanode-1/data/ratis] (custom)
2019-10-08 07:38:29,662 [pool-393-thread-1] INFO  server.RaftServerConfigKeys (ConfUtils.java:logGet(43)) - raft.server.log.corruption.policy = EXCEPTION (default)
2019-10-08 07:38:29,662 [pool-393-thread-1] INFO  storage.RaftStorageDirectory (RaftStorageDirectory.java:analyzeStorage(246)) - The storage directory /workdir/hadoop-ozone/integration-test/target/test-dir/MiniOzoneClusterImpl-902567ba-501e-44b4-9d07-934ea4d81655/datanode-1/data/ratis/678ca50e-85c6-4288-b436-8f78364fcfb7 does not exist. Creating ...
2019-10-08 07:38:29,675 [pool-393-thread-1] INFO  storage.RaftStorageDirectory (RaftStorageDirectory.java:tryLock(328)) - Lock on /workdir/hadoop-ozone/integration-test/target/test-dir/MiniOzoneClusterImpl-902567ba-501e-44b4-9d07-934ea4d81655/datanode-1/data/ratis/678ca50e-85c6-4288-b436-8f78364fcfb7/in_use.lock acquired by nodename 10114@pr-hdds-2260-pj9wp-4011291103
2019-10-08 07:38:29,688 [pool-393-thread-1] INFO  storage.RaftStorage (RaftStorage.java:format(84)) - Storage directory /workdir/hadoop-ozone/integration-test/target/test-dir/MiniOzoneClusterImpl-902567ba-501e-44b4-9d07-934ea4d81655/datanode-1/data/ratis/678ca50e-85c6-4288-b436-8f78364fcfb7 has been successfully formatted.
2019-10-08 07:38:29,688 [pool-393-thread-1] INFO  ratis.ContainerStateMachine (ContainerStateMachine.java:loadSnapshot(231)) - group-8F78364FCFB7: The snapshot info is null. Setting the last applied indexto:(t:0, i:~)
2019-10-08 07:38:29,689 [pool-393-thread-1] INFO  server.RaftServerConfigKeys (ConfUtils.java:logGet(43)) - raft.server.notification.no-leader.timeout = 120s (custom)
2019-10-08 07:38:29,689 [pool-393-thread-1] INFO  server.RaftServerConfigKeys (ConfUtils.java:logGet(43)) - raft.server.log.use.memory = false (default)
2019-10-08 07:38:29,689 [pool-393-thread-1] INFO  server.RaftServerConfigKeys (ConfUtils.java:logGet(43)) - raft.server.log.purge.gap = 1000000 (custom)
2019-10-08 07:38:29,689 [pool-393-thread-1] INFO  server.RaftServerConfigKeys (ConfUtils.java:logGet(43)) - raft.server.log.appender.buffer.byte-limit = 33554432 (custom)
2019-10-08 07:38:29,689 [pool-393-thread-1] INFO  server.RaftServerConfigKeys (ConfUtils.java:logGet(43)) - raft.server.log.segment.size.max = 1048576 (custom)
2019-10-08 07:38:29,691 [pool-393-thread-1] INFO  server.RaftServerConfigKeys (ConfUtils.java:logGet(43)) - raft.server.log.segment.cache.num.max = 2 (custom)
2019-10-08 07:38:29,691 [pool-393-thread-1] INFO  segmented.SegmentedRaftLogWorker (SegmentedRaftLogWorker.java:<init>(173)) - new f3f71062-fa4a-4694-ac66-7042590037ba@group-8F78364FCFB7-SegmentedRaftLogWorker for RaftStorage:Storage Directory /workdir/hadoop-ozone/integration-test/target/test-dir/MiniOzoneClusterImpl-902567ba-501e-44b4-9d07-934ea4d81655/datanode-1/data/ratis/678ca50e-85c6-4288-b436-8f78364fcfb7
2019-10-08 07:38:29,691 [pool-393-thread-1] INFO  server.RaftServerConfigKeys (ConfUtils.java:logGet(43)) - raft.server.log.queue.byte-limit = 2147483647 (custom)
2019-10-08 07:38:29,691 [pool-393-thread-1] INFO  server.RaftServerConfigKeys (ConfUtils.java:logGet(43)) - raft.server.log.queue.element-limit = 1024 (custom)
2019-10-08 07:38:29,691 [pool-393-thread-1] INFO  server.RaftServerConfigKeys (ConfUtils.java:logGet(43)) - raft.server.log.segment.size.max = 1048576 (custom)
2019-10-08 07:38:29,691 [pool-393-thread-1] INFO  server.RaftServerConfigKeys (ConfUtils.java:logGet(43)) - raft.server.log.preallocated.size = 16384 (custom)
2019-10-08 07:38:29,691 [pool-393-thread-1] INFO  server.RaftServerConfigKeys (ConfUtils.java:logGet(43)) - raft.server.log.write.buffer.size = 33554432 (custom)
2019-10-08 07:38:29,692 [pool-393-thread-1] INFO  server.RaftServerConfigKeys (ConfUtils.java:logGet(43)) - raft.server.log.force.sync.num = 128 (default)
2019-10-08 07:38:29,692 [pool-393-thread-1] INFO  server.RaftServerConfigKeys (ConfUtils.java:logGet(43)) - raft.server.log.statemachine.data.sync = true (default)
2019-10-08 07:38:29,692 [pool-393-thread-1] INFO  server.RaftServerConfigKeys (ConfUtils.java:logGet(43)) - raft.server.log.statemachine.data.sync.timeout = 10s (default)
2019-10-08 07:38:29,692 [pool-393-thread-1] INFO  server.RaftServerConfigKeys (ConfUtils.java:logGet(43)) - raft.server.log.statemachine.data.sync.timeout.retry = -1 (default)
2019-10-08 07:38:29,692 [pool-393-thread-1] INFO  server.RaftServerConfigKeys (ConfUtils.java:logGet(43)) - raft.server.log.statemachine.data.caching.enabled = true (custom)
2019-10-08 07:38:29,693 [pool-393-thread-1] INFO  segmented.SegmentedRaftLogWorker (SegmentedRaftLogWorker.java:lambda$new$0(128)) - f3f71062-fa4a-4694-ac66-7042590037ba@group-8F78364FCFB7-SegmentedRaftLogWorker: flushIndex: setUnconditionally 0 -> -1
2019-10-08 07:38:29,693 [pool-393-thread-1] INFO  server.RaftServerConfigKeys (ConfUtils.java:logGet(43)) - raft.server.snapshot.auto.trigger.enabled = true (custom)
2019-10-08 07:38:29,693 [pool-393-thread-1] INFO  server.RaftServerConfigKeys (ConfUtils.java:logGet(43)) - raft.server.snapshot.auto.trigger.threshold = 10000 (custom)
2019-10-08 07:38:29,693 [pool-393-thread-1] INFO  server.RaftServerConfigKeys (ConfUtils.java:logGet(43)) - raft.server.snapshot.retention.file.num = 5 (custom)
2019-10-08 07:38:29,693 [pool-393-thread-1] INFO  server.RaftServerConfigKeys (ConfUtils.java:logGet(43)) - raft.server.retrycache.expirytime = 600000ms (custom)
2019-10-08 07:38:29,695 [pool-393-thread-1] INFO  impl.RaftServerImpl (RaftServerImpl.java:start(181)) - f3f71062-fa4a-4694-ac66-7042590037ba@group-8F78364FCFB7: start as a follower, conf=-1: [f3f71062-fa4a-4694-ac66-7042590037ba:192.168.30.43:43096], old=null
2019-10-08 07:38:29,695 [pool-393-thread-1] INFO  impl.RaftServerImpl (RaftServerImpl.java:setRole(170)) - f3f71062-fa4a-4694-ac66-7042590037ba@group-8F78364FCFB7: changes role from      null to FOLLOWER at term 0 for startAsFollower
2019-10-08 07:38:29,695 [pool-393-thread-1] INFO  impl.RoleInfo (RoleInfo.java:updateAndGet(143)) - f3f71062-fa4a-4694-ac66-7042590037ba: start FollowerState
2019-10-08 07:38:29,695 [pool-393-thread-1] INFO  util.JmxRegister (JmxRegister.java:tryRegister(44)) - Successfully registered JMX Bean with object name Ratis:service=RaftServer,group=group-8F78364FCFB7,id=f3f71062-fa4a-4694-ac66-7042590037ba
2019-10-08 07:38:29,699 [RatisPipelineUtilsThread] INFO  pipeline.PipelineStateManager (PipelineStateManager.java:addPipeline(56)) - Created pipeline Pipeline[ Id: 678ca50e-85c6-4288-b436-8f78364fcfb7, Nodes: f3f71062-fa4a-4694-ac66-7042590037ba{ip: 192.168.30.43, host: pr-hdds-2260-pj9wp-4011291103, networkLocation: /default-rack, certSerialId: null}, Type:RATIS, Factor:ONE, State:OPEN]
2019-10-08 07:38:29,725 [IPC Server handler 5 on 35886] INFO  net.NetworkTopology (NetworkTopologyImpl.java:add(111)) - Added a new node: /default-rack/85a03eef-da5c-4cf0-8830-b083dbd50109
2019-10-08 07:38:29,725 [IPC Server handler 5 on 35886] INFO  node.SCMNodeManager (SCMNodeManager.java:register(268)) - Registered Data node : 85a03eef-da5c-4cf0-8830-b083dbd50109{ip: 192.168.30.43, host: pr-hdds-2260-pj9wp-4011291103, networkLocation: /default-rack, certSerialId: null}
2019-10-08 07:38:29,734 [grpc-default-executor-2] INFO  impl.RaftServerProxy (RaftServerProxy.java:addNew(89)) - 85a03eef-da5c-4cf0-8830-b083dbd50109: addNew group-831F030CA5D2:[85a03eef-da5c-4cf0-8830-b083dbd50109:192.168.30.43:33061] returns group-831F030CA5D2:java.util.concurrent.CompletableFuture@5cfd00fa[Not completed]
2019-10-08 07:38:29,735 [pool-403-thread-1] INFO  impl.RaftServerImpl (RaftServerImpl.java:<init>(95)) - 85a03eef-da5c-4cf0-8830-b083dbd50109: new RaftServerImpl for group-831F030CA5D2:[85a03eef-da5c-4cf0-8830-b083dbd50109:192.168.30.43:33061] with ContainerStateMachine:uninitialized
2019-10-08 07:38:29,735 [pool-403-thread-1] INFO  server.RaftServerConfigKeys (ConfUtils.java:logGet(43)) - raft.server.rpc.timeout.min = 5s (custom)
2019-10-08 07:38:29,735 [pool-403-thread-1] INFO  server.RaftServerConfigKeys (ConfUtils.java:logGet(43)) - raft.server.rpc.timeout.max = 5200ms (custom)
2019-10-08 07:38:29,735 [pool-403-thread-1] INFO  server.RaftServerConfigKeys (ConfUtils.java:logGet(43)) - raft.server.rpcslowness.timeout = 120s (custom)
2019-10-08 07:38:29,736 [pool-403-thread-1] INFO  server.RaftServerConfigKeys (ConfUtils.java:logGet(43)) - raft.server.sleep.deviation.threshold = 300 (default)
2019-10-08 07:38:29,736 [pool-403-thread-1] INFO  server.RaftServerConfigKeys (ConfUtils.java:logGet(43)) - raft.server.log.appender.install.snapshot.enabled = false (custom)
2019-10-08 07:38:29,736 [pool-403-thread-1] INFO  impl.RaftServerImpl (ServerState.java:<init>(103)) - 85a03eef-da5c-4cf0-8830-b083dbd50109@group-831F030CA5D2: ConfigurationManager, init=-1: [85a03eef-da5c-4cf0-8830-b083dbd50109:192.168.30.43:33061], old=null, confs=<EMPTY_MAP>
2019-10-08 07:38:29,736 [pool-403-thread-1] INFO  server.RaftServerConfigKeys (ConfUtils.java:logGet(43)) - raft.server.storage.dir = [/workdir/hadoop-ozone/integration-test/target/test-dir/MiniOzoneClusterImpl-902567ba-501e-44b4-9d07-934ea4d81655/datanode-2/data/ratis] (custom)
2019-10-08 07:38:29,736 [pool-403-thread-1] INFO  server.RaftServerConfigKeys (ConfUtils.java:logGet(43)) - raft.server.log.corruption.policy = EXCEPTION (default)
2019-10-08 07:38:29,737 [pool-403-thread-1] INFO  storage.RaftStorageDirectory (RaftStorageDirectory.java:analyzeStorage(246)) - The storage directory /workdir/hadoop-ozone/integration-test/target/test-dir/MiniOzoneClusterImpl-902567ba-501e-44b4-9d07-934ea4d81655/datanode-2/data/ratis/4af39b8a-dd6b-4491-ae13-831f030ca5d2 does not exist. Creating ...
2019-10-08 07:38:29,750 [pool-403-thread-1] INFO  storage.RaftStorageDirectory (RaftStorageDirectory.java:tryLock(328)) - Lock on /workdir/hadoop-ozone/integration-test/target/test-dir/MiniOzoneClusterImpl-902567ba-501e-44b4-9d07-934ea4d81655/datanode-2/data/ratis/4af39b8a-dd6b-4491-ae13-831f030ca5d2/in_use.lock acquired by nodename 10114@pr-hdds-2260-pj9wp-4011291103
2019-10-08 07:38:29,763 [pool-403-thread-1] INFO  storage.RaftStorage (RaftStorage.java:format(84)) - Storage directory /workdir/hadoop-ozone/integration-test/target/test-dir/MiniOzoneClusterImpl-902567ba-501e-44b4-9d07-934ea4d81655/datanode-2/data/ratis/4af39b8a-dd6b-4491-ae13-831f030ca5d2 has been successfully formatted.
2019-10-08 07:38:29,763 [pool-403-thread-1] INFO  ratis.ContainerStateMachine (ContainerStateMachine.java:loadSnapshot(231)) - group-831F030CA5D2: The snapshot info is null. Setting the last applied indexto:(t:0, i:~)
2019-10-08 07:38:29,763 [pool-403-thread-1] INFO  server.RaftServerConfigKeys (ConfUtils.java:logGet(43)) - raft.server.notification.no-leader.timeout = 120s (custom)
2019-10-08 07:38:29,763 [pool-403-thread-1] INFO  server.RaftServerConfigKeys (ConfUtils.java:logGet(43)) - raft.server.log.use.memory = false (default)
2019-10-08 07:38:29,763 [pool-403-thread-1] INFO  server.RaftServerConfigKeys (ConfUtils.java:logGet(43)) - raft.server.log.purge.gap = 1000000 (custom)
2019-10-08 07:38:29,764 [pool-403-thread-1] INFO  server.RaftServerConfigKeys (ConfUtils.java:logGet(43)) - raft.server.log.appender.buffer.byte-limit = 33554432 (custom)
2019-10-08 07:38:29,764 [pool-403-thread-1] INFO  server.RaftServerConfigKeys (ConfUtils.java:logGet(43)) - raft.server.log.segment.size.max = 1048576 (custom)
2019-10-08 07:38:29,765 [pool-403-thread-1] INFO  server.RaftServerConfigKeys (ConfUtils.java:logGet(43)) - raft.server.log.segment.cache.num.max = 2 (custom)
2019-10-08 07:38:29,765 [pool-403-thread-1] INFO  segmented.SegmentedRaftLogWorker (SegmentedRaftLogWorker.java:<init>(173)) - new 85a03eef-da5c-4cf0-8830-b083dbd50109@group-831F030CA5D2-SegmentedRaftLogWorker for RaftStorage:Storage Directory /workdir/hadoop-ozone/integration-test/target/test-dir/MiniOzoneClusterImpl-902567ba-501e-44b4-9d07-934ea4d81655/datanode-2/data/ratis/4af39b8a-dd6b-4491-ae13-831f030ca5d2
2019-10-08 07:38:29,766 [pool-403-thread-1] INFO  server.RaftServerConfigKeys (ConfUtils.java:logGet(43)) - raft.server.log.queue.byte-limit = 2147483647 (custom)
2019-10-08 07:38:29,766 [pool-403-thread-1] INFO  server.RaftServerConfigKeys (ConfUtils.java:logGet(43)) - raft.server.log.queue.element-limit = 1024 (custom)
2019-10-08 07:38:29,766 [pool-403-thread-1] INFO  server.RaftServerConfigKeys (ConfUtils.java:logGet(43)) - raft.server.log.segment.size.max = 1048576 (custom)
2019-10-08 07:38:29,766 [pool-403-thread-1] INFO  server.RaftServerConfigKeys (ConfUtils.java:logGet(43)) - raft.server.log.preallocated.size = 16384 (custom)
2019-10-08 07:38:29,766 [pool-403-thread-1] INFO  server.RaftServerConfigKeys (ConfUtils.java:logGet(43)) - raft.server.log.write.buffer.size = 33554432 (custom)
2019-10-08 07:38:29,766 [pool-403-thread-1] INFO  server.RaftServerConfigKeys (ConfUtils.java:logGet(43)) - raft.server.log.force.sync.num = 128 (default)
2019-10-08 07:38:29,766 [pool-403-thread-1] INFO  server.RaftServerConfigKeys (ConfUtils.java:logGet(43)) - raft.server.log.statemachine.data.sync = true (default)
2019-10-08 07:38:29,766 [pool-403-thread-1] INFO  server.RaftServerConfigKeys (ConfUtils.java:logGet(43)) - raft.server.log.statemachine.data.sync.timeout = 10s (default)
2019-10-08 07:38:29,767 [pool-403-thread-1] INFO  server.RaftServerConfigKeys (ConfUtils.java:logGet(43)) - raft.server.log.statemachine.data.sync.timeout.retry = -1 (default)
2019-10-08 07:38:29,767 [pool-403-thread-1] INFO  server.RaftServerConfigKeys (ConfUtils.java:logGet(43)) - raft.server.log.statemachine.data.caching.enabled = true (custom)
2019-10-08 07:38:29,767 [pool-403-thread-1] INFO  segmented.SegmentedRaftLogWorker (SegmentedRaftLogWorker.java:lambda$new$0(128)) - 85a03eef-da5c-4cf0-8830-b083dbd50109@group-831F030CA5D2-SegmentedRaftLogWorker: flushIndex: setUnconditionally 0 -> -1
2019-10-08 07:38:29,767 [pool-403-thread-1] INFO  server.RaftServerConfigKeys (ConfUtils.java:logGet(43)) - raft.server.snapshot.auto.trigger.enabled = true (custom)
2019-10-08 07:38:29,767 [pool-403-thread-1] INFO  server.RaftServerConfigKeys (ConfUtils.java:logGet(43)) - raft.server.snapshot.auto.trigger.threshold = 10000 (custom)
2019-10-08 07:38:29,768 [pool-403-thread-1] INFO  server.RaftServerConfigKeys (ConfUtils.java:logGet(43)) - raft.server.snapshot.retention.file.num = 5 (custom)
2019-10-08 07:38:29,768 [pool-403-thread-1] INFO  server.RaftServerConfigKeys (ConfUtils.java:logGet(43)) - raft.server.retrycache.expirytime = 600000ms (custom)
2019-10-08 07:38:29,769 [pool-403-thread-1] INFO  impl.RaftServerImpl (RaftServerImpl.java:start(181)) - 85a03eef-da5c-4cf0-8830-b083dbd50109@group-831F030CA5D2: start as a follower, conf=-1: [85a03eef-da5c-4cf0-8830-b083dbd50109:192.168.30.43:33061], old=null
2019-10-08 07:38:29,769 [pool-403-thread-1] INFO  impl.RaftServerImpl (RaftServerImpl.java:setRole(170)) - 85a03eef-da5c-4cf0-8830-b083dbd50109@group-831F030CA5D2: changes role from      null to FOLLOWER at term 0 for startAsFollower
2019-10-08 07:38:29,769 [pool-403-thread-1] INFO  impl.RoleInfo (RoleInfo.java:updateAndGet(143)) - 85a03eef-da5c-4cf0-8830-b083dbd50109: start FollowerState
2019-10-08 07:38:29,770 [pool-403-thread-1] INFO  util.JmxRegister (JmxRegister.java:tryRegister(44)) - Successfully registered JMX Bean with object name Ratis:service=RaftServer,group=group-831F030CA5D2,id=85a03eef-da5c-4cf0-8830-b083dbd50109
2019-10-08 07:38:29,773 [RatisPipelineUtilsThread] INFO  pipeline.PipelineStateManager (PipelineStateManager.java:addPipeline(56)) - Created pipeline Pipeline[ Id: 4af39b8a-dd6b-4491-ae13-831f030ca5d2, Nodes: 85a03eef-da5c-4cf0-8830-b083dbd50109{ip: 192.168.30.43, host: pr-hdds-2260-pj9wp-4011291103, networkLocation: /default-rack, certSerialId: null}, Type:RATIS, Factor:ONE, State:OPEN]
2019-10-08 07:38:29,786 [grpc-default-executor-2] INFO  impl.RaftServerProxy (RaftServerProxy.java:addNew(89)) - 1a1ec4dc-c977-4a0f-9a45-1a415cfcc58c: addNew group-3EC0E788E661:[1a1ec4dc-c977-4a0f-9a45-1a415cfcc58c:192.168.30.43:37384, f3f71062-fa4a-4694-ac66-7042590037ba:192.168.30.43:43096, 85a03eef-da5c-4cf0-8830-b083dbd50109:192.168.30.43:33061] returns group-3EC0E788E661:java.util.concurrent.CompletableFuture@310849b1[Not completed]
2019-10-08 07:38:29,786 [grpc-default-executor-8] INFO  impl.RaftServerProxy (RaftServerProxy.java:addNew(89)) - 85a03eef-da5c-4cf0-8830-b083dbd50109: addNew group-3EC0E788E661:[1a1ec4dc-c977-4a0f-9a45-1a415cfcc58c:192.168.30.43:37384, f3f71062-fa4a-4694-ac66-7042590037ba:192.168.30.43:43096, 85a03eef-da5c-4cf0-8830-b083dbd50109:192.168.30.43:33061] returns group-3EC0E788E661:java.util.concurrent.CompletableFuture@788df004[Not completed]
2019-10-08 07:38:29,787 [grpc-default-executor-8] INFO  impl.RaftServerProxy (RaftServerProxy.java:addNew(89)) - f3f71062-fa4a-4694-ac66-7042590037ba: addNew group-3EC0E788E661:[1a1ec4dc-c977-4a0f-9a45-1a415cfcc58c:192.168.30.43:37384, f3f71062-fa4a-4694-ac66-7042590037ba:192.168.30.43:43096, 85a03eef-da5c-4cf0-8830-b083dbd50109:192.168.30.43:33061] returns group-3EC0E788E661:java.util.concurrent.CompletableFuture@70a1889d[Not completed]
2019-10-08 07:38:29,787 [pool-383-thread-1] INFO  impl.RaftServerImpl (RaftServerImpl.java:<init>(95)) - 1a1ec4dc-c977-4a0f-9a45-1a415cfcc58c: new RaftServerImpl for group-3EC0E788E661:[1a1ec4dc-c977-4a0f-9a45-1a415cfcc58c:192.168.30.43:37384, f3f71062-fa4a-4694-ac66-7042590037ba:192.168.30.43:43096, 85a03eef-da5c-4cf0-8830-b083dbd50109:192.168.30.43:33061] with ContainerStateMachine:uninitialized
2019-10-08 07:38:29,787 [pool-383-thread-1] INFO  server.RaftServerConfigKeys (ConfUtils.java:logGet(43)) - raft.server.rpc.timeout.min = 5s (custom)
2019-10-08 07:38:29,787 [pool-383-thread-1] INFO  server.RaftServerConfigKeys (ConfUtils.java:logGet(43)) - raft.server.rpc.timeout.max = 5200ms (custom)
2019-10-08 07:38:29,787 [pool-383-thread-1] INFO  server.RaftServerConfigKeys (ConfUtils.java:logGet(43)) - raft.server.rpcslowness.timeout = 120s (custom)
2019-10-08 07:38:29,788 [pool-383-thread-1] INFO  server.RaftServerConfigKeys (ConfUtils.java:logGet(43)) - raft.server.sleep.deviation.threshold = 300 (default)
2019-10-08 07:38:29,788 [pool-383-thread-1] INFO  server.RaftServerConfigKeys (ConfUtils.java:logGet(43)) - raft.server.log.appender.install.snapshot.enabled = false (custom)
2019-10-08 07:38:29,788 [pool-383-thread-1] INFO  impl.RaftServerImpl (ServerState.java:<init>(103)) - 1a1ec4dc-c977-4a0f-9a45-1a415cfcc58c@group-3EC0E788E661: ConfigurationManager, init=-1: [1a1ec4dc-c977-4a0f-9a45-1a415cfcc58c:192.168.30.43:37384, f3f71062-fa4a-4694-ac66-7042590037ba:192.168.30.43:43096, 85a03eef-da5c-4cf0-8830-b083dbd50109:192.168.30.43:33061], old=null, confs=<EMPTY_MAP>
2019-10-08 07:38:29,788 [pool-403-thread-1] INFO  impl.RaftServerImpl (RaftServerImpl.java:<init>(95)) - 85a03eef-da5c-4cf0-8830-b083dbd50109: new RaftServerImpl for group-3EC0E788E661:[1a1ec4dc-c977-4a0f-9a45-1a415cfcc58c:192.168.30.43:37384, f3f71062-fa4a-4694-ac66-7042590037ba:192.168.30.43:43096, 85a03eef-da5c-4cf0-8830-b083dbd50109:192.168.30.43:33061] with ContainerStateMachine:uninitialized
2019-10-08 07:38:29,788 [pool-383-thread-1] INFO  server.RaftServerConfigKeys (ConfUtils.java:logGet(43)) - raft.server.storage.dir = [/workdir/hadoop-ozone/integration-test/target/test-dir/MiniOzoneClusterImpl-902567ba-501e-44b4-9d07-934ea4d81655/datanode-0/data/ratis] (custom)
2019-10-08 07:38:29,788 [pool-403-thread-1] INFO  server.RaftServerConfigKeys (ConfUtils.java:logGet(43)) - raft.server.rpc.timeout.min = 5s (custom)
2019-10-08 07:38:29,788 [pool-383-thread-1] INFO  server.RaftServerConfigKeys (ConfUtils.java:logGet(43)) - raft.server.log.corruption.policy = EXCEPTION (default)
2019-10-08 07:38:29,788 [pool-403-thread-1] INFO  server.RaftServerConfigKeys (ConfUtils.java:logGet(43)) - raft.server.rpc.timeout.max = 5200ms (custom)
2019-10-08 07:38:29,788 [pool-393-thread-1] INFO  impl.RaftServerImpl (RaftServerImpl.java:<init>(95)) - f3f71062-fa4a-4694-ac66-7042590037ba: new RaftServerImpl for group-3EC0E788E661:[1a1ec4dc-c977-4a0f-9a45-1a415cfcc58c:192.168.30.43:37384, f3f71062-fa4a-4694-ac66-7042590037ba:192.168.30.43:43096, 85a03eef-da5c-4cf0-8830-b083dbd50109:192.168.30.43:33061] with ContainerStateMachine:uninitialized
2019-10-08 07:38:29,788 [pool-383-thread-1] INFO  storage.RaftStorageDirectory (RaftStorageDirectory.java:analyzeStorage(246)) - The storage directory /workdir/hadoop-ozone/integration-test/target/test-dir/MiniOzoneClusterImpl-902567ba-501e-44b4-9d07-934ea4d81655/datanode-0/data/ratis/59d2d40b-339c-4f30-8119-3ec0e788e661 does not exist. Creating ...
2019-10-08 07:38:29,789 [pool-393-thread-1] INFO  server.RaftServerConfigKeys (ConfUtils.java:logGet(43)) - raft.server.rpc.timeout.min = 5s (custom)
2019-10-08 07:38:29,788 [pool-403-thread-1] INFO  server.RaftServerConfigKeys (ConfUtils.java:logGet(43)) - raft.server.rpcslowness.timeout = 120s (custom)
2019-10-08 07:38:29,789 [pool-393-thread-1] INFO  server.RaftServerConfigKeys (ConfUtils.java:logGet(43)) - raft.server.rpc.timeout.max = 5200ms (custom)
2019-10-08 07:38:29,789 [pool-403-thread-1] INFO  server.RaftServerConfigKeys (ConfUtils.java:logGet(43)) - raft.server.sleep.deviation.threshold = 300 (default)
2019-10-08 07:38:29,789 [pool-393-thread-1] INFO  server.RaftServerConfigKeys (ConfUtils.java:logGet(43)) - raft.server.rpcslowness.timeout = 120s (custom)
2019-10-08 07:38:29,789 [pool-403-thread-1] INFO  server.RaftServerConfigKeys (ConfUtils.java:logGet(43)) - raft.server.log.appender.install.snapshot.enabled = false (custom)
2019-10-08 07:38:29,789 [pool-393-thread-1] INFO  server.RaftServerConfigKeys (ConfUtils.java:logGet(43)) - raft.server.sleep.deviation.threshold = 300 (default)
2019-10-08 07:38:29,790 [pool-403-thread-1] INFO  impl.RaftServerImpl (ServerState.java:<init>(103)) - 85a03eef-da5c-4cf0-8830-b083dbd50109@group-3EC0E788E661: ConfigurationManager, init=-1: [1a1ec4dc-c977-4a0f-9a45-1a415cfcc58c:192.168.30.43:37384, f3f71062-fa4a-4694-ac66-7042590037ba:192.168.30.43:43096, 85a03eef-da5c-4cf0-8830-b083dbd50109:192.168.30.43:33061], old=null, confs=<EMPTY_MAP>
2019-10-08 07:38:29,790 [pool-393-thread-1] INFO  server.RaftServerConfigKeys (ConfUtils.java:logGet(43)) - raft.server.log.appender.install.snapshot.enabled = false (custom)
2019-10-08 07:38:29,790 [pool-403-thread-1] INFO  server.RaftServerConfigKeys (ConfUtils.java:logGet(43)) - raft.server.storage.dir = [/workdir/hadoop-ozone/integration-test/target/test-dir/MiniOzoneClusterImpl-902567ba-501e-44b4-9d07-934ea4d81655/datanode-2/data/ratis] (custom)
2019-10-08 07:38:29,790 [pool-393-thread-1] INFO  impl.RaftServerImpl (ServerState.java:<init>(103)) - f3f71062-fa4a-4694-ac66-7042590037ba@group-3EC0E788E661: ConfigurationManager, init=-1: [1a1ec4dc-c977-4a0f-9a45-1a415cfcc58c:192.168.30.43:37384, f3f71062-fa4a-4694-ac66-7042590037ba:192.168.30.43:43096, 85a03eef-da5c-4cf0-8830-b083dbd50109:192.168.30.43:33061], old=null, confs=<EMPTY_MAP>
2019-10-08 07:38:29,790 [pool-403-thread-1] INFO  server.RaftServerConfigKeys (ConfUtils.java:logGet(43)) - raft.server.log.corruption.policy = EXCEPTION (default)
2019-10-08 07:38:29,790 [pool-393-thread-1] INFO  server.RaftServerConfigKeys (ConfUtils.java:logGet(43)) - raft.server.storage.dir = [/workdir/hadoop-ozone/integration-test/target/test-dir/MiniOzoneClusterImpl-902567ba-501e-44b4-9d07-934ea4d81655/datanode-1/data/ratis] (custom)
2019-10-08 07:38:29,790 [pool-403-thread-1] INFO  storage.RaftStorageDirectory (RaftStorageDirectory.java:analyzeStorage(246)) - The storage directory /workdir/hadoop-ozone/integration-test/target/test-dir/MiniOzoneClusterImpl-902567ba-501e-44b4-9d07-934ea4d81655/datanode-2/data/ratis/59d2d40b-339c-4f30-8119-3ec0e788e661 does not exist. Creating ...
2019-10-08 07:38:29,791 [pool-393-thread-1] INFO  server.RaftServerConfigKeys (ConfUtils.java:logGet(43)) - raft.server.log.corruption.policy = EXCEPTION (default)
2019-10-08 07:38:29,791 [pool-393-thread-1] INFO  storage.RaftStorageDirectory (RaftStorageDirectory.java:analyzeStorage(246)) - The storage directory /workdir/hadoop-ozone/integration-test/target/test-dir/MiniOzoneClusterImpl-902567ba-501e-44b4-9d07-934ea4d81655/datanode-1/data/ratis/59d2d40b-339c-4f30-8119-3ec0e788e661 does not exist. Creating ...
2019-10-08 07:38:29,800 [IPC Server handler 1 on 35886] INFO  net.NetworkTopology (NetworkTopologyImpl.java:add(111)) - Added a new node: /default-rack/60fa01fa-f990-444a-8ecf-b9727f610da1
2019-10-08 07:38:29,800 [IPC Server handler 1 on 35886] INFO  node.SCMNodeManager (SCMNodeManager.java:register(268)) - Registered Data node : 60fa01fa-f990-444a-8ecf-b9727f610da1{ip: 192.168.30.43, host: pr-hdds-2260-pj9wp-4011291103, networkLocation: /default-rack, certSerialId: null}
2019-10-08 07:38:29,802 [pool-403-thread-1] INFO  storage.RaftStorageDirectory (RaftStorageDirectory.java:tryLock(328)) - Lock on /workdir/hadoop-ozone/integration-test/target/test-dir/MiniOzoneClusterImpl-902567ba-501e-44b4-9d07-934ea4d81655/datanode-2/data/ratis/59d2d40b-339c-4f30-8119-3ec0e788e661/in_use.lock acquired by nodename 10114@pr-hdds-2260-pj9wp-4011291103
2019-10-08 07:38:29,802 [pool-393-thread-1] INFO  storage.RaftStorageDirectory (RaftStorageDirectory.java:tryLock(328)) - Lock on /workdir/hadoop-ozone/integration-test/target/test-dir/MiniOzoneClusterImpl-902567ba-501e-44b4-9d07-934ea4d81655/datanode-1/data/ratis/59d2d40b-339c-4f30-8119-3ec0e788e661/in_use.lock acquired by nodename 10114@pr-hdds-2260-pj9wp-4011291103
2019-10-08 07:38:29,802 [pool-383-thread-1] INFO  storage.RaftStorageDirectory (RaftStorageDirectory.java:tryLock(328)) - Lock on /workdir/hadoop-ozone/integration-test/target/test-dir/MiniOzoneClusterImpl-902567ba-501e-44b4-9d07-934ea4d81655/datanode-0/data/ratis/59d2d40b-339c-4f30-8119-3ec0e788e661/in_use.lock acquired by nodename 10114@pr-hdds-2260-pj9wp-4011291103
2019-10-08 07:38:29,816 [pool-383-thread-1] INFO  storage.RaftStorage (RaftStorage.java:format(84)) - Storage directory /workdir/hadoop-ozone/integration-test/target/test-dir/MiniOzoneClusterImpl-902567ba-501e-44b4-9d07-934ea4d81655/datanode-0/data/ratis/59d2d40b-339c-4f30-8119-3ec0e788e661 has been successfully formatted.
2019-10-08 07:38:29,816 [pool-403-thread-1] INFO  storage.RaftStorage (RaftStorage.java:format(84)) - Storage directory /workdir/hadoop-ozone/integration-test/target/test-dir/MiniOzoneClusterImpl-902567ba-501e-44b4-9d07-934ea4d81655/datanode-2/data/ratis/59d2d40b-339c-4f30-8119-3ec0e788e661 has been successfully formatted.
2019-10-08 07:38:29,816 [pool-393-thread-1] INFO  storage.RaftStorage (RaftStorage.java:format(84)) - Storage directory /workdir/hadoop-ozone/integration-test/target/test-dir/MiniOzoneClusterImpl-902567ba-501e-44b4-9d07-934ea4d81655/datanode-1/data/ratis/59d2d40b-339c-4f30-8119-3ec0e788e661 has been successfully formatted.
2019-10-08 07:38:29,817 [pool-403-thread-1] INFO  ratis.ContainerStateMachine (ContainerStateMachine.java:loadSnapshot(231)) - group-3EC0E788E661: The snapshot info is null. Setting the last applied indexto:(t:0, i:~)
2019-10-08 07:38:29,816 [pool-383-thread-1] INFO  ratis.ContainerStateMachine (ContainerStateMachine.java:loadSnapshot(231)) - group-3EC0E788E661: The snapshot info is null. Setting the last applied indexto:(t:0, i:~)
2019-10-08 07:38:29,817 [pool-403-thread-1] INFO  server.RaftServerConfigKeys (ConfUtils.java:logGet(43)) - raft.server.notification.no-leader.timeout = 120s (custom)
2019-10-08 07:38:29,817 [pool-393-thread-1] INFO  ratis.ContainerStateMachine (ContainerStateMachine.java:loadSnapshot(231)) - group-3EC0E788E661: The snapshot info is null. Setting the last applied indexto:(t:0, i:~)
2019-10-08 07:38:29,817 [pool-403-thread-1] INFO  server.RaftServerConfigKeys (ConfUtils.java:logGet(43)) - raft.server.log.use.memory = false (default)
2019-10-08 07:38:29,817 [pool-383-thread-1] INFO  server.RaftServerConfigKeys (ConfUtils.java:logGet(43)) - raft.server.notification.no-leader.timeout = 120s (custom)
2019-10-08 07:38:29,817 [pool-403-thread-1] INFO  server.RaftServerConfigKeys (ConfUtils.java:logGet(43)) - raft.server.log.purge.gap = 1000000 (custom)
2019-10-08 07:38:29,817 [pool-393-thread-1] INFO  server.RaftServerConfigKeys (ConfUtils.java:logGet(43)) - raft.server.notification.no-leader.timeout = 120s (custom)
2019-10-08 07:38:29,818 [pool-403-thread-1] INFO  server.RaftServerConfigKeys (ConfUtils.java:logGet(43)) - raft.server.log.appender.buffer.byte-limit = 33554432 (custom)
2019-10-08 07:38:29,817 [pool-383-thread-1] INFO  server.RaftServerConfigKeys (ConfUtils.java:logGet(43)) - raft.server.log.use.memory = false (default)
2019-10-08 07:38:29,818 [pool-403-thread-1] INFO  server.RaftServerConfigKeys (ConfUtils.java:logGet(43)) - raft.server.log.segment.size.max = 1048576 (custom)
2019-10-08 07:38:29,818 [pool-393-thread-1] INFO  server.RaftServerConfigKeys (ConfUtils.java:logGet(43)) - raft.server.log.use.memory = false (default)
2019-10-08 07:38:29,818 [pool-403-thread-1] INFO  server.RaftServerConfigKeys (ConfUtils.java:logGet(43)) - raft.server.log.segment.cache.num.max = 2 (custom)
2019-10-08 07:38:29,818 [pool-383-thread-1] INFO  server.RaftServerConfigKeys (ConfUtils.java:logGet(43)) - raft.server.log.purge.gap = 1000000 (custom)
2019-10-08 07:38:29,818 [pool-403-thread-1] INFO  segmented.SegmentedRaftLogWorker (SegmentedRaftLogWorker.java:<init>(173)) - new 85a03eef-da5c-4cf0-8830-b083dbd50109@group-3EC0E788E661-SegmentedRaftLogWorker for RaftStorage:Storage Directory /workdir/hadoop-ozone/integration-test/target/test-dir/MiniOzoneClusterImpl-902567ba-501e-44b4-9d07-934ea4d81655/datanode-2/data/ratis/59d2d40b-339c-4f30-8119-3ec0e788e661
2019-10-08 07:38:29,818 [pool-393-thread-1] INFO  server.RaftServerConfigKeys (ConfUtils.java:logGet(43)) - raft.server.log.purge.gap = 1000000 (custom)
2019-10-08 07:38:29,819 [pool-403-thread-1] INFO  server.RaftServerConfigKeys (ConfUtils.java:logGet(43)) - raft.server.log.queue.byte-limit = 2147483647 (custom)
2019-10-08 07:38:29,819 [pool-383-thread-1] INFO  server.RaftServerConfigKeys (ConfUtils.java:logGet(43)) - raft.server.log.appender.buffer.byte-limit = 33554432 (custom)
2019-10-08 07:38:29,819 [pool-403-thread-1] INFO  server.RaftServerConfigKeys (ConfUtils.java:logGet(43)) - raft.server.log.queue.element-limit = 1024 (custom)
2019-10-08 07:38:29,819 [pool-393-thread-1] INFO  server.RaftServerConfigKeys (ConfUtils.java:logGet(43)) - raft.server.log.appender.buffer.byte-limit = 33554432 (custom)
2019-10-08 07:38:29,819 [pool-403-thread-1] INFO  server.RaftServerConfigKeys (ConfUtils.java:logGet(43)) - raft.server.log.segment.size.max = 1048576 (custom)
2019-10-08 07:38:29,819 [pool-383-thread-1] INFO  server.RaftServerConfigKeys (ConfUtils.java:logGet(43)) - raft.server.log.segment.size.max = 1048576 (custom)
2019-10-08 07:38:29,820 [pool-403-thread-1] INFO  server.RaftServerConfigKeys (ConfUtils.java:logGet(43)) - raft.server.log.preallocated.size = 16384 (custom)
2019-10-08 07:38:29,820 [pool-403-thread-1] INFO  server.RaftServerConfigKeys (ConfUtils.java:logGet(43)) - raft.server.log.write.buffer.size = 33554432 (custom)
2019-10-08 07:38:29,819 [pool-393-thread-1] INFO  server.RaftServerConfigKeys (ConfUtils.java:logGet(43)) - raft.server.log.segment.size.max = 1048576 (custom)
2019-10-08 07:38:29,820 [pool-403-thread-1] INFO  server.RaftServerConfigKeys (ConfUtils.java:logGet(43)) - raft.server.log.force.sync.num = 128 (default)
2019-10-08 07:38:29,820 [pool-383-thread-1] INFO  server.RaftServerConfigKeys (ConfUtils.java:logGet(43)) - raft.server.log.segment.cache.num.max = 2 (custom)
2019-10-08 07:38:29,820 [pool-403-thread-1] INFO  server.RaftServerConfigKeys (ConfUtils.java:logGet(43)) - raft.server.log.statemachine.data.sync = true (default)
2019-10-08 07:38:29,820 [pool-393-thread-1] INFO  server.RaftServerConfigKeys (ConfUtils.java:logGet(43)) - raft.server.log.segment.cache.num.max = 2 (custom)
2019-10-08 07:38:29,821 [pool-403-thread-1] INFO  server.RaftServerConfigKeys (ConfUtils.java:logGet(43)) - raft.server.log.statemachine.data.sync.timeout = 10s (default)
2019-10-08 07:38:29,821 [pool-403-thread-1] INFO  server.RaftServerConfigKeys (ConfUtils.java:logGet(43)) - raft.server.log.statemachine.data.sync.timeout.retry = -1 (default)
2019-10-08 07:38:29,820 [pool-383-thread-1] INFO  segmented.SegmentedRaftLogWorker (SegmentedRaftLogWorker.java:<init>(173)) - new 1a1ec4dc-c977-4a0f-9a45-1a415cfcc58c@group-3EC0E788E661-SegmentedRaftLogWorker for RaftStorage:Storage Directory /workdir/hadoop-ozone/integration-test/target/test-dir/MiniOzoneClusterImpl-902567ba-501e-44b4-9d07-934ea4d81655/datanode-0/data/ratis/59d2d40b-339c-4f30-8119-3ec0e788e661
2019-10-08 07:38:29,821 [pool-403-thread-1] INFO  server.RaftServerConfigKeys (ConfUtils.java:logGet(43)) - raft.server.log.statemachine.data.caching.enabled = true (custom)
2019-10-08 07:38:29,821 [pool-393-thread-1] INFO  segmented.SegmentedRaftLogWorker (SegmentedRaftLogWorker.java:<init>(173)) - new f3f71062-fa4a-4694-ac66-7042590037ba@group-3EC0E788E661-SegmentedRaftLogWorker for RaftStorage:Storage Directory /workdir/hadoop-ozone/integration-test/target/test-dir/MiniOzoneClusterImpl-902567ba-501e-44b4-9d07-934ea4d81655/datanode-1/data/ratis/59d2d40b-339c-4f30-8119-3ec0e788e661
2019-10-08 07:38:29,821 [pool-383-thread-1] INFO  server.RaftServerConfigKeys (ConfUtils.java:logGet(43)) - raft.server.log.queue.byte-limit = 2147483647 (custom)
2019-10-08 07:38:29,821 [pool-403-thread-1] INFO  segmented.SegmentedRaftLogWorker (SegmentedRaftLogWorker.java:lambda$new$0(128)) - 85a03eef-da5c-4cf0-8830-b083dbd50109@group-3EC0E788E661-SegmentedRaftLogWorker: flushIndex: setUnconditionally 0 -> -1
2019-10-08 07:38:29,821 [pool-393-thread-1] INFO  server.RaftServerConfigKeys (ConfUtils.java:logGet(43)) - raft.server.log.queue.byte-limit = 2147483647 (custom)
2019-10-08 07:38:29,821 [pool-383-thread-1] INFO  server.RaftServerConfigKeys (ConfUtils.java:logGet(43)) - raft.server.log.queue.element-limit = 1024 (custom)
2019-10-08 07:38:29,822 [pool-403-thread-1] INFO  server.RaftServerConfigKeys (ConfUtils.java:logGet(43)) - raft.server.snapshot.auto.trigger.enabled = true (custom)
2019-10-08 07:38:29,822 [pool-393-thread-1] INFO  server.RaftServerConfigKeys (ConfUtils.java:logGet(43)) - raft.server.log.queue.element-limit = 1024 (custom)
2019-10-08 07:38:29,822 [pool-403-thread-1] INFO  server.RaftServerConfigKeys (ConfUtils.java:logGet(43)) - raft.server.snapshot.auto.trigger.threshold = 10000 (custom)
2019-10-08 07:38:29,822 [pool-383-thread-1] INFO  server.RaftServerConfigKeys (ConfUtils.java:logGet(43)) - raft.server.log.segment.size.max = 1048576 (custom)
2019-10-08 07:38:29,822 [pool-403-thread-1] INFO  server.RaftServerConfigKeys (ConfUtils.java:logGet(43)) - raft.server.snapshot.retention.file.num = 5 (custom)
2019-10-08 07:38:29,822 [pool-393-thread-1] INFO  server.RaftServerConfigKeys (ConfUtils.java:logGet(43)) - raft.server.log.segment.size.max = 1048576 (custom)
2019-10-08 07:38:29,823 [pool-403-thread-1] INFO  server.RaftServerConfigKeys (ConfUtils.java:logGet(43)) - raft.server.retrycache.expirytime = 600000ms (custom)
2019-10-08 07:38:29,822 [pool-383-thread-1] INFO  server.RaftServerConfigKeys (ConfUtils.java:logGet(43)) - raft.server.log.preallocated.size = 16384 (custom)
2019-10-08 07:38:29,823 [pool-393-thread-1] INFO  server.RaftServerConfigKeys (ConfUtils.java:logGet(43)) - raft.server.log.preallocated.size = 16384 (custom)
2019-10-08 07:38:29,823 [pool-383-thread-1] INFO  server.RaftServerConfigKeys (ConfUtils.java:logGet(43)) - raft.server.log.write.buffer.size = 33554432 (custom)
2019-10-08 07:38:29,823 [pool-393-thread-1] INFO  server.RaftServerConfigKeys (ConfUtils.java:logGet(43)) - raft.server.log.write.buffer.size = 33554432 (custom)
2019-10-08 07:38:29,823 [pool-383-thread-1] INFO  server.RaftServerConfigKeys (ConfUtils.java:logGet(43)) - raft.server.log.force.sync.num = 128 (default)
2019-10-08 07:38:29,823 [pool-393-thread-1] INFO  server.RaftServerConfigKeys (ConfUtils.java:logGet(43)) - raft.server.log.force.sync.num = 128 (default)
2019-10-08 07:38:29,823 [pool-383-thread-1] INFO  server.RaftServerConfigKeys (ConfUtils.java:logGet(43)) - raft.server.log.statemachine.data.sync = true (default)
2019-10-08 07:38:29,823 [pool-393-thread-1] INFO  server.RaftServerConfigKeys (ConfUtils.java:logGet(43)) - raft.server.log.statemachine.data.sync = true (default)
2019-10-08 07:38:29,824 [pool-383-thread-1] INFO  server.RaftServerConfigKeys (ConfUtils.java:logGet(43)) - raft.server.log.statemachine.data.sync.timeout = 10s (default)
2019-10-08 07:38:29,824 [pool-393-thread-1] INFO  server.RaftServerConfigKeys (ConfUtils.java:logGet(43)) - raft.server.log.statemachine.data.sync.timeout = 10s (default)
2019-10-08 07:38:29,824 [pool-383-thread-1] INFO  server.RaftServerConfigKeys (ConfUtils.java:logGet(43)) - raft.server.log.statemachine.data.sync.timeout.retry = -1 (default)
2019-10-08 07:38:29,824 [pool-393-thread-1] INFO  server.RaftServerConfigKeys (ConfUtils.java:logGet(43)) - raft.server.log.statemachine.data.sync.timeout.retry = -1 (default)
2019-10-08 07:38:29,824 [pool-383-thread-1] INFO  server.RaftServerConfigKeys (ConfUtils.java:logGet(43)) - raft.server.log.statemachine.data.caching.enabled = true (custom)
2019-10-08 07:38:29,824 [pool-393-thread-1] INFO  server.RaftServerConfigKeys (ConfUtils.java:logGet(43)) - raft.server.log.statemachine.data.caching.enabled = true (custom)
2019-10-08 07:38:29,824 [pool-403-thread-1] INFO  impl.RaftServerImpl (RaftServerImpl.java:start(181)) - 85a03eef-da5c-4cf0-8830-b083dbd50109@group-3EC0E788E661: start as a follower, conf=-1: [1a1ec4dc-c977-4a0f-9a45-1a415cfcc58c:192.168.30.43:37384, f3f71062-fa4a-4694-ac66-7042590037ba:192.168.30.43:43096, 85a03eef-da5c-4cf0-8830-b083dbd50109:192.168.30.43:33061], old=null
2019-10-08 07:38:29,825 [pool-393-thread-1] INFO  segmented.SegmentedRaftLogWorker (SegmentedRaftLogWorker.java:lambda$new$0(128)) - f3f71062-fa4a-4694-ac66-7042590037ba@group-3EC0E788E661-SegmentedRaftLogWorker: flushIndex: setUnconditionally 0 -> -1
2019-10-08 07:38:29,824 [pool-383-thread-1] INFO  segmented.SegmentedRaftLogWorker (SegmentedRaftLogWorker.java:lambda$new$0(128)) - 1a1ec4dc-c977-4a0f-9a45-1a415cfcc58c@group-3EC0E788E661-SegmentedRaftLogWorker: flushIndex: setUnconditionally 0 -> -1
2019-10-08 07:38:29,825 [pool-403-thread-1] INFO  impl.RaftServerImpl (RaftServerImpl.java:setRole(170)) - 85a03eef-da5c-4cf0-8830-b083dbd50109@group-3EC0E788E661: changes role from      null to FOLLOWER at term 0 for startAsFollower
2019-10-08 07:38:29,825 [pool-393-thread-1] INFO  server.RaftServerConfigKeys (ConfUtils.java:logGet(43)) - raft.server.snapshot.auto.trigger.enabled = true (custom)
2019-10-08 07:38:29,825 [pool-383-thread-1] INFO  server.RaftServerConfigKeys (ConfUtils.java:logGet(43)) - raft.server.snapshot.auto.trigger.enabled = true (custom)
2019-10-08 07:38:29,825 [pool-403-thread-1] INFO  impl.RoleInfo (RoleInfo.java:updateAndGet(143)) - 85a03eef-da5c-4cf0-8830-b083dbd50109: start FollowerState
2019-10-08 07:38:29,825 [pool-383-thread-1] INFO  server.RaftServerConfigKeys (ConfUtils.java:logGet(43)) - raft.server.snapshot.auto.trigger.threshold = 10000 (custom)
2019-10-08 07:38:29,825 [pool-393-thread-1] INFO  server.RaftServerConfigKeys (ConfUtils.java:logGet(43)) - raft.server.snapshot.auto.trigger.threshold = 10000 (custom)
2019-10-08 07:38:29,825 [pool-383-thread-1] INFO  server.RaftServerConfigKeys (ConfUtils.java:logGet(43)) - raft.server.snapshot.retention.file.num = 5 (custom)
2019-10-08 07:38:29,826 [pool-403-thread-1] INFO  util.JmxRegister (JmxRegister.java:tryRegister(44)) - Successfully registered JMX Bean with object name Ratis:service=RaftServer,group=group-3EC0E788E661,id=85a03eef-da5c-4cf0-8830-b083dbd50109
2019-10-08 07:38:29,826 [pool-393-thread-1] INFO  server.RaftServerConfigKeys (ConfUtils.java:logGet(43)) - raft.server.snapshot.retention.file.num = 5 (custom)
2019-10-08 07:38:29,826 [pool-383-thread-1] INFO  server.RaftServerConfigKeys (ConfUtils.java:logGet(43)) - raft.server.retrycache.expirytime = 600000ms (custom)
2019-10-08 07:38:29,826 [pool-393-thread-1] INFO  server.RaftServerConfigKeys (ConfUtils.java:logGet(43)) - raft.server.retrycache.expirytime = 600000ms (custom)
2019-10-08 07:38:29,829 [pool-383-thread-1] INFO  impl.RaftServerImpl (RaftServerImpl.java:start(181)) - 1a1ec4dc-c977-4a0f-9a45-1a415cfcc58c@group-3EC0E788E661: start as a follower, conf=-1: [1a1ec4dc-c977-4a0f-9a45-1a415cfcc58c:192.168.30.43:37384, f3f71062-fa4a-4694-ac66-7042590037ba:192.168.30.43:43096, 85a03eef-da5c-4cf0-8830-b083dbd50109:192.168.30.43:33061], old=null
2019-10-08 07:38:29,830 [pool-383-thread-1] INFO  impl.RaftServerImpl (RaftServerImpl.java:setRole(170)) - 1a1ec4dc-c977-4a0f-9a45-1a415cfcc58c@group-3EC0E788E661: changes role from      null to FOLLOWER at term 0 for startAsFollower
2019-10-08 07:38:29,830 [pool-393-thread-1] INFO  impl.RaftServerImpl (RaftServerImpl.java:start(181)) - f3f71062-fa4a-4694-ac66-7042590037ba@group-3EC0E788E661: start as a follower, conf=-1: [1a1ec4dc-c977-4a0f-9a45-1a415cfcc58c:192.168.30.43:37384, f3f71062-fa4a-4694-ac66-7042590037ba:192.168.30.43:43096, 85a03eef-da5c-4cf0-8830-b083dbd50109:192.168.30.43:33061], old=null
2019-10-08 07:38:29,830 [pool-383-thread-1] INFO  impl.RoleInfo (RoleInfo.java:updateAndGet(143)) - 1a1ec4dc-c977-4a0f-9a45-1a415cfcc58c: start FollowerState
2019-10-08 07:38:29,830 [pool-393-thread-1] INFO  impl.RaftServerImpl (RaftServerImpl.java:setRole(170)) - f3f71062-fa4a-4694-ac66-7042590037ba@group-3EC0E788E661: changes role from      null to FOLLOWER at term 0 for startAsFollower
2019-10-08 07:38:29,830 [pool-393-thread-1] INFO  impl.RoleInfo (RoleInfo.java:updateAndGet(143)) - f3f71062-fa4a-4694-ac66-7042590037ba: start FollowerState
2019-10-08 07:38:29,830 [pool-383-thread-1] INFO  util.JmxRegister (JmxRegister.java:tryRegister(44)) - Successfully registered JMX Bean with object name Ratis:service=RaftServer,group=group-3EC0E788E661,id=1a1ec4dc-c977-4a0f-9a45-1a415cfcc58c
2019-10-08 07:38:29,830 [pool-393-thread-1] INFO  util.JmxRegister (JmxRegister.java:tryRegister(44)) - Successfully registered JMX Bean with object name Ratis:service=RaftServer,group=group-3EC0E788E661,id=f3f71062-fa4a-4694-ac66-7042590037ba
2019-10-08 07:38:29,836 [RatisPipelineUtilsThread] INFO  pipeline.PipelineStateManager (PipelineStateManager.java:addPipeline(56)) - Created pipeline Pipeline[ Id: 59d2d40b-339c-4f30-8119-3ec0e788e661, Nodes: f3f71062-fa4a-4694-ac66-7042590037ba{ip: 192.168.30.43, host: pr-hdds-2260-pj9wp-4011291103, networkLocation: /default-rack, certSerialId: null}85a03eef-da5c-4cf0-8830-b083dbd50109{ip: 192.168.30.43, host: pr-hdds-2260-pj9wp-4011291103, networkLocation: /default-rack, certSerialId: null}1a1ec4dc-c977-4a0f-9a45-1a415cfcc58c{ip: 192.168.30.43, host: pr-hdds-2260-pj9wp-4011291103, networkLocation: /default-rack, certSerialId: null}, Type:RATIS, Factor:THREE, State:OPEN]
2019-10-08 07:38:29,873 [IPC Server handler 9 on 35886] INFO  net.NetworkTopology (NetworkTopologyImpl.java:add(111)) - Added a new node: /default-rack/703eb6a3-ca1c-45b4-ba73-6e1559beb3c7
2019-10-08 07:38:29,873 [IPC Server handler 9 on 35886] INFO  node.SCMNodeManager (SCMNodeManager.java:register(268)) - Registered Data node : 703eb6a3-ca1c-45b4-ba73-6e1559beb3c7{ip: 192.168.30.43, host: pr-hdds-2260-pj9wp-4011291103, networkLocation: /default-rack, certSerialId: null}
2019-10-08 07:38:29,879 [grpc-default-executor-8] INFO  impl.RaftServerProxy (RaftServerProxy.java:addNew(89)) - 60fa01fa-f990-444a-8ecf-b9727f610da1: addNew group-5B86663DF8D2:[60fa01fa-f990-444a-8ecf-b9727f610da1:192.168.30.43:45074] returns group-5B86663DF8D2:java.util.concurrent.CompletableFuture@3e3c5527[Not completed]
2019-10-08 07:38:29,884 [pool-413-thread-1] INFO  impl.RaftServerImpl (RaftServerImpl.java:<init>(95)) - 60fa01fa-f990-444a-8ecf-b9727f610da1: new RaftServerImpl for group-5B86663DF8D2:[60fa01fa-f990-444a-8ecf-b9727f610da1:192.168.30.43:45074] with ContainerStateMachine:uninitialized
2019-10-08 07:38:29,884 [pool-413-thread-1] INFO  server.RaftServerConfigKeys (ConfUtils.java:logGet(43)) - raft.server.rpc.timeout.min = 5s (custom)
2019-10-08 07:38:29,884 [pool-413-thread-1] INFO  server.RaftServerConfigKeys (ConfUtils.java:logGet(43)) - raft.server.rpc.timeout.max = 5200ms (custom)
2019-10-08 07:38:29,884 [pool-413-thread-1] INFO  server.RaftServerConfigKeys (ConfUtils.java:logGet(43)) - raft.server.rpcslowness.timeout = 120s (custom)
2019-10-08 07:38:29,884 [pool-413-thread-1] INFO  server.RaftServerConfigKeys (ConfUtils.java:logGet(43)) - raft.server.sleep.deviation.threshold = 300 (default)
2019-10-08 07:38:29,884 [pool-413-thread-1] INFO  server.RaftServerConfigKeys (ConfUtils.java:logGet(43)) - raft.server.log.appender.install.snapshot.enabled = false (custom)
2019-10-08 07:38:29,885 [pool-413-thread-1] INFO  impl.RaftServerImpl (ServerState.java:<init>(103)) - 60fa01fa-f990-444a-8ecf-b9727f610da1@group-5B86663DF8D2: ConfigurationManager, init=-1: [60fa01fa-f990-444a-8ecf-b9727f610da1:192.168.30.43:45074], old=null, confs=<EMPTY_MAP>
2019-10-08 07:38:29,885 [pool-413-thread-1] INFO  server.RaftServerConfigKeys (ConfUtils.java:logGet(43)) - raft.server.storage.dir = [/workdir/hadoop-ozone/integration-test/target/test-dir/MiniOzoneClusterImpl-902567ba-501e-44b4-9d07-934ea4d81655/datanode-3/data/ratis] (custom)
2019-10-08 07:38:29,885 [pool-413-thread-1] INFO  server.RaftServerConfigKeys (ConfUtils.java:logGet(43)) - raft.server.log.corruption.policy = EXCEPTION (default)
2019-10-08 07:38:29,885 [pool-413-thread-1] INFO  storage.RaftStorageDirectory (RaftStorageDirectory.java:analyzeStorage(246)) - The storage directory /workdir/hadoop-ozone/integration-test/target/test-dir/MiniOzoneClusterImpl-902567ba-501e-44b4-9d07-934ea4d81655/datanode-3/data/ratis/da44192f-96ef-44e3-9f78-5b86663df8d2 does not exist. Creating ...
2019-10-08 07:38:29,896 [pool-413-thread-1] INFO  storage.RaftStorageDirectory (RaftStorageDirectory.java:tryLock(328)) - Lock on /workdir/hadoop-ozone/integration-test/target/test-dir/MiniOzoneClusterImpl-902567ba-501e-44b4-9d07-934ea4d81655/datanode-3/data/ratis/da44192f-96ef-44e3-9f78-5b86663df8d2/in_use.lock acquired by nodename 10114@pr-hdds-2260-pj9wp-4011291103
2019-10-08 07:38:29,899 [pool-413-thread-1] INFO  storage.RaftStorage (RaftStorage.java:format(84)) - Storage directory /workdir/hadoop-ozone/integration-test/target/test-dir/MiniOzoneClusterImpl-902567ba-501e-44b4-9d07-934ea4d81655/datanode-3/data/ratis/da44192f-96ef-44e3-9f78-5b86663df8d2 has been successfully formatted.
2019-10-08 07:38:29,900 [pool-413-thread-1] INFO  ratis.ContainerStateMachine (ContainerStateMachine.java:loadSnapshot(231)) - group-5B86663DF8D2: The snapshot info is null. Setting the last applied indexto:(t:0, i:~)
2019-10-08 07:38:29,900 [pool-413-thread-1] INFO  server.RaftServerConfigKeys (ConfUtils.java:logGet(43)) - raft.server.notification.no-leader.timeout = 120s (custom)
2019-10-08 07:38:29,900 [pool-413-thread-1] INFO  server.RaftServerConfigKeys (ConfUtils.java:logGet(43)) - raft.server.log.use.memory = false (default)
2019-10-08 07:38:29,900 [pool-413-thread-1] INFO  server.RaftServerConfigKeys (ConfUtils.java:logGet(43)) - raft.server.log.purge.gap = 1000000 (custom)
2019-10-08 07:38:29,900 [pool-413-thread-1] INFO  server.RaftServerConfigKeys (ConfUtils.java:logGet(43)) - raft.server.log.appender.buffer.byte-limit = 33554432 (custom)
2019-10-08 07:38:29,900 [pool-413-thread-1] INFO  server.RaftServerConfigKeys (ConfUtils.java:logGet(43)) - raft.server.log.segment.size.max = 1048576 (custom)
2019-10-08 07:38:29,902 [pool-413-thread-1] INFO  server.RaftServerConfigKeys (ConfUtils.java:logGet(43)) - raft.server.log.segment.cache.num.max = 2 (custom)
2019-10-08 07:38:29,902 [pool-413-thread-1] INFO  segmented.SegmentedRaftLogWorker (SegmentedRaftLogWorker.java:<init>(173)) - new 60fa01fa-f990-444a-8ecf-b9727f610da1@group-5B86663DF8D2-SegmentedRaftLogWorker for RaftStorage:Storage Directory /workdir/hadoop-ozone/integration-test/target/test-dir/MiniOzoneClusterImpl-902567ba-501e-44b4-9d07-934ea4d81655/datanode-3/data/ratis/da44192f-96ef-44e3-9f78-5b86663df8d2
2019-10-08 07:38:29,903 [pool-413-thread-1] INFO  server.RaftServerConfigKeys (ConfUtils.java:logGet(43)) - raft.server.log.queue.byte-limit = 2147483647 (custom)
2019-10-08 07:38:29,903 [pool-413-thread-1] INFO  server.RaftServerConfigKeys (ConfUtils.java:logGet(43)) - raft.server.log.queue.element-limit = 1024 (custom)
2019-10-08 07:38:29,903 [pool-413-thread-1] INFO  server.RaftServerConfigKeys (ConfUtils.java:logGet(43)) - raft.server.log.segment.size.max = 1048576 (custom)
2019-10-08 07:38:29,903 [pool-413-thread-1] INFO  server.RaftServerConfigKeys (ConfUtils.java:logGet(43)) - raft.server.log.preallocated.size = 16384 (custom)
2019-10-08 07:38:29,903 [pool-413-thread-1] INFO  server.RaftServerConfigKeys (ConfUtils.java:logGet(43)) - raft.server.log.write.buffer.size = 33554432 (custom)
2019-10-08 07:38:29,904 [pool-413-thread-1] INFO  server.RaftServerConfigKeys (ConfUtils.java:logGet(43)) - raft.server.log.force.sync.num = 128 (default)
2019-10-08 07:38:29,904 [pool-413-thread-1] INFO  server.RaftServerConfigKeys (ConfUtils.java:logGet(43)) - raft.server.log.statemachine.data.sync = true (default)
2019-10-08 07:38:29,904 [pool-413-thread-1] INFO  server.RaftServerConfigKeys (ConfUtils.java:logGet(43)) - raft.server.log.statemachine.data.sync.timeout = 10s (default)
2019-10-08 07:38:29,904 [pool-413-thread-1] INFO  server.RaftServerConfigKeys (ConfUtils.java:logGet(43)) - raft.server.log.statemachine.data.sync.timeout.retry = -1 (default)
2019-10-08 07:38:29,904 [pool-413-thread-1] INFO  server.RaftServerConfigKeys (ConfUtils.java:logGet(43)) - raft.server.log.statemachine.data.caching.enabled = true (custom)
2019-10-08 07:38:29,905 [pool-413-thread-1] INFO  segmented.SegmentedRaftLogWorker (SegmentedRaftLogWorker.java:lambda$new$0(128)) - 60fa01fa-f990-444a-8ecf-b9727f610da1@group-5B86663DF8D2-SegmentedRaftLogWorker: flushIndex: setUnconditionally 0 -> -1
2019-10-08 07:38:29,905 [pool-413-thread-1] INFO  server.RaftServerConfigKeys (ConfUtils.java:logGet(43)) - raft.server.snapshot.auto.trigger.enabled = true (custom)
2019-10-08 07:38:29,905 [pool-413-thread-1] INFO  server.RaftServerConfigKeys (ConfUtils.java:logGet(43)) - raft.server.snapshot.auto.trigger.threshold = 10000 (custom)
2019-10-08 07:38:29,905 [pool-413-thread-1] INFO  server.RaftServerConfigKeys (ConfUtils.java:logGet(43)) - raft.server.snapshot.retention.file.num = 5 (custom)
2019-10-08 07:38:29,905 [pool-413-thread-1] INFO  server.RaftServerConfigKeys (ConfUtils.java:logGet(43)) - raft.server.retrycache.expirytime = 600000ms (custom)
2019-10-08 07:38:29,907 [pool-413-thread-1] INFO  impl.RaftServerImpl (RaftServerImpl.java:start(181)) - 60fa01fa-f990-444a-8ecf-b9727f610da1@group-5B86663DF8D2: start as a follower, conf=-1: [60fa01fa-f990-444a-8ecf-b9727f610da1:192.168.30.43:45074], old=null
2019-10-08 07:38:29,907 [pool-413-thread-1] INFO  impl.RaftServerImpl (RaftServerImpl.java:setRole(170)) - 60fa01fa-f990-444a-8ecf-b9727f610da1@group-5B86663DF8D2: changes role from      null to FOLLOWER at term 0 for startAsFollower
2019-10-08 07:38:29,907 [pool-413-thread-1] INFO  impl.RoleInfo (RoleInfo.java:updateAndGet(143)) - 60fa01fa-f990-444a-8ecf-b9727f610da1: start FollowerState
2019-10-08 07:38:29,908 [pool-413-thread-1] INFO  util.JmxRegister (JmxRegister.java:tryRegister(44)) - Successfully registered JMX Bean with object name Ratis:service=RaftServer,group=group-5B86663DF8D2,id=60fa01fa-f990-444a-8ecf-b9727f610da1
2019-10-08 07:38:29,912 [RatisPipelineUtilsThread] INFO  pipeline.PipelineStateManager (PipelineStateManager.java:addPipeline(56)) - Created pipeline Pipeline[ Id: da44192f-96ef-44e3-9f78-5b86663df8d2, Nodes: 60fa01fa-f990-444a-8ecf-b9727f610da1{ip: 192.168.30.43, host: pr-hdds-2260-pj9wp-4011291103, networkLocation: /default-rack, certSerialId: null}, Type:RATIS, Factor:ONE, State:OPEN]
2019-10-08 07:38:29,919 [grpc-default-executor-2] INFO  impl.RaftServerProxy (RaftServerProxy.java:addNew(89)) - 703eb6a3-ca1c-45b4-ba73-6e1559beb3c7: addNew group-B4450B9D71E2:[703eb6a3-ca1c-45b4-ba73-6e1559beb3c7:192.168.30.43:39938] returns group-B4450B9D71E2:java.util.concurrent.CompletableFuture@51ecd191[Not completed]
2019-10-08 07:38:29,920 [pool-423-thread-1] INFO  impl.RaftServerImpl (RaftServerImpl.java:<init>(95)) - 703eb6a3-ca1c-45b4-ba73-6e1559beb3c7: new RaftServerImpl for group-B4450B9D71E2:[703eb6a3-ca1c-45b4-ba73-6e1559beb3c7:192.168.30.43:39938] with ContainerStateMachine:uninitialized
2019-10-08 07:38:29,920 [pool-423-thread-1] INFO  server.RaftServerConfigKeys (ConfUtils.java:logGet(43)) - raft.server.rpc.timeout.min = 5s (custom)
2019-10-08 07:38:29,920 [pool-423-thread-1] INFO  server.RaftServerConfigKeys (ConfUtils.java:logGet(43)) - raft.server.rpc.timeout.max = 5200ms (custom)
2019-10-08 07:38:29,920 [pool-423-thread-1] INFO  server.RaftServerConfigKeys (ConfUtils.java:logGet(43)) - raft.server.rpcslowness.timeout = 120s (custom)
2019-10-08 07:38:29,920 [pool-423-thread-1] INFO  server.RaftServerConfigKeys (ConfUtils.java:logGet(43)) - raft.server.sleep.deviation.threshold = 300 (default)
2019-10-08 07:38:29,920 [pool-423-thread-1] INFO  server.RaftServerConfigKeys (ConfUtils.java:logGet(43)) - raft.server.log.appender.install.snapshot.enabled = false (custom)
2019-10-08 07:38:29,920 [pool-423-thread-1] INFO  impl.RaftServerImpl (ServerState.java:<init>(103)) - 703eb6a3-ca1c-45b4-ba73-6e1559beb3c7@group-B4450B9D71E2: ConfigurationManager, init=-1: [703eb6a3-ca1c-45b4-ba73-6e1559beb3c7:192.168.30.43:39938], old=null, confs=<EMPTY_MAP>
2019-10-08 07:38:29,921 [pool-423-thread-1] INFO  server.RaftServerConfigKeys (ConfUtils.java:logGet(43)) - raft.server.storage.dir = [/workdir/hadoop-ozone/integration-test/target/test-dir/MiniOzoneClusterImpl-902567ba-501e-44b4-9d07-934ea4d81655/datanode-4/data/ratis] (custom)
2019-10-08 07:38:29,921 [pool-423-thread-1] INFO  server.RaftServerConfigKeys (ConfUtils.java:logGet(43)) - raft.server.log.corruption.policy = EXCEPTION (default)
2019-10-08 07:38:29,921 [pool-423-thread-1] INFO  storage.RaftStorageDirectory (RaftStorageDirectory.java:analyzeStorage(246)) - The storage directory /workdir/hadoop-ozone/integration-test/target/test-dir/MiniOzoneClusterImpl-902567ba-501e-44b4-9d07-934ea4d81655/datanode-4/data/ratis/762d9d50-782d-46d2-9a40-b4450b9d71e2 does not exist. Creating ...
2019-10-08 07:38:29,925 [pool-423-thread-1] INFO  storage.RaftStorageDirectory (RaftStorageDirectory.java:tryLock(328)) - Lock on /workdir/hadoop-ozone/integration-test/target/test-dir/MiniOzoneClusterImpl-902567ba-501e-44b4-9d07-934ea4d81655/datanode-4/data/ratis/762d9d50-782d-46d2-9a40-b4450b9d71e2/in_use.lock acquired by nodename 10114@pr-hdds-2260-pj9wp-4011291103
2019-10-08 07:38:29,929 [pool-423-thread-1] INFO  storage.RaftStorage (RaftStorage.java:format(84)) - Storage directory /workdir/hadoop-ozone/integration-test/target/test-dir/MiniOzoneClusterImpl-902567ba-501e-44b4-9d07-934ea4d81655/datanode-4/data/ratis/762d9d50-782d-46d2-9a40-b4450b9d71e2 has been successfully formatted.
2019-10-08 07:38:29,929 [pool-423-thread-1] INFO  ratis.ContainerStateMachine (ContainerStateMachine.java:loadSnapshot(231)) - group-B4450B9D71E2: The snapshot info is null. Setting the last applied indexto:(t:0, i:~)
2019-10-08 07:38:29,929 [pool-423-thread-1] INFO  server.RaftServerConfigKeys (ConfUtils.java:logGet(43)) - raft.server.notification.no-leader.timeout = 120s (custom)
2019-10-08 07:38:29,929 [pool-423-thread-1] INFO  server.RaftServerConfigKeys (ConfUtils.java:logGet(43)) - raft.server.log.use.memory = false (default)
2019-10-08 07:38:29,929 [pool-423-thread-1] INFO  server.RaftServerConfigKeys (ConfUtils.java:logGet(43)) - raft.server.log.purge.gap = 1000000 (custom)
2019-10-08 07:38:29,929 [pool-423-thread-1] INFO  server.RaftServerConfigKeys (ConfUtils.java:logGet(43)) - raft.server.log.appender.buffer.byte-limit = 33554432 (custom)
2019-10-08 07:38:29,929 [pool-423-thread-1] INFO  server.RaftServerConfigKeys (ConfUtils.java:logGet(43)) - raft.server.log.segment.size.max = 1048576 (custom)
2019-10-08 07:38:29,931 [pool-423-thread-1] INFO  server.RaftServerConfigKeys (ConfUtils.java:logGet(43)) - raft.server.log.segment.cache.num.max = 2 (custom)
2019-10-08 07:38:29,931 [pool-423-thread-1] INFO  segmented.SegmentedRaftLogWorker (SegmentedRaftLogWorker.java:<init>(173)) - new 703eb6a3-ca1c-45b4-ba73-6e1559beb3c7@group-B4450B9D71E2-SegmentedRaftLogWorker for RaftStorage:Storage Directory /workdir/hadoop-ozone/integration-test/target/test-dir/MiniOzoneClusterImpl-902567ba-501e-44b4-9d07-934ea4d81655/datanode-4/data/ratis/762d9d50-782d-46d2-9a40-b4450b9d71e2
2019-10-08 07:38:29,931 [pool-423-thread-1] INFO  server.RaftServerConfigKeys (ConfUtils.java:logGet(43)) - raft.server.log.queue.byte-limit = 2147483647 (custom)
2019-10-08 07:38:29,931 [pool-423-thread-1] INFO  server.RaftServerConfigKeys (ConfUtils.java:logGet(43)) - raft.server.log.queue.element-limit = 1024 (custom)
2019-10-08 07:38:29,932 [pool-423-thread-1] INFO  server.RaftServerConfigKeys (ConfUtils.java:logGet(43)) - raft.server.log.segment.size.max = 1048576 (custom)
2019-10-08 07:38:29,932 [pool-423-thread-1] INFO  server.RaftServerConfigKeys (ConfUtils.java:logGet(43)) - raft.server.log.preallocated.size = 16384 (custom)
2019-10-08 07:38:29,932 [pool-423-thread-1] INFO  server.RaftServerConfigKeys (ConfUtils.java:logGet(43)) - raft.server.log.write.buffer.size = 33554432 (custom)
2019-10-08 07:38:29,932 [pool-423-thread-1] INFO  server.RaftServerConfigKeys (ConfUtils.java:logGet(43)) - raft.server.log.force.sync.num = 128 (default)
2019-10-08 07:38:29,932 [pool-423-thread-1] INFO  server.RaftServerConfigKeys (ConfUtils.java:logGet(43)) - raft.server.log.statemachine.data.sync = true (default)
2019-10-08 07:38:29,932 [pool-423-thread-1] INFO  server.RaftServerConfigKeys (ConfUtils.java:logGet(43)) - raft.server.log.statemachine.data.sync.timeout = 10s (default)
2019-10-08 07:38:29,932 [pool-423-thread-1] INFO  server.RaftServerConfigKeys (ConfUtils.java:logGet(43)) - raft.server.log.statemachine.data.sync.timeout.retry = -1 (default)
2019-10-08 07:38:29,933 [pool-423-thread-1] INFO  server.RaftServerConfigKeys (ConfUtils.java:logGet(43)) - raft.server.log.statemachine.data.caching.enabled = true (custom)
2019-10-08 07:38:29,933 [pool-423-thread-1] INFO  segmented.SegmentedRaftLogWorker (SegmentedRaftLogWorker.java:lambda$new$0(128)) - 703eb6a3-ca1c-45b4-ba73-6e1559beb3c7@group-B4450B9D71E2-SegmentedRaftLogWorker: flushIndex: setUnconditionally 0 -> -1
2019-10-08 07:38:29,933 [pool-423-thread-1] INFO  server.RaftServerConfigKeys (ConfUtils.java:logGet(43)) - raft.server.snapshot.auto.trigger.enabled = true (custom)
2019-10-08 07:38:29,933 [pool-423-thread-1] INFO  server.RaftServerConfigKeys (ConfUtils.java:logGet(43)) - raft.server.snapshot.auto.trigger.threshold = 10000 (custom)
2019-10-08 07:38:29,934 [pool-423-thread-1] INFO  server.RaftServerConfigKeys (ConfUtils.java:logGet(43)) - raft.server.snapshot.retention.file.num = 5 (custom)
2019-10-08 07:38:29,934 [pool-423-thread-1] INFO  server.RaftServerConfigKeys (ConfUtils.java:logGet(43)) - raft.server.retrycache.expirytime = 600000ms (custom)
2019-10-08 07:38:29,935 [pool-423-thread-1] INFO  impl.RaftServerImpl (RaftServerImpl.java:start(181)) - 703eb6a3-ca1c-45b4-ba73-6e1559beb3c7@group-B4450B9D71E2: start as a follower, conf=-1: [703eb6a3-ca1c-45b4-ba73-6e1559beb3c7:192.168.30.43:39938], old=null
2019-10-08 07:38:29,935 [pool-423-thread-1] INFO  impl.RaftServerImpl (RaftServerImpl.java:setRole(170)) - 703eb6a3-ca1c-45b4-ba73-6e1559beb3c7@group-B4450B9D71E2: changes role from      null to FOLLOWER at term 0 for startAsFollower
2019-10-08 07:38:29,936 [pool-423-thread-1] INFO  impl.RoleInfo (RoleInfo.java:updateAndGet(143)) - 703eb6a3-ca1c-45b4-ba73-6e1559beb3c7: start FollowerState
2019-10-08 07:38:29,936 [pool-423-thread-1] INFO  util.JmxRegister (JmxRegister.java:tryRegister(44)) - Successfully registered JMX Bean with object name Ratis:service=RaftServer,group=group-B4450B9D71E2,id=703eb6a3-ca1c-45b4-ba73-6e1559beb3c7
2019-10-08 07:38:29,940 [RatisPipelineUtilsThread] INFO  pipeline.PipelineStateManager (PipelineStateManager.java:addPipeline(56)) - Created pipeline Pipeline[ Id: 762d9d50-782d-46d2-9a40-b4450b9d71e2, Nodes: 703eb6a3-ca1c-45b4-ba73-6e1559beb3c7{ip: 192.168.30.43, host: pr-hdds-2260-pj9wp-4011291103, networkLocation: /default-rack, certSerialId: null}, Type:RATIS, Factor:ONE, State:OPEN]
2019-10-08 07:38:29,967 [IPC Server handler 0 on 35886] INFO  net.NetworkTopology (NetworkTopologyImpl.java:add(111)) - Added a new node: /default-rack/f24809fc-cca2-4be1-9877-14a4e0dcdc03
2019-10-08 07:38:29,968 [IPC Server handler 0 on 35886] INFO  node.SCMNodeManager (SCMNodeManager.java:register(268)) - Registered Data node : f24809fc-cca2-4be1-9877-14a4e0dcdc03{ip: 192.168.30.43, host: pr-hdds-2260-pj9wp-4011291103, networkLocation: /default-rack, certSerialId: null}
2019-10-08 07:38:29,973 [grpc-default-executor-2] INFO  impl.RaftServerProxy (RaftServerProxy.java:addNew(89)) - f24809fc-cca2-4be1-9877-14a4e0dcdc03: addNew group-4794B5098DAB:[f24809fc-cca2-4be1-9877-14a4e0dcdc03:192.168.30.43:40791] returns group-4794B5098DAB:java.util.concurrent.CompletableFuture@293b3e5e[Not completed]
2019-10-08 07:38:29,975 [pool-433-thread-1] INFO  impl.RaftServerImpl (RaftServerImpl.java:<init>(95)) - f24809fc-cca2-4be1-9877-14a4e0dcdc03: new RaftServerImpl for group-4794B5098DAB:[f24809fc-cca2-4be1-9877-14a4e0dcdc03:192.168.30.43:40791] with ContainerStateMachine:uninitialized
2019-10-08 07:38:29,975 [pool-433-thread-1] INFO  server.RaftServerConfigKeys (ConfUtils.java:logGet(43)) - raft.server.rpc.timeout.min = 5s (custom)
2019-10-08 07:38:29,975 [pool-433-thread-1] INFO  server.RaftServerConfigKeys (ConfUtils.java:logGet(43)) - raft.server.rpc.timeout.max = 5200ms (custom)
2019-10-08 07:38:29,976 [pool-433-thread-1] INFO  server.RaftServerConfigKeys (ConfUtils.java:logGet(43)) - raft.server.rpcslowness.timeout = 120s (custom)
2019-10-08 07:38:29,976 [pool-433-thread-1] INFO  server.RaftServerConfigKeys (ConfUtils.java:logGet(43)) - raft.server.sleep.deviation.threshold = 300 (default)
2019-10-08 07:38:29,976 [pool-433-thread-1] INFO  server.RaftServerConfigKeys (ConfUtils.java:logGet(43)) - raft.server.log.appender.install.snapshot.enabled = false (custom)
2019-10-08 07:38:29,976 [pool-433-thread-1] INFO  impl.RaftServerImpl (ServerState.java:<init>(103)) - f24809fc-cca2-4be1-9877-14a4e0dcdc03@group-4794B5098DAB: ConfigurationManager, init=-1: [f24809fc-cca2-4be1-9877-14a4e0dcdc03:192.168.30.43:40791], old=null, confs=<EMPTY_MAP>
2019-10-08 07:38:29,976 [pool-433-thread-1] INFO  server.RaftServerConfigKeys (ConfUtils.java:logGet(43)) - raft.server.storage.dir = [/workdir/hadoop-ozone/integration-test/target/test-dir/MiniOzoneClusterImpl-902567ba-501e-44b4-9d07-934ea4d81655/datanode-5/data/ratis] (custom)
2019-10-08 07:38:29,976 [pool-433-thread-1] INFO  server.RaftServerConfigKeys (ConfUtils.java:logGet(43)) - raft.server.log.corruption.policy = EXCEPTION (default)
2019-10-08 07:38:29,977 [pool-433-thread-1] INFO  storage.RaftStorageDirectory (RaftStorageDirectory.java:analyzeStorage(246)) - The storage directory /workdir/hadoop-ozone/integration-test/target/test-dir/MiniOzoneClusterImpl-902567ba-501e-44b4-9d07-934ea4d81655/datanode-5/data/ratis/ab43f228-76dc-4bc7-8cda-4794b5098dab does not exist. Creating ...
2019-10-08 07:38:29,989 [pool-433-thread-1] INFO  storage.RaftStorageDirectory (RaftStorageDirectory.java:tryLock(328)) - Lock on /workdir/hadoop-ozone/integration-test/target/test-dir/MiniOzoneClusterImpl-902567ba-501e-44b4-9d07-934ea4d81655/datanode-5/data/ratis/ab43f228-76dc-4bc7-8cda-4794b5098dab/in_use.lock acquired by nodename 10114@pr-hdds-2260-pj9wp-4011291103
2019-10-08 07:38:29,994 [pool-433-thread-1] INFO  storage.RaftStorage (RaftStorage.java:format(84)) - Storage directory /workdir/hadoop-ozone/integration-test/target/test-dir/MiniOzoneClusterImpl-902567ba-501e-44b4-9d07-934ea4d81655/datanode-5/data/ratis/ab43f228-76dc-4bc7-8cda-4794b5098dab has been successfully formatted.
2019-10-08 07:38:29,994 [pool-433-thread-1] INFO  ratis.ContainerStateMachine (ContainerStateMachine.java:loadSnapshot(231)) - group-4794B5098DAB: The snapshot info is null. Setting the last applied indexto:(t:0, i:~)
2019-10-08 07:38:29,994 [pool-433-thread-1] INFO  server.RaftServerConfigKeys (ConfUtils.java:logGet(43)) - raft.server.notification.no-leader.timeout = 120s (custom)
2019-10-08 07:38:29,994 [pool-433-thread-1] INFO  server.RaftServerConfigKeys (ConfUtils.java:logGet(43)) - raft.server.log.use.memory = false (default)
2019-10-08 07:38:29,994 [pool-433-thread-1] INFO  server.RaftServerConfigKeys (ConfUtils.java:logGet(43)) - raft.server.log.purge.gap = 1000000 (custom)
2019-10-08 07:38:29,995 [pool-433-thread-1] INFO  server.RaftServerConfigKeys (ConfUtils.java:logGet(43)) - raft.server.log.appender.buffer.byte-limit = 33554432 (custom)
2019-10-08 07:38:29,995 [pool-433-thread-1] INFO  server.RaftServerConfigKeys (ConfUtils.java:logGet(43)) - raft.server.log.segment.size.max = 1048576 (custom)
2019-10-08 07:38:29,997 [pool-433-thread-1] INFO  server.RaftServerConfigKeys (ConfUtils.java:logGet(43)) - raft.server.log.segment.cache.num.max = 2 (custom)
2019-10-08 07:38:29,997 [pool-433-thread-1] INFO  segmented.SegmentedRaftLogWorker (SegmentedRaftLogWorker.java:<init>(173)) - new f24809fc-cca2-4be1-9877-14a4e0dcdc03@group-4794B5098DAB-SegmentedRaftLogWorker for RaftStorage:Storage Directory /workdir/hadoop-ozone/integration-test/target/test-dir/MiniOzoneClusterImpl-902567ba-501e-44b4-9d07-934ea4d81655/datanode-5/data/ratis/ab43f228-76dc-4bc7-8cda-4794b5098dab
2019-10-08 07:38:29,997 [pool-433-thread-1] INFO  server.RaftServerConfigKeys (ConfUtils.java:logGet(43)) - raft.server.log.queue.byte-limit = 2147483647 (custom)
2019-10-08 07:38:29,997 [pool-433-thread-1] INFO  server.RaftServerConfigKeys (ConfUtils.java:logGet(43)) - raft.server.log.queue.element-limit = 1024 (custom)
2019-10-08 07:38:29,997 [pool-433-thread-1] INFO  server.RaftServerConfigKeys (ConfUtils.java:logGet(43)) - raft.server.log.segment.size.max = 1048576 (custom)
2019-10-08 07:38:29,997 [pool-433-thread-1] INFO  server.RaftServerConfigKeys (ConfUtils.java:logGet(43)) - raft.server.log.preallocated.size = 16384 (custom)
2019-10-08 07:38:29,998 [pool-433-thread-1] INFO  server.RaftServerConfigKeys (ConfUtils.java:logGet(43)) - raft.server.log.write.buffer.size = 33554432 (custom)
2019-10-08 07:38:29,998 [pool-433-thread-1] INFO  server.RaftServerConfigKeys (ConfUtils.java:logGet(43)) - raft.server.log.force.sync.num = 128 (default)
2019-10-08 07:38:29,998 [pool-433-thread-1] INFO  server.RaftServerConfigKeys (ConfUtils.java:logGet(43)) - raft.server.log.statemachine.data.sync = true (default)
2019-10-08 07:38:29,998 [pool-433-thread-1] INFO  server.RaftServerConfigKeys (ConfUtils.java:logGet(43)) - raft.server.log.statemachine.data.sync.timeout = 10s (default)
2019-10-08 07:38:29,998 [pool-433-thread-1] INFO  server.RaftServerConfigKeys (ConfUtils.java:logGet(43)) - raft.server.log.statemachine.data.sync.timeout.retry = -1 (default)
2019-10-08 07:38:29,999 [pool-433-thread-1] INFO  server.RaftServerConfigKeys (ConfUtils.java:logGet(43)) - raft.server.log.statemachine.data.caching.enabled = true (custom)
2019-10-08 07:38:29,999 [pool-433-thread-1] INFO  segmented.SegmentedRaftLogWorker (SegmentedRaftLogWorker.java:lambda$new$0(128)) - f24809fc-cca2-4be1-9877-14a4e0dcdc03@group-4794B5098DAB-SegmentedRaftLogWorker: flushIndex: setUnconditionally 0 -> -1
2019-10-08 07:38:29,999 [pool-433-thread-1] INFO  server.RaftServerConfigKeys (ConfUtils.java:logGet(43)) - raft.server.snapshot.auto.trigger.enabled = true (custom)
2019-10-08 07:38:29,999 [pool-433-thread-1] INFO  server.RaftServerConfigKeys (ConfUtils.java:logGet(43)) - raft.server.snapshot.auto.trigger.threshold = 10000 (custom)
2019-10-08 07:38:29,999 [pool-433-thread-1] INFO  server.RaftServerConfigKeys (ConfUtils.java:logGet(43)) - raft.server.snapshot.retention.file.num = 5 (custom)
2019-10-08 07:38:30,000 [pool-433-thread-1] INFO  server.RaftServerConfigKeys (ConfUtils.java:logGet(43)) - raft.server.retrycache.expirytime = 600000ms (custom)
2019-10-08 07:38:30,001 [pool-433-thread-1] INFO  impl.RaftServerImpl (RaftServerImpl.java:start(181)) - f24809fc-cca2-4be1-9877-14a4e0dcdc03@group-4794B5098DAB: start as a follower, conf=-1: [f24809fc-cca2-4be1-9877-14a4e0dcdc03:192.168.30.43:40791], old=null
2019-10-08 07:38:30,001 [pool-433-thread-1] INFO  impl.RaftServerImpl (RaftServerImpl.java:setRole(170)) - f24809fc-cca2-4be1-9877-14a4e0dcdc03@group-4794B5098DAB: changes role from      null to FOLLOWER at term 0 for startAsFollower
2019-10-08 07:38:30,002 [pool-433-thread-1] INFO  impl.RoleInfo (RoleInfo.java:updateAndGet(143)) - f24809fc-cca2-4be1-9877-14a4e0dcdc03: start FollowerState
2019-10-08 07:38:30,002 [pool-433-thread-1] INFO  util.JmxRegister (JmxRegister.java:tryRegister(44)) - Successfully registered JMX Bean with object name Ratis:service=RaftServer,group=group-4794B5098DAB,id=f24809fc-cca2-4be1-9877-14a4e0dcdc03
2019-10-08 07:38:30,006 [RatisPipelineUtilsThread] INFO  pipeline.PipelineStateManager (PipelineStateManager.java:addPipeline(56)) - Created pipeline Pipeline[ Id: ab43f228-76dc-4bc7-8cda-4794b5098dab, Nodes: f24809fc-cca2-4be1-9877-14a4e0dcdc03{ip: 192.168.30.43, host: pr-hdds-2260-pj9wp-4011291103, networkLocation: /default-rack, certSerialId: null}, Type:RATIS, Factor:ONE, State:OPEN]
2019-10-08 07:38:30,020 [grpc-default-executor-1] INFO  impl.RaftServerProxy (RaftServerProxy.java:addNew(89)) - 703eb6a3-ca1c-45b4-ba73-6e1559beb3c7: addNew group-7678E6BE8946:[703eb6a3-ca1c-45b4-ba73-6e1559beb3c7:192.168.30.43:39938, 60fa01fa-f990-444a-8ecf-b9727f610da1:192.168.30.43:45074, f24809fc-cca2-4be1-9877-14a4e0dcdc03:192.168.30.43:40791] returns group-7678E6BE8946:java.util.concurrent.CompletableFuture@d6b9c8b[Not completed]
2019-10-08 07:38:30,020 [grpc-default-executor-1] INFO  impl.RaftServerProxy (RaftServerProxy.java:addNew(89)) - f24809fc-cca2-4be1-9877-14a4e0dcdc03: addNew group-7678E6BE8946:[703eb6a3-ca1c-45b4-ba73-6e1559beb3c7:192.168.30.43:39938, 60fa01fa-f990-444a-8ecf-b9727f610da1:192.168.30.43:45074, f24809fc-cca2-4be1-9877-14a4e0dcdc03:192.168.30.43:40791] returns group-7678E6BE8946:java.util.concurrent.CompletableFuture@34282d54[Not completed]
2019-10-08 07:38:30,021 [grpc-default-executor-8] INFO  impl.RaftServerProxy (RaftServerProxy.java:addNew(89)) - 60fa01fa-f990-444a-8ecf-b9727f610da1: addNew group-7678E6BE8946:[703eb6a3-ca1c-45b4-ba73-6e1559beb3c7:192.168.30.43:39938, 60fa01fa-f990-444a-8ecf-b9727f610da1:192.168.30.43:45074, f24809fc-cca2-4be1-9877-14a4e0dcdc03:192.168.30.43:40791] returns group-7678E6BE8946:java.util.concurrent.CompletableFuture@1dd67a24[Not completed]
2019-10-08 07:38:30,021 [pool-423-thread-1] INFO  impl.RaftServerImpl (RaftServerImpl.java:<init>(95)) - 703eb6a3-ca1c-45b4-ba73-6e1559beb3c7: new RaftServerImpl for group-7678E6BE8946:[703eb6a3-ca1c-45b4-ba73-6e1559beb3c7:192.168.30.43:39938, 60fa01fa-f990-444a-8ecf-b9727f610da1:192.168.30.43:45074, f24809fc-cca2-4be1-9877-14a4e0dcdc03:192.168.30.43:40791] with ContainerStateMachine:uninitialized
2019-10-08 07:38:30,021 [pool-423-thread-1] INFO  server.RaftServerConfigKeys (ConfUtils.java:logGet(43)) - raft.server.rpc.timeout.min = 5s (custom)
2019-10-08 07:38:30,021 [pool-423-thread-1] INFO  server.RaftServerConfigKeys (ConfUtils.java:logGet(43)) - raft.server.rpc.timeout.max = 5200ms (custom)
2019-10-08 07:38:30,021 [pool-423-thread-1] INFO  server.RaftServerConfigKeys (ConfUtils.java:logGet(43)) - raft.server.rpcslowness.timeout = 120s (custom)
2019-10-08 07:38:30,022 [pool-423-thread-1] INFO  server.RaftServerConfigKeys (ConfUtils.java:logGet(43)) - raft.server.sleep.deviation.threshold = 300 (default)
2019-10-08 07:38:30,022 [pool-423-thread-1] INFO  server.RaftServerConfigKeys (ConfUtils.java:logGet(43)) - raft.server.log.appender.install.snapshot.enabled = false (custom)
2019-10-08 07:38:30,022 [pool-433-thread-1] INFO  impl.RaftServerImpl (RaftServerImpl.java:<init>(95)) - f24809fc-cca2-4be1-9877-14a4e0dcdc03: new RaftServerImpl for group-7678E6BE8946:[703eb6a3-ca1c-45b4-ba73-6e1559beb3c7:192.168.30.43:39938, 60fa01fa-f990-444a-8ecf-b9727f610da1:192.168.30.43:45074, f24809fc-cca2-4be1-9877-14a4e0dcdc03:192.168.30.43:40791] with ContainerStateMachine:uninitialized
2019-10-08 07:38:30,022 [pool-423-thread-1] INFO  impl.RaftServerImpl (ServerState.java:<init>(103)) - 703eb6a3-ca1c-45b4-ba73-6e1559beb3c7@group-7678E6BE8946: ConfigurationManager, init=-1: [703eb6a3-ca1c-45b4-ba73-6e1559beb3c7:192.168.30.43:39938, 60fa01fa-f990-444a-8ecf-b9727f610da1:192.168.30.43:45074, f24809fc-cca2-4be1-9877-14a4e0dcdc03:192.168.30.43:40791], old=null, confs=<EMPTY_MAP>
2019-10-08 07:38:30,022 [pool-433-thread-1] INFO  server.RaftServerConfigKeys (ConfUtils.java:logGet(43)) - raft.server.rpc.timeout.min = 5s (custom)
2019-10-08 07:38:30,022 [pool-423-thread-1] INFO  server.RaftServerConfigKeys (ConfUtils.java:logGet(43)) - raft.server.storage.dir = [/workdir/hadoop-ozone/integration-test/target/test-dir/MiniOzoneClusterImpl-902567ba-501e-44b4-9d07-934ea4d81655/datanode-4/data/ratis] (custom)
2019-10-08 07:38:30,022 [pool-413-thread-1] INFO  impl.RaftServerImpl (RaftServerImpl.java:<init>(95)) - 60fa01fa-f990-444a-8ecf-b9727f610da1: new RaftServerImpl for group-7678E6BE8946:[703eb6a3-ca1c-45b4-ba73-6e1559beb3c7:192.168.30.43:39938, 60fa01fa-f990-444a-8ecf-b9727f610da1:192.168.30.43:45074, f24809fc-cca2-4be1-9877-14a4e0dcdc03:192.168.30.43:40791] with ContainerStateMachine:uninitialized
2019-10-08 07:38:30,022 [pool-433-thread-1] INFO  server.RaftServerConfigKeys (ConfUtils.java:logGet(43)) - raft.server.rpc.timeout.max = 5200ms (custom)
2019-10-08 07:38:30,023 [pool-413-thread-1] INFO  server.RaftServerConfigKeys (ConfUtils.java:logGet(43)) - raft.server.rpc.timeout.min = 5s (custom)
2019-10-08 07:38:30,023 [pool-423-thread-1] INFO  server.RaftServerConfigKeys (ConfUtils.java:logGet(43)) - raft.server.log.corruption.policy = EXCEPTION (default)
2019-10-08 07:38:30,023 [pool-413-thread-1] INFO  server.RaftServerConfigKeys (ConfUtils.java:logGet(43)) - raft.server.rpc.timeout.max = 5200ms (custom)
2019-10-08 07:38:30,023 [pool-433-thread-1] INFO  server.RaftServerConfigKeys (ConfUtils.java:logGet(43)) - raft.server.rpcslowness.timeout = 120s (custom)
2019-10-08 07:38:30,023 [pool-413-thread-1] INFO  server.RaftServerConfigKeys (ConfUtils.java:logGet(43)) - raft.server.rpcslowness.timeout = 120s (custom)
2019-10-08 07:38:30,023 [pool-423-thread-1] INFO  storage.RaftStorageDirectory (RaftStorageDirectory.java:analyzeStorage(246)) - The storage directory /workdir/hadoop-ozone/integration-test/target/test-dir/MiniOzoneClusterImpl-902567ba-501e-44b4-9d07-934ea4d81655/datanode-4/data/ratis/df59c6af-a1a6-4804-bae2-7678e6be8946 does not exist. Creating ...
2019-10-08 07:38:30,023 [pool-413-thread-1] INFO  server.RaftServerConfigKeys (ConfUtils.java:logGet(43)) - raft.server.sleep.deviation.threshold = 300 (default)
2019-10-08 07:38:30,023 [pool-433-thread-1] INFO  server.RaftServerConfigKeys (ConfUtils.java:logGet(43)) - raft.server.sleep.deviation.threshold = 300 (default)
2019-10-08 07:38:30,024 [pool-413-thread-1] INFO  server.RaftServerConfigKeys (ConfUtils.java:logGet(43)) - raft.server.log.appender.install.snapshot.enabled = false (custom)
2019-10-08 07:38:30,024 [pool-433-thread-1] INFO  server.RaftServerConfigKeys (ConfUtils.java:logGet(43)) - raft.server.log.appender.install.snapshot.enabled = false (custom)
2019-10-08 07:38:30,024 [pool-413-thread-1] INFO  impl.RaftServerImpl (ServerState.java:<init>(103)) - 60fa01fa-f990-444a-8ecf-b9727f610da1@group-7678E6BE8946: ConfigurationManager, init=-1: [703eb6a3-ca1c-45b4-ba73-6e1559beb3c7:192.168.30.43:39938, 60fa01fa-f990-444a-8ecf-b9727f610da1:192.168.30.43:45074, f24809fc-cca2-4be1-9877-14a4e0dcdc03:192.168.30.43:40791], old=null, confs=<EMPTY_MAP>
2019-10-08 07:38:30,024 [pool-433-thread-1] INFO  impl.RaftServerImpl (ServerState.java:<init>(103)) - f24809fc-cca2-4be1-9877-14a4e0dcdc03@group-7678E6BE8946: ConfigurationManager, init=-1: [703eb6a3-ca1c-45b4-ba73-6e1559beb3c7:192.168.30.43:39938, 60fa01fa-f990-444a-8ecf-b9727f610da1:192.168.30.43:45074, f24809fc-cca2-4be1-9877-14a4e0dcdc03:192.168.30.43:40791], old=null, confs=<EMPTY_MAP>
2019-10-08 07:38:30,024 [pool-413-thread-1] INFO  server.RaftServerConfigKeys (ConfUtils.java:logGet(43)) - raft.server.storage.dir = [/workdir/hadoop-ozone/integration-test/target/test-dir/MiniOzoneClusterImpl-902567ba-501e-44b4-9d07-934ea4d81655/datanode-3/data/ratis] (custom)
2019-10-08 07:38:30,024 [pool-433-thread-1] INFO  server.RaftServerConfigKeys (ConfUtils.java:logGet(43)) - raft.server.storage.dir = [/workdir/hadoop-ozone/integration-test/target/test-dir/MiniOzoneClusterImpl-902567ba-501e-44b4-9d07-934ea4d81655/datanode-5/data/ratis] (custom)
2019-10-08 07:38:30,025 [pool-413-thread-1] INFO  server.RaftServerConfigKeys (ConfUtils.java:logGet(43)) - raft.server.log.corruption.policy = EXCEPTION (default)
2019-10-08 07:38:30,025 [pool-433-thread-1] INFO  server.RaftServerConfigKeys (ConfUtils.java:logGet(43)) - raft.server.log.corruption.policy = EXCEPTION (default)
2019-10-08 07:38:30,025 [pool-413-thread-1] INFO  storage.RaftStorageDirectory (RaftStorageDirectory.java:analyzeStorage(246)) - The storage directory /workdir/hadoop-ozone/integration-test/target/test-dir/MiniOzoneClusterImpl-902567ba-501e-44b4-9d07-934ea4d81655/datanode-3/data/ratis/df59c6af-a1a6-4804-bae2-7678e6be8946 does not exist. Creating ...
2019-10-08 07:38:30,025 [pool-433-thread-1] INFO  storage.RaftStorageDirectory (RaftStorageDirectory.java:analyzeStorage(246)) - The storage directory /workdir/hadoop-ozone/integration-test/target/test-dir/MiniOzoneClusterImpl-902567ba-501e-44b4-9d07-934ea4d81655/datanode-5/data/ratis/df59c6af-a1a6-4804-bae2-7678e6be8946 does not exist. Creating ...
2019-10-08 07:38:30,026 [pool-423-thread-1] INFO  storage.RaftStorageDirectory (RaftStorageDirectory.java:tryLock(328)) - Lock on /workdir/hadoop-ozone/integration-test/target/test-dir/MiniOzoneClusterImpl-902567ba-501e-44b4-9d07-934ea4d81655/datanode-4/data/ratis/df59c6af-a1a6-4804-bae2-7678e6be8946/in_use.lock acquired by nodename 10114@pr-hdds-2260-pj9wp-4011291103
2019-10-08 07:38:30,029 [pool-413-thread-1] INFO  storage.RaftStorageDirectory (RaftStorageDirectory.java:tryLock(328)) - Lock on /workdir/hadoop-ozone/integration-test/target/test-dir/MiniOzoneClusterImpl-902567ba-501e-44b4-9d07-934ea4d81655/datanode-3/data/ratis/df59c6af-a1a6-4804-bae2-7678e6be8946/in_use.lock acquired by nodename 10114@pr-hdds-2260-pj9wp-4011291103
2019-10-08 07:38:30,030 [pool-423-thread-1] INFO  storage.RaftStorage (RaftStorage.java:format(84)) - Storage directory /workdir/hadoop-ozone/integration-test/target/test-dir/MiniOzoneClusterImpl-902567ba-501e-44b4-9d07-934ea4d81655/datanode-4/data/ratis/df59c6af-a1a6-4804-bae2-7678e6be8946 has been successfully formatted.
2019-10-08 07:38:30,029 [pool-433-thread-1] INFO  storage.RaftStorageDirectory (RaftStorageDirectory.java:tryLock(328)) - Lock on /workdir/hadoop-ozone/integration-test/target/test-dir/MiniOzoneClusterImpl-902567ba-501e-44b4-9d07-934ea4d81655/datanode-5/data/ratis/df59c6af-a1a6-4804-bae2-7678e6be8946/in_use.lock acquired by nodename 10114@pr-hdds-2260-pj9wp-4011291103
2019-10-08 07:38:30,030 [pool-423-thread-1] INFO  ratis.ContainerStateMachine (ContainerStateMachine.java:loadSnapshot(231)) - group-7678E6BE8946: The snapshot info is null. Setting the last applied indexto:(t:0, i:~)
2019-10-08 07:38:30,030 [pool-423-thread-1] INFO  server.RaftServerConfigKeys (ConfUtils.java:logGet(43)) - raft.server.notification.no-leader.timeout = 120s (custom)
2019-10-08 07:38:30,030 [pool-423-thread-1] INFO  server.RaftServerConfigKeys (ConfUtils.java:logGet(43)) - raft.server.log.use.memory = false (default)
2019-10-08 07:38:30,030 [pool-423-thread-1] INFO  server.RaftServerConfigKeys (ConfUtils.java:logGet(43)) - raft.server.log.purge.gap = 1000000 (custom)
2019-10-08 07:38:30,030 [pool-423-thread-1] INFO  server.RaftServerConfigKeys (ConfUtils.java:logGet(43)) - raft.server.log.appender.buffer.byte-limit = 33554432 (custom)
2019-10-08 07:38:30,031 [pool-423-thread-1] INFO  server.RaftServerConfigKeys (ConfUtils.java:logGet(43)) - raft.server.log.segment.size.max = 1048576 (custom)
2019-10-08 07:38:30,031 [pool-423-thread-1] INFO  server.RaftServerConfigKeys (ConfUtils.java:logGet(43)) - raft.server.log.segment.cache.num.max = 2 (custom)
2019-10-08 07:38:30,031 [pool-423-thread-1] INFO  segmented.SegmentedRaftLogWorker (SegmentedRaftLogWorker.java:<init>(173)) - new 703eb6a3-ca1c-45b4-ba73-6e1559beb3c7@group-7678E6BE8946-SegmentedRaftLogWorker for RaftStorage:Storage Directory /workdir/hadoop-ozone/integration-test/target/test-dir/MiniOzoneClusterImpl-902567ba-501e-44b4-9d07-934ea4d81655/datanode-4/data/ratis/df59c6af-a1a6-4804-bae2-7678e6be8946
2019-10-08 07:38:30,031 [pool-423-thread-1] INFO  server.RaftServerConfigKeys (ConfUtils.java:logGet(43)) - raft.server.log.queue.byte-limit = 2147483647 (custom)
2019-10-08 07:38:30,031 [pool-423-thread-1] INFO  server.RaftServerConfigKeys (ConfUtils.java:logGet(43)) - raft.server.log.queue.element-limit = 1024 (custom)
2019-10-08 07:38:30,031 [pool-423-thread-1] INFO  server.RaftServerConfigKeys (ConfUtils.java:logGet(43)) - raft.server.log.segment.size.max = 1048576 (custom)
2019-10-08 07:38:30,031 [pool-423-thread-1] INFO  server.RaftServerConfigKeys (ConfUtils.java:logGet(43)) - raft.server.log.preallocated.size = 16384 (custom)
2019-10-08 07:38:30,031 [pool-423-thread-1] INFO  server.RaftServerConfigKeys (ConfUtils.java:logGet(43)) - raft.server.log.write.buffer.size = 33554432 (custom)
2019-10-08 07:38:30,032 [pool-423-thread-1] INFO  server.RaftServerConfigKeys (ConfUtils.java:logGet(43)) - raft.server.log.force.sync.num = 128 (default)
2019-10-08 07:38:30,032 [pool-423-thread-1] INFO  server.RaftServerConfigKeys (ConfUtils.java:logGet(43)) - raft.server.log.statemachine.data.sync = true (default)
2019-10-08 07:38:30,032 [pool-423-thread-1] INFO  server.RaftServerConfigKeys (ConfUtils.java:logGet(43)) - raft.server.log.statemachine.data.sync.timeout = 10s (default)
2019-10-08 07:38:30,032 [pool-423-thread-1] INFO  server.RaftServerConfigKeys (ConfUtils.java:logGet(43)) - raft.server.log.statemachine.data.sync.timeout.retry = -1 (default)
2019-10-08 07:38:30,032 [pool-423-thread-1] INFO  server.RaftServerConfigKeys (ConfUtils.java:logGet(43)) - raft.server.log.statemachine.data.caching.enabled = true (custom)
2019-10-08 07:38:30,033 [pool-423-thread-1] INFO  segmented.SegmentedRaftLogWorker (SegmentedRaftLogWorker.java:lambda$new$0(128)) - 703eb6a3-ca1c-45b4-ba73-6e1559beb3c7@group-7678E6BE8946-SegmentedRaftLogWorker: flushIndex: setUnconditionally 0 -> -1
2019-10-08 07:38:30,033 [pool-423-thread-1] INFO  server.RaftServerConfigKeys (ConfUtils.java:logGet(43)) - raft.server.snapshot.auto.trigger.enabled = true (custom)
2019-10-08 07:38:30,033 [pool-423-thread-1] INFO  server.RaftServerConfigKeys (ConfUtils.java:logGet(43)) - raft.server.snapshot.auto.trigger.threshold = 10000 (custom)
2019-10-08 07:38:30,033 [pool-423-thread-1] INFO  server.RaftServerConfigKeys (ConfUtils.java:logGet(43)) - raft.server.snapshot.retention.file.num = 5 (custom)
2019-10-08 07:38:30,033 [pool-423-thread-1] INFO  server.RaftServerConfigKeys (ConfUtils.java:logGet(43)) - raft.server.retrycache.expirytime = 600000ms (custom)
2019-10-08 07:38:30,034 [pool-413-thread-1] INFO  storage.RaftStorage (RaftStorage.java:format(84)) - Storage directory /workdir/hadoop-ozone/integration-test/target/test-dir/MiniOzoneClusterImpl-902567ba-501e-44b4-9d07-934ea4d81655/datanode-3/data/ratis/df59c6af-a1a6-4804-bae2-7678e6be8946 has been successfully formatted.
2019-10-08 07:38:30,034 [pool-433-thread-1] INFO  storage.RaftStorage (RaftStorage.java:format(84)) - Storage directory /workdir/hadoop-ozone/integration-test/target/test-dir/MiniOzoneClusterImpl-902567ba-501e-44b4-9d07-934ea4d81655/datanode-5/data/ratis/df59c6af-a1a6-4804-bae2-7678e6be8946 has been successfully formatted.
2019-10-08 07:38:30,034 [pool-413-thread-1] INFO  ratis.ContainerStateMachine (ContainerStateMachine.java:loadSnapshot(231)) - group-7678E6BE8946: The snapshot info is null. Setting the last applied indexto:(t:0, i:~)
2019-10-08 07:38:30,035 [pool-433-thread-1] INFO  ratis.ContainerStateMachine (ContainerStateMachine.java:loadSnapshot(231)) - group-7678E6BE8946: The snapshot info is null. Setting the last applied indexto:(t:0, i:~)
2019-10-08 07:38:30,035 [pool-413-thread-1] INFO  server.RaftServerConfigKeys (ConfUtils.java:logGet(43)) - raft.server.notification.no-leader.timeout = 120s (custom)
2019-10-08 07:38:30,035 [pool-433-thread-1] INFO  server.RaftServerConfigKeys (ConfUtils.java:logGet(43)) - raft.server.notification.no-leader.timeout = 120s (custom)
2019-10-08 07:38:30,035 [pool-423-thread-1] INFO  impl.RaftServerImpl (RaftServerImpl.java:start(181)) - 703eb6a3-ca1c-45b4-ba73-6e1559beb3c7@group-7678E6BE8946: start as a follower, conf=-1: [703eb6a3-ca1c-45b4-ba73-6e1559beb3c7:192.168.30.43:39938, 60fa01fa-f990-444a-8ecf-b9727f610da1:192.168.30.43:45074, f24809fc-cca2-4be1-9877-14a4e0dcdc03:192.168.30.43:40791], old=null
2019-10-08 07:38:30,035 [pool-413-thread-1] INFO  server.RaftServerConfigKeys (ConfUtils.java:logGet(43)) - raft.server.log.use.memory = false (default)
2019-10-08 07:38:30,035 [pool-423-thread-1] INFO  impl.RaftServerImpl (RaftServerImpl.java:setRole(170)) - 703eb6a3-ca1c-45b4-ba73-6e1559beb3c7@group-7678E6BE8946: changes role from      null to FOLLOWER at term 0 for startAsFollower
2019-10-08 07:38:30,035 [pool-433-thread-1] INFO  server.RaftServerConfigKeys (ConfUtils.java:logGet(43)) - raft.server.log.use.memory = false (default)
2019-10-08 07:38:30,035 [pool-423-thread-1] INFO  impl.RoleInfo (RoleInfo.java:updateAndGet(143)) - 703eb6a3-ca1c-45b4-ba73-6e1559beb3c7: start FollowerState
2019-10-08 07:38:30,035 [pool-413-thread-1] INFO  server.RaftServerConfigKeys (ConfUtils.java:logGet(43)) - raft.server.log.purge.gap = 1000000 (custom)
2019-10-08 07:38:30,035 [pool-433-thread-1] INFO  server.RaftServerConfigKeys (ConfUtils.java:logGet(43)) - raft.server.log.purge.gap = 1000000 (custom)
2019-10-08 07:38:30,036 [pool-423-thread-1] INFO  util.JmxRegister (JmxRegister.java:tryRegister(44)) - Successfully registered JMX Bean with object name Ratis:service=RaftServer,group=group-7678E6BE8946,id=703eb6a3-ca1c-45b4-ba73-6e1559beb3c7
2019-10-08 07:38:30,036 [pool-413-thread-1] INFO  server.RaftServerConfigKeys (ConfUtils.java:logGet(43)) - raft.server.log.appender.buffer.byte-limit = 33554432 (custom)
2019-10-08 07:38:30,036 [pool-433-thread-1] INFO  server.RaftServerConfigKeys (ConfUtils.java:logGet(43)) - raft.server.log.appender.buffer.byte-limit = 33554432 (custom)
2019-10-08 07:38:30,036 [pool-413-thread-1] INFO  server.RaftServerConfigKeys (ConfUtils.java:logGet(43)) - raft.server.log.segment.size.max = 1048576 (custom)
2019-10-08 07:38:30,037 [pool-433-thread-1] INFO  server.RaftServerConfigKeys (ConfUtils.java:logGet(43)) - raft.server.log.segment.size.max = 1048576 (custom)
2019-10-08 07:38:30,037 [pool-413-thread-1] INFO  server.RaftServerConfigKeys (ConfUtils.java:logGet(43)) - raft.server.log.segment.cache.num.max = 2 (custom)
2019-10-08 07:38:30,037 [pool-433-thread-1] INFO  server.RaftServerConfigKeys (ConfUtils.java:logGet(43)) - raft.server.log.segment.cache.num.max = 2 (custom)
2019-10-08 07:38:30,037 [pool-413-thread-1] INFO  segmented.SegmentedRaftLogWorker (SegmentedRaftLogWorker.java:<init>(173)) - new 60fa01fa-f990-444a-8ecf-b9727f610da1@group-7678E6BE8946-SegmentedRaftLogWorker for RaftStorage:Storage Directory /workdir/hadoop-ozone/integration-test/target/test-dir/MiniOzoneClusterImpl-902567ba-501e-44b4-9d07-934ea4d81655/datanode-3/data/ratis/df59c6af-a1a6-4804-bae2-7678e6be8946
2019-10-08 07:38:30,037 [pool-433-thread-1] INFO  segmented.SegmentedRaftLogWorker (SegmentedRaftLogWorker.java:<init>(173)) - new f24809fc-cca2-4be1-9877-14a4e0dcdc03@group-7678E6BE8946-SegmentedRaftLogWorker for RaftStorage:Storage Directory /workdir/hadoop-ozone/integration-test/target/test-dir/MiniOzoneClusterImpl-902567ba-501e-44b4-9d07-934ea4d81655/datanode-5/data/ratis/df59c6af-a1a6-4804-bae2-7678e6be8946
2019-10-08 07:38:30,037 [pool-413-thread-1] INFO  server.RaftServerConfigKeys (ConfUtils.java:logGet(43)) - raft.server.log.queue.byte-limit = 2147483647 (custom)
2019-10-08 07:38:30,037 [pool-433-thread-1] INFO  server.RaftServerConfigKeys (ConfUtils.java:logGet(43)) - raft.server.log.queue.byte-limit = 2147483647 (custom)
2019-10-08 07:38:30,038 [pool-413-thread-1] INFO  server.RaftServerConfigKeys (ConfUtils.java:logGet(43)) - raft.server.log.queue.element-limit = 1024 (custom)
2019-10-08 07:38:30,038 [pool-433-thread-1] INFO  server.RaftServerConfigKeys (ConfUtils.java:logGet(43)) - raft.server.log.queue.element-limit = 1024 (custom)
2019-10-08 07:38:30,038 [pool-413-thread-1] INFO  server.RaftServerConfigKeys (ConfUtils.java:logGet(43)) - raft.server.log.segment.size.max = 1048576 (custom)
2019-10-08 07:38:30,038 [pool-433-thread-1] INFO  server.RaftServerConfigKeys (ConfUtils.java:logGet(43)) - raft.server.log.segment.size.max = 1048576 (custom)
2019-10-08 07:38:30,038 [pool-413-thread-1] INFO  server.RaftServerConfigKeys (ConfUtils.java:logGet(43)) - raft.server.log.preallocated.size = 16384 (custom)
2019-10-08 07:38:30,038 [pool-433-thread-1] INFO  server.RaftServerConfigKeys (ConfUtils.java:logGet(43)) - raft.server.log.preallocated.size = 16384 (custom)
2019-10-08 07:38:30,038 [pool-413-thread-1] INFO  server.RaftServerConfigKeys (ConfUtils.java:logGet(43)) - raft.server.log.write.buffer.size = 33554432 (custom)
2019-10-08 07:38:30,038 [pool-433-thread-1] INFO  server.RaftServerConfigKeys (ConfUtils.java:logGet(43)) - raft.server.log.write.buffer.size = 33554432 (custom)
2019-10-08 07:38:30,039 [pool-413-thread-1] INFO  server.RaftServerConfigKeys (ConfUtils.java:logGet(43)) - raft.server.log.force.sync.num = 128 (default)
2019-10-08 07:38:30,039 [pool-433-thread-1] INFO  server.RaftServerConfigKeys (ConfUtils.java:logGet(43)) - raft.server.log.force.sync.num = 128 (default)
2019-10-08 07:38:30,039 [pool-413-thread-1] INFO  server.RaftServerConfigKeys (ConfUtils.java:logGet(43)) - raft.server.log.statemachine.data.sync = true (default)
2019-10-08 07:38:30,039 [pool-433-thread-1] INFO  server.RaftServerConfigKeys (ConfUtils.java:logGet(43)) - raft.server.log.statemachine.data.sync = true (default)
2019-10-08 07:38:30,039 [pool-413-thread-1] INFO  server.RaftServerConfigKeys (ConfUtils.java:logGet(43)) - raft.server.log.statemachine.data.sync.timeout = 10s (default)
2019-10-08 07:38:30,039 [pool-433-thread-1] INFO  server.RaftServerConfigKeys (ConfUtils.java:logGet(43)) - raft.server.log.statemachine.data.sync.timeout = 10s (default)
2019-10-08 07:38:30,039 [pool-413-thread-1] INFO  server.RaftServerConfigKeys (ConfUtils.java:logGet(43)) - raft.server.log.statemachine.data.sync.timeout.retry = -1 (default)
2019-10-08 07:38:30,040 [pool-433-thread-1] INFO  server.RaftServerConfigKeys (ConfUtils.java:logGet(43)) - raft.server.log.statemachine.data.sync.timeout.retry = -1 (default)
2019-10-08 07:38:30,040 [pool-413-thread-1] INFO  server.RaftServerConfigKeys (ConfUtils.java:logGet(43)) - raft.server.log.statemachine.data.caching.enabled = true (custom)
2019-10-08 07:38:30,040 [pool-433-thread-1] INFO  server.RaftServerConfigKeys (ConfUtils.java:logGet(43)) - raft.server.log.statemachine.data.caching.enabled = true (custom)
2019-10-08 07:38:30,040 [pool-413-thread-1] INFO  segmented.SegmentedRaftLogWorker (SegmentedRaftLogWorker.java:lambda$new$0(128)) - 60fa01fa-f990-444a-8ecf-b9727f610da1@group-7678E6BE8946-SegmentedRaftLogWorker: flushIndex: setUnconditionally 0 -> -1
2019-10-08 07:38:30,040 [pool-433-thread-1] INFO  segmented.SegmentedRaftLogWorker (SegmentedRaftLogWorker.java:lambda$new$0(128)) - f24809fc-cca2-4be1-9877-14a4e0dcdc03@group-7678E6BE8946-SegmentedRaftLogWorker: flushIndex: setUnconditionally 0 -> -1
2019-10-08 07:38:30,040 [pool-413-thread-1] INFO  server.RaftServerConfigKeys (ConfUtils.java:logGet(43)) - raft.server.snapshot.auto.trigger.enabled = true (custom)
2019-10-08 07:38:30,041 [pool-413-thread-1] INFO  server.RaftServerConfigKeys (ConfUtils.java:logGet(43)) - raft.server.snapshot.auto.trigger.threshold = 10000 (custom)
2019-10-08 07:38:30,041 [pool-433-thread-1] INFO  server.RaftServerConfigKeys (ConfUtils.java:logGet(43)) - raft.server.snapshot.auto.trigger.enabled = true (custom)
2019-10-08 07:38:30,041 [pool-413-thread-1] INFO  server.RaftServerConfigKeys (ConfUtils.java:logGet(43)) - raft.server.snapshot.retention.file.num = 5 (custom)
2019-10-08 07:38:30,041 [pool-433-thread-1] INFO  server.RaftServerConfigKeys (ConfUtils.java:logGet(43)) - raft.server.snapshot.auto.trigger.threshold = 10000 (custom)
2019-10-08 07:38:30,041 [pool-413-thread-1] INFO  server.RaftServerConfigKeys (ConfUtils.java:logGet(43)) - raft.server.retrycache.expirytime = 600000ms (custom)
2019-10-08 07:38:30,041 [pool-433-thread-1] INFO  server.RaftServerConfigKeys (ConfUtils.java:logGet(43)) - raft.server.snapshot.retention.file.num = 5 (custom)
2019-10-08 07:38:30,041 [pool-433-thread-1] INFO  server.RaftServerConfigKeys (ConfUtils.java:logGet(43)) - raft.server.retrycache.expirytime = 600000ms (custom)
2019-10-08 07:38:30,043 [pool-413-thread-1] INFO  impl.RaftServerImpl (RaftServerImpl.java:start(181)) - 60fa01fa-f990-444a-8ecf-b9727f610da1@group-7678E6BE8946: start as a follower, conf=-1: [703eb6a3-ca1c-45b4-ba73-6e1559beb3c7:192.168.30.43:39938, 60fa01fa-f990-444a-8ecf-b9727f610da1:192.168.30.43:45074, f24809fc-cca2-4be1-9877-14a4e0dcdc03:192.168.30.43:40791], old=null
2019-10-08 07:38:30,043 [pool-433-thread-1] INFO  impl.RaftServerImpl (RaftServerImpl.java:start(181)) - f24809fc-cca2-4be1-9877-14a4e0dcdc03@group-7678E6BE8946: start as a follower, conf=-1: [703eb6a3-ca1c-45b4-ba73-6e1559beb3c7:192.168.30.43:39938, 60fa01fa-f990-444a-8ecf-b9727f610da1:192.168.30.43:45074, f24809fc-cca2-4be1-9877-14a4e0dcdc03:192.168.30.43:40791], old=null
2019-10-08 07:38:30,043 [pool-413-thread-1] INFO  impl.RaftServerImpl (RaftServerImpl.java:setRole(170)) - 60fa01fa-f990-444a-8ecf-b9727f610da1@group-7678E6BE8946: changes role from      null to FOLLOWER at term 0 for startAsFollower
2019-10-08 07:38:30,044 [pool-433-thread-1] INFO  impl.RaftServerImpl (RaftServerImpl.java:setRole(170)) - f24809fc-cca2-4be1-9877-14a4e0dcdc03@group-7678E6BE8946: changes role from      null to FOLLOWER at term 0 for startAsFollower
2019-10-08 07:38:30,044 [pool-413-thread-1] INFO  impl.RoleInfo (RoleInfo.java:updateAndGet(143)) - 60fa01fa-f990-444a-8ecf-b9727f610da1: start FollowerState
2019-10-08 07:38:30,044 [pool-433-thread-1] INFO  impl.RoleInfo (RoleInfo.java:updateAndGet(143)) - f24809fc-cca2-4be1-9877-14a4e0dcdc03: start FollowerState
2019-10-08 07:38:30,044 [pool-413-thread-1] INFO  util.JmxRegister (JmxRegister.java:tryRegister(44)) - Successfully registered JMX Bean with object name Ratis:service=RaftServer,group=group-7678E6BE8946,id=60fa01fa-f990-444a-8ecf-b9727f610da1
2019-10-08 07:38:30,044 [pool-433-thread-1] INFO  util.JmxRegister (JmxRegister.java:tryRegister(44)) - Successfully registered JMX Bean with object name Ratis:service=RaftServer,group=group-7678E6BE8946,id=f24809fc-cca2-4be1-9877-14a4e0dcdc03
2019-10-08 07:38:30,047 [IPC Server handler 3 on 35886] INFO  net.NetworkTopology (NetworkTopologyImpl.java:add(111)) - Added a new node: /default-rack/d28733da-5f4b-462c-a066-6787729c78a8
2019-10-08 07:38:30,047 [IPC Server handler 3 on 35886] INFO  node.SCMNodeManager (SCMNodeManager.java:register(268)) - Registered Data node : d28733da-5f4b-462c-a066-6787729c78a8{ip: 192.168.30.43, host: pr-hdds-2260-pj9wp-4011291103, networkLocation: /default-rack, certSerialId: null}
2019-10-08 07:38:30,048 [main] INFO  ozone.MiniOzoneClusterImpl (MiniOzoneClusterImpl.java:lambda$waitForClusterToBeReady$0(147)) - Cluster is ready. Got 7 of 7 DN Heartbeats.
2019-10-08 07:38:30,049 [RatisPipelineUtilsThread] INFO  pipeline.PipelineStateManager (PipelineStateManager.java:addPipeline(56)) - Created pipeline Pipeline[ Id: df59c6af-a1a6-4804-bae2-7678e6be8946, Nodes: 60fa01fa-f990-444a-8ecf-b9727f610da1{ip: 192.168.30.43, host: pr-hdds-2260-pj9wp-4011291103, networkLocation: /default-rack, certSerialId: null}703eb6a3-ca1c-45b4-ba73-6e1559beb3c7{ip: 192.168.30.43, host: pr-hdds-2260-pj9wp-4011291103, networkLocation: /default-rack, certSerialId: null}f24809fc-cca2-4be1-9877-14a4e0dcdc03{ip: 192.168.30.43, host: pr-hdds-2260-pj9wp-4011291103, networkLocation: /default-rack, certSerialId: null}, Type:RATIS, Factor:THREE, State:OPEN]
2019-10-08 07:38:30,099 [main] INFO  rpc.RpcClient (RpcClient.java:createVolume(277)) - Creating Volume: watchforcommithandlingtest, with jenkins1000 as owner.
2019-10-08 07:38:30,102 [IPC Server handler 2 on 37313] INFO  volume.OMVolumeCreateRequest (OMVolumeCreateRequest.java:validateAndUpdateCache(193)) - created volume:watchforcommithandlingtest for user:jenkins1000
2019-10-08 07:38:30,121 [main] INFO  rpc.RpcClient (RpcClient.java:createBucket(416)) - Creating Bucket: watchforcommithandlingtest/watchforcommithandlingtest, with Versioning false and Storage Type set to DISK and Encryption set to false 
2019-10-08 07:38:30,126 [main] INFO  ozone.MiniOzoneClusterImpl (MiniOzoneClusterImpl.java:getStorageContainerLocationClient(234)) - Creating StorageContainerLocationProtocol RPC client with address /0.0.0.0:44316
2019-10-08 07:38:32,576 [Thread-2332] INFO  container.ReplicationManager (ReplicationManager.java:start(162)) - Starting Replication Monitor Thread.
2019-10-08 07:38:32,583 [ReplicationMonitor] INFO  container.ReplicationManager (ReplicationManager.java:run(225)) - Replication Monitor Thread took 1 milliseconds for processing 1 containers.
2019-10-08 07:38:34,701 [Thread-2334] INFO  impl.FollowerState (FollowerState.java:run(108)) - 1a1ec4dc-c977-4a0f-9a45-1a415cfcc58c@group-66B33FE4860F-FollowerState: change to CANDIDATE, lastRpcTime:5064ms, electionTimeout:5064ms
2019-10-08 07:38:34,702 [Thread-2334] INFO  impl.RoleInfo (RoleInfo.java:shutdownFollowerState(121)) - 1a1ec4dc-c977-4a0f-9a45-1a415cfcc58c: shutdown FollowerState
2019-10-08 07:38:34,702 [Thread-2334] INFO  impl.RaftServerImpl (RaftServerImpl.java:setRole(170)) - 1a1ec4dc-c977-4a0f-9a45-1a415cfcc58c@group-66B33FE4860F: changes role from  FOLLOWER to CANDIDATE at term 0 for changeToCandidate
2019-10-08 07:38:34,702 [Thread-2334] INFO  impl.RoleInfo (RoleInfo.java:updateAndGet(143)) - 1a1ec4dc-c977-4a0f-9a45-1a415cfcc58c: start LeaderElection
2019-10-08 07:38:34,726 [1a1ec4dc-c977-4a0f-9a45-1a415cfcc58c@group-66B33FE4860F-LeaderElection62] INFO  impl.LeaderElection (LeaderElection.java:askForVotes(178)) - 1a1ec4dc-c977-4a0f-9a45-1a415cfcc58c@group-66B33FE4860F-LeaderElection62: begin an election at term 1 for -1: [1a1ec4dc-c977-4a0f-9a45-1a415cfcc58c:192.168.30.43:37384], old=null
2019-10-08 07:38:34,727 [1a1ec4dc-c977-4a0f-9a45-1a415cfcc58c@group-66B33FE4860F-LeaderElection62] INFO  impl.RoleInfo (RoleInfo.java:shutdownLeaderElection(134)) - 1a1ec4dc-c977-4a0f-9a45-1a415cfcc58c: shutdown LeaderElection
2019-10-08 07:38:34,727 [1a1ec4dc-c977-4a0f-9a45-1a415cfcc58c@group-66B33FE4860F-LeaderElection62] INFO  impl.RaftServerImpl (RaftServerImpl.java:setRole(170)) - 1a1ec4dc-c977-4a0f-9a45-1a415cfcc58c@group-66B33FE4860F: changes role from CANDIDATE to LEADER at term 1 for changeToLeader
2019-10-08 07:38:34,727 [1a1ec4dc-c977-4a0f-9a45-1a415cfcc58c@group-66B33FE4860F-LeaderElection62] INFO  impl.RaftServerImpl (ServerState.java:setLeader(255)) - 1a1ec4dc-c977-4a0f-9a45-1a415cfcc58c@group-66B33FE4860F: change Leader from null to 1a1ec4dc-c977-4a0f-9a45-1a415cfcc58c at term 1 for becomeLeader, leader elected after 5100ms
2019-10-08 07:38:34,727 [1a1ec4dc-c977-4a0f-9a45-1a415cfcc58c@group-66B33FE4860F-LeaderElection62] INFO  server.RaftServerConfigKeys (ConfUtils.java:logGet(43)) - raft.server.staging.catchup.gap = 1000 (default)
2019-10-08 07:38:34,727 [1a1ec4dc-c977-4a0f-9a45-1a415cfcc58c@group-66B33FE4860F-LeaderElection62] INFO  server.RaftServerConfigKeys (ConfUtils.java:logGet(43)) - raft.server.rpc.sleep.time = 25ms (default)
2019-10-08 07:38:34,728 [1a1ec4dc-c977-4a0f-9a45-1a415cfcc58c@group-66B33FE4860F-LeaderElection62] INFO  server.RaftServerConfigKeys (ConfUtils.java:logGet(43)) - raft.server.write.element-limit = 4096 (default)
2019-10-08 07:38:34,728 [1a1ec4dc-c977-4a0f-9a45-1a415cfcc58c@group-66B33FE4860F-LeaderElection62] INFO  server.RaftServerConfigKeys (ConfUtils.java:logGet(43)) - raft.server.watch.timeout = 10s (default)
2019-10-08 07:38:34,728 [1a1ec4dc-c977-4a0f-9a45-1a415cfcc58c@group-66B33FE4860F-LeaderElection62] INFO  server.RaftServerConfigKeys (ConfUtils.java:logGet(43)) - raft.server.watch.timeout.denomination = 1s (default)
2019-10-08 07:38:34,728 [1a1ec4dc-c977-4a0f-9a45-1a415cfcc58c@group-66B33FE4860F-LeaderElection62] INFO  server.RaftServerConfigKeys (ConfUtils.java:logGet(43)) - raft.server.watch.element-limit = 65536 (default)
2019-10-08 07:38:34,731 [1a1ec4dc-c977-4a0f-9a45-1a415cfcc58c@group-66B33FE4860F-LeaderElection62] INFO  impl.RoleInfo (RoleInfo.java:updateAndGet(143)) - 1a1ec4dc-c977-4a0f-9a45-1a415cfcc58c: start LeaderState
2019-10-08 07:38:34,732 [1a1ec4dc-c977-4a0f-9a45-1a415cfcc58c@group-66B33FE4860F-LeaderElection62] INFO  segmented.SegmentedRaftLogWorker (SegmentedRaftLogWorker.java:startLogSegment(385)) - 1a1ec4dc-c977-4a0f-9a45-1a415cfcc58c@group-66B33FE4860F-SegmentedRaftLogWorker: Starting segment from index:0
2019-10-08 07:38:34,732 [1a1ec4dc-c977-4a0f-9a45-1a415cfcc58c@group-66B33FE4860F-LeaderElection62] INFO  impl.RaftServerImpl (ServerState.java:setRaftConf(356)) - 1a1ec4dc-c977-4a0f-9a45-1a415cfcc58c@group-66B33FE4860F: set configuration 0: [1a1ec4dc-c977-4a0f-9a45-1a415cfcc58c:192.168.30.43:37384], old=null at 0
2019-10-08 07:38:34,780 [1a1ec4dc-c977-4a0f-9a45-1a415cfcc58c@group-66B33FE4860F-SegmentedRaftLogWorker] INFO  segmented.SegmentedRaftLogWorker (SegmentedRaftLogWorker.java:execute(574)) - 1a1ec4dc-c977-4a0f-9a45-1a415cfcc58c@group-66B33FE4860F-SegmentedRaftLogWorker: created new log segment /workdir/hadoop-ozone/integration-test/target/test-dir/MiniOzoneClusterImpl-902567ba-501e-44b4-9d07-934ea4d81655/datanode-0/data/ratis/c49be634-cd57-4256-bfe6-66b33fe4860f/current/log_inprogress_0
2019-10-08 07:38:34,855 [Thread-2348] INFO  impl.FollowerState (FollowerState.java:run(108)) - f3f71062-fa4a-4694-ac66-7042590037ba@group-3EC0E788E661-FollowerState: change to CANDIDATE, lastRpcTime:5024ms, electionTimeout:5024ms
2019-10-08 07:38:34,855 [Thread-2348] INFO  impl.RoleInfo (RoleInfo.java:shutdownFollowerState(121)) - f3f71062-fa4a-4694-ac66-7042590037ba: shutdown FollowerState
2019-10-08 07:38:34,855 [Thread-2348] INFO  impl.RaftServerImpl (RaftServerImpl.java:setRole(170)) - f3f71062-fa4a-4694-ac66-7042590037ba@group-3EC0E788E661: changes role from  FOLLOWER to CANDIDATE at term 0 for changeToCandidate
2019-10-08 07:38:34,855 [Thread-2348] INFO  impl.RoleInfo (RoleInfo.java:updateAndGet(143)) - f3f71062-fa4a-4694-ac66-7042590037ba: start LeaderElection
2019-10-08 07:38:34,860 [Thread-2337] INFO  impl.FollowerState (FollowerState.java:run(108)) - f3f71062-fa4a-4694-ac66-7042590037ba@group-8F78364FCFB7-FollowerState: change to CANDIDATE, lastRpcTime:5164ms, electionTimeout:5164ms
2019-10-08 07:38:34,860 [Thread-2337] INFO  impl.RoleInfo (RoleInfo.java:shutdownFollowerState(121)) - f3f71062-fa4a-4694-ac66-7042590037ba: shutdown FollowerState
2019-10-08 07:38:34,860 [Thread-2337] INFO  impl.RaftServerImpl (RaftServerImpl.java:setRole(170)) - f3f71062-fa4a-4694-ac66-7042590037ba@group-8F78364FCFB7: changes role from  FOLLOWER to CANDIDATE at term 0 for changeToCandidate
2019-10-08 07:38:34,860 [Thread-2337] INFO  impl.RoleInfo (RoleInfo.java:updateAndGet(143)) - f3f71062-fa4a-4694-ac66-7042590037ba: start LeaderElection
2019-10-08 07:38:34,883 [f3f71062-fa4a-4694-ac66-7042590037ba@group-8F78364FCFB7-LeaderElection64] INFO  impl.LeaderElection (LeaderElection.java:askForVotes(178)) - f3f71062-fa4a-4694-ac66-7042590037ba@group-8F78364FCFB7-LeaderElection64: begin an election at term 1 for -1: [f3f71062-fa4a-4694-ac66-7042590037ba:192.168.30.43:43096], old=null
2019-10-08 07:38:34,883 [f3f71062-fa4a-4694-ac66-7042590037ba@group-3EC0E788E661-LeaderElection63] INFO  impl.LeaderElection (LeaderElection.java:askForVotes(178)) - f3f71062-fa4a-4694-ac66-7042590037ba@group-3EC0E788E661-LeaderElection63: begin an election at term 1 for -1: [1a1ec4dc-c977-4a0f-9a45-1a415cfcc58c:192.168.30.43:37384, f3f71062-fa4a-4694-ac66-7042590037ba:192.168.30.43:43096, 85a03eef-da5c-4cf0-8830-b083dbd50109:192.168.30.43:33061], old=null
2019-10-08 07:38:34,883 [f3f71062-fa4a-4694-ac66-7042590037ba@group-8F78364FCFB7-LeaderElection64] INFO  impl.RoleInfo (RoleInfo.java:shutdownLeaderElection(134)) - f3f71062-fa4a-4694-ac66-7042590037ba: shutdown LeaderElection
2019-10-08 07:38:34,883 [f3f71062-fa4a-4694-ac66-7042590037ba@group-8F78364FCFB7-LeaderElection64] INFO  impl.RaftServerImpl (RaftServerImpl.java:setRole(170)) - f3f71062-fa4a-4694-ac66-7042590037ba@group-8F78364FCFB7: changes role from CANDIDATE to LEADER at term 1 for changeToLeader
2019-10-08 07:38:34,883 [f3f71062-fa4a-4694-ac66-7042590037ba@group-8F78364FCFB7-LeaderElection64] INFO  impl.RaftServerImpl (ServerState.java:setLeader(255)) - f3f71062-fa4a-4694-ac66-7042590037ba@group-8F78364FCFB7: change Leader from null to f3f71062-fa4a-4694-ac66-7042590037ba at term 1 for becomeLeader, leader elected after 5194ms
2019-10-08 07:38:34,883 [f3f71062-fa4a-4694-ac66-7042590037ba@group-8F78364FCFB7-LeaderElection64] INFO  server.RaftServerConfigKeys (ConfUtils.java:logGet(43)) - raft.server.staging.catchup.gap = 1000 (default)
2019-10-08 07:38:34,883 [f3f71062-fa4a-4694-ac66-7042590037ba@group-8F78364FCFB7-LeaderElection64] INFO  server.RaftServerConfigKeys (ConfUtils.java:logGet(43)) - raft.server.rpc.sleep.time = 25ms (default)
2019-10-08 07:38:34,884 [f3f71062-fa4a-4694-ac66-7042590037ba@group-8F78364FCFB7-LeaderElection64] INFO  server.RaftServerConfigKeys (ConfUtils.java:logGet(43)) - raft.server.write.element-limit = 4096 (default)
2019-10-08 07:38:34,884 [f3f71062-fa4a-4694-ac66-7042590037ba@group-8F78364FCFB7-LeaderElection64] INFO  server.RaftServerConfigKeys (ConfUtils.java:logGet(43)) - raft.server.watch.timeout = 10s (default)
2019-10-08 07:38:34,884 [f3f71062-fa4a-4694-ac66-7042590037ba@group-8F78364FCFB7-LeaderElection64] INFO  server.RaftServerConfigKeys (ConfUtils.java:logGet(43)) - raft.server.watch.timeout.denomination = 1s (default)
2019-10-08 07:38:34,884 [f3f71062-fa4a-4694-ac66-7042590037ba@group-8F78364FCFB7-LeaderElection64] INFO  server.RaftServerConfigKeys (ConfUtils.java:logGet(43)) - raft.server.watch.element-limit = 65536 (default)
2019-10-08 07:38:34,886 [f3f71062-fa4a-4694-ac66-7042590037ba@group-8F78364FCFB7-LeaderElection64] INFO  impl.RoleInfo (RoleInfo.java:updateAndGet(143)) - f3f71062-fa4a-4694-ac66-7042590037ba: start LeaderState
2019-10-08 07:38:34,886 [f3f71062-fa4a-4694-ac66-7042590037ba@group-8F78364FCFB7-LeaderElection64] INFO  segmented.SegmentedRaftLogWorker (SegmentedRaftLogWorker.java:startLogSegment(385)) - f3f71062-fa4a-4694-ac66-7042590037ba@group-8F78364FCFB7-SegmentedRaftLogWorker: Starting segment from index:0
2019-10-08 07:38:34,886 [f3f71062-fa4a-4694-ac66-7042590037ba@group-8F78364FCFB7-LeaderElection64] INFO  impl.RaftServerImpl (ServerState.java:setRaftConf(356)) - f3f71062-fa4a-4694-ac66-7042590037ba@group-8F78364FCFB7: set configuration 0: [f3f71062-fa4a-4694-ac66-7042590037ba:192.168.30.43:43096], old=null at 0
2019-10-08 07:38:34,887 [grpc-default-executor-1] INFO  impl.RaftServerImpl (RaftServerImpl.java:setRole(170)) - 85a03eef-da5c-4cf0-8830-b083dbd50109@group-3EC0E788E661: changes role from  FOLLOWER to FOLLOWER at term 1 for recognizeCandidate:f3f71062-fa4a-4694-ac66-7042590037ba
2019-10-08 07:38:34,888 [grpc-default-executor-1] INFO  impl.RoleInfo (RoleInfo.java:shutdownFollowerState(121)) - 85a03eef-da5c-4cf0-8830-b083dbd50109: shutdown FollowerState
2019-10-08 07:38:34,888 [grpc-default-executor-1] INFO  impl.RoleInfo (RoleInfo.java:updateAndGet(143)) - 85a03eef-da5c-4cf0-8830-b083dbd50109: start FollowerState
2019-10-08 07:38:34,888 [Thread-2343] INFO  impl.FollowerState (FollowerState.java:run(117)) - 85a03eef-da5c-4cf0-8830-b083dbd50109@group-3EC0E788E661-FollowerState was interrupted: java.lang.InterruptedException: sleep interrupted
2019-10-08 07:38:34,888 [grpc-default-executor-8] INFO  impl.RaftServerImpl (RaftServerImpl.java:setRole(170)) - 1a1ec4dc-c977-4a0f-9a45-1a415cfcc58c@group-3EC0E788E661: changes role from  FOLLOWER to FOLLOWER at term 1 for recognizeCandidate:f3f71062-fa4a-4694-ac66-7042590037ba
2019-10-08 07:38:34,926 [grpc-default-executor-8] INFO  impl.RoleInfo (RoleInfo.java:shutdownFollowerState(121)) - 1a1ec4dc-c977-4a0f-9a45-1a415cfcc58c: shutdown FollowerState
2019-10-08 07:38:34,923 [Thread-2340] INFO  impl.FollowerState (FollowerState.java:run(108)) - 85a03eef-da5c-4cf0-8830-b083dbd50109@group-831F030CA5D2-FollowerState: change to CANDIDATE, lastRpcTime:5153ms, electionTimeout:5128ms
2019-10-08 07:38:34,927 [grpc-default-executor-8] INFO  impl.RoleInfo (RoleInfo.java:updateAndGet(143)) - 1a1ec4dc-c977-4a0f-9a45-1a415cfcc58c: start FollowerState
2019-10-08 07:38:34,927 [Thread-2340] INFO  impl.RoleInfo (RoleInfo.java:shutdownFollowerState(121)) - 85a03eef-da5c-4cf0-8830-b083dbd50109: shutdown FollowerState
2019-10-08 07:38:34,927 [Thread-2340] INFO  impl.RaftServerImpl (RaftServerImpl.java:setRole(170)) - 85a03eef-da5c-4cf0-8830-b083dbd50109@group-831F030CA5D2: changes role from  FOLLOWER to CANDIDATE at term 0 for changeToCandidate
2019-10-08 07:38:34,927 [Thread-2340] INFO  impl.RoleInfo (RoleInfo.java:updateAndGet(143)) - 85a03eef-da5c-4cf0-8830-b083dbd50109: start LeaderElection
2019-10-08 07:38:34,938 [f3f71062-fa4a-4694-ac66-7042590037ba@group-8F78364FCFB7-SegmentedRaftLogWorker] INFO  segmented.SegmentedRaftLogWorker (SegmentedRaftLogWorker.java:execute(574)) - f3f71062-fa4a-4694-ac66-7042590037ba@group-8F78364FCFB7-SegmentedRaftLogWorker: created new log segment /workdir/hadoop-ozone/integration-test/target/test-dir/MiniOzoneClusterImpl-902567ba-501e-44b4-9d07-934ea4d81655/datanode-1/data/ratis/678ca50e-85c6-4288-b436-8f78364fcfb7/current/log_inprogress_0
2019-10-08 07:38:34,939 [f3f71062-fa4a-4694-ac66-7042590037ba@group-3EC0E788E661-LeaderElection63] INFO  impl.LeaderElection (LeaderElection.java:logAndReturn(56)) - f3f71062-fa4a-4694-ac66-7042590037ba@group-3EC0E788E661-LeaderElection63: Election PASSED; received 1 response(s) [f3f71062-fa4a-4694-ac66-7042590037ba<-85a03eef-da5c-4cf0-8830-b083dbd50109#0:OK-t1] and 0 exception(s); f3f71062-fa4a-4694-ac66-7042590037ba@group-3EC0E788E661:t1, leader=null, voted=f3f71062-fa4a-4694-ac66-7042590037ba, raftlog=f3f71062-fa4a-4694-ac66-7042590037ba@group-3EC0E788E661-SegmentedRaftLog:OPENED:c-1,f-1,i0, conf=-1: [1a1ec4dc-c977-4a0f-9a45-1a415cfcc58c:192.168.30.43:37384, f3f71062-fa4a-4694-ac66-7042590037ba:192.168.30.43:43096, 85a03eef-da5c-4cf0-8830-b083dbd50109:192.168.30.43:33061], old=null
2019-10-08 07:38:34,939 [f3f71062-fa4a-4694-ac66-7042590037ba@group-3EC0E788E661-LeaderElection63] INFO  impl.RoleInfo (RoleInfo.java:shutdownLeaderElection(134)) - f3f71062-fa4a-4694-ac66-7042590037ba: shutdown LeaderElection
2019-10-08 07:38:34,940 [f3f71062-fa4a-4694-ac66-7042590037ba@group-3EC0E788E661-LeaderElection63] INFO  impl.RaftServerImpl (RaftServerImpl.java:setRole(170)) - f3f71062-fa4a-4694-ac66-7042590037ba@group-3EC0E788E661: changes role from CANDIDATE to LEADER at term 1 for changeToLeader
2019-10-08 07:38:34,940 [f3f71062-fa4a-4694-ac66-7042590037ba@group-3EC0E788E661-LeaderElection63] INFO  impl.RaftServerImpl (ServerState.java:setLeader(255)) - f3f71062-fa4a-4694-ac66-7042590037ba@group-3EC0E788E661: change Leader from null to f3f71062-fa4a-4694-ac66-7042590037ba at term 1 for becomeLeader, leader elected after 5122ms
2019-10-08 07:38:34,940 [f3f71062-fa4a-4694-ac66-7042590037ba@group-3EC0E788E661-LeaderElection63] INFO  server.RaftServerConfigKeys (ConfUtils.java:logGet(43)) - raft.server.staging.catchup.gap = 1000 (default)
2019-10-08 07:38:34,940 [f3f71062-fa4a-4694-ac66-7042590037ba@group-3EC0E788E661-LeaderElection63] INFO  server.RaftServerConfigKeys (ConfUtils.java:logGet(43)) - raft.server.rpc.sleep.time = 25ms (default)
2019-10-08 07:38:34,940 [f3f71062-fa4a-4694-ac66-7042590037ba@group-3EC0E788E661-LeaderElection63] INFO  server.RaftServerConfigKeys (ConfUtils.java:logGet(43)) - raft.server.write.element-limit = 4096 (default)
2019-10-08 07:38:34,940 [f3f71062-fa4a-4694-ac66-7042590037ba@group-3EC0E788E661-LeaderElection63] INFO  server.RaftServerConfigKeys (ConfUtils.java:logGet(43)) - raft.server.watch.timeout = 10s (default)
2019-10-08 07:38:34,940 [f3f71062-fa4a-4694-ac66-7042590037ba@group-3EC0E788E661-LeaderElection63] INFO  server.RaftServerConfigKeys (ConfUtils.java:logGet(43)) - raft.server.watch.timeout.denomination = 1s (default)
2019-10-08 07:38:34,941 [f3f71062-fa4a-4694-ac66-7042590037ba@group-3EC0E788E661-LeaderElection63] INFO  server.RaftServerConfigKeys (ConfUtils.java:logGet(43)) - raft.server.watch.element-limit = 65536 (default)
2019-10-08 07:38:34,943 [f3f71062-fa4a-4694-ac66-7042590037ba@group-3EC0E788E661-LeaderElection63] INFO  server.RaftServerConfigKeys (ConfUtils.java:logGet(43)) - raft.server.log.appender.snapshot.chunk.size.max = 16MB (=16777216) (default)
2019-10-08 07:38:34,943 [f3f71062-fa4a-4694-ac66-7042590037ba@group-3EC0E788E661-LeaderElection63] INFO  server.RaftServerConfigKeys (ConfUtils.java:logGet(43)) - raft.server.log.appender.buffer.byte-limit = 33554432 (custom)
2019-10-08 07:38:34,943 [f3f71062-fa4a-4694-ac66-7042590037ba@group-3EC0E788E661-LeaderElection63] INFO  server.RaftServerConfigKeys (ConfUtils.java:logGet(43)) - raft.server.log.appender.buffer.element-limit = 1 (custom)
2019-10-08 07:38:34,943 [f3f71062-fa4a-4694-ac66-7042590037ba@group-3EC0E788E661-LeaderElection63] INFO  grpc.GrpcConfigKeys$Server (ConfUtils.java:logGet(43)) - raft.grpc.server.leader.outstanding.appends.max = 128 (default)
2019-10-08 07:38:34,944 [f3f71062-fa4a-4694-ac66-7042590037ba@group-3EC0E788E661-LeaderElection63] INFO  server.RaftServerConfigKeys (ConfUtils.java:logGet(43)) - raft.server.rpc.request.timeout = 3000ms (default)
2019-10-08 07:38:34,944 [f3f71062-fa4a-4694-ac66-7042590037ba@group-3EC0E788E661-LeaderElection63] INFO  server.RaftServerConfigKeys (ConfUtils.java:logGet(43)) - raft.server.log.appender.install.snapshot.enabled = false (custom)
2019-10-08 07:38:34,944 [f3f71062-fa4a-4694-ac66-7042590037ba@group-3EC0E788E661-LeaderElection63] INFO  server.RaftServerConfigKeys (ConfUtils.java:logGet(43)) - raft.server.log.appender.snapshot.chunk.size.max = 16MB (=16777216) (default)
2019-10-08 07:38:34,944 [f3f71062-fa4a-4694-ac66-7042590037ba@group-3EC0E788E661-LeaderElection63] INFO  server.RaftServerConfigKeys (ConfUtils.java:logGet(43)) - raft.server.log.appender.buffer.byte-limit = 33554432 (custom)
2019-10-08 07:38:34,944 [f3f71062-fa4a-4694-ac66-7042590037ba@group-3EC0E788E661-LeaderElection63] INFO  server.RaftServerConfigKeys (ConfUtils.java:logGet(43)) - raft.server.log.appender.buffer.element-limit = 1 (custom)
2019-10-08 07:38:34,945 [f3f71062-fa4a-4694-ac66-7042590037ba@group-3EC0E788E661-LeaderElection63] INFO  grpc.GrpcConfigKeys$Server (ConfUtils.java:logGet(43)) - raft.grpc.server.leader.outstanding.appends.max = 128 (default)
2019-10-08 07:38:34,945 [f3f71062-fa4a-4694-ac66-7042590037ba@group-3EC0E788E661-LeaderElection63] INFO  server.RaftServerConfigKeys (ConfUtils.java:logGet(43)) - raft.server.rpc.request.timeout = 3000ms (default)
2019-10-08 07:38:34,945 [f3f71062-fa4a-4694-ac66-7042590037ba@group-3EC0E788E661-LeaderElection63] INFO  server.RaftServerConfigKeys (ConfUtils.java:logGet(43)) - raft.server.log.appender.install.snapshot.enabled = false (custom)
2019-10-08 07:38:34,945 [f3f71062-fa4a-4694-ac66-7042590037ba@group-3EC0E788E661-LeaderElection63] INFO  impl.RoleInfo (RoleInfo.java:updateAndGet(143)) - f3f71062-fa4a-4694-ac66-7042590037ba: start LeaderState
2019-10-08 07:38:34,946 [f3f71062-fa4a-4694-ac66-7042590037ba@group-3EC0E788E661-LeaderElection63] INFO  segmented.SegmentedRaftLogWorker (SegmentedRaftLogWorker.java:startLogSegment(385)) - f3f71062-fa4a-4694-ac66-7042590037ba@group-3EC0E788E661-SegmentedRaftLogWorker: Starting segment from index:0
2019-10-08 07:38:34,946 [f3f71062-fa4a-4694-ac66-7042590037ba@group-3EC0E788E661-LeaderElection63] INFO  impl.RaftServerImpl (ServerState.java:setRaftConf(356)) - f3f71062-fa4a-4694-ac66-7042590037ba@group-3EC0E788E661: set configuration 0: [1a1ec4dc-c977-4a0f-9a45-1a415cfcc58c:192.168.30.43:37384, f3f71062-fa4a-4694-ac66-7042590037ba:192.168.30.43:43096, 85a03eef-da5c-4cf0-8830-b083dbd50109:192.168.30.43:33061], old=null at 0
2019-10-08 07:38:34,997 [Thread-2352] INFO  impl.FollowerState (FollowerState.java:run(108)) - 60fa01fa-f990-444a-8ecf-b9727f610da1@group-5B86663DF8D2-FollowerState: change to CANDIDATE, lastRpcTime:5089ms, electionTimeout:5081ms
2019-10-08 07:38:35,000 [Thread-2352] INFO  impl.RoleInfo (RoleInfo.java:shutdownFollowerState(121)) - 60fa01fa-f990-444a-8ecf-b9727f610da1: shutdown FollowerState
2019-10-08 07:38:35,001 [85a03eef-da5c-4cf0-8830-b083dbd50109@group-831F030CA5D2-LeaderElection65] INFO  impl.LeaderElection (LeaderElection.java:askForVotes(178)) - 85a03eef-da5c-4cf0-8830-b083dbd50109@group-831F030CA5D2-LeaderElection65: begin an election at term 1 for -1: [85a03eef-da5c-4cf0-8830-b083dbd50109:192.168.30.43:33061], old=null
2019-10-08 07:38:35,001 [grpc-default-executor-2] INFO  impl.RaftServerImpl (ServerState.java:setLeader(255)) - 1a1ec4dc-c977-4a0f-9a45-1a415cfcc58c@group-3EC0E788E661: change Leader from null to f3f71062-fa4a-4694-ac66-7042590037ba at term 1 for appendEntries, leader elected after 5183ms
2019-10-08 07:38:35,001 [Thread-2352] INFO  impl.RaftServerImpl (RaftServerImpl.java:setRole(170)) - 60fa01fa-f990-444a-8ecf-b9727f610da1@group-5B86663DF8D2: changes role from  FOLLOWER to CANDIDATE at term 0 for changeToCandidate
2019-10-08 07:38:35,001 [grpc-default-executor-1] INFO  impl.RaftServerImpl (ServerState.java:setLeader(255)) - 85a03eef-da5c-4cf0-8830-b083dbd50109@group-3EC0E788E661: change Leader from null to f3f71062-fa4a-4694-ac66-7042590037ba at term 1 for appendEntries, leader elected after 5184ms
2019-10-08 07:38:35,001 [85a03eef-da5c-4cf0-8830-b083dbd50109@group-831F030CA5D2-LeaderElection65] INFO  impl.RoleInfo (RoleInfo.java:shutdownLeaderElection(134)) - 85a03eef-da5c-4cf0-8830-b083dbd50109: shutdown LeaderElection
2019-10-08 07:38:35,004 [Thread-2352] INFO  impl.RoleInfo (RoleInfo.java:updateAndGet(143)) - 60fa01fa-f990-444a-8ecf-b9727f610da1: start LeaderElection
2019-10-08 07:38:35,005 [85a03eef-da5c-4cf0-8830-b083dbd50109@group-831F030CA5D2-LeaderElection65] INFO  impl.RaftServerImpl (RaftServerImpl.java:setRole(170)) - 85a03eef-da5c-4cf0-8830-b083dbd50109@group-831F030CA5D2: changes role from CANDIDATE to LEADER at term 1 for changeToLeader
2019-10-08 07:38:35,005 [85a03eef-da5c-4cf0-8830-b083dbd50109@group-831F030CA5D2-LeaderElection65] INFO  impl.RaftServerImpl (ServerState.java:setLeader(255)) - 85a03eef-da5c-4cf0-8830-b083dbd50109@group-831F030CA5D2: change Leader from null to 85a03eef-da5c-4cf0-8830-b083dbd50109 at term 1 for becomeLeader, leader elected after 5241ms
2019-10-08 07:38:35,017 [f3f71062-fa4a-4694-ac66-7042590037ba@group-3EC0E788E661-SegmentedRaftLogWorker] INFO  segmented.SegmentedRaftLogWorker (SegmentedRaftLogWorker.java:execute(574)) - f3f71062-fa4a-4694-ac66-7042590037ba@group-3EC0E788E661-SegmentedRaftLogWorker: created new log segment /workdir/hadoop-ozone/integration-test/target/test-dir/MiniOzoneClusterImpl-902567ba-501e-44b4-9d07-934ea4d81655/datanode-1/data/ratis/59d2d40b-339c-4f30-8119-3ec0e788e661/current/log_inprogress_0
2019-10-08 07:38:35,017 [85a03eef-da5c-4cf0-8830-b083dbd50109@group-831F030CA5D2-LeaderElection65] INFO  server.RaftServerConfigKeys (ConfUtils.java:logGet(43)) - raft.server.staging.catchup.gap = 1000 (default)
2019-10-08 07:38:35,017 [85a03eef-da5c-4cf0-8830-b083dbd50109@group-831F030CA5D2-LeaderElection65] INFO  server.RaftServerConfigKeys (ConfUtils.java:logGet(43)) - raft.server.rpc.sleep.time = 25ms (default)
2019-10-08 07:38:35,017 [85a03eef-da5c-4cf0-8830-b083dbd50109@group-831F030CA5D2-LeaderElection65] INFO  server.RaftServerConfigKeys (ConfUtils.java:logGet(43)) - raft.server.write.element-limit = 4096 (default)
2019-10-08 07:38:35,018 [85a03eef-da5c-4cf0-8830-b083dbd50109@group-831F030CA5D2-LeaderElection65] INFO  server.RaftServerConfigKeys (ConfUtils.java:logGet(43)) - raft.server.watch.timeout = 10s (default)
2019-10-08 07:38:35,018 [85a03eef-da5c-4cf0-8830-b083dbd50109@group-831F030CA5D2-LeaderElection65] INFO  server.RaftServerConfigKeys (ConfUtils.java:logGet(43)) - raft.server.watch.timeout.denomination = 1s (default)
2019-10-08 07:38:35,018 [85a03eef-da5c-4cf0-8830-b083dbd50109@group-831F030CA5D2-LeaderElection65] INFO  server.RaftServerConfigKeys (ConfUtils.java:logGet(43)) - raft.server.watch.element-limit = 65536 (default)
2019-10-08 07:38:35,018 [grpc-default-executor-2] INFO  impl.RaftServerImpl (ServerState.java:setRaftConf(356)) - 1a1ec4dc-c977-4a0f-9a45-1a415cfcc58c@group-3EC0E788E661: set configuration 0: [1a1ec4dc-c977-4a0f-9a45-1a415cfcc58c:192.168.30.43:37384, f3f71062-fa4a-4694-ac66-7042590037ba:192.168.30.43:43096, 85a03eef-da5c-4cf0-8830-b083dbd50109:192.168.30.43:33061], old=null at 0
2019-10-08 07:38:35,018 [grpc-default-executor-1] INFO  impl.RaftServerImpl (ServerState.java:setRaftConf(356)) - 85a03eef-da5c-4cf0-8830-b083dbd50109@group-3EC0E788E661: set configuration 0: [1a1ec4dc-c977-4a0f-9a45-1a415cfcc58c:192.168.30.43:37384, f3f71062-fa4a-4694-ac66-7042590037ba:192.168.30.43:43096, 85a03eef-da5c-4cf0-8830-b083dbd50109:192.168.30.43:33061], old=null at 0
2019-10-08 07:38:35,019 [grpc-default-executor-2] INFO  segmented.SegmentedRaftLogWorker (SegmentedRaftLogWorker.java:startLogSegment(385)) - 1a1ec4dc-c977-4a0f-9a45-1a415cfcc58c@group-3EC0E788E661-SegmentedRaftLogWorker: Starting segment from index:0
2019-10-08 07:38:35,019 [grpc-default-executor-1] INFO  segmented.SegmentedRaftLogWorker (SegmentedRaftLogWorker.java:startLogSegment(385)) - 85a03eef-da5c-4cf0-8830-b083dbd50109@group-3EC0E788E661-SegmentedRaftLogWorker: Starting segment from index:0
2019-10-08 07:38:35,021 [85a03eef-da5c-4cf0-8830-b083dbd50109@group-831F030CA5D2-LeaderElection65] INFO  impl.RoleInfo (RoleInfo.java:updateAndGet(143)) - 85a03eef-da5c-4cf0-8830-b083dbd50109: start LeaderState
2019-10-08 07:38:35,021 [85a03eef-da5c-4cf0-8830-b083dbd50109@group-831F030CA5D2-LeaderElection65] INFO  segmented.SegmentedRaftLogWorker (SegmentedRaftLogWorker.java:startLogSegment(385)) - 85a03eef-da5c-4cf0-8830-b083dbd50109@group-831F030CA5D2-SegmentedRaftLogWorker: Starting segment from index:0
2019-10-08 07:38:35,021 [85a03eef-da5c-4cf0-8830-b083dbd50109@group-831F030CA5D2-LeaderElection65] INFO  impl.RaftServerImpl (ServerState.java:setRaftConf(356)) - 85a03eef-da5c-4cf0-8830-b083dbd50109@group-831F030CA5D2: set configuration 0: [85a03eef-da5c-4cf0-8830-b083dbd50109:192.168.30.43:33061], old=null at 0
2019-10-08 07:38:35,026 [Thread-2358] INFO  impl.FollowerState (FollowerState.java:run(108)) - f24809fc-cca2-4be1-9877-14a4e0dcdc03@group-4794B5098DAB-FollowerState: change to CANDIDATE, lastRpcTime:5024ms, electionTimeout:5024ms
2019-10-08 07:38:35,026 [Thread-2358] INFO  impl.RoleInfo (RoleInfo.java:shutdownFollowerState(121)) - f24809fc-cca2-4be1-9877-14a4e0dcdc03: shutdown FollowerState
2019-10-08 07:38:35,027 [Thread-2358] INFO  impl.RaftServerImpl (RaftServerImpl.java:setRole(170)) - f24809fc-cca2-4be1-9877-14a4e0dcdc03@group-4794B5098DAB: changes role from  FOLLOWER to CANDIDATE at term 0 for changeToCandidate
2019-10-08 07:38:35,027 [Thread-2358] INFO  impl.RoleInfo (RoleInfo.java:updateAndGet(143)) - f24809fc-cca2-4be1-9877-14a4e0dcdc03: start LeaderElection
2019-10-08 07:38:35,059 [60fa01fa-f990-444a-8ecf-b9727f610da1@group-5B86663DF8D2-LeaderElection66] INFO  impl.LeaderElection (LeaderElection.java:askForVotes(178)) - 60fa01fa-f990-444a-8ecf-b9727f610da1@group-5B86663DF8D2-LeaderElection66: begin an election at term 1 for -1: [60fa01fa-f990-444a-8ecf-b9727f610da1:192.168.30.43:45074], old=null
2019-10-08 07:38:35,062 [60fa01fa-f990-444a-8ecf-b9727f610da1@group-5B86663DF8D2-LeaderElection66] INFO  impl.RoleInfo (RoleInfo.java:shutdownLeaderElection(134)) - 60fa01fa-f990-444a-8ecf-b9727f610da1: shutdown LeaderElection
2019-10-08 07:38:35,062 [60fa01fa-f990-444a-8ecf-b9727f610da1@group-5B86663DF8D2-LeaderElection66] INFO  impl.RaftServerImpl (RaftServerImpl.java:setRole(170)) - 60fa01fa-f990-444a-8ecf-b9727f610da1@group-5B86663DF8D2: changes role from CANDIDATE to LEADER at term 1 for changeToLeader
2019-10-08 07:38:35,062 [60fa01fa-f990-444a-8ecf-b9727f610da1@group-5B86663DF8D2-LeaderElection66] INFO  impl.RaftServerImpl (ServerState.java:setLeader(255)) - 60fa01fa-f990-444a-8ecf-b9727f610da1@group-5B86663DF8D2: change Leader from null to 60fa01fa-f990-444a-8ecf-b9727f610da1 at term 1 for becomeLeader, leader elected after 5162ms
2019-10-08 07:38:35,062 [60fa01fa-f990-444a-8ecf-b9727f610da1@group-5B86663DF8D2-LeaderElection66] INFO  server.RaftServerConfigKeys (ConfUtils.java:logGet(43)) - raft.server.staging.catchup.gap = 1000 (default)
2019-10-08 07:38:35,063 [60fa01fa-f990-444a-8ecf-b9727f610da1@group-5B86663DF8D2-LeaderElection66] INFO  server.RaftServerConfigKeys (ConfUtils.java:logGet(43)) - raft.server.rpc.sleep.time = 25ms (default)
2019-10-08 07:38:35,063 [60fa01fa-f990-444a-8ecf-b9727f610da1@group-5B86663DF8D2-LeaderElection66] INFO  server.RaftServerConfigKeys (ConfUtils.java:logGet(43)) - raft.server.write.element-limit = 4096 (default)
2019-10-08 07:38:35,063 [60fa01fa-f990-444a-8ecf-b9727f610da1@group-5B86663DF8D2-LeaderElection66] INFO  server.RaftServerConfigKeys (ConfUtils.java:logGet(43)) - raft.server.watch.timeout = 10s (default)
2019-10-08 07:38:35,063 [60fa01fa-f990-444a-8ecf-b9727f610da1@group-5B86663DF8D2-LeaderElection66] INFO  server.RaftServerConfigKeys (ConfUtils.java:logGet(43)) - raft.server.watch.timeout.denomination = 1s (default)
2019-10-08 07:38:35,063 [60fa01fa-f990-444a-8ecf-b9727f610da1@group-5B86663DF8D2-LeaderElection66] INFO  server.RaftServerConfigKeys (ConfUtils.java:logGet(43)) - raft.server.watch.element-limit = 65536 (default)
2019-10-08 07:38:35,066 [60fa01fa-f990-444a-8ecf-b9727f610da1@group-5B86663DF8D2-LeaderElection66] INFO  impl.RoleInfo (RoleInfo.java:updateAndGet(143)) - 60fa01fa-f990-444a-8ecf-b9727f610da1: start LeaderState
2019-10-08 07:38:35,066 [60fa01fa-f990-444a-8ecf-b9727f610da1@group-5B86663DF8D2-LeaderElection66] INFO  segmented.SegmentedRaftLogWorker (SegmentedRaftLogWorker.java:startLogSegment(385)) - 60fa01fa-f990-444a-8ecf-b9727f610da1@group-5B86663DF8D2-SegmentedRaftLogWorker: Starting segment from index:0
2019-10-08 07:38:35,067 [60fa01fa-f990-444a-8ecf-b9727f610da1@group-5B86663DF8D2-LeaderElection66] INFO  impl.RaftServerImpl (ServerState.java:setRaftConf(356)) - 60fa01fa-f990-444a-8ecf-b9727f610da1@group-5B86663DF8D2: set configuration 0: [60fa01fa-f990-444a-8ecf-b9727f610da1:192.168.30.43:45074], old=null at 0
2019-10-08 07:38:35,070 [Thread-2355] INFO  impl.FollowerState (FollowerState.java:run(108)) - 703eb6a3-ca1c-45b4-ba73-6e1559beb3c7@group-B4450B9D71E2-FollowerState: change to CANDIDATE, lastRpcTime:5134ms, electionTimeout:5134ms
2019-10-08 07:38:35,070 [Thread-2355] INFO  impl.RoleInfo (RoleInfo.java:shutdownFollowerState(121)) - 703eb6a3-ca1c-45b4-ba73-6e1559beb3c7: shutdown FollowerState
2019-10-08 07:38:35,070 [Thread-2355] INFO  impl.RaftServerImpl (RaftServerImpl.java:setRole(170)) - 703eb6a3-ca1c-45b4-ba73-6e1559beb3c7@group-B4450B9D71E2: changes role from  FOLLOWER to CANDIDATE at term 0 for changeToCandidate
2019-10-08 07:38:35,070 [Thread-2355] INFO  impl.RoleInfo (RoleInfo.java:updateAndGet(143)) - 703eb6a3-ca1c-45b4-ba73-6e1559beb3c7: start LeaderElection
2019-10-08 07:38:35,094 [Thread-2365] INFO  impl.FollowerState (FollowerState.java:run(108)) - 60fa01fa-f990-444a-8ecf-b9727f610da1@group-7678E6BE8946-FollowerState: change to CANDIDATE, lastRpcTime:5049ms, electionTimeout:5047ms
2019-10-08 07:38:35,094 [85a03eef-da5c-4cf0-8830-b083dbd50109@group-3EC0E788E661-SegmentedRaftLogWorker] INFO  segmented.SegmentedRaftLogWorker (SegmentedRaftLogWorker.java:execute(574)) - 85a03eef-da5c-4cf0-8830-b083dbd50109@group-3EC0E788E661-SegmentedRaftLogWorker: created new log segment /workdir/hadoop-ozone/integration-test/target/test-dir/MiniOzoneClusterImpl-902567ba-501e-44b4-9d07-934ea4d81655/datanode-2/data/ratis/59d2d40b-339c-4f30-8119-3ec0e788e661/current/log_inprogress_0
2019-10-08 07:38:35,094 [Thread-2365] INFO  impl.RoleInfo (RoleInfo.java:shutdownFollowerState(121)) - 60fa01fa-f990-444a-8ecf-b9727f610da1: shutdown FollowerState
2019-10-08 07:38:35,094 [f24809fc-cca2-4be1-9877-14a4e0dcdc03@group-4794B5098DAB-LeaderElection67] INFO  impl.LeaderElection (LeaderElection.java:askForVotes(178)) - f24809fc-cca2-4be1-9877-14a4e0dcdc03@group-4794B5098DAB-LeaderElection67: begin an election at term 1 for -1: [f24809fc-cca2-4be1-9877-14a4e0dcdc03:192.168.30.43:40791], old=null
2019-10-08 07:38:35,094 [1a1ec4dc-c977-4a0f-9a45-1a415cfcc58c@group-3EC0E788E661-SegmentedRaftLogWorker] INFO  segmented.SegmentedRaftLogWorker (SegmentedRaftLogWorker.java:execute(574)) - 1a1ec4dc-c977-4a0f-9a45-1a415cfcc58c@group-3EC0E788E661-SegmentedRaftLogWorker: created new log segment /workdir/hadoop-ozone/integration-test/target/test-dir/MiniOzoneClusterImpl-902567ba-501e-44b4-9d07-934ea4d81655/datanode-0/data/ratis/59d2d40b-339c-4f30-8119-3ec0e788e661/current/log_inprogress_0
2019-10-08 07:38:35,094 [85a03eef-da5c-4cf0-8830-b083dbd50109@group-831F030CA5D2-SegmentedRaftLogWorker] INFO  segmented.SegmentedRaftLogWorker (SegmentedRaftLogWorker.java:execute(574)) - 85a03eef-da5c-4cf0-8830-b083dbd50109@group-831F030CA5D2-SegmentedRaftLogWorker: created new log segment /workdir/hadoop-ozone/integration-test/target/test-dir/MiniOzoneClusterImpl-902567ba-501e-44b4-9d07-934ea4d81655/datanode-2/data/ratis/4af39b8a-dd6b-4491-ae13-831f030ca5d2/current/log_inprogress_0
2019-10-08 07:38:35,099 [f24809fc-cca2-4be1-9877-14a4e0dcdc03@group-4794B5098DAB-LeaderElection67] INFO  impl.RoleInfo (RoleInfo.java:shutdownLeaderElection(134)) - f24809fc-cca2-4be1-9877-14a4e0dcdc03: shutdown LeaderElection
2019-10-08 07:38:35,096 [Thread-2365] INFO  impl.RaftServerImpl (RaftServerImpl.java:setRole(170)) - 60fa01fa-f990-444a-8ecf-b9727f610da1@group-7678E6BE8946: changes role from  FOLLOWER to CANDIDATE at term 0 for changeToCandidate
2019-10-08 07:38:35,099 [f24809fc-cca2-4be1-9877-14a4e0dcdc03@group-4794B5098DAB-LeaderElection67] INFO  impl.RaftServerImpl (RaftServerImpl.java:setRole(170)) - f24809fc-cca2-4be1-9877-14a4e0dcdc03@group-4794B5098DAB: changes role from CANDIDATE to LEADER at term 1 for changeToLeader
2019-10-08 07:38:35,099 [f24809fc-cca2-4be1-9877-14a4e0dcdc03@group-4794B5098DAB-LeaderElection67] INFO  impl.RaftServerImpl (ServerState.java:setLeader(255)) - f24809fc-cca2-4be1-9877-14a4e0dcdc03@group-4794B5098DAB: change Leader from null to f24809fc-cca2-4be1-9877-14a4e0dcdc03 at term 1 for becomeLeader, leader elected after 5105ms
2019-10-08 07:38:35,099 [Thread-2365] INFO  impl.RoleInfo (RoleInfo.java:updateAndGet(143)) - 60fa01fa-f990-444a-8ecf-b9727f610da1: start LeaderElection
2019-10-08 07:38:35,100 [f24809fc-cca2-4be1-9877-14a4e0dcdc03@group-4794B5098DAB-LeaderElection67] INFO  server.RaftServerConfigKeys (ConfUtils.java:logGet(43)) - raft.server.staging.catchup.gap = 1000 (default)
2019-10-08 07:38:35,100 [f24809fc-cca2-4be1-9877-14a4e0dcdc03@group-4794B5098DAB-LeaderElection67] INFO  server.RaftServerConfigKeys (ConfUtils.java:logGet(43)) - raft.server.rpc.sleep.time = 25ms (default)
2019-10-08 07:38:35,100 [f24809fc-cca2-4be1-9877-14a4e0dcdc03@group-4794B5098DAB-LeaderElection67] INFO  server.RaftServerConfigKeys (ConfUtils.java:logGet(43)) - raft.server.write.element-limit = 4096 (default)
2019-10-08 07:38:35,105 [f24809fc-cca2-4be1-9877-14a4e0dcdc03@group-4794B5098DAB-LeaderElection67] INFO  server.RaftServerConfigKeys (ConfUtils.java:logGet(43)) - raft.server.watch.timeout = 10s (default)
2019-10-08 07:38:35,105 [f24809fc-cca2-4be1-9877-14a4e0dcdc03@group-4794B5098DAB-LeaderElection67] INFO  server.RaftServerConfigKeys (ConfUtils.java:logGet(43)) - raft.server.watch.timeout.denomination = 1s (default)
2019-10-08 07:38:35,105 [f24809fc-cca2-4be1-9877-14a4e0dcdc03@group-4794B5098DAB-LeaderElection67] INFO  server.RaftServerConfigKeys (ConfUtils.java:logGet(43)) - raft.server.watch.element-limit = 65536 (default)
2019-10-08 07:38:35,110 [f24809fc-cca2-4be1-9877-14a4e0dcdc03@group-4794B5098DAB-LeaderElection67] INFO  impl.RoleInfo (RoleInfo.java:updateAndGet(143)) - f24809fc-cca2-4be1-9877-14a4e0dcdc03: start LeaderState
2019-10-08 07:38:35,110 [f24809fc-cca2-4be1-9877-14a4e0dcdc03@group-4794B5098DAB-LeaderElection67] INFO  segmented.SegmentedRaftLogWorker (SegmentedRaftLogWorker.java:startLogSegment(385)) - f24809fc-cca2-4be1-9877-14a4e0dcdc03@group-4794B5098DAB-SegmentedRaftLogWorker: Starting segment from index:0
2019-10-08 07:38:35,110 [f24809fc-cca2-4be1-9877-14a4e0dcdc03@group-4794B5098DAB-LeaderElection67] INFO  impl.RaftServerImpl (ServerState.java:setRaftConf(356)) - f24809fc-cca2-4be1-9877-14a4e0dcdc03@group-4794B5098DAB: set configuration 0: [f24809fc-cca2-4be1-9877-14a4e0dcdc03:192.168.30.43:40791], old=null at 0
2019-10-08 07:38:35,120 [60fa01fa-f990-444a-8ecf-b9727f610da1@group-5B86663DF8D2-SegmentedRaftLogWorker] INFO  segmented.SegmentedRaftLogWorker (SegmentedRaftLogWorker.java:execute(574)) - 60fa01fa-f990-444a-8ecf-b9727f610da1@group-5B86663DF8D2-SegmentedRaftLogWorker: created new log segment /workdir/hadoop-ozone/integration-test/target/test-dir/MiniOzoneClusterImpl-902567ba-501e-44b4-9d07-934ea4d81655/datanode-3/data/ratis/da44192f-96ef-44e3-9f78-5b86663df8d2/current/log_inprogress_0
2019-10-08 07:38:35,120 [703eb6a3-ca1c-45b4-ba73-6e1559beb3c7@group-B4450B9D71E2-LeaderElection68] INFO  impl.LeaderElection (LeaderElection.java:askForVotes(178)) - 703eb6a3-ca1c-45b4-ba73-6e1559beb3c7@group-B4450B9D71E2-LeaderElection68: begin an election at term 1 for -1: [703eb6a3-ca1c-45b4-ba73-6e1559beb3c7:192.168.30.43:39938], old=null
2019-10-08 07:38:35,121 [703eb6a3-ca1c-45b4-ba73-6e1559beb3c7@group-B4450B9D71E2-LeaderElection68] INFO  impl.RoleInfo (RoleInfo.java:shutdownLeaderElection(134)) - 703eb6a3-ca1c-45b4-ba73-6e1559beb3c7: shutdown LeaderElection
2019-10-08 07:38:35,121 [703eb6a3-ca1c-45b4-ba73-6e1559beb3c7@group-B4450B9D71E2-LeaderElection68] INFO  impl.RaftServerImpl (RaftServerImpl.java:setRole(170)) - 703eb6a3-ca1c-45b4-ba73-6e1559beb3c7@group-B4450B9D71E2: changes role from CANDIDATE to LEADER at term 1 for changeToLeader
2019-10-08 07:38:35,121 [703eb6a3-ca1c-45b4-ba73-6e1559beb3c7@group-B4450B9D71E2-LeaderElection68] INFO  impl.RaftServerImpl (ServerState.java:setLeader(255)) - 703eb6a3-ca1c-45b4-ba73-6e1559beb3c7@group-B4450B9D71E2: change Leader from null to 703eb6a3-ca1c-45b4-ba73-6e1559beb3c7 at term 1 for becomeLeader, leader elected after 5191ms
2019-10-08 07:38:35,121 [703eb6a3-ca1c-45b4-ba73-6e1559beb3c7@group-B4450B9D71E2-LeaderElection68] INFO  server.RaftServerConfigKeys (ConfUtils.java:logGet(43)) - raft.server.staging.catchup.gap = 1000 (default)
2019-10-08 07:38:35,121 [60fa01fa-f990-444a-8ecf-b9727f610da1@group-7678E6BE8946-LeaderElection69] INFO  impl.LeaderElection (LeaderElection.java:askForVotes(178)) - 60fa01fa-f990-444a-8ecf-b9727f610da1@group-7678E6BE8946-LeaderElection69: begin an election at term 1 for -1: [703eb6a3-ca1c-45b4-ba73-6e1559beb3c7:192.168.30.43:39938, 60fa01fa-f990-444a-8ecf-b9727f610da1:192.168.30.43:45074, f24809fc-cca2-4be1-9877-14a4e0dcdc03:192.168.30.43:40791], old=null
2019-10-08 07:38:35,121 [703eb6a3-ca1c-45b4-ba73-6e1559beb3c7@group-B4450B9D71E2-LeaderElection68] INFO  server.RaftServerConfigKeys (ConfUtils.java:logGet(43)) - raft.server.rpc.sleep.time = 25ms (default)
2019-10-08 07:38:35,122 [703eb6a3-ca1c-45b4-ba73-6e1559beb3c7@group-B4450B9D71E2-LeaderElection68] INFO  server.RaftServerConfigKeys (ConfUtils.java:logGet(43)) - raft.server.write.element-limit = 4096 (default)
2019-10-08 07:38:35,122 [703eb6a3-ca1c-45b4-ba73-6e1559beb3c7@group-B4450B9D71E2-LeaderElection68] INFO  server.RaftServerConfigKeys (ConfUtils.java:logGet(43)) - raft.server.watch.timeout = 10s (default)
2019-10-08 07:38:35,122 [703eb6a3-ca1c-45b4-ba73-6e1559beb3c7@group-B4450B9D71E2-LeaderElection68] INFO  server.RaftServerConfigKeys (ConfUtils.java:logGet(43)) - raft.server.watch.timeout.denomination = 1s (default)
2019-10-08 07:38:35,122 [703eb6a3-ca1c-45b4-ba73-6e1559beb3c7@group-B4450B9D71E2-LeaderElection68] INFO  server.RaftServerConfigKeys (ConfUtils.java:logGet(43)) - raft.server.watch.element-limit = 65536 (default)
2019-10-08 07:38:35,124 [703eb6a3-ca1c-45b4-ba73-6e1559beb3c7@group-B4450B9D71E2-LeaderElection68] INFO  impl.RoleInfo (RoleInfo.java:updateAndGet(143)) - 703eb6a3-ca1c-45b4-ba73-6e1559beb3c7: start LeaderState
2019-10-08 07:38:35,153 [grpc-default-executor-2] INFO  impl.RaftServerImpl (RaftServerImpl.java:setRole(170)) - f24809fc-cca2-4be1-9877-14a4e0dcdc03@group-7678E6BE8946: changes role from  FOLLOWER to FOLLOWER at term 1 for recognizeCandidate:60fa01fa-f990-444a-8ecf-b9727f610da1
2019-10-08 07:38:35,154 [grpc-default-executor-2] INFO  impl.RoleInfo (RoleInfo.java:shutdownFollowerState(121)) - f24809fc-cca2-4be1-9877-14a4e0dcdc03: shutdown FollowerState
2019-10-08 07:38:35,154 [grpc-default-executor-2] INFO  impl.RoleInfo (RoleInfo.java:updateAndGet(143)) - f24809fc-cca2-4be1-9877-14a4e0dcdc03: start FollowerState
2019-10-08 07:38:35,154 [Thread-2366] INFO  impl.FollowerState (FollowerState.java:run(117)) - f24809fc-cca2-4be1-9877-14a4e0dcdc03@group-7678E6BE8946-FollowerState was interrupted: java.lang.InterruptedException: sleep interrupted
2019-10-08 07:38:35,161 [grpc-default-executor-1] INFO  impl.RaftServerImpl (RaftServerImpl.java:setRole(170)) - 703eb6a3-ca1c-45b4-ba73-6e1559beb3c7@group-7678E6BE8946: changes role from  FOLLOWER to FOLLOWER at term 1 for recognizeCandidate:60fa01fa-f990-444a-8ecf-b9727f610da1
2019-10-08 07:38:35,161 [grpc-default-executor-1] INFO  impl.RoleInfo (RoleInfo.java:shutdownFollowerState(121)) - 703eb6a3-ca1c-45b4-ba73-6e1559beb3c7: shutdown FollowerState
2019-10-08 07:38:35,161 [grpc-default-executor-1] INFO  impl.RoleInfo (RoleInfo.java:updateAndGet(143)) - 703eb6a3-ca1c-45b4-ba73-6e1559beb3c7: start FollowerState
2019-10-08 07:38:35,161 [Thread-2361] INFO  impl.FollowerState (FollowerState.java:run(117)) - 703eb6a3-ca1c-45b4-ba73-6e1559beb3c7@group-7678E6BE8946-FollowerState was interrupted: java.lang.InterruptedException: sleep interrupted
2019-10-08 07:38:35,161 [703eb6a3-ca1c-45b4-ba73-6e1559beb3c7@group-B4450B9D71E2-LeaderElection68] INFO  segmented.SegmentedRaftLogWorker (SegmentedRaftLogWorker.java:startLogSegment(385)) - 703eb6a3-ca1c-45b4-ba73-6e1559beb3c7@group-B4450B9D71E2-SegmentedRaftLogWorker: Starting segment from index:0
2019-10-08 07:38:35,165 [703eb6a3-ca1c-45b4-ba73-6e1559beb3c7@group-B4450B9D71E2-LeaderElection68] INFO  impl.RaftServerImpl (ServerState.java:setRaftConf(356)) - 703eb6a3-ca1c-45b4-ba73-6e1559beb3c7@group-B4450B9D71E2: set configuration 0: [703eb6a3-ca1c-45b4-ba73-6e1559beb3c7:192.168.30.43:39938], old=null at 0
2019-10-08 07:38:35,167 [f24809fc-cca2-4be1-9877-14a4e0dcdc03@group-4794B5098DAB-SegmentedRaftLogWorker] INFO  segmented.SegmentedRaftLogWorker (SegmentedRaftLogWorker.java:execute(574)) - f24809fc-cca2-4be1-9877-14a4e0dcdc03@group-4794B5098DAB-SegmentedRaftLogWorker: created new log segment /workdir/hadoop-ozone/integration-test/target/test-dir/MiniOzoneClusterImpl-902567ba-501e-44b4-9d07-934ea4d81655/datanode-5/data/ratis/ab43f228-76dc-4bc7-8cda-4794b5098dab/current/log_inprogress_0
2019-10-08 07:38:35,168 [60fa01fa-f990-444a-8ecf-b9727f610da1@group-7678E6BE8946-LeaderElection69] INFO  impl.LeaderElection (LeaderElection.java:logAndReturn(56)) - 60fa01fa-f990-444a-8ecf-b9727f610da1@group-7678E6BE8946-LeaderElection69: Election PASSED; received 1 response(s) [60fa01fa-f990-444a-8ecf-b9727f610da1<-f24809fc-cca2-4be1-9877-14a4e0dcdc03#0:OK-t1] and 0 exception(s); 60fa01fa-f990-444a-8ecf-b9727f610da1@group-7678E6BE8946:t1, leader=null, voted=60fa01fa-f990-444a-8ecf-b9727f610da1, raftlog=60fa01fa-f990-444a-8ecf-b9727f610da1@group-7678E6BE8946-SegmentedRaftLog:OPENED:c-1,f-1,i0, conf=-1: [703eb6a3-ca1c-45b4-ba73-6e1559beb3c7:192.168.30.43:39938, 60fa01fa-f990-444a-8ecf-b9727f610da1:192.168.30.43:45074, f24809fc-cca2-4be1-9877-14a4e0dcdc03:192.168.30.43:40791], old=null
2019-10-08 07:38:35,169 [60fa01fa-f990-444a-8ecf-b9727f610da1@group-7678E6BE8946-LeaderElection69] INFO  impl.RoleInfo (RoleInfo.java:shutdownLeaderElection(134)) - 60fa01fa-f990-444a-8ecf-b9727f610da1: shutdown LeaderElection
2019-10-08 07:38:35,169 [60fa01fa-f990-444a-8ecf-b9727f610da1@group-7678E6BE8946-LeaderElection69] INFO  impl.RaftServerImpl (RaftServerImpl.java:setRole(170)) - 60fa01fa-f990-444a-8ecf-b9727f610da1@group-7678E6BE8946: changes role from CANDIDATE to LEADER at term 1 for changeToLeader
2019-10-08 07:38:35,169 [60fa01fa-f990-444a-8ecf-b9727f610da1@group-7678E6BE8946-LeaderElection69] INFO  impl.RaftServerImpl (ServerState.java:setLeader(255)) - 60fa01fa-f990-444a-8ecf-b9727f610da1@group-7678E6BE8946: change Leader from null to 60fa01fa-f990-444a-8ecf-b9727f610da1 at term 1 for becomeLeader, leader elected after 5134ms
2019-10-08 07:38:35,169 [60fa01fa-f990-444a-8ecf-b9727f610da1@group-7678E6BE8946-LeaderElection69] INFO  server.RaftServerConfigKeys (ConfUtils.java:logGet(43)) - raft.server.staging.catchup.gap = 1000 (default)
2019-10-08 07:38:35,169 [60fa01fa-f990-444a-8ecf-b9727f610da1@group-7678E6BE8946-LeaderElection69] INFO  server.RaftServerConfigKeys (ConfUtils.java:logGet(43)) - raft.server.rpc.sleep.time = 25ms (default)
2019-10-08 07:38:35,170 [60fa01fa-f990-444a-8ecf-b9727f610da1@group-7678E6BE8946-LeaderElection69] INFO  server.RaftServerConfigKeys (ConfUtils.java:logGet(43)) - raft.server.write.element-limit = 4096 (default)
2019-10-08 07:38:35,170 [60fa01fa-f990-444a-8ecf-b9727f610da1@group-7678E6BE8946-LeaderElection69] INFO  server.RaftServerConfigKeys (ConfUtils.java:logGet(43)) - raft.server.watch.timeout = 10s (default)
2019-10-08 07:38:35,170 [60fa01fa-f990-444a-8ecf-b9727f610da1@group-7678E6BE8946-LeaderElection69] INFO  server.RaftServerConfigKeys (ConfUtils.java:logGet(43)) - raft.server.watch.timeout.denomination = 1s (default)
2019-10-08 07:38:35,170 [60fa01fa-f990-444a-8ecf-b9727f610da1@group-7678E6BE8946-LeaderElection69] INFO  server.RaftServerConfigKeys (ConfUtils.java:logGet(43)) - raft.server.watch.element-limit = 65536 (default)
2019-10-08 07:38:35,172 [60fa01fa-f990-444a-8ecf-b9727f610da1@group-7678E6BE8946-LeaderElection69] INFO  server.RaftServerConfigKeys (ConfUtils.java:logGet(43)) - raft.server.log.appender.snapshot.chunk.size.max = 16MB (=16777216) (default)
2019-10-08 07:38:35,173 [60fa01fa-f990-444a-8ecf-b9727f610da1@group-7678E6BE8946-LeaderElection69] INFO  server.RaftServerConfigKeys (ConfUtils.java:logGet(43)) - raft.server.log.appender.buffer.byte-limit = 33554432 (custom)
2019-10-08 07:38:35,173 [60fa01fa-f990-444a-8ecf-b9727f610da1@group-7678E6BE8946-LeaderElection69] INFO  server.RaftServerConfigKeys (ConfUtils.java:logGet(43)) - raft.server.log.appender.buffer.element-limit = 1 (custom)
2019-10-08 07:38:35,173 [60fa01fa-f990-444a-8ecf-b9727f610da1@group-7678E6BE8946-LeaderElection69] INFO  grpc.GrpcConfigKeys$Server (ConfUtils.java:logGet(43)) - raft.grpc.server.leader.outstanding.appends.max = 128 (default)
2019-10-08 07:38:35,173 [60fa01fa-f990-444a-8ecf-b9727f610da1@group-7678E6BE8946-LeaderElection69] INFO  server.RaftServerConfigKeys (ConfUtils.java:logGet(43)) - raft.server.rpc.request.timeout = 3000ms (default)
2019-10-08 07:38:35,173 [60fa01fa-f990-444a-8ecf-b9727f610da1@group-7678E6BE8946-LeaderElection69] INFO  server.RaftServerConfigKeys (ConfUtils.java:logGet(43)) - raft.server.log.appender.install.snapshot.enabled = false (custom)
2019-10-08 07:38:35,174 [60fa01fa-f990-444a-8ecf-b9727f610da1@group-7678E6BE8946-LeaderElection69] INFO  server.RaftServerConfigKeys (ConfUtils.java:logGet(43)) - raft.server.log.appender.snapshot.chunk.size.max = 16MB (=16777216) (default)
2019-10-08 07:38:35,174 [60fa01fa-f990-444a-8ecf-b9727f610da1@group-7678E6BE8946-LeaderElection69] INFO  server.RaftServerConfigKeys (ConfUtils.java:logGet(43)) - raft.server.log.appender.buffer.byte-limit = 33554432 (custom)
2019-10-08 07:38:35,174 [60fa01fa-f990-444a-8ecf-b9727f610da1@group-7678E6BE8946-LeaderElection69] INFO  server.RaftServerConfigKeys (ConfUtils.java:logGet(43)) - raft.server.log.appender.buffer.element-limit = 1 (custom)
2019-10-08 07:38:35,174 [60fa01fa-f990-444a-8ecf-b9727f610da1@group-7678E6BE8946-LeaderElection69] INFO  grpc.GrpcConfigKeys$Server (ConfUtils.java:logGet(43)) - raft.grpc.server.leader.outstanding.appends.max = 128 (default)
2019-10-08 07:38:35,175 [60fa01fa-f990-444a-8ecf-b9727f610da1@group-7678E6BE8946-LeaderElection69] INFO  server.RaftServerConfigKeys (ConfUtils.java:logGet(43)) - raft.server.rpc.request.timeout = 3000ms (default)
2019-10-08 07:38:35,175 [60fa01fa-f990-444a-8ecf-b9727f610da1@group-7678E6BE8946-LeaderElection69] INFO  server.RaftServerConfigKeys (ConfUtils.java:logGet(43)) - raft.server.log.appender.install.snapshot.enabled = false (custom)
2019-10-08 07:38:35,175 [60fa01fa-f990-444a-8ecf-b9727f610da1@group-7678E6BE8946-LeaderElection69] INFO  impl.RoleInfo (RoleInfo.java:updateAndGet(143)) - 60fa01fa-f990-444a-8ecf-b9727f610da1: start LeaderState
2019-10-08 07:38:35,175 [60fa01fa-f990-444a-8ecf-b9727f610da1@group-7678E6BE8946-LeaderElection69] INFO  segmented.SegmentedRaftLogWorker (SegmentedRaftLogWorker.java:startLogSegment(385)) - 60fa01fa-f990-444a-8ecf-b9727f610da1@group-7678E6BE8946-SegmentedRaftLogWorker: Starting segment from index:0
2019-10-08 07:38:35,176 [60fa01fa-f990-444a-8ecf-b9727f610da1@group-7678E6BE8946-LeaderElection69] INFO  impl.RaftServerImpl (ServerState.java:setRaftConf(356)) - 60fa01fa-f990-444a-8ecf-b9727f610da1@group-7678E6BE8946: set configuration 0: [703eb6a3-ca1c-45b4-ba73-6e1559beb3c7:192.168.30.43:39938, 60fa01fa-f990-444a-8ecf-b9727f610da1:192.168.30.43:45074, f24809fc-cca2-4be1-9877-14a4e0dcdc03:192.168.30.43:40791], old=null at 0
2019-10-08 07:38:35,204 [grpc-default-executor-2] INFO  impl.RaftServerImpl (ServerState.java:setLeader(255)) - 703eb6a3-ca1c-45b4-ba73-6e1559beb3c7@group-7678E6BE8946: change Leader from null to 60fa01fa-f990-444a-8ecf-b9727f610da1 at term 1 for appendEntries, leader elected after 5173ms
2019-10-08 07:38:35,204 [grpc-default-executor-1] INFO  impl.RaftServerImpl (ServerState.java:setLeader(255)) - f24809fc-cca2-4be1-9877-14a4e0dcdc03@group-7678E6BE8946: change Leader from null to 60fa01fa-f990-444a-8ecf-b9727f610da1 at term 1 for appendEntries, leader elected after 5168ms
2019-10-08 07:38:35,208 [grpc-default-executor-1] INFO  impl.RaftServerImpl (ServerState.java:setRaftConf(356)) - 703eb6a3-ca1c-45b4-ba73-6e1559beb3c7@group-7678E6BE8946: set configuration 0: [703eb6a3-ca1c-45b4-ba73-6e1559beb3c7:192.168.30.43:39938, 60fa01fa-f990-444a-8ecf-b9727f610da1:192.168.30.43:45074, f24809fc-cca2-4be1-9877-14a4e0dcdc03:192.168.30.43:40791], old=null at 0
2019-10-08 07:38:35,209 [grpc-default-executor-1] INFO  segmented.SegmentedRaftLogWorker (SegmentedRaftLogWorker.java:startLogSegment(385)) - 703eb6a3-ca1c-45b4-ba73-6e1559beb3c7@group-7678E6BE8946-SegmentedRaftLogWorker: Starting segment from index:0
2019-10-08 07:38:35,209 [grpc-default-executor-2] INFO  impl.RaftServerImpl (ServerState.java:setRaftConf(356)) - f24809fc-cca2-4be1-9877-14a4e0dcdc03@group-7678E6BE8946: set configuration 0: [703eb6a3-ca1c-45b4-ba73-6e1559beb3c7:192.168.30.43:39938, 60fa01fa-f990-444a-8ecf-b9727f610da1:192.168.30.43:45074, f24809fc-cca2-4be1-9877-14a4e0dcdc03:192.168.30.43:40791], old=null at 0
2019-10-08 07:38:35,209 [grpc-default-executor-2] INFO  segmented.SegmentedRaftLogWorker (SegmentedRaftLogWorker.java:startLogSegment(385)) - f24809fc-cca2-4be1-9877-14a4e0dcdc03@group-7678E6BE8946-SegmentedRaftLogWorker: Starting segment from index:0
2019-10-08 07:38:35,219 [703eb6a3-ca1c-45b4-ba73-6e1559beb3c7@group-B4450B9D71E2-SegmentedRaftLogWorker] INFO  segmented.SegmentedRaftLogWorker (SegmentedRaftLogWorker.java:execute(574)) - 703eb6a3-ca1c-45b4-ba73-6e1559beb3c7@group-B4450B9D71E2-SegmentedRaftLogWorker: created new log segment /workdir/hadoop-ozone/integration-test/target/test-dir/MiniOzoneClusterImpl-902567ba-501e-44b4-9d07-934ea4d81655/datanode-4/data/ratis/762d9d50-782d-46d2-9a40-b4450b9d71e2/current/log_inprogress_0
2019-10-08 07:38:35,219 [60fa01fa-f990-444a-8ecf-b9727f610da1@group-7678E6BE8946-SegmentedRaftLogWorker] INFO  segmented.SegmentedRaftLogWorker (SegmentedRaftLogWorker.java:execute(574)) - 60fa01fa-f990-444a-8ecf-b9727f610da1@group-7678E6BE8946-SegmentedRaftLogWorker: created new log segment /workdir/hadoop-ozone/integration-test/target/test-dir/MiniOzoneClusterImpl-902567ba-501e-44b4-9d07-934ea4d81655/datanode-3/data/ratis/df59c6af-a1a6-4804-bae2-7678e6be8946/current/log_inprogress_0
2019-10-08 07:38:35,247 [f24809fc-cca2-4be1-9877-14a4e0dcdc03@group-7678E6BE8946-SegmentedRaftLogWorker] INFO  segmented.SegmentedRaftLogWorker (SegmentedRaftLogWorker.java:execute(574)) - f24809fc-cca2-4be1-9877-14a4e0dcdc03@group-7678E6BE8946-SegmentedRaftLogWorker: created new log segment /workdir/hadoop-ozone/integration-test/target/test-dir/MiniOzoneClusterImpl-902567ba-501e-44b4-9d07-934ea4d81655/datanode-5/data/ratis/df59c6af-a1a6-4804-bae2-7678e6be8946/current/log_inprogress_0
2019-10-08 07:38:35,247 [703eb6a3-ca1c-45b4-ba73-6e1559beb3c7@group-7678E6BE8946-SegmentedRaftLogWorker] INFO  segmented.SegmentedRaftLogWorker (SegmentedRaftLogWorker.java:execute(574)) - 703eb6a3-ca1c-45b4-ba73-6e1559beb3c7@group-7678E6BE8946-SegmentedRaftLogWorker: created new log segment /workdir/hadoop-ozone/integration-test/target/test-dir/MiniOzoneClusterImpl-902567ba-501e-44b4-9d07-934ea4d81655/datanode-4/data/ratis/df59c6af-a1a6-4804-bae2-7678e6be8946/current/log_inprogress_0
2019-10-08 07:38:36,549 [Datanode State Machine Thread - 0] INFO  statemachine.DatanodeStateMachine (DatanodeStateMachine.java:lambda$startDaemon$0(350)) - Ozone container server started.
2019-10-08 07:38:40,562 [main] INFO  ozoneimpl.OzoneContainer (OzoneContainer.java:stop(227)) - Attempting to stop container services.
2019-10-08 07:38:40,563 [main] INFO  impl.RaftServerProxy (RaftServerProxy.java:lambda$close$4(314)) - f3f71062-fa4a-4694-ac66-7042590037ba: close
2019-10-08 07:38:40,564 [main] INFO  impl.RaftServerImpl (RaftServerImpl.java:lambda$shutdown$3(247)) - f3f71062-fa4a-4694-ac66-7042590037ba@group-3EC0E788E661: shutdown
2019-10-08 07:38:40,564 [ForkJoinPool.commonPool-worker-0] INFO  impl.RaftServerImpl (RaftServerImpl.java:lambda$shutdown$3(247)) - f3f71062-fa4a-4694-ac66-7042590037ba@group-8F78364FCFB7: shutdown
2019-10-08 07:38:40,565 [main] INFO  util.JmxRegister (JmxRegister.java:unregister(73)) - Successfully un-registered JMX Bean with object name Ratis:service=RaftServer,group=group-3EC0E788E661,id=f3f71062-fa4a-4694-ac66-7042590037ba
2019-10-08 07:38:40,565 [ForkJoinPool.commonPool-worker-0] INFO  util.JmxRegister (JmxRegister.java:unregister(73)) - Successfully un-registered JMX Bean with object name Ratis:service=RaftServer,group=group-8F78364FCFB7,id=f3f71062-fa4a-4694-ac66-7042590037ba
2019-10-08 07:38:40,565 [main] INFO  impl.RoleInfo (RoleInfo.java:shutdownLeaderState(104)) - f3f71062-fa4a-4694-ac66-7042590037ba: shutdown LeaderState
2019-10-08 07:38:40,565 [ForkJoinPool.commonPool-worker-0] INFO  impl.RoleInfo (RoleInfo.java:shutdownLeaderState(104)) - f3f71062-fa4a-4694-ac66-7042590037ba: shutdown LeaderState
2019-10-08 07:38:40,581 [main] INFO  impl.PendingRequests (PendingRequests.java:sendNotLeaderResponses(202)) - f3f71062-fa4a-4694-ac66-7042590037ba@group-3EC0E788E661-PendingRequests: sendNotLeaderResponses
2019-10-08 07:38:40,581 [org.apache.ratis.server.impl.LogAppender$AppenderDaemon$$Lambda$402/789228563@65c6ae18] WARN  server.GrpcLogAppender (GrpcLogAppender.java:mayWait(143)) - f3f71062-fa4a-4694-ac66-7042590037ba@group-3EC0E788E661->85a03eef-da5c-4cf0-8830-b083dbd50109-GrpcLogAppender: Wait interrupted by java.lang.InterruptedException
2019-10-08 07:38:40,581 [ForkJoinPool.commonPool-worker-0] INFO  impl.PendingRequests (PendingRequests.java:sendNotLeaderResponses(202)) - f3f71062-fa4a-4694-ac66-7042590037ba@group-8F78364FCFB7-PendingRequests: sendNotLeaderResponses
2019-10-08 07:38:40,585 [grpc-default-executor-1] INFO  server.GrpcServerProtocolService (GrpcServerProtocolService.java:onCompleted(113)) - 85a03eef-da5c-4cf0-8830-b083dbd50109: Completed APPEND_ENTRIES, lastRequest: f3f71062-fa4a-4694-ac66-7042590037ba->85a03eef-da5c-4cf0-8830-b083dbd50109#4-t1, previous=(t:1, i:2), leaderCommit=2, initializing? false, entries: <empty>
2019-10-08 07:38:40,588 [ForkJoinPool.commonPool-worker-0] INFO  impl.StateMachineUpdater (StateMachineUpdater.java:stopAndJoin(136)) - f3f71062-fa4a-4694-ac66-7042590037ba@group-8F78364FCFB7-StateMachineUpdater: set stopIndex = 0
2019-10-08 07:38:40,585 [grpc-default-executor-2] INFO  server.GrpcServerProtocolService (GrpcServerProtocolService.java:onCompleted(113)) - 1a1ec4dc-c977-4a0f-9a45-1a415cfcc58c: Completed APPEND_ENTRIES, lastRequest: f3f71062-fa4a-4694-ac66-7042590037ba->1a1ec4dc-c977-4a0f-9a45-1a415cfcc58c#4-t1, previous=(t:1, i:2), leaderCommit=2, initializing? false, entries: <empty>
2019-10-08 07:38:40,591 [main] INFO  impl.StateMachineUpdater (StateMachineUpdater.java:stopAndJoin(136)) - f3f71062-fa4a-4694-ac66-7042590037ba@group-3EC0E788E661-StateMachineUpdater: set stopIndex = 2
2019-10-08 07:38:40,591 [ForkJoinPool.commonPool-worker-0] INFO  impl.RaftServerImpl (ServerState.java:close(387)) - f3f71062-fa4a-4694-ac66-7042590037ba@group-8F78364FCFB7: closes. applyIndex: 0
2019-10-08 07:38:40,592 [grpc-default-executor-8] INFO  server.GrpcLogAppender (GrpcLogAppender.java:onCompleted(293)) - f3f71062-fa4a-4694-ac66-7042590037ba@group-3EC0E788E661->85a03eef-da5c-4cf0-8830-b083dbd50109-AppendLogResponseHandler: follower responses appendEntries COMPLETED
2019-10-08 07:38:40,592 [grpc-default-executor-2] INFO  server.GrpcLogAppender (GrpcLogAppender.java:onCompleted(293)) - f3f71062-fa4a-4694-ac66-7042590037ba@group-3EC0E788E661->1a1ec4dc-c977-4a0f-9a45-1a415cfcc58c-AppendLogResponseHandler: follower responses appendEntries COMPLETED
2019-10-08 07:38:40,591 [f3f71062-fa4a-4694-ac66-7042590037ba@group-3EC0E788E661-StateMachineUpdater] INFO  ratis.ContainerStateMachine (ContainerStateMachine.java:takeSnapshot(294)) - group-3EC0E788E661: Taking a snapshot at:(t:1, i:1) file /workdir/hadoop-ozone/integration-test/target/test-dir/MiniOzoneClusterImpl-902567ba-501e-44b4-9d07-934ea4d81655/datanode-1/data/ratis/59d2d40b-339c-4f30-8119-3ec0e788e661/sm/snapshot.1_1
2019-10-08 07:38:40,592 [f3f71062-fa4a-4694-ac66-7042590037ba@group-8F78364FCFB7-SegmentedRaftLogWorker] INFO  segmented.SegmentedRaftLogWorker (SegmentedRaftLogWorker.java:run(316)) - f3f71062-fa4a-4694-ac66-7042590037ba@group-8F78364FCFB7-SegmentedRaftLogWorker was interrupted, exiting. There are 0 tasks remaining in the queue.
2019-10-08 07:38:40,595 [ForkJoinPool.commonPool-worker-0] INFO  segmented.SegmentedRaftLogWorker (SegmentedRaftLogWorker.java:close(224)) - f3f71062-fa4a-4694-ac66-7042590037ba@group-8F78364FCFB7-SegmentedRaftLogWorker close()
2019-10-08 07:38:40,600 [grpc-default-executor-8] INFO  impl.FollowerInfo (FollowerInfo.java:lambda$new$0(51)) - f3f71062-fa4a-4694-ac66-7042590037ba@group-3EC0E788E661->85a03eef-da5c-4cf0-8830-b083dbd50109: nextIndex: updateUnconditionally 3 -> 2
2019-10-08 07:38:40,601 [grpc-default-executor-2] INFO  impl.FollowerInfo (FollowerInfo.java:lambda$new$0(51)) - f3f71062-fa4a-4694-ac66-7042590037ba@group-3EC0E788E661->1a1ec4dc-c977-4a0f-9a45-1a415cfcc58c: nextIndex: updateUnconditionally 3 -> 2
2019-10-08 07:38:40,614 [f3f71062-fa4a-4694-ac66-7042590037ba@group-3EC0E788E661-StateMachineUpdater] INFO  ratis.ContainerStateMachine (ContainerStateMachine.java:takeSnapshot(305)) - group-3EC0E788E661: Finished taking a snapshot at:(t:1, i:1) file:/workdir/hadoop-ozone/integration-test/target/test-dir/MiniOzoneClusterImpl-902567ba-501e-44b4-9d07-934ea4d81655/datanode-1/data/ratis/59d2d40b-339c-4f30-8119-3ec0e788e661/sm/snapshot.1_1 time:23
2019-10-08 07:38:40,614 [f3f71062-fa4a-4694-ac66-7042590037ba@group-3EC0E788E661-StateMachineUpdater] INFO  impl.StateMachineUpdater (StateMachineUpdater.java:takeSnapshot(269)) - f3f71062-fa4a-4694-ac66-7042590037ba@group-3EC0E788E661-StateMachineUpdater: Took a snapshot at index 1
2019-10-08 07:38:40,614 [f3f71062-fa4a-4694-ac66-7042590037ba@group-3EC0E788E661-StateMachineUpdater] INFO  impl.StateMachineUpdater (StateMachineUpdater.java:lambda$new$0(84)) - f3f71062-fa4a-4694-ac66-7042590037ba@group-3EC0E788E661-StateMachineUpdater: snapshotIndex: updateIncreasingly -1 -> 1
2019-10-08 07:38:40,614 [f3f71062-fa4a-4694-ac66-7042590037ba@group-3EC0E788E661-StateMachineUpdater] INFO  ratis.ContainerStateMachine (ContainerStateMachine.java:takeSnapshot(294)) - group-3EC0E788E661: Taking a snapshot at:(t:1, i:1) file /workdir/hadoop-ozone/integration-test/target/test-dir/MiniOzoneClusterImpl-902567ba-501e-44b4-9d07-934ea4d81655/datanode-1/data/ratis/59d2d40b-339c-4f30-8119-3ec0e788e661/sm/snapshot.1_1
2019-10-08 07:38:40,626 [f3f71062-fa4a-4694-ac66-7042590037ba@group-3EC0E788E661-StateMachineUpdater] INFO  ratis.ContainerStateMachine (ContainerStateMachine.java:takeSnapshot(305)) - group-3EC0E788E661: Finished taking a snapshot at:(t:1, i:1) file:/workdir/hadoop-ozone/integration-test/target/test-dir/MiniOzoneClusterImpl-902567ba-501e-44b4-9d07-934ea4d81655/datanode-1/data/ratis/59d2d40b-339c-4f30-8119-3ec0e788e661/sm/snapshot.1_1 time:12
2019-10-08 07:38:40,626 [f3f71062-fa4a-4694-ac66-7042590037ba@group-3EC0E788E661-StateMachineUpdater] INFO  impl.StateMachineUpdater (StateMachineUpdater.java:takeSnapshot(269)) - f3f71062-fa4a-4694-ac66-7042590037ba@group-3EC0E788E661-StateMachineUpdater: Took a snapshot at index 1
2019-10-08 07:38:40,627 [f3f71062-fa4a-4694-ac66-7042590037ba@group-3EC0E788E661-StateMachineUpdater] INFO  impl.StateMachineUpdater (StateMachineUpdater.java:lambda$new$0(84)) - f3f71062-fa4a-4694-ac66-7042590037ba@group-3EC0E788E661-StateMachineUpdater: snapshotIndex: updateIncreasingly 1 -> 1
2019-10-08 07:38:40,627 [main] INFO  impl.RaftServerImpl (ServerState.java:close(387)) - f3f71062-fa4a-4694-ac66-7042590037ba@group-3EC0E788E661: closes. applyIndex: 2
2019-10-08 07:38:40,627 [f3f71062-fa4a-4694-ac66-7042590037ba@group-3EC0E788E661-SegmentedRaftLogWorker] INFO  segmented.SegmentedRaftLogWorker (SegmentedRaftLogWorker.java:run(316)) - f3f71062-fa4a-4694-ac66-7042590037ba@group-3EC0E788E661-SegmentedRaftLogWorker was interrupted, exiting. There are 0 tasks remaining in the queue.
2019-10-08 07:38:40,630 [main] INFO  segmented.SegmentedRaftLogWorker (SegmentedRaftLogWorker.java:close(224)) - f3f71062-fa4a-4694-ac66-7042590037ba@group-3EC0E788E661-SegmentedRaftLogWorker close()
2019-10-08 07:38:40,634 [main] INFO  server.GrpcService (GrpcService.java:closeImpl(164)) - f3f71062-fa4a-4694-ac66-7042590037ba: shutdown server with port 43096 now
2019-10-08 07:38:40,635 [main] INFO  server.GrpcService (GrpcService.java:closeImpl(172)) - f3f71062-fa4a-4694-ac66-7042590037ba: shutdown server with port 43096 successfully
2019-10-08 07:38:40,639 [refreshUsed-/workdir/hadoop-ozone/integration-test/target/test-dir/MiniOzoneClusterImpl-902567ba-501e-44b4-9d07-934ea4d81655/datanode-1/data/containers] WARN  fs.CachingGetSpaceUsed (CachingGetSpaceUsed.java:run(183)) - Thread Interrupted waiting to refresh disk information: sleep interrupted
2019-10-08 07:38:40,658 [main] INFO  utils.BackgroundService (BackgroundService.java:shutdown(151)) - Shutting down service BlockDeletingService
2019-10-08 07:38:40,664 [main] INFO  statemachine.DatanodeStateMachine (DatanodeStateMachine.java:stopDaemon(395)) - Ozone container server stopped.
2019-10-08 07:38:40,666 [main] INFO  handler.ContextHandler (ContextHandler.java:doStop(910)) - Stopped o.e.j.w.WebAppContext@67b61834{/,null,UNAVAILABLE}{/hddsDatanode}
2019-10-08 07:38:40,666 [main] INFO  server.AbstractConnector (AbstractConnector.java:doStop(318)) - Stopped ServerConnector@3b0d3a63{HTTP/1.1,[http/1.1]}{0.0.0.0:0}
2019-10-08 07:38:40,667 [main] INFO  handler.ContextHandler (ContextHandler.java:doStop(910)) - Stopped o.e.j.s.ServletContextHandler@7b96de8d{/static,jar:file:/home/user/.m2/repository/org/apache/hadoop/hadoop-hdds-container-service/0.5.0-SNAPSHOT/hadoop-hdds-container-service-0.5.0-SNAPSHOT.jar!/webapps/static,UNAVAILABLE}
2019-10-08 07:38:40,667 [main] INFO  handler.ContextHandler (ContextHandler.java:doStop(910)) - Stopped o.e.j.s.ServletContextHandler@51ac12ac{/logs,file:///workdir/hadoop-ozone/integration-test/target/log,UNAVAILABLE}
2019-10-08 07:38:45,026 [Thread-2391] INFO  impl.FollowerState (FollowerState.java:run(108)) - 1a1ec4dc-c977-4a0f-9a45-1a415cfcc58c@group-3EC0E788E661-FollowerState: change to CANDIDATE, lastRpcTime:6959ms, electionTimeout:5059ms
2019-10-08 07:38:45,026 [Thread-2391] INFO  impl.RoleInfo (RoleInfo.java:shutdownFollowerState(121)) - 1a1ec4dc-c977-4a0f-9a45-1a415cfcc58c: shutdown FollowerState
2019-10-08 07:38:45,026 [Thread-2391] INFO  impl.RaftServerImpl (RaftServerImpl.java:setRole(170)) - 1a1ec4dc-c977-4a0f-9a45-1a415cfcc58c@group-3EC0E788E661: changes role from  FOLLOWER to CANDIDATE at term 1 for changeToCandidate
2019-10-08 07:38:45,027 [Thread-2391] INFO  impl.RoleInfo (RoleInfo.java:updateAndGet(143)) - 1a1ec4dc-c977-4a0f-9a45-1a415cfcc58c: start LeaderElection
2019-10-08 07:38:45,028 [1a1ec4dc-c977-4a0f-9a45-1a415cfcc58c@group-3EC0E788E661-LeaderElection70] INFO  impl.RaftServerImpl (ServerState.java:setLeader(255)) - 1a1ec4dc-c977-4a0f-9a45-1a415cfcc58c@group-3EC0E788E661: change Leader from f3f71062-fa4a-4694-ac66-7042590037ba to null at term 1 for initElection
2019-10-08 07:38:45,052 [1a1ec4dc-c977-4a0f-9a45-1a415cfcc58c@group-3EC0E788E661-LeaderElection70] INFO  impl.LeaderElection (LeaderElection.java:askForVotes(178)) - 1a1ec4dc-c977-4a0f-9a45-1a415cfcc58c@group-3EC0E788E661-LeaderElection70: begin an election at term 2 for 0: [1a1ec4dc-c977-4a0f-9a45-1a415cfcc58c:192.168.30.43:37384, f3f71062-fa4a-4694-ac66-7042590037ba:192.168.30.43:43096, 85a03eef-da5c-4cf0-8830-b083dbd50109:192.168.30.43:33061], old=null
2019-10-08 07:38:45,056 [1a1ec4dc-c977-4a0f-9a45-1a415cfcc58c@group-3EC0E788E661-LeaderElection70] INFO  impl.LeaderElection (LogUtils.java:infoOrTrace(149)) - 1a1ec4dc-c977-4a0f-9a45-1a415cfcc58c@group-3EC0E788E661-LeaderElection70 got exception when requesting votes: {}
java.util.concurrent.ExecutionException: org.apache.ratis.thirdparty.io.grpc.StatusRuntimeException: UNAVAILABLE: io exception
	at java.util.concurrent.FutureTask.report(FutureTask.java:122)
	at java.util.concurrent.FutureTask.get(FutureTask.java:192)
	at org.apache.ratis.server.impl.LeaderElection.waitForResults(LeaderElection.java:259)
	at org.apache.ratis.server.impl.LeaderElection.askForVotes(LeaderElection.java:197)
	at org.apache.ratis.server.impl.LeaderElection.run(LeaderElection.java:133)
	at java.lang.Thread.run(Thread.java:748)
Caused by: org.apache.ratis.thirdparty.io.grpc.StatusRuntimeException: UNAVAILABLE: io exception
	at org.apache.ratis.thirdparty.io.grpc.stub.ClientCalls.toStatusRuntimeException(ClientCalls.java:233)
	at org.apache.ratis.thirdparty.io.grpc.stub.ClientCalls.getUnchecked(ClientCalls.java:214)
	at org.apache.ratis.thirdparty.io.grpc.stub.ClientCalls.blockingUnaryCall(ClientCalls.java:139)
	at org.apache.ratis.proto.grpc.RaftServerProtocolServiceGrpc$RaftServerProtocolServiceBlockingStub.requestVote(RaftServerProtocolServiceGrpc.java:265)
	at org.apache.ratis.grpc.server.GrpcServerProtocolClient.requestVote(GrpcServerProtocolClient.java:99)
	at org.apache.ratis.grpc.server.GrpcService.requestVote(GrpcService.java:204)
	at org.apache.ratis.server.impl.LeaderElection.lambda$submitRequests$1(LeaderElection.java:234)
	at java.util.concurrent.FutureTask.run(FutureTask.java:266)
	at java.util.concurrent.Executors$RunnableAdapter.call(Executors.java:511)
	at java.util.concurrent.FutureTask.run(FutureTask.java:266)
	at java.util.concurrent.ThreadPoolExecutor.runWorker(ThreadPoolExecutor.java:1149)
	at java.util.concurrent.ThreadPoolExecutor$Worker.run(ThreadPoolExecutor.java:624)
	... 1 more
Caused by: org.apache.ratis.thirdparty.io.netty.channel.AbstractChannel$AnnotatedConnectException: Connection refused: /192.168.30.43:43096
	at sun.nio.ch.SocketChannelImpl.checkConnect(Native Method)
	at sun.nio.ch.SocketChannelImpl.finishConnect(SocketChannelImpl.java:717)
	at org.apache.ratis.thirdparty.io.netty.channel.socket.nio.NioSocketChannel.doFinishConnect(NioSocketChannel.java:327)
	at org.apache.ratis.thirdparty.io.netty.channel.nio.AbstractNioChannel$AbstractNioUnsafe.finishConnect(AbstractNioChannel.java:340)
	at org.apache.ratis.thirdparty.io.netty.channel.nio.NioEventLoop.processSelectedKey(NioEventLoop.java:632)
	at org.apache.ratis.thirdparty.io.netty.channel.nio.NioEventLoop.processSelectedKeysOptimized(NioEventLoop.java:579)
	at org.apache.ratis.thirdparty.io.netty.channel.nio.NioEventLoop.processSelectedKeys(NioEventLoop.java:496)
	at org.apache.ratis.thirdparty.io.netty.channel.nio.NioEventLoop.run(NioEventLoop.java:458)
	at org.apache.ratis.thirdparty.io.netty.util.concurrent.SingleThreadEventExecutor$5.run(SingleThreadEventExecutor.java:897)
	at org.apache.ratis.thirdparty.io.netty.util.concurrent.FastThreadLocalRunnable.run(FastThreadLocalRunnable.java:30)
	... 1 more
Caused by: java.net.ConnectException: Connection refused
	... 11 more
2019-10-08 07:38:45,061 [grpc-default-executor-2] INFO  impl.RaftServerImpl (ServerState.java:setLeader(255)) - 85a03eef-da5c-4cf0-8830-b083dbd50109@group-3EC0E788E661: change Leader from f3f71062-fa4a-4694-ac66-7042590037ba to null at term 2 for updateCurrentTerm
2019-10-08 07:38:45,061 [grpc-default-executor-2] INFO  impl.RaftServerImpl (RaftServerImpl.java:setRole(170)) - 85a03eef-da5c-4cf0-8830-b083dbd50109@group-3EC0E788E661: changes role from  FOLLOWER to FOLLOWER at term 2 for recognizeCandidate:1a1ec4dc-c977-4a0f-9a45-1a415cfcc58c
2019-10-08 07:38:45,061 [grpc-default-executor-2] INFO  impl.RoleInfo (RoleInfo.java:shutdownFollowerState(121)) - 85a03eef-da5c-4cf0-8830-b083dbd50109: shutdown FollowerState
2019-10-08 07:38:45,061 [grpc-default-executor-2] INFO  impl.RoleInfo (RoleInfo.java:updateAndGet(143)) - 85a03eef-da5c-4cf0-8830-b083dbd50109: start FollowerState
2019-10-08 07:38:45,061 [Thread-2390] INFO  impl.FollowerState (FollowerState.java:run(117)) - 85a03eef-da5c-4cf0-8830-b083dbd50109@group-3EC0E788E661-FollowerState was interrupted: java.lang.InterruptedException: sleep interrupted
2019-10-08 07:38:45,080 [1a1ec4dc-c977-4a0f-9a45-1a415cfcc58c@group-3EC0E788E661-LeaderElection70] INFO  impl.LeaderElection (LeaderElection.java:logAndReturn(56)) - 1a1ec4dc-c977-4a0f-9a45-1a415cfcc58c@group-3EC0E788E661-LeaderElection70: Election PASSED; received 1 response(s) [1a1ec4dc-c977-4a0f-9a45-1a415cfcc58c<-85a03eef-da5c-4cf0-8830-b083dbd50109#0:OK-t2] and 1 exception(s); 1a1ec4dc-c977-4a0f-9a45-1a415cfcc58c@group-3EC0E788E661:t2, leader=null, voted=1a1ec4dc-c977-4a0f-9a45-1a415cfcc58c, raftlog=1a1ec4dc-c977-4a0f-9a45-1a415cfcc58c@group-3EC0E788E661-SegmentedRaftLog:OPENED:c2,f2,i2, conf=0: [1a1ec4dc-c977-4a0f-9a45-1a415cfcc58c:192.168.30.43:37384, f3f71062-fa4a-4694-ac66-7042590037ba:192.168.30.43:43096, 85a03eef-da5c-4cf0-8830-b083dbd50109:192.168.30.43:33061], old=null
2019-10-08 07:38:45,080 [1a1ec4dc-c977-4a0f-9a45-1a415cfcc58c@group-3EC0E788E661-LeaderElection70] INFO  impl.LeaderElection (LogUtils.java:infoOrTrace(149)) -   Exception 0: {}
java.util.concurrent.ExecutionException: org.apache.ratis.thirdparty.io.grpc.StatusRuntimeException: UNAVAILABLE: io exception
	at java.util.concurrent.FutureTask.report(FutureTask.java:122)
	at java.util.concurrent.FutureTask.get(FutureTask.java:192)
	at org.apache.ratis.server.impl.LeaderElection.waitForResults(LeaderElection.java:259)
	at org.apache.ratis.server.impl.LeaderElection.askForVotes(LeaderElection.java:197)
	at org.apache.ratis.server.impl.LeaderElection.run(LeaderElection.java:133)
	at java.lang.Thread.run(Thread.java:748)
Caused by: org.apache.ratis.thirdparty.io.grpc.StatusRuntimeException: UNAVAILABLE: io exception
	at org.apache.ratis.thirdparty.io.grpc.stub.ClientCalls.toStatusRuntimeException(ClientCalls.java:233)
	at org.apache.ratis.thirdparty.io.grpc.stub.ClientCalls.getUnchecked(ClientCalls.java:214)
	at org.apache.ratis.thirdparty.io.grpc.stub.ClientCalls.blockingUnaryCall(ClientCalls.java:139)
	at org.apache.ratis.proto.grpc.RaftServerProtocolServiceGrpc$RaftServerProtocolServiceBlockingStub.requestVote(RaftServerProtocolServiceGrpc.java:265)
	at org.apache.ratis.grpc.server.GrpcServerProtocolClient.requestVote(GrpcServerProtocolClient.java:99)
	at org.apache.ratis.grpc.server.GrpcService.requestVote(GrpcService.java:204)
	at org.apache.ratis.server.impl.LeaderElection.lambda$submitRequests$1(LeaderElection.java:234)
	at java.util.concurrent.FutureTask.run(FutureTask.java:266)
	at java.util.concurrent.Executors$RunnableAdapter.call(Executors.java:511)
	at java.util.concurrent.FutureTask.run(FutureTask.java:266)
	at java.util.concurrent.ThreadPoolExecutor.runWorker(ThreadPoolExecutor.java:1149)
	at java.util.concurrent.ThreadPoolExecutor$Worker.run(ThreadPoolExecutor.java:624)
	... 1 more
Caused by: org.apache.ratis.thirdparty.io.netty.channel.AbstractChannel$AnnotatedConnectException: Connection refused: /192.168.30.43:43096
	at sun.nio.ch.SocketChannelImpl.checkConnect(Native Method)
	at sun.nio.ch.SocketChannelImpl.finishConnect(SocketChannelImpl.java:717)
	at org.apache.ratis.thirdparty.io.netty.channel.socket.nio.NioSocketChannel.doFinishConnect(NioSocketChannel.java:327)
	at org.apache.ratis.thirdparty.io.netty.channel.nio.AbstractNioChannel$AbstractNioUnsafe.finishConnect(AbstractNioChannel.java:340)
	at org.apache.ratis.thirdparty.io.netty.channel.nio.NioEventLoop.processSelectedKey(NioEventLoop.java:632)
	at org.apache.ratis.thirdparty.io.netty.channel.nio.NioEventLoop.processSelectedKeysOptimized(NioEventLoop.java:579)
	at org.apache.ratis.thirdparty.io.netty.channel.nio.NioEventLoop.processSelectedKeys(NioEventLoop.java:496)
	at org.apache.ratis.thirdparty.io.netty.channel.nio.NioEventLoop.run(NioEventLoop.java:458)
	at org.apache.ratis.thirdparty.io.netty.util.concurrent.SingleThreadEventExecutor$5.run(SingleThreadEventExecutor.java:897)
	at org.apache.ratis.thirdparty.io.netty.util.concurrent.FastThreadLocalRunnable.run(FastThreadLocalRunnable.java:30)
	... 1 more
Caused by: java.net.ConnectException: Connection refused
	... 11 more
2019-10-08 07:38:45,080 [1a1ec4dc-c977-4a0f-9a45-1a415cfcc58c@group-3EC0E788E661-LeaderElection70] INFO  impl.RoleInfo (RoleInfo.java:shutdownLeaderElection(134)) - 1a1ec4dc-c977-4a0f-9a45-1a415cfcc58c: shutdown LeaderElection
2019-10-08 07:38:45,081 [1a1ec4dc-c977-4a0f-9a45-1a415cfcc58c@group-3EC0E788E661-LeaderElection70] INFO  impl.RaftServerImpl (RaftServerImpl.java:setRole(170)) - 1a1ec4dc-c977-4a0f-9a45-1a415cfcc58c@group-3EC0E788E661: changes role from CANDIDATE to LEADER at term 2 for changeToLeader
2019-10-08 07:38:45,081 [1a1ec4dc-c977-4a0f-9a45-1a415cfcc58c@group-3EC0E788E661-LeaderElection70] INFO  impl.RaftServerImpl (ServerState.java:setLeader(255)) - 1a1ec4dc-c977-4a0f-9a45-1a415cfcc58c@group-3EC0E788E661: change Leader from null to 1a1ec4dc-c977-4a0f-9a45-1a415cfcc58c at term 2 for becomeLeader, leader elected after 52ms
2019-10-08 07:38:45,081 [1a1ec4dc-c977-4a0f-9a45-1a415cfcc58c@group-3EC0E788E661-LeaderElection70] INFO  server.RaftServerConfigKeys (ConfUtils.java:logGet(43)) - raft.server.staging.catchup.gap = 1000 (default)
2019-10-08 07:38:45,081 [1a1ec4dc-c977-4a0f-9a45-1a415cfcc58c@group-3EC0E788E661-LeaderElection70] INFO  server.RaftServerConfigKeys (ConfUtils.java:logGet(43)) - raft.server.rpc.sleep.time = 25ms (default)
2019-10-08 07:38:45,082 [1a1ec4dc-c977-4a0f-9a45-1a415cfcc58c@group-3EC0E788E661-LeaderElection70] INFO  server.RaftServerConfigKeys (ConfUtils.java:logGet(43)) - raft.server.write.element-limit = 4096 (default)
2019-10-08 07:38:45,082 [1a1ec4dc-c977-4a0f-9a45-1a415cfcc58c@group-3EC0E788E661-LeaderElection70] INFO  server.RaftServerConfigKeys (ConfUtils.java:logGet(43)) - raft.server.watch.timeout = 10s (default)
2019-10-08 07:38:45,082 [1a1ec4dc-c977-4a0f-9a45-1a415cfcc58c@group-3EC0E788E661-LeaderElection70] INFO  server.RaftServerConfigKeys (ConfUtils.java:logGet(43)) - raft.server.watch.timeout.denomination = 1s (default)
2019-10-08 07:38:45,082 [1a1ec4dc-c977-4a0f-9a45-1a415cfcc58c@group-3EC0E788E661-LeaderElection70] INFO  server.RaftServerConfigKeys (ConfUtils.java:logGet(43)) - raft.server.watch.element-limit = 65536 (default)
2019-10-08 07:38:45,085 [1a1ec4dc-c977-4a0f-9a45-1a415cfcc58c@group-3EC0E788E661-LeaderElection70] INFO  server.RaftServerConfigKeys (ConfUtils.java:logGet(43)) - raft.server.log.appender.snapshot.chunk.size.max = 16MB (=16777216) (default)
2019-10-08 07:38:45,085 [1a1ec4dc-c977-4a0f-9a45-1a415cfcc58c@group-3EC0E788E661-LeaderElection70] INFO  server.RaftServerConfigKeys (ConfUtils.java:logGet(43)) - raft.server.log.appender.buffer.byte-limit = 33554432 (custom)
2019-10-08 07:38:45,085 [1a1ec4dc-c977-4a0f-9a45-1a415cfcc58c@group-3EC0E788E661-LeaderElection70] INFO  server.RaftServerConfigKeys (ConfUtils.java:logGet(43)) - raft.server.log.appender.buffer.element-limit = 1 (custom)
2019-10-08 07:38:45,086 [1a1ec4dc-c977-4a0f-9a45-1a415cfcc58c@group-3EC0E788E661-LeaderElection70] INFO  grpc.GrpcConfigKeys$Server (ConfUtils.java:logGet(43)) - raft.grpc.server.leader.outstanding.appends.max = 128 (default)
2019-10-08 07:38:45,086 [1a1ec4dc-c977-4a0f-9a45-1a415cfcc58c@group-3EC0E788E661-LeaderElection70] INFO  server.RaftServerConfigKeys (ConfUtils.java:logGet(43)) - raft.server.rpc.request.timeout = 3000ms (default)
2019-10-08 07:38:45,086 [1a1ec4dc-c977-4a0f-9a45-1a415cfcc58c@group-3EC0E788E661-LeaderElection70] INFO  server.RaftServerConfigKeys (ConfUtils.java:logGet(43)) - raft.server.log.appender.install.snapshot.enabled = false (custom)
2019-10-08 07:38:45,086 [1a1ec4dc-c977-4a0f-9a45-1a415cfcc58c@group-3EC0E788E661-LeaderElection70] INFO  server.RaftServerConfigKeys (ConfUtils.java:logGet(43)) - raft.server.log.appender.snapshot.chunk.size.max = 16MB (=16777216) (default)
2019-10-08 07:38:45,087 [1a1ec4dc-c977-4a0f-9a45-1a415cfcc58c@group-3EC0E788E661-LeaderElection70] INFO  server.RaftServerConfigKeys (ConfUtils.java:logGet(43)) - raft.server.log.appender.buffer.byte-limit = 33554432 (custom)
2019-10-08 07:38:45,087 [1a1ec4dc-c977-4a0f-9a45-1a415cfcc58c@group-3EC0E788E661-LeaderElection70] INFO  server.RaftServerConfigKeys (ConfUtils.java:logGet(43)) - raft.server.log.appender.buffer.element-limit = 1 (custom)
2019-10-08 07:38:45,087 [1a1ec4dc-c977-4a0f-9a45-1a415cfcc58c@group-3EC0E788E661-LeaderElection70] INFO  grpc.GrpcConfigKeys$Server (ConfUtils.java:logGet(43)) - raft.grpc.server.leader.outstanding.appends.max = 128 (default)
2019-10-08 07:38:45,087 [1a1ec4dc-c977-4a0f-9a45-1a415cfcc58c@group-3EC0E788E661-LeaderElection70] INFO  server.RaftServerConfigKeys (ConfUtils.java:logGet(43)) - raft.server.rpc.request.timeout = 3000ms (default)
2019-10-08 07:38:45,087 [1a1ec4dc-c977-4a0f-9a45-1a415cfcc58c@group-3EC0E788E661-LeaderElection70] INFO  server.RaftServerConfigKeys (ConfUtils.java:logGet(43)) - raft.server.log.appender.install.snapshot.enabled = false (custom)
2019-10-08 07:38:45,088 [1a1ec4dc-c977-4a0f-9a45-1a415cfcc58c@group-3EC0E788E661-LeaderElection70] INFO  impl.RoleInfo (RoleInfo.java:updateAndGet(143)) - 1a1ec4dc-c977-4a0f-9a45-1a415cfcc58c: start LeaderState
2019-10-08 07:38:45,088 [1a1ec4dc-c977-4a0f-9a45-1a415cfcc58c@group-3EC0E788E661-LeaderElection70] INFO  segmented.SegmentedRaftLogWorker (SegmentedRaftLogWorker.java:rollLogSegment(390)) - 1a1ec4dc-c977-4a0f-9a45-1a415cfcc58c@group-3EC0E788E661-SegmentedRaftLogWorker: Rolling segment log-0_2 to index:2
2019-10-08 07:38:45,092 [1a1ec4dc-c977-4a0f-9a45-1a415cfcc58c@group-3EC0E788E661-SegmentedRaftLogWorker] INFO  segmented.SegmentedRaftLogWorker (SegmentedRaftLogWorker.java:execute(531)) - 1a1ec4dc-c977-4a0f-9a45-1a415cfcc58c@group-3EC0E788E661-SegmentedRaftLogWorker: Rolled log segment from /workdir/hadoop-ozone/integration-test/target/test-dir/MiniOzoneClusterImpl-902567ba-501e-44b4-9d07-934ea4d81655/datanode-0/data/ratis/59d2d40b-339c-4f30-8119-3ec0e788e661/current/log_inprogress_0 to /workdir/hadoop-ozone/integration-test/target/test-dir/MiniOzoneClusterImpl-902567ba-501e-44b4-9d07-934ea4d81655/datanode-0/data/ratis/59d2d40b-339c-4f30-8119-3ec0e788e661/current/log_0-2
2019-10-08 07:38:45,092 [1a1ec4dc-c977-4a0f-9a45-1a415cfcc58c@group-3EC0E788E661-LeaderElection70] INFO  impl.RaftServerImpl (ServerState.java:setRaftConf(356)) - 1a1ec4dc-c977-4a0f-9a45-1a415cfcc58c@group-3EC0E788E661: set configuration 3: [1a1ec4dc-c977-4a0f-9a45-1a415cfcc58c:192.168.30.43:37384, f3f71062-fa4a-4694-ac66-7042590037ba:192.168.30.43:43096, 85a03eef-da5c-4cf0-8830-b083dbd50109:192.168.30.43:33061], old=null at 3
2019-10-08 07:38:45,095 [grpc-default-executor-2] WARN  server.GrpcLogAppender (LogUtils.java:warn(134)) - 1a1ec4dc-c977-4a0f-9a45-1a415cfcc58c@group-3EC0E788E661->f3f71062-fa4a-4694-ac66-7042590037ba-AppendLogResponseHandler: Failed appendEntries: org.apache.ratis.thirdparty.io.grpc.StatusRuntimeException: UNAVAILABLE: io exception
2019-10-08 07:38:45,099 [grpc-default-executor-2] INFO  impl.FollowerInfo (FollowerInfo.java:lambda$new$0(51)) - 1a1ec4dc-c977-4a0f-9a45-1a415cfcc58c@group-3EC0E788E661->f3f71062-fa4a-4694-ac66-7042590037ba: nextIndex: updateUnconditionally 3 -> 1
2019-10-08 07:38:45,099 [grpc-default-executor-1] INFO  impl.RaftServerImpl (ServerState.java:setLeader(255)) - 85a03eef-da5c-4cf0-8830-b083dbd50109@group-3EC0E788E661: change Leader from null to 1a1ec4dc-c977-4a0f-9a45-1a415cfcc58c at term 2 for appendEntries, leader elected after 38ms
2019-10-08 07:38:45,102 [grpc-default-executor-1] INFO  impl.RaftServerImpl (ServerState.java:setRaftConf(356)) - 85a03eef-da5c-4cf0-8830-b083dbd50109@group-3EC0E788E661: set configuration 3: [1a1ec4dc-c977-4a0f-9a45-1a415cfcc58c:192.168.30.43:37384, f3f71062-fa4a-4694-ac66-7042590037ba:192.168.30.43:43096, 85a03eef-da5c-4cf0-8830-b083dbd50109:192.168.30.43:33061], old=null at 3
2019-10-08 07:38:45,102 [grpc-default-executor-1] INFO  segmented.SegmentedRaftLogWorker (SegmentedRaftLogWorker.java:rollLogSegment(390)) - 85a03eef-da5c-4cf0-8830-b083dbd50109@group-3EC0E788E661-SegmentedRaftLogWorker: Rolling segment log-0_2 to index:2
2019-10-08 07:38:45,103 [85a03eef-da5c-4cf0-8830-b083dbd50109@group-3EC0E788E661-SegmentedRaftLogWorker] INFO  segmented.SegmentedRaftLogWorker (SegmentedRaftLogWorker.java:execute(531)) - 85a03eef-da5c-4cf0-8830-b083dbd50109@group-3EC0E788E661-SegmentedRaftLogWorker: Rolled log segment from /workdir/hadoop-ozone/integration-test/target/test-dir/MiniOzoneClusterImpl-902567ba-501e-44b4-9d07-934ea4d81655/datanode-2/data/ratis/59d2d40b-339c-4f30-8119-3ec0e788e661/current/log_inprogress_0 to /workdir/hadoop-ozone/integration-test/target/test-dir/MiniOzoneClusterImpl-902567ba-501e-44b4-9d07-934ea4d81655/datanode-2/data/ratis/59d2d40b-339c-4f30-8119-3ec0e788e661/current/log_0-2
2019-10-08 07:38:45,136 [1a1ec4dc-c977-4a0f-9a45-1a415cfcc58c@group-3EC0E788E661-SegmentedRaftLogWorker] INFO  segmented.SegmentedRaftLogWorker (SegmentedRaftLogWorker.java:execute(574)) - 1a1ec4dc-c977-4a0f-9a45-1a415cfcc58c@group-3EC0E788E661-SegmentedRaftLogWorker: created new log segment /workdir/hadoop-ozone/integration-test/target/test-dir/MiniOzoneClusterImpl-902567ba-501e-44b4-9d07-934ea4d81655/datanode-0/data/ratis/59d2d40b-339c-4f30-8119-3ec0e788e661/current/log_inprogress_3
2019-10-08 07:38:45,149 [85a03eef-da5c-4cf0-8830-b083dbd50109@group-3EC0E788E661-SegmentedRaftLogWorker] INFO  segmented.SegmentedRaftLogWorker (SegmentedRaftLogWorker.java:execute(574)) - 85a03eef-da5c-4cf0-8830-b083dbd50109@group-3EC0E788E661-SegmentedRaftLogWorker: created new log segment /workdir/hadoop-ozone/integration-test/target/test-dir/MiniOzoneClusterImpl-902567ba-501e-44b4-9d07-934ea4d81655/datanode-2/data/ratis/59d2d40b-339c-4f30-8119-3ec0e788e661/current/log_inprogress_3
2019-10-08 07:38:45,170 [grpc-default-executor-8] WARN  server.GrpcLogAppender (LogUtils.java:warn(134)) - 1a1ec4dc-c977-4a0f-9a45-1a415cfcc58c@group-3EC0E788E661->f3f71062-fa4a-4694-ac66-7042590037ba-AppendLogResponseHandler: Failed appendEntries: org.apache.ratis.thirdparty.io.grpc.StatusRuntimeException: UNAVAILABLE: io exception
2019-10-08 07:38:45,170 [grpc-default-executor-8] INFO  impl.FollowerInfo (FollowerInfo.java:lambda$new$0(51)) - 1a1ec4dc-c977-4a0f-9a45-1a415cfcc58c@group-3EC0E788E661->f3f71062-fa4a-4694-ac66-7042590037ba: nextIndex: updateUnconditionally 2 -> 1
2019-10-08 07:38:45,185 [grpc-default-executor-1] WARN  server.GrpcLogAppender (LogUtils.java:warn(134)) - 1a1ec4dc-c977-4a0f-9a45-1a415cfcc58c@group-3EC0E788E661->f3f71062-fa4a-4694-ac66-7042590037ba-AppendLogResponseHandler: Failed appendEntries: org.apache.ratis.thirdparty.io.grpc.StatusRuntimeException: UNAVAILABLE: io exception
2019-10-08 07:38:45,185 [grpc-default-executor-1] INFO  impl.FollowerInfo (FollowerInfo.java:lambda$new$0(51)) - 1a1ec4dc-c977-4a0f-9a45-1a415cfcc58c@group-3EC0E788E661->f3f71062-fa4a-4694-ac66-7042590037ba: nextIndex: updateUnconditionally 2 -> 1
2019-10-08 07:38:45,791 [grpc-default-executor-2] WARN  server.GrpcLogAppender (LogUtils.java:warn(134)) - 1a1ec4dc-c977-4a0f-9a45-1a415cfcc58c@group-3EC0E788E661->f3f71062-fa4a-4694-ac66-7042590037ba-AppendLogResponseHandler: Failed appendEntries: org.apache.ratis.thirdparty.io.grpc.StatusRuntimeException: UNAVAILABLE: io exception
2019-10-08 07:38:45,791 [grpc-default-executor-2] INFO  impl.FollowerInfo (FollowerInfo.java:lambda$new$0(51)) - 1a1ec4dc-c977-4a0f-9a45-1a415cfcc58c@group-3EC0E788E661->f3f71062-fa4a-4694-ac66-7042590037ba: nextIndex: updateUnconditionally 2 -> 1
2019-10-08 07:38:45,804 [grpc-default-executor-1] WARN  server.GrpcLogAppender (LogUtils.java:warn(134)) - 1a1ec4dc-c977-4a0f-9a45-1a415cfcc58c@group-3EC0E788E661->f3f71062-fa4a-4694-ac66-7042590037ba-AppendLogResponseHandler: Failed appendEntries: org.apache.ratis.thirdparty.io.grpc.StatusRuntimeException: UNAVAILABLE: io exception
2019-10-08 07:38:45,804 [grpc-default-executor-1] INFO  impl.FollowerInfo (FollowerInfo.java:lambda$new$0(51)) - 1a1ec4dc-c977-4a0f-9a45-1a415cfcc58c@group-3EC0E788E661->f3f71062-fa4a-4694-ac66-7042590037ba: nextIndex: updateUnconditionally 2 -> 1
2019-10-08 07:38:45,816 [grpc-default-executor-1] WARN  server.GrpcLogAppender (LogUtils.java:warn(134)) - 1a1ec4dc-c977-4a0f-9a45-1a415cfcc58c@group-3EC0E788E661->f3f71062-fa4a-4694-ac66-7042590037ba-AppendLogResponseHandler: Failed appendEntries: org.apache.ratis.thirdparty.io.grpc.StatusRuntimeException: UNAVAILABLE: io exception
2019-10-08 07:38:45,817 [grpc-default-executor-1] INFO  impl.FollowerInfo (FollowerInfo.java:lambda$new$0(51)) - 1a1ec4dc-c977-4a0f-9a45-1a415cfcc58c@group-3EC0E788E661->f3f71062-fa4a-4694-ac66-7042590037ba: nextIndex: updateUnconditionally 2 -> 1
2019-10-08 07:38:45,817 [EventQueue-IncrementalContainerReportForIncrementalContainerReportHandler] WARN  container.IncrementalContainerReportHandler (AbstractContainerReportHandler.java:updateContainerState(145)) - Container #1 is in OPEN state, but the datanode 1a1ec4dc-c977-4a0f-9a45-1a415cfcc58c{ip: 192.168.30.43, host: pr-hdds-2260-pj9wp-4011291103, networkLocation: /default-rack, certSerialId: null} reports an CLOSING replica.
2019-10-08 07:38:45,830 [EventQueue-IncrementalContainerReportForIncrementalContainerReportHandler] WARN  container.IncrementalContainerReportHandler (AbstractContainerReportHandler.java:updateContainerState(145)) - Container #1 is in OPEN state, but the datanode 85a03eef-da5c-4cf0-8830-b083dbd50109{ip: 192.168.30.43, host: pr-hdds-2260-pj9wp-4011291103, networkLocation: /default-rack, certSerialId: null} reports an CLOSING replica.
2019-10-08 07:38:45,897 [RatisApplyTransactionExecutor 1] INFO  interfaces.Container (KeyValueContainer.java:flushAndSyncDB(386)) - Container 1 is synced with bcsId 0.
2019-10-08 07:38:45,921 [RatisApplyTransactionExecutor 1] INFO  interfaces.Container (KeyValueContainer.java:flushAndSyncDB(386)) - Container 1 is synced with bcsId 0.
2019-10-08 07:38:45,933 [RatisApplyTransactionExecutor 1] INFO  interfaces.Container (KeyValueContainer.java:flushAndSyncDB(386)) - Container 1 is synced with bcsId 0.
2019-10-08 07:38:45,933 [RatisApplyTransactionExecutor 1] INFO  interfaces.Container (KeyValueContainer.java:flushAndSyncDB(386)) - Container 1 is synced with bcsId 0.
2019-10-08 07:38:45,946 [RatisApplyTransactionExecutor 1] INFO  interfaces.Container (KeyValueContainer.java:close(335)) - Container 1 is closed with bcsId 0.
2019-10-08 07:38:45,946 [RatisApplyTransactionExecutor 1] INFO  interfaces.Container (KeyValueContainer.java:close(335)) - Container 1 is closed with bcsId 0.
2019-10-08 07:38:45,975 [EventQueue-IncrementalContainerReportForIncrementalContainerReportHandler] WARN  container.IncrementalContainerReportHandler (AbstractContainerReportHandler.java:updateContainerState(145)) - Container #1 is in OPEN state, but the datanode 85a03eef-da5c-4cf0-8830-b083dbd50109{ip: 192.168.30.43, host: pr-hdds-2260-pj9wp-4011291103, networkLocation: /default-rack, certSerialId: null} reports an CLOSED replica.
2019-10-08 07:38:45,976 [EventQueue-IncrementalContainerReportForIncrementalContainerReportHandler] WARN  container.IncrementalContainerReportHandler (AbstractContainerReportHandler.java:updateContainerState(145)) - Container #1 is in OPEN state, but the datanode 1a1ec4dc-c977-4a0f-9a45-1a415cfcc58c{ip: 192.168.30.43, host: pr-hdds-2260-pj9wp-4011291103, networkLocation: /default-rack, certSerialId: null} reports an CLOSED replica.
2019-10-08 07:38:48,318 [grpc-default-executor-2] WARN  server.GrpcLogAppender (LogUtils.java:warn(134)) - 1a1ec4dc-c977-4a0f-9a45-1a415cfcc58c@group-3EC0E788E661->f3f71062-fa4a-4694-ac66-7042590037ba-AppendLogResponseHandler: Failed appendEntries: org.apache.ratis.thirdparty.io.grpc.StatusRuntimeException: UNAVAILABLE: io exception
2019-10-08 07:38:48,319 [grpc-default-executor-2] INFO  impl.FollowerInfo (FollowerInfo.java:lambda$new$0(51)) - 1a1ec4dc-c977-4a0f-9a45-1a415cfcc58c@group-3EC0E788E661->f3f71062-fa4a-4694-ac66-7042590037ba: nextIndex: updateUnconditionally 1 -> 0
2019-10-08 07:38:48,979 [main] WARN  scm.XceiverClientRatis (XceiverClientRatis.java:watchForCommit(277)) - 3 way commit failed on pipeline Pipeline[ Id: 59d2d40b-339c-4f30-8119-3ec0e788e661, Nodes: f3f71062-fa4a-4694-ac66-7042590037ba{ip: 192.168.30.43, host: pr-hdds-2260-pj9wp-4011291103, networkLocation: /default-rack, certSerialId: null}85a03eef-da5c-4cf0-8830-b083dbd50109{ip: 192.168.30.43, host: pr-hdds-2260-pj9wp-4011291103, networkLocation: /default-rack, certSerialId: null}1a1ec4dc-c977-4a0f-9a45-1a415cfcc58c{ip: 192.168.30.43, host: pr-hdds-2260-pj9wp-4011291103, networkLocation: /default-rack, certSerialId: null}, Type:RATIS, Factor:THREE, State:OPEN]
java.util.concurrent.TimeoutException
	at java.util.concurrent.CompletableFuture.timedGet(CompletableFuture.java:1771)
	at java.util.concurrent.CompletableFuture.get(CompletableFuture.java:1915)
	at org.apache.hadoop.hdds.scm.XceiverClientRatis.watchForCommit(XceiverClientRatis.java:274)
	at org.apache.hadoop.ozone.client.rpc.TestWatchForCommit.test2WayCommitForTimeoutException(TestWatchForCommit.java:391)
	at sun.reflect.NativeMethodAccessorImpl.invoke0(Native Method)
	at sun.reflect.NativeMethodAccessorImpl.invoke(NativeMethodAccessorImpl.java:62)
	at sun.reflect.DelegatingMethodAccessorImpl.invoke(DelegatingMethodAccessorImpl.java:43)
	at java.lang.reflect.Method.invoke(Method.java:498)
	at org.junit.runners.model.FrameworkMethod$1.runReflectiveCall(FrameworkMethod.java:47)
	at org.junit.internal.runners.model.ReflectiveCallable.run(ReflectiveCallable.java:12)
	at org.junit.runners.model.FrameworkMethod.invokeExplosively(FrameworkMethod.java:44)
	at org.junit.internal.runners.statements.InvokeMethod.evaluate(InvokeMethod.java:17)
	at org.junit.runners.ParentRunner.runLeaf(ParentRunner.java:271)
	at org.junit.runners.BlockJUnit4ClassRunner.runChild(BlockJUnit4ClassRunner.java:70)
	at org.junit.runners.BlockJUnit4ClassRunner.runChild(BlockJUnit4ClassRunner.java:50)
	at org.junit.runners.ParentRunner$3.run(ParentRunner.java:238)
	at org.junit.runners.ParentRunner$1.schedule(ParentRunner.java:63)
	at org.junit.runners.ParentRunner.runChildren(ParentRunner.java:236)
	at org.junit.runners.ParentRunner.access$000(ParentRunner.java:53)
	at org.junit.runners.ParentRunner$2.evaluate(ParentRunner.java:229)
	at org.junit.runners.ParentRunner.run(ParentRunner.java:309)
	at org.apache.maven.surefire.junit4.JUnit4Provider.execute(JUnit4Provider.java:365)
	at org.apache.maven.surefire.junit4.JUnit4Provider.executeWithRerun(JUnit4Provider.java:273)
	at org.apache.maven.surefire.junit4.JUnit4Provider.executeTestSet(JUnit4Provider.java:238)
	at org.apache.maven.surefire.junit4.JUnit4Provider.invoke(JUnit4Provider.java:159)
	at org.apache.maven.surefire.booter.ForkedBooter.invokeProviderInSameClassLoader(ForkedBooter.java:384)
	at org.apache.maven.surefire.booter.ForkedBooter.runSuitesInProcess(ForkedBooter.java:345)
	at org.apache.maven.surefire.booter.ForkedBooter.execute(ForkedBooter.java:126)
	at org.apache.maven.surefire.booter.ForkedBooter.main(ForkedBooter.java:418)
2019-10-08 07:38:50,819 [grpc-default-executor-8] WARN  server.GrpcLogAppender (LogUtils.java:warn(134)) - 1a1ec4dc-c977-4a0f-9a45-1a415cfcc58c@group-3EC0E788E661->f3f71062-fa4a-4694-ac66-7042590037ba-AppendLogResponseHandler: Failed appendEntries: org.apache.ratis.thirdparty.io.grpc.StatusRuntimeException: UNAVAILABLE: io exception
2019-10-08 07:38:50,825 [grpc-default-executor-8] INFO  impl.FollowerInfo (FollowerInfo.java:lambda$new$0(51)) - 1a1ec4dc-c977-4a0f-9a45-1a415cfcc58c@group-3EC0E788E661->f3f71062-fa4a-4694-ac66-7042590037ba: nextIndex: updateUnconditionally 0 -> 0
]]></system-out>
  </testcase>
</testsuite>