<?xml version="1.0" encoding="UTF-8"?>
<testsuite xmlns:xsi="http://www.w3.org/2001/XMLSchema-instance" xsi:noNamespaceSchemaLocation="https://maven.apache.org/surefire/maven-surefire-plugin/xsd/surefire-test-report.xsd" name="org.apache.hadoop.ozone.client.rpc.TestWatchForCommit" time="231.823" tests="5" errors="1" skipped="0" failures="1">
  <properties>
    <property name="awt.toolkit" value="sun.awt.X11.XToolkit"/>
    <property name="file.encoding.pkg" value="sun.io"/>
    <property name="java.specification.version" value="1.8"/>
    <property name="sun.cpu.isalist" value=""/>
    <property name="sun.jnu.encoding" value="UTF-8"/>
    <property name="java.class.path" value="/workdir/hadoop-ozone/integration-test/target/test-classes:/workdir/hadoop-ozone/integration-test/target/classes:/home/user/.m2/repository/org/apache/hadoop/hadoop-ozone-common/0.5.0-SNAPSHOT/hadoop-ozone-common-0.5.0-SNAPSHOT.jar:/home/user/.m2/repository/org/apache/commons/commons-compress/1.4.1/commons-compress-1.4.1.jar:/home/user/.m2/repository/org/tukaani/xz/1.0/xz-1.0.jar:/home/user/.m2/repository/org/apache/hadoop/hadoop-common/3.2.0/hadoop-common-3.2.0.jar:/home/user/.m2/repository/org/apache/hadoop/hadoop-hdfs/3.2.0/hadoop-hdfs-3.2.0.jar:/home/user/.m2/repository/org/apache/hadoop/hadoop-hdfs-client/3.2.0/hadoop-hdfs-client-3.2.0.jar:/home/user/.m2/repository/com/fasterxml/jackson/core/jackson-annotations/2.9.9/jackson-annotations-2.9.9.jar:/home/user/.m2/repository/org/apache/hadoop/hadoop-hdds-common/0.5.0-SNAPSHOT/hadoop-hdds-common-0.5.0-SNAPSHOT.jar:/home/user/.m2/repository/javax/annotation/javax.annotation-api/1.2/javax.annotation-api-1.2.jar:/home/user/.m2/repository/org/apache/ratis/ratis-server/0.5.0-201fc85-SNAPSHOT/ratis-server-0.5.0-201fc85-SNAPSHOT.jar:/home/user/.m2/repository/org/apache/ratis/ratis-thirdparty-misc/0.2.0/ratis-thirdparty-misc-0.2.0.jar:/home/user/.m2/repository/org/apache/ratis/ratis-proto/0.5.0-201fc85-SNAPSHOT/ratis-proto-0.5.0-201fc85-SNAPSHOT.jar:/home/user/.m2/repository/org/apache/ratis/ratis-common/0.5.0-201fc85-SNAPSHOT/ratis-common-0.5.0-201fc85-SNAPSHOT.jar:/home/user/.m2/repository/org/apache/ratis/ratis-client/0.5.0-201fc85-SNAPSHOT/ratis-client-0.5.0-201fc85-SNAPSHOT.jar:/home/user/.m2/repository/org/apache/ratis/ratis-metrics/0.5.0-201fc85-SNAPSHOT/ratis-metrics-0.5.0-201fc85-SNAPSHOT.jar:/home/user/.m2/repository/com/github/joshelser/dropwizard-metrics-hadoop-metrics2-reporter/0.1.2/dropwizard-metrics-hadoop-metrics2-reporter-0.1.2.jar:/home/user/.m2/repository/io/dropwizard/metrics/metrics-jvm/3.2.5/metrics-jvm-3.2.5.jar:/home/user/.m2/repository/io/dropwizard/metrics/metrics-ganglia/3.2.5/metrics-ganglia-3.2.5.jar:/home/user/.m2/repository/info/ganglia/gmetric4j/gmetric4j/1.0.7/gmetric4j-1.0.7.jar:/home/user/.m2/repository/org/apache/ratis/ratis-netty/0.5.0-201fc85-SNAPSHOT/ratis-netty-0.5.0-201fc85-SNAPSHOT.jar:/home/user/.m2/repository/org/apache/ratis/ratis-grpc/0.5.0-201fc85-SNAPSHOT/ratis-grpc-0.5.0-201fc85-SNAPSHOT.jar:/home/user/.m2/repository/org/rocksdb/rocksdbjni/6.0.1/rocksdbjni-6.0.1.jar:/home/user/.m2/repository/org/apache/logging/log4j/log4j-api/2.11.0/log4j-api-2.11.0.jar:/home/user/.m2/repository/org/apache/logging/log4j/log4j-core/2.11.0/log4j-core-2.11.0.jar:/home/user/.m2/repository/com/lmax/disruptor/3.4.2/disruptor-3.4.2.jar:/home/user/.m2/repository/org/apache/commons/commons-pool2/2.6.0/commons-pool2-2.6.0.jar:/home/user/.m2/repository/org/bouncycastle/bcpkix-jdk15on/1.60/bcpkix-jdk15on-1.60.jar:/home/user/.m2/repository/commons-validator/commons-validator/1.6/commons-validator-1.6.jar:/home/user/.m2/repository/commons-digester/commons-digester/1.8.1/commons-digester-1.8.1.jar:/home/user/.m2/repository/io/jaegertracing/jaeger-client/0.34.0/jaeger-client-0.34.0.jar:/home/user/.m2/repository/io/jaegertracing/jaeger-thrift/0.34.0/jaeger-thrift-0.34.0.jar:/home/user/.m2/repository/org/apache/thrift/libthrift/0.12.0/libthrift-0.12.0.jar:/home/user/.m2/repository/com/squareup/okhttp3/okhttp/3.9.0/okhttp-3.9.0.jar:/home/user/.m2/repository/com/squareup/okio/okio/1.13.0/okio-1.13.0.jar:/home/user/.m2/repository/io/jaegertracing/jaeger-core/0.34.0/jaeger-core-0.34.0.jar:/home/user/.m2/repository/io/jaegertracing/jaeger-tracerresolver/0.34.0/jaeger-tracerresolver-0.34.0.jar:/home/user/.m2/repository/io/opentracing/contrib/opentracing-tracerresolver/0.1.5/opentracing-tracerresolver-0.1.5.jar:/home/user/.m2/repository/io/opentracing/opentracing-util/0.31.0/opentracing-util-0.31.0.jar:/home/user/.m2/repository/io/opentracing/opentracing-api/0.31.0/opentracing-api-0.31.0.jar:/home/user/.m2/repository/io/opentracing/opentracing-noop/0.31.0/opentracing-noop-0.31.0.jar:/home/user/.m2/repository/org/apache/hadoop/hadoop-hdds-server-framework/0.5.0-SNAPSHOT/hadoop-hdds-server-framework-0.5.0-SNAPSHOT.jar:/home/user/.m2/repository/org/apache/hadoop/hadoop-hdds-container-service/0.5.0-SNAPSHOT/hadoop-hdds-container-service-0.5.0-SNAPSHOT.jar:/home/user/.m2/repository/org/apache/hadoop/hadoop-hdds-client/0.5.0-SNAPSHOT/hadoop-hdds-client-0.5.0-SNAPSHOT.jar:/home/user/.m2/repository/org/apache/hadoop/hadoop-hdds-tools/0.5.0-SNAPSHOT/hadoop-hdds-tools-0.5.0-SNAPSHOT.jar:/home/user/.m2/repository/org/apache/hadoop/hadoop-hdds-server-scm/0.5.0-SNAPSHOT/hadoop-hdds-server-scm-0.5.0-SNAPSHOT.jar:/home/user/.m2/repository/org/apache/hadoop/hadoop-hdds-docs/0.5.0-SNAPSHOT/hadoop-hdds-docs-0.5.0-SNAPSHOT.jar:/home/user/.m2/repository/io/dropwizard/metrics/metrics-core/3.2.4/metrics-core-3.2.4.jar:/home/user/.m2/repository/org/hamcrest/hamcrest-all/1.3/hamcrest-all-1.3.jar:/home/user/.m2/repository/org/bouncycastle/bcprov-jdk15on/1.60/bcprov-jdk15on-1.60.jar:/home/user/.m2/repository/info/picocli/picocli/3.9.6/picocli-3.9.6.jar:/home/user/.m2/repository/com/google/protobuf/protobuf-java/2.5.0/protobuf-java-2.5.0.jar:/home/user/.m2/repository/com/google/guava/guava/11.0.2/guava-11.0.2.jar:/home/user/.m2/repository/org/apache/hadoop/hadoop-ozone-ozone-manager/0.5.0-SNAPSHOT/hadoop-ozone-ozone-manager-0.5.0-SNAPSHOT.jar:/home/user/.m2/repository/org/apache/hadoop/hadoop-minikdc/3.2.0/hadoop-minikdc-3.2.0.jar:/home/user/.m2/repository/commons-io/commons-io/2.5/commons-io-2.5.jar:/home/user/.m2/repository/org/apache/kerby/kerb-simplekdc/1.0.1/kerb-simplekdc-1.0.1.jar:/home/user/.m2/repository/org/apache/kerby/kerb-client/1.0.1/kerb-client-1.0.1.jar:/home/user/.m2/repository/org/apache/kerby/kerby-config/1.0.1/kerby-config-1.0.1.jar:/home/user/.m2/repository/org/apache/kerby/kerb-core/1.0.1/kerb-core-1.0.1.jar:/home/user/.m2/repository/org/apache/kerby/kerby-pkix/1.0.1/kerby-pkix-1.0.1.jar:/home/user/.m2/repository/org/apache/kerby/kerby-asn1/1.0.1/kerby-asn1-1.0.1.jar:/home/user/.m2/repository/org/apache/kerby/kerby-util/1.0.1/kerby-util-1.0.1.jar:/home/user/.m2/repository/org/apache/kerby/kerb-common/1.0.1/kerb-common-1.0.1.jar:/home/user/.m2/repository/org/apache/kerby/kerb-crypto/1.0.1/kerb-crypto-1.0.1.jar:/home/user/.m2/repository/org/apache/kerby/kerb-util/1.0.1/kerb-util-1.0.1.jar:/home/user/.m2/repository/org/apache/kerby/token-provider/1.0.1/token-provider-1.0.1.jar:/home/user/.m2/repository/org/apache/kerby/kerb-admin/1.0.1/kerb-admin-1.0.1.jar:/home/user/.m2/repository/org/apache/kerby/kerb-server/1.0.1/kerb-server-1.0.1.jar:/home/user/.m2/repository/org/apache/kerby/kerb-identity/1.0.1/kerb-identity-1.0.1.jar:/home/user/.m2/repository/org/apache/kerby/kerby-xdr/1.0.1/kerby-xdr-1.0.1.jar:/home/user/.m2/repository/org/slf4j/slf4j-log4j12/1.7.25/slf4j-log4j12-1.7.25.jar:/home/user/.m2/repository/org/apache/hadoop/hadoop-ozone-s3gateway/0.5.0-SNAPSHOT/hadoop-ozone-s3gateway-0.5.0-SNAPSHOT.jar:/home/user/.m2/repository/org/jboss/weld/servlet/weld-servlet/2.4.7.Final/weld-servlet-2.4.7.Final.jar:/home/user/.m2/repository/org/glassfish/jersey/containers/jersey-container-servlet-core/2.27/jersey-container-servlet-core-2.27.jar:/home/user/.m2/repository/org/glassfish/hk2/external/javax.inject/2.5.0-b42/javax.inject-2.5.0-b42.jar:/home/user/.m2/repository/org/glassfish/jersey/core/jersey-common/2.27/jersey-common-2.27.jar:/home/user/.m2/repository/org/glassfish/hk2/osgi-resource-locator/1.0.1/osgi-resource-locator-1.0.1.jar:/home/user/.m2/repository/javax/ws/rs/javax.ws.rs-api/2.1/javax.ws.rs-api-2.1.jar:/home/user/.m2/repository/org/glassfish/jersey/ext/cdi/jersey-cdi1x/2.27/jersey-cdi1x-2.27.jar:/home/user/.m2/repository/org/glassfish/jersey/inject/jersey-hk2/2.27/jersey-hk2-2.27.jar:/home/user/.m2/repository/org/glassfish/hk2/hk2-locator/2.5.0-b42/hk2-locator-2.5.0-b42.jar:/home/user/.m2/repository/org/javassist/javassist/3.22.0-CR2/javassist-3.22.0-CR2.jar:/home/user/.m2/repository/org/glassfish/hk2/hk2-api/2.5.0/hk2-api-2.5.0.jar:/home/user/.m2/repository/org/glassfish/hk2/external/jakarta.inject/2.5.0/jakarta.inject-2.5.0.jar:/home/user/.m2/repository/org/glassfish/hk2/hk2-utils/2.5.0/hk2-utils-2.5.0.jar:/home/user/.m2/repository/jakarta/annotation/jakarta.annotation-api/1.3.4/jakarta.annotation-api-1.3.4.jar:/home/user/.m2/repository/org/glassfish/hk2/external/aopalliance-repackaged/2.5.0/aopalliance-repackaged-2.5.0.jar:/home/user/.m2/repository/com/fasterxml/jackson/dataformat/jackson-dataformat-xml/2.9.0/jackson-dataformat-xml-2.9.0.jar:/home/user/.m2/repository/com/fasterxml/jackson/core/jackson-core/2.9.9/jackson-core-2.9.9.jar:/home/user/.m2/repository/com/fasterxml/jackson/module/jackson-module-jaxb-annotations/2.9.9/jackson-module-jaxb-annotations-2.9.9.jar:/home/user/.m2/repository/javax/enterprise/cdi-api/1.2/cdi-api-1.2.jar:/home/user/.m2/repository/javax/el/javax.el-api/3.0.0/javax.el-api-3.0.0.jar:/home/user/.m2/repository/javax/interceptor/javax.interceptor-api/1.2/javax.interceptor-api-1.2.jar:/home/user/.m2/repository/javax/inject/javax.inject/1/javax.inject-1.jar:/home/user/.m2/repository/com/sun/xml/bind/jaxb-impl/2.3.0.1/jaxb-impl-2.3.0.1.jar:/home/user/.m2/repository/com/sun/xml/bind/jaxb-core/2.3.0.1/jaxb-core-2.3.0.1.jar:/home/user/.m2/repository/javax/xml/bind/jaxb-api/2.3.0/jaxb-api-2.3.0.jar:/home/user/.m2/repository/javax/activation/activation/1.1.1/activation-1.1.1.jar:/home/user/.m2/repository/org/apache/hadoop/hadoop-ozone-csi/0.5.0-SNAPSHOT/hadoop-ozone-csi-0.5.0-SNAPSHOT.jar:/home/user/.m2/repository/com/google/protobuf/protobuf-java-util/3.5.1/protobuf-java-util-3.5.1.jar:/home/user/.m2/repository/org/apache/hadoop/hadoop-hdds-config/0.5.0-SNAPSHOT/hadoop-hdds-config-0.5.0-SNAPSHOT.jar:/home/user/.m2/repository/io/grpc/grpc-netty/1.17.1/grpc-netty-1.17.1.jar:/home/user/.m2/repository/io/grpc/grpc-core/1.17.1/grpc-core-1.17.1.jar:/home/user/.m2/repository/io/grpc/grpc-context/1.17.1/grpc-context-1.17.1.jar:/home/user/.m2/repository/com/google/errorprone/error_prone_annotations/2.2.0/error_prone_annotations-2.2.0.jar:/home/user/.m2/repository/org/codehaus/mojo/animal-sniffer-annotations/1.17/animal-sniffer-annotations-1.17.jar:/home/user/.m2/repository/io/opencensus/opencensus-api/0.17.0/opencensus-api-0.17.0.jar:/home/user/.m2/repository/io/opencensus/opencensus-contrib-grpc-metrics/0.17.0/opencensus-contrib-grpc-metrics-0.17.0.jar:/home/user/.m2/repository/io/netty/netty-codec-http2/4.1.30.Final/netty-codec-http2-4.1.30.Final.jar:/home/user/.m2/repository/io/netty/netty-codec-http/4.1.30.Final/netty-codec-http-4.1.30.Final.jar:/home/user/.m2/repository/io/netty/netty-codec/4.1.30.Final/netty-codec-4.1.30.Final.jar:/home/user/.m2/repository/io/netty/netty-handler/4.1.30.Final/netty-handler-4.1.30.Final.jar:/home/user/.m2/repository/io/netty/netty-handler-proxy/4.1.30.Final/netty-handler-proxy-4.1.30.Final.jar:/home/user/.m2/repository/io/netty/netty-codec-socks/4.1.30.Final/netty-codec-socks-4.1.30.Final.jar:/home/user/.m2/repository/io/netty/netty-transport-native-epoll/4.1.30.Final/netty-transport-native-epoll-4.1.30.Final.jar:/home/user/.m2/repository/io/netty/netty-common/4.1.30.Final/netty-common-4.1.30.Final.jar:/home/user/.m2/repository/io/netty/netty-buffer/4.1.30.Final/netty-buffer-4.1.30.Final.jar:/home/user/.m2/repository/io/netty/netty-transport/4.1.30.Final/netty-transport-4.1.30.Final.jar:/home/user/.m2/repository/io/netty/netty-resolver/4.1.30.Final/netty-resolver-4.1.30.Final.jar:/home/user/.m2/repository/io/netty/netty-transport-native-unix-common/4.1.30.Final/netty-transport-native-unix-common-4.1.30.Final.jar:/home/user/.m2/repository/io/grpc/grpc-protobuf/1.17.1/grpc-protobuf-1.17.1.jar:/home/user/.m2/repository/com/google/api/grpc/proto-google-common-protos/1.0.0/proto-google-common-protos-1.0.0.jar:/home/user/.m2/repository/io/grpc/grpc-protobuf-lite/1.17.1/grpc-protobuf-lite-1.17.1.jar:/home/user/.m2/repository/io/grpc/grpc-stub/1.17.1/grpc-stub-1.17.1.jar:/home/user/.m2/repository/org/apache/hadoop/hadoop-ozone-recon/0.5.0-SNAPSHOT/hadoop-ozone-recon-0.5.0-SNAPSHOT.jar:/home/user/.m2/repository/org/apache/hadoop/hadoop-ozone-reconcodegen/0.5.0-SNAPSHOT/hadoop-ozone-reconcodegen-0.5.0-SNAPSHOT.jar:/home/user/.m2/repository/com/google/inject/extensions/guice-multibindings/4.0/guice-multibindings-4.0.jar:/home/user/.m2/repository/com/google/inject/guice/4.0/guice-4.0.jar:/home/user/.m2/repository/aopalliance/aopalliance/1.0/aopalliance-1.0.jar:/home/user/.m2/repository/com/google/inject/extensions/guice-servlet/4.0/guice-servlet-4.0.jar:/home/user/.m2/repository/org/glassfish/jersey/containers/jersey-container-servlet/2.27/jersey-container-servlet-2.27.jar:/home/user/.m2/repository/org/glassfish/hk2/guice-bridge/2.5.0/guice-bridge-2.5.0.jar:/home/user/.m2/repository/org/glassfish/jersey/core/jersey-server/2.27/jersey-server-2.27.jar:/home/user/.m2/repository/org/glassfish/jersey/core/jersey-client/2.27/jersey-client-2.27.jar:/home/user/.m2/repository/org/glassfish/jersey/media/jersey-media-jaxb/2.27/jersey-media-jaxb-2.27.jar:/home/user/.m2/repository/javax/validation/validation-api/1.1.0.Final/validation-api-1.1.0.Final.jar:/home/user/.m2/repository/org/glassfish/jersey/media/jersey-media-json-jackson/2.27/jersey-media-json-jackson-2.27.jar:/home/user/.m2/repository/org/glassfish/jersey/ext/jersey-entity-filtering/2.27/jersey-entity-filtering-2.27.jar:/home/user/.m2/repository/com/google/inject/extensions/guice-assistedinject/4.0/guice-assistedinject-4.0.jar:/home/user/.m2/repository/org/jooq/jooq/3.11.10/jooq-3.11.10.jar:/home/user/.m2/repository/org/jooq/jooq-meta/3.11.10/jooq-meta-3.11.10.jar:/home/user/.m2/repository/org/jooq/jooq-codegen/3.11.10/jooq-codegen-3.11.10.jar:/home/user/.m2/repository/com/jolbox/bonecp/0.8.0.RELEASE/bonecp-0.8.0.RELEASE.jar:/home/user/.m2/repository/org/xerial/sqlite-jdbc/3.25.2/sqlite-jdbc-3.25.2.jar:/home/user/.m2/repository/org/springframework/spring-jdbc/5.1.3.RELEASE/spring-jdbc-5.1.3.RELEASE.jar:/home/user/.m2/repository/org/springframework/spring-beans/5.1.3.RELEASE/spring-beans-5.1.3.RELEASE.jar:/home/user/.m2/repository/org/springframework/spring-core/5.1.3.RELEASE/spring-core-5.1.3.RELEASE.jar:/home/user/.m2/repository/org/springframework/spring-jcl/5.1.3.RELEASE/spring-jcl-5.1.3.RELEASE.jar:/home/user/.m2/repository/org/springframework/spring-tx/5.1.3.RELEASE/spring-tx-5.1.3.RELEASE.jar:/home/user/.m2/repository/org/apache/hadoop/hadoop-ozone-client/0.5.0-SNAPSHOT/hadoop-ozone-client-0.5.0-SNAPSHOT.jar:/home/user/.m2/repository/commons-lang/commons-lang/2.6/commons-lang-2.6.jar:/home/user/.m2/repository/org/apache/hadoop/hadoop-ozone-ozone-manager/0.5.0-SNAPSHOT/hadoop-ozone-ozone-manager-0.5.0-SNAPSHOT-tests.jar:/home/user/.m2/repository/junit/junit/4.11/junit-4.11.jar:/home/user/.m2/repository/org/hamcrest/hamcrest-core/1.3/hamcrest-core-1.3.jar:/home/user/.m2/repository/org/openjdk/jmh/jmh-core/1.19/jmh-core-1.19.jar:/home/user/.m2/repository/net/sf/jopt-simple/jopt-simple/4.6/jopt-simple-4.6.jar:/home/user/.m2/repository/org/apache/commons/commons-math3/3.1.1/commons-math3-3.1.1.jar:/home/user/.m2/repository/org/openjdk/jmh/jmh-generator-annprocess/1.19/jmh-generator-annprocess-1.19.jar:/home/user/.m2/repository/org/mockito/mockito-all/1.8.5/mockito-all-1.8.5.jar:/home/user/.m2/repository/org/apache/hadoop/hadoop-kms/3.2.0/hadoop-kms-3.2.0.jar:/home/user/.m2/repository/org/apache/hadoop/hadoop-auth/3.2.0/hadoop-auth-3.2.0.jar:/home/user/.m2/repository/com/nimbusds/nimbus-jose-jwt/4.41.1/nimbus-jose-jwt-4.41.1.jar:/home/user/.m2/repository/com/github/stephenc/jcip/jcip-annotations/1.0-1/jcip-annotations-1.0-1.jar:/home/user/.m2/repository/net/minidev/json-smart/2.3/json-smart-2.3.jar:/home/user/.m2/repository/net/minidev/accessors-smart/1.2/accessors-smart-1.2.jar:/home/user/.m2/repository/org/ow2/asm/asm/5.0.4/asm-5.0.4.jar:/home/user/.m2/repository/org/apache/curator/curator-framework/2.12.0/curator-framework-2.12.0.jar:/home/user/.m2/repository/com/sun/jersey/jersey-core/1.19/jersey-core-1.19.jar:/home/user/.m2/repository/javax/ws/rs/jsr311-api/1.1.1/jsr311-api-1.1.1.jar:/home/user/.m2/repository/com/sun/jersey/jersey-server/1.19/jersey-server-1.19.jar:/home/user/.m2/repository/javax/servlet/javax.servlet-api/3.1.0/javax.servlet-api-3.1.0.jar:/home/user/.m2/repository/org/eclipse/jetty/jetty-server/9.3.25.v20180904/jetty-server-9.3.25.v20180904.jar:/home/user/.m2/repository/org/eclipse/jetty/jetty-http/9.3.25.v20180904/jetty-http-9.3.25.v20180904.jar:/home/user/.m2/repository/org/eclipse/jetty/jetty-io/9.3.25.v20180904/jetty-io-9.3.25.v20180904.jar:/home/user/.m2/repository/org/eclipse/jetty/jetty-webapp/9.3.25.v20180904/jetty-webapp-9.3.25.v20180904.jar:/home/user/.m2/repository/org/eclipse/jetty/jetty-xml/9.3.25.v20180904/jetty-xml-9.3.25.v20180904.jar:/home/user/.m2/repository/log4j/log4j/1.2.17/log4j-1.2.17.jar:/home/user/.m2/repository/org/slf4j/slf4j-api/1.7.25/slf4j-api-1.7.25.jar:/home/user/.m2/repository/org/slf4j/jul-to-slf4j/1.7.25/jul-to-slf4j-1.7.25.jar:/home/user/.m2/repository/org/eclipse/jetty/jetty-util/9.3.25.v20180904/jetty-util-9.3.25.v20180904.jar:/home/user/.m2/repository/com/fasterxml/jackson/core/jackson-databind/2.9.9/jackson-databind-2.9.9.jar:/home/user/.m2/repository/org/apache/hadoop/hadoop-kms/3.2.0/hadoop-kms-3.2.0-tests.jar:/home/user/.m2/repository/org/apache/hadoop/hadoop-hdds-server-scm/0.5.0-SNAPSHOT/hadoop-hdds-server-scm-0.5.0-SNAPSHOT-tests.jar:/home/user/.m2/repository/org/apache/hadoop/hadoop-hdds-container-service/0.5.0-SNAPSHOT/hadoop-hdds-container-service-0.5.0-SNAPSHOT-tests.jar:/home/user/.m2/repository/org/yaml/snakeyaml/1.16/snakeyaml-1.16.jar:/home/user/.m2/repository/org/apache/hadoop/hadoop-common/3.2.0/hadoop-common-3.2.0-tests.jar:/home/user/.m2/repository/org/apache/hadoop/hadoop-annotations/3.2.0/hadoop-annotations-3.2.0.jar:/usr/lib/jvm/java-1.8-openjdk/jre/../lib/tools.jar:/home/user/.m2/repository/commons-cli/commons-cli/1.2/commons-cli-1.2.jar:/home/user/.m2/repository/org/apache/httpcomponents/httpclient/4.5.2/httpclient-4.5.2.jar:/home/user/.m2/repository/org/apache/httpcomponents/httpcore/4.4.4/httpcore-4.4.4.jar:/home/user/.m2/repository/commons-codec/commons-codec/1.11/commons-codec-1.11.jar:/home/user/.m2/repository/commons-net/commons-net/3.6/commons-net-3.6.jar:/home/user/.m2/repository/commons-collections/commons-collections/3.2.2/commons-collections-3.2.2.jar:/home/user/.m2/repository/org/eclipse/jetty/jetty-servlet/9.3.25.v20180904/jetty-servlet-9.3.25.v20180904.jar:/home/user/.m2/repository/org/eclipse/jetty/jetty-security/9.3.25.v20180904/jetty-security-9.3.25.v20180904.jar:/home/user/.m2/repository/javax/servlet/jsp/jsp-api/2.1/jsp-api-2.1.jar:/home/user/.m2/repository/com/sun/jersey/jersey-servlet/1.19/jersey-servlet-1.19.jar:/home/user/.m2/repository/com/sun/jersey/jersey-json/1.19/jersey-json-1.19.jar:/home/user/.m2/repository/org/codehaus/jettison/jettison/1.1/jettison-1.1.jar:/home/user/.m2/repository/org/codehaus/jackson/jackson-core-asl/1.9.13/jackson-core-asl-1.9.13.jar:/home/user/.m2/repository/org/codehaus/jackson/jackson-mapper-asl/1.9.13/jackson-mapper-asl-1.9.13.jar:/home/user/.m2/repository/org/codehaus/jackson/jackson-jaxrs/1.9.13/jackson-jaxrs-1.9.13.jar:/home/user/.m2/repository/org/codehaus/jackson/jackson-xc/1.9.13/jackson-xc-1.9.13.jar:/home/user/.m2/repository/commons-logging/commons-logging/1.1.3/commons-logging-1.1.3.jar:/home/user/.m2/repository/commons-beanutils/commons-beanutils/1.9.4/commons-beanutils-1.9.4.jar:/home/user/.m2/repository/org/apache/commons/commons-configuration2/2.1.1/commons-configuration2-2.1.1.jar:/home/user/.m2/repository/org/apache/commons/commons-lang3/3.7/commons-lang3-3.7.jar:/home/user/.m2/repository/org/apache/commons/commons-text/1.4/commons-text-1.4.jar:/home/user/.m2/repository/org/apache/avro/avro/1.7.7/avro-1.7.7.jar:/home/user/.m2/repository/com/thoughtworks/paranamer/paranamer/2.3/paranamer-2.3.jar:/home/user/.m2/repository/org/xerial/snappy/snappy-java/1.0.5/snappy-java-1.0.5.jar:/home/user/.m2/repository/com/google/re2j/re2j/1.1/re2j-1.1.jar:/home/user/.m2/repository/com/google/code/gson/gson/2.2.4/gson-2.2.4.jar:/home/user/.m2/repository/com/jcraft/jsch/0.1.54/jsch-0.1.54.jar:/home/user/.m2/repository/org/apache/curator/curator-client/2.12.0/curator-client-2.12.0.jar:/home/user/.m2/repository/org/apache/curator/curator-recipes/2.12.0/curator-recipes-2.12.0.jar:/home/user/.m2/repository/com/google/code/findbugs/jsr305/3.0.0/jsr305-3.0.0.jar:/home/user/.m2/repository/org/apache/htrace/htrace-core4/4.1.0-incubating/htrace-core4-4.1.0-incubating.jar:/home/user/.m2/repository/org/apache/zookeeper/zookeeper/3.4.13/zookeeper-3.4.13.jar:/home/user/.m2/repository/jline/jline/0.9.94/jline-0.9.94.jar:/home/user/.m2/repository/org/apache/yetus/audience-annotations/0.5.0/audience-annotations-0.5.0.jar:/home/user/.m2/repository/org/codehaus/woodstox/stax2-api/3.1.4/stax2-api-3.1.4.jar:/home/user/.m2/repository/com/fasterxml/woodstox/woodstox-core/5.0.3/woodstox-core-5.0.3.jar:/home/user/.m2/repository/dnsjava/dnsjava/2.1.7/dnsjava-2.1.7.jar:/home/user/.m2/repository/org/apache/hadoop/hadoop-hdfs/3.2.0/hadoop-hdfs-3.2.0-tests.jar:/home/user/.m2/repository/org/eclipse/jetty/jetty-util-ajax/9.3.25.v20180904/jetty-util-ajax-9.3.25.v20180904.jar:/home/user/.m2/repository/commons-daemon/commons-daemon/1.0.13/commons-daemon-1.0.13.jar:/home/user/.m2/repository/io/netty/netty/3.10.5.Final/netty-3.10.5.Final.jar:/home/user/.m2/repository/io/netty/netty-all/4.0.52.Final/netty-all-4.0.52.Final.jar:/home/user/.m2/repository/org/fusesource/leveldbjni/leveldbjni-all/1.8/leveldbjni-all-1.8.jar:"/>
    <property name="java.vm.vendor" value="IcedTea"/>
    <property name="sun.arch.data.model" value="64"/>
    <property name="test.build.dir" value="/workdir/hadoop-ozone/integration-test/target/test-dir"/>
    <property name="test.cache.data" value=""/>
    <property name="java.vendor.url" value="https://icedtea.classpath.org"/>
    <property name="user.timezone" value=""/>
    <property name="java.vm.specification.version" value="1.8"/>
    <property name="os.name" value="Linux"/>
    <property name="test.build.data" value="/workdir/hadoop-ozone/integration-test/target/test-dir"/>
    <property name="user.country" value="US"/>
    <property name="sun.java.launcher" value="SUN_STANDARD"/>
    <property name="sun.boot.library.path" value="/usr/lib/jvm/java-1.8-openjdk/jre/lib/amd64"/>
    <property name="sun.java.command" value="/workdir/hadoop-ozone/integration-test/target/surefire/surefirebooter4247422947099178987.jar /workdir/hadoop-ozone/integration-test/target/surefire 2019-10-15T10-20-46_957-jvmRun1 surefire3158238251967520424tmp surefire_556068777068715627343tmp"/>
    <property name="test" value="!TestMiniChaosOzoneCluster"/>
    <property name="surefire.test.class.path" value="/workdir/hadoop-ozone/integration-test/target/test-classes:/workdir/hadoop-ozone/integration-test/target/classes:/home/user/.m2/repository/org/apache/hadoop/hadoop-ozone-common/0.5.0-SNAPSHOT/hadoop-ozone-common-0.5.0-SNAPSHOT.jar:/home/user/.m2/repository/org/apache/commons/commons-compress/1.4.1/commons-compress-1.4.1.jar:/home/user/.m2/repository/org/tukaani/xz/1.0/xz-1.0.jar:/home/user/.m2/repository/org/apache/hadoop/hadoop-common/3.2.0/hadoop-common-3.2.0.jar:/home/user/.m2/repository/org/apache/hadoop/hadoop-hdfs/3.2.0/hadoop-hdfs-3.2.0.jar:/home/user/.m2/repository/org/apache/hadoop/hadoop-hdfs-client/3.2.0/hadoop-hdfs-client-3.2.0.jar:/home/user/.m2/repository/com/fasterxml/jackson/core/jackson-annotations/2.9.9/jackson-annotations-2.9.9.jar:/home/user/.m2/repository/org/apache/hadoop/hadoop-hdds-common/0.5.0-SNAPSHOT/hadoop-hdds-common-0.5.0-SNAPSHOT.jar:/home/user/.m2/repository/javax/annotation/javax.annotation-api/1.2/javax.annotation-api-1.2.jar:/home/user/.m2/repository/org/apache/ratis/ratis-server/0.5.0-201fc85-SNAPSHOT/ratis-server-0.5.0-201fc85-SNAPSHOT.jar:/home/user/.m2/repository/org/apache/ratis/ratis-thirdparty-misc/0.2.0/ratis-thirdparty-misc-0.2.0.jar:/home/user/.m2/repository/org/apache/ratis/ratis-proto/0.5.0-201fc85-SNAPSHOT/ratis-proto-0.5.0-201fc85-SNAPSHOT.jar:/home/user/.m2/repository/org/apache/ratis/ratis-common/0.5.0-201fc85-SNAPSHOT/ratis-common-0.5.0-201fc85-SNAPSHOT.jar:/home/user/.m2/repository/org/apache/ratis/ratis-client/0.5.0-201fc85-SNAPSHOT/ratis-client-0.5.0-201fc85-SNAPSHOT.jar:/home/user/.m2/repository/org/apache/ratis/ratis-metrics/0.5.0-201fc85-SNAPSHOT/ratis-metrics-0.5.0-201fc85-SNAPSHOT.jar:/home/user/.m2/repository/com/github/joshelser/dropwizard-metrics-hadoop-metrics2-reporter/0.1.2/dropwizard-metrics-hadoop-metrics2-reporter-0.1.2.jar:/home/user/.m2/repository/io/dropwizard/metrics/metrics-jvm/3.2.5/metrics-jvm-3.2.5.jar:/home/user/.m2/repository/io/dropwizard/metrics/metrics-ganglia/3.2.5/metrics-ganglia-3.2.5.jar:/home/user/.m2/repository/info/ganglia/gmetric4j/gmetric4j/1.0.7/gmetric4j-1.0.7.jar:/home/user/.m2/repository/org/apache/ratis/ratis-netty/0.5.0-201fc85-SNAPSHOT/ratis-netty-0.5.0-201fc85-SNAPSHOT.jar:/home/user/.m2/repository/org/apache/ratis/ratis-grpc/0.5.0-201fc85-SNAPSHOT/ratis-grpc-0.5.0-201fc85-SNAPSHOT.jar:/home/user/.m2/repository/org/rocksdb/rocksdbjni/6.0.1/rocksdbjni-6.0.1.jar:/home/user/.m2/repository/org/apache/logging/log4j/log4j-api/2.11.0/log4j-api-2.11.0.jar:/home/user/.m2/repository/org/apache/logging/log4j/log4j-core/2.11.0/log4j-core-2.11.0.jar:/home/user/.m2/repository/com/lmax/disruptor/3.4.2/disruptor-3.4.2.jar:/home/user/.m2/repository/org/apache/commons/commons-pool2/2.6.0/commons-pool2-2.6.0.jar:/home/user/.m2/repository/org/bouncycastle/bcpkix-jdk15on/1.60/bcpkix-jdk15on-1.60.jar:/home/user/.m2/repository/commons-validator/commons-validator/1.6/commons-validator-1.6.jar:/home/user/.m2/repository/commons-digester/commons-digester/1.8.1/commons-digester-1.8.1.jar:/home/user/.m2/repository/io/jaegertracing/jaeger-client/0.34.0/jaeger-client-0.34.0.jar:/home/user/.m2/repository/io/jaegertracing/jaeger-thrift/0.34.0/jaeger-thrift-0.34.0.jar:/home/user/.m2/repository/org/apache/thrift/libthrift/0.12.0/libthrift-0.12.0.jar:/home/user/.m2/repository/com/squareup/okhttp3/okhttp/3.9.0/okhttp-3.9.0.jar:/home/user/.m2/repository/com/squareup/okio/okio/1.13.0/okio-1.13.0.jar:/home/user/.m2/repository/io/jaegertracing/jaeger-core/0.34.0/jaeger-core-0.34.0.jar:/home/user/.m2/repository/io/jaegertracing/jaeger-tracerresolver/0.34.0/jaeger-tracerresolver-0.34.0.jar:/home/user/.m2/repository/io/opentracing/contrib/opentracing-tracerresolver/0.1.5/opentracing-tracerresolver-0.1.5.jar:/home/user/.m2/repository/io/opentracing/opentracing-util/0.31.0/opentracing-util-0.31.0.jar:/home/user/.m2/repository/io/opentracing/opentracing-api/0.31.0/opentracing-api-0.31.0.jar:/home/user/.m2/repository/io/opentracing/opentracing-noop/0.31.0/opentracing-noop-0.31.0.jar:/home/user/.m2/repository/org/apache/hadoop/hadoop-hdds-server-framework/0.5.0-SNAPSHOT/hadoop-hdds-server-framework-0.5.0-SNAPSHOT.jar:/home/user/.m2/repository/org/apache/hadoop/hadoop-hdds-container-service/0.5.0-SNAPSHOT/hadoop-hdds-container-service-0.5.0-SNAPSHOT.jar:/home/user/.m2/repository/org/apache/hadoop/hadoop-hdds-client/0.5.0-SNAPSHOT/hadoop-hdds-client-0.5.0-SNAPSHOT.jar:/home/user/.m2/repository/org/apache/hadoop/hadoop-hdds-tools/0.5.0-SNAPSHOT/hadoop-hdds-tools-0.5.0-SNAPSHOT.jar:/home/user/.m2/repository/org/apache/hadoop/hadoop-hdds-server-scm/0.5.0-SNAPSHOT/hadoop-hdds-server-scm-0.5.0-SNAPSHOT.jar:/home/user/.m2/repository/org/apache/hadoop/hadoop-hdds-docs/0.5.0-SNAPSHOT/hadoop-hdds-docs-0.5.0-SNAPSHOT.jar:/home/user/.m2/repository/io/dropwizard/metrics/metrics-core/3.2.4/metrics-core-3.2.4.jar:/home/user/.m2/repository/org/hamcrest/hamcrest-all/1.3/hamcrest-all-1.3.jar:/home/user/.m2/repository/org/bouncycastle/bcprov-jdk15on/1.60/bcprov-jdk15on-1.60.jar:/home/user/.m2/repository/info/picocli/picocli/3.9.6/picocli-3.9.6.jar:/home/user/.m2/repository/com/google/protobuf/protobuf-java/2.5.0/protobuf-java-2.5.0.jar:/home/user/.m2/repository/com/google/guava/guava/11.0.2/guava-11.0.2.jar:/home/user/.m2/repository/org/apache/hadoop/hadoop-ozone-ozone-manager/0.5.0-SNAPSHOT/hadoop-ozone-ozone-manager-0.5.0-SNAPSHOT.jar:/home/user/.m2/repository/org/apache/hadoop/hadoop-minikdc/3.2.0/hadoop-minikdc-3.2.0.jar:/home/user/.m2/repository/commons-io/commons-io/2.5/commons-io-2.5.jar:/home/user/.m2/repository/org/apache/kerby/kerb-simplekdc/1.0.1/kerb-simplekdc-1.0.1.jar:/home/user/.m2/repository/org/apache/kerby/kerb-client/1.0.1/kerb-client-1.0.1.jar:/home/user/.m2/repository/org/apache/kerby/kerby-config/1.0.1/kerby-config-1.0.1.jar:/home/user/.m2/repository/org/apache/kerby/kerb-core/1.0.1/kerb-core-1.0.1.jar:/home/user/.m2/repository/org/apache/kerby/kerby-pkix/1.0.1/kerby-pkix-1.0.1.jar:/home/user/.m2/repository/org/apache/kerby/kerby-asn1/1.0.1/kerby-asn1-1.0.1.jar:/home/user/.m2/repository/org/apache/kerby/kerby-util/1.0.1/kerby-util-1.0.1.jar:/home/user/.m2/repository/org/apache/kerby/kerb-common/1.0.1/kerb-common-1.0.1.jar:/home/user/.m2/repository/org/apache/kerby/kerb-crypto/1.0.1/kerb-crypto-1.0.1.jar:/home/user/.m2/repository/org/apache/kerby/kerb-util/1.0.1/kerb-util-1.0.1.jar:/home/user/.m2/repository/org/apache/kerby/token-provider/1.0.1/token-provider-1.0.1.jar:/home/user/.m2/repository/org/apache/kerby/kerb-admin/1.0.1/kerb-admin-1.0.1.jar:/home/user/.m2/repository/org/apache/kerby/kerb-server/1.0.1/kerb-server-1.0.1.jar:/home/user/.m2/repository/org/apache/kerby/kerb-identity/1.0.1/kerb-identity-1.0.1.jar:/home/user/.m2/repository/org/apache/kerby/kerby-xdr/1.0.1/kerby-xdr-1.0.1.jar:/home/user/.m2/repository/org/slf4j/slf4j-log4j12/1.7.25/slf4j-log4j12-1.7.25.jar:/home/user/.m2/repository/org/apache/hadoop/hadoop-ozone-s3gateway/0.5.0-SNAPSHOT/hadoop-ozone-s3gateway-0.5.0-SNAPSHOT.jar:/home/user/.m2/repository/org/jboss/weld/servlet/weld-servlet/2.4.7.Final/weld-servlet-2.4.7.Final.jar:/home/user/.m2/repository/org/glassfish/jersey/containers/jersey-container-servlet-core/2.27/jersey-container-servlet-core-2.27.jar:/home/user/.m2/repository/org/glassfish/hk2/external/javax.inject/2.5.0-b42/javax.inject-2.5.0-b42.jar:/home/user/.m2/repository/org/glassfish/jersey/core/jersey-common/2.27/jersey-common-2.27.jar:/home/user/.m2/repository/org/glassfish/hk2/osgi-resource-locator/1.0.1/osgi-resource-locator-1.0.1.jar:/home/user/.m2/repository/javax/ws/rs/javax.ws.rs-api/2.1/javax.ws.rs-api-2.1.jar:/home/user/.m2/repository/org/glassfish/jersey/ext/cdi/jersey-cdi1x/2.27/jersey-cdi1x-2.27.jar:/home/user/.m2/repository/org/glassfish/jersey/inject/jersey-hk2/2.27/jersey-hk2-2.27.jar:/home/user/.m2/repository/org/glassfish/hk2/hk2-locator/2.5.0-b42/hk2-locator-2.5.0-b42.jar:/home/user/.m2/repository/org/javassist/javassist/3.22.0-CR2/javassist-3.22.0-CR2.jar:/home/user/.m2/repository/org/glassfish/hk2/hk2-api/2.5.0/hk2-api-2.5.0.jar:/home/user/.m2/repository/org/glassfish/hk2/external/jakarta.inject/2.5.0/jakarta.inject-2.5.0.jar:/home/user/.m2/repository/org/glassfish/hk2/hk2-utils/2.5.0/hk2-utils-2.5.0.jar:/home/user/.m2/repository/jakarta/annotation/jakarta.annotation-api/1.3.4/jakarta.annotation-api-1.3.4.jar:/home/user/.m2/repository/org/glassfish/hk2/external/aopalliance-repackaged/2.5.0/aopalliance-repackaged-2.5.0.jar:/home/user/.m2/repository/com/fasterxml/jackson/dataformat/jackson-dataformat-xml/2.9.0/jackson-dataformat-xml-2.9.0.jar:/home/user/.m2/repository/com/fasterxml/jackson/core/jackson-core/2.9.9/jackson-core-2.9.9.jar:/home/user/.m2/repository/com/fasterxml/jackson/module/jackson-module-jaxb-annotations/2.9.9/jackson-module-jaxb-annotations-2.9.9.jar:/home/user/.m2/repository/javax/enterprise/cdi-api/1.2/cdi-api-1.2.jar:/home/user/.m2/repository/javax/el/javax.el-api/3.0.0/javax.el-api-3.0.0.jar:/home/user/.m2/repository/javax/interceptor/javax.interceptor-api/1.2/javax.interceptor-api-1.2.jar:/home/user/.m2/repository/javax/inject/javax.inject/1/javax.inject-1.jar:/home/user/.m2/repository/com/sun/xml/bind/jaxb-impl/2.3.0.1/jaxb-impl-2.3.0.1.jar:/home/user/.m2/repository/com/sun/xml/bind/jaxb-core/2.3.0.1/jaxb-core-2.3.0.1.jar:/home/user/.m2/repository/javax/xml/bind/jaxb-api/2.3.0/jaxb-api-2.3.0.jar:/home/user/.m2/repository/javax/activation/activation/1.1.1/activation-1.1.1.jar:/home/user/.m2/repository/org/apache/hadoop/hadoop-ozone-csi/0.5.0-SNAPSHOT/hadoop-ozone-csi-0.5.0-SNAPSHOT.jar:/home/user/.m2/repository/com/google/protobuf/protobuf-java-util/3.5.1/protobuf-java-util-3.5.1.jar:/home/user/.m2/repository/org/apache/hadoop/hadoop-hdds-config/0.5.0-SNAPSHOT/hadoop-hdds-config-0.5.0-SNAPSHOT.jar:/home/user/.m2/repository/io/grpc/grpc-netty/1.17.1/grpc-netty-1.17.1.jar:/home/user/.m2/repository/io/grpc/grpc-core/1.17.1/grpc-core-1.17.1.jar:/home/user/.m2/repository/io/grpc/grpc-context/1.17.1/grpc-context-1.17.1.jar:/home/user/.m2/repository/com/google/errorprone/error_prone_annotations/2.2.0/error_prone_annotations-2.2.0.jar:/home/user/.m2/repository/org/codehaus/mojo/animal-sniffer-annotations/1.17/animal-sniffer-annotations-1.17.jar:/home/user/.m2/repository/io/opencensus/opencensus-api/0.17.0/opencensus-api-0.17.0.jar:/home/user/.m2/repository/io/opencensus/opencensus-contrib-grpc-metrics/0.17.0/opencensus-contrib-grpc-metrics-0.17.0.jar:/home/user/.m2/repository/io/netty/netty-codec-http2/4.1.30.Final/netty-codec-http2-4.1.30.Final.jar:/home/user/.m2/repository/io/netty/netty-codec-http/4.1.30.Final/netty-codec-http-4.1.30.Final.jar:/home/user/.m2/repository/io/netty/netty-codec/4.1.30.Final/netty-codec-4.1.30.Final.jar:/home/user/.m2/repository/io/netty/netty-handler/4.1.30.Final/netty-handler-4.1.30.Final.jar:/home/user/.m2/repository/io/netty/netty-handler-proxy/4.1.30.Final/netty-handler-proxy-4.1.30.Final.jar:/home/user/.m2/repository/io/netty/netty-codec-socks/4.1.30.Final/netty-codec-socks-4.1.30.Final.jar:/home/user/.m2/repository/io/netty/netty-transport-native-epoll/4.1.30.Final/netty-transport-native-epoll-4.1.30.Final.jar:/home/user/.m2/repository/io/netty/netty-common/4.1.30.Final/netty-common-4.1.30.Final.jar:/home/user/.m2/repository/io/netty/netty-buffer/4.1.30.Final/netty-buffer-4.1.30.Final.jar:/home/user/.m2/repository/io/netty/netty-transport/4.1.30.Final/netty-transport-4.1.30.Final.jar:/home/user/.m2/repository/io/netty/netty-resolver/4.1.30.Final/netty-resolver-4.1.30.Final.jar:/home/user/.m2/repository/io/netty/netty-transport-native-unix-common/4.1.30.Final/netty-transport-native-unix-common-4.1.30.Final.jar:/home/user/.m2/repository/io/grpc/grpc-protobuf/1.17.1/grpc-protobuf-1.17.1.jar:/home/user/.m2/repository/com/google/api/grpc/proto-google-common-protos/1.0.0/proto-google-common-protos-1.0.0.jar:/home/user/.m2/repository/io/grpc/grpc-protobuf-lite/1.17.1/grpc-protobuf-lite-1.17.1.jar:/home/user/.m2/repository/io/grpc/grpc-stub/1.17.1/grpc-stub-1.17.1.jar:/home/user/.m2/repository/org/apache/hadoop/hadoop-ozone-recon/0.5.0-SNAPSHOT/hadoop-ozone-recon-0.5.0-SNAPSHOT.jar:/home/user/.m2/repository/org/apache/hadoop/hadoop-ozone-reconcodegen/0.5.0-SNAPSHOT/hadoop-ozone-reconcodegen-0.5.0-SNAPSHOT.jar:/home/user/.m2/repository/com/google/inject/extensions/guice-multibindings/4.0/guice-multibindings-4.0.jar:/home/user/.m2/repository/com/google/inject/guice/4.0/guice-4.0.jar:/home/user/.m2/repository/aopalliance/aopalliance/1.0/aopalliance-1.0.jar:/home/user/.m2/repository/com/google/inject/extensions/guice-servlet/4.0/guice-servlet-4.0.jar:/home/user/.m2/repository/org/glassfish/jersey/containers/jersey-container-servlet/2.27/jersey-container-servlet-2.27.jar:/home/user/.m2/repository/org/glassfish/hk2/guice-bridge/2.5.0/guice-bridge-2.5.0.jar:/home/user/.m2/repository/org/glassfish/jersey/core/jersey-server/2.27/jersey-server-2.27.jar:/home/user/.m2/repository/org/glassfish/jersey/core/jersey-client/2.27/jersey-client-2.27.jar:/home/user/.m2/repository/org/glassfish/jersey/media/jersey-media-jaxb/2.27/jersey-media-jaxb-2.27.jar:/home/user/.m2/repository/javax/validation/validation-api/1.1.0.Final/validation-api-1.1.0.Final.jar:/home/user/.m2/repository/org/glassfish/jersey/media/jersey-media-json-jackson/2.27/jersey-media-json-jackson-2.27.jar:/home/user/.m2/repository/org/glassfish/jersey/ext/jersey-entity-filtering/2.27/jersey-entity-filtering-2.27.jar:/home/user/.m2/repository/com/google/inject/extensions/guice-assistedinject/4.0/guice-assistedinject-4.0.jar:/home/user/.m2/repository/org/jooq/jooq/3.11.10/jooq-3.11.10.jar:/home/user/.m2/repository/org/jooq/jooq-meta/3.11.10/jooq-meta-3.11.10.jar:/home/user/.m2/repository/org/jooq/jooq-codegen/3.11.10/jooq-codegen-3.11.10.jar:/home/user/.m2/repository/com/jolbox/bonecp/0.8.0.RELEASE/bonecp-0.8.0.RELEASE.jar:/home/user/.m2/repository/org/xerial/sqlite-jdbc/3.25.2/sqlite-jdbc-3.25.2.jar:/home/user/.m2/repository/org/springframework/spring-jdbc/5.1.3.RELEASE/spring-jdbc-5.1.3.RELEASE.jar:/home/user/.m2/repository/org/springframework/spring-beans/5.1.3.RELEASE/spring-beans-5.1.3.RELEASE.jar:/home/user/.m2/repository/org/springframework/spring-core/5.1.3.RELEASE/spring-core-5.1.3.RELEASE.jar:/home/user/.m2/repository/org/springframework/spring-jcl/5.1.3.RELEASE/spring-jcl-5.1.3.RELEASE.jar:/home/user/.m2/repository/org/springframework/spring-tx/5.1.3.RELEASE/spring-tx-5.1.3.RELEASE.jar:/home/user/.m2/repository/org/apache/hadoop/hadoop-ozone-client/0.5.0-SNAPSHOT/hadoop-ozone-client-0.5.0-SNAPSHOT.jar:/home/user/.m2/repository/commons-lang/commons-lang/2.6/commons-lang-2.6.jar:/home/user/.m2/repository/org/apache/hadoop/hadoop-ozone-ozone-manager/0.5.0-SNAPSHOT/hadoop-ozone-ozone-manager-0.5.0-SNAPSHOT-tests.jar:/home/user/.m2/repository/junit/junit/4.11/junit-4.11.jar:/home/user/.m2/repository/org/hamcrest/hamcrest-core/1.3/hamcrest-core-1.3.jar:/home/user/.m2/repository/org/openjdk/jmh/jmh-core/1.19/jmh-core-1.19.jar:/home/user/.m2/repository/net/sf/jopt-simple/jopt-simple/4.6/jopt-simple-4.6.jar:/home/user/.m2/repository/org/apache/commons/commons-math3/3.1.1/commons-math3-3.1.1.jar:/home/user/.m2/repository/org/openjdk/jmh/jmh-generator-annprocess/1.19/jmh-generator-annprocess-1.19.jar:/home/user/.m2/repository/org/mockito/mockito-all/1.8.5/mockito-all-1.8.5.jar:/home/user/.m2/repository/org/apache/hadoop/hadoop-kms/3.2.0/hadoop-kms-3.2.0.jar:/home/user/.m2/repository/org/apache/hadoop/hadoop-auth/3.2.0/hadoop-auth-3.2.0.jar:/home/user/.m2/repository/com/nimbusds/nimbus-jose-jwt/4.41.1/nimbus-jose-jwt-4.41.1.jar:/home/user/.m2/repository/com/github/stephenc/jcip/jcip-annotations/1.0-1/jcip-annotations-1.0-1.jar:/home/user/.m2/repository/net/minidev/json-smart/2.3/json-smart-2.3.jar:/home/user/.m2/repository/net/minidev/accessors-smart/1.2/accessors-smart-1.2.jar:/home/user/.m2/repository/org/ow2/asm/asm/5.0.4/asm-5.0.4.jar:/home/user/.m2/repository/org/apache/curator/curator-framework/2.12.0/curator-framework-2.12.0.jar:/home/user/.m2/repository/com/sun/jersey/jersey-core/1.19/jersey-core-1.19.jar:/home/user/.m2/repository/javax/ws/rs/jsr311-api/1.1.1/jsr311-api-1.1.1.jar:/home/user/.m2/repository/com/sun/jersey/jersey-server/1.19/jersey-server-1.19.jar:/home/user/.m2/repository/javax/servlet/javax.servlet-api/3.1.0/javax.servlet-api-3.1.0.jar:/home/user/.m2/repository/org/eclipse/jetty/jetty-server/9.3.25.v20180904/jetty-server-9.3.25.v20180904.jar:/home/user/.m2/repository/org/eclipse/jetty/jetty-http/9.3.25.v20180904/jetty-http-9.3.25.v20180904.jar:/home/user/.m2/repository/org/eclipse/jetty/jetty-io/9.3.25.v20180904/jetty-io-9.3.25.v20180904.jar:/home/user/.m2/repository/org/eclipse/jetty/jetty-webapp/9.3.25.v20180904/jetty-webapp-9.3.25.v20180904.jar:/home/user/.m2/repository/org/eclipse/jetty/jetty-xml/9.3.25.v20180904/jetty-xml-9.3.25.v20180904.jar:/home/user/.m2/repository/log4j/log4j/1.2.17/log4j-1.2.17.jar:/home/user/.m2/repository/org/slf4j/slf4j-api/1.7.25/slf4j-api-1.7.25.jar:/home/user/.m2/repository/org/slf4j/jul-to-slf4j/1.7.25/jul-to-slf4j-1.7.25.jar:/home/user/.m2/repository/org/eclipse/jetty/jetty-util/9.3.25.v20180904/jetty-util-9.3.25.v20180904.jar:/home/user/.m2/repository/com/fasterxml/jackson/core/jackson-databind/2.9.9/jackson-databind-2.9.9.jar:/home/user/.m2/repository/org/apache/hadoop/hadoop-kms/3.2.0/hadoop-kms-3.2.0-tests.jar:/home/user/.m2/repository/org/apache/hadoop/hadoop-hdds-server-scm/0.5.0-SNAPSHOT/hadoop-hdds-server-scm-0.5.0-SNAPSHOT-tests.jar:/home/user/.m2/repository/org/apache/hadoop/hadoop-hdds-container-service/0.5.0-SNAPSHOT/hadoop-hdds-container-service-0.5.0-SNAPSHOT-tests.jar:/home/user/.m2/repository/org/yaml/snakeyaml/1.16/snakeyaml-1.16.jar:/home/user/.m2/repository/org/apache/hadoop/hadoop-common/3.2.0/hadoop-common-3.2.0-tests.jar:/home/user/.m2/repository/org/apache/hadoop/hadoop-annotations/3.2.0/hadoop-annotations-3.2.0.jar:/usr/lib/jvm/java-1.8-openjdk/jre/../lib/tools.jar:/home/user/.m2/repository/commons-cli/commons-cli/1.2/commons-cli-1.2.jar:/home/user/.m2/repository/org/apache/httpcomponents/httpclient/4.5.2/httpclient-4.5.2.jar:/home/user/.m2/repository/org/apache/httpcomponents/httpcore/4.4.4/httpcore-4.4.4.jar:/home/user/.m2/repository/commons-codec/commons-codec/1.11/commons-codec-1.11.jar:/home/user/.m2/repository/commons-net/commons-net/3.6/commons-net-3.6.jar:/home/user/.m2/repository/commons-collections/commons-collections/3.2.2/commons-collections-3.2.2.jar:/home/user/.m2/repository/org/eclipse/jetty/jetty-servlet/9.3.25.v20180904/jetty-servlet-9.3.25.v20180904.jar:/home/user/.m2/repository/org/eclipse/jetty/jetty-security/9.3.25.v20180904/jetty-security-9.3.25.v20180904.jar:/home/user/.m2/repository/javax/servlet/jsp/jsp-api/2.1/jsp-api-2.1.jar:/home/user/.m2/repository/com/sun/jersey/jersey-servlet/1.19/jersey-servlet-1.19.jar:/home/user/.m2/repository/com/sun/jersey/jersey-json/1.19/jersey-json-1.19.jar:/home/user/.m2/repository/org/codehaus/jettison/jettison/1.1/jettison-1.1.jar:/home/user/.m2/repository/org/codehaus/jackson/jackson-core-asl/1.9.13/jackson-core-asl-1.9.13.jar:/home/user/.m2/repository/org/codehaus/jackson/jackson-mapper-asl/1.9.13/jackson-mapper-asl-1.9.13.jar:/home/user/.m2/repository/org/codehaus/jackson/jackson-jaxrs/1.9.13/jackson-jaxrs-1.9.13.jar:/home/user/.m2/repository/org/codehaus/jackson/jackson-xc/1.9.13/jackson-xc-1.9.13.jar:/home/user/.m2/repository/commons-logging/commons-logging/1.1.3/commons-logging-1.1.3.jar:/home/user/.m2/repository/commons-beanutils/commons-beanutils/1.9.4/commons-beanutils-1.9.4.jar:/home/user/.m2/repository/org/apache/commons/commons-configuration2/2.1.1/commons-configuration2-2.1.1.jar:/home/user/.m2/repository/org/apache/commons/commons-lang3/3.7/commons-lang3-3.7.jar:/home/user/.m2/repository/org/apache/commons/commons-text/1.4/commons-text-1.4.jar:/home/user/.m2/repository/org/apache/avro/avro/1.7.7/avro-1.7.7.jar:/home/user/.m2/repository/com/thoughtworks/paranamer/paranamer/2.3/paranamer-2.3.jar:/home/user/.m2/repository/org/xerial/snappy/snappy-java/1.0.5/snappy-java-1.0.5.jar:/home/user/.m2/repository/com/google/re2j/re2j/1.1/re2j-1.1.jar:/home/user/.m2/repository/com/google/code/gson/gson/2.2.4/gson-2.2.4.jar:/home/user/.m2/repository/com/jcraft/jsch/0.1.54/jsch-0.1.54.jar:/home/user/.m2/repository/org/apache/curator/curator-client/2.12.0/curator-client-2.12.0.jar:/home/user/.m2/repository/org/apache/curator/curator-recipes/2.12.0/curator-recipes-2.12.0.jar:/home/user/.m2/repository/com/google/code/findbugs/jsr305/3.0.0/jsr305-3.0.0.jar:/home/user/.m2/repository/org/apache/htrace/htrace-core4/4.1.0-incubating/htrace-core4-4.1.0-incubating.jar:/home/user/.m2/repository/org/apache/zookeeper/zookeeper/3.4.13/zookeeper-3.4.13.jar:/home/user/.m2/repository/jline/jline/0.9.94/jline-0.9.94.jar:/home/user/.m2/repository/org/apache/yetus/audience-annotations/0.5.0/audience-annotations-0.5.0.jar:/home/user/.m2/repository/org/codehaus/woodstox/stax2-api/3.1.4/stax2-api-3.1.4.jar:/home/user/.m2/repository/com/fasterxml/woodstox/woodstox-core/5.0.3/woodstox-core-5.0.3.jar:/home/user/.m2/repository/dnsjava/dnsjava/2.1.7/dnsjava-2.1.7.jar:/home/user/.m2/repository/org/apache/hadoop/hadoop-hdfs/3.2.0/hadoop-hdfs-3.2.0-tests.jar:/home/user/.m2/repository/org/eclipse/jetty/jetty-util-ajax/9.3.25.v20180904/jetty-util-ajax-9.3.25.v20180904.jar:/home/user/.m2/repository/commons-daemon/commons-daemon/1.0.13/commons-daemon-1.0.13.jar:/home/user/.m2/repository/io/netty/netty/3.10.5.Final/netty-3.10.5.Final.jar:/home/user/.m2/repository/io/netty/netty-all/4.0.52.Final/netty-all-4.0.52.Final.jar:/home/user/.m2/repository/org/fusesource/leveldbjni/leveldbjni-all/1.8/leveldbjni-all-1.8.jar:"/>
    <property name="sun.cpu.endian" value="little"/>
    <property name="user.home" value="/home/user"/>
    <property name="user.language" value="en"/>
    <property name="java.specification.vendor" value="Oracle Corporation"/>
    <property name="java.home" value="/usr/lib/jvm/java-1.8-openjdk/jre"/>
    <property name="surefire.excludesFile" value="/tools/ozone-bad-unit-tests"/>
    <property name="java.security.krb5.conf" value="/workdir/hadoop-ozone/integration-test/target/test-classes/krb5.conf"/>
    <property name="basedir" value="/workdir/hadoop-ozone/integration-test"/>
    <property name="file.separator" value="/"/>
    <property name="line.separator" value="&#10;"/>
    <property name="java.vm.specification.vendor" value="Oracle Corporation"/>
    <property name="java.specification.name" value="Java Platform API Specification"/>
    <property name="java.awt.graphicsenv" value="sun.awt.X11GraphicsEnvironment"/>
    <property name="surefire.real.class.path" value="/workdir/hadoop-ozone/integration-test/target/surefire/surefirebooter4247422947099178987.jar"/>
    <property name="hadoop.log.dir" value="/workdir/hadoop-ozone/integration-test/target/log"/>
    <property name="sun.boot.class.path" value="/usr/lib/jvm/java-1.8-openjdk/jre/lib/resources.jar:/usr/lib/jvm/java-1.8-openjdk/jre/lib/rt.jar:/usr/lib/jvm/java-1.8-openjdk/jre/lib/sunrsasign.jar:/usr/lib/jvm/java-1.8-openjdk/jre/lib/jsse.jar:/usr/lib/jvm/java-1.8-openjdk/jre/lib/jce.jar:/usr/lib/jvm/java-1.8-openjdk/jre/lib/charsets.jar:/usr/lib/jvm/java-1.8-openjdk/jre/lib/jfr.jar:/usr/lib/jvm/java-1.8-openjdk/jre/classes"/>
    <property name="sun.management.compiler" value="HotSpot 64-Bit Tiered Compilers"/>
    <property name="java.runtime.version" value="1.8.0_212-b04"/>
    <property name="java.net.preferIPv4Stack" value="true"/>
    <property name="user.name" value="jenkins1000"/>
    <property name="path.separator" value=":"/>
    <property name="java.security.egd" value="file:///dev/urandom"/>
    <property name="os.version" value="3.10.0-957.12.2.el7.x86_64"/>
    <property name="java.endorsed.dirs" value="/usr/lib/jvm/java-1.8-openjdk/jre/lib/endorsed"/>
    <property name="java.runtime.name" value="OpenJDK Runtime Environment"/>
    <property name="file.encoding" value="UTF-8"/>
    <property name="java.vm.name" value="OpenJDK 64-Bit Server VM"/>
    <property name="test.build.webapps" value=""/>
    <property name="localRepository" value="/home/user/.m2/repository"/>
    <property name="java.vendor.url.bug" value="https://icedtea.classpath.org/bugzilla"/>
    <property name="java.io.tmpdir" value="/tmp"/>
    <property name="require.test.libhadoop" value=""/>
    <property name="java.version" value="1.8.0_212"/>
    <property name="user.dir" value="/workdir/hadoop-ozone/integration-test"/>
    <property name="os.arch" value="amd64"/>
    <property name="java.vm.specification.name" value="Java Virtual Machine Specification"/>
    <property name="test.build.classes" value="/workdir/hadoop-ozone/integration-test/target/test-classes"/>
    <property name="java.awt.printerjob" value="sun.print.PSPrinterJob"/>
    <property name="sun.os.patch.level" value="unknown"/>
    <property name="hadoop.tmp.dir" value="/workdir/hadoop-ozone/integration-test/target/tmp"/>
    <property name="java.library.path" value="/usr/lib/jvm/java-1.8-openjdk/jre/lib/amd64/server:/usr/lib/jvm/java-1.8-openjdk/jre/lib/amd64:/usr/lib/jvm/java-1.8-openjdk/jre/../lib/amd64:/workdir/hadoop-ozone/integration-test/target/native/target/usr/local/lib:/workdir/hadoop-ozone/integration-test/../../hadoop-common-project/hadoop-common/target/native/target/usr/local/lib:/usr/java/packages/lib/amd64:/usr/lib64:/lib64:/lib:/usr/lib"/>
    <property name="java.vm.info" value="mixed mode"/>
    <property name="java.vendor" value="IcedTea"/>
    <property name="java.vm.version" value="25.212-b04"/>
    <property name="java.ext.dirs" value="/usr/lib/jvm/java-1.8-openjdk/jre/lib/ext:/usr/java/packages/lib/ext"/>
    <property name="sun.io.unicode.encoding" value="UnicodeLittle"/>
    <property name="java.class.version" value="52.0"/>
  </properties>
  <testcase name="testWatchForCommitWithKeyWrite" classname="org.apache.hadoop.ozone.client.rpc.TestWatchForCommit" time="65.42"/>
  <testcase name="testWatchForCommitWithSmallerTimeoutValue" classname="org.apache.hadoop.ozone.client.rpc.TestWatchForCommit" time="44.532"/>
  <testcase name="testWatchForCommitForRetryfailure" classname="org.apache.hadoop.ozone.client.rpc.TestWatchForCommit" time="64.463">
    <failure type="java.lang.AssertionError">java.lang.AssertionError
	at org.junit.Assert.fail(Assert.java:86)
	at org.junit.Assert.assertTrue(Assert.java:41)
	at org.junit.Assert.assertTrue(Assert.java:52)
	at org.apache.hadoop.ozone.client.rpc.TestWatchForCommit.testWatchForCommitForRetryfailure(TestWatchForCommit.java:348)
	at sun.reflect.NativeMethodAccessorImpl.invoke0(Native Method)
	at sun.reflect.NativeMethodAccessorImpl.invoke(NativeMethodAccessorImpl.java:62)
	at sun.reflect.DelegatingMethodAccessorImpl.invoke(DelegatingMethodAccessorImpl.java:43)
	at java.lang.reflect.Method.invoke(Method.java:498)
	at org.junit.runners.model.FrameworkMethod$1.runReflectiveCall(FrameworkMethod.java:47)
	at org.junit.internal.runners.model.ReflectiveCallable.run(ReflectiveCallable.java:12)
	at org.junit.runners.model.FrameworkMethod.invokeExplosively(FrameworkMethod.java:44)
	at org.junit.internal.runners.statements.InvokeMethod.evaluate(InvokeMethod.java:17)
	at org.junit.runners.ParentRunner.runLeaf(ParentRunner.java:271)
	at org.junit.runners.BlockJUnit4ClassRunner.runChild(BlockJUnit4ClassRunner.java:70)
	at org.junit.runners.BlockJUnit4ClassRunner.runChild(BlockJUnit4ClassRunner.java:50)
	at org.junit.runners.ParentRunner$3.run(ParentRunner.java:238)
	at org.junit.runners.ParentRunner$1.schedule(ParentRunner.java:63)
	at org.junit.runners.ParentRunner.runChildren(ParentRunner.java:236)
	at org.junit.runners.ParentRunner.access$000(ParentRunner.java:53)
	at org.junit.runners.ParentRunner$2.evaluate(ParentRunner.java:229)
	at org.junit.runners.ParentRunner.run(ParentRunner.java:309)
	at org.apache.maven.surefire.junit4.JUnit4Provider.execute(JUnit4Provider.java:365)
	at org.apache.maven.surefire.junit4.JUnit4Provider.executeWithRerun(JUnit4Provider.java:273)
	at org.apache.maven.surefire.junit4.JUnit4Provider.executeTestSet(JUnit4Provider.java:238)
	at org.apache.maven.surefire.junit4.JUnit4Provider.invoke(JUnit4Provider.java:159)
	at org.apache.maven.surefire.booter.ForkedBooter.invokeProviderInSameClassLoader(ForkedBooter.java:384)
	at org.apache.maven.surefire.booter.ForkedBooter.runSuitesInProcess(ForkedBooter.java:345)
	at org.apache.maven.surefire.booter.ForkedBooter.execute(ForkedBooter.java:126)
	at org.apache.maven.surefire.booter.ForkedBooter.main(ForkedBooter.java:418)
</failure>
    <system-out><![CDATA[2019-10-15 11:06:48,998 [main] WARN  server.ServerUtils (ServerUtils.java:getScmDbDir(145)) - ozone.scm.db.dirs is not configured. We recommend adding this setting. Falling back to ozone.metadata.dirs instead.
2019-10-15 11:06:49,023 [main] WARN  server.ServerUtils (ServerUtils.java:getScmDbDir(145)) - ozone.scm.db.dirs is not configured. We recommend adding this setting. Falling back to ozone.metadata.dirs instead.
2019-10-15 11:06:49,024 [main] WARN  server.ServerUtils (ServerUtils.java:getScmDbDir(145)) - ozone.scm.db.dirs is not configured. We recommend adding this setting. Falling back to ozone.metadata.dirs instead.
2019-10-15 11:06:49,024 [main] INFO  db.DBStoreBuilder (DBStoreBuilder.java:addTable(117)) - using custom profile for table: deletedBlocks
2019-10-15 11:06:49,024 [main] INFO  db.DBStoreBuilder (DBStoreBuilder.java:processTables(168)) - Using default column profile:DBProfile.DISK for Table:deletedBlocks
2019-10-15 11:06:49,025 [main] INFO  db.DBStoreBuilder (DBStoreBuilder.java:addTable(117)) - using custom profile for table: validCerts
2019-10-15 11:06:49,025 [main] INFO  db.DBStoreBuilder (DBStoreBuilder.java:processTables(168)) - Using default column profile:DBProfile.DISK for Table:validCerts
2019-10-15 11:06:49,025 [main] INFO  db.DBStoreBuilder (DBStoreBuilder.java:addTable(117)) - using custom profile for table: revokedCerts
2019-10-15 11:06:49,025 [main] INFO  db.DBStoreBuilder (DBStoreBuilder.java:processTables(168)) - Using default column profile:DBProfile.DISK for Table:revokedCerts
2019-10-15 11:06:49,025 [main] INFO  db.DBStoreBuilder (DBStoreBuilder.java:addTable(117)) - using custom profile for table: default
2019-10-15 11:06:49,026 [main] INFO  db.DBStoreBuilder (DBStoreBuilder.java:processTables(174)) - Using default column profile:DBProfile.DISK for Table:default
2019-10-15 11:06:49,026 [main] INFO  db.DBStoreBuilder (DBStoreBuilder.java:getDbProfile(205)) - Using default options. DBProfile.DISK
2019-10-15 11:06:49,363 [main] INFO  net.NodeSchemaLoader (NodeSchemaLoader.java:loadSchemaFromFile(125)) - Loading file from sun.misc.CompoundEnumeration@49fb0bbd
2019-10-15 11:06:49,363 [main] INFO  net.NodeSchemaLoader (NodeSchemaLoader.java:loadSchema(171)) - Loading network topology layer schema file
2019-10-15 11:06:49,367 [main] WARN  server.ServerUtils (ServerUtils.java:sanitizeUserArgs(70)) - ozone.scm.stale.node.interval value = 300000 is larger than max = 100000 based on the key value of ozone.scm.heartbeat.thread.interval, reset to the max value 100000.
2019-10-15 11:06:49,368 [main] WARN  server.ServerUtils (ServerUtils.java:sanitizeUserArgs(70)) - ozone.scm.stale.node.interval value = 300000 is larger than max = 100000 based on the key value of ozone.scm.heartbeat.thread.interval, reset to the max value 100000.
2019-10-15 11:06:49,368 [main] INFO  node.SCMNodeManager (SCMNodeManager.java:<init>(116)) - Entering startup safe mode.
2019-10-15 11:06:49,369 [main] INFO  algorithms.ContainerPlacementPolicyFactory (ContainerPlacementPolicyFactory.java:getPolicy(57)) - Create container placement policy of type org.apache.hadoop.hdds.scm.container.placement.algorithms.SCMContainerPlacementRandom
2019-10-15 11:06:49,369 [main] WARN  server.ServerUtils (ServerUtils.java:getScmDbDir(145)) - ozone.scm.db.dirs is not configured. We recommend adding this setting. Falling back to ozone.metadata.dirs instead.
2019-10-15 11:06:49,493 [main] INFO  pipeline.SCMPipelineManager (SCMPipelineManager.java:initializePipelineState(132)) - No pipeline exists in current db
2019-10-15 11:06:49,493 [main] WARN  server.ServerUtils (ServerUtils.java:getScmDbDir(145)) - ozone.scm.db.dirs is not configured. We recommend adding this setting. Falling back to ozone.metadata.dirs instead.
2019-10-15 11:06:49,650 [main] WARN  events.EventQueue (EventQueue.java:fireEvent(183)) - No event handler registered for event TypedEvent{payloadType=SafeModeStatus, name='SafeModeStatus'}
2019-10-15 11:06:49,651 [main] INFO  ipc.CallQueueManager (CallQueueManager.java:<init>(84)) - Using callQueue: class java.util.concurrent.LinkedBlockingQueue, queueCapacity: 2000, scheduler: class org.apache.hadoop.ipc.DefaultRpcScheduler, ipcBackoff: false.
2019-10-15 11:06:49,652 [Socket Reader #1 for port 42519] INFO  ipc.Server (Server.java:run(1074)) - Starting Socket Reader #1 for port 42519
2019-10-15 11:06:49,654 [main] INFO  ipc.CallQueueManager (CallQueueManager.java:<init>(84)) - Using callQueue: class java.util.concurrent.LinkedBlockingQueue, queueCapacity: 2000, scheduler: class org.apache.hadoop.ipc.DefaultRpcScheduler, ipcBackoff: false.
2019-10-15 11:06:49,655 [Socket Reader #1 for port 46544] INFO  ipc.Server (Server.java:run(1074)) - Starting Socket Reader #1 for port 46544
2019-10-15 11:06:49,657 [main] INFO  ipc.CallQueueManager (CallQueueManager.java:<init>(84)) - Using callQueue: class java.util.concurrent.LinkedBlockingQueue, queueCapacity: 2000, scheduler: class org.apache.hadoop.ipc.DefaultRpcScheduler, ipcBackoff: false.
2019-10-15 11:06:49,658 [Socket Reader #1 for port 46650] INFO  ipc.Server (Server.java:run(1074)) - Starting Socket Reader #1 for port 46650
2019-10-15 11:06:49,661 [main] INFO  hdfs.DFSUtil (DFSUtil.java:httpServerTemplateForNNAndJN(1641)) - Starting Web-server for scm at: http://0.0.0.0:0
2019-10-15 11:06:49,663 [main] INFO  server.AuthenticationFilter (AuthenticationFilter.java:constructSecretProvider(240)) - Unable to initialize FileSignerSecretProvider, falling back to use random secrets.
2019-10-15 11:06:49,664 [main] WARN  http.HttpRequestLog (HttpRequestLog.java:getRequestLog(97)) - Jetty request log can only be enabled using Log4j
2019-10-15 11:06:49,667 [main] INFO  http.HttpServer2 (HttpServer2.java:addGlobalFilter(975)) - Added global filter 'safety' (class=org.apache.hadoop.http.HttpServer2$QuotingInputFilter)
2019-10-15 11:06:49,668 [main] INFO  http.HttpServer2 (HttpServer2.java:addFilter(948)) - Added filter static_user_filter (class=org.apache.hadoop.http.lib.StaticUserWebFilter$StaticUserFilter) to context scm
2019-10-15 11:06:49,668 [main] INFO  http.HttpServer2 (HttpServer2.java:addFilter(958)) - Added filter static_user_filter (class=org.apache.hadoop.http.lib.StaticUserWebFilter$StaticUserFilter) to context static
2019-10-15 11:06:49,668 [main] INFO  http.HttpServer2 (HttpServer2.java:addFilter(958)) - Added filter static_user_filter (class=org.apache.hadoop.http.lib.StaticUserWebFilter$StaticUserFilter) to context logs
2019-10-15 11:06:49,672 [main] INFO  server.StorageContainerManager (StorageContainerManager.java:start(772)) - StorageContainerLocationProtocol RPC server is listening at /0.0.0.0:46650
2019-10-15 11:06:49,674 [main] WARN  impl.MetricsConfig (MetricsConfig.java:loadFirst(134)) - Cannot locate configuration: tried hadoop-metrics2-storagecontainermanager.properties,hadoop-metrics2.properties
2019-10-15 11:06:49,675 [main] INFO  impl.MetricsSystemImpl (MetricsSystemImpl.java:startTimer(374)) - Scheduled Metric snapshot period at 10 second(s).
2019-10-15 11:06:49,676 [main] INFO  impl.MetricsSystemImpl (MetricsSystemImpl.java:start(191)) - StorageContainerManager metrics system started
2019-10-15 11:06:49,688 [main] INFO  lib.Interns (Interns.java:removeEldestEntry(50)) - Metrics intern cache overflow at 2011 for MetricsSystem={MetricsSystem=MetricsInfoImpl{name=MetricsSystem, description=MetricsSystem}, MetricsSystem record=MetricsInfoImpl{name=MetricsSystem, description=MetricsSystem record}}
2019-10-15 11:06:49,725 [main] WARN  impl.MetricsSystemImpl (MetricsSystemImpl.java:register(276)) - Sink prometheus already exists!
2019-10-15 11:06:49,769 [main] INFO  server.SCMClientProtocolServer (SCMClientProtocolServer.java:start(159)) - RPC server for Client  is listening at /0.0.0.0:46650
2019-10-15 11:06:49,769 [IPC Server Responder] INFO  ipc.Server (Server.java:run(1314)) - IPC Server Responder: starting
2019-10-15 11:06:49,769 [IPC Server listener on 46650] INFO  ipc.Server (Server.java:run(1153)) - IPC Server listener on 46650: starting
2019-10-15 11:06:49,774 [main] INFO  server.StorageContainerManager (StorageContainerManager.java:start(782)) - ScmBlockLocationProtocol RPC server is listening at /0.0.0.0:46544
2019-10-15 11:06:49,775 [main] INFO  server.SCMBlockProtocolServer (SCMBlockProtocolServer.java:start(146)) - RPC server for Block Protocol is listening at /0.0.0.0:46544
2019-10-15 11:06:49,775 [IPC Server Responder] INFO  ipc.Server (Server.java:run(1314)) - IPC Server Responder: starting
2019-10-15 11:06:49,775 [IPC Server listener on 46544] INFO  ipc.Server (Server.java:run(1153)) - IPC Server listener on 46544: starting
2019-10-15 11:06:49,779 [main] INFO  server.StorageContainerManager (StorageContainerManager.java:start(786)) - ScmDatanodeProtocl RPC server is listening at /0.0.0.0:42519
2019-10-15 11:06:49,780 [main] INFO  server.SCMDatanodeProtocolServer (SCMDatanodeProtocolServer.java:start(169)) - RPC server for DataNodes is listening at /0.0.0.0:42519
2019-10-15 11:06:49,780 [IPC Server Responder] INFO  ipc.Server (Server.java:run(1314)) - IPC Server Responder: starting
2019-10-15 11:06:49,780 [IPC Server listener on 42519] INFO  ipc.Server (Server.java:run(1153)) - IPC Server listener on 42519: starting
2019-10-15 11:06:49,785 [main] INFO  http.HttpServer2 (HttpServer2.java:bindListener(1191)) - Jetty bound to port 38900
2019-10-15 11:06:49,785 [main] INFO  server.Server (Server.java:doStart(351)) - jetty-9.3.25.v20180904, build timestamp: 2018-09-04T21:11:46Z, git hash: 3ce520221d0240229c862b122d2b06c12a625732
2019-10-15 11:06:49,787 [main] INFO  handler.ContextHandler (ContextHandler.java:doStart(781)) - Started o.e.j.s.ServletContextHandler@86d6bf7{/logs,file:///workdir/hadoop-ozone/integration-test/target/log,AVAILABLE}
2019-10-15 11:06:49,788 [main] INFO  handler.ContextHandler (ContextHandler.java:doStart(781)) - Started o.e.j.s.ServletContextHandler@4ed15347{/static,file:///workdir/hadoop-ozone/integration-test/target/test-classes/webapps/static,AVAILABLE}
2019-10-15 11:06:49,796 [main] INFO  handler.ContextHandler (ContextHandler.java:doStart(781)) - Started o.e.j.w.WebAppContext@6cfbbff7{/,file:///workdir/hadoop-ozone/integration-test/target/test-classes/webapps/scm/,AVAILABLE}{/scm}
2019-10-15 11:06:49,797 [main] INFO  server.AbstractConnector (AbstractConnector.java:doStart(278)) - Started ServerConnector@30db5536{HTTP/1.1,[http/1.1]}{0.0.0.0:38900}
2019-10-15 11:06:49,798 [main] INFO  server.Server (Server.java:doStart(419)) - Started @111250ms
2019-10-15 11:06:49,798 [main] WARN  impl.MetricsSystemImpl (MetricsSystemImpl.java:register(276)) - Sink prometheus already exists!
2019-10-15 11:06:49,799 [main] INFO  server.BaseHttpServer (BaseHttpServer.java:updateConnectorAddress(215)) - HTTP server of SCM is listening at http://0.0.0.0:38900
2019-10-15 11:06:49,800 [main] WARN  server.ServerUtils (ServerUtils.java:getDBPath(222)) - ozone.om.db.dirs is not configured. We recommend adding this setting. Falling back to ozone.metadata.dirs instead.
2019-10-15 11:06:49,800 [org.apache.hadoop.util.JvmPauseMonitor$Monitor@136ccbfe] INFO  util.JvmPauseMonitor (JvmPauseMonitor.java:run(188)) - Starting JVM pause monitor
2019-10-15 11:06:49,829 [main] INFO  ha.OMHANodeDetails (OMHANodeDetails.java:loadOMHAConfig(190)) - Configuration either no ozone.om.address set. Falling back to the default OM address /127.0.0.1:0
2019-10-15 11:06:49,829 [main] INFO  ha.OMHANodeDetails (OMHANodeDetails.java:getOMNodeDetails(220)) - OM Service ID is not set. Setting it to the default ID: omServiceIdDefault
2019-10-15 11:06:49,830 [main] WARN  server.ServerUtils (ServerUtils.java:getDBPath(222)) - ozone.om.db.dirs is not configured. We recommend adding this setting. Falling back to ozone.metadata.dirs instead.
2019-10-15 11:06:49,830 [main] WARN  server.ServerUtils (ServerUtils.java:getDBPath(222)) - ozone.om.db.dirs is not configured. We recommend adding this setting. Falling back to ozone.metadata.dirs instead.
2019-10-15 11:06:49,837 [main] WARN  server.ServerUtils (ServerUtils.java:getDBPath(222)) - ozone.om.db.dirs is not configured. We recommend adding this setting. Falling back to ozone.metadata.dirs instead.
2019-10-15 11:06:49,838 [main] INFO  db.DBStoreBuilder (DBStoreBuilder.java:addTable(117)) - using custom profile for table: userTable
2019-10-15 11:06:49,838 [main] INFO  db.DBStoreBuilder (DBStoreBuilder.java:processTables(168)) - Using default column profile:DBProfile.DISK for Table:userTable
2019-10-15 11:06:49,838 [main] INFO  db.DBStoreBuilder (DBStoreBuilder.java:addTable(117)) - using custom profile for table: volumeTable
2019-10-15 11:06:49,838 [main] INFO  db.DBStoreBuilder (DBStoreBuilder.java:processTables(168)) - Using default column profile:DBProfile.DISK for Table:volumeTable
2019-10-15 11:06:49,838 [main] INFO  db.DBStoreBuilder (DBStoreBuilder.java:addTable(117)) - using custom profile for table: bucketTable
2019-10-15 11:06:49,839 [main] INFO  db.DBStoreBuilder (DBStoreBuilder.java:processTables(168)) - Using default column profile:DBProfile.DISK for Table:bucketTable
2019-10-15 11:06:49,839 [main] INFO  db.DBStoreBuilder (DBStoreBuilder.java:addTable(117)) - using custom profile for table: keyTable
2019-10-15 11:06:49,839 [main] INFO  db.DBStoreBuilder (DBStoreBuilder.java:processTables(168)) - Using default column profile:DBProfile.DISK for Table:keyTable
2019-10-15 11:06:49,839 [main] INFO  db.DBStoreBuilder (DBStoreBuilder.java:addTable(117)) - using custom profile for table: deletedTable
2019-10-15 11:06:49,839 [main] INFO  db.DBStoreBuilder (DBStoreBuilder.java:processTables(168)) - Using default column profile:DBProfile.DISK for Table:deletedTable
2019-10-15 11:06:49,840 [main] INFO  db.DBStoreBuilder (DBStoreBuilder.java:addTable(117)) - using custom profile for table: openKeyTable
2019-10-15 11:06:49,840 [main] INFO  db.DBStoreBuilder (DBStoreBuilder.java:processTables(168)) - Using default column profile:DBProfile.DISK for Table:openKeyTable
2019-10-15 11:06:49,840 [main] INFO  db.DBStoreBuilder (DBStoreBuilder.java:addTable(117)) - using custom profile for table: s3Table
2019-10-15 11:06:49,840 [main] INFO  db.DBStoreBuilder (DBStoreBuilder.java:processTables(168)) - Using default column profile:DBProfile.DISK for Table:s3Table
2019-10-15 11:06:49,840 [main] INFO  db.DBStoreBuilder (DBStoreBuilder.java:addTable(117)) - using custom profile for table: multipartInfoTable
2019-10-15 11:06:49,841 [main] INFO  db.DBStoreBuilder (DBStoreBuilder.java:processTables(168)) - Using default column profile:DBProfile.DISK for Table:multipartInfoTable
2019-10-15 11:06:49,841 [main] INFO  db.DBStoreBuilder (DBStoreBuilder.java:addTable(117)) - using custom profile for table: dTokenTable
2019-10-15 11:06:49,841 [main] INFO  db.DBStoreBuilder (DBStoreBuilder.java:processTables(168)) - Using default column profile:DBProfile.DISK for Table:dTokenTable
2019-10-15 11:06:49,841 [main] INFO  db.DBStoreBuilder (DBStoreBuilder.java:addTable(117)) - using custom profile for table: s3SecretTable
2019-10-15 11:06:49,841 [main] INFO  db.DBStoreBuilder (DBStoreBuilder.java:processTables(168)) - Using default column profile:DBProfile.DISK for Table:s3SecretTable
2019-10-15 11:06:49,842 [main] INFO  db.DBStoreBuilder (DBStoreBuilder.java:addTable(117)) - using custom profile for table: prefixTable
2019-10-15 11:06:49,842 [main] INFO  db.DBStoreBuilder (DBStoreBuilder.java:processTables(168)) - Using default column profile:DBProfile.DISK for Table:prefixTable
2019-10-15 11:06:49,842 [main] INFO  db.DBStoreBuilder (DBStoreBuilder.java:addTable(117)) - using custom profile for table: default
2019-10-15 11:06:49,842 [main] INFO  db.DBStoreBuilder (DBStoreBuilder.java:processTables(174)) - Using default column profile:DBProfile.DISK for Table:default
2019-10-15 11:06:49,842 [main] INFO  db.DBStoreBuilder (DBStoreBuilder.java:getDbProfile(205)) - Using default options. DBProfile.DISK
2019-10-15 11:06:50,792 [main] INFO  ipc.CallQueueManager (CallQueueManager.java:<init>(84)) - Using callQueue: class java.util.concurrent.LinkedBlockingQueue, queueCapacity: 2000, scheduler: class org.apache.hadoop.ipc.DefaultRpcScheduler, ipcBackoff: false.
2019-10-15 11:06:50,793 [Socket Reader #1 for port 43648] INFO  ipc.Server (Server.java:run(1074)) - Starting Socket Reader #1 for port 43648
2019-10-15 11:06:50,812 [main] INFO  om.OzoneManager (OzoneManager.java:start(1075)) - OzoneManager RPC server is listening at localhost/127.0.0.1:43648
2019-10-15 11:06:50,812 [main] INFO  impl.MetricsSystemImpl (MetricsSystemImpl.java:init(158)) - OzoneManager metrics system started (again)
2019-10-15 11:06:50,814 [IPC Server Responder] INFO  ipc.Server (Server.java:run(1314)) - IPC Server Responder: starting
2019-10-15 11:06:50,814 [IPC Server listener on 43648] INFO  ipc.Server (Server.java:run(1153)) - IPC Server listener on 43648: starting
2019-10-15 11:06:50,823 [main] INFO  hdfs.DFSUtil (DFSUtil.java:httpServerTemplateForNNAndJN(1641)) - Starting Web-server for ozoneManager at: http://0.0.0.0:0
2019-10-15 11:06:50,825 [main] INFO  server.AuthenticationFilter (AuthenticationFilter.java:constructSecretProvider(240)) - Unable to initialize FileSignerSecretProvider, falling back to use random secrets.
2019-10-15 11:06:50,825 [main] WARN  http.HttpRequestLog (HttpRequestLog.java:getRequestLog(97)) - Jetty request log can only be enabled using Log4j
2019-10-15 11:06:50,827 [main] INFO  http.HttpServer2 (HttpServer2.java:addGlobalFilter(975)) - Added global filter 'safety' (class=org.apache.hadoop.http.HttpServer2$QuotingInputFilter)
2019-10-15 11:06:50,828 [main] INFO  http.HttpServer2 (HttpServer2.java:addFilter(948)) - Added filter static_user_filter (class=org.apache.hadoop.http.lib.StaticUserWebFilter$StaticUserFilter) to context ozoneManager
2019-10-15 11:06:50,828 [main] INFO  http.HttpServer2 (HttpServer2.java:addFilter(958)) - Added filter static_user_filter (class=org.apache.hadoop.http.lib.StaticUserWebFilter$StaticUserFilter) to context logs
2019-10-15 11:06:50,829 [main] INFO  http.HttpServer2 (HttpServer2.java:addFilter(958)) - Added filter static_user_filter (class=org.apache.hadoop.http.lib.StaticUserWebFilter$StaticUserFilter) to context static
2019-10-15 11:06:50,830 [main] INFO  http.HttpServer2 (HttpServer2.java:bindListener(1191)) - Jetty bound to port 35633
2019-10-15 11:06:50,830 [main] INFO  server.Server (Server.java:doStart(351)) - jetty-9.3.25.v20180904, build timestamp: 2018-09-04T21:11:46Z, git hash: 3ce520221d0240229c862b122d2b06c12a625732
2019-10-15 11:06:50,832 [main] INFO  handler.ContextHandler (ContextHandler.java:doStart(781)) - Started o.e.j.s.ServletContextHandler@19bedeb8{/logs,file:///workdir/hadoop-ozone/integration-test/target/log,AVAILABLE}
2019-10-15 11:06:50,832 [main] INFO  handler.ContextHandler (ContextHandler.java:doStart(781)) - Started o.e.j.s.ServletContextHandler@63f6bed1{/static,file:///workdir/hadoop-ozone/integration-test/target/test-classes/webapps/static,AVAILABLE}
2019-10-15 11:06:50,838 [main] INFO  handler.ContextHandler (ContextHandler.java:doStart(781)) - Started o.e.j.w.WebAppContext@2cca611f{/,file:///workdir/hadoop-ozone/integration-test/target/test-classes/webapps/ozoneManager/,AVAILABLE}{/ozoneManager}
2019-10-15 11:06:50,839 [main] INFO  server.AbstractConnector (AbstractConnector.java:doStart(278)) - Started ServerConnector@51f95f0d{HTTP/1.1,[http/1.1]}{0.0.0.0:35633}
2019-10-15 11:06:50,840 [main] INFO  server.Server (Server.java:doStart(419)) - Started @112292ms
2019-10-15 11:06:50,840 [main] WARN  impl.MetricsSystemImpl (MetricsSystemImpl.java:register(276)) - Sink prometheus already exists!
2019-10-15 11:06:50,841 [main] INFO  server.BaseHttpServer (BaseHttpServer.java:updateConnectorAddress(215)) - HTTP server of OZONEMANAGER is listening at http://0.0.0.0:35633
2019-10-15 11:06:50,869 [main] INFO  impl.MetricsSystemImpl (MetricsSystemImpl.java:init(158)) - HddsDatanode metrics system started (again)
2019-10-15 11:06:50,872 [main] INFO  ozone.HddsDatanodeService (HddsDatanodeService.java:start(184)) - HddsDatanodeService host:pr-hdds-2206-66z5g-837117227 ip:192.168.164.236
2019-10-15 11:06:50,879 [main] INFO  volume.HddsVolume (HddsVolume.java:<init>(176)) - Creating Volume: /workdir/hadoop-ozone/integration-test/target/test-dir/MiniOzoneClusterImpl-9edea9b3-9569-4a41-9435-4a26f33ebb8c/datanode-0/data/containers/hdds of  storage type : DISK and capacity : 1482555576320
2019-10-15 11:06:50,879 [main] INFO  volume.VolumeSet (VolumeSet.java:initializeVolumeSet(170)) - Added Volume : /workdir/hadoop-ozone/integration-test/target/test-dir/MiniOzoneClusterImpl-9edea9b3-9569-4a41-9435-4a26f33ebb8c/datanode-0/data/containers/hdds to VolumeSet
2019-10-15 11:06:50,879 [main] INFO  volume.ThrottledAsyncChecker (ThrottledAsyncChecker.java:schedule(141)) - Scheduling a check for /workdir/hadoop-ozone/integration-test/target/test-dir/MiniOzoneClusterImpl-9edea9b3-9569-4a41-9435-4a26f33ebb8c/datanode-0/data/containers/hdds
2019-10-15 11:06:50,880 [main] INFO  volume.HddsVolumeChecker (HddsVolumeChecker.java:checkAllVolumes(204)) - Scheduled health check for volume /workdir/hadoop-ozone/integration-test/target/test-dir/MiniOzoneClusterImpl-9edea9b3-9569-4a41-9435-4a26f33ebb8c/datanode-0/data/containers/hdds
2019-10-15 11:06:50,895 [main] INFO  impl.RaftServerProxy (ConfUtils.java:logGet(43)) - raft.rpc.type = GRPC (default)
2019-10-15 11:06:50,895 [main] INFO  grpc.GrpcFactory (GrpcFactory.java:checkPooledByteBufAllocatorUseCacheForAllThreads(45)) - PERFORMANCE WARNING: useCacheForAllThreads is true that may cause Netty to create a lot garbage objects and, as a result, trigger GC.
	It is recommended to disable useCacheForAllThreads by setting -Dorg.apache.ratis.thirdparty.io.netty.allocator.useCacheForAllThreads=false in command line.
2019-10-15 11:06:50,896 [main] INFO  grpc.GrpcConfigKeys$Server (ConfUtils.java:logGet(43)) - raft.grpc.server.port = 0 (default)
2019-10-15 11:06:50,896 [main] INFO  server.GrpcService (ConfUtils.java:logGet(43)) - raft.grpc.message.size.max = 33570816 (custom)
2019-10-15 11:06:50,896 [main] INFO  server.RaftServerConfigKeys (ConfUtils.java:logGet(43)) - raft.server.log.appender.buffer.byte-limit = 33554432 (custom)
2019-10-15 11:06:50,897 [main] INFO  server.GrpcService (ConfUtils.java:logGet(43)) - raft.grpc.flow.control.window = 1MB (=1048576) (default)
2019-10-15 11:06:50,897 [main] INFO  server.RaftServerConfigKeys (ConfUtils.java:logGet(43)) - raft.server.rpc.request.timeout = 3000ms (default)
2019-10-15 11:06:50,898 [main] INFO  server.RaftServerConfigKeys (ConfUtils.java:logGet(43)) - raft.server.storage.dir = [/workdir/hadoop-ozone/integration-test/target/test-dir/MiniOzoneClusterImpl-9edea9b3-9569-4a41-9435-4a26f33ebb8c/datanode-0/data/ratis] (custom)
2019-10-15 11:06:50,899 [main] INFO  hdfs.DFSUtil (DFSUtil.java:httpServerTemplateForNNAndJN(1641)) - Starting Web-server for hddsDatanode at: http://0.0.0.0:0
2019-10-15 11:06:50,903 [main] INFO  server.AuthenticationFilter (AuthenticationFilter.java:constructSecretProvider(240)) - Unable to initialize FileSignerSecretProvider, falling back to use random secrets.
2019-10-15 11:06:50,903 [main] WARN  http.HttpRequestLog (HttpRequestLog.java:getRequestLog(97)) - Jetty request log can only be enabled using Log4j
2019-10-15 11:06:50,904 [main] INFO  http.HttpServer2 (HttpServer2.java:addGlobalFilter(975)) - Added global filter 'safety' (class=org.apache.hadoop.http.HttpServer2$QuotingInputFilter)
2019-10-15 11:06:50,905 [main] INFO  http.HttpServer2 (HttpServer2.java:addFilter(948)) - Added filter static_user_filter (class=org.apache.hadoop.http.lib.StaticUserWebFilter$StaticUserFilter) to context hddsDatanode
2019-10-15 11:06:50,905 [main] INFO  http.HttpServer2 (HttpServer2.java:addFilter(958)) - Added filter static_user_filter (class=org.apache.hadoop.http.lib.StaticUserWebFilter$StaticUserFilter) to context logs
2019-10-15 11:06:50,905 [main] INFO  http.HttpServer2 (HttpServer2.java:addFilter(958)) - Added filter static_user_filter (class=org.apache.hadoop.http.lib.StaticUserWebFilter$StaticUserFilter) to context static
2019-10-15 11:06:50,906 [main] INFO  http.HttpServer2 (HttpServer2.java:bindListener(1191)) - Jetty bound to port 39162
2019-10-15 11:06:50,907 [main] INFO  server.Server (Server.java:doStart(351)) - jetty-9.3.25.v20180904, build timestamp: 2018-09-04T21:11:46Z, git hash: 3ce520221d0240229c862b122d2b06c12a625732
2019-10-15 11:06:50,909 [main] INFO  handler.ContextHandler (ContextHandler.java:doStart(781)) - Started o.e.j.s.ServletContextHandler@2291d9a0{/logs,file:///workdir/hadoop-ozone/integration-test/target/log,AVAILABLE}
2019-10-15 11:06:50,909 [main] INFO  handler.ContextHandler (ContextHandler.java:doStart(781)) - Started o.e.j.s.ServletContextHandler@39666e42{/static,jar:file:/home/user/.m2/repository/org/apache/hadoop/hadoop-hdds-container-service/0.5.0-SNAPSHOT/hadoop-hdds-container-service-0.5.0-SNAPSHOT.jar!/webapps/static,AVAILABLE}
2019-10-15 11:06:50,948 [main] INFO  handler.ContextHandler (ContextHandler.java:doStart(781)) - Started o.e.j.w.WebAppContext@3e377967{/,file:///tmp/jetty-0.0.0.0-39162-hddsDatanode-_-any-753046448607270812.dir/webapp/,AVAILABLE}{/hddsDatanode}
2019-10-15 11:06:50,948 [main] INFO  server.AbstractConnector (AbstractConnector.java:doStart(278)) - Started ServerConnector@4dadd690{HTTP/1.1,[http/1.1]}{0.0.0.0:39162}
2019-10-15 11:06:50,951 [main] INFO  server.Server (Server.java:doStart(419)) - Started @112403ms
2019-10-15 11:06:50,951 [main] WARN  impl.MetricsSystemImpl (MetricsSystemImpl.java:register(276)) - Sink prometheus already exists!
2019-10-15 11:06:50,952 [main] INFO  server.BaseHttpServer (BaseHttpServer.java:updateConnectorAddress(215)) - HTTP server of HDDSDATANODE is listening at http://0.0.0.0:39162
2019-10-15 11:06:50,953 [main] INFO  impl.MetricsSystemImpl (MetricsSystemImpl.java:init(158)) - HddsDatanode metrics system started (again)
2019-10-15 11:06:50,955 [org.apache.hadoop.util.JvmPauseMonitor$Monitor@2cb609d4] INFO  util.JvmPauseMonitor (JvmPauseMonitor.java:run(188)) - Starting JVM pause monitor
2019-10-15 11:06:50,956 [main] INFO  ozone.HddsDatanodeService (HddsDatanodeService.java:start(184)) - HddsDatanodeService host:pr-hdds-2206-66z5g-837117227 ip:192.168.164.236
2019-10-15 11:06:50,957 [Datanode State Machine Thread - 0] INFO  datanode.InitDatanodeState (InitDatanodeState.java:persistContainerDatanodeDetails(140)) - DatanodeDetails is persisted to /workdir/hadoop-ozone/integration-test/target/test-dir/MiniOzoneClusterImpl-9edea9b3-9569-4a41-9435-4a26f33ebb8c/datanode-0/meta/datanode.id
2019-10-15 11:06:50,962 [main] INFO  volume.HddsVolume (HddsVolume.java:<init>(176)) - Creating Volume: /workdir/hadoop-ozone/integration-test/target/test-dir/MiniOzoneClusterImpl-9edea9b3-9569-4a41-9435-4a26f33ebb8c/datanode-1/data/containers/hdds of  storage type : DISK and capacity : 1482555576320
2019-10-15 11:06:50,962 [main] INFO  volume.VolumeSet (VolumeSet.java:initializeVolumeSet(170)) - Added Volume : /workdir/hadoop-ozone/integration-test/target/test-dir/MiniOzoneClusterImpl-9edea9b3-9569-4a41-9435-4a26f33ebb8c/datanode-1/data/containers/hdds to VolumeSet
2019-10-15 11:06:50,963 [main] INFO  volume.ThrottledAsyncChecker (ThrottledAsyncChecker.java:schedule(141)) - Scheduling a check for /workdir/hadoop-ozone/integration-test/target/test-dir/MiniOzoneClusterImpl-9edea9b3-9569-4a41-9435-4a26f33ebb8c/datanode-1/data/containers/hdds
2019-10-15 11:06:50,963 [main] INFO  volume.HddsVolumeChecker (HddsVolumeChecker.java:checkAllVolumes(204)) - Scheduled health check for volume /workdir/hadoop-ozone/integration-test/target/test-dir/MiniOzoneClusterImpl-9edea9b3-9569-4a41-9435-4a26f33ebb8c/datanode-1/data/containers/hdds
2019-10-15 11:06:50,979 [main] INFO  impl.RaftServerProxy (ConfUtils.java:logGet(43)) - raft.rpc.type = GRPC (default)
2019-10-15 11:06:50,979 [main] INFO  grpc.GrpcFactory (GrpcFactory.java:checkPooledByteBufAllocatorUseCacheForAllThreads(45)) - PERFORMANCE WARNING: useCacheForAllThreads is true that may cause Netty to create a lot garbage objects and, as a result, trigger GC.
	It is recommended to disable useCacheForAllThreads by setting -Dorg.apache.ratis.thirdparty.io.netty.allocator.useCacheForAllThreads=false in command line.
2019-10-15 11:06:50,979 [main] INFO  grpc.GrpcConfigKeys$Server (ConfUtils.java:logGet(43)) - raft.grpc.server.port = 0 (default)
2019-10-15 11:06:50,979 [main] INFO  server.GrpcService (ConfUtils.java:logGet(43)) - raft.grpc.message.size.max = 33570816 (custom)
2019-10-15 11:06:50,980 [main] INFO  server.RaftServerConfigKeys (ConfUtils.java:logGet(43)) - raft.server.log.appender.buffer.byte-limit = 33554432 (custom)
2019-10-15 11:06:50,980 [main] INFO  server.GrpcService (ConfUtils.java:logGet(43)) - raft.grpc.flow.control.window = 1MB (=1048576) (default)
2019-10-15 11:06:50,980 [main] INFO  server.RaftServerConfigKeys (ConfUtils.java:logGet(43)) - raft.server.rpc.request.timeout = 3000ms (default)
2019-10-15 11:06:50,980 [main] INFO  server.RaftServerConfigKeys (ConfUtils.java:logGet(43)) - raft.server.storage.dir = [/workdir/hadoop-ozone/integration-test/target/test-dir/MiniOzoneClusterImpl-9edea9b3-9569-4a41-9435-4a26f33ebb8c/datanode-1/data/ratis] (custom)
2019-10-15 11:06:50,983 [main] INFO  hdfs.DFSUtil (DFSUtil.java:httpServerTemplateForNNAndJN(1641)) - Starting Web-server for hddsDatanode at: http://0.0.0.0:0
2019-10-15 11:06:50,984 [main] INFO  server.AuthenticationFilter (AuthenticationFilter.java:constructSecretProvider(240)) - Unable to initialize FileSignerSecretProvider, falling back to use random secrets.
2019-10-15 11:06:50,984 [main] WARN  http.HttpRequestLog (HttpRequestLog.java:getRequestLog(97)) - Jetty request log can only be enabled using Log4j
2019-10-15 11:06:50,986 [main] INFO  http.HttpServer2 (HttpServer2.java:addGlobalFilter(975)) - Added global filter 'safety' (class=org.apache.hadoop.http.HttpServer2$QuotingInputFilter)
2019-10-15 11:06:50,986 [main] INFO  http.HttpServer2 (HttpServer2.java:addFilter(948)) - Added filter static_user_filter (class=org.apache.hadoop.http.lib.StaticUserWebFilter$StaticUserFilter) to context hddsDatanode
2019-10-15 11:06:50,986 [main] INFO  http.HttpServer2 (HttpServer2.java:addFilter(958)) - Added filter static_user_filter (class=org.apache.hadoop.http.lib.StaticUserWebFilter$StaticUserFilter) to context static
2019-10-15 11:06:50,987 [main] INFO  http.HttpServer2 (HttpServer2.java:addFilter(958)) - Added filter static_user_filter (class=org.apache.hadoop.http.lib.StaticUserWebFilter$StaticUserFilter) to context logs
2019-10-15 11:06:50,987 [main] INFO  http.HttpServer2 (HttpServer2.java:bindListener(1191)) - Jetty bound to port 46063
2019-10-15 11:06:50,988 [main] INFO  server.Server (Server.java:doStart(351)) - jetty-9.3.25.v20180904, build timestamp: 2018-09-04T21:11:46Z, git hash: 3ce520221d0240229c862b122d2b06c12a625732
2019-10-15 11:06:50,990 [main] INFO  handler.ContextHandler (ContextHandler.java:doStart(781)) - Started o.e.j.s.ServletContextHandler@8a6631b{/logs,file:///workdir/hadoop-ozone/integration-test/target/log,AVAILABLE}
2019-10-15 11:06:50,990 [main] INFO  handler.ContextHandler (ContextHandler.java:doStart(781)) - Started o.e.j.s.ServletContextHandler@4bc59b27{/static,jar:file:/home/user/.m2/repository/org/apache/hadoop/hadoop-hdds-container-service/0.5.0-SNAPSHOT/hadoop-hdds-container-service-0.5.0-SNAPSHOT.jar!/webapps/static,AVAILABLE}
2019-10-15 11:06:51,019 [main] INFO  handler.ContextHandler (ContextHandler.java:doStart(781)) - Started o.e.j.w.WebAppContext@ec7b5de{/,file:///tmp/jetty-0.0.0.0-46063-hddsDatanode-_-any-7265447818321255834.dir/webapp/,AVAILABLE}{/hddsDatanode}
2019-10-15 11:06:51,019 [main] INFO  server.AbstractConnector (AbstractConnector.java:doStart(278)) - Started ServerConnector@4c19d42e{HTTP/1.1,[http/1.1]}{0.0.0.0:46063}
2019-10-15 11:06:51,020 [main] INFO  server.Server (Server.java:doStart(419)) - Started @112472ms
2019-10-15 11:06:51,021 [main] WARN  impl.MetricsSystemImpl (MetricsSystemImpl.java:register(276)) - Sink prometheus already exists!
2019-10-15 11:06:51,021 [main] INFO  server.BaseHttpServer (BaseHttpServer.java:updateConnectorAddress(215)) - HTTP server of HDDSDATANODE is listening at http://0.0.0.0:46063
2019-10-15 11:06:51,021 [main] INFO  impl.MetricsSystemImpl (MetricsSystemImpl.java:init(158)) - HddsDatanode metrics system started (again)
2019-10-15 11:06:51,024 [org.apache.hadoop.util.JvmPauseMonitor$Monitor@6c995142] INFO  util.JvmPauseMonitor (JvmPauseMonitor.java:run(188)) - Starting JVM pause monitor
2019-10-15 11:06:51,025 [main] INFO  ozone.HddsDatanodeService (HddsDatanodeService.java:start(184)) - HddsDatanodeService host:pr-hdds-2206-66z5g-837117227 ip:192.168.164.236
2019-10-15 11:06:51,028 [Datanode State Machine Thread - 0] INFO  datanode.InitDatanodeState (InitDatanodeState.java:persistContainerDatanodeDetails(140)) - DatanodeDetails is persisted to /workdir/hadoop-ozone/integration-test/target/test-dir/MiniOzoneClusterImpl-9edea9b3-9569-4a41-9435-4a26f33ebb8c/datanode-1/meta/datanode.id
2019-10-15 11:06:51,030 [main] INFO  volume.HddsVolume (HddsVolume.java:<init>(176)) - Creating Volume: /workdir/hadoop-ozone/integration-test/target/test-dir/MiniOzoneClusterImpl-9edea9b3-9569-4a41-9435-4a26f33ebb8c/datanode-2/data/containers/hdds of  storage type : DISK and capacity : 1482555576320
2019-10-15 11:06:51,030 [main] INFO  volume.VolumeSet (VolumeSet.java:initializeVolumeSet(170)) - Added Volume : /workdir/hadoop-ozone/integration-test/target/test-dir/MiniOzoneClusterImpl-9edea9b3-9569-4a41-9435-4a26f33ebb8c/datanode-2/data/containers/hdds to VolumeSet
2019-10-15 11:06:51,031 [main] INFO  volume.ThrottledAsyncChecker (ThrottledAsyncChecker.java:schedule(141)) - Scheduling a check for /workdir/hadoop-ozone/integration-test/target/test-dir/MiniOzoneClusterImpl-9edea9b3-9569-4a41-9435-4a26f33ebb8c/datanode-2/data/containers/hdds
2019-10-15 11:06:51,031 [main] INFO  volume.HddsVolumeChecker (HddsVolumeChecker.java:checkAllVolumes(204)) - Scheduled health check for volume /workdir/hadoop-ozone/integration-test/target/test-dir/MiniOzoneClusterImpl-9edea9b3-9569-4a41-9435-4a26f33ebb8c/datanode-2/data/containers/hdds
2019-10-15 11:06:51,044 [main] INFO  impl.RaftServerProxy (ConfUtils.java:logGet(43)) - raft.rpc.type = GRPC (default)
2019-10-15 11:06:51,044 [main] INFO  grpc.GrpcFactory (GrpcFactory.java:checkPooledByteBufAllocatorUseCacheForAllThreads(45)) - PERFORMANCE WARNING: useCacheForAllThreads is true that may cause Netty to create a lot garbage objects and, as a result, trigger GC.
	It is recommended to disable useCacheForAllThreads by setting -Dorg.apache.ratis.thirdparty.io.netty.allocator.useCacheForAllThreads=false in command line.
2019-10-15 11:06:51,044 [main] INFO  grpc.GrpcConfigKeys$Server (ConfUtils.java:logGet(43)) - raft.grpc.server.port = 0 (default)
2019-10-15 11:06:51,053 [main] INFO  server.GrpcService (ConfUtils.java:logGet(43)) - raft.grpc.message.size.max = 33570816 (custom)
2019-10-15 11:06:51,054 [main] INFO  server.RaftServerConfigKeys (ConfUtils.java:logGet(43)) - raft.server.log.appender.buffer.byte-limit = 33554432 (custom)
2019-10-15 11:06:51,054 [main] INFO  server.GrpcService (ConfUtils.java:logGet(43)) - raft.grpc.flow.control.window = 1MB (=1048576) (default)
2019-10-15 11:06:51,054 [main] INFO  server.RaftServerConfigKeys (ConfUtils.java:logGet(43)) - raft.server.rpc.request.timeout = 3000ms (default)
2019-10-15 11:06:51,055 [main] INFO  server.RaftServerConfigKeys (ConfUtils.java:logGet(43)) - raft.server.storage.dir = [/workdir/hadoop-ozone/integration-test/target/test-dir/MiniOzoneClusterImpl-9edea9b3-9569-4a41-9435-4a26f33ebb8c/datanode-2/data/ratis] (custom)
2019-10-15 11:06:51,057 [main] INFO  hdfs.DFSUtil (DFSUtil.java:httpServerTemplateForNNAndJN(1641)) - Starting Web-server for hddsDatanode at: http://0.0.0.0:0
2019-10-15 11:06:51,061 [main] INFO  server.AuthenticationFilter (AuthenticationFilter.java:constructSecretProvider(240)) - Unable to initialize FileSignerSecretProvider, falling back to use random secrets.
2019-10-15 11:06:51,062 [main] WARN  http.HttpRequestLog (HttpRequestLog.java:getRequestLog(97)) - Jetty request log can only be enabled using Log4j
2019-10-15 11:06:51,065 [main] INFO  http.HttpServer2 (HttpServer2.java:addGlobalFilter(975)) - Added global filter 'safety' (class=org.apache.hadoop.http.HttpServer2$QuotingInputFilter)
2019-10-15 11:06:51,066 [main] INFO  http.HttpServer2 (HttpServer2.java:addFilter(948)) - Added filter static_user_filter (class=org.apache.hadoop.http.lib.StaticUserWebFilter$StaticUserFilter) to context hddsDatanode
2019-10-15 11:06:51,066 [main] INFO  http.HttpServer2 (HttpServer2.java:addFilter(958)) - Added filter static_user_filter (class=org.apache.hadoop.http.lib.StaticUserWebFilter$StaticUserFilter) to context static
2019-10-15 11:06:51,066 [main] INFO  http.HttpServer2 (HttpServer2.java:addFilter(958)) - Added filter static_user_filter (class=org.apache.hadoop.http.lib.StaticUserWebFilter$StaticUserFilter) to context logs
2019-10-15 11:06:51,067 [main] INFO  http.HttpServer2 (HttpServer2.java:bindListener(1191)) - Jetty bound to port 35638
2019-10-15 11:06:51,068 [main] INFO  server.Server (Server.java:doStart(351)) - jetty-9.3.25.v20180904, build timestamp: 2018-09-04T21:11:46Z, git hash: 3ce520221d0240229c862b122d2b06c12a625732
2019-10-15 11:06:51,070 [main] INFO  handler.ContextHandler (ContextHandler.java:doStart(781)) - Started o.e.j.s.ServletContextHandler@7ca16adc{/logs,file:///workdir/hadoop-ozone/integration-test/target/log,AVAILABLE}
2019-10-15 11:06:51,071 [main] INFO  handler.ContextHandler (ContextHandler.java:doStart(781)) - Started o.e.j.s.ServletContextHandler@4ac8768e{/static,jar:file:/home/user/.m2/repository/org/apache/hadoop/hadoop-hdds-container-service/0.5.0-SNAPSHOT/hadoop-hdds-container-service-0.5.0-SNAPSHOT.jar!/webapps/static,AVAILABLE}
2019-10-15 11:06:51,112 [main] INFO  handler.ContextHandler (ContextHandler.java:doStart(781)) - Started o.e.j.w.WebAppContext@72543547{/,file:///tmp/jetty-0.0.0.0-35638-hddsDatanode-_-any-7791861176260588209.dir/webapp/,AVAILABLE}{/hddsDatanode}
2019-10-15 11:06:51,112 [main] INFO  server.AbstractConnector (AbstractConnector.java:doStart(278)) - Started ServerConnector@3d88e6b9{HTTP/1.1,[http/1.1]}{0.0.0.0:35638}
2019-10-15 11:06:51,115 [main] INFO  server.Server (Server.java:doStart(419)) - Started @112567ms
2019-10-15 11:06:51,115 [main] WARN  impl.MetricsSystemImpl (MetricsSystemImpl.java:register(276)) - Sink prometheus already exists!
2019-10-15 11:06:51,116 [main] INFO  server.BaseHttpServer (BaseHttpServer.java:updateConnectorAddress(215)) - HTTP server of HDDSDATANODE is listening at http://0.0.0.0:35638
2019-10-15 11:06:51,116 [main] INFO  impl.MetricsSystemImpl (MetricsSystemImpl.java:init(158)) - HddsDatanode metrics system started (again)
2019-10-15 11:06:51,121 [org.apache.hadoop.util.JvmPauseMonitor$Monitor@3f614248] INFO  util.JvmPauseMonitor (JvmPauseMonitor.java:run(188)) - Starting JVM pause monitor
2019-10-15 11:06:51,122 [main] INFO  ozone.HddsDatanodeService (HddsDatanodeService.java:start(184)) - HddsDatanodeService host:pr-hdds-2206-66z5g-837117227 ip:192.168.164.236
2019-10-15 11:06:51,123 [Datanode State Machine Thread - 0] INFO  datanode.InitDatanodeState (InitDatanodeState.java:persistContainerDatanodeDetails(140)) - DatanodeDetails is persisted to /workdir/hadoop-ozone/integration-test/target/test-dir/MiniOzoneClusterImpl-9edea9b3-9569-4a41-9435-4a26f33ebb8c/datanode-2/meta/datanode.id
2019-10-15 11:06:51,129 [main] INFO  volume.HddsVolume (HddsVolume.java:<init>(176)) - Creating Volume: /workdir/hadoop-ozone/integration-test/target/test-dir/MiniOzoneClusterImpl-9edea9b3-9569-4a41-9435-4a26f33ebb8c/datanode-3/data/containers/hdds of  storage type : DISK and capacity : 1482555576320
2019-10-15 11:06:51,129 [main] INFO  volume.VolumeSet (VolumeSet.java:initializeVolumeSet(170)) - Added Volume : /workdir/hadoop-ozone/integration-test/target/test-dir/MiniOzoneClusterImpl-9edea9b3-9569-4a41-9435-4a26f33ebb8c/datanode-3/data/containers/hdds to VolumeSet
2019-10-15 11:06:51,129 [main] INFO  volume.ThrottledAsyncChecker (ThrottledAsyncChecker.java:schedule(141)) - Scheduling a check for /workdir/hadoop-ozone/integration-test/target/test-dir/MiniOzoneClusterImpl-9edea9b3-9569-4a41-9435-4a26f33ebb8c/datanode-3/data/containers/hdds
2019-10-15 11:06:51,130 [main] INFO  volume.HddsVolumeChecker (HddsVolumeChecker.java:checkAllVolumes(204)) - Scheduled health check for volume /workdir/hadoop-ozone/integration-test/target/test-dir/MiniOzoneClusterImpl-9edea9b3-9569-4a41-9435-4a26f33ebb8c/datanode-3/data/containers/hdds
2019-10-15 11:06:51,147 [main] INFO  impl.RaftServerProxy (ConfUtils.java:logGet(43)) - raft.rpc.type = GRPC (default)
2019-10-15 11:06:51,147 [main] INFO  grpc.GrpcFactory (GrpcFactory.java:checkPooledByteBufAllocatorUseCacheForAllThreads(45)) - PERFORMANCE WARNING: useCacheForAllThreads is true that may cause Netty to create a lot garbage objects and, as a result, trigger GC.
	It is recommended to disable useCacheForAllThreads by setting -Dorg.apache.ratis.thirdparty.io.netty.allocator.useCacheForAllThreads=false in command line.
2019-10-15 11:06:51,147 [main] INFO  grpc.GrpcConfigKeys$Server (ConfUtils.java:logGet(43)) - raft.grpc.server.port = 0 (default)
2019-10-15 11:06:51,147 [main] INFO  server.GrpcService (ConfUtils.java:logGet(43)) - raft.grpc.message.size.max = 33570816 (custom)
2019-10-15 11:06:51,148 [main] INFO  server.RaftServerConfigKeys (ConfUtils.java:logGet(43)) - raft.server.log.appender.buffer.byte-limit = 33554432 (custom)
2019-10-15 11:06:51,148 [main] INFO  server.GrpcService (ConfUtils.java:logGet(43)) - raft.grpc.flow.control.window = 1MB (=1048576) (default)
2019-10-15 11:06:51,148 [main] INFO  server.RaftServerConfigKeys (ConfUtils.java:logGet(43)) - raft.server.rpc.request.timeout = 3000ms (default)
2019-10-15 11:06:51,148 [main] INFO  server.RaftServerConfigKeys (ConfUtils.java:logGet(43)) - raft.server.storage.dir = [/workdir/hadoop-ozone/integration-test/target/test-dir/MiniOzoneClusterImpl-9edea9b3-9569-4a41-9435-4a26f33ebb8c/datanode-3/data/ratis] (custom)
2019-10-15 11:06:51,150 [main] INFO  hdfs.DFSUtil (DFSUtil.java:httpServerTemplateForNNAndJN(1641)) - Starting Web-server for hddsDatanode at: http://0.0.0.0:0
2019-10-15 11:06:51,152 [main] INFO  server.AuthenticationFilter (AuthenticationFilter.java:constructSecretProvider(240)) - Unable to initialize FileSignerSecretProvider, falling back to use random secrets.
2019-10-15 11:06:51,152 [main] WARN  http.HttpRequestLog (HttpRequestLog.java:getRequestLog(97)) - Jetty request log can only be enabled using Log4j
2019-10-15 11:06:51,155 [main] INFO  http.HttpServer2 (HttpServer2.java:addGlobalFilter(975)) - Added global filter 'safety' (class=org.apache.hadoop.http.HttpServer2$QuotingInputFilter)
2019-10-15 11:06:51,156 [main] INFO  http.HttpServer2 (HttpServer2.java:addFilter(948)) - Added filter static_user_filter (class=org.apache.hadoop.http.lib.StaticUserWebFilter$StaticUserFilter) to context hddsDatanode
2019-10-15 11:06:51,156 [main] INFO  http.HttpServer2 (HttpServer2.java:addFilter(958)) - Added filter static_user_filter (class=org.apache.hadoop.http.lib.StaticUserWebFilter$StaticUserFilter) to context logs
2019-10-15 11:06:51,157 [main] INFO  http.HttpServer2 (HttpServer2.java:addFilter(958)) - Added filter static_user_filter (class=org.apache.hadoop.http.lib.StaticUserWebFilter$StaticUserFilter) to context static
2019-10-15 11:06:51,158 [main] INFO  http.HttpServer2 (HttpServer2.java:bindListener(1191)) - Jetty bound to port 33490
2019-10-15 11:06:51,158 [main] INFO  server.Server (Server.java:doStart(351)) - jetty-9.3.25.v20180904, build timestamp: 2018-09-04T21:11:46Z, git hash: 3ce520221d0240229c862b122d2b06c12a625732
2019-10-15 11:06:51,160 [main] INFO  handler.ContextHandler (ContextHandler.java:doStart(781)) - Started o.e.j.s.ServletContextHandler@51e754e1{/logs,file:///workdir/hadoop-ozone/integration-test/target/log,AVAILABLE}
2019-10-15 11:06:51,161 [main] INFO  handler.ContextHandler (ContextHandler.java:doStart(781)) - Started o.e.j.s.ServletContextHandler@34451ed8{/static,jar:file:/home/user/.m2/repository/org/apache/hadoop/hadoop-hdds-container-service/0.5.0-SNAPSHOT/hadoop-hdds-container-service-0.5.0-SNAPSHOT.jar!/webapps/static,AVAILABLE}
2019-10-15 11:06:51,189 [main] INFO  handler.ContextHandler (ContextHandler.java:doStart(781)) - Started o.e.j.w.WebAppContext@7741771e{/,file:///tmp/jetty-0.0.0.0-33490-hddsDatanode-_-any-9060492695650180512.dir/webapp/,AVAILABLE}{/hddsDatanode}
2019-10-15 11:06:51,190 [main] INFO  server.AbstractConnector (AbstractConnector.java:doStart(278)) - Started ServerConnector@834e986{HTTP/1.1,[http/1.1]}{0.0.0.0:33490}
2019-10-15 11:06:51,190 [main] INFO  server.Server (Server.java:doStart(419)) - Started @112642ms
2019-10-15 11:06:51,191 [main] WARN  impl.MetricsSystemImpl (MetricsSystemImpl.java:register(276)) - Sink prometheus already exists!
2019-10-15 11:06:51,191 [main] INFO  server.BaseHttpServer (BaseHttpServer.java:updateConnectorAddress(215)) - HTTP server of HDDSDATANODE is listening at http://0.0.0.0:33490
2019-10-15 11:06:51,192 [main] INFO  impl.MetricsSystemImpl (MetricsSystemImpl.java:init(158)) - HddsDatanode metrics system started (again)
2019-10-15 11:06:51,195 [org.apache.hadoop.util.JvmPauseMonitor$Monitor@2c9696c9] INFO  util.JvmPauseMonitor (JvmPauseMonitor.java:run(188)) - Starting JVM pause monitor
2019-10-15 11:06:51,195 [main] INFO  ozone.HddsDatanodeService (HddsDatanodeService.java:start(184)) - HddsDatanodeService host:pr-hdds-2206-66z5g-837117227 ip:192.168.164.236
2019-10-15 11:06:51,197 [Datanode State Machine Thread - 0] INFO  datanode.InitDatanodeState (InitDatanodeState.java:persistContainerDatanodeDetails(140)) - DatanodeDetails is persisted to /workdir/hadoop-ozone/integration-test/target/test-dir/MiniOzoneClusterImpl-9edea9b3-9569-4a41-9435-4a26f33ebb8c/datanode-3/meta/datanode.id
2019-10-15 11:06:51,203 [main] INFO  volume.HddsVolume (HddsVolume.java:<init>(176)) - Creating Volume: /workdir/hadoop-ozone/integration-test/target/test-dir/MiniOzoneClusterImpl-9edea9b3-9569-4a41-9435-4a26f33ebb8c/datanode-4/data/containers/hdds of  storage type : DISK and capacity : 1482555576320
2019-10-15 11:06:51,203 [main] INFO  volume.VolumeSet (VolumeSet.java:initializeVolumeSet(170)) - Added Volume : /workdir/hadoop-ozone/integration-test/target/test-dir/MiniOzoneClusterImpl-9edea9b3-9569-4a41-9435-4a26f33ebb8c/datanode-4/data/containers/hdds to VolumeSet
2019-10-15 11:06:51,203 [main] INFO  volume.ThrottledAsyncChecker (ThrottledAsyncChecker.java:schedule(141)) - Scheduling a check for /workdir/hadoop-ozone/integration-test/target/test-dir/MiniOzoneClusterImpl-9edea9b3-9569-4a41-9435-4a26f33ebb8c/datanode-4/data/containers/hdds
2019-10-15 11:06:51,204 [main] INFO  volume.HddsVolumeChecker (HddsVolumeChecker.java:checkAllVolumes(204)) - Scheduled health check for volume /workdir/hadoop-ozone/integration-test/target/test-dir/MiniOzoneClusterImpl-9edea9b3-9569-4a41-9435-4a26f33ebb8c/datanode-4/data/containers/hdds
2019-10-15 11:06:51,216 [main] INFO  impl.RaftServerProxy (ConfUtils.java:logGet(43)) - raft.rpc.type = GRPC (default)
2019-10-15 11:06:51,216 [main] INFO  grpc.GrpcFactory (GrpcFactory.java:checkPooledByteBufAllocatorUseCacheForAllThreads(45)) - PERFORMANCE WARNING: useCacheForAllThreads is true that may cause Netty to create a lot garbage objects and, as a result, trigger GC.
	It is recommended to disable useCacheForAllThreads by setting -Dorg.apache.ratis.thirdparty.io.netty.allocator.useCacheForAllThreads=false in command line.
2019-10-15 11:06:51,217 [main] INFO  grpc.GrpcConfigKeys$Server (ConfUtils.java:logGet(43)) - raft.grpc.server.port = 0 (default)
2019-10-15 11:06:51,217 [main] INFO  server.GrpcService (ConfUtils.java:logGet(43)) - raft.grpc.message.size.max = 33570816 (custom)
2019-10-15 11:06:51,217 [main] INFO  server.RaftServerConfigKeys (ConfUtils.java:logGet(43)) - raft.server.log.appender.buffer.byte-limit = 33554432 (custom)
2019-10-15 11:06:51,218 [main] INFO  server.GrpcService (ConfUtils.java:logGet(43)) - raft.grpc.flow.control.window = 1MB (=1048576) (default)
2019-10-15 11:06:51,218 [main] INFO  server.RaftServerConfigKeys (ConfUtils.java:logGet(43)) - raft.server.rpc.request.timeout = 3000ms (default)
2019-10-15 11:06:51,218 [main] INFO  server.RaftServerConfigKeys (ConfUtils.java:logGet(43)) - raft.server.storage.dir = [/workdir/hadoop-ozone/integration-test/target/test-dir/MiniOzoneClusterImpl-9edea9b3-9569-4a41-9435-4a26f33ebb8c/datanode-4/data/ratis] (custom)
2019-10-15 11:06:51,220 [main] INFO  hdfs.DFSUtil (DFSUtil.java:httpServerTemplateForNNAndJN(1641)) - Starting Web-server for hddsDatanode at: http://0.0.0.0:0
2019-10-15 11:06:51,221 [main] INFO  server.AuthenticationFilter (AuthenticationFilter.java:constructSecretProvider(240)) - Unable to initialize FileSignerSecretProvider, falling back to use random secrets.
2019-10-15 11:06:51,221 [main] WARN  http.HttpRequestLog (HttpRequestLog.java:getRequestLog(97)) - Jetty request log can only be enabled using Log4j
2019-10-15 11:06:51,223 [main] INFO  http.HttpServer2 (HttpServer2.java:addGlobalFilter(975)) - Added global filter 'safety' (class=org.apache.hadoop.http.HttpServer2$QuotingInputFilter)
2019-10-15 11:06:51,223 [main] INFO  http.HttpServer2 (HttpServer2.java:addFilter(948)) - Added filter static_user_filter (class=org.apache.hadoop.http.lib.StaticUserWebFilter$StaticUserFilter) to context hddsDatanode
2019-10-15 11:06:51,223 [main] INFO  http.HttpServer2 (HttpServer2.java:addFilter(958)) - Added filter static_user_filter (class=org.apache.hadoop.http.lib.StaticUserWebFilter$StaticUserFilter) to context static
2019-10-15 11:06:51,223 [main] INFO  http.HttpServer2 (HttpServer2.java:addFilter(958)) - Added filter static_user_filter (class=org.apache.hadoop.http.lib.StaticUserWebFilter$StaticUserFilter) to context logs
2019-10-15 11:06:51,224 [main] INFO  http.HttpServer2 (HttpServer2.java:bindListener(1191)) - Jetty bound to port 35781
2019-10-15 11:06:51,224 [main] INFO  server.Server (Server.java:doStart(351)) - jetty-9.3.25.v20180904, build timestamp: 2018-09-04T21:11:46Z, git hash: 3ce520221d0240229c862b122d2b06c12a625732
2019-10-15 11:06:51,226 [main] INFO  handler.ContextHandler (ContextHandler.java:doStart(781)) - Started o.e.j.s.ServletContextHandler@7698b7a4{/logs,file:///workdir/hadoop-ozone/integration-test/target/log,AVAILABLE}
2019-10-15 11:06:51,226 [main] INFO  handler.ContextHandler (ContextHandler.java:doStart(781)) - Started o.e.j.s.ServletContextHandler@28157173{/static,jar:file:/home/user/.m2/repository/org/apache/hadoop/hadoop-hdds-container-service/0.5.0-SNAPSHOT/hadoop-hdds-container-service-0.5.0-SNAPSHOT.jar!/webapps/static,AVAILABLE}
2019-10-15 11:06:51,254 [main] INFO  handler.ContextHandler (ContextHandler.java:doStart(781)) - Started o.e.j.w.WebAppContext@62b09715{/,file:///tmp/jetty-0.0.0.0-35781-hddsDatanode-_-any-1256884800102461836.dir/webapp/,AVAILABLE}{/hddsDatanode}
2019-10-15 11:06:51,255 [main] INFO  server.AbstractConnector (AbstractConnector.java:doStart(278)) - Started ServerConnector@3e214105{HTTP/1.1,[http/1.1]}{0.0.0.0:35781}
2019-10-15 11:06:51,256 [main] INFO  server.Server (Server.java:doStart(419)) - Started @112708ms
2019-10-15 11:06:51,256 [main] WARN  impl.MetricsSystemImpl (MetricsSystemImpl.java:register(276)) - Sink prometheus already exists!
2019-10-15 11:06:51,257 [main] INFO  server.BaseHttpServer (BaseHttpServer.java:updateConnectorAddress(215)) - HTTP server of HDDSDATANODE is listening at http://0.0.0.0:35781
2019-10-15 11:06:51,257 [main] INFO  impl.MetricsSystemImpl (MetricsSystemImpl.java:init(158)) - HddsDatanode metrics system started (again)
2019-10-15 11:06:51,260 [org.apache.hadoop.util.JvmPauseMonitor$Monitor@3c76f590] INFO  util.JvmPauseMonitor (JvmPauseMonitor.java:run(188)) - Starting JVM pause monitor
2019-10-15 11:06:51,261 [main] INFO  ozone.HddsDatanodeService (HddsDatanodeService.java:start(184)) - HddsDatanodeService host:pr-hdds-2206-66z5g-837117227 ip:192.168.164.236
2019-10-15 11:06:51,263 [Datanode State Machine Thread - 0] INFO  datanode.InitDatanodeState (InitDatanodeState.java:persistContainerDatanodeDetails(140)) - DatanodeDetails is persisted to /workdir/hadoop-ozone/integration-test/target/test-dir/MiniOzoneClusterImpl-9edea9b3-9569-4a41-9435-4a26f33ebb8c/datanode-4/meta/datanode.id
2019-10-15 11:06:51,266 [main] INFO  volume.HddsVolume (HddsVolume.java:<init>(176)) - Creating Volume: /workdir/hadoop-ozone/integration-test/target/test-dir/MiniOzoneClusterImpl-9edea9b3-9569-4a41-9435-4a26f33ebb8c/datanode-5/data/containers/hdds of  storage type : DISK and capacity : 1482555576320
2019-10-15 11:06:51,266 [main] INFO  volume.VolumeSet (VolumeSet.java:initializeVolumeSet(170)) - Added Volume : /workdir/hadoop-ozone/integration-test/target/test-dir/MiniOzoneClusterImpl-9edea9b3-9569-4a41-9435-4a26f33ebb8c/datanode-5/data/containers/hdds to VolumeSet
2019-10-15 11:06:51,267 [main] INFO  volume.ThrottledAsyncChecker (ThrottledAsyncChecker.java:schedule(141)) - Scheduling a check for /workdir/hadoop-ozone/integration-test/target/test-dir/MiniOzoneClusterImpl-9edea9b3-9569-4a41-9435-4a26f33ebb8c/datanode-5/data/containers/hdds
2019-10-15 11:06:51,267 [main] INFO  volume.HddsVolumeChecker (HddsVolumeChecker.java:checkAllVolumes(204)) - Scheduled health check for volume /workdir/hadoop-ozone/integration-test/target/test-dir/MiniOzoneClusterImpl-9edea9b3-9569-4a41-9435-4a26f33ebb8c/datanode-5/data/containers/hdds
2019-10-15 11:06:51,279 [main] INFO  impl.RaftServerProxy (ConfUtils.java:logGet(43)) - raft.rpc.type = GRPC (default)
2019-10-15 11:06:51,279 [main] INFO  grpc.GrpcFactory (GrpcFactory.java:checkPooledByteBufAllocatorUseCacheForAllThreads(45)) - PERFORMANCE WARNING: useCacheForAllThreads is true that may cause Netty to create a lot garbage objects and, as a result, trigger GC.
	It is recommended to disable useCacheForAllThreads by setting -Dorg.apache.ratis.thirdparty.io.netty.allocator.useCacheForAllThreads=false in command line.
2019-10-15 11:06:51,279 [main] INFO  grpc.GrpcConfigKeys$Server (ConfUtils.java:logGet(43)) - raft.grpc.server.port = 0 (default)
2019-10-15 11:06:51,280 [main] INFO  server.GrpcService (ConfUtils.java:logGet(43)) - raft.grpc.message.size.max = 33570816 (custom)
2019-10-15 11:06:51,280 [main] INFO  server.RaftServerConfigKeys (ConfUtils.java:logGet(43)) - raft.server.log.appender.buffer.byte-limit = 33554432 (custom)
2019-10-15 11:06:51,280 [main] INFO  server.GrpcService (ConfUtils.java:logGet(43)) - raft.grpc.flow.control.window = 1MB (=1048576) (default)
2019-10-15 11:06:51,280 [main] INFO  server.RaftServerConfigKeys (ConfUtils.java:logGet(43)) - raft.server.rpc.request.timeout = 3000ms (default)
2019-10-15 11:06:51,281 [main] INFO  server.RaftServerConfigKeys (ConfUtils.java:logGet(43)) - raft.server.storage.dir = [/workdir/hadoop-ozone/integration-test/target/test-dir/MiniOzoneClusterImpl-9edea9b3-9569-4a41-9435-4a26f33ebb8c/datanode-5/data/ratis] (custom)
2019-10-15 11:06:51,282 [main] INFO  hdfs.DFSUtil (DFSUtil.java:httpServerTemplateForNNAndJN(1641)) - Starting Web-server for hddsDatanode at: http://0.0.0.0:0
2019-10-15 11:06:51,283 [main] INFO  server.AuthenticationFilter (AuthenticationFilter.java:constructSecretProvider(240)) - Unable to initialize FileSignerSecretProvider, falling back to use random secrets.
2019-10-15 11:06:51,284 [main] WARN  http.HttpRequestLog (HttpRequestLog.java:getRequestLog(97)) - Jetty request log can only be enabled using Log4j
2019-10-15 11:06:51,285 [main] INFO  http.HttpServer2 (HttpServer2.java:addGlobalFilter(975)) - Added global filter 'safety' (class=org.apache.hadoop.http.HttpServer2$QuotingInputFilter)
2019-10-15 11:06:51,286 [main] INFO  http.HttpServer2 (HttpServer2.java:addFilter(948)) - Added filter static_user_filter (class=org.apache.hadoop.http.lib.StaticUserWebFilter$StaticUserFilter) to context hddsDatanode
2019-10-15 11:06:51,286 [main] INFO  http.HttpServer2 (HttpServer2.java:addFilter(958)) - Added filter static_user_filter (class=org.apache.hadoop.http.lib.StaticUserWebFilter$StaticUserFilter) to context logs
2019-10-15 11:06:51,286 [main] INFO  http.HttpServer2 (HttpServer2.java:addFilter(958)) - Added filter static_user_filter (class=org.apache.hadoop.http.lib.StaticUserWebFilter$StaticUserFilter) to context static
2019-10-15 11:06:51,287 [main] INFO  http.HttpServer2 (HttpServer2.java:bindListener(1191)) - Jetty bound to port 35706
2019-10-15 11:06:51,287 [main] INFO  server.Server (Server.java:doStart(351)) - jetty-9.3.25.v20180904, build timestamp: 2018-09-04T21:11:46Z, git hash: 3ce520221d0240229c862b122d2b06c12a625732
2019-10-15 11:06:51,289 [main] INFO  handler.ContextHandler (ContextHandler.java:doStart(781)) - Started o.e.j.s.ServletContextHandler@23ad71bf{/logs,file:///workdir/hadoop-ozone/integration-test/target/log,AVAILABLE}
2019-10-15 11:06:51,290 [main] INFO  handler.ContextHandler (ContextHandler.java:doStart(781)) - Started o.e.j.s.ServletContextHandler@629a9f26{/static,jar:file:/home/user/.m2/repository/org/apache/hadoop/hadoop-hdds-container-service/0.5.0-SNAPSHOT/hadoop-hdds-container-service-0.5.0-SNAPSHOT.jar!/webapps/static,AVAILABLE}
2019-10-15 11:06:51,318 [main] INFO  handler.ContextHandler (ContextHandler.java:doStart(781)) - Started o.e.j.w.WebAppContext@17207f5b{/,file:///tmp/jetty-0.0.0.0-35706-hddsDatanode-_-any-1006931703434913355.dir/webapp/,AVAILABLE}{/hddsDatanode}
2019-10-15 11:06:51,318 [main] INFO  server.AbstractConnector (AbstractConnector.java:doStart(278)) - Started ServerConnector@373052b5{HTTP/1.1,[http/1.1]}{0.0.0.0:35706}
2019-10-15 11:06:51,319 [main] INFO  server.Server (Server.java:doStart(419)) - Started @112771ms
2019-10-15 11:06:51,319 [main] WARN  impl.MetricsSystemImpl (MetricsSystemImpl.java:register(276)) - Sink prometheus already exists!
2019-10-15 11:06:51,320 [main] INFO  server.BaseHttpServer (BaseHttpServer.java:updateConnectorAddress(215)) - HTTP server of HDDSDATANODE is listening at http://0.0.0.0:35706
2019-10-15 11:06:51,320 [main] INFO  impl.MetricsSystemImpl (MetricsSystemImpl.java:init(158)) - HddsDatanode metrics system started (again)
2019-10-15 11:06:51,324 [org.apache.hadoop.util.JvmPauseMonitor$Monitor@5dda59c4] INFO  util.JvmPauseMonitor (JvmPauseMonitor.java:run(188)) - Starting JVM pause monitor
2019-10-15 11:06:51,324 [main] INFO  ozone.HddsDatanodeService (HddsDatanodeService.java:start(184)) - HddsDatanodeService host:pr-hdds-2206-66z5g-837117227 ip:192.168.164.236
2019-10-15 11:06:51,325 [Datanode State Machine Thread - 0] INFO  datanode.InitDatanodeState (InitDatanodeState.java:persistContainerDatanodeDetails(140)) - DatanodeDetails is persisted to /workdir/hadoop-ozone/integration-test/target/test-dir/MiniOzoneClusterImpl-9edea9b3-9569-4a41-9435-4a26f33ebb8c/datanode-5/meta/datanode.id
2019-10-15 11:06:51,330 [main] INFO  volume.HddsVolume (HddsVolume.java:<init>(176)) - Creating Volume: /workdir/hadoop-ozone/integration-test/target/test-dir/MiniOzoneClusterImpl-9edea9b3-9569-4a41-9435-4a26f33ebb8c/datanode-6/data/containers/hdds of  storage type : DISK and capacity : 1482555576320
2019-10-15 11:06:51,330 [main] INFO  volume.VolumeSet (VolumeSet.java:initializeVolumeSet(170)) - Added Volume : /workdir/hadoop-ozone/integration-test/target/test-dir/MiniOzoneClusterImpl-9edea9b3-9569-4a41-9435-4a26f33ebb8c/datanode-6/data/containers/hdds to VolumeSet
2019-10-15 11:06:51,330 [main] INFO  volume.ThrottledAsyncChecker (ThrottledAsyncChecker.java:schedule(141)) - Scheduling a check for /workdir/hadoop-ozone/integration-test/target/test-dir/MiniOzoneClusterImpl-9edea9b3-9569-4a41-9435-4a26f33ebb8c/datanode-6/data/containers/hdds
2019-10-15 11:06:51,331 [main] INFO  volume.HddsVolumeChecker (HddsVolumeChecker.java:checkAllVolumes(204)) - Scheduled health check for volume /workdir/hadoop-ozone/integration-test/target/test-dir/MiniOzoneClusterImpl-9edea9b3-9569-4a41-9435-4a26f33ebb8c/datanode-6/data/containers/hdds
2019-10-15 11:06:51,344 [main] INFO  impl.RaftServerProxy (ConfUtils.java:logGet(43)) - raft.rpc.type = GRPC (default)
2019-10-15 11:06:51,344 [main] INFO  grpc.GrpcFactory (GrpcFactory.java:checkPooledByteBufAllocatorUseCacheForAllThreads(45)) - PERFORMANCE WARNING: useCacheForAllThreads is true that may cause Netty to create a lot garbage objects and, as a result, trigger GC.
	It is recommended to disable useCacheForAllThreads by setting -Dorg.apache.ratis.thirdparty.io.netty.allocator.useCacheForAllThreads=false in command line.
2019-10-15 11:06:51,344 [main] INFO  grpc.GrpcConfigKeys$Server (ConfUtils.java:logGet(43)) - raft.grpc.server.port = 0 (default)
2019-10-15 11:06:51,345 [main] INFO  server.GrpcService (ConfUtils.java:logGet(43)) - raft.grpc.message.size.max = 33570816 (custom)
2019-10-15 11:06:51,345 [main] INFO  server.RaftServerConfigKeys (ConfUtils.java:logGet(43)) - raft.server.log.appender.buffer.byte-limit = 33554432 (custom)
2019-10-15 11:06:51,345 [main] INFO  server.GrpcService (ConfUtils.java:logGet(43)) - raft.grpc.flow.control.window = 1MB (=1048576) (default)
2019-10-15 11:06:51,345 [main] INFO  server.RaftServerConfigKeys (ConfUtils.java:logGet(43)) - raft.server.rpc.request.timeout = 3000ms (default)
2019-10-15 11:06:51,346 [main] INFO  server.RaftServerConfigKeys (ConfUtils.java:logGet(43)) - raft.server.storage.dir = [/workdir/hadoop-ozone/integration-test/target/test-dir/MiniOzoneClusterImpl-9edea9b3-9569-4a41-9435-4a26f33ebb8c/datanode-6/data/ratis] (custom)
2019-10-15 11:06:51,347 [main] INFO  hdfs.DFSUtil (DFSUtil.java:httpServerTemplateForNNAndJN(1641)) - Starting Web-server for hddsDatanode at: http://0.0.0.0:0
2019-10-15 11:06:51,348 [main] INFO  server.AuthenticationFilter (AuthenticationFilter.java:constructSecretProvider(240)) - Unable to initialize FileSignerSecretProvider, falling back to use random secrets.
2019-10-15 11:06:51,348 [main] WARN  http.HttpRequestLog (HttpRequestLog.java:getRequestLog(97)) - Jetty request log can only be enabled using Log4j
2019-10-15 11:06:51,350 [main] INFO  http.HttpServer2 (HttpServer2.java:addGlobalFilter(975)) - Added global filter 'safety' (class=org.apache.hadoop.http.HttpServer2$QuotingInputFilter)
2019-10-15 11:06:51,350 [main] INFO  http.HttpServer2 (HttpServer2.java:addFilter(948)) - Added filter static_user_filter (class=org.apache.hadoop.http.lib.StaticUserWebFilter$StaticUserFilter) to context hddsDatanode
2019-10-15 11:06:51,350 [main] INFO  http.HttpServer2 (HttpServer2.java:addFilter(958)) - Added filter static_user_filter (class=org.apache.hadoop.http.lib.StaticUserWebFilter$StaticUserFilter) to context static
2019-10-15 11:06:51,351 [main] INFO  http.HttpServer2 (HttpServer2.java:addFilter(958)) - Added filter static_user_filter (class=org.apache.hadoop.http.lib.StaticUserWebFilter$StaticUserFilter) to context logs
2019-10-15 11:06:51,351 [main] INFO  http.HttpServer2 (HttpServer2.java:bindListener(1191)) - Jetty bound to port 32791
2019-10-15 11:06:51,351 [main] INFO  server.Server (Server.java:doStart(351)) - jetty-9.3.25.v20180904, build timestamp: 2018-09-04T21:11:46Z, git hash: 3ce520221d0240229c862b122d2b06c12a625732
2019-10-15 11:06:51,353 [main] INFO  handler.ContextHandler (ContextHandler.java:doStart(781)) - Started o.e.j.s.ServletContextHandler@2da81754{/logs,file:///workdir/hadoop-ozone/integration-test/target/log,AVAILABLE}
2019-10-15 11:06:51,354 [main] INFO  handler.ContextHandler (ContextHandler.java:doStart(781)) - Started o.e.j.s.ServletContextHandler@30bf26df{/static,jar:file:/home/user/.m2/repository/org/apache/hadoop/hadoop-hdds-container-service/0.5.0-SNAPSHOT/hadoop-hdds-container-service-0.5.0-SNAPSHOT.jar!/webapps/static,AVAILABLE}
2019-10-15 11:06:51,382 [main] INFO  handler.ContextHandler (ContextHandler.java:doStart(781)) - Started o.e.j.w.WebAppContext@60f77af{/,file:///tmp/jetty-0.0.0.0-32791-hddsDatanode-_-any-8155047930558345155.dir/webapp/,AVAILABLE}{/hddsDatanode}
2019-10-15 11:06:51,382 [main] INFO  server.AbstractConnector (AbstractConnector.java:doStart(278)) - Started ServerConnector@2574a9e3{HTTP/1.1,[http/1.1]}{0.0.0.0:32791}
2019-10-15 11:06:51,383 [main] INFO  server.Server (Server.java:doStart(419)) - Started @112835ms
2019-10-15 11:06:51,383 [main] WARN  impl.MetricsSystemImpl (MetricsSystemImpl.java:register(276)) - Sink prometheus already exists!
2019-10-15 11:06:51,384 [main] INFO  server.BaseHttpServer (BaseHttpServer.java:updateConnectorAddress(215)) - HTTP server of HDDSDATANODE is listening at http://0.0.0.0:32791
2019-10-15 11:06:51,384 [main] INFO  ozone.MiniOzoneClusterImpl (MiniOzoneClusterImpl.java:lambda$waitForClusterToBeReady$0(147)) - Waiting for cluster to be ready. Got 0 of 7 DN Heartbeats.
2019-10-15 11:06:51,385 [org.apache.hadoop.util.JvmPauseMonitor$Monitor@67d897d6] INFO  util.JvmPauseMonitor (JvmPauseMonitor.java:run(188)) - Starting JVM pause monitor
2019-10-15 11:06:51,387 [Datanode State Machine Thread - 0] INFO  datanode.InitDatanodeState (InitDatanodeState.java:persistContainerDatanodeDetails(140)) - DatanodeDetails is persisted to /workdir/hadoop-ozone/integration-test/target/test-dir/MiniOzoneClusterImpl-9edea9b3-9569-4a41-9435-4a26f33ebb8c/datanode-6/meta/datanode.id
2019-10-15 11:06:52,384 [main] INFO  ozone.MiniOzoneClusterImpl (MiniOzoneClusterImpl.java:lambda$waitForClusterToBeReady$0(147)) - Waiting for cluster to be ready. Got 0 of 7 DN Heartbeats.
2019-10-15 11:06:52,990 [Datanode State Machine Thread - 0] INFO  ozoneimpl.OzoneContainer (OzoneContainer.java:start(213)) - Attempting to start container services.
2019-10-15 11:06:52,991 [Datanode State Machine Thread - 0] INFO  ozoneimpl.OzoneContainer (OzoneContainer.java:startContainerScrub(177)) - Background container scanner has been disabled.
2019-10-15 11:06:52,991 [Datanode State Machine Thread - 0] INFO  ratis.XceiverServerRatis (XceiverServerRatis.java:start(418)) - Starting XceiverServerRatis be9597ef-b570-48ad-aabf-704ceba5f827 at port 0
2019-10-15 11:06:52,998 [Datanode State Machine Thread - 0] INFO  impl.RaftServerProxy (RaftServerProxy.java:lambda$start$3(299)) - be9597ef-b570-48ad-aabf-704ceba5f827: start RPC server
2019-10-15 11:06:53,000 [Datanode State Machine Thread - 0] INFO  server.GrpcService (GrpcService.java:startImpl(158)) - be9597ef-b570-48ad-aabf-704ceba5f827: GrpcService started, listening on 0.0.0.0/0.0.0.0:34704
2019-10-15 11:06:53,000 [Datanode State Machine Thread - 0] INFO  ratis.XceiverServerRatis (XceiverServerRatis.java:start(428)) - XceiverServerRatis be9597ef-b570-48ad-aabf-704ceba5f827 is started using port 34704
2019-10-15 11:06:53,000 [Datanode State Machine Thread - 0] INFO  server.XceiverServerGrpc (XceiverServerGrpc.java:start(149)) - XceiverServerGrpc be9597ef-b570-48ad-aabf-704ceba5f827 is started using port 39075
2019-10-15 11:06:53,049 [Datanode State Machine Thread - 0] INFO  ozoneimpl.OzoneContainer (OzoneContainer.java:start(213)) - Attempting to start container services.
2019-10-15 11:06:53,049 [Datanode State Machine Thread - 0] INFO  ozoneimpl.OzoneContainer (OzoneContainer.java:startContainerScrub(177)) - Background container scanner has been disabled.
2019-10-15 11:06:53,049 [Datanode State Machine Thread - 0] INFO  ratis.XceiverServerRatis (XceiverServerRatis.java:start(418)) - Starting XceiverServerRatis 71ebee1b-c852-47fb-b7e8-4041ab86c240 at port 0
2019-10-15 11:06:53,057 [Datanode State Machine Thread - 0] INFO  impl.RaftServerProxy (RaftServerProxy.java:lambda$start$3(299)) - 71ebee1b-c852-47fb-b7e8-4041ab86c240: start RPC server
2019-10-15 11:06:53,058 [Datanode State Machine Thread - 0] INFO  server.GrpcService (GrpcService.java:startImpl(158)) - 71ebee1b-c852-47fb-b7e8-4041ab86c240: GrpcService started, listening on 0.0.0.0/0.0.0.0:34729
2019-10-15 11:06:53,059 [Datanode State Machine Thread - 0] INFO  ratis.XceiverServerRatis (XceiverServerRatis.java:start(428)) - XceiverServerRatis 71ebee1b-c852-47fb-b7e8-4041ab86c240 is started using port 34729
2019-10-15 11:06:53,059 [Datanode State Machine Thread - 0] INFO  server.XceiverServerGrpc (XceiverServerGrpc.java:start(149)) - XceiverServerGrpc 71ebee1b-c852-47fb-b7e8-4041ab86c240 is started using port 44048
2019-10-15 11:06:53,149 [Datanode State Machine Thread - 0] INFO  ozoneimpl.OzoneContainer (OzoneContainer.java:start(213)) - Attempting to start container services.
2019-10-15 11:06:53,151 [Datanode State Machine Thread - 0] INFO  ozoneimpl.OzoneContainer (OzoneContainer.java:startContainerScrub(177)) - Background container scanner has been disabled.
2019-10-15 11:06:53,151 [Datanode State Machine Thread - 0] INFO  ratis.XceiverServerRatis (XceiverServerRatis.java:start(418)) - Starting XceiverServerRatis d6d9a674-7f3a-482e-be06-219964726ba5 at port 0
2019-10-15 11:06:53,159 [Datanode State Machine Thread - 0] INFO  impl.RaftServerProxy (RaftServerProxy.java:lambda$start$3(299)) - d6d9a674-7f3a-482e-be06-219964726ba5: start RPC server
2019-10-15 11:06:53,160 [Datanode State Machine Thread - 0] INFO  server.GrpcService (GrpcService.java:startImpl(158)) - d6d9a674-7f3a-482e-be06-219964726ba5: GrpcService started, listening on 0.0.0.0/0.0.0.0:40950
2019-10-15 11:06:53,160 [Datanode State Machine Thread - 0] INFO  ratis.XceiverServerRatis (XceiverServerRatis.java:start(428)) - XceiverServerRatis d6d9a674-7f3a-482e-be06-219964726ba5 is started using port 40950
2019-10-15 11:06:53,160 [Datanode State Machine Thread - 0] INFO  server.XceiverServerGrpc (XceiverServerGrpc.java:start(149)) - XceiverServerGrpc d6d9a674-7f3a-482e-be06-219964726ba5 is started using port 40719
2019-10-15 11:06:53,224 [Datanode State Machine Thread - 0] INFO  ozoneimpl.OzoneContainer (OzoneContainer.java:start(213)) - Attempting to start container services.
2019-10-15 11:06:53,225 [Datanode State Machine Thread - 0] INFO  ozoneimpl.OzoneContainer (OzoneContainer.java:startContainerScrub(177)) - Background container scanner has been disabled.
2019-10-15 11:06:53,225 [Datanode State Machine Thread - 0] INFO  ratis.XceiverServerRatis (XceiverServerRatis.java:start(418)) - Starting XceiverServerRatis 144b8dad-4f9f-4727-95df-54da78a09e68 at port 0
2019-10-15 11:06:53,233 [Datanode State Machine Thread - 0] INFO  impl.RaftServerProxy (RaftServerProxy.java:lambda$start$3(299)) - 144b8dad-4f9f-4727-95df-54da78a09e68: start RPC server
2019-10-15 11:06:53,235 [Datanode State Machine Thread - 0] INFO  server.GrpcService (GrpcService.java:startImpl(158)) - 144b8dad-4f9f-4727-95df-54da78a09e68: GrpcService started, listening on 0.0.0.0/0.0.0.0:43161
2019-10-15 11:06:53,235 [Datanode State Machine Thread - 0] INFO  ratis.XceiverServerRatis (XceiverServerRatis.java:start(428)) - XceiverServerRatis 144b8dad-4f9f-4727-95df-54da78a09e68 is started using port 43161
2019-10-15 11:06:53,237 [Datanode State Machine Thread - 0] INFO  server.XceiverServerGrpc (XceiverServerGrpc.java:start(149)) - XceiverServerGrpc 144b8dad-4f9f-4727-95df-54da78a09e68 is started using port 35570
2019-10-15 11:06:53,291 [Datanode State Machine Thread - 0] INFO  ozoneimpl.OzoneContainer (OzoneContainer.java:start(213)) - Attempting to start container services.
2019-10-15 11:06:53,292 [Datanode State Machine Thread - 0] INFO  ozoneimpl.OzoneContainer (OzoneContainer.java:startContainerScrub(177)) - Background container scanner has been disabled.
2019-10-15 11:06:53,292 [Datanode State Machine Thread - 0] INFO  ratis.XceiverServerRatis (XceiverServerRatis.java:start(418)) - Starting XceiverServerRatis 172a2998-bf86-4637-a4be-957637693d81 at port 0
2019-10-15 11:06:53,299 [Datanode State Machine Thread - 0] INFO  impl.RaftServerProxy (RaftServerProxy.java:lambda$start$3(299)) - 172a2998-bf86-4637-a4be-957637693d81: start RPC server
2019-10-15 11:06:53,302 [Datanode State Machine Thread - 0] INFO  server.GrpcService (GrpcService.java:startImpl(158)) - 172a2998-bf86-4637-a4be-957637693d81: GrpcService started, listening on 0.0.0.0/0.0.0.0:39655
2019-10-15 11:06:53,302 [Datanode State Machine Thread - 0] INFO  ratis.XceiverServerRatis (XceiverServerRatis.java:start(428)) - XceiverServerRatis 172a2998-bf86-4637-a4be-957637693d81 is started using port 39655
2019-10-15 11:06:53,303 [Datanode State Machine Thread - 0] INFO  server.XceiverServerGrpc (XceiverServerGrpc.java:start(149)) - XceiverServerGrpc 172a2998-bf86-4637-a4be-957637693d81 is started using port 42611
2019-10-15 11:06:53,350 [Datanode State Machine Thread - 0] INFO  ozoneimpl.OzoneContainer (OzoneContainer.java:start(213)) - Attempting to start container services.
2019-10-15 11:06:53,350 [Datanode State Machine Thread - 0] INFO  ozoneimpl.OzoneContainer (OzoneContainer.java:startContainerScrub(177)) - Background container scanner has been disabled.
2019-10-15 11:06:53,351 [Datanode State Machine Thread - 0] INFO  ratis.XceiverServerRatis (XceiverServerRatis.java:start(418)) - Starting XceiverServerRatis 30423d70-6000-4cba-8127-04288b0f86e4 at port 0
2019-10-15 11:06:53,358 [Datanode State Machine Thread - 0] INFO  impl.RaftServerProxy (RaftServerProxy.java:lambda$start$3(299)) - 30423d70-6000-4cba-8127-04288b0f86e4: start RPC server
2019-10-15 11:06:53,362 [Datanode State Machine Thread - 0] INFO  server.GrpcService (GrpcService.java:startImpl(158)) - 30423d70-6000-4cba-8127-04288b0f86e4: GrpcService started, listening on 0.0.0.0/0.0.0.0:45472
2019-10-15 11:06:53,362 [Datanode State Machine Thread - 0] INFO  ratis.XceiverServerRatis (XceiverServerRatis.java:start(428)) - XceiverServerRatis 30423d70-6000-4cba-8127-04288b0f86e4 is started using port 45472
2019-10-15 11:06:53,364 [Datanode State Machine Thread - 0] INFO  server.XceiverServerGrpc (XceiverServerGrpc.java:start(149)) - XceiverServerGrpc 30423d70-6000-4cba-8127-04288b0f86e4 is started using port 40547
2019-10-15 11:06:53,385 [main] INFO  ozone.MiniOzoneClusterImpl (MiniOzoneClusterImpl.java:lambda$waitForClusterToBeReady$0(147)) - Waiting for cluster to be ready. Got 0 of 7 DN Heartbeats.
2019-10-15 11:06:53,409 [Datanode State Machine Thread - 0] INFO  ozoneimpl.OzoneContainer (OzoneContainer.java:start(213)) - Attempting to start container services.
2019-10-15 11:06:53,409 [Datanode State Machine Thread - 0] INFO  ozoneimpl.OzoneContainer (OzoneContainer.java:startContainerScrub(177)) - Background container scanner has been disabled.
2019-10-15 11:06:53,409 [Datanode State Machine Thread - 0] INFO  ratis.XceiverServerRatis (XceiverServerRatis.java:start(418)) - Starting XceiverServerRatis 95378f2b-3bc4-4d23-a590-934def3bd7b0 at port 0
2019-10-15 11:06:53,416 [Datanode State Machine Thread - 0] INFO  impl.RaftServerProxy (RaftServerProxy.java:lambda$start$3(299)) - 95378f2b-3bc4-4d23-a590-934def3bd7b0: start RPC server
2019-10-15 11:06:53,429 [Datanode State Machine Thread - 0] INFO  server.GrpcService (GrpcService.java:startImpl(158)) - 95378f2b-3bc4-4d23-a590-934def3bd7b0: GrpcService started, listening on 0.0.0.0/0.0.0.0:40207
2019-10-15 11:06:53,429 [Datanode State Machine Thread - 0] INFO  ratis.XceiverServerRatis (XceiverServerRatis.java:start(428)) - XceiverServerRatis 95378f2b-3bc4-4d23-a590-934def3bd7b0 is started using port 40207
2019-10-15 11:06:53,430 [Datanode State Machine Thread - 0] INFO  server.XceiverServerGrpc (XceiverServerGrpc.java:start(149)) - XceiverServerGrpc 95378f2b-3bc4-4d23-a590-934def3bd7b0 is started using port 45636
2019-10-15 11:06:54,386 [main] INFO  ozone.MiniOzoneClusterImpl (MiniOzoneClusterImpl.java:lambda$waitForClusterToBeReady$0(147)) - Waiting for cluster to be ready. Got 0 of 7 DN Heartbeats.
2019-10-15 11:06:54,961 [IPC Server handler 0 on 42519] INFO  net.NetworkTopology (NetworkTopologyImpl.java:add(111)) - Added a new node: /default-rack/be9597ef-b570-48ad-aabf-704ceba5f827
2019-10-15 11:06:54,963 [IPC Server handler 0 on 42519] INFO  node.SCMNodeManager (SCMNodeManager.java:register(268)) - Registered Data node : be9597ef-b570-48ad-aabf-704ceba5f827{ip: 192.168.164.236, host: pr-hdds-2206-66z5g-837117227, networkLocation: /default-rack, certSerialId: null}
2019-10-15 11:06:54,964 [EventQueue-NodeRegistrationContainerReportForDataNodeSafeModeRule] INFO  safemode.SCMSafeModeManager (DataNodeSafeModeRule.java:process(71)) - SCM in safe mode. 1 DataNodes registered, 1 required.
2019-10-15 11:06:54,967 [EventQueue-NodeRegistrationContainerReportForDataNodeSafeModeRule] INFO  safemode.SCMSafeModeManager (SCMSafeModeManager.java:validateSafeModeExitRules(177)) - ScmSafeModeManager, all rules are successfully validated
2019-10-15 11:06:54,967 [EventQueue-NodeRegistrationContainerReportForDataNodeSafeModeRule] INFO  safemode.SCMSafeModeManager (SCMSafeModeManager.java:exitSafeMode(193)) - SCM exiting safe mode.
2019-10-15 11:06:54,979 [grpc-default-executor-3] INFO  impl.RaftServerProxy (RaftServerProxy.java:addNew(89)) - be9597ef-b570-48ad-aabf-704ceba5f827: addNew group-2CF454F324E4:[be9597ef-b570-48ad-aabf-704ceba5f827:192.168.164.236:34704] returns group-2CF454F324E4:java.util.concurrent.CompletableFuture@10786f6b[Not completed]
2019-10-15 11:06:54,982 [pool-207-thread-1] INFO  impl.RaftServerImpl (RaftServerImpl.java:<init>(95)) - be9597ef-b570-48ad-aabf-704ceba5f827: new RaftServerImpl for group-2CF454F324E4:[be9597ef-b570-48ad-aabf-704ceba5f827:192.168.164.236:34704] with ContainerStateMachine:uninitialized
2019-10-15 11:06:54,983 [pool-207-thread-1] INFO  server.RaftServerConfigKeys (ConfUtils.java:logGet(43)) - raft.server.rpc.timeout.min = 5s (custom)
2019-10-15 11:06:54,983 [pool-207-thread-1] INFO  server.RaftServerConfigKeys (ConfUtils.java:logGet(43)) - raft.server.rpc.timeout.max = 5200ms (custom)
2019-10-15 11:06:54,983 [pool-207-thread-1] INFO  server.RaftServerConfigKeys (ConfUtils.java:logGet(43)) - raft.server.rpcslowness.timeout = 120s (custom)
2019-10-15 11:06:54,983 [pool-207-thread-1] INFO  server.RaftServerConfigKeys (ConfUtils.java:logGet(43)) - raft.server.sleep.deviation.threshold = 300 (default)
2019-10-15 11:06:54,983 [pool-207-thread-1] INFO  server.RaftServerConfigKeys (ConfUtils.java:logGet(43)) - raft.server.log.appender.install.snapshot.enabled = false (custom)
2019-10-15 11:06:54,984 [pool-207-thread-1] INFO  impl.RaftServerImpl (ServerState.java:<init>(103)) - be9597ef-b570-48ad-aabf-704ceba5f827@group-2CF454F324E4: ConfigurationManager, init=-1: [be9597ef-b570-48ad-aabf-704ceba5f827:192.168.164.236:34704], old=null, confs=<EMPTY_MAP>
2019-10-15 11:06:54,984 [pool-207-thread-1] INFO  server.RaftServerConfigKeys (ConfUtils.java:logGet(43)) - raft.server.storage.dir = [/workdir/hadoop-ozone/integration-test/target/test-dir/MiniOzoneClusterImpl-9edea9b3-9569-4a41-9435-4a26f33ebb8c/datanode-0/data/ratis] (custom)
2019-10-15 11:06:54,984 [pool-207-thread-1] INFO  server.RaftServerConfigKeys (ConfUtils.java:logGet(43)) - raft.server.log.corruption.policy = EXCEPTION (default)
2019-10-15 11:06:54,985 [pool-207-thread-1] INFO  storage.RaftStorageDirectory (RaftStorageDirectory.java:analyzeStorage(246)) - The storage directory /workdir/hadoop-ozone/integration-test/target/test-dir/MiniOzoneClusterImpl-9edea9b3-9569-4a41-9435-4a26f33ebb8c/datanode-0/data/ratis/e27657dd-08fb-4559-9346-2cf454f324e4 does not exist. Creating ...
2019-10-15 11:06:55,018 [pool-207-thread-1] INFO  storage.RaftStorageDirectory (RaftStorageDirectory.java:tryLock(328)) - Lock on /workdir/hadoop-ozone/integration-test/target/test-dir/MiniOzoneClusterImpl-9edea9b3-9569-4a41-9435-4a26f33ebb8c/datanode-0/data/ratis/e27657dd-08fb-4559-9346-2cf454f324e4/in_use.lock acquired by nodename 12418@pr-hdds-2206-66z5g-837117227
2019-10-15 11:06:55,026 [IPC Server handler 1 on 42519] INFO  net.NetworkTopology (NetworkTopologyImpl.java:add(111)) - Added a new node: /default-rack/71ebee1b-c852-47fb-b7e8-4041ab86c240
2019-10-15 11:06:55,026 [IPC Server handler 1 on 42519] INFO  node.SCMNodeManager (SCMNodeManager.java:register(268)) - Registered Data node : 71ebee1b-c852-47fb-b7e8-4041ab86c240{ip: 192.168.164.236, host: pr-hdds-2206-66z5g-837117227, networkLocation: /default-rack, certSerialId: null}
2019-10-15 11:06:55,044 [pool-207-thread-1] INFO  storage.RaftStorage (RaftStorage.java:format(84)) - Storage directory /workdir/hadoop-ozone/integration-test/target/test-dir/MiniOzoneClusterImpl-9edea9b3-9569-4a41-9435-4a26f33ebb8c/datanode-0/data/ratis/e27657dd-08fb-4559-9346-2cf454f324e4 has been successfully formatted.
2019-10-15 11:06:55,044 [pool-207-thread-1] INFO  ratis.ContainerStateMachine (ContainerStateMachine.java:loadSnapshot(231)) - group-2CF454F324E4: The snapshot info is null. Setting the last applied indexto:(t:0, i:~)
2019-10-15 11:06:55,044 [pool-207-thread-1] INFO  server.RaftServerConfigKeys (ConfUtils.java:logGet(43)) - raft.server.notification.no-leader.timeout = 120s (custom)
2019-10-15 11:06:55,045 [pool-207-thread-1] INFO  server.RaftServerConfigKeys (ConfUtils.java:logGet(43)) - raft.server.log.use.memory = false (default)
2019-10-15 11:06:55,045 [pool-207-thread-1] INFO  server.RaftServerConfigKeys (ConfUtils.java:logGet(43)) - raft.server.log.purge.gap = 1000000 (custom)
2019-10-15 11:06:55,045 [pool-207-thread-1] INFO  server.RaftServerConfigKeys (ConfUtils.java:logGet(43)) - raft.server.log.appender.buffer.byte-limit = 33554432 (custom)
2019-10-15 11:06:55,045 [pool-207-thread-1] INFO  server.RaftServerConfigKeys (ConfUtils.java:logGet(43)) - raft.server.log.segment.size.max = 1048576 (custom)
2019-10-15 11:06:55,048 [pool-207-thread-1] INFO  server.RaftServerConfigKeys (ConfUtils.java:logGet(43)) - raft.server.log.segment.cache.num.max = 2 (custom)
2019-10-15 11:06:55,048 [pool-207-thread-1] INFO  segmented.SegmentedRaftLogWorker (SegmentedRaftLogWorker.java:<init>(173)) - new be9597ef-b570-48ad-aabf-704ceba5f827@group-2CF454F324E4-SegmentedRaftLogWorker for RaftStorage:Storage Directory /workdir/hadoop-ozone/integration-test/target/test-dir/MiniOzoneClusterImpl-9edea9b3-9569-4a41-9435-4a26f33ebb8c/datanode-0/data/ratis/e27657dd-08fb-4559-9346-2cf454f324e4
2019-10-15 11:06:55,049 [pool-207-thread-1] INFO  server.RaftServerConfigKeys (ConfUtils.java:logGet(43)) - raft.server.log.queue.byte-limit = 2147483647 (custom)
2019-10-15 11:06:55,049 [pool-207-thread-1] INFO  server.RaftServerConfigKeys (ConfUtils.java:logGet(43)) - raft.server.log.queue.element-limit = 1024 (custom)
2019-10-15 11:06:55,049 [pool-207-thread-1] INFO  server.RaftServerConfigKeys (ConfUtils.java:logGet(43)) - raft.server.log.segment.size.max = 1048576 (custom)
2019-10-15 11:06:55,049 [pool-207-thread-1] INFO  server.RaftServerConfigKeys (ConfUtils.java:logGet(43)) - raft.server.log.preallocated.size = 16384 (custom)
2019-10-15 11:06:55,049 [pool-207-thread-1] INFO  server.RaftServerConfigKeys (ConfUtils.java:logGet(43)) - raft.server.log.write.buffer.size = 33554432 (custom)
2019-10-15 11:06:55,049 [pool-207-thread-1] INFO  server.RaftServerConfigKeys (ConfUtils.java:logGet(43)) - raft.server.log.force.sync.num = 128 (default)
2019-10-15 11:06:55,050 [pool-207-thread-1] INFO  server.RaftServerConfigKeys (ConfUtils.java:logGet(43)) - raft.server.log.statemachine.data.sync = true (default)
2019-10-15 11:06:55,050 [pool-207-thread-1] INFO  server.RaftServerConfigKeys (ConfUtils.java:logGet(43)) - raft.server.log.statemachine.data.sync.timeout = 10s (default)
2019-10-15 11:06:55,050 [pool-207-thread-1] INFO  server.RaftServerConfigKeys (ConfUtils.java:logGet(43)) - raft.server.log.statemachine.data.sync.timeout.retry = -1 (default)
2019-10-15 11:06:55,050 [pool-207-thread-1] INFO  server.RaftServerConfigKeys (ConfUtils.java:logGet(43)) - raft.server.log.statemachine.data.caching.enabled = true (custom)
2019-10-15 11:06:55,051 [pool-207-thread-1] INFO  segmented.SegmentedRaftLogWorker (SegmentedRaftLogWorker.java:lambda$new$0(128)) - be9597ef-b570-48ad-aabf-704ceba5f827@group-2CF454F324E4-SegmentedRaftLogWorker: flushIndex: setUnconditionally 0 -> -1
2019-10-15 11:06:55,051 [pool-207-thread-1] INFO  server.RaftServerConfigKeys (ConfUtils.java:logGet(43)) - raft.server.snapshot.auto.trigger.enabled = true (custom)
2019-10-15 11:06:55,051 [pool-207-thread-1] INFO  server.RaftServerConfigKeys (ConfUtils.java:logGet(43)) - raft.server.snapshot.auto.trigger.threshold = 10000 (custom)
2019-10-15 11:06:55,052 [pool-207-thread-1] INFO  server.RaftServerConfigKeys (ConfUtils.java:logGet(43)) - raft.server.snapshot.retention.file.num = 5 (custom)
2019-10-15 11:06:55,052 [pool-207-thread-1] INFO  server.RaftServerConfigKeys (ConfUtils.java:logGet(43)) - raft.server.retrycache.expirytime = 600000ms (custom)
2019-10-15 11:06:55,054 [pool-207-thread-1] INFO  impl.RaftServerImpl (RaftServerImpl.java:start(181)) - be9597ef-b570-48ad-aabf-704ceba5f827@group-2CF454F324E4: start as a follower, conf=-1: [be9597ef-b570-48ad-aabf-704ceba5f827:192.168.164.236:34704], old=null
2019-10-15 11:06:55,054 [pool-207-thread-1] INFO  impl.RaftServerImpl (RaftServerImpl.java:setRole(170)) - be9597ef-b570-48ad-aabf-704ceba5f827@group-2CF454F324E4: changes role from      null to FOLLOWER at term 0 for startAsFollower
2019-10-15 11:06:55,055 [pool-207-thread-1] INFO  impl.RoleInfo (RoleInfo.java:updateAndGet(143)) - be9597ef-b570-48ad-aabf-704ceba5f827: start FollowerState
2019-10-15 11:06:55,055 [pool-207-thread-1] INFO  util.JmxRegister (JmxRegister.java:tryRegister(44)) - Successfully registered JMX Bean with object name Ratis:service=RaftServer,group=group-2CF454F324E4,id=be9597ef-b570-48ad-aabf-704ceba5f827
2019-10-15 11:06:55,061 [RatisPipelineUtilsThread] INFO  pipeline.PipelineStateManager (PipelineStateManager.java:addPipeline(56)) - Created pipeline Pipeline[ Id: e27657dd-08fb-4559-9346-2cf454f324e4, Nodes: be9597ef-b570-48ad-aabf-704ceba5f827{ip: 192.168.164.236, host: pr-hdds-2206-66z5g-837117227, networkLocation: /default-rack, certSerialId: null}, Type:RATIS, Factor:ONE, State:OPEN]
2019-10-15 11:06:55,084 [grpc-default-executor-3] INFO  impl.RaftServerProxy (RaftServerProxy.java:addNew(89)) - 71ebee1b-c852-47fb-b7e8-4041ab86c240: addNew group-83F26D50D4A1:[71ebee1b-c852-47fb-b7e8-4041ab86c240:192.168.164.236:34729] returns group-83F26D50D4A1:java.util.concurrent.CompletableFuture@6a96ae0a[Not completed]
2019-10-15 11:06:55,086 [pool-217-thread-1] INFO  impl.RaftServerImpl (RaftServerImpl.java:<init>(95)) - 71ebee1b-c852-47fb-b7e8-4041ab86c240: new RaftServerImpl for group-83F26D50D4A1:[71ebee1b-c852-47fb-b7e8-4041ab86c240:192.168.164.236:34729] with ContainerStateMachine:uninitialized
2019-10-15 11:06:55,086 [pool-217-thread-1] INFO  server.RaftServerConfigKeys (ConfUtils.java:logGet(43)) - raft.server.rpc.timeout.min = 5s (custom)
2019-10-15 11:06:55,086 [pool-217-thread-1] INFO  server.RaftServerConfigKeys (ConfUtils.java:logGet(43)) - raft.server.rpc.timeout.max = 5200ms (custom)
2019-10-15 11:06:55,086 [pool-217-thread-1] INFO  server.RaftServerConfigKeys (ConfUtils.java:logGet(43)) - raft.server.rpcslowness.timeout = 120s (custom)
2019-10-15 11:06:55,086 [pool-217-thread-1] INFO  server.RaftServerConfigKeys (ConfUtils.java:logGet(43)) - raft.server.sleep.deviation.threshold = 300 (default)
2019-10-15 11:06:55,087 [pool-217-thread-1] INFO  server.RaftServerConfigKeys (ConfUtils.java:logGet(43)) - raft.server.log.appender.install.snapshot.enabled = false (custom)
2019-10-15 11:06:55,087 [pool-217-thread-1] INFO  impl.RaftServerImpl (ServerState.java:<init>(103)) - 71ebee1b-c852-47fb-b7e8-4041ab86c240@group-83F26D50D4A1: ConfigurationManager, init=-1: [71ebee1b-c852-47fb-b7e8-4041ab86c240:192.168.164.236:34729], old=null, confs=<EMPTY_MAP>
2019-10-15 11:06:55,087 [pool-217-thread-1] INFO  server.RaftServerConfigKeys (ConfUtils.java:logGet(43)) - raft.server.storage.dir = [/workdir/hadoop-ozone/integration-test/target/test-dir/MiniOzoneClusterImpl-9edea9b3-9569-4a41-9435-4a26f33ebb8c/datanode-1/data/ratis] (custom)
2019-10-15 11:06:55,087 [pool-217-thread-1] INFO  server.RaftServerConfigKeys (ConfUtils.java:logGet(43)) - raft.server.log.corruption.policy = EXCEPTION (default)
2019-10-15 11:06:55,087 [pool-217-thread-1] INFO  storage.RaftStorageDirectory (RaftStorageDirectory.java:analyzeStorage(246)) - The storage directory /workdir/hadoop-ozone/integration-test/target/test-dir/MiniOzoneClusterImpl-9edea9b3-9569-4a41-9435-4a26f33ebb8c/datanode-1/data/ratis/7d9d70a7-e5ee-43c6-9fbd-83f26d50d4a1 does not exist. Creating ...
2019-10-15 11:06:55,111 [pool-217-thread-1] INFO  storage.RaftStorageDirectory (RaftStorageDirectory.java:tryLock(328)) - Lock on /workdir/hadoop-ozone/integration-test/target/test-dir/MiniOzoneClusterImpl-9edea9b3-9569-4a41-9435-4a26f33ebb8c/datanode-1/data/ratis/7d9d70a7-e5ee-43c6-9fbd-83f26d50d4a1/in_use.lock acquired by nodename 12418@pr-hdds-2206-66z5g-837117227
2019-10-15 11:06:55,122 [IPC Server handler 2 on 42519] INFO  net.NetworkTopology (NetworkTopologyImpl.java:add(111)) - Added a new node: /default-rack/d6d9a674-7f3a-482e-be06-219964726ba5
2019-10-15 11:06:55,122 [IPC Server handler 2 on 42519] INFO  node.SCMNodeManager (SCMNodeManager.java:register(268)) - Registered Data node : d6d9a674-7f3a-482e-be06-219964726ba5{ip: 192.168.164.236, host: pr-hdds-2206-66z5g-837117227, networkLocation: /default-rack, certSerialId: null}
2019-10-15 11:06:55,136 [pool-217-thread-1] INFO  storage.RaftStorage (RaftStorage.java:format(84)) - Storage directory /workdir/hadoop-ozone/integration-test/target/test-dir/MiniOzoneClusterImpl-9edea9b3-9569-4a41-9435-4a26f33ebb8c/datanode-1/data/ratis/7d9d70a7-e5ee-43c6-9fbd-83f26d50d4a1 has been successfully formatted.
2019-10-15 11:06:55,137 [pool-217-thread-1] INFO  ratis.ContainerStateMachine (ContainerStateMachine.java:loadSnapshot(231)) - group-83F26D50D4A1: The snapshot info is null. Setting the last applied indexto:(t:0, i:~)
2019-10-15 11:06:55,137 [pool-217-thread-1] INFO  server.RaftServerConfigKeys (ConfUtils.java:logGet(43)) - raft.server.notification.no-leader.timeout = 120s (custom)
2019-10-15 11:06:55,137 [pool-217-thread-1] INFO  server.RaftServerConfigKeys (ConfUtils.java:logGet(43)) - raft.server.log.use.memory = false (default)
2019-10-15 11:06:55,137 [pool-217-thread-1] INFO  server.RaftServerConfigKeys (ConfUtils.java:logGet(43)) - raft.server.log.purge.gap = 1000000 (custom)
2019-10-15 11:06:55,137 [pool-217-thread-1] INFO  server.RaftServerConfigKeys (ConfUtils.java:logGet(43)) - raft.server.log.appender.buffer.byte-limit = 33554432 (custom)
2019-10-15 11:06:55,137 [pool-217-thread-1] INFO  server.RaftServerConfigKeys (ConfUtils.java:logGet(43)) - raft.server.log.segment.size.max = 1048576 (custom)
2019-10-15 11:06:55,140 [pool-217-thread-1] INFO  server.RaftServerConfigKeys (ConfUtils.java:logGet(43)) - raft.server.log.segment.cache.num.max = 2 (custom)
2019-10-15 11:06:55,140 [pool-217-thread-1] INFO  segmented.SegmentedRaftLogWorker (SegmentedRaftLogWorker.java:<init>(173)) - new 71ebee1b-c852-47fb-b7e8-4041ab86c240@group-83F26D50D4A1-SegmentedRaftLogWorker for RaftStorage:Storage Directory /workdir/hadoop-ozone/integration-test/target/test-dir/MiniOzoneClusterImpl-9edea9b3-9569-4a41-9435-4a26f33ebb8c/datanode-1/data/ratis/7d9d70a7-e5ee-43c6-9fbd-83f26d50d4a1
2019-10-15 11:06:55,140 [pool-217-thread-1] INFO  server.RaftServerConfigKeys (ConfUtils.java:logGet(43)) - raft.server.log.queue.byte-limit = 2147483647 (custom)
2019-10-15 11:06:55,140 [pool-217-thread-1] INFO  server.RaftServerConfigKeys (ConfUtils.java:logGet(43)) - raft.server.log.queue.element-limit = 1024 (custom)
2019-10-15 11:06:55,140 [pool-217-thread-1] INFO  server.RaftServerConfigKeys (ConfUtils.java:logGet(43)) - raft.server.log.segment.size.max = 1048576 (custom)
2019-10-15 11:06:55,141 [pool-217-thread-1] INFO  server.RaftServerConfigKeys (ConfUtils.java:logGet(43)) - raft.server.log.preallocated.size = 16384 (custom)
2019-10-15 11:06:55,141 [pool-217-thread-1] INFO  server.RaftServerConfigKeys (ConfUtils.java:logGet(43)) - raft.server.log.write.buffer.size = 33554432 (custom)
2019-10-15 11:06:55,141 [pool-217-thread-1] INFO  server.RaftServerConfigKeys (ConfUtils.java:logGet(43)) - raft.server.log.force.sync.num = 128 (default)
2019-10-15 11:06:55,141 [pool-217-thread-1] INFO  server.RaftServerConfigKeys (ConfUtils.java:logGet(43)) - raft.server.log.statemachine.data.sync = true (default)
2019-10-15 11:06:55,141 [pool-217-thread-1] INFO  server.RaftServerConfigKeys (ConfUtils.java:logGet(43)) - raft.server.log.statemachine.data.sync.timeout = 10s (default)
2019-10-15 11:06:55,141 [pool-217-thread-1] INFO  server.RaftServerConfigKeys (ConfUtils.java:logGet(43)) - raft.server.log.statemachine.data.sync.timeout.retry = -1 (default)
2019-10-15 11:06:55,142 [pool-217-thread-1] INFO  server.RaftServerConfigKeys (ConfUtils.java:logGet(43)) - raft.server.log.statemachine.data.caching.enabled = true (custom)
2019-10-15 11:06:55,142 [pool-217-thread-1] INFO  segmented.SegmentedRaftLogWorker (SegmentedRaftLogWorker.java:lambda$new$0(128)) - 71ebee1b-c852-47fb-b7e8-4041ab86c240@group-83F26D50D4A1-SegmentedRaftLogWorker: flushIndex: setUnconditionally 0 -> -1
2019-10-15 11:06:55,143 [pool-217-thread-1] INFO  server.RaftServerConfigKeys (ConfUtils.java:logGet(43)) - raft.server.snapshot.auto.trigger.enabled = true (custom)
2019-10-15 11:06:55,143 [pool-217-thread-1] INFO  server.RaftServerConfigKeys (ConfUtils.java:logGet(43)) - raft.server.snapshot.auto.trigger.threshold = 10000 (custom)
2019-10-15 11:06:55,143 [pool-217-thread-1] INFO  server.RaftServerConfigKeys (ConfUtils.java:logGet(43)) - raft.server.snapshot.retention.file.num = 5 (custom)
2019-10-15 11:06:55,143 [pool-217-thread-1] INFO  server.RaftServerConfigKeys (ConfUtils.java:logGet(43)) - raft.server.retrycache.expirytime = 600000ms (custom)
2019-10-15 11:06:55,145 [pool-217-thread-1] INFO  impl.RaftServerImpl (RaftServerImpl.java:start(181)) - 71ebee1b-c852-47fb-b7e8-4041ab86c240@group-83F26D50D4A1: start as a follower, conf=-1: [71ebee1b-c852-47fb-b7e8-4041ab86c240:192.168.164.236:34729], old=null
2019-10-15 11:06:55,145 [pool-217-thread-1] INFO  impl.RaftServerImpl (RaftServerImpl.java:setRole(170)) - 71ebee1b-c852-47fb-b7e8-4041ab86c240@group-83F26D50D4A1: changes role from      null to FOLLOWER at term 0 for startAsFollower
2019-10-15 11:06:55,145 [pool-217-thread-1] INFO  impl.RoleInfo (RoleInfo.java:updateAndGet(143)) - 71ebee1b-c852-47fb-b7e8-4041ab86c240: start FollowerState
2019-10-15 11:06:55,146 [pool-217-thread-1] INFO  util.JmxRegister (JmxRegister.java:tryRegister(44)) - Successfully registered JMX Bean with object name Ratis:service=RaftServer,group=group-83F26D50D4A1,id=71ebee1b-c852-47fb-b7e8-4041ab86c240
2019-10-15 11:06:55,150 [RatisPipelineUtilsThread] INFO  pipeline.PipelineStateManager (PipelineStateManager.java:addPipeline(56)) - Created pipeline Pipeline[ Id: 7d9d70a7-e5ee-43c6-9fbd-83f26d50d4a1, Nodes: 71ebee1b-c852-47fb-b7e8-4041ab86c240{ip: 192.168.164.236, host: pr-hdds-2206-66z5g-837117227, networkLocation: /default-rack, certSerialId: null}, Type:RATIS, Factor:ONE, State:OPEN]
2019-10-15 11:06:55,158 [grpc-default-executor-3] INFO  impl.RaftServerProxy (RaftServerProxy.java:addNew(89)) - d6d9a674-7f3a-482e-be06-219964726ba5: addNew group-E7463CDFD855:[d6d9a674-7f3a-482e-be06-219964726ba5:192.168.164.236:40950] returns group-E7463CDFD855:java.util.concurrent.CompletableFuture@3811809[Not completed]
2019-10-15 11:06:55,158 [pool-227-thread-1] INFO  impl.RaftServerImpl (RaftServerImpl.java:<init>(95)) - d6d9a674-7f3a-482e-be06-219964726ba5: new RaftServerImpl for group-E7463CDFD855:[d6d9a674-7f3a-482e-be06-219964726ba5:192.168.164.236:40950] with ContainerStateMachine:uninitialized
2019-10-15 11:06:55,158 [pool-227-thread-1] INFO  server.RaftServerConfigKeys (ConfUtils.java:logGet(43)) - raft.server.rpc.timeout.min = 5s (custom)
2019-10-15 11:06:55,159 [pool-227-thread-1] INFO  server.RaftServerConfigKeys (ConfUtils.java:logGet(43)) - raft.server.rpc.timeout.max = 5200ms (custom)
2019-10-15 11:06:55,159 [pool-227-thread-1] INFO  server.RaftServerConfigKeys (ConfUtils.java:logGet(43)) - raft.server.rpcslowness.timeout = 120s (custom)
2019-10-15 11:06:55,159 [pool-227-thread-1] INFO  server.RaftServerConfigKeys (ConfUtils.java:logGet(43)) - raft.server.sleep.deviation.threshold = 300 (default)
2019-10-15 11:06:55,159 [pool-227-thread-1] INFO  server.RaftServerConfigKeys (ConfUtils.java:logGet(43)) - raft.server.log.appender.install.snapshot.enabled = false (custom)
2019-10-15 11:06:55,159 [pool-227-thread-1] INFO  impl.RaftServerImpl (ServerState.java:<init>(103)) - d6d9a674-7f3a-482e-be06-219964726ba5@group-E7463CDFD855: ConfigurationManager, init=-1: [d6d9a674-7f3a-482e-be06-219964726ba5:192.168.164.236:40950], old=null, confs=<EMPTY_MAP>
2019-10-15 11:06:55,159 [pool-227-thread-1] INFO  server.RaftServerConfigKeys (ConfUtils.java:logGet(43)) - raft.server.storage.dir = [/workdir/hadoop-ozone/integration-test/target/test-dir/MiniOzoneClusterImpl-9edea9b3-9569-4a41-9435-4a26f33ebb8c/datanode-2/data/ratis] (custom)
2019-10-15 11:06:55,159 [pool-227-thread-1] INFO  server.RaftServerConfigKeys (ConfUtils.java:logGet(43)) - raft.server.log.corruption.policy = EXCEPTION (default)
2019-10-15 11:06:55,159 [pool-227-thread-1] INFO  storage.RaftStorageDirectory (RaftStorageDirectory.java:analyzeStorage(246)) - The storage directory /workdir/hadoop-ozone/integration-test/target/test-dir/MiniOzoneClusterImpl-9edea9b3-9569-4a41-9435-4a26f33ebb8c/datanode-2/data/ratis/44e82ab8-69dc-43c4-a6aa-e7463cdfd855 does not exist. Creating ...
2019-10-15 11:06:55,187 [pool-227-thread-1] INFO  storage.RaftStorageDirectory (RaftStorageDirectory.java:tryLock(328)) - Lock on /workdir/hadoop-ozone/integration-test/target/test-dir/MiniOzoneClusterImpl-9edea9b3-9569-4a41-9435-4a26f33ebb8c/datanode-2/data/ratis/44e82ab8-69dc-43c4-a6aa-e7463cdfd855/in_use.lock acquired by nodename 12418@pr-hdds-2206-66z5g-837117227
2019-10-15 11:06:55,196 [IPC Server handler 4 on 42519] INFO  net.NetworkTopology (NetworkTopologyImpl.java:add(111)) - Added a new node: /default-rack/144b8dad-4f9f-4727-95df-54da78a09e68
2019-10-15 11:06:55,196 [IPC Server handler 4 on 42519] INFO  node.SCMNodeManager (SCMNodeManager.java:register(268)) - Registered Data node : 144b8dad-4f9f-4727-95df-54da78a09e68{ip: 192.168.164.236, host: pr-hdds-2206-66z5g-837117227, networkLocation: /default-rack, certSerialId: null}
2019-10-15 11:06:55,212 [pool-227-thread-1] INFO  storage.RaftStorage (RaftStorage.java:format(84)) - Storage directory /workdir/hadoop-ozone/integration-test/target/test-dir/MiniOzoneClusterImpl-9edea9b3-9569-4a41-9435-4a26f33ebb8c/datanode-2/data/ratis/44e82ab8-69dc-43c4-a6aa-e7463cdfd855 has been successfully formatted.
2019-10-15 11:06:55,212 [pool-227-thread-1] INFO  ratis.ContainerStateMachine (ContainerStateMachine.java:loadSnapshot(231)) - group-E7463CDFD855: The snapshot info is null. Setting the last applied indexto:(t:0, i:~)
2019-10-15 11:06:55,212 [pool-227-thread-1] INFO  server.RaftServerConfigKeys (ConfUtils.java:logGet(43)) - raft.server.notification.no-leader.timeout = 120s (custom)
2019-10-15 11:06:55,213 [pool-227-thread-1] INFO  server.RaftServerConfigKeys (ConfUtils.java:logGet(43)) - raft.server.log.use.memory = false (default)
2019-10-15 11:06:55,213 [pool-227-thread-1] INFO  server.RaftServerConfigKeys (ConfUtils.java:logGet(43)) - raft.server.log.purge.gap = 1000000 (custom)
2019-10-15 11:06:55,213 [pool-227-thread-1] INFO  server.RaftServerConfigKeys (ConfUtils.java:logGet(43)) - raft.server.log.appender.buffer.byte-limit = 33554432 (custom)
2019-10-15 11:06:55,213 [pool-227-thread-1] INFO  server.RaftServerConfigKeys (ConfUtils.java:logGet(43)) - raft.server.log.segment.size.max = 1048576 (custom)
2019-10-15 11:06:55,215 [pool-227-thread-1] INFO  server.RaftServerConfigKeys (ConfUtils.java:logGet(43)) - raft.server.log.segment.cache.num.max = 2 (custom)
2019-10-15 11:06:55,215 [pool-227-thread-1] INFO  segmented.SegmentedRaftLogWorker (SegmentedRaftLogWorker.java:<init>(173)) - new d6d9a674-7f3a-482e-be06-219964726ba5@group-E7463CDFD855-SegmentedRaftLogWorker for RaftStorage:Storage Directory /workdir/hadoop-ozone/integration-test/target/test-dir/MiniOzoneClusterImpl-9edea9b3-9569-4a41-9435-4a26f33ebb8c/datanode-2/data/ratis/44e82ab8-69dc-43c4-a6aa-e7463cdfd855
2019-10-15 11:06:55,215 [pool-227-thread-1] INFO  server.RaftServerConfigKeys (ConfUtils.java:logGet(43)) - raft.server.log.queue.byte-limit = 2147483647 (custom)
2019-10-15 11:06:55,215 [pool-227-thread-1] INFO  server.RaftServerConfigKeys (ConfUtils.java:logGet(43)) - raft.server.log.queue.element-limit = 1024 (custom)
2019-10-15 11:06:55,215 [pool-227-thread-1] INFO  server.RaftServerConfigKeys (ConfUtils.java:logGet(43)) - raft.server.log.segment.size.max = 1048576 (custom)
2019-10-15 11:06:55,215 [pool-227-thread-1] INFO  server.RaftServerConfigKeys (ConfUtils.java:logGet(43)) - raft.server.log.preallocated.size = 16384 (custom)
2019-10-15 11:06:55,215 [pool-227-thread-1] INFO  server.RaftServerConfigKeys (ConfUtils.java:logGet(43)) - raft.server.log.write.buffer.size = 33554432 (custom)
2019-10-15 11:06:55,216 [pool-227-thread-1] INFO  server.RaftServerConfigKeys (ConfUtils.java:logGet(43)) - raft.server.log.force.sync.num = 128 (default)
2019-10-15 11:06:55,216 [pool-227-thread-1] INFO  server.RaftServerConfigKeys (ConfUtils.java:logGet(43)) - raft.server.log.statemachine.data.sync = true (default)
2019-10-15 11:06:55,216 [pool-227-thread-1] INFO  server.RaftServerConfigKeys (ConfUtils.java:logGet(43)) - raft.server.log.statemachine.data.sync.timeout = 10s (default)
2019-10-15 11:06:55,216 [pool-227-thread-1] INFO  server.RaftServerConfigKeys (ConfUtils.java:logGet(43)) - raft.server.log.statemachine.data.sync.timeout.retry = -1 (default)
2019-10-15 11:06:55,216 [pool-227-thread-1] INFO  server.RaftServerConfigKeys (ConfUtils.java:logGet(43)) - raft.server.log.statemachine.data.caching.enabled = true (custom)
2019-10-15 11:06:55,217 [pool-227-thread-1] INFO  segmented.SegmentedRaftLogWorker (SegmentedRaftLogWorker.java:lambda$new$0(128)) - d6d9a674-7f3a-482e-be06-219964726ba5@group-E7463CDFD855-SegmentedRaftLogWorker: flushIndex: setUnconditionally 0 -> -1
2019-10-15 11:06:55,217 [pool-227-thread-1] INFO  server.RaftServerConfigKeys (ConfUtils.java:logGet(43)) - raft.server.snapshot.auto.trigger.enabled = true (custom)
2019-10-15 11:06:55,217 [pool-227-thread-1] INFO  server.RaftServerConfigKeys (ConfUtils.java:logGet(43)) - raft.server.snapshot.auto.trigger.threshold = 10000 (custom)
2019-10-15 11:06:55,217 [pool-227-thread-1] INFO  server.RaftServerConfigKeys (ConfUtils.java:logGet(43)) - raft.server.snapshot.retention.file.num = 5 (custom)
2019-10-15 11:06:55,217 [pool-227-thread-1] INFO  server.RaftServerConfigKeys (ConfUtils.java:logGet(43)) - raft.server.retrycache.expirytime = 600000ms (custom)
2019-10-15 11:06:55,219 [pool-227-thread-1] INFO  impl.RaftServerImpl (RaftServerImpl.java:start(181)) - d6d9a674-7f3a-482e-be06-219964726ba5@group-E7463CDFD855: start as a follower, conf=-1: [d6d9a674-7f3a-482e-be06-219964726ba5:192.168.164.236:40950], old=null
2019-10-15 11:06:55,219 [pool-227-thread-1] INFO  impl.RaftServerImpl (RaftServerImpl.java:setRole(170)) - d6d9a674-7f3a-482e-be06-219964726ba5@group-E7463CDFD855: changes role from      null to FOLLOWER at term 0 for startAsFollower
2019-10-15 11:06:55,219 [pool-227-thread-1] INFO  impl.RoleInfo (RoleInfo.java:updateAndGet(143)) - d6d9a674-7f3a-482e-be06-219964726ba5: start FollowerState
2019-10-15 11:06:55,220 [pool-227-thread-1] INFO  util.JmxRegister (JmxRegister.java:tryRegister(44)) - Successfully registered JMX Bean with object name Ratis:service=RaftServer,group=group-E7463CDFD855,id=d6d9a674-7f3a-482e-be06-219964726ba5
2019-10-15 11:06:55,223 [RatisPipelineUtilsThread] INFO  pipeline.PipelineStateManager (PipelineStateManager.java:addPipeline(56)) - Created pipeline Pipeline[ Id: 44e82ab8-69dc-43c4-a6aa-e7463cdfd855, Nodes: d6d9a674-7f3a-482e-be06-219964726ba5{ip: 192.168.164.236, host: pr-hdds-2206-66z5g-837117227, networkLocation: /default-rack, certSerialId: null}, Type:RATIS, Factor:ONE, State:OPEN]
2019-10-15 11:06:55,234 [grpc-default-executor-3] INFO  impl.RaftServerProxy (RaftServerProxy.java:addNew(89)) - 144b8dad-4f9f-4727-95df-54da78a09e68: addNew group-11E95471F317:[144b8dad-4f9f-4727-95df-54da78a09e68:192.168.164.236:43161] returns group-11E95471F317:java.util.concurrent.CompletableFuture@55320a01[Not completed]
2019-10-15 11:06:55,235 [pool-237-thread-1] INFO  impl.RaftServerImpl (RaftServerImpl.java:<init>(95)) - 144b8dad-4f9f-4727-95df-54da78a09e68: new RaftServerImpl for group-11E95471F317:[144b8dad-4f9f-4727-95df-54da78a09e68:192.168.164.236:43161] with ContainerStateMachine:uninitialized
2019-10-15 11:06:55,235 [pool-237-thread-1] INFO  server.RaftServerConfigKeys (ConfUtils.java:logGet(43)) - raft.server.rpc.timeout.min = 5s (custom)
2019-10-15 11:06:55,235 [pool-237-thread-1] INFO  server.RaftServerConfigKeys (ConfUtils.java:logGet(43)) - raft.server.rpc.timeout.max = 5200ms (custom)
2019-10-15 11:06:55,236 [pool-237-thread-1] INFO  server.RaftServerConfigKeys (ConfUtils.java:logGet(43)) - raft.server.rpcslowness.timeout = 120s (custom)
2019-10-15 11:06:55,236 [pool-237-thread-1] INFO  server.RaftServerConfigKeys (ConfUtils.java:logGet(43)) - raft.server.sleep.deviation.threshold = 300 (default)
2019-10-15 11:06:55,236 [pool-237-thread-1] INFO  server.RaftServerConfigKeys (ConfUtils.java:logGet(43)) - raft.server.log.appender.install.snapshot.enabled = false (custom)
2019-10-15 11:06:55,236 [pool-237-thread-1] INFO  impl.RaftServerImpl (ServerState.java:<init>(103)) - 144b8dad-4f9f-4727-95df-54da78a09e68@group-11E95471F317: ConfigurationManager, init=-1: [144b8dad-4f9f-4727-95df-54da78a09e68:192.168.164.236:43161], old=null, confs=<EMPTY_MAP>
2019-10-15 11:06:55,236 [pool-237-thread-1] INFO  server.RaftServerConfigKeys (ConfUtils.java:logGet(43)) - raft.server.storage.dir = [/workdir/hadoop-ozone/integration-test/target/test-dir/MiniOzoneClusterImpl-9edea9b3-9569-4a41-9435-4a26f33ebb8c/datanode-3/data/ratis] (custom)
2019-10-15 11:06:55,236 [pool-237-thread-1] INFO  server.RaftServerConfigKeys (ConfUtils.java:logGet(43)) - raft.server.log.corruption.policy = EXCEPTION (default)
2019-10-15 11:06:55,236 [pool-237-thread-1] INFO  storage.RaftStorageDirectory (RaftStorageDirectory.java:analyzeStorage(246)) - The storage directory /workdir/hadoop-ozone/integration-test/target/test-dir/MiniOzoneClusterImpl-9edea9b3-9569-4a41-9435-4a26f33ebb8c/datanode-3/data/ratis/afe0a159-7ea7-490f-abf6-11e95471f317 does not exist. Creating ...
2019-10-15 11:06:55,261 [IPC Server handler 5 on 42519] INFO  net.NetworkTopology (NetworkTopologyImpl.java:add(111)) - Added a new node: /default-rack/172a2998-bf86-4637-a4be-957637693d81
2019-10-15 11:06:55,261 [IPC Server handler 5 on 42519] INFO  node.SCMNodeManager (SCMNodeManager.java:register(268)) - Registered Data node : 172a2998-bf86-4637-a4be-957637693d81{ip: 192.168.164.236, host: pr-hdds-2206-66z5g-837117227, networkLocation: /default-rack, certSerialId: null}
2019-10-15 11:06:55,262 [pool-237-thread-1] INFO  storage.RaftStorageDirectory (RaftStorageDirectory.java:tryLock(328)) - Lock on /workdir/hadoop-ozone/integration-test/target/test-dir/MiniOzoneClusterImpl-9edea9b3-9569-4a41-9435-4a26f33ebb8c/datanode-3/data/ratis/afe0a159-7ea7-490f-abf6-11e95471f317/in_use.lock acquired by nodename 12418@pr-hdds-2206-66z5g-837117227
2019-10-15 11:06:55,288 [pool-237-thread-1] INFO  storage.RaftStorage (RaftStorage.java:format(84)) - Storage directory /workdir/hadoop-ozone/integration-test/target/test-dir/MiniOzoneClusterImpl-9edea9b3-9569-4a41-9435-4a26f33ebb8c/datanode-3/data/ratis/afe0a159-7ea7-490f-abf6-11e95471f317 has been successfully formatted.
2019-10-15 11:06:55,288 [pool-237-thread-1] INFO  ratis.ContainerStateMachine (ContainerStateMachine.java:loadSnapshot(231)) - group-11E95471F317: The snapshot info is null. Setting the last applied indexto:(t:0, i:~)
2019-10-15 11:06:55,288 [pool-237-thread-1] INFO  server.RaftServerConfigKeys (ConfUtils.java:logGet(43)) - raft.server.notification.no-leader.timeout = 120s (custom)
2019-10-15 11:06:55,288 [pool-237-thread-1] INFO  server.RaftServerConfigKeys (ConfUtils.java:logGet(43)) - raft.server.log.use.memory = false (default)
2019-10-15 11:06:55,288 [pool-237-thread-1] INFO  server.RaftServerConfigKeys (ConfUtils.java:logGet(43)) - raft.server.log.purge.gap = 1000000 (custom)
2019-10-15 11:06:55,289 [pool-237-thread-1] INFO  server.RaftServerConfigKeys (ConfUtils.java:logGet(43)) - raft.server.log.appender.buffer.byte-limit = 33554432 (custom)
2019-10-15 11:06:55,289 [pool-237-thread-1] INFO  server.RaftServerConfigKeys (ConfUtils.java:logGet(43)) - raft.server.log.segment.size.max = 1048576 (custom)
2019-10-15 11:06:55,290 [pool-237-thread-1] INFO  server.RaftServerConfigKeys (ConfUtils.java:logGet(43)) - raft.server.log.segment.cache.num.max = 2 (custom)
2019-10-15 11:06:55,291 [pool-237-thread-1] INFO  segmented.SegmentedRaftLogWorker (SegmentedRaftLogWorker.java:<init>(173)) - new 144b8dad-4f9f-4727-95df-54da78a09e68@group-11E95471F317-SegmentedRaftLogWorker for RaftStorage:Storage Directory /workdir/hadoop-ozone/integration-test/target/test-dir/MiniOzoneClusterImpl-9edea9b3-9569-4a41-9435-4a26f33ebb8c/datanode-3/data/ratis/afe0a159-7ea7-490f-abf6-11e95471f317
2019-10-15 11:06:55,291 [pool-237-thread-1] INFO  server.RaftServerConfigKeys (ConfUtils.java:logGet(43)) - raft.server.log.queue.byte-limit = 2147483647 (custom)
2019-10-15 11:06:55,291 [pool-237-thread-1] INFO  server.RaftServerConfigKeys (ConfUtils.java:logGet(43)) - raft.server.log.queue.element-limit = 1024 (custom)
2019-10-15 11:06:55,291 [pool-237-thread-1] INFO  server.RaftServerConfigKeys (ConfUtils.java:logGet(43)) - raft.server.log.segment.size.max = 1048576 (custom)
2019-10-15 11:06:55,291 [pool-237-thread-1] INFO  server.RaftServerConfigKeys (ConfUtils.java:logGet(43)) - raft.server.log.preallocated.size = 16384 (custom)
2019-10-15 11:06:55,291 [pool-237-thread-1] INFO  server.RaftServerConfigKeys (ConfUtils.java:logGet(43)) - raft.server.log.write.buffer.size = 33554432 (custom)
2019-10-15 11:06:55,291 [pool-237-thread-1] INFO  server.RaftServerConfigKeys (ConfUtils.java:logGet(43)) - raft.server.log.force.sync.num = 128 (default)
2019-10-15 11:06:55,291 [pool-237-thread-1] INFO  server.RaftServerConfigKeys (ConfUtils.java:logGet(43)) - raft.server.log.statemachine.data.sync = true (default)
2019-10-15 11:06:55,292 [pool-237-thread-1] INFO  server.RaftServerConfigKeys (ConfUtils.java:logGet(43)) - raft.server.log.statemachine.data.sync.timeout = 10s (default)
2019-10-15 11:06:55,292 [pool-237-thread-1] INFO  server.RaftServerConfigKeys (ConfUtils.java:logGet(43)) - raft.server.log.statemachine.data.sync.timeout.retry = -1 (default)
2019-10-15 11:06:55,292 [pool-237-thread-1] INFO  server.RaftServerConfigKeys (ConfUtils.java:logGet(43)) - raft.server.log.statemachine.data.caching.enabled = true (custom)
2019-10-15 11:06:55,292 [pool-237-thread-1] INFO  segmented.SegmentedRaftLogWorker (SegmentedRaftLogWorker.java:lambda$new$0(128)) - 144b8dad-4f9f-4727-95df-54da78a09e68@group-11E95471F317-SegmentedRaftLogWorker: flushIndex: setUnconditionally 0 -> -1
2019-10-15 11:06:55,293 [pool-237-thread-1] INFO  server.RaftServerConfigKeys (ConfUtils.java:logGet(43)) - raft.server.snapshot.auto.trigger.enabled = true (custom)
2019-10-15 11:06:55,293 [pool-237-thread-1] INFO  server.RaftServerConfigKeys (ConfUtils.java:logGet(43)) - raft.server.snapshot.auto.trigger.threshold = 10000 (custom)
2019-10-15 11:06:55,293 [pool-237-thread-1] INFO  server.RaftServerConfigKeys (ConfUtils.java:logGet(43)) - raft.server.snapshot.retention.file.num = 5 (custom)
2019-10-15 11:06:55,293 [pool-237-thread-1] INFO  server.RaftServerConfigKeys (ConfUtils.java:logGet(43)) - raft.server.retrycache.expirytime = 600000ms (custom)
2019-10-15 11:06:55,295 [pool-237-thread-1] INFO  impl.RaftServerImpl (RaftServerImpl.java:start(181)) - 144b8dad-4f9f-4727-95df-54da78a09e68@group-11E95471F317: start as a follower, conf=-1: [144b8dad-4f9f-4727-95df-54da78a09e68:192.168.164.236:43161], old=null
2019-10-15 11:06:55,295 [pool-237-thread-1] INFO  impl.RaftServerImpl (RaftServerImpl.java:setRole(170)) - 144b8dad-4f9f-4727-95df-54da78a09e68@group-11E95471F317: changes role from      null to FOLLOWER at term 0 for startAsFollower
2019-10-15 11:06:55,295 [pool-237-thread-1] INFO  impl.RoleInfo (RoleInfo.java:updateAndGet(143)) - 144b8dad-4f9f-4727-95df-54da78a09e68: start FollowerState
2019-10-15 11:06:55,295 [pool-237-thread-1] INFO  util.JmxRegister (JmxRegister.java:tryRegister(44)) - Successfully registered JMX Bean with object name Ratis:service=RaftServer,group=group-11E95471F317,id=144b8dad-4f9f-4727-95df-54da78a09e68
2019-10-15 11:06:55,300 [RatisPipelineUtilsThread] INFO  pipeline.PipelineStateManager (PipelineStateManager.java:addPipeline(56)) - Created pipeline Pipeline[ Id: afe0a159-7ea7-490f-abf6-11e95471f317, Nodes: 144b8dad-4f9f-4727-95df-54da78a09e68{ip: 192.168.164.236, host: pr-hdds-2206-66z5g-837117227, networkLocation: /default-rack, certSerialId: null}, Type:RATIS, Factor:ONE, State:OPEN]
2019-10-15 11:06:55,319 [grpc-default-executor-3] INFO  impl.RaftServerProxy (RaftServerProxy.java:addNew(89)) - 172a2998-bf86-4637-a4be-957637693d81: addNew group-A18936DD3210:[172a2998-bf86-4637-a4be-957637693d81:192.168.164.236:39655] returns group-A18936DD3210:java.util.concurrent.CompletableFuture@498d122c[Not completed]
2019-10-15 11:06:55,321 [pool-247-thread-1] INFO  impl.RaftServerImpl (RaftServerImpl.java:<init>(95)) - 172a2998-bf86-4637-a4be-957637693d81: new RaftServerImpl for group-A18936DD3210:[172a2998-bf86-4637-a4be-957637693d81:192.168.164.236:39655] with ContainerStateMachine:uninitialized
2019-10-15 11:06:55,321 [pool-247-thread-1] INFO  server.RaftServerConfigKeys (ConfUtils.java:logGet(43)) - raft.server.rpc.timeout.min = 5s (custom)
2019-10-15 11:06:55,321 [pool-247-thread-1] INFO  server.RaftServerConfigKeys (ConfUtils.java:logGet(43)) - raft.server.rpc.timeout.max = 5200ms (custom)
2019-10-15 11:06:55,321 [pool-247-thread-1] INFO  server.RaftServerConfigKeys (ConfUtils.java:logGet(43)) - raft.server.rpcslowness.timeout = 120s (custom)
2019-10-15 11:06:55,321 [pool-247-thread-1] INFO  server.RaftServerConfigKeys (ConfUtils.java:logGet(43)) - raft.server.sleep.deviation.threshold = 300 (default)
2019-10-15 11:06:55,321 [pool-247-thread-1] INFO  server.RaftServerConfigKeys (ConfUtils.java:logGet(43)) - raft.server.log.appender.install.snapshot.enabled = false (custom)
2019-10-15 11:06:55,321 [pool-247-thread-1] INFO  impl.RaftServerImpl (ServerState.java:<init>(103)) - 172a2998-bf86-4637-a4be-957637693d81@group-A18936DD3210: ConfigurationManager, init=-1: [172a2998-bf86-4637-a4be-957637693d81:192.168.164.236:39655], old=null, confs=<EMPTY_MAP>
2019-10-15 11:06:55,321 [pool-247-thread-1] INFO  server.RaftServerConfigKeys (ConfUtils.java:logGet(43)) - raft.server.storage.dir = [/workdir/hadoop-ozone/integration-test/target/test-dir/MiniOzoneClusterImpl-9edea9b3-9569-4a41-9435-4a26f33ebb8c/datanode-4/data/ratis] (custom)
2019-10-15 11:06:55,322 [pool-247-thread-1] INFO  server.RaftServerConfigKeys (ConfUtils.java:logGet(43)) - raft.server.log.corruption.policy = EXCEPTION (default)
2019-10-15 11:06:55,322 [pool-247-thread-1] INFO  storage.RaftStorageDirectory (RaftStorageDirectory.java:analyzeStorage(246)) - The storage directory /workdir/hadoop-ozone/integration-test/target/test-dir/MiniOzoneClusterImpl-9edea9b3-9569-4a41-9435-4a26f33ebb8c/datanode-4/data/ratis/d8dc9671-ad29-428a-8845-a18936dd3210 does not exist. Creating ...
2019-10-15 11:06:55,325 [IPC Server handler 6 on 42519] INFO  net.NetworkTopology (NetworkTopologyImpl.java:add(111)) - Added a new node: /default-rack/30423d70-6000-4cba-8127-04288b0f86e4
2019-10-15 11:06:55,325 [IPC Server handler 6 on 42519] INFO  node.SCMNodeManager (SCMNodeManager.java:register(268)) - Registered Data node : 30423d70-6000-4cba-8127-04288b0f86e4{ip: 192.168.164.236, host: pr-hdds-2206-66z5g-837117227, networkLocation: /default-rack, certSerialId: null}
2019-10-15 11:06:55,380 [pool-247-thread-1] INFO  storage.RaftStorageDirectory (RaftStorageDirectory.java:tryLock(328)) - Lock on /workdir/hadoop-ozone/integration-test/target/test-dir/MiniOzoneClusterImpl-9edea9b3-9569-4a41-9435-4a26f33ebb8c/datanode-4/data/ratis/d8dc9671-ad29-428a-8845-a18936dd3210/in_use.lock acquired by nodename 12418@pr-hdds-2206-66z5g-837117227
2019-10-15 11:06:55,386 [IPC Server handler 7 on 42519] INFO  net.NetworkTopology (NetworkTopologyImpl.java:add(111)) - Added a new node: /default-rack/95378f2b-3bc4-4d23-a590-934def3bd7b0
2019-10-15 11:06:55,386 [IPC Server handler 7 on 42519] INFO  node.SCMNodeManager (SCMNodeManager.java:register(268)) - Registered Data node : 95378f2b-3bc4-4d23-a590-934def3bd7b0{ip: 192.168.164.236, host: pr-hdds-2206-66z5g-837117227, networkLocation: /default-rack, certSerialId: null}
2019-10-15 11:06:55,387 [main] INFO  ozone.MiniOzoneClusterImpl (MiniOzoneClusterImpl.java:lambda$waitForClusterToBeReady$0(147)) - Cluster is ready. Got 7 of 7 DN Heartbeats.
2019-10-15 11:06:55,408 [pool-247-thread-1] INFO  storage.RaftStorage (RaftStorage.java:format(84)) - Storage directory /workdir/hadoop-ozone/integration-test/target/test-dir/MiniOzoneClusterImpl-9edea9b3-9569-4a41-9435-4a26f33ebb8c/datanode-4/data/ratis/d8dc9671-ad29-428a-8845-a18936dd3210 has been successfully formatted.
2019-10-15 11:06:55,417 [pool-247-thread-1] INFO  ratis.ContainerStateMachine (ContainerStateMachine.java:loadSnapshot(231)) - group-A18936DD3210: The snapshot info is null. Setting the last applied indexto:(t:0, i:~)
2019-10-15 11:06:55,417 [pool-247-thread-1] INFO  server.RaftServerConfigKeys (ConfUtils.java:logGet(43)) - raft.server.notification.no-leader.timeout = 120s (custom)
2019-10-15 11:06:55,418 [pool-247-thread-1] INFO  server.RaftServerConfigKeys (ConfUtils.java:logGet(43)) - raft.server.log.use.memory = false (default)
2019-10-15 11:06:55,418 [pool-247-thread-1] INFO  server.RaftServerConfigKeys (ConfUtils.java:logGet(43)) - raft.server.log.purge.gap = 1000000 (custom)
2019-10-15 11:06:55,418 [pool-247-thread-1] INFO  server.RaftServerConfigKeys (ConfUtils.java:logGet(43)) - raft.server.log.appender.buffer.byte-limit = 33554432 (custom)
2019-10-15 11:06:55,418 [pool-247-thread-1] INFO  server.RaftServerConfigKeys (ConfUtils.java:logGet(43)) - raft.server.log.segment.size.max = 1048576 (custom)
2019-10-15 11:06:55,420 [pool-247-thread-1] INFO  server.RaftServerConfigKeys (ConfUtils.java:logGet(43)) - raft.server.log.segment.cache.num.max = 2 (custom)
2019-10-15 11:06:55,420 [pool-247-thread-1] INFO  segmented.SegmentedRaftLogWorker (SegmentedRaftLogWorker.java:<init>(173)) - new 172a2998-bf86-4637-a4be-957637693d81@group-A18936DD3210-SegmentedRaftLogWorker for RaftStorage:Storage Directory /workdir/hadoop-ozone/integration-test/target/test-dir/MiniOzoneClusterImpl-9edea9b3-9569-4a41-9435-4a26f33ebb8c/datanode-4/data/ratis/d8dc9671-ad29-428a-8845-a18936dd3210
2019-10-15 11:06:55,420 [pool-247-thread-1] INFO  server.RaftServerConfigKeys (ConfUtils.java:logGet(43)) - raft.server.log.queue.byte-limit = 2147483647 (custom)
2019-10-15 11:06:55,420 [pool-247-thread-1] INFO  server.RaftServerConfigKeys (ConfUtils.java:logGet(43)) - raft.server.log.queue.element-limit = 1024 (custom)
2019-10-15 11:06:55,420 [pool-247-thread-1] INFO  server.RaftServerConfigKeys (ConfUtils.java:logGet(43)) - raft.server.log.segment.size.max = 1048576 (custom)
2019-10-15 11:06:55,420 [pool-247-thread-1] INFO  server.RaftServerConfigKeys (ConfUtils.java:logGet(43)) - raft.server.log.preallocated.size = 16384 (custom)
2019-10-15 11:06:55,420 [pool-247-thread-1] INFO  server.RaftServerConfigKeys (ConfUtils.java:logGet(43)) - raft.server.log.write.buffer.size = 33554432 (custom)
2019-10-15 11:06:55,421 [pool-247-thread-1] INFO  server.RaftServerConfigKeys (ConfUtils.java:logGet(43)) - raft.server.log.force.sync.num = 128 (default)
2019-10-15 11:06:55,421 [pool-247-thread-1] INFO  server.RaftServerConfigKeys (ConfUtils.java:logGet(43)) - raft.server.log.statemachine.data.sync = true (default)
2019-10-15 11:06:55,421 [pool-247-thread-1] INFO  server.RaftServerConfigKeys (ConfUtils.java:logGet(43)) - raft.server.log.statemachine.data.sync.timeout = 10s (default)
2019-10-15 11:06:55,421 [pool-247-thread-1] INFO  server.RaftServerConfigKeys (ConfUtils.java:logGet(43)) - raft.server.log.statemachine.data.sync.timeout.retry = -1 (default)
2019-10-15 11:06:55,421 [pool-247-thread-1] INFO  server.RaftServerConfigKeys (ConfUtils.java:logGet(43)) - raft.server.log.statemachine.data.caching.enabled = true (custom)
2019-10-15 11:06:55,422 [pool-247-thread-1] INFO  segmented.SegmentedRaftLogWorker (SegmentedRaftLogWorker.java:lambda$new$0(128)) - 172a2998-bf86-4637-a4be-957637693d81@group-A18936DD3210-SegmentedRaftLogWorker: flushIndex: setUnconditionally 0 -> -1
2019-10-15 11:06:55,424 [pool-247-thread-1] INFO  server.RaftServerConfigKeys (ConfUtils.java:logGet(43)) - raft.server.snapshot.auto.trigger.enabled = true (custom)
2019-10-15 11:06:55,424 [pool-247-thread-1] INFO  server.RaftServerConfigKeys (ConfUtils.java:logGet(43)) - raft.server.snapshot.auto.trigger.threshold = 10000 (custom)
2019-10-15 11:06:55,424 [pool-247-thread-1] INFO  server.RaftServerConfigKeys (ConfUtils.java:logGet(43)) - raft.server.snapshot.retention.file.num = 5 (custom)
2019-10-15 11:06:55,424 [pool-247-thread-1] INFO  server.RaftServerConfigKeys (ConfUtils.java:logGet(43)) - raft.server.retrycache.expirytime = 600000ms (custom)
2019-10-15 11:06:55,426 [main] INFO  rpc.RpcClient (RpcClient.java:createVolume(272)) - Creating Volume: watchforcommithandlingtest, with jenkins1000 as owner.
2019-10-15 11:06:55,426 [pool-247-thread-1] INFO  impl.RaftServerImpl (RaftServerImpl.java:start(181)) - 172a2998-bf86-4637-a4be-957637693d81@group-A18936DD3210: start as a follower, conf=-1: [172a2998-bf86-4637-a4be-957637693d81:192.168.164.236:39655], old=null
2019-10-15 11:06:55,426 [pool-247-thread-1] INFO  impl.RaftServerImpl (RaftServerImpl.java:setRole(170)) - 172a2998-bf86-4637-a4be-957637693d81@group-A18936DD3210: changes role from      null to FOLLOWER at term 0 for startAsFollower
2019-10-15 11:06:55,426 [pool-247-thread-1] INFO  impl.RoleInfo (RoleInfo.java:updateAndGet(143)) - 172a2998-bf86-4637-a4be-957637693d81: start FollowerState
2019-10-15 11:06:55,427 [pool-247-thread-1] INFO  util.JmxRegister (JmxRegister.java:tryRegister(44)) - Successfully registered JMX Bean with object name Ratis:service=RaftServer,group=group-A18936DD3210,id=172a2998-bf86-4637-a4be-957637693d81
2019-10-15 11:06:55,431 [IPC Server handler 0 on 43648] INFO  volume.OMVolumeCreateRequest (OMVolumeCreateRequest.java:validateAndUpdateCache(193)) - created volume:watchforcommithandlingtest for user:jenkins1000
2019-10-15 11:06:55,432 [RatisPipelineUtilsThread] INFO  pipeline.PipelineStateManager (PipelineStateManager.java:addPipeline(56)) - Created pipeline Pipeline[ Id: d8dc9671-ad29-428a-8845-a18936dd3210, Nodes: 172a2998-bf86-4637-a4be-957637693d81{ip: 192.168.164.236, host: pr-hdds-2206-66z5g-837117227, networkLocation: /default-rack, certSerialId: null}, Type:RATIS, Factor:ONE, State:OPEN]
2019-10-15 11:06:55,446 [main] INFO  rpc.RpcClient (RpcClient.java:createBucket(411)) - Creating Bucket: watchforcommithandlingtest/watchforcommithandlingtest, with Versioning false and Storage Type set to DISK and Encryption set to false 
2019-10-15 11:06:55,456 [grpc-default-executor-3] INFO  impl.RaftServerProxy (RaftServerProxy.java:addNew(89)) - 30423d70-6000-4cba-8127-04288b0f86e4: addNew group-DE9C5E251886:[30423d70-6000-4cba-8127-04288b0f86e4:192.168.164.236:45472] returns group-DE9C5E251886:java.util.concurrent.CompletableFuture@1669be76[Not completed]
2019-10-15 11:06:55,461 [pool-257-thread-1] INFO  impl.RaftServerImpl (RaftServerImpl.java:<init>(95)) - 30423d70-6000-4cba-8127-04288b0f86e4: new RaftServerImpl for group-DE9C5E251886:[30423d70-6000-4cba-8127-04288b0f86e4:192.168.164.236:45472] with ContainerStateMachine:uninitialized
2019-10-15 11:06:55,461 [pool-257-thread-1] INFO  server.RaftServerConfigKeys (ConfUtils.java:logGet(43)) - raft.server.rpc.timeout.min = 5s (custom)
2019-10-15 11:06:55,461 [pool-257-thread-1] INFO  server.RaftServerConfigKeys (ConfUtils.java:logGet(43)) - raft.server.rpc.timeout.max = 5200ms (custom)
2019-10-15 11:06:55,461 [pool-257-thread-1] INFO  server.RaftServerConfigKeys (ConfUtils.java:logGet(43)) - raft.server.rpcslowness.timeout = 120s (custom)
2019-10-15 11:06:55,461 [pool-257-thread-1] INFO  server.RaftServerConfigKeys (ConfUtils.java:logGet(43)) - raft.server.sleep.deviation.threshold = 300 (default)
2019-10-15 11:06:55,461 [main] INFO  ozone.MiniOzoneClusterImpl (MiniOzoneClusterImpl.java:getStorageContainerLocationClient(234)) - Creating StorageContainerLocationProtocol RPC client with address /0.0.0.0:46650
2019-10-15 11:06:55,461 [pool-257-thread-1] INFO  server.RaftServerConfigKeys (ConfUtils.java:logGet(43)) - raft.server.log.appender.install.snapshot.enabled = false (custom)
2019-10-15 11:06:55,462 [pool-257-thread-1] INFO  impl.RaftServerImpl (ServerState.java:<init>(103)) - 30423d70-6000-4cba-8127-04288b0f86e4@group-DE9C5E251886: ConfigurationManager, init=-1: [30423d70-6000-4cba-8127-04288b0f86e4:192.168.164.236:45472], old=null, confs=<EMPTY_MAP>
2019-10-15 11:06:55,462 [pool-257-thread-1] INFO  server.RaftServerConfigKeys (ConfUtils.java:logGet(43)) - raft.server.storage.dir = [/workdir/hadoop-ozone/integration-test/target/test-dir/MiniOzoneClusterImpl-9edea9b3-9569-4a41-9435-4a26f33ebb8c/datanode-5/data/ratis] (custom)
2019-10-15 11:06:55,462 [pool-257-thread-1] INFO  server.RaftServerConfigKeys (ConfUtils.java:logGet(43)) - raft.server.log.corruption.policy = EXCEPTION (default)
2019-10-15 11:06:55,462 [pool-257-thread-1] INFO  storage.RaftStorageDirectory (RaftStorageDirectory.java:analyzeStorage(246)) - The storage directory /workdir/hadoop-ozone/integration-test/target/test-dir/MiniOzoneClusterImpl-9edea9b3-9569-4a41-9435-4a26f33ebb8c/datanode-5/data/ratis/f5b33178-a08e-4a4a-b5dd-de9c5e251886 does not exist. Creating ...
2019-10-15 11:06:55,489 [pool-257-thread-1] INFO  storage.RaftStorageDirectory (RaftStorageDirectory.java:tryLock(328)) - Lock on /workdir/hadoop-ozone/integration-test/target/test-dir/MiniOzoneClusterImpl-9edea9b3-9569-4a41-9435-4a26f33ebb8c/datanode-5/data/ratis/f5b33178-a08e-4a4a-b5dd-de9c5e251886/in_use.lock acquired by nodename 12418@pr-hdds-2206-66z5g-837117227
2019-10-15 11:06:55,514 [pool-257-thread-1] INFO  storage.RaftStorage (RaftStorage.java:format(84)) - Storage directory /workdir/hadoop-ozone/integration-test/target/test-dir/MiniOzoneClusterImpl-9edea9b3-9569-4a41-9435-4a26f33ebb8c/datanode-5/data/ratis/f5b33178-a08e-4a4a-b5dd-de9c5e251886 has been successfully formatted.
2019-10-15 11:06:55,515 [pool-257-thread-1] INFO  ratis.ContainerStateMachine (ContainerStateMachine.java:loadSnapshot(231)) - group-DE9C5E251886: The snapshot info is null. Setting the last applied indexto:(t:0, i:~)
2019-10-15 11:06:55,515 [pool-257-thread-1] INFO  server.RaftServerConfigKeys (ConfUtils.java:logGet(43)) - raft.server.notification.no-leader.timeout = 120s (custom)
2019-10-15 11:06:55,515 [pool-257-thread-1] INFO  server.RaftServerConfigKeys (ConfUtils.java:logGet(43)) - raft.server.log.use.memory = false (default)
2019-10-15 11:06:55,515 [pool-257-thread-1] INFO  server.RaftServerConfigKeys (ConfUtils.java:logGet(43)) - raft.server.log.purge.gap = 1000000 (custom)
2019-10-15 11:06:55,515 [pool-257-thread-1] INFO  server.RaftServerConfigKeys (ConfUtils.java:logGet(43)) - raft.server.log.appender.buffer.byte-limit = 33554432 (custom)
2019-10-15 11:06:55,515 [pool-257-thread-1] INFO  server.RaftServerConfigKeys (ConfUtils.java:logGet(43)) - raft.server.log.segment.size.max = 1048576 (custom)
2019-10-15 11:06:55,517 [pool-257-thread-1] INFO  server.RaftServerConfigKeys (ConfUtils.java:logGet(43)) - raft.server.log.segment.cache.num.max = 2 (custom)
2019-10-15 11:06:55,517 [pool-257-thread-1] INFO  segmented.SegmentedRaftLogWorker (SegmentedRaftLogWorker.java:<init>(173)) - new 30423d70-6000-4cba-8127-04288b0f86e4@group-DE9C5E251886-SegmentedRaftLogWorker for RaftStorage:Storage Directory /workdir/hadoop-ozone/integration-test/target/test-dir/MiniOzoneClusterImpl-9edea9b3-9569-4a41-9435-4a26f33ebb8c/datanode-5/data/ratis/f5b33178-a08e-4a4a-b5dd-de9c5e251886
2019-10-15 11:06:55,517 [pool-257-thread-1] INFO  server.RaftServerConfigKeys (ConfUtils.java:logGet(43)) - raft.server.log.queue.byte-limit = 2147483647 (custom)
2019-10-15 11:06:55,517 [pool-257-thread-1] INFO  server.RaftServerConfigKeys (ConfUtils.java:logGet(43)) - raft.server.log.queue.element-limit = 1024 (custom)
2019-10-15 11:06:55,517 [pool-257-thread-1] INFO  server.RaftServerConfigKeys (ConfUtils.java:logGet(43)) - raft.server.log.segment.size.max = 1048576 (custom)
2019-10-15 11:06:55,517 [pool-257-thread-1] INFO  server.RaftServerConfigKeys (ConfUtils.java:logGet(43)) - raft.server.log.preallocated.size = 16384 (custom)
2019-10-15 11:06:55,517 [pool-257-thread-1] INFO  server.RaftServerConfigKeys (ConfUtils.java:logGet(43)) - raft.server.log.write.buffer.size = 33554432 (custom)
2019-10-15 11:06:55,517 [pool-257-thread-1] INFO  server.RaftServerConfigKeys (ConfUtils.java:logGet(43)) - raft.server.log.force.sync.num = 128 (default)
2019-10-15 11:06:55,518 [pool-257-thread-1] INFO  server.RaftServerConfigKeys (ConfUtils.java:logGet(43)) - raft.server.log.statemachine.data.sync = true (default)
2019-10-15 11:06:55,518 [pool-257-thread-1] INFO  server.RaftServerConfigKeys (ConfUtils.java:logGet(43)) - raft.server.log.statemachine.data.sync.timeout = 10s (default)
2019-10-15 11:06:55,518 [pool-257-thread-1] INFO  server.RaftServerConfigKeys (ConfUtils.java:logGet(43)) - raft.server.log.statemachine.data.sync.timeout.retry = -1 (default)
2019-10-15 11:06:55,518 [pool-257-thread-1] INFO  server.RaftServerConfigKeys (ConfUtils.java:logGet(43)) - raft.server.log.statemachine.data.caching.enabled = true (custom)
2019-10-15 11:06:55,518 [pool-257-thread-1] INFO  segmented.SegmentedRaftLogWorker (SegmentedRaftLogWorker.java:lambda$new$0(128)) - 30423d70-6000-4cba-8127-04288b0f86e4@group-DE9C5E251886-SegmentedRaftLogWorker: flushIndex: setUnconditionally 0 -> -1
2019-10-15 11:06:55,519 [pool-257-thread-1] INFO  server.RaftServerConfigKeys (ConfUtils.java:logGet(43)) - raft.server.snapshot.auto.trigger.enabled = true (custom)
2019-10-15 11:06:55,519 [pool-257-thread-1] INFO  server.RaftServerConfigKeys (ConfUtils.java:logGet(43)) - raft.server.snapshot.auto.trigger.threshold = 10000 (custom)
2019-10-15 11:06:55,519 [pool-257-thread-1] INFO  server.RaftServerConfigKeys (ConfUtils.java:logGet(43)) - raft.server.snapshot.retention.file.num = 5 (custom)
2019-10-15 11:06:55,519 [pool-257-thread-1] INFO  server.RaftServerConfigKeys (ConfUtils.java:logGet(43)) - raft.server.retrycache.expirytime = 600000ms (custom)
2019-10-15 11:06:55,520 [pool-257-thread-1] INFO  impl.RaftServerImpl (RaftServerImpl.java:start(181)) - 30423d70-6000-4cba-8127-04288b0f86e4@group-DE9C5E251886: start as a follower, conf=-1: [30423d70-6000-4cba-8127-04288b0f86e4:192.168.164.236:45472], old=null
2019-10-15 11:06:55,520 [pool-257-thread-1] INFO  impl.RaftServerImpl (RaftServerImpl.java:setRole(170)) - 30423d70-6000-4cba-8127-04288b0f86e4@group-DE9C5E251886: changes role from      null to FOLLOWER at term 0 for startAsFollower
2019-10-15 11:06:55,521 [pool-257-thread-1] INFO  impl.RoleInfo (RoleInfo.java:updateAndGet(143)) - 30423d70-6000-4cba-8127-04288b0f86e4: start FollowerState
2019-10-15 11:06:55,521 [pool-257-thread-1] INFO  util.JmxRegister (JmxRegister.java:tryRegister(44)) - Successfully registered JMX Bean with object name Ratis:service=RaftServer,group=group-DE9C5E251886,id=30423d70-6000-4cba-8127-04288b0f86e4
2019-10-15 11:06:55,527 [RatisPipelineUtilsThread] INFO  pipeline.PipelineStateManager (PipelineStateManager.java:addPipeline(56)) - Created pipeline Pipeline[ Id: f5b33178-a08e-4a4a-b5dd-de9c5e251886, Nodes: 30423d70-6000-4cba-8127-04288b0f86e4{ip: 192.168.164.236, host: pr-hdds-2206-66z5g-837117227, networkLocation: /default-rack, certSerialId: null}, Type:RATIS, Factor:ONE, State:OPEN]
2019-10-15 11:06:55,532 [grpc-default-executor-3] INFO  impl.RaftServerProxy (RaftServerProxy.java:addNew(89)) - 95378f2b-3bc4-4d23-a590-934def3bd7b0: addNew group-080A56F5BD7D:[95378f2b-3bc4-4d23-a590-934def3bd7b0:192.168.164.236:40207] returns group-080A56F5BD7D:java.util.concurrent.CompletableFuture@65534bdd[Not completed]
2019-10-15 11:06:55,534 [pool-267-thread-1] INFO  impl.RaftServerImpl (RaftServerImpl.java:<init>(95)) - 95378f2b-3bc4-4d23-a590-934def3bd7b0: new RaftServerImpl for group-080A56F5BD7D:[95378f2b-3bc4-4d23-a590-934def3bd7b0:192.168.164.236:40207] with ContainerStateMachine:uninitialized
2019-10-15 11:06:55,534 [pool-267-thread-1] INFO  server.RaftServerConfigKeys (ConfUtils.java:logGet(43)) - raft.server.rpc.timeout.min = 5s (custom)
2019-10-15 11:06:55,534 [pool-267-thread-1] INFO  server.RaftServerConfigKeys (ConfUtils.java:logGet(43)) - raft.server.rpc.timeout.max = 5200ms (custom)
2019-10-15 11:06:55,534 [pool-267-thread-1] INFO  server.RaftServerConfigKeys (ConfUtils.java:logGet(43)) - raft.server.rpcslowness.timeout = 120s (custom)
2019-10-15 11:06:55,534 [pool-267-thread-1] INFO  server.RaftServerConfigKeys (ConfUtils.java:logGet(43)) - raft.server.sleep.deviation.threshold = 300 (default)
2019-10-15 11:06:55,535 [pool-267-thread-1] INFO  server.RaftServerConfigKeys (ConfUtils.java:logGet(43)) - raft.server.log.appender.install.snapshot.enabled = false (custom)
2019-10-15 11:06:55,535 [pool-267-thread-1] INFO  impl.RaftServerImpl (ServerState.java:<init>(103)) - 95378f2b-3bc4-4d23-a590-934def3bd7b0@group-080A56F5BD7D: ConfigurationManager, init=-1: [95378f2b-3bc4-4d23-a590-934def3bd7b0:192.168.164.236:40207], old=null, confs=<EMPTY_MAP>
2019-10-15 11:06:55,535 [pool-267-thread-1] INFO  server.RaftServerConfigKeys (ConfUtils.java:logGet(43)) - raft.server.storage.dir = [/workdir/hadoop-ozone/integration-test/target/test-dir/MiniOzoneClusterImpl-9edea9b3-9569-4a41-9435-4a26f33ebb8c/datanode-6/data/ratis] (custom)
2019-10-15 11:06:55,535 [pool-267-thread-1] INFO  server.RaftServerConfigKeys (ConfUtils.java:logGet(43)) - raft.server.log.corruption.policy = EXCEPTION (default)
2019-10-15 11:06:55,535 [pool-267-thread-1] INFO  storage.RaftStorageDirectory (RaftStorageDirectory.java:analyzeStorage(246)) - The storage directory /workdir/hadoop-ozone/integration-test/target/test-dir/MiniOzoneClusterImpl-9edea9b3-9569-4a41-9435-4a26f33ebb8c/datanode-6/data/ratis/c5651164-8714-465b-9245-080a56f5bd7d does not exist. Creating ...
2019-10-15 11:06:55,565 [pool-267-thread-1] INFO  storage.RaftStorageDirectory (RaftStorageDirectory.java:tryLock(328)) - Lock on /workdir/hadoop-ozone/integration-test/target/test-dir/MiniOzoneClusterImpl-9edea9b3-9569-4a41-9435-4a26f33ebb8c/datanode-6/data/ratis/c5651164-8714-465b-9245-080a56f5bd7d/in_use.lock acquired by nodename 12418@pr-hdds-2206-66z5g-837117227
2019-10-15 11:06:55,582 [pool-267-thread-1] INFO  storage.RaftStorage (RaftStorage.java:format(84)) - Storage directory /workdir/hadoop-ozone/integration-test/target/test-dir/MiniOzoneClusterImpl-9edea9b3-9569-4a41-9435-4a26f33ebb8c/datanode-6/data/ratis/c5651164-8714-465b-9245-080a56f5bd7d has been successfully formatted.
2019-10-15 11:06:55,582 [pool-267-thread-1] INFO  ratis.ContainerStateMachine (ContainerStateMachine.java:loadSnapshot(231)) - group-080A56F5BD7D: The snapshot info is null. Setting the last applied indexto:(t:0, i:~)
2019-10-15 11:06:55,582 [pool-267-thread-1] INFO  server.RaftServerConfigKeys (ConfUtils.java:logGet(43)) - raft.server.notification.no-leader.timeout = 120s (custom)
2019-10-15 11:06:55,582 [pool-267-thread-1] INFO  server.RaftServerConfigKeys (ConfUtils.java:logGet(43)) - raft.server.log.use.memory = false (default)
2019-10-15 11:06:55,582 [pool-267-thread-1] INFO  server.RaftServerConfigKeys (ConfUtils.java:logGet(43)) - raft.server.log.purge.gap = 1000000 (custom)
2019-10-15 11:06:55,582 [pool-267-thread-1] INFO  server.RaftServerConfigKeys (ConfUtils.java:logGet(43)) - raft.server.log.appender.buffer.byte-limit = 33554432 (custom)
2019-10-15 11:06:55,582 [pool-267-thread-1] INFO  server.RaftServerConfigKeys (ConfUtils.java:logGet(43)) - raft.server.log.segment.size.max = 1048576 (custom)
2019-10-15 11:06:55,584 [pool-267-thread-1] INFO  server.RaftServerConfigKeys (ConfUtils.java:logGet(43)) - raft.server.log.segment.cache.num.max = 2 (custom)
2019-10-15 11:06:55,584 [pool-267-thread-1] INFO  segmented.SegmentedRaftLogWorker (SegmentedRaftLogWorker.java:<init>(173)) - new 95378f2b-3bc4-4d23-a590-934def3bd7b0@group-080A56F5BD7D-SegmentedRaftLogWorker for RaftStorage:Storage Directory /workdir/hadoop-ozone/integration-test/target/test-dir/MiniOzoneClusterImpl-9edea9b3-9569-4a41-9435-4a26f33ebb8c/datanode-6/data/ratis/c5651164-8714-465b-9245-080a56f5bd7d
2019-10-15 11:06:55,584 [pool-267-thread-1] INFO  server.RaftServerConfigKeys (ConfUtils.java:logGet(43)) - raft.server.log.queue.byte-limit = 2147483647 (custom)
2019-10-15 11:06:55,584 [pool-267-thread-1] INFO  server.RaftServerConfigKeys (ConfUtils.java:logGet(43)) - raft.server.log.queue.element-limit = 1024 (custom)
2019-10-15 11:06:55,584 [pool-267-thread-1] INFO  server.RaftServerConfigKeys (ConfUtils.java:logGet(43)) - raft.server.log.segment.size.max = 1048576 (custom)
2019-10-15 11:06:55,584 [pool-267-thread-1] INFO  server.RaftServerConfigKeys (ConfUtils.java:logGet(43)) - raft.server.log.preallocated.size = 16384 (custom)
2019-10-15 11:06:55,584 [pool-267-thread-1] INFO  server.RaftServerConfigKeys (ConfUtils.java:logGet(43)) - raft.server.log.write.buffer.size = 33554432 (custom)
2019-10-15 11:06:55,584 [pool-267-thread-1] INFO  server.RaftServerConfigKeys (ConfUtils.java:logGet(43)) - raft.server.log.force.sync.num = 128 (default)
2019-10-15 11:06:55,585 [pool-267-thread-1] INFO  server.RaftServerConfigKeys (ConfUtils.java:logGet(43)) - raft.server.log.statemachine.data.sync = true (default)
2019-10-15 11:06:55,585 [pool-267-thread-1] INFO  server.RaftServerConfigKeys (ConfUtils.java:logGet(43)) - raft.server.log.statemachine.data.sync.timeout = 10s (default)
2019-10-15 11:06:55,585 [pool-267-thread-1] INFO  server.RaftServerConfigKeys (ConfUtils.java:logGet(43)) - raft.server.log.statemachine.data.sync.timeout.retry = -1 (default)
2019-10-15 11:06:55,585 [pool-267-thread-1] INFO  server.RaftServerConfigKeys (ConfUtils.java:logGet(43)) - raft.server.log.statemachine.data.caching.enabled = true (custom)
2019-10-15 11:06:55,585 [pool-267-thread-1] INFO  segmented.SegmentedRaftLogWorker (SegmentedRaftLogWorker.java:lambda$new$0(128)) - 95378f2b-3bc4-4d23-a590-934def3bd7b0@group-080A56F5BD7D-SegmentedRaftLogWorker: flushIndex: setUnconditionally 0 -> -1
2019-10-15 11:06:55,586 [pool-267-thread-1] INFO  server.RaftServerConfigKeys (ConfUtils.java:logGet(43)) - raft.server.snapshot.auto.trigger.enabled = true (custom)
2019-10-15 11:06:55,586 [pool-267-thread-1] INFO  server.RaftServerConfigKeys (ConfUtils.java:logGet(43)) - raft.server.snapshot.auto.trigger.threshold = 10000 (custom)
2019-10-15 11:06:55,586 [pool-267-thread-1] INFO  server.RaftServerConfigKeys (ConfUtils.java:logGet(43)) - raft.server.snapshot.retention.file.num = 5 (custom)
2019-10-15 11:06:55,586 [pool-267-thread-1] INFO  server.RaftServerConfigKeys (ConfUtils.java:logGet(43)) - raft.server.retrycache.expirytime = 600000ms (custom)
2019-10-15 11:06:55,587 [pool-267-thread-1] INFO  impl.RaftServerImpl (RaftServerImpl.java:start(181)) - 95378f2b-3bc4-4d23-a590-934def3bd7b0@group-080A56F5BD7D: start as a follower, conf=-1: [95378f2b-3bc4-4d23-a590-934def3bd7b0:192.168.164.236:40207], old=null
2019-10-15 11:06:55,587 [pool-267-thread-1] INFO  impl.RaftServerImpl (RaftServerImpl.java:setRole(170)) - 95378f2b-3bc4-4d23-a590-934def3bd7b0@group-080A56F5BD7D: changes role from      null to FOLLOWER at term 0 for startAsFollower
2019-10-15 11:06:55,587 [pool-267-thread-1] INFO  impl.RoleInfo (RoleInfo.java:updateAndGet(143)) - 95378f2b-3bc4-4d23-a590-934def3bd7b0: start FollowerState
2019-10-15 11:06:55,588 [pool-267-thread-1] INFO  util.JmxRegister (JmxRegister.java:tryRegister(44)) - Successfully registered JMX Bean with object name Ratis:service=RaftServer,group=group-080A56F5BD7D,id=95378f2b-3bc4-4d23-a590-934def3bd7b0
2019-10-15 11:06:55,591 [RatisPipelineUtilsThread] INFO  pipeline.PipelineStateManager (PipelineStateManager.java:addPipeline(56)) - Created pipeline Pipeline[ Id: c5651164-8714-465b-9245-080a56f5bd7d, Nodes: 95378f2b-3bc4-4d23-a590-934def3bd7b0{ip: 192.168.164.236, host: pr-hdds-2206-66z5g-837117227, networkLocation: /default-rack, certSerialId: null}, Type:RATIS, Factor:ONE, State:OPEN]
2019-10-15 11:06:55,621 [grpc-default-executor-3] INFO  impl.RaftServerProxy (RaftServerProxy.java:addNew(89)) - 144b8dad-4f9f-4727-95df-54da78a09e68: addNew group-571077ABE93B:[d6d9a674-7f3a-482e-be06-219964726ba5:192.168.164.236:40950, 144b8dad-4f9f-4727-95df-54da78a09e68:192.168.164.236:43161, 172a2998-bf86-4637-a4be-957637693d81:192.168.164.236:39655] returns group-571077ABE93B:java.util.concurrent.CompletableFuture@2fc06dc2[Not completed]
2019-10-15 11:06:55,621 [grpc-default-executor-0] INFO  impl.RaftServerProxy (RaftServerProxy.java:addNew(89)) - 172a2998-bf86-4637-a4be-957637693d81: addNew group-571077ABE93B:[d6d9a674-7f3a-482e-be06-219964726ba5:192.168.164.236:40950, 144b8dad-4f9f-4727-95df-54da78a09e68:192.168.164.236:43161, 172a2998-bf86-4637-a4be-957637693d81:192.168.164.236:39655] returns group-571077ABE93B:java.util.concurrent.CompletableFuture@37159591[Not completed]
2019-10-15 11:06:55,621 [grpc-default-executor-1] INFO  impl.RaftServerProxy (RaftServerProxy.java:addNew(89)) - d6d9a674-7f3a-482e-be06-219964726ba5: addNew group-571077ABE93B:[d6d9a674-7f3a-482e-be06-219964726ba5:192.168.164.236:40950, 144b8dad-4f9f-4727-95df-54da78a09e68:192.168.164.236:43161, 172a2998-bf86-4637-a4be-957637693d81:192.168.164.236:39655] returns group-571077ABE93B:java.util.concurrent.CompletableFuture@3ee8ddcc[Not completed]
2019-10-15 11:06:55,623 [pool-247-thread-1] INFO  impl.RaftServerImpl (RaftServerImpl.java:<init>(95)) - 172a2998-bf86-4637-a4be-957637693d81: new RaftServerImpl for group-571077ABE93B:[d6d9a674-7f3a-482e-be06-219964726ba5:192.168.164.236:40950, 144b8dad-4f9f-4727-95df-54da78a09e68:192.168.164.236:43161, 172a2998-bf86-4637-a4be-957637693d81:192.168.164.236:39655] with ContainerStateMachine:uninitialized
2019-10-15 11:06:55,623 [pool-247-thread-1] INFO  server.RaftServerConfigKeys (ConfUtils.java:logGet(43)) - raft.server.rpc.timeout.min = 5s (custom)
2019-10-15 11:06:55,623 [pool-247-thread-1] INFO  server.RaftServerConfigKeys (ConfUtils.java:logGet(43)) - raft.server.rpc.timeout.max = 5200ms (custom)
2019-10-15 11:06:55,623 [pool-247-thread-1] INFO  server.RaftServerConfigKeys (ConfUtils.java:logGet(43)) - raft.server.rpcslowness.timeout = 120s (custom)
2019-10-15 11:06:55,624 [pool-247-thread-1] INFO  server.RaftServerConfigKeys (ConfUtils.java:logGet(43)) - raft.server.sleep.deviation.threshold = 300 (default)
2019-10-15 11:06:55,624 [pool-247-thread-1] INFO  server.RaftServerConfigKeys (ConfUtils.java:logGet(43)) - raft.server.log.appender.install.snapshot.enabled = false (custom)
2019-10-15 11:06:55,624 [pool-237-thread-1] INFO  impl.RaftServerImpl (RaftServerImpl.java:<init>(95)) - 144b8dad-4f9f-4727-95df-54da78a09e68: new RaftServerImpl for group-571077ABE93B:[d6d9a674-7f3a-482e-be06-219964726ba5:192.168.164.236:40950, 144b8dad-4f9f-4727-95df-54da78a09e68:192.168.164.236:43161, 172a2998-bf86-4637-a4be-957637693d81:192.168.164.236:39655] with ContainerStateMachine:uninitialized
2019-10-15 11:06:55,624 [pool-247-thread-1] INFO  impl.RaftServerImpl (ServerState.java:<init>(103)) - 172a2998-bf86-4637-a4be-957637693d81@group-571077ABE93B: ConfigurationManager, init=-1: [d6d9a674-7f3a-482e-be06-219964726ba5:192.168.164.236:40950, 144b8dad-4f9f-4727-95df-54da78a09e68:192.168.164.236:43161, 172a2998-bf86-4637-a4be-957637693d81:192.168.164.236:39655], old=null, confs=<EMPTY_MAP>
2019-10-15 11:06:55,624 [pool-237-thread-1] INFO  server.RaftServerConfigKeys (ConfUtils.java:logGet(43)) - raft.server.rpc.timeout.min = 5s (custom)
2019-10-15 11:06:55,624 [pool-247-thread-1] INFO  server.RaftServerConfigKeys (ConfUtils.java:logGet(43)) - raft.server.storage.dir = [/workdir/hadoop-ozone/integration-test/target/test-dir/MiniOzoneClusterImpl-9edea9b3-9569-4a41-9435-4a26f33ebb8c/datanode-4/data/ratis] (custom)
2019-10-15 11:06:55,624 [pool-237-thread-1] INFO  server.RaftServerConfigKeys (ConfUtils.java:logGet(43)) - raft.server.rpc.timeout.max = 5200ms (custom)
2019-10-15 11:06:55,624 [pool-227-thread-1] INFO  impl.RaftServerImpl (RaftServerImpl.java:<init>(95)) - d6d9a674-7f3a-482e-be06-219964726ba5: new RaftServerImpl for group-571077ABE93B:[d6d9a674-7f3a-482e-be06-219964726ba5:192.168.164.236:40950, 144b8dad-4f9f-4727-95df-54da78a09e68:192.168.164.236:43161, 172a2998-bf86-4637-a4be-957637693d81:192.168.164.236:39655] with ContainerStateMachine:uninitialized
2019-10-15 11:06:55,624 [pool-237-thread-1] INFO  server.RaftServerConfigKeys (ConfUtils.java:logGet(43)) - raft.server.rpcslowness.timeout = 120s (custom)
2019-10-15 11:06:55,624 [pool-247-thread-1] INFO  server.RaftServerConfigKeys (ConfUtils.java:logGet(43)) - raft.server.log.corruption.policy = EXCEPTION (default)
2019-10-15 11:06:55,625 [pool-237-thread-1] INFO  server.RaftServerConfigKeys (ConfUtils.java:logGet(43)) - raft.server.sleep.deviation.threshold = 300 (default)
2019-10-15 11:06:55,625 [pool-227-thread-1] INFO  server.RaftServerConfigKeys (ConfUtils.java:logGet(43)) - raft.server.rpc.timeout.min = 5s (custom)
2019-10-15 11:06:55,625 [pool-237-thread-1] INFO  server.RaftServerConfigKeys (ConfUtils.java:logGet(43)) - raft.server.log.appender.install.snapshot.enabled = false (custom)
2019-10-15 11:06:55,625 [pool-247-thread-1] INFO  storage.RaftStorageDirectory (RaftStorageDirectory.java:analyzeStorage(246)) - The storage directory /workdir/hadoop-ozone/integration-test/target/test-dir/MiniOzoneClusterImpl-9edea9b3-9569-4a41-9435-4a26f33ebb8c/datanode-4/data/ratis/b483a8d9-8da6-457e-a423-571077abe93b does not exist. Creating ...
2019-10-15 11:06:55,625 [pool-237-thread-1] INFO  impl.RaftServerImpl (ServerState.java:<init>(103)) - 144b8dad-4f9f-4727-95df-54da78a09e68@group-571077ABE93B: ConfigurationManager, init=-1: [d6d9a674-7f3a-482e-be06-219964726ba5:192.168.164.236:40950, 144b8dad-4f9f-4727-95df-54da78a09e68:192.168.164.236:43161, 172a2998-bf86-4637-a4be-957637693d81:192.168.164.236:39655], old=null, confs=<EMPTY_MAP>
2019-10-15 11:06:55,625 [pool-227-thread-1] INFO  server.RaftServerConfigKeys (ConfUtils.java:logGet(43)) - raft.server.rpc.timeout.max = 5200ms (custom)
2019-10-15 11:06:55,626 [pool-237-thread-1] INFO  server.RaftServerConfigKeys (ConfUtils.java:logGet(43)) - raft.server.storage.dir = [/workdir/hadoop-ozone/integration-test/target/test-dir/MiniOzoneClusterImpl-9edea9b3-9569-4a41-9435-4a26f33ebb8c/datanode-3/data/ratis] (custom)
2019-10-15 11:06:55,626 [pool-227-thread-1] INFO  server.RaftServerConfigKeys (ConfUtils.java:logGet(43)) - raft.server.rpcslowness.timeout = 120s (custom)
2019-10-15 11:06:55,626 [pool-227-thread-1] INFO  server.RaftServerConfigKeys (ConfUtils.java:logGet(43)) - raft.server.sleep.deviation.threshold = 300 (default)
2019-10-15 11:06:55,626 [pool-237-thread-1] INFO  server.RaftServerConfigKeys (ConfUtils.java:logGet(43)) - raft.server.log.corruption.policy = EXCEPTION (default)
2019-10-15 11:06:55,626 [pool-227-thread-1] INFO  server.RaftServerConfigKeys (ConfUtils.java:logGet(43)) - raft.server.log.appender.install.snapshot.enabled = false (custom)
2019-10-15 11:06:55,626 [pool-237-thread-1] INFO  storage.RaftStorageDirectory (RaftStorageDirectory.java:analyzeStorage(246)) - The storage directory /workdir/hadoop-ozone/integration-test/target/test-dir/MiniOzoneClusterImpl-9edea9b3-9569-4a41-9435-4a26f33ebb8c/datanode-3/data/ratis/b483a8d9-8da6-457e-a423-571077abe93b does not exist. Creating ...
2019-10-15 11:06:55,627 [pool-227-thread-1] INFO  impl.RaftServerImpl (ServerState.java:<init>(103)) - d6d9a674-7f3a-482e-be06-219964726ba5@group-571077ABE93B: ConfigurationManager, init=-1: [d6d9a674-7f3a-482e-be06-219964726ba5:192.168.164.236:40950, 144b8dad-4f9f-4727-95df-54da78a09e68:192.168.164.236:43161, 172a2998-bf86-4637-a4be-957637693d81:192.168.164.236:39655], old=null, confs=<EMPTY_MAP>
2019-10-15 11:06:55,627 [pool-227-thread-1] INFO  server.RaftServerConfigKeys (ConfUtils.java:logGet(43)) - raft.server.storage.dir = [/workdir/hadoop-ozone/integration-test/target/test-dir/MiniOzoneClusterImpl-9edea9b3-9569-4a41-9435-4a26f33ebb8c/datanode-2/data/ratis] (custom)
2019-10-15 11:06:55,627 [pool-227-thread-1] INFO  server.RaftServerConfigKeys (ConfUtils.java:logGet(43)) - raft.server.log.corruption.policy = EXCEPTION (default)
2019-10-15 11:06:55,627 [pool-227-thread-1] INFO  storage.RaftStorageDirectory (RaftStorageDirectory.java:analyzeStorage(246)) - The storage directory /workdir/hadoop-ozone/integration-test/target/test-dir/MiniOzoneClusterImpl-9edea9b3-9569-4a41-9435-4a26f33ebb8c/datanode-2/data/ratis/b483a8d9-8da6-457e-a423-571077abe93b does not exist. Creating ...
2019-10-15 11:06:55,649 [pool-247-thread-1] INFO  storage.RaftStorageDirectory (RaftStorageDirectory.java:tryLock(328)) - Lock on /workdir/hadoop-ozone/integration-test/target/test-dir/MiniOzoneClusterImpl-9edea9b3-9569-4a41-9435-4a26f33ebb8c/datanode-4/data/ratis/b483a8d9-8da6-457e-a423-571077abe93b/in_use.lock acquired by nodename 12418@pr-hdds-2206-66z5g-837117227
2019-10-15 11:06:55,649 [pool-227-thread-1] INFO  storage.RaftStorageDirectory (RaftStorageDirectory.java:tryLock(328)) - Lock on /workdir/hadoop-ozone/integration-test/target/test-dir/MiniOzoneClusterImpl-9edea9b3-9569-4a41-9435-4a26f33ebb8c/datanode-2/data/ratis/b483a8d9-8da6-457e-a423-571077abe93b/in_use.lock acquired by nodename 12418@pr-hdds-2206-66z5g-837117227
2019-10-15 11:06:55,649 [pool-237-thread-1] INFO  storage.RaftStorageDirectory (RaftStorageDirectory.java:tryLock(328)) - Lock on /workdir/hadoop-ozone/integration-test/target/test-dir/MiniOzoneClusterImpl-9edea9b3-9569-4a41-9435-4a26f33ebb8c/datanode-3/data/ratis/b483a8d9-8da6-457e-a423-571077abe93b/in_use.lock acquired by nodename 12418@pr-hdds-2206-66z5g-837117227
2019-10-15 11:06:55,675 [pool-237-thread-1] INFO  storage.RaftStorage (RaftStorage.java:format(84)) - Storage directory /workdir/hadoop-ozone/integration-test/target/test-dir/MiniOzoneClusterImpl-9edea9b3-9569-4a41-9435-4a26f33ebb8c/datanode-3/data/ratis/b483a8d9-8da6-457e-a423-571077abe93b has been successfully formatted.
2019-10-15 11:06:55,675 [pool-227-thread-1] INFO  storage.RaftStorage (RaftStorage.java:format(84)) - Storage directory /workdir/hadoop-ozone/integration-test/target/test-dir/MiniOzoneClusterImpl-9edea9b3-9569-4a41-9435-4a26f33ebb8c/datanode-2/data/ratis/b483a8d9-8da6-457e-a423-571077abe93b has been successfully formatted.
2019-10-15 11:06:55,675 [pool-247-thread-1] INFO  storage.RaftStorage (RaftStorage.java:format(84)) - Storage directory /workdir/hadoop-ozone/integration-test/target/test-dir/MiniOzoneClusterImpl-9edea9b3-9569-4a41-9435-4a26f33ebb8c/datanode-4/data/ratis/b483a8d9-8da6-457e-a423-571077abe93b has been successfully formatted.
2019-10-15 11:06:55,675 [pool-227-thread-1] INFO  ratis.ContainerStateMachine (ContainerStateMachine.java:loadSnapshot(231)) - group-571077ABE93B: The snapshot info is null. Setting the last applied indexto:(t:0, i:~)
2019-10-15 11:06:55,675 [pool-237-thread-1] INFO  ratis.ContainerStateMachine (ContainerStateMachine.java:loadSnapshot(231)) - group-571077ABE93B: The snapshot info is null. Setting the last applied indexto:(t:0, i:~)
2019-10-15 11:06:55,675 [pool-227-thread-1] INFO  server.RaftServerConfigKeys (ConfUtils.java:logGet(43)) - raft.server.notification.no-leader.timeout = 120s (custom)
2019-10-15 11:06:55,675 [pool-247-thread-1] INFO  ratis.ContainerStateMachine (ContainerStateMachine.java:loadSnapshot(231)) - group-571077ABE93B: The snapshot info is null. Setting the last applied indexto:(t:0, i:~)
2019-10-15 11:06:55,676 [pool-227-thread-1] INFO  server.RaftServerConfigKeys (ConfUtils.java:logGet(43)) - raft.server.log.use.memory = false (default)
2019-10-15 11:06:55,675 [pool-237-thread-1] INFO  server.RaftServerConfigKeys (ConfUtils.java:logGet(43)) - raft.server.notification.no-leader.timeout = 120s (custom)
2019-10-15 11:06:55,676 [pool-227-thread-1] INFO  server.RaftServerConfigKeys (ConfUtils.java:logGet(43)) - raft.server.log.purge.gap = 1000000 (custom)
2019-10-15 11:06:55,676 [pool-247-thread-1] INFO  server.RaftServerConfigKeys (ConfUtils.java:logGet(43)) - raft.server.notification.no-leader.timeout = 120s (custom)
2019-10-15 11:06:55,676 [pool-227-thread-1] INFO  server.RaftServerConfigKeys (ConfUtils.java:logGet(43)) - raft.server.log.appender.buffer.byte-limit = 33554432 (custom)
2019-10-15 11:06:55,676 [pool-237-thread-1] INFO  server.RaftServerConfigKeys (ConfUtils.java:logGet(43)) - raft.server.log.use.memory = false (default)
2019-10-15 11:06:55,676 [pool-227-thread-1] INFO  server.RaftServerConfigKeys (ConfUtils.java:logGet(43)) - raft.server.log.segment.size.max = 1048576 (custom)
2019-10-15 11:06:55,676 [pool-247-thread-1] INFO  server.RaftServerConfigKeys (ConfUtils.java:logGet(43)) - raft.server.log.use.memory = false (default)
2019-10-15 11:06:55,677 [pool-227-thread-1] INFO  server.RaftServerConfigKeys (ConfUtils.java:logGet(43)) - raft.server.log.segment.cache.num.max = 2 (custom)
2019-10-15 11:06:55,676 [pool-237-thread-1] INFO  server.RaftServerConfigKeys (ConfUtils.java:logGet(43)) - raft.server.log.purge.gap = 1000000 (custom)
2019-10-15 11:06:55,677 [pool-227-thread-1] INFO  segmented.SegmentedRaftLogWorker (SegmentedRaftLogWorker.java:<init>(173)) - new d6d9a674-7f3a-482e-be06-219964726ba5@group-571077ABE93B-SegmentedRaftLogWorker for RaftStorage:Storage Directory /workdir/hadoop-ozone/integration-test/target/test-dir/MiniOzoneClusterImpl-9edea9b3-9569-4a41-9435-4a26f33ebb8c/datanode-2/data/ratis/b483a8d9-8da6-457e-a423-571077abe93b
2019-10-15 11:06:55,677 [pool-247-thread-1] INFO  server.RaftServerConfigKeys (ConfUtils.java:logGet(43)) - raft.server.log.purge.gap = 1000000 (custom)
2019-10-15 11:06:55,677 [pool-227-thread-1] INFO  server.RaftServerConfigKeys (ConfUtils.java:logGet(43)) - raft.server.log.queue.byte-limit = 2147483647 (custom)
2019-10-15 11:06:55,677 [pool-237-thread-1] INFO  server.RaftServerConfigKeys (ConfUtils.java:logGet(43)) - raft.server.log.appender.buffer.byte-limit = 33554432 (custom)
2019-10-15 11:06:55,677 [pool-227-thread-1] INFO  server.RaftServerConfigKeys (ConfUtils.java:logGet(43)) - raft.server.log.queue.element-limit = 1024 (custom)
2019-10-15 11:06:55,677 [pool-247-thread-1] INFO  server.RaftServerConfigKeys (ConfUtils.java:logGet(43)) - raft.server.log.appender.buffer.byte-limit = 33554432 (custom)
2019-10-15 11:06:55,678 [pool-227-thread-1] INFO  server.RaftServerConfigKeys (ConfUtils.java:logGet(43)) - raft.server.log.segment.size.max = 1048576 (custom)
2019-10-15 11:06:55,677 [pool-237-thread-1] INFO  server.RaftServerConfigKeys (ConfUtils.java:logGet(43)) - raft.server.log.segment.size.max = 1048576 (custom)
2019-10-15 11:06:55,678 [pool-227-thread-1] INFO  server.RaftServerConfigKeys (ConfUtils.java:logGet(43)) - raft.server.log.preallocated.size = 16384 (custom)
2019-10-15 11:06:55,678 [pool-247-thread-1] INFO  server.RaftServerConfigKeys (ConfUtils.java:logGet(43)) - raft.server.log.segment.size.max = 1048576 (custom)
2019-10-15 11:06:55,678 [pool-227-thread-1] INFO  server.RaftServerConfigKeys (ConfUtils.java:logGet(43)) - raft.server.log.write.buffer.size = 33554432 (custom)
2019-10-15 11:06:55,678 [pool-237-thread-1] INFO  server.RaftServerConfigKeys (ConfUtils.java:logGet(43)) - raft.server.log.segment.cache.num.max = 2 (custom)
2019-10-15 11:06:55,678 [pool-227-thread-1] INFO  server.RaftServerConfigKeys (ConfUtils.java:logGet(43)) - raft.server.log.force.sync.num = 128 (default)
2019-10-15 11:06:55,678 [pool-247-thread-1] INFO  server.RaftServerConfigKeys (ConfUtils.java:logGet(43)) - raft.server.log.segment.cache.num.max = 2 (custom)
2019-10-15 11:06:55,679 [pool-227-thread-1] INFO  server.RaftServerConfigKeys (ConfUtils.java:logGet(43)) - raft.server.log.statemachine.data.sync = true (default)
2019-10-15 11:06:55,678 [pool-237-thread-1] INFO  segmented.SegmentedRaftLogWorker (SegmentedRaftLogWorker.java:<init>(173)) - new 144b8dad-4f9f-4727-95df-54da78a09e68@group-571077ABE93B-SegmentedRaftLogWorker for RaftStorage:Storage Directory /workdir/hadoop-ozone/integration-test/target/test-dir/MiniOzoneClusterImpl-9edea9b3-9569-4a41-9435-4a26f33ebb8c/datanode-3/data/ratis/b483a8d9-8da6-457e-a423-571077abe93b
2019-10-15 11:06:55,679 [pool-227-thread-1] INFO  server.RaftServerConfigKeys (ConfUtils.java:logGet(43)) - raft.server.log.statemachine.data.sync.timeout = 10s (default)
2019-10-15 11:06:55,679 [pool-247-thread-1] INFO  segmented.SegmentedRaftLogWorker (SegmentedRaftLogWorker.java:<init>(173)) - new 172a2998-bf86-4637-a4be-957637693d81@group-571077ABE93B-SegmentedRaftLogWorker for RaftStorage:Storage Directory /workdir/hadoop-ozone/integration-test/target/test-dir/MiniOzoneClusterImpl-9edea9b3-9569-4a41-9435-4a26f33ebb8c/datanode-4/data/ratis/b483a8d9-8da6-457e-a423-571077abe93b
2019-10-15 11:06:55,679 [pool-227-thread-1] INFO  server.RaftServerConfigKeys (ConfUtils.java:logGet(43)) - raft.server.log.statemachine.data.sync.timeout.retry = -1 (default)
2019-10-15 11:06:55,679 [pool-237-thread-1] INFO  server.RaftServerConfigKeys (ConfUtils.java:logGet(43)) - raft.server.log.queue.byte-limit = 2147483647 (custom)
2019-10-15 11:06:55,679 [pool-227-thread-1] INFO  server.RaftServerConfigKeys (ConfUtils.java:logGet(43)) - raft.server.log.statemachine.data.caching.enabled = true (custom)
2019-10-15 11:06:55,679 [pool-247-thread-1] INFO  server.RaftServerConfigKeys (ConfUtils.java:logGet(43)) - raft.server.log.queue.byte-limit = 2147483647 (custom)
2019-10-15 11:06:55,679 [pool-237-thread-1] INFO  server.RaftServerConfigKeys (ConfUtils.java:logGet(43)) - raft.server.log.queue.element-limit = 1024 (custom)
2019-10-15 11:06:55,680 [pool-227-thread-1] INFO  segmented.SegmentedRaftLogWorker (SegmentedRaftLogWorker.java:lambda$new$0(128)) - d6d9a674-7f3a-482e-be06-219964726ba5@group-571077ABE93B-SegmentedRaftLogWorker: flushIndex: setUnconditionally 0 -> -1
2019-10-15 11:06:55,680 [pool-247-thread-1] INFO  server.RaftServerConfigKeys (ConfUtils.java:logGet(43)) - raft.server.log.queue.element-limit = 1024 (custom)
2019-10-15 11:06:55,680 [pool-237-thread-1] INFO  server.RaftServerConfigKeys (ConfUtils.java:logGet(43)) - raft.server.log.segment.size.max = 1048576 (custom)
2019-10-15 11:06:55,680 [pool-227-thread-1] INFO  server.RaftServerConfigKeys (ConfUtils.java:logGet(43)) - raft.server.snapshot.auto.trigger.enabled = true (custom)
2019-10-15 11:06:55,680 [pool-247-thread-1] INFO  server.RaftServerConfigKeys (ConfUtils.java:logGet(43)) - raft.server.log.segment.size.max = 1048576 (custom)
2019-10-15 11:06:55,680 [pool-227-thread-1] INFO  server.RaftServerConfigKeys (ConfUtils.java:logGet(43)) - raft.server.snapshot.auto.trigger.threshold = 10000 (custom)
2019-10-15 11:06:55,680 [pool-237-thread-1] INFO  server.RaftServerConfigKeys (ConfUtils.java:logGet(43)) - raft.server.log.preallocated.size = 16384 (custom)
2019-10-15 11:06:55,681 [pool-227-thread-1] INFO  server.RaftServerConfigKeys (ConfUtils.java:logGet(43)) - raft.server.snapshot.retention.file.num = 5 (custom)
2019-10-15 11:06:55,680 [pool-247-thread-1] INFO  server.RaftServerConfigKeys (ConfUtils.java:logGet(43)) - raft.server.log.preallocated.size = 16384 (custom)
2019-10-15 11:06:55,681 [pool-227-thread-1] INFO  server.RaftServerConfigKeys (ConfUtils.java:logGet(43)) - raft.server.retrycache.expirytime = 600000ms (custom)
2019-10-15 11:06:55,681 [pool-237-thread-1] INFO  server.RaftServerConfigKeys (ConfUtils.java:logGet(43)) - raft.server.log.write.buffer.size = 33554432 (custom)
2019-10-15 11:06:55,681 [pool-247-thread-1] INFO  server.RaftServerConfigKeys (ConfUtils.java:logGet(43)) - raft.server.log.write.buffer.size = 33554432 (custom)
2019-10-15 11:06:55,681 [pool-237-thread-1] INFO  server.RaftServerConfigKeys (ConfUtils.java:logGet(43)) - raft.server.log.force.sync.num = 128 (default)
2019-10-15 11:06:55,681 [pool-247-thread-1] INFO  server.RaftServerConfigKeys (ConfUtils.java:logGet(43)) - raft.server.log.force.sync.num = 128 (default)
2019-10-15 11:06:55,681 [pool-237-thread-1] INFO  server.RaftServerConfigKeys (ConfUtils.java:logGet(43)) - raft.server.log.statemachine.data.sync = true (default)
2019-10-15 11:06:55,682 [pool-247-thread-1] INFO  server.RaftServerConfigKeys (ConfUtils.java:logGet(43)) - raft.server.log.statemachine.data.sync = true (default)
2019-10-15 11:06:55,682 [pool-237-thread-1] INFO  server.RaftServerConfigKeys (ConfUtils.java:logGet(43)) - raft.server.log.statemachine.data.sync.timeout = 10s (default)
2019-10-15 11:06:55,682 [pool-247-thread-1] INFO  server.RaftServerConfigKeys (ConfUtils.java:logGet(43)) - raft.server.log.statemachine.data.sync.timeout = 10s (default)
2019-10-15 11:06:55,682 [pool-237-thread-1] INFO  server.RaftServerConfigKeys (ConfUtils.java:logGet(43)) - raft.server.log.statemachine.data.sync.timeout.retry = -1 (default)
2019-10-15 11:06:55,682 [pool-247-thread-1] INFO  server.RaftServerConfigKeys (ConfUtils.java:logGet(43)) - raft.server.log.statemachine.data.sync.timeout.retry = -1 (default)
2019-10-15 11:06:55,682 [pool-237-thread-1] INFO  server.RaftServerConfigKeys (ConfUtils.java:logGet(43)) - raft.server.log.statemachine.data.caching.enabled = true (custom)
2019-10-15 11:06:55,682 [pool-247-thread-1] INFO  server.RaftServerConfigKeys (ConfUtils.java:logGet(43)) - raft.server.log.statemachine.data.caching.enabled = true (custom)
2019-10-15 11:06:55,683 [pool-237-thread-1] INFO  segmented.SegmentedRaftLogWorker (SegmentedRaftLogWorker.java:lambda$new$0(128)) - 144b8dad-4f9f-4727-95df-54da78a09e68@group-571077ABE93B-SegmentedRaftLogWorker: flushIndex: setUnconditionally 0 -> -1
2019-10-15 11:06:55,683 [pool-247-thread-1] INFO  segmented.SegmentedRaftLogWorker (SegmentedRaftLogWorker.java:lambda$new$0(128)) - 172a2998-bf86-4637-a4be-957637693d81@group-571077ABE93B-SegmentedRaftLogWorker: flushIndex: setUnconditionally 0 -> -1
2019-10-15 11:06:55,683 [pool-227-thread-1] INFO  impl.RaftServerImpl (RaftServerImpl.java:start(181)) - d6d9a674-7f3a-482e-be06-219964726ba5@group-571077ABE93B: start as a follower, conf=-1: [d6d9a674-7f3a-482e-be06-219964726ba5:192.168.164.236:40950, 144b8dad-4f9f-4727-95df-54da78a09e68:192.168.164.236:43161, 172a2998-bf86-4637-a4be-957637693d81:192.168.164.236:39655], old=null
2019-10-15 11:06:55,683 [pool-237-thread-1] INFO  server.RaftServerConfigKeys (ConfUtils.java:logGet(43)) - raft.server.snapshot.auto.trigger.enabled = true (custom)
2019-10-15 11:06:55,683 [pool-227-thread-1] INFO  impl.RaftServerImpl (RaftServerImpl.java:setRole(170)) - d6d9a674-7f3a-482e-be06-219964726ba5@group-571077ABE93B: changes role from      null to FOLLOWER at term 0 for startAsFollower
2019-10-15 11:06:55,683 [pool-247-thread-1] INFO  server.RaftServerConfigKeys (ConfUtils.java:logGet(43)) - raft.server.snapshot.auto.trigger.enabled = true (custom)
2019-10-15 11:06:55,683 [pool-227-thread-1] INFO  impl.RoleInfo (RoleInfo.java:updateAndGet(143)) - d6d9a674-7f3a-482e-be06-219964726ba5: start FollowerState
2019-10-15 11:06:55,683 [pool-237-thread-1] INFO  server.RaftServerConfigKeys (ConfUtils.java:logGet(43)) - raft.server.snapshot.auto.trigger.threshold = 10000 (custom)
2019-10-15 11:06:55,684 [pool-247-thread-1] INFO  server.RaftServerConfigKeys (ConfUtils.java:logGet(43)) - raft.server.snapshot.auto.trigger.threshold = 10000 (custom)
2019-10-15 11:06:55,684 [pool-237-thread-1] INFO  server.RaftServerConfigKeys (ConfUtils.java:logGet(43)) - raft.server.snapshot.retention.file.num = 5 (custom)
2019-10-15 11:06:55,684 [pool-227-thread-1] INFO  util.JmxRegister (JmxRegister.java:tryRegister(44)) - Successfully registered JMX Bean with object name Ratis:service=RaftServer,group=group-571077ABE93B,id=d6d9a674-7f3a-482e-be06-219964726ba5
2019-10-15 11:06:55,684 [pool-247-thread-1] INFO  server.RaftServerConfigKeys (ConfUtils.java:logGet(43)) - raft.server.snapshot.retention.file.num = 5 (custom)
2019-10-15 11:06:55,684 [pool-237-thread-1] INFO  server.RaftServerConfigKeys (ConfUtils.java:logGet(43)) - raft.server.retrycache.expirytime = 600000ms (custom)
2019-10-15 11:06:55,684 [pool-247-thread-1] INFO  server.RaftServerConfigKeys (ConfUtils.java:logGet(43)) - raft.server.retrycache.expirytime = 600000ms (custom)
2019-10-15 11:06:55,688 [pool-237-thread-1] INFO  impl.RaftServerImpl (RaftServerImpl.java:start(181)) - 144b8dad-4f9f-4727-95df-54da78a09e68@group-571077ABE93B: start as a follower, conf=-1: [d6d9a674-7f3a-482e-be06-219964726ba5:192.168.164.236:40950, 144b8dad-4f9f-4727-95df-54da78a09e68:192.168.164.236:43161, 172a2998-bf86-4637-a4be-957637693d81:192.168.164.236:39655], old=null
2019-10-15 11:06:55,688 [pool-247-thread-1] INFO  impl.RaftServerImpl (RaftServerImpl.java:start(181)) - 172a2998-bf86-4637-a4be-957637693d81@group-571077ABE93B: start as a follower, conf=-1: [d6d9a674-7f3a-482e-be06-219964726ba5:192.168.164.236:40950, 144b8dad-4f9f-4727-95df-54da78a09e68:192.168.164.236:43161, 172a2998-bf86-4637-a4be-957637693d81:192.168.164.236:39655], old=null
2019-10-15 11:06:55,688 [pool-237-thread-1] INFO  impl.RaftServerImpl (RaftServerImpl.java:setRole(170)) - 144b8dad-4f9f-4727-95df-54da78a09e68@group-571077ABE93B: changes role from      null to FOLLOWER at term 0 for startAsFollower
2019-10-15 11:06:55,689 [pool-247-thread-1] INFO  impl.RaftServerImpl (RaftServerImpl.java:setRole(170)) - 172a2998-bf86-4637-a4be-957637693d81@group-571077ABE93B: changes role from      null to FOLLOWER at term 0 for startAsFollower
2019-10-15 11:06:55,689 [pool-237-thread-1] INFO  impl.RoleInfo (RoleInfo.java:updateAndGet(143)) - 144b8dad-4f9f-4727-95df-54da78a09e68: start FollowerState
2019-10-15 11:06:55,689 [pool-247-thread-1] INFO  impl.RoleInfo (RoleInfo.java:updateAndGet(143)) - 172a2998-bf86-4637-a4be-957637693d81: start FollowerState
2019-10-15 11:06:55,689 [pool-237-thread-1] INFO  util.JmxRegister (JmxRegister.java:tryRegister(44)) - Successfully registered JMX Bean with object name Ratis:service=RaftServer,group=group-571077ABE93B,id=144b8dad-4f9f-4727-95df-54da78a09e68
2019-10-15 11:06:55,690 [pool-247-thread-1] INFO  util.JmxRegister (JmxRegister.java:tryRegister(44)) - Successfully registered JMX Bean with object name Ratis:service=RaftServer,group=group-571077ABE93B,id=172a2998-bf86-4637-a4be-957637693d81
2019-10-15 11:06:55,696 [RatisPipelineUtilsThread] INFO  pipeline.PipelineStateManager (PipelineStateManager.java:addPipeline(56)) - Created pipeline Pipeline[ Id: b483a8d9-8da6-457e-a423-571077abe93b, Nodes: d6d9a674-7f3a-482e-be06-219964726ba5{ip: 192.168.164.236, host: pr-hdds-2206-66z5g-837117227, networkLocation: /default-rack, certSerialId: null}144b8dad-4f9f-4727-95df-54da78a09e68{ip: 192.168.164.236, host: pr-hdds-2206-66z5g-837117227, networkLocation: /default-rack, certSerialId: null}172a2998-bf86-4637-a4be-957637693d81{ip: 192.168.164.236, host: pr-hdds-2206-66z5g-837117227, networkLocation: /default-rack, certSerialId: null}, Type:RATIS, Factor:THREE, State:OPEN]
2019-10-15 11:06:55,715 [grpc-default-executor-3] INFO  impl.RaftServerProxy (RaftServerProxy.java:addNew(89)) - 30423d70-6000-4cba-8127-04288b0f86e4: addNew group-72DA9A7D65E2:[be9597ef-b570-48ad-aabf-704ceba5f827:192.168.164.236:34704, 30423d70-6000-4cba-8127-04288b0f86e4:192.168.164.236:45472, 71ebee1b-c852-47fb-b7e8-4041ab86c240:192.168.164.236:34729] returns group-72DA9A7D65E2:java.util.concurrent.CompletableFuture@7106afed[Not completed]
2019-10-15 11:06:55,715 [grpc-default-executor-1] INFO  impl.RaftServerProxy (RaftServerProxy.java:addNew(89)) - 71ebee1b-c852-47fb-b7e8-4041ab86c240: addNew group-72DA9A7D65E2:[be9597ef-b570-48ad-aabf-704ceba5f827:192.168.164.236:34704, 30423d70-6000-4cba-8127-04288b0f86e4:192.168.164.236:45472, 71ebee1b-c852-47fb-b7e8-4041ab86c240:192.168.164.236:34729] returns group-72DA9A7D65E2:java.util.concurrent.CompletableFuture@432a5a57[Not completed]
2019-10-15 11:06:55,715 [grpc-default-executor-0] INFO  impl.RaftServerProxy (RaftServerProxy.java:addNew(89)) - be9597ef-b570-48ad-aabf-704ceba5f827: addNew group-72DA9A7D65E2:[be9597ef-b570-48ad-aabf-704ceba5f827:192.168.164.236:34704, 30423d70-6000-4cba-8127-04288b0f86e4:192.168.164.236:45472, 71ebee1b-c852-47fb-b7e8-4041ab86c240:192.168.164.236:34729] returns group-72DA9A7D65E2:java.util.concurrent.CompletableFuture@735c47b1[Not completed]
2019-10-15 11:06:55,717 [pool-207-thread-1] INFO  impl.RaftServerImpl (RaftServerImpl.java:<init>(95)) - be9597ef-b570-48ad-aabf-704ceba5f827: new RaftServerImpl for group-72DA9A7D65E2:[be9597ef-b570-48ad-aabf-704ceba5f827:192.168.164.236:34704, 30423d70-6000-4cba-8127-04288b0f86e4:192.168.164.236:45472, 71ebee1b-c852-47fb-b7e8-4041ab86c240:192.168.164.236:34729] with ContainerStateMachine:uninitialized
2019-10-15 11:06:55,717 [pool-207-thread-1] INFO  server.RaftServerConfigKeys (ConfUtils.java:logGet(43)) - raft.server.rpc.timeout.min = 5s (custom)
2019-10-15 11:06:55,717 [pool-207-thread-1] INFO  server.RaftServerConfigKeys (ConfUtils.java:logGet(43)) - raft.server.rpc.timeout.max = 5200ms (custom)
2019-10-15 11:06:55,717 [pool-207-thread-1] INFO  server.RaftServerConfigKeys (ConfUtils.java:logGet(43)) - raft.server.rpcslowness.timeout = 120s (custom)
2019-10-15 11:06:55,717 [pool-207-thread-1] INFO  server.RaftServerConfigKeys (ConfUtils.java:logGet(43)) - raft.server.sleep.deviation.threshold = 300 (default)
2019-10-15 11:06:55,717 [pool-207-thread-1] INFO  server.RaftServerConfigKeys (ConfUtils.java:logGet(43)) - raft.server.log.appender.install.snapshot.enabled = false (custom)
2019-10-15 11:06:55,717 [pool-217-thread-1] INFO  impl.RaftServerImpl (RaftServerImpl.java:<init>(95)) - 71ebee1b-c852-47fb-b7e8-4041ab86c240: new RaftServerImpl for group-72DA9A7D65E2:[be9597ef-b570-48ad-aabf-704ceba5f827:192.168.164.236:34704, 30423d70-6000-4cba-8127-04288b0f86e4:192.168.164.236:45472, 71ebee1b-c852-47fb-b7e8-4041ab86c240:192.168.164.236:34729] with ContainerStateMachine:uninitialized
2019-10-15 11:06:55,717 [pool-207-thread-1] INFO  impl.RaftServerImpl (ServerState.java:<init>(103)) - be9597ef-b570-48ad-aabf-704ceba5f827@group-72DA9A7D65E2: ConfigurationManager, init=-1: [be9597ef-b570-48ad-aabf-704ceba5f827:192.168.164.236:34704, 30423d70-6000-4cba-8127-04288b0f86e4:192.168.164.236:45472, 71ebee1b-c852-47fb-b7e8-4041ab86c240:192.168.164.236:34729], old=null, confs=<EMPTY_MAP>
2019-10-15 11:06:55,718 [pool-217-thread-1] INFO  server.RaftServerConfigKeys (ConfUtils.java:logGet(43)) - raft.server.rpc.timeout.min = 5s (custom)
2019-10-15 11:06:55,718 [pool-207-thread-1] INFO  server.RaftServerConfigKeys (ConfUtils.java:logGet(43)) - raft.server.storage.dir = [/workdir/hadoop-ozone/integration-test/target/test-dir/MiniOzoneClusterImpl-9edea9b3-9569-4a41-9435-4a26f33ebb8c/datanode-0/data/ratis] (custom)
2019-10-15 11:06:55,718 [pool-217-thread-1] INFO  server.RaftServerConfigKeys (ConfUtils.java:logGet(43)) - raft.server.rpc.timeout.max = 5200ms (custom)
2019-10-15 11:06:55,718 [pool-207-thread-1] INFO  server.RaftServerConfigKeys (ConfUtils.java:logGet(43)) - raft.server.log.corruption.policy = EXCEPTION (default)
2019-10-15 11:06:55,718 [pool-217-thread-1] INFO  server.RaftServerConfigKeys (ConfUtils.java:logGet(43)) - raft.server.rpcslowness.timeout = 120s (custom)
2019-10-15 11:06:55,718 [pool-207-thread-1] INFO  storage.RaftStorageDirectory (RaftStorageDirectory.java:analyzeStorage(246)) - The storage directory /workdir/hadoop-ozone/integration-test/target/test-dir/MiniOzoneClusterImpl-9edea9b3-9569-4a41-9435-4a26f33ebb8c/datanode-0/data/ratis/68bf2c88-1f05-4c96-9cae-72da9a7d65e2 does not exist. Creating ...
2019-10-15 11:06:55,718 [pool-257-thread-1] INFO  impl.RaftServerImpl (RaftServerImpl.java:<init>(95)) - 30423d70-6000-4cba-8127-04288b0f86e4: new RaftServerImpl for group-72DA9A7D65E2:[be9597ef-b570-48ad-aabf-704ceba5f827:192.168.164.236:34704, 30423d70-6000-4cba-8127-04288b0f86e4:192.168.164.236:45472, 71ebee1b-c852-47fb-b7e8-4041ab86c240:192.168.164.236:34729] with ContainerStateMachine:uninitialized
2019-10-15 11:06:55,718 [pool-217-thread-1] INFO  server.RaftServerConfigKeys (ConfUtils.java:logGet(43)) - raft.server.sleep.deviation.threshold = 300 (default)
2019-10-15 11:06:55,719 [pool-257-thread-1] INFO  server.RaftServerConfigKeys (ConfUtils.java:logGet(43)) - raft.server.rpc.timeout.min = 5s (custom)
2019-10-15 11:06:55,719 [pool-217-thread-1] INFO  server.RaftServerConfigKeys (ConfUtils.java:logGet(43)) - raft.server.log.appender.install.snapshot.enabled = false (custom)
2019-10-15 11:06:55,719 [pool-257-thread-1] INFO  server.RaftServerConfigKeys (ConfUtils.java:logGet(43)) - raft.server.rpc.timeout.max = 5200ms (custom)
2019-10-15 11:06:55,719 [pool-217-thread-1] INFO  impl.RaftServerImpl (ServerState.java:<init>(103)) - 71ebee1b-c852-47fb-b7e8-4041ab86c240@group-72DA9A7D65E2: ConfigurationManager, init=-1: [be9597ef-b570-48ad-aabf-704ceba5f827:192.168.164.236:34704, 30423d70-6000-4cba-8127-04288b0f86e4:192.168.164.236:45472, 71ebee1b-c852-47fb-b7e8-4041ab86c240:192.168.164.236:34729], old=null, confs=<EMPTY_MAP>
2019-10-15 11:06:55,719 [pool-257-thread-1] INFO  server.RaftServerConfigKeys (ConfUtils.java:logGet(43)) - raft.server.rpcslowness.timeout = 120s (custom)
2019-10-15 11:06:55,719 [pool-217-thread-1] INFO  server.RaftServerConfigKeys (ConfUtils.java:logGet(43)) - raft.server.storage.dir = [/workdir/hadoop-ozone/integration-test/target/test-dir/MiniOzoneClusterImpl-9edea9b3-9569-4a41-9435-4a26f33ebb8c/datanode-1/data/ratis] (custom)
2019-10-15 11:06:55,719 [pool-257-thread-1] INFO  server.RaftServerConfigKeys (ConfUtils.java:logGet(43)) - raft.server.sleep.deviation.threshold = 300 (default)
2019-10-15 11:06:55,720 [pool-257-thread-1] INFO  server.RaftServerConfigKeys (ConfUtils.java:logGet(43)) - raft.server.log.appender.install.snapshot.enabled = false (custom)
2019-10-15 11:06:55,720 [pool-217-thread-1] INFO  server.RaftServerConfigKeys (ConfUtils.java:logGet(43)) - raft.server.log.corruption.policy = EXCEPTION (default)
2019-10-15 11:06:55,720 [pool-257-thread-1] INFO  impl.RaftServerImpl (ServerState.java:<init>(103)) - 30423d70-6000-4cba-8127-04288b0f86e4@group-72DA9A7D65E2: ConfigurationManager, init=-1: [be9597ef-b570-48ad-aabf-704ceba5f827:192.168.164.236:34704, 30423d70-6000-4cba-8127-04288b0f86e4:192.168.164.236:45472, 71ebee1b-c852-47fb-b7e8-4041ab86c240:192.168.164.236:34729], old=null, confs=<EMPTY_MAP>
2019-10-15 11:06:55,720 [pool-217-thread-1] INFO  storage.RaftStorageDirectory (RaftStorageDirectory.java:analyzeStorage(246)) - The storage directory /workdir/hadoop-ozone/integration-test/target/test-dir/MiniOzoneClusterImpl-9edea9b3-9569-4a41-9435-4a26f33ebb8c/datanode-1/data/ratis/68bf2c88-1f05-4c96-9cae-72da9a7d65e2 does not exist. Creating ...
2019-10-15 11:06:55,720 [pool-257-thread-1] INFO  server.RaftServerConfigKeys (ConfUtils.java:logGet(43)) - raft.server.storage.dir = [/workdir/hadoop-ozone/integration-test/target/test-dir/MiniOzoneClusterImpl-9edea9b3-9569-4a41-9435-4a26f33ebb8c/datanode-5/data/ratis] (custom)
2019-10-15 11:06:55,720 [pool-257-thread-1] INFO  server.RaftServerConfigKeys (ConfUtils.java:logGet(43)) - raft.server.log.corruption.policy = EXCEPTION (default)
2019-10-15 11:06:55,720 [pool-257-thread-1] INFO  storage.RaftStorageDirectory (RaftStorageDirectory.java:analyzeStorage(246)) - The storage directory /workdir/hadoop-ozone/integration-test/target/test-dir/MiniOzoneClusterImpl-9edea9b3-9569-4a41-9435-4a26f33ebb8c/datanode-5/data/ratis/68bf2c88-1f05-4c96-9cae-72da9a7d65e2 does not exist. Creating ...
2019-10-15 11:06:55,742 [pool-217-thread-1] INFO  storage.RaftStorageDirectory (RaftStorageDirectory.java:tryLock(328)) - Lock on /workdir/hadoop-ozone/integration-test/target/test-dir/MiniOzoneClusterImpl-9edea9b3-9569-4a41-9435-4a26f33ebb8c/datanode-1/data/ratis/68bf2c88-1f05-4c96-9cae-72da9a7d65e2/in_use.lock acquired by nodename 12418@pr-hdds-2206-66z5g-837117227
2019-10-15 11:06:55,742 [pool-207-thread-1] INFO  storage.RaftStorageDirectory (RaftStorageDirectory.java:tryLock(328)) - Lock on /workdir/hadoop-ozone/integration-test/target/test-dir/MiniOzoneClusterImpl-9edea9b3-9569-4a41-9435-4a26f33ebb8c/datanode-0/data/ratis/68bf2c88-1f05-4c96-9cae-72da9a7d65e2/in_use.lock acquired by nodename 12418@pr-hdds-2206-66z5g-837117227
2019-10-15 11:06:55,742 [pool-257-thread-1] INFO  storage.RaftStorageDirectory (RaftStorageDirectory.java:tryLock(328)) - Lock on /workdir/hadoop-ozone/integration-test/target/test-dir/MiniOzoneClusterImpl-9edea9b3-9569-4a41-9435-4a26f33ebb8c/datanode-5/data/ratis/68bf2c88-1f05-4c96-9cae-72da9a7d65e2/in_use.lock acquired by nodename 12418@pr-hdds-2206-66z5g-837117227
2019-10-15 11:06:55,767 [pool-217-thread-1] INFO  storage.RaftStorage (RaftStorage.java:format(84)) - Storage directory /workdir/hadoop-ozone/integration-test/target/test-dir/MiniOzoneClusterImpl-9edea9b3-9569-4a41-9435-4a26f33ebb8c/datanode-1/data/ratis/68bf2c88-1f05-4c96-9cae-72da9a7d65e2 has been successfully formatted.
2019-10-15 11:06:55,767 [pool-207-thread-1] INFO  storage.RaftStorage (RaftStorage.java:format(84)) - Storage directory /workdir/hadoop-ozone/integration-test/target/test-dir/MiniOzoneClusterImpl-9edea9b3-9569-4a41-9435-4a26f33ebb8c/datanode-0/data/ratis/68bf2c88-1f05-4c96-9cae-72da9a7d65e2 has been successfully formatted.
2019-10-15 11:06:55,768 [pool-257-thread-1] INFO  storage.RaftStorage (RaftStorage.java:format(84)) - Storage directory /workdir/hadoop-ozone/integration-test/target/test-dir/MiniOzoneClusterImpl-9edea9b3-9569-4a41-9435-4a26f33ebb8c/datanode-5/data/ratis/68bf2c88-1f05-4c96-9cae-72da9a7d65e2 has been successfully formatted.
2019-10-15 11:06:55,768 [pool-207-thread-1] INFO  ratis.ContainerStateMachine (ContainerStateMachine.java:loadSnapshot(231)) - group-72DA9A7D65E2: The snapshot info is null. Setting the last applied indexto:(t:0, i:~)
2019-10-15 11:06:55,768 [pool-217-thread-1] INFO  ratis.ContainerStateMachine (ContainerStateMachine.java:loadSnapshot(231)) - group-72DA9A7D65E2: The snapshot info is null. Setting the last applied indexto:(t:0, i:~)
2019-10-15 11:06:55,768 [pool-207-thread-1] INFO  server.RaftServerConfigKeys (ConfUtils.java:logGet(43)) - raft.server.notification.no-leader.timeout = 120s (custom)
2019-10-15 11:06:55,769 [pool-207-thread-1] INFO  server.RaftServerConfigKeys (ConfUtils.java:logGet(43)) - raft.server.log.use.memory = false (default)
2019-10-15 11:06:55,768 [pool-257-thread-1] INFO  ratis.ContainerStateMachine (ContainerStateMachine.java:loadSnapshot(231)) - group-72DA9A7D65E2: The snapshot info is null. Setting the last applied indexto:(t:0, i:~)
2019-10-15 11:06:55,769 [pool-207-thread-1] INFO  server.RaftServerConfigKeys (ConfUtils.java:logGet(43)) - raft.server.log.purge.gap = 1000000 (custom)
2019-10-15 11:06:55,768 [pool-217-thread-1] INFO  server.RaftServerConfigKeys (ConfUtils.java:logGet(43)) - raft.server.notification.no-leader.timeout = 120s (custom)
2019-10-15 11:06:55,769 [pool-207-thread-1] INFO  server.RaftServerConfigKeys (ConfUtils.java:logGet(43)) - raft.server.log.appender.buffer.byte-limit = 33554432 (custom)
2019-10-15 11:06:55,769 [pool-257-thread-1] INFO  server.RaftServerConfigKeys (ConfUtils.java:logGet(43)) - raft.server.notification.no-leader.timeout = 120s (custom)
2019-10-15 11:06:55,769 [pool-207-thread-1] INFO  server.RaftServerConfigKeys (ConfUtils.java:logGet(43)) - raft.server.log.segment.size.max = 1048576 (custom)
2019-10-15 11:06:55,769 [pool-217-thread-1] INFO  server.RaftServerConfigKeys (ConfUtils.java:logGet(43)) - raft.server.log.use.memory = false (default)
2019-10-15 11:06:55,770 [pool-207-thread-1] INFO  server.RaftServerConfigKeys (ConfUtils.java:logGet(43)) - raft.server.log.segment.cache.num.max = 2 (custom)
2019-10-15 11:06:55,770 [pool-257-thread-1] INFO  server.RaftServerConfigKeys (ConfUtils.java:logGet(43)) - raft.server.log.use.memory = false (default)
2019-10-15 11:06:55,770 [pool-207-thread-1] INFO  segmented.SegmentedRaftLogWorker (SegmentedRaftLogWorker.java:<init>(173)) - new be9597ef-b570-48ad-aabf-704ceba5f827@group-72DA9A7D65E2-SegmentedRaftLogWorker for RaftStorage:Storage Directory /workdir/hadoop-ozone/integration-test/target/test-dir/MiniOzoneClusterImpl-9edea9b3-9569-4a41-9435-4a26f33ebb8c/datanode-0/data/ratis/68bf2c88-1f05-4c96-9cae-72da9a7d65e2
2019-10-15 11:06:55,770 [pool-217-thread-1] INFO  server.RaftServerConfigKeys (ConfUtils.java:logGet(43)) - raft.server.log.purge.gap = 1000000 (custom)
2019-10-15 11:06:55,770 [pool-207-thread-1] INFO  server.RaftServerConfigKeys (ConfUtils.java:logGet(43)) - raft.server.log.queue.byte-limit = 2147483647 (custom)
2019-10-15 11:06:55,770 [pool-257-thread-1] INFO  server.RaftServerConfigKeys (ConfUtils.java:logGet(43)) - raft.server.log.purge.gap = 1000000 (custom)
2019-10-15 11:06:55,771 [pool-207-thread-1] INFO  server.RaftServerConfigKeys (ConfUtils.java:logGet(43)) - raft.server.log.queue.element-limit = 1024 (custom)
2019-10-15 11:06:55,770 [pool-217-thread-1] INFO  server.RaftServerConfigKeys (ConfUtils.java:logGet(43)) - raft.server.log.appender.buffer.byte-limit = 33554432 (custom)
2019-10-15 11:06:55,771 [pool-207-thread-1] INFO  server.RaftServerConfigKeys (ConfUtils.java:logGet(43)) - raft.server.log.segment.size.max = 1048576 (custom)
2019-10-15 11:06:55,771 [pool-257-thread-1] INFO  server.RaftServerConfigKeys (ConfUtils.java:logGet(43)) - raft.server.log.appender.buffer.byte-limit = 33554432 (custom)
2019-10-15 11:06:55,771 [pool-207-thread-1] INFO  server.RaftServerConfigKeys (ConfUtils.java:logGet(43)) - raft.server.log.preallocated.size = 16384 (custom)
2019-10-15 11:06:55,771 [pool-217-thread-1] INFO  server.RaftServerConfigKeys (ConfUtils.java:logGet(43)) - raft.server.log.segment.size.max = 1048576 (custom)
2019-10-15 11:06:55,772 [pool-207-thread-1] INFO  server.RaftServerConfigKeys (ConfUtils.java:logGet(43)) - raft.server.log.write.buffer.size = 33554432 (custom)
2019-10-15 11:06:55,772 [pool-257-thread-1] INFO  server.RaftServerConfigKeys (ConfUtils.java:logGet(43)) - raft.server.log.segment.size.max = 1048576 (custom)
2019-10-15 11:06:55,772 [pool-207-thread-1] INFO  server.RaftServerConfigKeys (ConfUtils.java:logGet(43)) - raft.server.log.force.sync.num = 128 (default)
2019-10-15 11:06:55,772 [pool-217-thread-1] INFO  server.RaftServerConfigKeys (ConfUtils.java:logGet(43)) - raft.server.log.segment.cache.num.max = 2 (custom)
2019-10-15 11:06:55,772 [pool-207-thread-1] INFO  server.RaftServerConfigKeys (ConfUtils.java:logGet(43)) - raft.server.log.statemachine.data.sync = true (default)
2019-10-15 11:06:55,772 [pool-257-thread-1] INFO  server.RaftServerConfigKeys (ConfUtils.java:logGet(43)) - raft.server.log.segment.cache.num.max = 2 (custom)
2019-10-15 11:06:55,773 [pool-207-thread-1] INFO  server.RaftServerConfigKeys (ConfUtils.java:logGet(43)) - raft.server.log.statemachine.data.sync.timeout = 10s (default)
2019-10-15 11:06:55,772 [pool-217-thread-1] INFO  segmented.SegmentedRaftLogWorker (SegmentedRaftLogWorker.java:<init>(173)) - new 71ebee1b-c852-47fb-b7e8-4041ab86c240@group-72DA9A7D65E2-SegmentedRaftLogWorker for RaftStorage:Storage Directory /workdir/hadoop-ozone/integration-test/target/test-dir/MiniOzoneClusterImpl-9edea9b3-9569-4a41-9435-4a26f33ebb8c/datanode-1/data/ratis/68bf2c88-1f05-4c96-9cae-72da9a7d65e2
2019-10-15 11:06:55,773 [pool-207-thread-1] INFO  server.RaftServerConfigKeys (ConfUtils.java:logGet(43)) - raft.server.log.statemachine.data.sync.timeout.retry = -1 (default)
2019-10-15 11:06:55,773 [pool-257-thread-1] INFO  segmented.SegmentedRaftLogWorker (SegmentedRaftLogWorker.java:<init>(173)) - new 30423d70-6000-4cba-8127-04288b0f86e4@group-72DA9A7D65E2-SegmentedRaftLogWorker for RaftStorage:Storage Directory /workdir/hadoop-ozone/integration-test/target/test-dir/MiniOzoneClusterImpl-9edea9b3-9569-4a41-9435-4a26f33ebb8c/datanode-5/data/ratis/68bf2c88-1f05-4c96-9cae-72da9a7d65e2
2019-10-15 11:06:55,773 [pool-207-thread-1] INFO  server.RaftServerConfigKeys (ConfUtils.java:logGet(43)) - raft.server.log.statemachine.data.caching.enabled = true (custom)
2019-10-15 11:06:55,773 [pool-217-thread-1] INFO  server.RaftServerConfigKeys (ConfUtils.java:logGet(43)) - raft.server.log.queue.byte-limit = 2147483647 (custom)
2019-10-15 11:06:55,774 [pool-257-thread-1] INFO  server.RaftServerConfigKeys (ConfUtils.java:logGet(43)) - raft.server.log.queue.byte-limit = 2147483647 (custom)
2019-10-15 11:06:55,774 [pool-207-thread-1] INFO  segmented.SegmentedRaftLogWorker (SegmentedRaftLogWorker.java:lambda$new$0(128)) - be9597ef-b570-48ad-aabf-704ceba5f827@group-72DA9A7D65E2-SegmentedRaftLogWorker: flushIndex: setUnconditionally 0 -> -1
2019-10-15 11:06:55,774 [pool-217-thread-1] INFO  server.RaftServerConfigKeys (ConfUtils.java:logGet(43)) - raft.server.log.queue.element-limit = 1024 (custom)
2019-10-15 11:06:55,774 [pool-257-thread-1] INFO  server.RaftServerConfigKeys (ConfUtils.java:logGet(43)) - raft.server.log.queue.element-limit = 1024 (custom)
2019-10-15 11:06:55,774 [pool-217-thread-1] INFO  server.RaftServerConfigKeys (ConfUtils.java:logGet(43)) - raft.server.log.segment.size.max = 1048576 (custom)
2019-10-15 11:06:55,774 [pool-207-thread-1] INFO  server.RaftServerConfigKeys (ConfUtils.java:logGet(43)) - raft.server.snapshot.auto.trigger.enabled = true (custom)
2019-10-15 11:06:55,775 [pool-217-thread-1] INFO  server.RaftServerConfigKeys (ConfUtils.java:logGet(43)) - raft.server.log.preallocated.size = 16384 (custom)
2019-10-15 11:06:55,775 [pool-217-thread-1] INFO  server.RaftServerConfigKeys (ConfUtils.java:logGet(43)) - raft.server.log.write.buffer.size = 33554432 (custom)
2019-10-15 11:06:55,775 [pool-257-thread-1] INFO  server.RaftServerConfigKeys (ConfUtils.java:logGet(43)) - raft.server.log.segment.size.max = 1048576 (custom)
2019-10-15 11:06:55,775 [pool-217-thread-1] INFO  server.RaftServerConfigKeys (ConfUtils.java:logGet(43)) - raft.server.log.force.sync.num = 128 (default)
2019-10-15 11:06:55,775 [pool-207-thread-1] INFO  server.RaftServerConfigKeys (ConfUtils.java:logGet(43)) - raft.server.snapshot.auto.trigger.threshold = 10000 (custom)
2019-10-15 11:06:55,775 [pool-217-thread-1] INFO  server.RaftServerConfigKeys (ConfUtils.java:logGet(43)) - raft.server.log.statemachine.data.sync = true (default)
2019-10-15 11:06:55,775 [pool-257-thread-1] INFO  server.RaftServerConfigKeys (ConfUtils.java:logGet(43)) - raft.server.log.preallocated.size = 16384 (custom)
2019-10-15 11:06:55,776 [pool-217-thread-1] INFO  server.RaftServerConfigKeys (ConfUtils.java:logGet(43)) - raft.server.log.statemachine.data.sync.timeout = 10s (default)
2019-10-15 11:06:55,776 [pool-217-thread-1] INFO  server.RaftServerConfigKeys (ConfUtils.java:logGet(43)) - raft.server.log.statemachine.data.sync.timeout.retry = -1 (default)
2019-10-15 11:06:55,776 [pool-207-thread-1] INFO  server.RaftServerConfigKeys (ConfUtils.java:logGet(43)) - raft.server.snapshot.retention.file.num = 5 (custom)
2019-10-15 11:06:55,776 [pool-217-thread-1] INFO  server.RaftServerConfigKeys (ConfUtils.java:logGet(43)) - raft.server.log.statemachine.data.caching.enabled = true (custom)
2019-10-15 11:06:55,776 [pool-257-thread-1] INFO  server.RaftServerConfigKeys (ConfUtils.java:logGet(43)) - raft.server.log.write.buffer.size = 33554432 (custom)
2019-10-15 11:06:55,776 [pool-207-thread-1] INFO  server.RaftServerConfigKeys (ConfUtils.java:logGet(43)) - raft.server.retrycache.expirytime = 600000ms (custom)
2019-10-15 11:06:55,777 [pool-217-thread-1] INFO  segmented.SegmentedRaftLogWorker (SegmentedRaftLogWorker.java:lambda$new$0(128)) - 71ebee1b-c852-47fb-b7e8-4041ab86c240@group-72DA9A7D65E2-SegmentedRaftLogWorker: flushIndex: setUnconditionally 0 -> -1
2019-10-15 11:06:55,777 [pool-257-thread-1] INFO  server.RaftServerConfigKeys (ConfUtils.java:logGet(43)) - raft.server.log.force.sync.num = 128 (default)
2019-10-15 11:06:55,777 [pool-257-thread-1] INFO  server.RaftServerConfigKeys (ConfUtils.java:logGet(43)) - raft.server.log.statemachine.data.sync = true (default)
2019-10-15 11:06:55,777 [pool-217-thread-1] INFO  server.RaftServerConfigKeys (ConfUtils.java:logGet(43)) - raft.server.snapshot.auto.trigger.enabled = true (custom)
2019-10-15 11:06:55,777 [pool-257-thread-1] INFO  server.RaftServerConfigKeys (ConfUtils.java:logGet(43)) - raft.server.log.statemachine.data.sync.timeout = 10s (default)
2019-10-15 11:06:55,777 [pool-217-thread-1] INFO  server.RaftServerConfigKeys (ConfUtils.java:logGet(43)) - raft.server.snapshot.auto.trigger.threshold = 10000 (custom)
2019-10-15 11:06:55,777 [pool-257-thread-1] INFO  server.RaftServerConfigKeys (ConfUtils.java:logGet(43)) - raft.server.log.statemachine.data.sync.timeout.retry = -1 (default)
2019-10-15 11:06:55,778 [pool-217-thread-1] INFO  server.RaftServerConfigKeys (ConfUtils.java:logGet(43)) - raft.server.snapshot.retention.file.num = 5 (custom)
2019-10-15 11:06:55,778 [pool-257-thread-1] INFO  server.RaftServerConfigKeys (ConfUtils.java:logGet(43)) - raft.server.log.statemachine.data.caching.enabled = true (custom)
2019-10-15 11:06:55,778 [pool-217-thread-1] INFO  server.RaftServerConfigKeys (ConfUtils.java:logGet(43)) - raft.server.retrycache.expirytime = 600000ms (custom)
2019-10-15 11:06:55,778 [pool-257-thread-1] INFO  segmented.SegmentedRaftLogWorker (SegmentedRaftLogWorker.java:lambda$new$0(128)) - 30423d70-6000-4cba-8127-04288b0f86e4@group-72DA9A7D65E2-SegmentedRaftLogWorker: flushIndex: setUnconditionally 0 -> -1
2019-10-15 11:06:55,779 [pool-257-thread-1] INFO  server.RaftServerConfigKeys (ConfUtils.java:logGet(43)) - raft.server.snapshot.auto.trigger.enabled = true (custom)
2019-10-15 11:06:55,779 [pool-257-thread-1] INFO  server.RaftServerConfigKeys (ConfUtils.java:logGet(43)) - raft.server.snapshot.auto.trigger.threshold = 10000 (custom)
2019-10-15 11:06:55,779 [pool-257-thread-1] INFO  server.RaftServerConfigKeys (ConfUtils.java:logGet(43)) - raft.server.snapshot.retention.file.num = 5 (custom)
2019-10-15 11:06:55,779 [pool-207-thread-1] INFO  impl.RaftServerImpl (RaftServerImpl.java:start(181)) - be9597ef-b570-48ad-aabf-704ceba5f827@group-72DA9A7D65E2: start as a follower, conf=-1: [be9597ef-b570-48ad-aabf-704ceba5f827:192.168.164.236:34704, 30423d70-6000-4cba-8127-04288b0f86e4:192.168.164.236:45472, 71ebee1b-c852-47fb-b7e8-4041ab86c240:192.168.164.236:34729], old=null
2019-10-15 11:06:55,779 [pool-257-thread-1] INFO  server.RaftServerConfigKeys (ConfUtils.java:logGet(43)) - raft.server.retrycache.expirytime = 600000ms (custom)
2019-10-15 11:06:55,779 [pool-207-thread-1] INFO  impl.RaftServerImpl (RaftServerImpl.java:setRole(170)) - be9597ef-b570-48ad-aabf-704ceba5f827@group-72DA9A7D65E2: changes role from      null to FOLLOWER at term 0 for startAsFollower
2019-10-15 11:06:55,779 [pool-207-thread-1] INFO  impl.RoleInfo (RoleInfo.java:updateAndGet(143)) - be9597ef-b570-48ad-aabf-704ceba5f827: start FollowerState
2019-10-15 11:06:55,780 [pool-207-thread-1] INFO  util.JmxRegister (JmxRegister.java:tryRegister(44)) - Successfully registered JMX Bean with object name Ratis:service=RaftServer,group=group-72DA9A7D65E2,id=be9597ef-b570-48ad-aabf-704ceba5f827
2019-10-15 11:06:55,781 [pool-217-thread-1] INFO  impl.RaftServerImpl (RaftServerImpl.java:start(181)) - 71ebee1b-c852-47fb-b7e8-4041ab86c240@group-72DA9A7D65E2: start as a follower, conf=-1: [be9597ef-b570-48ad-aabf-704ceba5f827:192.168.164.236:34704, 30423d70-6000-4cba-8127-04288b0f86e4:192.168.164.236:45472, 71ebee1b-c852-47fb-b7e8-4041ab86c240:192.168.164.236:34729], old=null
2019-10-15 11:06:55,781 [pool-217-thread-1] INFO  impl.RaftServerImpl (RaftServerImpl.java:setRole(170)) - 71ebee1b-c852-47fb-b7e8-4041ab86c240@group-72DA9A7D65E2: changes role from      null to FOLLOWER at term 0 for startAsFollower
2019-10-15 11:06:55,781 [pool-217-thread-1] INFO  impl.RoleInfo (RoleInfo.java:updateAndGet(143)) - 71ebee1b-c852-47fb-b7e8-4041ab86c240: start FollowerState
2019-10-15 11:06:55,781 [pool-217-thread-1] INFO  util.JmxRegister (JmxRegister.java:tryRegister(44)) - Successfully registered JMX Bean with object name Ratis:service=RaftServer,group=group-72DA9A7D65E2,id=71ebee1b-c852-47fb-b7e8-4041ab86c240
2019-10-15 11:06:55,784 [pool-257-thread-1] INFO  impl.RaftServerImpl (RaftServerImpl.java:start(181)) - 30423d70-6000-4cba-8127-04288b0f86e4@group-72DA9A7D65E2: start as a follower, conf=-1: [be9597ef-b570-48ad-aabf-704ceba5f827:192.168.164.236:34704, 30423d70-6000-4cba-8127-04288b0f86e4:192.168.164.236:45472, 71ebee1b-c852-47fb-b7e8-4041ab86c240:192.168.164.236:34729], old=null
2019-10-15 11:06:55,784 [pool-257-thread-1] INFO  impl.RaftServerImpl (RaftServerImpl.java:setRole(170)) - 30423d70-6000-4cba-8127-04288b0f86e4@group-72DA9A7D65E2: changes role from      null to FOLLOWER at term 0 for startAsFollower
2019-10-15 11:06:55,784 [pool-257-thread-1] INFO  impl.RoleInfo (RoleInfo.java:updateAndGet(143)) - 30423d70-6000-4cba-8127-04288b0f86e4: start FollowerState
2019-10-15 11:06:55,784 [pool-257-thread-1] INFO  util.JmxRegister (JmxRegister.java:tryRegister(44)) - Successfully registered JMX Bean with object name Ratis:service=RaftServer,group=group-72DA9A7D65E2,id=30423d70-6000-4cba-8127-04288b0f86e4
2019-10-15 11:06:55,789 [RatisPipelineUtilsThread] INFO  pipeline.PipelineStateManager (PipelineStateManager.java:addPipeline(56)) - Created pipeline Pipeline[ Id: 68bf2c88-1f05-4c96-9cae-72da9a7d65e2, Nodes: be9597ef-b570-48ad-aabf-704ceba5f827{ip: 192.168.164.236, host: pr-hdds-2206-66z5g-837117227, networkLocation: /default-rack, certSerialId: null}71ebee1b-c852-47fb-b7e8-4041ab86c240{ip: 192.168.164.236, host: pr-hdds-2206-66z5g-837117227, networkLocation: /default-rack, certSerialId: null}30423d70-6000-4cba-8127-04288b0f86e4{ip: 192.168.164.236, host: pr-hdds-2206-66z5g-837117227, networkLocation: /default-rack, certSerialId: null}, Type:RATIS, Factor:THREE, State:OPEN]
2019-10-15 11:06:57,969 [Thread-1528] INFO  container.ReplicationManager (ReplicationManager.java:start(162)) - Starting Replication Monitor Thread.
2019-10-15 11:06:57,975 [ReplicationMonitor] INFO  container.ReplicationManager (ReplicationManager.java:run(225)) - Replication Monitor Thread took 0 milliseconds for processing 1 containers.
2019-10-15 11:07:00,132 [Thread-1530] INFO  impl.FollowerState (FollowerState.java:run(108)) - be9597ef-b570-48ad-aabf-704ceba5f827@group-2CF454F324E4-FollowerState: change to CANDIDATE, lastRpcTime:5077ms, electionTimeout:5077ms
2019-10-15 11:07:00,133 [Thread-1530] INFO  impl.RoleInfo (RoleInfo.java:shutdownFollowerState(121)) - be9597ef-b570-48ad-aabf-704ceba5f827: shutdown FollowerState
2019-10-15 11:07:00,133 [Thread-1530] INFO  impl.RaftServerImpl (RaftServerImpl.java:setRole(170)) - be9597ef-b570-48ad-aabf-704ceba5f827@group-2CF454F324E4: changes role from  FOLLOWER to CANDIDATE at term 0 for changeToCandidate
2019-10-15 11:07:00,133 [Thread-1530] INFO  impl.RoleInfo (RoleInfo.java:updateAndGet(143)) - be9597ef-b570-48ad-aabf-704ceba5f827: start LeaderElection
2019-10-15 11:07:00,170 [be9597ef-b570-48ad-aabf-704ceba5f827@group-2CF454F324E4-LeaderElection66] INFO  impl.LeaderElection (LeaderElection.java:askForVotes(178)) - be9597ef-b570-48ad-aabf-704ceba5f827@group-2CF454F324E4-LeaderElection66: begin an election at term 1 for -1: [be9597ef-b570-48ad-aabf-704ceba5f827:192.168.164.236:34704], old=null
2019-10-15 11:07:00,170 [be9597ef-b570-48ad-aabf-704ceba5f827@group-2CF454F324E4-LeaderElection66] INFO  impl.RoleInfo (RoleInfo.java:shutdownLeaderElection(134)) - be9597ef-b570-48ad-aabf-704ceba5f827: shutdown LeaderElection
2019-10-15 11:07:00,171 [be9597ef-b570-48ad-aabf-704ceba5f827@group-2CF454F324E4-LeaderElection66] INFO  impl.RaftServerImpl (RaftServerImpl.java:setRole(170)) - be9597ef-b570-48ad-aabf-704ceba5f827@group-2CF454F324E4: changes role from CANDIDATE to LEADER at term 1 for changeToLeader
2019-10-15 11:07:00,171 [be9597ef-b570-48ad-aabf-704ceba5f827@group-2CF454F324E4-LeaderElection66] INFO  impl.RaftServerImpl (ServerState.java:setLeader(255)) - be9597ef-b570-48ad-aabf-704ceba5f827@group-2CF454F324E4: change Leader from null to be9597ef-b570-48ad-aabf-704ceba5f827 at term 1 for becomeLeader, leader elected after 5126ms
2019-10-15 11:07:00,171 [be9597ef-b570-48ad-aabf-704ceba5f827@group-2CF454F324E4-LeaderElection66] INFO  server.RaftServerConfigKeys (ConfUtils.java:logGet(43)) - raft.server.staging.catchup.gap = 1000 (default)
2019-10-15 11:07:00,171 [be9597ef-b570-48ad-aabf-704ceba5f827@group-2CF454F324E4-LeaderElection66] INFO  server.RaftServerConfigKeys (ConfUtils.java:logGet(43)) - raft.server.rpc.sleep.time = 25ms (default)
2019-10-15 11:07:00,171 [be9597ef-b570-48ad-aabf-704ceba5f827@group-2CF454F324E4-LeaderElection66] INFO  server.RaftServerConfigKeys (ConfUtils.java:logGet(43)) - raft.server.write.element-limit = 4096 (default)
2019-10-15 11:07:00,172 [be9597ef-b570-48ad-aabf-704ceba5f827@group-2CF454F324E4-LeaderElection66] INFO  server.RaftServerConfigKeys (ConfUtils.java:logGet(43)) - raft.server.watch.timeout = 10s (default)
2019-10-15 11:07:00,172 [be9597ef-b570-48ad-aabf-704ceba5f827@group-2CF454F324E4-LeaderElection66] INFO  server.RaftServerConfigKeys (ConfUtils.java:logGet(43)) - raft.server.watch.timeout.denomination = 1s (default)
2019-10-15 11:07:00,172 [be9597ef-b570-48ad-aabf-704ceba5f827@group-2CF454F324E4-LeaderElection66] INFO  server.RaftServerConfigKeys (ConfUtils.java:logGet(43)) - raft.server.watch.element-limit = 65536 (default)
2019-10-15 11:07:00,174 [be9597ef-b570-48ad-aabf-704ceba5f827@group-2CF454F324E4-LeaderElection66] INFO  impl.RoleInfo (RoleInfo.java:updateAndGet(143)) - be9597ef-b570-48ad-aabf-704ceba5f827: start LeaderState
2019-10-15 11:07:00,175 [be9597ef-b570-48ad-aabf-704ceba5f827@group-2CF454F324E4-LeaderElection66] INFO  segmented.SegmentedRaftLogWorker (SegmentedRaftLogWorker.java:startLogSegment(385)) - be9597ef-b570-48ad-aabf-704ceba5f827@group-2CF454F324E4-SegmentedRaftLogWorker: Starting segment from index:0
2019-10-15 11:07:00,176 [be9597ef-b570-48ad-aabf-704ceba5f827@group-2CF454F324E4-LeaderElection66] INFO  impl.RaftServerImpl (ServerState.java:setRaftConf(356)) - be9597ef-b570-48ad-aabf-704ceba5f827@group-2CF454F324E4: set configuration 0: [be9597ef-b570-48ad-aabf-704ceba5f827:192.168.164.236:34704], old=null at 0
2019-10-15 11:07:00,209 [Thread-1533] INFO  impl.FollowerState (FollowerState.java:run(108)) - 71ebee1b-c852-47fb-b7e8-4041ab86c240@group-83F26D50D4A1-FollowerState: change to CANDIDATE, lastRpcTime:5063ms, electionTimeout:5063ms
2019-10-15 11:07:00,209 [Thread-1533] INFO  impl.RoleInfo (RoleInfo.java:shutdownFollowerState(121)) - 71ebee1b-c852-47fb-b7e8-4041ab86c240: shutdown FollowerState
2019-10-15 11:07:00,209 [Thread-1533] INFO  impl.RaftServerImpl (RaftServerImpl.java:setRole(170)) - 71ebee1b-c852-47fb-b7e8-4041ab86c240@group-83F26D50D4A1: changes role from  FOLLOWER to CANDIDATE at term 0 for changeToCandidate
2019-10-15 11:07:00,209 [Thread-1533] INFO  impl.RoleInfo (RoleInfo.java:updateAndGet(143)) - 71ebee1b-c852-47fb-b7e8-4041ab86c240: start LeaderElection
2019-10-15 11:07:00,228 [be9597ef-b570-48ad-aabf-704ceba5f827@group-2CF454F324E4-SegmentedRaftLogWorker] INFO  segmented.SegmentedRaftLogWorker (SegmentedRaftLogWorker.java:execute(574)) - be9597ef-b570-48ad-aabf-704ceba5f827@group-2CF454F324E4-SegmentedRaftLogWorker: created new log segment /workdir/hadoop-ozone/integration-test/target/test-dir/MiniOzoneClusterImpl-9edea9b3-9569-4a41-9435-4a26f33ebb8c/datanode-0/data/ratis/e27657dd-08fb-4559-9346-2cf454f324e4/current/log_inprogress_0
2019-10-15 11:07:00,246 [71ebee1b-c852-47fb-b7e8-4041ab86c240@group-83F26D50D4A1-LeaderElection67] INFO  impl.LeaderElection (LeaderElection.java:askForVotes(178)) - 71ebee1b-c852-47fb-b7e8-4041ab86c240@group-83F26D50D4A1-LeaderElection67: begin an election at term 1 for -1: [71ebee1b-c852-47fb-b7e8-4041ab86c240:192.168.164.236:34729], old=null
2019-10-15 11:07:00,246 [71ebee1b-c852-47fb-b7e8-4041ab86c240@group-83F26D50D4A1-LeaderElection67] INFO  impl.RoleInfo (RoleInfo.java:shutdownLeaderElection(134)) - 71ebee1b-c852-47fb-b7e8-4041ab86c240: shutdown LeaderElection
2019-10-15 11:07:00,246 [71ebee1b-c852-47fb-b7e8-4041ab86c240@group-83F26D50D4A1-LeaderElection67] INFO  impl.RaftServerImpl (RaftServerImpl.java:setRole(170)) - 71ebee1b-c852-47fb-b7e8-4041ab86c240@group-83F26D50D4A1: changes role from CANDIDATE to LEADER at term 1 for changeToLeader
2019-10-15 11:07:00,246 [71ebee1b-c852-47fb-b7e8-4041ab86c240@group-83F26D50D4A1-LeaderElection67] INFO  impl.RaftServerImpl (ServerState.java:setLeader(255)) - 71ebee1b-c852-47fb-b7e8-4041ab86c240@group-83F26D50D4A1: change Leader from null to 71ebee1b-c852-47fb-b7e8-4041ab86c240 at term 1 for becomeLeader, leader elected after 5109ms
2019-10-15 11:07:00,246 [71ebee1b-c852-47fb-b7e8-4041ab86c240@group-83F26D50D4A1-LeaderElection67] INFO  server.RaftServerConfigKeys (ConfUtils.java:logGet(43)) - raft.server.staging.catchup.gap = 1000 (default)
2019-10-15 11:07:00,246 [71ebee1b-c852-47fb-b7e8-4041ab86c240@group-83F26D50D4A1-LeaderElection67] INFO  server.RaftServerConfigKeys (ConfUtils.java:logGet(43)) - raft.server.rpc.sleep.time = 25ms (default)
2019-10-15 11:07:00,246 [71ebee1b-c852-47fb-b7e8-4041ab86c240@group-83F26D50D4A1-LeaderElection67] INFO  server.RaftServerConfigKeys (ConfUtils.java:logGet(43)) - raft.server.write.element-limit = 4096 (default)
2019-10-15 11:07:00,247 [71ebee1b-c852-47fb-b7e8-4041ab86c240@group-83F26D50D4A1-LeaderElection67] INFO  server.RaftServerConfigKeys (ConfUtils.java:logGet(43)) - raft.server.watch.timeout = 10s (default)
2019-10-15 11:07:00,247 [71ebee1b-c852-47fb-b7e8-4041ab86c240@group-83F26D50D4A1-LeaderElection67] INFO  server.RaftServerConfigKeys (ConfUtils.java:logGet(43)) - raft.server.watch.timeout.denomination = 1s (default)
2019-10-15 11:07:00,247 [71ebee1b-c852-47fb-b7e8-4041ab86c240@group-83F26D50D4A1-LeaderElection67] INFO  server.RaftServerConfigKeys (ConfUtils.java:logGet(43)) - raft.server.watch.element-limit = 65536 (default)
2019-10-15 11:07:00,248 [71ebee1b-c852-47fb-b7e8-4041ab86c240@group-83F26D50D4A1-LeaderElection67] INFO  impl.RoleInfo (RoleInfo.java:updateAndGet(143)) - 71ebee1b-c852-47fb-b7e8-4041ab86c240: start LeaderState
2019-10-15 11:07:00,248 [71ebee1b-c852-47fb-b7e8-4041ab86c240@group-83F26D50D4A1-LeaderElection67] INFO  segmented.SegmentedRaftLogWorker (SegmentedRaftLogWorker.java:startLogSegment(385)) - 71ebee1b-c852-47fb-b7e8-4041ab86c240@group-83F26D50D4A1-SegmentedRaftLogWorker: Starting segment from index:0
2019-10-15 11:07:00,249 [71ebee1b-c852-47fb-b7e8-4041ab86c240@group-83F26D50D4A1-LeaderElection67] INFO  impl.RaftServerImpl (ServerState.java:setRaftConf(356)) - 71ebee1b-c852-47fb-b7e8-4041ab86c240@group-83F26D50D4A1: set configuration 0: [71ebee1b-c852-47fb-b7e8-4041ab86c240:192.168.164.236:34729], old=null at 0
2019-10-15 11:07:00,294 [Thread-1536] INFO  impl.FollowerState (FollowerState.java:run(108)) - d6d9a674-7f3a-482e-be06-219964726ba5@group-E7463CDFD855-FollowerState: change to CANDIDATE, lastRpcTime:5074ms, electionTimeout:5074ms
2019-10-15 11:07:00,294 [Thread-1536] INFO  impl.RoleInfo (RoleInfo.java:shutdownFollowerState(121)) - d6d9a674-7f3a-482e-be06-219964726ba5: shutdown FollowerState
2019-10-15 11:07:00,294 [Thread-1536] INFO  impl.RaftServerImpl (RaftServerImpl.java:setRole(170)) - d6d9a674-7f3a-482e-be06-219964726ba5@group-E7463CDFD855: changes role from  FOLLOWER to CANDIDATE at term 0 for changeToCandidate
2019-10-15 11:07:00,294 [Thread-1536] INFO  impl.RoleInfo (RoleInfo.java:updateAndGet(143)) - d6d9a674-7f3a-482e-be06-219964726ba5: start LeaderElection
2019-10-15 11:07:00,313 [71ebee1b-c852-47fb-b7e8-4041ab86c240@group-83F26D50D4A1-SegmentedRaftLogWorker] INFO  segmented.SegmentedRaftLogWorker (SegmentedRaftLogWorker.java:execute(574)) - 71ebee1b-c852-47fb-b7e8-4041ab86c240@group-83F26D50D4A1-SegmentedRaftLogWorker: created new log segment /workdir/hadoop-ozone/integration-test/target/test-dir/MiniOzoneClusterImpl-9edea9b3-9569-4a41-9435-4a26f33ebb8c/datanode-1/data/ratis/7d9d70a7-e5ee-43c6-9fbd-83f26d50d4a1/current/log_inprogress_0
2019-10-15 11:07:00,330 [d6d9a674-7f3a-482e-be06-219964726ba5@group-E7463CDFD855-LeaderElection68] INFO  impl.LeaderElection (LeaderElection.java:askForVotes(178)) - d6d9a674-7f3a-482e-be06-219964726ba5@group-E7463CDFD855-LeaderElection68: begin an election at term 1 for -1: [d6d9a674-7f3a-482e-be06-219964726ba5:192.168.164.236:40950], old=null
2019-10-15 11:07:00,330 [d6d9a674-7f3a-482e-be06-219964726ba5@group-E7463CDFD855-LeaderElection68] INFO  impl.RoleInfo (RoleInfo.java:shutdownLeaderElection(134)) - d6d9a674-7f3a-482e-be06-219964726ba5: shutdown LeaderElection
2019-10-15 11:07:00,330 [d6d9a674-7f3a-482e-be06-219964726ba5@group-E7463CDFD855-LeaderElection68] INFO  impl.RaftServerImpl (RaftServerImpl.java:setRole(170)) - d6d9a674-7f3a-482e-be06-219964726ba5@group-E7463CDFD855: changes role from CANDIDATE to LEADER at term 1 for changeToLeader
2019-10-15 11:07:00,330 [d6d9a674-7f3a-482e-be06-219964726ba5@group-E7463CDFD855-LeaderElection68] INFO  impl.RaftServerImpl (ServerState.java:setLeader(255)) - d6d9a674-7f3a-482e-be06-219964726ba5@group-E7463CDFD855: change Leader from null to d6d9a674-7f3a-482e-be06-219964726ba5 at term 1 for becomeLeader, leader elected after 5117ms
2019-10-15 11:07:00,330 [d6d9a674-7f3a-482e-be06-219964726ba5@group-E7463CDFD855-LeaderElection68] INFO  server.RaftServerConfigKeys (ConfUtils.java:logGet(43)) - raft.server.staging.catchup.gap = 1000 (default)
2019-10-15 11:07:00,330 [d6d9a674-7f3a-482e-be06-219964726ba5@group-E7463CDFD855-LeaderElection68] INFO  server.RaftServerConfigKeys (ConfUtils.java:logGet(43)) - raft.server.rpc.sleep.time = 25ms (default)
2019-10-15 11:07:00,331 [d6d9a674-7f3a-482e-be06-219964726ba5@group-E7463CDFD855-LeaderElection68] INFO  server.RaftServerConfigKeys (ConfUtils.java:logGet(43)) - raft.server.write.element-limit = 4096 (default)
2019-10-15 11:07:00,331 [d6d9a674-7f3a-482e-be06-219964726ba5@group-E7463CDFD855-LeaderElection68] INFO  server.RaftServerConfigKeys (ConfUtils.java:logGet(43)) - raft.server.watch.timeout = 10s (default)
2019-10-15 11:07:00,331 [d6d9a674-7f3a-482e-be06-219964726ba5@group-E7463CDFD855-LeaderElection68] INFO  server.RaftServerConfigKeys (ConfUtils.java:logGet(43)) - raft.server.watch.timeout.denomination = 1s (default)
2019-10-15 11:07:00,331 [d6d9a674-7f3a-482e-be06-219964726ba5@group-E7463CDFD855-LeaderElection68] INFO  server.RaftServerConfigKeys (ConfUtils.java:logGet(43)) - raft.server.watch.element-limit = 65536 (default)
2019-10-15 11:07:00,333 [d6d9a674-7f3a-482e-be06-219964726ba5@group-E7463CDFD855-LeaderElection68] INFO  impl.RoleInfo (RoleInfo.java:updateAndGet(143)) - d6d9a674-7f3a-482e-be06-219964726ba5: start LeaderState
2019-10-15 11:07:00,333 [d6d9a674-7f3a-482e-be06-219964726ba5@group-E7463CDFD855-LeaderElection68] INFO  segmented.SegmentedRaftLogWorker (SegmentedRaftLogWorker.java:startLogSegment(385)) - d6d9a674-7f3a-482e-be06-219964726ba5@group-E7463CDFD855-SegmentedRaftLogWorker: Starting segment from index:0
2019-10-15 11:07:00,334 [d6d9a674-7f3a-482e-be06-219964726ba5@group-E7463CDFD855-LeaderElection68] INFO  impl.RaftServerImpl (ServerState.java:setRaftConf(356)) - d6d9a674-7f3a-482e-be06-219964726ba5@group-E7463CDFD855: set configuration 0: [d6d9a674-7f3a-482e-be06-219964726ba5:192.168.164.236:40950], old=null at 0
2019-10-15 11:07:00,388 [d6d9a674-7f3a-482e-be06-219964726ba5@group-E7463CDFD855-SegmentedRaftLogWorker] INFO  segmented.SegmentedRaftLogWorker (SegmentedRaftLogWorker.java:execute(574)) - d6d9a674-7f3a-482e-be06-219964726ba5@group-E7463CDFD855-SegmentedRaftLogWorker: created new log segment /workdir/hadoop-ozone/integration-test/target/test-dir/MiniOzoneClusterImpl-9edea9b3-9569-4a41-9435-4a26f33ebb8c/datanode-2/data/ratis/44e82ab8-69dc-43c4-a6aa-e7463cdfd855/current/log_inprogress_0
2019-10-15 11:07:00,449 [Thread-1544] INFO  impl.FollowerState (FollowerState.java:run(108)) - 172a2998-bf86-4637-a4be-957637693d81@group-A18936DD3210-FollowerState: change to CANDIDATE, lastRpcTime:5022ms, electionTimeout:5022ms
2019-10-15 11:07:00,449 [Thread-1544] INFO  impl.RoleInfo (RoleInfo.java:shutdownFollowerState(121)) - 172a2998-bf86-4637-a4be-957637693d81: shutdown FollowerState
2019-10-15 11:07:00,449 [Thread-1544] INFO  impl.RaftServerImpl (RaftServerImpl.java:setRole(170)) - 172a2998-bf86-4637-a4be-957637693d81@group-A18936DD3210: changes role from  FOLLOWER to CANDIDATE at term 0 for changeToCandidate
2019-10-15 11:07:00,450 [Thread-1544] INFO  impl.RoleInfo (RoleInfo.java:updateAndGet(143)) - 172a2998-bf86-4637-a4be-957637693d81: start LeaderElection
2019-10-15 11:07:00,480 [Thread-1539] INFO  impl.FollowerState (FollowerState.java:run(108)) - 144b8dad-4f9f-4727-95df-54da78a09e68@group-11E95471F317-FollowerState: change to CANDIDATE, lastRpcTime:5184ms, electionTimeout:5184ms
2019-10-15 11:07:00,480 [Thread-1539] INFO  impl.RoleInfo (RoleInfo.java:shutdownFollowerState(121)) - 144b8dad-4f9f-4727-95df-54da78a09e68: shutdown FollowerState
2019-10-15 11:07:00,480 [Thread-1539] INFO  impl.RaftServerImpl (RaftServerImpl.java:setRole(170)) - 144b8dad-4f9f-4727-95df-54da78a09e68@group-11E95471F317: changes role from  FOLLOWER to CANDIDATE at term 0 for changeToCandidate
2019-10-15 11:07:00,480 [Thread-1539] INFO  impl.RoleInfo (RoleInfo.java:updateAndGet(143)) - 144b8dad-4f9f-4727-95df-54da78a09e68: start LeaderElection
2019-10-15 11:07:00,480 [172a2998-bf86-4637-a4be-957637693d81@group-A18936DD3210-LeaderElection69] INFO  impl.LeaderElection (LeaderElection.java:askForVotes(178)) - 172a2998-bf86-4637-a4be-957637693d81@group-A18936DD3210-LeaderElection69: begin an election at term 1 for -1: [172a2998-bf86-4637-a4be-957637693d81:192.168.164.236:39655], old=null
2019-10-15 11:07:00,481 [172a2998-bf86-4637-a4be-957637693d81@group-A18936DD3210-LeaderElection69] INFO  impl.RoleInfo (RoleInfo.java:shutdownLeaderElection(134)) - 172a2998-bf86-4637-a4be-957637693d81: shutdown LeaderElection
2019-10-15 11:07:00,486 [172a2998-bf86-4637-a4be-957637693d81@group-A18936DD3210-LeaderElection69] INFO  impl.RaftServerImpl (RaftServerImpl.java:setRole(170)) - 172a2998-bf86-4637-a4be-957637693d81@group-A18936DD3210: changes role from CANDIDATE to LEADER at term 1 for changeToLeader
2019-10-15 11:07:00,487 [172a2998-bf86-4637-a4be-957637693d81@group-A18936DD3210-LeaderElection69] INFO  impl.RaftServerImpl (ServerState.java:setLeader(255)) - 172a2998-bf86-4637-a4be-957637693d81@group-A18936DD3210: change Leader from null to 172a2998-bf86-4637-a4be-957637693d81 at term 1 for becomeLeader, leader elected after 5069ms
2019-10-15 11:07:00,487 [172a2998-bf86-4637-a4be-957637693d81@group-A18936DD3210-LeaderElection69] INFO  server.RaftServerConfigKeys (ConfUtils.java:logGet(43)) - raft.server.staging.catchup.gap = 1000 (default)
2019-10-15 11:07:00,487 [172a2998-bf86-4637-a4be-957637693d81@group-A18936DD3210-LeaderElection69] INFO  server.RaftServerConfigKeys (ConfUtils.java:logGet(43)) - raft.server.rpc.sleep.time = 25ms (default)
2019-10-15 11:07:00,487 [172a2998-bf86-4637-a4be-957637693d81@group-A18936DD3210-LeaderElection69] INFO  server.RaftServerConfigKeys (ConfUtils.java:logGet(43)) - raft.server.write.element-limit = 4096 (default)
2019-10-15 11:07:00,488 [172a2998-bf86-4637-a4be-957637693d81@group-A18936DD3210-LeaderElection69] INFO  server.RaftServerConfigKeys (ConfUtils.java:logGet(43)) - raft.server.watch.timeout = 10s (default)
2019-10-15 11:07:00,488 [172a2998-bf86-4637-a4be-957637693d81@group-A18936DD3210-LeaderElection69] INFO  server.RaftServerConfigKeys (ConfUtils.java:logGet(43)) - raft.server.watch.timeout.denomination = 1s (default)
2019-10-15 11:07:00,488 [172a2998-bf86-4637-a4be-957637693d81@group-A18936DD3210-LeaderElection69] INFO  server.RaftServerConfigKeys (ConfUtils.java:logGet(43)) - raft.server.watch.element-limit = 65536 (default)
2019-10-15 11:07:00,490 [172a2998-bf86-4637-a4be-957637693d81@group-A18936DD3210-LeaderElection69] INFO  impl.RoleInfo (RoleInfo.java:updateAndGet(143)) - 172a2998-bf86-4637-a4be-957637693d81: start LeaderState
2019-10-15 11:07:00,490 [172a2998-bf86-4637-a4be-957637693d81@group-A18936DD3210-LeaderElection69] INFO  segmented.SegmentedRaftLogWorker (SegmentedRaftLogWorker.java:startLogSegment(385)) - 172a2998-bf86-4637-a4be-957637693d81@group-A18936DD3210-SegmentedRaftLogWorker: Starting segment from index:0
2019-10-15 11:07:00,491 [172a2998-bf86-4637-a4be-957637693d81@group-A18936DD3210-LeaderElection69] INFO  impl.RaftServerImpl (ServerState.java:setRaftConf(356)) - 172a2998-bf86-4637-a4be-957637693d81@group-A18936DD3210: set configuration 0: [172a2998-bf86-4637-a4be-957637693d81:192.168.164.236:39655], old=null at 0
2019-10-15 11:07:00,514 [144b8dad-4f9f-4727-95df-54da78a09e68@group-11E95471F317-LeaderElection70] INFO  impl.LeaderElection (LeaderElection.java:askForVotes(178)) - 144b8dad-4f9f-4727-95df-54da78a09e68@group-11E95471F317-LeaderElection70: begin an election at term 1 for -1: [144b8dad-4f9f-4727-95df-54da78a09e68:192.168.164.236:43161], old=null
2019-10-15 11:07:00,514 [144b8dad-4f9f-4727-95df-54da78a09e68@group-11E95471F317-LeaderElection70] INFO  impl.RoleInfo (RoleInfo.java:shutdownLeaderElection(134)) - 144b8dad-4f9f-4727-95df-54da78a09e68: shutdown LeaderElection
2019-10-15 11:07:00,514 [144b8dad-4f9f-4727-95df-54da78a09e68@group-11E95471F317-LeaderElection70] INFO  impl.RaftServerImpl (RaftServerImpl.java:setRole(170)) - 144b8dad-4f9f-4727-95df-54da78a09e68@group-11E95471F317: changes role from CANDIDATE to LEADER at term 1 for changeToLeader
2019-10-15 11:07:00,515 [144b8dad-4f9f-4727-95df-54da78a09e68@group-11E95471F317-LeaderElection70] INFO  impl.RaftServerImpl (ServerState.java:setLeader(255)) - 144b8dad-4f9f-4727-95df-54da78a09e68@group-11E95471F317: change Leader from null to 144b8dad-4f9f-4727-95df-54da78a09e68 at term 1 for becomeLeader, leader elected after 5226ms
2019-10-15 11:07:00,515 [144b8dad-4f9f-4727-95df-54da78a09e68@group-11E95471F317-LeaderElection70] INFO  server.RaftServerConfigKeys (ConfUtils.java:logGet(43)) - raft.server.staging.catchup.gap = 1000 (default)
2019-10-15 11:07:00,515 [144b8dad-4f9f-4727-95df-54da78a09e68@group-11E95471F317-LeaderElection70] INFO  server.RaftServerConfigKeys (ConfUtils.java:logGet(43)) - raft.server.rpc.sleep.time = 25ms (default)
2019-10-15 11:07:00,515 [144b8dad-4f9f-4727-95df-54da78a09e68@group-11E95471F317-LeaderElection70] INFO  server.RaftServerConfigKeys (ConfUtils.java:logGet(43)) - raft.server.write.element-limit = 4096 (default)
2019-10-15 11:07:00,515 [144b8dad-4f9f-4727-95df-54da78a09e68@group-11E95471F317-LeaderElection70] INFO  server.RaftServerConfigKeys (ConfUtils.java:logGet(43)) - raft.server.watch.timeout = 10s (default)
2019-10-15 11:07:00,516 [144b8dad-4f9f-4727-95df-54da78a09e68@group-11E95471F317-LeaderElection70] INFO  server.RaftServerConfigKeys (ConfUtils.java:logGet(43)) - raft.server.watch.timeout.denomination = 1s (default)
2019-10-15 11:07:00,516 [144b8dad-4f9f-4727-95df-54da78a09e68@group-11E95471F317-LeaderElection70] INFO  server.RaftServerConfigKeys (ConfUtils.java:logGet(43)) - raft.server.watch.element-limit = 65536 (default)
2019-10-15 11:07:00,518 [144b8dad-4f9f-4727-95df-54da78a09e68@group-11E95471F317-LeaderElection70] INFO  impl.RoleInfo (RoleInfo.java:updateAndGet(143)) - 144b8dad-4f9f-4727-95df-54da78a09e68: start LeaderState
2019-10-15 11:07:00,518 [144b8dad-4f9f-4727-95df-54da78a09e68@group-11E95471F317-LeaderElection70] INFO  segmented.SegmentedRaftLogWorker (SegmentedRaftLogWorker.java:startLogSegment(385)) - 144b8dad-4f9f-4727-95df-54da78a09e68@group-11E95471F317-SegmentedRaftLogWorker: Starting segment from index:0
2019-10-15 11:07:00,519 [144b8dad-4f9f-4727-95df-54da78a09e68@group-11E95471F317-LeaderElection70] INFO  impl.RaftServerImpl (ServerState.java:setRaftConf(356)) - 144b8dad-4f9f-4727-95df-54da78a09e68@group-11E95471F317: set configuration 0: [144b8dad-4f9f-4727-95df-54da78a09e68:192.168.164.236:43161], old=null at 0
2019-10-15 11:07:00,529 [Thread-1547] INFO  impl.FollowerState (FollowerState.java:run(108)) - 30423d70-6000-4cba-8127-04288b0f86e4@group-DE9C5E251886-FollowerState: change to CANDIDATE, lastRpcTime:5008ms, electionTimeout:5008ms
2019-10-15 11:07:00,529 [Thread-1547] INFO  impl.RoleInfo (RoleInfo.java:shutdownFollowerState(121)) - 30423d70-6000-4cba-8127-04288b0f86e4: shutdown FollowerState
2019-10-15 11:07:00,529 [Thread-1547] INFO  impl.RaftServerImpl (RaftServerImpl.java:setRole(170)) - 30423d70-6000-4cba-8127-04288b0f86e4@group-DE9C5E251886: changes role from  FOLLOWER to CANDIDATE at term 0 for changeToCandidate
2019-10-15 11:07:00,529 [Thread-1547] INFO  impl.RoleInfo (RoleInfo.java:updateAndGet(143)) - 30423d70-6000-4cba-8127-04288b0f86e4: start LeaderElection
2019-10-15 11:07:00,546 [172a2998-bf86-4637-a4be-957637693d81@group-A18936DD3210-SegmentedRaftLogWorker] INFO  segmented.SegmentedRaftLogWorker (SegmentedRaftLogWorker.java:execute(574)) - 172a2998-bf86-4637-a4be-957637693d81@group-A18936DD3210-SegmentedRaftLogWorker: created new log segment /workdir/hadoop-ozone/integration-test/target/test-dir/MiniOzoneClusterImpl-9edea9b3-9569-4a41-9435-4a26f33ebb8c/datanode-4/data/ratis/d8dc9671-ad29-428a-8845-a18936dd3210/current/log_inprogress_0
2019-10-15 11:07:00,573 [144b8dad-4f9f-4727-95df-54da78a09e68@group-11E95471F317-SegmentedRaftLogWorker] INFO  segmented.SegmentedRaftLogWorker (SegmentedRaftLogWorker.java:execute(574)) - 144b8dad-4f9f-4727-95df-54da78a09e68@group-11E95471F317-SegmentedRaftLogWorker: created new log segment /workdir/hadoop-ozone/integration-test/target/test-dir/MiniOzoneClusterImpl-9edea9b3-9569-4a41-9435-4a26f33ebb8c/datanode-3/data/ratis/afe0a159-7ea7-490f-abf6-11e95471f317/current/log_inprogress_0
2019-10-15 11:07:00,573 [30423d70-6000-4cba-8127-04288b0f86e4@group-DE9C5E251886-LeaderElection71] INFO  impl.LeaderElection (LeaderElection.java:askForVotes(178)) - 30423d70-6000-4cba-8127-04288b0f86e4@group-DE9C5E251886-LeaderElection71: begin an election at term 1 for -1: [30423d70-6000-4cba-8127-04288b0f86e4:192.168.164.236:45472], old=null
2019-10-15 11:07:00,573 [30423d70-6000-4cba-8127-04288b0f86e4@group-DE9C5E251886-LeaderElection71] INFO  impl.RoleInfo (RoleInfo.java:shutdownLeaderElection(134)) - 30423d70-6000-4cba-8127-04288b0f86e4: shutdown LeaderElection
2019-10-15 11:07:00,573 [30423d70-6000-4cba-8127-04288b0f86e4@group-DE9C5E251886-LeaderElection71] INFO  impl.RaftServerImpl (RaftServerImpl.java:setRole(170)) - 30423d70-6000-4cba-8127-04288b0f86e4@group-DE9C5E251886: changes role from CANDIDATE to LEADER at term 1 for changeToLeader
2019-10-15 11:07:00,573 [30423d70-6000-4cba-8127-04288b0f86e4@group-DE9C5E251886-LeaderElection71] INFO  impl.RaftServerImpl (ServerState.java:setLeader(255)) - 30423d70-6000-4cba-8127-04288b0f86e4@group-DE9C5E251886: change Leader from null to 30423d70-6000-4cba-8127-04288b0f86e4 at term 1 for becomeLeader, leader elected after 5058ms
2019-10-15 11:07:00,574 [30423d70-6000-4cba-8127-04288b0f86e4@group-DE9C5E251886-LeaderElection71] INFO  server.RaftServerConfigKeys (ConfUtils.java:logGet(43)) - raft.server.staging.catchup.gap = 1000 (default)
2019-10-15 11:07:00,574 [30423d70-6000-4cba-8127-04288b0f86e4@group-DE9C5E251886-LeaderElection71] INFO  server.RaftServerConfigKeys (ConfUtils.java:logGet(43)) - raft.server.rpc.sleep.time = 25ms (default)
2019-10-15 11:07:00,574 [30423d70-6000-4cba-8127-04288b0f86e4@group-DE9C5E251886-LeaderElection71] INFO  server.RaftServerConfigKeys (ConfUtils.java:logGet(43)) - raft.server.write.element-limit = 4096 (default)
2019-10-15 11:07:00,574 [30423d70-6000-4cba-8127-04288b0f86e4@group-DE9C5E251886-LeaderElection71] INFO  server.RaftServerConfigKeys (ConfUtils.java:logGet(43)) - raft.server.watch.timeout = 10s (default)
2019-10-15 11:07:00,574 [30423d70-6000-4cba-8127-04288b0f86e4@group-DE9C5E251886-LeaderElection71] INFO  server.RaftServerConfigKeys (ConfUtils.java:logGet(43)) - raft.server.watch.timeout.denomination = 1s (default)
2019-10-15 11:07:00,574 [30423d70-6000-4cba-8127-04288b0f86e4@group-DE9C5E251886-LeaderElection71] INFO  server.RaftServerConfigKeys (ConfUtils.java:logGet(43)) - raft.server.watch.element-limit = 65536 (default)
2019-10-15 11:07:00,577 [30423d70-6000-4cba-8127-04288b0f86e4@group-DE9C5E251886-LeaderElection71] INFO  impl.RoleInfo (RoleInfo.java:updateAndGet(143)) - 30423d70-6000-4cba-8127-04288b0f86e4: start LeaderState
2019-10-15 11:07:00,577 [30423d70-6000-4cba-8127-04288b0f86e4@group-DE9C5E251886-LeaderElection71] INFO  segmented.SegmentedRaftLogWorker (SegmentedRaftLogWorker.java:startLogSegment(385)) - 30423d70-6000-4cba-8127-04288b0f86e4@group-DE9C5E251886-SegmentedRaftLogWorker: Starting segment from index:0
2019-10-15 11:07:00,578 [30423d70-6000-4cba-8127-04288b0f86e4@group-DE9C5E251886-LeaderElection71] INFO  impl.RaftServerImpl (ServerState.java:setRaftConf(356)) - 30423d70-6000-4cba-8127-04288b0f86e4@group-DE9C5E251886: set configuration 0: [30423d70-6000-4cba-8127-04288b0f86e4:192.168.164.236:45472], old=null at 0
2019-10-15 11:07:00,623 [30423d70-6000-4cba-8127-04288b0f86e4@group-DE9C5E251886-SegmentedRaftLogWorker] INFO  segmented.SegmentedRaftLogWorker (SegmentedRaftLogWorker.java:execute(574)) - 30423d70-6000-4cba-8127-04288b0f86e4@group-DE9C5E251886-SegmentedRaftLogWorker: created new log segment /workdir/hadoop-ozone/integration-test/target/test-dir/MiniOzoneClusterImpl-9edea9b3-9569-4a41-9435-4a26f33ebb8c/datanode-5/data/ratis/f5b33178-a08e-4a4a-b5dd-de9c5e251886/current/log_inprogress_0
2019-10-15 11:07:00,747 [Thread-1550] INFO  impl.FollowerState (FollowerState.java:run(108)) - 95378f2b-3bc4-4d23-a590-934def3bd7b0@group-080A56F5BD7D-FollowerState: change to CANDIDATE, lastRpcTime:5159ms, electionTimeout:5159ms
2019-10-15 11:07:00,747 [Thread-1550] INFO  impl.RoleInfo (RoleInfo.java:shutdownFollowerState(121)) - 95378f2b-3bc4-4d23-a590-934def3bd7b0: shutdown FollowerState
2019-10-15 11:07:00,747 [Thread-1550] INFO  impl.RaftServerImpl (RaftServerImpl.java:setRole(170)) - 95378f2b-3bc4-4d23-a590-934def3bd7b0@group-080A56F5BD7D: changes role from  FOLLOWER to CANDIDATE at term 0 for changeToCandidate
2019-10-15 11:07:00,747 [Thread-1550] INFO  impl.RoleInfo (RoleInfo.java:updateAndGet(143)) - 95378f2b-3bc4-4d23-a590-934def3bd7b0: start LeaderElection
2019-10-15 11:07:00,751 [Thread-1558] INFO  impl.FollowerState (FollowerState.java:run(108)) - 172a2998-bf86-4637-a4be-957637693d81@group-571077ABE93B-FollowerState: change to CANDIDATE, lastRpcTime:5062ms, electionTimeout:5061ms
2019-10-15 11:07:00,751 [Thread-1558] INFO  impl.RoleInfo (RoleInfo.java:shutdownFollowerState(121)) - 172a2998-bf86-4637-a4be-957637693d81: shutdown FollowerState
2019-10-15 11:07:00,756 [Thread-1558] INFO  impl.RaftServerImpl (RaftServerImpl.java:setRole(170)) - 172a2998-bf86-4637-a4be-957637693d81@group-571077ABE93B: changes role from  FOLLOWER to CANDIDATE at term 0 for changeToCandidate
2019-10-15 11:07:00,756 [Thread-1558] INFO  impl.RoleInfo (RoleInfo.java:updateAndGet(143)) - 172a2998-bf86-4637-a4be-957637693d81: start LeaderElection
2019-10-15 11:07:00,790 [95378f2b-3bc4-4d23-a590-934def3bd7b0@group-080A56F5BD7D-LeaderElection72] INFO  impl.LeaderElection (LeaderElection.java:askForVotes(178)) - 95378f2b-3bc4-4d23-a590-934def3bd7b0@group-080A56F5BD7D-LeaderElection72: begin an election at term 1 for -1: [95378f2b-3bc4-4d23-a590-934def3bd7b0:192.168.164.236:40207], old=null
2019-10-15 11:07:00,790 [172a2998-bf86-4637-a4be-957637693d81@group-571077ABE93B-LeaderElection73] INFO  impl.LeaderElection (LeaderElection.java:askForVotes(178)) - 172a2998-bf86-4637-a4be-957637693d81@group-571077ABE93B-LeaderElection73: begin an election at term 1 for -1: [d6d9a674-7f3a-482e-be06-219964726ba5:192.168.164.236:40950, 144b8dad-4f9f-4727-95df-54da78a09e68:192.168.164.236:43161, 172a2998-bf86-4637-a4be-957637693d81:192.168.164.236:39655], old=null
2019-10-15 11:07:00,791 [95378f2b-3bc4-4d23-a590-934def3bd7b0@group-080A56F5BD7D-LeaderElection72] INFO  impl.RoleInfo (RoleInfo.java:shutdownLeaderElection(134)) - 95378f2b-3bc4-4d23-a590-934def3bd7b0: shutdown LeaderElection
2019-10-15 11:07:00,791 [95378f2b-3bc4-4d23-a590-934def3bd7b0@group-080A56F5BD7D-LeaderElection72] INFO  impl.RaftServerImpl (RaftServerImpl.java:setRole(170)) - 95378f2b-3bc4-4d23-a590-934def3bd7b0@group-080A56F5BD7D: changes role from CANDIDATE to LEADER at term 1 for changeToLeader
2019-10-15 11:07:00,791 [95378f2b-3bc4-4d23-a590-934def3bd7b0@group-080A56F5BD7D-LeaderElection72] INFO  impl.RaftServerImpl (ServerState.java:setLeader(255)) - 95378f2b-3bc4-4d23-a590-934def3bd7b0@group-080A56F5BD7D: change Leader from null to 95378f2b-3bc4-4d23-a590-934def3bd7b0 at term 1 for becomeLeader, leader elected after 5209ms
2019-10-15 11:07:00,791 [95378f2b-3bc4-4d23-a590-934def3bd7b0@group-080A56F5BD7D-LeaderElection72] INFO  server.RaftServerConfigKeys (ConfUtils.java:logGet(43)) - raft.server.staging.catchup.gap = 1000 (default)
2019-10-15 11:07:00,792 [95378f2b-3bc4-4d23-a590-934def3bd7b0@group-080A56F5BD7D-LeaderElection72] INFO  server.RaftServerConfigKeys (ConfUtils.java:logGet(43)) - raft.server.rpc.sleep.time = 25ms (default)
2019-10-15 11:07:00,792 [95378f2b-3bc4-4d23-a590-934def3bd7b0@group-080A56F5BD7D-LeaderElection72] INFO  server.RaftServerConfigKeys (ConfUtils.java:logGet(43)) - raft.server.write.element-limit = 4096 (default)
2019-10-15 11:07:00,792 [95378f2b-3bc4-4d23-a590-934def3bd7b0@group-080A56F5BD7D-LeaderElection72] INFO  server.RaftServerConfigKeys (ConfUtils.java:logGet(43)) - raft.server.watch.timeout = 10s (default)
2019-10-15 11:07:00,792 [95378f2b-3bc4-4d23-a590-934def3bd7b0@group-080A56F5BD7D-LeaderElection72] INFO  server.RaftServerConfigKeys (ConfUtils.java:logGet(43)) - raft.server.watch.timeout.denomination = 1s (default)
2019-10-15 11:07:00,792 [95378f2b-3bc4-4d23-a590-934def3bd7b0@group-080A56F5BD7D-LeaderElection72] INFO  server.RaftServerConfigKeys (ConfUtils.java:logGet(43)) - raft.server.watch.element-limit = 65536 (default)
2019-10-15 11:07:00,795 [95378f2b-3bc4-4d23-a590-934def3bd7b0@group-080A56F5BD7D-LeaderElection72] INFO  impl.RoleInfo (RoleInfo.java:updateAndGet(143)) - 95378f2b-3bc4-4d23-a590-934def3bd7b0: start LeaderState
2019-10-15 11:07:00,795 [95378f2b-3bc4-4d23-a590-934def3bd7b0@group-080A56F5BD7D-LeaderElection72] INFO  segmented.SegmentedRaftLogWorker (SegmentedRaftLogWorker.java:startLogSegment(385)) - 95378f2b-3bc4-4d23-a590-934def3bd7b0@group-080A56F5BD7D-SegmentedRaftLogWorker: Starting segment from index:0
2019-10-15 11:07:00,796 [95378f2b-3bc4-4d23-a590-934def3bd7b0@group-080A56F5BD7D-LeaderElection72] INFO  impl.RaftServerImpl (ServerState.java:setRaftConf(356)) - 95378f2b-3bc4-4d23-a590-934def3bd7b0@group-080A56F5BD7D: set configuration 0: [95378f2b-3bc4-4d23-a590-934def3bd7b0:192.168.164.236:40207], old=null at 0
2019-10-15 11:07:00,796 [grpc-default-executor-1] INFO  impl.RaftServerImpl (RaftServerImpl.java:setRole(170)) - 144b8dad-4f9f-4727-95df-54da78a09e68@group-571077ABE93B: changes role from  FOLLOWER to FOLLOWER at term 1 for recognizeCandidate:172a2998-bf86-4637-a4be-957637693d81
2019-10-15 11:07:00,796 [grpc-default-executor-0] INFO  impl.RaftServerImpl (RaftServerImpl.java:setRole(170)) - d6d9a674-7f3a-482e-be06-219964726ba5@group-571077ABE93B: changes role from  FOLLOWER to FOLLOWER at term 1 for recognizeCandidate:172a2998-bf86-4637-a4be-957637693d81
2019-10-15 11:07:00,797 [grpc-default-executor-1] INFO  impl.RoleInfo (RoleInfo.java:shutdownFollowerState(121)) - 144b8dad-4f9f-4727-95df-54da78a09e68: shutdown FollowerState
2019-10-15 11:07:00,797 [grpc-default-executor-0] INFO  impl.RoleInfo (RoleInfo.java:shutdownFollowerState(121)) - d6d9a674-7f3a-482e-be06-219964726ba5: shutdown FollowerState
2019-10-15 11:07:00,797 [Thread-1557] INFO  impl.FollowerState (FollowerState.java:run(117)) - 144b8dad-4f9f-4727-95df-54da78a09e68@group-571077ABE93B-FollowerState was interrupted: java.lang.InterruptedException: sleep interrupted
2019-10-15 11:07:00,798 [grpc-default-executor-0] INFO  impl.RoleInfo (RoleInfo.java:updateAndGet(143)) - d6d9a674-7f3a-482e-be06-219964726ba5: start FollowerState
2019-10-15 11:07:00,797 [grpc-default-executor-1] INFO  impl.RoleInfo (RoleInfo.java:updateAndGet(143)) - 144b8dad-4f9f-4727-95df-54da78a09e68: start FollowerState
2019-10-15 11:07:00,832 [Thread-1553] INFO  impl.FollowerState (FollowerState.java:run(117)) - d6d9a674-7f3a-482e-be06-219964726ba5@group-571077ABE93B-FollowerState was interrupted: java.lang.InterruptedException: sleep interrupted
2019-10-15 11:07:00,832 [Thread-1566] INFO  impl.FollowerState (FollowerState.java:run(108)) - 30423d70-6000-4cba-8127-04288b0f86e4@group-72DA9A7D65E2-FollowerState: change to CANDIDATE, lastRpcTime:5047ms, electionTimeout:5026ms
2019-10-15 11:07:00,836 [Thread-1565] INFO  impl.FollowerState (FollowerState.java:run(108)) - 71ebee1b-c852-47fb-b7e8-4041ab86c240@group-72DA9A7D65E2-FollowerState: change to CANDIDATE, lastRpcTime:5054ms, electionTimeout:5054ms
2019-10-15 11:07:00,836 [Thread-1566] INFO  impl.RoleInfo (RoleInfo.java:shutdownFollowerState(121)) - 30423d70-6000-4cba-8127-04288b0f86e4: shutdown FollowerState
2019-10-15 11:07:00,836 [Thread-1565] INFO  impl.RoleInfo (RoleInfo.java:shutdownFollowerState(121)) - 71ebee1b-c852-47fb-b7e8-4041ab86c240: shutdown FollowerState
2019-10-15 11:07:00,836 [Thread-1566] INFO  impl.RaftServerImpl (RaftServerImpl.java:setRole(170)) - 30423d70-6000-4cba-8127-04288b0f86e4@group-72DA9A7D65E2: changes role from  FOLLOWER to CANDIDATE at term 0 for changeToCandidate
2019-10-15 11:07:00,836 [Thread-1565] INFO  impl.RaftServerImpl (RaftServerImpl.java:setRole(170)) - 71ebee1b-c852-47fb-b7e8-4041ab86c240@group-72DA9A7D65E2: changes role from  FOLLOWER to CANDIDATE at term 0 for changeToCandidate
2019-10-15 11:07:00,836 [Thread-1566] INFO  impl.RoleInfo (RoleInfo.java:updateAndGet(143)) - 30423d70-6000-4cba-8127-04288b0f86e4: start LeaderElection
2019-10-15 11:07:00,836 [Thread-1565] INFO  impl.RoleInfo (RoleInfo.java:updateAndGet(143)) - 71ebee1b-c852-47fb-b7e8-4041ab86c240: start LeaderElection
2019-10-15 11:07:00,857 [95378f2b-3bc4-4d23-a590-934def3bd7b0@group-080A56F5BD7D-SegmentedRaftLogWorker] INFO  segmented.SegmentedRaftLogWorker (SegmentedRaftLogWorker.java:execute(574)) - 95378f2b-3bc4-4d23-a590-934def3bd7b0@group-080A56F5BD7D-SegmentedRaftLogWorker: created new log segment /workdir/hadoop-ozone/integration-test/target/test-dir/MiniOzoneClusterImpl-9edea9b3-9569-4a41-9435-4a26f33ebb8c/datanode-6/data/ratis/c5651164-8714-465b-9245-080a56f5bd7d/current/log_inprogress_0
2019-10-15 11:07:00,867 [172a2998-bf86-4637-a4be-957637693d81@group-571077ABE93B-LeaderElection73] INFO  impl.LeaderElection (LeaderElection.java:logAndReturn(56)) - 172a2998-bf86-4637-a4be-957637693d81@group-571077ABE93B-LeaderElection73: Election PASSED; received 1 response(s) [172a2998-bf86-4637-a4be-957637693d81<-144b8dad-4f9f-4727-95df-54da78a09e68#0:OK-t1] and 0 exception(s); 172a2998-bf86-4637-a4be-957637693d81@group-571077ABE93B:t1, leader=null, voted=172a2998-bf86-4637-a4be-957637693d81, raftlog=172a2998-bf86-4637-a4be-957637693d81@group-571077ABE93B-SegmentedRaftLog:OPENED:c-1,f-1,i0, conf=-1: [d6d9a674-7f3a-482e-be06-219964726ba5:192.168.164.236:40950, 144b8dad-4f9f-4727-95df-54da78a09e68:192.168.164.236:43161, 172a2998-bf86-4637-a4be-957637693d81:192.168.164.236:39655], old=null
2019-10-15 11:07:00,868 [172a2998-bf86-4637-a4be-957637693d81@group-571077ABE93B-LeaderElection73] INFO  impl.RoleInfo (RoleInfo.java:shutdownLeaderElection(134)) - 172a2998-bf86-4637-a4be-957637693d81: shutdown LeaderElection
2019-10-15 11:07:00,868 [172a2998-bf86-4637-a4be-957637693d81@group-571077ABE93B-LeaderElection73] INFO  impl.RaftServerImpl (RaftServerImpl.java:setRole(170)) - 172a2998-bf86-4637-a4be-957637693d81@group-571077ABE93B: changes role from CANDIDATE to LEADER at term 1 for changeToLeader
2019-10-15 11:07:00,868 [172a2998-bf86-4637-a4be-957637693d81@group-571077ABE93B-LeaderElection73] INFO  impl.RaftServerImpl (ServerState.java:setLeader(255)) - 172a2998-bf86-4637-a4be-957637693d81@group-571077ABE93B: change Leader from null to 172a2998-bf86-4637-a4be-957637693d81 at term 1 for becomeLeader, leader elected after 5192ms
2019-10-15 11:07:00,868 [172a2998-bf86-4637-a4be-957637693d81@group-571077ABE93B-LeaderElection73] INFO  server.RaftServerConfigKeys (ConfUtils.java:logGet(43)) - raft.server.staging.catchup.gap = 1000 (default)
2019-10-15 11:07:00,868 [172a2998-bf86-4637-a4be-957637693d81@group-571077ABE93B-LeaderElection73] INFO  server.RaftServerConfigKeys (ConfUtils.java:logGet(43)) - raft.server.rpc.sleep.time = 25ms (default)
2019-10-15 11:07:00,868 [172a2998-bf86-4637-a4be-957637693d81@group-571077ABE93B-LeaderElection73] INFO  server.RaftServerConfigKeys (ConfUtils.java:logGet(43)) - raft.server.write.element-limit = 4096 (default)
2019-10-15 11:07:00,868 [172a2998-bf86-4637-a4be-957637693d81@group-571077ABE93B-LeaderElection73] INFO  server.RaftServerConfigKeys (ConfUtils.java:logGet(43)) - raft.server.watch.timeout = 10s (default)
2019-10-15 11:07:00,869 [172a2998-bf86-4637-a4be-957637693d81@group-571077ABE93B-LeaderElection73] INFO  server.RaftServerConfigKeys (ConfUtils.java:logGet(43)) - raft.server.watch.timeout.denomination = 1s (default)
2019-10-15 11:07:00,869 [172a2998-bf86-4637-a4be-957637693d81@group-571077ABE93B-LeaderElection73] INFO  server.RaftServerConfigKeys (ConfUtils.java:logGet(43)) - raft.server.watch.element-limit = 65536 (default)
2019-10-15 11:07:00,871 [172a2998-bf86-4637-a4be-957637693d81@group-571077ABE93B-LeaderElection73] INFO  server.RaftServerConfigKeys (ConfUtils.java:logGet(43)) - raft.server.log.appender.snapshot.chunk.size.max = 16MB (=16777216) (default)
2019-10-15 11:07:00,871 [172a2998-bf86-4637-a4be-957637693d81@group-571077ABE93B-LeaderElection73] INFO  server.RaftServerConfigKeys (ConfUtils.java:logGet(43)) - raft.server.log.appender.buffer.byte-limit = 33554432 (custom)
2019-10-15 11:07:00,871 [172a2998-bf86-4637-a4be-957637693d81@group-571077ABE93B-LeaderElection73] INFO  server.RaftServerConfigKeys (ConfUtils.java:logGet(43)) - raft.server.log.appender.buffer.element-limit = 1 (custom)
2019-10-15 11:07:00,871 [172a2998-bf86-4637-a4be-957637693d81@group-571077ABE93B-LeaderElection73] INFO  grpc.GrpcConfigKeys$Server (ConfUtils.java:logGet(43)) - raft.grpc.server.leader.outstanding.appends.max = 128 (default)
2019-10-15 11:07:00,871 [172a2998-bf86-4637-a4be-957637693d81@group-571077ABE93B-LeaderElection73] INFO  server.RaftServerConfigKeys (ConfUtils.java:logGet(43)) - raft.server.rpc.request.timeout = 3000ms (default)
2019-10-15 11:07:00,872 [172a2998-bf86-4637-a4be-957637693d81@group-571077ABE93B-LeaderElection73] INFO  server.RaftServerConfigKeys (ConfUtils.java:logGet(43)) - raft.server.log.appender.install.snapshot.enabled = false (custom)
2019-10-15 11:07:00,872 [172a2998-bf86-4637-a4be-957637693d81@group-571077ABE93B-LeaderElection73] INFO  server.RaftServerConfigKeys (ConfUtils.java:logGet(43)) - raft.server.log.appender.snapshot.chunk.size.max = 16MB (=16777216) (default)
2019-10-15 11:07:00,872 [172a2998-bf86-4637-a4be-957637693d81@group-571077ABE93B-LeaderElection73] INFO  server.RaftServerConfigKeys (ConfUtils.java:logGet(43)) - raft.server.log.appender.buffer.byte-limit = 33554432 (custom)
2019-10-15 11:07:00,872 [172a2998-bf86-4637-a4be-957637693d81@group-571077ABE93B-LeaderElection73] INFO  server.RaftServerConfigKeys (ConfUtils.java:logGet(43)) - raft.server.log.appender.buffer.element-limit = 1 (custom)
2019-10-15 11:07:00,872 [172a2998-bf86-4637-a4be-957637693d81@group-571077ABE93B-LeaderElection73] INFO  grpc.GrpcConfigKeys$Server (ConfUtils.java:logGet(43)) - raft.grpc.server.leader.outstanding.appends.max = 128 (default)
2019-10-15 11:07:00,872 [172a2998-bf86-4637-a4be-957637693d81@group-571077ABE93B-LeaderElection73] INFO  server.RaftServerConfigKeys (ConfUtils.java:logGet(43)) - raft.server.rpc.request.timeout = 3000ms (default)
2019-10-15 11:07:00,873 [172a2998-bf86-4637-a4be-957637693d81@group-571077ABE93B-LeaderElection73] INFO  server.RaftServerConfigKeys (ConfUtils.java:logGet(43)) - raft.server.log.appender.install.snapshot.enabled = false (custom)
2019-10-15 11:07:00,873 [172a2998-bf86-4637-a4be-957637693d81@group-571077ABE93B-LeaderElection73] INFO  impl.RoleInfo (RoleInfo.java:updateAndGet(143)) - 172a2998-bf86-4637-a4be-957637693d81: start LeaderState
2019-10-15 11:07:00,873 [172a2998-bf86-4637-a4be-957637693d81@group-571077ABE93B-LeaderElection73] INFO  segmented.SegmentedRaftLogWorker (SegmentedRaftLogWorker.java:startLogSegment(385)) - 172a2998-bf86-4637-a4be-957637693d81@group-571077ABE93B-SegmentedRaftLogWorker: Starting segment from index:0
2019-10-15 11:07:00,874 [172a2998-bf86-4637-a4be-957637693d81@group-571077ABE93B-LeaderElection73] INFO  impl.RaftServerImpl (ServerState.java:setRaftConf(356)) - 172a2998-bf86-4637-a4be-957637693d81@group-571077ABE93B: set configuration 0: [d6d9a674-7f3a-482e-be06-219964726ba5:192.168.164.236:40950, 144b8dad-4f9f-4727-95df-54da78a09e68:192.168.164.236:43161, 172a2998-bf86-4637-a4be-957637693d81:192.168.164.236:39655], old=null at 0
2019-10-15 11:07:00,908 [71ebee1b-c852-47fb-b7e8-4041ab86c240@group-72DA9A7D65E2-LeaderElection75] INFO  impl.LeaderElection (LeaderElection.java:askForVotes(178)) - 71ebee1b-c852-47fb-b7e8-4041ab86c240@group-72DA9A7D65E2-LeaderElection75: begin an election at term 1 for -1: [be9597ef-b570-48ad-aabf-704ceba5f827:192.168.164.236:34704, 30423d70-6000-4cba-8127-04288b0f86e4:192.168.164.236:45472, 71ebee1b-c852-47fb-b7e8-4041ab86c240:192.168.164.236:34729], old=null
2019-10-15 11:07:00,908 [30423d70-6000-4cba-8127-04288b0f86e4@group-72DA9A7D65E2-LeaderElection74] INFO  impl.LeaderElection (LeaderElection.java:askForVotes(178)) - 30423d70-6000-4cba-8127-04288b0f86e4@group-72DA9A7D65E2-LeaderElection74: begin an election at term 1 for -1: [be9597ef-b570-48ad-aabf-704ceba5f827:192.168.164.236:34704, 30423d70-6000-4cba-8127-04288b0f86e4:192.168.164.236:45472, 71ebee1b-c852-47fb-b7e8-4041ab86c240:192.168.164.236:34729], old=null
2019-10-15 11:07:00,912 [grpc-default-executor-4] INFO  impl.RaftServerImpl (ServerState.java:setLeader(255)) - d6d9a674-7f3a-482e-be06-219964726ba5@group-571077ABE93B: change Leader from null to 172a2998-bf86-4637-a4be-957637693d81 at term 1 for appendEntries, leader elected after 5236ms
2019-10-15 11:07:00,916 [grpc-default-executor-4] INFO  impl.RaftServerImpl (ServerState.java:setLeader(255)) - 144b8dad-4f9f-4727-95df-54da78a09e68@group-571077ABE93B: change Leader from null to 172a2998-bf86-4637-a4be-957637693d81 at term 1 for appendEntries, leader elected after 5240ms
2019-10-15 11:07:00,920 [grpc-default-executor-4] INFO  impl.RaftServerImpl (ServerState.java:setRaftConf(356)) - d6d9a674-7f3a-482e-be06-219964726ba5@group-571077ABE93B: set configuration 0: [d6d9a674-7f3a-482e-be06-219964726ba5:192.168.164.236:40950, 144b8dad-4f9f-4727-95df-54da78a09e68:192.168.164.236:43161, 172a2998-bf86-4637-a4be-957637693d81:192.168.164.236:39655], old=null at 0
2019-10-15 11:07:00,922 [grpc-default-executor-1] INFO  impl.RaftServerImpl (RaftServerImpl.java:setRole(170)) - be9597ef-b570-48ad-aabf-704ceba5f827@group-72DA9A7D65E2: changes role from  FOLLOWER to FOLLOWER at term 1 for recognizeCandidate:71ebee1b-c852-47fb-b7e8-4041ab86c240
2019-10-15 11:07:00,925 [grpc-default-executor-4] INFO  segmented.SegmentedRaftLogWorker (SegmentedRaftLogWorker.java:startLogSegment(385)) - d6d9a674-7f3a-482e-be06-219964726ba5@group-571077ABE93B-SegmentedRaftLogWorker: Starting segment from index:0
2019-10-15 11:07:00,925 [grpc-default-executor-1] INFO  impl.RoleInfo (RoleInfo.java:shutdownFollowerState(121)) - be9597ef-b570-48ad-aabf-704ceba5f827: shutdown FollowerState
2019-10-15 11:07:00,926 [grpc-default-executor-1] INFO  impl.RoleInfo (RoleInfo.java:updateAndGet(143)) - be9597ef-b570-48ad-aabf-704ceba5f827: start FollowerState
2019-10-15 11:07:00,926 [Thread-1564] INFO  impl.FollowerState (FollowerState.java:run(117)) - be9597ef-b570-48ad-aabf-704ceba5f827@group-72DA9A7D65E2-FollowerState was interrupted: java.lang.InterruptedException: sleep interrupted
2019-10-15 11:07:00,974 [172a2998-bf86-4637-a4be-957637693d81@group-571077ABE93B-SegmentedRaftLogWorker] INFO  segmented.SegmentedRaftLogWorker (SegmentedRaftLogWorker.java:execute(574)) - 172a2998-bf86-4637-a4be-957637693d81@group-571077ABE93B-SegmentedRaftLogWorker: created new log segment /workdir/hadoop-ozone/integration-test/target/test-dir/MiniOzoneClusterImpl-9edea9b3-9569-4a41-9435-4a26f33ebb8c/datanode-4/data/ratis/b483a8d9-8da6-457e-a423-571077abe93b/current/log_inprogress_0
2019-10-15 11:07:00,975 [grpc-default-executor-4] INFO  impl.RaftServerImpl (ServerState.java:setRaftConf(356)) - 144b8dad-4f9f-4727-95df-54da78a09e68@group-571077ABE93B: set configuration 0: [d6d9a674-7f3a-482e-be06-219964726ba5:192.168.164.236:40950, 144b8dad-4f9f-4727-95df-54da78a09e68:192.168.164.236:43161, 172a2998-bf86-4637-a4be-957637693d81:192.168.164.236:39655], old=null at 0
2019-10-15 11:07:00,975 [grpc-default-executor-4] INFO  segmented.SegmentedRaftLogWorker (SegmentedRaftLogWorker.java:startLogSegment(385)) - 144b8dad-4f9f-4727-95df-54da78a09e68@group-571077ABE93B-SegmentedRaftLogWorker: Starting segment from index:0
2019-10-15 11:07:01,006 [d6d9a674-7f3a-482e-be06-219964726ba5@group-571077ABE93B-SegmentedRaftLogWorker] INFO  segmented.SegmentedRaftLogWorker (SegmentedRaftLogWorker.java:execute(574)) - d6d9a674-7f3a-482e-be06-219964726ba5@group-571077ABE93B-SegmentedRaftLogWorker: created new log segment /workdir/hadoop-ozone/integration-test/target/test-dir/MiniOzoneClusterImpl-9edea9b3-9569-4a41-9435-4a26f33ebb8c/datanode-2/data/ratis/b483a8d9-8da6-457e-a423-571077abe93b/current/log_inprogress_0
2019-10-15 11:07:01,007 [71ebee1b-c852-47fb-b7e8-4041ab86c240@group-72DA9A7D65E2-LeaderElection75] INFO  impl.LeaderElection (LeaderElection.java:logAndReturn(56)) - 71ebee1b-c852-47fb-b7e8-4041ab86c240@group-72DA9A7D65E2-LeaderElection75: Election PASSED; received 2 response(s) [71ebee1b-c852-47fb-b7e8-4041ab86c240<-be9597ef-b570-48ad-aabf-704ceba5f827#0:OK-t1, 71ebee1b-c852-47fb-b7e8-4041ab86c240<-30423d70-6000-4cba-8127-04288b0f86e4#0:FAIL-t1] and 0 exception(s); 71ebee1b-c852-47fb-b7e8-4041ab86c240@group-72DA9A7D65E2:t1, leader=null, voted=71ebee1b-c852-47fb-b7e8-4041ab86c240, raftlog=71ebee1b-c852-47fb-b7e8-4041ab86c240@group-72DA9A7D65E2-SegmentedRaftLog:OPENED:c-1,f-1,i0, conf=-1: [be9597ef-b570-48ad-aabf-704ceba5f827:192.168.164.236:34704, 30423d70-6000-4cba-8127-04288b0f86e4:192.168.164.236:45472, 71ebee1b-c852-47fb-b7e8-4041ab86c240:192.168.164.236:34729], old=null
2019-10-15 11:07:01,007 [30423d70-6000-4cba-8127-04288b0f86e4@group-72DA9A7D65E2-LeaderElection74] INFO  impl.LeaderElection (LeaderElection.java:logAndReturn(56)) - 30423d70-6000-4cba-8127-04288b0f86e4@group-72DA9A7D65E2-LeaderElection74: Election REJECTED; received 2 response(s) [30423d70-6000-4cba-8127-04288b0f86e4<-be9597ef-b570-48ad-aabf-704ceba5f827#0:FAIL-t1, 30423d70-6000-4cba-8127-04288b0f86e4<-71ebee1b-c852-47fb-b7e8-4041ab86c240#0:FAIL-t1] and 0 exception(s); 30423d70-6000-4cba-8127-04288b0f86e4@group-72DA9A7D65E2:t1, leader=null, voted=30423d70-6000-4cba-8127-04288b0f86e4, raftlog=30423d70-6000-4cba-8127-04288b0f86e4@group-72DA9A7D65E2-SegmentedRaftLog:OPENED:c-1,f-1,i0, conf=-1: [be9597ef-b570-48ad-aabf-704ceba5f827:192.168.164.236:34704, 30423d70-6000-4cba-8127-04288b0f86e4:192.168.164.236:45472, 71ebee1b-c852-47fb-b7e8-4041ab86c240:192.168.164.236:34729], old=null
2019-10-15 11:07:01,007 [71ebee1b-c852-47fb-b7e8-4041ab86c240@group-72DA9A7D65E2-LeaderElection75] INFO  impl.RoleInfo (RoleInfo.java:shutdownLeaderElection(134)) - 71ebee1b-c852-47fb-b7e8-4041ab86c240: shutdown LeaderElection
2019-10-15 11:07:01,007 [30423d70-6000-4cba-8127-04288b0f86e4@group-72DA9A7D65E2-LeaderElection74] INFO  impl.RaftServerImpl (RaftServerImpl.java:setRole(170)) - 30423d70-6000-4cba-8127-04288b0f86e4@group-72DA9A7D65E2: changes role from CANDIDATE to FOLLOWER at term 1 for DISCOVERED_A_NEW_TERM
2019-10-15 11:07:01,008 [71ebee1b-c852-47fb-b7e8-4041ab86c240@group-72DA9A7D65E2-LeaderElection75] INFO  impl.RaftServerImpl (RaftServerImpl.java:setRole(170)) - 71ebee1b-c852-47fb-b7e8-4041ab86c240@group-72DA9A7D65E2: changes role from CANDIDATE to LEADER at term 1 for changeToLeader
2019-10-15 11:07:01,008 [30423d70-6000-4cba-8127-04288b0f86e4@group-72DA9A7D65E2-LeaderElection74] INFO  impl.RoleInfo (RoleInfo.java:shutdownLeaderElection(134)) - 30423d70-6000-4cba-8127-04288b0f86e4: shutdown LeaderElection
2019-10-15 11:07:01,008 [71ebee1b-c852-47fb-b7e8-4041ab86c240@group-72DA9A7D65E2-LeaderElection75] INFO  impl.RaftServerImpl (ServerState.java:setLeader(255)) - 71ebee1b-c852-47fb-b7e8-4041ab86c240@group-72DA9A7D65E2: change Leader from null to 71ebee1b-c852-47fb-b7e8-4041ab86c240 at term 1 for becomeLeader, leader elected after 5239ms
2019-10-15 11:07:01,008 [30423d70-6000-4cba-8127-04288b0f86e4@group-72DA9A7D65E2-LeaderElection74] INFO  impl.RoleInfo (RoleInfo.java:updateAndGet(143)) - 30423d70-6000-4cba-8127-04288b0f86e4: start FollowerState
2019-10-15 11:07:01,008 [71ebee1b-c852-47fb-b7e8-4041ab86c240@group-72DA9A7D65E2-LeaderElection75] INFO  server.RaftServerConfigKeys (ConfUtils.java:logGet(43)) - raft.server.staging.catchup.gap = 1000 (default)
2019-10-15 11:07:01,008 [71ebee1b-c852-47fb-b7e8-4041ab86c240@group-72DA9A7D65E2-LeaderElection75] INFO  server.RaftServerConfigKeys (ConfUtils.java:logGet(43)) - raft.server.rpc.sleep.time = 25ms (default)
2019-10-15 11:07:01,009 [71ebee1b-c852-47fb-b7e8-4041ab86c240@group-72DA9A7D65E2-LeaderElection75] INFO  server.RaftServerConfigKeys (ConfUtils.java:logGet(43)) - raft.server.write.element-limit = 4096 (default)
2019-10-15 11:07:01,009 [71ebee1b-c852-47fb-b7e8-4041ab86c240@group-72DA9A7D65E2-LeaderElection75] INFO  server.RaftServerConfigKeys (ConfUtils.java:logGet(43)) - raft.server.watch.timeout = 10s (default)
2019-10-15 11:07:01,009 [71ebee1b-c852-47fb-b7e8-4041ab86c240@group-72DA9A7D65E2-LeaderElection75] INFO  server.RaftServerConfigKeys (ConfUtils.java:logGet(43)) - raft.server.watch.timeout.denomination = 1s (default)
2019-10-15 11:07:01,009 [71ebee1b-c852-47fb-b7e8-4041ab86c240@group-72DA9A7D65E2-LeaderElection75] INFO  server.RaftServerConfigKeys (ConfUtils.java:logGet(43)) - raft.server.watch.element-limit = 65536 (default)
2019-10-15 11:07:01,012 [71ebee1b-c852-47fb-b7e8-4041ab86c240@group-72DA9A7D65E2-LeaderElection75] INFO  server.RaftServerConfigKeys (ConfUtils.java:logGet(43)) - raft.server.log.appender.snapshot.chunk.size.max = 16MB (=16777216) (default)
2019-10-15 11:07:01,012 [71ebee1b-c852-47fb-b7e8-4041ab86c240@group-72DA9A7D65E2-LeaderElection75] INFO  server.RaftServerConfigKeys (ConfUtils.java:logGet(43)) - raft.server.log.appender.buffer.byte-limit = 33554432 (custom)
2019-10-15 11:07:01,012 [71ebee1b-c852-47fb-b7e8-4041ab86c240@group-72DA9A7D65E2-LeaderElection75] INFO  server.RaftServerConfigKeys (ConfUtils.java:logGet(43)) - raft.server.log.appender.buffer.element-limit = 1 (custom)
2019-10-15 11:07:01,013 [71ebee1b-c852-47fb-b7e8-4041ab86c240@group-72DA9A7D65E2-LeaderElection75] INFO  grpc.GrpcConfigKeys$Server (ConfUtils.java:logGet(43)) - raft.grpc.server.leader.outstanding.appends.max = 128 (default)
2019-10-15 11:07:01,013 [71ebee1b-c852-47fb-b7e8-4041ab86c240@group-72DA9A7D65E2-LeaderElection75] INFO  server.RaftServerConfigKeys (ConfUtils.java:logGet(43)) - raft.server.rpc.request.timeout = 3000ms (default)
2019-10-15 11:07:01,013 [71ebee1b-c852-47fb-b7e8-4041ab86c240@group-72DA9A7D65E2-LeaderElection75] INFO  server.RaftServerConfigKeys (ConfUtils.java:logGet(43)) - raft.server.log.appender.install.snapshot.enabled = false (custom)
2019-10-15 11:07:01,014 [71ebee1b-c852-47fb-b7e8-4041ab86c240@group-72DA9A7D65E2-LeaderElection75] INFO  server.RaftServerConfigKeys (ConfUtils.java:logGet(43)) - raft.server.log.appender.snapshot.chunk.size.max = 16MB (=16777216) (default)
2019-10-15 11:07:01,014 [71ebee1b-c852-47fb-b7e8-4041ab86c240@group-72DA9A7D65E2-LeaderElection75] INFO  server.RaftServerConfigKeys (ConfUtils.java:logGet(43)) - raft.server.log.appender.buffer.byte-limit = 33554432 (custom)
2019-10-15 11:07:01,014 [71ebee1b-c852-47fb-b7e8-4041ab86c240@group-72DA9A7D65E2-LeaderElection75] INFO  server.RaftServerConfigKeys (ConfUtils.java:logGet(43)) - raft.server.log.appender.buffer.element-limit = 1 (custom)
2019-10-15 11:07:01,015 [71ebee1b-c852-47fb-b7e8-4041ab86c240@group-72DA9A7D65E2-LeaderElection75] INFO  grpc.GrpcConfigKeys$Server (ConfUtils.java:logGet(43)) - raft.grpc.server.leader.outstanding.appends.max = 128 (default)
2019-10-15 11:07:01,015 [71ebee1b-c852-47fb-b7e8-4041ab86c240@group-72DA9A7D65E2-LeaderElection75] INFO  server.RaftServerConfigKeys (ConfUtils.java:logGet(43)) - raft.server.rpc.request.timeout = 3000ms (default)
2019-10-15 11:07:01,015 [71ebee1b-c852-47fb-b7e8-4041ab86c240@group-72DA9A7D65E2-LeaderElection75] INFO  server.RaftServerConfigKeys (ConfUtils.java:logGet(43)) - raft.server.log.appender.install.snapshot.enabled = false (custom)
2019-10-15 11:07:01,016 [71ebee1b-c852-47fb-b7e8-4041ab86c240@group-72DA9A7D65E2-LeaderElection75] INFO  impl.RoleInfo (RoleInfo.java:updateAndGet(143)) - 71ebee1b-c852-47fb-b7e8-4041ab86c240: start LeaderState
2019-10-15 11:07:01,016 [71ebee1b-c852-47fb-b7e8-4041ab86c240@group-72DA9A7D65E2-LeaderElection75] INFO  segmented.SegmentedRaftLogWorker (SegmentedRaftLogWorker.java:startLogSegment(385)) - 71ebee1b-c852-47fb-b7e8-4041ab86c240@group-72DA9A7D65E2-SegmentedRaftLogWorker: Starting segment from index:0
2019-10-15 11:07:01,017 [71ebee1b-c852-47fb-b7e8-4041ab86c240@group-72DA9A7D65E2-LeaderElection75] INFO  impl.RaftServerImpl (ServerState.java:setRaftConf(356)) - 71ebee1b-c852-47fb-b7e8-4041ab86c240@group-72DA9A7D65E2: set configuration 0: [be9597ef-b570-48ad-aabf-704ceba5f827:192.168.164.236:34704, 30423d70-6000-4cba-8127-04288b0f86e4:192.168.164.236:45472, 71ebee1b-c852-47fb-b7e8-4041ab86c240:192.168.164.236:34729], old=null at 0
2019-10-15 11:07:01,019 [grpc-default-executor-3] INFO  impl.RaftServerImpl (ServerState.java:setLeader(255)) - be9597ef-b570-48ad-aabf-704ceba5f827@group-72DA9A7D65E2: change Leader from null to 71ebee1b-c852-47fb-b7e8-4041ab86c240 at term 1 for appendEntries, leader elected after 5250ms
2019-10-15 11:07:01,019 [grpc-default-executor-1] INFO  impl.RaftServerImpl (ServerState.java:setLeader(255)) - 30423d70-6000-4cba-8127-04288b0f86e4@group-72DA9A7D65E2: change Leader from null to 71ebee1b-c852-47fb-b7e8-4041ab86c240 at term 1 for appendEntries, leader elected after 5249ms
2019-10-15 11:07:01,021 [grpc-default-executor-1] INFO  impl.RaftServerImpl (ServerState.java:setRaftConf(356)) - be9597ef-b570-48ad-aabf-704ceba5f827@group-72DA9A7D65E2: set configuration 0: [be9597ef-b570-48ad-aabf-704ceba5f827:192.168.164.236:34704, 30423d70-6000-4cba-8127-04288b0f86e4:192.168.164.236:45472, 71ebee1b-c852-47fb-b7e8-4041ab86c240:192.168.164.236:34729], old=null at 0
2019-10-15 11:07:01,021 [grpc-default-executor-3] INFO  impl.RaftServerImpl (ServerState.java:setRaftConf(356)) - 30423d70-6000-4cba-8127-04288b0f86e4@group-72DA9A7D65E2: set configuration 0: [be9597ef-b570-48ad-aabf-704ceba5f827:192.168.164.236:34704, 30423d70-6000-4cba-8127-04288b0f86e4:192.168.164.236:45472, 71ebee1b-c852-47fb-b7e8-4041ab86c240:192.168.164.236:34729], old=null at 0
2019-10-15 11:07:01,021 [grpc-default-executor-1] INFO  segmented.SegmentedRaftLogWorker (SegmentedRaftLogWorker.java:startLogSegment(385)) - be9597ef-b570-48ad-aabf-704ceba5f827@group-72DA9A7D65E2-SegmentedRaftLogWorker: Starting segment from index:0
2019-10-15 11:07:01,021 [grpc-default-executor-3] INFO  segmented.SegmentedRaftLogWorker (SegmentedRaftLogWorker.java:startLogSegment(385)) - 30423d70-6000-4cba-8127-04288b0f86e4@group-72DA9A7D65E2-SegmentedRaftLogWorker: Starting segment from index:0
2019-10-15 11:07:01,034 [144b8dad-4f9f-4727-95df-54da78a09e68@group-571077ABE93B-SegmentedRaftLogWorker] INFO  segmented.SegmentedRaftLogWorker (SegmentedRaftLogWorker.java:execute(574)) - 144b8dad-4f9f-4727-95df-54da78a09e68@group-571077ABE93B-SegmentedRaftLogWorker: created new log segment /workdir/hadoop-ozone/integration-test/target/test-dir/MiniOzoneClusterImpl-9edea9b3-9569-4a41-9435-4a26f33ebb8c/datanode-3/data/ratis/b483a8d9-8da6-457e-a423-571077abe93b/current/log_inprogress_0
2019-10-15 11:07:01,076 [30423d70-6000-4cba-8127-04288b0f86e4@group-72DA9A7D65E2-SegmentedRaftLogWorker] INFO  segmented.SegmentedRaftLogWorker (SegmentedRaftLogWorker.java:execute(574)) - 30423d70-6000-4cba-8127-04288b0f86e4@group-72DA9A7D65E2-SegmentedRaftLogWorker: created new log segment /workdir/hadoop-ozone/integration-test/target/test-dir/MiniOzoneClusterImpl-9edea9b3-9569-4a41-9435-4a26f33ebb8c/datanode-5/data/ratis/68bf2c88-1f05-4c96-9cae-72da9a7d65e2/current/log_inprogress_0
2019-10-15 11:07:01,076 [be9597ef-b570-48ad-aabf-704ceba5f827@group-72DA9A7D65E2-SegmentedRaftLogWorker] INFO  segmented.SegmentedRaftLogWorker (SegmentedRaftLogWorker.java:execute(574)) - be9597ef-b570-48ad-aabf-704ceba5f827@group-72DA9A7D65E2-SegmentedRaftLogWorker: created new log segment /workdir/hadoop-ozone/integration-test/target/test-dir/MiniOzoneClusterImpl-9edea9b3-9569-4a41-9435-4a26f33ebb8c/datanode-0/data/ratis/68bf2c88-1f05-4c96-9cae-72da9a7d65e2/current/log_inprogress_0
2019-10-15 11:07:01,076 [71ebee1b-c852-47fb-b7e8-4041ab86c240@group-72DA9A7D65E2-SegmentedRaftLogWorker] INFO  segmented.SegmentedRaftLogWorker (SegmentedRaftLogWorker.java:execute(574)) - 71ebee1b-c852-47fb-b7e8-4041ab86c240@group-72DA9A7D65E2-SegmentedRaftLogWorker: created new log segment /workdir/hadoop-ozone/integration-test/target/test-dir/MiniOzoneClusterImpl-9edea9b3-9569-4a41-9435-4a26f33ebb8c/datanode-1/data/ratis/68bf2c88-1f05-4c96-9cae-72da9a7d65e2/current/log_inprogress_0
2019-10-15 11:07:03,276 [Datanode State Machine Thread - 0] INFO  statemachine.DatanodeStateMachine (DatanodeStateMachine.java:lambda$startDaemon$0(350)) - Ozone container server started.
2019-10-15 11:07:08,241 [main] INFO  ozoneimpl.OzoneContainer (OzoneContainer.java:stop(227)) - Attempting to stop container services.
2019-10-15 11:07:08,241 [main] INFO  impl.RaftServerProxy (RaftServerProxy.java:lambda$close$4(314)) - d6d9a674-7f3a-482e-be06-219964726ba5: close
2019-10-15 11:07:08,242 [main] INFO  impl.RaftServerImpl (RaftServerImpl.java:lambda$shutdown$3(247)) - d6d9a674-7f3a-482e-be06-219964726ba5@group-571077ABE93B: shutdown
2019-10-15 11:07:08,242 [ForkJoinPool.commonPool-worker-1] INFO  impl.RaftServerImpl (RaftServerImpl.java:lambda$shutdown$3(247)) - d6d9a674-7f3a-482e-be06-219964726ba5@group-E7463CDFD855: shutdown
2019-10-15 11:07:08,242 [main] INFO  util.JmxRegister (JmxRegister.java:unregister(73)) - Successfully un-registered JMX Bean with object name Ratis:service=RaftServer,group=group-571077ABE93B,id=d6d9a674-7f3a-482e-be06-219964726ba5
2019-10-15 11:07:08,242 [ForkJoinPool.commonPool-worker-1] INFO  util.JmxRegister (JmxRegister.java:unregister(73)) - Successfully un-registered JMX Bean with object name Ratis:service=RaftServer,group=group-E7463CDFD855,id=d6d9a674-7f3a-482e-be06-219964726ba5
2019-10-15 11:07:08,242 [main] INFO  impl.RoleInfo (RoleInfo.java:shutdownFollowerState(121)) - d6d9a674-7f3a-482e-be06-219964726ba5: shutdown FollowerState
2019-10-15 11:07:08,242 [ForkJoinPool.commonPool-worker-1] INFO  impl.RoleInfo (RoleInfo.java:shutdownLeaderState(104)) - d6d9a674-7f3a-482e-be06-219964726ba5: shutdown LeaderState
2019-10-15 11:07:08,243 [main] INFO  impl.StateMachineUpdater (StateMachineUpdater.java:stopAndJoin(136)) - d6d9a674-7f3a-482e-be06-219964726ba5@group-571077ABE93B-StateMachineUpdater: set stopIndex = 2
2019-10-15 11:07:08,243 [d6d9a674-7f3a-482e-be06-219964726ba5@group-571077ABE93B-StateMachineUpdater] INFO  ratis.ContainerStateMachine (ContainerStateMachine.java:takeSnapshot(294)) - group-571077ABE93B: Taking a snapshot at:(t:1, i:1) file /workdir/hadoop-ozone/integration-test/target/test-dir/MiniOzoneClusterImpl-9edea9b3-9569-4a41-9435-4a26f33ebb8c/datanode-2/data/ratis/b483a8d9-8da6-457e-a423-571077abe93b/sm/snapshot.1_1
2019-10-15 11:07:08,243 [ForkJoinPool.commonPool-worker-1] INFO  impl.PendingRequests (PendingRequests.java:sendNotLeaderResponses(202)) - d6d9a674-7f3a-482e-be06-219964726ba5@group-E7463CDFD855-PendingRequests: sendNotLeaderResponses
2019-10-15 11:07:08,243 [Thread-1600] INFO  impl.FollowerState (FollowerState.java:run(117)) - d6d9a674-7f3a-482e-be06-219964726ba5@group-571077ABE93B-FollowerState was interrupted: java.lang.InterruptedException: sleep interrupted
2019-10-15 11:07:08,243 [ForkJoinPool.commonPool-worker-1] INFO  impl.StateMachineUpdater (StateMachineUpdater.java:stopAndJoin(136)) - d6d9a674-7f3a-482e-be06-219964726ba5@group-E7463CDFD855-StateMachineUpdater: set stopIndex = 0
2019-10-15 11:07:08,244 [ForkJoinPool.commonPool-worker-1] INFO  impl.RaftServerImpl (ServerState.java:close(387)) - d6d9a674-7f3a-482e-be06-219964726ba5@group-E7463CDFD855: closes. applyIndex: 0
2019-10-15 11:07:08,244 [d6d9a674-7f3a-482e-be06-219964726ba5@group-E7463CDFD855-SegmentedRaftLogWorker] INFO  segmented.SegmentedRaftLogWorker (SegmentedRaftLogWorker.java:run(316)) - d6d9a674-7f3a-482e-be06-219964726ba5@group-E7463CDFD855-SegmentedRaftLogWorker was interrupted, exiting. There are 0 tasks remaining in the queue.
2019-10-15 11:07:08,248 [ForkJoinPool.commonPool-worker-1] INFO  segmented.SegmentedRaftLogWorker (SegmentedRaftLogWorker.java:close(224)) - d6d9a674-7f3a-482e-be06-219964726ba5@group-E7463CDFD855-SegmentedRaftLogWorker close()
2019-10-15 11:07:08,266 [d6d9a674-7f3a-482e-be06-219964726ba5@group-571077ABE93B-StateMachineUpdater] INFO  ratis.ContainerStateMachine (ContainerStateMachine.java:takeSnapshot(305)) - group-571077ABE93B: Finished taking a snapshot at:(t:1, i:1) file:/workdir/hadoop-ozone/integration-test/target/test-dir/MiniOzoneClusterImpl-9edea9b3-9569-4a41-9435-4a26f33ebb8c/datanode-2/data/ratis/b483a8d9-8da6-457e-a423-571077abe93b/sm/snapshot.1_1 time:23
2019-10-15 11:07:08,266 [d6d9a674-7f3a-482e-be06-219964726ba5@group-571077ABE93B-StateMachineUpdater] INFO  impl.StateMachineUpdater (StateMachineUpdater.java:takeSnapshot(269)) - d6d9a674-7f3a-482e-be06-219964726ba5@group-571077ABE93B-StateMachineUpdater: Took a snapshot at index 1
2019-10-15 11:07:08,266 [d6d9a674-7f3a-482e-be06-219964726ba5@group-571077ABE93B-StateMachineUpdater] INFO  impl.StateMachineUpdater (StateMachineUpdater.java:lambda$new$0(84)) - d6d9a674-7f3a-482e-be06-219964726ba5@group-571077ABE93B-StateMachineUpdater: snapshotIndex: updateIncreasingly -1 -> 1
2019-10-15 11:07:08,267 [d6d9a674-7f3a-482e-be06-219964726ba5@group-571077ABE93B-StateMachineUpdater] INFO  ratis.ContainerStateMachine (ContainerStateMachine.java:takeSnapshot(294)) - group-571077ABE93B: Taking a snapshot at:(t:1, i:1) file /workdir/hadoop-ozone/integration-test/target/test-dir/MiniOzoneClusterImpl-9edea9b3-9569-4a41-9435-4a26f33ebb8c/datanode-2/data/ratis/b483a8d9-8da6-457e-a423-571077abe93b/sm/snapshot.1_1
2019-10-15 11:07:08,289 [d6d9a674-7f3a-482e-be06-219964726ba5@group-571077ABE93B-StateMachineUpdater] INFO  ratis.ContainerStateMachine (ContainerStateMachine.java:takeSnapshot(305)) - group-571077ABE93B: Finished taking a snapshot at:(t:1, i:1) file:/workdir/hadoop-ozone/integration-test/target/test-dir/MiniOzoneClusterImpl-9edea9b3-9569-4a41-9435-4a26f33ebb8c/datanode-2/data/ratis/b483a8d9-8da6-457e-a423-571077abe93b/sm/snapshot.1_1 time:23
2019-10-15 11:07:08,289 [d6d9a674-7f3a-482e-be06-219964726ba5@group-571077ABE93B-StateMachineUpdater] INFO  impl.StateMachineUpdater (StateMachineUpdater.java:takeSnapshot(269)) - d6d9a674-7f3a-482e-be06-219964726ba5@group-571077ABE93B-StateMachineUpdater: Took a snapshot at index 1
2019-10-15 11:07:08,290 [d6d9a674-7f3a-482e-be06-219964726ba5@group-571077ABE93B-StateMachineUpdater] INFO  impl.StateMachineUpdater (StateMachineUpdater.java:lambda$new$0(84)) - d6d9a674-7f3a-482e-be06-219964726ba5@group-571077ABE93B-StateMachineUpdater: snapshotIndex: updateIncreasingly 1 -> 1
2019-10-15 11:07:08,290 [main] INFO  impl.RaftServerImpl (ServerState.java:close(387)) - d6d9a674-7f3a-482e-be06-219964726ba5@group-571077ABE93B: closes. applyIndex: 2
2019-10-15 11:07:08,290 [d6d9a674-7f3a-482e-be06-219964726ba5@group-571077ABE93B-SegmentedRaftLogWorker] INFO  segmented.SegmentedRaftLogWorker (SegmentedRaftLogWorker.java:run(316)) - d6d9a674-7f3a-482e-be06-219964726ba5@group-571077ABE93B-SegmentedRaftLogWorker was interrupted, exiting. There are 0 tasks remaining in the queue.
2019-10-15 11:07:08,293 [main] INFO  segmented.SegmentedRaftLogWorker (SegmentedRaftLogWorker.java:close(224)) - d6d9a674-7f3a-482e-be06-219964726ba5@group-571077ABE93B-SegmentedRaftLogWorker close()
2019-10-15 11:07:08,296 [main] INFO  server.GrpcService (GrpcService.java:closeImpl(164)) - d6d9a674-7f3a-482e-be06-219964726ba5: shutdown server with port 40950 now
2019-10-15 11:07:08,297 [grpc-default-executor-1] WARN  server.GrpcServerProtocolService (LogUtils.java:warn(134)) - d6d9a674-7f3a-482e-be06-219964726ba5: installSnapshot onError, lastRequest: 172a2998-bf86-4637-a4be-957637693d81->d6d9a674-7f3a-482e-be06-219964726ba5#5-t1, previous=(t:1, i:2), leaderCommit=2, initializing? false, entries: <empty>: org.apache.ratis.thirdparty.io.grpc.StatusRuntimeException: CANCELLED: cancelled before receiving half close
2019-10-15 11:07:08,298 [main] INFO  server.GrpcService (GrpcService.java:closeImpl(172)) - d6d9a674-7f3a-482e-be06-219964726ba5: shutdown server with port 40950 successfully
2019-10-15 11:07:08,301 [grpc-default-executor-4] WARN  server.GrpcLogAppender (LogUtils.java:warn(134)) - 172a2998-bf86-4637-a4be-957637693d81@group-571077ABE93B->d6d9a674-7f3a-482e-be06-219964726ba5-AppendLogResponseHandler: Failed appendEntries: org.apache.ratis.thirdparty.io.grpc.StatusRuntimeException: CANCELLED: HTTP/2 error code: CANCEL
Received Rst Stream
2019-10-15 11:07:08,302 [grpc-default-executor-4] INFO  impl.FollowerInfo (FollowerInfo.java:lambda$new$0(51)) - 172a2998-bf86-4637-a4be-957637693d81@group-571077ABE93B->d6d9a674-7f3a-482e-be06-219964726ba5: nextIndex: updateUnconditionally 3 -> 2
2019-10-15 11:07:08,303 [refreshUsed-/workdir/hadoop-ozone/integration-test/target/test-dir/MiniOzoneClusterImpl-9edea9b3-9569-4a41-9435-4a26f33ebb8c/datanode-2/data/containers] WARN  fs.CachingGetSpaceUsed (CachingGetSpaceUsed.java:run(183)) - Thread Interrupted waiting to refresh disk information: sleep interrupted
2019-10-15 11:07:08,316 [main] INFO  utils.BackgroundService (BackgroundService.java:shutdown(151)) - Shutting down service BlockDeletingService
2019-10-15 11:07:08,321 [main] INFO  statemachine.DatanodeStateMachine (DatanodeStateMachine.java:stopDaemon(395)) - Ozone container server stopped.
2019-10-15 11:07:08,322 [main] INFO  handler.ContextHandler (ContextHandler.java:doStop(910)) - Stopped o.e.j.w.WebAppContext@72543547{/,null,UNAVAILABLE}{/hddsDatanode}
2019-10-15 11:07:08,323 [main] INFO  server.AbstractConnector (AbstractConnector.java:doStop(318)) - Stopped ServerConnector@3d88e6b9{HTTP/1.1,[http/1.1]}{0.0.0.0:0}
2019-10-15 11:07:08,323 [main] INFO  handler.ContextHandler (ContextHandler.java:doStop(910)) - Stopped o.e.j.s.ServletContextHandler@4ac8768e{/static,jar:file:/home/user/.m2/repository/org/apache/hadoop/hadoop-hdds-container-service/0.5.0-SNAPSHOT/hadoop-hdds-container-service-0.5.0-SNAPSHOT.jar!/webapps/static,UNAVAILABLE}
2019-10-15 11:07:08,324 [main] INFO  handler.ContextHandler (ContextHandler.java:doStop(910)) - Stopped o.e.j.s.ServletContextHandler@7ca16adc{/logs,file:///workdir/hadoop-ozone/integration-test/target/log,UNAVAILABLE}
2019-10-15 11:07:09,287 [Datanode State Machine Thread - 0] INFO  statemachine.DatanodeStateMachine (DatanodeStateMachine.java:lambda$startDaemon$0(350)) - Ozone container server started.
2019-10-15 11:07:10,569 [grpc-default-executor-3] WARN  server.GrpcLogAppender (LogUtils.java:warn(134)) - 172a2998-bf86-4637-a4be-957637693d81@group-571077ABE93B->d6d9a674-7f3a-482e-be06-219964726ba5-AppendLogResponseHandler: Failed appendEntries: org.apache.ratis.thirdparty.io.grpc.StatusRuntimeException: UNAVAILABLE: io exception
2019-10-15 11:07:10,570 [grpc-default-executor-3] INFO  impl.FollowerInfo (FollowerInfo.java:lambda$new$0(51)) - 172a2998-bf86-4637-a4be-957637693d81@group-571077ABE93B->d6d9a674-7f3a-482e-be06-219964726ba5: nextIndex: updateUnconditionally 2 -> 1
2019-10-15 11:07:13,073 [grpc-default-executor-3] WARN  server.GrpcLogAppender (LogUtils.java:warn(134)) - 172a2998-bf86-4637-a4be-957637693d81@group-571077ABE93B->d6d9a674-7f3a-482e-be06-219964726ba5-AppendLogResponseHandler: Failed appendEntries: org.apache.ratis.thirdparty.io.grpc.StatusRuntimeException: UNAVAILABLE: io exception
2019-10-15 11:07:13,074 [grpc-default-executor-3] INFO  impl.FollowerInfo (FollowerInfo.java:lambda$new$0(51)) - 172a2998-bf86-4637-a4be-957637693d81@group-571077ABE93B->d6d9a674-7f3a-482e-be06-219964726ba5: nextIndex: updateUnconditionally 1 -> 0
2019-10-15 11:07:13,326 [main] INFO  ozoneimpl.OzoneContainer (OzoneContainer.java:stop(227)) - Attempting to stop container services.
2019-10-15 11:07:13,327 [main] INFO  impl.RaftServerProxy (RaftServerProxy.java:lambda$close$4(314)) - 144b8dad-4f9f-4727-95df-54da78a09e68: close
2019-10-15 11:07:13,328 [main] INFO  impl.RaftServerImpl (RaftServerImpl.java:lambda$shutdown$3(247)) - 144b8dad-4f9f-4727-95df-54da78a09e68@group-571077ABE93B: shutdown
2019-10-15 11:07:13,328 [ForkJoinPool.commonPool-worker-0] INFO  impl.RaftServerImpl (RaftServerImpl.java:lambda$shutdown$3(247)) - 144b8dad-4f9f-4727-95df-54da78a09e68@group-11E95471F317: shutdown
2019-10-15 11:07:13,329 [main] INFO  util.JmxRegister (JmxRegister.java:unregister(73)) - Successfully un-registered JMX Bean with object name Ratis:service=RaftServer,group=group-571077ABE93B,id=144b8dad-4f9f-4727-95df-54da78a09e68
2019-10-15 11:07:13,329 [ForkJoinPool.commonPool-worker-0] INFO  util.JmxRegister (JmxRegister.java:unregister(73)) - Successfully un-registered JMX Bean with object name Ratis:service=RaftServer,group=group-11E95471F317,id=144b8dad-4f9f-4727-95df-54da78a09e68
2019-10-15 11:07:13,329 [main] INFO  impl.RoleInfo (RoleInfo.java:shutdownFollowerState(121)) - 144b8dad-4f9f-4727-95df-54da78a09e68: shutdown FollowerState
2019-10-15 11:07:13,329 [ForkJoinPool.commonPool-worker-0] INFO  impl.RoleInfo (RoleInfo.java:shutdownLeaderState(104)) - 144b8dad-4f9f-4727-95df-54da78a09e68: shutdown LeaderState
2019-10-15 11:07:13,330 [main] INFO  impl.StateMachineUpdater (StateMachineUpdater.java:stopAndJoin(136)) - 144b8dad-4f9f-4727-95df-54da78a09e68@group-571077ABE93B-StateMachineUpdater: set stopIndex = 2
2019-10-15 11:07:13,330 [Thread-1599] INFO  impl.FollowerState (FollowerState.java:run(117)) - 144b8dad-4f9f-4727-95df-54da78a09e68@group-571077ABE93B-FollowerState was interrupted: java.lang.InterruptedException: sleep interrupted
2019-10-15 11:07:13,330 [ForkJoinPool.commonPool-worker-0] INFO  impl.PendingRequests (PendingRequests.java:sendNotLeaderResponses(202)) - 144b8dad-4f9f-4727-95df-54da78a09e68@group-11E95471F317-PendingRequests: sendNotLeaderResponses
2019-10-15 11:07:13,330 [144b8dad-4f9f-4727-95df-54da78a09e68@group-571077ABE93B-StateMachineUpdater] INFO  ratis.ContainerStateMachine (ContainerStateMachine.java:takeSnapshot(294)) - group-571077ABE93B: Taking a snapshot at:(t:1, i:1) file /workdir/hadoop-ozone/integration-test/target/test-dir/MiniOzoneClusterImpl-9edea9b3-9569-4a41-9435-4a26f33ebb8c/datanode-3/data/ratis/b483a8d9-8da6-457e-a423-571077abe93b/sm/snapshot.1_1
2019-10-15 11:07:13,331 [ForkJoinPool.commonPool-worker-0] INFO  impl.StateMachineUpdater (StateMachineUpdater.java:stopAndJoin(136)) - 144b8dad-4f9f-4727-95df-54da78a09e68@group-11E95471F317-StateMachineUpdater: set stopIndex = 0
2019-10-15 11:07:13,332 [ForkJoinPool.commonPool-worker-0] INFO  impl.RaftServerImpl (ServerState.java:close(387)) - 144b8dad-4f9f-4727-95df-54da78a09e68@group-11E95471F317: closes. applyIndex: 0
2019-10-15 11:07:13,332 [144b8dad-4f9f-4727-95df-54da78a09e68@group-11E95471F317-SegmentedRaftLogWorker] INFO  segmented.SegmentedRaftLogWorker (SegmentedRaftLogWorker.java:run(316)) - 144b8dad-4f9f-4727-95df-54da78a09e68@group-11E95471F317-SegmentedRaftLogWorker was interrupted, exiting. There are 0 tasks remaining in the queue.
2019-10-15 11:07:13,341 [ForkJoinPool.commonPool-worker-0] INFO  segmented.SegmentedRaftLogWorker (SegmentedRaftLogWorker.java:close(224)) - 144b8dad-4f9f-4727-95df-54da78a09e68@group-11E95471F317-SegmentedRaftLogWorker close()
2019-10-15 11:07:13,343 [144b8dad-4f9f-4727-95df-54da78a09e68@group-571077ABE93B-StateMachineUpdater] INFO  ratis.ContainerStateMachine (ContainerStateMachine.java:takeSnapshot(305)) - group-571077ABE93B: Finished taking a snapshot at:(t:1, i:1) file:/workdir/hadoop-ozone/integration-test/target/test-dir/MiniOzoneClusterImpl-9edea9b3-9569-4a41-9435-4a26f33ebb8c/datanode-3/data/ratis/b483a8d9-8da6-457e-a423-571077abe93b/sm/snapshot.1_1 time:13
2019-10-15 11:07:13,346 [144b8dad-4f9f-4727-95df-54da78a09e68@group-571077ABE93B-StateMachineUpdater] INFO  impl.StateMachineUpdater (StateMachineUpdater.java:takeSnapshot(269)) - 144b8dad-4f9f-4727-95df-54da78a09e68@group-571077ABE93B-StateMachineUpdater: Took a snapshot at index 1
2019-10-15 11:07:13,346 [144b8dad-4f9f-4727-95df-54da78a09e68@group-571077ABE93B-StateMachineUpdater] INFO  impl.StateMachineUpdater (StateMachineUpdater.java:lambda$new$0(84)) - 144b8dad-4f9f-4727-95df-54da78a09e68@group-571077ABE93B-StateMachineUpdater: snapshotIndex: updateIncreasingly -1 -> 1
2019-10-15 11:07:13,346 [144b8dad-4f9f-4727-95df-54da78a09e68@group-571077ABE93B-StateMachineUpdater] INFO  ratis.ContainerStateMachine (ContainerStateMachine.java:takeSnapshot(294)) - group-571077ABE93B: Taking a snapshot at:(t:1, i:1) file /workdir/hadoop-ozone/integration-test/target/test-dir/MiniOzoneClusterImpl-9edea9b3-9569-4a41-9435-4a26f33ebb8c/datanode-3/data/ratis/b483a8d9-8da6-457e-a423-571077abe93b/sm/snapshot.1_1
2019-10-15 11:07:13,368 [144b8dad-4f9f-4727-95df-54da78a09e68@group-571077ABE93B-StateMachineUpdater] INFO  ratis.ContainerStateMachine (ContainerStateMachine.java:takeSnapshot(305)) - group-571077ABE93B: Finished taking a snapshot at:(t:1, i:1) file:/workdir/hadoop-ozone/integration-test/target/test-dir/MiniOzoneClusterImpl-9edea9b3-9569-4a41-9435-4a26f33ebb8c/datanode-3/data/ratis/b483a8d9-8da6-457e-a423-571077abe93b/sm/snapshot.1_1 time:21
2019-10-15 11:07:13,368 [144b8dad-4f9f-4727-95df-54da78a09e68@group-571077ABE93B-StateMachineUpdater] INFO  impl.StateMachineUpdater (StateMachineUpdater.java:takeSnapshot(269)) - 144b8dad-4f9f-4727-95df-54da78a09e68@group-571077ABE93B-StateMachineUpdater: Took a snapshot at index 1
2019-10-15 11:07:13,368 [144b8dad-4f9f-4727-95df-54da78a09e68@group-571077ABE93B-StateMachineUpdater] INFO  impl.StateMachineUpdater (StateMachineUpdater.java:lambda$new$0(84)) - 144b8dad-4f9f-4727-95df-54da78a09e68@group-571077ABE93B-StateMachineUpdater: snapshotIndex: updateIncreasingly 1 -> 1
2019-10-15 11:07:13,368 [main] INFO  impl.RaftServerImpl (ServerState.java:close(387)) - 144b8dad-4f9f-4727-95df-54da78a09e68@group-571077ABE93B: closes. applyIndex: 2
2019-10-15 11:07:13,369 [144b8dad-4f9f-4727-95df-54da78a09e68@group-571077ABE93B-SegmentedRaftLogWorker] INFO  segmented.SegmentedRaftLogWorker (SegmentedRaftLogWorker.java:run(316)) - 144b8dad-4f9f-4727-95df-54da78a09e68@group-571077ABE93B-SegmentedRaftLogWorker was interrupted, exiting. There are 0 tasks remaining in the queue.
2019-10-15 11:07:13,372 [main] INFO  segmented.SegmentedRaftLogWorker (SegmentedRaftLogWorker.java:close(224)) - 144b8dad-4f9f-4727-95df-54da78a09e68@group-571077ABE93B-SegmentedRaftLogWorker close()
2019-10-15 11:07:13,377 [main] INFO  server.GrpcService (GrpcService.java:closeImpl(164)) - 144b8dad-4f9f-4727-95df-54da78a09e68: shutdown server with port 43161 now
2019-10-15 11:07:13,379 [grpc-default-executor-1] WARN  server.GrpcServerProtocolService (LogUtils.java:warn(134)) - 144b8dad-4f9f-4727-95df-54da78a09e68: installSnapshot onError, lastRequest: 172a2998-bf86-4637-a4be-957637693d81->144b8dad-4f9f-4727-95df-54da78a09e68#7-t1, previous=(t:1, i:2), leaderCommit=2, initializing? false, entries: <empty>: org.apache.ratis.thirdparty.io.grpc.StatusRuntimeException: CANCELLED: cancelled before receiving half close
2019-10-15 11:07:13,379 [main] INFO  server.GrpcService (GrpcService.java:closeImpl(172)) - 144b8dad-4f9f-4727-95df-54da78a09e68: shutdown server with port 43161 successfully
2019-10-15 11:07:13,379 [grpc-default-executor-4] WARN  server.GrpcLogAppender (LogUtils.java:warn(134)) - 172a2998-bf86-4637-a4be-957637693d81@group-571077ABE93B->144b8dad-4f9f-4727-95df-54da78a09e68-AppendLogResponseHandler: Failed appendEntries: org.apache.ratis.thirdparty.io.grpc.StatusRuntimeException: CANCELLED: HTTP/2 error code: CANCEL
Received Rst Stream
2019-10-15 11:07:13,380 [grpc-default-executor-4] INFO  impl.FollowerInfo (FollowerInfo.java:lambda$new$0(51)) - 172a2998-bf86-4637-a4be-957637693d81@group-571077ABE93B->144b8dad-4f9f-4727-95df-54da78a09e68: nextIndex: updateUnconditionally 3 -> 2
2019-10-15 11:07:13,381 [refreshUsed-/workdir/hadoop-ozone/integration-test/target/test-dir/MiniOzoneClusterImpl-9edea9b3-9569-4a41-9435-4a26f33ebb8c/datanode-3/data/containers] WARN  fs.CachingGetSpaceUsed (CachingGetSpaceUsed.java:run(183)) - Thread Interrupted waiting to refresh disk information: sleep interrupted
2019-10-15 11:07:13,403 [main] INFO  utils.BackgroundService (BackgroundService.java:shutdown(151)) - Shutting down service BlockDeletingService
2019-10-15 11:07:13,411 [main] INFO  statemachine.DatanodeStateMachine (DatanodeStateMachine.java:stopDaemon(395)) - Ozone container server stopped.
2019-10-15 11:07:13,413 [main] INFO  handler.ContextHandler (ContextHandler.java:doStop(910)) - Stopped o.e.j.w.WebAppContext@7741771e{/,null,UNAVAILABLE}{/hddsDatanode}
2019-10-15 11:07:13,414 [main] INFO  server.AbstractConnector (AbstractConnector.java:doStop(318)) - Stopped ServerConnector@834e986{HTTP/1.1,[http/1.1]}{0.0.0.0:0}
2019-10-15 11:07:13,414 [main] INFO  handler.ContextHandler (ContextHandler.java:doStop(910)) - Stopped o.e.j.s.ServletContextHandler@34451ed8{/static,jar:file:/home/user/.m2/repository/org/apache/hadoop/hadoop-hdds-container-service/0.5.0-SNAPSHOT/hadoop-hdds-container-service-0.5.0-SNAPSHOT.jar!/webapps/static,UNAVAILABLE}
2019-10-15 11:07:13,415 [main] INFO  handler.ContextHandler (ContextHandler.java:doStop(910)) - Stopped o.e.j.s.ServletContextHandler@51e754e1{/logs,file:///workdir/hadoop-ozone/integration-test/target/log,UNAVAILABLE}
2019-10-15 11:07:15,573 [grpc-default-executor-1] WARN  server.GrpcLogAppender (LogUtils.java:warn(134)) - 172a2998-bf86-4637-a4be-957637693d81@group-571077ABE93B->d6d9a674-7f3a-482e-be06-219964726ba5-AppendLogResponseHandler: Failed appendEntries: org.apache.ratis.thirdparty.io.grpc.StatusRuntimeException: UNAVAILABLE: io exception
2019-10-15 11:07:15,574 [grpc-default-executor-1] INFO  impl.FollowerInfo (FollowerInfo.java:lambda$new$0(51)) - 172a2998-bf86-4637-a4be-957637693d81@group-571077ABE93B->d6d9a674-7f3a-482e-be06-219964726ba5: nextIndex: updateUnconditionally 0 -> 0
2019-10-15 11:07:15,575 [grpc-default-executor-3] WARN  server.GrpcLogAppender (LogUtils.java:warn(134)) - 172a2998-bf86-4637-a4be-957637693d81@group-571077ABE93B->144b8dad-4f9f-4727-95df-54da78a09e68-AppendLogResponseHandler: Failed appendEntries: org.apache.ratis.thirdparty.io.grpc.StatusRuntimeException: UNAVAILABLE: io exception
2019-10-15 11:07:15,575 [grpc-default-executor-3] INFO  impl.FollowerInfo (FollowerInfo.java:lambda$new$0(51)) - 172a2998-bf86-4637-a4be-957637693d81@group-571077ABE93B->144b8dad-4f9f-4727-95df-54da78a09e68: nextIndex: updateUnconditionally 2 -> 1
2019-10-15 11:07:18,076 [grpc-default-executor-1] WARN  server.GrpcLogAppender (LogUtils.java:warn(134)) - 172a2998-bf86-4637-a4be-957637693d81@group-571077ABE93B->d6d9a674-7f3a-482e-be06-219964726ba5-AppendLogResponseHandler: Failed appendEntries: org.apache.ratis.thirdparty.io.grpc.StatusRuntimeException: UNAVAILABLE: io exception
2019-10-15 11:07:18,076 [grpc-default-executor-4] WARN  server.GrpcLogAppender (LogUtils.java:warn(134)) - 172a2998-bf86-4637-a4be-957637693d81@group-571077ABE93B->144b8dad-4f9f-4727-95df-54da78a09e68-AppendLogResponseHandler: Failed appendEntries: org.apache.ratis.thirdparty.io.grpc.StatusRuntimeException: UNAVAILABLE: io exception
2019-10-15 11:07:18,076 [grpc-default-executor-1] INFO  impl.FollowerInfo (FollowerInfo.java:lambda$new$0(51)) - 172a2998-bf86-4637-a4be-957637693d81@group-571077ABE93B->d6d9a674-7f3a-482e-be06-219964726ba5: nextIndex: updateUnconditionally 0 -> 0
2019-10-15 11:07:18,076 [grpc-default-executor-4] INFO  impl.FollowerInfo (FollowerInfo.java:lambda$new$0(51)) - 172a2998-bf86-4637-a4be-957637693d81@group-571077ABE93B->144b8dad-4f9f-4727-95df-54da78a09e68: nextIndex: updateUnconditionally 1 -> 0
2019-10-15 11:07:20,581 [grpc-default-executor-1] WARN  server.GrpcLogAppender (LogUtils.java:warn(134)) - 172a2998-bf86-4637-a4be-957637693d81@group-571077ABE93B->144b8dad-4f9f-4727-95df-54da78a09e68-AppendLogResponseHandler: Failed appendEntries: org.apache.ratis.thirdparty.io.grpc.StatusRuntimeException: UNAVAILABLE: io exception
2019-10-15 11:07:20,581 [grpc-default-executor-3] WARN  server.GrpcLogAppender (LogUtils.java:warn(134)) - 172a2998-bf86-4637-a4be-957637693d81@group-571077ABE93B->d6d9a674-7f3a-482e-be06-219964726ba5-AppendLogResponseHandler: Failed appendEntries: org.apache.ratis.thirdparty.io.grpc.StatusRuntimeException: UNAVAILABLE: io exception
2019-10-15 11:07:20,582 [grpc-default-executor-1] INFO  impl.FollowerInfo (FollowerInfo.java:lambda$new$0(51)) - 172a2998-bf86-4637-a4be-957637693d81@group-571077ABE93B->144b8dad-4f9f-4727-95df-54da78a09e68: nextIndex: updateUnconditionally 0 -> 0
2019-10-15 11:07:20,582 [grpc-default-executor-3] INFO  impl.FollowerInfo (FollowerInfo.java:lambda$new$0(51)) - 172a2998-bf86-4637-a4be-957637693d81@group-571077ABE93B->d6d9a674-7f3a-482e-be06-219964726ba5: nextIndex: updateUnconditionally 0 -> 0
2019-10-15 11:07:23,080 [grpc-default-executor-2] WARN  server.GrpcLogAppender (LogUtils.java:warn(134)) - 172a2998-bf86-4637-a4be-957637693d81@group-571077ABE93B->d6d9a674-7f3a-482e-be06-219964726ba5-AppendLogResponseHandler: Failed appendEntries: org.apache.ratis.thirdparty.io.grpc.StatusRuntimeException: UNAVAILABLE: io exception
2019-10-15 11:07:23,080 [grpc-default-executor-3] WARN  server.GrpcLogAppender (LogUtils.java:warn(134)) - 172a2998-bf86-4637-a4be-957637693d81@group-571077ABE93B->144b8dad-4f9f-4727-95df-54da78a09e68-AppendLogResponseHandler: Failed appendEntries: org.apache.ratis.thirdparty.io.grpc.StatusRuntimeException: UNAVAILABLE: io exception
2019-10-15 11:07:23,080 [grpc-default-executor-2] INFO  impl.FollowerInfo (FollowerInfo.java:lambda$new$0(51)) - 172a2998-bf86-4637-a4be-957637693d81@group-571077ABE93B->d6d9a674-7f3a-482e-be06-219964726ba5: nextIndex: updateUnconditionally 0 -> 0
2019-10-15 11:07:23,081 [grpc-default-executor-3] INFO  impl.FollowerInfo (FollowerInfo.java:lambda$new$0(51)) - 172a2998-bf86-4637-a4be-957637693d81@group-571077ABE93B->144b8dad-4f9f-4727-95df-54da78a09e68: nextIndex: updateUnconditionally 0 -> 0
2019-10-15 11:07:23,683 [Thread-1672] INFO  client.GrpcClientProtocolService (GrpcClientProtocolService.java:lambda$processClientRequest$0(278)) - Failed RaftClientRequest:client-663949409B68->172a2998-bf86-4637-a4be-957637693d81@group-571077ABE93B, cid=67, seq=0, Watch-ALL_COMMITTED(52), Message:<EMPTY>, reply=RaftClientReply:client-663949409B68->172a2998-bf86-4637-a4be-957637693d81@group-571077ABE93B, cid=67, FAILED org.apache.ratis.protocol.NotReplicatedException: Request with call Id 67 and log index 52 is not yet replicated to ALL_COMMITTED, logIndex=52, commits[172a2998-bf86-4637-a4be-957637693d81:c2, d6d9a674-7f3a-482e-be06-219964726ba5:c2, 144b8dad-4f9f-4727-95df-54da78a09e68:c2]
2019-10-15 11:07:25,586 [grpc-default-executor-1] WARN  server.GrpcLogAppender (LogUtils.java:warn(134)) - 172a2998-bf86-4637-a4be-957637693d81@group-571077ABE93B->144b8dad-4f9f-4727-95df-54da78a09e68-AppendLogResponseHandler: Failed appendEntries: org.apache.ratis.thirdparty.io.grpc.StatusRuntimeException: UNAVAILABLE: io exception
2019-10-15 11:07:25,586 [grpc-default-executor-4] WARN  server.GrpcLogAppender (LogUtils.java:warn(134)) - 172a2998-bf86-4637-a4be-957637693d81@group-571077ABE93B->d6d9a674-7f3a-482e-be06-219964726ba5-AppendLogResponseHandler: Failed appendEntries: org.apache.ratis.thirdparty.io.grpc.StatusRuntimeException: UNAVAILABLE: io exception
2019-10-15 11:07:25,587 [grpc-default-executor-1] INFO  impl.FollowerInfo (FollowerInfo.java:lambda$new$0(51)) - 172a2998-bf86-4637-a4be-957637693d81@group-571077ABE93B->144b8dad-4f9f-4727-95df-54da78a09e68: nextIndex: updateUnconditionally 0 -> 0
2019-10-15 11:07:25,587 [grpc-default-executor-4] INFO  impl.FollowerInfo (FollowerInfo.java:lambda$new$0(51)) - 172a2998-bf86-4637-a4be-957637693d81@group-571077ABE93B->d6d9a674-7f3a-482e-be06-219964726ba5: nextIndex: updateUnconditionally 0 -> 0
2019-10-15 11:07:28,088 [grpc-default-executor-4] WARN  server.GrpcLogAppender (LogUtils.java:warn(134)) - 172a2998-bf86-4637-a4be-957637693d81@group-571077ABE93B->d6d9a674-7f3a-482e-be06-219964726ba5-AppendLogResponseHandler: Failed appendEntries: org.apache.ratis.thirdparty.io.grpc.StatusRuntimeException: UNAVAILABLE: io exception
2019-10-15 11:07:28,088 [grpc-default-executor-1] WARN  server.GrpcLogAppender (LogUtils.java:warn(134)) - 172a2998-bf86-4637-a4be-957637693d81@group-571077ABE93B->144b8dad-4f9f-4727-95df-54da78a09e68-AppendLogResponseHandler: Failed appendEntries: org.apache.ratis.thirdparty.io.grpc.StatusRuntimeException: UNAVAILABLE: io exception
2019-10-15 11:07:28,089 [grpc-default-executor-4] INFO  impl.FollowerInfo (FollowerInfo.java:lambda$new$0(51)) - 172a2998-bf86-4637-a4be-957637693d81@group-571077ABE93B->d6d9a674-7f3a-482e-be06-219964726ba5: nextIndex: updateUnconditionally 0 -> 0
2019-10-15 11:07:28,089 [grpc-default-executor-1] INFO  impl.FollowerInfo (FollowerInfo.java:lambda$new$0(51)) - 172a2998-bf86-4637-a4be-957637693d81@group-571077ABE93B->144b8dad-4f9f-4727-95df-54da78a09e68: nextIndex: updateUnconditionally 0 -> 0
2019-10-15 11:07:30,592 [grpc-default-executor-4] WARN  server.GrpcLogAppender (LogUtils.java:warn(134)) - 172a2998-bf86-4637-a4be-957637693d81@group-571077ABE93B->144b8dad-4f9f-4727-95df-54da78a09e68-AppendLogResponseHandler: Failed appendEntries: org.apache.ratis.thirdparty.io.grpc.StatusRuntimeException: UNAVAILABLE: io exception
2019-10-15 11:07:30,592 [grpc-default-executor-2] WARN  server.GrpcLogAppender (LogUtils.java:warn(134)) - 172a2998-bf86-4637-a4be-957637693d81@group-571077ABE93B->d6d9a674-7f3a-482e-be06-219964726ba5-AppendLogResponseHandler: Failed appendEntries: org.apache.ratis.thirdparty.io.grpc.StatusRuntimeException: UNAVAILABLE: io exception
2019-10-15 11:07:30,593 [grpc-default-executor-4] INFO  impl.FollowerInfo (FollowerInfo.java:lambda$new$0(51)) - 172a2998-bf86-4637-a4be-957637693d81@group-571077ABE93B->144b8dad-4f9f-4727-95df-54da78a09e68: nextIndex: updateUnconditionally 0 -> 0
2019-10-15 11:07:30,594 [grpc-default-executor-2] INFO  impl.FollowerInfo (FollowerInfo.java:lambda$new$0(51)) - 172a2998-bf86-4637-a4be-957637693d81@group-571077ABE93B->d6d9a674-7f3a-482e-be06-219964726ba5: nextIndex: updateUnconditionally 0 -> 0
2019-10-15 11:07:33,090 [grpc-default-executor-1] WARN  server.GrpcLogAppender (LogUtils.java:warn(134)) - 172a2998-bf86-4637-a4be-957637693d81@group-571077ABE93B->144b8dad-4f9f-4727-95df-54da78a09e68-AppendLogResponseHandler: Failed appendEntries: org.apache.ratis.thirdparty.io.grpc.StatusRuntimeException: UNAVAILABLE: io exception
2019-10-15 11:07:33,090 [grpc-default-executor-3] WARN  server.GrpcLogAppender (LogUtils.java:warn(134)) - 172a2998-bf86-4637-a4be-957637693d81@group-571077ABE93B->d6d9a674-7f3a-482e-be06-219964726ba5-AppendLogResponseHandler: Failed appendEntries: org.apache.ratis.thirdparty.io.grpc.StatusRuntimeException: UNAVAILABLE: io exception
2019-10-15 11:07:33,091 [grpc-default-executor-1] INFO  impl.FollowerInfo (FollowerInfo.java:lambda$new$0(51)) - 172a2998-bf86-4637-a4be-957637693d81@group-571077ABE93B->144b8dad-4f9f-4727-95df-54da78a09e68: nextIndex: updateUnconditionally 0 -> 0
2019-10-15 11:07:33,091 [grpc-default-executor-3] INFO  impl.FollowerInfo (FollowerInfo.java:lambda$new$0(51)) - 172a2998-bf86-4637-a4be-957637693d81@group-571077ABE93B->d6d9a674-7f3a-482e-be06-219964726ba5: nextIndex: updateUnconditionally 0 -> 0
2019-10-15 11:07:33,420 [main] WARN  scm.XceiverClientRatis (XceiverClientRatis.java:watchForCommit(277)) - 3 way commit failed on pipeline Pipeline[ Id: b483a8d9-8da6-457e-a423-571077abe93b, Nodes: d6d9a674-7f3a-482e-be06-219964726ba5{ip: 192.168.164.236, host: pr-hdds-2206-66z5g-837117227, networkLocation: /default-rack, certSerialId: null}144b8dad-4f9f-4727-95df-54da78a09e68{ip: 192.168.164.236, host: pr-hdds-2206-66z5g-837117227, networkLocation: /default-rack, certSerialId: null}172a2998-bf86-4637-a4be-957637693d81{ip: 192.168.164.236, host: pr-hdds-2206-66z5g-837117227, networkLocation: /default-rack, certSerialId: null}, Type:RATIS, Factor:THREE, State:OPEN]
java.util.concurrent.TimeoutException
	at java.util.concurrent.CompletableFuture.timedGet(CompletableFuture.java:1771)
	at java.util.concurrent.CompletableFuture.get(CompletableFuture.java:1915)
	at org.apache.hadoop.hdds.scm.XceiverClientRatis.watchForCommit(XceiverClientRatis.java:274)
	at org.apache.hadoop.ozone.client.rpc.TestWatchForCommit.testWatchForCommitForRetryfailure(TestWatchForCommit.java:345)
	at sun.reflect.NativeMethodAccessorImpl.invoke0(Native Method)
	at sun.reflect.NativeMethodAccessorImpl.invoke(NativeMethodAccessorImpl.java:62)
	at sun.reflect.DelegatingMethodAccessorImpl.invoke(DelegatingMethodAccessorImpl.java:43)
	at java.lang.reflect.Method.invoke(Method.java:498)
	at org.junit.runners.model.FrameworkMethod$1.runReflectiveCall(FrameworkMethod.java:47)
	at org.junit.internal.runners.model.ReflectiveCallable.run(ReflectiveCallable.java:12)
	at org.junit.runners.model.FrameworkMethod.invokeExplosively(FrameworkMethod.java:44)
	at org.junit.internal.runners.statements.InvokeMethod.evaluate(InvokeMethod.java:17)
	at org.junit.runners.ParentRunner.runLeaf(ParentRunner.java:271)
	at org.junit.runners.BlockJUnit4ClassRunner.runChild(BlockJUnit4ClassRunner.java:70)
	at org.junit.runners.BlockJUnit4ClassRunner.runChild(BlockJUnit4ClassRunner.java:50)
	at org.junit.runners.ParentRunner$3.run(ParentRunner.java:238)
	at org.junit.runners.ParentRunner$1.schedule(ParentRunner.java:63)
	at org.junit.runners.ParentRunner.runChildren(ParentRunner.java:236)
	at org.junit.runners.ParentRunner.access$000(ParentRunner.java:53)
	at org.junit.runners.ParentRunner$2.evaluate(ParentRunner.java:229)
	at org.junit.runners.ParentRunner.run(ParentRunner.java:309)
	at org.apache.maven.surefire.junit4.JUnit4Provider.execute(JUnit4Provider.java:365)
	at org.apache.maven.surefire.junit4.JUnit4Provider.executeWithRerun(JUnit4Provider.java:273)
	at org.apache.maven.surefire.junit4.JUnit4Provider.executeTestSet(JUnit4Provider.java:238)
	at org.apache.maven.surefire.junit4.JUnit4Provider.invoke(JUnit4Provider.java:159)
	at org.apache.maven.surefire.booter.ForkedBooter.invokeProviderInSameClassLoader(ForkedBooter.java:384)
	at org.apache.maven.surefire.booter.ForkedBooter.runSuitesInProcess(ForkedBooter.java:345)
	at org.apache.maven.surefire.booter.ForkedBooter.execute(ForkedBooter.java:126)
	at org.apache.maven.surefire.booter.ForkedBooter.main(ForkedBooter.java:418)
2019-10-15 11:07:33,683 [Thread-1685] INFO  client.GrpcClientProtocolService (GrpcClientProtocolService.java:lambda$processClientRequest$0(278)) - Failed RaftClientRequest:client-663949409B68->172a2998-bf86-4637-a4be-957637693d81@group-571077ABE93B, cid=67, seq=0, Watch-ALL_COMMITTED(52), Message:<EMPTY>, reply=RaftClientReply:client-663949409B68->172a2998-bf86-4637-a4be-957637693d81@group-571077ABE93B, cid=67, FAILED org.apache.ratis.protocol.NotReplicatedException: Request with call Id 67 and log index 52 is not yet replicated to ALL_COMMITTED, logIndex=52, commits[172a2998-bf86-4637-a4be-957637693d81:c2, d6d9a674-7f3a-482e-be06-219964726ba5:c2, 144b8dad-4f9f-4727-95df-54da78a09e68:c2]
2019-10-15 11:07:35,596 [grpc-default-executor-1] WARN  server.GrpcLogAppender (LogUtils.java:warn(134)) - 172a2998-bf86-4637-a4be-957637693d81@group-571077ABE93B->d6d9a674-7f3a-482e-be06-219964726ba5-AppendLogResponseHandler: Failed appendEntries: org.apache.ratis.thirdparty.io.grpc.StatusRuntimeException: UNAVAILABLE: io exception
2019-10-15 11:07:35,596 [grpc-default-executor-3] WARN  server.GrpcLogAppender (LogUtils.java:warn(134)) - 172a2998-bf86-4637-a4be-957637693d81@group-571077ABE93B->144b8dad-4f9f-4727-95df-54da78a09e68-AppendLogResponseHandler: Failed appendEntries: org.apache.ratis.thirdparty.io.grpc.StatusRuntimeException: UNAVAILABLE: io exception
2019-10-15 11:07:35,598 [grpc-default-executor-1] INFO  impl.FollowerInfo (FollowerInfo.java:lambda$new$0(51)) - 172a2998-bf86-4637-a4be-957637693d81@group-571077ABE93B->d6d9a674-7f3a-482e-be06-219964726ba5: nextIndex: updateUnconditionally 0 -> 0
2019-10-15 11:07:35,598 [grpc-default-executor-3] INFO  impl.FollowerInfo (FollowerInfo.java:lambda$new$0(51)) - 172a2998-bf86-4637-a4be-957637693d81@group-571077ABE93B->144b8dad-4f9f-4727-95df-54da78a09e68: nextIndex: updateUnconditionally 0 -> 0
2019-10-15 11:07:38,096 [grpc-default-executor-2] WARN  server.GrpcLogAppender (LogUtils.java:warn(134)) - 172a2998-bf86-4637-a4be-957637693d81@group-571077ABE93B->d6d9a674-7f3a-482e-be06-219964726ba5-AppendLogResponseHandler: Failed appendEntries: org.apache.ratis.thirdparty.io.grpc.StatusRuntimeException: UNAVAILABLE: io exception
2019-10-15 11:07:38,096 [grpc-default-executor-3] WARN  server.GrpcLogAppender (LogUtils.java:warn(134)) - 172a2998-bf86-4637-a4be-957637693d81@group-571077ABE93B->144b8dad-4f9f-4727-95df-54da78a09e68-AppendLogResponseHandler: Failed appendEntries: org.apache.ratis.thirdparty.io.grpc.StatusRuntimeException: UNAVAILABLE: io exception
2019-10-15 11:07:38,097 [grpc-default-executor-2] INFO  impl.FollowerInfo (FollowerInfo.java:lambda$new$0(51)) - 172a2998-bf86-4637-a4be-957637693d81@group-571077ABE93B->d6d9a674-7f3a-482e-be06-219964726ba5: nextIndex: updateUnconditionally 0 -> 0
2019-10-15 11:07:38,097 [grpc-default-executor-3] INFO  impl.FollowerInfo (FollowerInfo.java:lambda$new$0(51)) - 172a2998-bf86-4637-a4be-957637693d81@group-571077ABE93B->144b8dad-4f9f-4727-95df-54da78a09e68: nextIndex: updateUnconditionally 0 -> 0
2019-10-15 11:07:40,603 [grpc-default-executor-3] WARN  server.GrpcLogAppender (LogUtils.java:warn(134)) - 172a2998-bf86-4637-a4be-957637693d81@group-571077ABE93B->d6d9a674-7f3a-482e-be06-219964726ba5-AppendLogResponseHandler: Failed appendEntries: org.apache.ratis.thirdparty.io.grpc.StatusRuntimeException: UNAVAILABLE: io exception
2019-10-15 11:07:40,603 [grpc-default-executor-5] WARN  server.GrpcLogAppender (LogUtils.java:warn(134)) - 172a2998-bf86-4637-a4be-957637693d81@group-571077ABE93B->144b8dad-4f9f-4727-95df-54da78a09e68-AppendLogResponseHandler: Failed appendEntries: org.apache.ratis.thirdparty.io.grpc.StatusRuntimeException: UNAVAILABLE: io exception
2019-10-15 11:07:40,604 [grpc-default-executor-3] INFO  impl.FollowerInfo (FollowerInfo.java:lambda$new$0(51)) - 172a2998-bf86-4637-a4be-957637693d81@group-571077ABE93B->d6d9a674-7f3a-482e-be06-219964726ba5: nextIndex: updateUnconditionally 0 -> 0
2019-10-15 11:07:40,604 [grpc-default-executor-5] INFO  impl.FollowerInfo (FollowerInfo.java:lambda$new$0(51)) - 172a2998-bf86-4637-a4be-957637693d81@group-571077ABE93B->144b8dad-4f9f-4727-95df-54da78a09e68: nextIndex: updateUnconditionally 0 -> 0
2019-10-15 11:07:43,103 [grpc-default-executor-5] WARN  server.GrpcLogAppender (LogUtils.java:warn(134)) - 172a2998-bf86-4637-a4be-957637693d81@group-571077ABE93B->144b8dad-4f9f-4727-95df-54da78a09e68-AppendLogResponseHandler: Failed appendEntries: org.apache.ratis.thirdparty.io.grpc.StatusRuntimeException: UNAVAILABLE: io exception
2019-10-15 11:07:43,103 [grpc-default-executor-3] WARN  server.GrpcLogAppender (LogUtils.java:warn(134)) - 172a2998-bf86-4637-a4be-957637693d81@group-571077ABE93B->d6d9a674-7f3a-482e-be06-219964726ba5-AppendLogResponseHandler: Failed appendEntries: org.apache.ratis.thirdparty.io.grpc.StatusRuntimeException: UNAVAILABLE: io exception
2019-10-15 11:07:43,104 [grpc-default-executor-5] INFO  impl.FollowerInfo (FollowerInfo.java:lambda$new$0(51)) - 172a2998-bf86-4637-a4be-957637693d81@group-571077ABE93B->144b8dad-4f9f-4727-95df-54da78a09e68: nextIndex: updateUnconditionally 0 -> 0
2019-10-15 11:07:43,104 [grpc-default-executor-3] INFO  impl.FollowerInfo (FollowerInfo.java:lambda$new$0(51)) - 172a2998-bf86-4637-a4be-957637693d81@group-571077ABE93B->d6d9a674-7f3a-482e-be06-219964726ba5: nextIndex: updateUnconditionally 0 -> 0
2019-10-15 11:07:43,683 [Thread-1702] INFO  client.GrpcClientProtocolService (GrpcClientProtocolService.java:lambda$processClientRequest$0(278)) - Failed RaftClientRequest:client-663949409B68->172a2998-bf86-4637-a4be-957637693d81@group-571077ABE93B, cid=67, seq=0, Watch-ALL_COMMITTED(52), Message:<EMPTY>, reply=RaftClientReply:client-663949409B68->172a2998-bf86-4637-a4be-957637693d81@group-571077ABE93B, cid=67, FAILED org.apache.ratis.protocol.NotReplicatedException: Request with call Id 67 and log index 52 is not yet replicated to ALL_COMMITTED, logIndex=52, commits[172a2998-bf86-4637-a4be-957637693d81:c2, d6d9a674-7f3a-482e-be06-219964726ba5:c2, 144b8dad-4f9f-4727-95df-54da78a09e68:c2]
2019-10-15 11:07:43,683 [Thread-1703] INFO  client.GrpcClientProtocolService (GrpcClientProtocolService.java:lambda$processClientRequest$0(278)) - Failed RaftClientRequest:client-663949409B68->172a2998-bf86-4637-a4be-957637693d81@group-571077ABE93B, cid=68, seq=0, Watch-MAJORITY_COMMITTED(52), Message:<EMPTY>, reply=RaftClientReply:client-663949409B68->172a2998-bf86-4637-a4be-957637693d81@group-571077ABE93B, cid=68, FAILED org.apache.ratis.protocol.NotReplicatedException: Request with call Id 68 and log index 52 is not yet replicated to MAJORITY_COMMITTED, logIndex=52, commits[172a2998-bf86-4637-a4be-957637693d81:c2, d6d9a674-7f3a-482e-be06-219964726ba5:c2, 144b8dad-4f9f-4727-95df-54da78a09e68:c2]
2019-10-15 11:07:45,605 [grpc-default-executor-1] WARN  server.GrpcLogAppender (LogUtils.java:warn(134)) - 172a2998-bf86-4637-a4be-957637693d81@group-571077ABE93B->144b8dad-4f9f-4727-95df-54da78a09e68-AppendLogResponseHandler: Failed appendEntries: org.apache.ratis.thirdparty.io.grpc.StatusRuntimeException: UNAVAILABLE: io exception
2019-10-15 11:07:45,605 [grpc-default-executor-3] WARN  server.GrpcLogAppender (LogUtils.java:warn(134)) - 172a2998-bf86-4637-a4be-957637693d81@group-571077ABE93B->d6d9a674-7f3a-482e-be06-219964726ba5-AppendLogResponseHandler: Failed appendEntries: org.apache.ratis.thirdparty.io.grpc.StatusRuntimeException: UNAVAILABLE: io exception
2019-10-15 11:07:45,606 [grpc-default-executor-1] INFO  impl.FollowerInfo (FollowerInfo.java:lambda$new$0(51)) - 172a2998-bf86-4637-a4be-957637693d81@group-571077ABE93B->144b8dad-4f9f-4727-95df-54da78a09e68: nextIndex: updateUnconditionally 0 -> 0
2019-10-15 11:07:45,606 [grpc-default-executor-3] INFO  impl.FollowerInfo (FollowerInfo.java:lambda$new$0(51)) - 172a2998-bf86-4637-a4be-957637693d81@group-571077ABE93B->d6d9a674-7f3a-482e-be06-219964726ba5: nextIndex: updateUnconditionally 0 -> 0
2019-10-15 11:07:48,110 [grpc-default-executor-3] WARN  server.GrpcLogAppender (LogUtils.java:warn(134)) - 172a2998-bf86-4637-a4be-957637693d81@group-571077ABE93B->144b8dad-4f9f-4727-95df-54da78a09e68-AppendLogResponseHandler: Failed appendEntries: org.apache.ratis.thirdparty.io.grpc.StatusRuntimeException: UNAVAILABLE: io exception
2019-10-15 11:07:48,110 [grpc-default-executor-1] WARN  server.GrpcLogAppender (LogUtils.java:warn(134)) - 172a2998-bf86-4637-a4be-957637693d81@group-571077ABE93B->d6d9a674-7f3a-482e-be06-219964726ba5-AppendLogResponseHandler: Failed appendEntries: org.apache.ratis.thirdparty.io.grpc.StatusRuntimeException: UNAVAILABLE: io exception
2019-10-15 11:07:48,112 [grpc-default-executor-3] INFO  impl.FollowerInfo (FollowerInfo.java:lambda$new$0(51)) - 172a2998-bf86-4637-a4be-957637693d81@group-571077ABE93B->144b8dad-4f9f-4727-95df-54da78a09e68: nextIndex: updateUnconditionally 0 -> 0
2019-10-15 11:07:48,112 [grpc-default-executor-1] INFO  impl.FollowerInfo (FollowerInfo.java:lambda$new$0(51)) - 172a2998-bf86-4637-a4be-957637693d81@group-571077ABE93B->d6d9a674-7f3a-482e-be06-219964726ba5: nextIndex: updateUnconditionally 0 -> 0
2019-10-15 11:07:50,611 [grpc-default-executor-4] WARN  server.GrpcLogAppender (LogUtils.java:warn(134)) - 172a2998-bf86-4637-a4be-957637693d81@group-571077ABE93B->144b8dad-4f9f-4727-95df-54da78a09e68-AppendLogResponseHandler: Failed appendEntries: org.apache.ratis.thirdparty.io.grpc.StatusRuntimeException: UNAVAILABLE: io exception
2019-10-15 11:07:50,611 [grpc-default-executor-6] WARN  server.GrpcLogAppender (LogUtils.java:warn(134)) - 172a2998-bf86-4637-a4be-957637693d81@group-571077ABE93B->d6d9a674-7f3a-482e-be06-219964726ba5-AppendLogResponseHandler: Failed appendEntries: org.apache.ratis.thirdparty.io.grpc.StatusRuntimeException: UNAVAILABLE: io exception
2019-10-15 11:07:50,612 [grpc-default-executor-4] INFO  impl.FollowerInfo (FollowerInfo.java:lambda$new$0(51)) - 172a2998-bf86-4637-a4be-957637693d81@group-571077ABE93B->144b8dad-4f9f-4727-95df-54da78a09e68: nextIndex: updateUnconditionally 0 -> 0
2019-10-15 11:07:50,612 [grpc-default-executor-6] INFO  impl.FollowerInfo (FollowerInfo.java:lambda$new$0(51)) - 172a2998-bf86-4637-a4be-957637693d81@group-571077ABE93B->d6d9a674-7f3a-482e-be06-219964726ba5: nextIndex: updateUnconditionally 0 -> 0
2019-10-15 11:07:53,110 [grpc-default-executor-6] WARN  server.GrpcLogAppender (LogUtils.java:warn(134)) - 172a2998-bf86-4637-a4be-957637693d81@group-571077ABE93B->d6d9a674-7f3a-482e-be06-219964726ba5-AppendLogResponseHandler: Failed appendEntries: org.apache.ratis.thirdparty.io.grpc.StatusRuntimeException: UNAVAILABLE: io exception
2019-10-15 11:07:53,110 [grpc-default-executor-1] WARN  server.GrpcLogAppender (LogUtils.java:warn(134)) - 172a2998-bf86-4637-a4be-957637693d81@group-571077ABE93B->144b8dad-4f9f-4727-95df-54da78a09e68-AppendLogResponseHandler: Failed appendEntries: org.apache.ratis.thirdparty.io.grpc.StatusRuntimeException: UNAVAILABLE: io exception
2019-10-15 11:07:53,111 [grpc-default-executor-6] INFO  impl.FollowerInfo (FollowerInfo.java:lambda$new$0(51)) - 172a2998-bf86-4637-a4be-957637693d81@group-571077ABE93B->d6d9a674-7f3a-482e-be06-219964726ba5: nextIndex: updateUnconditionally 0 -> 0
2019-10-15 11:07:53,111 [grpc-default-executor-1] INFO  impl.FollowerInfo (FollowerInfo.java:lambda$new$0(51)) - 172a2998-bf86-4637-a4be-957637693d81@group-571077ABE93B->144b8dad-4f9f-4727-95df-54da78a09e68: nextIndex: updateUnconditionally 0 -> 0
]]></system-out>
    <system-err><![CDATA[Oct 15, 2019 11:07:08 AM org.apache.ratis.thirdparty.io.grpc.internal.SerializingExecutor run
SEVERE: Exception while executing runnable org.apache.ratis.thirdparty.io.grpc.internal.ServerImpl$JumpToApplicationThreadServerStreamListener$1Closed@711cbec4
org.apache.ratis.thirdparty.io.grpc.StatusRuntimeException: CANCELLED: call already cancelled
	at org.apache.ratis.thirdparty.io.grpc.Status.asRuntimeException(Status.java:517)
	at org.apache.ratis.thirdparty.io.grpc.stub.ServerCalls$ServerCallStreamObserverImpl.onCompleted(ServerCalls.java:356)
	at org.apache.ratis.grpc.server.GrpcServerProtocolService$ServerRequestStreamObserver.onError(GrpcServerProtocolService.java:121)
	at org.apache.ratis.thirdparty.io.grpc.stub.ServerCalls$StreamingServerCallHandler$StreamingServerCallListener.onCancel(ServerCalls.java:269)
	at org.apache.ratis.thirdparty.io.grpc.internal.ServerCallImpl$ServerStreamListenerImpl.closed(ServerCallImpl.java:293)
	at org.apache.ratis.thirdparty.io.grpc.internal.ServerImpl$JumpToApplicationThreadServerStreamListener$1Closed.runInContext(ServerImpl.java:741)
	at org.apache.ratis.thirdparty.io.grpc.internal.ContextRunnable.run(ContextRunnable.java:37)
	at org.apache.ratis.thirdparty.io.grpc.internal.SerializingExecutor.run(SerializingExecutor.java:123)
	at java.util.concurrent.ThreadPoolExecutor.runWorker(ThreadPoolExecutor.java:1149)
	at java.util.concurrent.ThreadPoolExecutor$Worker.run(ThreadPoolExecutor.java:624)
	at java.lang.Thread.run(Thread.java:748)

Oct 15, 2019 11:07:13 AM org.apache.ratis.thirdparty.io.grpc.internal.SerializingExecutor run
SEVERE: Exception while executing runnable org.apache.ratis.thirdparty.io.grpc.internal.ServerImpl$JumpToApplicationThreadServerStreamListener$1Closed@1357a490
org.apache.ratis.thirdparty.io.grpc.StatusRuntimeException: CANCELLED: call already cancelled
	at org.apache.ratis.thirdparty.io.grpc.Status.asRuntimeException(Status.java:517)
	at org.apache.ratis.thirdparty.io.grpc.stub.ServerCalls$ServerCallStreamObserverImpl.onCompleted(ServerCalls.java:356)
	at org.apache.ratis.grpc.server.GrpcServerProtocolService$ServerRequestStreamObserver.onError(GrpcServerProtocolService.java:121)
	at org.apache.ratis.thirdparty.io.grpc.stub.ServerCalls$StreamingServerCallHandler$StreamingServerCallListener.onCancel(ServerCalls.java:269)
	at org.apache.ratis.thirdparty.io.grpc.internal.ServerCallImpl$ServerStreamListenerImpl.closed(ServerCallImpl.java:293)
	at org.apache.ratis.thirdparty.io.grpc.internal.ServerImpl$JumpToApplicationThreadServerStreamListener$1Closed.runInContext(ServerImpl.java:741)
	at org.apache.ratis.thirdparty.io.grpc.internal.ContextRunnable.run(ContextRunnable.java:37)
	at org.apache.ratis.thirdparty.io.grpc.internal.SerializingExecutor.run(SerializingExecutor.java:123)
	at java.util.concurrent.ThreadPoolExecutor.runWorker(ThreadPoolExecutor.java:1149)
	at java.util.concurrent.ThreadPoolExecutor$Worker.run(ThreadPoolExecutor.java:624)
	at java.lang.Thread.run(Thread.java:748)

]]></system-err>
  </testcase>
  <testcase name="testWatchForCommitForGroupMismatchException" classname="org.apache.hadoop.ozone.client.rpc.TestWatchForCommit" time="33.373"/>
  <testcase name="test2WayCommitForTimeoutException" classname="org.apache.hadoop.ozone.client.rpc.TestWatchForCommit" time="23.97">
    <error type="java.util.concurrent.TimeoutException">java.util.concurrent.TimeoutException
	at java.util.concurrent.CompletableFuture.timedGet(CompletableFuture.java:1771)
	at java.util.concurrent.CompletableFuture.get(CompletableFuture.java:1915)
	at org.apache.hadoop.hdds.scm.XceiverClientRatis.watchForCommit(XceiverClientRatis.java:283)
	at org.apache.hadoop.ozone.client.rpc.TestWatchForCommit.test2WayCommitForTimeoutException(TestWatchForCommit.java:391)
	at sun.reflect.NativeMethodAccessorImpl.invoke0(Native Method)
	at sun.reflect.NativeMethodAccessorImpl.invoke(NativeMethodAccessorImpl.java:62)
	at sun.reflect.DelegatingMethodAccessorImpl.invoke(DelegatingMethodAccessorImpl.java:43)
	at java.lang.reflect.Method.invoke(Method.java:498)
	at org.junit.runners.model.FrameworkMethod$1.runReflectiveCall(FrameworkMethod.java:47)
	at org.junit.internal.runners.model.ReflectiveCallable.run(ReflectiveCallable.java:12)
	at org.junit.runners.model.FrameworkMethod.invokeExplosively(FrameworkMethod.java:44)
	at org.junit.internal.runners.statements.InvokeMethod.evaluate(InvokeMethod.java:17)
	at org.junit.runners.ParentRunner.runLeaf(ParentRunner.java:271)
	at org.junit.runners.BlockJUnit4ClassRunner.runChild(BlockJUnit4ClassRunner.java:70)
	at org.junit.runners.BlockJUnit4ClassRunner.runChild(BlockJUnit4ClassRunner.java:50)
	at org.junit.runners.ParentRunner$3.run(ParentRunner.java:238)
	at org.junit.runners.ParentRunner$1.schedule(ParentRunner.java:63)
	at org.junit.runners.ParentRunner.runChildren(ParentRunner.java:236)
	at org.junit.runners.ParentRunner.access$000(ParentRunner.java:53)
	at org.junit.runners.ParentRunner$2.evaluate(ParentRunner.java:229)
	at org.junit.runners.ParentRunner.run(ParentRunner.java:309)
	at org.apache.maven.surefire.junit4.JUnit4Provider.execute(JUnit4Provider.java:365)
	at org.apache.maven.surefire.junit4.JUnit4Provider.executeWithRerun(JUnit4Provider.java:273)
	at org.apache.maven.surefire.junit4.JUnit4Provider.executeTestSet(JUnit4Provider.java:238)
	at org.apache.maven.surefire.junit4.JUnit4Provider.invoke(JUnit4Provider.java:159)
	at org.apache.maven.surefire.booter.ForkedBooter.invokeProviderInSameClassLoader(ForkedBooter.java:384)
	at org.apache.maven.surefire.booter.ForkedBooter.runSuitesInProcess(ForkedBooter.java:345)
	at org.apache.maven.surefire.booter.ForkedBooter.execute(ForkedBooter.java:126)
	at org.apache.maven.surefire.booter.ForkedBooter.main(ForkedBooter.java:418)
</error>
    <system-out><![CDATA[2019-10-15 11:08:26,834 [main] WARN  server.ServerUtils (ServerUtils.java:getScmDbDir(145)) - ozone.scm.db.dirs is not configured. We recommend adding this setting. Falling back to ozone.metadata.dirs instead.
2019-10-15 11:08:26,860 [main] WARN  server.ServerUtils (ServerUtils.java:getScmDbDir(145)) - ozone.scm.db.dirs is not configured. We recommend adding this setting. Falling back to ozone.metadata.dirs instead.
2019-10-15 11:08:26,860 [main] WARN  server.ServerUtils (ServerUtils.java:getScmDbDir(145)) - ozone.scm.db.dirs is not configured. We recommend adding this setting. Falling back to ozone.metadata.dirs instead.
2019-10-15 11:08:26,860 [main] INFO  db.DBStoreBuilder (DBStoreBuilder.java:addTable(117)) - using custom profile for table: deletedBlocks
2019-10-15 11:08:26,861 [main] INFO  db.DBStoreBuilder (DBStoreBuilder.java:processTables(168)) - Using default column profile:DBProfile.DISK for Table:deletedBlocks
2019-10-15 11:08:26,861 [main] INFO  db.DBStoreBuilder (DBStoreBuilder.java:addTable(117)) - using custom profile for table: validCerts
2019-10-15 11:08:26,861 [main] INFO  db.DBStoreBuilder (DBStoreBuilder.java:processTables(168)) - Using default column profile:DBProfile.DISK for Table:validCerts
2019-10-15 11:08:26,861 [main] INFO  db.DBStoreBuilder (DBStoreBuilder.java:addTable(117)) - using custom profile for table: revokedCerts
2019-10-15 11:08:26,861 [main] INFO  db.DBStoreBuilder (DBStoreBuilder.java:processTables(168)) - Using default column profile:DBProfile.DISK for Table:revokedCerts
2019-10-15 11:08:26,862 [main] INFO  db.DBStoreBuilder (DBStoreBuilder.java:addTable(117)) - using custom profile for table: default
2019-10-15 11:08:26,862 [main] INFO  db.DBStoreBuilder (DBStoreBuilder.java:processTables(174)) - Using default column profile:DBProfile.DISK for Table:default
2019-10-15 11:08:26,862 [main] INFO  db.DBStoreBuilder (DBStoreBuilder.java:getDbProfile(205)) - Using default options. DBProfile.DISK
2019-10-15 11:08:27,239 [main] INFO  net.NodeSchemaLoader (NodeSchemaLoader.java:loadSchemaFromFile(125)) - Loading file from sun.misc.CompoundEnumeration@18e4674d
2019-10-15 11:08:27,239 [main] INFO  net.NodeSchemaLoader (NodeSchemaLoader.java:loadSchema(171)) - Loading network topology layer schema file
2019-10-15 11:08:27,246 [main] WARN  server.ServerUtils (ServerUtils.java:sanitizeUserArgs(70)) - ozone.scm.stale.node.interval value = 300000 is larger than max = 100000 based on the key value of ozone.scm.heartbeat.thread.interval, reset to the max value 100000.
2019-10-15 11:08:27,246 [main] WARN  server.ServerUtils (ServerUtils.java:sanitizeUserArgs(70)) - ozone.scm.stale.node.interval value = 300000 is larger than max = 100000 based on the key value of ozone.scm.heartbeat.thread.interval, reset to the max value 100000.
2019-10-15 11:08:27,246 [main] INFO  node.SCMNodeManager (SCMNodeManager.java:<init>(116)) - Entering startup safe mode.
2019-10-15 11:08:27,247 [main] INFO  algorithms.ContainerPlacementPolicyFactory (ContainerPlacementPolicyFactory.java:getPolicy(57)) - Create container placement policy of type org.apache.hadoop.hdds.scm.container.placement.algorithms.SCMContainerPlacementRandom
2019-10-15 11:08:27,248 [main] WARN  server.ServerUtils (ServerUtils.java:getScmDbDir(145)) - ozone.scm.db.dirs is not configured. We recommend adding this setting. Falling back to ozone.metadata.dirs instead.
2019-10-15 11:08:27,388 [main] INFO  pipeline.SCMPipelineManager (SCMPipelineManager.java:initializePipelineState(132)) - No pipeline exists in current db
2019-10-15 11:08:27,388 [main] WARN  server.ServerUtils (ServerUtils.java:getScmDbDir(145)) - ozone.scm.db.dirs is not configured. We recommend adding this setting. Falling back to ozone.metadata.dirs instead.
2019-10-15 11:08:27,526 [main] WARN  events.EventQueue (EventQueue.java:fireEvent(183)) - No event handler registered for event TypedEvent{payloadType=SafeModeStatus, name='SafeModeStatus'}
2019-10-15 11:08:27,527 [main] INFO  ipc.CallQueueManager (CallQueueManager.java:<init>(84)) - Using callQueue: class java.util.concurrent.LinkedBlockingQueue, queueCapacity: 2000, scheduler: class org.apache.hadoop.ipc.DefaultRpcScheduler, ipcBackoff: false.
2019-10-15 11:08:27,528 [Socket Reader #1 for port 46330] INFO  ipc.Server (Server.java:run(1074)) - Starting Socket Reader #1 for port 46330
2019-10-15 11:08:27,533 [main] INFO  ipc.CallQueueManager (CallQueueManager.java:<init>(84)) - Using callQueue: class java.util.concurrent.LinkedBlockingQueue, queueCapacity: 2000, scheduler: class org.apache.hadoop.ipc.DefaultRpcScheduler, ipcBackoff: false.
2019-10-15 11:08:27,534 [Socket Reader #1 for port 41048] INFO  ipc.Server (Server.java:run(1074)) - Starting Socket Reader #1 for port 41048
2019-10-15 11:08:27,537 [main] INFO  ipc.CallQueueManager (CallQueueManager.java:<init>(84)) - Using callQueue: class java.util.concurrent.LinkedBlockingQueue, queueCapacity: 2000, scheduler: class org.apache.hadoop.ipc.DefaultRpcScheduler, ipcBackoff: false.
2019-10-15 11:08:27,538 [Socket Reader #1 for port 35119] INFO  ipc.Server (Server.java:run(1074)) - Starting Socket Reader #1 for port 35119
2019-10-15 11:08:27,542 [main] INFO  hdfs.DFSUtil (DFSUtil.java:httpServerTemplateForNNAndJN(1641)) - Starting Web-server for scm at: http://0.0.0.0:0
2019-10-15 11:08:27,545 [main] INFO  server.AuthenticationFilter (AuthenticationFilter.java:constructSecretProvider(240)) - Unable to initialize FileSignerSecretProvider, falling back to use random secrets.
2019-10-15 11:08:27,545 [main] WARN  http.HttpRequestLog (HttpRequestLog.java:getRequestLog(97)) - Jetty request log can only be enabled using Log4j
2019-10-15 11:08:27,548 [main] INFO  http.HttpServer2 (HttpServer2.java:addGlobalFilter(975)) - Added global filter 'safety' (class=org.apache.hadoop.http.HttpServer2$QuotingInputFilter)
2019-10-15 11:08:27,549 [main] INFO  http.HttpServer2 (HttpServer2.java:addFilter(948)) - Added filter static_user_filter (class=org.apache.hadoop.http.lib.StaticUserWebFilter$StaticUserFilter) to context scm
2019-10-15 11:08:27,550 [main] INFO  http.HttpServer2 (HttpServer2.java:addFilter(958)) - Added filter static_user_filter (class=org.apache.hadoop.http.lib.StaticUserWebFilter$StaticUserFilter) to context logs
2019-10-15 11:08:27,550 [main] INFO  http.HttpServer2 (HttpServer2.java:addFilter(958)) - Added filter static_user_filter (class=org.apache.hadoop.http.lib.StaticUserWebFilter$StaticUserFilter) to context static
2019-10-15 11:08:27,553 [main] INFO  server.StorageContainerManager (StorageContainerManager.java:start(772)) - StorageContainerLocationProtocol RPC server is listening at /0.0.0.0:35119
2019-10-15 11:08:27,556 [main] WARN  impl.MetricsConfig (MetricsConfig.java:loadFirst(134)) - Cannot locate configuration: tried hadoop-metrics2-storagecontainermanager.properties,hadoop-metrics2.properties
2019-10-15 11:08:27,557 [main] INFO  impl.MetricsSystemImpl (MetricsSystemImpl.java:startTimer(374)) - Scheduled Metric snapshot period at 10 second(s).
2019-10-15 11:08:27,558 [main] INFO  impl.MetricsSystemImpl (MetricsSystemImpl.java:start(191)) - StorageContainerManager metrics system started
2019-10-15 11:08:27,839 [main] WARN  impl.MetricsSystemImpl (MetricsSystemImpl.java:register(276)) - Sink prometheus already exists!
2019-10-15 11:08:28,132 [main] INFO  server.SCMClientProtocolServer (SCMClientProtocolServer.java:start(159)) - RPC server for Client  is listening at /0.0.0.0:35119
2019-10-15 11:08:28,133 [IPC Server Responder] INFO  ipc.Server (Server.java:run(1314)) - IPC Server Responder: starting
2019-10-15 11:08:28,135 [IPC Server listener on 35119] INFO  ipc.Server (Server.java:run(1153)) - IPC Server listener on 35119: starting
2019-10-15 11:08:28,142 [main] INFO  server.StorageContainerManager (StorageContainerManager.java:start(782)) - ScmBlockLocationProtocol RPC server is listening at /0.0.0.0:41048
2019-10-15 11:08:28,142 [main] INFO  server.SCMBlockProtocolServer (SCMBlockProtocolServer.java:start(146)) - RPC server for Block Protocol is listening at /0.0.0.0:41048
2019-10-15 11:08:28,143 [IPC Server Responder] INFO  ipc.Server (Server.java:run(1314)) - IPC Server Responder: starting
2019-10-15 11:08:28,143 [IPC Server listener on 41048] INFO  ipc.Server (Server.java:run(1153)) - IPC Server listener on 41048: starting
2019-10-15 11:08:28,155 [main] INFO  server.StorageContainerManager (StorageContainerManager.java:start(786)) - ScmDatanodeProtocl RPC server is listening at /0.0.0.0:46330
2019-10-15 11:08:28,155 [grpc-default-executor-4] WARN  server.GrpcLogAppender (LogUtils.java:warn(134)) - 172a2998-bf86-4637-a4be-957637693d81@group-571077ABE93B->144b8dad-4f9f-4727-95df-54da78a09e68-AppendLogResponseHandler: Failed appendEntries: org.apache.ratis.thirdparty.io.grpc.StatusRuntimeException: UNAVAILABLE: io exception
2019-10-15 11:08:28,155 [grpc-default-executor-5] WARN  server.GrpcLogAppender (LogUtils.java:warn(134)) - 172a2998-bf86-4637-a4be-957637693d81@group-571077ABE93B->d6d9a674-7f3a-482e-be06-219964726ba5-AppendLogResponseHandler: Failed appendEntries: org.apache.ratis.thirdparty.io.grpc.StatusRuntimeException: UNAVAILABLE: io exception
2019-10-15 11:08:28,156 [grpc-default-executor-4] INFO  impl.FollowerInfo (FollowerInfo.java:lambda$new$0(51)) - 172a2998-bf86-4637-a4be-957637693d81@group-571077ABE93B->144b8dad-4f9f-4727-95df-54da78a09e68: nextIndex: updateUnconditionally 0 -> 0
2019-10-15 11:08:28,155 [main] INFO  server.SCMDatanodeProtocolServer (SCMDatanodeProtocolServer.java:start(169)) - RPC server for DataNodes is listening at /0.0.0.0:46330
2019-10-15 11:08:28,156 [grpc-default-executor-5] INFO  impl.FollowerInfo (FollowerInfo.java:lambda$new$0(51)) - 172a2998-bf86-4637-a4be-957637693d81@group-571077ABE93B->d6d9a674-7f3a-482e-be06-219964726ba5: nextIndex: updateUnconditionally 0 -> 0
2019-10-15 11:08:28,157 [IPC Server Responder] INFO  ipc.Server (Server.java:run(1314)) - IPC Server Responder: starting
2019-10-15 11:08:28,157 [IPC Server listener on 46330] INFO  ipc.Server (Server.java:run(1153)) - IPC Server listener on 46330: starting
2019-10-15 11:08:28,164 [main] INFO  http.HttpServer2 (HttpServer2.java:bindListener(1191)) - Jetty bound to port 38352
2019-10-15 11:08:28,164 [main] INFO  server.Server (Server.java:doStart(351)) - jetty-9.3.25.v20180904, build timestamp: 2018-09-04T21:11:46Z, git hash: 3ce520221d0240229c862b122d2b06c12a625732
2019-10-15 11:08:28,166 [main] INFO  handler.ContextHandler (ContextHandler.java:doStart(781)) - Started o.e.j.s.ServletContextHandler@580902cd{/logs,file:///workdir/hadoop-ozone/integration-test/target/log,AVAILABLE}
2019-10-15 11:08:28,167 [main] INFO  handler.ContextHandler (ContextHandler.java:doStart(781)) - Started o.e.j.s.ServletContextHandler@1653b84e{/static,file:///workdir/hadoop-ozone/integration-test/target/test-classes/webapps/static,AVAILABLE}
2019-10-15 11:08:28,172 [main] INFO  handler.ContextHandler (ContextHandler.java:doStart(781)) - Started o.e.j.w.WebAppContext@21edd891{/,file:///workdir/hadoop-ozone/integration-test/target/test-classes/webapps/scm/,AVAILABLE}{/scm}
2019-10-15 11:08:28,172 [main] INFO  server.AbstractConnector (AbstractConnector.java:doStart(278)) - Started ServerConnector@de579ff{HTTP/1.1,[http/1.1]}{0.0.0.0:38352}
2019-10-15 11:08:28,175 [main] INFO  server.Server (Server.java:doStart(419)) - Started @209627ms
2019-10-15 11:08:28,175 [main] WARN  impl.MetricsSystemImpl (MetricsSystemImpl.java:register(276)) - Sink prometheus already exists!
2019-10-15 11:08:28,176 [main] INFO  server.BaseHttpServer (BaseHttpServer.java:updateConnectorAddress(215)) - HTTP server of SCM is listening at http://0.0.0.0:38352
2019-10-15 11:08:28,177 [main] WARN  server.ServerUtils (ServerUtils.java:getDBPath(222)) - ozone.om.db.dirs is not configured. We recommend adding this setting. Falling back to ozone.metadata.dirs instead.
2019-10-15 11:08:28,177 [org.apache.hadoop.util.JvmPauseMonitor$Monitor@2fd39436] INFO  util.JvmPauseMonitor (JvmPauseMonitor.java:run(188)) - Starting JVM pause monitor
2019-10-15 11:08:28,206 [main] INFO  ha.OMHANodeDetails (OMHANodeDetails.java:loadOMHAConfig(190)) - Configuration either no ozone.om.address set. Falling back to the default OM address /127.0.0.1:0
2019-10-15 11:08:28,206 [main] INFO  ha.OMHANodeDetails (OMHANodeDetails.java:getOMNodeDetails(220)) - OM Service ID is not set. Setting it to the default ID: omServiceIdDefault
2019-10-15 11:08:28,207 [main] WARN  server.ServerUtils (ServerUtils.java:getDBPath(222)) - ozone.om.db.dirs is not configured. We recommend adding this setting. Falling back to ozone.metadata.dirs instead.
2019-10-15 11:08:28,207 [main] WARN  server.ServerUtils (ServerUtils.java:getDBPath(222)) - ozone.om.db.dirs is not configured. We recommend adding this setting. Falling back to ozone.metadata.dirs instead.
2019-10-15 11:08:28,237 [main] WARN  server.ServerUtils (ServerUtils.java:getDBPath(222)) - ozone.om.db.dirs is not configured. We recommend adding this setting. Falling back to ozone.metadata.dirs instead.
2019-10-15 11:08:28,238 [main] INFO  db.DBStoreBuilder (DBStoreBuilder.java:addTable(117)) - using custom profile for table: userTable
2019-10-15 11:08:28,238 [main] INFO  db.DBStoreBuilder (DBStoreBuilder.java:processTables(168)) - Using default column profile:DBProfile.DISK for Table:userTable
2019-10-15 11:08:28,238 [main] INFO  db.DBStoreBuilder (DBStoreBuilder.java:addTable(117)) - using custom profile for table: volumeTable
2019-10-15 11:08:28,238 [main] INFO  db.DBStoreBuilder (DBStoreBuilder.java:processTables(168)) - Using default column profile:DBProfile.DISK for Table:volumeTable
2019-10-15 11:08:28,238 [main] INFO  db.DBStoreBuilder (DBStoreBuilder.java:addTable(117)) - using custom profile for table: bucketTable
2019-10-15 11:08:28,238 [main] INFO  db.DBStoreBuilder (DBStoreBuilder.java:processTables(168)) - Using default column profile:DBProfile.DISK for Table:bucketTable
2019-10-15 11:08:28,239 [main] INFO  db.DBStoreBuilder (DBStoreBuilder.java:addTable(117)) - using custom profile for table: keyTable
2019-10-15 11:08:28,239 [main] INFO  db.DBStoreBuilder (DBStoreBuilder.java:processTables(168)) - Using default column profile:DBProfile.DISK for Table:keyTable
2019-10-15 11:08:28,239 [main] INFO  db.DBStoreBuilder (DBStoreBuilder.java:addTable(117)) - using custom profile for table: deletedTable
2019-10-15 11:08:28,239 [main] INFO  db.DBStoreBuilder (DBStoreBuilder.java:processTables(168)) - Using default column profile:DBProfile.DISK for Table:deletedTable
2019-10-15 11:08:28,240 [main] INFO  db.DBStoreBuilder (DBStoreBuilder.java:addTable(117)) - using custom profile for table: openKeyTable
2019-10-15 11:08:28,240 [main] INFO  db.DBStoreBuilder (DBStoreBuilder.java:processTables(168)) - Using default column profile:DBProfile.DISK for Table:openKeyTable
2019-10-15 11:08:28,240 [main] INFO  db.DBStoreBuilder (DBStoreBuilder.java:addTable(117)) - using custom profile for table: s3Table
2019-10-15 11:08:28,240 [main] INFO  db.DBStoreBuilder (DBStoreBuilder.java:processTables(168)) - Using default column profile:DBProfile.DISK for Table:s3Table
2019-10-15 11:08:28,241 [main] INFO  db.DBStoreBuilder (DBStoreBuilder.java:addTable(117)) - using custom profile for table: multipartInfoTable
2019-10-15 11:08:28,241 [main] INFO  db.DBStoreBuilder (DBStoreBuilder.java:processTables(168)) - Using default column profile:DBProfile.DISK for Table:multipartInfoTable
2019-10-15 11:08:28,241 [main] INFO  db.DBStoreBuilder (DBStoreBuilder.java:addTable(117)) - using custom profile for table: dTokenTable
2019-10-15 11:08:28,241 [main] INFO  db.DBStoreBuilder (DBStoreBuilder.java:processTables(168)) - Using default column profile:DBProfile.DISK for Table:dTokenTable
2019-10-15 11:08:28,242 [main] INFO  db.DBStoreBuilder (DBStoreBuilder.java:addTable(117)) - using custom profile for table: s3SecretTable
2019-10-15 11:08:28,242 [main] INFO  db.DBStoreBuilder (DBStoreBuilder.java:processTables(168)) - Using default column profile:DBProfile.DISK for Table:s3SecretTable
2019-10-15 11:08:28,242 [main] INFO  db.DBStoreBuilder (DBStoreBuilder.java:addTable(117)) - using custom profile for table: prefixTable
2019-10-15 11:08:28,242 [main] INFO  db.DBStoreBuilder (DBStoreBuilder.java:processTables(168)) - Using default column profile:DBProfile.DISK for Table:prefixTable
2019-10-15 11:08:28,242 [main] INFO  db.DBStoreBuilder (DBStoreBuilder.java:addTable(117)) - using custom profile for table: default
2019-10-15 11:08:28,243 [main] INFO  db.DBStoreBuilder (DBStoreBuilder.java:processTables(174)) - Using default column profile:DBProfile.DISK for Table:default
2019-10-15 11:08:28,243 [main] INFO  db.DBStoreBuilder (DBStoreBuilder.java:getDbProfile(205)) - Using default options. DBProfile.DISK
2019-10-15 11:08:29,082 [main] INFO  ipc.CallQueueManager (CallQueueManager.java:<init>(84)) - Using callQueue: class java.util.concurrent.LinkedBlockingQueue, queueCapacity: 2000, scheduler: class org.apache.hadoop.ipc.DefaultRpcScheduler, ipcBackoff: false.
2019-10-15 11:08:29,083 [Socket Reader #1 for port 34488] INFO  ipc.Server (Server.java:run(1074)) - Starting Socket Reader #1 for port 34488
2019-10-15 11:08:29,100 [main] INFO  om.OzoneManager (OzoneManager.java:start(1075)) - OzoneManager RPC server is listening at localhost/127.0.0.1:34488
2019-10-15 11:08:29,100 [main] INFO  impl.MetricsSystemImpl (MetricsSystemImpl.java:init(158)) - OzoneManager metrics system started (again)
2019-10-15 11:08:29,103 [IPC Server Responder] INFO  ipc.Server (Server.java:run(1314)) - IPC Server Responder: starting
2019-10-15 11:08:29,103 [IPC Server listener on 34488] INFO  ipc.Server (Server.java:run(1153)) - IPC Server listener on 34488: starting
2019-10-15 11:08:29,112 [main] INFO  hdfs.DFSUtil (DFSUtil.java:httpServerTemplateForNNAndJN(1641)) - Starting Web-server for ozoneManager at: http://0.0.0.0:0
2019-10-15 11:08:29,113 [main] INFO  server.AuthenticationFilter (AuthenticationFilter.java:constructSecretProvider(240)) - Unable to initialize FileSignerSecretProvider, falling back to use random secrets.
2019-10-15 11:08:29,114 [main] WARN  http.HttpRequestLog (HttpRequestLog.java:getRequestLog(97)) - Jetty request log can only be enabled using Log4j
2019-10-15 11:08:29,115 [main] INFO  http.HttpServer2 (HttpServer2.java:addGlobalFilter(975)) - Added global filter 'safety' (class=org.apache.hadoop.http.HttpServer2$QuotingInputFilter)
2019-10-15 11:08:29,116 [main] INFO  http.HttpServer2 (HttpServer2.java:addFilter(948)) - Added filter static_user_filter (class=org.apache.hadoop.http.lib.StaticUserWebFilter$StaticUserFilter) to context ozoneManager
2019-10-15 11:08:29,116 [main] INFO  http.HttpServer2 (HttpServer2.java:addFilter(958)) - Added filter static_user_filter (class=org.apache.hadoop.http.lib.StaticUserWebFilter$StaticUserFilter) to context logs
2019-10-15 11:08:29,116 [main] INFO  http.HttpServer2 (HttpServer2.java:addFilter(958)) - Added filter static_user_filter (class=org.apache.hadoop.http.lib.StaticUserWebFilter$StaticUserFilter) to context static
2019-10-15 11:08:29,117 [main] INFO  http.HttpServer2 (HttpServer2.java:bindListener(1191)) - Jetty bound to port 33961
2019-10-15 11:08:29,117 [main] INFO  server.Server (Server.java:doStart(351)) - jetty-9.3.25.v20180904, build timestamp: 2018-09-04T21:11:46Z, git hash: 3ce520221d0240229c862b122d2b06c12a625732
2019-10-15 11:08:29,119 [main] INFO  handler.ContextHandler (ContextHandler.java:doStart(781)) - Started o.e.j.s.ServletContextHandler@14efa279{/logs,file:///workdir/hadoop-ozone/integration-test/target/log,AVAILABLE}
2019-10-15 11:08:29,119 [main] INFO  handler.ContextHandler (ContextHandler.java:doStart(781)) - Started o.e.j.s.ServletContextHandler@e62319f{/static,file:///workdir/hadoop-ozone/integration-test/target/test-classes/webapps/static,AVAILABLE}
2019-10-15 11:08:29,123 [main] INFO  handler.ContextHandler (ContextHandler.java:doStart(781)) - Started o.e.j.w.WebAppContext@191a0351{/,file:///workdir/hadoop-ozone/integration-test/target/test-classes/webapps/ozoneManager/,AVAILABLE}{/ozoneManager}
2019-10-15 11:08:29,124 [main] INFO  server.AbstractConnector (AbstractConnector.java:doStart(278)) - Started ServerConnector@67328bcb{HTTP/1.1,[http/1.1]}{0.0.0.0:33961}
2019-10-15 11:08:29,126 [main] INFO  server.Server (Server.java:doStart(419)) - Started @210577ms
2019-10-15 11:08:29,126 [main] WARN  impl.MetricsSystemImpl (MetricsSystemImpl.java:register(276)) - Sink prometheus already exists!
2019-10-15 11:08:29,127 [main] INFO  server.BaseHttpServer (BaseHttpServer.java:updateConnectorAddress(215)) - HTTP server of OZONEMANAGER is listening at http://0.0.0.0:33961
2019-10-15 11:08:29,143 [main] INFO  impl.MetricsSystemImpl (MetricsSystemImpl.java:init(158)) - HddsDatanode metrics system started (again)
2019-10-15 11:08:29,165 [main] INFO  ozone.HddsDatanodeService (HddsDatanodeService.java:start(184)) - HddsDatanodeService host:pr-hdds-2206-66z5g-837117227 ip:192.168.164.236
2019-10-15 11:08:29,175 [main] INFO  volume.HddsVolume (HddsVolume.java:<init>(176)) - Creating Volume: /workdir/hadoop-ozone/integration-test/target/test-dir/MiniOzoneClusterImpl-b6bb93f9-7d52-4d17-8ba0-c855a5f9d90e/datanode-0/data/containers/hdds of  storage type : DISK and capacity : 1482555576320
2019-10-15 11:08:29,176 [main] INFO  volume.VolumeSet (VolumeSet.java:initializeVolumeSet(170)) - Added Volume : /workdir/hadoop-ozone/integration-test/target/test-dir/MiniOzoneClusterImpl-b6bb93f9-7d52-4d17-8ba0-c855a5f9d90e/datanode-0/data/containers/hdds to VolumeSet
2019-10-15 11:08:29,176 [main] INFO  volume.ThrottledAsyncChecker (ThrottledAsyncChecker.java:schedule(141)) - Scheduling a check for /workdir/hadoop-ozone/integration-test/target/test-dir/MiniOzoneClusterImpl-b6bb93f9-7d52-4d17-8ba0-c855a5f9d90e/datanode-0/data/containers/hdds
2019-10-15 11:08:29,176 [main] INFO  volume.HddsVolumeChecker (HddsVolumeChecker.java:checkAllVolumes(204)) - Scheduled health check for volume /workdir/hadoop-ozone/integration-test/target/test-dir/MiniOzoneClusterImpl-b6bb93f9-7d52-4d17-8ba0-c855a5f9d90e/datanode-0/data/containers/hdds
2019-10-15 11:08:29,193 [main] INFO  impl.RaftServerProxy (ConfUtils.java:logGet(43)) - raft.rpc.type = GRPC (default)
2019-10-15 11:08:29,193 [main] INFO  grpc.GrpcFactory (GrpcFactory.java:checkPooledByteBufAllocatorUseCacheForAllThreads(45)) - PERFORMANCE WARNING: useCacheForAllThreads is true that may cause Netty to create a lot garbage objects and, as a result, trigger GC.
	It is recommended to disable useCacheForAllThreads by setting -Dorg.apache.ratis.thirdparty.io.netty.allocator.useCacheForAllThreads=false in command line.
2019-10-15 11:08:29,193 [main] INFO  grpc.GrpcConfigKeys$Server (ConfUtils.java:logGet(43)) - raft.grpc.server.port = 0 (default)
2019-10-15 11:08:29,193 [main] INFO  server.GrpcService (ConfUtils.java:logGet(43)) - raft.grpc.message.size.max = 33570816 (custom)
2019-10-15 11:08:29,194 [main] INFO  server.RaftServerConfigKeys (ConfUtils.java:logGet(43)) - raft.server.log.appender.buffer.byte-limit = 33554432 (custom)
2019-10-15 11:08:29,194 [main] INFO  server.GrpcService (ConfUtils.java:logGet(43)) - raft.grpc.flow.control.window = 1MB (=1048576) (default)
2019-10-15 11:08:29,194 [main] INFO  server.RaftServerConfigKeys (ConfUtils.java:logGet(43)) - raft.server.rpc.request.timeout = 3000ms (default)
2019-10-15 11:08:29,194 [main] INFO  server.RaftServerConfigKeys (ConfUtils.java:logGet(43)) - raft.server.storage.dir = [/workdir/hadoop-ozone/integration-test/target/test-dir/MiniOzoneClusterImpl-b6bb93f9-7d52-4d17-8ba0-c855a5f9d90e/datanode-0/data/ratis] (custom)
2019-10-15 11:08:29,196 [main] INFO  hdfs.DFSUtil (DFSUtil.java:httpServerTemplateForNNAndJN(1641)) - Starting Web-server for hddsDatanode at: http://0.0.0.0:0
2019-10-15 11:08:29,197 [main] INFO  server.AuthenticationFilter (AuthenticationFilter.java:constructSecretProvider(240)) - Unable to initialize FileSignerSecretProvider, falling back to use random secrets.
2019-10-15 11:08:29,198 [main] WARN  http.HttpRequestLog (HttpRequestLog.java:getRequestLog(97)) - Jetty request log can only be enabled using Log4j
2019-10-15 11:08:29,199 [main] INFO  http.HttpServer2 (HttpServer2.java:addGlobalFilter(975)) - Added global filter 'safety' (class=org.apache.hadoop.http.HttpServer2$QuotingInputFilter)
2019-10-15 11:08:29,200 [main] INFO  http.HttpServer2 (HttpServer2.java:addFilter(948)) - Added filter static_user_filter (class=org.apache.hadoop.http.lib.StaticUserWebFilter$StaticUserFilter) to context hddsDatanode
2019-10-15 11:08:29,200 [main] INFO  http.HttpServer2 (HttpServer2.java:addFilter(958)) - Added filter static_user_filter (class=org.apache.hadoop.http.lib.StaticUserWebFilter$StaticUserFilter) to context logs
2019-10-15 11:08:29,200 [main] INFO  http.HttpServer2 (HttpServer2.java:addFilter(958)) - Added filter static_user_filter (class=org.apache.hadoop.http.lib.StaticUserWebFilter$StaticUserFilter) to context static
2019-10-15 11:08:29,201 [main] INFO  http.HttpServer2 (HttpServer2.java:bindListener(1191)) - Jetty bound to port 37599
2019-10-15 11:08:29,201 [main] INFO  server.Server (Server.java:doStart(351)) - jetty-9.3.25.v20180904, build timestamp: 2018-09-04T21:11:46Z, git hash: 3ce520221d0240229c862b122d2b06c12a625732
2019-10-15 11:08:29,203 [main] INFO  handler.ContextHandler (ContextHandler.java:doStart(781)) - Started o.e.j.s.ServletContextHandler@611d0763{/logs,file:///workdir/hadoop-ozone/integration-test/target/log,AVAILABLE}
2019-10-15 11:08:29,203 [main] INFO  handler.ContextHandler (ContextHandler.java:doStart(781)) - Started o.e.j.s.ServletContextHandler@1e226bcd{/static,jar:file:/home/user/.m2/repository/org/apache/hadoop/hadoop-hdds-container-service/0.5.0-SNAPSHOT/hadoop-hdds-container-service-0.5.0-SNAPSHOT.jar!/webapps/static,AVAILABLE}
2019-10-15 11:08:29,238 [main] INFO  handler.ContextHandler (ContextHandler.java:doStart(781)) - Started o.e.j.w.WebAppContext@1bd8afc8{/,file:///tmp/jetty-0.0.0.0-37599-hddsDatanode-_-any-3544144714059125832.dir/webapp/,AVAILABLE}{/hddsDatanode}
2019-10-15 11:08:29,243 [main] INFO  server.AbstractConnector (AbstractConnector.java:doStart(278)) - Started ServerConnector@24134cbc{HTTP/1.1,[http/1.1]}{0.0.0.0:37599}
2019-10-15 11:08:29,244 [main] INFO  server.Server (Server.java:doStart(419)) - Started @210695ms
2019-10-15 11:08:29,244 [main] WARN  impl.MetricsSystemImpl (MetricsSystemImpl.java:register(276)) - Sink prometheus already exists!
2019-10-15 11:08:29,244 [main] INFO  server.BaseHttpServer (BaseHttpServer.java:updateConnectorAddress(215)) - HTTP server of HDDSDATANODE is listening at http://0.0.0.0:37599
2019-10-15 11:08:29,245 [main] INFO  impl.MetricsSystemImpl (MetricsSystemImpl.java:init(158)) - HddsDatanode metrics system started (again)
2019-10-15 11:08:29,264 [org.apache.hadoop.util.JvmPauseMonitor$Monitor@358cb46] INFO  util.JvmPauseMonitor (JvmPauseMonitor.java:run(188)) - Starting JVM pause monitor
2019-10-15 11:08:29,266 [Datanode State Machine Thread - 0] INFO  datanode.InitDatanodeState (InitDatanodeState.java:persistContainerDatanodeDetails(140)) - DatanodeDetails is persisted to /workdir/hadoop-ozone/integration-test/target/test-dir/MiniOzoneClusterImpl-b6bb93f9-7d52-4d17-8ba0-c855a5f9d90e/datanode-0/meta/datanode.id
2019-10-15 11:08:29,266 [main] INFO  ozone.HddsDatanodeService (HddsDatanodeService.java:start(184)) - HddsDatanodeService host:pr-hdds-2206-66z5g-837117227 ip:192.168.164.236
2019-10-15 11:08:29,276 [main] INFO  volume.HddsVolume (HddsVolume.java:<init>(176)) - Creating Volume: /workdir/hadoop-ozone/integration-test/target/test-dir/MiniOzoneClusterImpl-b6bb93f9-7d52-4d17-8ba0-c855a5f9d90e/datanode-1/data/containers/hdds of  storage type : DISK and capacity : 1482555576320
2019-10-15 11:08:29,277 [main] INFO  volume.VolumeSet (VolumeSet.java:initializeVolumeSet(170)) - Added Volume : /workdir/hadoop-ozone/integration-test/target/test-dir/MiniOzoneClusterImpl-b6bb93f9-7d52-4d17-8ba0-c855a5f9d90e/datanode-1/data/containers/hdds to VolumeSet
2019-10-15 11:08:29,277 [main] INFO  volume.ThrottledAsyncChecker (ThrottledAsyncChecker.java:schedule(141)) - Scheduling a check for /workdir/hadoop-ozone/integration-test/target/test-dir/MiniOzoneClusterImpl-b6bb93f9-7d52-4d17-8ba0-c855a5f9d90e/datanode-1/data/containers/hdds
2019-10-15 11:08:29,278 [main] INFO  volume.HddsVolumeChecker (HddsVolumeChecker.java:checkAllVolumes(204)) - Scheduled health check for volume /workdir/hadoop-ozone/integration-test/target/test-dir/MiniOzoneClusterImpl-b6bb93f9-7d52-4d17-8ba0-c855a5f9d90e/datanode-1/data/containers/hdds
2019-10-15 11:08:29,299 [main] INFO  impl.RaftServerProxy (ConfUtils.java:logGet(43)) - raft.rpc.type = GRPC (default)
2019-10-15 11:08:29,299 [main] INFO  grpc.GrpcFactory (GrpcFactory.java:checkPooledByteBufAllocatorUseCacheForAllThreads(45)) - PERFORMANCE WARNING: useCacheForAllThreads is true that may cause Netty to create a lot garbage objects and, as a result, trigger GC.
	It is recommended to disable useCacheForAllThreads by setting -Dorg.apache.ratis.thirdparty.io.netty.allocator.useCacheForAllThreads=false in command line.
2019-10-15 11:08:29,300 [main] INFO  grpc.GrpcConfigKeys$Server (ConfUtils.java:logGet(43)) - raft.grpc.server.port = 0 (default)
2019-10-15 11:08:29,300 [main] INFO  server.GrpcService (ConfUtils.java:logGet(43)) - raft.grpc.message.size.max = 33570816 (custom)
2019-10-15 11:08:29,300 [main] INFO  server.RaftServerConfigKeys (ConfUtils.java:logGet(43)) - raft.server.log.appender.buffer.byte-limit = 33554432 (custom)
2019-10-15 11:08:29,301 [main] INFO  server.GrpcService (ConfUtils.java:logGet(43)) - raft.grpc.flow.control.window = 1MB (=1048576) (default)
2019-10-15 11:08:29,301 [main] INFO  server.RaftServerConfigKeys (ConfUtils.java:logGet(43)) - raft.server.rpc.request.timeout = 3000ms (default)
2019-10-15 11:08:29,302 [main] INFO  server.RaftServerConfigKeys (ConfUtils.java:logGet(43)) - raft.server.storage.dir = [/workdir/hadoop-ozone/integration-test/target/test-dir/MiniOzoneClusterImpl-b6bb93f9-7d52-4d17-8ba0-c855a5f9d90e/datanode-1/data/ratis] (custom)
2019-10-15 11:08:29,304 [main] INFO  hdfs.DFSUtil (DFSUtil.java:httpServerTemplateForNNAndJN(1641)) - Starting Web-server for hddsDatanode at: http://0.0.0.0:0
2019-10-15 11:08:29,306 [main] INFO  server.AuthenticationFilter (AuthenticationFilter.java:constructSecretProvider(240)) - Unable to initialize FileSignerSecretProvider, falling back to use random secrets.
2019-10-15 11:08:29,307 [main] WARN  http.HttpRequestLog (HttpRequestLog.java:getRequestLog(97)) - Jetty request log can only be enabled using Log4j
2019-10-15 11:08:29,309 [main] INFO  http.HttpServer2 (HttpServer2.java:addGlobalFilter(975)) - Added global filter 'safety' (class=org.apache.hadoop.http.HttpServer2$QuotingInputFilter)
2019-10-15 11:08:29,309 [main] INFO  http.HttpServer2 (HttpServer2.java:addFilter(948)) - Added filter static_user_filter (class=org.apache.hadoop.http.lib.StaticUserWebFilter$StaticUserFilter) to context hddsDatanode
2019-10-15 11:08:29,310 [main] INFO  http.HttpServer2 (HttpServer2.java:addFilter(958)) - Added filter static_user_filter (class=org.apache.hadoop.http.lib.StaticUserWebFilter$StaticUserFilter) to context static
2019-10-15 11:08:29,310 [main] INFO  http.HttpServer2 (HttpServer2.java:addFilter(958)) - Added filter static_user_filter (class=org.apache.hadoop.http.lib.StaticUserWebFilter$StaticUserFilter) to context logs
2019-10-15 11:08:29,311 [main] INFO  http.HttpServer2 (HttpServer2.java:bindListener(1191)) - Jetty bound to port 37003
2019-10-15 11:08:29,311 [main] INFO  server.Server (Server.java:doStart(351)) - jetty-9.3.25.v20180904, build timestamp: 2018-09-04T21:11:46Z, git hash: 3ce520221d0240229c862b122d2b06c12a625732
2019-10-15 11:08:29,314 [main] INFO  handler.ContextHandler (ContextHandler.java:doStart(781)) - Started o.e.j.s.ServletContextHandler@382d71c7{/logs,file:///workdir/hadoop-ozone/integration-test/target/log,AVAILABLE}
2019-10-15 11:08:29,314 [main] INFO  handler.ContextHandler (ContextHandler.java:doStart(781)) - Started o.e.j.s.ServletContextHandler@34a20f16{/static,jar:file:/home/user/.m2/repository/org/apache/hadoop/hadoop-hdds-container-service/0.5.0-SNAPSHOT/hadoop-hdds-container-service-0.5.0-SNAPSHOT.jar!/webapps/static,AVAILABLE}
2019-10-15 11:08:29,362 [main] INFO  handler.ContextHandler (ContextHandler.java:doStart(781)) - Started o.e.j.w.WebAppContext@285a4fe3{/,file:///tmp/jetty-0.0.0.0-37003-hddsDatanode-_-any-5941591821589043372.dir/webapp/,AVAILABLE}{/hddsDatanode}
2019-10-15 11:08:29,362 [main] INFO  server.AbstractConnector (AbstractConnector.java:doStart(278)) - Started ServerConnector@2589d787{HTTP/1.1,[http/1.1]}{0.0.0.0:37003}
2019-10-15 11:08:29,365 [main] INFO  server.Server (Server.java:doStart(419)) - Started @210817ms
2019-10-15 11:08:29,365 [main] WARN  impl.MetricsSystemImpl (MetricsSystemImpl.java:register(276)) - Sink prometheus already exists!
2019-10-15 11:08:29,366 [main] INFO  server.BaseHttpServer (BaseHttpServer.java:updateConnectorAddress(215)) - HTTP server of HDDSDATANODE is listening at http://0.0.0.0:37003
2019-10-15 11:08:29,366 [main] INFO  impl.MetricsSystemImpl (MetricsSystemImpl.java:init(158)) - HddsDatanode metrics system started (again)
2019-10-15 11:08:29,391 [org.apache.hadoop.util.JvmPauseMonitor$Monitor@63edc286] INFO  util.JvmPauseMonitor (JvmPauseMonitor.java:run(188)) - Starting JVM pause monitor
2019-10-15 11:08:29,392 [Datanode State Machine Thread - 0] INFO  datanode.InitDatanodeState (InitDatanodeState.java:persistContainerDatanodeDetails(140)) - DatanodeDetails is persisted to /workdir/hadoop-ozone/integration-test/target/test-dir/MiniOzoneClusterImpl-b6bb93f9-7d52-4d17-8ba0-c855a5f9d90e/datanode-1/meta/datanode.id
2019-10-15 11:08:29,393 [main] INFO  ozone.HddsDatanodeService (HddsDatanodeService.java:start(184)) - HddsDatanodeService host:pr-hdds-2206-66z5g-837117227 ip:192.168.164.236
2019-10-15 11:08:29,404 [main] INFO  volume.HddsVolume (HddsVolume.java:<init>(176)) - Creating Volume: /workdir/hadoop-ozone/integration-test/target/test-dir/MiniOzoneClusterImpl-b6bb93f9-7d52-4d17-8ba0-c855a5f9d90e/datanode-2/data/containers/hdds of  storage type : DISK and capacity : 1482555576320
2019-10-15 11:08:29,405 [main] INFO  volume.VolumeSet (VolumeSet.java:initializeVolumeSet(170)) - Added Volume : /workdir/hadoop-ozone/integration-test/target/test-dir/MiniOzoneClusterImpl-b6bb93f9-7d52-4d17-8ba0-c855a5f9d90e/datanode-2/data/containers/hdds to VolumeSet
2019-10-15 11:08:29,405 [main] INFO  volume.ThrottledAsyncChecker (ThrottledAsyncChecker.java:schedule(141)) - Scheduling a check for /workdir/hadoop-ozone/integration-test/target/test-dir/MiniOzoneClusterImpl-b6bb93f9-7d52-4d17-8ba0-c855a5f9d90e/datanode-2/data/containers/hdds
2019-10-15 11:08:29,405 [main] INFO  volume.HddsVolumeChecker (HddsVolumeChecker.java:checkAllVolumes(204)) - Scheduled health check for volume /workdir/hadoop-ozone/integration-test/target/test-dir/MiniOzoneClusterImpl-b6bb93f9-7d52-4d17-8ba0-c855a5f9d90e/datanode-2/data/containers/hdds
2019-10-15 11:08:29,424 [main] INFO  impl.RaftServerProxy (ConfUtils.java:logGet(43)) - raft.rpc.type = GRPC (default)
2019-10-15 11:08:29,425 [main] INFO  grpc.GrpcFactory (GrpcFactory.java:checkPooledByteBufAllocatorUseCacheForAllThreads(45)) - PERFORMANCE WARNING: useCacheForAllThreads is true that may cause Netty to create a lot garbage objects and, as a result, trigger GC.
	It is recommended to disable useCacheForAllThreads by setting -Dorg.apache.ratis.thirdparty.io.netty.allocator.useCacheForAllThreads=false in command line.
2019-10-15 11:08:29,425 [main] INFO  grpc.GrpcConfigKeys$Server (ConfUtils.java:logGet(43)) - raft.grpc.server.port = 0 (default)
2019-10-15 11:08:29,425 [main] INFO  server.GrpcService (ConfUtils.java:logGet(43)) - raft.grpc.message.size.max = 33570816 (custom)
2019-10-15 11:08:29,426 [main] INFO  server.RaftServerConfigKeys (ConfUtils.java:logGet(43)) - raft.server.log.appender.buffer.byte-limit = 33554432 (custom)
2019-10-15 11:08:29,426 [main] INFO  server.GrpcService (ConfUtils.java:logGet(43)) - raft.grpc.flow.control.window = 1MB (=1048576) (default)
2019-10-15 11:08:29,426 [main] INFO  server.RaftServerConfigKeys (ConfUtils.java:logGet(43)) - raft.server.rpc.request.timeout = 3000ms (default)
2019-10-15 11:08:29,427 [main] INFO  server.RaftServerConfigKeys (ConfUtils.java:logGet(43)) - raft.server.storage.dir = [/workdir/hadoop-ozone/integration-test/target/test-dir/MiniOzoneClusterImpl-b6bb93f9-7d52-4d17-8ba0-c855a5f9d90e/datanode-2/data/ratis] (custom)
2019-10-15 11:08:29,428 [main] INFO  hdfs.DFSUtil (DFSUtil.java:httpServerTemplateForNNAndJN(1641)) - Starting Web-server for hddsDatanode at: http://0.0.0.0:0
2019-10-15 11:08:29,429 [main] INFO  server.AuthenticationFilter (AuthenticationFilter.java:constructSecretProvider(240)) - Unable to initialize FileSignerSecretProvider, falling back to use random secrets.
2019-10-15 11:08:29,430 [main] WARN  http.HttpRequestLog (HttpRequestLog.java:getRequestLog(97)) - Jetty request log can only be enabled using Log4j
2019-10-15 11:08:29,431 [main] INFO  http.HttpServer2 (HttpServer2.java:addGlobalFilter(975)) - Added global filter 'safety' (class=org.apache.hadoop.http.HttpServer2$QuotingInputFilter)
2019-10-15 11:08:29,432 [main] INFO  http.HttpServer2 (HttpServer2.java:addFilter(948)) - Added filter static_user_filter (class=org.apache.hadoop.http.lib.StaticUserWebFilter$StaticUserFilter) to context hddsDatanode
2019-10-15 11:08:29,432 [main] INFO  http.HttpServer2 (HttpServer2.java:addFilter(958)) - Added filter static_user_filter (class=org.apache.hadoop.http.lib.StaticUserWebFilter$StaticUserFilter) to context static
2019-10-15 11:08:29,432 [main] INFO  http.HttpServer2 (HttpServer2.java:addFilter(958)) - Added filter static_user_filter (class=org.apache.hadoop.http.lib.StaticUserWebFilter$StaticUserFilter) to context logs
2019-10-15 11:08:29,433 [main] INFO  http.HttpServer2 (HttpServer2.java:bindListener(1191)) - Jetty bound to port 40168
2019-10-15 11:08:29,433 [main] INFO  server.Server (Server.java:doStart(351)) - jetty-9.3.25.v20180904, build timestamp: 2018-09-04T21:11:46Z, git hash: 3ce520221d0240229c862b122d2b06c12a625732
2019-10-15 11:08:29,435 [main] INFO  handler.ContextHandler (ContextHandler.java:doStart(781)) - Started o.e.j.s.ServletContextHandler@65cc5252{/logs,file:///workdir/hadoop-ozone/integration-test/target/log,AVAILABLE}
2019-10-15 11:08:29,436 [main] INFO  handler.ContextHandler (ContextHandler.java:doStart(781)) - Started o.e.j.s.ServletContextHandler@2dbfa972{/static,jar:file:/home/user/.m2/repository/org/apache/hadoop/hadoop-hdds-container-service/0.5.0-SNAPSHOT/hadoop-hdds-container-service-0.5.0-SNAPSHOT.jar!/webapps/static,AVAILABLE}
2019-10-15 11:08:29,471 [main] INFO  handler.ContextHandler (ContextHandler.java:doStart(781)) - Started o.e.j.w.WebAppContext@251c90f{/,file:///tmp/jetty-0.0.0.0-40168-hddsDatanode-_-any-160058384995911474.dir/webapp/,AVAILABLE}{/hddsDatanode}
2019-10-15 11:08:29,472 [main] INFO  server.AbstractConnector (AbstractConnector.java:doStart(278)) - Started ServerConnector@6629643d{HTTP/1.1,[http/1.1]}{0.0.0.0:40168}
2019-10-15 11:08:29,475 [main] INFO  server.Server (Server.java:doStart(419)) - Started @210927ms
2019-10-15 11:08:29,475 [main] WARN  impl.MetricsSystemImpl (MetricsSystemImpl.java:register(276)) - Sink prometheus already exists!
2019-10-15 11:08:29,476 [main] INFO  server.BaseHttpServer (BaseHttpServer.java:updateConnectorAddress(215)) - HTTP server of HDDSDATANODE is listening at http://0.0.0.0:40168
2019-10-15 11:08:29,476 [main] INFO  impl.MetricsSystemImpl (MetricsSystemImpl.java:init(158)) - HddsDatanode metrics system started (again)
2019-10-15 11:08:29,496 [org.apache.hadoop.util.JvmPauseMonitor$Monitor@4daad1d9] INFO  util.JvmPauseMonitor (JvmPauseMonitor.java:run(188)) - Starting JVM pause monitor
2019-10-15 11:08:29,497 [main] INFO  ozone.HddsDatanodeService (HddsDatanodeService.java:start(184)) - HddsDatanodeService host:pr-hdds-2206-66z5g-837117227 ip:192.168.164.236
2019-10-15 11:08:29,497 [Datanode State Machine Thread - 0] INFO  datanode.InitDatanodeState (InitDatanodeState.java:persistContainerDatanodeDetails(140)) - DatanodeDetails is persisted to /workdir/hadoop-ozone/integration-test/target/test-dir/MiniOzoneClusterImpl-b6bb93f9-7d52-4d17-8ba0-c855a5f9d90e/datanode-2/meta/datanode.id
2019-10-15 11:08:29,507 [main] INFO  volume.HddsVolume (HddsVolume.java:<init>(176)) - Creating Volume: /workdir/hadoop-ozone/integration-test/target/test-dir/MiniOzoneClusterImpl-b6bb93f9-7d52-4d17-8ba0-c855a5f9d90e/datanode-3/data/containers/hdds of  storage type : DISK and capacity : 1482555576320
2019-10-15 11:08:29,507 [main] INFO  volume.VolumeSet (VolumeSet.java:initializeVolumeSet(170)) - Added Volume : /workdir/hadoop-ozone/integration-test/target/test-dir/MiniOzoneClusterImpl-b6bb93f9-7d52-4d17-8ba0-c855a5f9d90e/datanode-3/data/containers/hdds to VolumeSet
2019-10-15 11:08:29,508 [main] INFO  volume.ThrottledAsyncChecker (ThrottledAsyncChecker.java:schedule(141)) - Scheduling a check for /workdir/hadoop-ozone/integration-test/target/test-dir/MiniOzoneClusterImpl-b6bb93f9-7d52-4d17-8ba0-c855a5f9d90e/datanode-3/data/containers/hdds
2019-10-15 11:08:29,508 [main] INFO  volume.HddsVolumeChecker (HddsVolumeChecker.java:checkAllVolumes(204)) - Scheduled health check for volume /workdir/hadoop-ozone/integration-test/target/test-dir/MiniOzoneClusterImpl-b6bb93f9-7d52-4d17-8ba0-c855a5f9d90e/datanode-3/data/containers/hdds
2019-10-15 11:08:29,523 [main] INFO  impl.RaftServerProxy (ConfUtils.java:logGet(43)) - raft.rpc.type = GRPC (default)
2019-10-15 11:08:29,523 [main] INFO  grpc.GrpcFactory (GrpcFactory.java:checkPooledByteBufAllocatorUseCacheForAllThreads(45)) - PERFORMANCE WARNING: useCacheForAllThreads is true that may cause Netty to create a lot garbage objects and, as a result, trigger GC.
	It is recommended to disable useCacheForAllThreads by setting -Dorg.apache.ratis.thirdparty.io.netty.allocator.useCacheForAllThreads=false in command line.
2019-10-15 11:08:29,523 [main] INFO  grpc.GrpcConfigKeys$Server (ConfUtils.java:logGet(43)) - raft.grpc.server.port = 0 (default)
2019-10-15 11:08:29,523 [main] INFO  server.GrpcService (ConfUtils.java:logGet(43)) - raft.grpc.message.size.max = 33570816 (custom)
2019-10-15 11:08:29,523 [main] INFO  server.RaftServerConfigKeys (ConfUtils.java:logGet(43)) - raft.server.log.appender.buffer.byte-limit = 33554432 (custom)
2019-10-15 11:08:29,524 [main] INFO  server.GrpcService (ConfUtils.java:logGet(43)) - raft.grpc.flow.control.window = 1MB (=1048576) (default)
2019-10-15 11:08:29,524 [main] INFO  server.RaftServerConfigKeys (ConfUtils.java:logGet(43)) - raft.server.rpc.request.timeout = 3000ms (default)
2019-10-15 11:08:29,524 [main] INFO  server.RaftServerConfigKeys (ConfUtils.java:logGet(43)) - raft.server.storage.dir = [/workdir/hadoop-ozone/integration-test/target/test-dir/MiniOzoneClusterImpl-b6bb93f9-7d52-4d17-8ba0-c855a5f9d90e/datanode-3/data/ratis] (custom)
2019-10-15 11:08:29,525 [main] INFO  hdfs.DFSUtil (DFSUtil.java:httpServerTemplateForNNAndJN(1641)) - Starting Web-server for hddsDatanode at: http://0.0.0.0:0
2019-10-15 11:08:29,526 [main] INFO  server.AuthenticationFilter (AuthenticationFilter.java:constructSecretProvider(240)) - Unable to initialize FileSignerSecretProvider, falling back to use random secrets.
2019-10-15 11:08:29,527 [main] WARN  http.HttpRequestLog (HttpRequestLog.java:getRequestLog(97)) - Jetty request log can only be enabled using Log4j
2019-10-15 11:08:29,528 [main] INFO  http.HttpServer2 (HttpServer2.java:addGlobalFilter(975)) - Added global filter 'safety' (class=org.apache.hadoop.http.HttpServer2$QuotingInputFilter)
2019-10-15 11:08:29,528 [main] INFO  http.HttpServer2 (HttpServer2.java:addFilter(948)) - Added filter static_user_filter (class=org.apache.hadoop.http.lib.StaticUserWebFilter$StaticUserFilter) to context hddsDatanode
2019-10-15 11:08:29,528 [main] INFO  http.HttpServer2 (HttpServer2.java:addFilter(958)) - Added filter static_user_filter (class=org.apache.hadoop.http.lib.StaticUserWebFilter$StaticUserFilter) to context logs
2019-10-15 11:08:29,529 [main] INFO  http.HttpServer2 (HttpServer2.java:addFilter(958)) - Added filter static_user_filter (class=org.apache.hadoop.http.lib.StaticUserWebFilter$StaticUserFilter) to context static
2019-10-15 11:08:29,529 [main] INFO  http.HttpServer2 (HttpServer2.java:bindListener(1191)) - Jetty bound to port 41119
2019-10-15 11:08:29,529 [main] INFO  server.Server (Server.java:doStart(351)) - jetty-9.3.25.v20180904, build timestamp: 2018-09-04T21:11:46Z, git hash: 3ce520221d0240229c862b122d2b06c12a625732
2019-10-15 11:08:29,531 [main] INFO  handler.ContextHandler (ContextHandler.java:doStart(781)) - Started o.e.j.s.ServletContextHandler@2506b881{/logs,file:///workdir/hadoop-ozone/integration-test/target/log,AVAILABLE}
2019-10-15 11:08:29,531 [main] INFO  handler.ContextHandler (ContextHandler.java:doStart(781)) - Started o.e.j.s.ServletContextHandler@486bd064{/static,jar:file:/home/user/.m2/repository/org/apache/hadoop/hadoop-hdds-container-service/0.5.0-SNAPSHOT/hadoop-hdds-container-service-0.5.0-SNAPSHOT.jar!/webapps/static,AVAILABLE}
2019-10-15 11:08:29,559 [main] INFO  handler.ContextHandler (ContextHandler.java:doStart(781)) - Started o.e.j.w.WebAppContext@55361f03{/,file:///tmp/jetty-0.0.0.0-41119-hddsDatanode-_-any-3006015619708200551.dir/webapp/,AVAILABLE}{/hddsDatanode}
2019-10-15 11:08:29,559 [main] INFO  server.AbstractConnector (AbstractConnector.java:doStart(278)) - Started ServerConnector@581c9bb7{HTTP/1.1,[http/1.1]}{0.0.0.0:41119}
2019-10-15 11:08:29,562 [main] INFO  server.Server (Server.java:doStart(419)) - Started @211014ms
2019-10-15 11:08:29,562 [main] WARN  impl.MetricsSystemImpl (MetricsSystemImpl.java:register(276)) - Sink prometheus already exists!
2019-10-15 11:08:29,563 [main] INFO  server.BaseHttpServer (BaseHttpServer.java:updateConnectorAddress(215)) - HTTP server of HDDSDATANODE is listening at http://0.0.0.0:41119
2019-10-15 11:08:29,563 [main] INFO  impl.MetricsSystemImpl (MetricsSystemImpl.java:init(158)) - HddsDatanode metrics system started (again)
2019-10-15 11:08:29,582 [org.apache.hadoop.util.JvmPauseMonitor$Monitor@4ff7fd46] INFO  util.JvmPauseMonitor (JvmPauseMonitor.java:run(188)) - Starting JVM pause monitor
2019-10-15 11:08:29,584 [main] INFO  ozone.HddsDatanodeService (HddsDatanodeService.java:start(184)) - HddsDatanodeService host:pr-hdds-2206-66z5g-837117227 ip:192.168.164.236
2019-10-15 11:08:29,584 [Datanode State Machine Thread - 0] INFO  datanode.InitDatanodeState (InitDatanodeState.java:persistContainerDatanodeDetails(140)) - DatanodeDetails is persisted to /workdir/hadoop-ozone/integration-test/target/test-dir/MiniOzoneClusterImpl-b6bb93f9-7d52-4d17-8ba0-c855a5f9d90e/datanode-3/meta/datanode.id
2019-10-15 11:08:29,593 [main] INFO  volume.HddsVolume (HddsVolume.java:<init>(176)) - Creating Volume: /workdir/hadoop-ozone/integration-test/target/test-dir/MiniOzoneClusterImpl-b6bb93f9-7d52-4d17-8ba0-c855a5f9d90e/datanode-4/data/containers/hdds of  storage type : DISK and capacity : 1482555576320
2019-10-15 11:08:29,593 [main] INFO  volume.VolumeSet (VolumeSet.java:initializeVolumeSet(170)) - Added Volume : /workdir/hadoop-ozone/integration-test/target/test-dir/MiniOzoneClusterImpl-b6bb93f9-7d52-4d17-8ba0-c855a5f9d90e/datanode-4/data/containers/hdds to VolumeSet
2019-10-15 11:08:29,593 [main] INFO  volume.ThrottledAsyncChecker (ThrottledAsyncChecker.java:schedule(141)) - Scheduling a check for /workdir/hadoop-ozone/integration-test/target/test-dir/MiniOzoneClusterImpl-b6bb93f9-7d52-4d17-8ba0-c855a5f9d90e/datanode-4/data/containers/hdds
2019-10-15 11:08:29,594 [main] INFO  volume.HddsVolumeChecker (HddsVolumeChecker.java:checkAllVolumes(204)) - Scheduled health check for volume /workdir/hadoop-ozone/integration-test/target/test-dir/MiniOzoneClusterImpl-b6bb93f9-7d52-4d17-8ba0-c855a5f9d90e/datanode-4/data/containers/hdds
2019-10-15 11:08:29,621 [main] INFO  impl.RaftServerProxy (ConfUtils.java:logGet(43)) - raft.rpc.type = GRPC (default)
2019-10-15 11:08:29,622 [main] INFO  grpc.GrpcFactory (GrpcFactory.java:checkPooledByteBufAllocatorUseCacheForAllThreads(45)) - PERFORMANCE WARNING: useCacheForAllThreads is true that may cause Netty to create a lot garbage objects and, as a result, trigger GC.
	It is recommended to disable useCacheForAllThreads by setting -Dorg.apache.ratis.thirdparty.io.netty.allocator.useCacheForAllThreads=false in command line.
2019-10-15 11:08:29,622 [main] INFO  grpc.GrpcConfigKeys$Server (ConfUtils.java:logGet(43)) - raft.grpc.server.port = 0 (default)
2019-10-15 11:08:29,622 [main] INFO  server.GrpcService (ConfUtils.java:logGet(43)) - raft.grpc.message.size.max = 33570816 (custom)
2019-10-15 11:08:29,623 [main] INFO  server.RaftServerConfigKeys (ConfUtils.java:logGet(43)) - raft.server.log.appender.buffer.byte-limit = 33554432 (custom)
2019-10-15 11:08:29,623 [main] INFO  server.GrpcService (ConfUtils.java:logGet(43)) - raft.grpc.flow.control.window = 1MB (=1048576) (default)
2019-10-15 11:08:29,623 [main] INFO  server.RaftServerConfigKeys (ConfUtils.java:logGet(43)) - raft.server.rpc.request.timeout = 3000ms (default)
2019-10-15 11:08:29,624 [main] INFO  server.RaftServerConfigKeys (ConfUtils.java:logGet(43)) - raft.server.storage.dir = [/workdir/hadoop-ozone/integration-test/target/test-dir/MiniOzoneClusterImpl-b6bb93f9-7d52-4d17-8ba0-c855a5f9d90e/datanode-4/data/ratis] (custom)
2019-10-15 11:08:29,626 [main] INFO  hdfs.DFSUtil (DFSUtil.java:httpServerTemplateForNNAndJN(1641)) - Starting Web-server for hddsDatanode at: http://0.0.0.0:0
2019-10-15 11:08:29,628 [main] INFO  server.AuthenticationFilter (AuthenticationFilter.java:constructSecretProvider(240)) - Unable to initialize FileSignerSecretProvider, falling back to use random secrets.
2019-10-15 11:08:29,629 [main] WARN  http.HttpRequestLog (HttpRequestLog.java:getRequestLog(97)) - Jetty request log can only be enabled using Log4j
2019-10-15 11:08:29,631 [main] INFO  http.HttpServer2 (HttpServer2.java:addGlobalFilter(975)) - Added global filter 'safety' (class=org.apache.hadoop.http.HttpServer2$QuotingInputFilter)
2019-10-15 11:08:29,632 [main] INFO  http.HttpServer2 (HttpServer2.java:addFilter(948)) - Added filter static_user_filter (class=org.apache.hadoop.http.lib.StaticUserWebFilter$StaticUserFilter) to context hddsDatanode
2019-10-15 11:08:29,632 [main] INFO  http.HttpServer2 (HttpServer2.java:addFilter(958)) - Added filter static_user_filter (class=org.apache.hadoop.http.lib.StaticUserWebFilter$StaticUserFilter) to context static
2019-10-15 11:08:29,632 [main] INFO  http.HttpServer2 (HttpServer2.java:addFilter(958)) - Added filter static_user_filter (class=org.apache.hadoop.http.lib.StaticUserWebFilter$StaticUserFilter) to context logs
2019-10-15 11:08:29,633 [main] INFO  http.HttpServer2 (HttpServer2.java:bindListener(1191)) - Jetty bound to port 45585
2019-10-15 11:08:29,634 [main] INFO  server.Server (Server.java:doStart(351)) - jetty-9.3.25.v20180904, build timestamp: 2018-09-04T21:11:46Z, git hash: 3ce520221d0240229c862b122d2b06c12a625732
2019-10-15 11:08:29,636 [main] INFO  handler.ContextHandler (ContextHandler.java:doStart(781)) - Started o.e.j.s.ServletContextHandler@6b8b5020{/logs,file:///workdir/hadoop-ozone/integration-test/target/log,AVAILABLE}
2019-10-15 11:08:29,636 [main] INFO  handler.ContextHandler (ContextHandler.java:doStart(781)) - Started o.e.j.s.ServletContextHandler@5a7b309b{/static,jar:file:/home/user/.m2/repository/org/apache/hadoop/hadoop-hdds-container-service/0.5.0-SNAPSHOT/hadoop-hdds-container-service-0.5.0-SNAPSHOT.jar!/webapps/static,AVAILABLE}
2019-10-15 11:08:29,676 [main] INFO  handler.ContextHandler (ContextHandler.java:doStart(781)) - Started o.e.j.w.WebAppContext@1b8aaeab{/,file:///tmp/jetty-0.0.0.0-45585-hddsDatanode-_-any-5816187267981501648.dir/webapp/,AVAILABLE}{/hddsDatanode}
2019-10-15 11:08:29,677 [main] INFO  server.AbstractConnector (AbstractConnector.java:doStart(278)) - Started ServerConnector@5d1bdd4a{HTTP/1.1,[http/1.1]}{0.0.0.0:45585}
2019-10-15 11:08:29,679 [main] INFO  server.Server (Server.java:doStart(419)) - Started @211131ms
2019-10-15 11:08:29,679 [main] WARN  impl.MetricsSystemImpl (MetricsSystemImpl.java:register(276)) - Sink prometheus already exists!
2019-10-15 11:08:29,680 [main] INFO  server.BaseHttpServer (BaseHttpServer.java:updateConnectorAddress(215)) - HTTP server of HDDSDATANODE is listening at http://0.0.0.0:45585
2019-10-15 11:08:29,681 [main] INFO  impl.MetricsSystemImpl (MetricsSystemImpl.java:init(158)) - HddsDatanode metrics system started (again)
2019-10-15 11:08:29,709 [org.apache.hadoop.util.JvmPauseMonitor$Monitor@18db27c] INFO  util.JvmPauseMonitor (JvmPauseMonitor.java:run(188)) - Starting JVM pause monitor
2019-10-15 11:08:29,711 [Datanode State Machine Thread - 0] INFO  datanode.InitDatanodeState (InitDatanodeState.java:persistContainerDatanodeDetails(140)) - DatanodeDetails is persisted to /workdir/hadoop-ozone/integration-test/target/test-dir/MiniOzoneClusterImpl-b6bb93f9-7d52-4d17-8ba0-c855a5f9d90e/datanode-4/meta/datanode.id
2019-10-15 11:08:29,712 [main] INFO  ozone.HddsDatanodeService (HddsDatanodeService.java:start(184)) - HddsDatanodeService host:pr-hdds-2206-66z5g-837117227 ip:192.168.164.236
2019-10-15 11:08:29,721 [main] INFO  volume.HddsVolume (HddsVolume.java:<init>(176)) - Creating Volume: /workdir/hadoop-ozone/integration-test/target/test-dir/MiniOzoneClusterImpl-b6bb93f9-7d52-4d17-8ba0-c855a5f9d90e/datanode-5/data/containers/hdds of  storage type : DISK and capacity : 1482555576320
2019-10-15 11:08:29,721 [main] INFO  volume.VolumeSet (VolumeSet.java:initializeVolumeSet(170)) - Added Volume : /workdir/hadoop-ozone/integration-test/target/test-dir/MiniOzoneClusterImpl-b6bb93f9-7d52-4d17-8ba0-c855a5f9d90e/datanode-5/data/containers/hdds to VolumeSet
2019-10-15 11:08:29,721 [main] INFO  volume.ThrottledAsyncChecker (ThrottledAsyncChecker.java:schedule(141)) - Scheduling a check for /workdir/hadoop-ozone/integration-test/target/test-dir/MiniOzoneClusterImpl-b6bb93f9-7d52-4d17-8ba0-c855a5f9d90e/datanode-5/data/containers/hdds
2019-10-15 11:08:29,722 [main] INFO  volume.HddsVolumeChecker (HddsVolumeChecker.java:checkAllVolumes(204)) - Scheduled health check for volume /workdir/hadoop-ozone/integration-test/target/test-dir/MiniOzoneClusterImpl-b6bb93f9-7d52-4d17-8ba0-c855a5f9d90e/datanode-5/data/containers/hdds
2019-10-15 11:08:29,739 [main] INFO  impl.RaftServerProxy (ConfUtils.java:logGet(43)) - raft.rpc.type = GRPC (default)
2019-10-15 11:08:29,739 [main] INFO  grpc.GrpcFactory (GrpcFactory.java:checkPooledByteBufAllocatorUseCacheForAllThreads(45)) - PERFORMANCE WARNING: useCacheForAllThreads is true that may cause Netty to create a lot garbage objects and, as a result, trigger GC.
	It is recommended to disable useCacheForAllThreads by setting -Dorg.apache.ratis.thirdparty.io.netty.allocator.useCacheForAllThreads=false in command line.
2019-10-15 11:08:29,739 [main] INFO  grpc.GrpcConfigKeys$Server (ConfUtils.java:logGet(43)) - raft.grpc.server.port = 0 (default)
2019-10-15 11:08:29,739 [main] INFO  server.GrpcService (ConfUtils.java:logGet(43)) - raft.grpc.message.size.max = 33570816 (custom)
2019-10-15 11:08:29,739 [main] INFO  server.RaftServerConfigKeys (ConfUtils.java:logGet(43)) - raft.server.log.appender.buffer.byte-limit = 33554432 (custom)
2019-10-15 11:08:29,740 [main] INFO  server.GrpcService (ConfUtils.java:logGet(43)) - raft.grpc.flow.control.window = 1MB (=1048576) (default)
2019-10-15 11:08:29,740 [main] INFO  server.RaftServerConfigKeys (ConfUtils.java:logGet(43)) - raft.server.rpc.request.timeout = 3000ms (default)
2019-10-15 11:08:29,740 [main] INFO  server.RaftServerConfigKeys (ConfUtils.java:logGet(43)) - raft.server.storage.dir = [/workdir/hadoop-ozone/integration-test/target/test-dir/MiniOzoneClusterImpl-b6bb93f9-7d52-4d17-8ba0-c855a5f9d90e/datanode-5/data/ratis] (custom)
2019-10-15 11:08:29,742 [main] INFO  hdfs.DFSUtil (DFSUtil.java:httpServerTemplateForNNAndJN(1641)) - Starting Web-server for hddsDatanode at: http://0.0.0.0:0
2019-10-15 11:08:29,743 [main] INFO  server.AuthenticationFilter (AuthenticationFilter.java:constructSecretProvider(240)) - Unable to initialize FileSignerSecretProvider, falling back to use random secrets.
2019-10-15 11:08:29,743 [main] WARN  http.HttpRequestLog (HttpRequestLog.java:getRequestLog(97)) - Jetty request log can only be enabled using Log4j
2019-10-15 11:08:29,744 [main] INFO  http.HttpServer2 (HttpServer2.java:addGlobalFilter(975)) - Added global filter 'safety' (class=org.apache.hadoop.http.HttpServer2$QuotingInputFilter)
2019-10-15 11:08:29,745 [main] INFO  http.HttpServer2 (HttpServer2.java:addFilter(948)) - Added filter static_user_filter (class=org.apache.hadoop.http.lib.StaticUserWebFilter$StaticUserFilter) to context hddsDatanode
2019-10-15 11:08:29,745 [main] INFO  http.HttpServer2 (HttpServer2.java:addFilter(958)) - Added filter static_user_filter (class=org.apache.hadoop.http.lib.StaticUserWebFilter$StaticUserFilter) to context static
2019-10-15 11:08:29,745 [main] INFO  http.HttpServer2 (HttpServer2.java:addFilter(958)) - Added filter static_user_filter (class=org.apache.hadoop.http.lib.StaticUserWebFilter$StaticUserFilter) to context logs
2019-10-15 11:08:29,746 [main] INFO  http.HttpServer2 (HttpServer2.java:bindListener(1191)) - Jetty bound to port 42935
2019-10-15 11:08:29,746 [main] INFO  server.Server (Server.java:doStart(351)) - jetty-9.3.25.v20180904, build timestamp: 2018-09-04T21:11:46Z, git hash: 3ce520221d0240229c862b122d2b06c12a625732
2019-10-15 11:08:29,747 [main] INFO  handler.ContextHandler (ContextHandler.java:doStart(781)) - Started o.e.j.s.ServletContextHandler@310d57b1{/logs,file:///workdir/hadoop-ozone/integration-test/target/log,AVAILABLE}
2019-10-15 11:08:29,748 [main] INFO  handler.ContextHandler (ContextHandler.java:doStart(781)) - Started o.e.j.s.ServletContextHandler@18ffca6c{/static,jar:file:/home/user/.m2/repository/org/apache/hadoop/hadoop-hdds-container-service/0.5.0-SNAPSHOT/hadoop-hdds-container-service-0.5.0-SNAPSHOT.jar!/webapps/static,AVAILABLE}
2019-10-15 11:08:29,776 [main] INFO  handler.ContextHandler (ContextHandler.java:doStart(781)) - Started o.e.j.w.WebAppContext@c48b543{/,file:///tmp/jetty-0.0.0.0-42935-hddsDatanode-_-any-3527033811306448284.dir/webapp/,AVAILABLE}{/hddsDatanode}
2019-10-15 11:08:29,777 [main] INFO  server.AbstractConnector (AbstractConnector.java:doStart(278)) - Started ServerConnector@75793f17{HTTP/1.1,[http/1.1]}{0.0.0.0:42935}
2019-10-15 11:08:29,779 [main] INFO  server.Server (Server.java:doStart(419)) - Started @211231ms
2019-10-15 11:08:29,780 [main] WARN  impl.MetricsSystemImpl (MetricsSystemImpl.java:register(276)) - Sink prometheus already exists!
2019-10-15 11:08:29,780 [main] INFO  server.BaseHttpServer (BaseHttpServer.java:updateConnectorAddress(215)) - HTTP server of HDDSDATANODE is listening at http://0.0.0.0:42935
2019-10-15 11:08:29,780 [main] INFO  impl.MetricsSystemImpl (MetricsSystemImpl.java:init(158)) - HddsDatanode metrics system started (again)
2019-10-15 11:08:29,800 [org.apache.hadoop.util.JvmPauseMonitor$Monitor@3fcc3191] INFO  util.JvmPauseMonitor (JvmPauseMonitor.java:run(188)) - Starting JVM pause monitor
2019-10-15 11:08:29,801 [Datanode State Machine Thread - 0] INFO  datanode.InitDatanodeState (InitDatanodeState.java:persistContainerDatanodeDetails(140)) - DatanodeDetails is persisted to /workdir/hadoop-ozone/integration-test/target/test-dir/MiniOzoneClusterImpl-b6bb93f9-7d52-4d17-8ba0-c855a5f9d90e/datanode-5/meta/datanode.id
2019-10-15 11:08:29,802 [main] INFO  ozone.HddsDatanodeService (HddsDatanodeService.java:start(184)) - HddsDatanodeService host:pr-hdds-2206-66z5g-837117227 ip:192.168.164.236
2019-10-15 11:08:29,810 [main] INFO  volume.HddsVolume (HddsVolume.java:<init>(176)) - Creating Volume: /workdir/hadoop-ozone/integration-test/target/test-dir/MiniOzoneClusterImpl-b6bb93f9-7d52-4d17-8ba0-c855a5f9d90e/datanode-6/data/containers/hdds of  storage type : DISK and capacity : 1482555576320
2019-10-15 11:08:29,811 [main] INFO  volume.VolumeSet (VolumeSet.java:initializeVolumeSet(170)) - Added Volume : /workdir/hadoop-ozone/integration-test/target/test-dir/MiniOzoneClusterImpl-b6bb93f9-7d52-4d17-8ba0-c855a5f9d90e/datanode-6/data/containers/hdds to VolumeSet
2019-10-15 11:08:29,811 [main] INFO  volume.ThrottledAsyncChecker (ThrottledAsyncChecker.java:schedule(141)) - Scheduling a check for /workdir/hadoop-ozone/integration-test/target/test-dir/MiniOzoneClusterImpl-b6bb93f9-7d52-4d17-8ba0-c855a5f9d90e/datanode-6/data/containers/hdds
2019-10-15 11:08:29,811 [main] INFO  volume.HddsVolumeChecker (HddsVolumeChecker.java:checkAllVolumes(204)) - Scheduled health check for volume /workdir/hadoop-ozone/integration-test/target/test-dir/MiniOzoneClusterImpl-b6bb93f9-7d52-4d17-8ba0-c855a5f9d90e/datanode-6/data/containers/hdds
2019-10-15 11:08:29,826 [main] INFO  impl.RaftServerProxy (ConfUtils.java:logGet(43)) - raft.rpc.type = GRPC (default)
2019-10-15 11:08:29,826 [main] INFO  grpc.GrpcFactory (GrpcFactory.java:checkPooledByteBufAllocatorUseCacheForAllThreads(45)) - PERFORMANCE WARNING: useCacheForAllThreads is true that may cause Netty to create a lot garbage objects and, as a result, trigger GC.
	It is recommended to disable useCacheForAllThreads by setting -Dorg.apache.ratis.thirdparty.io.netty.allocator.useCacheForAllThreads=false in command line.
2019-10-15 11:08:29,826 [main] INFO  grpc.GrpcConfigKeys$Server (ConfUtils.java:logGet(43)) - raft.grpc.server.port = 0 (default)
2019-10-15 11:08:29,826 [main] INFO  server.GrpcService (ConfUtils.java:logGet(43)) - raft.grpc.message.size.max = 33570816 (custom)
2019-10-15 11:08:29,827 [main] INFO  server.RaftServerConfigKeys (ConfUtils.java:logGet(43)) - raft.server.log.appender.buffer.byte-limit = 33554432 (custom)
2019-10-15 11:08:29,827 [main] INFO  server.GrpcService (ConfUtils.java:logGet(43)) - raft.grpc.flow.control.window = 1MB (=1048576) (default)
2019-10-15 11:08:29,827 [main] INFO  server.RaftServerConfigKeys (ConfUtils.java:logGet(43)) - raft.server.rpc.request.timeout = 3000ms (default)
2019-10-15 11:08:29,827 [main] INFO  server.RaftServerConfigKeys (ConfUtils.java:logGet(43)) - raft.server.storage.dir = [/workdir/hadoop-ozone/integration-test/target/test-dir/MiniOzoneClusterImpl-b6bb93f9-7d52-4d17-8ba0-c855a5f9d90e/datanode-6/data/ratis] (custom)
2019-10-15 11:08:29,828 [main] INFO  hdfs.DFSUtil (DFSUtil.java:httpServerTemplateForNNAndJN(1641)) - Starting Web-server for hddsDatanode at: http://0.0.0.0:0
2019-10-15 11:08:29,829 [main] INFO  server.AuthenticationFilter (AuthenticationFilter.java:constructSecretProvider(240)) - Unable to initialize FileSignerSecretProvider, falling back to use random secrets.
2019-10-15 11:08:29,830 [main] WARN  http.HttpRequestLog (HttpRequestLog.java:getRequestLog(97)) - Jetty request log can only be enabled using Log4j
2019-10-15 11:08:29,831 [main] INFO  http.HttpServer2 (HttpServer2.java:addGlobalFilter(975)) - Added global filter 'safety' (class=org.apache.hadoop.http.HttpServer2$QuotingInputFilter)
2019-10-15 11:08:29,831 [main] INFO  http.HttpServer2 (HttpServer2.java:addFilter(948)) - Added filter static_user_filter (class=org.apache.hadoop.http.lib.StaticUserWebFilter$StaticUserFilter) to context hddsDatanode
2019-10-15 11:08:29,831 [main] INFO  http.HttpServer2 (HttpServer2.java:addFilter(958)) - Added filter static_user_filter (class=org.apache.hadoop.http.lib.StaticUserWebFilter$StaticUserFilter) to context static
2019-10-15 11:08:29,831 [main] INFO  http.HttpServer2 (HttpServer2.java:addFilter(958)) - Added filter static_user_filter (class=org.apache.hadoop.http.lib.StaticUserWebFilter$StaticUserFilter) to context logs
2019-10-15 11:08:29,832 [main] INFO  http.HttpServer2 (HttpServer2.java:bindListener(1191)) - Jetty bound to port 41244
2019-10-15 11:08:29,832 [main] INFO  server.Server (Server.java:doStart(351)) - jetty-9.3.25.v20180904, build timestamp: 2018-09-04T21:11:46Z, git hash: 3ce520221d0240229c862b122d2b06c12a625732
2019-10-15 11:08:29,834 [main] INFO  handler.ContextHandler (ContextHandler.java:doStart(781)) - Started o.e.j.s.ServletContextHandler@3cb6e0ee{/logs,file:///workdir/hadoop-ozone/integration-test/target/log,AVAILABLE}
2019-10-15 11:08:29,834 [main] INFO  handler.ContextHandler (ContextHandler.java:doStart(781)) - Started o.e.j.s.ServletContextHandler@4fb64a52{/static,jar:file:/home/user/.m2/repository/org/apache/hadoop/hadoop-hdds-container-service/0.5.0-SNAPSHOT/hadoop-hdds-container-service-0.5.0-SNAPSHOT.jar!/webapps/static,AVAILABLE}
2019-10-15 11:08:29,859 [main] INFO  handler.ContextHandler (ContextHandler.java:doStart(781)) - Started o.e.j.w.WebAppContext@4a1a412e{/,file:///tmp/jetty-0.0.0.0-41244-hddsDatanode-_-any-856010142066469299.dir/webapp/,AVAILABLE}{/hddsDatanode}
2019-10-15 11:08:29,859 [main] INFO  server.AbstractConnector (AbstractConnector.java:doStart(278)) - Started ServerConnector@c568f91{HTTP/1.1,[http/1.1]}{0.0.0.0:41244}
2019-10-15 11:08:29,863 [main] INFO  server.Server (Server.java:doStart(419)) - Started @211315ms
2019-10-15 11:08:29,864 [main] WARN  impl.MetricsSystemImpl (MetricsSystemImpl.java:register(276)) - Sink prometheus already exists!
2019-10-15 11:08:29,864 [main] INFO  server.BaseHttpServer (BaseHttpServer.java:updateConnectorAddress(215)) - HTTP server of HDDSDATANODE is listening at http://0.0.0.0:41244
2019-10-15 11:08:29,865 [main] INFO  ozone.MiniOzoneClusterImpl (MiniOzoneClusterImpl.java:lambda$waitForClusterToBeReady$0(147)) - Waiting for cluster to be ready. Got 0 of 7 DN Heartbeats.
2019-10-15 11:08:29,866 [org.apache.hadoop.util.JvmPauseMonitor$Monitor@1455bf02] INFO  util.JvmPauseMonitor (JvmPauseMonitor.java:run(188)) - Starting JVM pause monitor
2019-10-15 11:08:29,868 [Datanode State Machine Thread - 0] INFO  datanode.InitDatanodeState (InitDatanodeState.java:persistContainerDatanodeDetails(140)) - DatanodeDetails is persisted to /workdir/hadoop-ozone/integration-test/target/test-dir/MiniOzoneClusterImpl-b6bb93f9-7d52-4d17-8ba0-c855a5f9d90e/datanode-6/meta/datanode.id
2019-10-15 11:08:30,658 [grpc-default-executor-3] WARN  server.GrpcLogAppender (LogUtils.java:warn(134)) - 172a2998-bf86-4637-a4be-957637693d81@group-571077ABE93B->144b8dad-4f9f-4727-95df-54da78a09e68-AppendLogResponseHandler: Failed appendEntries: org.apache.ratis.thirdparty.io.grpc.StatusRuntimeException: UNAVAILABLE: io exception
2019-10-15 11:08:30,658 [grpc-default-executor-5] WARN  server.GrpcLogAppender (LogUtils.java:warn(134)) - 172a2998-bf86-4637-a4be-957637693d81@group-571077ABE93B->d6d9a674-7f3a-482e-be06-219964726ba5-AppendLogResponseHandler: Failed appendEntries: org.apache.ratis.thirdparty.io.grpc.StatusRuntimeException: UNAVAILABLE: io exception
2019-10-15 11:08:30,659 [grpc-default-executor-3] INFO  impl.FollowerInfo (FollowerInfo.java:lambda$new$0(51)) - 172a2998-bf86-4637-a4be-957637693d81@group-571077ABE93B->144b8dad-4f9f-4727-95df-54da78a09e68: nextIndex: updateUnconditionally 0 -> 0
2019-10-15 11:08:30,659 [grpc-default-executor-5] INFO  impl.FollowerInfo (FollowerInfo.java:lambda$new$0(51)) - 172a2998-bf86-4637-a4be-957637693d81@group-571077ABE93B->d6d9a674-7f3a-482e-be06-219964726ba5: nextIndex: updateUnconditionally 0 -> 0
2019-10-15 11:08:30,865 [main] INFO  ozone.MiniOzoneClusterImpl (MiniOzoneClusterImpl.java:lambda$waitForClusterToBeReady$0(147)) - Waiting for cluster to be ready. Got 0 of 7 DN Heartbeats.
2019-10-15 11:08:31,309 [Datanode State Machine Thread - 0] INFO  ozoneimpl.OzoneContainer (OzoneContainer.java:start(213)) - Attempting to start container services.
2019-10-15 11:08:31,309 [Datanode State Machine Thread - 0] INFO  ozoneimpl.OzoneContainer (OzoneContainer.java:startContainerScrub(177)) - Background container scanner has been disabled.
2019-10-15 11:08:31,309 [Datanode State Machine Thread - 0] INFO  ratis.XceiverServerRatis (XceiverServerRatis.java:start(418)) - Starting XceiverServerRatis 3144ca93-bbb3-48f9-bc17-d9f794b70111 at port 0
2019-10-15 11:08:31,316 [Datanode State Machine Thread - 0] INFO  impl.RaftServerProxy (RaftServerProxy.java:lambda$start$3(299)) - 3144ca93-bbb3-48f9-bc17-d9f794b70111: start RPC server
2019-10-15 11:08:31,317 [Datanode State Machine Thread - 0] INFO  server.GrpcService (GrpcService.java:startImpl(158)) - 3144ca93-bbb3-48f9-bc17-d9f794b70111: GrpcService started, listening on 0.0.0.0/0.0.0.0:43518
2019-10-15 11:08:31,317 [Datanode State Machine Thread - 0] INFO  ratis.XceiverServerRatis (XceiverServerRatis.java:start(428)) - XceiverServerRatis 3144ca93-bbb3-48f9-bc17-d9f794b70111 is started using port 43518
2019-10-15 11:08:31,320 [Datanode State Machine Thread - 0] INFO  server.XceiverServerGrpc (XceiverServerGrpc.java:start(149)) - XceiverServerGrpc 3144ca93-bbb3-48f9-bc17-d9f794b70111 is started using port 45104
2019-10-15 11:08:31,417 [Datanode State Machine Thread - 0] INFO  ozoneimpl.OzoneContainer (OzoneContainer.java:start(213)) - Attempting to start container services.
2019-10-15 11:08:31,417 [Datanode State Machine Thread - 0] INFO  ozoneimpl.OzoneContainer (OzoneContainer.java:startContainerScrub(177)) - Background container scanner has been disabled.
2019-10-15 11:08:31,417 [Datanode State Machine Thread - 0] INFO  ratis.XceiverServerRatis (XceiverServerRatis.java:start(418)) - Starting XceiverServerRatis 9492de6e-56b0-4b03-9d55-ed5c866a0716 at port 0
2019-10-15 11:08:31,423 [Datanode State Machine Thread - 0] INFO  impl.RaftServerProxy (RaftServerProxy.java:lambda$start$3(299)) - 9492de6e-56b0-4b03-9d55-ed5c866a0716: start RPC server
2019-10-15 11:08:31,423 [Datanode State Machine Thread - 0] INFO  server.GrpcService (GrpcService.java:startImpl(158)) - 9492de6e-56b0-4b03-9d55-ed5c866a0716: GrpcService started, listening on 0.0.0.0/0.0.0.0:34029
2019-10-15 11:08:31,423 [Datanode State Machine Thread - 0] INFO  ratis.XceiverServerRatis (XceiverServerRatis.java:start(428)) - XceiverServerRatis 9492de6e-56b0-4b03-9d55-ed5c866a0716 is started using port 34029
2019-10-15 11:08:31,424 [Datanode State Machine Thread - 0] INFO  server.XceiverServerGrpc (XceiverServerGrpc.java:start(149)) - XceiverServerGrpc 9492de6e-56b0-4b03-9d55-ed5c866a0716 is started using port 40004
2019-10-15 11:08:31,526 [Datanode State Machine Thread - 0] INFO  ozoneimpl.OzoneContainer (OzoneContainer.java:start(213)) - Attempting to start container services.
2019-10-15 11:08:31,526 [Datanode State Machine Thread - 0] INFO  ozoneimpl.OzoneContainer (OzoneContainer.java:startContainerScrub(177)) - Background container scanner has been disabled.
2019-10-15 11:08:31,526 [Datanode State Machine Thread - 0] INFO  ratis.XceiverServerRatis (XceiverServerRatis.java:start(418)) - Starting XceiverServerRatis 4d5c917c-d1a4-4bc5-a012-b970f3b713e2 at port 0
2019-10-15 11:08:31,532 [Datanode State Machine Thread - 0] INFO  impl.RaftServerProxy (RaftServerProxy.java:lambda$start$3(299)) - 4d5c917c-d1a4-4bc5-a012-b970f3b713e2: start RPC server
2019-10-15 11:08:31,532 [Datanode State Machine Thread - 0] INFO  server.GrpcService (GrpcService.java:startImpl(158)) - 4d5c917c-d1a4-4bc5-a012-b970f3b713e2: GrpcService started, listening on 0.0.0.0/0.0.0.0:35360
2019-10-15 11:08:31,532 [Datanode State Machine Thread - 0] INFO  ratis.XceiverServerRatis (XceiverServerRatis.java:start(428)) - XceiverServerRatis 4d5c917c-d1a4-4bc5-a012-b970f3b713e2 is started using port 35360
2019-10-15 11:08:31,533 [Datanode State Machine Thread - 0] INFO  server.XceiverServerGrpc (XceiverServerGrpc.java:start(149)) - XceiverServerGrpc 4d5c917c-d1a4-4bc5-a012-b970f3b713e2 is started using port 34877
2019-10-15 11:08:31,610 [Datanode State Machine Thread - 0] INFO  ozoneimpl.OzoneContainer (OzoneContainer.java:start(213)) - Attempting to start container services.
2019-10-15 11:08:31,610 [Datanode State Machine Thread - 0] INFO  ozoneimpl.OzoneContainer (OzoneContainer.java:startContainerScrub(177)) - Background container scanner has been disabled.
2019-10-15 11:08:31,610 [Datanode State Machine Thread - 0] INFO  ratis.XceiverServerRatis (XceiverServerRatis.java:start(418)) - Starting XceiverServerRatis 345826a5-0dda-4781-9cf2-448e1558633a at port 0
2019-10-15 11:08:31,616 [Datanode State Machine Thread - 0] INFO  impl.RaftServerProxy (RaftServerProxy.java:lambda$start$3(299)) - 345826a5-0dda-4781-9cf2-448e1558633a: start RPC server
2019-10-15 11:08:31,620 [Datanode State Machine Thread - 0] INFO  server.GrpcService (GrpcService.java:startImpl(158)) - 345826a5-0dda-4781-9cf2-448e1558633a: GrpcService started, listening on 0.0.0.0/0.0.0.0:38349
2019-10-15 11:08:31,620 [Datanode State Machine Thread - 0] INFO  ratis.XceiverServerRatis (XceiverServerRatis.java:start(428)) - XceiverServerRatis 345826a5-0dda-4781-9cf2-448e1558633a is started using port 38349
2019-10-15 11:08:31,621 [Datanode State Machine Thread - 0] INFO  server.XceiverServerGrpc (XceiverServerGrpc.java:start(149)) - XceiverServerGrpc 345826a5-0dda-4781-9cf2-448e1558633a is started using port 42404
2019-10-15 11:08:31,735 [Datanode State Machine Thread - 0] INFO  ozoneimpl.OzoneContainer (OzoneContainer.java:start(213)) - Attempting to start container services.
2019-10-15 11:08:31,735 [Datanode State Machine Thread - 0] INFO  ozoneimpl.OzoneContainer (OzoneContainer.java:startContainerScrub(177)) - Background container scanner has been disabled.
2019-10-15 11:08:31,735 [Datanode State Machine Thread - 0] INFO  ratis.XceiverServerRatis (XceiverServerRatis.java:start(418)) - Starting XceiverServerRatis 2870d11e-a600-49a6-9b3c-b15169e3e239 at port 0
2019-10-15 11:08:31,741 [Datanode State Machine Thread - 0] INFO  impl.RaftServerProxy (RaftServerProxy.java:lambda$start$3(299)) - 2870d11e-a600-49a6-9b3c-b15169e3e239: start RPC server
2019-10-15 11:08:31,742 [Datanode State Machine Thread - 0] INFO  server.GrpcService (GrpcService.java:startImpl(158)) - 2870d11e-a600-49a6-9b3c-b15169e3e239: GrpcService started, listening on 0.0.0.0/0.0.0.0:46485
2019-10-15 11:08:31,742 [Datanode State Machine Thread - 0] INFO  ratis.XceiverServerRatis (XceiverServerRatis.java:start(428)) - XceiverServerRatis 2870d11e-a600-49a6-9b3c-b15169e3e239 is started using port 46485
2019-10-15 11:08:31,742 [Datanode State Machine Thread - 0] INFO  server.XceiverServerGrpc (XceiverServerGrpc.java:start(149)) - XceiverServerGrpc 2870d11e-a600-49a6-9b3c-b15169e3e239 is started using port 38208
2019-10-15 11:08:31,827 [Datanode State Machine Thread - 0] INFO  ozoneimpl.OzoneContainer (OzoneContainer.java:start(213)) - Attempting to start container services.
2019-10-15 11:08:31,827 [Datanode State Machine Thread - 0] INFO  ozoneimpl.OzoneContainer (OzoneContainer.java:startContainerScrub(177)) - Background container scanner has been disabled.
2019-10-15 11:08:31,827 [Datanode State Machine Thread - 0] INFO  ratis.XceiverServerRatis (XceiverServerRatis.java:start(418)) - Starting XceiverServerRatis eb650db1-3d02-48ee-b4c2-caa6406963fc at port 0
2019-10-15 11:08:31,835 [Datanode State Machine Thread - 0] INFO  impl.RaftServerProxy (RaftServerProxy.java:lambda$start$3(299)) - eb650db1-3d02-48ee-b4c2-caa6406963fc: start RPC server
2019-10-15 11:08:31,840 [Datanode State Machine Thread - 0] INFO  server.GrpcService (GrpcService.java:startImpl(158)) - eb650db1-3d02-48ee-b4c2-caa6406963fc: GrpcService started, listening on 0.0.0.0/0.0.0.0:40670
2019-10-15 11:08:31,840 [Datanode State Machine Thread - 0] INFO  ratis.XceiverServerRatis (XceiverServerRatis.java:start(428)) - XceiverServerRatis eb650db1-3d02-48ee-b4c2-caa6406963fc is started using port 40670
2019-10-15 11:08:31,844 [Datanode State Machine Thread - 0] INFO  server.XceiverServerGrpc (XceiverServerGrpc.java:start(149)) - XceiverServerGrpc eb650db1-3d02-48ee-b4c2-caa6406963fc is started using port 45974
2019-10-15 11:08:31,865 [main] INFO  ozone.MiniOzoneClusterImpl (MiniOzoneClusterImpl.java:lambda$waitForClusterToBeReady$0(147)) - Waiting for cluster to be ready. Got 0 of 7 DN Heartbeats.
2019-10-15 11:08:31,894 [Datanode State Machine Thread - 0] INFO  ozoneimpl.OzoneContainer (OzoneContainer.java:start(213)) - Attempting to start container services.
2019-10-15 11:08:31,894 [Datanode State Machine Thread - 0] INFO  ozoneimpl.OzoneContainer (OzoneContainer.java:startContainerScrub(177)) - Background container scanner has been disabled.
2019-10-15 11:08:31,894 [Datanode State Machine Thread - 0] INFO  ratis.XceiverServerRatis (XceiverServerRatis.java:start(418)) - Starting XceiverServerRatis d1e0ce34-67a2-404b-a684-d498084f00d9 at port 0
2019-10-15 11:08:31,903 [Datanode State Machine Thread - 0] INFO  impl.RaftServerProxy (RaftServerProxy.java:lambda$start$3(299)) - d1e0ce34-67a2-404b-a684-d498084f00d9: start RPC server
2019-10-15 11:08:31,904 [Datanode State Machine Thread - 0] INFO  server.GrpcService (GrpcService.java:startImpl(158)) - d1e0ce34-67a2-404b-a684-d498084f00d9: GrpcService started, listening on 0.0.0.0/0.0.0.0:35289
2019-10-15 11:08:31,904 [Datanode State Machine Thread - 0] INFO  ratis.XceiverServerRatis (XceiverServerRatis.java:start(428)) - XceiverServerRatis d1e0ce34-67a2-404b-a684-d498084f00d9 is started using port 35289
2019-10-15 11:08:31,905 [Datanode State Machine Thread - 0] INFO  server.XceiverServerGrpc (XceiverServerGrpc.java:start(149)) - XceiverServerGrpc d1e0ce34-67a2-404b-a684-d498084f00d9 is started using port 45845
2019-10-15 11:08:32,866 [main] INFO  ozone.MiniOzoneClusterImpl (MiniOzoneClusterImpl.java:lambda$waitForClusterToBeReady$0(147)) - Waiting for cluster to be ready. Got 0 of 7 DN Heartbeats.
2019-10-15 11:08:33,158 [grpc-default-executor-6] WARN  server.GrpcLogAppender (LogUtils.java:warn(134)) - 172a2998-bf86-4637-a4be-957637693d81@group-571077ABE93B->144b8dad-4f9f-4727-95df-54da78a09e68-AppendLogResponseHandler: Failed appendEntries: org.apache.ratis.thirdparty.io.grpc.StatusRuntimeException: UNAVAILABLE: io exception
2019-10-15 11:08:33,158 [grpc-default-executor-4] WARN  server.GrpcLogAppender (LogUtils.java:warn(134)) - 172a2998-bf86-4637-a4be-957637693d81@group-571077ABE93B->d6d9a674-7f3a-482e-be06-219964726ba5-AppendLogResponseHandler: Failed appendEntries: org.apache.ratis.thirdparty.io.grpc.StatusRuntimeException: UNAVAILABLE: io exception
2019-10-15 11:08:33,158 [grpc-default-executor-6] INFO  impl.FollowerInfo (FollowerInfo.java:lambda$new$0(51)) - 172a2998-bf86-4637-a4be-957637693d81@group-571077ABE93B->144b8dad-4f9f-4727-95df-54da78a09e68: nextIndex: updateUnconditionally 0 -> 0
2019-10-15 11:08:33,159 [grpc-default-executor-4] INFO  impl.FollowerInfo (FollowerInfo.java:lambda$new$0(51)) - 172a2998-bf86-4637-a4be-957637693d81@group-571077ABE93B->d6d9a674-7f3a-482e-be06-219964726ba5: nextIndex: updateUnconditionally 0 -> 0
2019-10-15 11:08:33,272 [IPC Server handler 0 on 46330] INFO  net.NetworkTopology (NetworkTopologyImpl.java:add(111)) - Added a new node: /default-rack/3144ca93-bbb3-48f9-bc17-d9f794b70111
2019-10-15 11:08:33,277 [IPC Server handler 0 on 46330] INFO  node.SCMNodeManager (SCMNodeManager.java:register(268)) - Registered Data node : 3144ca93-bbb3-48f9-bc17-d9f794b70111{ip: 192.168.164.236, host: pr-hdds-2206-66z5g-837117227, networkLocation: /default-rack, certSerialId: null}
2019-10-15 11:08:33,278 [EventQueue-NodeRegistrationContainerReportForDataNodeSafeModeRule] INFO  safemode.SCMSafeModeManager (DataNodeSafeModeRule.java:process(71)) - SCM in safe mode. 1 DataNodes registered, 1 required.
2019-10-15 11:08:33,282 [EventQueue-NodeRegistrationContainerReportForDataNodeSafeModeRule] INFO  safemode.SCMSafeModeManager (SCMSafeModeManager.java:validateSafeModeExitRules(177)) - ScmSafeModeManager, all rules are successfully validated
2019-10-15 11:08:33,282 [EventQueue-NodeRegistrationContainerReportForDataNodeSafeModeRule] INFO  safemode.SCMSafeModeManager (SCMSafeModeManager.java:exitSafeMode(193)) - SCM exiting safe mode.
2019-10-15 11:08:33,293 [grpc-default-executor-4] INFO  impl.RaftServerProxy (RaftServerProxy.java:addNew(89)) - 3144ca93-bbb3-48f9-bc17-d9f794b70111: addNew group-4E2D703746EC:[3144ca93-bbb3-48f9-bc17-d9f794b70111:192.168.164.236:43518] returns group-4E2D703746EC:java.util.concurrent.CompletableFuture@4dba8959[Not completed]
2019-10-15 11:08:33,295 [pool-383-thread-1] INFO  impl.RaftServerImpl (RaftServerImpl.java:<init>(95)) - 3144ca93-bbb3-48f9-bc17-d9f794b70111: new RaftServerImpl for group-4E2D703746EC:[3144ca93-bbb3-48f9-bc17-d9f794b70111:192.168.164.236:43518] with ContainerStateMachine:uninitialized
2019-10-15 11:08:33,295 [pool-383-thread-1] INFO  server.RaftServerConfigKeys (ConfUtils.java:logGet(43)) - raft.server.rpc.timeout.min = 5s (custom)
2019-10-15 11:08:33,296 [pool-383-thread-1] INFO  server.RaftServerConfigKeys (ConfUtils.java:logGet(43)) - raft.server.rpc.timeout.max = 5200ms (custom)
2019-10-15 11:08:33,296 [pool-383-thread-1] INFO  server.RaftServerConfigKeys (ConfUtils.java:logGet(43)) - raft.server.rpcslowness.timeout = 120s (custom)
2019-10-15 11:08:33,296 [pool-383-thread-1] INFO  server.RaftServerConfigKeys (ConfUtils.java:logGet(43)) - raft.server.sleep.deviation.threshold = 300 (default)
2019-10-15 11:08:33,296 [pool-383-thread-1] INFO  server.RaftServerConfigKeys (ConfUtils.java:logGet(43)) - raft.server.log.appender.install.snapshot.enabled = false (custom)
2019-10-15 11:08:33,296 [pool-383-thread-1] INFO  impl.RaftServerImpl (ServerState.java:<init>(103)) - 3144ca93-bbb3-48f9-bc17-d9f794b70111@group-4E2D703746EC: ConfigurationManager, init=-1: [3144ca93-bbb3-48f9-bc17-d9f794b70111:192.168.164.236:43518], old=null, confs=<EMPTY_MAP>
2019-10-15 11:08:33,296 [pool-383-thread-1] INFO  server.RaftServerConfigKeys (ConfUtils.java:logGet(43)) - raft.server.storage.dir = [/workdir/hadoop-ozone/integration-test/target/test-dir/MiniOzoneClusterImpl-b6bb93f9-7d52-4d17-8ba0-c855a5f9d90e/datanode-0/data/ratis] (custom)
2019-10-15 11:08:33,297 [pool-383-thread-1] INFO  server.RaftServerConfigKeys (ConfUtils.java:logGet(43)) - raft.server.log.corruption.policy = EXCEPTION (default)
2019-10-15 11:08:33,297 [pool-383-thread-1] INFO  storage.RaftStorageDirectory (RaftStorageDirectory.java:analyzeStorage(246)) - The storage directory /workdir/hadoop-ozone/integration-test/target/test-dir/MiniOzoneClusterImpl-b6bb93f9-7d52-4d17-8ba0-c855a5f9d90e/datanode-0/data/ratis/681ed3f7-097e-4894-8dc3-4e2d703746ec does not exist. Creating ...
2019-10-15 11:08:33,328 [pool-383-thread-1] INFO  storage.RaftStorageDirectory (RaftStorageDirectory.java:tryLock(328)) - Lock on /workdir/hadoop-ozone/integration-test/target/test-dir/MiniOzoneClusterImpl-b6bb93f9-7d52-4d17-8ba0-c855a5f9d90e/datanode-0/data/ratis/681ed3f7-097e-4894-8dc3-4e2d703746ec/in_use.lock acquired by nodename 12418@pr-hdds-2206-66z5g-837117227
2019-10-15 11:08:33,353 [pool-383-thread-1] INFO  storage.RaftStorage (RaftStorage.java:format(84)) - Storage directory /workdir/hadoop-ozone/integration-test/target/test-dir/MiniOzoneClusterImpl-b6bb93f9-7d52-4d17-8ba0-c855a5f9d90e/datanode-0/data/ratis/681ed3f7-097e-4894-8dc3-4e2d703746ec has been successfully formatted.
2019-10-15 11:08:33,353 [pool-383-thread-1] INFO  ratis.ContainerStateMachine (ContainerStateMachine.java:loadSnapshot(231)) - group-4E2D703746EC: The snapshot info is null. Setting the last applied indexto:(t:0, i:~)
2019-10-15 11:08:33,354 [pool-383-thread-1] INFO  server.RaftServerConfigKeys (ConfUtils.java:logGet(43)) - raft.server.notification.no-leader.timeout = 120s (custom)
2019-10-15 11:08:33,354 [pool-383-thread-1] INFO  server.RaftServerConfigKeys (ConfUtils.java:logGet(43)) - raft.server.log.use.memory = false (default)
2019-10-15 11:08:33,354 [pool-383-thread-1] INFO  server.RaftServerConfigKeys (ConfUtils.java:logGet(43)) - raft.server.log.purge.gap = 1000000 (custom)
2019-10-15 11:08:33,354 [pool-383-thread-1] INFO  server.RaftServerConfigKeys (ConfUtils.java:logGet(43)) - raft.server.log.appender.buffer.byte-limit = 33554432 (custom)
2019-10-15 11:08:33,354 [pool-383-thread-1] INFO  server.RaftServerConfigKeys (ConfUtils.java:logGet(43)) - raft.server.log.segment.size.max = 1048576 (custom)
2019-10-15 11:08:33,356 [pool-383-thread-1] INFO  server.RaftServerConfigKeys (ConfUtils.java:logGet(43)) - raft.server.log.segment.cache.num.max = 2 (custom)
2019-10-15 11:08:33,356 [pool-383-thread-1] INFO  segmented.SegmentedRaftLogWorker (SegmentedRaftLogWorker.java:<init>(173)) - new 3144ca93-bbb3-48f9-bc17-d9f794b70111@group-4E2D703746EC-SegmentedRaftLogWorker for RaftStorage:Storage Directory /workdir/hadoop-ozone/integration-test/target/test-dir/MiniOzoneClusterImpl-b6bb93f9-7d52-4d17-8ba0-c855a5f9d90e/datanode-0/data/ratis/681ed3f7-097e-4894-8dc3-4e2d703746ec
2019-10-15 11:08:33,356 [pool-383-thread-1] INFO  server.RaftServerConfigKeys (ConfUtils.java:logGet(43)) - raft.server.log.queue.byte-limit = 2147483647 (custom)
2019-10-15 11:08:33,356 [pool-383-thread-1] INFO  server.RaftServerConfigKeys (ConfUtils.java:logGet(43)) - raft.server.log.queue.element-limit = 1024 (custom)
2019-10-15 11:08:33,356 [pool-383-thread-1] INFO  server.RaftServerConfigKeys (ConfUtils.java:logGet(43)) - raft.server.log.segment.size.max = 1048576 (custom)
2019-10-15 11:08:33,356 [pool-383-thread-1] INFO  server.RaftServerConfigKeys (ConfUtils.java:logGet(43)) - raft.server.log.preallocated.size = 16384 (custom)
2019-10-15 11:08:33,356 [pool-383-thread-1] INFO  server.RaftServerConfigKeys (ConfUtils.java:logGet(43)) - raft.server.log.write.buffer.size = 33554432 (custom)
2019-10-15 11:08:33,357 [pool-383-thread-1] INFO  server.RaftServerConfigKeys (ConfUtils.java:logGet(43)) - raft.server.log.force.sync.num = 128 (default)
2019-10-15 11:08:33,357 [pool-383-thread-1] INFO  server.RaftServerConfigKeys (ConfUtils.java:logGet(43)) - raft.server.log.statemachine.data.sync = true (default)
2019-10-15 11:08:33,357 [pool-383-thread-1] INFO  server.RaftServerConfigKeys (ConfUtils.java:logGet(43)) - raft.server.log.statemachine.data.sync.timeout = 10s (default)
2019-10-15 11:08:33,357 [pool-383-thread-1] INFO  server.RaftServerConfigKeys (ConfUtils.java:logGet(43)) - raft.server.log.statemachine.data.sync.timeout.retry = -1 (default)
2019-10-15 11:08:33,357 [pool-383-thread-1] INFO  server.RaftServerConfigKeys (ConfUtils.java:logGet(43)) - raft.server.log.statemachine.data.caching.enabled = true (custom)
2019-10-15 11:08:33,357 [pool-383-thread-1] INFO  segmented.SegmentedRaftLogWorker (SegmentedRaftLogWorker.java:lambda$new$0(128)) - 3144ca93-bbb3-48f9-bc17-d9f794b70111@group-4E2D703746EC-SegmentedRaftLogWorker: flushIndex: setUnconditionally 0 -> -1
2019-10-15 11:08:33,358 [pool-383-thread-1] INFO  server.RaftServerConfigKeys (ConfUtils.java:logGet(43)) - raft.server.snapshot.auto.trigger.enabled = true (custom)
2019-10-15 11:08:33,358 [pool-383-thread-1] INFO  server.RaftServerConfigKeys (ConfUtils.java:logGet(43)) - raft.server.snapshot.auto.trigger.threshold = 10000 (custom)
2019-10-15 11:08:33,358 [pool-383-thread-1] INFO  server.RaftServerConfigKeys (ConfUtils.java:logGet(43)) - raft.server.snapshot.retention.file.num = 5 (custom)
2019-10-15 11:08:33,358 [pool-383-thread-1] INFO  server.RaftServerConfigKeys (ConfUtils.java:logGet(43)) - raft.server.retrycache.expirytime = 600000ms (custom)
2019-10-15 11:08:33,359 [pool-383-thread-1] INFO  impl.RaftServerImpl (RaftServerImpl.java:start(181)) - 3144ca93-bbb3-48f9-bc17-d9f794b70111@group-4E2D703746EC: start as a follower, conf=-1: [3144ca93-bbb3-48f9-bc17-d9f794b70111:192.168.164.236:43518], old=null
2019-10-15 11:08:33,359 [pool-383-thread-1] INFO  impl.RaftServerImpl (RaftServerImpl.java:setRole(170)) - 3144ca93-bbb3-48f9-bc17-d9f794b70111@group-4E2D703746EC: changes role from      null to FOLLOWER at term 0 for startAsFollower
2019-10-15 11:08:33,359 [pool-383-thread-1] INFO  impl.RoleInfo (RoleInfo.java:updateAndGet(143)) - 3144ca93-bbb3-48f9-bc17-d9f794b70111: start FollowerState
2019-10-15 11:08:33,360 [pool-383-thread-1] INFO  util.JmxRegister (JmxRegister.java:tryRegister(44)) - Successfully registered JMX Bean with object name Ratis:service=RaftServer,group=group-4E2D703746EC,id=3144ca93-bbb3-48f9-bc17-d9f794b70111
2019-10-15 11:08:33,364 [RatisPipelineUtilsThread] INFO  pipeline.PipelineStateManager (PipelineStateManager.java:addPipeline(56)) - Created pipeline Pipeline[ Id: 681ed3f7-097e-4894-8dc3-4e2d703746ec, Nodes: 3144ca93-bbb3-48f9-bc17-d9f794b70111{ip: 192.168.164.236, host: pr-hdds-2206-66z5g-837117227, networkLocation: /default-rack, certSerialId: null}, Type:RATIS, Factor:ONE, State:OPEN]
2019-10-15 11:08:33,392 [IPC Server handler 1 on 46330] INFO  net.NetworkTopology (NetworkTopologyImpl.java:add(111)) - Added a new node: /default-rack/9492de6e-56b0-4b03-9d55-ed5c866a0716
2019-10-15 11:08:33,393 [IPC Server handler 1 on 46330] INFO  node.SCMNodeManager (SCMNodeManager.java:register(268)) - Registered Data node : 9492de6e-56b0-4b03-9d55-ed5c866a0716{ip: 192.168.164.236, host: pr-hdds-2206-66z5g-837117227, networkLocation: /default-rack, certSerialId: null}
2019-10-15 11:08:33,403 [grpc-default-executor-4] INFO  impl.RaftServerProxy (RaftServerProxy.java:addNew(89)) - 9492de6e-56b0-4b03-9d55-ed5c866a0716: addNew group-BAB112B72BD9:[9492de6e-56b0-4b03-9d55-ed5c866a0716:192.168.164.236:34029] returns group-BAB112B72BD9:java.util.concurrent.CompletableFuture@35279f09[Not completed]
2019-10-15 11:08:33,405 [pool-393-thread-1] INFO  impl.RaftServerImpl (RaftServerImpl.java:<init>(95)) - 9492de6e-56b0-4b03-9d55-ed5c866a0716: new RaftServerImpl for group-BAB112B72BD9:[9492de6e-56b0-4b03-9d55-ed5c866a0716:192.168.164.236:34029] with ContainerStateMachine:uninitialized
2019-10-15 11:08:33,405 [pool-393-thread-1] INFO  server.RaftServerConfigKeys (ConfUtils.java:logGet(43)) - raft.server.rpc.timeout.min = 5s (custom)
2019-10-15 11:08:33,405 [pool-393-thread-1] INFO  server.RaftServerConfigKeys (ConfUtils.java:logGet(43)) - raft.server.rpc.timeout.max = 5200ms (custom)
2019-10-15 11:08:33,405 [pool-393-thread-1] INFO  server.RaftServerConfigKeys (ConfUtils.java:logGet(43)) - raft.server.rpcslowness.timeout = 120s (custom)
2019-10-15 11:08:33,405 [pool-393-thread-1] INFO  server.RaftServerConfigKeys (ConfUtils.java:logGet(43)) - raft.server.sleep.deviation.threshold = 300 (default)
2019-10-15 11:08:33,406 [pool-393-thread-1] INFO  server.RaftServerConfigKeys (ConfUtils.java:logGet(43)) - raft.server.log.appender.install.snapshot.enabled = false (custom)
2019-10-15 11:08:33,406 [pool-393-thread-1] INFO  impl.RaftServerImpl (ServerState.java:<init>(103)) - 9492de6e-56b0-4b03-9d55-ed5c866a0716@group-BAB112B72BD9: ConfigurationManager, init=-1: [9492de6e-56b0-4b03-9d55-ed5c866a0716:192.168.164.236:34029], old=null, confs=<EMPTY_MAP>
2019-10-15 11:08:33,406 [pool-393-thread-1] INFO  server.RaftServerConfigKeys (ConfUtils.java:logGet(43)) - raft.server.storage.dir = [/workdir/hadoop-ozone/integration-test/target/test-dir/MiniOzoneClusterImpl-b6bb93f9-7d52-4d17-8ba0-c855a5f9d90e/datanode-1/data/ratis] (custom)
2019-10-15 11:08:33,406 [pool-393-thread-1] INFO  server.RaftServerConfigKeys (ConfUtils.java:logGet(43)) - raft.server.log.corruption.policy = EXCEPTION (default)
2019-10-15 11:08:33,407 [pool-393-thread-1] INFO  storage.RaftStorageDirectory (RaftStorageDirectory.java:analyzeStorage(246)) - The storage directory /workdir/hadoop-ozone/integration-test/target/test-dir/MiniOzoneClusterImpl-b6bb93f9-7d52-4d17-8ba0-c855a5f9d90e/datanode-1/data/ratis/e53191f6-0358-4e7f-9a8e-bab112b72bd9 does not exist. Creating ...
2019-10-15 11:08:33,428 [pool-393-thread-1] INFO  storage.RaftStorageDirectory (RaftStorageDirectory.java:tryLock(328)) - Lock on /workdir/hadoop-ozone/integration-test/target/test-dir/MiniOzoneClusterImpl-b6bb93f9-7d52-4d17-8ba0-c855a5f9d90e/datanode-1/data/ratis/e53191f6-0358-4e7f-9a8e-bab112b72bd9/in_use.lock acquired by nodename 12418@pr-hdds-2206-66z5g-837117227
2019-10-15 11:08:33,454 [pool-393-thread-1] INFO  storage.RaftStorage (RaftStorage.java:format(84)) - Storage directory /workdir/hadoop-ozone/integration-test/target/test-dir/MiniOzoneClusterImpl-b6bb93f9-7d52-4d17-8ba0-c855a5f9d90e/datanode-1/data/ratis/e53191f6-0358-4e7f-9a8e-bab112b72bd9 has been successfully formatted.
2019-10-15 11:08:33,454 [pool-393-thread-1] INFO  ratis.ContainerStateMachine (ContainerStateMachine.java:loadSnapshot(231)) - group-BAB112B72BD9: The snapshot info is null. Setting the last applied indexto:(t:0, i:~)
2019-10-15 11:08:33,454 [pool-393-thread-1] INFO  server.RaftServerConfigKeys (ConfUtils.java:logGet(43)) - raft.server.notification.no-leader.timeout = 120s (custom)
2019-10-15 11:08:33,454 [pool-393-thread-1] INFO  server.RaftServerConfigKeys (ConfUtils.java:logGet(43)) - raft.server.log.use.memory = false (default)
2019-10-15 11:08:33,455 [pool-393-thread-1] INFO  server.RaftServerConfigKeys (ConfUtils.java:logGet(43)) - raft.server.log.purge.gap = 1000000 (custom)
2019-10-15 11:08:33,455 [pool-393-thread-1] INFO  server.RaftServerConfigKeys (ConfUtils.java:logGet(43)) - raft.server.log.appender.buffer.byte-limit = 33554432 (custom)
2019-10-15 11:08:33,455 [pool-393-thread-1] INFO  server.RaftServerConfigKeys (ConfUtils.java:logGet(43)) - raft.server.log.segment.size.max = 1048576 (custom)
2019-10-15 11:08:33,457 [pool-393-thread-1] INFO  server.RaftServerConfigKeys (ConfUtils.java:logGet(43)) - raft.server.log.segment.cache.num.max = 2 (custom)
2019-10-15 11:08:33,457 [pool-393-thread-1] INFO  segmented.SegmentedRaftLogWorker (SegmentedRaftLogWorker.java:<init>(173)) - new 9492de6e-56b0-4b03-9d55-ed5c866a0716@group-BAB112B72BD9-SegmentedRaftLogWorker for RaftStorage:Storage Directory /workdir/hadoop-ozone/integration-test/target/test-dir/MiniOzoneClusterImpl-b6bb93f9-7d52-4d17-8ba0-c855a5f9d90e/datanode-1/data/ratis/e53191f6-0358-4e7f-9a8e-bab112b72bd9
2019-10-15 11:08:33,457 [pool-393-thread-1] INFO  server.RaftServerConfigKeys (ConfUtils.java:logGet(43)) - raft.server.log.queue.byte-limit = 2147483647 (custom)
2019-10-15 11:08:33,457 [pool-393-thread-1] INFO  server.RaftServerConfigKeys (ConfUtils.java:logGet(43)) - raft.server.log.queue.element-limit = 1024 (custom)
2019-10-15 11:08:33,457 [pool-393-thread-1] INFO  server.RaftServerConfigKeys (ConfUtils.java:logGet(43)) - raft.server.log.segment.size.max = 1048576 (custom)
2019-10-15 11:08:33,457 [pool-393-thread-1] INFO  server.RaftServerConfigKeys (ConfUtils.java:logGet(43)) - raft.server.log.preallocated.size = 16384 (custom)
2019-10-15 11:08:33,458 [pool-393-thread-1] INFO  server.RaftServerConfigKeys (ConfUtils.java:logGet(43)) - raft.server.log.write.buffer.size = 33554432 (custom)
2019-10-15 11:08:33,458 [pool-393-thread-1] INFO  server.RaftServerConfigKeys (ConfUtils.java:logGet(43)) - raft.server.log.force.sync.num = 128 (default)
2019-10-15 11:08:33,458 [pool-393-thread-1] INFO  server.RaftServerConfigKeys (ConfUtils.java:logGet(43)) - raft.server.log.statemachine.data.sync = true (default)
2019-10-15 11:08:33,458 [pool-393-thread-1] INFO  server.RaftServerConfigKeys (ConfUtils.java:logGet(43)) - raft.server.log.statemachine.data.sync.timeout = 10s (default)
2019-10-15 11:08:33,458 [pool-393-thread-1] INFO  server.RaftServerConfigKeys (ConfUtils.java:logGet(43)) - raft.server.log.statemachine.data.sync.timeout.retry = -1 (default)
2019-10-15 11:08:33,459 [pool-393-thread-1] INFO  server.RaftServerConfigKeys (ConfUtils.java:logGet(43)) - raft.server.log.statemachine.data.caching.enabled = true (custom)
2019-10-15 11:08:33,459 [pool-393-thread-1] INFO  segmented.SegmentedRaftLogWorker (SegmentedRaftLogWorker.java:lambda$new$0(128)) - 9492de6e-56b0-4b03-9d55-ed5c866a0716@group-BAB112B72BD9-SegmentedRaftLogWorker: flushIndex: setUnconditionally 0 -> -1
2019-10-15 11:08:33,459 [pool-393-thread-1] INFO  server.RaftServerConfigKeys (ConfUtils.java:logGet(43)) - raft.server.snapshot.auto.trigger.enabled = true (custom)
2019-10-15 11:08:33,459 [pool-393-thread-1] INFO  server.RaftServerConfigKeys (ConfUtils.java:logGet(43)) - raft.server.snapshot.auto.trigger.threshold = 10000 (custom)
2019-10-15 11:08:33,459 [pool-393-thread-1] INFO  server.RaftServerConfigKeys (ConfUtils.java:logGet(43)) - raft.server.snapshot.retention.file.num = 5 (custom)
2019-10-15 11:08:33,460 [pool-393-thread-1] INFO  server.RaftServerConfigKeys (ConfUtils.java:logGet(43)) - raft.server.retrycache.expirytime = 600000ms (custom)
2019-10-15 11:08:33,461 [pool-393-thread-1] INFO  impl.RaftServerImpl (RaftServerImpl.java:start(181)) - 9492de6e-56b0-4b03-9d55-ed5c866a0716@group-BAB112B72BD9: start as a follower, conf=-1: [9492de6e-56b0-4b03-9d55-ed5c866a0716:192.168.164.236:34029], old=null
2019-10-15 11:08:33,462 [pool-393-thread-1] INFO  impl.RaftServerImpl (RaftServerImpl.java:setRole(170)) - 9492de6e-56b0-4b03-9d55-ed5c866a0716@group-BAB112B72BD9: changes role from      null to FOLLOWER at term 0 for startAsFollower
2019-10-15 11:08:33,462 [pool-393-thread-1] INFO  impl.RoleInfo (RoleInfo.java:updateAndGet(143)) - 9492de6e-56b0-4b03-9d55-ed5c866a0716: start FollowerState
2019-10-15 11:08:33,462 [pool-393-thread-1] INFO  util.JmxRegister (JmxRegister.java:tryRegister(44)) - Successfully registered JMX Bean with object name Ratis:service=RaftServer,group=group-BAB112B72BD9,id=9492de6e-56b0-4b03-9d55-ed5c866a0716
2019-10-15 11:08:33,466 [RatisPipelineUtilsThread] INFO  pipeline.PipelineStateManager (PipelineStateManager.java:addPipeline(56)) - Created pipeline Pipeline[ Id: e53191f6-0358-4e7f-9a8e-bab112b72bd9, Nodes: 9492de6e-56b0-4b03-9d55-ed5c866a0716{ip: 192.168.164.236, host: pr-hdds-2206-66z5g-837117227, networkLocation: /default-rack, certSerialId: null}, Type:RATIS, Factor:ONE, State:OPEN]
2019-10-15 11:08:33,497 [IPC Server handler 4 on 46330] INFO  net.NetworkTopology (NetworkTopologyImpl.java:add(111)) - Added a new node: /default-rack/4d5c917c-d1a4-4bc5-a012-b970f3b713e2
2019-10-15 11:08:33,497 [IPC Server handler 4 on 46330] INFO  node.SCMNodeManager (SCMNodeManager.java:register(268)) - Registered Data node : 4d5c917c-d1a4-4bc5-a012-b970f3b713e2{ip: 192.168.164.236, host: pr-hdds-2206-66z5g-837117227, networkLocation: /default-rack, certSerialId: null}
2019-10-15 11:08:33,507 [grpc-default-executor-4] INFO  impl.RaftServerProxy (RaftServerProxy.java:addNew(89)) - 4d5c917c-d1a4-4bc5-a012-b970f3b713e2: addNew group-0276C0FA51C4:[4d5c917c-d1a4-4bc5-a012-b970f3b713e2:192.168.164.236:35360] returns group-0276C0FA51C4:java.util.concurrent.CompletableFuture@48ed4d8f[Not completed]
2019-10-15 11:08:33,508 [pool-403-thread-1] INFO  impl.RaftServerImpl (RaftServerImpl.java:<init>(95)) - 4d5c917c-d1a4-4bc5-a012-b970f3b713e2: new RaftServerImpl for group-0276C0FA51C4:[4d5c917c-d1a4-4bc5-a012-b970f3b713e2:192.168.164.236:35360] with ContainerStateMachine:uninitialized
2019-10-15 11:08:33,508 [pool-403-thread-1] INFO  server.RaftServerConfigKeys (ConfUtils.java:logGet(43)) - raft.server.rpc.timeout.min = 5s (custom)
2019-10-15 11:08:33,509 [pool-403-thread-1] INFO  server.RaftServerConfigKeys (ConfUtils.java:logGet(43)) - raft.server.rpc.timeout.max = 5200ms (custom)
2019-10-15 11:08:33,509 [pool-403-thread-1] INFO  server.RaftServerConfigKeys (ConfUtils.java:logGet(43)) - raft.server.rpcslowness.timeout = 120s (custom)
2019-10-15 11:08:33,509 [pool-403-thread-1] INFO  server.RaftServerConfigKeys (ConfUtils.java:logGet(43)) - raft.server.sleep.deviation.threshold = 300 (default)
2019-10-15 11:08:33,509 [pool-403-thread-1] INFO  server.RaftServerConfigKeys (ConfUtils.java:logGet(43)) - raft.server.log.appender.install.snapshot.enabled = false (custom)
2019-10-15 11:08:33,509 [pool-403-thread-1] INFO  impl.RaftServerImpl (ServerState.java:<init>(103)) - 4d5c917c-d1a4-4bc5-a012-b970f3b713e2@group-0276C0FA51C4: ConfigurationManager, init=-1: [4d5c917c-d1a4-4bc5-a012-b970f3b713e2:192.168.164.236:35360], old=null, confs=<EMPTY_MAP>
2019-10-15 11:08:33,509 [pool-403-thread-1] INFO  server.RaftServerConfigKeys (ConfUtils.java:logGet(43)) - raft.server.storage.dir = [/workdir/hadoop-ozone/integration-test/target/test-dir/MiniOzoneClusterImpl-b6bb93f9-7d52-4d17-8ba0-c855a5f9d90e/datanode-2/data/ratis] (custom)
2019-10-15 11:08:33,509 [pool-403-thread-1] INFO  server.RaftServerConfigKeys (ConfUtils.java:logGet(43)) - raft.server.log.corruption.policy = EXCEPTION (default)
2019-10-15 11:08:33,509 [pool-403-thread-1] INFO  storage.RaftStorageDirectory (RaftStorageDirectory.java:analyzeStorage(246)) - The storage directory /workdir/hadoop-ozone/integration-test/target/test-dir/MiniOzoneClusterImpl-b6bb93f9-7d52-4d17-8ba0-c855a5f9d90e/datanode-2/data/ratis/8b6b016c-f8ed-499c-8e50-0276c0fa51c4 does not exist. Creating ...
2019-10-15 11:08:33,537 [pool-403-thread-1] INFO  storage.RaftStorageDirectory (RaftStorageDirectory.java:tryLock(328)) - Lock on /workdir/hadoop-ozone/integration-test/target/test-dir/MiniOzoneClusterImpl-b6bb93f9-7d52-4d17-8ba0-c855a5f9d90e/datanode-2/data/ratis/8b6b016c-f8ed-499c-8e50-0276c0fa51c4/in_use.lock acquired by nodename 12418@pr-hdds-2206-66z5g-837117227
2019-10-15 11:08:33,563 [pool-403-thread-1] INFO  storage.RaftStorage (RaftStorage.java:format(84)) - Storage directory /workdir/hadoop-ozone/integration-test/target/test-dir/MiniOzoneClusterImpl-b6bb93f9-7d52-4d17-8ba0-c855a5f9d90e/datanode-2/data/ratis/8b6b016c-f8ed-499c-8e50-0276c0fa51c4 has been successfully formatted.
2019-10-15 11:08:33,563 [pool-403-thread-1] INFO  ratis.ContainerStateMachine (ContainerStateMachine.java:loadSnapshot(231)) - group-0276C0FA51C4: The snapshot info is null. Setting the last applied indexto:(t:0, i:~)
2019-10-15 11:08:33,563 [pool-403-thread-1] INFO  server.RaftServerConfigKeys (ConfUtils.java:logGet(43)) - raft.server.notification.no-leader.timeout = 120s (custom)
2019-10-15 11:08:33,563 [pool-403-thread-1] INFO  server.RaftServerConfigKeys (ConfUtils.java:logGet(43)) - raft.server.log.use.memory = false (default)
2019-10-15 11:08:33,564 [pool-403-thread-1] INFO  server.RaftServerConfigKeys (ConfUtils.java:logGet(43)) - raft.server.log.purge.gap = 1000000 (custom)
2019-10-15 11:08:33,564 [pool-403-thread-1] INFO  server.RaftServerConfigKeys (ConfUtils.java:logGet(43)) - raft.server.log.appender.buffer.byte-limit = 33554432 (custom)
2019-10-15 11:08:33,564 [pool-403-thread-1] INFO  server.RaftServerConfigKeys (ConfUtils.java:logGet(43)) - raft.server.log.segment.size.max = 1048576 (custom)
2019-10-15 11:08:33,565 [pool-403-thread-1] INFO  server.RaftServerConfigKeys (ConfUtils.java:logGet(43)) - raft.server.log.segment.cache.num.max = 2 (custom)
2019-10-15 11:08:33,565 [pool-403-thread-1] INFO  segmented.SegmentedRaftLogWorker (SegmentedRaftLogWorker.java:<init>(173)) - new 4d5c917c-d1a4-4bc5-a012-b970f3b713e2@group-0276C0FA51C4-SegmentedRaftLogWorker for RaftStorage:Storage Directory /workdir/hadoop-ozone/integration-test/target/test-dir/MiniOzoneClusterImpl-b6bb93f9-7d52-4d17-8ba0-c855a5f9d90e/datanode-2/data/ratis/8b6b016c-f8ed-499c-8e50-0276c0fa51c4
2019-10-15 11:08:33,566 [pool-403-thread-1] INFO  server.RaftServerConfigKeys (ConfUtils.java:logGet(43)) - raft.server.log.queue.byte-limit = 2147483647 (custom)
2019-10-15 11:08:33,566 [pool-403-thread-1] INFO  server.RaftServerConfigKeys (ConfUtils.java:logGet(43)) - raft.server.log.queue.element-limit = 1024 (custom)
2019-10-15 11:08:33,566 [pool-403-thread-1] INFO  server.RaftServerConfigKeys (ConfUtils.java:logGet(43)) - raft.server.log.segment.size.max = 1048576 (custom)
2019-10-15 11:08:33,566 [pool-403-thread-1] INFO  server.RaftServerConfigKeys (ConfUtils.java:logGet(43)) - raft.server.log.preallocated.size = 16384 (custom)
2019-10-15 11:08:33,566 [pool-403-thread-1] INFO  server.RaftServerConfigKeys (ConfUtils.java:logGet(43)) - raft.server.log.write.buffer.size = 33554432 (custom)
2019-10-15 11:08:33,566 [pool-403-thread-1] INFO  server.RaftServerConfigKeys (ConfUtils.java:logGet(43)) - raft.server.log.force.sync.num = 128 (default)
2019-10-15 11:08:33,566 [pool-403-thread-1] INFO  server.RaftServerConfigKeys (ConfUtils.java:logGet(43)) - raft.server.log.statemachine.data.sync = true (default)
2019-10-15 11:08:33,566 [pool-403-thread-1] INFO  server.RaftServerConfigKeys (ConfUtils.java:logGet(43)) - raft.server.log.statemachine.data.sync.timeout = 10s (default)
2019-10-15 11:08:33,567 [pool-403-thread-1] INFO  server.RaftServerConfigKeys (ConfUtils.java:logGet(43)) - raft.server.log.statemachine.data.sync.timeout.retry = -1 (default)
2019-10-15 11:08:33,567 [pool-403-thread-1] INFO  server.RaftServerConfigKeys (ConfUtils.java:logGet(43)) - raft.server.log.statemachine.data.caching.enabled = true (custom)
2019-10-15 11:08:33,567 [pool-403-thread-1] INFO  segmented.SegmentedRaftLogWorker (SegmentedRaftLogWorker.java:lambda$new$0(128)) - 4d5c917c-d1a4-4bc5-a012-b970f3b713e2@group-0276C0FA51C4-SegmentedRaftLogWorker: flushIndex: setUnconditionally 0 -> -1
2019-10-15 11:08:33,567 [pool-403-thread-1] INFO  server.RaftServerConfigKeys (ConfUtils.java:logGet(43)) - raft.server.snapshot.auto.trigger.enabled = true (custom)
2019-10-15 11:08:33,567 [pool-403-thread-1] INFO  server.RaftServerConfigKeys (ConfUtils.java:logGet(43)) - raft.server.snapshot.auto.trigger.threshold = 10000 (custom)
2019-10-15 11:08:33,568 [pool-403-thread-1] INFO  server.RaftServerConfigKeys (ConfUtils.java:logGet(43)) - raft.server.snapshot.retention.file.num = 5 (custom)
2019-10-15 11:08:33,568 [pool-403-thread-1] INFO  server.RaftServerConfigKeys (ConfUtils.java:logGet(43)) - raft.server.retrycache.expirytime = 600000ms (custom)
2019-10-15 11:08:33,569 [pool-403-thread-1] INFO  impl.RaftServerImpl (RaftServerImpl.java:start(181)) - 4d5c917c-d1a4-4bc5-a012-b970f3b713e2@group-0276C0FA51C4: start as a follower, conf=-1: [4d5c917c-d1a4-4bc5-a012-b970f3b713e2:192.168.164.236:35360], old=null
2019-10-15 11:08:33,569 [pool-403-thread-1] INFO  impl.RaftServerImpl (RaftServerImpl.java:setRole(170)) - 4d5c917c-d1a4-4bc5-a012-b970f3b713e2@group-0276C0FA51C4: changes role from      null to FOLLOWER at term 0 for startAsFollower
2019-10-15 11:08:33,570 [pool-403-thread-1] INFO  impl.RoleInfo (RoleInfo.java:updateAndGet(143)) - 4d5c917c-d1a4-4bc5-a012-b970f3b713e2: start FollowerState
2019-10-15 11:08:33,570 [pool-403-thread-1] INFO  util.JmxRegister (JmxRegister.java:tryRegister(44)) - Successfully registered JMX Bean with object name Ratis:service=RaftServer,group=group-0276C0FA51C4,id=4d5c917c-d1a4-4bc5-a012-b970f3b713e2
2019-10-15 11:08:33,574 [RatisPipelineUtilsThread] INFO  pipeline.PipelineStateManager (PipelineStateManager.java:addPipeline(56)) - Created pipeline Pipeline[ Id: 8b6b016c-f8ed-499c-8e50-0276c0fa51c4, Nodes: 4d5c917c-d1a4-4bc5-a012-b970f3b713e2{ip: 192.168.164.236, host: pr-hdds-2206-66z5g-837117227, networkLocation: /default-rack, certSerialId: null}, Type:RATIS, Factor:ONE, State:OPEN]
2019-10-15 11:08:33,589 [IPC Server handler 3 on 46330] INFO  net.NetworkTopology (NetworkTopologyImpl.java:add(111)) - Added a new node: /default-rack/345826a5-0dda-4781-9cf2-448e1558633a
2019-10-15 11:08:33,589 [IPC Server handler 3 on 46330] INFO  node.SCMNodeManager (SCMNodeManager.java:register(268)) - Registered Data node : 345826a5-0dda-4781-9cf2-448e1558633a{ip: 192.168.164.236, host: pr-hdds-2206-66z5g-837117227, networkLocation: /default-rack, certSerialId: null}
2019-10-15 11:08:33,599 [grpc-default-executor-4] INFO  impl.RaftServerProxy (RaftServerProxy.java:addNew(89)) - 9492de6e-56b0-4b03-9d55-ed5c866a0716: addNew group-59EB43607E05:[9492de6e-56b0-4b03-9d55-ed5c866a0716:192.168.164.236:34029, 4d5c917c-d1a4-4bc5-a012-b970f3b713e2:192.168.164.236:35360, 3144ca93-bbb3-48f9-bc17-d9f794b70111:192.168.164.236:43518] returns group-59EB43607E05:java.util.concurrent.CompletableFuture@55a16705[Not completed]
2019-10-15 11:08:33,600 [grpc-default-executor-4] INFO  impl.RaftServerProxy (RaftServerProxy.java:addNew(89)) - 4d5c917c-d1a4-4bc5-a012-b970f3b713e2: addNew group-59EB43607E05:[9492de6e-56b0-4b03-9d55-ed5c866a0716:192.168.164.236:34029, 4d5c917c-d1a4-4bc5-a012-b970f3b713e2:192.168.164.236:35360, 3144ca93-bbb3-48f9-bc17-d9f794b70111:192.168.164.236:43518] returns group-59EB43607E05:java.util.concurrent.CompletableFuture@7782d90b[Not completed]
2019-10-15 11:08:33,600 [grpc-default-executor-6] INFO  impl.RaftServerProxy (RaftServerProxy.java:addNew(89)) - 3144ca93-bbb3-48f9-bc17-d9f794b70111: addNew group-59EB43607E05:[9492de6e-56b0-4b03-9d55-ed5c866a0716:192.168.164.236:34029, 4d5c917c-d1a4-4bc5-a012-b970f3b713e2:192.168.164.236:35360, 3144ca93-bbb3-48f9-bc17-d9f794b70111:192.168.164.236:43518] returns group-59EB43607E05:java.util.concurrent.CompletableFuture@5b34fadc[Not completed]
2019-10-15 11:08:33,600 [pool-393-thread-1] INFO  impl.RaftServerImpl (RaftServerImpl.java:<init>(95)) - 9492de6e-56b0-4b03-9d55-ed5c866a0716: new RaftServerImpl for group-59EB43607E05:[9492de6e-56b0-4b03-9d55-ed5c866a0716:192.168.164.236:34029, 4d5c917c-d1a4-4bc5-a012-b970f3b713e2:192.168.164.236:35360, 3144ca93-bbb3-48f9-bc17-d9f794b70111:192.168.164.236:43518] with ContainerStateMachine:uninitialized
2019-10-15 11:08:33,600 [pool-393-thread-1] INFO  server.RaftServerConfigKeys (ConfUtils.java:logGet(43)) - raft.server.rpc.timeout.min = 5s (custom)
2019-10-15 11:08:33,601 [pool-393-thread-1] INFO  server.RaftServerConfigKeys (ConfUtils.java:logGet(43)) - raft.server.rpc.timeout.max = 5200ms (custom)
2019-10-15 11:08:33,601 [pool-393-thread-1] INFO  server.RaftServerConfigKeys (ConfUtils.java:logGet(43)) - raft.server.rpcslowness.timeout = 120s (custom)
2019-10-15 11:08:33,601 [pool-393-thread-1] INFO  server.RaftServerConfigKeys (ConfUtils.java:logGet(43)) - raft.server.sleep.deviation.threshold = 300 (default)
2019-10-15 11:08:33,601 [pool-393-thread-1] INFO  server.RaftServerConfigKeys (ConfUtils.java:logGet(43)) - raft.server.log.appender.install.snapshot.enabled = false (custom)
2019-10-15 11:08:33,601 [pool-403-thread-1] INFO  impl.RaftServerImpl (RaftServerImpl.java:<init>(95)) - 4d5c917c-d1a4-4bc5-a012-b970f3b713e2: new RaftServerImpl for group-59EB43607E05:[9492de6e-56b0-4b03-9d55-ed5c866a0716:192.168.164.236:34029, 4d5c917c-d1a4-4bc5-a012-b970f3b713e2:192.168.164.236:35360, 3144ca93-bbb3-48f9-bc17-d9f794b70111:192.168.164.236:43518] with ContainerStateMachine:uninitialized
2019-10-15 11:08:33,601 [pool-393-thread-1] INFO  impl.RaftServerImpl (ServerState.java:<init>(103)) - 9492de6e-56b0-4b03-9d55-ed5c866a0716@group-59EB43607E05: ConfigurationManager, init=-1: [9492de6e-56b0-4b03-9d55-ed5c866a0716:192.168.164.236:34029, 4d5c917c-d1a4-4bc5-a012-b970f3b713e2:192.168.164.236:35360, 3144ca93-bbb3-48f9-bc17-d9f794b70111:192.168.164.236:43518], old=null, confs=<EMPTY_MAP>
2019-10-15 11:08:33,601 [pool-403-thread-1] INFO  server.RaftServerConfigKeys (ConfUtils.java:logGet(43)) - raft.server.rpc.timeout.min = 5s (custom)
2019-10-15 11:08:33,601 [pool-393-thread-1] INFO  server.RaftServerConfigKeys (ConfUtils.java:logGet(43)) - raft.server.storage.dir = [/workdir/hadoop-ozone/integration-test/target/test-dir/MiniOzoneClusterImpl-b6bb93f9-7d52-4d17-8ba0-c855a5f9d90e/datanode-1/data/ratis] (custom)
2019-10-15 11:08:33,602 [pool-403-thread-1] INFO  server.RaftServerConfigKeys (ConfUtils.java:logGet(43)) - raft.server.rpc.timeout.max = 5200ms (custom)
2019-10-15 11:08:33,602 [pool-393-thread-1] INFO  server.RaftServerConfigKeys (ConfUtils.java:logGet(43)) - raft.server.log.corruption.policy = EXCEPTION (default)
2019-10-15 11:08:33,602 [pool-403-thread-1] INFO  server.RaftServerConfigKeys (ConfUtils.java:logGet(43)) - raft.server.rpcslowness.timeout = 120s (custom)
2019-10-15 11:08:33,602 [pool-393-thread-1] INFO  storage.RaftStorageDirectory (RaftStorageDirectory.java:analyzeStorage(246)) - The storage directory /workdir/hadoop-ozone/integration-test/target/test-dir/MiniOzoneClusterImpl-b6bb93f9-7d52-4d17-8ba0-c855a5f9d90e/datanode-1/data/ratis/7c1a2086-0e59-44d9-8f3b-59eb43607e05 does not exist. Creating ...
2019-10-15 11:08:33,602 [pool-383-thread-1] INFO  impl.RaftServerImpl (RaftServerImpl.java:<init>(95)) - 3144ca93-bbb3-48f9-bc17-d9f794b70111: new RaftServerImpl for group-59EB43607E05:[9492de6e-56b0-4b03-9d55-ed5c866a0716:192.168.164.236:34029, 4d5c917c-d1a4-4bc5-a012-b970f3b713e2:192.168.164.236:35360, 3144ca93-bbb3-48f9-bc17-d9f794b70111:192.168.164.236:43518] with ContainerStateMachine:uninitialized
2019-10-15 11:08:33,602 [pool-403-thread-1] INFO  server.RaftServerConfigKeys (ConfUtils.java:logGet(43)) - raft.server.sleep.deviation.threshold = 300 (default)
2019-10-15 11:08:33,602 [pool-383-thread-1] INFO  server.RaftServerConfigKeys (ConfUtils.java:logGet(43)) - raft.server.rpc.timeout.min = 5s (custom)
2019-10-15 11:08:33,603 [pool-403-thread-1] INFO  server.RaftServerConfigKeys (ConfUtils.java:logGet(43)) - raft.server.log.appender.install.snapshot.enabled = false (custom)
2019-10-15 11:08:33,603 [pool-383-thread-1] INFO  server.RaftServerConfigKeys (ConfUtils.java:logGet(43)) - raft.server.rpc.timeout.max = 5200ms (custom)
2019-10-15 11:08:33,603 [pool-403-thread-1] INFO  impl.RaftServerImpl (ServerState.java:<init>(103)) - 4d5c917c-d1a4-4bc5-a012-b970f3b713e2@group-59EB43607E05: ConfigurationManager, init=-1: [9492de6e-56b0-4b03-9d55-ed5c866a0716:192.168.164.236:34029, 4d5c917c-d1a4-4bc5-a012-b970f3b713e2:192.168.164.236:35360, 3144ca93-bbb3-48f9-bc17-d9f794b70111:192.168.164.236:43518], old=null, confs=<EMPTY_MAP>
2019-10-15 11:08:33,603 [pool-383-thread-1] INFO  server.RaftServerConfigKeys (ConfUtils.java:logGet(43)) - raft.server.rpcslowness.timeout = 120s (custom)
2019-10-15 11:08:33,603 [pool-403-thread-1] INFO  server.RaftServerConfigKeys (ConfUtils.java:logGet(43)) - raft.server.storage.dir = [/workdir/hadoop-ozone/integration-test/target/test-dir/MiniOzoneClusterImpl-b6bb93f9-7d52-4d17-8ba0-c855a5f9d90e/datanode-2/data/ratis] (custom)
2019-10-15 11:08:33,603 [pool-383-thread-1] INFO  server.RaftServerConfigKeys (ConfUtils.java:logGet(43)) - raft.server.sleep.deviation.threshold = 300 (default)
2019-10-15 11:08:33,604 [pool-403-thread-1] INFO  server.RaftServerConfigKeys (ConfUtils.java:logGet(43)) - raft.server.log.corruption.policy = EXCEPTION (default)
2019-10-15 11:08:33,604 [pool-383-thread-1] INFO  server.RaftServerConfigKeys (ConfUtils.java:logGet(43)) - raft.server.log.appender.install.snapshot.enabled = false (custom)
2019-10-15 11:08:33,604 [pool-403-thread-1] INFO  storage.RaftStorageDirectory (RaftStorageDirectory.java:analyzeStorage(246)) - The storage directory /workdir/hadoop-ozone/integration-test/target/test-dir/MiniOzoneClusterImpl-b6bb93f9-7d52-4d17-8ba0-c855a5f9d90e/datanode-2/data/ratis/7c1a2086-0e59-44d9-8f3b-59eb43607e05 does not exist. Creating ...
2019-10-15 11:08:33,604 [pool-383-thread-1] INFO  impl.RaftServerImpl (ServerState.java:<init>(103)) - 3144ca93-bbb3-48f9-bc17-d9f794b70111@group-59EB43607E05: ConfigurationManager, init=-1: [9492de6e-56b0-4b03-9d55-ed5c866a0716:192.168.164.236:34029, 4d5c917c-d1a4-4bc5-a012-b970f3b713e2:192.168.164.236:35360, 3144ca93-bbb3-48f9-bc17-d9f794b70111:192.168.164.236:43518], old=null, confs=<EMPTY_MAP>
2019-10-15 11:08:33,604 [pool-383-thread-1] INFO  server.RaftServerConfigKeys (ConfUtils.java:logGet(43)) - raft.server.storage.dir = [/workdir/hadoop-ozone/integration-test/target/test-dir/MiniOzoneClusterImpl-b6bb93f9-7d52-4d17-8ba0-c855a5f9d90e/datanode-0/data/ratis] (custom)
2019-10-15 11:08:33,604 [pool-383-thread-1] INFO  server.RaftServerConfigKeys (ConfUtils.java:logGet(43)) - raft.server.log.corruption.policy = EXCEPTION (default)
2019-10-15 11:08:33,605 [pool-383-thread-1] INFO  storage.RaftStorageDirectory (RaftStorageDirectory.java:analyzeStorage(246)) - The storage directory /workdir/hadoop-ozone/integration-test/target/test-dir/MiniOzoneClusterImpl-b6bb93f9-7d52-4d17-8ba0-c855a5f9d90e/datanode-0/data/ratis/7c1a2086-0e59-44d9-8f3b-59eb43607e05 does not exist. Creating ...
2019-10-15 11:08:33,647 [pool-403-thread-1] INFO  storage.RaftStorageDirectory (RaftStorageDirectory.java:tryLock(328)) - Lock on /workdir/hadoop-ozone/integration-test/target/test-dir/MiniOzoneClusterImpl-b6bb93f9-7d52-4d17-8ba0-c855a5f9d90e/datanode-2/data/ratis/7c1a2086-0e59-44d9-8f3b-59eb43607e05/in_use.lock acquired by nodename 12418@pr-hdds-2206-66z5g-837117227
2019-10-15 11:08:33,647 [pool-393-thread-1] INFO  storage.RaftStorageDirectory (RaftStorageDirectory.java:tryLock(328)) - Lock on /workdir/hadoop-ozone/integration-test/target/test-dir/MiniOzoneClusterImpl-b6bb93f9-7d52-4d17-8ba0-c855a5f9d90e/datanode-1/data/ratis/7c1a2086-0e59-44d9-8f3b-59eb43607e05/in_use.lock acquired by nodename 12418@pr-hdds-2206-66z5g-837117227
2019-10-15 11:08:33,647 [pool-383-thread-1] INFO  storage.RaftStorageDirectory (RaftStorageDirectory.java:tryLock(328)) - Lock on /workdir/hadoop-ozone/integration-test/target/test-dir/MiniOzoneClusterImpl-b6bb93f9-7d52-4d17-8ba0-c855a5f9d90e/datanode-0/data/ratis/7c1a2086-0e59-44d9-8f3b-59eb43607e05/in_use.lock acquired by nodename 12418@pr-hdds-2206-66z5g-837117227
2019-10-15 11:08:33,672 [pool-393-thread-1] INFO  storage.RaftStorage (RaftStorage.java:format(84)) - Storage directory /workdir/hadoop-ozone/integration-test/target/test-dir/MiniOzoneClusterImpl-b6bb93f9-7d52-4d17-8ba0-c855a5f9d90e/datanode-1/data/ratis/7c1a2086-0e59-44d9-8f3b-59eb43607e05 has been successfully formatted.
2019-10-15 11:08:33,672 [pool-403-thread-1] INFO  storage.RaftStorage (RaftStorage.java:format(84)) - Storage directory /workdir/hadoop-ozone/integration-test/target/test-dir/MiniOzoneClusterImpl-b6bb93f9-7d52-4d17-8ba0-c855a5f9d90e/datanode-2/data/ratis/7c1a2086-0e59-44d9-8f3b-59eb43607e05 has been successfully formatted.
2019-10-15 11:08:33,673 [pool-393-thread-1] INFO  ratis.ContainerStateMachine (ContainerStateMachine.java:loadSnapshot(231)) - group-59EB43607E05: The snapshot info is null. Setting the last applied indexto:(t:0, i:~)
2019-10-15 11:08:33,672 [pool-383-thread-1] INFO  storage.RaftStorage (RaftStorage.java:format(84)) - Storage directory /workdir/hadoop-ozone/integration-test/target/test-dir/MiniOzoneClusterImpl-b6bb93f9-7d52-4d17-8ba0-c855a5f9d90e/datanode-0/data/ratis/7c1a2086-0e59-44d9-8f3b-59eb43607e05 has been successfully formatted.
2019-10-15 11:08:33,673 [pool-393-thread-1] INFO  server.RaftServerConfigKeys (ConfUtils.java:logGet(43)) - raft.server.notification.no-leader.timeout = 120s (custom)
2019-10-15 11:08:33,673 [pool-403-thread-1] INFO  ratis.ContainerStateMachine (ContainerStateMachine.java:loadSnapshot(231)) - group-59EB43607E05: The snapshot info is null. Setting the last applied indexto:(t:0, i:~)
2019-10-15 11:08:33,673 [pool-383-thread-1] INFO  ratis.ContainerStateMachine (ContainerStateMachine.java:loadSnapshot(231)) - group-59EB43607E05: The snapshot info is null. Setting the last applied indexto:(t:0, i:~)
2019-10-15 11:08:33,673 [pool-393-thread-1] INFO  server.RaftServerConfigKeys (ConfUtils.java:logGet(43)) - raft.server.log.use.memory = false (default)
2019-10-15 11:08:33,673 [pool-383-thread-1] INFO  server.RaftServerConfigKeys (ConfUtils.java:logGet(43)) - raft.server.notification.no-leader.timeout = 120s (custom)
2019-10-15 11:08:33,673 [pool-403-thread-1] INFO  server.RaftServerConfigKeys (ConfUtils.java:logGet(43)) - raft.server.notification.no-leader.timeout = 120s (custom)
2019-10-15 11:08:33,674 [pool-383-thread-1] INFO  server.RaftServerConfigKeys (ConfUtils.java:logGet(43)) - raft.server.log.use.memory = false (default)
2019-10-15 11:08:33,674 [pool-393-thread-1] INFO  server.RaftServerConfigKeys (ConfUtils.java:logGet(43)) - raft.server.log.purge.gap = 1000000 (custom)
2019-10-15 11:08:33,674 [pool-383-thread-1] INFO  server.RaftServerConfigKeys (ConfUtils.java:logGet(43)) - raft.server.log.purge.gap = 1000000 (custom)
2019-10-15 11:08:33,674 [pool-403-thread-1] INFO  server.RaftServerConfigKeys (ConfUtils.java:logGet(43)) - raft.server.log.use.memory = false (default)
2019-10-15 11:08:33,674 [pool-383-thread-1] INFO  server.RaftServerConfigKeys (ConfUtils.java:logGet(43)) - raft.server.log.appender.buffer.byte-limit = 33554432 (custom)
2019-10-15 11:08:33,674 [pool-393-thread-1] INFO  server.RaftServerConfigKeys (ConfUtils.java:logGet(43)) - raft.server.log.appender.buffer.byte-limit = 33554432 (custom)
2019-10-15 11:08:33,674 [pool-383-thread-1] INFO  server.RaftServerConfigKeys (ConfUtils.java:logGet(43)) - raft.server.log.segment.size.max = 1048576 (custom)
2019-10-15 11:08:33,674 [pool-403-thread-1] INFO  server.RaftServerConfigKeys (ConfUtils.java:logGet(43)) - raft.server.log.purge.gap = 1000000 (custom)
2019-10-15 11:08:33,675 [pool-383-thread-1] INFO  server.RaftServerConfigKeys (ConfUtils.java:logGet(43)) - raft.server.log.segment.cache.num.max = 2 (custom)
2019-10-15 11:08:33,675 [pool-383-thread-1] INFO  segmented.SegmentedRaftLogWorker (SegmentedRaftLogWorker.java:<init>(173)) - new 3144ca93-bbb3-48f9-bc17-d9f794b70111@group-59EB43607E05-SegmentedRaftLogWorker for RaftStorage:Storage Directory /workdir/hadoop-ozone/integration-test/target/test-dir/MiniOzoneClusterImpl-b6bb93f9-7d52-4d17-8ba0-c855a5f9d90e/datanode-0/data/ratis/7c1a2086-0e59-44d9-8f3b-59eb43607e05
2019-10-15 11:08:33,675 [pool-393-thread-1] INFO  server.RaftServerConfigKeys (ConfUtils.java:logGet(43)) - raft.server.log.segment.size.max = 1048576 (custom)
2019-10-15 11:08:33,675 [pool-383-thread-1] INFO  server.RaftServerConfigKeys (ConfUtils.java:logGet(43)) - raft.server.log.queue.byte-limit = 2147483647 (custom)
2019-10-15 11:08:33,675 [pool-403-thread-1] INFO  server.RaftServerConfigKeys (ConfUtils.java:logGet(43)) - raft.server.log.appender.buffer.byte-limit = 33554432 (custom)
2019-10-15 11:08:33,675 [pool-383-thread-1] INFO  server.RaftServerConfigKeys (ConfUtils.java:logGet(43)) - raft.server.log.queue.element-limit = 1024 (custom)
2019-10-15 11:08:33,675 [pool-393-thread-1] INFO  server.RaftServerConfigKeys (ConfUtils.java:logGet(43)) - raft.server.log.segment.cache.num.max = 2 (custom)
2019-10-15 11:08:33,676 [pool-383-thread-1] INFO  server.RaftServerConfigKeys (ConfUtils.java:logGet(43)) - raft.server.log.segment.size.max = 1048576 (custom)
2019-10-15 11:08:33,676 [pool-383-thread-1] INFO  server.RaftServerConfigKeys (ConfUtils.java:logGet(43)) - raft.server.log.preallocated.size = 16384 (custom)
2019-10-15 11:08:33,676 [pool-403-thread-1] INFO  server.RaftServerConfigKeys (ConfUtils.java:logGet(43)) - raft.server.log.segment.size.max = 1048576 (custom)
2019-10-15 11:08:33,676 [pool-383-thread-1] INFO  server.RaftServerConfigKeys (ConfUtils.java:logGet(43)) - raft.server.log.write.buffer.size = 33554432 (custom)
2019-10-15 11:08:33,676 [pool-393-thread-1] INFO  segmented.SegmentedRaftLogWorker (SegmentedRaftLogWorker.java:<init>(173)) - new 9492de6e-56b0-4b03-9d55-ed5c866a0716@group-59EB43607E05-SegmentedRaftLogWorker for RaftStorage:Storage Directory /workdir/hadoop-ozone/integration-test/target/test-dir/MiniOzoneClusterImpl-b6bb93f9-7d52-4d17-8ba0-c855a5f9d90e/datanode-1/data/ratis/7c1a2086-0e59-44d9-8f3b-59eb43607e05
2019-10-15 11:08:33,676 [pool-383-thread-1] INFO  server.RaftServerConfigKeys (ConfUtils.java:logGet(43)) - raft.server.log.force.sync.num = 128 (default)
2019-10-15 11:08:33,677 [pool-383-thread-1] INFO  server.RaftServerConfigKeys (ConfUtils.java:logGet(43)) - raft.server.log.statemachine.data.sync = true (default)
2019-10-15 11:08:33,676 [pool-403-thread-1] INFO  server.RaftServerConfigKeys (ConfUtils.java:logGet(43)) - raft.server.log.segment.cache.num.max = 2 (custom)
2019-10-15 11:08:33,677 [pool-383-thread-1] INFO  server.RaftServerConfigKeys (ConfUtils.java:logGet(43)) - raft.server.log.statemachine.data.sync.timeout = 10s (default)
2019-10-15 11:08:33,677 [pool-383-thread-1] INFO  server.RaftServerConfigKeys (ConfUtils.java:logGet(43)) - raft.server.log.statemachine.data.sync.timeout.retry = -1 (default)
2019-10-15 11:08:33,676 [pool-393-thread-1] INFO  server.RaftServerConfigKeys (ConfUtils.java:logGet(43)) - raft.server.log.queue.byte-limit = 2147483647 (custom)
2019-10-15 11:08:33,677 [pool-383-thread-1] INFO  server.RaftServerConfigKeys (ConfUtils.java:logGet(43)) - raft.server.log.statemachine.data.caching.enabled = true (custom)
2019-10-15 11:08:33,677 [pool-403-thread-1] INFO  segmented.SegmentedRaftLogWorker (SegmentedRaftLogWorker.java:<init>(173)) - new 4d5c917c-d1a4-4bc5-a012-b970f3b713e2@group-59EB43607E05-SegmentedRaftLogWorker for RaftStorage:Storage Directory /workdir/hadoop-ozone/integration-test/target/test-dir/MiniOzoneClusterImpl-b6bb93f9-7d52-4d17-8ba0-c855a5f9d90e/datanode-2/data/ratis/7c1a2086-0e59-44d9-8f3b-59eb43607e05
2019-10-15 11:08:33,677 [pool-393-thread-1] INFO  server.RaftServerConfigKeys (ConfUtils.java:logGet(43)) - raft.server.log.queue.element-limit = 1024 (custom)
2019-10-15 11:08:33,678 [pool-383-thread-1] INFO  segmented.SegmentedRaftLogWorker (SegmentedRaftLogWorker.java:lambda$new$0(128)) - 3144ca93-bbb3-48f9-bc17-d9f794b70111@group-59EB43607E05-SegmentedRaftLogWorker: flushIndex: setUnconditionally 0 -> -1
2019-10-15 11:08:33,678 [pool-403-thread-1] INFO  server.RaftServerConfigKeys (ConfUtils.java:logGet(43)) - raft.server.log.queue.byte-limit = 2147483647 (custom)
2019-10-15 11:08:33,678 [pool-393-thread-1] INFO  server.RaftServerConfigKeys (ConfUtils.java:logGet(43)) - raft.server.log.segment.size.max = 1048576 (custom)
2019-10-15 11:08:33,678 [pool-383-thread-1] INFO  server.RaftServerConfigKeys (ConfUtils.java:logGet(43)) - raft.server.snapshot.auto.trigger.enabled = true (custom)
2019-10-15 11:08:33,678 [pool-403-thread-1] INFO  server.RaftServerConfigKeys (ConfUtils.java:logGet(43)) - raft.server.log.queue.element-limit = 1024 (custom)
2019-10-15 11:08:33,678 [pool-383-thread-1] INFO  server.RaftServerConfigKeys (ConfUtils.java:logGet(43)) - raft.server.snapshot.auto.trigger.threshold = 10000 (custom)
2019-10-15 11:08:33,678 [pool-393-thread-1] INFO  server.RaftServerConfigKeys (ConfUtils.java:logGet(43)) - raft.server.log.preallocated.size = 16384 (custom)
2019-10-15 11:08:33,679 [pool-383-thread-1] INFO  server.RaftServerConfigKeys (ConfUtils.java:logGet(43)) - raft.server.snapshot.retention.file.num = 5 (custom)
2019-10-15 11:08:33,678 [pool-403-thread-1] INFO  server.RaftServerConfigKeys (ConfUtils.java:logGet(43)) - raft.server.log.segment.size.max = 1048576 (custom)
2019-10-15 11:08:33,679 [pool-383-thread-1] INFO  server.RaftServerConfigKeys (ConfUtils.java:logGet(43)) - raft.server.retrycache.expirytime = 600000ms (custom)
2019-10-15 11:08:33,679 [pool-393-thread-1] INFO  server.RaftServerConfigKeys (ConfUtils.java:logGet(43)) - raft.server.log.write.buffer.size = 33554432 (custom)
2019-10-15 11:08:33,679 [pool-403-thread-1] INFO  server.RaftServerConfigKeys (ConfUtils.java:logGet(43)) - raft.server.log.preallocated.size = 16384 (custom)
2019-10-15 11:08:33,679 [pool-393-thread-1] INFO  server.RaftServerConfigKeys (ConfUtils.java:logGet(43)) - raft.server.log.force.sync.num = 128 (default)
2019-10-15 11:08:33,679 [pool-403-thread-1] INFO  server.RaftServerConfigKeys (ConfUtils.java:logGet(43)) - raft.server.log.write.buffer.size = 33554432 (custom)
2019-10-15 11:08:33,680 [pool-393-thread-1] INFO  server.RaftServerConfigKeys (ConfUtils.java:logGet(43)) - raft.server.log.statemachine.data.sync = true (default)
2019-10-15 11:08:33,680 [pool-403-thread-1] INFO  server.RaftServerConfigKeys (ConfUtils.java:logGet(43)) - raft.server.log.force.sync.num = 128 (default)
2019-10-15 11:08:33,680 [pool-393-thread-1] INFO  server.RaftServerConfigKeys (ConfUtils.java:logGet(43)) - raft.server.log.statemachine.data.sync.timeout = 10s (default)
2019-10-15 11:08:33,680 [pool-403-thread-1] INFO  server.RaftServerConfigKeys (ConfUtils.java:logGet(43)) - raft.server.log.statemachine.data.sync = true (default)
2019-10-15 11:08:33,680 [pool-393-thread-1] INFO  server.RaftServerConfigKeys (ConfUtils.java:logGet(43)) - raft.server.log.statemachine.data.sync.timeout.retry = -1 (default)
2019-10-15 11:08:33,680 [pool-403-thread-1] INFO  server.RaftServerConfigKeys (ConfUtils.java:logGet(43)) - raft.server.log.statemachine.data.sync.timeout = 10s (default)
2019-10-15 11:08:33,681 [pool-393-thread-1] INFO  server.RaftServerConfigKeys (ConfUtils.java:logGet(43)) - raft.server.log.statemachine.data.caching.enabled = true (custom)
2019-10-15 11:08:33,681 [pool-403-thread-1] INFO  server.RaftServerConfigKeys (ConfUtils.java:logGet(43)) - raft.server.log.statemachine.data.sync.timeout.retry = -1 (default)
2019-10-15 11:08:33,681 [pool-403-thread-1] INFO  server.RaftServerConfigKeys (ConfUtils.java:logGet(43)) - raft.server.log.statemachine.data.caching.enabled = true (custom)
2019-10-15 11:08:33,681 [pool-393-thread-1] INFO  segmented.SegmentedRaftLogWorker (SegmentedRaftLogWorker.java:lambda$new$0(128)) - 9492de6e-56b0-4b03-9d55-ed5c866a0716@group-59EB43607E05-SegmentedRaftLogWorker: flushIndex: setUnconditionally 0 -> -1
2019-10-15 11:08:33,681 [pool-403-thread-1] INFO  segmented.SegmentedRaftLogWorker (SegmentedRaftLogWorker.java:lambda$new$0(128)) - 4d5c917c-d1a4-4bc5-a012-b970f3b713e2@group-59EB43607E05-SegmentedRaftLogWorker: flushIndex: setUnconditionally 0 -> -1
2019-10-15 11:08:33,681 [pool-383-thread-1] INFO  impl.RaftServerImpl (RaftServerImpl.java:start(181)) - 3144ca93-bbb3-48f9-bc17-d9f794b70111@group-59EB43607E05: start as a follower, conf=-1: [9492de6e-56b0-4b03-9d55-ed5c866a0716:192.168.164.236:34029, 4d5c917c-d1a4-4bc5-a012-b970f3b713e2:192.168.164.236:35360, 3144ca93-bbb3-48f9-bc17-d9f794b70111:192.168.164.236:43518], old=null
2019-10-15 11:08:33,682 [pool-403-thread-1] INFO  server.RaftServerConfigKeys (ConfUtils.java:logGet(43)) - raft.server.snapshot.auto.trigger.enabled = true (custom)
2019-10-15 11:08:33,681 [pool-393-thread-1] INFO  server.RaftServerConfigKeys (ConfUtils.java:logGet(43)) - raft.server.snapshot.auto.trigger.enabled = true (custom)
2019-10-15 11:08:33,682 [pool-403-thread-1] INFO  server.RaftServerConfigKeys (ConfUtils.java:logGet(43)) - raft.server.snapshot.auto.trigger.threshold = 10000 (custom)
2019-10-15 11:08:33,682 [pool-383-thread-1] INFO  impl.RaftServerImpl (RaftServerImpl.java:setRole(170)) - 3144ca93-bbb3-48f9-bc17-d9f794b70111@group-59EB43607E05: changes role from      null to FOLLOWER at term 0 for startAsFollower
2019-10-15 11:08:33,682 [pool-403-thread-1] INFO  server.RaftServerConfigKeys (ConfUtils.java:logGet(43)) - raft.server.snapshot.retention.file.num = 5 (custom)
2019-10-15 11:08:33,682 [pool-393-thread-1] INFO  server.RaftServerConfigKeys (ConfUtils.java:logGet(43)) - raft.server.snapshot.auto.trigger.threshold = 10000 (custom)
2019-10-15 11:08:33,682 [pool-403-thread-1] INFO  server.RaftServerConfigKeys (ConfUtils.java:logGet(43)) - raft.server.retrycache.expirytime = 600000ms (custom)
2019-10-15 11:08:33,682 [pool-383-thread-1] INFO  impl.RoleInfo (RoleInfo.java:updateAndGet(143)) - 3144ca93-bbb3-48f9-bc17-d9f794b70111: start FollowerState
2019-10-15 11:08:33,682 [pool-393-thread-1] INFO  server.RaftServerConfigKeys (ConfUtils.java:logGet(43)) - raft.server.snapshot.retention.file.num = 5 (custom)
2019-10-15 11:08:33,683 [pool-393-thread-1] INFO  server.RaftServerConfigKeys (ConfUtils.java:logGet(43)) - raft.server.retrycache.expirytime = 600000ms (custom)
2019-10-15 11:08:33,683 [pool-383-thread-1] INFO  util.JmxRegister (JmxRegister.java:tryRegister(44)) - Successfully registered JMX Bean with object name Ratis:service=RaftServer,group=group-59EB43607E05,id=3144ca93-bbb3-48f9-bc17-d9f794b70111
2019-10-15 11:08:33,685 [pool-403-thread-1] INFO  impl.RaftServerImpl (RaftServerImpl.java:start(181)) - 4d5c917c-d1a4-4bc5-a012-b970f3b713e2@group-59EB43607E05: start as a follower, conf=-1: [9492de6e-56b0-4b03-9d55-ed5c866a0716:192.168.164.236:34029, 4d5c917c-d1a4-4bc5-a012-b970f3b713e2:192.168.164.236:35360, 3144ca93-bbb3-48f9-bc17-d9f794b70111:192.168.164.236:43518], old=null
2019-10-15 11:08:33,685 [pool-403-thread-1] INFO  impl.RaftServerImpl (RaftServerImpl.java:setRole(170)) - 4d5c917c-d1a4-4bc5-a012-b970f3b713e2@group-59EB43607E05: changes role from      null to FOLLOWER at term 0 for startAsFollower
2019-10-15 11:08:33,685 [pool-403-thread-1] INFO  impl.RoleInfo (RoleInfo.java:updateAndGet(143)) - 4d5c917c-d1a4-4bc5-a012-b970f3b713e2: start FollowerState
2019-10-15 11:08:33,686 [pool-403-thread-1] INFO  util.JmxRegister (JmxRegister.java:tryRegister(44)) - Successfully registered JMX Bean with object name Ratis:service=RaftServer,group=group-59EB43607E05,id=4d5c917c-d1a4-4bc5-a012-b970f3b713e2
2019-10-15 11:08:33,687 [pool-393-thread-1] INFO  impl.RaftServerImpl (RaftServerImpl.java:start(181)) - 9492de6e-56b0-4b03-9d55-ed5c866a0716@group-59EB43607E05: start as a follower, conf=-1: [9492de6e-56b0-4b03-9d55-ed5c866a0716:192.168.164.236:34029, 4d5c917c-d1a4-4bc5-a012-b970f3b713e2:192.168.164.236:35360, 3144ca93-bbb3-48f9-bc17-d9f794b70111:192.168.164.236:43518], old=null
2019-10-15 11:08:33,687 [pool-393-thread-1] INFO  impl.RaftServerImpl (RaftServerImpl.java:setRole(170)) - 9492de6e-56b0-4b03-9d55-ed5c866a0716@group-59EB43607E05: changes role from      null to FOLLOWER at term 0 for startAsFollower
2019-10-15 11:08:33,687 [pool-393-thread-1] INFO  impl.RoleInfo (RoleInfo.java:updateAndGet(143)) - 9492de6e-56b0-4b03-9d55-ed5c866a0716: start FollowerState
2019-10-15 11:08:33,688 [pool-393-thread-1] INFO  util.JmxRegister (JmxRegister.java:tryRegister(44)) - Successfully registered JMX Bean with object name Ratis:service=RaftServer,group=group-59EB43607E05,id=9492de6e-56b0-4b03-9d55-ed5c866a0716
2019-10-15 11:08:33,693 [RatisPipelineUtilsThread] INFO  pipeline.PipelineStateManager (PipelineStateManager.java:addPipeline(56)) - Created pipeline Pipeline[ Id: 7c1a2086-0e59-44d9-8f3b-59eb43607e05, Nodes: 4d5c917c-d1a4-4bc5-a012-b970f3b713e2{ip: 192.168.164.236, host: pr-hdds-2206-66z5g-837117227, networkLocation: /default-rack, certSerialId: null}9492de6e-56b0-4b03-9d55-ed5c866a0716{ip: 192.168.164.236, host: pr-hdds-2206-66z5g-837117227, networkLocation: /default-rack, certSerialId: null}3144ca93-bbb3-48f9-bc17-d9f794b70111{ip: 192.168.164.236, host: pr-hdds-2206-66z5g-837117227, networkLocation: /default-rack, certSerialId: null}, Type:RATIS, Factor:THREE, State:OPEN]
2019-10-15 11:08:33,710 [IPC Server handler 5 on 46330] INFO  net.NetworkTopology (NetworkTopologyImpl.java:add(111)) - Added a new node: /default-rack/2870d11e-a600-49a6-9b3c-b15169e3e239
2019-10-15 11:08:33,710 [IPC Server handler 5 on 46330] INFO  node.SCMNodeManager (SCMNodeManager.java:register(268)) - Registered Data node : 2870d11e-a600-49a6-9b3c-b15169e3e239{ip: 192.168.164.236, host: pr-hdds-2206-66z5g-837117227, networkLocation: /default-rack, certSerialId: null}
2019-10-15 11:08:33,719 [grpc-default-executor-6] INFO  impl.RaftServerProxy (RaftServerProxy.java:addNew(89)) - 345826a5-0dda-4781-9cf2-448e1558633a: addNew group-669284F98E7F:[345826a5-0dda-4781-9cf2-448e1558633a:192.168.164.236:38349] returns group-669284F98E7F:java.util.concurrent.CompletableFuture@6614e139[Not completed]
2019-10-15 11:08:33,722 [pool-413-thread-1] INFO  impl.RaftServerImpl (RaftServerImpl.java:<init>(95)) - 345826a5-0dda-4781-9cf2-448e1558633a: new RaftServerImpl for group-669284F98E7F:[345826a5-0dda-4781-9cf2-448e1558633a:192.168.164.236:38349] with ContainerStateMachine:uninitialized
2019-10-15 11:08:33,722 [pool-413-thread-1] INFO  server.RaftServerConfigKeys (ConfUtils.java:logGet(43)) - raft.server.rpc.timeout.min = 5s (custom)
2019-10-15 11:08:33,722 [pool-413-thread-1] INFO  server.RaftServerConfigKeys (ConfUtils.java:logGet(43)) - raft.server.rpc.timeout.max = 5200ms (custom)
2019-10-15 11:08:33,722 [pool-413-thread-1] INFO  server.RaftServerConfigKeys (ConfUtils.java:logGet(43)) - raft.server.rpcslowness.timeout = 120s (custom)
2019-10-15 11:08:33,723 [pool-413-thread-1] INFO  server.RaftServerConfigKeys (ConfUtils.java:logGet(43)) - raft.server.sleep.deviation.threshold = 300 (default)
2019-10-15 11:08:33,723 [pool-413-thread-1] INFO  server.RaftServerConfigKeys (ConfUtils.java:logGet(43)) - raft.server.log.appender.install.snapshot.enabled = false (custom)
2019-10-15 11:08:33,723 [pool-413-thread-1] INFO  impl.RaftServerImpl (ServerState.java:<init>(103)) - 345826a5-0dda-4781-9cf2-448e1558633a@group-669284F98E7F: ConfigurationManager, init=-1: [345826a5-0dda-4781-9cf2-448e1558633a:192.168.164.236:38349], old=null, confs=<EMPTY_MAP>
2019-10-15 11:08:33,723 [pool-413-thread-1] INFO  server.RaftServerConfigKeys (ConfUtils.java:logGet(43)) - raft.server.storage.dir = [/workdir/hadoop-ozone/integration-test/target/test-dir/MiniOzoneClusterImpl-b6bb93f9-7d52-4d17-8ba0-c855a5f9d90e/datanode-3/data/ratis] (custom)
2019-10-15 11:08:33,724 [pool-413-thread-1] INFO  server.RaftServerConfigKeys (ConfUtils.java:logGet(43)) - raft.server.log.corruption.policy = EXCEPTION (default)
2019-10-15 11:08:33,724 [pool-413-thread-1] INFO  storage.RaftStorageDirectory (RaftStorageDirectory.java:analyzeStorage(246)) - The storage directory /workdir/hadoop-ozone/integration-test/target/test-dir/MiniOzoneClusterImpl-b6bb93f9-7d52-4d17-8ba0-c855a5f9d90e/datanode-3/data/ratis/1283ec8c-538c-432c-9a6c-669284f98e7f does not exist. Creating ...
2019-10-15 11:08:33,749 [pool-413-thread-1] INFO  storage.RaftStorageDirectory (RaftStorageDirectory.java:tryLock(328)) - Lock on /workdir/hadoop-ozone/integration-test/target/test-dir/MiniOzoneClusterImpl-b6bb93f9-7d52-4d17-8ba0-c855a5f9d90e/datanode-3/data/ratis/1283ec8c-538c-432c-9a6c-669284f98e7f/in_use.lock acquired by nodename 12418@pr-hdds-2206-66z5g-837117227
2019-10-15 11:08:33,774 [pool-413-thread-1] INFO  storage.RaftStorage (RaftStorage.java:format(84)) - Storage directory /workdir/hadoop-ozone/integration-test/target/test-dir/MiniOzoneClusterImpl-b6bb93f9-7d52-4d17-8ba0-c855a5f9d90e/datanode-3/data/ratis/1283ec8c-538c-432c-9a6c-669284f98e7f has been successfully formatted.
2019-10-15 11:08:33,775 [pool-413-thread-1] INFO  ratis.ContainerStateMachine (ContainerStateMachine.java:loadSnapshot(231)) - group-669284F98E7F: The snapshot info is null. Setting the last applied indexto:(t:0, i:~)
2019-10-15 11:08:33,775 [pool-413-thread-1] INFO  server.RaftServerConfigKeys (ConfUtils.java:logGet(43)) - raft.server.notification.no-leader.timeout = 120s (custom)
2019-10-15 11:08:33,775 [pool-413-thread-1] INFO  server.RaftServerConfigKeys (ConfUtils.java:logGet(43)) - raft.server.log.use.memory = false (default)
2019-10-15 11:08:33,775 [pool-413-thread-1] INFO  server.RaftServerConfigKeys (ConfUtils.java:logGet(43)) - raft.server.log.purge.gap = 1000000 (custom)
2019-10-15 11:08:33,775 [pool-413-thread-1] INFO  server.RaftServerConfigKeys (ConfUtils.java:logGet(43)) - raft.server.log.appender.buffer.byte-limit = 33554432 (custom)
2019-10-15 11:08:33,775 [pool-413-thread-1] INFO  server.RaftServerConfigKeys (ConfUtils.java:logGet(43)) - raft.server.log.segment.size.max = 1048576 (custom)
2019-10-15 11:08:33,778 [pool-413-thread-1] INFO  server.RaftServerConfigKeys (ConfUtils.java:logGet(43)) - raft.server.log.segment.cache.num.max = 2 (custom)
2019-10-15 11:08:33,778 [pool-413-thread-1] INFO  segmented.SegmentedRaftLogWorker (SegmentedRaftLogWorker.java:<init>(173)) - new 345826a5-0dda-4781-9cf2-448e1558633a@group-669284F98E7F-SegmentedRaftLogWorker for RaftStorage:Storage Directory /workdir/hadoop-ozone/integration-test/target/test-dir/MiniOzoneClusterImpl-b6bb93f9-7d52-4d17-8ba0-c855a5f9d90e/datanode-3/data/ratis/1283ec8c-538c-432c-9a6c-669284f98e7f
2019-10-15 11:08:33,778 [pool-413-thread-1] INFO  server.RaftServerConfigKeys (ConfUtils.java:logGet(43)) - raft.server.log.queue.byte-limit = 2147483647 (custom)
2019-10-15 11:08:33,778 [pool-413-thread-1] INFO  server.RaftServerConfigKeys (ConfUtils.java:logGet(43)) - raft.server.log.queue.element-limit = 1024 (custom)
2019-10-15 11:08:33,778 [pool-413-thread-1] INFO  server.RaftServerConfigKeys (ConfUtils.java:logGet(43)) - raft.server.log.segment.size.max = 1048576 (custom)
2019-10-15 11:08:33,779 [pool-413-thread-1] INFO  server.RaftServerConfigKeys (ConfUtils.java:logGet(43)) - raft.server.log.preallocated.size = 16384 (custom)
2019-10-15 11:08:33,779 [pool-413-thread-1] INFO  server.RaftServerConfigKeys (ConfUtils.java:logGet(43)) - raft.server.log.write.buffer.size = 33554432 (custom)
2019-10-15 11:08:33,779 [pool-413-thread-1] INFO  server.RaftServerConfigKeys (ConfUtils.java:logGet(43)) - raft.server.log.force.sync.num = 128 (default)
2019-10-15 11:08:33,779 [pool-413-thread-1] INFO  server.RaftServerConfigKeys (ConfUtils.java:logGet(43)) - raft.server.log.statemachine.data.sync = true (default)
2019-10-15 11:08:33,779 [pool-413-thread-1] INFO  server.RaftServerConfigKeys (ConfUtils.java:logGet(43)) - raft.server.log.statemachine.data.sync.timeout = 10s (default)
2019-10-15 11:08:33,779 [pool-413-thread-1] INFO  server.RaftServerConfigKeys (ConfUtils.java:logGet(43)) - raft.server.log.statemachine.data.sync.timeout.retry = -1 (default)
2019-10-15 11:08:33,780 [pool-413-thread-1] INFO  server.RaftServerConfigKeys (ConfUtils.java:logGet(43)) - raft.server.log.statemachine.data.caching.enabled = true (custom)
2019-10-15 11:08:33,780 [pool-413-thread-1] INFO  segmented.SegmentedRaftLogWorker (SegmentedRaftLogWorker.java:lambda$new$0(128)) - 345826a5-0dda-4781-9cf2-448e1558633a@group-669284F98E7F-SegmentedRaftLogWorker: flushIndex: setUnconditionally 0 -> -1
2019-10-15 11:08:33,781 [pool-413-thread-1] INFO  server.RaftServerConfigKeys (ConfUtils.java:logGet(43)) - raft.server.snapshot.auto.trigger.enabled = true (custom)
2019-10-15 11:08:33,781 [pool-413-thread-1] INFO  server.RaftServerConfigKeys (ConfUtils.java:logGet(43)) - raft.server.snapshot.auto.trigger.threshold = 10000 (custom)
2019-10-15 11:08:33,781 [pool-413-thread-1] INFO  server.RaftServerConfigKeys (ConfUtils.java:logGet(43)) - raft.server.snapshot.retention.file.num = 5 (custom)
2019-10-15 11:08:33,781 [pool-413-thread-1] INFO  server.RaftServerConfigKeys (ConfUtils.java:logGet(43)) - raft.server.retrycache.expirytime = 600000ms (custom)
2019-10-15 11:08:33,783 [pool-413-thread-1] INFO  impl.RaftServerImpl (RaftServerImpl.java:start(181)) - 345826a5-0dda-4781-9cf2-448e1558633a@group-669284F98E7F: start as a follower, conf=-1: [345826a5-0dda-4781-9cf2-448e1558633a:192.168.164.236:38349], old=null
2019-10-15 11:08:33,783 [pool-413-thread-1] INFO  impl.RaftServerImpl (RaftServerImpl.java:setRole(170)) - 345826a5-0dda-4781-9cf2-448e1558633a@group-669284F98E7F: changes role from      null to FOLLOWER at term 0 for startAsFollower
2019-10-15 11:08:33,783 [pool-413-thread-1] INFO  impl.RoleInfo (RoleInfo.java:updateAndGet(143)) - 345826a5-0dda-4781-9cf2-448e1558633a: start FollowerState
2019-10-15 11:08:33,784 [pool-413-thread-1] INFO  util.JmxRegister (JmxRegister.java:tryRegister(44)) - Successfully registered JMX Bean with object name Ratis:service=RaftServer,group=group-669284F98E7F,id=345826a5-0dda-4781-9cf2-448e1558633a
2019-10-15 11:08:33,788 [RatisPipelineUtilsThread] INFO  pipeline.PipelineStateManager (PipelineStateManager.java:addPipeline(56)) - Created pipeline Pipeline[ Id: 1283ec8c-538c-432c-9a6c-669284f98e7f, Nodes: 345826a5-0dda-4781-9cf2-448e1558633a{ip: 192.168.164.236, host: pr-hdds-2206-66z5g-837117227, networkLocation: /default-rack, certSerialId: null}, Type:RATIS, Factor:ONE, State:OPEN]
2019-10-15 11:08:33,798 [grpc-default-executor-4] INFO  impl.RaftServerProxy (RaftServerProxy.java:addNew(89)) - 2870d11e-a600-49a6-9b3c-b15169e3e239: addNew group-A7941881C385:[2870d11e-a600-49a6-9b3c-b15169e3e239:192.168.164.236:46485] returns group-A7941881C385:java.util.concurrent.CompletableFuture@406242fc[Not completed]
2019-10-15 11:08:33,800 [pool-423-thread-1] INFO  impl.RaftServerImpl (RaftServerImpl.java:<init>(95)) - 2870d11e-a600-49a6-9b3c-b15169e3e239: new RaftServerImpl for group-A7941881C385:[2870d11e-a600-49a6-9b3c-b15169e3e239:192.168.164.236:46485] with ContainerStateMachine:uninitialized
2019-10-15 11:08:33,800 [pool-423-thread-1] INFO  server.RaftServerConfigKeys (ConfUtils.java:logGet(43)) - raft.server.rpc.timeout.min = 5s (custom)
2019-10-15 11:08:33,800 [pool-423-thread-1] INFO  server.RaftServerConfigKeys (ConfUtils.java:logGet(43)) - raft.server.rpc.timeout.max = 5200ms (custom)
2019-10-15 11:08:33,800 [pool-423-thread-1] INFO  server.RaftServerConfigKeys (ConfUtils.java:logGet(43)) - raft.server.rpcslowness.timeout = 120s (custom)
2019-10-15 11:08:33,800 [pool-423-thread-1] INFO  server.RaftServerConfigKeys (ConfUtils.java:logGet(43)) - raft.server.sleep.deviation.threshold = 300 (default)
2019-10-15 11:08:33,801 [pool-423-thread-1] INFO  server.RaftServerConfigKeys (ConfUtils.java:logGet(43)) - raft.server.log.appender.install.snapshot.enabled = false (custom)
2019-10-15 11:08:33,801 [pool-423-thread-1] INFO  impl.RaftServerImpl (ServerState.java:<init>(103)) - 2870d11e-a600-49a6-9b3c-b15169e3e239@group-A7941881C385: ConfigurationManager, init=-1: [2870d11e-a600-49a6-9b3c-b15169e3e239:192.168.164.236:46485], old=null, confs=<EMPTY_MAP>
2019-10-15 11:08:33,801 [pool-423-thread-1] INFO  server.RaftServerConfigKeys (ConfUtils.java:logGet(43)) - raft.server.storage.dir = [/workdir/hadoop-ozone/integration-test/target/test-dir/MiniOzoneClusterImpl-b6bb93f9-7d52-4d17-8ba0-c855a5f9d90e/datanode-4/data/ratis] (custom)
2019-10-15 11:08:33,801 [pool-423-thread-1] INFO  server.RaftServerConfigKeys (ConfUtils.java:logGet(43)) - raft.server.log.corruption.policy = EXCEPTION (default)
2019-10-15 11:08:33,801 [IPC Server handler 6 on 46330] INFO  net.NetworkTopology (NetworkTopologyImpl.java:add(111)) - Added a new node: /default-rack/eb650db1-3d02-48ee-b4c2-caa6406963fc
2019-10-15 11:08:33,801 [pool-423-thread-1] INFO  storage.RaftStorageDirectory (RaftStorageDirectory.java:analyzeStorage(246)) - The storage directory /workdir/hadoop-ozone/integration-test/target/test-dir/MiniOzoneClusterImpl-b6bb93f9-7d52-4d17-8ba0-c855a5f9d90e/datanode-4/data/ratis/dfe6b933-c01e-402a-9402-a7941881c385 does not exist. Creating ...
2019-10-15 11:08:33,802 [IPC Server handler 6 on 46330] INFO  node.SCMNodeManager (SCMNodeManager.java:register(268)) - Registered Data node : eb650db1-3d02-48ee-b4c2-caa6406963fc{ip: 192.168.164.236, host: pr-hdds-2206-66z5g-837117227, networkLocation: /default-rack, certSerialId: null}
2019-10-15 11:08:33,825 [pool-423-thread-1] INFO  storage.RaftStorageDirectory (RaftStorageDirectory.java:tryLock(328)) - Lock on /workdir/hadoop-ozone/integration-test/target/test-dir/MiniOzoneClusterImpl-b6bb93f9-7d52-4d17-8ba0-c855a5f9d90e/datanode-4/data/ratis/dfe6b933-c01e-402a-9402-a7941881c385/in_use.lock acquired by nodename 12418@pr-hdds-2206-66z5g-837117227
2019-10-15 11:08:33,850 [pool-423-thread-1] INFO  storage.RaftStorage (RaftStorage.java:format(84)) - Storage directory /workdir/hadoop-ozone/integration-test/target/test-dir/MiniOzoneClusterImpl-b6bb93f9-7d52-4d17-8ba0-c855a5f9d90e/datanode-4/data/ratis/dfe6b933-c01e-402a-9402-a7941881c385 has been successfully formatted.
2019-10-15 11:08:33,850 [pool-423-thread-1] INFO  ratis.ContainerStateMachine (ContainerStateMachine.java:loadSnapshot(231)) - group-A7941881C385: The snapshot info is null. Setting the last applied indexto:(t:0, i:~)
2019-10-15 11:08:33,851 [pool-423-thread-1] INFO  server.RaftServerConfigKeys (ConfUtils.java:logGet(43)) - raft.server.notification.no-leader.timeout = 120s (custom)
2019-10-15 11:08:33,851 [pool-423-thread-1] INFO  server.RaftServerConfigKeys (ConfUtils.java:logGet(43)) - raft.server.log.use.memory = false (default)
2019-10-15 11:08:33,851 [pool-423-thread-1] INFO  server.RaftServerConfigKeys (ConfUtils.java:logGet(43)) - raft.server.log.purge.gap = 1000000 (custom)
2019-10-15 11:08:33,851 [pool-423-thread-1] INFO  server.RaftServerConfigKeys (ConfUtils.java:logGet(43)) - raft.server.log.appender.buffer.byte-limit = 33554432 (custom)
2019-10-15 11:08:33,851 [pool-423-thread-1] INFO  server.RaftServerConfigKeys (ConfUtils.java:logGet(43)) - raft.server.log.segment.size.max = 1048576 (custom)
2019-10-15 11:08:33,853 [pool-423-thread-1] INFO  server.RaftServerConfigKeys (ConfUtils.java:logGet(43)) - raft.server.log.segment.cache.num.max = 2 (custom)
2019-10-15 11:08:33,853 [pool-423-thread-1] INFO  segmented.SegmentedRaftLogWorker (SegmentedRaftLogWorker.java:<init>(173)) - new 2870d11e-a600-49a6-9b3c-b15169e3e239@group-A7941881C385-SegmentedRaftLogWorker for RaftStorage:Storage Directory /workdir/hadoop-ozone/integration-test/target/test-dir/MiniOzoneClusterImpl-b6bb93f9-7d52-4d17-8ba0-c855a5f9d90e/datanode-4/data/ratis/dfe6b933-c01e-402a-9402-a7941881c385
2019-10-15 11:08:33,853 [pool-423-thread-1] INFO  server.RaftServerConfigKeys (ConfUtils.java:logGet(43)) - raft.server.log.queue.byte-limit = 2147483647 (custom)
2019-10-15 11:08:33,854 [pool-423-thread-1] INFO  server.RaftServerConfigKeys (ConfUtils.java:logGet(43)) - raft.server.log.queue.element-limit = 1024 (custom)
2019-10-15 11:08:33,854 [pool-423-thread-1] INFO  server.RaftServerConfigKeys (ConfUtils.java:logGet(43)) - raft.server.log.segment.size.max = 1048576 (custom)
2019-10-15 11:08:33,854 [pool-423-thread-1] INFO  server.RaftServerConfigKeys (ConfUtils.java:logGet(43)) - raft.server.log.preallocated.size = 16384 (custom)
2019-10-15 11:08:33,854 [pool-423-thread-1] INFO  server.RaftServerConfigKeys (ConfUtils.java:logGet(43)) - raft.server.log.write.buffer.size = 33554432 (custom)
2019-10-15 11:08:33,854 [pool-423-thread-1] INFO  server.RaftServerConfigKeys (ConfUtils.java:logGet(43)) - raft.server.log.force.sync.num = 128 (default)
2019-10-15 11:08:33,854 [pool-423-thread-1] INFO  server.RaftServerConfigKeys (ConfUtils.java:logGet(43)) - raft.server.log.statemachine.data.sync = true (default)
2019-10-15 11:08:33,854 [pool-423-thread-1] INFO  server.RaftServerConfigKeys (ConfUtils.java:logGet(43)) - raft.server.log.statemachine.data.sync.timeout = 10s (default)
2019-10-15 11:08:33,854 [pool-423-thread-1] INFO  server.RaftServerConfigKeys (ConfUtils.java:logGet(43)) - raft.server.log.statemachine.data.sync.timeout.retry = -1 (default)
2019-10-15 11:08:33,855 [pool-423-thread-1] INFO  server.RaftServerConfigKeys (ConfUtils.java:logGet(43)) - raft.server.log.statemachine.data.caching.enabled = true (custom)
2019-10-15 11:08:33,855 [pool-423-thread-1] INFO  segmented.SegmentedRaftLogWorker (SegmentedRaftLogWorker.java:lambda$new$0(128)) - 2870d11e-a600-49a6-9b3c-b15169e3e239@group-A7941881C385-SegmentedRaftLogWorker: flushIndex: setUnconditionally 0 -> -1
2019-10-15 11:08:33,855 [pool-423-thread-1] INFO  server.RaftServerConfigKeys (ConfUtils.java:logGet(43)) - raft.server.snapshot.auto.trigger.enabled = true (custom)
2019-10-15 11:08:33,856 [pool-423-thread-1] INFO  server.RaftServerConfigKeys (ConfUtils.java:logGet(43)) - raft.server.snapshot.auto.trigger.threshold = 10000 (custom)
2019-10-15 11:08:33,856 [pool-423-thread-1] INFO  server.RaftServerConfigKeys (ConfUtils.java:logGet(43)) - raft.server.snapshot.retention.file.num = 5 (custom)
2019-10-15 11:08:33,856 [pool-423-thread-1] INFO  server.RaftServerConfigKeys (ConfUtils.java:logGet(43)) - raft.server.retrycache.expirytime = 600000ms (custom)
2019-10-15 11:08:33,857 [pool-423-thread-1] INFO  impl.RaftServerImpl (RaftServerImpl.java:start(181)) - 2870d11e-a600-49a6-9b3c-b15169e3e239@group-A7941881C385: start as a follower, conf=-1: [2870d11e-a600-49a6-9b3c-b15169e3e239:192.168.164.236:46485], old=null
2019-10-15 11:08:33,857 [pool-423-thread-1] INFO  impl.RaftServerImpl (RaftServerImpl.java:setRole(170)) - 2870d11e-a600-49a6-9b3c-b15169e3e239@group-A7941881C385: changes role from      null to FOLLOWER at term 0 for startAsFollower
2019-10-15 11:08:33,858 [pool-423-thread-1] INFO  impl.RoleInfo (RoleInfo.java:updateAndGet(143)) - 2870d11e-a600-49a6-9b3c-b15169e3e239: start FollowerState
2019-10-15 11:08:33,858 [pool-423-thread-1] INFO  util.JmxRegister (JmxRegister.java:tryRegister(44)) - Successfully registered JMX Bean with object name Ratis:service=RaftServer,group=group-A7941881C385,id=2870d11e-a600-49a6-9b3c-b15169e3e239
2019-10-15 11:08:33,862 [RatisPipelineUtilsThread] INFO  pipeline.PipelineStateManager (PipelineStateManager.java:addPipeline(56)) - Created pipeline Pipeline[ Id: dfe6b933-c01e-402a-9402-a7941881c385, Nodes: 2870d11e-a600-49a6-9b3c-b15169e3e239{ip: 192.168.164.236, host: pr-hdds-2206-66z5g-837117227, networkLocation: /default-rack, certSerialId: null}, Type:RATIS, Factor:ONE, State:OPEN]
2019-10-15 11:08:33,887 [main] INFO  ozone.MiniOzoneClusterImpl (MiniOzoneClusterImpl.java:lambda$waitForClusterToBeReady$0(147)) - Waiting for cluster to be ready. Got 6 of 7 DN Heartbeats.
2019-10-15 11:08:33,888 [IPC Server handler 7 on 46330] INFO  net.NetworkTopology (NetworkTopologyImpl.java:add(111)) - Added a new node: /default-rack/d1e0ce34-67a2-404b-a684-d498084f00d9
2019-10-15 11:08:33,888 [IPC Server handler 7 on 46330] INFO  node.SCMNodeManager (SCMNodeManager.java:register(268)) - Registered Data node : d1e0ce34-67a2-404b-a684-d498084f00d9{ip: 192.168.164.236, host: pr-hdds-2206-66z5g-837117227, networkLocation: /default-rack, certSerialId: null}
2019-10-15 11:08:33,898 [grpc-default-executor-4] INFO  impl.RaftServerProxy (RaftServerProxy.java:addNew(89)) - eb650db1-3d02-48ee-b4c2-caa6406963fc: addNew group-C266E205B88D:[eb650db1-3d02-48ee-b4c2-caa6406963fc:192.168.164.236:40670] returns group-C266E205B88D:java.util.concurrent.CompletableFuture@7ad83bd9[Not completed]
2019-10-15 11:08:33,900 [pool-433-thread-1] INFO  impl.RaftServerImpl (RaftServerImpl.java:<init>(95)) - eb650db1-3d02-48ee-b4c2-caa6406963fc: new RaftServerImpl for group-C266E205B88D:[eb650db1-3d02-48ee-b4c2-caa6406963fc:192.168.164.236:40670] with ContainerStateMachine:uninitialized
2019-10-15 11:08:33,900 [pool-433-thread-1] INFO  server.RaftServerConfigKeys (ConfUtils.java:logGet(43)) - raft.server.rpc.timeout.min = 5s (custom)
2019-10-15 11:08:33,900 [pool-433-thread-1] INFO  server.RaftServerConfigKeys (ConfUtils.java:logGet(43)) - raft.server.rpc.timeout.max = 5200ms (custom)
2019-10-15 11:08:33,900 [pool-433-thread-1] INFO  server.RaftServerConfigKeys (ConfUtils.java:logGet(43)) - raft.server.rpcslowness.timeout = 120s (custom)
2019-10-15 11:08:33,900 [pool-433-thread-1] INFO  server.RaftServerConfigKeys (ConfUtils.java:logGet(43)) - raft.server.sleep.deviation.threshold = 300 (default)
2019-10-15 11:08:33,900 [pool-433-thread-1] INFO  server.RaftServerConfigKeys (ConfUtils.java:logGet(43)) - raft.server.log.appender.install.snapshot.enabled = false (custom)
2019-10-15 11:08:33,900 [pool-433-thread-1] INFO  impl.RaftServerImpl (ServerState.java:<init>(103)) - eb650db1-3d02-48ee-b4c2-caa6406963fc@group-C266E205B88D: ConfigurationManager, init=-1: [eb650db1-3d02-48ee-b4c2-caa6406963fc:192.168.164.236:40670], old=null, confs=<EMPTY_MAP>
2019-10-15 11:08:33,901 [pool-433-thread-1] INFO  server.RaftServerConfigKeys (ConfUtils.java:logGet(43)) - raft.server.storage.dir = [/workdir/hadoop-ozone/integration-test/target/test-dir/MiniOzoneClusterImpl-b6bb93f9-7d52-4d17-8ba0-c855a5f9d90e/datanode-5/data/ratis] (custom)
2019-10-15 11:08:33,901 [pool-433-thread-1] INFO  server.RaftServerConfigKeys (ConfUtils.java:logGet(43)) - raft.server.log.corruption.policy = EXCEPTION (default)
2019-10-15 11:08:33,901 [pool-433-thread-1] INFO  storage.RaftStorageDirectory (RaftStorageDirectory.java:analyzeStorage(246)) - The storage directory /workdir/hadoop-ozone/integration-test/target/test-dir/MiniOzoneClusterImpl-b6bb93f9-7d52-4d17-8ba0-c855a5f9d90e/datanode-5/data/ratis/00913c55-e252-4160-aa9e-c266e205b88d does not exist. Creating ...
2019-10-15 11:08:33,934 [pool-433-thread-1] INFO  storage.RaftStorageDirectory (RaftStorageDirectory.java:tryLock(328)) - Lock on /workdir/hadoop-ozone/integration-test/target/test-dir/MiniOzoneClusterImpl-b6bb93f9-7d52-4d17-8ba0-c855a5f9d90e/datanode-5/data/ratis/00913c55-e252-4160-aa9e-c266e205b88d/in_use.lock acquired by nodename 12418@pr-hdds-2206-66z5g-837117227
2019-10-15 11:08:33,959 [pool-433-thread-1] INFO  storage.RaftStorage (RaftStorage.java:format(84)) - Storage directory /workdir/hadoop-ozone/integration-test/target/test-dir/MiniOzoneClusterImpl-b6bb93f9-7d52-4d17-8ba0-c855a5f9d90e/datanode-5/data/ratis/00913c55-e252-4160-aa9e-c266e205b88d has been successfully formatted.
2019-10-15 11:08:33,959 [pool-433-thread-1] INFO  ratis.ContainerStateMachine (ContainerStateMachine.java:loadSnapshot(231)) - group-C266E205B88D: The snapshot info is null. Setting the last applied indexto:(t:0, i:~)
2019-10-15 11:08:33,960 [pool-433-thread-1] INFO  server.RaftServerConfigKeys (ConfUtils.java:logGet(43)) - raft.server.notification.no-leader.timeout = 120s (custom)
2019-10-15 11:08:33,960 [pool-433-thread-1] INFO  server.RaftServerConfigKeys (ConfUtils.java:logGet(43)) - raft.server.log.use.memory = false (default)
2019-10-15 11:08:33,960 [pool-433-thread-1] INFO  server.RaftServerConfigKeys (ConfUtils.java:logGet(43)) - raft.server.log.purge.gap = 1000000 (custom)
2019-10-15 11:08:33,960 [pool-433-thread-1] INFO  server.RaftServerConfigKeys (ConfUtils.java:logGet(43)) - raft.server.log.appender.buffer.byte-limit = 33554432 (custom)
2019-10-15 11:08:33,960 [pool-433-thread-1] INFO  server.RaftServerConfigKeys (ConfUtils.java:logGet(43)) - raft.server.log.segment.size.max = 1048576 (custom)
2019-10-15 11:08:33,962 [pool-433-thread-1] INFO  server.RaftServerConfigKeys (ConfUtils.java:logGet(43)) - raft.server.log.segment.cache.num.max = 2 (custom)
2019-10-15 11:08:33,962 [pool-433-thread-1] INFO  segmented.SegmentedRaftLogWorker (SegmentedRaftLogWorker.java:<init>(173)) - new eb650db1-3d02-48ee-b4c2-caa6406963fc@group-C266E205B88D-SegmentedRaftLogWorker for RaftStorage:Storage Directory /workdir/hadoop-ozone/integration-test/target/test-dir/MiniOzoneClusterImpl-b6bb93f9-7d52-4d17-8ba0-c855a5f9d90e/datanode-5/data/ratis/00913c55-e252-4160-aa9e-c266e205b88d
2019-10-15 11:08:33,962 [pool-433-thread-1] INFO  server.RaftServerConfigKeys (ConfUtils.java:logGet(43)) - raft.server.log.queue.byte-limit = 2147483647 (custom)
2019-10-15 11:08:33,962 [pool-433-thread-1] INFO  server.RaftServerConfigKeys (ConfUtils.java:logGet(43)) - raft.server.log.queue.element-limit = 1024 (custom)
2019-10-15 11:08:33,962 [pool-433-thread-1] INFO  server.RaftServerConfigKeys (ConfUtils.java:logGet(43)) - raft.server.log.segment.size.max = 1048576 (custom)
2019-10-15 11:08:33,962 [pool-433-thread-1] INFO  server.RaftServerConfigKeys (ConfUtils.java:logGet(43)) - raft.server.log.preallocated.size = 16384 (custom)
2019-10-15 11:08:33,963 [pool-433-thread-1] INFO  server.RaftServerConfigKeys (ConfUtils.java:logGet(43)) - raft.server.log.write.buffer.size = 33554432 (custom)
2019-10-15 11:08:33,963 [pool-433-thread-1] INFO  server.RaftServerConfigKeys (ConfUtils.java:logGet(43)) - raft.server.log.force.sync.num = 128 (default)
2019-10-15 11:08:33,963 [pool-433-thread-1] INFO  server.RaftServerConfigKeys (ConfUtils.java:logGet(43)) - raft.server.log.statemachine.data.sync = true (default)
2019-10-15 11:08:33,963 [pool-433-thread-1] INFO  server.RaftServerConfigKeys (ConfUtils.java:logGet(43)) - raft.server.log.statemachine.data.sync.timeout = 10s (default)
2019-10-15 11:08:33,963 [pool-433-thread-1] INFO  server.RaftServerConfigKeys (ConfUtils.java:logGet(43)) - raft.server.log.statemachine.data.sync.timeout.retry = -1 (default)
2019-10-15 11:08:33,963 [pool-433-thread-1] INFO  server.RaftServerConfigKeys (ConfUtils.java:logGet(43)) - raft.server.log.statemachine.data.caching.enabled = true (custom)
2019-10-15 11:08:33,963 [pool-433-thread-1] INFO  segmented.SegmentedRaftLogWorker (SegmentedRaftLogWorker.java:lambda$new$0(128)) - eb650db1-3d02-48ee-b4c2-caa6406963fc@group-C266E205B88D-SegmentedRaftLogWorker: flushIndex: setUnconditionally 0 -> -1
2019-10-15 11:08:33,964 [pool-433-thread-1] INFO  server.RaftServerConfigKeys (ConfUtils.java:logGet(43)) - raft.server.snapshot.auto.trigger.enabled = true (custom)
2019-10-15 11:08:33,964 [pool-433-thread-1] INFO  server.RaftServerConfigKeys (ConfUtils.java:logGet(43)) - raft.server.snapshot.auto.trigger.threshold = 10000 (custom)
2019-10-15 11:08:33,964 [pool-433-thread-1] INFO  server.RaftServerConfigKeys (ConfUtils.java:logGet(43)) - raft.server.snapshot.retention.file.num = 5 (custom)
2019-10-15 11:08:33,964 [pool-433-thread-1] INFO  server.RaftServerConfigKeys (ConfUtils.java:logGet(43)) - raft.server.retrycache.expirytime = 600000ms (custom)
2019-10-15 11:08:33,965 [pool-433-thread-1] INFO  impl.RaftServerImpl (RaftServerImpl.java:start(181)) - eb650db1-3d02-48ee-b4c2-caa6406963fc@group-C266E205B88D: start as a follower, conf=-1: [eb650db1-3d02-48ee-b4c2-caa6406963fc:192.168.164.236:40670], old=null
2019-10-15 11:08:33,966 [pool-433-thread-1] INFO  impl.RaftServerImpl (RaftServerImpl.java:setRole(170)) - eb650db1-3d02-48ee-b4c2-caa6406963fc@group-C266E205B88D: changes role from      null to FOLLOWER at term 0 for startAsFollower
2019-10-15 11:08:33,966 [pool-433-thread-1] INFO  impl.RoleInfo (RoleInfo.java:updateAndGet(143)) - eb650db1-3d02-48ee-b4c2-caa6406963fc: start FollowerState
2019-10-15 11:08:33,966 [pool-433-thread-1] INFO  util.JmxRegister (JmxRegister.java:tryRegister(44)) - Successfully registered JMX Bean with object name Ratis:service=RaftServer,group=group-C266E205B88D,id=eb650db1-3d02-48ee-b4c2-caa6406963fc
2019-10-15 11:08:33,969 [RatisPipelineUtilsThread] INFO  pipeline.PipelineStateManager (PipelineStateManager.java:addPipeline(56)) - Created pipeline Pipeline[ Id: 00913c55-e252-4160-aa9e-c266e205b88d, Nodes: eb650db1-3d02-48ee-b4c2-caa6406963fc{ip: 192.168.164.236, host: pr-hdds-2206-66z5g-837117227, networkLocation: /default-rack, certSerialId: null}, Type:RATIS, Factor:ONE, State:OPEN]
2019-10-15 11:08:33,978 [grpc-default-executor-4] INFO  impl.RaftServerProxy (RaftServerProxy.java:addNew(89)) - d1e0ce34-67a2-404b-a684-d498084f00d9: addNew group-8539C822F7A6:[d1e0ce34-67a2-404b-a684-d498084f00d9:192.168.164.236:35289] returns group-8539C822F7A6:java.util.concurrent.CompletableFuture@2c947bdb[Not completed]
2019-10-15 11:08:33,980 [pool-443-thread-1] INFO  impl.RaftServerImpl (RaftServerImpl.java:<init>(95)) - d1e0ce34-67a2-404b-a684-d498084f00d9: new RaftServerImpl for group-8539C822F7A6:[d1e0ce34-67a2-404b-a684-d498084f00d9:192.168.164.236:35289] with ContainerStateMachine:uninitialized
2019-10-15 11:08:33,980 [pool-443-thread-1] INFO  server.RaftServerConfigKeys (ConfUtils.java:logGet(43)) - raft.server.rpc.timeout.min = 5s (custom)
2019-10-15 11:08:33,980 [pool-443-thread-1] INFO  server.RaftServerConfigKeys (ConfUtils.java:logGet(43)) - raft.server.rpc.timeout.max = 5200ms (custom)
2019-10-15 11:08:33,980 [pool-443-thread-1] INFO  server.RaftServerConfigKeys (ConfUtils.java:logGet(43)) - raft.server.rpcslowness.timeout = 120s (custom)
2019-10-15 11:08:33,981 [pool-443-thread-1] INFO  server.RaftServerConfigKeys (ConfUtils.java:logGet(43)) - raft.server.sleep.deviation.threshold = 300 (default)
2019-10-15 11:08:33,981 [pool-443-thread-1] INFO  server.RaftServerConfigKeys (ConfUtils.java:logGet(43)) - raft.server.log.appender.install.snapshot.enabled = false (custom)
2019-10-15 11:08:33,981 [pool-443-thread-1] INFO  impl.RaftServerImpl (ServerState.java:<init>(103)) - d1e0ce34-67a2-404b-a684-d498084f00d9@group-8539C822F7A6: ConfigurationManager, init=-1: [d1e0ce34-67a2-404b-a684-d498084f00d9:192.168.164.236:35289], old=null, confs=<EMPTY_MAP>
2019-10-15 11:08:33,981 [pool-443-thread-1] INFO  server.RaftServerConfigKeys (ConfUtils.java:logGet(43)) - raft.server.storage.dir = [/workdir/hadoop-ozone/integration-test/target/test-dir/MiniOzoneClusterImpl-b6bb93f9-7d52-4d17-8ba0-c855a5f9d90e/datanode-6/data/ratis] (custom)
2019-10-15 11:08:33,981 [pool-443-thread-1] INFO  server.RaftServerConfigKeys (ConfUtils.java:logGet(43)) - raft.server.log.corruption.policy = EXCEPTION (default)
2019-10-15 11:08:33,982 [pool-443-thread-1] INFO  storage.RaftStorageDirectory (RaftStorageDirectory.java:analyzeStorage(246)) - The storage directory /workdir/hadoop-ozone/integration-test/target/test-dir/MiniOzoneClusterImpl-b6bb93f9-7d52-4d17-8ba0-c855a5f9d90e/datanode-6/data/ratis/f4378135-373c-4ad1-a283-8539c822f7a6 does not exist. Creating ...
2019-10-15 11:08:34,009 [pool-443-thread-1] INFO  storage.RaftStorageDirectory (RaftStorageDirectory.java:tryLock(328)) - Lock on /workdir/hadoop-ozone/integration-test/target/test-dir/MiniOzoneClusterImpl-b6bb93f9-7d52-4d17-8ba0-c855a5f9d90e/datanode-6/data/ratis/f4378135-373c-4ad1-a283-8539c822f7a6/in_use.lock acquired by nodename 12418@pr-hdds-2206-66z5g-837117227
2019-10-15 11:08:34,035 [pool-443-thread-1] INFO  storage.RaftStorage (RaftStorage.java:format(84)) - Storage directory /workdir/hadoop-ozone/integration-test/target/test-dir/MiniOzoneClusterImpl-b6bb93f9-7d52-4d17-8ba0-c855a5f9d90e/datanode-6/data/ratis/f4378135-373c-4ad1-a283-8539c822f7a6 has been successfully formatted.
2019-10-15 11:08:34,036 [pool-443-thread-1] INFO  ratis.ContainerStateMachine (ContainerStateMachine.java:loadSnapshot(231)) - group-8539C822F7A6: The snapshot info is null. Setting the last applied indexto:(t:0, i:~)
2019-10-15 11:08:34,036 [pool-443-thread-1] INFO  server.RaftServerConfigKeys (ConfUtils.java:logGet(43)) - raft.server.notification.no-leader.timeout = 120s (custom)
2019-10-15 11:08:34,036 [pool-443-thread-1] INFO  server.RaftServerConfigKeys (ConfUtils.java:logGet(43)) - raft.server.log.use.memory = false (default)
2019-10-15 11:08:34,036 [pool-443-thread-1] INFO  server.RaftServerConfigKeys (ConfUtils.java:logGet(43)) - raft.server.log.purge.gap = 1000000 (custom)
2019-10-15 11:08:34,037 [pool-443-thread-1] INFO  server.RaftServerConfigKeys (ConfUtils.java:logGet(43)) - raft.server.log.appender.buffer.byte-limit = 33554432 (custom)
2019-10-15 11:08:34,037 [pool-443-thread-1] INFO  server.RaftServerConfigKeys (ConfUtils.java:logGet(43)) - raft.server.log.segment.size.max = 1048576 (custom)
2019-10-15 11:08:34,039 [pool-443-thread-1] INFO  server.RaftServerConfigKeys (ConfUtils.java:logGet(43)) - raft.server.log.segment.cache.num.max = 2 (custom)
2019-10-15 11:08:34,039 [pool-443-thread-1] INFO  segmented.SegmentedRaftLogWorker (SegmentedRaftLogWorker.java:<init>(173)) - new d1e0ce34-67a2-404b-a684-d498084f00d9@group-8539C822F7A6-SegmentedRaftLogWorker for RaftStorage:Storage Directory /workdir/hadoop-ozone/integration-test/target/test-dir/MiniOzoneClusterImpl-b6bb93f9-7d52-4d17-8ba0-c855a5f9d90e/datanode-6/data/ratis/f4378135-373c-4ad1-a283-8539c822f7a6
2019-10-15 11:08:34,039 [pool-443-thread-1] INFO  server.RaftServerConfigKeys (ConfUtils.java:logGet(43)) - raft.server.log.queue.byte-limit = 2147483647 (custom)
2019-10-15 11:08:34,039 [pool-443-thread-1] INFO  server.RaftServerConfigKeys (ConfUtils.java:logGet(43)) - raft.server.log.queue.element-limit = 1024 (custom)
2019-10-15 11:08:34,039 [pool-443-thread-1] INFO  server.RaftServerConfigKeys (ConfUtils.java:logGet(43)) - raft.server.log.segment.size.max = 1048576 (custom)
2019-10-15 11:08:34,040 [pool-443-thread-1] INFO  server.RaftServerConfigKeys (ConfUtils.java:logGet(43)) - raft.server.log.preallocated.size = 16384 (custom)
2019-10-15 11:08:34,040 [pool-443-thread-1] INFO  server.RaftServerConfigKeys (ConfUtils.java:logGet(43)) - raft.server.log.write.buffer.size = 33554432 (custom)
2019-10-15 11:08:34,040 [pool-443-thread-1] INFO  server.RaftServerConfigKeys (ConfUtils.java:logGet(43)) - raft.server.log.force.sync.num = 128 (default)
2019-10-15 11:08:34,040 [pool-443-thread-1] INFO  server.RaftServerConfigKeys (ConfUtils.java:logGet(43)) - raft.server.log.statemachine.data.sync = true (default)
2019-10-15 11:08:34,040 [pool-443-thread-1] INFO  server.RaftServerConfigKeys (ConfUtils.java:logGet(43)) - raft.server.log.statemachine.data.sync.timeout = 10s (default)
2019-10-15 11:08:34,040 [pool-443-thread-1] INFO  server.RaftServerConfigKeys (ConfUtils.java:logGet(43)) - raft.server.log.statemachine.data.sync.timeout.retry = -1 (default)
2019-10-15 11:08:34,041 [pool-443-thread-1] INFO  server.RaftServerConfigKeys (ConfUtils.java:logGet(43)) - raft.server.log.statemachine.data.caching.enabled = true (custom)
2019-10-15 11:08:34,041 [pool-443-thread-1] INFO  segmented.SegmentedRaftLogWorker (SegmentedRaftLogWorker.java:lambda$new$0(128)) - d1e0ce34-67a2-404b-a684-d498084f00d9@group-8539C822F7A6-SegmentedRaftLogWorker: flushIndex: setUnconditionally 0 -> -1
2019-10-15 11:08:34,041 [pool-443-thread-1] INFO  server.RaftServerConfigKeys (ConfUtils.java:logGet(43)) - raft.server.snapshot.auto.trigger.enabled = true (custom)
2019-10-15 11:08:34,042 [pool-443-thread-1] INFO  server.RaftServerConfigKeys (ConfUtils.java:logGet(43)) - raft.server.snapshot.auto.trigger.threshold = 10000 (custom)
2019-10-15 11:08:34,042 [pool-443-thread-1] INFO  server.RaftServerConfigKeys (ConfUtils.java:logGet(43)) - raft.server.snapshot.retention.file.num = 5 (custom)
2019-10-15 11:08:34,042 [pool-443-thread-1] INFO  server.RaftServerConfigKeys (ConfUtils.java:logGet(43)) - raft.server.retrycache.expirytime = 600000ms (custom)
2019-10-15 11:08:34,044 [pool-443-thread-1] INFO  impl.RaftServerImpl (RaftServerImpl.java:start(181)) - d1e0ce34-67a2-404b-a684-d498084f00d9@group-8539C822F7A6: start as a follower, conf=-1: [d1e0ce34-67a2-404b-a684-d498084f00d9:192.168.164.236:35289], old=null
2019-10-15 11:08:34,044 [pool-443-thread-1] INFO  impl.RaftServerImpl (RaftServerImpl.java:setRole(170)) - d1e0ce34-67a2-404b-a684-d498084f00d9@group-8539C822F7A6: changes role from      null to FOLLOWER at term 0 for startAsFollower
2019-10-15 11:08:34,044 [pool-443-thread-1] INFO  impl.RoleInfo (RoleInfo.java:updateAndGet(143)) - d1e0ce34-67a2-404b-a684-d498084f00d9: start FollowerState
2019-10-15 11:08:34,044 [pool-443-thread-1] INFO  util.JmxRegister (JmxRegister.java:tryRegister(44)) - Successfully registered JMX Bean with object name Ratis:service=RaftServer,group=group-8539C822F7A6,id=d1e0ce34-67a2-404b-a684-d498084f00d9
2019-10-15 11:08:34,049 [RatisPipelineUtilsThread] INFO  pipeline.PipelineStateManager (PipelineStateManager.java:addPipeline(56)) - Created pipeline Pipeline[ Id: f4378135-373c-4ad1-a283-8539c822f7a6, Nodes: d1e0ce34-67a2-404b-a684-d498084f00d9{ip: 192.168.164.236, host: pr-hdds-2206-66z5g-837117227, networkLocation: /default-rack, certSerialId: null}, Type:RATIS, Factor:ONE, State:OPEN]
2019-10-15 11:08:34,063 [grpc-default-executor-4] INFO  impl.RaftServerProxy (RaftServerProxy.java:addNew(89)) - d1e0ce34-67a2-404b-a684-d498084f00d9: addNew group-02596372B735:[d1e0ce34-67a2-404b-a684-d498084f00d9:192.168.164.236:35289, 345826a5-0dda-4781-9cf2-448e1558633a:192.168.164.236:38349, eb650db1-3d02-48ee-b4c2-caa6406963fc:192.168.164.236:40670] returns group-02596372B735:java.util.concurrent.CompletableFuture@409f7b59[Not completed]
2019-10-15 11:08:34,063 [grpc-default-executor-6] INFO  impl.RaftServerProxy (RaftServerProxy.java:addNew(89)) - 345826a5-0dda-4781-9cf2-448e1558633a: addNew group-02596372B735:[d1e0ce34-67a2-404b-a684-d498084f00d9:192.168.164.236:35289, 345826a5-0dda-4781-9cf2-448e1558633a:192.168.164.236:38349, eb650db1-3d02-48ee-b4c2-caa6406963fc:192.168.164.236:40670] returns group-02596372B735:java.util.concurrent.CompletableFuture@729b819c[Not completed]
2019-10-15 11:08:34,063 [grpc-default-executor-5] INFO  impl.RaftServerProxy (RaftServerProxy.java:addNew(89)) - eb650db1-3d02-48ee-b4c2-caa6406963fc: addNew group-02596372B735:[d1e0ce34-67a2-404b-a684-d498084f00d9:192.168.164.236:35289, 345826a5-0dda-4781-9cf2-448e1558633a:192.168.164.236:38349, eb650db1-3d02-48ee-b4c2-caa6406963fc:192.168.164.236:40670] returns group-02596372B735:java.util.concurrent.CompletableFuture@1f4f319c[Not completed]
2019-10-15 11:08:34,064 [pool-443-thread-1] INFO  impl.RaftServerImpl (RaftServerImpl.java:<init>(95)) - d1e0ce34-67a2-404b-a684-d498084f00d9: new RaftServerImpl for group-02596372B735:[d1e0ce34-67a2-404b-a684-d498084f00d9:192.168.164.236:35289, 345826a5-0dda-4781-9cf2-448e1558633a:192.168.164.236:38349, eb650db1-3d02-48ee-b4c2-caa6406963fc:192.168.164.236:40670] with ContainerStateMachine:uninitialized
2019-10-15 11:08:34,064 [pool-443-thread-1] INFO  server.RaftServerConfigKeys (ConfUtils.java:logGet(43)) - raft.server.rpc.timeout.min = 5s (custom)
2019-10-15 11:08:34,064 [pool-443-thread-1] INFO  server.RaftServerConfigKeys (ConfUtils.java:logGet(43)) - raft.server.rpc.timeout.max = 5200ms (custom)
2019-10-15 11:08:34,065 [pool-443-thread-1] INFO  server.RaftServerConfigKeys (ConfUtils.java:logGet(43)) - raft.server.rpcslowness.timeout = 120s (custom)
2019-10-15 11:08:34,065 [pool-443-thread-1] INFO  server.RaftServerConfigKeys (ConfUtils.java:logGet(43)) - raft.server.sleep.deviation.threshold = 300 (default)
2019-10-15 11:08:34,065 [pool-443-thread-1] INFO  server.RaftServerConfigKeys (ConfUtils.java:logGet(43)) - raft.server.log.appender.install.snapshot.enabled = false (custom)
2019-10-15 11:08:34,065 [pool-443-thread-1] INFO  impl.RaftServerImpl (ServerState.java:<init>(103)) - d1e0ce34-67a2-404b-a684-d498084f00d9@group-02596372B735: ConfigurationManager, init=-1: [d1e0ce34-67a2-404b-a684-d498084f00d9:192.168.164.236:35289, 345826a5-0dda-4781-9cf2-448e1558633a:192.168.164.236:38349, eb650db1-3d02-48ee-b4c2-caa6406963fc:192.168.164.236:40670], old=null, confs=<EMPTY_MAP>
2019-10-15 11:08:34,065 [pool-413-thread-1] INFO  impl.RaftServerImpl (RaftServerImpl.java:<init>(95)) - 345826a5-0dda-4781-9cf2-448e1558633a: new RaftServerImpl for group-02596372B735:[d1e0ce34-67a2-404b-a684-d498084f00d9:192.168.164.236:35289, 345826a5-0dda-4781-9cf2-448e1558633a:192.168.164.236:38349, eb650db1-3d02-48ee-b4c2-caa6406963fc:192.168.164.236:40670] with ContainerStateMachine:uninitialized
2019-10-15 11:08:34,065 [pool-443-thread-1] INFO  server.RaftServerConfigKeys (ConfUtils.java:logGet(43)) - raft.server.storage.dir = [/workdir/hadoop-ozone/integration-test/target/test-dir/MiniOzoneClusterImpl-b6bb93f9-7d52-4d17-8ba0-c855a5f9d90e/datanode-6/data/ratis] (custom)
2019-10-15 11:08:34,065 [pool-413-thread-1] INFO  server.RaftServerConfigKeys (ConfUtils.java:logGet(43)) - raft.server.rpc.timeout.min = 5s (custom)
2019-10-15 11:08:34,066 [pool-443-thread-1] INFO  server.RaftServerConfigKeys (ConfUtils.java:logGet(43)) - raft.server.log.corruption.policy = EXCEPTION (default)
2019-10-15 11:08:34,065 [pool-433-thread-1] INFO  impl.RaftServerImpl (RaftServerImpl.java:<init>(95)) - eb650db1-3d02-48ee-b4c2-caa6406963fc: new RaftServerImpl for group-02596372B735:[d1e0ce34-67a2-404b-a684-d498084f00d9:192.168.164.236:35289, 345826a5-0dda-4781-9cf2-448e1558633a:192.168.164.236:38349, eb650db1-3d02-48ee-b4c2-caa6406963fc:192.168.164.236:40670] with ContainerStateMachine:uninitialized
2019-10-15 11:08:34,066 [pool-413-thread-1] INFO  server.RaftServerConfigKeys (ConfUtils.java:logGet(43)) - raft.server.rpc.timeout.max = 5200ms (custom)
2019-10-15 11:08:34,066 [pool-443-thread-1] INFO  storage.RaftStorageDirectory (RaftStorageDirectory.java:analyzeStorage(246)) - The storage directory /workdir/hadoop-ozone/integration-test/target/test-dir/MiniOzoneClusterImpl-b6bb93f9-7d52-4d17-8ba0-c855a5f9d90e/datanode-6/data/ratis/60d7ec60-d687-4171-8105-02596372b735 does not exist. Creating ...
2019-10-15 11:08:34,066 [pool-433-thread-1] INFO  server.RaftServerConfigKeys (ConfUtils.java:logGet(43)) - raft.server.rpc.timeout.min = 5s (custom)
2019-10-15 11:08:34,066 [pool-413-thread-1] INFO  server.RaftServerConfigKeys (ConfUtils.java:logGet(43)) - raft.server.rpcslowness.timeout = 120s (custom)
2019-10-15 11:08:34,066 [pool-433-thread-1] INFO  server.RaftServerConfigKeys (ConfUtils.java:logGet(43)) - raft.server.rpc.timeout.max = 5200ms (custom)
2019-10-15 11:08:34,066 [pool-413-thread-1] INFO  server.RaftServerConfigKeys (ConfUtils.java:logGet(43)) - raft.server.sleep.deviation.threshold = 300 (default)
2019-10-15 11:08:34,067 [pool-433-thread-1] INFO  server.RaftServerConfigKeys (ConfUtils.java:logGet(43)) - raft.server.rpcslowness.timeout = 120s (custom)
2019-10-15 11:08:34,067 [pool-413-thread-1] INFO  server.RaftServerConfigKeys (ConfUtils.java:logGet(43)) - raft.server.log.appender.install.snapshot.enabled = false (custom)
2019-10-15 11:08:34,067 [pool-433-thread-1] INFO  server.RaftServerConfigKeys (ConfUtils.java:logGet(43)) - raft.server.sleep.deviation.threshold = 300 (default)
2019-10-15 11:08:34,067 [pool-413-thread-1] INFO  impl.RaftServerImpl (ServerState.java:<init>(103)) - 345826a5-0dda-4781-9cf2-448e1558633a@group-02596372B735: ConfigurationManager, init=-1: [d1e0ce34-67a2-404b-a684-d498084f00d9:192.168.164.236:35289, 345826a5-0dda-4781-9cf2-448e1558633a:192.168.164.236:38349, eb650db1-3d02-48ee-b4c2-caa6406963fc:192.168.164.236:40670], old=null, confs=<EMPTY_MAP>
2019-10-15 11:08:34,067 [pool-433-thread-1] INFO  server.RaftServerConfigKeys (ConfUtils.java:logGet(43)) - raft.server.log.appender.install.snapshot.enabled = false (custom)
2019-10-15 11:08:34,067 [pool-413-thread-1] INFO  server.RaftServerConfigKeys (ConfUtils.java:logGet(43)) - raft.server.storage.dir = [/workdir/hadoop-ozone/integration-test/target/test-dir/MiniOzoneClusterImpl-b6bb93f9-7d52-4d17-8ba0-c855a5f9d90e/datanode-3/data/ratis] (custom)
2019-10-15 11:08:34,067 [pool-433-thread-1] INFO  impl.RaftServerImpl (ServerState.java:<init>(103)) - eb650db1-3d02-48ee-b4c2-caa6406963fc@group-02596372B735: ConfigurationManager, init=-1: [d1e0ce34-67a2-404b-a684-d498084f00d9:192.168.164.236:35289, 345826a5-0dda-4781-9cf2-448e1558633a:192.168.164.236:38349, eb650db1-3d02-48ee-b4c2-caa6406963fc:192.168.164.236:40670], old=null, confs=<EMPTY_MAP>
2019-10-15 11:08:34,068 [pool-433-thread-1] INFO  server.RaftServerConfigKeys (ConfUtils.java:logGet(43)) - raft.server.storage.dir = [/workdir/hadoop-ozone/integration-test/target/test-dir/MiniOzoneClusterImpl-b6bb93f9-7d52-4d17-8ba0-c855a5f9d90e/datanode-5/data/ratis] (custom)
2019-10-15 11:08:34,068 [pool-413-thread-1] INFO  server.RaftServerConfigKeys (ConfUtils.java:logGet(43)) - raft.server.log.corruption.policy = EXCEPTION (default)
2019-10-15 11:08:34,068 [pool-433-thread-1] INFO  server.RaftServerConfigKeys (ConfUtils.java:logGet(43)) - raft.server.log.corruption.policy = EXCEPTION (default)
2019-10-15 11:08:34,068 [pool-413-thread-1] INFO  storage.RaftStorageDirectory (RaftStorageDirectory.java:analyzeStorage(246)) - The storage directory /workdir/hadoop-ozone/integration-test/target/test-dir/MiniOzoneClusterImpl-b6bb93f9-7d52-4d17-8ba0-c855a5f9d90e/datanode-3/data/ratis/60d7ec60-d687-4171-8105-02596372b735 does not exist. Creating ...
2019-10-15 11:08:34,068 [pool-433-thread-1] INFO  storage.RaftStorageDirectory (RaftStorageDirectory.java:analyzeStorage(246)) - The storage directory /workdir/hadoop-ozone/integration-test/target/test-dir/MiniOzoneClusterImpl-b6bb93f9-7d52-4d17-8ba0-c855a5f9d90e/datanode-5/data/ratis/60d7ec60-d687-4171-8105-02596372b735 does not exist. Creating ...
2019-10-15 11:08:34,094 [pool-433-thread-1] INFO  storage.RaftStorageDirectory (RaftStorageDirectory.java:tryLock(328)) - Lock on /workdir/hadoop-ozone/integration-test/target/test-dir/MiniOzoneClusterImpl-b6bb93f9-7d52-4d17-8ba0-c855a5f9d90e/datanode-5/data/ratis/60d7ec60-d687-4171-8105-02596372b735/in_use.lock acquired by nodename 12418@pr-hdds-2206-66z5g-837117227
2019-10-15 11:08:34,094 [pool-413-thread-1] INFO  storage.RaftStorageDirectory (RaftStorageDirectory.java:tryLock(328)) - Lock on /workdir/hadoop-ozone/integration-test/target/test-dir/MiniOzoneClusterImpl-b6bb93f9-7d52-4d17-8ba0-c855a5f9d90e/datanode-3/data/ratis/60d7ec60-d687-4171-8105-02596372b735/in_use.lock acquired by nodename 12418@pr-hdds-2206-66z5g-837117227
2019-10-15 11:08:34,094 [pool-443-thread-1] INFO  storage.RaftStorageDirectory (RaftStorageDirectory.java:tryLock(328)) - Lock on /workdir/hadoop-ozone/integration-test/target/test-dir/MiniOzoneClusterImpl-b6bb93f9-7d52-4d17-8ba0-c855a5f9d90e/datanode-6/data/ratis/60d7ec60-d687-4171-8105-02596372b735/in_use.lock acquired by nodename 12418@pr-hdds-2206-66z5g-837117227
2019-10-15 11:08:34,119 [pool-433-thread-1] INFO  storage.RaftStorage (RaftStorage.java:format(84)) - Storage directory /workdir/hadoop-ozone/integration-test/target/test-dir/MiniOzoneClusterImpl-b6bb93f9-7d52-4d17-8ba0-c855a5f9d90e/datanode-5/data/ratis/60d7ec60-d687-4171-8105-02596372b735 has been successfully formatted.
2019-10-15 11:08:34,119 [pool-413-thread-1] INFO  storage.RaftStorage (RaftStorage.java:format(84)) - Storage directory /workdir/hadoop-ozone/integration-test/target/test-dir/MiniOzoneClusterImpl-b6bb93f9-7d52-4d17-8ba0-c855a5f9d90e/datanode-3/data/ratis/60d7ec60-d687-4171-8105-02596372b735 has been successfully formatted.
2019-10-15 11:08:34,119 [pool-443-thread-1] INFO  storage.RaftStorage (RaftStorage.java:format(84)) - Storage directory /workdir/hadoop-ozone/integration-test/target/test-dir/MiniOzoneClusterImpl-b6bb93f9-7d52-4d17-8ba0-c855a5f9d90e/datanode-6/data/ratis/60d7ec60-d687-4171-8105-02596372b735 has been successfully formatted.
2019-10-15 11:08:34,119 [pool-433-thread-1] INFO  ratis.ContainerStateMachine (ContainerStateMachine.java:loadSnapshot(231)) - group-02596372B735: The snapshot info is null. Setting the last applied indexto:(t:0, i:~)
2019-10-15 11:08:34,120 [pool-443-thread-1] INFO  ratis.ContainerStateMachine (ContainerStateMachine.java:loadSnapshot(231)) - group-02596372B735: The snapshot info is null. Setting the last applied indexto:(t:0, i:~)
2019-10-15 11:08:34,120 [pool-413-thread-1] INFO  ratis.ContainerStateMachine (ContainerStateMachine.java:loadSnapshot(231)) - group-02596372B735: The snapshot info is null. Setting the last applied indexto:(t:0, i:~)
2019-10-15 11:08:34,120 [pool-443-thread-1] INFO  server.RaftServerConfigKeys (ConfUtils.java:logGet(43)) - raft.server.notification.no-leader.timeout = 120s (custom)
2019-10-15 11:08:34,120 [pool-433-thread-1] INFO  server.RaftServerConfigKeys (ConfUtils.java:logGet(43)) - raft.server.notification.no-leader.timeout = 120s (custom)
2019-10-15 11:08:34,120 [pool-443-thread-1] INFO  server.RaftServerConfigKeys (ConfUtils.java:logGet(43)) - raft.server.log.use.memory = false (default)
2019-10-15 11:08:34,120 [pool-413-thread-1] INFO  server.RaftServerConfigKeys (ConfUtils.java:logGet(43)) - raft.server.notification.no-leader.timeout = 120s (custom)
2019-10-15 11:08:34,121 [pool-443-thread-1] INFO  server.RaftServerConfigKeys (ConfUtils.java:logGet(43)) - raft.server.log.purge.gap = 1000000 (custom)
2019-10-15 11:08:34,120 [pool-433-thread-1] INFO  server.RaftServerConfigKeys (ConfUtils.java:logGet(43)) - raft.server.log.use.memory = false (default)
2019-10-15 11:08:34,121 [pool-443-thread-1] INFO  server.RaftServerConfigKeys (ConfUtils.java:logGet(43)) - raft.server.log.appender.buffer.byte-limit = 33554432 (custom)
2019-10-15 11:08:34,121 [pool-443-thread-1] INFO  server.RaftServerConfigKeys (ConfUtils.java:logGet(43)) - raft.server.log.segment.size.max = 1048576 (custom)
2019-10-15 11:08:34,121 [pool-413-thread-1] INFO  server.RaftServerConfigKeys (ConfUtils.java:logGet(43)) - raft.server.log.use.memory = false (default)
2019-10-15 11:08:34,121 [pool-443-thread-1] INFO  server.RaftServerConfigKeys (ConfUtils.java:logGet(43)) - raft.server.log.segment.cache.num.max = 2 (custom)
2019-10-15 11:08:34,121 [pool-433-thread-1] INFO  server.RaftServerConfigKeys (ConfUtils.java:logGet(43)) - raft.server.log.purge.gap = 1000000 (custom)
2019-10-15 11:08:34,121 [pool-443-thread-1] INFO  segmented.SegmentedRaftLogWorker (SegmentedRaftLogWorker.java:<init>(173)) - new d1e0ce34-67a2-404b-a684-d498084f00d9@group-02596372B735-SegmentedRaftLogWorker for RaftStorage:Storage Directory /workdir/hadoop-ozone/integration-test/target/test-dir/MiniOzoneClusterImpl-b6bb93f9-7d52-4d17-8ba0-c855a5f9d90e/datanode-6/data/ratis/60d7ec60-d687-4171-8105-02596372b735
2019-10-15 11:08:34,121 [pool-413-thread-1] INFO  server.RaftServerConfigKeys (ConfUtils.java:logGet(43)) - raft.server.log.purge.gap = 1000000 (custom)
2019-10-15 11:08:34,122 [pool-443-thread-1] INFO  server.RaftServerConfigKeys (ConfUtils.java:logGet(43)) - raft.server.log.queue.byte-limit = 2147483647 (custom)
2019-10-15 11:08:34,121 [pool-433-thread-1] INFO  server.RaftServerConfigKeys (ConfUtils.java:logGet(43)) - raft.server.log.appender.buffer.byte-limit = 33554432 (custom)
2019-10-15 11:08:34,122 [pool-443-thread-1] INFO  server.RaftServerConfigKeys (ConfUtils.java:logGet(43)) - raft.server.log.queue.element-limit = 1024 (custom)
2019-10-15 11:08:34,122 [pool-413-thread-1] INFO  server.RaftServerConfigKeys (ConfUtils.java:logGet(43)) - raft.server.log.appender.buffer.byte-limit = 33554432 (custom)
2019-10-15 11:08:34,122 [pool-443-thread-1] INFO  server.RaftServerConfigKeys (ConfUtils.java:logGet(43)) - raft.server.log.segment.size.max = 1048576 (custom)
2019-10-15 11:08:34,122 [pool-433-thread-1] INFO  server.RaftServerConfigKeys (ConfUtils.java:logGet(43)) - raft.server.log.segment.size.max = 1048576 (custom)
2019-10-15 11:08:34,122 [pool-443-thread-1] INFO  server.RaftServerConfigKeys (ConfUtils.java:logGet(43)) - raft.server.log.preallocated.size = 16384 (custom)
2019-10-15 11:08:34,122 [pool-413-thread-1] INFO  server.RaftServerConfigKeys (ConfUtils.java:logGet(43)) - raft.server.log.segment.size.max = 1048576 (custom)
2019-10-15 11:08:34,123 [pool-443-thread-1] INFO  server.RaftServerConfigKeys (ConfUtils.java:logGet(43)) - raft.server.log.write.buffer.size = 33554432 (custom)
2019-10-15 11:08:34,123 [pool-433-thread-1] INFO  server.RaftServerConfigKeys (ConfUtils.java:logGet(43)) - raft.server.log.segment.cache.num.max = 2 (custom)
2019-10-15 11:08:34,123 [pool-443-thread-1] INFO  server.RaftServerConfigKeys (ConfUtils.java:logGet(43)) - raft.server.log.force.sync.num = 128 (default)
2019-10-15 11:08:34,123 [pool-413-thread-1] INFO  server.RaftServerConfigKeys (ConfUtils.java:logGet(43)) - raft.server.log.segment.cache.num.max = 2 (custom)
2019-10-15 11:08:34,123 [pool-443-thread-1] INFO  server.RaftServerConfigKeys (ConfUtils.java:logGet(43)) - raft.server.log.statemachine.data.sync = true (default)
2019-10-15 11:08:34,123 [pool-433-thread-1] INFO  segmented.SegmentedRaftLogWorker (SegmentedRaftLogWorker.java:<init>(173)) - new eb650db1-3d02-48ee-b4c2-caa6406963fc@group-02596372B735-SegmentedRaftLogWorker for RaftStorage:Storage Directory /workdir/hadoop-ozone/integration-test/target/test-dir/MiniOzoneClusterImpl-b6bb93f9-7d52-4d17-8ba0-c855a5f9d90e/datanode-5/data/ratis/60d7ec60-d687-4171-8105-02596372b735
2019-10-15 11:08:34,123 [pool-443-thread-1] INFO  server.RaftServerConfigKeys (ConfUtils.java:logGet(43)) - raft.server.log.statemachine.data.sync.timeout = 10s (default)
2019-10-15 11:08:34,123 [pool-413-thread-1] INFO  segmented.SegmentedRaftLogWorker (SegmentedRaftLogWorker.java:<init>(173)) - new 345826a5-0dda-4781-9cf2-448e1558633a@group-02596372B735-SegmentedRaftLogWorker for RaftStorage:Storage Directory /workdir/hadoop-ozone/integration-test/target/test-dir/MiniOzoneClusterImpl-b6bb93f9-7d52-4d17-8ba0-c855a5f9d90e/datanode-3/data/ratis/60d7ec60-d687-4171-8105-02596372b735
2019-10-15 11:08:34,124 [pool-443-thread-1] INFO  server.RaftServerConfigKeys (ConfUtils.java:logGet(43)) - raft.server.log.statemachine.data.sync.timeout.retry = -1 (default)
2019-10-15 11:08:34,124 [pool-433-thread-1] INFO  server.RaftServerConfigKeys (ConfUtils.java:logGet(43)) - raft.server.log.queue.byte-limit = 2147483647 (custom)
2019-10-15 11:08:34,124 [pool-443-thread-1] INFO  server.RaftServerConfigKeys (ConfUtils.java:logGet(43)) - raft.server.log.statemachine.data.caching.enabled = true (custom)
2019-10-15 11:08:34,124 [pool-413-thread-1] INFO  server.RaftServerConfigKeys (ConfUtils.java:logGet(43)) - raft.server.log.queue.byte-limit = 2147483647 (custom)
2019-10-15 11:08:34,124 [pool-433-thread-1] INFO  server.RaftServerConfigKeys (ConfUtils.java:logGet(43)) - raft.server.log.queue.element-limit = 1024 (custom)
2019-10-15 11:08:34,124 [pool-443-thread-1] INFO  segmented.SegmentedRaftLogWorker (SegmentedRaftLogWorker.java:lambda$new$0(128)) - d1e0ce34-67a2-404b-a684-d498084f00d9@group-02596372B735-SegmentedRaftLogWorker: flushIndex: setUnconditionally 0 -> -1
2019-10-15 11:08:34,124 [pool-413-thread-1] INFO  server.RaftServerConfigKeys (ConfUtils.java:logGet(43)) - raft.server.log.queue.element-limit = 1024 (custom)
2019-10-15 11:08:34,124 [pool-433-thread-1] INFO  server.RaftServerConfigKeys (ConfUtils.java:logGet(43)) - raft.server.log.segment.size.max = 1048576 (custom)
2019-10-15 11:08:34,125 [pool-443-thread-1] INFO  server.RaftServerConfigKeys (ConfUtils.java:logGet(43)) - raft.server.snapshot.auto.trigger.enabled = true (custom)
2019-10-15 11:08:34,125 [pool-413-thread-1] INFO  server.RaftServerConfigKeys (ConfUtils.java:logGet(43)) - raft.server.log.segment.size.max = 1048576 (custom)
2019-10-15 11:08:34,125 [pool-443-thread-1] INFO  server.RaftServerConfigKeys (ConfUtils.java:logGet(43)) - raft.server.snapshot.auto.trigger.threshold = 10000 (custom)
2019-10-15 11:08:34,125 [pool-433-thread-1] INFO  server.RaftServerConfigKeys (ConfUtils.java:logGet(43)) - raft.server.log.preallocated.size = 16384 (custom)
2019-10-15 11:08:34,125 [pool-443-thread-1] INFO  server.RaftServerConfigKeys (ConfUtils.java:logGet(43)) - raft.server.snapshot.retention.file.num = 5 (custom)
2019-10-15 11:08:34,125 [pool-413-thread-1] INFO  server.RaftServerConfigKeys (ConfUtils.java:logGet(43)) - raft.server.log.preallocated.size = 16384 (custom)
2019-10-15 11:08:34,125 [pool-443-thread-1] INFO  server.RaftServerConfigKeys (ConfUtils.java:logGet(43)) - raft.server.retrycache.expirytime = 600000ms (custom)
2019-10-15 11:08:34,125 [pool-433-thread-1] INFO  server.RaftServerConfigKeys (ConfUtils.java:logGet(43)) - raft.server.log.write.buffer.size = 33554432 (custom)
2019-10-15 11:08:34,125 [pool-413-thread-1] INFO  server.RaftServerConfigKeys (ConfUtils.java:logGet(43)) - raft.server.log.write.buffer.size = 33554432 (custom)
2019-10-15 11:08:34,126 [pool-433-thread-1] INFO  server.RaftServerConfigKeys (ConfUtils.java:logGet(43)) - raft.server.log.force.sync.num = 128 (default)
2019-10-15 11:08:34,126 [pool-413-thread-1] INFO  server.RaftServerConfigKeys (ConfUtils.java:logGet(43)) - raft.server.log.force.sync.num = 128 (default)
2019-10-15 11:08:34,126 [pool-433-thread-1] INFO  server.RaftServerConfigKeys (ConfUtils.java:logGet(43)) - raft.server.log.statemachine.data.sync = true (default)
2019-10-15 11:08:34,126 [pool-413-thread-1] INFO  server.RaftServerConfigKeys (ConfUtils.java:logGet(43)) - raft.server.log.statemachine.data.sync = true (default)
2019-10-15 11:08:34,126 [pool-433-thread-1] INFO  server.RaftServerConfigKeys (ConfUtils.java:logGet(43)) - raft.server.log.statemachine.data.sync.timeout = 10s (default)
2019-10-15 11:08:34,126 [pool-413-thread-1] INFO  server.RaftServerConfigKeys (ConfUtils.java:logGet(43)) - raft.server.log.statemachine.data.sync.timeout = 10s (default)
2019-10-15 11:08:34,126 [pool-433-thread-1] INFO  server.RaftServerConfigKeys (ConfUtils.java:logGet(43)) - raft.server.log.statemachine.data.sync.timeout.retry = -1 (default)
2019-10-15 11:08:34,126 [pool-413-thread-1] INFO  server.RaftServerConfigKeys (ConfUtils.java:logGet(43)) - raft.server.log.statemachine.data.sync.timeout.retry = -1 (default)
2019-10-15 11:08:34,127 [pool-433-thread-1] INFO  server.RaftServerConfigKeys (ConfUtils.java:logGet(43)) - raft.server.log.statemachine.data.caching.enabled = true (custom)
2019-10-15 11:08:34,127 [pool-413-thread-1] INFO  server.RaftServerConfigKeys (ConfUtils.java:logGet(43)) - raft.server.log.statemachine.data.caching.enabled = true (custom)
2019-10-15 11:08:34,127 [pool-433-thread-1] INFO  segmented.SegmentedRaftLogWorker (SegmentedRaftLogWorker.java:lambda$new$0(128)) - eb650db1-3d02-48ee-b4c2-caa6406963fc@group-02596372B735-SegmentedRaftLogWorker: flushIndex: setUnconditionally 0 -> -1
2019-10-15 11:08:34,127 [pool-413-thread-1] INFO  segmented.SegmentedRaftLogWorker (SegmentedRaftLogWorker.java:lambda$new$0(128)) - 345826a5-0dda-4781-9cf2-448e1558633a@group-02596372B735-SegmentedRaftLogWorker: flushIndex: setUnconditionally 0 -> -1
2019-10-15 11:08:34,127 [pool-433-thread-1] INFO  server.RaftServerConfigKeys (ConfUtils.java:logGet(43)) - raft.server.snapshot.auto.trigger.enabled = true (custom)
2019-10-15 11:08:34,127 [pool-413-thread-1] INFO  server.RaftServerConfigKeys (ConfUtils.java:logGet(43)) - raft.server.snapshot.auto.trigger.enabled = true (custom)
2019-10-15 11:08:34,127 [pool-433-thread-1] INFO  server.RaftServerConfigKeys (ConfUtils.java:logGet(43)) - raft.server.snapshot.auto.trigger.threshold = 10000 (custom)
2019-10-15 11:08:34,127 [pool-443-thread-1] INFO  impl.RaftServerImpl (RaftServerImpl.java:start(181)) - d1e0ce34-67a2-404b-a684-d498084f00d9@group-02596372B735: start as a follower, conf=-1: [d1e0ce34-67a2-404b-a684-d498084f00d9:192.168.164.236:35289, 345826a5-0dda-4781-9cf2-448e1558633a:192.168.164.236:38349, eb650db1-3d02-48ee-b4c2-caa6406963fc:192.168.164.236:40670], old=null
2019-10-15 11:08:34,128 [pool-433-thread-1] INFO  server.RaftServerConfigKeys (ConfUtils.java:logGet(43)) - raft.server.snapshot.retention.file.num = 5 (custom)
2019-10-15 11:08:34,128 [pool-413-thread-1] INFO  server.RaftServerConfigKeys (ConfUtils.java:logGet(43)) - raft.server.snapshot.auto.trigger.threshold = 10000 (custom)
2019-10-15 11:08:34,128 [pool-433-thread-1] INFO  server.RaftServerConfigKeys (ConfUtils.java:logGet(43)) - raft.server.retrycache.expirytime = 600000ms (custom)
2019-10-15 11:08:34,128 [pool-443-thread-1] INFO  impl.RaftServerImpl (RaftServerImpl.java:setRole(170)) - d1e0ce34-67a2-404b-a684-d498084f00d9@group-02596372B735: changes role from      null to FOLLOWER at term 0 for startAsFollower
2019-10-15 11:08:34,128 [pool-413-thread-1] INFO  server.RaftServerConfigKeys (ConfUtils.java:logGet(43)) - raft.server.snapshot.retention.file.num = 5 (custom)
2019-10-15 11:08:34,128 [pool-443-thread-1] INFO  impl.RoleInfo (RoleInfo.java:updateAndGet(143)) - d1e0ce34-67a2-404b-a684-d498084f00d9: start FollowerState
2019-10-15 11:08:34,128 [pool-413-thread-1] INFO  server.RaftServerConfigKeys (ConfUtils.java:logGet(43)) - raft.server.retrycache.expirytime = 600000ms (custom)
2019-10-15 11:08:34,129 [pool-443-thread-1] INFO  util.JmxRegister (JmxRegister.java:tryRegister(44)) - Successfully registered JMX Bean with object name Ratis:service=RaftServer,group=group-02596372B735,id=d1e0ce34-67a2-404b-a684-d498084f00d9
2019-10-15 11:08:34,131 [pool-433-thread-1] INFO  impl.RaftServerImpl (RaftServerImpl.java:start(181)) - eb650db1-3d02-48ee-b4c2-caa6406963fc@group-02596372B735: start as a follower, conf=-1: [d1e0ce34-67a2-404b-a684-d498084f00d9:192.168.164.236:35289, 345826a5-0dda-4781-9cf2-448e1558633a:192.168.164.236:38349, eb650db1-3d02-48ee-b4c2-caa6406963fc:192.168.164.236:40670], old=null
2019-10-15 11:08:34,132 [pool-433-thread-1] INFO  impl.RaftServerImpl (RaftServerImpl.java:setRole(170)) - eb650db1-3d02-48ee-b4c2-caa6406963fc@group-02596372B735: changes role from      null to FOLLOWER at term 0 for startAsFollower
2019-10-15 11:08:34,132 [pool-433-thread-1] INFO  impl.RoleInfo (RoleInfo.java:updateAndGet(143)) - eb650db1-3d02-48ee-b4c2-caa6406963fc: start FollowerState
2019-10-15 11:08:34,132 [pool-413-thread-1] INFO  impl.RaftServerImpl (RaftServerImpl.java:start(181)) - 345826a5-0dda-4781-9cf2-448e1558633a@group-02596372B735: start as a follower, conf=-1: [d1e0ce34-67a2-404b-a684-d498084f00d9:192.168.164.236:35289, 345826a5-0dda-4781-9cf2-448e1558633a:192.168.164.236:38349, eb650db1-3d02-48ee-b4c2-caa6406963fc:192.168.164.236:40670], old=null
2019-10-15 11:08:34,132 [pool-413-thread-1] INFO  impl.RaftServerImpl (RaftServerImpl.java:setRole(170)) - 345826a5-0dda-4781-9cf2-448e1558633a@group-02596372B735: changes role from      null to FOLLOWER at term 0 for startAsFollower
2019-10-15 11:08:34,132 [pool-433-thread-1] INFO  util.JmxRegister (JmxRegister.java:tryRegister(44)) - Successfully registered JMX Bean with object name Ratis:service=RaftServer,group=group-02596372B735,id=eb650db1-3d02-48ee-b4c2-caa6406963fc
2019-10-15 11:08:34,132 [pool-413-thread-1] INFO  impl.RoleInfo (RoleInfo.java:updateAndGet(143)) - 345826a5-0dda-4781-9cf2-448e1558633a: start FollowerState
2019-10-15 11:08:34,132 [pool-413-thread-1] INFO  util.JmxRegister (JmxRegister.java:tryRegister(44)) - Successfully registered JMX Bean with object name Ratis:service=RaftServer,group=group-02596372B735,id=345826a5-0dda-4781-9cf2-448e1558633a
2019-10-15 11:08:34,138 [RatisPipelineUtilsThread] INFO  pipeline.PipelineStateManager (PipelineStateManager.java:addPipeline(56)) - Created pipeline Pipeline[ Id: 60d7ec60-d687-4171-8105-02596372b735, Nodes: d1e0ce34-67a2-404b-a684-d498084f00d9{ip: 192.168.164.236, host: pr-hdds-2206-66z5g-837117227, networkLocation: /default-rack, certSerialId: null}345826a5-0dda-4781-9cf2-448e1558633a{ip: 192.168.164.236, host: pr-hdds-2206-66z5g-837117227, networkLocation: /default-rack, certSerialId: null}eb650db1-3d02-48ee-b4c2-caa6406963fc{ip: 192.168.164.236, host: pr-hdds-2206-66z5g-837117227, networkLocation: /default-rack, certSerialId: null}, Type:RATIS, Factor:THREE, State:OPEN]
2019-10-15 11:08:34,682 [Thread-2448] INFO  client.GrpcClientProtocolService (GrpcClientProtocolService.java:lambda$processClientRequest$0(278)) - Failed RaftClientRequest:client-663949409B68->172a2998-bf86-4637-a4be-957637693d81@group-571077ABE93B, cid=68, seq=0, Watch-MAJORITY_COMMITTED(52), Message:<EMPTY>, reply=RaftClientReply:client-663949409B68->172a2998-bf86-4637-a4be-957637693d81@group-571077ABE93B, cid=68, FAILED org.apache.ratis.protocol.NotReplicatedException: Request with call Id 68 and log index 52 is not yet replicated to MAJORITY_COMMITTED, logIndex=52, commits[172a2998-bf86-4637-a4be-957637693d81:c2, d6d9a674-7f3a-482e-be06-219964726ba5:c2, 144b8dad-4f9f-4727-95df-54da78a09e68:c2]
2019-10-15 11:08:34,682 [Thread-2449] INFO  client.GrpcClientProtocolService (GrpcClientProtocolService.java:lambda$processClientRequest$0(278)) - Failed RaftClientRequest:client-663949409B68->172a2998-bf86-4637-a4be-957637693d81@group-571077ABE93B, cid=67, seq=0, Watch-ALL_COMMITTED(52), Message:<EMPTY>, reply=RaftClientReply:client-663949409B68->172a2998-bf86-4637-a4be-957637693d81@group-571077ABE93B, cid=67, FAILED org.apache.ratis.protocol.NotReplicatedException: Request with call Id 67 and log index 52 is not yet replicated to ALL_COMMITTED, logIndex=52, commits[172a2998-bf86-4637-a4be-957637693d81:c2, d6d9a674-7f3a-482e-be06-219964726ba5:c2, 144b8dad-4f9f-4727-95df-54da78a09e68:c2]
2019-10-15 11:08:34,887 [main] INFO  ozone.MiniOzoneClusterImpl (MiniOzoneClusterImpl.java:lambda$waitForClusterToBeReady$0(147)) - Cluster is ready. Got 7 of 7 DN Heartbeats.
2019-10-15 11:08:34,949 [main] INFO  rpc.RpcClient (RpcClient.java:createVolume(272)) - Creating Volume: watchforcommithandlingtest, with jenkins1000 as owner.
2019-10-15 11:08:34,953 [IPC Server handler 1 on 34488] INFO  volume.OMVolumeCreateRequest (OMVolumeCreateRequest.java:validateAndUpdateCache(193)) - created volume:watchforcommithandlingtest for user:jenkins1000
2019-10-15 11:08:34,976 [main] INFO  rpc.RpcClient (RpcClient.java:createBucket(411)) - Creating Bucket: watchforcommithandlingtest/watchforcommithandlingtest, with Versioning false and Storage Type set to DISK and Encryption set to false 
2019-10-15 11:08:34,983 [main] INFO  ozone.MiniOzoneClusterImpl (MiniOzoneClusterImpl.java:getStorageContainerLocationClient(234)) - Creating StorageContainerLocationProtocol RPC client with address /0.0.0.0:35119
2019-10-15 11:08:35,659 [grpc-default-executor-2] WARN  server.GrpcLogAppender (LogUtils.java:warn(134)) - 172a2998-bf86-4637-a4be-957637693d81@group-571077ABE93B->144b8dad-4f9f-4727-95df-54da78a09e68-AppendLogResponseHandler: Failed appendEntries: org.apache.ratis.thirdparty.io.grpc.StatusRuntimeException: UNAVAILABLE: io exception
2019-10-15 11:08:35,659 [grpc-default-executor-7] WARN  server.GrpcLogAppender (LogUtils.java:warn(134)) - 172a2998-bf86-4637-a4be-957637693d81@group-571077ABE93B->d6d9a674-7f3a-482e-be06-219964726ba5-AppendLogResponseHandler: Failed appendEntries: org.apache.ratis.thirdparty.io.grpc.StatusRuntimeException: UNAVAILABLE: io exception
2019-10-15 11:08:35,659 [grpc-default-executor-2] INFO  impl.FollowerInfo (FollowerInfo.java:lambda$new$0(51)) - 172a2998-bf86-4637-a4be-957637693d81@group-571077ABE93B->144b8dad-4f9f-4727-95df-54da78a09e68: nextIndex: updateUnconditionally 0 -> 0
2019-10-15 11:08:35,660 [grpc-default-executor-7] INFO  impl.FollowerInfo (FollowerInfo.java:lambda$new$0(51)) - 172a2998-bf86-4637-a4be-957637693d81@group-571077ABE93B->d6d9a674-7f3a-482e-be06-219964726ba5: nextIndex: updateUnconditionally 0 -> 0
2019-10-15 11:08:36,284 [Thread-2402] INFO  container.ReplicationManager (ReplicationManager.java:start(162)) - Starting Replication Monitor Thread.
2019-10-15 11:08:36,291 [ReplicationMonitor] INFO  container.ReplicationManager (ReplicationManager.java:run(225)) - Replication Monitor Thread took 0 milliseconds for processing 1 containers.
2019-10-15 11:08:38,159 [grpc-default-executor-3] WARN  server.GrpcLogAppender (LogUtils.java:warn(134)) - 172a2998-bf86-4637-a4be-957637693d81@group-571077ABE93B->d6d9a674-7f3a-482e-be06-219964726ba5-AppendLogResponseHandler: Failed appendEntries: org.apache.ratis.thirdparty.io.grpc.StatusRuntimeException: UNAVAILABLE: io exception
2019-10-15 11:08:38,159 [grpc-default-executor-4] WARN  server.GrpcLogAppender (LogUtils.java:warn(134)) - 172a2998-bf86-4637-a4be-957637693d81@group-571077ABE93B->144b8dad-4f9f-4727-95df-54da78a09e68-AppendLogResponseHandler: Failed appendEntries: org.apache.ratis.thirdparty.io.grpc.StatusRuntimeException: UNAVAILABLE: io exception
2019-10-15 11:08:38,159 [grpc-default-executor-3] INFO  impl.FollowerInfo (FollowerInfo.java:lambda$new$0(51)) - 172a2998-bf86-4637-a4be-957637693d81@group-571077ABE93B->d6d9a674-7f3a-482e-be06-219964726ba5: nextIndex: updateUnconditionally 0 -> 0
2019-10-15 11:08:38,159 [grpc-default-executor-4] INFO  impl.FollowerInfo (FollowerInfo.java:lambda$new$0(51)) - 172a2998-bf86-4637-a4be-957637693d81@group-571077ABE93B->144b8dad-4f9f-4727-95df-54da78a09e68: nextIndex: updateUnconditionally 0 -> 0
2019-10-15 11:08:38,522 [Thread-2404] INFO  impl.FollowerState (FollowerState.java:run(108)) - 3144ca93-bbb3-48f9-bc17-d9f794b70111@group-4E2D703746EC-FollowerState: change to CANDIDATE, lastRpcTime:5162ms, electionTimeout:5162ms
2019-10-15 11:08:38,522 [Thread-2404] INFO  impl.RoleInfo (RoleInfo.java:shutdownFollowerState(121)) - 3144ca93-bbb3-48f9-bc17-d9f794b70111: shutdown FollowerState
2019-10-15 11:08:38,522 [Thread-2404] INFO  impl.RaftServerImpl (RaftServerImpl.java:setRole(170)) - 3144ca93-bbb3-48f9-bc17-d9f794b70111@group-4E2D703746EC: changes role from  FOLLOWER to CANDIDATE at term 0 for changeToCandidate
2019-10-15 11:08:38,523 [Thread-2404] INFO  impl.RoleInfo (RoleInfo.java:updateAndGet(143)) - 3144ca93-bbb3-48f9-bc17-d9f794b70111: start LeaderElection
2019-10-15 11:08:38,560 [3144ca93-bbb3-48f9-bc17-d9f794b70111@group-4E2D703746EC-LeaderElection90] INFO  impl.LeaderElection (LeaderElection.java:askForVotes(178)) - 3144ca93-bbb3-48f9-bc17-d9f794b70111@group-4E2D703746EC-LeaderElection90: begin an election at term 1 for -1: [3144ca93-bbb3-48f9-bc17-d9f794b70111:192.168.164.236:43518], old=null
2019-10-15 11:08:38,561 [3144ca93-bbb3-48f9-bc17-d9f794b70111@group-4E2D703746EC-LeaderElection90] INFO  impl.RoleInfo (RoleInfo.java:shutdownLeaderElection(134)) - 3144ca93-bbb3-48f9-bc17-d9f794b70111: shutdown LeaderElection
2019-10-15 11:08:38,561 [3144ca93-bbb3-48f9-bc17-d9f794b70111@group-4E2D703746EC-LeaderElection90] INFO  impl.RaftServerImpl (RaftServerImpl.java:setRole(170)) - 3144ca93-bbb3-48f9-bc17-d9f794b70111@group-4E2D703746EC: changes role from CANDIDATE to LEADER at term 1 for changeToLeader
2019-10-15 11:08:38,561 [3144ca93-bbb3-48f9-bc17-d9f794b70111@group-4E2D703746EC-LeaderElection90] INFO  impl.RaftServerImpl (ServerState.java:setLeader(255)) - 3144ca93-bbb3-48f9-bc17-d9f794b70111@group-4E2D703746EC: change Leader from null to 3144ca93-bbb3-48f9-bc17-d9f794b70111 at term 1 for becomeLeader, leader elected after 5207ms
2019-10-15 11:08:38,561 [3144ca93-bbb3-48f9-bc17-d9f794b70111@group-4E2D703746EC-LeaderElection90] INFO  server.RaftServerConfigKeys (ConfUtils.java:logGet(43)) - raft.server.staging.catchup.gap = 1000 (default)
2019-10-15 11:08:38,561 [3144ca93-bbb3-48f9-bc17-d9f794b70111@group-4E2D703746EC-LeaderElection90] INFO  server.RaftServerConfigKeys (ConfUtils.java:logGet(43)) - raft.server.rpc.sleep.time = 25ms (default)
2019-10-15 11:08:38,562 [3144ca93-bbb3-48f9-bc17-d9f794b70111@group-4E2D703746EC-LeaderElection90] INFO  server.RaftServerConfigKeys (ConfUtils.java:logGet(43)) - raft.server.write.element-limit = 4096 (default)
2019-10-15 11:08:38,562 [3144ca93-bbb3-48f9-bc17-d9f794b70111@group-4E2D703746EC-LeaderElection90] INFO  server.RaftServerConfigKeys (ConfUtils.java:logGet(43)) - raft.server.watch.timeout = 10s (default)
2019-10-15 11:08:38,562 [3144ca93-bbb3-48f9-bc17-d9f794b70111@group-4E2D703746EC-LeaderElection90] INFO  server.RaftServerConfigKeys (ConfUtils.java:logGet(43)) - raft.server.watch.timeout.denomination = 1s (default)
2019-10-15 11:08:38,562 [3144ca93-bbb3-48f9-bc17-d9f794b70111@group-4E2D703746EC-LeaderElection90] INFO  server.RaftServerConfigKeys (ConfUtils.java:logGet(43)) - raft.server.watch.element-limit = 65536 (default)
2019-10-15 11:08:38,565 [3144ca93-bbb3-48f9-bc17-d9f794b70111@group-4E2D703746EC-LeaderElection90] INFO  impl.RoleInfo (RoleInfo.java:updateAndGet(143)) - 3144ca93-bbb3-48f9-bc17-d9f794b70111: start LeaderState
2019-10-15 11:08:38,565 [3144ca93-bbb3-48f9-bc17-d9f794b70111@group-4E2D703746EC-LeaderElection90] INFO  segmented.SegmentedRaftLogWorker (SegmentedRaftLogWorker.java:startLogSegment(385)) - 3144ca93-bbb3-48f9-bc17-d9f794b70111@group-4E2D703746EC-SegmentedRaftLogWorker: Starting segment from index:0
2019-10-15 11:08:38,566 [3144ca93-bbb3-48f9-bc17-d9f794b70111@group-4E2D703746EC-LeaderElection90] INFO  impl.RaftServerImpl (ServerState.java:setRaftConf(356)) - 3144ca93-bbb3-48f9-bc17-d9f794b70111@group-4E2D703746EC: set configuration 0: [3144ca93-bbb3-48f9-bc17-d9f794b70111:192.168.164.236:43518], old=null at 0
2019-10-15 11:08:38,623 [3144ca93-bbb3-48f9-bc17-d9f794b70111@group-4E2D703746EC-SegmentedRaftLogWorker] INFO  segmented.SegmentedRaftLogWorker (SegmentedRaftLogWorker.java:execute(574)) - 3144ca93-bbb3-48f9-bc17-d9f794b70111@group-4E2D703746EC-SegmentedRaftLogWorker: created new log segment /workdir/hadoop-ozone/integration-test/target/test-dir/MiniOzoneClusterImpl-b6bb93f9-7d52-4d17-8ba0-c855a5f9d90e/datanode-0/data/ratis/681ed3f7-097e-4894-8dc3-4e2d703746ec/current/log_inprogress_0
2019-10-15 11:08:38,652 [Thread-2407] INFO  impl.FollowerState (FollowerState.java:run(108)) - 9492de6e-56b0-4b03-9d55-ed5c866a0716@group-BAB112B72BD9-FollowerState: change to CANDIDATE, lastRpcTime:5190ms, electionTimeout:5190ms
2019-10-15 11:08:38,652 [Thread-2407] INFO  impl.RoleInfo (RoleInfo.java:shutdownFollowerState(121)) - 9492de6e-56b0-4b03-9d55-ed5c866a0716: shutdown FollowerState
2019-10-15 11:08:38,653 [Thread-2407] INFO  impl.RaftServerImpl (RaftServerImpl.java:setRole(170)) - 9492de6e-56b0-4b03-9d55-ed5c866a0716@group-BAB112B72BD9: changes role from  FOLLOWER to CANDIDATE at term 0 for changeToCandidate
2019-10-15 11:08:38,653 [Thread-2407] INFO  impl.RoleInfo (RoleInfo.java:updateAndGet(143)) - 9492de6e-56b0-4b03-9d55-ed5c866a0716: start LeaderElection
2019-10-15 11:08:38,690 [9492de6e-56b0-4b03-9d55-ed5c866a0716@group-BAB112B72BD9-LeaderElection91] INFO  impl.LeaderElection (LeaderElection.java:askForVotes(178)) - 9492de6e-56b0-4b03-9d55-ed5c866a0716@group-BAB112B72BD9-LeaderElection91: begin an election at term 1 for -1: [9492de6e-56b0-4b03-9d55-ed5c866a0716:192.168.164.236:34029], old=null
2019-10-15 11:08:38,690 [9492de6e-56b0-4b03-9d55-ed5c866a0716@group-BAB112B72BD9-LeaderElection91] INFO  impl.RoleInfo (RoleInfo.java:shutdownLeaderElection(134)) - 9492de6e-56b0-4b03-9d55-ed5c866a0716: shutdown LeaderElection
2019-10-15 11:08:38,690 [9492de6e-56b0-4b03-9d55-ed5c866a0716@group-BAB112B72BD9-LeaderElection91] INFO  impl.RaftServerImpl (RaftServerImpl.java:setRole(170)) - 9492de6e-56b0-4b03-9d55-ed5c866a0716@group-BAB112B72BD9: changes role from CANDIDATE to LEADER at term 1 for changeToLeader
2019-10-15 11:08:38,690 [9492de6e-56b0-4b03-9d55-ed5c866a0716@group-BAB112B72BD9-LeaderElection91] INFO  impl.RaftServerImpl (ServerState.java:setLeader(255)) - 9492de6e-56b0-4b03-9d55-ed5c866a0716@group-BAB112B72BD9: change Leader from null to 9492de6e-56b0-4b03-9d55-ed5c866a0716 at term 1 for becomeLeader, leader elected after 5235ms
2019-10-15 11:08:38,690 [9492de6e-56b0-4b03-9d55-ed5c866a0716@group-BAB112B72BD9-LeaderElection91] INFO  server.RaftServerConfigKeys (ConfUtils.java:logGet(43)) - raft.server.staging.catchup.gap = 1000 (default)
2019-10-15 11:08:38,691 [9492de6e-56b0-4b03-9d55-ed5c866a0716@group-BAB112B72BD9-LeaderElection91] INFO  server.RaftServerConfigKeys (ConfUtils.java:logGet(43)) - raft.server.rpc.sleep.time = 25ms (default)
2019-10-15 11:08:38,691 [9492de6e-56b0-4b03-9d55-ed5c866a0716@group-BAB112B72BD9-LeaderElection91] INFO  server.RaftServerConfigKeys (ConfUtils.java:logGet(43)) - raft.server.write.element-limit = 4096 (default)
2019-10-15 11:08:38,691 [9492de6e-56b0-4b03-9d55-ed5c866a0716@group-BAB112B72BD9-LeaderElection91] INFO  server.RaftServerConfigKeys (ConfUtils.java:logGet(43)) - raft.server.watch.timeout = 10s (default)
2019-10-15 11:08:38,691 [9492de6e-56b0-4b03-9d55-ed5c866a0716@group-BAB112B72BD9-LeaderElection91] INFO  server.RaftServerConfigKeys (ConfUtils.java:logGet(43)) - raft.server.watch.timeout.denomination = 1s (default)
2019-10-15 11:08:38,691 [9492de6e-56b0-4b03-9d55-ed5c866a0716@group-BAB112B72BD9-LeaderElection91] INFO  server.RaftServerConfigKeys (ConfUtils.java:logGet(43)) - raft.server.watch.element-limit = 65536 (default)
2019-10-15 11:08:38,693 [9492de6e-56b0-4b03-9d55-ed5c866a0716@group-BAB112B72BD9-LeaderElection91] INFO  impl.RoleInfo (RoleInfo.java:updateAndGet(143)) - 9492de6e-56b0-4b03-9d55-ed5c866a0716: start LeaderState
2019-10-15 11:08:38,693 [9492de6e-56b0-4b03-9d55-ed5c866a0716@group-BAB112B72BD9-LeaderElection91] INFO  segmented.SegmentedRaftLogWorker (SegmentedRaftLogWorker.java:startLogSegment(385)) - 9492de6e-56b0-4b03-9d55-ed5c866a0716@group-BAB112B72BD9-SegmentedRaftLogWorker: Starting segment from index:0
2019-10-15 11:08:38,694 [9492de6e-56b0-4b03-9d55-ed5c866a0716@group-BAB112B72BD9-LeaderElection91] INFO  impl.RaftServerImpl (ServerState.java:setRaftConf(356)) - 9492de6e-56b0-4b03-9d55-ed5c866a0716@group-BAB112B72BD9: set configuration 0: [9492de6e-56b0-4b03-9d55-ed5c866a0716:192.168.164.236:34029], old=null at 0
2019-10-15 11:08:38,718 [Thread-2416] INFO  impl.FollowerState (FollowerState.java:run(108)) - 3144ca93-bbb3-48f9-bc17-d9f794b70111@group-59EB43607E05-FollowerState: change to CANDIDATE, lastRpcTime:5035ms, electionTimeout:5035ms
2019-10-15 11:08:38,718 [Thread-2416] INFO  impl.RoleInfo (RoleInfo.java:shutdownFollowerState(121)) - 3144ca93-bbb3-48f9-bc17-d9f794b70111: shutdown FollowerState
2019-10-15 11:08:38,718 [Thread-2416] INFO  impl.RaftServerImpl (RaftServerImpl.java:setRole(170)) - 3144ca93-bbb3-48f9-bc17-d9f794b70111@group-59EB43607E05: changes role from  FOLLOWER to CANDIDATE at term 0 for changeToCandidate
2019-10-15 11:08:38,719 [Thread-2416] INFO  impl.RoleInfo (RoleInfo.java:updateAndGet(143)) - 3144ca93-bbb3-48f9-bc17-d9f794b70111: start LeaderElection
2019-10-15 11:08:38,732 [Thread-2413] INFO  impl.FollowerState (FollowerState.java:run(108)) - 4d5c917c-d1a4-4bc5-a012-b970f3b713e2@group-0276C0FA51C4-FollowerState: change to CANDIDATE, lastRpcTime:5162ms, electionTimeout:5161ms
2019-10-15 11:08:38,737 [Thread-2413] INFO  impl.RoleInfo (RoleInfo.java:shutdownFollowerState(121)) - 4d5c917c-d1a4-4bc5-a012-b970f3b713e2: shutdown FollowerState
2019-10-15 11:08:38,737 [Thread-2413] INFO  impl.RaftServerImpl (RaftServerImpl.java:setRole(170)) - 4d5c917c-d1a4-4bc5-a012-b970f3b713e2@group-0276C0FA51C4: changes role from  FOLLOWER to CANDIDATE at term 0 for changeToCandidate
2019-10-15 11:08:38,737 [Thread-2413] INFO  impl.RoleInfo (RoleInfo.java:updateAndGet(143)) - 4d5c917c-d1a4-4bc5-a012-b970f3b713e2: start LeaderElection
2019-10-15 11:08:38,749 [Thread-2420] INFO  impl.FollowerState (FollowerState.java:run(108)) - 9492de6e-56b0-4b03-9d55-ed5c866a0716@group-59EB43607E05-FollowerState: change to CANDIDATE, lastRpcTime:5061ms, electionTimeout:5057ms
2019-10-15 11:08:38,749 [Thread-2420] INFO  impl.RoleInfo (RoleInfo.java:shutdownFollowerState(121)) - 9492de6e-56b0-4b03-9d55-ed5c866a0716: shutdown FollowerState
2019-10-15 11:08:38,750 [Thread-2420] INFO  impl.RaftServerImpl (RaftServerImpl.java:setRole(170)) - 9492de6e-56b0-4b03-9d55-ed5c866a0716@group-59EB43607E05: changes role from  FOLLOWER to CANDIDATE at term 0 for changeToCandidate
2019-10-15 11:08:38,750 [Thread-2420] INFO  impl.RoleInfo (RoleInfo.java:updateAndGet(143)) - 9492de6e-56b0-4b03-9d55-ed5c866a0716: start LeaderElection
2019-10-15 11:08:38,758 [9492de6e-56b0-4b03-9d55-ed5c866a0716@group-BAB112B72BD9-SegmentedRaftLogWorker] INFO  segmented.SegmentedRaftLogWorker (SegmentedRaftLogWorker.java:execute(574)) - 9492de6e-56b0-4b03-9d55-ed5c866a0716@group-BAB112B72BD9-SegmentedRaftLogWorker: created new log segment /workdir/hadoop-ozone/integration-test/target/test-dir/MiniOzoneClusterImpl-b6bb93f9-7d52-4d17-8ba0-c855a5f9d90e/datanode-1/data/ratis/e53191f6-0358-4e7f-9a8e-bab112b72bd9/current/log_inprogress_0
2019-10-15 11:08:38,758 [3144ca93-bbb3-48f9-bc17-d9f794b70111@group-59EB43607E05-LeaderElection92] INFO  impl.LeaderElection (LeaderElection.java:askForVotes(178)) - 3144ca93-bbb3-48f9-bc17-d9f794b70111@group-59EB43607E05-LeaderElection92: begin an election at term 1 for -1: [9492de6e-56b0-4b03-9d55-ed5c866a0716:192.168.164.236:34029, 4d5c917c-d1a4-4bc5-a012-b970f3b713e2:192.168.164.236:35360, 3144ca93-bbb3-48f9-bc17-d9f794b70111:192.168.164.236:43518], old=null
2019-10-15 11:08:38,762 [grpc-default-executor-3] INFO  impl.RaftServerImpl (RaftServerImpl.java:setRole(170)) - 4d5c917c-d1a4-4bc5-a012-b970f3b713e2@group-59EB43607E05: changes role from  FOLLOWER to FOLLOWER at term 1 for recognizeCandidate:3144ca93-bbb3-48f9-bc17-d9f794b70111
2019-10-15 11:08:38,762 [grpc-default-executor-3] INFO  impl.RoleInfo (RoleInfo.java:shutdownFollowerState(121)) - 4d5c917c-d1a4-4bc5-a012-b970f3b713e2: shutdown FollowerState
2019-10-15 11:08:38,762 [grpc-default-executor-3] INFO  impl.RoleInfo (RoleInfo.java:updateAndGet(143)) - 4d5c917c-d1a4-4bc5-a012-b970f3b713e2: start FollowerState
2019-10-15 11:08:38,762 [Thread-2419] INFO  impl.FollowerState (FollowerState.java:run(117)) - 4d5c917c-d1a4-4bc5-a012-b970f3b713e2@group-59EB43607E05-FollowerState was interrupted: java.lang.InterruptedException: sleep interrupted
2019-10-15 11:08:38,780 [4d5c917c-d1a4-4bc5-a012-b970f3b713e2@group-0276C0FA51C4-LeaderElection93] INFO  impl.LeaderElection (LeaderElection.java:askForVotes(178)) - 4d5c917c-d1a4-4bc5-a012-b970f3b713e2@group-0276C0FA51C4-LeaderElection93: begin an election at term 1 for -1: [4d5c917c-d1a4-4bc5-a012-b970f3b713e2:192.168.164.236:35360], old=null
2019-10-15 11:08:38,781 [9492de6e-56b0-4b03-9d55-ed5c866a0716@group-59EB43607E05-LeaderElection94] INFO  impl.LeaderElection (LeaderElection.java:askForVotes(178)) - 9492de6e-56b0-4b03-9d55-ed5c866a0716@group-59EB43607E05-LeaderElection94: begin an election at term 1 for -1: [9492de6e-56b0-4b03-9d55-ed5c866a0716:192.168.164.236:34029, 4d5c917c-d1a4-4bc5-a012-b970f3b713e2:192.168.164.236:35360, 3144ca93-bbb3-48f9-bc17-d9f794b70111:192.168.164.236:43518], old=null
2019-10-15 11:08:38,781 [4d5c917c-d1a4-4bc5-a012-b970f3b713e2@group-0276C0FA51C4-LeaderElection93] INFO  impl.RoleInfo (RoleInfo.java:shutdownLeaderElection(134)) - 4d5c917c-d1a4-4bc5-a012-b970f3b713e2: shutdown LeaderElection
2019-10-15 11:08:38,781 [4d5c917c-d1a4-4bc5-a012-b970f3b713e2@group-0276C0FA51C4-LeaderElection93] INFO  impl.RaftServerImpl (RaftServerImpl.java:setRole(170)) - 4d5c917c-d1a4-4bc5-a012-b970f3b713e2@group-0276C0FA51C4: changes role from CANDIDATE to LEADER at term 1 for changeToLeader
2019-10-15 11:08:38,781 [4d5c917c-d1a4-4bc5-a012-b970f3b713e2@group-0276C0FA51C4-LeaderElection93] INFO  impl.RaftServerImpl (ServerState.java:setLeader(255)) - 4d5c917c-d1a4-4bc5-a012-b970f3b713e2@group-0276C0FA51C4: change Leader from null to 4d5c917c-d1a4-4bc5-a012-b970f3b713e2 at term 1 for becomeLeader, leader elected after 5217ms
2019-10-15 11:08:38,781 [4d5c917c-d1a4-4bc5-a012-b970f3b713e2@group-0276C0FA51C4-LeaderElection93] INFO  server.RaftServerConfigKeys (ConfUtils.java:logGet(43)) - raft.server.staging.catchup.gap = 1000 (default)
2019-10-15 11:08:38,781 [3144ca93-bbb3-48f9-bc17-d9f794b70111@group-59EB43607E05-LeaderElection92] INFO  impl.LeaderElection (LeaderElection.java:logAndReturn(56)) - 3144ca93-bbb3-48f9-bc17-d9f794b70111@group-59EB43607E05-LeaderElection92: Election PASSED; received 1 response(s) [3144ca93-bbb3-48f9-bc17-d9f794b70111<-4d5c917c-d1a4-4bc5-a012-b970f3b713e2#0:OK-t1] and 0 exception(s); 3144ca93-bbb3-48f9-bc17-d9f794b70111@group-59EB43607E05:t1, leader=null, voted=3144ca93-bbb3-48f9-bc17-d9f794b70111, raftlog=3144ca93-bbb3-48f9-bc17-d9f794b70111@group-59EB43607E05-SegmentedRaftLog:OPENED:c-1,f-1,i0, conf=-1: [9492de6e-56b0-4b03-9d55-ed5c866a0716:192.168.164.236:34029, 4d5c917c-d1a4-4bc5-a012-b970f3b713e2:192.168.164.236:35360, 3144ca93-bbb3-48f9-bc17-d9f794b70111:192.168.164.236:43518], old=null
2019-10-15 11:08:38,782 [4d5c917c-d1a4-4bc5-a012-b970f3b713e2@group-0276C0FA51C4-LeaderElection93] INFO  server.RaftServerConfigKeys (ConfUtils.java:logGet(43)) - raft.server.rpc.sleep.time = 25ms (default)
2019-10-15 11:08:38,782 [3144ca93-bbb3-48f9-bc17-d9f794b70111@group-59EB43607E05-LeaderElection92] INFO  impl.RoleInfo (RoleInfo.java:shutdownLeaderElection(134)) - 3144ca93-bbb3-48f9-bc17-d9f794b70111: shutdown LeaderElection
2019-10-15 11:08:38,782 [3144ca93-bbb3-48f9-bc17-d9f794b70111@group-59EB43607E05-LeaderElection92] INFO  impl.RaftServerImpl (RaftServerImpl.java:setRole(170)) - 3144ca93-bbb3-48f9-bc17-d9f794b70111@group-59EB43607E05: changes role from CANDIDATE to LEADER at term 1 for changeToLeader
2019-10-15 11:08:38,782 [4d5c917c-d1a4-4bc5-a012-b970f3b713e2@group-0276C0FA51C4-LeaderElection93] INFO  server.RaftServerConfigKeys (ConfUtils.java:logGet(43)) - raft.server.write.element-limit = 4096 (default)
2019-10-15 11:08:38,782 [3144ca93-bbb3-48f9-bc17-d9f794b70111@group-59EB43607E05-LeaderElection92] INFO  impl.RaftServerImpl (ServerState.java:setLeader(255)) - 3144ca93-bbb3-48f9-bc17-d9f794b70111@group-59EB43607E05: change Leader from null to 3144ca93-bbb3-48f9-bc17-d9f794b70111 at term 1 for becomeLeader, leader elected after 5108ms
2019-10-15 11:08:38,782 [4d5c917c-d1a4-4bc5-a012-b970f3b713e2@group-0276C0FA51C4-LeaderElection93] INFO  server.RaftServerConfigKeys (ConfUtils.java:logGet(43)) - raft.server.watch.timeout = 10s (default)
2019-10-15 11:08:38,782 [3144ca93-bbb3-48f9-bc17-d9f794b70111@group-59EB43607E05-LeaderElection92] INFO  server.RaftServerConfigKeys (ConfUtils.java:logGet(43)) - raft.server.staging.catchup.gap = 1000 (default)
2019-10-15 11:08:38,783 [4d5c917c-d1a4-4bc5-a012-b970f3b713e2@group-0276C0FA51C4-LeaderElection93] INFO  server.RaftServerConfigKeys (ConfUtils.java:logGet(43)) - raft.server.watch.timeout.denomination = 1s (default)
2019-10-15 11:08:38,783 [3144ca93-bbb3-48f9-bc17-d9f794b70111@group-59EB43607E05-LeaderElection92] INFO  server.RaftServerConfigKeys (ConfUtils.java:logGet(43)) - raft.server.rpc.sleep.time = 25ms (default)
2019-10-15 11:08:38,783 [4d5c917c-d1a4-4bc5-a012-b970f3b713e2@group-0276C0FA51C4-LeaderElection93] INFO  server.RaftServerConfigKeys (ConfUtils.java:logGet(43)) - raft.server.watch.element-limit = 65536 (default)
2019-10-15 11:08:38,783 [3144ca93-bbb3-48f9-bc17-d9f794b70111@group-59EB43607E05-LeaderElection92] INFO  server.RaftServerConfigKeys (ConfUtils.java:logGet(43)) - raft.server.write.element-limit = 4096 (default)
2019-10-15 11:08:38,783 [3144ca93-bbb3-48f9-bc17-d9f794b70111@group-59EB43607E05-LeaderElection92] INFO  server.RaftServerConfigKeys (ConfUtils.java:logGet(43)) - raft.server.watch.timeout = 10s (default)
2019-10-15 11:08:38,783 [3144ca93-bbb3-48f9-bc17-d9f794b70111@group-59EB43607E05-LeaderElection92] INFO  server.RaftServerConfigKeys (ConfUtils.java:logGet(43)) - raft.server.watch.timeout.denomination = 1s (default)
2019-10-15 11:08:38,784 [3144ca93-bbb3-48f9-bc17-d9f794b70111@group-59EB43607E05-LeaderElection92] INFO  server.RaftServerConfigKeys (ConfUtils.java:logGet(43)) - raft.server.watch.element-limit = 65536 (default)
2019-10-15 11:08:38,787 [4d5c917c-d1a4-4bc5-a012-b970f3b713e2@group-0276C0FA51C4-LeaderElection93] INFO  impl.RoleInfo (RoleInfo.java:updateAndGet(143)) - 4d5c917c-d1a4-4bc5-a012-b970f3b713e2: start LeaderState
2019-10-15 11:08:38,787 [3144ca93-bbb3-48f9-bc17-d9f794b70111@group-59EB43607E05-LeaderElection92] INFO  server.RaftServerConfigKeys (ConfUtils.java:logGet(43)) - raft.server.log.appender.snapshot.chunk.size.max = 16MB (=16777216) (default)
2019-10-15 11:08:38,787 [4d5c917c-d1a4-4bc5-a012-b970f3b713e2@group-0276C0FA51C4-LeaderElection93] INFO  segmented.SegmentedRaftLogWorker (SegmentedRaftLogWorker.java:startLogSegment(385)) - 4d5c917c-d1a4-4bc5-a012-b970f3b713e2@group-0276C0FA51C4-SegmentedRaftLogWorker: Starting segment from index:0
2019-10-15 11:08:38,787 [3144ca93-bbb3-48f9-bc17-d9f794b70111@group-59EB43607E05-LeaderElection92] INFO  server.RaftServerConfigKeys (ConfUtils.java:logGet(43)) - raft.server.log.appender.buffer.byte-limit = 33554432 (custom)
2019-10-15 11:08:38,787 [3144ca93-bbb3-48f9-bc17-d9f794b70111@group-59EB43607E05-LeaderElection92] INFO  server.RaftServerConfigKeys (ConfUtils.java:logGet(43)) - raft.server.log.appender.buffer.element-limit = 1 (custom)
2019-10-15 11:08:38,787 [4d5c917c-d1a4-4bc5-a012-b970f3b713e2@group-0276C0FA51C4-LeaderElection93] INFO  impl.RaftServerImpl (ServerState.java:setRaftConf(356)) - 4d5c917c-d1a4-4bc5-a012-b970f3b713e2@group-0276C0FA51C4: set configuration 0: [4d5c917c-d1a4-4bc5-a012-b970f3b713e2:192.168.164.236:35360], old=null at 0
2019-10-15 11:08:38,788 [3144ca93-bbb3-48f9-bc17-d9f794b70111@group-59EB43607E05-LeaderElection92] INFO  grpc.GrpcConfigKeys$Server (ConfUtils.java:logGet(43)) - raft.grpc.server.leader.outstanding.appends.max = 128 (default)
2019-10-15 11:08:38,788 [3144ca93-bbb3-48f9-bc17-d9f794b70111@group-59EB43607E05-LeaderElection92] INFO  server.RaftServerConfigKeys (ConfUtils.java:logGet(43)) - raft.server.rpc.request.timeout = 3000ms (default)
2019-10-15 11:08:38,788 [3144ca93-bbb3-48f9-bc17-d9f794b70111@group-59EB43607E05-LeaderElection92] INFO  server.RaftServerConfigKeys (ConfUtils.java:logGet(43)) - raft.server.log.appender.install.snapshot.enabled = false (custom)
2019-10-15 11:08:38,788 [3144ca93-bbb3-48f9-bc17-d9f794b70111@group-59EB43607E05-LeaderElection92] INFO  server.RaftServerConfigKeys (ConfUtils.java:logGet(43)) - raft.server.log.appender.snapshot.chunk.size.max = 16MB (=16777216) (default)
2019-10-15 11:08:38,789 [3144ca93-bbb3-48f9-bc17-d9f794b70111@group-59EB43607E05-LeaderElection92] INFO  server.RaftServerConfigKeys (ConfUtils.java:logGet(43)) - raft.server.log.appender.buffer.byte-limit = 33554432 (custom)
2019-10-15 11:08:38,789 [3144ca93-bbb3-48f9-bc17-d9f794b70111@group-59EB43607E05-LeaderElection92] INFO  server.RaftServerConfigKeys (ConfUtils.java:logGet(43)) - raft.server.log.appender.buffer.element-limit = 1 (custom)
2019-10-15 11:08:38,789 [3144ca93-bbb3-48f9-bc17-d9f794b70111@group-59EB43607E05-LeaderElection92] INFO  grpc.GrpcConfigKeys$Server (ConfUtils.java:logGet(43)) - raft.grpc.server.leader.outstanding.appends.max = 128 (default)
2019-10-15 11:08:38,789 [3144ca93-bbb3-48f9-bc17-d9f794b70111@group-59EB43607E05-LeaderElection92] INFO  server.RaftServerConfigKeys (ConfUtils.java:logGet(43)) - raft.server.rpc.request.timeout = 3000ms (default)
2019-10-15 11:08:38,789 [3144ca93-bbb3-48f9-bc17-d9f794b70111@group-59EB43607E05-LeaderElection92] INFO  server.RaftServerConfigKeys (ConfUtils.java:logGet(43)) - raft.server.log.appender.install.snapshot.enabled = false (custom)
2019-10-15 11:08:38,790 [3144ca93-bbb3-48f9-bc17-d9f794b70111@group-59EB43607E05-LeaderElection92] INFO  impl.RoleInfo (RoleInfo.java:updateAndGet(143)) - 3144ca93-bbb3-48f9-bc17-d9f794b70111: start LeaderState
2019-10-15 11:08:38,790 [3144ca93-bbb3-48f9-bc17-d9f794b70111@group-59EB43607E05-LeaderElection92] INFO  segmented.SegmentedRaftLogWorker (SegmentedRaftLogWorker.java:startLogSegment(385)) - 3144ca93-bbb3-48f9-bc17-d9f794b70111@group-59EB43607E05-SegmentedRaftLogWorker: Starting segment from index:0
2019-10-15 11:08:38,791 [3144ca93-bbb3-48f9-bc17-d9f794b70111@group-59EB43607E05-LeaderElection92] INFO  impl.RaftServerImpl (ServerState.java:setRaftConf(356)) - 3144ca93-bbb3-48f9-bc17-d9f794b70111@group-59EB43607E05: set configuration 0: [9492de6e-56b0-4b03-9d55-ed5c866a0716:192.168.164.236:34029, 4d5c917c-d1a4-4bc5-a012-b970f3b713e2:192.168.164.236:35360, 3144ca93-bbb3-48f9-bc17-d9f794b70111:192.168.164.236:43518], old=null at 0
2019-10-15 11:08:38,792 [grpc-default-executor-4] INFO  impl.RaftServerImpl (RaftServerImpl.java:requestVote(754)) - 3144ca93-bbb3-48f9-bc17-d9f794b70111@group-59EB43607E05-   LEADER: Withhold vote from candidate 9492de6e-56b0-4b03-9d55-ed5c866a0716 with term 1. State: leader=3144ca93-bbb3-48f9-bc17-d9f794b70111, term=1, lastRpcElapsed=null
2019-10-15 11:08:38,793 [9492de6e-56b0-4b03-9d55-ed5c866a0716@group-59EB43607E05-LeaderElection94] INFO  impl.LeaderElection (LeaderElection.java:logAndReturn(56)) - 9492de6e-56b0-4b03-9d55-ed5c866a0716@group-59EB43607E05-LeaderElection94: Election REJECTED; received 2 response(s) [9492de6e-56b0-4b03-9d55-ed5c866a0716<-4d5c917c-d1a4-4bc5-a012-b970f3b713e2#0:FAIL-t1, 9492de6e-56b0-4b03-9d55-ed5c866a0716<-3144ca93-bbb3-48f9-bc17-d9f794b70111#0:FAIL-t1] and 0 exception(s); 9492de6e-56b0-4b03-9d55-ed5c866a0716@group-59EB43607E05:t1, leader=null, voted=9492de6e-56b0-4b03-9d55-ed5c866a0716, raftlog=9492de6e-56b0-4b03-9d55-ed5c866a0716@group-59EB43607E05-SegmentedRaftLog:OPENED:c-1,f-1,i0, conf=-1: [9492de6e-56b0-4b03-9d55-ed5c866a0716:192.168.164.236:34029, 4d5c917c-d1a4-4bc5-a012-b970f3b713e2:192.168.164.236:35360, 3144ca93-bbb3-48f9-bc17-d9f794b70111:192.168.164.236:43518], old=null
2019-10-15 11:08:38,793 [grpc-default-executor-3] INFO  impl.RaftServerImpl (ServerState.java:setLeader(255)) - 4d5c917c-d1a4-4bc5-a012-b970f3b713e2@group-59EB43607E05: change Leader from null to 3144ca93-bbb3-48f9-bc17-d9f794b70111 at term 1 for appendEntries, leader elected after 5119ms
2019-10-15 11:08:38,793 [9492de6e-56b0-4b03-9d55-ed5c866a0716@group-59EB43607E05-LeaderElection94] INFO  impl.RaftServerImpl (RaftServerImpl.java:setRole(170)) - 9492de6e-56b0-4b03-9d55-ed5c866a0716@group-59EB43607E05: changes role from CANDIDATE to FOLLOWER at term 1 for DISCOVERED_A_NEW_TERM
2019-10-15 11:08:38,794 [9492de6e-56b0-4b03-9d55-ed5c866a0716@group-59EB43607E05-LeaderElection94] INFO  impl.RoleInfo (RoleInfo.java:shutdownLeaderElection(134)) - 9492de6e-56b0-4b03-9d55-ed5c866a0716: shutdown LeaderElection
2019-10-15 11:08:38,794 [9492de6e-56b0-4b03-9d55-ed5c866a0716@group-59EB43607E05-LeaderElection94] INFO  impl.RoleInfo (RoleInfo.java:updateAndGet(143)) - 9492de6e-56b0-4b03-9d55-ed5c866a0716: start FollowerState
2019-10-15 11:08:38,794 [grpc-default-executor-4] INFO  impl.RaftServerImpl (ServerState.java:setLeader(255)) - 9492de6e-56b0-4b03-9d55-ed5c866a0716@group-59EB43607E05: change Leader from null to 3144ca93-bbb3-48f9-bc17-d9f794b70111 at term 1 for appendEntries, leader elected after 5121ms
2019-10-15 11:08:38,828 [Thread-2427] INFO  impl.FollowerState (FollowerState.java:run(108)) - 345826a5-0dda-4781-9cf2-448e1558633a@group-669284F98E7F-FollowerState: change to CANDIDATE, lastRpcTime:5044ms, electionTimeout:5026ms
2019-10-15 11:08:38,829 [Thread-2427] INFO  impl.RoleInfo (RoleInfo.java:shutdownFollowerState(121)) - 345826a5-0dda-4781-9cf2-448e1558633a: shutdown FollowerState
2019-10-15 11:08:38,829 [Thread-2427] INFO  impl.RaftServerImpl (RaftServerImpl.java:setRole(170)) - 345826a5-0dda-4781-9cf2-448e1558633a@group-669284F98E7F: changes role from  FOLLOWER to CANDIDATE at term 0 for changeToCandidate
2019-10-15 11:08:38,829 [grpc-default-executor-3] INFO  impl.RaftServerImpl (ServerState.java:setRaftConf(356)) - 4d5c917c-d1a4-4bc5-a012-b970f3b713e2@group-59EB43607E05: set configuration 0: [9492de6e-56b0-4b03-9d55-ed5c866a0716:192.168.164.236:34029, 4d5c917c-d1a4-4bc5-a012-b970f3b713e2:192.168.164.236:35360, 3144ca93-bbb3-48f9-bc17-d9f794b70111:192.168.164.236:43518], old=null at 0
2019-10-15 11:08:38,829 [Thread-2427] INFO  impl.RoleInfo (RoleInfo.java:updateAndGet(143)) - 345826a5-0dda-4781-9cf2-448e1558633a: start LeaderElection
2019-10-15 11:08:38,830 [grpc-default-executor-3] INFO  segmented.SegmentedRaftLogWorker (SegmentedRaftLogWorker.java:startLogSegment(385)) - 4d5c917c-d1a4-4bc5-a012-b970f3b713e2@group-59EB43607E05-SegmentedRaftLogWorker: Starting segment from index:0
2019-10-15 11:08:38,840 [grpc-default-executor-3] INFO  impl.RaftServerImpl (ServerState.java:setRaftConf(356)) - 9492de6e-56b0-4b03-9d55-ed5c866a0716@group-59EB43607E05: set configuration 0: [9492de6e-56b0-4b03-9d55-ed5c866a0716:192.168.164.236:34029, 4d5c917c-d1a4-4bc5-a012-b970f3b713e2:192.168.164.236:35360, 3144ca93-bbb3-48f9-bc17-d9f794b70111:192.168.164.236:43518], old=null at 0
2019-10-15 11:08:38,840 [grpc-default-executor-3] INFO  segmented.SegmentedRaftLogWorker (SegmentedRaftLogWorker.java:startLogSegment(385)) - 9492de6e-56b0-4b03-9d55-ed5c866a0716@group-59EB43607E05-SegmentedRaftLogWorker: Starting segment from index:0
2019-10-15 11:08:38,849 [3144ca93-bbb3-48f9-bc17-d9f794b70111@group-59EB43607E05-SegmentedRaftLogWorker] INFO  segmented.SegmentedRaftLogWorker (SegmentedRaftLogWorker.java:execute(574)) - 3144ca93-bbb3-48f9-bc17-d9f794b70111@group-59EB43607E05-SegmentedRaftLogWorker: created new log segment /workdir/hadoop-ozone/integration-test/target/test-dir/MiniOzoneClusterImpl-b6bb93f9-7d52-4d17-8ba0-c855a5f9d90e/datanode-0/data/ratis/7c1a2086-0e59-44d9-8f3b-59eb43607e05/current/log_inprogress_0
2019-10-15 11:08:38,849 [4d5c917c-d1a4-4bc5-a012-b970f3b713e2@group-0276C0FA51C4-SegmentedRaftLogWorker] INFO  segmented.SegmentedRaftLogWorker (SegmentedRaftLogWorker.java:execute(574)) - 4d5c917c-d1a4-4bc5-a012-b970f3b713e2@group-0276C0FA51C4-SegmentedRaftLogWorker: created new log segment /workdir/hadoop-ozone/integration-test/target/test-dir/MiniOzoneClusterImpl-b6bb93f9-7d52-4d17-8ba0-c855a5f9d90e/datanode-2/data/ratis/8b6b016c-f8ed-499c-8e50-0276c0fa51c4/current/log_inprogress_0
2019-10-15 11:08:38,872 [345826a5-0dda-4781-9cf2-448e1558633a@group-669284F98E7F-LeaderElection95] INFO  impl.LeaderElection (LeaderElection.java:askForVotes(178)) - 345826a5-0dda-4781-9cf2-448e1558633a@group-669284F98E7F-LeaderElection95: begin an election at term 1 for -1: [345826a5-0dda-4781-9cf2-448e1558633a:192.168.164.236:38349], old=null
2019-10-15 11:08:38,873 [345826a5-0dda-4781-9cf2-448e1558633a@group-669284F98E7F-LeaderElection95] INFO  impl.RoleInfo (RoleInfo.java:shutdownLeaderElection(134)) - 345826a5-0dda-4781-9cf2-448e1558633a: shutdown LeaderElection
2019-10-15 11:08:38,873 [345826a5-0dda-4781-9cf2-448e1558633a@group-669284F98E7F-LeaderElection95] INFO  impl.RaftServerImpl (RaftServerImpl.java:setRole(170)) - 345826a5-0dda-4781-9cf2-448e1558633a@group-669284F98E7F: changes role from CANDIDATE to LEADER at term 1 for changeToLeader
2019-10-15 11:08:38,873 [345826a5-0dda-4781-9cf2-448e1558633a@group-669284F98E7F-LeaderElection95] INFO  impl.RaftServerImpl (ServerState.java:setLeader(255)) - 345826a5-0dda-4781-9cf2-448e1558633a@group-669284F98E7F: change Leader from null to 345826a5-0dda-4781-9cf2-448e1558633a at term 1 for becomeLeader, leader elected after 5098ms
2019-10-15 11:08:38,873 [345826a5-0dda-4781-9cf2-448e1558633a@group-669284F98E7F-LeaderElection95] INFO  server.RaftServerConfigKeys (ConfUtils.java:logGet(43)) - raft.server.staging.catchup.gap = 1000 (default)
2019-10-15 11:08:38,873 [345826a5-0dda-4781-9cf2-448e1558633a@group-669284F98E7F-LeaderElection95] INFO  server.RaftServerConfigKeys (ConfUtils.java:logGet(43)) - raft.server.rpc.sleep.time = 25ms (default)
2019-10-15 11:08:38,873 [345826a5-0dda-4781-9cf2-448e1558633a@group-669284F98E7F-LeaderElection95] INFO  server.RaftServerConfigKeys (ConfUtils.java:logGet(43)) - raft.server.write.element-limit = 4096 (default)
2019-10-15 11:08:38,874 [345826a5-0dda-4781-9cf2-448e1558633a@group-669284F98E7F-LeaderElection95] INFO  server.RaftServerConfigKeys (ConfUtils.java:logGet(43)) - raft.server.watch.timeout = 10s (default)
2019-10-15 11:08:38,874 [345826a5-0dda-4781-9cf2-448e1558633a@group-669284F98E7F-LeaderElection95] INFO  server.RaftServerConfigKeys (ConfUtils.java:logGet(43)) - raft.server.watch.timeout.denomination = 1s (default)
2019-10-15 11:08:38,874 [345826a5-0dda-4781-9cf2-448e1558633a@group-669284F98E7F-LeaderElection95] INFO  server.RaftServerConfigKeys (ConfUtils.java:logGet(43)) - raft.server.watch.element-limit = 65536 (default)
2019-10-15 11:08:38,876 [345826a5-0dda-4781-9cf2-448e1558633a@group-669284F98E7F-LeaderElection95] INFO  impl.RoleInfo (RoleInfo.java:updateAndGet(143)) - 345826a5-0dda-4781-9cf2-448e1558633a: start LeaderState
2019-10-15 11:08:38,876 [345826a5-0dda-4781-9cf2-448e1558633a@group-669284F98E7F-LeaderElection95] INFO  segmented.SegmentedRaftLogWorker (SegmentedRaftLogWorker.java:startLogSegment(385)) - 345826a5-0dda-4781-9cf2-448e1558633a@group-669284F98E7F-SegmentedRaftLogWorker: Starting segment from index:0
2019-10-15 11:08:38,876 [345826a5-0dda-4781-9cf2-448e1558633a@group-669284F98E7F-LeaderElection95] INFO  impl.RaftServerImpl (ServerState.java:setRaftConf(356)) - 345826a5-0dda-4781-9cf2-448e1558633a@group-669284F98E7F: set configuration 0: [345826a5-0dda-4781-9cf2-448e1558633a:192.168.164.236:38349], old=null at 0
2019-10-15 11:08:38,914 [9492de6e-56b0-4b03-9d55-ed5c866a0716@group-59EB43607E05-SegmentedRaftLogWorker] INFO  segmented.SegmentedRaftLogWorker (SegmentedRaftLogWorker.java:execute(574)) - 9492de6e-56b0-4b03-9d55-ed5c866a0716@group-59EB43607E05-SegmentedRaftLogWorker: created new log segment /workdir/hadoop-ozone/integration-test/target/test-dir/MiniOzoneClusterImpl-b6bb93f9-7d52-4d17-8ba0-c855a5f9d90e/datanode-1/data/ratis/7c1a2086-0e59-44d9-8f3b-59eb43607e05/current/log_inprogress_0
2019-10-15 11:08:38,914 [4d5c917c-d1a4-4bc5-a012-b970f3b713e2@group-59EB43607E05-SegmentedRaftLogWorker] INFO  segmented.SegmentedRaftLogWorker (SegmentedRaftLogWorker.java:execute(574)) - 4d5c917c-d1a4-4bc5-a012-b970f3b713e2@group-59EB43607E05-SegmentedRaftLogWorker: created new log segment /workdir/hadoop-ozone/integration-test/target/test-dir/MiniOzoneClusterImpl-b6bb93f9-7d52-4d17-8ba0-c855a5f9d90e/datanode-2/data/ratis/7c1a2086-0e59-44d9-8f3b-59eb43607e05/current/log_inprogress_0
2019-10-15 11:08:38,931 [345826a5-0dda-4781-9cf2-448e1558633a@group-669284F98E7F-SegmentedRaftLogWorker] INFO  segmented.SegmentedRaftLogWorker (SegmentedRaftLogWorker.java:execute(574)) - 345826a5-0dda-4781-9cf2-448e1558633a@group-669284F98E7F-SegmentedRaftLogWorker: created new log segment /workdir/hadoop-ozone/integration-test/target/test-dir/MiniOzoneClusterImpl-b6bb93f9-7d52-4d17-8ba0-c855a5f9d90e/datanode-3/data/ratis/1283ec8c-538c-432c-9a6c-669284f98e7f/current/log_inprogress_0
2019-10-15 11:08:38,976 [Thread-2430] INFO  impl.FollowerState (FollowerState.java:run(108)) - 2870d11e-a600-49a6-9b3c-b15169e3e239@group-A7941881C385-FollowerState: change to CANDIDATE, lastRpcTime:5118ms, electionTimeout:5118ms
2019-10-15 11:08:38,976 [Thread-2430] INFO  impl.RoleInfo (RoleInfo.java:shutdownFollowerState(121)) - 2870d11e-a600-49a6-9b3c-b15169e3e239: shutdown FollowerState
2019-10-15 11:08:38,976 [Thread-2430] INFO  impl.RaftServerImpl (RaftServerImpl.java:setRole(170)) - 2870d11e-a600-49a6-9b3c-b15169e3e239@group-A7941881C385: changes role from  FOLLOWER to CANDIDATE at term 0 for changeToCandidate
2019-10-15 11:08:38,977 [Thread-2430] INFO  impl.RoleInfo (RoleInfo.java:updateAndGet(143)) - 2870d11e-a600-49a6-9b3c-b15169e3e239: start LeaderElection
2019-10-15 11:08:39,015 [2870d11e-a600-49a6-9b3c-b15169e3e239@group-A7941881C385-LeaderElection96] INFO  impl.LeaderElection (LeaderElection.java:askForVotes(178)) - 2870d11e-a600-49a6-9b3c-b15169e3e239@group-A7941881C385-LeaderElection96: begin an election at term 1 for -1: [2870d11e-a600-49a6-9b3c-b15169e3e239:192.168.164.236:46485], old=null
2019-10-15 11:08:39,015 [2870d11e-a600-49a6-9b3c-b15169e3e239@group-A7941881C385-LeaderElection96] INFO  impl.RoleInfo (RoleInfo.java:shutdownLeaderElection(134)) - 2870d11e-a600-49a6-9b3c-b15169e3e239: shutdown LeaderElection
2019-10-15 11:08:39,015 [2870d11e-a600-49a6-9b3c-b15169e3e239@group-A7941881C385-LeaderElection96] INFO  impl.RaftServerImpl (RaftServerImpl.java:setRole(170)) - 2870d11e-a600-49a6-9b3c-b15169e3e239@group-A7941881C385: changes role from CANDIDATE to LEADER at term 1 for changeToLeader
2019-10-15 11:08:39,015 [2870d11e-a600-49a6-9b3c-b15169e3e239@group-A7941881C385-LeaderElection96] INFO  impl.RaftServerImpl (ServerState.java:setLeader(255)) - 2870d11e-a600-49a6-9b3c-b15169e3e239@group-A7941881C385: change Leader from null to 2870d11e-a600-49a6-9b3c-b15169e3e239 at term 1 for becomeLeader, leader elected after 5164ms
2019-10-15 11:08:39,015 [2870d11e-a600-49a6-9b3c-b15169e3e239@group-A7941881C385-LeaderElection96] INFO  server.RaftServerConfigKeys (ConfUtils.java:logGet(43)) - raft.server.staging.catchup.gap = 1000 (default)
2019-10-15 11:08:39,015 [2870d11e-a600-49a6-9b3c-b15169e3e239@group-A7941881C385-LeaderElection96] INFO  server.RaftServerConfigKeys (ConfUtils.java:logGet(43)) - raft.server.rpc.sleep.time = 25ms (default)
2019-10-15 11:08:39,015 [2870d11e-a600-49a6-9b3c-b15169e3e239@group-A7941881C385-LeaderElection96] INFO  server.RaftServerConfigKeys (ConfUtils.java:logGet(43)) - raft.server.write.element-limit = 4096 (default)
2019-10-15 11:08:39,016 [2870d11e-a600-49a6-9b3c-b15169e3e239@group-A7941881C385-LeaderElection96] INFO  server.RaftServerConfigKeys (ConfUtils.java:logGet(43)) - raft.server.watch.timeout = 10s (default)
2019-10-15 11:08:39,016 [2870d11e-a600-49a6-9b3c-b15169e3e239@group-A7941881C385-LeaderElection96] INFO  server.RaftServerConfigKeys (ConfUtils.java:logGet(43)) - raft.server.watch.timeout.denomination = 1s (default)
2019-10-15 11:08:39,016 [2870d11e-a600-49a6-9b3c-b15169e3e239@group-A7941881C385-LeaderElection96] INFO  server.RaftServerConfigKeys (ConfUtils.java:logGet(43)) - raft.server.watch.element-limit = 65536 (default)
2019-10-15 11:08:39,017 [2870d11e-a600-49a6-9b3c-b15169e3e239@group-A7941881C385-LeaderElection96] INFO  impl.RoleInfo (RoleInfo.java:updateAndGet(143)) - 2870d11e-a600-49a6-9b3c-b15169e3e239: start LeaderState
2019-10-15 11:08:39,017 [2870d11e-a600-49a6-9b3c-b15169e3e239@group-A7941881C385-LeaderElection96] INFO  segmented.SegmentedRaftLogWorker (SegmentedRaftLogWorker.java:startLogSegment(385)) - 2870d11e-a600-49a6-9b3c-b15169e3e239@group-A7941881C385-SegmentedRaftLogWorker: Starting segment from index:0
2019-10-15 11:08:39,018 [2870d11e-a600-49a6-9b3c-b15169e3e239@group-A7941881C385-LeaderElection96] INFO  impl.RaftServerImpl (ServerState.java:setRaftConf(356)) - 2870d11e-a600-49a6-9b3c-b15169e3e239@group-A7941881C385: set configuration 0: [2870d11e-a600-49a6-9b3c-b15169e3e239:192.168.164.236:46485], old=null at 0
2019-10-15 11:08:39,039 [Thread-2433] INFO  impl.FollowerState (FollowerState.java:run(108)) - eb650db1-3d02-48ee-b4c2-caa6406963fc@group-C266E205B88D-FollowerState: change to CANDIDATE, lastRpcTime:5073ms, electionTimeout:5073ms
2019-10-15 11:08:39,039 [Thread-2433] INFO  impl.RoleInfo (RoleInfo.java:shutdownFollowerState(121)) - eb650db1-3d02-48ee-b4c2-caa6406963fc: shutdown FollowerState
2019-10-15 11:08:39,039 [Thread-2433] INFO  impl.RaftServerImpl (RaftServerImpl.java:setRole(170)) - eb650db1-3d02-48ee-b4c2-caa6406963fc@group-C266E205B88D: changes role from  FOLLOWER to CANDIDATE at term 0 for changeToCandidate
2019-10-15 11:08:39,040 [Thread-2433] INFO  impl.RoleInfo (RoleInfo.java:updateAndGet(143)) - eb650db1-3d02-48ee-b4c2-caa6406963fc: start LeaderElection
2019-10-15 11:08:39,082 [2870d11e-a600-49a6-9b3c-b15169e3e239@group-A7941881C385-SegmentedRaftLogWorker] INFO  segmented.SegmentedRaftLogWorker (SegmentedRaftLogWorker.java:execute(574)) - 2870d11e-a600-49a6-9b3c-b15169e3e239@group-A7941881C385-SegmentedRaftLogWorker: created new log segment /workdir/hadoop-ozone/integration-test/target/test-dir/MiniOzoneClusterImpl-b6bb93f9-7d52-4d17-8ba0-c855a5f9d90e/datanode-4/data/ratis/dfe6b933-c01e-402a-9402-a7941881c385/current/log_inprogress_0
2019-10-15 11:08:39,082 [eb650db1-3d02-48ee-b4c2-caa6406963fc@group-C266E205B88D-LeaderElection97] INFO  impl.LeaderElection (LeaderElection.java:askForVotes(178)) - eb650db1-3d02-48ee-b4c2-caa6406963fc@group-C266E205B88D-LeaderElection97: begin an election at term 1 for -1: [eb650db1-3d02-48ee-b4c2-caa6406963fc:192.168.164.236:40670], old=null
2019-10-15 11:08:39,082 [eb650db1-3d02-48ee-b4c2-caa6406963fc@group-C266E205B88D-LeaderElection97] INFO  impl.RoleInfo (RoleInfo.java:shutdownLeaderElection(134)) - eb650db1-3d02-48ee-b4c2-caa6406963fc: shutdown LeaderElection
2019-10-15 11:08:39,082 [eb650db1-3d02-48ee-b4c2-caa6406963fc@group-C266E205B88D-LeaderElection97] INFO  impl.RaftServerImpl (RaftServerImpl.java:setRole(170)) - eb650db1-3d02-48ee-b4c2-caa6406963fc@group-C266E205B88D: changes role from CANDIDATE to LEADER at term 1 for changeToLeader
2019-10-15 11:08:39,082 [eb650db1-3d02-48ee-b4c2-caa6406963fc@group-C266E205B88D-LeaderElection97] INFO  impl.RaftServerImpl (ServerState.java:setLeader(255)) - eb650db1-3d02-48ee-b4c2-caa6406963fc@group-C266E205B88D: change Leader from null to eb650db1-3d02-48ee-b4c2-caa6406963fc at term 1 for becomeLeader, leader elected after 5122ms
2019-10-15 11:08:39,082 [eb650db1-3d02-48ee-b4c2-caa6406963fc@group-C266E205B88D-LeaderElection97] INFO  server.RaftServerConfigKeys (ConfUtils.java:logGet(43)) - raft.server.staging.catchup.gap = 1000 (default)
2019-10-15 11:08:39,083 [eb650db1-3d02-48ee-b4c2-caa6406963fc@group-C266E205B88D-LeaderElection97] INFO  server.RaftServerConfigKeys (ConfUtils.java:logGet(43)) - raft.server.rpc.sleep.time = 25ms (default)
2019-10-15 11:08:39,083 [eb650db1-3d02-48ee-b4c2-caa6406963fc@group-C266E205B88D-LeaderElection97] INFO  server.RaftServerConfigKeys (ConfUtils.java:logGet(43)) - raft.server.write.element-limit = 4096 (default)
2019-10-15 11:08:39,083 [eb650db1-3d02-48ee-b4c2-caa6406963fc@group-C266E205B88D-LeaderElection97] INFO  server.RaftServerConfigKeys (ConfUtils.java:logGet(43)) - raft.server.watch.timeout = 10s (default)
2019-10-15 11:08:39,083 [eb650db1-3d02-48ee-b4c2-caa6406963fc@group-C266E205B88D-LeaderElection97] INFO  server.RaftServerConfigKeys (ConfUtils.java:logGet(43)) - raft.server.watch.timeout.denomination = 1s (default)
2019-10-15 11:08:39,083 [eb650db1-3d02-48ee-b4c2-caa6406963fc@group-C266E205B88D-LeaderElection97] INFO  server.RaftServerConfigKeys (ConfUtils.java:logGet(43)) - raft.server.watch.element-limit = 65536 (default)
2019-10-15 11:08:39,085 [eb650db1-3d02-48ee-b4c2-caa6406963fc@group-C266E205B88D-LeaderElection97] INFO  impl.RoleInfo (RoleInfo.java:updateAndGet(143)) - eb650db1-3d02-48ee-b4c2-caa6406963fc: start LeaderState
2019-10-15 11:08:39,085 [eb650db1-3d02-48ee-b4c2-caa6406963fc@group-C266E205B88D-LeaderElection97] INFO  segmented.SegmentedRaftLogWorker (SegmentedRaftLogWorker.java:startLogSegment(385)) - eb650db1-3d02-48ee-b4c2-caa6406963fc@group-C266E205B88D-SegmentedRaftLogWorker: Starting segment from index:0
2019-10-15 11:08:39,085 [eb650db1-3d02-48ee-b4c2-caa6406963fc@group-C266E205B88D-LeaderElection97] INFO  impl.RaftServerImpl (ServerState.java:setRaftConf(356)) - eb650db1-3d02-48ee-b4c2-caa6406963fc@group-C266E205B88D: set configuration 0: [eb650db1-3d02-48ee-b4c2-caa6406963fc:192.168.164.236:40670], old=null at 0
2019-10-15 11:08:39,122 [Thread-2436] INFO  impl.FollowerState (FollowerState.java:run(108)) - d1e0ce34-67a2-404b-a684-d498084f00d9@group-8539C822F7A6-FollowerState: change to CANDIDATE, lastRpcTime:5077ms, electionTimeout:5077ms
2019-10-15 11:08:39,122 [Thread-2436] INFO  impl.RoleInfo (RoleInfo.java:shutdownFollowerState(121)) - d1e0ce34-67a2-404b-a684-d498084f00d9: shutdown FollowerState
2019-10-15 11:08:39,122 [Thread-2436] INFO  impl.RaftServerImpl (RaftServerImpl.java:setRole(170)) - d1e0ce34-67a2-404b-a684-d498084f00d9@group-8539C822F7A6: changes role from  FOLLOWER to CANDIDATE at term 0 for changeToCandidate
2019-10-15 11:08:39,122 [Thread-2436] INFO  impl.RoleInfo (RoleInfo.java:updateAndGet(143)) - d1e0ce34-67a2-404b-a684-d498084f00d9: start LeaderElection
2019-10-15 11:08:39,142 [eb650db1-3d02-48ee-b4c2-caa6406963fc@group-C266E205B88D-SegmentedRaftLogWorker] INFO  segmented.SegmentedRaftLogWorker (SegmentedRaftLogWorker.java:execute(574)) - eb650db1-3d02-48ee-b4c2-caa6406963fc@group-C266E205B88D-SegmentedRaftLogWorker: created new log segment /workdir/hadoop-ozone/integration-test/target/test-dir/MiniOzoneClusterImpl-b6bb93f9-7d52-4d17-8ba0-c855a5f9d90e/datanode-5/data/ratis/00913c55-e252-4160-aa9e-c266e205b88d/current/log_inprogress_0
2019-10-15 11:08:39,174 [d1e0ce34-67a2-404b-a684-d498084f00d9@group-8539C822F7A6-LeaderElection98] INFO  impl.LeaderElection (LeaderElection.java:askForVotes(178)) - d1e0ce34-67a2-404b-a684-d498084f00d9@group-8539C822F7A6-LeaderElection98: begin an election at term 1 for -1: [d1e0ce34-67a2-404b-a684-d498084f00d9:192.168.164.236:35289], old=null
2019-10-15 11:08:39,174 [d1e0ce34-67a2-404b-a684-d498084f00d9@group-8539C822F7A6-LeaderElection98] INFO  impl.RoleInfo (RoleInfo.java:shutdownLeaderElection(134)) - d1e0ce34-67a2-404b-a684-d498084f00d9: shutdown LeaderElection
2019-10-15 11:08:39,175 [d1e0ce34-67a2-404b-a684-d498084f00d9@group-8539C822F7A6-LeaderElection98] INFO  impl.RaftServerImpl (RaftServerImpl.java:setRole(170)) - d1e0ce34-67a2-404b-a684-d498084f00d9@group-8539C822F7A6: changes role from CANDIDATE to LEADER at term 1 for changeToLeader
2019-10-15 11:08:39,175 [d1e0ce34-67a2-404b-a684-d498084f00d9@group-8539C822F7A6-LeaderElection98] INFO  impl.RaftServerImpl (ServerState.java:setLeader(255)) - d1e0ce34-67a2-404b-a684-d498084f00d9@group-8539C822F7A6: change Leader from null to d1e0ce34-67a2-404b-a684-d498084f00d9 at term 1 for becomeLeader, leader elected after 5138ms
2019-10-15 11:08:39,175 [d1e0ce34-67a2-404b-a684-d498084f00d9@group-8539C822F7A6-LeaderElection98] INFO  server.RaftServerConfigKeys (ConfUtils.java:logGet(43)) - raft.server.staging.catchup.gap = 1000 (default)
2019-10-15 11:08:39,175 [d1e0ce34-67a2-404b-a684-d498084f00d9@group-8539C822F7A6-LeaderElection98] INFO  server.RaftServerConfigKeys (ConfUtils.java:logGet(43)) - raft.server.rpc.sleep.time = 25ms (default)
2019-10-15 11:08:39,175 [d1e0ce34-67a2-404b-a684-d498084f00d9@group-8539C822F7A6-LeaderElection98] INFO  server.RaftServerConfigKeys (ConfUtils.java:logGet(43)) - raft.server.write.element-limit = 4096 (default)
2019-10-15 11:08:39,175 [d1e0ce34-67a2-404b-a684-d498084f00d9@group-8539C822F7A6-LeaderElection98] INFO  server.RaftServerConfigKeys (ConfUtils.java:logGet(43)) - raft.server.watch.timeout = 10s (default)
2019-10-15 11:08:39,175 [d1e0ce34-67a2-404b-a684-d498084f00d9@group-8539C822F7A6-LeaderElection98] INFO  server.RaftServerConfigKeys (ConfUtils.java:logGet(43)) - raft.server.watch.timeout.denomination = 1s (default)
2019-10-15 11:08:39,175 [d1e0ce34-67a2-404b-a684-d498084f00d9@group-8539C822F7A6-LeaderElection98] INFO  server.RaftServerConfigKeys (ConfUtils.java:logGet(43)) - raft.server.watch.element-limit = 65536 (default)
2019-10-15 11:08:39,178 [d1e0ce34-67a2-404b-a684-d498084f00d9@group-8539C822F7A6-LeaderElection98] INFO  impl.RoleInfo (RoleInfo.java:updateAndGet(143)) - d1e0ce34-67a2-404b-a684-d498084f00d9: start LeaderState
2019-10-15 11:08:39,178 [d1e0ce34-67a2-404b-a684-d498084f00d9@group-8539C822F7A6-LeaderElection98] INFO  segmented.SegmentedRaftLogWorker (SegmentedRaftLogWorker.java:startLogSegment(385)) - d1e0ce34-67a2-404b-a684-d498084f00d9@group-8539C822F7A6-SegmentedRaftLogWorker: Starting segment from index:0
2019-10-15 11:08:39,179 [d1e0ce34-67a2-404b-a684-d498084f00d9@group-8539C822F7A6-LeaderElection98] INFO  impl.RaftServerImpl (ServerState.java:setRaftConf(356)) - d1e0ce34-67a2-404b-a684-d498084f00d9@group-8539C822F7A6: set configuration 0: [d1e0ce34-67a2-404b-a684-d498084f00d9:192.168.164.236:35289], old=null at 0
2019-10-15 11:08:39,221 [Thread-2443] INFO  impl.FollowerState (FollowerState.java:run(108)) - 345826a5-0dda-4781-9cf2-448e1558633a@group-02596372B735-FollowerState: change to CANDIDATE, lastRpcTime:5088ms, electionTimeout:5088ms
2019-10-15 11:08:39,221 [Thread-2443] INFO  impl.RoleInfo (RoleInfo.java:shutdownFollowerState(121)) - 345826a5-0dda-4781-9cf2-448e1558633a: shutdown FollowerState
2019-10-15 11:08:39,221 [Thread-2443] INFO  impl.RaftServerImpl (RaftServerImpl.java:setRole(170)) - 345826a5-0dda-4781-9cf2-448e1558633a@group-02596372B735: changes role from  FOLLOWER to CANDIDATE at term 0 for changeToCandidate
2019-10-15 11:08:39,221 [Thread-2443] INFO  impl.RoleInfo (RoleInfo.java:updateAndGet(143)) - 345826a5-0dda-4781-9cf2-448e1558633a: start LeaderElection
2019-10-15 11:08:39,233 [Thread-2440] INFO  impl.FollowerState (FollowerState.java:run(108)) - d1e0ce34-67a2-404b-a684-d498084f00d9@group-02596372B735-FollowerState: change to CANDIDATE, lastRpcTime:5105ms, electionTimeout:5104ms
2019-10-15 11:08:39,233 [Thread-2440] INFO  impl.RoleInfo (RoleInfo.java:shutdownFollowerState(121)) - d1e0ce34-67a2-404b-a684-d498084f00d9: shutdown FollowerState
2019-10-15 11:08:39,234 [Thread-2440] INFO  impl.RaftServerImpl (RaftServerImpl.java:setRole(170)) - d1e0ce34-67a2-404b-a684-d498084f00d9@group-02596372B735: changes role from  FOLLOWER to CANDIDATE at term 0 for changeToCandidate
2019-10-15 11:08:39,234 [Thread-2440] INFO  impl.RoleInfo (RoleInfo.java:updateAndGet(143)) - d1e0ce34-67a2-404b-a684-d498084f00d9: start LeaderElection
2019-10-15 11:08:39,255 [d1e0ce34-67a2-404b-a684-d498084f00d9@group-8539C822F7A6-SegmentedRaftLogWorker] INFO  segmented.SegmentedRaftLogWorker (SegmentedRaftLogWorker.java:execute(574)) - d1e0ce34-67a2-404b-a684-d498084f00d9@group-8539C822F7A6-SegmentedRaftLogWorker: created new log segment /workdir/hadoop-ozone/integration-test/target/test-dir/MiniOzoneClusterImpl-b6bb93f9-7d52-4d17-8ba0-c855a5f9d90e/datanode-6/data/ratis/f4378135-373c-4ad1-a283-8539c822f7a6/current/log_inprogress_0
2019-10-15 11:08:39,256 [345826a5-0dda-4781-9cf2-448e1558633a@group-02596372B735-LeaderElection99] INFO  impl.LeaderElection (LeaderElection.java:askForVotes(178)) - 345826a5-0dda-4781-9cf2-448e1558633a@group-02596372B735-LeaderElection99: begin an election at term 1 for -1: [d1e0ce34-67a2-404b-a684-d498084f00d9:192.168.164.236:35289, 345826a5-0dda-4781-9cf2-448e1558633a:192.168.164.236:38349, eb650db1-3d02-48ee-b4c2-caa6406963fc:192.168.164.236:40670], old=null
2019-10-15 11:08:39,258 [d1e0ce34-67a2-404b-a684-d498084f00d9@group-02596372B735-LeaderElection100] INFO  impl.LeaderElection (LeaderElection.java:askForVotes(178)) - d1e0ce34-67a2-404b-a684-d498084f00d9@group-02596372B735-LeaderElection100: begin an election at term 1 for -1: [d1e0ce34-67a2-404b-a684-d498084f00d9:192.168.164.236:35289, 345826a5-0dda-4781-9cf2-448e1558633a:192.168.164.236:38349, eb650db1-3d02-48ee-b4c2-caa6406963fc:192.168.164.236:40670], old=null
2019-10-15 11:08:39,267 [grpc-default-executor-3] INFO  impl.RaftServerImpl (RaftServerImpl.java:setRole(170)) - eb650db1-3d02-48ee-b4c2-caa6406963fc@group-02596372B735: changes role from  FOLLOWER to FOLLOWER at term 1 for recognizeCandidate:345826a5-0dda-4781-9cf2-448e1558633a
2019-10-15 11:08:39,267 [grpc-default-executor-3] INFO  impl.RoleInfo (RoleInfo.java:shutdownFollowerState(121)) - eb650db1-3d02-48ee-b4c2-caa6406963fc: shutdown FollowerState
2019-10-15 11:08:39,267 [grpc-default-executor-3] INFO  impl.RoleInfo (RoleInfo.java:updateAndGet(143)) - eb650db1-3d02-48ee-b4c2-caa6406963fc: start FollowerState
2019-10-15 11:08:39,267 [Thread-2442] INFO  impl.FollowerState (FollowerState.java:run(117)) - eb650db1-3d02-48ee-b4c2-caa6406963fc@group-02596372B735-FollowerState was interrupted: java.lang.InterruptedException: sleep interrupted
2019-10-15 11:08:39,314 [345826a5-0dda-4781-9cf2-448e1558633a@group-02596372B735-LeaderElection99] INFO  impl.LeaderElection (LeaderElection.java:logAndReturn(56)) - 345826a5-0dda-4781-9cf2-448e1558633a@group-02596372B735-LeaderElection99: Election PASSED; received 2 response(s) [345826a5-0dda-4781-9cf2-448e1558633a<-d1e0ce34-67a2-404b-a684-d498084f00d9#0:FAIL-t1, 345826a5-0dda-4781-9cf2-448e1558633a<-eb650db1-3d02-48ee-b4c2-caa6406963fc#0:OK-t1] and 0 exception(s); 345826a5-0dda-4781-9cf2-448e1558633a@group-02596372B735:t1, leader=null, voted=345826a5-0dda-4781-9cf2-448e1558633a, raftlog=345826a5-0dda-4781-9cf2-448e1558633a@group-02596372B735-SegmentedRaftLog:OPENED:c-1,f-1,i0, conf=-1: [d1e0ce34-67a2-404b-a684-d498084f00d9:192.168.164.236:35289, 345826a5-0dda-4781-9cf2-448e1558633a:192.168.164.236:38349, eb650db1-3d02-48ee-b4c2-caa6406963fc:192.168.164.236:40670], old=null
2019-10-15 11:08:39,314 [d1e0ce34-67a2-404b-a684-d498084f00d9@group-02596372B735-LeaderElection100] INFO  impl.LeaderElection (LeaderElection.java:logAndReturn(56)) - d1e0ce34-67a2-404b-a684-d498084f00d9@group-02596372B735-LeaderElection100: Election REJECTED; received 2 response(s) [d1e0ce34-67a2-404b-a684-d498084f00d9<-345826a5-0dda-4781-9cf2-448e1558633a#0:FAIL-t1, d1e0ce34-67a2-404b-a684-d498084f00d9<-eb650db1-3d02-48ee-b4c2-caa6406963fc#0:FAIL-t1] and 0 exception(s); d1e0ce34-67a2-404b-a684-d498084f00d9@group-02596372B735:t1, leader=null, voted=d1e0ce34-67a2-404b-a684-d498084f00d9, raftlog=d1e0ce34-67a2-404b-a684-d498084f00d9@group-02596372B735-SegmentedRaftLog:OPENED:c-1,f-1,i0, conf=-1: [d1e0ce34-67a2-404b-a684-d498084f00d9:192.168.164.236:35289, 345826a5-0dda-4781-9cf2-448e1558633a:192.168.164.236:38349, eb650db1-3d02-48ee-b4c2-caa6406963fc:192.168.164.236:40670], old=null
2019-10-15 11:08:39,314 [345826a5-0dda-4781-9cf2-448e1558633a@group-02596372B735-LeaderElection99] INFO  impl.RoleInfo (RoleInfo.java:shutdownLeaderElection(134)) - 345826a5-0dda-4781-9cf2-448e1558633a: shutdown LeaderElection
2019-10-15 11:08:39,314 [d1e0ce34-67a2-404b-a684-d498084f00d9@group-02596372B735-LeaderElection100] INFO  impl.RaftServerImpl (RaftServerImpl.java:setRole(170)) - d1e0ce34-67a2-404b-a684-d498084f00d9@group-02596372B735: changes role from CANDIDATE to FOLLOWER at term 1 for DISCOVERED_A_NEW_TERM
2019-10-15 11:08:39,314 [345826a5-0dda-4781-9cf2-448e1558633a@group-02596372B735-LeaderElection99] INFO  impl.RaftServerImpl (RaftServerImpl.java:setRole(170)) - 345826a5-0dda-4781-9cf2-448e1558633a@group-02596372B735: changes role from CANDIDATE to LEADER at term 1 for changeToLeader
2019-10-15 11:08:39,314 [d1e0ce34-67a2-404b-a684-d498084f00d9@group-02596372B735-LeaderElection100] INFO  impl.RoleInfo (RoleInfo.java:shutdownLeaderElection(134)) - d1e0ce34-67a2-404b-a684-d498084f00d9: shutdown LeaderElection
2019-10-15 11:08:39,314 [345826a5-0dda-4781-9cf2-448e1558633a@group-02596372B735-LeaderElection99] INFO  impl.RaftServerImpl (ServerState.java:setLeader(255)) - 345826a5-0dda-4781-9cf2-448e1558633a@group-02596372B735: change Leader from null to 345826a5-0dda-4781-9cf2-448e1558633a at term 1 for becomeLeader, leader elected after 5194ms
2019-10-15 11:08:39,314 [d1e0ce34-67a2-404b-a684-d498084f00d9@group-02596372B735-LeaderElection100] INFO  impl.RoleInfo (RoleInfo.java:updateAndGet(143)) - d1e0ce34-67a2-404b-a684-d498084f00d9: start FollowerState
2019-10-15 11:08:39,314 [345826a5-0dda-4781-9cf2-448e1558633a@group-02596372B735-LeaderElection99] INFO  server.RaftServerConfigKeys (ConfUtils.java:logGet(43)) - raft.server.staging.catchup.gap = 1000 (default)
2019-10-15 11:08:39,315 [345826a5-0dda-4781-9cf2-448e1558633a@group-02596372B735-LeaderElection99] INFO  server.RaftServerConfigKeys (ConfUtils.java:logGet(43)) - raft.server.rpc.sleep.time = 25ms (default)
2019-10-15 11:08:39,315 [345826a5-0dda-4781-9cf2-448e1558633a@group-02596372B735-LeaderElection99] INFO  server.RaftServerConfigKeys (ConfUtils.java:logGet(43)) - raft.server.write.element-limit = 4096 (default)
2019-10-15 11:08:39,315 [345826a5-0dda-4781-9cf2-448e1558633a@group-02596372B735-LeaderElection99] INFO  server.RaftServerConfigKeys (ConfUtils.java:logGet(43)) - raft.server.watch.timeout = 10s (default)
2019-10-15 11:08:39,315 [345826a5-0dda-4781-9cf2-448e1558633a@group-02596372B735-LeaderElection99] INFO  server.RaftServerConfigKeys (ConfUtils.java:logGet(43)) - raft.server.watch.timeout.denomination = 1s (default)
2019-10-15 11:08:39,315 [345826a5-0dda-4781-9cf2-448e1558633a@group-02596372B735-LeaderElection99] INFO  server.RaftServerConfigKeys (ConfUtils.java:logGet(43)) - raft.server.watch.element-limit = 65536 (default)
2019-10-15 11:08:39,317 [345826a5-0dda-4781-9cf2-448e1558633a@group-02596372B735-LeaderElection99] INFO  server.RaftServerConfigKeys (ConfUtils.java:logGet(43)) - raft.server.log.appender.snapshot.chunk.size.max = 16MB (=16777216) (default)
2019-10-15 11:08:39,317 [345826a5-0dda-4781-9cf2-448e1558633a@group-02596372B735-LeaderElection99] INFO  server.RaftServerConfigKeys (ConfUtils.java:logGet(43)) - raft.server.log.appender.buffer.byte-limit = 33554432 (custom)
2019-10-15 11:08:39,317 [345826a5-0dda-4781-9cf2-448e1558633a@group-02596372B735-LeaderElection99] INFO  server.RaftServerConfigKeys (ConfUtils.java:logGet(43)) - raft.server.log.appender.buffer.element-limit = 1 (custom)
2019-10-15 11:08:39,318 [345826a5-0dda-4781-9cf2-448e1558633a@group-02596372B735-LeaderElection99] INFO  grpc.GrpcConfigKeys$Server (ConfUtils.java:logGet(43)) - raft.grpc.server.leader.outstanding.appends.max = 128 (default)
2019-10-15 11:08:39,318 [345826a5-0dda-4781-9cf2-448e1558633a@group-02596372B735-LeaderElection99] INFO  server.RaftServerConfigKeys (ConfUtils.java:logGet(43)) - raft.server.rpc.request.timeout = 3000ms (default)
2019-10-15 11:08:39,318 [345826a5-0dda-4781-9cf2-448e1558633a@group-02596372B735-LeaderElection99] INFO  server.RaftServerConfigKeys (ConfUtils.java:logGet(43)) - raft.server.log.appender.install.snapshot.enabled = false (custom)
2019-10-15 11:08:39,318 [345826a5-0dda-4781-9cf2-448e1558633a@group-02596372B735-LeaderElection99] INFO  server.RaftServerConfigKeys (ConfUtils.java:logGet(43)) - raft.server.log.appender.snapshot.chunk.size.max = 16MB (=16777216) (default)
2019-10-15 11:08:39,318 [345826a5-0dda-4781-9cf2-448e1558633a@group-02596372B735-LeaderElection99] INFO  server.RaftServerConfigKeys (ConfUtils.java:logGet(43)) - raft.server.log.appender.buffer.byte-limit = 33554432 (custom)
2019-10-15 11:08:39,318 [345826a5-0dda-4781-9cf2-448e1558633a@group-02596372B735-LeaderElection99] INFO  server.RaftServerConfigKeys (ConfUtils.java:logGet(43)) - raft.server.log.appender.buffer.element-limit = 1 (custom)
2019-10-15 11:08:39,319 [345826a5-0dda-4781-9cf2-448e1558633a@group-02596372B735-LeaderElection99] INFO  grpc.GrpcConfigKeys$Server (ConfUtils.java:logGet(43)) - raft.grpc.server.leader.outstanding.appends.max = 128 (default)
2019-10-15 11:08:39,319 [345826a5-0dda-4781-9cf2-448e1558633a@group-02596372B735-LeaderElection99] INFO  server.RaftServerConfigKeys (ConfUtils.java:logGet(43)) - raft.server.rpc.request.timeout = 3000ms (default)
2019-10-15 11:08:39,319 [345826a5-0dda-4781-9cf2-448e1558633a@group-02596372B735-LeaderElection99] INFO  server.RaftServerConfigKeys (ConfUtils.java:logGet(43)) - raft.server.log.appender.install.snapshot.enabled = false (custom)
2019-10-15 11:08:39,319 [345826a5-0dda-4781-9cf2-448e1558633a@group-02596372B735-LeaderElection99] INFO  impl.RoleInfo (RoleInfo.java:updateAndGet(143)) - 345826a5-0dda-4781-9cf2-448e1558633a: start LeaderState
2019-10-15 11:08:39,319 [345826a5-0dda-4781-9cf2-448e1558633a@group-02596372B735-LeaderElection99] INFO  segmented.SegmentedRaftLogWorker (SegmentedRaftLogWorker.java:startLogSegment(385)) - 345826a5-0dda-4781-9cf2-448e1558633a@group-02596372B735-SegmentedRaftLogWorker: Starting segment from index:0
2019-10-15 11:08:39,320 [345826a5-0dda-4781-9cf2-448e1558633a@group-02596372B735-LeaderElection99] INFO  impl.RaftServerImpl (ServerState.java:setRaftConf(356)) - 345826a5-0dda-4781-9cf2-448e1558633a@group-02596372B735: set configuration 0: [d1e0ce34-67a2-404b-a684-d498084f00d9:192.168.164.236:35289, 345826a5-0dda-4781-9cf2-448e1558633a:192.168.164.236:38349, eb650db1-3d02-48ee-b4c2-caa6406963fc:192.168.164.236:40670], old=null at 0
2019-10-15 11:08:39,321 [grpc-default-executor-3] INFO  impl.RaftServerImpl (ServerState.java:setLeader(255)) - d1e0ce34-67a2-404b-a684-d498084f00d9@group-02596372B735: change Leader from null to 345826a5-0dda-4781-9cf2-448e1558633a at term 1 for appendEntries, leader elected after 5200ms
2019-10-15 11:08:39,321 [grpc-default-executor-4] INFO  impl.RaftServerImpl (ServerState.java:setLeader(255)) - eb650db1-3d02-48ee-b4c2-caa6406963fc@group-02596372B735: change Leader from null to 345826a5-0dda-4781-9cf2-448e1558633a at term 1 for appendEntries, leader elected after 5201ms
2019-10-15 11:08:39,322 [grpc-default-executor-4] INFO  impl.RaftServerImpl (ServerState.java:setRaftConf(356)) - d1e0ce34-67a2-404b-a684-d498084f00d9@group-02596372B735: set configuration 0: [d1e0ce34-67a2-404b-a684-d498084f00d9:192.168.164.236:35289, 345826a5-0dda-4781-9cf2-448e1558633a:192.168.164.236:38349, eb650db1-3d02-48ee-b4c2-caa6406963fc:192.168.164.236:40670], old=null at 0
2019-10-15 11:08:39,323 [grpc-default-executor-4] INFO  segmented.SegmentedRaftLogWorker (SegmentedRaftLogWorker.java:startLogSegment(385)) - d1e0ce34-67a2-404b-a684-d498084f00d9@group-02596372B735-SegmentedRaftLogWorker: Starting segment from index:0
2019-10-15 11:08:39,323 [grpc-default-executor-3] INFO  impl.RaftServerImpl (ServerState.java:setRaftConf(356)) - eb650db1-3d02-48ee-b4c2-caa6406963fc@group-02596372B735: set configuration 0: [d1e0ce34-67a2-404b-a684-d498084f00d9:192.168.164.236:35289, 345826a5-0dda-4781-9cf2-448e1558633a:192.168.164.236:38349, eb650db1-3d02-48ee-b4c2-caa6406963fc:192.168.164.236:40670], old=null at 0
2019-10-15 11:08:39,323 [grpc-default-executor-3] INFO  segmented.SegmentedRaftLogWorker (SegmentedRaftLogWorker.java:startLogSegment(385)) - eb650db1-3d02-48ee-b4c2-caa6406963fc@group-02596372B735-SegmentedRaftLogWorker: Starting segment from index:0
2019-10-15 11:08:39,406 [d1e0ce34-67a2-404b-a684-d498084f00d9@group-02596372B735-SegmentedRaftLogWorker] INFO  segmented.SegmentedRaftLogWorker (SegmentedRaftLogWorker.java:execute(574)) - d1e0ce34-67a2-404b-a684-d498084f00d9@group-02596372B735-SegmentedRaftLogWorker: created new log segment /workdir/hadoop-ozone/integration-test/target/test-dir/MiniOzoneClusterImpl-b6bb93f9-7d52-4d17-8ba0-c855a5f9d90e/datanode-6/data/ratis/60d7ec60-d687-4171-8105-02596372b735/current/log_inprogress_0
2019-10-15 11:08:39,406 [345826a5-0dda-4781-9cf2-448e1558633a@group-02596372B735-SegmentedRaftLogWorker] INFO  segmented.SegmentedRaftLogWorker (SegmentedRaftLogWorker.java:execute(574)) - 345826a5-0dda-4781-9cf2-448e1558633a@group-02596372B735-SegmentedRaftLogWorker: created new log segment /workdir/hadoop-ozone/integration-test/target/test-dir/MiniOzoneClusterImpl-b6bb93f9-7d52-4d17-8ba0-c855a5f9d90e/datanode-3/data/ratis/60d7ec60-d687-4171-8105-02596372b735/current/log_inprogress_0
2019-10-15 11:08:39,411 [Datanode State Machine Thread - 0] INFO  statemachine.DatanodeStateMachine (DatanodeStateMachine.java:lambda$startDaemon$0(350)) - Ozone container server started.
2019-10-15 11:08:39,406 [eb650db1-3d02-48ee-b4c2-caa6406963fc@group-02596372B735-SegmentedRaftLogWorker] INFO  segmented.SegmentedRaftLogWorker (SegmentedRaftLogWorker.java:execute(574)) - eb650db1-3d02-48ee-b4c2-caa6406963fc@group-02596372B735-SegmentedRaftLogWorker: created new log segment /workdir/hadoop-ozone/integration-test/target/test-dir/MiniOzoneClusterImpl-b6bb93f9-7d52-4d17-8ba0-c855a5f9d90e/datanode-5/data/ratis/60d7ec60-d687-4171-8105-02596372b735/current/log_inprogress_0
2019-10-15 11:08:40,660 [grpc-default-executor-2] WARN  server.GrpcLogAppender (LogUtils.java:warn(134)) - 172a2998-bf86-4637-a4be-957637693d81@group-571077ABE93B->d6d9a674-7f3a-482e-be06-219964726ba5-AppendLogResponseHandler: Failed appendEntries: org.apache.ratis.thirdparty.io.grpc.StatusRuntimeException: UNAVAILABLE: io exception
2019-10-15 11:08:40,660 [grpc-default-executor-6] WARN  server.GrpcLogAppender (LogUtils.java:warn(134)) - 172a2998-bf86-4637-a4be-957637693d81@group-571077ABE93B->144b8dad-4f9f-4727-95df-54da78a09e68-AppendLogResponseHandler: Failed appendEntries: org.apache.ratis.thirdparty.io.grpc.StatusRuntimeException: UNAVAILABLE: io exception
2019-10-15 11:08:40,661 [grpc-default-executor-2] INFO  impl.FollowerInfo (FollowerInfo.java:lambda$new$0(51)) - 172a2998-bf86-4637-a4be-957637693d81@group-571077ABE93B->d6d9a674-7f3a-482e-be06-219964726ba5: nextIndex: updateUnconditionally 0 -> 0
2019-10-15 11:08:40,661 [grpc-default-executor-6] INFO  impl.FollowerInfo (FollowerInfo.java:lambda$new$0(51)) - 172a2998-bf86-4637-a4be-957637693d81@group-571077ABE93B->144b8dad-4f9f-4727-95df-54da78a09e68: nextIndex: updateUnconditionally 0 -> 0
2019-10-15 11:08:43,162 [grpc-default-executor-2] WARN  server.GrpcLogAppender (LogUtils.java:warn(134)) - 172a2998-bf86-4637-a4be-957637693d81@group-571077ABE93B->d6d9a674-7f3a-482e-be06-219964726ba5-AppendLogResponseHandler: Failed appendEntries: org.apache.ratis.thirdparty.io.grpc.StatusRuntimeException: UNAVAILABLE: io exception
2019-10-15 11:08:43,162 [grpc-default-executor-3] WARN  server.GrpcLogAppender (LogUtils.java:warn(134)) - 172a2998-bf86-4637-a4be-957637693d81@group-571077ABE93B->144b8dad-4f9f-4727-95df-54da78a09e68-AppendLogResponseHandler: Failed appendEntries: org.apache.ratis.thirdparty.io.grpc.StatusRuntimeException: UNAVAILABLE: io exception
2019-10-15 11:08:43,163 [grpc-default-executor-2] INFO  impl.FollowerInfo (FollowerInfo.java:lambda$new$0(51)) - 172a2998-bf86-4637-a4be-957637693d81@group-571077ABE93B->d6d9a674-7f3a-482e-be06-219964726ba5: nextIndex: updateUnconditionally 0 -> 0
2019-10-15 11:08:43,163 [grpc-default-executor-3] INFO  impl.FollowerInfo (FollowerInfo.java:lambda$new$0(51)) - 172a2998-bf86-4637-a4be-957637693d81@group-571077ABE93B->144b8dad-4f9f-4727-95df-54da78a09e68: nextIndex: updateUnconditionally 0 -> 0
2019-10-15 11:08:43,175 [EventQueue-StaleNodeForStaleNodeHandler] INFO  node.StaleNodeHandler (StaleNodeHandler.java:onMessage(58)) - Datanode d6d9a674-7f3a-482e-be06-219964726ba5{ip: 192.168.164.236, host: pr-hdds-2206-66z5g-837117227, networkLocation: /default-rack, certSerialId: null} moved to stale state. Finalizing its pipelines [PipelineID=b483a8d9-8da6-457e-a423-571077abe93b, PipelineID=44e82ab8-69dc-43c4-a6aa-e7463cdfd855]
2019-10-15 11:08:43,176 [EventQueue-StaleNodeForStaleNodeHandler] INFO  pipeline.SCMPipelineManager (SCMPipelineManager.java:finalizeAndDestroyPipeline(315)) - destroying pipeline:Pipeline[ Id: b483a8d9-8da6-457e-a423-571077abe93b, Nodes: d6d9a674-7f3a-482e-be06-219964726ba5{ip: 192.168.164.236, host: pr-hdds-2206-66z5g-837117227, networkLocation: /default-rack, certSerialId: null}144b8dad-4f9f-4727-95df-54da78a09e68{ip: 192.168.164.236, host: pr-hdds-2206-66z5g-837117227, networkLocation: /default-rack, certSerialId: null}172a2998-bf86-4637-a4be-957637693d81{ip: 192.168.164.236, host: pr-hdds-2206-66z5g-837117227, networkLocation: /default-rack, certSerialId: null}, Type:RATIS, Factor:THREE, State:OPEN]
2019-10-15 11:08:43,176 [EventQueue-StaleNodeForStaleNodeHandler] INFO  pipeline.PipelineStateManager (PipelineStateManager.java:finalizePipeline(123)) - Pipeline Pipeline[ Id: b483a8d9-8da6-457e-a423-571077abe93b, Nodes: d6d9a674-7f3a-482e-be06-219964726ba5{ip: 192.168.164.236, host: pr-hdds-2206-66z5g-837117227, networkLocation: /default-rack, certSerialId: null}144b8dad-4f9f-4727-95df-54da78a09e68{ip: 192.168.164.236, host: pr-hdds-2206-66z5g-837117227, networkLocation: /default-rack, certSerialId: null}172a2998-bf86-4637-a4be-957637693d81{ip: 192.168.164.236, host: pr-hdds-2206-66z5g-837117227, networkLocation: /default-rack, certSerialId: null}, Type:RATIS, Factor:THREE, State:CLOSED] moved to CLOSED state
2019-10-15 11:08:43,176 [EventQueue-CloseContainerForCloseContainerEventHandler] INFO  container.CloseContainerEventHandler (CloseContainerEventHandler.java:onMessage(61)) - Close container Event triggered for container : #1
2019-10-15 11:08:43,177 [EventQueue-StaleNodeForStaleNodeHandler] INFO  pipeline.SCMPipelineManager (SCMPipelineManager.java:finalizeAndDestroyPipeline(315)) - destroying pipeline:Pipeline[ Id: 44e82ab8-69dc-43c4-a6aa-e7463cdfd855, Nodes: d6d9a674-7f3a-482e-be06-219964726ba5{ip: 192.168.164.236, host: pr-hdds-2206-66z5g-837117227, networkLocation: /default-rack, certSerialId: null}, Type:RATIS, Factor:ONE, State:OPEN]
2019-10-15 11:08:43,177 [EventQueue-StaleNodeForStaleNodeHandler] INFO  pipeline.PipelineStateManager (PipelineStateManager.java:finalizePipeline(123)) - Pipeline Pipeline[ Id: 44e82ab8-69dc-43c4-a6aa-e7463cdfd855, Nodes: d6d9a674-7f3a-482e-be06-219964726ba5{ip: 192.168.164.236, host: pr-hdds-2206-66z5g-837117227, networkLocation: /default-rack, certSerialId: null}, Type:RATIS, Factor:ONE, State:CLOSED] moved to CLOSED state
2019-10-15 11:08:44,373 [main] INFO  ozoneimpl.OzoneContainer (OzoneContainer.java:stop(227)) - Attempting to stop container services.
2019-10-15 11:08:44,374 [main] INFO  impl.RaftServerProxy (RaftServerProxy.java:lambda$close$4(314)) - 4d5c917c-d1a4-4bc5-a012-b970f3b713e2: close
2019-10-15 11:08:44,375 [main] INFO  impl.RaftServerImpl (RaftServerImpl.java:lambda$shutdown$3(247)) - 4d5c917c-d1a4-4bc5-a012-b970f3b713e2@group-59EB43607E05: shutdown
2019-10-15 11:08:44,375 [main] INFO  util.JmxRegister (JmxRegister.java:unregister(73)) - Successfully un-registered JMX Bean with object name Ratis:service=RaftServer,group=group-59EB43607E05,id=4d5c917c-d1a4-4bc5-a012-b970f3b713e2
2019-10-15 11:08:44,376 [main] INFO  impl.RoleInfo (RoleInfo.java:shutdownFollowerState(121)) - 4d5c917c-d1a4-4bc5-a012-b970f3b713e2: shutdown FollowerState
2019-10-15 11:08:44,376 [main] INFO  impl.StateMachineUpdater (StateMachineUpdater.java:stopAndJoin(136)) - 4d5c917c-d1a4-4bc5-a012-b970f3b713e2@group-59EB43607E05-StateMachineUpdater: set stopIndex = 2
2019-10-15 11:08:44,376 [4d5c917c-d1a4-4bc5-a012-b970f3b713e2@group-59EB43607E05-StateMachineUpdater] INFO  ratis.ContainerStateMachine (ContainerStateMachine.java:takeSnapshot(294)) - group-59EB43607E05: Taking a snapshot at:(t:1, i:1) file /workdir/hadoop-ozone/integration-test/target/test-dir/MiniOzoneClusterImpl-b6bb93f9-7d52-4d17-8ba0-c855a5f9d90e/datanode-2/data/ratis/7c1a2086-0e59-44d9-8f3b-59eb43607e05/sm/snapshot.1_1
2019-10-15 11:08:44,376 [Thread-2475] INFO  impl.FollowerState (FollowerState.java:run(117)) - 4d5c917c-d1a4-4bc5-a012-b970f3b713e2@group-59EB43607E05-FollowerState was interrupted: java.lang.InterruptedException: sleep interrupted
2019-10-15 11:08:44,407 [4d5c917c-d1a4-4bc5-a012-b970f3b713e2@group-59EB43607E05-StateMachineUpdater] INFO  ratis.ContainerStateMachine (ContainerStateMachine.java:takeSnapshot(305)) - group-59EB43607E05: Finished taking a snapshot at:(t:1, i:1) file:/workdir/hadoop-ozone/integration-test/target/test-dir/MiniOzoneClusterImpl-b6bb93f9-7d52-4d17-8ba0-c855a5f9d90e/datanode-2/data/ratis/7c1a2086-0e59-44d9-8f3b-59eb43607e05/sm/snapshot.1_1 time:31
2019-10-15 11:08:44,407 [4d5c917c-d1a4-4bc5-a012-b970f3b713e2@group-59EB43607E05-StateMachineUpdater] INFO  impl.StateMachineUpdater (StateMachineUpdater.java:takeSnapshot(269)) - 4d5c917c-d1a4-4bc5-a012-b970f3b713e2@group-59EB43607E05-StateMachineUpdater: Took a snapshot at index 1
2019-10-15 11:08:44,407 [4d5c917c-d1a4-4bc5-a012-b970f3b713e2@group-59EB43607E05-StateMachineUpdater] INFO  impl.StateMachineUpdater (StateMachineUpdater.java:lambda$new$0(84)) - 4d5c917c-d1a4-4bc5-a012-b970f3b713e2@group-59EB43607E05-StateMachineUpdater: snapshotIndex: updateIncreasingly -1 -> 1
2019-10-15 11:08:44,408 [4d5c917c-d1a4-4bc5-a012-b970f3b713e2@group-59EB43607E05-StateMachineUpdater] INFO  ratis.ContainerStateMachine (ContainerStateMachine.java:takeSnapshot(294)) - group-59EB43607E05: Taking a snapshot at:(t:1, i:1) file /workdir/hadoop-ozone/integration-test/target/test-dir/MiniOzoneClusterImpl-b6bb93f9-7d52-4d17-8ba0-c855a5f9d90e/datanode-2/data/ratis/7c1a2086-0e59-44d9-8f3b-59eb43607e05/sm/snapshot.1_1
2019-10-15 11:08:44,432 [4d5c917c-d1a4-4bc5-a012-b970f3b713e2@group-59EB43607E05-StateMachineUpdater] INFO  ratis.ContainerStateMachine (ContainerStateMachine.java:takeSnapshot(305)) - group-59EB43607E05: Finished taking a snapshot at:(t:1, i:1) file:/workdir/hadoop-ozone/integration-test/target/test-dir/MiniOzoneClusterImpl-b6bb93f9-7d52-4d17-8ba0-c855a5f9d90e/datanode-2/data/ratis/7c1a2086-0e59-44d9-8f3b-59eb43607e05/sm/snapshot.1_1 time:24
2019-10-15 11:08:44,432 [4d5c917c-d1a4-4bc5-a012-b970f3b713e2@group-59EB43607E05-StateMachineUpdater] INFO  impl.StateMachineUpdater (StateMachineUpdater.java:takeSnapshot(269)) - 4d5c917c-d1a4-4bc5-a012-b970f3b713e2@group-59EB43607E05-StateMachineUpdater: Took a snapshot at index 1
2019-10-15 11:08:44,432 [4d5c917c-d1a4-4bc5-a012-b970f3b713e2@group-59EB43607E05-StateMachineUpdater] INFO  impl.StateMachineUpdater (StateMachineUpdater.java:lambda$new$0(84)) - 4d5c917c-d1a4-4bc5-a012-b970f3b713e2@group-59EB43607E05-StateMachineUpdater: snapshotIndex: updateIncreasingly 1 -> 1
2019-10-15 11:08:44,433 [main] INFO  impl.RaftServerImpl (ServerState.java:close(387)) - 4d5c917c-d1a4-4bc5-a012-b970f3b713e2@group-59EB43607E05: closes. applyIndex: 2
2019-10-15 11:08:44,433 [4d5c917c-d1a4-4bc5-a012-b970f3b713e2@group-59EB43607E05-SegmentedRaftLogWorker] INFO  segmented.SegmentedRaftLogWorker (SegmentedRaftLogWorker.java:run(316)) - 4d5c917c-d1a4-4bc5-a012-b970f3b713e2@group-59EB43607E05-SegmentedRaftLogWorker was interrupted, exiting. There are 0 tasks remaining in the queue.
2019-10-15 11:08:44,438 [main] INFO  segmented.SegmentedRaftLogWorker (SegmentedRaftLogWorker.java:close(224)) - 4d5c917c-d1a4-4bc5-a012-b970f3b713e2@group-59EB43607E05-SegmentedRaftLogWorker close()
2019-10-15 11:08:44,465 [main] INFO  impl.RaftServerImpl (RaftServerImpl.java:lambda$shutdown$3(247)) - 4d5c917c-d1a4-4bc5-a012-b970f3b713e2@group-0276C0FA51C4: shutdown
2019-10-15 11:08:44,466 [main] INFO  util.JmxRegister (JmxRegister.java:unregister(73)) - Successfully un-registered JMX Bean with object name Ratis:service=RaftServer,group=group-0276C0FA51C4,id=4d5c917c-d1a4-4bc5-a012-b970f3b713e2
2019-10-15 11:08:44,466 [main] INFO  impl.RoleInfo (RoleInfo.java:shutdownLeaderState(104)) - 4d5c917c-d1a4-4bc5-a012-b970f3b713e2: shutdown LeaderState
2019-10-15 11:08:44,467 [main] INFO  impl.PendingRequests (PendingRequests.java:sendNotLeaderResponses(202)) - 4d5c917c-d1a4-4bc5-a012-b970f3b713e2@group-0276C0FA51C4-PendingRequests: sendNotLeaderResponses
2019-10-15 11:08:44,467 [main] INFO  impl.StateMachineUpdater (StateMachineUpdater.java:stopAndJoin(136)) - 4d5c917c-d1a4-4bc5-a012-b970f3b713e2@group-0276C0FA51C4-StateMachineUpdater: set stopIndex = 0
2019-10-15 11:08:44,467 [main] INFO  impl.RaftServerImpl (ServerState.java:close(387)) - 4d5c917c-d1a4-4bc5-a012-b970f3b713e2@group-0276C0FA51C4: closes. applyIndex: 0
2019-10-15 11:08:44,468 [4d5c917c-d1a4-4bc5-a012-b970f3b713e2@group-0276C0FA51C4-SegmentedRaftLogWorker] INFO  segmented.SegmentedRaftLogWorker (SegmentedRaftLogWorker.java:run(316)) - 4d5c917c-d1a4-4bc5-a012-b970f3b713e2@group-0276C0FA51C4-SegmentedRaftLogWorker was interrupted, exiting. There are 0 tasks remaining in the queue.
2019-10-15 11:08:44,471 [main] INFO  segmented.SegmentedRaftLogWorker (SegmentedRaftLogWorker.java:close(224)) - 4d5c917c-d1a4-4bc5-a012-b970f3b713e2@group-0276C0FA51C4-SegmentedRaftLogWorker close()
2019-10-15 11:08:44,474 [main] INFO  server.GrpcService (GrpcService.java:closeImpl(164)) - 4d5c917c-d1a4-4bc5-a012-b970f3b713e2: shutdown server with port 35360 now
2019-10-15 11:08:44,475 [grpc-default-executor-3] WARN  server.GrpcServerProtocolService (LogUtils.java:warn(134)) - 4d5c917c-d1a4-4bc5-a012-b970f3b713e2: installSnapshot onError, lastRequest: 3144ca93-bbb3-48f9-bc17-d9f794b70111->4d5c917c-d1a4-4bc5-a012-b970f3b713e2#5-t1, previous=(t:1, i:2), leaderCommit=2, initializing? false, entries: <empty>: org.apache.ratis.thirdparty.io.grpc.StatusRuntimeException: CANCELLED: cancelled before receiving half close
2019-10-15 11:08:44,475 [main] INFO  server.GrpcService (GrpcService.java:closeImpl(172)) - 4d5c917c-d1a4-4bc5-a012-b970f3b713e2: shutdown server with port 35360 successfully
2019-10-15 11:08:44,476 [grpc-default-executor-2] WARN  server.GrpcLogAppender (LogUtils.java:warn(134)) - 3144ca93-bbb3-48f9-bc17-d9f794b70111@group-59EB43607E05->4d5c917c-d1a4-4bc5-a012-b970f3b713e2-AppendLogResponseHandler: Failed appendEntries: org.apache.ratis.thirdparty.io.grpc.StatusRuntimeException: CANCELLED: HTTP/2 error code: CANCEL
Received Rst Stream
2019-10-15 11:08:44,476 [grpc-default-executor-2] INFO  impl.FollowerInfo (FollowerInfo.java:lambda$new$0(51)) - 3144ca93-bbb3-48f9-bc17-d9f794b70111@group-59EB43607E05->4d5c917c-d1a4-4bc5-a012-b970f3b713e2: nextIndex: updateUnconditionally 3 -> 2
2019-10-15 11:08:44,478 [refreshUsed-/workdir/hadoop-ozone/integration-test/target/test-dir/MiniOzoneClusterImpl-b6bb93f9-7d52-4d17-8ba0-c855a5f9d90e/datanode-2/data/containers] WARN  fs.CachingGetSpaceUsed (CachingGetSpaceUsed.java:run(183)) - Thread Interrupted waiting to refresh disk information: sleep interrupted
2019-10-15 11:08:44,494 [main] INFO  utils.BackgroundService (BackgroundService.java:shutdown(151)) - Shutting down service BlockDeletingService
2019-10-15 11:08:44,504 [main] INFO  statemachine.DatanodeStateMachine (DatanodeStateMachine.java:stopDaemon(395)) - Ozone container server stopped.
2019-10-15 11:08:44,506 [main] INFO  handler.ContextHandler (ContextHandler.java:doStop(910)) - Stopped o.e.j.w.WebAppContext@251c90f{/,null,UNAVAILABLE}{/hddsDatanode}
2019-10-15 11:08:44,507 [main] INFO  server.AbstractConnector (AbstractConnector.java:doStop(318)) - Stopped ServerConnector@6629643d{HTTP/1.1,[http/1.1]}{0.0.0.0:0}
2019-10-15 11:08:44,507 [main] INFO  handler.ContextHandler (ContextHandler.java:doStop(910)) - Stopped o.e.j.s.ServletContextHandler@2dbfa972{/static,jar:file:/home/user/.m2/repository/org/apache/hadoop/hadoop-hdds-container-service/0.5.0-SNAPSHOT/hadoop-hdds-container-service-0.5.0-SNAPSHOT.jar!/webapps/static,UNAVAILABLE}
2019-10-15 11:08:44,507 [main] INFO  handler.ContextHandler (ContextHandler.java:doStop(910)) - Stopped o.e.j.s.ServletContextHandler@65cc5252{/logs,file:///workdir/hadoop-ozone/integration-test/target/log,UNAVAILABLE}
2019-10-15 11:08:44,514 [grpc-default-executor-2] WARN  server.GrpcLogAppender (LogUtils.java:warn(134)) - 3144ca93-bbb3-48f9-bc17-d9f794b70111@group-59EB43607E05->4d5c917c-d1a4-4bc5-a012-b970f3b713e2-AppendLogResponseHandler: Failed appendEntries: org.apache.ratis.thirdparty.io.grpc.StatusRuntimeException: UNAVAILABLE: io exception
2019-10-15 11:08:44,514 [grpc-default-executor-2] INFO  impl.FollowerInfo (FollowerInfo.java:lambda$new$0(51)) - 3144ca93-bbb3-48f9-bc17-d9f794b70111@group-59EB43607E05->4d5c917c-d1a4-4bc5-a012-b970f3b713e2: nextIndex: updateUnconditionally 3 -> 2
2019-10-15 11:08:44,526 [grpc-default-executor-7] WARN  server.GrpcLogAppender (LogUtils.java:warn(134)) - 3144ca93-bbb3-48f9-bc17-d9f794b70111@group-59EB43607E05->4d5c917c-d1a4-4bc5-a012-b970f3b713e2-AppendLogResponseHandler: Failed appendEntries: org.apache.ratis.thirdparty.io.grpc.StatusRuntimeException: UNAVAILABLE: io exception
2019-10-15 11:08:44,526 [grpc-default-executor-7] INFO  impl.FollowerInfo (FollowerInfo.java:lambda$new$0(51)) - 3144ca93-bbb3-48f9-bc17-d9f794b70111@group-59EB43607E05->4d5c917c-d1a4-4bc5-a012-b970f3b713e2: nextIndex: updateUnconditionally 3 -> 2
2019-10-15 11:08:44,538 [grpc-default-executor-3] WARN  server.GrpcLogAppender (LogUtils.java:warn(134)) - 3144ca93-bbb3-48f9-bc17-d9f794b70111@group-59EB43607E05->4d5c917c-d1a4-4bc5-a012-b970f3b713e2-AppendLogResponseHandler: Failed appendEntries: org.apache.ratis.thirdparty.io.grpc.StatusRuntimeException: UNAVAILABLE: io exception
2019-10-15 11:08:44,538 [grpc-default-executor-3] INFO  impl.FollowerInfo (FollowerInfo.java:lambda$new$0(51)) - 3144ca93-bbb3-48f9-bc17-d9f794b70111@group-59EB43607E05->4d5c917c-d1a4-4bc5-a012-b970f3b713e2: nextIndex: updateUnconditionally 3 -> 2
2019-10-15 11:08:44,550 [EventQueue-IncrementalContainerReportForIncrementalContainerReportHandler] WARN  container.IncrementalContainerReportHandler (AbstractContainerReportHandler.java:updateContainerState(145)) - Container #1 is in OPEN state, but the datanode 3144ca93-bbb3-48f9-bc17-d9f794b70111{ip: 192.168.164.236, host: pr-hdds-2206-66z5g-837117227, networkLocation: /default-rack, certSerialId: null} reports an CLOSING replica.
2019-10-15 11:08:44,567 [EventQueue-IncrementalContainerReportForIncrementalContainerReportHandler] WARN  container.IncrementalContainerReportHandler (AbstractContainerReportHandler.java:updateContainerState(145)) - Container #1 is in OPEN state, but the datanode 9492de6e-56b0-4b03-9d55-ed5c866a0716{ip: 192.168.164.236, host: pr-hdds-2206-66z5g-837117227, networkLocation: /default-rack, certSerialId: null} reports an CLOSING replica.
2019-10-15 11:08:44,652 [RatisApplyTransactionExecutor 1] INFO  interfaces.Container (KeyValueContainer.java:flushAndSyncDB(386)) - Container 1 is synced with bcsId 0.
2019-10-15 11:08:44,682 [Thread-2551] INFO  client.GrpcClientProtocolService (GrpcClientProtocolService.java:lambda$processClientRequest$0(278)) - Failed RaftClientRequest:client-663949409B68->172a2998-bf86-4637-a4be-957637693d81@group-571077ABE93B, cid=68, seq=0, Watch-MAJORITY_COMMITTED(52), Message:<EMPTY>, reply=RaftClientReply:client-663949409B68->172a2998-bf86-4637-a4be-957637693d81@group-571077ABE93B, cid=68, FAILED org.apache.ratis.protocol.NotReplicatedException: Request with call Id 68 and log index 52 is not yet replicated to MAJORITY_COMMITTED, logIndex=52, commits[172a2998-bf86-4637-a4be-957637693d81:c2, d6d9a674-7f3a-482e-be06-219964726ba5:c2, 144b8dad-4f9f-4727-95df-54da78a09e68:c2]
2019-10-15 11:08:44,682 [Thread-2552] INFO  client.GrpcClientProtocolService (GrpcClientProtocolService.java:lambda$processClientRequest$0(278)) - Failed RaftClientRequest:client-663949409B68->172a2998-bf86-4637-a4be-957637693d81@group-571077ABE93B, cid=67, seq=0, Watch-ALL_COMMITTED(52), Message:<EMPTY>, reply=RaftClientReply:client-663949409B68->172a2998-bf86-4637-a4be-957637693d81@group-571077ABE93B, cid=67, FAILED org.apache.ratis.protocol.NotReplicatedException: Request with call Id 67 and log index 52 is not yet replicated to ALL_COMMITTED, logIndex=52, commits[172a2998-bf86-4637-a4be-957637693d81:c2, d6d9a674-7f3a-482e-be06-219964726ba5:c2, 144b8dad-4f9f-4727-95df-54da78a09e68:c2]
2019-10-15 11:08:44,730 [RatisApplyTransactionExecutor 1] INFO  interfaces.Container (KeyValueContainer.java:flushAndSyncDB(386)) - Container 1 is synced with bcsId 0.
2019-10-15 11:08:44,745 [RatisApplyTransactionExecutor 1] INFO  interfaces.Container (KeyValueContainer.java:flushAndSyncDB(386)) - Container 1 is synced with bcsId 0.
2019-10-15 11:08:44,745 [RatisApplyTransactionExecutor 1] INFO  interfaces.Container (KeyValueContainer.java:flushAndSyncDB(386)) - Container 1 is synced with bcsId 0.
2019-10-15 11:08:44,762 [RatisApplyTransactionExecutor 1] INFO  interfaces.Container (KeyValueContainer.java:close(335)) - Container 1 is closed with bcsId 0.
2019-10-15 11:08:44,762 [RatisApplyTransactionExecutor 1] INFO  interfaces.Container (KeyValueContainer.java:close(335)) - Container 1 is closed with bcsId 0.
2019-10-15 11:08:44,768 [EventQueue-IncrementalContainerReportForIncrementalContainerReportHandler] WARN  container.IncrementalContainerReportHandler (AbstractContainerReportHandler.java:updateContainerState(145)) - Container #1 is in OPEN state, but the datanode 9492de6e-56b0-4b03-9d55-ed5c866a0716{ip: 192.168.164.236, host: pr-hdds-2206-66z5g-837117227, networkLocation: /default-rack, certSerialId: null} reports an CLOSED replica.
2019-10-15 11:08:44,769 [EventQueue-IncrementalContainerReportForIncrementalContainerReportHandler] WARN  container.IncrementalContainerReportHandler (AbstractContainerReportHandler.java:updateContainerState(145)) - Container #1 is in OPEN state, but the datanode 3144ca93-bbb3-48f9-bc17-d9f794b70111{ip: 192.168.164.236, host: pr-hdds-2206-66z5g-837117227, networkLocation: /default-rack, certSerialId: null} reports an CLOSED replica.
2019-10-15 11:08:45,346 [grpc-default-executor-4] WARN  server.GrpcLogAppender (LogUtils.java:warn(134)) - 172a2998-bf86-4637-a4be-957637693d81@group-571077ABE93B->d6d9a674-7f3a-482e-be06-219964726ba5-AppendLogResponseHandler: Failed appendEntries: org.apache.ratis.thirdparty.io.grpc.StatusRuntimeException: UNAVAILABLE: io exception
2019-10-15 11:08:45,346 [grpc-default-executor-7] WARN  server.GrpcLogAppender (LogUtils.java:warn(134)) - 172a2998-bf86-4637-a4be-957637693d81@group-571077ABE93B->144b8dad-4f9f-4727-95df-54da78a09e68-AppendLogResponseHandler: Failed appendEntries: org.apache.ratis.thirdparty.io.grpc.StatusRuntimeException: UNAVAILABLE: io exception
2019-10-15 11:08:45,346 [grpc-default-executor-4] INFO  impl.FollowerInfo (FollowerInfo.java:lambda$new$0(51)) - 172a2998-bf86-4637-a4be-957637693d81@group-571077ABE93B->d6d9a674-7f3a-482e-be06-219964726ba5: nextIndex: updateUnconditionally 1 -> 0
2019-10-15 11:08:45,346 [grpc-default-executor-7] INFO  impl.FollowerInfo (FollowerInfo.java:lambda$new$0(51)) - 172a2998-bf86-4637-a4be-957637693d81@group-571077ABE93B->144b8dad-4f9f-4727-95df-54da78a09e68: nextIndex: updateUnconditionally 1 -> 0
2019-10-15 11:08:47,040 [grpc-default-executor-2] WARN  server.GrpcLogAppender (LogUtils.java:warn(134)) - 3144ca93-bbb3-48f9-bc17-d9f794b70111@group-59EB43607E05->4d5c917c-d1a4-4bc5-a012-b970f3b713e2-AppendLogResponseHandler: Failed appendEntries: org.apache.ratis.thirdparty.io.grpc.StatusRuntimeException: UNAVAILABLE: io exception
2019-10-15 11:08:47,041 [grpc-default-executor-2] INFO  impl.FollowerInfo (FollowerInfo.java:lambda$new$0(51)) - 3144ca93-bbb3-48f9-bc17-d9f794b70111@group-59EB43607E05->4d5c917c-d1a4-4bc5-a012-b970f3b713e2: nextIndex: updateUnconditionally 2 -> 1
2019-10-15 11:08:47,770 [main] WARN  scm.XceiverClientRatis (XceiverClientRatis.java:watchForCommit(277)) - 3 way commit failed on pipeline Pipeline[ Id: 7c1a2086-0e59-44d9-8f3b-59eb43607e05, Nodes: 4d5c917c-d1a4-4bc5-a012-b970f3b713e2{ip: 192.168.164.236, host: pr-hdds-2206-66z5g-837117227, networkLocation: /default-rack, certSerialId: null}9492de6e-56b0-4b03-9d55-ed5c866a0716{ip: 192.168.164.236, host: pr-hdds-2206-66z5g-837117227, networkLocation: /default-rack, certSerialId: null}3144ca93-bbb3-48f9-bc17-d9f794b70111{ip: 192.168.164.236, host: pr-hdds-2206-66z5g-837117227, networkLocation: /default-rack, certSerialId: null}, Type:RATIS, Factor:THREE, State:OPEN]
java.util.concurrent.TimeoutException
	at java.util.concurrent.CompletableFuture.timedGet(CompletableFuture.java:1771)
	at java.util.concurrent.CompletableFuture.get(CompletableFuture.java:1915)
	at org.apache.hadoop.hdds.scm.XceiverClientRatis.watchForCommit(XceiverClientRatis.java:274)
	at org.apache.hadoop.ozone.client.rpc.TestWatchForCommit.test2WayCommitForTimeoutException(TestWatchForCommit.java:391)
	at sun.reflect.NativeMethodAccessorImpl.invoke0(Native Method)
	at sun.reflect.NativeMethodAccessorImpl.invoke(NativeMethodAccessorImpl.java:62)
	at sun.reflect.DelegatingMethodAccessorImpl.invoke(DelegatingMethodAccessorImpl.java:43)
	at java.lang.reflect.Method.invoke(Method.java:498)
	at org.junit.runners.model.FrameworkMethod$1.runReflectiveCall(FrameworkMethod.java:47)
	at org.junit.internal.runners.model.ReflectiveCallable.run(ReflectiveCallable.java:12)
	at org.junit.runners.model.FrameworkMethod.invokeExplosively(FrameworkMethod.java:44)
	at org.junit.internal.runners.statements.InvokeMethod.evaluate(InvokeMethod.java:17)
	at org.junit.runners.ParentRunner.runLeaf(ParentRunner.java:271)
	at org.junit.runners.BlockJUnit4ClassRunner.runChild(BlockJUnit4ClassRunner.java:70)
	at org.junit.runners.BlockJUnit4ClassRunner.runChild(BlockJUnit4ClassRunner.java:50)
	at org.junit.runners.ParentRunner$3.run(ParentRunner.java:238)
	at org.junit.runners.ParentRunner$1.schedule(ParentRunner.java:63)
	at org.junit.runners.ParentRunner.runChildren(ParentRunner.java:236)
	at org.junit.runners.ParentRunner.access$000(ParentRunner.java:53)
	at org.junit.runners.ParentRunner$2.evaluate(ParentRunner.java:229)
	at org.junit.runners.ParentRunner.run(ParentRunner.java:309)
	at org.apache.maven.surefire.junit4.JUnit4Provider.execute(JUnit4Provider.java:365)
	at org.apache.maven.surefire.junit4.JUnit4Provider.executeWithRerun(JUnit4Provider.java:273)
	at org.apache.maven.surefire.junit4.JUnit4Provider.executeTestSet(JUnit4Provider.java:238)
	at org.apache.maven.surefire.junit4.JUnit4Provider.invoke(JUnit4Provider.java:159)
	at org.apache.maven.surefire.booter.ForkedBooter.invokeProviderInSameClassLoader(ForkedBooter.java:384)
	at org.apache.maven.surefire.booter.ForkedBooter.runSuitesInProcess(ForkedBooter.java:345)
	at org.apache.maven.surefire.booter.ForkedBooter.execute(ForkedBooter.java:126)
	at org.apache.maven.surefire.booter.ForkedBooter.main(ForkedBooter.java:418)
2019-10-15 11:08:47,789 [Thread-2563] INFO  client.GrpcClientProtocolService (GrpcClientProtocolService.java:lambda$processClientRequest$0(278)) - Failed RaftClientRequest:client-44B40D57643B->9492de6e-56b0-4b03-9d55-ed5c866a0716@group-59EB43607E05, cid=106, seq=0, Watch-MAJORITY_COMMITTED(3), Message:<EMPTY>, reply=RaftClientReply:client-44B40D57643B->9492de6e-56b0-4b03-9d55-ed5c866a0716@group-59EB43607E05, cid=106, FAILED org.apache.ratis.protocol.NotLeaderException: Server 9492de6e-56b0-4b03-9d55-ed5c866a0716@group-59EB43607E05 is not the leader 3144ca93-bbb3-48f9-bc17-d9f794b70111:192.168.164.236:43518, logIndex=0, commits[9492de6e-56b0-4b03-9d55-ed5c866a0716:c4, 4d5c917c-d1a4-4bc5-a012-b970f3b713e2:c2, 3144ca93-bbb3-48f9-bc17-d9f794b70111:c4]
2019-10-15 11:08:47,847 [grpc-default-executor-7] WARN  server.GrpcLogAppender (LogUtils.java:warn(134)) - 172a2998-bf86-4637-a4be-957637693d81@group-571077ABE93B->d6d9a674-7f3a-482e-be06-219964726ba5-AppendLogResponseHandler: Failed appendEntries: org.apache.ratis.thirdparty.io.grpc.StatusRuntimeException: UNAVAILABLE: io exception
2019-10-15 11:08:47,847 [grpc-default-executor-2] WARN  server.GrpcLogAppender (LogUtils.java:warn(134)) - 172a2998-bf86-4637-a4be-957637693d81@group-571077ABE93B->144b8dad-4f9f-4727-95df-54da78a09e68-AppendLogResponseHandler: Failed appendEntries: org.apache.ratis.thirdparty.io.grpc.StatusRuntimeException: UNAVAILABLE: io exception
2019-10-15 11:08:47,847 [grpc-default-executor-7] INFO  impl.FollowerInfo (FollowerInfo.java:lambda$new$0(51)) - 172a2998-bf86-4637-a4be-957637693d81@group-571077ABE93B->d6d9a674-7f3a-482e-be06-219964726ba5: nextIndex: updateUnconditionally 0 -> 0
2019-10-15 11:08:47,847 [grpc-default-executor-2] INFO  impl.FollowerInfo (FollowerInfo.java:lambda$new$0(51)) - 172a2998-bf86-4637-a4be-957637693d81@group-571077ABE93B->144b8dad-4f9f-4727-95df-54da78a09e68: nextIndex: updateUnconditionally 0 -> 0
2019-10-15 11:08:48,386 [EventQueue-StaleNodeForStaleNodeHandler] INFO  node.StaleNodeHandler (StaleNodeHandler.java:onMessage(58)) - Datanode 144b8dad-4f9f-4727-95df-54da78a09e68{ip: 192.168.164.236, host: pr-hdds-2206-66z5g-837117227, networkLocation: /default-rack, certSerialId: null} moved to stale state. Finalizing its pipelines [PipelineID=b483a8d9-8da6-457e-a423-571077abe93b, PipelineID=afe0a159-7ea7-490f-abf6-11e95471f317]
2019-10-15 11:08:48,387 [EventQueue-StaleNodeForStaleNodeHandler] INFO  pipeline.SCMPipelineManager (SCMPipelineManager.java:finalizeAndDestroyPipeline(315)) - destroying pipeline:Pipeline[ Id: b483a8d9-8da6-457e-a423-571077abe93b, Nodes: d6d9a674-7f3a-482e-be06-219964726ba5{ip: 192.168.164.236, host: pr-hdds-2206-66z5g-837117227, networkLocation: /default-rack, certSerialId: null}144b8dad-4f9f-4727-95df-54da78a09e68{ip: 192.168.164.236, host: pr-hdds-2206-66z5g-837117227, networkLocation: /default-rack, certSerialId: null}172a2998-bf86-4637-a4be-957637693d81{ip: 192.168.164.236, host: pr-hdds-2206-66z5g-837117227, networkLocation: /default-rack, certSerialId: null}, Type:RATIS, Factor:THREE, State:CLOSED]
2019-10-15 11:08:48,387 [EventQueue-StaleNodeForStaleNodeHandler] INFO  pipeline.SCMPipelineManager (SCMPipelineManager.java:finalizeAndDestroyPipeline(315)) - destroying pipeline:Pipeline[ Id: afe0a159-7ea7-490f-abf6-11e95471f317, Nodes: 144b8dad-4f9f-4727-95df-54da78a09e68{ip: 192.168.164.236, host: pr-hdds-2206-66z5g-837117227, networkLocation: /default-rack, certSerialId: null}, Type:RATIS, Factor:ONE, State:OPEN]
2019-10-15 11:08:48,388 [EventQueue-StaleNodeForStaleNodeHandler] INFO  pipeline.PipelineStateManager (PipelineStateManager.java:finalizePipeline(123)) - Pipeline Pipeline[ Id: afe0a159-7ea7-490f-abf6-11e95471f317, Nodes: 144b8dad-4f9f-4727-95df-54da78a09e68{ip: 192.168.164.236, host: pr-hdds-2206-66z5g-837117227, networkLocation: /default-rack, certSerialId: null}, Type:RATIS, Factor:ONE, State:CLOSED] moved to CLOSED state
2019-10-15 11:08:49,542 [grpc-default-executor-4] WARN  server.GrpcLogAppender (LogUtils.java:warn(134)) - 3144ca93-bbb3-48f9-bc17-d9f794b70111@group-59EB43607E05->4d5c917c-d1a4-4bc5-a012-b970f3b713e2-AppendLogResponseHandler: Failed appendEntries: org.apache.ratis.thirdparty.io.grpc.StatusRuntimeException: UNAVAILABLE: io exception
2019-10-15 11:08:49,543 [grpc-default-executor-4] INFO  impl.FollowerInfo (FollowerInfo.java:lambda$new$0(51)) - 3144ca93-bbb3-48f9-bc17-d9f794b70111@group-59EB43607E05->4d5c917c-d1a4-4bc5-a012-b970f3b713e2: nextIndex: updateUnconditionally 1 -> 0
2019-10-15 11:08:50,347 [grpc-default-executor-3] WARN  server.GrpcLogAppender (LogUtils.java:warn(134)) - 172a2998-bf86-4637-a4be-957637693d81@group-571077ABE93B->144b8dad-4f9f-4727-95df-54da78a09e68-AppendLogResponseHandler: Failed appendEntries: org.apache.ratis.thirdparty.io.grpc.StatusRuntimeException: UNAVAILABLE: io exception
2019-10-15 11:08:50,347 [grpc-default-executor-6] WARN  server.GrpcLogAppender (LogUtils.java:warn(134)) - 172a2998-bf86-4637-a4be-957637693d81@group-571077ABE93B->d6d9a674-7f3a-482e-be06-219964726ba5-AppendLogResponseHandler: Failed appendEntries: org.apache.ratis.thirdparty.io.grpc.StatusRuntimeException: UNAVAILABLE: io exception
2019-10-15 11:08:50,348 [grpc-default-executor-3] INFO  impl.FollowerInfo (FollowerInfo.java:lambda$new$0(51)) - 172a2998-bf86-4637-a4be-957637693d81@group-571077ABE93B->144b8dad-4f9f-4727-95df-54da78a09e68: nextIndex: updateUnconditionally 0 -> 0
2019-10-15 11:08:50,348 [grpc-default-executor-6] INFO  impl.FollowerInfo (FollowerInfo.java:lambda$new$0(51)) - 172a2998-bf86-4637-a4be-957637693d81@group-571077ABE93B->d6d9a674-7f3a-482e-be06-219964726ba5: nextIndex: updateUnconditionally 0 -> 0
]]></system-out>
    <system-err><![CDATA[Oct 15, 2019 11:08:44 AM org.apache.ratis.thirdparty.io.grpc.internal.SerializingExecutor run
SEVERE: Exception while executing runnable org.apache.ratis.thirdparty.io.grpc.internal.ServerImpl$JumpToApplicationThreadServerStreamListener$1Closed@f8f43dd
org.apache.ratis.thirdparty.io.grpc.StatusRuntimeException: CANCELLED: call already cancelled
	at org.apache.ratis.thirdparty.io.grpc.Status.asRuntimeException(Status.java:517)
	at org.apache.ratis.thirdparty.io.grpc.stub.ServerCalls$ServerCallStreamObserverImpl.onCompleted(ServerCalls.java:356)
	at org.apache.ratis.grpc.server.GrpcServerProtocolService$ServerRequestStreamObserver.onError(GrpcServerProtocolService.java:121)
	at org.apache.ratis.thirdparty.io.grpc.stub.ServerCalls$StreamingServerCallHandler$StreamingServerCallListener.onCancel(ServerCalls.java:269)
	at org.apache.ratis.thirdparty.io.grpc.internal.ServerCallImpl$ServerStreamListenerImpl.closed(ServerCallImpl.java:293)
	at org.apache.ratis.thirdparty.io.grpc.internal.ServerImpl$JumpToApplicationThreadServerStreamListener$1Closed.runInContext(ServerImpl.java:741)
	at org.apache.ratis.thirdparty.io.grpc.internal.ContextRunnable.run(ContextRunnable.java:37)
	at org.apache.ratis.thirdparty.io.grpc.internal.SerializingExecutor.run(SerializingExecutor.java:123)
	at java.util.concurrent.ThreadPoolExecutor.runWorker(ThreadPoolExecutor.java:1149)
	at java.util.concurrent.ThreadPoolExecutor$Worker.run(ThreadPoolExecutor.java:624)
	at java.lang.Thread.run(Thread.java:748)

]]></system-err>
  </testcase>
</testsuite>