<?xml version="1.0" encoding="UTF-8"?>
<testsuite xmlns:xsi="http://www.w3.org/2001/XMLSchema-instance" xsi:noNamespaceSchemaLocation="https://maven.apache.org/surefire/maven-surefire-plugin/xsd/surefire-test-report.xsd" name="org.apache.hadoop.ozone.client.rpc.TestCommitWatcher" time="43.133" tests="2" errors="0" skipped="0" failures="1">
  <properties>
    <property name="awt.toolkit" value="sun.awt.X11.XToolkit"/>
    <property name="file.encoding.pkg" value="sun.io"/>
    <property name="java.specification.version" value="1.8"/>
    <property name="sun.cpu.isalist" value=""/>
    <property name="sun.jnu.encoding" value="UTF-8"/>
    <property name="java.class.path" value="/workdir/hadoop-ozone/integration-test/target/test-classes:/workdir/hadoop-ozone/integration-test/target/classes:/home/user/.m2/repository/org/apache/hadoop/hadoop-ozone-common/0.5.0-SNAPSHOT/hadoop-ozone-common-0.5.0-SNAPSHOT.jar:/home/user/.m2/repository/org/apache/commons/commons-compress/1.4.1/commons-compress-1.4.1.jar:/home/user/.m2/repository/org/tukaani/xz/1.0/xz-1.0.jar:/home/user/.m2/repository/org/apache/hadoop/hadoop-common/3.2.0/hadoop-common-3.2.0.jar:/home/user/.m2/repository/org/apache/hadoop/hadoop-hdfs/3.2.0/hadoop-hdfs-3.2.0.jar:/home/user/.m2/repository/org/apache/hadoop/hadoop-hdfs-client/3.2.0/hadoop-hdfs-client-3.2.0.jar:/home/user/.m2/repository/com/fasterxml/jackson/core/jackson-annotations/2.9.9/jackson-annotations-2.9.9.jar:/home/user/.m2/repository/org/apache/hadoop/hadoop-hdds-common/0.5.0-SNAPSHOT/hadoop-hdds-common-0.5.0-SNAPSHOT.jar:/home/user/.m2/repository/javax/annotation/javax.annotation-api/1.2/javax.annotation-api-1.2.jar:/home/user/.m2/repository/org/apache/ratis/ratis-server/0.4.0/ratis-server-0.4.0.jar:/home/user/.m2/repository/org/apache/ratis/ratis-thirdparty-misc/0.2.0/ratis-thirdparty-misc-0.2.0.jar:/home/user/.m2/repository/org/apache/ratis/ratis-proto/0.4.0/ratis-proto-0.4.0.jar:/home/user/.m2/repository/org/apache/ratis/ratis-common/0.4.0/ratis-common-0.4.0.jar:/home/user/.m2/repository/org/apache/ratis/ratis-client/0.4.0/ratis-client-0.4.0.jar:/home/user/.m2/repository/org/apache/ratis/ratis-metrics/0.4.0/ratis-metrics-0.4.0.jar:/home/user/.m2/repository/com/github/joshelser/dropwizard-metrics-hadoop-metrics2-reporter/0.1.2/dropwizard-metrics-hadoop-metrics2-reporter-0.1.2.jar:/home/user/.m2/repository/io/dropwizard/metrics/metrics-jvm/3.2.5/metrics-jvm-3.2.5.jar:/home/user/.m2/repository/io/dropwizard/metrics/metrics-ganglia/3.2.5/metrics-ganglia-3.2.5.jar:/home/user/.m2/repository/info/ganglia/gmetric4j/gmetric4j/1.0.7/gmetric4j-1.0.7.jar:/home/user/.m2/repository/org/apache/ratis/ratis-netty/0.4.0/ratis-netty-0.4.0.jar:/home/user/.m2/repository/org/apache/ratis/ratis-grpc/0.4.0/ratis-grpc-0.4.0.jar:/home/user/.m2/repository/org/rocksdb/rocksdbjni/6.0.1/rocksdbjni-6.0.1.jar:/home/user/.m2/repository/org/apache/logging/log4j/log4j-api/2.11.0/log4j-api-2.11.0.jar:/home/user/.m2/repository/org/apache/logging/log4j/log4j-core/2.11.0/log4j-core-2.11.0.jar:/home/user/.m2/repository/com/lmax/disruptor/3.4.2/disruptor-3.4.2.jar:/home/user/.m2/repository/org/apache/commons/commons-pool2/2.6.0/commons-pool2-2.6.0.jar:/home/user/.m2/repository/org/bouncycastle/bcpkix-jdk15on/1.60/bcpkix-jdk15on-1.60.jar:/home/user/.m2/repository/commons-validator/commons-validator/1.6/commons-validator-1.6.jar:/home/user/.m2/repository/commons-digester/commons-digester/1.8.1/commons-digester-1.8.1.jar:/home/user/.m2/repository/io/jaegertracing/jaeger-client/0.34.0/jaeger-client-0.34.0.jar:/home/user/.m2/repository/io/jaegertracing/jaeger-thrift/0.34.0/jaeger-thrift-0.34.0.jar:/home/user/.m2/repository/org/apache/thrift/libthrift/0.12.0/libthrift-0.12.0.jar:/home/user/.m2/repository/com/squareup/okhttp3/okhttp/3.9.0/okhttp-3.9.0.jar:/home/user/.m2/repository/com/squareup/okio/okio/1.13.0/okio-1.13.0.jar:/home/user/.m2/repository/io/jaegertracing/jaeger-core/0.34.0/jaeger-core-0.34.0.jar:/home/user/.m2/repository/io/jaegertracing/jaeger-tracerresolver/0.34.0/jaeger-tracerresolver-0.34.0.jar:/home/user/.m2/repository/io/opentracing/contrib/opentracing-tracerresolver/0.1.5/opentracing-tracerresolver-0.1.5.jar:/home/user/.m2/repository/io/opentracing/opentracing-util/0.31.0/opentracing-util-0.31.0.jar:/home/user/.m2/repository/io/opentracing/opentracing-api/0.31.0/opentracing-api-0.31.0.jar:/home/user/.m2/repository/io/opentracing/opentracing-noop/0.31.0/opentracing-noop-0.31.0.jar:/home/user/.m2/repository/org/apache/hadoop/hadoop-hdds-server-framework/0.5.0-SNAPSHOT/hadoop-hdds-server-framework-0.5.0-SNAPSHOT.jar:/home/user/.m2/repository/org/apache/hadoop/hadoop-hdds-container-service/0.5.0-SNAPSHOT/hadoop-hdds-container-service-0.5.0-SNAPSHOT.jar:/home/user/.m2/repository/org/apache/hadoop/hadoop-hdds-client/0.5.0-SNAPSHOT/hadoop-hdds-client-0.5.0-SNAPSHOT.jar:/home/user/.m2/repository/org/apache/hadoop/hadoop-hdds-tools/0.5.0-SNAPSHOT/hadoop-hdds-tools-0.5.0-SNAPSHOT.jar:/home/user/.m2/repository/org/apache/hadoop/hadoop-hdds-server-scm/0.5.0-SNAPSHOT/hadoop-hdds-server-scm-0.5.0-SNAPSHOT.jar:/home/user/.m2/repository/org/apache/hadoop/hadoop-hdds-docs/0.5.0-SNAPSHOT/hadoop-hdds-docs-0.5.0-SNAPSHOT.jar:/home/user/.m2/repository/io/dropwizard/metrics/metrics-core/3.2.4/metrics-core-3.2.4.jar:/home/user/.m2/repository/org/hamcrest/hamcrest-all/1.3/hamcrest-all-1.3.jar:/home/user/.m2/repository/org/bouncycastle/bcprov-jdk15on/1.60/bcprov-jdk15on-1.60.jar:/home/user/.m2/repository/info/picocli/picocli/3.9.6/picocli-3.9.6.jar:/home/user/.m2/repository/com/google/protobuf/protobuf-java/2.5.0/protobuf-java-2.5.0.jar:/home/user/.m2/repository/com/google/guava/guava/11.0.2/guava-11.0.2.jar:/home/user/.m2/repository/org/apache/hadoop/hadoop-ozone-ozone-manager/0.5.0-SNAPSHOT/hadoop-ozone-ozone-manager-0.5.0-SNAPSHOT.jar:/home/user/.m2/repository/org/apache/hadoop/hadoop-minikdc/3.2.0/hadoop-minikdc-3.2.0.jar:/home/user/.m2/repository/commons-io/commons-io/2.5/commons-io-2.5.jar:/home/user/.m2/repository/org/apache/kerby/kerb-simplekdc/1.0.1/kerb-simplekdc-1.0.1.jar:/home/user/.m2/repository/org/apache/kerby/kerb-client/1.0.1/kerb-client-1.0.1.jar:/home/user/.m2/repository/org/apache/kerby/kerby-config/1.0.1/kerby-config-1.0.1.jar:/home/user/.m2/repository/org/apache/kerby/kerb-core/1.0.1/kerb-core-1.0.1.jar:/home/user/.m2/repository/org/apache/kerby/kerby-pkix/1.0.1/kerby-pkix-1.0.1.jar:/home/user/.m2/repository/org/apache/kerby/kerby-asn1/1.0.1/kerby-asn1-1.0.1.jar:/home/user/.m2/repository/org/apache/kerby/kerby-util/1.0.1/kerby-util-1.0.1.jar:/home/user/.m2/repository/org/apache/kerby/kerb-common/1.0.1/kerb-common-1.0.1.jar:/home/user/.m2/repository/org/apache/kerby/kerb-crypto/1.0.1/kerb-crypto-1.0.1.jar:/home/user/.m2/repository/org/apache/kerby/kerb-util/1.0.1/kerb-util-1.0.1.jar:/home/user/.m2/repository/org/apache/kerby/token-provider/1.0.1/token-provider-1.0.1.jar:/home/user/.m2/repository/org/apache/kerby/kerb-admin/1.0.1/kerb-admin-1.0.1.jar:/home/user/.m2/repository/org/apache/kerby/kerb-server/1.0.1/kerb-server-1.0.1.jar:/home/user/.m2/repository/org/apache/kerby/kerb-identity/1.0.1/kerb-identity-1.0.1.jar:/home/user/.m2/repository/org/apache/kerby/kerby-xdr/1.0.1/kerby-xdr-1.0.1.jar:/home/user/.m2/repository/org/slf4j/slf4j-log4j12/1.7.25/slf4j-log4j12-1.7.25.jar:/home/user/.m2/repository/org/apache/hadoop/hadoop-ozone-s3gateway/0.5.0-SNAPSHOT/hadoop-ozone-s3gateway-0.5.0-SNAPSHOT.jar:/home/user/.m2/repository/org/jboss/weld/servlet/weld-servlet/2.4.7.Final/weld-servlet-2.4.7.Final.jar:/home/user/.m2/repository/org/glassfish/jersey/containers/jersey-container-servlet-core/2.27/jersey-container-servlet-core-2.27.jar:/home/user/.m2/repository/org/glassfish/hk2/external/javax.inject/2.5.0-b42/javax.inject-2.5.0-b42.jar:/home/user/.m2/repository/org/glassfish/jersey/core/jersey-common/2.27/jersey-common-2.27.jar:/home/user/.m2/repository/org/glassfish/hk2/osgi-resource-locator/1.0.1/osgi-resource-locator-1.0.1.jar:/home/user/.m2/repository/javax/ws/rs/javax.ws.rs-api/2.1/javax.ws.rs-api-2.1.jar:/home/user/.m2/repository/org/glassfish/jersey/ext/cdi/jersey-cdi1x/2.27/jersey-cdi1x-2.27.jar:/home/user/.m2/repository/org/glassfish/jersey/inject/jersey-hk2/2.27/jersey-hk2-2.27.jar:/home/user/.m2/repository/org/glassfish/hk2/hk2-locator/2.5.0-b42/hk2-locator-2.5.0-b42.jar:/home/user/.m2/repository/org/javassist/javassist/3.22.0-CR2/javassist-3.22.0-CR2.jar:/home/user/.m2/repository/org/glassfish/hk2/hk2-api/2.5.0/hk2-api-2.5.0.jar:/home/user/.m2/repository/org/glassfish/hk2/external/jakarta.inject/2.5.0/jakarta.inject-2.5.0.jar:/home/user/.m2/repository/org/glassfish/hk2/hk2-utils/2.5.0/hk2-utils-2.5.0.jar:/home/user/.m2/repository/jakarta/annotation/jakarta.annotation-api/1.3.4/jakarta.annotation-api-1.3.4.jar:/home/user/.m2/repository/org/glassfish/hk2/external/aopalliance-repackaged/2.5.0/aopalliance-repackaged-2.5.0.jar:/home/user/.m2/repository/com/fasterxml/jackson/dataformat/jackson-dataformat-xml/2.9.0/jackson-dataformat-xml-2.9.0.jar:/home/user/.m2/repository/com/fasterxml/jackson/core/jackson-core/2.9.9/jackson-core-2.9.9.jar:/home/user/.m2/repository/com/fasterxml/jackson/module/jackson-module-jaxb-annotations/2.9.9/jackson-module-jaxb-annotations-2.9.9.jar:/home/user/.m2/repository/javax/enterprise/cdi-api/1.2/cdi-api-1.2.jar:/home/user/.m2/repository/javax/el/javax.el-api/3.0.0/javax.el-api-3.0.0.jar:/home/user/.m2/repository/javax/interceptor/javax.interceptor-api/1.2/javax.interceptor-api-1.2.jar:/home/user/.m2/repository/javax/inject/javax.inject/1/javax.inject-1.jar:/home/user/.m2/repository/com/sun/xml/bind/jaxb-impl/2.3.0.1/jaxb-impl-2.3.0.1.jar:/home/user/.m2/repository/com/sun/xml/bind/jaxb-core/2.3.0.1/jaxb-core-2.3.0.1.jar:/home/user/.m2/repository/javax/xml/bind/jaxb-api/2.3.0/jaxb-api-2.3.0.jar:/home/user/.m2/repository/javax/activation/activation/1.1.1/activation-1.1.1.jar:/home/user/.m2/repository/org/apache/hadoop/hadoop-ozone-csi/0.5.0-SNAPSHOT/hadoop-ozone-csi-0.5.0-SNAPSHOT.jar:/home/user/.m2/repository/com/google/protobuf/protobuf-java-util/3.5.1/protobuf-java-util-3.5.1.jar:/home/user/.m2/repository/org/apache/hadoop/hadoop-hdds-config/0.5.0-SNAPSHOT/hadoop-hdds-config-0.5.0-SNAPSHOT.jar:/home/user/.m2/repository/io/grpc/grpc-netty/1.17.1/grpc-netty-1.17.1.jar:/home/user/.m2/repository/io/grpc/grpc-core/1.17.1/grpc-core-1.17.1.jar:/home/user/.m2/repository/io/grpc/grpc-context/1.17.1/grpc-context-1.17.1.jar:/home/user/.m2/repository/com/google/errorprone/error_prone_annotations/2.2.0/error_prone_annotations-2.2.0.jar:/home/user/.m2/repository/org/codehaus/mojo/animal-sniffer-annotations/1.17/animal-sniffer-annotations-1.17.jar:/home/user/.m2/repository/io/opencensus/opencensus-api/0.17.0/opencensus-api-0.17.0.jar:/home/user/.m2/repository/io/opencensus/opencensus-contrib-grpc-metrics/0.17.0/opencensus-contrib-grpc-metrics-0.17.0.jar:/home/user/.m2/repository/io/netty/netty-codec-http2/4.1.30.Final/netty-codec-http2-4.1.30.Final.jar:/home/user/.m2/repository/io/netty/netty-codec-http/4.1.30.Final/netty-codec-http-4.1.30.Final.jar:/home/user/.m2/repository/io/netty/netty-codec/4.1.30.Final/netty-codec-4.1.30.Final.jar:/home/user/.m2/repository/io/netty/netty-handler/4.1.30.Final/netty-handler-4.1.30.Final.jar:/home/user/.m2/repository/io/netty/netty-handler-proxy/4.1.30.Final/netty-handler-proxy-4.1.30.Final.jar:/home/user/.m2/repository/io/netty/netty-codec-socks/4.1.30.Final/netty-codec-socks-4.1.30.Final.jar:/home/user/.m2/repository/io/netty/netty-transport-native-epoll/4.1.30.Final/netty-transport-native-epoll-4.1.30.Final.jar:/home/user/.m2/repository/io/netty/netty-common/4.1.30.Final/netty-common-4.1.30.Final.jar:/home/user/.m2/repository/io/netty/netty-buffer/4.1.30.Final/netty-buffer-4.1.30.Final.jar:/home/user/.m2/repository/io/netty/netty-transport/4.1.30.Final/netty-transport-4.1.30.Final.jar:/home/user/.m2/repository/io/netty/netty-resolver/4.1.30.Final/netty-resolver-4.1.30.Final.jar:/home/user/.m2/repository/io/netty/netty-transport-native-unix-common/4.1.30.Final/netty-transport-native-unix-common-4.1.30.Final.jar:/home/user/.m2/repository/io/grpc/grpc-protobuf/1.17.1/grpc-protobuf-1.17.1.jar:/home/user/.m2/repository/com/google/api/grpc/proto-google-common-protos/1.0.0/proto-google-common-protos-1.0.0.jar:/home/user/.m2/repository/io/grpc/grpc-protobuf-lite/1.17.1/grpc-protobuf-lite-1.17.1.jar:/home/user/.m2/repository/io/grpc/grpc-stub/1.17.1/grpc-stub-1.17.1.jar:/home/user/.m2/repository/org/apache/hadoop/hadoop-ozone-recon/0.5.0-SNAPSHOT/hadoop-ozone-recon-0.5.0-SNAPSHOT.jar:/home/user/.m2/repository/org/apache/hadoop/hadoop-ozone-reconcodegen/0.5.0-SNAPSHOT/hadoop-ozone-reconcodegen-0.5.0-SNAPSHOT.jar:/home/user/.m2/repository/com/google/inject/extensions/guice-multibindings/4.0/guice-multibindings-4.0.jar:/home/user/.m2/repository/com/google/inject/guice/4.0/guice-4.0.jar:/home/user/.m2/repository/aopalliance/aopalliance/1.0/aopalliance-1.0.jar:/home/user/.m2/repository/com/google/inject/extensions/guice-servlet/4.0/guice-servlet-4.0.jar:/home/user/.m2/repository/org/glassfish/jersey/containers/jersey-container-servlet/2.27/jersey-container-servlet-2.27.jar:/home/user/.m2/repository/org/glassfish/hk2/guice-bridge/2.5.0/guice-bridge-2.5.0.jar:/home/user/.m2/repository/org/glassfish/jersey/core/jersey-server/2.27/jersey-server-2.27.jar:/home/user/.m2/repository/org/glassfish/jersey/core/jersey-client/2.27/jersey-client-2.27.jar:/home/user/.m2/repository/org/glassfish/jersey/media/jersey-media-jaxb/2.27/jersey-media-jaxb-2.27.jar:/home/user/.m2/repository/javax/validation/validation-api/1.1.0.Final/validation-api-1.1.0.Final.jar:/home/user/.m2/repository/org/glassfish/jersey/media/jersey-media-json-jackson/2.27/jersey-media-json-jackson-2.27.jar:/home/user/.m2/repository/org/glassfish/jersey/ext/jersey-entity-filtering/2.27/jersey-entity-filtering-2.27.jar:/home/user/.m2/repository/com/google/inject/extensions/guice-assistedinject/4.0/guice-assistedinject-4.0.jar:/home/user/.m2/repository/org/jooq/jooq/3.11.10/jooq-3.11.10.jar:/home/user/.m2/repository/org/jooq/jooq-meta/3.11.10/jooq-meta-3.11.10.jar:/home/user/.m2/repository/org/jooq/jooq-codegen/3.11.10/jooq-codegen-3.11.10.jar:/home/user/.m2/repository/com/jolbox/bonecp/0.8.0.RELEASE/bonecp-0.8.0.RELEASE.jar:/home/user/.m2/repository/org/xerial/sqlite-jdbc/3.25.2/sqlite-jdbc-3.25.2.jar:/home/user/.m2/repository/org/springframework/spring-jdbc/5.1.3.RELEASE/spring-jdbc-5.1.3.RELEASE.jar:/home/user/.m2/repository/org/springframework/spring-beans/5.1.3.RELEASE/spring-beans-5.1.3.RELEASE.jar:/home/user/.m2/repository/org/springframework/spring-core/5.1.3.RELEASE/spring-core-5.1.3.RELEASE.jar:/home/user/.m2/repository/org/springframework/spring-jcl/5.1.3.RELEASE/spring-jcl-5.1.3.RELEASE.jar:/home/user/.m2/repository/org/springframework/spring-tx/5.1.3.RELEASE/spring-tx-5.1.3.RELEASE.jar:/home/user/.m2/repository/org/apache/hadoop/hadoop-ozone-client/0.5.0-SNAPSHOT/hadoop-ozone-client-0.5.0-SNAPSHOT.jar:/home/user/.m2/repository/commons-lang/commons-lang/2.6/commons-lang-2.6.jar:/home/user/.m2/repository/org/apache/hadoop/hadoop-ozone-ozone-manager/0.5.0-SNAPSHOT/hadoop-ozone-ozone-manager-0.5.0-SNAPSHOT-tests.jar:/home/user/.m2/repository/junit/junit/4.11/junit-4.11.jar:/home/user/.m2/repository/org/hamcrest/hamcrest-core/1.3/hamcrest-core-1.3.jar:/home/user/.m2/repository/org/openjdk/jmh/jmh-core/1.19/jmh-core-1.19.jar:/home/user/.m2/repository/net/sf/jopt-simple/jopt-simple/4.6/jopt-simple-4.6.jar:/home/user/.m2/repository/org/apache/commons/commons-math3/3.1.1/commons-math3-3.1.1.jar:/home/user/.m2/repository/org/openjdk/jmh/jmh-generator-annprocess/1.19/jmh-generator-annprocess-1.19.jar:/home/user/.m2/repository/org/mockito/mockito-all/1.8.5/mockito-all-1.8.5.jar:/home/user/.m2/repository/org/apache/hadoop/hadoop-kms/3.2.0/hadoop-kms-3.2.0.jar:/home/user/.m2/repository/org/apache/hadoop/hadoop-auth/3.2.0/hadoop-auth-3.2.0.jar:/home/user/.m2/repository/com/nimbusds/nimbus-jose-jwt/4.41.1/nimbus-jose-jwt-4.41.1.jar:/home/user/.m2/repository/com/github/stephenc/jcip/jcip-annotations/1.0-1/jcip-annotations-1.0-1.jar:/home/user/.m2/repository/net/minidev/json-smart/2.3/json-smart-2.3.jar:/home/user/.m2/repository/net/minidev/accessors-smart/1.2/accessors-smart-1.2.jar:/home/user/.m2/repository/org/ow2/asm/asm/5.0.4/asm-5.0.4.jar:/home/user/.m2/repository/org/apache/curator/curator-framework/2.12.0/curator-framework-2.12.0.jar:/home/user/.m2/repository/com/sun/jersey/jersey-core/1.19/jersey-core-1.19.jar:/home/user/.m2/repository/javax/ws/rs/jsr311-api/1.1.1/jsr311-api-1.1.1.jar:/home/user/.m2/repository/com/sun/jersey/jersey-server/1.19/jersey-server-1.19.jar:/home/user/.m2/repository/javax/servlet/javax.servlet-api/3.1.0/javax.servlet-api-3.1.0.jar:/home/user/.m2/repository/org/eclipse/jetty/jetty-server/9.3.25.v20180904/jetty-server-9.3.25.v20180904.jar:/home/user/.m2/repository/org/eclipse/jetty/jetty-http/9.3.25.v20180904/jetty-http-9.3.25.v20180904.jar:/home/user/.m2/repository/org/eclipse/jetty/jetty-io/9.3.25.v20180904/jetty-io-9.3.25.v20180904.jar:/home/user/.m2/repository/org/eclipse/jetty/jetty-webapp/9.3.25.v20180904/jetty-webapp-9.3.25.v20180904.jar:/home/user/.m2/repository/org/eclipse/jetty/jetty-xml/9.3.25.v20180904/jetty-xml-9.3.25.v20180904.jar:/home/user/.m2/repository/log4j/log4j/1.2.17/log4j-1.2.17.jar:/home/user/.m2/repository/org/slf4j/slf4j-api/1.7.25/slf4j-api-1.7.25.jar:/home/user/.m2/repository/org/slf4j/jul-to-slf4j/1.7.25/jul-to-slf4j-1.7.25.jar:/home/user/.m2/repository/org/eclipse/jetty/jetty-util/9.3.25.v20180904/jetty-util-9.3.25.v20180904.jar:/home/user/.m2/repository/com/fasterxml/jackson/core/jackson-databind/2.9.9/jackson-databind-2.9.9.jar:/home/user/.m2/repository/org/apache/hadoop/hadoop-kms/3.2.0/hadoop-kms-3.2.0-tests.jar:/home/user/.m2/repository/org/apache/hadoop/hadoop-hdds-server-scm/0.5.0-SNAPSHOT/hadoop-hdds-server-scm-0.5.0-SNAPSHOT-tests.jar:/home/user/.m2/repository/org/apache/hadoop/hadoop-hdds-container-service/0.5.0-SNAPSHOT/hadoop-hdds-container-service-0.5.0-SNAPSHOT-tests.jar:/home/user/.m2/repository/org/yaml/snakeyaml/1.16/snakeyaml-1.16.jar:/home/user/.m2/repository/org/apache/hadoop/hadoop-common/3.2.0/hadoop-common-3.2.0-tests.jar:/home/user/.m2/repository/org/apache/hadoop/hadoop-annotations/3.2.0/hadoop-annotations-3.2.0.jar:/usr/lib/jvm/java-1.8-openjdk/jre/../lib/tools.jar:/home/user/.m2/repository/commons-cli/commons-cli/1.2/commons-cli-1.2.jar:/home/user/.m2/repository/org/apache/httpcomponents/httpclient/4.5.2/httpclient-4.5.2.jar:/home/user/.m2/repository/org/apache/httpcomponents/httpcore/4.4.4/httpcore-4.4.4.jar:/home/user/.m2/repository/commons-codec/commons-codec/1.11/commons-codec-1.11.jar:/home/user/.m2/repository/commons-net/commons-net/3.6/commons-net-3.6.jar:/home/user/.m2/repository/commons-collections/commons-collections/3.2.2/commons-collections-3.2.2.jar:/home/user/.m2/repository/org/eclipse/jetty/jetty-servlet/9.3.25.v20180904/jetty-servlet-9.3.25.v20180904.jar:/home/user/.m2/repository/org/eclipse/jetty/jetty-security/9.3.25.v20180904/jetty-security-9.3.25.v20180904.jar:/home/user/.m2/repository/javax/servlet/jsp/jsp-api/2.1/jsp-api-2.1.jar:/home/user/.m2/repository/com/sun/jersey/jersey-servlet/1.19/jersey-servlet-1.19.jar:/home/user/.m2/repository/com/sun/jersey/jersey-json/1.19/jersey-json-1.19.jar:/home/user/.m2/repository/org/codehaus/jettison/jettison/1.1/jettison-1.1.jar:/home/user/.m2/repository/org/codehaus/jackson/jackson-core-asl/1.9.13/jackson-core-asl-1.9.13.jar:/home/user/.m2/repository/org/codehaus/jackson/jackson-mapper-asl/1.9.13/jackson-mapper-asl-1.9.13.jar:/home/user/.m2/repository/org/codehaus/jackson/jackson-jaxrs/1.9.13/jackson-jaxrs-1.9.13.jar:/home/user/.m2/repository/org/codehaus/jackson/jackson-xc/1.9.13/jackson-xc-1.9.13.jar:/home/user/.m2/repository/commons-logging/commons-logging/1.1.3/commons-logging-1.1.3.jar:/home/user/.m2/repository/commons-beanutils/commons-beanutils/1.9.4/commons-beanutils-1.9.4.jar:/home/user/.m2/repository/org/apache/commons/commons-configuration2/2.1.1/commons-configuration2-2.1.1.jar:/home/user/.m2/repository/org/apache/commons/commons-lang3/3.7/commons-lang3-3.7.jar:/home/user/.m2/repository/org/apache/commons/commons-text/1.4/commons-text-1.4.jar:/home/user/.m2/repository/org/apache/avro/avro/1.7.7/avro-1.7.7.jar:/home/user/.m2/repository/com/thoughtworks/paranamer/paranamer/2.3/paranamer-2.3.jar:/home/user/.m2/repository/org/xerial/snappy/snappy-java/1.0.5/snappy-java-1.0.5.jar:/home/user/.m2/repository/com/google/re2j/re2j/1.1/re2j-1.1.jar:/home/user/.m2/repository/com/google/code/gson/gson/2.2.4/gson-2.2.4.jar:/home/user/.m2/repository/com/jcraft/jsch/0.1.54/jsch-0.1.54.jar:/home/user/.m2/repository/org/apache/curator/curator-client/2.12.0/curator-client-2.12.0.jar:/home/user/.m2/repository/org/apache/curator/curator-recipes/2.12.0/curator-recipes-2.12.0.jar:/home/user/.m2/repository/com/google/code/findbugs/jsr305/3.0.0/jsr305-3.0.0.jar:/home/user/.m2/repository/org/apache/htrace/htrace-core4/4.1.0-incubating/htrace-core4-4.1.0-incubating.jar:/home/user/.m2/repository/org/apache/zookeeper/zookeeper/3.4.13/zookeeper-3.4.13.jar:/home/user/.m2/repository/jline/jline/0.9.94/jline-0.9.94.jar:/home/user/.m2/repository/org/apache/yetus/audience-annotations/0.5.0/audience-annotations-0.5.0.jar:/home/user/.m2/repository/org/codehaus/woodstox/stax2-api/3.1.4/stax2-api-3.1.4.jar:/home/user/.m2/repository/com/fasterxml/woodstox/woodstox-core/5.0.3/woodstox-core-5.0.3.jar:/home/user/.m2/repository/dnsjava/dnsjava/2.1.7/dnsjava-2.1.7.jar:/home/user/.m2/repository/org/apache/hadoop/hadoop-hdfs/3.2.0/hadoop-hdfs-3.2.0-tests.jar:/home/user/.m2/repository/org/eclipse/jetty/jetty-util-ajax/9.3.25.v20180904/jetty-util-ajax-9.3.25.v20180904.jar:/home/user/.m2/repository/commons-daemon/commons-daemon/1.0.13/commons-daemon-1.0.13.jar:/home/user/.m2/repository/io/netty/netty/3.10.5.Final/netty-3.10.5.Final.jar:/home/user/.m2/repository/io/netty/netty-all/4.0.52.Final/netty-all-4.0.52.Final.jar:/home/user/.m2/repository/org/fusesource/leveldbjni/leveldbjni-all/1.8/leveldbjni-all-1.8.jar:"/>
    <property name="java.vm.vendor" value="IcedTea"/>
    <property name="sun.arch.data.model" value="64"/>
    <property name="test.build.dir" value="/workdir/hadoop-ozone/integration-test/target/test-dir"/>
    <property name="test.cache.data" value=""/>
    <property name="java.vendor.url" value="https://icedtea.classpath.org"/>
    <property name="user.timezone" value=""/>
    <property name="java.vm.specification.version" value="1.8"/>
    <property name="os.name" value="Linux"/>
    <property name="test.build.data" value="/workdir/hadoop-ozone/integration-test/target/test-dir"/>
    <property name="user.country" value="US"/>
    <property name="sun.java.launcher" value="SUN_STANDARD"/>
    <property name="sun.boot.library.path" value="/usr/lib/jvm/java-1.8-openjdk/jre/lib/amd64"/>
    <property name="sun.java.command" value="/workdir/hadoop-ozone/integration-test/target/surefire/surefirebooter7696618854405797696.jar /workdir/hadoop-ozone/integration-test/target/surefire 2019-10-09T12-42-22_618-jvmRun1 surefire1529977994416490950tmp surefire_272151433133458701419tmp"/>
    <property name="test" value="!TestMiniChaosOzoneCluster"/>
    <property name="surefire.test.class.path" value="/workdir/hadoop-ozone/integration-test/target/test-classes:/workdir/hadoop-ozone/integration-test/target/classes:/home/user/.m2/repository/org/apache/hadoop/hadoop-ozone-common/0.5.0-SNAPSHOT/hadoop-ozone-common-0.5.0-SNAPSHOT.jar:/home/user/.m2/repository/org/apache/commons/commons-compress/1.4.1/commons-compress-1.4.1.jar:/home/user/.m2/repository/org/tukaani/xz/1.0/xz-1.0.jar:/home/user/.m2/repository/org/apache/hadoop/hadoop-common/3.2.0/hadoop-common-3.2.0.jar:/home/user/.m2/repository/org/apache/hadoop/hadoop-hdfs/3.2.0/hadoop-hdfs-3.2.0.jar:/home/user/.m2/repository/org/apache/hadoop/hadoop-hdfs-client/3.2.0/hadoop-hdfs-client-3.2.0.jar:/home/user/.m2/repository/com/fasterxml/jackson/core/jackson-annotations/2.9.9/jackson-annotations-2.9.9.jar:/home/user/.m2/repository/org/apache/hadoop/hadoop-hdds-common/0.5.0-SNAPSHOT/hadoop-hdds-common-0.5.0-SNAPSHOT.jar:/home/user/.m2/repository/javax/annotation/javax.annotation-api/1.2/javax.annotation-api-1.2.jar:/home/user/.m2/repository/org/apache/ratis/ratis-server/0.4.0/ratis-server-0.4.0.jar:/home/user/.m2/repository/org/apache/ratis/ratis-thirdparty-misc/0.2.0/ratis-thirdparty-misc-0.2.0.jar:/home/user/.m2/repository/org/apache/ratis/ratis-proto/0.4.0/ratis-proto-0.4.0.jar:/home/user/.m2/repository/org/apache/ratis/ratis-common/0.4.0/ratis-common-0.4.0.jar:/home/user/.m2/repository/org/apache/ratis/ratis-client/0.4.0/ratis-client-0.4.0.jar:/home/user/.m2/repository/org/apache/ratis/ratis-metrics/0.4.0/ratis-metrics-0.4.0.jar:/home/user/.m2/repository/com/github/joshelser/dropwizard-metrics-hadoop-metrics2-reporter/0.1.2/dropwizard-metrics-hadoop-metrics2-reporter-0.1.2.jar:/home/user/.m2/repository/io/dropwizard/metrics/metrics-jvm/3.2.5/metrics-jvm-3.2.5.jar:/home/user/.m2/repository/io/dropwizard/metrics/metrics-ganglia/3.2.5/metrics-ganglia-3.2.5.jar:/home/user/.m2/repository/info/ganglia/gmetric4j/gmetric4j/1.0.7/gmetric4j-1.0.7.jar:/home/user/.m2/repository/org/apache/ratis/ratis-netty/0.4.0/ratis-netty-0.4.0.jar:/home/user/.m2/repository/org/apache/ratis/ratis-grpc/0.4.0/ratis-grpc-0.4.0.jar:/home/user/.m2/repository/org/rocksdb/rocksdbjni/6.0.1/rocksdbjni-6.0.1.jar:/home/user/.m2/repository/org/apache/logging/log4j/log4j-api/2.11.0/log4j-api-2.11.0.jar:/home/user/.m2/repository/org/apache/logging/log4j/log4j-core/2.11.0/log4j-core-2.11.0.jar:/home/user/.m2/repository/com/lmax/disruptor/3.4.2/disruptor-3.4.2.jar:/home/user/.m2/repository/org/apache/commons/commons-pool2/2.6.0/commons-pool2-2.6.0.jar:/home/user/.m2/repository/org/bouncycastle/bcpkix-jdk15on/1.60/bcpkix-jdk15on-1.60.jar:/home/user/.m2/repository/commons-validator/commons-validator/1.6/commons-validator-1.6.jar:/home/user/.m2/repository/commons-digester/commons-digester/1.8.1/commons-digester-1.8.1.jar:/home/user/.m2/repository/io/jaegertracing/jaeger-client/0.34.0/jaeger-client-0.34.0.jar:/home/user/.m2/repository/io/jaegertracing/jaeger-thrift/0.34.0/jaeger-thrift-0.34.0.jar:/home/user/.m2/repository/org/apache/thrift/libthrift/0.12.0/libthrift-0.12.0.jar:/home/user/.m2/repository/com/squareup/okhttp3/okhttp/3.9.0/okhttp-3.9.0.jar:/home/user/.m2/repository/com/squareup/okio/okio/1.13.0/okio-1.13.0.jar:/home/user/.m2/repository/io/jaegertracing/jaeger-core/0.34.0/jaeger-core-0.34.0.jar:/home/user/.m2/repository/io/jaegertracing/jaeger-tracerresolver/0.34.0/jaeger-tracerresolver-0.34.0.jar:/home/user/.m2/repository/io/opentracing/contrib/opentracing-tracerresolver/0.1.5/opentracing-tracerresolver-0.1.5.jar:/home/user/.m2/repository/io/opentracing/opentracing-util/0.31.0/opentracing-util-0.31.0.jar:/home/user/.m2/repository/io/opentracing/opentracing-api/0.31.0/opentracing-api-0.31.0.jar:/home/user/.m2/repository/io/opentracing/opentracing-noop/0.31.0/opentracing-noop-0.31.0.jar:/home/user/.m2/repository/org/apache/hadoop/hadoop-hdds-server-framework/0.5.0-SNAPSHOT/hadoop-hdds-server-framework-0.5.0-SNAPSHOT.jar:/home/user/.m2/repository/org/apache/hadoop/hadoop-hdds-container-service/0.5.0-SNAPSHOT/hadoop-hdds-container-service-0.5.0-SNAPSHOT.jar:/home/user/.m2/repository/org/apache/hadoop/hadoop-hdds-client/0.5.0-SNAPSHOT/hadoop-hdds-client-0.5.0-SNAPSHOT.jar:/home/user/.m2/repository/org/apache/hadoop/hadoop-hdds-tools/0.5.0-SNAPSHOT/hadoop-hdds-tools-0.5.0-SNAPSHOT.jar:/home/user/.m2/repository/org/apache/hadoop/hadoop-hdds-server-scm/0.5.0-SNAPSHOT/hadoop-hdds-server-scm-0.5.0-SNAPSHOT.jar:/home/user/.m2/repository/org/apache/hadoop/hadoop-hdds-docs/0.5.0-SNAPSHOT/hadoop-hdds-docs-0.5.0-SNAPSHOT.jar:/home/user/.m2/repository/io/dropwizard/metrics/metrics-core/3.2.4/metrics-core-3.2.4.jar:/home/user/.m2/repository/org/hamcrest/hamcrest-all/1.3/hamcrest-all-1.3.jar:/home/user/.m2/repository/org/bouncycastle/bcprov-jdk15on/1.60/bcprov-jdk15on-1.60.jar:/home/user/.m2/repository/info/picocli/picocli/3.9.6/picocli-3.9.6.jar:/home/user/.m2/repository/com/google/protobuf/protobuf-java/2.5.0/protobuf-java-2.5.0.jar:/home/user/.m2/repository/com/google/guava/guava/11.0.2/guava-11.0.2.jar:/home/user/.m2/repository/org/apache/hadoop/hadoop-ozone-ozone-manager/0.5.0-SNAPSHOT/hadoop-ozone-ozone-manager-0.5.0-SNAPSHOT.jar:/home/user/.m2/repository/org/apache/hadoop/hadoop-minikdc/3.2.0/hadoop-minikdc-3.2.0.jar:/home/user/.m2/repository/commons-io/commons-io/2.5/commons-io-2.5.jar:/home/user/.m2/repository/org/apache/kerby/kerb-simplekdc/1.0.1/kerb-simplekdc-1.0.1.jar:/home/user/.m2/repository/org/apache/kerby/kerb-client/1.0.1/kerb-client-1.0.1.jar:/home/user/.m2/repository/org/apache/kerby/kerby-config/1.0.1/kerby-config-1.0.1.jar:/home/user/.m2/repository/org/apache/kerby/kerb-core/1.0.1/kerb-core-1.0.1.jar:/home/user/.m2/repository/org/apache/kerby/kerby-pkix/1.0.1/kerby-pkix-1.0.1.jar:/home/user/.m2/repository/org/apache/kerby/kerby-asn1/1.0.1/kerby-asn1-1.0.1.jar:/home/user/.m2/repository/org/apache/kerby/kerby-util/1.0.1/kerby-util-1.0.1.jar:/home/user/.m2/repository/org/apache/kerby/kerb-common/1.0.1/kerb-common-1.0.1.jar:/home/user/.m2/repository/org/apache/kerby/kerb-crypto/1.0.1/kerb-crypto-1.0.1.jar:/home/user/.m2/repository/org/apache/kerby/kerb-util/1.0.1/kerb-util-1.0.1.jar:/home/user/.m2/repository/org/apache/kerby/token-provider/1.0.1/token-provider-1.0.1.jar:/home/user/.m2/repository/org/apache/kerby/kerb-admin/1.0.1/kerb-admin-1.0.1.jar:/home/user/.m2/repository/org/apache/kerby/kerb-server/1.0.1/kerb-server-1.0.1.jar:/home/user/.m2/repository/org/apache/kerby/kerb-identity/1.0.1/kerb-identity-1.0.1.jar:/home/user/.m2/repository/org/apache/kerby/kerby-xdr/1.0.1/kerby-xdr-1.0.1.jar:/home/user/.m2/repository/org/slf4j/slf4j-log4j12/1.7.25/slf4j-log4j12-1.7.25.jar:/home/user/.m2/repository/org/apache/hadoop/hadoop-ozone-s3gateway/0.5.0-SNAPSHOT/hadoop-ozone-s3gateway-0.5.0-SNAPSHOT.jar:/home/user/.m2/repository/org/jboss/weld/servlet/weld-servlet/2.4.7.Final/weld-servlet-2.4.7.Final.jar:/home/user/.m2/repository/org/glassfish/jersey/containers/jersey-container-servlet-core/2.27/jersey-container-servlet-core-2.27.jar:/home/user/.m2/repository/org/glassfish/hk2/external/javax.inject/2.5.0-b42/javax.inject-2.5.0-b42.jar:/home/user/.m2/repository/org/glassfish/jersey/core/jersey-common/2.27/jersey-common-2.27.jar:/home/user/.m2/repository/org/glassfish/hk2/osgi-resource-locator/1.0.1/osgi-resource-locator-1.0.1.jar:/home/user/.m2/repository/javax/ws/rs/javax.ws.rs-api/2.1/javax.ws.rs-api-2.1.jar:/home/user/.m2/repository/org/glassfish/jersey/ext/cdi/jersey-cdi1x/2.27/jersey-cdi1x-2.27.jar:/home/user/.m2/repository/org/glassfish/jersey/inject/jersey-hk2/2.27/jersey-hk2-2.27.jar:/home/user/.m2/repository/org/glassfish/hk2/hk2-locator/2.5.0-b42/hk2-locator-2.5.0-b42.jar:/home/user/.m2/repository/org/javassist/javassist/3.22.0-CR2/javassist-3.22.0-CR2.jar:/home/user/.m2/repository/org/glassfish/hk2/hk2-api/2.5.0/hk2-api-2.5.0.jar:/home/user/.m2/repository/org/glassfish/hk2/external/jakarta.inject/2.5.0/jakarta.inject-2.5.0.jar:/home/user/.m2/repository/org/glassfish/hk2/hk2-utils/2.5.0/hk2-utils-2.5.0.jar:/home/user/.m2/repository/jakarta/annotation/jakarta.annotation-api/1.3.4/jakarta.annotation-api-1.3.4.jar:/home/user/.m2/repository/org/glassfish/hk2/external/aopalliance-repackaged/2.5.0/aopalliance-repackaged-2.5.0.jar:/home/user/.m2/repository/com/fasterxml/jackson/dataformat/jackson-dataformat-xml/2.9.0/jackson-dataformat-xml-2.9.0.jar:/home/user/.m2/repository/com/fasterxml/jackson/core/jackson-core/2.9.9/jackson-core-2.9.9.jar:/home/user/.m2/repository/com/fasterxml/jackson/module/jackson-module-jaxb-annotations/2.9.9/jackson-module-jaxb-annotations-2.9.9.jar:/home/user/.m2/repository/javax/enterprise/cdi-api/1.2/cdi-api-1.2.jar:/home/user/.m2/repository/javax/el/javax.el-api/3.0.0/javax.el-api-3.0.0.jar:/home/user/.m2/repository/javax/interceptor/javax.interceptor-api/1.2/javax.interceptor-api-1.2.jar:/home/user/.m2/repository/javax/inject/javax.inject/1/javax.inject-1.jar:/home/user/.m2/repository/com/sun/xml/bind/jaxb-impl/2.3.0.1/jaxb-impl-2.3.0.1.jar:/home/user/.m2/repository/com/sun/xml/bind/jaxb-core/2.3.0.1/jaxb-core-2.3.0.1.jar:/home/user/.m2/repository/javax/xml/bind/jaxb-api/2.3.0/jaxb-api-2.3.0.jar:/home/user/.m2/repository/javax/activation/activation/1.1.1/activation-1.1.1.jar:/home/user/.m2/repository/org/apache/hadoop/hadoop-ozone-csi/0.5.0-SNAPSHOT/hadoop-ozone-csi-0.5.0-SNAPSHOT.jar:/home/user/.m2/repository/com/google/protobuf/protobuf-java-util/3.5.1/protobuf-java-util-3.5.1.jar:/home/user/.m2/repository/org/apache/hadoop/hadoop-hdds-config/0.5.0-SNAPSHOT/hadoop-hdds-config-0.5.0-SNAPSHOT.jar:/home/user/.m2/repository/io/grpc/grpc-netty/1.17.1/grpc-netty-1.17.1.jar:/home/user/.m2/repository/io/grpc/grpc-core/1.17.1/grpc-core-1.17.1.jar:/home/user/.m2/repository/io/grpc/grpc-context/1.17.1/grpc-context-1.17.1.jar:/home/user/.m2/repository/com/google/errorprone/error_prone_annotations/2.2.0/error_prone_annotations-2.2.0.jar:/home/user/.m2/repository/org/codehaus/mojo/animal-sniffer-annotations/1.17/animal-sniffer-annotations-1.17.jar:/home/user/.m2/repository/io/opencensus/opencensus-api/0.17.0/opencensus-api-0.17.0.jar:/home/user/.m2/repository/io/opencensus/opencensus-contrib-grpc-metrics/0.17.0/opencensus-contrib-grpc-metrics-0.17.0.jar:/home/user/.m2/repository/io/netty/netty-codec-http2/4.1.30.Final/netty-codec-http2-4.1.30.Final.jar:/home/user/.m2/repository/io/netty/netty-codec-http/4.1.30.Final/netty-codec-http-4.1.30.Final.jar:/home/user/.m2/repository/io/netty/netty-codec/4.1.30.Final/netty-codec-4.1.30.Final.jar:/home/user/.m2/repository/io/netty/netty-handler/4.1.30.Final/netty-handler-4.1.30.Final.jar:/home/user/.m2/repository/io/netty/netty-handler-proxy/4.1.30.Final/netty-handler-proxy-4.1.30.Final.jar:/home/user/.m2/repository/io/netty/netty-codec-socks/4.1.30.Final/netty-codec-socks-4.1.30.Final.jar:/home/user/.m2/repository/io/netty/netty-transport-native-epoll/4.1.30.Final/netty-transport-native-epoll-4.1.30.Final.jar:/home/user/.m2/repository/io/netty/netty-common/4.1.30.Final/netty-common-4.1.30.Final.jar:/home/user/.m2/repository/io/netty/netty-buffer/4.1.30.Final/netty-buffer-4.1.30.Final.jar:/home/user/.m2/repository/io/netty/netty-transport/4.1.30.Final/netty-transport-4.1.30.Final.jar:/home/user/.m2/repository/io/netty/netty-resolver/4.1.30.Final/netty-resolver-4.1.30.Final.jar:/home/user/.m2/repository/io/netty/netty-transport-native-unix-common/4.1.30.Final/netty-transport-native-unix-common-4.1.30.Final.jar:/home/user/.m2/repository/io/grpc/grpc-protobuf/1.17.1/grpc-protobuf-1.17.1.jar:/home/user/.m2/repository/com/google/api/grpc/proto-google-common-protos/1.0.0/proto-google-common-protos-1.0.0.jar:/home/user/.m2/repository/io/grpc/grpc-protobuf-lite/1.17.1/grpc-protobuf-lite-1.17.1.jar:/home/user/.m2/repository/io/grpc/grpc-stub/1.17.1/grpc-stub-1.17.1.jar:/home/user/.m2/repository/org/apache/hadoop/hadoop-ozone-recon/0.5.0-SNAPSHOT/hadoop-ozone-recon-0.5.0-SNAPSHOT.jar:/home/user/.m2/repository/org/apache/hadoop/hadoop-ozone-reconcodegen/0.5.0-SNAPSHOT/hadoop-ozone-reconcodegen-0.5.0-SNAPSHOT.jar:/home/user/.m2/repository/com/google/inject/extensions/guice-multibindings/4.0/guice-multibindings-4.0.jar:/home/user/.m2/repository/com/google/inject/guice/4.0/guice-4.0.jar:/home/user/.m2/repository/aopalliance/aopalliance/1.0/aopalliance-1.0.jar:/home/user/.m2/repository/com/google/inject/extensions/guice-servlet/4.0/guice-servlet-4.0.jar:/home/user/.m2/repository/org/glassfish/jersey/containers/jersey-container-servlet/2.27/jersey-container-servlet-2.27.jar:/home/user/.m2/repository/org/glassfish/hk2/guice-bridge/2.5.0/guice-bridge-2.5.0.jar:/home/user/.m2/repository/org/glassfish/jersey/core/jersey-server/2.27/jersey-server-2.27.jar:/home/user/.m2/repository/org/glassfish/jersey/core/jersey-client/2.27/jersey-client-2.27.jar:/home/user/.m2/repository/org/glassfish/jersey/media/jersey-media-jaxb/2.27/jersey-media-jaxb-2.27.jar:/home/user/.m2/repository/javax/validation/validation-api/1.1.0.Final/validation-api-1.1.0.Final.jar:/home/user/.m2/repository/org/glassfish/jersey/media/jersey-media-json-jackson/2.27/jersey-media-json-jackson-2.27.jar:/home/user/.m2/repository/org/glassfish/jersey/ext/jersey-entity-filtering/2.27/jersey-entity-filtering-2.27.jar:/home/user/.m2/repository/com/google/inject/extensions/guice-assistedinject/4.0/guice-assistedinject-4.0.jar:/home/user/.m2/repository/org/jooq/jooq/3.11.10/jooq-3.11.10.jar:/home/user/.m2/repository/org/jooq/jooq-meta/3.11.10/jooq-meta-3.11.10.jar:/home/user/.m2/repository/org/jooq/jooq-codegen/3.11.10/jooq-codegen-3.11.10.jar:/home/user/.m2/repository/com/jolbox/bonecp/0.8.0.RELEASE/bonecp-0.8.0.RELEASE.jar:/home/user/.m2/repository/org/xerial/sqlite-jdbc/3.25.2/sqlite-jdbc-3.25.2.jar:/home/user/.m2/repository/org/springframework/spring-jdbc/5.1.3.RELEASE/spring-jdbc-5.1.3.RELEASE.jar:/home/user/.m2/repository/org/springframework/spring-beans/5.1.3.RELEASE/spring-beans-5.1.3.RELEASE.jar:/home/user/.m2/repository/org/springframework/spring-core/5.1.3.RELEASE/spring-core-5.1.3.RELEASE.jar:/home/user/.m2/repository/org/springframework/spring-jcl/5.1.3.RELEASE/spring-jcl-5.1.3.RELEASE.jar:/home/user/.m2/repository/org/springframework/spring-tx/5.1.3.RELEASE/spring-tx-5.1.3.RELEASE.jar:/home/user/.m2/repository/org/apache/hadoop/hadoop-ozone-client/0.5.0-SNAPSHOT/hadoop-ozone-client-0.5.0-SNAPSHOT.jar:/home/user/.m2/repository/commons-lang/commons-lang/2.6/commons-lang-2.6.jar:/home/user/.m2/repository/org/apache/hadoop/hadoop-ozone-ozone-manager/0.5.0-SNAPSHOT/hadoop-ozone-ozone-manager-0.5.0-SNAPSHOT-tests.jar:/home/user/.m2/repository/junit/junit/4.11/junit-4.11.jar:/home/user/.m2/repository/org/hamcrest/hamcrest-core/1.3/hamcrest-core-1.3.jar:/home/user/.m2/repository/org/openjdk/jmh/jmh-core/1.19/jmh-core-1.19.jar:/home/user/.m2/repository/net/sf/jopt-simple/jopt-simple/4.6/jopt-simple-4.6.jar:/home/user/.m2/repository/org/apache/commons/commons-math3/3.1.1/commons-math3-3.1.1.jar:/home/user/.m2/repository/org/openjdk/jmh/jmh-generator-annprocess/1.19/jmh-generator-annprocess-1.19.jar:/home/user/.m2/repository/org/mockito/mockito-all/1.8.5/mockito-all-1.8.5.jar:/home/user/.m2/repository/org/apache/hadoop/hadoop-kms/3.2.0/hadoop-kms-3.2.0.jar:/home/user/.m2/repository/org/apache/hadoop/hadoop-auth/3.2.0/hadoop-auth-3.2.0.jar:/home/user/.m2/repository/com/nimbusds/nimbus-jose-jwt/4.41.1/nimbus-jose-jwt-4.41.1.jar:/home/user/.m2/repository/com/github/stephenc/jcip/jcip-annotations/1.0-1/jcip-annotations-1.0-1.jar:/home/user/.m2/repository/net/minidev/json-smart/2.3/json-smart-2.3.jar:/home/user/.m2/repository/net/minidev/accessors-smart/1.2/accessors-smart-1.2.jar:/home/user/.m2/repository/org/ow2/asm/asm/5.0.4/asm-5.0.4.jar:/home/user/.m2/repository/org/apache/curator/curator-framework/2.12.0/curator-framework-2.12.0.jar:/home/user/.m2/repository/com/sun/jersey/jersey-core/1.19/jersey-core-1.19.jar:/home/user/.m2/repository/javax/ws/rs/jsr311-api/1.1.1/jsr311-api-1.1.1.jar:/home/user/.m2/repository/com/sun/jersey/jersey-server/1.19/jersey-server-1.19.jar:/home/user/.m2/repository/javax/servlet/javax.servlet-api/3.1.0/javax.servlet-api-3.1.0.jar:/home/user/.m2/repository/org/eclipse/jetty/jetty-server/9.3.25.v20180904/jetty-server-9.3.25.v20180904.jar:/home/user/.m2/repository/org/eclipse/jetty/jetty-http/9.3.25.v20180904/jetty-http-9.3.25.v20180904.jar:/home/user/.m2/repository/org/eclipse/jetty/jetty-io/9.3.25.v20180904/jetty-io-9.3.25.v20180904.jar:/home/user/.m2/repository/org/eclipse/jetty/jetty-webapp/9.3.25.v20180904/jetty-webapp-9.3.25.v20180904.jar:/home/user/.m2/repository/org/eclipse/jetty/jetty-xml/9.3.25.v20180904/jetty-xml-9.3.25.v20180904.jar:/home/user/.m2/repository/log4j/log4j/1.2.17/log4j-1.2.17.jar:/home/user/.m2/repository/org/slf4j/slf4j-api/1.7.25/slf4j-api-1.7.25.jar:/home/user/.m2/repository/org/slf4j/jul-to-slf4j/1.7.25/jul-to-slf4j-1.7.25.jar:/home/user/.m2/repository/org/eclipse/jetty/jetty-util/9.3.25.v20180904/jetty-util-9.3.25.v20180904.jar:/home/user/.m2/repository/com/fasterxml/jackson/core/jackson-databind/2.9.9/jackson-databind-2.9.9.jar:/home/user/.m2/repository/org/apache/hadoop/hadoop-kms/3.2.0/hadoop-kms-3.2.0-tests.jar:/home/user/.m2/repository/org/apache/hadoop/hadoop-hdds-server-scm/0.5.0-SNAPSHOT/hadoop-hdds-server-scm-0.5.0-SNAPSHOT-tests.jar:/home/user/.m2/repository/org/apache/hadoop/hadoop-hdds-container-service/0.5.0-SNAPSHOT/hadoop-hdds-container-service-0.5.0-SNAPSHOT-tests.jar:/home/user/.m2/repository/org/yaml/snakeyaml/1.16/snakeyaml-1.16.jar:/home/user/.m2/repository/org/apache/hadoop/hadoop-common/3.2.0/hadoop-common-3.2.0-tests.jar:/home/user/.m2/repository/org/apache/hadoop/hadoop-annotations/3.2.0/hadoop-annotations-3.2.0.jar:/usr/lib/jvm/java-1.8-openjdk/jre/../lib/tools.jar:/home/user/.m2/repository/commons-cli/commons-cli/1.2/commons-cli-1.2.jar:/home/user/.m2/repository/org/apache/httpcomponents/httpclient/4.5.2/httpclient-4.5.2.jar:/home/user/.m2/repository/org/apache/httpcomponents/httpcore/4.4.4/httpcore-4.4.4.jar:/home/user/.m2/repository/commons-codec/commons-codec/1.11/commons-codec-1.11.jar:/home/user/.m2/repository/commons-net/commons-net/3.6/commons-net-3.6.jar:/home/user/.m2/repository/commons-collections/commons-collections/3.2.2/commons-collections-3.2.2.jar:/home/user/.m2/repository/org/eclipse/jetty/jetty-servlet/9.3.25.v20180904/jetty-servlet-9.3.25.v20180904.jar:/home/user/.m2/repository/org/eclipse/jetty/jetty-security/9.3.25.v20180904/jetty-security-9.3.25.v20180904.jar:/home/user/.m2/repository/javax/servlet/jsp/jsp-api/2.1/jsp-api-2.1.jar:/home/user/.m2/repository/com/sun/jersey/jersey-servlet/1.19/jersey-servlet-1.19.jar:/home/user/.m2/repository/com/sun/jersey/jersey-json/1.19/jersey-json-1.19.jar:/home/user/.m2/repository/org/codehaus/jettison/jettison/1.1/jettison-1.1.jar:/home/user/.m2/repository/org/codehaus/jackson/jackson-core-asl/1.9.13/jackson-core-asl-1.9.13.jar:/home/user/.m2/repository/org/codehaus/jackson/jackson-mapper-asl/1.9.13/jackson-mapper-asl-1.9.13.jar:/home/user/.m2/repository/org/codehaus/jackson/jackson-jaxrs/1.9.13/jackson-jaxrs-1.9.13.jar:/home/user/.m2/repository/org/codehaus/jackson/jackson-xc/1.9.13/jackson-xc-1.9.13.jar:/home/user/.m2/repository/commons-logging/commons-logging/1.1.3/commons-logging-1.1.3.jar:/home/user/.m2/repository/commons-beanutils/commons-beanutils/1.9.4/commons-beanutils-1.9.4.jar:/home/user/.m2/repository/org/apache/commons/commons-configuration2/2.1.1/commons-configuration2-2.1.1.jar:/home/user/.m2/repository/org/apache/commons/commons-lang3/3.7/commons-lang3-3.7.jar:/home/user/.m2/repository/org/apache/commons/commons-text/1.4/commons-text-1.4.jar:/home/user/.m2/repository/org/apache/avro/avro/1.7.7/avro-1.7.7.jar:/home/user/.m2/repository/com/thoughtworks/paranamer/paranamer/2.3/paranamer-2.3.jar:/home/user/.m2/repository/org/xerial/snappy/snappy-java/1.0.5/snappy-java-1.0.5.jar:/home/user/.m2/repository/com/google/re2j/re2j/1.1/re2j-1.1.jar:/home/user/.m2/repository/com/google/code/gson/gson/2.2.4/gson-2.2.4.jar:/home/user/.m2/repository/com/jcraft/jsch/0.1.54/jsch-0.1.54.jar:/home/user/.m2/repository/org/apache/curator/curator-client/2.12.0/curator-client-2.12.0.jar:/home/user/.m2/repository/org/apache/curator/curator-recipes/2.12.0/curator-recipes-2.12.0.jar:/home/user/.m2/repository/com/google/code/findbugs/jsr305/3.0.0/jsr305-3.0.0.jar:/home/user/.m2/repository/org/apache/htrace/htrace-core4/4.1.0-incubating/htrace-core4-4.1.0-incubating.jar:/home/user/.m2/repository/org/apache/zookeeper/zookeeper/3.4.13/zookeeper-3.4.13.jar:/home/user/.m2/repository/jline/jline/0.9.94/jline-0.9.94.jar:/home/user/.m2/repository/org/apache/yetus/audience-annotations/0.5.0/audience-annotations-0.5.0.jar:/home/user/.m2/repository/org/codehaus/woodstox/stax2-api/3.1.4/stax2-api-3.1.4.jar:/home/user/.m2/repository/com/fasterxml/woodstox/woodstox-core/5.0.3/woodstox-core-5.0.3.jar:/home/user/.m2/repository/dnsjava/dnsjava/2.1.7/dnsjava-2.1.7.jar:/home/user/.m2/repository/org/apache/hadoop/hadoop-hdfs/3.2.0/hadoop-hdfs-3.2.0-tests.jar:/home/user/.m2/repository/org/eclipse/jetty/jetty-util-ajax/9.3.25.v20180904/jetty-util-ajax-9.3.25.v20180904.jar:/home/user/.m2/repository/commons-daemon/commons-daemon/1.0.13/commons-daemon-1.0.13.jar:/home/user/.m2/repository/io/netty/netty/3.10.5.Final/netty-3.10.5.Final.jar:/home/user/.m2/repository/io/netty/netty-all/4.0.52.Final/netty-all-4.0.52.Final.jar:/home/user/.m2/repository/org/fusesource/leveldbjni/leveldbjni-all/1.8/leveldbjni-all-1.8.jar:"/>
    <property name="sun.cpu.endian" value="little"/>
    <property name="user.home" value="/home/user"/>
    <property name="user.language" value="en"/>
    <property name="java.specification.vendor" value="Oracle Corporation"/>
    <property name="java.home" value="/usr/lib/jvm/java-1.8-openjdk/jre"/>
    <property name="java.security.krb5.conf" value="/workdir/hadoop-ozone/integration-test/target/test-classes/krb5.conf"/>
    <property name="basedir" value="/workdir/hadoop-ozone/integration-test"/>
    <property name="file.separator" value="/"/>
    <property name="line.separator" value="&#10;"/>
    <property name="java.vm.specification.vendor" value="Oracle Corporation"/>
    <property name="java.specification.name" value="Java Platform API Specification"/>
    <property name="java.awt.graphicsenv" value="sun.awt.X11GraphicsEnvironment"/>
    <property name="surefire.real.class.path" value="/workdir/hadoop-ozone/integration-test/target/surefire/surefirebooter7696618854405797696.jar"/>
    <property name="hadoop.log.dir" value="/workdir/hadoop-ozone/integration-test/target/log"/>
    <property name="sun.boot.class.path" value="/usr/lib/jvm/java-1.8-openjdk/jre/lib/resources.jar:/usr/lib/jvm/java-1.8-openjdk/jre/lib/rt.jar:/usr/lib/jvm/java-1.8-openjdk/jre/lib/sunrsasign.jar:/usr/lib/jvm/java-1.8-openjdk/jre/lib/jsse.jar:/usr/lib/jvm/java-1.8-openjdk/jre/lib/jce.jar:/usr/lib/jvm/java-1.8-openjdk/jre/lib/charsets.jar:/usr/lib/jvm/java-1.8-openjdk/jre/lib/jfr.jar:/usr/lib/jvm/java-1.8-openjdk/jre/classes"/>
    <property name="sun.management.compiler" value="HotSpot 64-Bit Tiered Compilers"/>
    <property name="java.runtime.version" value="1.8.0_212-b04"/>
    <property name="java.net.preferIPv4Stack" value="true"/>
    <property name="user.name" value="jenkins1000"/>
    <property name="path.separator" value=":"/>
    <property name="java.security.egd" value="file:///dev/urandom"/>
    <property name="os.version" value="3.10.0-957.12.2.el7.x86_64"/>
    <property name="java.endorsed.dirs" value="/usr/lib/jvm/java-1.8-openjdk/jre/lib/endorsed"/>
    <property name="java.runtime.name" value="OpenJDK Runtime Environment"/>
    <property name="file.encoding" value="UTF-8"/>
    <property name="java.vm.name" value="OpenJDK 64-Bit Server VM"/>
    <property name="test.build.webapps" value=""/>
    <property name="localRepository" value="/home/user/.m2/repository"/>
    <property name="java.vendor.url.bug" value="https://icedtea.classpath.org/bugzilla"/>
    <property name="java.io.tmpdir" value="/tmp"/>
    <property name="require.test.libhadoop" value=""/>
    <property name="java.version" value="1.8.0_212"/>
    <property name="user.dir" value="/workdir/hadoop-ozone/integration-test"/>
    <property name="os.arch" value="amd64"/>
    <property name="java.vm.specification.name" value="Java Virtual Machine Specification"/>
    <property name="test.build.classes" value="/workdir/hadoop-ozone/integration-test/target/test-classes"/>
    <property name="java.awt.printerjob" value="sun.print.PSPrinterJob"/>
    <property name="sun.os.patch.level" value="unknown"/>
    <property name="hadoop.tmp.dir" value="/workdir/hadoop-ozone/integration-test/target/tmp"/>
    <property name="java.library.path" value="/usr/lib/jvm/java-1.8-openjdk/jre/lib/amd64/server:/usr/lib/jvm/java-1.8-openjdk/jre/lib/amd64:/usr/lib/jvm/java-1.8-openjdk/jre/../lib/amd64:/workdir/hadoop-ozone/integration-test/target/native/target/usr/local/lib:/workdir/hadoop-ozone/integration-test/../../hadoop-common-project/hadoop-common/target/native/target/usr/local/lib:/usr/java/packages/lib/amd64:/usr/lib64:/lib64:/lib:/usr/lib"/>
    <property name="java.vm.info" value="mixed mode"/>
    <property name="java.vendor" value="IcedTea"/>
    <property name="java.vm.version" value="25.212-b04"/>
    <property name="java.ext.dirs" value="/usr/lib/jvm/java-1.8-openjdk/jre/lib/ext:/usr/java/packages/lib/ext"/>
    <property name="sun.io.unicode.encoding" value="UnicodeLittle"/>
    <property name="java.class.version" value="52.0"/>
  </properties>
  <testcase name="testReleaseBuffers" classname="org.apache.hadoop.ozone.client.rpc.TestCommitWatcher" time="6.482"/>
  <testcase name="testReleaseBuffersOnException" classname="org.apache.hadoop.ozone.client.rpc.TestCommitWatcher" time="10.788">
    <failure type="java.lang.AssertionError">java.lang.AssertionError
	at org.junit.Assert.fail(Assert.java:86)
	at org.junit.Assert.assertTrue(Assert.java:41)
	at org.junit.Assert.assertTrue(Assert.java:52)
	at org.apache.hadoop.ozone.client.rpc.TestCommitWatcher.testReleaseBuffersOnException(TestCommitWatcher.java:284)
	at sun.reflect.NativeMethodAccessorImpl.invoke0(Native Method)
	at sun.reflect.NativeMethodAccessorImpl.invoke(NativeMethodAccessorImpl.java:62)
	at sun.reflect.DelegatingMethodAccessorImpl.invoke(DelegatingMethodAccessorImpl.java:43)
	at java.lang.reflect.Method.invoke(Method.java:498)
	at org.junit.runners.model.FrameworkMethod$1.runReflectiveCall(FrameworkMethod.java:47)
	at org.junit.internal.runners.model.ReflectiveCallable.run(ReflectiveCallable.java:12)
	at org.junit.runners.model.FrameworkMethod.invokeExplosively(FrameworkMethod.java:44)
	at org.junit.internal.runners.statements.InvokeMethod.evaluate(InvokeMethod.java:17)
	at org.junit.runners.ParentRunner.runLeaf(ParentRunner.java:271)
	at org.junit.runners.BlockJUnit4ClassRunner.runChild(BlockJUnit4ClassRunner.java:70)
	at org.junit.runners.BlockJUnit4ClassRunner.runChild(BlockJUnit4ClassRunner.java:50)
	at org.junit.runners.ParentRunner$3.run(ParentRunner.java:238)
	at org.junit.runners.ParentRunner$1.schedule(ParentRunner.java:63)
	at org.junit.runners.ParentRunner.runChildren(ParentRunner.java:236)
	at org.junit.runners.ParentRunner.access$000(ParentRunner.java:53)
	at org.junit.runners.ParentRunner$2.evaluate(ParentRunner.java:229)
	at org.junit.internal.runners.statements.RunBefores.evaluate(RunBefores.java:26)
	at org.junit.internal.runners.statements.RunAfters.evaluate(RunAfters.java:27)
	at org.junit.runners.ParentRunner.run(ParentRunner.java:309)
	at org.apache.maven.surefire.junit4.JUnit4Provider.execute(JUnit4Provider.java:365)
	at org.apache.maven.surefire.junit4.JUnit4Provider.executeWithRerun(JUnit4Provider.java:273)
	at org.apache.maven.surefire.junit4.JUnit4Provider.executeTestSet(JUnit4Provider.java:238)
	at org.apache.maven.surefire.junit4.JUnit4Provider.invoke(JUnit4Provider.java:159)
	at org.apache.maven.surefire.booter.ForkedBooter.invokeProviderInSameClassLoader(ForkedBooter.java:384)
	at org.apache.maven.surefire.booter.ForkedBooter.runSuitesInProcess(ForkedBooter.java:345)
	at org.apache.maven.surefire.booter.ForkedBooter.execute(ForkedBooter.java:126)
	at org.apache.maven.surefire.booter.ForkedBooter.main(ForkedBooter.java:418)
</failure>
    <system-out><![CDATA[2019-10-09 13:27:12,311 [pool-36-thread-10] WARN  impl.ChunkManagerImpl (ChunkUtils.java:validateChunkForOverwrite(203)) - Duplicate write chunk request. Chunk overwrite without explicit request. ChunkInfo{chunkName='1570627632077.data.0, offset=0, len=1048576}
2019-10-09 13:27:12,312 [pool-36-thread-10] WARN  impl.ChunkManagerImpl (ChunkManagerImpl.java:writeChunk(111)) - ChunkFile already exists/workdir/hadoop-ozone/integration-test/target/test-dir/MiniOzoneClusterImpl-d2994eac-00b5-4cdc-a349-7ab37c218234/datanode-1/data/containers/hdds/2c3268d5-40bb-463a-9f36-64ed79e31461/current/containerDir0/2/chunks/1570627632077.data.0.Deleting it.
2019-10-09 13:27:12,320 [pool-76-thread-4] WARN  impl.ChunkManagerImpl (ChunkUtils.java:validateChunkForOverwrite(203)) - Duplicate write chunk request. Chunk overwrite without explicit request. ChunkInfo{chunkName='1570627632077.data.0, offset=0, len=1048576}
2019-10-09 13:27:12,320 [pool-76-thread-4] WARN  impl.ChunkManagerImpl (ChunkManagerImpl.java:writeChunk(111)) - ChunkFile already exists/workdir/hadoop-ozone/integration-test/target/test-dir/MiniOzoneClusterImpl-d2994eac-00b5-4cdc-a349-7ab37c218234/datanode-5/data/containers/hdds/2c3268d5-40bb-463a-9f36-64ed79e31461/current/containerDir0/2/chunks/1570627632077.data.0.Deleting it.
2019-10-09 13:27:12,321 [pool-86-thread-4] WARN  impl.ChunkManagerImpl (ChunkUtils.java:validateChunkForOverwrite(203)) - Duplicate write chunk request. Chunk overwrite without explicit request. ChunkInfo{chunkName='1570627632077.data.0, offset=0, len=1048576}
2019-10-09 13:27:12,321 [pool-86-thread-4] WARN  impl.ChunkManagerImpl (ChunkManagerImpl.java:writeChunk(111)) - ChunkFile already exists/workdir/hadoop-ozone/integration-test/target/test-dir/MiniOzoneClusterImpl-d2994eac-00b5-4cdc-a349-7ab37c218234/datanode-6/data/containers/hdds/2c3268d5-40bb-463a-9f36-64ed79e31461/current/containerDir0/2/chunks/1570627632077.data.0.Deleting it.
2019-10-09 13:27:13,268 [Datanode State Machine Thread - 0] INFO  statemachine.DatanodeStateMachine (DatanodeStateMachine.java:lambda$startDaemon$0(350)) - Ozone container server started.
2019-10-09 13:27:15,320 [EventQueue-StaleNodeForStaleNodeHandler] INFO  node.StaleNodeHandler (StaleNodeHandler.java:onMessage(58)) - Datanode 313addae-9673-478e-a4d3-465b496e5446{ip: 192.168.5.175, host: pr-hdds-1569-mfl88-1504498049, networkLocation: /default-rack, certSerialId: null} moved to stale state. Finalizing its pipelines [PipelineID=e9cccf8a-a3d1-4dce-ab46-5c56a161f3f8, PipelineID=3cb9570d-25ec-4a04-95ee-48f8b2c4ef7f, PipelineID=20fa0f87-8a5f-4047-9e4f-07d9489d24ab, PipelineID=a614d8c3-531c-45c0-a081-422496ab57cf, PipelineID=2818c167-bf96-4815-b7ba-d8b421d1ddff, PipelineID=7368f3be-cd11-4eba-bfd8-ac71d93f9a37, PipelineID=2fc50fd3-7190-4ecd-83bc-c50691ffc243, PipelineID=29f2e94b-c821-4d83-9228-172aef85ec02]
2019-10-09 13:27:15,321 [EventQueue-StaleNodeForStaleNodeHandler] INFO  pipeline.SCMPipelineManager (SCMPipelineManager.java:finalizeAndDestroyPipeline(342)) - destroying pipeline:Pipeline[ Id: e9cccf8a-a3d1-4dce-ab46-5c56a161f3f8, Nodes: cdccb4c0-033b-4518-9204-a7044bd7554c{ip: 192.168.5.175, host: pr-hdds-1569-mfl88-1504498049, networkLocation: /default-rack, certSerialId: null}313addae-9673-478e-a4d3-465b496e5446{ip: 192.168.5.175, host: pr-hdds-1569-mfl88-1504498049, networkLocation: /default-rack, certSerialId: null}2ee9c1d3-06ba-4a5f-9d84-4afb110a7c0c{ip: 192.168.5.175, host: pr-hdds-1569-mfl88-1504498049, networkLocation: /default-rack, certSerialId: null}, Type:RATIS, Factor:THREE, State:OPEN]
2019-10-09 13:27:15,322 [EventQueue-StaleNodeForStaleNodeHandler] INFO  pipeline.PipelineStateManager (PipelineStateManager.java:finalizePipeline(123)) - Pipeline Pipeline[ Id: e9cccf8a-a3d1-4dce-ab46-5c56a161f3f8, Nodes: cdccb4c0-033b-4518-9204-a7044bd7554c{ip: 192.168.5.175, host: pr-hdds-1569-mfl88-1504498049, networkLocation: /default-rack, certSerialId: null}313addae-9673-478e-a4d3-465b496e5446{ip: 192.168.5.175, host: pr-hdds-1569-mfl88-1504498049, networkLocation: /default-rack, certSerialId: null}2ee9c1d3-06ba-4a5f-9d84-4afb110a7c0c{ip: 192.168.5.175, host: pr-hdds-1569-mfl88-1504498049, networkLocation: /default-rack, certSerialId: null}, Type:RATIS, Factor:THREE, State:CLOSED] moved to CLOSED state
2019-10-09 13:27:15,324 [EventQueue-StaleNodeForStaleNodeHandler] INFO  pipeline.SCMPipelineManager (SCMPipelineManager.java:finalizeAndDestroyPipeline(342)) - destroying pipeline:Pipeline[ Id: 3cb9570d-25ec-4a04-95ee-48f8b2c4ef7f, Nodes: cdccb4c0-033b-4518-9204-a7044bd7554c{ip: 192.168.5.175, host: pr-hdds-1569-mfl88-1504498049, networkLocation: /default-rack, certSerialId: null}2ee9c1d3-06ba-4a5f-9d84-4afb110a7c0c{ip: 192.168.5.175, host: pr-hdds-1569-mfl88-1504498049, networkLocation: /default-rack, certSerialId: null}313addae-9673-478e-a4d3-465b496e5446{ip: 192.168.5.175, host: pr-hdds-1569-mfl88-1504498049, networkLocation: /default-rack, certSerialId: null}, Type:RATIS, Factor:THREE, State:OPEN]
2019-10-09 13:27:15,324 [EventQueue-StaleNodeForStaleNodeHandler] INFO  pipeline.PipelineStateManager (PipelineStateManager.java:finalizePipeline(123)) - Pipeline Pipeline[ Id: 3cb9570d-25ec-4a04-95ee-48f8b2c4ef7f, Nodes: cdccb4c0-033b-4518-9204-a7044bd7554c{ip: 192.168.5.175, host: pr-hdds-1569-mfl88-1504498049, networkLocation: /default-rack, certSerialId: null}2ee9c1d3-06ba-4a5f-9d84-4afb110a7c0c{ip: 192.168.5.175, host: pr-hdds-1569-mfl88-1504498049, networkLocation: /default-rack, certSerialId: null}313addae-9673-478e-a4d3-465b496e5446{ip: 192.168.5.175, host: pr-hdds-1569-mfl88-1504498049, networkLocation: /default-rack, certSerialId: null}, Type:RATIS, Factor:THREE, State:CLOSED] moved to CLOSED state
2019-10-09 13:27:15,324 [EventQueue-StaleNodeForStaleNodeHandler] INFO  pipeline.SCMPipelineManager (SCMPipelineManager.java:finalizeAndDestroyPipeline(342)) - destroying pipeline:Pipeline[ Id: 20fa0f87-8a5f-4047-9e4f-07d9489d24ab, Nodes: 313addae-9673-478e-a4d3-465b496e5446{ip: 192.168.5.175, host: pr-hdds-1569-mfl88-1504498049, networkLocation: /default-rack, certSerialId: null}, Type:RATIS, Factor:ONE, State:OPEN]
2019-10-09 13:27:15,325 [EventQueue-StaleNodeForStaleNodeHandler] INFO  pipeline.PipelineStateManager (PipelineStateManager.java:finalizePipeline(123)) - Pipeline Pipeline[ Id: 20fa0f87-8a5f-4047-9e4f-07d9489d24ab, Nodes: 313addae-9673-478e-a4d3-465b496e5446{ip: 192.168.5.175, host: pr-hdds-1569-mfl88-1504498049, networkLocation: /default-rack, certSerialId: null}, Type:RATIS, Factor:ONE, State:CLOSED] moved to CLOSED state
2019-10-09 13:27:15,325 [EventQueue-StaleNodeForStaleNodeHandler] INFO  pipeline.SCMPipelineManager (SCMPipelineManager.java:finalizeAndDestroyPipeline(342)) - destroying pipeline:Pipeline[ Id: a614d8c3-531c-45c0-a081-422496ab57cf, Nodes: 2ee9c1d3-06ba-4a5f-9d84-4afb110a7c0c{ip: 192.168.5.175, host: pr-hdds-1569-mfl88-1504498049, networkLocation: /default-rack, certSerialId: null}313addae-9673-478e-a4d3-465b496e5446{ip: 192.168.5.175, host: pr-hdds-1569-mfl88-1504498049, networkLocation: /default-rack, certSerialId: null}cdccb4c0-033b-4518-9204-a7044bd7554c{ip: 192.168.5.175, host: pr-hdds-1569-mfl88-1504498049, networkLocation: /default-rack, certSerialId: null}, Type:RATIS, Factor:THREE, State:OPEN]
2019-10-09 13:27:15,325 [EventQueue-StaleNodeForStaleNodeHandler] INFO  pipeline.PipelineStateManager (PipelineStateManager.java:finalizePipeline(123)) - Pipeline Pipeline[ Id: a614d8c3-531c-45c0-a081-422496ab57cf, Nodes: 2ee9c1d3-06ba-4a5f-9d84-4afb110a7c0c{ip: 192.168.5.175, host: pr-hdds-1569-mfl88-1504498049, networkLocation: /default-rack, certSerialId: null}313addae-9673-478e-a4d3-465b496e5446{ip: 192.168.5.175, host: pr-hdds-1569-mfl88-1504498049, networkLocation: /default-rack, certSerialId: null}cdccb4c0-033b-4518-9204-a7044bd7554c{ip: 192.168.5.175, host: pr-hdds-1569-mfl88-1504498049, networkLocation: /default-rack, certSerialId: null}, Type:RATIS, Factor:THREE, State:CLOSED] moved to CLOSED state
2019-10-09 13:27:15,326 [EventQueue-StaleNodeForStaleNodeHandler] INFO  pipeline.SCMPipelineManager (SCMPipelineManager.java:finalizeAndDestroyPipeline(342)) - destroying pipeline:Pipeline[ Id: 2818c167-bf96-4815-b7ba-d8b421d1ddff, Nodes: 313addae-9673-478e-a4d3-465b496e5446{ip: 192.168.5.175, host: pr-hdds-1569-mfl88-1504498049, networkLocation: /default-rack, certSerialId: null}cdccb4c0-033b-4518-9204-a7044bd7554c{ip: 192.168.5.175, host: pr-hdds-1569-mfl88-1504498049, networkLocation: /default-rack, certSerialId: null}2ee9c1d3-06ba-4a5f-9d84-4afb110a7c0c{ip: 192.168.5.175, host: pr-hdds-1569-mfl88-1504498049, networkLocation: /default-rack, certSerialId: null}, Type:RATIS, Factor:THREE, State:OPEN]
2019-10-09 13:27:15,326 [EventQueue-StaleNodeForStaleNodeHandler] INFO  pipeline.PipelineStateManager (PipelineStateManager.java:finalizePipeline(123)) - Pipeline Pipeline[ Id: 2818c167-bf96-4815-b7ba-d8b421d1ddff, Nodes: 313addae-9673-478e-a4d3-465b496e5446{ip: 192.168.5.175, host: pr-hdds-1569-mfl88-1504498049, networkLocation: /default-rack, certSerialId: null}cdccb4c0-033b-4518-9204-a7044bd7554c{ip: 192.168.5.175, host: pr-hdds-1569-mfl88-1504498049, networkLocation: /default-rack, certSerialId: null}2ee9c1d3-06ba-4a5f-9d84-4afb110a7c0c{ip: 192.168.5.175, host: pr-hdds-1569-mfl88-1504498049, networkLocation: /default-rack, certSerialId: null}, Type:RATIS, Factor:THREE, State:CLOSED] moved to CLOSED state
2019-10-09 13:27:15,327 [EventQueue-StaleNodeForStaleNodeHandler] INFO  pipeline.SCMPipelineManager (SCMPipelineManager.java:finalizeAndDestroyPipeline(342)) - destroying pipeline:Pipeline[ Id: 7368f3be-cd11-4eba-bfd8-ac71d93f9a37, Nodes: 313addae-9673-478e-a4d3-465b496e5446{ip: 192.168.5.175, host: pr-hdds-1569-mfl88-1504498049, networkLocation: /default-rack, certSerialId: null}2ee9c1d3-06ba-4a5f-9d84-4afb110a7c0c{ip: 192.168.5.175, host: pr-hdds-1569-mfl88-1504498049, networkLocation: /default-rack, certSerialId: null}cdccb4c0-033b-4518-9204-a7044bd7554c{ip: 192.168.5.175, host: pr-hdds-1569-mfl88-1504498049, networkLocation: /default-rack, certSerialId: null}, Type:RATIS, Factor:THREE, State:OPEN]
2019-10-09 13:27:15,327 [EventQueue-CloseContainerForCloseContainerEventHandler] INFO  container.CloseContainerEventHandler (CloseContainerEventHandler.java:onMessage(61)) - Close container Event triggered for container : #1
2019-10-09 13:27:15,330 [EventQueue-StaleNodeForStaleNodeHandler] INFO  pipeline.PipelineStateManager (PipelineStateManager.java:finalizePipeline(123)) - Pipeline Pipeline[ Id: 7368f3be-cd11-4eba-bfd8-ac71d93f9a37, Nodes: 313addae-9673-478e-a4d3-465b496e5446{ip: 192.168.5.175, host: pr-hdds-1569-mfl88-1504498049, networkLocation: /default-rack, certSerialId: null}2ee9c1d3-06ba-4a5f-9d84-4afb110a7c0c{ip: 192.168.5.175, host: pr-hdds-1569-mfl88-1504498049, networkLocation: /default-rack, certSerialId: null}cdccb4c0-033b-4518-9204-a7044bd7554c{ip: 192.168.5.175, host: pr-hdds-1569-mfl88-1504498049, networkLocation: /default-rack, certSerialId: null}, Type:RATIS, Factor:THREE, State:CLOSED] moved to CLOSED state
2019-10-09 13:27:15,332 [EventQueue-StaleNodeForStaleNodeHandler] INFO  pipeline.SCMPipelineManager (SCMPipelineManager.java:finalizeAndDestroyPipeline(342)) - destroying pipeline:Pipeline[ Id: 2fc50fd3-7190-4ecd-83bc-c50691ffc243, Nodes: 2ee9c1d3-06ba-4a5f-9d84-4afb110a7c0c{ip: 192.168.5.175, host: pr-hdds-1569-mfl88-1504498049, networkLocation: /default-rack, certSerialId: null}cdccb4c0-033b-4518-9204-a7044bd7554c{ip: 192.168.5.175, host: pr-hdds-1569-mfl88-1504498049, networkLocation: /default-rack, certSerialId: null}313addae-9673-478e-a4d3-465b496e5446{ip: 192.168.5.175, host: pr-hdds-1569-mfl88-1504498049, networkLocation: /default-rack, certSerialId: null}, Type:RATIS, Factor:THREE, State:OPEN]
2019-10-09 13:27:15,333 [EventQueue-StaleNodeForStaleNodeHandler] INFO  pipeline.PipelineStateManager (PipelineStateManager.java:finalizePipeline(123)) - Pipeline Pipeline[ Id: 2fc50fd3-7190-4ecd-83bc-c50691ffc243, Nodes: 2ee9c1d3-06ba-4a5f-9d84-4afb110a7c0c{ip: 192.168.5.175, host: pr-hdds-1569-mfl88-1504498049, networkLocation: /default-rack, certSerialId: null}cdccb4c0-033b-4518-9204-a7044bd7554c{ip: 192.168.5.175, host: pr-hdds-1569-mfl88-1504498049, networkLocation: /default-rack, certSerialId: null}313addae-9673-478e-a4d3-465b496e5446{ip: 192.168.5.175, host: pr-hdds-1569-mfl88-1504498049, networkLocation: /default-rack, certSerialId: null}, Type:RATIS, Factor:THREE, State:CLOSED] moved to CLOSED state
2019-10-09 13:27:15,333 [EventQueue-StaleNodeForStaleNodeHandler] INFO  pipeline.SCMPipelineManager (SCMPipelineManager.java:finalizeAndDestroyPipeline(342)) - destroying pipeline:Pipeline[ Id: 29f2e94b-c821-4d83-9228-172aef85ec02, Nodes: cdccb4c0-033b-4518-9204-a7044bd7554c{ip: 192.168.5.175, host: pr-hdds-1569-mfl88-1504498049, networkLocation: /default-rack, certSerialId: null}313addae-9673-478e-a4d3-465b496e5446{ip: 192.168.5.175, host: pr-hdds-1569-mfl88-1504498049, networkLocation: /default-rack, certSerialId: null}2ee9c1d3-06ba-4a5f-9d84-4afb110a7c0c{ip: 192.168.5.175, host: pr-hdds-1569-mfl88-1504498049, networkLocation: /default-rack, certSerialId: null}, Type:RATIS, Factor:THREE, State:OPEN]
2019-10-09 13:27:15,333 [EventQueue-StaleNodeForStaleNodeHandler] INFO  pipeline.PipelineStateManager (PipelineStateManager.java:finalizePipeline(123)) - Pipeline Pipeline[ Id: 29f2e94b-c821-4d83-9228-172aef85ec02, Nodes: cdccb4c0-033b-4518-9204-a7044bd7554c{ip: 192.168.5.175, host: pr-hdds-1569-mfl88-1504498049, networkLocation: /default-rack, certSerialId: null}313addae-9673-478e-a4d3-465b496e5446{ip: 192.168.5.175, host: pr-hdds-1569-mfl88-1504498049, networkLocation: /default-rack, certSerialId: null}2ee9c1d3-06ba-4a5f-9d84-4afb110a7c0c{ip: 192.168.5.175, host: pr-hdds-1569-mfl88-1504498049, networkLocation: /default-rack, certSerialId: null}, Type:RATIS, Factor:THREE, State:CLOSED] moved to CLOSED state
2019-10-09 13:27:15,337 [EventQueue-CloseContainerForCloseContainerEventHandler] INFO  container.CloseContainerEventHandler (CloseContainerEventHandler.java:onMessage(61)) - Close container Event triggered for container : #2
2019-10-09 13:27:16,473 [Thread-424] INFO  impl.FollowerState (FollowerState.java:run(106)) - cdccb4c0-033b-4518-9204-a7044bd7554c:group-172AEF85EC02 changes to CANDIDATE, lastRpcTime:5011, electionTimeout:5008ms
2019-10-09 13:27:16,475 [Thread-424] INFO  impl.RoleInfo (RoleInfo.java:shutdownFollowerState(121)) - cdccb4c0-033b-4518-9204-a7044bd7554c: shutdown FollowerState
2019-10-09 13:27:16,475 [Thread-424] INFO  impl.RaftServerImpl (RaftServerImpl.java:setRole(174)) - cdccb4c0-033b-4518-9204-a7044bd7554c@group-172AEF85EC02: changes role from  FOLLOWER to CANDIDATE at term 1 for changeToCandidate
2019-10-09 13:27:16,476 [Thread-424] INFO  impl.RoleInfo (RoleInfo.java:updateAndGet(143)) - cdccb4c0-033b-4518-9204-a7044bd7554c: start LeaderElection
2019-10-09 13:27:16,493 [cdccb4c0-033b-4518-9204-a7044bd7554c@group-172AEF85EC02:LeaderElection21] INFO  impl.LeaderElection (LeaderElection.java:askForVotes(182)) - cdccb4c0-033b-4518-9204-a7044bd7554c@group-172AEF85EC02:LeaderElection21: begin an election at term 2 for -1: [313addae-9673-478e-a4d3-465b496e5446:192.168.5.175:38767, cdccb4c0-033b-4518-9204-a7044bd7554c:192.168.5.175:35262, 2ee9c1d3-06ba-4a5f-9d84-4afb110a7c0c:192.168.5.175:45443], old=null
2019-10-09 13:27:16,497 [grpc-default-executor-0] INFO  impl.RaftServerImpl (RaftServerImpl.java:setRole(174)) - 313addae-9673-478e-a4d3-465b496e5446@group-172AEF85EC02: changes role from  FOLLOWER to FOLLOWER at term 2 for recognizeCandidate:cdccb4c0-033b-4518-9204-a7044bd7554c
2019-10-09 13:27:16,498 [grpc-default-executor-2] INFO  impl.RaftServerImpl (RaftServerImpl.java:setRole(174)) - 2ee9c1d3-06ba-4a5f-9d84-4afb110a7c0c@group-172AEF85EC02: changes role from  FOLLOWER to FOLLOWER at term 2 for recognizeCandidate:cdccb4c0-033b-4518-9204-a7044bd7554c
2019-10-09 13:27:16,498 [grpc-default-executor-0] INFO  impl.RoleInfo (RoleInfo.java:shutdownFollowerState(121)) - 313addae-9673-478e-a4d3-465b496e5446: shutdown FollowerState
2019-10-09 13:27:16,498 [grpc-default-executor-2] INFO  impl.RoleInfo (RoleInfo.java:shutdownFollowerState(121)) - 2ee9c1d3-06ba-4a5f-9d84-4afb110a7c0c: shutdown FollowerState
2019-10-09 13:27:16,498 [Thread-422] INFO  impl.FollowerState (FollowerState.java:run(115)) - 313addae-9673-478e-a4d3-465b496e5446: FollowerState was interrupted: java.lang.InterruptedException: sleep interrupted
2019-10-09 13:27:16,498 [grpc-default-executor-0] INFO  impl.RoleInfo (RoleInfo.java:updateAndGet(143)) - 313addae-9673-478e-a4d3-465b496e5446: start FollowerState
2019-10-09 13:27:16,498 [Thread-430] INFO  impl.FollowerState (FollowerState.java:run(115)) - 2ee9c1d3-06ba-4a5f-9d84-4afb110a7c0c: FollowerState was interrupted: java.lang.InterruptedException: sleep interrupted
2019-10-09 13:27:16,498 [grpc-default-executor-2] INFO  impl.RoleInfo (RoleInfo.java:updateAndGet(143)) - 2ee9c1d3-06ba-4a5f-9d84-4afb110a7c0c: start FollowerState
2019-10-09 13:27:16,515 [cdccb4c0-033b-4518-9204-a7044bd7554c@group-172AEF85EC02:LeaderElection21] INFO  impl.LeaderElection (LeaderElection.java:logAndReturn(56)) - cdccb4c0-033b-4518-9204-a7044bd7554c@group-172AEF85EC02:LeaderElection21: Election PASSED; received 1 response(s) [cdccb4c0-033b-4518-9204-a7044bd7554c<-313addae-9673-478e-a4d3-465b496e5446#0:OK-t2] and 0 exception(s); cdccb4c0-033b-4518-9204-a7044bd7554c@group-172AEF85EC02:t2, leader=null, voted=cdccb4c0-033b-4518-9204-a7044bd7554c, raftlog=cdccb4c0-033b-4518-9204-a7044bd7554c@group-172AEF85EC02-SegmentedRaftLog:OPENED:c-1,f-1,i0, conf=-1: [313addae-9673-478e-a4d3-465b496e5446:192.168.5.175:38767, cdccb4c0-033b-4518-9204-a7044bd7554c:192.168.5.175:35262, 2ee9c1d3-06ba-4a5f-9d84-4afb110a7c0c:192.168.5.175:45443], old=null
2019-10-09 13:27:16,515 [cdccb4c0-033b-4518-9204-a7044bd7554c@group-172AEF85EC02:LeaderElection21] INFO  impl.RoleInfo (RoleInfo.java:shutdownLeaderElection(134)) - cdccb4c0-033b-4518-9204-a7044bd7554c: shutdown LeaderElection
2019-10-09 13:27:16,515 [cdccb4c0-033b-4518-9204-a7044bd7554c@group-172AEF85EC02:LeaderElection21] INFO  impl.RaftServerImpl (RaftServerImpl.java:setRole(174)) - cdccb4c0-033b-4518-9204-a7044bd7554c@group-172AEF85EC02: changes role from CANDIDATE to LEADER at term 2 for changeToLeader
2019-10-09 13:27:16,515 [cdccb4c0-033b-4518-9204-a7044bd7554c@group-172AEF85EC02:LeaderElection21] INFO  impl.RaftServerImpl (ServerState.java:setLeader(253)) - cdccb4c0-033b-4518-9204-a7044bd7554c@group-172AEF85EC02: change Leader from null to cdccb4c0-033b-4518-9204-a7044bd7554c at term 2 for becomeLeader, leader elected after 10387ms
2019-10-09 13:27:16,515 [cdccb4c0-033b-4518-9204-a7044bd7554c@group-172AEF85EC02:LeaderElection21] INFO  server.RaftServerConfigKeys (ConfUtils.java:logGet(43)) - raft.server.staging.catchup.gap = 1000 (default)
2019-10-09 13:27:16,516 [cdccb4c0-033b-4518-9204-a7044bd7554c@group-172AEF85EC02:LeaderElection21] INFO  server.RaftServerConfigKeys (ConfUtils.java:logGet(43)) - raft.server.rpc.sleep.time = 25ms (default)
2019-10-09 13:27:16,516 [cdccb4c0-033b-4518-9204-a7044bd7554c@group-172AEF85EC02:LeaderElection21] INFO  server.RaftServerConfigKeys (ConfUtils.java:logGet(43)) - raft.server.write.element-limit = 4096 (default)
2019-10-09 13:27:16,516 [cdccb4c0-033b-4518-9204-a7044bd7554c@group-172AEF85EC02:LeaderElection21] INFO  server.RaftServerConfigKeys (ConfUtils.java:logGet(43)) - raft.server.watch.timeout = 10s (default)
2019-10-09 13:27:16,516 [cdccb4c0-033b-4518-9204-a7044bd7554c@group-172AEF85EC02:LeaderElection21] INFO  server.RaftServerConfigKeys (ConfUtils.java:logGet(43)) - raft.server.watch.timeout.denomination = 1s (default)
2019-10-09 13:27:16,516 [cdccb4c0-033b-4518-9204-a7044bd7554c@group-172AEF85EC02:LeaderElection21] INFO  server.RaftServerConfigKeys (ConfUtils.java:logGet(43)) - raft.server.watch.element-limit = 65536 (default)
2019-10-09 13:27:16,519 [cdccb4c0-033b-4518-9204-a7044bd7554c@group-172AEF85EC02:LeaderElection21] INFO  server.RaftServerConfigKeys (ConfUtils.java:logGet(43)) - raft.server.log.appender.snapshot.chunk.size.max = 16MB (=16777216) (default)
2019-10-09 13:27:16,520 [cdccb4c0-033b-4518-9204-a7044bd7554c@group-172AEF85EC02:LeaderElection21] INFO  server.RaftServerConfigKeys (ConfUtils.java:logGet(43)) - raft.server.log.appender.buffer.byte-limit = 33554432 (custom)
2019-10-09 13:27:16,520 [cdccb4c0-033b-4518-9204-a7044bd7554c@group-172AEF85EC02:LeaderElection21] INFO  server.RaftServerConfigKeys (ConfUtils.java:logGet(43)) - raft.server.log.appender.buffer.element-limit = 1 (custom)
2019-10-09 13:27:16,520 [cdccb4c0-033b-4518-9204-a7044bd7554c@group-172AEF85EC02:LeaderElection21] INFO  grpc.GrpcConfigKeys$Server (ConfUtils.java:logGet(43)) - raft.grpc.server.leader.outstanding.appends.max = 128 (default)
2019-10-09 13:27:16,520 [cdccb4c0-033b-4518-9204-a7044bd7554c@group-172AEF85EC02:LeaderElection21] INFO  server.RaftServerConfigKeys (ConfUtils.java:logGet(43)) - raft.server.rpc.request.timeout = 3000ms (default)
2019-10-09 13:27:16,521 [cdccb4c0-033b-4518-9204-a7044bd7554c@group-172AEF85EC02:LeaderElection21] INFO  server.RaftServerConfigKeys (ConfUtils.java:logGet(43)) - raft.server.log.appender.install.snapshot.enabled = false (custom)
2019-10-09 13:27:16,521 [cdccb4c0-033b-4518-9204-a7044bd7554c@group-172AEF85EC02:LeaderElection21] INFO  server.RaftServerConfigKeys (ConfUtils.java:logGet(43)) - raft.server.log.appender.snapshot.chunk.size.max = 16MB (=16777216) (default)
2019-10-09 13:27:16,521 [cdccb4c0-033b-4518-9204-a7044bd7554c@group-172AEF85EC02:LeaderElection21] INFO  server.RaftServerConfigKeys (ConfUtils.java:logGet(43)) - raft.server.log.appender.buffer.byte-limit = 33554432 (custom)
2019-10-09 13:27:16,521 [cdccb4c0-033b-4518-9204-a7044bd7554c@group-172AEF85EC02:LeaderElection21] INFO  server.RaftServerConfigKeys (ConfUtils.java:logGet(43)) - raft.server.log.appender.buffer.element-limit = 1 (custom)
2019-10-09 13:27:16,522 [cdccb4c0-033b-4518-9204-a7044bd7554c@group-172AEF85EC02:LeaderElection21] INFO  grpc.GrpcConfigKeys$Server (ConfUtils.java:logGet(43)) - raft.grpc.server.leader.outstanding.appends.max = 128 (default)
2019-10-09 13:27:16,522 [cdccb4c0-033b-4518-9204-a7044bd7554c@group-172AEF85EC02:LeaderElection21] INFO  server.RaftServerConfigKeys (ConfUtils.java:logGet(43)) - raft.server.rpc.request.timeout = 3000ms (default)
2019-10-09 13:27:16,522 [cdccb4c0-033b-4518-9204-a7044bd7554c@group-172AEF85EC02:LeaderElection21] INFO  server.RaftServerConfigKeys (ConfUtils.java:logGet(43)) - raft.server.log.appender.install.snapshot.enabled = false (custom)
2019-10-09 13:27:16,522 [cdccb4c0-033b-4518-9204-a7044bd7554c@group-172AEF85EC02:LeaderElection21] INFO  impl.RoleInfo (RoleInfo.java:updateAndGet(143)) - cdccb4c0-033b-4518-9204-a7044bd7554c: start LeaderState
2019-10-09 13:27:16,523 [cdccb4c0-033b-4518-9204-a7044bd7554c@group-172AEF85EC02:LeaderElection21] INFO  segmented.SegmentedRaftLogWorker (SegmentedRaftLogWorker.java:startLogSegment(380)) - cdccb4c0-033b-4518-9204-a7044bd7554c@group-172AEF85EC02-SegmentedRaftLogWorker: Starting segment from index:0
2019-10-09 13:27:16,523 [cdccb4c0-033b-4518-9204-a7044bd7554c@group-172AEF85EC02:LeaderElection21] INFO  impl.RaftServerImpl (ServerState.java:setRaftConf(354)) - cdccb4c0-033b-4518-9204-a7044bd7554c@group-172AEF85EC02: set configuration 0: [313addae-9673-478e-a4d3-465b496e5446:192.168.5.175:38767, cdccb4c0-033b-4518-9204-a7044bd7554c:192.168.5.175:35262, 2ee9c1d3-06ba-4a5f-9d84-4afb110a7c0c:192.168.5.175:45443], old=null at 0
2019-10-09 13:27:16,557 [Thread-428] INFO  impl.FollowerState (FollowerState.java:run(106)) - 2ee9c1d3-06ba-4a5f-9d84-4afb110a7c0c:group-C50691FFC243 changes to CANDIDATE, lastRpcTime:5036, electionTimeout:5036ms
2019-10-09 13:27:16,558 [Thread-428] INFO  impl.RoleInfo (RoleInfo.java:shutdownFollowerState(121)) - 2ee9c1d3-06ba-4a5f-9d84-4afb110a7c0c: shutdown FollowerState
2019-10-09 13:27:16,559 [Thread-428] INFO  impl.RaftServerImpl (RaftServerImpl.java:setRole(174)) - 2ee9c1d3-06ba-4a5f-9d84-4afb110a7c0c@group-C50691FFC243: changes role from  FOLLOWER to CANDIDATE at term 1 for changeToCandidate
2019-10-09 13:27:16,559 [grpc-default-executor-2] INFO  impl.RaftServerImpl (ServerState.java:setLeader(253)) - 2ee9c1d3-06ba-4a5f-9d84-4afb110a7c0c@group-172AEF85EC02: change Leader from null to cdccb4c0-033b-4518-9204-a7044bd7554c at term 2 for appendEntries, leader elected after 10430ms
2019-10-09 13:27:16,559 [grpc-default-executor-0] INFO  impl.RaftServerImpl (ServerState.java:setLeader(253)) - 313addae-9673-478e-a4d3-465b496e5446@group-172AEF85EC02: change Leader from null to cdccb4c0-033b-4518-9204-a7044bd7554c at term 2 for appendEntries, leader elected after 10431ms
2019-10-09 13:27:16,559 [Thread-428] INFO  impl.RoleInfo (RoleInfo.java:updateAndGet(143)) - 2ee9c1d3-06ba-4a5f-9d84-4afb110a7c0c: start LeaderElection
2019-10-09 13:27:16,565 [grpc-default-executor-0] INFO  impl.RaftServerImpl (ServerState.java:setRaftConf(354)) - 2ee9c1d3-06ba-4a5f-9d84-4afb110a7c0c@group-172AEF85EC02: set configuration 0: [313addae-9673-478e-a4d3-465b496e5446:192.168.5.175:38767, cdccb4c0-033b-4518-9204-a7044bd7554c:192.168.5.175:35262, 2ee9c1d3-06ba-4a5f-9d84-4afb110a7c0c:192.168.5.175:45443], old=null at 0
2019-10-09 13:27:16,565 [grpc-default-executor-2] INFO  impl.RaftServerImpl (ServerState.java:setRaftConf(354)) - 313addae-9673-478e-a4d3-465b496e5446@group-172AEF85EC02: set configuration 0: [313addae-9673-478e-a4d3-465b496e5446:192.168.5.175:38767, cdccb4c0-033b-4518-9204-a7044bd7554c:192.168.5.175:35262, 2ee9c1d3-06ba-4a5f-9d84-4afb110a7c0c:192.168.5.175:45443], old=null at 0
2019-10-09 13:27:16,565 [grpc-default-executor-0] INFO  segmented.SegmentedRaftLogWorker (SegmentedRaftLogWorker.java:startLogSegment(380)) - 2ee9c1d3-06ba-4a5f-9d84-4afb110a7c0c@group-172AEF85EC02-SegmentedRaftLogWorker: Starting segment from index:0
2019-10-09 13:27:16,565 [grpc-default-executor-2] INFO  segmented.SegmentedRaftLogWorker (SegmentedRaftLogWorker.java:startLogSegment(380)) - 313addae-9673-478e-a4d3-465b496e5446@group-172AEF85EC02-SegmentedRaftLogWorker: Starting segment from index:0
2019-10-09 13:27:16,567 [cdccb4c0-033b-4518-9204-a7044bd7554c@group-172AEF85EC02-SegmentedRaftLogWorker] INFO  segmented.SegmentedRaftLogWorker (SegmentedRaftLogWorker.java:execute(569)) - cdccb4c0-033b-4518-9204-a7044bd7554c@group-172AEF85EC02-SegmentedRaftLogWorker: created new log segment /workdir/hadoop-ozone/integration-test/target/test-dir/MiniOzoneClusterImpl-d2994eac-00b5-4cdc-a349-7ab37c218234/datanode-1/data/ratis/29f2e94b-c821-4d83-9228-172aef85ec02/current/log_inprogress_0
2019-10-09 13:27:16,568 [2ee9c1d3-06ba-4a5f-9d84-4afb110a7c0c@group-C50691FFC243:LeaderElection22] INFO  impl.LeaderElection (LeaderElection.java:askForVotes(182)) - 2ee9c1d3-06ba-4a5f-9d84-4afb110a7c0c@group-C50691FFC243:LeaderElection22: begin an election at term 2 for -1: [313addae-9673-478e-a4d3-465b496e5446:192.168.5.175:38767, cdccb4c0-033b-4518-9204-a7044bd7554c:192.168.5.175:35262, 2ee9c1d3-06ba-4a5f-9d84-4afb110a7c0c:192.168.5.175:45443], old=null
2019-10-09 13:27:16,571 [grpc-default-executor-2] INFO  impl.RaftServerImpl (RaftServerImpl.java:setRole(174)) - 313addae-9673-478e-a4d3-465b496e5446@group-C50691FFC243: changes role from  FOLLOWER to FOLLOWER at term 2 for recognizeCandidate:2ee9c1d3-06ba-4a5f-9d84-4afb110a7c0c
2019-10-09 13:27:16,571 [grpc-default-executor-2] INFO  impl.RoleInfo (RoleInfo.java:shutdownFollowerState(121)) - 313addae-9673-478e-a4d3-465b496e5446: shutdown FollowerState
2019-10-09 13:27:16,571 [grpc-default-executor-0] INFO  impl.RaftServerImpl (RaftServerImpl.java:setRole(174)) - cdccb4c0-033b-4518-9204-a7044bd7554c@group-C50691FFC243: changes role from  FOLLOWER to FOLLOWER at term 2 for recognizeCandidate:2ee9c1d3-06ba-4a5f-9d84-4afb110a7c0c
2019-10-09 13:27:16,571 [grpc-default-executor-2] INFO  impl.RoleInfo (RoleInfo.java:updateAndGet(143)) - 313addae-9673-478e-a4d3-465b496e5446: start FollowerState
2019-10-09 13:27:16,571 [Thread-426] INFO  impl.FollowerState (FollowerState.java:run(115)) - 313addae-9673-478e-a4d3-465b496e5446: FollowerState was interrupted: java.lang.InterruptedException: sleep interrupted
2019-10-09 13:27:16,572 [grpc-default-executor-0] INFO  impl.RoleInfo (RoleInfo.java:shutdownFollowerState(121)) - cdccb4c0-033b-4518-9204-a7044bd7554c: shutdown FollowerState
2019-10-09 13:27:16,603 [Thread-423] INFO  impl.FollowerState (FollowerState.java:run(115)) - cdccb4c0-033b-4518-9204-a7044bd7554c: FollowerState was interrupted: java.lang.InterruptedException: sleep interrupted
2019-10-09 13:27:16,603 [grpc-default-executor-0] INFO  impl.RoleInfo (RoleInfo.java:updateAndGet(143)) - cdccb4c0-033b-4518-9204-a7044bd7554c: start FollowerState
2019-10-09 13:27:16,616 [2ee9c1d3-06ba-4a5f-9d84-4afb110a7c0c@group-172AEF85EC02-SegmentedRaftLogWorker] INFO  segmented.SegmentedRaftLogWorker (SegmentedRaftLogWorker.java:execute(569)) - 2ee9c1d3-06ba-4a5f-9d84-4afb110a7c0c@group-172AEF85EC02-SegmentedRaftLogWorker: created new log segment /workdir/hadoop-ozone/integration-test/target/test-dir/MiniOzoneClusterImpl-d2994eac-00b5-4cdc-a349-7ab37c218234/datanode-5/data/ratis/29f2e94b-c821-4d83-9228-172aef85ec02/current/log_inprogress_0
2019-10-09 13:27:16,616 [313addae-9673-478e-a4d3-465b496e5446@group-172AEF85EC02-SegmentedRaftLogWorker] INFO  segmented.SegmentedRaftLogWorker (SegmentedRaftLogWorker.java:execute(569)) - 313addae-9673-478e-a4d3-465b496e5446@group-172AEF85EC02-SegmentedRaftLogWorker: created new log segment /workdir/hadoop-ozone/integration-test/target/test-dir/MiniOzoneClusterImpl-d2994eac-00b5-4cdc-a349-7ab37c218234/datanode-6/data/ratis/29f2e94b-c821-4d83-9228-172aef85ec02/current/log_inprogress_0
2019-10-09 13:27:16,617 [2ee9c1d3-06ba-4a5f-9d84-4afb110a7c0c@group-C50691FFC243:LeaderElection22] INFO  impl.LeaderElection (LeaderElection.java:logAndReturn(56)) - 2ee9c1d3-06ba-4a5f-9d84-4afb110a7c0c@group-C50691FFC243:LeaderElection22: Election PASSED; received 1 response(s) [2ee9c1d3-06ba-4a5f-9d84-4afb110a7c0c<-313addae-9673-478e-a4d3-465b496e5446#0:OK-t2] and 0 exception(s); 2ee9c1d3-06ba-4a5f-9d84-4afb110a7c0c@group-C50691FFC243:t2, leader=null, voted=2ee9c1d3-06ba-4a5f-9d84-4afb110a7c0c, raftlog=2ee9c1d3-06ba-4a5f-9d84-4afb110a7c0c@group-C50691FFC243-SegmentedRaftLog:OPENED:c-1,f-1,i0, conf=-1: [313addae-9673-478e-a4d3-465b496e5446:192.168.5.175:38767, cdccb4c0-033b-4518-9204-a7044bd7554c:192.168.5.175:35262, 2ee9c1d3-06ba-4a5f-9d84-4afb110a7c0c:192.168.5.175:45443], old=null
2019-10-09 13:27:16,618 [2ee9c1d3-06ba-4a5f-9d84-4afb110a7c0c@group-C50691FFC243:LeaderElection22] INFO  impl.RoleInfo (RoleInfo.java:shutdownLeaderElection(134)) - 2ee9c1d3-06ba-4a5f-9d84-4afb110a7c0c: shutdown LeaderElection
2019-10-09 13:27:16,618 [2ee9c1d3-06ba-4a5f-9d84-4afb110a7c0c@group-C50691FFC243:LeaderElection22] INFO  impl.RaftServerImpl (RaftServerImpl.java:setRole(174)) - 2ee9c1d3-06ba-4a5f-9d84-4afb110a7c0c@group-C50691FFC243: changes role from CANDIDATE to LEADER at term 2 for changeToLeader
2019-10-09 13:27:16,618 [2ee9c1d3-06ba-4a5f-9d84-4afb110a7c0c@group-C50691FFC243:LeaderElection22] INFO  impl.RaftServerImpl (ServerState.java:setLeader(253)) - 2ee9c1d3-06ba-4a5f-9d84-4afb110a7c0c@group-C50691FFC243: change Leader from null to 2ee9c1d3-06ba-4a5f-9d84-4afb110a7c0c at term 2 for becomeLeader, leader elected after 10396ms
2019-10-09 13:27:16,618 [2ee9c1d3-06ba-4a5f-9d84-4afb110a7c0c@group-C50691FFC243:LeaderElection22] INFO  server.RaftServerConfigKeys (ConfUtils.java:logGet(43)) - raft.server.staging.catchup.gap = 1000 (default)
2019-10-09 13:27:16,618 [2ee9c1d3-06ba-4a5f-9d84-4afb110a7c0c@group-C50691FFC243:LeaderElection22] INFO  server.RaftServerConfigKeys (ConfUtils.java:logGet(43)) - raft.server.rpc.sleep.time = 25ms (default)
2019-10-09 13:27:16,619 [2ee9c1d3-06ba-4a5f-9d84-4afb110a7c0c@group-C50691FFC243:LeaderElection22] INFO  server.RaftServerConfigKeys (ConfUtils.java:logGet(43)) - raft.server.write.element-limit = 4096 (default)
2019-10-09 13:27:16,619 [2ee9c1d3-06ba-4a5f-9d84-4afb110a7c0c@group-C50691FFC243:LeaderElection22] INFO  server.RaftServerConfigKeys (ConfUtils.java:logGet(43)) - raft.server.watch.timeout = 10s (default)
2019-10-09 13:27:16,619 [2ee9c1d3-06ba-4a5f-9d84-4afb110a7c0c@group-C50691FFC243:LeaderElection22] INFO  server.RaftServerConfigKeys (ConfUtils.java:logGet(43)) - raft.server.watch.timeout.denomination = 1s (default)
2019-10-09 13:27:16,619 [2ee9c1d3-06ba-4a5f-9d84-4afb110a7c0c@group-C50691FFC243:LeaderElection22] INFO  server.RaftServerConfigKeys (ConfUtils.java:logGet(43)) - raft.server.watch.element-limit = 65536 (default)
2019-10-09 13:27:16,622 [2ee9c1d3-06ba-4a5f-9d84-4afb110a7c0c@group-C50691FFC243:LeaderElection22] INFO  server.RaftServerConfigKeys (ConfUtils.java:logGet(43)) - raft.server.log.appender.snapshot.chunk.size.max = 16MB (=16777216) (default)
2019-10-09 13:27:16,623 [2ee9c1d3-06ba-4a5f-9d84-4afb110a7c0c@group-C50691FFC243:LeaderElection22] INFO  server.RaftServerConfigKeys (ConfUtils.java:logGet(43)) - raft.server.log.appender.buffer.byte-limit = 33554432 (custom)
2019-10-09 13:27:16,623 [2ee9c1d3-06ba-4a5f-9d84-4afb110a7c0c@group-C50691FFC243:LeaderElection22] INFO  server.RaftServerConfigKeys (ConfUtils.java:logGet(43)) - raft.server.log.appender.buffer.element-limit = 1 (custom)
2019-10-09 13:27:16,623 [2ee9c1d3-06ba-4a5f-9d84-4afb110a7c0c@group-C50691FFC243:LeaderElection22] INFO  grpc.GrpcConfigKeys$Server (ConfUtils.java:logGet(43)) - raft.grpc.server.leader.outstanding.appends.max = 128 (default)
2019-10-09 13:27:16,623 [2ee9c1d3-06ba-4a5f-9d84-4afb110a7c0c@group-C50691FFC243:LeaderElection22] INFO  server.RaftServerConfigKeys (ConfUtils.java:logGet(43)) - raft.server.rpc.request.timeout = 3000ms (default)
2019-10-09 13:27:16,624 [2ee9c1d3-06ba-4a5f-9d84-4afb110a7c0c@group-C50691FFC243:LeaderElection22] INFO  server.RaftServerConfigKeys (ConfUtils.java:logGet(43)) - raft.server.log.appender.install.snapshot.enabled = false (custom)
2019-10-09 13:27:16,624 [2ee9c1d3-06ba-4a5f-9d84-4afb110a7c0c@group-C50691FFC243:LeaderElection22] INFO  server.RaftServerConfigKeys (ConfUtils.java:logGet(43)) - raft.server.log.appender.snapshot.chunk.size.max = 16MB (=16777216) (default)
2019-10-09 13:27:16,624 [2ee9c1d3-06ba-4a5f-9d84-4afb110a7c0c@group-C50691FFC243:LeaderElection22] INFO  server.RaftServerConfigKeys (ConfUtils.java:logGet(43)) - raft.server.log.appender.buffer.byte-limit = 33554432 (custom)
2019-10-09 13:27:16,624 [2ee9c1d3-06ba-4a5f-9d84-4afb110a7c0c@group-C50691FFC243:LeaderElection22] INFO  server.RaftServerConfigKeys (ConfUtils.java:logGet(43)) - raft.server.log.appender.buffer.element-limit = 1 (custom)
2019-10-09 13:27:16,625 [2ee9c1d3-06ba-4a5f-9d84-4afb110a7c0c@group-C50691FFC243:LeaderElection22] INFO  grpc.GrpcConfigKeys$Server (ConfUtils.java:logGet(43)) - raft.grpc.server.leader.outstanding.appends.max = 128 (default)
2019-10-09 13:27:16,625 [2ee9c1d3-06ba-4a5f-9d84-4afb110a7c0c@group-C50691FFC243:LeaderElection22] INFO  server.RaftServerConfigKeys (ConfUtils.java:logGet(43)) - raft.server.rpc.request.timeout = 3000ms (default)
2019-10-09 13:27:16,625 [2ee9c1d3-06ba-4a5f-9d84-4afb110a7c0c@group-C50691FFC243:LeaderElection22] INFO  server.RaftServerConfigKeys (ConfUtils.java:logGet(43)) - raft.server.log.appender.install.snapshot.enabled = false (custom)
2019-10-09 13:27:16,625 [2ee9c1d3-06ba-4a5f-9d84-4afb110a7c0c@group-C50691FFC243:LeaderElection22] INFO  impl.RoleInfo (RoleInfo.java:updateAndGet(143)) - 2ee9c1d3-06ba-4a5f-9d84-4afb110a7c0c: start LeaderState
2019-10-09 13:27:16,626 [2ee9c1d3-06ba-4a5f-9d84-4afb110a7c0c@group-C50691FFC243:LeaderElection22] INFO  segmented.SegmentedRaftLogWorker (SegmentedRaftLogWorker.java:startLogSegment(380)) - 2ee9c1d3-06ba-4a5f-9d84-4afb110a7c0c@group-C50691FFC243-SegmentedRaftLogWorker: Starting segment from index:0
2019-10-09 13:27:16,627 [2ee9c1d3-06ba-4a5f-9d84-4afb110a7c0c@group-C50691FFC243:LeaderElection22] INFO  impl.RaftServerImpl (ServerState.java:setRaftConf(354)) - 2ee9c1d3-06ba-4a5f-9d84-4afb110a7c0c@group-C50691FFC243: set configuration 0: [313addae-9673-478e-a4d3-465b496e5446:192.168.5.175:38767, cdccb4c0-033b-4518-9204-a7044bd7554c:192.168.5.175:35262, 2ee9c1d3-06ba-4a5f-9d84-4afb110a7c0c:192.168.5.175:45443], old=null at 0
2019-10-09 13:27:16,628 [grpc-default-executor-2] INFO  impl.RaftServerImpl (ServerState.java:setLeader(253)) - cdccb4c0-033b-4518-9204-a7044bd7554c@group-C50691FFC243: change Leader from null to 2ee9c1d3-06ba-4a5f-9d84-4afb110a7c0c at term 2 for appendEntries, leader elected after 10405ms
2019-10-09 13:27:16,658 [grpc-default-executor-2] INFO  impl.RaftServerImpl (ServerState.java:setLeader(253)) - 313addae-9673-478e-a4d3-465b496e5446@group-C50691FFC243: change Leader from null to 2ee9c1d3-06ba-4a5f-9d84-4afb110a7c0c at term 2 for appendEntries, leader elected after 10436ms
2019-10-09 13:27:16,661 [grpc-default-executor-2] INFO  impl.RaftServerImpl (ServerState.java:setRaftConf(354)) - cdccb4c0-033b-4518-9204-a7044bd7554c@group-C50691FFC243: set configuration 0: [313addae-9673-478e-a4d3-465b496e5446:192.168.5.175:38767, cdccb4c0-033b-4518-9204-a7044bd7554c:192.168.5.175:35262, 2ee9c1d3-06ba-4a5f-9d84-4afb110a7c0c:192.168.5.175:45443], old=null at 0
2019-10-09 13:27:16,662 [grpc-default-executor-2] INFO  segmented.SegmentedRaftLogWorker (SegmentedRaftLogWorker.java:startLogSegment(380)) - cdccb4c0-033b-4518-9204-a7044bd7554c@group-C50691FFC243-SegmentedRaftLogWorker: Starting segment from index:0
2019-10-09 13:27:16,662 [grpc-default-executor-0] INFO  impl.RaftServerImpl (ServerState.java:setRaftConf(354)) - 313addae-9673-478e-a4d3-465b496e5446@group-C50691FFC243: set configuration 0: [313addae-9673-478e-a4d3-465b496e5446:192.168.5.175:38767, cdccb4c0-033b-4518-9204-a7044bd7554c:192.168.5.175:35262, 2ee9c1d3-06ba-4a5f-9d84-4afb110a7c0c:192.168.5.175:45443], old=null at 0
2019-10-09 13:27:16,663 [grpc-default-executor-0] INFO  segmented.SegmentedRaftLogWorker (SegmentedRaftLogWorker.java:startLogSegment(380)) - 313addae-9673-478e-a4d3-465b496e5446@group-C50691FFC243-SegmentedRaftLogWorker: Starting segment from index:0
2019-10-09 13:27:16,670 [2ee9c1d3-06ba-4a5f-9d84-4afb110a7c0c@group-C50691FFC243-SegmentedRaftLogWorker] INFO  segmented.SegmentedRaftLogWorker (SegmentedRaftLogWorker.java:execute(569)) - 2ee9c1d3-06ba-4a5f-9d84-4afb110a7c0c@group-C50691FFC243-SegmentedRaftLogWorker: created new log segment /workdir/hadoop-ozone/integration-test/target/test-dir/MiniOzoneClusterImpl-d2994eac-00b5-4cdc-a349-7ab37c218234/datanode-5/data/ratis/2fc50fd3-7190-4ecd-83bc-c50691ffc243/current/log_inprogress_0
2019-10-09 13:27:16,701 [313addae-9673-478e-a4d3-465b496e5446@group-C50691FFC243-SegmentedRaftLogWorker] INFO  segmented.SegmentedRaftLogWorker (SegmentedRaftLogWorker.java:execute(569)) - 313addae-9673-478e-a4d3-465b496e5446@group-C50691FFC243-SegmentedRaftLogWorker: created new log segment /workdir/hadoop-ozone/integration-test/target/test-dir/MiniOzoneClusterImpl-d2994eac-00b5-4cdc-a349-7ab37c218234/datanode-6/data/ratis/2fc50fd3-7190-4ecd-83bc-c50691ffc243/current/log_inprogress_0
2019-10-09 13:27:16,701 [cdccb4c0-033b-4518-9204-a7044bd7554c@group-C50691FFC243-SegmentedRaftLogWorker] INFO  segmented.SegmentedRaftLogWorker (SegmentedRaftLogWorker.java:execute(569)) - cdccb4c0-033b-4518-9204-a7044bd7554c@group-C50691FFC243-SegmentedRaftLogWorker: created new log segment /workdir/hadoop-ozone/integration-test/target/test-dir/MiniOzoneClusterImpl-d2994eac-00b5-4cdc-a349-7ab37c218234/datanode-1/data/ratis/2fc50fd3-7190-4ecd-83bc-c50691ffc243/current/log_inprogress_0
2019-10-09 13:27:17,313 [RatisApplyTransactionExecutor 1] INFO  interfaces.Container (KeyValueContainer.java:flushAndSyncDB(386)) - Container 1 is synced with bcsId 6.
2019-10-09 13:27:17,314 [RatisApplyTransactionExecutor 1] INFO  interfaces.Container (KeyValueContainer.java:flushAndSyncDB(386)) - Container 1 is synced with bcsId 6.
2019-10-09 13:27:17,332 [RatisApplyTransactionExecutor 1] INFO  interfaces.Container (KeyValueContainer.java:close(335)) - Container 1 is closed with bcsId 6.
2019-10-09 13:27:17,334 [EventQueue-IncrementalContainerReportForIncrementalContainerReportHandler] INFO  container.IncrementalContainerReportHandler (AbstractContainerReportHandler.java:updateContainerState(176)) - Moving container #1 to CLOSED state, datanode cdccb4c0-033b-4518-9204-a7044bd7554c{ip: 192.168.5.175, host: pr-hdds-1569-mfl88-1504498049, networkLocation: /default-rack, certSerialId: null} reported CLOSED replica.
2019-10-09 13:27:17,344 [RatisApplyTransactionExecutor 1] INFO  interfaces.Container (KeyValueContainer.java:flushAndSyncDB(386)) - Container 1 is synced with bcsId 6.
2019-10-09 13:27:17,344 [RatisApplyTransactionExecutor 1] INFO  interfaces.Container (KeyValueContainer.java:flushAndSyncDB(386)) - Container 1 is synced with bcsId 6.
2019-10-09 13:27:17,348 [RatisApplyTransactionExecutor 1] INFO  interfaces.Container (KeyValueContainer.java:flushAndSyncDB(386)) - Container 1 is synced with bcsId 6.
2019-10-09 13:27:17,347 [RatisApplyTransactionExecutor 1] INFO  interfaces.Container (KeyValueContainer.java:flushAndSyncDB(386)) - Container 1 is synced with bcsId 6.
2019-10-09 13:27:17,376 [RatisApplyTransactionExecutor 1] INFO  interfaces.Container (KeyValueContainer.java:close(335)) - Container 1 is closed with bcsId 6.
2019-10-09 13:27:17,376 [RatisApplyTransactionExecutor 1] INFO  interfaces.Container (KeyValueContainer.java:close(335)) - Container 1 is closed with bcsId 6.
2019-10-09 13:27:17,413 [RatisApplyTransactionExecutor 2] INFO  interfaces.Container (KeyValueContainer.java:flushAndSyncDB(386)) - Container 2 is synced with bcsId 5.
2019-10-09 13:27:17,414 [RatisApplyTransactionExecutor 2] INFO  interfaces.Container (KeyValueContainer.java:flushAndSyncDB(386)) - Container 2 is synced with bcsId 5.
2019-10-09 13:27:17,429 [RatisApplyTransactionExecutor 2] INFO  interfaces.Container (KeyValueContainer.java:close(335)) - Container 2 is closed with bcsId 5.
2019-10-09 13:27:17,431 [EventQueue-IncrementalContainerReportForIncrementalContainerReportHandler] INFO  container.IncrementalContainerReportHandler (AbstractContainerReportHandler.java:updateContainerState(176)) - Moving container #2 to CLOSED state, datanode cdccb4c0-033b-4518-9204-a7044bd7554c{ip: 192.168.5.175, host: pr-hdds-1569-mfl88-1504498049, networkLocation: /default-rack, certSerialId: null} reported CLOSED replica.
2019-10-09 13:27:17,441 [RatisApplyTransactionExecutor 2] INFO  interfaces.Container (KeyValueContainer.java:flushAndSyncDB(386)) - Container 2 is synced with bcsId 5.
2019-10-09 13:27:17,441 [RatisApplyTransactionExecutor 2] INFO  interfaces.Container (KeyValueContainer.java:flushAndSyncDB(386)) - Container 2 is synced with bcsId 5.
2019-10-09 13:27:17,442 [RatisApplyTransactionExecutor 2] INFO  interfaces.Container (KeyValueContainer.java:flushAndSyncDB(386)) - Container 2 is synced with bcsId 5.
2019-10-09 13:27:17,442 [RatisApplyTransactionExecutor 2] INFO  interfaces.Container (KeyValueContainer.java:flushAndSyncDB(386)) - Container 2 is synced with bcsId 5.
2019-10-09 13:27:17,446 [main] INFO  ozoneimpl.OzoneContainer (OzoneContainer.java:stop(231)) - Attempting to stop container services.
2019-10-09 13:27:17,447 [main] INFO  impl.RaftServerProxy (RaftServerProxy.java:lambda$close$4(314)) - 313addae-9673-478e-a4d3-465b496e5446: close
2019-10-09 13:27:17,458 [RatisApplyTransactionExecutor 2] INFO  interfaces.Container (KeyValueContainer.java:close(335)) - Container 2 is closed with bcsId 5.
2019-10-09 13:27:17,458 [RatisApplyTransactionExecutor 2] INFO  interfaces.Container (KeyValueContainer.java:close(335)) - Container 2 is closed with bcsId 5.
2019-10-09 13:27:17,462 [main] INFO  impl.RaftServerImpl (RaftServerImpl.java:lambda$shutdown$3(251)) - 313addae-9673-478e-a4d3-465b496e5446@group-07D9489D24AB: shutdown
2019-10-09 13:27:17,462 [ForkJoinPool.commonPool-worker-1] INFO  impl.RaftServerImpl (RaftServerImpl.java:lambda$shutdown$3(251)) - 313addae-9673-478e-a4d3-465b496e5446@group-422496AB57CF: shutdown
2019-10-09 13:27:17,462 [main] INFO  util.JmxRegister (JmxRegister.java:unregister(73)) - Successfully un-registered JMX Bean with object name Ratis:service=RaftServer,group=group-07D9489D24AB,id=313addae-9673-478e-a4d3-465b496e5446
2019-10-09 13:27:17,462 [ForkJoinPool.commonPool-worker-1] INFO  util.JmxRegister (JmxRegister.java:unregister(73)) - Successfully un-registered JMX Bean with object name Ratis:service=RaftServer,group=group-422496AB57CF,id=313addae-9673-478e-a4d3-465b496e5446
2019-10-09 13:27:17,463 [main] INFO  impl.RoleInfo (RoleInfo.java:shutdownLeaderState(104)) - 313addae-9673-478e-a4d3-465b496e5446: shutdown LeaderState
2019-10-09 13:27:17,463 [ForkJoinPool.commonPool-worker-1] INFO  impl.RoleInfo (RoleInfo.java:shutdownFollowerState(121)) - 313addae-9673-478e-a4d3-465b496e5446: shutdown FollowerState
2019-10-09 13:27:17,464 [ForkJoinPool.commonPool-worker-1] INFO  impl.StateMachineUpdater (StateMachineUpdater.java:stopAndJoin(125)) - 313addae-9673-478e-a4d3-465b496e5446@group-422496AB57CF-StateMachineUpdater: set stopIndex = 0
2019-10-09 13:27:17,464 [Thread-443] INFO  impl.FollowerState (FollowerState.java:run(115)) - 313addae-9673-478e-a4d3-465b496e5446: FollowerState was interrupted: java.lang.InterruptedException: sleep interrupted
2019-10-09 13:27:17,464 [main] INFO  impl.PendingRequests (PendingRequests.java:sendNotLeaderResponses(202)) - 313addae-9673-478e-a4d3-465b496e5446-PendingRequests: sendNotLeaderResponses
2019-10-09 13:27:17,464 [ForkJoinPool.commonPool-worker-1] INFO  impl.RaftServerImpl (ServerState.java:close(385)) - 313addae-9673-478e-a4d3-465b496e5446@group-422496AB57CF: closes. applyIndex: 0
2019-10-09 13:27:17,480 [313addae-9673-478e-a4d3-465b496e5446@group-422496AB57CF-SegmentedRaftLogWorker] INFO  segmented.SegmentedRaftLogWorker (SegmentedRaftLogWorker.java:run(313)) - 313addae-9673-478e-a4d3-465b496e5446@group-422496AB57CF-SegmentedRaftLogWorker was interrupted, exiting. There are 0 tasks remaining in the queue.
2019-10-09 13:27:17,466 [main] INFO  impl.StateMachineUpdater (StateMachineUpdater.java:stopAndJoin(125)) - 313addae-9673-478e-a4d3-465b496e5446@group-07D9489D24AB-StateMachineUpdater: set stopIndex = 0
2019-10-09 13:27:17,485 [ForkJoinPool.commonPool-worker-1] INFO  segmented.SegmentedRaftLogWorker (SegmentedRaftLogWorker.java:close(228)) - 313addae-9673-478e-a4d3-465b496e5446@group-422496AB57CF-SegmentedRaftLogWorker close()
2019-10-09 13:27:17,485 [main] INFO  impl.RaftServerImpl (ServerState.java:close(385)) - 313addae-9673-478e-a4d3-465b496e5446@group-07D9489D24AB: closes. applyIndex: 0
2019-10-09 13:27:17,489 [ForkJoinPool.commonPool-worker-1] INFO  impl.RaftServerImpl (RaftServerImpl.java:lambda$shutdown$3(251)) - 313addae-9673-478e-a4d3-465b496e5446@group-D8B421D1DDFF: shutdown
2019-10-09 13:27:17,490 [ForkJoinPool.commonPool-worker-1] INFO  util.JmxRegister (JmxRegister.java:unregister(73)) - Successfully un-registered JMX Bean with object name Ratis:service=RaftServer,group=group-D8B421D1DDFF,id=313addae-9673-478e-a4d3-465b496e5446
2019-10-09 13:27:17,490 [313addae-9673-478e-a4d3-465b496e5446@group-07D9489D24AB-SegmentedRaftLogWorker] INFO  segmented.SegmentedRaftLogWorker (SegmentedRaftLogWorker.java:run(313)) - 313addae-9673-478e-a4d3-465b496e5446@group-07D9489D24AB-SegmentedRaftLogWorker was interrupted, exiting. There are 0 tasks remaining in the queue.
2019-10-09 13:27:17,490 [ForkJoinPool.commonPool-worker-1] INFO  impl.RoleInfo (RoleInfo.java:shutdownFollowerState(121)) - 313addae-9673-478e-a4d3-465b496e5446: shutdown FollowerState
2019-10-09 13:27:17,492 [ForkJoinPool.commonPool-worker-1] INFO  impl.StateMachineUpdater (StateMachineUpdater.java:stopAndJoin(125)) - 313addae-9673-478e-a4d3-465b496e5446@group-D8B421D1DDFF-StateMachineUpdater: set stopIndex = 9
2019-10-09 13:27:17,493 [main] INFO  segmented.SegmentedRaftLogWorker (SegmentedRaftLogWorker.java:close(228)) - 313addae-9673-478e-a4d3-465b496e5446@group-07D9489D24AB-SegmentedRaftLogWorker close()
2019-10-09 13:27:17,493 [Thread-357] INFO  impl.FollowerState (FollowerState.java:run(115)) - 313addae-9673-478e-a4d3-465b496e5446: FollowerState was interrupted: java.lang.InterruptedException: sleep interrupted
2019-10-09 13:27:17,493 [313addae-9673-478e-a4d3-465b496e5446@group-D8B421D1DDFF-StateMachineUpdater] INFO  ratis.ContainerStateMachine (ContainerStateMachine.java:takeSnapshot(289)) - group-D8B421D1DDFF: Taking a snapshot at:(t:1, i:9) file /workdir/hadoop-ozone/integration-test/target/test-dir/MiniOzoneClusterImpl-d2994eac-00b5-4cdc-a349-7ab37c218234/datanode-6/data/ratis/2818c167-bf96-4815-b7ba-d8b421d1ddff/sm/snapshot.1_9
2019-10-09 13:27:17,496 [main] INFO  impl.RaftServerImpl (RaftServerImpl.java:lambda$shutdown$3(251)) - 313addae-9673-478e-a4d3-465b496e5446@group-5C56A161F3F8: shutdown
2019-10-09 13:27:17,497 [main] INFO  util.JmxRegister (JmxRegister.java:unregister(73)) - Successfully un-registered JMX Bean with object name Ratis:service=RaftServer,group=group-5C56A161F3F8,id=313addae-9673-478e-a4d3-465b496e5446
2019-10-09 13:27:17,498 [main] INFO  impl.RoleInfo (RoleInfo.java:shutdownFollowerState(121)) - 313addae-9673-478e-a4d3-465b496e5446: shutdown FollowerState
2019-10-09 13:27:17,513 [main] INFO  impl.StateMachineUpdater (StateMachineUpdater.java:stopAndJoin(125)) - 313addae-9673-478e-a4d3-465b496e5446@group-5C56A161F3F8-StateMachineUpdater: set stopIndex = 0
2019-10-09 13:27:17,513 [main] INFO  impl.RaftServerImpl (ServerState.java:close(385)) - 313addae-9673-478e-a4d3-465b496e5446@group-5C56A161F3F8: closes. applyIndex: 0
2019-10-09 13:27:17,513 [Thread-374] INFO  impl.FollowerState (FollowerState.java:run(115)) - 313addae-9673-478e-a4d3-465b496e5446: FollowerState was interrupted: java.lang.InterruptedException: sleep interrupted
2019-10-09 13:27:17,514 [313addae-9673-478e-a4d3-465b496e5446@group-5C56A161F3F8-SegmentedRaftLogWorker] INFO  segmented.SegmentedRaftLogWorker (SegmentedRaftLogWorker.java:run(313)) - 313addae-9673-478e-a4d3-465b496e5446@group-5C56A161F3F8-SegmentedRaftLogWorker was interrupted, exiting. There are 0 tasks remaining in the queue.
2019-10-09 13:27:17,517 [main] INFO  segmented.SegmentedRaftLogWorker (SegmentedRaftLogWorker.java:close(228)) - 313addae-9673-478e-a4d3-465b496e5446@group-5C56A161F3F8-SegmentedRaftLogWorker close()
2019-10-09 13:27:17,520 [main] INFO  impl.RaftServerImpl (RaftServerImpl.java:lambda$shutdown$3(251)) - 313addae-9673-478e-a4d3-465b496e5446@group-48F8B2C4EF7F: shutdown
2019-10-09 13:27:17,520 [main] INFO  util.JmxRegister (JmxRegister.java:unregister(73)) - Successfully un-registered JMX Bean with object name Ratis:service=RaftServer,group=group-48F8B2C4EF7F,id=313addae-9673-478e-a4d3-465b496e5446
2019-10-09 13:27:17,521 [main] INFO  impl.RoleInfo (RoleInfo.java:shutdownLeaderState(104)) - 313addae-9673-478e-a4d3-465b496e5446: shutdown LeaderState
2019-10-09 13:27:17,523 [org.apache.ratis.server.impl.LogAppender$AppenderDaemon$$Lambda$479/1326070691@5e73f28a] WARN  server.GrpcLogAppender (GrpcLogAppender.java:mayWait(143)) - 313addae-9673-478e-a4d3-465b496e5446@group-48F8B2C4EF7F->cdccb4c0-033b-4518-9204-a7044bd7554c-GrpcLogAppender: Wait interrupted by java.lang.InterruptedException
2019-10-09 13:27:17,526 [grpc-default-executor-0] INFO  server.GrpcServerProtocolService (GrpcServerProtocolService.java:onCompleted(113)) - cdccb4c0-033b-4518-9204-a7044bd7554c: Completed APPEND_ENTRIES, lastRequest: 313addae-9673-478e-a4d3-465b496e5446->cdccb4c0-033b-4518-9204-a7044bd7554c#3-t1, previous=(t:1, i:0), leaderCommit=0, initializing? false, entries: <empty>
2019-10-09 13:27:17,527 [grpc-default-executor-0] INFO  server.GrpcLogAppender (GrpcLogAppender.java:onCompleted(293)) - 313addae-9673-478e-a4d3-465b496e5446@group-48F8B2C4EF7F->cdccb4c0-033b-4518-9204-a7044bd7554c-AppendLogResponseHandler: follower responses appendEntries COMPLETED
2019-10-09 13:27:17,536 [org.apache.ratis.server.impl.LogAppender$AppenderDaemon$$Lambda$479/1326070691@784c330] WARN  server.GrpcLogAppender (GrpcLogAppender.java:mayWait(143)) - 313addae-9673-478e-a4d3-465b496e5446@group-48F8B2C4EF7F->2ee9c1d3-06ba-4a5f-9d84-4afb110a7c0c-GrpcLogAppender: Wait interrupted by java.lang.InterruptedException
2019-10-09 13:27:17,536 [main] INFO  impl.PendingRequests (PendingRequests.java:sendNotLeaderResponses(202)) - 313addae-9673-478e-a4d3-465b496e5446-PendingRequests: sendNotLeaderResponses
2019-10-09 13:27:17,539 [grpc-default-executor-2] INFO  server.GrpcServerProtocolService (GrpcServerProtocolService.java:onCompleted(113)) - 2ee9c1d3-06ba-4a5f-9d84-4afb110a7c0c: Completed APPEND_ENTRIES, lastRequest: 313addae-9673-478e-a4d3-465b496e5446->2ee9c1d3-06ba-4a5f-9d84-4afb110a7c0c#3-t1, previous=(t:1, i:0), leaderCommit=0, initializing? false, entries: <empty>
2019-10-09 13:27:17,540 [main] INFO  impl.StateMachineUpdater (StateMachineUpdater.java:stopAndJoin(125)) - 313addae-9673-478e-a4d3-465b496e5446@group-48F8B2C4EF7F-StateMachineUpdater: set stopIndex = 0
2019-10-09 13:27:17,541 [main] INFO  impl.RaftServerImpl (ServerState.java:close(385)) - 313addae-9673-478e-a4d3-465b496e5446@group-48F8B2C4EF7F: closes. applyIndex: 0
2019-10-09 13:27:17,541 [grpc-default-executor-0] INFO  impl.FollowerInfo (FollowerInfo.java:lambda$new$0(51)) - 313addae-9673-478e-a4d3-465b496e5446@group-48F8B2C4EF7F->cdccb4c0-033b-4518-9204-a7044bd7554c: nextIndex: updateUnconditionally 1 -> 0
2019-10-09 13:27:17,541 [grpc-default-executor-2] INFO  server.GrpcLogAppender (GrpcLogAppender.java:onCompleted(293)) - 313addae-9673-478e-a4d3-465b496e5446@group-48F8B2C4EF7F->2ee9c1d3-06ba-4a5f-9d84-4afb110a7c0c-AppendLogResponseHandler: follower responses appendEntries COMPLETED
2019-10-09 13:27:17,542 [313addae-9673-478e-a4d3-465b496e5446@group-48F8B2C4EF7F-SegmentedRaftLogWorker] INFO  segmented.SegmentedRaftLogWorker (SegmentedRaftLogWorker.java:run(313)) - 313addae-9673-478e-a4d3-465b496e5446@group-48F8B2C4EF7F-SegmentedRaftLogWorker was interrupted, exiting. There are 0 tasks remaining in the queue.
2019-10-09 13:27:17,543 [grpc-default-executor-2] INFO  impl.FollowerInfo (FollowerInfo.java:lambda$new$0(51)) - 313addae-9673-478e-a4d3-465b496e5446@group-48F8B2C4EF7F->2ee9c1d3-06ba-4a5f-9d84-4afb110a7c0c: nextIndex: updateUnconditionally 1 -> 0
2019-10-09 13:27:17,543 [313addae-9673-478e-a4d3-465b496e5446@group-D8B421D1DDFF-StateMachineUpdater] INFO  ratis.ContainerStateMachine (ContainerStateMachine.java:takeSnapshot(300)) - group-D8B421D1DDFF: Finished taking a snapshot at:(t:1, i:9) file:/workdir/hadoop-ozone/integration-test/target/test-dir/MiniOzoneClusterImpl-d2994eac-00b5-4cdc-a349-7ab37c218234/datanode-6/data/ratis/2818c167-bf96-4815-b7ba-d8b421d1ddff/sm/snapshot.1_9 time:51
2019-10-09 13:27:17,548 [main] INFO  segmented.SegmentedRaftLogWorker (SegmentedRaftLogWorker.java:close(228)) - 313addae-9673-478e-a4d3-465b496e5446@group-48F8B2C4EF7F-SegmentedRaftLogWorker close()
2019-10-09 13:27:17,553 [313addae-9673-478e-a4d3-465b496e5446@group-D8B421D1DDFF-StateMachineUpdater] INFO  impl.StateMachineUpdater (StateMachineUpdater.java:takeSnapshot(258)) - 313addae-9673-478e-a4d3-465b496e5446@group-D8B421D1DDFF-StateMachineUpdater: Took a snapshot at index 9
2019-10-09 13:27:17,553 [313addae-9673-478e-a4d3-465b496e5446@group-D8B421D1DDFF-StateMachineUpdater] INFO  impl.StateMachineUpdater (StateMachineUpdater.java:lambda$new$0(83)) - 313addae-9673-478e-a4d3-465b496e5446@group-D8B421D1DDFF-StateMachineUpdater: snapshotIndex: updateIncreasingly -1 -> 9
2019-10-09 13:27:17,577 [ForkJoinPool.commonPool-worker-1] INFO  impl.RaftServerImpl (ServerState.java:close(385)) - 313addae-9673-478e-a4d3-465b496e5446@group-D8B421D1DDFF: closes. applyIndex: 9
2019-10-09 13:27:17,578 [313addae-9673-478e-a4d3-465b496e5446@group-D8B421D1DDFF-SegmentedRaftLogWorker] INFO  segmented.SegmentedRaftLogWorker (SegmentedRaftLogWorker.java:run(313)) - 313addae-9673-478e-a4d3-465b496e5446@group-D8B421D1DDFF-SegmentedRaftLogWorker was interrupted, exiting. There are 0 tasks remaining in the queue.
2019-10-09 13:27:17,581 [ForkJoinPool.commonPool-worker-1] INFO  segmented.SegmentedRaftLogWorker (SegmentedRaftLogWorker.java:close(228)) - 313addae-9673-478e-a4d3-465b496e5446@group-D8B421D1DDFF-SegmentedRaftLogWorker close()
2019-10-09 13:27:17,583 [ForkJoinPool.commonPool-worker-1] INFO  impl.RaftServerImpl (RaftServerImpl.java:lambda$shutdown$3(251)) - 313addae-9673-478e-a4d3-465b496e5446@group-AC71D93F9A37: shutdown
2019-10-09 13:27:17,584 [ForkJoinPool.commonPool-worker-1] INFO  util.JmxRegister (JmxRegister.java:unregister(73)) - Successfully un-registered JMX Bean with object name Ratis:service=RaftServer,group=group-AC71D93F9A37,id=313addae-9673-478e-a4d3-465b496e5446
2019-10-09 13:27:17,584 [ForkJoinPool.commonPool-worker-1] INFO  impl.RoleInfo (RoleInfo.java:shutdownFollowerState(121)) - 313addae-9673-478e-a4d3-465b496e5446: shutdown FollowerState
2019-10-09 13:27:17,584 [ForkJoinPool.commonPool-worker-1] INFO  impl.StateMachineUpdater (StateMachineUpdater.java:stopAndJoin(125)) - 313addae-9673-478e-a4d3-465b496e5446@group-AC71D93F9A37-StateMachineUpdater: set stopIndex = 9
2019-10-09 13:27:17,584 [Thread-365] INFO  impl.FollowerState (FollowerState.java:run(115)) - 313addae-9673-478e-a4d3-465b496e5446: FollowerState was interrupted: java.lang.InterruptedException: sleep interrupted
2019-10-09 13:27:17,584 [313addae-9673-478e-a4d3-465b496e5446@group-AC71D93F9A37-StateMachineUpdater] INFO  ratis.ContainerStateMachine (ContainerStateMachine.java:takeSnapshot(289)) - group-AC71D93F9A37: Taking a snapshot at:(t:1, i:9) file /workdir/hadoop-ozone/integration-test/target/test-dir/MiniOzoneClusterImpl-d2994eac-00b5-4cdc-a349-7ab37c218234/datanode-6/data/ratis/7368f3be-cd11-4eba-bfd8-ac71d93f9a37/sm/snapshot.1_9
2019-10-09 13:27:17,597 [313addae-9673-478e-a4d3-465b496e5446@group-AC71D93F9A37-StateMachineUpdater] INFO  ratis.ContainerStateMachine (ContainerStateMachine.java:takeSnapshot(300)) - group-AC71D93F9A37: Finished taking a snapshot at:(t:1, i:9) file:/workdir/hadoop-ozone/integration-test/target/test-dir/MiniOzoneClusterImpl-d2994eac-00b5-4cdc-a349-7ab37c218234/datanode-6/data/ratis/7368f3be-cd11-4eba-bfd8-ac71d93f9a37/sm/snapshot.1_9 time:13
2019-10-09 13:27:17,598 [313addae-9673-478e-a4d3-465b496e5446@group-AC71D93F9A37-StateMachineUpdater] INFO  impl.StateMachineUpdater (StateMachineUpdater.java:takeSnapshot(258)) - 313addae-9673-478e-a4d3-465b496e5446@group-AC71D93F9A37-StateMachineUpdater: Took a snapshot at index 9
2019-10-09 13:27:17,598 [313addae-9673-478e-a4d3-465b496e5446@group-AC71D93F9A37-StateMachineUpdater] INFO  impl.StateMachineUpdater (StateMachineUpdater.java:lambda$new$0(83)) - 313addae-9673-478e-a4d3-465b496e5446@group-AC71D93F9A37-StateMachineUpdater: snapshotIndex: updateIncreasingly -1 -> 9
2019-10-09 13:27:17,598 [ForkJoinPool.commonPool-worker-1] INFO  impl.RaftServerImpl (ServerState.java:close(385)) - 313addae-9673-478e-a4d3-465b496e5446@group-AC71D93F9A37: closes. applyIndex: 9
2019-10-09 13:27:17,599 [313addae-9673-478e-a4d3-465b496e5446@group-AC71D93F9A37-SegmentedRaftLogWorker] INFO  segmented.SegmentedRaftLogWorker (SegmentedRaftLogWorker.java:run(313)) - 313addae-9673-478e-a4d3-465b496e5446@group-AC71D93F9A37-SegmentedRaftLogWorker was interrupted, exiting. There are 0 tasks remaining in the queue.
2019-10-09 13:27:17,610 [ForkJoinPool.commonPool-worker-1] INFO  segmented.SegmentedRaftLogWorker (SegmentedRaftLogWorker.java:close(228)) - 313addae-9673-478e-a4d3-465b496e5446@group-AC71D93F9A37-SegmentedRaftLogWorker close()
2019-10-09 13:27:17,613 [ForkJoinPool.commonPool-worker-1] INFO  impl.RaftServerImpl (RaftServerImpl.java:lambda$shutdown$3(251)) - 313addae-9673-478e-a4d3-465b496e5446@group-C50691FFC243: shutdown
2019-10-09 13:27:17,614 [ForkJoinPool.commonPool-worker-1] INFO  util.JmxRegister (JmxRegister.java:unregister(73)) - Successfully un-registered JMX Bean with object name Ratis:service=RaftServer,group=group-C50691FFC243,id=313addae-9673-478e-a4d3-465b496e5446
2019-10-09 13:27:17,614 [ForkJoinPool.commonPool-worker-1] INFO  impl.RoleInfo (RoleInfo.java:shutdownFollowerState(121)) - 313addae-9673-478e-a4d3-465b496e5446: shutdown FollowerState
2019-10-09 13:27:17,614 [ForkJoinPool.commonPool-worker-1] INFO  impl.StateMachineUpdater (StateMachineUpdater.java:stopAndJoin(125)) - 313addae-9673-478e-a4d3-465b496e5446@group-C50691FFC243-StateMachineUpdater: set stopIndex = -1
2019-10-09 13:27:17,614 [Thread-534] INFO  impl.FollowerState (FollowerState.java:run(115)) - 313addae-9673-478e-a4d3-465b496e5446: FollowerState was interrupted: java.lang.InterruptedException: sleep interrupted
2019-10-09 13:27:17,614 [ForkJoinPool.commonPool-worker-1] INFO  impl.RaftServerImpl (ServerState.java:close(385)) - 313addae-9673-478e-a4d3-465b496e5446@group-C50691FFC243: closes. applyIndex: -1
2019-10-09 13:27:17,616 [313addae-9673-478e-a4d3-465b496e5446@group-C50691FFC243-SegmentedRaftLogWorker] INFO  segmented.SegmentedRaftLogWorker (SegmentedRaftLogWorker.java:run(313)) - 313addae-9673-478e-a4d3-465b496e5446@group-C50691FFC243-SegmentedRaftLogWorker was interrupted, exiting. There are 0 tasks remaining in the queue.
2019-10-09 13:27:17,618 [ForkJoinPool.commonPool-worker-1] INFO  segmented.SegmentedRaftLogWorker (SegmentedRaftLogWorker.java:close(228)) - 313addae-9673-478e-a4d3-465b496e5446@group-C50691FFC243-SegmentedRaftLogWorker close()
2019-10-09 13:27:17,620 [ForkJoinPool.commonPool-worker-1] INFO  impl.RaftServerImpl (RaftServerImpl.java:lambda$shutdown$3(251)) - 313addae-9673-478e-a4d3-465b496e5446@group-172AEF85EC02: shutdown
2019-10-09 13:27:17,621 [ForkJoinPool.commonPool-worker-1] INFO  util.JmxRegister (JmxRegister.java:unregister(73)) - Successfully un-registered JMX Bean with object name Ratis:service=RaftServer,group=group-172AEF85EC02,id=313addae-9673-478e-a4d3-465b496e5446
2019-10-09 13:27:17,621 [ForkJoinPool.commonPool-worker-1] INFO  impl.RoleInfo (RoleInfo.java:shutdownFollowerState(121)) - 313addae-9673-478e-a4d3-465b496e5446: shutdown FollowerState
2019-10-09 13:27:17,621 [ForkJoinPool.commonPool-worker-1] INFO  impl.StateMachineUpdater (StateMachineUpdater.java:stopAndJoin(125)) - 313addae-9673-478e-a4d3-465b496e5446@group-172AEF85EC02-StateMachineUpdater: set stopIndex = -1
2019-10-09 13:27:17,621 [Thread-522] INFO  impl.FollowerState (FollowerState.java:run(115)) - 313addae-9673-478e-a4d3-465b496e5446: FollowerState was interrupted: java.lang.InterruptedException: sleep interrupted
2019-10-09 13:27:17,621 [ForkJoinPool.commonPool-worker-1] INFO  impl.RaftServerImpl (ServerState.java:close(385)) - 313addae-9673-478e-a4d3-465b496e5446@group-172AEF85EC02: closes. applyIndex: -1
2019-10-09 13:27:17,623 [313addae-9673-478e-a4d3-465b496e5446@group-172AEF85EC02-SegmentedRaftLogWorker] INFO  segmented.SegmentedRaftLogWorker (SegmentedRaftLogWorker.java:run(313)) - 313addae-9673-478e-a4d3-465b496e5446@group-172AEF85EC02-SegmentedRaftLogWorker was interrupted, exiting. There are 0 tasks remaining in the queue.
2019-10-09 13:27:17,625 [ForkJoinPool.commonPool-worker-1] INFO  segmented.SegmentedRaftLogWorker (SegmentedRaftLogWorker.java:close(228)) - 313addae-9673-478e-a4d3-465b496e5446@group-172AEF85EC02-SegmentedRaftLogWorker close()
2019-10-09 13:27:17,628 [main] INFO  server.GrpcService (GrpcService.java:closeImpl(164)) - 313addae-9673-478e-a4d3-465b496e5446: shutdown server with port 38767 now
2019-10-09 13:27:17,634 [main] INFO  server.GrpcService (GrpcService.java:closeImpl(172)) - 313addae-9673-478e-a4d3-465b496e5446: shutdown server with port 38767 successfully
2019-10-09 13:27:17,634 [grpc-default-executor-5] WARN  server.GrpcServerProtocolService (LogUtils.java:warn(134)) - 313addae-9673-478e-a4d3-465b496e5446: installSnapshot onError, lastRequest: cdccb4c0-033b-4518-9204-a7044bd7554c->313addae-9673-478e-a4d3-465b496e5446#13-t1, previous=(t:1, i:9), leaderCommit=9, initializing? false, entries: size=1, first=(t:1, i:10), METADATAENTRY(c9): org.apache.ratis.thirdparty.io.grpc.StatusRuntimeException: CANCELLED: cancelled before receiving half close
2019-10-09 13:27:17,634 [grpc-default-executor-6] WARN  server.GrpcServerProtocolService (LogUtils.java:warn(134)) - 313addae-9673-478e-a4d3-465b496e5446: installSnapshot onError, lastRequest: cdccb4c0-033b-4518-9204-a7044bd7554c->313addae-9673-478e-a4d3-465b496e5446#3-t1, previous=(t:1, i:0), leaderCommit=0, initializing? false, entries: <empty>: org.apache.ratis.thirdparty.io.grpc.StatusRuntimeException: CANCELLED: cancelled before receiving half close
2019-10-09 13:27:17,634 [grpc-default-executor-3] WARN  server.GrpcServerProtocolService (LogUtils.java:warn(134)) - 313addae-9673-478e-a4d3-465b496e5446: installSnapshot onError, lastRequest: 2ee9c1d3-06ba-4a5f-9d84-4afb110a7c0c->313addae-9673-478e-a4d3-465b496e5446#3-t1, previous=(t:1, i:0), leaderCommit=0, initializing? false, entries: <empty>: org.apache.ratis.thirdparty.io.grpc.StatusRuntimeException: CANCELLED: cancelled before receiving half close
2019-10-09 13:27:17,634 [grpc-default-executor-0] WARN  server.GrpcServerProtocolService (LogUtils.java:warn(134)) - 313addae-9673-478e-a4d3-465b496e5446: installSnapshot onError, lastRequest: 2ee9c1d3-06ba-4a5f-9d84-4afb110a7c0c->313addae-9673-478e-a4d3-465b496e5446#1-t2, previous=(t:0, i:0), leaderCommit=-1, initializing? false, entries: size=1, first=(t:2, i:0), CONFIGURATIONENTRY: org.apache.ratis.thirdparty.io.grpc.StatusRuntimeException: CANCELLED: cancelled before receiving half close
2019-10-09 13:27:17,634 [grpc-default-executor-1] WARN  server.GrpcServerProtocolService (LogUtils.java:warn(134)) - 313addae-9673-478e-a4d3-465b496e5446: installSnapshot onError, lastRequest: cdccb4c0-033b-4518-9204-a7044bd7554c->313addae-9673-478e-a4d3-465b496e5446#1-t2, previous=(t:0, i:0), leaderCommit=-1, initializing? false, entries: size=1, first=(t:2, i:0), CONFIGURATIONENTRY: org.apache.ratis.thirdparty.io.grpc.StatusRuntimeException: CANCELLED: cancelled before receiving half close
2019-10-09 13:27:17,634 [grpc-default-executor-4] WARN  server.GrpcServerProtocolService (LogUtils.java:warn(134)) - 313addae-9673-478e-a4d3-465b496e5446: installSnapshot onError, lastRequest: cdccb4c0-033b-4518-9204-a7044bd7554c->313addae-9673-478e-a4d3-465b496e5446#13-t1, previous=(t:1, i:9), leaderCommit=9, initializing? false, entries: size=1, first=(t:1, i:10), METADATAENTRY(c9): org.apache.ratis.thirdparty.io.grpc.StatusRuntimeException: CANCELLED: cancelled before receiving half close
2019-10-09 13:27:17,636 [grpc-default-executor-7] WARN  server.GrpcLogAppender (LogUtils.java:warn(134)) - cdccb4c0-033b-4518-9204-a7044bd7554c@group-D8B421D1DDFF->313addae-9673-478e-a4d3-465b496e5446-AppendLogResponseHandler: Failed appendEntries: org.apache.ratis.thirdparty.io.grpc.StatusRuntimeException: CANCELLED: HTTP/2 error code: CANCEL
Received Rst Stream
2019-10-09 13:27:17,639 [grpc-default-executor-8] WARN  server.GrpcLogAppender (LogUtils.java:warn(134)) - 2ee9c1d3-06ba-4a5f-9d84-4afb110a7c0c@group-C50691FFC243->313addae-9673-478e-a4d3-465b496e5446-AppendLogResponseHandler: Failed appendEntries: org.apache.ratis.thirdparty.io.grpc.StatusRuntimeException: CANCELLED: HTTP/2 error code: CANCEL
Received Rst Stream
2019-10-09 13:27:17,641 [grpc-default-executor-11] WARN  server.GrpcLogAppender (LogUtils.java:warn(134)) - cdccb4c0-033b-4518-9204-a7044bd7554c@group-172AEF85EC02->313addae-9673-478e-a4d3-465b496e5446-AppendLogResponseHandler: Failed appendEntries: org.apache.ratis.thirdparty.io.grpc.StatusRuntimeException: CANCELLED: HTTP/2 error code: CANCEL
Received Rst Stream
2019-10-09 13:27:17,636 [grpc-default-executor-2] WARN  server.GrpcLogAppender (LogUtils.java:warn(134)) - 2ee9c1d3-06ba-4a5f-9d84-4afb110a7c0c@group-422496AB57CF->313addae-9673-478e-a4d3-465b496e5446-AppendLogResponseHandler: Failed appendEntries: org.apache.ratis.thirdparty.io.grpc.StatusRuntimeException: CANCELLED: HTTP/2 error code: CANCEL
Received Rst Stream
2019-10-09 13:27:17,643 [grpc-default-executor-11] INFO  impl.FollowerInfo (FollowerInfo.java:lambda$new$0(51)) - cdccb4c0-033b-4518-9204-a7044bd7554c@group-172AEF85EC02->313addae-9673-478e-a4d3-465b496e5446: nextIndex: updateUnconditionally 1 -> 0
2019-10-09 13:27:17,643 [grpc-default-executor-8] INFO  impl.FollowerInfo (FollowerInfo.java:lambda$new$0(51)) - 2ee9c1d3-06ba-4a5f-9d84-4afb110a7c0c@group-C50691FFC243->313addae-9673-478e-a4d3-465b496e5446: nextIndex: updateUnconditionally 1 -> 0
2019-10-09 13:27:17,643 [refreshUsed-/workdir/hadoop-ozone/integration-test/target/test-dir/MiniOzoneClusterImpl-d2994eac-00b5-4cdc-a349-7ab37c218234/datanode-6/data/containers] WARN  fs.CachingGetSpaceUsed (CachingGetSpaceUsed.java:run(183)) - Thread Interrupted waiting to refresh disk information: sleep interrupted
2019-10-09 13:27:17,641 [grpc-default-executor-10] WARN  server.GrpcLogAppender (LogUtils.java:warn(134)) - cdccb4c0-033b-4518-9204-a7044bd7554c@group-5C56A161F3F8->313addae-9673-478e-a4d3-465b496e5446-AppendLogResponseHandler: Failed appendEntries: org.apache.ratis.thirdparty.io.grpc.StatusRuntimeException: CANCELLED: HTTP/2 error code: CANCEL
Received Rst Stream
2019-10-09 13:27:17,640 [grpc-default-executor-7] INFO  impl.FollowerInfo (FollowerInfo.java:lambda$new$0(51)) - cdccb4c0-033b-4518-9204-a7044bd7554c@group-D8B421D1DDFF->313addae-9673-478e-a4d3-465b496e5446: nextIndex: updateUnconditionally 11 -> 10
2019-10-09 13:27:17,640 [grpc-default-executor-9] WARN  server.GrpcLogAppender (LogUtils.java:warn(134)) - cdccb4c0-033b-4518-9204-a7044bd7554c@group-AC71D93F9A37->313addae-9673-478e-a4d3-465b496e5446-AppendLogResponseHandler: Failed appendEntries: org.apache.ratis.thirdparty.io.grpc.StatusRuntimeException: CANCELLED: HTTP/2 error code: CANCEL
Received Rst Stream
2019-10-09 13:27:17,644 [grpc-default-executor-10] INFO  impl.FollowerInfo (FollowerInfo.java:lambda$new$0(51)) - cdccb4c0-033b-4518-9204-a7044bd7554c@group-5C56A161F3F8->313addae-9673-478e-a4d3-465b496e5446: nextIndex: updateUnconditionally 1 -> 0
2019-10-09 13:27:17,643 [grpc-default-executor-2] INFO  impl.FollowerInfo (FollowerInfo.java:lambda$new$0(51)) - 2ee9c1d3-06ba-4a5f-9d84-4afb110a7c0c@group-422496AB57CF->313addae-9673-478e-a4d3-465b496e5446: nextIndex: updateUnconditionally 1 -> 0
2019-10-09 13:27:17,646 [grpc-default-executor-9] INFO  impl.FollowerInfo (FollowerInfo.java:lambda$new$0(51)) - cdccb4c0-033b-4518-9204-a7044bd7554c@group-AC71D93F9A37->313addae-9673-478e-a4d3-465b496e5446: nextIndex: updateUnconditionally 11 -> 10
2019-10-09 13:27:17,668 [main] INFO  utils.BackgroundService (BackgroundService.java:shutdown(148)) - Shutting down service BlockDeletingService
2019-10-09 13:27:17,673 [main] INFO  statemachine.DatanodeStateMachine (DatanodeStateMachine.java:stopDaemon(395)) - Ozone container server stopped.
2019-10-09 13:27:17,677 [main] INFO  handler.ContextHandler (ContextHandler.java:doStop(910)) - Stopped o.e.j.w.WebAppContext@57272109{/,null,UNAVAILABLE}{/hddsDatanode}
2019-10-09 13:27:17,683 [main] INFO  server.AbstractConnector (AbstractConnector.java:doStop(318)) - Stopped ServerConnector@59696551{HTTP/1.1,[http/1.1]}{0.0.0.0:0}
2019-10-09 13:27:17,683 [main] INFO  handler.ContextHandler (ContextHandler.java:doStop(910)) - Stopped o.e.j.s.ServletContextHandler@66b59b7d{/static,jar:file:/home/user/.m2/repository/org/apache/hadoop/hadoop-hdds-container-service/0.5.0-SNAPSHOT/hadoop-hdds-container-service-0.5.0-SNAPSHOT.jar!/webapps/static,UNAVAILABLE}
2019-10-09 13:27:17,684 [main] INFO  handler.ContextHandler (ContextHandler.java:doStop(910)) - Stopped o.e.j.s.ServletContextHandler@6edf29c1{/logs,file:///workdir/hadoop-ozone/integration-test/target/log,UNAVAILABLE}
2019-10-09 13:27:18,461 [Datanode State Machine Thread - 0] INFO  statemachine.DatanodeStateMachine (DatanodeStateMachine.java:lambda$startDaemon$0(350)) - Ozone container server started.
2019-10-09 13:27:18,965 [grpc-default-executor-4] WARN  server.GrpcLogAppender (LogUtils.java:warn(134)) - cdccb4c0-033b-4518-9204-a7044bd7554c@group-5C56A161F3F8->313addae-9673-478e-a4d3-465b496e5446-AppendLogResponseHandler: Failed appendEntries: org.apache.ratis.thirdparty.io.grpc.StatusRuntimeException: UNAVAILABLE: io exception
2019-10-09 13:27:18,969 [grpc-default-executor-4] INFO  impl.FollowerInfo (FollowerInfo.java:lambda$new$0(51)) - cdccb4c0-033b-4518-9204-a7044bd7554c@group-5C56A161F3F8->313addae-9673-478e-a4d3-465b496e5446: nextIndex: updateUnconditionally 0 -> 0
2019-10-09 13:27:19,123 [grpc-default-executor-3] WARN  server.GrpcLogAppender (LogUtils.java:warn(134)) - cdccb4c0-033b-4518-9204-a7044bd7554c@group-172AEF85EC02->313addae-9673-478e-a4d3-465b496e5446-AppendLogResponseHandler: Failed appendEntries: org.apache.ratis.thirdparty.io.grpc.StatusRuntimeException: UNAVAILABLE: io exception
2019-10-09 13:27:19,126 [grpc-default-executor-3] INFO  impl.FollowerInfo (FollowerInfo.java:lambda$new$0(51)) - cdccb4c0-033b-4518-9204-a7044bd7554c@group-172AEF85EC02->313addae-9673-478e-a4d3-465b496e5446: nextIndex: updateUnconditionally 0 -> 0
2019-10-09 13:27:19,218 [grpc-default-executor-4] WARN  server.GrpcLogAppender (LogUtils.java:warn(134)) - 2ee9c1d3-06ba-4a5f-9d84-4afb110a7c0c@group-C50691FFC243->313addae-9673-478e-a4d3-465b496e5446-AppendLogResponseHandler: Failed appendEntries: org.apache.ratis.thirdparty.io.grpc.StatusRuntimeException: UNAVAILABLE: io exception
2019-10-09 13:27:19,221 [grpc-default-executor-4] INFO  impl.FollowerInfo (FollowerInfo.java:lambda$new$0(51)) - 2ee9c1d3-06ba-4a5f-9d84-4afb110a7c0c@group-C50691FFC243->313addae-9673-478e-a4d3-465b496e5446: nextIndex: updateUnconditionally 0 -> 0
2019-10-09 13:27:19,406 [grpc-default-executor-3] WARN  server.GrpcLogAppender (LogUtils.java:warn(134)) - 2ee9c1d3-06ba-4a5f-9d84-4afb110a7c0c@group-422496AB57CF->313addae-9673-478e-a4d3-465b496e5446-AppendLogResponseHandler: Failed appendEntries: org.apache.ratis.thirdparty.io.grpc.StatusRuntimeException: UNAVAILABLE: io exception
2019-10-09 13:27:19,408 [grpc-default-executor-3] INFO  impl.FollowerInfo (FollowerInfo.java:lambda$new$0(51)) - 2ee9c1d3-06ba-4a5f-9d84-4afb110a7c0c@group-422496AB57CF->313addae-9673-478e-a4d3-465b496e5446: nextIndex: updateUnconditionally 0 -> 0
2019-10-09 13:27:19,820 [grpc-default-executor-0] WARN  server.GrpcLogAppender (LogUtils.java:warn(134)) - cdccb4c0-033b-4518-9204-a7044bd7554c@group-D8B421D1DDFF->313addae-9673-478e-a4d3-465b496e5446-AppendLogResponseHandler: Failed appendEntries: org.apache.ratis.thirdparty.io.grpc.StatusRuntimeException: UNAVAILABLE: io exception
2019-10-09 13:27:19,823 [grpc-default-executor-0] INFO  impl.FollowerInfo (FollowerInfo.java:lambda$new$0(51)) - cdccb4c0-033b-4518-9204-a7044bd7554c@group-D8B421D1DDFF->313addae-9673-478e-a4d3-465b496e5446: nextIndex: updateUnconditionally 10 -> 9
2019-10-09 13:27:19,920 [grpc-default-executor-4] WARN  server.GrpcLogAppender (LogUtils.java:warn(134)) - cdccb4c0-033b-4518-9204-a7044bd7554c@group-AC71D93F9A37->313addae-9673-478e-a4d3-465b496e5446-AppendLogResponseHandler: Failed appendEntries: org.apache.ratis.thirdparty.io.grpc.StatusRuntimeException: UNAVAILABLE: io exception
2019-10-09 13:27:19,923 [grpc-default-executor-4] INFO  impl.FollowerInfo (FollowerInfo.java:lambda$new$0(51)) - cdccb4c0-033b-4518-9204-a7044bd7554c@group-AC71D93F9A37->313addae-9673-478e-a4d3-465b496e5446: nextIndex: updateUnconditionally 10 -> 9
2019-10-09 13:27:20,535 [EventQueue-StaleNodeForStaleNodeHandler] INFO  node.StaleNodeHandler (StaleNodeHandler.java:onMessage(58)) - Datanode 2ee9c1d3-06ba-4a5f-9d84-4afb110a7c0c{ip: 192.168.5.175, host: pr-hdds-1569-mfl88-1504498049, networkLocation: /default-rack, certSerialId: null} moved to stale state. Finalizing its pipelines [PipelineID=e9cccf8a-a3d1-4dce-ab46-5c56a161f3f8, PipelineID=3cb9570d-25ec-4a04-95ee-48f8b2c4ef7f, PipelineID=c0e29db5-c17f-4b3a-8a23-45fcd4f9916e, PipelineID=a614d8c3-531c-45c0-a081-422496ab57cf, PipelineID=2818c167-bf96-4815-b7ba-d8b421d1ddff, PipelineID=7368f3be-cd11-4eba-bfd8-ac71d93f9a37, PipelineID=2fc50fd3-7190-4ecd-83bc-c50691ffc243, PipelineID=29f2e94b-c821-4d83-9228-172aef85ec02]
2019-10-09 13:27:20,535 [EventQueue-StaleNodeForStaleNodeHandler] INFO  pipeline.SCMPipelineManager (SCMPipelineManager.java:finalizeAndDestroyPipeline(342)) - destroying pipeline:Pipeline[ Id: e9cccf8a-a3d1-4dce-ab46-5c56a161f3f8, Nodes: cdccb4c0-033b-4518-9204-a7044bd7554c{ip: 192.168.5.175, host: pr-hdds-1569-mfl88-1504498049, networkLocation: /default-rack, certSerialId: null}313addae-9673-478e-a4d3-465b496e5446{ip: 192.168.5.175, host: pr-hdds-1569-mfl88-1504498049, networkLocation: /default-rack, certSerialId: null}2ee9c1d3-06ba-4a5f-9d84-4afb110a7c0c{ip: 192.168.5.175, host: pr-hdds-1569-mfl88-1504498049, networkLocation: /default-rack, certSerialId: null}, Type:RATIS, Factor:THREE, State:CLOSED]
2019-10-09 13:27:20,536 [EventQueue-StaleNodeForStaleNodeHandler] INFO  pipeline.SCMPipelineManager (SCMPipelineManager.java:finalizeAndDestroyPipeline(342)) - destroying pipeline:Pipeline[ Id: 3cb9570d-25ec-4a04-95ee-48f8b2c4ef7f, Nodes: cdccb4c0-033b-4518-9204-a7044bd7554c{ip: 192.168.5.175, host: pr-hdds-1569-mfl88-1504498049, networkLocation: /default-rack, certSerialId: null}2ee9c1d3-06ba-4a5f-9d84-4afb110a7c0c{ip: 192.168.5.175, host: pr-hdds-1569-mfl88-1504498049, networkLocation: /default-rack, certSerialId: null}313addae-9673-478e-a4d3-465b496e5446{ip: 192.168.5.175, host: pr-hdds-1569-mfl88-1504498049, networkLocation: /default-rack, certSerialId: null}, Type:RATIS, Factor:THREE, State:CLOSED]
2019-10-09 13:27:20,536 [EventQueue-StaleNodeForStaleNodeHandler] INFO  pipeline.SCMPipelineManager (SCMPipelineManager.java:finalizeAndDestroyPipeline(342)) - destroying pipeline:Pipeline[ Id: c0e29db5-c17f-4b3a-8a23-45fcd4f9916e, Nodes: 2ee9c1d3-06ba-4a5f-9d84-4afb110a7c0c{ip: 192.168.5.175, host: pr-hdds-1569-mfl88-1504498049, networkLocation: /default-rack, certSerialId: null}, Type:RATIS, Factor:ONE, State:OPEN]
2019-10-09 13:27:20,536 [EventQueue-StaleNodeForStaleNodeHandler] INFO  pipeline.PipelineStateManager (PipelineStateManager.java:finalizePipeline(123)) - Pipeline Pipeline[ Id: c0e29db5-c17f-4b3a-8a23-45fcd4f9916e, Nodes: 2ee9c1d3-06ba-4a5f-9d84-4afb110a7c0c{ip: 192.168.5.175, host: pr-hdds-1569-mfl88-1504498049, networkLocation: /default-rack, certSerialId: null}, Type:RATIS, Factor:ONE, State:CLOSED] moved to CLOSED state
2019-10-09 13:27:20,536 [EventQueue-StaleNodeForStaleNodeHandler] INFO  pipeline.SCMPipelineManager (SCMPipelineManager.java:finalizeAndDestroyPipeline(342)) - destroying pipeline:Pipeline[ Id: a614d8c3-531c-45c0-a081-422496ab57cf, Nodes: 2ee9c1d3-06ba-4a5f-9d84-4afb110a7c0c{ip: 192.168.5.175, host: pr-hdds-1569-mfl88-1504498049, networkLocation: /default-rack, certSerialId: null}313addae-9673-478e-a4d3-465b496e5446{ip: 192.168.5.175, host: pr-hdds-1569-mfl88-1504498049, networkLocation: /default-rack, certSerialId: null}cdccb4c0-033b-4518-9204-a7044bd7554c{ip: 192.168.5.175, host: pr-hdds-1569-mfl88-1504498049, networkLocation: /default-rack, certSerialId: null}, Type:RATIS, Factor:THREE, State:CLOSED]
2019-10-09 13:27:20,537 [EventQueue-StaleNodeForStaleNodeHandler] INFO  pipeline.SCMPipelineManager (SCMPipelineManager.java:finalizeAndDestroyPipeline(342)) - destroying pipeline:Pipeline[ Id: 2818c167-bf96-4815-b7ba-d8b421d1ddff, Nodes: 313addae-9673-478e-a4d3-465b496e5446{ip: 192.168.5.175, host: pr-hdds-1569-mfl88-1504498049, networkLocation: /default-rack, certSerialId: null}cdccb4c0-033b-4518-9204-a7044bd7554c{ip: 192.168.5.175, host: pr-hdds-1569-mfl88-1504498049, networkLocation: /default-rack, certSerialId: null}2ee9c1d3-06ba-4a5f-9d84-4afb110a7c0c{ip: 192.168.5.175, host: pr-hdds-1569-mfl88-1504498049, networkLocation: /default-rack, certSerialId: null}, Type:RATIS, Factor:THREE, State:CLOSED]
2019-10-09 13:27:20,537 [EventQueue-StaleNodeForStaleNodeHandler] INFO  pipeline.SCMPipelineManager (SCMPipelineManager.java:finalizeAndDestroyPipeline(342)) - destroying pipeline:Pipeline[ Id: 7368f3be-cd11-4eba-bfd8-ac71d93f9a37, Nodes: 313addae-9673-478e-a4d3-465b496e5446{ip: 192.168.5.175, host: pr-hdds-1569-mfl88-1504498049, networkLocation: /default-rack, certSerialId: null}2ee9c1d3-06ba-4a5f-9d84-4afb110a7c0c{ip: 192.168.5.175, host: pr-hdds-1569-mfl88-1504498049, networkLocation: /default-rack, certSerialId: null}cdccb4c0-033b-4518-9204-a7044bd7554c{ip: 192.168.5.175, host: pr-hdds-1569-mfl88-1504498049, networkLocation: /default-rack, certSerialId: null}, Type:RATIS, Factor:THREE, State:CLOSED]
2019-10-09 13:27:20,537 [EventQueue-StaleNodeForStaleNodeHandler] INFO  pipeline.SCMPipelineManager (SCMPipelineManager.java:finalizeAndDestroyPipeline(342)) - destroying pipeline:Pipeline[ Id: 2fc50fd3-7190-4ecd-83bc-c50691ffc243, Nodes: 2ee9c1d3-06ba-4a5f-9d84-4afb110a7c0c{ip: 192.168.5.175, host: pr-hdds-1569-mfl88-1504498049, networkLocation: /default-rack, certSerialId: null}cdccb4c0-033b-4518-9204-a7044bd7554c{ip: 192.168.5.175, host: pr-hdds-1569-mfl88-1504498049, networkLocation: /default-rack, certSerialId: null}313addae-9673-478e-a4d3-465b496e5446{ip: 192.168.5.175, host: pr-hdds-1569-mfl88-1504498049, networkLocation: /default-rack, certSerialId: null}, Type:RATIS, Factor:THREE, State:CLOSED]
2019-10-09 13:27:20,541 [EventQueue-StaleNodeForStaleNodeHandler] INFO  pipeline.SCMPipelineManager (SCMPipelineManager.java:finalizeAndDestroyPipeline(342)) - destroying pipeline:Pipeline[ Id: 29f2e94b-c821-4d83-9228-172aef85ec02, Nodes: cdccb4c0-033b-4518-9204-a7044bd7554c{ip: 192.168.5.175, host: pr-hdds-1569-mfl88-1504498049, networkLocation: /default-rack, certSerialId: null}313addae-9673-478e-a4d3-465b496e5446{ip: 192.168.5.175, host: pr-hdds-1569-mfl88-1504498049, networkLocation: /default-rack, certSerialId: null}2ee9c1d3-06ba-4a5f-9d84-4afb110a7c0c{ip: 192.168.5.175, host: pr-hdds-1569-mfl88-1504498049, networkLocation: /default-rack, certSerialId: null}, Type:RATIS, Factor:THREE, State:CLOSED]
2019-10-09 13:27:21,464 [grpc-default-executor-0] WARN  server.GrpcLogAppender (LogUtils.java:warn(134)) - cdccb4c0-033b-4518-9204-a7044bd7554c@group-5C56A161F3F8->313addae-9673-478e-a4d3-465b496e5446-AppendLogResponseHandler: Failed appendEntries: org.apache.ratis.thirdparty.io.grpc.StatusRuntimeException: UNAVAILABLE: io exception
2019-10-09 13:27:21,470 [grpc-default-executor-0] INFO  impl.FollowerInfo (FollowerInfo.java:lambda$new$0(51)) - cdccb4c0-033b-4518-9204-a7044bd7554c@group-5C56A161F3F8->313addae-9673-478e-a4d3-465b496e5446: nextIndex: updateUnconditionally 0 -> 0
2019-10-09 13:27:21,624 [grpc-default-executor-3] WARN  server.GrpcLogAppender (LogUtils.java:warn(134)) - cdccb4c0-033b-4518-9204-a7044bd7554c@group-172AEF85EC02->313addae-9673-478e-a4d3-465b496e5446-AppendLogResponseHandler: Failed appendEntries: org.apache.ratis.thirdparty.io.grpc.StatusRuntimeException: UNAVAILABLE: io exception
2019-10-09 13:27:21,630 [grpc-default-executor-3] INFO  impl.FollowerInfo (FollowerInfo.java:lambda$new$0(51)) - cdccb4c0-033b-4518-9204-a7044bd7554c@group-172AEF85EC02->313addae-9673-478e-a4d3-465b496e5446: nextIndex: updateUnconditionally 0 -> 0
2019-10-09 13:27:21,720 [grpc-default-executor-0] WARN  server.GrpcLogAppender (LogUtils.java:warn(134)) - 2ee9c1d3-06ba-4a5f-9d84-4afb110a7c0c@group-C50691FFC243->313addae-9673-478e-a4d3-465b496e5446-AppendLogResponseHandler: Failed appendEntries: org.apache.ratis.thirdparty.io.grpc.StatusRuntimeException: UNAVAILABLE: io exception
2019-10-09 13:27:21,723 [grpc-default-executor-0] INFO  impl.FollowerInfo (FollowerInfo.java:lambda$new$0(51)) - 2ee9c1d3-06ba-4a5f-9d84-4afb110a7c0c@group-C50691FFC243->313addae-9673-478e-a4d3-465b496e5446: nextIndex: updateUnconditionally 0 -> 0
2019-10-09 13:27:21,858 [Thread-429] INFO  impl.FollowerState (FollowerState.java:run(106)) - 2ee9c1d3-06ba-4a5f-9d84-4afb110a7c0c:group-48F8B2C4EF7F changes to CANDIDATE, lastRpcTime:5249, electionTimeout:5148ms
2019-10-09 13:27:21,858 [Thread-429] INFO  impl.RoleInfo (RoleInfo.java:shutdownFollowerState(121)) - 2ee9c1d3-06ba-4a5f-9d84-4afb110a7c0c: shutdown FollowerState
2019-10-09 13:27:21,859 [Thread-429] INFO  impl.RaftServerImpl (RaftServerImpl.java:setRole(174)) - 2ee9c1d3-06ba-4a5f-9d84-4afb110a7c0c@group-48F8B2C4EF7F: changes role from  FOLLOWER to CANDIDATE at term 1 for changeToCandidate
2019-10-09 13:27:21,859 [Thread-429] INFO  impl.RoleInfo (RoleInfo.java:updateAndGet(143)) - 2ee9c1d3-06ba-4a5f-9d84-4afb110a7c0c: start LeaderElection
2019-10-09 13:27:21,862 [2ee9c1d3-06ba-4a5f-9d84-4afb110a7c0c@group-48F8B2C4EF7F:LeaderElection23] INFO  impl.RaftServerImpl (ServerState.java:setLeader(253)) - 2ee9c1d3-06ba-4a5f-9d84-4afb110a7c0c@group-48F8B2C4EF7F: change Leader from 313addae-9673-478e-a4d3-465b496e5446 to null at term 1 for initElection
2019-10-09 13:27:21,877 [2ee9c1d3-06ba-4a5f-9d84-4afb110a7c0c@group-48F8B2C4EF7F:LeaderElection23] INFO  impl.LeaderElection (LeaderElection.java:askForVotes(182)) - 2ee9c1d3-06ba-4a5f-9d84-4afb110a7c0c@group-48F8B2C4EF7F:LeaderElection23: begin an election at term 2 for 0: [313addae-9673-478e-a4d3-465b496e5446:192.168.5.175:38767, cdccb4c0-033b-4518-9204-a7044bd7554c:192.168.5.175:35262, 2ee9c1d3-06ba-4a5f-9d84-4afb110a7c0c:192.168.5.175:45443], old=null
2019-10-09 13:27:21,883 [grpc-default-executor-0] INFO  impl.RaftServerImpl (ServerState.java:setLeader(253)) - cdccb4c0-033b-4518-9204-a7044bd7554c@group-48F8B2C4EF7F: change Leader from 313addae-9673-478e-a4d3-465b496e5446 to null at term 2 for updateCurrentTerm
2019-10-09 13:27:21,883 [grpc-default-executor-0] INFO  impl.RaftServerImpl (RaftServerImpl.java:setRole(174)) - cdccb4c0-033b-4518-9204-a7044bd7554c@group-48F8B2C4EF7F: changes role from  FOLLOWER to FOLLOWER at term 2 for recognizeCandidate:2ee9c1d3-06ba-4a5f-9d84-4afb110a7c0c
2019-10-09 13:27:21,883 [grpc-default-executor-0] INFO  impl.RoleInfo (RoleInfo.java:shutdownFollowerState(121)) - cdccb4c0-033b-4518-9204-a7044bd7554c: shutdown FollowerState
2019-10-09 13:27:21,884 [grpc-default-executor-0] INFO  impl.RoleInfo (RoleInfo.java:updateAndGet(143)) - cdccb4c0-033b-4518-9204-a7044bd7554c: start FollowerState
2019-10-09 13:27:21,884 [Thread-420] INFO  impl.FollowerState (FollowerState.java:run(115)) - cdccb4c0-033b-4518-9204-a7044bd7554c: FollowerState was interrupted: java.lang.InterruptedException: sleep interrupted
2019-10-09 13:27:21,888 [2ee9c1d3-06ba-4a5f-9d84-4afb110a7c0c@group-48F8B2C4EF7F:LeaderElection23] INFO  impl.LeaderElection (LogUtils.java:infoOrTrace(149)) - 2ee9c1d3-06ba-4a5f-9d84-4afb110a7c0c@group-48F8B2C4EF7F:LeaderElection23 got exception when requesting votes: {}
java.util.concurrent.ExecutionException: org.apache.ratis.thirdparty.io.grpc.StatusRuntimeException: UNAVAILABLE: io exception
	at java.util.concurrent.FutureTask.report(FutureTask.java:122)
	at java.util.concurrent.FutureTask.get(FutureTask.java:192)
	at org.apache.ratis.server.impl.LeaderElection.waitForResults(LeaderElection.java:263)
	at org.apache.ratis.server.impl.LeaderElection.askForVotes(LeaderElection.java:201)
	at org.apache.ratis.server.impl.LeaderElection.run(LeaderElection.java:133)
	at java.lang.Thread.run(Thread.java:748)
Caused by: org.apache.ratis.thirdparty.io.grpc.StatusRuntimeException: UNAVAILABLE: io exception
	at org.apache.ratis.thirdparty.io.grpc.stub.ClientCalls.toStatusRuntimeException(ClientCalls.java:233)
	at org.apache.ratis.thirdparty.io.grpc.stub.ClientCalls.getUnchecked(ClientCalls.java:214)
	at org.apache.ratis.thirdparty.io.grpc.stub.ClientCalls.blockingUnaryCall(ClientCalls.java:139)
	at org.apache.ratis.proto.grpc.RaftServerProtocolServiceGrpc$RaftServerProtocolServiceBlockingStub.requestVote(RaftServerProtocolServiceGrpc.java:265)
	at org.apache.ratis.grpc.server.GrpcServerProtocolClient.requestVote(GrpcServerProtocolClient.java:90)
	at org.apache.ratis.grpc.server.GrpcService.requestVote(GrpcService.java:204)
	at org.apache.ratis.server.impl.LeaderElection.lambda$submitRequests$1(LeaderElection.java:238)
	at java.util.concurrent.FutureTask.run(FutureTask.java:266)
	at java.util.concurrent.Executors$RunnableAdapter.call(Executors.java:511)
	at java.util.concurrent.FutureTask.run(FutureTask.java:266)
	at java.util.concurrent.ThreadPoolExecutor.runWorker(ThreadPoolExecutor.java:1149)
	at java.util.concurrent.ThreadPoolExecutor$Worker.run(ThreadPoolExecutor.java:624)
	... 1 more
Caused by: org.apache.ratis.thirdparty.io.netty.channel.AbstractChannel$AnnotatedConnectException: Connection refused: /192.168.5.175:38767
	at sun.nio.ch.SocketChannelImpl.checkConnect(Native Method)
	at sun.nio.ch.SocketChannelImpl.finishConnect(SocketChannelImpl.java:717)
	at org.apache.ratis.thirdparty.io.netty.channel.socket.nio.NioSocketChannel.doFinishConnect(NioSocketChannel.java:327)
	at org.apache.ratis.thirdparty.io.netty.channel.nio.AbstractNioChannel$AbstractNioUnsafe.finishConnect(AbstractNioChannel.java:340)
	at org.apache.ratis.thirdparty.io.netty.channel.nio.NioEventLoop.processSelectedKey(NioEventLoop.java:632)
	at org.apache.ratis.thirdparty.io.netty.channel.nio.NioEventLoop.processSelectedKeysOptimized(NioEventLoop.java:579)
	at org.apache.ratis.thirdparty.io.netty.channel.nio.NioEventLoop.processSelectedKeys(NioEventLoop.java:496)
	at org.apache.ratis.thirdparty.io.netty.channel.nio.NioEventLoop.run(NioEventLoop.java:458)
	at org.apache.ratis.thirdparty.io.netty.util.concurrent.SingleThreadEventExecutor$5.run(SingleThreadEventExecutor.java:897)
	at org.apache.ratis.thirdparty.io.netty.util.concurrent.FastThreadLocalRunnable.run(FastThreadLocalRunnable.java:30)
	... 1 more
Caused by: java.net.ConnectException: Connection refused
	... 11 more
2019-10-09 13:27:21,900 [grpc-default-executor-3] WARN  server.GrpcLogAppender (LogUtils.java:warn(134)) - 2ee9c1d3-06ba-4a5f-9d84-4afb110a7c0c@group-422496AB57CF->313addae-9673-478e-a4d3-465b496e5446-AppendLogResponseHandler: Failed appendEntries: org.apache.ratis.thirdparty.io.grpc.StatusRuntimeException: UNAVAILABLE: io exception
2019-10-09 13:27:21,911 [grpc-default-executor-3] INFO  impl.FollowerInfo (FollowerInfo.java:lambda$new$0(51)) - 2ee9c1d3-06ba-4a5f-9d84-4afb110a7c0c@group-422496AB57CF->313addae-9673-478e-a4d3-465b496e5446: nextIndex: updateUnconditionally 0 -> 0
2019-10-09 13:27:21,913 [2ee9c1d3-06ba-4a5f-9d84-4afb110a7c0c@group-48F8B2C4EF7F:LeaderElection23] INFO  impl.LeaderElection (LeaderElection.java:logAndReturn(56)) - 2ee9c1d3-06ba-4a5f-9d84-4afb110a7c0c@group-48F8B2C4EF7F:LeaderElection23: Election PASSED; received 1 response(s) [2ee9c1d3-06ba-4a5f-9d84-4afb110a7c0c<-cdccb4c0-033b-4518-9204-a7044bd7554c#0:OK-t2] and 1 exception(s); 2ee9c1d3-06ba-4a5f-9d84-4afb110a7c0c@group-48F8B2C4EF7F:t2, leader=null, voted=2ee9c1d3-06ba-4a5f-9d84-4afb110a7c0c, raftlog=2ee9c1d3-06ba-4a5f-9d84-4afb110a7c0c@group-48F8B2C4EF7F-SegmentedRaftLog:OPENED:c0,f0,i0, conf=0: [313addae-9673-478e-a4d3-465b496e5446:192.168.5.175:38767, cdccb4c0-033b-4518-9204-a7044bd7554c:192.168.5.175:35262, 2ee9c1d3-06ba-4a5f-9d84-4afb110a7c0c:192.168.5.175:45443], old=null
2019-10-09 13:27:21,914 [2ee9c1d3-06ba-4a5f-9d84-4afb110a7c0c@group-48F8B2C4EF7F:LeaderElection23] INFO  impl.LeaderElection (LogUtils.java:infoOrTrace(149)) -   Exception 0: {}
java.util.concurrent.ExecutionException: org.apache.ratis.thirdparty.io.grpc.StatusRuntimeException: UNAVAILABLE: io exception
	at java.util.concurrent.FutureTask.report(FutureTask.java:122)
	at java.util.concurrent.FutureTask.get(FutureTask.java:192)
	at org.apache.ratis.server.impl.LeaderElection.waitForResults(LeaderElection.java:263)
	at org.apache.ratis.server.impl.LeaderElection.askForVotes(LeaderElection.java:201)
	at org.apache.ratis.server.impl.LeaderElection.run(LeaderElection.java:133)
	at java.lang.Thread.run(Thread.java:748)
Caused by: org.apache.ratis.thirdparty.io.grpc.StatusRuntimeException: UNAVAILABLE: io exception
	at org.apache.ratis.thirdparty.io.grpc.stub.ClientCalls.toStatusRuntimeException(ClientCalls.java:233)
	at org.apache.ratis.thirdparty.io.grpc.stub.ClientCalls.getUnchecked(ClientCalls.java:214)
	at org.apache.ratis.thirdparty.io.grpc.stub.ClientCalls.blockingUnaryCall(ClientCalls.java:139)
	at org.apache.ratis.proto.grpc.RaftServerProtocolServiceGrpc$RaftServerProtocolServiceBlockingStub.requestVote(RaftServerProtocolServiceGrpc.java:265)
	at org.apache.ratis.grpc.server.GrpcServerProtocolClient.requestVote(GrpcServerProtocolClient.java:90)
	at org.apache.ratis.grpc.server.GrpcService.requestVote(GrpcService.java:204)
	at org.apache.ratis.server.impl.LeaderElection.lambda$submitRequests$1(LeaderElection.java:238)
	at java.util.concurrent.FutureTask.run(FutureTask.java:266)
	at java.util.concurrent.Executors$RunnableAdapter.call(Executors.java:511)
	at java.util.concurrent.FutureTask.run(FutureTask.java:266)
	at java.util.concurrent.ThreadPoolExecutor.runWorker(ThreadPoolExecutor.java:1149)
	at java.util.concurrent.ThreadPoolExecutor$Worker.run(ThreadPoolExecutor.java:624)
	... 1 more
Caused by: org.apache.ratis.thirdparty.io.netty.channel.AbstractChannel$AnnotatedConnectException: Connection refused: /192.168.5.175:38767
	at sun.nio.ch.SocketChannelImpl.checkConnect(Native Method)
	at sun.nio.ch.SocketChannelImpl.finishConnect(SocketChannelImpl.java:717)
	at org.apache.ratis.thirdparty.io.netty.channel.socket.nio.NioSocketChannel.doFinishConnect(NioSocketChannel.java:327)
	at org.apache.ratis.thirdparty.io.netty.channel.nio.AbstractNioChannel$AbstractNioUnsafe.finishConnect(AbstractNioChannel.java:340)
	at org.apache.ratis.thirdparty.io.netty.channel.nio.NioEventLoop.processSelectedKey(NioEventLoop.java:632)
	at org.apache.ratis.thirdparty.io.netty.channel.nio.NioEventLoop.processSelectedKeysOptimized(NioEventLoop.java:579)
	at org.apache.ratis.thirdparty.io.netty.channel.nio.NioEventLoop.processSelectedKeys(NioEventLoop.java:496)
	at org.apache.ratis.thirdparty.io.netty.channel.nio.NioEventLoop.run(NioEventLoop.java:458)
	at org.apache.ratis.thirdparty.io.netty.util.concurrent.SingleThreadEventExecutor$5.run(SingleThreadEventExecutor.java:897)
	at org.apache.ratis.thirdparty.io.netty.util.concurrent.FastThreadLocalRunnable.run(FastThreadLocalRunnable.java:30)
	... 1 more
Caused by: java.net.ConnectException: Connection refused
	... 11 more
2019-10-09 13:27:21,915 [2ee9c1d3-06ba-4a5f-9d84-4afb110a7c0c@group-48F8B2C4EF7F:LeaderElection23] INFO  impl.RoleInfo (RoleInfo.java:shutdownLeaderElection(134)) - 2ee9c1d3-06ba-4a5f-9d84-4afb110a7c0c: shutdown LeaderElection
2019-10-09 13:27:21,915 [2ee9c1d3-06ba-4a5f-9d84-4afb110a7c0c@group-48F8B2C4EF7F:LeaderElection23] INFO  impl.RaftServerImpl (RaftServerImpl.java:setRole(174)) - 2ee9c1d3-06ba-4a5f-9d84-4afb110a7c0c@group-48F8B2C4EF7F: changes role from CANDIDATE to LEADER at term 2 for changeToLeader
2019-10-09 13:27:21,915 [2ee9c1d3-06ba-4a5f-9d84-4afb110a7c0c@group-48F8B2C4EF7F:LeaderElection23] INFO  impl.RaftServerImpl (ServerState.java:setLeader(253)) - 2ee9c1d3-06ba-4a5f-9d84-4afb110a7c0c@group-48F8B2C4EF7F: change Leader from null to 2ee9c1d3-06ba-4a5f-9d84-4afb110a7c0c at term 2 for becomeLeader, leader elected after 53ms
2019-10-09 13:27:21,916 [2ee9c1d3-06ba-4a5f-9d84-4afb110a7c0c@group-48F8B2C4EF7F:LeaderElection23] INFO  server.RaftServerConfigKeys (ConfUtils.java:logGet(43)) - raft.server.staging.catchup.gap = 1000 (default)
2019-10-09 13:27:21,916 [2ee9c1d3-06ba-4a5f-9d84-4afb110a7c0c@group-48F8B2C4EF7F:LeaderElection23] INFO  server.RaftServerConfigKeys (ConfUtils.java:logGet(43)) - raft.server.rpc.sleep.time = 25ms (default)
2019-10-09 13:27:21,916 [2ee9c1d3-06ba-4a5f-9d84-4afb110a7c0c@group-48F8B2C4EF7F:LeaderElection23] INFO  server.RaftServerConfigKeys (ConfUtils.java:logGet(43)) - raft.server.write.element-limit = 4096 (default)
2019-10-09 13:27:21,916 [2ee9c1d3-06ba-4a5f-9d84-4afb110a7c0c@group-48F8B2C4EF7F:LeaderElection23] INFO  server.RaftServerConfigKeys (ConfUtils.java:logGet(43)) - raft.server.watch.timeout = 10s (default)
2019-10-09 13:27:21,917 [2ee9c1d3-06ba-4a5f-9d84-4afb110a7c0c@group-48F8B2C4EF7F:LeaderElection23] INFO  server.RaftServerConfigKeys (ConfUtils.java:logGet(43)) - raft.server.watch.timeout.denomination = 1s (default)
2019-10-09 13:27:21,917 [2ee9c1d3-06ba-4a5f-9d84-4afb110a7c0c@group-48F8B2C4EF7F:LeaderElection23] INFO  server.RaftServerConfigKeys (ConfUtils.java:logGet(43)) - raft.server.watch.element-limit = 65536 (default)
2019-10-09 13:27:21,922 [2ee9c1d3-06ba-4a5f-9d84-4afb110a7c0c@group-48F8B2C4EF7F:LeaderElection23] INFO  server.RaftServerConfigKeys (ConfUtils.java:logGet(43)) - raft.server.log.appender.snapshot.chunk.size.max = 16MB (=16777216) (default)
2019-10-09 13:27:21,922 [2ee9c1d3-06ba-4a5f-9d84-4afb110a7c0c@group-48F8B2C4EF7F:LeaderElection23] INFO  server.RaftServerConfigKeys (ConfUtils.java:logGet(43)) - raft.server.log.appender.buffer.byte-limit = 33554432 (custom)
2019-10-09 13:27:21,922 [2ee9c1d3-06ba-4a5f-9d84-4afb110a7c0c@group-48F8B2C4EF7F:LeaderElection23] INFO  server.RaftServerConfigKeys (ConfUtils.java:logGet(43)) - raft.server.log.appender.buffer.element-limit = 1 (custom)
2019-10-09 13:27:21,923 [2ee9c1d3-06ba-4a5f-9d84-4afb110a7c0c@group-48F8B2C4EF7F:LeaderElection23] INFO  grpc.GrpcConfigKeys$Server (ConfUtils.java:logGet(43)) - raft.grpc.server.leader.outstanding.appends.max = 128 (default)
2019-10-09 13:27:21,923 [2ee9c1d3-06ba-4a5f-9d84-4afb110a7c0c@group-48F8B2C4EF7F:LeaderElection23] INFO  server.RaftServerConfigKeys (ConfUtils.java:logGet(43)) - raft.server.rpc.request.timeout = 3000ms (default)
2019-10-09 13:27:21,923 [2ee9c1d3-06ba-4a5f-9d84-4afb110a7c0c@group-48F8B2C4EF7F:LeaderElection23] INFO  server.RaftServerConfigKeys (ConfUtils.java:logGet(43)) - raft.server.log.appender.install.snapshot.enabled = false (custom)
2019-10-09 13:27:21,924 [2ee9c1d3-06ba-4a5f-9d84-4afb110a7c0c@group-48F8B2C4EF7F:LeaderElection23] INFO  server.RaftServerConfigKeys (ConfUtils.java:logGet(43)) - raft.server.log.appender.snapshot.chunk.size.max = 16MB (=16777216) (default)
2019-10-09 13:27:21,924 [2ee9c1d3-06ba-4a5f-9d84-4afb110a7c0c@group-48F8B2C4EF7F:LeaderElection23] INFO  server.RaftServerConfigKeys (ConfUtils.java:logGet(43)) - raft.server.log.appender.buffer.byte-limit = 33554432 (custom)
2019-10-09 13:27:21,924 [2ee9c1d3-06ba-4a5f-9d84-4afb110a7c0c@group-48F8B2C4EF7F:LeaderElection23] INFO  server.RaftServerConfigKeys (ConfUtils.java:logGet(43)) - raft.server.log.appender.buffer.element-limit = 1 (custom)
2019-10-09 13:27:21,924 [2ee9c1d3-06ba-4a5f-9d84-4afb110a7c0c@group-48F8B2C4EF7F:LeaderElection23] INFO  grpc.GrpcConfigKeys$Server (ConfUtils.java:logGet(43)) - raft.grpc.server.leader.outstanding.appends.max = 128 (default)
2019-10-09 13:27:21,925 [2ee9c1d3-06ba-4a5f-9d84-4afb110a7c0c@group-48F8B2C4EF7F:LeaderElection23] INFO  server.RaftServerConfigKeys (ConfUtils.java:logGet(43)) - raft.server.rpc.request.timeout = 3000ms (default)
2019-10-09 13:27:21,925 [2ee9c1d3-06ba-4a5f-9d84-4afb110a7c0c@group-48F8B2C4EF7F:LeaderElection23] INFO  server.RaftServerConfigKeys (ConfUtils.java:logGet(43)) - raft.server.log.appender.install.snapshot.enabled = false (custom)
2019-10-09 13:27:21,925 [2ee9c1d3-06ba-4a5f-9d84-4afb110a7c0c@group-48F8B2C4EF7F:LeaderElection23] INFO  impl.RoleInfo (RoleInfo.java:updateAndGet(143)) - 2ee9c1d3-06ba-4a5f-9d84-4afb110a7c0c: start LeaderState
2019-10-09 13:27:21,926 [2ee9c1d3-06ba-4a5f-9d84-4afb110a7c0c@group-48F8B2C4EF7F:LeaderElection23] INFO  segmented.SegmentedRaftLogWorker (SegmentedRaftLogWorker.java:rollLogSegment(385)) - 2ee9c1d3-06ba-4a5f-9d84-4afb110a7c0c@group-48F8B2C4EF7F-SegmentedRaftLogWorker: Rolling segment log-0_0 to index:0
2019-10-09 13:27:21,928 [2ee9c1d3-06ba-4a5f-9d84-4afb110a7c0c@group-48F8B2C4EF7F:LeaderElection23] INFO  impl.RaftServerImpl (ServerState.java:setRaftConf(354)) - 2ee9c1d3-06ba-4a5f-9d84-4afb110a7c0c@group-48F8B2C4EF7F: set configuration 1: [313addae-9673-478e-a4d3-465b496e5446:192.168.5.175:38767, cdccb4c0-033b-4518-9204-a7044bd7554c:192.168.5.175:35262, 2ee9c1d3-06ba-4a5f-9d84-4afb110a7c0c:192.168.5.175:45443], old=null at 1
2019-10-09 13:27:21,929 [2ee9c1d3-06ba-4a5f-9d84-4afb110a7c0c@group-48F8B2C4EF7F-SegmentedRaftLogWorker] INFO  segmented.SegmentedRaftLogWorker (SegmentedRaftLogWorker.java:execute(526)) - 2ee9c1d3-06ba-4a5f-9d84-4afb110a7c0c@group-48F8B2C4EF7F-SegmentedRaftLogWorker: Rolled log segment from /workdir/hadoop-ozone/integration-test/target/test-dir/MiniOzoneClusterImpl-d2994eac-00b5-4cdc-a349-7ab37c218234/datanode-5/data/ratis/3cb9570d-25ec-4a04-95ee-48f8b2c4ef7f/current/log_inprogress_0 to /workdir/hadoop-ozone/integration-test/target/test-dir/MiniOzoneClusterImpl-d2994eac-00b5-4cdc-a349-7ab37c218234/datanode-5/data/ratis/3cb9570d-25ec-4a04-95ee-48f8b2c4ef7f/current/log_0-0
2019-10-09 13:27:21,933 [grpc-default-executor-4] WARN  server.GrpcLogAppender (LogUtils.java:warn(134)) - 2ee9c1d3-06ba-4a5f-9d84-4afb110a7c0c@group-48F8B2C4EF7F->313addae-9673-478e-a4d3-465b496e5446-AppendLogResponseHandler: Failed appendEntries: org.apache.ratis.thirdparty.io.grpc.StatusRuntimeException: UNAVAILABLE: io exception
2019-10-09 13:27:21,965 [grpc-default-executor-4] INFO  impl.FollowerInfo (FollowerInfo.java:lambda$new$0(51)) - 2ee9c1d3-06ba-4a5f-9d84-4afb110a7c0c@group-48F8B2C4EF7F->313addae-9673-478e-a4d3-465b496e5446: nextIndex: updateUnconditionally 1 -> 0
2019-10-09 13:27:21,967 [grpc-default-executor-4] INFO  impl.RaftServerImpl (ServerState.java:setLeader(253)) - cdccb4c0-033b-4518-9204-a7044bd7554c@group-48F8B2C4EF7F: change Leader from null to 2ee9c1d3-06ba-4a5f-9d84-4afb110a7c0c at term 2 for appendEntries, leader elected after 83ms
2019-10-09 13:27:21,970 [grpc-default-executor-4] INFO  impl.RaftServerImpl (ServerState.java:setRaftConf(354)) - cdccb4c0-033b-4518-9204-a7044bd7554c@group-48F8B2C4EF7F: set configuration 1: [313addae-9673-478e-a4d3-465b496e5446:192.168.5.175:38767, cdccb4c0-033b-4518-9204-a7044bd7554c:192.168.5.175:35262, 2ee9c1d3-06ba-4a5f-9d84-4afb110a7c0c:192.168.5.175:45443], old=null at 1
2019-10-09 13:27:21,971 [grpc-default-executor-4] INFO  segmented.SegmentedRaftLogWorker (SegmentedRaftLogWorker.java:rollLogSegment(385)) - cdccb4c0-033b-4518-9204-a7044bd7554c@group-48F8B2C4EF7F-SegmentedRaftLogWorker: Rolling segment log-0_0 to index:0
2019-10-09 13:27:21,971 [cdccb4c0-033b-4518-9204-a7044bd7554c@group-48F8B2C4EF7F-SegmentedRaftLogWorker] INFO  segmented.SegmentedRaftLogWorker (SegmentedRaftLogWorker.java:execute(526)) - cdccb4c0-033b-4518-9204-a7044bd7554c@group-48F8B2C4EF7F-SegmentedRaftLogWorker: Rolled log segment from /workdir/hadoop-ozone/integration-test/target/test-dir/MiniOzoneClusterImpl-d2994eac-00b5-4cdc-a349-7ab37c218234/datanode-1/data/ratis/3cb9570d-25ec-4a04-95ee-48f8b2c4ef7f/current/log_inprogress_0 to /workdir/hadoop-ozone/integration-test/target/test-dir/MiniOzoneClusterImpl-d2994eac-00b5-4cdc-a349-7ab37c218234/datanode-1/data/ratis/3cb9570d-25ec-4a04-95ee-48f8b2c4ef7f/current/log_0-0
2019-10-09 13:27:21,977 [2ee9c1d3-06ba-4a5f-9d84-4afb110a7c0c@group-48F8B2C4EF7F-SegmentedRaftLogWorker] INFO  segmented.SegmentedRaftLogWorker (SegmentedRaftLogWorker.java:execute(569)) - 2ee9c1d3-06ba-4a5f-9d84-4afb110a7c0c@group-48F8B2C4EF7F-SegmentedRaftLogWorker: created new log segment /workdir/hadoop-ozone/integration-test/target/test-dir/MiniOzoneClusterImpl-d2994eac-00b5-4cdc-a349-7ab37c218234/datanode-5/data/ratis/3cb9570d-25ec-4a04-95ee-48f8b2c4ef7f/current/log_inprogress_1
2019-10-09 13:27:22,011 [cdccb4c0-033b-4518-9204-a7044bd7554c@group-48F8B2C4EF7F-SegmentedRaftLogWorker] INFO  segmented.SegmentedRaftLogWorker (SegmentedRaftLogWorker.java:execute(569)) - cdccb4c0-033b-4518-9204-a7044bd7554c@group-48F8B2C4EF7F-SegmentedRaftLogWorker: created new log segment /workdir/hadoop-ozone/integration-test/target/test-dir/MiniOzoneClusterImpl-d2994eac-00b5-4cdc-a349-7ab37c218234/datanode-1/data/ratis/3cb9570d-25ec-4a04-95ee-48f8b2c4ef7f/current/log_inprogress_1
2019-10-09 13:27:22,021 [grpc-default-executor-0] WARN  server.GrpcLogAppender (LogUtils.java:warn(134)) - 2ee9c1d3-06ba-4a5f-9d84-4afb110a7c0c@group-48F8B2C4EF7F->313addae-9673-478e-a4d3-465b496e5446-AppendLogResponseHandler: Failed appendEntries: org.apache.ratis.thirdparty.io.grpc.StatusRuntimeException: UNAVAILABLE: io exception
2019-10-09 13:27:22,024 [grpc-default-executor-0] INFO  impl.FollowerInfo (FollowerInfo.java:lambda$new$0(51)) - 2ee9c1d3-06ba-4a5f-9d84-4afb110a7c0c@group-48F8B2C4EF7F->313addae-9673-478e-a4d3-465b496e5446: nextIndex: updateUnconditionally 1 -> 0
2019-10-09 13:27:22,028 [grpc-default-executor-4] WARN  server.GrpcLogAppender (LogUtils.java:warn(134)) - 2ee9c1d3-06ba-4a5f-9d84-4afb110a7c0c@group-48F8B2C4EF7F->313addae-9673-478e-a4d3-465b496e5446-AppendLogResponseHandler: Failed appendEntries: org.apache.ratis.thirdparty.io.grpc.StatusRuntimeException: UNAVAILABLE: io exception
2019-10-09 13:27:22,030 [grpc-default-executor-4] INFO  impl.FollowerInfo (FollowerInfo.java:lambda$new$0(51)) - 2ee9c1d3-06ba-4a5f-9d84-4afb110a7c0c@group-48F8B2C4EF7F->313addae-9673-478e-a4d3-465b496e5446: nextIndex: updateUnconditionally 1 -> 0
2019-10-09 13:27:22,320 [grpc-default-executor-3] WARN  server.GrpcLogAppender (LogUtils.java:warn(134)) - cdccb4c0-033b-4518-9204-a7044bd7554c@group-D8B421D1DDFF->313addae-9673-478e-a4d3-465b496e5446-AppendLogResponseHandler: Failed appendEntries: org.apache.ratis.thirdparty.io.grpc.StatusRuntimeException: UNAVAILABLE: io exception
2019-10-09 13:27:22,322 [grpc-default-executor-3] INFO  impl.FollowerInfo (FollowerInfo.java:lambda$new$0(51)) - cdccb4c0-033b-4518-9204-a7044bd7554c@group-D8B421D1DDFF->313addae-9673-478e-a4d3-465b496e5446: nextIndex: updateUnconditionally 9 -> 8
2019-10-09 13:27:22,422 [grpc-default-executor-0] WARN  server.GrpcLogAppender (LogUtils.java:warn(134)) - cdccb4c0-033b-4518-9204-a7044bd7554c@group-AC71D93F9A37->313addae-9673-478e-a4d3-465b496e5446-AppendLogResponseHandler: Failed appendEntries: org.apache.ratis.thirdparty.io.grpc.StatusRuntimeException: UNAVAILABLE: io exception
2019-10-09 13:27:22,425 [grpc-default-executor-0] INFO  impl.FollowerInfo (FollowerInfo.java:lambda$new$0(51)) - cdccb4c0-033b-4518-9204-a7044bd7554c@group-AC71D93F9A37->313addae-9673-478e-a4d3-465b496e5446: nextIndex: updateUnconditionally 9 -> 8
2019-10-09 13:27:22,686 [main] INFO  ozoneimpl.OzoneContainer (OzoneContainer.java:stop(231)) - Attempting to stop container services.
2019-10-09 13:27:22,687 [main] INFO  impl.RaftServerProxy (RaftServerProxy.java:lambda$close$4(314)) - 2ee9c1d3-06ba-4a5f-9d84-4afb110a7c0c: close
2019-10-09 13:27:22,688 [main] INFO  impl.RaftServerImpl (RaftServerImpl.java:lambda$shutdown$3(251)) - 2ee9c1d3-06ba-4a5f-9d84-4afb110a7c0c@group-5C56A161F3F8: shutdown
2019-10-09 13:27:22,688 [ForkJoinPool.commonPool-worker-0] INFO  impl.RaftServerImpl (RaftServerImpl.java:lambda$shutdown$3(251)) - 2ee9c1d3-06ba-4a5f-9d84-4afb110a7c0c@group-45FCD4F9916E: shutdown
2019-10-09 13:27:22,688 [main] INFO  util.JmxRegister (JmxRegister.java:unregister(73)) - Successfully un-registered JMX Bean with object name Ratis:service=RaftServer,group=group-5C56A161F3F8,id=2ee9c1d3-06ba-4a5f-9d84-4afb110a7c0c
2019-10-09 13:27:22,688 [ForkJoinPool.commonPool-worker-0] INFO  util.JmxRegister (JmxRegister.java:unregister(73)) - Successfully un-registered JMX Bean with object name Ratis:service=RaftServer,group=group-45FCD4F9916E,id=2ee9c1d3-06ba-4a5f-9d84-4afb110a7c0c
2019-10-09 13:27:22,688 [main] INFO  impl.RoleInfo (RoleInfo.java:shutdownFollowerState(121)) - 2ee9c1d3-06ba-4a5f-9d84-4afb110a7c0c: shutdown FollowerState
2019-10-09 13:27:22,689 [ForkJoinPool.commonPool-worker-0] INFO  impl.RoleInfo (RoleInfo.java:shutdownLeaderState(104)) - 2ee9c1d3-06ba-4a5f-9d84-4afb110a7c0c: shutdown LeaderState
2019-10-09 13:27:22,689 [Thread-375] INFO  impl.FollowerState (FollowerState.java:run(115)) - 2ee9c1d3-06ba-4a5f-9d84-4afb110a7c0c: FollowerState was interrupted: java.lang.InterruptedException: sleep interrupted
2019-10-09 13:27:22,689 [main] INFO  impl.StateMachineUpdater (StateMachineUpdater.java:stopAndJoin(125)) - 2ee9c1d3-06ba-4a5f-9d84-4afb110a7c0c@group-5C56A161F3F8-StateMachineUpdater: set stopIndex = 0
2019-10-09 13:27:22,692 [main] INFO  impl.RaftServerImpl (ServerState.java:close(385)) - 2ee9c1d3-06ba-4a5f-9d84-4afb110a7c0c@group-5C56A161F3F8: closes. applyIndex: 0
2019-10-09 13:27:22,689 [ForkJoinPool.commonPool-worker-0] INFO  impl.PendingRequests (PendingRequests.java:sendNotLeaderResponses(202)) - 2ee9c1d3-06ba-4a5f-9d84-4afb110a7c0c-PendingRequests: sendNotLeaderResponses
2019-10-09 13:27:22,693 [2ee9c1d3-06ba-4a5f-9d84-4afb110a7c0c@group-5C56A161F3F8-SegmentedRaftLogWorker] INFO  segmented.SegmentedRaftLogWorker (SegmentedRaftLogWorker.java:run(313)) - 2ee9c1d3-06ba-4a5f-9d84-4afb110a7c0c@group-5C56A161F3F8-SegmentedRaftLogWorker was interrupted, exiting. There are 0 tasks remaining in the queue.
2019-10-09 13:27:22,693 [ForkJoinPool.commonPool-worker-0] INFO  impl.StateMachineUpdater (StateMachineUpdater.java:stopAndJoin(125)) - 2ee9c1d3-06ba-4a5f-9d84-4afb110a7c0c@group-45FCD4F9916E-StateMachineUpdater: set stopIndex = 0
2019-10-09 13:27:22,695 [main] INFO  segmented.SegmentedRaftLogWorker (SegmentedRaftLogWorker.java:close(228)) - 2ee9c1d3-06ba-4a5f-9d84-4afb110a7c0c@group-5C56A161F3F8-SegmentedRaftLogWorker close()
2019-10-09 13:27:22,700 [main] INFO  impl.RaftServerImpl (RaftServerImpl.java:lambda$shutdown$3(251)) - 2ee9c1d3-06ba-4a5f-9d84-4afb110a7c0c@group-48F8B2C4EF7F: shutdown
2019-10-09 13:27:22,700 [ForkJoinPool.commonPool-worker-0] INFO  impl.RaftServerImpl (ServerState.java:close(385)) - 2ee9c1d3-06ba-4a5f-9d84-4afb110a7c0c@group-45FCD4F9916E: closes. applyIndex: 0
2019-10-09 13:27:22,700 [main] INFO  util.JmxRegister (JmxRegister.java:unregister(73)) - Successfully un-registered JMX Bean with object name Ratis:service=RaftServer,group=group-48F8B2C4EF7F,id=2ee9c1d3-06ba-4a5f-9d84-4afb110a7c0c
2019-10-09 13:27:22,701 [main] INFO  impl.RoleInfo (RoleInfo.java:shutdownLeaderState(104)) - 2ee9c1d3-06ba-4a5f-9d84-4afb110a7c0c: shutdown LeaderState
2019-10-09 13:27:22,701 [2ee9c1d3-06ba-4a5f-9d84-4afb110a7c0c@group-45FCD4F9916E-SegmentedRaftLogWorker] INFO  segmented.SegmentedRaftLogWorker (SegmentedRaftLogWorker.java:run(313)) - 2ee9c1d3-06ba-4a5f-9d84-4afb110a7c0c@group-45FCD4F9916E-SegmentedRaftLogWorker was interrupted, exiting. There are 0 tasks remaining in the queue.
2019-10-09 13:27:22,705 [org.apache.ratis.server.impl.LogAppender$AppenderDaemon$$Lambda$479/1326070691@5e39f8a8] WARN  server.GrpcLogAppender (GrpcLogAppender.java:mayWait(143)) - 2ee9c1d3-06ba-4a5f-9d84-4afb110a7c0c@group-48F8B2C4EF7F->313addae-9673-478e-a4d3-465b496e5446-GrpcLogAppender: Wait interrupted by java.lang.InterruptedException
2019-10-09 13:27:22,705 [org.apache.ratis.server.impl.LogAppender$AppenderDaemon$$Lambda$479/1326070691@75bcb0c3] WARN  server.GrpcLogAppender (GrpcLogAppender.java:mayWait(143)) - 2ee9c1d3-06ba-4a5f-9d84-4afb110a7c0c@group-48F8B2C4EF7F->cdccb4c0-033b-4518-9204-a7044bd7554c-GrpcLogAppender: Wait interrupted by java.lang.InterruptedException
2019-10-09 13:27:22,705 [main] INFO  impl.PendingRequests (PendingRequests.java:sendNotLeaderResponses(202)) - 2ee9c1d3-06ba-4a5f-9d84-4afb110a7c0c-PendingRequests: sendNotLeaderResponses
2019-10-09 13:27:22,707 [ForkJoinPool.commonPool-worker-0] INFO  segmented.SegmentedRaftLogWorker (SegmentedRaftLogWorker.java:close(228)) - 2ee9c1d3-06ba-4a5f-9d84-4afb110a7c0c@group-45FCD4F9916E-SegmentedRaftLogWorker close()
2019-10-09 13:27:22,711 [main] INFO  impl.StateMachineUpdater (StateMachineUpdater.java:stopAndJoin(125)) - 2ee9c1d3-06ba-4a5f-9d84-4afb110a7c0c@group-48F8B2C4EF7F-StateMachineUpdater: set stopIndex = 2
2019-10-09 13:27:22,721 [grpc-default-executor-0] INFO  server.GrpcServerProtocolService (GrpcServerProtocolService.java:onCompleted(113)) - cdccb4c0-033b-4518-9204-a7044bd7554c: Completed APPEND_ENTRIES, lastRequest: 2ee9c1d3-06ba-4a5f-9d84-4afb110a7c0c->cdccb4c0-033b-4518-9204-a7044bd7554c#2-t2, previous=(t:2, i:1), leaderCommit=1, initializing? false, entries: size=1, first=(t:2, i:2), METADATAENTRY(c1)
2019-10-09 13:27:22,720 [ForkJoinPool.commonPool-worker-0] INFO  impl.RaftServerImpl (RaftServerImpl.java:lambda$shutdown$3(251)) - 2ee9c1d3-06ba-4a5f-9d84-4afb110a7c0c@group-422496AB57CF: shutdown
2019-10-09 13:27:22,721 [main] INFO  impl.RaftServerImpl (ServerState.java:close(385)) - 2ee9c1d3-06ba-4a5f-9d84-4afb110a7c0c@group-48F8B2C4EF7F: closes. applyIndex: 2
2019-10-09 13:27:22,721 [ForkJoinPool.commonPool-worker-0] INFO  util.JmxRegister (JmxRegister.java:unregister(73)) - Successfully un-registered JMX Bean with object name Ratis:service=RaftServer,group=group-422496AB57CF,id=2ee9c1d3-06ba-4a5f-9d84-4afb110a7c0c
2019-10-09 13:27:22,722 [grpc-default-executor-0] INFO  server.GrpcLogAppender (GrpcLogAppender.java:onCompleted(293)) - 2ee9c1d3-06ba-4a5f-9d84-4afb110a7c0c@group-48F8B2C4EF7F->cdccb4c0-033b-4518-9204-a7044bd7554c-AppendLogResponseHandler: follower responses appendEntries COMPLETED
2019-10-09 13:27:22,722 [2ee9c1d3-06ba-4a5f-9d84-4afb110a7c0c@group-48F8B2C4EF7F-SegmentedRaftLogWorker] INFO  segmented.SegmentedRaftLogWorker (SegmentedRaftLogWorker.java:run(313)) - 2ee9c1d3-06ba-4a5f-9d84-4afb110a7c0c@group-48F8B2C4EF7F-SegmentedRaftLogWorker was interrupted, exiting. There are 0 tasks remaining in the queue.
2019-10-09 13:27:22,722 [ForkJoinPool.commonPool-worker-0] INFO  impl.RoleInfo (RoleInfo.java:shutdownLeaderState(104)) - 2ee9c1d3-06ba-4a5f-9d84-4afb110a7c0c: shutdown LeaderState
2019-10-09 13:27:22,722 [main] INFO  segmented.SegmentedRaftLogWorker (SegmentedRaftLogWorker.java:close(228)) - 2ee9c1d3-06ba-4a5f-9d84-4afb110a7c0c@group-48F8B2C4EF7F-SegmentedRaftLogWorker close()
2019-10-09 13:27:22,726 [grpc-default-executor-4] INFO  server.GrpcLogAppender (GrpcLogAppender.java:onError(282)) - 2ee9c1d3-06ba-4a5f-9d84-4afb110a7c0c@group-422496AB57CF->cdccb4c0-033b-4518-9204-a7044bd7554c-GrpcLogAppender is stopped
2019-10-09 13:27:22,726 [org.apache.ratis.server.impl.LogAppender$AppenderDaemon$$Lambda$479/1326070691@7dec1bfd] WARN  server.GrpcLogAppender (GrpcLogAppender.java:mayWait(143)) - 2ee9c1d3-06ba-4a5f-9d84-4afb110a7c0c@group-422496AB57CF->313addae-9673-478e-a4d3-465b496e5446-GrpcLogAppender: Wait interrupted by java.lang.InterruptedException
2019-10-09 13:27:22,726 [grpc-default-executor-0] INFO  impl.FollowerInfo (FollowerInfo.java:lambda$new$0(51)) - 2ee9c1d3-06ba-4a5f-9d84-4afb110a7c0c@group-48F8B2C4EF7F->cdccb4c0-033b-4518-9204-a7044bd7554c: nextIndex: updateUnconditionally 3 -> 2
2019-10-09 13:27:22,731 [grpc-default-executor-1] WARN  server.GrpcServerProtocolService (LogUtils.java:warn(134)) - cdccb4c0-033b-4518-9204-a7044bd7554c: installSnapshot onError, lastRequest: 2ee9c1d3-06ba-4a5f-9d84-4afb110a7c0c->cdccb4c0-033b-4518-9204-a7044bd7554c#5-t1, previous=(t:1, i:0), leaderCommit=0, initializing? false, entries: <empty>: org.apache.ratis.thirdparty.io.grpc.StatusRuntimeException: CANCELLED: cancelled before receiving half close
2019-10-09 13:27:22,726 [org.apache.ratis.server.impl.LogAppender$AppenderDaemon$$Lambda$479/1326070691@783094ed] WARN  server.GrpcLogAppender (GrpcLogAppender.java:mayWait(143)) - 2ee9c1d3-06ba-4a5f-9d84-4afb110a7c0c@group-422496AB57CF->cdccb4c0-033b-4518-9204-a7044bd7554c-GrpcLogAppender: Wait interrupted by java.lang.InterruptedException
2019-10-09 13:27:22,726 [ForkJoinPool.commonPool-worker-0] INFO  impl.PendingRequests (PendingRequests.java:sendNotLeaderResponses(202)) - 2ee9c1d3-06ba-4a5f-9d84-4afb110a7c0c-PendingRequests: sendNotLeaderResponses
2019-10-09 13:27:22,731 [grpc-default-executor-4] WARN  server.GrpcServerProtocolService (LogUtils.java:warn(134)) - cdccb4c0-033b-4518-9204-a7044bd7554c: installSnapshot onError, lastRequest: 2ee9c1d3-06ba-4a5f-9d84-4afb110a7c0c->cdccb4c0-033b-4518-9204-a7044bd7554c#3-t2, previous=(t:2, i:0), leaderCommit=0, initializing? false, entries: <empty>: org.apache.ratis.thirdparty.io.grpc.StatusRuntimeException: CANCELLED: cancelled before receiving half close
2019-10-09 13:27:22,728 [main] INFO  impl.RaftServerImpl (RaftServerImpl.java:lambda$shutdown$3(251)) - 2ee9c1d3-06ba-4a5f-9d84-4afb110a7c0c@group-D8B421D1DDFF: shutdown
2019-10-09 13:27:22,726 [grpc-default-executor-3] WARN  server.GrpcLogAppender (LogUtils.java:warn(134)) - 2ee9c1d3-06ba-4a5f-9d84-4afb110a7c0c@group-C50691FFC243->cdccb4c0-033b-4518-9204-a7044bd7554c-AppendLogResponseHandler: Failed appendEntries: org.apache.ratis.thirdparty.io.grpc.StatusRuntimeException: UNAVAILABLE: Channel shutdownNow invoked
2019-10-09 13:27:22,733 [main] INFO  util.JmxRegister (JmxRegister.java:unregister(73)) - Successfully un-registered JMX Bean with object name Ratis:service=RaftServer,group=group-D8B421D1DDFF,id=2ee9c1d3-06ba-4a5f-9d84-4afb110a7c0c
2019-10-09 13:27:22,732 [ForkJoinPool.commonPool-worker-0] INFO  impl.StateMachineUpdater (StateMachineUpdater.java:stopAndJoin(125)) - 2ee9c1d3-06ba-4a5f-9d84-4afb110a7c0c@group-422496AB57CF-StateMachineUpdater: set stopIndex = 0
2019-10-09 13:27:22,733 [main] INFO  impl.RoleInfo (RoleInfo.java:shutdownFollowerState(121)) - 2ee9c1d3-06ba-4a5f-9d84-4afb110a7c0c: shutdown FollowerState
2019-10-09 13:27:22,733 [grpc-default-executor-3] INFO  impl.FollowerInfo (FollowerInfo.java:lambda$new$0(51)) - 2ee9c1d3-06ba-4a5f-9d84-4afb110a7c0c@group-C50691FFC243->cdccb4c0-033b-4518-9204-a7044bd7554c: nextIndex: updateUnconditionally 1 -> 0
2019-10-09 13:27:22,734 [Thread-356] INFO  impl.FollowerState (FollowerState.java:run(115)) - 2ee9c1d3-06ba-4a5f-9d84-4afb110a7c0c: FollowerState was interrupted: java.lang.InterruptedException: sleep interrupted
2019-10-09 13:27:22,734 [main] INFO  impl.StateMachineUpdater (StateMachineUpdater.java:stopAndJoin(125)) - 2ee9c1d3-06ba-4a5f-9d84-4afb110a7c0c@group-D8B421D1DDFF-StateMachineUpdater: set stopIndex = 10
2019-10-09 13:27:22,733 [ForkJoinPool.commonPool-worker-0] INFO  impl.RaftServerImpl (ServerState.java:close(385)) - 2ee9c1d3-06ba-4a5f-9d84-4afb110a7c0c@group-422496AB57CF: closes. applyIndex: 0
2019-10-09 13:27:22,734 [2ee9c1d3-06ba-4a5f-9d84-4afb110a7c0c@group-D8B421D1DDFF-StateMachineUpdater] INFO  ratis.ContainerStateMachine (ContainerStateMachine.java:takeSnapshot(289)) - group-D8B421D1DDFF: Taking a snapshot at:(t:1, i:9) file /workdir/hadoop-ozone/integration-test/target/test-dir/MiniOzoneClusterImpl-d2994eac-00b5-4cdc-a349-7ab37c218234/datanode-5/data/ratis/2818c167-bf96-4815-b7ba-d8b421d1ddff/sm/snapshot.1_9
2019-10-09 13:27:22,735 [2ee9c1d3-06ba-4a5f-9d84-4afb110a7c0c@group-422496AB57CF-SegmentedRaftLogWorker] INFO  segmented.SegmentedRaftLogWorker (SegmentedRaftLogWorker.java:run(313)) - 2ee9c1d3-06ba-4a5f-9d84-4afb110a7c0c@group-422496AB57CF-SegmentedRaftLogWorker was interrupted, exiting. There are 0 tasks remaining in the queue.
2019-10-09 13:27:22,735 [ForkJoinPool.commonPool-worker-0] INFO  segmented.SegmentedRaftLogWorker (SegmentedRaftLogWorker.java:close(228)) - 2ee9c1d3-06ba-4a5f-9d84-4afb110a7c0c@group-422496AB57CF-SegmentedRaftLogWorker close()
2019-10-09 13:27:22,748 [2ee9c1d3-06ba-4a5f-9d84-4afb110a7c0c@group-D8B421D1DDFF-StateMachineUpdater] INFO  ratis.ContainerStateMachine (ContainerStateMachine.java:takeSnapshot(300)) - group-D8B421D1DDFF: Finished taking a snapshot at:(t:1, i:9) file:/workdir/hadoop-ozone/integration-test/target/test-dir/MiniOzoneClusterImpl-d2994eac-00b5-4cdc-a349-7ab37c218234/datanode-5/data/ratis/2818c167-bf96-4815-b7ba-d8b421d1ddff/sm/snapshot.1_9 time:14
2019-10-09 13:27:22,749 [2ee9c1d3-06ba-4a5f-9d84-4afb110a7c0c@group-D8B421D1DDFF-StateMachineUpdater] INFO  impl.StateMachineUpdater (StateMachineUpdater.java:takeSnapshot(258)) - 2ee9c1d3-06ba-4a5f-9d84-4afb110a7c0c@group-D8B421D1DDFF-StateMachineUpdater: Took a snapshot at index 9
2019-10-09 13:27:22,749 [2ee9c1d3-06ba-4a5f-9d84-4afb110a7c0c@group-D8B421D1DDFF-StateMachineUpdater] INFO  impl.StateMachineUpdater (StateMachineUpdater.java:lambda$new$0(83)) - 2ee9c1d3-06ba-4a5f-9d84-4afb110a7c0c@group-D8B421D1DDFF-StateMachineUpdater: snapshotIndex: updateIncreasingly -1 -> 9
2019-10-09 13:27:22,749 [2ee9c1d3-06ba-4a5f-9d84-4afb110a7c0c@group-D8B421D1DDFF-StateMachineUpdater] INFO  ratis.ContainerStateMachine (ContainerStateMachine.java:takeSnapshot(289)) - group-D8B421D1DDFF: Taking a snapshot at:(t:1, i:9) file /workdir/hadoop-ozone/integration-test/target/test-dir/MiniOzoneClusterImpl-d2994eac-00b5-4cdc-a349-7ab37c218234/datanode-5/data/ratis/2818c167-bf96-4815-b7ba-d8b421d1ddff/sm/snapshot.1_9
2019-10-09 13:27:22,759 [2ee9c1d3-06ba-4a5f-9d84-4afb110a7c0c@group-D8B421D1DDFF-StateMachineUpdater] INFO  ratis.ContainerStateMachine (ContainerStateMachine.java:takeSnapshot(300)) - group-D8B421D1DDFF: Finished taking a snapshot at:(t:1, i:9) file:/workdir/hadoop-ozone/integration-test/target/test-dir/MiniOzoneClusterImpl-d2994eac-00b5-4cdc-a349-7ab37c218234/datanode-5/data/ratis/2818c167-bf96-4815-b7ba-d8b421d1ddff/sm/snapshot.1_9 time:10
2019-10-09 13:27:22,759 [2ee9c1d3-06ba-4a5f-9d84-4afb110a7c0c@group-D8B421D1DDFF-StateMachineUpdater] INFO  impl.StateMachineUpdater (StateMachineUpdater.java:takeSnapshot(258)) - 2ee9c1d3-06ba-4a5f-9d84-4afb110a7c0c@group-D8B421D1DDFF-StateMachineUpdater: Took a snapshot at index 9
2019-10-09 13:27:22,759 [2ee9c1d3-06ba-4a5f-9d84-4afb110a7c0c@group-D8B421D1DDFF-StateMachineUpdater] INFO  impl.StateMachineUpdater (StateMachineUpdater.java:lambda$new$0(83)) - 2ee9c1d3-06ba-4a5f-9d84-4afb110a7c0c@group-D8B421D1DDFF-StateMachineUpdater: snapshotIndex: updateIncreasingly 9 -> 9
2019-10-09 13:27:22,760 [main] INFO  impl.RaftServerImpl (ServerState.java:close(385)) - 2ee9c1d3-06ba-4a5f-9d84-4afb110a7c0c@group-D8B421D1DDFF: closes. applyIndex: 10
2019-10-09 13:27:22,760 [2ee9c1d3-06ba-4a5f-9d84-4afb110a7c0c@group-D8B421D1DDFF-SegmentedRaftLogWorker] INFO  segmented.SegmentedRaftLogWorker (SegmentedRaftLogWorker.java:run(313)) - 2ee9c1d3-06ba-4a5f-9d84-4afb110a7c0c@group-D8B421D1DDFF-SegmentedRaftLogWorker was interrupted, exiting. There are 0 tasks remaining in the queue.
2019-10-09 13:27:22,760 [main] INFO  segmented.SegmentedRaftLogWorker (SegmentedRaftLogWorker.java:close(228)) - 2ee9c1d3-06ba-4a5f-9d84-4afb110a7c0c@group-D8B421D1DDFF-SegmentedRaftLogWorker close()
2019-10-09 13:27:22,762 [main] INFO  impl.RaftServerImpl (RaftServerImpl.java:lambda$shutdown$3(251)) - 2ee9c1d3-06ba-4a5f-9d84-4afb110a7c0c@group-AC71D93F9A37: shutdown
2019-10-09 13:27:22,763 [main] INFO  util.JmxRegister (JmxRegister.java:unregister(73)) - Successfully un-registered JMX Bean with object name Ratis:service=RaftServer,group=group-AC71D93F9A37,id=2ee9c1d3-06ba-4a5f-9d84-4afb110a7c0c
2019-10-09 13:27:22,763 [main] INFO  impl.RoleInfo (RoleInfo.java:shutdownFollowerState(121)) - 2ee9c1d3-06ba-4a5f-9d84-4afb110a7c0c: shutdown FollowerState
2019-10-09 13:27:22,763 [main] INFO  impl.StateMachineUpdater (StateMachineUpdater.java:stopAndJoin(125)) - 2ee9c1d3-06ba-4a5f-9d84-4afb110a7c0c@group-AC71D93F9A37-StateMachineUpdater: set stopIndex = 10
2019-10-09 13:27:22,763 [Thread-364] INFO  impl.FollowerState (FollowerState.java:run(115)) - 2ee9c1d3-06ba-4a5f-9d84-4afb110a7c0c: FollowerState was interrupted: java.lang.InterruptedException: sleep interrupted
2019-10-09 13:27:22,764 [2ee9c1d3-06ba-4a5f-9d84-4afb110a7c0c@group-AC71D93F9A37-StateMachineUpdater] INFO  ratis.ContainerStateMachine (ContainerStateMachine.java:takeSnapshot(289)) - group-AC71D93F9A37: Taking a snapshot at:(t:1, i:9) file /workdir/hadoop-ozone/integration-test/target/test-dir/MiniOzoneClusterImpl-d2994eac-00b5-4cdc-a349-7ab37c218234/datanode-5/data/ratis/7368f3be-cd11-4eba-bfd8-ac71d93f9a37/sm/snapshot.1_9
2019-10-09 13:27:22,775 [2ee9c1d3-06ba-4a5f-9d84-4afb110a7c0c@group-AC71D93F9A37-StateMachineUpdater] INFO  ratis.ContainerStateMachine (ContainerStateMachine.java:takeSnapshot(300)) - group-AC71D93F9A37: Finished taking a snapshot at:(t:1, i:9) file:/workdir/hadoop-ozone/integration-test/target/test-dir/MiniOzoneClusterImpl-d2994eac-00b5-4cdc-a349-7ab37c218234/datanode-5/data/ratis/7368f3be-cd11-4eba-bfd8-ac71d93f9a37/sm/snapshot.1_9 time:12
2019-10-09 13:27:22,775 [2ee9c1d3-06ba-4a5f-9d84-4afb110a7c0c@group-AC71D93F9A37-StateMachineUpdater] INFO  impl.StateMachineUpdater (StateMachineUpdater.java:takeSnapshot(258)) - 2ee9c1d3-06ba-4a5f-9d84-4afb110a7c0c@group-AC71D93F9A37-StateMachineUpdater: Took a snapshot at index 9
2019-10-09 13:27:22,775 [2ee9c1d3-06ba-4a5f-9d84-4afb110a7c0c@group-AC71D93F9A37-StateMachineUpdater] INFO  impl.StateMachineUpdater (StateMachineUpdater.java:lambda$new$0(83)) - 2ee9c1d3-06ba-4a5f-9d84-4afb110a7c0c@group-AC71D93F9A37-StateMachineUpdater: snapshotIndex: updateIncreasingly -1 -> 9
2019-10-09 13:27:22,776 [2ee9c1d3-06ba-4a5f-9d84-4afb110a7c0c@group-AC71D93F9A37-StateMachineUpdater] INFO  ratis.ContainerStateMachine (ContainerStateMachine.java:takeSnapshot(289)) - group-AC71D93F9A37: Taking a snapshot at:(t:1, i:9) file /workdir/hadoop-ozone/integration-test/target/test-dir/MiniOzoneClusterImpl-d2994eac-00b5-4cdc-a349-7ab37c218234/datanode-5/data/ratis/7368f3be-cd11-4eba-bfd8-ac71d93f9a37/sm/snapshot.1_9
2019-10-09 13:27:22,788 [2ee9c1d3-06ba-4a5f-9d84-4afb110a7c0c@group-AC71D93F9A37-StateMachineUpdater] INFO  ratis.ContainerStateMachine (ContainerStateMachine.java:takeSnapshot(300)) - group-AC71D93F9A37: Finished taking a snapshot at:(t:1, i:9) file:/workdir/hadoop-ozone/integration-test/target/test-dir/MiniOzoneClusterImpl-d2994eac-00b5-4cdc-a349-7ab37c218234/datanode-5/data/ratis/7368f3be-cd11-4eba-bfd8-ac71d93f9a37/sm/snapshot.1_9 time:13
2019-10-09 13:27:22,788 [2ee9c1d3-06ba-4a5f-9d84-4afb110a7c0c@group-AC71D93F9A37-StateMachineUpdater] INFO  impl.StateMachineUpdater (StateMachineUpdater.java:takeSnapshot(258)) - 2ee9c1d3-06ba-4a5f-9d84-4afb110a7c0c@group-AC71D93F9A37-StateMachineUpdater: Took a snapshot at index 9
2019-10-09 13:27:22,789 [2ee9c1d3-06ba-4a5f-9d84-4afb110a7c0c@group-AC71D93F9A37-StateMachineUpdater] INFO  impl.StateMachineUpdater (StateMachineUpdater.java:lambda$new$0(83)) - 2ee9c1d3-06ba-4a5f-9d84-4afb110a7c0c@group-AC71D93F9A37-StateMachineUpdater: snapshotIndex: updateIncreasingly 9 -> 9
2019-10-09 13:27:22,789 [main] INFO  impl.RaftServerImpl (ServerState.java:close(385)) - 2ee9c1d3-06ba-4a5f-9d84-4afb110a7c0c@group-AC71D93F9A37: closes. applyIndex: 10
2019-10-09 13:27:22,789 [2ee9c1d3-06ba-4a5f-9d84-4afb110a7c0c@group-AC71D93F9A37-SegmentedRaftLogWorker] INFO  segmented.SegmentedRaftLogWorker (SegmentedRaftLogWorker.java:run(313)) - 2ee9c1d3-06ba-4a5f-9d84-4afb110a7c0c@group-AC71D93F9A37-SegmentedRaftLogWorker was interrupted, exiting. There are 0 tasks remaining in the queue.
2019-10-09 13:27:22,790 [main] INFO  segmented.SegmentedRaftLogWorker (SegmentedRaftLogWorker.java:close(228)) - 2ee9c1d3-06ba-4a5f-9d84-4afb110a7c0c@group-AC71D93F9A37-SegmentedRaftLogWorker close()
2019-10-09 13:27:22,792 [main] INFO  impl.RaftServerImpl (RaftServerImpl.java:lambda$shutdown$3(251)) - 2ee9c1d3-06ba-4a5f-9d84-4afb110a7c0c@group-C50691FFC243: shutdown
2019-10-09 13:27:22,792 [main] INFO  util.JmxRegister (JmxRegister.java:unregister(73)) - Successfully un-registered JMX Bean with object name Ratis:service=RaftServer,group=group-C50691FFC243,id=2ee9c1d3-06ba-4a5f-9d84-4afb110a7c0c
2019-10-09 13:27:22,793 [main] INFO  impl.RoleInfo (RoleInfo.java:shutdownLeaderState(104)) - 2ee9c1d3-06ba-4a5f-9d84-4afb110a7c0c: shutdown LeaderState
2019-10-09 13:27:22,797 [org.apache.ratis.server.impl.LogAppender$AppenderDaemon$$Lambda$479/1326070691@34c9135e] WARN  server.GrpcLogAppender (GrpcLogAppender.java:mayWait(143)) - 2ee9c1d3-06ba-4a5f-9d84-4afb110a7c0c@group-C50691FFC243->313addae-9673-478e-a4d3-465b496e5446-GrpcLogAppender: Wait interrupted by java.lang.InterruptedException
2019-10-09 13:27:22,797 [org.apache.ratis.server.impl.LogAppender$AppenderDaemon$$Lambda$479/1326070691@505d85d4] WARN  server.GrpcLogAppender (GrpcLogAppender.java:mayWait(143)) - 2ee9c1d3-06ba-4a5f-9d84-4afb110a7c0c@group-C50691FFC243->cdccb4c0-033b-4518-9204-a7044bd7554c-GrpcLogAppender: Wait interrupted by java.lang.InterruptedException
2019-10-09 13:27:22,797 [main] INFO  impl.PendingRequests (PendingRequests.java:sendNotLeaderResponses(202)) - 2ee9c1d3-06ba-4a5f-9d84-4afb110a7c0c-PendingRequests: sendNotLeaderResponses
2019-10-09 13:27:22,798 [main] INFO  impl.StateMachineUpdater (StateMachineUpdater.java:stopAndJoin(125)) - 2ee9c1d3-06ba-4a5f-9d84-4afb110a7c0c@group-C50691FFC243-StateMachineUpdater: set stopIndex = 0
2019-10-09 13:27:22,798 [main] INFO  impl.RaftServerImpl (ServerState.java:close(385)) - 2ee9c1d3-06ba-4a5f-9d84-4afb110a7c0c@group-C50691FFC243: closes. applyIndex: 0
2019-10-09 13:27:22,799 [2ee9c1d3-06ba-4a5f-9d84-4afb110a7c0c@group-C50691FFC243-SegmentedRaftLogWorker] INFO  segmented.SegmentedRaftLogWorker (SegmentedRaftLogWorker.java:run(313)) - 2ee9c1d3-06ba-4a5f-9d84-4afb110a7c0c@group-C50691FFC243-SegmentedRaftLogWorker was interrupted, exiting. There are 0 tasks remaining in the queue.
2019-10-09 13:27:22,799 [main] INFO  segmented.SegmentedRaftLogWorker (SegmentedRaftLogWorker.java:close(228)) - 2ee9c1d3-06ba-4a5f-9d84-4afb110a7c0c@group-C50691FFC243-SegmentedRaftLogWorker close()
2019-10-09 13:27:22,802 [main] INFO  impl.RaftServerImpl (RaftServerImpl.java:lambda$shutdown$3(251)) - 2ee9c1d3-06ba-4a5f-9d84-4afb110a7c0c@group-172AEF85EC02: shutdown
2019-10-09 13:27:22,802 [main] INFO  util.JmxRegister (JmxRegister.java:unregister(73)) - Successfully un-registered JMX Bean with object name Ratis:service=RaftServer,group=group-172AEF85EC02,id=2ee9c1d3-06ba-4a5f-9d84-4afb110a7c0c
2019-10-09 13:27:22,802 [main] INFO  impl.RoleInfo (RoleInfo.java:shutdownFollowerState(121)) - 2ee9c1d3-06ba-4a5f-9d84-4afb110a7c0c: shutdown FollowerState
2019-10-09 13:27:22,803 [main] INFO  impl.StateMachineUpdater (StateMachineUpdater.java:stopAndJoin(125)) - 2ee9c1d3-06ba-4a5f-9d84-4afb110a7c0c@group-172AEF85EC02-StateMachineUpdater: set stopIndex = 0
2019-10-09 13:27:22,803 [Thread-523] INFO  impl.FollowerState (FollowerState.java:run(115)) - 2ee9c1d3-06ba-4a5f-9d84-4afb110a7c0c: FollowerState was interrupted: java.lang.InterruptedException: sleep interrupted
2019-10-09 13:27:22,803 [main] INFO  impl.RaftServerImpl (ServerState.java:close(385)) - 2ee9c1d3-06ba-4a5f-9d84-4afb110a7c0c@group-172AEF85EC02: closes. applyIndex: 0
2019-10-09 13:27:22,805 [2ee9c1d3-06ba-4a5f-9d84-4afb110a7c0c@group-172AEF85EC02-SegmentedRaftLogWorker] INFO  segmented.SegmentedRaftLogWorker (SegmentedRaftLogWorker.java:run(313)) - 2ee9c1d3-06ba-4a5f-9d84-4afb110a7c0c@group-172AEF85EC02-SegmentedRaftLogWorker was interrupted, exiting. There are 0 tasks remaining in the queue.
2019-10-09 13:27:22,806 [main] INFO  segmented.SegmentedRaftLogWorker (SegmentedRaftLogWorker.java:close(228)) - 2ee9c1d3-06ba-4a5f-9d84-4afb110a7c0c@group-172AEF85EC02-SegmentedRaftLogWorker close()
2019-10-09 13:27:22,808 [main] INFO  server.GrpcService (GrpcService.java:closeImpl(164)) - 2ee9c1d3-06ba-4a5f-9d84-4afb110a7c0c: shutdown server with port 45443 now
2019-10-09 13:27:22,809 [grpc-default-executor-3] WARN  server.GrpcServerProtocolService (LogUtils.java:warn(134)) - 2ee9c1d3-06ba-4a5f-9d84-4afb110a7c0c: installSnapshot onError, lastRequest: cdccb4c0-033b-4518-9204-a7044bd7554c->2ee9c1d3-06ba-4a5f-9d84-4afb110a7c0c#15-t1, previous=(t:1, i:10), leaderCommit=10, initializing? false, entries: <empty>: org.apache.ratis.thirdparty.io.grpc.StatusRuntimeException: CANCELLED: cancelled before receiving half close
2019-10-09 13:27:22,809 [grpc-default-executor-4] WARN  server.GrpcServerProtocolService (LogUtils.java:warn(134)) - 2ee9c1d3-06ba-4a5f-9d84-4afb110a7c0c: installSnapshot onError, lastRequest: cdccb4c0-033b-4518-9204-a7044bd7554c->2ee9c1d3-06ba-4a5f-9d84-4afb110a7c0c#15-t1, previous=(t:1, i:10), leaderCommit=10, initializing? false, entries: <empty>: org.apache.ratis.thirdparty.io.grpc.StatusRuntimeException: CANCELLED: cancelled before receiving half close
2019-10-09 13:27:22,810 [main] INFO  server.GrpcService (GrpcService.java:closeImpl(172)) - 2ee9c1d3-06ba-4a5f-9d84-4afb110a7c0c: shutdown server with port 45443 successfully
2019-10-09 13:27:22,810 [grpc-default-executor-9] WARN  server.GrpcLogAppender (LogUtils.java:warn(134)) - cdccb4c0-033b-4518-9204-a7044bd7554c@group-5C56A161F3F8->2ee9c1d3-06ba-4a5f-9d84-4afb110a7c0c-AppendLogResponseHandler: Failed appendEntries: org.apache.ratis.thirdparty.io.grpc.StatusRuntimeException: CANCELLED: HTTP/2 error code: CANCEL
Received Rst Stream
2019-10-09 13:27:22,809 [grpc-default-executor-0] WARN  server.GrpcServerProtocolService (LogUtils.java:warn(134)) - 2ee9c1d3-06ba-4a5f-9d84-4afb110a7c0c: installSnapshot onError, lastRequest: cdccb4c0-033b-4518-9204-a7044bd7554c->2ee9c1d3-06ba-4a5f-9d84-4afb110a7c0c#5-t1, previous=(t:1, i:0), leaderCommit=0, initializing? false, entries: <empty>: org.apache.ratis.thirdparty.io.grpc.StatusRuntimeException: CANCELLED: cancelled before receiving half close
2019-10-09 13:27:22,809 [grpc-default-executor-6] WARN  server.GrpcServerProtocolService (LogUtils.java:warn(134)) - 2ee9c1d3-06ba-4a5f-9d84-4afb110a7c0c: installSnapshot onError, lastRequest: cdccb4c0-033b-4518-9204-a7044bd7554c->2ee9c1d3-06ba-4a5f-9d84-4afb110a7c0c#3-t2, previous=(t:2, i:0), leaderCommit=0, initializing? false, entries: <empty>: org.apache.ratis.thirdparty.io.grpc.StatusRuntimeException: CANCELLED: cancelled before receiving half close
2019-10-09 13:27:22,811 [grpc-default-executor-9] INFO  impl.FollowerInfo (FollowerInfo.java:lambda$new$0(51)) - cdccb4c0-033b-4518-9204-a7044bd7554c@group-5C56A161F3F8->2ee9c1d3-06ba-4a5f-9d84-4afb110a7c0c: nextIndex: updateUnconditionally 1 -> 0
2019-10-09 13:27:22,810 [grpc-default-executor-2] WARN  server.GrpcLogAppender (LogUtils.java:warn(134)) - cdccb4c0-033b-4518-9204-a7044bd7554c@group-172AEF85EC02->2ee9c1d3-06ba-4a5f-9d84-4afb110a7c0c-AppendLogResponseHandler: Failed appendEntries: org.apache.ratis.thirdparty.io.grpc.StatusRuntimeException: CANCELLED: HTTP/2 error code: CANCEL
Received Rst Stream
2019-10-09 13:27:22,810 [grpc-default-executor-5] WARN  server.GrpcLogAppender (LogUtils.java:warn(134)) - cdccb4c0-033b-4518-9204-a7044bd7554c@group-AC71D93F9A37->2ee9c1d3-06ba-4a5f-9d84-4afb110a7c0c-AppendLogResponseHandler: Failed appendEntries: org.apache.ratis.thirdparty.io.grpc.StatusRuntimeException: CANCELLED: HTTP/2 error code: CANCEL
Received Rst Stream
2019-10-09 13:27:22,810 [grpc-default-executor-1] WARN  server.GrpcLogAppender (LogUtils.java:warn(134)) - cdccb4c0-033b-4518-9204-a7044bd7554c@group-D8B421D1DDFF->2ee9c1d3-06ba-4a5f-9d84-4afb110a7c0c-AppendLogResponseHandler: Failed appendEntries: org.apache.ratis.thirdparty.io.grpc.StatusRuntimeException: CANCELLED: HTTP/2 error code: CANCEL
Received Rst Stream
2019-10-09 13:27:22,812 [grpc-default-executor-5] INFO  impl.FollowerInfo (FollowerInfo.java:lambda$new$0(51)) - cdccb4c0-033b-4518-9204-a7044bd7554c@group-AC71D93F9A37->2ee9c1d3-06ba-4a5f-9d84-4afb110a7c0c: nextIndex: updateUnconditionally 11 -> 10
2019-10-09 13:27:22,812 [grpc-default-executor-2] INFO  impl.FollowerInfo (FollowerInfo.java:lambda$new$0(51)) - cdccb4c0-033b-4518-9204-a7044bd7554c@group-172AEF85EC02->2ee9c1d3-06ba-4a5f-9d84-4afb110a7c0c: nextIndex: updateUnconditionally 1 -> 0
2019-10-09 13:27:22,812 [grpc-default-executor-1] INFO  impl.FollowerInfo (FollowerInfo.java:lambda$new$0(51)) - cdccb4c0-033b-4518-9204-a7044bd7554c@group-D8B421D1DDFF->2ee9c1d3-06ba-4a5f-9d84-4afb110a7c0c: nextIndex: updateUnconditionally 11 -> 10
2019-10-09 13:27:22,823 [refreshUsed-/workdir/hadoop-ozone/integration-test/target/test-dir/MiniOzoneClusterImpl-d2994eac-00b5-4cdc-a349-7ab37c218234/datanode-5/data/containers] WARN  fs.CachingGetSpaceUsed (CachingGetSpaceUsed.java:run(183)) - Thread Interrupted waiting to refresh disk information: sleep interrupted
2019-10-09 13:27:22,836 [main] INFO  utils.BackgroundService (BackgroundService.java:shutdown(148)) - Shutting down service BlockDeletingService
2019-10-09 13:27:22,842 [main] INFO  statemachine.DatanodeStateMachine (DatanodeStateMachine.java:stopDaemon(395)) - Ozone container server stopped.
2019-10-09 13:27:22,843 [main] INFO  handler.ContextHandler (ContextHandler.java:doStop(910)) - Stopped o.e.j.w.WebAppContext@2bc378f7{/,null,UNAVAILABLE}{/hddsDatanode}
2019-10-09 13:27:22,844 [main] INFO  server.AbstractConnector (AbstractConnector.java:doStop(318)) - Stopped ServerConnector@268cbb86{HTTP/1.1,[http/1.1]}{0.0.0.0:0}
2019-10-09 13:27:22,845 [main] INFO  handler.ContextHandler (ContextHandler.java:doStop(910)) - Stopped o.e.j.s.ServletContextHandler@31ddb930{/static,jar:file:/home/user/.m2/repository/org/apache/hadoop/hadoop-hdds-container-service/0.5.0-SNAPSHOT/hadoop-hdds-container-service-0.5.0-SNAPSHOT.jar!/webapps/static,UNAVAILABLE}
2019-10-09 13:27:22,845 [main] INFO  handler.ContextHandler (ContextHandler.java:doStop(910)) - Stopped o.e.j.s.ServletContextHandler@7e53339{/logs,file:///workdir/hadoop-ozone/integration-test/target/log,UNAVAILABLE}
]]></system-out>
    <system-err><![CDATA[Oct 09, 2019 1:27:17 PM org.apache.ratis.thirdparty.io.grpc.internal.SerializingExecutor run
SEVERE: Exception while executing runnable org.apache.ratis.thirdparty.io.grpc.internal.ServerImpl$JumpToApplicationThreadServerStreamListener$1Closed@5026a4ba
org.apache.ratis.thirdparty.io.grpc.StatusRuntimeException: CANCELLED: call already cancelled
	at org.apache.ratis.thirdparty.io.grpc.Status.asRuntimeException(Status.java:517)
	at org.apache.ratis.thirdparty.io.grpc.stub.ServerCalls$ServerCallStreamObserverImpl.onCompleted(ServerCalls.java:356)
	at org.apache.ratis.grpc.server.GrpcServerProtocolService$ServerRequestStreamObserver.onError(GrpcServerProtocolService.java:121)
	at org.apache.ratis.thirdparty.io.grpc.stub.ServerCalls$StreamingServerCallHandler$StreamingServerCallListener.onCancel(ServerCalls.java:269)
	at org.apache.ratis.thirdparty.io.grpc.internal.ServerCallImpl$ServerStreamListenerImpl.closed(ServerCallImpl.java:293)
	at org.apache.ratis.thirdparty.io.grpc.internal.ServerImpl$JumpToApplicationThreadServerStreamListener$1Closed.runInContext(ServerImpl.java:741)
	at org.apache.ratis.thirdparty.io.grpc.internal.ContextRunnable.run(ContextRunnable.java:37)
	at org.apache.ratis.thirdparty.io.grpc.internal.SerializingExecutor.run(SerializingExecutor.java:123)
	at java.util.concurrent.ThreadPoolExecutor.runWorker(ThreadPoolExecutor.java:1149)
	at java.util.concurrent.ThreadPoolExecutor$Worker.run(ThreadPoolExecutor.java:624)
	at java.lang.Thread.run(Thread.java:748)

Oct 09, 2019 1:27:17 PM org.apache.ratis.thirdparty.io.grpc.internal.SerializingExecutor run
SEVERE: Exception while executing runnable org.apache.ratis.thirdparty.io.grpc.internal.ServerImpl$JumpToApplicationThreadServerStreamListener$1Closed@14dd6579
org.apache.ratis.thirdparty.io.grpc.StatusRuntimeException: CANCELLED: call already cancelled
	at org.apache.ratis.thirdparty.io.grpc.Status.asRuntimeException(Status.java:517)
	at org.apache.ratis.thirdparty.io.grpc.stub.ServerCalls$ServerCallStreamObserverImpl.onCompleted(ServerCalls.java:356)
	at org.apache.ratis.grpc.server.GrpcServerProtocolService$ServerRequestStreamObserver.onError(GrpcServerProtocolService.java:121)
	at org.apache.ratis.thirdparty.io.grpc.stub.ServerCalls$StreamingServerCallHandler$StreamingServerCallListener.onCancel(ServerCalls.java:269)
	at org.apache.ratis.thirdparty.io.grpc.internal.ServerCallImpl$ServerStreamListenerImpl.closed(ServerCallImpl.java:293)
	at org.apache.ratis.thirdparty.io.grpc.internal.ServerImpl$JumpToApplicationThreadServerStreamListener$1Closed.runInContext(ServerImpl.java:741)
	at org.apache.ratis.thirdparty.io.grpc.internal.ContextRunnable.run(ContextRunnable.java:37)
	at org.apache.ratis.thirdparty.io.grpc.internal.SerializingExecutor.run(SerializingExecutor.java:123)
	at java.util.concurrent.ThreadPoolExecutor.runWorker(ThreadPoolExecutor.java:1149)
	at java.util.concurrent.ThreadPoolExecutor$Worker.run(ThreadPoolExecutor.java:624)
	at java.lang.Thread.run(Thread.java:748)

Oct 09, 2019 1:27:17 PM org.apache.ratis.thirdparty.io.grpc.internal.SerializingExecutor run
SEVERE: Exception while executing runnable org.apache.ratis.thirdparty.io.grpc.internal.ServerImpl$JumpToApplicationThreadServerStreamListener$1Closed@489d84fe
org.apache.ratis.thirdparty.io.grpc.StatusRuntimeException: CANCELLED: call already cancelled
	at org.apache.ratis.thirdparty.io.grpc.Status.asRuntimeException(Status.java:517)
	at org.apache.ratis.thirdparty.io.grpc.stub.ServerCalls$ServerCallStreamObserverImpl.onCompleted(ServerCalls.java:356)
	at org.apache.ratis.grpc.server.GrpcServerProtocolService$ServerRequestStreamObserver.onError(GrpcServerProtocolService.java:121)
	at org.apache.ratis.thirdparty.io.grpc.stub.ServerCalls$StreamingServerCallHandler$StreamingServerCallListener.onCancel(ServerCalls.java:269)
	at org.apache.ratis.thirdparty.io.grpc.internal.ServerCallImpl$ServerStreamListenerImpl.closed(ServerCallImpl.java:293)
	at org.apache.ratis.thirdparty.io.grpc.internal.ServerImpl$JumpToApplicationThreadServerStreamListener$1Closed.runInContext(ServerImpl.java:741)
	at org.apache.ratis.thirdparty.io.grpc.internal.ContextRunnable.run(ContextRunnable.java:37)
	at org.apache.ratis.thirdparty.io.grpc.internal.SerializingExecutor.run(SerializingExecutor.java:123)
	at java.util.concurrent.ThreadPoolExecutor.runWorker(ThreadPoolExecutor.java:1149)
	at java.util.concurrent.ThreadPoolExecutor$Worker.run(ThreadPoolExecutor.java:624)
	at java.lang.Thread.run(Thread.java:748)

Oct 09, 2019 1:27:17 PM org.apache.ratis.thirdparty.io.grpc.internal.SerializingExecutor run
SEVERE: Exception while executing runnable org.apache.ratis.thirdparty.io.grpc.internal.ServerImpl$JumpToApplicationThreadServerStreamListener$1Closed@68cf4c1b
org.apache.ratis.thirdparty.io.grpc.StatusRuntimeException: CANCELLED: call already cancelled
	at org.apache.ratis.thirdparty.io.grpc.Status.asRuntimeException(Status.java:517)
	at org.apache.ratis.thirdparty.io.grpc.stub.ServerCalls$ServerCallStreamObserverImpl.onCompleted(ServerCalls.java:356)
	at org.apache.ratis.grpc.server.GrpcServerProtocolService$ServerRequestStreamObserver.onError(GrpcServerProtocolService.java:121)
	at org.apache.ratis.thirdparty.io.grpc.stub.ServerCalls$StreamingServerCallHandler$StreamingServerCallListener.onCancel(ServerCalls.java:269)
	at org.apache.ratis.thirdparty.io.grpc.internal.ServerCallImpl$ServerStreamListenerImpl.closed(ServerCallImpl.java:293)
	at org.apache.ratis.thirdparty.io.grpc.internal.ServerImpl$JumpToApplicationThreadServerStreamListener$1Closed.runInContext(ServerImpl.java:741)
	at org.apache.ratis.thirdparty.io.grpc.internal.ContextRunnable.run(ContextRunnable.java:37)
	at org.apache.ratis.thirdparty.io.grpc.internal.SerializingExecutor.run(SerializingExecutor.java:123)
	at java.util.concurrent.ThreadPoolExecutor.runWorker(ThreadPoolExecutor.java:1149)
	at java.util.concurrent.ThreadPoolExecutor$Worker.run(ThreadPoolExecutor.java:624)
	at java.lang.Thread.run(Thread.java:748)

Oct 09, 2019 1:27:17 PM org.apache.ratis.thirdparty.io.grpc.internal.SerializingExecutor run
SEVERE: Exception while executing runnable org.apache.ratis.thirdparty.io.grpc.internal.ServerImpl$JumpToApplicationThreadServerStreamListener$1Closed@26d2fa86
org.apache.ratis.thirdparty.io.grpc.StatusRuntimeException: CANCELLED: call already cancelled
	at org.apache.ratis.thirdparty.io.grpc.Status.asRuntimeException(Status.java:517)
	at org.apache.ratis.thirdparty.io.grpc.stub.ServerCalls$ServerCallStreamObserverImpl.onCompleted(ServerCalls.java:356)
	at org.apache.ratis.grpc.server.GrpcServerProtocolService$ServerRequestStreamObserver.onError(GrpcServerProtocolService.java:121)
	at org.apache.ratis.thirdparty.io.grpc.stub.ServerCalls$StreamingServerCallHandler$StreamingServerCallListener.onCancel(ServerCalls.java:269)
	at org.apache.ratis.thirdparty.io.grpc.internal.ServerCallImpl$ServerStreamListenerImpl.closed(ServerCallImpl.java:293)
	at org.apache.ratis.thirdparty.io.grpc.internal.ServerImpl$JumpToApplicationThreadServerStreamListener$1Closed.runInContext(ServerImpl.java:741)
	at org.apache.ratis.thirdparty.io.grpc.internal.ContextRunnable.run(ContextRunnable.java:37)
	at org.apache.ratis.thirdparty.io.grpc.internal.SerializingExecutor.run(SerializingExecutor.java:123)
	at java.util.concurrent.ThreadPoolExecutor.runWorker(ThreadPoolExecutor.java:1149)
	at java.util.concurrent.ThreadPoolExecutor$Worker.run(ThreadPoolExecutor.java:624)
	at java.lang.Thread.run(Thread.java:748)

Oct 09, 2019 1:27:17 PM org.apache.ratis.thirdparty.io.grpc.internal.SerializingExecutor run
SEVERE: Exception while executing runnable org.apache.ratis.thirdparty.io.grpc.internal.ServerImpl$JumpToApplicationThreadServerStreamListener$1Closed@5815726f
org.apache.ratis.thirdparty.io.grpc.StatusRuntimeException: CANCELLED: call already cancelled
	at org.apache.ratis.thirdparty.io.grpc.Status.asRuntimeException(Status.java:517)
	at org.apache.ratis.thirdparty.io.grpc.stub.ServerCalls$ServerCallStreamObserverImpl.onCompleted(ServerCalls.java:356)
	at org.apache.ratis.grpc.server.GrpcServerProtocolService$ServerRequestStreamObserver.onError(GrpcServerProtocolService.java:121)
	at org.apache.ratis.thirdparty.io.grpc.stub.ServerCalls$StreamingServerCallHandler$StreamingServerCallListener.onCancel(ServerCalls.java:269)
	at org.apache.ratis.thirdparty.io.grpc.internal.ServerCallImpl$ServerStreamListenerImpl.closed(ServerCallImpl.java:293)
	at org.apache.ratis.thirdparty.io.grpc.internal.ServerImpl$JumpToApplicationThreadServerStreamListener$1Closed.runInContext(ServerImpl.java:741)
	at org.apache.ratis.thirdparty.io.grpc.internal.ContextRunnable.run(ContextRunnable.java:37)
	at org.apache.ratis.thirdparty.io.grpc.internal.SerializingExecutor.run(SerializingExecutor.java:123)
	at java.util.concurrent.ThreadPoolExecutor.runWorker(ThreadPoolExecutor.java:1149)
	at java.util.concurrent.ThreadPoolExecutor$Worker.run(ThreadPoolExecutor.java:624)
	at java.lang.Thread.run(Thread.java:748)

Oct 09, 2019 1:27:22 PM org.apache.ratis.thirdparty.io.grpc.internal.SerializingExecutor run
SEVERE: Exception while executing runnable org.apache.ratis.thirdparty.io.grpc.internal.ServerImpl$JumpToApplicationThreadServerStreamListener$1Closed@54b2868b
org.apache.ratis.thirdparty.io.grpc.StatusRuntimeException: CANCELLED: call already cancelled
	at org.apache.ratis.thirdparty.io.grpc.Status.asRuntimeException(Status.java:517)
	at org.apache.ratis.thirdparty.io.grpc.stub.ServerCalls$ServerCallStreamObserverImpl.onCompleted(ServerCalls.java:356)
	at org.apache.ratis.grpc.server.GrpcServerProtocolService$ServerRequestStreamObserver.onError(GrpcServerProtocolService.java:121)
	at org.apache.ratis.thirdparty.io.grpc.stub.ServerCalls$StreamingServerCallHandler$StreamingServerCallListener.onCancel(ServerCalls.java:269)
	at org.apache.ratis.thirdparty.io.grpc.internal.ServerCallImpl$ServerStreamListenerImpl.closed(ServerCallImpl.java:293)
	at org.apache.ratis.thirdparty.io.grpc.internal.ServerImpl$JumpToApplicationThreadServerStreamListener$1Closed.runInContext(ServerImpl.java:741)
	at org.apache.ratis.thirdparty.io.grpc.internal.ContextRunnable.run(ContextRunnable.java:37)
	at org.apache.ratis.thirdparty.io.grpc.internal.SerializingExecutor.run(SerializingExecutor.java:123)
	at java.util.concurrent.ThreadPoolExecutor.runWorker(ThreadPoolExecutor.java:1149)
	at java.util.concurrent.ThreadPoolExecutor$Worker.run(ThreadPoolExecutor.java:624)
	at java.lang.Thread.run(Thread.java:748)

Oct 09, 2019 1:27:22 PM org.apache.ratis.thirdparty.io.grpc.internal.SerializingExecutor run
SEVERE: Exception while executing runnable org.apache.ratis.thirdparty.io.grpc.internal.ServerImpl$JumpToApplicationThreadServerStreamListener$1Closed@565323e3
org.apache.ratis.thirdparty.io.grpc.StatusRuntimeException: CANCELLED: call already cancelled
	at org.apache.ratis.thirdparty.io.grpc.Status.asRuntimeException(Status.java:517)
	at org.apache.ratis.thirdparty.io.grpc.stub.ServerCalls$ServerCallStreamObserverImpl.onCompleted(ServerCalls.java:356)
	at org.apache.ratis.grpc.server.GrpcServerProtocolService$ServerRequestStreamObserver.onError(GrpcServerProtocolService.java:121)
	at org.apache.ratis.thirdparty.io.grpc.stub.ServerCalls$StreamingServerCallHandler$StreamingServerCallListener.onCancel(ServerCalls.java:269)
	at org.apache.ratis.thirdparty.io.grpc.internal.ServerCallImpl$ServerStreamListenerImpl.closed(ServerCallImpl.java:293)
	at org.apache.ratis.thirdparty.io.grpc.internal.ServerImpl$JumpToApplicationThreadServerStreamListener$1Closed.runInContext(ServerImpl.java:741)
	at org.apache.ratis.thirdparty.io.grpc.internal.ContextRunnable.run(ContextRunnable.java:37)
	at org.apache.ratis.thirdparty.io.grpc.internal.SerializingExecutor.run(SerializingExecutor.java:123)
	at java.util.concurrent.ThreadPoolExecutor.runWorker(ThreadPoolExecutor.java:1149)
	at java.util.concurrent.ThreadPoolExecutor$Worker.run(ThreadPoolExecutor.java:624)
	at java.lang.Thread.run(Thread.java:748)

Oct 09, 2019 1:27:22 PM org.apache.ratis.thirdparty.io.grpc.internal.SerializingExecutor run
SEVERE: Exception while executing runnable org.apache.ratis.thirdparty.io.grpc.internal.ServerImpl$JumpToApplicationThreadServerStreamListener$1Closed@6845d832
org.apache.ratis.thirdparty.io.grpc.StatusRuntimeException: CANCELLED: call already cancelled
	at org.apache.ratis.thirdparty.io.grpc.Status.asRuntimeException(Status.java:517)
	at org.apache.ratis.thirdparty.io.grpc.stub.ServerCalls$ServerCallStreamObserverImpl.onCompleted(ServerCalls.java:356)
	at org.apache.ratis.grpc.server.GrpcServerProtocolService$ServerRequestStreamObserver.onError(GrpcServerProtocolService.java:121)
	at org.apache.ratis.thirdparty.io.grpc.stub.ServerCalls$StreamingServerCallHandler$StreamingServerCallListener.onCancel(ServerCalls.java:269)
	at org.apache.ratis.thirdparty.io.grpc.internal.ServerCallImpl$ServerStreamListenerImpl.closed(ServerCallImpl.java:293)
	at org.apache.ratis.thirdparty.io.grpc.internal.ServerImpl$JumpToApplicationThreadServerStreamListener$1Closed.runInContext(ServerImpl.java:741)
	at org.apache.ratis.thirdparty.io.grpc.internal.ContextRunnable.run(ContextRunnable.java:37)
	at org.apache.ratis.thirdparty.io.grpc.internal.SerializingExecutor.run(SerializingExecutor.java:123)
	at java.util.concurrent.ThreadPoolExecutor.runWorker(ThreadPoolExecutor.java:1149)
	at java.util.concurrent.ThreadPoolExecutor$Worker.run(ThreadPoolExecutor.java:624)
	at java.lang.Thread.run(Thread.java:748)

Oct 09, 2019 1:27:22 PM org.apache.ratis.thirdparty.io.grpc.internal.SerializingExecutor run
SEVERE: Exception while executing runnable org.apache.ratis.thirdparty.io.grpc.internal.ServerImpl$JumpToApplicationThreadServerStreamListener$1Closed@5b431320
org.apache.ratis.thirdparty.io.grpc.StatusRuntimeException: CANCELLED: call already cancelled
	at org.apache.ratis.thirdparty.io.grpc.Status.asRuntimeException(Status.java:517)
	at org.apache.ratis.thirdparty.io.grpc.stub.ServerCalls$ServerCallStreamObserverImpl.onCompleted(ServerCalls.java:356)
	at org.apache.ratis.grpc.server.GrpcServerProtocolService$ServerRequestStreamObserver.onError(GrpcServerProtocolService.java:121)
	at org.apache.ratis.thirdparty.io.grpc.stub.ServerCalls$StreamingServerCallHandler$StreamingServerCallListener.onCancel(ServerCalls.java:269)
	at org.apache.ratis.thirdparty.io.grpc.internal.ServerCallImpl$ServerStreamListenerImpl.closed(ServerCallImpl.java:293)
	at org.apache.ratis.thirdparty.io.grpc.internal.ServerImpl$JumpToApplicationThreadServerStreamListener$1Closed.runInContext(ServerImpl.java:741)
	at org.apache.ratis.thirdparty.io.grpc.internal.ContextRunnable.run(ContextRunnable.java:37)
	at org.apache.ratis.thirdparty.io.grpc.internal.SerializingExecutor.run(SerializingExecutor.java:123)
	at java.util.concurrent.ThreadPoolExecutor.runWorker(ThreadPoolExecutor.java:1149)
	at java.util.concurrent.ThreadPoolExecutor$Worker.run(ThreadPoolExecutor.java:624)
	at java.lang.Thread.run(Thread.java:748)

Oct 09, 2019 1:27:22 PM org.apache.ratis.thirdparty.io.grpc.internal.SerializingExecutor run
SEVERE: Exception while executing runnable org.apache.ratis.thirdparty.io.grpc.internal.ServerImpl$JumpToApplicationThreadServerStreamListener$1Closed@29f24620
org.apache.ratis.thirdparty.io.grpc.StatusRuntimeException: CANCELLED: call already cancelled
	at org.apache.ratis.thirdparty.io.grpc.Status.asRuntimeException(Status.java:517)
	at org.apache.ratis.thirdparty.io.grpc.stub.ServerCalls$ServerCallStreamObserverImpl.onCompleted(ServerCalls.java:356)
	at org.apache.ratis.grpc.server.GrpcServerProtocolService$ServerRequestStreamObserver.onError(GrpcServerProtocolService.java:121)
	at org.apache.ratis.thirdparty.io.grpc.stub.ServerCalls$StreamingServerCallHandler$StreamingServerCallListener.onCancel(ServerCalls.java:269)
	at org.apache.ratis.thirdparty.io.grpc.internal.ServerCallImpl$ServerStreamListenerImpl.closed(ServerCallImpl.java:293)
	at org.apache.ratis.thirdparty.io.grpc.internal.ServerImpl$JumpToApplicationThreadServerStreamListener$1Closed.runInContext(ServerImpl.java:741)
	at org.apache.ratis.thirdparty.io.grpc.internal.ContextRunnable.run(ContextRunnable.java:37)
	at org.apache.ratis.thirdparty.io.grpc.internal.SerializingExecutor.run(SerializingExecutor.java:123)
	at java.util.concurrent.ThreadPoolExecutor.runWorker(ThreadPoolExecutor.java:1149)
	at java.util.concurrent.ThreadPoolExecutor$Worker.run(ThreadPoolExecutor.java:624)
	at java.lang.Thread.run(Thread.java:748)

Oct 09, 2019 1:27:22 PM org.apache.ratis.thirdparty.io.grpc.internal.SerializingExecutor run
SEVERE: Exception while executing runnable org.apache.ratis.thirdparty.io.grpc.internal.ServerImpl$JumpToApplicationThreadServerStreamListener$1Closed@6d26666d
org.apache.ratis.thirdparty.io.grpc.StatusRuntimeException: CANCELLED: call already cancelled
	at org.apache.ratis.thirdparty.io.grpc.Status.asRuntimeException(Status.java:517)
	at org.apache.ratis.thirdparty.io.grpc.stub.ServerCalls$ServerCallStreamObserverImpl.onCompleted(ServerCalls.java:356)
	at org.apache.ratis.grpc.server.GrpcServerProtocolService$ServerRequestStreamObserver.onError(GrpcServerProtocolService.java:121)
	at org.apache.ratis.thirdparty.io.grpc.stub.ServerCalls$StreamingServerCallHandler$StreamingServerCallListener.onCancel(ServerCalls.java:269)
	at org.apache.ratis.thirdparty.io.grpc.internal.ServerCallImpl$ServerStreamListenerImpl.closed(ServerCallImpl.java:293)
	at org.apache.ratis.thirdparty.io.grpc.internal.ServerImpl$JumpToApplicationThreadServerStreamListener$1Closed.runInContext(ServerImpl.java:741)
	at org.apache.ratis.thirdparty.io.grpc.internal.ContextRunnable.run(ContextRunnable.java:37)
	at org.apache.ratis.thirdparty.io.grpc.internal.SerializingExecutor.run(SerializingExecutor.java:123)
	at java.util.concurrent.ThreadPoolExecutor.runWorker(ThreadPoolExecutor.java:1149)
	at java.util.concurrent.ThreadPoolExecutor$Worker.run(ThreadPoolExecutor.java:624)
	at java.lang.Thread.run(Thread.java:748)

]]></system-err>
  </testcase>
</testsuite>